LOAD 'auto_explain'; SET auto_explain.log_min_duration TO 0; SET auto_explain.log_analyze TO on; SET auto_explain.log_level TO notice; INSERT INTO time_statistics (template, s_time, stream, query, seed) VALUES ('query34.tpl', TRANSACTION_TIMESTAMP(), 6, 1, 1251037656);
LOAD
SET
SET
SET
psql:/tmp/s1-basline/throughput/query_6.sql:1: NOTICE:  duration: 0.065 ms  plan:
Query Text: INSERT INTO time_statistics (template, s_time, stream, query, seed) VALUES ('query34.tpl', TRANSACTION_TIMESTAMP(), 6, 1, 1251037656);
Insert on time_statistics  (cost=0.00..0.01 rows=0 width=0) (actual time=0.064..0.064 rows=0 loops=1)
  ->  Result  (cost=0.00..0.01 rows=1 width=64) (actual time=0.005..0.006 rows=1 loops=1)
INSERT 0 1
select c_last_name
       ,c_first_name
       ,c_salutation
       ,c_preferred_cust_flag
       ,ss_ticket_number
       ,cnt from
   (select ss_ticket_number
          ,ss_customer_sk
          ,count(*) cnt
    from store_sales,date_dim,store,household_demographics
    where store_sales.ss_sold_date_sk = date_dim.d_date_sk
    and store_sales.ss_store_sk = store.s_store_sk  
    and store_sales.ss_hdemo_sk = household_demographics.hd_demo_sk
    and (date_dim.d_dom between 1 and 3 or date_dim.d_dom between 25 and 28)
    and (household_demographics.hd_buy_potential = '1001-5000' or
         household_demographics.hd_buy_potential = '0-500')
    and household_demographics.hd_vehicle_count > 0
    and (case when household_demographics.hd_vehicle_count > 0 
	then household_demographics.hd_dep_count/ household_demographics.hd_vehicle_count 
	else null 
	end)  > 1.2
    and date_dim.d_year in (1998,1998+1,1998+2)
    and store.s_county in ('Williamson County','Williamson County','Williamson County','Williamson County',
                           'Williamson County','Williamson County','Williamson County','Williamson County')
    group by ss_ticket_number,ss_customer_sk) dn,customer
    where ss_customer_sk = c_customer_sk
      and cnt between 15 and 20
    order by c_last_name,c_first_name,c_salutation,c_preferred_cust_flag desc, ss_ticket_number;
psql:/tmp/s1-basline/throughput/query_6.sql:29: NOTICE:  duration: 433.478 ms  plan:
Query Text: select c_last_name
       ,c_first_name
       ,c_salutation
       ,c_preferred_cust_flag
       ,ss_ticket_number
       ,cnt from
   (select ss_ticket_number
          ,ss_customer_sk
          ,count(*) cnt
    from store_sales,date_dim,store,household_demographics
    where store_sales.ss_sold_date_sk = date_dim.d_date_sk
    and store_sales.ss_store_sk = store.s_store_sk  
    and store_sales.ss_hdemo_sk = household_demographics.hd_demo_sk
    and (date_dim.d_dom between 1 and 3 or date_dim.d_dom between 25 and 28)
    and (household_demographics.hd_buy_potential = '1001-5000' or
         household_demographics.hd_buy_potential = '0-500')
    and household_demographics.hd_vehicle_count > 0
    and (case when household_demographics.hd_vehicle_count > 0 
	then household_demographics.hd_dep_count/ household_demographics.hd_vehicle_count 
	else null 
	end)  > 1.2
    and date_dim.d_year in (1998,1998+1,1998+2)
    and store.s_county in ('Williamson County','Williamson County','Williamson County','Williamson County',
                           'Williamson County','Williamson County','Williamson County','Williamson County')
    group by ss_ticket_number,ss_customer_sk) dn,customer
    where ss_customer_sk = c_customer_sk
      and cnt between 15 and 20
    order by c_last_name,c_first_name,c_salutation,c_preferred_cust_flag desc, ss_ticket_number;
Sort  (cost=92697.92..92698.07 rows=61 width=81) (actual time=360.352..433.307 rows=367 loops=1)
  Sort Key: customer.c_last_name, customer.c_first_name, customer.c_salutation, customer.c_preferred_cust_flag DESC, store_sales.ss_ticket_number
  Sort Method: quicksort  Memory: 69kB
  ->  Nested Loop  (cost=92479.84..92696.11 rows=61 width=81) (actual time=354.340..432.792 rows=367 loops=1)
        ->  Finalize GroupAggregate  (cost=92479.55..92548.99 rows=61 width=24) (actual time=354.302..430.431 rows=367 loops=1)
              Group Key: store_sales.ss_ticket_number, store_sales.ss_customer_sk
              Filter: ((count(*) >= 15) AND (count(*) <= 20))
              Rows Removed by Filter: 3463
              ->  Gather Merge  (cost=92479.55..92537.24 rows=460 width=24) (actual time=354.273..429.598 rows=3848 loops=1)
                    Workers Planned: 2
                    Workers Launched: 2
                    ->  Partial GroupAggregate  (cost=91479.52..91484.12 rows=230 width=24) (actual time=348.925..350.793 rows=1283 loops=3)
                          Group Key: store_sales.ss_ticket_number, store_sales.ss_customer_sk
                          ->  Sort  (cost=91479.52..91480.10 rows=230 width=16) (actual time=348.917..349.433 rows=13351 loops=3)
                                Sort Key: store_sales.ss_ticket_number, store_sales.ss_customer_sk
                                Sort Method: quicksort  Memory: 1120kB
                                Worker 0:  Sort Method: quicksort  Memory: 1099kB
                                Worker 1:  Sort Method: quicksort  Memory: 1123kB
                                ->  Hash Join  (cost=265.81..91470.50 rows=230 width=16) (actual time=2.211..345.900 rows=13351 loops=3)
                                      Hash Cond: (store_sales.ss_store_sk = store.s_store_sk)
                                      ->  Nested Loop  (cost=264.42..91468.26 rows=242 width=24) (actual time=2.139..343.704 rows=13528 loops=3)
                                            ->  Hash Join  (cost=264.11..88927.00 rows=77987 width=32) (actual time=1.879..312.503 rows=100785 loops=3)
                                                  Hash Cond: (store_sales.ss_hdemo_sk = household_demographics.hd_demo_sk)
                                                  ->  Parallel Seq Scan on store_sales  (cost=0.00..85499.45 rows=1204445 width=40) (actual time=0.022..172.767 rows=948150 loops=3)
                                                  ->  Hash  (cost=258.00..258.00 rows=489 width=8) (actual time=1.779..1.780 rows=800 loops=3)
                                                        Buckets: 1024  Batches: 1  Memory Usage: 40kB
                                                        ->  Seq Scan on household_demographics  (cost=0.00..258.00 rows=489 width=8) (actual time=0.299..1.673 rows=800 loops=3)
                                                              Filter: ((hd_vehicle_count > 0) AND ((hd_buy_potential = '1001-5000'::bpchar) OR (hd_buy_potential = '0-500'::bpchar)) AND ((CASE WHEN (hd_vehicle_count > 0) THEN (hd_dep_count / hd_vehicle_count) ELSE NULL::integer END)::numeric > 1.2))
                                                              Rows Removed by Filter: 6400
                                            ->  Memoize  (cost=0.30..0.33 rows=1 width=8) (actual time=0.000..0.000 rows=0 loops=302355)
                                                  Cache Key: store_sales.ss_sold_date_sk
                                                  Cache Mode: logical
                                                  Hits: 101671  Misses: 1751  Evictions: 0  Overflows: 0  Memory Usage: 133kB
                                                  Worker 0:  Hits: 98176  Misses: 1752  Evictions: 0  Overflows: 0  Memory Usage: 133kB
                                                  Worker 1:  Hits: 97270  Misses: 1735  Evictions: 0  Overflows: 0  Memory Usage: 132kB
                                                  ->  Index Scan using pk_date_dim on date_dim  (cost=0.29..0.32 rows=1 width=8) (actual time=0.002..0.002 rows=0 loops=5238)
                                                        Index Cond: (d_date_sk = store_sales.ss_sold_date_sk)
                                                        Filter: ((d_year = ANY ('{1998,1999,2000}'::integer[])) AND (((d_dom >= 1) AND (d_dom <= 3)) OR ((d_dom >= 25) AND (d_dom <= 28))))
                                                        Rows Removed by Filter: 1
                                      ->  Hash  (cost=1.24..1.24 rows=12 width=8) (actual time=0.046..0.046 rows=12 loops=3)
                                            Buckets: 1024  Batches: 1  Memory Usage: 9kB
                                            ->  Seq Scan on store  (cost=0.00..1.24 rows=12 width=8) (actual time=0.035..0.041 rows=12 loops=3)
                                                  Filter: ((s_county)::text = ANY ('{"Williamson County","Williamson County","Williamson County","Williamson County","Williamson County","Williamson County","Williamson County","Williamson County"}'::text[]))
        ->  Index Scan using pk_customer on customer  (cost=0.29..2.40 rows=1 width=73) (actual time=0.006..0.006 rows=1 loops=367)
              Index Cond: (c_customer_sk = store_sales.ss_customer_sk)
          c_last_name           |     c_first_name     | c_salutation | c_preferred_cust_flag | ss_ticket_number | cnt 
--------------------------------+----------------------+--------------+-----------------------+------------------+-----
 Acosta                         | Everett              | Sir          | Y                     |            63738 |  15
 Adams                          | Doyle                | Dr.          | Y                     |           149883 |  15
 Adkins                         | Robert               | Sir          | Y                     |            71245 |  15
 Alexander                      | Linda                | Dr.          | N                     |            66664 |  15
 Allison                        | Jacquelyn            | Ms.          | Y                     |            86866 |  15
 Arnold                         | Oma                  | Ms.          | N                     |            94404 |  16
 Arthur                         | Lance                | Sir          | N                     |            81738 |  15
 Ayala                          | Joseph               | Mr.          | Y                     |           148009 |  15
 Barbee                         | Dale                 | Mr.          | N                     |            94345 |  16
 Barfield                       | Marina               | Ms.          | N                     |           192157 |  16
 Bassett                        | Michael              | Mr.          | Y                     |           104078 |  15
 Beal                           | Frank                | Sir          | N                     |           239347 |  15
 Begay                          | Margaret             | Mrs.         | N                     |           166036 |  15
 Bennett                        | Horace               | Sir          | Y                     |           220260 |  15
 Bertrand                       | Rebecca              | Miss         | Y                     |           170498 |  15
 Bilodeau                       | Shawana              | Mrs.         | N                     |           223840 |  15
 Bivens                         | Jesse                | Mr.          | Y                     |            16992 |  16
 Blevins                        | Hanh                 | Ms.          | N                     |            98017 |  16
 Bolen                          | Gary                 | Sir          | Y                     |            18580 |  16
 Borrego                        | Pamela               | Ms.          | N                     |             2437 |  15
 Box                            | James                | Sir          | N                     |            30083 |  15
 Braxton                        | Bruce                | Dr.          | Y                     |            32856 |  16
 Bridges                        | Daniel               | Mr.          | Y                     |           217026 |  15
 Brown                          | Dora                 | Mrs.         | Y                     |             2798 |  15
 Brown                          | Joel                 | Mr.          | Y                     |           159779 |  16
 Browning                       | Cynthia              | Miss         | Y                     |            69358 |  15
 Bryant                         | Ernest               | Mr.          | Y                     |           183501 |  15
 Bryant                         | Shelly               | Mrs.         | N                     |            69948 |  16
 Buchanan                       | Karen                | Ms.          | Y                     |           208587 |  15
 Bush                           | Michael              | Sir          | N                     |           185193 |  16
 Bustamante                     | Joseph               | Dr.          | Y                     |           144880 |  15
 Carter                         | Mark                 | Sir          | N                     |           229733 |  15
 Castellano                     | Karen                | Ms.          | Y                     |            32970 |  15
 Chapman                        | Illa                 | Ms.          | Y                     |           174244 |  15
 Clark                          | Helen                | Ms.          | Y                     |           149614 |  15
 Cline                          | Emily                | Miss         | N                     |            78571 |  15
 Collins                        | Clint                | Sir          | N                     |           188383 |  15
 Collins                        | Grant                | Sir          | Y                     |           110712 |  15
 Combs                          | Betty                | Ms.          | Y                     |           136976 |  15
 Conrad                         | Laura                | Mrs.         | Y                     |           109745 |  15
 Cooper                         | Jason                | Dr.          | N                     |           213610 |  15
 Cooper                         | Mariam               | Dr.          | Y                     |           152320 |  16
 Crook                          | Charles              | Dr.          | Y                     |           162994 |  15
 Cruz                           | Jeff                 | Dr.          | Y                     |           195171 |  15
 Davidson                       | Patrick              | Mr.          | N                     |           121040 |  16
 Davis                          | Elmer                | Mr.          | N                     |            15441 |  15
 Davis                          | Loretta              | Ms.          | Y                     |           166993 |  15
 Davis                          | Melina               | Miss         | N                     |           104414 |  15
 Dawson                         | Joanna               | Dr.          | Y                     |            41907 |  15
 Dennis                         | Stacey               | Sir          | N                     |             7215 |  15
 Denny                          | Charles              | Dr.          | Y                     |            71453 |  16
 Denny                          | Vince                | Dr.          | N                     |            98138 |  15
 Devore                         | Brittany             | Mrs.         | Y                     |           232231 |  15
 Dickson                        | Rebecca              | Dr.          | N                     |            75992 |  15
 Diehl                          | Peter                | Sir          | Y                     |           181574 |  16
 Dixon                          | Debra                | Miss         | Y                     |           221007 |  15
 Dixon                          | Rick                 | Mr.          | N                     |           200418 |  15
 Dixon                          | Susan                | Ms.          | N                     |            23268 |  16
 Dobson                         | Eleanor              | Dr.          | N                     |           207835 |  15
 Doss                           | David                | Mr.          | Y                     |           227855 |  15
 Duran                          | Cheryl               | Ms.          | Y                     |            78213 |  15
 Earnest                        |                      |              |                       |           140352 |  15
 Emerson                        | William              | Sir          | Y                     |            67374 |  15
 Ennis                          | Eli                  | Mr.          | N                     |            61975 |  16
 Farley                         | Jesse                | Sir          | Y                     |             2819 |  15
 Felton                         | Donald               | Dr.          | Y                     |           112765 |  16
 Ferris                         | Kurt                 | Dr.          | N                     |            31710 |  15
 Fields                         | Nancy                | Dr.          | Y                     |           171529 |  15
 Fischer                        | Donna                | Dr.          | Y                     |           136659 |  15
 Fisher                         | James                | Sir          | N                     |            32343 |  15
 Flores                         | Alisha               | Miss         | Y                     |           187494 |  15
 Floyd                          | Raymond              |              |                       |            41721 |  15
 Fox                            | Louann               | Ms.          | Y                     |            46781 |  15
 Fox                            | Rachel               | Dr.          | Y                     |            68708 |  15
 Freeman                        | Jack                 | Dr.          | N                     |           174591 |  15
 French                         | Tasha                | Dr.          | N                     |           149349 |  16
 Frye                           | Loretta              | Ms.          | N                     |           214995 |  15
 Fuqua                          | Lisa                 | Ms.          | N                     |           145424 |  15
 Gabriel                        | Tristan              | Dr.          | N                     |            70012 |  15
 Garcia                         | Claire               | Dr.          | Y                     |           220949 |  15
 Garcia                         | Susan                | Dr.          | Y                     |            17696 |  16
 Garza                          | Ashley               | Miss         | Y                     |           143308 |  16
 Garza                          |                      | Mr.          |                       |           150405 |  15
 Gaston                         | Brad                 | Mr.          | N                     |           129979 |  15
 Gibbs                          | Alice                | Miss         | N                     |            60790 |  15
 Gibson                         | Millie               | Miss         | N                     |           104403 |  16
 Gillespie                      | Jerry                | Mr.          | Y                     |            34460 |  16
 Gonzalez                       | Thomasena            | Dr.          | Y                     |           120164 |  15
 Goodwin                        | Iona                 | Dr.          | Y                     |            65406 |  15
 Gordon                         | Nancy                | Dr.          | N                     |            70863 |  15
 Grady                          | Robert               | Mr.          | N                     |           212756 |  15
 Graham                         | James                | Dr.          | N                     |            73542 |  15
 Green                          | Barbara              | Ms.          | Y                     |            33262 |  15
 Green                          | Preston              | Sir          | Y                     |            72857 |  15
 Greene                         | Pamela               | Ms.          | Y                     |           122538 |  15
 Grenier                        | Geneva               | Dr.          | Y                     |           104062 |  15
 Griffin                        | Edith                | Dr.          | Y                     |           200374 |  15
 Griffith                       | Harold               | Dr.          | N                     |           188128 |  15
 Grooms                         | Pedro                | Mr.          | N                     |           125225 |  15
 Hall                           | Catherine            | Mrs.         | N                     |           194340 |  15
 Hall                           | Marvin               | Dr.          | Y                     |           212003 |  15
 Hamilton                       | Paul                 | Dr.          | Y                     |            72453 |  15
 Hammond                        | Michael              | Mr.          | Y                     |           177898 |  15
 Hannah                         | Jerome               | Sir          | Y                     |            50006 |  15
 Hanson                         | Elvira               | Miss         | N                     |            56802 |  15
 Hanson                         | Emily                | Dr.          | Y                     |           153939 |  15
 Hargrave                       | Sarah                | Dr.          | N                     |           125473 |  15
 Harris                         | Gary                 | Sir          | N                     |           198714 |  15
 Harris                         | Lester               | Sir          | Y                     |           224609 |  15
 Harris                         | Richard              | Dr.          | N                     |           193362 |  15
 Hayes                          | Andrew               | Dr.          | Y                     |           210198 |  15
 Hayes                          | Annie                | Dr.          | Y                     |            46332 |  15
 Hayes                          | Teresa               | Dr.          | Y                     |            33124 |  15
 Hays                           | Justin               | Sir          | Y                     |            72667 |  15
 Healy                          | Jamie                | Mr.          | N                     |             9874 |  15
 Hearn                          | Randy                | Sir          | N                     |            59383 |  15
 Hendrickson                    | Raymond              | Mr.          | Y                     |           222591 |  16
 Hensley                        | John                 | Mr.          | N                     |           171873 |  15
 Her                            | Clara                | Mrs.         | Y                     |            89413 |  15
 Hernandez                      | Monte                | Mr.          | Y                     |            47350 |  15
 Herrmann                       | Veronica             | Ms.          | N                     |           208244 |  16
 Hester                         | David                | Dr.          | Y                     |           154527 |  16
 Hicks                          | Michelle             | Dr.          | Y                     |           103881 |  16
 Hightower                      |                      |              |                       |            27848 |  15
 Hindman                        | Bradley              | Mr.          | N                     |           210417 |  15
 Hite                           | Tony                 | Sir          | Y                     |           161641 |  15
 Hoag                           | David                | Mr.          | N                     |           186812 |  15
 Hodgson                        | William              | Mr.          | N                     |           170755 |  15
 Hogan                          | David                | Mr.          | N                     |           109405 |  15
 Holder                         | John                 | Dr.          | Y                     |           204405 |  15
 Holloway                       | Ryan                 | Dr.          | N                     |            78288 |  15
 House                          | Margaret             | Miss         | N                     |           119451 |  15
 Howard                         | Fred                 | Mr.          | Y                     |            55486 |  16
 Howard                         | Juan                 | Sir          | Y                     |           213608 |  15
 Hughes                         | Jacquelin            | Ms.          | N                     |           133412 |  15
 Hyatt                          | Joseph               | Dr.          | N                     |           112582 |  16
 Ingram                         | Lan                  | Miss         |                       |            63174 |  15
 Ingram                         | Todd                 | Dr.          | Y                     |           183768 |  15
 Isom                           | Margaret             | Miss         | Y                     |           104925 |  16
 Jackson                        | David                | Mr.          | Y                     |           180562 |  16
 Jennings                       | Raymond              | Sir          | N                     |            27543 |  15
 Johnson                        | Barbara              | Ms.          | Y                     |           185142 |  15
 Johnson                        | Cindy                | Dr.          | N                     |            82544 |  15
 Johnson                        | Ellis                | Dr.          | N                     |            79415 |  15
 Johnson                        | Gregory              | Dr.          | Y                     |           220424 |  16
 Johnson                        | Jonathan             | Sir          | N                     |           169890 |  16
 Johnson                        | Julie                | Miss         | Y                     |           236786 |  15
 Johnson                        | Kevin                | Sir          | N                     |           175278 |  15
 Johnson                        | Mark                 | Sir          | Y                     |           153196 |  15
 Johnson                        | Robert               | Sir          | N                     |           235578 |  16
 Jones                          | Mark                 | Mr.          | Y                     |           194956 |  15
 Julian                         | Elliot               | Dr.          | Y                     |            73540 |  15
 Kaplan                         | David                | Dr.          |                       |           225355 |  16
 Kelley                         | James                | Sir          | N                     |           212442 |  15
 Kendrick                       | John                 | Sir          | Y                     |           197916 |  15
 Kennedy                        | Nicolas              | Dr.          | Y                     |           190456 |  16
 King                           | Raymond              | Mr.          | N                     |           237108 |  15
 Kirk                           | Karen                | Dr.          | N                     |           168407 |  15
 Kirkland                       | Della                | Dr.          | N                     |           120471 |  15
 Knox                           | Michele              | Ms.          | Y                     |            56192 |  15
 Kowalski                       | Lester               | Mr.          | Y                     |            16032 |  15
 Laroche                        | Rosa                 | Dr.          | N                     |            83902 |  15
 Lawson                         | Kevin                | Sir          | Y                     |            51914 |  15
 Leclair                        | Joel                 | Mr.          | Y                     |           127703 |  15
 Leeper                         | Byron                | Dr.          | N                     |           119379 |  15
 Lemieux                        | Grace                | Miss         | N                     |           221356 |  15
 Leonard                        | Robert               | Mr.          | Y                     |           204726 |  15
 Lester                         | Donald               | Sir          | Y                     |           212484 |  15
 Levy                           | Eric                 | Mr.          | Y                     |           141238 |  16
 Lewis                          | David                | Dr.          | N                     |           120379 |  15
 Lindberg                       | Ronald               | Dr.          | N                     |           215360 |  15
 Lindsay                        | Blanche              | Ms.          | N                     |           148919 |  15
 Littlejohn                     | Robert               | Sir          | N                     |            21830 |  15
 Lovett                         | Lucy                 | Ms.          | Y                     |            58198 |  16
 Lowery                         | David                | Sir          | Y                     |            71162 |  15
 Lozano                         | Robert               | Sir          | Y                     |           149831 |  16
 Luke                           | George               | Mr.          | Y                     |           221253 |  16
 Maldonado                      | Raymond              | Sir          | N                     |           120938 |  15
 Maloney                        | Cheryl               | Mrs.         | N                     |           231655 |  15
 Martin                         | Chad                 | Mr.          | Y                     |             4248 |  15
 Martin                         | Doug                 | Mr.          | Y                     |           109455 |  15
 Martin                         | Marietta             | Miss         | N                     |            94776 |  16
 Maxwell                        | Pamela               | Dr.          | N                     |           151577 |  16
 Mcghee                         | Tyler                | Mr.          | Y                     |           123594 |  15
 Mcgowan                        | David                | Mr.          | Y                     |            74125 |  16
 Mclaughlin                     | Erica                | Mrs.         | Y                     |            78975 |  16
 Mead                           | Spencer              | Mr.          | Y                     |            85018 |  15
 Mears                          | Patty                | Dr.          | N                     |            61128 |  16
 Medrano                        | Patrica              | Miss         | Y                     |           138049 |  15
 Meehan                         | Ralph                | Sir          | N                     |           214951 |  15
 Milam                          | Harvey               | Dr.          | N                     |           235236 |  15
 Miller                         | Bradley              | Mr.          | Y                     |            15060 |  15
 Miller                         | Richard              | Sir          | N                     |            85502 |  15
 Miller                         | Sally                | Mrs.         | N                     |           200502 |  15
 Mills                          | Teresa               |              |                       |           101004 |  15
 Mims                           | Louis                | Sir          | N                     |           119217 |  15
 Mitchell                       | Adam                 | Ms.          | Y                     |            67146 |  15
 Mitchell                       | Melvin               | Mr.          | Y                     |            22476 |  15
 Mitchell                       | Ruth                 | Ms.          | Y                     |           146359 |  15
 Monaghan                       | William              | Dr.          | Y                     |            23049 |  15
 Monson                         | Travis               | Mr.          | N                     |            75508 |  16
 Moody                          | Jane                 | Dr.          | Y                     |           192488 |  16
 Moon                           | Glen                 | Mr.          | Y                     |            87149 |  16
 Moore                          | Dulce                | Dr.          | N                     |            28458 |  15
 Moore                          |                      |              | Y                     |           239484 |  16
 Morgan                         | Myra                 | Ms.          | Y                     |           219223 |  16
 Morris                         | Kenneth              | Sir          | Y                     |           101978 |  15
 Morrison                       | Gloria               | Ms.          | N                     |            59277 |  16
 Muller                         | Wayne                | Sir          | N                     |            10536 |  16
 Mullins                        | Doris                | Dr.          | N                     |            70877 |  15
 Murphy                         | William              | Mr.          | Y                     |           209066 |  15
 Murray                         | Lisa                 | Ms.          | N                     |           126049 |  16
 Murry                          | Christopher          | Mr.          | N                     |            54602 |  15
 Myrick                         | Harry                | Mr.          | N                     |            58534 |  16
 Nall                           | Bonita               | Ms.          | Y                     |           148138 |  16
 Nance                          | Tiffany              | Ms.          | Y                     |           235796 |  16
 Napier                         | Blanca               | Miss         | Y                     |            59371 |  15
 Nash                           | Horace               |              | N                     |            26807 |  15
 Neely                          | Derek                | Mr.          | N                     |            65333 |  15
 Nelson                         | Ana                  | Ms.          | Y                     |            58108 |  15
 Nelson                         | Jimmy                | Sir          | N                     |           106959 |  15
 Nelson                         | Rhonda               | Ms.          | Y                     |            46675 |  15
 New                            | Agnes                | Miss         | N                     |             5343 |  15
 Newton                         | James                | Sir          | N                     |           148064 |  16
 Norman                         | Minh                 | Sir          | Y                     |             5872 |  16
 Ogden                          | Betty                | Ms.          | N                     |            97261 |  15
 Olson                          | Elizabeth            | Ms.          | N                     |           119763 |  16
 Oneal                          | Ryan                 | Dr.          | N                     |            22844 |  15
 Osborn                         | Paula                |              | Y                     |            92258 |  15
 Outlaw                         | Dorothy              | Ms.          | N                     |           143564 |  15
 Painter                        | Christine            | Dr.          | N                     |            37816 |  15
 Park                           | Crystal              | Mrs.         | N                     |            45505 |  15
 Parrish                        | Robert               | Mr.          | Y                     |           212968 |  16
 Paul                           | Christopher          | Dr.          | N                     |           128963 |  15
 Pendleton                      | Rubi                 | Miss         | Y                     |            80038 |  15
 Pennington                     | Daniel               | Dr.          | N                     |           220453 |  16
 Penny                          | Charles              | Sir          | Y                     |           142799 |  15
 Petrie                         | Charles              | Mr.          | N                     |             3985 |  16
 Phillips                       | Kenneth              | Dr.          | Y                     |            76810 |  16
 Pierce                         | Robert               | Dr.          | N                     |           194478 |  16
 Pineda                         | Dorothy              | Dr.          | N                     |           142812 |  15
 Platt                          | Elizabeth            | Dr.          | N                     |           193385 |  15
 Potter                         | Mark                 | Mr.          | Y                     |            67806 |  16
 Potts                          | Wilford              | Sir          | Y                     |            34659 |  15
 Pritchett                      | Laure                | Dr.          | Y                     |            45065 |  15
 Quintanilla                    | Ruby                 | Mrs.         | N                     |           205536 |  15
 Reed                           | Georgia              | Dr.          | N                     |           216140 |  15
 Reed                           | Richard              | Mr.          | N                     |           206734 |  15
 Reis                           | Angela               | Ms.          | Y                     |           125612 |  15
 Reyes                          | Theodore             | Mr.          | Y                     |           111884 |  16
 Reynolds                       | Charles              | Mr.          | Y                     |           219574 |  15
 Rhodes                         | Leroy                | Dr.          | Y                     |           239686 |  15
 Rice                           | David                | Dr.          | Y                     |           208686 |  15
 Richardson                     | Jamie                | Mr.          | Y                     |           148654 |  15
 Ricks                          | Melissa              | Mrs.         | N                     |           159103 |  15
 Rivera                         | Gregory              | Mr.          | Y                     |           208188 |  15
 Roach                          | Robert               | Mr.          | N                     |           170503 |  15
 Roberts                        | Harold               | Sir          | N                     |           188756 |  15
 Robinson                       | Johnnie              | Dr.          | N                     |           132733 |  15
 Rock                           | John                 | Sir          | N                     |             7998 |  15
 Rodriguez                      | Allie                | Ms.          | Y                     |           142725 |  16
 Rodriguez                      | June                 | Miss         | Y                     |           165520 |  15
 Rose                           | William              | Mr.          | N                     |            32657 |  16
 Russell                        | Matthew              | Sir          | N                     |           142165 |  16
 Russo                          | Karen                | Ms.          | N                     |            79016 |  15
 Sanders                        | Carmelo              | Mr.          | Y                     |           179166 |  15
 Savage                         | Donna                | Ms.          | Y                     |           124380 |  16
 Schmidt                        | Dan                  | Sir          | Y                     |           229702 |  16
 Schroeder                      | Lorita               | Miss         | N                     |            51459 |  15
 Scott                          | Callie               | Miss         | N                     |           189879 |  15
 Scott                          | Carrie               | Dr.          | N                     |           238336 |  16
 Serrano                        | Nicholas             | Dr.          | N                     |           123372 |  15
 Shafer                         | Lewis                | Dr.          | N                     |           161330 |  15
 Shaw                           | Philip               | Dr.          |                       |           138321 |  15
 Shaw                           | Robert               | Mr.          | Y                     |           227035 |  16
 Silva                          | Cynthia              | Ms.          | Y                     |            85003 |  16
 Simmons                        | William              | Dr.          | Y                     |           102274 |  15
 Smith                          | Alvaro               | Mr.          | Y                     |           165143 |  15
 Smith                          | Frank                | Dr.          | Y                     |            49735 |  16
 Smith                          | Frank                | Dr.          | N                     |            64691 |  16
 Smith                          | Jennie               | Miss         | Y                     |           231742 |  16
 Smith                          | Jennifer             | Dr.          | Y                     |            35839 |  15
 Smith                          | Krista               | Dr.          | N                     |           216511 |  16
 Smith                          | Lela                 | Dr.          | N                     |           184805 |  16
 Smith                          | Michael              | Dr.          | N                     |            94965 |  15
 Smith                          | Michael              |              |                       |           170678 |  15
 Smith                          | Roy                  | Dr.          | N                     |           107716 |  15
 Smith                          | Samantha             | Dr.          | N                     |           208756 |  15
 Smith                          | Stanley              | Sir          | Y                     |            43323 |  15
 Smith                          | Stephen              | Mr.          | Y                     |            89273 |  15
 Soto                           | Judy                 | Dr.          | N                     |           159484 |  16
 Southerland                    | Michael              | Mr.          | Y                     |           191544 |  15
 Speed                          | Keenan               | Sir          | N                     |           162248 |  15
 Spence                         | Janet                | Ms.          | Y                     |           122509 |  15
 Stacy                          | Kira                 | Miss         | Y                     |           157833 |  15
 Stanley                        | Jack                 | Dr.          | Y                     |            84534 |  15
 Steen                          | Evelyn               | Miss         | Y                     |           198826 |  15
 Stein                          | Harold               | Sir          | Y                     |            11504 |  15
 Stevens                        | Anthony              | Ms.          | Y                     |           117226 |  15
 Stevens                        | Karen                | Dr.          | N                     |           206747 |  15
 Stewart                        | Joseph               | Mr.          | N                     |           106791 |  16
 Suarez                         | Nicole               | Ms.          | N                     |           161938 |  15
 Swain                          | Carl                 | Mr.          | Y                     |           152458 |  15
 Tanner                         | Eddie                | Mr.          | Y                     |            78894 |  15
 Taylor                         | Barbara              | Dr.          | N                     |            57712 |  16
 Taylor                         | Lakeisha             | Dr.          | Y                     |            10746 |  15
 Taylor                         | Richard              | Sir          | Y                     |           129972 |  15
 Thomas                         | Clifton              | Dr.          |                       |            44406 |  15
 Thomas                         | Constance            | Miss         | Y                     |            45726 |  15
 Thomas                         | Dorothy              | Dr.          | Y                     |           146387 |  15
 Thomas                         | Leroy                | Mr.          | Y                     |           152704 |  15
 Thomas                         | Sarah                | Dr.          | Y                     |            36865 |  15
 Thompson                       | Robert               | Mr.          | Y                     |           225337 |  15
 Thompson                       | Tina                 | Dr.          | N                     |           140364 |  15
 Thrash                         | Guadalupe            | Mr.          | Y                     |           182818 |  16
 Tirado                         | Robyn                | Miss         | N                     |           178565 |  15
 Toledo                         | Louisa               | Mrs.         | N                     |            35352 |  15
 Tripp                          | Floyd                | Sir          | Y                     |           221249 |  15
 Turner                         | Esther               | Ms.          | Y                     |            79590 |  16
 Turner                         | Joseph               | Sir          | N                     |           167987 |  16
 Unger                          | Brian                | Sir          | N                     |           115013 |  15
 Unger                          | Richard              | Sir          | Y                     |           228347 |  15
 Valencia                       | Juanita              | Ms.          | N                     |            77273 |  16
 Valle                          | Harry                | Sir          | N                     |           195442 |  15
 Vandyke                        | Rita                 | Miss         | Y                     |            75228 |  16
 Vasquez                        | Anne                 | Mrs.         | Y                     |           136180 |  15
 Vasquez                        | Shelly               | Ms.          | N                     |           102251 |  15
 Vega                           | Kevin                | Mr.          | Y                     |              771 |  16
 Velez                          | Virginia             | Mrs.         | N                     |           114161 |  15
 Vick                           | Rosie                | Mrs.         | N                     |            14981 |  15
 Villegas                       | Tyler                | Sir          | N                     |           125550 |  15
 Waite                          | Madeline             | Miss         | Y                     |           140242 |  15
 Wall                           | James                | Dr.          | Y                     |           164653 |  15
 Walsh                          | Aubrey               | Mr.          | Y                     |            10053 |  15
 Walters                        | Howard               | Sir          | N                     |           178763 |  15
 Watson                         |                      |              | N                     |           228956 |  15
 Weiner                         | Jessica              | Miss         | N                     |           149539 |  16
 White                          | Albert               | Dr.          | Y                     |           173687 |  15
 White                          | David                | Sir          | Y                     |           153164 |  15
 White                          | Marsha               | Mrs.         | N                     |           132121 |  15
 Whitney                        | Amanda               | Dr.          | Y                     |            95645 |  15
 Wiese                          | Eugene               | Sir          | Y                     |           196307 |  16
 Wilburn                        | Kenneth              | Mr.          | N                     |           121740 |  15
 Will                           | Pete                 | Dr.          | Y                     |           203428 |  15
 Williams                       | Helen                | Mrs.         | N                     |           187902 |  15
 Williams                       | Marvin               | Sir          | Y                     |            39125 |  16
 Williams                       | Nancy                | Ms.          | Y                     |           120062 |  16
 Wiseman                        | Rachel               | Mrs.         | N                     |            34511 |  15
 Wood                           | Larry                | Sir          | Y                     |            21950 |  16
 Woodworth                      | Alice                | Dr.          | N                     |           139206 |  15
 Young                          | Ethel                | Mrs.         | Y                     |            79627 |  16
 Young                          | Evelyn               | Mrs.         | N                     |            11904 |  15
 Zepeda                         | Steve                | Mr.          | N                     |            67774 |  16
                                | Carl                 | Dr.          |                       |           160712 |  16
                                | Cori                 | Mrs.         |                       |           228512 |  16
                                | Denise               |              |                       |           156941 |  15
                                | Jonathan             |              | N                     |           126332 |  16
                                | Sylvia               |              |                       |           191858 |  15
                                |                      | Dr.          | N                     |           237680 |  15
                                |                      | Mr.          | N                     |            39875 |  15
                                |                      | Mrs.         | N                     |           152581 |  16
                                |                      | Ms.          | N                     |            13334 |  16
                                |                      | Ms.          | N                     |            82868 |  15
                                |                      |              |                       |            65183 |  15
                                |                      |              | Y                     |            52181 |  15
                                |                      |              | Y                     |            90755 |  15
                                |                      |              | N                     |            25926 |  16
(367 rows)

UPDATE time_statistics SET e_time = TRANSACTION_TIMESTAMP() WHERE template = 'query34.tpl' AND stream = 6;
psql:/tmp/s1-basline/throughput/query_6.sql:31: NOTICE:  duration: 0.088 ms  plan:
Query Text: UPDATE time_statistics SET e_time = TRANSACTION_TIMESTAMP() WHERE template = 'query34.tpl' AND stream = 6;
Update on time_statistics  (cost=0.00..12.86 rows=0 width=0) (actual time=0.087..0.088 rows=0 loops=1)
  ->  Seq Scan on time_statistics  (cost=0.00..12.86 rows=1 width=14) (actual time=0.070..0.071 rows=1 loops=1)
        Filter: ((template = 'query34.tpl'::text) AND (stream = 6))
        Rows Removed by Filter: 403
UPDATE 1
LOAD 'auto_explain'; SET auto_explain.log_min_duration TO 0; SET auto_explain.log_analyze TO on; SET auto_explain.log_level TO notice; INSERT INTO time_statistics (template, s_time, stream, query, seed) VALUES ('query88.tpl', TRANSACTION_TIMESTAMP(), 6, 2, 851241722);
LOAD
SET
SET
SET
psql:/tmp/s1-basline/throughput/query_6.sql:32: NOTICE:  duration: 0.008 ms  plan:
Query Text: INSERT INTO time_statistics (template, s_time, stream, query, seed) VALUES ('query88.tpl', TRANSACTION_TIMESTAMP(), 6, 2, 851241722);
Insert on time_statistics  (cost=0.00..0.01 rows=0 width=0) (actual time=0.008..0.008 rows=0 loops=1)
  ->  Result  (cost=0.00..0.01 rows=1 width=64) (actual time=0.001..0.002 rows=1 loops=1)
INSERT 0 1
select  *
from
 (select count(*) h8_30_to_9
 from store_sales, household_demographics , time_dim, store
 where ss_sold_time_sk = time_dim.t_time_sk   
     and ss_hdemo_sk = household_demographics.hd_demo_sk 
     and ss_store_sk = s_store_sk
     and time_dim.t_hour = 8
     and time_dim.t_minute >= 30
     and ((household_demographics.hd_dep_count = 0 and household_demographics.hd_vehicle_count<=0+2) or
          (household_demographics.hd_dep_count = 2 and household_demographics.hd_vehicle_count<=2+2) or
          (household_demographics.hd_dep_count = -1 and household_demographics.hd_vehicle_count<=-1+2)) 
     and store.s_store_name = 'ese') s1,
 (select count(*) h9_to_9_30 
 from store_sales, household_demographics , time_dim, store
 where ss_sold_time_sk = time_dim.t_time_sk
     and ss_hdemo_sk = household_demographics.hd_demo_sk
     and ss_store_sk = s_store_sk 
     and time_dim.t_hour = 9 
     and time_dim.t_minute < 30
     and ((household_demographics.hd_dep_count = 0 and household_demographics.hd_vehicle_count<=0+2) or
          (household_demographics.hd_dep_count = 2 and household_demographics.hd_vehicle_count<=2+2) or
          (household_demographics.hd_dep_count = -1 and household_demographics.hd_vehicle_count<=-1+2))
     and store.s_store_name = 'ese') s2,
 (select count(*) h9_30_to_10 
 from store_sales, household_demographics , time_dim, store
 where ss_sold_time_sk = time_dim.t_time_sk
     and ss_hdemo_sk = household_demographics.hd_demo_sk
     and ss_store_sk = s_store_sk
     and time_dim.t_hour = 9
     and time_dim.t_minute >= 30
     and ((household_demographics.hd_dep_count = 0 and household_demographics.hd_vehicle_count<=0+2) or
          (household_demographics.hd_dep_count = 2 and household_demographics.hd_vehicle_count<=2+2) or
          (household_demographics.hd_dep_count = -1 and household_demographics.hd_vehicle_count<=-1+2))
     and store.s_store_name = 'ese') s3,
 (select count(*) h10_to_10_30
 from store_sales, household_demographics , time_dim, store
 where ss_sold_time_sk = time_dim.t_time_sk
     and ss_hdemo_sk = household_demographics.hd_demo_sk
     and ss_store_sk = s_store_sk
     and time_dim.t_hour = 10 
     and time_dim.t_minute < 30
     and ((household_demographics.hd_dep_count = 0 and household_demographics.hd_vehicle_count<=0+2) or
          (household_demographics.hd_dep_count = 2 and household_demographics.hd_vehicle_count<=2+2) or
          (household_demographics.hd_dep_count = -1 and household_demographics.hd_vehicle_count<=-1+2))
     and store.s_store_name = 'ese') s4,
 (select count(*) h10_30_to_11
 from store_sales, household_demographics , time_dim, store
 where ss_sold_time_sk = time_dim.t_time_sk
     and ss_hdemo_sk = household_demographics.hd_demo_sk
     and ss_store_sk = s_store_sk
     and time_dim.t_hour = 10 
     and time_dim.t_minute >= 30
     and ((household_demographics.hd_dep_count = 0 and household_demographics.hd_vehicle_count<=0+2) or
          (household_demographics.hd_dep_count = 2 and household_demographics.hd_vehicle_count<=2+2) or
          (household_demographics.hd_dep_count = -1 and household_demographics.hd_vehicle_count<=-1+2))
     and store.s_store_name = 'ese') s5,
 (select count(*) h11_to_11_30
 from store_sales, household_demographics , time_dim, store
 where ss_sold_time_sk = time_dim.t_time_sk
     and ss_hdemo_sk = household_demographics.hd_demo_sk
     and ss_store_sk = s_store_sk 
     and time_dim.t_hour = 11
     and time_dim.t_minute < 30
     and ((household_demographics.hd_dep_count = 0 and household_demographics.hd_vehicle_count<=0+2) or
          (household_demographics.hd_dep_count = 2 and household_demographics.hd_vehicle_count<=2+2) or
          (household_demographics.hd_dep_count = -1 and household_demographics.hd_vehicle_count<=-1+2))
     and store.s_store_name = 'ese') s6,
 (select count(*) h11_30_to_12
 from store_sales, household_demographics , time_dim, store
 where ss_sold_time_sk = time_dim.t_time_sk
     and ss_hdemo_sk = household_demographics.hd_demo_sk
     and ss_store_sk = s_store_sk
     and time_dim.t_hour = 11
     and time_dim.t_minute >= 30
     and ((household_demographics.hd_dep_count = 0 and household_demographics.hd_vehicle_count<=0+2) or
          (household_demographics.hd_dep_count = 2 and household_demographics.hd_vehicle_count<=2+2) or
          (household_demographics.hd_dep_count = -1 and household_demographics.hd_vehicle_count<=-1+2))
     and store.s_store_name = 'ese') s7,
 (select count(*) h12_to_12_30
 from store_sales, household_demographics , time_dim, store
 where ss_sold_time_sk = time_dim.t_time_sk
     and ss_hdemo_sk = household_demographics.hd_demo_sk
     and ss_store_sk = s_store_sk
     and time_dim.t_hour = 12
     and time_dim.t_minute < 30
     and ((household_demographics.hd_dep_count = 0 and household_demographics.hd_vehicle_count<=0+2) or
          (household_demographics.hd_dep_count = 2 and household_demographics.hd_vehicle_count<=2+2) or
          (household_demographics.hd_dep_count = -1 and household_demographics.hd_vehicle_count<=-1+2))
     and store.s_store_name = 'ese') s8
;
psql:/tmp/s1-basline/throughput/query_6.sql:123: NOTICE:  duration: 2156.219 ms  plan:
Query Text: select  *
from
 (select count(*) h8_30_to_9
 from store_sales, household_demographics , time_dim, store
 where ss_sold_time_sk = time_dim.t_time_sk   
     and ss_hdemo_sk = household_demographics.hd_demo_sk 
     and ss_store_sk = s_store_sk
     and time_dim.t_hour = 8
     and time_dim.t_minute >= 30
     and ((household_demographics.hd_dep_count = 0 and household_demographics.hd_vehicle_count<=0+2) or
          (household_demographics.hd_dep_count = 2 and household_demographics.hd_vehicle_count<=2+2) or
          (household_demographics.hd_dep_count = -1 and household_demographics.hd_vehicle_count<=-1+2)) 
     and store.s_store_name = 'ese') s1,
 (select count(*) h9_to_9_30 
 from store_sales, household_demographics , time_dim, store
 where ss_sold_time_sk = time_dim.t_time_sk
     and ss_hdemo_sk = household_demographics.hd_demo_sk
     and ss_store_sk = s_store_sk 
     and time_dim.t_hour = 9 
     and time_dim.t_minute < 30
     and ((household_demographics.hd_dep_count = 0 and household_demographics.hd_vehicle_count<=0+2) or
          (household_demographics.hd_dep_count = 2 and household_demographics.hd_vehicle_count<=2+2) or
          (household_demographics.hd_dep_count = -1 and household_demographics.hd_vehicle_count<=-1+2))
     and store.s_store_name = 'ese') s2,
 (select count(*) h9_30_to_10 
 from store_sales, household_demographics , time_dim, store
 where ss_sold_time_sk = time_dim.t_time_sk
     and ss_hdemo_sk = household_demographics.hd_demo_sk
     and ss_store_sk = s_store_sk
     and time_dim.t_hour = 9
     and time_dim.t_minute >= 30
     and ((household_demographics.hd_dep_count = 0 and household_demographics.hd_vehicle_count<=0+2) or
          (household_demographics.hd_dep_count = 2 and household_demographics.hd_vehicle_count<=2+2) or
          (household_demographics.hd_dep_count = -1 and household_demographics.hd_vehicle_count<=-1+2))
     and store.s_store_name = 'ese') s3,
 (select count(*) h10_to_10_30
 from store_sales, household_demographics , time_dim, store
 where ss_sold_time_sk = time_dim.t_time_sk
     and ss_hdemo_sk = household_demographics.hd_demo_sk
     and ss_store_sk = s_store_sk
     and time_dim.t_hour = 10 
     and time_dim.t_minute < 30
     and ((household_demographics.hd_dep_count = 0 and household_demographics.hd_vehicle_count<=0+2) or
          (household_demographics.hd_dep_count = 2 and household_demographics.hd_vehicle_count<=2+2) or
          (household_demographics.hd_dep_count = -1 and household_demographics.hd_vehicle_count<=-1+2))
     and store.s_store_name = 'ese') s4,
 (select count(*) h10_30_to_11
 from store_sales, household_demographics , time_dim, store
 where ss_sold_time_sk = time_dim.t_time_sk
     and ss_hdemo_sk = household_demographics.hd_demo_sk
     and ss_store_sk = s_store_sk
     and time_dim.t_hour = 10 
     and time_dim.t_minute >= 30
     and ((household_demographics.hd_dep_count = 0 and household_demographics.hd_vehicle_count<=0+2) or
          (household_demographics.hd_dep_count = 2 and household_demographics.hd_vehicle_count<=2+2) or
          (household_demographics.hd_dep_count = -1 and household_demographics.hd_vehicle_count<=-1+2))
     and store.s_store_name = 'ese') s5,
 (select count(*) h11_to_11_30
 from store_sales, household_demographics , time_dim, store
 where ss_sold_time_sk = time_dim.t_time_sk
     and ss_hdemo_sk = household_demographics.hd_demo_sk
     and ss_store_sk = s_store_sk 
     and time_dim.t_hour = 11
     and time_dim.t_minute < 30
     and ((household_demographics.hd_dep_count = 0 and household_demographics.hd_vehicle_count<=0+2) or
          (household_demographics.hd_dep_count = 2 and household_demographics.hd_vehicle_count<=2+2) or
          (household_demographics.hd_dep_count = -1 and household_demographics.hd_vehicle_count<=-1+2))
     and store.s_store_name = 'ese') s6,
 (select count(*) h11_30_to_12
 from store_sales, household_demographics , time_dim, store
 where ss_sold_time_sk = time_dim.t_time_sk
     and ss_hdemo_sk = household_demographics.hd_demo_sk
     and ss_store_sk = s_store_sk
     and time_dim.t_hour = 11
     and time_dim.t_minute >= 30
     and ((household_demographics.hd_dep_count = 0 and household_demographics.hd_vehicle_count<=0+2) or
          (household_demographics.hd_dep_count = 2 and household_demographics.hd_vehicle_count<=2+2) or
          (household_demographics.hd_dep_count = -1 and household_demographics.hd_vehicle_count<=-1+2))
     and store.s_store_name = 'ese') s7,
 (select count(*) h12_to_12_30
 from store_sales, household_demographics , time_dim, store
 where ss_sold_time_sk = time_dim.t_time_sk
     and ss_hdemo_sk = household_demographics.hd_demo_sk
     and ss_store_sk = s_store_sk
     and time_dim.t_hour = 12
     and time_dim.t_minute < 30
     and ((household_demographics.hd_dep_count = 0 and household_demographics.hd_vehicle_count<=0+2) or
          (household_demographics.hd_dep_count = 2 and household_demographics.hd_vehicle_count<=2+2) or
          (household_demographics.hd_dep_count = -1 and household_demographics.hd_vehicle_count<=-1+2))
     and store.s_store_name = 'ese') s8
;
Nested Loop  (cost=742078.68..742078.91 rows=1 width=64) (actual time=2083.444..2156.204 rows=1 loops=1)
  ->  Nested Loop  (cost=649316.19..649316.39 rows=1 width=56) (actual time=1826.474..1827.089 rows=1 loops=1)
        ->  Nested Loop  (cost=556554.81..556554.98 rows=1 width=48) (actual time=1571.785..1572.321 rows=1 loops=1)
              ->  Nested Loop  (cost=463792.45..463792.59 rows=1 width=40) (actual time=1317.057..1317.513 rows=1 loops=1)
                    ->  Nested Loop  (cost=371033.70..371033.81 rows=1 width=32) (actual time=1058.118..1058.496 rows=1 loops=1)
                          ->  Nested Loop  (cost=278274.03..278274.11 rows=1 width=24) (actual time=796.419..796.724 rows=1 loops=1)
                                ->  Nested Loop  (cost=185516.44..185516.49 rows=1 width=16) (actual time=529.118..529.349 rows=1 loops=1)
                                      ->  Finalize Aggregate  (cost=92757.87..92757.88 rows=1 width=8) (actual time=267.832..267.976 rows=1 loops=1)
                                            ->  Gather  (cost=92757.65..92757.86 rows=2 width=8) (actual time=267.718..267.970 rows=3 loops=1)
                                                  Workers Planned: 2
                                                  Workers Launched: 2
                                                  ->  Partial Aggregate  (cost=91757.65..91757.66 rows=1 width=8) (actual time=263.027..263.032 rows=1 loops=3)
                                                        ->  Hash Join  (cost=3020.81..91756.93 rows=287 width=0) (actual time=15.302..262.995 rows=504 loops=3)
                                                              Hash Cond: (store_sales.ss_store_sk = store.s_store_sk)
                                                              ->  Hash Join  (cost=3019.65..91743.10 rows=3612 width=8) (actual time=15.101..262.554 rows=3036 loops=3)
                                                                    Hash Cond: (store_sales.ss_hdemo_sk = household_demographics.hd_demo_sk)
                                                                    ->  Hash Join  (cost=2765.25..91426.51 rows=23678 width=16) (actual time=13.205..259.626 rows=17681 loops=3)
                                                                          Hash Cond: (store_sales.ss_sold_time_sk = time_dim.t_time_sk)
                                                                          ->  Parallel Seq Scan on store_sales  (cost=0.00..85499.45 rows=1204445 width=24) (actual time=0.014..136.306 rows=948150 loops=3)
                                                                          ->  Hash  (cost=2743.00..2743.00 rows=1780 width=8) (actual time=13.015..13.016 rows=1800 loops=3)
                                                                                Buckets: 2048  Batches: 1  Memory Usage: 87kB
                                                                                ->  Seq Scan on time_dim  (cost=0.00..2743.00 rows=1780 width=8) (actual time=4.775..12.783 rows=1800 loops=3)
                                                                                      Filter: ((t_minute >= 30) AND (t_hour = 8))
                                                                                      Rows Removed by Filter: 84600
                                                                    ->  Hash  (cost=240.00..240.00 rows=1152 width=8) (actual time=1.352..1.353 rows=1200 loops=3)
                                                                          Buckets: 2048  Batches: 1  Memory Usage: 63kB
                                                                          ->  Seq Scan on household_demographics  (cost=0.00..240.00 rows=1152 width=8) (actual time=0.022..1.196 rows=1200 loops=3)
                                                                                Filter: (((hd_dep_count = 0) AND (hd_vehicle_count <= 2)) OR ((hd_dep_count = 2) AND (hd_vehicle_count <= 4)) OR ((hd_dep_count = '-1'::integer) AND (hd_vehicle_count <= 1)))
                                                                                Rows Removed by Filter: 6000
                                                              ->  Hash  (cost=1.15..1.15 rows=1 width=8) (actual time=0.033..0.034 rows=1 loops=3)
                                                                    Buckets: 1024  Batches: 1  Memory Usage: 9kB
                                                                    ->  Seq Scan on store  (cost=0.00..1.15 rows=1 width=8) (actual time=0.028..0.029 rows=1 loops=3)
                                                                          Filter: ((s_store_name)::text = 'ese'::text)
                                                                          Rows Removed by Filter: 11
                                      ->  Finalize Aggregate  (cost=92758.58..92758.59 rows=1 width=8) (actual time=261.281..261.368 rows=1 loops=1)
                                            ->  Gather  (cost=92758.36..92758.57 rows=2 width=8) (actual time=261.177..261.363 rows=3 loops=1)
                                                  Workers Planned: 2
                                                  Workers Launched: 2
                                                  ->  Partial Aggregate  (cost=91758.36..91758.37 rows=1 width=8) (actual time=256.531..256.536 rows=1 loops=3)
                                                        ->  Hash Join  (cost=3020.97..91757.64 rows=289 width=0) (actual time=17.051..256.479 rows=986 loops=3)
                                                              Hash Cond: (store_sales_1.ss_store_sk = store_1.s_store_sk)
                                                              ->  Hash Join  (cost=3019.81..91743.71 rows=3638 width=8) (actual time=14.696..255.844 rows=5745 loops=3)
                                                                    Hash Cond: (store_sales_1.ss_hdemo_sk = household_demographics_1.hd_demo_sk)
                                                                    ->  Hash Join  (cost=2765.41..91426.67 rows=23850 width=16) (actual time=12.716..251.495 rows=36133 loops=3)
                                                                          Hash Cond: (store_sales_1.ss_sold_time_sk = time_dim_1.t_time_sk)
                                                                          ->  Parallel Seq Scan on store_sales store_sales_1  (cost=0.00..85499.45 rows=1204445 width=24) (actual time=0.014..129.317 rows=948150 loops=3)
                                                                          ->  Hash  (cost=2743.00..2743.00 rows=1793 width=8) (actual time=12.600..12.601 rows=1800 loops=3)
                                                                                Buckets: 2048  Batches: 1  Memory Usage: 87kB
                                                                                ->  Seq Scan on time_dim time_dim_1  (cost=0.00..2743.00 rows=1793 width=8) (actual time=4.893..12.368 rows=1800 loops=3)
                                                                                      Filter: ((t_minute < 30) AND (t_hour = 9))
                                                                                      Rows Removed by Filter: 84600
                                                                    ->  Hash  (cost=240.00..240.00 rows=1152 width=8) (actual time=1.338..1.339 rows=1200 loops=3)
                                                                          Buckets: 2048  Batches: 1  Memory Usage: 63kB
                                                                          ->  Seq Scan on household_demographics household_demographics_1  (cost=0.00..240.00 rows=1152 width=8) (actual time=0.022..1.182 rows=1200 loops=3)
                                                                                Filter: (((hd_dep_count = 0) AND (hd_vehicle_count <= 2)) OR ((hd_dep_count = 2) AND (hd_vehicle_count <= 4)) OR ((hd_dep_count = '-1'::integer) AND (hd_vehicle_count <= 1)))
                                                                                Rows Removed by Filter: 6000
                                                              ->  Hash  (cost=1.15..1.15 rows=1 width=8) (actual time=0.031..0.032 rows=1 loops=3)
                                                                    Buckets: 1024  Batches: 1  Memory Usage: 9kB
                                                                    ->  Seq Scan on store store_1  (cost=0.00..1.15 rows=1 width=8) (actual time=0.025..0.027 rows=1 loops=3)
                                                                          Filter: ((s_store_name)::text = 'ese'::text)
                                                                          Rows Removed by Filter: 11
                                ->  Finalize Aggregate  (cost=92757.59..92757.60 rows=1 width=8) (actual time=267.297..267.371 rows=1 loops=1)
                                      ->  Gather  (cost=92757.37..92757.58 rows=2 width=8) (actual time=267.186..267.366 rows=3 loops=1)
                                            Workers Planned: 2
                                            Workers Launched: 2
                                            ->  Partial Aggregate  (cost=91757.37..91757.38 rows=1 width=8) (actual time=262.491..262.495 rows=1 loops=3)
                                                  ->  Hash Join  (cost=3020.75..91756.66 rows=286 width=0) (actual time=15.880..262.430 rows=1019 loops=3)
                                                        Hash Cond: (store_sales_2.ss_store_sk = store_2.s_store_sk)
                                                        ->  Hash Join  (cost=3019.59..91742.86 rows=3602 width=8) (actual time=15.041..261.749 rows=5861 loops=3)
                                                              Hash Cond: (store_sales_2.ss_hdemo_sk = household_demographics_2.hd_demo_sk)
                                                              ->  Hash Join  (cost=2765.19..91426.45 rows=23611 width=16) (actual time=13.121..257.247 rows=36569 loops=3)
                                                                    Hash Cond: (store_sales_2.ss_sold_time_sk = time_dim_2.t_time_sk)
                                                                    ->  Parallel Seq Scan on store_sales store_sales_2  (cost=0.00..85499.45 rows=1204445 width=24) (actual time=0.013..129.940 rows=948150 loops=3)
                                                                    ->  Hash  (cost=2743.00..2743.00 rows=1775 width=8) (actual time=13.060..13.061 rows=1800 loops=3)
                                                                          Buckets: 2048  Batches: 1  Memory Usage: 87kB
                                                                          ->  Seq Scan on time_dim time_dim_2  (cost=0.00..2743.00 rows=1775 width=8) (actual time=5.271..12.822 rows=1800 loops=3)
                                                                                Filter: ((t_minute >= 30) AND (t_hour = 9))
                                                                                Rows Removed by Filter: 84600
                                                              ->  Hash  (cost=240.00..240.00 rows=1152 width=8) (actual time=1.331..1.331 rows=1200 loops=3)
                                                                    Buckets: 2048  Batches: 1  Memory Usage: 63kB
                                                                    ->  Seq Scan on household_demographics household_demographics_2  (cost=0.00..240.00 rows=1152 width=8) (actual time=0.022..1.178 rows=1200 loops=3)
                                                                          Filter: (((hd_dep_count = 0) AND (hd_vehicle_count <= 2)) OR ((hd_dep_count = 2) AND (hd_vehicle_count <= 4)) OR ((hd_dep_count = '-1'::integer) AND (hd_vehicle_count <= 1)))
                                                                          Rows Removed by Filter: 6000
                                                        ->  Hash  (cost=1.15..1.15 rows=1 width=8) (actual time=0.031..0.032 rows=1 loops=3)
                                                              Buckets: 1024  Batches: 1  Memory Usage: 9kB
                                                              ->  Seq Scan on store store_2  (cost=0.00..1.15 rows=1 width=8) (actual time=0.026..0.027 rows=1 loops=3)
                                                                    Filter: ((s_store_name)::text = 'ese'::text)
                                                                    Rows Removed by Filter: 11
                          ->  Finalize Aggregate  (cost=92759.67..92759.68 rows=1 width=8) (actual time=261.696..261.767 rows=1 loops=1)
                                ->  Gather  (cost=92759.46..92759.67 rows=2 width=8) (actual time=261.578..261.762 rows=3 loops=1)
                                      Workers Planned: 2
                                      Workers Launched: 2
                                      ->  Partial Aggregate  (cost=91759.46..91759.47 rows=1 width=8) (actual time=256.817..256.822 rows=1 loops=3)
                                            ->  Hash Join  (cost=3021.22..91758.73 rows=292 width=0) (actual time=15.293..256.739 rows=1498 loops=3)
                                                  Hash Cond: (store_sales_3.ss_store_sk = store_3.s_store_sk)
                                                  ->  Hash Join  (cost=3020.06..91744.66 rows=3679 width=8) (actual time=13.882..255.864 rows=8814 loops=3)
                                                        Hash Cond: (store_sales_3.ss_hdemo_sk = household_demographics_3.hd_demo_sk)
                                                        ->  Hash Join  (cost=2765.66..91426.92 rows=24116 width=16) (actual time=12.487..250.135 rows=53710 loops=3)
                                                              Hash Cond: (store_sales_3.ss_sold_time_sk = time_dim_3.t_time_sk)
                                                              ->  Parallel Seq Scan on store_sales store_sales_3  (cost=0.00..85499.45 rows=1204445 width=24) (actual time=0.014..126.121 rows=948150 loops=3)
                                                              ->  Hash  (cost=2743.00..2743.00 rows=1813 width=8) (actual time=12.432..12.433 rows=1800 loops=3)
                                                                    Buckets: 2048  Batches: 1  Memory Usage: 87kB
                                                                    ->  Seq Scan on time_dim time_dim_3  (cost=0.00..2743.00 rows=1813 width=8) (actual time=5.390..12.196 rows=1800 loops=3)
                                                                          Filter: ((t_minute < 30) AND (t_hour = 10))
                                                                          Rows Removed by Filter: 84600
                                                        ->  Hash  (cost=240.00..240.00 rows=1152 width=8) (actual time=1.342..1.342 rows=1200 loops=3)
                                                              Buckets: 2048  Batches: 1  Memory Usage: 63kB
                                                              ->  Seq Scan on household_demographics household_demographics_3  (cost=0.00..240.00 rows=1152 width=8) (actual time=0.022..1.187 rows=1200 loops=3)
                                                                    Filter: (((hd_dep_count = 0) AND (hd_vehicle_count <= 2)) OR ((hd_dep_count = 2) AND (hd_vehicle_count <= 4)) OR ((hd_dep_count = '-1'::integer) AND (hd_vehicle_count <= 1)))
                                                                    Rows Removed by Filter: 6000
                                                  ->  Hash  (cost=1.15..1.15 rows=1 width=8) (actual time=0.031..0.032 rows=1 loops=3)
                                                        Buckets: 1024  Batches: 1  Memory Usage: 9kB
                                                        ->  Seq Scan on store store_3  (cost=0.00..1.15 rows=1 width=8) (actual time=0.025..0.026 rows=1 loops=3)
                                                              Filter: ((s_store_name)::text = 'ese'::text)
                                                              Rows Removed by Filter: 11
                    ->  Finalize Aggregate  (cost=92758.75..92758.76 rows=1 width=8) (actual time=258.935..259.013 rows=1 loops=1)
                          ->  Gather  (cost=92758.53..92758.74 rows=2 width=8) (actual time=258.831..259.008 rows=3 loops=1)
                                Workers Planned: 2
                                Workers Launched: 2
                                ->  Partial Aggregate  (cost=91758.53..91758.54 rows=1 width=8) (actual time=254.169..254.174 rows=1 loops=3)
                                      ->  Hash Join  (cost=3021.01..91757.81 rows=290 width=0) (actual time=16.803..254.100 rows=1376 loops=3)
                                            Hash Cond: (store_sales_4.ss_store_sk = store_4.s_store_sk)
                                            ->  Hash Join  (cost=3019.85..91743.85 rows=3644 width=8) (actual time=13.820..253.273 rows=8304 loops=3)
                                                  Hash Cond: (store_sales_4.ss_hdemo_sk = household_demographics_4.hd_demo_sk)
                                                  ->  Hash Join  (cost=2765.45..91426.71 rows=23890 width=16) (actual time=12.366..247.564 rows=53439 loops=3)
                                                        Hash Cond: (store_sales_4.ss_sold_time_sk = time_dim_4.t_time_sk)
                                                        ->  Parallel Seq Scan on store_sales store_sales_4  (cost=0.00..85499.45 rows=1204445 width=24) (actual time=0.014..125.173 rows=948150 loops=3)
                                                        ->  Hash  (cost=2743.00..2743.00 rows=1796 width=8) (actual time=12.286..12.288 rows=1800 loops=3)
                                                              Buckets: 2048  Batches: 1  Memory Usage: 87kB
                                                              ->  Seq Scan on time_dim time_dim_4  (cost=0.00..2743.00 rows=1796 width=8) (actual time=5.556..12.053 rows=1800 loops=3)
                                                                    Filter: ((t_minute >= 30) AND (t_hour = 10))
                                                                    Rows Removed by Filter: 84600
                                                  ->  Hash  (cost=240.00..240.00 rows=1152 width=8) (actual time=1.328..1.329 rows=1200 loops=3)
                                                        Buckets: 2048  Batches: 1  Memory Usage: 63kB
                                                        ->  Seq Scan on household_demographics household_demographics_4  (cost=0.00..240.00 rows=1152 width=8) (actual time=0.021..1.170 rows=1200 loops=3)
                                                              Filter: (((hd_dep_count = 0) AND (hd_vehicle_count <= 2)) OR ((hd_dep_count = 2) AND (hd_vehicle_count <= 4)) OR ((hd_dep_count = '-1'::integer) AND (hd_vehicle_count <= 1)))
                                                              Rows Removed by Filter: 6000
                                            ->  Hash  (cost=1.15..1.15 rows=1 width=8) (actual time=0.029..0.030 rows=1 loops=3)
                                                  Buckets: 1024  Batches: 1  Memory Usage: 9kB
                                                  ->  Seq Scan on store store_4  (cost=0.00..1.15 rows=1 width=8) (actual time=0.024..0.025 rows=1 loops=3)
                                                        Filter: ((s_store_name)::text = 'ese'::text)
                                                        Rows Removed by Filter: 11
              ->  Finalize Aggregate  (cost=92762.37..92762.38 rows=1 width=8) (actual time=254.724..254.804 rows=1 loops=1)
                    ->  Gather  (cost=92762.15..92762.36 rows=2 width=8) (actual time=254.635..254.799 rows=3 loops=1)
                          Workers Planned: 2
                          Workers Launched: 2
                          ->  Partial Aggregate  (cost=91762.15..91762.16 rows=1 width=8) (actual time=250.258..250.262 rows=1 loops=3)
                                ->  Hash Join  (cost=3021.84..91761.40 rows=300 width=0) (actual time=16.465..250.212 rows=812 loops=3)
                                      Hash Cond: (store_sales_5.ss_store_sk = store_5.s_store_sk)
                                      ->  Hash Join  (cost=3020.68..91746.98 rows=3778 width=8) (actual time=13.822..249.643 rows=5120 loops=3)
                                            Hash Cond: (store_sales_5.ss_hdemo_sk = household_demographics_5.hd_demo_sk)
                                            ->  Hash Join  (cost=2766.28..91427.53 rows=24768 width=16) (actual time=12.107..245.695 rows=31048 loops=3)
                                                  Hash Cond: (store_sales_5.ss_sold_time_sk = time_dim_5.t_time_sk)
                                                  ->  Parallel Seq Scan on store_sales store_sales_5  (cost=0.00..85499.45 rows=1204445 width=24) (actual time=0.013..125.839 rows=948150 loops=3)
                                                  ->  Hash  (cost=2743.00..2743.00 rows=1862 width=8) (actual time=11.948..11.948 rows=1800 loops=3)
                                                        Buckets: 2048  Batches: 1  Memory Usage: 87kB
                                                        ->  Seq Scan on time_dim time_dim_5  (cost=0.00..2743.00 rows=1862 width=8) (actual time=5.577..11.713 rows=1800 loops=3)
                                                              Filter: ((t_minute < 30) AND (t_hour = 11))
                                                              Rows Removed by Filter: 84600
                                            ->  Hash  (cost=240.00..240.00 rows=1152 width=8) (actual time=1.267..1.268 rows=1200 loops=3)
                                                  Buckets: 2048  Batches: 1  Memory Usage: 63kB
                                                  ->  Seq Scan on household_demographics household_demographics_5  (cost=0.00..240.00 rows=1152 width=8) (actual time=0.018..1.107 rows=1200 loops=3)
                                                        Filter: (((hd_dep_count = 0) AND (hd_vehicle_count <= 2)) OR ((hd_dep_count = 2) AND (hd_vehicle_count <= 4)) OR ((hd_dep_count = '-1'::integer) AND (hd_vehicle_count <= 1)))
                                                        Rows Removed by Filter: 6000
                                      ->  Hash  (cost=1.15..1.15 rows=1 width=8) (actual time=0.027..0.028 rows=1 loops=3)
                                            Buckets: 1024  Batches: 1  Memory Usage: 9kB
                                            ->  Seq Scan on store store_5  (cost=0.00..1.15 rows=1 width=8) (actual time=0.022..0.023 rows=1 loops=3)
                                                  Filter: ((s_store_name)::text = 'ese'::text)
                                                  Rows Removed by Filter: 11
        ->  Finalize Aggregate  (cost=92761.38..92761.39 rows=1 width=8) (actual time=254.686..254.764 rows=1 loops=1)
              ->  Gather  (cost=92761.16..92761.37 rows=2 width=8) (actual time=254.580..254.758 rows=3 loops=1)
                    Workers Planned: 2
                    Workers Launched: 2
                    ->  Partial Aggregate  (cost=91761.16..91761.17 rows=1 width=8) (actual time=250.131..250.135 rows=1 loops=3)
                          ->  Hash Join  (cost=3021.61..91760.42 rows=298 width=0) (actual time=19.400..250.084 rows=861 loops=3)
                                Hash Cond: (store_sales_6.ss_store_sk = store_6.s_store_sk)
                                ->  Hash Join  (cost=3020.45..91746.13 rows=3742 width=8) (actual time=15.394..249.495 rows=5049 loops=3)
                                      Hash Cond: (store_sales_6.ss_hdemo_sk = household_demographics_6.hd_demo_sk)
                                      ->  Hash Join  (cost=2766.05..91427.31 rows=24529 width=16) (actual time=12.655..245.579 rows=31069 loops=3)
                                            Hash Cond: (store_sales_6.ss_sold_time_sk = time_dim_6.t_time_sk)
                                            ->  Parallel Seq Scan on store_sales store_sales_6  (cost=0.00..85499.45 rows=1204445 width=24) (actual time=0.014..125.447 rows=948150 loops=3)
                                            ->  Hash  (cost=2743.00..2743.00 rows=1844 width=8) (actual time=12.575..12.576 rows=1800 loops=3)
                                                  Buckets: 2048  Batches: 1  Memory Usage: 87kB
                                                  ->  Seq Scan on time_dim time_dim_6  (cost=0.00..2743.00 rows=1844 width=8) (actual time=6.209..12.344 rows=1800 loops=3)
                                                        Filter: ((t_minute >= 30) AND (t_hour = 11))
                                                        Rows Removed by Filter: 84600
                                      ->  Hash  (cost=240.00..240.00 rows=1152 width=8) (actual time=1.349..1.350 rows=1200 loops=3)
                                            Buckets: 2048  Batches: 1  Memory Usage: 63kB
                                            ->  Seq Scan on household_demographics household_demographics_6  (cost=0.00..240.00 rows=1152 width=8) (actual time=0.022..1.189 rows=1200 loops=3)
                                                  Filter: (((hd_dep_count = 0) AND (hd_vehicle_count <= 2)) OR ((hd_dep_count = 2) AND (hd_vehicle_count <= 4)) OR ((hd_dep_count = '-1'::integer) AND (hd_vehicle_count <= 1)))
                                                  Rows Removed by Filter: 6000
                                ->  Hash  (cost=1.15..1.15 rows=1 width=8) (actual time=0.032..0.033 rows=1 loops=3)
                                      Buckets: 1024  Batches: 1  Memory Usage: 9kB
                                      ->  Seq Scan on store store_6  (cost=0.00..1.15 rows=1 width=8) (actual time=0.027..0.028 rows=1 loops=3)
                                            Filter: ((s_store_name)::text = 'ese'::text)
                                            Rows Removed by Filter: 11
  ->  Finalize Aggregate  (cost=92762.48..92762.49 rows=1 width=8) (actual time=256.967..329.111 rows=1 loops=1)
        ->  Gather  (cost=92762.27..92762.48 rows=2 width=8) (actual time=256.860..329.106 rows=3 loops=1)
              Workers Planned: 2
              Workers Launched: 2
              ->  Partial Aggregate  (cost=91762.27..91762.28 rows=1 width=8) (actual time=252.401..252.405 rows=1 loops=3)
                    ->  Hash Join  (cost=3021.86..91761.52 rows=300 width=0) (actual time=18.000..252.346 rows=1061 loops=3)
                          Hash Cond: (store_sales_7.ss_store_sk = store_7.s_store_sk)
                          ->  Hash Join  (cost=3020.70..91747.08 rows=3782 width=8) (actual time=14.010..251.692 rows=5929 loops=3)
                                Hash Cond: (store_sales_7.ss_hdemo_sk = household_demographics_7.hd_demo_sk)
                                ->  Hash Join  (cost=2766.30..91427.56 rows=24795 width=16) (actual time=12.458..247.430 rows=35961 loops=3)
                                      Hash Cond: (store_sales_7.ss_sold_time_sk = time_dim_7.t_time_sk)
                                      ->  Parallel Seq Scan on store_sales store_sales_7  (cost=0.00..85499.45 rows=1204445 width=24) (actual time=0.014..126.392 rows=948150 loops=3)
                                      ->  Hash  (cost=2743.00..2743.00 rows=1864 width=8) (actual time=12.393..12.393 rows=1800 loops=3)
                                            Buckets: 2048  Batches: 1  Memory Usage: 87kB
                                            ->  Seq Scan on time_dim time_dim_7  (cost=0.00..2743.00 rows=1864 width=8) (actual time=6.445..12.167 rows=1800 loops=3)
                                                  Filter: ((t_minute < 30) AND (t_hour = 12))
                                                  Rows Removed by Filter: 84600
                                ->  Hash  (cost=240.00..240.00 rows=1152 width=8) (actual time=1.304..1.305 rows=1200 loops=3)
                                      Buckets: 2048  Batches: 1  Memory Usage: 63kB
                                      ->  Seq Scan on household_demographics household_demographics_7  (cost=0.00..240.00 rows=1152 width=8) (actual time=0.022..1.149 rows=1200 loops=3)
                                            Filter: (((hd_dep_count = 0) AND (hd_vehicle_count <= 2)) OR ((hd_dep_count = 2) AND (hd_vehicle_count <= 4)) OR ((hd_dep_count = '-1'::integer) AND (hd_vehicle_count <= 1)))
                                            Rows Removed by Filter: 6000
                          ->  Hash  (cost=1.15..1.15 rows=1 width=8) (actual time=0.032..0.032 rows=1 loops=3)
                                Buckets: 1024  Batches: 1  Memory Usage: 9kB
                                ->  Seq Scan on store store_7  (cost=0.00..1.15 rows=1 width=8) (actual time=0.026..0.028 rows=1 loops=3)
                                      Filter: ((s_store_name)::text = 'ese'::text)
                                      Rows Removed by Filter: 11
 h8_30_to_9 | h9_to_9_30 | h9_30_to_10 | h10_to_10_30 | h10_30_to_11 | h11_to_11_30 | h11_30_to_12 | h12_to_12_30 
------------+------------+-------------+--------------+--------------+--------------+--------------+--------------
       1513 |       2957 |        3058 |         4495 |         4129 |         2436 |         2582 |         3184
(1 row)

UPDATE time_statistics SET e_time = TRANSACTION_TIMESTAMP() WHERE template = 'query88.tpl' AND stream = 6;
psql:/tmp/s1-basline/throughput/query_6.sql:125: NOTICE:  duration: 0.077 ms  plan:
Query Text: UPDATE time_statistics SET e_time = TRANSACTION_TIMESTAMP() WHERE template = 'query88.tpl' AND stream = 6;
Update on time_statistics  (cost=0.00..12.86 rows=0 width=0) (actual time=0.076..0.076 rows=0 loops=1)
  ->  Seq Scan on time_statistics  (cost=0.00..12.86 rows=1 width=14) (actual time=0.054..0.056 rows=1 loops=1)
        Filter: ((template = 'query88.tpl'::text) AND (stream = 6))
        Rows Removed by Filter: 410
UPDATE 1
LOAD 'auto_explain'; SET auto_explain.log_min_duration TO 0; SET auto_explain.log_analyze TO on; SET auto_explain.log_level TO notice; INSERT INTO time_statistics (template, s_time, stream, query, seed) VALUES ('query44.tpl', TRANSACTION_TIMESTAMP(), 6, 3, 616456687);
LOAD
SET
SET
SET
psql:/tmp/s1-basline/throughput/query_6.sql:126: NOTICE:  duration: 0.026 ms  plan:
Query Text: INSERT INTO time_statistics (template, s_time, stream, query, seed) VALUES ('query44.tpl', TRANSACTION_TIMESTAMP(), 6, 3, 616456687);
Insert on time_statistics  (cost=0.00..0.01 rows=0 width=0) (actual time=0.026..0.026 rows=0 loops=1)
  ->  Result  (cost=0.00..0.01 rows=1 width=64) (actual time=0.001..0.002 rows=1 loops=1)
INSERT 0 1
select  asceding.rnk, i1.i_product_name best_performing, i2.i_product_name worst_performing
from(select *
     from (select item_sk,rank() over (order by rank_col asc) rnk
           from (select ss_item_sk item_sk,avg(ss_net_profit) rank_col 
                 from store_sales ss1
                 where ss_store_sk = 1
                 group by ss_item_sk
                 having avg(ss_net_profit) > 0.9*(select avg(ss_net_profit) rank_col
                                                  from store_sales
                                                  where ss_store_sk = 1
                                                    and ss_hdemo_sk is null
                                                  group by ss_store_sk))V1)V11
     where rnk  < 11) asceding,
    (select *
     from (select item_sk,rank() over (order by rank_col desc) rnk
           from (select ss_item_sk item_sk,avg(ss_net_profit) rank_col
                 from store_sales ss1
                 where ss_store_sk = 1
                 group by ss_item_sk
                 having avg(ss_net_profit) > 0.9*(select avg(ss_net_profit) rank_col
                                                  from store_sales
                                                  where ss_store_sk = 1
                                                    and ss_hdemo_sk is null
                                                  group by ss_store_sk))V2)V21
     where rnk  < 11) descending,
item i1,
item i2
where asceding.rnk = descending.rnk 
  and i1.i_item_sk=asceding.item_sk
  and i2.i_item_sk=descending.item_sk
order by asceding.rnk
limit 100;
psql:/tmp/s1-basline/throughput/query_6.sql:158: NOTICE:  duration: 973.249 ms  plan:
Query Text: select  asceding.rnk, i1.i_product_name best_performing, i2.i_product_name worst_performing
from(select *
     from (select item_sk,rank() over (order by rank_col asc) rnk
           from (select ss_item_sk item_sk,avg(ss_net_profit) rank_col 
                 from store_sales ss1
                 where ss_store_sk = 1
                 group by ss_item_sk
                 having avg(ss_net_profit) > 0.9*(select avg(ss_net_profit) rank_col
                                                  from store_sales
                                                  where ss_store_sk = 1
                                                    and ss_hdemo_sk is null
                                                  group by ss_store_sk))V1)V11
     where rnk  < 11) asceding,
    (select *
     from (select item_sk,rank() over (order by rank_col desc) rnk
           from (select ss_item_sk item_sk,avg(ss_net_profit) rank_col
                 from store_sales ss1
                 where ss_store_sk = 1
                 group by ss_item_sk
                 having avg(ss_net_profit) > 0.9*(select avg(ss_net_profit) rank_col
                                                  from store_sales
                                                  where ss_store_sk = 1
                                                    and ss_hdemo_sk is null
                                                  group by ss_store_sk))V2)V21
     where rnk  < 11) descending,
item i1,
item i2
where asceding.rnk = descending.rnk 
  and i1.i_item_sk=asceding.item_sk
  and i2.i_item_sk=descending.item_sk
order by asceding.rnk
limit 100;
Limit  (cost=379339.58..379341.10 rows=100 width=110) (actual time=901.737..973.238 rows=10 loops=1)
  ->  Merge Join  (cost=379339.58..381638.32 rows=151415 width=110) (actual time=901.736..973.235 rows=10 loops=1)
        Merge Cond: ((rank() OVER (?)) = (rank() OVER (?)))
        ->  Sort  (cost=189669.79..189683.55 rows=5503 width=59) (actual time=448.438..448.607 rows=10 loops=1)
              Sort Key: (rank() OVER (?))
              Sort Method: quicksort  Memory: 26kB
              ->  Nested Loop  (cost=186065.13..189327.89 rows=5503 width=59) (actual time=448.373..448.601 rows=10 loops=1)
                    ->  WindowAgg  (cost=186064.84..186161.15 rows=5503 width=24) (actual time=448.333..448.508 rows=10 loops=1)
                          Run Condition: (rank() OVER (?) < 11)
                          ->  Sort  (cost=186064.84..186078.60 rows=5503 width=16) (actual time=448.325..448.493 rows=12 loops=1)
                                Sort Key: v1.rank_col
                                Sort Method: quicksort  Memory: 579kB
                                ->  Subquery Scan on v1  (cost=181361.81..185722.94 rows=5503 width=16) (actual time=426.972..446.767 rows=7062 loops=1)
                                      ->  Finalize GroupAggregate  (cost=181361.81..185667.91 rows=5503 width=16) (actual time=426.971..446.258 rows=7062 loops=1)
                                            Group Key: ss1.ss_item_sk
                                            Filter: (avg(ss1.ss_net_profit) > ('0.9'::double precision * $1))
                                            Rows Removed by Filter: 10938
                                            InitPlan 1 (returns $1)
                                              ->  Finalize GroupAggregate  (cost=1000.00..89557.30 rows=6 width=16) (actual time=182.769..182.857 rows=1 loops=1)
                                                    Group Key: store_sales.ss_store_sk
                                                    ->  Gather  (cost=1000.00..89557.16 rows=12 width=40) (actual time=182.665..182.847 rows=3 loops=1)
                                                          Workers Planned: 2
                                                          Workers Launched: 2
                                                          ->  Partial GroupAggregate  (cost=0.00..88555.96 rows=6 width=40) (actual time=178.547..178.547 rows=1 loops=3)
                                                                Group Key: store_sales.ss_store_sk
                                                                ->  Parallel Seq Scan on store_sales  (cost=0.00..88510.56 rows=9069 width=16) (actual time=0.050..177.704 rows=3530 loops=3)
                                                                      Filter: ((ss_hdemo_sk IS NULL) AND (ss_store_sk = 1))
                                                                      Rows Removed by Filter: 944620
                                            ->  Gather Merge  (cost=91804.51..95656.64 rows=33016 width=40) (actual time=244.182..253.337 rows=53570 loops=1)
                                                  Workers Planned: 2
                                                  Workers Launched: 2
                                                  ->  Sort  (cost=90804.49..90845.76 rows=16508 width=40) (actual time=239.485..242.679 rows=17857 loops=3)
                                                        Sort Key: ss1.ss_item_sk
                                                        Sort Method: quicksort  Memory: 2454kB
                                                        Worker 0:  Sort Method: quicksort  Memory: 2437kB
                                                        Worker 1:  Sort Method: quicksort  Memory: 2437kB
                                                        ->  Partial HashAggregate  (cost=89482.95..89648.03 rows=16508 width=40) (actual time=231.958..234.990 rows=17857 loops=3)
                                                              Group Key: ss1.ss_item_sk
                                                              Batches: 1  Memory Usage: 3857kB
                                                              Worker 0:  Batches: 1  Memory Usage: 3857kB
                                                              Worker 1:  Batches: 1  Memory Usage: 3857kB
                                                              ->  Parallel Seq Scan on store_sales ss1  (cost=0.00..88510.56 rows=194478 width=16) (actual time=0.043..190.106 rows=151075 loops=3)
                                                                    Filter: (ss_store_sk = 1)
                                                                    Rows Removed by Filter: 797075
                    ->  Index Scan using pk_item on item i1  (cost=0.29..0.57 rows=1 width=59) (actual time=0.008..0.008 rows=1 loops=10)
                          Index Cond: (i_item_sk = v1.item_sk)
        ->  Sort  (cost=189669.79..189683.55 rows=5503 width=59) (actual time=453.293..524.619 rows=10 loops=1)
              Sort Key: (rank() OVER (?))
              Sort Method: quicksort  Memory: 26kB
              ->  Nested Loop  (cost=186065.13..189327.89 rows=5503 width=59) (actual time=453.200..524.610 rows=10 loops=1)
                    ->  WindowAgg  (cost=186064.84..186161.15 rows=5503 width=24) (actual time=453.181..524.519 rows=10 loops=1)
                          Run Condition: (rank() OVER (?) < 11)
                          ->  Sort  (cost=186064.84..186078.60 rows=5503 width=16) (actual time=453.174..524.499 rows=12 loops=1)
                                Sort Key: v2.rank_col DESC
                                Sort Method: quicksort  Memory: 579kB
                                ->  Subquery Scan on v2  (cost=181361.81..185722.94 rows=5503 width=16) (actual time=432.223..522.874 rows=7062 loops=1)
                                      ->  Finalize GroupAggregate  (cost=181361.81..185667.91 rows=5503 width=16) (actual time=432.222..522.359 rows=7062 loops=1)
                                            Group Key: ss1_1.ss_item_sk
                                            Filter: (avg(ss1_1.ss_net_profit) > ('0.9'::double precision * $3))
                                            Rows Removed by Filter: 10938
                                            InitPlan 2 (returns $3)
                                              ->  Finalize GroupAggregate  (cost=1000.00..89557.30 rows=6 width=16) (actual time=181.971..220.229 rows=1 loops=1)
                                                    Group Key: store_sales_1.ss_store_sk
                                                    ->  Gather  (cost=1000.00..89557.16 rows=12 width=40) (actual time=181.876..220.222 rows=3 loops=1)
                                                          Workers Planned: 2
                                                          Workers Launched: 2
                                                          ->  Partial GroupAggregate  (cost=0.00..88555.96 rows=6 width=40) (actual time=178.274..178.275 rows=1 loops=3)
                                                                Group Key: store_sales_1.ss_store_sk
                                                                ->  Parallel Seq Scan on store_sales store_sales_1  (cost=0.00..88510.56 rows=9069 width=16) (actual time=0.094..177.425 rows=3530 loops=3)
                                                                      Filter: ((ss_hdemo_sk IS NULL) AND (ss_store_sk = 1))
                                                                      Rows Removed by Filter: 944620
                                            ->  Gather Merge  (cost=91804.51..95656.64 rows=33016 width=40) (actual time=250.230..292.104 rows=53539 loops=1)
                                                  Workers Planned: 2
                                                  Workers Launched: 2
                                                  ->  Sort  (cost=90804.49..90845.76 rows=16508 width=40) (actual time=245.386..247.910 rows=17846 loops=3)
                                                        Sort Key: ss1_1.ss_item_sk
                                                        Sort Method: quicksort  Memory: 2453kB
                                                        Worker 0:  Sort Method: quicksort  Memory: 2435kB
                                                        Worker 1:  Sort Method: quicksort  Memory: 2437kB
                                                        ->  Partial HashAggregate  (cost=89482.95..89648.03 rows=16508 width=40) (actual time=237.150..240.809 rows=17846 loops=3)
                                                              Group Key: ss1_1.ss_item_sk
                                                              Batches: 1  Memory Usage: 3857kB
                                                              Worker 0:  Batches: 1  Memory Usage: 3857kB
                                                              Worker 1:  Batches: 1  Memory Usage: 3857kB
                                                              ->  Parallel Seq Scan on store_sales ss1_1  (cost=0.00..88510.56 rows=194478 width=16) (actual time=0.027..190.565 rows=151075 loops=3)
                                                                    Filter: (ss_store_sk = 1)
                                                                    Rows Removed by Filter: 797075
                    ->  Index Scan using pk_item on item i2  (cost=0.29..0.57 rows=1 width=59) (actual time=0.008..0.008 rows=1 loops=10)
                          Index Cond: (i_item_sk = v2.item_sk)
 rnk |                  best_performing                   |                  worst_performing                  
-----+----------------------------------------------------+----------------------------------------------------
   1 | bareingn stable                                    | eingableeseought                                  
   2 | n stationationanti                                 | callyanticallypriought                            
   3 | eseableationn st                                   | eseationableoughtought                            
   4 | prieingpripri                                      | eseprioughtation                                  
   5 | antin stationn st                                  | eingeingoughtbarought                             
   6 | callybaroughtpri                                   | ablecallyn stbarought                             
   7 | pripribarationought                                | eingbarantianti                                   
   8 | eingprin stese                                     | esen steseation                                   
   9 | anticallyoughteseought                             | ableeingpriable                                   
  10 | n stantibaranti                                    | eseoughtn station                                 
(10 rows)

UPDATE time_statistics SET e_time = TRANSACTION_TIMESTAMP() WHERE template = 'query44.tpl' AND stream = 6;
psql:/tmp/s1-basline/throughput/query_6.sql:160: NOTICE:  duration: 0.097 ms  plan:
Query Text: UPDATE time_statistics SET e_time = TRANSACTION_TIMESTAMP() WHERE template = 'query44.tpl' AND stream = 6;
Update on time_statistics  (cost=0.00..12.86 rows=0 width=0) (actual time=0.096..0.096 rows=0 loops=1)
  ->  Seq Scan on time_statistics  (cost=0.00..12.86 rows=1 width=14) (actual time=0.058..0.059 rows=1 loops=1)
        Filter: ((template = 'query44.tpl'::text) AND (stream = 6))
        Rows Removed by Filter: 412
UPDATE 1
LOAD 'auto_explain'; SET auto_explain.log_min_duration TO 0; SET auto_explain.log_analyze TO on; SET auto_explain.log_level TO notice; INSERT INTO time_statistics (template, s_time, stream, query, seed) VALUES ('../query_postgresql/query94.tpl', TRANSACTION_TIMESTAMP(), 6, 4, 1288313560);
LOAD
SET
SET
SET
psql:/tmp/s1-basline/throughput/query_6.sql:161: NOTICE:  duration: 0.020 ms  plan:
Query Text: INSERT INTO time_statistics (template, s_time, stream, query, seed) VALUES ('../query_postgresql/query94.tpl', TRANSACTION_TIMESTAMP(), 6, 4, 1288313560);
Insert on time_statistics  (cost=0.00..0.01 rows=0 width=0) (actual time=0.019..0.020 rows=0 loops=1)
  ->  Result  (cost=0.00..0.01 rows=1 width=64) (actual time=0.001..0.002 rows=1 loops=1)
INSERT 0 1
select  
   count(distinct ws_order_number) as "order count"
  ,sum(ws_ext_ship_cost) as "total shipping cost"
  ,sum(ws_net_profit) as "total net profit"
from
   web_sales ws1
  ,date_dim
  ,customer_address
  ,web_site
where
    d_date between '1999-2-01' and 
           (cast('1999-2-01' as date) + interval '60 days')
and ws1.ws_ship_date_sk = d_date_sk
and ws1.ws_ship_addr_sk = ca_address_sk
and ca_state = 'WY'
and ws1.ws_web_site_sk = web_site_sk
and web_company_name = 'pri'
and exists (select *
            from web_sales ws2
            where ws1.ws_order_number = ws2.ws_order_number
              and ws1.ws_warehouse_sk <> ws2.ws_warehouse_sk)
and not exists(select *
               from web_returns wr1
               where ws1.ws_order_number = wr1.wr_order_number)
order by count(distinct ws_order_number)
limit 100;
psql:/tmp/s1-basline/throughput/query_6.sql:187: NOTICE:  duration: 161.846 ms  plan:
Query Text: select  
   count(distinct ws_order_number) as "order count"
  ,sum(ws_ext_ship_cost) as "total shipping cost"
  ,sum(ws_net_profit) as "total net profit"
from
   web_sales ws1
  ,date_dim
  ,customer_address
  ,web_site
where
    d_date between '1999-2-01' and 
           (cast('1999-2-01' as date) + interval '60 days')
and ws1.ws_ship_date_sk = d_date_sk
and ws1.ws_ship_addr_sk = ca_address_sk
and ca_state = 'WY'
and ws1.ws_web_site_sk = web_site_sk
and web_company_name = 'pri'
and exists (select *
            from web_sales ws2
            where ws1.ws_order_number = ws2.ws_order_number
              and ws1.ws_warehouse_sk <> ws2.ws_warehouse_sk)
and not exists(select *
               from web_returns wr1
               where ws1.ws_order_number = wr1.wr_order_number)
order by count(distinct ws_order_number)
limit 100;
Limit  (cost=37438.28..37438.28 rows=1 width=24) (actual time=161.726..161.838 rows=1 loops=1)
  ->  Sort  (cost=37438.28..37438.28 rows=1 width=24) (actual time=161.725..161.836 rows=1 loops=1)
        Sort Key: (count(DISTINCT ws1.ws_order_number))
        Sort Method: quicksort  Memory: 25kB
        ->  Aggregate  (cost=37438.26..37438.27 rows=1 width=24) (actual time=161.720..161.831 rows=1 loops=1)
              ->  Nested Loop Anti Join  (cost=1006.61..37438.25 rows=1 width=24) (actual time=118.690..161.811 rows=7 loops=1)
                    ->  Nested Loop Semi Join  (cost=1006.19..37068.84 rows=1 width=24) (actual time=107.238..143.820 rows=35 loops=1)
                          ->  Nested Loop  (cost=1005.76..31649.07 rows=1 width=32) (actual time=104.721..104.980 rows=35 loops=1)
                                Join Filter: (ws1.ws_web_site_sk = web_site.web_site_sk)
                                Rows Removed by Join Filter: 1432
                                ->  Seq Scan on web_site  (cost=0.00..2.38 rows=9 width=8) (actual time=0.006..0.019 rows=9 loops=1)
                                      Filter: (web_company_name = 'pri'::bpchar)
                                      Rows Removed by Filter: 21
                                ->  Materialize  (cost=1005.76..31646.16 rows=4 width=40) (actual time=0.067..11.651 rows=163 loops=9)
                                      ->  Gather  (cost=1005.76..31646.14 rows=4 width=40) (actual time=0.597..104.768 rows=163 loops=1)
                                            Workers Planned: 2
                                            Workers Launched: 2
                                            ->  Nested Loop  (cost=5.77..30645.74 rows=2 width=40) (actual time=15.878..100.262 rows=54 loops=3)
                                                  ->  Hash Join  (cost=5.48..30567.44 rows=251 width=48) (actual time=0.317..80.657 rows=10276 loops=3)
                                                        Hash Cond: (ws1.ws_ship_date_sk = date_dim.d_date_sk)
                                                        ->  Parallel Seq Scan on web_sales ws1  (cost=0.00..29771.63 rows=301063 width=56) (actual time=0.016..48.015 rows=237185 loops=3)
                                                        ->  Hash  (cost=4.71..4.71 rows=61 width=8) (actual time=0.102..0.103 rows=61 loops=3)
                                                              Buckets: 1024  Batches: 1  Memory Usage: 11kB
                                                              ->  Index Scan using i_d_date on date_dim  (cost=0.29..4.71 rows=61 width=8) (actual time=0.070..0.090 rows=61 loops=3)
                                                                    Index Cond: ((d_date >= '1999-02-01'::date) AND (d_date <= '1999-04-02 00:00:00'::timestamp without time zone))
                                                  ->  Index Scan using pk_customer_address on customer_address  (cost=0.29..0.31 rows=1 width=8) (actual time=0.002..0.002 rows=0 loops=30828)
                                                        Index Cond: (ca_address_sk = ws1.ws_ship_addr_sk)
                                                        Filter: (ca_state = 'WY'::bpchar)
                                                        Rows Removed by Filter: 1
                          ->  Index Scan using pk_web_sales on web_sales ws2  (cost=0.42..5419.76 rows=10 width=16) (actual time=1.109..1.109 rows=1 loops=35)
                                Index Cond: (ws_order_number = ws1.ws_order_number)
                                Filter: (ws1.ws_warehouse_sk <> ws_warehouse_sk)
                                Rows Removed by Filter: 0
                    ->  Index Only Scan using pk_web_returns on web_returns wr1  (cost=0.42..541.62 rows=2 width=8) (actual time=0.514..0.514 rows=1 loops=35)
                          Index Cond: (wr_order_number = ws1.ws_order_number)
                          Heap Fetches: 2
 order count | total shipping cost | total net profit 
-------------+---------------------+------------------
           6 |            10103.75 |          -1654.1
(1 row)

UPDATE time_statistics SET e_time = TRANSACTION_TIMESTAMP() WHERE template = '../query_postgresql/query94.tpl' AND stream = 6;
psql:/tmp/s1-basline/throughput/query_6.sql:189: NOTICE:  duration: 0.077 ms  plan:
Query Text: UPDATE time_statistics SET e_time = TRANSACTION_TIMESTAMP() WHERE template = '../query_postgresql/query94.tpl' AND stream = 6;
Update on time_statistics  (cost=0.00..12.86 rows=0 width=0) (actual time=0.076..0.076 rows=0 loops=1)
  ->  Seq Scan on time_statistics  (cost=0.00..12.86 rows=1 width=14) (actual time=0.051..0.051 rows=1 loops=1)
        Filter: ((template = '../query_postgresql/query94.tpl'::text) AND (stream = 6))
        Rows Removed by Filter: 413
UPDATE 1
LOAD 'auto_explain'; SET auto_explain.log_min_duration TO 0; SET auto_explain.log_analyze TO on; SET auto_explain.log_level TO notice; INSERT INTO time_statistics (template, s_time, stream, query, seed) VALUES ('query50.tpl', TRANSACTION_TIMESTAMP(), 6, 5, 251788788);
LOAD
SET
SET
SET
psql:/tmp/s1-basline/throughput/query_6.sql:190: NOTICE:  duration: 0.008 ms  plan:
Query Text: INSERT INTO time_statistics (template, s_time, stream, query, seed) VALUES ('query50.tpl', TRANSACTION_TIMESTAMP(), 6, 5, 251788788);
Insert on time_statistics  (cost=0.00..0.01 rows=0 width=0) (actual time=0.008..0.008 rows=0 loops=1)
  ->  Result  (cost=0.00..0.01 rows=1 width=64) (actual time=0.001..0.001 rows=1 loops=1)
INSERT 0 1
select  
   s_store_name
  ,s_company_id
  ,s_street_number
  ,s_street_name
  ,s_street_type
  ,s_suite_number
  ,s_city
  ,s_county
  ,s_state
  ,s_zip
  ,sum(case when (sr_returned_date_sk - ss_sold_date_sk <= 30 ) then 1 else 0 end)  as "30 days" 
  ,sum(case when (sr_returned_date_sk - ss_sold_date_sk > 30) and 
                 (sr_returned_date_sk - ss_sold_date_sk <= 60) then 1 else 0 end )  as "31-60 days" 
  ,sum(case when (sr_returned_date_sk - ss_sold_date_sk > 60) and 
                 (sr_returned_date_sk - ss_sold_date_sk <= 90) then 1 else 0 end)  as "61-90 days" 
  ,sum(case when (sr_returned_date_sk - ss_sold_date_sk > 90) and
                 (sr_returned_date_sk - ss_sold_date_sk <= 120) then 1 else 0 end)  as "91-120 days" 
  ,sum(case when (sr_returned_date_sk - ss_sold_date_sk  > 120) then 1 else 0 end)  as ">120 days" 
from
   store_sales
  ,store_returns
  ,store
  ,date_dim d1
  ,date_dim d2
where
    d2.d_year = 2001
and d2.d_moy  = 10
and ss_ticket_number = sr_ticket_number
and ss_item_sk = sr_item_sk
and ss_sold_date_sk   = d1.d_date_sk
and sr_returned_date_sk   = d2.d_date_sk
and ss_customer_sk = sr_customer_sk
and ss_store_sk = s_store_sk
group by
   s_store_name
  ,s_company_id
  ,s_street_number
  ,s_street_name
  ,s_street_type
  ,s_suite_number
  ,s_city
  ,s_county
  ,s_state
  ,s_zip
order by s_store_name
        ,s_company_id
        ,s_street_number
        ,s_street_name
        ,s_street_type
        ,s_suite_number
        ,s_city
        ,s_county
        ,s_state
        ,s_zip
limit 100;
psql:/tmp/s1-basline/throughput/query_6.sql:246: NOTICE:  duration: 49.847 ms  plan:
Query Text: select  
   s_store_name
  ,s_company_id
  ,s_street_number
  ,s_street_name
  ,s_street_type
  ,s_suite_number
  ,s_city
  ,s_county
  ,s_state
  ,s_zip
  ,sum(case when (sr_returned_date_sk - ss_sold_date_sk <= 30 ) then 1 else 0 end)  as "30 days" 
  ,sum(case when (sr_returned_date_sk - ss_sold_date_sk > 30) and 
                 (sr_returned_date_sk - ss_sold_date_sk <= 60) then 1 else 0 end )  as "31-60 days" 
  ,sum(case when (sr_returned_date_sk - ss_sold_date_sk > 60) and 
                 (sr_returned_date_sk - ss_sold_date_sk <= 90) then 1 else 0 end)  as "61-90 days" 
  ,sum(case when (sr_returned_date_sk - ss_sold_date_sk > 90) and
                 (sr_returned_date_sk - ss_sold_date_sk <= 120) then 1 else 0 end)  as "91-120 days" 
  ,sum(case when (sr_returned_date_sk - ss_sold_date_sk  > 120) then 1 else 0 end)  as ">120 days" 
from
   store_sales
  ,store_returns
  ,store
  ,date_dim d1
  ,date_dim d2
where
    d2.d_year = 2001
and d2.d_moy  = 10
and ss_ticket_number = sr_ticket_number
and ss_item_sk = sr_item_sk
and ss_sold_date_sk   = d1.d_date_sk
and sr_returned_date_sk   = d2.d_date_sk
and ss_customer_sk = sr_customer_sk
and ss_store_sk = s_store_sk
group by
   s_store_name
  ,s_company_id
  ,s_street_number
  ,s_street_name
  ,s_street_type
  ,s_suite_number
  ,s_city
  ,s_county
  ,s_state
  ,s_zip
order by s_store_name
        ,s_company_id
        ,s_street_number
        ,s_street_name
        ,s_street_type
        ,s_suite_number
        ,s_city
        ,s_county
        ,s_state
        ,s_zip
limit 100;
Limit  (cost=6251.91..6252.01 rows=1 width=126) (actual time=48.128..49.831 rows=6 loops=1)
  ->  GroupAggregate  (cost=6251.91..6252.01 rows=1 width=126) (actual time=48.128..49.829 rows=6 loops=1)
        Group Key: store.s_store_name, store.s_company_id, store.s_street_number, store.s_street_name, store.s_street_type, store.s_suite_number, store.s_city, store.s_county, store.s_state, store.s_zip
        ->  Sort  (cost=6251.91..6251.92 rows=1 width=102) (actual time=47.803..47.930 rows=3000 loops=1)
              Sort Key: store.s_store_name, store.s_company_id, store.s_street_number, store.s_street_name, store.s_street_type, store.s_suite_number, store.s_city, store.s_county, store.s_state, store.s_zip
              Sort Method: quicksort  Memory: 534kB
              ->  Nested Loop  (cost=1.15..6251.90 rows=1 width=102) (actual time=4.725..44.339 rows=3000 loops=1)
                    ->  Nested Loop  (cost=0.85..6251.59 rows=1 width=102) (actual time=4.710..40.932 rows=3032 loops=1)
                          Join Filter: (store_sales.ss_store_sk = store.s_store_sk)
                          Rows Removed by Join Filter: 14190
                          ->  Nested Loop  (cost=0.85..6250.32 rows=1 width=24) (actual time=4.705..35.585 rows=3110 loops=1)
                                ->  Nested Loop  (cost=0.42..6159.82 rows=114 width=32) (actual time=4.683..15.821 rows=4182 loops=1)
                                      ->  Seq Scan on date_dim d2  (cost=0.00..2500.73 rows=30 width=8) (actual time=4.669..9.737 rows=31 loops=1)
                                            Filter: ((d_year = 2001) AND (d_moy = 10))
                                            Rows Removed by Filter: 73018
                                      ->  Index Scan using i_sr_returned_date_sk on store_returns  (cost=0.42..120.57 rows=140 width=32) (actual time=0.003..0.177 rows=135 loops=31)
                                            Index Cond: (sr_returned_date_sk = d2.d_date_sk)
                                ->  Index Scan using pk_store_sales on store_sales  (cost=0.43..0.78 rows=1 width=40) (actual time=0.004..0.004 rows=1 loops=4182)
                                      Index Cond: ((ss_item_sk = store_returns.sr_item_sk) AND (ss_ticket_number = store_returns.sr_ticket_number))
                                      Filter: (store_returns.sr_customer_sk = ss_customer_sk)
                                      Rows Removed by Filter: 0
                          ->  Seq Scan on store  (cost=0.00..1.12 rows=12 width=94) (actual time=0.000..0.001 rows=6 loops=3110)
                    ->  Index Only Scan using pk_date_dim on date_dim d1  (cost=0.29..0.31 rows=1 width=8) (actual time=0.001..0.001 rows=1 loops=3032)
                          Index Cond: (d_date_sk = store_sales.ss_sold_date_sk)
                          Heap Fetches: 0
 s_store_name | s_company_id | s_street_number | s_street_name |  s_street_type  | s_suite_number |  s_city  |     s_county      | s_state |   s_zip    | 30 days | 31-60 days | 61-90 days | 91-120 days | >120 days 
--------------+--------------+-----------------+---------------+-----------------+----------------+----------+-------------------+---------+------------+---------+------------+------------+-------------+-----------
 able         |            1 | 495             | Smith         | Dr.             | Suite M        | Fairview | Williamson County | TN      | 35709      |      98 |        138 |         79 |          55 |       114
 ation        |            1 | 424             | Lincoln       | Ln              | Suite 480      | Midway   | Williamson County | TN      | 31904      |     112 |        132 |         82 |          63 |       113
 bar          |            1 | 593             | Ridge         | Dr.             | Suite 190      | Midway   | Williamson County | TN      | 31904      |     121 |        111 |         96 |          64 |       105
 eing         |            1 | 333             | Highland 10th | Way             | Suite S        | Fairview | Williamson County | TN      | 35709      |     123 |        123 |        103 |          63 |        98
 ese          |            1 | 245             | College       | Wy              | Suite 140      | Midway   | Williamson County | TN      | 31904      |     110 |        136 |         98 |          62 |       119
 ought        |            1 | 849             | Elm           | Parkway         | Suite Y        | Midway   | Williamson County | TN      | 31904      |     108 |        122 |         83 |          53 |       116
(6 rows)

UPDATE time_statistics SET e_time = TRANSACTION_TIMESTAMP() WHERE template = 'query50.tpl' AND stream = 6;
psql:/tmp/s1-basline/throughput/query_6.sql:248: NOTICE:  duration: 0.069 ms  plan:
Query Text: UPDATE time_statistics SET e_time = TRANSACTION_TIMESTAMP() WHERE template = 'query50.tpl' AND stream = 6;
Update on time_statistics  (cost=0.00..12.86 rows=0 width=0) (actual time=0.068..0.068 rows=0 loops=1)
  ->  Seq Scan on time_statistics  (cost=0.00..12.86 rows=1 width=14) (actual time=0.053..0.053 rows=1 loops=1)
        Filter: ((template = 'query50.tpl'::text) AND (stream = 6))
        Rows Removed by Filter: 414
UPDATE 1
LOAD 'auto_explain'; SET auto_explain.log_min_duration TO 0; SET auto_explain.log_analyze TO on; SET auto_explain.log_level TO notice; INSERT INTO time_statistics (template, s_time, stream, query, seed) VALUES ('../query_postgresql/query5.tpl', TRANSACTION_TIMESTAMP(), 6, 6, 542816432);
LOAD
SET
SET
SET
psql:/tmp/s1-basline/throughput/query_6.sql:249: NOTICE:  duration: 0.017 ms  plan:
Query Text: INSERT INTO time_statistics (template, s_time, stream, query, seed) VALUES ('../query_postgresql/query5.tpl', TRANSACTION_TIMESTAMP(), 6, 6, 542816432);
Insert on time_statistics  (cost=0.00..0.01 rows=0 width=0) (actual time=0.016..0.016 rows=0 loops=1)
  ->  Result  (cost=0.00..0.01 rows=1 width=64) (actual time=0.002..0.002 rows=1 loops=1)
INSERT 0 1
with ssr as
 (select s_store_id,
        sum(sales_price) as sales,
        sum(profit) as profit,
        sum(return_amt) as returns,
        sum(net_loss) as profit_loss
 from
  ( select  ss_store_sk as store_sk,
            ss_sold_date_sk  as date_sk,
            ss_ext_sales_price as sales_price,
            ss_net_profit as profit,
            cast(0 as decimal(7,2)) as return_amt,
            cast(0 as decimal(7,2)) as net_loss
    from store_sales
    union all
    select sr_store_sk as store_sk,
           sr_returned_date_sk as date_sk,
           cast(0 as decimal(7,2)) as sales_price,
           cast(0 as decimal(7,2)) as profit,
           sr_return_amt as return_amt,
           sr_net_loss as net_loss
    from store_returns
   ) salesreturns,
     date_dim,
     store
 where date_sk = d_date_sk
       and d_date between cast('1999-08-06' as date) 
                  and (cast('1999-08-06' as date) + interval '14 days')
       and store_sk = s_store_sk
 group by s_store_id)
 ,
 csr as
 (select cp_catalog_page_id,
        sum(sales_price) as sales,
        sum(profit) as profit,
        sum(return_amt) as returns,
        sum(net_loss) as profit_loss
 from
  ( select  cs_catalog_page_sk as page_sk,
            cs_sold_date_sk  as date_sk,
            cs_ext_sales_price as sales_price,
            cs_net_profit as profit,
            cast(0 as decimal(7,2)) as return_amt,
            cast(0 as decimal(7,2)) as net_loss
    from catalog_sales
    union all
    select cr_catalog_page_sk as page_sk,
           cr_returned_date_sk as date_sk,
           cast(0 as decimal(7,2)) as sales_price,
           cast(0 as decimal(7,2)) as profit,
           cr_return_amount as return_amt,
           cr_net_loss as net_loss
    from catalog_returns
   ) salesreturns,
     date_dim,
     catalog_page
 where date_sk = d_date_sk
       and d_date between cast('1999-08-06' as date)
                  and (cast('1999-08-06' as date) + interval '14 days')
       and page_sk = cp_catalog_page_sk
 group by cp_catalog_page_id)
 ,
 wsr as
 (select web_site_id,
        sum(sales_price) as sales,
        sum(profit) as profit,
        sum(return_amt) as returns,
        sum(net_loss) as profit_loss
 from
  ( select  ws_web_site_sk as wsr_web_site_sk,
            ws_sold_date_sk  as date_sk,
            ws_ext_sales_price as sales_price,
            ws_net_profit as profit,
            cast(0 as decimal(7,2)) as return_amt,
            cast(0 as decimal(7,2)) as net_loss
    from web_sales
    union all
    select ws_web_site_sk as wsr_web_site_sk,
           wr_returned_date_sk as date_sk,
           cast(0 as decimal(7,2)) as sales_price,
           cast(0 as decimal(7,2)) as profit,
           wr_return_amt as return_amt,
           wr_net_loss as net_loss
    from web_returns left outer join web_sales on
         ( wr_item_sk = ws_item_sk
           and wr_order_number = ws_order_number)
   ) salesreturns,
     date_dim,
     web_site
 where date_sk = d_date_sk
       and d_date between cast('1999-08-06' as date)
                  and (cast('1999-08-06' as date) + interval '14 days')
       and wsr_web_site_sk = web_site_sk
 group by web_site_id)
  select  channel
        , id
        , sum(sales) as sales
        , sum(returns) as returns
        , sum(profit) as profit
 from 
 (select 'store channel' as channel
        , 'store' || s_store_id as id
        , sales
        , returns
        , (profit - profit_loss) as profit
 from   ssr
 union all
 select 'catalog channel' as channel
        , 'catalog_page' || cp_catalog_page_id as id
        , sales
        , returns
        , (profit - profit_loss) as profit
 from  csr
 union all
 select 'web channel' as channel
        , 'web_site' || web_site_id as id
        , sales
        , returns
        , (profit - profit_loss) as profit
 from   wsr
 ) x
 group by rollup (channel, id)
 order by channel
         ,id
 limit 100;
psql:/tmp/s1-basline/throughput/query_6.sql:374: NOTICE:  duration: 2495.253 ms  plan:
Query Text: with ssr as
 (select s_store_id,
        sum(sales_price) as sales,
        sum(profit) as profit,
        sum(return_amt) as returns,
        sum(net_loss) as profit_loss
 from
  ( select  ss_store_sk as store_sk,
            ss_sold_date_sk  as date_sk,
            ss_ext_sales_price as sales_price,
            ss_net_profit as profit,
            cast(0 as decimal(7,2)) as return_amt,
            cast(0 as decimal(7,2)) as net_loss
    from store_sales
    union all
    select sr_store_sk as store_sk,
           sr_returned_date_sk as date_sk,
           cast(0 as decimal(7,2)) as sales_price,
           cast(0 as decimal(7,2)) as profit,
           sr_return_amt as return_amt,
           sr_net_loss as net_loss
    from store_returns
   ) salesreturns,
     date_dim,
     store
 where date_sk = d_date_sk
       and d_date between cast('1999-08-06' as date) 
                  and (cast('1999-08-06' as date) + interval '14 days')
       and store_sk = s_store_sk
 group by s_store_id)
 ,
 csr as
 (select cp_catalog_page_id,
        sum(sales_price) as sales,
        sum(profit) as profit,
        sum(return_amt) as returns,
        sum(net_loss) as profit_loss
 from
  ( select  cs_catalog_page_sk as page_sk,
            cs_sold_date_sk  as date_sk,
            cs_ext_sales_price as sales_price,
            cs_net_profit as profit,
            cast(0 as decimal(7,2)) as return_amt,
            cast(0 as decimal(7,2)) as net_loss
    from catalog_sales
    union all
    select cr_catalog_page_sk as page_sk,
           cr_returned_date_sk as date_sk,
           cast(0 as decimal(7,2)) as sales_price,
           cast(0 as decimal(7,2)) as profit,
           cr_return_amount as return_amt,
           cr_net_loss as net_loss
    from catalog_returns
   ) salesreturns,
     date_dim,
     catalog_page
 where date_sk = d_date_sk
       and d_date between cast('1999-08-06' as date)
                  and (cast('1999-08-06' as date) + interval '14 days')
       and page_sk = cp_catalog_page_sk
 group by cp_catalog_page_id)
 ,
 wsr as
 (select web_site_id,
        sum(sales_price) as sales,
        sum(profit) as profit,
        sum(return_amt) as returns,
        sum(net_loss) as profit_loss
 from
  ( select  ws_web_site_sk as wsr_web_site_sk,
            ws_sold_date_sk  as date_sk,
            ws_ext_sales_price as sales_price,
            ws_net_profit as profit,
            cast(0 as decimal(7,2)) as return_amt,
            cast(0 as decimal(7,2)) as net_loss
    from web_sales
    union all
    select ws_web_site_sk as wsr_web_site_sk,
           wr_returned_date_sk as date_sk,
           cast(0 as decimal(7,2)) as sales_price,
           cast(0 as decimal(7,2)) as profit,
           wr_return_amt as return_amt,
           wr_net_loss as net_loss
    from web_returns left outer join web_sales on
         ( wr_item_sk = ws_item_sk
           and wr_order_number = ws_order_number)
   ) salesreturns,
     date_dim,
     web_site
 where date_sk = d_date_sk
       and d_date between cast('1999-08-06' as date)
                  and (cast('1999-08-06' as date) + interval '14 days')
       and wsr_web_site_sk = web_site_sk
 group by web_site_id)
  select  channel
        , id
        , sum(sales) as sales
        , sum(returns) as returns
        , sum(profit) as profit
 from 
 (select 'store channel' as channel
        , 'store' || s_store_id as id
        , sales
        , returns
        , (profit - profit_loss) as profit
 from   ssr
 union all
 select 'catalog channel' as channel
        , 'catalog_page' || cp_catalog_page_id as id
        , sales
        , returns
        , (profit - profit_loss) as profit
 from  csr
 union all
 select 'web channel' as channel
        , 'web_site' || web_site_id as id
        , sales
        , returns
        , (profit - profit_loss) as profit
 from   wsr
 ) x
 group by rollup (channel, id)
 order by channel
         ,id
 limit 100;
Limit  (cost=224893.68..224905.84 rows=100 width=88) (actual time=2388.158..2495.155 rows=100 loops=1)
  ->  GroupAggregate  (cost=224893.68..224942.44 rows=401 width=88) (actual time=2388.158..2495.146 rows=100 loops=1)
        Group Key: ('store channel'::text), (('store'::text || (ssr.s_store_id)::text))
        Group Key: ('store channel'::text)
        Group Key: ()
        ->  Gather Merge  (cost=224893.68..224934.09 rows=347 width=88) (actual time=2388.147..2495.061 rows=101 loops=1)
              Workers Planned: 2
              Workers Launched: 2
              ->  Sort  (cost=223893.66..223894.02 rows=144 width=88) (actual time=1489.441..1489.462 rows=230 loops=3)
                    Sort Key: ('store channel'::text), (('store'::text || (ssr.s_store_id)::text))
                    Sort Method: quicksort  Memory: 26kB
                    Worker 0:  Sort Method: quicksort  Memory: 106kB
                    Worker 1:  Sort Method: quicksort  Memory: 25kB
                    ->  Parallel Append  (cost=3.11..223888.50 rows=144 width=88) (actual time=1474.577..1489.260 rows=255 loops=3)
                          ->  Subquery Scan on ssr  (cost=3.11..215645.60 rows=6 width=88) (actual time=2340.789..2379.389 rows=6 loops=1)
                                ->  GroupAggregate  (cost=3.11..215645.50 rows=6 width=49) (actual time=2340.785..2379.382 rows=6 loops=1)
                                      Group Key: store.s_store_id
                                      ->  Nested Loop  (cost=3.11..215644.95 rows=39 width=49) (actual time=13.782..2375.682 rows=30419 loops=1)
                                            Join Filter: ("*SELECT* 1".store_sk = store.s_store_sk)
                                            Rows Removed by Join Filter: 343573
                                            ->  Index Scan using i_s_store_id on store  (cost=0.14..3.62 rows=12 width=25) (actual time=0.065..0.073 rows=12 loops=1)
                                            ->  Materialize  (cost=2.98..215525.43 rows=653 width=40) (actual time=0.228..195.762 rows=31166 loops=12)
                                                  ->  Hash Join  (cost=2.98..215522.16 rows=653 width=40) (actual time=2.722..2326.970 rows=31166 loops=1)
                                                        Hash Cond: ("*SELECT* 1".date_sk = date_dim.d_date_sk)
                                                        ->  Append  (cost=0.00..175381.80 rows=3179160 width=48) (actual time=0.036..2129.635 rows=3129470 loops=1)
                                                              ->  Subquery Scan on "*SELECT* 1"  (cost=0.00..145721.67 rows=2890667 width=48) (actual time=0.036..1798.078 rows=2844450 loops=1)
                                                                    ->  Seq Scan on store_sales  (cost=0.00..102361.67 rows=2890667 width=60) (actual time=0.029..994.188 rows=2844450 loops=1)
                                                              ->  Subquery Scan on "*SELECT* 2"  (cost=0.00..13764.33 rows=288493 width=48) (actual time=0.038..145.002 rows=285020 loops=1)
                                                                    ->  Seq Scan on store_returns  (cost=0.00..9436.93 rows=288493 width=60) (actual time=0.037..65.042 rows=285020 loops=1)
                                                        ->  Hash  (cost=2.79..2.79 rows=15 width=8) (actual time=0.091..0.092 rows=15 loops=1)
                                                              Buckets: 1024  Batches: 1  Memory Usage: 9kB
                                                              ->  Index Scan using i_d_date on date_dim  (cost=0.29..2.79 rows=15 width=8) (actual time=0.083..0.085 rows=15 loops=1)
                                                                    Index Cond: ((d_date >= '1999-08-06'::date) AND (d_date <= '1999-08-20 00:00:00'::timestamp without time zone))
                          ->  Subquery Scan on csr  (cost=125690.33..125704.19 rows=326 width=88) (actual time=1270.777..1274.591 rows=745 loops=1)
                                ->  GroupAggregate  (cost=125690.33..125698.48 rows=326 width=49) (actual time=1270.772..1274.377 rows=745 loops=1)
                                      Group Key: catalog_page.cp_catalog_page_id
                                      ->  Sort  (cost=125690.33..125691.15 rows=326 width=49) (actual time=1270.761..1271.493 rows=16203 loops=1)
                                            Sort Key: catalog_page.cp_catalog_page_id
                                            Worker 0:  Sort Method: quicksort  Memory: 1903kB
                                            ->  Nested Loop  (cost=3.26..125676.72 rows=326 width=49) (actual time=315.827..1243.813 rows=16203 loops=1)
                                                  ->  Hash Join  (cost=2.98..125578.05 rows=326 width=40) (actual time=307.656..1223.144 rows=16257 loops=1)
                                                        Hash Cond: ("*SELECT* 1_1".date_sk = date_dim_1.d_date_sk)
                                                        ->  Append  (cost=0.00..105503.42 rows=1589814 width=48) (actual time=0.040..1123.924 rows=1564722 loops=1)
                                                              ->  Subquery Scan on "*SELECT* 1_1"  (cost=0.00..89590.98 rows=1444839 width=48) (actual time=0.040..948.509 rows=1421368 loops=1)
                                                                    ->  Seq Scan on catalog_sales  (cost=0.00..67918.39 rows=1444839 width=60) (actual time=0.033..539.267 rows=1421368 loops=1)
                                                              ->  Subquery Scan on "*SELECT* 2_1"  (cost=0.00..7963.38 rows=144975 width=48) (actual time=0.040..82.290 rows=143354 loops=1)
                                                                    ->  Seq Scan on catalog_returns  (cost=0.00..5788.75 rows=144975 width=60) (actual time=0.038..40.067 rows=143354 loops=1)
                                                        ->  Hash  (cost=2.79..2.79 rows=15 width=8) (actual time=0.098..0.099 rows=15 loops=1)
                                                              Buckets: 1024  Batches: 1  Memory Usage: 9kB
                                                              ->  Index Scan using i_d_date on date_dim date_dim_1  (cost=0.29..2.79 rows=15 width=8) (actual time=0.090..0.093 rows=15 loops=1)
                                                                    Index Cond: ((d_date >= '1999-08-06'::date) AND (d_date <= '1999-08-20 00:00:00'::timestamp without time zone))
                                                  ->  Index Scan using pk_catalog_page on catalog_page  (cost=0.29..0.30 rows=1 width=25) (actual time=0.001..0.001 rows=1 loops=16257)
                                                        Index Cond: (cp_catalog_page_sk = "*SELECT* 1_1".page_sk)
                          ->  Subquery Scan on wsr  (cost=98182.82..98183.59 rows=15 width=88) (actual time=812.164..813.726 rows=15 loops=1)
                                ->  GroupAggregate  (cost=98182.82..98183.33 rows=15 width=49) (actual time=812.161..813.718 rows=15 loops=1)
                                      Group Key: web_site.web_site_id
                                      ->  Sort  (cost=98182.82..98182.88 rows=24 width=49) (actual time=812.044..812.387 rows=8213 loops=1)
                                            Sort Key: web_site.web_site_id
                                            Sort Method: quicksort  Memory: 1154kB
                                            ->  Nested Loop  (cost=2.98..98182.26 rows=24 width=49) (actual time=0.295..806.405 rows=8213 loops=1)
                                                  Join Filter: ("*SELECT* 1_2".wsr_web_site_sk = web_site.web_site_sk)
                                                  Rows Removed by Join Filter: 108315
                                                  ->  Hash Join  (cost=2.98..98106.96 rows=163 width=40) (actual time=0.276..793.695 rows=8216 loops=1)
                                                        Hash Cond: ("*SELECT* 1_2".date_sk = date_dim_2.d_date_sk)
                                                        ->  Append  (cost=0.00..88070.66 rows=794709 width=48) (actual time=0.007..742.464 rows=782961 loops=1)
                                                              ->  Subquery Scan on "*SELECT* 1_2"  (cost=0.00..44824.80 rows=722552 width=48) (actual time=0.007..402.391 rows=711555 loops=1)
                                                                    ->  Seq Scan on web_sales  (cost=0.00..33986.52 rows=722552 width=60) (actual time=0.004..200.479 rows=711555 loops=1)
                                                              ->  Subquery Scan on "*SELECT* 2_2"  (cost=0.43..39272.31 rows=72157 width=48) (actual time=0.045..293.639 rows=71406 loops=1)
                                                                    ->  Nested Loop Left Join  (cost=0.43..38189.96 rows=72157 width=60) (actual time=0.043..268.757 rows=71406 loops=1)
                                                                          ->  Seq Scan on web_returns  (cost=0.00..2622.57 rows=72157 width=40) (actual time=0.014..8.419 rows=71406 loops=1)
                                                                          ->  Memoize  (cost=0.43..0.91 rows=1 width=24) (actual time=0.003..0.003 rows=1 loops=71406)
                                                                                Cache Key: web_returns.wr_item_sk, web_returns.wr_order_number
                                                                                Cache Mode: logical
                                                                                Hits: 0  Misses: 71406  Evictions: 0  Overflows: 0  Memory Usage: 9423kB
                                                                                ->  Index Scan using pk_web_sales on web_sales web_sales_1  (cost=0.42..0.90 rows=1 width=24) (actual time=0.003..0.003 rows=1 loops=71406)
                                                                                      Index Cond: ((ws_item_sk = web_returns.wr_item_sk) AND (ws_order_number = web_returns.wr_order_number))
                                                        ->  Hash  (cost=2.79..2.79 rows=15 width=8) (actual time=0.014..0.015 rows=15 loops=1)
                                                              Buckets: 1024  Batches: 1  Memory Usage: 9kB
                                                              ->  Index Scan using i_d_date on date_dim date_dim_2  (cost=0.29..2.79 rows=15 width=8) (actual time=0.008..0.011 rows=15 loops=1)
                                                                    Index Cond: ((d_date >= '1999-08-06'::date) AND (d_date <= '1999-08-20 00:00:00'::timestamp without time zone))
                                                  ->  Materialize  (cost=0.00..2.45 rows=30 width=25) (actual time=0.000..0.001 rows=14 loops=8216)
                                                        ->  Seq Scan on web_site  (cost=0.00..2.30 rows=30 width=25) (actual time=0.004..0.010 rows=30 loops=1)
     channel     |              id              |       sales        |      returns       |       profit        
-----------------+------------------------------+--------------------+--------------------+---------------------
 catalog channel | catalog_pageAAAAAAAAAAFAAAAA |                  0 |             702.16 |             -1326.6
 catalog channel | catalog_pageAAAAAAAAAAIAAAAA |                  0 | 14293.029999999999 |             -8493.4
 catalog channel | catalog_pageAAAAAAAAAAJAAAAA |                  0 | 179.42000000000002 |             -545.92
 catalog channel | catalog_pageAAAAAAAAABFAAAAA |                  0 |              507.3 |             -402.06
 catalog channel | catalog_pageAAAAAAAAABIAAAAA |          219752.81 |            3229.13 |            -1607.21
 catalog channel | catalog_pageAAAAAAAAACIAAAAA | 247016.41999999993 |                  0 | -16005.769999999995
 catalog channel | catalog_pageAAAAAAAAACKAAAAA |                  0 |             684.48 |              -416.1
 catalog channel | catalog_pageAAAAAAAAADIAAAAA | 105869.33999999997 |                  0 |  -38778.20999999999
 catalog channel | catalog_pageAAAAAAAAADKAAAAA |            1126.08 |                  0 |              -79.22
 catalog channel | catalog_pageAAAAAAAAAEIAAAAA |          255863.54 |             177.45 |            -18090.6
 catalog channel | catalog_pageAAAAAAAAAEJAAAAA |                  0 |             4395.3 |            -1511.63
 catalog channel | catalog_pageAAAAAAAAAEKAAAAA |            6268.65 |                  0 |            -6584.13
 catalog channel | catalog_pageAAAAAAAAAFEAAAAA |                  0 |            3203.28 |             -673.48
 catalog channel | catalog_pageAAAAAAAAAFIAAAAA | 162081.85999999993 |                  0 | -14982.770000000002
 catalog channel | catalog_pageAAAAAAAAAFKAAAAA |           14088.96 |                  0 |                1595
 catalog channel | catalog_pageAAAAAAAAAGBAAAAA |                  0 |              71.34 |             -775.38
 catalog channel | catalog_pageAAAAAAAAAGIAAAAA | 157517.51999999993 |              26.66 |  -32342.36000000001
 catalog channel | catalog_pageAAAAAAAAAGKAAAAA |            8540.32 |            4365.36 |  217.61000000000013
 catalog channel | catalog_pageAAAAAAAAAHIAAAAA |          176141.33 |                  0 |           -12965.74
 catalog channel | catalog_pageAAAAAAAAAHJAAAAA |                  0 |            5534.51 |            -2855.75
 catalog channel | catalog_pageAAAAAAAAAHKAAAAA |            2641.16 |                  0 |  125.27999999999997
 catalog channel | catalog_pageAAAAAAAAAIBAAAAA |                  0 |            5981.42 |            -3657.76
 catalog channel | catalog_pageAAAAAAAAAIIAAAAA |           50289.01 |                  0 |  -2068.669999999999
 catalog channel | catalog_pageAAAAAAAAAIJAAAAA |                  0 |              83.41 |              -47.35
 catalog channel | catalog_pageAAAAAAAAAIKAAAAA | 489.68000000000006 |                  0 |              -143.2
 catalog channel | catalog_pageAAAAAAAAAJIAAAAA |  91816.91000000002 |               20.9 |  1255.6400000000006
 catalog channel | catalog_pageAAAAAAAAAJKAAAAA |  55227.26000000001 |                  0 | -10204.300000000003
 catalog channel | catalog_pageAAAAAAAAAKAAAAAA |                  0 |            2309.31 | -2555.8500000000004
 catalog channel | catalog_pageAAAAAAAAAKEAAAAA |                  0 |             3738.1 |             -686.61
 catalog channel | catalog_pageAAAAAAAAAKHAAAAA |                  0 |            6920.85 |            -5351.26
 catalog channel | catalog_pageAAAAAAAAAKIAAAAA |  98823.12000000001 |            2872.32 |           -15169.03
 catalog channel | catalog_pageAAAAAAAAAKJAAAAA |                  0 |             4065.2 |             -917.04
 catalog channel | catalog_pageAAAAAAAAAKKAAAAA |  98827.87000000001 |                  0 | -11237.369999999995
 catalog channel | catalog_pageAAAAAAAAALAAAAAA |                  0 |             350.64 |             -314.72
 catalog channel | catalog_pageAAAAAAAAALEAAAAA |                  0 |              470.9 |             -166.88
 catalog channel | catalog_pageAAAAAAAAALHAAAAA |                  0 |            1740.57 |            -1253.05
 catalog channel | catalog_pageAAAAAAAAALIAAAAA |           58532.39 |             173.44 |           -31090.05
 catalog channel | catalog_pageAAAAAAAAALKAAAAA |           105785.4 |                  0 |           -17604.31
 catalog channel | catalog_pageAAAAAAAAAMAAAAAA |                  0 | 1164.6399999999999 |            -2227.75
 catalog channel | catalog_pageAAAAAAAAAMHAAAAA |                  0 |           21338.83 |  -9658.400000000001
 catalog channel | catalog_pageAAAAAAAAAMIAAAAA |           54261.85 |            1494.85 | -10471.730000000003
 catalog channel | catalog_pageAAAAAAAAAMKAAAAA |  72978.45000000001 |                  0 |           -18195.04
 catalog channel | catalog_pageAAAAAAAAANEAAAAA |                  0 |             2942.7 |            -1228.33
 catalog channel | catalog_pageAAAAAAAAANHAAAAA |                  0 | 10637.560000000001 |            -1083.99
 catalog channel | catalog_pageAAAAAAAAANIAAAAA |          128008.17 |            2193.52 |  -8158.799999999999
 catalog channel | catalog_pageAAAAAAAAANJAAAAA |                  0 |             476.02 |             -306.56
 catalog channel | catalog_pageAAAAAAAAANKAAAAA |           68180.96 |                  0 | -12557.240000000002
 catalog channel | catalog_pageAAAAAAAAAOHAAAAA |                  0 |            4552.57 |            -2076.65
 catalog channel | catalog_pageAAAAAAAAAOIAAAAA |                  0 |              180.6 |             -146.52
 catalog channel | catalog_pageAAAAAAAAAOKAAAAA |           60044.41 |                  0 | -10212.439999999997
 catalog channel | catalog_pageAAAAAAAAAPEAAAAA |                  0 |             576.15 |             -400.49
 catalog channel | catalog_pageAAAAAAAAAPHAAAAA |                  0 |               1054 |             -578.85
 catalog channel | catalog_pageAAAAAAAAAPIAAAAA |                  0 |              23.38 |              -28.12
 catalog channel | catalog_pageAAAAAAAAAPJAAAAA |                  0 |             322.26 |             -128.52
 catalog channel | catalog_pageAAAAAAAAAPKAAAAA | 102546.45999999999 |                  0 |  14277.169999999996
 catalog channel | catalog_pageAAAAAAAABAIAAAAA |                  0 |  9515.690000000002 |            -1933.81
 catalog channel | catalog_pageAAAAAAAABBIAAAAA |          174142.02 |             441.87 |  3956.5199999999995
 catalog channel | catalog_pageAAAAAAAABCIAAAAA | 159626.51000000007 |                  0 |  -4356.179999999992
 catalog channel | catalog_pageAAAAAAAABCKAAAAA | 13428.380000000001 |                  0 |             4921.11
 catalog channel | catalog_pageAAAAAAAABDIAAAAA | 213977.63999999996 |                  0 |   15707.74999999999
 catalog channel | catalog_pageAAAAAAAABDKAAAAA |            1487.52 |                  0 | -1801.9899999999998
 catalog channel | catalog_pageAAAAAAAABEIAAAAA |          233159.89 |            1914.88 |  29592.199999999997
 catalog channel | catalog_pageAAAAAAAABEJAAAAA |                  0 |             221.62 |             -308.94
 catalog channel | catalog_pageAAAAAAAABEKAAAAA |           26072.35 |             264.48 |   9638.599999999999
 catalog channel | catalog_pageAAAAAAAABFIAAAAA | 238313.23999999993 |              977.5 |   8296.159999999998
 catalog channel | catalog_pageAAAAAAAABFKAAAAA |               2074 |                  0 |              774.05
 catalog channel | catalog_pageAAAAAAAABGIAAAAA |          162488.74 |             196.56 | -27823.429999999997
 catalog channel | catalog_pageAAAAAAAABGKAAAAA | 11062.449999999999 |                  0 | -2635.9900000000002
 catalog channel | catalog_pageAAAAAAAABHAAAAAA |                  0 |             304.08 |              -83.92
 catalog channel | catalog_pageAAAAAAAABHBAAAAA |                  0 |             482.72 |             -301.01
 catalog channel | catalog_pageAAAAAAAABHIAAAAA |          137181.06 |            1101.03 |  -1616.289999999997
 catalog channel | catalog_pageAAAAAAAABHKAAAAA |             3055.8 |                  0 |               674.3
 catalog channel | catalog_pageAAAAAAAABIIAAAAA | 57871.729999999996 |                  0 | -22645.399999999998
 catalog channel | catalog_pageAAAAAAAABIJAAAAA |                  0 |            1118.65 |             -715.32
 catalog channel | catalog_pageAAAAAAAABIKAAAAA | 1510.6100000000001 |             7803.9 |            -9703.52
 catalog channel | catalog_pageAAAAAAAABJAAAAAA |                  0 |              705.6 |             -148.06
 catalog channel | catalog_pageAAAAAAAABJBAAAAA |                  0 |            2128.78 | -1834.8899999999999
 catalog channel | catalog_pageAAAAAAAABJIAAAAA | 56009.139999999985 |                  0 |            -13195.7
 catalog channel | catalog_pageAAAAAAAABJKAAAAA |  82571.94999999998 |                  0 |  -630.9600000000023
 catalog channel | catalog_pageAAAAAAAABKAAAAAA |                  0 |            1318.56 | -306.65000000000003
 catalog channel | catalog_pageAAAAAAAABKBAAAAA |                  0 |                786 |             -472.45
 catalog channel | catalog_pageAAAAAAAABKHAAAAA |                  0 |            2314.52 |            -1799.21
 catalog channel | catalog_pageAAAAAAAABKIAAAAA |            60807.3 |             309.12 |           -25110.56
 catalog channel | catalog_pageAAAAAAAABKJAAAAA |                  0 |              26.34 |               -73.3
 catalog channel | catalog_pageAAAAAAAABKKAAAAA | 100199.81999999998 |                  0 |   9315.329999999998
 catalog channel | catalog_pageAAAAAAAABLEAAAAA |                  0 |            1118.88 |             -256.92
 catalog channel | catalog_pageAAAAAAAABLHAAAAA |                  0 | 12133.090000000002 |            -4936.53
 catalog channel | catalog_pageAAAAAAAABLIAAAAA |  84132.47000000002 |                  0 |   2946.999999999999
 catalog channel | catalog_pageAAAAAAAABLJAAAAA |                  0 |             103.84 |             -156.29
 catalog channel | catalog_pageAAAAAAAABLKAAAAA | 63331.350000000006 |                  0 | -1146.2099999999996
 catalog channel | catalog_pageAAAAAAAABMAAAAAA |                  0 |               8.51 |              -65.62
 catalog channel | catalog_pageAAAAAAAABMHAAAAA |                  0 |            2910.63 |            -1727.66
 catalog channel | catalog_pageAAAAAAAABMIAAAAA |  84174.44999999997 |                  0 |            -9297.42
 catalog channel | catalog_pageAAAAAAAABMKAAAAA |  78691.61999999998 |                  0 | -18725.299999999996
 catalog channel | catalog_pageAAAAAAAABNAAAAAA |                  0 |           13426.35 |            -5810.72
 catalog channel | catalog_pageAAAAAAAABNHAAAAA |                  0 |            8949.39 |            -4436.76
 catalog channel | catalog_pageAAAAAAAABNIAAAAA |          113945.88 |               5.81 |             1563.51
 catalog channel | catalog_pageAAAAAAAABNKAAAAA |  80724.18000000001 |                  0 |   6659.459999999999
 catalog channel | catalog_pageAAAAAAAABOHAAAAA |                  0 |             387.96 |             -937.42
 catalog channel | catalog_pageAAAAAAAABOKAAAAA |           72546.78 |                  0 | -15177.259999999997
(100 rows)

UPDATE time_statistics SET e_time = TRANSACTION_TIMESTAMP() WHERE template = '../query_postgresql/query5.tpl' AND stream = 6;
psql:/tmp/s1-basline/throughput/query_6.sql:376: NOTICE:  duration: 0.107 ms  plan:
Query Text: UPDATE time_statistics SET e_time = TRANSACTION_TIMESTAMP() WHERE template = '../query_postgresql/query5.tpl' AND stream = 6;
Update on time_statistics  (cost=0.00..12.86 rows=0 width=0) (actual time=0.106..0.106 rows=0 loops=1)
  ->  Seq Scan on time_statistics  (cost=0.00..12.86 rows=1 width=14) (actual time=0.070..0.072 rows=1 loops=1)
        Filter: ((template = '../query_postgresql/query5.tpl'::text) AND (stream = 6))
        Rows Removed by Filter: 423
UPDATE 1
LOAD 'auto_explain'; SET auto_explain.log_min_duration TO 0; SET auto_explain.log_analyze TO on; SET auto_explain.log_level TO notice; INSERT INTO time_statistics (template, s_time, stream, query, seed) VALUES ('query53.tpl', TRANSACTION_TIMESTAMP(), 6, 7, 605240168);
LOAD
SET
SET
SET
psql:/tmp/s1-basline/throughput/query_6.sql:377: NOTICE:  duration: 0.010 ms  plan:
Query Text: INSERT INTO time_statistics (template, s_time, stream, query, seed) VALUES ('query53.tpl', TRANSACTION_TIMESTAMP(), 6, 7, 605240168);
Insert on time_statistics  (cost=0.00..0.01 rows=0 width=0) (actual time=0.010..0.010 rows=0 loops=1)
  ->  Result  (cost=0.00..0.01 rows=1 width=64) (actual time=0.002..0.002 rows=1 loops=1)
INSERT 0 1
select  * from 
(select i_manufact_id,
sum(ss_sales_price) sum_sales,
avg(sum(ss_sales_price)) over (partition by i_manufact_id) avg_quarterly_sales
from item, store_sales, date_dim, store
where ss_item_sk = i_item_sk and
ss_sold_date_sk = d_date_sk and
ss_store_sk = s_store_sk and
d_month_seq in (1184,1184+1,1184+2,1184+3,1184+4,1184+5,1184+6,1184+7,1184+8,1184+9,1184+10,1184+11) and
((i_category in ('Books','Children','Electronics') and
i_class in ('personal','portable','reference','self-help') and
i_brand in ('scholaramalgamalg #14','scholaramalgamalg #7',
		'exportiunivamalg #9','scholaramalgamalg #9'))
or(i_category in ('Women','Music','Men') and
i_class in ('accessories','classical','fragrances','pants') and
i_brand in ('amalgimporto #1','edu packscholar #1','exportiimporto #1',
		'importoamalg #1')))
group by i_manufact_id, d_qoy ) tmp1
where case when avg_quarterly_sales > 0 
	then abs (sum_sales - avg_quarterly_sales)/ avg_quarterly_sales 
	else null end > 0.1
order by avg_quarterly_sales,
	 sum_sales,
	 i_manufact_id
limit 100;
psql:/tmp/s1-basline/throughput/query_6.sql:402: NOTICE:  duration: 309.535 ms  plan:
Query Text: select  * from 
(select i_manufact_id,
sum(ss_sales_price) sum_sales,
avg(sum(ss_sales_price)) over (partition by i_manufact_id) avg_quarterly_sales
from item, store_sales, date_dim, store
where ss_item_sk = i_item_sk and
ss_sold_date_sk = d_date_sk and
ss_store_sk = s_store_sk and
d_month_seq in (1184,1184+1,1184+2,1184+3,1184+4,1184+5,1184+6,1184+7,1184+8,1184+9,1184+10,1184+11) and
((i_category in ('Books','Children','Electronics') and
i_class in ('personal','portable','reference','self-help') and
i_brand in ('scholaramalgamalg #14','scholaramalgamalg #7',
		'exportiunivamalg #9','scholaramalgamalg #9'))
or(i_category in ('Women','Music','Men') and
i_class in ('accessories','classical','fragrances','pants') and
i_brand in ('amalgimporto #1','edu packscholar #1','exportiimporto #1',
		'importoamalg #1')))
group by i_manufact_id, d_qoy ) tmp1
where case when avg_quarterly_sales > 0 
	then abs (sum_sales - avg_quarterly_sales)/ avg_quarterly_sales 
	else null end > 0.1
order by avg_quarterly_sales,
	 sum_sales,
	 i_manufact_id
limit 100;
Limit  (cost=7691.86..7691.87 rows=6 width=20) (actual time=309.461..309.477 rows=100 loops=1)
  ->  Sort  (cost=7691.86..7691.87 rows=6 width=20) (actual time=309.460..309.468 rows=100 loops=1)
        Sort Key: tmp1.avg_quarterly_sales, tmp1.sum_sales, tmp1.i_manufact_id
        Sort Method: top-N heapsort  Memory: 39kB
        ->  Subquery Scan on tmp1  (cost=7690.69..7691.78 rows=6 width=20) (actual time=299.109..309.067 rows=1471 loops=1)
              Filter: (CASE WHEN (tmp1.avg_quarterly_sales > '0'::double precision) THEN (abs((tmp1.sum_sales - tmp1.avg_quarterly_sales)) / tmp1.avg_quarterly_sales) ELSE NULL::double precision END > '0.1'::double precision)
              Rows Removed by Filter: 185
              ->  WindowAgg  (cost=7690.69..7691.35 rows=19 width=24) (actual time=299.106..308.752 rows=1656 loops=1)
                    ->  GroupAggregate  (cost=7690.69..7691.07 rows=19 width=16) (actual time=299.067..307.497 rows=1656 loops=1)
                          Group Key: item.i_manufact_id, date_dim.d_qoy
                          ->  Sort  (cost=7690.69..7690.74 rows=19 width=16) (actual time=299.056..301.309 rows=36374 loops=1)
                                Sort Key: item.i_manufact_id, date_dim.d_qoy
                                Sort Method: quicksort  Memory: 3522kB
                                ->  Nested Loop  (cost=0.76..7690.28 rows=19 width=16) (actual time=0.161..285.726 rows=36374 loops=1)
                                      Join Filter: (store_sales.ss_store_sk = store.s_store_sk)
                                      Rows Removed by Join Filter: 167731
                                      ->  Nested Loop  (cost=0.76..7685.84 rows=20 width=24) (actual time=0.149..249.670 rows=37300 loops=1)
                                            ->  Nested Loop  (cost=0.43..6951.24 rows=4175 width=28) (actual time=0.046..189.612 rows=116106 loops=1)
                                                  ->  Seq Scan on item  (cost=0.00..1931.00 rows=26 width=12) (actual time=0.031..23.076 rows=900 loops=1)
                                                        Filter: (((i_category = ANY ('{Books,Children,Electronics}'::bpchar[])) AND (i_class = ANY ('{personal,portable,reference,self-help}'::bpchar[])) AND (i_brand = ANY ('{"scholaramalgamalg #14","scholaramalgamalg #7","exportiunivamalg #9","scholaramalgamalg #9"}'::bpchar[]))) OR ((i_category = ANY ('{Women,Music,Men}'::bpchar[])) AND (i_class = ANY ('{accessories,classical,fragrances,pants}'::bpchar[])) AND (i_brand = ANY ('{"amalgimporto #1","edu packscholar #1","exportiimporto #1","importoamalg #1"}'::bpchar[]))))
                                                        Rows Removed by Filter: 17100
                                                  ->  Index Scan using pk_store_sales on store_sales  (cost=0.43..191.34 rows=175 width=32) (actual time=0.007..0.154 rows=129 loops=900)
                                                        Index Cond: (ss_item_sk = item.i_item_sk)
                                            ->  Memoize  (cost=0.33..0.36 rows=1 width=12) (actual time=0.000..0.000 rows=0 loops=116106)
                                                  Cache Key: store_sales.ss_sold_date_sk
                                                  Cache Mode: logical
                                                  Hits: 114391  Misses: 1715  Evictions: 0  Overflows: 0  Memory Usage: 138kB
                                                  ->  Index Scan using pk_date_dim on date_dim  (cost=0.32..0.35 rows=1 width=12) (actual time=0.002..0.002 rows=0 loops=1715)
                                                        Index Cond: (d_date_sk = store_sales.ss_sold_date_sk)
                                                        Filter: (d_month_seq = ANY ('{1184,1185,1186,1187,1188,1189,1190,1191,1192,1193,1194,1195}'::integer[]))
                                                        Rows Removed by Filter: 1
                                      ->  Materialize  (cost=0.00..1.18 rows=12 width=8) (actual time=0.000..0.000 rows=5 loops=37300)
                                            ->  Seq Scan on store  (cost=0.00..1.12 rows=12 width=8) (actual time=0.003..0.005 rows=12 loops=1)
 i_manufact_id |     sum_sales      | avg_quarterly_sales 
---------------+--------------------+---------------------
           425 | 152.20999999999998 |  303.23999999999995
           425 |             206.56 |  303.23999999999995
           425 | 218.14999999999998 |  303.23999999999995
           425 |  636.0399999999998 |  303.23999999999995
           196 |             117.22 |               324.3
           196 |             167.68 |               324.3
           196 |                439 |               324.3
           196 |  573.3000000000001 |               324.3
           211 |  74.24000000000001 |  350.92999999999995
           211 | 169.26999999999998 |  350.92999999999995
           211 |                538 |  350.92999999999995
           211 |  622.2099999999999 |  350.92999999999995
           162 | 202.90999999999997 |   354.5450000000001
           162 | 494.77000000000015 |   354.5450000000001
           455 | 193.32999999999998 |            354.7425
           455 | 194.59000000000003 |            354.7425
           455 | 436.88000000000005 |            354.7425
           455 |             594.17 |            354.7425
           297 |             191.93 |            359.0775
           297 | 454.21999999999997 |            359.0775
           297 |             455.28 |            359.0775
           550 |              86.91 |             362.665
           550 |              102.7 |             362.665
           550 |             430.38 |             362.665
           550 |  830.6700000000001 |             362.665
           481 |              35.25 |            366.7125
           481 | 434.71999999999997 |            366.7125
           481 |  451.0100000000001 |            366.7125
           481 |             545.87 |            366.7125
           348 |  76.85000000000001 |            370.6175
           348 |              88.06 |            370.6175
           348 |  520.7199999999999 |            370.6175
           348 |  796.8400000000001 |            370.6175
           417 |             166.81 |            372.0525
           417 | 191.34999999999997 |            372.0525
           417 |              295.4 |            372.0525
           417 |             834.65 |            372.0525
           354 | 162.40000000000003 |  373.66499999999996
           354 |             172.39 |  373.66499999999996
           354 |              540.5 |  373.66499999999996
           354 |             619.37 |  373.66499999999996
           530 |              17.58 |  376.98499999999996
           530 |             165.06 |  376.98499999999996
           530 |  939.5599999999998 |  376.98499999999996
           804 |             109.08 |   384.5249999999999
           804 | 199.39999999999998 |   384.5249999999999
           804 |             258.96 |   384.5249999999999
           804 |  970.6599999999997 |   384.5249999999999
           110 | 201.29000000000002 |            393.3575
           110 | 277.03999999999996 |            393.3575
           110 | 326.27000000000004 |            393.3575
           110 |             768.83 |            393.3575
           997 |             263.89 |  396.36749999999995
           997 |             356.27 |  396.36749999999995
           997 |  450.1700000000001 |  396.36749999999995
           997 |             515.14 |  396.36749999999995
           987 |             110.06 |  403.89750000000004
           987 |             719.74 |  403.89750000000004
           637 |             262.43 |  409.02750000000003
           637 | 300.34000000000003 |  409.02750000000003
           637 | 504.71999999999997 |  409.02750000000003
           637 |             568.62 |  409.02750000000003
            87 |             153.28 |            409.6625
            87 |             243.07 |            409.6625
            87 |  536.8900000000001 |            409.6625
            87 |  705.4100000000001 |            409.6625
           869 |              100.3 |  411.89750000000004
           869 | 194.83999999999997 |  411.89750000000004
           869 |  541.3600000000001 |  411.89750000000004
           869 |             811.09 |  411.89750000000004
           633 | 217.47000000000003 |  418.83000000000004
           633 |  617.5400000000001 |  418.83000000000004
           699 | 25.599999999999998 |  420.15749999999997
           699 |             319.19 |  420.15749999999997
           699 |             571.54 |  420.15749999999997
           699 |              764.3 |  420.15749999999997
           626 |             155.34 |             420.295
           626 |             353.65 |             420.295
           626 | 356.15000000000003 |             420.295
           626 |             816.04 |             420.295
           213 | 159.97000000000003 |            423.7375
           213 |             277.34 |            423.7375
           213 | 495.23999999999995 |            423.7375
           213 |  762.4000000000001 |            423.7375
           312 |             128.91 |            426.6775
           312 | 132.91000000000003 |            426.6775
           312 |  707.3100000000001 |            426.6775
           312 |             737.58 |            426.6775
           152 |              20.05 |  429.49999999999994
           152 | 236.46999999999997 |  429.49999999999994
           152 | 352.71000000000004 |  429.49999999999994
           152 | 1108.7699999999998 |  429.49999999999994
           862 | 119.63999999999999 |             429.895
           862 |              250.4 |             429.895
           862 |             303.44 |             429.895
           862 |             1046.1 |             429.895
           684 | 38.809999999999995 |             430.415
           684 |             279.36 |             430.415
           684 |             631.03 |             430.415
           684 |             772.46 |             430.415
(100 rows)

UPDATE time_statistics SET e_time = TRANSACTION_TIMESTAMP() WHERE template = 'query53.tpl' AND stream = 6;
psql:/tmp/s1-basline/throughput/query_6.sql:404: NOTICE:  duration: 0.097 ms  plan:
Query Text: UPDATE time_statistics SET e_time = TRANSACTION_TIMESTAMP() WHERE template = 'query53.tpl' AND stream = 6;
Update on time_statistics  (cost=0.00..12.86 rows=0 width=0) (actual time=0.096..0.096 rows=0 loops=1)
  ->  Seq Scan on time_statistics  (cost=0.00..12.86 rows=1 width=14) (actual time=0.078..0.079 rows=1 loops=1)
        Filter: ((template = 'query53.tpl'::text) AND (stream = 6))
        Rows Removed by Filter: 424
UPDATE 1
LOAD 'auto_explain'; SET auto_explain.log_min_duration TO 0; SET auto_explain.log_analyze TO on; SET auto_explain.log_level TO notice; INSERT INTO time_statistics (template, s_time, stream, query, seed) VALUES ('query7.tpl', TRANSACTION_TIMESTAMP(), 6, 8, 1929665690);
LOAD
SET
SET
SET
psql:/tmp/s1-basline/throughput/query_6.sql:405: NOTICE:  duration: 0.012 ms  plan:
Query Text: INSERT INTO time_statistics (template, s_time, stream, query, seed) VALUES ('query7.tpl', TRANSACTION_TIMESTAMP(), 6, 8, 1929665690);
Insert on time_statistics  (cost=0.00..0.01 rows=0 width=0) (actual time=0.011..0.011 rows=0 loops=1)
  ->  Result  (cost=0.00..0.01 rows=1 width=64) (actual time=0.002..0.002 rows=1 loops=1)
INSERT 0 1
select  i_item_id, 
        avg(ss_quantity) agg1,
        avg(ss_list_price) agg2,
        avg(ss_coupon_amt) agg3,
        avg(ss_sales_price) agg4 
 from store_sales, customer_demographics, date_dim, item, promotion
 where ss_sold_date_sk = d_date_sk and
       ss_item_sk = i_item_sk and
       ss_cdemo_sk = cd_demo_sk and
       ss_promo_sk = p_promo_sk and
       cd_gender = 'F' and 
       cd_marital_status = 'M' and
       cd_education_status = 'Primary' and
       (p_channel_email = 'N' or p_channel_event = 'N') and
       d_year = 2002 
 group by i_item_id
 order by i_item_id
 limit 100;
psql:/tmp/s1-basline/throughput/query_6.sql:423: NOTICE:  duration: 1007.734 ms  plan:
Query Text: select  i_item_id, 
        avg(ss_quantity) agg1,
        avg(ss_list_price) agg2,
        avg(ss_coupon_amt) agg3,
        avg(ss_sales_price) agg4 
 from store_sales, customer_demographics, date_dim, item, promotion
 where ss_sold_date_sk = d_date_sk and
       ss_item_sk = i_item_sk and
       ss_cdemo_sk = cd_demo_sk and
       ss_promo_sk = p_promo_sk and
       cd_gender = 'F' and 
       cd_marital_status = 'M' and
       cd_education_status = 'Primary' and
       (p_channel_email = 'N' or p_channel_event = 'N') and
       d_year = 2002 
 group by i_item_id
 order by i_item_id
 limit 100;
Limit  (cost=3323.51..82613.93 rows=100 width=73) (actual time=689.336..1007.659 rows=100 loops=1)
  ->  GroupAggregate  (cost=3323.51..144460.46 rows=178 width=73) (actual time=689.335..1007.647 rows=100 loops=1)
        Group Key: item.i_item_id
        ->  Nested Loop  (cost=3323.51..144454.67 rows=178 width=45) (actual time=686.888..1007.495 rows=136 loops=1)
              Join Filter: (store_sales.ss_item_sk = item.i_item_sk)
              Rows Removed by Join Filter: 3239678
              ->  Index Scan using i_i_item_id on item  (cost=0.29..1714.59 rows=18000 width=25) (actual time=0.018..0.299 rows=400 loops=1)
              ->  Materialize  (cost=3323.22..94680.53 rows=178 width=36) (actual time=0.034..1.992 rows=8100 loops=400)
                    ->  Nested Loop  (cost=3323.22..94679.64 rows=178 width=36) (actual time=13.621..678.964 rows=8111 loops=1)
                          ->  Gather  (cost=3323.08..94647.87 rows=187 width=44) (actual time=13.614..668.049 rows=8277 loops=1)
                                Workers Planned: 2
                                Workers Launched: 2
                                ->  Nested Loop  (cost=2323.08..93629.17 rows=78 width=44) (actual time=18.384..672.057 rows=2759 loops=3)
                                      ->  Hash Join  (cost=2322.65..90983.94 rows=5718 width=52) (actual time=14.414..290.263 rows=181144 loops=3)
                                            Hash Cond: (store_sales.ss_sold_date_sk = date_dim.d_date_sk)
                                            ->  Parallel Seq Scan on store_sales  (cost=0.00..85499.45 rows=1204445 width=60) (actual time=0.014..125.812 rows=948150 loops=3)
                                            ->  Hash  (cost=2318.11..2318.11 rows=363 width=8) (actual time=14.298..14.299 rows=365 loops=3)
                                                  Buckets: 1024  Batches: 1  Memory Usage: 23kB
                                                  ->  Seq Scan on date_dim  (cost=0.00..2318.11 rows=363 width=8) (actual time=6.941..14.239 rows=365 loops=3)
                                                        Filter: (d_year = 2002)
                                                        Rows Removed by Filter: 72684
                                      ->  Index Scan using pk_customer_demographics on customer_demographics  (cost=0.43..0.46 rows=1 width=8) (actual time=0.002..0.002 rows=0 loops=543433)
                                            Index Cond: (cd_demo_sk = store_sales.ss_cdemo_sk)
                                            Filter: ((cd_gender = 'F'::bpchar) AND (cd_marital_status = 'M'::bpchar) AND (cd_education_status = 'Primary'::bpchar))
                                            Rows Removed by Filter: 1
                          ->  Index Scan using pk_promotion on promotion  (cost=0.15..0.17 rows=1 width=8) (actual time=0.001..0.001 rows=1 loops=8277)
                                Index Cond: (p_promo_sk = store_sales.ss_promo_sk)
                                Filter: ((p_channel_email = 'N'::bpchar) OR (p_channel_event = 'N'::bpchar))
                                Rows Removed by Filter: 0
    i_item_id     |         agg1         |        agg2        |        agg3        |        agg4        
------------------+----------------------+--------------------+--------------------+--------------------
 AAAAAAAAAAAEAAAA |  27.0000000000000000 |               50.7 |             166.69 |               14.7
 AAAAAAAAAABAAAAA |  72.0000000000000000 |              45.51 |            325.935 |              19.28
 AAAAAAAAAABBAAAA |  43.0000000000000000 |             104.52 |                  0 |              11.49
 AAAAAAAAAABDAAAA |  12.0000000000000000 |               77.3 |                  0 |              51.01
 AAAAAAAAAACAAAAA |  31.0000000000000000 |               8.26 |                  0 |               3.05
 AAAAAAAAAACDAAAA |  82.0000000000000000 |              51.79 |                  0 |              44.53
 AAAAAAAAAADBAAAA |   4.0000000000000000 |              23.16 |                  0 |               12.5
 AAAAAAAAAADEAAAA |  14.0000000000000000 |             115.02 |                  0 |               27.6
 AAAAAAAAAAEAAAAA |  29.0000000000000000 |              32.91 |                  0 |              25.99
 AAAAAAAAAAFAAAAA | 100.0000000000000000 |             155.91 |                  0 |              65.48
 AAAAAAAAAAFCAAAA |  60.0000000000000000 |              77.97 |                  0 |              20.27
 AAAAAAAAAAFDAAAA |  74.0000000000000000 |              62.06 |                  0 |              36.61
 AAAAAAAAAAGBAAAA |  21.0000000000000000 |              88.17 |                  0 |              31.74
 AAAAAAAAAAGCAAAA |  23.5000000000000000 |             80.485 |             728.85 | 62.675000000000004
 AAAAAAAAAAGEAAAA |  21.0000000000000000 |              27.46 |                  0 |              23.06
 AAAAAAAAAAHAAAAA |  81.0000000000000000 |             144.78 |                  0 |              99.89
 AAAAAAAAAAHDAAAA |  63.0000000000000000 |              88.16 |                  0 |              43.19
 AAAAAAAAAAICAAAA |  18.0000000000000000 |              47.26 |                  0 |              32.13
 AAAAAAAAAAIDAAAA |  40.0000000000000000 |              27.63 |                  0 |              27.63
 AAAAAAAAAAJCAAAA |  48.0000000000000000 |              94.53 |                  0 |              77.51
 AAAAAAAAAAKDAAAA |  80.0000000000000000 |              25.77 |                  0 |              17.78
 AAAAAAAAAALDAAAA |  30.5000000000000000 |                125 |                  0 |              72.03
 AAAAAAAAAANAAAAA |  47.0000000000000000 |              79.82 |              71.96 |               3.19
 AAAAAAAAAANBAAAA |  38.0000000000000000 |             144.38 |                  0 |              59.19
 AAAAAAAAAAOAAAAA |  97.0000000000000000 |             153.75 |                  0 |              50.73
 AAAAAAAAAAODAAAA |  63.0000000000000000 |  87.05499999999999 |            258.185 | 43.144999999999996
 AAAAAAAAAAPCAAAA |  69.0000000000000000 |              93.65 |           1219.215 |               91.2
 AAAAAAAAABAAAAAA |                      |             120.11 |                    |                   
 AAAAAAAAABADAAAA |  26.0000000000000000 |              60.26 |                  0 |              35.55
 AAAAAAAAABAEAAAA |  24.0000000000000000 |              24.22 |                  0 |              17.43
 AAAAAAAAABBAAAAA |  75.0000000000000000 |               8.89 |                  0 |               2.22
 AAAAAAAAABBCAAAA |  64.0000000000000000 |               3.95 |                  0 |               0.23
 AAAAAAAAABBDAAAA |  40.0000000000000000 |              36.61 |                  0 |              28.55
 AAAAAAAAABCEAAAA |  91.0000000000000000 |              90.49 |                  0 |              18.09
 AAAAAAAAABDAAAAA |  65.5000000000000000 |              85.12 |                  0 |             33.035
 AAAAAAAAABDBAAAA |  87.0000000000000000 |              26.85 |             426.13 |               5.63
 AAAAAAAAABEAAAAA |  51.5000000000000000 |            132.935 | 1257.3200000000002 |             64.075
 AAAAAAAAABECAAAA |  77.0000000000000000 |              63.78 |                  0 |               20.4
 AAAAAAAAABEDAAAA |   7.0000000000000000 |              15.54 |                  0 |              11.96
 AAAAAAAAABFCAAAA |  75.0000000000000000 |               7.43 |                  0 |                  2
 AAAAAAAAABGDAAAA |  81.0000000000000000 |             81.525 |              67.65 |               2.93
 AAAAAAAAABGEAAAA |  71.0000000000000000 |             113.59 |                  0 |             65.595
 AAAAAAAAABHAAAAA |  80.5000000000000000 |               50.3 |                  0 | 28.845000000000002
 AAAAAAAAABHDAAAA |  66.0000000000000000 |              81.55 |             82.585 |             10.945
 AAAAAAAAABIBAAAA |  54.0000000000000000 |             181.94 |                  0 |              34.56
 AAAAAAAAABICAAAA |  57.0000000000000000 |              29.94 |             358.14 |               7.48
 AAAAAAAAABJAAAAA |  72.0000000000000000 |               6.18 |                  0 |               3.52
 AAAAAAAAABKAAAAA |  71.5000000000000000 |            103.235 |              71.76 |               6.17
 AAAAAAAAABKDAAAA |  80.0000000000000000 |              38.67 |            2497.36 |              32.86
 AAAAAAAAABLCAAAA |   4.0000000000000000 |              20.25 |                  0 |               6.07
 AAAAAAAAABMAAAAA |  98.0000000000000000 |              49.86 |             461.85 |              10.96
 AAAAAAAAABMDAAAA |   6.0000000000000000 |              40.08 |              3.805 |             22.325
 AAAAAAAAABNAAAAA |  85.5000000000000000 |              82.57 |                  0 |              75.22
 AAAAAAAAABNCAAAA |  67.0000000000000000 |              44.66 |                  0 |               1.78
 AAAAAAAAABOBAAAA |  36.0000000000000000 |             110.93 |                  0 |              26.62
 AAAAAAAAABOCAAAA |  20.0000000000000000 |              79.46 |                  0 |              55.62
 AAAAAAAAABPDAAAA |  38.0000000000000000 |               9.23 |                  0 |               2.95
 AAAAAAAAACAAAAAA |  45.0000000000000000 |               3.46 |                  0 |               0.38
 AAAAAAAAACADAAAA |  23.0000000000000000 |             133.45 |                151 | 36.474999999999994
 AAAAAAAAACBBAAAA |  34.0000000000000000 |             133.55 |                  0 |             113.51
 AAAAAAAAACBEAAAA |  61.5000000000000000 | 49.480000000000004 |                  0 |               45.6
 AAAAAAAAACCAAAAA |  34.0000000000000000 |               29.9 |                  0 |              14.05
 AAAAAAAAACCBAAAA |  34.0000000000000000 |             131.43 |            2096.52 |              90.68
 AAAAAAAAACCDAAAA |  35.0000000000000000 |              47.83 |                  0 |               6.21
 AAAAAAAAACCEAAAA |  51.0000000000000000 |            112.125 |                  0 |            100.595
 AAAAAAAAACDAAAAA |  30.0000000000000000 |             184.53 |             124.51 |              27.67
 AAAAAAAAACDDAAAA |  27.0000000000000000 |              54.06 |             470.48 |              33.51
 AAAAAAAAACEBAAAA |  66.0000000000000000 |              41.69 |                  0 |              35.43
 AAAAAAAAACECAAAA |  23.0000000000000000 |             115.38 |                  0 |              49.61
 AAAAAAAAACEEAAAA |  97.0000000000000000 |               2.52 |                  0 |               1.71
 AAAAAAAAACFBAAAA |  43.3333333333333333 |              53.25 |                  0 | 46.309999999999995
 AAAAAAAAACFEAAAA |  51.0000000000000000 |                 63 |             156.42 |               4.86
 AAAAAAAAACGAAAAA |  81.0000000000000000 |              51.36 |                  0 |              23.11
 AAAAAAAAACGCAAAA |  42.0000000000000000 |             99.015 |              62.79 |              63.28
 AAAAAAAAACGDAAAA |  63.0000000000000000 |              66.65 |                  0 | 54.635000000000005
 AAAAAAAAACHBAAAA |  91.0000000000000000 |             102.74 |                  0 |              40.06
 AAAAAAAAACHCAAAA |  67.0000000000000000 |             105.85 |                  0 |              46.57
 AAAAAAAAACIAAAAA |  29.0000000000000000 |             72.885 |              51.21 |              43.55
 AAAAAAAAACIBAAAA |  94.0000000000000000 |             181.94 |              30.62 |               1.81
 AAAAAAAAACIDAAAA |                      |              71.97 |                    |              23.03
 AAAAAAAAACJAAAAA |  38.5000000000000000 |              39.48 |                  0 |             15.035
 AAAAAAAAACJCAAAA |  53.5000000000000000 | 12.809999999999999 |                  0 | 4.5649999999999995
 AAAAAAAAACJDAAAA |  12.0000000000000000 |             168.76 |            1023.89 |             133.32
 AAAAAAAAACKBAAAA |  52.5000000000000000 |             50.345 |                  0 | 36.730000000000004
 AAAAAAAAACLAAAAA |  45.0000000000000000 | 44.739999999999995 |             674.23 |             32.195
 AAAAAAAAACLDAAAA |  43.5000000000000000 |              83.61 |                  0 |              54.07
 AAAAAAAAACMDAAAA |  25.5000000000000000 |              71.82 |            141.175 |             26.525
 AAAAAAAAACOAAAAA |  19.6666666666666667 |  73.60666666666667 |                  0 | 18.333333333333336
 AAAAAAAAACPCAAAA |  39.5000000000000000 |            100.095 |                  0 |              39.66
 AAAAAAAAADABAAAA |   8.0000000000000000 |              61.62 |                  0 |               38.2
 AAAAAAAAADBAAAAA |  19.5000000000000000 |              71.97 |                  0 | 32.574999999999996
 AAAAAAAAADBEAAAA |  81.0000000000000000 |             109.92 |            2804.22 |              69.24
 AAAAAAAAADCAAAAA |  27.0000000000000000 |              86.69 |                  0 |              77.15
 AAAAAAAAADCDAAAA |  57.5000000000000000 |               53.6 |             460.74 |             38.395
 AAAAAAAAADDBAAAA |  68.0000000000000000 |               13.8 |                  0 |               1.79
 AAAAAAAAADDCAAAA |  94.0000000000000000 |              28.47 |                  0 |               6.54
 AAAAAAAAADDEAAAA |  27.0000000000000000 |              51.17 |                  0 |              45.54
 AAAAAAAAADEAAAAA |  38.0000000000000000 |              74.19 |                  0 |              38.57
 AAAAAAAAADEBAAAA |  44.0000000000000000 |              54.83 |                  0 |              12.06
 AAAAAAAAADEDAAAA |  12.0000000000000000 |             65.555 |                  0 |             61.575
(100 rows)

UPDATE time_statistics SET e_time = TRANSACTION_TIMESTAMP() WHERE template = 'query7.tpl' AND stream = 6;
psql:/tmp/s1-basline/throughput/query_6.sql:425: NOTICE:  duration: 0.063 ms  plan:
Query Text: UPDATE time_statistics SET e_time = TRANSACTION_TIMESTAMP() WHERE template = 'query7.tpl' AND stream = 6;
Update on time_statistics  (cost=0.00..12.41 rows=0 width=0) (actual time=0.062..0.062 rows=0 loops=1)
  ->  Seq Scan on time_statistics  (cost=0.00..12.41 rows=1 width=14) (actual time=0.048..0.049 rows=1 loops=1)
        Filter: ((template = 'query7.tpl'::text) AND (stream = 6))
        Rows Removed by Filter: 426
UPDATE 1
LOAD 'auto_explain'; SET auto_explain.log_min_duration TO 0; SET auto_explain.log_analyze TO on; SET auto_explain.log_level TO notice; INSERT INTO time_statistics (template, s_time, stream, query, seed) VALUES ('query58.tpl', TRANSACTION_TIMESTAMP(), 6, 9, 1542659278);
LOAD
SET
SET
SET
psql:/tmp/s1-basline/throughput/query_6.sql:426: NOTICE:  duration: 0.020 ms  plan:
Query Text: INSERT INTO time_statistics (template, s_time, stream, query, seed) VALUES ('query58.tpl', TRANSACTION_TIMESTAMP(), 6, 9, 1542659278);
Insert on time_statistics  (cost=0.00..0.01 rows=0 width=0) (actual time=0.019..0.019 rows=0 loops=1)
  ->  Result  (cost=0.00..0.01 rows=1 width=64) (actual time=0.001..0.001 rows=1 loops=1)
INSERT 0 1
with ss_items as
 (select i_item_id item_id
        ,sum(ss_ext_sales_price) ss_item_rev 
 from store_sales
     ,item
     ,date_dim
 where ss_item_sk = i_item_sk
   and d_date in (select d_date
                  from date_dim
                  where d_week_seq = (select d_week_seq 
                                      from date_dim
                                      where d_date = '1999-03-07'))
   and ss_sold_date_sk   = d_date_sk
 group by i_item_id),
 cs_items as
 (select i_item_id item_id
        ,sum(cs_ext_sales_price) cs_item_rev
  from catalog_sales
      ,item
      ,date_dim
 where cs_item_sk = i_item_sk
  and  d_date in (select d_date
                  from date_dim
                  where d_week_seq = (select d_week_seq 
                                      from date_dim
                                      where d_date = '1999-03-07'))
  and  cs_sold_date_sk = d_date_sk
 group by i_item_id),
 ws_items as
 (select i_item_id item_id
        ,sum(ws_ext_sales_price) ws_item_rev
  from web_sales
      ,item
      ,date_dim
 where ws_item_sk = i_item_sk
  and  d_date in (select d_date
                  from date_dim
                  where d_week_seq =(select d_week_seq 
                                     from date_dim
                                     where d_date = '1999-03-07'))
  and ws_sold_date_sk   = d_date_sk
 group by i_item_id)
  select  ss_items.item_id
       ,ss_item_rev
       ,ss_item_rev/((ss_item_rev+cs_item_rev+ws_item_rev)/3) * 100 ss_dev
       ,cs_item_rev
       ,cs_item_rev/((ss_item_rev+cs_item_rev+ws_item_rev)/3) * 100 cs_dev
       ,ws_item_rev
       ,ws_item_rev/((ss_item_rev+cs_item_rev+ws_item_rev)/3) * 100 ws_dev
       ,(ss_item_rev+cs_item_rev+ws_item_rev)/3 average
 from ss_items,cs_items,ws_items
 where ss_items.item_id=cs_items.item_id
   and ss_items.item_id=ws_items.item_id 
   and ss_item_rev between 0.9 * cs_item_rev and 1.1 * cs_item_rev
   and ss_item_rev between 0.9 * ws_item_rev and 1.1 * ws_item_rev
   and cs_item_rev between 0.9 * ss_item_rev and 1.1 * ss_item_rev
   and cs_item_rev between 0.9 * ws_item_rev and 1.1 * ws_item_rev
   and ws_item_rev between 0.9 * ss_item_rev and 1.1 * ss_item_rev
   and ws_item_rev between 0.9 * cs_item_rev and 1.1 * cs_item_rev
 order by item_id
         ,ss_item_rev
 limit 100;
psql:/tmp/s1-basline/throughput/query_6.sql:488: NOTICE:  duration: 73.217 ms  plan:
Query Text: with ss_items as
 (select i_item_id item_id
        ,sum(ss_ext_sales_price) ss_item_rev 
 from store_sales
     ,item
     ,date_dim
 where ss_item_sk = i_item_sk
   and d_date in (select d_date
                  from date_dim
                  where d_week_seq = (select d_week_seq 
                                      from date_dim
                                      where d_date = '1999-03-07'))
   and ss_sold_date_sk   = d_date_sk
 group by i_item_id),
 cs_items as
 (select i_item_id item_id
        ,sum(cs_ext_sales_price) cs_item_rev
  from catalog_sales
      ,item
      ,date_dim
 where cs_item_sk = i_item_sk
  and  d_date in (select d_date
                  from date_dim
                  where d_week_seq = (select d_week_seq 
                                      from date_dim
                                      where d_date = '1999-03-07'))
  and  cs_sold_date_sk = d_date_sk
 group by i_item_id),
 ws_items as
 (select i_item_id item_id
        ,sum(ws_ext_sales_price) ws_item_rev
  from web_sales
      ,item
      ,date_dim
 where ws_item_sk = i_item_sk
  and  d_date in (select d_date
                  from date_dim
                  where d_week_seq =(select d_week_seq 
                                     from date_dim
                                     where d_date = '1999-03-07'))
  and ws_sold_date_sk   = d_date_sk
 group by i_item_id)
  select  ss_items.item_id
       ,ss_item_rev
       ,ss_item_rev/((ss_item_rev+cs_item_rev+ws_item_rev)/3) * 100 ss_dev
       ,cs_item_rev
       ,cs_item_rev/((ss_item_rev+cs_item_rev+ws_item_rev)/3) * 100 cs_dev
       ,ws_item_rev
       ,ws_item_rev/((ss_item_rev+cs_item_rev+ws_item_rev)/3) * 100 ws_dev
       ,(ss_item_rev+cs_item_rev+ws_item_rev)/3 average
 from ss_items,cs_items,ws_items
 where ss_items.item_id=cs_items.item_id
   and ss_items.item_id=ws_items.item_id 
   and ss_item_rev between 0.9 * cs_item_rev and 1.1 * cs_item_rev
   and ss_item_rev between 0.9 * ws_item_rev and 1.1 * ws_item_rev
   and cs_item_rev between 0.9 * ss_item_rev and 1.1 * ss_item_rev
   and cs_item_rev between 0.9 * ws_item_rev and 1.1 * ws_item_rev
   and ws_item_rev between 0.9 * ss_item_rev and 1.1 * ss_item_rev
   and ws_item_rev between 0.9 * cs_item_rev and 1.1 * cs_item_rev
 order by item_id
         ,ss_item_rev
 limit 100;
Limit  (cost=7738.42..7738.43 rows=1 width=73) (actual time=73.206..73.215 rows=0 loops=1)
  ->  Sort  (cost=7738.42..7738.43 rows=1 width=73) (actual time=73.206..73.214 rows=0 loops=1)
        Sort Key: item.i_item_id, (sum(store_sales.ss_ext_sales_price))
        Sort Method: quicksort  Memory: 25kB
        ->  Merge Join  (cost=7721.91..7738.41 rows=1 width=73) (actual time=73.202..73.210 rows=0 loops=1)
              Merge Cond: (item.i_item_id = item_1.i_item_id)
              Join Filter: (((sum(store_sales.ss_ext_sales_price)) >= ('0.9'::double precision * (sum(catalog_sales.cs_ext_sales_price)))) AND ((sum(store_sales.ss_ext_sales_price)) <= ('1.1'::double precision * (sum(catalog_sales.cs_ext_sales_price)))) AND ((sum(catalog_sales.cs_ext_sales_price)) >= ('0.9'::double precision * (sum(store_sales.ss_ext_sales_price)))) AND ((sum(catalog_sales.cs_ext_sales_price)) <= ('1.1'::double precision * (sum(store_sales.ss_ext_sales_price)))) AND ((sum(store_sales.ss_ext_sales_price)) >= ('0.9'::double precision * (sum(web_sales.ws_ext_sales_price)))) AND ((sum(store_sales.ss_ext_sales_price)) <= ('1.1'::double precision * (sum(web_sales.ws_ext_sales_price)))) AND ((sum(web_sales.ws_ext_sales_price)) >= ('0.9'::double precision * (sum(store_sales.ss_ext_sales_price)))) AND ((sum(web_sales.ws_ext_sales_price)) <= ('1.1'::double precision * (sum(store_sales.ss_ext_sales_price)))))
              Rows Removed by Join Filter: 10
              ->  GroupAggregate  (cost=2732.63..2737.27 rows=265 width=25) (actual time=33.154..34.972 rows=3766 loops=1)
                    Group Key: item.i_item_id
                    InitPlan 1 (returns $0)
                      ->  Index Scan using i_d_date on date_dim date_dim_6  (cost=0.29..2.51 rows=1 width=4) (actual time=0.005..0.006 rows=1 loops=1)
                            Index Cond: (d_date = '1999-03-07'::date)
                    ->  Sort  (cost=2730.12..2730.78 rows=265 width=25) (actual time=33.150..33.536 rows=5082 loops=1)
                          Sort Key: item.i_item_id
                          Sort Method: quicksort  Memory: 569kB
                          ->  Nested Loop  (cost=2319.14..2719.45 rows=265 width=25) (actual time=7.670..18.338 rows=5369 loops=1)
                                ->  Nested Loop  (cost=2318.85..2638.50 rows=265 width=16) (actual time=7.665..10.159 rows=5369 loops=1)
                                      ->  Nested Loop  (cost=2318.42..2335.84 rows=7 width=8) (actual time=7.648..7.663 rows=7 loops=1)
                                            ->  HashAggregate  (cost=2318.13..2318.20 rows=7 width=4) (actual time=7.643..7.645 rows=7 loops=1)
                                                  Group Key: date_dim_1.d_date
                                                  Batches: 1  Memory Usage: 24kB
                                                  ->  Seq Scan on date_dim date_dim_1  (cost=0.00..2318.11 rows=7 width=4) (actual time=3.708..7.639 rows=7 loops=1)
                                                        Filter: (d_week_seq = $0)
                                                        Rows Removed by Filter: 73042
                                            ->  Index Scan using i_d_date on date_dim  (cost=0.29..2.51 rows=1 width=12) (actual time=0.002..0.002 rows=1 loops=7)
                                                  Index Cond: (d_date = date_dim_1.d_date)
                                      ->  Index Scan using i_ss_sold_date_sk on store_sales  (cost=0.43..28.09 rows=1515 width=24) (actual time=0.006..0.242 rows=767 loops=7)
                                            Index Cond: (ss_sold_date_sk = date_dim.d_date_sk)
                                ->  Index Scan using pk_item on item  (cost=0.29..0.31 rows=1 width=25) (actual time=0.001..0.001 rows=1 loops=5369)
                                      Index Cond: (i_item_sk = store_sales.ss_item_sk)
              ->  Materialize  (cost=4989.28..4997.74 rows=1 width=50) (actual time=34.415..37.178 rows=14 loops=1)
                    ->  Merge Join  (cost=4989.28..4997.74 rows=1 width=50) (actual time=34.413..37.172 rows=14 loops=1)
                          Merge Cond: (item_1.i_item_id = item_2.i_item_id)
                          Join Filter: (((sum(catalog_sales.cs_ext_sales_price)) >= ('0.9'::double precision * (sum(web_sales.ws_ext_sales_price)))) AND ((sum(catalog_sales.cs_ext_sales_price)) <= ('1.1'::double precision * (sum(web_sales.ws_ext_sales_price)))) AND ((sum(web_sales.ws_ext_sales_price)) >= ('0.9'::double precision * (sum(catalog_sales.cs_ext_sales_price)))) AND ((sum(web_sales.ws_ext_sales_price)) <= ('1.1'::double precision * (sum(catalog_sales.cs_ext_sales_price)))))
                          Rows Removed by Join Filter: 351
                          ->  GroupAggregate  (cost=2545.36..2547.77 rows=138 width=25) (actual time=21.458..22.611 rows=2735 loops=1)
                                Group Key: item_1.i_item_id
                                InitPlan 2 (returns $1)
                                  ->  Index Scan using i_d_date on date_dim date_dim_7  (cost=0.29..2.51 rows=1 width=4) (actual time=0.003..0.003 rows=1 loops=1)
                                        Index Cond: (d_date = '1999-03-07'::date)
                                ->  Sort  (cost=2542.85..2543.19 rows=138 width=25) (actual time=21.454..21.624 rows=3243 loops=1)
                                      Sort Key: item_1.i_item_id
                                      Sort Method: quicksort  Memory: 324kB
                                      ->  Nested Loop  (cost=2319.14..2537.94 rows=138 width=25) (actual time=7.036..12.963 rows=3243 loops=1)
                                            ->  Nested Loop  (cost=2318.85..2495.72 rows=138 width=16) (actual time=7.032..8.361 rows=3243 loops=1)
                                                  ->  Nested Loop  (cost=2318.42..2335.84 rows=7 width=8) (actual time=7.013..7.029 rows=7 loops=1)
                                                        ->  HashAggregate  (cost=2318.13..2318.20 rows=7 width=4) (actual time=7.008..7.010 rows=7 loops=1)
                                                              Group Key: date_dim_3.d_date
                                                              Batches: 1  Memory Usage: 24kB
                                                              ->  Seq Scan on date_dim date_dim_3  (cost=0.00..2318.11 rows=7 width=4) (actual time=3.509..7.005 rows=7 loops=1)
                                                                    Filter: (d_week_seq = $1)
                                                                    Rows Removed by Filter: 73042
                                                        ->  Index Scan using i_d_date on date_dim date_dim_2  (cost=0.29..2.51 rows=1 width=12) (actual time=0.002..0.002 rows=1 loops=7)
                                                              Index Cond: (d_date = date_dim_3.d_date)
                                                  ->  Index Scan using i_cs_sold_date_sk on catalog_sales  (cost=0.43..14.99 rows=785 width=24) (actual time=0.006..0.112 rows=463 loops=7)
                                                        Index Cond: (cs_sold_date_sk = date_dim_2.d_date_sk)
                                            ->  Index Scan using pk_item on item item_1  (cost=0.29..0.31 rows=1 width=25) (actual time=0.001..0.001 rows=1 loops=3243)
                                                  Index Cond: (i_item_sk = catalog_sales.cs_item_sk)
                          ->  Materialize  (cost=2443.93..2446.00 rows=69 width=25) (actual time=12.445..13.187 rows=1270 loops=1)
                                ->  GroupAggregate  (cost=2443.93..2445.13 rows=69 width=25) (actual time=12.443..12.944 rows=1270 loops=1)
                                      Group Key: item_2.i_item_id
                                      InitPlan 3 (returns $2)
                                        ->  Index Scan using i_d_date on date_dim date_dim_8  (cost=0.29..2.51 rows=1 width=4) (actual time=0.004..0.004 rows=1 loops=1)
                                              Index Cond: (d_date = '1999-03-07'::date)
                                      ->  Sort  (cost=2441.42..2441.59 rows=69 width=25) (actual time=12.440..12.500 rows=1354 loops=1)
                                            Sort Key: item_2.i_item_id
                                            Sort Method: quicksort  Memory: 144kB
                                            ->  Nested Loop  (cost=2319.14..2439.31 rows=69 width=25) (actual time=6.540..9.243 rows=1354 loops=1)
                                                  ->  Nested Loop  (cost=2318.85..2418.13 rows=69 width=16) (actual time=6.536..7.215 rows=1354 loops=1)
                                                        ->  Nested Loop  (cost=2318.42..2335.84 rows=7 width=8) (actual time=6.526..6.539 rows=7 loops=1)
                                                              ->  HashAggregate  (cost=2318.13..2318.20 rows=7 width=4) (actual time=6.522..6.523 rows=7 loops=1)
                                                                    Group Key: date_dim_5.d_date
                                                                    Batches: 1  Memory Usage: 24kB
                                                                    ->  Seq Scan on date_dim date_dim_5  (cost=0.00..2318.11 rows=7 width=4) (actual time=3.237..6.519 rows=7 loops=1)
                                                                          Filter: (d_week_seq = $2)
                                                                          Rows Removed by Filter: 73042
                                                              ->  Index Scan using i_d_date on date_dim date_dim_4  (cost=0.29..2.51 rows=1 width=12) (actual time=0.001..0.002 rows=1 loops=7)
                                                                    Index Cond: (d_date = date_dim_5.d_date)
                                                        ->  Index Scan using i_ws_sold_date_sk on web_sales  (cost=0.42..7.79 rows=397 width=24) (actual time=0.004..0.064 rows=193 loops=7)
                                                              Index Cond: (ws_sold_date_sk = date_dim_4.d_date_sk)
                                                  ->  Index Scan using pk_item on item item_2  (cost=0.29..0.31 rows=1 width=25) (actual time=0.001..0.001 rows=1 loops=1354)
                                                        Index Cond: (i_item_sk = web_sales.ws_item_sk)
 item_id | ss_item_rev | ss_dev | cs_item_rev | cs_dev | ws_item_rev | ws_dev | average 
---------+-------------+--------+-------------+--------+-------------+--------+---------
(0 rows)

UPDATE time_statistics SET e_time = TRANSACTION_TIMESTAMP() WHERE template = 'query58.tpl' AND stream = 6;
psql:/tmp/s1-basline/throughput/query_6.sql:490: NOTICE:  duration: 0.069 ms  plan:
Query Text: UPDATE time_statistics SET e_time = TRANSACTION_TIMESTAMP() WHERE template = 'query58.tpl' AND stream = 6;
Update on time_statistics  (cost=0.00..12.41 rows=0 width=0) (actual time=0.068..0.068 rows=0 loops=1)
  ->  Seq Scan on time_statistics  (cost=0.00..12.41 rows=1 width=14) (actual time=0.055..0.055 rows=1 loops=1)
        Filter: ((template = 'query58.tpl'::text) AND (stream = 6))
        Rows Removed by Filter: 427
UPDATE 1
LOAD 'auto_explain'; SET auto_explain.log_min_duration TO 0; SET auto_explain.log_analyze TO on; SET auto_explain.log_level TO notice; INSERT INTO time_statistics (template, s_time, stream, query, seed) VALUES ('../query_postgresql/query20.tpl', TRANSACTION_TIMESTAMP(), 6, 10, 1107522075);
LOAD
SET
SET
SET
psql:/tmp/s1-basline/throughput/query_6.sql:491: NOTICE:  duration: 0.009 ms  plan:
Query Text: INSERT INTO time_statistics (template, s_time, stream, query, seed) VALUES ('../query_postgresql/query20.tpl', TRANSACTION_TIMESTAMP(), 6, 10, 1107522075);
Insert on time_statistics  (cost=0.00..0.01 rows=0 width=0) (actual time=0.008..0.008 rows=0 loops=1)
  ->  Result  (cost=0.00..0.01 rows=1 width=64) (actual time=0.001..0.002 rows=1 loops=1)
INSERT 0 1
select  i_item_id
       ,i_item_desc 
       ,i_category 
       ,i_class 
       ,i_current_price
       ,sum(cs_ext_sales_price) as itemrevenue 
       ,sum(cs_ext_sales_price)*100/sum(sum(cs_ext_sales_price)) over
           (partition by i_class) as revenueratio
 from	catalog_sales
     ,item 
     ,date_dim
 where cs_item_sk = i_item_sk 
   and i_category in ('Women', 'Music', 'Home')
   and cs_sold_date_sk = d_date_sk
 and d_date between cast('1999-02-21' as date) 
 				and (cast('1999-02-21' as date) + INTERVAL '30 days')
 group by i_item_id
         ,i_item_desc 
         ,i_category
         ,i_class
         ,i_current_price
 order by i_category
         ,i_class
         ,i_item_id
         ,i_item_desc
         ,revenueratio
limit 100;
psql:/tmp/s1-basline/throughput/query_6.sql:518: NOTICE:  duration: 46.008 ms  plan:
Query Text: select  i_item_id
       ,i_item_desc 
       ,i_category 
       ,i_class 
       ,i_current_price
       ,sum(cs_ext_sales_price) as itemrevenue 
       ,sum(cs_ext_sales_price)*100/sum(sum(cs_ext_sales_price)) over
           (partition by i_class) as revenueratio
 from	catalog_sales
     ,item 
     ,date_dim
 where cs_item_sk = i_item_sk 
   and i_category in ('Women', 'Music', 'Home')
   and cs_sold_date_sk = d_date_sk
 and d_date between cast('1999-02-21' as date) 
 				and (cast('1999-02-21' as date) + INTERVAL '30 days')
 group by i_item_id
         ,i_item_desc 
         ,i_category
         ,i_class
         ,i_current_price
 order by i_category
         ,i_class
         ,i_item_id
         ,i_item_desc
         ,revenueratio
limit 100;
Limit  (cost=1951.96..1952.21 rows=100 width=245) (actual time=45.913..45.925 rows=100 loops=1)
  ->  Sort  (cost=1951.96..1952.41 rows=179 width=245) (actual time=45.913..45.918 rows=100 loops=1)
        Sort Key: item.i_category, item.i_class, item.i_item_id, item.i_item_desc, ((((sum(catalog_sales.cs_ext_sales_price)) * '100'::double precision) / sum((sum(catalog_sales.cs_ext_sales_price))) OVER (?)))
        Sort Method: top-N heapsort  Memory: 74kB
        ->  WindowAgg  (cost=1941.24..1945.26 rows=179 width=245) (actual time=43.711..44.843 rows=2121 loops=1)
              ->  Sort  (cost=1941.24..1941.68 rows=179 width=237) (actual time=43.692..43.784 rows=2121 loops=1)
                    Sort Key: item.i_class
                    Sort Method: quicksort  Memory: 682kB
                    ->  GroupAggregate  (cost=1929.61..1934.54 rows=179 width=237) (actual time=40.537..42.457 rows=2121 loops=1)
                          Group Key: item.i_item_id, item.i_item_desc, item.i_category, item.i_class, item.i_current_price
                          ->  Sort  (cost=1929.61..1930.06 rows=179 width=237) (actual time=40.531..40.714 rows=4050 loops=1)
                                Sort Key: item.i_item_id, item.i_item_desc, item.i_category, item.i_class, item.i_current_price
                                Sort Method: quicksort  Memory: 1213kB
                                ->  Nested Loop  (cost=1.01..1922.92 rows=179 width=237) (actual time=0.023..29.149 rows=4050 loops=1)
                                      ->  Nested Loop  (cost=0.72..1733.97 rows=610 width=16) (actual time=0.013..5.753 rows=13702 loops=1)
                                            ->  Index Scan using i_d_date on date_dim  (cost=0.29..3.11 rows=31 width=8) (actual time=0.004..0.013 rows=31 loops=1)
                                                  Index Cond: ((d_date >= '1999-02-21'::date) AND (d_date <= '1999-03-23 00:00:00'::timestamp without time zone))
                                            ->  Index Scan using i_cs_sold_date_sk on catalog_sales  (cost=0.43..47.98 rows=785 width=24) (actual time=0.004..0.115 rows=442 loops=31)
                                                  Index Cond: (cs_sold_date_sk = date_dim.d_date_sk)
                                      ->  Index Scan using pk_item on item  (cost=0.29..0.31 rows=1 width=237) (actual time=0.002..0.002 rows=0 loops=13702)
                                            Index Cond: (i_item_sk = catalog_sales.cs_item_sk)
                                            Filter: (i_category = ANY ('{Women,Music,Home}'::bpchar[]))
                                            Rows Removed by Filter: 1
    i_item_id     |                                                                                               i_item_desc                                                                                                |                     i_category                     |                      i_class                       | i_current_price |    itemrevenue     |     revenueratio     
------------------+----------------------------------------------------------------------------------------------------------------------------------------------------------------------------------------------------------+----------------------------------------------------+----------------------------------------------------+-----------------+--------------------+----------------------
 AAAAAAAAAFEBAAAA | Raw                                                                                                                                                                                                      | Home                                               | accent                                             |           57.63 |            7598.68 |    4.507184276210269
 AAAAAAAAALJDAAAA | National strings tell as b                                                                                                                                                                               | Home                                               | accent                                             |            9.13 |            3386.11 |    2.008483282559386
 AAAAAAAABMDDAAAA | References                                                                                                                                                                                               | Home                                               | accent                                             |            4.69 |             596.07 |   0.3535610568573299
 AAAAAAAACABCAAAA | Indeed double guidelines may disappear groups. Partly pleasant years launch rewards. Also light                                                                                                          | Home                                               | accent                                             |           93.88 |             2525.6 |   1.4980686919302637
 AAAAAAAACEIAAAAA | Farmers used to recall still chief supporters. Totally little times extend political numbers. Numbers shall not give early, variable chips. Most british laws ought                                      | Home                                               | accent                                             |            2.26 |            1315.41 |   0.7802401560231185
 AAAAAAAACLKCAAAA | At least int                                                                                                                                                                                             | Home                                               | accent                                             |            7.13 |            3068.25 |   1.8199434843265092
 AAAAAAAADNCEAAAA | Important police may blame daily, early functions. Unions stay actual tie                                                                                                                                | Home                                               | accent                                             |            0.29 |              90.09 | 0.053437206388975866
 AAAAAAAADODCAAAA | Anywhere parliamentary exceptions include even slight, alone tables;                                                                                                                                     | Home                                               | accent                                             |            5.97 |              12814 |    7.600670026288564
 AAAAAAAADPMBAAAA | Firstly personal fact                                                                                                                                                                                    | Home                                               | accent                                             |            7.72 |           17265.12 |   10.240867807419637
 AAAAAAAAEACBAAAA | Mental, good children give none the less sufficient, voluntary others. Good, pleased conditions might see more. Coloured shares                                                                          | Home                                               | accent                                             |            1.06 |             271.15 |  0.16083359432091027
 AAAAAAAAECFAAAAA | Always spanish members meet then strategies. Simple, n                                                                                                                                                   | Home                                               | accent                                             |            3.92 |           10597.53 |    6.285962901802236
 AAAAAAAAEDOBAAAA | As wrong men used to make isolated, full properties. Parental, military enemies might pull privately political weeks. Importa                                                                            | Home                                               | accent                                             |            1.41 |           11886.56 |    7.050555666277556
 AAAAAAAAEFGBAAAA | Valid, famous farmers feel actually small, possible troops. Whole, positive premises may take solidly capable, elegant tenants; more european towns g                                                    | Home                                               | accent                                             |            4.54 |                    |                     
 AAAAAAAAEJIBAAAA | Central, bad funds understand star, commercial members. Demanding, new possibilities contrast.                                                                                                           | Home                                               | accent                                             |            8.45 |              358.5 |  0.21264555988953102
 AAAAAAAAELLAAAAA | Conservatives say much. Hesitantly different styles could mean still by the minds. Members represent rates. Poor miners will take also with a fi                                                         | Home                                               | accent                                             |            4.45 |             502.06 |   0.2977986884187948
 AAAAAAAAGGCDAAAA | Most useful systems ought to make from time to time liable urban customers. Often high names ought to replace for a products. Constant, appointe                                                         | Home                                               | accent                                             |            1.56 |            6554.46 |    3.887801440651424
 AAAAAAAAHANCAAAA | Busy, lexical others begin past drugs. Parents try benefits. Useful meals                                                                                                                                | Home                                               | accent                                             |            4.86 |            1907.49 |   1.1314345300800042
 AAAAAAAAHNPCAAAA | Running groups must fol                                                                                                                                                                                  | Home                                               | accent                                             |            3.61 |            2010.56 |   1.1925708699902244
 AAAAAAAAHOICAAAA | Priorities mean strangely groups. No doubt expensive tasks used to believe quick beautiful physical sch                                                                                                  | Home                                               | accent                                             |            1.49 |             511.79 |  0.30357007279180775
 AAAAAAAAICOCAAAA | Reasons hold. Numbers must like home wrong types. Well specific stars may raise explicitly so-called seats; officers deny yet attractive, expected customers. Open leaders s                             | Home                                               | accent                                             |            9.53 |            14149.5 |    8.392826637815674
 AAAAAAAAIDDCAAAA | Only other figures d                                                                                                                                                                                     | Home                                               | accent                                             |            3.02 |            3076.85 |   1.8250446051495215
 AAAAAAAAILGBAAAA | At first single reade                                                                                                                                                                                    | Home                                               | accent                                             |            9.93 |              69.13 | 0.041004707266843174
 AAAAAAAAJJEDAAAA | Supreme, whole shops used to think; major paren                                                                                                                                                          | Home                                               | accent                                             |             7.9 |             2124.8 |   1.2603327354345204
 AAAAAAAAKDGBAAAA | Junior, good hours pass simply. About fresh children would trace sometimes. Confident, old trees take more                                                                                               | Home                                               | accent                                             |            2.41 | 14714.010000000002 |    8.727667767559717
 AAAAAAAAKNGDAAAA | Important states might know else in a guidelines. New rocks include sure, senior controls. Efficient hours know poor penalti                                                                             | Home                                               | accent                                             |            4.35 |             535.92 |  0.31788286877544614
 AAAAAAAAKOEAAAAA | Priorities need officially underneath different services. Young sales may find heads. Young differences should appear closer. So private opponents should hear late relations. So high in                | Home                                               | accent                                             |           19.72 | 4248.4400000000005 |    2.519977412711518
 AAAAAAAALFIBAAAA | Interesting terms learn events; beyond different terms a                                                                                                                                                 | Home                                               | accent                                             |           88.32 |             5054.4 |    2.998035475329555
 AAAAAAAAMACAAAAA | Unable, real authorities can identify only. Contacts charge slightly. Patients would take different forces. Remaining birds may see of course relatio                                                    | Home                                               | accent                                             |            8.87 |            1534.76 |   0.9103483946891398
 AAAAAAAAMEJAAAAA | Types block stiff only fina                                                                                                                                                                              | Home                                               | accent                                             |            8.87 |            6416.07 |   3.8057149161518082
 AAAAAAAAMKDEAAAA | Tonight tropical gardens visit perceptions. Large, eq                                                                                                                                                    | Home                                               | accent                                             |           66.34 | 13951.349999999999 |    8.275293255131961
 AAAAAAAAMNHDAAAA | Current questions used to measure. Thin failures could not swim readily. High rates shall not ask only still new needs; dangerous, polish files listen in                                                | Home                                               | accent                                             |             4.6 |            3529.59 |    2.093588958801924
 AAAAAAAANMIBAAAA | Policies quantify however severe, mental games                                                                                                                                                           | Home                                               | accent                                             |             2.1 |                502 |  0.29776309920375055
 AAAAAAAAOAECAAAA | Low parents used to seem questions; western, bad prices must compensate more thin letters. Weak, large words gain a                                                                                      | Home                                               | accent                                             |            6.12 |             630.17 |   0.3737875940741583
 AAAAAAAAOCPBAAAA | Concrete walls gain budgets; italian, particular orders can make then direct lights. Animals perform quite vital others. New, agricultural meta                                                          | Home                                               | accent                                             |             1.1 |            1106.94 |   0.6565854283517921
 AAAAAAAAODCBAAAA | Thinking, official reasons may tell individual, european practices. Special remarks will not want here sessions; separate, s                                                                             | Home                                               | accent                                             |            33.5 |             2080.1 |   1.2338187702265369
 AAAAAAAAOEACAAAA | Chief thoughts pretend women; re                                                                                                                                                                         | Home                                               | accent                                             |            3.13 |           11606.94 |    6.884698061099562
 AAAAAAAAAIBBAAAA | Conveniently left members go again original birds. Central, new services say less following hands.                                                                                                       | Home                                               | bathroom                                           |            1.89 |            3064.86 |   2.1510776829989235
 AAAAAAAAAKKAAAAA | Much inevitable cells would not create ahead much agricultural parameters. Again effective inches may enjoy by the stars. Senior, concerned passengers tell still conventional revenues. Serious         | Home                                               | bathroom                                           |            7.91 |            2022.12 |   1.4192286774422922
 AAAAAAAABCHAAAAA | Various lands must not know however able subjects. Daily, commercial examinations say yet. Foods should not need then more shared members; rivals might specify                                          | Home                                               | bathroom                                           |            0.81 |            4842.31 |   3.3985842665448076
 AAAAAAAABIDEAAAA | Practical, possible channels will not concern readers; local times emphasise only middle-class, poor creatures. Almost australian earnings could not return residential, economic versions. Initially st | Home                                               | bathroom                                           |            3.02 |              247.5 |  0.17370833465222998
 AAAAAAAABMPDAAAA | Traditional, fatal police may not stir recently particular programmes. Actually full                                                                                                                     | Home                                               | bathroom                                           |            4.89 |            1133.16 |    0.795310450482913
 AAAAAAAACACBAAAA | Sometimes national pp. ought to develop high, tiny b                                                                                                                                                     | Home                                               | bathroom                                           |             3.8 |            8801.95 |    6.177664954311903
 AAAAAAAACAMAAAAA | Cultural skills used to learn really relevant barriers. Able, political members talk pieces.                                                                                                             | Home                                               | bathroom                                           |            8.91 |             6119.1 |    4.294701699274588
 AAAAAAAACCMAAAAA | Maybe typical holidays will not know so as mile                                                                                                                                                          | Home                                               | bathroom                                           |            5.36 |              512.5 |   0.3596990768051227
 AAAAAAAACDLAAAAA | Also theoretical holidays persuade later under a books. Opportunities would make with th                                                                                                                 | Home                                               | bathroom                                           |           28.92 |           12695.68 |    8.910486586172215
 AAAAAAAACOICAAAA | Regular, local deals cheer today long outside colours. Companies comfort recently possible, tiny men. Best aggressive rumours can become obviously warm necessary specimens. More new rates may s        | Home                                               | bathroom                                           |            3.29 | 3942.9900000000002 |   2.7673948543450355
 AAAAAAAAEEGDAAAA | Free, direct doctors shall keep then well particular weeks. Apparently historical wo                                                                                                                     | Home                                               | bathroom                                           |            9.03 |             656.73 |    0.460927170166299
 AAAAAAAAEJPBAAAA | Peaceful, relevant heads can specify better wrong blues. Times take western germans. Substantial tools will not believe. Able courses disappe                                                            | Home                                               | bathroom                                           |             3.3 | 503.33000000000004 |   0.3532630952747755
 AAAAAAAAGGFAAAAA | Needs see again resources. Different, successful instances visit of course detailed, main posts. Bones should happen both human bodies. Natural skills share artistic sales. P                           | Home                                               | bathroom                                           |            8.41 |            8392.25 |    5.890116248424958
 AAAAAAAAGMIAAAAA | Peoples can encourage only gen                                                                                                                                                                           | Home                                               | bathroom                                           |            3.04 | 1871.1399999999999 |    1.313263084045146
 AAAAAAAAGONBAAAA | Local, historic weeks fulfil electric, dangerous days. Objectives work sound facilities. Locally new types used to change there here critical shapes. Big, voluntary discussions locate. Keen areas m    | Home                                               | bathroom                                           |            5.83 |            5648.01 |   3.9640663078753193
 AAAAAAAAHAJAAAAA | Individual teeth may issue always tenan                                                                                                                                                                  | Home                                               | bathroom                                           |            5.28 |            6320.22 |    4.435858144790776
 AAAAAAAAHCNDAAAA | Strange, other bodies may say further adult servants. Forms will                                                                                                                                         | Home                                               | bathroom                                           |            2.43 |             165.12 |  0.11588977865768169
 AAAAAAAAIFPAAAAA | Hot questions must live then long representatives. Then old patients might not encourage. Ki                                                                                                             | Home                                               | bathroom                                           |            1.66 |            1743.17 |   1.2234471018817283
 AAAAAAAAIIADAAAA | Live rates ought to come into a parties. Poor, realistic years afford aside necessary hospitals. True women might not share royal memories. Ru                                                           | Home                                               | bathroom                                           |            0.23 |           11321.31 |    7.945882449218739
 AAAAAAAAKADEAAAA | Parts can discover to the agreements. Public minutes lead considerably about a edges. Wrong allowances can attend little. New organizations replace however instances. Rapid, ltd. te                    | Home                                               | bathroom                                           |            7.18 |             4456.2 |    3.127592245968757
 AAAAAAAAKFFAAAAA | Speakers make slightly light figures. Old ages give qualifications. Continuous institutions work rather quick free indicators. Academic, left participants used to hand at all by a talk                 | Home                                               | bathroom                                           |               8 |              581.4 |   0.4080566697648748
 AAAAAAAAKGDAAAAA | Main, special ministers ought to analyse old resources. Relevant eyes mention quiet, nuclear faces. Foreign, acute parts accept always hours. Bri                                                        | Home                                               | bathroom                                           |            0.49 | 2027.6399999999999 |     1.42310289969393
 AAAAAAAAKMGDAAAA | Both profound rules should call thereof final federal cameras; other, sad chi                                                                                                                            | Home                                               | bathroom                                           |           37.69 |              408.1 |   0.2864257429154548
 AAAAAAAAKOLCAAAA | Fine deaths examine no longer main, thin hundreds. Changes merge mental, possible others. So general ranks buy again. Even big cases would not call ulti                                                 | Home                                               | bathroom                                           |            6.82 |             120.03 |  0.08424327841740269
 AAAAAAAALADCAAAA | Expressions get really dead rates. Weapons surrender still more correct goods. More able courses relax far previous, empty sides. Complete weeks may not make well successful, english mod               | Home                                               | bathroom                                           |            8.26 |            3110.58 |   2.1831663499092264
 AAAAAAAAMDFCAAAA | Grim countries raise useful youngsters. New, lovely police may move cruel, black cases. Strong, environmental years make spec                                                                            | Home                                               | bathroom                                           |            1.76 |            1803.44 |   1.2657477133140107
 AAAAAAAAMEFCAAAA | More orthodox emotions may not remember probably movies. Guidelines may bring therefore creditors. Severe types might not form then successful, professional patien                                      | Home                                               | bathroom                                           |            2.67 |            3943.26 |   2.7675843543464747
 AAAAAAAANGJDAAAA | Endless, roman houses characterize total subjects. Institutional humans co                                                                                                                               | Home                                               | bathroom                                           |            6.93 | 18677.549999999996 |   13.108873155085888
 AAAAAAAAOFFCAAAA | Major remarks should say like a efforts; years regain now national needs. Satisfactory, flexible flats approach perhaps as for t                                                                         | Home                                               | bathroom                                           |             7.1 |  6010.759999999999 |   4.2186630690676274
 AAAAAAAAOOGDAAAA | Certainly public courts look to a teachers. Quick terms will admit then new, local reports. Tactics could lose young, other facilities. Standard, urgent maps should not control far deep,               | Home                                               | bathroom                                           |            7.27 |            3189.24 |   2.2383740169950626
 AAAAAAAAOPIDAAAA | Likely conditions must carry harder main critics; huge improvements end new months. O                                                                                                                    | Home                                               | bathroom                                           |            3.04 | 15774.960000000001 |   11.071684972951685
 AAAAAAAAPBGDAAAA | Prime, shallow roads ought to smile decisively small notions. Actual, absent forests shall not marry just just main crops. Russian hands must                                                            | Home                                               | bathroom                                           |            1.81 |             2373.6 |   1.6659155682041742
 AAAAAAAAACMDAAAA | Matters learn highly unlikely matters; men may not find both special, sick clients. Also new sourc                                                                                                       | Home                                               | bedding                                            |            1.16 |            7644.78 |   2.2985076107746436
 AAAAAAAAAKHDAAAA | Really top lines see; final, big arts hide b                                                                                                                                                             | Home                                               | bedding                                            |            2.26 | 2968.2200000000003 |   0.8924359184245344
 AAAAAAAACBMCAAAA | Women learn. Slowly practi                                                                                                                                                                               | Home                                               | bedding                                            |            4.36 |           17014.17 |    5.115542793384978
 AAAAAAAACGOBAAAA | Usually general schools rep                                                                                                                                                                              | Home                                               | bedding                                            |            4.02 |               4446 |   1.3367506766060062
 AAAAAAAACKACAAAA | Still legal animals must imagine; families                                                                                                                                                               | Home                                               | bedding                                            |            4.42 | 1923.2400000000002 |   0.5782483965982312
 AAAAAAAACPOAAAAA | Certainly economic reserves go deeply about a days. Gift                                                                                                                                                 | Home                                               | bedding                                            |            1.86 |            2835.89 |   0.8526490949798037
 AAAAAAAADANAAAAA | Average factors must know usual, literary methods. Rapid, severe effects used to state possibly skills. Religious players seem prices; hours de                                                          | Home                                               | bedding                                            |            3.99 |            3857.26 |   1.1597379475585434
 AAAAAAAADKPAAAAA | Small resources go days. Full duties used to act just comparative experiences. Also running weeks should dominate fast readers.                                                                          | Home                                               | bedding                                            |            6.77 |            7072.83 |   2.1265430247456725
 AAAAAAAAEADEAAAA | Political affairs would say really in place of a resources. Times withdraw quite long countries. Yet used changes must see for a conditions. General years used to find both. Blue,                      | Home                                               | bedding                                            |            2.23 |            3223.04 |   0.9690510348016695
 AAAAAAAAECNAAAAA | Again exotic qualifications establish for example for example proud leaders. Lonely, prominent hundreds should play more much dependent contributions; social, f                                         | Home                                               | bedding                                            |            2.37 |            1739.64 |   0.5230465467950681
 AAAAAAAAEDHCAAAA | Gentlemen say more potentially inc honours. Lines include interestingly annual papers; well proposed problems sho                                                                                        | Home                                               | bedding                                            |            3.88 |           12202.74 |    3.668920591868461
 AAAAAAAAEHGAAAAA | Areas depend slowly busy places. Pr                                                                                                                                                                      | Home                                               | bedding                                            |            8.34 |            2831.71 |   0.8513923208394049
 AAAAAAAAELMBAAAA | Conservative, consistent                                                                                                                                                                                 | Home                                               | bedding                                            |            0.48 |            7725.66 |   2.3228252884003506
 AAAAAAAAEMIBAAAA | Parents should hear more with a states. Windows note much dead vehicles. Things may see again as dependent minutes. Areas will                                                                           | Home                                               | bedding                                            |            5.94 |            8461.03 |   2.5439243313728563
 AAAAAAAAFAOAAAAA | Li                                                                                                                                                                                                       | Home                                               | bedding                                            |            0.45 |             150.12 |  0.04513563013317447
 AAAAAAAAFMEEAAAA | Old, useful children should deal instead most good wives. Numbers find regularly in a rights. Effective days should attend gen                                                                           | Home                                               | bedding                                            |            1.59 |             9451.3 |    2.841662543816092
 AAAAAAAAGEMBAAAA | However loose things ought to lead away actual days. Minutes test in a candidates. Again logical servants get still new, vulnerable horses. Examples accommodate. P                                      | Home                                               | bedding                                            |            3.73 |            4475.26 |    1.345548095588798
 AAAAAAAAGGNAAAAA | High, delighted interests get quickly much subsequent volunteers. Crucial, international organs can show for a years. Quick, true banks coul                                                             | Home                                               | bedding                                            |            0.46 |            2292.72 |   0.6893376093720474
 AAAAAAAAGKLCAAAA | Now free wines can introduce across a groups. Well universal facts                                                                                                                                       | Home                                               | bedding                                            |            5.53 | 13715.210000000001 |    4.123665372760563
 AAAAAAAAGNLCAAAA | Clear children make too interesting, future applications. Stupid names dismiss so global calculations. Brief eyes shall add c                                                                            | Home                                               | bedding                                            |            3.27 |            5690.43 |   1.7109055674042097
 AAAAAAAAHADAAAAA | Specific years name. Certain, teenage communities may integrate also. Women may construct. Scientific governments o                                                                                      | Home                                               | bedding                                            |            2.03 | 6593.1900000000005 |   1.9823327020899584
 AAAAAAAAHGMAAAAA | Legal boys wi                                                                                                                                                                                            | Home                                               | bedding                                            |            9.59 |            1055.25 |    0.317275337716709
 AAAAAAAAHIDBAAAA | Particularly poor years                                                                                                                                                                                  | Home                                               | bedding                                            |            4.68 |              181.4 | 0.054540389729268904
 AAAAAAAAHLHAAAAA | Travellers must tell at the police; public, able months make difficult operations. Small views offer ever more legal groups. A                                                                           | Home                                               | bedding                                            |            4.05 |            3352.32 |    1.007920834053047
 AAAAAAAAHOAEAAAA | Reasons will defeat necessarily common things.                                                                                                                                                           | Home                                               | bedding                                            |            2.05 |           11635.84 |    3.498474357372747
 AAAAAAAAIMCEAAAA | Either european findings must put before middle official years. Important materials will not constrain women. British colleagues arrive during                                                           | Home                                               | bedding                                            |           10.77 |              92.16 | 0.027709163822764178
 AAAAAAAAINBEAAAA | Developments ask new friends. Alternative, soviet years should confirm simply good children.                                                                                                             | Home                                               | bedding                                            |            1.18 |            2425.02 |   0.7291154129066796
 AAAAAAAAIPFBAAAA | Heroes shall protect hard, outside cuts. Rarely unlikely hours say complex months; difficult, fundamental sounds would try quite far political managers. Japanese m                                      | Home                                               | bedding                                            |            4.81 |            6170.67 |   1.8552962882618949
 AAAAAAAAJDHAAAAA | Alone, heavy records say only foreigners; new org                                                                                                                                                        | Home                                               | bedding                                            |            0.97 |              15286 |    4.595944858884258
 AAAAAAAAJGJBAAAA | Today successful wars become much in a deaths; liberal, organic feet ought to exert only other points. Holy, able men will pretend highly at first addi                                                  | Home                                               | bedding                                            |            0.78 |  7309.750000000001 |   2.1977762614306693
 AAAAAAAAJIKBAAAA | Levels detect; very independent police kick quickly signals; military wings would n                                                                                                                      | Home                                               | bedding                                            |            3.32 |             102.46 | 0.030805999623268424
 AAAAAAAAKEBBAAAA | Short, local leaves will s                                                                                                                                                                               | Home                                               | bedding                                            |             8.8 |            2656.59 |   0.7987400989574337
(100 rows)

UPDATE time_statistics SET e_time = TRANSACTION_TIMESTAMP() WHERE template = '../query_postgresql/query20.tpl' AND stream = 6;
psql:/tmp/s1-basline/throughput/query_6.sql:520: NOTICE:  duration: 0.063 ms  plan:
Query Text: UPDATE time_statistics SET e_time = TRANSACTION_TIMESTAMP() WHERE template = '../query_postgresql/query20.tpl' AND stream = 6;
Update on time_statistics  (cost=0.00..12.41 rows=0 width=0) (actual time=0.063..0.063 rows=0 loops=1)
  ->  Seq Scan on time_statistics  (cost=0.00..12.41 rows=1 width=14) (actual time=0.052..0.052 rows=1 loops=1)
        Filter: ((template = '../query_postgresql/query20.tpl'::text) AND (stream = 6))
        Rows Removed by Filter: 428
UPDATE 1
LOAD 'auto_explain'; SET auto_explain.log_min_duration TO 0; SET auto_explain.log_analyze TO on; SET auto_explain.log_level TO notice; INSERT INTO time_statistics (template, s_time, stream, query, seed) VALUES ('query75.tpl', TRANSACTION_TIMESTAMP(), 6, 11, 140080087);
LOAD
SET
SET
SET
psql:/tmp/s1-basline/throughput/query_6.sql:521: NOTICE:  duration: 0.008 ms  plan:
Query Text: INSERT INTO time_statistics (template, s_time, stream, query, seed) VALUES ('query75.tpl', TRANSACTION_TIMESTAMP(), 6, 11, 140080087);
Insert on time_statistics  (cost=0.00..0.01 rows=0 width=0) (actual time=0.008..0.008 rows=0 loops=1)
  ->  Result  (cost=0.00..0.01 rows=1 width=64) (actual time=0.001..0.002 rows=1 loops=1)
INSERT 0 1
WITH all_sales AS (
 SELECT d_year
       ,i_brand_id
       ,i_class_id
       ,i_category_id
       ,i_manufact_id
       ,SUM(sales_cnt) AS sales_cnt
       ,SUM(sales_amt) AS sales_amt
 FROM (SELECT d_year
             ,i_brand_id
             ,i_class_id
             ,i_category_id
             ,i_manufact_id
             ,cs_quantity - COALESCE(cr_return_quantity,0) AS sales_cnt
             ,cs_ext_sales_price - COALESCE(cr_return_amount,0.0) AS sales_amt
       FROM catalog_sales JOIN item ON i_item_sk=cs_item_sk
                          JOIN date_dim ON d_date_sk=cs_sold_date_sk
                          LEFT JOIN catalog_returns ON (cs_order_number=cr_order_number 
                                                    AND cs_item_sk=cr_item_sk)
       WHERE i_category='Sports'
       UNION
       SELECT d_year
             ,i_brand_id
             ,i_class_id
             ,i_category_id
             ,i_manufact_id
             ,ss_quantity - COALESCE(sr_return_quantity,0) AS sales_cnt
             ,ss_ext_sales_price - COALESCE(sr_return_amt,0.0) AS sales_amt
       FROM store_sales JOIN item ON i_item_sk=ss_item_sk
                        JOIN date_dim ON d_date_sk=ss_sold_date_sk
                        LEFT JOIN store_returns ON (ss_ticket_number=sr_ticket_number 
                                                AND ss_item_sk=sr_item_sk)
       WHERE i_category='Sports'
       UNION
       SELECT d_year
             ,i_brand_id
             ,i_class_id
             ,i_category_id
             ,i_manufact_id
             ,ws_quantity - COALESCE(wr_return_quantity,0) AS sales_cnt
             ,ws_ext_sales_price - COALESCE(wr_return_amt,0.0) AS sales_amt
       FROM web_sales JOIN item ON i_item_sk=ws_item_sk
                      JOIN date_dim ON d_date_sk=ws_sold_date_sk
                      LEFT JOIN web_returns ON (ws_order_number=wr_order_number 
                                            AND ws_item_sk=wr_item_sk)
       WHERE i_category='Sports') sales_detail
 GROUP BY d_year, i_brand_id, i_class_id, i_category_id, i_manufact_id)
 SELECT  prev_yr.d_year AS prev_year
                          ,curr_yr.d_year AS year
                          ,curr_yr.i_brand_id
                          ,curr_yr.i_class_id
                          ,curr_yr.i_category_id
                          ,curr_yr.i_manufact_id
                          ,prev_yr.sales_cnt AS prev_yr_cnt
                          ,curr_yr.sales_cnt AS curr_yr_cnt
                          ,curr_yr.sales_cnt-prev_yr.sales_cnt AS sales_cnt_diff
                          ,curr_yr.sales_amt-prev_yr.sales_amt AS sales_amt_diff
 FROM all_sales curr_yr, all_sales prev_yr
 WHERE curr_yr.i_brand_id=prev_yr.i_brand_id
   AND curr_yr.i_class_id=prev_yr.i_class_id
   AND curr_yr.i_category_id=prev_yr.i_category_id
   AND curr_yr.i_manufact_id=prev_yr.i_manufact_id
   AND curr_yr.d_year=1999
   AND prev_yr.d_year=1999-1
   AND CAST(curr_yr.sales_cnt AS DECIMAL(17,2))/CAST(prev_yr.sales_cnt AS DECIMAL(17,2))<0.9
 ORDER BY sales_cnt_diff,sales_amt_diff
 limit 100;
psql:/tmp/s1-basline/throughput/query_6.sql:588: NOTICE:  duration: 1633.646 ms  plan:
Query Text: WITH all_sales AS (
 SELECT d_year
       ,i_brand_id
       ,i_class_id
       ,i_category_id
       ,i_manufact_id
       ,SUM(sales_cnt) AS sales_cnt
       ,SUM(sales_amt) AS sales_amt
 FROM (SELECT d_year
             ,i_brand_id
             ,i_class_id
             ,i_category_id
             ,i_manufact_id
             ,cs_quantity - COALESCE(cr_return_quantity,0) AS sales_cnt
             ,cs_ext_sales_price - COALESCE(cr_return_amount,0.0) AS sales_amt
       FROM catalog_sales JOIN item ON i_item_sk=cs_item_sk
                          JOIN date_dim ON d_date_sk=cs_sold_date_sk
                          LEFT JOIN catalog_returns ON (cs_order_number=cr_order_number 
                                                    AND cs_item_sk=cr_item_sk)
       WHERE i_category='Sports'
       UNION
       SELECT d_year
             ,i_brand_id
             ,i_class_id
             ,i_category_id
             ,i_manufact_id
             ,ss_quantity - COALESCE(sr_return_quantity,0) AS sales_cnt
             ,ss_ext_sales_price - COALESCE(sr_return_amt,0.0) AS sales_amt
       FROM store_sales JOIN item ON i_item_sk=ss_item_sk
                        JOIN date_dim ON d_date_sk=ss_sold_date_sk
                        LEFT JOIN store_returns ON (ss_ticket_number=sr_ticket_number 
                                                AND ss_item_sk=sr_item_sk)
       WHERE i_category='Sports'
       UNION
       SELECT d_year
             ,i_brand_id
             ,i_class_id
             ,i_category_id
             ,i_manufact_id
             ,ws_quantity - COALESCE(wr_return_quantity,0) AS sales_cnt
             ,ws_ext_sales_price - COALESCE(wr_return_amt,0.0) AS sales_amt
       FROM web_sales JOIN item ON i_item_sk=ws_item_sk
                      JOIN date_dim ON d_date_sk=ws_sold_date_sk
                      LEFT JOIN web_returns ON (ws_order_number=wr_order_number 
                                            AND ws_item_sk=wr_item_sk)
       WHERE i_category='Sports') sales_detail
 GROUP BY d_year, i_brand_id, i_class_id, i_category_id, i_manufact_id)
 SELECT  prev_yr.d_year AS prev_year
                          ,curr_yr.d_year AS year
                          ,curr_yr.i_brand_id
                          ,curr_yr.i_class_id
                          ,curr_yr.i_category_id
                          ,curr_yr.i_manufact_id
                          ,prev_yr.sales_cnt AS prev_yr_cnt
                          ,curr_yr.sales_cnt AS curr_yr_cnt
                          ,curr_yr.sales_cnt-prev_yr.sales_cnt AS sales_cnt_diff
                          ,curr_yr.sales_amt-prev_yr.sales_amt AS sales_amt_diff
 FROM all_sales curr_yr, all_sales prev_yr
 WHERE curr_yr.i_brand_id=prev_yr.i_brand_id
   AND curr_yr.i_class_id=prev_yr.i_class_id
   AND curr_yr.i_category_id=prev_yr.i_category_id
   AND curr_yr.i_manufact_id=prev_yr.i_manufact_id
   AND curr_yr.d_year=1999
   AND prev_yr.d_year=1999-1
   AND CAST(curr_yr.sales_cnt AS DECIMAL(17,2))/CAST(prev_yr.sales_cnt AS DECIMAL(17,2))<0.9
 ORDER BY sales_cnt_diff,sales_amt_diff
 limit 100;
Limit  (cost=297063.04..297063.05 rows=1 width=56) (actual time=1633.538..1633.563 rows=100 loops=1)
  CTE all_sales
    ->  HashAggregate  (cost=294351.90..294838.20 rows=48630 width=36) (actual time=1629.523..1630.690 rows=5601 loops=1)
          Group Key: date_dim.d_year, item.i_brand_id, item.i_class_id, item.i_category_id, item.i_manufact_id
          Batches: 1  Memory Usage: 2577kB
          ->  HashAggregate  (cost=269467.22..280978.76 rows=486296 width=32) (actual time=1355.727..1512.087 rows=467897 loops=1)
                Group Key: date_dim.d_year, item.i_brand_id, item.i_class_id, item.i_category_id, item.i_manufact_id, ((catalog_sales.cs_quantity - COALESCE(catalog_returns.cr_return_quantity, 0))), ((catalog_sales.cs_ext_sales_price - COALESCE(catalog_returns.cr_return_amount, '0'::double precision)))
                Planned Partitions: 4  Batches: 5  Memory Usage: 32817kB  Disk Usage: 11808kB
                ->  Append  (cost=7964.10..243917.69 rows=486296 width=32) (actual time=62.246..1137.788 rows=469429 loops=1)
                      ->  Nested Loop  (cost=7964.10..80651.35 rows=141951 width=32) (actual time=62.245..339.362 rows=137271 loops=1)
                            ->  Hash Left Join  (cost=7963.80..75801.86 rows=142798 width=48) (actual time=62.218..281.355 rows=138026 loops=1)
                                  Hash Cond: ((catalog_sales.cs_order_number = catalog_returns.cr_order_number) AND (catalog_sales.cs_item_sk = catalog_returns.cr_item_sk))
                                  ->  Nested Loop  (cost=0.43..67088.80 rows=142798 width=52) (actual time=0.027..177.187 rows=138026 loops=1)
                                        ->  Seq Scan on item  (cost=0.00..1481.00 rows=1779 width=24) (actual time=0.008..8.359 rows=1779 loops=1)
                                              Filter: (i_category = 'Sports'::bpchar)
                                              Rows Removed by Filter: 16221
                                        ->  Index Scan using pk_catalog_sales on catalog_sales  (cost=0.43..36.00 rows=88 width=36) (actual time=0.006..0.080 rows=78 loops=1779)
                                              Index Cond: (cs_item_sk = item.i_item_sk)
                                  ->  Hash  (cost=5788.75..5788.75 rows=144975 width=28) (actual time=61.059..61.060 rows=143354 loops=1)
                                        Buckets: 262144  Batches: 1  Memory Usage: 10964kB
                                        ->  Seq Scan on catalog_returns  (cost=0.00..5788.75 rows=144975 width=28) (actual time=0.004..32.654 rows=143354 loops=1)
                            ->  Memoize  (cost=0.30..0.32 rows=1 width=12) (actual time=0.000..0.000 rows=1 loops=138026)
                                  Cache Key: catalog_sales.cs_sold_date_sk
                                  Cache Mode: logical
                                  Hits: 136212  Misses: 1814  Evictions: 0  Overflows: 0  Memory Usage: 213kB
                                  ->  Index Scan using pk_date_dim on date_dim  (cost=0.29..0.31 rows=1 width=12) (actual time=0.001..0.001 rows=1 loops=1814)
                                        Index Cond: (d_date_sk = catalog_sales.cs_sold_date_sk)
                      ->  Hash Left Join  (cost=16813.36..113803.38 rows=272943 width=32) (actual time=131.088..603.396 rows=262931 loops=1)
                            Hash Cond: ((store_sales.ss_ticket_number = store_returns.sr_ticket_number) AND (store_sales.ss_item_sk = store_returns.sr_item_sk))
                            ->  Hash Join  (cost=3049.03..97241.38 rows=272943 width=48) (actual time=21.418..403.527 rows=262931 loops=1)
                                  Hash Cond: (store_sales.ss_sold_date_sk = date_dim_1.d_date_sk)
                                  ->  Nested Loop  (cost=0.43..93442.79 rows=285694 width=52) (actual time=0.025..328.351 rows=275507 loops=1)
                                        ->  Seq Scan on item item_1  (cost=0.00..1481.00 rows=1779 width=24) (actual time=0.012..8.739 rows=1779 loops=1)
                                              Filter: (i_category = 'Sports'::bpchar)
                                              Rows Removed by Filter: 16221
                                        ->  Index Scan using pk_store_sales on store_sales  (cost=0.43..49.94 rows=175 width=36) (actual time=0.005..0.154 rows=155 loops=1779)
                                              Index Cond: (ss_item_sk = item_1.i_item_sk)
                                  ->  Hash  (cost=2135.49..2135.49 rows=73049 width=12) (actual time=20.883..20.883 rows=73049 loops=1)
                                        Buckets: 131072  Batches: 1  Memory Usage: 4449kB
                                        ->  Seq Scan on date_dim date_dim_1  (cost=0.00..2135.49 rows=73049 width=12) (actual time=0.004..9.995 rows=73049 loops=1)
                            ->  Hash  (cost=9436.93..9436.93 rows=288493 width=28) (actual time=108.417..108.417 rows=285020 loops=1)
                                  Buckets: 524288  Batches: 1  Memory Usage: 21754kB
                                  ->  Seq Scan on store_returns  (cost=0.00..9436.93 rows=288493 width=28) (actual time=0.007..50.305 rows=285020 loops=1)
                      ->  Hash Left Join  (cost=3705.65..42168.52 rows=71402 width=32) (actual time=26.712..165.707 rows=69227 loops=1)
                            Hash Cond: ((web_sales.ws_order_number = web_returns.wr_order_number) AND (web_sales.ws_item_sk = web_returns.wr_item_sk))
                            ->  Nested Loop  (cost=0.73..37731.72 rows=71402 width=48) (actual time=0.035..119.352 rows=69227 loops=1)
                                  ->  Nested Loop  (cost=0.42..35377.23 rows=71412 width=52) (actual time=0.023..89.884 rows=69244 loops=1)
                                        ->  Seq Scan on item item_2  (cost=0.00..1481.00 rows=1779 width=24) (actual time=0.011..7.819 rows=1779 loops=1)
                                              Filter: (i_category = 'Sports'::bpchar)
                                              Rows Removed by Filter: 16221
                                        ->  Index Scan using pk_web_sales on web_sales  (cost=0.42..18.61 rows=44 width=36) (actual time=0.004..0.039 rows=39 loops=1779)
                                              Index Cond: (ws_item_sk = item_2.i_item_sk)
                                  ->  Memoize  (cost=0.30..0.32 rows=1 width=12) (actual time=0.000..0.000 rows=1 loops=69244)
                                        Cache Key: web_sales.ws_sold_date_sk
                                        Cache Mode: logical
                                        Hits: 67437  Misses: 1807  Evictions: 0  Overflows: 0  Memory Usage: 212kB
                                        ->  Index Scan using pk_date_dim on date_dim date_dim_2  (cost=0.29..0.31 rows=1 width=12) (actual time=0.001..0.001 rows=1 loops=1807)
                                              Index Cond: (d_date_sk = web_sales.ws_sold_date_sk)
                            ->  Hash  (cost=2622.57..2622.57 rows=72157 width=28) (actual time=26.603..26.603 rows=71406 loops=1)
                                  Buckets: 131072  Batches: 1  Memory Usage: 5437kB
                                  ->  Seq Scan on web_returns  (cost=0.00..2622.57 rows=72157 width=28) (actual time=0.004..13.400 rows=71406 loops=1)
  ->  Sort  (cost=2224.84..2224.85 rows=1 width=56) (actual time=1633.537..1633.542 rows=100 loops=1)
        Sort Key: ((curr_yr.sales_cnt - prev_yr.sales_cnt)), ((curr_yr.sales_amt - prev_yr.sales_amt))
        Sort Method: top-N heapsort  Memory: 48kB
        ->  Hash Join  (cost=1099.03..2224.83 rows=1 width=56) (actual time=1632.550..1633.471 rows=216 loops=1)
              Hash Cond: ((curr_yr.i_brand_id = prev_yr.i_brand_id) AND (curr_yr.i_class_id = prev_yr.i_class_id) AND (curr_yr.i_category_id = prev_yr.i_category_id) AND (curr_yr.i_manufact_id = prev_yr.i_manufact_id))
              Join Filter: (((curr_yr.sales_cnt)::numeric(17,2) / (prev_yr.sales_cnt)::numeric(17,2)) < 0.9)
              Rows Removed by Join Filter: 653
              ->  CTE Scan on all_sales curr_yr  (cost=0.00..1094.17 rows=243 width=36) (actual time=1629.527..1629.923 rows=870 loops=1)
                    Filter: (d_year = 1999)
                    Rows Removed by Filter: 4731
              ->  Hash  (cost=1094.17..1094.17 rows=243 width=36) (actual time=3.000..3.000 rows=869 loops=1)
                    Buckets: 1024  Batches: 1  Memory Usage: 70kB
                    ->  CTE Scan on all_sales prev_yr  (cost=0.00..1094.17 rows=243 width=36) (actual time=0.004..2.819 rows=870 loops=1)
                          Filter: (d_year = 1998)
                          Rows Removed by Filter: 4731
 prev_year | year | i_brand_id | i_class_id | i_category_id | i_manufact_id | prev_yr_cnt | curr_yr_cnt | sales_cnt_diff |   sales_amt_diff    
-----------+------+------------+------------+---------------+---------------+-------------+-------------+----------------+---------------------
      1998 | 1999 |    8016007 |         16 |             8 |           202 |        5658 |        3460 |          -2198 |  -84286.70000000013
      1998 | 1999 |    8011005 |         11 |             8 |           649 |        5894 |        3905 |          -1989 | -51025.409999999916
      1998 | 1999 |    8016007 |         16 |             8 |           543 |        6023 |        4059 |          -1964 |  -40577.43000000011
      1998 | 1999 |    8016004 |         16 |             8 |           157 |        5995 |        4072 |          -1923 | -112710.84999999998
      1998 | 1999 |    8002010 |          2 |             8 |           380 |        6173 |        4308 |          -1865 |  -79824.13999999998
      1998 | 1999 |    8008002 |          8 |             8 |           126 |        6030 |        4194 |          -1836 |           -75499.43
      1998 | 1999 |    8004005 |          4 |             8 |           368 |        6256 |        4474 |          -1782 |  -103222.3000000001
      1998 | 1999 |    8007009 |          7 |             8 |           213 |        5924 |        4191 |          -1733 |  -94043.22999999998
      1998 | 1999 |    8007002 |          7 |             8 |           200 |        5894 |        4169 |          -1725 | -26225.500000000146
      1998 | 1999 |    8014008 |         14 |             8 |           956 |        5668 |        4007 |          -1661 |    9137.05999999994
      1998 | 1999 |    8007001 |          7 |             8 |           174 |        5982 |        4326 |          -1656 |           -58167.34
      1998 | 1999 |    8006007 |          6 |             8 |           200 |        6293 |        4653 |          -1640 |  -71530.22999999998
      1998 | 1999 |    8012008 |         12 |             8 |           306 |        5747 |        4109 |          -1638 |  -54482.75999999998
      1998 | 1999 |    8010001 |         10 |             8 |           955 |        6242 |        4665 |          -1577 |  -77295.53000000009
      1998 | 1999 |    8008006 |          8 |             8 |           555 |        6679 |        5119 |          -1560 |   17316.30999999997
      1998 | 1999 |    8016001 |         16 |             8 |            22 |        5953 |        4414 |          -1539 |  -62012.99000000002
      1998 | 1999 |    8012010 |         12 |             8 |           316 |        6006 |        4484 |          -1522 |  -62973.42000000001
      1998 | 1999 |    8009001 |          9 |             8 |           432 |        5454 |        3943 |          -1511 |  -4769.829999999929
      1998 | 1999 |    8001005 |          1 |             8 |           472 |        5577 |        4067 |          -1510 |  -90879.17000000001
      1998 | 1999 |    8008002 |          8 |             8 |           544 |        5575 |        4071 |          -1504 |  -63497.72000000003
      1998 | 1999 |    8011009 |         11 |             8 |           741 |        6103 |        4601 |          -1502 |  -86065.78999999995
      1998 | 1999 |    8016007 |         16 |             8 |            26 |        5399 |        3898 |          -1501 |  -82832.98999999999
      1998 | 1999 |    8012008 |         12 |             8 |           656 |        5927 |        4427 |          -1500 |  -35899.07000000012
      1998 | 1999 |    8005006 |          5 |             8 |           196 |        5520 |        4022 |          -1498 | -100918.54000000004
      1998 | 1999 |    8016001 |         16 |             8 |           989 |        5399 |        3903 |          -1496 |  -33775.72999999998
      1998 | 1999 |    8008001 |          8 |             8 |           715 |        5131 |        3638 |          -1493 | -50260.350000000035
      1998 | 1999 |    8015001 |         15 |             8 |           178 |        6062 |        4570 |          -1492 |  -27819.97000000003
      1998 | 1999 |    8003001 |          3 |             8 |           497 |        5994 |        4509 |          -1485 |  -49888.52999999985
      1998 | 1999 |    8008004 |          8 |             8 |            28 |        5689 |        4210 |          -1479 |  -74725.78000000009
      1998 | 1999 |    8003005 |          3 |             8 |           777 |        6091 |        4625 |          -1466 | -62190.390000000014
      1998 | 1999 |    8005006 |          5 |             8 |            43 |        6180 |        4717 |          -1463 | -28143.780000000028
      1998 | 1999 |    8008007 |          8 |             8 |             2 |        6159 |        4699 |          -1460 | -39750.320000000094
      1998 | 1999 |    8016008 |         16 |             8 |            80 |        5836 |        4379 |          -1457 |  -8044.719999999972
      1998 | 1999 |    8012007 |         12 |             8 |           340 |        6585 |        5139 |          -1446 |  -49016.07999999999
      1998 | 1999 |    8001004 |          1 |             8 |           634 |        6142 |        4709 |          -1433 |          -145666.52
      1998 | 1999 |    8016007 |         16 |             8 |           134 |        6537 |        5108 |          -1429 |   -75663.0299999998
      1998 | 1999 |    8003001 |          3 |             8 |           975 |        4788 |        3362 |          -1426 |  -46633.47000000003
      1998 | 1999 |    8015003 |         15 |             8 |             9 |        5702 |        4289 |          -1413 | -32255.089999999967
      1998 | 1999 |    8002009 |          2 |             8 |           176 |        6954 |        5547 |          -1407 |  -34233.53999999998
      1998 | 1999 |    8002009 |          2 |             8 |           220 |        6375 |        4976 |          -1399 |  -82628.85000000003
      1998 | 1999 |    8012005 |         12 |             8 |           199 |        5760 |        4363 |          -1397 | -62232.449999999866
      1998 | 1999 |    8012009 |         12 |             8 |           123 |        6111 |        4734 |          -1377 | -63259.880000000005
      1998 | 1999 |    8002005 |          2 |             8 |           508 |        5809 |        4435 |          -1374 |   -5784.75999999998
      1998 | 1999 |    8006005 |          6 |             8 |           580 |        6038 |        4664 |          -1374 | -1130.7499999999418
      1998 | 1999 |    8006006 |          6 |             8 |            78 |        5976 |        4610 |          -1366 | -25123.650000000023
      1998 | 1999 |    8014008 |         14 |             8 |           609 |        5918 |        4582 |          -1336 | -130776.84000000003
      1998 | 1999 |    8001001 |          1 |             8 |            42 |        6256 |        4922 |          -1334 |  -58194.33000000016
      1998 | 1999 |    8008004 |          8 |             8 |            64 |        5583 |        4252 |          -1331 |  -98518.31000000006
      1998 | 1999 |    8004006 |          4 |             8 |           283 |        5574 |        4243 |          -1331 | -44453.029999999795
      1998 | 1999 |    8009010 |          9 |             8 |            34 |        5203 |        3896 |          -1307 |  -29780.69000000003
      1998 | 1999 |    8005001 |          5 |             8 |            31 |       11376 |       10075 |          -1301 | -42487.399999999674
      1998 | 1999 |    8011009 |         11 |             8 |           484 |        5671 |        4372 |          -1299 |  -75374.42000000001
      1998 | 1999 |    8009007 |          9 |             8 |            16 |        5257 |        3962 |          -1295 | -22140.740000000224
      1998 | 1999 |    8005006 |          5 |             8 |           350 |        5474 |        4194 |          -1280 |  -74982.53999999992
      1998 | 1999 |    8005009 |          5 |             8 |            62 |        5868 |        4590 |          -1278 | -21788.150000000052
      1998 | 1999 |    8004001 |          4 |             8 |           367 |        5842 |        4565 |          -1277 |  15521.410000000062
      1998 | 1999 |    8009001 |          9 |             8 |           975 |        5959 |        4689 |          -1270 | -5151.0800000000745
      1998 | 1999 |    8014003 |         14 |             8 |            32 |        6240 |        4999 |          -1241 |           -55835.59
      1998 | 1999 |    8010010 |         10 |             8 |           661 |        5648 |        4418 |          -1230 |  -56613.70000000007
      1998 | 1999 |    8009008 |          9 |             8 |           511 |        5388 |        4164 |          -1224 |  -67909.29999999996
      1998 | 1999 |    8011009 |         11 |             8 |           210 |        5185 |        3962 |          -1223 |           -87223.81
      1998 | 1999 |    8006010 |          6 |             8 |            87 |        5558 |        4335 |          -1223 |           -35375.03
      1998 | 1999 |    8005008 |          5 |             8 |           166 |        5636 |        4430 |          -1206 |  -37319.37000000005
      1998 | 1999 |    8004001 |          4 |             8 |           168 |        6119 |        4914 |          -1205 |  -51712.20000000013
      1998 | 1999 |    8010001 |         10 |             8 |           845 |        5402 |        4200 |          -1202 |  -86971.75999999995
      1998 | 1999 |    8006009 |          6 |             8 |           446 |        6209 |        5019 |          -1190 | -105919.11000000016
      1998 | 1999 |    8010003 |         10 |             8 |            37 |        5606 |        4420 |          -1186 | -31002.750000000087
      1998 | 1999 |    8007007 |          7 |             8 |           177 |        5671 |        4489 |          -1182 |  -79909.04000000001
      1998 | 1999 |    8012003 |         12 |             8 |           422 |        6015 |        4834 |          -1181 |  -3415.660000000207
      1998 | 1999 |    8004009 |          4 |             8 |           245 |        5748 |        4570 |          -1178 |  -64090.98999999979
      1998 | 1999 |    8016003 |         16 |             8 |            42 |        5662 |        4485 |          -1177 |  -83848.64999999994
      1998 | 1999 |    8008001 |          8 |             8 |           182 |        5322 |        4148 |          -1174 |  -70887.36000000004
      1998 | 1999 |    8002007 |          2 |             8 |           224 |        5751 |        4589 |          -1162 |  -76617.48999999982
      1998 | 1999 |    8014005 |         14 |             8 |           517 |        5900 |        4738 |          -1162 | -58685.320000000036
      1998 | 1999 |    8008001 |          8 |             8 |           272 |        6215 |        5064 |          -1151 |   -78064.5099999999
      1998 | 1999 |    8015003 |         15 |             8 |           274 |        6150 |        5003 |          -1147 | -116926.63000000021
      1998 | 1999 |    8002004 |          2 |             8 |           645 |        5634 |        4501 |          -1133 |  -78530.90999999992
      1998 | 1999 |    8009008 |          9 |             8 |           178 |        5260 |        4149 |          -1111 | -21996.300000000076
      1998 | 1999 |    8008002 |          8 |             8 |            41 |        5083 |        3999 |          -1084 |  23148.840000000113
      1998 | 1999 |    8009001 |          9 |             8 |           140 |        5925 |        4849 |          -1076 |  -68132.88000000006
      1998 | 1999 |    8004010 |          4 |             8 |           147 |        5513 |        4446 |          -1067 |  -68870.69000000006
      1998 | 1999 |    8014001 |         14 |             8 |           809 |        5607 |        4553 |          -1054 | -33557.459999999934
      1998 | 1999 |    8004006 |          4 |             8 |           488 |        5588 |        4534 |          -1054 | -11658.050000000076
      1998 | 1999 |    8016001 |         16 |             8 |           277 |        5679 |        4629 |          -1050 |  -93947.60000000006
      1998 | 1999 |    8010009 |         10 |             8 |           177 |        5943 |        4893 |          -1050 |  -74623.80999999994
      1998 | 1999 |    8007004 |          7 |             8 |           132 |        5678 |        4628 |          -1050 | -59915.590000000084
      1998 | 1999 |    8015005 |         15 |             8 |           172 |        6255 |        5220 |          -1035 |  -60848.50999999998
      1998 | 1999 |    8008007 |          8 |             8 |            54 |        5382 |        4348 |          -1034 |   16481.07999999993
      1998 | 1999 |    8003005 |          3 |             8 |            97 |        5168 |        4135 |          -1033 |  -66264.40000000008
      1998 | 1999 |    8016009 |         16 |             8 |           373 |        6180 |        5148 |          -1032 |  -67192.45000000022
      1998 | 1999 |    8009004 |          9 |             8 |           239 |        4853 |        3826 |          -1027 |  -34710.57000000001
      1998 | 1999 |    8001004 |          1 |             8 |           435 |        5745 |        4719 |          -1026 |  -87415.46000000005
      1998 | 1999 |    8005003 |          5 |             8 |            57 |        5098 |        4072 |          -1026 | -42671.919999999955
      1998 | 1999 |    8009009 |          9 |             8 |            45 |        5047 |        4027 |          -1020 |  -52633.24999999997
      1998 | 1999 |    8003009 |          3 |             8 |           264 |        6211 |        5194 |          -1017 | -23377.680000000197
      1998 | 1999 |    8012001 |         12 |             8 |           236 |        5297 |        4283 |          -1014 |  29590.340000000026
      1998 | 1999 |    8008004 |          8 |             8 |           147 |        5363 |        4359 |          -1004 | -32530.500000000087
      1998 | 1999 |    8008006 |          8 |             8 |           186 |        4810 |        3819 |           -991 |  -66359.86000000002
      1998 | 1999 |    8011002 |         11 |             8 |           323 |        5250 |        4261 |           -989 |  -78023.32000000012
      1998 | 1999 |    8014003 |         14 |             8 |           470 |        5888 |        4899 |           -989 |  -802.0200000000768
(100 rows)

UPDATE time_statistics SET e_time = TRANSACTION_TIMESTAMP() WHERE template = 'query75.tpl' AND stream = 6;
psql:/tmp/s1-basline/throughput/query_6.sql:590: NOTICE:  duration: 0.084 ms  plan:
Query Text: UPDATE time_statistics SET e_time = TRANSACTION_TIMESTAMP() WHERE template = 'query75.tpl' AND stream = 6;
Update on time_statistics  (cost=0.00..12.41 rows=0 width=0) (actual time=0.083..0.084 rows=0 loops=1)
  ->  Seq Scan on time_statistics  (cost=0.00..12.41 rows=1 width=14) (actual time=0.071..0.072 rows=1 loops=1)
        Filter: ((template = 'query75.tpl'::text) AND (stream = 6))
        Rows Removed by Filter: 434
UPDATE 1
LOAD 'auto_explain'; SET auto_explain.log_min_duration TO 0; SET auto_explain.log_analyze TO on; SET auto_explain.log_level TO notice; INSERT INTO time_statistics (template, s_time, stream, query, seed) VALUES ('query73.tpl', TRANSACTION_TIMESTAMP(), 6, 12, 821193996);
LOAD
SET
SET
SET
psql:/tmp/s1-basline/throughput/query_6.sql:591: NOTICE:  duration: 0.008 ms  plan:
Query Text: INSERT INTO time_statistics (template, s_time, stream, query, seed) VALUES ('query73.tpl', TRANSACTION_TIMESTAMP(), 6, 12, 821193996);
Insert on time_statistics  (cost=0.00..0.01 rows=0 width=0) (actual time=0.008..0.008 rows=0 loops=1)
  ->  Result  (cost=0.00..0.01 rows=1 width=64) (actual time=0.002..0.002 rows=1 loops=1)
INSERT 0 1
select c_last_name
       ,c_first_name
       ,c_salutation
       ,c_preferred_cust_flag 
       ,ss_ticket_number
       ,cnt from
   (select ss_ticket_number
          ,ss_customer_sk
          ,count(*) cnt
    from store_sales,date_dim,store,household_demographics
    where store_sales.ss_sold_date_sk = date_dim.d_date_sk
    and store_sales.ss_store_sk = store.s_store_sk  
    and store_sales.ss_hdemo_sk = household_demographics.hd_demo_sk
    and date_dim.d_dom between 1 and 2 
    and (household_demographics.hd_buy_potential = '1001-5000' or
         household_demographics.hd_buy_potential = '5001-10000')
    and household_demographics.hd_vehicle_count > 0
    and case when household_demographics.hd_vehicle_count > 0 then 
             household_demographics.hd_dep_count/ household_demographics.hd_vehicle_count else null end > 1
    and date_dim.d_year in (1998,1998+1,1998+2)
    and store.s_county in ('Williamson County','Williamson County','Williamson County','Williamson County')
    group by ss_ticket_number,ss_customer_sk) dj,customer
    where ss_customer_sk = c_customer_sk
      and cnt between 1 and 5
    order by cnt desc, c_last_name asc;
psql:/tmp/s1-basline/throughput/query_6.sql:616: NOTICE:  duration: 192.037 ms  plan:
Query Text: select c_last_name
       ,c_first_name
       ,c_salutation
       ,c_preferred_cust_flag 
       ,ss_ticket_number
       ,cnt from
   (select ss_ticket_number
          ,ss_customer_sk
          ,count(*) cnt
    from store_sales,date_dim,store,household_demographics
    where store_sales.ss_sold_date_sk = date_dim.d_date_sk
    and store_sales.ss_store_sk = store.s_store_sk  
    and store_sales.ss_hdemo_sk = household_demographics.hd_demo_sk
    and date_dim.d_dom between 1 and 2 
    and (household_demographics.hd_buy_potential = '1001-5000' or
         household_demographics.hd_buy_potential = '5001-10000')
    and household_demographics.hd_vehicle_count > 0
    and case when household_demographics.hd_vehicle_count > 0 then 
             household_demographics.hd_dep_count/ household_demographics.hd_vehicle_count else null end > 1
    and date_dim.d_year in (1998,1998+1,1998+2)
    and store.s_county in ('Williamson County','Williamson County','Williamson County','Williamson County')
    group by ss_ticket_number,ss_customer_sk) dj,customer
    where ss_customer_sk = c_customer_sk
      and cnt between 1 and 5
    order by cnt desc, c_last_name asc;
Sort  (cost=75766.99..75767.04 rows=19 width=81) (actual time=192.024..192.027 rows=3 loops=1)
  Sort Key: (count(*)) DESC, customer.c_last_name
  Sort Method: quicksort  Memory: 25kB
  ->  Nested Loop  (cost=75714.80..75766.59 rows=19 width=81) (actual time=190.866..192.017 rows=3 loops=1)
        ->  GroupAggregate  (cost=75714.51..75718.71 rows=19 width=24) (actual time=190.461..191.982 rows=63 loops=1)
              Group Key: store_sales.ss_ticket_number, store_sales.ss_customer_sk
              Filter: ((count(*) >= 1) AND (count(*) <= 5))
              Rows Removed by Filter: 1021
              ->  Sort  (cost=75714.51..75714.93 rows=168 width=16) (actual time=190.435..190.879 rows=11431 loops=1)
                    Sort Key: store_sales.ss_ticket_number, store_sales.ss_customer_sk
                    Sort Method: quicksort  Memory: 1009kB
                    ->  Nested Loop  (cost=0.71..75708.30 rows=168 width=16) (actual time=4.946..188.252 rows=11431 loops=1)
                          Join Filter: (store_sales.ss_store_sk = store.s_store_sk)
                          Rows Removed by Join Filter: 50085
                          ->  Nested Loop  (cost=0.71..75677.54 rows=176 width=24) (actual time=4.934..181.040 rows=11574 loops=1)
                                ->  Nested Loop  (cost=0.43..74820.03 rows=2722 width=32) (actual time=4.640..50.909 rows=105280 loops=1)
                                      ->  Seq Scan on date_dim  (cost=0.00..2774.67 rows=72 width=8) (actual time=4.629..9.576 rows=72 loops=1)
                                            Filter: ((d_dom >= 1) AND (d_dom <= 2) AND (d_year = ANY ('{1998,1999,2000}'::integer[])))
                                            Rows Removed by Filter: 72977
                                      ->  Index Scan using i_ss_sold_date_sk on store_sales  (cost=0.43..985.48 rows=1515 width=40) (actual time=0.006..0.390 rows=1462 loops=72)
                                            Index Cond: (ss_sold_date_sk = date_dim.d_date_sk)
                                ->  Index Scan using pk_household_demographics on household_demographics  (cost=0.28..0.32 rows=1 width=8) (actual time=0.001..0.001 rows=0 loops=105280)
                                      Index Cond: (hd_demo_sk = store_sales.ss_hdemo_sk)
                                      Filter: ((hd_vehicle_count > 0) AND ((hd_buy_potential = '1001-5000'::bpchar) OR (hd_buy_potential = '5001-10000'::bpchar)) AND (CASE WHEN (hd_vehicle_count > 0) THEN (hd_dep_count / hd_vehicle_count) ELSE NULL::integer END > 1))
                                      Rows Removed by Filter: 1
                          ->  Materialize  (cost=0.00..1.24 rows=12 width=8) (actual time=0.000..0.000 rows=5 loops=11574)
                                ->  Seq Scan on store  (cost=0.00..1.18 rows=12 width=8) (actual time=0.004..0.008 rows=12 loops=1)
                                      Filter: ((s_county)::text = ANY ('{"Williamson County","Williamson County","Williamson County","Williamson County"}'::text[]))
        ->  Index Scan using pk_customer on customer  (cost=0.29..2.51 rows=1 width=73) (actual time=0.000..0.000 rows=0 loops=63)
              Index Cond: (c_customer_sk = store_sales.ss_customer_sk)
          c_last_name           |     c_first_name     | c_salutation | c_preferred_cust_flag | ss_ticket_number | cnt 
--------------------------------+----------------------+--------------+-----------------------+------------------+-----
 Maggard                        | David                | Sir          | N                     |            59826 |   5
 Martin                         | Alice                | Mrs.         | N                     |           159590 |   5
 White                          | Rachel               | Dr.          | Y                     |           228568 |   5
(3 rows)

UPDATE time_statistics SET e_time = TRANSACTION_TIMESTAMP() WHERE template = 'query73.tpl' AND stream = 6;
psql:/tmp/s1-basline/throughput/query_6.sql:618: NOTICE:  duration: 0.074 ms  plan:
Query Text: UPDATE time_statistics SET e_time = TRANSACTION_TIMESTAMP() WHERE template = 'query73.tpl' AND stream = 6;
Update on time_statistics  (cost=0.00..12.41 rows=0 width=0) (actual time=0.073..0.073 rows=0 loops=1)
  ->  Seq Scan on time_statistics  (cost=0.00..12.41 rows=1 width=14) (actual time=0.058..0.058 rows=1 loops=1)
        Filter: ((template = 'query73.tpl'::text) AND (stream = 6))
        Rows Removed by Filter: 436
UPDATE 1
LOAD 'auto_explain'; SET auto_explain.log_min_duration TO 0; SET auto_explain.log_analyze TO on; SET auto_explain.log_level TO notice; INSERT INTO time_statistics (template, s_time, stream, query, seed) VALUES ('query91.tpl', TRANSACTION_TIMESTAMP(), 6, 13, 1288800470);
LOAD
SET
SET
SET
psql:/tmp/s1-basline/throughput/query_6.sql:619: NOTICE:  duration: 0.009 ms  plan:
Query Text: INSERT INTO time_statistics (template, s_time, stream, query, seed) VALUES ('query91.tpl', TRANSACTION_TIMESTAMP(), 6, 13, 1288800470);
Insert on time_statistics  (cost=0.00..0.01 rows=0 width=0) (actual time=0.008..0.008 rows=0 loops=1)
  ->  Result  (cost=0.00..0.01 rows=1 width=64) (actual time=0.001..0.002 rows=1 loops=1)
INSERT 0 1
select  
        cc_call_center_id Call_Center,
        cc_name Call_Center_Name,
        cc_manager Manager,
        sum(cr_net_loss) Returns_Loss
from
        call_center,
        catalog_returns,
        date_dim,
        customer,
        customer_address,
        customer_demographics,
        household_demographics
where
        cr_call_center_sk       = cc_call_center_sk
and     cr_returned_date_sk     = d_date_sk
and     cr_returning_customer_sk= c_customer_sk
and     cd_demo_sk              = c_current_cdemo_sk
and     hd_demo_sk              = c_current_hdemo_sk
and     ca_address_sk           = c_current_addr_sk
and     d_year                  = 1998 
and     d_moy                   = 12
and     ( (cd_marital_status       = 'M' and cd_education_status     = 'Unknown')
        or(cd_marital_status       = 'W' and cd_education_status     = 'Advanced Degree'))
and     hd_buy_potential like '>10000%'
and     ca_gmt_offset           = -6
group by cc_call_center_id,cc_name,cc_manager,cd_marital_status,cd_education_status
order by sum(cr_net_loss) desc;
psql:/tmp/s1-basline/throughput/query_6.sql:647: NOTICE:  duration: 21.697 ms  plan:
Query Text: select  
        cc_call_center_id Call_Center,
        cc_name Call_Center_Name,
        cc_manager Manager,
        sum(cr_net_loss) Returns_Loss
from
        call_center,
        catalog_returns,
        date_dim,
        customer,
        customer_address,
        customer_demographics,
        household_demographics
where
        cr_call_center_sk       = cc_call_center_sk
and     cr_returned_date_sk     = d_date_sk
and     cr_returning_customer_sk= c_customer_sk
and     cd_demo_sk              = c_current_cdemo_sk
and     hd_demo_sk              = c_current_hdemo_sk
and     ca_address_sk           = c_current_addr_sk
and     d_year                  = 1998 
and     d_moy                   = 12
and     ( (cd_marital_status       = 'M' and cd_education_status     = 'Unknown')
        or(cd_marital_status       = 'W' and cd_education_status     = 'Advanced Degree'))
and     hd_buy_potential like '>10000%'
and     ca_gmt_offset           = -6
group by cc_call_center_id,cc_name,cc_manager,cd_marital_status,cd_education_status
order by sum(cr_net_loss) desc;
Sort  (cost=2783.81..2783.81 rows=1 width=74) (actual time=21.686..21.688 rows=5 loops=1)
  Sort Key: (sum(catalog_returns.cr_net_loss)) DESC
  Sort Method: quicksort  Memory: 25kB
  ->  GroupAggregate  (cost=1392.70..2783.80 rows=1 width=74) (actual time=21.675..21.682 rows=5 loops=1)
        Group Key: call_center.cc_call_center_id, call_center.cc_name, call_center.cc_manager, customer_demographics.cd_marital_status, customer_demographics.cd_education_status
        ->  Incremental Sort  (cost=1392.70..2783.76 rows=2 width=74) (actual time=21.667..21.669 rows=7 loops=1)
              Sort Key: call_center.cc_call_center_id, call_center.cc_name, call_center.cc_manager, customer_demographics.cd_marital_status, customer_demographics.cd_education_status
              Presorted Key: call_center.cc_call_center_id
              Full-sort Groups: 1  Sort Method: quicksort  Average Memory: 25kB  Peak Memory: 25kB
              ->  Nested Loop  (cost=1.72..2783.67 rows=1 width=74) (actual time=5.166..21.647 rows=7 loops=1)
                    Join Filter: (catalog_returns.cr_call_center_sk = call_center.cc_call_center_sk)
                    Rows Removed by Join Filter: 35
                    ->  Index Scan using i_cc_call_center_id on call_center  (cost=0.13..3.52 rows=6 width=51) (actual time=0.003..0.006 rows=6 loops=1)
                    ->  Materialize  (cost=1.59..2780.06 rows=1 width=39) (actual time=0.860..3.606 rows=7 loops=6)
                          ->  Nested Loop  (cost=1.59..2780.05 rows=1 width=39) (actual time=5.159..21.626 rows=7 loops=1)
                                ->  Nested Loop  (cost=1.16..2777.06 rows=4 width=24) (actual time=4.310..20.931 rows=155 loops=1)
                                      ->  Nested Loop  (cost=0.87..2773.82 rows=10 width=32) (actual time=4.256..19.953 rows=358 loops=1)
                                            ->  Nested Loop  (cost=0.59..2755.32 rows=61 width=40) (actual time=4.133..16.531 rows=2313 loops=1)
                                                  ->  Nested Loop  (cost=0.29..2734.49 rows=62 width=24) (actual time=4.128..10.962 rows=2370 loops=1)
                                                        ->  Seq Scan on date_dim  (cost=0.00..2500.73 rows=31 width=8) (actual time=4.115..8.929 rows=31 loops=1)
                                                              Filter: ((d_year = 1998) AND (d_moy = 12))
                                                              Rows Removed by Filter: 73018
                                                        ->  Index Scan using i_cr_returned_date_sk on catalog_returns  (cost=0.29..6.82 rows=72 width=32) (actual time=0.002..0.050 rows=76 loops=31)
                                                              Index Cond: (cr_returned_date_sk = date_dim.d_date_sk)
                                                  ->  Index Scan using pk_customer on customer  (cost=0.29..0.34 rows=1 width=32) (actual time=0.002..0.002 rows=1 loops=2370)
                                                        Index Cond: (c_customer_sk = catalog_returns.cr_returning_customer_sk)
                                            ->  Index Scan using pk_household_demographics on household_demographics  (cost=0.28..0.30 rows=1 width=8) (actual time=0.001..0.001 rows=0 loops=2313)
                                                  Index Cond: (hd_demo_sk = customer.c_current_hdemo_sk)
                                                  Filter: (hd_buy_potential ~~ '>10000%'::text)
                                                  Rows Removed by Filter: 1
                                      ->  Index Scan using pk_customer_address on customer_address  (cost=0.29..0.32 rows=1 width=8) (actual time=0.002..0.002 rows=0 loops=358)
                                            Index Cond: (ca_address_sk = customer.c_current_addr_sk)
                                            Filter: (ca_gmt_offset = '-6'::double precision)
                                            Rows Removed by Filter: 1
                                ->  Index Scan using pk_customer_demographics on customer_demographics  (cost=0.43..0.75 rows=1 width=31) (actual time=0.004..0.004 rows=0 loops=155)
                                      Index Cond: (cd_demo_sk = customer.c_current_cdemo_sk)
                                      Filter: (((cd_marital_status = 'M'::bpchar) AND (cd_education_status = 'Unknown'::bpchar)) OR ((cd_marital_status = 'W'::bpchar) AND (cd_education_status = 'Advanced Degree'::bpchar)))
                                      Rows Removed by Filter: 1
   call_center    | call_center_name |     manager     |    returns_loss    
------------------+------------------+-----------------+--------------------
 AAAAAAAABAAAAAAA | NY Metro         | Lloyd Ledesma   |  892.9300000000001
 AAAAAAAAEAAAAAAA | North Midwest    | Lawrence Harris | 401.70000000000005
 AAAAAAAACAAAAAAA | Mid Atlantic     | Dale Robinson   |             385.77
 AAAAAAAACAAAAAAA | Mid Atlantic     | Dale Robinson   |             163.01
 AAAAAAAABAAAAAAA | NY Metro         | Lloyd Ledesma   |             102.84
(5 rows)

UPDATE time_statistics SET e_time = TRANSACTION_TIMESTAMP() WHERE template = 'query91.tpl' AND stream = 6;
psql:/tmp/s1-basline/throughput/query_6.sql:649: NOTICE:  duration: 0.072 ms  plan:
Query Text: UPDATE time_statistics SET e_time = TRANSACTION_TIMESTAMP() WHERE template = 'query91.tpl' AND stream = 6;
Update on time_statistics  (cost=0.00..12.41 rows=0 width=0) (actual time=0.071..0.072 rows=0 loops=1)
  ->  Seq Scan on time_statistics  (cost=0.00..12.41 rows=1 width=14) (actual time=0.057..0.058 rows=1 loops=1)
        Filter: ((template = 'query91.tpl'::text) AND (stream = 6))
        Rows Removed by Filter: 437
UPDATE 1
LOAD 'auto_explain'; SET auto_explain.log_min_duration TO 0; SET auto_explain.log_analyze TO on; SET auto_explain.log_level TO notice; INSERT INTO time_statistics (template, s_time, stream, query, seed) VALUES ('../query_variants/query36a.tpl', TRANSACTION_TIMESTAMP(), 6, 14, 239522841);
LOAD
SET
SET
SET
psql:/tmp/s1-basline/throughput/query_6.sql:650: NOTICE:  duration: 0.008 ms  plan:
Query Text: INSERT INTO time_statistics (template, s_time, stream, query, seed) VALUES ('../query_variants/query36a.tpl', TRANSACTION_TIMESTAMP(), 6, 14, 239522841);
Insert on time_statistics  (cost=0.00..0.01 rows=0 width=0) (actual time=0.008..0.008 rows=0 loops=1)
  ->  Result  (cost=0.00..0.01 rows=1 width=64) (actual time=0.001..0.002 rows=1 loops=1)
INSERT 0 1
with results as
 (select 
    sum(ss_net_profit) as ss_net_profit, sum(ss_ext_sales_price) as ss_ext_sales_price,
    sum(ss_net_profit)/sum(ss_ext_sales_price) as gross_margin
   ,i_category
   ,i_class
   ,0 as g_category, 0 as g_class
 from
    store_sales
   ,date_dim       d1
   ,item
   ,store
 where
    d1.d_year = 1999 
    and d1.d_date_sk = ss_sold_date_sk
    and i_item_sk  = ss_item_sk 
    and s_store_sk  = ss_store_sk
    and s_state in ('TN','TN','TN','TN',
                 'TN','TN','TN','TN')
 group by i_category,i_class)
 ,
 results_rollup as
 (select gross_margin ,i_category ,i_class,0 as t_category, 0 as t_class, 0 as lochierarchy from results
 union
 select sum(ss_net_profit)/sum(ss_ext_sales_price) as gross_margin,
   i_category, NULL AS i_class, 0 as t_category, 1 as t_class, 1 as lochierarchy from results group by i_category
 union
 select sum(ss_net_profit)/sum(ss_ext_sales_price) as gross_margin,
   NULL AS i_category ,NULL AS i_class, 1 as t_category, 1 as t_class, 2 as lochierarchy from results)
  select 
  gross_margin ,i_category ,i_class, lochierarchy,rank() over (
 	partition by lochierarchy, case when t_class = 0 then i_category end 
 	order by gross_margin asc) as rank_within_parent
 from results_rollup
 order by
   lochierarchy desc
  ,case when lochierarchy = 0 then i_category end
  ,rank_within_parent
  limit 100;
psql:/tmp/s1-basline/throughput/query_6.sql:689: NOTICE:  duration: 1089.479 ms  plan:
Query Text: with results as
 (select 
    sum(ss_net_profit) as ss_net_profit, sum(ss_ext_sales_price) as ss_ext_sales_price,
    sum(ss_net_profit)/sum(ss_ext_sales_price) as gross_margin
   ,i_category
   ,i_class
   ,0 as g_category, 0 as g_class
 from
    store_sales
   ,date_dim       d1
   ,item
   ,store
 where
    d1.d_year = 1999 
    and d1.d_date_sk = ss_sold_date_sk
    and i_item_sk  = ss_item_sk 
    and s_store_sk  = ss_store_sk
    and s_state in ('TN','TN','TN','TN',
                 'TN','TN','TN','TN')
 group by i_category,i_class)
 ,
 results_rollup as
 (select gross_margin ,i_category ,i_class,0 as t_category, 0 as t_class, 0 as lochierarchy from results
 union
 select sum(ss_net_profit)/sum(ss_ext_sales_price) as gross_margin,
   i_category, NULL AS i_class, 0 as t_category, 1 as t_class, 1 as lochierarchy from results group by i_category
 union
 select sum(ss_net_profit)/sum(ss_ext_sales_price) as gross_margin,
   NULL AS i_category ,NULL AS i_class, 1 as t_category, 1 as t_class, 2 as lochierarchy from results)
  select 
  gross_margin ,i_category ,i_class, lochierarchy,rank() over (
 	partition by lochierarchy, case when t_class = 0 then i_category end 
 	order by gross_margin asc) as rank_within_parent
 from results_rollup
 order by
   lochierarchy desc
  ,case when lochierarchy = 0 then i_category end
  ,rank_within_parent
  limit 100;
Limit  (cost=94624.05..94624.30 rows=100 width=148) (actual time=1089.277..1089.409 rows=100 loops=1)
  CTE results
    ->  Finalize GroupAggregate  (cost=94009.35..94348.11 rows=990 width=134) (actual time=989.739..1088.740 rows=117 loops=1)
          Group Key: item.i_category, item.i_class
          ->  Gather Merge  (cost=94009.35..94315.94 rows=1980 width=118) (actual time=989.088..1088.603 rows=351 loops=1)
                Workers Planned: 2
                Workers Launched: 2
                ->  Partial GroupAggregate  (cost=93009.32..93087.37 rows=990 width=118) (actual time=883.070..967.981 rows=117 loops=3)
                      Group Key: item.i_category, item.i_class
                      ->  Sort  (cost=93009.32..93022.95 rows=5452 width=118) (actual time=882.429..920.007 rows=176595 loops=3)
                            Sort Key: item.i_category, item.i_class
                            Sort Method: external merge  Disk: 23992kB
                            Worker 0:  Sort Method: external merge  Disk: 21936kB
                            Worker 1:  Sort Method: external merge  Disk: 21264kB
                            ->  Nested Loop  (cost=2324.33..92670.96 rows=5452 width=118) (actual time=14.949..676.032 rows=176595 loops=3)
                                  ->  Hash Join  (cost=2324.04..91005.39 rows=5452 width=24) (actual time=14.895..327.450 rows=176595 loops=3)
                                        Hash Cond: (store_sales.ss_store_sk = store.s_store_sk)
                                        ->  Hash Join  (cost=2322.65..90983.94 rows=5718 width=32) (actual time=14.808..298.702 rows=180942 loops=3)
                                              Hash Cond: (store_sales.ss_sold_date_sk = d1.d_date_sk)
                                              ->  Parallel Seq Scan on store_sales  (cost=0.00..85499.45 rows=1204445 width=40) (actual time=0.014..131.989 rows=948150 loops=3)
                                              ->  Hash  (cost=2318.11..2318.11 rows=363 width=8) (actual time=14.773..14.774 rows=365 loops=3)
                                                    Buckets: 1024  Batches: 1  Memory Usage: 23kB
                                                    ->  Seq Scan on date_dim d1  (cost=0.00..2318.11 rows=363 width=8) (actual time=7.096..14.730 rows=365 loops=3)
                                                          Filter: (d_year = 1999)
                                                          Rows Removed by Filter: 72684
                                        ->  Hash  (cost=1.24..1.24 rows=12 width=8) (actual time=0.034..0.034 rows=12 loops=3)
                                              Buckets: 1024  Batches: 1  Memory Usage: 9kB
                                              ->  Seq Scan on store  (cost=0.00..1.24 rows=12 width=8) (actual time=0.025..0.029 rows=12 loops=3)
                                                    Filter: (s_state = ANY ('{TN,TN,TN,TN,TN,TN,TN,TN}'::bpchar[]))
                                  ->  Index Scan using pk_item on item  (cost=0.29..0.31 rows=1 width=110) (actual time=0.002..0.002 rows=1 loops=529784)
                                        Index Cond: (i_item_sk = store_sales.ss_item_sk)
  ->  Sort  (cost=275.93..278.91 rows=1191 width=148) (actual time=1089.276..1089.282 rows=100 loops=1)
        Sort Key: results_rollup.lochierarchy DESC, (CASE WHEN (results_rollup.lochierarchy = 0) THEN results_rollup.i_category ELSE NULL::bpchar END), (rank() OVER (?))
        Sort Method: quicksort  Memory: 56kB
        ->  WindowAgg  (cost=197.66..230.42 rows=1191 width=148) (actual time=1088.982..1089.076 rows=129 loops=1)
              ->  Sort  (cost=197.66..200.64 rows=1191 width=108) (actual time=1088.975..1088.981 rows=129 loops=1)
                    Sort Key: results_rollup.lochierarchy, (CASE WHEN (results_rollup.t_class = 0) THEN results_rollup.i_category ELSE NULL::bpchar END), results_rollup.gross_margin
                    Sort Method: quicksort  Memory: 48kB
                    ->  Subquery Scan on results_rollup  (cost=110.02..136.81 rows=1191 width=108) (actual time=1088.840..1088.880 rows=129 loops=1)
                          ->  HashAggregate  (cost=110.02..121.93 rows=1191 width=84) (actual time=1088.838..1088.867 rows=129 loops=1)
                                Group Key: results.gross_margin, results.i_category, results.i_class, (0), (0), (0)
                                Batches: 1  Memory Usage: 97kB
                                ->  Append  (cost=0.00..92.15 rows=1191 width=84) (actual time=989.743..1088.763 rows=129 loops=1)
                                      ->  CTE Scan on results  (cost=0.00..19.80 rows=990 width=428) (actual time=989.742..1088.680 rows=117 loops=1)
                                      ->  HashAggregate  (cost=27.23..29.73 rows=200 width=256) (actual time=0.047..0.051 rows=11 loops=1)
                                            Group Key: results_1.i_category
                                            Batches: 1  Memory Usage: 40kB
                                            ->  CTE Scan on results results_1  (cost=0.00..19.80 rows=990 width=220) (actual time=0.000..0.010 rows=117 loops=1)
                                      ->  Aggregate  (cost=24.75..24.76 rows=1 width=84) (actual time=0.018..0.019 rows=1 loops=1)
                                            ->  CTE Scan on results results_2  (cost=0.00..19.80 rows=990 width=16) (actual time=0.000..0.008 rows=117 loops=1)
     gross_margin     |                     i_category                     |                      i_class                       | lochierarchy | rank_within_parent 
----------------------+----------------------------------------------------+----------------------------------------------------+--------------+--------------------
 -0.43494530844258733 |                                                    |                                                    |            2 |                  1
 -0.44000311670183334 | Shoes                                              |                                                    |            1 |                  1
  -0.4389262961286132 | Sports                                             |                                                    |            1 |                  2
  -0.4386417562340558 | Children                                           |                                                    |            1 |                  3
 -0.43801350566224656 | Home                                               |                                                    |            1 |                  4
  -0.4373501371603626 | Jewelry                                            |                                                    |            1 |                  5
  -0.4371753644049275 | Music                                              |                                                    |            1 |                  6
  -0.4321401142104685 | Books                                              |                                                    |            1 |                  7
  -0.4320557895238757 | Electronics                                        |                                                    |            1 |                  8
  -0.4293633635536311 | Women                                              |                                                    |            1 |                  9
  -0.4267965223307991 | Men                                                |                                                    |            1 |                 10
  -0.4055918617398675 |                                                    |                                                    |            1 |                 11
  -0.4735918455060464 | Books                                              | self-help                                          |            0 |                  1
   -0.459704899599761 | Books                                              | home repair                                        |            0 |                  2
  -0.4523327352964044 | Books                                              | romance                                            |            0 |                  3
   -0.441962445208055 | Books                                              | fiction                                            |            0 |                  4
  -0.4414145939748488 | Books                                              | travel                                             |            0 |                  5
 -0.44026122506049686 | Books                                              | cooking                                            |            0 |                  6
  -0.4364143086821431 | Books                                              | science                                            |            0 |                  7
 -0.43440083651893807 | Books                                              | computers                                          |            0 |                  8
  -0.4325618467163552 | Books                                              | mystery                                            |            0 |                  9
  -0.4290910048175015 | Books                                              | arts                                               |            0 |                 10
 -0.42783652977201025 | Books                                              | entertainments                                     |            0 |                 11
  -0.4177298678599827 | Books                                              | parenting                                          |            0 |                 12
   -0.416005066639182 | Books                                              | sports                                             |            0 |                 13
  -0.4100402429108297 | Books                                              | business                                           |            0 |                 14
  -0.4074368282538868 | Books                                              | history                                            |            0 |                 15
   -0.399873410840733 | Books                                              | reference                                          |            0 |                 16
 -0.44494058704718803 | Children                                           | toddlers                                           |            0 |                  1
  -0.4388501870313152 | Children                                           | newborn                                            |            0 |                  2
 -0.43570670381001253 | Children                                           | school-uniforms                                    |            0 |                  3
 -0.43509160230633626 | Children                                           | infants                                            |            0 |                  4
 -0.45899329213468276 | Electronics                                        | dvd/vcr players                                    |            0 |                  1
 -0.45774519848128936 | Electronics                                        | cameras                                            |            0 |                  2
  -0.4564151656728432 | Electronics                                        | audio                                              |            0 |                  3
  -0.4511969122120506 | Electronics                                        | karoke                                             |            0 |                  4
  -0.4434985571577474 | Electronics                                        | camcorders                                         |            0 |                  5
  -0.4401527943932197 | Electronics                                        | personal                                           |            0 |                  6
  -0.4356035653030258 | Electronics                                        | televisions                                        |            0 |                  7
  -0.4330187813919764 | Electronics                                        | scanners                                           |            0 |                  8
   -0.430806091036239 | Electronics                                        | wireless                                           |            0 |                  9
  -0.4298046893177324 | Electronics                                        | monitors                                           |            0 |                 10
  -0.4282393346399855 | Electronics                                        | stereo                                             |            0 |                 11
 -0.42076457546530904 | Electronics                                        | automotive                                         |            0 |                 12
    -0.42015719930962 | Electronics                                        | memory                                             |            0 |                 13
  -0.4190605177394019 | Electronics                                        | portable                                           |            0 |                 14
  -0.4104951919775415 | Electronics                                        | disk drives                                        |            0 |                 15
 -0.38303996039314536 | Electronics                                        | musical                                            |            0 |                 16
   -0.462271935604027 | Home                                               | decor                                              |            0 |                  1
  -0.4617074465332929 | Home                                               | paint                                              |            0 |                  2
 -0.46017943509218345 | Home                                               | curtains/drapes                                    |            0 |                  3
 -0.45363714330966654 | Home                                               | lighting                                           |            0 |                  4
 -0.45363244511086587 | Home                                               | bedding                                            |            0 |                  5
 -0.44573511420377404 | Home                                               | glassware                                          |            0 |                  6
  -0.4436033941493162 | Home                                               | accent                                             |            0 |                  7
  -0.4429134671168446 | Home                                               | blinds/shades                                      |            0 |                  8
 -0.44270736016482437 | Home                                               | tables                                             |            0 |                  9
 -0.43728595640398654 | Home                                               | wallpaper                                          |            0 |                 10
  -0.4329186478554137 | Home                                               | flatware                                           |            0 |                 11
  -0.4325054818194767 | Home                                               | kids                                               |            0 |                 12
  -0.4216707402224069 | Home                                               | furniture                                          |            0 |                 13
 -0.41580214702329543 | Home                                               | mattresses                                         |            0 |                 14
   -0.409545525323154 | Home                                               | rugs                                               |            0 |                 15
 -0.39984623737036407 | Home                                               |                                                    |            0 |                 16
  -0.3901975190233344 | Home                                               | bathroom                                           |            0 |                 17
  -0.4747033407660902 | Jewelry                                            | bracelets                                          |            0 |                  1
 -0.47073535631610974 | Jewelry                                            | costume                                            |            0 |                  2
  -0.4691903392966887 | Jewelry                                            | gold                                               |            0 |                  3
  -0.4656103634411348 | Jewelry                                            | custom                                             |            0 |                  4
 -0.46275821832962843 | Jewelry                                            | pendants                                           |            0 |                  5
  -0.4555040341792674 | Jewelry                                            | womens watch                                       |            0 |                  6
 -0.44890754618747425 | Jewelry                                            | jewelry boxes                                      |            0 |                  7
  -0.4324988165487372 | Jewelry                                            | birdal                                             |            0 |                  8
   -0.430593359975056 | Jewelry                                            | mens watch                                         |            0 |                  9
  -0.4285064663156589 | Jewelry                                            | loose stones                                       |            0 |                 10
  -0.4258762218560072 | Jewelry                                            | consignment                                        |            0 |                 11
 -0.42204464446529955 | Jewelry                                            | semi-precious                                      |            0 |                 12
 -0.41540836800282716 | Jewelry                                            | rings                                              |            0 |                 13
  -0.4072142026304147 | Jewelry                                            | earings                                            |            0 |                 14
  -0.4071462995690441 | Jewelry                                            | diamonds                                           |            0 |                 15
 -0.39260907823390057 | Jewelry                                            | estate                                             |            0 |                 16
  -0.2928633244576218 | Jewelry                                            |                                                    |            0 |                 17
 -0.49065204845754185 | Men                                                |                                                    |            0 |                  1
 -0.43154872811531986 | Men                                                | pants                                              |            0 |                  2
 -0.42934899017529365 | Men                                                | shirts                                             |            0 |                  3
   -0.424487592456481 | Men                                                | sports-apparel                                     |            0 |                  4
 -0.42089517835827056 | Men                                                | accessories                                        |            0 |                  5
  -0.6651099951378867 | Music                                              |                                                    |            0 |                  1
 -0.45738041134020974 | Music                                              | classical                                          |            0 |                  2
  -0.4319905708947419 | Music                                              | rock                                               |            0 |                  3
  -0.4311227947796172 | Music                                              | pop                                                |            0 |                  4
   -0.428249324105201 | Music                                              | country                                            |            0 |                  5
  -0.4487366462189571 | Shoes                                              | kids                                               |            0 |                  1
  -0.4453734750737845 | Shoes                                              | mens                                               |            0 |                  2
 -0.43596418687697847 | Shoes                                              | athletic                                           |            0 |                  3
  -0.4289431654814301 | Shoes                                              | womens                                             |            0 |                  4
  -0.3120418423900149 | Shoes                                              |                                                    |            0 |                  5
  -0.4860051478567461 | Sports                                             | pools                                              |            0 |                  1
  -0.4766193813937518 | Sports                                             | outdoor                                            |            0 |                  2
 -0.47334899362556426 | Sports                                             | athletic shoes                                     |            0 |                  3
(100 rows)

UPDATE time_statistics SET e_time = TRANSACTION_TIMESTAMP() WHERE template = '../query_variants/query36a.tpl' AND stream = 6;
psql:/tmp/s1-basline/throughput/query_6.sql:691: NOTICE:  duration: 0.071 ms  plan:
Query Text: UPDATE time_statistics SET e_time = TRANSACTION_TIMESTAMP() WHERE template = '../query_variants/query36a.tpl' AND stream = 6;
Update on time_statistics  (cost=0.00..12.41 rows=0 width=0) (actual time=0.071..0.071 rows=0 loops=1)
  ->  Seq Scan on time_statistics  (cost=0.00..12.41 rows=1 width=14) (actual time=0.057..0.057 rows=1 loops=1)
        Filter: ((template = '../query_variants/query36a.tpl'::text) AND (stream = 6))
        Rows Removed by Filter: 439
UPDATE 1
LOAD 'auto_explain'; SET auto_explain.log_min_duration TO 0; SET auto_explain.log_analyze TO on; SET auto_explain.log_level TO notice; INSERT INTO time_statistics (template, s_time, stream, query, seed) VALUES ('query11.tpl', TRANSACTION_TIMESTAMP(), 6, 15, 1535251721);
LOAD
SET
SET
SET
psql:/tmp/s1-basline/throughput/query_6.sql:692: NOTICE:  duration: 0.008 ms  plan:
Query Text: INSERT INTO time_statistics (template, s_time, stream, query, seed) VALUES ('query11.tpl', TRANSACTION_TIMESTAMP(), 6, 15, 1535251721);
Insert on time_statistics  (cost=0.00..0.01 rows=0 width=0) (actual time=0.008..0.008 rows=0 loops=1)
  ->  Result  (cost=0.00..0.01 rows=1 width=64) (actual time=0.001..0.001 rows=1 loops=1)
INSERT 0 1
with year_total as (
 select c_customer_id customer_id
       ,c_first_name customer_first_name
       ,c_last_name customer_last_name
       ,c_preferred_cust_flag customer_preferred_cust_flag
       ,c_birth_country customer_birth_country
       ,c_login customer_login
       ,c_email_address customer_email_address
       ,d_year dyear
       ,sum(ss_ext_list_price-ss_ext_discount_amt) year_total
       ,'s' sale_type
 from customer
     ,store_sales
     ,date_dim
 where c_customer_sk = ss_customer_sk
   and ss_sold_date_sk = d_date_sk
 group by c_customer_id
         ,c_first_name
         ,c_last_name
         ,c_preferred_cust_flag 
         ,c_birth_country
         ,c_login
         ,c_email_address
         ,d_year 
 union all
 select c_customer_id customer_id
       ,c_first_name customer_first_name
       ,c_last_name customer_last_name
       ,c_preferred_cust_flag customer_preferred_cust_flag
       ,c_birth_country customer_birth_country
       ,c_login customer_login
       ,c_email_address customer_email_address
       ,d_year dyear
       ,sum(ws_ext_list_price-ws_ext_discount_amt) year_total
       ,'w' sale_type
 from customer
     ,web_sales
     ,date_dim
 where c_customer_sk = ws_bill_customer_sk
   and ws_sold_date_sk = d_date_sk
 group by c_customer_id
         ,c_first_name
         ,c_last_name
         ,c_preferred_cust_flag 
         ,c_birth_country
         ,c_login
         ,c_email_address
         ,d_year
         )
  select  
                  t_s_secyear.customer_id
                 ,t_s_secyear.customer_first_name
                 ,t_s_secyear.customer_last_name
                 ,t_s_secyear.customer_birth_country
 from year_total t_s_firstyear
     ,year_total t_s_secyear
     ,year_total t_w_firstyear
     ,year_total t_w_secyear
 where t_s_secyear.customer_id = t_s_firstyear.customer_id
         and t_s_firstyear.customer_id = t_w_secyear.customer_id
         and t_s_firstyear.customer_id = t_w_firstyear.customer_id
         and t_s_firstyear.sale_type = 's'
         and t_w_firstyear.sale_type = 'w'
         and t_s_secyear.sale_type = 's'
         and t_w_secyear.sale_type = 'w'
         and t_s_firstyear.dyear = 1999
         and t_s_secyear.dyear = 1999+1
         and t_w_firstyear.dyear = 1999
         and t_w_secyear.dyear = 1999+1
         and t_s_firstyear.year_total > 0
         and t_w_firstyear.year_total > 0
         and case when t_w_firstyear.year_total > 0 then t_w_secyear.year_total / t_w_firstyear.year_total else 0.0 end
             > case when t_s_firstyear.year_total > 0 then t_s_secyear.year_total / t_s_firstyear.year_total else 0.0 end
 order by t_s_secyear.customer_id
         ,t_s_secyear.customer_first_name
         ,t_s_secyear.customer_last_name
         ,t_s_secyear.customer_birth_country
limit 100;
psql:/tmp/s1-basline/throughput/query_6.sql:770: NOTICE:  duration: 2062703.100 ms  plan:
Query Text: with year_total as (
 select c_customer_id customer_id
       ,c_first_name customer_first_name
       ,c_last_name customer_last_name
       ,c_preferred_cust_flag customer_preferred_cust_flag
       ,c_birth_country customer_birth_country
       ,c_login customer_login
       ,c_email_address customer_email_address
       ,d_year dyear
       ,sum(ss_ext_list_price-ss_ext_discount_amt) year_total
       ,'s' sale_type
 from customer
     ,store_sales
     ,date_dim
 where c_customer_sk = ss_customer_sk
   and ss_sold_date_sk = d_date_sk
 group by c_customer_id
         ,c_first_name
         ,c_last_name
         ,c_preferred_cust_flag 
         ,c_birth_country
         ,c_login
         ,c_email_address
         ,d_year 
 union all
 select c_customer_id customer_id
       ,c_first_name customer_first_name
       ,c_last_name customer_last_name
       ,c_preferred_cust_flag customer_preferred_cust_flag
       ,c_birth_country customer_birth_country
       ,c_login customer_login
       ,c_email_address customer_email_address
       ,d_year dyear
       ,sum(ws_ext_list_price-ws_ext_discount_amt) year_total
       ,'w' sale_type
 from customer
     ,web_sales
     ,date_dim
 where c_customer_sk = ws_bill_customer_sk
   and ws_sold_date_sk = d_date_sk
 group by c_customer_id
         ,c_first_name
         ,c_last_name
         ,c_preferred_cust_flag 
         ,c_birth_country
         ,c_login
         ,c_email_address
         ,d_year
         )
  select  
                  t_s_secyear.customer_id
                 ,t_s_secyear.customer_first_name
                 ,t_s_secyear.customer_last_name
                 ,t_s_secyear.customer_birth_country
 from year_total t_s_firstyear
     ,year_total t_s_secyear
     ,year_total t_w_firstyear
     ,year_total t_w_secyear
 where t_s_secyear.customer_id = t_s_firstyear.customer_id
         and t_s_firstyear.customer_id = t_w_secyear.customer_id
         and t_s_firstyear.customer_id = t_w_firstyear.customer_id
         and t_s_firstyear.sale_type = 's'
         and t_w_firstyear.sale_type = 'w'
         and t_s_secyear.sale_type = 's'
         and t_w_secyear.sale_type = 'w'
         and t_s_firstyear.dyear = 1999
         and t_s_secyear.dyear = 1999+1
         and t_w_firstyear.dyear = 1999
         and t_w_secyear.dyear = 1999+1
         and t_s_firstyear.year_total > 0
         and t_w_firstyear.year_total > 0
         and case when t_w_firstyear.year_total > 0 then t_w_secyear.year_total / t_w_firstyear.year_total else 0.0 end
             > case when t_s_firstyear.year_total > 0 then t_s_secyear.year_total / t_s_firstyear.year_total else 0.0 end
 order by t_s_secyear.customer_id
         ,t_s_secyear.customer_first_name
         ,t_s_secyear.customer_last_name
         ,t_s_secyear.customer_birth_country
limit 100;
Limit  (cost=1159098.79..1159098.80 rows=1 width=334) (actual time=2062703.048..2062703.068 rows=81 loops=1)
  CTE year_total
    ->  Append  (cost=408517.15..806440.71 rows=3358371 width=231) (actual time=3614.551..5301.578 rows=244732 loops=1)
          ->  HashAggregate  (cost=408517.15..584187.44 rows=2636084 width=231) (actual time=3614.551..4269.419 rows=188832 loops=1)
                Group Key: customer.c_customer_id, customer.c_first_name, customer.c_last_name, customer.c_preferred_cust_flag, customer.c_birth_country, customer.c_login, customer.c_email_address, date_dim.d_year
                Planned Partitions: 32  Batches: 33  Memory Usage: 33049kB  Disk Usage: 217120kB
                ->  Hash Join  (cost=8459.60..125652.99 rows=2636084 width=207) (actual time=75.754..1748.513 rows=2651152 loops=1)
                      Hash Cond: (store_sales.ss_sold_date_sk = date_dim.d_date_sk)
                      ->  Hash Join  (cost=5411.00..115360.98 rows=2759238 width=211) (actual time=57.036..1279.567 rows=2716019 loops=1)
                            Hash Cond: (store_sales.ss_customer_sk = customer.c_customer_sk)
                            ->  Seq Scan on store_sales  (cost=0.00..102361.67 rows=2890667 width=32) (actual time=0.005..227.861 rows=2844450 loops=1)
                            ->  Hash  (cost=4161.00..4161.00 rows=100000 width=195) (actual time=56.954..56.955 rows=100000 loops=1)
                                  Buckets: 131072  Batches: 1  Memory Usage: 17780kB
                                  ->  Seq Scan on customer  (cost=0.00..4161.00 rows=100000 width=195) (actual time=0.004..29.258 rows=100000 loops=1)
                      ->  Hash  (cost=2135.49..2135.49 rows=73049 width=12) (actual time=18.654..18.655 rows=73049 loops=1)
                            Buckets: 131072  Batches: 1  Memory Usage: 4449kB
                            ->  Seq Scan on date_dim  (cost=0.00..2135.49 rows=73049 width=12) (actual time=0.005..9.686 rows=73049 loops=1)
          ->  HashAggregate  (cost=123744.05..171877.70 rows=722287 width=231) (actual time=1000.929..1017.509 rows=55900 loops=1)
                Group Key: customer_1.c_customer_id, customer_1.c_first_name, customer_1.c_last_name, customer_1.c_preferred_cust_flag, customer_1.c_birth_country, customer_1.c_login, customer_1.c_email_address, date_dim_1.d_year
                Planned Partitions: 16  Batches: 1  Memory Usage: 19481kB
                ->  Hash Join  (cost=8459.60..46239.27 rows=722287 width=207) (actual time=69.716..532.753 rows=711274 loops=1)
                      Hash Cond: (web_sales.ws_sold_date_sk = date_dim_1.d_date_sk)
                      ->  Hash Join  (cost=5411.00..41294.30 rows=722383 width=211) (actual time=50.286..392.311 rows=711350 loops=1)
                            Hash Cond: (web_sales.ws_bill_customer_sk = customer_1.c_customer_sk)
                            ->  Seq Scan on web_sales  (cost=0.00..33986.52 rows=722552 width=32) (actual time=0.005..65.671 rows=711555 loops=1)
                            ->  Hash  (cost=4161.00..4161.00 rows=100000 width=195) (actual time=50.203..50.203 rows=100000 loops=1)
                                  Buckets: 131072  Batches: 1  Memory Usage: 17780kB
                                  ->  Seq Scan on customer customer_1  (cost=0.00..4161.00 rows=100000 width=195) (actual time=0.005..27.177 rows=100000 loops=1)
                      ->  Hash  (cost=2135.49..2135.49 rows=73049 width=12) (actual time=19.349..19.350 rows=73049 loops=1)
                            Buckets: 131072  Batches: 1  Memory Usage: 4449kB
                            ->  Seq Scan on date_dim date_dim_1  (cost=0.00..2135.49 rows=73049 width=12) (actual time=0.010..10.510 rows=73049 loops=1)
  ->  Sort  (cost=352658.09..352658.09 rows=1 width=334) (actual time=2062703.047..2062703.052 rows=81 loops=1)
        Sort Key: t_s_secyear.customer_id, t_s_secyear.customer_first_name, t_s_secyear.customer_last_name, t_s_secyear.customer_birth_country
        Sort Method: quicksort  Memory: 36kB
        ->  Nested Loop  (cost=0.00..352658.08 rows=1 width=334) (actual time=9136.558..2062702.826 rows=81 loops=1)
              Join Filter: ((t_s_secyear.customer_id = t_w_secyear.customer_id) AND (CASE WHEN (t_w_firstyear.year_total > '0'::double precision) THEN (t_w_secyear.year_total / t_w_firstyear.year_total) ELSE '0'::double precision END > CASE WHEN (t_s_firstyear.year_total > '0'::double precision) THEN (t_s_secyear.year_total / t_s_firstyear.year_total) ELSE '0'::double precision END))
              Rows Removed by Join Filter: 18021843
              ->  Nested Loop  (cost=0.00..268693.76 rows=2 width=494) (actual time=6577.729..1989720.736 rows=1614 loops=1)
                    Join Filter: (t_s_firstyear.customer_id = t_s_secyear.customer_id)
                    Rows Removed by Join Filter: 156844080
                    ->  Nested Loop  (cost=0.00..184727.77 rows=4 width=152) (actual time=5654.500..1784148.716 rows=4143 loops=1)
                          Join Filter: (t_s_firstyear.customer_id = t_w_firstyear.customer_id)
                          Rows Removed by Join Filter: 422474181
                          ->  CTE Scan on year_total t_s_firstyear  (cost=0.00..92355.20 rows=28 width=76) (actual time=3614.556..3725.357 rows=37782 loops=1)
                                Filter: ((year_total > '0'::double precision) AND (sale_type = 's'::text) AND (dyear = 1999))
                                Rows Removed by Filter: 206950
                          ->  CTE Scan on year_total t_w_firstyear  (cost=0.00..92355.20 rows=28 width=76) (actual time=34.980..46.338 rows=11182 loops=37782)
                                Filter: ((year_total > '0'::double precision) AND (sale_type = 'w'::text) AND (dyear = 1999))
                                Rows Removed by Filter: 233550
                    ->  CTE Scan on year_total t_s_secyear  (cost=0.00..83959.28 rows=84 width=342) (actual time=0.002..46.917 rows=37858 loops=4143)
                          Filter: ((sale_type = 's'::text) AND (dyear = 2000))
                          Rows Removed by Filter: 206874
              ->  CTE Scan on year_total t_w_secyear  (cost=0.00..83959.28 rows=84 width=76) (actual time=33.395..44.438 rows=11166 loops=1614)
                    Filter: ((sale_type = 'w'::text) AND (dyear = 2000))
                    Rows Removed by Filter: 233566
   customer_id    | customer_first_name  |       customer_last_name       | customer_birth_country 
------------------+----------------------+--------------------------------+------------------------
 AAAAAAAAACFHAAAA | Joseph               | Landry                         | AMERICAN SAMOA
 AAAAAAAAAEPBBAAA | Joseph               | Mackie                         | POLAND
 AAAAAAAAAGIFBAAA | Charles              | Conklin                        | SURINAME
 AAAAAAAAAHOGBAAA | Ralph                | Richardson                     | RUSSIAN FEDERATION
 AAAAAAAAAJDOAAAA | Dorothy              | Perez                          | MOLDOVA, REPUBLIC OF
 AAAAAAAABBCCAAAA | Roy                  | Wright                         | HONG KONG
 AAAAAAAABCCEAAAA | Sarah                | Warren                         | PORTUGAL
 AAAAAAAABCCNAAAA | James                | Anderson                       | SERBIA
 AAAAAAAABJLIAAAA | Kristopher           | Harden                         | GREENLAND
 AAAAAAAABLHEBAAA | Johanna              | Longo                          | AFGHANISTAN
 AAAAAAAACDCGBAAA | Robert               | Ng                             | MOLDOVA, REPUBLIC OF
 AAAAAAAACJGNAAAA | Ella                 | Wong                           | ROMANIA
 AAAAAAAADBKIAAAA | Maxine               | Black                          | MAYOTTE
 AAAAAAAADGELAAAA | Wayne                | Zeigler                        | ALAND ISLANDS
 AAAAAAAADKBFBAAA | Laura                | Stephens                       | ETHIOPIA
 AAAAAAAAECBFBAAA | Donald               | Calvert                        | SWEDEN
 AAAAAAAAECJAAAAA |                      | Williams                       | SWAZILAND
 AAAAAAAAEEADAAAA | Debra                | Curtis                         | MONTENEGRO
 AAAAAAAAEGHFBAAA | Iris                 | Granger                        | SIERRA LEONE
 AAAAAAAAEIOHAAAA | Robert               | Rangel                         | MOZAMBIQUE
 AAAAAAAAEKBGAAAA | Alvin                | Spann                          | SUDAN
 AAAAAAAAENDIAAAA | Linda                | Martinez                       | SOUTH AFRICA
 AAAAAAAAEPHJAAAA | Nadine               | Chambers                       | SINGAPORE
 AAAAAAAAFCALAAAA | Karla                | Flores                         | BURKINA FASO
 AAAAAAAAFDNDAAAA | Ernest               | Bryant                         | ARGENTINA
 AAAAAAAAFHIGBAAA | Doris                | Ortiz                          | PHILIPPINES
 AAAAAAAAFLMNAAAA | Megan                | Ellison                        | 
 AAAAAAAAFMOLAAAA | Emily                | Gaines                         | CÃ\u0094TE D'IVOIRE
 AAAAAAAAFMPGBAAA | Joseph               | Brown                          | TIMOR-LESTE
 AAAAAAAAFOGCAAAA | Juan                 | Mcrae                          | LEBANON
 AAAAAAAAGHGJAAAA | Michael              | Andrews                        | GAMBIA
 AAAAAAAAGPBCBAAA | Janet                | Rice                           | SWAZILAND
 AAAAAAAAHFMHBAAA | Grace                | Hutchinson                     | HONDURAS
 AAAAAAAAHGALAAAA | Jason                | Maloney                        | PUERTO RICO
 AAAAAAAAHJABBAAA | Marcia               | Allen                          | WALLIS AND FUTUNA
 AAAAAAAAHMDBBAAA | Ronald               | Mcgowan                        | GRENADA
 AAAAAAAAIBECBAAA | Herman               | Martin                         | BELGIUM
 AAAAAAAAIBEDBAAA | Dorothy              | West                           | SWITZERLAND
 AAAAAAAAICJIAAAA | Brandon              | Fitzgerald                     | KOREA, REPUBLIC OF
 AAAAAAAAIKFHAAAA | Brian                | Shaffer                        | BULGARIA
 AAAAAAAAJDDDAAAA | Edna                 | Cole                           | NAURU
 AAAAAAAAJGMDBAAA | Carmella             | Spicer                         | CUBA
 AAAAAAAAJKOJAAAA | Julie                | Sheridan                       | MADAGASCAR
 AAAAAAAAJNAHBAAA | Virginia             | Smith                          | ZAMBIA
 AAAAAAAAKGLCAAAA | Gregory              | King                           | MARTINIQUE
 AAAAAAAAKJDCAAAA | Agustin              | Martinez                       | NORWAY
 AAAAAAAAKPJBAAAA | Manuel               | Davis                          | 
 AAAAAAAALBIIAAAA | Richard              | Lang                           | UKRAINE
 AAAAAAAALBMKAAAA | Elaine               | Russell                        | CAPE VERDE
 AAAAAAAALCIDAAAA | Justin               | Smith                          | MONTENEGRO
 AAAAAAAALIOBAAAA | Brandy               | John                           | GUINEA
 AAAAAAAALKCFBAAA | Janel                | Thompson                       | NETHERLANDS ANTILLES
 AAAAAAAALMNOAAAA | David                | Prather                        | SOMALIA
 AAAAAAAALMOMAAAA | Melanie              | Maestas                        | EQUATORIAL GUINEA
 AAAAAAAALOAOAAAA | Edward               | Wilson                         | LITHUANIA
 AAAAAAAALPKLAAAA | John                 | Mathias                        | ERITREA
 AAAAAAAALPNGBAAA | Maxine               | Pitts                          | SWAZILAND
 AAAAAAAAMAFKAAAA | Flora                | Greene                         | TAJIKISTAN
 AAAAAAAAMANJAAAA | Richard              | Gutierrez                      | GHANA
 AAAAAAAAMCGLAAAA | Erika                | Rollins                        | GUINEA-BISSAU
 AAAAAAAAMDCFAAAA | Angelina             | Adler                          | ECUADOR
 AAAAAAAAMIKNAAAA | Lucille              | Ellis                          | KOREA, REPUBLIC OF
 AAAAAAAAMLOLAAAA | James                | Owen                           | MARSHALL ISLANDS
 AAAAAAAAMNCGBAAA | Keith                | Hunt                           | CAYMAN ISLANDS
 AAAAAAAANCCHAAAA | Jeffrey              | Hood                           | IRAQ
 AAAAAAAANCCHBAAA | Robyn                | Mitchell                       | AFGHANISTAN
 AAAAAAAANGGFBAAA | Norma                | Sherry                         | PORTUGAL
 AAAAAAAANHAJAAAA | Joseph               | Yazzie                         | AFGHANISTAN
 AAAAAAAANJFGBAAA | Barbara              | James                          | FRANCE
 AAAAAAAANLEBAAAA |                      |                                | LUXEMBOURG
 AAAAAAAAOBFBAAAA | Leo                  | Alvarado                       | SWITZERLAND
 AAAAAAAAODOFAAAA | Joshua               | Kern                           | PANAMA
 AAAAAAAAOGPEBAAA |                      | Swift                          | NORWAY
 AAAAAAAAOJLIAAAA | Jose                 | Macias                         | HAITI
 AAAAAAAAOKHABAAA | Robert               | Lozano                         | AFGHANISTAN
 AAAAAAAAOKLGAAAA | Helen                | Holloway                       | MARSHALL ISLANDS
 AAAAAAAAOLBIAAAA | Jacquelyn            | Mcgrath                        | SAUDI ARABIA
 AAAAAAAAONOJAAAA | James                |                                | 
 AAAAAAAAPCODAAAA | William              | Chavez                         | SAINT HELENA
 AAAAAAAAPOBHAAAA | David                | Finney                         | AUSTRIA
 AAAAAAAAPPPDAAAA | Martin               | Hudson                         | SWITZERLAND
(81 rows)

UPDATE time_statistics SET e_time = TRANSACTION_TIMESTAMP() WHERE template = 'query11.tpl' AND stream = 6;
psql:/tmp/s1-basline/throughput/query_6.sql:772: NOTICE:  duration: 0.119 ms  plan:
Query Text: UPDATE time_statistics SET e_time = TRANSACTION_TIMESTAMP() WHERE template = 'query11.tpl' AND stream = 6;
Update on time_statistics  (cost=0.00..15.28 rows=0 width=0) (actual time=0.117..0.118 rows=0 loops=1)
  ->  Seq Scan on time_statistics  (cost=0.00..15.28 rows=1 width=14) (actual time=0.060..0.085 rows=1 loops=1)
        Filter: ((template = 'query11.tpl'::text) AND (stream = 6))
        Rows Removed by Filter: 504
UPDATE 1
LOAD 'auto_explain'; SET auto_explain.log_min_duration TO 0; SET auto_explain.log_analyze TO on; SET auto_explain.log_level TO notice; INSERT INTO time_statistics (template, s_time, stream, query, seed) VALUES ('../query_postgresql/query80.tpl', TRANSACTION_TIMESTAMP(), 6, 16, 1338589624);
LOAD
SET
SET
SET
psql:/tmp/s1-basline/throughput/query_6.sql:773: NOTICE:  duration: 0.021 ms  plan:
Query Text: INSERT INTO time_statistics (template, s_time, stream, query, seed) VALUES ('../query_postgresql/query80.tpl', TRANSACTION_TIMESTAMP(), 6, 16, 1338589624);
Insert on time_statistics  (cost=0.00..0.01 rows=0 width=0) (actual time=0.020..0.020 rows=0 loops=1)
  ->  Result  (cost=0.00..0.01 rows=1 width=64) (actual time=0.001..0.002 rows=1 loops=1)
INSERT 0 1
with ssr as
 (select  s_store_id as store_id,
          sum(ss_ext_sales_price) as sales,
          sum(coalesce(sr_return_amt, 0)) as returns,
          sum(ss_net_profit - coalesce(sr_net_loss, 0)) as profit
  from store_sales left outer join store_returns on
         (ss_item_sk = sr_item_sk and ss_ticket_number = sr_ticket_number),
     date_dim,
     store,
     item,
     promotion
 where ss_sold_date_sk = d_date_sk
       and d_date between cast('2000-08-12' as date) 
                  and (cast('2000-08-12' as date) + interval '30 days')
       and ss_store_sk = s_store_sk
       and ss_item_sk = i_item_sk
       and i_current_price > 50
       and ss_promo_sk = p_promo_sk
       and p_channel_tv = 'N'
 group by s_store_id)
 ,
 csr as
 (select  cp_catalog_page_id as catalog_page_id,
          sum(cs_ext_sales_price) as sales,
          sum(coalesce(cr_return_amount, 0)) as returns,
          sum(cs_net_profit - coalesce(cr_net_loss, 0)) as profit
  from catalog_sales left outer join catalog_returns on
         (cs_item_sk = cr_item_sk and cs_order_number = cr_order_number),
     date_dim,
     catalog_page,
     item,
     promotion
 where cs_sold_date_sk = d_date_sk
       and d_date between cast('2000-08-12' as date)
                  and (cast('2000-08-12' as date) +  interval '30 days')
        and cs_catalog_page_sk = cp_catalog_page_sk
       and cs_item_sk = i_item_sk
       and i_current_price > 50
       and cs_promo_sk = p_promo_sk
       and p_channel_tv = 'N'
group by cp_catalog_page_id)
 ,
 wsr as
 (select  web_site_id,
          sum(ws_ext_sales_price) as sales,
          sum(coalesce(wr_return_amt, 0)) as returns,
          sum(ws_net_profit - coalesce(wr_net_loss, 0)) as profit
  from web_sales left outer join web_returns on
         (ws_item_sk = wr_item_sk and ws_order_number = wr_order_number),
     date_dim,
     web_site,
     item,
     promotion
 where ws_sold_date_sk = d_date_sk
       and d_date between cast('2000-08-12' as date)
                  and (cast('2000-08-12' as date) + interval '30 days')
        and ws_web_site_sk = web_site_sk
       and ws_item_sk = i_item_sk
       and i_current_price > 50
       and ws_promo_sk = p_promo_sk
       and p_channel_tv = 'N'
group by web_site_id)
  select  channel
        , id
        , sum(sales) as sales
        , sum(returns) as returns
        , sum(profit) as profit
 from 
 (select 'store channel' as channel
        , 'store' || store_id as id
        , sales
        , returns
        , profit
 from   ssr
 union all
 select 'catalog channel' as channel
        , 'catalog_page' || catalog_page_id as id
        , sales
        , returns
        , profit
 from  csr
 union all
 select 'web channel' as channel
        , 'web_site' || web_site_id as id
        , sales
        , returns
        , profit
 from   wsr
 ) x
 group by rollup (channel, id)
 order by channel
         ,id
 limit 100;
psql:/tmp/s1-basline/throughput/query_6.sql:866: NOTICE:  duration: 275.684 ms  plan:
Query Text: with ssr as
 (select  s_store_id as store_id,
          sum(ss_ext_sales_price) as sales,
          sum(coalesce(sr_return_amt, 0)) as returns,
          sum(ss_net_profit - coalesce(sr_net_loss, 0)) as profit
  from store_sales left outer join store_returns on
         (ss_item_sk = sr_item_sk and ss_ticket_number = sr_ticket_number),
     date_dim,
     store,
     item,
     promotion
 where ss_sold_date_sk = d_date_sk
       and d_date between cast('2000-08-12' as date) 
                  and (cast('2000-08-12' as date) + interval '30 days')
       and ss_store_sk = s_store_sk
       and ss_item_sk = i_item_sk
       and i_current_price > 50
       and ss_promo_sk = p_promo_sk
       and p_channel_tv = 'N'
 group by s_store_id)
 ,
 csr as
 (select  cp_catalog_page_id as catalog_page_id,
          sum(cs_ext_sales_price) as sales,
          sum(coalesce(cr_return_amount, 0)) as returns,
          sum(cs_net_profit - coalesce(cr_net_loss, 0)) as profit
  from catalog_sales left outer join catalog_returns on
         (cs_item_sk = cr_item_sk and cs_order_number = cr_order_number),
     date_dim,
     catalog_page,
     item,
     promotion
 where cs_sold_date_sk = d_date_sk
       and d_date between cast('2000-08-12' as date)
                  and (cast('2000-08-12' as date) +  interval '30 days')
        and cs_catalog_page_sk = cp_catalog_page_sk
       and cs_item_sk = i_item_sk
       and i_current_price > 50
       and cs_promo_sk = p_promo_sk
       and p_channel_tv = 'N'
group by cp_catalog_page_id)
 ,
 wsr as
 (select  web_site_id,
          sum(ws_ext_sales_price) as sales,
          sum(coalesce(wr_return_amt, 0)) as returns,
          sum(ws_net_profit - coalesce(wr_net_loss, 0)) as profit
  from web_sales left outer join web_returns on
         (ws_item_sk = wr_item_sk and ws_order_number = wr_order_number),
     date_dim,
     web_site,
     item,
     promotion
 where ws_sold_date_sk = d_date_sk
       and d_date between cast('2000-08-12' as date)
                  and (cast('2000-08-12' as date) + interval '30 days')
        and ws_web_site_sk = web_site_sk
       and ws_item_sk = i_item_sk
       and i_current_price > 50
       and ws_promo_sk = p_promo_sk
       and p_channel_tv = 'N'
group by web_site_id)
  select  channel
        , id
        , sum(sales) as sales
        , sum(returns) as returns
        , sum(profit) as profit
 from 
 (select 'store channel' as channel
        , 'store' || store_id as id
        , sales
        , returns
        , profit
 from   ssr
 union all
 select 'catalog channel' as channel
        , 'catalog_page' || catalog_page_id as id
        , sales
        , returns
        , profit
 from  csr
 union all
 select 'web channel' as channel
        , 'web_site' || web_site_id as id
        , sales
        , returns
        , profit
 from   wsr
 ) x
 group by rollup (channel, id)
 order by channel
         ,id
 limit 100;
Limit  (cost=41171.43..41178.82 rows=100 width=88) (actual time=238.778..275.607 rows=100 loops=1)
  ->  GroupAggregate  (cost=41171.43..41179.19 rows=105 width=88) (actual time=238.778..275.599 rows=100 loops=1)
        Group Key: ('store channel'::text), (('store'::text || (ssr.store_id)::text))
        Group Key: ('store channel'::text)
        Group Key: ()
        ->  Gather Merge  (cost=41171.43..41177.49 rows=52 width=88) (actual time=238.773..275.541 rows=101 loops=1)
              Workers Planned: 2
              Workers Launched: 2
              ->  Sort  (cost=40171.41..40171.46 rows=21 width=88) (actual time=135.902..135.913 rows=41 loops=3)
                    Sort Key: ('store channel'::text), (('store'::text || (ssr.store_id)::text))
                    Sort Method: quicksort  Memory: 65kB
                    Worker 0:  Sort Method: quicksort  Memory: 26kB
                    Worker 1:  Sort Method: quicksort  Memory: 25kB
                    ->  Parallel Append  (cost=1.57..40170.95 rows=21 width=88) (actual time=119.597..135.772 rows=131 loops=3)
                          ->  Subquery Scan on ssr  (cost=1.57..40170.84 rows=6 width=88) (actual time=182.490..230.222 rows=6 loops=1)
                                ->  GroupAggregate  (cost=1.57..40170.75 rows=6 width=41) (actual time=182.486..230.214 rows=6 loops=1)
                                      Group Key: store.s_store_id
                                      ->  Nested Loop Left Join  (cost=1.57..40170.02 rows=54 width=49) (actual time=3.623..229.639 rows=3188 loops=1)
                                            ->  Nested Loop  (cost=1.14..40145.96 rows=54 width=49) (actual time=3.557..220.307 rows=3188 loops=1)
                                                  Join Filter: (store_sales.ss_promo_sk = promotion.p_promo_sk)
                                                  Rows Removed by Join Filter: 487192
                                                  ->  Nested Loop  (cost=1.14..39878.67 rows=57 width=57) (actual time=3.453..176.184 rows=3244 loops=1)
                                                        Join Filter: (store_sales.ss_store_sk = store.s_store_sk)
                                                        Rows Removed by Join Filter: 36440
                                                        ->  Index Scan using i_s_store_id on store  (cost=0.14..3.62 rows=12 width=25) (actual time=0.063..0.067 rows=12 loops=1)
                                                        ->  Materialize  (cost=1.01..39864.41 rows=60 width=48) (actual time=0.078..14.425 rows=3307 loops=12)
                                                              ->  Nested Loop  (cost=1.01..39864.11 rows=60 width=48) (actual time=0.930..170.489 rows=3307 loops=1)
                                                                    ->  Nested Loop  (cost=0.72..39514.84 rows=1134 width=48) (actual time=0.181..63.012 rows=62360 loops=1)
                                                                          ->  Index Scan using i_d_date on date_dim  (cost=0.29..3.09 rows=30 width=8) (actual time=0.078..0.095 rows=31 loops=1)
                                                                                Index Cond: ((d_date >= '2000-08-12'::date) AND (d_date <= '2000-09-11 00:00:00'::timestamp without time zone))
                                                                          ->  Index Scan using i_ss_sold_date_sk on store_sales  (cost=0.43..1301.91 rows=1515 width=56) (actual time=0.018..1.684 rows=2012 loops=31)
                                                                                Index Cond: (ss_sold_date_sk = date_dim.d_date_sk)
                                                                    ->  Index Scan using pk_item on item  (cost=0.29..0.31 rows=1 width=8) (actual time=0.002..0.002 rows=0 loops=62360)
                                                                          Index Cond: (i_item_sk = store_sales.ss_item_sk)
                                                                          Filter: (i_current_price > '50'::double precision)
                                                                          Rows Removed by Filter: 1
                                                  ->  Materialize  (cost=0.00..13.24 rows=298 width=8) (actual time=0.000..0.005 rows=151 loops=3244)
                                                        ->  Seq Scan on promotion  (cost=0.00..11.75 rows=298 width=8) (actual time=0.017..0.130 rows=298 loops=1)
                                                              Filter: (p_channel_tv = 'N'::bpchar)
                                                              Rows Removed by Filter: 2
                                            ->  Index Scan using pk_store_returns on store_returns  (cost=0.42..0.45 rows=1 width=32) (actual time=0.003..0.003 rows=0 loops=3188)
                                                  Index Cond: ((sr_item_sk = store_sales.ss_item_sk) AND (sr_ticket_number = store_sales.ss_ticket_number))
                          ->  Subquery Scan on wsr  (cost=11285.42..11286.03 rows=15 width=88) (actual time=94.200..94.373 rows=15 loops=1)
                                ->  GroupAggregate  (cost=11285.42..11285.81 rows=15 width=41) (actual time=94.196..94.365 rows=15 loops=1)
                                      Group Key: web_site.web_site_id
                                      ->  Sort  (cost=11285.42..11285.46 rows=16 width=49) (actual time=94.175..94.210 rows=861 loops=1)
                                            Sort Key: web_site.web_site_id
                                            Worker 0:  Sort Method: quicksort  Memory: 93kB
                                            ->  Nested Loop  (cost=1.42..11285.10 rows=16 width=49) (actual time=7.092..93.602 rows=861 loops=1)
                                                  Join Filter: (web_sales.ws_promo_sk = promotion_1.p_promo_sk)
                                                  Rows Removed by Join Filter: 258101
                                                  ->  Seq Scan on promotion promotion_1  (cost=0.00..11.75 rows=298 width=8) (actual time=0.032..0.135 rows=298 loops=1)
                                                        Filter: (p_channel_tv = 'N'::bpchar)
                                                        Rows Removed by Filter: 2
                                                  ->  Materialize  (cost=1.42..11201.87 rows=16 width=57) (actual time=0.003..0.259 rows=869 loops=298)
                                                        ->  Nested Loop  (cost=1.42..11201.79 rows=16 width=57) (actual time=0.835..67.611 rows=869 loops=1)
                                                              Join Filter: (web_sales.ws_web_site_sk = web_site.web_site_sk)
                                                              Rows Removed by Join Filter: 11995
                                                              ->  Nested Loop Left Join  (cost=1.42..11192.63 rows=16 width=48) (actual time=0.792..66.162 rows=869 loops=1)
                                                                    ->  Nested Loop  (cost=1.00..11185.58 rows=16 width=48) (actual time=0.715..62.238 rows=869 loops=1)
                                                                          ->  Nested Loop  (cost=0.72..11093.66 rows=297 width=48) (actual time=0.181..21.621 rows=16235 loops=1)
                                                                                ->  Index Scan using i_d_date on date_dim date_dim_1  (cost=0.29..3.09 rows=30 width=8) (actual time=0.081..0.105 rows=31 loops=1)
                                                                                      Index Cond: ((d_date >= '2000-08-12'::date) AND (d_date <= '2000-09-11 00:00:00'::timestamp without time zone))
                                                                                ->  Index Scan using i_ws_sold_date_sk on web_sales  (cost=0.42..365.72 rows=397 width=56) (actual time=0.024..0.588 rows=524 loops=31)
                                                                                      Index Cond: (ws_sold_date_sk = date_dim_1.d_date_sk)
                                                                          ->  Index Scan using pk_item on item item_1  (cost=0.29..0.31 rows=1 width=8) (actual time=0.002..0.002 rows=0 loops=16235)
                                                                                Index Cond: (i_item_sk = web_sales.ws_item_sk)
                                                                                Filter: (i_current_price > '50'::double precision)
                                                                                Rows Removed by Filter: 1
                                                                    ->  Index Scan using pk_web_returns on web_returns  (cost=0.42..0.44 rows=1 width=32) (actual time=0.004..0.004 rows=0 loops=869)
                                                                          Index Cond: ((wr_item_sk = web_sales.ws_item_sk) AND (wr_order_number = web_sales.ws_order_number))
                                                              ->  Materialize  (cost=0.00..2.45 rows=30 width=25) (actual time=0.000..0.001 rows=15 loops=869)
                                                                    ->  Seq Scan on web_site  (cost=0.00..2.30 rows=30 width=25) (actual time=0.034..0.049 rows=30 loops=1)
                          ->  Subquery Scan on csr  (cost=1890.05..1891.29 rows=31 width=88) (actual time=82.097..82.672 rows=371 loops=1)
                                ->  GroupAggregate  (cost=1890.05..1890.83 rows=31 width=41) (actual time=82.094..82.566 rows=371 loops=1)
                                      Group Key: catalog_page.cp_catalog_page_id
                                      ->  Sort  (cost=1890.05..1890.13 rows=31 width=49) (actual time=82.084..82.153 rows=1625 loops=1)
                                            Sort Key: catalog_page.cp_catalog_page_id
                                            Sort Method: quicksort  Memory: 178kB
                                            ->  Nested Loop  (cost=1.86..1889.28 rows=31 width=49) (actual time=0.103..79.265 rows=1625 loops=1)
                                                  ->  Nested Loop  (cost=1.71..1884.09 rows=31 width=57) (actual time=0.096..77.172 rows=1634 loops=1)
                                                        ->  Nested Loop Left Join  (cost=1.43..1874.71 rows=31 width=48) (actual time=0.077..74.786 rows=1754 loops=1)
                                                              ->  Nested Loop  (cost=1.01..1860.95 rows=31 width=48) (actual time=0.068..70.837 rows=1754 loops=1)
                                                                    ->  Nested Loop  (cost=0.72..1678.94 rows=590 width=48) (actual time=0.032..14.825 rows=32208 loops=1)
                                                                          ->  Index Scan using i_d_date on date_dim date_dim_2  (cost=0.29..3.09 rows=30 width=8) (actual time=0.013..0.026 rows=31 loops=1)
                                                                                Index Cond: ((d_date >= '2000-08-12'::date) AND (d_date <= '2000-09-11 00:00:00'::timestamp without time zone))
                                                                          ->  Index Scan using i_cs_sold_date_sk on catalog_sales  (cost=0.43..48.01 rows=785 width=56) (actual time=0.005..0.273 rows=1039 loops=31)
                                                                                Index Cond: (cs_sold_date_sk = date_dim_2.d_date_sk)
                                                                    ->  Index Scan using pk_item on item item_2  (cost=0.29..0.31 rows=1 width=8) (actual time=0.002..0.002 rows=0 loops=32208)
                                                                          Index Cond: (i_item_sk = catalog_sales.cs_item_sk)
                                                                          Filter: (i_current_price > '50'::double precision)
                                                                          Rows Removed by Filter: 1
                                                              ->  Index Scan using pk_catalog_returns on catalog_returns  (cost=0.42..0.44 rows=1 width=32) (actual time=0.002..0.002 rows=0 loops=1754)
                                                                    Index Cond: ((cr_item_sk = catalog_sales.cs_item_sk) AND (cr_order_number = catalog_sales.cs_order_number))
                                                        ->  Index Scan using pk_catalog_page on catalog_page  (cost=0.29..0.30 rows=1 width=25) (actual time=0.001..0.001 rows=1 loops=1754)
                                                              Index Cond: (cp_catalog_page_sk = catalog_sales.cs_catalog_page_sk)
                                                  ->  Index Scan using pk_promotion on promotion promotion_2  (cost=0.15..0.17 rows=1 width=8) (actual time=0.001..0.001 rows=1 loops=1634)
                                                        Index Cond: (p_promo_sk = catalog_sales.cs_promo_sk)
                                                        Filter: (p_channel_tv = 'N'::bpchar)
                                                        Rows Removed by Filter: 0
     channel     |              id              |       sales        |      returns      |       profit        
-----------------+------------------------------+--------------------+-------------------+---------------------
 catalog channel | catalog_pageAAAAAAAAAAABAAAA | 11167.820000000002 |                 0 |            -4234.37
 catalog channel | catalog_pageAAAAAAAAABABAAAA |           21281.72 |                 0 |             4024.29
 catalog channel | catalog_pageAAAAAAAAACABAAAA |            2653.38 |                 0 |            -1340.97
 catalog channel | catalog_pageAAAAAAAAADABAAAA |           14447.15 |                 0 |            -7638.64
 catalog channel | catalog_pageAAAAAAAAADCBAAAA | 31093.690000000002 |             18.54 |            12279.55
 catalog channel | catalog_pageAAAAAAAAAEABAAAA |  7538.549999999999 |                 0 |            -4511.11
 catalog channel | catalog_pageAAAAAAAAAECBAAAA |            1961.54 |            253.92 |             -695.92
 catalog channel | catalog_pageAAAAAAAAAFABAAAA | 2441.1499999999996 |                 0 |            -2067.46
 catalog channel | catalog_pageAAAAAAAAAFCBAAAA |               6484 |                 0 |  -867.9000000000001
 catalog channel | catalog_pageAAAAAAAAAGABAAAA |             6394.6 |                 0 |              236.36
 catalog channel | catalog_pageAAAAAAAAAGCBAAAA |            6438.91 |                 0 |             2401.89
 catalog channel | catalog_pageAAAAAAAAAHABAAAA |           15797.04 |           2067.38 |            -3805.85
 catalog channel | catalog_pageAAAAAAAAAHCBAAAA |           23504.73 |                 0 |  -756.6799999999994
 catalog channel | catalog_pageAAAAAAAAAICBAAAA |            8329.65 |                 0 |  2914.9500000000003
 catalog channel | catalog_pageAAAAAAAAAJCBAAAA |             318.19 |             27.08 | -506.04999999999995
 catalog channel | catalog_pageAAAAAAAAAKCBAAAA |           10675.15 |           3820.58 |  1002.7200000000003
 catalog channel | catalog_pageAAAAAAAAAKPAAAAA |  36061.03999999999 |             916.6 |   8861.419999999998
 catalog channel | catalog_pageAAAAAAAAALCBAAAA |             2150.1 |                 0 |            -1313.28
 catalog channel | catalog_pageAAAAAAAAALPAAAAA |  8644.189999999999 |                 0 |            -2505.42
 catalog channel | catalog_pageAAAAAAAAAMPAAAAA |           10903.69 |                 0 |  1079.7600000000002
 catalog channel | catalog_pageAAAAAAAAANPAAAAA |           12842.45 |            353.85 |            -5468.82
 catalog channel | catalog_pageAAAAAAAAAOPAAAAA |           16647.98 |            472.12 |  -6816.310000000001
 catalog channel | catalog_pageAAAAAAAAAPPAAAAA |           15321.02 |           4551.66 |            -5644.39
 catalog channel | catalog_pageAAAAAAAABAABAAAA | 11827.500000000002 |                 0 |  -970.2300000000001
 catalog channel | catalog_pageAAAAAAAABBABAAAA |           14497.39 |              1751 | -3956.1700000000005
 catalog channel | catalog_pageAAAAAAAABCABAAAA |           12921.83 |                 0 |   -45.4699999999998
 catalog channel | catalog_pageAAAAAAAABDABAAAA | 15252.929999999998 |                 0 | -1737.3199999999997
 catalog channel | catalog_pageAAAAAAAABDCBAAAA |             8419.5 |            4280.3 |            -2897.94
 catalog channel | catalog_pageAAAAAAAABEABAAAA |  6546.849999999999 |           2709.72 |  1293.9699999999998
 catalog channel | catalog_pageAAAAAAAABECBAAAA |            4949.41 |                 0 |            -6607.05
 catalog channel | catalog_pageAAAAAAAABFABAAAA |           11709.48 |                 0 |             1739.88
 catalog channel | catalog_pageAAAAAAAABFCBAAAA |            1327.91 |                 0 |             -424.08
 catalog channel | catalog_pageAAAAAAAABGABAAAA |            1963.04 |            333.96 |              175.94
 catalog channel | catalog_pageAAAAAAAABGCBAAAA | 15207.900000000001 |             606.4 |             5984.78
 catalog channel | catalog_pageAAAAAAAABHABAAAA |            6932.19 |                 0 |  -9036.130000000001
 catalog channel | catalog_pageAAAAAAAABHCBAAAA |             6181.5 |                 0 |             -785.25
 catalog channel | catalog_pageAAAAAAAABICBAAAA |           10324.66 |                 0 |  -59.75999999999999
 catalog channel | catalog_pageAAAAAAAABJCBAAAA |            1323.37 |                 0 |            -1444.71
 catalog channel | catalog_pageAAAAAAAABKPAAAAA |           28781.86 |                 0 |            -5739.03
 catalog channel | catalog_pageAAAAAAAABLPAAAAA |           19882.51 |           1124.18 |            -6561.33
 catalog channel | catalog_pageAAAAAAAABMPAAAAA |            6873.06 |                 0 | -158.95000000000005
 catalog channel | catalog_pageAAAAAAAABNPAAAAA |           16864.14 |                 0 |             1687.59
 catalog channel | catalog_pageAAAAAAAABOPAAAAA |           14017.38 |            105.48 |            -3279.56
 catalog channel | catalog_pageAAAAAAAABPPAAAAA |           14060.88 |                 0 |  -59.49000000000005
 catalog channel | catalog_pageAAAAAAAACAABAAAA |           22282.25 |                 0 |             -2904.3
 catalog channel | catalog_pageAAAAAAAACBABAAAA |            16200.8 |            452.62 |  1973.5500000000002
 catalog channel | catalog_pageAAAAAAAACCABAAAA |  9227.970000000001 |                 0 |  2519.9900000000002
 catalog channel | catalog_pageAAAAAAAACDABAAAA |  6077.000000000001 |           2057.44 |  -5056.359999999999
 catalog channel | catalog_pageAAAAAAAACDCBAAAA |           24167.13 |                 0 | -155.75999999999965
 catalog channel | catalog_pageAAAAAAAACEABAAAA |            7744.44 |           3548.61 |            -9841.48
 catalog channel | catalog_pageAAAAAAAACECBAAAA |           10100.91 |                 0 |   697.7699999999999
 catalog channel | catalog_pageAAAAAAAACFABAAAA |           10964.33 |                 0 |              3530.2
 catalog channel | catalog_pageAAAAAAAACFCBAAAA |             875.61 |                 0 |            -5503.71
 catalog channel | catalog_pageAAAAAAAACGABAAAA |            9181.72 |                 0 |            -8251.08
 catalog channel | catalog_pageAAAAAAAACGCBAAAA |              151.1 |                 0 |            -1121.58
 catalog channel | catalog_pageAAAAAAAACHABAAAA |           16910.48 |                 0 |             8928.42
 catalog channel | catalog_pageAAAAAAAACHCBAAAA |           14352.76 |                 0 |             7754.72
 catalog channel | catalog_pageAAAAAAAACICBAAAA |            4358.32 |                 0 |   756.0299999999999
 catalog channel | catalog_pageAAAAAAAACJCBAAAA |               2.12 |                 0 |              -29.72
 catalog channel | catalog_pageAAAAAAAACKCBAAAA |            2306.31 |                 0 |               458.1
 catalog channel | catalog_pageAAAAAAAACKPAAAAA | 15885.460000000001 |                 0 | -3174.7399999999993
 catalog channel | catalog_pageAAAAAAAACLCBAAAA |            1099.99 |                 0 |             -504.53
 catalog channel | catalog_pageAAAAAAAACLPAAAAA | 31132.739999999998 |            3334.5 |            -19087.6
 catalog channel | catalog_pageAAAAAAAACMCBAAAA |            2328.75 |                 0 |             -1129.7
 catalog channel | catalog_pageAAAAAAAACMPAAAAA |           20701.25 |            873.84 |             3035.89
 catalog channel | catalog_pageAAAAAAAACNCBAAAA |            3630.14 |            286.59 |              716.19
 catalog channel | catalog_pageAAAAAAAACNPAAAAA | 22867.869999999995 |                 0 | -2976.2999999999997
 catalog channel | catalog_pageAAAAAAAACOCBAAAA |                  0 |                 0 |            -4512.13
 catalog channel | catalog_pageAAAAAAAACOPAAAAA |           27572.21 |                 0 |             7128.84
 catalog channel | catalog_pageAAAAAAAACPPAAAAA |           17001.55 | 611.0799999999999 |  1619.6400000000003
 catalog channel | catalog_pageAAAAAAAADAABAAAA |           17223.34 |                 0 |            -7637.66
 catalog channel | catalog_pageAAAAAAAADBABAAAA |            2603.91 |                 0 |            -4450.05
 catalog channel | catalog_pageAAAAAAAADCABAAAA |           14074.08 |                 0 |             1082.78
 catalog channel | catalog_pageAAAAAAAADDABAAAA |            1195.92 |                 0 |            -1195.04
 catalog channel | catalog_pageAAAAAAAADDCBAAAA |           13755.34 |           1352.67 |             1807.27
 catalog channel | catalog_pageAAAAAAAADEABAAAA |            1084.02 |                 0 |            -1790.68
 catalog channel | catalog_pageAAAAAAAADECBAAAA |            8041.03 |                 0 |              2072.7
 catalog channel | catalog_pageAAAAAAAADFABAAAA |             1028.8 |                 0 |            -1697.75
 catalog channel | catalog_pageAAAAAAAADFCBAAAA | 12071.259999999998 |                 0 | -1902.9700000000003
 catalog channel | catalog_pageAAAAAAAADGABAAAA |            6255.79 |                 0 | -2196.1899999999996
 catalog channel | catalog_pageAAAAAAAADGCBAAAA |  9071.289999999999 |                 0 |            -9804.63
 catalog channel | catalog_pageAAAAAAAADHABAAAA |           12729.59 |             144.1 |            -4152.14
 catalog channel | catalog_pageAAAAAAAADICBAAAA |               6327 |                 0 |             2559.87
 catalog channel | catalog_pageAAAAAAAADKPAAAAA |            6938.87 |                 0 |             -7984.8
 catalog channel | catalog_pageAAAAAAAADLPAAAAA | 14307.440000000002 |                 0 |             -7020.5
 catalog channel | catalog_pageAAAAAAAADMCBAAAA |           11020.64 |                 0 |            -5634.96
 catalog channel | catalog_pageAAAAAAAADMPAAAAA | 12342.950000000003 |              90.9 | -373.75000000000045
 catalog channel | catalog_pageAAAAAAAADNPAAAAA |           11727.03 |                 0 |             -5387.8
 catalog channel | catalog_pageAAAAAAAADOPAAAAA |            2184.22 |                 0 | -3182.4700000000003
 catalog channel | catalog_pageAAAAAAAADPPAAAAA | 16663.730000000003 |                 0 |           -10870.57
 catalog channel | catalog_pageAAAAAAAAEAABAAAA |             2771.2 |                 0 |  -6018.639999999999
 catalog channel | catalog_pageAAAAAAAAEBABAAAA |             4903.4 |                 0 | -2179.2300000000005
 catalog channel | catalog_pageAAAAAAAAECABAAAA |            15887.4 |                 0 |             7093.93
 catalog channel | catalog_pageAAAAAAAAEDABAAAA |            6250.78 |            1208.4 | -1314.6000000000004
 catalog channel | catalog_pageAAAAAAAAEDCBAAAA |            11706.2 |                 0 |   754.5100000000002
 catalog channel | catalog_pageAAAAAAAAEEABAAAA |           10919.84 |                 0 |             3554.22
 catalog channel | catalog_pageAAAAAAAAEECBAAAA |            5365.97 |                 0 |            -5190.93
 catalog channel | catalog_pageAAAAAAAAEFABAAAA |            3505.14 |            759.75 |             -5106.6
 catalog channel | catalog_pageAAAAAAAAEFCBAAAA |               2553 |                 0 |            -1582.14
 catalog channel | catalog_pageAAAAAAAAEGABAAAA |             8195.4 |                 0 |                34.8
(100 rows)

UPDATE time_statistics SET e_time = TRANSACTION_TIMESTAMP() WHERE template = '../query_postgresql/query80.tpl' AND stream = 6;
psql:/tmp/s1-basline/throughput/query_6.sql:868: NOTICE:  duration: 0.078 ms  plan:
Query Text: UPDATE time_statistics SET e_time = TRANSACTION_TIMESTAMP() WHERE template = '../query_postgresql/query80.tpl' AND stream = 6;
Update on time_statistics  (cost=0.00..15.28 rows=0 width=0) (actual time=0.078..0.078 rows=0 loops=1)
  ->  Seq Scan on time_statistics  (cost=0.00..15.28 rows=1 width=14) (actual time=0.050..0.064 rows=1 loops=1)
        Filter: ((template = '../query_postgresql/query80.tpl'::text) AND (stream = 6))
        Rows Removed by Filter: 505
UPDATE 1
LOAD 'auto_explain'; SET auto_explain.log_min_duration TO 0; SET auto_explain.log_analyze TO on; SET auto_explain.log_level TO notice; INSERT INTO time_statistics (template, s_time, stream, query, seed) VALUES ('query9.tpl', TRANSACTION_TIMESTAMP(), 6, 17, 1772194687);
LOAD
SET
SET
SET
psql:/tmp/s1-basline/throughput/query_6.sql:869: NOTICE:  duration: 0.008 ms  plan:
Query Text: INSERT INTO time_statistics (template, s_time, stream, query, seed) VALUES ('query9.tpl', TRANSACTION_TIMESTAMP(), 6, 17, 1772194687);
Insert on time_statistics  (cost=0.00..0.01 rows=0 width=0) (actual time=0.007..0.007 rows=0 loops=1)
  ->  Result  (cost=0.00..0.01 rows=1 width=64) (actual time=0.001..0.001 rows=1 loops=1)
INSERT 0 1
select case when (select count(*) 
                  from store_sales 
                  where ss_quantity between 1 and 20) > 13459
            then (select avg(ss_ext_tax) 
                  from store_sales 
                  where ss_quantity between 1 and 20) 
            else (select avg(ss_net_profit)
                  from store_sales
                  where ss_quantity between 1 and 20) end bucket1 ,
       case when (select count(*)
                  from store_sales
                  where ss_quantity between 21 and 40) > 37197
            then (select avg(ss_ext_tax)
                  from store_sales
                  where ss_quantity between 21 and 40) 
            else (select avg(ss_net_profit)
                  from store_sales
                  where ss_quantity between 21 and 40) end bucket2,
       case when (select count(*)
                  from store_sales
                  where ss_quantity between 41 and 60) > 44142
            then (select avg(ss_ext_tax)
                  from store_sales
                  where ss_quantity between 41 and 60)
            else (select avg(ss_net_profit)
                  from store_sales
                  where ss_quantity between 41 and 60) end bucket3,
       case when (select count(*)
                  from store_sales
                  where ss_quantity between 61 and 80) > 13540
            then (select avg(ss_ext_tax)
                  from store_sales
                  where ss_quantity between 61 and 80)
            else (select avg(ss_net_profit)
                  from store_sales
                  where ss_quantity between 61 and 80) end bucket4,
       case when (select count(*)
                  from store_sales
                  where ss_quantity between 81 and 100) > 4029
            then (select avg(ss_ext_tax)
                  from store_sales
                  where ss_quantity between 81 and 100)
            else (select avg(ss_net_profit)
                  from store_sales
                  where ss_quantity between 81 and 100) end bucket5
from reason
where r_reason_sk = 1
;
psql:/tmp/s1-basline/throughput/query_6.sql:917: NOTICE:  duration: 2256.032 ms  plan:
Query Text: select case when (select count(*) 
                  from store_sales 
                  where ss_quantity between 1 and 20) > 13459
            then (select avg(ss_ext_tax) 
                  from store_sales 
                  where ss_quantity between 1 and 20) 
            else (select avg(ss_net_profit)
                  from store_sales
                  where ss_quantity between 1 and 20) end bucket1 ,
       case when (select count(*)
                  from store_sales
                  where ss_quantity between 21 and 40) > 37197
            then (select avg(ss_ext_tax)
                  from store_sales
                  where ss_quantity between 21 and 40) 
            else (select avg(ss_net_profit)
                  from store_sales
                  where ss_quantity between 21 and 40) end bucket2,
       case when (select count(*)
                  from store_sales
                  where ss_quantity between 41 and 60) > 44142
            then (select avg(ss_ext_tax)
                  from store_sales
                  where ss_quantity between 41 and 60)
            else (select avg(ss_net_profit)
                  from store_sales
                  where ss_quantity between 41 and 60) end bucket3,
       case when (select count(*)
                  from store_sales
                  where ss_quantity between 61 and 80) > 13540
            then (select avg(ss_ext_tax)
                  from store_sales
                  where ss_quantity between 61 and 80)
            else (select avg(ss_net_profit)
                  from store_sales
                  where ss_quantity between 61 and 80) end bucket4,
       case when (select count(*)
                  from store_sales
                  where ss_quantity between 81 and 100) > 4029
            then (select avg(ss_ext_tax)
                  from store_sales
                  where ss_quantity between 81 and 100)
            else (select avg(ss_net_profit)
                  from store_sales
                  where ss_quantity between 81 and 100) end bucket5
from reason
where r_reason_sk = 1
;
Seq Scan on reason  (cost=1396441.12..1396442.57 rows=1 width=40) (actual time=2184.012..2256.024 rows=1 loops=1)
  Filter: (r_reason_sk = 1)
  Rows Removed by Filter: 34
  InitPlan 1 (returns $1)
    ->  Finalize Aggregate  (cost=93101.92..93101.93 rows=1 width=8) (actual time=207.194..207.305 rows=1 loops=1)
          ->  Gather  (cost=93101.71..93101.92 rows=2 width=8) (actual time=207.104..207.299 rows=3 loops=1)
                Workers Planned: 2
                Workers Launched: 2
                ->  Partial Aggregate  (cost=92101.71..92101.72 rows=1 width=8) (actual time=202.729..202.730 rows=1 loops=3)
                      ->  Parallel Seq Scan on store_sales  (cost=0.00..91521.67 rows=232016 width=0) (actual time=0.019..195.061 rows=181071 loops=3)
                            Filter: ((ss_quantity >= 1) AND (ss_quantity <= 20))
                            Rows Removed by Filter: 767079
  InitPlan 2 (returns $3)
    ->  Finalize Aggregate  (cost=93101.93..93101.94 rows=1 width=8) (actual time=228.534..228.595 rows=1 loops=1)
          ->  Gather  (cost=93101.71..93101.92 rows=2 width=32) (actual time=228.430..228.588 rows=3 loops=1)
                Workers Planned: 2
                Workers Launched: 2
                ->  Partial Aggregate  (cost=92101.71..92101.72 rows=1 width=32) (actual time=224.534..224.535 rows=1 loops=3)
                      ->  Parallel Seq Scan on store_sales store_sales_1  (cost=0.00..91521.67 rows=232016 width=8) (actual time=0.020..206.159 rows=181071 loops=3)
                            Filter: ((ss_quantity >= 1) AND (ss_quantity <= 20))
                            Rows Removed by Filter: 767079
  InitPlan 3 (returns $5)
    ->  Finalize Aggregate  (cost=93101.93..93101.94 rows=1 width=8) (never executed)
          ->  Gather  (cost=93101.71..93101.92 rows=2 width=32) (never executed)
                Workers Planned: 2
                Workers Launched: 0
                ->  Partial Aggregate  (cost=92101.71..92101.72 rows=1 width=32) (never executed)
                      ->  Parallel Seq Scan on store_sales store_sales_2  (cost=0.00..91521.67 rows=232016 width=8) (never executed)
                            Filter: ((ss_quantity >= 1) AND (ss_quantity <= 20))
  InitPlan 4 (returns $7)
    ->  Finalize Aggregate  (cost=93108.65..93108.66 rows=1 width=8) (actual time=209.288..209.350 rows=1 loops=1)
          ->  Gather  (cost=93108.43..93108.64 rows=2 width=8) (actual time=209.189..209.344 rows=3 loops=1)
                Workers Planned: 2
                Workers Launched: 2
                ->  Partial Aggregate  (cost=92108.43..92108.44 rows=1 width=8) (actual time=205.104..205.105 rows=1 loops=3)
                      ->  Parallel Seq Scan on store_sales store_sales_3  (cost=0.00..91521.67 rows=234706 width=0) (actual time=0.019..197.466 rows=181248 loops=3)
                            Filter: ((ss_quantity >= 21) AND (ss_quantity <= 40))
                            Rows Removed by Filter: 766902
  InitPlan 5 (returns $9)
    ->  Finalize Aggregate  (cost=93108.65..93108.66 rows=1 width=8) (actual time=230.690..230.749 rows=1 loops=1)
          ->  Gather  (cost=93108.43..93108.64 rows=2 width=32) (actual time=230.591..230.742 rows=3 loops=1)
                Workers Planned: 2
                Workers Launched: 2
                ->  Partial Aggregate  (cost=92108.43..92108.44 rows=1 width=32) (actual time=226.344..226.345 rows=1 loops=3)
                      ->  Parallel Seq Scan on store_sales store_sales_4  (cost=0.00..91521.67 rows=234706 width=8) (actual time=0.019..207.759 rows=181248 loops=3)
                            Filter: ((ss_quantity >= 21) AND (ss_quantity <= 40))
                            Rows Removed by Filter: 766902
  InitPlan 6 (returns $11)
    ->  Finalize Aggregate  (cost=93108.65..93108.66 rows=1 width=8) (never executed)
          ->  Gather  (cost=93108.43..93108.64 rows=2 width=32) (never executed)
                Workers Planned: 2
                Workers Launched: 0
                ->  Partial Aggregate  (cost=92108.43..92108.44 rows=1 width=32) (never executed)
                      ->  Parallel Seq Scan on store_sales store_sales_5  (cost=0.00..91521.67 rows=234706 width=8) (never executed)
                            Filter: ((ss_quantity >= 21) AND (ss_quantity <= 40))
  InitPlan 7 (returns $13)
    ->  Finalize Aggregate  (cost=93095.70..93095.71 rows=1 width=8) (actual time=210.667..210.730 rows=1 loops=1)
          ->  Gather  (cost=93095.49..93095.70 rows=2 width=8) (actual time=210.558..210.724 rows=3 loops=1)
                Workers Planned: 2
                Workers Launched: 2
                ->  Partial Aggregate  (cost=92095.49..92095.50 rows=1 width=8) (actual time=206.028..206.029 rows=1 loops=3)
                      ->  Parallel Seq Scan on store_sales store_sales_6  (cost=0.00..91521.67 rows=229527 width=0) (actual time=0.018..198.384 rows=181324 loops=3)
                            Filter: ((ss_quantity >= 41) AND (ss_quantity <= 60))
                            Rows Removed by Filter: 766826
  InitPlan 8 (returns $15)
    ->  Finalize Aggregate  (cost=93095.70..93095.71 rows=1 width=8) (actual time=231.160..231.220 rows=1 loops=1)
          ->  Gather  (cost=93095.49..93095.70 rows=2 width=32) (actual time=231.060..231.213 rows=3 loops=1)
                Workers Planned: 2
                Workers Launched: 2
                ->  Partial Aggregate  (cost=92095.49..92095.50 rows=1 width=32) (actual time=227.180..227.181 rows=1 loops=3)
                      ->  Parallel Seq Scan on store_sales store_sales_7  (cost=0.00..91521.67 rows=229527 width=8) (actual time=0.019..208.694 rows=181324 loops=3)
                            Filter: ((ss_quantity >= 41) AND (ss_quantity <= 60))
                            Rows Removed by Filter: 766826
  InitPlan 9 (returns $17)
    ->  Finalize Aggregate  (cost=93095.70..93095.71 rows=1 width=8) (never executed)
          ->  Gather  (cost=93095.49..93095.70 rows=2 width=32) (never executed)
                Workers Planned: 2
                Workers Launched: 0
                ->  Partial Aggregate  (cost=92095.49..92095.50 rows=1 width=32) (never executed)
                      ->  Parallel Seq Scan on store_sales store_sales_8  (cost=0.00..91521.67 rows=229527 width=8) (never executed)
                            Filter: ((ss_quantity >= 41) AND (ss_quantity <= 60))
  InitPlan 10 (returns $19)
    ->  Finalize Aggregate  (cost=93076.63..93076.64 rows=1 width=8) (actual time=209.145..209.210 rows=1 loops=1)
          ->  Gather  (cost=93076.42..93076.63 rows=2 width=8) (actual time=209.051..209.205 rows=3 loops=1)
                Workers Planned: 2
                Workers Launched: 2
                ->  Partial Aggregate  (cost=92076.42..92076.43 rows=1 width=8) (actual time=204.773..204.774 rows=1 loops=3)
                      ->  Parallel Seq Scan on store_sales store_sales_9  (cost=0.00..91521.67 rows=221899 width=0) (actual time=0.018..197.165 rows=180825 loops=3)
                            Filter: ((ss_quantity >= 61) AND (ss_quantity <= 80))
                            Rows Removed by Filter: 767325
  InitPlan 11 (returns $21)
    ->  Finalize Aggregate  (cost=93076.63..93076.64 rows=1 width=8) (actual time=229.229..229.287 rows=1 loops=1)
          ->  Gather  (cost=93076.42..93076.63 rows=2 width=32) (actual time=229.134..229.279 rows=3 loops=1)
                Workers Planned: 2
                Workers Launched: 2
                ->  Partial Aggregate  (cost=92076.42..92076.43 rows=1 width=32) (actual time=225.138..225.139 rows=1 loops=3)
                      ->  Parallel Seq Scan on store_sales store_sales_10  (cost=0.00..91521.67 rows=221899 width=8) (actual time=0.019..206.727 rows=180825 loops=3)
                            Filter: ((ss_quantity >= 61) AND (ss_quantity <= 80))
                            Rows Removed by Filter: 767325
  InitPlan 12 (returns $23)
    ->  Finalize Aggregate  (cost=93076.63..93076.64 rows=1 width=8) (never executed)
          ->  Gather  (cost=93076.42..93076.63 rows=2 width=32) (never executed)
                Workers Planned: 2
                Workers Launched: 0
                ->  Partial Aggregate  (cost=92076.42..92076.43 rows=1 width=32) (never executed)
                      ->  Parallel Seq Scan on store_sales store_sales_11  (cost=0.00..91521.67 rows=221899 width=8) (never executed)
                            Filter: ((ss_quantity >= 61) AND (ss_quantity <= 80))
  InitPlan 13 (returns $25)
    ->  Finalize Aggregate  (cost=93097.41..93097.42 rows=1 width=8) (actual time=203.830..203.891 rows=1 loops=1)
          ->  Gather  (cost=93097.19..93097.40 rows=2 width=8) (actual time=203.729..203.885 rows=3 loops=1)
                Workers Planned: 2
                Workers Launched: 2
                ->  Partial Aggregate  (cost=92097.19..92097.20 rows=1 width=8) (actual time=199.576..199.577 rows=1 loops=3)
                      ->  Parallel Seq Scan on store_sales store_sales_12  (cost=0.00..91521.67 rows=230210 width=0) (actual time=0.019..192.005 rows=180785 loops=3)
                            Filter: ((ss_quantity >= 81) AND (ss_quantity <= 100))
                            Rows Removed by Filter: 767365
  InitPlan 14 (returns $27)
    ->  Finalize Aggregate  (cost=93097.41..93097.42 rows=1 width=8) (actual time=224.251..295.652 rows=1 loops=1)
          ->  Gather  (cost=93097.19..93097.40 rows=2 width=32) (actual time=224.154..295.645 rows=3 loops=1)
                Workers Planned: 2
                Workers Launched: 2
                ->  Partial Aggregate  (cost=92097.19..92097.20 rows=1 width=32) (actual time=219.975..219.975 rows=1 loops=3)
                      ->  Parallel Seq Scan on store_sales store_sales_13  (cost=0.00..91521.67 rows=230210 width=8) (actual time=0.020..201.590 rows=180785 loops=3)
                            Filter: ((ss_quantity >= 81) AND (ss_quantity <= 100))
                            Rows Removed by Filter: 767365
  InitPlan 15 (returns $29)
    ->  Finalize Aggregate  (cost=93097.41..93097.42 rows=1 width=8) (never executed)
          ->  Gather  (cost=93097.19..93097.40 rows=2 width=32) (never executed)
                Workers Planned: 2
                Workers Launched: 0
                ->  Partial Aggregate  (cost=92097.19..92097.20 rows=1 width=32) (never executed)
                      ->  Parallel Seq Scan on store_sales store_sales_14  (cost=0.00..91521.67 rows=230210 width=8) (never executed)
                            Filter: ((ss_quantity >= 81) AND (ss_quantity <= 100))
      bucket1       |      bucket2      |      bucket3      |      bucket4       |      bucket5       
--------------------+-------------------+-------------------+--------------------+--------------------
 15.990669024027504 | 46.58968197095783 | 77.08478450328904 | 107.67220374424116 | 137.90256213638196
(1 row)

UPDATE time_statistics SET e_time = TRANSACTION_TIMESTAMP() WHERE template = 'query9.tpl' AND stream = 6;
psql:/tmp/s1-basline/throughput/query_6.sql:919: NOTICE:  duration: 0.080 ms  plan:
Query Text: UPDATE time_statistics SET e_time = TRANSACTION_TIMESTAMP() WHERE template = 'query9.tpl' AND stream = 6;
Update on time_statistics  (cost=0.00..15.28 rows=0 width=0) (actual time=0.079..0.079 rows=0 loops=1)
  ->  Seq Scan on time_statistics  (cost=0.00..15.28 rows=1 width=14) (actual time=0.051..0.065 rows=1 loops=1)
        Filter: ((template = 'query9.tpl'::text) AND (stream = 6))
        Rows Removed by Filter: 506
UPDATE 1
LOAD 'auto_explain'; SET auto_explain.log_min_duration TO 0; SET auto_explain.log_analyze TO on; SET auto_explain.log_level TO notice; INSERT INTO time_statistics (template, s_time, stream, query, seed) VALUES ('query93.tpl', TRANSACTION_TIMESTAMP(), 6, 18, 1825404166);
LOAD
SET
SET
SET
psql:/tmp/s1-basline/throughput/query_6.sql:920: NOTICE:  duration: 0.009 ms  plan:
Query Text: INSERT INTO time_statistics (template, s_time, stream, query, seed) VALUES ('query93.tpl', TRANSACTION_TIMESTAMP(), 6, 18, 1825404166);
Insert on time_statistics  (cost=0.00..0.01 rows=0 width=0) (actual time=0.008..0.008 rows=0 loops=1)
  ->  Result  (cost=0.00..0.01 rows=1 width=64) (actual time=0.002..0.002 rows=1 loops=1)
INSERT 0 1
select  ss_customer_sk
            ,sum(act_sales) sumsales
      from (select ss_item_sk
                  ,ss_ticket_number
                  ,ss_customer_sk
                  ,case when sr_return_quantity is not null then (ss_quantity-sr_return_quantity)*ss_sales_price
                                                            else (ss_quantity*ss_sales_price) end act_sales
            from store_sales left outer join store_returns on (sr_item_sk = ss_item_sk
                                                               and sr_ticket_number = ss_ticket_number)
                ,reason
            where sr_reason_sk = r_reason_sk
              and r_reason_desc = 'Wrong size') t
      group by ss_customer_sk
      order by sumsales, ss_customer_sk
limit 100;
psql:/tmp/s1-basline/throughput/query_6.sql:935: NOTICE:  duration: 94.055 ms  plan:
Query Text: select  ss_customer_sk
            ,sum(act_sales) sumsales
      from (select ss_item_sk
                  ,ss_ticket_number
                  ,ss_customer_sk
                  ,case when sr_return_quantity is not null then (ss_quantity-sr_return_quantity)*ss_sales_price
                                                            else (ss_quantity*ss_sales_price) end act_sales
            from store_sales left outer join store_returns on (sr_item_sk = ss_item_sk
                                                               and sr_ticket_number = ss_ticket_number)
                ,reason
            where sr_reason_sk = r_reason_sk
              and r_reason_desc = 'Wrong size') t
      group by ss_customer_sk
      order by sumsales, ss_customer_sk
limit 100;
Limit  (cost=16508.43..16508.46 rows=10 width=16) (actual time=94.015..94.028 rows=100 loops=1)
  ->  Sort  (cost=16508.43..16508.46 rows=10 width=16) (actual time=94.014..94.021 rows=100 loops=1)
        Sort Key: (sum(CASE WHEN (store_returns.sr_return_quantity IS NOT NULL) THEN (((store_sales.ss_quantity - store_returns.sr_return_quantity))::double precision * store_sales.ss_sales_price) ELSE ((store_sales.ss_quantity)::double precision * store_sales.ss_sales_price) END)), store_sales.ss_customer_sk
        Sort Method: top-N heapsort  Memory: 33kB
        ->  GroupAggregate  (cost=16507.97..16508.27 rows=10 width=16) (actual time=90.028..93.202 rows=7077 loops=1)
              Group Key: store_sales.ss_customer_sk
              ->  Sort  (cost=16507.97..16507.99 rows=10 width=24) (actual time=90.020..90.636 rows=7792 loops=1)
                    Sort Key: store_sales.ss_customer_sk
                    Sort Method: quicksort  Memory: 674kB
                    ->  Nested Loop  (cost=1.88..16507.80 rows=10 width=24) (actual time=0.028..88.244 rows=7792 loops=1)
                          ->  Hash Join  (cost=1.45..10284.28 rows=7965 width=20) (actual time=0.020..57.552 rows=7918 loops=1)
                                Hash Cond: (store_returns.sr_reason_sk = reason.r_reason_sk)
                                ->  Seq Scan on store_returns  (cost=0.00..9436.93 rows=288493 width=28) (actual time=0.005..23.775 rows=285020 loops=1)
                                ->  Hash  (cost=1.44..1.44 rows=1 width=8) (actual time=0.009..0.010 rows=1 loops=1)
                                      Buckets: 1024  Batches: 1  Memory Usage: 9kB
                                      ->  Seq Scan on reason  (cost=0.00..1.44 rows=1 width=8) (actual time=0.005..0.008 rows=1 loops=1)
                                            Filter: (r_reason_desc = 'Wrong size'::bpchar)
                                            Rows Removed by Filter: 34
                          ->  Index Scan using pk_store_sales on store_sales  (cost=0.43..0.78 rows=1 width=36) (actual time=0.004..0.004 rows=1 loops=7918)
                                Index Cond: ((ss_item_sk = store_returns.sr_item_sk) AND (ss_ticket_number = store_returns.sr_ticket_number))
 ss_customer_sk | sumsales 
----------------+----------
             32 |        0
            246 |        0
            839 |        0
            901 |        0
           1006 |        0
           1099 |        0
           1284 |        0
           1313 |        0
           1428 |        0
           1498 |        0
           1933 |        0
           2190 |        0
           2475 |        0
           2589 |        0
           3379 |        0
           3490 |        0
           3600 |        0
           3802 |        0
           3941 |        0
           4249 |        0
           4383 |        0
           4595 |        0
           4730 |        0
           4741 |        0
           5206 |        0
           5231 |        0
           5265 |        0
           5354 |        0
           5665 |        0
           5827 |        0
           6146 |        0
           6401 |        0
           6715 |        0
           6839 |        0
           7241 |        0
           7293 |        0
           7315 |        0
           7610 |        0
           7876 |        0
           8177 |        0
           8518 |        0
           9599 |        0
           9839 |        0
          10204 |        0
          10373 |        0
          10409 |        0
          10602 |        0
          10665 |        0
          11877 |        0
          12144 |        0
          12379 |        0
          12568 |        0
          12778 |        0
          12887 |        0
          14160 |        0
          14655 |        0
          15266 |        0
          15504 |        0
          15765 |        0
          15885 |        0
          17020 |        0
          17194 |        0
          17214 |        0
          17930 |        0
          18505 |        0
          19241 |        0
          19255 |        0
          20288 |        0
          20601 |        0
          21042 |        0
          21108 |        0
          21464 |        0
          21582 |        0
          21650 |        0
          22181 |        0
          22759 |        0
          23152 |        0
          23277 |        0
          23356 |        0
          23578 |        0
          23624 |        0
          23670 |        0
          23737 |        0
          23820 |        0
          24261 |        0
          24548 |        0
          24839 |        0
          24863 |        0
          25454 |        0
          25599 |        0
          25642 |        0
          25851 |        0
          26285 |        0
          26493 |        0
          26709 |        0
          26726 |        0
          26876 |        0
          27418 |        0
          27433 |        0
          27805 |        0
(100 rows)

UPDATE time_statistics SET e_time = TRANSACTION_TIMESTAMP() WHERE template = 'query93.tpl' AND stream = 6;
psql:/tmp/s1-basline/throughput/query_6.sql:937: NOTICE:  duration: 0.083 ms  plan:
Query Text: UPDATE time_statistics SET e_time = TRANSACTION_TIMESTAMP() WHERE template = 'query93.tpl' AND stream = 6;
Update on time_statistics  (cost=0.00..15.28 rows=0 width=0) (actual time=0.082..0.083 rows=0 loops=1)
  ->  Seq Scan on time_statistics  (cost=0.00..15.28 rows=1 width=14) (actual time=0.052..0.068 rows=1 loops=1)
        Filter: ((template = 'query93.tpl'::text) AND (stream = 6))
        Rows Removed by Filter: 507
UPDATE 1
LOAD 'auto_explain'; SET auto_explain.log_min_duration TO 0; SET auto_explain.log_analyze TO on; SET auto_explain.log_level TO notice; INSERT INTO time_statistics (template, s_time, stream, query, seed) VALUES ('../query_postgresql/query32.tpl', TRANSACTION_TIMESTAMP(), 6, 19, 2118677124);
LOAD
SET
SET
SET
psql:/tmp/s1-basline/throughput/query_6.sql:938: NOTICE:  duration: 0.008 ms  plan:
Query Text: INSERT INTO time_statistics (template, s_time, stream, query, seed) VALUES ('../query_postgresql/query32.tpl', TRANSACTION_TIMESTAMP(), 6, 19, 2118677124);
Insert on time_statistics  (cost=0.00..0.01 rows=0 width=0) (actual time=0.008..0.008 rows=0 loops=1)
  ->  Result  (cost=0.00..0.01 rows=1 width=64) (actual time=0.001..0.001 rows=1 loops=1)
INSERT 0 1
select  sum(cs_ext_discount_amt)  as "excess discount amount" 
from 
   catalog_sales 
   ,item 
   ,date_dim
where
i_manufact_id = 125
and i_item_sk = cs_item_sk 
and d_date between '1998-01-29' and 
        (cast('1998-01-29' as date) + interval '90 days')
and d_date_sk = cs_sold_date_sk 
and cs_ext_discount_amt  
     > ( 
         select 
            1.3 * avg(cs_ext_discount_amt) 
         from 
            catalog_sales 
           ,date_dim
         where 
              cs_item_sk = i_item_sk 
          and d_date between '1998-01-29' and
                             (cast('1998-01-29' as date) + interval '90 days')
          and d_date_sk = cs_sold_date_sk 
      ) 
limit 100;
psql:/tmp/s1-basline/throughput/query_6.sql:963: NOTICE:  duration: 26.689 ms  plan:
Query Text: select  sum(cs_ext_discount_amt)  as "excess discount amount" 
from 
   catalog_sales 
   ,item 
   ,date_dim
where
i_manufact_id = 125
and i_item_sk = cs_item_sk 
and d_date between '1998-01-29' and 
        (cast('1998-01-29' as date) + interval '90 days')
and d_date_sk = cs_sold_date_sk 
and cs_ext_discount_amt  
     > ( 
         select 
            1.3 * avg(cs_ext_discount_amt) 
         from 
            catalog_sales 
           ,date_dim
         where 
              cs_item_sk = i_item_sk 
          and d_date between '1998-01-29' and
                             (cast('1998-01-29' as date) + interval '90 days')
          and d_date_sk = cs_sold_date_sk 
      ) 
limit 100;
Limit  (cost=6465.80..6465.81 rows=1 width=8) (actual time=26.681..26.684 rows=1 loops=1)
  ->  Aggregate  (cost=6465.80..6465.81 rows=1 width=8) (actual time=26.681..26.683 rows=1 loops=1)
        ->  Hash Join  (cost=1481.92..6465.79 rows=1 width=8) (actual time=6.850..26.680 rows=12 loops=1)
              Hash Cond: (catalog_sales.cs_item_sk = item.i_item_sk)
              Join Filter: (catalog_sales.cs_ext_discount_amt > (SubPlan 1))
              Rows Removed by Join Filter: 39
              ->  Nested Loop  (cost=0.72..4979.95 rows=1770 width=16) (actual time=0.018..14.957 rows=41143 loops=1)
                    ->  Index Scan using i_d_date on date_dim  (cost=0.29..5.29 rows=90 width=8) (actual time=0.010..0.024 rows=91 loops=1)
                          Index Cond: ((d_date >= '1998-01-29'::date) AND (d_date <= '1998-04-29 00:00:00'::timestamp without time zone))
                    ->  Index Scan using i_cs_sold_date_sk on catalog_sales  (cost=0.43..47.42 rows=785 width=24) (actual time=0.003..0.074 rows=452 loops=91)
                          Index Cond: (cs_sold_date_sk = date_dim.d_date_sk)
              ->  Hash  (cost=1481.00..1481.00 rows=16 width=8) (actual time=6.590..6.590 rows=24 loops=1)
                    Buckets: 1024  Batches: 1  Memory Usage: 9kB
                    ->  Seq Scan on item  (cost=0.00..1481.00 rows=16 width=8) (actual time=0.282..6.585 rows=24 loops=1)
                          Filter: (i_manufact_id = 125)
                          Rows Removed by Filter: 17976
              SubPlan 1
                ->  Aggregate  (cost=106.52..106.53 rows=1 width=8) (actual time=0.050..0.050 rows=1 loops=51)
                      ->  Hash Join  (cost=6.84..106.51 rows=1 width=8) (actual time=0.005..0.049 rows=6 loops=51)
                            Hash Cond: (catalog_sales_1.cs_sold_date_sk = date_dim_1.d_date_sk)
                            ->  Index Scan using pk_catalog_sales on catalog_sales catalog_sales_1  (cost=0.43..99.86 rows=88 width=16) (actual time=0.003..0.041 rows=80 loops=51)
                                  Index Cond: (cs_item_sk = item.i_item_sk)
                            ->  Hash  (cost=5.29..5.29 rows=90 width=8) (actual time=0.030..0.030 rows=91 loops=1)
                                  Buckets: 1024  Batches: 1  Memory Usage: 12kB
                                  ->  Index Scan using i_d_date on date_dim date_dim_1  (cost=0.29..5.29 rows=90 width=8) (actual time=0.005..0.020 rows=91 loops=1)
                                        Index Cond: ((d_date >= '1998-01-29'::date) AND (d_date <= '1998-04-29 00:00:00'::timestamp without time zone))
 excess discount amount 
------------------------
      91116.95999999998
(1 row)

UPDATE time_statistics SET e_time = TRANSACTION_TIMESTAMP() WHERE template = '../query_postgresql/query32.tpl' AND stream = 6;
psql:/tmp/s1-basline/throughput/query_6.sql:965: NOTICE:  duration: 0.091 ms  plan:
Query Text: UPDATE time_statistics SET e_time = TRANSACTION_TIMESTAMP() WHERE template = '../query_postgresql/query32.tpl' AND stream = 6;
Update on time_statistics  (cost=0.00..15.28 rows=0 width=0) (actual time=0.090..0.090 rows=0 loops=1)
  ->  Seq Scan on time_statistics  (cost=0.00..15.28 rows=1 width=14) (actual time=0.049..0.063 rows=1 loops=1)
        Filter: ((template = '../query_postgresql/query32.tpl'::text) AND (stream = 6))
        Rows Removed by Filter: 508
UPDATE 1
LOAD 'auto_explain'; SET auto_explain.log_min_duration TO 0; SET auto_explain.log_analyze TO on; SET auto_explain.log_level TO notice; INSERT INTO time_statistics (template, s_time, stream, query, seed) VALUES ('query89.tpl', TRANSACTION_TIMESTAMP(), 6, 20, 1784866186);
LOAD
SET
SET
SET
psql:/tmp/s1-basline/throughput/query_6.sql:966: NOTICE:  duration: 0.008 ms  plan:
Query Text: INSERT INTO time_statistics (template, s_time, stream, query, seed) VALUES ('query89.tpl', TRANSACTION_TIMESTAMP(), 6, 20, 1784866186);
Insert on time_statistics  (cost=0.00..0.01 rows=0 width=0) (actual time=0.008..0.008 rows=0 loops=1)
  ->  Result  (cost=0.00..0.01 rows=1 width=64) (actual time=0.001..0.002 rows=1 loops=1)
INSERT 0 1
select  *
from(
select i_category, i_class, i_brand,
       s_store_name, s_company_name,
       d_moy,
       sum(ss_sales_price) sum_sales,
       avg(sum(ss_sales_price)) over
         (partition by i_category, i_brand, s_store_name, s_company_name)
         avg_monthly_sales
from item, store_sales, date_dim, store
where ss_item_sk = i_item_sk and
      ss_sold_date_sk = d_date_sk and
      ss_store_sk = s_store_sk and
      d_year in (1999) and
        ((i_category in ('Men','Shoes','Music') and
          i_class in ('pants','athletic','classical')
         )
      or (i_category in ('Women','Home','Jewelry') and
          i_class in ('fragrances','rugs','pendants') 
        ))
group by i_category, i_class, i_brand,
         s_store_name, s_company_name, d_moy) tmp1
where case when (avg_monthly_sales <> 0) then (abs(sum_sales - avg_monthly_sales) / avg_monthly_sales) else null end > 0.1
order by sum_sales - avg_monthly_sales, s_store_name
limit 100;
psql:/tmp/s1-basline/throughput/query_6.sql:991: NOTICE:  duration: 640.585 ms  plan:
Query Text: select  *
from(
select i_category, i_class, i_brand,
       s_store_name, s_company_name,
       d_moy,
       sum(ss_sales_price) sum_sales,
       avg(sum(ss_sales_price)) over
         (partition by i_category, i_brand, s_store_name, s_company_name)
         avg_monthly_sales
from item, store_sales, date_dim, store
where ss_item_sk = i_item_sk and
      ss_sold_date_sk = d_date_sk and
      ss_store_sk = s_store_sk and
      d_year in (1999) and
        ((i_category in ('Men','Shoes','Music') and
          i_class in ('pants','athletic','classical')
         )
      or (i_category in ('Women','Home','Jewelry') and
          i_class in ('fragrances','rugs','pendants') 
        ))
group by i_category, i_class, i_brand,
         s_store_name, s_company_name, d_moy) tmp1
where case when (avg_monthly_sales <> 0) then (abs(sum_sales - avg_monthly_sales) / avg_monthly_sales) else null end > 0.1
order by sum_sales - avg_monthly_sales, s_store_name
limit 100;
Limit  (cost=73751.40..73751.65 rows=100 width=194) (actual time=640.485..640.499 rows=100 loops=1)
  ->  Sort  (cost=73751.40..73751.75 rows=138 width=194) (actual time=640.484..640.492 rows=100 loops=1)
        Sort Key: ((tmp1.sum_sales - tmp1.avg_monthly_sales)), tmp1.s_store_name
        Sort Method: top-N heapsort  Memory: 70kB
        ->  Subquery Scan on tmp1  (cost=73693.67..73746.50 rows=138 width=194) (actual time=611.202..639.935 rows=1731 loops=1)
              Filter: (CASE WHEN (tmp1.avg_monthly_sales <> '0'::double precision) THEN (abs((tmp1.sum_sales - tmp1.avg_monthly_sales)) / tmp1.avg_monthly_sales) ELSE NULL::double precision END > '0.1'::double precision)
              Rows Removed by Filter: 130
              ->  WindowAgg  (cost=73693.67..73736.82 rows=415 width=186) (actual time=611.200..639.662 rows=1861 loops=1)
                    ->  Incremental Sort  (cost=73693.67..73727.48 rows=415 width=178) (actual time=611.185..638.396 rows=1861 loops=1)
                          Sort Key: item.i_category, item.i_brand, store.s_store_name, store.s_company_name
                          Presorted Key: item.i_category
                          Full-sort Groups: 6  Sort Method: quicksort  Average Memory: 39kB  Peak Memory: 39kB
                          Pre-sorted Groups: 6  Sort Method: quicksort  Average Memory: 180kB  Peak Memory: 180kB
                          ->  GroupAggregate  (cost=73690.57..73703.02 rows=415 width=178) (actual time=608.743..637.297 rows=1861 loops=1)
                                Group Key: item.i_category, item.i_class, item.i_brand, store.s_store_name, store.s_company_name, date_dim.d_moy
                                ->  Sort  (cost=73690.57..73691.61 rows=415 width=178) (actual time=608.729..611.729 rows=59264 loops=1)
                                      Sort Key: item.i_category, item.i_class, item.i_brand, store.s_store_name, store.s_company_name, date_dim.d_moy
                                      Sort Method: quicksort  Memory: 14492kB
                                      ->  Nested Loop  (cost=0.73..73672.53 rows=415 width=178) (actual time=0.053..467.148 rows=59264 loops=1)
                                            Join Filter: (store_sales.ss_store_sk = store.s_store_sk)
                                            Rows Removed by Join Filter: 275340
                                            ->  Nested Loop  (cost=0.73..73598.41 rows=435 width=173) (actual time=0.047..426.545 rows=60807 loops=1)
                                                  ->  Nested Loop  (cost=0.43..70734.88 rows=91698 width=177) (actual time=0.031..335.364 rows=313791 loops=1)
                                                        ->  Seq Scan on item  (cost=0.00..1706.00 rows=571 width=161) (actual time=0.022..14.903 rows=1935 loops=1)
                                                              Filter: (((i_category = ANY ('{Men,Shoes,Music}'::bpchar[])) AND (i_class = ANY ('{pants,athletic,classical}'::bpchar[]))) OR ((i_category = ANY ('{Women,Home,Jewelry}'::bpchar[])) AND (i_class = ANY ('{fragrances,rugs,pendants}'::bpchar[]))))
                                                              Rows Removed by Filter: 16065
                                                        ->  Index Scan using pk_store_sales on store_sales  (cost=0.43..119.14 rows=175 width=32) (actual time=0.005..0.142 rows=162 loops=1935)
                                                              Index Cond: (ss_item_sk = item.i_item_sk)
                                                  ->  Memoize  (cost=0.30..0.32 rows=1 width=12) (actual time=0.000..0.000 rows=0 loops=313791)
                                                        Cache Key: store_sales.ss_sold_date_sk
                                                        Cache Mode: logical
                                                        Hits: 311985  Misses: 1806  Evictions: 0  Overflows: 0  Memory Usage: 144kB
                                                        ->  Index Scan using pk_date_dim on date_dim  (cost=0.29..0.31 rows=1 width=12) (actual time=0.001..0.001 rows=0 loops=1806)
                                                              Index Cond: (d_date_sk = store_sales.ss_sold_date_sk)
                                                              Filter: (d_year = 1999)
                                                              Rows Removed by Filter: 1
                                            ->  Materialize  (cost=0.00..1.18 rows=12 width=21) (actual time=0.000..0.000 rows=6 loops=60807)
                                                  ->  Seq Scan on store  (cost=0.00..1.12 rows=12 width=21) (actual time=0.002..0.005 rows=12 loops=1)
                     i_category                     |                      i_class                       |                      i_brand                       | s_store_name | s_company_name | d_moy |     sum_sales      | avg_monthly_sales  
----------------------------------------------------+----------------------------------------------------+----------------------------------------------------+--------------+----------------+-------+--------------------+--------------------
 Men                                                | pants                                              | exportiimporto #1                                  | ation        | Unknown        |     4 | 2137.4800000000014 |  4979.558333333333
 Music                                              | classical                                          | edu packscholar #1                                 | eing         | Unknown        |     2 |            1547.45 |  4277.710833333333
 Men                                                | pants                                              | exportiimporto #1                                  | ese          | Unknown        |     3 |  2374.649999999999 |  5085.216666666667
 Music                                              | classical                                          | edu packscholar #1                                 | able         | Unknown        |     4 |            1842.77 |            4550.36
 Men                                                | pants                                              | exportiimporto #1                                  | bar          | Unknown        |     1 |            2304.28 |  4984.657499999998
 Men                                                | pants                                              | exportiimporto #1                                  | ought        | Unknown        |     7 | 2130.1800000000007 |  4775.903333333333
 Men                                                | pants                                              | exportiimporto #1                                  | able         | Unknown        |     7 | 2486.4400000000005 |  5126.544999999999
 Men                                                | pants                                              | exportiimporto #1                                  | able         | Unknown        |     6 |            2502.19 |  5126.544999999999
 Men                                                | pants                                              | exportiimporto #1                                  | ation        | Unknown        |     7 | 2356.0200000000004 |  4979.558333333333
 Men                                                | pants                                              | exportiimporto #1                                  | bar          | Unknown        |     2 | 2367.6600000000008 |  4984.657499999998
 Men                                                | pants                                              | exportiimporto #1                                  | eing         | Unknown        |     7 |            2276.98 |  4884.903333333333
 Music                                              | classical                                          | edu packscholar #1                                 | able         | Unknown        |     2 | 1962.3200000000004 |            4550.36
 Shoes                                              | athletic                                           | edu packedu pack #1                                | ation        | Unknown        |     4 | 1798.6999999999998 |  4362.815833333334
 Men                                                | pants                                              | exportiimporto #1                                  | bar          | Unknown        |     4 |            2430.23 |  4984.657499999998
 Men                                                | pants                                              | exportiimporto #1                                  | ese          | Unknown        |     2 | 2533.5700000000006 |  5085.216666666667
 Men                                                | pants                                              | exportiimporto #1                                  | ought        | Unknown        |     4 | 2233.0399999999995 |  4775.903333333333
 Men                                                | pants                                              | exportiimporto #1                                  | able         | Unknown        |     3 |            2592.25 |  5126.544999999999
 Men                                                | pants                                              | exportiimporto #1                                  | ation        | Unknown        |     3 |  2462.289999999999 |  4979.558333333333
 Men                                                | pants                                              | exportiimporto #1                                  | bar          | Unknown        |     3 |            2477.56 |  4984.657499999998
 Women                                              | fragrances                                         | importoamalg #1                                    | eing         | Unknown        |     5 | 1410.2300000000007 | 3859.3158333333326
 Music                                              | classical                                          | edu packscholar #1                                 | ese          | Unknown        |     3 | 1980.6800000000003 |  4345.168333333333
 Music                                              | classical                                          | edu packscholar #1                                 | bar          | Unknown        |     4 |             2094.9 |  4454.650833333333
 Men                                                | pants                                              | exportiimporto #1                                  | eing         | Unknown        |     2 |  2544.020000000001 |  4884.903333333333
 Music                                              | classical                                          | edu packscholar #1                                 | eing         | Unknown        |     5 | 1948.5900000000004 |  4277.710833333333
 Men                                                | pants                                              | exportiimporto #1                                  | ese          | Unknown        |     5 | 2762.3300000000004 |  5085.216666666667
 Music                                              | classical                                          | edu packscholar #1                                 | able         | Unknown        |     5 | 2230.9900000000002 |            4550.36
 Men                                                | pants                                              | exportiimporto #1                                  | ese          | Unknown        |     6 | 2767.8599999999997 |  5085.216666666667
 Shoes                                              | athletic                                           | edu packedu pack #1                                | ought        | Unknown        |     1 | 1671.0000000000005 |  3983.827500000001
 Music                                              | classical                                          | edu packscholar #1                                 | ation        | Unknown        |     6 | 1826.9500000000005 |  4136.695833333333
 Men                                                | pants                                              | exportiimporto #1                                  | able         | Unknown        |     5 | 2828.6899999999996 |  5126.544999999999
 Music                                              | classical                                          | edu packscholar #1                                 | ought        | Unknown        |     6 | 2167.4899999999993 |  4398.881666666667
 Men                                                | pants                                              | exportiimporto #1                                  | able         | Unknown        |     2 |            2905.07 |  5126.544999999999
 Men                                                | pants                                              | exportiimporto #1                                  | ation        | Unknown        |     5 | 2781.1199999999985 |  4979.558333333333
 Shoes                                              | athletic                                           | edu packedu pack #1                                | eing         | Unknown        |     7 | 1645.1600000000008 |  3806.875833333333
 Music                                              | classical                                          | edu packscholar #1                                 | able         | Unknown        |     3 | 2401.7400000000007 |            4550.36
 Shoes                                              | athletic                                           | edu packedu pack #1                                | able         | Unknown        |     7 | 1729.7400000000002 |  3868.099166666667
 Women                                              | fragrances                                         | importoamalg #1                                    | able         | Unknown        |     2 | 1786.2099999999994 | 3908.7008333333324
 Shoes                                              | athletic                                           | edu packedu pack #1                                | ought        | Unknown        |     4 | 1869.4900000000007 |  3983.827500000001
 Men                                                | pants                                              | exportiimporto #1                                  | ought        | Unknown        |     2 | 2668.5099999999998 |  4775.903333333333
 Music                                              | classical                                          | edu packscholar #1                                 | eing         | Unknown        |     6 | 2186.8600000000006 |  4277.710833333333
 Shoes                                              | athletic                                           | edu packedu pack #1                                | ation        | Unknown        |     5 | 2284.6399999999994 |  4362.815833333334
 Music                                              | classical                                          | edu packscholar #1                                 | bar          | Unknown        |     6 |            2392.24 |  4454.650833333333
 Women                                              | fragrances                                         | importoamalg #1                                    | ation        | Unknown        |     4 | 1651.7200000000003 |  3707.109166666667
 Music                                              | classical                                          | edu packscholar #1                                 | bar          | Unknown        |     5 |  2403.020000000001 |  4454.650833333333
 Music                                              | classical                                          | edu packscholar #1                                 | bar          | Unknown        |     2 | 2404.0699999999993 |  4454.650833333333
 Shoes                                              | athletic                                           | edu packedu pack #1                                | ation        | Unknown        |     6 | 2326.2499999999995 |  4362.815833333334
 Shoes                                              | athletic                                           | edu packedu pack #1                                | able         | Unknown        |     2 |            1832.08 |  3868.099166666667
 Women                                              | fragrances                                         | importoamalg #1                                    | ese          | Unknown        |     2 | 2050.1499999999996 | 4082.2483333333344
 Music                                              | classical                                          | edu packscholar #1                                 | ought        | Unknown        |     5 | 2371.2599999999998 |  4398.881666666667
 Men                                                | pants                                              | exportiimporto #1                                  | ought        | Unknown        |     6 |            2759.16 |  4775.903333333333
 Women                                              | fragrances                                         | importoamalg #1                                    | eing         | Unknown        |     2 |             1844.9 | 3859.3158333333326
 Shoes                                              | athletic                                           | edu packedu pack #1                                | eing         | Unknown        |     5 | 1792.7700000000007 |  3806.875833333333
 Women                                              | fragrances                                         | importoamalg #1                                    | eing         | Unknown        |     6 | 1853.3499999999995 | 3859.3158333333326
 Men                                                | pants                                              | exportiimporto #1                                  | ese          | Unknown        |     4 |  3094.799999999999 |  5085.216666666667
 Women                                              | fragrances                                         | importoamalg #1                                    | ought        | Unknown        |     2 |            2150.59 |  4140.497500000001
 Women                                              | fragrances                                         | importoamalg #1                                    | bar          | Unknown        |     4 | 1812.8600000000001 | 3797.0391666666674
 Men                                                | pants                                              | exportiimporto #1                                  | ought        | Unknown        |     5 |  2798.389999999999 |  4775.903333333333
 Men                                                | pants                                              | exportiimporto #1                                  | eing         | Unknown        |     6 | 2914.3600000000006 |  4884.903333333333
 Music                                              | classical                                          | edu packscholar #1                                 | ation        | Unknown        |     7 | 2196.1100000000006 |  4136.695833333333
 Women                                              | fragrances                                         | importoamalg #1                                    | ought        | Unknown        |     3 |            2201.02 |  4140.497500000001
 Shoes                                              | athletic                                           | edu packedu pack #1                                | ation        | Unknown        |     7 |            2424.03 |  4362.815833333334
 Music                                              | classical                                          | edu packscholar #1                                 | bar          | Unknown        |     3 | 2518.7999999999993 |  4454.650833333333
 Shoes                                              | athletic                                           | edu packedu pack #1                                | ese          | Unknown        |     4 |            1862.01 | 3791.0850000000005
 Women                                              | fragrances                                         | importoamalg #1                                    | bar          | Unknown        |     5 |            1873.83 | 3797.0391666666674
 Shoes                                              | athletic                                           | edu packedu pack #1                                | ation        | Unknown        |     2 | 2440.7699999999995 |  4362.815833333334
 Women                                              | fragrances                                         | importoamalg #1                                    | eing         | Unknown        |     4 | 1938.5199999999998 | 3859.3158333333326
 Shoes                                              | athletic                                           | edu packedu pack #1                                | bar          | Unknown        |     4 | 1866.5700000000004 |  3781.319166666668
 Shoes                                              | athletic                                           | edu packedu pack #1                                | ese          | Unknown        |     2 | 1878.5300000000004 | 3791.0850000000005
 Shoes                                              | athletic                                           | edu packedu pack #1                                | eing         | Unknown        |     4 |            1899.57 |  3806.875833333333
 Shoes                                              | athletic                                           | edu packedu pack #1                                | eing         | Unknown        |     2 | 1916.8600000000006 |  3806.875833333333
 Women                                              | fragrances                                         | importoamalg #1                                    | ought        | Unknown        |     5 |  2255.920000000001 |  4140.497500000001
 Women                                              | fragrances                                         | importoamalg #2                                    | ese          | Unknown        |     2 |  555.4600000000002 |  2422.709166666667
 Men                                                | pants                                              | exportiimporto #1                                  | eing         | Unknown        |     5 |            3019.57 |  4884.903333333333
 Music                                              | classical                                          | edu packscholar #1                                 | ought        | Unknown        |     1 |            2564.92 |  4398.881666666667
 Music                                              | classical                                          | edu packscholar #1                                 | eing         | Unknown        |     3 |            2451.94 |  4277.710833333333
 Shoes                                              | athletic                                           | edu packedu pack #1                                | able         | Unknown        |     6 | 2045.4299999999996 |  3868.099166666667
 Women                                              | fragrances                                         | importoamalg #1                                    | ought        | Unknown        |     4 | 2320.5899999999997 |  4140.497500000001
 Men                                                | pants                                              | exportiimporto #1                                  | able         | Unknown        |     4 | 3316.9899999999984 |  5126.544999999999
 Music                                              | classical                                          | edu packscholar #1                                 | ought        | Unknown        |     4 |  2595.560000000001 |  4398.881666666667
 Shoes                                              | athletic                                           | edu packedu pack #1                                | eing         | Unknown        |     6 | 2006.6300000000003 |  3806.875833333333
 Men                                                | pants                                              | exportiimporto #1                                  | ought        | Unknown        |     1 | 2975.7399999999993 |  4775.903333333333
 Women                                              | fragrances                                         | importoamalg #1                                    | eing         | Unknown        |     3 | 2065.2300000000005 | 3859.3158333333326
 Men                                                | pants                                              | exportiimporto #1                                  | ese          | Unknown        |     1 | 3295.7399999999993 |  5085.216666666667
 Women                                              | fragrances                                         | importoamalg #1                                    | ese          | Unknown        |     5 |  2304.270000000001 | 4082.2483333333344
 Women                                              | fragrances                                         | importoamalg #1                                    | ation        | Unknown        |     7 | 1957.0099999999998 |  3707.109166666667
 Music                                              | classical                                          | edu packscholar #1                                 | able         | Unknown        |     7 |            2806.17 |            4550.36
 Women                                              | fragrances                                         | importoamalg #1                                    | able         | Unknown        |     6 |            2170.37 | 3908.7008333333324
 Music                                              | classical                                          | edu packscholar #1                                 | ese          | Unknown        |     1 | 2610.6899999999996 |  4345.168333333333
 Music                                              | classical                                          | edu packscholar #1                                 | ese          | Unknown        |     5 |  2619.649999999999 |  4345.168333333333
 Shoes                                              | athletic                                           | edu packedu pack #1                                | able         | Unknown        |     4 |             2145.1 |  3868.099166666667
 Shoes                                              | athletic                                           | edu packedu pack #1                                | ought        | Unknown        |     7 | 2264.0499999999997 |  3983.827500000001
 Music                                              | classical                                          | edu packscholar #1                                 | bar          | Unknown        |     1 |            2735.15 |  4454.650833333333
 Men                                                | pants                                              | exportiimporto #1                                  | bar          | Unknown        |     5 | 3265.9099999999994 |  4984.657499999998
 Women                                              | fragrances                                         | importoamalg #1                                    | bar          | Unknown        |     3 |            2087.29 | 3797.0391666666674
 Women                                              | fragrances                                         | importoamalg #1                                    | ese          | Unknown        |     6 |            2387.68 | 4082.2483333333344
 Music                                              | classical                                          | edu packscholar #1                                 | ese          | Unknown        |     2 | 2658.8099999999995 |  4345.168333333333
 Men                                                | pants                                              | exportiimporto #1                                  | ation        | Unknown        |     1 |            3294.19 |  4979.558333333333
 Shoes                                              | athletic                                           | edu packedu pack #1                                | able         | Unknown        |     3 |            2218.21 |  3868.099166666667
 Music                                              | classical                                          | edu packscholar #1                                 | ought        | Unknown        |     2 | 2752.8799999999997 |  4398.881666666667
 Women                                              | fragrances                                         | importoamalg #1                                    | ation        | Unknown        |     6 |            2065.34 |  3707.109166666667
(100 rows)

UPDATE time_statistics SET e_time = TRANSACTION_TIMESTAMP() WHERE template = 'query89.tpl' AND stream = 6;
psql:/tmp/s1-basline/throughput/query_6.sql:993: NOTICE:  duration: 0.087 ms  plan:
Query Text: UPDATE time_statistics SET e_time = TRANSACTION_TIMESTAMP() WHERE template = 'query89.tpl' AND stream = 6;
Update on time_statistics  (cost=0.00..15.28 rows=0 width=0) (actual time=0.086..0.087 rows=0 loops=1)
  ->  Seq Scan on time_statistics  (cost=0.00..15.28 rows=1 width=14) (actual time=0.056..0.072 rows=1 loops=1)
        Filter: ((template = 'query89.tpl'::text) AND (stream = 6))
        Rows Removed by Filter: 509
UPDATE 1
LOAD 'auto_explain'; SET auto_explain.log_min_duration TO 0; SET auto_explain.log_analyze TO on; SET auto_explain.log_level TO notice; INSERT INTO time_statistics (template, s_time, stream, query, seed) VALUES ('query28.tpl', TRANSACTION_TIMESTAMP(), 6, 21, 388197356);
LOAD
SET
SET
SET
psql:/tmp/s1-basline/throughput/query_6.sql:994: NOTICE:  duration: 0.009 ms  plan:
Query Text: INSERT INTO time_statistics (template, s_time, stream, query, seed) VALUES ('query28.tpl', TRANSACTION_TIMESTAMP(), 6, 21, 388197356);
Insert on time_statistics  (cost=0.00..0.01 rows=0 width=0) (actual time=0.008..0.009 rows=0 loops=1)
  ->  Result  (cost=0.00..0.01 rows=1 width=64) (actual time=0.001..0.001 rows=1 loops=1)
INSERT 0 1
select  *
from (select avg(ss_list_price) B1_LP
            ,count(ss_list_price) B1_CNT
            ,count(distinct ss_list_price) B1_CNTD
      from store_sales
      where ss_quantity between 0 and 5
        and (ss_list_price between 99 and 99+10 
             or ss_coupon_amt between 12051 and 12051+1000
             or ss_wholesale_cost between 33 and 33+20)) B1,
     (select avg(ss_list_price) B2_LP
            ,count(ss_list_price) B2_CNT
            ,count(distinct ss_list_price) B2_CNTD
      from store_sales
      where ss_quantity between 6 and 10
        and (ss_list_price between 8 and 8+10
          or ss_coupon_amt between 9860 and 9860+1000
          or ss_wholesale_cost between 34 and 34+20)) B2,
     (select avg(ss_list_price) B3_LP
            ,count(ss_list_price) B3_CNT
            ,count(distinct ss_list_price) B3_CNTD
      from store_sales
      where ss_quantity between 11 and 15
        and (ss_list_price between 136 and 136+10
          or ss_coupon_amt between 2443 and 2443+1000
          or ss_wholesale_cost between 54 and 54+20)) B3,
     (select avg(ss_list_price) B4_LP
            ,count(ss_list_price) B4_CNT
            ,count(distinct ss_list_price) B4_CNTD
      from store_sales
      where ss_quantity between 16 and 20
        and (ss_list_price between 26 and 26+10
          or ss_coupon_amt between 7039 and 7039+1000
          or ss_wholesale_cost between 25 and 25+20)) B4,
     (select avg(ss_list_price) B5_LP
            ,count(ss_list_price) B5_CNT
            ,count(distinct ss_list_price) B5_CNTD
      from store_sales
      where ss_quantity between 21 and 25
        and (ss_list_price between 184 and 184+10
          or ss_coupon_amt between 17099 and 17099+1000
          or ss_wholesale_cost between 42 and 42+20)) B5,
     (select avg(ss_list_price) B6_LP
            ,count(ss_list_price) B6_CNT
            ,count(distinct ss_list_price) B6_CNTD
      from store_sales
      where ss_quantity between 26 and 30
        and (ss_list_price between 1 and 1+10
          or ss_coupon_amt between 8143 and 8143+1000
          or ss_wholesale_cost between 2 and 2+20)) B6
limit 100;
psql:/tmp/s1-basline/throughput/query_6.sql:1044: NOTICE:  duration: 1566.633 ms  plan:
Query Text: select  *
from (select avg(ss_list_price) B1_LP
            ,count(ss_list_price) B1_CNT
            ,count(distinct ss_list_price) B1_CNTD
      from store_sales
      where ss_quantity between 0 and 5
        and (ss_list_price between 99 and 99+10 
             or ss_coupon_amt between 12051 and 12051+1000
             or ss_wholesale_cost between 33 and 33+20)) B1,
     (select avg(ss_list_price) B2_LP
            ,count(ss_list_price) B2_CNT
            ,count(distinct ss_list_price) B2_CNTD
      from store_sales
      where ss_quantity between 6 and 10
        and (ss_list_price between 8 and 8+10
          or ss_coupon_amt between 9860 and 9860+1000
          or ss_wholesale_cost between 34 and 34+20)) B2,
     (select avg(ss_list_price) B3_LP
            ,count(ss_list_price) B3_CNT
            ,count(distinct ss_list_price) B3_CNTD
      from store_sales
      where ss_quantity between 11 and 15
        and (ss_list_price between 136 and 136+10
          or ss_coupon_amt between 2443 and 2443+1000
          or ss_wholesale_cost between 54 and 54+20)) B3,
     (select avg(ss_list_price) B4_LP
            ,count(ss_list_price) B4_CNT
            ,count(distinct ss_list_price) B4_CNTD
      from store_sales
      where ss_quantity between 16 and 20
        and (ss_list_price between 26 and 26+10
          or ss_coupon_amt between 7039 and 7039+1000
          or ss_wholesale_cost between 25 and 25+20)) B4,
     (select avg(ss_list_price) B5_LP
            ,count(ss_list_price) B5_CNT
            ,count(distinct ss_list_price) B5_CNTD
      from store_sales
      where ss_quantity between 21 and 25
        and (ss_list_price between 184 and 184+10
          or ss_coupon_amt between 17099 and 17099+1000
          or ss_wholesale_cost between 42 and 42+20)) B5,
     (select avg(ss_list_price) B6_LP
            ,count(ss_list_price) B6_CNT
            ,count(distinct ss_list_price) B6_CNTD
      from store_sales
      where ss_quantity between 26 and 30
        and (ss_list_price between 1 and 1+10
          or ss_coupon_amt between 8143 and 8143+1000
          or ss_wholesale_cost between 2 and 2+20)) B6
limit 100;
Limit  (cost=684676.36..684676.53 rows=1 width=144) (actual time=1496.030..1566.622 rows=1 loops=1)
  ->  Nested Loop  (cost=684676.36..684676.53 rows=1 width=144) (actual time=1496.029..1566.620 rows=1 loops=1)
        ->  Nested Loop  (cost=570338.53..570338.67 rows=1 width=120) (actual time=1245.848..1246.269 rows=1 loops=1)
              ->  Nested Loop  (cost=456758.04..456758.15 rows=1 width=96) (actual time=998.857..999.208 rows=1 loops=1)
                    ->  Nested Loop  (cost=342441.38..342441.46 rows=1 width=72) (actual time=747.820..748.097 rows=1 loops=1)
                          ->  Nested Loop  (cost=228382.30..228382.35 rows=1 width=48) (actual time=499.888..500.096 rows=1 loops=1)
                                ->  Aggregate  (cost=114051.77..114051.78 rows=1 width=24) (actual time=248.708..248.842 rows=1 loops=1)
                                      ->  Gather  (cost=1000.00..113810.14 rows=32218 width=8) (actual time=0.286..240.528 rows=35075 loops=1)
                                            Workers Planned: 2
                                            Workers Launched: 2
                                            ->  Parallel Seq Scan on store_sales  (cost=0.00..109588.34 rows=13424 width=8) (actual time=0.048..236.956 rows=11692 loops=3)
                                                  Filter: ((ss_quantity >= 0) AND (ss_quantity <= 5) AND (((ss_list_price >= '99'::double precision) AND (ss_list_price <= '109'::double precision)) OR ((ss_coupon_amt >= '12051'::double precision) AND (ss_coupon_amt <= '13051'::double precision)) OR ((ss_wholesale_cost >= '33'::double precision) AND (ss_wholesale_cost <= '53'::double precision))))
                                                  Rows Removed by Filter: 936458
                                ->  Aggregate  (cost=114330.52..114330.53 rows=1 width=24) (actual time=251.175..251.248 rows=1 loops=1)
                                      ->  Gather  (cost=1000.00..114069.44 rows=34811 width=8) (actual time=0.358..242.772 rows=35869 loops=1)
                                            Workers Planned: 2
                                            Workers Launched: 2
                                            ->  Parallel Seq Scan on store_sales store_sales_1  (cost=0.00..109588.34 rows=14505 width=8) (actual time=0.059..239.421 rows=11956 loops=3)
                                                  Filter: ((ss_quantity >= 6) AND (ss_quantity <= 10) AND (((ss_list_price >= '8'::double precision) AND (ss_list_price <= '18'::double precision)) OR ((ss_coupon_amt >= '9860'::double precision) AND (ss_coupon_amt <= '10860'::double precision)) OR ((ss_wholesale_cost >= '34'::double precision) AND (ss_wholesale_cost <= '54'::double precision))))
                                                  Rows Removed by Filter: 936194
                          ->  Aggregate  (cost=114059.09..114059.10 rows=1 width=24) (actual time=247.928..247.998 rows=1 loops=1)
                                ->  Gather  (cost=1000.00..113816.94 rows=32286 width=8) (actual time=0.318..240.535 rows=30689 loops=1)
                                      Workers Planned: 2
                                      Workers Launched: 2
                                      ->  Parallel Seq Scan on store_sales store_sales_2  (cost=0.00..109588.34 rows=13452 width=8) (actual time=0.049..237.114 rows=10230 loops=3)
                                            Filter: ((ss_quantity >= 11) AND (ss_quantity <= 15) AND (((ss_list_price >= '136'::double precision) AND (ss_list_price <= '146'::double precision)) OR ((ss_coupon_amt >= '2443'::double precision) AND (ss_coupon_amt <= '3443'::double precision)) OR ((ss_wholesale_cost >= '54'::double precision) AND (ss_wholesale_cost <= '74'::double precision))))
                                            Rows Removed by Filter: 937920
                    ->  Aggregate  (cost=114316.65..114316.66 rows=1 width=24) (actual time=251.033..251.106 rows=1 loops=1)
                          ->  Gather  (cost=1000.00..114056.54 rows=34682 width=8) (actual time=0.321..243.389 rows=33335 loops=1)
                                Workers Planned: 2
                                Workers Launched: 2
                                ->  Parallel Seq Scan on store_sales store_sales_3  (cost=0.00..109588.34 rows=14451 width=8) (actual time=0.073..239.688 rows=11112 loops=3)
                                      Filter: ((ss_quantity >= 16) AND (ss_quantity <= 20) AND (((ss_list_price >= '26'::double precision) AND (ss_list_price <= '36'::double precision)) OR ((ss_coupon_amt >= '7039'::double precision) AND (ss_coupon_amt <= '8039'::double precision)) OR ((ss_wholesale_cost >= '25'::double precision) AND (ss_wholesale_cost <= '45'::double precision))))
                                      Rows Removed by Filter: 937038
              ->  Aggregate  (cost=113580.49..113580.50 rows=1 width=24) (actual time=246.988..247.057 rows=1 loops=1)
                    ->  Gather  (cost=1000.00..113371.74 rows=27834 width=8) (actual time=0.333..240.480 rows=27500 loops=1)
                          Workers Planned: 2
                          Workers Launched: 2
                          ->  Parallel Seq Scan on store_sales store_sales_4  (cost=0.00..109588.34 rows=11598 width=8) (actual time=0.040..236.678 rows=9167 loops=3)
                                Filter: ((ss_quantity >= 21) AND (ss_quantity <= 25) AND (((ss_list_price >= '184'::double precision) AND (ss_list_price <= '194'::double precision)) OR ((ss_coupon_amt >= '17099'::double precision) AND (ss_coupon_amt <= '18099'::double precision)) OR ((ss_wholesale_cost >= '42'::double precision) AND (ss_wholesale_cost <= '62'::double precision))))
                                Rows Removed by Filter: 938983
        ->  Aggregate  (cost=114337.83..114337.84 rows=1 width=24) (actual time=250.177..320.346 rows=1 loops=1)
              ->  Gather  (cost=1000.00..114076.24 rows=34879 width=8) (actual time=0.314..313.963 rows=28535 loops=1)
                    Workers Planned: 2
                    Workers Launched: 2
                    ->  Parallel Seq Scan on store_sales store_sales_5  (cost=0.00..109588.34 rows=14533 width=8) (actual time=0.040..240.380 rows=9512 loops=3)
                          Filter: ((ss_quantity >= 26) AND (ss_quantity <= 30) AND (((ss_list_price >= '1'::double precision) AND (ss_list_price <= '11'::double precision)) OR ((ss_coupon_amt >= '8143'::double precision) AND (ss_coupon_amt <= '9143'::double precision)) OR ((ss_wholesale_cost >= '2'::double precision) AND (ss_wholesale_cost <= '22'::double precision))))
                          Rows Removed by Filter: 938638
       b1_lp       | b1_cnt | b1_cntd |       b2_lp       | b2_cnt | b2_cntd |       b3_lp        | b3_cnt | b3_cntd |       b4_lp       | b4_cnt | b4_cntd |       b5_lp       | b5_cnt | b5_cntd |       b6_lp        | b6_cnt | b6_cntd 
-------------------+--------+---------+-------------------+--------+---------+--------------------+--------+---------+-------------------+--------+---------+-------------------+--------+---------+--------------------+--------+---------
 73.87270553365336 |  34751 |    7072 | 52.14798509980321 |  35570 |    7381 | 101.68022053982898 |  30380 |    8411 | 47.89676633645387 |  33009 |    5791 | 81.26374048048257 |  27181 |    7536 | 16.942395545151594 |  28194 |    4009
(1 row)

UPDATE time_statistics SET e_time = TRANSACTION_TIMESTAMP() WHERE template = 'query28.tpl' AND stream = 6;
psql:/tmp/s1-basline/throughput/query_6.sql:1046: NOTICE:  duration: 0.083 ms  plan:
Query Text: UPDATE time_statistics SET e_time = TRANSACTION_TIMESTAMP() WHERE template = 'query28.tpl' AND stream = 6;
Update on time_statistics  (cost=0.00..15.28 rows=0 width=0) (actual time=0.083..0.083 rows=0 loops=1)
  ->  Seq Scan on time_statistics  (cost=0.00..15.28 rows=1 width=14) (actual time=0.052..0.067 rows=1 loops=1)
        Filter: ((template = 'query28.tpl'::text) AND (stream = 6))
        Rows Removed by Filter: 510
UPDATE 1
LOAD 'auto_explain'; SET auto_explain.log_min_duration TO 0; SET auto_explain.log_analyze TO on; SET auto_explain.log_level TO notice; INSERT INTO time_statistics (template, s_time, stream, query, seed) VALUES ('query87.tpl', TRANSACTION_TIMESTAMP(), 6, 22, 377642706);
LOAD
SET
SET
SET
psql:/tmp/s1-basline/throughput/query_6.sql:1047: NOTICE:  duration: 0.008 ms  plan:
Query Text: INSERT INTO time_statistics (template, s_time, stream, query, seed) VALUES ('query87.tpl', TRANSACTION_TIMESTAMP(), 6, 22, 377642706);
Insert on time_statistics  (cost=0.00..0.01 rows=0 width=0) (actual time=0.008..0.008 rows=0 loops=1)
  ->  Result  (cost=0.00..0.01 rows=1 width=64) (actual time=0.001..0.001 rows=1 loops=1)
INSERT 0 1
select count(*) 
from ((select distinct c_last_name, c_first_name, d_date
       from store_sales, date_dim, customer
       where store_sales.ss_sold_date_sk = date_dim.d_date_sk
         and store_sales.ss_customer_sk = customer.c_customer_sk
         and d_month_seq between 1176 and 1176+11)
       except
      (select distinct c_last_name, c_first_name, d_date
       from catalog_sales, date_dim, customer
       where catalog_sales.cs_sold_date_sk = date_dim.d_date_sk
         and catalog_sales.cs_bill_customer_sk = customer.c_customer_sk
         and d_month_seq between 1176 and 1176+11)
       except
      (select distinct c_last_name, c_first_name, d_date
       from web_sales, date_dim, customer
       where web_sales.ws_sold_date_sk = date_dim.d_date_sk
         and web_sales.ws_bill_customer_sk = customer.c_customer_sk
         and d_month_seq between 1176 and 1176+11)
) cool_cust
;
psql:/tmp/s1-basline/throughput/query_6.sql:1067: NOTICE:  duration: 2156.513 ms  plan:
Query Text: select count(*) 
from ((select distinct c_last_name, c_first_name, d_date
       from store_sales, date_dim, customer
       where store_sales.ss_sold_date_sk = date_dim.d_date_sk
         and store_sales.ss_customer_sk = customer.c_customer_sk
         and d_month_seq between 1176 and 1176+11)
       except
      (select distinct c_last_name, c_first_name, d_date
       from catalog_sales, date_dim, customer
       where catalog_sales.cs_sold_date_sk = date_dim.d_date_sk
         and catalog_sales.cs_bill_customer_sk = customer.c_customer_sk
         and d_month_seq between 1176 and 1176+11)
       except
      (select distinct c_last_name, c_first_name, d_date
       from web_sales, date_dim, customer
       where web_sales.ws_sold_date_sk = date_dim.d_date_sk
         and web_sales.ws_bill_customer_sk = customer.c_customer_sk
         and d_month_seq between 1176 and 1176+11)
) cool_cust
;
Aggregate  (cost=156976.86..156976.87 rows=1 width=8) (actual time=2120.669..2156.504 rows=1 loops=1)
  ->  Subquery Scan on cool_cust  (cost=94362.95..156942.94 rows=13569 width=0) (actual time=2112.460..2154.681 rows=45899 loops=1)
        ->  HashSetOp Except  (cost=94362.95..156807.25 rows=13569 width=216) (actual time=2112.459..2150.428 rows=45899 loops=1)
              ->  Append  (cost=94362.95..156677.60 rows=17287 width=216) (actual time=1750.079..2133.139 rows=57747 loops=1)
                    ->  Result  (cost=94362.95..121455.03 rows=13569 width=216) (actual time=1750.079..1761.003 rows=45953 loops=1)
                          ->  HashSetOp Except  (cost=94362.95..121319.34 rows=13569 width=216) (actual time=1750.078..1756.278 rows=45953 loops=1)
                                ->  Append  (cost=94362.95..121162.41 rows=20923 width=216) (actual time=859.698..1731.161 rows=77500 loops=1)
                                      ->  Subquery Scan on "*SELECT* 1"  (cost=94362.95..96180.75 rows=13569 width=60) (actual time=859.698..1147.083 rows=46278 loops=1)
                                            ->  Unique  (cost=94362.95..96045.06 rows=13569 width=56) (actual time=859.696..1141.885 rows=46278 loops=1)
                                                  ->  Gather Merge  (cost=94362.95..95943.29 rows=13569 width=56) (actual time=859.695..1062.188 rows=523468 loops=1)
                                                        Workers Planned: 2
                                                        Workers Launched: 2
                                                        ->  Sort  (cost=93362.93..93377.06 rows=5654 width=56) (actual time=815.023..854.837 rows=174489 loops=3)
                                                              Sort Key: customer.c_last_name, customer.c_first_name, date_dim.d_date
                                                              Sort Method: external merge  Disk: 12832kB
                                                              Worker 0:  Sort Method: external merge  Disk: 10128kB
                                                              Worker 1:  Sort Method: external merge  Disk: 10000kB
                                                              ->  Nested Loop  (cost=2505.73..93010.54 rows=5654 width=56) (actual time=13.364..526.420 rows=174489 loops=3)
                                                                    ->  Hash Join  (cost=2505.43..91166.73 rows=5923 width=12) (actual time=13.311..259.119 rows=178653 loops=3)
                                                                          Hash Cond: (store_sales.ss_sold_date_sk = date_dim.d_date_sk)
                                                                          ->  Parallel Seq Scan on store_sales  (cost=0.00..85499.45 rows=1204445 width=16) (actual time=0.015..123.130 rows=948150 loops=3)
                                                                          ->  Hash  (cost=2500.73..2500.73 rows=376 width=12) (actual time=13.189..13.190 rows=365 loops=3)
                                                                                Buckets: 1024  Batches: 1  Memory Usage: 26kB
                                                                                ->  Seq Scan on date_dim  (cost=0.00..2500.73 rows=376 width=12) (actual time=6.085..13.136 rows=365 loops=3)
                                                                                      Filter: ((d_month_seq >= 1176) AND (d_month_seq <= 1187))
                                                                                      Rows Removed by Filter: 72684
                                                                    ->  Index Scan using pk_customer on customer  (cost=0.29..0.31 rows=1 width=60) (actual time=0.001..0.001 rows=1 loops=535958)
                                                                          Index Cond: (c_customer_sk = store_sales.ss_customer_sk)
                                      ->  Subquery Scan on "*SELECT* 2"  (cost=24729.97..24877.05 rows=7354 width=60) (actual time=570.792..579.499 rows=31222 loops=1)
                                            ->  HashAggregate  (cost=24729.97..24803.51 rows=7354 width=56) (actual time=570.791..577.190 rows=31222 loops=1)
                                                  Group Key: customer_1.c_last_name, customer_1.c_first_name, date_dim_1.d_date
                                                  Batches: 1  Memory Usage: 6673kB
                                                  ->  Nested Loop  (cost=0.72..24674.82 rows=7354 width=56) (actual time=3.620..464.862 rows=281889 loops=1)
                                                        ->  Nested Loop  (cost=0.43..22363.80 rows=7393 width=12) (actual time=3.609..98.947 rows=282616 loops=1)
                                                              ->  Seq Scan on date_dim date_dim_1  (cost=0.00..2500.73 rows=376 width=12) (actual time=3.587..7.844 rows=365 loops=1)
                                                                    Filter: ((d_month_seq >= 1176) AND (d_month_seq <= 1187))
                                                                    Rows Removed by Filter: 72684
                                                              ->  Index Scan using i_cs_sold_date_sk on catalog_sales  (cost=0.43..44.98 rows=785 width=16) (actual time=0.004..0.172 rows=774 loops=365)
                                                                    Index Cond: (cs_sold_date_sk = date_dim_1.d_date_sk)
                                                        ->  Index Scan using pk_customer on customer customer_1  (cost=0.29..0.31 rows=1 width=60) (actual time=0.001..0.001 rows=1 loops=282616)
                                                              Index Cond: (c_customer_sk = catalog_sales.cs_bill_customer_sk)
                    ->  Subquery Scan on "*SELECT* 3"  (cost=34638.05..35136.14 rows=3718 width=60) (actual time=259.511..368.740 rows=11794 loops=1)
                          ->  Unique  (cost=34638.05..35098.96 rows=3718 width=56) (actual time=259.510..367.473 rows=11794 loops=1)
                                ->  Gather Merge  (cost=34638.05..35071.07 rows=3718 width=56) (actual time=259.509..345.053 rows=142671 loops=1)
                                      Workers Planned: 2
                                      Workers Launched: 2
                                      ->  Sort  (cost=33638.02..33641.90 rows=1549 width=56) (actual time=232.655..237.246 rows=47557 loops=3)
                                            Sort Key: customer_2.c_last_name, customer_2.c_first_name, date_dim_2.d_date
                                            Sort Method: quicksort  Memory: 7352kB
                                            Worker 0:  Sort Method: quicksort  Memory: 5214kB
                                            Worker 1:  Sort Method: quicksort  Memory: 5198kB
                                            ->  Nested Loop  (cost=2505.73..33555.95 rows=1549 width=56) (actual time=13.289..166.884 rows=47557 loops=3)
                                                  ->  Hash Join  (cost=2505.43..33067.40 rows=1550 width=12) (actual time=13.242..91.241 rows=47564 loops=3)
                                                        Hash Cond: (web_sales.ws_sold_date_sk = date_dim_2.d_date_sk)
                                                        ->  Parallel Seq Scan on web_sales  (cost=0.00..29771.63 rows=301063 width=16) (actual time=0.017..44.542 rows=237185 loops=3)
                                                        ->  Hash  (cost=2500.73..2500.73 rows=376 width=12) (actual time=13.110..13.111 rows=365 loops=3)
                                                              Buckets: 1024  Batches: 1  Memory Usage: 26kB
                                                              ->  Seq Scan on date_dim date_dim_2  (cost=0.00..2500.73 rows=376 width=12) (actual time=6.022..13.061 rows=365 loops=3)
                                                                    Filter: ((d_month_seq >= 1176) AND (d_month_seq <= 1187))
                                                                    Rows Removed by Filter: 72684
                                                  ->  Index Scan using pk_customer on customer customer_2  (cost=0.29..0.32 rows=1 width=60) (actual time=0.001..0.001 rows=1 loops=142691)
                                                        Index Cond: (c_customer_sk = web_sales.ws_bill_customer_sk)
 count 
-------
 45899
(1 row)

UPDATE time_statistics SET e_time = TRANSACTION_TIMESTAMP() WHERE template = 'query87.tpl' AND stream = 6;
psql:/tmp/s1-basline/throughput/query_6.sql:1069: NOTICE:  duration: 0.089 ms  plan:
Query Text: UPDATE time_statistics SET e_time = TRANSACTION_TIMESTAMP() WHERE template = 'query87.tpl' AND stream = 6;
Update on time_statistics  (cost=0.00..15.28 rows=0 width=0) (actual time=0.089..0.089 rows=0 loops=1)
  ->  Seq Scan on time_statistics  (cost=0.00..15.28 rows=1 width=14) (actual time=0.057..0.073 rows=1 loops=1)
        Filter: ((template = 'query87.tpl'::text) AND (stream = 6))
        Rows Removed by Filter: 511
UPDATE 1
LOAD 'auto_explain'; SET auto_explain.log_min_duration TO 0; SET auto_explain.log_analyze TO on; SET auto_explain.log_level TO notice; INSERT INTO time_statistics (template, s_time, stream, query, seed) VALUES ('query18.tpl', TRANSACTION_TIMESTAMP(), 6, 23, 1523129188);
LOAD
SET
SET
SET
psql:/tmp/s1-basline/throughput/query_6.sql:1070: NOTICE:  duration: 0.008 ms  plan:
Query Text: INSERT INTO time_statistics (template, s_time, stream, query, seed) VALUES ('query18.tpl', TRANSACTION_TIMESTAMP(), 6, 23, 1523129188);
Insert on time_statistics  (cost=0.00..0.01 rows=0 width=0) (actual time=0.008..0.008 rows=0 loops=1)
  ->  Result  (cost=0.00..0.01 rows=1 width=64) (actual time=0.002..0.002 rows=1 loops=1)
INSERT 0 1
select  i_item_id,
        ca_country,
        ca_state, 
        ca_county,
        avg( cast(cs_quantity as decimal(12,2))) agg1,
        avg( cast(cs_list_price as decimal(12,2))) agg2,
        avg( cast(cs_coupon_amt as decimal(12,2))) agg3,
        avg( cast(cs_sales_price as decimal(12,2))) agg4,
        avg( cast(cs_net_profit as decimal(12,2))) agg5,
        avg( cast(c_birth_year as decimal(12,2))) agg6,
        avg( cast(cd1.cd_dep_count as decimal(12,2))) agg7
 from catalog_sales, customer_demographics cd1, 
      customer_demographics cd2, customer, customer_address, date_dim, item
 where cs_sold_date_sk = d_date_sk and
       cs_item_sk = i_item_sk and
       cs_bill_cdemo_sk = cd1.cd_demo_sk and
       cs_bill_customer_sk = c_customer_sk and
       cd1.cd_gender = 'F' and 
       cd1.cd_education_status = 'Advanced Degree' and
       c_current_cdemo_sk = cd2.cd_demo_sk and
       c_current_addr_sk = ca_address_sk and
       c_birth_month in (10,1,12,3,4,8) and
       d_year = 2001 and
       ca_state in ('NY','TN','CA'
                   ,'KY','MN','NC','KS')
 group by rollup (i_item_id, ca_country, ca_state, ca_county)
 order by ca_country,
        ca_state, 
        ca_county,
	i_item_id
 limit 100;
psql:/tmp/s1-basline/throughput/query_6.sql:1101: NOTICE:  duration: 714.872 ms  plan:
Query Text: select  i_item_id,
        ca_country,
        ca_state, 
        ca_county,
        avg( cast(cs_quantity as decimal(12,2))) agg1,
        avg( cast(cs_list_price as decimal(12,2))) agg2,
        avg( cast(cs_coupon_amt as decimal(12,2))) agg3,
        avg( cast(cs_sales_price as decimal(12,2))) agg4,
        avg( cast(cs_net_profit as decimal(12,2))) agg5,
        avg( cast(c_birth_year as decimal(12,2))) agg6,
        avg( cast(cd1.cd_dep_count as decimal(12,2))) agg7
 from catalog_sales, customer_demographics cd1, 
      customer_demographics cd2, customer, customer_address, date_dim, item
 where cs_sold_date_sk = d_date_sk and
       cs_item_sk = i_item_sk and
       cs_bill_cdemo_sk = cd1.cd_demo_sk and
       cs_bill_customer_sk = c_customer_sk and
       cd1.cd_gender = 'F' and 
       cd1.cd_education_status = 'Advanced Degree' and
       c_current_cdemo_sk = cd2.cd_demo_sk and
       c_current_addr_sk = ca_address_sk and
       c_birth_month in (10,1,12,3,4,8) and
       d_year = 2001 and
       ca_state in ('NY','TN','CA'
                   ,'KY','MN','NC','KS')
 group by rollup (i_item_id, ca_country, ca_state, ca_county)
 order by ca_country,
        ca_state, 
        ca_county,
	i_item_id
 limit 100;
Limit  (cost=25188.37..25188.62 rows=100 width=272) (actual time=714.741..714.754 rows=100 loops=1)
  ->  Sort  (cost=25188.37..25188.82 rows=181 width=272) (actual time=714.741..714.747 rows=100 loops=1)
        Sort Key: customer_address.ca_country, customer_address.ca_state, customer_address.ca_county, item.i_item_id
        Sort Method: top-N heapsort  Memory: 47kB
        ->  GroupAggregate  (cost=25173.68..25181.58 rows=181 width=272) (actual time=688.857..711.226 rows=6945 loops=1)
              Group Key: item.i_item_id, customer_address.ca_country, customer_address.ca_state, customer_address.ca_county
              Group Key: item.i_item_id, customer_address.ca_country, customer_address.ca_state
              Group Key: item.i_item_id, customer_address.ca_country
              Group Key: item.i_item_id
              Group Key: ()
              ->  Sort  (cost=25173.68..25173.79 rows=45 width=92) (actual time=688.818..688.913 rows=1824 loops=1)
                    Sort Key: item.i_item_id, customer_address.ca_country, customer_address.ca_state, customer_address.ca_county
                    Sort Method: quicksort  Memory: 291kB
                    ->  Nested Loop  (cost=2.15..25172.44 rows=45 width=92) (actual time=5.935..683.824 rows=1824 loops=1)
                          ->  Nested Loop  (cost=1.86..25158.67 rows=45 width=83) (actual time=5.929..679.112 rows=1824 loops=1)
                                ->  Nested Loop  (cost=1.44..25133.26 rows=46 width=91) (actual time=5.923..676.269 rows=1860 loops=1)
                                      ->  Nested Loop  (cost=1.15..25049.06 rows=244 width=68) (actual time=4.630..659.707 rows=9186 loops=1)
                                            ->  Nested Loop  (cost=0.85..24888.06 rows=503 width=56) (actual time=4.410..627.694 rows=19066 loops=1)
                                                  ->  Nested Loop  (cost=0.43..21531.98 rows=7137 width=60) (actual time=4.285..128.911 rows=279955 loops=1)
                                                        ->  Seq Scan on date_dim  (cost=0.00..2318.11 rows=363 width=8) (actual time=4.265..8.993 rows=365 loops=1)
                                                              Filter: (d_year = 2001)
                                                              Rows Removed by Filter: 72684
                                                        ->  Index Scan using i_cs_sold_date_sk on catalog_sales  (cost=0.43..45.08 rows=785 width=68) (actual time=0.004..0.176 rows=767 loops=365)
                                                              Index Cond: (cs_sold_date_sk = date_dim.d_date_sk)
                                                  ->  Index Scan using pk_customer_demographics on customer_demographics cd1  (cost=0.43..0.47 rows=1 width=12) (actual time=0.002..0.002 rows=0 loops=279955)
                                                        Index Cond: (cd_demo_sk = catalog_sales.cs_bill_cdemo_sk)
                                                        Filter: ((cd_gender = 'F'::bpchar) AND (cd_education_status = 'Advanced Degree'::bpchar))
                                                        Rows Removed by Filter: 1
                                            ->  Index Scan using pk_customer on customer  (cost=0.29..0.32 rows=1 width=28) (actual time=0.001..0.001 rows=0 loops=19066)
                                                  Index Cond: (c_customer_sk = catalog_sales.cs_bill_customer_sk)
                                                  Filter: (c_birth_month = ANY ('{10,1,12,3,4,8}'::integer[]))
                                                  Rows Removed by Filter: 1
                                      ->  Index Scan using pk_customer_address on customer_address  (cost=0.29..0.35 rows=1 width=39) (actual time=0.002..0.002 rows=0 loops=9186)
                                            Index Cond: (ca_address_sk = customer.c_current_addr_sk)
                                            Filter: (ca_state = ANY ('{NY,TN,CA,KY,MN,NC,KS}'::bpchar[]))
                                            Rows Removed by Filter: 1
                                ->  Index Only Scan using pk_customer_demographics on customer_demographics cd2  (cost=0.43..0.55 rows=1 width=8) (actual time=0.001..0.001 rows=1 loops=1860)
                                      Index Cond: (cd_demo_sk = customer.c_current_cdemo_sk)
                                      Heap Fetches: 0
                          ->  Index Scan using pk_item on item  (cost=0.29..0.31 rows=1 width=25) (actual time=0.002..0.002 rows=1 loops=1824)
                                Index Cond: (i_item_sk = catalog_sales.cs_item_sk)
    i_item_id     |  ca_country   | ca_state |    ca_county     |          agg1          |         agg2         |          agg3          |          agg4          |          agg5          |         agg6          |          agg7          
------------------+---------------+----------+------------------+------------------------+----------------------+------------------------+------------------------+------------------------+-----------------------+------------------------
 AAAAAAAAAMCDAAAA | United States | CA       | Butte County     |    35.0000000000000000 |  41.6900000000000000 |   141.8100000000000000 |    22.5100000000000000 |    50.3400000000000000 | 1979.0000000000000000 |     3.0000000000000000
 AAAAAAAABDIBAAAA | United States | CA       | Butte County     |    48.0000000000000000 |  98.2200000000000000 |  2949.0000000000000000 |    66.7800000000000000 | -2690.2800000000000000 | 1979.0000000000000000 |     3.0000000000000000
 AAAAAAAABPBCAAAA | United States | CA       | Butte County     |    27.0000000000000000 |  90.8900000000000000 | 0.00000000000000000000 |    76.3400000000000000 |   -72.9000000000000000 | 1979.0000000000000000 |     3.0000000000000000
 AAAAAAAAIGCEAAAA | United States | CA       | Butte County     |    32.0000000000000000 |  15.2800000000000000 | 0.00000000000000000000 |     7.6400000000000000 |    -6.4000000000000000 | 1979.0000000000000000 |     3.0000000000000000
 AAAAAAAAIGMDAAAA | United States | CA       | Butte County     |    39.0000000000000000 | 126.0500000000000000 | 0.00000000000000000000 |    28.9900000000000000 |  -961.3500000000000000 | 1979.0000000000000000 |     3.0000000000000000
 AAAAAAAAIHFCAAAA | United States | CA       | Butte County     |    56.0000000000000000 | 118.3200000000000000 |  1767.5600000000000000 |    54.4200000000000000 | -4151.4800000000000000 | 1979.0000000000000000 |     3.0000000000000000
 AAAAAAAAIKGBAAAA | United States | CA       | Butte County     |    85.0000000000000000 | 119.5100000000000000 | 0.00000000000000000000 |    83.6500000000000000 |  3712.8000000000000000 | 1979.0000000000000000 |     3.0000000000000000
 AAAAAAAAKGPDAAAA | United States | CA       | Butte County     |    95.0000000000000000 |  39.5600000000000000 | 0.00000000000000000000 |    27.6900000000000000 |   157.7000000000000000 | 1979.0000000000000000 |     3.0000000000000000
 AAAAAAAAKPCBAAAA | United States | CA       | Butte County     |    17.0000000000000000 |  15.4800000000000000 | 0.00000000000000000000 |    12.0700000000000000 |    53.8900000000000000 | 1979.0000000000000000 |     3.0000000000000000
 AAAAAAAAMFCBAAAA | United States | CA       | Butte County     |    80.0000000000000000 |  79.6000000000000000 | 0.00000000000000000000 |    15.9200000000000000 | -2972.0000000000000000 | 1979.0000000000000000 |     3.0000000000000000
 AAAAAAAANGCBAAAA | United States | CA       | Butte County     | 1.00000000000000000000 | 106.4300000000000000 | 0.00000000000000000000 |    30.8600000000000000 |   -40.5700000000000000 | 1979.0000000000000000 |     3.0000000000000000
 AAAAAAAAABMAAAAA | United States | CA       | Calaveras County |    97.0000000000000000 |  56.8200000000000000 | 0.00000000000000000000 |    28.9700000000000000 | -1272.6400000000000000 | 1976.0000000000000000 |     4.0000000000000000
 AAAAAAAAAMDEAAAA | United States | CA       | Calaveras County |    54.0000000000000000 |  46.2400000000000000 | 0.00000000000000000000 |    22.1900000000000000 | -1135.6200000000000000 | 1956.0000000000000000 |     2.0000000000000000
 AAAAAAAACNDEAAAA | United States | CA       | Calaveras County |    43.0000000000000000 |  56.6100000000000000 | 0.00000000000000000000 |    39.0600000000000000 |  -150.9300000000000000 | 1956.0000000000000000 |     2.0000000000000000
 AAAAAAAACNKBAAAA | United States | CA       | Calaveras County |    94.0000000000000000 |  34.8600000000000000 | 0.00000000000000000000 |    27.1900000000000000 |  1377.1000000000000000 | 1956.0000000000000000 |     2.0000000000000000
 AAAAAAAADKOBAAAA | United States | CA       | Calaveras County |    41.0000000000000000 | 200.4200000000000000 | 0.00000000000000000000 |    24.0500000000000000 | -2223.8400000000000000 | 1976.0000000000000000 |     4.0000000000000000
 AAAAAAAADLPCAAAA | United States | CA       | Calaveras County |    86.0000000000000000 | 128.2200000000000000 | 0.00000000000000000000 |    38.4600000000000000 |  -616.6200000000000000 | 1976.0000000000000000 |     4.0000000000000000
 AAAAAAAAEEBEAAAA | United States | CA       | Calaveras County |    29.0000000000000000 |  57.4500000000000000 | 0.00000000000000000000 |    39.0600000000000000 |    57.7100000000000000 | 1976.0000000000000000 |     4.0000000000000000
 AAAAAAAAIKBDAAAA | United States | CA       | Calaveras County |    29.0000000000000000 | 101.2200000000000000 |  1203.5000000000000000 |    50.6100000000000000 | -1174.7900000000000000 | 1976.0000000000000000 |     4.0000000000000000
 AAAAAAAAKJBDAAAA | United States | CA       | Calaveras County |    15.0000000000000000 | 134.9700000000000000 | 0.00000000000000000000 |    93.1200000000000000 |   508.8000000000000000 | 1956.0000000000000000 |     2.0000000000000000
 AAAAAAAALEGBAAAA | United States | CA       | Calaveras County |    41.0000000000000000 |  71.1200000000000000 | 0.00000000000000000000 |    66.1400000000000000 |   219.3500000000000000 | 1956.0000000000000000 |     2.0000000000000000
 AAAAAAAALHEDAAAA | United States | CA       | Calaveras County |    81.0000000000000000 |  99.0900000000000000 |  4146.1800000000000000 |    81.2500000000000000 | -2204.6100000000000000 | 1956.0000000000000000 |     2.0000000000000000
 AAAAAAAALIHCAAAA | United States | CA       | Calaveras County |    20.0000000000000000 | 190.6200000000000000 | 0.00000000000000000000 |   142.9600000000000000 |   914.0000000000000000 | 1976.0000000000000000 |     4.0000000000000000
 AAAAAAAAMPBBAAAA | United States | CA       | Calaveras County |    96.0000000000000000 | 232.8500000000000000 | 0.00000000000000000000 |   176.9600000000000000 |  8552.6400000000000000 | 1956.0000000000000000 |     2.0000000000000000
 AAAAAAAANKACAAAA | United States | CA       | Calaveras County |    43.0000000000000000 |  86.8500000000000000 | 0.00000000000000000000 |    17.3700000000000000 |  -729.2800000000000000 | 1956.0000000000000000 |     2.0000000000000000
 AAAAAAAANLCCAAAA | United States | CA       | Calaveras County |    38.0000000000000000 | 229.2700000000000000 | 0.00000000000000000000 |   105.4600000000000000 |  1033.9800000000000000 | 1956.0000000000000000 |     2.0000000000000000
 AAAAAAAANPIBAAAA | United States | CA       | Calaveras County |    42.0000000000000000 |   4.1800000000000000 | 0.00000000000000000000 |     4.1300000000000000 |    63.0000000000000000 | 1956.0000000000000000 |     2.0000000000000000
 AAAAAAAAACDCAAAA | United States | CA       | Colusa County    |    89.0000000000000000 |  45.6400000000000000 | 0.00000000000000000000 | 0.45000000000000000000 | -3492.3600000000000000 | 1947.0000000000000000 |     2.0000000000000000
 AAAAAAAABDNCAAAA | United States | CA       | Colusa County    |    93.0000000000000000 |  27.2600000000000000 |    71.2400000000000000 | 1.63000000000000000000 |  -938.0000000000000000 | 1970.0000000000000000 |     4.0000000000000000
 AAAAAAAACCABAAAA | United States | CA       | Colusa County    |    59.0000000000000000 | 127.3200000000000000 | 0.00000000000000000000 |    25.4600000000000000 | -2041.4000000000000000 | 1947.0000000000000000 |     2.0000000000000000
 AAAAAAAADFBEAAAA | United States | CA       | Colusa County    |    86.0000000000000000 |  74.2000000000000000 | 0.00000000000000000000 |     5.1900000000000000 | -2728.7800000000000000 | 1970.0000000000000000 |     4.0000000000000000
 AAAAAAAAGCNCAAAA | United States | CA       | Colusa County    |    39.0000000000000000 |  46.4400000000000000 | 0.00000000000000000000 | 0.92000000000000000000 | -1029.6000000000000000 | 1970.0000000000000000 |     4.0000000000000000
 AAAAAAAAGFCAAAAA | United States | CA       | Colusa County    |    57.0000000000000000 | 132.7800000000000000 |  2031.2200000000000000 |    80.9900000000000000 |  -542.3800000000000000 | 1947.0000000000000000 |     2.0000000000000000
 AAAAAAAAIFJBAAAA | United States | CA       | Colusa County    |    92.0000000000000000 |  34.2500000000000000 | 0.00000000000000000000 |     6.5000000000000000 | -2190.5200000000000000 | 1947.0000000000000000 |     2.0000000000000000
 AAAAAAAALNKDAAAA | United States | CA       | Colusa County    |    59.0000000000000000 | 213.4800000000000000 |   235.5200000000000000 |    36.2900000000000000 | -2335.3300000000000000 | 1970.0000000000000000 |     4.0000000000000000
 AAAAAAAAMDKBAAAA | United States | CA       | Colusa County    |    96.0000000000000000 | 117.2100000000000000 |  4536.1100000000000000 |    49.2200000000000000 | -5733.2300000000000000 | 1947.0000000000000000 |     2.0000000000000000
 AAAAAAAAMGMCAAAA | United States | CA       | Colusa County    |    56.0000000000000000 |  92.7900000000000000 |   509.1500000000000000 |    45.4600000000000000 |  -850.1900000000000000 | 1947.0000000000000000 |     2.0000000000000000
 AAAAAAAAMHJDAAAA | United States | CA       | Colusa County    |    24.0000000000000000 |  24.8400000000000000 | 0.00000000000000000000 |    22.3500000000000000 |   313.9200000000000000 | 1970.0000000000000000 |     4.0000000000000000
 AAAAAAAAMPOCAAAA | United States | CA       | Colusa County    |    32.0000000000000000 | 186.3100000000000000 |   834.5600000000000000 |    65.2000000000000000 | -1759.3600000000000000 | 1970.0000000000000000 |     4.0000000000000000
 AAAAAAAANFHAAAAA | United States | CA       | Colusa County    |    15.0000000000000000 | 127.6400000000000000 |   975.6200000000000000 |   125.0800000000000000 |   209.3800000000000000 | 1947.0000000000000000 |     2.0000000000000000
 AAAAAAAAOELDAAAA | United States | CA       | Colusa County    |     3.0000000000000000 |  93.2100000000000000 | 0.00000000000000000000 |    45.6700000000000000 |    43.1700000000000000 | 1970.0000000000000000 |     4.0000000000000000
 AAAAAAAAOMADAAAA | United States | CA       | Colusa County    |     5.0000000000000000 |  23.2700000000000000 | 0.00000000000000000000 |    19.3100000000000000 |     7.0500000000000000 | 1970.0000000000000000 |     4.0000000000000000
 AAAAAAAAAHEDAAAA | United States | CA       | Glenn County     |    20.0000000000000000 |  73.4200000000000000 | 0.00000000000000000000 |    62.4000000000000000 |  -206.0000000000000000 | 1944.0000000000000000 | 1.00000000000000000000
 AAAAAAAADNLBAAAA | United States | CA       | Glenn County     |    69.0000000000000000 |  93.3300000000000000 | 0.00000000000000000000 |    77.4600000000000000 |   933.5700000000000000 | 1944.0000000000000000 | 1.00000000000000000000
 AAAAAAAAGPACAAAA | United States | CA       | Glenn County     |    33.0000000000000000 |  12.5500000000000000 | 0.00000000000000000000 | 1.75000000000000000000 |  -226.0500000000000000 | 1944.0000000000000000 | 1.00000000000000000000
 AAAAAAAAJKGDAAAA | United States | CA       | Glenn County     |    34.0000000000000000 | 138.3200000000000000 | 0.00000000000000000000 |    63.6200000000000000 |  -587.1800000000000000 | 1944.0000000000000000 | 1.00000000000000000000
 AAAAAAAALPIAAAAA | United States | CA       | Glenn County     |    72.0000000000000000 |  26.9200000000000000 |   910.3700000000000000 |    15.6100000000000000 |  -926.9300000000000000 | 1944.0000000000000000 | 1.00000000000000000000
 AAAAAAAAPAPBAAAA | United States | CA       | Glenn County     |    37.0000000000000000 |  79.2000000000000000 | 0.00000000000000000000 |     7.1200000000000000 |  -764.7900000000000000 | 1944.0000000000000000 | 1.00000000000000000000
 AAAAAAAACIDEAAAA | United States | CA       | Lassen County    |    29.0000000000000000 | 122.9200000000000000 | 0.00000000000000000000 |     2.4500000000000000 | -2735.8600000000000000 | 1926.0000000000000000 |     6.0000000000000000
 AAAAAAAACLDEAAAA | United States | CA       | Lassen County    |    63.0000000000000000 |  25.3800000000000000 |    64.7500000000000000 |    11.4200000000000000 |  -364.0000000000000000 | 1926.0000000000000000 |     6.0000000000000000
 AAAAAAAAMPFAAAAA | United States | CA       | Lassen County    |    61.0000000000000000 |  54.3100000000000000 | 0.00000000000000000000 |    34.2100000000000000 |   160.4300000000000000 | 1926.0000000000000000 |     6.0000000000000000
 AAAAAAAAONEBAAAA | United States | CA       | Lassen County    |    65.0000000000000000 |  29.6000000000000000 | 0.00000000000000000000 |     3.8400000000000000 |  -520.0000000000000000 | 1926.0000000000000000 |     6.0000000000000000
 AAAAAAAAPLIDAAAA | United States | CA       | Lassen County    |    31.0000000000000000 |  95.7900000000000000 | 0.00000000000000000000 |    41.1800000000000000 | -1374.8500000000000000 | 1926.0000000000000000 |     6.0000000000000000
 AAAAAAAAAGFDAAAA | United States | CA       | Mariposa County  |    26.0000000000000000 |  59.3400000000000000 | 0.00000000000000000000 |    26.1000000000000000 |    80.6000000000000000 | 1924.0000000000000000 |     3.0000000000000000
 AAAAAAAABHMCAAAA | United States | CA       | Mariposa County  |    24.0000000000000000 | 104.9700000000000000 | 0.00000000000000000000 |    82.9200000000000000 |   823.6800000000000000 | 1924.0000000000000000 |     3.0000000000000000
 AAAAAAAACHDEAAAA | United States | CA       | Mariposa County  |    27.0000000000000000 |  52.2200000000000000 | 0.00000000000000000000 |    12.0100000000000000 |  -172.2600000000000000 | 1924.0000000000000000 |     3.0000000000000000
 AAAAAAAACHNAAAAA | United States | CA       | Mariposa County  |    10.0000000000000000 | 156.8500000000000000 |   188.2000000000000000 |    75.2800000000000000 |   -41.0000000000000000 | 1924.0000000000000000 |     3.0000000000000000
 AAAAAAAAEACCAAAA | United States | CA       | Mariposa County  |    53.0000000000000000 | 113.5700000000000000 | 0.00000000000000000000 |    36.3400000000000000 | -2034.1400000000000000 | 1924.0000000000000000 |     3.0000000000000000
 AAAAAAAAGAIDAAAA | United States | CA       | Mariposa County  |    92.0000000000000000 | 170.8200000000000000 | 0.00000000000000000000 |    44.4100000000000000 | -2993.6800000000000000 | 1924.0000000000000000 |     3.0000000000000000
 AAAAAAAAJMAEAAAA | United States | CA       | Mariposa County  |    50.0000000000000000 | 129.0600000000000000 | 0.00000000000000000000 |   100.6600000000000000 |  2784.5000000000000000 | 1924.0000000000000000 |     3.0000000000000000
 AAAAAAAAJPAEAAAA | United States | CA       | Mariposa County  |    45.0000000000000000 | 109.1800000000000000 | 0.00000000000000000000 |    79.7000000000000000 |  1353.1500000000000000 | 1924.0000000000000000 |     3.0000000000000000
 AAAAAAAAKHLAAAAA | United States | CA       | Mariposa County  |    66.0000000000000000 | 138.7400000000000000 | 0.00000000000000000000 |   138.7400000000000000 |  4555.3200000000000000 | 1924.0000000000000000 |     3.0000000000000000
 AAAAAAAAMMLAAAAA | United States | CA       | Mariposa County  |    54.0000000000000000 | 232.3100000000000000 | 0.00000000000000000000 |    81.3000000000000000 |  -751.1400000000000000 | 1924.0000000000000000 |     3.0000000000000000
 AAAAAAAAOBMCAAAA | United States | CA       | Mariposa County  |    22.0000000000000000 |   6.0900000000000000 | 0.00000000000000000000 |     5.5400000000000000 |    59.1800000000000000 | 1924.0000000000000000 |     3.0000000000000000
 AAAAAAAAPAHDAAAA | United States | CA       | Mariposa County  |    39.0000000000000000 | 245.1600000000000000 |  8178.4700000000000000 |   223.0900000000000000 | -2954.8100000000000000 | 1924.0000000000000000 |     3.0000000000000000
 AAAAAAAAPMEAAAAA | United States | CA       | Mariposa County  |    43.0000000000000000 | 172.0600000000000000 |   327.0100000000000000 |    29.2500000000000000 | -2016.9100000000000000 | 1924.0000000000000000 |     3.0000000000000000
 AAAAAAAAEDAAAAAA | United States | CA       | Modoc County     |    81.0000000000000000 |   3.0900000000000000 | 0.00000000000000000000 |     2.4400000000000000 |    61.5600000000000000 | 1958.0000000000000000 |     6.0000000000000000
 AAAAAAAAKHBEAAAA | United States | CA       | Modoc County     |    30.0000000000000000 | 125.2600000000000000 | 0.00000000000000000000 |   121.5000000000000000 |   709.2000000000000000 | 1958.0000000000000000 |     6.0000000000000000
 AAAAAAAALEDBAAAA | United States | CA       | Modoc County     |    98.0000000000000000 |  37.7100000000000000 | 0.00000000000000000000 |    23.7500000000000000 |   -56.8400000000000000 | 1958.0000000000000000 |     6.0000000000000000
 AAAAAAAAMLLAAAAA | United States | CA       | Modoc County     |    45.0000000000000000 | 239.7300000000000000 | 0.00000000000000000000 |    59.9300000000000000 |  -935.5500000000000000 | 1958.0000000000000000 |     6.0000000000000000
 AAAAAAAAMNHCAAAA | United States | CA       | Modoc County     |    29.0000000000000000 |  72.6400000000000000 | 0.00000000000000000000 |    56.6500000000000000 |   497.9300000000000000 | 1958.0000000000000000 |     6.0000000000000000
 AAAAAAAAMODDAAAA | United States | CA       | Modoc County     |    48.0000000000000000 |  47.2800000000000000 | 0.00000000000000000000 |    38.2900000000000000 |   518.4000000000000000 | 1958.0000000000000000 |     6.0000000000000000
 AAAAAAAAOAOBAAAA | United States | CA       | Modoc County     |    17.0000000000000000 | 114.3700000000000000 | 0.00000000000000000000 |   108.6500000000000000 |   903.2100000000000000 | 1958.0000000000000000 |     6.0000000000000000
 AAAAAAAAPFHBAAAA | United States | CA       | Modoc County     |    31.0000000000000000 | 105.3700000000000000 | 0.00000000000000000000 | 0.00000000000000000000 | -2041.6600000000000000 | 1958.0000000000000000 |     6.0000000000000000
 AAAAAAAABIMBAAAA | United States | CA       | Placer County    |    64.0000000000000000 |  97.3300000000000000 | 0.00000000000000000000 |    91.4900000000000000 |  2786.5600000000000000 | 1974.0000000000000000 |     3.0000000000000000
 AAAAAAAADPFCAAAA | United States | CA       | Placer County    |    38.0000000000000000 |  94.7000000000000000 | 0.00000000000000000000 |    35.0300000000000000 | -2032.2400000000000000 | 1974.0000000000000000 |     3.0000000000000000
 AAAAAAAAHGLBAAAA | United States | CA       | Placer County    |     7.0000000000000000 |  53.5600000000000000 | 0.00000000000000000000 |    34.2700000000000000 |   -55.3700000000000000 | 1974.0000000000000000 |     3.0000000000000000
 AAAAAAAAKBKCAAAA | United States | CA       | Placer County    |    21.0000000000000000 | 120.1700000000000000 | 0.00000000000000000000 |    66.0900000000000000 |  -114.2400000000000000 | 1974.0000000000000000 |     3.0000000000000000
 AAAAAAAANLLCAAAA | United States | CA       | Placer County    |     4.0000000000000000 | 195.4000000000000000 |   214.4600000000000000 |   109.4200000000000000 |   -67.3400000000000000 | 1974.0000000000000000 |     3.0000000000000000
 AAAAAAAANOAEAAAA | United States | CA       | Placer County    |    63.0000000000000000 | 137.7500000000000000 | 0.00000000000000000000 |   126.7300000000000000 |  2908.7100000000000000 | 1974.0000000000000000 |     3.0000000000000000
 AAAAAAAAPGGBAAAA | United States | CA       | Placer County    |    19.0000000000000000 | 107.8300000000000000 | 0.00000000000000000000 |   101.3600000000000000 |   595.4600000000000000 | 1974.0000000000000000 |     3.0000000000000000
 AAAAAAAAAFFBAAAA | United States | CA       | Plumas County    |    92.0000000000000000 | 164.6900000000000000 | 0.00000000000000000000 |    65.8700000000000000 |  -471.0400000000000000 | 1952.0000000000000000 |     3.0000000000000000
 AAAAAAAAAIGAAAAA | United States | CA       | Plumas County    |    24.0000000000000000 |  57.4300000000000000 |   191.0300000000000000 |    24.1200000000000000 |  -821.2700000000000000 | 1952.0000000000000000 |     4.0000000000000000
 AAAAAAAABPDDAAAA | United States | CA       | Plumas County    |    31.0000000000000000 | 132.2100000000000000 |   150.7800000000000000 |    30.4000000000000000 | -2034.9600000000000000 | 1952.0000000000000000 |     4.0000000000000000
 AAAAAAAACJMCAAAA | United States | CA       | Plumas County    |     3.0000000000000000 |  56.9300000000000000 | 0.00000000000000000000 |    33.5800000000000000 |   -17.8800000000000000 | 1952.0000000000000000 |     3.0000000000000000
 AAAAAAAADHKCAAAA | United States | CA       | Plumas County    |    85.0000000000000000 | 205.4100000000000000 | 0.00000000000000000000 |   186.9200000000000000 |  9445.2000000000000000 | 1952.0000000000000000 |     3.0000000000000000
 AAAAAAAAEBIBAAAA | United States | CA       | Plumas County    |    83.0000000000000000 |  78.1200000000000000 |   108.8700000000000000 |    18.7400000000000000 | -4613.2800000000000000 | 1952.0000000000000000 |     4.0000000000000000
 AAAAAAAAEEFBAAAA | United States | CA       | Plumas County    |     8.0000000000000000 |  72.6700000000000000 | 0.00000000000000000000 |    48.6800000000000000 |   -95.0400000000000000 | 1952.0000000000000000 |     3.0000000000000000
 AAAAAAAAFCIBAAAA | United States | CA       | Plumas County    |    93.0000000000000000 |  40.0400000000000000 |   777.9900000000000000 |    15.2100000000000000 | -3087.1800000000000000 | 1952.0000000000000000 |     4.0000000000000000
 AAAAAAAAFFJAAAAA | United States | CA       | Plumas County    |    65.0000000000000000 | 275.4200000000000000 | 0.00000000000000000000 |   101.9000000000000000 |   575.2500000000000000 | 1952.0000000000000000 |     3.0000000000000000
 AAAAAAAAGEMDAAAA | United States | CA       | Plumas County    |    74.0000000000000000 |   5.3400000000000000 | 0.00000000000000000000 | 0.58000000000000000000 |  -184.2600000000000000 | 1952.0000000000000000 |     3.0000000000000000
 AAAAAAAAGGACAAAA | United States | CA       | Plumas County    |    18.0000000000000000 |  54.9900000000000000 | 0.00000000000000000000 |    14.8400000000000000 |  -425.1600000000000000 | 1952.0000000000000000 |     4.0000000000000000
 AAAAAAAAGKEAAAAA | United States | CA       | Plumas County    |     3.0000000000000000 | 213.0300000000000000 | 0.00000000000000000000 |   198.1100000000000000 |   370.0800000000000000 | 1952.0000000000000000 |     3.0000000000000000
 AAAAAAAAICCEAAAA | United States | CA       | Plumas County    |    55.0000000000000000 |  55.9700000000000000 | 0.00000000000000000000 |    22.3800000000000000 |   154.5500000000000000 | 1952.0000000000000000 |     3.0000000000000000
 AAAAAAAAICPDAAAA | United States | CA       | Plumas County    |    18.0000000000000000 | 156.3400000000000000 |   129.4200000000000000 |    35.9500000000000000 |  -679.8600000000000000 | 1952.0000000000000000 |     4.0000000000000000
 AAAAAAAAIMFAAAAA | United States | CA       | Plumas County    |    25.0000000000000000 | 157.6000000000000000 | 0.00000000000000000000 |   129.2300000000000000 |   953.2500000000000000 | 1952.0000000000000000 |     3.0000000000000000
 AAAAAAAAKAFBAAAA | United States | CA       | Plumas County    |    89.0000000000000000 | 225.8300000000000000 |  4558.3600000000000000 |   182.9200000000000000 |  3416.0400000000000000 | 1952.0000000000000000 |     4.0000000000000000
 AAAAAAAALOMAAAAA | United States | CA       | Plumas County    |    20.0000000000000000 | 216.9200000000000000 | 0.00000000000000000000 |    17.3500000000000000 | -1483.6000000000000000 | 1952.0000000000000000 |     3.0000000000000000
 AAAAAAAALPBBAAAA | United States | CA       | Plumas County    |    70.0000000000000000 | 138.1500000000000000 | 0.00000000000000000000 |    15.1900000000000000 | -2900.1000000000000000 | 1952.0000000000000000 |     4.0000000000000000
 AAAAAAAAMEFEAAAA | United States | CA       | Plumas County    | 1.00000000000000000000 | 199.6000000000000000 |    77.9200000000000000 |   121.7500000000000000 |   -30.6500000000000000 | 1952.0000000000000000 |     3.0000000000000000
(100 rows)

UPDATE time_statistics SET e_time = TRANSACTION_TIMESTAMP() WHERE template = 'query18.tpl' AND stream = 6;
psql:/tmp/s1-basline/throughput/query_6.sql:1103: NOTICE:  duration: 0.084 ms  plan:
Query Text: UPDATE time_statistics SET e_time = TRANSACTION_TIMESTAMP() WHERE template = 'query18.tpl' AND stream = 6;
Update on time_statistics  (cost=0.00..15.28 rows=0 width=0) (actual time=0.084..0.084 rows=0 loops=1)
  ->  Seq Scan on time_statistics  (cost=0.00..15.28 rows=1 width=14) (actual time=0.054..0.069 rows=1 loops=1)
        Filter: ((template = 'query18.tpl'::text) AND (stream = 6))
        Rows Removed by Filter: 512
UPDATE 1
LOAD 'auto_explain'; SET auto_explain.log_min_duration TO 0; SET auto_explain.log_analyze TO on; SET auto_explain.log_level TO notice; INSERT INTO time_statistics (template, s_time, stream, query, seed) VALUES ('query74.tpl', TRANSACTION_TIMESTAMP(), 6, 24, 1530297977);
LOAD
SET
SET
SET
psql:/tmp/s1-basline/throughput/query_6.sql:1104: NOTICE:  duration: 0.009 ms  plan:
Query Text: INSERT INTO time_statistics (template, s_time, stream, query, seed) VALUES ('query74.tpl', TRANSACTION_TIMESTAMP(), 6, 24, 1530297977);
Insert on time_statistics  (cost=0.00..0.01 rows=0 width=0) (actual time=0.008..0.009 rows=0 loops=1)
  ->  Result  (cost=0.00..0.01 rows=1 width=64) (actual time=0.001..0.002 rows=1 loops=1)
INSERT 0 1
with year_total as (
 select c_customer_id customer_id
       ,c_first_name customer_first_name
       ,c_last_name customer_last_name
       ,d_year as year
       ,min(ss_net_paid) year_total
       ,'s' sale_type
 from customer
     ,store_sales
     ,date_dim
 where c_customer_sk = ss_customer_sk
   and ss_sold_date_sk = d_date_sk
   and d_year in (1999,1999+1)
 group by c_customer_id
         ,c_first_name
         ,c_last_name
         ,d_year
 union all
 select c_customer_id customer_id
       ,c_first_name customer_first_name
       ,c_last_name customer_last_name
       ,d_year as year
       ,min(ws_net_paid) year_total
       ,'w' sale_type
 from customer
     ,web_sales
     ,date_dim
 where c_customer_sk = ws_bill_customer_sk
   and ws_sold_date_sk = d_date_sk
   and d_year in (1999,1999+1)
 group by c_customer_id
         ,c_first_name
         ,c_last_name
         ,d_year
         )
  select 
        t_s_secyear.customer_id, t_s_secyear.customer_first_name, t_s_secyear.customer_last_name
 from year_total t_s_firstyear
     ,year_total t_s_secyear
     ,year_total t_w_firstyear
     ,year_total t_w_secyear
 where t_s_secyear.customer_id = t_s_firstyear.customer_id
         and t_s_firstyear.customer_id = t_w_secyear.customer_id
         and t_s_firstyear.customer_id = t_w_firstyear.customer_id
         and t_s_firstyear.sale_type = 's'
         and t_w_firstyear.sale_type = 'w'
         and t_s_secyear.sale_type = 's'
         and t_w_secyear.sale_type = 'w'
         and t_s_firstyear.year = 1999
         and t_s_secyear.year = 1999+1
         and t_w_firstyear.year = 1999
         and t_w_secyear.year = 1999+1
         and t_s_firstyear.year_total > 0
         and t_w_firstyear.year_total > 0
         and case when t_w_firstyear.year_total > 0 then t_w_secyear.year_total / t_w_firstyear.year_total else null end
           > case when t_s_firstyear.year_total > 0 then t_s_secyear.year_total / t_s_firstyear.year_total else null end
 order by 1,2,3
limit 100;
psql:/tmp/s1-basline/throughput/query_6.sql:1162: NOTICE:  duration: 663335.376 ms  plan:
Query Text: with year_total as (
 select c_customer_id customer_id
       ,c_first_name customer_first_name
       ,c_last_name customer_last_name
       ,d_year as year
       ,min(ss_net_paid) year_total
       ,'s' sale_type
 from customer
     ,store_sales
     ,date_dim
 where c_customer_sk = ss_customer_sk
   and ss_sold_date_sk = d_date_sk
   and d_year in (1999,1999+1)
 group by c_customer_id
         ,c_first_name
         ,c_last_name
         ,d_year
 union all
 select c_customer_id customer_id
       ,c_first_name customer_first_name
       ,c_last_name customer_last_name
       ,d_year as year
       ,min(ws_net_paid) year_total
       ,'w' sale_type
 from customer
     ,web_sales
     ,date_dim
 where c_customer_sk = ws_bill_customer_sk
   and ws_sold_date_sk = d_date_sk
   and d_year in (1999,1999+1)
 group by c_customer_id
         ,c_first_name
         ,c_last_name
         ,d_year
         )
  select 
        t_s_secyear.customer_id, t_s_secyear.customer_first_name, t_s_secyear.customer_last_name
 from year_total t_s_firstyear
     ,year_total t_s_secyear
     ,year_total t_w_firstyear
     ,year_total t_w_secyear
 where t_s_secyear.customer_id = t_s_firstyear.customer_id
         and t_s_firstyear.customer_id = t_w_secyear.customer_id
         and t_s_firstyear.customer_id = t_w_firstyear.customer_id
         and t_s_firstyear.sale_type = 's'
         and t_w_firstyear.sale_type = 'w'
         and t_s_secyear.sale_type = 's'
         and t_w_secyear.sale_type = 'w'
         and t_s_firstyear.year = 1999
         and t_s_secyear.year = 1999+1
         and t_w_firstyear.year = 1999
         and t_w_secyear.year = 1999+1
         and t_s_firstyear.year_total > 0
         and t_w_firstyear.year_total > 0
         and case when t_w_firstyear.year_total > 0 then t_w_secyear.year_total / t_w_firstyear.year_total else null end
           > case when t_s_firstyear.year_total > 0 then t_s_secyear.year_total / t_s_firstyear.year_total else null end
 order by 1,2,3
limit 100;
Limit  (cost=139511.58..139511.58 rows=1 width=276) (actual time=663335.115..663335.354 rows=55 loops=1)
  CTE year_total
    ->  Append  (cost=96274.54..136011.66 rows=33332 width=113) (actual time=1762.250..2776.415 rows=97988 loops=1)
          ->  Finalize GroupAggregate  (cost=96274.54..99597.71 rows=26163 width=113) (actual time=1762.249..2175.584 rows=75640 loops=1)
                Group Key: customer.c_customer_id, customer.c_first_name, customer.c_last_name, date_dim.d_year
                ->  Gather Merge  (cost=96274.54..99063.56 rows=21802 width=81) (actual time=1762.243..2141.693 rows=88587 loops=1)
                      Workers Planned: 2
                      Workers Launched: 2
                      ->  Partial GroupAggregate  (cost=95274.52..95547.04 rows=10901 width=81) (actual time=1700.766..1996.587 rows=29529 loops=3)
                            Group Key: customer.c_customer_id, customer.c_first_name, customer.c_last_name, date_dim.d_year
                            ->  Sort  (cost=95274.52..95301.77 rows=10901 width=81) (actual time=1700.739..1902.602 rows=354465 loops=3)
                                  Sort Key: customer.c_customer_id, customer.c_first_name, customer.c_last_name, date_dim.d_year
                                  Sort Method: external merge  Disk: 35920kB
                                  Worker 0:  Sort Method: external merge  Disk: 31840kB
                                  Worker 1:  Sort Method: external merge  Disk: 32080kB
                                  ->  Nested Loop  (cost=2327.47..94543.49 rows=10901 width=81) (actual time=15.403..887.508 rows=354465 loops=3)
                                        ->  Hash Join  (cost=2327.18..90988.47 rows=11420 width=20) (actual time=15.358..335.005 rows=363047 loops=3)
                                              Hash Cond: (store_sales.ss_sold_date_sk = date_dim.d_date_sk)
                                              ->  Parallel Seq Scan on store_sales  (cost=0.00..85499.45 rows=1204445 width=24) (actual time=0.015..125.727 rows=948150 loops=3)
                                              ->  Hash  (cost=2318.11..2318.11 rows=725 width=12) (actual time=15.298..15.299 rows=731 loops=3)
                                                    Buckets: 1024  Batches: 1  Memory Usage: 43kB
                                                    ->  Seq Scan on date_dim  (cost=0.00..2318.11 rows=725 width=12) (actual time=7.469..15.197 rows=731 loops=3)
                                                          Filter: (d_year = ANY ('{1999,2000}'::integer[]))
                                                          Rows Removed by Filter: 72318
                                        ->  Index Scan using pk_customer on customer  (cost=0.29..0.31 rows=1 width=77) (actual time=0.001..0.001 rows=1 loops=1089141)
                                              Index Cond: (c_customer_sk = store_sales.ss_customer_sk)
          ->  Finalize GroupAggregate  (cost=35003.38..35913.96 rows=7169 width=113) (actual time=525.512..595.056 rows=22348 loops=1)
                Group Key: customer_1.c_customer_id, customer_1.c_first_name, customer_1.c_last_name, date_dim_1.d_year
                ->  Gather Merge  (cost=35003.38..35767.60 rows=5974 width=81) (actual time=525.506..585.606 rows=24029 loops=1)
                      Workers Planned: 2
                      Workers Launched: 2
                      ->  Partial GroupAggregate  (cost=34003.35..34078.03 rows=2987 width=81) (actual time=482.744..514.675 rows=8010 loops=3)
                            Group Key: customer_1.c_customer_id, customer_1.c_first_name, customer_1.c_last_name, date_dim_1.d_year
                            ->  Sort  (cost=34003.35..34010.82 rows=2987 width=81) (actual time=482.730..489.716 rows=94960 loops=3)
                                  Sort Key: customer_1.c_customer_id, customer_1.c_first_name, customer_1.c_last_name, date_dim_1.d_year
                                  Sort Method: external merge  Disk: 10520kB
                                  Worker 0:  Sort Method: quicksort  Memory: 13187kB
                                  Worker 1:  Sort Method: quicksort  Memory: 13334kB
                                  ->  Nested Loop  (cost=2327.47..33830.93 rows=2987 width=81) (actual time=15.805..272.175 rows=94960 loops=3)
                                        ->  Hash Join  (cost=2327.18..32889.14 rows=2988 width=20) (actual time=15.754..117.826 rows=94976 loops=3)
                                              Hash Cond: (web_sales.ws_sold_date_sk = date_dim_1.d_date_sk)
                                              ->  Parallel Seq Scan on web_sales  (cost=0.00..29771.63 rows=301063 width=24) (actual time=0.018..47.546 rows=237185 loops=3)
                                              ->  Hash  (cost=2318.11..2318.11 rows=725 width=12) (actual time=15.684..15.684 rows=731 loops=3)
                                                    Buckets: 1024  Batches: 1  Memory Usage: 43kB
                                                    ->  Seq Scan on date_dim date_dim_1  (cost=0.00..2318.11 rows=725 width=12) (actual time=7.660..15.583 rows=731 loops=3)
                                                          Filter: (d_year = ANY ('{1999,2000}'::integer[]))
                                                          Rows Removed by Filter: 72318
                                        ->  Index Scan using pk_customer on customer customer_1  (cost=0.29..0.32 rows=1 width=77) (actual time=0.001..0.001 rows=1 loops=284929)
                                              Index Cond: (c_customer_sk = web_sales.ws_bill_customer_sk)
  ->  Sort  (cost=3499.92..3499.93 rows=1 width=276) (actual time=663335.114..663335.117 rows=55 loops=1)
        Sort Key: t_s_secyear.customer_id, t_s_secyear.customer_first_name, t_s_secyear.customer_last_name
        Sort Method: quicksort  Memory: 32kB
        ->  Nested Loop  (cost=0.00..3499.91 rows=1 width=276) (actual time=16049.428..663335.000 rows=55 loops=1)
              Join Filter: ((t_s_secyear.customer_id = t_w_secyear.customer_id) AND (CASE WHEN (t_w_firstyear.year_total > '0'::double precision) THEN (t_w_secyear.year_total / t_w_firstyear.year_total) ELSE NULL::double precision END > CASE WHEN (t_s_firstyear.year_total > '0'::double precision) THEN (t_s_secyear.year_total / t_s_firstyear.year_total) ELSE NULL::double precision END))
              Rows Removed by Join Filter: 13164659
              ->  Nested Loop  (cost=0.00..2666.59 rows=1 width=436) (actual time=3390.202..649114.151 rows=1179 loops=1)
                    Join Filter: (t_s_secyear.customer_id = t_w_firstyear.customer_id)
                    Rows Removed by Join Filter: 115109509
                    ->  Nested Loop  (cost=0.00..1749.94 rows=1 width=360) (actual time=2822.124..498920.146 rows=12056 loops=1)
                          Join Filter: (t_s_firstyear.customer_id = t_s_secyear.customer_id)
                          Rows Removed by Join Filter: 1212087530
                          ->  CTE Scan on year_total t_s_firstyear  (cost=0.00..916.63 rows=1 width=76) (actual time=1762.258..1777.420 rows=32017 loops=1)
                                Filter: ((year_total > '0'::double precision) AND (sale_type = 's'::text) AND (year = 1999))
                                Rows Removed by Filter: 65971
                          ->  CTE Scan on year_total t_s_secyear  (cost=0.00..833.30 rows=1 width=284) (actual time=0.000..12.841 rows=37858 loops=32017)
                                Filter: ((sale_type = 's'::text) AND (year = 2000))
                                Rows Removed by Filter: 60130
                    ->  CTE Scan on year_total t_w_firstyear  (cost=0.00..916.63 rows=1 width=76) (actual time=8.712..11.822 rows=9548 loops=12056)
                          Filter: ((year_total > '0'::double precision) AND (sale_type = 'w'::text) AND (year = 1999))
                          Rows Removed by Filter: 88440
              ->  CTE Scan on year_total t_w_secyear  (cost=0.00..833.30 rows=1 width=76) (actual time=8.249..11.318 rows=11166 loops=1179)
                    Filter: ((sale_type = 'w'::text) AND (year = 2000))
                    Rows Removed by Filter: 86822
   customer_id    | customer_first_name  |       customer_last_name       
------------------+----------------------+--------------------------------
 AAAAAAAAAEPBBAAA | Joseph               | Mackie                        
 AAAAAAAAAHMABAAA | James                | Stock                         
 AAAAAAAAAJDOAAAA | Dorothy              | Perez                         
 AAAAAAAABCCEAAAA | Sarah                | Warren                        
 AAAAAAAABCCNAAAA | James                | Anderson                      
 AAAAAAAABJLIAAAA | Kristopher           | Harden                        
 AAAAAAAABLHEBAAA | Johanna              | Longo                         
 AAAAAAAABLHOAAAA | Robert               | 
 AAAAAAAACCCHBAAA | David                | Harrison                      
 AAAAAAAACFHJAAAA | Flora                | Stinson                       
 AAAAAAAADEHEAAAA | Louise               | Beatty                        
 AAAAAAAADILIAAAA | Michael              | Irizarry                      
 AAAAAAAADINEBAAA | Arthur               | Coleman                       
 AAAAAAAAEIOHAAAA | Robert               | Rangel                        
 AAAAAAAAFCALAAAA | Karla                | Flores                        
 AAAAAAAAFDNDAAAA | Ernest               | Bryant                        
 AAAAAAAAFFBIBAAA | James                | Blackwell                     
 AAAAAAAAFHIGBAAA | Doris                | Ortiz                         
 AAAAAAAAFJMJAAAA | Gary                 | Lewis                         
 AAAAAAAAFMOLAAAA | Emily                | Gaines                        
 AAAAAAAAHGALAAAA | Jason                | Maloney                       
 AAAAAAAAHJABBAAA | Marcia               | Allen                         
 AAAAAAAAHMDBBAAA | Ronald               | Mcgowan                       
 AAAAAAAAICJIAAAA | Brandon              | Fitzgerald                    
 AAAAAAAAILOKAAAA | Lisa                 | Brown                         
 AAAAAAAAIPCFBAAA | Michael              | Davis                         
 AAAAAAAAJBFEBAAA | Lorie                | Segura                        
 AAAAAAAAJDDDAAAA | Edna                 | Cole                          
 AAAAAAAAJIKEAAAA | Micheal              | Clark                         
 AAAAAAAAKAPDAAAA | Jessica              | Pence                         
 AAAAAAAAKLFKAAAA | Aubrey               | Washburn                      
 AAAAAAAALBMKAAAA | Elaine               | Russell                       
 AAAAAAAALCIDAAAA | Justin               | Smith                         
 AAAAAAAALHJJAAAA | William              | Marshall                      
 AAAAAAAAMCCMAAAA | Maureen              | Brooks                        
 AAAAAAAAMCGLAAAA | Erika                | Rollins                       
 AAAAAAAAMEPLAAAA | Regenia              | Brown                         
 AAAAAAAAMGIBAAAA | Cesar                | Horner                        
 AAAAAAAANCCHAAAA | Jeffrey              | Hood                          
 AAAAAAAANCCHBAAA | Robyn                | Mitchell                      
 AAAAAAAANFJEAAAA | Collin               | Dubois                        
 AAAAAAAANKEKAAAA | Catherine            | Bryant                        
 AAAAAAAANLEBAAAA |                      | 
 AAAAAAAANOGLAAAA | Jan                  | Best                          
 AAAAAAAAOCBFBAAA |                      | Clark                         
 AAAAAAAAODOFAAAA | Joshua               | Kern                          
 AAAAAAAAOFCAAAAA | Dorothy              | Washington                    
 AAAAAAAAOFFIAAAA | Sandra               | Goulet                        
 AAAAAAAAOKEHBAAA | Theresa              | Dunn                          
 AAAAAAAAOPOIAAAA | Arlene               | Jobe                          
 AAAAAAAAPAHCBAAA | Chad                 | Curtis                        
 AAAAAAAAPCODAAAA | William              | Chavez                        
 AAAAAAAAPDPGBAAA | Paul                 | Maynard                       
 AAAAAAAAPOBHAAAA | David                | Finney                        
 AAAAAAAAPPCAAAAA | Gary                 | Childers                      
(55 rows)

UPDATE time_statistics SET e_time = TRANSACTION_TIMESTAMP() WHERE template = 'query74.tpl' AND stream = 6;
psql:/tmp/s1-basline/throughput/query_6.sql:1164: NOTICE:  duration: 0.094 ms  plan:
Query Text: UPDATE time_statistics SET e_time = TRANSACTION_TIMESTAMP() WHERE template = 'query74.tpl' AND stream = 6;
Update on time_statistics  (cost=0.00..15.28 rows=0 width=0) (actual time=0.093..0.094 rows=0 loops=1)
  ->  Seq Scan on time_statistics  (cost=0.00..15.28 rows=1 width=14) (actual time=0.060..0.078 rows=1 loops=1)
        Filter: ((template = 'query74.tpl'::text) AND (stream = 6))
        Rows Removed by Filter: 513
UPDATE 1
LOAD 'auto_explain'; SET auto_explain.log_min_duration TO 0; SET auto_explain.log_analyze TO on; SET auto_explain.log_level TO notice; INSERT INTO time_statistics (template, s_time, stream, query, seed) VALUES ('query6.tpl', TRANSACTION_TIMESTAMP(), 6, 25, 203027156);
LOAD
SET
SET
SET
psql:/tmp/s1-basline/throughput/query_6.sql:1165: NOTICE:  duration: 0.009 ms  plan:
Query Text: INSERT INTO time_statistics (template, s_time, stream, query, seed) VALUES ('query6.tpl', TRANSACTION_TIMESTAMP(), 6, 25, 203027156);
Insert on time_statistics  (cost=0.00..0.01 rows=0 width=0) (actual time=0.008..0.008 rows=0 loops=1)
  ->  Result  (cost=0.00..0.01 rows=1 width=64) (actual time=0.002..0.002 rows=1 loops=1)
INSERT 0 1
select  a.ca_state state, count(*) cnt
 from customer_address a
     ,customer c
     ,store_sales s
     ,date_dim d
     ,item i
 where       a.ca_address_sk = c.c_current_addr_sk
 	and c.c_customer_sk = s.ss_customer_sk
 	and s.ss_sold_date_sk = d.d_date_sk
 	and s.ss_item_sk = i.i_item_sk
 	and d.d_month_seq = 
 	     (select distinct (d_month_seq)
 	      from date_dim
               where d_year = 1999
 	        and d_moy = 2 )
 	and i.i_current_price > 1.2 * 
             (select avg(j.i_current_price) 
 	     from item j 
 	     where j.i_category = i.i_category)
 group by a.ca_state
 having count(*) >= 10
 order by cnt, a.ca_state 
 limit 100;
psql:/tmp/s1-basline/throughput/query_6.sql:1188: NOTICE:  duration: 96449.262 ms  plan:
Query Text: select  a.ca_state state, count(*) cnt
 from customer_address a
     ,customer c
     ,store_sales s
     ,date_dim d
     ,item i
 where       a.ca_address_sk = c.c_current_addr_sk
 	and c.c_customer_sk = s.ss_customer_sk
 	and s.ss_sold_date_sk = d.d_date_sk
 	and s.ss_item_sk = i.i_item_sk
 	and d.d_month_seq = 
 	     (select distinct (d_month_seq)
 	      from date_dim
               where d_year = 1999
 	        and d_moy = 2 )
 	and i.i_current_price > 1.2 * 
             (select avg(j.i_current_price) 
 	     from item j 
 	     where j.i_category = i.i_category)
 group by a.ca_state
 having count(*) >= 10
 order by cnt, a.ca_state 
 limit 100;
Limit  (cost=1653952.78..1653952.82 rows=17 width=11) (actual time=96449.234..96449.244 rows=42 loops=1)
  InitPlan 1 (returns $0)
    ->  Unique  (cost=2501.41..2501.55 rows=28 width=4) (actual time=8.813..8.819 rows=1 loops=1)
          ->  Sort  (cost=2501.41..2501.48 rows=28 width=4) (actual time=8.812..8.815 rows=28 loops=1)
                Sort Key: date_dim.d_month_seq
                Sort Method: quicksort  Memory: 25kB
                ->  Seq Scan on date_dim  (cost=0.00..2500.73 rows=28 width=4) (actual time=4.291..8.808 rows=28 loops=1)
                      Filter: ((d_year = 1999) AND (d_moy = 2))
                      Rows Removed by Filter: 73021
  ->  Sort  (cost=1651451.23..1651451.27 rows=17 width=11) (actual time=96449.233..96449.237 rows=42 loops=1)
        Sort Key: (count(*)), a.ca_state
        Sort Method: quicksort  Memory: 26kB
        ->  GroupAggregate  (cost=1651447.54..1651450.88 rows=17 width=11) (actual time=96448.884..96449.218 rows=42 loops=1)
              Group Key: a.ca_state
              Filter: (count(*) >= 10)
              Rows Removed by Filter: 8
              ->  Sort  (cost=1651447.54..1651448.44 rows=361 width=3) (actual time=96448.876..96448.968 rows=2158 loops=1)
                    Sort Key: a.ca_state
                    Sort Method: quicksort  Memory: 197kB
                    ->  Nested Loop  (cost=1.30..1651432.20 rows=361 width=3) (actual time=32.558..96447.354 rows=2158 loops=1)
                          ->  Nested Loop  (cost=1.01..1651316.14 rows=361 width=8) (actual time=32.549..96439.198 rows=2158 loops=1)
                                ->  Nested Loop  (cost=0.72..42182.87 rows=1083 width=16) (actual time=11.658..89.849 rows=23348 loops=1)
                                      ->  Nested Loop  (cost=0.43..41829.86 rows=1134 width=16) (actual time=11.650..32.358 rows=23900 loops=1)
                                            ->  Seq Scan on date_dim d  (cost=0.00..2318.11 rows=30 width=8) (actual time=11.635..15.556 rows=28 loops=1)
                                                  Filter: (d_month_seq = $0)
                                                  Rows Removed by Filter: 73021
                                            ->  Index Scan using i_ss_sold_date_sk on store_sales s  (cost=0.43..1301.91 rows=1515 width=24) (actual time=0.009..0.448 rows=854 loops=28)
                                                  Index Cond: (ss_sold_date_sk = d.d_date_sk)
                                      ->  Index Scan using pk_customer on customer c  (cost=0.29..0.31 rows=1 width=16) (actual time=0.002..0.002 rows=1 loops=23900)
                                            Index Cond: (c_customer_sk = s.ss_customer_sk)
                                ->  Index Scan using pk_item on item i  (cost=0.29..1485.81 rows=1 width=8) (actual time=4.126..4.126 rows=0 loops=23348)
                                      Index Cond: (i_item_sk = s.ss_item_sk)
                                      Filter: (i_current_price > ('1.2'::double precision * (SubPlan 2)))
                                      Rows Removed by Filter: 1
                                      SubPlan 2
                                        ->  Aggregate  (cost=1485.49..1485.50 rows=1 width=8) (actual time=4.124..4.124 rows=1 loops=23348)
                                              ->  Seq Scan on item j  (cost=0.00..1481.00 rows=1795 width=8) (actual time=0.007..4.011 rows=1793 loops=23348)
                                                    Filter: (i_category = i.i_category)
                                                    Rows Removed by Filter: 16207
                          ->  Index Scan using pk_customer_address on customer_address a  (cost=0.29..0.32 rows=1 width=11) (actual time=0.003..0.003 rows=1 loops=2158)
                                Index Cond: (ca_address_sk = c.c_current_addr_sk)
 state | cnt 
-------+-----
 NV    |  11
 AK    |  14
 NJ    |  15
 NM    |  16
 ID    |  17
 MD    |  18
 WA    |  19
 WY    |  22
 OR    |  24
 UT    |  24
 MT    |  29
 LA    |  31
 FL    |  34
 WV    |  38
 AL    |  40
 OK    |  40
 NY    |  41
 SC    |  41
 SD    |  41
       |  41
 AR    |  42
 CO    |  43
 ND    |  43
 IL    |  44
 WI    |  46
 OH    |  47
 IN    |  48
 PA    |  51
 MS    |  55
 MN    |  57
 CA    |  58
 MI    |  66
 KS    |  69
 TN    |  73
 NE    |  80
 KY    |  84
 NC    |  84
 IA    |  96
 VA    |  96
 MO    | 103
 GA    | 107
 TX    | 178
(42 rows)

UPDATE time_statistics SET e_time = TRANSACTION_TIMESTAMP() WHERE template = 'query6.tpl' AND stream = 6;
psql:/tmp/s1-basline/throughput/query_6.sql:1190: NOTICE:  duration: 0.078 ms  plan:
Query Text: UPDATE time_statistics SET e_time = TRANSACTION_TIMESTAMP() WHERE template = 'query6.tpl' AND stream = 6;
Update on time_statistics  (cost=0.00..15.28 rows=0 width=0) (actual time=0.078..0.078 rows=0 loops=1)
  ->  Seq Scan on time_statistics  (cost=0.00..15.28 rows=1 width=14) (actual time=0.049..0.063 rows=1 loops=1)
        Filter: ((template = 'query6.tpl'::text) AND (stream = 6))
        Rows Removed by Filter: 514
UPDATE 1
LOAD 'auto_explain'; SET auto_explain.log_min_duration TO 0; SET auto_explain.log_analyze TO on; SET auto_explain.log_level TO notice; INSERT INTO time_statistics (template, s_time, stream, query, seed) VALUES ('query65.tpl', TRANSACTION_TIMESTAMP(), 6, 26, 2073379456);
LOAD
SET
SET
SET
psql:/tmp/s1-basline/throughput/query_6.sql:1191: NOTICE:  duration: 0.009 ms  plan:
Query Text: INSERT INTO time_statistics (template, s_time, stream, query, seed) VALUES ('query65.tpl', TRANSACTION_TIMESTAMP(), 6, 26, 2073379456);
Insert on time_statistics  (cost=0.00..0.01 rows=0 width=0) (actual time=0.008..0.009 rows=0 loops=1)
  ->  Result  (cost=0.00..0.01 rows=1 width=64) (actual time=0.001..0.002 rows=1 loops=1)
INSERT 0 1
select 
	s_store_name,
	i_item_desc,
	sc.revenue,
	i_current_price,
	i_wholesale_cost,
	i_brand
 from store, item,
     (select ss_store_sk, avg(revenue) as ave
 	from
 	    (select  ss_store_sk, ss_item_sk, 
 		     sum(ss_sales_price) as revenue
 		from store_sales, date_dim
 		where ss_sold_date_sk = d_date_sk and d_month_seq between 1198 and 1198+11
 		group by ss_store_sk, ss_item_sk) sa
 	group by ss_store_sk) sb,
     (select  ss_store_sk, ss_item_sk, sum(ss_sales_price) as revenue
 	from store_sales, date_dim
 	where ss_sold_date_sk = d_date_sk and d_month_seq between 1198 and 1198+11
 	group by ss_store_sk, ss_item_sk) sc
 where sb.ss_store_sk = sc.ss_store_sk and 
       sc.revenue <= 0.1 * sb.ave and
       s_store_sk = sc.ss_store_sk and
       i_item_sk = sc.ss_item_sk
 order by s_store_name, i_item_desc
limit 100;
psql:/tmp/s1-basline/throughput/query_6.sql:1217: NOTICE:  duration: 1156.672 ms  plan:
Query Text: select 
	s_store_name,
	i_item_desc,
	sc.revenue,
	i_current_price,
	i_wholesale_cost,
	i_brand
 from store, item,
     (select ss_store_sk, avg(revenue) as ave
 	from
 	    (select  ss_store_sk, ss_item_sk, 
 		     sum(ss_sales_price) as revenue
 		from store_sales, date_dim
 		where ss_sold_date_sk = d_date_sk and d_month_seq between 1198 and 1198+11
 		group by ss_store_sk, ss_item_sk) sa
 	group by ss_store_sk) sb,
     (select  ss_store_sk, ss_item_sk, sum(ss_sales_price) as revenue
 	from store_sales, date_dim
 	where ss_sold_date_sk = d_date_sk and d_month_seq between 1198 and 1198+11
 	group by ss_store_sk, ss_item_sk) sc
 where sb.ss_store_sk = sc.ss_store_sk and 
       sc.revenue <= 0.1 * sb.ave and
       s_store_sk = sc.ss_store_sk and
       i_item_sk = sc.ss_item_sk
 order by s_store_name, i_item_desc
limit 100;
Limit  (cost=188694.59..188694.84 rows=100 width=182) (actual time=1002.406..1156.586 rows=100 loops=1)
  ->  Sort  (cost=188694.59..188695.25 rows=263 width=182) (actual time=1002.406..1156.579 rows=100 loops=1)
        Sort Key: store.s_store_name, item.i_item_desc
        Sort Method: top-N heapsort  Memory: 77kB
        ->  Nested Loop  (cost=185015.32..188684.54 rows=263 width=182) (actual time=796.623..1154.851 rows=3289 loops=1)
              ->  Merge Join  (cost=185015.03..188575.67 rows=263 width=21) (actual time=796.601..1148.587 rows=3289 loops=1)
                    Merge Cond: (store_sales.ss_store_sk = store_sales_1.ss_store_sk)
                    Join Filter: ((sum(store_sales.ss_sales_price)) <= ('0.1'::double precision * (avg((sum(store_sales_1.ss_sales_price))))))
                    Rows Removed by Join Filter: 72973
                    ->  Finalize GroupAggregate  (cost=92506.85..94095.79 rows=13156 width=24) (actual time=380.313..562.634 rows=76263 loops=1)
                          Group Key: store_sales.ss_store_sk, store_sales.ss_item_sk
                          ->  Gather Merge  (cost=92506.85..93882.00 rows=10964 width=24) (actual time=380.307..534.259 rows=192862 loops=1)
                                Workers Planned: 2
                                Workers Launched: 2
                                ->  Partial GroupAggregate  (cost=91506.82..91616.46 rows=5482 width=24) (actual time=354.719..406.433 rows=65331 loops=3)
                                      Group Key: store_sales.ss_store_sk, store_sales.ss_item_sk
                                      ->  Sort  (cost=91506.82..91520.53 rows=5482 width=24) (actual time=354.709..370.892 rows=179574 loops=3)
                                            Sort Key: store_sales.ss_store_sk, store_sales.ss_item_sk
                                            Sort Method: external merge  Disk: 6328kB
                                            Worker 0:  Sort Method: quicksort  Memory: 15431kB
                                            Worker 1:  Sort Method: quicksort  Memory: 15665kB
                                            ->  Hash Join  (cost=2505.08..91166.38 rows=5482 width=24) (actual time=12.662..256.568 rows=182663 loops=3)
                                                  Hash Cond: (store_sales.ss_sold_date_sk = date_dim.d_date_sk)
                                                  ->  Parallel Seq Scan on store_sales  (cost=0.00..85499.45 rows=1204445 width=32) (actual time=0.014..124.079 rows=948150 loops=3)
                                                  ->  Hash  (cost=2500.73..2500.73 rows=348 width=8) (actual time=12.600..12.601 rows=366 loops=3)
                                                        Buckets: 1024  Batches: 1  Memory Usage: 23kB
                                                        ->  Seq Scan on date_dim  (cost=0.00..2500.73 rows=348 width=8) (actual time=6.067..12.555 rows=366 loops=3)
                                                              Filter: ((d_month_seq >= 1198) AND (d_month_seq <= 1209))
                                                              Rows Removed by Filter: 72683
                    ->  Materialize  (cost=92508.18..94299.68 rows=12 width=29) (actual time=397.501..572.946 rows=75431 loops=1)
                          ->  Merge Join  (cost=92508.18..94299.65 rows=12 width=29) (actual time=397.498..570.094 rows=10 loops=1)
                                Merge Cond: (store.s_store_sk = store_sales_1.ss_store_sk)
                                ->  Sort  (cost=1.34..1.37 rows=12 width=13) (actual time=0.019..0.021 rows=12 loops=1)
                                      Sort Key: store.s_store_sk
                                      Sort Method: quicksort  Memory: 25kB
                                      ->  Seq Scan on store  (cost=0.00..1.12 rows=12 width=13) (actual time=0.009..0.010 rows=12 loops=1)
                                ->  GroupAggregate  (cost=92506.85..94295.63 rows=200 width=16) (actual time=397.476..570.063 rows=10 loops=1)
                                      Group Key: store_sales_1.ss_store_sk
                                      ->  Finalize GroupAggregate  (cost=92506.85..94095.79 rows=13156 width=24) (actual time=378.816..563.337 rows=76263 loops=1)
                                            Group Key: store_sales_1.ss_store_sk, store_sales_1.ss_item_sk
                                            ->  Gather Merge  (cost=92506.85..93882.00 rows=10964 width=24) (actual time=378.807..535.195 rows=192424 loops=1)
                                                  Workers Planned: 2
                                                  Workers Launched: 2
                                                  ->  Partial GroupAggregate  (cost=91506.82..91616.46 rows=5482 width=24) (actual time=356.743..404.878 rows=65154 loops=3)
                                                        Group Key: store_sales_1.ss_store_sk, store_sales_1.ss_item_sk
                                                        ->  Sort  (cost=91506.82..91520.53 rows=5482 width=24) (actual time=356.733..369.731 rows=179544 loops=3)
                                                              Sort Key: store_sales_1.ss_store_sk, store_sales_1.ss_item_sk
                                                              Sort Method: external merge  Disk: 6320kB
                                                              Worker 0:  Sort Method: quicksort  Memory: 15529kB
                                                              Worker 1:  Sort Method: quicksort  Memory: 15572kB
                                                              ->  Hash Join  (cost=2505.08..91166.38 rows=5482 width=24) (actual time=12.837..256.817 rows=182663 loops=3)
                                                                    Hash Cond: (store_sales_1.ss_sold_date_sk = date_dim_1.d_date_sk)
                                                                    ->  Parallel Seq Scan on store_sales store_sales_1  (cost=0.00..85499.45 rows=1204445 width=32) (actual time=0.014..124.159 rows=948150 loops=3)
                                                                    ->  Hash  (cost=2500.73..2500.73 rows=348 width=8) (actual time=12.775..12.776 rows=366 loops=3)
                                                                          Buckets: 1024  Batches: 1  Memory Usage: 23kB
                                                                          ->  Seq Scan on date_dim date_dim_1  (cost=0.00..2500.73 rows=348 width=8) (actual time=6.053..12.730 rows=366 loops=3)
                                                                                Filter: ((d_month_seq >= 1198) AND (d_month_seq <= 1209))
                                                                                Rows Removed by Filter: 72683
              ->  Index Scan using pk_item on item  (cost=0.29..0.41 rows=1 width=177) (actual time=0.001..0.001 rows=1 loops=3289)
                    Index Cond: (i_item_sk = store_sales.ss_item_sk)
 s_store_name |                                                                                              i_item_desc                                                                                               |      revenue       | i_current_price | i_wholesale_cost |                      i_brand                       
--------------+--------------------------------------------------------------------------------------------------------------------------------------------------------------------------------------------------------+--------------------+-----------------+------------------+----------------------------------------------------
 able         | Able banks shall press in a names. Normal, military negotiations used to offer twice structures. Complete, inner rewards should say now with a police. About past members                              |               7.88 |            1.67 |             5.33 | exportiamalg #2                                   
 able         | Able, british pupils cannot increase also now just times.                                                                                                                                              |              10.03 |            6.27 |             4.01 | amalgexporti #1                                   
 able         | Able changes will submit areas. Scottish                                                                                                                                                               |              24.72 |            1.11 |             0.48 | importomaxi #5                                    
 able         | Able, unknown prisoners would not make yet sales; opportunities reinforce fee                                                                                                                          |              22.21 |            9.92 |             8.63 | exportimaxi #3                                    
 able         | About remarkable women meet so early terms. Straight japanese foreigners acquire finally studies. However                                                                                              |              19.79 |            9.06 |             7.51 | univamalgamalg #4                                 
 able         | About successful charges like as certain effects. Agreements read coherent, commercial frames. Public accounts remember by a responses. High boards experiment moreover way                            | 25.270000000000003 |            2.81 |             2.21 | edu packscholar #1                                
 able         | Above concerned teachers go happy, historical exercises. Anywhere chief purposes can create however conditions. Possible points would come so. Owners should pay                                       | 28.220000000000002 |            0.64 |             0.61 | maxicorp #2                                       
 able         | Above different languages would admin                                                                                                                                                                  |              14.63 |            8.45 |             2.87 | importounivamalg #14                              
 able         | Accur                                                                                                                                                                                                  |              18.95 |            1.72 |             1.01 | amalgunivamalg #5                                 
 able         | Acute men ma                                                                                                                                                                                           |               1.48 |            1.94 |             1.39 | amalgimporto #1                                   
 able         | Additi                                                                                                                                                                                                 |              17.29 |            2.75 |             0.96 | edu packedu pack #1                               
 able         | Agricultural, certain games should complete new terms. Faces ought to pay then now blue ears. Men get still modest, good floors. High writers ought                                                    |              27.36 |            5.46 |             4.85 | maxibrand #3                                      
 able         | Alone trees could not eliminate; further white colours might seem residential movements. Words expr                                                                                                    |              19.74 |            2.66 |              1.4 | amalgunivamalg #11                                
 able         | Also hard authors must complete directly. Prices should not give typically procedures.                                                                                                                 |               3.78 |             3.6 |             2.55 | corpunivamalg #11                                 
 able         | Also quiet countries make deeply economic jobs. Metropolitan interests get below by a marks. Badly olympic steps should solve almost. Vertical fingers take just right, due advantages. In             | 12.700000000000001 |            4.37 |             3.05 | exportimaxi #10                                   
 able         | Altogether current plans shall know mainly free, succe                                                                                                                                                 |               15.6 |            1.58 |             1.07 | importonameless #7                                
 able         | Always eastern plans would claim. More big feelings hold against no changes. As classic police could use from                                                                                          |                6.3 |            7.64 |             6.79 | exportinameless #7                                
 able         | Ancient cases could not say about at the chapters. Local, right nurses might check luckily local men. Important, subject owners shall speak however within a skills; similar                           |              23.85 |             4.7 |             1.97 | exportiamalg #1                                   
 able         | Angry services might reject. Difficult, popular parts might laugh seldom for the patients. Environmen                                                                                                  |               9.07 |            6.16 |             2.58 | brandunivamalg #14                                
 able         | Architects exhibit nowadays nearby soldiers.                                                                                                                                                           | 27.310000000000002 |            7.19 |             5.82 | importonameless #9                                
 able         | Articles take coldly higher ru                                                                                                                                                                         |              12.38 |            0.82 |             0.55 | scholarcorp #5                                    
 able         | As chemical things save often red jobs. Necessary representatives accept. Skills shall watch for example; social, single members would intervene eventually as important tr                            | 14.030000000000001 |            8.44 |             6.58 | univamalgamalg #3                                 
 able         | As french bands comply wrong national ways. Ey                                                                                                                                                         | 22.549999999999997 |            2.88 |             1.26 | importomaxi #6                                    
 able         | As green services work lucky plans. Profound, independent sales would prepare shortly. High c                                                                                                          |               4.99 |            1.42 |             0.85 | amalgunivamalg #8                                 
 able         | Associated years shall not qualify so errors. Old, real sides would rely always proposals. Special, other activities impress. Savings must bat usefu                                                   |              14.87 |            0.65 |             0.53 | exporticorp #3                                    
 able         | Associations can question beds. Far odd seats must give in order economic weapons. Strong, very costs will develop average g                                                                           |                  0 |            0.16 |              0.1 | edu packexporti #1                                
 able         | At all ready references start even new purposes. Years waste so other results; chairs might contribute soon never industrial things. Soci                                                              |              20.07 |            9.39 |             3.09 | amalgamalg #1                                     
 able         | At least extra relations move then historic, powerful restrictions. Fingers should not hear even; long just arrangements might maintain alike teenage leaders. Limi                                    |              13.45 |            2.16 |             0.46 | importounivamalg #12                              
 able         | At least int                                                                                                                                                                                           |              27.19 |            7.13 |             5.27 | amalgnameless #1                                  
 able         | Automatically individual councils will keep still legal changes. High transactions should sell more. Rates should not object jobs. Guidelines might                                                    |               24.2 |            3.83 |             2.25 | maxinameless #1                                   
 able         | Aware, strange matters could make far local cases. Heavy methods facilitate broad, gay years. Live, tru                                                                                                |              16.22 |            7.84 |             5.17 | exporticorp #3                                    
 able         | Bad sites discuss small, major colours. Ancient minutes learn so skilled heads. Rapid supporters ascertain accurately once inc plates. In                                                              |              11.16 |            4.38 |             1.92 | namelessmaxi #5                                   
 able         | Basi                                                                                                                                                                                                   |              21.18 |            2.92 |             1.48 | exportiamalgamalg #4                              
 able         | Below free b                                                                                                                                                                                           |              21.34 |           43.91 |            18.88 | importoimporto #1                                 
 able         | Big, gross lines can carry national contents. Thin animals would respond with the participants. Real, main others may pick at present policies. Then high arms take now to a societies. Clothes c      |               15.8 |            3.19 |             1.49 | univbrand #3                                      
 able         | Black, disastrous facts invent; books should depict almost huge branches; private, local parties c                                                                                                     |              20.62 |            2.86 |             1.25 | amalgmaxi #9                                      
 able         | Black, false tools go; tall                                                                                                                                                                            |               1.87 |             4.1 |             1.68 | scholarbrand #5                                   
 able         | Blocks should resume days. Phases could not appear subsequently also full systems. Cor                                                                                                                 |               2.19 |            0.92 |             0.35 | exportiedu pack #1                                
 able         | Bold trousers refer through a feet                                                                                                                                                                     |              11.36 |            0.52 |              0.2 | brandmaxi #5                                      
 able         | British, cert                                                                                                                                                                                          |              18.84 |            6.65 |             5.32 | amalgscholar #1                                   
 able         | Businesses shall not keep very on a stages. Already bad projects could dwell here in part agr                                                                                                          | 14.690000000000001 |            9.55 |             5.04 | edu packbrand #4                                  
 able         | Businessmen ought to try more concerned, quiet arrangements; conditions reflect now positive f                                                                                                         |              16.56 |            4.64 |             2.13 | edu packedu pack #1                               
 able         | Cards imagine just large modes. Weeks can go still great bonds. Satisfactory, british levels match completely issues. High,                                                                            |              21.74 |            5.67 |             3.51 | amalgamalgamalg #17                               
 able         | Cars break just but for a functions. Please new feelings know long, available powers. Continental, long-term birds know above busy, modern                                                             |              15.82 |            2.29 |             1.28 | importomaxi #9                                    
 able         | Cases used to expect yesterday much free animals. Indian eyes drop home gay, bitter                                                                                                                    |               13.2 |            2.59 |             1.19 | edu packbrand #3                                  
 able         | Central, social candidates affect soon total objects. Useful, european buildings shall eat matters. Common eyes change roughly. Other musicians might prove of course free areas. Historic             |              12.39 |            8.67 |             6.15 | edu packexporti #1                                
 able         | Certainly economic reserves go deeply about a days. Gift                                                                                                                                               |               5.63 |            1.86 |             1.39 | importobrand #7                                   
 able         | Certainly national photographs provide random, effective islands. Intermediate, royal factors go. Personally old residents get busy, original careers. However                                         |              16.36 |            4.41 |              2.6 | importoexporti #1                                 
 able         | Changes look fortunately matters. Colours accept again original vehicles. Unfortu                                                                                                                      |               13.8 |            1.44 |             0.77 | edu packmaxi #12                                  
 able         | Changes raise only centres; effects mind really police. Horizontal, significant profits lie so fields; different years might not abandon then l                                                        |              11.71 |            5.04 |             2.11 | exportinameless #8                                
 able         | Changing, only birds may investigate well bodies. Grounds hear at least federal words. Insufficient businesses discuss cells. Much efficient offices understand with a cheeks. Cons                    |              26.67 |            5.45 |             4.03 | importoexporti #1                                 
 able         | Chief arms might see much well personal trees. Certain colleagues land. Careful, confident reports must wait then c                                                                                    | 22.509999999999998 |            1.06 |             0.77 | edu packedu pack #1                               
 able         | Chief birds used to wish children. High, cultural liabilities might refuse abruptly months. Conscious, strange relations warrant almost formal scientists. Too old concepts might release possible co  |               5.26 |            5.03 |             2.61 | edu packmaxi #11                                  
 able         | Children could not sound for a police; soviet years shall recognize                                                                                                                                    |               5.74 |            2.35 |             1.88 | edu packexporti #1                                
 able         | Cities need. Securities will not take especially distinct men. Very great states can drive further books. American participants may drink no doubt to a sets. Notes follo                              |              21.59 |            0.71 |             0.24 | amalgscholar #1                                   
 able         | Civil, mature pounds used to mean moreover                                                                                                                                                             |              17.14 |            3.29 |             2.46 | exportiexporti #1                                 
 able         | Civil, previous stations can worry quite just little churches. Soon new days name surely common boys. Splendid, dry parents should attract just high, military feet. Damages cannot hear certa         |              25.47 |            8.36 |             6.27 | importoimporto #2                                 
 able         | Civil, reliable children should think with a types. Others could lose common, keen lines. Upstream delighted police used to ascertain evident, independent decisions.                                  |              13.02 |            7.34 |             3.52 | importonameless #10                               
 able         | Clear, liberal values ought to constitute too hard proposals. Regardless small roots will notice sufficiently pleased, new businessmen. Services ensur                                                 |                5.1 |            7.05 |             3.03 | amalgamalgamalg #7                                
 able         | Clinical attitudes agree too human events. At least wide workers might not give days. So major policies shall fall in the characters; local, united years help thereby planned times. Much ordinar     |              10.37 |            5.59 |             1.73 | importoamalg #1                                   
 able         | Closed accidents should start today activities. Central, useful lines shall not sweat never in the solicitors; below ancient shoulders could not give too popular forces. More nice items shall rememb |              21.61 |            4.81 |             3.65 | namelessbrand #1                                  
 able         | Close, external figures develop about other shoes. Groups summarize; then sepa                                                                                                                         |                0.7 |           43.36 |            27.75 | univunivamalg #6                                  
 able         | Clothes would not frustrate much practical, environmental examples. So happy words shall get ne                                                                                                        |               6.06 |            5.63 |             1.33 | amalgimporto #2                                   
 able         | Cold, personal tensions ring only by the ingredients. Patients pay moreover. About managerial parties form; men used to safeguard pr                                                                   |              13.76 |           16.55 |             4.96 | amalgmaxi #9                                      
 able         | Commercial, clear police could wait sole, labour mines. Other, initial rates may know to a gir                                                                                                         |              20.33 |            4.19 |             1.67 | exportiedu pack #1                                
 able         | Commercial, wooden                                                                                                                                                                                     |              12.66 |            9.27 |             7.97 | amalgedu pack #1                                  
 able         | Common, big grounds should appear eventually english owners. Hours offer l                                                                                                                             |               8.18 |             6.6 |             5.17 | importoamalg #2                                   
 able         | Common, big grounds should appear eventually english owners. Hours offer l                                                                                                                             |               4.28 |            6.09 |             5.17 | amalgamalg #1                                     
 able         | Companies open even strong links. Mostly assistant services would mean on the minutes. Nurses might not understand as random, smal                                                                     |              11.47 |            9.47 |             6.43 | importoamalgamalg #14                             
 able         | Comprehensive p                                                                                                                                                                                        |               7.83 |            3.96 |             1.54 | amalgimporto #1                                   
 able         | Concerned beds ought to consider otherwise here white holidays. Users used to construct reportedly mass, silent advances. Premier, local objects may not know public project                           |               7.71 |            3.37 |             2.39 | edu packamalg #1                                  
 able         | Conservatives used to develop so linear jobs. Social sa                                                                                                                                                |              15.98 |            6.82 |             4.56 | edu packedu pack #1                               
 able         | Constantly statutory                                                                                                                                                                                   |              17.54 |            3.76 |             1.93 | univmaxi #2                                       
 able         | Continually various races must remember however personal professional techniques. Recent, able objectives used to take significantly royal, financial questions; now p                                 | 27.340000000000003 |            3.62 |             2.24 | exportiamalg #2                                   
 able         | Countries shall encourage french, considerable foundations. Owners may not learn more suddenly enormous dogs;                                                                                          | 27.540000000000003 |            2.79 |             1.84 | amalgamalgamalg #1                                
 able         | Crews                                                                                                                                                                                                  |              25.83 |            4.63 |             3.56 | univamalgamalg #15                                
 able         | Current, real measures know benefits. Essentially economi                                                                                                                                              |              19.58 |            3.22 |             2.12 | maxiunivamalg #4                                  
 able         | Days like. Months ask pure senses. Normal, old patients take records. Doors grow. Scientificall                                                                                                        |               2.29 |           58.06 |            24.38 | corpbrand #5                                      
 able         | Desperate standards shall not see most at an germans. Working, widespread days could head real sites. Arrangements might move                                                                          |              21.53 |            2.73 |             1.85 | importounivamalg #5                               
 able         | Detailed, willing projects may set meanwhile. Variables mind more rapidly horrible facilities. Fashionab                                                                                               |               8.27 |            7.34 |             5.35 | importoimporto #1                                 
 able         | Difficult parts understand just usual, essential drawings. Good, social details must assess on a ministers. Designs might turn suddenly eventually labour players. Certain hours may rev               |               13.2 |            2.98 |              1.6 | amalgnameless #1                                  
 able         | Difficult, practical sets may initiate national newspapers. Official, perfect attitudes should                                                                                                         | 25.369999999999997 |            9.03 |             2.73 | importoscholar #2                                 
 able         | Diplomatic movies exceed. Unknown magistrates cannot ens                                                                                                                                               |               9.21 |            1.93 |             1.56 | exportiunivamalg #10                              
 able         | Diplomatic ports s                                                                                                                                                                                     |              26.58 |           10.73 |             7.08 | maxibrand #1                                      
 able         | Distant, social blacks may realize always children. Firm, federal materials cause more most total prisoners; international areas could not make correctly lim                                          |               19.3 |            5.26 |             1.99 | importoamalg #1                                   
 able         | Distinct companies provide educational trousers; at least independent cultures can scratch aside for the results. In particular additional teeth shall scream firmly financial reforms. Long           | 11.489999999999998 |            8.76 |             6.57 | corpbrand #1                                      
 able         | Economic beds shall eradicate good children. Tired opinions worry with a arms. Now dark experiments reach right imports. Fresh, new decisi                                                             |              15.27 |            1.78 |             1.44 | maxinameless #9                                   
 able         | Economic, sure refugees go ever seconds. Anything but permanent programmes influence little senior, important objects. Quickly big traditions shall find then however leg                              |               1.47 |            1.67 |             1.43 | importoscholar #1                                 
 able         | Economic words get sometimes after a relationships; smooth executives will carry never by and large complex authorities. Full, poor dollars inte                                                       |              12.99 |            1.51 |             0.75 | brandunivamalg #14                                
 able         | Empty criteria conc                                                                                                                                                                                    |              24.78 |            2.28 |             0.91 | corpunivamalg #5                                  
 able         | Empty windows feel in the boys. Hard, industrial eyes think. Sometimes steep days shou                                                                                                                 |               5.06 |            0.93 |             0.69 | edu packimporto #1                                
 able         | Ends should not describe never. Companies can remove really. Big hours mean women. Only significant products move at the services. Controversial, necessary plants cannot like blue, a                 |                 13 |            7.42 |             2.37 | importoamalg #1                                   
 able         | Enough respective increases enga                                                                                                                                                                       |  8.280000000000001 |            7.13 |             4.13 | brandcorp #7                                      
 able         | Enough social requirements will afford local women. Main, new politicians should not enable yesterday able partners. Closely numero                                                                    |              19.09 |            2.81 |              2.5 | edu packamalg #1                                  
 able         | Entirely human documents could offer now main social issues. Comfortable contexts will gain far still ma                                                                                               |              28.38 |            6.81 |             6.12 | corpcorp #5                                       
 able         | Even new rats emphasise statutory, social hours. Ever principal merchants should not make investments. Proposals could describe special, following agencies. At random long                            |               0.62 |            4.26 |             3.66 | exportiamalg #1                                   
 able         | Ever content speakers see better national friends. Contents can secure new, english ways. Complex others shall offer; directly victorian friends will mean pla                                         |              24.41 |           42.97 |            19.86 | brandbrand #10                                    
 able         | Everyday, main effects may comment. Old, available ideas could drink hardly. Relevant resources roam very unique effects. Charming, proposed others help very white pupils. Partners shall look yea    |                6.2 |            1.51 |             0.81 | corpunivamalg #5                                  
 able         | Everyday, southe                                                                                                                                                                                       |               1.61 |            7.56 |             4.46 | edu packedu pack #1                               
 able         | Examples wait both jobs. Detailed dates fall sometimes for a arts. Millions                                                                                                                            |               5.51 |            2.39 |             1.76 | exportiexporti #1                                 
(100 rows)

UPDATE time_statistics SET e_time = TRANSACTION_TIMESTAMP() WHERE template = 'query65.tpl' AND stream = 6;
psql:/tmp/s1-basline/throughput/query_6.sql:1219: NOTICE:  duration: 0.086 ms  plan:
Query Text: UPDATE time_statistics SET e_time = TRANSACTION_TIMESTAMP() WHERE template = 'query65.tpl' AND stream = 6;
Update on time_statistics  (cost=0.00..15.28 rows=0 width=0) (actual time=0.085..0.085 rows=0 loops=1)
  ->  Seq Scan on time_statistics  (cost=0.00..15.28 rows=1 width=14) (actual time=0.056..0.072 rows=1 loops=1)
        Filter: ((template = 'query65.tpl'::text) AND (stream = 6))
        Rows Removed by Filter: 515
UPDATE 1
LOAD 'auto_explain'; SET auto_explain.log_min_duration TO 0; SET auto_explain.log_analyze TO on; SET auto_explain.log_level TO notice; INSERT INTO time_statistics (template, s_time, stream, query, seed) VALUES ('query84.tpl', TRANSACTION_TIMESTAMP(), 6, 27, 1339431235);
LOAD
SET
SET
SET
psql:/tmp/s1-basline/throughput/query_6.sql:1220: NOTICE:  duration: 0.008 ms  plan:
Query Text: INSERT INTO time_statistics (template, s_time, stream, query, seed) VALUES ('query84.tpl', TRANSACTION_TIMESTAMP(), 6, 27, 1339431235);
Insert on time_statistics  (cost=0.00..0.01 rows=0 width=0) (actual time=0.008..0.008 rows=0 loops=1)
  ->  Result  (cost=0.00..0.01 rows=1 width=64) (actual time=0.001..0.002 rows=1 loops=1)
INSERT 0 1
select  c_customer_id as customer_id
       , coalesce(c_last_name,'') || ', ' || coalesce(c_first_name,'') as customername
 from customer
     ,customer_address
     ,customer_demographics
     ,household_demographics
     ,income_band
     ,store_returns
 where ca_city	        =  'Riverview'
   and c_current_addr_sk = ca_address_sk
   and ib_lower_bound   >=  46104
   and ib_upper_bound   <=  46104 + 50000
   and ib_income_band_sk = hd_income_band_sk
   and cd_demo_sk = c_current_cdemo_sk
   and hd_demo_sk = c_current_hdemo_sk
   and sr_cdemo_sk = cd_demo_sk
 order by c_customer_id
 limit 100;
psql:/tmp/s1-basline/throughput/query_6.sql:1238: NOTICE:  duration: 83.061 ms  plan:
Query Text: select  c_customer_id as customer_id
       , coalesce(c_last_name,'') || ', ' || coalesce(c_first_name,'') as customername
 from customer
     ,customer_address
     ,customer_demographics
     ,household_demographics
     ,income_band
     ,store_returns
 where ca_city	        =  'Riverview'
   and c_current_addr_sk = ca_address_sk
   and ib_lower_bound   >=  46104
   and ib_upper_bound   <=  46104 + 50000
   and ib_income_band_sk = hd_income_band_sk
   and cd_demo_sk = c_current_cdemo_sk
   and hd_demo_sk = c_current_hdemo_sk
   and sr_cdemo_sk = cd_demo_sk
 order by c_customer_id
 limit 100;
Limit  (cost=17206.43..17206.53 rows=38 width=49) (actual time=83.042..83.050 rows=22 loops=1)
  ->  Sort  (cost=17206.43..17206.53 rows=38 width=49) (actual time=83.041..83.047 rows=22 loops=1)
        Sort Key: customer.c_customer_id
        Sort Method: quicksort  Memory: 26kB
        ->  Nested Loop  (cost=6212.31..17205.44 rows=38 width=49) (actual time=28.683..83.010 rows=22 loops=1)
              Join Filter: (household_demographics.hd_income_band_sk = income_band.ib_income_band_sk)
              Rows Removed by Join Filter: 385
              ->  Nested Loop  (cost=6212.31..17192.69 rows=109 width=77) (actual time=28.148..82.916 rows=111 loops=1)
                    ->  Nested Loop  (cost=6212.02..17158.69 rows=113 width=77) (actual time=28.140..82.637 rows=113 loops=1)
                          Join Filter: (customer.c_current_cdemo_sk = customer_demographics.cd_demo_sk)
                          ->  Hash Join  (cost=6211.60..16739.20 rows=882 width=93) (actual time=28.118..82.204 rows=113 loops=1)
                                Hash Cond: (store_returns.sr_cdemo_sk = customer.c_current_cdemo_sk)
                                ->  Seq Scan on store_returns  (cost=0.00..9436.93 rows=288493 width=8) (actual time=0.005..24.456 rows=285020 loops=1)
                                ->  Hash  (cost=6201.55..6201.55 rows=804 width=85) (actual time=27.492..27.495 rows=798 loops=1)
                                      Buckets: 1024  Batches: 1  Memory Usage: 101kB
                                      ->  Hash Join  (cost=1778.03..6201.55 rows=804 width=85) (actual time=6.642..27.321 rows=827 loops=1)
                                            Hash Cond: (customer.c_current_addr_sk = customer_address.ca_address_sk)
                                            ->  Seq Scan on customer  (cost=0.00..4161.00 rows=100000 width=93) (actual time=0.002..7.704 rows=100000 loops=1)
                                            ->  Hash  (cost=1773.00..1773.00 rows=402 width=8) (actual time=6.630..6.631 rows=405 loops=1)
                                                  Buckets: 1024  Batches: 1  Memory Usage: 24kB
                                                  ->  Seq Scan on customer_address  (cost=0.00..1773.00 rows=402 width=8) (actual time=0.043..6.579 rows=405 loops=1)
                                                        Filter: ((ca_city)::text = 'Riverview'::text)
                                                        Rows Removed by Filter: 49595
                          ->  Index Only Scan using pk_customer_demographics on customer_demographics  (cost=0.43..0.46 rows=1 width=8) (actual time=0.003..0.003 rows=1 loops=113)
                                Index Cond: (cd_demo_sk = store_returns.sr_cdemo_sk)
                                Heap Fetches: 0
                    ->  Index Scan using pk_household_demographics on household_demographics  (cost=0.28..0.30 rows=1 width=16) (actual time=0.002..0.002 rows=1 loops=113)
                          Index Cond: (hd_demo_sk = customer.c_current_hdemo_sk)
              ->  Materialize  (cost=0.00..1.33 rows=7 width=8) (actual time=0.000..0.000 rows=4 loops=111)
                    ->  Seq Scan on income_band  (cost=0.00..1.30 rows=7 width=8) (actual time=0.007..0.008 rows=4 loops=1)
                          Filter: ((ib_lower_bound >= 46104) AND (ib_upper_bound <= 96104))
                          Rows Removed by Filter: 16
   customer_id    |    customername    
------------------+--------------------
 AAAAAAAAAHDHAAAA | Dean, Kerrie
 AAAAAAAABJPPAAAA | Friedman, Clemmie
 AAAAAAAABLMBAAAA | Sims, Michael
 AAAAAAAABNCNAAAA | Castillo, Thomas
 AAAAAAAACAICAAAA | Maddox, John
 AAAAAAAACNOLAAAA | Moran, Duncan
 AAAAAAAAGNHGAAAA | Shaw, Robert
 AAAAAAAAHHCJAAAA | Dunham, Raul
 AAAAAAAAHKGJAAAA | Crowell, Francis
 AAAAAAAAHOOEAAAA | Cantrell, Levi
 AAAAAAAAHPCABAAA | Gomez, Martin
 AAAAAAAAIEIHAAAA | Miles, James
 AAAAAAAAILFGAAAA | Davis, Geneva
 AAAAAAAAIPIBAAAA | Jones, William
 AAAAAAAAJHJNAAAA | Carroll, 
 AAAAAAAAJPCHBAAA | Fitzpatrick, Marco
 AAAAAAAALENBBAAA | Wampler, Ruby
 AAAAAAAALHLBBAAA | Patterson, John
 AAAAAAAALNEJAAAA | Smith, Kenneth
 AAAAAAAANOKEAAAA | Mitchell, Leon
 AAAAAAAAOIAFBAAA | Miller, Jose
 AAAAAAAAOJGGBAAA | Lapointe, Neta
(22 rows)

UPDATE time_statistics SET e_time = TRANSACTION_TIMESTAMP() WHERE template = 'query84.tpl' AND stream = 6;
psql:/tmp/s1-basline/throughput/query_6.sql:1240: NOTICE:  duration: 0.084 ms  plan:
Query Text: UPDATE time_statistics SET e_time = TRANSACTION_TIMESTAMP() WHERE template = 'query84.tpl' AND stream = 6;
Update on time_statistics  (cost=0.00..15.28 rows=0 width=0) (actual time=0.083..0.084 rows=0 loops=1)
  ->  Seq Scan on time_statistics  (cost=0.00..15.28 rows=1 width=14) (actual time=0.054..0.069 rows=1 loops=1)
        Filter: ((template = 'query84.tpl'::text) AND (stream = 6))
        Rows Removed by Filter: 516
UPDATE 1
LOAD 'auto_explain'; SET auto_explain.log_min_duration TO 0; SET auto_explain.log_analyze TO on; SET auto_explain.log_level TO notice; INSERT INTO time_statistics (template, s_time, stream, query, seed) VALUES ('../query_postgresql/query14.tpl', TRANSACTION_TIMESTAMP(), 6, 28, 46749681);
LOAD
SET
SET
SET
psql:/tmp/s1-basline/throughput/query_6.sql:1241: NOTICE:  duration: 0.009 ms  plan:
Query Text: INSERT INTO time_statistics (template, s_time, stream, query, seed) VALUES ('../query_postgresql/query14.tpl', TRANSACTION_TIMESTAMP(), 6, 28, 46749681);
Insert on time_statistics  (cost=0.00..0.01 rows=0 width=0) (actual time=0.008..0.008 rows=0 loops=1)
  ->  Result  (cost=0.00..0.01 rows=1 width=64) (actual time=0.001..0.001 rows=1 loops=1)
INSERT 0 1
with  cross_items as
 (select i_item_sk ss_item_sk
 from item,
 (select iss.i_brand_id brand_id
     ,iss.i_class_id class_id
     ,iss.i_category_id category_id
 from store_sales
     ,item iss
     ,date_dim d1
 where ss_item_sk = iss.i_item_sk
   and ss_sold_date_sk = d1.d_date_sk
   and d1.d_year between 1998 AND 1998 + 2
 intersect 
 select ics.i_brand_id
     ,ics.i_class_id
     ,ics.i_category_id
 from catalog_sales
     ,item ics
     ,date_dim d2
 where cs_item_sk = ics.i_item_sk
   and cs_sold_date_sk = d2.d_date_sk
   and d2.d_year between 1998 AND 1998 + 2
 intersect
 select iws.i_brand_id
     ,iws.i_class_id
     ,iws.i_category_id
 from web_sales
     ,item iws
     ,date_dim d3
 where ws_item_sk = iws.i_item_sk
   and ws_sold_date_sk = d3.d_date_sk
   and d3.d_year between 1998 AND 1998 + 2) x
 where i_brand_id = brand_id
      and i_class_id = class_id
      and i_category_id = category_id
),
 avg_sales as
 (select avg(quantity*list_price) average_sales
  from (select ss_quantity quantity
             ,ss_list_price list_price
       from store_sales
           ,date_dim
       where ss_sold_date_sk = d_date_sk
         and d_year between 1998 and 1998 + 2
       union all 
       select cs_quantity quantity 
             ,cs_list_price list_price
       from catalog_sales
           ,date_dim
       where cs_sold_date_sk = d_date_sk
         and d_year between 1998 and 1998 + 2 
       union all
       select ws_quantity quantity
             ,ws_list_price list_price
       from web_sales
           ,date_dim
       where ws_sold_date_sk = d_date_sk
         and d_year between 1998 and 1998 + 2) x)
  select  channel, i_brand_id,i_class_id,i_category_id,sum(sales), sum(number_sales)
 from(
       select 'store' channel, i_brand_id,i_class_id
             ,i_category_id,sum(ss_quantity*ss_list_price) sales
             , count(*) number_sales
       from store_sales
           ,item
           ,date_dim
       where ss_item_sk in (select ss_item_sk from cross_items)
         and ss_item_sk = i_item_sk
         and ss_sold_date_sk = d_date_sk
         and d_year = 1998+2 
         and d_moy = 11
       group by i_brand_id,i_class_id,i_category_id
       having sum(ss_quantity*ss_list_price) > (select average_sales from avg_sales)
       union all
       select 'catalog' channel, i_brand_id,i_class_id,i_category_id, sum(cs_quantity*cs_list_price) sales, count(*) number_sales
       from catalog_sales
           ,item
           ,date_dim
       where cs_item_sk in (select ss_item_sk from cross_items)
         and cs_item_sk = i_item_sk
         and cs_sold_date_sk = d_date_sk
         and d_year = 1998+2 
         and d_moy = 11
       group by i_brand_id,i_class_id,i_category_id
       having sum(cs_quantity*cs_list_price) > (select average_sales from avg_sales)
       union all
       select 'web' channel, i_brand_id,i_class_id,i_category_id, sum(ws_quantity*ws_list_price) sales , count(*) number_sales
       from web_sales
           ,item
           ,date_dim
       where ws_item_sk in (select ss_item_sk from cross_items)
         and ws_item_sk = i_item_sk
         and ws_sold_date_sk = d_date_sk
         and d_year = 1998+2
         and d_moy = 11
       group by i_brand_id,i_class_id,i_category_id
       having sum(ws_quantity*ws_list_price) > (select average_sales from avg_sales)
 ) x
 group by rollup (channel, i_brand_id,i_class_id,i_category_id)
 order by channel,i_brand_id,i_class_id,i_category_id
 limit 100;
psql:/tmp/s1-basline/throughput/query_6.sql:1342: NOTICE:  duration: 12908.200 ms  plan:
Query Text: with  cross_items as
 (select i_item_sk ss_item_sk
 from item,
 (select iss.i_brand_id brand_id
     ,iss.i_class_id class_id
     ,iss.i_category_id category_id
 from store_sales
     ,item iss
     ,date_dim d1
 where ss_item_sk = iss.i_item_sk
   and ss_sold_date_sk = d1.d_date_sk
   and d1.d_year between 1998 AND 1998 + 2
 intersect 
 select ics.i_brand_id
     ,ics.i_class_id
     ,ics.i_category_id
 from catalog_sales
     ,item ics
     ,date_dim d2
 where cs_item_sk = ics.i_item_sk
   and cs_sold_date_sk = d2.d_date_sk
   and d2.d_year between 1998 AND 1998 + 2
 intersect
 select iws.i_brand_id
     ,iws.i_class_id
     ,iws.i_category_id
 from web_sales
     ,item iws
     ,date_dim d3
 where ws_item_sk = iws.i_item_sk
   and ws_sold_date_sk = d3.d_date_sk
   and d3.d_year between 1998 AND 1998 + 2) x
 where i_brand_id = brand_id
      and i_class_id = class_id
      and i_category_id = category_id
),
 avg_sales as
 (select avg(quantity*list_price) average_sales
  from (select ss_quantity quantity
             ,ss_list_price list_price
       from store_sales
           ,date_dim
       where ss_sold_date_sk = d_date_sk
         and d_year between 1998 and 1998 + 2
       union all 
       select cs_quantity quantity 
             ,cs_list_price list_price
       from catalog_sales
           ,date_dim
       where cs_sold_date_sk = d_date_sk
         and d_year between 1998 and 1998 + 2 
       union all
       select ws_quantity quantity
             ,ws_list_price list_price
       from web_sales
           ,date_dim
       where ws_sold_date_sk = d_date_sk
         and d_year between 1998 and 1998 + 2) x)
  select  channel, i_brand_id,i_class_id,i_category_id,sum(sales), sum(number_sales)
 from(
       select 'store' channel, i_brand_id,i_class_id
             ,i_category_id,sum(ss_quantity*ss_list_price) sales
             , count(*) number_sales
       from store_sales
           ,item
           ,date_dim
       where ss_item_sk in (select ss_item_sk from cross_items)
         and ss_item_sk = i_item_sk
         and ss_sold_date_sk = d_date_sk
         and d_year = 1998+2 
         and d_moy = 11
       group by i_brand_id,i_class_id,i_category_id
       having sum(ss_quantity*ss_list_price) > (select average_sales from avg_sales)
       union all
       select 'catalog' channel, i_brand_id,i_class_id,i_category_id, sum(cs_quantity*cs_list_price) sales, count(*) number_sales
       from catalog_sales
           ,item
           ,date_dim
       where cs_item_sk in (select ss_item_sk from cross_items)
         and cs_item_sk = i_item_sk
         and cs_sold_date_sk = d_date_sk
         and d_year = 1998+2 
         and d_moy = 11
       group by i_brand_id,i_class_id,i_category_id
       having sum(cs_quantity*cs_list_price) > (select average_sales from avg_sales)
       union all
       select 'web' channel, i_brand_id,i_class_id,i_category_id, sum(ws_quantity*ws_list_price) sales , count(*) number_sales
       from web_sales
           ,item
           ,date_dim
       where ws_item_sk in (select ss_item_sk from cross_items)
         and ws_item_sk = i_item_sk
         and ws_sold_date_sk = d_date_sk
         and d_year = 1998+2
         and d_moy = 11
       group by i_brand_id,i_class_id,i_category_id
       having sum(ws_quantity*ws_list_price) > (select average_sales from avg_sales)
 ) x
 group by rollup (channel, i_brand_id,i_class_id,i_category_id)
 order by channel,i_brand_id,i_class_id,i_category_id
 limit 100;
Limit  (cost=374702.70..374702.92 rows=13 width=84) (actual time=12907.740..12908.146 rows=100 loops=1)
  CTE cross_items
    ->  Hash Join  (cost=192433.57..194011.32 rows=1 width=8) (actual time=1826.919..1835.696 rows=15211 loops=1)
          Hash Cond: ((item_3.i_brand_id = x_1.brand_id) AND (item_3.i_class_id = x_1.class_id) AND (item_3.i_category_id = x_1.category_id))
          ->  Seq Scan on item item_3  (cost=0.00..1436.00 rows=18000 width=20) (actual time=0.003..1.615 rows=18000 loops=1)
          ->  Hash  (cost=192402.07..192402.07 rows=1800 width=12) (actual time=1826.901..1827.139 rows=2895 loops=1)
                Buckets: 4096 (originally 2048)  Batches: 1 (originally 1)  Memory Usage: 157kB
                ->  Subquery Scan on x_1  (cost=5175.25..192402.07 rows=1800 width=12) (actual time=1825.926..1826.590 rows=2939 loops=1)
                      ->  HashSetOp Intersect  (cost=5175.25..192384.07 rows=1800 width=16) (actual time=1825.925..1826.322 rows=2939 loops=1)
                            ->  Append  (cost=5175.25..192290.39 rows=12491 width=16) (actual time=1352.379..1761.804 rows=431357 loops=1)
                                  ->  Result  (cost=5175.25..155608.09 rows=1800 width=16) (actual time=1352.379..1353.142 rows=3737 loops=1)
                                        ->  HashSetOp Intersect  (cost=5175.25..155590.09 rows=1800 width=16) (actual time=1352.378..1352.802 rows=3737 loops=1)
                                              ->  Append  (cost=5175.25..155124.18 rows=62122 width=16) (actual time=19.293..1009.060 rows=2471850 loops=1)
                                                    ->  Subquery Scan on "*SELECT* 1"  (cost=5175.25..98376.73 rows=40868 width=16) (actual time=19.293..365.234 rows=1625099 loops=1)
                                                          ->  Gather  (cost=5175.25..97968.05 rows=40868 width=12) (actual time=19.292..217.926 rows=1625099 loops=1)
                                                                Workers Planned: 2
                                                                Workers Launched: 2
                                                                ->  Hash Join  (cost=4175.25..92881.25 rows=17028 width=12) (actual time=29.425..428.922 rows=541700 loops=3)
                                                                      Hash Cond: (store_sales_1.ss_item_sk = iss.i_item_sk)
                                                                      ->  Hash Join  (cost=2514.25..91175.54 rows=17028 width=8) (actual time=12.756..299.494 rows=541700 loops=3)
                                                                            Hash Cond: (store_sales_1.ss_sold_date_sk = d1.d_date_sk)
                                                                            ->  Parallel Seq Scan on store_sales store_sales_1  (cost=0.00..85499.45 rows=1204445 width=16) (actual time=0.010..133.065 rows=948150 loops=3)
                                                                            ->  Hash  (cost=2500.73..2500.73 rows=1081 width=8) (actual time=12.723..12.724 rows=1096 loops=3)
                                                                                  Buckets: 2048  Batches: 1  Memory Usage: 59kB
                                                                                  ->  Seq Scan on date_dim d1  (cost=0.00..2500.73 rows=1081 width=8) (actual time=5.792..12.584 rows=1096 loops=3)
                                                                                        Filter: ((d_year >= 1998) AND (d_year <= 2000))
                                                                                        Rows Removed by Filter: 71953
                                                                      ->  Hash  (cost=1436.00..1436.00 rows=18000 width=20) (actual time=16.349..16.350 rows=18000 loops=3)
                                                                            Buckets: 32768  Batches: 1  Memory Usage: 1240kB
                                                                            ->  Seq Scan on item iss  (cost=0.00..1436.00 rows=18000 width=20) (actual time=0.026..13.221 rows=18000 loops=3)
                                                    ->  Subquery Scan on "*SELECT* 2"  (cost=1661.43..56436.84 rows=21254 width=16) (actual time=13.997..499.163 rows=846751 loops=1)
                                                          ->  Hash Join  (cost=1661.43..56224.30 rows=21254 width=12) (actual time=13.996..434.867 rows=846751 loops=1)
                                                                Hash Cond: (catalog_sales_1.cs_item_sk = ics.i_item_sk)
                                                                ->  Nested Loop  (cost=0.43..54507.50 rows=21254 width=8) (actual time=4.172..282.533 rows=846751 loops=1)
                                                                      ->  Seq Scan on date_dim d2  (cost=0.00..2500.73 rows=1081 width=8) (actual time=4.152..9.369 rows=1096 loops=1)
                                                                            Filter: ((d_year >= 1998) AND (d_year <= 2000))
                                                                            Rows Removed by Filter: 71953
                                                                      ->  Index Scan using i_cs_sold_date_sk on catalog_sales catalog_sales_1  (cost=0.43..40.26 rows=785 width=16) (actual time=0.004..0.130 rows=773 loops=1096)
                                                                            Index Cond: (cs_sold_date_sk = d2.d_date_sk)
                                                                ->  Hash  (cost=1436.00..1436.00 rows=18000 width=20) (actual time=9.674..9.674 rows=18000 loops=1)
                                                                      Buckets: 32768  Batches: 1  Memory Usage: 1240kB
                                                                      ->  Seq Scan on item ics  (cost=0.00..1436.00 rows=18000 width=20) (actual time=0.005..6.594 rows=18000 loops=1)
                                  ->  Subquery Scan on "*SELECT* 3"  (cost=3514.53..36619.84 rows=10691 width=16) (actual time=8.515..382.968 rows=427620 loops=1)
                                        ->  Gather  (cost=3514.53..36512.93 rows=10691 width=12) (actual time=8.514..343.624 rows=427620 loops=1)
                                              Workers Planned: 2
                                              Workers Launched: 2
                                              ->  Nested Loop  (cost=2514.53..34443.83 rows=4455 width=12) (actual time=13.938..397.622 rows=142540 loops=3)
                                                    ->  Hash Join  (cost=2514.25..33076.22 rows=4455 width=8) (actual time=13.894..116.280 rows=142540 loops=3)
                                                          Hash Cond: (web_sales_1.ws_sold_date_sk = d3.d_date_sk)
                                                          ->  Parallel Seq Scan on web_sales web_sales_1  (cost=0.00..29771.63 rows=301063 width=16) (actual time=0.016..50.377 rows=237185 loops=3)
                                                          ->  Hash  (cost=2500.73..2500.73 rows=1081 width=8) (actual time=13.763..13.763 rows=1096 loops=3)
                                                                Buckets: 2048  Batches: 1  Memory Usage: 59kB
                                                                ->  Seq Scan on date_dim d3  (cost=0.00..2500.73 rows=1081 width=8) (actual time=6.495..13.617 rows=1096 loops=3)
                                                                      Filter: ((d_year >= 1998) AND (d_year <= 2000))
                                                                      Rows Removed by Filter: 71953
                                                    ->  Index Scan using pk_item on item iws  (cost=0.29..0.31 rows=1 width=20) (actual time=0.002..0.002 rows=1 loops=427620)
                                                          Index Cond: (i_item_sk = web_sales_1.ws_item_sk)
  CTE avg_sales
    ->  Finalize Aggregate  (cost=180566.08..180566.09 rows=1 width=8) (actual time=627.203..627.292 rows=1 loops=1)
          ->  Gather  (cost=180565.86..180566.07 rows=2 width=32) (actual time=627.100..627.273 rows=3 loops=1)
                Workers Planned: 2
                Workers Launched: 2
                ->  Partial Aggregate  (cost=179565.86..179565.87 rows=1 width=32) (actual time=622.407..622.411 rows=1 loops=3)
                      ->  Parallel Append  (cost=0.43..179338.32 rows=30339 width=12) (actual time=11.211..553.823 rows=966490 loops=3)
                            ->  Nested Loop  (cost=0.43..54507.50 rows=21254 width=12) (actual time=8.547..407.022 rows=846751 loops=1)
                                  ->  Seq Scan on date_dim date_dim_3  (cost=0.00..2500.73 rows=1081 width=8) (actual time=8.480..14.080 rows=1096 loops=1)
                                        Filter: ((d_year >= 1998) AND (d_year <= 2000))
                                        Rows Removed by Filter: 71953
                                  ->  Index Scan using i_cs_sold_date_sk on catalog_sales catalog_sales_2  (cost=0.43..40.26 rows=785 width=20) (actual time=0.004..0.215 rows=773 loops=1096)
                                        Index Cond: (cs_sold_date_sk = date_dim_3.d_date_sk)
                            ->  Hash Join  (cost=2514.25..91175.54 rows=17028 width=12) (actual time=10.902..289.353 rows=541700 loops=3)
                                  Hash Cond: (store_sales_2.ss_sold_date_sk = date_dim_4.d_date_sk)
                                  ->  Parallel Seq Scan on store_sales store_sales_2  (cost=0.00..85499.45 rows=1204445 width=20) (actual time=0.010..109.525 rows=948150 loops=3)
                                  ->  Hash  (cost=2500.73..2500.73 rows=1081 width=8) (actual time=10.795..10.796 rows=1096 loops=3)
                                        Buckets: 2048  Batches: 1  Memory Usage: 59kB
                                        ->  Seq Scan on date_dim date_dim_4  (cost=0.00..2500.73 rows=1081 width=8) (actual time=5.017..10.657 rows=1096 loops=3)
                                              Filter: ((d_year >= 1998) AND (d_year <= 2000))
                                              Rows Removed by Filter: 71953
                            ->  Hash Join  (cost=2514.25..33076.22 rows=4455 width=12) (actual time=8.724..215.697 rows=427620 loops=1)
                                  Hash Cond: (web_sales_2.ws_sold_date_sk = date_dim_5.d_date_sk)
                                  ->  Parallel Seq Scan on web_sales web_sales_2  (cost=0.00..29771.63 rows=301063 width=20) (actual time=0.003..61.273 rows=711555 loops=1)
                                  ->  Hash  (cost=2500.73..2500.73 rows=1081 width=8) (actual time=8.707..8.707 rows=1096 loops=1)
                                        Buckets: 2048  Batches: 1  Memory Usage: 59kB
                                        ->  Seq Scan on date_dim date_dim_5  (cost=0.00..2500.73 rows=1081 width=8) (actual time=3.942..8.590 rows=1096 loops=1)
                                              Filter: ((d_year >= 1998) AND (d_year <= 2000))
                                              Rows Removed by Filter: 71953
  ->  GroupAggregate  (cost=125.30..125.51 rows=13 width=84) (actual time=12907.739..12907.809 rows=100 loops=1)
        Group Key: ('store'::text), item.i_brand_id, item.i_class_id, item.i_category_id
        Group Key: ('store'::text), item.i_brand_id, item.i_class_id
        Group Key: ('store'::text), item.i_brand_id
        Group Key: ('store'::text)
        Group Key: ()
        ->  Sort  (cost=125.30..125.30 rows=3 width=60) (actual time=12907.732..12907.745 rows=63 loops=1)
              Sort Key: ('store'::text), item.i_brand_id, item.i_class_id, item.i_category_id
              Sort Method: quicksort  Memory: 709kB
              ->  Append  (cost=68.19..125.27 rows=3 width=60) (actual time=8325.875..12902.595 rows=6810 loops=1)
                    ->  GroupAggregate  (cost=68.19..68.23 rows=1 width=60) (actual time=8325.875..8341.833 rows=2437 loops=1)
                          Group Key: item.i_brand_id, item.i_class_id, item.i_category_id
                          Filter: (sum(((store_sales.ss_quantity)::double precision * store_sales.ss_list_price)) > $8)
                          Rows Removed by Filter: 315
                          InitPlan 3 (returns $8)
                            ->  CTE Scan on avg_sales  (cost=0.00..0.02 rows=1 width=8) (actual time=627.207..627.207 rows=1 loops=1)
                          ->  Sort  (cost=68.17..68.18 rows=1 width=24) (actual time=7698.539..7703.027 rows=84825 loops=1)
                                Sort Key: item.i_brand_id, item.i_class_id, item.i_category_id
                                Sort Method: quicksort  Memory: 8359kB
                                ->  Nested Loop  (cost=1.03..68.16 rows=1 width=24) (actual time=1842.956..7668.359 rows=84825 loops=1)
                                      ->  Nested Loop  (cost=0.74..12.93 rows=175 width=32) (actual time=1842.790..4481.485 rows=2580554 loops=1)
                                            ->  Nested Loop  (cost=0.31..2.54 rows=1 width=28) (actual time=1842.778..1887.514 rows=15211 loops=1)
                                                  ->  HashAggregate  (cost=0.02..0.03 rows=1 width=8) (actual time=1842.768..1847.231 rows=15211 loops=1)
                                                        Group Key: cross_items.ss_item_sk
                                                        Batches: 1  Memory Usage: 1833kB
                                                        ->  CTE Scan on cross_items  (cost=0.00..0.02 rows=1 width=8) (actual time=1826.921..1838.299 rows=15211 loops=1)
                                                  ->  Index Scan using pk_item on item  (cost=0.29..2.51 rows=1 width=20) (actual time=0.002..0.002 rows=1 loops=15211)
                                                        Index Cond: (i_item_sk = cross_items.ss_item_sk)
                                            ->  Index Scan using pk_store_sales on store_sales  (cost=0.43..8.64 rows=175 width=28) (actual time=0.005..0.146 rows=170 loops=15211)
                                                  Index Cond: (ss_item_sk = item.i_item_sk)
                                      ->  Index Scan using pk_date_dim on date_dim  (cost=0.29..0.32 rows=1 width=8) (actual time=0.001..0.001 rows=0 loops=2580554)
                                            Index Cond: (d_date_sk = store_sales.ss_sold_date_sk)
                                            Filter: ((d_year = 2000) AND (d_moy = 11))
                                            Rows Removed by Filter: 1
                    ->  GroupAggregate  (cost=36.92..36.95 rows=1 width=60) (actual time=3023.958..3032.519 rows=2359 loops=1)
                          Group Key: item_1.i_brand_id, item_1.i_class_id, item_1.i_category_id
                          Filter: (sum(((catalog_sales.cs_quantity)::double precision * catalog_sales.cs_list_price)) > $9)
                          Rows Removed by Filter: 341
                          InitPlan 4 (returns $9)
                            ->  CTE Scan on avg_sales avg_sales_1  (cost=0.00..0.02 rows=1 width=8) (actual time=0.001..0.002 rows=1 loops=1)
                          ->  Sort  (cost=36.90..36.90 rows=1 width=24) (actual time=3023.881..3025.716 rows=46156 loops=1)
                                Sort Key: item_1.i_brand_id, item_1.i_class_id, item_1.i_category_id
                                Sort Method: quicksort  Memory: 4421kB
                                ->  Nested Loop  (cost=1.03..36.89 rows=1 width=24) (actual time=4.667..3008.072 rows=46156 loops=1)
                                      ->  Nested Loop  (cost=0.74..9.06 rows=88 width=32) (actual time=4.408..1385.985 rows=1289511 loops=1)
                                            ->  Nested Loop  (cost=0.31..2.54 rows=1 width=28) (actual time=4.395..44.048 rows=15211 loops=1)
                                                  ->  HashAggregate  (cost=0.02..0.03 rows=1 width=8) (actual time=4.378..8.296 rows=15211 loops=1)
                                                        Group Key: cross_items_1.ss_item_sk
                                                        Batches: 1  Memory Usage: 1833kB
                                                        ->  CTE Scan on cross_items cross_items_1  (cost=0.00..0.02 rows=1 width=8) (actual time=0.001..0.928 rows=15211 loops=1)
                                                  ->  Index Scan using pk_item on item item_1  (cost=0.29..2.51 rows=1 width=20) (actual time=0.002..0.002 rows=1 loops=15211)
                                                        Index Cond: (i_item_sk = cross_items_1.ss_item_sk)
                                            ->  Index Scan using pk_catalog_sales on catalog_sales  (cost=0.43..5.64 rows=88 width=28) (actual time=0.004..0.075 rows=85 loops=15211)
                                                  Index Cond: (cs_item_sk = item_1.i_item_sk)
                                      ->  Index Scan using pk_date_dim on date_dim date_dim_1  (cost=0.29..0.32 rows=1 width=8) (actual time=0.001..0.001 rows=0 loops=1289511)
                                            Index Cond: (d_date_sk = catalog_sales.cs_sold_date_sk)
                                            Filter: ((d_year = 2000) AND (d_moy = 11))
                                            Rows Removed by Filter: 1
                    ->  GroupAggregate  (cost=20.01..20.05 rows=1 width=60) (actual time=1523.239..1527.841 rows=2014 loops=1)
                          Group Key: item_2.i_brand_id, item_2.i_class_id, item_2.i_category_id
                          Filter: (sum(((web_sales.ws_quantity)::double precision * web_sales.ws_list_price)) > $10)
                          Rows Removed by Filter: 560
                          InitPlan 5 (returns $10)
                            ->  CTE Scan on avg_sales avg_sales_2  (cost=0.00..0.02 rows=1 width=8) (actual time=0.001..0.002 rows=1 loops=1)
                          ->  Sort  (cost=19.99..20.00 rows=1 width=24) (actual time=1523.191..1524.111 rows=23066 loops=1)
                                Sort Key: item_2.i_brand_id, item_2.i_class_id, item_2.i_category_id
                                Sort Method: quicksort  Memory: 2210kB
                                ->  Nested Loop  (cost=1.03..19.98 rows=1 width=24) (actual time=4.926..1515.181 rows=23066 loops=1)
                                      ->  Nested Loop  (cost=0.73..6.02 rows=44 width=32) (actual time=4.860..687.459 rows=646064 loops=1)
                                            ->  Nested Loop  (cost=0.31..2.54 rows=1 width=28) (actual time=4.849..41.272 rows=15211 loops=1)
                                                  ->  HashAggregate  (cost=0.02..0.03 rows=1 width=8) (actual time=4.841..8.551 rows=15211 loops=1)
                                                        Group Key: cross_items_2.ss_item_sk
                                                        Batches: 1  Memory Usage: 1833kB
                                                        ->  CTE Scan on cross_items cross_items_2  (cost=0.00..0.02 rows=1 width=8) (actual time=0.001..0.930 rows=15211 loops=1)
                                                  ->  Index Scan using pk_item on item item_2  (cost=0.29..2.51 rows=1 width=20) (actual time=0.002..0.002 rows=1 loops=15211)
                                                        Index Cond: (i_item_sk = cross_items_2.ss_item_sk)
                                            ->  Index Scan using pk_web_sales on web_sales  (cost=0.42..3.04 rows=44 width=28) (actual time=0.004..0.036 rows=42 loops=15211)
                                                  Index Cond: (ws_item_sk = item_2.i_item_sk)
                                      ->  Index Scan using pk_date_dim on date_dim date_dim_2  (cost=0.29..0.32 rows=1 width=8) (actual time=0.001..0.001 rows=0 loops=646064)
                                            Index Cond: (d_date_sk = web_sales.ws_sold_date_sk)
                                            Filter: ((d_year = 2000) AND (d_moy = 11))
                                            Rows Removed by Filter: 1
 channel | i_brand_id | i_class_id | i_category_id |        sum         | sum 
---------+------------+------------+---------------+--------------------+-----
 catalog |    1001001 |          1 |             1 | 2042225.1099999999 | 385
 catalog |    1001001 |          1 |             2 | 118977.00999999998 |  34
 catalog |    1001001 |          1 |             3 |           99259.38 |  18
 catalog |    1001001 |          1 |             4 | 125408.17000000001 |  21
 catalog |    1001001 |          1 |             6 |           21989.92 |   6
 catalog |    1001001 |          1 |             7 |           49743.07 |  14
 catalog |    1001001 |          1 |             8 |           25135.79 |   8
 catalog |    1001001 |          1 |             9 | 137738.89999999994 |  25
 catalog |    1001001 |          1 |            10 |           24838.75 |   7
 catalog |    1001001 |          1 |               |  2645316.099999999 | 518
 catalog |    1001001 |          2 |             1 |            22983.2 |   9
 catalog |    1001001 |          2 |             2 |           29745.56 |   6
 catalog |    1001001 |          2 |             3 |           17071.82 |   6
 catalog |    1001001 |          2 |             7 | 19634.500000000004 |   7
 catalog |    1001001 |          2 |               |           89435.08 |  28
 catalog |    1001001 |          3 |             5 |           33011.92 |   6
 catalog |    1001001 |          3 |             7 | 50001.450000000004 |   9
 catalog |    1001001 |          3 |               |           83013.37 |  15
 catalog |    1001001 |          4 |             1 |           101179.4 |  17
 catalog |    1001001 |          4 |             2 |  9020.119999999999 |   2
 catalog |    1001001 |          4 |             3 |           12746.13 |   3
 catalog |    1001001 |          4 |               |          122945.65 |  22
 catalog |    1001001 |          5 |            10 | 27365.089999999997 |   7
 catalog |    1001001 |          5 |               | 27365.089999999997 |   7
 catalog |    1001001 |          7 |             8 |           20759.44 |   5
 catalog |    1001001 |          7 |               |           20759.44 |   5
 catalog |    1001001 |          8 |             7 | 15937.769999999999 |   6
 catalog |    1001001 |          8 |               | 15937.769999999999 |   6
 catalog |    1001001 |          9 |             7 |           48149.08 |   9
 catalog |    1001001 |          9 |               |           48149.08 |   9
 catalog |    1001001 |         10 |             6 |           104330.7 |  16
 catalog |    1001001 |         10 |               |           104330.7 |  16
 catalog |    1001001 |         11 |             9 | 11683.960000000001 |   1
 catalog |    1001001 |         11 |               | 11683.960000000001 |   1
 catalog |    1001001 |         15 |             7 | 18645.850000000002 |   5
 catalog |    1001001 |         15 |               | 18645.850000000002 |   5
 catalog |    1001001 |            |               | 3187582.0899999994 | 632
 catalog |    1001002 |          1 |             1 |  2354718.350000002 | 440
 catalog |    1001002 |          1 |               |  2354718.350000002 | 440
 catalog |    1001002 |          2 |             1 |           90419.69 |  11
 catalog |    1001002 |          2 |               |           90419.69 |  11
 catalog |    1001002 |          3 |             1 |           31946.74 |  10
 catalog |    1001002 |          3 |               |           31946.74 |  10
 catalog |    1001002 |          4 |             1 |           85993.82 |   8
 catalog |    1001002 |          4 |               |           85993.82 |   8
 catalog |    1001002 |          5 |             1 | 46364.259999999995 |   5
 catalog |    1001002 |          5 |               | 46364.259999999995 |   5
 catalog |    1001002 |          7 |             1 |              54844 |   7
 catalog |    1001002 |          7 |               |              54844 |   7
 catalog |    1001002 |         11 |             1 | 17947.269999999997 |   5
 catalog |    1001002 |         11 |               | 17947.269999999997 |   5
 catalog |    1001002 |         13 |             1 |           28919.24 |   3
 catalog |    1001002 |         13 |               |           28919.24 |   3
 catalog |    1001002 |         14 |             1 |           33866.07 |   7
 catalog |    1001002 |         14 |               |           33866.07 |   7
 catalog |    1001002 |         15 |             1 |           16891.95 |   4
 catalog |    1001002 |         15 |               |           16891.95 |   4
 catalog |    1001002 |            |               |  2761911.390000002 | 500
 catalog |    1002001 |          1 |             2 |           11520.38 |   4
 catalog |    1002001 |          1 |             4 |              24618 |   4
 catalog |    1002001 |          1 |               |           36138.38 |   8
 catalog |    1002001 |          2 |             1 | 1668472.6899999997 | 345
 catalog |    1002001 |          2 |             3 |           45969.21 |  21
 catalog |    1002001 |          2 |             4 |  69112.98000000001 |  16
 catalog |    1002001 |          2 |             5 |            78481.1 |  16
 catalog |    1002001 |          2 |             6 |           40057.76 |   8
 catalog |    1002001 |          2 |             7 |           15545.83 |   7
 catalog |    1002001 |          2 |             8 |           24280.36 |   5
 catalog |    1002001 |          2 |             9 | 37799.579999999994 |   7
 catalog |    1002001 |          2 |            10 | 167528.52000000002 |  28
 catalog |    1002001 |          2 |               | 2147248.0300000003 | 453
 catalog |    1002001 |          3 |             3 |           21927.04 |   3
 catalog |    1002001 |          3 |             4 |           75429.98 |  15
 catalog |    1002001 |          3 |               |  97357.01999999999 |  18
 catalog |    1002001 |          9 |             8 | 20277.070000000003 |   5
 catalog |    1002001 |          9 |               | 20277.070000000003 |   5
 catalog |    1002001 |         12 |             6 |           29975.31 |   5
 catalog |    1002001 |         12 |               |           29975.31 |   5
 catalog |    1002001 |         13 |             6 | 54697.899999999994 |   9
 catalog |    1002001 |         13 |               | 54697.899999999994 |   9
 catalog |    1002001 |         16 |             6 |           52250.19 |   9
 catalog |    1002001 |         16 |             9 |           11807.55 |   2
 catalog |    1002001 |         16 |            10 |           25578.21 |   2
 catalog |    1002001 |         16 |               |  89635.95000000001 |  13
 catalog |    1002001 |            |               | 2475329.6599999997 | 511
 catalog |    1002002 |          1 |             1 |  67134.20999999999 |  11
 catalog |    1002002 |          1 |               |  67134.20999999999 |  11
 catalog |    1002002 |          2 |             1 |  2599054.270000001 | 555
 catalog |    1002002 |          2 |               |  2599054.270000001 | 555
 catalog |    1002002 |          3 |             1 | 35447.759999999995 |  10
 catalog |    1002002 |          3 |               | 35447.759999999995 |  10
 catalog |    1002002 |          4 |             1 |            53776.8 |  10
 catalog |    1002002 |          4 |               |            53776.8 |  10
 catalog |    1002002 |          6 |             1 |           66490.65 |   8
 catalog |    1002002 |          6 |               |           66490.65 |   8
 catalog |    1002002 |          7 |             1 |           15335.18 |   3
 catalog |    1002002 |          7 |               |           15335.18 |   3
 catalog |    1002002 |          8 |             1 |           28573.86 |   4
 catalog |    1002002 |          8 |               |           28573.86 |   4
 catalog |    1002002 |          9 |             1 |           17462.01 |   3
(100 rows)

with  cross_items as
 (select i_item_sk ss_item_sk
 from item,
 (select iss.i_brand_id brand_id
     ,iss.i_class_id class_id
     ,iss.i_category_id category_id
 from store_sales
     ,item iss
     ,date_dim d1
 where ss_item_sk = iss.i_item_sk
   and ss_sold_date_sk = d1.d_date_sk
   and d1.d_year between 1998 AND 1998 + 2
 intersect
 select ics.i_brand_id
     ,ics.i_class_id
     ,ics.i_category_id
 from catalog_sales
     ,item ics
     ,date_dim d2
 where cs_item_sk = ics.i_item_sk
   and cs_sold_date_sk = d2.d_date_sk
   and d2.d_year between 1998 AND 1998 + 2
 intersect
 select iws.i_brand_id
     ,iws.i_class_id
     ,iws.i_category_id
 from web_sales
     ,item iws
     ,date_dim d3
 where ws_item_sk = iws.i_item_sk
   and ws_sold_date_sk = d3.d_date_sk
   and d3.d_year between 1998 AND 1998 + 2) x
 where i_brand_id = brand_id
      and i_class_id = class_id
      and i_category_id = category_id
),
 avg_sales as
(select avg(quantity*list_price) average_sales
  from (select ss_quantity quantity
             ,ss_list_price list_price
       from store_sales
           ,date_dim
       where ss_sold_date_sk = d_date_sk
         and d_year between 1998 and 1998 + 2
       union all
       select cs_quantity quantity
             ,cs_list_price list_price
       from catalog_sales
           ,date_dim
       where cs_sold_date_sk = d_date_sk
         and d_year between 1998 and 1998 + 2
       union all
       select ws_quantity quantity
             ,ws_list_price list_price
       from web_sales
           ,date_dim
       where ws_sold_date_sk = d_date_sk
         and d_year between 1998 and 1998 + 2) x)
  select  this_year.channel ty_channel
                           ,this_year.i_brand_id ty_brand
                           ,this_year.i_class_id ty_class
                           ,this_year.i_category_id ty_category
                           ,this_year.sales ty_sales
                           ,this_year.number_sales ty_number_sales
                           ,last_year.channel ly_channel
                           ,last_year.i_brand_id ly_brand
                           ,last_year.i_class_id ly_class
                           ,last_year.i_category_id ly_category
                           ,last_year.sales ly_sales
                           ,last_year.number_sales ly_number_sales 
 from
 (select 'store' channel, i_brand_id,i_class_id,i_category_id
        ,sum(ss_quantity*ss_list_price) sales, count(*) number_sales
 from store_sales 
     ,item
     ,date_dim
 where ss_item_sk in (select ss_item_sk from cross_items)
   and ss_item_sk = i_item_sk
   and ss_sold_date_sk = d_date_sk
   and d_week_seq = (select d_week_seq
                     from date_dim
                     where d_year = 1998 + 1
                       and d_moy = 12
                       and d_dom = 12)
 group by i_brand_id,i_class_id,i_category_id
 having sum(ss_quantity*ss_list_price) > (select average_sales from avg_sales)) this_year,
 (select 'store' channel, i_brand_id,i_class_id
        ,i_category_id, sum(ss_quantity*ss_list_price) sales, count(*) number_sales
 from store_sales
     ,item
     ,date_dim
 where ss_item_sk in (select ss_item_sk from cross_items)
   and ss_item_sk = i_item_sk
   and ss_sold_date_sk = d_date_sk
   and d_week_seq = (select d_week_seq
                     from date_dim
                     where d_year = 1998
                       and d_moy = 12
                       and d_dom = 12)
 group by i_brand_id,i_class_id,i_category_id
 having sum(ss_quantity*ss_list_price) > (select average_sales from avg_sales)) last_year
 where this_year.i_brand_id= last_year.i_brand_id
   and this_year.i_class_id = last_year.i_class_id
   and this_year.i_category_id = last_year.i_category_id
 order by this_year.channel, this_year.i_brand_id, this_year.i_class_id, this_year.i_category_id
 limit 100;
psql:/tmp/s1-basline/throughput/query_6.sql:1448: NOTICE:  duration: 16274.839 ms  plan:
Query Text: with  cross_items as
 (select i_item_sk ss_item_sk
 from item,
 (select iss.i_brand_id brand_id
     ,iss.i_class_id class_id
     ,iss.i_category_id category_id
 from store_sales
     ,item iss
     ,date_dim d1
 where ss_item_sk = iss.i_item_sk
   and ss_sold_date_sk = d1.d_date_sk
   and d1.d_year between 1998 AND 1998 + 2
 intersect
 select ics.i_brand_id
     ,ics.i_class_id
     ,ics.i_category_id
 from catalog_sales
     ,item ics
     ,date_dim d2
 where cs_item_sk = ics.i_item_sk
   and cs_sold_date_sk = d2.d_date_sk
   and d2.d_year between 1998 AND 1998 + 2
 intersect
 select iws.i_brand_id
     ,iws.i_class_id
     ,iws.i_category_id
 from web_sales
     ,item iws
     ,date_dim d3
 where ws_item_sk = iws.i_item_sk
   and ws_sold_date_sk = d3.d_date_sk
   and d3.d_year between 1998 AND 1998 + 2) x
 where i_brand_id = brand_id
      and i_class_id = class_id
      and i_category_id = category_id
),
 avg_sales as
(select avg(quantity*list_price) average_sales
  from (select ss_quantity quantity
             ,ss_list_price list_price
       from store_sales
           ,date_dim
       where ss_sold_date_sk = d_date_sk
         and d_year between 1998 and 1998 + 2
       union all
       select cs_quantity quantity
             ,cs_list_price list_price
       from catalog_sales
           ,date_dim
       where cs_sold_date_sk = d_date_sk
         and d_year between 1998 and 1998 + 2
       union all
       select ws_quantity quantity
             ,ws_list_price list_price
       from web_sales
           ,date_dim
       where ws_sold_date_sk = d_date_sk
         and d_year between 1998 and 1998 + 2) x)
  select  this_year.channel ty_channel
                           ,this_year.i_brand_id ty_brand
                           ,this_year.i_class_id ty_class
                           ,this_year.i_category_id ty_category
                           ,this_year.sales ty_sales
                           ,this_year.number_sales ty_number_sales
                           ,last_year.channel ly_channel
                           ,last_year.i_brand_id ly_brand
                           ,last_year.i_class_id ly_class
                           ,last_year.i_category_id ly_category
                           ,last_year.sales ly_sales
                           ,last_year.number_sales ly_number_sales 
 from
 (select 'store' channel, i_brand_id,i_class_id,i_category_id
        ,sum(ss_quantity*ss_list_price) sales, count(*) number_sales
 from store_sales 
     ,item
     ,date_dim
 where ss_item_sk in (select ss_item_sk from cross_items)
   and ss_item_sk = i_item_sk
   and ss_sold_date_sk = d_date_sk
   and d_week_seq = (select d_week_seq
                     from date_dim
                     where d_year = 1998 + 1
                       and d_moy = 12
                       and d_dom = 12)
 group by i_brand_id,i_class_id,i_category_id
 having sum(ss_quantity*ss_list_price) > (select average_sales from avg_sales)) this_year,
 (select 'store' channel, i_brand_id,i_class_id
        ,i_category_id, sum(ss_quantity*ss_list_price) sales, count(*) number_sales
 from store_sales
     ,item
     ,date_dim
 where ss_item_sk in (select ss_item_sk from cross_items)
   and ss_item_sk = i_item_sk
   and ss_sold_date_sk = d_date_sk
   and d_week_seq = (select d_week_seq
                     from date_dim
                     where d_year = 1998
                       and d_moy = 12
                       and d_dom = 12)
 group by i_brand_id,i_class_id,i_category_id
 having sum(ss_quantity*ss_list_price) > (select average_sales from avg_sales)) last_year
 where this_year.i_brand_id= last_year.i_brand_id
   and this_year.i_class_id = last_year.i_class_id
   and this_year.i_category_id = last_year.i_category_id
 order by this_year.channel, this_year.i_brand_id, this_year.i_class_id, this_year.i_category_id
 limit 100;
Limit  (cost=380079.75..380079.76 rows=1 width=120) (actual time=16274.371..16274.721 rows=100 loops=1)
  CTE cross_items
    ->  Hash Join  (cost=192433.57..194011.32 rows=1 width=8) (actual time=1822.315..1831.024 rows=15211 loops=1)
          Hash Cond: ((item_2.i_brand_id = x.brand_id) AND (item_2.i_class_id = x.class_id) AND (item_2.i_category_id = x.category_id))
          ->  Seq Scan on item item_2  (cost=0.00..1436.00 rows=18000 width=20) (actual time=0.004..1.588 rows=18000 loops=1)
          ->  Hash  (cost=192402.07..192402.07 rows=1800 width=12) (actual time=1822.305..1822.548 rows=2895 loops=1)
                Buckets: 4096 (originally 2048)  Batches: 1 (originally 1)  Memory Usage: 157kB
                ->  Subquery Scan on x  (cost=5175.25..192402.07 rows=1800 width=12) (actual time=1821.377..1822.050 rows=2939 loops=1)
                      ->  HashSetOp Intersect  (cost=5175.25..192384.07 rows=1800 width=16) (actual time=1821.376..1821.774 rows=2939 loops=1)
                            ->  Append  (cost=5175.25..192290.39 rows=12491 width=16) (actual time=1351.058..1756.873 rows=431357 loops=1)
                                  ->  Result  (cost=5175.25..155608.09 rows=1800 width=16) (actual time=1351.058..1351.811 rows=3737 loops=1)
                                        ->  HashSetOp Intersect  (cost=5175.25..155590.09 rows=1800 width=16) (actual time=1351.057..1351.464 rows=3737 loops=1)
                                              ->  Append  (cost=5175.25..155124.18 rows=62122 width=16) (actual time=18.453..1010.769 rows=2471850 loops=1)
                                                    ->  Subquery Scan on "*SELECT* 1"  (cost=5175.25..98376.73 rows=40868 width=16) (actual time=18.452..367.589 rows=1625099 loops=1)
                                                          ->  Gather  (cost=5175.25..97968.05 rows=40868 width=12) (actual time=18.451..219.220 rows=1625099 loops=1)
                                                                Workers Planned: 2
                                                                Workers Launched: 2
                                                                ->  Hash Join  (cost=4175.25..92881.25 rows=17028 width=12) (actual time=29.220..429.958 rows=541700 loops=3)
                                                                      Hash Cond: (store_sales_2.ss_item_sk = iss.i_item_sk)
                                                                      ->  Hash Join  (cost=2514.25..91175.54 rows=17028 width=8) (actual time=12.751..299.083 rows=541700 loops=3)
                                                                            Hash Cond: (store_sales_2.ss_sold_date_sk = d1.d_date_sk)
                                                                            ->  Parallel Seq Scan on store_sales store_sales_2  (cost=0.00..85499.45 rows=1204445 width=16) (actual time=0.010..133.226 rows=948150 loops=3)
                                                                            ->  Hash  (cost=2500.73..2500.73 rows=1081 width=8) (actual time=12.724..12.725 rows=1096 loops=3)
                                                                                  Buckets: 2048  Batches: 1  Memory Usage: 59kB
                                                                                  ->  Seq Scan on date_dim d1  (cost=0.00..2500.73 rows=1081 width=8) (actual time=5.741..12.593 rows=1096 loops=3)
                                                                                        Filter: ((d_year >= 1998) AND (d_year <= 2000))
                                                                                        Rows Removed by Filter: 71953
                                                                      ->  Hash  (cost=1436.00..1436.00 rows=18000 width=20) (actual time=16.178..16.179 rows=18000 loops=3)
                                                                            Buckets: 32768  Batches: 1  Memory Usage: 1240kB
                                                                            ->  Seq Scan on item iss  (cost=0.00..1436.00 rows=18000 width=20) (actual time=0.027..13.200 rows=18000 loops=3)
                                                    ->  Subquery Scan on "*SELECT* 2"  (cost=1661.43..56436.84 rows=21254 width=16) (actual time=13.096..498.409 rows=846751 loops=1)
                                                          ->  Hash Join  (cost=1661.43..56224.30 rows=21254 width=12) (actual time=13.095..434.173 rows=846751 loops=1)
                                                                Hash Cond: (catalog_sales.cs_item_sk = ics.i_item_sk)
                                                                ->  Nested Loop  (cost=0.43..54507.50 rows=21254 width=8) (actual time=3.968..282.604 rows=846751 loops=1)
                                                                      ->  Seq Scan on date_dim d2  (cost=0.00..2500.73 rows=1081 width=8) (actual time=3.947..9.085 rows=1096 loops=1)
                                                                            Filter: ((d_year >= 1998) AND (d_year <= 2000))
                                                                            Rows Removed by Filter: 71953
                                                                      ->  Index Scan using i_cs_sold_date_sk on catalog_sales  (cost=0.43..40.26 rows=785 width=16) (actual time=0.004..0.130 rows=773 loops=1096)
                                                                            Index Cond: (cs_sold_date_sk = d2.d_date_sk)
                                                                ->  Hash  (cost=1436.00..1436.00 rows=18000 width=20) (actual time=9.101..9.102 rows=18000 loops=1)
                                                                      Buckets: 32768  Batches: 1  Memory Usage: 1240kB
                                                                      ->  Seq Scan on item ics  (cost=0.00..1436.00 rows=18000 width=20) (actual time=0.004..6.566 rows=18000 loops=1)
                                  ->  Subquery Scan on "*SELECT* 3"  (cost=3514.53..36619.84 rows=10691 width=16) (actual time=8.660..379.586 rows=427620 loops=1)
                                        ->  Gather  (cost=3514.53..36512.93 rows=10691 width=12) (actual time=8.659..340.038 rows=427620 loops=1)
                                              Workers Planned: 2
                                              Workers Launched: 2
                                              ->  Nested Loop  (cost=2514.53..34443.83 rows=4455 width=12) (actual time=14.043..394.892 rows=142540 loops=3)
                                                    ->  Hash Join  (cost=2514.25..33076.22 rows=4455 width=8) (actual time=13.994..117.753 rows=142540 loops=3)
                                                          Hash Cond: (web_sales.ws_sold_date_sk = d3.d_date_sk)
                                                          ->  Parallel Seq Scan on web_sales  (cost=0.00..29771.63 rows=301063 width=16) (actual time=0.016..51.223 rows=237185 loops=3)
                                                          ->  Hash  (cost=2500.73..2500.73 rows=1081 width=8) (actual time=13.868..13.869 rows=1096 loops=3)
                                                                Buckets: 2048  Batches: 1  Memory Usage: 59kB
                                                                ->  Seq Scan on date_dim d3  (cost=0.00..2500.73 rows=1081 width=8) (actual time=6.485..13.727 rows=1096 loops=3)
                                                                      Filter: ((d_year >= 1998) AND (d_year <= 2000))
                                                                      Rows Removed by Filter: 71953
                                                    ->  Index Scan using pk_item on item iws  (cost=0.29..0.31 rows=1 width=20) (actual time=0.002..0.002 rows=1 loops=427620)
                                                          Index Cond: (i_item_sk = web_sales.ws_item_sk)
  CTE avg_sales
    ->  Finalize Aggregate  (cost=180566.08..180566.09 rows=1 width=8) (actual time=628.682..628.771 rows=1 loops=1)
          ->  Gather  (cost=180565.86..180566.07 rows=2 width=32) (actual time=628.565..628.751 rows=3 loops=1)
                Workers Planned: 2
                Workers Launched: 2
                ->  Partial Aggregate  (cost=179565.86..179565.87 rows=1 width=32) (actual time=623.960..623.965 rows=1 loops=3)
                      ->  Parallel Append  (cost=0.43..179338.32 rows=30339 width=12) (actual time=11.334..555.812 rows=966490 loops=3)
                            ->  Nested Loop  (cost=0.43..54507.50 rows=21254 width=12) (actual time=8.610..408.616 rows=846751 loops=1)
                                  ->  Seq Scan on date_dim date_dim_2  (cost=0.00..2500.73 rows=1081 width=8) (actual time=8.542..14.140 rows=1096 loops=1)
                                        Filter: ((d_year >= 1998) AND (d_year <= 2000))
                                        Rows Removed by Filter: 71953
                                  ->  Index Scan using i_cs_sold_date_sk on catalog_sales catalog_sales_1  (cost=0.43..40.26 rows=785 width=20) (actual time=0.004..0.216 rows=773 loops=1096)
                                        Index Cond: (cs_sold_date_sk = date_dim_2.d_date_sk)
                            ->  Hash Join  (cost=2514.25..91175.54 rows=17028 width=12) (actual time=11.072..290.745 rows=541700 loops=3)
                                  Hash Cond: (store_sales_3.ss_sold_date_sk = date_dim_3.d_date_sk)
                                  ->  Parallel Seq Scan on store_sales store_sales_3  (cost=0.00..85499.45 rows=1204445 width=20) (actual time=0.010..110.664 rows=948150 loops=3)
                                  ->  Hash  (cost=2500.73..2500.73 rows=1081 width=8) (actual time=10.964..10.965 rows=1096 loops=3)
                                        Buckets: 2048  Batches: 1  Memory Usage: 59kB
                                        ->  Seq Scan on date_dim date_dim_3  (cost=0.00..2500.73 rows=1081 width=8) (actual time=5.069..10.822 rows=1096 loops=3)
                                              Filter: ((d_year >= 1998) AND (d_year <= 2000))
                                              Rows Removed by Filter: 71953
                            ->  Hash Join  (cost=2514.25..33076.22 rows=4455 width=12) (actual time=8.478..215.953 rows=427620 loops=1)
                                  Hash Cond: (web_sales_1.ws_sold_date_sk = date_dim_4.d_date_sk)
                                  ->  Parallel Seq Scan on web_sales web_sales_1  (cost=0.00..29771.63 rows=301063 width=20) (actual time=0.002..61.525 rows=711555 loops=1)
                                  ->  Hash  (cost=2500.73..2500.73 rows=1081 width=8) (actual time=8.461..8.462 rows=1096 loops=1)
                                        Buckets: 2048  Batches: 1  Memory Usage: 59kB
                                        ->  Seq Scan on date_dim date_dim_4  (cost=0.00..2500.73 rows=1081 width=8) (actual time=3.878..8.349 rows=1096 loops=1)
                                              Filter: ((d_year >= 1998) AND (d_year <= 2000))
                                              Rows Removed by Filter: 71953
  ->  Sort  (cost=5502.35..5502.35 rows=1 width=120) (actual time=16274.371..16274.380 rows=100 loops=1)
        Sort Key: ('store'::text), item.i_brand_id, item.i_class_id, item.i_category_id
        Sort Method: top-N heapsort  Memory: 39kB
        ->  Nested Loop  (cost=5502.23..5502.34 rows=1 width=120) (actual time=14034.614..16273.995 rows=756 loops=1)
              Join Filter: ((item.i_brand_id = item_1.i_brand_id) AND (item.i_class_id = item_1.i_class_id) AND (item.i_category_id = item_1.i_category_id))
              Rows Removed by Join Filter: 311985
              ->  GroupAggregate  (cost=2751.11..2751.15 rows=1 width=60) (actual time=8239.345..8242.731 rows=776 loops=1)
                    Group Key: item.i_brand_id, item.i_class_id, item.i_category_id
                    Filter: (sum(((store_sales.ss_quantity)::double precision * store_sales.ss_list_price)) > $9)
                    Rows Removed by Filter: 50
                    InitPlan 3 (returns $8)
                      ->  Seq Scan on date_dim date_dim_5  (cost=0.00..2683.36 rows=1 width=4) (actual time=4.374..8.789 rows=1 loops=1)
                            Filter: ((d_year = 1999) AND (d_moy = 12) AND (d_dom = 12))
                            Rows Removed by Filter: 73048
                    InitPlan 4 (returns $9)
                      ->  CTE Scan on avg_sales  (cost=0.00..0.02 rows=1 width=8) (actual time=628.686..628.687 rows=1 loops=1)
                    ->  Sort  (cost=67.74..67.74 rows=1 width=24) (actual time=7610.602..7611.576 rows=15500 loops=1)
                          Sort Key: item.i_brand_id, item.i_class_id, item.i_category_id
                          Sort Method: quicksort  Memory: 1350kB
                          ->  Nested Loop  (cost=1.03..67.73 rows=1 width=24) (actual time=1846.252..7604.545 rows=15500 loops=1)
                                ->  Nested Loop  (cost=0.74..12.93 rows=175 width=32) (actual time=1837.071..4453.224 rows=2580554 loops=1)
                                      ->  Nested Loop  (cost=0.31..2.54 rows=1 width=28) (actual time=1837.058..1882.490 rows=15211 loops=1)
                                            ->  HashAggregate  (cost=0.02..0.03 rows=1 width=8) (actual time=1837.051..1841.335 rows=15211 loops=1)
                                                  Group Key: cross_items.ss_item_sk
                                                  Batches: 1  Memory Usage: 1833kB
                                                  ->  CTE Scan on cross_items  (cost=0.00..0.02 rows=1 width=8) (actual time=1822.317..1833.319 rows=15211 loops=1)
                                            ->  Index Scan using pk_item on item  (cost=0.29..2.51 rows=1 width=20) (actual time=0.002..0.002 rows=1 loops=15211)
                                                  Index Cond: (i_item_sk = cross_items.ss_item_sk)
                                      ->  Index Scan using pk_store_sales on store_sales  (cost=0.43..8.64 rows=175 width=28) (actual time=0.005..0.145 rows=170 loops=15211)
                                            Index Cond: (ss_item_sk = item.i_item_sk)
                                ->  Index Scan using pk_date_dim on date_dim  (cost=0.29..0.31 rows=1 width=8) (actual time=0.001..0.001 rows=0 loops=2580554)
                                      Index Cond: (d_date_sk = store_sales.ss_sold_date_sk)
                                      Filter: (d_week_seq = $8)
                                      Rows Removed by Filter: 1
              ->  GroupAggregate  (cost=2751.11..2751.15 rows=1 width=60) (actual time=7.526..10.330 rows=403 loops=776)
                    Group Key: item_1.i_brand_id, item_1.i_class_id, item_1.i_category_id
                    Filter: (sum(((store_sales_1.ss_quantity)::double precision * store_sales_1.ss_list_price)) > $11)
                    Rows Removed by Filter: 7
                    InitPlan 5 (returns $10)
                      ->  Seq Scan on date_dim date_dim_6  (cost=0.00..2683.36 rows=1 width=4) (actual time=4.238..8.974 rows=1 loops=1)
                            Filter: ((d_year = 1998) AND (d_moy = 12) AND (d_dom = 12))
                            Rows Removed by Filter: 73048
                    InitPlan 6 (returns $11)
                      ->  CTE Scan on avg_sales avg_sales_1  (cost=0.00..0.02 rows=1 width=8) (actual time=0.002..0.002 rows=1 loops=1)
                    ->  Sort  (cost=67.74..67.74 rows=1 width=24) (actual time=7.468..8.120 rows=16063 loops=776)
                          Sort Key: item_1.i_brand_id, item_1.i_class_id, item_1.i_category_id
                          Sort Method: quicksort  Memory: 2108kB
                          ->  Nested Loop  (cost=1.03..67.73 rows=1 width=24) (actual time=14.703..5786.780 rows=21489 loops=1)
                                ->  Nested Loop  (cost=0.74..12.93 rows=175 width=32) (actual time=5.123..2644.497 rows=2580554 loops=1)
                                      ->  Nested Loop  (cost=0.31..2.54 rows=1 width=28) (actual time=5.110..48.940 rows=15211 loops=1)
                                            ->  HashAggregate  (cost=0.02..0.03 rows=1 width=8) (actual time=5.091..9.445 rows=15211 loops=1)
                                                  Group Key: cross_items_1.ss_item_sk
                                                  Batches: 1  Memory Usage: 1833kB
                                                  ->  CTE Scan on cross_items cross_items_1  (cost=0.00..0.02 rows=1 width=8) (actual time=0.001..0.906 rows=15211 loops=1)
                                            ->  Index Scan using pk_item on item item_1  (cost=0.29..2.51 rows=1 width=20) (actual time=0.002..0.002 rows=1 loops=15211)
                                                  Index Cond: (i_item_sk = cross_items_1.ss_item_sk)
                                      ->  Index Scan using pk_store_sales on store_sales store_sales_1  (cost=0.43..8.64 rows=175 width=28) (actual time=0.005..0.146 rows=170 loops=15211)
                                            Index Cond: (ss_item_sk = item_1.i_item_sk)
                                ->  Index Scan using pk_date_dim on date_dim date_dim_1  (cost=0.29..0.31 rows=1 width=8) (actual time=0.001..0.001 rows=0 loops=2580554)
                                      Index Cond: (d_date_sk = store_sales_1.ss_sold_date_sk)
                                      Filter: (d_week_seq = $10)
                                      Rows Removed by Filter: 1
 ty_channel | ty_brand | ty_class | ty_category |      ty_sales      | ty_number_sales | ly_channel | ly_brand | ly_class | ly_category |      ly_sales      | ly_number_sales 
------------+----------+----------+-------------+--------------------+-----------------+------------+----------+----------+-------------+--------------------+-----------------
 store      |  1001001 |        1 |           1 | 1061391.1499999997 |             265 | store      |  1001001 |        1 |           1 | 1169811.8699999999 |             340
 store      |  1001002 |        1 |           1 |  559698.2099999998 |             144 | store      |  1001002 |        1 |           1 |  579008.9000000001 |             163
 store      |  1002001 |        2 |           1 |  813043.3799999995 |             224 | store      |  1002001 |        2 |           1 |         1124578.47 |             306
 store      |  1002002 |        2 |           1 |          540853.46 |             142 | store      |  1002002 |        2 |           1 |  776434.5599999997 |             203
 store      |  1003001 |        3 |           1 | 1029882.1500000005 |             259 | store      |  1003001 |        3 |           1 | 1251935.5699999996 |             332
 store      |  1003002 |        3 |           1 | 481055.76000000007 |             126 | store      |  1003002 |        3 |           1 |  612335.5399999996 |             166
 store      |  1004001 |        4 |           1 |         1079216.78 |             263 | store      |  1004001 |        4 |           1 | 1462197.5299999993 |             402
 store      |  1004002 |        4 |           1 |  551798.0399999999 |             156 | store      |  1004002 |        4 |           1 |  742340.4099999998 |             209
 store      |  2001001 |        1 |           2 | 1065752.5400000003 |             284 | store      |  2001001 |        1 |           2 |  1485990.989999999 |             401
 store      |  2001002 |        1 |           2 |  492070.3999999999 |             138 | store      |  2001002 |        1 |           2 |  587742.3000000003 |             169
 store      |  2002001 |        2 |           2 | 1086436.6200000006 |             318 | store      |  2002001 |        2 |           2 | 1204854.8100000008 |             356
 store      |  2002002 |        2 |           2 |          365505.93 |             117 | store      |  2002002 |        2 |           2 |          531770.83 |             151
 store      |  2003001 |        3 |           2 | 1014515.7500000002 |             265 | store      |  2003001 |        3 |           2 | 1422787.6300000008 |             390
 store      |  2003002 |        3 |           2 |  534997.2299999999 |             146 | store      |  2003002 |        3 |           2 |  730560.4400000004 |             221
 store      |  2004001 |        4 |           2 | 1014683.7600000002 |             284 | store      |  2004001 |        4 |           2 | 1206551.3099999998 |             350
 store      |  2004002 |        4 |           2 |  404539.5499999998 |             100 | store      |  2004002 |        4 |           2 |          481663.31 |             160
 store      |  3001001 |        1 |           3 |  970283.8000000004 |             260 | store      |  3001001 |        1 |           3 |         1160891.87 |             322
 store      |  3001002 |        1 |           3 |          564492.16 |             149 | store      |  3001002 |        1 |           3 |  699874.3500000001 |             191
 store      |  3002001 |        2 |           3 |  789783.9199999996 |             220 | store      |  3002001 |        2 |           3 | 1272644.0399999996 |             352
 store      |  3002002 |        2 |           3 |  615218.4400000005 |             150 | store      |  3002002 |        2 |           3 |  790386.8499999999 |             217
 store      |  3003001 |        3 |           3 | 1142757.4200000009 |             277 | store      |  3003001 |        3 |           3 | 1388168.0400000007 |             368
 store      |  3003002 |        3 |           3 |  465101.1199999999 |             123 | store      |  3003002 |        3 |           3 |  610333.1300000002 |             158
 store      |  3004001 |        4 |           3 |  949661.4100000003 |             249 | store      |  3004001 |        4 |           3 | 1283479.5000000007 |             335
 store      |  3004002 |        4 |           3 |  345693.8200000002 |              90 | store      |  3004002 |        4 |           3 |          516322.24 |             139
 store      |  4001001 |        1 |           4 |  858055.8399999996 |             230 | store      |  4001001 |        1 |           4 | 1337363.7499999995 |             345
 store      |  4001002 |        1 |           4 |  419092.5299999998 |             126 | store      |  4001002 |        1 |           4 |          683263.67 |             178
 store      |  4002001 |        2 |           4 | 1056632.7999999996 |             296 | store      |  4002001 |        2 |           4 | 1567874.7799999993 |             442
 store      |  4002002 |        2 |           4 |          343420.52 |             106 | store      |  4002002 |        2 |           4 |             804271 |             183
 store      |  4003001 |        3 |           4 |         1004362.18 |             275 | store      |  4003001 |        3 |           4 | 1533230.3199999998 |             412
 store      |  4003002 |        3 |           4 |  505045.8300000002 |             137 | store      |  4003002 |        3 |           4 |          657026.55 |             193
 store      |  4004001 |        4 |           4 |  797550.7999999997 |             225 | store      |  4004001 |        4 |           4 |  990526.4200000006 |             292
 store      |  4004002 |        4 |           4 |  569337.4099999997 |             144 | store      |  4004002 |        4 |           4 |  635952.5899999995 |             187
 store      |  5001001 |        1 |           5 |  901625.3499999997 |             245 | store      |  5001001 |        1 |           5 |  1190411.200000001 |             335
 store      |  5001002 |        1 |           5 |  650439.7800000001 |             168 | store      |  5001002 |        1 |           5 |  916156.4600000004 |             251
 store      |  5002001 |        2 |           5 |          854394.71 |             230 | store      |  5002001 |        2 |           5 | 1029778.8399999999 |             281
 store      |  5002002 |        2 |           5 |  503531.8399999999 |             123 | store      |  5002002 |        2 |           5 |  716743.3799999999 |             198
 store      |  5003001 |        3 |           5 | 1085798.4200000006 |             273 | store      |  5003001 |        3 |           5 | 1258460.8899999997 |             355
 store      |  5003002 |        3 |           5 | 485176.15999999986 |             121 | store      |  5003002 |        3 |           5 |  581932.2000000001 |             168
 store      |  5004001 |        4 |           5 |  959688.3700000001 |             262 | store      |  5004001 |        4 |           5 | 1308571.4399999988 |             366
 store      |  5004002 |        4 |           5 |          460864.56 |             112 | store      |  5004002 |        4 |           5 |  622344.5300000003 |             164
 store      |  6001001 |        1 |           6 |  93946.75000000001 |              16 | store      |  6001001 |        1 |           6 | 106302.45999999998 |              31
 store      |  6001002 |        1 |           6 | 37425.090000000004 |               9 | store      |  6001002 |        1 |           6 | 37818.490000000005 |               9
 store      |  6001003 |        1 |           6 |           98381.53 |              26 | store      |  6001003 |        1 |           6 |           166226.6 |              39
 store      |  6001004 |        1 |           6 |           41962.91 |              12 | store      |  6001004 |        1 |           6 |           78853.11 |              23
 store      |  6001005 |        1 |           6 |  77213.65000000001 |              20 | store      |  6001005 |        1 |           6 |  93011.27000000002 |              24
 store      |  6001006 |        1 |           6 | 14963.029999999999 |               4 | store      |  6001006 |        1 |           6 |           60949.24 |              11
 store      |  6001007 |        1 |           6 | 55032.950000000004 |              16 | store      |  6001007 |        1 |           6 | 64482.810000000005 |              17
 store      |  6001008 |        1 |           6 |           33228.85 |               7 | store      |  6001008 |        1 |           6 |           42453.85 |              10
 store      |  6002001 |        2 |           6 | 35425.920000000006 |              15 | store      |  6002001 |        2 |           6 |  63931.36000000001 |              20
 store      |  6002002 |        2 |           6 |           22080.32 |              10 | store      |  6002002 |        2 |           6 |           75608.08 |              21
 store      |  6002003 |        2 |           6 |           59455.56 |              16 | store      |  6002003 |        2 |           6 | 114429.32000000002 |              35
 store      |  6002004 |        2 |           6 | 31915.609999999993 |              10 | store      |  6002004 |        2 |           6 |  53725.45000000001 |              11
 store      |  6002005 |        2 |           6 |           23742.48 |              14 | store      |  6002005 |        2 |           6 | 61830.399999999994 |              23
 store      |  6002006 |        2 |           6 |           49340.42 |              14 | store      |  6002006 |        2 |           6 |              73244 |              17
 store      |  6002007 |        2 |           6 |           67798.35 |              19 | store      |  6002007 |        2 |           6 |          111489.75 |              28
 store      |  6002008 |        2 |           6 |           20741.89 |               4 | store      |  6002008 |        2 |           6 |           19362.16 |               4
 store      |  6003001 |        3 |           6 |           20864.29 |               9 | store      |  6003001 |        3 |           6 |           49438.39 |              13
 store      |  6003002 |        3 |           6 |  9187.630000000001 |               6 | store      |  6003002 |        3 |           6 |           13669.31 |               8
 store      |  6003003 |        3 |           6 | 31837.280000000006 |              16 | store      |  6003003 |        3 |           6 | 112065.84000000001 |              28
 store      |  6003004 |        3 |           6 |           18676.46 |               3 | store      |  6003004 |        3 |           6 |           42673.01 |              11
 store      |  6003005 |        3 |           6 |  55015.66000000001 |              17 | store      |  6003005 |        3 |           6 | 157091.19999999998 |              35
 store      |  6003006 |        3 |           6 |            21101.2 |               7 | store      |  6003006 |        3 |           6 |           21887.16 |               9
 store      |  6003007 |        3 |           6 |           46842.39 |              15 | store      |  6003007 |        3 |           6 | 31539.989999999998 |              15
 store      |  6003008 |        3 |           6 |           14447.09 |               4 | store      |  6003008 |        3 |           6 |           36781.89 |               7
 store      |  6004001 |        4 |           6 | 44599.469999999994 |              12 | store      |  6004001 |        4 |           6 | 134540.19999999998 |              34
 store      |  6004002 |        4 |           6 |           20807.37 |               2 | store      |  6004002 |        4 |           6 |           43700.19 |              10
 store      |  6004003 |        4 |           6 |           79506.73 |              21 | store      |  6004003 |        4 |           6 |  47351.70000000001 |              17
 store      |  6004004 |        4 |           6 |            62436.5 |              20 | store      |  6004004 |        4 |           6 | 25179.300000000003 |              10
 store      |  6004005 |        4 |           6 |           93731.98 |              20 | store      |  6004005 |        4 |           6 |  68953.12999999999 |              19
 store      |  6004006 |        4 |           6 | 21227.539999999997 |               6 | store      |  6004006 |        4 |           6 | 27636.649999999998 |               9
 store      |  6004007 |        4 |           6 |           26499.46 |               9 | store      |  6004007 |        4 |           6 | 28969.289999999997 |               7
 store      |  6004008 |        4 |           6 | 29492.280000000002 |               7 | store      |  6004008 |        4 |           6 |           29029.89 |               6
 store      |  6005001 |        5 |           6 |  69157.54999999999 |              19 | store      |  6005001 |        5 |           6 | 107303.95000000003 |              34
 store      |  6005002 |        5 |           6 |             7556.2 |               4 | store      |  6005002 |        5 |           6 |           11379.01 |               3
 store      |  6005003 |        5 |           6 |  99136.22000000002 |              25 | store      |  6005003 |        5 |           6 |  74348.90999999999 |              25
 store      |  6005005 |        5 |           6 |           58975.78 |              18 | store      |  6005005 |        5 |           6 |  87552.29999999999 |              27
 store      |  6005006 |        5 |           6 |  59823.73000000001 |              15 | store      |  6005006 |        5 |           6 | 101274.70999999999 |              24
 store      |  6005007 |        5 |           6 |           42889.68 |              11 | store      |  6005007 |        5 |           6 | 110245.32000000002 |              25
 store      |  6005008 |        5 |           6 |           71419.42 |              14 | store      |  6005008 |        5 |           6 |  46177.29000000001 |              15
 store      |  6006001 |        6 |           6 |           50030.54 |              12 | store      |  6006001 |        6 |           6 |  63486.07999999999 |              17
 store      |  6006002 |        6 |           6 |           34588.69 |               7 | store      |  6006002 |        6 |           6 |           50609.33 |              15
 store      |  6006003 |        6 |           6 |           46007.33 |              14 | store      |  6006003 |        6 |           6 |  77703.23999999999 |              24
 store      |  6006004 |        6 |           6 | 40179.219999999994 |              12 | store      |  6006004 |        6 |           6 | 47981.979999999996 |              18
 store      |  6006005 |        6 |           6 | 133643.05000000002 |              27 | store      |  6006005 |        6 |           6 | 114870.40999999999 |              34
 store      |  6006007 |        6 |           6 |           48214.15 |              13 | store      |  6006007 |        6 |           6 |  85198.70000000001 |              21
 store      |  6006008 |        6 |           6 |  62541.61999999999 |              13 | store      |  6006008 |        6 |           6 | 113574.23999999999 |              18
 store      |  6007001 |        7 |           6 |           21680.53 |               8 | store      |  6007001 |        7 |           6 |  50659.58000000001 |              17
 store      |  6007002 |        7 |           6 |            23901.8 |               9 | store      |  6007002 |        7 |           6 |           44007.49 |              11
 store      |  6007003 |        7 |           6 |  93534.96999999999 |              17 | store      |  6007003 |        7 |           6 |           75073.45 |              14
 store      |  6007004 |        7 |           6 |           27018.46 |               5 | store      |  6007004 |        7 |           6 |           49714.96 |              11
 store      |  6007005 |        7 |           6 |  72323.58000000002 |              21 | store      |  6007005 |        7 |           6 | 100200.20000000001 |              29
 store      |  6007006 |        7 |           6 |            21234.4 |               7 | store      |  6007006 |        7 |           6 |           66023.94 |              13
 store      |  6007007 |        7 |           6 |  94450.95999999999 |              22 | store      |  6007007 |        7 |           6 | 112261.01000000001 |              31
 store      |  6007008 |        7 |           6 |  42337.54000000001 |              11 | store      |  6007008 |        7 |           6 |  77178.09000000001 |              19
 store      |  6008001 |        8 |           6 | 16339.620000000003 |               5 | store      |  6008001 |        8 |           6 |           24738.95 |              10
 store      |  6008002 |        8 |           6 |            43954.9 |              13 | store      |  6008002 |        8 |           6 |  82352.00000000001 |              17
 store      |  6008003 |        8 |           6 |  42043.68000000001 |              21 | store      |  6008003 |        8 |           6 |  94658.40999999999 |              23
 store      |  6008004 |        8 |           6 | 60406.810000000005 |              12 | store      |  6008004 |        8 |           6 |  68727.99999999999 |              19
 store      |  6008005 |        8 |           6 |           93800.37 |              22 | store      |  6008005 |        8 |           6 | 145574.77000000002 |              29
 store      |  6008006 |        8 |           6 |           30520.52 |               6 | store      |  6008006 |        8 |           6 |           16707.78 |               4
(100 rows)

UPDATE time_statistics SET e_time = TRANSACTION_TIMESTAMP() WHERE template = '../query_postgresql/query14.tpl' AND stream = 6;
psql:/tmp/s1-basline/throughput/query_6.sql:1450: NOTICE:  duration: 0.082 ms  plan:
Query Text: UPDATE time_statistics SET e_time = TRANSACTION_TIMESTAMP() WHERE template = '../query_postgresql/query14.tpl' AND stream = 6;
Update on time_statistics  (cost=0.00..15.28 rows=0 width=0) (actual time=0.081..0.082 rows=0 loops=1)
  ->  Seq Scan on time_statistics  (cost=0.00..15.28 rows=1 width=14) (actual time=0.052..0.067 rows=1 loops=1)
        Filter: ((template = '../query_postgresql/query14.tpl'::text) AND (stream = 6))
        Rows Removed by Filter: 517
UPDATE 1
LOAD 'auto_explain'; SET auto_explain.log_min_duration TO 0; SET auto_explain.log_analyze TO on; SET auto_explain.log_level TO notice; INSERT INTO time_statistics (template, s_time, stream, query, seed) VALUES ('query38.tpl', TRANSACTION_TIMESTAMP(), 6, 29, 1890357412);
LOAD
SET
SET
SET
psql:/tmp/s1-basline/throughput/query_6.sql:1451: NOTICE:  duration: 0.008 ms  plan:
Query Text: INSERT INTO time_statistics (template, s_time, stream, query, seed) VALUES ('query38.tpl', TRANSACTION_TIMESTAMP(), 6, 29, 1890357412);
Insert on time_statistics  (cost=0.00..0.01 rows=0 width=0) (actual time=0.008..0.008 rows=0 loops=1)
  ->  Result  (cost=0.00..0.01 rows=1 width=64) (actual time=0.001..0.001 rows=1 loops=1)
INSERT 0 1
select  count(*) from (
    select distinct c_last_name, c_first_name, d_date
    from store_sales, date_dim, customer
          where store_sales.ss_sold_date_sk = date_dim.d_date_sk
      and store_sales.ss_customer_sk = customer.c_customer_sk
      and d_month_seq between 1210 and 1210 + 11
  intersect
    select distinct c_last_name, c_first_name, d_date
    from catalog_sales, date_dim, customer
          where catalog_sales.cs_sold_date_sk = date_dim.d_date_sk
      and catalog_sales.cs_bill_customer_sk = customer.c_customer_sk
      and d_month_seq between 1210 and 1210 + 11
  intersect
    select distinct c_last_name, c_first_name, d_date
    from web_sales, date_dim, customer
          where web_sales.ws_sold_date_sk = date_dim.d_date_sk
      and web_sales.ws_bill_customer_sk = customer.c_customer_sk
      and d_month_seq between 1210 and 1210 + 11
) hot_cust
limit 100;
psql:/tmp/s1-basline/throughput/query_6.sql:1471: NOTICE:  duration: 2162.461 ms  plan:
Query Text: select  count(*) from (
    select distinct c_last_name, c_first_name, d_date
    from store_sales, date_dim, customer
          where store_sales.ss_sold_date_sk = date_dim.d_date_sk
      and store_sales.ss_customer_sk = customer.c_customer_sk
      and d_month_seq between 1210 and 1210 + 11
  intersect
    select distinct c_last_name, c_first_name, d_date
    from catalog_sales, date_dim, customer
          where catalog_sales.cs_sold_date_sk = date_dim.d_date_sk
      and catalog_sales.cs_bill_customer_sk = customer.c_customer_sk
      and d_month_seq between 1210 and 1210 + 11
  intersect
    select distinct c_last_name, c_first_name, d_date
    from web_sales, date_dim, customer
          where web_sales.ws_sold_date_sk = date_dim.d_date_sk
      and web_sales.ws_bill_customer_sk = customer.c_customer_sk
      and d_month_seq between 1210 and 1210 + 11
) hot_cust
limit 100;
Limit  (cost=154776.49..154776.50 rows=1 width=8) (actual time=2087.036..2162.451 rows=1 loops=1)
  ->  Aggregate  (cost=154776.49..154776.50 rows=1 width=8) (actual time=2087.035..2162.450 rows=1 loops=1)
        ->  Subquery Scan on hot_cust  (cost=34595.76..154767.87 rows=3451 width=0) (actual time=2086.463..2162.439 rows=108 loops=1)
              ->  HashSetOp Intersect  (cost=34595.76..154733.36 rows=3451 width=216) (actual time=2086.462..2162.428 rows=108 loops=1)
                    ->  Append  (cost=34595.76..154656.28 rows=10277 width=216) (actual time=258.063..2158.500 rows=11986 loops=1)
                          ->  Subquery Scan on "*SELECT* 3"  (cost=34595.76..35058.08 rows=3451 width=60) (actual time=258.062..330.953 rows=11668 loops=1)
                                ->  Unique  (cost=34595.76..35023.57 rows=3451 width=56) (actual time=258.061..329.687 rows=11668 loops=1)
                                      ->  Gather Merge  (cost=34595.76..34997.68 rows=3451 width=56) (actual time=258.060..307.437 rows=140590 loops=1)
                                            Workers Planned: 2
                                            Workers Launched: 2
                                            ->  Sort  (cost=33595.73..33599.33 rows=1438 width=56) (actual time=231.439..236.039 rows=46863 loops=3)
                                                  Sort Key: customer.c_last_name, customer.c_first_name, date_dim.d_date
                                                  Sort Method: quicksort  Memory: 7339kB
                                                  Worker 0:  Sort Method: quicksort  Memory: 5127kB
                                                  Worker 1:  Sort Method: quicksort  Memory: 5115kB
                                                  ->  Nested Loop  (cost=2505.39..33520.31 rows=1438 width=56) (actual time=13.572..166.641 rows=46863 loops=3)
                                                        ->  Hash Join  (cost=2505.10..33067.07 rows=1438 width=12) (actual time=13.523..90.602 rows=46871 loops=3)
                                                              Hash Cond: (web_sales.ws_sold_date_sk = date_dim.d_date_sk)
                                                              ->  Parallel Seq Scan on web_sales  (cost=0.00..29771.63 rows=301063 width=16) (actual time=0.017..44.108 rows=237185 loops=3)
                                                              ->  Hash  (cost=2500.73..2500.73 rows=349 width=12) (actual time=13.384..13.384 rows=365 loops=3)
                                                                    Buckets: 1024  Batches: 1  Memory Usage: 26kB
                                                                    ->  Seq Scan on date_dim  (cost=0.00..2500.73 rows=349 width=12) (actual time=6.600..13.334 rows=365 loops=3)
                                                                          Filter: ((d_month_seq >= 1210) AND (d_month_seq <= 1221))
                                                                          Rows Removed by Filter: 72684
                                                        ->  Index Scan using pk_customer on customer  (cost=0.29..0.32 rows=1 width=60) (actual time=0.001..0.001 rows=1 loops=140612)
                                                              Index Cond: (c_customer_sk = web_sales.ws_bill_customer_sk)
                          ->  Result  (cost=23209.92..119546.82 rows=6826 width=216) (actual time=1750.565..1826.825 rows=318 loops=1)
                                ->  HashSetOp Intersect  (cost=23209.92..119478.56 rows=6826 width=216) (actual time=1750.564..1826.787 rows=318 loops=1)
                                      ->  Append  (cost=23209.92..119332.91 rows=19420 width=216) (actual time=579.217..1806.291 rows=77310 loops=1)
                                            ->  Subquery Scan on "*SELECT* 2"  (cost=23209.92..23346.44 rows=6826 width=60) (actual time=579.216..587.987 rows=30977 loops=1)
                                                  ->  HashAggregate  (cost=23209.92..23278.18 rows=6826 width=56) (actual time=579.214..585.667 rows=30977 loops=1)
                                                        Group Key: customer_1.c_last_name, customer_1.c_first_name, date_dim_1.d_date
                                                        Batches: 1  Memory Usage: 6673kB
                                                        ->  Nested Loop  (cost=0.72..23158.73 rows=6826 width=56) (actual time=3.777..470.447 rows=280137 loops=1)
                                                              ->  Nested Loop  (cost=0.43..21013.69 rows=6862 width=12) (actual time=3.768..100.381 rows=280853 loops=1)
                                                                    ->  Seq Scan on date_dim date_dim_1  (cost=0.00..2500.73 rows=349 width=12) (actual time=3.749..8.014 rows=365 loops=1)
                                                                          Filter: ((d_month_seq >= 1210) AND (d_month_seq <= 1221))
                                                                          Rows Removed by Filter: 72684
                                                                    ->  Index Scan using i_cs_sold_date_sk on catalog_sales  (cost=0.43..45.20 rows=785 width=16) (actual time=0.004..0.174 rows=769 loops=365)
                                                                          Index Cond: (cs_sold_date_sk = date_dim_1.d_date_sk)
                                                              ->  Index Scan using pk_customer on customer customer_1  (cost=0.29..0.31 rows=1 width=60) (actual time=0.001..0.001 rows=1 loops=280853)
                                                                    Index Cond: (c_customer_sk = catalog_sales.cs_bill_customer_sk)
                                            ->  Subquery Scan on "*SELECT* 1"  (cost=94202.19..95889.36 rows=12594 width=60) (actual time=854.475..1213.739 rows=46333 loops=1)
                                                  ->  Unique  (cost=94202.19..95763.42 rows=12594 width=56) (actual time=854.473..1208.856 rows=46333 loops=1)
                                                        ->  Gather Merge  (cost=94202.19..95668.97 rows=12594 width=56) (actual time=854.472..1129.876 rows=525346 loops=1)
                                                              Workers Planned: 2
                                                              Workers Launched: 2
                                                              ->  Sort  (cost=93202.17..93215.29 rows=5248 width=56) (actual time=814.537..853.958 rows=175115 loops=3)
                                                                    Sort Key: customer_2.c_last_name, customer_2.c_first_name, date_dim_2.d_date
                                                                    Sort Method: external merge  Disk: 12704kB
                                                                    Worker 0:  Sort Method: external merge  Disk: 10136kB
                                                                    Worker 1:  Sort Method: external merge  Disk: 10208kB
                                                                    ->  Nested Loop  (cost=2505.39..92877.90 rows=5248 width=56) (actual time=12.861..527.233 rows=175115 loops=3)
                                                                          ->  Hash Join  (cost=2505.10..91166.39 rows=5498 width=12) (actual time=12.808..258.747 rows=179319 loops=3)
                                                                                Hash Cond: (store_sales.ss_sold_date_sk = date_dim_2.d_date_sk)
                                                                                ->  Parallel Seq Scan on store_sales  (cost=0.00..85499.45 rows=1204445 width=16) (actual time=0.015..124.105 rows=948150 loops=3)
                                                                                ->  Hash  (cost=2500.73..2500.73 rows=349 width=12) (actual time=12.676..12.677 rows=365 loops=3)
                                                                                      Buckets: 1024  Batches: 1  Memory Usage: 26kB
                                                                                      ->  Seq Scan on date_dim date_dim_2  (cost=0.00..2500.73 rows=349 width=12) (actual time=6.083..12.626 rows=365 loops=3)
                                                                                            Filter: ((d_month_seq >= 1210) AND (d_month_seq <= 1221))
                                                                                            Rows Removed by Filter: 72684
                                                                          ->  Index Scan using pk_customer on customer customer_2  (cost=0.29..0.31 rows=1 width=60) (actual time=0.001..0.001 rows=1 loops=537957)
                                                                                Index Cond: (c_customer_sk = store_sales.ss_customer_sk)
 count 
-------
   108
(1 row)

UPDATE time_statistics SET e_time = TRANSACTION_TIMESTAMP() WHERE template = 'query38.tpl' AND stream = 6;
psql:/tmp/s1-basline/throughput/query_6.sql:1473: NOTICE:  duration: 0.089 ms  plan:
Query Text: UPDATE time_statistics SET e_time = TRANSACTION_TIMESTAMP() WHERE template = 'query38.tpl' AND stream = 6;
Update on time_statistics  (cost=0.00..15.28 rows=0 width=0) (actual time=0.089..0.089 rows=0 loops=1)
  ->  Seq Scan on time_statistics  (cost=0.00..15.28 rows=1 width=14) (actual time=0.058..0.074 rows=1 loops=1)
        Filter: ((template = 'query38.tpl'::text) AND (stream = 6))
        Rows Removed by Filter: 518
UPDATE 1
LOAD 'auto_explain'; SET auto_explain.log_min_duration TO 0; SET auto_explain.log_analyze TO on; SET auto_explain.log_level TO notice; INSERT INTO time_statistics (template, s_time, stream, query, seed) VALUES ('query24.tpl', TRANSACTION_TIMESTAMP(), 6, 30, 897615075);
LOAD
SET
SET
SET
psql:/tmp/s1-basline/throughput/query_6.sql:1474: NOTICE:  duration: 0.008 ms  plan:
Query Text: INSERT INTO time_statistics (template, s_time, stream, query, seed) VALUES ('query24.tpl', TRANSACTION_TIMESTAMP(), 6, 30, 897615075);
Insert on time_statistics  (cost=0.00..0.01 rows=0 width=0) (actual time=0.008..0.008 rows=0 loops=1)
  ->  Result  (cost=0.00..0.01 rows=1 width=64) (actual time=0.001..0.001 rows=1 loops=1)
INSERT 0 1
with ssales as
(select c_last_name
      ,c_first_name
      ,s_store_name
      ,ca_state
      ,s_state
      ,i_color
      ,i_current_price
      ,i_manager_id
      ,i_units
      ,i_size
      ,sum(ss_net_paid) netpaid
from store_sales
    ,store_returns
    ,store
    ,item
    ,customer
    ,customer_address
where ss_ticket_number = sr_ticket_number
  and ss_item_sk = sr_item_sk
  and ss_customer_sk = c_customer_sk
  and ss_item_sk = i_item_sk
  and ss_store_sk = s_store_sk
  and c_current_addr_sk = ca_address_sk
  and c_birth_country <> upper(ca_country)
  and s_zip = ca_zip
and s_market_id=8
group by c_last_name
        ,c_first_name
        ,s_store_name
        ,ca_state
        ,s_state
        ,i_color
        ,i_current_price
        ,i_manager_id
        ,i_units
        ,i_size)
select c_last_name
      ,c_first_name
      ,s_store_name
      ,sum(netpaid) paid
from ssales
where i_color = 'lawn'
group by c_last_name
        ,c_first_name
        ,s_store_name
having sum(netpaid) > (select 0.05*avg(netpaid)
                                 from ssales)
order by c_last_name
        ,c_first_name
        ,s_store_name
;
psql:/tmp/s1-basline/throughput/query_6.sql:1526: NOTICE:  duration: 9.365 ms  plan:
Query Text: with ssales as
(select c_last_name
      ,c_first_name
      ,s_store_name
      ,ca_state
      ,s_state
      ,i_color
      ,i_current_price
      ,i_manager_id
      ,i_units
      ,i_size
      ,sum(ss_net_paid) netpaid
from store_sales
    ,store_returns
    ,store
    ,item
    ,customer
    ,customer_address
where ss_ticket_number = sr_ticket_number
  and ss_item_sk = sr_item_sk
  and ss_customer_sk = c_customer_sk
  and ss_item_sk = i_item_sk
  and ss_store_sk = s_store_sk
  and c_current_addr_sk = ca_address_sk
  and c_birth_country <> upper(ca_country)
  and s_zip = ca_zip
and s_market_id=8
group by c_last_name
        ,c_first_name
        ,s_store_name
        ,ca_state
        ,s_state
        ,i_color
        ,i_current_price
        ,i_manager_id
        ,i_units
        ,i_size)
select c_last_name
      ,c_first_name
      ,s_store_name
      ,sum(netpaid) paid
from ssales
where i_color = 'lawn'
group by c_last_name
        ,c_first_name
        ,s_store_name
having sum(netpaid) > (select 0.05*avg(netpaid)
                                 from ssales)
order by c_last_name
        ,c_first_name
        ,s_store_name
;
GroupAggregate  (cost=98115.42..98115.45 rows=1 width=334) (actual time=6.507..9.364 rows=0 loops=1)
  Group Key: ssales.c_last_name, ssales.c_first_name, ssales.s_store_name
  Filter: (sum(ssales.netpaid) > $6)
  CTE ssales
    ->  GroupAggregate  (cost=98115.31..98115.35 rows=1 width=136) (actual time=6.501..9.357 rows=0 loops=1)
          Group Key: customer.c_last_name, customer.c_first_name, store.s_store_name, customer_address.ca_state, store.s_state, item.i_color, item.i_current_price, item.i_manager_id, item.i_units, item.i_size
          ->  Sort  (cost=98115.31..98115.32 rows=1 width=136) (actual time=6.501..9.357 rows=0 loops=1)
                Sort Key: customer.c_last_name, customer.c_first_name, store.s_store_name, customer_address.ca_state, store.s_state, item.i_color, item.i_current_price, item.i_manager_id, item.i_units, item.i_size
                Sort Method: quicksort  Memory: 25kB
                ->  Nested Loop  (cost=92163.73..98115.30 rows=1 width=136) (actual time=6.496..9.351 rows=0 loops=1)
                      ->  Gather  (cost=92163.44..98115.00 rows=1 width=87) (actual time=6.496..9.351 rows=0 loops=1)
                            Workers Planned: 1
                            Workers Launched: 1
                            ->  Nested Loop  (cost=91163.44..97114.90 rows=1 width=87) (actual time=1.108..1.110 rows=0 loops=2)
                                  Join Filter: (store.s_zip = customer_address.ca_zip)
                                  ->  Nested Loop  (cost=91163.15..97109.47 rows=16 width=112) (actual time=1.108..1.109 rows=0 loops=2)
                                        ->  Parallel Hash Join  (cost=91162.86..97104.18 rows=17 width=51) (actual time=1.108..1.109 rows=0 loops=2)
                                              Hash Cond: ((store_returns.sr_ticket_number = store_sales.ss_ticket_number) AND (store_returns.sr_item_sk = store_sales.ss_item_sk))
                                              ->  Parallel Index Only Scan using pk_store_returns on store_returns  (cost=0.42..4668.91 rows=169702 width=16) (never executed)
                                                    Heap Fetches: 0
                                              ->  Parallel Hash  (cost=89726.94..89726.94 rows=95700 width=51) (actual time=0.013..0.014 rows=0 loops=2)
                                                    Buckets: 262144  Batches: 1  Memory Usage: 0kB
                                                    ->  Hash Join  (cost=1.16..89726.94 rows=95700 width=51) (actual time=0.011..0.011 rows=0 loops=1)
                                                          Hash Cond: (store_sales.ss_store_sk = store.s_store_sk)
                                                          ->  Parallel Seq Scan on store_sales  (cost=0.00..85499.45 rows=1204445 width=40) (actual time=0.003..0.003 rows=1 loops=1)
                                                          ->  Hash  (cost=1.15..1.15 rows=1 width=27) (actual time=0.005..0.005 rows=0 loops=1)
                                                                Buckets: 1024  Batches: 1  Memory Usage: 8kB
                                                                ->  Seq Scan on store  (cost=0.00..1.15 rows=1 width=27) (actual time=0.005..0.005 rows=0 loops=1)
                                                                      Filter: (s_market_id = 8)
                                                                      Rows Removed by Filter: 12
                                        ->  Index Scan using pk_customer on customer  (cost=0.29..0.31 rows=1 width=77) (never executed)
                                              Index Cond: (c_customer_sk = store_sales.ss_customer_sk)
                                  ->  Index Scan using pk_customer_address on customer_address  (cost=0.29..0.33 rows=1 width=36) (never executed)
                                        Index Cond: (ca_address_sk = customer.c_current_addr_sk)
                                        Filter: ((customer.c_birth_country)::text <> upper((ca_country)::text))
                      ->  Index Scan using pk_item on item  (cost=0.29..0.31 rows=1 width=73) (never executed)
                            Index Cond: (i_item_sk = store_sales.ss_item_sk)
  InitPlan 2 (returns $6)
    ->  Aggregate  (cost=0.02..0.04 rows=1 width=8) (never executed)
          ->  CTE Scan on ssales ssales_1  (cost=0.00..0.02 rows=1 width=8) (never executed)
  ->  Sort  (cost=0.03..0.04 rows=1 width=334) (actual time=6.507..6.507 rows=0 loops=1)
        Sort Key: ssales.c_last_name, ssales.c_first_name, ssales.s_store_name
        Sort Method: quicksort  Memory: 25kB
        ->  CTE Scan on ssales  (cost=0.00..0.02 rows=1 width=334) (actual time=6.502..6.502 rows=0 loops=1)
              Filter: (i_color = 'lawn'::bpchar)
 c_last_name | c_first_name | s_store_name | paid 
-------------+--------------+--------------+------
(0 rows)

with ssales as
(select c_last_name
      ,c_first_name
      ,s_store_name
      ,ca_state
      ,s_state
      ,i_color
      ,i_current_price
      ,i_manager_id
      ,i_units
      ,i_size
      ,sum(ss_net_paid) netpaid
from store_sales
    ,store_returns
    ,store
    ,item
    ,customer
    ,customer_address
where ss_ticket_number = sr_ticket_number
  and ss_item_sk = sr_item_sk
  and ss_customer_sk = c_customer_sk
  and ss_item_sk = i_item_sk
  and ss_store_sk = s_store_sk
  and c_current_addr_sk = ca_address_sk
  and c_birth_country <> upper(ca_country)
  and s_zip = ca_zip
  and s_market_id = 8
group by c_last_name
        ,c_first_name
        ,s_store_name
        ,ca_state
        ,s_state
        ,i_color
        ,i_current_price
        ,i_manager_id
        ,i_units
        ,i_size)
select c_last_name
      ,c_first_name
      ,s_store_name
      ,sum(netpaid) paid
from ssales
where i_color = 'navy'
group by c_last_name
        ,c_first_name
        ,s_store_name
having sum(netpaid) > (select 0.05*avg(netpaid)
                           from ssales)
order by c_last_name
        ,c_first_name
        ,s_store_name
;
psql:/tmp/s1-basline/throughput/query_6.sql:1578: NOTICE:  duration: 9.579 ms  plan:
Query Text: with ssales as
(select c_last_name
      ,c_first_name
      ,s_store_name
      ,ca_state
      ,s_state
      ,i_color
      ,i_current_price
      ,i_manager_id
      ,i_units
      ,i_size
      ,sum(ss_net_paid) netpaid
from store_sales
    ,store_returns
    ,store
    ,item
    ,customer
    ,customer_address
where ss_ticket_number = sr_ticket_number
  and ss_item_sk = sr_item_sk
  and ss_customer_sk = c_customer_sk
  and ss_item_sk = i_item_sk
  and ss_store_sk = s_store_sk
  and c_current_addr_sk = ca_address_sk
  and c_birth_country <> upper(ca_country)
  and s_zip = ca_zip
  and s_market_id = 8
group by c_last_name
        ,c_first_name
        ,s_store_name
        ,ca_state
        ,s_state
        ,i_color
        ,i_current_price
        ,i_manager_id
        ,i_units
        ,i_size)
select c_last_name
      ,c_first_name
      ,s_store_name
      ,sum(netpaid) paid
from ssales
where i_color = 'navy'
group by c_last_name
        ,c_first_name
        ,s_store_name
having sum(netpaid) > (select 0.05*avg(netpaid)
                           from ssales)
order by c_last_name
        ,c_first_name
        ,s_store_name
;
GroupAggregate  (cost=98115.42..98115.45 rows=1 width=334) (actual time=6.734..9.577 rows=0 loops=1)
  Group Key: ssales.c_last_name, ssales.c_first_name, ssales.s_store_name
  Filter: (sum(ssales.netpaid) > $6)
  CTE ssales
    ->  GroupAggregate  (cost=98115.31..98115.35 rows=1 width=136) (actual time=6.731..9.573 rows=0 loops=1)
          Group Key: customer.c_last_name, customer.c_first_name, store.s_store_name, customer_address.ca_state, store.s_state, item.i_color, item.i_current_price, item.i_manager_id, item.i_units, item.i_size
          ->  Sort  (cost=98115.31..98115.32 rows=1 width=136) (actual time=6.731..9.573 rows=0 loops=1)
                Sort Key: customer.c_last_name, customer.c_first_name, store.s_store_name, customer_address.ca_state, store.s_state, item.i_color, item.i_current_price, item.i_manager_id, item.i_units, item.i_size
                Sort Method: quicksort  Memory: 25kB
                ->  Nested Loop  (cost=92163.73..98115.30 rows=1 width=136) (actual time=6.728..9.570 rows=0 loops=1)
                      ->  Gather  (cost=92163.44..98115.00 rows=1 width=87) (actual time=6.727..9.569 rows=0 loops=1)
                            Workers Planned: 1
                            Workers Launched: 1
                            ->  Nested Loop  (cost=91163.44..97114.90 rows=1 width=87) (actual time=1.049..1.051 rows=0 loops=2)
                                  Join Filter: (store.s_zip = customer_address.ca_zip)
                                  ->  Nested Loop  (cost=91163.15..97109.47 rows=16 width=112) (actual time=1.049..1.050 rows=0 loops=2)
                                        ->  Parallel Hash Join  (cost=91162.86..97104.18 rows=17 width=51) (actual time=1.049..1.050 rows=0 loops=2)
                                              Hash Cond: ((store_returns.sr_ticket_number = store_sales.ss_ticket_number) AND (store_returns.sr_item_sk = store_sales.ss_item_sk))
                                              ->  Parallel Index Only Scan using pk_store_returns on store_returns  (cost=0.42..4668.91 rows=169702 width=16) (never executed)
                                                    Heap Fetches: 0
                                              ->  Parallel Hash  (cost=89726.94..89726.94 rows=95700 width=51) (actual time=0.012..0.012 rows=0 loops=2)
                                                    Buckets: 262144  Batches: 1  Memory Usage: 0kB
                                                    ->  Hash Join  (cost=1.16..89726.94 rows=95700 width=51) (actual time=0.007..0.008 rows=0 loops=1)
                                                          Hash Cond: (store_sales.ss_store_sk = store.s_store_sk)
                                                          ->  Parallel Seq Scan on store_sales  (cost=0.00..85499.45 rows=1204445 width=40) (actual time=0.002..0.002 rows=1 loops=1)
                                                          ->  Hash  (cost=1.15..1.15 rows=1 width=27) (actual time=0.004..0.004 rows=0 loops=1)
                                                                Buckets: 1024  Batches: 1  Memory Usage: 8kB
                                                                ->  Seq Scan on store  (cost=0.00..1.15 rows=1 width=27) (actual time=0.004..0.004 rows=0 loops=1)
                                                                      Filter: (s_market_id = 8)
                                                                      Rows Removed by Filter: 12
                                        ->  Index Scan using pk_customer on customer  (cost=0.29..0.31 rows=1 width=77) (never executed)
                                              Index Cond: (c_customer_sk = store_sales.ss_customer_sk)
                                  ->  Index Scan using pk_customer_address on customer_address  (cost=0.29..0.33 rows=1 width=36) (never executed)
                                        Index Cond: (ca_address_sk = customer.c_current_addr_sk)
                                        Filter: ((customer.c_birth_country)::text <> upper((ca_country)::text))
                      ->  Index Scan using pk_item on item  (cost=0.29..0.31 rows=1 width=73) (never executed)
                            Index Cond: (i_item_sk = store_sales.ss_item_sk)
  InitPlan 2 (returns $6)
    ->  Aggregate  (cost=0.02..0.04 rows=1 width=8) (never executed)
          ->  CTE Scan on ssales ssales_1  (cost=0.00..0.02 rows=1 width=8) (never executed)
  ->  Sort  (cost=0.03..0.04 rows=1 width=334) (actual time=6.734..6.734 rows=0 loops=1)
        Sort Key: ssales.c_last_name, ssales.c_first_name, ssales.s_store_name
        Sort Method: quicksort  Memory: 25kB
        ->  CTE Scan on ssales  (cost=0.00..0.02 rows=1 width=334) (actual time=6.731..6.731 rows=0 loops=1)
              Filter: (i_color = 'navy'::bpchar)
 c_last_name | c_first_name | s_store_name | paid 
-------------+--------------+--------------+------
(0 rows)

UPDATE time_statistics SET e_time = TRANSACTION_TIMESTAMP() WHERE template = 'query24.tpl' AND stream = 6;
psql:/tmp/s1-basline/throughput/query_6.sql:1580: NOTICE:  duration: 0.065 ms  plan:
Query Text: UPDATE time_statistics SET e_time = TRANSACTION_TIMESTAMP() WHERE template = 'query24.tpl' AND stream = 6;
Update on time_statistics  (cost=0.00..15.28 rows=0 width=0) (actual time=0.064..0.065 rows=0 loops=1)
  ->  Seq Scan on time_statistics  (cost=0.00..15.28 rows=1 width=14) (actual time=0.045..0.057 rows=1 loops=1)
        Filter: ((template = 'query24.tpl'::text) AND (stream = 6))
        Rows Removed by Filter: 519
UPDATE 1
LOAD 'auto_explain'; SET auto_explain.log_min_duration TO 0; SET auto_explain.log_analyze TO on; SET auto_explain.log_level TO notice; INSERT INTO time_statistics (template, s_time, stream, query, seed) VALUES ('query42.tpl', TRANSACTION_TIMESTAMP(), 6, 31, 1222910928);
LOAD
SET
SET
SET
psql:/tmp/s1-basline/throughput/query_6.sql:1581: NOTICE:  duration: 0.013 ms  plan:
Query Text: INSERT INTO time_statistics (template, s_time, stream, query, seed) VALUES ('query42.tpl', TRANSACTION_TIMESTAMP(), 6, 31, 1222910928);
Insert on time_statistics  (cost=0.00..0.01 rows=0 width=0) (actual time=0.012..0.012 rows=0 loops=1)
  ->  Result  (cost=0.00..0.01 rows=1 width=64) (actual time=0.001..0.001 rows=1 loops=1)
INSERT 0 1
select  dt.d_year
 	,item.i_category_id
 	,item.i_category
 	,sum(ss_ext_sales_price)
 from 	date_dim dt
 	,store_sales
 	,item
 where dt.d_date_sk = store_sales.ss_sold_date_sk
 	and store_sales.ss_item_sk = item.i_item_sk
 	and item.i_manager_id = 1  	
 	and dt.d_moy=11
 	and dt.d_year=1998
 group by 	dt.d_year
 		,item.i_category_id
 		,item.i_category
 order by       sum(ss_ext_sales_price) desc,dt.d_year
 		,item.i_category_id
 		,item.i_category
limit 100 ;
psql:/tmp/s1-basline/throughput/query_6.sql:1600: NOTICE:  duration: 181.743 ms  plan:
Query Text: select  dt.d_year
 	,item.i_category_id
 	,item.i_category
 	,sum(ss_ext_sales_price)
 from 	date_dim dt
 	,store_sales
 	,item
 where dt.d_date_sk = store_sales.ss_sold_date_sk
 	and store_sales.ss_item_sk = item.i_item_sk
 	and item.i_manager_id = 1  	
 	and dt.d_moy=11
 	and dt.d_year=1998
 group by 	dt.d_year
 		,item.i_category_id
 		,item.i_category
 order by       sum(ss_ext_sales_price) desc,dt.d_year
 		,item.i_category_id
 		,item.i_category
limit 100 ;
Limit  (cost=41326.90..41326.94 rows=19 width=67) (actual time=181.727..181.730 rows=10 loops=1)
  ->  Sort  (cost=41326.90..41326.94 rows=19 width=67) (actual time=181.726..181.728 rows=10 loops=1)
        Sort Key: (sum(store_sales.ss_ext_sales_price)) DESC, item.i_category_id, item.i_category
        Sort Method: quicksort  Memory: 26kB
        ->  GroupAggregate  (cost=41326.07..41326.49 rows=19 width=67) (actual time=181.420..181.722 rows=10 loops=1)
              Group Key: dt.d_year, item.i_category_id, item.i_category
              ->  Sort  (cost=41326.07..41326.11 rows=19 width=67) (actual time=181.373..181.429 rows=1429 loops=1)
                    Sort Key: item.i_category_id, item.i_category
                    Sort Method: quicksort  Memory: 205kB
                    ->  Nested Loop  (cost=0.72..41325.66 rows=19 width=67) (actual time=4.247..180.966 rows=1429 loops=1)
                          ->  Nested Loop  (cost=0.43..40988.10 rows=1096 width=20) (actual time=4.087..48.902 rows=88819 loops=1)
                                ->  Seq Scan on date_dim dt  (cost=0.00..2500.73 rows=29 width=12) (actual time=4.073..8.723 rows=30 loops=1)
                                      Filter: ((d_moy = 11) AND (d_year = 1998))
                                      Rows Removed by Filter: 73019
                                ->  Index Scan using i_ss_sold_date_sk on store_sales  (cost=0.43..1312.00 rows=1515 width=24) (actual time=0.005..0.919 rows=2961 loops=30)
                                      Index Cond: (ss_sold_date_sk = dt.d_date_sk)
                          ->  Index Scan using pk_item on item  (cost=0.29..0.31 rows=1 width=63) (actual time=0.001..0.001 rows=0 loops=88819)
                                Index Cond: (i_item_sk = store_sales.ss_item_sk)
                                Filter: (i_manager_id = 1)
                                Rows Removed by Filter: 1
 d_year | i_category_id |                     i_category                     |        sum         
--------+---------------+----------------------------------------------------+--------------------
   1998 |             6 | Jewelry                                            | 399807.97000000003
   1998 |             8 | Sports                                             |  325588.0799999997
   1998 |             1 | Women                                              |           296219.1
   1998 |             2 | Men                                                | 284942.85999999987
   1998 |             3 | Children                                           | 268704.27999999997
   1998 |             4 | Shoes                                              | 259099.40000000005
   1998 |            10 | Electronics                                        |  241519.3699999999
   1998 |             5 | Music                                              | 210014.69999999998
   1998 |             9 | Books                                              | 181944.95999999993
   1998 |             7 | Home                                               |  160320.5000000001
(10 rows)

UPDATE time_statistics SET e_time = TRANSACTION_TIMESTAMP() WHERE template = 'query42.tpl' AND stream = 6;
psql:/tmp/s1-basline/throughput/query_6.sql:1602: NOTICE:  duration: 0.084 ms  plan:
Query Text: UPDATE time_statistics SET e_time = TRANSACTION_TIMESTAMP() WHERE template = 'query42.tpl' AND stream = 6;
Update on time_statistics  (cost=0.00..15.28 rows=0 width=0) (actual time=0.084..0.084 rows=0 loops=1)
  ->  Seq Scan on time_statistics  (cost=0.00..15.28 rows=1 width=14) (actual time=0.054..0.070 rows=1 loops=1)
        Filter: ((template = 'query42.tpl'::text) AND (stream = 6))
        Rows Removed by Filter: 520
UPDATE 1
LOAD 'auto_explain'; SET auto_explain.log_min_duration TO 0; SET auto_explain.log_analyze TO on; SET auto_explain.log_level TO notice; INSERT INTO time_statistics (template, s_time, stream, query, seed) VALUES ('query29.tpl', TRANSACTION_TIMESTAMP(), 6, 32, 1647693509);
LOAD
SET
SET
SET
psql:/tmp/s1-basline/throughput/query_6.sql:1603: NOTICE:  duration: 0.010 ms  plan:
Query Text: INSERT INTO time_statistics (template, s_time, stream, query, seed) VALUES ('query29.tpl', TRANSACTION_TIMESTAMP(), 6, 32, 1647693509);
Insert on time_statistics  (cost=0.00..0.01 rows=0 width=0) (actual time=0.009..0.009 rows=0 loops=1)
  ->  Result  (cost=0.00..0.01 rows=1 width=64) (actual time=0.002..0.002 rows=1 loops=1)
INSERT 0 1
select   
     i_item_id
    ,i_item_desc
    ,s_store_id
    ,s_store_name
    ,min(ss_quantity)        as store_sales_quantity
    ,min(sr_return_quantity) as store_returns_quantity
    ,min(cs_quantity)        as catalog_sales_quantity
 from
    store_sales
   ,store_returns
   ,catalog_sales
   ,date_dim             d1
   ,date_dim             d2
   ,date_dim             d3
   ,store
   ,item
 where
     d1.d_moy               = 4 
 and d1.d_year              = 2000
 and d1.d_date_sk           = ss_sold_date_sk
 and i_item_sk              = ss_item_sk
 and s_store_sk             = ss_store_sk
 and ss_customer_sk         = sr_customer_sk
 and ss_item_sk             = sr_item_sk
 and ss_ticket_number       = sr_ticket_number
 and sr_returned_date_sk    = d2.d_date_sk
 and d2.d_moy               between 4 and  4 + 3 
 and d2.d_year              = 2000
 and sr_customer_sk         = cs_bill_customer_sk
 and sr_item_sk             = cs_item_sk
 and cs_sold_date_sk        = d3.d_date_sk     
 and d3.d_year              in (2000,2000+1,2000+2)
 group by
    i_item_id
   ,i_item_desc
   ,s_store_id
   ,s_store_name
 order by
    i_item_id 
   ,i_item_desc
   ,s_store_id
   ,s_store_name
 limit 100;
psql:/tmp/s1-basline/throughput/query_6.sql:1647: NOTICE:  duration: 1032.288 ms  plan:
Query Text: select   
     i_item_id
    ,i_item_desc
    ,s_store_id
    ,s_store_name
    ,min(ss_quantity)        as store_sales_quantity
    ,min(sr_return_quantity) as store_returns_quantity
    ,min(cs_quantity)        as catalog_sales_quantity
 from
    store_sales
   ,store_returns
   ,catalog_sales
   ,date_dim             d1
   ,date_dim             d2
   ,date_dim             d3
   ,store
   ,item
 where
     d1.d_moy               = 4 
 and d1.d_year              = 2000
 and d1.d_date_sk           = ss_sold_date_sk
 and i_item_sk              = ss_item_sk
 and s_store_sk             = ss_store_sk
 and ss_customer_sk         = sr_customer_sk
 and ss_item_sk             = sr_item_sk
 and ss_ticket_number       = sr_ticket_number
 and sr_returned_date_sk    = d2.d_date_sk
 and d2.d_moy               between 4 and  4 + 3 
 and d2.d_year              = 2000
 and sr_customer_sk         = cs_bill_customer_sk
 and sr_item_sk             = cs_item_sk
 and cs_sold_date_sk        = d3.d_date_sk     
 and d3.d_year              in (2000,2000+1,2000+2)
 group by
    i_item_id
   ,i_item_desc
   ,s_store_id
   ,s_store_name
 order by
    i_item_id 
   ,i_item_desc
   ,s_store_id
   ,s_store_name
 limit 100;
Limit  (cost=10885.56..10885.60 rows=1 width=153) (actual time=1032.281..1032.285 rows=0 loops=1)
  ->  GroupAggregate  (cost=10885.56..10885.60 rows=1 width=153) (actual time=1032.280..1032.285 rows=0 loops=1)
        Group Key: item.i_item_id, item.i_item_desc, store.s_store_id, store.s_store_name
        ->  Sort  (cost=10885.56..10885.57 rows=1 width=153) (actual time=1032.279..1032.283 rows=0 loops=1)
              Sort Key: item.i_item_id, item.i_item_desc, store.s_store_id, store.s_store_name
              Sort Method: quicksort  Memory: 25kB
              ->  Nested Loop  (cost=2.15..10885.55 rows=1 width=153) (actual time=1032.273..1032.277 rows=0 loops=1)
                    ->  Nested Loop  (cost=1.86..10885.25 rows=1 width=58) (actual time=1032.272..1032.276 rows=0 loops=1)
                          Join Filter: (store_sales.ss_store_sk = store.s_store_sk)
                          ->  Nested Loop  (cost=1.86..10883.98 rows=1 width=44) (actual time=1032.272..1032.275 rows=0 loops=1)
                                ->  Nested Loop  (cost=1.57..10883.66 rows=1 width=52) (actual time=633.874..1032.255 rows=3 loops=1)
                                      ->  Nested Loop  (cost=1.28..10883.35 rows=1 width=60) (actual time=29.743..1032.182 rows=11 loops=1)
                                            ->  Nested Loop  (cost=0.85..10881.13 rows=1 width=56) (actual time=4.439..90.209 rows=11238 loops=1)
                                                  ->  Nested Loop  (cost=0.42..10515.16 rows=461 width=28) (actual time=4.424..26.317 rows=15487 loops=1)
                                                        ->  Seq Scan on date_dim d2  (cost=0.00..2683.36 rows=121 width=8) (actual time=4.401..9.134 rows=122 loops=1)
                                                              Filter: ((d_moy >= 4) AND (d_moy <= 7) AND (d_year = 2000))
                                                              Rows Removed by Filter: 72927
                                                        ->  Index Scan using i_sr_returned_date_sk on store_returns  (cost=0.42..63.33 rows=140 width=36) (actual time=0.004..0.118 rows=127 loops=122)
                                                              Index Cond: (sr_returned_date_sk = d2.d_date_sk)
                                                  ->  Index Scan using pk_store_sales on store_sales  (cost=0.43..0.78 rows=1 width=44) (actual time=0.004..0.004 rows=1 loops=15487)
                                                        Index Cond: ((ss_item_sk = store_returns.sr_item_sk) AND (ss_ticket_number = store_returns.sr_ticket_number))
                                                        Filter: (store_returns.sr_customer_sk = ss_customer_sk)
                                                        Rows Removed by Filter: 0
                                            ->  Index Scan using pk_catalog_sales on catalog_sales  (cost=0.43..2.21 rows=1 width=28) (actual time=0.084..0.084 rows=0 loops=11238)
                                                  Index Cond: (cs_item_sk = store_sales.ss_item_sk)
                                                  Filter: (store_sales.ss_customer_sk = cs_bill_customer_sk)
                                                  Rows Removed by Filter: 105
                                      ->  Index Scan using pk_date_dim on date_dim d1  (cost=0.29..0.32 rows=1 width=8) (actual time=0.005..0.005 rows=0 loops=11)
                                            Index Cond: (d_date_sk = store_sales.ss_sold_date_sk)
                                            Filter: ((d_moy = 4) AND (d_year = 2000))
                                            Rows Removed by Filter: 1
                                ->  Index Scan using pk_date_dim on date_dim d3  (cost=0.29..0.31 rows=1 width=8) (actual time=0.005..0.006 rows=0 loops=3)
                                      Index Cond: (d_date_sk = catalog_sales.cs_sold_date_sk)
                                      Filter: (d_year = ANY ('{2000,2001,2002}'::integer[]))
                                      Rows Removed by Filter: 1
                          ->  Seq Scan on store  (cost=0.00..1.12 rows=12 width=30) (never executed)
                    ->  Index Scan using pk_item on item  (cost=0.29..0.31 rows=1 width=127) (never executed)
                          Index Cond: (i_item_sk = store_sales.ss_item_sk)
 i_item_id | i_item_desc | s_store_id | s_store_name | store_sales_quantity | store_returns_quantity | catalog_sales_quantity 
-----------+-------------+------------+--------------+----------------------+------------------------+------------------------
(0 rows)

UPDATE time_statistics SET e_time = TRANSACTION_TIMESTAMP() WHERE template = 'query29.tpl' AND stream = 6;
psql:/tmp/s1-basline/throughput/query_6.sql:1649: NOTICE:  duration: 0.097 ms  plan:
Query Text: UPDATE time_statistics SET e_time = TRANSACTION_TIMESTAMP() WHERE template = 'query29.tpl' AND stream = 6;
Update on time_statistics  (cost=0.00..15.28 rows=0 width=0) (actual time=0.096..0.096 rows=0 loops=1)
  ->  Seq Scan on time_statistics  (cost=0.00..15.28 rows=1 width=14) (actual time=0.063..0.081 rows=1 loops=1)
        Filter: ((template = 'query29.tpl'::text) AND (stream = 6))
        Rows Removed by Filter: 521
UPDATE 1
LOAD 'auto_explain'; SET auto_explain.log_min_duration TO 0; SET auto_explain.log_analyze TO on; SET auto_explain.log_level TO notice; INSERT INTO time_statistics (template, s_time, stream, query, seed) VALUES ('query72.tpl', TRANSACTION_TIMESTAMP(), 6, 33, 1603332509);
LOAD
SET
SET
SET
psql:/tmp/s1-basline/throughput/query_6.sql:1650: NOTICE:  duration: 0.008 ms  plan:
Query Text: INSERT INTO time_statistics (template, s_time, stream, query, seed) VALUES ('query72.tpl', TRANSACTION_TIMESTAMP(), 6, 33, 1603332509);
Insert on time_statistics  (cost=0.00..0.01 rows=0 width=0) (actual time=0.008..0.008 rows=0 loops=1)
  ->  Result  (cost=0.00..0.01 rows=1 width=64) (actual time=0.001..0.001 rows=1 loops=1)
INSERT 0 1
select  i_item_desc
      ,w_warehouse_name
      ,d1.d_week_seq
      ,sum(case when p_promo_sk is null then 1 else 0 end) no_promo
      ,sum(case when p_promo_sk is not null then 1 else 0 end) promo
      ,count(*) total_cnt
from catalog_sales
join inventory on (cs_item_sk = inv_item_sk)
join warehouse on (w_warehouse_sk=inv_warehouse_sk)
join item on (i_item_sk = cs_item_sk)
join customer_demographics on (cs_bill_cdemo_sk = cd_demo_sk)
join household_demographics on (cs_bill_hdemo_sk = hd_demo_sk)
join date_dim d1 on (cs_sold_date_sk = d1.d_date_sk)
join date_dim d2 on (inv_date_sk = d2.d_date_sk)
join date_dim d3 on (cs_ship_date_sk = d3.d_date_sk)
left outer join promotion on (cs_promo_sk=p_promo_sk)
left outer join catalog_returns on (cr_item_sk = cs_item_sk and cr_order_number = cs_order_number)
where d1.d_week_seq = d2.d_week_seq
  and inv_quantity_on_hand < cs_quantity 
  and d3.d_date > d1.d_date + 5
  and hd_buy_potential = '501-1000'
  and d1.d_year = 2002
  and cd_marital_status = 'W'
group by i_item_desc,w_warehouse_name,d1.d_week_seq
order by total_cnt desc, i_item_desc, w_warehouse_name, d_week_seq
limit 100;
psql:/tmp/s1-basline/throughput/query_6.sql:1676: NOTICE:  duration: 518.842 ms  plan:
Query Text: select  i_item_desc
      ,w_warehouse_name
      ,d1.d_week_seq
      ,sum(case when p_promo_sk is null then 1 else 0 end) no_promo
      ,sum(case when p_promo_sk is not null then 1 else 0 end) promo
      ,count(*) total_cnt
from catalog_sales
join inventory on (cs_item_sk = inv_item_sk)
join warehouse on (w_warehouse_sk=inv_warehouse_sk)
join item on (i_item_sk = cs_item_sk)
join customer_demographics on (cs_bill_cdemo_sk = cd_demo_sk)
join household_demographics on (cs_bill_hdemo_sk = hd_demo_sk)
join date_dim d1 on (cs_sold_date_sk = d1.d_date_sk)
join date_dim d2 on (inv_date_sk = d2.d_date_sk)
join date_dim d3 on (cs_ship_date_sk = d3.d_date_sk)
left outer join promotion on (cs_promo_sk=p_promo_sk)
left outer join catalog_returns on (cr_item_sk = cs_item_sk and cr_order_number = cs_order_number)
where d1.d_week_seq = d2.d_week_seq
  and inv_quantity_on_hand < cs_quantity 
  and d3.d_date > d1.d_date + 5
  and hd_buy_potential = '501-1000'
  and d1.d_year = 2002
  and cd_marital_status = 'W'
group by i_item_desc,w_warehouse_name,d1.d_week_seq
order by total_cnt desc, i_item_desc, w_warehouse_name, d_week_seq
limit 100;
Limit  (cost=29871.62..29871.63 rows=2 width=144) (actual time=518.763..518.778 rows=100 loops=1)
  ->  Sort  (cost=29871.62..29871.63 rows=2 width=144) (actual time=518.762..518.770 rows=100 loops=1)
        Sort Key: (count(*)) DESC, item.i_item_desc, warehouse.w_warehouse_name, d1.d_week_seq
        Sort Method: top-N heapsort  Memory: 49kB
        ->  GroupAggregate  (cost=29871.56..29871.61 rows=2 width=144) (actual time=516.768..517.960 rows=2425 loops=1)
              Group Key: item.i_item_desc, warehouse.w_warehouse_name, d1.d_week_seq
              ->  Sort  (cost=29871.56..29871.56 rows=2 width=128) (actual time=516.758..516.862 rows=2444 loops=1)
                    Sort Key: item.i_item_desc, warehouse.w_warehouse_name, d1.d_week_seq
                    Sort Method: quicksort  Memory: 503kB
                    ->  Nested Loop Left Join  (cost=3215.60..29871.55 rows=2 width=128) (actual time=22.540..513.109 rows=2444 loops=1)
                          Join Filter: (catalog_sales.cs_promo_sk = promotion.p_promo_sk)
                          Rows Removed by Join Filter: 369369
                          ->  Nested Loop  (cost=3215.60..29850.80 rows=2 width=128) (actual time=22.442..478.862 rows=2444 loops=1)
                                Join Filter: (d3.d_date > (d1.d_date + 5))
                                Rows Removed by Join Filter: 107
                                ->  Nested Loop  (cost=3215.30..29849.17 rows=5 width=140) (actual time=22.435..474.795 rows=2551 loops=1)
                                      ->  Nested Loop  (cost=3215.02..29847.64 rows=5 width=54) (actual time=22.426..468.419 rows=2551 loops=1)
                                            Join Filter: (inventory.inv_warehouse_sk = warehouse.w_warehouse_sk)
                                            Rows Removed by Join Filter: 5142
                                            ->  Nested Loop  (cost=3215.02..29846.25 rows=5 width=48) (actual time=22.419..467.036 rows=2551 loops=1)
                                                  ->  Hash Join  (cost=3214.46..25337.40 rows=1661 width=44) (actual time=22.320..253.213 rows=66535 loops=1)
                                                        Hash Cond: (d1.d_week_seq = d2.d_week_seq)
                                                        ->  Nested Loop  (cost=165.86..22269.53 rows=237 width=36) (actual time=5.023..227.220 rows=9505 loops=1)
                                                              ->  Hash Join  (cost=165.43..21715.73 rows=1184 width=44) (actual time=4.994..136.711 rows=47328 loops=1)
                                                                    Hash Cond: (catalog_sales.cs_bill_hdemo_sk = household_demographics.hd_demo_sk)
                                                                    ->  Nested Loop  (cost=0.43..21531.98 rows=7137 width=52) (actual time=4.171..110.583 rows=284026 loops=1)
                                                                          ->  Seq Scan on date_dim d1  (cost=0.00..2318.11 rows=363 width=16) (actual time=4.159..8.521 rows=365 loops=1)
                                                                                Filter: (d_year = 2002)
                                                                                Rows Removed by Filter: 72684
                                                                          ->  Index Scan using i_cs_sold_date_sk on catalog_sales  (cost=0.43..45.08 rows=785 width=60) (actual time=0.004..0.135 rows=778 loops=365)
                                                                                Index Cond: (cs_sold_date_sk = d1.d_date_sk)
                                                                    ->  Hash  (cost=150.00..150.00 rows=1200 width=8) (actual time=0.793..0.793 rows=1200 loops=1)
                                                                          Buckets: 2048  Batches: 1  Memory Usage: 63kB
                                                                          ->  Seq Scan on household_demographics  (cost=0.00..150.00 rows=1200 width=8) (actual time=0.005..0.661 rows=1200 loops=1)
                                                                                Filter: (hd_buy_potential = '501-1000'::bpchar)
                                                                                Rows Removed by Filter: 6000
                                                              ->  Index Scan using pk_customer_demographics on customer_demographics  (cost=0.43..0.47 rows=1 width=8) (actual time=0.002..0.002 rows=0 loops=47328)
                                                                    Index Cond: (cd_demo_sk = catalog_sales.cs_bill_cdemo_sk)
                                                                    Filter: (cd_marital_status = 'W'::bpchar)
                                                                    Rows Removed by Filter: 1
                                                        ->  Hash  (cost=2135.49..2135.49 rows=73049 width=12) (actual time=17.204..17.204 rows=73049 loops=1)
                                                              Buckets: 131072  Batches: 1  Memory Usage: 4163kB
                                                              ->  Seq Scan on date_dim d2  (cost=0.00..2135.49 rows=73049 width=12) (actual time=0.002..8.881 rows=73049 loops=1)
                                                  ->  Index Scan using pk_inventory on inventory  (cost=0.56..2.70 rows=1 width=28) (actual time=0.003..0.003 rows=0 loops=66535)
                                                        Index Cond: ((inv_date_sk = d2.d_date_sk) AND (inv_item_sk = catalog_sales.cs_item_sk))
                                                        Filter: (inv_quantity_on_hand < catalog_sales.cs_quantity)
                                                        Rows Removed by Filter: 1
                                            ->  Materialize  (cost=0.00..1.07 rows=5 width=22) (actual time=0.000..0.000 rows=3 loops=2551)
                                                  ->  Seq Scan on warehouse  (cost=0.00..1.05 rows=5 width=22) (actual time=0.003..0.004 rows=5 loops=1)
                                      ->  Index Scan using pk_item on item  (cost=0.29..0.31 rows=1 width=110) (actual time=0.002..0.002 rows=1 loops=2551)
                                            Index Cond: (i_item_sk = catalog_sales.cs_item_sk)
                                ->  Index Scan using pk_date_dim on date_dim d3  (cost=0.29..0.31 rows=1 width=12) (actual time=0.001..0.001 rows=1 loops=2551)
                                      Index Cond: (d_date_sk = catalog_sales.cs_ship_date_sk)
                          ->  Materialize  (cost=0.00..12.50 rows=300 width=8) (actual time=0.000..0.005 rows=152 loops=2444)
                                ->  Seq Scan on promotion  (cost=0.00..11.00 rows=300 width=8) (actual time=0.004..0.049 rows=300 loops=1)
                                                                                              i_item_desc                                                                                               |  w_warehouse_name   | d_week_seq | no_promo | promo | total_cnt 
--------------------------------------------------------------------------------------------------------------------------------------------------------------------------------------------------------+---------------------+------------+----------+-------+-----------
 About head benefits could not like sure systems. Books get thus environmental areas; big, thin cities find. Previously hot holid                                                                       | Neither dea         |       5354 |        0 |     2 |         2
 Architects ought to know usually just married proposals. Light, high conferences seem even associations. Words used to leave here ready, old members. White documents land in                          | Single, simple r    |       5354 |        0 |     2 |         2
 Efficient functions ought to raise. Able mistakes see still pupils. Human artists should expand in a proposals. Rarely severe stations say relatively new, american faces. Actions function unlikely,  | Neither dea         |       5374 |        0 |     2 |         2
 Experts study local flowers. Foreign minutes fly environmentally. European days could help olympic clients; popular, constant sports cannot hope equally figu                                          | Single, simple r    |       5360 |        0 |     2 |         2
 Extensive figures contest to the brothers. Perfect unions start democratic, little weeks. Fully strong numbers ought t                                                                                 | Persons make more e |       5359 |        0 |     2 |         2
 Legal, social investments would look millions. Local governments bear away lips. New, special waters used to treat in a women. Competitors lift local, apparent syst                                   | Total, dea          |       5359 |        0 |     2 |         2
 Military, able kids order again similar times. No doubt available divisions read mor                                                                                                                   | Single, simple r    |       5359 |        0 |     2 |         2
 Open, free visits achieve together at the benefits. Exciting, important parents work virtually strategies. Lips would live here. Available, immense questions will exchange details. Black, natio      | Persons make more e |       5354 |        0 |     2 |         2
 Others would stand recently likely months. Appropriate, popular girls fight from an men. As apparent structures may mean by a contents. Popular days ca                                                | Single, simple r    |       5362 |        0 |     2 |         2
 Possible, tiny fees know later high demands. So substantial faces will not see part-time students. Small, severe classes appear w                                                                      | Single, simple r    |       5372 |        0 |     2 |         2
 Real, fine years notice always national circles. Long-term ideas raise neither victorian matters. Small numbers climb below finally national m                                                         | Parties use         |       5365 |        0 |     2 |         2
 Shortly new components realise long, sad proceedin                                                                                                                                                     | Neither dea         |       5355 |        0 |     2 |         2
 Shortly new components realise long, sad proceedin                                                                                                                                                     | Persons make more e |       5355 |        0 |     2 |         2
 Shortly new components realise long, sad proceedin                                                                                                                                                     | Total, dea          |       5355 |        0 |     2 |         2
 Situations may attract enormously. Formerly free areas used to hunt simply hard, complete levels. Dif                                                                                                  | Parties use         |       5354 |        0 |     2 |         2
 Situations may attract enormously. Formerly free areas used to hunt simply hard, complete levels. Dif                                                                                                  | Single, simple r    |       5354 |        0 |     2 |         2
 Subjects could not say certainly even blue cells. Secret, primary fields can start then homes. Small seats must cover at a parties. A                                                                  | Single, simple r    |       5354 |        0 |     2 |         2
 Then general policies might know however so presidential speakers. Keen, clear characters see then in spite of a spirits. References speak naturally giant areas; pounds ought t                       | Total, dea          |       5358 |        0 |     2 |         2
 Views ensure well primarily sudden times. Famous efforts cannot help. Original, internat                                                                                                               | Parties use         |       5354 |        0 |     2 |         2
 Able articles account too unacceptable objectives. Regular views send                                                                                                                                  | Total, dea          |       5355 |        0 |     1 |         1
 Able, awful settings could find often other, diffic                                                                                                                                                    | Parties use         |       5355 |        0 |     1 |         1
 Able classes enjoy bright problems. Combinations form so by a campaigns. Actually important types c                                                                                                    | Parties use         |       5369 |        0 |     1 |         1
 Able, considerable requireme                                                                                                                                                                           | Single, simple r    |       5342 |        0 |     1 |         1
 Able eyes might contribute policies. Necessary, external schools convene even great, difficult days. Even capitalist years must forgo                                                                  | Persons make more e |       5355 |        0 |     1 |         1
 Able, irish incom                                                                                                                                                                                      | Neither dea         |       5370 |        0 |     1 |         1
 Able, new piece                                                                                                                                                                                        | Single, simple r    |       5358 |        0 |     1 |         1
 Able, other members let indefinitely authorities. Actual, likely directors seem parts. Supreme agreements should model deep. Available, high arms escape short, supreme criticisms. Ever new fea       | Total, dea          |       5354 |        0 |     1 |         1
 Able, professional notes dance in a pairs. Recent courses compete ready, public roots. Previous, maximum execut                                                                                        | Single, simple r    |       5326 |        0 |     1 |         1
 Able rights return purposes. Here different legs visit there girls. Specified, complete bodies account banks;                                                                                          | Parties use         |       5336 |        0 |     1 |         1
 Able, substantial efforts arriv                                                                                                                                                                        | Parties use         |       5346 |        0 |     1 |         1
 About fresh reduc                                                                                                                                                                                      | Single, simple r    |       5356 |        0 |     1 |         1
 About full doctors know indeed representatives. Continued, coming countries used to tell                                                                                                               | Persons make more e |       5374 |        0 |     1 |         1
 About head benefits could not like sure systems. Books get thus environmental areas; big, thin cities find. Previously hot holid                                                                       | Single, simple r    |       5354 |        0 |     1 |         1
 About monetary benefits say near roots. Facilities concede quicker with a studies; ri                                                                                                                  | Neither dea         |       5355 |        0 |     1 |         1
 About monetary benefits say near roots. Facilities concede quicker with a studies; ri                                                                                                                  | Single, simple r    |       5355 |        0 |     1 |         1
 About recent characteristics help. Again other others specialise free, apparent benefits. Full forms may not say f                                                                                     | Persons make more e |       5373 |        0 |     1 |         1
 About rough dishes would reflect perhaps ideological capitalist bonds. English, central amou                                                                                                           | Neither dea         |       5325 |        0 |     1 |         1
 Above eventual females shoul                                                                                                                                                                           | Single, simple r    |       5366 |        0 |     1 |         1
 Abruptly possible seats will need probably available problems; poor, small is                                                                                                                          | Persons make more e |       5370 |        0 |     1 |         1
 Abruptly possible seats will need probably available problems; poor, small is                                                                                                                          | Persons make more e |       5374 |        0 |     1 |         1
 Acceptable methods would not provide only. Cases read programmes. Lights send now soon clinical areas; aspects may not deal sure for the gates. Still political hands should join significant forms.   | Neither dea         |       5326 |        0 |     1 |         1
 Acceptable methods would not provide only. Cases read programmes. Lights send now soon clinical areas; aspects may not deal sure for the gates. Still political hands should join significant forms.   | Persons make more e |       5326 |        0 |     1 |         1
 Accurate hundreds used to c                                                                                                                                                                            | Neither dea         |       5366 |        0 |     1 |         1
 Active, sure settings feel again over other techniques; progressively possible opportunities would apply just labour, contemporary companies; very, tired standards will see just leading, british gro | Single, simple r    |       5341 |        0 |     1 |         1
 Activities might not explain tota                                                                                                                                                                      | Neither dea         |       5374 |        0 |     1 |         1
 Activities might not explain tota                                                                                                                                                                      | Single, simple r    |       5374 |        0 |     1 |         1
 Actually financial ladies cannot annoy even so greek things; differences shall safeguard proposed requirements. Red, ill solicitors establish national objects; relations cannot disarm al             | Parties use         |       5361 |        0 |     1 |         1
 Actually narrow shares should                                                                                                                                                                          | Neither dea         |       5328 |        0 |     1 |         1
 Additional, additional directors will not come fairly entirely economic representatives. There social practices lead as because of a words; late interests would not ad                                | Single, simple r    |       5362 |        0 |     1 |         1
 Additional, scientific women                                                                                                                                                                           | Parties use         |       5362 |        0 |     1 |         1
 Additional, scientific women                                                                                                                                                                           | Total, dea          |       5359 |        0 |     1 |         1
 Additional wages buy possible directors. New, supreme standards return inextricably mean, democratic forces. Mountains shall not try safe days. Old citizens hear. Workers would find now circu        | Persons make more e |       5364 |        0 |     1 |         1
 Administrative, asleep classes shall not command else in a investors; complex, national methods ought to wish personally; dramatic principles could not remember. Cul                                  | Neither dea         |       5354 |        0 |     1 |         1
 Administrative, asleep classes shall not command else in a investors; complex, national methods ought to wish personally; dramatic principles could not remember. Cul                                  | Single, simple r    |       5354 |        0 |     1 |         1
 Administrative, huge breasts play just; special, functional trends might not put annually clothes. Sessions apply cities; complete duties take only i                                                  | Parties use         |       5365 |        0 |     1 |         1
 Administrative, obvious ideas deal short various, only measures. Young honours happen then on the ears. Lines cannot write for a woods. Strategic police us                                            | Parties use         |       5359 |        0 |     1 |         1
 Administrative options might believe now in a programmes. Twin, financial eyes put proposed lips. Wrong films could not think less parliamentary standards. Kind, lovely thousands must plou           | Total, dea          |       5374 |        0 |     1 |         1
 Adverse components give clear by the numbers. Around capable meals win. Sometimes successful requirements ought to link internationa                                                                   | Parties use         |       5366 |        0 |     1 |         1
 Affairs support; servi                                                                                                                                                                                 | Neither dea         |       5372 |        0 |     1 |         1
 Affairs support; servi                                                                                                                                                                                 | Persons make more e |       5343 |        0 |     1 |         1
 Afraid, religious documen                                                                                                                                                                              | Single, simple r    |       5369 |        0 |     1 |         1
 Again complete women relieve else changes. Clear                                                                                                                                                       | Single, simple r    |       5351 |        0 |     1 |         1
 Again french activities imply. Royal, long st                                                                                                                                                          | Neither dea         |       5334 |        0 |     1 |         1
 Again french activities imply. Royal, long st                                                                                                                                                          | Total, dea          |       5374 |        0 |     1 |         1
 Again g                                                                                                                                                                                                | Total, dea          |       5365 |        0 |     1 |         1
 Again living curtains might keep. Christian, favorite relations become hungry, happy sons. British, fun risks could acquire human substances; existing,                                                | Parties use         |       5362 |        0 |     1 |         1
 Again new homes might not win nuclear, australian investments. Giant,                                                                                                                                  | Neither dea         |       5366 |        0 |     1 |         1
 Again nuclear priorities may give. Various, public countries should suggest quite honours; strategic protests mean among a firms. Difficul                                                             | Single, simple r    |       5342 |        0 |     1 |         1
 Agencies may come early in a week                                                                                                                                                                      | Neither dea         |       5360 |        0 |     1 |         1
 Agents could not keep risks. Often material parts must not last open with a properties. Authorities shall prove other, responsible pensions. Unlike, scientific parents c                              | Parties use         |       5355 |        0 |     1 |         1
 Agents could not keep risks. Often material parts must not last open with a properties. Authorities shall prove other, responsible pensions. Unlike, scientific parents c                              | Persons make more e |       5355 |        0 |     1 |         1
 Aggressive modules should see there still grateful products. Technical plans could not sell less for a changes; related, simple employers inclu                                                        | Single, simple r    |       5347 |        0 |     1 |         1
 Ago autonomous daughters make. Big, political limits ought to assure ne                                                                                                                                | Neither dea         |       5331 |        0 |     1 |         1
 Ago autonomous daughters make. Big, political limits ought to assure ne                                                                                                                                | Persons make more e |       5331 |        0 |     1 |         1
 Ago autonomous daughters make. Big, political limits ought to assure ne                                                                                                                                | Persons make more e |       5372 |        0 |     1 |         1
 Ago double citizens dismiss also general, new years. Due, following rights dispose mo                                                                                                                  | Neither dea         |       5361 |        0 |     1 |         1
 Ago senior proposals could not save always amazing, hungry regions. Papers ask best tall, industrial problems. Running jobs will say to a damages. As well likely                                      | Persons make more e |       5342 |        0 |     1 |         1
 Ago social thoughts end late sides. Strongly powerful arms reinstate else tight public others. Films grow over horses; essential cattle condemn russian levels. Charact                                | Persons make more e |       5369 |        0 |     1 |         1
 Ago social thoughts end late sides. Strongly powerful arms reinstate else tight public others. Films grow over horses; essential cattle condemn russian levels. Charact                                | Total, dea          |       5369 |        0 |     1 |         1
 Agricultural, constant years woul                                                                                                                                                                      | Neither dea         |       5370 |        0 |     1 |         1
 Ahead economic feet might not cut of course. Risks should depend mostly. Here concerned kinds                                                                                                          | Parties use         |       5364 |        0 |     1 |         1
 Alive, welsh facilities would feel with a packages. Perhaps old words used to sp                                                                                                                       | Total, dea          |       5366 |        0 |     1 |         1
 All black photographs want quite. Profitable movements betray just in a conditions. Used, other passen                                                                                                 | Neither dea         |       5337 |        0 |     1 |         1
 Allegedly interesting sites carry local departments. Deliberate                                                                                                                                        | Persons make more e |       5362 |        0 |     1 |         1
 Allegedly interesting sites carry local departments. Deliberate                                                                                                                                        | Total, dea          |       5362 |        0 |     1 |         1
 All main securities should see below brown, happy units. Ancient bom                                                                                                                                   | Total, dea          |       5374 |        0 |     1 |         1
 All right bold governments ought to form total, recent towns. Evenings import hard on a rebels. General, local structures trust under the reasons; extra differences would                             | Persons make more e |       5373 |        0 |     1 |         1
 Almost domestic cars launch twice goods. Shops produce most with a paper                                                                                                                               | Parties use         |       5371 |        0 |     1 |         1
 Almost national allowances allow away different objectives; so single hand                                                                                                                             | Single, simple r    |       5366 |        0 |     1 |         1
 Almost popular vehicles shall not talk with a forces. Holy investment                                                                                                                                  | Parties use         |       5354 |        0 |     1 |         1
 Almost popular vehicles shall not talk with a forces. Holy investment                                                                                                                                  | Persons make more e |       5354 |        0 |     1 |         1
 Almost yello                                                                                                                                                                                           | Single, simple r    |       5368 |        0 |     1 |         1
 Alone, other cuts wish now initial seats. Useful police must stay cells. Sound hands cannot read however thin winners. Remark                                                                          | Persons make more e |       5367 |        0 |     1 |         1
 Alone, other cuts wish now initial seats. Useful police must stay cells. Sound hands cannot read however thin winners. Remark                                                                          | Single, simple r    |       5367 |        0 |     1 |         1
 Alread                                                                                                                                                                                                 | Persons make more e |       5330 |        0 |     1 |         1
 Already active houses can cope before. Lines beat forms. Others will steal. Only upper times provide as obvious clients. Flat spanish affairs might depend courses. Able, glad indians would s         | Persons make more e |       5374 |        0 |     1 |         1
 Already bad cases come on a fingers. Minutes tackle; various objects stay by a phenomena. Different stude                                                                                              | Parties use         |       5328 |        0 |     1 |         1
 Already educational parties get effective fields. Local conditions raise really. Hands cannot suffer; constant courses understand even financial                                                       | Persons make more e |       5355 |        0 |     1 |         1
 Already resulting guests will stop studies. Friends know also rates. Only old processes welcome usually. Final, difficult others could improve therefore safe,                                         | Parties use         |       5367 |        0 |     1 |         1
 Also                                                                                                                                                                                                   | Parties use         |       5374 |        0 |     1 |         1
(100 rows)

UPDATE time_statistics SET e_time = TRANSACTION_TIMESTAMP() WHERE template = 'query72.tpl' AND stream = 6;
psql:/tmp/s1-basline/throughput/query_6.sql:1678: NOTICE:  duration: 0.082 ms  plan:
Query Text: UPDATE time_statistics SET e_time = TRANSACTION_TIMESTAMP() WHERE template = 'query72.tpl' AND stream = 6;
Update on time_statistics  (cost=0.00..15.28 rows=0 width=0) (actual time=0.082..0.082 rows=0 loops=1)
  ->  Seq Scan on time_statistics  (cost=0.00..15.28 rows=1 width=14) (actual time=0.052..0.068 rows=1 loops=1)
        Filter: ((template = 'query72.tpl'::text) AND (stream = 6))
        Rows Removed by Filter: 522
UPDATE 1
LOAD 'auto_explain'; SET auto_explain.log_min_duration TO 0; SET auto_explain.log_analyze TO on; SET auto_explain.log_level TO notice; INSERT INTO time_statistics (template, s_time, stream, query, seed) VALUES ('../query_postgresql/query23.tpl', TRANSACTION_TIMESTAMP(), 6, 34, 104616838);
LOAD
SET
SET
SET
psql:/tmp/s1-basline/throughput/query_6.sql:1679: NOTICE:  duration: 0.009 ms  plan:
Query Text: INSERT INTO time_statistics (template, s_time, stream, query, seed) VALUES ('../query_postgresql/query23.tpl', TRANSACTION_TIMESTAMP(), 6, 34, 104616838);
Insert on time_statistics  (cost=0.00..0.01 rows=0 width=0) (actual time=0.008..0.008 rows=0 loops=1)
  ->  Result  (cost=0.00..0.01 rows=1 width=64) (actual time=0.001..0.001 rows=1 loops=1)
INSERT 0 1
with frequent_ss_items as 
 (select substr(i_item_desc,1,30) itemdesc,i_item_sk item_sk,d_date solddate,count(*) cnt
  from store_sales
      ,date_dim 
      ,item
  where ss_sold_date_sk = d_date_sk
    and ss_item_sk = i_item_sk 
    and d_year in (1999,1999+1,1999+2,1999+3)
  group by substr(i_item_desc,1,30),i_item_sk,d_date
  having count(*) >4),
 max_store_sales as
 (select max(csales) tpcds_cmax 
  from (select c_customer_sk,sum(ss_quantity*ss_sales_price) csales
        from store_sales
            ,customer
            ,date_dim 
        where ss_customer_sk = c_customer_sk
         and ss_sold_date_sk = d_date_sk
         and d_year in (1999,1999+1,1999+2,1999+3) 
        group by c_customer_sk) x),
 best_ss_customer as
 (select c_customer_sk,sum(ss_quantity*ss_sales_price) ssales
  from store_sales
      ,customer
  where ss_customer_sk = c_customer_sk
  group by c_customer_sk
  having sum(ss_quantity*ss_sales_price) > (95/100.0) * (select
  *
from
 max_store_sales))
  select  sum(sales)
 from (select cs_quantity*cs_list_price sales
       from catalog_sales
           ,date_dim 
       where d_year = 1999 
         and d_moy = 4 
         and cs_sold_date_sk = d_date_sk 
         and cs_item_sk in (select item_sk from frequent_ss_items)
         and cs_bill_customer_sk in (select c_customer_sk from best_ss_customer)
      union all
      select ws_quantity*ws_list_price sales
       from web_sales 
           ,date_dim 
       where d_year = 1999 
         and d_moy = 4 
         and ws_sold_date_sk = d_date_sk 
         and ws_item_sk in (select item_sk from frequent_ss_items)
         and ws_bill_customer_sk in (select c_customer_sk from best_ss_customer)) y 
 limit 100;
psql:/tmp/s1-basline/throughput/query_6.sql:1728: NOTICE:  duration: 4595.554 ms  plan:
Query Text: with frequent_ss_items as 
 (select substr(i_item_desc,1,30) itemdesc,i_item_sk item_sk,d_date solddate,count(*) cnt
  from store_sales
      ,date_dim 
      ,item
  where ss_sold_date_sk = d_date_sk
    and ss_item_sk = i_item_sk 
    and d_year in (1999,1999+1,1999+2,1999+3)
  group by substr(i_item_desc,1,30),i_item_sk,d_date
  having count(*) >4),
 max_store_sales as
 (select max(csales) tpcds_cmax 
  from (select c_customer_sk,sum(ss_quantity*ss_sales_price) csales
        from store_sales
            ,customer
            ,date_dim 
        where ss_customer_sk = c_customer_sk
         and ss_sold_date_sk = d_date_sk
         and d_year in (1999,1999+1,1999+2,1999+3) 
        group by c_customer_sk) x),
 best_ss_customer as
 (select c_customer_sk,sum(ss_quantity*ss_sales_price) ssales
  from store_sales
      ,customer
  where ss_customer_sk = c_customer_sk
  group by c_customer_sk
  having sum(ss_quantity*ss_sales_price) > (95/100.0) * (select
  *
from
 max_store_sales))
  select  sum(sales)
 from (select cs_quantity*cs_list_price sales
       from catalog_sales
           ,date_dim 
       where d_year = 1999 
         and d_moy = 4 
         and cs_sold_date_sk = d_date_sk 
         and cs_item_sk in (select item_sk from frequent_ss_items)
         and cs_bill_customer_sk in (select c_customer_sk from best_ss_customer)
      union all
      select ws_quantity*ws_list_price sales
       from web_sales 
           ,date_dim 
       where d_year = 1999 
         and d_moy = 4 
         and ws_sold_date_sk = d_date_sk 
         and ws_item_sk in (select item_sk from frequent_ss_items)
         and ws_bill_customer_sk in (select c_customer_sk from best_ss_customer)) y 
 limit 100;
Limit  (cost=349803.64..349803.65 rows=1 width=8) (actual time=4558.930..4595.548 rows=1 loops=1)
  CTE frequent_ss_items
    ->  Finalize HashAggregate  (cost=99501.14..100232.55 rows=18285 width=52) (actual time=2111.791..3073.517 rows=111 loops=1)
          Group Key: (substr((item.i_item_desc)::text, 1, 30)), item.i_item_sk, date_dim_2.d_date
          Filter: (count(*) > 4)
          Batches: 21  Memory Usage: 33841kB  Disk Usage: 138208kB
          Rows Removed by Filter: 1955283
          ->  Gather  (cost=94186.89..99044.00 rows=45714 width=52) (actual time=971.319..1414.995 rows=2096900 loops=1)
                Workers Planned: 2
                Workers Launched: 2
                ->  Partial HashAggregate  (cost=93186.89..93472.60 rows=22857 width=52) (actual time=966.702..1287.355 rows=698967 loops=3)
                      Group Key: substr((item.i_item_desc)::text, 1, 30), item.i_item_sk, date_dim_2.d_date
                      Batches: 5  Memory Usage: 34865kB  Disk Usage: 36240kB
                      Worker 0:  Batches: 5  Memory Usage: 33841kB  Disk Usage: 31696kB
                      Worker 1:  Batches: 5  Memory Usage: 34865kB  Disk Usage: 31664kB
                      ->  Hash Join  (cost=4179.87..92958.32 rows=22857 width=44) (actual time=29.802..706.129 rows=724250 loops=3)
                            Hash Cond: (store_sales.ss_item_sk = item.i_item_sk)
                            ->  Hash Join  (cost=2518.87..91180.16 rows=22857 width=12) (actual time=14.441..333.529 rows=724250 loops=3)
                                  Hash Cond: (store_sales.ss_sold_date_sk = date_dim_2.d_date_sk)
                                  ->  Parallel Seq Scan on store_sales  (cost=0.00..85499.45 rows=1204445 width=16) (actual time=0.011..129.309 rows=948150 loops=3)
                                  ->  Hash  (cost=2500.73..2500.73 rows=1451 width=12) (actual time=14.415..14.416 rows=1461 loops=3)
                                        Buckets: 2048  Batches: 1  Memory Usage: 85kB
                                        ->  Seq Scan on date_dim date_dim_2  (cost=0.00..2500.73 rows=1451 width=12) (actual time=6.750..14.213 rows=1461 loops=3)
                                              Filter: (d_year = ANY ('{1999,2000,2001,2002}'::integer[]))
                                              Rows Removed by Filter: 71588
                            ->  Hash  (cost=1436.00..1436.00 rows=18000 width=110) (actual time=15.249..15.250 rows=18000 loops=3)
                                  Buckets: 32768  Batches: 1  Memory Usage: 2822kB
                                  ->  Seq Scan on item  (cost=0.00..1436.00 rows=18000 width=110) (actual time=0.026..11.482 rows=18000 loops=3)
  CTE best_ss_customer
    ->  Finalize HashAggregate  (cost=229238.16..230738.16 rows=33333 width=16) (actual time=1447.797..1492.898 rows=11 loops=1)
          Group Key: customer_1.c_customer_sk
          Filter: (sum(((store_sales_2.ss_quantity)::double precision * store_sales_2.ss_sales_price)) > ('0.95'::double precision * $3))
          Batches: 1  Memory Usage: 10257kB
          Rows Removed by Filter: 90680
          InitPlan 2 (returns $3)
            ->  Aggregate  (cost=103055.89..103055.90 rows=1 width=8) (actual time=838.901..875.296 rows=1 loops=1)
                  ->  Finalize GroupAggregate  (cost=93835.38..102401.36 rows=52362 width=16) (actual time=521.836..871.178 rows=84948 loops=1)
                        Group Key: customer.c_customer_sk
                        ->  Gather Merge  (cost=93835.38..101659.56 rows=43636 width=16) (actual time=521.823..847.379 rows=140702 loops=1)
                              Workers Planned: 2
                              Workers Launched: 2
                              ->  Partial GroupAggregate  (cost=92835.35..95622.86 rows=21818 width=16) (actual time=514.663..750.509 rows=46901 loops=3)
                                    Group Key: customer.c_customer_sk
                                    ->  Merge Join  (cost=92835.35..95186.50 rows=21818 width=20) (actual time=514.644..686.566 rows=707217 loops=3)
                                          Merge Cond: (store_sales_1.ss_customer_sk = customer.c_customer_sk)
                                          ->  Sort  (cost=92835.05..92892.19 rows=22857 width=20) (actual time=514.586..581.212 rows=707218 loops=3)
                                                Sort Key: store_sales_1.ss_customer_sk
                                                Sort Method: external merge  Disk: 27648kB
                                                Worker 0:  Sort Method: external merge  Disk: 21648kB
                                                Worker 1:  Sort Method: external merge  Disk: 21800kB
                                                ->  Hash Join  (cost=2518.87..91180.16 rows=22857 width=20) (actual time=16.379..345.005 rows=724250 loops=3)
                                                      Hash Cond: (store_sales_1.ss_sold_date_sk = date_dim_3.d_date_sk)
                                                      ->  Parallel Seq Scan on store_sales store_sales_1  (cost=0.00..85499.45 rows=1204445 width=28) (actual time=0.016..128.330 rows=948150 loops=3)
                                                      ->  Hash  (cost=2500.73..2500.73 rows=1451 width=8) (actual time=16.324..16.325 rows=1461 loops=3)
                                                            Buckets: 2048  Batches: 1  Memory Usage: 74kB
                                                            ->  Seq Scan on date_dim date_dim_3  (cost=0.00..2500.73 rows=1451 width=8) (actual time=7.787..16.145 rows=1461 loops=3)
                                                                  Filter: (d_year = ANY ('{1999,2000,2001,2002}'::integer[]))
                                                                  Rows Removed by Filter: 71588
                                          ->  Index Only Scan using pk_customer on customer  (cost=0.29..1774.19 rows=100000 width=8) (actual time=0.051..9.843 rows=99998 loops=3)
                                                Heap Fetches: 0
          ->  Gather  (cost=104182.25..125182.25 rows=200000 width=16) (actual time=552.695..573.220 rows=164832 loops=1)
                Workers Planned: 2
                Workers Launched: 2
                ->  Partial HashAggregate  (cost=103182.25..104182.25 rows=100000 width=16) (actual time=547.464..558.822 rows=54944 loops=3)
                      Group Key: customer_1.c_customer_sk
                      Batches: 1  Memory Usage: 8209kB
                      Worker 0:  Batches: 1  Memory Usage: 7185kB
                      Worker 1:  Batches: 1  Memory Usage: 7185kB
                      ->  Hash Join  (cost=3024.19..91685.43 rows=1149682 width=20) (actual time=22.824..406.916 rows=905340 loops=3)
                            Hash Cond: (store_sales_2.ss_customer_sk = customer_1.c_customer_sk)
                            ->  Parallel Seq Scan on store_sales store_sales_2  (cost=0.00..85499.45 rows=1204445 width=20) (actual time=0.014..131.245 rows=948150 loops=3)
                            ->  Hash  (cost=1774.19..1774.19 rows=100000 width=8) (actual time=22.429..22.430 rows=100000 loops=3)
                                  Buckets: 131072  Batches: 1  Memory Usage: 4931kB
                                  ->  Index Only Scan using pk_customer on customer customer_1  (cost=0.29..1774.19 rows=100000 width=8) (actual time=0.065..10.412 rows=100000 loops=3)
                                        Heap Fetches: 0
  ->  Aggregate  (cost=18832.93..18832.94 rows=1 width=8) (actual time=4558.930..4558.936 rows=1 loops=1)
        ->  Append  (cost=1170.83..18832.37 rows=221 width=8) (actual time=4558.928..4558.934 rows=0 loops=1)
              ->  Hash Join  (cost=1170.83..5354.92 rows=147 width=8) (actual time=4544.748..4544.752 rows=0 loops=1)
                    Hash Cond: (catalog_sales.cs_item_sk = frequent_ss_items.item_sk)
                    ->  Hash Join  (cost=754.92..4935.88 rows=293 width=20) (actual time=1471.180..1471.182 rows=0 loops=1)
                          Hash Cond: (catalog_sales.cs_bill_customer_sk = best_ss_customer.c_customer_sk)
                          ->  Nested Loop  (cost=0.43..4176.58 rows=590 width=28) (actual time=4.495..13.879 rows=13686 loops=1)
                                ->  Seq Scan on date_dim  (cost=0.00..2500.73 rows=30 width=8) (actual time=4.472..8.996 rows=30 loops=1)
                                      Filter: ((d_year = 1999) AND (d_moy = 4))
                                      Rows Removed by Filter: 73019
                                ->  Index Scan using i_cs_sold_date_sk on catalog_sales  (cost=0.43..48.01 rows=785 width=36) (actual time=0.004..0.077 rows=456 loops=30)
                                      Index Cond: (cs_sold_date_sk = date_dim.d_date_sk)
                          ->  Hash  (cost=751.99..751.99 rows=200 width=8) (actual time=1456.451..1456.452 rows=11 loops=1)
                                Buckets: 1024  Batches: 1  Memory Usage: 9kB
                                ->  HashAggregate  (cost=749.99..751.99 rows=200 width=8) (actual time=1456.444..1456.446 rows=11 loops=1)
                                      Group Key: best_ss_customer.c_customer_sk
                                      Batches: 1  Memory Usage: 40kB
                                      ->  CTE Scan on best_ss_customer  (cost=0.00..666.66 rows=33333 width=8) (actual time=1447.800..1456.436 rows=11 loops=1)
                    ->  Hash  (cost=413.41..413.41 rows=200 width=8) (actual time=3073.564..3073.565 rows=111 loops=1)
                          Buckets: 1024  Batches: 1  Memory Usage: 13kB
                          ->  HashAggregate  (cost=411.41..413.41 rows=200 width=8) (actual time=3073.529..3073.544 rows=111 loops=1)
                                Group Key: frequent_ss_items.item_sk
                                Batches: 1  Memory Usage: 40kB
                                ->  CTE Scan on frequent_ss_items  (cost=0.00..365.70 rows=18285 width=8) (actual time=2111.794..3073.459 rows=111 loops=1)
              ->  Hash Join  (cost=3667.44..13474.14 rows=74 width=8) (actual time=14.177..14.179 rows=0 loops=1)
                    Hash Cond: (web_sales.ws_bill_customer_sk = best_ss_customer_1.c_customer_sk)
                    ->  Hash Join  (cost=2912.95..12718.06 rows=148 width=20) (actual time=7.718..14.152 rows=68 loops=1)
                          Hash Cond: (web_sales.ws_sold_date_sk = date_dim_1.d_date_sk)
                          ->  Nested Loop  (cost=411.84..9268.55 rows=361276 width=28) (actual time=0.049..6.260 rows=5121 loops=1)
                                ->  HashAggregate  (cost=411.41..413.41 rows=200 width=8) (actual time=0.034..0.050 rows=111 loops=1)
                                      Group Key: frequent_ss_items_1.item_sk
                                      Batches: 1  Memory Usage: 40kB
                                      ->  CTE Scan on frequent_ss_items frequent_ss_items_1  (cost=0.00..365.70 rows=18285 width=8) (actual time=0.001..0.011 rows=111 loops=1)
                                ->  Index Scan using pk_web_sales on web_sales  (cost=0.42..43.84 rows=44 width=36) (actual time=0.005..0.049 rows=46 loops=111)
                                      Index Cond: (ws_item_sk = frequent_ss_items_1.item_sk)
                          ->  Hash  (cost=2500.73..2500.73 rows=30 width=8) (actual time=7.556..7.556 rows=30 loops=1)
                                Buckets: 1024  Batches: 1  Memory Usage: 10kB
                                ->  Seq Scan on date_dim date_dim_1  (cost=0.00..2500.73 rows=30 width=8) (actual time=4.116..7.551 rows=30 loops=1)
                                      Filter: ((d_year = 1999) AND (d_moy = 4))
                                      Rows Removed by Filter: 73019
                    ->  Hash  (cost=751.99..751.99 rows=200 width=8) (actual time=0.010..0.011 rows=11 loops=1)
                          Buckets: 1024  Batches: 1  Memory Usage: 9kB
                          ->  HashAggregate  (cost=749.99..751.99 rows=200 width=8) (actual time=0.007..0.009 rows=11 loops=1)
                                Group Key: best_ss_customer_1.c_customer_sk
                                Batches: 1  Memory Usage: 40kB
                                ->  CTE Scan on best_ss_customer best_ss_customer_1  (cost=0.00..666.66 rows=33333 width=8) (actual time=0.001..0.002 rows=11 loops=1)
 sum 
-----
    
(1 row)

with frequent_ss_items as
 (select substr(i_item_desc,1,30) itemdesc,i_item_sk item_sk,d_date solddate,count(*) cnt
  from store_sales
      ,date_dim
      ,item
  where ss_sold_date_sk = d_date_sk
    and ss_item_sk = i_item_sk
    and d_year in (1999,1999 + 1,1999 + 2,1999 + 3)
  group by substr(i_item_desc,1,30),i_item_sk,d_date
  having count(*) >4),
 max_store_sales as
 (select max(csales) tpcds_cmax
  from (select c_customer_sk,sum(ss_quantity*ss_sales_price) csales
        from store_sales
            ,customer
            ,date_dim 
        where ss_customer_sk = c_customer_sk
         and ss_sold_date_sk = d_date_sk
         and d_year in (1999,1999+1,1999+2,1999+3)
        group by c_customer_sk) x),
 best_ss_customer as
 (select c_customer_sk,sum(ss_quantity*ss_sales_price) ssales
  from store_sales
      ,customer
  where ss_customer_sk = c_customer_sk
  group by c_customer_sk
  having sum(ss_quantity*ss_sales_price) > (95/100.0) * (select
  *
 from max_store_sales))
  select  c_last_name,c_first_name,sales
 from (select c_last_name,c_first_name,sum(cs_quantity*cs_list_price) sales
        from catalog_sales
            ,customer
            ,date_dim 
        where d_year = 1999 
         and d_moy = 4 
         and cs_sold_date_sk = d_date_sk 
         and cs_item_sk in (select item_sk from frequent_ss_items)
         and cs_bill_customer_sk in (select c_customer_sk from best_ss_customer)
         and cs_bill_customer_sk = c_customer_sk 
       group by c_last_name,c_first_name
      union all
      select c_last_name,c_first_name,sum(ws_quantity*ws_list_price) sales
       from web_sales
           ,customer
           ,date_dim 
       where d_year = 1999 
         and d_moy = 4 
         and ws_sold_date_sk = d_date_sk 
         and ws_item_sk in (select item_sk from frequent_ss_items)
         and ws_bill_customer_sk in (select c_customer_sk from best_ss_customer)
         and ws_bill_customer_sk = c_customer_sk
       group by c_last_name,c_first_name) y 
     order by c_last_name,c_first_name,sales
  limit 100;
psql:/tmp/s1-basline/throughput/query_6.sql:1783: NOTICE:  duration: 4618.979 ms  plan:
Query Text: with frequent_ss_items as
 (select substr(i_item_desc,1,30) itemdesc,i_item_sk item_sk,d_date solddate,count(*) cnt
  from store_sales
      ,date_dim
      ,item
  where ss_sold_date_sk = d_date_sk
    and ss_item_sk = i_item_sk
    and d_year in (1999,1999 + 1,1999 + 2,1999 + 3)
  group by substr(i_item_desc,1,30),i_item_sk,d_date
  having count(*) >4),
 max_store_sales as
 (select max(csales) tpcds_cmax
  from (select c_customer_sk,sum(ss_quantity*ss_sales_price) csales
        from store_sales
            ,customer
            ,date_dim 
        where ss_customer_sk = c_customer_sk
         and ss_sold_date_sk = d_date_sk
         and d_year in (1999,1999+1,1999+2,1999+3)
        group by c_customer_sk) x),
 best_ss_customer as
 (select c_customer_sk,sum(ss_quantity*ss_sales_price) ssales
  from store_sales
      ,customer
  where ss_customer_sk = c_customer_sk
  group by c_customer_sk
  having sum(ss_quantity*ss_sales_price) > (95/100.0) * (select
  *
 from max_store_sales))
  select  c_last_name,c_first_name,sales
 from (select c_last_name,c_first_name,sum(cs_quantity*cs_list_price) sales
        from catalog_sales
            ,customer
            ,date_dim 
        where d_year = 1999 
         and d_moy = 4 
         and cs_sold_date_sk = d_date_sk 
         and cs_item_sk in (select item_sk from frequent_ss_items)
         and cs_bill_customer_sk in (select c_customer_sk from best_ss_customer)
         and cs_bill_customer_sk = c_customer_sk 
       group by c_last_name,c_first_name
      union all
      select c_last_name,c_first_name,sum(ws_quantity*ws_list_price) sales
       from web_sales
           ,customer
           ,date_dim 
       where d_year = 1999 
         and d_moy = 4 
         and ws_sold_date_sk = d_date_sk 
         and ws_item_sk in (select item_sk from frequent_ss_items)
         and ws_bill_customer_sk in (select c_customer_sk from best_ss_customer)
         and ws_bill_customer_sk = c_customer_sk
       group by c_last_name,c_first_name) y 
     order by c_last_name,c_first_name,sales
  limit 100;
Limit  (cost=349892.70..349892.95 rows=100 width=60) (actual time=4583.334..4618.976 rows=0 loops=1)
  CTE frequent_ss_items
    ->  Finalize HashAggregate  (cost=99501.14..100232.55 rows=18285 width=52) (actual time=2113.104..3088.019 rows=111 loops=1)
          Group Key: (substr((item.i_item_desc)::text, 1, 30)), item.i_item_sk, date_dim_2.d_date
          Filter: (count(*) > 4)
          Batches: 21  Memory Usage: 32825kB  Disk Usage: 138512kB
          Rows Removed by Filter: 1955283
          ->  Gather  (cost=94186.89..99044.00 rows=45714 width=52) (actual time=976.918..1420.195 rows=2096009 loops=1)
                Workers Planned: 2
                Workers Launched: 2
                ->  Partial HashAggregate  (cost=93186.89..93472.60 rows=22857 width=52) (actual time=972.162..1290.848 rows=698670 loops=3)
                      Group Key: substr((item.i_item_desc)::text, 1, 30), item.i_item_sk, date_dim_2.d_date
                      Batches: 5  Memory Usage: 35889kB  Disk Usage: 36152kB
                      Worker 0:  Batches: 5  Memory Usage: 35889kB  Disk Usage: 28400kB
                      Worker 1:  Batches: 5  Memory Usage: 34865kB  Disk Usage: 31640kB
                      ->  Hash Join  (cost=4179.87..92958.32 rows=22857 width=44) (actual time=30.057..709.180 rows=724250 loops=3)
                            Hash Cond: (store_sales.ss_item_sk = item.i_item_sk)
                            ->  Hash Join  (cost=2518.87..91180.16 rows=22857 width=12) (actual time=14.633..335.564 rows=724250 loops=3)
                                  Hash Cond: (store_sales.ss_sold_date_sk = date_dim_2.d_date_sk)
                                  ->  Parallel Seq Scan on store_sales  (cost=0.00..85499.45 rows=1204445 width=16) (actual time=0.010..131.136 rows=948150 loops=3)
                                  ->  Hash  (cost=2500.73..2500.73 rows=1451 width=12) (actual time=14.606..14.607 rows=1461 loops=3)
                                        Buckets: 2048  Batches: 1  Memory Usage: 85kB
                                        ->  Seq Scan on date_dim date_dim_2  (cost=0.00..2500.73 rows=1451 width=12) (actual time=6.918..14.394 rows=1461 loops=3)
                                              Filter: (d_year = ANY ('{1999,2000,2001,2002}'::integer[]))
                                              Rows Removed by Filter: 71588
                            ->  Hash  (cost=1436.00..1436.00 rows=18000 width=110) (actual time=15.304..15.305 rows=18000 loops=3)
                                  Buckets: 32768  Batches: 1  Memory Usage: 2822kB
                                  ->  Seq Scan on item  (cost=0.00..1436.00 rows=18000 width=110) (actual time=0.027..11.515 rows=18000 loops=3)
  CTE best_ss_customer
    ->  Finalize HashAggregate  (cost=229238.16..230738.16 rows=33333 width=16) (actual time=1457.924..1502.046 rows=11 loops=1)
          Group Key: customer_3.c_customer_sk
          Filter: (sum(((store_sales_2.ss_quantity)::double precision * store_sales_2.ss_sales_price)) > ('0.95'::double precision * $3))
          Batches: 1  Memory Usage: 10257kB
          Rows Removed by Filter: 90680
          InitPlan 2 (returns $3)
            ->  Aggregate  (cost=103055.89..103055.90 rows=1 width=8) (actual time=841.380..876.794 rows=1 loops=1)
                  ->  Finalize GroupAggregate  (cost=93835.38..102401.36 rows=52362 width=16) (actual time=521.148..872.876 rows=84948 loops=1)
                        Group Key: customer_2.c_customer_sk
                        ->  Gather Merge  (cost=93835.38..101659.56 rows=43636 width=16) (actual time=521.144..848.951 rows=140922 loops=1)
                              Workers Planned: 2
                              Workers Launched: 2
                              ->  Partial GroupAggregate  (cost=92835.35..95622.86 rows=21818 width=16) (actual time=514.118..751.249 rows=46974 loops=3)
                                    Group Key: customer_2.c_customer_sk
                                    ->  Merge Join  (cost=92835.35..95186.50 rows=21818 width=20) (actual time=514.098..686.410 rows=707217 loops=3)
                                          Merge Cond: (store_sales_1.ss_customer_sk = customer_2.c_customer_sk)
                                          ->  Sort  (cost=92835.05..92892.19 rows=22857 width=20) (actual time=514.040..580.647 rows=707218 loops=3)
                                                Sort Key: store_sales_1.ss_customer_sk
                                                Sort Method: external merge  Disk: 27704kB
                                                Worker 0:  Sort Method: external merge  Disk: 21632kB
                                                Worker 1:  Sort Method: external merge  Disk: 21752kB
                                                ->  Hash Join  (cost=2518.87..91180.16 rows=22857 width=20) (actual time=16.430..344.433 rows=724250 loops=3)
                                                      Hash Cond: (store_sales_1.ss_sold_date_sk = date_dim_3.d_date_sk)
                                                      ->  Parallel Seq Scan on store_sales store_sales_1  (cost=0.00..85499.45 rows=1204445 width=28) (actual time=0.016..127.730 rows=948150 loops=3)
                                                      ->  Hash  (cost=2500.73..2500.73 rows=1451 width=8) (actual time=16.378..16.379 rows=1461 loops=3)
                                                            Buckets: 2048  Batches: 1  Memory Usage: 74kB
                                                            ->  Seq Scan on date_dim date_dim_3  (cost=0.00..2500.73 rows=1451 width=8) (actual time=7.831..16.195 rows=1461 loops=3)
                                                                  Filter: (d_year = ANY ('{1999,2000,2001,2002}'::integer[]))
                                                                  Rows Removed by Filter: 71588
                                          ->  Index Only Scan using pk_customer on customer customer_2  (cost=0.29..1774.19 rows=100000 width=8) (actual time=0.051..9.813 rows=99998 loops=3)
                                                Heap Fetches: 0
          ->  Gather  (cost=104182.25..125182.25 rows=200000 width=16) (actual time=559.732..580.432 rows=165160 loops=1)
                Workers Planned: 2
                Workers Launched: 2
                ->  Partial HashAggregate  (cost=103182.25..104182.25 rows=100000 width=16) (actual time=554.343..565.608 rows=55053 loops=3)
                      Group Key: customer_3.c_customer_sk
                      Batches: 1  Memory Usage: 8209kB
                      Worker 0:  Batches: 1  Memory Usage: 8209kB
                      Worker 1:  Batches: 1  Memory Usage: 7185kB
                      ->  Hash Join  (cost=3024.19..91685.43 rows=1149682 width=20) (actual time=22.952..410.945 rows=905340 loops=3)
                            Hash Cond: (store_sales_2.ss_customer_sk = customer_3.c_customer_sk)
                            ->  Parallel Seq Scan on store_sales store_sales_2  (cost=0.00..85499.45 rows=1204445 width=20) (actual time=0.015..133.191 rows=948150 loops=3)
                            ->  Hash  (cost=1774.19..1774.19 rows=100000 width=8) (actual time=22.551..22.551 rows=100000 loops=3)
                                  Buckets: 131072  Batches: 1  Memory Usage: 4931kB
                                  ->  Index Only Scan using pk_customer on customer customer_3  (cost=0.29..1774.19 rows=100000 width=8) (actual time=0.066..10.379 rows=100000 loops=3)
                                        Heap Fetches: 0
  ->  Sort  (cost=18921.98..18922.53 rows=220 width=60) (actual time=4583.333..4583.341 rows=0 loops=1)
        Sort Key: customer.c_last_name, customer.c_first_name, (sum(((catalog_sales.cs_quantity)::double precision * catalog_sales.cs_list_price)))
        Sort Method: quicksort  Memory: 25kB
        ->  Append  (cost=5405.39..18913.58 rows=220 width=60) (actual time=4583.329..4583.336 rows=0 loops=1)
              ->  GroupAggregate  (cost=5405.39..5409.04 rows=146 width=60) (actual time=4569.315..4569.319 rows=0 loops=1)
                    Group Key: customer.c_last_name, customer.c_first_name
                    ->  Sort  (cost=5405.39..5405.75 rows=146 width=64) (actual time=4569.314..4569.318 rows=0 loops=1)
                          Sort Key: customer.c_last_name, customer.c_first_name
                          Sort Method: quicksort  Memory: 25kB
                          ->  Nested Loop  (cost=1171.12..5400.14 rows=146 width=64) (actual time=4569.311..4569.315 rows=0 loops=1)
                                ->  Hash Join  (cost=1170.83..5354.19 rows=147 width=28) (actual time=4569.311..4569.314 rows=0 loops=1)
                                      Hash Cond: (catalog_sales.cs_item_sk = frequent_ss_items.item_sk)
                                      ->  Hash Join  (cost=754.92..4935.88 rows=293 width=36) (actual time=1481.262..1481.264 rows=0 loops=1)
                                            Hash Cond: (catalog_sales.cs_bill_customer_sk = best_ss_customer.c_customer_sk)
                                            ->  Nested Loop  (cost=0.43..4176.58 rows=590 width=28) (actual time=4.463..13.841 rows=13686 loops=1)
                                                  ->  Seq Scan on date_dim  (cost=0.00..2500.73 rows=30 width=8) (actual time=4.441..8.944 rows=30 loops=1)
                                                        Filter: ((d_year = 1999) AND (d_moy = 4))
                                                        Rows Removed by Filter: 73019
                                                  ->  Index Scan using i_cs_sold_date_sk on catalog_sales  (cost=0.43..48.01 rows=785 width=36) (actual time=0.004..0.077 rows=456 loops=30)
                                                        Index Cond: (cs_sold_date_sk = date_dim.d_date_sk)
                                            ->  Hash  (cost=751.99..751.99 rows=200 width=8) (actual time=1466.576..1466.577 rows=11 loops=1)
                                                  Buckets: 1024  Batches: 1  Memory Usage: 9kB
                                                  ->  HashAggregate  (cost=749.99..751.99 rows=200 width=8) (actual time=1466.569..1466.571 rows=11 loops=1)
                                                        Group Key: best_ss_customer.c_customer_sk
                                                        Batches: 1  Memory Usage: 40kB
                                                        ->  CTE Scan on best_ss_customer  (cost=0.00..666.66 rows=33333 width=8) (actual time=1457.926..1466.561 rows=11 loops=1)
                                      ->  Hash  (cost=413.41..413.41 rows=200 width=8) (actual time=3088.045..3088.046 rows=111 loops=1)
                                            Buckets: 1024  Batches: 1  Memory Usage: 13kB
                                            ->  HashAggregate  (cost=411.41..413.41 rows=200 width=8) (actual time=3088.011..3088.024 rows=111 loops=1)
                                                  Group Key: frequent_ss_items.item_sk
                                                  Batches: 1  Memory Usage: 40kB
                                                  ->  CTE Scan on frequent_ss_items  (cost=0.00..365.70 rows=18285 width=8) (actual time=2113.108..3087.950 rows=111 loops=1)
                                ->  Index Scan using pk_customer on customer  (cost=0.29..0.31 rows=1 width=60) (never executed)
                                      Index Cond: (c_customer_sk = catalog_sales.cs_bill_customer_sk)
              ->  GroupAggregate  (cost=13499.39..13501.24 rows=74 width=60) (actual time=14.012..14.014 rows=0 loops=1)
                    Group Key: customer_1.c_last_name, customer_1.c_first_name
                    ->  Sort  (cost=13499.39..13499.58 rows=74 width=64) (actual time=14.011..14.013 rows=0 loops=1)
                          Sort Key: customer_1.c_last_name, customer_1.c_first_name
                          Sort Method: quicksort  Memory: 25kB
                          ->  Nested Loop  (cost=3667.73..13497.09 rows=74 width=64) (actual time=14.001..14.003 rows=0 loops=1)
                                ->  Hash Join  (cost=3667.44..13473.77 rows=74 width=28) (actual time=14.001..14.002 rows=0 loops=1)
                                      Hash Cond: (web_sales.ws_bill_customer_sk = best_ss_customer_1.c_customer_sk)
                                      ->  Hash Join  (cost=2912.95..12718.06 rows=148 width=20) (actual time=7.589..13.979 rows=68 loops=1)
                                            Hash Cond: (web_sales.ws_sold_date_sk = date_dim_1.d_date_sk)
                                            ->  Nested Loop  (cost=411.84..9268.55 rows=361276 width=28) (actual time=0.049..6.210 rows=5121 loops=1)
                                                  ->  HashAggregate  (cost=411.41..413.41 rows=200 width=8) (actual time=0.034..0.049 rows=111 loops=1)
                                                        Group Key: frequent_ss_items_1.item_sk
                                                        Batches: 1  Memory Usage: 40kB
                                                        ->  CTE Scan on frequent_ss_items frequent_ss_items_1  (cost=0.00..365.70 rows=18285 width=8) (actual time=0.001..0.010 rows=111 loops=1)
                                                  ->  Index Scan using pk_web_sales on web_sales  (cost=0.42..43.84 rows=44 width=36) (actual time=0.005..0.049 rows=46 loops=111)
                                                        Index Cond: (ws_item_sk = frequent_ss_items_1.item_sk)
                                            ->  Hash  (cost=2500.73..2500.73 rows=30 width=8) (actual time=7.427..7.427 rows=30 loops=1)
                                                  Buckets: 1024  Batches: 1  Memory Usage: 10kB
                                                  ->  Seq Scan on date_dim date_dim_1  (cost=0.00..2500.73 rows=30 width=8) (actual time=3.950..7.423 rows=30 loops=1)
                                                        Filter: ((d_year = 1999) AND (d_moy = 4))
                                                        Rows Removed by Filter: 73019
                                      ->  Hash  (cost=751.99..751.99 rows=200 width=8) (actual time=0.010..0.011 rows=11 loops=1)
                                            Buckets: 1024  Batches: 1  Memory Usage: 9kB
                                            ->  HashAggregate  (cost=749.99..751.99 rows=200 width=8) (actual time=0.007..0.009 rows=11 loops=1)
                                                  Group Key: best_ss_customer_1.c_customer_sk
                                                  Batches: 1  Memory Usage: 40kB
                                                  ->  CTE Scan on best_ss_customer best_ss_customer_1  (cost=0.00..666.66 rows=33333 width=8) (actual time=0.001..0.002 rows=11 loops=1)
                                ->  Index Scan using pk_customer on customer customer_1  (cost=0.29..0.32 rows=1 width=60) (never executed)
                                      Index Cond: (c_customer_sk = web_sales.ws_bill_customer_sk)
 c_last_name | c_first_name | sales 
-------------+--------------+-------
(0 rows)

UPDATE time_statistics SET e_time = TRANSACTION_TIMESTAMP() WHERE template = '../query_postgresql/query23.tpl' AND stream = 6;
psql:/tmp/s1-basline/throughput/query_6.sql:1785: NOTICE:  duration: 0.079 ms  plan:
Query Text: UPDATE time_statistics SET e_time = TRANSACTION_TIMESTAMP() WHERE template = '../query_postgresql/query23.tpl' AND stream = 6;
Update on time_statistics  (cost=0.00..15.87 rows=0 width=0) (actual time=0.078..0.079 rows=0 loops=1)
  ->  Seq Scan on time_statistics  (cost=0.00..15.87 rows=1 width=14) (actual time=0.050..0.064 rows=1 loops=1)
        Filter: ((template = '../query_postgresql/query23.tpl'::text) AND (stream = 6))
        Rows Removed by Filter: 523
UPDATE 1
LOAD 'auto_explain'; SET auto_explain.log_min_duration TO 0; SET auto_explain.log_analyze TO on; SET auto_explain.log_level TO notice; INSERT INTO time_statistics (template, s_time, stream, query, seed) VALUES ('query26.tpl', TRANSACTION_TIMESTAMP(), 6, 35, 1181361082);
LOAD
SET
SET
SET
psql:/tmp/s1-basline/throughput/query_6.sql:1786: NOTICE:  duration: 0.020 ms  plan:
Query Text: INSERT INTO time_statistics (template, s_time, stream, query, seed) VALUES ('query26.tpl', TRANSACTION_TIMESTAMP(), 6, 35, 1181361082);
Insert on time_statistics  (cost=0.00..0.01 rows=0 width=0) (actual time=0.020..0.020 rows=0 loops=1)
  ->  Result  (cost=0.00..0.01 rows=1 width=64) (actual time=0.001..0.001 rows=1 loops=1)
INSERT 0 1
select  i_item_id, 
        avg(cs_quantity) agg1,
        avg(cs_list_price) agg2,
        avg(cs_coupon_amt) agg3,
        avg(cs_sales_price) agg4 
 from catalog_sales, customer_demographics, date_dim, item, promotion
 where cs_sold_date_sk = d_date_sk and
       cs_item_sk = i_item_sk and
       cs_bill_cdemo_sk = cd_demo_sk and
       cs_promo_sk = p_promo_sk and
       cd_gender = 'F' and 
       cd_marital_status = 'S' and
       cd_education_status = 'College' and
       (p_channel_email = 'N' or p_channel_event = 'N') and
       d_year = 1998 
 group by i_item_id
 order by i_item_id
 limit 100;
psql:/tmp/s1-basline/throughput/query_6.sql:1804: NOTICE:  duration: 635.104 ms  plan:
Query Text: select  i_item_id, 
        avg(cs_quantity) agg1,
        avg(cs_list_price) agg2,
        avg(cs_coupon_amt) agg3,
        avg(cs_sales_price) agg4 
 from catalog_sales, customer_demographics, date_dim, item, promotion
 where cs_sold_date_sk = d_date_sk and
       cs_item_sk = i_item_sk and
       cs_bill_cdemo_sk = cd_demo_sk and
       cs_promo_sk = p_promo_sk and
       cd_gender = 'F' and 
       cd_marital_status = 'S' and
       cd_education_status = 'College' and
       (p_channel_email = 'N' or p_channel_event = 'N') and
       d_year = 1998 
 group by i_item_id
 order by i_item_id
 limit 100;
Limit  (cost=24957.51..24961.01 rows=100 width=73) (actual time=634.939..635.046 rows=100 loops=1)
  ->  GroupAggregate  (cost=24957.51..24961.04 rows=101 width=73) (actual time=634.938..635.038 rows=100 loops=1)
        Group Key: item.i_item_id
        ->  Sort  (cost=24957.51..24957.76 rows=101 width=45) (actual time=634.925..634.932 rows=132 loops=1)
              Sort Key: item.i_item_id
              Sort Method: quicksort  Memory: 432kB
              ->  Nested Loop  (cost=1.29..24954.14 rows=101 width=45) (actual time=4.431..624.395 rows=3909 loops=1)
                    ->  Nested Loop  (cost=1.00..24923.24 rows=101 width=36) (actual time=4.425..615.867 rows=3909 loops=1)
                          ->  Nested Loop  (cost=0.85..24905.90 rows=102 width=44) (actual time=4.422..611.017 rows=3951 loops=1)
                                ->  Nested Loop  (cost=0.43..21531.98 rows=7137 width=52) (actual time=3.944..128.072 rows=282616 loops=1)
                                      ->  Seq Scan on date_dim  (cost=0.00..2318.11 rows=363 width=8) (actual time=3.936..8.561 rows=365 loops=1)
                                            Filter: (d_year = 1998)
                                            Rows Removed by Filter: 72684
                                      ->  Index Scan using i_cs_sold_date_sk on catalog_sales  (cost=0.43..45.08 rows=785 width=60) (actual time=0.004..0.177 rows=774 loops=365)
                                            Index Cond: (cs_sold_date_sk = date_dim.d_date_sk)
                                ->  Index Scan using pk_customer_demographics on customer_demographics  (cost=0.43..0.47 rows=1 width=8) (actual time=0.002..0.002 rows=0 loops=282616)
                                      Index Cond: (cd_demo_sk = catalog_sales.cs_bill_cdemo_sk)
                                      Filter: ((cd_gender = 'F'::bpchar) AND (cd_marital_status = 'S'::bpchar) AND (cd_education_status = 'College'::bpchar))
                                      Rows Removed by Filter: 1
                          ->  Index Scan using pk_promotion on promotion  (cost=0.15..0.17 rows=1 width=8) (actual time=0.001..0.001 rows=1 loops=3951)
                                Index Cond: (p_promo_sk = catalog_sales.cs_promo_sk)
                                Filter: ((p_channel_email = 'N'::bpchar) OR (p_channel_event = 'N'::bpchar))
                                Rows Removed by Filter: 0
                    ->  Index Scan using pk_item on item  (cost=0.29..0.31 rows=1 width=25) (actual time=0.002..0.002 rows=1 loops=3909)
                          Index Cond: (i_item_sk = catalog_sales.cs_item_sk)
    i_item_id     |         agg1         |        agg2        |  agg3   |        agg4        
------------------+----------------------+--------------------+---------+--------------------
 AAAAAAAAAAAEAAAA |  51.5000000000000000 |             42.735 |       0 |               15.1
 AAAAAAAAAABBAAAA |   4.0000000000000000 |              83.59 |       0 |              25.91
 AAAAAAAAAADCAAAA |   9.0000000000000000 | 48.260000000000005 |  76.085 |              19.83
 AAAAAAAAAAEAAAAA |  93.0000000000000000 |              86.88 |       0 |              63.42
 AAAAAAAAAAEBAAAA |  85.0000000000000000 |              201.6 |       0 |                127
 AAAAAAAAAAEDAAAA |  65.0000000000000000 |  74.71333333333332 |       0 |  25.96666666666667
 AAAAAAAAAAHDAAAA |  95.0000000000000000 |             166.63 |       0 |             139.96
 AAAAAAAAAAKBAAAA |  12.0000000000000000 |             124.77 |       0 |              54.89
 AAAAAAAAAALAAAAA |  67.5000000000000000 |              33.76 |   25.61 |              23.14
 AAAAAAAAAALCAAAA |  96.0000000000000000 |             234.01 |       0 |              187.2
 AAAAAAAAAAMBAAAA |  48.0000000000000000 |              69.49 |  252.07 |              19.45
 AAAAAAAAAANAAAAA |  40.5000000000000000 |             16.515 |  36.895 |              4.835
 AAAAAAAAAANDAAAA |   8.0000000000000000 |             104.43 |  232.88 |               35.5
 AAAAAAAAAAPCAAAA |  71.0000000000000000 |              25.76 |       0 |               6.69
 AAAAAAAAABABAAAA |  87.0000000000000000 |             146.05 |       0 |              18.98
 AAAAAAAAABADAAAA |  32.0000000000000000 |              97.15 |       0 |              78.69
 AAAAAAAAABAEAAAA |  29.5000000000000000 |             130.68 |       0 |              86.73
 AAAAAAAAABBCAAAA | 100.0000000000000000 |             103.92 | 1425.76 |             101.84
 AAAAAAAAABBDAAAA |  47.0000000000000000 |             232.36 |       0 |             183.56
 AAAAAAAAABCBAAAA |  39.0000000000000000 |              20.13 |  132.06 |              19.92
 AAAAAAAAABDEAAAA |  57.0000000000000000 |             128.28 |       0 |              12.82
 AAAAAAAAABFCAAAA |  38.5000000000000000 | 107.88499999999999 | 354.735 |             27.805
 AAAAAAAAABJDAAAA |  46.5000000000000000 |               47.8 |   8.385 |              36.81
 AAAAAAAAABKAAAAA |  42.0000000000000000 |              30.68 |       0 |             19.445
 AAAAAAAAABNCAAAA |  73.5000000000000000 |             64.885 |       0 |             33.295
 AAAAAAAAABNDAAAA |  43.0000000000000000 |               2.13 |       0 |               1.04
 AAAAAAAAABOCAAAA |  92.0000000000000000 |               93.7 |       0 |              11.24
 AAAAAAAAABPBAAAA |  31.0000000000000000 |             141.65 |       0 |              99.15
 AAAAAAAAABPDAAAA |  15.0000000000000000 |              90.04 |  648.22 |              57.62
 AAAAAAAAACAAAAAA |  18.0000000000000000 |             107.32 |       0 |              53.66
 AAAAAAAAACACAAAA |  86.0000000000000000 |              58.85 |       0 |                4.7
 AAAAAAAAACADAAAA |  96.0000000000000000 |              62.86 |       0 |              53.43
 AAAAAAAAACBBAAAA |  33.0000000000000000 |              81.23 |       0 |               20.3
 AAAAAAAAACCDAAAA |  55.0000000000000000 |               1.94 |       0 |                1.1
 AAAAAAAAACDDAAAA |  54.0000000000000000 |               5.12 |       0 |               0.05
 AAAAAAAAACECAAAA |  75.0000000000000000 |               4.42 |       0 |               0.57
 AAAAAAAAACFAAAAA |  83.0000000000000000 |             189.16 |       0 |             145.65
 AAAAAAAAACHCAAAA |  41.0000000000000000 |             82.675 |       0 |             11.615
 AAAAAAAAACMAAAAA |  58.0000000000000000 |               64.1 |       0 |              20.51
 AAAAAAAAACNBAAAA |  28.0000000000000000 |             98.945 |       0 |              60.46
 AAAAAAAAACNCAAAA |  39.0000000000000000 |              136.8 |       0 |              54.72
 AAAAAAAAACOAAAAA |  20.0000000000000000 | 39.105000000000004 |       0 |             20.605
 AAAAAAAAACOBAAAA |  81.0000000000000000 |              81.76 |       0 |              24.52
 AAAAAAAAACPAAAAA |  20.0000000000000000 |               89.6 |       0 |               89.6
 AAAAAAAAACPCAAAA |  98.0000000000000000 |               84.3 |       0 |              34.56
 AAAAAAAAACPDAAAA |  57.5000000000000000 |           117.4875 |   15.55 |  95.66499999999999
 AAAAAAAAADABAAAA |  56.5000000000000000 |             92.705 |       0 |             81.905
 AAAAAAAAADBAAAAA |  97.0000000000000000 |             167.55 |       0 |              73.72
 AAAAAAAAADBBAAAA |  36.0000000000000000 |             146.57 |       0 |               89.4
 AAAAAAAAADBDAAAA |  64.0000000000000000 |              114.4 |       0 |              59.48
 AAAAAAAAADDBAAAA |  73.0000000000000000 |              83.49 |       0 |              16.69
 AAAAAAAAADDCAAAA |  91.0000000000000000 | 131.54500000000002 |       0 |              34.46
 AAAAAAAAADDEAAAA |   9.0000000000000000 |              70.56 |       0 |                2.2
 AAAAAAAAADEAAAAA |  39.0000000000000000 |             192.42 |       0 |              26.93
 AAAAAAAAADEEAAAA |   6.0000000000000000 |             143.11 |       0 |              20.03
 AAAAAAAAADFCAAAA |  71.0000000000000000 |             57.915 |  15.605 |             11.005
 AAAAAAAAADFDAAAA |  61.0000000000000000 |             107.02 | 1595.35 |             100.59
 AAAAAAAAADGBAAAA |  98.0000000000000000 |             164.55 |       0 |              13.16
 AAAAAAAAADGCAAAA |  90.0000000000000000 |              27.54 |       0 |               3.02
 AAAAAAAAADGEAAAA |   3.0000000000000000 |             118.97 |       0 |              27.36
 AAAAAAAAADJBAAAA |  29.0000000000000000 |             152.57 |       0 |              64.07
 AAAAAAAAADKBAAAA |  29.0000000000000000 |             252.33 |  102.39 |              12.61
 AAAAAAAAADLDAAAA |  10.6666666666666667 |              38.75 |       0 | 12.030000000000001
 AAAAAAAAADOAAAAA |  21.0000000000000000 |              42.84 |       0 |               2.57
 AAAAAAAAADPBAAAA |  70.0000000000000000 |              76.75 |       0 |              36.84
 AAAAAAAAAEABAAAA |  79.0000000000000000 |              51.26 |       0 |               1.53
 AAAAAAAAAEADAAAA |  99.0000000000000000 |              33.24 |       0 |               4.32
 AAAAAAAAAECBAAAA |  12.0000000000000000 |             134.05 |   24.12 |               2.68
 AAAAAAAAAECEAAAA |  64.0000000000000000 |              54.54 |       0 |              54.54
 AAAAAAAAAEDAAAAA |  78.0000000000000000 |              50.57 |       0 |              24.27
 AAAAAAAAAEDDAAAA |  94.0000000000000000 |              17.16 |  126.21 |               4.63
 AAAAAAAAAEFEAAAA |  23.5000000000000000 |             90.075 |   49.82 |              71.02
 AAAAAAAAAEGAAAAA |  62.5000000000000000 |              126.4 | 281.925 |             73.195
 AAAAAAAAAEGBAAAA |  60.0000000000000000 |  72.91000000000001 |       0 | 35.903333333333336
 AAAAAAAAAEGEAAAA |  87.0000000000000000 |              85.01 |       0 |               4.25
 AAAAAAAAAEHAAAAA |  74.0000000000000000 | 221.16500000000002 |       0 |             160.06
 AAAAAAAAAEICAAAA |  65.0000000000000000 |             129.12 |       0 |               3.87
 AAAAAAAAAEKAAAAA | 100.0000000000000000 |              79.47 | 3326.05 |              36.55
 AAAAAAAAAEKCAAAA |  87.0000000000000000 |              15.23 |       0 |               3.04
 AAAAAAAAAEKDAAAA |  10.0000000000000000 |              94.46 |       0 |              27.39
 AAAAAAAAAEMDAAAA |  17.0000000000000000 |              61.56 |   717.8 |              60.32
 AAAAAAAAAENAAAAA |  33.0000000000000000 |              47.55 |       0 |              19.02
 AAAAAAAAAEOCAAAA |  47.0000000000000000 |              96.37 |       0 |              66.49
 AAAAAAAAAFAAAAAA |  38.0000000000000000 |              32.51 |  484.12 |               18.2
 AAAAAAAAAFACAAAA |  66.5000000000000000 |            109.205 |  178.15 |              99.86
 AAAAAAAAAFADAAAA |  85.0000000000000000 |              22.35 |   17.39 |               0.22
 AAAAAAAAAFBBAAAA |  69.0000000000000000 |              136.6 |       0 |              45.07
 AAAAAAAAAFCAAAAA |  17.0000000000000000 |             252.33 |       0 |             171.58
 AAAAAAAAAFCBAAAA |  59.5000000000000000 |             44.115 |       0 | 29.630000000000003
 AAAAAAAAAFCDAAAA |  45.0000000000000000 |               2.41 |       0 |               1.97
 AAAAAAAAAFDCAAAA |  43.0000000000000000 |              14.87 |       0 |               9.96
 AAAAAAAAAFDDAAAA |  82.0000000000000000 |              96.26 |       0 |              83.74
 AAAAAAAAAFFAAAAA |  34.0000000000000000 |              19.13 |       0 |               0.57
 AAAAAAAAAFFBAAAA |   4.0000000000000000 |              14.97 |       0 |              10.77
 AAAAAAAAAFJCAAAA |  82.0000000000000000 |               9.82 |       0 |               1.66
 AAAAAAAAAFLDAAAA |  21.0000000000000000 |              87.71 |       0 |               64.9
 AAAAAAAAAFMDAAAA |   7.0000000000000000 |              30.19 |   17.98 |              11.17
 AAAAAAAAAFNBAAAA |  65.0000000000000000 |             185.01 |       0 | 114.13499999999999
 AAAAAAAAAFOBAAAA |  40.0000000000000000 |               3.35 |       0 |                0.9
 AAAAAAAAAGABAAAA |  62.0000000000000000 |              47.11 |       0 |              32.97
(100 rows)

UPDATE time_statistics SET e_time = TRANSACTION_TIMESTAMP() WHERE template = 'query26.tpl' AND stream = 6;
psql:/tmp/s1-basline/throughput/query_6.sql:1806: NOTICE:  duration: 0.084 ms  plan:
Query Text: UPDATE time_statistics SET e_time = TRANSACTION_TIMESTAMP() WHERE template = 'query26.tpl' AND stream = 6;
Update on time_statistics  (cost=0.00..15.87 rows=0 width=0) (actual time=0.083..0.083 rows=0 loops=1)
  ->  Seq Scan on time_statistics  (cost=0.00..15.87 rows=1 width=14) (actual time=0.065..0.068 rows=1 loops=1)
        Filter: ((template = 'query26.tpl'::text) AND (stream = 6))
        Rows Removed by Filter: 524
UPDATE 1
LOAD 'auto_explain'; SET auto_explain.log_min_duration TO 0; SET auto_explain.log_analyze TO on; SET auto_explain.log_level TO notice; INSERT INTO time_statistics (template, s_time, stream, query, seed) VALUES ('query69.tpl', TRANSACTION_TIMESTAMP(), 6, 36, 152161205);
LOAD
SET
SET
SET
psql:/tmp/s1-basline/throughput/query_6.sql:1807: NOTICE:  duration: 0.008 ms  plan:
Query Text: INSERT INTO time_statistics (template, s_time, stream, query, seed) VALUES ('query69.tpl', TRANSACTION_TIMESTAMP(), 6, 36, 152161205);
Insert on time_statistics  (cost=0.00..0.01 rows=0 width=0) (actual time=0.008..0.008 rows=0 loops=1)
  ->  Result  (cost=0.00..0.01 rows=1 width=64) (actual time=0.001..0.001 rows=1 loops=1)
INSERT 0 1
select  
  cd_gender,
  cd_marital_status,
  cd_education_status,
  count(*) cnt1,
  cd_purchase_estimate,
  count(*) cnt2,
  cd_credit_rating,
  count(*) cnt3
 from
  customer c,customer_address ca,customer_demographics
 where
  c.c_current_addr_sk = ca.ca_address_sk and
  ca_state in ('TX','WA','ND') and
  cd_demo_sk = c.c_current_cdemo_sk and 
  exists (select *
          from store_sales,date_dim
          where c.c_customer_sk = ss_customer_sk and
                ss_sold_date_sk = d_date_sk and
                d_year = 2004 and
                d_moy between 2 and 2+2) and
   (not exists (select *
            from web_sales,date_dim
            where c.c_customer_sk = ws_bill_customer_sk and
                  ws_sold_date_sk = d_date_sk and
                  d_year = 2004 and
                  d_moy between 2 and 2+2) and
    not exists (select * 
            from catalog_sales,date_dim
            where c.c_customer_sk = cs_ship_customer_sk and
                  cs_sold_date_sk = d_date_sk and
                  d_year = 2004 and
                  d_moy between 2 and 2+2))
 group by cd_gender,
          cd_marital_status,
          cd_education_status,
          cd_purchase_estimate,
          cd_credit_rating
 order by cd_gender,
          cd_marital_status,
          cd_education_status,
          cd_purchase_estimate,
          cd_credit_rating
 limit 100;
psql:/tmp/s1-basline/throughput/query_6.sql:1851: NOTICE:  duration: 8.854 ms  plan:
Query Text: select  
  cd_gender,
  cd_marital_status,
  cd_education_status,
  count(*) cnt1,
  cd_purchase_estimate,
  count(*) cnt2,
  cd_credit_rating,
  count(*) cnt3
 from
  customer c,customer_address ca,customer_demographics
 where
  c.c_current_addr_sk = ca.ca_address_sk and
  ca_state in ('TX','WA','ND') and
  cd_demo_sk = c.c_current_cdemo_sk and 
  exists (select *
          from store_sales,date_dim
          where c.c_customer_sk = ss_customer_sk and
                ss_sold_date_sk = d_date_sk and
                d_year = 2004 and
                d_moy between 2 and 2+2) and
   (not exists (select *
            from web_sales,date_dim
            where c.c_customer_sk = ws_bill_customer_sk and
                  ws_sold_date_sk = d_date_sk and
                  d_year = 2004 and
                  d_moy between 2 and 2+2) and
    not exists (select * 
            from catalog_sales,date_dim
            where c.c_customer_sk = cs_ship_customer_sk and
                  cs_sold_date_sk = d_date_sk and
                  d_year = 2004 and
                  d_moy between 2 and 2+2))
 group by cd_gender,
          cd_marital_status,
          cd_education_status,
          cd_purchase_estimate,
          cd_credit_rating
 order by cd_gender,
          cd_marital_status,
          cd_education_status,
          cd_purchase_estimate,
          cd_credit_rating
 limit 100;
Limit  (cost=121414.47..121417.22 rows=100 width=64) (actual time=8.850..8.852 rows=0 loops=1)
  ->  GroupAggregate  (cost=121414.47..121423.44 rows=326 width=64) (actual time=8.849..8.851 rows=0 loops=1)
        Group Key: customer_demographics.cd_gender, customer_demographics.cd_marital_status, customer_demographics.cd_education_status, customer_demographics.cd_purchase_estimate, customer_demographics.cd_credit_rating
        ->  Sort  (cost=121414.47..121415.29 rows=326 width=40) (actual time=8.849..8.851 rows=0 loops=1)
              Sort Key: customer_demographics.cd_gender, customer_demographics.cd_marital_status, customer_demographics.cd_education_status, customer_demographics.cd_purchase_estimate, customer_demographics.cd_credit_rating
              Sort Method: quicksort  Memory: 25kB
              ->  Hash Anti Join  (cost=118798.96..121400.86 rows=326 width=40) (actual time=8.842..8.844 rows=0 loops=1)
                    Hash Cond: (c.c_customer_sk = catalog_sales.cs_ship_customer_sk)
                    ->  Nested Loop  (cost=111172.99..113770.69 rows=332 width=48) (actual time=8.842..8.844 rows=0 loops=1)
                          ->  Hash Anti Join  (cost=111172.57..113517.04 rows=344 width=16) (actual time=8.842..8.843 rows=0 loops=1)
                                Hash Cond: (c.c_customer_sk = web_sales.ws_bill_customer_sk)
                                ->  Nested Loop  (cost=83965.04..86305.12 rows=347 width=16) (actual time=8.841..8.842 rows=0 loops=1)
                                      ->  Nested Loop  (cost=83964.75..85260.37 rows=3212 width=24) (actual time=8.841..8.842 rows=0 loops=1)
                                            ->  HashAggregate  (cost=83964.45..83998.10 rows=3365 width=8) (actual time=8.841..8.842 rows=0 loops=1)
                                                  Group Key: store_sales.ss_customer_sk
                                                  Batches: 1  Memory Usage: 121kB
                                                  ->  Nested Loop  (cost=0.43..83956.04 rows=3365 width=8) (actual time=8.833..8.833 rows=0 loops=1)
                                                        ->  Seq Scan on date_dim  (cost=0.00..2683.36 rows=89 width=8) (actual time=4.594..8.744 rows=90 loops=1)
                                                              Filter: ((d_moy >= 2) AND (d_moy <= 4) AND (d_year = 2004))
                                                              Rows Removed by Filter: 72959
                                                        ->  Index Scan using i_ss_sold_date_sk on store_sales  (cost=0.43..898.03 rows=1515 width=16) (actual time=0.001..0.001 rows=0 loops=90)
                                                              Index Cond: (ss_sold_date_sk = date_dim.d_date_sk)
                                            ->  Index Scan using pk_customer on customer c  (cost=0.29..0.38 rows=1 width=24) (never executed)
                                                  Index Cond: (c_customer_sk = store_sales.ss_customer_sk)
                                      ->  Index Scan using pk_customer_address on customer_address ca  (cost=0.29..0.33 rows=1 width=8) (never executed)
                                            Index Cond: (ca_address_sk = c.c_current_addr_sk)
                                            Filter: (ca_state = ANY ('{TX,WA,ND}'::bpchar[]))
                                ->  Hash  (cost=27196.53..27196.53 rows=880 width=8) (never executed)
                                      ->  Nested Loop  (cost=0.42..27196.53 rows=880 width=8) (never executed)
                                            ->  Seq Scan on date_dim date_dim_1  (cost=0.00..2683.36 rows=89 width=8) (never executed)
                                                  Filter: ((d_moy >= 2) AND (d_moy <= 4) AND (d_year = 2004))
                                            ->  Index Scan using i_ws_sold_date_sk on web_sales  (cost=0.42..271.46 rows=397 width=16) (never executed)
                                                  Index Cond: (ws_sold_date_sk = date_dim_1.d_date_sk)
                          ->  Index Scan using pk_customer_demographics on customer_demographics  (cost=0.43..0.74 rows=1 width=48) (never executed)
                                Index Cond: (cd_demo_sk = c.c_current_cdemo_sk)
                    ->  Hash  (cost=7604.10..7604.10 rows=1750 width=8) (never executed)
                          ->  Nested Loop  (cost=0.43..7604.10 rows=1750 width=8) (never executed)
                                ->  Seq Scan on date_dim date_dim_2  (cost=0.00..2683.36 rows=89 width=8) (never executed)
                                      Filter: ((d_moy >= 2) AND (d_moy <= 4) AND (d_year = 2004))
                                ->  Index Scan using i_cs_sold_date_sk on catalog_sales  (cost=0.43..47.44 rows=785 width=16) (never executed)
                                      Index Cond: (cs_sold_date_sk = date_dim_2.d_date_sk)
 cd_gender | cd_marital_status | cd_education_status | cnt1 | cd_purchase_estimate | cnt2 | cd_credit_rating | cnt3 
-----------+-------------------+---------------------+------+----------------------+------+------------------+------
(0 rows)

UPDATE time_statistics SET e_time = TRANSACTION_TIMESTAMP() WHERE template = 'query69.tpl' AND stream = 6;
psql:/tmp/s1-basline/throughput/query_6.sql:1853: NOTICE:  duration: 0.074 ms  plan:
Query Text: UPDATE time_statistics SET e_time = TRANSACTION_TIMESTAMP() WHERE template = 'query69.tpl' AND stream = 6;
Update on time_statistics  (cost=0.00..15.87 rows=0 width=0) (actual time=0.074..0.074 rows=0 loops=1)
  ->  Seq Scan on time_statistics  (cost=0.00..15.87 rows=1 width=14) (actual time=0.060..0.064 rows=1 loops=1)
        Filter: ((template = 'query69.tpl'::text) AND (stream = 6))
        Rows Removed by Filter: 525
UPDATE 1
LOAD 'auto_explain'; SET auto_explain.log_min_duration TO 0; SET auto_explain.log_analyze TO on; SET auto_explain.log_level TO notice; INSERT INTO time_statistics (template, s_time, stream, query, seed) VALUES ('query47.tpl', TRANSACTION_TIMESTAMP(), 6, 37, 1603914758);
LOAD
SET
SET
SET
psql:/tmp/s1-basline/throughput/query_6.sql:1854: NOTICE:  duration: 0.008 ms  plan:
Query Text: INSERT INTO time_statistics (template, s_time, stream, query, seed) VALUES ('query47.tpl', TRANSACTION_TIMESTAMP(), 6, 37, 1603914758);
Insert on time_statistics  (cost=0.00..0.01 rows=0 width=0) (actual time=0.007..0.008 rows=0 loops=1)
  ->  Result  (cost=0.00..0.01 rows=1 width=64) (actual time=0.001..0.001 rows=1 loops=1)
INSERT 0 1
with v1 as(
 select i_category, i_brand,
        s_store_name, s_company_name,
        d_year, d_moy,
        sum(ss_sales_price) sum_sales,
        avg(sum(ss_sales_price)) over
          (partition by i_category, i_brand,
                     s_store_name, s_company_name, d_year)
          avg_monthly_sales,
        rank() over
          (partition by i_category, i_brand,
                     s_store_name, s_company_name
           order by d_year, d_moy) rn
 from item, store_sales, date_dim, store
 where ss_item_sk = i_item_sk and
       ss_sold_date_sk = d_date_sk and
       ss_store_sk = s_store_sk and
       (
         d_year = 2001 or
         ( d_year = 2001-1 and d_moy =12) or
         ( d_year = 2001+1 and d_moy =1)
       )
 group by i_category, i_brand,
          s_store_name, s_company_name,
          d_year, d_moy),
 v2 as(
 select v1.i_brand
        ,v1.d_year, v1.d_moy
        ,v1.avg_monthly_sales
        ,v1.sum_sales, v1_lag.sum_sales psum, v1_lead.sum_sales nsum
 from v1, v1 v1_lag, v1 v1_lead
 where v1.i_category = v1_lag.i_category and
       v1.i_category = v1_lead.i_category and
       v1.i_brand = v1_lag.i_brand and
       v1.i_brand = v1_lead.i_brand and
       v1.s_store_name = v1_lag.s_store_name and
       v1.s_store_name = v1_lead.s_store_name and
       v1.s_company_name = v1_lag.s_company_name and
       v1.s_company_name = v1_lead.s_company_name and
       v1.rn = v1_lag.rn + 1 and
       v1.rn = v1_lead.rn - 1)
  select  *
 from v2
 where  d_year = 2001 and    
        avg_monthly_sales > 0 and
        case when avg_monthly_sales > 0 then abs(sum_sales - avg_monthly_sales) / avg_monthly_sales else null end > 0.1
 order by sum_sales - avg_monthly_sales, sum_sales
 limit 100;
psql:/tmp/s1-basline/throughput/query_6.sql:1902: NOTICE:  duration: 1765.201 ms  plan:
Query Text: with v1 as(
 select i_category, i_brand,
        s_store_name, s_company_name,
        d_year, d_moy,
        sum(ss_sales_price) sum_sales,
        avg(sum(ss_sales_price)) over
          (partition by i_category, i_brand,
                     s_store_name, s_company_name, d_year)
          avg_monthly_sales,
        rank() over
          (partition by i_category, i_brand,
                     s_store_name, s_company_name
           order by d_year, d_moy) rn
 from item, store_sales, date_dim, store
 where ss_item_sk = i_item_sk and
       ss_sold_date_sk = d_date_sk and
       ss_store_sk = s_store_sk and
       (
         d_year = 2001 or
         ( d_year = 2001-1 and d_moy =12) or
         ( d_year = 2001+1 and d_moy =1)
       )
 group by i_category, i_brand,
          s_store_name, s_company_name,
          d_year, d_moy),
 v2 as(
 select v1.i_brand
        ,v1.d_year, v1.d_moy
        ,v1.avg_monthly_sales
        ,v1.sum_sales, v1_lag.sum_sales psum, v1_lead.sum_sales nsum
 from v1, v1 v1_lag, v1 v1_lead
 where v1.i_category = v1_lag.i_category and
       v1.i_category = v1_lead.i_category and
       v1.i_brand = v1_lag.i_brand and
       v1.i_brand = v1_lead.i_brand and
       v1.s_store_name = v1_lag.s_store_name and
       v1.s_store_name = v1_lead.s_store_name and
       v1.s_company_name = v1_lag.s_company_name and
       v1.s_company_name = v1_lead.s_company_name and
       v1.rn = v1_lag.rn + 1 and
       v1.rn = v1_lead.rn - 1)
  select  *
 from v2
 where  d_year = 2001 and    
        avg_monthly_sales > 0 and
        case when avg_monthly_sales > 0 then abs(sum_sales - avg_monthly_sales) / avg_monthly_sales else null end > 0.1
 order by sum_sales - avg_monthly_sales, sum_sales
 limit 100;
Limit  (cost=99455.14..99455.14 rows=1 width=252) (actual time=1764.964..1765.114 rows=100 loops=1)
  CTE v1
    ->  WindowAgg  (cost=94819.99..97659.15 rows=15283 width=147) (actual time=1147.089..1609.886 rows=50225 loops=1)
          ->  WindowAgg  (cost=94819.99..97277.08 rows=15283 width=139) (actual time=1147.076..1566.557 rows=50225 loops=1)
                ->  Finalize GroupAggregate  (cost=94819.99..96856.79 rows=15283 width=131) (actual time=1147.064..1514.616 rows=50225 loops=1)
                      Group Key: item.i_category, item.i_brand, store.s_store_name, store.s_company_name, date_dim.d_year, date_dim.d_moy
                      ->  Gather Merge  (cost=94819.99..96481.08 rows=12736 width=131) (actual time=1147.055..1470.633 rows=118452 loops=1)
                            Workers Planned: 2
                            Workers Launched: 2
                            ->  Partial GroupAggregate  (cost=93819.97..94011.01 rows=6368 width=131) (actual time=1069.281..1300.797 rows=39484 loops=3)
                                  Group Key: item.i_category, item.i_brand, store.s_store_name, store.s_company_name, date_dim.d_year, date_dim.d_moy
                                  ->  Sort  (cost=93819.97..93835.89 rows=6368 width=131) (actual time=1069.267..1215.529 rows=214038 loops=3)
                                        Sort Key: item.i_category, item.i_brand, store.s_store_name, store.s_company_name, date_dim.d_year, date_dim.d_moy
                                        Sort Method: external merge  Disk: 35176kB
                                        Worker 0:  Sort Method: external merge  Disk: 28024kB
                                        Worker 1:  Sort Method: external merge  Disk: 28288kB
                                        ->  Hash Join  (cost=4716.17..93417.62 rows=6368 width=131) (actual time=31.541..366.757 rows=214038 loops=3)
                                              Hash Cond: (store_sales.ss_item_sk = item.i_item_sk)
                                              ->  Hash Join  (cost=3055.17..91739.90 rows=6368 width=37) (actual time=13.752..302.274 rows=214038 loops=3)
                                                    Hash Cond: (store_sales.ss_store_sk = store.s_store_sk)
                                                    ->  Hash Join  (cost=3053.90..91715.19 rows=6679 width=32) (actual time=13.705..265.906 rows=219161 loops=3)
                                                          Hash Cond: (store_sales.ss_sold_date_sk = date_dim.d_date_sk)
                                                          ->  Parallel Seq Scan on store_sales  (cost=0.00..85499.45 rows=1204445 width=32) (actual time=0.011..121.986 rows=948150 loops=3)
                                                          ->  Hash  (cost=3048.60..3048.60 rows=424 width=16) (actual time=13.661..13.662 rows=427 loops=3)
                                                                Buckets: 1024  Batches: 1  Memory Usage: 29kB
                                                                ->  Seq Scan on date_dim  (cost=0.00..3048.60 rows=424 width=16) (actual time=6.490..13.597 rows=427 loops=3)
                                                                      Filter: ((d_year = 2001) OR ((d_year = 2000) AND (d_moy = 12)) OR ((d_year = 2002) AND (d_moy = 1)))
                                                                      Rows Removed by Filter: 72622
                                                    ->  Hash  (cost=1.12..1.12 rows=12 width=21) (actual time=0.035..0.035 rows=12 loops=3)
                                                          Buckets: 1024  Batches: 1  Memory Usage: 9kB
                                                          ->  Seq Scan on store  (cost=0.00..1.12 rows=12 width=21) (actual time=0.025..0.028 rows=12 loops=3)
                                              ->  Hash  (cost=1436.00..1436.00 rows=18000 width=110) (actual time=17.678..17.678 rows=18000 loops=3)
                                                    Buckets: 32768  Batches: 1  Memory Usage: 2783kB
                                                    ->  Seq Scan on item  (cost=0.00..1436.00 rows=18000 width=110) (actual time=0.027..13.327 rows=18000 loops=3)
  ->  Sort  (cost=1795.99..1795.99 rows=1 width=252) (actual time=1764.963..1764.969 rows=100 loops=1)
        Sort Key: ((v1.sum_sales - v1.avg_monthly_sales)), v1.sum_sales
        Sort Method: top-N heapsort  Memory: 48kB
        ->  Hash Join  (cost=1184.64..1795.98 rows=1 width=252) (actual time=1717.026..1757.164 rows=35466 loops=1)
              Hash Cond: ((v1_lead.i_category = v1.i_category) AND (v1_lead.i_brand = v1.i_brand) AND ((v1_lead.s_store_name)::text = (v1.s_store_name)::text) AND ((v1_lead.s_company_name)::text = (v1.s_company_name)::text) AND ((v1_lead.rn - 1) = v1.rn))
              ->  CTE Scan on v1 v1_lead  (cost=0.00..305.66 rows=15283 width=660) (actual time=1147.090..1153.759 rows=50225 loops=1)
              ->  Hash  (cost=1184.62..1184.62 rows=1 width=1336) (actual time=569.914..569.915 rows=36041 loops=1)
                    Buckets: 65536 (originally 1024)  Batches: 1 (originally 1)  Memory Usage: 11869kB
                    ->  Hash Join  (cost=573.29..1184.62 rows=1 width=1336) (actual time=509.940..550.692 rows=36041 loops=1)
                          Hash Cond: ((v1_lag.i_category = v1.i_category) AND (v1_lag.i_brand = v1.i_brand) AND ((v1_lag.s_store_name)::text = (v1.s_store_name)::text) AND ((v1_lag.s_company_name)::text = (v1.s_company_name)::text) AND ((v1_lag.rn + 1) = v1.rn))
                          ->  CTE Scan on v1 v1_lag  (cost=0.00..305.66 rows=15283 width=660) (actual time=0.000..6.812 rows=50225 loops=1)
                          ->  Hash  (cost=573.11..573.11 rows=8 width=676) (actual time=509.926..509.926 rows=36316 loops=1)
                                Buckets: 65536 (originally 1024)  Batches: 1 (originally 1)  Memory Usage: 7133kB
                                ->  CTE Scan on v1  (cost=0.00..573.11 rows=8 width=676) (actual time=0.146..491.503 rows=36944 loops=1)
                                      Filter: ((avg_monthly_sales > '0'::double precision) AND (d_year = 2001) AND (CASE WHEN (avg_monthly_sales > '0'::double precision) THEN (abs((sum_sales - avg_monthly_sales)) / avg_monthly_sales) ELSE NULL::double precision END > '0.1'::double precision))
                                      Rows Removed by Filter: 13281
                      i_brand                       | d_year | d_moy | avg_monthly_sales  |     sum_sales      |        psum        |        nsum        
----------------------------------------------------+--------+-------+--------------------+--------------------+--------------------+--------------------
 edu packamalg #2                                   |   2001 |     2 |  7264.813333333334 | 2453.5100000000007 |  4250.400000000001 |            4915.99
 importoexporti #2                                  |   2001 |     3 |  7378.397499999999 | 2795.8700000000003 | 3399.5299999999997 |            4782.12
 amalgamalg #2                                      |   2001 |     2 |          6587.1125 | 2106.7799999999997 |            4063.74 | 2730.3100000000004
 amalgedu pack #2                                   |   2001 |     4 |  7323.924166666667 | 2873.3900000000003 |  4590.300000000001 | 3685.5099999999998
 importoamalg #2                                    |   2001 |     6 |          7190.2975 |            2791.19 | 3509.8899999999994 |            4386.51
 edu packimporto #2                                 |   2001 |     2 | 6780.3324999999995 |            2437.62 |            4581.96 | 4044.2399999999993
 exportiexporti #2                                  |   2001 |     4 |  7149.326666666665 |            2852.26 |  4244.790000000001 | 3375.1899999999996
 importoscholar #2                                  |   2001 |     4 |  6621.921666666666 |            2329.55 |            4466.96 |  4029.379999999999
 exportischolar #2                                  |   2001 |     6 |  7009.462499999999 |            2773.83 |            3258.96 |  4377.320000000001
 importoexporti #2                                  |   2001 |     2 |  7391.826666666667 | 3179.0299999999997 | 4748.6900000000005 | 3925.1899999999996
 importoamalg #2                                    |   2001 |     2 |  6989.212500000001 |            2808.59 |            3834.16 | 4032.8399999999992
 edu packexporti #2                                 |   2001 |     3 |  6845.319166666667 |            2677.24 |            3892.77 |  4837.830000000001
 exportiamalg #2                                    |   2001 |     4 |  7360.584999999999 |            3212.55 |            3700.29 |  4634.860000000001
 exportiedu pack #2                                 |   2001 |     2 |  6540.628333333334 |            2400.21 | 3916.6999999999994 | 3185.0699999999997
 amalgamalg #2                                      |   2001 |     5 |  6885.410833333334 |            2745.86 |            3437.59 |  4893.830000000001
 amalgamalg #2                                      |   2001 |     6 |  6925.370833333334 |            2786.57 | 3843.1600000000008 | 3621.1800000000003
 edu packedu pack #2                                |   2001 |     2 |  6992.592500000002 |            2935.82 |            5082.13 | 3294.9300000000003
 importoedu pack #2                                 |   2001 |     2 |  6867.086666666666 |            2817.29 |  4630.379999999999 |            3900.78
 exportiexporti #2                                  |   2001 |     3 |  7259.438333333333 | 3218.0499999999997 | 4092.8499999999995 |            3877.32
 importoexporti #2                                  |   2001 |     7 |  7205.904999999999 |            3173.96 |            4557.98 |             9377.5
 exportiexporti #2                                  |   2001 |     2 |          6967.3125 | 2946.7999999999997 |            4520.89 |  4317.509999999999
 importoimporto #2                                  |   2001 |     2 |  6604.248333333333 | 2592.1000000000004 |            4063.12 | 3422.3399999999997
 amalgamalg #2                                      |   2001 |     4 |  6690.971666666667 | 2681.5299999999997 |  4482.849999999999 | 3706.4800000000005
 exportiexporti #2                                  |   2001 |     4 |  6880.866666666665 |            2889.61 |            4412.92 | 3943.1399999999994
 importoexporti #2                                  |   2001 |     2 |  7378.397499999999 | 3399.5299999999997 |            4750.69 | 2795.8700000000003
 amalgedu pack #2                                   |   2001 |     6 |  6983.730833333334 |            3012.33 |  4104.299999999999 | 3476.7900000000004
 amalgedu pack #2                                   |   2001 |     2 |  6814.304166666666 | 2854.9299999999994 |  4539.790000000001 | 3993.8100000000004
 edu packamalg #2                                   |   2001 |     2 |  7383.661666666667 | 3431.7400000000002 |  5426.569999999999 |             3625.5
 edu packamalg #2                                   |   2001 |     4 |  7607.230833333334 | 3669.8900000000003 |               4057 |            3850.38
 edu packimporto #2                                 |   2001 |     4 |  6709.445833333334 |            2786.87 | 3970.1499999999996 |            3551.37
 importoexporti #2                                  |   2001 |     4 |  7391.826666666667 | 3478.8500000000004 | 3925.1899999999996 | 3876.1699999999996
 exportischolar #2                                  |   2001 |     2 |  7182.999166666666 |            3286.01 |  5057.119999999999 |             3731.6
 edu packimporto #2                                 |   2001 |     5 |  6446.824166666666 | 2552.6800000000003 | 4055.9000000000005 |            3535.83
 edu packexporti #2                                 |   2001 |     4 |  6299.865000000001 | 2428.0599999999995 |            3481.17 | 2736.0199999999995
 amalgedu pack #2                                   |   2001 |     2 |  7323.924166666667 |            3454.16 |            4805.66 |  4590.300000000001
 exportischolar #2                                  |   2001 |     2 | 7340.2733333333335 |            3471.21 |            4972.05 |               4343
 exportischolar #2                                  |   2001 |     6 |  7281.540833333333 | 3413.0299999999997 | 3553.6600000000008 |  4397.389999999999
 edu packedu pack #2                                |   2001 |     6 |  6669.571666666668 |            2805.72 | 3487.8799999999997 |            4189.93
 amalgamalg #2                                      |   2001 |     3 |          6587.1125 | 2730.3100000000004 | 2106.7799999999997 | 3211.2799999999997
 importoedu pack #2                                 |   2001 |     3 |  7060.291666666667 | 3211.2300000000005 |  4326.160000000001 |  4853.590000000001
 exportiamalg #2                                    |   2001 |     2 |  6413.958333333335 |            2569.98 | 4072.3499999999995 |            4915.61
 importoscholar #2                                  |   2001 |     6 |  6935.919999999999 | 3098.3100000000004 | 4023.3200000000006 |            4278.42
 amalgedu pack #2                                   |   2001 |     2 | 7239.1675000000005 |            3410.54 |            4982.09 |             3841.3
 amalgimporto #2                                    |   2001 |     5 |  6485.654166666666 | 2666.4900000000002 |            3740.12 | 3524.6299999999997
 amalgamalg #2                                      |   2001 |     6 |  6496.572499999999 |            2679.85 |            4070.38 |  4977.129999999999
 amalgedu pack #2                                   |   2001 |     4 |  6814.304166666666 | 3002.0199999999995 | 3993.8100000000004 |  4259.539999999999
 amalgscholar #2                                    |   2001 |     4 |            6388.77 | 2594.7500000000005 |            4514.74 | 4223.4800000000005
 edu packedu pack #2                                |   2001 |     6 |  7340.686666666667 |            3547.59 |            3853.78 |  5093.159999999999
 exportiexporti #2                                  |   2001 |     2 |  6697.689166666667 | 2909.9800000000005 |            4301.04 | 3794.4800000000005
 importoexporti #2                                  |   2001 |     2 |  7205.904999999999 | 3418.7200000000003 |            4817.83 |  5390.549999999999
 edu packexporti #2                                 |   2001 |     6 |  6845.319166666667 |             3059.8 |  4304.610000000001 |            4951.11
 importoexporti #2                                  |   2001 |     2 |           6986.465 |            3207.34 |  4384.860000000001 |            4291.06
 amalgimporto #2                                    |   2001 |     2 |            6866.03 | 3089.6800000000003 |            4837.06 | 3991.4699999999993
 exportiexporti #2                                  |   2001 |     5 |  7149.326666666665 | 3375.1899999999996 |            2852.26 |               5156
 exportiexporti #2                                  |   2001 |     2 |  7149.326666666665 | 3377.1099999999997 |            4505.75 |  4244.790000000001
 edu packamalg #2                                   |   2001 |     4 |  7383.661666666667 | 3614.0499999999993 |             3625.5 |  4142.990000000001
 exportiamalg #2                                    |   2001 |     7 |  6952.149166666667 | 3182.8499999999995 | 3989.4399999999996 |            8736.97
 edu packamalg #2                                   |   2001 |     2 |            7093.34 | 3325.2200000000003 |            4771.15 |  4445.629999999999
 exportiexporti #2                                  |   2001 |     6 |  7259.438333333333 | 3497.9200000000005 |  4509.639999999999 |            4208.12
 amalgexporti #2                                    |   2001 |     3 |  6763.645833333335 |            3002.91 |            3220.39 | 3480.4100000000003
 edu packamalg #2                                   |   2001 |     3 |  7383.661666666667 |             3625.5 | 3431.7400000000002 | 3614.0499999999993
 edu packamalg #2                                   |   2001 |     5 |  7607.230833333334 |            3850.38 | 3669.8900000000003 | 4081.1799999999994
 amalgedu pack #2                                   |   2001 |     6 |  6606.676666666667 |            2851.29 |            4120.05 |            4021.12
 exportischolar #2                                  |   2001 |     5 |  7009.462499999999 |            3258.96 |            4182.67 |            2773.83
 amalgamalg #2                                      |   2001 |     3 |  6885.410833333334 | 3141.9300000000003 |  3161.110000000001 |            3437.59
 exportischolar #2                                  |   2001 |     5 |  7182.999166666666 | 3441.1400000000003 |             4147.8 |  5226.629999999999
 edu packscholar #2                                 |   2001 |     2 |            6224.77 |            2487.39 |            4126.71 | 4404.0199999999995
 importoexporti #2                                  |   2001 |     2 |  7587.884999999999 | 3855.9100000000003 |  4953.049999999999 |            4203.82
 importoedu pack #2                                 |   2001 |     3 |  6994.296666666666 | 3263.1499999999996 |            4134.33 | 3612.7499999999995
 importoscholar #2                                  |   2001 |     2 |  6495.125833333333 |            2767.06 |  4555.379999999999 |            4133.22
 exportischolar #2                                  |   2001 |     5 |  7281.540833333333 | 3553.6600000000008 |  4210.109999999999 | 3413.0299999999997
 amalgamalg #2                                      |   2001 |     2 |  6885.410833333334 |  3161.110000000001 |            4489.15 | 3141.9300000000003
 exportiedu pack #2                                 |   2001 |     4 |  6729.629166666667 |            3006.78 |            5364.57 |            4176.91
 edu packedu pack #2                                |   2001 |     7 |  6746.447500000001 | 3034.7400000000002 | 3222.5899999999992 |  7710.939999999999
 amalgscholar #2                                    |   2001 |     5 |  6642.330000000001 | 2933.7799999999997 |            4832.91 | 3532.7599999999998
 amalgedu pack #2                                   |   2001 |     2 |  7172.392499999999 |            3467.31 |            4338.37 | 3913.8500000000004
 importoedu pack #2                                 |   2001 |     2 |  7435.572499999999 |            3731.75 |            4965.98 |            4452.57
 edu packedu pack #2                                |   2001 |     3 |  6992.592500000002 | 3294.9300000000003 |            2935.82 |            3976.42
 importoamalg #2                                    |   2001 |     5 |  7088.197499999999 |            3406.74 |            4149.27 |               4378
 importoamalg #2                                    |   2001 |     5 |          7190.2975 | 3509.8899999999994 |  4797.489999999999 |            2791.19
 exportiamalg #2                                    |   2001 |     2 |  7360.584999999999 |            3681.51 |            4613.33 |            3700.29
 amalgexporti #2                                    |   2001 |     2 |  6738.871666666666 |            3067.67 |            4201.11 |  4616.969999999999
 exportiexporti #2                                  |   2001 |     2 |  6880.866666666665 | 3212.9900000000002 | 3894.1399999999994 |            4412.92
 exportiamalg #2                                    |   2001 |     3 |  7360.584999999999 |            3700.29 |            3681.51 |            3212.55
 importoimporto #2                                  |   2001 |     6 |  6766.223333333332 | 3107.6899999999996 |            4339.95 |            4014.82
 amalgimporto #2                                    |   2001 |     2 |  6538.854166666665 | 2898.0200000000004 | 3384.6400000000003 |  4741.499999999999
 amalgedu pack #2                                   |   2001 |     5 |  7323.924166666667 | 3685.5099999999998 | 2873.3900000000003 |            4514.66
 edu packexporti #2                                 |   2001 |     2 |  6563.316666666667 |            2925.62 |            4084.09 |  3665.270000000001
 edu packimporto #2                                 |   2001 |     3 |  6596.614166666666 |            2965.75 |            3323.94 |            4479.55
 exportiamalg #2                                    |   2001 |     4 |  6413.958333333335 |            2793.42 |            4915.61 |            2830.67
 importoedu pack #2                                 |   2001 |     5 |  6994.296666666666 |            3379.29 | 3612.7499999999995 |            3576.68
 edu packexporti #2                                 |   2001 |     2 |  6330.056666666666 |            2717.54 |  4324.910000000001 | 3655.9300000000003
 amalgedu pack #2                                   |   2001 |     5 |  7172.392499999999 | 3560.4399999999996 |            4383.29 | 4086.7999999999997
 edu packamalg #2                                   |   2001 |     2 |  7607.230833333334 | 3995.5699999999997 |  4802.199999999999 |               4057
 edu packedu pack #2                                |   2001 |     6 |  6992.592500000002 | 3382.9700000000003 |  4813.400000000001 |  5264.029999999999
 edu packscholar #2                                 |   2001 |     6 |  6479.427500000001 | 2880.6900000000005 | 3771.2300000000005 | 3897.8800000000006
 importoedu pack #2                                 |   2001 |     6 |  6687.379166666666 |            3093.91 | 3883.4000000000005 |            3987.66
 importoexporti #2                                  |   2001 |     2 |  7142.079166666667 | 3555.7999999999997 |  4800.369999999999 |            3792.38
 importoexporti #2                                  |   2001 |     5 |  7587.884999999999 |            4002.71 | 4862.4400000000005 |            4220.12
 exportiamalg #2                                    |   2001 |     5 |  6413.958333333335 |            2830.67 |            2793.42 | 3470.9299999999994
(100 rows)

UPDATE time_statistics SET e_time = TRANSACTION_TIMESTAMP() WHERE template = 'query47.tpl' AND stream = 6;
psql:/tmp/s1-basline/throughput/query_6.sql:1904: NOTICE:  duration: 0.093 ms  plan:
Query Text: UPDATE time_statistics SET e_time = TRANSACTION_TIMESTAMP() WHERE template = 'query47.tpl' AND stream = 6;
Update on time_statistics  (cost=0.00..15.87 rows=0 width=0) (actual time=0.092..0.093 rows=0 loops=1)
  ->  Seq Scan on time_statistics  (cost=0.00..15.87 rows=1 width=14) (actual time=0.074..0.078 rows=1 loops=1)
        Filter: ((template = 'query47.tpl'::text) AND (stream = 6))
        Rows Removed by Filter: 526
UPDATE 1
LOAD 'auto_explain'; SET auto_explain.log_min_duration TO 0; SET auto_explain.log_analyze TO on; SET auto_explain.log_level TO notice; INSERT INTO time_statistics (template, s_time, stream, query, seed) VALUES ('../query_postgresql/query82.tpl', TRANSACTION_TIMESTAMP(), 6, 38, 1527831799);
LOAD
SET
SET
SET
psql:/tmp/s1-basline/throughput/query_6.sql:1905: NOTICE:  duration: 0.009 ms  plan:
Query Text: INSERT INTO time_statistics (template, s_time, stream, query, seed) VALUES ('../query_postgresql/query82.tpl', TRANSACTION_TIMESTAMP(), 6, 38, 1527831799);
Insert on time_statistics  (cost=0.00..0.01 rows=0 width=0) (actual time=0.008..0.008 rows=0 loops=1)
  ->  Result  (cost=0.00..0.01 rows=1 width=64) (actual time=0.002..0.002 rows=1 loops=1)
INSERT 0 1
select  i_item_id
       ,i_item_desc
       ,i_current_price
 from item, inventory, date_dim, store_sales
 where i_current_price between 39 and 39+30
 and inv_item_sk = i_item_sk
 and d_date_sk=inv_date_sk
 and d_date between cast('2001-01-03' as date) and (cast('2001-01-03' as date) + interval '60 days')
 and i_manufact_id in (387,508,512,887)
 and inv_quantity_on_hand between 100 and 500
 and ss_item_sk = i_item_sk
 group by i_item_id,i_item_desc,i_current_price
 order by i_item_id
 limit 100;
psql:/tmp/s1-basline/throughput/query_6.sql:1919: NOTICE:  duration: 13.264 ms  plan:
Query Text: select  i_item_id
       ,i_item_desc
       ,i_current_price
 from item, inventory, date_dim, store_sales
 where i_current_price between 39 and 39+30
 and inv_item_sk = i_item_sk
 and d_date_sk=inv_date_sk
 and d_date between cast('2001-01-03' as date) and (cast('2001-01-03' as date) + interval '60 days')
 and i_manufact_id in (387,508,512,887)
 and inv_quantity_on_hand between 100 and 500
 and ss_item_sk = i_item_sk
 group by i_item_id,i_item_desc,i_current_price
 order by i_item_id
 limit 100;
Limit  (cost=2233.48..2235.21 rows=2 width=127) (actual time=11.788..13.258 rows=2 loops=1)
  ->  Group  (cost=2233.48..2235.21 rows=2 width=127) (actual time=11.787..13.257 rows=2 loops=1)
        Group Key: item.i_item_id, item.i_item_desc, item.i_current_price
        ->  Sort  (cost=2233.48..2233.91 rows=173 width=127) (actual time=11.786..12.127 rows=8827 loops=1)
              Sort Key: item.i_item_id, item.i_item_desc, item.i_current_price
              Sort Method: quicksort  Memory: 2231kB
              ->  Nested Loop  (cost=1.28..2227.04 rows=173 width=127) (actual time=3.743..9.646 rows=8827 loops=1)
                    ->  Nested Loop  (cost=0.85..2221.80 rows=1 width=143) (actual time=3.732..7.894 rows=35 loops=1)
                          ->  Seq Scan on item  (cost=0.00..1616.00 rows=2 width=135) (actual time=3.681..6.895 rows=3 loops=1)
                                Filter: ((i_current_price >= '39'::double precision) AND (i_current_price <= '69'::double precision) AND (i_manufact_id = ANY ('{387,508,512,887}'::integer[])))
                                Rows Removed by Filter: 17997
                          ->  Nested Loop  (cost=0.85..302.31 rows=59 width=8) (actual time=0.080..0.330 rows=12 loops=3)
                                ->  Index Scan using i_d_date on date_dim  (cost=0.29..4.67 rows=59 width=8) (actual time=0.005..0.015 rows=61 loops=3)
                                      Index Cond: ((d_date >= '2001-01-03'::date) AND (d_date <= '2001-03-04 00:00:00'::timestamp without time zone))
                                ->  Index Scan using pk_inventory on inventory  (cost=0.56..5.03 rows=1 width=16) (actual time=0.004..0.005 rows=0 loops=183)
                                      Index Cond: ((inv_date_sk = date_dim.d_date_sk) AND (inv_item_sk = item.i_item_sk))
                                      Filter: ((inv_quantity_on_hand >= 100) AND (inv_quantity_on_hand <= 500))
                                      Rows Removed by Filter: 0
                    ->  Index Only Scan using pk_store_sales on store_sales  (cost=0.43..3.50 rows=175 width=8) (actual time=0.004..0.031 rows=252 loops=35)
                          Index Cond: (ss_item_sk = inventory.inv_item_sk)
                          Heap Fetches: 535
    i_item_id     |                                                                  i_item_desc                                                                   | i_current_price 
------------------+------------------------------------------------------------------------------------------------------------------------------------------------+-----------------
 AAAAAAAADMFCAAAA | General pages choose for instance young, right areas. But male appeals could not consume statements. Fortunes play important arms; units put a |           39.87
 AAAAAAAAKJPDAAAA | Capital experts go jobs. Central papers perform also as an faces; easy sides stay. Days used to devise now curious, suitable women. Thi        |           48.87
(2 rows)

UPDATE time_statistics SET e_time = TRANSACTION_TIMESTAMP() WHERE template = '../query_postgresql/query82.tpl' AND stream = 6;
psql:/tmp/s1-basline/throughput/query_6.sql:1921: NOTICE:  duration: 0.068 ms  plan:
Query Text: UPDATE time_statistics SET e_time = TRANSACTION_TIMESTAMP() WHERE template = '../query_postgresql/query82.tpl' AND stream = 6;
Update on time_statistics  (cost=0.00..15.87 rows=0 width=0) (actual time=0.068..0.068 rows=0 loops=1)
  ->  Seq Scan on time_statistics  (cost=0.00..15.87 rows=1 width=14) (actual time=0.055..0.058 rows=1 loops=1)
        Filter: ((template = '../query_postgresql/query82.tpl'::text) AND (stream = 6))
        Rows Removed by Filter: 527
UPDATE 1
LOAD 'auto_explain'; SET auto_explain.log_min_duration TO 0; SET auto_explain.log_analyze TO on; SET auto_explain.log_level TO notice; INSERT INTO time_statistics (template, s_time, stream, query, seed) VALUES ('query31.tpl', TRANSACTION_TIMESTAMP(), 6, 39, 1063551046);
LOAD
SET
SET
SET
psql:/tmp/s1-basline/throughput/query_6.sql:1922: NOTICE:  duration: 0.008 ms  plan:
Query Text: INSERT INTO time_statistics (template, s_time, stream, query, seed) VALUES ('query31.tpl', TRANSACTION_TIMESTAMP(), 6, 39, 1063551046);
Insert on time_statistics  (cost=0.00..0.01 rows=0 width=0) (actual time=0.007..0.008 rows=0 loops=1)
  ->  Result  (cost=0.00..0.01 rows=1 width=64) (actual time=0.001..0.001 rows=1 loops=1)
INSERT 0 1
with ss as
 (select ca_county,d_qoy, d_year,sum(ss_ext_sales_price) as store_sales
 from store_sales,date_dim,customer_address
 where ss_sold_date_sk = d_date_sk
  and ss_addr_sk=ca_address_sk
 group by ca_county,d_qoy, d_year),
 ws as
 (select ca_county,d_qoy, d_year,sum(ws_ext_sales_price) as web_sales
 from web_sales,date_dim,customer_address
 where ws_sold_date_sk = d_date_sk
  and ws_bill_addr_sk=ca_address_sk
 group by ca_county,d_qoy, d_year)
 select 
        ss1.ca_county
       ,ss1.d_year
       ,ws2.web_sales/ws1.web_sales web_q1_q2_increase
       ,ss2.store_sales/ss1.store_sales store_q1_q2_increase
       ,ws3.web_sales/ws2.web_sales web_q2_q3_increase
       ,ss3.store_sales/ss2.store_sales store_q2_q3_increase
 from
        ss ss1
       ,ss ss2
       ,ss ss3
       ,ws ws1
       ,ws ws2
       ,ws ws3
 where
    ss1.d_qoy = 1
    and ss1.d_year = 1999
    and ss1.ca_county = ss2.ca_county
    and ss2.d_qoy = 2
    and ss2.d_year = 1999
 and ss2.ca_county = ss3.ca_county
    and ss3.d_qoy = 3
    and ss3.d_year = 1999
    and ss1.ca_county = ws1.ca_county
    and ws1.d_qoy = 1
    and ws1.d_year = 1999
    and ws1.ca_county = ws2.ca_county
    and ws2.d_qoy = 2
    and ws2.d_year = 1999
    and ws1.ca_county = ws3.ca_county
    and ws3.d_qoy = 3
    and ws3.d_year =1999
    and case when ws1.web_sales > 0 then ws2.web_sales/ws1.web_sales else null end 
       > case when ss1.store_sales > 0 then ss2.store_sales/ss1.store_sales else null end
    and case when ws2.web_sales > 0 then ws3.web_sales/ws2.web_sales else null end
       > case when ss2.store_sales > 0 then ss3.store_sales/ss2.store_sales else null end
 order by web_q1_q2_increase;
psql:/tmp/s1-basline/throughput/query_6.sql:1971: NOTICE:  duration: 11229.409 ms  plan:
Query Text: with ss as
 (select ca_county,d_qoy, d_year,sum(ss_ext_sales_price) as store_sales
 from store_sales,date_dim,customer_address
 where ss_sold_date_sk = d_date_sk
  and ss_addr_sk=ca_address_sk
 group by ca_county,d_qoy, d_year),
 ws as
 (select ca_county,d_qoy, d_year,sum(ws_ext_sales_price) as web_sales
 from web_sales,date_dim,customer_address
 where ws_sold_date_sk = d_date_sk
  and ws_bill_addr_sk=ca_address_sk
 group by ca_county,d_qoy, d_year)
 select 
        ss1.ca_county
       ,ss1.d_year
       ,ws2.web_sales/ws1.web_sales web_q1_q2_increase
       ,ss2.store_sales/ss1.store_sales store_q1_q2_increase
       ,ws3.web_sales/ws2.web_sales web_q2_q3_increase
       ,ss3.store_sales/ss2.store_sales store_q2_q3_increase
 from
        ss ss1
       ,ss ss2
       ,ss ss3
       ,ws ws1
       ,ws ws2
       ,ws ws3
 where
    ss1.d_qoy = 1
    and ss1.d_year = 1999
    and ss1.ca_county = ss2.ca_county
    and ss2.d_qoy = 2
    and ss2.d_year = 1999
 and ss2.ca_county = ss3.ca_county
    and ss3.d_qoy = 3
    and ss3.d_year = 1999
    and ss1.ca_county = ws1.ca_county
    and ws1.d_qoy = 1
    and ws1.d_year = 1999
    and ws1.ca_county = ws2.ca_county
    and ws2.d_qoy = 2
    and ws2.d_year = 1999
    and ws1.ca_county = ws3.ca_county
    and ws3.d_qoy = 3
    and ws3.d_year =1999
    and case when ws1.web_sales > 0 then ws2.web_sales/ws1.web_sales else null end 
       > case when ss1.store_sales > 0 then ss2.store_sales/ss1.store_sales else null end
    and case when ws2.web_sales > 0 then ws3.web_sales/ws2.web_sales else null end
       > case when ss2.store_sales > 0 then ss3.store_sales/ss2.store_sales else null end
 order by web_q1_q2_increase;
Sort  (cost=550357.60..550357.60 rows=1 width=114) (actual time=11229.362..11229.371 rows=43 loops=1)
  Sort Key: ((ws2.web_sales / ws1.web_sales))
  Sort Method: quicksort  Memory: 28kB
  CTE ss
    ->  HashAggregate  (cost=241250.83..292135.40 rows=1484184 width=30) (actual time=2055.943..2063.479 rows=35194 loops=1)
          Group Key: customer_address.ca_county, date_dim.d_qoy, date_dim.d_year
          Planned Partitions: 8  Batches: 1  Memory Usage: 10257kB
          ->  Hash Join  (cost=5321.60..122515.79 rows=2636268 width=30) (actual time=38.878..1458.122 rows=2651057 loops=1)
                Hash Cond: (store_sales.ss_sold_date_sk = date_dim.d_date_sk)
                ->  Hash Join  (cost=2273.00..112223.28 rows=2759431 width=30) (actual time=15.248..1025.922 rows=2716148 loops=1)
                      Hash Cond: (store_sales.ss_addr_sk = customer_address.ca_address_sk)
                      ->  Seq Scan on store_sales  (cost=0.00..102361.67 rows=2890667 width=24) (actual time=0.005..217.025 rows=2844450 loops=1)
                      ->  Hash  (cost=1648.00..1648.00 rows=50000 width=22) (actual time=14.972..14.973 rows=50000 loops=1)
                            Buckets: 65536  Batches: 1  Memory Usage: 3298kB
                            ->  Seq Scan on customer_address  (cost=0.00..1648.00 rows=50000 width=22) (actual time=0.007..7.256 rows=50000 loops=1)
                ->  Hash  (cost=2135.49..2135.49 rows=73049 width=16) (actual time=23.096..23.097 rows=73049 loops=1)
                      Buckets: 131072  Batches: 1  Memory Usage: 4449kB
                      ->  Seq Scan on date_dim  (cost=0.00..2135.49 rows=73049 width=16) (actual time=0.007..11.755 rows=73049 loops=1)
  CTE ws
    ->  HashAggregate  (cost=75631.33..92728.65 rows=722263 width=30) (actual time=595.933..600.946 rows=23264 loops=1)
          Group Key: customer_address_1.ca_county, date_dim_1.d_qoy, date_dim_1.d_year
          Planned Partitions: 4  Batches: 1  Memory Usage: 9233kB
          ->  Hash Join  (cost=5321.60..43101.28 rows=722263 width=30) (actual time=36.019..431.549 rows=711294 loops=1)
                Hash Cond: (web_sales.ws_sold_date_sk = date_dim_1.d_date_sk)
                ->  Hash Join  (cost=2273.00..38156.37 rows=722359 width=30) (actual time=15.419..302.376 rows=711370 loops=1)
                      Hash Cond: (web_sales.ws_bill_addr_sk = customer_address_1.ca_address_sk)
                      ->  Seq Scan on web_sales  (cost=0.00..33986.52 rows=722552 width=24) (actual time=0.003..62.887 rows=711555 loops=1)
                      ->  Hash  (cost=1648.00..1648.00 rows=50000 width=22) (actual time=15.139..15.140 rows=50000 loops=1)
                            Buckets: 65536  Batches: 1  Memory Usage: 3298kB
                            ->  Seq Scan on customer_address customer_address_1  (cost=0.00..1648.00 rows=50000 width=22) (actual time=0.003..7.309 rows=50000 loops=1)
                ->  Hash  (cost=2135.49..2135.49 rows=73049 width=16) (actual time=20.527..20.527 rows=73049 loops=1)
                      Buckets: 131072  Batches: 1  Memory Usage: 4449kB
                      ->  Seq Scan on date_dim date_dim_1  (cost=0.00..2135.49 rows=73049 width=16) (actual time=0.007..10.585 rows=73049 loops=1)
  ->  Nested Loop  (cost=0.00..165493.54 rows=1 width=114) (actual time=3255.158..11229.337 rows=43 loops=1)
        Join Filter: (((ss1.ca_county)::text = (ws2.ca_county)::text) AND (CASE WHEN (ws1.web_sales > '0'::double precision) THEN (ws2.web_sales / ws1.web_sales) ELSE NULL::double precision END > CASE WHEN (ss1.store_sales > '0'::double precision) THEN (ss2.store_sales / ss1.store_sales) ELSE NULL::double precision END) AND (CASE WHEN (ws2.web_sales > '0'::double precision) THEN (ws3.web_sales / ws2.web_sales) ELSE NULL::double precision END > CASE WHEN (ss2.store_sales > '0'::double precision) THEN (ss3.store_sales / ss2.store_sales) ELSE NULL::double precision END))
        Rows Removed by Join Filter: 564191
        ->  Nested Loop  (cost=0.00..147436.28 rows=1 width=434) (actual time=2678.558..10096.846 rows=618 loops=1)
              Join Filter: ((ss1.ca_county)::text = (ss3.ca_county)::text)
              Rows Removed by Join Filter: 1128757
              ->  Nested Loop  (cost=0.00..110331.22 rows=1 width=348) (actual time=2676.898..8345.960 rows=625 loops=1)
                    Join Filter: ((ss1.ca_county)::text = (ss2.ca_county)::text)
                    Rows Removed by Join Filter: 1104441
                    ->  Nested Loop  (cost=0.00..73226.15 rows=1 width=262) (actual time=2665.283..6466.916 rows=673 loops=1)
                          Join Filter: ((ws1.ca_county)::text = (ss1.ca_county)::text)
                          Rows Removed by Join Filter: 1201676
                          ->  Nested Loop  (cost=0.00..36120.26 rows=2 width=172) (actual time=609.327..2379.357 rows=723 loops=1)
                                Join Filter: ((ws1.ca_county)::text = (ws3.ca_county)::text)
                                Rows Removed by Join Filter: 1212441
                                ->  CTE Scan on ws ws1  (cost=0.00..18056.58 rows=18 width=86) (actual time=595.937..597.761 rows=956 loops=1)
                                      Filter: ((d_qoy = 1) AND (d_year = 1999))
                                      Rows Removed by Filter: 22308
                                ->  CTE Scan on ws ws3  (cost=0.00..18056.58 rows=18 width=86) (actual time=0.001..1.789 rows=1269 loops=956)
                                      Filter: ((d_year = 1999) AND (d_qoy = 3))
                                      Rows Removed by Filter: 21995
                          ->  CTE Scan on ss ss1  (cost=0.00..37104.60 rows=37 width=90) (actual time=2.844..5.556 rows=1663 loops=723)
                                Filter: ((d_qoy = 1) AND (d_year = 1999))
                                Rows Removed by Filter: 33531
                    ->  CTE Scan on ss ss2  (cost=0.00..37104.60 rows=37 width=86) (actual time=0.002..2.695 rows=1642 loops=673)
                          Filter: ((d_year = 1999) AND (d_qoy = 2))
                          Rows Removed by Filter: 33552
              ->  CTE Scan on ss ss3  (cost=0.00..37104.60 rows=37 width=86) (actual time=0.001..2.695 rows=1807 loops=625)
                    Filter: ((d_year = 1999) AND (d_qoy = 3))
                    Rows Removed by Filter: 33387
        ->  CTE Scan on ws ws2  (cost=0.00..18056.58 rows=18 width=86) (actual time=0.000..1.765 rows=913 loops=618)
              Filter: ((d_year = 1999) AND (d_qoy = 2))
              Rows Removed by Filter: 22351
     ca_county     | d_year | web_q1_q2_increase | store_q1_q2_increase | web_q2_q3_increase | store_q2_q3_increase 
-------------------+--------+--------------------+----------------------+--------------------+----------------------
 Door County       |   1999 | 0.4223529958538421 |   0.2902556428319241 |  8.304768700494769 |    5.150095317038398
 Waseca County     |   1999 | 0.6548741653765809 |  0.33661180354493775 |  3.399821294828855 |   2.3776117794483884
 Lamar County      |   1999 | 0.7504968036701142 |   0.5356125934284411 |  3.234575984408971 |   2.5012277844252204
 Eddy County       |   1999 |  0.832109103984669 |   0.7743122450978173 |  4.528270098053298 |    1.532392782646638
 Custer County     |   1999 | 0.8324158621392006 |   0.6317481800031943 |  2.955812125771186 |    2.409486742838964
 Bacon County      |   1999 | 0.8498606141975199 |   0.8098845126176099 | 1.6810649448590662 |   0.8068854414576668
 Jefferson County  |   1999 | 0.8536212210208821 |   0.8505210948075618 | 2.4800540510592635 |    2.306894740267328
 Leelanau County   |   1999 | 0.8736552507952793 |    0.442813391695051 |  2.069424146456949 |   0.6446397695582423
 Clay County       |   1999 | 0.9189842028982105 |   0.7730270003925825 |  2.315855161327583 |     1.73978034227141
 Polk County       |   1999 | 0.9237051520996803 |   0.7262159209006563 | 1.7935292288140177 |    1.273495344189111
 Lincoln County    |   1999 | 0.9410988696090621 |   0.7758340280678899 |  1.996193424101167 |   1.9254381075439146
 Iron County       |   1999 | 0.9454306860399279 |   0.9329391088540843 | 2.8177723635837477 |   1.1519844992169737
 Henderson County  |   1999 |  1.058634160024798 |   0.6598954245773494 | 2.3225376614841804 |    2.036245301921639
 Montour County    |   1999 | 1.0588280523647904 |   0.7332259161957324 |  5.322395820095636 |   1.8769955078065272
 Morton County     |   1999 | 1.1034985448374701 |   0.6940909310136745 | 2.3408956831723557 |    1.392965559529676
 Somerset County   |   1999 | 1.1266630652223877 |   1.0741789499590477 | 2.7837557336554974 |   1.3714393026822251
 Union County      |   1999 | 1.1994565662753582 |   0.9887744744537444 | 1.7602810946883216 |   1.0825575938357401
 Upshur County     |   1999 | 1.2071287590718567 |   1.0584020817338287 |  2.017732361878468 |   1.8718169098635582
 Oakland County    |   1999 |  1.218968304518776 |   1.1803846764565213 | 0.4076100230990935 |   0.3504168752620448
 Jones County      |   1999 |   1.22619378260127 |   0.5244286332524706 |   5.25399313126908 |   0.9830385528967173
 Cambria County    |   1999 | 1.2388258926741276 |   0.6856598383024859 |   2.68170681181309 |   0.9402459806689054
 White County      |   1999 | 1.2693538694493385 |   0.9624339225552336 | 1.2488630169644703 |   1.1223608621942895
 Harrison County   |   1999 | 1.2880247196987555 |   0.8386844690094724 |  3.194694013325235 |   1.5690789385662796
 Robertson County  |   1999 | 1.2995166249153303 |   1.2506680793886504 | 1.4934668696077797 |   1.4575251048315812
 Jackson County    |   1999 | 1.3730945153228145 |   1.0498820643463318 | 1.9666932549400247 |   1.8027848905291437
 Butte County      |   1999 | 1.4295142443013278 |   1.3763046314965641 |  4.757982016838007 |    1.189282605721461
 Benson County     |   1999 | 1.5028691700065726 |   1.3379677229339861 | 2.3382619142296988 |    1.979412345188605
 Perquimans County |   1999 | 1.5625048613863326 |   0.5614897543881371 | 0.5246074541300325 |  0.11000577199953306
 Mineral County    |   1999 | 1.5962992152205036 |   0.5329548766791263 |  3.241514786974391 |    2.007603111860464
 New Castle County |   1999 | 1.6798445358939187 |   1.0282676209122577 | 1.0386259128544104 |   0.6646037740358761
 Newton County     |   1999 | 1.7587368696874572 |   0.6481182479945495 |  2.773646154630845 |   1.2595318146586003
 Schley County     |   1999 | 1.7591676476150342 |   1.1005839802065966 | 1.0576091863709856 |   0.9326303482492806
 Baker County      |   1999 | 1.8224335103042864 |   1.2078109784399202 |  3.463561031001142 |   1.9609082376499298
 Ascension Parish  |   1999 | 1.9619159038705474 |   0.5426225870497754 | 2.5202399648767955 |   1.7200822266124192
 Tyler County      |   1999 |  1.984370418918836 |   0.8584800750981479 | 1.0227383993179426 |   0.3742977616883373
 Scott County      |   1999 | 2.2259335079576945 |   1.2406726033293825 | 1.3572207939722016 |   1.1539680450849013
 Florence County   |   1999 | 2.3299294282202347 |   0.9127242762695589 | 2.0224999897671507 |   1.1024286529067788
 Richland County   |   1999 | 2.4968009473867783 |   1.2106440153886313 |  4.332996666740843 |    1.859773292865678
 Wright County     |   1999 | 2.5457800119392084 |   1.7304594267639524 | 3.0141881503872185 |   1.1412145612386961
 Barbour County    |   1999 |  2.741646962103853 |   1.6993916429426414 | 1.5052818546863256 |   1.3493533039715424
 Lyon County       |   1999 |  2.937371000503804 |   1.3859744645888943 | 1.2521142113524077 |   1.1672371815733154
 Cheyenne County   |   1999 |  3.977751666709239 |   0.8939391629790049 | 1.2433732006207525 |   0.5624599890111551
 Caroline County   |   1999 |  5.737858604012175 |    0.850641116190672 | 1.7935874848002293 |   1.1302691020872606
(43 rows)

UPDATE time_statistics SET e_time = TRANSACTION_TIMESTAMP() WHERE template = 'query31.tpl' AND stream = 6;
psql:/tmp/s1-basline/throughput/query_6.sql:1973: NOTICE:  duration: 0.091 ms  plan:
Query Text: UPDATE time_statistics SET e_time = TRANSACTION_TIMESTAMP() WHERE template = 'query31.tpl' AND stream = 6;
Update on time_statistics  (cost=0.00..15.87 rows=0 width=0) (actual time=0.091..0.091 rows=0 loops=1)
  ->  Seq Scan on time_statistics  (cost=0.00..15.87 rows=1 width=14) (actual time=0.072..0.076 rows=1 loops=1)
        Filter: ((template = 'query31.tpl'::text) AND (stream = 6))
        Rows Removed by Filter: 528
UPDATE 1
LOAD 'auto_explain'; SET auto_explain.log_min_duration TO 0; SET auto_explain.log_analyze TO on; SET auto_explain.log_level TO notice; INSERT INTO time_statistics (template, s_time, stream, query, seed) VALUES ('query59.tpl', TRANSACTION_TIMESTAMP(), 6, 40, 1596036141);
LOAD
SET
SET
SET
psql:/tmp/s1-basline/throughput/query_6.sql:1974: NOTICE:  duration: 0.009 ms  plan:
Query Text: INSERT INTO time_statistics (template, s_time, stream, query, seed) VALUES ('query59.tpl', TRANSACTION_TIMESTAMP(), 6, 40, 1596036141);
Insert on time_statistics  (cost=0.00..0.01 rows=0 width=0) (actual time=0.008..0.008 rows=0 loops=1)
  ->  Result  (cost=0.00..0.01 rows=1 width=64) (actual time=0.001..0.001 rows=1 loops=1)
INSERT 0 1
with wss as 
 (select d_week_seq,
        ss_store_sk,
        sum(case when (d_day_name='Sunday') then ss_sales_price else null end) sun_sales,
        sum(case when (d_day_name='Monday') then ss_sales_price else null end) mon_sales,
        sum(case when (d_day_name='Tuesday') then ss_sales_price else  null end) tue_sales,
        sum(case when (d_day_name='Wednesday') then ss_sales_price else null end) wed_sales,
        sum(case when (d_day_name='Thursday') then ss_sales_price else null end) thu_sales,
        sum(case when (d_day_name='Friday') then ss_sales_price else null end) fri_sales,
        sum(case when (d_day_name='Saturday') then ss_sales_price else null end) sat_sales
 from store_sales,date_dim
 where d_date_sk = ss_sold_date_sk
 group by d_week_seq,ss_store_sk
 )
  select  s_store_name1,s_store_id1,d_week_seq1
       ,sun_sales1/sun_sales2,mon_sales1/mon_sales2
       ,tue_sales1/tue_sales2,wed_sales1/wed_sales2,thu_sales1/thu_sales2
       ,fri_sales1/fri_sales2,sat_sales1/sat_sales2
 from
 (select s_store_name s_store_name1,wss.d_week_seq d_week_seq1
        ,s_store_id s_store_id1,sun_sales sun_sales1
        ,mon_sales mon_sales1,tue_sales tue_sales1
        ,wed_sales wed_sales1,thu_sales thu_sales1
        ,fri_sales fri_sales1,sat_sales sat_sales1
  from wss,store,date_dim d
  where d.d_week_seq = wss.d_week_seq and
        ss_store_sk = s_store_sk and 
        d_month_seq between 1210 and 1210 + 11) y,
 (select s_store_name s_store_name2,wss.d_week_seq d_week_seq2
        ,s_store_id s_store_id2,sun_sales sun_sales2
        ,mon_sales mon_sales2,tue_sales tue_sales2
        ,wed_sales wed_sales2,thu_sales thu_sales2
        ,fri_sales fri_sales2,sat_sales sat_sales2
  from wss,store,date_dim d
  where d.d_week_seq = wss.d_week_seq and
        ss_store_sk = s_store_sk and 
        d_month_seq between 1210+ 12 and 1210 + 23) x
 where s_store_id1=s_store_id2
   and d_week_seq1=d_week_seq2-52
 order by s_store_name1,s_store_id1,d_week_seq1
limit 100;
psql:/tmp/s1-basline/throughput/query_6.sql:2015: NOTICE:  duration: 903.421 ms  plan:
Query Text: with wss as 
 (select d_week_seq,
        ss_store_sk,
        sum(case when (d_day_name='Sunday') then ss_sales_price else null end) sun_sales,
        sum(case when (d_day_name='Monday') then ss_sales_price else null end) mon_sales,
        sum(case when (d_day_name='Tuesday') then ss_sales_price else  null end) tue_sales,
        sum(case when (d_day_name='Wednesday') then ss_sales_price else null end) wed_sales,
        sum(case when (d_day_name='Thursday') then ss_sales_price else null end) thu_sales,
        sum(case when (d_day_name='Friday') then ss_sales_price else null end) fri_sales,
        sum(case when (d_day_name='Saturday') then ss_sales_price else null end) sat_sales
 from store_sales,date_dim
 where d_date_sk = ss_sold_date_sk
 group by d_week_seq,ss_store_sk
 )
  select  s_store_name1,s_store_id1,d_week_seq1
       ,sun_sales1/sun_sales2,mon_sales1/mon_sales2
       ,tue_sales1/tue_sales2,wed_sales1/wed_sales2,thu_sales1/thu_sales2
       ,fri_sales1/fri_sales2,sat_sales1/sat_sales2
 from
 (select s_store_name s_store_name1,wss.d_week_seq d_week_seq1
        ,s_store_id s_store_id1,sun_sales sun_sales1
        ,mon_sales mon_sales1,tue_sales tue_sales1
        ,wed_sales wed_sales1,thu_sales thu_sales1
        ,fri_sales fri_sales1,sat_sales sat_sales1
  from wss,store,date_dim d
  where d.d_week_seq = wss.d_week_seq and
        ss_store_sk = s_store_sk and 
        d_month_seq between 1210 and 1210 + 11) y,
 (select s_store_name s_store_name2,wss.d_week_seq d_week_seq2
        ,s_store_id s_store_id2,sun_sales sun_sales2
        ,mon_sales mon_sales2,tue_sales tue_sales2
        ,wed_sales wed_sales2,thu_sales thu_sales2
        ,fri_sales fri_sales2,sat_sales sat_sales2
  from wss,store,date_dim d
  where d.d_week_seq = wss.d_week_seq and
        ss_store_sk = s_store_sk and 
        d_month_seq between 1210+ 12 and 1210 + 23) x
 where s_store_id1=s_store_id2
   and d_week_seq1=d_week_seq2-52
 order by s_store_name1,s_store_id1,d_week_seq1
limit 100;
Limit  (cost=163306.57..163306.57 rows=1 width=82) (actual time=903.185..903.330 rows=100 loops=1)
  CTE wss
    ->  Finalize HashAggregate  (cost=154681.46..155306.72 rows=62526 width=68) (actual time=749.871..750.683 rows=1850 loops=1)
          Group Key: date_dim.d_week_seq, store_sales.ss_store_sk
          Batches: 1  Memory Usage: 3601kB
          ->  Gather  (cost=138737.33..151867.79 rows=125052 width=68) (actual time=746.338..748.020 rows=5550 loops=1)
                Workers Planned: 2
                Workers Launched: 2
                ->  Partial HashAggregate  (cost=137737.33..138362.59 rows=62526 width=68) (actual time=741.090..741.798 rows=1850 loops=3)
                      Group Key: date_dim.d_week_seq, store_sales.ss_store_sk
                      Batches: 1  Memory Usage: 3601kB
                      Worker 0:  Batches: 1  Memory Usage: 3601kB
                      Worker 1:  Batches: 1  Memory Usage: 3601kB
                      ->  Hash Join  (cost=3048.60..91709.89 rows=1150686 width=30) (actual time=29.695..405.756 rows=904960 loops=3)
                            Hash Cond: (store_sales.ss_sold_date_sk = date_dim.d_date_sk)
                            ->  Parallel Seq Scan on store_sales  (cost=0.00..85499.45 rows=1204445 width=24) (actual time=0.014..130.599 rows=948150 loops=3)
                            ->  Hash  (cost=2135.49..2135.49 rows=73049 width=22) (actual time=29.265..29.265 rows=73049 loops=3)
                                  Buckets: 131072  Batches: 1  Memory Usage: 5019kB
                                  ->  Seq Scan on date_dim  (cost=0.00..2135.49 rows=73049 width=22) (actual time=0.023..17.350 rows=73049 loops=3)
  ->  Sort  (cost=7999.84..7999.85 rows=1 width=82) (actual time=903.184..903.194 rows=100 loops=1)
        Sort Key: store.s_store_name, store.s_store_id, wss.d_week_seq
        Sort Method: top-N heapsort  Memory: 47kB
        ->  Nested Loop  (cost=3971.13..7999.83 rows=1 width=82) (actual time=765.207..899.093 rows=15406 loops=1)
              Join Filter: (wss_1.d_week_seq = d_1.d_week_seq)
              Rows Removed by Join Filter: 794164
              ->  Seq Scan on date_dim d_1  (cost=0.00..2500.73 rows=361 width=4) (actual time=3.728..6.641 rows=365 loops=1)
                    Filter: ((d_month_seq >= 1222) AND (d_month_seq <= 1233))
                    Rows Removed by Filter: 72684
              ->  Materialize  (cost=3971.13..5450.37 rows=9 width=142) (actual time=2.084..2.169 rows=2218 loops=365)
                    ->  Hash Join  (cost=3971.13..5450.32 rows=9 width=142) (actual time=760.505..761.631 rows=2218 loops=1)
                          Hash Cond: (((wss_1.d_week_seq - 52) = d.d_week_seq) AND (store_1.s_store_id = store.s_store_id))
                          ->  Hash Join  (cost=1.27..1419.40 rows=3752 width=77) (actual time=749.899..750.387 rows=1588 loops=1)
                                Hash Cond: (wss_1.ss_store_sk = store_1.s_store_sk)
                                ->  CTE Scan on wss wss_1  (cost=0.00..1250.52 rows=62526 width=68) (actual time=749.873..749.991 rows=1850 loops=1)
                                ->  Hash  (cost=1.12..1.12 rows=12 width=25) (actual time=0.016..0.019 rows=12 loops=1)
                                      Buckets: 1024  Batches: 1  Memory Usage: 9kB
                                      ->  Seq Scan on store store_1  (cost=0.00..1.12 rows=12 width=25) (actual time=0.007..0.009 rows=12 loops=1)
                          ->  Hash  (cost=3967.97..3967.97 rows=126 width=86) (actual time=10.598..10.599 rows=2218 loops=1)
                                Buckets: 4096 (originally 1024)  Batches: 1 (originally 1)  Memory Usage: 299kB
                                ->  Hash Join  (cost=2506.37..3967.97 rows=126 width=86) (actual time=7.748..9.874 rows=2218 loops=1)
                                      Hash Cond: (wss.d_week_seq = d.d_week_seq)
                                      ->  Hash Join  (cost=1.27..1419.40 rows=3752 width=82) (actual time=0.018..1.810 rows=1588 loops=1)
                                            Hash Cond: (wss.ss_store_sk = store.s_store_sk)
                                            ->  CTE Scan on wss  (cost=0.00..1250.52 rows=62526 width=68) (actual time=0.000..1.420 rows=1850 loops=1)
                                            ->  Hash  (cost=1.12..1.12 rows=12 width=30) (actual time=0.008..0.008 rows=12 loops=1)
                                                  Buckets: 1024  Batches: 1  Memory Usage: 9kB
                                                  ->  Seq Scan on store  (cost=0.00..1.12 rows=12 width=30) (actual time=0.002..0.003 rows=12 loops=1)
                                      ->  Hash  (cost=2500.73..2500.73 rows=349 width=4) (actual time=7.711..7.711 rows=365 loops=1)
                                            Buckets: 1024  Batches: 1  Memory Usage: 21kB
                                            ->  Seq Scan on date_dim d  (cost=0.00..2500.73 rows=349 width=4) (actual time=3.597..7.660 rows=365 loops=1)
                                                  Filter: ((d_month_seq >= 1210) AND (d_month_seq <= 1221))
                                                  Rows Removed by Filter: 72684
 s_store_name1 |   s_store_id1    | d_week_seq1 |      ?column?      |      ?column?      |      ?column?      |      ?column?      |      ?column?      |      ?column?      |      ?column?      
---------------+------------------+-------------+--------------------+--------------------+--------------------+--------------------+--------------------+--------------------+--------------------
 able          | AAAAAAAACAAAAAAA |        5262 | 1.0244831263068972 |  1.198853825186991 |  1.473081690890788 |   0.54698049072806 |  2.102490560717606 | 1.5753625649229044 | 1.4185654250970776
 able          | AAAAAAAACAAAAAAA |        5262 | 1.0244831263068972 |  1.198853825186991 |  1.473081690890788 |   0.54698049072806 |  2.102490560717606 | 1.5753625649229044 | 1.4185654250970776
 able          | AAAAAAAACAAAAAAA |        5262 | 1.0244831263068972 |  1.198853825186991 |  1.473081690890788 |   0.54698049072806 |  2.102490560717606 | 1.5753625649229044 | 1.4185654250970776
 able          | AAAAAAAACAAAAAAA |        5262 | 1.0244831263068972 |  1.198853825186991 |  1.473081690890788 |   0.54698049072806 |  2.102490560717606 | 1.5753625649229044 | 1.4185654250970776
 able          | AAAAAAAACAAAAAAA |        5262 | 1.0244831263068972 |  1.198853825186991 |  1.473081690890788 |   0.54698049072806 |  2.102490560717606 | 1.5753625649229044 | 1.4185654250970776
 able          | AAAAAAAACAAAAAAA |        5262 | 1.0244831263068972 |  1.198853825186991 |  1.473081690890788 |   0.54698049072806 |  2.102490560717606 | 1.5753625649229044 | 1.4185654250970776
 able          | AAAAAAAACAAAAAAA |        5262 | 1.0244831263068972 |  1.198853825186991 |  1.473081690890788 |   0.54698049072806 |  2.102490560717606 | 1.5753625649229044 | 1.4185654250970776
 able          | AAAAAAAACAAAAAAA |        5262 | 1.0244831263068972 |  1.198853825186991 |  1.473081690890788 |   0.54698049072806 |  2.102490560717606 | 1.5753625649229044 | 1.4185654250970776
 able          | AAAAAAAACAAAAAAA |        5262 | 1.0244831263068972 |  1.198853825186991 |  1.473081690890788 |   0.54698049072806 |  2.102490560717606 | 1.5753625649229044 | 1.4185654250970776
 able          | AAAAAAAACAAAAAAA |        5262 | 1.0244831263068972 |  1.198853825186991 |  1.473081690890788 |   0.54698049072806 |  2.102490560717606 | 1.5753625649229044 | 1.4185654250970776
 able          | AAAAAAAACAAAAAAA |        5262 | 1.0244831263068972 |  1.198853825186991 |  1.473081690890788 |   0.54698049072806 |  2.102490560717606 | 1.5753625649229044 | 1.4185654250970776
 able          | AAAAAAAACAAAAAAA |        5262 | 1.0244831263068972 |  1.198853825186991 |  1.473081690890788 |   0.54698049072806 |  2.102490560717606 | 1.5753625649229044 | 1.4185654250970776
 able          | AAAAAAAACAAAAAAA |        5262 | 1.0244831263068972 |  1.198853825186991 |  1.473081690890788 |   0.54698049072806 |  2.102490560717606 | 1.5753625649229044 | 1.4185654250970776
 able          | AAAAAAAACAAAAAAA |        5262 | 1.0244831263068972 |  1.198853825186991 |  1.473081690890788 |   0.54698049072806 |  2.102490560717606 | 1.5753625649229044 | 1.4185654250970776
 able          | AAAAAAAACAAAAAAA |        5262 | 1.0244831263068972 |  1.198853825186991 |  1.473081690890788 |   0.54698049072806 |  2.102490560717606 | 1.5753625649229044 | 1.4185654250970776
 able          | AAAAAAAACAAAAAAA |        5262 | 1.0244831263068972 |  1.198853825186991 |  1.473081690890788 |   0.54698049072806 |  2.102490560717606 | 1.5753625649229044 | 1.4185654250970776
 able          | AAAAAAAACAAAAAAA |        5262 | 1.0244831263068972 |  1.198853825186991 |  1.473081690890788 |   0.54698049072806 |  2.102490560717606 | 1.5753625649229044 | 1.4185654250970776
 able          | AAAAAAAACAAAAAAA |        5262 | 1.0244831263068972 |  1.198853825186991 |  1.473081690890788 |   0.54698049072806 |  2.102490560717606 | 1.5753625649229044 | 1.4185654250970776
 able          | AAAAAAAACAAAAAAA |        5262 | 1.0244831263068972 |  1.198853825186991 |  1.473081690890788 |   0.54698049072806 |  2.102490560717606 | 1.5753625649229044 | 1.4185654250970776
 able          | AAAAAAAACAAAAAAA |        5262 | 1.0244831263068972 |  1.198853825186991 |  1.473081690890788 |   0.54698049072806 |  2.102490560717606 | 1.5753625649229044 | 1.4185654250970776
 able          | AAAAAAAACAAAAAAA |        5262 | 1.0244831263068972 |  1.198853825186991 |  1.473081690890788 |   0.54698049072806 |  2.102490560717606 | 1.5753625649229044 | 1.4185654250970776
 able          | AAAAAAAACAAAAAAA |        5262 | 1.0244831263068972 |  1.198853825186991 |  1.473081690890788 |   0.54698049072806 |  2.102490560717606 | 1.5753625649229044 | 1.4185654250970776
 able          | AAAAAAAACAAAAAAA |        5262 | 1.0244831263068972 |  1.198853825186991 |  1.473081690890788 |   0.54698049072806 |  2.102490560717606 | 1.5753625649229044 | 1.4185654250970776
 able          | AAAAAAAACAAAAAAA |        5262 | 1.0244831263068972 |  1.198853825186991 |  1.473081690890788 |   0.54698049072806 |  2.102490560717606 | 1.5753625649229044 | 1.4185654250970776
 able          | AAAAAAAACAAAAAAA |        5262 | 1.0244831263068972 |  1.198853825186991 |  1.473081690890788 |   0.54698049072806 |  2.102490560717606 | 1.5753625649229044 | 1.4185654250970776
 able          | AAAAAAAACAAAAAAA |        5262 | 1.0244831263068972 |  1.198853825186991 |  1.473081690890788 |   0.54698049072806 |  2.102490560717606 | 1.5753625649229044 | 1.4185654250970776
 able          | AAAAAAAACAAAAAAA |        5262 | 1.0244831263068972 |  1.198853825186991 |  1.473081690890788 |   0.54698049072806 |  2.102490560717606 | 1.5753625649229044 | 1.4185654250970776
 able          | AAAAAAAACAAAAAAA |        5262 | 1.0244831263068972 |  1.198853825186991 |  1.473081690890788 |   0.54698049072806 |  2.102490560717606 | 1.5753625649229044 | 1.4185654250970776
 able          | AAAAAAAACAAAAAAA |        5262 | 1.0244831263068972 |  1.198853825186991 |  1.473081690890788 |   0.54698049072806 |  2.102490560717606 | 1.5753625649229044 | 1.4185654250970776
 able          | AAAAAAAACAAAAAAA |        5262 | 1.0244831263068972 |  1.198853825186991 |  1.473081690890788 |   0.54698049072806 |  2.102490560717606 | 1.5753625649229044 | 1.4185654250970776
 able          | AAAAAAAACAAAAAAA |        5263 | 0.9803466830132129 | 0.6734256619685952 | 0.7812581280083598 |                    |                    | 0.9547578604857835 | 0.7081910172132798
 able          | AAAAAAAACAAAAAAA |        5263 | 0.9803466830132129 | 0.6734256619685952 | 0.7812581280083598 |                    |                    | 0.9547578604857835 | 0.7081910172132798
 able          | AAAAAAAACAAAAAAA |        5263 | 0.9803466830132129 | 0.6734256619685952 | 0.7812581280083598 |                    |                    | 0.9547578604857835 | 0.7081910172132798
 able          | AAAAAAAACAAAAAAA |        5263 | 0.9803466830132129 | 0.6734256619685952 | 0.7812581280083598 |                    |                    | 0.9547578604857835 | 0.7081910172132798
 able          | AAAAAAAACAAAAAAA |        5263 | 0.9803466830132129 | 0.6734256619685952 | 0.7812581280083598 |                    |                    | 0.9547578604857835 | 0.7081910172132798
 able          | AAAAAAAACAAAAAAA |        5263 | 0.9803466830132129 | 0.6734256619685952 | 0.7812581280083598 |                    |                    | 0.9547578604857835 | 0.7081910172132798
 able          | AAAAAAAACAAAAAAA |        5263 | 0.9803466830132129 | 0.6734256619685952 | 0.7812581280083598 |                    |                    | 0.9547578604857835 | 0.7081910172132798
 able          | AAAAAAAACAAAAAAA |        5263 | 0.9803466830132129 | 0.6734256619685952 | 0.7812581280083598 |                    |                    | 0.9547578604857835 | 0.7081910172132798
 able          | AAAAAAAACAAAAAAA |        5263 | 0.9803466830132129 | 0.6734256619685952 | 0.7812581280083598 |                    |                    | 0.9547578604857835 | 0.7081910172132798
 able          | AAAAAAAACAAAAAAA |        5263 | 0.9803466830132129 | 0.6734256619685952 | 0.7812581280083598 |                    |                    | 0.9547578604857835 | 0.7081910172132798
 able          | AAAAAAAACAAAAAAA |        5263 | 0.9803466830132129 | 0.6734256619685952 | 0.7812581280083598 |                    |                    | 0.9547578604857835 | 0.7081910172132798
 able          | AAAAAAAACAAAAAAA |        5263 | 0.9803466830132129 | 0.6734256619685952 | 0.7812581280083598 |                    |                    | 0.9547578604857835 | 0.7081910172132798
 able          | AAAAAAAACAAAAAAA |        5263 | 0.9803466830132129 | 0.6734256619685952 | 0.7812581280083598 |                    |                    | 0.9547578604857835 | 0.7081910172132798
 able          | AAAAAAAACAAAAAAA |        5263 | 0.9803466830132129 | 0.6734256619685952 | 0.7812581280083598 |                    |                    | 0.9547578604857835 | 0.7081910172132798
 able          | AAAAAAAACAAAAAAA |        5263 | 0.9803466830132129 | 0.6734256619685952 | 0.7812581280083598 |                    |                    | 0.9547578604857835 | 0.7081910172132798
 able          | AAAAAAAACAAAAAAA |        5263 | 0.9803466830132129 | 0.6734256619685952 | 0.7812581280083598 |                    |                    | 0.9547578604857835 | 0.7081910172132798
 able          | AAAAAAAACAAAAAAA |        5263 | 0.9803466830132129 | 0.6734256619685952 | 0.7812581280083598 |                    |                    | 0.9547578604857835 | 0.7081910172132798
 able          | AAAAAAAACAAAAAAA |        5263 | 0.9803466830132129 | 0.6734256619685952 | 0.7812581280083598 |                    |                    | 0.9547578604857835 | 0.7081910172132798
 able          | AAAAAAAACAAAAAAA |        5263 | 0.9803466830132129 | 0.6734256619685952 | 0.7812581280083598 |                    |                    | 0.9547578604857835 | 0.7081910172132798
 able          | AAAAAAAACAAAAAAA |        5263 | 0.9803466830132129 | 0.6734256619685952 | 0.7812581280083598 |                    |                    | 0.9547578604857835 | 0.7081910172132798
 able          | AAAAAAAACAAAAAAA |        5263 | 0.9803466830132129 | 0.6734256619685952 | 0.7812581280083598 |                    |                    | 0.9547578604857835 | 0.7081910172132798
 able          | AAAAAAAACAAAAAAA |        5263 | 0.9803466830132129 | 0.6734256619685952 | 0.7812581280083598 |                    |                    | 0.9547578604857835 | 0.7081910172132798
 able          | AAAAAAAACAAAAAAA |        5263 | 0.9803466830132129 | 0.6734256619685952 | 0.7812581280083598 |                    |                    | 0.9547578604857835 | 0.7081910172132798
 able          | AAAAAAAACAAAAAAA |        5263 | 0.9803466830132129 | 0.6734256619685952 | 0.7812581280083598 |                    |                    | 0.9547578604857835 | 0.7081910172132798
 able          | AAAAAAAACAAAAAAA |        5263 | 0.9803466830132129 | 0.6734256619685952 | 0.7812581280083598 |                    |                    | 0.9547578604857835 | 0.7081910172132798
 able          | AAAAAAAACAAAAAAA |        5263 | 0.9803466830132129 | 0.6734256619685952 | 0.7812581280083598 |                    |                    | 0.9547578604857835 | 0.7081910172132798
 able          | AAAAAAAACAAAAAAA |        5263 | 0.9803466830132129 | 0.6734256619685952 | 0.7812581280083598 |                    |                    | 0.9547578604857835 | 0.7081910172132798
 able          | AAAAAAAACAAAAAAA |        5263 | 0.9803466830132129 | 0.6734256619685952 | 0.7812581280083598 |                    |                    | 0.9547578604857835 | 0.7081910172132798
 able          | AAAAAAAACAAAAAAA |        5263 | 0.9803466830132129 | 0.6734256619685952 | 0.7812581280083598 |                    |                    | 0.9547578604857835 | 0.7081910172132798
 able          | AAAAAAAACAAAAAAA |        5263 | 0.9803466830132129 | 0.6734256619685952 | 0.7812581280083598 |                    |                    | 0.9547578604857835 | 0.7081910172132798
 able          | AAAAAAAACAAAAAAA |        5263 | 0.9803466830132129 | 0.6734256619685952 | 0.7812581280083598 |                    |                    | 0.9547578604857835 | 0.7081910172132798
 able          | AAAAAAAACAAAAAAA |        5263 | 0.9803466830132129 | 0.6734256619685952 | 0.7812581280083598 |                    |                    | 0.9547578604857835 | 0.7081910172132798
 able          | AAAAAAAACAAAAAAA |        5263 | 0.9803466830132129 | 0.6734256619685952 | 0.7812581280083598 |                    |                    | 0.9547578604857835 | 0.7081910172132798
 able          | AAAAAAAACAAAAAAA |        5263 | 0.9803466830132129 | 0.6734256619685952 | 0.7812581280083598 |                    |                    | 0.9547578604857835 | 0.7081910172132798
 able          | AAAAAAAACAAAAAAA |        5263 | 0.9803466830132129 | 0.6734256619685952 | 0.7812581280083598 |                    |                    | 0.9547578604857835 | 0.7081910172132798
 able          | AAAAAAAACAAAAAAA |        5263 | 0.9803466830132129 | 0.6734256619685952 | 0.7812581280083598 |                    |                    | 0.9547578604857835 | 0.7081910172132798
 able          | AAAAAAAACAAAAAAA |        5263 | 0.9803466830132129 | 0.6734256619685952 | 0.7812581280083598 |                    |                    | 0.9547578604857835 | 0.7081910172132798
 able          | AAAAAAAACAAAAAAA |        5263 | 0.9803466830132129 | 0.6734256619685952 | 0.7812581280083598 |                    |                    | 0.9547578604857835 | 0.7081910172132798
 able          | AAAAAAAACAAAAAAA |        5263 | 0.9803466830132129 | 0.6734256619685952 | 0.7812581280083598 |                    |                    | 0.9547578604857835 | 0.7081910172132798
 able          | AAAAAAAACAAAAAAA |        5263 | 0.9803466830132129 | 0.6734256619685952 | 0.7812581280083598 |                    |                    | 0.9547578604857835 | 0.7081910172132798
 able          | AAAAAAAACAAAAAAA |        5263 | 0.9803466830132129 | 0.6734256619685952 | 0.7812581280083598 |                    |                    | 0.9547578604857835 | 0.7081910172132798
 able          | AAAAAAAACAAAAAAA |        5263 | 0.9803466830132129 | 0.6734256619685952 | 0.7812581280083598 |                    |                    | 0.9547578604857835 | 0.7081910172132798
 able          | AAAAAAAACAAAAAAA |        5263 | 0.9803466830132129 | 0.6734256619685952 | 0.7812581280083598 |                    |                    | 0.9547578604857835 | 0.7081910172132798
 able          | AAAAAAAACAAAAAAA |        5263 | 0.9803466830132129 | 0.6734256619685952 | 0.7812581280083598 |                    |                    | 0.9547578604857835 | 0.7081910172132798
 able          | AAAAAAAACAAAAAAA |        5263 | 0.9803466830132129 | 0.6734256619685952 | 0.7812581280083598 |                    |                    | 0.9547578604857835 | 0.7081910172132798
 able          | AAAAAAAACAAAAAAA |        5263 | 0.9803466830132129 | 0.6734256619685952 | 0.7812581280083598 |                    |                    | 0.9547578604857835 | 0.7081910172132798
 able          | AAAAAAAACAAAAAAA |        5263 | 0.9803466830132129 | 0.6734256619685952 | 0.7812581280083598 |                    |                    | 0.9547578604857835 | 0.7081910172132798
 able          | AAAAAAAACAAAAAAA |        5263 | 0.9803466830132129 | 0.6734256619685952 | 0.7812581280083598 |                    |                    | 0.9547578604857835 | 0.7081910172132798
 able          | AAAAAAAACAAAAAAA |        5263 | 0.9803466830132129 | 0.6734256619685952 | 0.7812581280083598 |                    |                    | 0.9547578604857835 | 0.7081910172132798
 able          | AAAAAAAACAAAAAAA |        5264 | 1.0213988450175921 | 0.8134669101720432 |  1.038502526940945 | 1.1420777185319955 | 1.4642094093151767 |  1.076936813155566 | 0.9379158294919473
 able          | AAAAAAAACAAAAAAA |        5264 | 1.0213988450175921 | 0.8134669101720432 |  1.038502526940945 | 1.1420777185319955 | 1.4642094093151767 |  1.076936813155566 | 0.9379158294919473
 able          | AAAAAAAACAAAAAAA |        5264 | 1.0213988450175921 | 0.8134669101720432 |  1.038502526940945 | 1.1420777185319955 | 1.4642094093151767 |  1.076936813155566 | 0.9379158294919473
 able          | AAAAAAAACAAAAAAA |        5264 | 1.0213988450175921 | 0.8134669101720432 |  1.038502526940945 | 1.1420777185319955 | 1.4642094093151767 |  1.076936813155566 | 0.9379158294919473
 able          | AAAAAAAACAAAAAAA |        5264 | 1.0213988450175921 | 0.8134669101720432 |  1.038502526940945 | 1.1420777185319955 | 1.4642094093151767 |  1.076936813155566 | 0.9379158294919473
 able          | AAAAAAAACAAAAAAA |        5264 | 1.0213988450175921 | 0.8134669101720432 |  1.038502526940945 | 1.1420777185319955 | 1.4642094093151767 |  1.076936813155566 | 0.9379158294919473
 able          | AAAAAAAACAAAAAAA |        5264 | 1.0213988450175921 | 0.8134669101720432 |  1.038502526940945 | 1.1420777185319955 | 1.4642094093151767 |  1.076936813155566 | 0.9379158294919473
 able          | AAAAAAAACAAAAAAA |        5264 | 1.0213988450175921 | 0.8134669101720432 |  1.038502526940945 | 1.1420777185319955 | 1.4642094093151767 |  1.076936813155566 | 0.9379158294919473
 able          | AAAAAAAACAAAAAAA |        5264 | 1.0213988450175921 | 0.8134669101720432 |  1.038502526940945 | 1.1420777185319955 | 1.4642094093151767 |  1.076936813155566 | 0.9379158294919473
 able          | AAAAAAAACAAAAAAA |        5264 | 1.0213988450175921 | 0.8134669101720432 |  1.038502526940945 | 1.1420777185319955 | 1.4642094093151767 |  1.076936813155566 | 0.9379158294919473
 able          | AAAAAAAACAAAAAAA |        5264 | 1.0213988450175921 | 0.8134669101720432 |  1.038502526940945 | 1.1420777185319955 | 1.4642094093151767 |  1.076936813155566 | 0.9379158294919473
 able          | AAAAAAAACAAAAAAA |        5264 | 1.0213988450175921 | 0.8134669101720432 |  1.038502526940945 | 1.1420777185319955 | 1.4642094093151767 |  1.076936813155566 | 0.9379158294919473
 able          | AAAAAAAACAAAAAAA |        5264 | 1.0213988450175921 | 0.8134669101720432 |  1.038502526940945 | 1.1420777185319955 | 1.4642094093151767 |  1.076936813155566 | 0.9379158294919473
 able          | AAAAAAAACAAAAAAA |        5264 | 1.0213988450175921 | 0.8134669101720432 |  1.038502526940945 | 1.1420777185319955 | 1.4642094093151767 |  1.076936813155566 | 0.9379158294919473
 able          | AAAAAAAACAAAAAAA |        5264 | 1.0213988450175921 | 0.8134669101720432 |  1.038502526940945 | 1.1420777185319955 | 1.4642094093151767 |  1.076936813155566 | 0.9379158294919473
 able          | AAAAAAAACAAAAAAA |        5264 | 1.0213988450175921 | 0.8134669101720432 |  1.038502526940945 | 1.1420777185319955 | 1.4642094093151767 |  1.076936813155566 | 0.9379158294919473
 able          | AAAAAAAACAAAAAAA |        5264 | 1.0213988450175921 | 0.8134669101720432 |  1.038502526940945 | 1.1420777185319955 | 1.4642094093151767 |  1.076936813155566 | 0.9379158294919473
 able          | AAAAAAAACAAAAAAA |        5264 | 1.0213988450175921 | 0.8134669101720432 |  1.038502526940945 | 1.1420777185319955 | 1.4642094093151767 |  1.076936813155566 | 0.9379158294919473
 able          | AAAAAAAACAAAAAAA |        5264 | 1.0213988450175921 | 0.8134669101720432 |  1.038502526940945 | 1.1420777185319955 | 1.4642094093151767 |  1.076936813155566 | 0.9379158294919473
 able          | AAAAAAAACAAAAAAA |        5264 | 1.0213988450175921 | 0.8134669101720432 |  1.038502526940945 | 1.1420777185319955 | 1.4642094093151767 |  1.076936813155566 | 0.9379158294919473
 able          | AAAAAAAACAAAAAAA |        5264 | 1.0213988450175921 | 0.8134669101720432 |  1.038502526940945 | 1.1420777185319955 | 1.4642094093151767 |  1.076936813155566 | 0.9379158294919473
(100 rows)

UPDATE time_statistics SET e_time = TRANSACTION_TIMESTAMP() WHERE template = 'query59.tpl' AND stream = 6;
psql:/tmp/s1-basline/throughput/query_6.sql:2017: NOTICE:  duration: 0.084 ms  plan:
Query Text: UPDATE time_statistics SET e_time = TRANSACTION_TIMESTAMP() WHERE template = 'query59.tpl' AND stream = 6;
Update on time_statistics  (cost=0.00..15.87 rows=0 width=0) (actual time=0.083..0.084 rows=0 loops=1)
  ->  Seq Scan on time_statistics  (cost=0.00..15.87 rows=1 width=14) (actual time=0.066..0.069 rows=1 loops=1)
        Filter: ((template = 'query59.tpl'::text) AND (stream = 6))
        Rows Removed by Filter: 529
UPDATE 1
LOAD 'auto_explain'; SET auto_explain.log_min_duration TO 0; SET auto_explain.log_analyze TO on; SET auto_explain.log_level TO notice; INSERT INTO time_statistics (template, s_time, stream, query, seed) VALUES ('../query_postgresql/query49.tpl', TRANSACTION_TIMESTAMP(), 6, 41, 1682971348);
LOAD
SET
SET
SET
psql:/tmp/s1-basline/throughput/query_6.sql:2018: NOTICE:  duration: 0.008 ms  plan:
Query Text: INSERT INTO time_statistics (template, s_time, stream, query, seed) VALUES ('../query_postgresql/query49.tpl', TRANSACTION_TIMESTAMP(), 6, 41, 1682971348);
Insert on time_statistics  (cost=0.00..0.01 rows=0 width=0) (actual time=0.008..0.008 rows=0 loops=1)
  ->  Result  (cost=0.00..0.01 rows=1 width=64) (actual time=0.001..0.001 rows=1 loops=1)
INSERT 0 1
select  channel, item, return_ratio, return_rank, currency_rank from
 (select
 'web' as channel
 ,web.item
 ,web.return_ratio
 ,web.return_rank
 ,web.currency_rank
 from (
 	select 
 	 item
 	,return_ratio
 	,currency_ratio
 	,rank() over (order by return_ratio) as return_rank
 	,rank() over (order by currency_ratio) as currency_rank
 	from
 	(	select ws.ws_item_sk as item
 		,(cast(sum(coalesce(wr.wr_return_quantity,0)) as decimal(15,4))/
 		cast(sum(coalesce(ws.ws_quantity,0)) as decimal(15,4) )) as return_ratio
 		,(cast(sum(coalesce(wr.wr_return_amt,0)) as decimal(15,4))/
 		cast(sum(coalesce(ws.ws_net_paid,0)) as decimal(15,4) )) as currency_ratio
 		from 
 		 web_sales ws left outer join web_returns wr 
 			on (ws.ws_order_number = wr.wr_order_number and 
 			ws.ws_item_sk = wr.wr_item_sk)
                 ,date_dim
 		where 
 			wr.wr_return_amt > 10000 
 			and ws.ws_net_profit > 1
                         and ws.ws_net_paid > 0
                         and ws.ws_quantity > 0
                         and ws_sold_date_sk = d_date_sk
                         and d_year = 2001
                         and d_moy = 11
 		group by ws.ws_item_sk
 	) in_web
 ) web
 where 
 (
 web.return_rank <= 10
 or
 web.currency_rank <= 10
 )
 union
 select 
 'catalog' as channel
 ,catalog.item
 ,catalog.return_ratio
 ,catalog.return_rank
 ,catalog.currency_rank
 from (
 	select 
 	 item
 	,return_ratio
 	,currency_ratio
 	,rank() over (order by return_ratio) as return_rank
 	,rank() over (order by currency_ratio) as currency_rank
 	from
 	(	select 
 		cs.cs_item_sk as item
 		,(cast(sum(coalesce(cr.cr_return_quantity,0)) as decimal(15,4))/
 		cast(sum(coalesce(cs.cs_quantity,0)) as decimal(15,4) )) as return_ratio
 		,(cast(sum(coalesce(cr.cr_return_amount,0)) as decimal(15,4))/
 		cast(sum(coalesce(cs.cs_net_paid,0)) as decimal(15,4) )) as currency_ratio
 		from 
 		catalog_sales cs left outer join catalog_returns cr
 			on (cs.cs_order_number = cr.cr_order_number and 
 			cs.cs_item_sk = cr.cr_item_sk)
                ,date_dim
 		where 
 			cr.cr_return_amount > 10000 
 			and cs.cs_net_profit > 1
                         and cs.cs_net_paid > 0
                         and cs.cs_quantity > 0
                         and cs_sold_date_sk = d_date_sk
                         and d_year = 2001
                         and d_moy = 11
                 group by cs.cs_item_sk
 	) in_cat
 ) catalog
 where 
 (
 catalog.return_rank <= 10
 or
 catalog.currency_rank <=10
 )
 union
 select 
 'store' as channel
 ,store.item
 ,store.return_ratio
 ,store.return_rank
 ,store.currency_rank
 from (
 	select 
 	 item
 	,return_ratio
 	,currency_ratio
 	,rank() over (order by return_ratio) as return_rank
 	,rank() over (order by currency_ratio) as currency_rank
 	from
 	(	select sts.ss_item_sk as item
 		,(cast(sum(coalesce(sr.sr_return_quantity,0)) as decimal(15,4))/cast(sum(coalesce(sts.ss_quantity,0)) as decimal(15,4) )) as return_ratio
 		,(cast(sum(coalesce(sr.sr_return_amt,0)) as decimal(15,4))/cast(sum(coalesce(sts.ss_net_paid,0)) as decimal(15,4) )) as currency_ratio
 		from 
 		store_sales sts left outer join store_returns sr
 			on (sts.ss_ticket_number = sr.sr_ticket_number and sts.ss_item_sk = sr.sr_item_sk)
                ,date_dim
 		where 
 			sr.sr_return_amt > 10000 
 			and sts.ss_net_profit > 1
                         and sts.ss_net_paid > 0 
                         and sts.ss_quantity > 0
                         and ss_sold_date_sk = d_date_sk
                         and d_year = 2001
                         and d_moy = 11
 		group by sts.ss_item_sk
 	) in_store
 ) store
 where  (
 store.return_rank <= 10
 or 
 store.currency_rank <= 10
 )
 ) query49
 order by 1,4,5,2
 limit 100;
psql:/tmp/s1-basline/throughput/query_6.sql:2144: NOTICE:  duration: 108.609 ms  plan:
Query Text: select  channel, item, return_ratio, return_rank, currency_rank from
 (select
 'web' as channel
 ,web.item
 ,web.return_ratio
 ,web.return_rank
 ,web.currency_rank
 from (
 	select 
 	 item
 	,return_ratio
 	,currency_ratio
 	,rank() over (order by return_ratio) as return_rank
 	,rank() over (order by currency_ratio) as currency_rank
 	from
 	(	select ws.ws_item_sk as item
 		,(cast(sum(coalesce(wr.wr_return_quantity,0)) as decimal(15,4))/
 		cast(sum(coalesce(ws.ws_quantity,0)) as decimal(15,4) )) as return_ratio
 		,(cast(sum(coalesce(wr.wr_return_amt,0)) as decimal(15,4))/
 		cast(sum(coalesce(ws.ws_net_paid,0)) as decimal(15,4) )) as currency_ratio
 		from 
 		 web_sales ws left outer join web_returns wr 
 			on (ws.ws_order_number = wr.wr_order_number and 
 			ws.ws_item_sk = wr.wr_item_sk)
                 ,date_dim
 		where 
 			wr.wr_return_amt > 10000 
 			and ws.ws_net_profit > 1
                         and ws.ws_net_paid > 0
                         and ws.ws_quantity > 0
                         and ws_sold_date_sk = d_date_sk
                         and d_year = 2001
                         and d_moy = 11
 		group by ws.ws_item_sk
 	) in_web
 ) web
 where 
 (
 web.return_rank <= 10
 or
 web.currency_rank <= 10
 )
 union
 select 
 'catalog' as channel
 ,catalog.item
 ,catalog.return_ratio
 ,catalog.return_rank
 ,catalog.currency_rank
 from (
 	select 
 	 item
 	,return_ratio
 	,currency_ratio
 	,rank() over (order by return_ratio) as return_rank
 	,rank() over (order by currency_ratio) as currency_rank
 	from
 	(	select 
 		cs.cs_item_sk as item
 		,(cast(sum(coalesce(cr.cr_return_quantity,0)) as decimal(15,4))/
 		cast(sum(coalesce(cs.cs_quantity,0)) as decimal(15,4) )) as return_ratio
 		,(cast(sum(coalesce(cr.cr_return_amount,0)) as decimal(15,4))/
 		cast(sum(coalesce(cs.cs_net_paid,0)) as decimal(15,4) )) as currency_ratio
 		from 
 		catalog_sales cs left outer join catalog_returns cr
 			on (cs.cs_order_number = cr.cr_order_number and 
 			cs.cs_item_sk = cr.cr_item_sk)
                ,date_dim
 		where 
 			cr.cr_return_amount > 10000 
 			and cs.cs_net_profit > 1
                         and cs.cs_net_paid > 0
                         and cs.cs_quantity > 0
                         and cs_sold_date_sk = d_date_sk
                         and d_year = 2001
                         and d_moy = 11
                 group by cs.cs_item_sk
 	) in_cat
 ) catalog
 where 
 (
 catalog.return_rank <= 10
 or
 catalog.currency_rank <=10
 )
 union
 select 
 'store' as channel
 ,store.item
 ,store.return_ratio
 ,store.return_rank
 ,store.currency_rank
 from (
 	select 
 	 item
 	,return_ratio
 	,currency_ratio
 	,rank() over (order by return_ratio) as return_rank
 	,rank() over (order by currency_ratio) as currency_rank
 	from
 	(	select sts.ss_item_sk as item
 		,(cast(sum(coalesce(sr.sr_return_quantity,0)) as decimal(15,4))/cast(sum(coalesce(sts.ss_quantity,0)) as decimal(15,4) )) as return_ratio
 		,(cast(sum(coalesce(sr.sr_return_amt,0)) as decimal(15,4))/cast(sum(coalesce(sts.ss_net_paid,0)) as decimal(15,4) )) as currency_ratio
 		from 
 		store_sales sts left outer join store_returns sr
 			on (sts.ss_ticket_number = sr.sr_ticket_number and sts.ss_item_sk = sr.sr_item_sk)
                ,date_dim
 		where 
 			sr.sr_return_amt > 10000 
 			and sts.ss_net_profit > 1
                         and sts.ss_net_paid > 0 
                         and sts.ss_quantity > 0
                         and ss_sold_date_sk = d_date_sk
                         and d_year = 2001
                         and d_moy = 11
 		group by sts.ss_item_sk
 	) in_store
 ) store
 where  (
 store.return_rank <= 10
 or 
 store.currency_rank <= 10
 )
 ) query49
 order by 1,4,5,2
 limit 100;
Limit  (cost=22683.62..22683.63 rows=3 width=88) (actual time=108.571..108.587 rows=35 loops=1)
  ->  Sort  (cost=22683.62..22683.63 rows=3 width=88) (actual time=108.570..108.584 rows=35 loops=1)
        Sort Key: ('web'::text), web.return_rank, web.currency_rank, web.item
        Sort Method: quicksort  Memory: 27kB
        ->  HashAggregate  (cost=22683.53..22683.56 rows=3 width=88) (actual time=108.540..108.559 rows=35 loops=1)
              Group Key: ('web'::text), web.item, web.return_ratio, web.return_rank, web.currency_rank
              Batches: 1  Memory Usage: 32kB
              ->  Append  (cost=4475.69..22683.50 rows=3 width=88) (actual time=15.039..108.526 rows=35 loops=1)
                    ->  Subquery Scan on web  (cost=4475.69..4475.73 rows=1 width=88) (actual time=15.039..15.057 rows=12 loops=1)
                          Filter: ((web.return_rank <= 10) OR (web.currency_rank <= 10))
                          Rows Removed by Filter: 5
                          ->  WindowAgg  (cost=4475.69..4475.71 rows=1 width=88) (actual time=15.037..15.053 rows=17 loops=1)
                                ->  Sort  (cost=4475.69..4475.70 rows=1 width=80) (actual time=15.033..15.038 rows=17 loops=1)
                                      Sort Key: in_web.return_ratio
                                      Sort Method: quicksort  Memory: 26kB
                                      ->  WindowAgg  (cost=4475.66..4475.68 rows=1 width=80) (actual time=15.003..15.020 rows=17 loops=1)
                                            ->  Sort  (cost=4475.66..4475.67 rows=1 width=72) (actual time=14.996..15.000 rows=17 loops=1)
                                                  Sort Key: in_web.currency_ratio
                                                  Sort Method: quicksort  Memory: 26kB
                                                  ->  Subquery Scan on in_web  (cost=4475.59..4475.65 rows=1 width=72) (actual time=14.946..14.992 rows=17 loops=1)
                                                        ->  GroupAggregate  (cost=4475.59..4475.64 rows=1 width=72) (actual time=14.945..14.989 rows=17 loops=1)
                                                              Group Key: ws.ws_item_sk
                                                              ->  Sort  (cost=4475.59..4475.59 rows=1 width=32) (actual time=14.924..14.927 rows=17 loops=1)
                                                                    Sort Key: ws.ws_item_sk
                                                                    Sort Method: quicksort  Memory: 26kB
                                                                    ->  Nested Loop  (cost=0.72..4475.58 rows=1 width=32) (actual time=1.108..14.916 rows=17 loops=1)
                                                                          ->  Nested Loop  (cost=0.42..4475.26 rows=1 width=40) (actual time=0.031..14.077 rows=546 loops=1)
                                                                                ->  Seq Scan on web_returns wr  (cost=0.00..2802.96 rows=657 width=28) (actual time=0.022..11.500 rows=616 loops=1)
                                                                                      Filter: (wr_return_amt > '10000'::double precision)
                                                                                      Rows Removed by Filter: 70790
                                                                                ->  Index Scan using pk_web_sales on web_sales ws  (cost=0.42..2.55 rows=1 width=36) (actual time=0.004..0.004 rows=1 loops=616)
                                                                                      Index Cond: ((ws_item_sk = wr.wr_item_sk) AND (ws_order_number = wr.wr_order_number))
                                                                                      Filter: ((ws_net_profit > '1'::double precision) AND (ws_net_paid > '0'::double precision) AND (ws_quantity > 0))
                                                                                      Rows Removed by Filter: 0
                                                                          ->  Index Scan using pk_date_dim on date_dim  (cost=0.29..0.32 rows=1 width=8) (actual time=0.001..0.001 rows=0 loops=546)
                                                                                Index Cond: (d_date_sk = ws.ws_sold_date_sk)
                                                                                Filter: ((d_year = 2001) AND (d_moy = 11))
                                                                                Rows Removed by Filter: 1
                    ->  Subquery Scan on catalog  (cost=4251.07..4251.10 rows=1 width=88) (actual time=50.336..50.365 rows=13 loops=1)
                          Filter: ((catalog.return_rank <= 10) OR (catalog.currency_rank <= 10))
                          Rows Removed by Filter: 21
                          ->  WindowAgg  (cost=4251.07..4251.09 rows=1 width=88) (actual time=50.335..50.361 rows=34 loops=1)
                                ->  Sort  (cost=4251.07..4251.07 rows=1 width=80) (actual time=50.331..50.336 rows=34 loops=1)
                                      Sort Key: in_cat.return_ratio
                                      Sort Method: quicksort  Memory: 27kB
                                      ->  WindowAgg  (cost=4251.04..4251.06 rows=1 width=80) (actual time=50.293..50.320 rows=34 loops=1)
                                            ->  Sort  (cost=4251.04..4251.04 rows=1 width=72) (actual time=50.286..50.290 rows=34 loops=1)
                                                  Sort Key: in_cat.currency_ratio
                                                  Sort Method: quicksort  Memory: 27kB
                                                  ->  Subquery Scan on in_cat  (cost=4250.96..4251.03 rows=1 width=72) (actual time=50.188..50.275 rows=34 loops=1)
                                                        ->  GroupAggregate  (cost=4250.96..4251.02 rows=1 width=72) (actual time=50.187..50.271 rows=34 loops=1)
                                                              Group Key: cs.cs_item_sk
                                                              ->  Sort  (cost=4250.96..4250.97 rows=1 width=32) (actual time=50.166..50.170 rows=34 loops=1)
                                                                    Sort Key: cs.cs_item_sk
                                                                    Sort Method: quicksort  Memory: 27kB
                                                                    ->  Nested Loop  (cost=0.85..4250.95 rows=1 width=32) (actual time=5.155..50.154 rows=34 loops=1)
                                                                          ->  Nested Loop  (cost=0.43..4151.42 rows=220 width=28) (actual time=4.104..24.534 rows=16880 loops=1)
                                                                                ->  Seq Scan on date_dim date_dim_1  (cost=0.00..2500.73 rows=29 width=8) (actual time=4.089..8.432 rows=30 loops=1)
                                                                                      Filter: ((d_year = 2001) AND (d_moy = 11))
                                                                                      Rows Removed by Filter: 73019
                                                                                ->  Index Scan using i_cs_sold_date_sk on catalog_sales cs  (cost=0.43..53.89 rows=303 width=36) (actual time=0.006..0.492 rows=563 loops=30)
                                                                                      Index Cond: (cs_sold_date_sk = date_dim_1.d_date_sk)
                                                                                      Filter: ((cs_net_profit > '1'::double precision) AND (cs_net_paid > '0'::double precision) AND (cs_quantity > 0))
                                                                                      Rows Removed by Filter: 878
                                                                          ->  Index Scan using pk_catalog_returns on catalog_returns cr  (cost=0.42..0.45 rows=1 width=28) (actual time=0.001..0.001 rows=0 loops=16880)
                                                                                Index Cond: ((cr_item_sk = cs.cs_item_sk) AND (cr_order_number = cs.cs_order_number))
                                                                                Filter: (cr_return_amount > '10000'::double precision)
                                                                                Rows Removed by Filter: 0
                    ->  Subquery Scan on store  (cost=13956.59..13956.62 rows=1 width=88) (actual time=43.088..43.097 rows=10 loops=1)
                          Filter: ((store.return_rank <= 10) OR (store.currency_rank <= 10))
                          ->  WindowAgg  (cost=13956.59..13956.61 rows=1 width=88) (actual time=43.087..43.094 rows=10 loops=1)
                                ->  Sort  (cost=13956.59..13956.59 rows=1 width=80) (actual time=43.084..43.085 rows=10 loops=1)
                                      Sort Key: in_store.return_ratio
                                      Sort Method: quicksort  Memory: 25kB
                                      ->  WindowAgg  (cost=13956.56..13956.58 rows=1 width=80) (actual time=43.067..43.076 rows=10 loops=1)
                                            ->  Sort  (cost=13956.56..13956.56 rows=1 width=72) (actual time=43.061..43.062 rows=10 loops=1)
                                                  Sort Key: in_store.currency_ratio
                                                  Sort Method: quicksort  Memory: 25kB
                                                  ->  Subquery Scan on in_store  (cost=13956.49..13956.55 rows=1 width=72) (actual time=43.028..43.054 rows=10 loops=1)
                                                        ->  GroupAggregate  (cost=13956.49..13956.54 rows=1 width=72) (actual time=43.028..43.052 rows=10 loops=1)
                                                              Group Key: sts.ss_item_sk
                                                              ->  Sort  (cost=13956.49..13956.49 rows=1 width=32) (actual time=43.008..43.009 rows=10 loops=1)
                                                                    Sort Key: sts.ss_item_sk
                                                                    Sort Method: quicksort  Memory: 25kB
                                                                    ->  Nested Loop  (cost=0.72..13956.48 rows=1 width=32) (actual time=0.122..43.000 rows=10 loops=1)
                                                                          ->  Nested Loop  (cost=0.43..13956.16 rows=1 width=40) (actual time=0.115..42.391 rows=342 loops=1)
                                                                                ->  Seq Scan on store_returns sr  (cost=0.00..10158.16 rows=1466 width=28) (actual time=0.103..40.267 rows=436 loops=1)
                                                                                      Filter: (sr_return_amt > '10000'::double precision)
                                                                                      Rows Removed by Filter: 284584
                                                                                ->  Index Scan using pk_store_sales on store_sales sts  (cost=0.43..2.59 rows=1 width=36) (actual time=0.005..0.005 rows=1 loops=436)
                                                                                      Index Cond: ((ss_item_sk = sr.sr_item_sk) AND (ss_ticket_number = sr.sr_ticket_number))
                                                                                      Filter: ((ss_net_profit > '1'::double precision) AND (ss_net_paid > '0'::double precision) AND (ss_quantity > 0))
                                                                                      Rows Removed by Filter: 0
                                                                          ->  Index Scan using pk_date_dim on date_dim date_dim_2  (cost=0.29..0.32 rows=1 width=8) (actual time=0.002..0.002 rows=0 loops=342)
                                                                                Index Cond: (d_date_sk = sts.ss_sold_date_sk)
                                                                                Filter: ((d_year = 2001) AND (d_moy = 11))
                                                                                Rows Removed by Filter: 1
 channel | item  |      return_ratio      | return_rank | currency_rank 
---------+-------+------------------------+-------------+---------------
 catalog |   223 | 0.62244897959183673469 |           1 |             1
 catalog | 12233 | 0.75000000000000000000 |           2 |            32
 catalog |  5065 | 0.76288659793814432990 |           3 |             2
 catalog | 10525 | 0.76315789473684210526 |           4 |             3
 catalog | 11309 | 0.77049180327868852459 |           5 |             4
 catalog | 16813 | 0.77049180327868852459 |           5 |             4
 catalog |   797 | 0.78481012658227848101 |           7 |            34
 catalog |  6109 | 0.82022471910112359551 |           8 |             6
 catalog |  4165 | 0.85542168674698795181 |           9 |            16
 catalog |   677 | 0.87142857142857142857 |          10 |             7
 catalog | 12651 | 0.88043478260869565217 |          11 |             8
 catalog | 15775 | 0.88172043010752688172 |          12 |             9
 catalog |  7481 | 0.89130434782608695652 |          13 |            10
 store   |  7989 | 0.78000000000000000000 |           1 |             1
 store   |  3259 | 0.83116883116883116883 |           2 |             2
 store   |  5085 | 0.88372093023255813953 |           3 |             3
 store   | 14363 | 0.88421052631578947368 |           4 |             4
 store   | 11225 | 0.94444444444444444444 |           5 |             5
 store   |  1045 | 0.95918367346938775510 |           6 |             6
 store   | 16111 | 0.96703296703296703297 |           7 |             7
 store   |  7071 | 0.96969696969696969697 |           8 |             8
 store   | 15923 | 0.96969696969696969697 |           8 |             8
 store   |  4203 | 0.97727272727272727273 |          10 |            10
 web     | 14983 | 0.60465116279069767442 |           1 |             1
 web     |  3765 | 0.67241379310344827586 |           2 |            16
 web     |  7317 | 0.71134020618556701031 |           3 |             2
 web     | 16841 | 0.75641025641025641026 |           4 |             3
 web     | 13993 | 0.78888888888888888889 |           5 |            17
 web     |  6313 | 0.83333333333333333333 |           6 |             4
 web     |  5259 | 0.87234042553191489362 |           7 |             5
 web     |  5053 | 0.87878787878787878788 |           8 |             6
 web     | 12343 | 0.88000000000000000000 |           9 |             7
 web     | 15933 | 0.88059701492537313433 |          10 |             8
 web     | 17521 | 0.88709677419354838710 |          11 |             9
 web     |  3999 | 0.91044776119402985075 |          12 |            10
(35 rows)

UPDATE time_statistics SET e_time = TRANSACTION_TIMESTAMP() WHERE template = '../query_postgresql/query49.tpl' AND stream = 6;
psql:/tmp/s1-basline/throughput/query_6.sql:2146: NOTICE:  duration: 0.080 ms  plan:
Query Text: UPDATE time_statistics SET e_time = TRANSACTION_TIMESTAMP() WHERE template = '../query_postgresql/query49.tpl' AND stream = 6;
Update on time_statistics  (cost=0.00..15.87 rows=0 width=0) (actual time=0.079..0.079 rows=0 loops=1)
  ->  Seq Scan on time_statistics  (cost=0.00..15.87 rows=1 width=14) (actual time=0.060..0.064 rows=1 loops=1)
        Filter: ((template = '../query_postgresql/query49.tpl'::text) AND (stream = 6))
        Rows Removed by Filter: 530
UPDATE 1
LOAD 'auto_explain'; SET auto_explain.log_min_duration TO 0; SET auto_explain.log_analyze TO on; SET auto_explain.log_level TO notice; INSERT INTO time_statistics (template, s_time, stream, query, seed) VALUES ('query33.tpl', TRANSACTION_TIMESTAMP(), 6, 42, 1682736574);
LOAD
SET
SET
SET
psql:/tmp/s1-basline/throughput/query_6.sql:2147: NOTICE:  duration: 0.009 ms  plan:
Query Text: INSERT INTO time_statistics (template, s_time, stream, query, seed) VALUES ('query33.tpl', TRANSACTION_TIMESTAMP(), 6, 42, 1682736574);
Insert on time_statistics  (cost=0.00..0.01 rows=0 width=0) (actual time=0.008..0.008 rows=0 loops=1)
  ->  Result  (cost=0.00..0.01 rows=1 width=64) (actual time=0.001..0.002 rows=1 loops=1)
INSERT 0 1
with ss as (
 select
          i_manufact_id,sum(ss_ext_sales_price) total_sales
 from
 	store_sales,
 	date_dim,
         customer_address,
         item
 where
         i_manufact_id in (select
  i_manufact_id
from
 item
where i_category in ('Sports'))
 and     ss_item_sk              = i_item_sk
 and     ss_sold_date_sk         = d_date_sk
 and     d_year                  = 2002
 and     d_moy                   = 3
 and     ss_addr_sk              = ca_address_sk
 and     ca_gmt_offset           = -5 
 group by i_manufact_id),
 cs as (
 select
          i_manufact_id,sum(cs_ext_sales_price) total_sales
 from
 	catalog_sales,
 	date_dim,
         customer_address,
         item
 where
         i_manufact_id               in (select
  i_manufact_id
from
 item
where i_category in ('Sports'))
 and     cs_item_sk              = i_item_sk
 and     cs_sold_date_sk         = d_date_sk
 and     d_year                  = 2002
 and     d_moy                   = 3
 and     cs_bill_addr_sk         = ca_address_sk
 and     ca_gmt_offset           = -5 
 group by i_manufact_id),
 ws as (
 select
          i_manufact_id,sum(ws_ext_sales_price) total_sales
 from
 	web_sales,
 	date_dim,
         customer_address,
         item
 where
         i_manufact_id               in (select
  i_manufact_id
from
 item
where i_category in ('Sports'))
 and     ws_item_sk              = i_item_sk
 and     ws_sold_date_sk         = d_date_sk
 and     d_year                  = 2002
 and     d_moy                   = 3
 and     ws_bill_addr_sk         = ca_address_sk
 and     ca_gmt_offset           = -5
 group by i_manufact_id)
  select  i_manufact_id ,sum(total_sales) total_sales
 from  (select * from ss 
        union all
        select * from cs 
        union all
        select * from ws) tmp1
 group by i_manufact_id
 order by total_sales
limit 100;
psql:/tmp/s1-basline/throughput/query_6.sql:2219: NOTICE:  duration: 159.599 ms  plan:
Query Text: with ss as (
 select
          i_manufact_id,sum(ss_ext_sales_price) total_sales
 from
 	store_sales,
 	date_dim,
         customer_address,
         item
 where
         i_manufact_id in (select
  i_manufact_id
from
 item
where i_category in ('Sports'))
 and     ss_item_sk              = i_item_sk
 and     ss_sold_date_sk         = d_date_sk
 and     d_year                  = 2002
 and     d_moy                   = 3
 and     ss_addr_sk              = ca_address_sk
 and     ca_gmt_offset           = -5 
 group by i_manufact_id),
 cs as (
 select
          i_manufact_id,sum(cs_ext_sales_price) total_sales
 from
 	catalog_sales,
 	date_dim,
         customer_address,
         item
 where
         i_manufact_id               in (select
  i_manufact_id
from
 item
where i_category in ('Sports'))
 and     cs_item_sk              = i_item_sk
 and     cs_sold_date_sk         = d_date_sk
 and     d_year                  = 2002
 and     d_moy                   = 3
 and     cs_bill_addr_sk         = ca_address_sk
 and     ca_gmt_offset           = -5 
 group by i_manufact_id),
 ws as (
 select
          i_manufact_id,sum(ws_ext_sales_price) total_sales
 from
 	web_sales,
 	date_dim,
         customer_address,
         item
 where
         i_manufact_id               in (select
  i_manufact_id
from
 item
where i_category in ('Sports'))
 and     ws_item_sk              = i_item_sk
 and     ws_sold_date_sk         = d_date_sk
 and     d_year                  = 2002
 and     d_moy                   = 3
 and     ws_bill_addr_sk         = ca_address_sk
 and     ca_gmt_offset           = -5
 group by i_manufact_id)
  select  i_manufact_id ,sum(total_sales) total_sales
 from  (select * from ss 
        union all
        select * from cs 
        union all
        select * from ws) tmp1
 group by i_manufact_id
 order by total_sales
limit 100;
Limit  (cost=46125.70..46125.95 rows=100 width=12) (actual time=131.690..159.567 rows=100 loops=1)
  ->  Sort  (cost=46125.70..46126.20 rows=200 width=12) (actual time=131.689..159.559 rows=100 loops=1)
        Sort Key: (sum((sum(store_sales.ss_ext_sales_price))))
        Sort Method: top-N heapsort  Memory: 33kB
        ->  Finalize GroupAggregate  (cost=46063.57..46118.06 rows=200 width=12) (actual time=130.815..159.418 rows=699 loops=1)
              Group Key: item.i_manufact_id
              ->  Gather Merge  (cost=46063.57..46114.06 rows=400 width=12) (actual time=130.810..159.143 rows=1959 loops=1)
                    Workers Planned: 2
                    Workers Launched: 2
                    ->  Partial GroupAggregate  (cost=45063.55..45067.87 rows=200 width=12) (actual time=79.017..79.227 rows=653 loops=3)
                          Group Key: item.i_manufact_id
                          ->  Sort  (cost=45063.55..45064.32 rows=309 width=12) (actual time=79.014..79.048 rows=653 loops=3)
                                Sort Key: item.i_manufact_id
                                Sort Method: quicksort  Memory: 61kB
                                Worker 0:  Sort Method: quicksort  Memory: 57kB
                                Worker 1:  Sort Method: quicksort  Memory: 62kB
                                ->  Parallel Append  (cost=15534.04..45050.77 rows=309 width=12) (actual time=78.014..78.931 rows=653 loops=3)
                                      ->  GroupAggregate  (cost=45038.00..45045.14 rows=408 width=12) (actual time=122.106..123.571 rows=692 loops=1)
                                            Group Key: item.i_manufact_id
                                            ->  Sort  (cost=45038.00..45039.02 rows=408 width=12) (actual time=122.095..122.708 rows=8145 loops=1)
                                                  Sort Key: item.i_manufact_id
                                                  Worker 1:  Sort Method: quicksort  Memory: 637kB
                                                  ->  Hash Join  (cost=1505.40..45020.31 rows=408 width=12) (actual time=25.414..120.103 rows=8145 loops=1)
                                                        Hash Cond: (item.i_manufact_id = item_1.i_manufact_id)
                                                        ->  Nested Loop  (cost=1.01..43510.31 rows=409 width=12) (actual time=8.886..101.886 rows=9254 loops=1)
                                                              ->  Nested Loop  (cost=0.72..43385.36 rows=409 width=16) (actual time=8.796..84.605 rows=9254 loops=1)
                                                                    ->  Nested Loop  (cost=0.43..43021.47 rows=1172 width=24) (actual time=8.734..46.273 rows=26224 loops=1)
                                                                          ->  Seq Scan on date_dim  (cost=0.00..2500.73 rows=31 width=8) (actual time=8.625..15.278 rows=31 loops=1)
                                                                                Filter: ((d_year = 2002) AND (d_moy = 3))
                                                                                Rows Removed by Filter: 73018
                                                                          ->  Index Scan using i_ss_sold_date_sk on store_sales  (cost=0.43..1291.97 rows=1515 width=32) (actual time=0.015..0.823 rows=846 loops=31)
                                                                                Index Cond: (ss_sold_date_sk = date_dim.d_date_sk)
                                                                    ->  Index Scan using pk_customer_address on customer_address  (cost=0.29..0.31 rows=1 width=8) (actual time=0.001..0.001 rows=0 loops=26224)
                                                                          Index Cond: (ca_address_sk = store_sales.ss_addr_sk)
                                                                          Filter: (ca_gmt_offset = '-5'::double precision)
                                                                          Rows Removed by Filter: 1
                                                              ->  Index Scan using pk_item on item  (cost=0.29..0.31 rows=1 width=12) (actual time=0.001..0.001 rows=1 loops=9254)
                                                                    Index Cond: (i_item_sk = store_sales.ss_item_sk)
                                                        ->  Hash  (cost=1493.87..1493.87 rows=842 width=4) (actual time=16.490..16.491 rows=703 loops=1)
                                                              Buckets: 1024  Batches: 1  Memory Usage: 33kB
                                                              ->  HashAggregate  (cost=1485.45..1493.87 rows=842 width=4) (actual time=16.333..16.394 rows=704 loops=1)
                                                                    Group Key: item_1.i_manufact_id
                                                                    Worker 1:  Batches: 1  Memory Usage: 105kB
                                                                    ->  Seq Scan on item item_1  (cost=0.00..1481.00 rows=1779 width=4) (actual time=0.039..15.974 rows=1779 loops=1)
                                                                          Filter: (i_category = 'Sports'::bpchar)
                                                                          Rows Removed by Filter: 16221
                                      ->  GroupAggregate  (cost=15534.04..15536.00 rows=112 width=12) (actual time=59.552..59.950 rows=599 loops=1)
                                            Group Key: item_2.i_manufact_id
                                            ->  Sort  (cost=15534.04..15534.32 rows=112 width=12) (actual time=59.546..59.648 rows=2056 loops=1)
                                                  Sort Key: item_2.i_manufact_id
                                                  Worker 0:  Sort Method: quicksort  Memory: 209kB
                                                  ->  Hash Join  (cost=1505.40..15530.23 rows=112 width=12) (actual time=24.703..58.990 rows=2056 loops=1)
                                                        Hash Cond: (item_2.i_manufact_id = item_3.i_manufact_id)
                                                        ->  Nested Loop  (cost=1.00..14024.30 rows=112 width=12) (actual time=8.566..42.420 rows=2334 loops=1)
                                                              ->  Nested Loop  (cost=0.71..13989.91 rows=112 width=16) (actual time=8.503..37.093 rows=2334 loops=1)
                                                                    ->  Nested Loop  (cost=0.42..13894.15 rows=307 width=24) (actual time=8.320..24.793 rows=6688 loops=1)
                                                                          ->  Seq Scan on date_dim date_dim_1  (cost=0.00..2500.73 rows=31 width=8) (actual time=8.234..14.989 rows=31 loops=1)
                                                                                Filter: ((d_year = 2002) AND (d_moy = 3))
                                                                                Rows Removed by Filter: 73018
                                                                          ->  Index Scan using i_ws_sold_date_sk on web_sales  (cost=0.42..363.56 rows=397 width=32) (actual time=0.016..0.270 rows=216 loops=31)
                                                                                Index Cond: (ws_sold_date_sk = date_dim_1.d_date_sk)
                                                                    ->  Index Scan using pk_customer_address on customer_address customer_address_1  (cost=0.29..0.31 rows=1 width=8) (actual time=0.002..0.002 rows=0 loops=6688)
                                                                          Index Cond: (ca_address_sk = web_sales.ws_bill_addr_sk)
                                                                          Filter: (ca_gmt_offset = '-5'::double precision)
                                                                          Rows Removed by Filter: 1
                                                              ->  Index Scan using pk_item on item item_2  (cost=0.29..0.31 rows=1 width=12) (actual time=0.002..0.002 rows=1 loops=2334)
                                                                    Index Cond: (i_item_sk = web_sales.ws_item_sk)
                                                        ->  Hash  (cost=1493.87..1493.87 rows=842 width=4) (actual time=16.103..16.104 rows=703 loops=1)
                                                              Buckets: 1024  Batches: 1  Memory Usage: 33kB
                                                              ->  HashAggregate  (cost=1485.45..1493.87 rows=842 width=4) (actual time=15.948..16.008 rows=704 loops=1)
                                                                    Group Key: item_3.i_manufact_id
                                                                    Worker 0:  Batches: 1  Memory Usage: 105kB
                                                                    ->  Seq Scan on item item_3  (cost=0.00..1481.00 rows=1779 width=4) (actual time=0.036..15.583 rows=1779 loops=1)
                                                                          Filter: (i_category = 'Sports'::bpchar)
                                                                          Rows Removed by Filter: 16221
                                      ->  GroupAggregate  (cost=6005.26..6009.13 rows=221 width=12) (actual time=52.380..53.137 rows=668 loops=1)
                                            Group Key: item_4.i_manufact_id
                                            ->  Sort  (cost=6005.26..6005.81 rows=221 width=12) (actual time=52.371..52.615 rows=4421 loops=1)
                                                  Sort Key: item_4.i_manufact_id
                                                  Sort Method: quicksort  Memory: 434kB
                                                  ->  Hash Join  (cost=1505.40..5996.65 rows=221 width=12) (actual time=12.442..51.562 rows=4421 loops=1)
                                                        Hash Cond: (item_4.i_manufact_id = item_5.i_manufact_id)
                                                        ->  Nested Loop  (cost=1.00..4489.22 rows=222 width=12) (actual time=4.451..42.731 rows=5019 loops=1)
                                                              ->  Nested Loop  (cost=0.72..4421.29 rows=222 width=16) (actual time=4.447..34.331 rows=5019 loops=1)
                                                                    ->  Nested Loop  (cost=0.43..4231.60 rows=610 width=24) (actual time=4.405..14.754 rows=13807 loops=1)
                                                                          ->  Seq Scan on date_dim date_dim_2  (cost=0.00..2500.73 rows=31 width=8) (actual time=4.393..8.979 rows=31 loops=1)
                                                                                Filter: ((d_year = 2002) AND (d_moy = 3))
                                                                                Rows Removed by Filter: 73018
                                                                          ->  Index Scan using i_cs_sold_date_sk on catalog_sales  (cost=0.43..47.98 rows=785 width=32) (actual time=0.004..0.108 rows=445 loops=31)
                                                                                Index Cond: (cs_sold_date_sk = date_dim_2.d_date_sk)
                                                                    ->  Index Scan using pk_customer_address on customer_address customer_address_2  (cost=0.29..0.31 rows=1 width=8) (actual time=0.001..0.001 rows=0 loops=13807)
                                                                          Index Cond: (ca_address_sk = catalog_sales.cs_bill_addr_sk)
                                                                          Filter: (ca_gmt_offset = '-5'::double precision)
                                                                          Rows Removed by Filter: 1
                                                              ->  Index Scan using pk_item on item item_4  (cost=0.29..0.31 rows=1 width=12) (actual time=0.001..0.001 rows=1 loops=5019)
                                                                    Index Cond: (i_item_sk = catalog_sales.cs_item_sk)
                                                        ->  Hash  (cost=1493.87..1493.87 rows=842 width=4) (actual time=7.978..7.978 rows=703 loops=1)
                                                              Buckets: 1024  Batches: 1  Memory Usage: 33kB
                                                              ->  HashAggregate  (cost=1485.45..1493.87 rows=842 width=4) (actual time=7.845..7.905 rows=704 loops=1)
                                                                    Group Key: item_5.i_manufact_id
                                                                    Batches: 1  Memory Usage: 105kB
                                                                    ->  Seq Scan on item item_5  (cost=0.00..1481.00 rows=1779 width=4) (actual time=0.008..7.546 rows=1779 loops=1)
                                                                          Filter: (i_category = 'Sports'::bpchar)
                                                                          Rows Removed by Filter: 16221
 i_manufact_id |    total_sales     
---------------+--------------------
           716 |               88.2
           684 |             106.25
           722 |              465.5
           869 |             942.06
           943 |            1027.52
           586 |            1411.96
           866 | 2031.6599999999999
           909 |            2142.06
           743 | 2269.9900000000002
           969 |            2563.02
           427 | 2584.6099999999997
           972 |            2741.31
           728 | 3023.7000000000003
           717 | 3047.7400000000002
           809 |            3699.33
           953 |             3884.3
           825 | 3951.3600000000006
           992 |            4075.41
           463 | 4115.1900000000005
           976 |            4207.05
           761 |            4240.43
           340 |  4440.900000000001
           485 |            4551.21
           861 |            4590.04
           580 |  4662.860000000001
           901 |            4687.95
           818 |            4933.73
           883 |  5057.209999999999
           693 |  5132.860000000001
           937 |            5263.31
           379 | 5482.3099999999995
           766 |            5675.96
           627 |            5922.33
           358 |            6031.28
           822 |  6358.169999999999
           647 |            6418.78
           782 |            6473.18
           988 | 6681.0199999999995
           483 | 6865.8099999999995
           833 |            6899.76
           709 |            7054.32
           804 |  7255.970000000001
           749 | 7388.5199999999995
           773 |            7514.15
           977 |  7570.389999999999
           359 |            7631.42
           885 |            7716.48
           777 |            7810.59
           931 |            8153.21
           877 |            8314.08
           677 |            8401.51
           422 |            8446.96
           557 |  8544.529999999999
           819 |               8718
           415 |            8784.42
           697 |            9017.35
           711 |            9134.15
           843 |            9175.43
           606 |            9214.69
           806 |  9249.670000000002
           408 |            9542.07
           484 | 10006.719999999998
           651 |           10326.95
           550 |           10364.21
           880 |           10678.25
           434 |           11029.37
           624 | 11276.529999999999
           577 |           11398.54
           683 |            11399.9
           884 |           11404.75
           689 |           11477.44
           679 | 11485.359999999997
           614 |           11531.52
           847 |           11715.02
             9 |           11955.92
           493 | 12013.529999999999
           748 | 12086.059999999998
           607 |           12104.61
           534 |           12181.68
           917 |           12343.22
           970 | 12369.130000000001
           613 |           12410.57
           894 |           12447.52
           848 | 12584.199999999999
           443 |           12660.65
           625 |           12699.85
           760 |           12762.31
           396 |            12914.1
           823 | 13228.349999999999
           879 |           13250.43
           470 |           13268.09
           350 |           13563.93
           469 |           14022.39
           410 | 14064.390000000001
           581 |           14109.61
           474 | 14116.930000000002
           902 | 14119.560000000001
           570 |           14137.41
           893 | 14237.570000000002
           845 | 14426.359999999999
(100 rows)

UPDATE time_statistics SET e_time = TRANSACTION_TIMESTAMP() WHERE template = 'query33.tpl' AND stream = 6;
psql:/tmp/s1-basline/throughput/query_6.sql:2221: NOTICE:  duration: 0.086 ms  plan:
Query Text: UPDATE time_statistics SET e_time = TRANSACTION_TIMESTAMP() WHERE template = 'query33.tpl' AND stream = 6;
Update on time_statistics  (cost=0.00..15.87 rows=0 width=0) (actual time=0.086..0.086 rows=0 loops=1)
  ->  Seq Scan on time_statistics  (cost=0.00..15.87 rows=1 width=14) (actual time=0.067..0.071 rows=1 loops=1)
        Filter: ((template = 'query33.tpl'::text) AND (stream = 6))
        Rows Removed by Filter: 531
UPDATE 1
LOAD 'auto_explain'; SET auto_explain.log_min_duration TO 0; SET auto_explain.log_analyze TO on; SET auto_explain.log_level TO notice; INSERT INTO time_statistics (template, s_time, stream, query, seed) VALUES ('../query_postgresql/query86.tpl', TRANSACTION_TIMESTAMP(), 6, 43, 1541451875);
LOAD
SET
SET
SET
psql:/tmp/s1-basline/throughput/query_6.sql:2222: NOTICE:  duration: 0.008 ms  plan:
Query Text: INSERT INTO time_statistics (template, s_time, stream, query, seed) VALUES ('../query_postgresql/query86.tpl', TRANSACTION_TIMESTAMP(), 6, 43, 1541451875);
Insert on time_statistics  (cost=0.00..0.01 rows=0 width=0) (actual time=0.008..0.008 rows=0 loops=1)
  ->  Result  (cost=0.00..0.01 rows=1 width=64) (actual time=0.002..0.002 rows=1 loops=1)
INSERT 0 1
with results as
( select sum(ws_net_paid) as total_sum, i_category, i_class, 0 as g_category, 0 as g_class 
 from
    web_sales
   ,date_dim       d1
   ,item
 where
    d1.d_month_seq between 1202 and 1202+11
 and d1.d_date_sk = ws_sold_date_sk
 and i_item_sk  = ws_item_sk
 group by i_category,i_class
 ) ,
 results_rollup as
( select total_sum ,i_category ,i_class, g_category, g_class, 0 as lochierarchy from results
  union
  select sum(total_sum) as total_sum, i_category, NULL as i_class, 0 as g_category, 1 as g_class, 1 as lochierarchy from results group by i_category
  union
  select sum(total_sum) as total_sum, NULL as i_category, NULL as i_class, 1 as g_category, 1 as g_class, 2 as lochierarchy from results)
 select 
 total_sum ,i_category ,i_class, lochierarchy 
   ,rank() over (
 	partition by lochierarchy,
 	case when g_class = 0 then i_category end 
 	order by total_sum desc) as rank_within_parent
 from
 results_rollup
 order by
   lochierarchy desc,
   case when lochierarchy = 0 then i_category end,
   rank_within_parent 
 limit 100;
psql:/tmp/s1-basline/throughput/query_6.sql:2254: NOTICE:  duration: 290.646 ms  plan:
Query Text: with results as
( select sum(ws_net_paid) as total_sum, i_category, i_class, 0 as g_category, 0 as g_class 
 from
    web_sales
   ,date_dim       d1
   ,item
 where
    d1.d_month_seq between 1202 and 1202+11
 and d1.d_date_sk = ws_sold_date_sk
 and i_item_sk  = ws_item_sk
 group by i_category,i_class
 ) ,
 results_rollup as
( select total_sum ,i_category ,i_class, g_category, g_class, 0 as lochierarchy from results
  union
  select sum(total_sum) as total_sum, i_category, NULL as i_class, 0 as g_category, 1 as g_class, 1 as lochierarchy from results group by i_category
  union
  select sum(total_sum) as total_sum, NULL as i_category, NULL as i_class, 1 as g_category, 1 as g_class, 2 as lochierarchy from results)
 select 
 total_sum ,i_category ,i_class, lochierarchy 
   ,rank() over (
 	partition by lochierarchy,
 	case when g_class = 0 then i_category end 
 	order by total_sum desc) as rank_within_parent
 from
 results_rollup
 order by
   lochierarchy desc,
   case when lochierarchy = 0 then i_category end,
   rank_within_parent 
 limit 100;
Limit  (cost=35130.49..35130.74 rows=100 width=148) (actual time=268.566..290.582 rows=100 loops=1)
  CTE results
    ->  Finalize GroupAggregate  (cost=34582.47..34860.01 rows=990 width=118) (actual time=249.610..289.911 rows=122 loops=1)
          Group Key: item.i_category, item.i_class
          ->  Gather Merge  (cost=34582.47..34835.26 rows=1980 width=110) (actual time=249.502..289.793 rows=363 loops=1)
                Workers Planned: 2
                Workers Launched: 2
                ->  Partial GroupAggregate  (cost=33582.45..33606.69 rows=990 width=110) (actual time=234.187..248.120 rows=121 loops=3)
                      Group Key: item.i_category, item.i_class
                      ->  Sort  (cost=33582.45..33586.04 rows=1434 width=110) (actual time=234.060..236.165 rows=46812 loops=3)
                            Sort Key: item.i_category, item.i_class
                            Sort Method: quicksort  Memory: 10576kB
                            Worker 0:  Sort Method: quicksort  Memory: 7324kB
                            Worker 1:  Sort Method: quicksort  Memory: 7520kB
                            ->  Nested Loop  (cost=2505.37..33507.27 rows=1434 width=110) (actual time=12.992..191.391 rows=46812 loops=3)
                                  ->  Hash Join  (cost=2505.08..33067.05 rows=1434 width=16) (actual time=12.932..96.050 rows=46812 loops=3)
                                        Hash Cond: (web_sales.ws_sold_date_sk = d1.d_date_sk)
                                        ->  Parallel Seq Scan on web_sales  (cost=0.00..29771.63 rows=301063 width=24) (actual time=0.016..44.660 rows=237185 loops=3)
                                        ->  Hash  (cost=2500.73..2500.73 rows=348 width=8) (actual time=12.848..12.849 rows=365 loops=3)
                                              Buckets: 1024  Batches: 1  Memory Usage: 23kB
                                              ->  Seq Scan on date_dim d1  (cost=0.00..2500.73 rows=348 width=8) (actual time=6.061..12.802 rows=365 loops=3)
                                                    Filter: ((d_month_seq >= 1202) AND (d_month_seq <= 1213))
                                                    Rows Removed by Filter: 72684
                                  ->  Index Scan using pk_item on item  (cost=0.29..0.31 rows=1 width=110) (actual time=0.002..0.002 rows=1 loops=140435)
                                        Index Cond: (i_item_sk = web_sales.ws_item_sk)
  ->  Sort  (cost=270.48..273.46 rows=1191 width=148) (actual time=268.565..268.570 rows=100 loops=1)
        Sort Key: results_rollup.lochierarchy DESC, (CASE WHEN (results_rollup.lochierarchy = 0) THEN results_rollup.i_category ELSE NULL::bpchar END), (rank() OVER (?))
        Sort Method: quicksort  Memory: 57kB
        ->  WindowAgg  (cost=192.21..224.96 rows=1191 width=148) (actual time=268.260..268.356 rows=134 loops=1)
              ->  Sort  (cost=192.21..195.19 rows=1191 width=108) (actual time=268.254..268.260 rows=134 loops=1)
                    Sort Key: results_rollup.lochierarchy, (CASE WHEN (results_rollup.g_class = 0) THEN results_rollup.i_category ELSE NULL::bpchar END), results_rollup.total_sum DESC
                    Sort Method: quicksort  Memory: 49kB
                    ->  Subquery Scan on results_rollup  (cost=104.56..131.36 rows=1191 width=108) (actual time=268.112..268.151 rows=134 loops=1)
                          ->  HashAggregate  (cost=104.56..116.47 rows=1191 width=84) (actual time=268.110..268.136 rows=134 loops=1)
                                Group Key: results.total_sum, results.i_category, results.i_class, results.g_category, results.g_class, (0)
                                Batches: 1  Memory Usage: 97kB
                                ->  Append  (cost=0.00..86.70 rows=1191 width=84) (actual time=249.613..268.039 rows=134 loops=1)
                                      ->  CTE Scan on results  (cost=0.00..19.80 rows=990 width=428) (actual time=249.613..267.962 rows=122 loops=1)
                                      ->  HashAggregate  (cost=24.75..26.75 rows=200 width=256) (actual time=0.045..0.048 rows=11 loops=1)
                                            Group Key: results_1.i_category
                                            Batches: 1  Memory Usage: 40kB
                                            ->  CTE Scan on results results_1  (cost=0.00..19.80 rows=990 width=212) (actual time=0.000..0.009 rows=122 loops=1)
                                      ->  Aggregate  (cost=22.28..22.29 rows=1 width=84) (actual time=0.018..0.018 rows=1 loops=1)
                                            ->  CTE Scan on results results_2  (cost=0.00..19.80 rows=990 width=8) (actual time=0.000..0.008 rows=122 loops=1)
     total_sum      |                     i_category                     |                      i_class                       | lochierarchy | rank_within_parent 
--------------------+----------------------------------------------------+----------------------------------------------------+--------------+--------------------
  321440588.3399999 |                                                    |                                                    |            2 |                  1
 33108183.469999995 | Books                                              |                                                    |            1 |                  1
 32849413.209999993 | Shoes                                              |                                                    |            1 |                  2
 32793245.200000003 | Jewelry                                            |                                                    |            1 |                  3
 32581006.149999987 | Women                                              |                                                    |            1 |                  4
 32264877.079999994 | Children                                           |                                                    |            1 |                  5
 31950303.080000002 | Electronics                                        |                                                    |            1 |                  6
        31724263.96 | Men                                                |                                                    |            1 |                  7
 31304051.439999998 | Sports                                             |                                                    |            1 |                  8
        31218381.64 | Home                                               |                                                    |            1 |                  9
        30802634.56 | Music                                              |                                                    |            1 |                 10
  844228.5499999999 |                                                    |                                                    |            1 |                 11
         2616218.98 | Books                                              | arts                                               |            0 |                  1
         2401863.63 | Books                                              | history                                            |            0 |                  2
  2228877.540000001 | Books                                              | fiction                                            |            0 |                  3
          2216600.8 | Books                                              | entertainments                                     |            0 |                  4
 2150959.8300000005 | Books                                              | computers                                          |            0 |                  5
  2119553.639999999 | Books                                              | sports                                             |            0 |                  6
  2109285.619999999 | Books                                              | mystery                                            |            0 |                  7
 2083918.9899999998 | Books                                              | reference                                          |            0 |                  8
 2062250.4500000004 | Books                                              | home repair                                        |            0 |                  9
         2060121.84 | Books                                              | travel                                             |            0 |                 10
  1933742.709999999 | Books                                              | self-help                                          |            0 |                 11
 1904783.1400000001 | Books                                              | parenting                                          |            0 |                 12
 1897337.4300000002 | Books                                              | romance                                            |            0 |                 13
 1831113.5299999998 | Books                                              | cooking                                            |            0 |                 14
 1827021.3099999996 | Books                                              | science                                            |            0 |                 15
 1664534.0300000003 | Books                                              | business                                           |            0 |                 16
  8719284.650000004 | Children                                           | toddlers                                           |            0 |                  1
  8243348.839999996 | Children                                           | infants                                            |            0 |                  2
         7828543.13 | Children                                           | newborn                                            |            0 |                  3
  7440295.939999999 | Children                                           | school-uniforms                                    |            0 |                  4
 33404.520000000004 | Children                                           |                                                    |            0 |                  5
 2317759.6500000004 | Electronics                                        | cameras                                            |            0 |                  1
  2301945.820000001 | Electronics                                        | disk drives                                        |            0 |                  2
          2238086.1 | Electronics                                        | memory                                             |            0 |                  3
         2204449.77 | Electronics                                        | personal                                           |            0 |                  4
 2152577.8099999987 | Electronics                                        | scanners                                           |            0 |                  5
 2122435.5299999993 | Electronics                                        | dvd/vcr players                                    |            0 |                  6
         2119483.27 | Electronics                                        | wireless                                           |            0 |                  7
 2092250.0799999996 | Electronics                                        | monitors                                           |            0 |                  8
         2069160.85 | Electronics                                        | karoke                                             |            0 |                  9
 2067236.0399999996 | Electronics                                        | automotive                                         |            0 |                 10
 1964999.9000000006 | Electronics                                        | audio                                              |            0 |                 11
 1887199.5699999994 | Electronics                                        | portable                                           |            0 |                 12
 1855032.0899999999 | Electronics                                        | stereo                                             |            0 |                 13
         1848059.12 | Electronics                                        | musical                                            |            0 |                 14
 1380626.2400000002 | Electronics                                        | televisions                                        |            0 |                 15
 1329001.2399999998 | Electronics                                        | camcorders                                         |            0 |                 16
 2415228.7099999995 | Home                                               | wallpaper                                          |            0 |                  1
 2387887.1499999994 | Home                                               | accent                                             |            0 |                  2
         2349837.66 | Home                                               | rugs                                               |            0 |                  3
 2159663.7099999995 | Home                                               | lighting                                           |            0 |                  4
 2072453.8599999985 | Home                                               | bedding                                            |            0 |                  5
         2068377.92 | Home                                               | decor                                              |            0 |                  6
 2038495.8499999996 | Home                                               | blinds/shades                                      |            0 |                  7
 1841558.6799999997 | Home                                               | paint                                              |            0 |                  8
 1822074.4300000004 | Home                                               | kids                                               |            0 |                  9
 1796925.7500000005 | Home                                               | mattresses                                         |            0 |                 10
 1776514.9100000006 | Home                                               | tables                                             |            0 |                 11
 1724547.1899999995 | Home                                               | glassware                                          |            0 |                 12
 1720002.2800000003 | Home                                               | furniture                                          |            0 |                 13
 1697343.9100000004 | Home                                               | flatware                                           |            0 |                 14
 1623791.6300000008 | Home                                               | bathroom                                           |            0 |                 15
 1595261.1099999999 | Home                                               | curtains/drapes                                    |            0 |                 16
 128416.88999999998 | Home                                               |                                                    |            0 |                 17
 2438659.9099999997 | Jewelry                                            | birdal                                             |            0 |                  1
 2385178.9300000006 | Jewelry                                            | loose stones                                       |            0 |                  2
         2326093.21 | Jewelry                                            | mens watch                                         |            0 |                  3
 2291269.7699999996 | Jewelry                                            | semi-precious                                      |            0 |                  4
 2272629.3200000008 | Jewelry                                            | womens watch                                       |            0 |                  5
 2187605.3899999987 | Jewelry                                            | diamonds                                           |            0 |                  6
 2091018.4099999997 | Jewelry                                            | pendants                                           |            0 |                  7
 2003519.6099999999 | Jewelry                                            | consignment                                        |            0 |                  8
 1917474.9300000006 | Jewelry                                            | gold                                               |            0 |                  9
 1899677.7099999995 | Jewelry                                            | costume                                            |            0 |                 10
 1887949.5300000007 | Jewelry                                            | bracelets                                          |            0 |                 11
 1873182.9800000004 | Jewelry                                            | custom                                             |            0 |                 12
 1848521.6900000004 | Jewelry                                            | rings                                              |            0 |                 13
         1820003.94 | Jewelry                                            | estate                                             |            0 |                 14
         1751157.42 | Jewelry                                            | jewelry boxes                                      |            0 |                 15
 1750048.8299999996 | Jewelry                                            | earings                                            |            0 |                 16
           49253.62 | Jewelry                                            |                                                    |            0 |                 17
  8141493.650000003 | Men                                                | shirts                                             |            0 |                  1
  7874050.490000002 | Men                                                | pants                                              |            0 |                  2
  7841736.629999999 | Men                                                | accessories                                        |            0 |                  3
         7806323.06 | Men                                                | sports-apparel                                     |            0 |                  4
           60660.13 | Men                                                |                                                    |            0 |                  5
            8307569 | Music                                              | pop                                                |            0 |                  1
 7631431.3500000015 | Music                                              | rock                                               |            0 |                  2
  7486534.520000001 | Music                                              | country                                            |            0 |                  3
  7312690.749999995 | Music                                              | classical                                          |            0 |                  4
           64408.94 | Music                                              |                                                    |            0 |                  5
  8488723.259999998 | Shoes                                              | kids                                               |            0 |                  1
   8432123.37999999 | Shoes                                              | mens                                               |            0 |                  2
  8261248.860000001 | Shoes                                              | womens                                             |            0 |                  3
  7642467.540000001 | Shoes                                              | athletic                                           |            0 |                  4
           24850.17 | Shoes                                              |                                                    |            0 |                  5
 2627064.6900000004 | Sports                                             | outdoor                                            |            0 |                  1
  2301506.439999999 | Sports                                             | tennis                                             |            0 |                  2
(100 rows)

UPDATE time_statistics SET e_time = TRANSACTION_TIMESTAMP() WHERE template = '../query_postgresql/query86.tpl' AND stream = 6;
psql:/tmp/s1-basline/throughput/query_6.sql:2256: NOTICE:  duration: 0.087 ms  plan:
Query Text: UPDATE time_statistics SET e_time = TRANSACTION_TIMESTAMP() WHERE template = '../query_postgresql/query86.tpl' AND stream = 6;
Update on time_statistics  (cost=0.00..15.87 rows=0 width=0) (actual time=0.086..0.087 rows=0 loops=1)
  ->  Seq Scan on time_statistics  (cost=0.00..15.87 rows=1 width=14) (actual time=0.069..0.072 rows=1 loops=1)
        Filter: ((template = '../query_postgresql/query86.tpl'::text) AND (stream = 6))
        Rows Removed by Filter: 532
UPDATE 1
LOAD 'auto_explain'; SET auto_explain.log_min_duration TO 0; SET auto_explain.log_analyze TO on; SET auto_explain.log_level TO notice; INSERT INTO time_statistics (template, s_time, stream, query, seed) VALUES ('query99.tpl', TRANSACTION_TIMESTAMP(), 6, 44, 2086429364);
LOAD
SET
SET
SET
psql:/tmp/s1-basline/throughput/query_6.sql:2257: NOTICE:  duration: 0.009 ms  plan:
Query Text: INSERT INTO time_statistics (template, s_time, stream, query, seed) VALUES ('query99.tpl', TRANSACTION_TIMESTAMP(), 6, 44, 2086429364);
Insert on time_statistics  (cost=0.00..0.01 rows=0 width=0) (actual time=0.008..0.008 rows=0 loops=1)
  ->  Result  (cost=0.00..0.01 rows=1 width=64) (actual time=0.001..0.001 rows=1 loops=1)
INSERT 0 1
select  
   substr(w_warehouse_name,1,20)
  ,sm_type
  ,cc_name
  ,sum(case when (cs_ship_date_sk - cs_sold_date_sk <= 30 ) then 1 else 0 end)  as "30 days" 
  ,sum(case when (cs_ship_date_sk - cs_sold_date_sk > 30) and 
                 (cs_ship_date_sk - cs_sold_date_sk <= 60) then 1 else 0 end )  as "31-60 days" 
  ,sum(case when (cs_ship_date_sk - cs_sold_date_sk > 60) and 
                 (cs_ship_date_sk - cs_sold_date_sk <= 90) then 1 else 0 end)  as "61-90 days" 
  ,sum(case when (cs_ship_date_sk - cs_sold_date_sk > 90) and
                 (cs_ship_date_sk - cs_sold_date_sk <= 120) then 1 else 0 end)  as "91-120 days" 
  ,sum(case when (cs_ship_date_sk - cs_sold_date_sk  > 120) then 1 else 0 end)  as ">120 days" 
from
   catalog_sales
  ,warehouse
  ,ship_mode
  ,call_center
  ,date_dim
where
    d_month_seq between 1181 and 1181 + 11
and cs_ship_date_sk   = d_date_sk
and cs_warehouse_sk   = w_warehouse_sk
and cs_ship_mode_sk   = sm_ship_mode_sk
and cs_call_center_sk = cc_call_center_sk
group by
   substr(w_warehouse_name,1,20)
  ,sm_type
  ,cc_name
order by substr(w_warehouse_name,1,20)
        ,sm_type
        ,cc_name
limit 100;
psql:/tmp/s1-basline/throughput/query_6.sql:2289: NOTICE:  duration: 396.935 ms  plan:
Query Text: select  
   substr(w_warehouse_name,1,20)
  ,sm_type
  ,cc_name
  ,sum(case when (cs_ship_date_sk - cs_sold_date_sk <= 30 ) then 1 else 0 end)  as "30 days" 
  ,sum(case when (cs_ship_date_sk - cs_sold_date_sk > 30) and 
                 (cs_ship_date_sk - cs_sold_date_sk <= 60) then 1 else 0 end )  as "31-60 days" 
  ,sum(case when (cs_ship_date_sk - cs_sold_date_sk > 60) and 
                 (cs_ship_date_sk - cs_sold_date_sk <= 90) then 1 else 0 end)  as "61-90 days" 
  ,sum(case when (cs_ship_date_sk - cs_sold_date_sk > 90) and
                 (cs_ship_date_sk - cs_sold_date_sk <= 120) then 1 else 0 end)  as "91-120 days" 
  ,sum(case when (cs_ship_date_sk - cs_sold_date_sk  > 120) then 1 else 0 end)  as ">120 days" 
from
   catalog_sales
  ,warehouse
  ,ship_mode
  ,call_center
  ,date_dim
where
    d_month_seq between 1181 and 1181 + 11
and cs_ship_date_sk   = d_date_sk
and cs_warehouse_sk   = w_warehouse_sk
and cs_ship_mode_sk   = sm_ship_mode_sk
and cs_call_center_sk = cc_call_center_sk
group by
   substr(w_warehouse_name,1,20)
  ,sm_type
  ,cc_name
order by substr(w_warehouse_name,1,20)
        ,sm_type
        ,cc_name
limit 100;
Limit  (cost=64800.93..65017.12 rows=90 width=115) (actual time=335.132..396.853 rows=90 loops=1)
  ->  Finalize GroupAggregate  (cost=64800.93..65017.12 rows=90 width=115) (actual time=335.131..396.843 rows=90 loops=1)
        Group Key: (substr((warehouse.w_warehouse_name)::text, 1, 20)), ship_mode.sm_type, call_center.cc_name
        ->  Gather Merge  (cost=64800.93..65012.40 rows=180 width=115) (actual time=334.459..396.727 rows=270 loops=1)
              Workers Planned: 2
              Workers Launched: 2
              ->  Partial GroupAggregate  (cost=63800.91..63991.60 rows=90 width=115) (actual time=301.573..340.421 rows=90 loops=3)
                    Group Key: (substr((warehouse.w_warehouse_name)::text, 1, 20)), ship_mode.sm_type, call_center.cc_name
                    ->  Sort  (cost=63800.91..63808.49 rows=3033 width=91) (actual time=301.025..305.566 rows=93864 loops=3)
                          Sort Key: (substr((warehouse.w_warehouse_name)::text, 1, 20)), ship_mode.sm_type, call_center.cc_name
                          Sort Method: quicksort  Memory: 15644kB
                          Worker 0:  Sort Method: quicksort  Memory: 12390kB
                          Worker 1:  Sort Method: quicksort  Memory: 12463kB
                          ->  Hash Join  (cost=2509.13..63625.50 rows=3033 width=91) (actual time=14.241..220.948 rows=93864 loops=3)
                                Hash Cond: (catalog_sales.cs_warehouse_sk = warehouse.w_warehouse_sk)
                                ->  Hash Join  (cost=2508.02..63602.05 rows=3049 width=67) (actual time=13.411..195.306 rows=93926 loops=3)
                                      Hash Cond: (catalog_sales.cs_call_center_sk = call_center.cc_call_center_sk)
                                      ->  Hash Join  (cost=2506.88..63587.22 rows=3065 width=63) (actual time=13.372..181.580 rows=94052 loops=3)
                                            Hash Cond: (catalog_sales.cs_ship_mode_sk = ship_mode.sm_ship_mode_sk)
                                            ->  Hash Join  (cost=2505.43..63575.98 rows=3082 width=40) (actual time=13.335..166.129 rows=94297 loops=3)
                                                  Hash Cond: (catalog_sales.cs_ship_date_sk = date_dim.d_date_sk)
                                                  ->  Parallel Seq Scan on catalog_sales  (cost=0.00..59490.16 rows=602016 width=40) (actual time=0.015..81.796 rows=473789 loops=3)
                                                  ->  Hash  (cost=2500.73..2500.73 rows=376 width=8) (actual time=12.826..12.827 rows=365 loops=3)
                                                        Buckets: 1024  Batches: 1  Memory Usage: 23kB
                                                        ->  Seq Scan on date_dim  (cost=0.00..2500.73 rows=376 width=8) (actual time=5.964..12.776 rows=365 loops=3)
                                                              Filter: ((d_month_seq >= 1181) AND (d_month_seq <= 1192))
                                                              Rows Removed by Filter: 72684
                                            ->  Hash  (cost=1.20..1.20 rows=20 width=39) (actual time=0.023..0.024 rows=20 loops=3)
                                                  Buckets: 1024  Batches: 1  Memory Usage: 10kB
                                                  ->  Seq Scan on ship_mode  (cost=0.00..1.20 rows=20 width=39) (actual time=0.018..0.020 rows=20 loops=3)
                                      ->  Hash  (cost=1.06..1.06 rows=6 width=20) (actual time=0.027..0.027 rows=6 loops=3)
                                            Buckets: 1024  Batches: 1  Memory Usage: 9kB
                                            ->  Seq Scan on call_center  (cost=0.00..1.06 rows=6 width=20) (actual time=0.022..0.023 rows=6 loops=3)
                                ->  Hash  (cost=1.05..1.05 rows=5 width=22) (actual time=0.030..0.030 rows=5 loops=3)
                                      Buckets: 1024  Batches: 1  Memory Usage: 9kB
                                      ->  Seq Scan on warehouse  (cost=0.00..1.05 rows=5 width=22) (actual time=0.025..0.026 rows=5 loops=3)
       substr        |            sm_type             |    cc_name    | 30 days | 31-60 days | 61-90 days | 91-120 days | >120 days 
---------------------+--------------------------------+---------------+---------+------------+------------+-------------+-----------
 Neither dea         | EXPRESS                        | Mid Atlantic  |    1293 |       1318 |       1216 |           0 |         0
 Neither dea         | EXPRESS                        | North Midwest |    1273 |       1263 |       1280 |           0 |         0
 Neither dea         | EXPRESS                        | NY Metro      |    1248 |       1241 |       1258 |           0 |         0
 Neither dea         | LIBRARY                        | Mid Atlantic  |     962 |        969 |        970 |           0 |         0
 Neither dea         | LIBRARY                        | North Midwest |     891 |        950 |        923 |           0 |         0
 Neither dea         | LIBRARY                        | NY Metro      |     948 |        916 |        947 |           0 |         0
 Neither dea         | NEXT DAY                       | Mid Atlantic  |    1183 |       1259 |       1255 |           0 |         0
 Neither dea         | NEXT DAY                       | North Midwest |    1173 |       1271 |       1257 |           0 |         0
 Neither dea         | NEXT DAY                       | NY Metro      |    1169 |       1244 |       1302 |           0 |         0
 Neither dea         | OVERNIGHT                      | Mid Atlantic  |     897 |        913 |        979 |           0 |         0
 Neither dea         | OVERNIGHT                      | North Midwest |     922 |        995 |        961 |           0 |         0
 Neither dea         | OVERNIGHT                      | NY Metro      |     852 |        937 |        951 |           0 |         0
 Neither dea         | REGULAR                        | Mid Atlantic  |     923 |       1007 |        956 |           0 |         0
 Neither dea         | REGULAR                        | North Midwest |     901 |        957 |        990 |           0 |         0
 Neither dea         | REGULAR                        | NY Metro      |     919 |       1005 |        963 |           0 |         0
 Neither dea         | TWO DAY                        | Mid Atlantic  |     929 |        985 |        935 |           0 |         0
 Neither dea         | TWO DAY                        | North Midwest |     913 |        968 |        953 |           0 |         0
 Neither dea         | TWO DAY                        | NY Metro      |     852 |        979 |        943 |           0 |         0
 Parties use         | EXPRESS                        | Mid Atlantic  |    1211 |       1230 |       1263 |           0 |         0
 Parties use         | EXPRESS                        | North Midwest |    1240 |       1223 |       1216 |           0 |         0
 Parties use         | EXPRESS                        | NY Metro      |    1144 |       1257 |       1270 |           0 |         0
 Parties use         | LIBRARY                        | Mid Atlantic  |     969 |        950 |        966 |           0 |         0
 Parties use         | LIBRARY                        | North Midwest |     882 |        971 |        903 |           0 |         0
 Parties use         | LIBRARY                        | NY Metro      |     918 |        932 |        901 |           0 |         0
 Parties use         | NEXT DAY                       | Mid Atlantic  |    1246 |       1237 |       1284 |           0 |         0
 Parties use         | NEXT DAY                       | North Midwest |    1189 |       1253 |       1256 |           0 |         0
 Parties use         | NEXT DAY                       | NY Metro      |    1184 |       1229 |       1269 |           0 |         0
 Parties use         | OVERNIGHT                      | Mid Atlantic  |     894 |        938 |       1002 |           0 |         0
 Parties use         | OVERNIGHT                      | North Midwest |     894 |        971 |        926 |           0 |         0
 Parties use         | OVERNIGHT                      | NY Metro      |     938 |        890 |        940 |           0 |         0
 Parties use         | REGULAR                        | Mid Atlantic  |     968 |       1007 |        937 |           0 |         0
 Parties use         | REGULAR                        | North Midwest |     907 |        980 |        938 |           0 |         0
 Parties use         | REGULAR                        | NY Metro      |     941 |        960 |        947 |           0 |         0
 Parties use         | TWO DAY                        | Mid Atlantic  |     960 |        953 |        969 |           0 |         0
 Parties use         | TWO DAY                        | North Midwest |     916 |        971 |        921 |           0 |         0
 Parties use         | TWO DAY                        | NY Metro      |     912 |        940 |        964 |           0 |         0
 Persons make more e | EXPRESS                        | Mid Atlantic  |    1270 |       1255 |       1211 |           0 |         0
 Persons make more e | EXPRESS                        | North Midwest |    1226 |       1260 |       1230 |           0 |         0
 Persons make more e | EXPRESS                        | NY Metro      |    1201 |       1249 |       1300 |           0 |         0
 Persons make more e | LIBRARY                        | Mid Atlantic  |     937 |        983 |        939 |           0 |         0
 Persons make more e | LIBRARY                        | North Midwest |     977 |        981 |        957 |           0 |         0
 Persons make more e | LIBRARY                        | NY Metro      |     929 |        910 |        972 |           0 |         0
 Persons make more e | NEXT DAY                       | Mid Atlantic  |    1153 |       1322 |       1265 |           0 |         0
 Persons make more e | NEXT DAY                       | North Midwest |    1244 |       1300 |       1262 |           0 |         0
 Persons make more e | NEXT DAY                       | NY Metro      |    1220 |       1180 |       1235 |           0 |         0
 Persons make more e | OVERNIGHT                      | Mid Atlantic  |     953 |        958 |        917 |           0 |         0
 Persons make more e | OVERNIGHT                      | North Midwest |     867 |        929 |        858 |           0 |         0
 Persons make more e | OVERNIGHT                      | NY Metro      |     918 |        932 |        940 |           0 |         0
 Persons make more e | REGULAR                        | Mid Atlantic  |     961 |        928 |        982 |           0 |         0
 Persons make more e | REGULAR                        | North Midwest |     907 |       1026 |        943 |           0 |         0
 Persons make more e | REGULAR                        | NY Metro      |     865 |        968 |        966 |           0 |         0
 Persons make more e | TWO DAY                        | Mid Atlantic  |     914 |        945 |       1021 |           0 |         0
 Persons make more e | TWO DAY                        | North Midwest |     879 |        940 |        945 |           0 |         0
 Persons make more e | TWO DAY                        | NY Metro      |     902 |        934 |        946 |           0 |         0
 Single, simple r    | EXPRESS                        | Mid Atlantic  |    1207 |       1296 |       1266 |           0 |         0
 Single, simple r    | EXPRESS                        | North Midwest |    1230 |       1273 |       1274 |           0 |         0
 Single, simple r    | EXPRESS                        | NY Metro      |    1175 |       1208 |       1342 |           0 |         0
 Single, simple r    | LIBRARY                        | Mid Atlantic  |     914 |        969 |        983 |           0 |         0
 Single, simple r    | LIBRARY                        | North Midwest |     918 |        972 |        936 |           0 |         0
 Single, simple r    | LIBRARY                        | NY Metro      |     922 |        924 |        954 |           0 |         0
 Single, simple r    | NEXT DAY                       | Mid Atlantic  |    1229 |       1259 |       1176 |           0 |         0
 Single, simple r    | NEXT DAY                       | North Midwest |    1252 |       1326 |       1247 |           0 |         0
 Single, simple r    | NEXT DAY                       | NY Metro      |    1187 |       1319 |       1249 |           0 |         0
 Single, simple r    | OVERNIGHT                      | Mid Atlantic  |     936 |        938 |        909 |           0 |         0
 Single, simple r    | OVERNIGHT                      | North Midwest |     955 |        956 |        944 |           0 |         0
 Single, simple r    | OVERNIGHT                      | NY Metro      |     942 |        915 |        952 |           0 |         0
 Single, simple r    | REGULAR                        | Mid Atlantic  |     944 |       1002 |        935 |           0 |         0
 Single, simple r    | REGULAR                        | North Midwest |     994 |        987 |        956 |           0 |         0
 Single, simple r    | REGULAR                        | NY Metro      |     929 |        888 |        948 |           0 |         0
 Single, simple r    | TWO DAY                        | Mid Atlantic  |     929 |        975 |        883 |           0 |         0
 Single, simple r    | TWO DAY                        | North Midwest |     950 |        918 |        927 |           0 |         0
 Single, simple r    | TWO DAY                        | NY Metro      |     898 |        888 |        926 |           0 |         0
 Total, dea          | EXPRESS                        | Mid Atlantic  |    1219 |       1253 |       1304 |           0 |         0
 Total, dea          | EXPRESS                        | North Midwest |    1211 |       1289 |       1244 |           0 |         0
 Total, dea          | EXPRESS                        | NY Metro      |    1169 |       1300 |       1269 |           0 |         0
 Total, dea          | LIBRARY                        | Mid Atlantic  |     954 |        960 |        956 |           0 |         0
 Total, dea          | LIBRARY                        | North Midwest |     943 |        945 |        938 |           0 |         0
 Total, dea          | LIBRARY                        | NY Metro      |     853 |        945 |        900 |           0 |         0
 Total, dea          | NEXT DAY                       | Mid Atlantic  |    1228 |       1283 |       1259 |           0 |         0
 Total, dea          | NEXT DAY                       | North Midwest |    1202 |       1284 |       1265 |           0 |         0
 Total, dea          | NEXT DAY                       | NY Metro      |    1237 |       1188 |       1248 |           0 |         0
 Total, dea          | OVERNIGHT                      | Mid Atlantic  |     951 |        955 |        964 |           0 |         0
 Total, dea          | OVERNIGHT                      | North Midwest |     935 |        993 |        997 |           0 |         0
 Total, dea          | OVERNIGHT                      | NY Metro      |     933 |        927 |        925 |           0 |         0
 Total, dea          | REGULAR                        | Mid Atlantic  |     947 |        980 |        980 |           0 |         0
 Total, dea          | REGULAR                        | North Midwest |     911 |        979 |        982 |           0 |         0
 Total, dea          | REGULAR                        | NY Metro      |     880 |        917 |        924 |           0 |         0
 Total, dea          | TWO DAY                        | Mid Atlantic  |     925 |       1007 |        917 |           0 |         0
 Total, dea          | TWO DAY                        | North Midwest |     952 |        946 |        952 |           0 |         0
 Total, dea          | TWO DAY                        | NY Metro      |     939 |        909 |        955 |           0 |         0
(90 rows)

UPDATE time_statistics SET e_time = TRANSACTION_TIMESTAMP() WHERE template = 'query99.tpl' AND stream = 6;
psql:/tmp/s1-basline/throughput/query_6.sql:2291: NOTICE:  duration: 0.091 ms  plan:
Query Text: UPDATE time_statistics SET e_time = TRANSACTION_TIMESTAMP() WHERE template = 'query99.tpl' AND stream = 6;
Update on time_statistics  (cost=0.00..15.87 rows=0 width=0) (actual time=0.091..0.091 rows=0 loops=1)
  ->  Seq Scan on time_statistics  (cost=0.00..15.87 rows=1 width=14) (actual time=0.072..0.076 rows=1 loops=1)
        Filter: ((template = 'query99.tpl'::text) AND (stream = 6))
        Rows Removed by Filter: 533
UPDATE 1
LOAD 'auto_explain'; SET auto_explain.log_min_duration TO 0; SET auto_explain.log_analyze TO on; SET auto_explain.log_level TO notice; INSERT INTO time_statistics (template, s_time, stream, query, seed) VALUES ('query4.tpl', TRANSACTION_TIMESTAMP(), 6, 45, 1411998595);
LOAD
SET
SET
SET
psql:/tmp/s1-basline/throughput/query_6.sql:2292: NOTICE:  duration: 0.008 ms  plan:
Query Text: INSERT INTO time_statistics (template, s_time, stream, query, seed) VALUES ('query4.tpl', TRANSACTION_TIMESTAMP(), 6, 45, 1411998595);
Insert on time_statistics  (cost=0.00..0.01 rows=0 width=0) (actual time=0.008..0.008 rows=0 loops=1)
  ->  Result  (cost=0.00..0.01 rows=1 width=64) (actual time=0.002..0.002 rows=1 loops=1)
INSERT 0 1
with year_total as (
 select c_customer_id customer_id
       ,c_first_name customer_first_name
       ,c_last_name customer_last_name
       ,c_preferred_cust_flag customer_preferred_cust_flag
       ,c_birth_country customer_birth_country
       ,c_login customer_login
       ,c_email_address customer_email_address
       ,d_year dyear
       ,sum(((ss_ext_list_price-ss_ext_wholesale_cost-ss_ext_discount_amt)+ss_ext_sales_price)/2) year_total
       ,'s' sale_type
 from customer
     ,store_sales
     ,date_dim
 where c_customer_sk = ss_customer_sk
   and ss_sold_date_sk = d_date_sk
 group by c_customer_id
         ,c_first_name
         ,c_last_name
         ,c_preferred_cust_flag
         ,c_birth_country
         ,c_login
         ,c_email_address
         ,d_year
 union all
 select c_customer_id customer_id
       ,c_first_name customer_first_name
       ,c_last_name customer_last_name
       ,c_preferred_cust_flag customer_preferred_cust_flag
       ,c_birth_country customer_birth_country
       ,c_login customer_login
       ,c_email_address customer_email_address
       ,d_year dyear
       ,sum((((cs_ext_list_price-cs_ext_wholesale_cost-cs_ext_discount_amt)+cs_ext_sales_price)/2) ) year_total
       ,'c' sale_type
 from customer
     ,catalog_sales
     ,date_dim
 where c_customer_sk = cs_bill_customer_sk
   and cs_sold_date_sk = d_date_sk
 group by c_customer_id
         ,c_first_name
         ,c_last_name
         ,c_preferred_cust_flag
         ,c_birth_country
         ,c_login
         ,c_email_address
         ,d_year
union all
 select c_customer_id customer_id
       ,c_first_name customer_first_name
       ,c_last_name customer_last_name
       ,c_preferred_cust_flag customer_preferred_cust_flag
       ,c_birth_country customer_birth_country
       ,c_login customer_login
       ,c_email_address customer_email_address
       ,d_year dyear
       ,sum((((ws_ext_list_price-ws_ext_wholesale_cost-ws_ext_discount_amt)+ws_ext_sales_price)/2) ) year_total
       ,'w' sale_type
 from customer
     ,web_sales
     ,date_dim
 where c_customer_sk = ws_bill_customer_sk
   and ws_sold_date_sk = d_date_sk
 group by c_customer_id
         ,c_first_name
         ,c_last_name
         ,c_preferred_cust_flag
         ,c_birth_country
         ,c_login
         ,c_email_address
         ,d_year
         )
  select  
                  t_s_secyear.customer_id
                 ,t_s_secyear.customer_first_name
                 ,t_s_secyear.customer_last_name
                 ,t_s_secyear.customer_birth_country
 from year_total t_s_firstyear
     ,year_total t_s_secyear
     ,year_total t_c_firstyear
     ,year_total t_c_secyear
     ,year_total t_w_firstyear
     ,year_total t_w_secyear
 where t_s_secyear.customer_id = t_s_firstyear.customer_id
   and t_s_firstyear.customer_id = t_c_secyear.customer_id
   and t_s_firstyear.customer_id = t_c_firstyear.customer_id
   and t_s_firstyear.customer_id = t_w_firstyear.customer_id
   and t_s_firstyear.customer_id = t_w_secyear.customer_id
   and t_s_firstyear.sale_type = 's'
   and t_c_firstyear.sale_type = 'c'
   and t_w_firstyear.sale_type = 'w'
   and t_s_secyear.sale_type = 's'
   and t_c_secyear.sale_type = 'c'
   and t_w_secyear.sale_type = 'w'
   and t_s_firstyear.dyear =  2001
   and t_s_secyear.dyear = 2001+1
   and t_c_firstyear.dyear =  2001
   and t_c_secyear.dyear =  2001+1
   and t_w_firstyear.dyear = 2001
   and t_w_secyear.dyear = 2001+1
   and t_s_firstyear.year_total > 0
   and t_c_firstyear.year_total > 0
   and t_w_firstyear.year_total > 0
   and case when t_c_firstyear.year_total > 0 then t_c_secyear.year_total / t_c_firstyear.year_total else null end
           > case when t_s_firstyear.year_total > 0 then t_s_secyear.year_total / t_s_firstyear.year_total else null end
   and case when t_c_firstyear.year_total > 0 then t_c_secyear.year_total / t_c_firstyear.year_total else null end
           > case when t_w_firstyear.year_total > 0 then t_w_secyear.year_total / t_w_firstyear.year_total else null end
 order by t_s_secyear.customer_id
         ,t_s_secyear.customer_first_name
         ,t_s_secyear.customer_last_name
         ,t_s_secyear.customer_birth_country
limit 100;
psql:/tmp/s1-basline/throughput/query_6.sql:2405: NOTICE:  duration: 3626877.685 ms  plan:
Query Text: with year_total as (
 select c_customer_id customer_id
       ,c_first_name customer_first_name
       ,c_last_name customer_last_name
       ,c_preferred_cust_flag customer_preferred_cust_flag
       ,c_birth_country customer_birth_country
       ,c_login customer_login
       ,c_email_address customer_email_address
       ,d_year dyear
       ,sum(((ss_ext_list_price-ss_ext_wholesale_cost-ss_ext_discount_amt)+ss_ext_sales_price)/2) year_total
       ,'s' sale_type
 from customer
     ,store_sales
     ,date_dim
 where c_customer_sk = ss_customer_sk
   and ss_sold_date_sk = d_date_sk
 group by c_customer_id
         ,c_first_name
         ,c_last_name
         ,c_preferred_cust_flag
         ,c_birth_country
         ,c_login
         ,c_email_address
         ,d_year
 union all
 select c_customer_id customer_id
       ,c_first_name customer_first_name
       ,c_last_name customer_last_name
       ,c_preferred_cust_flag customer_preferred_cust_flag
       ,c_birth_country customer_birth_country
       ,c_login customer_login
       ,c_email_address customer_email_address
       ,d_year dyear
       ,sum((((cs_ext_list_price-cs_ext_wholesale_cost-cs_ext_discount_amt)+cs_ext_sales_price)/2) ) year_total
       ,'c' sale_type
 from customer
     ,catalog_sales
     ,date_dim
 where c_customer_sk = cs_bill_customer_sk
   and cs_sold_date_sk = d_date_sk
 group by c_customer_id
         ,c_first_name
         ,c_last_name
         ,c_preferred_cust_flag
         ,c_birth_country
         ,c_login
         ,c_email_address
         ,d_year
union all
 select c_customer_id customer_id
       ,c_first_name customer_first_name
       ,c_last_name customer_last_name
       ,c_preferred_cust_flag customer_preferred_cust_flag
       ,c_birth_country customer_birth_country
       ,c_login customer_login
       ,c_email_address customer_email_address
       ,d_year dyear
       ,sum((((ws_ext_list_price-ws_ext_wholesale_cost-ws_ext_discount_amt)+ws_ext_sales_price)/2) ) year_total
       ,'w' sale_type
 from customer
     ,web_sales
     ,date_dim
 where c_customer_sk = ws_bill_customer_sk
   and ws_sold_date_sk = d_date_sk
 group by c_customer_id
         ,c_first_name
         ,c_last_name
         ,c_preferred_cust_flag
         ,c_birth_country
         ,c_login
         ,c_email_address
         ,d_year
         )
  select  
                  t_s_secyear.customer_id
                 ,t_s_secyear.customer_first_name
                 ,t_s_secyear.customer_last_name
                 ,t_s_secyear.customer_birth_country
 from year_total t_s_firstyear
     ,year_total t_s_secyear
     ,year_total t_c_firstyear
     ,year_total t_c_secyear
     ,year_total t_w_firstyear
     ,year_total t_w_secyear
 where t_s_secyear.customer_id = t_s_firstyear.customer_id
   and t_s_firstyear.customer_id = t_c_secyear.customer_id
   and t_s_firstyear.customer_id = t_c_firstyear.customer_id
   and t_s_firstyear.customer_id = t_w_firstyear.customer_id
   and t_s_firstyear.customer_id = t_w_secyear.customer_id
   and t_s_firstyear.sale_type = 's'
   and t_c_firstyear.sale_type = 'c'
   and t_w_firstyear.sale_type = 'w'
   and t_s_secyear.sale_type = 's'
   and t_c_secyear.sale_type = 'c'
   and t_w_secyear.sale_type = 'w'
   and t_s_firstyear.dyear =  2001
   and t_s_secyear.dyear = 2001+1
   and t_c_firstyear.dyear =  2001
   and t_c_secyear.dyear =  2001+1
   and t_w_firstyear.dyear = 2001
   and t_w_secyear.dyear = 2001+1
   and t_s_firstyear.year_total > 0
   and t_c_firstyear.year_total > 0
   and t_w_firstyear.year_total > 0
   and case when t_c_firstyear.year_total > 0 then t_c_secyear.year_total / t_c_firstyear.year_total else null end
           > case when t_s_firstyear.year_total > 0 then t_s_secyear.year_total / t_s_firstyear.year_total else null end
   and case when t_c_firstyear.year_total > 0 then t_c_secyear.year_total / t_c_firstyear.year_total else null end
           > case when t_w_firstyear.year_total > 0 then t_w_secyear.year_total / t_w_firstyear.year_total else null end
 order by t_s_secyear.customer_id
         ,t_s_secyear.customer_first_name
         ,t_s_secyear.customer_last_name
         ,t_s_secyear.customer_birth_country
limit 100;
Limit  (cost=1895627.55..1895627.55 rows=1 width=334) (actual time=3626877.472..3626877.672 rows=6 loops=1)
  CTE year_total
    ->  Gather  (cost=255096.20..1141618.50 rows=4787025 width=231) (actual time=1019.317..4575.511 rows=380239 loops=1)
          Workers Planned: 2
          Workers Launched: 2
          ->  Parallel Append  (cost=254096.20..661916.00 rows=1994593 width=231) (actual time=2348.018..2688.778 rows=126746 loops=3)
                ->  HashAggregate  (cost=439614.71..625582.20 rows=2636084 width=231) (actual time=3883.732..4581.970 rows=188832 loops=1)
                      Group Key: customer.c_customer_id, customer.c_first_name, customer.c_last_name, customer.c_preferred_cust_flag, customer.c_birth_country, customer.c_login, customer.c_email_address, date_dim.d_year
                      Planned Partitions: 64
                      Worker 1:  Batches: 65  Memory Usage: 33305kB  Disk Usage: 257200kB
                      ->  Hash Join  (cost=8459.60..125652.99 rows=2636084 width=223) (actual time=104.533..1901.078 rows=2651152 loops=1)
                            Hash Cond: (store_sales.ss_sold_date_sk = date_dim.d_date_sk)
                            ->  Hash Join  (cost=5411.00..115360.98 rows=2759238 width=227) (actual time=75.119..1413.037 rows=2716019 loops=1)
                                  Hash Cond: (store_sales.ss_customer_sk = customer.c_customer_sk)
                                  ->  Seq Scan on store_sales  (cost=0.00..102361.67 rows=2890667 width=48) (actual time=0.029..330.446 rows=2844450 loops=1)
                                  ->  Hash  (cost=4161.00..4161.00 rows=100000 width=195) (actual time=74.512..74.513 rows=100000 loops=1)
                                        Buckets: 131072  Batches: 1  Memory Usage: 17780kB
                                        ->  Seq Scan on customer  (cost=0.00..4161.00 rows=100000 width=195) (actual time=0.027..42.235 rows=100000 loops=1)
                            ->  Hash  (cost=2135.49..2135.49 rows=73049 width=12) (actual time=28.814..28.815 rows=73049 loops=1)
                                  Buckets: 131072  Batches: 1  Memory Usage: 4449kB
                                  ->  Seq Scan on date_dim  (cost=0.00..2135.49 rows=73049 width=12) (actual time=0.039..18.038 rows=73049 loops=1)
                ->  HashAggregate  (cost=254096.20..354883.27 rows=1428654 width=231) (actual time=2141.663..2392.199 rows=135507 loops=1)
                      Group Key: customer_1.c_customer_id, customer_1.c_first_name, customer_1.c_last_name, customer_1.c_preferred_cust_flag, customer_1.c_birth_country, customer_1.c_login, customer_1.c_email_address, date_dim_1.d_year
                      Planned Partitions: 32
                      Worker 0:  Batches: 33  Memory Usage: 33049kB  Disk Usage: 95312kB
                      ->  Hash Join  (cost=8459.60..83941.27 rows=1428654 width=223) (actual time=106.398..1111.296 rows=1410542 loops=1)
                            Hash Cond: (catalog_sales.cs_bill_customer_sk = customer_1.c_customer_sk)
                            ->  Hash Join  (cost=3048.60..74759.92 rows=1436266 width=44) (actual time=29.046..704.053 rows=1414159 loops=1)
                                  Hash Cond: (catalog_sales.cs_sold_date_sk = date_dim_1.d_date_sk)
                                  ->  Seq Scan on catalog_sales  (cost=0.00..67918.39 rows=1444839 width=48) (actual time=0.035..225.777 rows=1421368 loops=1)
                                  ->  Hash  (cost=2135.49..2135.49 rows=73049 width=12) (actual time=28.422..28.422 rows=73049 loops=1)
                                        Buckets: 131072  Batches: 1  Memory Usage: 4449kB
                                        ->  Seq Scan on date_dim date_dim_1  (cost=0.00..2135.49 rows=73049 width=12) (actual time=0.035..17.610 rows=73049 loops=1)
                            ->  Hash  (cost=4161.00..4161.00 rows=100000 width=195) (actual time=76.786..76.787 rows=100000 loops=1)
                                  Buckets: 131072  Batches: 1  Memory Usage: 17780kB
                                  ->  Seq Scan on customer customer_1  (cost=0.00..4161.00 rows=100000 width=195) (actual time=0.044..44.519 rows=100000 loops=1)
                ->  HashAggregate  (cost=132264.78..183219.87 rows=722287 width=231) (actual time=1018.658..1035.507 rows=55900 loops=1)
                      Group Key: customer_2.c_customer_id, customer_2.c_first_name, customer_2.c_last_name, customer_2.c_preferred_cust_flag, customer_2.c_birth_country, customer_2.c_login, customer_2.c_email_address, date_dim_2.d_year
                      Planned Partitions: 16  Batches: 1  Memory Usage: 19481kB
                      ->  Hash Join  (cost=8459.60..46239.27 rows=722287 width=223) (actual time=79.075..534.208 rows=711274 loops=1)
                            Hash Cond: (web_sales.ws_sold_date_sk = date_dim_2.d_date_sk)
                            ->  Hash Join  (cost=5411.00..41294.30 rows=722383 width=227) (actual time=59.669..392.180 rows=711350 loops=1)
                                  Hash Cond: (web_sales.ws_bill_customer_sk = customer_2.c_customer_sk)
                                  ->  Seq Scan on web_sales  (cost=0.00..33986.52 rows=722552 width=48) (actual time=0.004..63.082 rows=711555 loops=1)
                                  ->  Hash  (cost=4161.00..4161.00 rows=100000 width=195) (actual time=59.591..59.592 rows=100000 loops=1)
                                        Buckets: 131072  Batches: 1  Memory Usage: 17780kB
                                        ->  Seq Scan on customer customer_2  (cost=0.00..4161.00 rows=100000 width=195) (actual time=0.004..29.214 rows=100000 loops=1)
                            ->  Hash  (cost=2135.49..2135.49 rows=73049 width=12) (actual time=19.336..19.336 rows=73049 loops=1)
                                  Buckets: 131072  Batches: 1  Memory Usage: 4449kB
                                  ->  Seq Scan on date_dim date_dim_2  (cost=0.00..2135.49 rows=73049 width=12) (actual time=0.007..10.548 rows=73049 loops=1)
  ->  Sort  (cost=754009.05..754009.05 rows=1 width=334) (actual time=3626877.471..3626877.472 rows=6 loops=1)
        Sort Key: t_s_secyear.customer_id, t_s_secyear.customer_first_name, t_s_secyear.customer_last_name, t_s_secyear.customer_birth_country
        Sort Method: quicksort  Memory: 25kB
        ->  Nested Loop  (cost=0.00..754009.04 rows=1 width=334) (actual time=103312.062..3626877.445 rows=6 loops=1)
              Join Filter: ((t_s_secyear.customer_id = t_w_secyear.customer_id) AND (CASE WHEN (t_c_firstyear.year_total > '0'::double precision) THEN (t_c_secyear.year_total / t_c_firstyear.year_total) ELSE NULL::double precision END > CASE WHEN (t_w_firstyear.year_total > '0'::double precision) THEN (t_w_secyear.year_total / t_w_firstyear.year_total) ELSE NULL::double precision END))
              Rows Removed by Join Filter: 555244
              ->  Nested Loop  (cost=0.00..634330.41 rows=1 width=630) (actual time=103302.818..3623422.854 rows=50 loops=1)
                    Join Filter: ((t_s_secyear.customer_id = t_c_secyear.customer_id) AND (CASE WHEN (t_c_firstyear.year_total > '0'::double precision) THEN (t_c_secyear.year_total / t_c_firstyear.year_total) ELSE NULL::double precision END > CASE WHEN (t_s_firstyear.year_total > '0'::double precision) THEN (t_s_secyear.year_total / t_s_firstyear.year_total) ELSE NULL::double precision END))
                    Rows Removed by Join Filter: 10399166
                    ->  Nested Loop  (cost=0.00..514651.79 rows=1 width=570) (actual time=7389.787..3596050.700 rows=383 loops=1)
                          Join Filter: (t_s_firstyear.customer_id = t_s_secyear.customer_id)
                          Rows Removed by Join Filter: 39886217
                          ->  Nested Loop  (cost=0.00..394971.96 rows=2 width=228) (actual time=5536.615..3518256.108 rows=1058 loops=1)
                                Join Filter: (t_s_firstyear.customer_id = t_w_firstyear.customer_id)
                                Rows Removed by Join Filter: 106002994
                                ->  Nested Loop  (cost=0.00..263321.98 rows=8 width=152) (actual time=5098.321..2817376.925 rows=9702 loops=1)
                                      Join Filter: (t_s_firstyear.customer_id = t_c_firstyear.customer_id)
                                      Rows Removed by Join Filter: 972598326
                                      ->  CTE Scan on year_total t_s_firstyear  (cost=0.00..131643.19 rows=40 width=76) (actual time=3895.023..3999.024 rows=37644 loops=1)
                                            Filter: ((year_total > '0'::double precision) AND (sale_type = 's'::text) AND (dyear = 2001))
                                            Rows Removed by Filter: 342595
                                      ->  CTE Scan on year_total t_c_firstyear  (cost=0.00..131643.19 rows=40 width=76) (actual time=10.324..72.763 rows=25837 loops=37644)
                                            Filter: ((year_total > '0'::double precision) AND (sale_type = 'c'::text) AND (dyear = 2001))
                                            Rows Removed by Filter: 354402
                                ->  CTE Scan on year_total t_w_firstyear  (cost=0.00..131643.19 rows=40 width=76) (actual time=0.002..71.446 rows=10926 loops=9702)
                                      Filter: ((year_total > '0'::double precision) AND (sale_type = 'w'::text) AND (dyear = 2001))
                                      Rows Removed by Filter: 369313
                          ->  CTE Scan on year_total t_s_secyear  (cost=0.00..119675.62 rows=120 width=342) (actual time=33.859..70.840 rows=37700 loops=1058)
                                Filter: ((sale_type = 's'::text) AND (dyear = 2002))
                                Rows Removed by Filter: 342539
                    ->  CTE Scan on year_total t_c_secyear  (cost=0.00..119675.62 rows=120 width=76) (actual time=28.320..69.541 rows=27152 loops=383)
                          Filter: ((sale_type = 'c'::text) AND (dyear = 2002))
                          Rows Removed by Filter: 353087
              ->  CTE Scan on year_total t_w_secyear  (cost=0.00..119675.62 rows=120 width=76) (actual time=0.004..68.291 rows=11105 loops=50)
                    Filter: ((sale_type = 'w'::text) AND (dyear = 2002))
                    Rows Removed by Filter: 369134
   customer_id    | customer_first_name  |       customer_last_name       | customer_birth_country 
------------------+----------------------+--------------------------------+------------------------
 AAAAAAAAADCGAAAA | Alexander            | Eaton                          | SEYCHELLES
 AAAAAAAAAKIIAAAA |                      | Brooks                         | SYRIAN ARAB REPUBLIC
 AAAAAAAAGKBGBAAA | Ralph                | Garner                         | GUINEA
 AAAAAAAAHFOHBAAA | Eric                 | Major                          | SAMOA
 AAAAAAAAMKGHAAAA | Grace                | Hargrove                       | ISRAEL
 AAAAAAAAOPOEAAAA |                      | Medina                         | 
(6 rows)

UPDATE time_statistics SET e_time = TRANSACTION_TIMESTAMP() WHERE template = 'query4.tpl' AND stream = 6;
psql:/tmp/s1-basline/throughput/query_6.sql:2407: NOTICE:  duration: 0.143 ms  plan:
Query Text: UPDATE time_statistics SET e_time = TRANSACTION_TIMESTAMP() WHERE template = 'query4.tpl' AND stream = 6;
Update on time_statistics  (cost=0.00..20.59 rows=0 width=0) (actual time=0.142..0.143 rows=0 loops=1)
  ->  Seq Scan on time_statistics  (cost=0.00..20.59 rows=1 width=14) (actual time=0.077..0.101 rows=1 loops=1)
        Filter: ((template = 'query4.tpl'::text) AND (stream = 6))
        Rows Removed by Filter: 687
UPDATE 1
LOAD 'auto_explain'; SET auto_explain.log_min_duration TO 0; SET auto_explain.log_analyze TO on; SET auto_explain.log_level TO notice; INSERT INTO time_statistics (template, s_time, stream, query, seed) VALUES ('query45.tpl', TRANSACTION_TIMESTAMP(), 6, 46, 674114944);
LOAD
SET
SET
SET
psql:/tmp/s1-basline/throughput/query_6.sql:2408: NOTICE:  duration: 0.008 ms  plan:
Query Text: INSERT INTO time_statistics (template, s_time, stream, query, seed) VALUES ('query45.tpl', TRANSACTION_TIMESTAMP(), 6, 46, 674114944);
Insert on time_statistics  (cost=0.00..0.01 rows=0 width=0) (actual time=0.008..0.008 rows=0 loops=1)
  ->  Result  (cost=0.00..0.01 rows=1 width=64) (actual time=0.001..0.002 rows=1 loops=1)
INSERT 0 1
select  ca_zip, ca_county, sum(ws_sales_price)
 from web_sales, customer, customer_address, date_dim, item
 where ws_bill_customer_sk = c_customer_sk
 	and c_current_addr_sk = ca_address_sk 
 	and ws_item_sk = i_item_sk 
 	and ( substr(ca_zip,1,5) in ('85669', '86197','88274','83405','86475', '85392', '85460', '80348', '81792')
 	      or 
 	      i_item_id in (select i_item_id
                             from item
                             where i_item_sk in (2, 3, 5, 7, 11, 13, 17, 19, 23, 29)
                             )
 	    )
 	and ws_sold_date_sk = d_date_sk
 	and d_qoy = 2 and d_year = 1999
 group by ca_zip, ca_county
 order by ca_zip, ca_county
 limit 100;
psql:/tmp/s1-basline/throughput/query_6.sql:2425: NOTICE:  duration: 113.844 ms  plan:
Query Text: select  ca_zip, ca_county, sum(ws_sales_price)
 from web_sales, customer, customer_address, date_dim, item
 where ws_bill_customer_sk = c_customer_sk
 	and c_current_addr_sk = ca_address_sk 
 	and ws_item_sk = i_item_sk 
 	and ( substr(ca_zip,1,5) in ('85669', '86197','88274','83405','86475', '85392', '85460', '80348', '81792')
 	      or 
 	      i_item_id in (select i_item_id
                             from item
                             where i_item_sk in (2, 3, 5, 7, 11, 13, 17, 19, 23, 29)
                             )
 	    )
 	and ws_sold_date_sk = d_date_sk
 	and d_qoy = 2 and d_year = 1999
 group by ca_zip, ca_county
 order by ca_zip, ca_county
 limit 100;
Limit  (cost=28080.47..28082.47 rows=100 width=33) (actual time=113.814..113.828 rows=25 loops=1)
  ->  GroupAggregate  (cost=28080.47..28089.77 rows=465 width=33) (actual time=113.813..113.826 rows=25 loops=1)
        Group Key: customer_address.ca_zip, customer_address.ca_county
        ->  Sort  (cost=28080.47..28081.63 rows=465 width=33) (actual time=113.806..113.809 rows=25 loops=1)
              Sort Key: customer_address.ca_zip, customer_address.ca_county
              Sort Method: quicksort  Memory: 26kB
              ->  Nested Loop  (cost=16.50..28059.86 rows=465 width=33) (actual time=9.072..113.780 rows=25 loops=1)
                    Join Filter: ((substr((customer_address.ca_zip)::text, 1, 5) = ANY ('{85669,86197,88274,83405,86475,85392,85460,80348,81792}'::text[])) OR (hashed SubPlan 1))
                    Rows Removed by Join Filter: 20840
                    ->  Nested Loop  (cost=1.01..27751.42 rows=890 width=41) (actual time=4.550..74.348 rows=20865 loops=1)
                          ->  Nested Loop  (cost=0.72..27465.27 rows=890 width=24) (actual time=4.545..48.152 rows=20865 loops=1)
                                ->  Nested Loop  (cost=0.42..27184.75 rows=890 width=24) (actual time=4.539..20.682 rows=20871 loops=1)
                                      ->  Seq Scan on date_dim  (cost=0.00..2500.73 rows=90 width=8) (actual time=4.528..9.702 rows=91 loops=1)
                                            Filter: ((d_qoy = 2) AND (d_year = 1999))
                                            Rows Removed by Filter: 72958
                                      ->  Index Scan using i_ws_sold_date_sk on web_sales  (cost=0.42..270.30 rows=397 width=32) (actual time=0.003..0.075 rows=229 loops=91)
                                            Index Cond: (ws_sold_date_sk = date_dim.d_date_sk)
                                ->  Index Scan using pk_customer on customer  (cost=0.29..0.32 rows=1 width=16) (actual time=0.001..0.001 rows=1 loops=20871)
                                      Index Cond: (c_customer_sk = web_sales.ws_bill_customer_sk)
                          ->  Index Scan using pk_customer_address on customer_address  (cost=0.29..0.32 rows=1 width=33) (actual time=0.001..0.001 rows=1 loops=20865)
                                Index Cond: (ca_address_sk = customer.c_current_addr_sk)
                    ->  Index Scan using pk_item on item  (cost=0.29..0.31 rows=1 width=25) (actual time=0.001..0.001 rows=1 loops=20865)
                          Index Cond: (i_item_sk = web_sales.ws_item_sk)
                    SubPlan 1
                      ->  Index Scan using pk_item on item item_1  (cost=0.29..15.16 rows=10 width=17) (actual time=0.017..0.028 rows=10 loops=1)
                            Index Cond: (i_item_sk = ANY ('{2,3,5,7,11,13,17,19,23,29}'::bigint[]))
   ca_zip   |      ca_county      |  sum   
------------+---------------------+--------
 02504      | Androscoggin County |  73.32
 09431      | Fairfield County    |  17.18
 13451      | Lebanon County      |     32
 21289      | Fluvanna County     |  96.23
 25980      | Randolph County     |   6.43
 29303      | Scotland County     |  39.25
 30162      | Hamblen County      |  76.72
 32808      | Randolph County     |   4.37
 38482      | Wilcox County       | 120.22
 38605      | Roane County        |   3.65
 52808      | Leflore County      |  75.73
 55566      | Benton County       | 209.21
 55709      | Marquette County    |  94.27
 58828      | Nicollet County     |  26.93
 60418      | Woodson County      |  98.99
 65038      | Sheridan County     | 234.17
 71711      | Cherokee County     |   4.65
 76971      | Burleson County     |  60.92
 78883      | Denton County       |   0.15
 79306      | Seminole County     |  79.47
 79391      | Menard County       |  32.64
 79583      | Fisher County       |  24.37
 81749      | Sevier County       |  10.82
 93394      | Skamania County     |    6.5
            | Jackson County      |  14.62
(25 rows)

UPDATE time_statistics SET e_time = TRANSACTION_TIMESTAMP() WHERE template = 'query45.tpl' AND stream = 6;
psql:/tmp/s1-basline/throughput/query_6.sql:2427: NOTICE:  duration: 0.102 ms  plan:
Query Text: UPDATE time_statistics SET e_time = TRANSACTION_TIMESTAMP() WHERE template = 'query45.tpl' AND stream = 6;
Update on time_statistics  (cost=0.00..20.59 rows=0 width=0) (actual time=0.101..0.101 rows=0 loops=1)
  ->  Seq Scan on time_statistics  (cost=0.00..20.59 rows=1 width=14) (actual time=0.087..0.087 rows=1 loops=1)
        Filter: ((template = 'query45.tpl'::text) AND (stream = 6))
        Rows Removed by Filter: 688
UPDATE 1
LOAD 'auto_explain'; SET auto_explain.log_min_duration TO 0; SET auto_explain.log_analyze TO on; SET auto_explain.log_level TO notice; INSERT INTO time_statistics (template, s_time, stream, query, seed) VALUES ('query85.tpl', TRANSACTION_TIMESTAMP(), 6, 47, 1760019403);
LOAD
SET
SET
SET
psql:/tmp/s1-basline/throughput/query_6.sql:2428: NOTICE:  duration: 0.009 ms  plan:
Query Text: INSERT INTO time_statistics (template, s_time, stream, query, seed) VALUES ('query85.tpl', TRANSACTION_TIMESTAMP(), 6, 47, 1760019403);
Insert on time_statistics  (cost=0.00..0.01 rows=0 width=0) (actual time=0.008..0.008 rows=0 loops=1)
  ->  Result  (cost=0.00..0.01 rows=1 width=64) (actual time=0.001..0.002 rows=1 loops=1)
INSERT 0 1
select  substr(r_reason_desc,1,20)
       ,avg(ws_quantity)
       ,avg(wr_refunded_cash)
       ,avg(wr_fee)
 from web_sales, web_returns, web_page, customer_demographics cd1,
      customer_demographics cd2, customer_address, date_dim, reason 
 where ws_web_page_sk = wp_web_page_sk
   and ws_item_sk = wr_item_sk
   and ws_order_number = wr_order_number
   and ws_sold_date_sk = d_date_sk and d_year = 2001
   and cd1.cd_demo_sk = wr_refunded_cdemo_sk 
   and cd2.cd_demo_sk = wr_returning_cdemo_sk
   and ca_address_sk = wr_refunded_addr_sk
   and r_reason_sk = wr_reason_sk
   and
   (
    (
     cd1.cd_marital_status = 'U'
     and
     cd1.cd_marital_status = cd2.cd_marital_status
     and
     cd1.cd_education_status = 'Unknown'
     and 
     cd1.cd_education_status = cd2.cd_education_status
     and
     ws_sales_price between 100.00 and 150.00
    )
   or
    (
     cd1.cd_marital_status = 'M'
     and
     cd1.cd_marital_status = cd2.cd_marital_status
     and
     cd1.cd_education_status = 'Secondary' 
     and
     cd1.cd_education_status = cd2.cd_education_status
     and
     ws_sales_price between 50.00 and 100.00
    )
   or
    (
     cd1.cd_marital_status = 'D'
     and
     cd1.cd_marital_status = cd2.cd_marital_status
     and
     cd1.cd_education_status = '4 yr Degree'
     and
     cd1.cd_education_status = cd2.cd_education_status
     and
     ws_sales_price between 150.00 and 200.00
    )
   )
   and
   (
    (
     ca_country = 'United States'
     and
     ca_state in ('NY', 'KS', 'TN')
     and ws_net_profit between 100 and 200  
    )
    or
    (
     ca_country = 'United States'
     and
     ca_state in ('NC', 'PA', 'CO')
     and ws_net_profit between 150 and 300  
    )
    or
    (
     ca_country = 'United States'
     and
     ca_state in ('TX', 'OK', 'MI')
     and ws_net_profit between 50 and 250  
    )
   )
group by r_reason_desc
order by substr(r_reason_desc,1,20)
        ,avg(ws_quantity)
        ,avg(wr_refunded_cash)
        ,avg(wr_fee)
limit 100;
psql:/tmp/s1-basline/throughput/query_6.sql:2509: NOTICE:  duration: 122.683 ms  plan:
Query Text: select  substr(r_reason_desc,1,20)
       ,avg(ws_quantity)
       ,avg(wr_refunded_cash)
       ,avg(wr_fee)
 from web_sales, web_returns, web_page, customer_demographics cd1,
      customer_demographics cd2, customer_address, date_dim, reason 
 where ws_web_page_sk = wp_web_page_sk
   and ws_item_sk = wr_item_sk
   and ws_order_number = wr_order_number
   and ws_sold_date_sk = d_date_sk and d_year = 2001
   and cd1.cd_demo_sk = wr_refunded_cdemo_sk 
   and cd2.cd_demo_sk = wr_returning_cdemo_sk
   and ca_address_sk = wr_refunded_addr_sk
   and r_reason_sk = wr_reason_sk
   and
   (
    (
     cd1.cd_marital_status = 'U'
     and
     cd1.cd_marital_status = cd2.cd_marital_status
     and
     cd1.cd_education_status = 'Unknown'
     and 
     cd1.cd_education_status = cd2.cd_education_status
     and
     ws_sales_price between 100.00 and 150.00
    )
   or
    (
     cd1.cd_marital_status = 'M'
     and
     cd1.cd_marital_status = cd2.cd_marital_status
     and
     cd1.cd_education_status = 'Secondary' 
     and
     cd1.cd_education_status = cd2.cd_education_status
     and
     ws_sales_price between 50.00 and 100.00
    )
   or
    (
     cd1.cd_marital_status = 'D'
     and
     cd1.cd_marital_status = cd2.cd_marital_status
     and
     cd1.cd_education_status = '4 yr Degree'
     and
     cd1.cd_education_status = cd2.cd_education_status
     and
     ws_sales_price between 150.00 and 200.00
    )
   )
   and
   (
    (
     ca_country = 'United States'
     and
     ca_state in ('NY', 'KS', 'TN')
     and ws_net_profit between 100 and 200  
    )
    or
    (
     ca_country = 'United States'
     and
     ca_state in ('NC', 'PA', 'CO')
     and ws_net_profit between 150 and 300  
    )
    or
    (
     ca_country = 'United States'
     and
     ca_state in ('TX', 'OK', 'MI')
     and ws_net_profit between 50 and 250  
    )
   )
group by r_reason_desc
order by substr(r_reason_desc,1,20)
        ,avg(ws_quantity)
        ,avg(wr_refunded_cash)
        ,avg(wr_fee)
limit 100;
Limit  (cost=20623.33..20623.34 rows=1 width=181) (actual time=122.665..122.670 rows=4 loops=1)
  ->  Sort  (cost=20623.33..20623.34 rows=1 width=181) (actual time=122.664..122.669 rows=4 loops=1)
        Sort Key: (substr((reason.r_reason_desc)::text, 1, 20)), (avg(web_sales.ws_quantity)), (avg(web_returns.wr_refunded_cash)), (avg(web_returns.wr_fee))
        Sort Method: quicksort  Memory: 26kB
        ->  GroupAggregate  (cost=20623.29..20623.32 rows=1 width=181) (actual time=122.649..122.660 rows=4 loops=1)
              Group Key: reason.r_reason_desc
              ->  Sort  (cost=20623.29..20623.29 rows=1 width=121) (actual time=122.633..122.637 rows=4 loops=1)
                    Sort Key: reason.r_reason_desc
                    Sort Method: quicksort  Memory: 25kB
                    ->  Nested Loop  (cost=2493.96..20623.28 rows=1 width=121) (actual time=32.543..122.622 rows=4 loops=1)
                          ->  Nested Loop  (cost=2493.67..20622.91 rows=1 width=129) (actual time=32.534..122.579 rows=8 loops=1)
                                Join Filter: (web_sales.ws_web_page_sk = web_page.wp_web_page_sk)
                                Rows Removed by Join Filter: 189
                                ->  Nested Loop  (cost=2493.67..20619.56 rows=1 width=137) (actual time=32.526..122.518 rows=8 loops=1)
                                      Join Filter: ((((customer_address.ca_state = ANY ('{NY,KS,TN}'::bpchar[])) AND (web_sales.ws_net_profit >= '100'::double precision) AND (web_sales.ws_net_profit <= '200'::double precision)) OR ((customer_address.ca_state = ANY ('{NC,PA,CO}'::bpchar[])) AND (web_sales.ws_net_profit >= '150'::double precision) AND (web_sales.ws_net_profit <= '300'::double precision)) OR ((customer_address.ca_state = ANY ('{TX,OK,MI}'::bpchar[])) AND (web_sales.ws_net_profit >= '50'::double precision) AND (web_sales.ws_net_profit <= '250'::double precision))) AND (((cd1.cd_marital_status = 'U'::bpchar) AND (cd1.cd_education_status = 'Unknown'::bpchar) AND (web_sales.ws_sales_price >= '100'::double precision) AND (web_sales.ws_sales_price <= '150'::double precision)) OR ((cd1.cd_marital_status = 'M'::bpchar) AND (cd1.cd_education_status = 'Secondary'::bpchar) AND (web_sales.ws_sales_price >= '50'::double precision) AND (web_sales.ws_sales_price <= '100'::double precision)) OR ((cd1.cd_marital_status = 'D'::bpchar) AND (cd1.cd_education_status = '4 yr Degree'::bpchar) AND (web_sales.ws_sales_price >= '150'::double precision) AND (web_sales.ws_sales_price <= '200'::double precision))))
                                      Rows Removed by Join Filter: 48
                                      ->  Nested Loop  (cost=2493.24..20584.53 rows=35 width=159) (actual time=25.493..116.002 rows=1547 loops=1)
                                            Join Filter: ((cd1.cd_marital_status = cd2.cd_marital_status) AND (cd1.cd_education_status = cd2.cd_education_status))
                                            ->  Nested Loop  (cost=2492.81..19471.02 rows=1287 width=167) (actual time=25.489..113.305 rows=1555 loops=1)
                                                  ->  Hash Join  (cost=2492.39..5354.42 rows=16316 width=152) (actual time=25.368..51.216 rows=18579 loops=1)
                                                        Hash Cond: (web_returns.wr_reason_sk = reason.r_reason_sk)
                                                        ->  Hash Join  (cost=2490.60..5302.59 rows=17086 width=59) (actual time=25.351..47.998 rows=19085 loops=1)
                                                              Hash Cond: (web_returns.wr_refunded_addr_sk = customer_address.ca_address_sk)
                                                              ->  Seq Scan on web_returns  (cost=0.00..2622.57 rows=72157 width=64) (actual time=0.002..6.358 rows=71406 loops=1)
                                                              ->  Hash  (cost=2335.50..2335.50 rows=12408 width=11) (actual time=25.336..25.337 rows=13946 loops=1)
                                                                    Buckets: 16384  Batches: 1  Memory Usage: 714kB
                                                                    ->  Seq Scan on customer_address  (cost=0.00..2335.50 rows=12408 width=11) (actual time=0.005..23.560 rows=13946 loops=1)
                                                                          Filter: (((ca_country)::text = 'United States'::text) AND ((ca_state = ANY ('{NY,KS,TN}'::bpchar[])) OR (ca_state = ANY ('{NC,PA,CO}'::bpchar[])) OR (ca_state = ANY ('{TX,OK,MI}'::bpchar[]))))
                                                                          Rows Removed by Filter: 36054
                                                        ->  Hash  (cost=1.35..1.35 rows=35 width=109) (actual time=0.014..0.014 rows=35 loops=1)
                                                              Buckets: 1024  Batches: 1  Memory Usage: 13kB
                                                              ->  Seq Scan on reason  (cost=0.00..1.35 rows=35 width=109) (actual time=0.004..0.007 rows=35 loops=1)
                                                  ->  Index Scan using pk_customer_demographics on customer_demographics cd1  (cost=0.43..0.87 rows=1 width=31) (actual time=0.003..0.003 rows=0 loops=18579)
                                                        Index Cond: (cd_demo_sk = web_returns.wr_refunded_cdemo_sk)
                                                        Filter: (((cd_marital_status = 'U'::bpchar) AND (cd_education_status = 'Unknown'::bpchar)) OR ((cd_marital_status = 'M'::bpchar) AND (cd_education_status = 'Secondary'::bpchar)) OR ((cd_marital_status = 'D'::bpchar) AND (cd_education_status = '4 yr Degree'::bpchar)))
                                                        Rows Removed by Filter: 1
                                            ->  Index Scan using pk_customer_demographics on customer_demographics cd2  (cost=0.43..0.85 rows=1 width=31) (actual time=0.001..0.001 rows=1 loops=1555)
                                                  Index Cond: (cd_demo_sk = web_returns.wr_returning_cdemo_sk)
                                      ->  Index Scan using pk_web_sales on web_sales  (cost=0.42..0.93 rows=1 width=52) (actual time=0.004..0.004 rows=0 loops=1547)
                                            Index Cond: ((ws_item_sk = web_returns.wr_item_sk) AND (ws_order_number = web_returns.wr_order_number))
                                            Filter: ((((ws_sales_price >= '100'::double precision) AND (ws_sales_price <= '150'::double precision)) OR ((ws_sales_price >= '50'::double precision) AND (ws_sales_price <= '100'::double precision)) OR ((ws_sales_price >= '150'::double precision) AND (ws_sales_price <= '200'::double precision))) AND (((ws_net_profit >= '100'::double precision) AND (ws_net_profit <= '200'::double precision)) OR ((ws_net_profit >= '150'::double precision) AND (ws_net_profit <= '300'::double precision)) OR ((ws_net_profit >= '50'::double precision) AND (ws_net_profit <= '250'::double precision))))
                                            Rows Removed by Filter: 1
                                ->  Seq Scan on web_page  (cost=0.00..2.60 rows=60 width=8) (actual time=0.002..0.004 rows=25 loops=8)
                          ->  Index Scan using pk_date_dim on date_dim  (cost=0.29..0.36 rows=1 width=8) (actual time=0.004..0.004 rows=0 loops=8)
                                Index Cond: (d_date_sk = web_sales.ws_sold_date_sk)
                                Filter: (d_year = 2001)
                                Rows Removed by Filter: 0
        substr        |         avg         |   avg   |  avg  
----------------------+---------------------+---------+-------
 Did not get it on ti | 96.0000000000000000 |   75.63 | 75.05
 Not the product that |  2.0000000000000000 |   102.9 | 71.78
 Not working any more | 61.0000000000000000 | 3326.55 | 78.85
 reason 35            | 92.0000000000000000 |  296.64 | 92.86
(4 rows)

UPDATE time_statistics SET e_time = TRANSACTION_TIMESTAMP() WHERE template = 'query85.tpl' AND stream = 6;
psql:/tmp/s1-basline/throughput/query_6.sql:2511: NOTICE:  duration: 0.397 ms  plan:
Query Text: UPDATE time_statistics SET e_time = TRANSACTION_TIMESTAMP() WHERE template = 'query85.tpl' AND stream = 6;
Update on time_statistics  (cost=0.00..20.59 rows=0 width=0) (actual time=0.396..0.396 rows=0 loops=1)
  ->  Seq Scan on time_statistics  (cost=0.00..20.59 rows=1 width=14) (actual time=0.102..0.103 rows=1 loops=1)
        Filter: ((template = 'query85.tpl'::text) AND (stream = 6))
        Rows Removed by Filter: 689
UPDATE 1
LOAD 'auto_explain'; SET auto_explain.log_min_duration TO 0; SET auto_explain.log_analyze TO on; SET auto_explain.log_level TO notice; INSERT INTO time_statistics (template, s_time, stream, query, seed) VALUES ('query8.tpl', TRANSACTION_TIMESTAMP(), 6, 48, 1526178583);
LOAD
SET
SET
SET
psql:/tmp/s1-basline/throughput/query_6.sql:2512: NOTICE:  duration: 0.008 ms  plan:
Query Text: INSERT INTO time_statistics (template, s_time, stream, query, seed) VALUES ('query8.tpl', TRANSACTION_TIMESTAMP(), 6, 48, 1526178583);
Insert on time_statistics  (cost=0.00..0.01 rows=0 width=0) (actual time=0.008..0.008 rows=0 loops=1)
  ->  Result  (cost=0.00..0.01 rows=1 width=64) (actual time=0.001..0.002 rows=1 loops=1)
INSERT 0 1
select  s_store_name
      ,sum(ss_net_profit)
 from store_sales
     ,date_dim
     ,store,
     (select ca_zip
     from (
      SELECT substr(ca_zip,1,5) ca_zip
      FROM customer_address
      WHERE substr(ca_zip,1,5) IN (
                          '69133','83582','99819','20158','34721','59057',
                          '32141','95084','92592','43082','32512',
                          '32357','49587','31212','94947','88331',
                          '68184','78781','93288','92526','20392',
                          '67778','95806','76469','28674','11509',
                          '18841','98055','83739','98784','51232',
                          '95030','66154','16468','37864','25791',
                          '89562','58157','11036','60823','81493',
                          '71593','66172','79509','20509','71837',
                          '23851','34418','68428','38092','16239',
                          '34243','38853','17293','79981','31604',
                          '90781','19126','36366','51502','38171',
                          '40082','93410','48249','10153','58768',
                          '47653','62755','74466','75387','38714',
                          '96952','78105','77212','79627','56262',
                          '34454','79220','24521','22814','80830',
                          '71931','54556','50494','64394','58315',
                          '14749','68718','58290','46741','87018',
                          '10800','62536','65641','88878','59535',
                          '10709','17842','97767','98090','64359',
                          '81650','84948','18712','29474','46093',
                          '29413','99601','66588','31593','73131',
                          '76990','34567','13221','50104','35773',
                          '41637','69787','76801','98137','64527',
                          '93459','96634','29422','83848','75224',
                          '10061','96523','82762','29045','27504',
                          '13874','76579','75009','33107','60684',
                          '31368','22513','72176','83837','14802',
                          '43969','41283','77564','13905','61703',
                          '93891','93897','72297','29899','68175',
                          '10543','63026','86645','30329','28135',
                          '75037','44367','89997','63978','82996',
                          '13760','10966','30645','41219','36061',
                          '81832','51983','99600','98419','31855',
                          '61052','80052','77119','36021','30644',
                          '21995','73730','90465','39454','84140',
                          '21788','77808','81405','48714','42231',
                          '65879','87365','44114','45896','76120',
                          '35500','39636','87401','28126','90988',
                          '56714','75046','86525','42989','57241',
                          '11740','84467','88117','47685','52186',
                          '79926','97940','41877','56590','38117',
                          '63164','99522','30650','14436','17028',
                          '33161','12251','51151','43224','70256',
                          '13719','89631','73197','70203','69544',
                          '56798','92253','54957','25537','42159',
                          '28413','16117','25955','77054','71116',
                          '40681','24209','68182','65370','89129',
                          '97009','35965','83776','37448','26329',
                          '15411','75296','96509','82925','18309',
                          '54273','76712','79048','58343','32253',
                          '36976','63820','89847','27263','15843',
                          '57858','92951','66971','19269','50309',
                          '63620','16303','16866','31532','70851',
                          '91738','72009','65519','92788','23366',
                          '74106','77438','10934','35029','76198',
                          '94741','68532','11461','58002','50638',
                          '27631','27092','63044','37228','54121',
                          '25687','17120','88132','84402','13444',
                          '93199','76684','32605','94356','43464',
                          '95240','53147','81309','48842','87528',
                          '63521','14102','89850','90992','92975',
                          '17430','61543','65090','64010','55305',
                          '24444','96970','77101','72678','59872',
                          '32795','73728','16569','16897','42628',
                          '29388','68209','16670','86283','57021',
                          '52422','78392','66086','27777','31000',
                          '20402','66168','33805','65378','86973',
                          '86821','25649','81416','80862','68311',
                          '22815','89699','16294','96922','20317',
                          '89413','77617','18745','16993','13230',
                          '22655','72406','39972','84373','11779',
                          '63784','25574','78130','57771','21903',
                          '31390','25481','53893','41571','73593',
                          '38058','37446','86540','61319','26096',
                          '83948','22876','47875','66261','90217',
                          '76895','45992','11120','68702','36377',
                          '28085','19420','48661','74339','45939',
                          '16264','76206','57480','88989','68330',
                          '65059','84873','99430','16271')
     intersect
      select ca_zip
      from (SELECT substr(ca_zip,1,5) ca_zip,count(*) cnt
            FROM customer_address, customer
            WHERE ca_address_sk = c_current_addr_sk and
                  c_preferred_cust_flag='Y'
            group by ca_zip
            having count(*) > 10)A1)A2) V1
 where ss_store_sk = s_store_sk
  and ss_sold_date_sk = d_date_sk
  and d_qoy = 2 and d_year = 2001
  and (substr(s_zip,1,2) = substr(V1.ca_zip,1,2))
 group by s_store_name
 order by s_store_name
 limit 100;
psql:/tmp/s1-basline/throughput/query_6.sql:2617: NOTICE:  duration: 123.593 ms  plan:
Query Text: select  s_store_name
      ,sum(ss_net_profit)
 from store_sales
     ,date_dim
     ,store,
     (select ca_zip
     from (
      SELECT substr(ca_zip,1,5) ca_zip
      FROM customer_address
      WHERE substr(ca_zip,1,5) IN (
                          '69133','83582','99819','20158','34721','59057',
                          '32141','95084','92592','43082','32512',
                          '32357','49587','31212','94947','88331',
                          '68184','78781','93288','92526','20392',
                          '67778','95806','76469','28674','11509',
                          '18841','98055','83739','98784','51232',
                          '95030','66154','16468','37864','25791',
                          '89562','58157','11036','60823','81493',
                          '71593','66172','79509','20509','71837',
                          '23851','34418','68428','38092','16239',
                          '34243','38853','17293','79981','31604',
                          '90781','19126','36366','51502','38171',
                          '40082','93410','48249','10153','58768',
                          '47653','62755','74466','75387','38714',
                          '96952','78105','77212','79627','56262',
                          '34454','79220','24521','22814','80830',
                          '71931','54556','50494','64394','58315',
                          '14749','68718','58290','46741','87018',
                          '10800','62536','65641','88878','59535',
                          '10709','17842','97767','98090','64359',
                          '81650','84948','18712','29474','46093',
                          '29413','99601','66588','31593','73131',
                          '76990','34567','13221','50104','35773',
                          '41637','69787','76801','98137','64527',
                          '93459','96634','29422','83848','75224',
                          '10061','96523','82762','29045','27504',
                          '13874','76579','75009','33107','60684',
                          '31368','22513','72176','83837','14802',
                          '43969','41283','77564','13905','61703',
                          '93891','93897','72297','29899','68175',
                          '10543','63026','86645','30329','28135',
                          '75037','44367','89997','63978','82996',
                          '13760','10966','30645','41219','36061',
                          '81832','51983','99600','98419','31855',
                          '61052','80052','77119','36021','30644',
                          '21995','73730','90465','39454','84140',
                          '21788','77808','81405','48714','42231',
                          '65879','87365','44114','45896','76120',
                          '35500','39636','87401','28126','90988',
                          '56714','75046','86525','42989','57241',
                          '11740','84467','88117','47685','52186',
                          '79926','97940','41877','56590','38117',
                          '63164','99522','30650','14436','17028',
                          '33161','12251','51151','43224','70256',
                          '13719','89631','73197','70203','69544',
                          '56798','92253','54957','25537','42159',
                          '28413','16117','25955','77054','71116',
                          '40681','24209','68182','65370','89129',
                          '97009','35965','83776','37448','26329',
                          '15411','75296','96509','82925','18309',
                          '54273','76712','79048','58343','32253',
                          '36976','63820','89847','27263','15843',
                          '57858','92951','66971','19269','50309',
                          '63620','16303','16866','31532','70851',
                          '91738','72009','65519','92788','23366',
                          '74106','77438','10934','35029','76198',
                          '94741','68532','11461','58002','50638',
                          '27631','27092','63044','37228','54121',
                          '25687','17120','88132','84402','13444',
                          '93199','76684','32605','94356','43464',
                          '95240','53147','81309','48842','87528',
                          '63521','14102','89850','90992','92975',
                          '17430','61543','65090','64010','55305',
                          '24444','96970','77101','72678','59872',
                          '32795','73728','16569','16897','42628',
                          '29388','68209','16670','86283','57021',
                          '52422','78392','66086','27777','31000',
                          '20402','66168','33805','65378','86973',
                          '86821','25649','81416','80862','68311',
                          '22815','89699','16294','96922','20317',
                          '89413','77617','18745','16993','13230',
                          '22655','72406','39972','84373','11779',
                          '63784','25574','78130','57771','21903',
                          '31390','25481','53893','41571','73593',
                          '38058','37446','86540','61319','26096',
                          '83948','22876','47875','66261','90217',
                          '76895','45992','11120','68702','36377',
                          '28085','19420','48661','74339','45939',
                          '16264','76206','57480','88989','68330',
                          '65059','84873','99430','16271')
     intersect
      select ca_zip
      from (SELECT substr(ca_zip,1,5) ca_zip,count(*) cnt
            FROM customer_address, customer
            WHERE ca_address_sk = c_current_addr_sk and
                  c_preferred_cust_flag='Y'
            group by ca_zip
            having count(*) > 10)A1)A2) V1
 where ss_store_sk = s_store_sk
  and ss_sold_date_sk = d_date_sk
  and d_qoy = 2 and d_year = 2001
  and (substr(s_zip,1,2) = substr(V1.ca_zip,1,2))
 group by s_store_name
 order by s_store_name
 limit 100;
Limit  (cost=95370.76..95395.18 rows=9 width=13) (actual time=123.583..123.591 rows=0 loops=1)
  ->  GroupAggregate  (cost=95370.76..95395.18 rows=9 width=13) (actual time=123.582..123.590 rows=0 loops=1)
        Group Key: store.s_store_name
        ->  Sort  (cost=95370.76..95378.87 rows=3244 width=13) (actual time=123.581..123.589 rows=0 loops=1)
              Sort Key: store.s_store_name
              Sort Method: quicksort  Memory: 25kB
              ->  Nested Loop  (cost=7043.81..95181.58 rows=3244 width=13) (actual time=123.577..123.584 rows=0 loops=1)
                    Join Filter: (store_sales.ss_store_sk = store.s_store_sk)
                    ->  Nested Loop  (cost=0.43..84268.71 rows=3402 width=16) (actual time=4.415..42.054 rows=77024 loops=1)
                          ->  Seq Scan on date_dim  (cost=0.00..2500.73 rows=90 width=8) (actual time=4.407..9.388 rows=91 loops=1)
                                Filter: ((d_qoy = 2) AND (d_year = 2001))
                                Rows Removed by Filter: 72958
                          ->  Index Scan using i_ss_sold_date_sk on store_sales  (cost=0.43..893.38 rows=1515 width=24) (actual time=0.005..0.204 rows=846 loops=91)
                                Index Cond: (ss_sold_date_sk = date_dim.d_date_sk)
                    ->  Materialize  (cost=7043.38..10300.54 rows=12 width=13) (actual time=0.001..0.001 rows=0 loops=77024)
                          ->  Nested Loop  (cost=7043.38..10300.48 rows=12 width=13) (actual time=72.394..72.400 rows=0 loops=1)
                                Join Filter: (substr((store.s_zip)::text, 1, 2) = substr(a2.ca_zip, 1, 2))
                                Rows Removed by Join Filter: 36
                                ->  Index Scan using pk_store on store  (cost=0.14..3.62 rows=12 width=24) (actual time=0.001..0.007 rows=12 loops=1)
                                ->  Materialize  (cost=7043.25..10243.36 rows=200 width=32) (actual time=6.030..6.031 rows=3 loops=12)
                                      ->  Subquery Scan on a2  (cost=7043.25..10242.36 rows=200 width=32) (actual time=72.356..72.370 rows=3 loops=1)
                                            ->  HashSetOp Intersect  (cost=7043.25..10240.36 rows=200 width=36) (actual time=72.355..72.369 rows=3 loops=1)
                                                  ->  Append  (cost=7043.25..10129.53 rows=44333 width=36) (actual time=53.395..72.141 rows=1185 loops=1)
                                                        ->  Subquery Scan on "*SELECT* 2"  (cost=7043.25..7109.86 rows=1066 width=36) (actual time=53.394..54.085 rows=951 loops=1)
                                                              ->  Subquery Scan on a1  (cost=7043.25..7099.20 rows=1066 width=32) (actual time=53.393..54.012 rows=951 loops=1)
                                                                    ->  HashAggregate  (cost=7043.25..7088.54 rows=1066 width=51) (actual time=53.392..53.939 rows=951 loops=1)
                                                                          Group Key: customer_address.ca_zip
                                                                          Filter: (count(*) > 10)
                                                                          Batches: 1  Memory Usage: 369kB
                                                                          Rows Removed by Filter: 2220
                                                                          ->  Hash Join  (cost=2273.00..6807.68 rows=47113 width=11) (actual time=13.987..44.564 rows=47301 loops=1)
                                                                                Hash Cond: (customer.c_current_addr_sk = customer_address.ca_address_sk)
                                                                                ->  Seq Scan on customer  (cost=0.00..4411.00 rows=47113 width=8) (actual time=0.004..22.293 rows=47301 loops=1)
                                                                                      Filter: (c_preferred_cust_flag = 'Y'::bpchar)
                                                                                      Rows Removed by Filter: 52699
                                                                                ->  Hash  (cost=1648.00..1648.00 rows=50000 width=19) (actual time=13.949..13.950 rows=50000 loops=1)
                                                                                      Buckets: 65536  Batches: 1  Memory Usage: 3223kB
                                                                                      ->  Seq Scan on customer_address  (cost=0.00..1648.00 rows=50000 width=19) (actual time=0.003..7.703 rows=50000 loops=1)
                                                        ->  Subquery Scan on "*SELECT* 1"  (cost=1.00..2798.01 rows=43267 width=36) (actual time=0.040..17.980 rows=234 loops=1)
                                                              ->  Seq Scan on customer_address customer_address_1  (cost=1.00..2365.34 rows=43267 width=32) (actual time=0.039..17.958 rows=234 loops=1)
                                                                    Filter: (substr((ca_zip)::text, 1, 5) = ANY ('{69133,83582,99819,20158,34721,59057,32141,95084,92592,43082,32512,32357,49587,31212,94947,88331,68184,78781,93288,92526,20392,67778,95806,76469,28674,11509,18841,98055,83739,98784,51232,95030,66154,16468,37864,25791,89562,58157,11036,60823,81493,71593,66172,79509,20509,71837,23851,34418,68428,38092,16239,34243,38853,17293,79981,31604,90781,19126,36366,51502,38171,40082,93410,48249,10153,58768,47653,62755,74466,75387,38714,96952,78105,77212,79627,56262,34454,79220,24521,22814,80830,71931,54556,50494,64394,58315,14749,68718,58290,46741,87018,10800,62536,65641,88878,59535,10709,17842,97767,98090,64359,81650,84948,18712,29474,46093,29413,99601,66588,31593,73131,76990,34567,13221,50104,35773,41637,69787,76801,98137,64527,93459,96634,29422,83848,75224,10061,96523,82762,29045,27504,13874,76579,75009,33107,60684,31368,22513,72176,83837,14802,43969,41283,77564,13905,61703,93891,93897,72297,29899,68175,10543,63026,86645,30329,28135,75037,44367,89997,63978,82996,13760,10966,30645,41219,36061,81832,51983,99600,98419,31855,61052,80052,77119,36021,30644,21995,73730,90465,39454,84140,21788,77808,81405,48714,42231,65879,87365,44114,45896,76120,35500,39636,87401,28126,90988,56714,75046,86525,42989,57241,11740,84467,88117,47685,52186,79926,97940,41877,56590,38117,63164,99522,30650,14436,17028,33161,12251,51151,43224,70256,13719,89631,73197,70203,69544,56798,92253,54957,25537,42159,28413,16117,25955,77054,71116,40681,24209,68182,65370,89129,97009,35965,83776,37448,26329,15411,75296,96509,82925,18309,54273,76712,79048,58343,32253,36976,63820,89847,27263,15843,57858,92951,66971,19269,50309,63620,16303,16866,31532,70851,91738,72009,65519,92788,23366,74106,77438,10934,35029,76198,94741,68532,11461,58002,50638,27631,27092,63044,37228,54121,25687,17120,88132,84402,13444,93199,76684,32605,94356,43464,95240,53147,81309,48842,87528,63521,14102,89850,90992,92975,17430,61543,65090,64010,55305,24444,96970,77101,72678,59872,32795,73728,16569,16897,42628,29388,68209,16670,86283,57021,52422,78392,66086,27777,31000,20402,66168,33805,65378,86973,86821,25649,81416,80862,68311,22815,89699,16294,96922,20317,89413,77617,18745,16993,13230,22655,72406,39972,84373,11779,63784,25574,78130,57771,21903,31390,25481,53893,41571,73593,38058,37446,86540,61319,26096,83948,22876,47875,66261,90217,76895,45992,11120,68702,36377,28085,19420,48661,74339,45939,16264,76206,57480,88989,68330,65059,84873,99430,16271}'::text[]))
                                                                    Rows Removed by Filter: 49766
 s_store_name | sum 
--------------+-----
(0 rows)

UPDATE time_statistics SET e_time = TRANSACTION_TIMESTAMP() WHERE template = 'query8.tpl' AND stream = 6;
psql:/tmp/s1-basline/throughput/query_6.sql:2619: NOTICE:  duration: 0.094 ms  plan:
Query Text: UPDATE time_statistics SET e_time = TRANSACTION_TIMESTAMP() WHERE template = 'query8.tpl' AND stream = 6;
Update on time_statistics  (cost=0.00..22.64 rows=0 width=0) (actual time=0.094..0.094 rows=0 loops=1)
  ->  Seq Scan on time_statistics  (cost=0.00..22.64 rows=1 width=14) (actual time=0.078..0.078 rows=1 loops=1)
        Filter: ((template = 'query8.tpl'::text) AND (stream = 6))
        Rows Removed by Filter: 690
UPDATE 1
LOAD 'auto_explain'; SET auto_explain.log_min_duration TO 0; SET auto_explain.log_analyze TO on; SET auto_explain.log_level TO notice; INSERT INTO time_statistics (template, s_time, stream, query, seed) VALUES ('query19.tpl', TRANSACTION_TIMESTAMP(), 6, 49, 927053438);
LOAD
SET
SET
SET
psql:/tmp/s1-basline/throughput/query_6.sql:2620: NOTICE:  duration: 0.008 ms  plan:
Query Text: INSERT INTO time_statistics (template, s_time, stream, query, seed) VALUES ('query19.tpl', TRANSACTION_TIMESTAMP(), 6, 49, 927053438);
Insert on time_statistics  (cost=0.00..0.01 rows=0 width=0) (actual time=0.008..0.008 rows=0 loops=1)
  ->  Result  (cost=0.00..0.01 rows=1 width=64) (actual time=0.001..0.002 rows=1 loops=1)
INSERT 0 1
select  i_brand_id brand_id, i_brand brand, i_manufact_id, i_manufact,
 	sum(ss_ext_sales_price) ext_price
 from date_dim, store_sales, item,customer,customer_address,store
 where d_date_sk = ss_sold_date_sk
   and ss_item_sk = i_item_sk
   and i_manager_id=28
   and d_moy=11
   and d_year=2001
   and ss_customer_sk = c_customer_sk 
   and c_current_addr_sk = ca_address_sk
   and substr(ca_zip,1,5) <> substr(s_zip,1,5) 
   and ss_store_sk = s_store_sk 
 group by i_brand
      ,i_brand_id
      ,i_manufact_id
      ,i_manufact
 order by ext_price desc
         ,i_brand
         ,i_brand_id
         ,i_manufact_id
         ,i_manufact
limit 100 ;
psql:/tmp/s1-basline/throughput/query_6.sql:2642: NOTICE:  duration: 184.802 ms  plan:
Query Text: select  i_brand_id brand_id, i_brand brand, i_manufact_id, i_manufact,
 	sum(ss_ext_sales_price) ext_price
 from date_dim, store_sales, item,customer,customer_address,store
 where d_date_sk = ss_sold_date_sk
   and ss_item_sk = i_item_sk
   and i_manager_id=28
   and d_moy=11
   and d_year=2001
   and ss_customer_sk = c_customer_sk 
   and c_current_addr_sk = ca_address_sk
   and substr(ca_zip,1,5) <> substr(s_zip,1,5) 
   and ss_store_sk = s_store_sk 
 group by i_brand
      ,i_brand_id
      ,i_manufact_id
      ,i_manufact
 order by ext_price desc
         ,i_brand
         ,i_brand_id
         ,i_manufact_id
         ,i_manufact
limit 100 ;
Limit  (cost=41343.41..41343.46 rows=18 width=118) (actual time=184.726..184.739 rows=100 loops=1)
  ->  Sort  (cost=41343.41..41343.46 rows=18 width=118) (actual time=184.726..184.732 rows=100 loops=1)
        Sort Key: (sum(store_sales.ss_ext_sales_price)) DESC, item.i_brand, item.i_brand_id, item.i_manufact_id, item.i_manufact
        Sort Method: quicksort  Memory: 71kB
        ->  GroupAggregate  (cost=41342.59..41343.04 rows=18 width=118) (actual time=184.168..184.670 rows=175 loops=1)
              Group Key: item.i_brand, item.i_brand_id, item.i_manufact_id, item.i_manufact
              ->  Sort  (cost=41342.59..41342.63 rows=18 width=118) (actual time=184.155..184.213 rows=1505 loops=1)
                    Sort Key: item.i_brand, item.i_brand_id, item.i_manufact_id, item.i_manufact
                    Sort Method: quicksort  Memory: 284kB
                    ->  Nested Loop  (cost=1.30..41342.21 rows=18 width=118) (actual time=4.291..182.165 rows=1505 loops=1)
                          Join Filter: (substr((customer_address.ca_zip)::text, 1, 5) <> substr((store.s_zip)::text, 1, 5))
                          Rows Removed by Join Filter: 62
                          ->  Nested Loop  (cost=1.01..41336.02 rows=18 width=137) (actual time=4.283..177.600 rows=1567 loops=1)
                                ->  Nested Loop  (cost=0.72..41330.11 rows=19 width=137) (actual time=4.277..173.304 rows=1586 loops=1)
                                      Join Filter: (store_sales.ss_store_sk = store.s_store_sk)
                                      Rows Removed by Join Filter: 7348
                                      ->  Nested Loop  (cost=0.72..41325.66 rows=20 width=134) (actual time=4.266..172.151 rows=1631 loops=1)
                                            ->  Nested Loop  (cost=0.43..40988.10 rows=1096 width=32) (actual time=4.182..46.424 rows=82447 loops=1)
                                                  ->  Seq Scan on date_dim  (cost=0.00..2500.73 rows=29 width=8) (actual time=4.171..8.582 rows=30 loops=1)
                                                        Filter: ((d_moy = 11) AND (d_year = 2001))
                                                        Rows Removed by Filter: 73019
                                                  ->  Index Scan using i_ss_sold_date_sk on store_sales  (cost=0.43..1312.00 rows=1515 width=40) (actual time=0.006..0.862 rows=2748 loops=30)
                                                        Index Cond: (ss_sold_date_sk = date_dim.d_date_sk)
                                            ->  Index Scan using pk_item on item  (cost=0.29..0.31 rows=1 width=118) (actual time=0.001..0.001 rows=0 loops=82447)
                                                  Index Cond: (i_item_sk = store_sales.ss_item_sk)
                                                  Filter: (i_manager_id = 28)
                                                  Rows Removed by Filter: 1
                                      ->  Materialize  (cost=0.00..1.18 rows=12 width=19) (actual time=0.000..0.000 rows=5 loops=1631)
                                            ->  Seq Scan on store  (cost=0.00..1.12 rows=12 width=19) (actual time=0.003..0.007 rows=12 loops=1)
                                ->  Index Scan using pk_customer on customer  (cost=0.29..0.31 rows=1 width=16) (actual time=0.002..0.002 rows=1 loops=1586)
                                      Index Cond: (c_customer_sk = store_sales.ss_customer_sk)
                          ->  Index Scan using pk_customer_address on customer_address  (cost=0.29..0.32 rows=1 width=19) (actual time=0.002..0.002 rows=1 loops=1567)
                                Index Cond: (ca_address_sk = customer.c_current_addr_sk)
 brand_id |                       brand                        | i_manufact_id |                     i_manufact                     |     ext_price      
----------+----------------------------------------------------+---------------+----------------------------------------------------+--------------------
  9012004 | importounivamalg #4                                |           453 | priantiese                                         |           43814.47
  1002002 | importoamalg #2                                    |           232 | ablepriable                                        |           43386.02
  3003002 | exportiexporti #2                                  |           824 | eseableeing                                        |           41075.44
  8015002 | scholarmaxi #2                                     |           610 | baroughtcally                                      |  38572.78999999999
  7013007 | importoscholar #2                                  |           207 | ationbarable                                       |           37499.08
  1004002 | edu packamalg #2                                   |           150 | barantiought                                       |           36809.07
 10002002 | importounivamalg #2                                |           576 | callyationanti                                     |              33953
  7005003 | corpnameless #4                                    |           280 | antieingation                                      |            33313.5
  1004001 | exportiexporti #2                                  |           501 | oughtbaranti                                       |           33066.87
 10012003 | importounivamalg #4                                |           492 | ablen stese                                        |  32988.38999999999
  4004001 | corpcorp #4                                        |           216 | callyoughtable                                     |           32894.57
  1004002 | edu packamalg #2                                   |           256 | callyantiable                                      | 30309.910000000003
  3001001 | amalgscholar #2                                    |           310 | baroughtpri                                        | 30261.010000000006
  4003002 | exportiedu pack #2                                 |            88 | eingeing                                           | 29432.890000000003
 10016002 | maxinameless #10                                   |            47 | ationese                                           | 28318.289999999997
  9003003 | exportiimporto #2                                  |            80 | bareing                                            |           27360.82
  5002002 | importoscholar #2                                  |            60 | barcally                                           | 27195.929999999997
  2002001 | amalgamalgamalg #4                                 |           248 | eingantically                                      |            27027.2
  5002002 | importoscholar #2                                  |            18 | eingought                                          | 26931.539999999997
  4003002 | exportiedu pack #2                                 |            43 | priese                                             | 26929.609999999997
  5003002 | exportischolar #2                                  |           188 | eingeingought                                      |           26928.86
  5002001 | exportiedu pack #2                                 |           164 | antiation                                          |           26742.86
  6016004 | corpbrand #4                                       |           331 | oughtpripri                                        | 26517.449999999997
 10003017 | exportiunivamalg #17                               |           146 | callyeseought                                      | 26199.629999999997
  9012011 | corpunivamalg #12                                  |           438 | eingpriese                                         |           26101.62
  8015005 | importoamalgamalg #4                               |           265 | anticallyable                                      | 26045.339999999997
  8016007 | amalgbrand #8                                      |            68 | ableeing                                           |           25425.63
 10008010 | namelessunivamalg #10                              |            66 | callycally                                         | 25423.050000000003
  2002001 | edu packimporto #2                                 |           490 | barn stese                                         | 24893.059999999998
 10003008 | exportiunivamalg #8                                |           216 | oughtpri                                           | 24865.120000000003
  9008008 | namelessmaxi #8                                    |           315 | antioughtpri                                       | 24666.550000000003
 10010002 | univamalgamalg #2                                  |           317 | ationoughtpri                                      | 24144.989999999998
 10004012 | edu packunivamalg #12                              |           228 | eingableable                                       |           23984.93
  9006012 | corpmaxi #12                                       |           548 | eingeseanti                                        |           23977.32
  6010008 | univbrand #8                                       |           162 | ablecallyought                                     |            23730.2
  5003002 | exportischolar #2                                  |           331 | oughtpripri                                        |           23526.99
  1003002 | exportiamalg #2                                    |           178 | eingationought                                     | 23342.269999999997
  9002002 | importomaxi #2                                     |           524 | eseableanti                                        |              22745
  4004002 | edu packedu pack #2                                |           537 | barantiable                                        |           22693.08
  6008002 | namelesscorp #2                                    |           404 | esebarese                                          | 22526.999999999996
 10011015 | importoscholar #2                                  |           436 | callypriese                                        |           22446.93
  1004002 | edu packamalg #2                                   |           262 | ablecallyable                                      | 22331.650000000005
  8005010 | scholarnameless #10                                |           883 | prieingeing                                        | 22283.439999999995
  1001002 | amalgamalg #2                                      |           138 | eingpriought                                       |           21565.36
  2001002 | amalgimporto #2                                    |           899 | n stn steing                                       | 20761.879999999997
  1002002 | importoamalg #2                                    |            55 | antianti                                           |           20760.93
  6013001 | scholarnameless #10                                |           122 | barablepri                                         |           20727.56
  6002002 | importocorp #2                                     |           781 | oughteingation                                     |           20712.41
  6007004 | brandcorp #4                                       |           299 | n stn stable                                       |           20692.86
  2001001 | exportiimporto #2                                  |            70 | baration                                           | 20687.240000000005
  7013004 | exportinameless #4                                 |           213 | prioughtable                                       |           20642.66
 10014013 | edu packamalgamalg #13                             |            55 | antianti                                           | 20567.829999999998
  2003002 | exportiimporto #2                                  |           216 | callyoughtable                                     | 20328.659999999996
  4003001 | edu packimporto #2                                 |            24 | antibarought                                       |           20062.68
  4002002 | importoedu pack #2                                 |           388 | eingeingpri                                        | 19699.089999999997
  3004002 | edu packexporti #2                                 |           172 | n stn stable                                       | 19488.170000000002
  6008006 | namelesscorp #6                                    |           164 | ableation                                          | 19258.299999999996
  5001001 | scholarmaxi #4                                     |           645 | antiesecally                                       |           19236.17
  8010002 | univmaxi #2                                        |            51 | oughtanti                                          |           19097.89
  3002001 | amalgamalg #2                                      |           603 | pribarcally                                        |           18958.08
  3002001 | importoedu pack #2                                 |           226 | priablen st                                        |            18739.3
  3003002 | exportiexporti #2                                  |            47 | ationese                                           |           18436.68
  5004001 | corpamalgamalg #16                                 |           372 | ableationpri                                       | 18346.449999999997
  2003002 | exportiimporto #2                                  |           406 | callybarese                                        |           18337.91
  8009003 | corpmaxi #12                                       |           144 | eseeseought                                        |           18218.44
  7002004 | importobrand #4                                    |            89 | n steing                                           | 17969.129999999997
  7007010 | brandbrand #10                                     |            63 | prically                                           |           17806.43
  9001002 | amalgmaxi #2                                       |           313 | prioughtpri                                        |           17749.57
 10006009 | corpunivamalg #9                                   |           303 | pribarpri                                          |            17737.2
  3002002 | importoexporti #2                                  |            87 | ationeing                                          |           17597.21
  7010004 | univnameless #4                                    |           317 | ationoughtpri                                      | 17489.850000000002
  8012003 | importoedu pack #2                                 |           560 | barcallyanti                                       | 17337.149999999998
  7004010 | edu packbrand #10                                  |           207 | ationbarable                                       |           17234.75
  8014002 | edu packmaxi #2                                    |           196 | callyn stought                                     | 17119.989999999998
  3003002 | exportiexporti #2                                  |           545 | antieseanti                                        |           16950.11
  3003002 | exportiexporti #2                                  |           190 | barn stought                                       | 16803.449999999997
  9016010 | corpunivamalg #10                                  |           858 | eingantieing                                       |           16745.59
  1002001 | amalgimporto #2                                    |            50 | eingableought                                      | 16641.420000000002
  8002010 | importonameless #10                                |           578 | eingationanti                                      | 16621.739999999998
  4004002 | edu packedu pack #2                                |           251 | oughtantiable                                      |            16500.8
  5002002 | importoscholar #2                                  |           734 | esepriation                                        | 16272.369999999999
  9008011 | maxicorp #8                                        |           291 | oughtn stable                                      | 16151.530000000002
  8012008 | importomaxi #8                                     |             9 | oughtought                                         |           15990.84
  3003002 | exportiexporti #2                                  |           769 | n stcallyation                                     | 15959.379999999997
  6006006 | corpcorp #6                                        |           995 | antin stn st                                       |           15757.37
  8011010 | amalgmaxi #10                                      |           542 | ablebarcally                                       |           15663.84
  2004002 | edu packimporto #2                                 |           256 | callyantiable                                      | 15625.339999999998
 10016011 | corpamalgamalg #11                                 |            91 | oughtn st                                          | 15571.619999999999
  5002002 | importoscholar #2                                  |           176 | callyationought                                    | 15541.529999999999
  3003002 | exportiexporti #2                                  |             4 | ese                                                | 15433.969999999998
  5003002 | exportischolar #2                                  |           454 | eseantiese                                         | 15332.890000000001
  7005008 | scholarbrand #8                                    |           183 | prieingought                                       | 15271.220000000001
  2002002 | importoimporto #2                                  |            68 | eingcally                                          | 15219.119999999999
  3002002 | importoexporti #2                                  |           160 | barcallyought                                      | 15190.909999999998
  4002001 | edu packbrand #4                                   |           833 | priprieing                                         |           15129.89
  9007002 | brandmaxi #2                                       |           347 | ationesepri                                        | 14841.019999999999
  2004001 | exportiexporti #2                                  |           393 | n stn stable                                       |           14824.85
  6002002 | importocorp #2                                     |            19 | n stought                                          |           14719.96
  2002002 | importoimporto #2                                  |           571 | oughtationanti                                     |           14077.45
  1001002 | amalgamalg #2                                      |           303 | pribarpri                                          | 13960.130000000001
(100 rows)

UPDATE time_statistics SET e_time = TRANSACTION_TIMESTAMP() WHERE template = 'query19.tpl' AND stream = 6;
psql:/tmp/s1-basline/throughput/query_6.sql:2644: NOTICE:  duration: 0.103 ms  plan:
Query Text: UPDATE time_statistics SET e_time = TRANSACTION_TIMESTAMP() WHERE template = 'query19.tpl' AND stream = 6;
Update on time_statistics  (cost=0.00..22.64 rows=0 width=0) (actual time=0.103..0.103 rows=0 loops=1)
  ->  Seq Scan on time_statistics  (cost=0.00..22.64 rows=1 width=14) (actual time=0.089..0.089 rows=1 loops=1)
        Filter: ((template = 'query19.tpl'::text) AND (stream = 6))
        Rows Removed by Filter: 691
UPDATE 1
LOAD 'auto_explain'; SET auto_explain.log_min_duration TO 0; SET auto_explain.log_analyze TO on; SET auto_explain.log_level TO notice; INSERT INTO time_statistics (template, s_time, stream, query, seed) VALUES ('query61.tpl', TRANSACTION_TIMESTAMP(), 6, 50, 1371785097);
LOAD
SET
SET
SET
psql:/tmp/s1-basline/throughput/query_6.sql:2645: NOTICE:  duration: 0.009 ms  plan:
Query Text: INSERT INTO time_statistics (template, s_time, stream, query, seed) VALUES ('query61.tpl', TRANSACTION_TIMESTAMP(), 6, 50, 1371785097);
Insert on time_statistics  (cost=0.00..0.01 rows=0 width=0) (actual time=0.008..0.008 rows=0 loops=1)
  ->  Result  (cost=0.00..0.01 rows=1 width=64) (actual time=0.002..0.002 rows=1 loops=1)
INSERT 0 1
select  promotions,total,cast(promotions as decimal(15,4))/cast(total as decimal(15,4))*100
from
  (select sum(ss_ext_sales_price) promotions
   from  store_sales
        ,store
        ,promotion
        ,date_dim
        ,customer
        ,customer_address 
        ,item
   where ss_sold_date_sk = d_date_sk
   and   ss_store_sk = s_store_sk
   and   ss_promo_sk = p_promo_sk
   and   ss_customer_sk= c_customer_sk
   and   ca_address_sk = c_current_addr_sk
   and   ss_item_sk = i_item_sk 
   and   ca_gmt_offset = -6
   and   i_category = 'Home'
   and   (p_channel_dmail = 'Y' or p_channel_email = 'Y' or p_channel_tv = 'Y')
   and   s_gmt_offset = -6
   and   d_year = 2000
   and   d_moy  = 12) promotional_sales,
  (select sum(ss_ext_sales_price) total
   from  store_sales
        ,store
        ,date_dim
        ,customer
        ,customer_address
        ,item
   where ss_sold_date_sk = d_date_sk
   and   ss_store_sk = s_store_sk
   and   ss_customer_sk= c_customer_sk
   and   ca_address_sk = c_current_addr_sk
   and   ss_item_sk = i_item_sk
   and   ca_gmt_offset = -6
   and   i_category = 'Home'
   and   s_gmt_offset = -6
   and   d_year = 2000
   and   d_moy  = 12) all_sales
order by promotions, total
limit 100;
psql:/tmp/s1-basline/throughput/query_6.sql:2686: NOTICE:  duration: 0.119 ms  plan:
Query Text: select  promotions,total,cast(promotions as decimal(15,4))/cast(total as decimal(15,4))*100
from
  (select sum(ss_ext_sales_price) promotions
   from  store_sales
        ,store
        ,promotion
        ,date_dim
        ,customer
        ,customer_address 
        ,item
   where ss_sold_date_sk = d_date_sk
   and   ss_store_sk = s_store_sk
   and   ss_promo_sk = p_promo_sk
   and   ss_customer_sk= c_customer_sk
   and   ca_address_sk = c_current_addr_sk
   and   ss_item_sk = i_item_sk 
   and   ca_gmt_offset = -6
   and   i_category = 'Home'
   and   (p_channel_dmail = 'Y' or p_channel_email = 'Y' or p_channel_tv = 'Y')
   and   s_gmt_offset = -6
   and   d_year = 2000
   and   d_moy  = 12) promotional_sales,
  (select sum(ss_ext_sales_price) total
   from  store_sales
        ,store
        ,date_dim
        ,customer
        ,customer_address
        ,item
   where ss_sold_date_sk = d_date_sk
   and   ss_store_sk = s_store_sk
   and   ss_customer_sk= c_customer_sk
   and   ca_address_sk = c_current_addr_sk
   and   ss_item_sk = i_item_sk
   and   ca_gmt_offset = -6
   and   i_category = 'Home'
   and   s_gmt_offset = -6
   and   d_year = 2000
   and   d_moy  = 12) all_sales
order by promotions, total
limit 100;
Limit  (cost=86164.72..86164.72 rows=1 width=48) (actual time=0.115..0.117 rows=1 loops=1)
  ->  Sort  (cost=86164.72..86164.72 rows=1 width=48) (actual time=0.114..0.116 rows=1 loops=1)
        Sort Key: (sum(store_sales.ss_ext_sales_price)), (sum(store_sales_1.ss_ext_sales_price))
        Sort Method: quicksort  Memory: 25kB
        ->  Nested Loop  (cost=86164.64..86164.71 rows=1 width=48) (actual time=0.111..0.113 rows=1 loops=1)
              ->  Aggregate  (cost=43093.00..43093.01 rows=1 width=8) (actual time=0.106..0.107 rows=1 loops=1)
                    ->  Nested Loop  (cost=1.30..43092.99 rows=2 width=8) (actual time=0.105..0.106 rows=0 loops=1)
                          Join Filter: (store_sales.ss_promo_sk = promotion.p_promo_sk)
                          ->  Seq Scan on promotion  (cost=0.00..13.25 rows=135 width=8) (actual time=0.005..0.082 rows=135 loops=1)
                                Filter: ((p_channel_dmail = 'Y'::bpchar) OR (p_channel_email = 'Y'::bpchar) OR (p_channel_tv = 'Y'::bpchar))
                                Rows Removed by Filter: 165
                          ->  Materialize  (cost=1.30..43071.65 rows=4 width=16) (actual time=0.000..0.000 rows=0 loops=135)
                                ->  Nested Loop  (cost=1.30..43071.63 rows=4 width=16) (actual time=0.006..0.006 rows=0 loops=1)
                                      ->  Nested Loop  (cost=1.01..43068.72 rows=9 width=24) (actual time=0.006..0.006 rows=0 loops=1)
                                            ->  Nested Loop  (cost=0.72..43065.92 rows=9 width=24) (actual time=0.006..0.006 rows=0 loops=1)
                                                  ->  Nested Loop  (cost=0.43..43037.27 rows=93 width=32) (actual time=0.006..0.006 rows=0 loops=1)
                                                        Join Filter: (store_sales.ss_store_sk = store.s_store_sk)
                                                        ->  Seq Scan on store  (cost=0.00..1.15 rows=1 width=8) (actual time=0.006..0.006 rows=0 loops=1)
                                                              Filter: (s_gmt_offset = '-6'::double precision)
                                                              Rows Removed by Filter: 12
                                                        ->  Nested Loop  (cost=0.43..43021.47 rows=1172 width=40) (never executed)
                                                              ->  Seq Scan on date_dim  (cost=0.00..2500.73 rows=31 width=8) (never executed)
                                                                    Filter: ((d_year = 2000) AND (d_moy = 12))
                                                              ->  Index Scan using i_ss_sold_date_sk on store_sales  (cost=0.43..1291.97 rows=1515 width=48) (never executed)
                                                                    Index Cond: (ss_sold_date_sk = date_dim.d_date_sk)
                                                  ->  Index Scan using pk_item on item  (cost=0.29..0.31 rows=1 width=8) (never executed)
                                                        Index Cond: (i_item_sk = store_sales.ss_item_sk)
                                                        Filter: (i_category = 'Home'::bpchar)
                                            ->  Index Scan using pk_customer on customer  (cost=0.29..0.31 rows=1 width=16) (never executed)
                                                  Index Cond: (c_customer_sk = store_sales.ss_customer_sk)
                                      ->  Index Scan using pk_customer_address on customer_address  (cost=0.29..0.32 rows=1 width=8) (never executed)
                                            Index Cond: (ca_address_sk = customer.c_current_addr_sk)
                                            Filter: (ca_gmt_offset = '-6'::double precision)
              ->  Aggregate  (cost=43071.64..43071.65 rows=1 width=8) (actual time=0.004..0.004 rows=1 loops=1)
                    ->  Nested Loop  (cost=1.30..43071.63 rows=4 width=8) (actual time=0.004..0.004 rows=0 loops=1)
                          ->  Nested Loop  (cost=1.01..43068.72 rows=9 width=16) (actual time=0.004..0.004 rows=0 loops=1)
                                ->  Nested Loop  (cost=0.72..43065.92 rows=9 width=16) (actual time=0.003..0.004 rows=0 loops=1)
                                      ->  Nested Loop  (cost=0.43..43037.27 rows=93 width=24) (actual time=0.003..0.004 rows=0 loops=1)
                                            Join Filter: (store_sales_1.ss_store_sk = store_1.s_store_sk)
                                            ->  Seq Scan on store store_1  (cost=0.00..1.15 rows=1 width=8) (actual time=0.003..0.003 rows=0 loops=1)
                                                  Filter: (s_gmt_offset = '-6'::double precision)
                                                  Rows Removed by Filter: 12
                                            ->  Nested Loop  (cost=0.43..43021.47 rows=1172 width=32) (never executed)
                                                  ->  Seq Scan on date_dim date_dim_1  (cost=0.00..2500.73 rows=31 width=8) (never executed)
                                                        Filter: ((d_year = 2000) AND (d_moy = 12))
                                                  ->  Index Scan using i_ss_sold_date_sk on store_sales store_sales_1  (cost=0.43..1291.97 rows=1515 width=40) (never executed)
                                                        Index Cond: (ss_sold_date_sk = date_dim_1.d_date_sk)
                                      ->  Index Scan using pk_item on item item_1  (cost=0.29..0.31 rows=1 width=8) (never executed)
                                            Index Cond: (i_item_sk = store_sales_1.ss_item_sk)
                                            Filter: (i_category = 'Home'::bpchar)
                                ->  Index Scan using pk_customer on customer customer_1  (cost=0.29..0.31 rows=1 width=16) (never executed)
                                      Index Cond: (c_customer_sk = store_sales_1.ss_customer_sk)
                          ->  Index Scan using pk_customer_address on customer_address customer_address_1  (cost=0.29..0.32 rows=1 width=8) (never executed)
                                Index Cond: (ca_address_sk = customer_1.c_current_addr_sk)
                                Filter: (ca_gmt_offset = '-6'::double precision)
 promotions | total | ?column? 
------------+-------+----------
            |       |         
(1 row)

UPDATE time_statistics SET e_time = TRANSACTION_TIMESTAMP() WHERE template = 'query61.tpl' AND stream = 6;
psql:/tmp/s1-basline/throughput/query_6.sql:2688: NOTICE:  duration: 0.077 ms  plan:
Query Text: UPDATE time_statistics SET e_time = TRANSACTION_TIMESTAMP() WHERE template = 'query61.tpl' AND stream = 6;
Update on time_statistics  (cost=0.00..22.64 rows=0 width=0) (actual time=0.077..0.077 rows=0 loops=1)
  ->  Seq Scan on time_statistics  (cost=0.00..22.64 rows=1 width=14) (actual time=0.069..0.070 rows=1 loops=1)
        Filter: ((template = 'query61.tpl'::text) AND (stream = 6))
        Rows Removed by Filter: 692
UPDATE 1
LOAD 'auto_explain'; SET auto_explain.log_min_duration TO 0; SET auto_explain.log_analyze TO on; SET auto_explain.log_level TO notice; INSERT INTO time_statistics (template, s_time, stream, query, seed) VALUES ('query3.tpl', TRANSACTION_TIMESTAMP(), 6, 51, 431708441);
LOAD
SET
SET
SET
psql:/tmp/s1-basline/throughput/query_6.sql:2689: NOTICE:  duration: 0.007 ms  plan:
Query Text: INSERT INTO time_statistics (template, s_time, stream, query, seed) VALUES ('query3.tpl', TRANSACTION_TIMESTAMP(), 6, 51, 431708441);
Insert on time_statistics  (cost=0.00..0.01 rows=0 width=0) (actual time=0.006..0.007 rows=0 loops=1)
  ->  Result  (cost=0.00..0.01 rows=1 width=64) (actual time=0.001..0.001 rows=1 loops=1)
INSERT 0 1
select  dt.d_year 
       ,item.i_brand_id brand_id 
       ,item.i_brand brand
       ,sum(ss_sales_price) sum_agg
 from  date_dim dt 
      ,store_sales
      ,item
 where dt.d_date_sk = store_sales.ss_sold_date_sk
   and store_sales.ss_item_sk = item.i_item_sk
   and item.i_manufact_id = 88
   and dt.d_moy=11
 group by dt.d_year
      ,item.i_brand
      ,item.i_brand_id
 order by dt.d_year
         ,sum_agg desc
         ,brand_id
 limit 100;
psql:/tmp/s1-basline/throughput/query_6.sql:2707: NOTICE:  duration: 19.464 ms  plan:
Query Text: select  dt.d_year 
       ,item.i_brand_id brand_id 
       ,item.i_brand brand
       ,sum(ss_sales_price) sum_agg
 from  date_dim dt 
      ,store_sales
      ,item
 where dt.d_date_sk = store_sales.ss_sold_date_sk
   and store_sales.ss_item_sk = item.i_item_sk
   and item.i_manufact_id = 88
   and dt.d_moy=11
 group by dt.d_year
      ,item.i_brand
      ,item.i_brand_id
 order by dt.d_year
         ,sum_agg desc
         ,brand_id
 limit 100;
Limit  (cost=9465.95..9471.77 rows=100 width=67) (actual time=19.217..19.415 rows=100 loops=1)
  ->  Incremental Sort  (cost=9465.95..9493.54 rows=474 width=67) (actual time=19.216..19.407 rows=100 loops=1)
        Sort Key: dt.d_year, (sum(store_sales.ss_sales_price)) DESC, item.i_brand_id
        Presorted Key: dt.d_year
        Full-sort Groups: 3  Sort Method: quicksort  Average Memory: 30kB  Peak Memory: 30kB
        ->  GroupAggregate  (cost=9465.86..9476.53 rows=474 width=67) (actual time=19.110..19.355 rows=106 loops=1)
              Group Key: dt.d_year, item.i_brand, item.i_brand_id
              ->  Sort  (cost=9465.86..9467.05 rows=474 width=67) (actual time=19.102..19.143 rows=1040 loops=1)
                    Sort Key: dt.d_year, item.i_brand, item.i_brand_id
                    Sort Method: quicksort  Memory: 162kB
                    ->  Nested Loop  (cost=0.73..9444.80 rows=474 width=67) (actual time=0.490..18.378 rows=1040 loops=1)
                          ->  Nested Loop  (cost=0.43..8721.22 rows=6103 width=71) (actual time=0.465..14.036 rows=6601 loops=1)
                                ->  Seq Scan on item  (cost=0.00..1481.00 rows=38 width=63) (actual time=0.456..6.271 rows=38 loops=1)
                                      Filter: (i_manufact_id = 88)
                                      Rows Removed by Filter: 17962
                                ->  Index Scan using pk_store_sales on store_sales  (cost=0.43..188.78 rows=175 width=24) (actual time=0.006..0.179 rows=174 loops=38)
                                      Index Cond: (ss_item_sk = item.i_item_sk)
                          ->  Memoize  (cost=0.30..0.32 rows=1 width=12) (actual time=0.001..0.001 rows=0 loops=6601)
                                Cache Key: store_sales.ss_sold_date_sk
                                Cache Mode: logical
                                Hits: 4953  Misses: 1648  Evictions: 0  Overflows: 0  Memory Usage: 123kB
                                ->  Index Scan using pk_date_dim on date_dim dt  (cost=0.29..0.31 rows=1 width=12) (actual time=0.001..0.001 rows=0 loops=1648)
                                      Index Cond: (d_date_sk = store_sales.ss_sold_date_sk)
                                      Filter: (d_moy = 11)
                                      Rows Removed by Filter: 1
 d_year | brand_id |                       brand                        |      sum_agg       
--------+----------+----------------------------------------------------+--------------------
   1998 |  3002001 | importoexporti #1                                  |             634.06
   1998 | 10016004 | corpamalgamalg #4                                  |             579.11
   1998 |  6016006 | corpbrand #6                                       |             533.75
   1998 |  1004002 | edu packamalg #2                                   |             517.34
   1998 |  6013003 | exportibrand #3                                    | 471.93000000000006
   1998 |  7010008 | univnameless #8                                    |             471.31
   1998 |  7001007 | amalgbrand #7                                      | 445.59000000000003
   1998 |  4003001 | exportiedu pack #1                                 |             445.26
   1998 |  6015008 | scholarbrand #8                                    |             444.38
   1998 |  5001002 | amalgscholar #2                                    | 437.09999999999997
   1998 |  8013002 | exportimaxi #2                                     |             352.59
   1998 |  3004002 | edu packexporti #2                                 | 285.84000000000003
   1998 |  9002005 | importomaxi #5                                     |             274.98
   1998 |  6007003 | brandcorp #3                                       |             253.41
   1998 |  2003002 | exportiimporto #2                                  | 247.10999999999999
   1998 | 10003017 | exportiunivamalg #17                               |             162.92
   1998 |  1002001 | importoamalg #1                                    |             110.36
   1998 |  4003002 | exportiedu pack #2                                 |               91.7
   1998 |  5003002 | exportischolar #2                                  |              64.87
   1999 |  3002001 | importoexporti #1                                  |             797.13
   1999 |  7010008 | univnameless #8                                    |             655.95
   1999 |  5003002 | exportischolar #2                                  |  649.9000000000001
   1999 |  6015008 | scholarbrand #8                                    |  545.9599999999999
   1999 | 10016004 | corpamalgamalg #4                                  |  488.2300000000001
   1999 |  8013002 | exportimaxi #2                                     | 462.78000000000003
   1999 |  1002001 | importoamalg #1                                    |             437.46
   1999 |  6007003 | brandcorp #3                                       | 414.38999999999993
   1999 |  5001002 | amalgscholar #2                                    |             411.41
   1999 |  1004002 | edu packamalg #2                                   |             346.74
   1999 |  4003002 | exportiedu pack #2                                 |             341.87
   1999 | 10003017 | exportiunivamalg #17                               |              302.3
   1999 |  9002005 | importomaxi #5                                     | 287.92999999999995
   1999 |  7001007 | amalgbrand #7                                      | 271.69000000000005
   1999 |  6013003 | exportibrand #3                                    |             242.57
   1999 |  2003002 | exportiimporto #2                                  |             199.76
   1999 |  6016006 | corpbrand #6                                       |             181.48
   1999 |  3004002 | edu packexporti #2                                 | 166.04000000000002
   1999 |  4003001 | exportiedu pack #1                                 |              68.46
   2000 |  3004002 | edu packexporti #2                                 |             770.86
   2000 |  3002001 | importoexporti #1                                  |  686.1100000000001
   2000 |  5001002 | amalgscholar #2                                    |  670.4699999999999
   2000 |  6015008 | scholarbrand #8                                    |             644.21
   2000 |  3001002 | amalgexporti #2                                    |             640.27
   2000 |  2003001 | edu packimporto #2                                 |             554.93
   2000 |  2003002 | exportiimporto #2                                  |             544.74
   2000 | 10016004 | maximaxi #12                                       |             424.91
   2000 |  1002001 | importoamalg #1                                    | 422.31000000000006
   2000 |  6007003 | brandcorp #3                                       |             397.69
   2000 |  6016006 | corpbrand #6                                       | 341.46999999999997
   2000 |  5003002 | exportischolar #2                                  | 322.48999999999995
   2000 |  8013002 | exportimaxi #2                                     |             306.48
   2000 |  4003001 | exportiedu pack #1                                 |             305.61
   2000 |  7010008 | univnameless #8                                    |             256.69
   2000 |  4003002 | exportiedu pack #2                                 |             256.05
   2000 |  1004002 | edu packamalg #2                                   |             211.78
   2000 |  7001007 | amalgbrand #7                                      |              168.3
   2000 |  9007012 | brandmaxi #12                                      |             146.94
   2000 |  3003001 | scholarnameless #5                                 |             142.37
   2000 |  7016008 | corpnameless #8                                    |             128.96
   2000 |  4004001 | edu packedu pack #1                                |             124.44
   2000 |  8010008 | univmaxi #8                                        |              89.62
   2000 | 10008006 | namelessunivamalg #6                               |              35.22
   2000 | 10016004 | exportinameless #7                                 | 20.240000000000002
   2000 |  3001002 | exportinameless #5                                 |               3.47
   2001 |  3004002 | edu packexporti #2                                 |             750.41
   2001 |  6016006 | corpbrand #6                                       |  660.8199999999999
   2001 |  5001002 | amalgscholar #2                                    |             607.24
   2001 | 10010004 | univamalgamalg #4                                  |  586.2800000000001
   2001 |  4003002 | exportiedu pack #2                                 |  563.2100000000002
   2001 |  7016008 | corpnameless #8                                    | 465.53999999999996
   2001 | 10016004 | maximaxi #12                                       | 450.83000000000004
   2001 |  2003002 | exportiimporto #2                                  | 418.81999999999994
   2001 |  6015008 | scholarbrand #8                                    | 405.85999999999996
   2001 |  2003001 | edu packimporto #2                                 | 404.82000000000005
   2001 |  8013002 | exportimaxi #2                                     |             400.23
   2001 |  3002001 | edu packscholar #2                                 |             396.24
   2001 |  3001002 | amalgexporti #2                                    | 393.40999999999997
   2001 |  7010008 | univnameless #8                                    |             367.04
   2001 |  1004002 | edu packamalg #2                                   |                304
   2001 |  4003001 | edu packimporto #2                                 |             243.11
   2001 |  8010008 | univmaxi #8                                        |             200.19
   2001 |  9007012 | brandmaxi #12                                      | 172.01999999999998
   2001 |  5003002 | exportischolar #2                                  |              129.8
   2001 |  4002001 | importoscholar #2                                  |              20.02
   2002 |  3004002 | edu packexporti #2                                 |            1075.73
   2002 |  4002001 | importoscholar #2                                  |              688.4
   2002 |  3001002 | exportinameless #5                                 |             560.39
   2002 |  2003002 | exportiimporto #2                                  |             555.77
   2002 | 10016004 | exportinameless #7                                 |             546.74
   2002 |  8013002 | exportimaxi #2                                     | 469.49000000000007
   2002 |  5003002 | exportischolar #2                                  |             368.64
   2002 |  6015008 | scholarbrand #8                                    | 355.35999999999996
   2002 | 10008006 | namelessunivamalg #6                               |              339.2
   2002 |  3002001 | edu packscholar #2                                 | 323.96000000000004
   2002 |  7010008 | univnameless #8                                    |              283.1
   2002 |  4003002 | exportiedu pack #2                                 | 271.15999999999997
   2002 |  4003001 | edu packimporto #2                                 | 269.25999999999993
   2002 |  8010008 | univmaxi #8                                        | 254.09999999999997
   2002 | 10010004 | univamalgamalg #4                                  | 230.66000000000003
   2002 |  9007001 | brandmaxi #1                                       | 227.03000000000003
(100 rows)

UPDATE time_statistics SET e_time = TRANSACTION_TIMESTAMP() WHERE template = 'query3.tpl' AND stream = 6;
psql:/tmp/s1-basline/throughput/query_6.sql:2709: NOTICE:  duration: 0.085 ms  plan:
Query Text: UPDATE time_statistics SET e_time = TRANSACTION_TIMESTAMP() WHERE template = 'query3.tpl' AND stream = 6;
Update on time_statistics  (cost=0.00..22.64 rows=0 width=0) (actual time=0.084..0.085 rows=0 loops=1)
  ->  Seq Scan on time_statistics  (cost=0.00..22.64 rows=1 width=14) (actual time=0.073..0.074 rows=1 loops=1)
        Filter: ((template = 'query3.tpl'::text) AND (stream = 6))
        Rows Removed by Filter: 693
UPDATE 1
LOAD 'auto_explain'; SET auto_explain.log_min_duration TO 0; SET auto_explain.log_analyze TO on; SET auto_explain.log_level TO notice; INSERT INTO time_statistics (template, s_time, stream, query, seed) VALUES ('query41.tpl', TRANSACTION_TIMESTAMP(), 6, 52, 822628148);
LOAD
SET
SET
SET
psql:/tmp/s1-basline/throughput/query_6.sql:2710: NOTICE:  duration: 0.008 ms  plan:
Query Text: INSERT INTO time_statistics (template, s_time, stream, query, seed) VALUES ('query41.tpl', TRANSACTION_TIMESTAMP(), 6, 52, 822628148);
Insert on time_statistics  (cost=0.00..0.01 rows=0 width=0) (actual time=0.008..0.008 rows=0 loops=1)
  ->  Result  (cost=0.00..0.01 rows=1 width=64) (actual time=0.001..0.001 rows=1 loops=1)
INSERT 0 1
select  distinct(i_product_name)
 from item i1
 where i_manufact_id between 722 and 722+40 
   and (select count(*) as item_cnt
        from item
        where (i_manufact = i1.i_manufact and
        ((i_category = 'Women' and 
        (i_color = 'cream' or i_color = 'hot') and 
        (i_units = 'Cup' or i_units = 'Tsp') and
        (i_size = 'small' or i_size = 'economy')
        ) or
        (i_category = 'Women' and
        (i_color = 'slate' or i_color = 'cornsilk') and
        (i_units = 'Ton' or i_units = 'Gross') and
        (i_size = 'large' or i_size = 'petite')
        ) or
        (i_category = 'Men' and
        (i_color = 'peru' or i_color = 'powder') and
        (i_units = 'Bundle' or i_units = 'Case') and
        (i_size = 'extra large' or i_size = 'medium')
        ) or
        (i_category = 'Men' and
        (i_color = 'drab' or i_color = 'tan') and
        (i_units = 'Pound' or i_units = 'Lb') and
        (i_size = 'small' or i_size = 'economy')
        ))) or
       (i_manufact = i1.i_manufact and
        ((i_category = 'Women' and 
        (i_color = 'moccasin' or i_color = 'steel') and 
        (i_units = 'Unknown' or i_units = 'Oz') and
        (i_size = 'small' or i_size = 'economy')
        ) or
        (i_category = 'Women' and
        (i_color = 'aquamarine' or i_color = 'purple') and
        (i_units = 'Bunch' or i_units = 'Each') and
        (i_size = 'large' or i_size = 'petite')
        ) or
        (i_category = 'Men' and
        (i_color = 'salmon' or i_color = 'midnight') and
        (i_units = 'Box' or i_units = 'Ounce') and
        (i_size = 'extra large' or i_size = 'medium')
        ) or
        (i_category = 'Men' and
        (i_color = 'dodger' or i_color = 'lace') and
        (i_units = 'Dram' or i_units = 'Tbl') and
        (i_size = 'small' or i_size = 'economy')
        )))) > 0
 order by i_product_name
 limit 100;
psql:/tmp/s1-basline/throughput/query_6.sql:2759: NOTICE:  duration: 1001.249 ms  plan:
Query Text: select  distinct(i_product_name)
 from item i1
 where i_manufact_id between 722 and 722+40 
   and (select count(*) as item_cnt
        from item
        where (i_manufact = i1.i_manufact and
        ((i_category = 'Women' and 
        (i_color = 'cream' or i_color = 'hot') and 
        (i_units = 'Cup' or i_units = 'Tsp') and
        (i_size = 'small' or i_size = 'economy')
        ) or
        (i_category = 'Women' and
        (i_color = 'slate' or i_color = 'cornsilk') and
        (i_units = 'Ton' or i_units = 'Gross') and
        (i_size = 'large' or i_size = 'petite')
        ) or
        (i_category = 'Men' and
        (i_color = 'peru' or i_color = 'powder') and
        (i_units = 'Bundle' or i_units = 'Case') and
        (i_size = 'extra large' or i_size = 'medium')
        ) or
        (i_category = 'Men' and
        (i_color = 'drab' or i_color = 'tan') and
        (i_units = 'Pound' or i_units = 'Lb') and
        (i_size = 'small' or i_size = 'economy')
        ))) or
       (i_manufact = i1.i_manufact and
        ((i_category = 'Women' and 
        (i_color = 'moccasin' or i_color = 'steel') and 
        (i_units = 'Unknown' or i_units = 'Oz') and
        (i_size = 'small' or i_size = 'economy')
        ) or
        (i_category = 'Women' and
        (i_color = 'aquamarine' or i_color = 'purple') and
        (i_units = 'Bunch' or i_units = 'Each') and
        (i_size = 'large' or i_size = 'petite')
        ) or
        (i_category = 'Men' and
        (i_color = 'salmon' or i_color = 'midnight') and
        (i_units = 'Box' or i_units = 'Ounce') and
        (i_size = 'extra large' or i_size = 'medium')
        ) or
        (i_category = 'Men' and
        (i_color = 'dodger' or i_color = 'lace') and
        (i_units = 'Dram' or i_units = 'Tbl') and
        (i_size = 'small' or i_size = 'economy')
        )))) > 0
 order by i_product_name
 limit 100;
Limit  (cost=72019798.30..72019798.67 rows=74 width=51) (actual time=1001.246..1001.247 rows=0 loops=1)
  ->  Unique  (cost=72019798.30..72019798.67 rows=74 width=51) (actual time=1001.246..1001.247 rows=0 loops=1)
        ->  Sort  (cost=72019798.30..72019798.48 rows=74 width=51) (actual time=1001.241..1001.242 rows=0 loops=1)
              Sort Key: i1.i_product_name
              Sort Method: quicksort  Memory: 25kB
              ->  Seq Scan on item i1  (cost=0.00..72019796.00 rows=74 width=51) (actual time=1001.237..1001.238 rows=0 loops=1)
                    Filter: ((i_manufact_id >= 722) AND (i_manufact_id <= 762) AND ((SubPlan 1) > 0))
                    Rows Removed by Filter: 18000
                    SubPlan 1
                      ->  Aggregate  (cost=4001.00..4001.01 rows=1 width=8) (actual time=4.775..4.775 rows=1 loops=209)
                            ->  Seq Scan on item  (cost=0.00..4001.00 rows=1 width=0) (actual time=4.774..4.774 rows=0 loops=209)
                                  Filter: ((i_manufact = i1.i_manufact) AND (((i_category = 'Women'::bpchar) AND ((i_color = 'cream'::bpchar) OR (i_color = 'hot'::bpchar)) AND ((i_units = 'Cup'::bpchar) OR (i_units = 'Tsp'::bpchar)) AND ((i_size = 'small'::bpchar) OR (i_size = 'economy'::bpchar))) OR ((i_category = 'Women'::bpchar) AND ((i_color = 'slate'::bpchar) OR (i_color = 'cornsilk'::bpchar)) AND ((i_units = 'Ton'::bpchar) OR (i_units = 'Gross'::bpchar)) AND ((i_size = 'large'::bpchar) OR (i_size = 'petite'::bpchar))) OR ((i_category = 'Men'::bpchar) AND ((i_color = 'peru'::bpchar) OR (i_color = 'powder'::bpchar)) AND ((i_units = 'Bundle'::bpchar) OR (i_units = 'Case'::bpchar)) AND ((i_size = 'extra large'::bpchar) OR (i_size = 'medium'::bpchar))) OR ((i_category = 'Men'::bpchar) AND ((i_color = 'drab'::bpchar) OR (i_color = 'tan'::bpchar)) AND ((i_units = 'Pound'::bpchar) OR (i_units = 'Lb'::bpchar)) AND ((i_size = 'small'::bpchar) OR (i_size = 'economy'::bpchar))) OR ((i_category = 'Women'::bpchar) AND ((i_color = 'moccasin'::bpchar) OR (i_color = 'steel'::bpchar)) AND ((i_units = 'Unknown'::bpchar) OR (i_units = 'Oz'::bpchar)) AND ((i_size = 'small'::bpchar) OR (i_size = 'economy'::bpchar))) OR ((i_category = 'Women'::bpchar) AND ((i_color = 'aquamarine'::bpchar) OR (i_color = 'purple'::bpchar)) AND ((i_units = 'Bunch'::bpchar) OR (i_units = 'Each'::bpchar)) AND ((i_size = 'large'::bpchar) OR (i_size = 'petite'::bpchar))) OR ((i_category = 'Men'::bpchar) AND ((i_color = 'salmon'::bpchar) OR (i_color = 'midnight'::bpchar)) AND ((i_units = 'Box'::bpchar) OR (i_units = 'Ounce'::bpchar)) AND ((i_size = 'extra large'::bpchar) OR (i_size = 'medium'::bpchar))) OR ((i_category = 'Men'::bpchar) AND ((i_color = 'dodger'::bpchar) OR (i_color = 'lace'::bpchar)) AND ((i_units = 'Dram'::bpchar) OR (i_units = 'Tbl'::bpchar)) AND ((i_size = 'small'::bpchar) OR (i_size = 'economy'::bpchar)))))
                                  Rows Removed by Filter: 18000
 i_product_name 
----------------
(0 rows)

UPDATE time_statistics SET e_time = TRANSACTION_TIMESTAMP() WHERE template = 'query41.tpl' AND stream = 6;
psql:/tmp/s1-basline/throughput/query_6.sql:2761: NOTICE:  duration: 0.104 ms  plan:
Query Text: UPDATE time_statistics SET e_time = TRANSACTION_TIMESTAMP() WHERE template = 'query41.tpl' AND stream = 6;
Update on time_statistics  (cost=0.00..22.64 rows=0 width=0) (actual time=0.104..0.104 rows=0 loops=1)
  ->  Seq Scan on time_statistics  (cost=0.00..22.64 rows=1 width=14) (actual time=0.089..0.090 rows=1 loops=1)
        Filter: ((template = 'query41.tpl'::text) AND (stream = 6))
        Rows Removed by Filter: 694
UPDATE 1
LOAD 'auto_explain'; SET auto_explain.log_min_duration TO 0; SET auto_explain.log_analyze TO on; SET auto_explain.log_level TO notice; INSERT INTO time_statistics (template, s_time, stream, query, seed) VALUES ('query54.tpl', TRANSACTION_TIMESTAMP(), 6, 53, 1297386708);
LOAD
SET
SET
SET
psql:/tmp/s1-basline/throughput/query_6.sql:2762: NOTICE:  duration: 0.009 ms  plan:
Query Text: INSERT INTO time_statistics (template, s_time, stream, query, seed) VALUES ('query54.tpl', TRANSACTION_TIMESTAMP(), 6, 53, 1297386708);
Insert on time_statistics  (cost=0.00..0.01 rows=0 width=0) (actual time=0.008..0.008 rows=0 loops=1)
  ->  Result  (cost=0.00..0.01 rows=1 width=64) (actual time=0.002..0.002 rows=1 loops=1)
INSERT 0 1
with my_customers as (
 select distinct c_customer_sk
        , c_current_addr_sk
 from   
        ( select cs_sold_date_sk sold_date_sk,
                 cs_bill_customer_sk customer_sk,
                 cs_item_sk item_sk
          from   catalog_sales
          union all
          select ws_sold_date_sk sold_date_sk,
                 ws_bill_customer_sk customer_sk,
                 ws_item_sk item_sk
          from   web_sales
         ) cs_or_ws_sales,
         item,
         date_dim,
         customer
 where   sold_date_sk = d_date_sk
         and item_sk = i_item_sk
         and i_category = 'Women'
         and i_class = 'swimwear'
         and c_customer_sk = cs_or_ws_sales.customer_sk
         and d_moy = 6
         and d_year = 2001
 )
 , my_revenue as (
 select c_customer_sk,
        sum(ss_ext_sales_price) as revenue
 from   my_customers,
        store_sales,
        customer_address,
        store,
        date_dim
 where  c_current_addr_sk = ca_address_sk
        and ca_county = s_county
        and ca_state = s_state
        and ss_sold_date_sk = d_date_sk
        and c_customer_sk = ss_customer_sk
        and d_month_seq between (select distinct d_month_seq+1
                                 from   date_dim where d_year = 2001 and d_moy = 6)
                           and  (select distinct d_month_seq+3
                                 from   date_dim where d_year = 2001 and d_moy = 6)
 group by c_customer_sk
 )
 , segments as
 (select cast((revenue/50) as int) as segment
  from   my_revenue
 )
  select  segment, count(*) as num_customers, segment*50 as segment_base
 from segments
 group by segment
 order by segment, num_customers
 limit 100;
psql:/tmp/s1-basline/throughput/query_6.sql:2815: NOTICE:  duration: 406.388 ms  plan:
Query Text: with my_customers as (
 select distinct c_customer_sk
        , c_current_addr_sk
 from   
        ( select cs_sold_date_sk sold_date_sk,
                 cs_bill_customer_sk customer_sk,
                 cs_item_sk item_sk
          from   catalog_sales
          union all
          select ws_sold_date_sk sold_date_sk,
                 ws_bill_customer_sk customer_sk,
                 ws_item_sk item_sk
          from   web_sales
         ) cs_or_ws_sales,
         item,
         date_dim,
         customer
 where   sold_date_sk = d_date_sk
         and item_sk = i_item_sk
         and i_category = 'Women'
         and i_class = 'swimwear'
         and c_customer_sk = cs_or_ws_sales.customer_sk
         and d_moy = 6
         and d_year = 2001
 )
 , my_revenue as (
 select c_customer_sk,
        sum(ss_ext_sales_price) as revenue
 from   my_customers,
        store_sales,
        customer_address,
        store,
        date_dim
 where  c_current_addr_sk = ca_address_sk
        and ca_county = s_county
        and ca_state = s_state
        and ss_sold_date_sk = d_date_sk
        and c_customer_sk = ss_customer_sk
        and d_month_seq between (select distinct d_month_seq+1
                                 from   date_dim where d_year = 2001 and d_moy = 6)
                           and  (select distinct d_month_seq+3
                                 from   date_dim where d_year = 2001 and d_moy = 6)
 group by c_customer_sk
 )
 , segments as
 (select cast((revenue/50) as int) as segment
  from   my_revenue
 )
  select  segment, count(*) as num_customers, segment*50 as segment_base
 from segments
 group by segment
 order by segment, num_customers
 limit 100;
Limit  (cost=106256.94..106256.95 rows=1 width=16) (actual time=312.325..406.385 rows=0 loops=1)
  ->  Sort  (cost=106256.94..106256.95 rows=1 width=16) (actual time=312.324..406.384 rows=0 loops=1)
        Sort Key: (((my_revenue.revenue / '50'::double precision))::integer), (count(*))
        Sort Method: quicksort  Memory: 25kB
        ->  GroupAggregate  (cost=106256.90..106256.93 rows=1 width=16) (actual time=312.321..406.380 rows=0 loops=1)
              Group Key: (((my_revenue.revenue / '50'::double precision))::integer)
              ->  Sort  (cost=106256.90..106256.90 rows=1 width=12) (actual time=312.320..406.379 rows=0 loops=1)
                    Sort Key: (((my_revenue.revenue / '50'::double precision))::integer)
                    Sort Method: quicksort  Memory: 25kB
                    ->  Subquery Scan on my_revenue  (cost=106256.85..106256.89 rows=1 width=12) (actual time=312.319..406.378 rows=0 loops=1)
                          ->  GroupAggregate  (cost=106256.85..106256.87 rows=1 width=16) (actual time=312.318..406.376 rows=0 loops=1)
                                Group Key: customer.c_customer_sk
                                InitPlan 1 (returns $0)
                                  ->  Unique  (cost=2501.55..2501.70 rows=30 width=4) (never executed)
                                        ->  Sort  (cost=2501.55..2501.62 rows=30 width=4) (never executed)
                                              Sort Key: ((date_dim_2.d_month_seq + 1))
                                              ->  Seq Scan on date_dim date_dim_2  (cost=0.00..2500.81 rows=30 width=4) (never executed)
                                                    Filter: ((d_year = 2001) AND (d_moy = 6))
                                InitPlan 2 (returns $1)
                                  ->  Unique  (cost=2501.55..2501.70 rows=30 width=4) (never executed)
                                        ->  Sort  (cost=2501.55..2501.62 rows=30 width=4) (never executed)
                                              Sort Key: ((date_dim_3.d_month_seq + 3))
                                              ->  Seq Scan on date_dim date_dim_3  (cost=0.00..2500.81 rows=30 width=4) (never executed)
                                                    Filter: ((d_year = 2001) AND (d_moy = 6))
                                ->  Sort  (cost=101253.46..101253.47 rows=1 width=16) (actual time=312.317..406.373 rows=0 loops=1)
                                      Sort Key: customer.c_customer_sk
                                      Sort Method: quicksort  Memory: 25kB
                                      ->  Nested Loop  (cost=11237.00..101253.45 rows=1 width=16) (actual time=312.315..406.372 rows=0 loops=1)
                                            ->  Gather  (cost=11236.71..101253.14 rows=1 width=24) (actual time=312.315..406.371 rows=0 loops=1)
                                                  Workers Planned: 2
                                                  Workers Launched: 2
                                                  ->  Hash Join  (cost=10236.71..100253.04 rows=1 width=24) (actual time=255.126..255.131 rows=0 loops=3)
                                                        Hash Cond: (store_sales.ss_customer_sk = customer.c_customer_sk)
                                                        ->  Parallel Seq Scan on store_sales  (cost=0.00..85499.45 rows=1204445 width=24) (actual time=0.014..0.014 rows=1 loops=3)
                                                        ->  Hash  (cost=10236.70..10236.70 rows=1 width=8) (actual time=255.023..255.026 rows=0 loops=3)
                                                              Buckets: 1024  Batches: 1  Memory Usage: 8kB
                                                              ->  Nested Loop  (cost=10230.37..10236.70 rows=1 width=8) (actual time=255.023..255.025 rows=0 loops=3)
                                                                    Join Filter: (((customer_address.ca_county)::text = (store.s_county)::text) AND (customer_address.ca_state = store.s_state))
                                                                    Rows Removed by Join Filter: 5724
                                                                    ->  Nested Loop  (cost=10230.37..10235.13 rows=2 width=25) (actual time=252.632..254.305 rows=477 loops=3)
                                                                          ->  Unique  (cost=10230.08..10230.09 rows=2 width=16) (actual time=252.591..252.692 rows=477 loops=3)
                                                                                ->  Sort  (cost=10230.08..10230.08 rows=2 width=16) (actual time=252.590..252.622 rows=541 loops=3)
                                                                                      Sort Key: customer.c_customer_sk, customer.c_current_addr_sk
                                                                                      Sort Method: quicksort  Memory: 54kB
                                                                                      Worker 0:  Sort Method: quicksort  Memory: 54kB
                                                                                      Worker 1:  Sort Method: quicksort  Memory: 54kB
                                                                                      ->  Nested Loop  (cost=1.01..10230.07 rows=2 width=16) (actual time=2.781..252.406 rows=541 loops=3)
                                                                                            ->  Nested Loop  (cost=0.72..10229.44 rows=2 width=8) (actual time=2.747..249.407 rows=543 loops=3)
                                                                                                  ->  Nested Loop  (cost=0.43..8442.30 rows=5659 width=16) (actual time=0.123..162.749 rows=56398 loops=3)
                                                                                                        ->  Seq Scan on item  (cost=0.00..1526.00 rows=47 width=8) (actual time=0.045..10.464 rows=469 loops=3)
                                                                                                              Filter: ((i_category = 'Women'::bpchar) AND (i_class = 'swimwear'::bpchar))
                                                                                                              Rows Removed by Filter: 17531
                                                                                                        ->  Append  (cost=0.43..145.84 rows=132 width=24) (actual time=0.010..0.315 rows=120 loops=1407)
                                                                                                              ->  Index Scan using pk_catalog_sales on catalog_sales  (cost=0.43..96.26 rows=88 width=24) (actual time=0.010..0.206 rows=80 loops=1407)
                                                                                                                    Index Cond: (cs_item_sk = item.i_item_sk)
                                                                                                              ->  Index Scan using pk_web_sales on web_sales  (cost=0.42..48.92 rows=44 width=24) (actual time=0.008..0.100 rows=40 loops=1407)
                                                                                                                    Index Cond: (ws_item_sk = item.i_item_sk)
                                                                                                  ->  Index Scan using pk_date_dim on date_dim date_dim_1  (cost=0.29..0.32 rows=1 width=8) (actual time=0.001..0.001 rows=0 loops=169194)
                                                                                                        Index Cond: (d_date_sk = catalog_sales.cs_sold_date_sk)
                                                                                                        Filter: ((d_moy = 6) AND (d_year = 2001))
                                                                                                        Rows Removed by Filter: 1
                                                                                            ->  Index Scan using pk_customer on customer  (cost=0.29..0.31 rows=1 width=16) (actual time=0.005..0.005 rows=1 loops=1629)
                                                                                                  Index Cond: (c_customer_sk = catalog_sales.cs_bill_customer_sk)
                                                                          ->  Index Scan using pk_customer_address on customer_address  (cost=0.29..2.51 rows=1 width=25) (actual time=0.003..0.003 rows=1 loops=1431)
                                                                                Index Cond: (ca_address_sk = customer.c_current_addr_sk)
                                                                    ->  Materialize  (cost=0.00..1.18 rows=12 width=21) (actual time=0.000..0.001 rows=12 loops=1431)
                                                                          ->  Seq Scan on store  (cost=0.00..1.12 rows=12 width=21) (actual time=0.027..0.031 rows=12 loops=3)
                                            ->  Index Scan using pk_date_dim on date_dim  (cost=0.29..0.32 rows=1 width=8) (never executed)
                                                  Index Cond: (d_date_sk = store_sales.ss_sold_date_sk)
                                                  Filter: ((d_month_seq >= $0) AND (d_month_seq <= $1))
 segment | num_customers | segment_base 
---------+---------------+--------------
(0 rows)

UPDATE time_statistics SET e_time = TRANSACTION_TIMESTAMP() WHERE template = 'query54.tpl' AND stream = 6;
psql:/tmp/s1-basline/throughput/query_6.sql:2817: NOTICE:  duration: 0.100 ms  plan:
Query Text: UPDATE time_statistics SET e_time = TRANSACTION_TIMESTAMP() WHERE template = 'query54.tpl' AND stream = 6;
Update on time_statistics  (cost=0.00..22.64 rows=0 width=0) (actual time=0.099..0.100 rows=0 loops=1)
  ->  Seq Scan on time_statistics  (cost=0.00..22.64 rows=1 width=14) (actual time=0.085..0.085 rows=1 loops=1)
        Filter: ((template = 'query54.tpl'::text) AND (stream = 6))
        Rows Removed by Filter: 695
UPDATE 1
LOAD 'auto_explain'; SET auto_explain.log_min_duration TO 0; SET auto_explain.log_analyze TO on; SET auto_explain.log_level TO notice; INSERT INTO time_statistics (template, s_time, stream, query, seed) VALUES ('query67.tpl', TRANSACTION_TIMESTAMP(), 6, 54, 1776933365);
LOAD
SET
SET
SET
psql:/tmp/s1-basline/throughput/query_6.sql:2818: NOTICE:  duration: 0.008 ms  plan:
Query Text: INSERT INTO time_statistics (template, s_time, stream, query, seed) VALUES ('query67.tpl', TRANSACTION_TIMESTAMP(), 6, 54, 1776933365);
Insert on time_statistics  (cost=0.00..0.01 rows=0 width=0) (actual time=0.008..0.008 rows=0 loops=1)
  ->  Result  (cost=0.00..0.01 rows=1 width=64) (actual time=0.001..0.001 rows=1 loops=1)
INSERT 0 1
select  *
from (select i_category
            ,i_class
            ,i_brand
            ,i_product_name
            ,d_year
            ,d_qoy
            ,d_moy
            ,s_store_id
            ,sumsales
            ,rank() over (partition by i_category order by sumsales desc) rk
      from (select i_category
                  ,i_class
                  ,i_brand
                  ,i_product_name
                  ,d_year
                  ,d_qoy
                  ,d_moy
                  ,s_store_id
                  ,sum(coalesce(ss_sales_price*ss_quantity,0)) sumsales
            from store_sales
                ,date_dim
                ,store
                ,item
       where  ss_sold_date_sk=d_date_sk
          and ss_item_sk=i_item_sk
          and ss_store_sk = s_store_sk
          and d_month_seq between 1187 and 1187+11
       group by  rollup(i_category, i_class, i_brand, i_product_name, d_year, d_qoy, d_moy,s_store_id))dw1) dw2
where rk <= 100
order by i_category
        ,i_class
        ,i_brand
        ,i_product_name
        ,d_year
        ,d_qoy
        ,d_moy
        ,s_store_id
        ,sumsales
        ,rk
limit 100;
psql:/tmp/s1-basline/throughput/query_6.sql:2859: NOTICE:  duration: 1667.890 ms  plan:
Query Text: select  *
from (select i_category
            ,i_class
            ,i_brand
            ,i_product_name
            ,d_year
            ,d_qoy
            ,d_moy
            ,s_store_id
            ,sumsales
            ,rank() over (partition by i_category order by sumsales desc) rk
      from (select i_category
                  ,i_class
                  ,i_brand
                  ,i_product_name
                  ,d_year
                  ,d_qoy
                  ,d_moy
                  ,s_store_id
                  ,sum(coalesce(ss_sales_price*ss_quantity,0)) sumsales
            from store_sales
                ,date_dim
                ,store
                ,item
       where  ss_sold_date_sk=d_date_sk
          and ss_item_sk=i_item_sk
          and ss_store_sk = s_store_sk
          and d_month_seq between 1187 and 1187+11
       group by  rollup(i_category, i_class, i_brand, i_product_name, d_year, d_qoy, d_moy,s_store_id))dw1) dw2
where rk <= 100
order by i_category
        ,i_class
        ,i_brand
        ,i_product_name
        ,d_year
        ,d_qoy
        ,d_moy
        ,s_store_id
        ,sumsales
        ,rk
limit 100;
Limit  (cost=94320.91..94343.52 rows=100 width=249) (actual time=1588.322..1667.817 rows=100 loops=1)
  ->  Incremental Sort  (cost=94320.91..109947.79 rows=69126 width=249) (actual time=1588.321..1667.810 rows=100 loops=1)
        Sort Key: dw1.i_category, dw1.i_class, dw1.i_brand, dw1.i_product_name, dw1.d_year, dw1.d_qoy, dw1.d_moy, dw1.s_store_id, dw1.sumsales, (rank() OVER (?))
        Presorted Key: dw1.i_category
        Full-sort Groups: 1  Sort Method: quicksort  Average Memory: 42kB  Peak Memory: 42kB
        Pre-sorted Groups: 1  Sort Method: quicksort  Average Memory: 51kB  Peak Memory: 51kB
        ->  WindowAgg  (cost=94247.18..104339.13 rows=69126 width=249) (actual time=1443.017..1667.502 rows=101 loops=1)
              Run Condition: (rank() OVER (?) <= 100)
              ->  Incremental Sort  (cost=94247.18..103129.42 rows=69126 width=241) (actual time=1443.008..1660.074 rows=53325 loops=1)
                    Sort Key: dw1.i_category, dw1.sumsales DESC
                    Presorted Key: dw1.i_category
                    Full-sort Groups: 2  Sort Method: quicksort  Average Memory: 43kB  Peak Memory: 43kB
                    Pre-sorted Groups: 2  Sort Method: quicksort  Average Memory: 16350kB  Peak Memory: 16350kB
                    ->  Subquery Scan on dw1  (cost=94207.34..97499.58 rows=69126 width=241) (actual time=1302.399..1602.796 rows=104416 loops=1)
                          ->  GroupAggregate  (cost=94207.34..96808.32 rows=69126 width=241) (actual time=1302.398..1593.599 rows=104416 loops=1)
                                Group Key: item.i_category, item.i_class, item.i_brand, item.i_product_name, date_dim.d_year, date_dim.d_qoy, date_dim.d_moy, store.s_store_id
                                Group Key: item.i_category, item.i_class, item.i_brand, item.i_product_name, date_dim.d_year, date_dim.d_qoy, date_dim.d_moy
                                Group Key: item.i_category, item.i_class, item.i_brand, item.i_product_name, date_dim.d_year, date_dim.d_qoy
                                Group Key: item.i_category, item.i_class, item.i_brand, item.i_product_name, date_dim.d_year
                                Group Key: item.i_category, item.i_class, item.i_brand, item.i_product_name
                                Group Key: item.i_category, item.i_class, item.i_brand
                                Group Key: item.i_category, item.i_class
                                Group Key: item.i_category
                                Group Key: ()
                                ->  Gather Merge  (cost=94207.34..95752.27 rows=13265 width=245) (actual time=1302.378..1510.273 rows=106918 loops=1)
                                      Workers Planned: 2
                                      Workers Launched: 2
                                      ->  Sort  (cost=93207.32..93221.13 rows=5527 width=245) (actual time=1203.235..1245.135 rows=35787 loops=3)
                                            Sort Key: item.i_category, item.i_class, item.i_brand, item.i_product_name, date_dim.d_year, date_dim.d_qoy, date_dim.d_moy, store.s_store_id
                                            Sort Method: external merge  Disk: 52536kB
                                            Worker 0:  Sort Method: external merge  Disk: 41880kB
                                            Worker 1:  Sort Method: external merge  Disk: 42496kB
                                            ->  Hash Join  (cost=4167.60..92863.75 rows=5527 width=245) (actual time=34.568..355.168 rows=178299 loops=3)
                                                  Hash Cond: (store_sales.ss_item_sk = item.i_item_sk)
                                                  ->  Hash Join  (cost=2506.60..91188.24 rows=5527 width=49) (actual time=11.472..286.883 rows=178299 loops=3)
                                                        Hash Cond: (store_sales.ss_store_sk = store.s_store_sk)
                                                        ->  Hash Join  (cost=2505.33..91166.63 rows=5797 width=40) (actual time=11.426..256.874 rows=182689 loops=3)
                                                              Hash Cond: (store_sales.ss_sold_date_sk = date_dim.d_date_sk)
                                                              ->  Parallel Seq Scan on store_sales  (cost=0.00..85499.45 rows=1204445 width=36) (actual time=0.015..120.867 rows=948150 loops=3)
                                                              ->  Hash  (cost=2500.73..2500.73 rows=368 width=20) (actual time=11.389..11.391 rows=365 loops=3)
                                                                    Buckets: 1024  Batches: 1  Memory Usage: 28kB
                                                                    ->  Seq Scan on date_dim  (cost=0.00..2500.73 rows=368 width=20) (actual time=5.248..11.324 rows=365 loops=3)
                                                                          Filter: ((d_month_seq >= 1187) AND (d_month_seq <= 1198))
                                                                          Rows Removed by Filter: 72684
                                                        ->  Hash  (cost=1.12..1.12 rows=12 width=25) (actual time=0.032..0.032 rows=12 loops=3)
                                                              Buckets: 1024  Batches: 1  Memory Usage: 9kB
                                                              ->  Seq Scan on store  (cost=0.00..1.12 rows=12 width=25) (actual time=0.026..0.028 rows=12 loops=3)
                                                  ->  Hash  (cost=1436.00..1436.00 rows=18000 width=212) (actual time=22.902..22.902 rows=18000 loops=3)
                                                        Buckets: 32768  Batches: 1  Memory Usage: 4606kB
                                                        ->  Seq Scan on item  (cost=0.00..1436.00 rows=18000 width=212) (actual time=0.025..17.505 rows=18000 loops=3)
                     i_category                     |                      i_class                       |                      i_brand                       | i_product_name | d_year | d_qoy | d_moy | s_store_id |      sumsales      | rk  
----------------------------------------------------+----------------------------------------------------+----------------------------------------------------+----------------+--------+-------+-------+------------+--------------------+-----
 Books                                              | arts                                               | amalgmaxi #11                                      |                |        |       |       |            | 1377425.1199999999 |  34
 Books                                              | arts                                               | amalgmaxi #2                                       |                |        |       |       |            | 1630317.3599999982 |  26
 Books                                              | arts                                               | amalgmaxi #3                                       |                |        |       |       |            |  879489.2599999995 |  81
 Books                                              | arts                                               | amalgmaxi #5                                       |                |        |       |       |            |  868642.4999999995 |  83
 Books                                              | arts                                               | amalgmaxi #8                                       |                |        |       |       |            | 1280540.6899999995 |  43
 Books                                              | arts                                               | amalgmaxi #9                                       |                |        |       |       |            | 1323915.0999999994 |  37
 Books                                              | arts                                               |                                                    |                |        |       |       |            |  7360330.030000018 |   5
 Books                                              | business                                           | importomaxi #11                                    |                |        |       |       |            |  742609.4699999999 |  96
 Books                                              | business                                           | importomaxi #2                                     |                |        |       |       |            | 1675923.6799999974 |  23
 Books                                              | business                                           | importomaxi #3                                     |                |        |       |       |            |  689883.4199999998 |  99
 Books                                              | business                                           | importomaxi #5                                     |                |        |       |       |            | 1320072.0000000007 |  38
 Books                                              | business                                           | importomaxi #8                                     |                |        |       |       |            | 1023653.2399999992 |  65
 Books                                              | business                                           | importomaxi #9                                     |                |        |       |       |            |  890539.7299999999 |  79
 Books                                              | business                                           |                                                    |                |        |       |       |            |  6342681.540000011 |   9
 Books                                              | computers                                          | exportimaxi #11                                    |                |        |       |       |            | 1134396.1099999999 |  56
 Books                                              | computers                                          | exportimaxi #2                                     |                |        |       |       |            | 1411280.5299999993 |  32
 Books                                              | computers                                          | exportimaxi #3                                     |                |        |       |       |            | 1514718.2899999986 |  28
 Books                                              | computers                                          | exportimaxi #5                                     |                |        |       |       |            | 1461443.0199999982 |  30
 Books                                              | computers                                          | exportimaxi #8                                     |                |        |       |       |            |         1129874.64 |  57
 Books                                              | computers                                          | exportimaxi #9                                     |                |        |       |       |            | 1140536.5200000007 |  55
 Books                                              | computers                                          |                                                    |                |        |       |       |            |   7792249.11000003 |   4
 Books                                              | cooking                                            | amalgunivamalg #11                                 |                |        |       |       |            | 1066159.9899999995 |  62
 Books                                              | cooking                                            | amalgunivamalg #3                                  |                |        |       |       |            | 1051980.0299999998 |  63
 Books                                              | cooking                                            | amalgunivamalg #5                                  |                |        |       |       |            | 1837255.4899999984 |  20
 Books                                              | cooking                                            | amalgunivamalg #8                                  |                |        |       |       |            | 1270615.9799999995 |  44
 Books                                              | cooking                                            | amalgunivamalg #9                                  |                |        |       |       |            |  887973.3999999994 |  80
 Books                                              | cooking                                            |                                                    |                |        |       |       |            |  6762885.420000011 |   8
 Books                                              | entertainments                                     | edu packmaxi #11                                   |                |        |       |       |            | 1349703.0199999993 |  35
 Books                                              | entertainments                                     | edu packmaxi #2                                    |                |        |       |       |            |          1295484.8 |  40
 Books                                              | entertainments                                     | edu packmaxi #3                                    |                |        |       |       |            |  760108.5199999999 |  93
 Books                                              | entertainments                                     | edu packmaxi #5                                    |                |        |       |       |            |  773305.7299999999 |  92
 Books                                              | entertainments                                     | edu packmaxi #8                                    |                |        |       |       |            | 2049031.1300000038 |  18
 Books                                              | entertainments                                     | edu packmaxi #9                                    |                |        |       |       |            |  802290.3899999995 |  90
 Books                                              | entertainments                                     |                                                    |                |        |       |       |            |  7029923.590000008 |   6
 Books                                              | fiction                                            | scholarunivamalg #11                               |                |        |       |       |            |  984327.8300000009 |  71
 Books                                              | fiction                                            | scholarunivamalg #2                                |                |        |       |       |            | 1655763.9400000009 |  25
 Books                                              | fiction                                            | scholarunivamalg #3                                |                |        |       |       |            | 1229988.5600000003 |  49
 Books                                              | fiction                                            | scholarunivamalg #5                                |                |        |       |       |            | 1795500.7799999977 |  21
 Books                                              | fiction                                            | scholarunivamalg #8                                |                |        |       |       |            | 1331219.9199999997 |  36
 Books                                              | fiction                                            | scholarunivamalg #9                                |                |        |       |       |            | 1141583.2100000004 |  54
 Books                                              | fiction                                            |                                                    |                |        |       |       |            |  8138384.239999996 |   3
 Books                                              | history                                            | scholarmaxi #11                                    |                |        |       |       |            | 1033341.5800000007 |  64
 Books                                              | history                                            | scholarmaxi #2                                     |                |        |       |       |            |  1871330.089999999 |  19
 Books                                              | history                                            | scholarmaxi #3                                     |                |        |       |       |            |         1708092.85 |  22
 Books                                              | history                                            | scholarmaxi #5                                     |                |        |       |       |            |          1267379.6 |  45
 Books                                              | history                                            | scholarmaxi #8                                     |                |        |       |       |            |  967898.6200000001 |  72
 Books                                              | history                                            | scholarmaxi #9                                     |                |        |       |       |            | 1453511.0000000005 |  31
 Books                                              | history                                            |                                                    |                |        |       |       |            |  8301553.740000012 |   2
 Books                                              | home repair                                        | importounivamalg #2                                |                |        |       |       |            | 1083079.3500000008 |  59
 Books                                              | home repair                                        | importounivamalg #3                                |                |        |       |       |            |         1005769.49 |  68
 Books                                              | home repair                                        | importounivamalg #9                                |                |        |       |       |            | 1283052.7999999986 |  41
 Books                                              | home repair                                        |                                                    |                |        |       |       |            |  4986886.720000008 |  16
 Books                                              | mystery                                            | corpunivamalg #11                                  |                |        |       |       |            |         1382845.83 |  33
 Books                                              | mystery                                            | corpunivamalg #5                                   |                |        |       |       |            |  849676.7199999996 |  87
 Books                                              | mystery                                            | corpunivamalg #8                                   |                |        |       |       |            |  1473516.679999999 |  29
 Books                                              | mystery                                            | corpunivamalg #9                                   |                |        |       |       |            |  751306.9699999997 |  94
 Books                                              | mystery                                            |                                                    |                |        |       |       |            |  5521600.559999996 |  14
 Books                                              | parenting                                          | corpmaxi #2                                        |                |        |       |       |            |  853932.3000000003 |  86
 Books                                              | parenting                                          | corpmaxi #3                                        |                |        |       |       |            | 1019073.6000000007 |  66
 Books                                              | parenting                                          | corpmaxi #5                                        |                |        |       |       |            | 1005609.0900000009 |  69
 Books                                              | parenting                                          | corpmaxi #8                                        |                |        |       |       |            |  915309.2900000002 |  76
 Books                                              | parenting                                          |                                                    |                |        |       |       |            |  4861327.869999998 |  17
 Books                                              | reference                                          | brandmaxi #2                                       |                |        |       |       |            |  808550.4299999997 |  89
 Books                                              | reference                                          | brandmaxi #3                                       |                |        |       |       |            | 1219666.2299999993 |  51
 Books                                              | reference                                          | brandmaxi #5                                       |                |        |       |       |            |  777517.6799999999 |  91
 Books                                              | reference                                          | brandmaxi #8                                       |                |        |       |       |            |  996502.3800000008 |  70
 Books                                              | reference                                          | brandmaxi #9                                       |                |        |       |       |            | 1208545.2500000007 |  52
 Books                                              | reference                                          |                                                    |                |        |       |       |            |  5576515.129999985 |  13
 Books                                              | romance                                            | namelessmaxi #11                                   |                |        |       |       |            |  919921.9500000004 |  75
 Books                                              | romance                                            | namelessmaxi #2                                    |                |        |       |       |            |  855634.6099999998 |  85
 Books                                              | romance                                            | namelessmaxi #3                                    |                |        |       |       |            |          962534.15 |  73
 Books                                              | romance                                            | namelessmaxi #5                                    |                |        |       |       |            | 1258069.6600000006 |  47
 Books                                              | romance                                            | namelessmaxi #8                                    |                |        |       |       |            |  892193.6599999999 |  78
 Books                                              | romance                                            | namelessmaxi #9                                    |                |        |       |       |            |  868577.5799999996 |  84
 Books                                              | romance                                            |                                                    |                |        |       |       |            |  5756931.610000017 |  11
 Books                                              | science                                            | maximaxi #2                                        |                |        |       |       |            |  929775.9999999995 |  74
 Books                                              | science                                            | maximaxi #3                                        |                |        |       |       |            |  734544.8300000002 |  98
 Books                                              | science                                            | maximaxi #5                                        |                |        |       |       |            | 1224559.1600000001 |  50
 Books                                              | science                                            | maximaxi #8                                        |                |        |       |       |            |  748168.4699999994 |  95
 Books                                              | science                                            | maximaxi #9                                        |                |        |       |       |            |  893455.6099999993 |  77
 Books                                              | science                                            |                                                    |                |        |       |       |            |  5107897.050000007 |  15
 Books                                              | self-help                                          | exportiunivamalg #2                                |                |        |       |       |            |  845563.9599999998 |  88
 Books                                              | self-help                                          | exportiunivamalg #3                                |                |        |       |       |            | 1627398.0800000005 |  27
 Books                                              | self-help                                          | exportiunivamalg #5                                |                |        |       |       |            | 1263422.3499999982 |  46
 Books                                              | self-help                                          | exportiunivamalg #8                                |                |        |       |       |            | 1009752.7600000008 |  67
 Books                                              | self-help                                          | exportiunivamalg #9                                |                |        |       |       |            |          878913.34 |  82
 Books                                              | self-help                                          |                                                    |                |        |       |       |            |  5844889.019999997 |  10
 Books                                              | sports                                             | edu packunivamalg #11                              |                |        |       |       |            |  683221.6699999997 | 100
 Books                                              | sports                                             | edu packunivamalg #3                               |                |        |       |       |            | 1176335.1699999976 |  53
 Books                                              | sports                                             | edu packunivamalg #8                               |                |        |       |       |            | 1082264.2499999995 |  60
 Books                                              | sports                                             | edu packunivamalg #9                               |                |        |       |       |            | 1665271.3800000008 |  24
 Books                                              | sports                                             |                                                    |                |        |       |       |            | 5748120.1100000115 |  12
 Books                                              | travel                                             | univunivamalg #11                                  |                |        |       |       |            |  1312116.659999999 |  39
 Books                                              | travel                                             | univunivamalg #2                                   |                |        |       |       |            | 1245064.3399999987 |  48
 Books                                              | travel                                             | univunivamalg #3                                   |                |        |       |       |            | 1282014.3500000006 |  42
 Books                                              | travel                                             | univunivamalg #5                                   |                |        |       |       |            | 1074611.1899999997 |  61
 Books                                              | travel                                             | univunivamalg #8                                   |                |        |       |       |            | 1120449.9500000004 |  58
 Books                                              | travel                                             | univunivamalg #9                                   |                |        |       |       |            |  736434.6799999999 |  97
 Books                                              | travel                                             |                                                    |                |        |       |       |            | 6770691.1700000055 |   7
 Books                                              |                                                    |                                                    |                |        |       |       |            |  101902866.9100002 |   1
(100 rows)

UPDATE time_statistics SET e_time = TRANSACTION_TIMESTAMP() WHERE template = 'query67.tpl' AND stream = 6;
psql:/tmp/s1-basline/throughput/query_6.sql:2861: NOTICE:  duration: 0.112 ms  plan:
Query Text: UPDATE time_statistics SET e_time = TRANSACTION_TIMESTAMP() WHERE template = 'query67.tpl' AND stream = 6;
Update on time_statistics  (cost=0.00..21.46 rows=0 width=0) (actual time=0.112..0.112 rows=0 loops=1)
  ->  Seq Scan on time_statistics  (cost=0.00..21.46 rows=1 width=14) (actual time=0.090..0.091 rows=1 loops=1)
        Filter: ((template = 'query67.tpl'::text) AND (stream = 6))
        Rows Removed by Filter: 696
UPDATE 1
LOAD 'auto_explain'; SET auto_explain.log_min_duration TO 0; SET auto_explain.log_analyze TO on; SET auto_explain.log_level TO notice; INSERT INTO time_statistics (template, s_time, stream, query, seed) VALUES ('../query_postgresql/query77.tpl', TRANSACTION_TIMESTAMP(), 6, 55, 1094987937);
LOAD
SET
SET
SET
psql:/tmp/s1-basline/throughput/query_6.sql:2862: NOTICE:  duration: 0.020 ms  plan:
Query Text: INSERT INTO time_statistics (template, s_time, stream, query, seed) VALUES ('../query_postgresql/query77.tpl', TRANSACTION_TIMESTAMP(), 6, 55, 1094987937);
Insert on time_statistics  (cost=0.00..0.01 rows=0 width=0) (actual time=0.020..0.020 rows=0 loops=1)
  ->  Result  (cost=0.00..0.01 rows=1 width=64) (actual time=0.001..0.001 rows=1 loops=1)
INSERT 0 1
with ss as
 (select s_store_sk,
         sum(ss_ext_sales_price) as sales,
         sum(ss_net_profit) as profit
 from store_sales,
      date_dim,
      store
 where ss_sold_date_sk = d_date_sk
       and d_date between cast('2001-08-10' as date) 
                  and (cast('2001-08-10' as date) + interval '30 days') 
       and ss_store_sk = s_store_sk
 group by s_store_sk)
 ,
 sr as
 (select s_store_sk,
         sum(sr_return_amt) as returns,
         sum(sr_net_loss) as profit_loss
 from store_returns,
      date_dim,
      store
 where sr_returned_date_sk = d_date_sk
       and d_date between cast('2001-08-10' as date)
                  and (cast('2001-08-10' as date) + interval '30 days')
       and sr_store_sk = s_store_sk
 group by s_store_sk), 
 cs as
 (select cs_call_center_sk,
        sum(cs_ext_sales_price) as sales,
        sum(cs_net_profit) as profit
 from catalog_sales,
      date_dim
 where cs_sold_date_sk = d_date_sk
       and d_date between cast('2001-08-10' as date)
                  and (cast('2001-08-10' as date) + interval '30 days')
 group by cs_call_center_sk 
 ), 
 cr as
 (select cr_call_center_sk,
         sum(cr_return_amount) as returns,
         sum(cr_net_loss) as profit_loss
 from catalog_returns,
      date_dim
 where cr_returned_date_sk = d_date_sk
       and d_date between cast('2001-08-10' as date)
                  and (cast('2001-08-10' as date) + interval '30 days')
 group by cr_call_center_sk
 ), 
 ws as
 ( select wp_web_page_sk,
        sum(ws_ext_sales_price) as sales,
        sum(ws_net_profit) as profit
 from web_sales,
      date_dim,
      web_page
 where ws_sold_date_sk = d_date_sk
       and d_date between cast('2001-08-10' as date)
                  and (cast('2001-08-10' as date) + interval '30 days')
       and ws_web_page_sk = wp_web_page_sk
 group by wp_web_page_sk), 
 wr as
 (select wp_web_page_sk,
        sum(wr_return_amt) as returns,
        sum(wr_net_loss) as profit_loss
 from web_returns,
      date_dim,
      web_page
 where wr_returned_date_sk = d_date_sk
       and d_date between cast('2001-08-10' as date)
                  and (cast('2001-08-10' as date) + interval '30 days')
       and wr_web_page_sk = wp_web_page_sk
 group by wp_web_page_sk)
  select  channel
        , id
        , sum(sales) as sales
        , sum(returns) as returns
        , sum(profit) as profit
 from 
 (select 'store channel' as channel
        , ss.s_store_sk as id
        , sales
        , coalesce(returns, 0) as returns
        , (profit - coalesce(profit_loss,0)) as profit
 from   ss left join sr
        on  ss.s_store_sk = sr.s_store_sk
 union all
 select 'catalog channel' as channel
        , cs_call_center_sk as id
        , sales
        , returns
        , (profit - profit_loss) as profit
 from  cs
       , cr
 union all
 select 'web channel' as channel
        , ws.wp_web_page_sk as id
        , sales
        , coalesce(returns, 0) as returns
        , (profit - coalesce(profit_loss,0)) as profit
 from   ws left join wr
        on  ws.wp_web_page_sk = wr.wp_web_page_sk
 ) x
 group by rollup (channel, id)
 order by channel
         ,id
 limit 100;
psql:/tmp/s1-basline/throughput/query_6.sql:2967: NOTICE:  duration: 227.825 ms  plan:
Query Text: with ss as
 (select s_store_sk,
         sum(ss_ext_sales_price) as sales,
         sum(ss_net_profit) as profit
 from store_sales,
      date_dim,
      store
 where ss_sold_date_sk = d_date_sk
       and d_date between cast('2001-08-10' as date) 
                  and (cast('2001-08-10' as date) + interval '30 days') 
       and ss_store_sk = s_store_sk
 group by s_store_sk)
 ,
 sr as
 (select s_store_sk,
         sum(sr_return_amt) as returns,
         sum(sr_net_loss) as profit_loss
 from store_returns,
      date_dim,
      store
 where sr_returned_date_sk = d_date_sk
       and d_date between cast('2001-08-10' as date)
                  and (cast('2001-08-10' as date) + interval '30 days')
       and sr_store_sk = s_store_sk
 group by s_store_sk), 
 cs as
 (select cs_call_center_sk,
        sum(cs_ext_sales_price) as sales,
        sum(cs_net_profit) as profit
 from catalog_sales,
      date_dim
 where cs_sold_date_sk = d_date_sk
       and d_date between cast('2001-08-10' as date)
                  and (cast('2001-08-10' as date) + interval '30 days')
 group by cs_call_center_sk 
 ), 
 cr as
 (select cr_call_center_sk,
         sum(cr_return_amount) as returns,
         sum(cr_net_loss) as profit_loss
 from catalog_returns,
      date_dim
 where cr_returned_date_sk = d_date_sk
       and d_date between cast('2001-08-10' as date)
                  and (cast('2001-08-10' as date) + interval '30 days')
 group by cr_call_center_sk
 ), 
 ws as
 ( select wp_web_page_sk,
        sum(ws_ext_sales_price) as sales,
        sum(ws_net_profit) as profit
 from web_sales,
      date_dim,
      web_page
 where ws_sold_date_sk = d_date_sk
       and d_date between cast('2001-08-10' as date)
                  and (cast('2001-08-10' as date) + interval '30 days')
       and ws_web_page_sk = wp_web_page_sk
 group by wp_web_page_sk), 
 wr as
 (select wp_web_page_sk,
        sum(wr_return_amt) as returns,
        sum(wr_net_loss) as profit_loss
 from web_returns,
      date_dim,
      web_page
 where wr_returned_date_sk = d_date_sk
       and d_date between cast('2001-08-10' as date)
                  and (cast('2001-08-10' as date) + interval '30 days')
       and wr_web_page_sk = wp_web_page_sk
 group by wp_web_page_sk)
  select  channel
        , id
        , sum(sales) as sales
        , sum(returns) as returns
        , sum(profit) as profit
 from 
 (select 'store channel' as channel
        , ss.s_store_sk as id
        , sales
        , coalesce(returns, 0) as returns
        , (profit - coalesce(profit_loss,0)) as profit
 from   ss left join sr
        on  ss.s_store_sk = sr.s_store_sk
 union all
 select 'catalog channel' as channel
        , cs_call_center_sk as id
        , sales
        , returns
        , (profit - profit_loss) as profit
 from  cs
       , cr
 union all
 select 'web channel' as channel
        , ws.wp_web_page_sk as id
        , sales
        , coalesce(returns, 0) as returns
        , (profit - coalesce(profit_loss,0)) as profit
 from   ws left join wr
        on  ws.wp_web_page_sk = wr.wp_web_page_sk
 ) x
 group by rollup (channel, id)
 order by channel
         ,id
 limit 100;
Limit  (cost=44423.24..44430.66 rows=100 width=64) (actual time=186.206..227.777 rows=44 loops=1)
  ->  GroupAggregate  (cost=44423.24..44439.34 rows=217 width=64) (actual time=186.205..227.771 rows=44 loops=1)
        Group Key: ('store channel'::text), store.s_store_sk
        Group Key: ('store channel'::text)
        Group Key: ()
        ->  Gather Merge  (cost=44423.24..44435.82 rows=108 width=64) (actual time=186.195..227.721 rows=56 loops=1)
              Workers Planned: 2
              Workers Launched: 2
              ->  Sort  (cost=43423.22..43423.33 rows=45 width=64) (actual time=77.786..77.795 rows=19 loops=3)
                    Sort Key: ('store channel'::text), store.s_store_sk
                    Sort Method: quicksort  Memory: 26kB
                    Worker 0:  Sort Method: quicksort  Memory: 27kB
                    Worker 1:  Sort Method: quicksort  Memory: 25kB
                    ->  Parallel Append  (cost=1.71..43421.98 rows=45 width=64) (actual time=51.529..77.754 rows=19 loops=3)
                          ->  Merge Left Join  (cost=1.71..43421.64 rows=12 width=64) (actual time=103.258..177.677 rows=6 loops=1)
                                Merge Cond: (store.s_store_sk = store_1.s_store_sk)
                                ->  GroupAggregate  (cost=0.86..39733.64 rows=12 width=24) (actual time=90.833..161.654 rows=6 loops=1)
                                      Group Key: store.s_store_sk
                                      ->  Nested Loop  (cost=0.86..39725.41 rows=1081 width=24) (actual time=0.417..157.016 rows=60898 loops=1)
                                            Join Filter: (store_sales.ss_store_sk = store.s_store_sk)
                                            Rows Removed by Join Filter: 687578
                                            ->  Index Only Scan using pk_store on store  (cost=0.14..3.62 rows=12 width=8) (actual time=0.079..0.087 rows=12 loops=1)
                                                  Heap Fetches: 12
                                            ->  Materialize  (cost=0.72..39520.51 rows=1134 width=24) (actual time=0.016..9.159 rows=62373 loops=12)
                                                  ->  Nested Loop  (cost=0.72..39514.84 rows=1134 width=24) (actual time=0.191..69.550 rows=62373 loops=1)
                                                        ->  Index Scan using i_d_date on date_dim  (cost=0.29..3.09 rows=30 width=8) (actual time=0.085..0.097 rows=31 loops=1)
                                                              Index Cond: ((d_date >= '2001-08-10'::date) AND (d_date <= '2001-09-09 00:00:00'::timestamp without time zone))
                                                        ->  Index Scan using i_ss_sold_date_sk on store_sales  (cost=0.43..1301.91 rows=1515 width=32) (actual time=0.016..1.820 rows=2012 loops=31)
                                                              Index Cond: (ss_sold_date_sk = date_dim.d_date_sk)
                                ->  GroupAggregate  (cost=0.85..3687.55 rows=12 width=24) (actual time=12.420..16.015 rows=6 loops=1)
                                      Group Key: store_1.s_store_sk
                                      ->  Nested Loop  (cost=0.85..3686.60 rows=110 width=24) (actual time=0.085..15.758 rows=3091 loops=1)
                                            Join Filter: (store_returns.sr_store_sk = store_1.s_store_sk)
                                            Rows Removed by Join Filter: 34757
                                            ->  Index Only Scan using pk_store on store store_1  (cost=0.14..3.62 rows=12 width=8) (actual time=0.005..0.008 rows=12 loops=1)
                                                  Heap Fetches: 12
                                            ->  Materialize  (cost=0.71..3662.75 rows=114 width=24) (actual time=0.004..1.106 rows=3154 loops=12)
                                                  ->  Nested Loop  (cost=0.71..3662.18 rows=114 width=24) (actual time=0.047..11.222 rows=3154 loops=1)
                                                        ->  Index Scan using i_d_date on date_dim date_dim_1  (cost=0.29..3.09 rows=30 width=8) (actual time=0.010..0.017 rows=31 loops=1)
                                                              Index Cond: ((d_date >= '2001-08-10'::date) AND (d_date <= '2001-09-09 00:00:00'::timestamp without time zone))
                                                        ->  Index Scan using i_sr_returned_date_sk on store_returns  (cost=0.42..120.57 rows=140 width=32) (actual time=0.008..0.343 rows=102 loops=31)
                                                              Index Cond: (sr_returned_date_sk = date_dim_1.d_date_sk)
                          ->  Merge Left Join  (cost=12046.47..12056.10 rows=60 width=64) (actual time=33.360..37.444 rows=30 loops=1)
                                Merge Cond: (web_page.wp_web_page_sk = web_page_1.wp_web_page_sk)
                                ->  GroupAggregate  (cost=11110.23..11117.82 rows=60 width=24) (actual time=28.538..32.454 rows=30 loops=1)
                                      Group Key: web_page.wp_web_page_sk
                                      ->  Merge Join  (cost=11110.23..11114.99 rows=297 width=24) (actual time=28.389..31.295 rows=15598 loops=1)
                                            Merge Cond: (web_sales.ws_web_page_sk = web_page.wp_web_page_sk)
                                            ->  Sort  (cost=11105.86..11106.60 rows=297 width=24) (actual time=28.320..29.288 rows=15599 loops=1)
                                                  Sort Key: web_sales.ws_web_page_sk
                                                  Worker 0:  Sort Method: quicksort  Memory: 1359kB
                                                  ->  Nested Loop  (cost=0.72..11093.66 rows=297 width=24) (actual time=0.205..25.343 rows=15600 loops=1)
                                                        ->  Index Scan using i_d_date on date_dim date_dim_2  (cost=0.29..3.09 rows=30 width=8) (actual time=0.097..0.110 rows=31 loops=1)
                                                              Index Cond: ((d_date >= '2001-08-10'::date) AND (d_date <= '2001-09-09 00:00:00'::timestamp without time zone))
                                                        ->  Index Scan using i_ws_sold_date_sk on web_sales  (cost=0.42..365.72 rows=397 width=32) (actual time=0.018..0.685 rows=503 loops=31)
                                                              Index Cond: (ws_sold_date_sk = date_dim_2.d_date_sk)
                                            ->  Sort  (cost=4.37..4.52 rows=60 width=8) (actual time=0.064..0.068 rows=59 loops=1)
                                                  Sort Key: web_page.wp_web_page_sk
                                                  Worker 0:  Sort Method: quicksort  Memory: 25kB
                                                  ->  Seq Scan on web_page  (cost=0.00..2.60 rows=60 width=8) (actual time=0.045..0.055 rows=60 loops=1)
                                ->  GroupAggregate  (cost=936.24..936.78 rows=27 width=24) (actual time=4.819..4.978 rows=40 loops=1)
                                      Group Key: web_page_1.wp_web_page_sk
                                      ->  Sort  (cost=936.24..936.31 rows=27 width=24) (actual time=4.812..4.858 rows=1026 loops=1)
                                            Sort Key: web_page_1.wp_web_page_sk
                                            Worker 0:  Sort Method: quicksort  Memory: 113kB
                                            ->  Nested Loop  (cost=0.72..935.60 rows=27 width=24) (actual time=0.101..4.582 rows=1026 loops=1)
                                                  ->  Nested Loop  (cost=0.58..931.19 rows=28 width=24) (actual time=0.055..3.567 rows=1052 loops=1)
                                                        ->  Index Scan using i_d_date on date_dim date_dim_3  (cost=0.29..3.09 rows=30 width=8) (actual time=0.010..0.015 rows=31 loops=1)
                                                              Index Cond: ((d_date >= '2001-08-10'::date) AND (d_date <= '2001-09-09 00:00:00'::timestamp without time zone))
                                                        ->  Index Scan using i_wr_returned_date_sk on web_returns  (cost=0.29..30.61 rows=33 width=32) (actual time=0.005..0.107 rows=34 loops=31)
                                                              Index Cond: (wr_returned_date_sk = date_dim_3.d_date_sk)
                                                  ->  Index Only Scan using pk_web_page on web_page web_page_1  (cost=0.14..0.16 rows=1 width=8) (actual time=0.001..0.001 rows=1 loops=1052)
                                                        Index Cond: (wp_web_page_sk = web_returns.wr_web_page_sk)
                                                        Heap Fetches: 1026
                          ->  Nested Loop  (cost=1914.54..1915.94 rows=36 width=64) (actual time=17.965..18.119 rows=20 loops=1)
                                ->  HashAggregate  (cost=1683.36..1683.42 rows=6 width=24) (actual time=16.579..16.580 rows=4 loops=1)
                                      Group Key: catalog_sales.cs_call_center_sk
                                      Batches: 1  Memory Usage: 24kB
                                      ->  Nested Loop  (cost=0.72..1678.94 rows=590 width=24) (actual time=0.020..12.445 rows=31738 loops=1)
                                            ->  Index Scan using i_d_date on date_dim date_dim_4  (cost=0.29..3.09 rows=30 width=8) (actual time=0.010..0.018 rows=31 loops=1)
                                                  Index Cond: ((d_date >= '2001-08-10'::date) AND (d_date <= '2001-09-09 00:00:00'::timestamp without time zone))
                                            ->  Index Scan using i_cs_sold_date_sk on catalog_sales  (cost=0.43..48.01 rows=785 width=32) (actual time=0.004..0.169 rows=1024 loops=31)
                                                  Index Cond: (cs_sold_date_sk = date_dim_4.d_date_sk)
                                ->  Materialize  (cost=231.18..231.93 rows=6 width=16) (actual time=0.346..0.384 rows=5 loops=4)
                                      ->  Subquery Scan on cr  (cost=231.18..231.90 rows=6 width=16) (actual time=1.383..1.531 rows=5 loops=1)
                                            ->  GroupAggregate  (cost=231.18..231.84 rows=6 width=24) (actual time=1.382..1.529 rows=5 loops=1)
                                                  Group Key: catalog_returns.cr_call_center_sk
                                                  ->  Sort  (cost=231.18..231.33 rows=60 width=24) (actual time=1.306..1.368 rows=1594 loops=1)
                                                        Sort Key: catalog_returns.cr_call_center_sk
                                                        Sort Method: quicksort  Memory: 147kB
                                                        ->  Nested Loop  (cost=0.59..229.41 rows=60 width=24) (actual time=0.012..1.106 rows=1594 loops=1)
                                                              ->  Index Scan using i_d_date on date_dim date_dim_5  (cost=0.29..3.09 rows=30 width=8) (actual time=0.005..0.009 rows=31 loops=1)
                                                                    Index Cond: ((d_date >= '2001-08-10'::date) AND (d_date <= '2001-09-09 00:00:00'::timestamp without time zone))
                                                              ->  Index Scan using i_cr_returned_date_sk on catalog_returns  (cost=0.29..6.82 rows=72 width=32) (actual time=0.002..0.027 rows=51 loops=31)
                                                                    Index Cond: (cr_returned_date_sk = date_dim_5.d_date_sk)
     channel     | id |       sales        |      returns       |       profit        
-----------------+----+--------------------+--------------------+---------------------
 catalog channel |  1 | 132641121.14999959 | 2110887.4200000004 | -12843520.260000015
 catalog channel |  3 | 131437252.50000006 |  2110887.420000001 | -16611798.359999983
 catalog channel |  5 | 136239914.20000002 | 2110887.4200000004 | -15122143.509999933
 catalog channel |    |          390753.25 |  2110887.420000001 | -1439606.8599999999
 catalog channel |    | 400709041.09999955 |         8443549.68 | -46017068.989999935
 store channel   |  1 |  18471464.15999995 | 517939.29000000004 |  -8315607.770000017
 store channel   |  2 |  19909235.99999994 | 513554.88000000006 |         -9032416.66
 store channel   |  4 |  18057334.41999989 |  535582.5399999997 |  -8305611.670000018
 store channel   |  7 | 18569680.110000044 | 513901.19999999995 |         -8718525.84
 store channel   |  8 | 19683626.200000115 |          440151.79 |  -8701817.880000003
 store channel   | 10 | 19047294.769999955 |  589027.2100000005 |  -8781284.920000004
 store channel   |    | 113738635.65999988 |         3110156.91 |  -51855264.74000004
 web channel     |  1 |         1442732.61 | 18578.800000000007 | -154470.82000000012
 web channel     |  3 | 1240404.7699999993 |           25394.66 | -167803.86999999982
 web channel     |  5 | 1430974.6000000008 | 21535.880000000005 |  -102868.6000000002
 web channel     |  7 | 1213077.4200000004 |  52290.73999999998 | -227484.89000000022
 web channel     |  9 | 1255858.1300000004 | 18905.119999999995 |  -76725.56999999995
 web channel     | 11 | 1343423.0300000021 | 38018.130000000005 | -115428.48000000005
 web channel     | 13 |         1317646.88 |  70065.73000000001 | -124708.87000000005
 web channel     | 15 | 1405884.2099999995 |           21588.96 | -145395.66999999993
 web channel     | 17 | 1244364.4800000002 | 35192.700000000004 |  -227742.1499999999
 web channel     | 19 | 1442105.6000000003 |  57496.00999999999 |  -123513.7399999999
 web channel     | 21 | 1456469.9600000002 |           18473.67 |  -87378.82999999993
 web channel     | 23 | 1235860.6999999988 |  38637.12000000001 | -246974.80999999982
 web channel     | 25 | 1291189.5900000008 |           29486.34 | -144076.90999999997
 web channel     | 27 | 1276418.0499999986 |  9723.609999999999 | -206572.06999999977
 web channel     | 29 |  1321860.010000001 | 44975.899999999994 |  -90521.96999999999
 web channel     | 31 | 1478608.2399999993 |  32657.85000000001 |  -50120.87999999996
 web channel     | 33 | 1340989.0699999996 | 19204.210000000003 |  -149888.5199999999
 web channel     | 35 | 1443038.1200000008 | 15984.830000000004 | -104182.28999999988
 web channel     | 37 | 1231390.9499999988 | 45736.930000000015 | -183645.70000000004
 web channel     | 39 | 1479686.5399999989 | 12013.259999999998 | -114246.09999999995
 web channel     | 41 | 1346917.8000000012 |  63496.21999999999 | -183950.07000000018
 web channel     | 43 | 1184565.5199999996 |           46366.67 | -226779.56000000006
 web channel     | 45 | 1306226.6100000006 |  52966.12000000001 |  -90320.30999999997
 web channel     | 47 | 1454247.3900000004 |           38043.81 | -192434.10000000006
 web channel     | 49 | 1336401.8499999999 |           35442.06 |  -214773.4800000002
 web channel     | 51 | 1169485.5599999994 | 26291.989999999998 | -193532.95000000013
 web channel     | 53 | 1168593.7200000004 |  47321.92000000001 | -146565.86999999994
 web channel     | 55 | 1412522.7099999995 |  42268.91000000001 |           -164137.9
 web channel     | 57 | 1257071.9899999984 |  46762.39000000001 |          -127785.27
 web channel     | 59 | 1318755.8199999996 | 30714.780000000002 | -159736.94999999995
 web channel     |    |        39846771.93 |         1055635.32 |  -4543767.200000001
                 |    |  554294448.6899996 |        12609341.91 | -102416100.92999996
(44 rows)

UPDATE time_statistics SET e_time = TRANSACTION_TIMESTAMP() WHERE template = '../query_postgresql/query77.tpl' AND stream = 6;
psql:/tmp/s1-basline/throughput/query_6.sql:2969: NOTICE:  duration: 0.092 ms  plan:
Query Text: UPDATE time_statistics SET e_time = TRANSACTION_TIMESTAMP() WHERE template = '../query_postgresql/query77.tpl' AND stream = 6;
Update on time_statistics  (cost=0.00..21.46 rows=0 width=0) (actual time=0.092..0.092 rows=0 loops=1)
  ->  Seq Scan on time_statistics  (cost=0.00..21.46 rows=1 width=14) (actual time=0.080..0.080 rows=1 loops=1)
        Filter: ((template = '../query_postgresql/query77.tpl'::text) AND (stream = 6))
        Rows Removed by Filter: 697
UPDATE 1
LOAD 'auto_explain'; SET auto_explain.log_min_duration TO 0; SET auto_explain.log_analyze TO on; SET auto_explain.log_level TO notice; INSERT INTO time_statistics (template, s_time, stream, query, seed) VALUES ('query15.tpl', TRANSACTION_TIMESTAMP(), 6, 56, 593626036);
LOAD
SET
SET
SET
psql:/tmp/s1-basline/throughput/query_6.sql:2970: NOTICE:  duration: 0.008 ms  plan:
Query Text: INSERT INTO time_statistics (template, s_time, stream, query, seed) VALUES ('query15.tpl', TRANSACTION_TIMESTAMP(), 6, 56, 593626036);
Insert on time_statistics  (cost=0.00..0.01 rows=0 width=0) (actual time=0.008..0.008 rows=0 loops=1)
  ->  Result  (cost=0.00..0.01 rows=1 width=64) (actual time=0.001..0.001 rows=1 loops=1)
INSERT 0 1
select  ca_zip
       ,sum(cs_sales_price)
 from catalog_sales
     ,customer
     ,customer_address
     ,date_dim
 where cs_bill_customer_sk = c_customer_sk
 	and c_current_addr_sk = ca_address_sk 
 	and ( substr(ca_zip,1,5) in ('85669', '86197','88274','83405','86475',
                                   '85392', '85460', '80348', '81792')
 	      or ca_state in ('CA','WA','GA')
 	      or cs_sales_price > 500)
 	and cs_sold_date_sk = d_date_sk
 	and d_qoy = 1 and d_year = 1999
 group by ca_zip
 order by ca_zip
 limit 100;
psql:/tmp/s1-basline/throughput/query_6.sql:2987: NOTICE:  duration: 155.701 ms  plan:
Query Text: select  ca_zip
       ,sum(cs_sales_price)
 from catalog_sales
     ,customer
     ,customer_address
     ,date_dim
 where cs_bill_customer_sk = c_customer_sk
 	and c_current_addr_sk = ca_address_sk 
 	and ( substr(ca_zip,1,5) in ('85669', '86197','88274','83405','86475',
                                   '85392', '85460', '80348', '81792')
 	      or ca_state in ('CA','WA','GA')
 	      or cs_sales_price > 500)
 	and cs_sold_date_sk = d_date_sk
 	and d_qoy = 1 and d_year = 1999
 group by ca_zip
 order by ca_zip
 limit 100;
Limit  (cost=8717.01..8718.76 rows=100 width=19) (actual time=155.342..155.670 rows=100 loops=1)
  ->  GroupAggregate  (cost=8717.01..8720.77 rows=215 width=19) (actual time=155.341..155.663 rows=100 loops=1)
        Group Key: customer_address.ca_zip
        ->  Sort  (cost=8717.01..8717.55 rows=215 width=19) (actual time=155.330..155.403 rows=1870 loops=1)
              Sort Key: customer_address.ca_zip
              Sort Method: quicksort  Memory: 309kB
              ->  Nested Loop  (cost=1.03..8708.68 rows=215 width=19) (actual time=4.558..153.376 rows=3421 loops=1)
                    Join Filter: ((substr((customer_address.ca_zip)::text, 1, 5) = ANY ('{85669,86197,88274,83405,86475,85392,85460,80348,81792}'::text[])) OR (customer_address.ca_state = ANY ('{CA,WA,GA}'::bpchar[])) OR (catalog_sales.cs_sales_price > '500'::double precision))
                    Rows Removed by Join Filter: 37605
                    ->  Nested Loop  (cost=0.72..8089.64 rows=1780 width=16) (actual time=4.387..80.712 rows=41026 loops=1)
                          ->  Nested Loop  (cost=0.43..7530.41 rows=1789 width=16) (actual time=4.381..26.823 rows=41110 loops=1)
                                ->  Seq Scan on date_dim  (cost=0.00..2500.73 rows=91 width=8) (actual time=4.370..9.551 rows=91 loops=1)
                                      Filter: ((d_qoy = 1) AND (d_year = 1999))
                                      Rows Removed by Filter: 72958
                                ->  Index Scan using i_cs_sold_date_sk on catalog_sales  (cost=0.43..47.42 rows=785 width=24) (actual time=0.004..0.108 rows=452 loops=91)
                                      Index Cond: (cs_sold_date_sk = date_dim.d_date_sk)
                          ->  Index Scan using pk_customer on customer  (cost=0.29..0.31 rows=1 width=16) (actual time=0.001..0.001 rows=1 loops=41110)
                                Index Cond: (c_customer_sk = catalog_sales.cs_bill_customer_sk)
                    ->  Index Scan using pk_customer_address on customer_address  (cost=0.29..0.32 rows=1 width=22) (actual time=0.001..0.001 rows=1 loops=41026)
                          Index Cond: (ca_address_sk = customer.c_current_addr_sk)
   ca_zip   |        sum         
------------+--------------------
 30059      |            1073.22
 30069      | 2219.7700000000004
 30150      |            1016.75
 30162      |             651.88
 30169      |              889.8
 30191      |            1158.35
 30348      |             165.56
 30399      |  754.8400000000001
 30408      |             354.74
 30411      |             526.34
 30499      | 1737.6599999999999
 30519      |             188.12
 30534      | 1815.1100000000001
 30587      |             219.18
 30618      |             227.02
 30744      |             123.49
 31087      | 2510.2300000000005
 31289      |            2615.24
 31387      |             986.36
 31521      | 1410.5800000000002
 31675      | 1015.9400000000002
 31711      |             185.51
 31732      | 337.41999999999996
 31749      |            2046.56
 31757      | 1062.3199999999997
 31821      |             352.91
 31904      |  659.3999999999999
 31933      |            1902.79
 31934      | 444.22999999999996
 32293      |  828.4399999999999
 32477      |  921.3399999999999
 32808      |             718.47
 32812      | 1190.0300000000002
 32898      | 1345.2899999999997
 33372      |  673.3700000000001
 33394      | 1708.7700000000002
 33451      |             157.26
 33511      | 2723.5699999999997
 33592      |              319.1
 33604      | 2186.4300000000003
 33628      |             411.37
 33683      |             936.67
 33951      |             884.68
 34027      |             301.07
 34098      |  944.7499999999999
 34107      | 1677.3500000000001
 34136      | 488.83000000000004
 34244      |  648.9999999999999
 34408      |             784.05
 34464      |              340.7
 34466      |            1241.38
 34536      | 1854.8699999999997
 34593      |             977.97
 34975      | 462.03000000000003
 35124      |            1132.54
 35281      |              778.7
 35464      | 497.60999999999996
 35709      |  755.1199999999999
 35804      |  945.3400000000001
 35817      | 2609.6300000000006
 36098      |            1013.44
 36534      |             480.64
 36549      |  856.3800000000001
 36557      |            1069.67
 36594      |             435.61
 36614      |              510.1
 36668      |  899.4699999999999
 36787      |  474.8399999999999
 36871      | 1104.8700000000001
 36893      |             377.21
 36971      |             896.52
 37683      | 1180.0600000000002
 37746      |  553.8899999999999
 37752      |             664.81
 37838      | 2644.6199999999985
 38014      |  696.8200000000002
 38048      |             521.11
 38054      |             870.43
 38059      |            1660.22
 38209      |             699.83
 38222      |             422.23
 38252      |              971.3
 38354      | 1592.5800000000002
 38370      |             353.81
 38371      |            1026.81
 38482      | 214.51999999999998
 38579      |  889.4899999999998
 38605      |             183.92
 38721      |            2225.17
 38767      | 286.46999999999997
 38828      |  545.0600000000001
 38877      |             801.08
 38883      |             627.53
 38924      |             689.72
 39003      |             285.54
 39089      | 137.20999999999998
 39101      |             937.21
 39145      | 213.30999999999997
 39231      |             438.39
 39237      |             497.19
(100 rows)

UPDATE time_statistics SET e_time = TRANSACTION_TIMESTAMP() WHERE template = 'query15.tpl' AND stream = 6;
psql:/tmp/s1-basline/throughput/query_6.sql:2989: NOTICE:  duration: 0.103 ms  plan:
Query Text: UPDATE time_statistics SET e_time = TRANSACTION_TIMESTAMP() WHERE template = 'query15.tpl' AND stream = 6;
Update on time_statistics  (cost=0.00..21.46 rows=0 width=0) (actual time=0.103..0.103 rows=0 loops=1)
  ->  Seq Scan on time_statistics  (cost=0.00..21.46 rows=1 width=14) (actual time=0.089..0.089 rows=1 loops=1)
        Filter: ((template = 'query15.tpl'::text) AND (stream = 6))
        Rows Removed by Filter: 698
UPDATE 1
LOAD 'auto_explain'; SET auto_explain.log_min_duration TO 0; SET auto_explain.log_analyze TO on; SET auto_explain.log_level TO notice; INSERT INTO time_statistics (template, s_time, stream, query, seed) VALUES ('query51.tpl', TRANSACTION_TIMESTAMP(), 6, 57, 2011246737);
LOAD
SET
SET
SET
psql:/tmp/s1-basline/throughput/query_6.sql:2990: NOTICE:  duration: 0.009 ms  plan:
Query Text: INSERT INTO time_statistics (template, s_time, stream, query, seed) VALUES ('query51.tpl', TRANSACTION_TIMESTAMP(), 6, 57, 2011246737);
Insert on time_statistics  (cost=0.00..0.01 rows=0 width=0) (actual time=0.008..0.009 rows=0 loops=1)
  ->  Result  (cost=0.00..0.01 rows=1 width=64) (actual time=0.001..0.002 rows=1 loops=1)
INSERT 0 1
WITH web_v1 as (
select
  ws_item_sk item_sk, d_date,
  sum(sum(ws_sales_price))
      over (partition by ws_item_sk order by d_date rows between unbounded preceding and current row) cume_sales
from web_sales
    ,date_dim
where ws_sold_date_sk=d_date_sk
  and d_month_seq between 1214 and 1214+11
  and ws_item_sk is not NULL
group by ws_item_sk, d_date),
store_v1 as (
select
  ss_item_sk item_sk, d_date,
  sum(sum(ss_sales_price))
      over (partition by ss_item_sk order by d_date rows between unbounded preceding and current row) cume_sales
from store_sales
    ,date_dim
where ss_sold_date_sk=d_date_sk
  and d_month_seq between 1214 and 1214+11
  and ss_item_sk is not NULL
group by ss_item_sk, d_date)
 select  *
from (select item_sk
     ,d_date
     ,web_sales
     ,store_sales
     ,max(web_sales)
         over (partition by item_sk order by d_date rows between unbounded preceding and current row) web_cumulative
     ,max(store_sales)
         over (partition by item_sk order by d_date rows between unbounded preceding and current row) store_cumulative
     from (select case when web.item_sk is not null then web.item_sk else store.item_sk end item_sk
                 ,case when web.d_date is not null then web.d_date else store.d_date end d_date
                 ,web.cume_sales web_sales
                 ,store.cume_sales store_sales
           from web_v1 web full outer join store_v1 store on (web.item_sk = store.item_sk
                                                          and web.d_date = store.d_date)
          )x )y
where web_cumulative > store_cumulative
order by item_sk
        ,d_date
limit 100;
psql:/tmp/s1-basline/throughput/query_6.sql:3032: NOTICE:  duration: 1417.086 ms  plan:
Query Text: WITH web_v1 as (
select
  ws_item_sk item_sk, d_date,
  sum(sum(ws_sales_price))
      over (partition by ws_item_sk order by d_date rows between unbounded preceding and current row) cume_sales
from web_sales
    ,date_dim
where ws_sold_date_sk=d_date_sk
  and d_month_seq between 1214 and 1214+11
  and ws_item_sk is not NULL
group by ws_item_sk, d_date),
store_v1 as (
select
  ss_item_sk item_sk, d_date,
  sum(sum(ss_sales_price))
      over (partition by ss_item_sk order by d_date rows between unbounded preceding and current row) cume_sales
from store_sales
    ,date_dim
where ss_sold_date_sk=d_date_sk
  and d_month_seq between 1214 and 1214+11
  and ss_item_sk is not NULL
group by ss_item_sk, d_date)
 select  *
from (select item_sk
     ,d_date
     ,web_sales
     ,store_sales
     ,max(web_sales)
         over (partition by item_sk order by d_date rows between unbounded preceding and current row) web_cumulative
     ,max(store_sales)
         over (partition by item_sk order by d_date rows between unbounded preceding and current row) store_cumulative
     from (select case when web.item_sk is not null then web.item_sk else store.item_sk end item_sk
                 ,case when web.d_date is not null then web.d_date else store.d_date end d_date
                 ,web.cume_sales web_sales
                 ,store.cume_sales store_sales
           from web_v1 web full outer join store_v1 store on (web.item_sk = store.item_sk
                                                          and web.d_date = store.d_date)
          )x )y
where web_cumulative > store_cumulative
order by item_sk
        ,d_date
limit 100;
Limit  (cost=130174.08..130184.58 rows=100 width=44) (actual time=1360.061..1417.021 rows=100 loops=1)
  ->  Subquery Scan on y  (cost=130174.08..130642.49 rows=4461 width=44) (actual time=1360.060..1417.013 rows=100 loops=1)
        Filter: (y.web_cumulative > y.store_cumulative)
        Rows Removed by Filter: 2040
        ->  WindowAgg  (cost=130174.08..130475.20 rows=13383 width=44) (actual time=1359.853..1416.911 rows=2140 loops=1)
              ->  Sort  (cost=130174.08..130207.54 rows=13383 width=28) (actual time=1359.842..1416.068 rows=2141 loops=1)
                    Sort Key: (CASE WHEN (web_sales.ws_item_sk IS NOT NULL) THEN web_sales.ws_item_sk ELSE store_sales.ss_item_sk END), (CASE WHEN (date_dim.d_date IS NOT NULL) THEN date_dim.d_date ELSE date_dim_1.d_date END)
                    Sort Method: external merge  Disk: 20232kB
                    ->  Merge Full Join  (cost=126657.27..129256.80 rows=13383 width=28) (actual time=497.618..1283.786 rows=601558 loops=1)
                          Merge Cond: ((web_sales.ws_item_sk = store_sales.ss_item_sk) AND (date_dim.d_date = date_dim_1.d_date))
                          ->  WindowAgg  (cost=34143.83..34627.98 rows=3501 width=20) (actual time=124.584..274.804 rows=138308 loops=1)
                                ->  Finalize GroupAggregate  (cost=34143.83..34566.71 rows=3501 width=20) (actual time=124.576..215.077 rows=138308 loops=1)
                                      Group Key: web_sales.ws_item_sk, date_dim.d_date
                                      ->  Gather Merge  (cost=34143.83..34509.82 rows=2918 width=20) (actual time=124.573..178.700 rows=140715 loops=1)
                                            Workers Planned: 2
                                            Workers Launched: 2
                                            ->  Partial GroupAggregate  (cost=33143.80..33172.98 rows=1459 width=20) (actual time=115.406..136.960 rows=46905 loops=3)
                                                  Group Key: web_sales.ws_item_sk, date_dim.d_date
                                                  ->  Sort  (cost=33143.80..33147.45 rows=1459 width=20) (actual time=115.398..120.631 rows=47396 loops=3)
                                                        Sort Key: web_sales.ws_item_sk, date_dim.d_date
                                                        Sort Method: quicksort  Memory: 7458kB
                                                        Worker 0:  Sort Method: quicksort  Memory: 3802kB
                                                        Worker 1:  Sort Method: quicksort  Memory: 3771kB
                                                        ->  Hash Join  (cost=2505.16..33067.13 rows=1459 width=20) (actual time=12.410..99.278 rows=47396 loops=3)
                                                              Hash Cond: (web_sales.ws_sold_date_sk = date_dim.d_date_sk)
                                                              ->  Parallel Seq Scan on web_sales  (cost=0.00..29771.63 rows=301063 width=24) (actual time=0.018..62.545 rows=237185 loops=3)
                                                                    Filter: (ws_item_sk IS NOT NULL)
                                                              ->  Hash  (cost=2500.73..2500.73 rows=354 width=12) (actual time=12.356..12.357 rows=365 loops=3)
                                                                    Buckets: 1024  Batches: 1  Memory Usage: 26kB
                                                                    ->  Seq Scan on date_dim  (cost=0.00..2500.73 rows=354 width=12) (actual time=5.946..12.307 rows=365 loops=3)
                                                                          Filter: ((d_month_seq >= 1214) AND (d_month_seq <= 1225))
                                                                          Rows Removed by Filter: 72684
                          ->  WindowAgg  (cost=92513.44..94363.85 rows=13383 width=20) (actual time=373.030..915.864 rows=489569 loops=1)
                                ->  Finalize GroupAggregate  (cost=92513.44..94129.65 rows=13383 width=20) (actual time=373.022..716.566 rows=489569 loops=1)
                                      Group Key: store_sales.ss_item_sk, date_dim_1.d_date
                                      ->  Gather Merge  (cost=92513.44..93912.18 rows=11152 width=20) (actual time=373.018..592.334 rows=525084 loops=1)
                                            Workers Planned: 2
                                            Workers Launched: 2
                                            ->  Partial GroupAggregate  (cost=91513.42..91624.94 rows=5576 width=20) (actual time=355.870..431.272 rows=175028 loops=3)
                                                  Group Key: store_sales.ss_item_sk, date_dim_1.d_date
                                                  ->  Sort  (cost=91513.42..91527.36 rows=5576 width=20) (actual time=355.862..369.505 rows=181291 loops=3)
                                                        Sort Key: store_sales.ss_item_sk, date_dim_1.d_date
                                                        Sort Method: external merge  Disk: 6504kB
                                                        Worker 0:  Sort Method: quicksort  Memory: 15284kB
                                                        Worker 1:  Sort Method: quicksort  Memory: 15289kB
                                                        ->  Hash Join  (cost=2505.16..91166.45 rows=5576 width=20) (actual time=13.390..280.434 rows=181291 loops=3)
                                                              Hash Cond: (store_sales.ss_sold_date_sk = date_dim_1.d_date_sk)
                                                              ->  Parallel Seq Scan on store_sales  (cost=0.00..85499.45 rows=1204445 width=24) (actual time=0.016..180.321 rows=948150 loops=3)
                                                                    Filter: (ss_item_sk IS NOT NULL)
                                                              ->  Hash  (cost=2500.73..2500.73 rows=354 width=12) (actual time=13.336..13.337 rows=365 loops=3)
                                                                    Buckets: 1024  Batches: 1  Memory Usage: 26kB
                                                                    ->  Seq Scan on date_dim date_dim_1  (cost=0.00..2500.73 rows=354 width=12) (actual time=6.500..13.287 rows=365 loops=3)
                                                                          Filter: ((d_month_seq >= 1214) AND (d_month_seq <= 1225))
                                                                          Rows Removed by Filter: 72684
 item_sk |   d_date   |     web_sales      |    store_sales     |   web_cumulative   |  store_cumulative  
---------+------------+--------------------+--------------------+--------------------+--------------------
      13 | 2001-05-08 |             145.69 |                    |             145.69 |             131.89
      13 | 2001-06-14 |             245.69 |                    |             245.69 |                208
      13 | 2001-07-02 |                    |             219.99 |             245.69 |             219.99
      13 | 2001-07-13 |                    |             221.75 |             245.69 |             221.75
      13 | 2001-07-15 |             256.46 |                    |             256.46 |             221.75
      13 | 2001-07-26 |                    |             223.46 |             256.46 |             223.46
      13 | 2001-08-15 |                    |             239.53 |             256.46 |             239.53
      13 | 2001-08-17 |                    |             240.11 |             256.46 |             240.11
      13 | 2001-09-15 |             435.74 |                    |             435.74 |             371.93
      13 | 2001-09-19 |                    |             380.54 |             435.74 |             380.54
      13 | 2001-09-27 |                    |             399.06 |             435.74 |             399.06
      13 | 2001-09-30 |             478.43 |                    |             478.43 |             399.06
      13 | 2001-10-03 |                    |              421.8 |             478.43 |              421.8
      13 | 2001-10-08 |             485.31 |                    |             485.31 |              421.8
      13 | 2001-10-16 |                    |             430.17 |             485.31 |             430.17
      13 | 2001-10-17 |                    |             442.07 |             485.31 |             442.07
      13 | 2001-10-18 |                    |             464.51 |             485.31 |             464.51
      17 | 2001-04-01 | 44.099999999999994 |                    | 44.099999999999994 |              28.03
      17 | 2001-04-04 |                    |              35.38 | 44.099999999999994 |              35.38
      21 | 2001-07-03 |             246.81 |                    |             246.81 | 207.67999999999998
      21 | 2001-07-05 |                    | 221.28999999999996 |             246.81 | 221.28999999999996
      21 | 2001-07-08 |             381.88 |                    |             381.88 | 320.54999999999995
      21 | 2001-07-15 |                    | 344.96999999999997 |             381.88 | 344.96999999999997
      21 | 2001-07-20 |                    | 370.43999999999994 |             381.88 | 370.43999999999994
      21 | 2001-07-22 |             382.42 |                    |             382.42 | 370.43999999999994
      24 | 2002-02-10 |                    |               3.45 |              24.22 |               3.45
      25 | 2001-05-13 |              92.69 |                    |              92.69 |               79.1
      25 | 2001-06-14 | 407.65000000000003 |                    | 407.65000000000003 |             376.71
      25 | 2001-07-19 | 490.53000000000003 |                    | 490.53000000000003 |             468.46
      25 | 2001-07-24 |             495.67 |                    |             495.67 |             468.46
      27 | 2001-03-24 |                    |              12.15 |  95.42999999999999 |              12.15
      27 | 2001-03-29 |             207.73 |                    |             207.73 |              12.15
      27 | 2001-04-10 |                    |               43.7 |             207.73 |               43.7
      27 | 2001-04-30 |             305.86 |                    |             305.86 |               43.7
      27 | 2001-05-09 |                    |              56.39 |             305.86 |              56.39
      27 | 2001-05-12 |                    | 164.95999999999998 |             305.86 | 164.95999999999998
      27 | 2001-05-15 |                    |             240.89 |             305.86 |             240.89
      27 | 2001-05-23 |                    | 262.65999999999997 |             305.86 | 262.65999999999997
      33 | 2001-03-10 |             105.86 |                    |             105.86 |               5.79
      33 | 2001-03-12 |                    |              14.27 |             105.86 |              14.27
      33 | 2001-03-26 |                    |              21.18 |             105.86 |              21.18
      33 | 2001-04-12 |             137.69 |                    |             137.69 |              21.18
      33 | 2001-04-24 |                    |              26.89 |             137.69 |              26.89
      33 | 2001-05-07 |                    | 58.370000000000005 |             137.69 | 58.370000000000005
      33 | 2001-06-15 |             210.72 |                    |             210.72 | 156.23000000000002
      35 | 2001-03-15 |                    |              46.33 | 229.35000000000002 |              46.33
      35 | 2001-04-25 |                    |              53.67 | 229.35000000000002 |              53.67
      35 | 2001-05-04 |                    |             113.65 | 229.35000000000002 |             113.65
      35 | 2001-05-11 |             241.24 |                    |             241.24 |             113.65
      35 | 2001-05-30 |                    | 116.83000000000001 |             241.24 | 116.83000000000001
      35 | 2001-06-01 |                    | 120.34000000000002 |             241.24 | 120.34000000000002
      35 | 2001-06-11 |                    |             172.27 |             241.24 |             172.27
      35 | 2001-07-15 |                    | 175.92000000000002 |             241.24 | 175.92000000000002
      35 | 2001-07-16 |                    | 194.47000000000003 |             241.24 | 194.47000000000003
      35 | 2001-08-02 |              457.3 |                    |              457.3 | 244.42000000000002
      35 | 2001-08-04 |                    | 246.92000000000002 |              457.3 | 246.92000000000002
      35 | 2001-08-07 |                    |             306.56 |              457.3 |             306.56
      35 | 2001-08-10 |                    |             383.49 |              457.3 |             383.49
      39 | 2001-03-26 |             134.16 |                    |             134.16 |               87.2
      39 | 2001-04-03 |                    |              89.42 |             134.16 |              89.42
      41 | 2001-04-02 |              21.54 |                    |              21.54 |              15.05
      47 | 2001-03-24 |              96.59 |                    |              96.59 |               9.97
      47 | 2001-03-27 |                    | 47.839999999999996 |              96.59 | 47.839999999999996
      47 | 2001-04-10 |                    | 55.779999999999994 |              96.59 | 55.779999999999994
      47 | 2001-04-18 |                    |  92.50999999999999 |              96.59 |  92.50999999999999
      47 | 2001-04-28 |             166.07 | 165.02999999999997 |             166.07 | 165.02999999999997
      51 | 2001-09-14 |  564.9399999999999 |                    |  564.9399999999999 | 454.11999999999995
      51 | 2001-09-15 |                    | 488.71999999999997 |  564.9399999999999 | 488.71999999999997
      51 | 2001-09-17 |                    |             557.72 |  564.9399999999999 |             557.72
      53 | 2001-03-15 |              12.19 |               9.94 |              12.19 |               9.94
      53 | 2001-03-28 |             165.62 |                    |             165.62 |              16.32
      53 | 2001-03-30 |                    |              40.22 |             165.62 |              40.22
      53 | 2001-04-07 |             193.86 |                    |             193.86 |              40.22
      53 | 2001-04-09 |                    |             141.47 |             193.86 |             141.47
      53 | 2001-04-14 |                    |             193.76 |             193.86 |             193.76
      55 | 2001-06-20 |             322.33 |                    |             322.33 |             310.96
      57 | 2001-04-20 |             197.23 |                    |             197.23 | 191.45999999999998
      57 | 2001-05-21 | 249.27999999999997 |                    | 249.27999999999997 | 201.84999999999997
      57 | 2001-06-03 |             414.01 |                    |             414.01 | 272.21999999999997
      57 | 2001-06-23 |                    | 288.36999999999995 |             414.01 | 288.36999999999995
      57 | 2001-06-24 |                    |  336.5899999999999 |             414.01 |  336.5899999999999
      57 | 2001-07-08 |                    |  359.0299999999999 |             414.01 |  359.0299999999999
      60 | 2002-01-24 |                    |              16.72 |              82.81 |              16.72
      60 | 2002-01-28 |                    |              45.58 |              82.81 |              45.58
      61 | 2001-04-10 |                    |              16.85 |              80.18 |              16.85
      61 | 2001-04-19 |                    | 19.080000000000002 |              80.18 | 19.080000000000002
      61 | 2001-05-05 |                    | 19.900000000000002 |              80.18 | 19.900000000000002
      61 | 2001-05-07 |                    |              38.39 |              80.18 |              38.39
      63 | 2001-03-29 |              67.63 |                    |              67.63 |              34.23
      63 | 2001-04-05 |                    |              55.12 |              67.63 |              55.12
      63 | 2001-04-14 |                    | 59.849999999999994 |              67.63 | 59.849999999999994
      63 | 2001-04-21 | 141.45999999999998 |                    | 141.45999999999998 | 59.849999999999994
      63 | 2001-05-19 | 160.30999999999997 |                    | 160.30999999999997 | 59.849999999999994
      63 | 2001-05-27 |                    |             148.49 | 160.30999999999997 |             148.49
      63 | 2001-05-30 |                    |             153.36 | 160.30999999999997 |             153.36
      65 | 2001-03-05 |                    |              22.79 |              41.21 |              22.79
      65 | 2001-03-06 |                    |              23.59 |              41.21 |              23.59
      65 | 2001-06-22 |              89.32 |                    |              89.32 |              85.91
      65 | 2001-07-21 | 238.07999999999998 |                    | 238.07999999999998 | 154.95999999999998
      65 | 2001-07-22 |                    | 156.23999999999998 | 238.07999999999998 | 156.23999999999998
(100 rows)

UPDATE time_statistics SET e_time = TRANSACTION_TIMESTAMP() WHERE template = 'query51.tpl' AND stream = 6;
psql:/tmp/s1-basline/throughput/query_6.sql:3034: NOTICE:  duration: 0.111 ms  plan:
Query Text: UPDATE time_statistics SET e_time = TRANSACTION_TIMESTAMP() WHERE template = 'query51.tpl' AND stream = 6;
Update on time_statistics  (cost=0.00..21.46 rows=0 width=0) (actual time=0.110..0.110 rows=0 loops=1)
  ->  Seq Scan on time_statistics  (cost=0.00..21.46 rows=1 width=14) (actual time=0.096..0.096 rows=1 loops=1)
        Filter: ((template = 'query51.tpl'::text) AND (stream = 6))
        Rows Removed by Filter: 699
UPDATE 1
LOAD 'auto_explain'; SET auto_explain.log_min_duration TO 0; SET auto_explain.log_analyze TO on; SET auto_explain.log_level TO notice; INSERT INTO time_statistics (template, s_time, stream, query, seed) VALUES ('../query_postgresql/query98.tpl', TRANSACTION_TIMESTAMP(), 6, 58, 1000838104);
LOAD
SET
SET
SET
psql:/tmp/s1-basline/throughput/query_6.sql:3035: NOTICE:  duration: 0.008 ms  plan:
Query Text: INSERT INTO time_statistics (template, s_time, stream, query, seed) VALUES ('../query_postgresql/query98.tpl', TRANSACTION_TIMESTAMP(), 6, 58, 1000838104);
Insert on time_statistics  (cost=0.00..0.01 rows=0 width=0) (actual time=0.008..0.008 rows=0 loops=1)
  ->  Result  (cost=0.00..0.01 rows=1 width=64) (actual time=0.001..0.002 rows=1 loops=1)
INSERT 0 1
select i_item_id
      ,i_item_desc 
      ,i_category 
      ,i_class 
      ,i_current_price
      ,sum(ss_ext_sales_price) as itemrevenue 
      ,sum(ss_ext_sales_price)*100/sum(sum(ss_ext_sales_price)) over
          (partition by i_class) as revenueratio
from	
	store_sales
    	,item 
    	,date_dim
where 
	ss_item_sk = i_item_sk 
  	and i_category in ('Sports', 'Men', 'Jewelry')
  	and ss_sold_date_sk = d_date_sk
	and d_date between cast('2001-04-13' as date) 
				and (cast('2001-04-13' as date) + interval '30 days')
group by 
	i_item_id
        ,i_item_desc 
        ,i_category
        ,i_class
        ,i_current_price
order by 
	i_category
        ,i_class
        ,i_item_id
        ,i_item_desc
        ,revenueratio;
psql:/tmp/s1-basline/throughput/query_6.sql:3065: NOTICE:  duration: 96.531 ms  plan:
Query Text: select i_item_id
      ,i_item_desc 
      ,i_category 
      ,i_class 
      ,i_current_price
      ,sum(ss_ext_sales_price) as itemrevenue 
      ,sum(ss_ext_sales_price)*100/sum(sum(ss_ext_sales_price)) over
          (partition by i_class) as revenueratio
from	
	store_sales
    	,item 
    	,date_dim
where 
	ss_item_sk = i_item_sk 
  	and i_category in ('Sports', 'Men', 'Jewelry')
  	and ss_sold_date_sk = d_date_sk
	and d_date between cast('2001-04-13' as date) 
				and (cast('2001-04-13' as date) + interval '30 days')
group by 
	i_item_id
        ,i_item_desc 
        ,i_category
        ,i_class
        ,i_current_price
order by 
	i_category
        ,i_class
        ,i_item_id
        ,i_item_desc
        ,revenueratio;
Sort  (cost=39925.42..39926.27 rows=340 width=245) (actual time=94.620..94.726 rows=2524 loops=1)
  Sort Key: item.i_category, item.i_class, item.i_item_id, item.i_item_desc, ((((sum(store_sales.ss_ext_sales_price)) * '100'::double precision) / sum((sum(store_sales.ss_ext_sales_price))) OVER (?)))
  Sort Method: quicksort  Memory: 812kB
  ->  WindowAgg  (cost=39903.47..39911.12 rows=340 width=245) (actual time=85.527..86.835 rows=2524 loops=1)
        ->  Sort  (cost=39903.47..39904.32 rows=340 width=237) (actual time=85.439..85.551 rows=2524 loops=1)
              Sort Key: item.i_class
              Sort Method: quicksort  Memory: 793kB
              ->  GroupAggregate  (cost=39879.82..39889.17 rows=340 width=237) (actual time=80.183..83.762 rows=2524 loops=1)
                    Group Key: item.i_item_id, item.i_item_desc, item.i_category, item.i_class, item.i_current_price
                    ->  Sort  (cost=39879.82..39880.67 rows=340 width=237) (actual time=80.171..80.525 rows=7931 loops=1)
                          Sort Key: item.i_item_id, item.i_item_desc, item.i_category, item.i_class, item.i_current_price
                          Sort Method: quicksort  Memory: 2383kB
                          ->  Nested Loop  (cost=1.01..39865.53 rows=340 width=237) (actual time=0.045..57.932 rows=7931 loops=1)
                                ->  Nested Loop  (cost=0.72..39514.84 rows=1134 width=16) (actual time=0.022..12.244 rows=26729 loops=1)
                                      ->  Index Scan using i_d_date on date_dim  (cost=0.29..3.09 rows=30 width=8) (actual time=0.010..0.022 rows=31 loops=1)
                                            Index Cond: ((d_date >= '2001-04-13'::date) AND (d_date <= '2001-05-13 00:00:00'::timestamp without time zone))
                                      ->  Index Scan using i_ss_sold_date_sk on store_sales  (cost=0.43..1301.91 rows=1515 width=24) (actual time=0.005..0.271 rows=862 loops=31)
                                            Index Cond: (ss_sold_date_sk = date_dim.d_date_sk)
                                ->  Index Scan using pk_item on item  (cost=0.29..0.31 rows=1 width=237) (actual time=0.001..0.001 rows=0 loops=26729)
                                      Index Cond: (i_item_sk = store_sales.ss_item_sk)
                                      Filter: (i_category = ANY ('{Sports,Men,Jewelry}'::bpchar[]))
                                      Rows Removed by Filter: 1
    i_item_id     |                                                                                               i_item_desc                                                                                                |                     i_category                     |                      i_class                       | i_current_price |    itemrevenue     |     revenueratio      
------------------+----------------------------------------------------------------------------------------------------------------------------------------------------------------------------------------------------------+----------------------------------------------------+----------------------------------------------------+-----------------+--------------------+-----------------------
 AAAAAAAAAEMDAAAA | Difficult, able plans will hesitate vague employees. Numerous, right authorities ought to work narrowly doctors. Previous, current months ought to                                                       | Jewelry                                            | birdal                                             |            6.68 |            8534.15 |    2.1034980750397794
 AAAAAAAAAGMCAAAA | Sometimes social reasons build extended places. Ways may not get quickly remaining plans. Lips could like versions; familiar spirits could face also corporate studies. So addit                         | Jewelry                                            | birdal                                             |             1.8 |           13523.58 |    3.3332932392384085
 AAAAAAAAAJBEAAAA | Now subject wages may shout especially too local neighbours; expensive, chemical pressures may talk as english premises. Surely full advances would not hurt at a features. Tory, grea                   | Jewelry                                            | birdal                                             |            1.72 |            4564.62 |    1.1250879564207423
 AAAAAAAAAJLDAAAA | Long-term years compete. Often other funds know on a facilities. So public councils would not see simply in a forces. So new representations should review so scottish serious patterns; o               | Jewelry                                            | birdal                                             |            0.68 |            5234.95 |    1.2903109563259954
 AAAAAAAABLJBAAAA | As distinct miles know hig                                                                                                                                                                               | Jewelry                                            | birdal                                             |            5.48 |            9406.54 |     2.318524842284784
 AAAAAAAABNCAAAAA | Early cases talk councillors. Only surroundings increase suggestions. Courts used to think very never catholic tenants. Recently happy patients return never industrial shoulders. Physical, huge babie  | Jewelry                                            | birdal                                             |            3.64 |            4810.33 |    1.1856505797655423
 AAAAAAAACGBBAAAA | Hard, physical gains bring within immediate institutions; indeed obvious companies pay criminal, financial bedroo                                                                                        | Jewelry                                            | birdal                                             |            3.18 |            2090.33 |    0.5152247301954972
 AAAAAAAACLDAAAAA | Ever apparent agents must run yet accused, short demands. Short, poor eyes need with a men. Words take                                                                                                   | Jewelry                                            | birdal                                             |            1.77 |            7915.34 |    1.9509737294616767
 AAAAAAAACPGAAAAA | Religious services will discover rather. Difficulties may not mean on                                                                                                                                    | Jewelry                                            | birdal                                             |            3.67 |             209.16 |   0.05155377599120244
 AAAAAAAADBOBAAAA | More healthy visitors might come silently strong effective casualties. Good, expected jobs will emulate otherwise. Effective conditions keep all years. Per                                              | Jewelry                                            | birdal                                             |            4.46 | 1003.6800000000001 |   0.24738713849134664
 AAAAAAAADEOBAAAA | Wonderful images could not make children. Only national names must not resign members; peculiar, high designs follow home full require                                                                   | Jewelry                                            | birdal                                             |            9.35 |           10524.26 |    2.5940205704397217
 AAAAAAAAEDGEAAAA | Recent participants used to provi                                                                                                                                                                        | Jewelry                                            | birdal                                             |            9.77 |            2651.52 |    0.6535468928867522
 AAAAAAAAFKKDAAAA | Rules set here now large marks. Devices might care severe committees. Good, original                                                                                                                     | Jewelry                                            | birdal                                             |            0.18 |            2615.79 |    0.6447401592083928
 AAAAAAAAGBFBAAAA | Earlier right conditions ought to leave s                                                                                                                                                                | Jewelry                                            | birdal                                             |            6.23 |            6817.81 |     1.680454434359246
 AAAAAAAAGCBCAAAA | Increased, proper courses could go to a reductions. Female men pass thus available duties. Yet capital homes should identify other men. Customers used to clean either. Engli                            | Jewelry                                            | birdal                                             |            4.87 |            6797.52 |    1.6754533532975635
 AAAAAAAAGCCDAAAA | Other, difficult names fall resources. Individual, functional organizations enforce therefore important years. All similar grounds must pursue foreign, necessary victims. Friends select.               | Jewelry                                            | birdal                                             |            4.79 | 4826.5199999999995 |    1.1896410924510346
 AAAAAAAAGEFEAAAA | Days know. Grand, good services avoid thoughtfully other, long guests. As                                                                                                                                | Jewelry                                            | birdal                                             |            2.89 | 159.67000000000002 |  0.039355476250312174
 AAAAAAAAGICAAAAA | Practical, certain parts bear less public links. Groups shall close charg                                                                                                                                | Jewelry                                            | birdal                                             |            4.85 |            7055.49 |    1.7390378225672638
 AAAAAAAAGMOAAAAA | Tasks furnish naval, big i                                                                                                                                                                               | Jewelry                                            | birdal                                             |            0.86 |           13065.75 |     3.220447258830815
 AAAAAAAAGOFEAAAA | D                                                                                                                                                                                                        | Jewelry                                            | birdal                                             |            0.77 |             376.24 |   0.09273566972140948
 AAAAAAAAGPBEAAAA | Full, cognitive jobs make even deep pri                                                                                                                                                                  | Jewelry                                            | birdal                                             |            8.81 |               1275 |   0.31426211698595863
 AAAAAAAAHOPBAAAA | Thinly different acids might find more lives. Individual muscles become highly loose odd h                                                                                                               | Jewelry                                            | birdal                                             |            4.09 |            2643.91 |    0.6516711793885066
 AAAAAAAAIBNBAAAA | Very expected arms get too as economic trades; just rich responsibilities miss things; shareholders know finally. Significant weeks shall keep courses. Books bring scient                               | Jewelry                                            | birdal                                             |            0.73 |            9689.58 |     2.388288567454749
 AAAAAAAAIJCAAAAA | More natural id                                                                                                                                                                                          | Jewelry                                            | birdal                                             |             3.3 |            4407.96 |    1.0864743852466088
 AAAAAAAAIJKCAAAA | Other values believe electric nights. Enough general women behave attempts. Regions used to deliver. Trees try very extra rats. Likely, accu                                                             | Jewelry                                            | birdal                                             |            2.19 |            9476.59 |      2.33579077271213
 AAAAAAAAIKAEAAAA | Here legal measures will browse above long affairs. Inc, correct feelings work local things. Languages used to redress hence beyond the strange                                                          | Jewelry                                            | birdal                                             |           80.68 |           19816.19 |     4.884296329408614
 AAAAAAAAIKHAAAAA | Identical expressions would not support really results. Currently human chiefs may not want part-time                                                                                                    | Jewelry                                            | birdal                                             |            3.42 | 2906.8999999999996 |    0.7164929787188102
 AAAAAAAAILDEAAAA | Emotions might believe more soon common organisms. Characters cannot reply difficult, parli                                                                                                              | Jewelry                                            | birdal                                             |            8.78 |            6513.66 |    1.6054875144523604
 AAAAAAAAILGBAAAA | At first single reade                                                                                                                                                                                    | Jewelry                                            | birdal                                             |            9.02 | 1862.3200000000002 |    0.4590248044747377
 AAAAAAAAIOLBAAAA | Personal trousers want average marks. Black profits need alre                                                                                                                                            | Jewelry                                            | birdal                                             |              64 |            2183.61 |    0.5382163931542817
 AAAAAAAAIPNCAAAA | Soviet, peaceful arms reduce al                                                                                                                                                                          | Jewelry                                            | birdal                                             |            1.72 |           18934.43 |     4.666960043703878
 AAAAAAAAJEKCAAAA | Rapidly massive children might know also years; over similar costs could enable; votes can perform less following teachers. Boats eradicate                                                              | Jewelry                                            | birdal                                             |            0.68 |              463.4 |   0.11421887451866136
 AAAAAAAAJJICAAAA | Environmental relations would cover normal members. Domestic honours may not conclude only in                                                                                                            | Jewelry                                            | birdal                                             |             6.4 |  5868.610000000001 |    1.4464955312666405
 AAAAAAAAJOGCAAAA | Just rich changes construct especially to a developments. Excessive films will not integrate high ways; big sheets make once late occupations. Industrial, little boys improv                            | Jewelry                                            | birdal                                             |            4.43 |              14403 |     3.550052761528441
 AAAAAAAAKAOCAAAA | Literary, real interests sit days. White, brilliant fingers lower at a sites. Recent, interested arrangements like christian, small agents; strange, federal movements knit hardly up to a circu         | Jewelry                                            | birdal                                             |            2.77 | 14721.289999999999 |    3.6285049099327242
 AAAAAAAAKDCBAAAA | Closely new powers may not stop of course formal english things. Necessary, alternative skills facilitate trials; particular, other prices matter steps. W                                               | Jewelry                                            | birdal                                             |            3.51 | 12125.099999999999 |     2.988595760522703
 AAAAAAAAKEGCAAAA | Discussions go twice students. Small meetings must check stars. Al                                                                                                                                       | Jewelry                                            | birdal                                             |            7.81 |            2689.11 |    0.6628120795357735
 AAAAAAAAKGCEAAAA | Other organizations expan                                                                                                                                                                                | Jewelry                                            | birdal                                             |            2.57 |            7781.42 |    1.9179651155740223
 AAAAAAAAKMCEAAAA | Additional                                                                                                                                                                                               | Jewelry                                            | birdal                                             |               8 |            8597.29 |     2.119060828033108
 AAAAAAAAKMGDAAAA | Both profound rules should call thereof final federal cameras; other, sad chi                                                                                                                            | Jewelry                                            | birdal                                             |            0.13 |            6151.86 |    1.5163110172558742
 AAAAAAAALAFDAAAA | Possibilities produce just c                                                                                                                                                                             | Jewelry                                            | birdal                                             |            4.89 |              85.58 |   0.02109376625228105
 AAAAAAAALAKBAAAA | Traditional, poor processes live ordinary levels. Always certain drugs return also key scientists. Early short exceptions consider often. Below causal pages impress however distinct revenues. Elderly  | Jewelry                                            | birdal                                             |             4.1 |            1115.08 |   0.27484502071270805
 AAAAAAAALCADAAAA | Variations investigate eyes. Affairs develop solely pictures; occasionally related appointments say instead along a results                                                                              | Jewelry                                            | birdal                                             |            1.62 |           11787.57 |      2.90540133515308
 AAAAAAAALMODAAAA | Optimistic, critical year                                                                                                                                                                                | Jewelry                                            | birdal                                             |            2.78 |           11254.77 |     2.774076742266712
 AAAAAAAALPKBAAAA | Large, political years may borrow proposals. Secondary, european churches spread by the teachers. Surprising, financial troops take ago                                                                  | Jewelry                                            | birdal                                             |            9.09 |            1478.24 |   0.36435673083397924
 AAAAAAAAMEDBAAAA | Then active arrangements should not participate alarmingly rigid firms; remaining churches check to a countries. Worldwide large facilities produce already. Brothers preach legal, young                | Jewelry                                            | birdal                                             |            0.96 |            5486.72 |    1.3523672490268228
 AAAAAAAAMGPBAAAA | At once ordinary s                                                                                                                                                                                       | Jewelry                                            | birdal                                             |            7.19 |  9239.759999999998 |    2.2774168925821026
 AAAAAAAAMLJAAAAA | Schemes complete. Strongly senior questions satisfy in short liberal c                                                                                                                                   | Jewelry                                            | birdal                                             |            3.94 |           15760.39 |    3.8846223732739866
 AAAAAAAAMMLDAAAA | Cold, spatial children cannot compete usually redundant features. Ambitious areas want best o                                                                                                            | Jewelry                                            | birdal                                             |           20.18 |           13728.58 |    3.3838216580479155
 AAAAAAAAMMPBAAAA | Automatically individual councils will keep still legal changes. High transactions should sell more. Rates should not object jobs. Guidelines might                                                      | Jewelry                                            | birdal                                             |           74.83 |            4467.84 |      1.10123361314082
 AAAAAAAANJADAAAA | New, academic versions honour onto a awards; officials know certainly without a estates. Clothes attract more also old elements. Whole, likely                                                           | Jewelry                                            | birdal                                             |            5.08 |            7322.34 |    1.8048110350517368
 AAAAAAAAOGJDAAAA | Groups can make always victorian                                                                                                                                                                         | Jewelry                                            | birdal                                             |            1.61 |            3693.42 |     0.910354500484925
 AAAAAAAAOKBDAAAA | Secur                                                                                                                                                                                                    | Jewelry                                            | birdal                                             |            9.28 |            1647.42 |   0.40605623275686903
 AAAAAAAAOLAAAAAA | Points prevent over to a levels. Posts govern corp                                                                                                                                                       | Jewelry                                            | birdal                                             |            0.21 |            4959.72 |    1.2224722406726265
 AAAAAAAAOLAEAAAA | Shows assess gardens. Medical, true employees involve major others. Exactly alone eyes would exist unions. Unconsciously keen rates comply precisely international writers                               | Jewelry                                            | birdal                                             |            6.26 | 3705.5899999999997 |    0.9133541632015673
 AAAAAAAAOMIAAAAA | Old, military constraints might keep better in a families. Adverse, aware authorities must not understand very forces. Just new procedures should wish here st                                           | Jewelry                                            | birdal                                             |            3.55 |            9368.98 |    2.3092670500385153
 AAAAAAAAOMKBAAAA | International words think. Local, available functions would need japanese stocks. Native signs must solve really only eastern women. Glad, effective pensions involve ot                                 | Jewelry                                            | birdal                                             |            0.17 | 25657.980000000003 |     6.324181264614422
 AAAAAAAAPHPDAAAA | Forms used to wait national females. Internal, large families drop. Major, simple knees will offer most; other things                                                                                    | Jewelry                                            | birdal                                             |            0.36 |            3032.24 |    0.7473867934192182
 AAAAAAAAPICAAAAA | Private, warm features cover of course surprisingly reliable details. Picture                                                                                                                            | Jewelry                                            | birdal                                             |            3.94 |  7225.579999999999 |    1.7809616213736492
 AAAAAAAAAEMBAAAA | Possible responsibilities could say perhaps main owners. Possible techniques see most; breasts stir despite a improvements. Most concern                                                                 | Jewelry                                            | bracelets                                          |            9.28 |            1788.98 |    0.4883403147125097
 AAAAAAAAAHECAAAA | American things might not run                                                                                                                                                                            | Jewelry                                            | bracelets                                          |            3.41 |            4298.41 |    1.1733428502070447
 AAAAAAAAAOLBAAAA | Pubs shall manage satisfactorily suddenly coming minutes. Eyes might remember on a parents. Ever national reasons shall move hom                                                                         | Jewelry                                            | bracelets                                          |            3.04 |            3607.24 |    0.9846732310274869
 AAAAAAAABEEBAAAA | Right, new patients mean more minutes; never modern systems can ask in a eyebrows. Too molecular charts include extra delicate sisters; estimated, blind studies cannot cal                              | Jewelry                                            | bracelets                                          |            9.28 |            5627.88 |     1.536250092434929
 AAAAAAAABHNBAAAA | Poets prepare different, similar parts. As fresh researchers shall exist free, other tables. Ridiculous, ol                                                                                              | Jewelry                                            | bracelets                                          |            2.46 |            6330.12 |    1.7279415046383706
 AAAAAAAABKEEAAAA | Royal, strong engines smoke before to the resources; brown years will want great relationships. Particularly digital                                                                                     | Jewelry                                            | bracelets                                          |            3.54 |            8750.73 |     2.388698723386623
 AAAAAAAACEGCAAAA | Similar, subject teachers show in a women. Across forward ends smell very forces. General,                                                                                                               | Jewelry                                            | bracelets                                          |            0.37 |              32.37 |  0.008836083124039362
 AAAAAAAACFMAAAAA | Later old elements used to express much at a men. Hard only thoughts throw in a topics. Lights must establish less as primary                                                                            | Jewelry                                            | bracelets                                          |            2.97 |            1189.45 |   0.32468579153193144
 AAAAAAAACHPCAAAA | Things make thoroughly rather than a components. Personal, various teachers change more children. Most long systems should result better. Firm firms like soon more past                                 | Jewelry                                            | bracelets                                          |            8.85 |            6440.92 |     1.758186732013828
 AAAAAAAACLNCAAAA | Again european targets know then fingers. Usual, proper groups must divert unemployed, rig                                                                                                               | Jewelry                                            | bracelets                                          |            2.53 |            4122.02 |     1.125193430922235
 AAAAAAAACMDAAAAA | T                                                                                                                                                                                                        | Jewelry                                            | bracelets                                          |            1.62 |            5930.51 |     1.618859416989394
 AAAAAAAACMGAAAAA | Handsome, certain problems shall cut early; possible societies obscure certainly                                                                                                                         | Jewelry                                            | bracelets                                          |            7.03 |            5117.67 |    1.3969773716837357
 AAAAAAAACPOBAAAA | Again grey factors show                                                                                                                                                                                  | Jewelry                                            | bracelets                                          |            3.67 |           13099.25 |    3.5757201687541746
 AAAAAAAADAPBAAAA | Good, strong services cannot replace for a aspects. Impo                                                                                                                                                 | Jewelry                                            | bracelets                                          |            7.97 |           11885.71 |    3.2444584970103767
 AAAAAAAADEDAAAAA | Useful, very levels manage as conditions. So standard                                                                                                                                                    | Jewelry                                            | bracelets                                          |            2.64 | 2159.7200000000003 |    0.5895417190191626
 AAAAAAAADHJDAAAA | Funny, round males catch suspiciously then modern patterns. Possible, equal signals might switch                                                                                                         | Jewelry                                            | bracelets                                          |            5.95 |            3428.85 |    0.9359778690102678
 AAAAAAAADKECAAAA | Profitable, vast citizens touch extra customs. Levels cannot give in a rules; special organizations must accommodate however comprehensive bonds; other, education                                       | Jewelry                                            | bracelets                                          |            5.22 |            2743.02 |    0.7487659169262421
 AAAAAAAADLEEAAAA | Topics accelerate only eyes. Black features ensure just l                                                                                                                                                | Jewelry                                            | bracelets                                          |            2.64 |           13346.16 |    3.6431195287837252
 AAAAAAAADOCAAAAA | Mental opportunities look old, main women. Subsequent boards used to make. Able, electronic applications experience systematically in a legs. Ships meet usually brilliant friends. Chemical nurse       | Jewelry                                            | bracelets                                          |            6.34 | 1898.3600000000001 |     0.518197922747957
 AAAAAAAAEEMDAAAA | Critical times sell usually later ul                                                                                                                                                                     | Jewelry                                            | bracelets                                          |            9.21 |           10946.04 |     2.987955493329003
 AAAAAAAAEIMCAAAA | Most supposed standards play absolutely; issues continue quick, interesting rates. Eyes used to regret briti                                                                                             | Jewelry                                            | bracelets                                          |            4.73 |            1967.58 |    0.5370930007166318
 AAAAAAAAEKJAAAAA | Even little funct                                                                                                                                                                                        | Jewelry                                            | bracelets                                          |            8.59 |            3754.55 |    1.0248846429830705
 AAAAAAAAENEBAAAA | High, illegal statements call rapidly also appropriate difficulties. Ahead german sides gain actual, close plans. Later close friends say in the hands. Members discuss however current words. Outstand  | Jewelry                                            | bracelets                                          |             9.3 |               2568 |    0.7009904684131321
 AAAAAAAAEOOAAAAA | Remote officials locate chief units. Workshops use appropriate groups; short settlements will not move vegetables. Short-term lines must enforce ho                                                      | Jewelry                                            | bracelets                                          |            9.68 |            6594.89 |    1.8002161332683335
 AAAAAAAAFBAEAAAA | Popular results may increase for th                                                                                                                                                                      | Jewelry                                            | bracelets                                          |             3.7 |            3069.94 |    0.8380057159658141
 AAAAAAAAFDBEAAAA | High children might hear in particular institutions. As so-called tools would look too.                                                                                                                  | Jewelry                                            | bracelets                                          |            4.63 |             4378.1 |    1.1950959383798807
 AAAAAAAAFMBBAAAA | Almost bright enterprises will persuade again matters. Leaders can look perhaps anywhere visual objects. Heads take more. Examples might get never pure reactions. N                                     | Jewelry                                            | bracelets                                          |            2.13 |            2169.16 |     0.592118568716133
 AAAAAAAAFPCAAAAA | Machines should spend thus in a buildings. Never separate st                                                                                                                                             | Jewelry                                            | bracelets                                          |            9.84 |            5211.06 |    1.4224701675735734
 AAAAAAAAGFPDAAAA | Re                                                                                                                                                                                                       | Jewelry                                            | bracelets                                          |            3.07 |           12301.25 |     3.357889018522991
 AAAAAAAAGKDAAAAA | White, central shoulders will drink into a sale                                                                                                                                                          | Jewelry                                            | bracelets                                          |            8.26 |            6193.96 |     1.690773723415967
 AAAAAAAAGMJCAAAA | Independently certain chil                                                                                                                                                                               | Jewelry                                            | bracelets                                          |            0.73 |              870.3 |   0.23756698000776824
 AAAAAAAAHKEEAAAA | Benefits draw profound, nuclear modules. Notable, other articles te                                                                                                                                      | Jewelry                                            | bracelets                                          |            6.71 | 2040.6599999999999 |     0.557041748158856
 AAAAAAAAHLBDAAAA | Inevitable years play all at a sales; worthy, british exhibitions pay then working, poor churche                                                                                                         | Jewelry                                            | bracelets                                          |            8.95 |            4753.41 |     1.297544821830088
 AAAAAAAAIFEAAAAA | Small males shall not need major                                                                                                                                                                         | Jewelry                                            | bracelets                                          |            0.29 |            9831.06 |      2.68359787943832
 AAAAAAAAIHDBAAAA | Yet colonial situations cannot support only central recommendations. Clear, small                                                                                                                        | Jewelry                                            | bracelets                                          |           16.58 |            2696.04 |    0.7359417221419551
 AAAAAAAAIJCDAAAA | Changes restore so typical, great questions; well suspicious weeks might not encompass as. Small, big metals should specify ex                                                                           | Jewelry                                            | bracelets                                          |            6.75 |            1172.68 |    0.3201080617206821
 AAAAAAAAIMGAAAAA | Streets start as usual. Private pattern                                                                                                                                                                  | Jewelry                                            | bracelets                                          |            4.68 |             3648.7 |    0.9959906238703251
 AAAAAAAAIPPDAAAA | Long workers support acutely around important charges. Determined, poor stories know. Considerable funds might need good files; poor enterprises float as especially social groups. Gl                   | Jewelry                                            | bracelets                                          |            6.53 |            1824.59 |   0.49806082506305166
 AAAAAAAAKFPCAAAA | General assessments put also healthy, social reasons. S                                                                                                                                                  | Jewelry                                            | bracelets                                          |            5.41 |            6522.82 |     1.780543086905976
 AAAAAAAAKGKAAAAA | Quietly international activities stop public problems; instructions help thus inc, various p                                                                                                             | Jewelry                                            | bracelets                                          |            5.85 |            2160.95 |     0.589877473799594
 AAAAAAAAKJFBAAAA | Paintings will enter hard, explicit applications. Far, political claims ca                                                                                                                               | Jewelry                                            | bracelets                                          |            4.26 |            10492.5 |    2.8641520599006185
 AAAAAAAAKJICAAAA | From time to time round customers provide basically. Adde                                                                                                                                                | Jewelry                                            | bracelets                                          |           39.98 |  9475.940000000002 |     2.586660287871782
 AAAAAAAAKLHAAAAA | Children ought to think moreover rather yellow years.                                                                                                                                                    | Jewelry                                            | bracelets                                          |            0.24 |            4114.88 |    1.1232444153675345
 AAAAAAAALDCAAAAA | National, internal arms protect. Bad pp. cannot test hence still autonomous years.                                                                                                                       | Jewelry                                            | bracelets                                          |            3.45 |             7151.4 |    1.9521274282747947
 AAAAAAAALGCDAAAA | New relations point previous, statutory families. Again monthly journali                                                                                                                                 | Jewelry                                            | bracelets                                          |           86.61 | 14671.079999999998 |     4.004784751295379
 AAAAAAAAMFEEAAAA | Children poison objects. Shoes hold then; cities may not ignore once more there residential ye                                                                                                           | Jewelry                                            | bracelets                                          |            6.92 |            9197.76 |     2.510725113221016
 AAAAAAAAMHBAAAAA | Long cars should hear still conditions. Additional symptoms should say all single, usual papers. Please orthodox varia                                                                                   | Jewelry                                            | bracelets                                          |            3.85 | 1749.1000000000001 |   0.47745421662827464
 AAAAAAAAMKECAAAA | Also political insects shall not look bad, other exercises. Particular, new committees will not kill then. Frantically national times return in a authorities. Small, conservati                         | Jewelry                                            | bracelets                                          |            0.42 | 10833.669999999998 |    2.9572817009086036
 AAAAAAAAMNHAAAAA | Experiences might work main, shared unions. Policies hear ultimate mammals. Lett                                                                                                                         | Jewelry                                            | bracelets                                          |            0.89 | 1520.8600000000001 |    0.4151512320057617
 AAAAAAAAMODDAAAA | Open points go just satisfied, sound colours. Units ought to go before a sons. Also effective writers purchase on the children. Available, narrow executives should                                      | Jewelry                                            | bracelets                                          |           25.37 | 21642.239999999998 |     5.907711820525476
 AAAAAAAAMPDEAAAA | Great forces negotiate historical, social lines. Actual policies realise as in the places; there significant buildings must not tell actively scottish cases. Public, naval relations hear women. R      | Jewelry                                            | bracelets                                          |            1.63 |            3072.63 |    0.8387400089409042
 AAAAAAAAOAIAAAAA | Remains encourage simply men. Likely, important men shall threaten so as the accounts; then main videos ought to express again to a changes. Per annum available eyes give numbers. Good, inner n        | Jewelry                                            | bracelets                                          |            4.07 |            2209.14 |    0.6030319639369885
 AAAAAAAAOBNDAAAA | Financial offences will lose above over the increases. Temporary, main cells might bury. Records exert industrial efforts; anything but previous seeds would manufacture even under the                  | Jewelry                                            | bracelets                                          |            0.93 |            5476.06 |    1.4948075796177631
 AAAAAAAAOCPDAAAA | Days shall not remind official practitioners. Ag                                                                                                                                                         | Jewelry                                            | bracelets                                          |            3.43 |            2983.54 |    0.8144209899257461
 AAAAAAAAOFHDAAAA | Chief police improve then changes. Later great wages as                                                                                                                                                  | Jewelry                                            | bracelets                                          |           29.77 |            8291.76 |     2.263413055439748
 AAAAAAAAOGFBAAAA | Animals used to build nearby. Complex, ful                                                                                                                                                               | Jewelry                                            | bracelets                                          |            3.73 | 13390.659999999998 |    3.6552667545798245
 AAAAAAAAOIGAAAAA | Ways will provide only royal, american women; much original populations make american rivers. Occasiona                                                                                                  | Jewelry                                            | bracelets                                          |            9.69 |            4858.11 |    1.3261249238716981
 AAAAAAAAOIOBAAAA | Fields must vote important relations. Considerable, private eyes might cost normally                                                                                                                     | Jewelry                                            | bracelets                                          |            3.88 |            7104.12 |    1.9392213420806463
 AAAAAAAAOMDDAAAA | Days cannot recoup really thin, other couples. Heavily dry councillors                                                                                                                                   | Jewelry                                            | bracelets                                          |           29.29 |           11033.79 |     3.011908730713447
 AAAAAAAAOOPDAAAA | Dramatic parents damage conventional, important police. Surely posi                                                                                                                                      | Jewelry                                            | bracelets                                          |           93.49 |            8929.74 |    2.4375633276508886
 AAAAAAAAPAHAAAAA | Main, communist competitors help sections. Respectively provincial letters shall write however amongst                                                                                                   | Jewelry                                            | bracelets                                          |            4.71 |             442.53 |   0.12079801868647326
 AAAAAAAAPJLCAAAA | Pink, disastrous years will not speak however into a fans. Terrible, similar seconds supply public, pregnant writers. Curiously                                                                          | Jewelry                                            | bracelets                                          |            2.73 |           11224.17 |     3.063877019411458
 AAAAAAAAAAGCAAAA | Small, level thoughts stay over under a studies. Individual, cultural times will not like quite in the families. Even foreign novels shall find mor                                                      | Jewelry                                            | consignment                                        |            8.12 |           12195.05 |     2.744539923935033
 AAAAAAAAABPAAAAA | Attitudes take preferences. Patiently amazing buses see efficiently late children. Therefore relative windows will release certainly basically doubtful manufacturers. New, central proteins wil         | Jewelry                                            | consignment                                        |             9.6 | 4320.9400000000005 |    0.9724431092064274
 AAAAAAAAANIBAAAA | Similar, following representatives may hear in a bodies. Words would identify such as a funds. Resources might meet other others. Emotional students must not give terrib                                | Jewelry                                            | consignment                                        |            3.27 |            6692.99 |    1.5062815048317093
 AAAAAAAABFMBAAAA | Though specific children ought to lead of course old, social changes; now new goods break also. Always gradual times would seek time and again new, big examples. Deputies support true ca               | Jewelry                                            | consignment                                        |            7.74 |           13328.41 |      2.99960667382052
 AAAAAAAABMGAAAAA | Typically significant candidates will trust; social parties find. Better weekly cats hear comparisons. Tic                                                                                               | Jewelry                                            | consignment                                        |            0.75 |            6796.16 |    1.5295002849066066
 AAAAAAAACAGAAAAA | Functions could not cite cl                                                                                                                                                                              | Jewelry                                            | consignment                                        |            0.09 |            4901.11 |    1.1030124572344704
 AAAAAAAACBACAAAA | Children arrest                                                                                                                                                                                          | Jewelry                                            | consignment                                        |             9.8 | 1006.1000000000001 |   0.22642642854855347
 AAAAAAAACBHBAAAA | Again top pressures conceive. Nuclear forms double further products. Major, nice questions give. Financial secrets can                                                                                   | Jewelry                                            | consignment                                        |            3.28 |  4853.110000000001 |    1.0922098843586823
 AAAAAAAACCMDAAAA | Other areas extract also usually important books. Other cards shall produce afterward                                                                                                                    | Jewelry                                            | consignment                                        |            4.61 | 3687.5599999999995 |    0.8298986590383696
 AAAAAAAACHACAAAA | Arbitrary houses make like a creatures. Uniquely new minutes must not make rough, historic genes. Normally international sectors can d                                                                   | Jewelry                                            | consignment                                        |            9.57 | 3016.8900000000003 |    0.6789619600674341
 AAAAAAAACLJAAAAA | Subject, similar months know at least in the                                                                                                                                                             | Jewelry                                            | consignment                                        |             4.5 | 10347.329999999998 |    2.3287038832256264
 AAAAAAAACNJCAAAA | Electronic, confident looks live details. Flowers change truly immediate cities; western                                                                                                                 | Jewelry                                            | consignment                                        |            0.76 |              62.83 |  0.014140117787203671
 AAAAAAAACPJAAAAA | Very sure seconds would clear pupils. Naturally possible cells could                                                                                                                                     | Jewelry                                            | consignment                                        |            9.94 |            8734.39 |    1.9657059270949206
 AAAAAAAADBMDAAAA | Friends stay soon thus splendid relations. Good, warm rates rouse. Children used to see years. Right, asian miles could not pull both moreover inc co                                                    | Jewelry                                            | consignment                                        |            8.76 |            6372.81 |      1.43422384267817
 AAAAAAAADPNAAAAA | Worlds assist eyes. Domestic divisions suggest really on the services. High, medical years distinguish hard professional banks. Men take                                                                 | Jewelry                                            | consignment                                        |            0.13 |  5237.870000000001 |    1.1788015081021883
 AAAAAAAAECFDAAAA | Again local interpretations should ride sensitive, necessary managers. Systems used to raise only dry boundaries; even alone languages must go important pilots; specially likely examples must manuf    | Jewelry                                            | consignment                                        |             2.4 |            6316.86 |    1.4216320936698292
 AAAAAAAAEJNAAAAA | Boring comments m                                                                                                                                                                                        | Jewelry                                            | consignment                                        |            8.91 |           12850.35 |    2.8920175490497004
 AAAAAAAAENPCAAAA | Silver consequences grow personally old groups. International, progressive reasons spea                                                                                                                  | Jewelry                                            | consignment                                        |           60.59 |           12924.15 |    2.9086265048462248
 AAAAAAAAFEEAAAAA | Followers cater still law                                                                                                                                                                                | Jewelry                                            | consignment                                        |           48.17 |           10555.99 |     2.375663567731085
 AAAAAAAAFHMBAAAA | Minutes give far notes. Previous, patient customers could knit flat groups. Beautif                                                                                                                      | Jewelry                                            | consignment                                        |             2.3 |             680.98 |   0.15325700160321432
 AAAAAAAAFJACAAAA | Years receive most under a owners. Positions pay regularly with a appeals. Single, responsible bones may get definitely most healthy thin                                                                | Jewelry                                            | consignment                                        |            3.91 | 13020.399999999998 |    2.9302879139981957
 AAAAAAAAFKDBAAAA | New, short thoughts begin quietly early competit                                                                                                                                                         | Jewelry                                            | consignment                                        |            2.27 |            8394.84 |    1.8892889766787977
 AAAAAAAAGAGEAAAA | Employees deny concentrations. Hard compulsory terms consider therefore; often quick firms return less ambitions. Female, sure options should welcome accounts; dangerous, certain ye                    | Jewelry                                            | consignment                                        |            6.94 | 27661.359999999997 |     6.225288692571129
 AAAAAAAAGBGDAAAA | P                                                                                                                                                                                                        | Jewelry                                            | consignment                                        |            9.46 |            4493.04 |    1.0111748340381597
 AAAAAAAAHJJAAAAA | Available, formidable officials use there substantial, dead eyes. Great windows shall not get thirdly for the subsidies. British, effective times talk further political legs. Then old unio             | Jewelry                                            | consignment                                        |            9.23 | 3436.1600000000003 |    0.7733201836014288
 AAAAAAAAHLEAAAAA | Round circles offer recent, happy minutes. Now medical communic                                                                                                                                          | Jewelry                                            | consignment                                        |            6.82 |             451.98 |   0.10171972684164117
 AAAAAAAAHMECAAAA | Solutions might no                                                                                                                                                                                       | Jewelry                                            | consignment                                        |            5.87 | 7361.1900000000005 |    1.6566623214067449
 AAAAAAAAIANBAAAA | Inevitably literary sources will not lend already in a persons. Competent, wide years will not prevent independent voters. Substantial sounds                                                            | Jewelry                                            | consignment                                        |            6.81 |            1344.15 |     0.302505798562308
 AAAAAAAAIBFDAAAA | Kinds prefer allegations; lucky legs might not serve at least gifts. Public workers tidy most continuous weapons. Private sheets use presumably good, general relations. As obvious interests            | Jewelry                                            | consignment                                        |            6.69 |           18833.56 |     4.238560508552723
 AAAAAAAAIDFEAAAA | Subjective, short-term settings will believe both thus rural subjects. Economic ships might affect classic observers. Streets shall claim superbly. New tools carr                                       | Jewelry                                            | consignment                                        |             4.3 |             153.97 |   0.03465150303510662
 AAAAAAAAIFOBAAAA | Initially well-known cities afford uniquely. Industries ought to profit fully. Rational, narrow holders may cater primary,                                                                               | Jewelry                                            | consignment                                        |            4.02 |           12266.83 |     2.760694271456368
 AAAAAAAAIIIBAAAA | High, young fingers allow                                                                                                                                                                                | Jewelry                                            | consignment                                        |            1.31 | 4333.3099999999995 |    0.9752270222579584
 AAAAAAAAILNCAAAA | Women will include normally only pretty countries; desperate accidents should not inform at present shares. Vulnerable problems will carry general, equal stages; books create just months. Industrial,  | Jewelry                                            | consignment                                        |            3.79 |            6234.44 |    1.4030831758276945
 AAAAAAAAIPMAAAAA | Fields rest american calls. At all medical symptoms see specialist, national exchanges. Limited years say finally. Already succe                                                                         | Jewelry                                            | consignment                                        |            1.12 |            5827.15 |    1.3114210944406155
 AAAAAAAAKIFAAAAA | Children seek cases; strong, modest products ought to forget past, neat                                                                                                                                  | Jewelry                                            | consignment                                        |            3.63 |            9197.05 |    2.0698292264014246
 AAAAAAAAKNJDAAAA | Inherent, wonderful accidents must not make students; heavy, long-term points might not pass. Plans fall tenants; payments try also high le                                                              | Jewelry                                            | consignment                                        |            2.21 |            13339.1 |     3.002012496821399
 AAAAAAAAKOLAAAAA | Also modest churches may not get truly local important women. Firm, traditional                                                                                                                          | Jewelry                                            | consignment                                        |            6.03 |             625.72 |   0.14082053957996307
 AAAAAAAALICBAAAA | Working countries ought to                                                                                                                                                                               | Jewelry                                            | consignment                                        |            3.39 |            2750.83 |     0.619084198831346
 AAAAAAAALJCDAAAA | Political, appropriate investors must not meet here                                                                                                                                                      | Jewelry                                            | consignment                                        |            6.87 |            4287.02 |    0.9648092910408704
 AAAAAAAALLCEAAAA | So other features must not make weeks. Therefore necessary pressures work yesterday old, good operations. Alive, universal years believe. Likely, specific muscles look just possible featur             | Jewelry                                            | consignment                                        |            2.56 |            9801.26 |     2.205808863011425
 AAAAAAAALNICAAAA | Now general weeks will not see interests. Theoretical, social variations use sure at least classical fortunes. Perhaps common orders m                                                                   | Jewelry                                            | consignment                                        |            3.83 |           10628.25 |     2.391925940981178
 AAAAAAAAMBJBAAAA | Norm                                                                                                                                                                                                     | Jewelry                                            | consignment                                        |             0.8 |           10052.42 |    2.2623333255839873
 AAAAAAAAMCPDAAAA | Sympatheticall                                                                                                                                                                                           | Jewelry                                            | consignment                                        |            5.54 |             941.36 |   0.21185645838233402
 AAAAAAAAMJLCAAAA | Exactly disabled authorities may send alone political companies; at present separate procedures get deliberately furiously stan                                                                          | Jewelry                                            | consignment                                        |           53.29 |           21852.76 |     4.918042342439803
 AAAAAAAAMMBBAAAA | Foreign economies ought to walk necessary,                                                                                                                                                               | Jewelry                                            | consignment                                        |            8.79 |            5035.85 |    1.1333361795112145
 AAAAAAAANEOAAAAA | High ideas could not think only sales. Voices shall achieve pupils. Other circumstances meet very kind, small levels. Exotic, social members used to allow probably volu                                 | Jewelry                                            | consignment                                        |            4.99 |            4973.89 |    1.1193918583573845
 AAAAAAAANHLDAAAA | Even likely feet will think simply from a women. Probably other pools live profits. Important sectors can achieve at all leaders. Shares see just black scales; now other levels wa                      | Jewelry                                            | consignment                                        |            6.06 |            6778.66 |    1.5255618468789756
 AAAAAAAAOBBAAAAA | Mysterious plans can keep by a hours. Once good authorities must attend contemporary, alone details. So vulnerable others may extend for example with the                                                | Jewelry                                            | consignment                                        |               4 |            4119.55 |    0.9271195643844482
 AAAAAAAAOBEEAAAA | Long, young minut                                                                                                                                                                                        | Jewelry                                            | consignment                                        |            1.48 | 1031.6399999999999 |   0.23217429753287908
 AAAAAAAAOBKBAAAA | Nervous arms notice so. Open bad walls ought to get about. Accidents come obviously lat                                                                                                                  | Jewelry                                            | consignment                                        |            1.72 |             121.54 |   0.02735301473590218
 AAAAAAAAOCCCAAAA | Arguments could not see easier. Bad, general months might absorb never. Now available r                                                                                                                  | Jewelry                                            | consignment                                        |            6.88 |           17790.82 |     4.003888116042317
 AAAAAAAAOELDAAAA | American, afraid eyes know; attractive, reduced children evaluate more men. Fragments would not start from a others. Friends will sit solely. Largely handsome deals shall                               | Jewelry                                            | consignment                                        |            4.39 |            8709.96 |    1.9602078676083474
 AAAAAAAAOGHBAAAA | Still distant sources happen just by a women. Other, legislative times will not fall. Policies make                                                                                                      | Jewelry                                            | consignment                                        |            2.63 |  6700.719999999999 |     1.508021169171914
 AAAAAAAAOHIAAAAA | T                                                                                                                                                                                                        | Jewelry                                            | consignment                                        |            1.34 |            5510.96 |     1.240261396157376
 AAAAAAAAOJJCAAAA | Also certain initiatives could keep royal principles. Cars may persuade necessary, absolute animals. Away top boots                                                                                      | Jewelry                                            | consignment                                        |            7.13 |           18147.95 |     4.084261508774198
 AAAAAAAAPABDAAAA | Notable cases arise literally smal                                                                                                                                                                       | Jewelry                                            | consignment                                        |            3.13 | 2464.2299999999996 |    0.5545838366188268
 AAAAAAAAPHNCAAAA | Well new children look hardly furious police. Large, free programmes give still redu                                                                                                                     | Jewelry                                            | consignment                                        |           23.13 |              575.3 |    0.1294733369883538
 AAAAAAAAPJOCAAAA | Western prices must not get across natural bottles. Afterwards public clouds can yield on a councils. Workers would not weaken little, tall years; spiritual ag                                          | Jewelry                                            | consignment                                        |            1.25 |            6386.07 |    1.4372080534351066
 AAAAAAAAPKJAAAAA | Precisely friendly signs should help. In part left miles see however o                                                                                                                                   | Jewelry                                            | consignment                                        |            9.75 |            9227.52 |    2.0766866096415346
 AAAAAAAAPOACAAAA | Clearly wooden prizes go also too important marke                                                                                                                                                        | Jewelry                                            | consignment                                        |            8.57 | 14593.899999999998 |    3.2844097560826295
 AAAAAAAAACHCAAAA | Double, crucial observers compensate also. Bo                                                                                                                                                            | Jewelry                                            | costume                                            |             7.5 |              75.68 |  0.028963123988271156
 AAAAAAAAADCDAAAA | Inc, easy banks can snatch even for a programmes; in particular free details would support together ago global                                                                                           | Jewelry                                            | costume                                            |            2.69 |             6205.5 |     2.374876663705294
 AAAAAAAABKCAAAAA | Parties shall not shorten other factors. At least corporate proposals would                                                                                                                              | Jewelry                                            | costume                                            |            3.19 |  9090.149999999998 |     3.478847007425779
 AAAAAAAABKGCAAAA | Never previous eyes use afterwards attractive, following components. Whole, new forms                                                                                                                    | Jewelry                                            | costume                                            |            1.37 | 1114.9499999999998 |   0.42669708100849524
 AAAAAAAACBKAAAAA | Above apparent hands cope as. Sacred members send. Blue markets would n                                                                                                                                  | Jewelry                                            | costume                                            |            4.82 | 21355.989999999998 |     8.173046858645334
 AAAAAAAACNICAAAA | Concerned agents work thus in a workers. Hidden teams bring occasionally precise colleges; christian humans achieve freshly other, public grounds. Forward right critics                                 | Jewelry                                            | costume                                            |            7.15 |             4490.8 |    1.7186521829615236
 AAAAAAAADNCBAAAA | Quick patients imagine especially regular rules. Weak, le                                                                                                                                                | Jewelry                                            | costume                                            |            3.29 |           14282.97 |     5.466165843429668
 AAAAAAAADNOBAAAA | Only hot resources take even private relatives. More new stairs will fill spiritual ways. Nice, english terms catch down the investors. Annual, appropriate su                                           | Jewelry                                            | costume                                            |            8.17 | 4652.5599999999995 |    1.7805585642556927
 AAAAAAAADPBDAAAA | Dark, redundant characteristics must not deal still strong husbands. Relevant actors know. Circumstances know against a needs. Other, possible origins shall choose up a journals. Students avoid most   | Jewelry                                            | costume                                            |            4.09 |             264.81 |   0.10134414460008039
 AAAAAAAAEGGBAAAA | Always previous stores ask modules. White papers shall not afford st                                                                                                                                     | Jewelry                                            | costume                                            |            4.65 |             4096.8 |     1.567866363043727
 AAAAAAAAEJJDAAAA | Also available studies will not arrange seldom adjacent to a weaknesses. Rapidly senior services get occasionally perhaps immense powers                                                                 | Jewelry                                            | costume                                            |           67.38 |            7900.66 |     3.023623086273446
 AAAAAAAAEKDDAAAA | Days used to treat after a children. Both great others may know now; free, good managers will waste. Light examinations will                                                                             | Jewelry                                            | costume                                            |            0.59 |  9821.880000000001 |    3.7588838297822504
 AAAAAAAAEKPDAAAA | Recommendations will know immediately initiatives. Also major parents would not build up                                                                                                                 | Jewelry                                            | costume                                            |             1.3 |               3848 |    1.4726493275220323
 AAAAAAAAEOAEAAAA | Difficult                                                                                                                                                                                                | Jewelry                                            | costume                                            |            4.58 | 13797.560000000001 |      5.28039694788069
 AAAAAAAAGILBAAAA | Present, level costs say bad, flat members. Grounds adjust clearly in a countries. Main decisions remain. Loyal, close securities cover entirel                                                          | Jewelry                                            | costume                                            |            2.88 |             4311.7 |     1.650109694770464
 AAAAAAAAGJGBAAAA | Commercial terms can locate as                                                                                                                                                                           | Jewelry                                            | costume                                            |            3.89 |             4318.6 |    1.6527503601446594
 AAAAAAAAHCLCAAAA | Japanese, innocent areas seem together. Experts would find; novel, northern rates could not retain doubts. Profits solve linear, mutual applications. New lines sh                                       | Jewelry                                            | costume                                            |            1.92 |            2151.24 |    0.8232905767511685
 AAAAAAAAHIKDAAAA | Living, moral types play before                                                                                                                                                                          | Jewelry                                            | costume                                            |            0.51 | 15292.619999999999 |     5.852564074597188
 AAAAAAAAHJCBAAAA | Initial premises ought to criticise with a teachers. Right papers could tell noticeably. Acceptable, mad interests will use children. Small years would no                                               | Jewelry                                            | costume                                            |            3.67 |           10849.48 |     4.152151617973944
 AAAAAAAAIDFAAAAA | Then special unions make therefore mechanisms. Never following houses used to make golden                                                                                                                | Jewelry                                            | costume                                            |            0.79 |             707.78 |    0.2708710345721268
 AAAAAAAAIDPDAAAA | Equal, fine affairs leave always charges. Substantial, new rights should not forecast at least by a years. Less eager parents could not feel light, minor artists. Cases put only ot                     | Jewelry                                            | costume                                            |           23.21 | 12029.509999999998 |    4.6037551486277435
 AAAAAAAAIEMBAAAA | Lo                                                                                                                                                                                                       | Jewelry                                            | costume                                            |            2.21 |            1775.58 |    0.6795235688569569
 AAAAAAAAIFCEAAAA | Quite natural positions verify deaf owners. Other, cold consid                                                                                                                                           | Jewelry                                            | costume                                            |            5.04 |            2791.67 |    1.0683864210403928
 AAAAAAAAJAGEAAAA | Only natural trends organise with the neighbours. Further olympic funds suggest downstairs local jobs. Films make even circumstances; disabled wa                                                        | Jewelry                                            | costume                                            |            1.85 |             2317.7 |     0.886995672140804
 AAAAAAAAKCEBAAAA | Injuries could turn more; wide, related rights might not ask stories. Now above windows could let top se                                                                                                 | Jewelry                                            | costume                                            |            5.64 |  8895.720000000001 |     3.404437649642488
 AAAAAAAAKECEAAAA | Lesser rights ought to face in general. Mean, educational ministers cannot entertain as; permanent, critical films assert somewhere official years. Indeed other chairs ba                               | Jewelry                                            | costume                                            |           27.19 |            1842.83 |    0.7052604886271898
 AAAAAAAAKJCBAAAA | Remarkably responsible kinds involve as dramatic children. External, different children match. Prospects study anyway at a cells. Ite                                                                    | Jewelry                                            | costume                                            |            6.02 | 5135.8099999999995 |    1.9655008167310102
 AAAAAAAAKMIBAAAA | Shoulders cast eastern, dominant newspapers. Orange, given questions might borrow forward particular others; rare territories eat enough true authorities. Either high                                   | Jewelry                                            | costume                                            |            2.07 |             256.49 |    0.0981600379459787
 AAAAAAAALCCEAAAA | Only, british miles ship here. So ridiculous patients start very other companies. Numbers will provide in private subject ways; subsequent, professional companies fill natural trees. Students lea      | Jewelry                                            | costume                                            |             2.7 |              567.7 |   0.21726170042470316
 AAAAAAAALIGDAAAA | Much satisfactory children stop really basic circles. Worldwide private trees used to get however practical, serious animals. Wooden changes attend quite modern, adult                                  | Jewelry                                            | costume                                            |            9.94 |            5641.86 |    2.1591687460949722
 AAAAAAAALJDCAAAA | English, necessary winners cannot detail by a records. Familiar players organize at the points; behind d                                                                                                 | Jewelry                                            | costume                                            |            3.21 | 12209.069999999998 |     4.672473681177083
 AAAAAAAAMFIBAAAA | Police know very for the subjects. Free, regional personnel come only, different sites. Unusual assets keep for a years. Very blue motives may not become never obvious different associations. New, b   | Jewelry                                            | costume                                            |            2.53 |           11981.45 |     4.585362340238787
 AAAAAAAAMLADAAAA | Experiences could help nowadays just specific groups. Similar, inevitable committees should form other factors. Economic arguments might help too different, ideological provisions. Now                 | Jewelry                                            | costume                                            |            3.22 |             706.16 |   0.27025105226688106
 AAAAAAAAMMLAAAAA | Easy members should receive even; dark sale                                                                                                                                                              | Jewelry                                            | costume                                            |            9.66 |  8975.630000000001 |    3.4350196163166786
 AAAAAAAANIOCAAAA | Very full managers consent; possible lines become ye                                                                                                                                                     | Jewelry                                            | costume                                            |            2.14 |            4998.62 |     1.912997500399735
 AAAAAAAANNPCAAAA | Tightly sufficient areas make. Massive changes leave just in the custome                                                                                                                                 | Jewelry                                            | costume                                            |            5.55 |            3204.25 |    1.2262829022121808
 AAAAAAAAOGIBAAAA | Numbers sign round, private drinks. Difficult, active foreigners shall eliminate then complete sanctions. Properly particular e                                                                          | Jewelry                                            | costume                                            |            2.22 |            2168.24 |     0.829796563904982
 AAAAAAAAOKPCAAAA | Rather german interests know falsely much nice ties; now british institutio                                                                                                                              | Jewelry                                            | costume                                            |           84.28 |             420.42 |    0.1608968893650761
 AAAAAAAAONAEAAAA | Local scientists should not invoke thus; trees revive of course ears. Open, eco                                                                                                                          | Jewelry                                            | costume                                            |            5.56 |            4078.12 |     1.560717431277066
 AAAAAAAAOOFBAAAA | Terrible, various orders include right members. Preliminary areas must not prevent typically. Too urban streets might put. Too very rules should go for example. Reports apply                           | Jewelry                                            | costume                                            |            0.93 |            3526.43 |    1.3495828399307483
 AAAAAAAAPBBCAAAA | Too potential words hear strange comments. Political,                                                                                                                                                    | Jewelry                                            | costume                                            |            3.95 |           12354.19 |      4.72801184916305
 AAAAAAAAPDNDAAAA | Legs see to the resources; unfortunately asleep years must come annually. Ministers perceive outside, small concerns. Now national attitudes take muc                                                    | Jewelry                                            | costume                                            |            8.46 |            5525.17 |    2.1145108848609424
 AAAAAAAAPECEAAAA | All white parties should happen costs. Awards offer; interests take. Details live now parliamentary demands; childre                                                                                     | Jewelry                                            | costume                                            |            58.4 |           11265.43 |     4.311337815422694
 AAAAAAAAABDEAAAA | Deep, senior students would assume more in an women. Chi                                                                                                                                                 | Jewelry                                            | custom                                             |            3.78 |            2063.12 |    0.5563621843606923
 AAAAAAAAAICBAAAA | Major, local                                                                                                                                                                                             | Jewelry                                            | custom                                             |            6.02 |           10303.61 |     2.778577574935376
 AAAAAAAAAPFAAAAA | Wrong countries gain modern, outer needs. Costs shall follow. Senior bands think at the eyes; military, close days would play also. Conditions sleep in full old courts                                  | Jewelry                                            | custom                                             |            2.58 |           13596.15 |    3.6664778165572662
 AAAAAAAABAMAAAAA | British, bad eyes decrease well for a speakers. Phrases might go changes; sports may not afford national, gold reasons. Fat students argue against a numbers; things deter                               | Jewelry                                            | custom                                             |            3.55 |             375.78 |   0.10133670442778944
 AAAAAAAABDKCAAAA | Skills argue english, different shares. Internal decisions create. Ever sure leaders could take complex, other managers. Days may live joint, catholic eyes. Sm                                          | Jewelry                                            | custom                                             |            1.98 |            1897.36 |    0.5116616358324301
 AAAAAAAABOBDAAAA | Hot windows drive under te                                                                                                                                                                               | Jewelry                                            | custom                                             |             5.6 |            6836.38 |    1.8435686290277589
 AAAAAAAACGJDAAAA | Major letters know into a views. Exactly subsequent others will cancel however with a years. Much large rates bear easily independent, unusual efforts                                                   | Jewelry                                            | custom                                             |            1.14 |           15579.72 |    4.2013877287447965
 AAAAAAAACKIAAAAA | Careful moments used to head legal mechanisms. Ready, positive months cannot stand quite. Straight, negative dates will make actively current concentrations. Possible                                   | Jewelry                                            | custom                                             |             3.3 | 474.78999999999996 |   0.12803676059202232
 AAAAAAAACMACAAAA | Chief birds used to wish children. High, cultural liabilities might refuse abruptly months. Conscious, strange relations warrant almost formal scientists. Too old concepts might release possible co    | Jewelry                                            | custom                                             |            0.46 |              269.1 |   0.07256827708105312
 AAAAAAAACPAAAAAA | Particul                                                                                                                                                                                                 | Jewelry                                            | custom                                             |            2.74 | 14373.550000000001 |    3.8761195059025306
 AAAAAAAADFEEAAAA | Eyes want best large fields. Women examine alternatively never existing groups. Refugees can fly t                                                                                                       | Jewelry                                            | custom                                             |            3.91 |           16739.71 |     4.514202577244428
 AAAAAAAAEEIAAAAA | Detectives quote ago alone useful terms. High approaches register then available toys. Free                                                                                                              | Jewelry                                            | custom                                             |            7.41 |            1218.68 |   0.32864179826509776
 AAAAAAAAELKBAAAA | Per annum political margins would meet glasses. Terms recognize. Light, swiss po                                                                                                                         | Jewelry                                            | custom                                             |            2.28 |            6014.51 |    1.6219347015487355
 AAAAAAAAEMGBAAAA | Yellow temperatures shall tell so. However central points play finally red copies. Rapidly                                                                                                               | Jewelry                                            | custom                                             |            3.97 |           12667.45 |    3.4160350111868683
 AAAAAAAAEOPCAAAA | Children shall prove for example indeed nec                                                                                                                                                              | Jewelry                                            | custom                                             |            4.92 |  6434.360000000001 |    1.7351557759912484
 AAAAAAAAEPPBAAAA | Patients should put here words. Practitioners determine national, individual parts. Absolute rights must sav                                                                                             | Jewelry                                            | custom                                             |            4.06 |             3617.5 |    0.9755323015262343
 AAAAAAAAFBABAAAA | Essential, average needs would run even for e                                                                                                                                                            | Jewelry                                            | custom                                             |             5.6 |            1406.15 |   0.37919688895400533
 AAAAAAAAFFJDAAAA | Nuclear services account. Sorry, international animals may hear due, secondary questions. Children answer only. Centres could help defensive, accurate courses. Old, fast properties                     | Jewelry                                            | custom                                             |            5.81 |            2373.81 |    0.6401460491184492
 AAAAAAAAFHBDAAAA | Urban companies must continue once again major roads. All open regions used to go. Likely reports may wish external flights; items could n                                                               | Jewelry                                            | custom                                             |           88.47 |  7694.200000000001 |     2.074897203705087
 AAAAAAAAFHNAAAAA | Then environmental services will look essential, general requests. Final, criminal years challenge                                                                                                       | Jewelry                                            | custom                                             |            1.84 |            2138.24 |    0.5766198171155369
 AAAAAAAAFNMBAAAA | Circumstances recognize both similar drawings. Personnel deny sure lads; magnificent elections should know of course excellent hours. Further likely paintin                                             | Jewelry                                            | custom                                             |            0.96 |            5511.52 |     1.486293238564719
 AAAAAAAAFOPDAAAA | Leadin                                                                                                                                                                                                   | Jewelry                                            | custom                                             |            1.46 | 460.33000000000004 |   0.12413732808889329
 AAAAAAAAFPACAAAA | Typical officials d                                                                                                                                                                                      | Jewelry                                            | custom                                             |            4.04 | 15718.310000000001 |     4.238761335287581
 AAAAAAAAGAIDAAAA | Northern                                                                                                                                                                                                 | Jewelry                                            | custom                                             |            2.65 |            6592.96 |    1.7779254851887771
 AAAAAAAAGFACAAAA | Prices allow then level months; silent ma                                                                                                                                                                | Jewelry                                            | custom                                             |            5.72 |           14541.54 |    3.9214214191944152
 AAAAAAAAGNABAAAA | Severe, official companies understand about especially good issues. Tonight traditional books pick now from the minutes; teenage, private years trus                                                     | Jewelry                                            | custom                                             |            8.79 | 11073.839999999998 |     2.986285728246931
 AAAAAAAAHCGEAAAA | Territorial, corporate classes may not read new, impossible students. For example significant flowers should not see in a chips.                                                                         | Jewelry                                            | custom                                             |            9.99 |            2072.66 |    0.5589348389996862
 AAAAAAAAHDMDAAAA | Levels stay therefore ro                                                                                                                                                                                 | Jewelry                                            | custom                                             |            4.98 |            2739.55 |    0.7387752637584506
 AAAAAAAAHLCCAAAA | Nearby video-taped years come also secondary plants. Children shall tell new boots. Following cl                                                                                                         | Jewelry                                            | custom                                             |            1.18 |            5505.05 |    1.4845484717393216
 AAAAAAAAIAHBAAAA | Then direct rates could choose. Solid, traditional officials must not know well for a seats                                                                                                              | Jewelry                                            | custom                                             |            0.71 |  8273.869999999999 |     2.231216985108186
 AAAAAAAAIDEBAAAA | Supporters used to rent for example only sales. Then working signs question departments. Evolutionary curtains look sometimes weekly regular elections; german friends might                             | Jewelry                                            | custom                                             |            9.02 |            2575.76 |    0.6946059657164377
 AAAAAAAAIFPBAAAA | Written relations say. Associated arms make lips. Glasses climb never in a weapons. Effects command in the waters. Boats store supporters. Warm, major rates see generally. Readers would pret           | Jewelry                                            | custom                                             |            3.79 |           14637.03 |    3.9471722359111365
 AAAAAAAAIICCAAAA | Firmly new things ought to acknowledge better silver, public audiences; about necessary records operate. Quite grand drinks shall not minimise. Hopes can forget by the boundaries. Anyway religious pro | Jewelry                                            | custom                                             |            1.39 |            9621.45 |     2.594619284732436
 AAAAAAAAIKCAAAAA | Facts continue late. Doctors could not take now from a flowers. Firms move perhaps major, potential terms; grateful years seem over cultural doors. Likely groups oug                                    | Jewelry                                            | custom                                             |            5.98 |             1547.1 |     0.417206917399098
 AAAAAAAAIKJBAAAA | Thousands find notes. So financial parents recognise basic, national instructions. Dutch, full successes join bot                                                                                        | Jewelry                                            | custom                                             |            2.87 |             9196.5 |    2.4800228917722222
 AAAAAAAAINDBAAAA | Now available effects work only matters; huskily other women cancel british, strange ideas; simply minor bombs ought to serve further final, classical technologies. Objective, natural                  | Jewelry                                            | custom                                             |            3.63 |            4353.21 |    1.1739314361650361
 AAAAAAAAIODBAAAA | Things used to submit even to the residents. Opportunities shall select just little hills; servants shall not go in general other obligations. Angry, slow police cou                                    | Jewelry                                            | custom                                             |            0.26 |              31.46 |  0.008483827562132779
 AAAAAAAAJCHBAAAA | Satisfied, high courses prevent in a developments. Elderly, electronic books start; particularly overall examples look very terrible purposes; ov                                                        | Jewelry                                            | custom                                             |            7.89 |  7266.380000000001 |    1.9595268569907944
 AAAAAAAAJMBDAAAA | Ancient eyes meet international, empty cattle. Also plain missiles could enable already positive, small units. Peculiar sounds limit comments; small passengers used to find however pressures. Early    | Jewelry                                            | custom                                             |             2.1 |  7900.400000000001 |     2.130503219067826
 AAAAAAAAJMICAAAA | Nice, european months may run in a hands. On                                                                                                                                                             | Jewelry                                            | custom                                             |            3.97 |            3159.66 |    0.8520664524783362
 AAAAAAAAKAHAAAAA | Arms make only left, final shoulders. So impossible scientists write even high, large prices. Hearts settle today forces. Pictures live instead dependent, current friends. Professional colleagues wit  | Jewelry                                            | custom                                             |            1.86 |            5480.49 |    1.4779253692305492
 AAAAAAAAKDECAAAA | Readers manage wearily words. Hard, correct bodies say more. Usually elderly negotiations will return yet practical, inc secrets. Workers dance even conditions. Later clear groups disturb              | Jewelry                                            | custom                                             |            1.07 |            6516.96 |    1.7574305425720547
 AAAAAAAAKHCBAAAA | Japanese                                                                                                                                                                                                 | Jewelry                                            | custom                                             |            1.66 | 16081.550000000001 |     4.336716374183611
 AAAAAAAAKMMBAAAA | Sciences appr                                                                                                                                                                                            | Jewelry                                            | custom                                             |            3.88 |            5423.22 |    1.4624813512876584
 AAAAAAAALGEBAAAA | Dependent techniques develop more welsh, social pl                                                                                                                                                       | Jewelry                                            | custom                                             |            1.79 |            3940.19 |    1.0625522098550526
 AAAAAAAALPGCAAAA | Eyes cannot learn more day                                                                                                                                                                               | Jewelry                                            | custom                                             |            3.51 |            9964.53 |     2.687137770429083
 AAAAAAAANBOAAAAA | Still legislative metres proceed only routes. Just royal premises must not end in a champions. Crazy, nervous organisations can lie organisms. Orthodox, previous                                        | Jewelry                                            | custom                                             |            0.68 | 11897.230000000001 |    3.2083295545782895
 AAAAAAAANJCBAAAA | Difficult, careful points must not lift here well urban programmes; environmental items arrest tonight. Cu                                                                                               | Jewelry                                            | custom                                             |            7.77 | 16248.869999999999 |     4.381837608376111
 AAAAAAAAOBCCAAAA | Soft, capitalist ways come both reduced years. Old governments will not give rules. Most afraid tools can break much to the men. Just                                                                    | Jewelry                                            | custom                                             |            5.01 |            5075.94 |    1.3688302503411398
 AAAAAAAAOFPDAAAA | Foreign, russian hours would not show strategic, objective arrangements. Tiles hold careful magazines. Pupils will not beat popul                                                                        | Jewelry                                            | custom                                             |            1.86 |            1124.28 |    0.3031849221727477
 AAAAAAAAOJMDAAAA | Glasses fuck goods; a                                                                                                                                                                                    | Jewelry                                            | custom                                             |            7.26 |           20348.37 |      5.48735099333998
 AAAAAAAAOOLCAAAA | Suddenly old policies go as mental, empty patterns. National, low cases follow now at a processes; normal, general numbers migh                                                                          | Jewelry                                            | custom                                             |            1.49 |            5351.14 |    1.4430435162374826
 AAAAAAAAOOPBAAAA | So level discussions hear pieces. Normal, following children shall look books. Of course other investments recover including the factors                                                                 | Jewelry                                            | custom                                             |            4.36 |            1554.48 |    0.4191970841953008
 AAAAAAAAPBCEAAAA | Then dull services say. Local, con                                                                                                                                                                       | Jewelry                                            | custom                                             |             1.7 |              59.58 |  0.016066956330320122
 AAAAAAAAPCPCAAAA | Considerable, natural examples used to lead. Pri                                                                                                                                                         | Jewelry                                            | custom                                             |            2.43 | 2903.6099999999997 |    0.7830173727808123
 AAAAAAAAAMJBAAAA | Foreign, different books shall induce apparently high actions. Favorable elections read indoors very labour railways                                                                                     | Jewelry                                            | diamonds                                           |            8.17 | 149.45999999999998 |   0.05979873201561935
 AAAAAAAAANPAAAAA | Mental, personal publishers could discuss across by a bonds. Different, outstand                                                                                                                         | Jewelry                                            | diamonds                                           |             1.5 |             2595.2 |    1.0383358044087738
 AAAAAAAAANPBAAAA | Large, able categories would turn available, strange fires. Electron                                                                                                                                     | Jewelry                                            | diamonds                                           |            0.21 |            7518.19 |    3.0080170550816896
 AAAAAAAABBCAAAAA | Single, ready incomes take meanwhile political posts. Material females face with the waves. Times ought to blow at last. Trying products lead especially                                                 | Jewelry                                            | diamonds                                           |            6.98 | 4022.3199999999997 |    1.6093244731772118
 AAAAAAAABCCCAAAA | Poor, old friends need corporate devices; types install central, left terms; much political standards cut on a cas                                                                                       | Jewelry                                            | diamonds                                           |            2.06 |            1214.17 |   0.48578767865251277
 AAAAAAAABLHAAAAA | Today                                                                                                                                                                                                    | Jewelry                                            | diamonds                                           |            3.61 |            4400.21 |    1.7605177211457812
 AAAAAAAABNMCAAAA | Only necessary tactics make at least national, fortunate areas. Again new miles increase. Fingers mean more at a children. Certain disputes req                                                          | Jewelry                                            | diamonds                                           |            4.27 |            4329.67 |    1.7322947681390786
 AAAAAAAACAKBAAAA | Days think suddenly                                                                                                                                                                                      | Jewelry                                            | diamonds                                           |            9.73 |            9796.46 |    3.9195496202444424
 AAAAAAAACFDEAAAA | Shoes will give profoundly to a cent                                                                                                                                                                     | Jewelry                                            | diamonds                                           |            3.67 | 3175.6800000000003 |    1.2705850213258536
 AAAAAAAACGPAAAAA | Only deep schools save average parts. Black, old                                                                                                                                                         | Jewelry                                            | diamonds                                           |            4.11 | 1095.6999999999998 |   0.43838800126799227
 AAAAAAAADCDCAAAA | Economic needs ought to conti                                                                                                                                                                            | Jewelry                                            | diamonds                                           |            9.15 |            4825.59 |    1.9307116501221238
 AAAAAAAADLEBAAAA | Countries make otherwise. Yards deliver further. Social, special years should see to the estates. Funds break everywhere commercial,                                                                     | Jewelry                                            | diamonds                                           |            7.96 | 2875.6099999999997 |    1.1505274439410889
 AAAAAAAADNKCAAAA | Sexual, short men used to feed                                                                                                                                                                           | Jewelry                                            | diamonds                                           |            2.84 |             942.48 |   0.37708489863562783
 AAAAAAAADPICAAAA | Fields may not give from the arrangements. Prospects could get national assessments. Serious, specific actors end for a centres. Today exciting courses use domestic, other ques                         | Jewelry                                            | diamonds                                           |            7.39 |            6035.69 |    2.4148709276017235
 AAAAAAAAEGBDAAAA | Great actions must cl                                                                                                                                                                                    | Jewelry                                            | diamonds                                           |            3.02 |              78.97 |    0.0315957839373308
 AAAAAAAAEHDCAAAA | Sports give of course nice, new ministers. Similarly normal persons cut in a results. Confidential, only lights compare in a aspects. Aspects will help national gen                                     | Jewelry                                            | diamonds                                           |            3.85 |            2939.71 |    1.1761737621680475
 AAAAAAAAEHDDAAAA | Once again general powers used to need symbolic, expensive policies. Level                                                                                                                               | Jewelry                                            | diamonds                                           |           52.05 |             8965.6 |     3.587123723800595
 AAAAAAAAEHFDAAAA | Patient dollars used to go as a writings. Short, fine words propose by no means as complete enquiries. Post-war advantages used to undermine then. Good, other names used to come at a months. I         | Jewelry                                            | diamonds                                           |           22.06 |            1346.75 |    0.5388327468355103
 AAAAAAAAEHGDAAAA | Personnel imagine yesterday as major nations. Instructions ought to stop rich ears. French, standard banks will offer about words. Children create.                                                      | Jewelry                                            | diamonds                                           |            3.95 |            1976.64 |    0.7908508340114669
 AAAAAAAAEPHCAAAA | Lives will save for a methods. Children could not flower. Basically oral limitations may under                                                                                                           | Jewelry                                            | diamonds                                           |            4.47 |            7977.45 |      3.19176632355147
 AAAAAAAAFHDBAAAA | Rural requirements sue environmental, political observations. Adults must see usually as the goods. Most english tears reply at a kings. Masses provide too mentally foreign investments. Wro            | Jewelry                                            | diamonds                                           |            0.82 |            3454.04 |     1.381956458793188
 AAAAAAAAFNAEAAAA | Married responsibilities could not prepare soon new soldiers. Other, common affairs cry subjec                                                                                                           | Jewelry                                            | diamonds                                           |            7.67 |  9409.029999999999 |    3.7645394319344505
 AAAAAAAAFNFCAAAA | Right ways must teach much committees. Fair                                                                                                                                                              | Jewelry                                            | diamonds                                           |             8.1 | 4239.2300000000005 |    1.6961098536235386
 AAAAAAAAGAOAAAAA | Individual citizens can reduce quite other children. Increased others seek movements. Parents see more. Large others explain only between a hands; often straight accounts can justify more j            | Jewelry                                            | diamonds                                           |            4.94 |             5178.9 |      2.07207047528229
 AAAAAAAAGEDAAAAA | Official aspects shall understan                                                                                                                                                                         | Jewelry                                            | diamonds                                           |            2.68 | 7188.2699999999995 |     2.876016535433669
 AAAAAAAAGFBCAAAA | Available packages should like further valuable questions. The                                                                                                                                           | Jewelry                                            | diamonds                                           |            0.73 |            7901.68 |    3.1614508550326454
 AAAAAAAAGFIAAAAA | Negat                                                                                                                                                                                                    | Jewelry                                            | diamonds                                           |            1.12 |            5811.96 |     2.325356874919705
 AAAAAAAAGHCEAAAA | Black, false tools go; tall                                                                                                                                                                              | Jewelry                                            | diamonds                                           |           64.79 |            3412.64 |    1.3653923780662602
 AAAAAAAAGOEEAAAA | Good remarks will not produce over. Small debts watch; new eyes develop main months; wooden terms shall repair. V                                                                                        | Jewelry                                            | diamonds                                           |            0.37 |            17455.3 |     6.983840538955176
 AAAAAAAAIBJCAAAA | Enough                                                                                                                                                                                                   | Jewelry                                            | diamonds                                           |            3.12 |            1695.01 |    0.6781710742258462
 AAAAAAAAIDADAAAA | Likely, public clients can express alone styles. Then alone times try thoughtfully for example late methods. Far, anonymo                                                                                | Jewelry                                            | diamonds                                           |           47.31 |  7739.299999999999 |    3.0964828495148056
 AAAAAAAAIENDAAAA | Suddenly lacking mice should add dramatically far good hospitals. Safe, strong things would exceed with a eyes. Yet considerable angles ensure thereby. Heavily                                          | Jewelry                                            | diamonds                                           |            0.46 | 2757.5800000000004 |    1.1033038099266137
 AAAAAAAAIMODAAAA | Very competitive towns may not squeeze in part unreasonably high weeks. Strongly satisfactory chemicals ta                                                                                               | Jewelry                                            | diamonds                                           |            8.83 | 4892.7699999999995 |    1.9575902719393945
 AAAAAAAAIOHDAAAA | Definitions shall see already known alternatives; total periods shall result now                                                                                                                         | Jewelry                                            | diamonds                                           |            1.12 | 4095.0400000000004 |    1.6384196410627723
 AAAAAAAAJBKCAAAA | Darling societies taste also new duties; old, sharp demands would multiply backs. British writers may face into a forces. Laboratories preserve then open, european degre                                | Jewelry                                            | diamonds                                           |            2.27 |             259.45 |   0.10380557354109757
 AAAAAAAAJMGBAAAA | Directly interested figures sustain later only, considerable authorities; catholic affairs shall see for instance forward similar amounts. Groups announce normally of                                   | Jewelry                                            | diamonds                                           |            9.21 |            4129.56 |    1.6522310436399112
 AAAAAAAAKOIDAAAA | Natural teachers used to find institutions. Loudly due roles interpret streets. Skilfully adequate farmers wait there                                                                                    | Jewelry                                            | diamonds                                           |            4.89 |            2507.98 |    1.0034392072831062
 AAAAAAAALAIDAAAA | Pure errors hang. More foreign systems offer enough in the minutes. Awkward, able services should use often actually young ideas. Also main women will go there military men.                            | Jewelry                                            | diamonds                                           |            7.52 |  6175.959999999999 |    2.4709927537748193
 AAAAAAAALJACAAAA | Similarly new times forget black prayers. Pale teeth consider in order recent speaker                                                                                                                    | Jewelry                                            | diamonds                                           |            3.62 |                2.4 | 0.0009602365638798773
 AAAAAAAAMFJCAAAA | Very deliberate soldiers suit so to the women. Common, whole clients shift less                                                                                                                          | Jewelry                                            | diamonds                                           |            0.78 |              421.5 |   0.16864154653140345
 AAAAAAAAMFMCAAAA | Se                                                                                                                                                                                                       | Jewelry                                            | diamonds                                           |            7.05 |             8918.5 |    3.5682790812344525
 AAAAAAAAMGBAAAAA | Finally new things would not ma                                                                                                                                                                          | Jewelry                                            | diamonds                                           |           87.88 |            4592.92 |    1.8376207162396525
 AAAAAAAAMJDBAAAA | Homes would not address probably; good flowers buy before an times. Territories point today strong skills. Important users must not come only basic steps. Extra, mid                                    | Jewelry                                            | diamonds                                           |               2 |           10009.03 |    4.0045985729044205
 AAAAAAAANCKDAAAA | Whole articles should kill rarely usually heavy affa                                                                                                                                                     | Jewelry                                            | diamonds                                           |            0.65 | 15058.130000000001 |     6.024736254023541
 AAAAAAAANDGDAAAA | Terms could come then heads. Successful fingers should not regard increasingly personal, final mountains. Years go. Realistic requirements used to work often western, local boats. Interested, right po | Jewelry                                            | diamonds                                           |            8.14 |            1805.76 |    0.7224819906632197
 AAAAAAAANLFCAAAA | Modest reasons will ask at all english, increased stairs; ready courts take maps. Easily identical fortunes would not s                                                                                  | Jewelry                                            | diamonds                                           |            0.56 |            1959.94 |    0.7841691879211361
 AAAAAAAAOEBAAAAA | Right wages might not matter. Following women might not face particul                                                                                                                                    | Jewelry                                            | diamonds                                           |            0.94 |            17013.8 |     6.807197021058107
 AAAAAAAAOFGDAAAA | Implications may not prove all o                                                                                                                                                                         | Jewelry                                            | diamonds                                           |            1.34 |            5932.86 |    2.3737287918251537
 AAAAAAAAOGGCAAAA | Issues might seem old months. Able letters should say so rooms. Very                                                                                                                                     | Jewelry                                            | diamonds                                           |            5.18 | 2882.4700000000003 |    1.1532721201195124
 AAAAAAAAOPEEAAAA | On board accura                                                                                                                                                                                          | Jewelry                                            | diamonds                                           |            3.46 | 1486.5700000000002 |    0.5947745286528789
 AAAAAAAAPPHAAAAA | Elderly courses could make only. Big, alternative runs would switch now individual others. Men share anyway in a programmes. Commonly white children can maintain completely out of an                   | Jewelry                                            | diamonds                                           |            3.48 |  5289.280000000001 |    2.1162333552493995
 AAAAAAAAAAKDAAAA | Even single industries shall not want much                                                                                                                                                               | Jewelry                                            | earings                                            |            1.49 | 10761.410000000002 |     4.162087423324748
 AAAAAAAAADDBAAAA | Ordinary, welcome services think here accused bishops. Able members know major times. Grand                                                                                                              | Jewelry                                            | earings                                            |           30.39 |            1690.24 |    0.6537179278923878
 AAAAAAAAAJOAAAAA | Large feet stand deep, financial conditions; bare, human reasons will i                                                                                                                                  | Jewelry                                            | earings                                            |            8.54 |               9468 |    3.6618476318659647
 AAAAAAAACAFDAAAA | Oral implications would sound intermediate, international lights. Sexual beds shall marry about contracts. Compulsory bases must announce as negativ                                                     | Jewelry                                            | earings                                            |            5.12 |            2850.48 |    1.1024528345670992
 AAAAAAAACHPBAAAA | High musicians could not remain always big users. Around at                                                                                                                                              | Jewelry                                            | earings                                            |            1.82 | 1950.2400000000002 |     0.754275636414267
 AAAAAAAACNIAAAAA | Actions might not keep possible, annual areas. Possibly material policies will shoot of course. New others should not call however traditional, huge prospects. Concerned fans can examin                | Jewelry                                            | earings                                            |            5.62 |            2694.14 |    1.0419867109120586
 AAAAAAAACNPBAAAA | Groups must not concentrate key standards. Relations would not maintain never big computers. Financial processes                                                                                         | Jewelry                                            | earings                                            |            6.46 |  719.3199999999999 |   0.27820450343830017
 AAAAAAAAEEBCAAAA | Endless, top feet might not take only military, old questions. Good, white toys would put so past, statutory characters. Given, critical quantities disrup                                               | Jewelry                                            | earings                                            |            5.21 |           26793.93 |     10.36283155036781
 AAAAAAAAEFBEAAAA | Royal, available scenes can imagine particular, royal wishes. Again british societies indicate in a individuals. British, expected d                                                                     | Jewelry                                            | earings                                            |            5.52 |            2281.15 |    0.8822585261334015
 AAAAAAAAEILDAAAA | Total, new number                                                                                                                                                                                        | Jewelry                                            | earings                                            |            0.14 | 2276.6800000000003 |    0.8805297070676601
 AAAAAAAAELHAAAAA | Dark idea                                                                                                                                                                                                | Jewelry                                            | earings                                            |            1.71 |            9422.52 |    3.6442577680829835
 AAAAAAAAENGAAAAA | Aware values must not check ever possible leaves. Other, early agents could n                                                                                                                            | Jewelry                                            | earings                                            |            3.18 |            1077.12 |    0.4165873807811013
 AAAAAAAAFCPDAAAA | Also unable problems suppose often other organs. Involved countries might avoid free, good reserves. Able chairs shall appear even in the hands. Parents ought to tighten very tired objectives; teen    | Jewelry                                            | earings                                            |           92.52 |            5419.12 |    2.0959011130964815
 AAAAAAAAFFOBAAAA | Exp                                                                                                                                                                                                      | Jewelry                                            | earings                                            |            3.82 |            4845.66 |    1.8741094841389554
 AAAAAAAAGEABAAAA | Different, new characteristics form just true boys; well enthusiastic grounds should qualify just; firms pay. Marvellous figures offer; interesting dangers stop so to                                   | Jewelry                                            | earings                                            |            4.97 |  5891.610000000001 |    2.2786415427099533
 AAAAAAAAGFECAAAA | Thereby special players obey ever national proposals. Officials go. Supreme, different consequences go more; families stop almost progressively other times. Well yell                                   | Jewelry                                            | earings                                            |            3.98 |             6100.3 |    2.3593545742154567
 AAAAAAAAGKJBAAAA | Original, unable liabilities will take. Products ought to afford eastw                                                                                                                                   | Jewelry                                            | earings                                            |            9.58 |            2800.07 |    1.0829562419263765
 AAAAAAAAGNKCAAAA | Thin, competitive products discus                                                                                                                                                                        | Jewelry                                            | earings                                            |            4.42 |  9034.960000000001 |    3.4943649007186015
 AAAAAAAAHAMAAAAA | Systematically broad views may leave from a customers. Sweet subjects shall not give really possible, new re                                                                                             | Jewelry                                            | earings                                            |            3.83 | 12915.760000000002 |     4.995304728532864
 AAAAAAAAHBGCAAAA | British houses may develop extreme circumstances; pictures tell in a negotiations; actually grand kind                                                                                                   | Jewelry                                            | earings                                            |            8.98 | 3554.0800000000004 |    1.3745774642439998
 AAAAAAAAIEBAAAAA | Social, institutional chains shall relieve heavily large, sure restrictions. Stars used to search so. Stones create more difficult, following writings. Now human chemicals want never open s            | Jewelry                                            | earings                                            |            4.87 |            6172.83 |     2.387406307288887
 AAAAAAAAIGACAAAA | Important lives must pretend as alternative aspirations. Supporters allow als                                                                                                                            | Jewelry                                            | earings                                            |            3.64 |             6052.2 |     2.340751398138909
 AAAAAAAAILGDAAAA | Correct, religious girls re                                                                                                                                                                              | Jewelry                                            | earings                                            |            6.36 |             953.09 |   0.36861748621199114
 AAAAAAAAINFCAAAA | Eventually wooden members try from a jobs. As l                                                                                                                                                          | Jewelry                                            | earings                                            |            1.63 |            4258.93 |    1.6471855444426398
 AAAAAAAAIPCAAAAA | Benefits might                                                                                                                                                                                           | Jewelry                                            | earings                                            |           96.54 |            4256.35 |     1.646187702565769
 AAAAAAAAJEDDAAAA | Very democratic factors might get re                                                                                                                                                                     | Jewelry                                            | earings                                            |            1.62 | 3875.8500000000004 |     1.499025363748173
 AAAAAAAAKCIAAAAA | Much local projects used to meet therefore important shoulders. Main gentlemen might put by a ideas. Afield helpful schemes make still parents. Contents get ready winds. Readers ought t                | Jewelry                                            | earings                                            |            5.97 |           12618.07 |     4.880170019879486
 AAAAAAAAKDADAAAA | Thereby personal hands distinguish rights.                                                                                                                                                               | Jewelry                                            | earings                                            |            0.84 |               27.2 |  0.010519883353058116
 AAAAAAAAKDEDAAAA | Substantial, soft services run further extensive libraries; days could not increase enough remarkable, international proble                                                                              | Jewelry                                            | earings                                            |            4.05 |            7974.75 |     3.084317638595596
 AAAAAAAAKEIDAAAA | Main, regional groups used to lose nearby rules; models bring however girls. Ago voluntary rules relocate so new shops; weeks may not appoint aware friends. Forces develop solely. Rules provi          | Jewelry                                            | earings                                            |            9.49 |  9580.689999999999 |     3.705431663301851
 AAAAAAAAKJHDAAAA | Scientific hands must understand in the columns. Hotly important solicitors may see here common figures. About bad opportunities would not go only new, white minutes. Legal, common pai                 | Jewelry                                            | earings                                            |            0.72 |  9617.880000000001 |    3.7198152832246545
 AAAAAAAAKLMCAAAA | Is                                                                                                                                                                                                       | Jewelry                                            | earings                                            |            2.34 | 4220.9400000000005 |    1.6324925161859238
 AAAAAAAAKLNDAAAA | Genuinely reluctant concepts shall consult painfully fair efficient glasses. Methods should gain national servants. Maps could not place from a orders. Just mass rooms deve                             | Jewelry                                            | earings                                            |            5.42 |             109.76 |  0.042450823412928634
 AAAAAAAALMPCAAAA | Just open days ou                                                                                                                                                                                        | Jewelry                                            | earings                                            |            6.76 |  9277.359999999999 |    3.5881156258943836
 AAAAAAAAMKFCAAAA | Quite key characteristics may not leave better new medical c                                                                                                                                             | Jewelry                                            | earings                                            |            1.19 |            3568.73 |      1.38024350435879
 AAAAAAAAMLIAAAAA | Cultural, closed acres shall please faster; prices should res                                                                                                                                            | Jewelry                                            | earings                                            |            1.92 |           10368.77 |     4.010229813040015
 AAAAAAAANBIDAAAA | E                                                                                                                                                                                                        | Jewelry                                            | earings                                            |             3.9 |            7911.72 |     3.059940129487388
 AAAAAAAANKODAAAA | Now systematic losses know of course changing advertisements. New, grey institutions must turn indeed. Schools must increase substantial, average banks. Thin cars will raise clear, just par            | Jewelry                                            | earings                                            |             1.1 |            1759.22 |    0.6803966614840772
 AAAAAAAANMHCAAAA | Often european families bring open. Judicial firms put demand                                                                                                                                            | Jewelry                                            | earings                                            |            7.58 |             535.32 |   0.20704058663820116
 AAAAAAAANNLDAAAA | Groups like largely cars. Even british stocks avoid about goods; months shall exploit yesterday rarely comparative police; good, coming years reach consequences. Much empty areas remembe               | Jewelry                                            | earings                                            |            3.76 |           10342.99 |     4.000259129479653
 AAAAAAAAOOEDAAAA | Experimental, main children refer ev                                                                                                                                                                     | Jewelry                                            | earings                                            |            1.74 |             674.94 |    0.2610400761144502
 AAAAAAAAOOHAAAAA | Pieces control normally others. Additional, dark consumers ought to enlarge stages. Different patients dismiss simply particl                                                                            | Jewelry                                            | earings                                            |            3.39 |            2891.56 |    1.1183409525135561
 AAAAAAAAPFFDAAAA | Critical, other animals should hesitate immediately; fiercely impossible characteristics go however there rigi                                                                                           | Jewelry                                            | earings                                            |            2.71 |           14135.25 |     5.466955189938042
 AAAAAAAAPGICAAAA | Alive, welsh facilities would feel with a packages. Perhaps old words used to sp                                                                                                                         | Jewelry                                            | earings                                            |            4.77 |            2763.08 |     1.068649974087052
 AAAAAAAAPNKCAAAA | Sometimes proper criteria will not help groups. Significant, small m                                                                                                                                     | Jewelry                                            | earings                                            |            2.23 |            2063.73 |    0.7981690761840671
 AAAAAAAAAKDDAAAA | Markets will make from a assumptions. Active, short laws must compete often; specific, happy ci                                                                                                          | Jewelry                                            | estate                                             |            0.74 |            1315.18 |    0.5520481393969613
 AAAAAAAAAKOBAAAA | Even mass pictures ought to ensure even on behalf of a seats. Times challenge about new shadows. Wisely annual                                                                                           | Jewelry                                            | estate                                             |            7.91 |            7926.24 |     3.327047282055514
 AAAAAAAAALCDAAAA | Good fingers might seem on a organisations. Steps ask detailed, heavy crews; superior provisions apply from a stones. Awkward places could matter new, quiet parties. Encouraging                        | Jewelry                                            | estate                                             |            4.24 |            2449.94 |    1.0283648007376873
 AAAAAAAAANDAAAAA | Preparations must achieve occasionally meetings. Very rights must encounter at the rules. Fun intervals feel in a clients; just high problems live. Traditional, whole s                                 | Jewelry                                            | estate                                             |            1.45 |                544 |   0.22834455194874237
 AAAAAAAAANOBAAAA | Old, big ways behave short amazing chapters. Differences must not hear with a times. Officers could like over the services. Therefore main bottles att                                                   | Jewelry                                            | estate                                             |             1.1 |            1069.16 |    0.4487809947822011
 AAAAAAAABKFDAAAA | Also small posts would achieve like a friends. Dreadful, able measures could understand volunteers. Male, lo                                                                                             | Jewelry                                            | estate                                             |            4.71 |            2675.92 |    1.1232201350196298
 AAAAAAAABLNAAAAA | Finally far goods shall tear national, local problems. Findings shall sell at a presents. Other shares chec                                                                                              | Jewelry                                            | estate                                             |            2.98 |            3343.05 |    1.4032486293975057
 AAAAAAAABNJCAAAA | Lives might not meet now in the patients. Conditions could sell. Else dependent circumsta                                                                                                                | Jewelry                                            | estate                                             |            8.42 |  711.6199999999999 |   0.29870321701794855
 AAAAAAAACCABAAAA | Eyes give much daughters. Other cities recall as northern beings. Wonderful, labour police used to make new communities. Champions may not contact early extra agreements. Main, certain                 | Jewelry                                            | estate                                             |            2.03 |             7418.6 |    3.1139648769980517
 AAAAAAAACEODAAAA | Available, roman claims scrap n                                                                                                                                                                          | Jewelry                                            | estate                                             |           50.55 |            3634.86 |     1.525736172971334
 AAAAAAAACFJAAAAA | Aside fair companies will not resolve mad officer                                                                                                                                                        | Jewelry                                            | estate                                             |            2.77 |           10567.86 |     4.435869957273964
 AAAAAAAACGIDAAAA | Right, special years must not buy in a spirits. Sort of other cases stay members. National, modest words supply again events. Attempts like ancient, fellow doors. Northern, existing towns could        | Jewelry                                            | estate                                             |            4.56 |            5348.74 |    2.2451390418939634
 AAAAAAAACHCDAAAA | Quiet steps might not concern complex flats. Wonderful requests ought to pursue. Certai                                                                                                                  | Jewelry                                            | estate                                             |            2.84 |           18130.28 |     7.610203425193464
 AAAAAAAACJLBAAAA | Roman, revolutionary ears will not bring great, reliable policies. Private, modern charges ought to persuade wel                                                                                         | Jewelry                                            | estate                                             |            6.44 |            5068.29 |    2.1274198698461237
 AAAAAAAADFFAAAAA | Important, particular relations spend desirable pains. Rooms decide over ways. Never famous things put now thereby independent events. Provisions submit forward to a patients. Major,                   | Jewelry                                            | estate                                             |            0.76 |            6144.47 |     2.579147516750899
 AAAAAAAAEBIDAAAA | Clear, precious pounds cannot say for a authorities. Moral assets would not think much generous friends; long,                                                                                           | Jewelry                                            | estate                                             |            6.75 |            8401.32 |    3.5264625940772207
 AAAAAAAAEBLDAAAA | Vali                                                                                                                                                                                                     | Jewelry                                            | estate                                             |            4.85 |            4248.96 |    1.7835052710443535
 AAAAAAAAECJBAAAA | Other individuals may not work yesterday for a paintings. Libe                                                                                                                                           | Jewelry                                            | estate                                             |            2.48 |            6527.25 |    2.7398198101239495
 AAAAAAAAEPKDAAAA | Personal weeks master seasons.                                                                                                                                                                           | Jewelry                                            | estate                                             |            1.68 |           15561.41 |    6.5319176362880125
 AAAAAAAAFLHCAAAA | Especially aware hours say crucially likely, real arms. Fairly constant methods save too local, spatial stories; activitie                                                                               | Jewelry                                            | estate                                             |            6.24 |           12551.65 |     5.268567822550427
 AAAAAAAAFOMDAAAA | Common chips put very white ye                                                                                                                                                                           | Jewelry                                            | estate                                             |            7.66 |            4067.41 |    1.7072994743416068
 AAAAAAAAFPLAAAAA | However political days ought to say gently big realistic eyes. Sons used to receive by now like a steps; new, different purposes will understand then                                                    | Jewelry                                            | estate                                             |            6.56 |           10844.99 |    4.5521955559532925
 AAAAAAAAGBJAAAAA | Strong, lovely students ought to resist directions. Great things will not allow much polish democrats. Only gentlemen can let. Well odd services affect then other, cautious troops. Homes               | Jewelry                                            | estate                                             |            3.08 |            1598.31 |    0.6708922441639603
 AAAAAAAAGEMDAAAA | Almost joint threats search certainly other, organic years; for instance likely pubs may read now particularly essential years. Artists sho                                                              | Jewelry                                            | estate                                             |            3.55 | 2014.3899999999999 |    0.8455422463235792
 AAAAAAAAGMBEAAAA | Islands will remember only fully straightforward points; so abstract benefits take always instructions; natio                                                                                            | Jewelry                                            | estate                                             |            3.55 | 14744.859999999999 |     6.189169945306862
 AAAAAAAAGMLAAAAA | Copies may reduce for the rates; great, added influences look an                                                                                                                                         | Jewelry                                            | estate                                             |            2.49 |            1443.19 |    0.6057804667773998
 AAAAAAAAIALAAAAA | Brilliant eyebrows help probably aware, good pocke                                                                                                                                                       | Jewelry                                            | estate                                             |            5.63 |            5105.46 |    2.1430220150592394
 AAAAAAAAIAPAAAAA | Unanimously angry                                                                                                                                                                                        | Jewelry                                            | estate                                             |            7.02 |            2929.08 |    1.2294843018787174
 AAAAAAAAIBOCAAAA | Burning, different days concentrate at least for a groups. Applications reveal once good parts. Comm                                                                                                     | Jewelry                                            | estate                                             |             3.8 |            5547.89 |    2.3287324564538756
 AAAAAAAAIHDCAAAA | Just single members formulate however men. Extremely little instruments shall not stay. Children touch most also rare situations. Accounts must not highlight qu                                         | Jewelry                                            | estate                                             |            9.95 |            1815.23 |    0.7619446342535213
 AAAAAAAAIJBCAAAA | Already educational parties get effective fields. Local conditions raise really. Hands cannot suffer; constant courses understand even financial                                                         | Jewelry                                            | estate                                             |            8.87 | 2324.6499999999996 |    0.9757741961169923
 AAAAAAAAIKBEAAAA | Applicants might not preserve a little in a influences; high decisions articulate shares. Months would not face too old, level                                                                           | Jewelry                                            | estate                                             |            3.47 |              36.24 |  0.015211776769526513
 AAAAAAAAJDICAAAA | Most effective intere                                                                                                                                                                                    | Jewelry                                            | estate                                             |            4.54 |            5734.26 |    2.4069614530470504
 AAAAAAAAJGEAAAAA | Bc white years happen thinly with                                                                                                                                                                        | Jewelry                                            | estate                                             |            8.04 |            3210.54 |     1.347627422451315
 AAAAAAAAKBLBAAAA | Effectively clear months can hide to a years. Books market as here practical tears. High titles produce able, personal others. Moreover nuclear books used                                               | Jewelry                                            | estate                                             |            4.73 | 52.230000000000004 |  0.021923595493166935
 AAAAAAAAKFABAAAA | Strong, rare scientists dare only old, bloody sides. Sufficient, rational songs may go very american, great scientists. Administrative, semantic holes see traditionally. Once key cha                   | Jewelry                                            | estate                                             |            3.11 | 15928.980000000001 |     6.686205516728821
 AAAAAAAAKIEDAAAA | Further political devel                                                                                                                                                                                  | Jewelry                                            | estate                                             |            1.58 |            3942.16 |    1.6547256597614965
 AAAAAAAALNBDAAAA | Individual, single years will not bear supplies. Moreover correct police must admit about in a values. Further essential gains shine then net poli                                                       | Jewelry                                            | estate                                             |            3.64 |            5732.95 |     2.406411579217909
 AAAAAAAAMEHCAAAA | Highly major police will not swap general holders; terms bother well new points. Deputies switch primarily old children; only mental cases may de                                                        | Jewelry                                            | estate                                             |            9.99 |  6607.530000000001 |     2.773517421576974
 AAAAAAAAMFHCAAAA | Then current details draw also imperial years. Peasants would get; votes                                                                                                                                 | Jewelry                                            | estate                                             |            2.24 | 3028.0699999999997 |    1.2710354548151255
 AAAAAAAANMMDAAAA | Awful, environmental instances could not know. Private heads could not bear; images leave actions. Powerful provisions shall not give still nuclear, young                                               | Jewelry                                            | estate                                             |             4.6 |             340.26 |     0.142824480231763
 AAAAAAAANOKAAAAA | Normal students explain rarely frequent weeks. Especially colonial duties would not come evidently. More present lives used to see more minor tanks. Elde                                                | Jewelry                                            | estate                                             |            8.68 |            2670.42 |    1.1209115044392657
 AAAAAAAAOLOBAAAA | Other, immediate                                                                                                                                                                                         | Jewelry                                            | estate                                             |            6.13 |            8209.43 |    3.4459165718833895
 AAAAAAAAONMCAAAA | Politicians should retriev                                                                                                                                                                               | Jewelry                                            | estate                                             |           81.75 |            5611.74 |      2.35553355873683
 AAAAAAAAPOLAAAAA | Possible, tiny fees know later high demands. So substantial faces will not see part-time students. Small, severe classes appear w                                                                        | Jewelry                                            | estate                                             |            0.46 |             1057.4 |     0.443844722850368
 AAAAAAAAAGIDAAAA | Confident, variable computers replace just good, daily relations. Boring, in                                                                                                                             | Jewelry                                            | gold                                               |            2.52 |            6467.93 |    2.0649311011744187
 AAAAAAAAAHEDAAAA | Children should evolve at a increases. Sufficient ideas might close children. Corporate parents use new moves. Young structures                                                                          | Jewelry                                            | gold                                               |            8.83 |            2856.96 |    0.9121041134970952
 AAAAAAAAAIFDAAAA | Even economic churches shall try there rigid big categori                                                                                                                                                | Jewelry                                            | gold                                               |            1.71 | 11978.829999999998 |     3.824323797981913
 AAAAAAAAAJEEAAAA | Aware police worry. Great, useful models should point too objectively financial fami                                                                                                                     | Jewelry                                            | gold                                               |             2.8 |            8728.32 |    2.7865761424447544
 AAAAAAAAALOBAAAA | Functions may deal once again by a citizens. Still physical interviews eat also in a blocks; discussions may go par                                                                                      | Jewelry                                            | gold                                               |             3.6 |             4781.6 |    1.5265586599384349
 AAAAAAAAANNCAAAA | Major, modern authorities can cancel views. Running years would not meet at least so possible officials. Most living pp. hit in a meetings; various buildings see. Big, large images                     | Jewelry                                            | gold                                               |            8.17 |            7180.76 |    2.2925069773589413
 AAAAAAAAAPEDAAAA | Just spectacular things put children. Bright, european chiefs oug                                                                                                                                        | Jewelry                                            | gold                                               |            9.52 |            2495.04 |    0.7965586663235721
 AAAAAAAABJKCAAAA | Possible, likely communities must join basic, early personnel. Fortunately wide times may talk delighted ef                                                                                              | Jewelry                                            | gold                                               |            0.88 |               9316 |    2.9741970210779773
 AAAAAAAACFGAAAAA | Sad, decisive years offer seats. Soft colours miss right exclusive houses; double personnel en                                                                                                           | Jewelry                                            | gold                                               |           75.62 | 11543.980000000001 |    3.6854949471214855
 AAAAAAAACGMDAAAA | Courses may think very at a sentences. Sums will die just from a                                                                                                                                         | Jewelry                                            | gold                                               |            6.67 |            4565.64 |    1.4576119458259402
 AAAAAAAACLCBAAAA | Important, short moments rock on a cha                                                                                                                                                                   | Jewelry                                            | gold                                               |               2 |            3325.14 |     1.061573795906744
 AAAAAAAADJKAAAAA | Inches could not ensure somewhere. Here senior of                                                                                                                                                        | Jewelry                                            | gold                                               |            3.19 |            3584.57 |     1.144398606252199
 AAAAAAAAECFAAAAA | Always spanish members meet then strategies. Simple, n                                                                                                                                                   | Jewelry                                            | gold                                               |            1.27 |            5791.08 |    1.8488420872503493
 AAAAAAAAECOCAAAA | Children tell. Days would not form still, free cells. English articles may make women. Mem                                                                                                               | Jewelry                                            | gold                                               |            0.51 |            1211.05 |   0.38663603503397215
 AAAAAAAAEEMCAAAA | Necessary facili                                                                                                                                                                                         | Jewelry                                            | gold                                               |            2.27 | 3360.7200000000003 |     1.072932955418332
 AAAAAAAAEFMBAAAA | Therefore strong                                                                                                                                                                                         | Jewelry                                            | gold                                               |           60.84 | 1705.4499999999998 |    0.5444766326317557
 AAAAAAAAEIGBAAAA | Coherent tools will develop. Yet national examples en                                                                                                                                                    | Jewelry                                            | gold                                               |            7.79 |            3624.05 |     1.157002867565226
 AAAAAAAAEKDAAAAA | Real, effective damages know indirectly elegant allegations. Trees organise there purely palestinian fingers. There new views take lengths. Northern goods ca                                            | Jewelry                                            | gold                                               |            4.22 |               6280 |    2.0049331571886753
 AAAAAAAAEMGDAAAA | About fine eyes provide in a findings. Yellow, plain results understand more than distinct questions. Scottish                                                                                           | Jewelry                                            | gold                                               |            8.48 |           23632.87 |     7.544956156453747
 AAAAAAAAEOMCAAAA | National reasons would not choose on a consumers. Cases safeguard e                                                                                                                                      | Jewelry                                            | gold                                               |             2.8 |            1662.23 |    0.5306783506168362
 AAAAAAAAFDHBAAAA | Still old talks may not drag readily civil beans; white women escape various buildings; pounds break exotic, saf                                                                                         | Jewelry                                            | gold                                               |           91.16 |            1435.08 |   0.45815915210482866
 AAAAAAAAFJNBAAAA | Large materials shall deal hardly marked ladies. True blocks determine for the flowers; left issues walk too. Streets could not take actually on a requirements. Always silent schools take continu      | Jewelry                                            | gold                                               |             0.4 |            4143.77 |     1.322927049166197
 AAAAAAAAGAABAAAA | Religious supporters establish legal, satisfactory visitors. Educational schemes ensure usual records; overall, substantial relationships may                                                            | Jewelry                                            | gold                                               |            1.21 |           13877.76 |    4.4305702502399225
 AAAAAAAAGCCAAAAA | Ultimately local metres present there angry periods; simply excellent christians hook further women; long, other accounts would not lead in a videos. Effective sectors de                               | Jewelry                                            | gold                                               |            8.33 |            5683.13 |    1.8143783079002669
 AAAAAAAAGDEAAAAA | Actions abandon unexpec                                                                                                                                                                                  | Jewelry                                            | gold                                               |            4.83 |            9957.46 |    3.1789875342961693
 AAAAAAAAGHJDAAAA | Schools used to listen partially terms. Millions rethink ago more public statements; special villages u                                                                                                  | Jewelry                                            | gold                                               |            3.26 |           10500.75 |    3.3524366003740416
 AAAAAAAAGNMBAAAA | Silent steps provide presumably services; questions ought to kick now. Less origi                                                                                                                        | Jewelry                                            | gold                                               |            3.35 |            2396.64 |     0.765143790102654
 AAAAAAAAHJHCAAAA | Military, parliamentary origins perform now agr                                                                                                                                                          | Jewelry                                            | gold                                               |            1.66 |            3542.44 |     1.130948314227938
 AAAAAAAAIDGAAAAA | Large patterns consider upstairs great assets. Matters may make for the names. Dear, tight movies should damage apparently. Subjective, terrible materials might not shelter local, roug                 | Jewelry                                            | gold                                               |             5.7 |             7746.4 |     2.473091434529674
 AAAAAAAAIEEBAAAA | Here complex techniques must not check together. Important, other methods might select variable fingers. Economic, dry decisions afford both new, other teachers. Really real plans must thi             | Jewelry                                            | gold                                               |            9.67 |           14188.77 |     4.529862330051586
 AAAAAAAAIGMAAAAA | Particular societies would let for instance to a policies. Forces might not slow depen                                                                                                                   | Jewelry                                            | gold                                               |            5.45 |            1263.15 |    0.4032693180737063
 AAAAAAAAIMKBAAAA | Obviously internal forces cannot recoup races; internal, strange devices disregard unique, political systems. Small miles would buy then also new failures. Infrequently cr                              | Jewelry                                            | gold                                               |           48.51 |             290.76 |   0.09282712815034701
 AAAAAAAAJCDCAAAA | Clearly national children produce over golden, likely bodies. Red, good days could switch then cultural years; local, original beds carry further short relationships. Rights sha                        | Jewelry                                            | gold                                               |            1.46 |            1511.31 |    0.4824961034698753
 AAAAAAAAJECEAAAA | Concepts know men. Finally clean arms shall not resemble far                                                                                                                                             | Jewelry                                            | gold                                               |            7.02 |              188.8 |   0.06027569746452578
 AAAAAAAAJHFBAAAA | Matters could work around low, coastal questions. Now dynamic fingers must stick circumstances. Available sales reproduce better to a samples. Efforts want o                                            | Jewelry                                            | gold                                               |            8.55 |             449.05 |    0.1433622984451552
 AAAAAAAAKACEAAAA | Indeed automatic police take far in a contributions. Hom                                                                                                                                                 | Jewelry                                            | gold                                               |            2.84 | 1776.4399999999998 |     0.567140677986664
 AAAAAAAAKBMCAAAA | Sentences must come then months; real parents must love. Specific, round options transmit                                                                                                                | Jewelry                                            | gold                                               |            9.89 |            2365.77 |    0.7552883304589574
 AAAAAAAAKCEAAAAA | Right rules could not wonder then by the hospi                                                                                                                                                           | Jewelry                                            | gold                                               |            1.67 |            4806.83 |    1.5346135108231274
 AAAAAAAAKIBEAAAA | Weeks shall not talk parents; operat                                                                                                                                                                     | Jewelry                                            | gold                                               |            9.36 |            5227.36 |    1.6688706032741707
 AAAAAAAAKICDAAAA | More liberal societies must become net systems. Available weeks allow at a proposals. No doubt initial pictures can include well exc                                                                     | Jewelry                                            | gold                                               |            0.25 |            2064.84 |    0.6592143599187045
 AAAAAAAAKJKAAAAA | Yards agree. Just customers will not release. Collective signs prove supreme, afraid players. Again small officials make before a members; white, joint winds ought to take still. C                     | Jewelry                                            | gold                                               |           91.01 |             807.28 |    0.2577296877603939
 AAAAAAAAKKAAAAAA | Video-taped babies would not suppose now as young years. Narrow, b                                                                                                                                       | Jewelry                                            | gold                                               |            7.46 |           22622.13 |    7.2222704654829055
 AAAAAAAAKKEBAAAA | Effectively other rights may not hang just rather contin                                                                                                                                                 | Jewelry                                            | gold                                               |            3.79 |            3499.59 |     1.117268157255719
 AAAAAAAAMCDAAAAA | Others might become democrats; important, domestic parts repair largely indeed hidden                                                                                                                    | Jewelry                                            | gold                                               |            7.14 |            7055.08 |    2.2523827736653947
 AAAAAAAAMIOAAAAA | Cameras put contents. Local units love by a boys. Cases put old days. Procedures should not make only new, spec                                                                                          | Jewelry                                            | gold                                               |           81.19 |             3867.6 |    1.2347578787807199
 AAAAAAAANABCAAAA | Papers might marry best. Groups should keep just deliberately                                                                                                                                            | Jewelry                                            | gold                                               |            7.73 |           22702.49 |     7.247925947729989
 AAAAAAAAOFKAAAAA | Speeches comfort yet.                                                                                                                                                                                    | Jewelry                                            | gold                                               |            3.27 |            6430.47 |    2.0529717387431625
 AAAAAAAAOIADAAAA | Vehicles shall go right, major steps. Uncertain sides ask bars; as well ancient consumers ring potential miles. At once main scholars must accompany services. Unexpected, imm                           | Jewelry                                            | gold                                               |            6.27 |            3997.88 |    1.2763506640862199
 AAAAAAAAOKIAAAAA | Shoulders ought to calm otherwise in case of a services. Otherwise basic games ought to meet more days. Additional bags work well. Busy players develop also. Other, easy                                | Jewelry                                            | gold                                               |             4.3 |             9654.5 |    3.0822654723054246
 AAAAAAAAOLBAAAAA | Lacking, closed letters may lead interests. Writers must label national hours. Spanish sectors wo                                                                                                        | Jewelry                                            | gold                                               |            5.85 |            2390.18 |    0.7630813907084757
 AAAAAAAAOLMBAAAA | Never old paintings would not produce still united homes. Threats ought to leave students. R                                                                                                             | Jewelry                                            | gold                                               |            8.84 |             280.56 |   0.08957070805427624
 AAAAAAAAONHAAAAA | So single managers survive perhaps political years. Other children try. Early,                                                                                                                           | Jewelry                                            | gold                                               |            3.24 |            6573.16 |    2.0985265018322155
 AAAAAAAAPGCCAAAA | Later other stores reject within a findings. As private brothers ought to come well dutch personal colonies. Perhaps complete offenders cannot seem by a flowers. Most surprised firms                   | Jewelry                                            | gold                                               |            3.83 |            5837.75 |    1.8637418054742338
 AAAAAAAAADNBAAAA | Surprising dreams may not know for example hot, limited operations. Eyes accept probably easy ends. Small, special magistrates cannot need positive, new interests. Only vast skill                      | Jewelry                                            | jewelry boxes                                      |            2.72 | 14241.869999999997 |       5.1195379159667
 AAAAAAAAAEGBAAAA | Women activate common, essential schools. Human, small interactions estimate more moving pictures. Countries must not know often plans. Prime, internal eyes ought to suggest la                         | Jewelry                                            | jewelry boxes                                      |            7.66 |            2365.31 |     0.850260129323972
 AAAAAAAAAGABAAAA | Women see eager, economic jobs. Decisions may not believe. Injuries must allow in order frequent, multiple methods. Perha                                                                                | Jewelry                                            | jewelry boxes                                      |             8.1 |             258.57 |   0.09294839223581663
 AAAAAAAAAGEAAAAA | Ph                                                                                                                                                                                                       | Jewelry                                            | jewelry boxes                                      |            2.79 |             986.36 |    0.3545677231145148
 AAAAAAAAAIIDAAAA | Uncertain things ease rivers; plans will play etc possible law                                                                                                                                           | Jewelry                                            | jewelry boxes                                      |            6.96 | 2354.4300000000003 |    0.8463490858636878
 AAAAAAAAAMFCAAAA | Simple things result so large implications; so american members try. Complex, rigid childre                                                                                                              | Jewelry                                            | jewelry boxes                                      |            5.65 |  6179.610000000001 |     2.221390007132981
 AAAAAAAAANABAAAA | Awfully hard groups lead parts. Good, boring ministers could not make old, nearby depths                                                                                                                 | Jewelry                                            | jewelry boxes                                      |            0.78 |  8783.919999999998 |     3.157563683056945
 AAAAAAAAANLCAAAA | Red, natural babies ought to produce already exciting, used directors. Past, fit managers might not release biological days. Men play effective, proposed women. Ready                                   | Jewelry                                            | jewelry boxes                                      |            1.17 |            4705.32 |     1.691425644719158
 AAAAAAAABHIDAAAA | Users can care                                                                                                                                                                                           | Jewelry                                            | jewelry boxes                                      |             3.6 | 2205.1099999999997 |    0.7926728901385373
 AAAAAAAACCIBAAAA | Successful, current groups will appreciate main, other bases; positive, ethical titles should not provide simply. Southern problems should not want from a minutes. Obvious police continue intern       | Jewelry                                            | jewelry boxes                                      |            4.03 |            1486.35 |    0.5342995815435126
 AAAAAAAACEFCAAAA | Waves shall not accept really however free                                                                                                                                                               | Jewelry                                            | jewelry boxes                                      |            2.91 |             773.52 |    0.2780579354227052
 AAAAAAAACIKAAAAA | Professional users love together never traditional lives; aware, emotional situations mi                                                                                                                 | Jewelry                                            | jewelry boxes                                      |            3.54 |            1087.01 |   0.39074846983120637
 AAAAAAAACJLDAAAA | Both progressive problems speak here. Likely, full                                                                                                                                                       | Jewelry                                            | jewelry boxes                                      |             2.9 |            1892.52 |    0.6803058795456847
 AAAAAAAADBDDAAAA | For once angry eyes used to need positions. Local studies spot just high, new towns;                                                                                                                     | Jewelry                                            | jewelry boxes                                      |            5.83 |  7117.339999999999 |    2.5584766600752875
 AAAAAAAADDBAAAAA | Members evolve even mechanisms; here strange boards blame. Now honest books isolate maybe                                                                                                                | Jewelry                                            | jewelry boxes                                      |            3.12 |            8294.41 |    2.9815990797257217
 AAAAAAAAEKHBAAAA | Certain, other countries can like once systems. Stores should know; simple conditions cannot discover else back wages. Overall, industrial shoulders shall                                               | Jewelry                                            | jewelry boxes                                      |           66.93 |  7153.849999999999 |    2.5716009428634288
 AAAAAAAAELBAAAAA | Very social churches should get more great subjects. Best crucial chi                                                                                                                                    | Jewelry                                            | jewelry boxes                                      |             8.6 |            5050.26 |    1.8154215391300432
 AAAAAAAAFAPCAAAA | Rooms shall avoid small, large qualifications. Then med                                                                                                                                                  | Jewelry                                            | jewelry boxes                                      |           93.91 |           16077.49 |     5.779389900945274
 AAAAAAAAFFNCAAAA | Thus artificial authorities                                                                                                                                                                              | Jewelry                                            | jewelry boxes                                      |               8 |            4780.82 |    1.7185656981430053
 AAAAAAAAFGFAAAAA | Worried, immense months must not hang labour, other things. Vital services may gi                                                                                                                        | Jewelry                                            | jewelry boxes                                      |            4.43 |               28.8 |  0.010352762100752288
 AAAAAAAAFHAEAAAA | Guests will record there. Interesting, smooth millions c                                                                                                                                                 | Jewelry                                            | jewelry boxes                                      |            39.4 |  6228.870000000001 |     2.239097543976143
 AAAAAAAAFHBAAAAA | T                                                                                                                                                                                                        | Jewelry                                            | jewelry boxes                                      |            0.63 |            6574.34 |     2.363283957967354
 AAAAAAAAGBNCAAAA | Others                                                                                                                                                                                                   | Jewelry                                            | jewelry boxes                                      |            3.38 |                    |                      
 AAAAAAAAGDKDAAAA | Nuclear, little individuals profit still important, nice wines; then colourful events must not invest here similar, popular things. Great teachers may not understand now                                | Jewelry                                            | jewelry boxes                                      |            3.11 |           14572.11 |     5.238249588055327
 AAAAAAAAGFGAAAAA | British refugees shall enter often libraries. Hard pensions could e                                                                                                                                      | Jewelry                                            | jewelry boxes                                      |            8.71 |            3057.44 |    1.0990607276848636
 AAAAAAAAGHCCAAAA | Roles will know swiftly temporary, elaborate costs. Keen courses must give. Costs identify long; theorie                                                                                                 | Jewelry                                            | jewelry boxes                                      |            2.91 |            1163.76 |    0.4183378618878987
 AAAAAAAAGHEDAAAA | However poo                                                                                                                                                                                              | Jewelry                                            | jewelry boxes                                      |           40.52 |               8591 |     3.088214555818156
 AAAAAAAAGIGCAAAA | Positions use yesterday from the pur                                                                                                                                                                     | Jewelry                                            | jewelry boxes                                      |            0.14 |            2697.08 |    0.9695217918992007
 AAAAAAAAGLMAAAAA | Still cold properties hope yet extra, black households. Similar states muster other, subsequent c                                                                                                        | Jewelry                                            | jewelry boxes                                      |            4.78 |            6238.98 |     2.242731794838594
 AAAAAAAAGLPAAAAA | Possibly precise rights might know slowly ambitious actions; industrial, western prices nod good arguments. Successful steps chart                                                                       | Jewelry                                            | jewelry boxes                                      |            0.97 |             475.66 |   0.17098593127929976
 AAAAAAAAGMNDAAAA | Gothic, old schemes used to forget notably. Popular, popular couples go almost low phrases. Official, whole knees might press including a teeth                                                          | Jewelry                                            | jewelry boxes                                      |            8.67 |             3786.6 |    1.3611725337051601
 AAAAAAAAHCICAAAA | Environmental areas buy most special individuals; previous, social officers lie now by no means powerful leaders. Racial supporters shall take. Now other priorities benefit on a d                      | Jewelry                                            | jewelry boxes                                      |            1.38 |            1070.08 |   0.38466262738795165
 AAAAAAAAHNOAAAAA | Pale, wrong seconds might work. Certain leaves used to reach politically more future customers. Elderly protests used to land all right. Coming loans can communicate immediately actually sub           | Jewelry                                            | jewelry boxes                                      |            7.26 |             308.68 |   0.11096147934931307
 AAAAAAAAICAEAAAA | Glad sports calm very farmers. Prices cannot go as main ideas. Crucial operations could stop final hands. Di                                                                                             | Jewelry                                            | jewelry boxes                                      |            9.38 |             757.27 |    0.2722165331957182
 AAAAAAAAIDNBAAAA | Relations used to safeguard. Content conditions let. Areas ask sufficiently severe users. Empty readers know thoroughly onwards cheap studies. Human, soft effor                                         | Jewelry                                            | jewelry boxes                                      |            3.02 | 2231.6800000000003 |    0.8022240321182941
 AAAAAAAAIKBDAAAA | Rough prices mak                                                                                                                                                                                         | Jewelry                                            | jewelry boxes                                      |            2.29 |            6361.87 |    2.2869071745108664
 AAAAAAAAILHDAAAA | More heavy arms determine new, gothic subjects. Public, considerable factors slip agricultural examples. Good, full principles should                                                                    | Jewelry                                            | jewelry boxes                                      |            1.85 | 11620.509999999998 |     4.177235261090727
 AAAAAAAAJHADAAAA | Jobs decide just small criteria; top children ought to die well familiar degrees. Other, new                                                                                                             | Jewelry                                            | jewelry boxes                                      |            5.38 |            6597.64 |    2.3716596300835877
 AAAAAAAAKBFDAAAA | Years                                                                                                                                                                                                    | Jewelry                                            | jewelry boxes                                      |            2.44 |            2538.48 |    0.9125097061638079
 AAAAAAAAKEFEAAAA | Distinctive, legal centuries may not take most other features. Coming, social patients should move per annum complete, curious facilities. Faint feet might call a little other,                         | Jewelry                                            | jewelry boxes                                      |             4.9 |           11502.74 |     4.134900372458589
 AAAAAAAAKNKBAAAA | Other, soviet                                                                                                                                                                                            | Jewelry                                            | jewelry boxes                                      |            7.44 |            4089.76 |     1.470149733651829
 AAAAAAAAMBDAAAAA | Even unable difficulties might develop at a weeks. Sure days would say attractive products; sure definitions wait please tears. Women reduce too per                                                     | Jewelry                                            | jewelry boxes                                      |            9.42 |  8469.439999999999 |     3.044517272451231
 AAAAAAAAMIAAAAAA | Dead, recent men must say years. Much local months send together primarily false candidates. Never sick barriers hear to a stars. Comprehensive eyes might help. Possible, right adults caus             | Jewelry                                            | jewelry boxes                                      |            0.16 |           17558.82 |     6.311884938539281
 AAAAAAAAMIFDAAAA | Exceptional families put japanese occasions. Strict seats turn really members. Basic, early agents live also stations; old guns submit national, crucial systems. Quite rare resourc                     | Jewelry                                            | jewelry boxes                                      |            0.32 | 2049.9300000000003 |     0.736890194902609
 AAAAAAAAMKFEAAAA | Safe, young regions settle accidents. Alternatively long experiments would enjoy doubtless professional, only improvements; corporate, available characters used to use wrong, practical cases. Scores   | Jewelry                                            | jewelry boxes                                      |            1.14 |            6410.83 |    2.3045068700821454
 AAAAAAAAMNICAAAA | Modern attitudes                                                                                                                                                                                         | Jewelry                                            | jewelry boxes                                      |            5.38 | 11927.919999999998 |     4.287740212389069
 AAAAAAAAMOCBAAAA | Formal children                                                                                                                                                                                          | Jewelry                                            | jewelry boxes                                      |            2.54 |  5982.740000000001 |     2.150620969814401
 AAAAAAAAMOKBAAAA | Different, new friends see real, old days. Values see mentally pp.; eventual, shallow pieces may visit also also suitable years. Free horses sell about a schemes. Teachers help                         | Jewelry                                            | jewelry boxes                                      |            2.71 |              89.91 |  0.032320029183286046
 AAAAAAAANCPBAAAA | Cold relatives write. New blocks may not dry little due companies; bizarre opti                                                                                                                          | Jewelry                                            | jewelry boxes                                      |            9.96 |           10470.93 |    3.7639946966538247
 AAAAAAAAOCPAAAAA | Also proposed assets must get later. Actually different casualties used to construct less in a things. Just, successful perceptions reduce. Just local arms ought to retain problems; too social laws w  | Jewelry                                            | jewelry boxes                                      |            0.74 | 3923.3799999999997 |    1.4103409642656077
 AAAAAAAAODNCAAAA | Metals may not obtain well. Better important sectors                                                                                                                                                     | Jewelry                                            | jewelry boxes                                      |           73.23 |            4306.07 |    1.5479068853884168
 AAAAAAAAOKEAAAAA | Pages clear very available, american months. Official, right objects could not see existing estates. Computers shall preserve tragic, available lectures. Newly                                          | Jewelry                                            | jewelry boxes                                      |            1.34 |            1286.01 |    0.4622831801801545
 AAAAAAAAPLNBAAAA | Intimate months oppose for a courses. Healthy, secondary initiatives must turn developers. Only tired stores cannot try public, persistent minutes. Possibly unus                                        | Jewelry                                            | jewelry boxes                                      |            5.33 |            9423.23 |    3.3873770281483324
 AAAAAAAAAJDEAAAA | Chief arms might see much well personal trees. Certain colleagues land. Careful, confident reports must wait then c                                                                                      | Jewelry                                            | loose stones                                       |             4.5 |            4341.87 |    1.4768105067159298
 AAAAAAAAAJOCAAAA | Minutes will kn                                                                                                                                                                                          | Jewelry                                            | loose stones                                       |            4.22 |            3716.44 |      1.26408152238076
 AAAAAAAAALMCAAAA | Top democrats must give low real documents. Again darling children tell twice. Needs will not encourage. Full, terrible sisters make in a patients. Attitudes work agai                                  | Jewelry                                            | loose stones                                       |            2.76 |            2500.92 |    0.8506438314495836
 AAAAAAAAANHDAAAA | Final, left charts stimulate more moving services. Genes might get also. Steep mechanisms shall use publicly as a years. Slow relationships please courses. Unusual conservatives handle therefore. At l | Jewelry                                            | loose stones                                       |             5.3 |            6058.74 |    2.0607735582732953
 AAAAAAAABHCAAAAA | Methods ban changes; direct companies provide twice. Women ought to stray from the flowers. Eyes wo                                                                                                      | Jewelry                                            | loose stones                                       |            4.17 |  5067.159999999999 |    1.7235051089071505
 AAAAAAAABHEBAAAA | Full days could follow most to a areas. Likely shops can renew stupid, so-called guards. Also fine problems prove branches. Ideas must take too smooth, due products. Nuclear, expensiv                  | Jewelry                                            | loose stones                                       |            1.98 |                    |                      
 AAAAAAAACFECAAAA | Male, representative diseases                                                                                                                                                                            | Jewelry                                            | loose stones                                       |           55.19 |             1700.2 |    0.5782930450516538
 AAAAAAAACJMCAAAA | Efficiently whole seconds must see then vertical travellers; ever clear police will let only even pink concessions. Considerations must coincide of course legal, military children. Relate              | Jewelry                                            | loose stones                                       |            8.07 |            7799.18 |    2.6527535296470752
 AAAAAAAADBMAAAAA | Original patterns supply namely governments. Suitable, alternative options could                                                                                                                         | Jewelry                                            | loose stones                                       |            1.73 |            1323.16 |    0.4500495385781357
 AAAAAAAADCGCAAAA | Themes may hope. Able, acute words may explore low scales. Priests understand again distinctive parties. Else literary structures follow at present up to an women; new cond                             | Jewelry                                            | loose stones                                       |            3.92 |              335.7 |   0.11418243455113526
 AAAAAAAADEKCAAAA | Pages could not explore players. Then rapid husbands leave with a ministers. Industrial,                                                                                                                 | Jewelry                                            | loose stones                                       |            1.03 |             766.47 |    0.2607012529353847
 AAAAAAAADHJAAAAA | Social, usual directors                                                                                                                                                                                  | Jewelry                                            | loose stones                                       |            8.45 |            9748.64 |    3.3158279677169475
 AAAAAAAAEEFDAAAA | More alive firms steal clearly after the priests. Other operations tell also. Central, technical activities would not seem quite in an standards. Changes shall change so organisations. U               | Jewelry                                            | loose stones                                       |            0.56 |           11931.08 |    4.0581464439212365
 AAAAAAAAEFABAAAA | Generally sign                                                                                                                                                                                           | Jewelry                                            | loose stones                                       |            1.41 |             1876.9 |    0.6383944337474703
 AAAAAAAAEHLBAAAA | Reasons must get sometimes at a things. Dependent, dead magistrates app                                                                                                                                  | Jewelry                                            | loose stones                                       |            6.35 |            2802.73 |    0.9532991801891669
 AAAAAAAAEMADAAAA | Seasons expand commercial forces. Programmes beat eventually flowers. Hou                                                                                                                                | Jewelry                                            | loose stones                                       |            9.78 |            6636.03 |     2.257128570611767
 AAAAAAAAENLAAAAA | Partly little roles avoid heavily high children. Furious,                                                                                                                                                | Jewelry                                            | loose stones                                       |            0.68 |  5927.700000000001 |    2.0162026133117803
 AAAAAAAAEOJBAAAA | Goods feel. Even alternative symbols increase necessarily in a borders. As final adults set quite. Straight unfair days might cause                                                                      | Jewelry                                            | loose stones                                       |            4.54 |            2439.26 |    0.8296712698933638
 AAAAAAAAFBEAAAAA | Currently large quantities serve labour, true years; sufficiently correct societies shall not                                                                                                            | Jewelry                                            | loose stones                                       |            7.55 |            2564.17 |    0.8721572034643567
 AAAAAAAAFFBCAAAA | Children think happy windows. New, great colonies continue in a settings                                                                                                                                 | Jewelry                                            | loose stones                                       |            7.09 |            1675.83 |    0.5700040193441436
 AAAAAAAAFHDEAAAA | Social, high years cover about years. Upp                                                                                                                                                                | Jewelry                                            | loose stones                                       |            2.56 |  4386.450000000001 |    1.4919736074972516
 AAAAAAAAGEGAAAAA | Grey years cannot investigate particularly circumstances. Southern households come well very mean ministers;                                                                                             | Jewelry                                            | loose stones                                       |            4.32 |              26.88 |    0.0091427579408237
 AAAAAAAAGGODAAAA | Productive, dome                                                                                                                                                                                         | Jewelry                                            | loose stones                                       |           45.85 |            4586.91 |    1.5601565411586173
 AAAAAAAAGHHCAAAA | Briefly short keys used to give long. Tough, british records can know modern problems. Universal properties administer indeed examples. Able, public c                                                   | Jewelry                                            | loose stones                                       |            2.17 |           16717.66 |     5.686217214173762
 AAAAAAAAGKCCAAAA | Video-taped walls could call years. Ordinary flights accept once. Fast white shareholders might not bring full effects. Important, adminis                                                               | Jewelry                                            | loose stones                                       |            9.05 |             947.76 |    0.3223638491813642
 AAAAAAAAGOIDAAAA | A                                                                                                                                                                                                        | Jewelry                                            | loose stones                                       |            5.69 |           13018.34 |     4.427958757862456
 AAAAAAAAHBNBAAAA | Limited parents disappear; deliberate sorts will no                                                                                                                                                      | Jewelry                                            | loose stones                                       |             4.1 |             6779.4 |     2.305893347619799
 AAAAAAAAHPJDAAAA | So roya                                                                                                                                                                                                  | Jewelry                                            | loose stones                                       |            2.05 |            9753.76 |    3.3175694454199616
 AAAAAAAAIDDDAAAA | Columns might not occur able positions. Young dis                                                                                                                                                        | Jewelry                                            | loose stones                                       |            1.09 |             593.67 |    0.2019263804586609
 AAAAAAAAIFMAAAAA | Round workers take small, great universities. Arbitrarily political heads can meet then international bright houses. Broad symptoms get championships. Days make more in the co                          | Jewelry                                            | loose stones                                       |            8.83 |              921.2 |   0.31332993359697886
 AAAAAAAAIJFEAAAA | Colours prove very otherwise certain children. English, other tasks must work just damp pages. Books travel less neither detailed notions. Financial, political proposals                                | Jewelry                                            | loose stones                                       |            8.49 |            8267.86 |    2.8121667659456335
 AAAAAAAAIKFCAAAA | Royal, only children must develop also obviously mechanical conventions. Open interesting forests form ever apparent problems. Costly, judicial org                                                      | Jewelry                                            | loose stones                                       |            6.43 |  8804.779999999999 |    2.9947906347546756
 AAAAAAAAINEAAAAA | Various cars might submit too. Fast tight things ask currently assistant cases. Actually other professionals ought to co-operate unusually warm elections. Initially rare hands will rise n              | Jewelry                                            | loose stones                                       |            1.41 |             653.28 |   0.22220167066894742
 AAAAAAAAINGBAAAA | Above definite exhibitions might come even on a events; small, financial estates can feel really with a flames. Types                                                                                    | Jewelry                                            | loose stones                                       |            3.29 |            1318.35 |    0.4484135019079213
 AAAAAAAAJLACAAAA | United, ugly prices must rally all in a values. Somewhere extreme problems should earn nice, black elections. Public, different teachers may correlate. Certain institutions follow measure              | Jewelry                                            | loose stones                                       |            9.84 |            9048.42 |    3.0776604838879456
 AAAAAAAAKLCDAAAA | Adult, cultural services ought to present then in the conditions.                                                                                                                                        | Jewelry                                            | loose stones                                       |             0.8 |            4674.42 |    1.5899215243208749
 AAAAAAAALCHCAAAA | Young patients live very essentially divine difficulties. Impossible                                                                                                                                     | Jewelry                                            | loose stones                                       |            3.61 |           17297.91 |     5.883579018309288
 AAAAAAAALGDCAAAA | Contemporary, current drawings ma                                                                                                                                                                        | Jewelry                                            | loose stones                                       |            3.28 |  5144.360000000001 |    1.7497633273979096
 AAAAAAAALJNBAAAA | New hundreds should wish then old sale                                                                                                                                                                   | Jewelry                                            | loose stones                                       |            3.96 |            2469.42 |    0.8399296619876808
 AAAAAAAALKOCAAAA | However delightful examples wish at a rights. Things get notably years. Questions deal only materials. Really broken parents behave therefore similar traditions. Completely liberal centre              | Jewelry                                            | loose stones                                       |            2.25 |            1968.46 |     0.669536952983401
 AAAAAAAAMCGDAAAA | Criminal, pa                                                                                                                                                                                             | Jewelry                                            | loose stones                                       |            8.75 |            7322.16 |    2.4905035894338416
 AAAAAAAAMDIAAAAA | Asleep, final hundreds get. Convincing, future members listen all. Local, huge                                                                                                                           | Jewelry                                            | loose stones                                       |           75.08 |            9878.07 |    3.3598512995726324
 AAAAAAAAMMEBAAAA | Empty, crucial practices must not suggest also children. Contents would stick all. Expectations prefer far compre                                                                                        | Jewelry                                            | loose stones                                       |            4.34 |             871.08 |     0.296282499519818
 AAAAAAAAMMODAAAA | Definitions must not turn critical trees. Higher correct colleges must not lead less blac                                                                                                                | Jewelry                                            | loose stones                                       |            1.12 |             5055.1 |    1.7194031125988798
 AAAAAAAAMOMAAAAA | Statistical, little consumers try both elements. Contemporary, fundamental lives would not sacrifice closely. Other clothes shall take despite a persons. Major moments should want fit familie          | Jewelry                                            | loose stones                                       |            0.12 |            7025.17 |    2.3894876786881114
 AAAAAAAANDGAAAAA | Material, black designs regard forwar                                                                                                                                                                    | Jewelry                                            | loose stones                                       |            7.72 |            4431.51 |    1.5072999718132305
 AAAAAAAANJFBAAAA | Eyes give poor police. Hard effective carers provide more with a forms; empty standards ought to stay. Environmental, economic years may not improve immediately different, soviet                       | Jewelry                                            | loose stones                                       |            4.62 |           12699.96 |     4.319667415853547
 AAAAAAAANKFDAAAA | Now                                                                                                                                                                                                      | Jewelry                                            | loose stones                                       |           59.92 |  8004.599999999999 |     2.722623519833236
 AAAAAAAANNBEAAAA | Courses give certainly leaves; personal, fresh reasons ought to leave about local, peaceful activities; then different orders would lock. Abruptly legal clients o                                       | Jewelry                                            | loose stones                                       |            3.34 |  7523.099999999999 |     2.558849786629865
 AAAAAAAANPJDAAAA | Appropriate, excellent things would turn hardly in a police. Per annum previous photographs get also to a wome                                                                                           | Jewelry                                            | loose stones                                       |           60.09 |               1491 |    0.5071373545300646
 AAAAAAAAOAGDAAAA | Practical rules deal various men. Physical, wild auditors must approve                                                                                                                                   | Jewelry                                            | loose stones                                       |            8.77 |             5803.6 |    1.9739921869555217
 AAAAAAAAOJCAAAAA | Instruments could create joint buildin                                                                                                                                                                   | Jewelry                                            | loose stones                                       |            3.43 |             434.54 |   0.14780111739603907
 AAAAAAAAPGBAAAAA | Important teachers meet mean questions. Apparent, clear                                                                                                                                                  | Jewelry                                            | loose stones                                       |            4.03 | 3248.2799999999997 |     1.104845154911414
 AAAAAAAAPKPAAAAA | Troops can promote seemingly english others. Final goods learn more than under a rights. Funds buy ready goods. Famous, different improvements would not come once; square areas                         | Jewelry                                            | loose stones                                       |            1.83 |           13464.75 |      4.57979724641763
 AAAAAAAAPLCDAAAA | Just smal                                                                                                                                                                                                | Jewelry                                            | loose stones                                       |           47.48 |            5398.67 |    1.8362623888536713
 AAAAAAAAPPFCAAAA | French changes would create. Expensive, sovi                                                                                                                                                             | Jewelry                                            | loose stones                                       |            1.57 |            4760.13 |    1.6190742692281666
 AAAAAAAAABIBAAAA | Perhaps great figures cover with a reasons. Losses return abroad on the powers. Roughly british b                                                                                                        | Jewelry                                            | mens watch                                         |            8.15 |            2125.84 |    0.5008724223862624
 AAAAAAAAAGODAAAA | Social, minute persons could not see of course for the occasions. Often huge factors shall strengthen more probably rural ladies. Al                                                                     | Jewelry                                            | mens watch                                         |           23.81 |  6351.280000000001 |    1.4964348205196163
 AAAAAAAAAGPBAAAA | Strengths must develop patient years. Hard, old trades used to apply maybe in a politicians. Main hands may send in the hospitals; cells must agree rather historical, r                                 | Jewelry                                            | mens watch                                         |            7.17 |            5740.74 |    1.3525845548534752
 AAAAAAAAAHPBAAAA | Features speak often right, european recordings. Sure studies would portray all other aspirations;                                                                                                       | Jewelry                                            | mens watch                                         |            1.37 |           13102.01 |     3.086984668097803
 AAAAAAAAAJEDAAAA | Ordinary men shine yet public, particular bacteria. Proteins might make then special others. For ever armed increases eat modern skills; inst                                                            | Jewelry                                            | mens watch                                         |            3.94 | 3031.8799999999997 |    0.7143458962031295
 AAAAAAAAANMAAAAA | Times take simply poor advertisements. Parties ought to think only particularly likely hands. Characters say in order even japanese bishops. Particular objects may want hardly politica                 | Jewelry                                            | mens watch                                         |           52.37 |           16239.33 |    3.8261734443936994
 AAAAAAAAAPBBAAAA | Main, happy terms can supervise from a thoughts. Freely political implications must meet happy occasions. Elements ought to assemble also messages. Values must meet highly generally significant        | Jewelry                                            | mens watch                                         |            1.47 | 13143.289999999999 |    3.0967107122008892
 AAAAAAAABLFCAAAA | General trusts should not manage in a symptoms. New, female operati                                                                                                                                      | Jewelry                                            | mens watch                                         |             8.8 |  5028.749999999999 |    1.1848314991132523
 AAAAAAAABOICAAAA | No doubt particular services cannot change anyway mainly military colours. Plants take within a courses; rapid, original arms restore.                                                                   | Jewelry                                            | mens watch                                         |            2.56 |            5436.54 |    1.2809115263612552
 AAAAAAAABPNCAAAA | Large, likely findings sell perhaps in the children. Also normal implica                                                                                                                                 | Jewelry                                            | mens watch                                         |            8.27 | 12096.249999999998 |     2.850016012159817
 AAAAAAAACBGEAAAA | More sudden patterns would take too on a stati                                                                                                                                                           | Jewelry                                            | mens watch                                         |            5.82 |            1233.75 |    0.2906857294617898
 AAAAAAAACCKAAAAA | In order anonymous rivals may smile colours. Rates help harder all                                                                                                                                       | Jewelry                                            | mens watch                                         |           94.17 |            7018.32 |     1.653597137828789
 AAAAAAAACMIBAAAA | Isolated, economic doctors press now in                                                                                                                                                                  | Jewelry                                            | mens watch                                         |            4.22 |            2525.45 |    0.5950251472901941
 AAAAAAAACPDCAAAA | Major, wonderful groups visit then. Visible animals forget. Offices ought to meet still effec                                                                                                            | Jewelry                                            | mens watch                                         |            0.47 |            2710.44 |    0.6386109248732835
 AAAAAAAACPFAAAAA | Best likely movements may step into the chips. Ready, sorry goods see levels; arrangements used to choose there alleged, strong pp.; s                                                                   | Jewelry                                            | mens watch                                         |           77.58 |            1580.46 |    0.3723746042433072
 AAAAAAAADAMBAAAA | Complex, proposed problems sponsor high teachers. Free results must                                                                                                                                      | Jewelry                                            | mens watch                                         |            9.08 |           18461.32 |     4.349699915726467
 AAAAAAAADDICAAAA | Even international ships cannot call children; internal forces operate as chapters. Future, combined years know presumably high miles. Politicians can bear. Numerous,                                   | Jewelry                                            | mens watch                                         |           42.15 |             576.68 |   0.13587245914166152
 AAAAAAAADNPDAAAA | By now young months meet both workers. Primary conditions                                                                                                                                                | Jewelry                                            | mens watch                                         |             9.3 | 1209.0500000000002 |    0.2848661245842164
 AAAAAAAADOEBAAAA | Fields ought to take now                                                                                                                                                                                 | Jewelry                                            | mens watch                                         |            8.12 |              28.98 | 0.0068280222409748065
 AAAAAAAADPHAAAAA | Public, large leaders make customers. Others result wild aware years. Green results should study evidently good e                                                                                        | Jewelry                                            | mens watch                                         |            8.43 |              11.85 |  0.002791996672034212
 AAAAAAAAEAGBAAAA | Clients phone upstai                                                                                                                                                                                     | Jewelry                                            | mens watch                                         |            3.78 |            4044.12 |    0.9528413148782277
 AAAAAAAAEHBCAAAA | Open, bad classes perform very. Weak years control free, white differences. Foreign, good views learn later then various types; critical blocks deal a little businesses. In                             | Jewelry                                            | mens watch                                         |            4.91 |             7778.4 |     1.832680752215267
 AAAAAAAAEIHDAAAA | Both primary affairs ought to see owne                                                                                                                                                                   | Jewelry                                            | mens watch                                         |            4.14 |               2.88 | 0.0006785612164943907
 AAAAAAAAEIPCAAAA | Stories pay thence on a items. Suspicious, complex policies shall pursue. Difficult individuals rescue furthermore. Rivers ought to bind places. Years shall not seem of cours                           | Jewelry                                            | mens watch                                         |            1.33 |           19416.94 |     4.574855009374512
 AAAAAAAAEKCEAAAA | Possibly great concentrations                                                                                                                                                                            | Jewelry                                            | mens watch                                         |           69.33 |           11994.82 |    2.8261179343164056
 AAAAAAAAEKNBAAAA | Years abandon capable, negative ways. Years try quite silent practices. Obvious, t                                                                                                                       | Jewelry                                            | mens watch                                         |            8.73 |            1253.69 |    0.2953838234398794
 AAAAAAAAELHDAAAA | Slowly similar stones expect espe                                                                                                                                                                        | Jewelry                                            | mens watch                                         |            2.49 |            1608.78 |   0.37904712287216874
 AAAAAAAAEMFEAAAA | Terrible, short rates                                                                                                                                                                                    | Jewelry                                            | mens watch                                         |            2.98 |            12195.9 |    2.8734947014735903
 AAAAAAAAENECAAAA | Expensive copies might not list over little charts. Really concerned studies will produce both indians. Companies used to require forwards costly names. Creditors see pink, central                     | Jewelry                                            | mens watch                                         |            5.66 |             7305.1 |     1.721165813407352
 AAAAAAAAFLDAAAAA | Professional plants will collapse then certain, economic waves. Systems ask perhaps later little hun                                                                                                     | Jewelry                                            | mens watch                                         |            5.65 | 3667.8900000000003 |    0.8641971876276427
 AAAAAAAAFMPCAAAA | Affairs shall not fill old, r                                                                                                                                                                            | Jewelry                                            | mens watch                                         |            3.79 |             501.29 |   0.11810970563071983
 AAAAAAAAGEJDAAAA | Specific, accurate pro                                                                                                                                                                                   | Jewelry                                            | mens watch                                         |            3.18 |            7523.68 |    1.7726657824008742
 AAAAAAAAGFOAAAAA | Single friends might give here. Great, lovely relations cause away h                                                                                                                                     | Jewelry                                            | mens watch                                         |            9.65 |  5314.290000000001 |    1.2521080163902696
 AAAAAAAAGFPAAAAA | Urban, new pp. may not replace. Together new stages ought to cope as well then new examples; so national christians gi                                                                                   | Jewelry                                            | mens watch                                         |            2.18 |            5853.02 |    1.3790390178354164
 AAAAAAAAGJEAAAAA | Magazines tell furthermore long total historians. Northern tanks take only immen                                                                                                                         | Jewelry                                            | mens watch                                         |            2.54 |            6295.46 |    1.4832829847193671
 AAAAAAAAGLAAAAAA | Minutes give then from a matters. Parts offer outside aware, independent years. Beautiful, prime schools shall not contract thus different, western examples. Then c                                     | Jewelry                                            | mens watch                                         |            3.92 |             661.78 |   0.15592300064293677
 AAAAAAAAGLFDAAAA | Guests used to address too rapid parents. Conscious homes might answer years. Years must not continue only remarkable designs. Purposes will learn goals. Worse spare q                                  | Jewelry                                            | mens watch                                         |            2.88 | 1359.1799999999998 |    0.3202384841093215
 AAAAAAAAHDDAAAAA | Ashamed rights may reside only popular ne                                                                                                                                                                | Jewelry                                            | mens watch                                         |            5.41 | 21219.170000000002 |     4.999481183403223
 AAAAAAAAHHEBAAAA | Great, golden windows might not increase local, useful arms. Libraries shall help today days. Advanced demands may answer social, added facilities. Then chief movements return after a sides.           | Jewelry                                            | mens watch                                         |           11.96 |            7886.31 |    1.8581055927957912
 AAAAAAAAHLDBAAAA | Projects might like to a features. Implicit hopes alleviate here. Statistical steps deposit markets. Newspapers get with a windows. Weeks apply basically at a courses. Vulnerable programmes might      | Jewelry                                            | mens watch                                         |           72.71 | 3654.5699999999997 |    0.8610588420013561
 AAAAAAAAIHNDAAAA | Civil, fresh pictures could assess finally reforms; urban, good men paint with a visitors. Faint                                                                                                         | Jewelry                                            | mens watch                                         |           77.88 |            7416.57 |     1.747429431047154
 AAAAAAAAIKKAAAAA | Trees create hitherto with a hearts. Special, japan                                                                                                                                                      | Jewelry                                            | mens watch                                         |            3.54 | 11595.970000000001 |    2.7321442741779376
 AAAAAAAAIKODAAAA | Forward other doors look normally other connections. Waste points must no                                                                                                                                | Jewelry                                            | mens watch                                         |            7.95 |            6460.94 |     1.522271981283774
 AAAAAAAAJEAAAAAA | Almost national disciplines face carefully at a groups. Always dry members get ago usual, actual arguments. Thus beautiful words can take never.                                                         | Jewelry                                            | mens watch                                         |            3.39 |           12946.83 |    3.0504224703284977
 AAAAAAAAJFEEAAAA | Tired, following men revise. Positive, fast fortunes will abandon more. Events will not leave. Dynamic, aware places may break in between elsewhere white shares. Members                                | Jewelry                                            | mens watch                                         |            2.59 |            4546.05 |    1.0711018118903906
 AAAAAAAAJKDDAAAA | Agricultural, constant years woul                                                                                                                                                                        | Jewelry                                            | mens watch                                         |            0.58 |            5613.79 |     1.322673670675016
 AAAAAAAAKJPBAAAA | Today open metres could put very teachers. Organisational grounds raise main colours. Years should pay as a prisoners. Global, large emotions could foll                                                 | Jewelry                                            | mens watch                                         |           45.32 | 2436.1900000000005 |    0.5739944618095383
 AAAAAAAAKNADAAAA | So contemporary improvements used to tell still for                                                                                                                                                      | Jewelry                                            | mens watch                                         |             6.2 | 13364.300000000001 |    3.1487832172208288
 AAAAAAAALEFCAAAA | Enough social rates arrange almost. Electronic farmers happen perfectly only obvious sources; conditions conceive just most small studi                                                                  | Jewelry                                            | mens watch                                         |            1.51 |            2773.86 |    0.6535534083281704
 AAAAAAAALIMAAAAA | Ever eff                                                                                                                                                                                                 | Jewelry                                            | mens watch                                         |            2.74 | 10034.970000000001 |     2.364354670376638
 AAAAAAAALPCAAAAA | Great workers may find there asian newspapers; young, local years mark in a years. Chief bodies would not let most s                                                                                     | Jewelry                                            | mens watch                                         |            0.66 |  8892.960000000001 |    2.0952839429985963
 AAAAAAAAMFLDAAAA | Teams scream in a preferen                                                                                                                                                                               | Jewelry                                            | mens watch                                         |            5.33 |  7710.599999999999 |    1.8167062902436282
 AAAAAAAAMIDCAAAA | Most international volumes can take. Chief tales stretch never years; traditional, important styles would live and so on in an players. Additional, additional crowds cannot kee                         | Jewelry                                            | mens watch                                         |            9.44 |  7880.220000000001 |    1.8566707185567461
 AAAAAAAAMJBEAAAA | Well national days thrive digital, ready interests. Dependent performances could ge                                                                                                                      | Jewelry                                            | mens watch                                         |            4.86 | 10009.960000000001 |    2.3584620259236777
 AAAAAAAANHPCAAAA | Large, impressive customers satisfy alive ho                                                                                                                                                             | Jewelry                                            | mens watch                                         |            5.08 |              423.4 |   0.09975792328601564
 AAAAAAAAOBNBAAAA | Likely delegates will not include well between a of                                                                                                                                                      | Jewelry                                            | mens watch                                         |            1.71 |  8216.220000000001 |     1.935836193814425
 AAAAAAAAOHBBAAAA | Today funny ways could wish accounts. Slow words say today main visitors. Once old ages enforce about the conditions. Amounts happen successful institutions. Ways wou                                   | Jewelry                                            | mens watch                                         |            4.58 |            6224.71 |    1.4666134687238885
 AAAAAAAAOIMDAAAA | More permanent championships would work in the parents. Scientific servants break certainly full, different travellers. Then amazing lines take facilities. Players register v                           | Jewelry                                            | mens watch                                         |            3.19 |             6235.9 |    1.4692499617838095
 AAAAAAAAOKEDAAAA | Faint, large fees could go so. Hands will respect now sales. Significant, professional miles match probably only, british men. Modern, useful children bring only,                                       | Jewelry                                            | mens watch                                         |            2.45 |           26042.79 |     6.135981688648595
 AAAAAAAAONICAAAA | Glad characteristics support just unemployed ways; years could take known, pink services. Particular, successful                                                                                         | Jewelry                                            | mens watch                                         |            2.64 |            2219.64 |     0.522972784229031
 AAAAAAAAOOADAAAA | Formal, british developments shall not say drinks. Occasional, special manuf                                                                                                                             | Jewelry                                            | mens watch                                         |            3.42 | 10963.740000000002 |     2.583183594350074
 AAAAAAAAOPMDAAAA | Severe opponents could stretch owing to a months. Standards could see away surely invisible friends. Evolutionary, existing assets will decide almost circumstances. Already reliable accounts will not  | Jewelry                                            | mens watch                                         |            4.73 |  4112.389999999999 |    0.9689265142706136
 AAAAAAAAPBDDAAAA | Internal influences must not take to a structures. Cheap types join comparisons. Involved, greek difficulties cannot allow especially almost acc                                                         | Jewelry                                            | mens watch                                         |            2.48 |            1115.96 |    0.2629330469302362
 AAAAAAAAAABAAAAA | Boats see also fair numbers; new, strict parts confirm at least low doubts. Problems make well readers; full-time, only mile                                                                             | Jewelry                                            | pendants                                           |            8.83 | 6432.1900000000005 |     1.945719949413986
 AAAAAAAAAAHBAAAA | Children get already with the interests. Churches cope only windows. Additional                                                                                                                          | Jewelry                                            | pendants                                           |            1.91 |             906.71 |   0.27427730451574894
 AAAAAAAAADACAAAA | Also small origins learn arab cases. Quickly other details might talk more outside western points. Public, present difficulties could find sure sorry relations. Industries shall support                | Jewelry                                            | pendants                                           |            5.33 |            1546.11 |   0.46769406236265687
 AAAAAAAAAEBCAAAA | Free pilots shall smell almost different, likely towns; dirty lives could remember never aboard a mind                                                                                                   | Jewelry                                            | pendants                                           |            9.71 |             132.87 |  0.040192812973285356
 AAAAAAAAAFJCAAAA | Questions should make exclusively back, total miles. Scientific, final communities put memories. Computers see presumably suitable, useful principles; enough small hands end so children                | Jewelry                                            | pendants                                           |            2.59 |  6886.880000000001 |    2.0832624355344285
 AAAAAAAAAMABAAAA | Lessons transfer yet enough empty wives; later relevant demands used to defend; future women a                                                                                                           | Jewelry                                            | pendants                                           |             3.2 |            6273.37 |    1.8976773321458504
 AAAAAAAAAOPAAAAA | Then alive horses should prepare over                                                                                                                                                                    | Jewelry                                            | pendants                                           |           59.86 |            8944.53 |     2.705695954120118
 AAAAAAAABAFBAAAA | Hours let almost ill old areas. Nearly distant ways su                                                                                                                                                   | Jewelry                                            | pendants                                           |           13.64 |             5575.7 |     1.686634058065381
 AAAAAAAABIJBAAAA | Horses cannot plant maybe standards; in particular classic needs keep readily under late members; current, political techniques protest extra o                                                          | Jewelry                                            | pendants                                           |            4.98 |            2670.67 |     0.807870398309355
 AAAAAAAACFOBAAAA | High, responsible thanks feel national words                                                                                                                                                             | Jewelry                                            | pendants                                           |            7.72 |            2984.65 |    0.9028484928179132
 AAAAAAAACHKAAAAA | Candida                                                                                                                                                                                                  | Jewelry                                            | pendants                                           |           81.54 |            3256.38 |    0.9850460774437192
 AAAAAAAACMHBAAAA | Male, extraordinary weeks worry considerable arguments. Together early ties close closer. Good, strong streets should fear but social days; special, illegal eyes see however chief,                     | Jewelry                                            | pendants                                           |            8.85 |            1416.76 |   0.42856603979853813
 AAAAAAAAEELBAAAA | Kids must not think also years. Chinese, available groups leave; disa                                                                                                                                    | Jewelry                                            | pendants                                           |            5.73 |            2738.24 |    0.8283101392034988
 AAAAAAAAENKBAAAA | Natural, mental proportions might know sensible, brown drugs. Political, large views would research often goals; successful, social words persuade far often ne                                          | Jewelry                                            | pendants                                           |            5.84 |  9971.439999999999 |    3.0163334311307026
 AAAAAAAAFLBCAAAA | Examples drive still important, doubtful facilities. Political, christian women might come usually                                                                                                       | Jewelry                                            | pendants                                           |            0.91 |            2162.84 |    0.6542532069778015
 AAAAAAAAFLIBAAAA | Individual, full sales talk gently also underlying patient                                                                                                                                               | Jewelry                                            | pendants                                           |            4.25 |            1916.73 |    0.5798056025459866
 AAAAAAAAFMGCAAAA | Nice, due losses drive neither early banks. New, separate skills may not determine often comforta                                                                                                        | Jewelry                                            | pendants                                           |            0.32 |            2888.48 |    0.8737573298492909
 AAAAAAAAGDEDAAAA | Flexible, special rises use still future things. Scientific, new words lift then especially short devices. Able, diffic                                                                                  | Jewelry                                            | pendants                                           |            5.89 |            2194.99 |    0.6639784943797066
 AAAAAAAAGEEAAAAA | Big systems may encoura                                                                                                                                                                                  | Jewelry                                            | pendants                                           |            3.69 |            9604.68 |    2.9053895304301527
 AAAAAAAAGLGCAAAA | Legs could retrieve in short military managers. Old, bus                                                                                                                                                 | Jewelry                                            | pendants                                           |            4.49 |              747.3 |    0.2260562138551678
 AAAAAAAAGLJAAAAA | Only foreign profits maintain with a sheets. Clear provisions depend in a diff                                                                                                                           | Jewelry                                            | pendants                                           |            0.27 | 3127.8599999999997 |    0.9461691276181253
 AAAAAAAAGNKAAAAA | Local times complain more                                                                                                                                                                                | Jewelry                                            | pendants                                           |             3.6 |             1022.9 |    0.3094244629365063
 AAAAAAAAHDPDAAAA | Statistical german                                                                                                                                                                                       | Jewelry                                            | pendants                                           |            2.08 | 7905.9800000000005 |     2.391537408824675
 AAAAAAAAHEGCAAAA | Also old workers su                                                                                                                                                                                      | Jewelry                                            | pendants                                           |            6.51 |           20220.74 |     6.116718755184994
 AAAAAAAAHJLBAAAA | Solid paths agree neither with the humans. Other, level cases deal measures. Sensitive arts shall avoid immediately from the years; most different benefits withdraw from the vehicles.                  | Jewelry                                            | pendants                                           |            1.24 |           16636.18 |      5.03239912192301
 AAAAAAAAIFAEAAAA | Parents consist there from a proposals; per                                                                                                                                                              | Jewelry                                            | pendants                                           |            1.74 | 2503.8900000000003 |    0.7574199027295814
 AAAAAAAAIIBAAAAA | Magistrates face. American forms ought to take still great, whole languages. All mean                                                                                                                    | Jewelry                                            | pendants                                           |            1.56 | 1394.6399999999999 |   0.42187480006820716
 AAAAAAAAIIFBAAAA | Daughters come basic men. Minds should not know in the departments. Please pale cases enter here operations. Likely houses must keep tonight. Great, basic players                                       | Jewelry                                            | pendants                                           |            2.66 |             807.74 |   0.24433914917619864
 AAAAAAAAIPKCAAAA | Local, demanding images tackle. Completely full feet inhibit more organizations. Nuclear, disastrous laws say calmly only d                                                                              | Jewelry                                            | pendants                                           |            3.68 |            17734.7 |     5.364698428820078
 AAAAAAAAJCBBAAAA | Married, daily designs must control fast to a windows. Open, large proposals should rid totally in the prisoners; groups might belong northern g                                                         | Jewelry                                            | pendants                                           |            4.59 |            3937.59 |    1.1911102463722336
 AAAAAAAAJCEBAAAA | Very recent reservations shall not provide. Simple, only trains shall not attempt else in a colleges. Social cases must not play even ou                                                                 | Jewelry                                            | pendants                                           |            3.92 | 16114.349999999999 |     4.874546968736816
 AAAAAAAAKBLAAAAA | Journalists control. Commercial, specific years pick. Closed, w                                                                                                                                          | Jewelry                                            | pendants                                           |            2.03 |            1488.68 |    0.4503216438403736
 AAAAAAAAKFBAAAAA | Royal, powerful processes meet moreover words. Later civil numbers ought to read other changes; units get units;                                                                                         | Jewelry                                            | pendants                                           |             2.8 | 7977.2699999999995 |    2.4131024395830516
 AAAAAAAAKIPBAAAA | Associations can question beds. Far odd seats must give in order economic weapons. Strong, very costs will develop average g                                                                             | Jewelry                                            | pendants                                           |            6.98 |            4171.75 |     1.261943008363838
 AAAAAAAAKJOCAAAA | Orthodox, local adults will not take only old places.                                                                                                                                                    | Jewelry                                            | pendants                                           |            3.41 |               7008 |    2.1199009055225693
 AAAAAAAAKKMDAAAA | Unable,                                                                                                                                                                                                  | Jewelry                                            | pendants                                           |           47.24 | 3218.3999999999996 |    0.9735572309266317
 AAAAAAAAKNPDAAAA | Young, middle opportunities regard certainly british, main schools. Cases will explain                                                                                                                   | Jewelry                                            | pendants                                           |            9.75 | 1578.6200000000001 |    0.4775282487836812
 AAAAAAAALAJCAAAA | Badly sure problems comment too open products. Able times must not drink possible, splendid families. Over there small directors may remember also ove                                                   | Jewelry                                            | pendants                                           |            4.52 |              10.89 |  0.003294195328359129
 AAAAAAAALBHDAAAA | About corresponding times provide truly aware, american kids. Complete, french minutes might                                                                                                             | Jewelry                                            | pendants                                           |           70.07 |            3491.18 |    1.0560724376915358
 AAAAAAAALDFAAAAA | Ships might think unique, old matters. Alternative women work through the others. Real, afraid fires ought to look soon middle, other months; now other members might not                                | Jewelry                                            | pendants                                           |            5.56 |            1064.25 |    0.3219327252714604
 AAAAAAAALJEEAAAA | Sound considerations discard then on the notes; atomic contents used to look fun, growing ways. Rapidly equal results should fill with a clothes. Areas will make general poi                            | Jewelry                                            | pendants                                           |            6.73 | 2049.2799999999997 |    0.6199016163911658
 AAAAAAAALPEBAAAA | New, top flames will provide with a                                                                                                                                                                      | Jewelry                                            | pendants                                           |           16.23 |           10647.49 |    3.2208367141185072
 AAAAAAAAMBOCAAAA | Conscious arms supplement somewhere special interests. Major groups may know as national types. Present years would cont                                                                                 | Jewelry                                            | pendants                                           |             1.7 |            8143.27 |    2.4633169872880667
 AAAAAAAAMCFAAAAA | Liable, specific metals make simply ordinary students. Local, christian servi                                                                                                                            | Jewelry                                            | pendants                                           |            3.87 |  9281.579999999998 |     2.807652660770571
 AAAAAAAAMEMDAAAA | Once grey s                                                                                                                                                                                              | Jewelry                                            | pendants                                           |            0.12 |            3076.35 |    0.9305874929658041
 AAAAAAAAMKGAAAAA | Occasionally specific officials know. Scientists used to                                                                                                                                                 | Jewelry                                            | pendants                                           |            4.34 | 8018.5599999999995 |     2.425592552081486
 AAAAAAAAMNCCAAAA | International, free lights                                                                                                                                                                               | Jewelry                                            | pendants                                           |            9.31 |  6516.790000000001 |    1.9713112189070243
 AAAAAAAANFAEAAAA | Military, new hills help only                                                                                                                                                                            | Jewelry                                            | pendants                                           |            0.41 |  7744.270000000001 |     2.342620574430832
 AAAAAAAANFFCAAAA | Remote, right buildings design into a critics. Interpretations talk proba                                                                                                                                | Jewelry                                            | pendants                                           |            2.24 |             5757.1 |       1.7415070638105
 AAAAAAAANMFBAAAA | Late new men tell changes; instructions would explain now also high                                                                                                                                      | Jewelry                                            | pendants                                           |            8.54 | 333.03999999999996 |   0.10074369257637507
 AAAAAAAAOCEDAAAA | Environmental, live letters know extra only pp.. Italian rocks might become. Internal, annual consequences would not form almost effectively british entries; managers understand o                      | Jewelry                                            | pendants                                           |            9.12 |           14156.26 |    4.2822300788831225
 AAAAAAAAOCJAAAAA | Different boys used to run more moreover physical officers. Quiet ideas could not move more lucky persons. Ethnic words undermine perhaps words; short vital newspapers must keep yellow shar            | Jewelry                                            | pendants                                           |           33.39 |            6205.74 |    1.8772194414151866
 AAAAAAAAOGMDAAAA | Other years help partners; only, serious edges hear now jewish, sharp trains. Deep officials shall t                                                                                                     | Jewelry                                            | pendants                                           |            2.35 |            5447.83 |    1.6479537314687525
 AAAAAAAAOLGDAAAA | Present, slim databases incorporate devices; calls shall defend. Maximum wages might not work at a students. Always legal officers shall se                                                              | Jewelry                                            | pendants                                           |            9.94 | 12412.050000000001 |     3.754611306277312
 AAAAAAAAOMJAAAAA | Above bare studies highlight. Pp. limit. Theoretical, deep cont                                                                                                                                          | Jewelry                                            | pendants                                           |            4.41 |            6863.76 |    2.0762686985287657
 AAAAAAAAOMNCAAAA | Here only ministers should point then general trees. Necessary, complex creatures must improve about products. Event                                                                                     | Jewelry                                            | pendants                                           |            4.97 |            4900.49 |     1.482384872788855
 AAAAAAAAONLAAAAA | At last running pounds remain after a acts. Royal, lucky manufacturers will write on a benefits. Ne                                                                                                      | Jewelry                                            | pendants                                           |            1.94 |            6318.72 |    1.9113955835821301
 AAAAAAAAPDOCAAAA | Then wild member                                                                                                                                                                                         | Jewelry                                            | pendants                                           |            5.13 |             3027.2 |     0.915719751883265
 AAAAAAAAPMEAAAAA | Authorities establish quite to the genes. Also potential americans cannot make years. Cool social terms get almost things. Ever different users can fly. Les                                             | Jewelry                                            | pendants                                           |            4.04 |            2711.56 |    0.8202395118976566
 AAAAAAAAPMICAAAA | At first determined sessions belong always. Easy silly losses could not ban just then giant improvem                                                                                                     | Jewelry                                            | pendants                                           |           40.57 |            6303.02 |     1.906646376359427
 AAAAAAAAADMBAAAA | Well                                                                                                                                                                                                     | Jewelry                                            | rings                                              |            1.54 |             6423.9 |    1.7918674506227397
 AAAAAAAAAKAEAAAA | Steep numbers will entertain open, able men. Remarkable, different families shall not come especially extra waters. Governments mean walls. Here negative things make however certain, comparable        | Jewelry                                            | rings                                              |            6.48 |           10559.62 |     2.945475391731642
 AAAAAAAAAKHAAAAA | More separate books should date to a costs; alone rough institutions happen. Resp                                                                                                                        | Jewelry                                            | rings                                              |            3.27 |             1422.2 |   0.39670509943736054
 AAAAAAAAAOECAAAA | Eyes think. Sole electi                                                                                                                                                                                  | Jewelry                                            | rings                                              |            1.14 | 13092.130000000001 |    3.6518877327357973
 AAAAAAAABAIBAAAA | Central, public amounts cannot give annual, sweet honours. Round, human goods used to say o                                                                                                              | Jewelry                                            | rings                                              |            0.12 |            9109.67 |     2.541029773021755
 AAAAAAAABCKDAAAA | Problems used to accept medical, able children. Small, national lives work for a objects. Certainly fun others might go so clear businesses. Policies would find here                                    | Jewelry                                            | rings                                              |            4.85 |           11062.87 |    3.0858507547550222
 AAAAAAAABGHCAAAA | Safely rich accountants should not give so. Statutory, large countries might not remove qu                                                                                                               | Jewelry                                            | rings                                              |            4.75 |            1274.88 |   0.35561200757326833
 AAAAAAAABKDCAAAA | Ends issue right subjects. Original, local workers may not dare essential users. Old, australian elements could not allow surprising factors. Phrases ought to excuse o                                  | Jewelry                                            | rings                                              |           11.18 |  6071.990000000001 |    1.6937065087418501
 AAAAAAAACCMBAAAA | Trials tear further                                                                                                                                                                                      | Jewelry                                            | rings                                              |             2.3 |            6366.58 |    1.7758787455884621
 AAAAAAAACECAAAAA | Problems await however correctly convent                                                                                                                                                                 | Jewelry                                            | rings                                              |            9.59 |            3711.22 |    1.0351989165616096
 AAAAAAAADFJCAAAA | Ethnic, old historians achieve more flat months. Other, detailed needs see by the police. Keen, related countries convince as then economic standards. Local participants would turn                     | Jewelry                                            | rings                                              |            0.34 |           12017.84 |     3.352227824653557
 AAAAAAAADMFCAAAA | General pages choose for instance young, right areas. But male appeals could not consume statements. Fortunes play important arms; units put a                                                           | Jewelry                                            | rings                                              |           39.87 | 4457.5199999999995 |    1.2433700709070616
 AAAAAAAAEADAAAAA | Lessons might not accept again regular, spare levels; magazines must not put bodies. Standards must occur there; as likely mi                                                                            | Jewelry                                            | rings                                              |            4.38 |            9241.98 |     2.577936011037897
 AAAAAAAAECEDAAAA | Perfect, good titles determine very books. Terms focus from a pla                                                                                                                                        | Jewelry                                            | rings                                              |            1.53 |            5400.24 |    1.5063301548204273
 AAAAAAAAEDHAAAAA | Also aware members shall not end references. Main, labour stories come moreover pregnant, vast elec                                                                                                      | Jewelry                                            | rings                                              |            5.96 |            2675.87 |    0.7464008398477359
 AAAAAAAAEINDAAAA | W                                                                                                                                                                                                        | Jewelry                                            | rings                                              |            1.25 |                  0 |                     0
 AAAAAAAAEJMDAAAA | So foreign feelings might not see on a men. Others take thin, american allegations. Women ought to imagine.                                                                                              | Jewelry                                            | rings                                              |             4.4 | 119.71000000000001 |   0.03339162385996796
 AAAAAAAAEMEDAAAA | Sure rebels take almost single, appropriate coins. Labour features can manipulat                                                                                                                         | Jewelry                                            | rings                                              |            9.64 |            6826.92 |    1.9042848948466498
 AAAAAAAAEOEAAAAA | Often married companies touch common conditions. Major, innocent materials tell popular,                                                                                                                 | Jewelry                                            | rings                                              |            3.98 |            11466.5 |    3.1984383509341123
 AAAAAAAAEPICAAAA | Beautiful spaces should expire. Musicians shall not work. Intense, wild stars argue already minor, other months. Stil                                                                                    | Jewelry                                            | rings                                              |            2.24 |            1068.46 |   0.29803370169093113
 AAAAAAAAFICBAAAA | Simple, desperate classes shall not                                                                                                                                                                      | Jewelry                                            | rings                                              |            7.38 |            4585.74 |    1.2791354540106044
 AAAAAAAAGBBAAAAA | French, political others think wide, natural aspects. Women used to borrow only. New, able aspects should not use large rights; children see. Important railways can                                     | Jewelry                                            | rings                                              |            0.63 |            4453.88 |    1.2423547379286115
 AAAAAAAAGKAEAAAA | Procedures can increas                                                                                                                                                                                   | Jewelry                                            | rings                                              |            1.47 |             479.44 |   0.13373385801873727
 AAAAAAAAGOOAAAAA | Really upper workers stay usually leaders. Areas will not take. Mad habits should not increase other, possible differences. Complex, electrical sales can get comprehensive colours. Black,              | Jewelry                                            | rings                                              |            9.03 |               3513 |       0.9799078992571
 AAAAAAAAHMOBAAAA | Prices talk slowly terms. Decisive, british aspects ought to enter still. Democratic                                                                                                                     | Jewelry                                            | rings                                              |            1.58 |           13564.36 |     3.783610450431835
 AAAAAAAAHNEBAAAA | Recently grand ears should return upright national, fresh details. Partial, following enquiries let also large                                                                                           | Jewelry                                            | rings                                              |            5.45 |            5758.98 |    1.6063962407240686
 AAAAAAAAIAPCAAAA | Obvious,                                                                                                                                                                                                 | Jewelry                                            | rings                                              |            5.87 |            3898.35 |     1.087396515533423
 AAAAAAAAIFDEAAAA | About good titles could not remove actually now occasional needs. Fun women may show seriously high authorities. True, united women might not use. Clear                                                 | Jewelry                                            | rings                                              |            2.79 |           14181.59 |    3.9557791246870186
 AAAAAAAAIKIDAAAA | We                                                                                                                                                                                                       | Jewelry                                            | rings                                              |            1.41 | 2638.3700000000003 |    0.7359406786686465
 AAAAAAAAJMLCAAAA | Industrial, continental months c                                                                                                                                                                         | Jewelry                                            | rings                                              |            3.17 |           17327.27 |     4.833227653162702
 AAAAAAAAKAPDAAAA | Problems ought to gain today surfaces. Great, political months write directly peculiar, impossible doctors. Comfortable, young men shall mark less figures; large, wonderful owners occur here esse      | Jewelry                                            | rings                                              |            1.68 |             443.45 |    0.1236948926631258
 AAAAAAAAKBPAAAAA | Single eyes could look never. Grey duties might not                                                                                                                                                      | Jewelry                                            | rings                                              |            0.88 |            6155.77 |    1.7170759035040928
 AAAAAAAAKFBEAAAA | Likely husbands may go vaguely fun, mean forests. Acute, english efforts                                                                                                                                 | Jewelry                                            | rings                                              |            4.23 |              54.72 |   0.01526346719252733
 AAAAAAAAKIEBAAAA | Unchanged, secondary doors involve ago books. Fine things must not ensure in order. Fair, massive positions see holy toys. Current falls talk right, worthwhile stations. Level, special months          | Jewelry                                            | rings                                              |            0.89 |            7606.03 |     2.121607992879727
 AAAAAAAAKIGCAAAA | Initi                                                                                                                                                                                                    | Jewelry                                            | rings                                              |            6.34 |            7144.16 |    1.9927750690454322
 AAAAAAAAKKHCAAAA | High books support serious researchers. Much partial stars stimulate mental wings. Main days agree families; over prime of                                                                               | Jewelry                                            | rings                                              |             6.9 |           10630.83 |     2.965338540466654
 AAAAAAAAKKLAAAAA | Unique proceedings meet different studies. Usual specialists talk. Improvements notice. Solid features sho                                                                                               | Jewelry                                            | rings                                              |            1.72 |              45.24 |  0.012619138446453517
 AAAAAAAAKOEBAAAA | For example major animals locate from the rooms. Comments may l                                                                                                                                          | Jewelry                                            | rings                                              |            5.32 |           14020.47 |    3.9108366935090215
 AAAAAAAAKOEEAAAA | Also combined authorities might get bad, english police. Modules will shift actually american views. Mass, good d                                                                                        | Jewelry                                            | rings                                              |             6.1 | 2209.2200000000003 |    0.6162345941351468
 AAAAAAAALCECAAAA | Aware                                                                                                                                                                                                    | Jewelry                                            | rings                                              |            2.58 |            2210.45 |    0.6165776874218207
 AAAAAAAALCMDAAAA | Political, different resources can tr                                                                                                                                                                    | Jewelry                                            | rings                                              |            1.35 |             5300.5 |     1.478508915460364
 AAAAAAAALEDEAAAA | Public sources would get previous, big barriers. Long constitutional years must not educate never in a views. Successful workers walk then enough new applications. Anonymous, d                         | Jewelry                                            | rings                                              |           96.89 |            7361.16 |      2.05330453506843
 AAAAAAAAMAFCAAAA | Similarly other colleges used to signify home british, estimated communities; bas                                                                                                                        | Jewelry                                            | rings                                              |           20.44 |            5266.19 |    1.4689385653255755
 AAAAAAAAMBMBAAAA | Best equal payments like chiefly with a sums. As opposite resources should not convince culturally modules. So social policies like generally all similar workers.                                       | Jewelry                                            | rings                                              |            5.96 | 4389.4400000000005 |    1.2243799969584643
 AAAAAAAAMCJDAAAA | Clear, long-term cases can straighten ironically too foreign reports. Best grey characters should need right able sales. Up front poor police used to find                                               | Jewelry                                            | rings                                              |            0.54 |             937.46 |    0.2614928719719786
 AAAAAAAAMDODAAAA | Friends cry here. Services strike heads. Central, other operations ensure more active, gothic legs. Demands prove; producers cause. Beautiful concentrations express; english students could find. He    | Jewelry                                            | rings                                              |            9.29 | 3375.4799999999996 |    0.9415483961811429
 AAAAAAAAMEDAAAAA | New pp. should develop into the roles. Common, vital appeals should not make fully economic, funny investors. Groups thank more by the areas. Special times serve perhaps warm words.                    | Jewelry                                            | rings                                              |             1.6 | 7423.9400000000005 |     2.070816239570383
 AAAAAAAAMICBAAAA | Elements go special conditions. Special, normal clients could not speak. Somewhere united jobs could try. Regional rates neg                                                                             | Jewelry                                            | rings                                              |            3.94 |                9.6 |    0.0026778012618469
 AAAAAAAAMICDAAAA | Internal animals must                                                                                                                                                                                    | Jewelry                                            | rings                                              |            5.15 |           16276.61 |     4.540159041311445
 AAAAAAAAMIODAAAA | Political heels will publish most u                                                                                                                                                                      | Jewelry                                            | rings                                              |            3.09 |            7279.51 |     2.030529277461159
 AAAAAAAANNEBAAAA | Figures should go much blind, vital strategies; possible, new sessions might lead perhaps; projects call studies. Social,                                                                                | Jewelry                                            | rings                                              |            1.85 |           14892.42 |    4.1540563612452095
 AAAAAAAAOAFDAAAA | Negotiations avoid moral, strong animals. Fresh movements choose very with the groups. Points may hide yet european islands; just specific men can hear c                                                | Jewelry                                            | rings                                              |            7.13 |            6710.17 |    1.8717189263757512
 AAAAAAAAOBCDAAAA | Times like yesterday on the details. Emotional functions will find dollars; junior criticisms might                                                                                                      | Jewelry                                            | rings                                              |           79.79 |            5523.28 |    1.5406506409930985
 AAAAAAAAOIMAAAAA | Now fine areas play united schemes. Long-term days used to run all in a women. Single mon                                                                                                                | Jewelry                                            | rings                                              |            2.38 |  4778.759999999999 |    1.3329759956316136
 AAAAAAAAPBAAAAAA | In order small styles take else whole toys. Moreover old directors could change available shops. Already mixed attempts go c                                                                             | Jewelry                                            | rings                                              |            5.85 | 25630.019999999997 |     7.149177072620966
 AAAAAAAAPELBAAAA | Early brit                                                                                                                                                                                               | Jewelry                                            | rings                                              |            4.12 |              57.12 |  0.015932917507989055
 AAAAAAAAACNCAAAA | Cells prepare considerable advances. Social seconds may not come little, certain characteristics. Little trees work with a representatives. Long parties mi                                              | Jewelry                                            | semi-precious                                      |            3.48 | 2785.6600000000003 |     0.823390745590036
 AAAAAAAAADNAAAAA | Then academic games will become guilty programs. Accounts believe. Various, complete re                                                                                                                  | Jewelry                                            | semi-precious                                      |            7.42 |            1819.09 |    0.5376901242058895
 AAAAAAAAAEKDAAAA | Dear flats provide therefore dear changes. Ultimately unable balls emphasize really beautiful classes. Different, hot employees tur                                                                      | Jewelry                                            | semi-precious                                      |            2.85 |            2668.07 |    0.7886332670126314
 AAAAAAAAAHADAAAA | Matters meet on a styles. Greatly central exhibitions must accelerate across women. Current patients adopt nearly nuclear                                                                                | Jewelry                                            | semi-precious                                      |            1.05 |            1462.56 |   0.43230630043514384
 AAAAAAAAAIDCAAAA | Possible times might exist trying schools. Companies can let also women. Hard, foreign nations used to prot                                                                                              | Jewelry                                            | semi-precious                                      |            0.61 | 1389.3600000000001 |   0.41066970351477644
 AAAAAAAABNGCAAAA | Subsequently desirable professionals may not write annually economic possible games. New, constitutional miners help; ways enjoy occasionally both financial arrange                                     | Jewelry                                            | semi-precious                                      |           65.67 |           10817.94 |    3.1975875312666555
 AAAAAAAACCBAAAAA | Afraid streets cut red subject                                                                                                                                                                           | Jewelry                                            | semi-precious                                      |            7.14 |           16029.52 |     4.738036380696276
 AAAAAAAACCNCAAAA | So social feet open records. Men would act later statutory women. Often inc targets shall come rather                                                                                                    | Jewelry                                            | semi-precious                                      |            1.54 |            8018.64 |     2.370165048217688
 AAAAAAAACIFEAAAA | Hot, local books describe today magnetic, japanese animals. Local names give very; mistakes help suddenly often high months.                                                                             | Jewelry                                            | semi-precious                                      |            5.26 |             3120.9 |    0.9224816301745161
 AAAAAAAACIPDAAAA | High facts keep in                                                                                                                                                                                       | Jewelry                                            | semi-precious                                      |           73.38 |            2739.94 |    0.8098767399725604
 AAAAAAAACMJAAAAA | Sentences believe rapidly; statutory instruments shall improve else then used scales. O                                                                                                                  | Jewelry                                            | semi-precious                                      |            9.97 | 1822.9199999999998 |    0.5388222029791819
 AAAAAAAACMLBAAAA | Sufficient, considerable trees may not imagine today deaf competitors. Then free users f                                                                                                                 | Jewelry                                            | semi-precious                                      |            7.57 |  8555.380000000001 |    2.5288156907182073
 AAAAAAAACNHBAAAA | Local, foreign advantages will cut reportedly. Valid groups come; total, significant controls go in a modules. French, key photographs speed foreign games; future, remote interactions wo               | Jewelry                                            | semi-precious                                      |            3.48 |            4963.77 |    1.4672006925602739
 AAAAAAAACNHDAAAA | Then powerful ladies may occur as distinctive only words. Children must expire for a troops. Adverse, economic rights drea                                                                               | Jewelry                                            | semi-precious                                      |            1.04 |  9571.060000000001 |     2.829032340446059
 AAAAAAAADLKBAAAA | Men use too positive depths. Shared, diffe                                                                                                                                                               | Jewelry                                            | semi-precious                                      |               2 |            9008.02 |     2.662607893314315
 AAAAAAAAEGPDAAAA | Full mothers will not command very prime, select rights. Doors might receive national, able barriers. Deta                                                                                               | Jewelry                                            | semi-precious                                      |            2.97 | 17697.489999999998 |     5.231058164374763
 AAAAAAAAEICAAAAA | Then other circumstances minimise eventually; helpful honours migh                                                                                                                                       | Jewelry                                            | semi-precious                                      |            4.78 |  9418.609999999999 |    2.7839708759582167
 AAAAAAAAELBDAAAA | Else final operations can give decidedly in a employers. Over ultimate visitors will believe in a arrangement                                                                                            | Jewelry                                            | semi-precious                                      |             3.3 |           12330.08 |    3.6445487835503214
 AAAAAAAAEMJDAAAA | Fair, wide services put almost. Parents train addi                                                                                                                                                       | Jewelry                                            | semi-precious                                      |             8.7 |            2473.68 |    0.7311750965843496
 AAAAAAAAFDMCAAAA | Modern, urban territories might not ring that decisions. Also industrial bonds advise clean networks. Simple, heavy developments regard full shares; very associat                                       | Jewelry                                            | semi-precious                                      |            8.54 | 14170.630000000001 |     4.188582095869751
 AAAAAAAAFEKAAAAA | Police shall scrap there essential vegetables. Rates take then once tough owners. Extremely old authorities could fight well for certain international centuries. Bad, useful cities find                | Jewelry                                            | semi-precious                                      |            2.36 | 15664.880000000001 |     4.630255387512633
 AAAAAAAAFHHAAAAA | Implications may stop letters; north                                                                                                                                                                     | Jewelry                                            | semi-precious                                      |            6.05 |           13676.26 |    4.0424552595374825
 AAAAAAAAGCDAAAAA | Lovely ears used to learn narrow policies. Tools would alter now considerable lives. Great, political circumstance                                                                                       | Jewelry                                            | semi-precious                                      |            2.41 |             584.66 |   0.17281492835330597
 AAAAAAAAGDNDAAAA | Minutes could say difficult, national facilities. Largely critical others prove just royal, central characteristics. Diverse, professional resources should come desperate drawings. Reasons use         | Jewelry                                            | semi-precious                                      |            4.63 | 332.46000000000004 |   0.09826916683258664
 AAAAAAAAGMHAAAAA | Cuts could like thousands; long, urban advisers shall find too old cases; details switch t                                                                                                               | Jewelry                                            | semi-precious                                      |            0.33 |            1397.53 |   0.41308460784318357
 AAAAAAAAGOKBAAAA | Parents will clinch obviously downstairs british indicators. Important,                                                                                                                                  | Jewelry                                            | semi-precious                                      |            3.26 |            1650.02 |   0.48771608812219397
 AAAAAAAAHFNAAAAA | Labour conditions calculate just on the grounds; practical institutions produce; far major modules c                                                                                                     | Jewelry                                            | semi-precious                                      |            1.82 |           16721.34 |      4.94252586814776
 AAAAAAAAIEFAAAAA | Old, difficult leg                                                                                                                                                                                       | Jewelry                                            | semi-precious                                      |           98.01 |             996.26 |    0.2944764487416013
 AAAAAAAAIEIAAAAA | Swiss, only values should get sometimes profitable users. Important channels stay. P                                                                                                                     | Jewelry                                            | semi-precious                                      |            9.22 |           17504.24 |     5.173936957341144
 AAAAAAAAIFCCAAAA | Just different areas ought to win difficult, original children. Before natural examinations dismantle pre                                                                                                | Jewelry                                            | semi-precious                                      |             8.6 |            3131.01 |     0.925469963437698
 AAAAAAAAIFDBAAAA | Other architects take;                                                                                                                                                                                   | Jewelry                                            | semi-precious                                      |            1.54 |             7999.7 |    2.3645667265555055
 AAAAAAAAIHOAAAAA | Traditional, long companies build thus in a plans. Hardly immense methods eat sure in a centres. Additional employers should provide quietly. Conservative blues might try long at an pp..               | Jewelry                                            | semi-precious                                      |            3.31 |            4592.49 |     1.357457035393689
 AAAAAAAAIOAAAAAA | Natural, necessary shoulders work simply environmental places                                                                                                                                            | Jewelry                                            | semi-precious                                      |            1.94 | 2010.9099999999999 |    0.5943886490865572
 AAAAAAAAIOJAAAAA | Western, possible men talk meanwhile like heads. Rights will not worry actually parts. Encouraging, conventional circumstances give quite. Members could not wriggle at a me                             | Jewelry                                            | semi-precious                                      |             0.6 |            2503.59 |     0.740015951965336
 AAAAAAAAIPGDAAAA | Necessary heroes obtain unpleasant, recent businesses. Easy times wonder above main, final pupils. Loudly wrong buildings know                                                                           | Jewelry                                            | semi-precious                                      |            0.43 |            7133.11 |    2.1084183860470196
 AAAAAAAAIPKBAAAA | Accur                                                                                                                                                                                                    | Jewelry                                            | semi-precious                                      |            1.98 |            1916.26 |    0.5664118198719018
 AAAAAAAAJCFDAAAA | Eyes will ring                                                                                                                                                                                           | Jewelry                                            | semi-precious                                      |            8.43 |            1024.53 |    0.3028325497653552
 AAAAAAAAJGDEAAAA | Instead upper serv                                                                                                                                                                                       | Jewelry                                            | semi-precious                                      |           98.36 |              956.7 |   0.28278322778299836
 AAAAAAAAKBKBAAAA | Authorities relax respective, big societies. Without electrical jobs will weigh only easy public outcomes. There cor                                                                                     | Jewelry                                            | semi-precious                                      |            8.01 |           13021.98 |     3.849061917555816
 AAAAAAAAKCBDAAAA | Courses would play weeks; tired men identify also bright students. Young years could point once old funds; royal, different men should warm. Long,                                                       | Jewelry                                            | semi-precious                                      |            3.02 |             1573.2 |    0.4650094846328139
 AAAAAAAAKLFCAAAA | Critical, star sources see. Walls shall not recall at least with a wishes. Most private decis                                                                                                            | Jewelry                                            | semi-precious                                      |            0.51 |  4637.960000000001 |    1.3708971455298793
 AAAAAAAALEEDAAAA | Women                                                                                                                                                                                                    | Jewelry                                            | semi-precious                                      |            5.41 |             759.98 |    0.2246363514691367
 AAAAAAAALGBEAAAA | Corporate orders could not clear in particular official, national days. Variations would set recent, damp branches. Equally detailed building                                                            | Jewelry                                            | semi-precious                                      |           38.61 | 10472.169999999998 |    3.0953841690104333
 AAAAAAAALHBDAAAA | Authorities maintain perhaps. Formally national shops move only current relationships. Young requirements seem exactly wi                                                                                | Jewelry                                            | semi-precious                                      |            3.89 |             367.26 |   0.10855541782751539
 AAAAAAAALHDEAAAA | Subsequently past sales used to feel highly disti                                                                                                                                                        | Jewelry                                            | semi-precious                                      |            9.31 |            1218.83 |    0.3602641178203741
 AAAAAAAAMEFEAAAA | Communities reply modern, oth                                                                                                                                                                            | Jewelry                                            | semi-precious                                      |            0.95 |               8.96 |  0.002648414049269014
 AAAAAAAAMGBBAAAA | Most unlikely rivers provide. Spiritual relation                                                                                                                                                         | Jewelry                                            | semi-precious                                      |            8.19 |           17657.32 |     5.219184638441824
 AAAAAAAAMGIDAAAA | Short steps ought to find smoothly other arms. Economic, large groups will not appear. Neverth                                                                                                           | Jewelry                                            | semi-precious                                      |            9.05 |             160.06 |   0.04731084293816946
 AAAAAAAAMNOCAAAA | As fast services want more to a eyes; other rights may not stop to a families                                                                                                                            | Jewelry                                            | semi-precious                                      |            4.45 |            2758.86 |    0.8154691499962401
 AAAAAAAANIDBAAAA | Importantly true groups could appeal increasingly yet estimat                                                                                                                                            | Jewelry                                            | semi-precious                                      |            8.07 |            9986.21 |    2.9517431766686064
 AAAAAAAAOACBAAAA | Long, social systems can put hi                                                                                                                                                                          | Jewelry                                            | semi-precious                                      |             3.9 |            1269.17 |    0.3751437119320038
 AAAAAAAAOFLCAAAA | Subjects could not say certainly even blue cells. Secret, primary fields can start then homes. Small seats must cover at a parties. A                                                                    | Jewelry                                            | semi-precious                                      |            8.05 |            9312.58 |      2.75263032443545
 AAAAAAAAOGDCAAAA | Social, long views could not refuse secure, armed ministers. Quiet books used to                                                                                                                         | Jewelry                                            | semi-precious                                      |           82.39 |            3792.24 |    1.1209175997990988
 AAAAAAAAOHLCAAAA | Economic, open stru                                                                                                                                                                                      | Jewelry                                            | semi-precious                                      |            2.23 |            4532.78 |    1.3398078386434822
 AAAAAAAAOJMCAAAA | Specified words could not show from a settlements; wholly successful children stop other, great ways. Losses would not provide facilities. Specific, expert things would not look consider               | Jewelry                                            | semi-precious                                      |            1.97 |            7581.14 |     2.240847955968224
 AAAAAAAAPNIBAAAA | Others should not discern progressively most other shoulders. Still vital effects must start modern, new modules. At all significant minutes die all                                                     | Jewelry                                            | semi-precious                                      |            2.78 |            8545.71 |    2.5259574135020872
 AAAAAAAAAAEDAAAA | General men will pay all whole, particular men. Commercial, attractive others will track harder members; constantly local others may catch confidently also great demands. Inches                        | Jewelry                                            | womens watch                                       |            9.22 | 4593.0599999999995 |    1.1210204477023333
 AAAAAAAAADKDAAAA | Standards agree so amazing men; principles worry before statutory,                                                                                                                                       | Jewelry                                            | womens watch                                       |            5.58 |           10742.43 |    2.6218868658391092
 AAAAAAAAAEECAAAA | As pleasant illustrations avoid at least direct, judicial crews. Annual presents propose. Provisions execute weeks. Now northern links used to say symbolic, warm voices. Merely g                       | Jewelry                                            | womens watch                                       |            1.05 |            20693.6 |    5.0506522310993125
 AAAAAAAAAEJAAAAA | Too important police used to employ yet by the shadows. Other leaders could cause newly. New conditions may offer other beds; memories shall fit however main appointments. Only young em                | Jewelry                                            | womens watch                                       |            5.83 |            6923.15 |     1.689721604444621
 AAAAAAAAAHHDAAAA | Thereafter pink films should not say now social public words. Initial arms ought to get less common years. Affairs give. Camps might go anyway towns. Situations seek companies. Somehow serious grou    | Jewelry                                            | womens watch                                       |            5.69 |            1443.94 |    0.3524200130752282
 AAAAAAAAAIBCAAAA | Leading, small teams will conceive corporate, real others. Remarkable books change men. Only occasional cars make minutes. Nuclear periods present often                                                 | Jewelry                                            | womens watch                                       |            3.07 |            4995.21 |     1.219172523452159
 AAAAAAAAAJICAAAA | Still chief others should ride from a instruments. Big, following towns disclose variable fathers; indeed crucial posts may not float australian, general role                                           | Jewelry                                            | womens watch                                       |            2.69 |           12675.55 |     3.093700220740272
 AAAAAAAABDOBAAAA | Likely allies want under a fields. New, appropriate rights face adult children. Directly capital patients play old, ab                                                                                   | Jewelry                                            | womens watch                                       |            1.38 | 6640.9400000000005 |    1.6208430832526324
 AAAAAAAABKLDAAAA | Other countries would speak for example able gardens. High forces enter nevertheless english eyes. Unusual acids celebrate yet. Conclusions benefit                                                      | Jewelry                                            | womens watch                                       |            0.57 |            1538.34 |    0.3754600626855316
 AAAAAAAABMAAAAAA | As well original minutes distribute agai                                                                                                                                                                 | Jewelry                                            | womens watch                                       |            6.78 |                    |                      
 AAAAAAAABNKBAAAA | Alone, main cars used to give most; afraid quantities reply here futures. Various, lonely parts ca                                                                                                       | Jewelry                                            | womens watch                                       |            2.48 | 11375.560000000001 |     2.776413842637536
 AAAAAAAACAFBAAAA | Alread                                                                                                                                                                                                   | Jewelry                                            | womens watch                                       |           18.14 |             891.24 |    0.2175234514267673
 AAAAAAAACAIDAAAA | Perha                                                                                                                                                                                                    | Jewelry                                            | womens watch                                       |            7.19 |           11255.47 |     2.747103677831377
 AAAAAAAACDCDAAAA | Only, top words could make. Close, modern features examine fully; children shall think quite constant actions. Free men ought                                                                            | Jewelry                                            | womens watch                                       |            0.35 |            3818.49 |    0.9319724474199953
 AAAAAAAACFBDAAAA | Passive women ough                                                                                                                                                                                       | Jewelry                                            | womens watch                                       |            1.21 |             3660.4 |    0.8933876863724014
 AAAAAAAACIAEAAAA | Thousands might not regulate of course citizens. Positive, successful meanings can hear as paintings. Most urban meetings could not commemorat                                                           | Jewelry                                            | womens watch                                       |            2.81 |           12382.77 |    3.0222418973832315
 AAAAAAAACICEAAAA | Full, similar movements see very years. Attacks can agree naturally. Al                                                                                                                                  | Jewelry                                            | womens watch                                       |            1.06 |            2035.44 |    0.4967864256228392
 AAAAAAAACONDAAAA | Models share before finally high                                                                                                                                                                         | Jewelry                                            | womens watch                                       |            3.64 |           13046.85 |    3.1843227887519845
 AAAAAAAADGJBAAAA | Large, ready guns break perhaps years. Closer evident things settle religious, private modules. Stocks cause balls. Indeed only birds acquire clos                                                       | Jewelry                                            | womens watch                                       |            2.19 |           12628.19 |    3.0821411450035776
 AAAAAAAADIEEAAAA | Armed, great values help skilfully bizarre months. Sexual,                                                                                                                                               | Jewelry                                            | womens watch                                       |            5.83 |  6418.799999999999 |     1.566625746171776
 AAAAAAAAEAFCAAAA | Months may believe only so real men. Together still things would include ltd. volumes. Clinical officers drop long women; emotionally patient shoulders could hope by far. Misleading, good pictur       | Jewelry                                            | womens watch                                       |            4.72 |            1128.93 |    0.2755360509169476
 AAAAAAAAECHDAAAA | Private months ask then items. New rates get at the substances. Perfect, nice families must not ar                                                                                                       | Jewelry                                            | womens watch                                       |           42.99 | 4241.7699999999995 |    1.0352816868167032
 AAAAAAAAEDJAAAAA | Shelves ask most particular, future manufacturers. Co                                                                                                                                                    | Jewelry                                            | womens watch                                       |            5.58 |            6274.72 |    1.5314603823174064
 AAAAAAAAEJGBAAAA | Other organisms survive then. Ever healthy actions used to tell monthly useful reasons. Simply                                                                                                           | Jewelry                                            | womens watch                                       |            4.03 |            8699.06 |    2.1231649784216757
 AAAAAAAAEKBBAAAA | Purposes agree operators. Always available methods mean of course soviet members. Really legal pro                                                                                                       | Jewelry                                            | womens watch                                       |            1.34 |           13710.66 |     3.346337781673759
 AAAAAAAAEKOBAAAA | Healthy events give recently local, interesting genes; even impossible purposes would tell at a tasks. Emotional, light guests prohibit years; more strange times wait necessarily tragic authori        | Jewelry                                            | womens watch                                       |            3.81 |            4905.62 |    1.1973064424713638
 AAAAAAAAELDBAAAA | Particular options pay facilities. Likely disputes may suffer. Over straight costs balance so medium documents. New, full rises would accept very european pieces; complete p                            | Jewelry                                            | womens watch                                       |            4.84 |            1919.06 |   0.46838175429183165
 AAAAAAAAEMFCAAAA | Barely early studies speak to a plants; new persons shall take doubtless huge, odd changes. Average doors should say finally for a kinds. Major republics                                                | Jewelry                                            | womens watch                                       |            3.46 |            3494.16 |    0.8528137684993417
 AAAAAAAAEOKDAAAA | Seats                                                                                                                                                                                                    | Jewelry                                            | womens watch                                       |            0.59 |            3375.63 |    0.8238843502757265
 AAAAAAAAFEGEAAAA | Long, certain hundreds buy too happy, spanish terms. Houses may help much with a investors. Comprehensive, thin sectors participate firmly worldwide rough re                                            | Jewelry                                            | womens watch                                       |            2.34 |              97.13 |  0.023706356129753945
 AAAAAAAAFKAEAAAA | High, new machines should wash addresses. Medium decisions could not catch as great police. Personal institutions might win. Police think so; available, tiny pages must seem really fortunate, a        | Jewelry                                            | womens watch                                       |            4.07 |            9754.31 |    2.3807180753631236
 AAAAAAAAFLJDAAAA | Theoretical, industrial lights may not take however places. Little are                                                                                                                                   | Jewelry                                            | womens watch                                       |            6.62 |            3604.92 |    0.8798467758599052
 AAAAAAAAGBMBAAAA | Dead, united churches must follow just. Completely e                                                                                                                                                     | Jewelry                                            | womens watch                                       |             4.4 |            1321.28 |    0.3224825926811623
 AAAAAAAAGBNDAAAA | Much agricultural blacks suit; regional                                                                                                                                                                  | Jewelry                                            | womens watch                                       |             8.6 |                    |                      
 AAAAAAAAGECCAAAA | Magnificent colours go for a purposes; easily public results used to look just. Etc certain hours will not know none the less characters. Units might in                                                 | Jewelry                                            | womens watch                                       |            9.21 | 1863.0200000000002 |    0.4547041655189355
 AAAAAAAAGIFAAAAA | Considerable hills represent finally special                                                                                                                                                             | Jewelry                                            | womens watch                                       |           22.85 |            4640.24 |    1.1325355911410424
 AAAAAAAAGKEAAAAA | Just new cells underline even in a connections. Narrow, direct others o                                                                                                                                  | Jewelry                                            | womens watch                                       |            6.59 |            6418.68 |     1.566596457973119
 AAAAAAAAGPHAAAAA | Feelings lock early, other units. Particul                                                                                                                                                               | Jewelry                                            | womens watch                                       |            0.68 | 3211.4799999999996 |    0.7838205351959455
 AAAAAAAAHOBAAAAA | Outdoor lips would not expect relations; syst                                                                                                                                                            | Jewelry                                            | womens watch                                       |             4.3 |  889.6199999999999 |   0.21712806074489552
 AAAAAAAAIGPAAAAA | Allegedly permanent workers shall last of course active cases; areas might flush just about a fingers. Other tears will promise jointly on behalf of a fragments. However objective months stay          | Jewelry                                            | womens watch                                       |            6.62 |            5706.74 |    1.3928344567065998
 AAAAAAAAILDDAAAA | Slight, whol                                                                                                                                                                                             | Jewelry                                            | womens watch                                       |            2.61 |           11064.07 |    2.7003890009731983
 AAAAAAAAILEDAAAA | Substantial, agricultural plans rise finely with a awards; long, criminal words talk yet hands. Samples see here absolutely political                                                                    | Jewelry                                            | womens watch                                       |            3.78 | 1307.3799999999999 |   0.31909004300337396
 AAAAAAAAIMIAAAAA | Above concerned teachers go happy, historical exercises. Anywhere chief purposes can create however conditions. Possible points would come so. Owners should pay                                         | Jewelry                                            | womens watch                                       |            0.64 |             4363.5 |    1.0649921236711761
 AAAAAAAAIPIAAAAA | Words order. Ironically worried offenders make as external aspects. Wo                                                                                                                                   | Jewelry                                            | womens watch                                       |            3.25 |            1061.94 |   0.25918591401658503
 AAAAAAAAJACCAAAA | Restaurants get never. White, pri                                                                                                                                                                        | Jewelry                                            | womens watch                                       |            1.51 |            4227.96 |    1.0319111032879078
 AAAAAAAAJBDAAAAA | Previous barriers would test forward bare books; sheer years might run difficult, small friends. Able services speak long things. Doubts shall plan seeds. Times us                                      | Jewelry                                            | womens watch                                       |            8.51 |            5446.62 |     1.329347404750751
 AAAAAAAAJDDEAAAA | Rather slight prisons enact main borders. No longer social steps expect readers. Full, guilty products t                                                                                                 | Jewelry                                            | womens watch                                       |            0.33 |            7043.87 |    1.7191855322937293
 AAAAAAAAJFKBAAAA | Frequently roman beliefs develop just joint b                                                                                                                                                            | Jewelry                                            | womens watch                                       |            8.67 |            9095.09 |     2.219823356039986
 AAAAAAAAJOJCAAAA | Wide, little workers stand rich, payable authorities. New, full stages wait in a leaders. Har                                                                                                            | Jewelry                                            | womens watch                                       |            1.23 |           10788.04 |    2.6330188220120534
 AAAAAAAAKADDAAAA | Wild rates say. Studies will incorporate about a functions. Easy glad leaves ask also friends. Political risks should answer even; studies may not provide together broken areas                         | Jewelry                                            | womens watch                                       |            8.98 |  8063.820000000001 |    1.9681230174635282
 AAAAAAAAKHPCAAAA | Places like actually places; considerable id                                                                                                                                                             | Jewelry                                            | womens watch                                       |            8.27 |             573.85 |    0.1400586066617863
 AAAAAAAAKOBDAAAA | Regular arguments ought to follow. Provincial friends make then solid tasks. Benefits see usually only exciting conditions. Here early trees like criminal, special s                                    | Jewelry                                            | womens watch                                       |            5.43 |            3799.23 |    0.9272716915355202
 AAAAAAAALAFAAAAA | Significant, living children investigate little fast workers; indee                                                                                                                                      | Jewelry                                            | womens watch                                       |            0.63 |            4587.38 |     1.119634139632561
 AAAAAAAALAOAAAAA | Possible months make great, fresh universities. Yesterday recent banks work then. Normal suggestions must choose little, costly techniques.                                                              | Jewelry                                            | womens watch                                       |            1.28 |            1763.56 |    0.4304291301985882
 AAAAAAAALLOBAAAA | Old, comparable standards will believe. Specialist secrets burst ago; improvements hear again too ameri                                                                                                  | Jewelry                                            | womens watch                                       |            1.29 |            1058.21 |   0.25827553917499146
 AAAAAAAAMDJCAAAA | Necessary, new organisms satisfy thereafter poor topics. H                                                                                                                                               | Jewelry                                            | womens watch                                       |            3.56 |            6525.24 |     1.592604378380682
 AAAAAAAAMDOCAAAA | Capital reasons take new ca                                                                                                                                                                              | Jewelry                                            | womens watch                                       |            2.07 |            6320.37 |    1.5426021012232365
 AAAAAAAAMFFBAAAA | Members upset right confident bacteria. Successful, similar customers let very. British, vulnerable definitions can damage. Concerned, moving conditions might not                                       | Jewelry                                            | womens watch                                       |            4.54 |            1380.68 |    0.3369802510164592
 AAAAAAAAMHHDAAAA | Societies may try well others. Other, excellent affairs would present now light amounts. New seeds a                                                                                                     | Jewelry                                            | womens watch                                       |            8.29 |  6907.580000000001 |     1.685921460668854
 AAAAAAAAMIHBAAAA | Originally illegal cases afford sentences. Children admit so. Quite central men must forget under slightly true guns. Odd hopes read                                                                     | Jewelry                                            | womens watch                                       |             5.2 |            9723.75 |    2.3732593474384323
 AAAAAAAAMJACAAAA | Again new homes might not win nuclear, australian investments. Giant,                                                                                                                                    | Jewelry                                            | womens watch                                       |            9.38 |           10769.54 |     2.628503558052407
 AAAAAAAANFDEAAAA | Old kids might not bring then to the hour                                                                                                                                                                | Jewelry                                            | womens watch                                       |            5.17 |            2178.11 |    0.5316076531429874
 AAAAAAAANHLAAAAA | Catholic, nuclear schools can ask better culturally other shares. Ultimately american instructions may not know already shapes; royal friend                                                             | Jewelry                                            | womens watch                                       |            1.12 |            2642.37 |    0.6449188123811174
 AAAAAAAAOCJDAAAA | Fascinating services indicate. However previous terms mean great, possible sales. Just new creatures ignore certainly new demands. Courses could not give tog                                            | Jewelry                                            | womens watch                                       |            2.29 |            5970.86 |    1.4572977819510209
 AAAAAAAAODCEAAAA | Apart automatic results remain. Far basic operations can                                                                                                                                                 | Jewelry                                            | womens watch                                       |             6.4 |            28675.6 |     6.998805578445097
 AAAAAAAAOHIDAAAA | Video-tape                                                                                                                                                                                               | Jewelry                                            | womens watch                                       |            4.55 | 4626.4800000000005 |    1.1291772110283542
 AAAAAAAAOODDAAAA | Old stones increase also causal links. New costs cover otherwise even mature girls. Things eme                                                                                                           | Jewelry                                            | womens watch                                       |            2.27 |             8780.2 |    2.1429686820803626
 AAAAAAAAPMMBAAAA | Early sig                                                                                                                                                                                                | Jewelry                                            | womens watch                                       |            1.93 |            7959.58 |     1.942681335563337
 AAAAAAAADKGAAAAA |                                                                                                                                                                                                          | Jewelry                                            |                                                    |            0.53 |              378.8 |    2.2746515663750295
 AAAAAAAAAABBAAAA | Together serious bodies send all right suspicious, symbolic recommendations. Often significant tables will not kiss wet, following li                                                                    | Men                                                | accessories                                        |            6.95 |            1715.02 |   0.15237521672567442
 AAAAAAAAABLCAAAA | Years b                                                                                                                                                                                                  | Men                                                | accessories                                        |            9.85 |              63.85 | 0.0056729120289759375
 AAAAAAAAABPDAAAA | Swiss, old changes like only most only projects. Eagerly enormous variations think; central, primary ministers can assess strong, various walls; top books use most tall                                 | Men                                                | accessories                                        |           87.44 |              713.3 |   0.06337491229864584
 AAAAAAAAACACAAAA | Labour terms pay. Different, valid children find corners; currently medical institutions suspect wide basic payments. Underlying, free events give more very social moments; u                           | Men                                                | accessories                                        |           19.88 |           11559.34 |    1.0270183074866517
 AAAAAAAAACFAAAAA | Right only lights vote. Never aware months would stay most about a years. European sales produce still fortunate                                                                                         | Men                                                | accessories                                        |            2.38 |             279.65 |  0.024846199669586854
 AAAAAAAAACKBAAAA | Fundamental, available styles shall not find more grounds; issues can identify in the processes. Conditions lure stations; separate, clear properties see national, great options. More par              | Men                                                | accessories                                        |            8.98 |            5967.45 |    0.5301929348052069
 AAAAAAAAADOCAAAA | Delighted, small demands would take policies. Differen                                                                                                                                                   | Men                                                | accessories                                        |            5.61 |  7523.039999999999 |    0.6684031967183576
 AAAAAAAAAEGDAAAA | Better british beliefs know. Now considerable museums can tender just fundamental alive patients. So-called conditions make actually different, important eyes. Partially final sta                      | Men                                                | accessories                                        |            0.82 | 3442.0399999999995 |    0.3058166032923466
 AAAAAAAAAGJBAAAA | Nations release most modern men. No longer past proposals may not post very since a lives. Similar, economic beliefs shall obscure at a principles. Hopes may feel here already                          | Men                                                | accessories                                        |            4.82 | 12949.759999999998 |    1.1505536300133348
 AAAAAAAAAGNDAAAA | Quietly distant periods should continue for a contracts. Different lights                                                                                                                                | Men                                                | accessories                                        |            9.48 | 12710.650000000001 |    1.1293093074565859
 AAAAAAAAAHDBAAAA | Light, new theories might not c                                                                                                                                                                          | Men                                                | accessories                                        |            0.13 |            4830.03 |   0.42913602642622783
 AAAAAAAAAHDEAAAA | Only new negotiations could not hold structures. Public, british years depart no                                                                                                                         | Men                                                | accessories                                        |             0.8 |            1994.44 |   0.17720098147330884
 AAAAAAAAAJABAAAA | Then interesting benefits tell etc to a children. Past, different lists can greet still                                                                                                                  | Men                                                | accessories                                        |            8.33 |            1528.96 |    0.1358442533410031
 AAAAAAAAAJEBAAAA | Strong, simple categories may not get that is red, single ideas. Possible customers try overall women. In addition political guns will forget administrat                                                | Men                                                | accessories                                        |            9.07 |            3285.42 |   0.29190130991759006
 AAAAAAAAAJKDAAAA | British, common houses close frequently reasonable, physical residents. Personal elections ought to meet usually paintings. Members could not go regularly with a                                        | Men                                                | accessories                                        |            1.54 |              22.23 | 0.0019750796304484745
 AAAAAAAAAKGBAAAA | Most fun conferences shall replace inside integrated, considerable jobs; also bright times shall comment together private, permanent companies; languages pull relations. Feet shall see                 | Men                                                | accessories                                        |            1.58 | 5731.7699999999995 |    0.5092533591280095
 AAAAAAAAALDCAAAA | Others know children. Students would afford much on a brothers. Animal                                                                                                                                   | Men                                                | accessories                                        |            6.58 |            3206.21 |    0.2848637004921369
 AAAAAAAAALMDAAAA | Costs would seek; great regions shall wait however; often satisfactory systems should not say particularly. So fine areas would decide from time to time tired pro                                       | Men                                                | accessories                                        |           77.17 |           11192.27 |    0.9944050605253957
 AAAAAAAAANDEAAAA | Groups should seem basic, rational stores. Months should not hope finally mice. Possible, northern employees become long by a stages. Responsible, permanent rooms go slowly at a                        | Men                                                | accessories                                        |            1.75 |            6662.42 |    0.5919392726717285
 AAAAAAAAAPMBAAAA | Supreme institutions identify dead, southern workshops. Rare, preliminary men could not create local reasons; less ambitious sect                                                                        | Men                                                | accessories                                        |            3.01 |            1660.09 |   0.14749482427850688
 AAAAAAAABAADAAAA | Inc, possible companies cannot know. Virtually good players must help women. New men may not satisfy daughters. Northern, great others confirm just in a methods. Complicat                              | Men                                                | accessories                                        |            0.98 |            2571.57 |   0.22847753150123185
 AAAAAAAABBKBAAAA | Available, traditional bottles cannot pick more various kings. Recently impossible decisions used to use fully full red arms; fit, modern shops possess inter                                            | Men                                                | accessories                                        |            3.73 |            2759.35 |   0.24516131256311283
 AAAAAAAABBLDAAAA | Expected, southern institutions ensure also able points. Years foll                                                                                                                                      | Men                                                | accessories                                        |            3.06 |            8128.95 |    0.7222367774149404
 AAAAAAAABFABAAAA | Dear specimens live now clear, ill societies. Negative, old developments can meet at the words. Even waiting questions may matter ultimately various available constraints. Loose similar demands wil    | Men                                                | accessories                                        |           86.05 |            1389.59 |   0.12346157911268087
 AAAAAAAABHPCAAAA | Uncomfortable spirits can see private, southern contents. Dark men can fill easily others. Deals might go; days would not check slowly crucial researchers                                               | Men                                                | accessories                                        |            0.96 |            11119.6 |    0.9879485136632864
 AAAAAAAABJGDAAAA | Outside international aims promise less young examples. Likely organs must bring slightly northern, national foods. Head students dismiss more. Royal centres                                            | Men                                                | accessories                                        |            4.26 |            5240.73 |    0.4656256892343784
 AAAAAAAABKLAAAAA | Given books will list more by a changes. Far green shoes can see etc old electric acts. Public variables would not hear so implicit hands. Right patients destroy by the homes. As coloured beings       | Men                                                | accessories                                        |            8.36 |            1994.35 |   0.17719298519950136
 AAAAAAAABPGAAAAA | Cold problems must not interpret always alone years. Best american suc                                                                                                                                   | Men                                                | accessories                                        |            8.31 |            1337.31 |   0.11881663250540032
 AAAAAAAACBCCAAAA | All but secure conditions might maintain northern respons                                                                                                                                                | Men                                                | accessories                                        |            1.05 |            6252.68 |    0.5555349034508578
 AAAAAAAACCBDAAAA | Still social magistrates shock completely children; red, able dogs define however. Peacefully free communications reappear most sure lives. Surprisingly superb roads say                                | Men                                                | accessories                                        |            2.34 |             229.44 |  0.020385167359878453
 AAAAAAAACCGBAAAA | Good, different tourists make abstract                                                                                                                                                                   | Men                                                | accessories                                        |           19.74 |            9471.64 |    0.8415314093990548
 AAAAAAAACCICAAAA | Difficult, powerful decisions see precisely reactions. Patient, big associations work stories; good audiences might adopt just old children. Key indians want more wrong, enthusiastic                   | Men                                                | accessories                                        |            8.98 |  7495.499999999999 |    0.6659563369332675
 AAAAAAAACDHCAAAA | Lips mean front, external appeals. Usually particular ideas ought to escape softly hot months. Organisations will find amongst a plants                                                                  | Men                                                | accessories                                        |            9.56 | 14775.710000000001 |     1.312784698444167
 AAAAAAAACDOAAAAA | Political, early animals cannot fit strong, able substances. Low generations used to deny wrong, experimental proposals. Available facilities stop privatel                                              | Men                                                | accessories                                        |             7.6 |             756.71 |   0.06723178169845546
 AAAAAAAACEJBAAAA | Only, major words assess                                                                                                                                                                                 | Men                                                | accessories                                        |             1.9 | 17695.379999999997 |    1.5721900400830104
 AAAAAAAACELAAAAA | Delicate, linguistic things lead so there european leaders. Then available children guarantee private, future metals; often important shops cannot accept ever so good sure members. O                   | Men                                                | accessories                                        |            5.37 |            2241.12 |   0.19911787950475415
 AAAAAAAACFGDAAAA | So re                                                                                                                                                                                                    | Men                                                | accessories                                        |            6.29 |                    |                      
 AAAAAAAACFHAAAAA | Effectively royal years should not finish for example images. Neither main members shall not choose via a circles. Members ought to stay apparently musical, modern networks; sci                        | Men                                                | accessories                                        |            0.46 |             8619.8 |     0.765847566286089
 AAAAAAAACGFBAAAA | G                                                                                                                                                                                                        | Men                                                | accessories                                        |            2.31 |              10.08 | 0.0008955826664381746
 AAAAAAAACHEEAAAA | European wives take cert                                                                                                                                                                                 | Men                                                | accessories                                        |           97.89 | 15439.060000000001 |    1.3717216787796593
 AAAAAAAACIBAAAAA | Perhaps strong miles must try opportunities. Fingers change married, wild sums. Cu                                                                                                                       | Men                                                | accessories                                        |            9.19 |            2157.36 |   0.19167601401458934
 AAAAAAAACIBCAAAA | Cars break just but for a functions. Please new feelings know long, available powers. Continental, long-term birds know above busy, modern                                                               | Men                                                | accessories                                        |            8.26 | 7087.2300000000005 |    0.6296825735179191
 AAAAAAAACJFEAAAA | Arts get big matters. Available, new contracts would not fall sadly                                                                                                                                      | Men                                                | accessories                                        |           94.02 |  7853.660000000001 |    0.6977779527875829
 AAAAAAAACKNDAAAA | Workers mi                                                                                                                                                                                               | Men                                                | accessories                                        |            7.54 |           16615.96 |     1.476286285935521
 AAAAAAAACLLCAAAA | Rights may not deceive historical, major effects. Very masses must talk surely firstly married circums                                                                                                   | Men                                                | accessories                                        |            3.49 |            1106.76 |   0.09833284443522958
 AAAAAAAACMIDAAAA | Competitive, vast posts hear to a institutions; slightly spanish genera                                                                                                                                  | Men                                                | accessories                                        |            9.38 |             299.28 |    0.0265902758344858
 AAAAAAAACNDEAAAA | Techniques dismantle moral, upper lips. Following, junior results miss; areas will refute ago altogether social schools. Brutally economic thousands can take angrily else single weeks; private client  | Men                                                | accessories                                        |            4.98 |            9599.16 |    0.8528612409093917
 AAAAAAAACNFDAAAA | Legal things live; thick expenses shall move however current circumstances. There unchanged others know there on a g                                                                                     | Men                                                | accessories                                        |            6.36 |            4928.54 |    0.4378883923459525
 AAAAAAAACOJBAAAA | Surprised                                                                                                                                                                                                | Men                                                | accessories                                        |            3.29 |            1601.73 |   0.14230968495178745
 AAAAAAAACPBCAAAA | Previous shoes produce immense grounds. Black, narrow friends may not give about for a procedures; above possible events lend changes. Thus indirect buildings would resolve forwards also               | Men                                                | accessories                                        |            0.24 |            6803.22 |     0.604448998806103
 AAAAAAAACPLDAAAA | Able, british pupils cannot increase also now just times.                                                                                                                                                | Men                                                | accessories                                        |            7.57 |               1848 |   0.16419015551366534
 AAAAAAAADECEAAAA | Else young disciplines come children. Front numbers would not rest of course with a years; more acceptable                                                                                               | Men                                                | accessories                                        |            0.51 | 3207.8599999999997 |   0.28501029884527407
 AAAAAAAADEPDAAAA | Specific, short boards r                                                                                                                                                                                 | Men                                                | accessories                                        |            4.48 |            2224.44 |   0.19763590342576717
 AAAAAAAADLHBAAAA | Changes cannot appeal now. Beautiful, good days can know currently paymen                                                                                                                                | Men                                                | accessories                                        |            3.16 |            3594.35 |    0.3193489639992116
 AAAAAAAADNMDAAAA | Similar, strategic fields may encourage. Then long changes must not see th                                                                                                                               | Men                                                | accessories                                        |            4.51 |             922.98 |   0.08200445332034786
 AAAAAAAAEAGDAAAA | Clear, little newspapers note across with a shops. True, certain words increase yesterday rates; happy items insert fast, old services. Services race. Aspec                                             | Men                                                | accessories                                        |            2.72 |            4715.36 |   0.41894788512062603
 AAAAAAAAEBBEAAAA | Single years may not classify thus heavy seats. Traditional artists will come immediately from the cattle. Systems might not concentrate really outside children. Certain, secret copies includ          | Men                                                | accessories                                        |           77.55 |            7253.42 |    0.6444481373408715
 AAAAAAAAEBCAAAAA | Clothes would not frustrate much practical, environmental examples. So happy words shall get ne                                                                                                          | Men                                                | accessories                                        |            5.63 |  8826.369999999999 |     0.784200791623999
 AAAAAAAAEDDAAAAA | Faces pick to the notes. Old rules should not tax french pounds. Common,                                                                                                                                 | Men                                                | accessories                                        |            9.88 | 2526.9100000000003 |   0.22450960274298493
 AAAAAAAAEDPAAAAA | Sure yellow ages ought to hear then; only good years enable into a patterns. Real titles care. Unique, following friends form exactly employees; values would sell really throu                          | Men                                                | accessories                                        |             0.3 |              242.9 |  0.021581054531531012
 AAAAAAAAEDPBAAAA | Sat                                                                                                                                                                                                      | Men                                                | accessories                                        |            6.13 |  6651.759999999999 |    0.5909921584629754
 AAAAAAAAEEOBAAAA | Kids become to a sides. Unfortuna                                                                                                                                                                        | Men                                                | accessories                                        |            1.07 | 1286.2399999999998 |   0.11427919135708706
 AAAAAAAAEEPCAAAA | Old groups work other, major rewards. Applications shall not come over here proposals. Systems can discuss complete cases. Almost politica                                                               | Men                                                | accessories                                        |            4.95 |           16398.57 |     1.456971730790978
 AAAAAAAAEFCAAAAA | Never main names retain obvious, female circumstances. Values ought to kill generally economic cells. Industries drink to a friends. Recently big                                                        | Men                                                | accessories                                        |            2.07 |            2194.11 |   0.19494115915264518
 AAAAAAAAEFDCAAAA | C                                                                                                                                                                                                        | Men                                                | accessories                                        |            5.66 |  6076.589999999999 |     0.539889749509082
 AAAAAAAAEGAAAAAA | So equal c                                                                                                                                                                                               | Men                                                | accessories                                        |            5.29 |           11713.31 |    1.0406981550215213
 AAAAAAAAEHIAAAAA | Mainly retail plants purchase too particular, absolute instructions. High shoes move. Feet break well central leader                                                                                     | Men                                                | accessories                                        |            3.42 | 13630.529999999999 |    1.2110383335680093
 AAAAAAAAEHJDAAAA | Social conditions would lean ironically very commercial others. Upper styles top both systems. Systems step also together other                                                                          | Men                                                | accessories                                        |            2.68 |            1816.28 |    0.1613719132339611
 AAAAAAAAEIHAAAAA | Genes gain star criteria. Probably comparative facilities should not prove almost ancient, beautiful cameras. Games fin                                                                                  | Men                                                | accessories                                        |           79.42 |            1584.64 |   0.14079128140323305
 AAAAAAAAEJBDAAAA | Conditions publish shortly. Monthly, independent nerves might rank most foreign eyes. Dead, distant minutes cannot need newly in order royal ministers. Impo                                             | Men                                                | accessories                                        |            1.65 |            6744.48 |    0.5992300974344187
 AAAAAAAAELCCAAAA | Possible proceedi                                                                                                                                                                                        | Men                                                | accessories                                        |            1.27 |            2546.84 |    0.2262803331539088
 AAAAAAAAENIDAAAA | Rules forget now modern minutes. Special, available agencies could discharge heavily physical applications. Other, educational areas could not charge as by a eyes. Balls exist now with a projects. L   | Men                                                | accessories                                        |            2.57 |            3710.51 |   0.32966948806007057
 AAAAAAAAEOBEAAAA | Too wrong years used to know; later main fingers take just about techniques. Strong, de                                                                                                                  | Men                                                | accessories                                        |            0.66 |            1579.32 |     0.140318612773724
 AAAAAAAAFADCAAAA | Still joint goods might upset other, local titles; however literary futures might not insist of course siz                                                                                               | Men                                                | accessories                                        |            5.21 |             665.52 |   0.05912977938173948
 AAAAAAAAFAFDAAAA | Even complex sets would make effectively teeth. Economic, national libraries maintain along a brothers. Tasks should get adequately good e                                                               | Men                                                | accessories                                        |            0.72 |              754.8 |   0.06706208299876332
 AAAAAAAAFEBAAAAA | Sweet practices provide on the hours. Direct, internation                                                                                                                                                | Men                                                | accessories                                        |            4.88 |            3461.04 |    0.3075047055405932
 AAAAAAAAFECCAAAA | Artists let friends; years provide as considerable co                                                                                                                                                    | Men                                                | accessories                                        |             2.7 |              308.2 |  0.027382795416294188
 AAAAAAAAFEGBAAAA | Kinds must claim theoretical detectives. Applications present prime, other systems; slowly single factors should not accompany factories. Busy, international days                                       | Men                                                | accessories                                        |            0.23 |              65.76 |  0.005842610728668093
 AAAAAAAAFIECAAAA | Then economic plants work more military eyes. More clear details fuck slowly humans. Educational, able areas cannot kill almost items. Olympic, old troops ensure please implicit places. Unusual, poli  | Men                                                | accessories                                        |            5.58 |             1687.4 |   0.14992124914164442
 AAAAAAAAFJHBAAAA | Complete, double products should not know long on the cultures. Soon medical eyes know objectively. Exciting, encouraging applications should go here quite different strengths. O                       | Men                                                | accessories                                        |            2.73 |            1687.35 |   0.14991680676730695
 AAAAAAAAFOCBAAAA | Left other names may turn for a matches. Mean products used to delay by a terms. Substantially elderly employees can want never just familiar pp.; direct orders must prove along the types. Together w  | Men                                                | accessories                                        |            2.71 |            2447.76 |   0.21747732416673676
 AAAAAAAAFPMCAAAA | Thanks condemn also less new trains. Responses take sure artistic birds; things manipulate so english, lucky years. Largely original results murder; often irish ladies will know today including a a    | Men                                                | accessories                                        |            7.09 | 2959.7400000000002 |     0.262965460432909
 AAAAAAAAGAICAAAA | Positive compani                                                                                                                                                                                         | Men                                                | accessories                                        |            9.43 |            7983.76 |    0.7093370108137342
 AAAAAAAAGBBDAAAA | Turkish payments must support too from a trees. Other advantages can look relations. Individual bonds m                                                                                                  | Men                                                | accessories                                        |            3.81 |           10303.07 |    0.9154018753074568
 AAAAAAAAGBDEAAAA | Public, alone issues can love                                                                                                                                                                            | Men                                                | accessories                                        |            6.46 |            2859.58 |    0.2540664961600472
 AAAAAAAAGBIBAAAA | British, sad elections should like now by a practices; industrial, considerable pockets might talk here legal members. Freshly recent resources invest just clean stages. Pairs                          | Men                                                | accessories                                        |            1.38 |                    |                      
 AAAAAAAAGCCBAAAA | Objects might lift considerably visible weeks. S                                                                                                                                                         | Men                                                | accessories                                        |            1.69 |            1131.03 |   0.10048917293864769
 AAAAAAAAGCEEAAAA | Free barriers could mi                                                                                                                                                                                   | Men                                                | accessories                                        |            2.58 |            4367.84 |     0.388071606525329
 AAAAAAAAGDDCAAAA | Relatively true wives oug                                                                                                                                                                                | Men                                                | accessories                                        |            8.23 | 15209.880000000001 |    1.3513596117663356
 AAAAAAAAGDNBAAAA | Permanent attempts intend very prob                                                                                                                                                                      | Men                                                | accessories                                        |            5.89 |             2916.8 |    0.2591503493518718
 AAAAAAAAGEGEAAAA | However early companies may not find in a women. Hands go else unusual lands. Labour leaders could store. Concerned sentences add at all in a belief                                                     | Men                                                | accessories                                        |            5.27 |            4512.09 |    0.4008878564889904
 AAAAAAAAGEKAAAAA | Special hotels cannot call also tiny, automatic years. Massive groups snap well bloody, level honours. Nerves focus                                                                                      | Men                                                | accessories                                        |            7.77 |            5740.42 |    0.5100218898883955
 AAAAAAAAGEOCAAAA | Existing ideas shall see twice simple classes. Rivals can impose just chin                                                                                                                               | Men                                                | accessories                                        |            0.25 |            4874.82 |   0.43311550535775223
 AAAAAAAAGJFAAAAA | So other doctors hammer otherwise amazing, magic premises. British inches used to lift words; worse great functions throw                                                                                | Men                                                | accessories                                        |             2.1 |            3972.81 |    0.3529741838345481
 AAAAAAAAGJIDAAAA | Please successful photographs know certainly as well free decisions. Deaths should wait above within a things. True, specia                                                                              | Men                                                | accessories                                        |            8.95 |            8332.89 |    0.7403563338626985
 AAAAAAAAGKGDAAAA | Peaceful refugees pay today. Complex, very differences might tighten years. D                                                                                                                            | Men                                                | accessories                                        |            6.14 | 1904.8400000000001 |   0.16924024666052506
 AAAAAAAAGMMBAAAA | Personal, wide                                                                                                                                                                                           | Men                                                | accessories                                        |            7.62 |            2687.46 |   0.23877406674066834
 AAAAAAAAGPOAAAAA | Interesting, sympathetic profits remember now democratic, appropriate characters. Ahead experimental angles woul                                                                                         | Men                                                | accessories                                        |            3.08 | 1979.5900000000001 |   0.17588159629507402
 AAAAAAAAHCABAAAA | Central, possible governments want fast. Main terms put rates. Then bloody hands lose even to a girls; little handsome banks fight; personal centres see even helpful steps. Rich parents could want     | Men                                                | accessories                                        |           41.91 |            1012.52 |   0.08995985728392665
 AAAAAAAAHHCDAAAA | Very great months answer clear crews; base things must take currently different courses. Military sol                                                                                                    | Men                                                | accessories                                        |           76.04 | 11389.029999999999 |      1.01188669201829
 AAAAAAAAHHIAAAAA | Then late months let previous, working workers. Economic, domestic steps understand in the funds. Green, only guns could not record auditors. So regular lines could not make                            | Men                                                | accessories                                        |            5.78 |            8844.22 |    0.7857867192624833
 AAAAAAAAHLEDAAAA | Girls                                                                                                                                                                                                    | Men                                                | accessories                                        |            0.58 |            8416.37 |    0.7477733220565735
 AAAAAAAAHLKAAAAA | Great buses get local, key yards; top, systematic days account in a times. However bad views arrive other budgets. Pleasant, l                                                                           | Men                                                | accessories                                        |           26.39 |             473.28 |   0.04204973852895429
 AAAAAAAAHMLBAAAA | Cases c                                                                                                                                                                                                  | Men                                                | accessories                                        |            1.74 |             815.22 |   0.07243024814818737
 AAAAAAAAHONAAAAA | Beautiful heads listen proceedings. English, certain actions last yet windows. Senten                                                                                                                    | Men                                                | accessories                                        |           21.64 |            9809.46 |    0.8715458673728785
 AAAAAAAAHPOBAAAA | Bars should say things                                                                                                                                                                                   | Men                                                | accessories                                        |            3.32 |  8107.320000000001 |     0.720315006276542
 AAAAAAAAIACEAAAA | Researchers can mean teeth. Permanent, large occasions play now unusual eyes. Terms tell more twice consistent addresses. Positive, strong ar                                                            | Men                                                | accessories                                        |            7.55 |             445.28 |   0.03956200889995937
 AAAAAAAAIBFCAAAA | Pleasantly dynamic wages manoeuvre all on a men. Gastric, so-called problems would not speak well; recent reports                                                                                        | Men                                                | accessories                                        |            0.35 |            8447.29 |    0.7505204863468778
 AAAAAAAAICIBAAAA | Miles go losses. Shares take rather new groups. Beautiful heads will not take yet. Either numerous expectati                                                                                             | Men                                                | accessories                                        |            7.63 |            7043.66 |    0.6258114885202295
 AAAAAAAAICNCAAAA | Statutory, domestic parties used to tour now general lessons; traditional, empty decisions make. Good concepts manage still immediately due months. Regular, political others con                        | Men                                                | accessories                                        |            5.77 |            1889.31 |   0.16786044519130036
 AAAAAAAAIELAAAAA | Employers wish. Free advantages shall cost never voluntary barriers. Heavily right feat                                                                                                                  | Men                                                | accessories                                        |             5.5 |             2270.5 |   0.20172821866546384
 AAAAAAAAIHFCAAAA | E                                                                                                                                                                                                        | Men                                                | accessories                                        |            8.15 |           15553.36 |    1.3818769465151635
 AAAAAAAAIJACAAAA | Parents tell ago certain, fi                                                                                                                                                                             | Men                                                | accessories                                        |            8.77 |           20070.86 |    1.7832454679074703
 AAAAAAAAIJDCAAAA | Young, new reasons may get hardly windows. Important, young features believe later. Very social miners could refuse other rivers. Ministers                                                              | Men                                                | accessories                                        |            7.85 | 10277.559999999998 |    0.9131353759204687
 AAAAAAAAIJNBAAAA | Powers shall penetrate there only figures. Keys shall keep simply of course responsible elections. Here traditional clothes talk as yet equal decisions. Widespread reasons could not take local, fr     | Men                                                | accessories                                        |            0.14 |             288.47 |  0.025629834502720265
 AAAAAAAAIKIAAAAA | Almost national allowances allow away different objectives; so single hand                                                                                                                               | Men                                                | accessories                                        |            1.21 |  7447.800000000001 |    0.6617183118153014
 AAAAAAAAIKPBAAAA | Weeks drive just revolutionary ways. Briti                                                                                                                                                               | Men                                                | accessories                                        |            2.21 |           10806.27 |    0.9601099306399656
 AAAAAAAAILAEAAAA | Likely, full thoughts go other, great changes. Good, british windows must meet to a guns. Years could not want relationships. Short, perfect measures allow s                                            | Men                                                | accessories                                        |            0.75 |  6559.849999999999 |    0.5828261859557996
 AAAAAAAAILECAAAA | Necessary, economic needs see rather therefore european days. Necessary contacts could live. New, white women tax fixed transactions. Libraries would come shares. Local, relevant forces                | Men                                                | accessories                                        |            1.86 | 2959.9100000000003 |   0.26298056450565654
 AAAAAAAAINKAAAAA | Important, public children must not obtain for a rights; indian employ                                                                                                                                   | Men                                                | accessories                                        |            4.86 |           14713.21 |    1.3072317305223031
 AAAAAAAAJAEAAAAA | Particular, electrical programmes could go merchants. Sales could learn more sad, pure parts. Outside high villages should respect fully. Neither great markets decide efficient forms. Even big b       | Men                                                | accessories                                        |            0.96 |             952.24 |   0.08460413078264756
 AAAAAAAAJANAAAAA | Elderly t                                                                                                                                                                                                | Men                                                | accessories                                        |             4.5 |  7666.009999999999 |    0.6811057218989792
 AAAAAAAAJBAAAAAA | High awards get at last priorities. Integrated, industrial applications used to know primaril                                                                                                            | Men                                                | accessories                                        |           59.88 |             3319.7 |   0.29494700176337385
 AAAAAAAAJBMDAAAA | Silent, married prices used to make also full trials. Cases can become by the interviews. Rich, significant ya                                                                                           | Men                                                | accessories                                        |            0.92 |  5507.959999999999 |   0.48936840311853247
 AAAAAAAAJCKBAAAA | Markets should join moreover with a parents. Years allow then such as a friends.                                                                                                                         | Men                                                | accessories                                        |            3.14 |  4739.299999999999 |   0.42107489395341674
 AAAAAAAAJFFDAAAA | Spiritual pensions happen once more records. Churches cannot fall. Good, anxious concerns will warn slightly new sorts. Reliable problems should suppose no longer do                                    | Men                                                | accessories                                        |           82.12 |             985.85 |   0.08759029481230897
 AAAAAAAAJGBAAAAA | Police may lose in a businesses. Comfortable, local offices give by a le                                                                                                                                 | Men                                                | accessories                                        |            7.48 |             241.89 |  0.021491318569913695
 AAAAAAAAJKIBAAAA | Very moving students stay wild, single friends; now small liabilities must not assert equally. Positive, new supporters used to travel slowly fingers. Too appropriate companies would not appear to a r | Men                                                | accessories                                        |           34.53 |            7527.43 |    0.6687932371851893
 AAAAAAAAJKOBAAAA | Clearly parental worlds concentrate young, wonderful characters. R                                                                                                                                       | Men                                                | accessories                                        |            3.09 |            6711.75 |    0.5963221191930971
 AAAAAAAAJLBEAAAA | Possible things kick moving, eur                                                                                                                                                                         | Men                                                | accessories                                        |            9.72 |             320.19 |  0.028448076782424517
 AAAAAAAAJLCAAAAA | Light, certain standards introduce outside optimistic meals; earlier other times remain backwards on the things.                                                                                         | Men                                                | accessories                                        |            0.12 |             3964.4 |    0.3522269764709821
 AAAAAAAAJMOCAAAA | Interested, upper products should not menti                                                                                                                                                              | Men                                                | accessories                                        |            83.4 | 12692.670000000002 |    1.1277118296448243
 AAAAAAAAJNAAAAAA | Whole, low standards consider else new risks. Surprising skills know. Aims could talk more obvious lips. Imp                                                                                             | Men                                                | accessories                                        |            3.22 |            5072.09 |     0.450642449068889
 AAAAAAAAJOIDAAAA | Li                                                                                                                                                                                                       | Men                                                | accessories                                        |            0.53 |            5993.48 |    0.5325056348853047
 AAAAAAAAKABAAAAA | Never weak courses d                                                                                                                                                                                     | Men                                                | accessories                                        |               4 | 1121.3000000000002 |   0.09962468689257196
 AAAAAAAAKAMDAAAA | Shares punch even there available rates. Primary, important players used to buy years. Peculiar moments make good feet. Large scores plough enough political lo                                          | Men                                                | accessories                                        |            3.27 |             1183.2 |   0.10512434632238574
 AAAAAAAAKANCAAAA | Provisions may provide only. In addition private weeks used to collect again other                                                                                                                       | Men                                                | accessories                                        |            5.46 |           13255.57 |    1.1777240799362971
 AAAAAAAAKBMAAAAA | Rates run. Faster national pools set units; strong accountants can l                                                                                                                                     | Men                                                | accessories                                        |             5.1 |                567 |   0.05037652498714732
 AAAAAAAAKDOCAAAA | Large stories say minute roads; economic, remote studies laugh still defensive individuals. Respective, other galleries knit tonight metropolitan, full elements. Pe                                     | Men                                                | accessories                                        |            2.47 |            1966.27 |   0.17469814777156642
 AAAAAAAAKEIBAAAA | Now able                                                                                                                                                                                                 | Men                                                | accessories                                        |            6.68 |             184.13 |  0.016359487735244156
 AAAAAAAAKFFDAAAA | So-called writings used to need long political, short activities. Angry, young measures                                                                                                                  | Men                                                | accessories                                        |            4.18 |              38.25 | 0.0033984163681805733
 AAAAAAAAKHACAAAA | British expectations would not assist so we                                                                                                                                                              | Men                                                | accessories                                        |            7.18 |            2459.07 |    0.2184821892418772
 AAAAAAAAKHCEAAAA | Years would not provide so theories. Mere institutions must not                                                                                                                                          | Men                                                | accessories                                        |           86.24 |  600.6700000000001 |  0.053368019866013736
 AAAAAAAAKINDAAAA | Continuously common pounds dispose; democratic bases accep                                                                                                                                               | Men                                                | accessories                                        |            6.07 |            5968.29 |    0.5302675666940767
 AAAAAAAAKLOAAAAA | Bottom concerns must not ask of course direct, magnetic bodies. Young relations assume very combinations                                                                                                 | Men                                                | accessories                                        |            3.64 |              335.5 |  0.029808331804564245
 AAAAAAAAKNODAAAA | Odd words take clearly around a relations. Local, french peoples would not go skilled, white materials. Lands would not wait very ac                                                                     | Men                                                | accessories                                        |            4.47 |            9276.53 |    0.8241963762592978
 AAAAAAAAKPADAAAA | Els                                                                                                                                                                                                      | Men                                                | accessories                                        |           17.45 |            3633.92 |    0.3228646590499019
 AAAAAAAALCGDAAAA | Men read as in a times; of course desirable guidelines see double needs. Autom                                                                                                                           | Men                                                | accessories                                        |             7.4 | 13318.439999999999 |     1.183309921428258
 AAAAAAAALFPAAAAA | Difficult, early circles arrange h                                                                                                                                                                       | Men                                                | accessories                                        |           31.17 |            4593.32 |    0.4081049378376782
 AAAAAAAALIPAAAAA | Ages might ensure almost closed hopes. Languages deal ladies. Common, qu                                                                                                                                 | Men                                                | accessories                                        |            1.48 | 10089.449999999999 |    0.8964222751879604
 AAAAAAAALLMDAAAA | Together outstanding objects ought to catch other, recent years. Major, political planes will not effect still. Cla                                                                                      | Men                                                | accessories                                        |            3.44 | 3366.2300000000005 |   0.29908107532184297
 AAAAAAAALPPCAAAA | Yards become safe streets. Decades find deep bodies. Changes will not become burning, new settings. Differen                                                                                             | Men                                                | accessories                                        |            2.06 |            5947.05 |    0.5283804460755106
 AAAAAAAAMBADAAAA | Too twin st                                                                                                                                                                                              | Men                                                | accessories                                        |            6.38 |           15597.32 |    1.3857826820326855
 AAAAAAAAMCFEAAAA | Kids find aspects. Old, foreign products could not see very regions. Main lines could not avoid exceptionally hard children; alternative, english families supplement without points. Cert               | Men                                                | accessories                                        |            7.49 |             1409.6 |   0.12523941732254473
 AAAAAAAAMDBAAAAA | For example military unions should speak very then financial researchers. Necessary, operational terms might not adapt. White dishes regard too other instruments. Examples may expect just instead grea | Men                                                | accessories                                        |            4.08 |            5362.25 |   0.47642243582421645
 AAAAAAAAMDOAAAAA | Later advanced rights meet extremely right children. Gardens must run behind substantially willing steps; adequate firms s                                                                               | Men                                                | accessories                                        |            4.19 |             480.22 |   0.04266634008699804
 AAAAAAAAMFMDAAAA | Large decisions                                                                                                                                                                                          | Men                                                | accessories                                        |            2.63 |           11565.08 |    1.0275282920605957
 AAAAAAAAMHBCAAAA | So big types can go towards a pupils. Soft, beautiful friends will allocate more from a minutes. Costs imagine quite for example gol                                                                     | Men                                                | accessories                                        |            5.11 |            2157.88 |   0.19172221470769923
 AAAAAAAAMIBCAAAA | Poems start chemicals; again regional years address by a trustees. Medical, important vegetables should ensure old                                                                                       | Men                                                | accessories                                        |            0.28 |            3047.88 |    0.2707964779150381
 AAAAAAAAMIMAAAAA | Visual systems cut. Eld                                                                                                                                                                                  | Men                                                | accessories                                        |            9.63 |            3433.64 |    0.3050702844036482
 AAAAAAAAMJBAAAAA | Things depend little                                                                                                                                                                                     | Men                                                | accessories                                        |             9.8 |            6656.58 |    0.5914204033491096
 AAAAAAAAMJEBAAAA | Both cheap books roll so evident girls. Scientists mention just. Apparently dark babies will not strip gr                                                                                                | Men                                                | accessories                                        |             0.6 | 12531.499999999998 |    1.1133922802053555
 AAAAAAAAMKDEAAAA | Tonight tropical gardens visit perceptions. Large, eq                                                                                                                                                    | Men                                                | accessories                                        |            1.17 |             2876.4 |   0.25556091088717914
 AAAAAAAAMKKDAAAA | Unable, growing players shoot degrees. Alone ways could select police. Months could not remain. Able, popular managers will not drive too fellow governments. Records ought to behave too independe      | Men                                                | accessories                                        |            4.14 |             5599.6 |     0.497510386804286
 AAAAAAAAMLHBAAAA | There particular institutions take ambitious implications. New women look ever; areas should not promote from a years. Often local women should control main, extreme variations; dark, ea               | Men                                                | accessories                                        |             5.9 |            5264.25 |    0.4677153821227342
 AAAAAAAAMLMAAAAA | Heavy, past problems would point wild others. Single countries would not turn then with the guidelines. Fingers run in vain vast days. Elements might not pick into a papers. Other                      | Men                                                | accessories                                        |            1.48 |             5048.7 |    0.4485643063538107
 AAAAAAAAMOBEAAAA | Problems recommend real enterprises. Groups will not come at last in a employees. Long, major parents discuss otherwise other than a functions. Al                                                       | Men                                                | accessories                                        |            2.61 |            2594.01 |   0.23047126910389779
 AAAAAAAAMPICAAAA | Chips record smooth                                                                                                                                                                                      | Men                                                | accessories                                        |            3.41 |            5416.01 |    0.4811988767118867
 AAAAAAAANCAEAAAA | Men take. Able, relevant deaths want old, long countries. Charming, commercial charges would get human, high                                                                                             | Men                                                | accessories                                        |            5.58 |            6546.96 |    0.5816809418515945
 AAAAAAAANEIAAAAA | Days activate correct comments. Delicate days leave ago vital consultants. Young schools used to look mentally. Cases must hold assets; numbers may examine to a nations. Results d                      | Men                                                | accessories                                        |            4.37 |  9105.130000000001 |    0.8089679170303787
 AAAAAAAANEMCAAAA | Whole, growing pe                                                                                                                                                                                        | Men                                                | accessories                                        |            2.62 |            6398.27 |    0.5684702090467638
 AAAAAAAANHNBAAAA | Increasing, rea                                                                                                                                                                                          | Men                                                | accessories                                        |           22.89 |             298.76 |  0.026544075141375897
 AAAAAAAANKIDAAAA | Afterwards silent times report really matters. Long cheeks investigate hard new, crazy origins. Police move. Visitors concentrate comple                                                                 | Men                                                | accessories                                        |            3.82 |           14876.47 |    1.3217369712090785
 AAAAAAAANLJBAAAA | Old industries used                                                                                                                                                                                      | Men                                                | accessories                                        |            0.46 |            7130.31 |    0.6335101232471013
 AAAAAAAANMDAAAAA | Coloured rights could not see royal days. Normal benefits ma                                                                                                                                             | Men                                                | accessories                                        |            0.93 |  7301.990000000001 |    0.6487634597723103
 AAAAAAAAOBBDAAAA | Always notable advantages can read higher strong rights. Nurses must regulate from a lawyers. Mutual attitudes see conditions; ne                                                                        | Men                                                | accessories                                        |            2.13 |           11566.42 |    1.0276473476928405
 AAAAAAAAOBKAAAAA | Newspapers will take more male resources. Too suitable                                                                                                                                                   | Men                                                | accessories                                        |            0.83 |            6146.61 |    0.5461108505313044
 AAAAAAAAODCAAAAA | Occasionally regular unions used to carry at once prime occupations. Rath                                                                                                                                | Men                                                | accessories                                        |            9.47 | 3655.9900000000002 |    0.3248255230824704
 AAAAAAAAODPCAAAA | Women consider guests. Sports think. Beautiful                                                                                                                                                           | Men                                                | accessories                                        |            1.71 |           12123.41 |    1.0771345093376221
 AAAAAAAAOEEBAAAA | Impressive journalists will not quote a little general, close men. Sciences take as clean resources. Public, economic actors wi                                                                          | Men                                                | accessories                                        |            2.73 |           16410.11 |    1.4579970307880707
 AAAAAAAAOENBAAAA | Too great sectors may call now so similar institutions. Sources should focus. Honestly excellent individuals                                                                                             | Men                                                | accessories                                        |            1.56 | 4704.5599999999995 |     0.417988332263728
 AAAAAAAAOGFEAAAA | Flowers offer changes; early great names would not use hardly old dark parties. Magic weeks will facilitate numbers.                                                                                     | Men                                                | accessories                                        |            6.36 |            2117.05 |   0.18809457182370415
 AAAAAAAAOGGAAAAA | Right, satisfied councillors might please just to a rivers. Remaining boots might come most senior, academic comments. Metres come afterwards sof                                                        | Men                                                | accessories                                        |            3.28 |            3485.89 |   0.30971256558632626
 AAAAAAAAOGGDAAAA | Really educational changes meet hard as the camps. Beliefs distort directors. As compulsory numbers ask particularly findings. Social germans should get just; important, grey elem                      | Men                                                | accessories                                        |            2.92 |             289.68 |  0.025737339961687544
 AAAAAAAAOGOAAAAA | Fields sell soon. Indeed deep cells can bring vegetables. Later new troops ought to reduce                                                                                                               | Men                                                | accessories                                        |            2.09 |              318.6 |  0.028306809278492308
 AAAAAAAAOJFEAAAA | Claims cannot enjoy royal companies. Past illustrations will read widely types. Results reject ame                                                                                                       | Men                                                | accessories                                        |            0.66 |            5282.92 |    0.4693741647003533
 AAAAAAAAOJJDAAAA | Domestic funds mean frenc                                                                                                                                                                                | Men                                                | accessories                                        |            8.11 |            4508.22 |    0.4005440167152686
 AAAAAAAAOJLDAAAA | Awards might expect considerable men. Days survive after a teachers. Workers would go yesterday conditions.                                                                                              | Men                                                | accessories                                        |            2.34 |            2758.09 |   0.24504936472980804
 AAAAAAAAOKHBAAAA | Q                                                                                                                                                                                                        | Men                                                | accessories                                        |            0.51 |  8945.109999999999 |    0.7947505422006725
 AAAAAAAAOKJBAAAA | Refugees s                                                                                                                                                                                               | Men                                                | accessories                                        |             0.4 | 3042.3900000000003 |    0.2703087052127816
 AAAAAAAAOKKDAAAA | More fresh years speak here new, cheap parents. Well violent fields sho                                                                                                                                  | Men                                                | accessories                                        |            8.12 |            1131.47 |    0.1005282658328176
 AAAAAAAAOLHAAAAA | Always historical directors could enlist. Subtle, foreign reasons used to go again important gifts. So bizarre stores can like traditional, fine c                                                       | Men                                                | accessories                                        |            5.65 |           15584.01 |    1.3846001219840454
 AAAAAAAAOLICAAAA | Actually true volunteers know                                                                                                                                                                            | Men                                                | accessories                                        |            1.43 |            2070.07 |   0.18392051689619765
 AAAAAAAAOMGDAAAA | Experiences per                                                                                                                                                                                          | Men                                                | accessories                                        |            8.35 |            4475.68 |    0.3976529194964295
 AAAAAAAAOMMDAAAA | Civil areas cannot come scholars. Open, nice breasts would not make also. Direct police move by a operators. Slow years should make passages; other figures would admit also                             | Men                                                | accessories                                        |            8.56 |           10732.26 |    0.9535343281456116
 AAAAAAAAOOAAAAAA | Medical survey                                                                                                                                                                                           | Men                                                | accessories                                        |             1.3 | 362.71999999999997 |   0.03222676039389431
 AAAAAAAAOOGBAAAA | Partial countries run br                                                                                                                                                                                 | Men                                                | accessories                                        |            5.89 |           12430.69 |    1.1044355650661064
 AAAAAAAAOPCBAAAA | Chapter                                                                                                                                                                                                  | Men                                                | accessories                                        |            1.29 | 12107.619999999999 |    1.0757316075218424
 AAAAAAAAPAHDAAAA | Good efforts forget at present relevant issues. Cheap, important rates market. Still irish assets should get ago other gifts. United definitions oug                                                     | Men                                                | accessories                                        |            8.96 |  7228.030000000001 |    0.6421922996522937
 AAAAAAAAPANDAAAA | Banks may get nevertheless processes; global, asian years see then legs. Wages affirm often central holders. Shares afford with a arrangements. Rare proposals cannot save regions.                      | Men                                                | accessories                                        |            6.99 |  5705.389999999999 |    0.5069095624275494
 AAAAAAAAPDAEAAAA | That is french feet might pick extremely in a spirits. Children look tourists. Young, victorian flowers bring independent lines; whole, good sizes carry towar                                           | Men                                                | accessories                                        |            2.31 |            7098.81 |    0.6307114274144819
 AAAAAAAAPDDBAAAA | Associations could argue. Other products experiment once inner, sexual conditions. Relationships should know voluntary forms. Old leaders might not prove                                                | Men                                                | accessories                                        |            4.36 | 3544.7799999999997 |    0.3149447940810231
 AAAAAAAAPDKAAAAA | Social soldiers expect now vast areas. Old, low circumstan                                                                                                                                               | Men                                                | accessories                                        |           98.58 |           10414.04 |    0.9252612809120843
 AAAAAAAAPHCEAAAA | Informa                                                                                                                                                                                                  | Men                                                | accessories                                        |            2.54 |            9923.42 |     0.881670926962888
 AAAAAAAAPIEEAAAA | Only social sources must hope lovingly great categories. English, conservative metres set well practical methods. Consistent workers undermine more than in a women. New, other words might arrive       | Men                                                | accessories                                        |            2.88 | 1741.6000000000001 |    0.1547367829234846
 AAAAAAAAPKCEAAAA | Professional things used to hear genuinely existing, criminal functions. Also difficult programmes must draw from no losses. Knees resist about dear, decisive days. Affairs must p                      | Men                                                | accessories                                        |            1.78 | 2475.6499999999996 |   0.21995528057218916
 AAAAAAAAPKGDAAAA | Eventually superb lines cannot fight new eyes. Acute women reveal independent ears. Emotionally different dem                                                                                            | Men                                                | accessories                                        |            1.16 |            3441.02 |    0.3057259788558619
 AAAAAAAAPNPAAAAA | Things associate yet by a months. Guilty trees stand aloud with the words. Friends gather still subject offices. Big results involve more risks; also esse                                               | Men                                                | accessories                                        |            4.49 |            6182.27 |    0.5492791519088029
 AAAAAAAAPOLDAAAA | Sentences know w                                                                                                                                                                                         | Men                                                | accessories                                        |            7.73 |            4851.32 |    0.4310275894191315
 AAAAAAAAABHAAAAA | Young, true lives say really only women. Usefully national girls spell just in a artists; more new teachers shall tell once in a patients. Mu                                                            | Men                                                | pants                                              |            4.67 |            9996.01 |    0.8671050504611526
 AAAAAAAAACIAAAAA | Possible institutions can expect groups. Actively long-term schemes must not win primary problems. Dead areas would not thank c                                                                          | Men                                                | pants                                              |            1.07 |            2910.92 |    0.2525080940783751
 AAAAAAAAADODAAAA | Married terms drive hidden efforts. Enough public words administer. Appointed, russian                                                                                                                   | Men                                                | pants                                              |            1.56 |           11502.26 |    0.9977648819596316
 AAAAAAAAAEJBAAAA | Similar years accept more other, national versions. Proud, professional drawings will identify thereof difficult, northern costs. Loans support. Sometimes unpleasan                                     | Men                                                | pants                                              |            5.33 |            2705.94 |   0.23472708012945678
 AAAAAAAAAFMDAAAA | Separate, other items used to find completely hours. Extremely final branches used to change. Powers used to swi                                                                                         | Men                                                | pants                                              |            7.56 |            1543.52 |   0.13389282198475175
 AAAAAAAAAFPAAAAA | Here conventional prices see. Also extra percept                                                                                                                                                         | Men                                                | pants                                              |            4.11 |            15679.1 |     1.360085353724682
 AAAAAAAAAGCDAAAA | Electrical, independent good                                                                                                                                                                             | Men                                                | pants                                              |            6.81 |            6291.96 |    0.5457968022540548
 AAAAAAAAAHIBAAAA | Post-war, suitable members must pull blank projects. Steps expect long slight                                                                                                                            | Men                                                | pants                                              |            5.33 |             7459.4 |    0.6470665208828245
 AAAAAAAAAJIDAAAA | Ages used to wake at least big,                                                                                                                                                                          | Men                                                | pants                                              |            3.37 |            2508.84 |   0.21762961769735706
 AAAAAAAAAJJCAAAA | Still distinguished times lay with a authorities. Secondary, right tools generate entirely authorities. Surprising critics would know into a newspapers. Others assist in                                | Men                                                | pants                                              |            3.32 |               7338 |    0.6365356637582333
 AAAAAAAAAJNBAAAA | Conventional children wait prizes. Severely exclusive gods surprise already                                                                                                                              | Men                                                | pants                                              |            1.75 |            5489.61 |    0.4761968581526077
 AAAAAAAAAMBDAAAA | Jobs put sometimes everyday, theoretical memories. White parties work so. Willing, senior cups must not want main, positive forms; old, tw                                                               | Men                                                | pants                                              |            3.67 | 10192.300000000001 |    0.8841322493490109
 AAAAAAAAANADAAAA | Already atomic children worry names; also critical steps can play only too n                                                                                                                             | Men                                                | pants                                              |            6.87 |            3857.98 |    0.3346609239664744
 AAAAAAAAANCCAAAA | Children would not define there. High relationships add now full institutions. Firms like never national eyes. Pupils should not resign slightl                                                          | Men                                                | pants                                              |            7.35 |           12677.67 |    1.0997259591656912
 AAAAAAAAANOCAAAA | Strange, american relations win nevertheless. Cells sit in the conditions. Guilty, recent cases concede at all top, effective gardens. Rapid aspirations accept stil                                     | Men                                                | pants                                              |            4.81 |  911.3499999999999 |   0.07905516178332868
 AAAAAAAAAPBDAAAA | Of course british days ca                                                                                                                                                                                | Men                                                | pants                                              |           39.08 |  7514.009999999999 |    0.6518036716865634
 AAAAAAAAAPGCAAAA | Skills would care. Groups shall change suitably in a arms. Full, other ministers speak yet religious parents. Familiar stories pursue h                                                                  | Men                                                | pants                                              |            9.56 |            3215.43 |    0.2789228494573639
 AAAAAAAAAPLDAAAA | Deep soldiers could support electronic, possible mistakes; girls could speak particular employees. Jobs will help; outs                                                                                  | Men                                                | pants                                              |            37.8 | 4450.1900000000005 |    0.3860322493186499
 AAAAAAAABAJAAAAA | Welsh, certain years cook closely increasing, current houses. Real men could not go here inevitable societies. Local, single rules must see about the sections. Human                                    | Men                                                | pants                                              |            7.95 |              64.08 |   0.00555862705555023
 AAAAAAAABEBBAAAA | Public, reliable lives make more available firms. Doors may come ago national others. Local engines show pretty                                                                                          | Men                                                | pants                                              |            2.41 |             308.85 |  0.026791229183937094
 AAAAAAAABFDEAAAA | Local, different possibilities shall not provide before a years. Common, secondary things may use out of a                                                                                               | Men                                                | pants                                              |            4.02 |            8352.25 |    0.7245168980137237
 AAAAAAAABFGBAAAA | Years enter less. Duly personal projects turn ago coastal sentences. Right simple lines will not find quite private difficult eyes. Civil lives s                                                        | Men                                                | pants                                              |            0.68 |             1310.6 |    0.1136881494850832
 AAAAAAAABGADAAAA | Problems must navigate. However only outcomes maximize happily as local parents. Crazy holidays allow up to yesterday real houses. Characteristics look also hard levels. Af                             | Men                                                | pants                                              |            1.67 |           17250.21 |    1.4963714734694622
 AAAAAAAABGECAAAA | Surely daily activities close also much normal effects. Vehicles shall                                                                                                                                   | Men                                                | pants                                              |            7.27 |            9484.98 |    0.8227756936540703
 AAAAAAAABIKAAAAA | New standards will not deal at the lawyers. Then full buildings might help. Problems may go also othe                                                                                                    | Men                                                | pants                                              |             4.7 |            2939.45 |   0.25498293224777036
 AAAAAAAABOPBAAAA | V                                                                                                                                                                                                        | Men                                                | pants                                              |            0.87 | 15762.660000000002 |    1.3673337756466823
 AAAAAAAACAKCAAAA | True, spectacular regulations may                                                                                                                                                                        | Men                                                | pants                                              |            1.45 | 1391.8400000000001 |   0.12073532273715719
 AAAAAAAACBIDAAAA | Broad children must happen towards a patients; at least great things expect soviet, material pieces. Administrative, new awards may sort eventually lonely, short records; fit govern                    | Men                                                | pants                                              |            1.18 |                  0 |                     0
 AAAAAAAACCPAAAAA | Years hate much. Usually special duties protect small, important standards. Authorities stop most                                                                                                        | Men                                                | pants                                              |             4.3 |           12803.53 |    1.1106436995091924
 AAAAAAAACDLBAAAA | National men make sometimes statements. Endless, wrong figures change here home national details. Years must seek of course important, final requirements. As average trends chang                       | Men                                                | pants                                              |            3.46 |             9194.9 |    0.7976126703039765
 AAAAAAAACELCAAAA | Long exciting fact                                                                                                                                                                                       | Men                                                | pants                                              |            2.35 |            4530.43 |   0.39299267745437627
 AAAAAAAACFNDAAAA | Walls might not make. Consumers relate other, civil accounts. Different, complete days would insist principles. Possible effects ought to rely just popu                                                 | Men                                                | pants                                              |             8.9 |             2054.7 |   0.17823519055928616
 AAAAAAAACHNAAAAA | Successful lights will go cars. Travellers may not put total, extended rights. Corporate parts advise tomorrow just weekly attitudes. Increasing, wild police                                            | Men                                                | pants                                              |            2.39 |              936.8 |   0.08126282499437354
 AAAAAAAACLABAAAA | Known, old elements produce so best hum                                                                                                                                                                  | Men                                                | pants                                              |           61.42 |            5780.82 |    0.5014579034841742
 AAAAAAAACLBCAAAA | As green services work lucky plans. Profound, independent sales would prepare shortly. High c                                                                                                            | Men                                                | pants                                              |            4.21 |             2878.7 |   0.24971316642965743
 AAAAAAAACOCCAAAA | Light systems beware poor, spare men. Hospitals would locate very ove                                                                                                                                    | Men                                                | pants                                              |            8.97 | 1462.9499999999998 |    0.1269037679606306
 AAAAAAAACPBBAAAA | Dark, sophisticated brothers balance by an women. Parents might mean; enough elegant rows take shoulders. Partners cannot ask yet recently regular attempts. Brief, english lands used to bite sure      | Men                                                | pants                                              |            6.26 |             183.16 |  0.015888235510215048
 AAAAAAAACPDAAAAA | Less than old figures depend highly moreover theoretical children. Supreme, local signs determine again fears. Official, silver solutions differ well big, closed laws. Religious fin                    | Men                                                | pants                                              |            9.57 |            6618.29 |    0.5741043360717468
 AAAAAAAADAGBAAAA | Relevant, economic                                                                                                                                                                                       | Men                                                | pants                                              |            1.87 |  5866.389999999999 |    0.5088806830900331
 AAAAAAAADBPDAAAA | Special churches could work. Opportunities achieve. Both natural attitudes help now almost middle-class drawings. Open members think. Important, physical units could say both. As old claims sh         | Men                                                | pants                                              |            7.57 |            3481.77 |   0.30202654374536714
 AAAAAAAADEFBAAAA | Free, presidential villages prevent on the families. Formerly primary companies explore british teachers. Beautiful, high eyes amend sometimes days. Accidents establish a                               | Men                                                | pants                                              |            4.27 |            1638.42 |    0.1421249335261331
 AAAAAAAADFPCAAAA | More marginal negotiations may wear despite the groups. Organic studies interfere. Patients could not keep similar, new ou                                                                               | Men                                                | pants                                              |            9.68 |            10198.2 |    0.8846440455354614
 AAAAAAAADGDEAAAA | True, present man                                                                                                                                                                                        | Men                                                | pants                                              |            0.71 |  869.2700000000001 |   0.07540492728742432
 AAAAAAAADKFEAAAA | Forces sell middle, other beliefs. Resour                                                                                                                                                                | Men                                                | pants                                              |            4.59 |            5931.48 |    0.5145269227130943
 AAAAAAAADLODAAAA | Figures suppress still other rebels. Steps ca                                                                                                                                                            | Men                                                | pants                                              |             1.1 |            5678.03 |    0.4925413729748108
 AAAAAAAADMOCAAAA | Just political police must see accurately important windows. Western decisions might not suggest inc, political members. Free eyes will want in the feet                                                 | Men                                                | pants                                              |            6.53 |             834.98 |   0.07243043724786723
 AAAAAAAADOACAAAA | Significant, unlikely wings insist often new concepts. Black, difficult windows will hate once smooth obligations. Arts must                                                                             | Men                                                | pants                                              |            4.04 | 22046.370000000003 |    1.9124149306908702
 AAAAAAAADOGCAAAA | Correctly existing actors dominate. Reasonable, certain aspects would join questions; economic, medieval views can turn also by a minutes; com                                                           | Men                                                | pants                                              |            4.49 |            1694.88 |   0.14702256279511508
 AAAAAAAAEAPDAAAA | Swiss, used individuals will not seem often natural rows; full, elderly ideas could not learn main horses. Busy, head days kill the                                                                      | Men                                                | pants                                              |            0.18 |              351.5 |   0.03049090839615958
 AAAAAAAAECLDAAAA | Useful, mild polls ought to access so single sites. Just labour students think comfortable children. Stands take about sexual classes. Scarcely small designs could get; new, beautiful obje             | Men                                                | pants                                              |            1.69 |            2232.18 |    0.1936307138086472
 AAAAAAAAEDGAAAAA | Time                                                                                                                                                                                                     | Men                                                | pants                                              |            4.78 |             292.32 |  0.025357332410712287
 AAAAAAAAEDHDAAAA | Special, open resources would not practise best so effective measures. Minutes try friends. Social terms judge here. Econ                                                                                | Men                                                | pants                                              |             7.1 |            8005.15 |    0.6944076681294933
 AAAAAAAAEDMDAAAA | Briefly absolute reductions can go very terms. Warm, left details may not make police. Effective, acute yards could know other, physical levels. New, young relations must leave only in a years. Old    | Men                                                | pants                                              |            5.25 |           20674.63 |    1.7934231847922981
 AAAAAAAAEEJAAAAA | Normal targets need. Partly liberal blocks will die. Levels may not attract again now familiar trees. Toys consider. Delicious, political authoritie                                                     | Men                                                | pants                                              |            3.78 |            2891.96 |    0.2508634066724258
 AAAAAAAAEFEAAAAA | Safe, social rates will not keep soon techniques. Interests will find. Human, true shares ch                                                                                                             | Men                                                | pants                                              |            0.76 |           11747.44 |     1.019033049585721
 AAAAAAAAEGCCAAAA | Recent, previous police in                                                                                                                                                                               | Men                                                | pants                                              |           24.54 |            4071.28 |    0.3531636572834042
 AAAAAAAAEJHAAAAA | Yet ideal bodies switch most able, pretty employers. Great, terrible sorts should question long subsequent doctors. Maximum, white preferences might not shift always far farmers. So major articl       | Men                                                | pants                                              |            3.65 |             6899.1 |    0.5984632321932989
 AAAAAAAAEKHCAAAA | Victorian, warm feelings talk perfectly; small, local books take very properly european dreams. Top initiative                                                                                           | Men                                                | pants                                              |            3.95 |             653.94 |   0.05672610138430896
 AAAAAAAAEOGBAAAA | Excellent, elderly facts include anyway wholly new products. Tragic measurements shall not need later metropolitan railways. Reliable years describe quite doctors. Lovely, good years achieve           | Men                                                | pants                                              |            8.53 |            6215.91 |    0.5391998361558245
 AAAAAAAAEOIAAAAA | Public samples ought to relax still at a objections. Similar authorities travel just good, other children. Also long                                                                                     | Men                                                | pants                                              |            3.06 |            6328.14 |    0.5489352405635087
 AAAAAAAAEPHDAAAA | So direct friends spread well aware groups. Hard, rural regions make so healthy affairs. Active jobs should come just about likely things; locations shall not speak today. Tear                         | Men                                                | pants                                              |            5.67 |            4705.45 |   0.40817480771752235
 AAAAAAAAFALAAAAA | Again narrow places award clear eyes. Notably other waters must call; political surveys qualify in order a                                                                                               | Men                                                | pants                                              |            2.96 |            3660.03 |   0.31748972818547927
 AAAAAAAAFGBBAAAA | Forward partners rest effective oth                                                                                                                                                                      | Men                                                | pants                                              |           37.82 |             1561.2 |    0.1354264756417762
 AAAAAAAAFINCAAAA | Seldom loose stairs provide once with a assets. Companies should see never. Then appropriate victims bring over automatic, liable rights; others go i                                                    | Men                                                | pants                                              |            6.78 |            1208.64 |   0.10484361742228826
 AAAAAAAAFKICAAAA | Later young entries ought to try previously in a feet. There residential minutes appreciate natural hotels. Stable representatives may not se                                                            | Men                                                | pants                                              |           45.55 |            3944.07 |   0.34212881103283393
 AAAAAAAAFNNDAAAA | Therefore false c                                                                                                                                                                                        | Men                                                | pants                                              |            4.19 |            4870.94 |   0.42253025702187635
 AAAAAAAAFPBEAAAA | Officers view expressly nuclear legs; attractive, great centres must not fancy only at a years; techniques would suggest. Assets eat ago cheerful resources. Common hospi                                | Men                                                | pants                                              |             3.1 |  8556.470000000001 |     0.742231985674218
 AAAAAAAAFPFAAAAA | Different, vast studies might not go only standards. Collective sizes rely too for a men; products might not cause                                                                                       | Men                                                | pants                                              |           77.45 |  6533.759999999999 |    0.5667717713868894
 AAAAAAAAGBECAAAA | Disputes work eventually; material, social fruits prepare ever on a bene                                                                                                                                 | Men                                                | pants                                              |            0.57 |              792.6 |   0.06875417921705856
 AAAAAAAAGCLAAAAA | Companies date all facilities. Full governors could not help almost above absent tables; dead windows can stay to the opportunities. Now goo                                                             | Men                                                | pants                                              |            4.86 |            9636.48 |    0.8359175787807224
 AAAAAAAAGEICAAAA | Therefore raw pp. believe sometimes only brilliant tears. Social, great injuries will not stand in a characters. Clothes would not ask directly. Operations must not try also. Outstand                  | Men                                                | pants                                              |            4.94 |             3230.3 |   0.28021274933745177
 AAAAAAAAGELCAAAA | Interior persons say also. Likely women go suddenly such as a windows. Square, wise interactions declare much young, main patients. Even potential calculations m                                        | Men                                                | pants                                              |            3.22 |            2347.83 |   0.20366278651423997
 AAAAAAAAGENAAAAA | Skilled years ought t                                                                                                                                                                                    | Men                                                | pants                                              |            1.06 |            1707.38 |   0.14810687674945933
 AAAAAAAAGFLDAAAA | Increasingly new positions would not get seconds. Right, difficult parties pay seldom simple patients. Difficult, alternative cups shoulder rapidly daily, large businessmen. Further different          | Men                                                | pants                                              |             2.7 |            1767.71 |   0.15334020961870629
 AAAAAAAAGHHAAAAA | Homes will arrive so important words. Short original laws depict. Facilities should help social, senior birds. Human, black problems abandon animals. Feelings                                           | Men                                                | pants                                              |            8.64 |            6532.55 |     0.566666809796109
 AAAAAAAAGHPBAAAA | Single members detect no longer concerned, brave months. Literally good reports develop much considerable voices                                                                                         | Men                                                | pants                                              |            9.27 |             771.27 |   0.06690390588536559
 AAAAAAAAGIBBAAAA | Systems could not escape too now other weeks. British, only others could come animals. Very clinical wages market enough. Part                                                                           | Men                                                | pants                                              |            46.7 |            1229.67 |   0.10666786721907696
 AAAAAAAAGICEAAAA | Educational, long years shall not pu                                                                                                                                                                     | Men                                                | pants                                              |            2.63 |              10708 |    0.9288667058494362
 AAAAAAAAGJHDAAAA | British, white schools exist very also grand funds. Companies shall emphasise vehemently. Successful drawings may not lead perhaps scientific moments. Alike other factors hel                           | Men                                                | pants                                              |            9.26 |             753.16 |   0.06533295182831167
 AAAAAAAAGKMBAAAA | Difficulties play never even modern possibilities. Circumstances must say new, private                                                                                                                   | Men                                                | pants                                              |            1.71 |             703.59 |   0.06103299641096421
 AAAAAAAAGKPBAAAA | Quite difficult stations might call possible instructions. Days depress in the conflicts; babies migh                                                                                                    | Men                                                | pants                                              |            1.12 |            5608.02 |   0.48646834737931965
 AAAAAAAAGLACAAAA | Cheerful patterns used to make even european police. Separate eyes need actions                                                                                                                          | Men                                                | pants                                              |            1.27 |            5239.82 |    0.4545287955401562
 AAAAAAAAGLJCAAAA | Even personal conservatives address only social unions. Reasonable accounts collect continuously to a objections. Light, statistical women report different, common rebels. Just, rich                   | Men                                                | pants                                              |            3.58 |            1793.86 |    0.1556085944111944
 AAAAAAAAGNDDAAAA | Common goods get. Then old systems believe increasingly casual, decent units. Long-term, eastern arms reproduce here to the sources. Other talks get at first despite                                    | Men                                                | pants                                              |            6.63 |            6730.71 |     0.583856222051537
 AAAAAAAAGOLDAAAA | Years adopt nev                                                                                                                                                                                          | Men                                                | pants                                              |            7.68 |           14224.93 |    1.2339432078855828
 AAAAAAAAGONBAAAA | Local, historic weeks fulfil electric, dangerous days. Objectives work sound facilities. Locally new types used to change there here critical shapes. Big, voluntary discussions locate. Keen areas m    | Men                                                | pants                                              |            9.45 |            6574.33 |     0.570291020757109
 AAAAAAAAGPABAAAA | Certain, long places shall not sit therefore however rural fa                                                                                                                                            | Men                                                | pants                                              |            3.66 | 1476.3700000000001 |   0.12806788742201458
 AAAAAAAAHAADAAAA | Factors ought to know strangely. Better urban changes take early large, southern techniques. Strange, disastrous fe                                                                                      | Men                                                | pants                                              |           93.35 | 359.84999999999997 |  0.031215230117661523
 AAAAAAAAHACBAAAA | Fortunately good rivers discuss traditional                                                                                                                                                              | Men                                                | pants                                              |            9.98 |           13140.91 |    1.1399097668625247
 AAAAAAAAHALBAAAA | Ltd. flights dine. Too detailed notions make however new sides. Good police find evidently long knees. Usually practical boxes might need much countries. Willingly central provinces might fin          | Men                                                | pants                                              |            5.81 |            9784.91 |    0.8487931564001874
 AAAAAAAAHBLDAAAA | Legal things cannot resolve primarily; then previous payments succeed highly national cases. Past member                                                                                                 | Men                                                | pants                                              |            8.02 |             7151.8 |    0.6203837230943218
 AAAAAAAAHCPBAAAA | Following, real companies used to claim mo                                                                                                                                                               | Men                                                | pants                                              |            5.09 |            2977.52 |   0.25828531882712114
 AAAAAAAAHDIBAAAA | Hard, additional decades wish more electoral, final stages; particularly full communication                                                                                                              | Men                                                | pants                                              |            0.53 |            7385.91 |    0.6406916222824439
 AAAAAAAAHFFCAAAA | Young measures can fal                                                                                                                                                                                   | Men                                                | pants                                              |            0.52 |            6524.79 |     0.565993667693252
 AAAAAAAAHGDAAAAA | Indian, fierce limitations should not eat thick. Electronic surfaces avoid young blues. Vulnerable, special tons shall cope probably other figures. Green, similar respondents feel u                    | Men                                                | pants                                              |            6.99 | 3600.8599999999997 |    0.3123570196511954
 AAAAAAAAHGHCAAAA | European customers speak; legal areas shall move opponents. Short proposals invest top problems. Over voluntary men expand shares. Individuals produce away now other circles                            | Men                                                | pants                                              |            3.04 |            1299.15 |   0.11269491790290391
 AAAAAAAAHGLBAAAA | Orders will not continue ultimately blue children. Ancient branches analyse partners. Birds understand historical, national men. Republics act extreme                                                   | Men                                                | pants                                              |            1.84 |            1831.85 |   0.15890404138123737
 AAAAAAAAHJDAAAAA | Legs can attract somewhat only different boats. Less sad police must not cut at last central, unemployed ye                                                                                              | Men                                                | pants                                              |           91.18 | 29380.239999999998 |     2.548592337118588
 AAAAAAAAHKHBAAAA | Successful, industrial reserves shall issue always firms. Eyes must not achieve secondary, likely efforts. Black, national chemicals go. Parents will happen new, good parents; now othe                 | Men                                                | pants                                              |            4.06 |  4438.139999999999 |   0.38498697066666193
 AAAAAAAAHMFBAAAA | Soviet conditions recruit then here young emissions. Personal, good songs hold past soviet, head days. Alone big grounds ought                                                                           | Men                                                | pants                                              |           56.52 |            4383.76 |   0.38026977123968286
 AAAAAAAAHNFAAAAA | Too c                                                                                                                                                                                                    | Men                                                | pants                                              |           51.58 |           23981.81 |    2.0803048986745485
 AAAAAAAAHOOCAAAA | Ancient, responsible allies will not decide however on a glasses. New, bad years express great, alone hun                                                                                                | Men                                                | pants                                              |            0.74 |           14522.81 |    1.2597828431431874
 AAAAAAAAIAFDAAAA | Later new ways dwell. Good rights know neatly new, limited issues. Silent amounts secure main roses. Children might reject resulting, exciting ways. Chips improve so possible societi                   | Men                                                | pants                                              |            1.42 |            5868.73 |    0.5090836666622863
 AAAAAAAAIAMCAAAA | Great, temporary scientists need too british cultures. Proposed, apparent shares can take fresh, level investor                                                                                          | Men                                                | pants                                              |            0.61 |            8724.08 |    0.7567713346252287
 AAAAAAAAICHAAAAA | Recently new costs used to get careful, other researchers. Courts used to see easy in a amounts. Annual, rare thousands would lead collective employees.                                                 | Men                                                | pants                                              |            6.56 |            1439.55 |   0.12487393223809823
 AAAAAAAAIFECAAAA | Ordinary police must win unfortunately including a attempts. Direct, serious students might harm                                                                                                         | Men                                                | pants                                              |             1.7 |             481.14 |    0.0417365452794544
 AAAAAAAAIGADAAAA | Intermediate subjects put then solid, sweet branches. Women fall                                                                                                                                         | Men                                                | pants                                              |            2.75 |            2153.97 |   0.18684637825910624
 AAAAAAAAIGLDAAAA | International locations slip really for a purposes. Tonight accurate reservations used to arrive chairs. New rules will rise rather arrangements. G                                                      | Men                                                | pants                                              |           47.72 |  5830.969999999999 |    0.5058081710690031
 AAAAAAAAIHJCAAAA | Really imaginative items could deserve very to a shapes. Weapons must not judge. Relevant, national types would use alone unacceptable, dark plants. Other services say dangerous, old liabi             | Men                                                | pants                                              |            1.31 |            3119.72 |     0.270620474371741
 AAAAAAAAIIAEAAAA | Services represent shares. Appearances might address impossible                                                                                                                                          | Men                                                | pants                                              |             1.1 |            2444.01 |   0.21200593180454622
 AAAAAAAAIIDEAAAA | Somewhat blue days complain relatively apparent visits. Reasons can tell then then surprised needs. United resources go just obvious strategies. Shares may not prove mistakes. Please ne                | Men                                                | pants                                              |            1.92 |           10828.05 |    0.9392804570669581
 AAAAAAAAIIMAAAAA | Detailed passengers ma                                                                                                                                                                                   | Men                                                | pants                                              |            5.91 |            2737.54 |     0.237468225806039
 AAAAAAAAIINAAAAA | Beautiful allegations become also even local workers. French, german countries should understand to a days; favorite, different supporters                                                               | Men                                                | pants                                              |           59.46 |            4353.24 |   0.37762231028875604
 AAAAAAAAILMAAAAA | Parts say leaders. Eventually ordinary feet would trust sometimes; assumptions think only. Experiences must propose quickly brief, rural police; exactly very attitudes find almost already poor stat    | Men                                                | pants                                              |            2.17 | 3254.3100000000004 |   0.28229549958095623
 AAAAAAAAILNDAAAA | Wrong, old courses take to a words. Manufacturing, active hours may leave quite given, different statements. Me                                                                                          | Men                                                | pants                                              |            7.81 |             3389.4 |   0.29401389734834504
 AAAAAAAAIMFDAAAA | Simple, human times offer years. Valuable, able horses see home private, representative relations. Very masters must not say; special, structural items t                                                | Men                                                | pants                                              |             4.1 |            1568.64 |    0.1360718593074019
 AAAAAAAAINABAAAA | Creditors may see much new, chief payments; seats obscure yea                                                                                                                                            | Men                                                | pants                                              |           63.95 |            9513.86 |    0.8252808926141872
 AAAAAAAAINBAAAAA | Applicable, general efforts used to fall genuine, central wings. Orthodox passages fulfil right broad years                                                                                              | Men                                                | pants                                              |            0.98 |           13157.41 |     1.141341061282259
 AAAAAAAAIOBAAAAA | Close, open questions might not suffer. Concerned                                                                                                                                                        | Men                                                | pants                                              |            4.64 |            3721.44 |   0.32281674578038155
 AAAAAAAAIPLBAAAA | Extensive issues shall ask immediate, large companies. Precise, social parents might not want almost kind vehicles. Far from black powers work then. Subsequently obvious                                | Men                                                | pants                                              |             3.3 |            6117.77 |    0.5306866704374771
 AAAAAAAAJAKAAAAA | Otherwise big individuals know wild, tight companies. External, other kids apologise totally markets. Mi                                                                                                 | Men                                                | pants                                              |            7.66 |            2497.28 |   0.21662684415237954
 AAAAAAAAJCLDAAAA | Other branches could not give new women. Future, direct preferences agree also national woods. Now substantial areas make else often o                                                                   | Men                                                | pants                                              |              37 |             762.39 |   0.06613360925219944
 AAAAAAAAJCPCAAAA | Loud strong preparations meet societies. Gentle abilities make pp.. Groups might count so here tough classes; only human directions should compensate yesterday strictly overseas jobs                   | Men                                                | pants                                              |            4.98 |  5499.400000000001 |    0.4770460928416501
 AAAAAAAAJGBDAAAA | Buildings might remove. Else intense popu                                                                                                                                                                | Men                                                | pants                                              |            2.97 |  8875.119999999999 |    0.7698733169983607
 AAAAAAAAJHLBAAAA | Historians used to see away from the years. National, real rats feel slightly at least right groups. Main things must result often red papers. There                                                     | Men                                                | pants                                              |            2.63 |            5773.78 |    0.5008472178650876
 AAAAAAAAJIIDAAAA | Black structures might flow straight; difficult counties know for a wings. Grand projects must mean considerably to the facilities. Familiar men carry clea                                              | Men                                                | pants                                              |            8.65 |            6809.96 |    0.5907307725220794
 AAAAAAAAJKADAAAA | Raw, wrong activities might stand plain policies; american, different documents canno                                                                                                                    | Men                                                | pants                                              |           51.99 |             872.96 |   0.07572501676674671
 AAAAAAAAJMAEAAAA | Other services join differences; original, particular animals realise more yellow forms. Economically particular recommendations used                                                                    | Men                                                | pants                                              |            1.36 |            9798.15 |    0.8499416617406288
 AAAAAAAAJMEAAAAA | Happy, attractive dangers could develop                                                                                                                                                                  | Men                                                | pants                                              |             2.8 |            3729.26 |    0.3234950925902193
 AAAAAAAAJOIAAAAA | Central, central groups could not phone. Really basic times will walk internal, social times. Ashamed police will not sound simple, big refugees; classes ought to engage. Secondary levels must not c   | Men                                                | pants                                              |            3.81 |            5971.75 |    0.5180201485484096
 AAAAAAAAJPBAAAAA | Immediate friends learn already. Yesterday important deals will come once t                                                                                                                              | Men                                                | pants                                              |            8.32 |           10212.42 |    0.8858775610899233
 AAAAAAAAKALCAAAA | Voluntary,                                                                                                                                                                                               | Men                                                | pants                                              |            4.63 | 5276.6900000000005 |    0.4577270879798899
 AAAAAAAAKCKBAAAA | Industrial, basic times know in general customers. Good supplies like hardly huge ho                                                                                                                     | Men                                                | pants                                              |            1.62 |            1266.35 |   0.10984967808670465
 AAAAAAAAKEFAAAAA | Financial, moving effects enjoy further today different politicians; favorable, english cities must not know great,                                                                                      | Men                                                | pants                                              |            7.63 |             7984.9 |    0.6926510795234556
 AAAAAAAAKEFBAAAA | Similar, social posts purchase soon essential costs. Eventually artistic conditions pay about a feelings; jobs shall not recover even electoral days. Officers could mention particularly compe          | Men                                                | pants                                              |            3.06 |             2161.8 |   0.18752559252010753
 AAAAAAAAKFCDAAAA | Carefully male tasks shall demonstrate anyway from a hands. Digital, standard talks forget elsewhere in no creditors. Small, deaf lengths sho                                                            | Men                                                | pants                                              |            4.49 |             275.32 |  0.023882665432804144
 AAAAAAAAKFHDAAAA | Official, unlikely ministers disappear ways. New, generous products stick yet. Courses would tell always other prices. Popular, integrated colleagues make. Sh                                           | Men                                                | pants                                              |            8.77 |            2917.26 |    0.2530580581160185
 AAAAAAAAKGDAAAAA | Main, special ministers ought to analyse old resources. Relevant eyes mention quiet, nuclear faces. Foreign, acute parts accept always hours. Bri                                                        | Men                                                | pants                                              |           79.54 |           10162.22 |    0.8815229562492768
 AAAAAAAAKGECAAAA | Glasses might consider pretty now alone careers. Independent developments will not suit always; different, human contents shall expect also. Free, silly c                                               | Men                                                | pants                                              |             2.1 |            9283.04 |    0.8052583848588486
 AAAAAAAAKGHAAAAA | Deep good years look perhaps available holes. Clients answer so as. Silently good chips say formerl                                                                                                      | Men                                                | pants                                              |            4.27 | 10802.699999999999 |     0.937081468367548
 AAAAAAAAKHPAAAAA | Standard buildings may not outweigh well at the years. Citizens would not get; adjacent, used restrictions think against the applications. Perfectly nort                                                | Men                                                | pants                                              |            8.48 | 7005.4800000000005 |    0.6076911776703501
 AAAAAAAAKIODAAAA | Necessary workers ought to arrive. Domestic, english sciences will not define intervals. Proceedings will listen comfortable, jap                                                                        | Men                                                | pants                                              |            1.79 |             517.08 |   0.04485416476098492
 AAAAAAAAKKDAAAAA | Complex, total negotiations can provide therefo                                                                                                                                                          | Men                                                | pants                                              |            1.27 |            1420.06 |   0.12318326992048471
 AAAAAAAAKKFDAAAA | Ethnic parties could help close, frequent costs. Common nerves stop aspects. Extensive, international feet would pass all full, secondary goals. Hardly other lives make also local times. Great house   | Men                                                | pants                                              |            8.45 |            2150.34 |    0.1865314934867647
 AAAAAAAAKKJDAAAA | Close, large techniques might not attach especial                                                                                                                                                        | Men                                                | pants                                              |            3.62 |  4887.200000000001 |    0.4239407326136874
 AAAAAAAAKLABAAAA | Perhaps italian intervals deal so general miles. Right, doubtful interests kil                                                                                                                           | Men                                                | pants                                              |            4.75 |            2094.66 |    0.1817015254085338
 AAAAAAAAKLDBAAAA | Comparable, cultural organisations go well wide suggestions. Shortly low minds endure eve                                                                                                                | Men                                                | pants                                              |            4.31 |  9750.380000000001 |     0.845797847532707
 AAAAAAAAKMCBAAAA | Lovely centuries ought to consider. Little, true men should not explain benefits; words may move already different, difficult terms. New, brief areas used to fall similar, busy int                     | Men                                                | pants                                              |            7.51 |            8911.28 |    0.7730100204054879
 AAAAAAAAKMMDAAAA | Le                                                                                                                                                                                                       | Men                                                | pants                                              |             4.9 |           29179.82 |     2.531206880900214
 AAAAAAAAKPBAAAAA | Developments might not agree ways. However old suggestions will open aside enough flexible systems. Variable skills shar                                                                                 | Men                                                | pants                                              |            1.57 |            9597.82 |    0.8325640125827265
 AAAAAAAAKPKAAAAA | National imports get sometimes do                                                                                                                                                                        | Men                                                | pants                                              |             1.6 |           16287.61 |    1.4128706244733222
 AAAAAAAALACAAAAA | Times hold through a titles. Home christian restaurants ought to matter bad, physical months; police give then public years. Policies acknowledge as new, certain                                        | Men                                                | pants                                              |            3.65 |             3784.7 |    0.3283042418405268
 AAAAAAAALBHAAAAA | Activities earn forward among the levels. Most very problems will not ensure by the pa                                                                                                                   | Men                                                | pants                                              |            4.88 |           19433.38 |    1.6857508091259168
 AAAAAAAALBOCAAAA | Children win further. Passengers pull here m                                                                                                                                                             | Men                                                | pants                                              |            3.44 |            2009.22 |   0.17429002266780017
 AAAAAAAALCJAAAAA | Conscious creatur                                                                                                                                                                                        | Men                                                | pants                                              |            0.98 |  6917.349999999999 |    0.6000463305666415
 AAAAAAAALGACAAAA | Quite important images get always in a men. Important, reliable words may give there more nor                                                                                                            | Men                                                | pants                                              |            9.72 |  7249.250000000001 |    0.6288370346823895
 AAAAAAAALJJCAAAA | Mental, dead effects comply indeed democrats. Organic bo                                                                                                                                                 | Men                                                | pants                                              |             0.1 |             743.53 |   0.06449759635788488
 AAAAAAAALNBAAAAA | However initial opportunities put as. Faces may not examine characteristically new, wide heads. So ideal w                                                                                               | Men                                                | pants                                              |             4.1 |             117.82 |  0.010220309608066918
 AAAAAAAALOGAAAAA | Massive workers wait miles. Able citizens get rates. Gentlemen ought to get presumably from a sports. Eyes develop then violent plans. Corporate constraints must not hear from                          | Men                                                | pants                                              |             3.7 |            11127.4 |    0.9652476076455936
 AAAAAAAAMANAAAAA | Passengers know technical, high buyers. Likely, busy vessels pull also physical, dull teeth. Prospects migh                                                                                              | Men                                                | pants                                              |             1.6 |            4310.88 |    0.3739477871602743
 AAAAAAAAMDJBAAAA | Apparent communities will repay so as joint others. Relations lay bad rules. Companies might us                                                                                                          | Men                                                | pants                                              |           12.08 |  5772.450000000001 |    0.5007318468603454
 AAAAAAAAMECBAAAA | New, interesting teachers hold sometimes only present rules. Various, new relations                                                                                                                      | Men                                                | pants                                              |            1.62 |            7602.41 |    0.6594719399716858
 AAAAAAAAMEGEAAAA | Very typical months would conflict cool great statistical requests. Teams might not take often comprehensive flowers. Exceptions must not guarantee obviously students. Cultural, new ages               | Men                                                | pants                                              |            3.71 |            2432.44 |   0.21100229080840516
 AAAAAAAAMFAAAAAA | Much other hands might hold; clear, diff                                                                                                                                                                 | Men                                                | pants                                              |            3.25 |            1129.42 |   0.09797166930523629
 AAAAAAAAMFGCAAAA | Cultural, beautiful names will not accept h                                                                                                                                                              | Men                                                | pants                                              |            6.96 |           13602.31 |    1.1799339635452786
 AAAAAAAAMFIAAAAA | Single, rural                                                                                                                                                                                            | Men                                                | pants                                              |            1.48 | 15685.429999999998 |    1.3606344503111616
 AAAAAAAAMGKBAAAA | Au                                                                                                                                                                                                       | Men                                                | pants                                              |            0.97 |            4915.58 |    0.4264025590156305
 AAAAAAAAMGOCAAAA | Right rich programmes could wake. Just electrical men ought to use hopelessly. Private det                                                                                                               | Men                                                | pants                                              |           36.14 |            1148.16 |   0.09959727278558916
 AAAAAAAAMIJDAAAA | Problems                                                                                                                                                                                                 | Men                                                | pants                                              |            0.81 |            1501.15 |   0.13021743140510655
 AAAAAAAAMJMBAAAA | Pretty sure experiments cannot settle in terms of the ages.                                                                                                                                              | Men                                                | pants                                              |            1.61 | 13600.280000000002 |    1.1797578709590935
 AAAAAAAAMKPBAAAA | Environmental names meet as well. Then decisive week                                                                                                                                                     | Men                                                | pants                                              |            3.61 |            21310.7 |    1.8485991509474766
 AAAAAAAAMLFAAAAA | Important powers used to get other, black operations. Expectations get again in a russians. Other stars could                                                                                            | Men                                                | pants                                              |            9.35 |  4573.610000000001 |     0.396738331578263
 AAAAAAAAMLKCAAAA | Now suitable years provide. New things return. Details lay else small e                                                                                                                                  | Men                                                | pants                                              |            4.67 |             287.47 |   0.02493661859642673
 AAAAAAAAMPEBAAAA | Thousands obtain however therefore american courses. Together statistical conferences separate accountants. Also                                                                                         | Men                                                | pants                                              |           61.59 |            3808.77 |   0.33039219679101206
 AAAAAAAANBFAAAAA | Hotels tear sports. Also happy awards ought to know of course on a years. Organizations would not indicate now wild, linguistic reports. Rates secure extremely sides. Police should n                   | Men                                                | pants                                              |            2.51 |            5290.26 |   0.45890421920872604
 AAAAAAAANECAAAAA | Subsequently fiscal sports encourage faster likely advantages; organic doors set tropical, british films. Ethical, sorry views honour above at                                                           | Men                                                | pants                                              |            7.58 |            1610.49 |   0.13970214242654636
 AAAAAAAANLDBAAAA | Well independent connections keep very police; dead flowe                                                                                                                                                | Men                                                | pants                                              |            6.02 |            3392.74 |    0.2943036260369458
 AAAAAAAANODEAAAA | Still easy eggs might not take well other, great schools. Black, particular circumstances will shout much ordinarily ol                                                                                  | Men                                                | pants                                              |            7.09 |           10568.36 |     0.916753617802666
 AAAAAAAAOEHBAAAA | Corporate pilots recreate in a teams. White, general courses find better never international funds. Attractive, main expectations may fear only true offi                                                | Men                                                | pants                                              |            3.53 | 15075.800000000001 |    1.3077520250322123
 AAAAAAAAOEICAAAA | Of course social statement                                                                                                                                                                               | Men                                                | pants                                              |            1.84 | 4083.8100000000004 |    0.3542505735912389
 AAAAAAAAOGODAAAA | Economic,                                                                                                                                                                                                | Men                                                | pants                                              |            5.03 |             319.36 |  0.027702920356749716
 AAAAAAAAOHAEAAAA | Materials must offer. Alternatives hang                                                                                                                                                                  | Men                                                | pants                                              |            0.42 | 2121.9900000000002 |   0.18407226943831204
 AAAAAAAAOHFCAAAA | Inte                                                                                                                                                                                                     | Men                                                | pants                                              |           42.86 |  6170.219999999999 |    0.5352364517899054
 AAAAAAAAOHLDAAAA | In                                                                                                                                                                                                       | Men                                                | pants                                              |            1.76 |            4933.73 |   0.42797698287733826
 AAAAAAAAOHOCAAAA | Sadly local women add far on the men. Marine cases keep later; light personnel form later good trees. Strange policies would play. Final, electric days can get profoundly lik                           | Men                                                | pants                                              |             2.9 | 2674.9700000000003 |   0.23204058387617355
 AAAAAAAAOILCAAAA | Freshly old kinds would imply yet also slow enterprises. Darling offences used to influence more on a words. Again poor authorities tell there days. Ea                                                  | Men                                                | pants                                              |            5.62 | 1834.8000000000002 |    0.1591599394744626
 AAAAAAAAOJFDAAAA | However available arrangement                                                                                                                                                                            | Men                                                | pants                                              |            8.92 |            4202.27 |    0.3645264000737683
 AAAAAAAAOJPDAAAA | Also outside prices might live                                                                                                                                                                           | Men                                                | pants                                              |             2.3 |            8596.47 |    0.7457017903281193
 AAAAAAAAOKOAAAAA | Barriers meet no doubt good, central materials; hopes take too other, small demands. Fees might decide properties; law                                                                                   | Men                                                | pants                                              |            1.11 |            8211.42 |    0.7123005832784999
 AAAAAAAAOMCBAAAA | Most personal masses cannot complete. Male, military years take indeed long main cats. Previous, terrible award                                                                                          | Men                                                | pants                                              |            6.55 |             320.27 |  0.027781858412625975
 AAAAAAAAOPJDAAAA | Others would stand recently likely months. Appropriate, popular girls fight from an men. As apparent structures may mean by a contents. Popular days ca                                                  | Men                                                | pants                                              |            0.44 |           12101.95 |    1.0497850607820867
 AAAAAAAAPCGCAAAA | Thinly personal items                                                                                                                                                                                    | Men                                                | pants                                              |            8.76 |              26.37 | 0.0022874687180845753
 AAAAAAAAPEHCAAAA | Indicators must not h                                                                                                                                                                                    | Men                                                | pants                                              |            1.53 |            3495.39 |    0.3032080122300206
 AAAAAAAAPFBEAAAA | Ready, british reductions would not know relatively soon reliable v                                                                                                                                      | Men                                                | pants                                              |            0.77 |             176.73 |  0.015330464412100378
 AAAAAAAAPGDBAAAA | Workers fall to a doors. Automatic provisions must enjoy later clearly dutch schemes. Nervous questions report surely expectations. Germans should lead completely. Urban, crucial fires know yester     | Men                                                | pants                                              |            8.38 |            2092.35 |   0.18150114418977098
 AAAAAAAAPJNAAAAA | European, free structures acknowledge. Interesting, colonial figures will not counter about different forms. Ears sound now likely, particular pattern                                                   | Men                                                | pants                                              |            4.71 |            1827.96 |   0.15856660287864544
 AAAAAAAAPMLCAAAA | Organizations believe major companies; inside entire facilities modernise just parties. Small cells leave somehow; different, traditional structures m                                                   | Men                                                | pants                                              |             8.3 |            9079.56 |    0.7876074885844515
 AAAAAAAAPOBEAAAA | Other, cognitive cases should appreciate studies. Single, detailed talks will drift also finger                                                                                                          | Men                                                | pants                                              |             1.1 |             1195.8 |   0.10372981012838586
 AAAAAAAAPOEBAAAA | Real services would not see generous, different agents; new purposes may not win off a numbers; narrow pressures could like from a findings. C                                                           | Men                                                | pants                                              |            0.27 |            3107.08 |   0.26952401610110815
 AAAAAAAAABCCAAAA | Alleged varieties operate in a years. English, young incentives attract for a concerns. Increasingly conscious reasons                                                                                   | Men                                                | shirts                                             |            4.45 |             9687.5 |    0.7589809659482396
 AAAAAAAAABEDAAAA | Almost useful areas shall keep up to with a women. Systems can fall more united eyes. Artists                                                                                                            | Men                                                | shirts                                             |            1.26 |            4980.23 |    0.3901832026884543
 AAAAAAAAADFCAAAA | Demands must get banks. Historical, due methods afford also dominant areas. Clear states cannot expect usually. Main, new                                                                                | Men                                                | shirts                                             |            0.97 |             433.62 |   0.03397257563401039
 AAAAAAAAAFMCAAAA | Forests develop still n                                                                                                                                                                                  | Men                                                | shirts                                             |            4.48 | 4952.9400000000005 |   0.38804512882412123
 AAAAAAAAAGFCAAAA | Photographs might not prove home serious persons. Easy rough employers shall not face boots; professionals rol                                                                                           | Men                                                | shirts                                             |           45.68 |            8761.91 |    0.6864643009395138
 AAAAAAAAAICAAAAA | Intense, young years enter about dogs. Times should contradict now different, decent factors; as active things ought to accept                                                                           | Men                                                | shirts                                             |            0.66 |            7783.83 |    0.6098352322247108
 AAAAAAAAAIDAAAAA | High miles remember only functional centres. Economic books agree too with a weeks; new gr                                                                                                               | Men                                                | shirts                                             |            9.15 |            3188.58 |   0.24981383519001166
 AAAAAAAAAINBAAAA | Ancient, e                                                                                                                                                                                               | Men                                                | shirts                                             |            8.95 |             943.16 |   0.07389321164838625
 AAAAAAAAAJCAAAAA | Proper, effective                                                                                                                                                                                        | Men                                                | shirts                                             |           81.44 | 12798.050000000001 |     1.002681429806851
 AAAAAAAAAJKBAAAA | Interesting poems make for a attempts. References may block on a ladies. Only distinct parents shall prevent of course for the reforms. Most desperate associations understand still.                    | Men                                                | shirts                                             |            8.56 |           18569.22 |      1.45483195174249
 AAAAAAAAAKEAAAAA | Mostly possible disciplines co                                                                                                                                                                           | Men                                                | shirts                                             |             1.1 |             717.99 |   0.05625194774102468
 AAAAAAAAALFDAAAA | Increasing                                                                                                                                                                                               | Men                                                | shirts                                             |            1.59 |             1467.8 |    0.1149968786393627
 AAAAAAAAALGDAAAA | Unfortunately comfortable talks concentrate unlikely, effective years; completely glorious districts shall say aloud                                                                                     | Men                                                | shirts                                             |            1.56 |             3523.5 |    0.2760536189438578
 AAAAAAAAALIBAAAA | International films sense for a children. Wide, improved days pay pp.. Sentences would not like political, s                                                                                             | Men                                                | shirts                                             |            4.12 |           10136.49 |    0.7941577260928694
 AAAAAAAAAOMDAAAA | Modern trials lend more supporters. There practical funds replace very strictly great parents. Days m                                                                                                    | Men                                                | shirts                                             |            4.73 |           11083.52 |    0.8683541383955234
 AAAAAAAABEPCAAAA | Full, bitter skills link yesterday other, acceptable hours. Good, aware lives shall call therefore extreme                                                                                               | Men                                                | shirts                                             |            2.84 | 3349.3999999999996 |    0.2624135068229196
 AAAAAAAABFEAAAAA | Versions would make tight nights; pink minutes adopt complex activities; immediately southern victims free often useful agencies. Different, dangerous millions thi                                      | Men                                                | shirts                                             |            4.26 | 1708.9099999999999 |   0.13388698451804967
 AAAAAAAABINAAAAA | Popular roles may apply then secret profits. Much darling pains will not defend equivalent words. Particularly national magistrates pay between the times. Par                                           | Men                                                | shirts                                             |            5.19 |  7490.300000000001 |    0.5868382068895072
 AAAAAAAABLLCAAAA | Social countri                                                                                                                                                                                           | Men                                                | shirts                                             |            3.64 | 5869.9400000000005 |    0.4598887980653636
 AAAAAAAABPGDAAAA | Desperate, popular gifts may win. Practical pp. return                                                                                                                                                   | Men                                                | shirts                                             |            4.34 |                    |                      
 AAAAAAAACBJCAAAA | Electric, br                                                                                                                                                                                             | Men                                                | shirts                                             |           15.58 |            6242.71 |    0.4890939939029404
 AAAAAAAACCCCAAAA | Normal, small boys can hold at a tears. Clear, great measures will persuade severe, administrative events. Soft aspects allow any longer. Common, socialist policies can produ                           | Men                                                | shirts                                             |            4.97 |  7890.450000000001 |    0.6181885277694233
 AAAAAAAACDFDAAAA | National flowers take as well liable characters; eyes resume also already obvious measurements. Human police look almost therefore similar comp                                                          | Men                                                | shirts                                             |            6.73 |           24677.22 |    1.9333718990985516
 AAAAAAAACDIAAAAA | Red, british universities should not retain at least also inner guests. Kinds would enforce for example en                                                                                               | Men                                                | shirts                                             |               4 | 1774.8500000000001 |   0.13905314760394666
 AAAAAAAACEMBAAAA | Inside small skills will like actually like the courses. Urban, full investors believe more award                                                                                                        | Men                                                | shirts                                             |            3.48 |           13631.74 |    1.0679980586069941
 AAAAAAAACFIBAAAA | Constant,                                                                                                                                                                                                | Men                                                | shirts                                             |            9.12 |            9578.69 |     0.750456091738709
 AAAAAAAACFLCAAAA | Considerable, political cells will open below                                                                                                                                                            | Men                                                | shirts                                             |            1.13 |  7187.820000000001 |     0.563139981074795
 AAAAAAAACGNBAAAA | Explanations strike around average, do                                                                                                                                                                   | Men                                                | shirts                                             |            0.57 |             3357.4 |    0.2630402782012511
 AAAAAAAACHCAAAAA | Even local policies could lay regulations. Magnificent matters shall secure still social, dar                                                                                                            | Men                                                | shirts                                             |            1.65 |            3555.79 |    0.2785834249196481
 AAAAAAAACHCCAAAA | Dry officers try. Already political points can include little studies. Local prospects ought to show close separate, central sports. Fruits                                                              | Men                                                | shirts                                             |            2.39 |             3365.6 |    0.2636827188640408
 AAAAAAAACIADAAAA | Earlier real levels will call gently other months. Usual, chief producers cut                                                                                                                            | Men                                                | shirts                                             |           78.87 |           16545.11 |    1.2962501749181812
 AAAAAAAACJHCAAAA | Of course main servants keep to                                                                                                                                                                          | Men                                                | shirts                                             |            5.17 | 2894.3199999999997 |   0.22675961696653513
 AAAAAAAACMAAAAAA | Total honour                                                                                                                                                                                             | Men                                                | shirts                                             |            4.13 |            1510.29 |   0.11832581812252561
 AAAAAAAACMNBAAAA | Civil, previous stations can worry quite just little churches. Soon new days name surely common boys. Splendid, dry parents should attract just high, military feet. Damages cannot hear certa           | Men                                                | shirts                                             |            8.36 |             199.92 |  0.015663016744502923
 AAAAAAAACMNCAAAA | International needs manufacture so. There dramatic complaints may not know so determined orthodox reasons. Short services should not reflect with the ways. Factors order only. Double thin              | Men                                                | shirts                                             |             3.2 |            4627.39 |    0.3625394510471458
 AAAAAAAACNDBAAAA | Strange principles create all. Ago efficient reports might tell briefly in a words; things make just english stars. General restrictions shall not seem heavily parents. Inc men will belong poss        | Men                                                | shirts                                             |            1.42 |            8869.09 |    0.6948614704807095
 AAAAAAAACNIDAAAA | Chronic couples should                                                                                                                                                                                   | Men                                                | shirts                                             |            0.61 |           10697.49 |    0.8381100689983623
 AAAAAAAACOKAAAAA | Good skills use again numbers; leaders must come even white, leading years; similar, married problems used to ring                                                                                       | Men                                                | shirts                                             |            8.42 |            7609.03 |    0.5961402776081687
 AAAAAAAADCACAAAA | Premises shall take then largely ultimate cars. Pairs must know well years; cars st                                                                                                                      | Men                                                | shirts                                             |            7.04 |  9308.869999999999 |     0.729316660076035
 AAAAAAAADCBBAAAA | Key females could clear further dry, male results. Kindly concerned years could apply then like a securities. Easy words should join just small,                                                         | Men                                                | shirts                                             |            0.41 |            1335.04 |    0.1045956076159523
 AAAAAAAADHFBAAAA | Enormous things ought to fill this poor activities. Particularly likely circumstances manage never; practical in                                                                                         | Men                                                | shirts                                             |            5.82 |  5520.530000000001 |    0.4325137746525147
 AAAAAAAADHKCAAAA | Areas find simply clever programmes. Indian gentlemen arrive in addition;                                                                                                                                | Men                                                | shirts                                             |            0.87 |            6656.56 |    0.5215176607682492
 AAAAAAAADIOAAAAA | Considerable, local winds cannot wish. Blue users should not appreciate all local, large animals. Ways know sometimes goals                                                                              | Men                                                | shirts                                             |            4.26 |               37.6 |  0.002945825478157813
 AAAAAAAADKDAAAAA | Other, compl                                                                                                                                                                                             | Men                                                | shirts                                             |            3.51 |            1708.51 |    0.1338556459491331
 AAAAAAAADMCCAAAA | Musical travellers exert eyes. Little, other hours understand e                                                                                                                                          | Men                                                | shirts                                             |            3.37 |             8740.5 |    0.6847869040382543
 AAAAAAAADMJBAAAA | Windows will not hold to the reserves. Ashamed members would argue available, complete years. Individuals must not bother more than later important tre                                                  | Men                                                | shirts                                             |             3.9 |           17218.54 |    1.3490110060818996
 AAAAAAAADMNAAAAA | Shortly acceptable needs may earn well new, small members. Problems wil                                                                                                                                  | Men                                                | shirts                                             |            4.81 |           18738.68 |    1.4681085364639959
 AAAAAAAADNIBAAAA | Only foreign vegetables must encourage abs                                                                                                                                                               | Men                                                | shirts                                             |            5.24 |            4734.98 |   0.37096874262148083
 AAAAAAAADPDBAAAA | Useless links prove eyes. Then rural reasons invest authorities. Regular, desirable towns prevent sure environments. Gently roman children become as                                                     | Men                                                | shirts                                             |           45.41 |            1784.82 |   0.13983426143419223
 AAAAAAAAEBCDAAAA | Actual governments happen curiously national issues; requirements would blame luckily traditional teeth. Formal, ancient factors                                                                         | Men                                                | shirts                                             |            2.86 |            8010.34 |    0.6275814803379429
 AAAAAAAAECEAAAAA | Good foreign features stop long, new groups. Parts decide journals. Fair little dogs ought to get.                                                                                                       | Men                                                | shirts                                             |               7 | 22723.530000000002 |    1.7803072773320057
 AAAAAAAAECJCAAAA | Ever grand matters achieve either constant, tough buses; villages resign proper descriptions. Nuclear fathers                                                                                            | Men                                                | shirts                                             |             6.7 |  9049.529999999999 |    0.7089982989189753
 AAAAAAAAEDHCAAAA | Both prime letters show industrial, high events. Notes cannot go exclusively in need                                                                                                                     | Men                                                | shirts                                             |            2.92 |            5365.09 |    0.4203356067715346
 AAAAAAAAEFACAAAA | Reduced, other homes might require again women. Political, continued things would                                                                                                                        | Men                                                | shirts                                             |            5.44 |            4891.31 |    0.3832166388183003
 AAAAAAAAEFAEAAAA | Present documents would dri                                                                                                                                                                              | Men                                                | shirts                                             |             7.7 |             576.32 |   0.04515261009499763
 AAAAAAAAEGGAAAAA | Consistent, difficult subjects can confirm never else strong attempts. Cities come                                                                                                                       | Men                                                | shirts                                             |            4.76 |  6814.780000000001 |    0.5339136317031995
 AAAAAAAAEHLAAAAA | Area                                                                                                                                                                                                     | Men                                                | shirts                                             |            2.45 |            7688.27 |    0.6023484481105417
 AAAAAAAAEHODAAAA | Particular, free standards move so. Leading, present wages contemplate only in a standards. Enough accessible documents look national eyes.                                                              | Men                                                | shirts                                             |            3.19 |            2231.98 |   0.17486764762602858
 AAAAAAAAEIBBAAAA | Inappropriate trees worry very papers. Dead songs return large officials. Fields inform as a tee                                                                                                         | Men                                                | shirts                                             |            7.46 |            1150.08 |   0.09010465334892918
 AAAAAAAAEJADAAAA | Personal nurses work then rough factors. Final, rural words used to rain finely concerned procedures; recently brown readers exceed deliberately never financial benefits. Impossibl                     | Men                                                | shirts                                             |             5.1 |           16619.43 |    1.3020728810228803
 AAAAAAAAEKCBAAAA | Political, empirica                                                                                                                                                                                      | Men                                                | shirts                                             |             7.7 |             994.65 |   0.07792726893217203
 AAAAAAAAEKLDAAAA | Most possible videos will try very. Following                                                                                                                                                            | Men                                                | shirts                                             |            4.16 | 10783.119999999999 |    0.8448188731391775
 AAAAAAAAELHBAAAA | Wonderfully new forests must break into a markets. Regions repeat traditional servants. Effective feet reduce long. Machines used to accept for a mana                                                   | Men                                                | shirts                                             |            6.43 |            8232.25 |    0.6449673349086344
 AAAAAAAAELIDAAAA | Regional, small circumstances could prefer. Courses break. Studies could not get girls. Ever available po                                                                                                | Men                                                | shirts                                             |            1.34 |            2599.12 |   0.20363175310610462
 AAAAAAAAEOABAAAA | Basic, mi                                                                                                                                                                                                | Men                                                | shirts                                             |            6.86 |            6386.23 |    0.5003382724302066
 AAAAAAAAEPOBAAAA | Affairs will not stop still miserable, new policies. Lips remedy howev                                                                                                                                   | Men                                                | shirts                                             |             8.4 |             387.72 |  0.030376474850833703
 AAAAAAAAFAIDAAAA | Over there consistent examples must not build then. Small applications shall find requirements. Very previous ambitions meet as old characteristics. Even great kinds may help always left obvious y     | Men                                                | shirts                                             |            9.59 |            15306.1 |    1.1991781742348748
 AAAAAAAAFBDBAAAA | Away continuous stores shall not become however details. Minutes take very to a companies. Fresh, safe characters protect as more human kinds. Clear, economic acts test about in the clients. Proc      | Men                                                | shirts                                             |            6.85 | 14695.740000000002 |    1.1513586519250771
 AAAAAAAAFBDEAAAA | Slowly recent lovers win central, precise centres. Corporate, fine cars might go things. Important, equal a                                                                                              | Men                                                | shirts                                             |            3.54 |  8950.369999999999 |    0.7012294676845569
 AAAAAAAAFLDDAAAA | Formal eggs should repla                                                                                                                                                                                 | Men                                                | shirts                                             |             3.4 |            1648.71 |   0.12917052989610553
 AAAAAAAAGDFCAAAA | Scholars treat as related profits. Lips shall not return only young standards; chinese, heavy types become inside working areas. Gold rights become grateful contacts. Quarters may withstand new        | Men                                                | shirts                                             |            0.51 |            3508.61 |    0.2748870407159384
 AAAAAAAAGDNAAAAA | Yesterday nasty experiments used to see no longer from a contents. So free days shall not know problems; financial, s                                                                                    | Men                                                | shirts                                             |             5.1 |            1022.88 |   0.08013898843345914
 AAAAAAAAGEHDAAAA | General places should become warmly at a centres. Illegal boys believe devel                                                                                                                             | Men                                                | shirts                                             |            3.95 |           10725.97 |    0.8403413751052222
 AAAAAAAAGEIBAAAA | Communications make. Birds meet most technologies. Other republics cannot stay also pure occasions. Quite prime stages commit in a lines. Crucial, subsequen                                             | Men                                                | shirts                                             |           42.15 |            3214.58 |   0.25185084216958886
 AAAAAAAAGEPDAAAA | Never personal owners can                                                                                                                                                                                | Men                                                | shirts                                             |           62.09 |            8774.98 |    0.6874882886788629
 AAAAAAAAGGFCAAAA | Reasonable, white feet might make only previous charges; schools march constant ways. Even original sorts might relax very. Areas will help adults. Only, administrative injurie                         | Men                                                | shirts                                             |             4.7 | 1440.1399999999999 |   0.11282981659878172
 AAAAAAAAGGJCAAAA | Too urban subjects speed naturally. Plants would identify yards. Completely rational engines shall live successful forms; earl                                                                           | Men                                                | shirts                                             |            0.13 |             215.82 |   0.01690872485893668
 AAAAAAAAGGKDAAAA | National, central departments might rush however single attacks. Rights could see producers. New i                                                                                                       | Men                                                | shirts                                             |           22.94 |             1676.5 |    0.1313477769715844
 AAAAAAAAGGPBAAAA | Political animals te                                                                                                                                                                                     | Men                                                | shirts                                             |            8.58 |           17317.37 |    1.3567539829969617
 AAAAAAAAGHDAAAAA | Free, special months go only coming                                                                                                                                                                      | Men                                                | shirts                                             |            9.35 |           19927.76 |    1.5612687002822907
 AAAAAAAAGHGBAAAA | Barriers may want. Totally white women prevent specially instead official patients. Only important figures cover by the groups; politica                                                                 | Men                                                | shirts                                             |            2.62 |             753.25 |  0.059014442591020545
 AAAAAAAAGHMBAAAA | Various, ambitious conditions can sell just                                                                                                                                                              | Men                                                | shirts                                             |           46.31 |  631.4699999999999 |   0.04947341528437005
 AAAAAAAAGHOBAAAA | Pounds might not find committees. Ever european concentrations illustrate gently e                                                                                                                       | Men                                                | shirts                                             |            7.96 |             512.43 |   0.04014705717479808
 AAAAAAAAGIKCAAAA | Here natural activities go relative, recent tasks; reasonably short-term legs would not issue especially attractive free w                                                                               | Men                                                | shirts                                             |            0.42 |              935.8 |    0.0733165819803213
 AAAAAAAAGKIBAAAA | Existing, powerful units back simply british, new customers. High methods may work in a options. Natural, long arrangements shall ask comparatively likely sectors. Current paintings may note there     | Men                                                | shirts                                             |            8.65 |            1569.81 |    0.1229889971773116
 AAAAAAAAGLDDAAAA | New dreams will not                                                                                                                                                                                      | Men                                                | shirts                                             |            3.16 |            9721.83 |    0.7616705986255045
 AAAAAAAAGMKAAAAA | So concrete years cause far problems. Social expenses will keep everyday, spe                                                                                                                            | Men                                                | shirts                                             |            1.05 |           11027.64 |    0.8639761403178783
 AAAAAAAAGNGDAAAA | Recent assum                                                                                                                                                                                             | Men                                                | shirts                                             |            7.26 | 3910.6800000000003 |    0.3063877867266541
 AAAAAAAAGOBCAAAA | Crops may not return quite young, difficult requests; systems must bring again specific, constant conditions. Aloft foreign things should not feel thus.                                                 | Men                                                | shirts                                             |            2.01 |  5884.749999999999 |    0.4610491085794996
 AAAAAAAAGPIDAAAA | Interests go stiffly ago useful authorities. Big, technical contributions go western, financial members. Aspects can retrieve therefore special men; fields take today bi                                | Men                                                | shirts                                             |            7.47 |            2983.09 |   0.23371442887334548
 AAAAAAAAHCCCAAAA | Particular, sad projects deliver still bad readers; later                                                                                                                                                | Men                                                | shirts                                             |            7.17 | 3432.0399999999995 |   0.26888805516108344
 AAAAAAAAHDECAAAA | Essential women shall not keep small, small managers. Strong police blow largely general, silent subjects. Surprised, acceptable operations may take uniquely in a months; main, emotional miners cou    | Men                                                | shirts                                             |            5.44 |            1892.46 |   0.14826747032964188
 AAAAAAAAHFDEAAAA | Corporate, open teeth borrow urban countries; suc                                                                                                                                                        | Men                                                | shirts                                             |            8.01 |            4311.98 |    0.3378282059922054
 AAAAAAAAHFGBAAAA | Obviously numerous hearts stand good feet. Enough young children might not achieve quickly; o                                                                                                            | Men                                                | shirts                                             |               9 | 12926.519999999999 |     1.012746594678631
 AAAAAAAAHGGDAAAA | Linguistic, white models come more elections. British years shall find. Within sharp members should remove more owing to the wages. For example main poles understand never british grounds. Originally  | Men                                                | shirts                                             |               1 |            8734.11 |     0.684286270399812
 AAAAAAAAHGNCAAAA | Stations can reflect now free provisions; ethnic hands go for example mostly local names. Sequences give as a reasons; almost high years detect beforehand. Free, responsible households will            | Men                                                | shirts                                             |            5.81 |           16464.09 |    1.2899025477841293
 AAAAAAAAHJNCAAAA | Shops might matter perhaps again various lives; various doors would cry                                                                                                                                  | Men                                                | shirts                                             |            5.21 |           10293.23 |    0.8064377443228282
 AAAAAAAAHKLAAAAA | Irish, immediate modes might not try only activities. Crowds should keep more efforts. Clearly recent children get as foreign books. Members should talk. All steep i                                    | Men                                                | shirts                                             |           80.38 |              422.4 |  0.033093528775900535
 AAAAAAAAHNLAAAAA | Full banks live more cour                                                                                                                                                                                | Men                                                | shirts                                             |            7.47 |            9805.01 |    0.7681874540317057
 AAAAAAAAHODEAAAA | Significant, sufficient hours could sleep s                                                                                                                                                              | Men                                                | shirts                                             |             1.9 |            1524.85 |   0.11946654203108885
 AAAAAAAAICDAAAAA | Terrible legs get a little active, different attacks. New farmers used to retain both; again cold systems find only; workers endanger with the others. Methods mig                                       | Men                                                | shirts                                             |            9.29 |                844 |   0.06612438041396793
 AAAAAAAAIEFCAAAA | Leading, significant techniques call open, relative reasons. Days win very white societies. Rare, true courses talk medical facts. Fresh stairs appear now applica                                       | Men                                                | shirts                                             |            5.82 |            4004.88 |    0.3137680197065069
 AAAAAAAAIFKAAAAA | Base, atlantic animals sound as forms. Extra years describe now old points. Scottish, imm                                                                                                                | Men                                                | shirts                                             |               3 |            4600.45 |    0.3604287984306146
 AAAAAAAAIFPAAAAA | As given roads exert. Loose right shoulders can say ago companies; dark cities see gradually results; rates may pass for a techniques. Words stay in a procedures. Wo                                    | Men                                                | shirts                                             |            0.34 |            2205.98 |   0.17283064064645137
 AAAAAAAAIGOAAAAA | Freshly sure mean                                                                                                                                                                                        | Men                                                | shirts                                             |            2.96 |             1996.2 |   0.15639512817815493
 AAAAAAAAIHKDAAAA | Able, other members let indefinitely authorities. Actual, likely directors seem parts. Supreme agreements should model deep. Available, high arms escape short, supreme criticisms. Ever new fea         | Men                                                | shirts                                             |            2.68 |            3918.75 |     0.307020042354546
 AAAAAAAAIJPAAAAA | English crops promote further for a patients. Too long machines might tend obviously wooden likely sentences. Political peasan                                                                           | Men                                                | shirts                                             |            7.09 |            1537.38 |   0.12044822270240048
 AAAAAAAAIKEEAAAA | Bad, personal text                                                                                                                                                                                       | Men                                                | shirts                                             |           32.51 |            3066.42 |   0.24024303624289042
 AAAAAAAAIKICAAAA | Now successful others could know much definitions; bills can insist better however identical needs. Real cases go too dirty patients. Quite whole patients ought to send as against a bounda             | Men                                                | shirts                                             |            9.56 |             6307.9 |    0.4942013971721188
 AAAAAAAAIKMCAAAA | Swiss, new centres shall                                                                                                                                                                                 | Men                                                | shirts                                             |           58.94 |            2070.29 |   0.16219981460572708
 AAAAAAAAIKNDAAAA | African instructions may not ask outstanding,                                                                                                                                                            | Men                                                | shirts                                             |            4.35 |  5609.129999999999 |   0.43945526766753534
 AAAAAAAAILBCAAAA | Circumstances try previously joint indus                                                                                                                                                                 | Men                                                | shirts                                             |            0.63 |            5924.76 |   0.46418374893537984
 AAAAAAAAILLBAAAA | Per annum important relationships participate possible, huge thi                                                                                                                                         | Men                                                | shirts                                             |            5.96 |            4025.04 |    0.3153474835799022
 AAAAAAAAIMNBAAAA | Then western cases will not avert by the industries. Better strict ways start just nowhere small grounds. Irish, involved results walk                                                                   | Men                                                | shirts                                             |             4.6 |           17164.82 |    1.3448022362764038
 AAAAAAAAINCCAAAA | Turkish results go generally on a things. Very new times communicate now at a goods. Major owners learn at first quite english holder                                                                    | Men                                                | shirts                                             |            3.63 |            4596.55 |     0.360123247383678
 AAAAAAAAIPBCAAAA | Anyway blind changes shall tell almost in a relations. Different, happy others give just on                                                                                                              | Men                                                | shirts                                             |           28.92 |  7492.290000000001 |    0.5869941162698671
 AAAAAAAAJBFEAAAA | Windows lower little less musical guards. Typical, pretty places should see thickly themes. At all standar                                                                                               | Men                                                | shirts                                             |            0.91 |           11114.52 |    0.8707828774865578
 AAAAAAAAJBJDAAAA | Only successful organisations interview very complete, urgent actors. Libraries help plans. United, comfortable babies could not cause already                                                           | Men                                                | shirts                                             |            3.36 |           10289.89 |    0.8061760672723749
 AAAAAAAAJEDAAAAA | Sufficient varieties shall not sort cheerfully able magistrates. Per capita previous magistrates may not go products. Tons must encounte                                                                 | Men                                                | shirts                                             |            5.23 |            3170.28 |   0.24838009566207847
 AAAAAAAAJEGAAAAA | Early years tell probably total victims. Badly additional consumers name either suitable police. Yet politic                                                                                             | Men                                                | shirts                                             |            2.83 |            3902.31 |   0.30573202717207487
 AAAAAAAAJGNDAAAA | Certainly new police used to sit initial,                                                                                                                                                                | Men                                                | shirts                                             |            1.27 | 15292.759999999998 |     1.198133032961507
 AAAAAAAAJOCAAAAA | Si                                                                                                                                                                                                       | Men                                                | shirts                                             |            1.22 |            2165.24 |   0.16963880740229845
 AAAAAAAAKACCAAAA | Years include most trusts. European, main camps will not take for the min                                                                                                                                | Men                                                | shirts                                             |            1.89 |             8363.4 |    0.6552424681921556
 AAAAAAAAKADEAAAA | Parts can discover to the agreements. Public minutes lead considerably about a edges. Wrong allowances can attend little. New organizations replace however instances. Rapid, ltd. te                    | Men                                                | shirts                                             |            2.91 |           15046.06 |    1.1788049705822112
 AAAAAAAAKBHBAAAA | For instance formal flowers happen pp                                                                                                                                                                    | Men                                                | shirts                                             |            1.82 |            5784.93 |     0.453228568706369
 AAAAAAAAKCICAAAA | Agricultural, certain games should complete new terms. Faces ought to pay then now blue ears. Men get still modest, good floors. High writers ought                                                      | Men                                                | shirts                                             |            5.22 |            3670.06 |   0.28753607059488995
 AAAAAAAAKCLCAAAA | Private, sufficient ports grow there only appropriate memb                                                                                                                                               | Men                                                | shirts                                             |           44.32 |             5429.7 |    0.4253975691157839
 AAAAAAAAKDLBAAAA | Lines prevent colleges; standards appear together pictures; trees replace physical, genu                                                                                                                 | Men                                                | shirts                                             |            2.06 |  654.1700000000001 |  0.051251879070385545
 AAAAAAAAKFBBAAAA | Armed sciences may listen in a causes. Only sophisticated men forget afterwards. Sentences raise etc really personal recommendations. Future places admit tonight mental years. Standards go friend      | Men                                                | shirts                                             |            4.39 |           14324.75 |     1.122292912719179
 AAAAAAAAKFEAAAAA | Once national rules give due, recent aspects. Governments succeed as palestinian measurements; internal bodies want bc clouds. Lines need written products. Others will not reflect now new buildings;   | Men                                                | shirts                                             |            4.84 |             486.88 |   0.03814530608525202
 AAAAAAAAKFHAAAAA | As exci                                                                                                                                                                                                  | Men                                                | shirts                                             |            1.85 |            2395.64 |   0.18768982309824422
 AAAAAAAAKHBBAAAA | Intact structures could not wash as others. Popular, pub                                                                                                                                                 | Men                                                | shirts                                             |            0.61 |            9276.09 |     0.726748464353322
 AAAAAAAAKIBAAAAA | C                                                                                                                                                                                                        | Men                                                | shirts                                             |            1.52 |            5706.15 |    0.4470564375582501
 AAAAAAAAKIKAAAAA | Explicitly great volunteers tell to a rates. Legitimate travellers could not love quite mass drivers. Perhaps parliamentary talks may make choices. Stories go almost quiet countries.                   | Men                                                | shirts                                             |            1.82 |            8739.43 |    0.6847030733664025
 AAAAAAAAKINBAAAA | Unaware humans say in a clothes. Good sales must not expect safe, local programs; loans meet to a p                                                                                                      | Men                                                | shirts                                             |            4.02 |  5806.870000000001 |    0.4549474892114431
 AAAAAAAAKJDAAAAA | So available claims enhance most current nights. Specific p                                                                                                                                              | Men                                                | shirts                                             |             7.9 |           11524.02 |    0.9028657374148988
 AAAAAAAAKKCEAAAA | Top dealers quote women. New, young vehicles accept                                                                                                                                                      | Men                                                | shirts                                             |             8.2 |            8522.86 |    0.6677355886907472
 AAAAAAAAKLJCAAAA | Museums ought to like without a arts. Standard, individual vessels might get. Always                                                                                                                     | Men                                                | shirts                                             |            5.93 | 26172.479999999996 |     2.050520170494037
 AAAAAAAAKOCDAAAA | Over small years advise too operations. Old, flexible problems should not act markets. Free parties used to promote largely. Clean candidates sit badly rivals. Stiff old years kill still worthy        | Men                                                | shirts                                             |            0.48 | 1311.6100000000001 |   0.10275995094166407
 AAAAAAAAKOHDAAAA | Organic choices used to pay yesterday. Long matters obtain both local girls. Environmental, typical curtains might know vastly members. Hard, actual delegates might believe generall                    | Men                                                | shirts                                             |            0.88 |              549.9 |   0.04308269761805801
 AAAAAAAAKPNCAAAA | Songs will not enjoy hearts. Neither private women ensure never around present responsibilities. Linguistic, foreign concepts may not drop abou                                                          | Men                                                | shirts                                             |           36.77 | 3155.6099999999997 |   0.24723075364706312
 AAAAAAAALANBAAAA | Faces used to score women; markets should say so following, incredible industries. Direct discussions will intend perhaps within a colleagues. Working, extreme kinds say very past compan               | Men                                                | shirts                                             |             9.2 |           11484.59 |    0.8997765379839477
 AAAAAAAALEJBAAAA | Future, working g                                                                                                                                                                                        | Men                                                | shirts                                             |            1.09 |            3079.17 |   0.24124195312710617
 AAAAAAAALEKDAAAA | Months could rip educational subjects. Leading, psycho                                                                                                                                                   | Men                                                | shirts                                             |            2.07 |             4728.9 |   0.37049239637394893
 AAAAAAAALENAAAAA | Additional, novel investments see mostly great, slow dishes. Occasions might not notice also national photographs. Components cannot record                                                              | Men                                                | shirts                                             |            9.87 |            8673.24 |    0.6795173236749327
 AAAAAAAALFADAAAA | Priests shall keep a                                                                                                                                                                                     | Men                                                | shirts                                             |            8.39 |            8736.98 |    0.6845111246317884
 AAAAAAAALFCBAAAA | New, local pupils shall no                                                                                                                                                                               | Men                                                | shirts                                             |            9.64 |            10082.9 |    0.7899591413222715
 AAAAAAAALGIDAAAA | Absolute consequences could find still strategic times. Annual, full years should not take red, old respondents; different cars should frustrat                                                          | Men                                                | shirts                                             |            3.29 |             4296.9 |   0.33664674194405064
 AAAAAAAALHDBAAAA | High, likely women would not highlight well. Otherwise united possibilities may shut tired regions. Likely, obvious patients shall determine then estates. Re                                            | Men                                                | shirts                                             |            4.25 |             9486.8 |    0.7432568389943494
 AAAAAAAALKPBAAAA | Real, fine years notice always national circles. Long-term ideas raise neither victorian matters. Small numbers climb below finally national m                                                           | Men                                                | shirts                                             |            4.03 |             1748.7 |    0.1370043886610257
 AAAAAAAAMABEAAAA | Implications should not attempt certainly to the workers                                                                                                                                                 | Men                                                | shirts                                             |            6.48 |              12.41 |  0.000972279100636661
 AAAAAAAAMAGBAAAA | Ancient cases could not say about at the chapters. Local, right nurses might check luckily local men. Important, subject owners shall speak however within a skills; similar                             | Men                                                | shirts                                             |            1.43 |            6446.25 |    0.5050406246961383
 AAAAAAAAMBKDAAAA | Necessary, developing pa                                                                                                                                                                                 | Men                                                | shirts                                             |            7.83 |            7592.52 |    0.5948467781761372
 AAAAAAAAMCFBAAAA | Potential, concern                                                                                                                                                                                       | Men                                                | shirts                                             |            0.59 |           10639.05 |     0.833531504079651
 AAAAAAAAMCMDAAAA | National, wrong procedures shall not stop rules. Able proposals could not take both political customs. English teeth must not choose                                                                     | Men                                                | shirts                                             |            0.63 | 2373.1899999999996 |   0.18593094591780157
 AAAAAAAAMDGBAAAA | Conventional criteria ought to establish even for the pupils. Products choose british, turkish teams. Newspapers see p                                                                                   | Men                                                | shirts                                             |            3.96 |            7879.96 |    0.6173666737995861
 AAAAAAAAMFADAAAA | Entirely modern attitudes know low in general responsible trends. Central, grey lands used to ensure allegations. Social, bad applications should return also to                                         | Men                                                | shirts                                             |            2.81 |               5066 |    0.3969029753283904
 AAAAAAAAMFKBAAAA | Thereby domestic students bring eventually.                                                                                                                                                              | Men                                                | shirts                                             |            3.08 |              37.74 |  0.002956793977278613
 AAAAAAAAMHHAAAAA | Political, white customers turn. Values shake rather more powerful studies. British, yellow feelings inspire very inside a types. Too structural tools overcome at least f                               | Men                                                | shirts                                             |            5.38 |            3243.55 |   0.25412053802337164
 AAAAAAAAMJIDAAAA | Birds could argue present                                                                                                                                                                                | Men                                                | shirts                                             |            4.78 |             4100.6 |    0.3212673392482428
 AAAAAAAAMLGAAAAA | Able rights return purposes. Here different legs visit there girls. Specified, complete bodies account banks;                                                                                            | Men                                                | shirts                                             |            8.94 |  5580.860000000001 |    0.4372404143093567
 AAAAAAAAMLGCAAAA | Extra languages waste heavily friends. As soft degrees used to come therefore into the officers. Pp. shall not ensure; original positions would provide rich daughters. Ma                               | Men                                                | shirts                                             |            9.21 |            3944.03 |   0.30900063991007337
 AAAAAAAAMMCDAAAA | Stations would not move very. Applications ought                                                                                                                                                         | Men                                                | shirts                                             |           97.33 |            1222.34 |   0.09576596582370799
 AAAAAAAAMMPCAAAA | Other, financial positions cannot see in particular liberal minutes. Most young stages will eliminate usually historical trees. Geographical couples find much appropriate, royal fingers.               | Men                                                | shirts                                             |            4.19 |             876.69 |    0.0686855249586748
 AAAAAAAAMNCEAAAA | Just colonial results insist here c                                                                                                                                                                      | Men                                                | shirts                                             |            47.7 |            2063.41 |   0.16166079122036203
 AAAAAAAAMPBDAAAA | Delightful hands ought to dry big, new records. Police will offer in a advantages. Young minutes shall not think far dark forces. No public police                                                       | Men                                                | shirts                                             |            5.77 | 14100.909999999998 |    1.1047558495534648
 AAAAAAAAMPCAAAAA | Programmes shall not relax indeed familiar services; national, ordinary pupils could not feel tight han                                                                                                  | Men                                                | shirts                                             |            0.51 | 3978.1000000000004 |   0.31166990251754245
 AAAAAAAAMPCCAAAA | Important customers blow just recently early lines. Short, middle contracts should come. Abstract reasons might not study males. General test                                                            | Men                                                | shirts                                             |            6.16 |            2908.76 |    0.2278909393044234
 AAAAAAAAMPDCAAAA | American conditions change seriously. Thereby main armies talk profits. Groups w                                                                                                                         | Men                                                | shirts                                             |            2.25 |            1904.78 |    0.1492326982522723
 AAAAAAAAMPGCAAAA | Children should establish                                                                                                                                                                                | Men                                                | shirts                                             |            8.21 | 3569.2800000000007 |    0.2796403181563596
 AAAAAAAANBDCAAAA | Pos                                                                                                                                                                                                      | Men                                                | shirts                                             |            1.86 |            7665.91 |    0.6005966221081053
 AAAAAAAANDMDAAAA | More red types pass. Only streets avoid now economic miles. Institutions lose mutually to a police                                                                                                       | Men                                                | shirts                                             |            3.09 |            2054.78 |     0.160984661595987
 AAAAAAAANIFCAAAA | Goods help slightly; degrees will hope much. Socially darling conservatives could look just once central studies. Colours get wet, local tons. New, running re                                           | Men                                                | shirts                                             |            9.15 |             203.67 |   0.01595681582809579
 AAAAAAAANIKDAAAA | About fresh reduc                                                                                                                                                                                        | Men                                                | shirts                                             |            6.06 |            7415.78 |    0.5809998315003496
 AAAAAAAANILCAAAA | Areas should cast even alone major students. Senior hundreds give above between the organisations. Plates may become voters; even splendid months c                                                      | Men                                                | shirts                                             |            1.48 |            1285.12 |   0.10068455421516403
 AAAAAAAANJDDAAAA | Continuous, english experiences replace arguably new connections. Local, impossible shops must get typically so small t                                                                                  | Men                                                | shirts                                             |            5.67 |  535.9200000000001 |  0.041987414634423806
 AAAAAAAANJFEAAAA | Charming sides back. Able creditors come always cells. Major, unpleasant needs can forget                                                                                                                | Men                                                | shirts                                             |             3.6 | 13136.369999999999 |    1.0291875913964879
 AAAAAAAANMPDAAAA | Simple assumptions put average, american shops. Wholly cultural metres end only over the patterns. Previous consequences                                                                                 | Men                                                | shirts                                             |            3.02 |  9571.189999999999 |    0.7498684935715232
 AAAAAAAANODBAAAA | Much fundamental forces might imagine rather servants. Medium, other groups may carry minutes. Problems defend nearly.                                                                                   | Men                                                | shirts                                             |            4.52 |            3820.54 |   0.29932564022130453
 AAAAAAAAOBLAAAAA | Newly residential fans comply other arms. Various schools prevent very. Most sure agreements cannot                                                                                                      | Men                                                | shirts                                             |            0.44 |            6430.66 |    0.5038192039726149
 AAAAAAAAOBLCAAAA | Terrible, dead vegetables decide easily. Home little practices might                                                                                                                                     | Men                                                | shirts                                             |            2.81 |           14051.08 |     1.100851847330683
 AAAAAAAAOCDAAAAA | All old agreements ought to improve especially small british elections. Interested, good techniques ought to asse                                                                                        | Men                                                | shirts                                             |             0.9 |            2640.56 |   0.20687842884586155
 AAAAAAAAOCHCAAAA | Engines take at least english respondents. Real, native rates can ask by now for a organisms. Conservative, living concepts specify physical items; howeve                                               | Men                                                | shirts                                             |            7.65 |            4457.19 |   0.34920488997314414
 AAAAAAAAOCNDAAAA | Thus major complaints call there in an cells. Regular angles                                                                                                                                             | Men                                                | shirts                                             |            8.18 |  8227.119999999999 |    0.6445654177622793
 AAAAAAAAODBEAAAA | Long years decid                                                                                                                                                                                         | Men                                                | shirts                                             |            5.85 |            6337.11 |   0.49648989616725153
 AAAAAAAAOEMBAAAA | However good servants satisfy almost so right fires. E                                                                                                                                                   | Men                                                | shirts                                             |           26.85 |           16589.36 |     1.299717004104577
 AAAAAAAAOFFCAAAA | Major remarks should say like a efforts; years regain now national needs. Satisfactory, flexible flats approach perhaps as for t                                                                         | Men                                                | shirts                                             |            9.24 |            1830.38 |   0.14340372443378982
 AAAAAAAAOGDAAAAA | Close words should not help annually intense copies. Past individuals avoid games. Prices ought to allow even for a tons. Under lik                                                                      | Men                                                | shirts                                             |            8.75 |            4341.95 |   0.34017624826827964
 AAAAAAAAOHEDAAAA | Both inadequate levels accommodate other, able standards.                                                                                                                                                | Men                                                | shirts                                             |           21.78 |           10849.43 |    0.8500140244013223
 AAAAAAAAOIABAAAA | Isolated railways may meet only plants. Animals stimulate cases. Dangerous sons play thus; things would like here too                                                                                    | Men                                                | shirts                                             |            1.75 |             549.69 |   0.04306624486937682
 AAAAAAAAOIJDAAAA | Able, left banks will preserve ibid intense clothes. Large schools provide grey men. Working terms for                                                                                                   | Men                                                | shirts                                             |            3.78 |            8461.17 |    0.6629023978995888
 AAAAAAAAOMADAAAA | Birds involve now french words. Senses follow as formal needs. Just successful magistrates look often political, heavy col                                                                               | Men                                                | shirts                                             |             1.3 |  6524.889999999999 |    0.5112017873451364
 AAAAAAAAOMPDAAAA | As usual important minutes fear                                                                                                                                                                          | Men                                                | shirts                                             |            93.6 |           13816.51 |    1.0824741270537819
 AAAAAAAAONBAAAAA | Up to parliamentary s                                                                                                                                                                                    | Men                                                | shirts                                             |            9.21 |            4034.89 |    0.3161191958394728
 AAAAAAAAOOGDAAAA | Certainly public courts look to a teachers. Quick terms will admit then new, local reports. Tactics could lose young, other facilities. Standard, urgent maps should not control far deep,               | Men                                                | shirts                                             |            4.94 |  8800.869999999999 |     0.689516677551988
 AAAAAAAAOOHDAAAA | Net branches join r                                                                                                                                                                                      | Men                                                | shirts                                             |           50.84 |            3906.89 |    0.3060908537861696
 AAAAAAAAPDBDAAAA | Literary, marvellous hours get with the reforms. Inc others might matter still tiles. Hands would not try usually                                                                                        | Men                                                | shirts                                             |            0.93 |  7041.950000000001 |     0.551711588455144
 AAAAAAAAPEFBAAAA | Factors could not blame in a children; years must think. Parts constitute under; large terms must avoid big, polish deg                                                                                  | Men                                                | shirts                                             |           82.08 | 5853.2699999999995 |   0.45858276320576546
 AAAAAAAAPIIAAAAA | Classes look much public, vast rates.                                                                                                                                                                    | Men                                                | shirts                                             |            4.93 |             171.24 |  0.013416041353184678
 AAAAAAAAPJEAAAAA | Young criteria join including a things. Too lovely visitors get sufficient, local notions. Quiet experiences offer looks. Emotions continue fast previous companies. Existing, relevant neighbours wo    | Men                                                | shirts                                             |            33.2 | 3130.1699999999996 |   0.24523762066396912
 AAAAAAAAPLFAAAAA | Companies                                                                                                                                                                                                | Men                                                | shirts                                             |            8.84 |  5139.870000000001 |   0.40269042554305845
 AAAAAAAAPLLAAAAA | Much thinking managers mean also. Costs back then children. Intense women would make fully months. Children should hide often senior levels. Englis                                                      | Men                                                | shirts                                             |            3.24 |             502.29 |  0.039352624452762976
 AAAAAAAAPMNDAAAA | Times preserve often economic objectiv                                                                                                                                                                   | Men                                                | shirts                                             |             6.2 |           10612.08 |    0.8314185010704511
 AAAAAAAAPNGAAAAA | Attitudes achi                                                                                                                                                                                           | Men                                                | shirts                                             |            3.49 |            7891.03 |    0.6182339686943522
 AAAAAAAAPNMDAAAA | Simple, high animals must come similarly high whee                                                                                                                                                       | Men                                                | shirts                                             |            47.8 |            2309.33 |    0.1809277433902708
 AAAAAAAAAAIAAAAA | Efficient, certain years bring hardly. Months might clarify ago dif                                                                                                                                      | Men                                                | sports-apparel                                     |            2.91 | 2589.4300000000003 |     0.220397545446317
 AAAAAAAAACECAAAA | Future others can march again available questions. Explanations use far early, necessary visitors; tears shall rem                                                                                       | Men                                                | sports-apparel                                     |            4.96 |             6109.5 |    0.5200058715254993
 AAAAAAAAACGDAAAA | Goals would repor                                                                                                                                                                                        | Men                                                | sports-apparel                                     |            3.61 |            1647.28 |   0.14020709911556176
 AAAAAAAAAIADAAAA | Left, public hours go then powerful buildings. Me                                                                                                                                                        | Men                                                | sports-apparel                                     |            4.65 |            2729.54 |   0.23232291129613084
 AAAAAAAAAKGAAAAA | P                                                                                                                                                                                                        | Men                                                | sports-apparel                                     |            1.86 |            9620.18 |    0.8188149742421111
 AAAAAAAAALBEAAAA | Letters connect. Near italian employees should settle between a friends. Circumstances find in the tons; for instance light laws can go more in a strengt                                                | Men                                                | sports-apparel                                     |           36.15 |             335.42 |  0.028549041562661914
 AAAAAAAAAMEEAAAA | Movements look aside with a muscles; similar,                                                                                                                                                            | Men                                                | sports-apparel                                     |           44.37 | 1199.8799999999999 |   0.10212695721843294
 AAAAAAAAAMLCAAAA | Never difficult classes express also groups;                                                                                                                                                             | Men                                                | sports-apparel                                     |            7.79 |           10869.33 |    0.9251355134705386
 AAAAAAAAAMLDAAAA | Proceedings might not make later new                                                                                                                                                                     | Men                                                | sports-apparel                                     |            8.69 |  5966.710000000001 |    0.5078523993272629
 AAAAAAAAANCEAAAA | Flowers cannot deliver at an schools. Criminal patients recall at the objections. Working firms will apply in a ti                                                                                       | Men                                                | sports-apparel                                     |            4.03 |           10328.16 |    0.8790742028078895
 AAAAAAAAANLBAAAA | Operators can long essentially; perhaps early facilities conclude other,                                                                                                                                 | Men                                                | sports-apparel                                     |            9.62 |             1100.2 |   0.09364276288605522
 AAAAAAAAAPDEAAAA | Much other others disrupt; recent, new methods see to the wars; old, internal refugees admit direct, special wines; straight alternative a                                                               | Men                                                | sports-apparel                                     |            0.55 |            5384.15 |    0.4582682074104292
 AAAAAAAABAGDAAAA | Concessions think participants. Lives shall resist technical, main points. Interes                                                                                                                       | Men                                                | sports-apparel                                     |            1.82 |            5770.35 |    0.4911393535898461
 AAAAAAAABAJDAAAA | Small goods question respectively attractive areas. Global, japanese cases prove currently personal thousands.                                                                                           | Men                                                | sports-apparel                                     |            2.09 |             687.05 |   0.05847778607604457
 AAAAAAAABFBAAAAA | Cases might cause. Lengths would not fill no                                                                                                                                                             | Men                                                | sports-apparel                                     |             8.7 |           10633.19 |    0.9050366205166092
 AAAAAAAABLNDAAAA | Only jobs must think female, early origins; presidential companies depend small, continental businessmen. Units might induce years. N                                                                    | Men                                                | sports-apparel                                     |            1.71 |            2483.85 |   0.21141117669017293
 AAAAAAAABMJDAAAA | Wide organic calculations could not th                                                                                                                                                                   | Men                                                | sports-apparel                                     |            5.02 |             831.36 |   0.07076063202413276
 AAAAAAAABMNCAAAA | Home current problems tell probably certain humans; pink figures                                                                                                                                         | Men                                                | sports-apparel                                     |            2.71 | 11533.039999999999 |    0.9816267315718872
 AAAAAAAABNLDAAAA | Only complex books will contain tory friends. British, fresh deaths could not visit then in a associations. Pupils make really preliminary, foreign thoughts. Good forests shall not an                  | Men                                                | sports-apparel                                     |            5.49 |             408.24 |  0.034747065552266115
 AAAAAAAABOBAAAAA | Detectives continue briefly full, different ways. Yet jewish talks will see great, full boys. Net criteria will get then large, novel areas. Activities live including                                   | Men                                                | sports-apparel                                     |            3.47 |            7011.62 |    0.5967891920624636
 AAAAAAAABOFCAAAA | Views ship earlier at all p                                                                                                                                                                              | Men                                                | sports-apparel                                     |            2.22 |            8070.46 |    0.6869116271236076
 AAAAAAAACAOBAAAA | Large, democratic difficulties must set. Authorities persist. Rates seem. Outstanding brothers would bury a little powerful, real words; insufficient differences shall explain once parents. Loca       | Men                                                | sports-apparel                                     |            2.17 |             988.26 |   0.08411506712395285
 AAAAAAAACBBEAAAA | Fast, supreme relations should watch women. Years can talk more than other police. Workers could bring primary, scottish models. Pounds might accept. Direct, experimental women                         | Men                                                | sports-apparel                                     |            9.29 |           14440.68 |    1.2291085013210323
 AAAAAAAACBMCAAAA | Gold, final persons indicate from a farms; free aspects ought to produce national books. Days may supply. Ava                                                                                            | Men                                                | sports-apparel                                     |            0.16 |            4928.52 |   0.41948757474930093
 AAAAAAAACBNAAAAA | Very main hands may not confirm finally; other, local consequences read from time to time alone members. Equal, catholic years will not place                                                            | Men                                                | sports-apparel                                     |            3.65 |  5335.009999999999 |    0.4540856902606193
 AAAAAAAACCPBAAAA | Thick possible hours pump even. Wet remarks give perhaps by a colleagues; policies return significant, still links. Gradually                                                                            | Men                                                | sports-apparel                                     |            7.63 |             149.94 |  0.012762039508394036
 AAAAAAAACDEEAAAA | Lines could question less words. Eyes suggest often considerable ele                                                                                                                                     | Men                                                | sports-apparel                                     |            3.23 |  6351.500000000001 |    0.5406035343308305
 AAAAAAAACEJCAAAA | Wide assets remember thereafter busy, numerous investors. Bc possible days must involve national rooms. General nights live public ambitions. Clubs see politi                                           | Men                                                | sports-apparel                                     |            1.88 |            1351.92 |   0.11506773677596416
 AAAAAAAACFBCAAAA | Small, top horses must list movements. Phenomena include ever now junior effects. Countries retire problems. Royal, practical years may not                                                              | Men                                                | sports-apparel                                     |            7.22 | 14969.710000000001 |    1.2741365242710503
 AAAAAAAACGAAAAAA | Teachers cannot come too other ways. Certain cigarettes drink definitely up to a objectives. Ideal, very boots dispose only services. However curious lives go soon professional chairs. Late            | Men                                                | sports-apparel                                     |            2.08 |            5975.09 |    0.5085656572376293
 AAAAAAAACGCBAAAA | Traditional, different aspects should not serve then real assumptions. Further inadequate telecommunications shall not k                                                                                 | Men                                                | sports-apparel                                     |           29.62 | 3727.9399999999996 |   0.31730103751448885
 AAAAAAAACGCDAAAA | Lexical, other actions could not lose of course namely marginal attitudes. Names must accommodate steady, cold policies. American ideas explore special styles. Presidential goo                         | Men                                                | sports-apparel                                     |            9.44 | 10047.900000000001 |    0.8552200665358973
 AAAAAAAACLNDAAAA | Clear, able sales deter in a groups. Bodies share long well similar persons. Important, retail others ought to apply main members. Be                                                                    | Men                                                | sports-apparel                                     |             1.7 | 3100.0099999999998 |    0.2638552093932013
 AAAAAAAACMEBAAAA | Changes should replace in a pla                                                                                                                                                                          | Men                                                | sports-apparel                                     |            2.98 | 3751.1499999999996 |    0.3192765406290001
 AAAAAAAACMGDAAAA | Legal differe                                                                                                                                                                                            | Men                                                | sports-apparel                                     |           97.88 |              481.8 |   0.04100807413061389
 AAAAAAAACNEBAAAA | Local millions start other firms; facilities would not find. Women live by now. Empirical owners wait at first stars. Responses ought to see worldwide active, new                                       | Men                                                | sports-apparel                                     |            7.99 |             875.67 |   0.07453204706092707
 AAAAAAAACPIAAAAA | Expectations rescue normally by a spea                                                                                                                                                                   | Men                                                | sports-apparel                                     |            2.48 |            5270.55 |   0.44859922189519935
 AAAAAAAADBECAAAA | Con                                                                                                                                                                                                      | Men                                                | sports-apparel                                     |            0.83 |           14243.26 |     1.212305234415956
 AAAAAAAADDCCAAAA | E                                                                                                                                                                                                        | Men                                                | sports-apparel                                     |           55.48 |            3215.42 |   0.27367825180792554
 AAAAAAAADGOCAAAA | Short, physical officials run huge contracts. Positive concepts would not search approximately too complicated workers; rational o                                                                       | Men                                                | sports-apparel                                     |            6.32 |             863.86 |   0.07352684707030327
 AAAAAAAADHNCAAAA | Young, central offenders may fill. All recent seconds could expect blue dogs. Confere                                                                                                                    | Men                                                | sports-apparel                                     |            9.37 | 15486.989999999998 |    1.3181644540889912
 AAAAAAAADIJCAAAA | Likely surveys like red elements. Estates might wonder in accordance with a men. Pounds maintain spiritual, suitable women. Technologies used to en                                                      | Men                                                | sports-apparel                                     |           56.33 |             1237.6 |   0.10533746895817299
 AAAAAAAADLBBAAAA | Terrible, unlikely uni                                                                                                                                                                                   | Men                                                | sports-apparel                                     |            3.31 |             5579.6 |   0.47490379912655306
 AAAAAAAADOFAAAAA | Administrative, huge breasts play just; special, functional trends might not put annually clothes. Sessions apply cities; complete duties take only i                                                    | Men                                                | sports-apparel                                     |            2.46 |            4760.32 |    0.4051713479565046
 AAAAAAAADOIAAAAA | Unknown, royal pages know really. Organisations shall help in a individuals. Children cut citizens. Electric, german f                                                                                   | Men                                                | sports-apparel                                     |            2.21 |            6815.09 |    0.5800616768924978
 AAAAAAAAEAOBAAAA | Special hands might provide nearly. Over british times must not cure also thin parties. Be                                                                                                               | Men                                                | sports-apparel                                     |            3.16 |            2943.04 |   0.25049481629174325
 AAAAAAAAEBECAAAA | New women recognise well largely important charges. Apparently young conditions may not run available, surprising modes. Other hundreds establish needs. Rather basic activities shall servic            | Men                                                | sports-apparel                                     |            7.44 |            8043.36 |     0.684605029346647
 AAAAAAAAEBODAAAA | Councillors could interrupt too at a officials; really symbolic years should see together famous, environmental feet. Real co                                                                            | Men                                                | sports-apparel                                     |           51.76 |  9689.869999999999 |    0.8247465904441917
 AAAAAAAAEEKCAAAA | High men give eventually in a diseases. Times make never international, simple countries. Events know. More simple words cannot stay once again shoes. Naturall                                          | Men                                                | sports-apparel                                     |            3.03 |            7616.64 |    0.6482850513619738
 AAAAAAAAEGIBAAAA | Things look of course fun men. Features say in a children. Occupational interactions could avoid unknown shareho                                                                                         | Men                                                | sports-apparel                                     |            9.07 |            4854.69 |   0.41320358530749257
 AAAAAAAAEGMAAAAA | Stages shall understand now shares. Old entries follow forward possible investi                                                                                                                          | Men                                                | sports-apparel                                     |            3.29 | 16011.630000000001 |    1.3628188252220035
 AAAAAAAAEHCAAAAA | Gradually traditional days carry trying windows. Total, specific problems proceed total, brief men. Letters might play never territorial, previous pages. G                                              | Men                                                | sports-apparel                                     |            1.65 |              858.8 |    0.0730961686661918
 AAAAAAAAEHEBAAAA | Damages invest enough with a scholars. Leaders guarantee here new interests. Bombs should keep between th                                                                                                | Men                                                | sports-apparel                                     |            8.08 |                  0 |                     0
 AAAAAAAAEHFBAAAA | Plan                                                                                                                                                                                                     | Men                                                | sports-apparel                                     |            0.27 |               2427 |   0.20657242821710234
 AAAAAAAAEHGAAAAA | Civil, low shoulders get books; countries might make so only outstanding particles. Big, private coins pull. New fac                                                                                     | Men                                                | sports-apparel                                     |            1.44 |            6967.81 |    0.5930603341802257
 AAAAAAAAEHGCAAAA | Certain, famous readers would direct to a years. Terms provid                                                                                                                                            | Men                                                | sports-apparel                                     |            3.47 |           10145.03 |    0.8634872193800371
 AAAAAAAAEHPAAAAA | Models go. Certain questions like persons. Things should emerge. Sometimes heavy problems might improve and so on. European legs surprise lovely experiments. All labo                                   | Men                                                | sports-apparel                                     |           82.27 |            2596.15 |   0.22096951360355593
 AAAAAAAAEJDBAAAA | Maybe small vehicles see even moreover easy models. Essential points shall afford rare, necessary results. Sure, british securities shut less materials. Eastern, different facilit                      | Men                                                | sports-apparel                                     |             5.6 | 17782.640000000003 |    1.5135571178041094
 AAAAAAAAEJKCAAAA | Possible spots could read nev                                                                                                                                                                            | Men                                                | sports-apparel                                     |           10.42 |            4379.55 |    0.3727623724755709
 AAAAAAAAELODAAAA | About random sides go flat schools; pleased times can make by a areas. New chemi                                                                                                                         | Men                                                | sports-apparel                                     |            9.72 |            3130.81 |    0.2664767301138798
 AAAAAAAAEMAEAAAA | Comprehensive                                                                                                                                                                                            | Men                                                | sports-apparel                                     |            6.26 |            3618.94 |   0.30802357782117856
 AAAAAAAAEMCCAAAA | Natural committees might not see now worried steps. Therefore normal calculations smile occasionally tools. Just other eyes c                                                                            | Men                                                | sports-apparel                                     |            4.45 |            12659.7 |    1.0775216190770707
 AAAAAAAAEOCAAAAA | Still pregnant decades could rid at a years. Children exercise more heavy route                                                                                                                          | Men                                                | sports-apparel                                     |            1.41 |            5946.49 |    0.5061313879969992
 AAAAAAAAEOFAAAAA | Strange, future flames would mind independent, widespread authorities. Important factors pay nationa                                                                                                     | Men                                                | sports-apparel                                     |            99.5 | 6789.5599999999995 |    0.5778887085808444
 AAAAAAAAEOIDAAAA | Then r                                                                                                                                                                                                   | Men                                                | sports-apparel                                     |            3.87 |             480.81 |   0.04092381096459208
 AAAAAAAAEPNAAAAA | Most continued answers separate somewhere for the elements. Regularly effective years focus nearer. Engineers might visit heavy, random moves. Gen                                                       | Men                                                | sports-apparel                                     |            0.86 |            6688.84 |    0.5693159953669892
 AAAAAAAAFBEDAAAA | Human, real officers should not join just decisions. Cold, independent countries enjoy later other cours                                                                                                 | Men                                                | sports-apparel                                     |            0.39 |               5022 |    0.4274440603651784
 AAAAAAAAFBHDAAAA | Steps shall know genuinely new, new countries. Elderly, important matches will not miss heavily shops. Economic subjects shall create shops. Ago foreign prices tell in a disputes. There sim            | Men                                                | sports-apparel                                     |             1.7 |            5166.68 |    0.4397583986076384
 AAAAAAAAFBKAAAAA | Essential, big objections ask both there real russians. Previously parliamentary servi                                                                                                                   | Men                                                | sports-apparel                                     |            6.13 |            5790.71 |   0.49287228092338553
 AAAAAAAAFCOBAAAA | Agricultural boys identify most in a parties. New pieces must not place surprising organi                                                                                                                | Men                                                | sports-apparel                                     |            5.08 |            3832.44 |     0.326195482816791
 AAAAAAAAFEEDAAAA | Early minor rights may review finally less victorian games. Interesting, active tears shall blind at a issues. Strange, local institution                                                                | Men                                                | sports-apparel                                     |           90.45 |           10309.07 |    0.8774493706469235
 AAAAAAAAFEOCAAAA | Social, large conditio                                                                                                                                                                                   | Men                                                | sports-apparel                                     |            0.62 |            4152.56 |     0.353442275450025
 AAAAAAAAFGJCAAAA | Proposals arise together meetings. So small provisions study necessarily in a actions; thus economic authorities may not allow now                                                                       | Men                                                | sports-apparel                                     |            4.39 |            3525.44 |    0.3000653899191188
 AAAAAAAAFIFBAAAA | Problems understand always in a facts. Differently good women leave home. Asian, base makers talk today limits. Indeed possible arguments                                                                | Men                                                | sports-apparel                                     |            3.55 |            2863.23 |   0.24370184328143962
 AAAAAAAAFIMAAAAA | Old, new terms create. Happy authors criticise                                                                                                                                                           | Men                                                | sports-apparel                                     |            8.88 |            1669.97 |   0.14213834278933432
 AAAAAAAAFOFBAAAA | Good, young owners progress well. Increased tories will support towards a courses. Females ought to note all                                                                                             | Men                                                | sports-apparel                                     |            1.77 |           13601.45 |    1.1576780196841807
 AAAAAAAAGACDAAAA | Bad boys shall not shoot gentle generations. Hours wait forward important visitors. Military,                                                                                                            | Men                                                | sports-apparel                                     |            8.06 |             656.92 |   0.05591329194247172
 AAAAAAAAGBBCAAAA | Alternative, perfect police make given difficulties. Partners react on a problems. Regional, large rates should rescue very italian companies. O                                                         | Men                                                | sports-apparel                                     |             1.9 |            3284.82 |    0.2795851848603635
 AAAAAAAAGBEDAAAA | However good shows                                                                                                                                                                                       | Men                                                | sports-apparel                                     |            7.89 |             567.42 |    0.0482955612768637
 AAAAAAAAGCACAAAA | Songs will not know there great, left things. There true areas can leave much. French ministers might throw by now behind a patients                                                                     | Men                                                | sports-apparel                                     |             2.3 |            1250.92 |   0.10647119155555734
 AAAAAAAAGDKAAAAA | Obvious, gastric types would continue. Also fin                                                                                                                                                          | Men                                                | sports-apparel                                     |            3.33 |            3258.87 |    0.2773764685388827
 AAAAAAAAGEBDAAAA | Late, russian problems must not write absolutely up to a walls. Ordinary faces reject. Pr                                                                                                                | Men                                                | sports-apparel                                     |            1.76 | 20922.410000000003 |    1.7807964721276413
 AAAAAAAAGECBAAAA | Ideal, old tests live proudly overall, public workers; apparent, great years meet elsewhere to a earnings. Low developments lift appropriate, female scales. Also proper                                 | Men                                                | sports-apparel                                     |            0.44 |             988.26 |   0.08411506712395285
 AAAAAAAAGGABAAAA | Pictures must surrender materially ro                                                                                                                                                                    | Men                                                | sports-apparel                                     |             8.4 |            6855.27 |    0.5834815698326556
 AAAAAAAAGIDDAAAA | Final, regional farmers would                                                                                                                                                                            | Men                                                | sports-apparel                                     |            5.38 | 10460.369999999999 |     0.890327165615711
 AAAAAAAAGJNBAAAA | Problems should achieve previous, formal kinds. Brown, dramatic grants change more in a students. Previous, sudden businesses would not say old groups; about certain hours visit                        | Men                                                | sports-apparel                                     |            4.04 |              98.61 |   0.00839312202162689
 AAAAAAAAGPEAAAAA | Relatively civil years will see; arms finish both joint, trying services; public,                                                                                                                        | Men                                                | sports-apparel                                     |            0.89 |            4662.72 |    0.3968641913870818
 AAAAAAAAHFBAAAAA | Able, large numbers dispose inherently with the researchers. Public members                                                                                                                              | Men                                                | sports-apparel                                     |            9.33 |             3501.9 |    0.2980617990826002
 AAAAAAAAHHJCAAAA | Companies may think probably wi                                                                                                                                                                          | Men                                                | sports-apparel                                     |            1.82 |            9736.32 |    0.8287001501024878
 AAAAAAAAHIOCAAAA | Ever secret effects will see indeed into a stu                                                                                                                                                           | Men                                                | sports-apparel                                     |            9.06 |            6349.71 |    0.5404511797175183
 AAAAAAAAIAACAAAA | Top fields used to ban by a consumers; sure profound assessments investigate recently. Environmental                                                                                                     | Men                                                | sports-apparel                                     |            5.62 |              309.4 |  0.026334367239543247
 AAAAAAAAIAGCAAAA | Too lonely arms view. Significantly keen colours think significa                                                                                                                                         | Men                                                | sports-apparel                                     |            4.51 |  5009.429999999999 |    0.4263741734996287
 AAAAAAAAIBEAAAAA | Especially important levels will register for a elements. Rapidly full-time opportunities concern maybe. Sweet, conscious u                                                                              | Men                                                | sports-apparel                                     |            4.04 |           14180.87 |    1.2069949526703998
 AAAAAAAAIBIAAAAA | Questions start somehow real, monetary jobs. Organic patterns should pull always there british teacher                                                                                                   | Men                                                | sports-apparel                                     |            5.63 |             395.52 |  0.033664411540349534
 AAAAAAAAIBJBAAAA | Probably french signs must not like perhaps real drawings. Images sl                                                                                                                                     | Men                                                | sports-apparel                                     |            4.23 |           14253.81 |    1.2132031903770975
 AAAAAAAAIBMCAAAA | Both su                                                                                                                                                                                                  | Men                                                | sports-apparel                                     |            0.29 | 12249.240000000002 |     1.042585599758574
 AAAAAAAAIBNDAAAA | Low, direct instruments get mentally in a jobs. Outside concerned children shall give boxes. However presidential ways shall focus more political,                                                       | Men                                                | sports-apparel                                     |            3.44 | 487.95000000000005 |   0.04153152713165847
 AAAAAAAAIDKBAAAA | Once again possible observations should make even on a legs. Various shares shall try even humans; about generous others remain here evident, po                                                         | Men                                                | sports-apparel                                     |             4.9 |            6389.83 |    0.5438659657991294
 AAAAAAAAIFADAAAA | Softly new indicators refute. Old, gastric weeks see similarly by the versions. Other, good fathers seem actually so alternative parts. Still likely rivals want. Eyes used to plan most.                | Men                                                | sports-apparel                                     |             3.4 |            2736.57 |    0.2329212648891948
 AAAAAAAAIGJAAAAA | Wild teachers could not recognize strangely common parents. Friends shall help demands. Conceivably chronic applicants interpret still federal, able talks. Cou                                          | Men                                                | sports-apparel                                     |           67.36 | 3356.1600000000003 |    0.2856572396724806
 AAAAAAAAIGKCAAAA | Criminal, different consequences may view privileges. Important terms meet deep on a results. Initial, big decades sleep soon. Improvements invite new claims.                                           | Men                                                | sports-apparel                                     |           62.71 |            4041.87 |   0.34402097257431374
 AAAAAAAAIHAEAAAA | In between new attempts could profit in a materials. Tragic, good expenses could not leave close stories. At least sp                                                                                    | Men                                                | sports-apparel                                     |            6.63 |            1170.76 |   0.09964842853706417
 AAAAAAAAIHHBAAAA | Things will pay a                                                                                                                                                                                        | Men                                                | sports-apparel                                     |            1.84 |            10091.7 |    0.8589480732750441
 AAAAAAAAIJDAAAAA | New others say military improvements. Scales co                                                                                                                                                          | Men                                                | sports-apparel                                     |            2.07 |              78.87 |  0.006712965559737479
 AAAAAAAAILBAAAAA | Expected services suppress right royal, poor reasons. Young ages provide alone allege                                                                                                                    | Men                                                | sports-apparel                                     |            3.68 |            1445.52 |   0.12303443610893522
 AAAAAAAAILFEAAAA | Months displace elsewhere royal, other groups. Joint, minor merchan                                                                                                                                      | Men                                                | sports-apparel                                     |            1.06 |            6300.29 |    0.5362448305611569
 AAAAAAAAIMJCAAAA | Thus certain events go less currently random teams. Only financial men could recover quite for a prices. Technical, small children seem thus much sudden cards.                                          | Men                                                | sports-apparel                                     |            2.53 |             106.28 |   0.00904594877252313
 AAAAAAAAINGCAAAA | Cas                                                                                                                                                                                                      | Men                                                | sports-apparel                                     |            9.35 |           11742.59 |    0.9994624350465035
 AAAAAAAAIOHCAAAA | Early, narrow rounds serve in the days; necessary farms start republ                                                                                                                                     | Men                                                | sports-apparel                                     |           90.05 |            8366.02 |    0.7120680123250278
 AAAAAAAAIPEEAAAA | Potential years admire other, weak rooms                                                                                                                                                                 | Men                                                | sports-apparel                                     |            0.53 |             7341.4 |    0.6248581889217285
 AAAAAAAAJBPAAAAA | Children can find into the men; benefits might participate in order so strong ways. Specialist forests can say consequently; years review exactly smart, beautiful tools. Just responsible problems ough | Men                                                | sports-apparel                                     |            1.46 |           14638.92 |    1.2459815619595813
 AAAAAAAAJCMCAAAA | In order important personnel go entirely high weeks. Instead intense forces could not carry also; arts appear high keenly patient me                                                                     | Men                                                | sports-apparel                                     |             5.4 |            17545.5 |    1.4933731105410668
 AAAAAAAAJCODAAAA | Illegal, recent balls come certainly b                                                                                                                                                                   | Men                                                | sports-apparel                                     |            3.09 |            8967.87 |    0.7632940592646501
 AAAAAAAAJHAAAAAA | Countries see already on the birds. Also guilty pupils could not tell odd hotels. Top techniques would decide now as a problems. Recent, alone streets could sleep then activitie                        | Men                                                | sports-apparel                                     |           66.08 |            7225.67 |    0.6150079099280882
 AAAAAAAAJHDAAAAA | Numbers will support dramatically tragic, federal states; essentially significant lips incre                                                                                                             | Men                                                | sports-apparel                                     |             7.7 |            6254.24 |    0.5323253166265061
 AAAAAAAAJJDEAAAA | Companies shall help simply new parents. Traditional scholars shall not protect again.                                                                                                                   | Men                                                | sports-apparel                                     |           61.63 |            3554.13 |     0.302507319447569
 AAAAAAAAJLKBAAAA | Right, sensitive oth                                                                                                                                                                                     | Men                                                | sports-apparel                                     |            2.62 |            2552.52 |   0.21725597629695842
 AAAAAAAAJMMBAAAA | Otherwise full meanings care however well local heels. Front, small users must not see usually measures. Then pre                                                                                        | Men                                                | sports-apparel                                     |           60.89 |            2302.22 |   0.19595186472598983
 AAAAAAAAJNCEAAAA | Aloud good years should tell again. Men might not sign as good opportunities. Cities hold with the hotels. Experiments ought to bring for a democrats.                                                   | Men                                                | sports-apparel                                     |            1.16 |             793.04 |   0.06749905169892495
 AAAAAAAAJNDAAAAA | Profitable, little members might believe ideas. Certainly difficult exports back young fortunes. Old degrees should sit nations. Partly important times shrug                                            | Men                                                | sports-apparel                                     |            9.22 |            1058.94 |   0.09013094649205536
 AAAAAAAAJNNCAAAA | Modern stairs may commission as a others. Almost familiar images grow on the wages. Arguably availab                                                                                                     | Men                                                | sports-apparel                                     |            9.26 |           10425.27 |     0.887339653365847
 AAAAAAAAKAFCAAAA | Too independent statements acc                                                                                                                                                                           | Men                                                | sports-apparel                                     |            1.77 |            1191.71 |   0.10143157331298024
 AAAAAAAAKBACAAAA | Similar, other beds used to arise systematically miserable, good things. Institutional, final seeds might say particularly beneath a roads. Famous houses would consider. Else possible eye              | Men                                                | sports-apparel                                     |             6.2 |            2924.44 |    0.2489116901422426
 AAAAAAAAKCEEAAAA | Only rational problems ought to str                                                                                                                                                                      | Men                                                | sports-apparel                                     |            4.43 |            8688.15 |    0.7394858847195788
 AAAAAAAAKCFAAAAA | As personal agencies choose about royal, official individuals. Facilities may block ba                                                                                                                   | Men                                                | sports-apparel                                     |           45.33 |           10268.34 |    0.8739826648367535
 AAAAAAAAKCHBAAAA | French doors may mention then. Flats might not rush major months; too new assets should not turn. Funds keep again m                                                                                     | Men                                                | sports-apparel                                     |            2.09 | 3251.2700000000004 |    0.2767295997896244
 AAAAAAAAKCJCAAAA | American, strange re                                                                                                                                                                                     | Men                                                | sports-apparel                                     |            4.16 |           18261.66 |    1.5543285741553892
 AAAAAAAAKDAAAAAA | Subsequent lines think still functions. Wings feel gently other instances. And so on natural eyes feed even. Thinking dogs shall not want hence elderly, tradit                                          | Men                                                | sports-apparel                                     |            1.26 |            6211.02 |    0.5286466761866448
 AAAAAAAAKDHAAAAA | Bas                                                                                                                                                                                                      | Men                                                | sports-apparel                                     |            3.62 |             529.62 |   0.04507824039239462
 AAAAAAAAKDICAAAA | Kinds make vividly home deep boy                                                                                                                                                                         | Men                                                | sports-apparel                                     |            1.86 |           13176.45 |    1.1215044383111819
 AAAAAAAAKDPDAAAA | Members might respond by a waters. Very early elections expect ge                                                                                                                                        | Men                                                | sports-apparel                                     |            4.62 |            2513.79 |    0.2139594991050143
 AAAAAAAAKGAAAAAA | Yet tough rights become heavy allies. Specific materials hear. Eyes run. Early hands will prepare also in a evenings; significant shoes can help available institutions. More jewish minute              | Men                                                | sports-apparel                                     |            8.46 |            1298.84 |   0.11054986924824936
 AAAAAAAAKGJAAAAA | Italian, central services could cost humans. Provisions will not                                                                                                                                         | Men                                                | sports-apparel                                     |            2.66 |  4468.860000000001 |    0.3803639314224475
 AAAAAAAAKHAAAAAA | Strange activities could rid then                                                                                                                                                                        | Men                                                | sports-apparel                                     |            6.34 |             886.78 |   0.07547766703517182
 AAAAAAAAKHGCAAAA | Pale views make values. Apart current issues go to a goals. Capable farmers will not turn. Years repeat scientific pp.. Different, academic contracts ought to seize for a women.                        | Men                                                | sports-apparel                                     |            7.54 |            1023.27 |   0.08709491908599684
 AAAAAAAAKHIDAAAA | Certain exercises meet really spiritual, monthly men; view                                                                                                                                               | Men                                                | sports-apparel                                     |            4.74 |                445 |   0.03787586755525774
 AAAAAAAAKJDBAAAA | So christian members can contact too special                                                                                                                                                             | Men                                                | sports-apparel                                     |            1.49 | 2824.3999999999996 |   0.24039685465858415
 AAAAAAAAKKDDAAAA | Very primitive groups go home rises. Favorable, social months would become also. Certain, high tears climb methods; other, able birds deal royal, dif                                                    | Men                                                | sports-apparel                                     |           24.77 |            1483.29 |    0.1262492035641309
 AAAAAAAAKKEEAAAA | Great, level fingers may learn even large, early                                                                                                                                                         | Men                                                | sports-apparel                                     |            6.05 |           21008.57 |    1.7881299210008117
 AAAAAAAAKLOCAAAA | Managers cou                                                                                                                                                                                             | Men                                                | sports-apparel                                     |            1.82 |            6739.78 |    0.5736517182732024
 AAAAAAAAKMGBAAAA | Papers shall change new lines. Natural rights get anxious potatoes. Personal ears ought to see sure, tory minutes. New, young sales shall not work differences. So british members cannot f              | Men                                                | sports-apparel                                     |            0.76 | 3018.8199999999997 |   0.25694477863632176
 AAAAAAAAKMJAAAAA | Good, rapid rules should know just still long grants. Single, true years go low critical, high needs. Years speak yesterday women. Conventional, german weeks own with the links. Low good reco          | Men                                                | sports-apparel                                     |            3.97 |            9665.09 |    0.8226374578643731
 AAAAAAAAKNBEAAAA | Statements rely just famous sides. Keen, minor peasants can handle totally other, previous faces. Direct others must not take previous, legal profits. As civil studies must not give there at the vers  | Men                                                | sports-apparel                                     |           93.86 |             422.81 |  0.035987181036041635
 AAAAAAAAKOBAAAAA | Specific circumstanc                                                                                                                                                                                     | Men                                                | sports-apparel                                     |            8.05 |  7736.610000000001 |    0.6584962150262531
 AAAAAAAAKOFDAAAA | Also social firms read skills. Outcomes learn to a users. Close, royal increases blow simply political, other ways. Med                                                                                  | Men                                                | sports-apparel                                     |            9.54 |            4219.15 |    0.3591100372938555
 AAAAAAAAKPEAAAAA | So strong criteria cannot send. Islands cope arts; just immediate stones shall not go basically costs. Superb locations start new, difficult boards. Big requests shall get now                          | Men                                                | sports-apparel                                     |            0.82 |  6077.280000000001 |    0.5172634884858806
 AAAAAAAALFFEAAAA | Numerous, low books buy at a doctors. Political practitioners must see relatively odd responsibilities. Wonderfu                                                                                         | Men                                                | sports-apparel                                     |            1.92 |            17511.3 |    1.4904622011694044
 AAAAAAAALIDAAAAA | Over bare years could not think so ministers. Far                                                                                                                                                        | Men                                                | sports-apparel                                     |            1.42 | 12120.179999999998 |    1.0316007470244577
 AAAAAAAALNCCAAAA | Negative, little                                                                                                                                                                                         | Men                                                | sports-apparel                                     |            6.86 |  641.0999999999999 |   0.05456678357230503
 AAAAAAAALOBCAAAA | Expensive areas recognise ashamed years; runni                                                                                                                                                           | Men                                                | sports-apparel                                     |            7.53 |  5395.870000000001 |    0.4592657471132329
 AAAAAAAALPEEAAAA | Years accompany now fur                                                                                                                                                                                  | Men                                                | sports-apparel                                     |            7.77 |  8025.740000000001 |    0.6831053152200771
 AAAAAAAALPIDAAAA | Also chief parties can go traditional songs. However other children could benefit always only previous concessions. Happily early surfaces may consi                                                     | Men                                                | sports-apparel                                     |             3.9 |            8032.92 |    0.6837164359595079
 AAAAAAAAMAAEAAAA | Grey, active agreements carry young times. Subject, selective principles may monitor double so male ways. Important, future factors take national buyers. Metropolitan effects might talk most lat       | Men                                                | sports-apparel                                     |             4.2 |  6600.400000000001 |     0.561788485869041
 AAAAAAAAMAEAAAAA | Scheme                                                                                                                                                                                                   | Men                                                | sports-apparel                                     |            8.37 | 4026.2599999999998 |   0.34269233820906075
 AAAAAAAAMBLCAAAA | Most fellow children supply types; soviet, administrative critics                                                                                                                                        | Men                                                | sports-apparel                                     |             4.3 |            2863.75 |   0.24374610272217834
 AAAAAAAAMCEEAAAA | Large, artificial pubs pass most current others. Central,                                                                                                                                                | Men                                                | sports-apparel                                     |            1.47 | 11230.300000000001 |    0.9558592256310361
 AAAAAAAAMEJBAAAA | Royal notes form toward the lawyers. Judicial traders occur                                                                                                                                              | Men                                                | sports-apparel                                     |            0.82 |            5395.84 |    0.4592631936839594
 AAAAAAAAMFDCAAAA | Ideas might provide extremely obviously good authorities. Central women achieve central things. Available communications start so colleges. Mercifully heavy month                                       | Men                                                | sports-apparel                                     |             6.4 |            8811.87 |    0.7500162270430317
 AAAAAAAAMFNBAAAA | Silly authorities become major, regional women. Very considerable charts l                                                                                                                               | Men                                                | sports-apparel                                     |            0.73 |              852.6 |   0.07256845994969158
 AAAAAAAAMFOBAAAA | Closely full students seek possible pressures. Talks could estimate more rebe                                                                                                                            | Men                                                | sports-apparel                                     |              96 |            5194.67 |   0.44214074811970955
 AAAAAAAAMGMCAAAA | Members might not put initially important indicators. Regional, common clothes listen. Report                                                                                                            | Men                                                | sports-apparel                                     |             2.9 | 2879.2799999999997 |    0.2450679279427023
 AAAAAAAAMHBDAAAA | Names should help sometimes most old subjects. Specific, old personnel would wear relentlessly days. Boys defend now. Unemployed, aggressive weeks must say enough thick groups. Servants                | Men                                                | sports-apparel                                     |            5.29 |               3915 |    0.3332225201771552
 AAAAAAAAMHICAAAA | Early forms would resume most real, sorry years. High slow shapes will not welcome still. Main stairs want never available services. Big followers cannot choose straight, other maps. Arms he           | Men                                                | sports-apparel                                     |            0.56 |            3028.23 |   0.25774570428507454
 AAAAAAAAMHLBAAAA | Effective parties will learn hig                                                                                                                                                                         | Men                                                | sports-apparel                                     |            7.78 |             1140.8 |   0.09709840383604053
 AAAAAAAAMJDCAAAA | Central, alternative societies may grant later standards. Dates like more long, material boys. Good premises sh                                                                                          | Men                                                | sports-apparel                                     |            4.88 |           13987.85 |    1.1905661887254204
 AAAAAAAAMKICAAAA | Simple ministers run points. Predominantly alive ch                                                                                                                                                      | Men                                                | sports-apparel                                     |            6.66 |  4777.160000000001 |   0.40660467292196656
 AAAAAAAAMLMDAAAA | Just bad grounds must crawl easy mere unknown cards. Warm objects cease. Cases join yet exact, coastal women. Now minor minutes feel                                                                     | Men                                                | sports-apparel                                     |            0.81 | 419.43999999999994 |   0.03570034581433102
 AAAAAAAAMMKAAAAA | Months shall savour natural minutes. Democratic weeks could fathom particularly sudden, front subjects. Unpleasant patterns must not publish individually to a ministers.                                | Men                                                | sports-apparel                                     |            7.88 |             1772.8 |    0.1508906471954178
 AAAAAAAAMMKBAAAA | Costs might not see nevertheless matters. Thin, actual leaders could not combat only actual arts. So northern heroes say indeed directions. American, existing animals should st                         | Men                                                | sports-apparel                                     |            8.83 |  6411.629999999999 |    0.5457214577377913
 AAAAAAAAMNMBAAAA | Shared, main animals used to make social, other faces; perhaps only networks might protect at a terms. Organisations use involuntarily alone, loca                                                       | Men                                                | sports-apparel                                     |            30.2 |            2422.89 |   0.20622260840664816
 AAAAAAAAMOCAAAAA | Open years shift minutes. Ordinary, heavy speeches might choose just statements. Situations get similarly in the forms. Average, appropriate shelve                                                      | Men                                                | sports-apparel                                     |            8.26 |             2840.8 |   0.24179272932803642
 AAAAAAAANEIDAAAA | Open millions find over probable, good feelings; strong, appropriate times can clarify. Privately major years shall advise international, social busi                                                    | Men                                                | sports-apparel                                     |             6.3 |            6818.15 |    0.5803221266783833
 AAAAAAAANGOBAAAA | Economic,                                                                                                                                                                                                | Men                                                | sports-apparel                                     |            7.18 |             918.31 |   0.07816132120150278
 AAAAAAAANHJCAAAA | Parliamentary facts prove constantly little buildings. Modern, sure events meet                                                                                                                          | Men                                                | sports-apparel                                     |            4.68 | 19547.059999999998 |    1.6637345070891603
 AAAAAAAANIEDAAAA | Northern parameters might not lean twice late classes. Legal differences can differ once carefully long others. Natural metres can propose. Political women could take good, new answers                 | Men                                                | sports-apparel                                     |            0.19 |            4753.43 |   0.40458491036671645
 AAAAAAAANJDAAAAA | Still excellent institutions will buy yet even british readers; fixed projects break just overnight decisive students.                                                                                   | Men                                                | sports-apparel                                     |            5.08 |           16077.62 |    1.3684355184803663
 AAAAAAAANKHBAAAA | Local police intervene over pretty                                                                                                                                                                       | Men                                                | sports-apparel                                     |             6.8 |            1350.53 |   0.11494942788629717
 AAAAAAAANLEDAAAA | Particular, foreign women may set just consistent, new terms. Particularly fast women must not specify in a losses. Differ                                                                               | Men                                                | sports-apparel                                     |           73.57 |            8921.56 |    0.7593524156096298
 AAAAAAAANPDDAAAA | From time to time common courses overcome blue, chief islands. Econ                                                                                                                                      | Men                                                | sports-apparel                                     |            6.02 |            5245.08 |    0.4464313604420928
 AAAAAAAAOACDAAAA | Lips will not boast authorities. Outcomes                                                                                                                                                                | Men                                                | sports-apparel                                     |           51.94 |            8102.74 |    0.6896591170217733
 AAAAAAAAOAKCAAAA | Members will not consider either supreme months. Policies apologise closely practical, rural places; of course careful services grow by a presents. Social ti                                            | Men                                                | sports-apparel                                     |            3.55 |           20179.65 |    1.7175769678909147
 AAAAAAAAOBFAAAAA | Products may grant men. Also living areas shall die other, whole areas. Vast, severe holidays try. Also dead conditions may deal so blind proposals. Variab                                              | Men                                                | sports-apparel                                     |            0.75 |             459.78 |   0.03913385704394698
 AAAAAAAAOBLDAAAA | Available, residential circumstances cannot get in a assets. Current ideas dream about a wages; large effects remember very recently other posts. Countries close happily ligh                           | Men                                                | sports-apparel                                     |            3.63 |            21277.4 |     1.811011200719643
 AAAAAAAAOCECAAAA | Once tired ac                                                                                                                                                                                            | Men                                                | sports-apparel                                     |            9.33 |              450.1 |   0.03830995053173373
 AAAAAAAAOEAEAAAA | Officials need directly. Other, free lines say very expense                                                                                                                                              | Men                                                | sports-apparel                                     |            9.98 |            7356.07 |    0.6261068158364154
 AAAAAAAAOFFEAAAA | Present, underlying sales deal. Outstanding, influential consequences ask incredibly                                                                                                                     | Men                                                | sports-apparel                                     |            5.54 |            3361.82 |    0.2861389866620597
 AAAAAAAAOGFDAAAA | Black managers generate in the pieces; thinly young eyes cannot burn much new, main rows. Slightly contempora                                                                                            | Men                                                | sports-apparel                                     |            6.19 |            4548.47 |   0.38713988157092855
 AAAAAAAAOGJAAAAA | Masses get nearly in the parties. English studies seem previous, alive clients. Futures might examine please inland                                                                                      | Men                                                | sports-apparel                                     |           53.36 | 4015.8200000000006 |    0.3418037448219217
 AAAAAAAAOHBEAAAA | Only healthy camps used to save also similarly just lips. Complex, technical officials ca                                                                                                                | Men                                                | sports-apparel                                     |            3.17 |            3334.56 |   0.28381877059564103
 AAAAAAAAOIIBAAAA | Details will help. Rates must deal burning, political events. Firm, m                                                                                                                                    | Men                                                | sports-apparel                                     |            4.41 |            6663.65 |    0.5671719659204343
 AAAAAAAAOJNCAAAA | Catholic, late languages can point by the doors. Mo                                                                                                                                                      | Men                                                | sports-apparel                                     |            0.72 | 14832.419999999998 |    1.2624511807729348
 AAAAAAAAOKKAAAAA | Otherwise white results widen sharp temperatures. Long-term reasons should protest alone past faces. Good, big materials become also easi                                                                | Men                                                | sports-apparel                                     |            2.41 |              587.3 |   0.04998763374202892
 AAAAAAAAOMIDAAAA | Poor problems report. Different writers tell at last static flames. More                                                                                                                                 | Men                                                | sports-apparel                                     |           99.57 |           13649.49 |    1.1617669110939663
 AAAAAAAAONCAAAAA | So detailed police would support now senior central residents; t                                                                                                                                         | Men                                                | sports-apparel                                     |             2.4 |           10804.79 |    0.9196422359603895
 AAAAAAAAONEEAAAA | Then possible issues take pretty                                                                                                                                                                         | Men                                                | sports-apparel                                     |           17.88 |            1395.37 |   0.11876595350692135
 AAAAAAAAOOOCAAAA | Economic, delicate features fetch basically political, pregnant chairs. Studies must find current, certain police. Various barriers could not give almost companies. Tonight brief attacks await in a d  | Men                                                | sports-apparel                                     |            1.53 |             424.08 |  0.036095276208615065
 AAAAAAAAPAGBAAAA | Other, public times discuss. Glad services shall follow. Powerful, important goals must not discuss always with a views. Royal, indiv                                                                    | Men                                                | sports-apparel                                     |            0.32 |            2538.31 |   0.21604650196446357
 AAAAAAAAPBLBAAAA | Seats                                                                                                                                                                                                    | Men                                                | sports-apparel                                     |            1.63 |             353.28 |  0.030069183123419004
 AAAAAAAAPFODAAAA | Prime, old room                                                                                                                                                                                          | Men                                                | sports-apparel                                     |           64.67 |            3703.04 |    0.3151816912175767
 AAAAAAAAPHGAAAAA | Men pay here. Units ought to write early messages.                                                                                                                                                       | Men                                                | sports-apparel                                     |            3.97 |             4553.4 |   0.38755949511485527
 AAAAAAAAPIGCAAAA | Ill, soviet days locate ago. British countries will speak almost equally political cases; responsible, joint trees help single details. Secondly happy men could trade. Instantly importa                | Men                                                | sports-apparel                                     |            3.85 |            1886.11 |   0.16053494956100492
 AAAAAAAAPJDEAAAA | New, old police remember years. Difficult banks get difficult, tiny members. Necessary rivers like well alternative surfaces. Good, educational rivers could not look others; new,                       | Men                                                | sports-apparel                                     |           76.55 | 1058.3200000000002 |   0.09007817562040535
 AAAAAAAAPNCBAAAA | Names may not embark only evident months. Daughters would see happily. Human leaves continue at a jews. Shares read strictly; harsh products used to rate cold, whole feelings. Suddenly new             | Men                                                | sports-apparel                                     |            2.56 |            4297.05 |   0.36574044197375344
 AAAAAAAAPNFBAAAA | Distant, local rights move naturally special lengths. Used, large clothes will identify so as a figures. Here full officials should anticipate markedly. Sound,                                          | Men                                                | sports-apparel                                     |            3.34 |             1872.5 |    0.1593765438139778
 AAAAAAAAPNLBAAAA | Never serious parts welcome alternative details. Concessions organize possibly naval, red walls. More divin                                                                                              | Men                                                | sports-apparel                                     |           55.98 |            3500.28 |   0.29792391390183726
 AAAAAAAAPOBBAAAA | Black stars might not know truly hidden losses. Ethical, superb cats should see standard, distant clubs. Big nam                                                                                         | Men                                                | sports-apparel                                     |            2.14 |              630.8 |   0.05369010618844176
 AAAAAAAACNFAAAAA | New, small industries can me                                                                                                                                                                             | Men                                                |                                                    |            5.61 |            1159.71 |      6.96392863791126
 AAAAAAAAAEEDAAAA | Clothes might listen please officers. At least special groups may date subsequent neigh                                                                                                                  | Sports                                             | archery                                            |            4.34 |             764.72 |   0.28870389385941336
 AAAAAAAAAGFDAAAA | Bars seek pretty recent banks. Retail, tall eyes will help especially entirely british types. Necessary libraries seem further together soviet employers. Clinical, medical o                            | Sports                                             | archery                                            |              40 |            6804.72 |    2.5689783981366086
 AAAAAAAABIPBAAAA | Players deny separate americans. Moving, additional principles ensure also. Massive men acknowledge in a students; british, total childr                                                                 | Sports                                             | archery                                            |            3.46 | 15525.210000000001 |     5.861215320620754
 AAAAAAAACIKCAAAA | Companies will see slightly rather than the holidays; minutes must seem. Similar, working universities ought to know dangerously days. Political, real pressures hope so                                 | Sports                                             | archery                                            |            6.22 |           10234.97 |    3.8639968779870797
 AAAAAAAACJJCAAAA | Men could not cope sure aims. Dead, necessary members must not reflect inherent buildings; entire experiments might breach in a parts. Grand, political students would                                   | Sports                                             | archery                                            |            3.41 |            1019.52 |    0.3848982553974646
 AAAAAAAACMJDAAAA | Once everyday resources encourage more. Years should relieve indeed by a concerns; individuals split successful, minor poems. British readers shall no                                                   | Sports                                             | archery                                            |            4.97 |            8922.64 |     3.368554387888058
 AAAAAAAAECCAAAAA | Sessions will operate. Perfe                                                                                                                                                                             | Sports                                             | archery                                            |             6.6 |                    |                      
 AAAAAAAAEFNDAAAA | Tragic articles know more particular years. Centuries m                                                                                                                                                  | Sports                                             | archery                                            |            0.85 |           14239.39 |     5.375781121433716
 AAAAAAAAEGBCAAAA | Operations lower too                                                                                                                                                                                     | Sports                                             | archery                                            |            4.81 | 10030.779999999999 |    3.7869092536446356
 AAAAAAAAEINAAAAA | Likely women help quite useful pubs; always leading skills used to become smoothly similar goods. Procedures close around a companies.                                                                   | Sports                                             | archery                                            |            2.34 |              15619 |     5.896623755348594
 AAAAAAAAFKBAAAAA | Cultures find really strong actions. Other, major businesses can cope very adjacent others. Units feel for example civ                                                                                   | Sports                                             | archery                                            |            5.47 |  8269.400000000001 |    3.1219374148459997
 AAAAAAAAFLECAAAA | Elaborate hands should establish as to a things. Groups help li                                                                                                                                          | Sports                                             | archery                                            |             0.1 |             187.76 |   0.07088482465614009
 AAAAAAAAGAPCAAAA | Contemporary workers would not start quiet records. External, rural windows lift full-time points. Normal, true devices present so only chosen children. Pure, back wines would stare all; poor re       | Sports                                             | archery                                            |            6.42 |           15660.15 |     5.912159069231211
 AAAAAAAAGDCAAAAA | Largely certain organizations ought to get very round officers. Please bright children use now electoral, ancient aspects. Able areas go                                                                 | Sports                                             | archery                                            |            1.83 |             720.46 |    0.2719944651244285
 AAAAAAAAGFNCAAAA | Financial decisions respect very absolute, unique numbers. Things could not say at l                                                                                                                     | Sports                                             | archery                                            |           64.84 |            4253.77 |    1.6059210725263584
 AAAAAAAAGIMAAAAA | Forever other towns shall see by a years. Inexorably new police cut well healthy, important clothes. Consequences may not read then to the nurses. Late, theo                                            | Sports                                             | archery                                            |            2.69 |  5416.719999999999 |     2.044968296822577
 AAAAAAAAGJGCAAAA | Changing minds ought to breach. New, particular duties generate early sessions. Quite industrial claims strip hardly poor, waste operations. Questions intend still. Very able errors use ag             | Sports                                             | archery                                            |            1.84 |            5166.05 |    1.9503331296061595
 AAAAAAAAGKFCAAAA | Dogs play conservative, potential views. Long, old developments should not want over sexual lines. Simple cameras suit sure into a students. Fortunately negative beds can think more anxious large ques | Sports                                             | archery                                            |           55.83 |             639.98 |   0.24161093994160915
 AAAAAAAAGLMDAAAA | Active friends should not remove only friends. Rumours sue additional activities. So western patients must n                                                                                             | Sports                                             | archery                                            |             9.8 |  608.6600000000001 |   0.22978673506181418
 AAAAAAAAGOPCAAAA | New results improve relative, intact shareholders. Fine, young commitments would ensure as well details. Over righ                                                                                       | Sports                                             | archery                                            |            9.51 |               9.82 |  0.003707333713907625
 AAAAAAAAHIMBAAAA | Small provisions set. Later strong dogs insist; wooden authorities put exclusively main, aware friends. Previously military organizations result schools.                                                | Sports                                             | archery                                            |            0.23 |            8285.25 |      3.12792124777527
 AAAAAAAAHJCEAAAA | Bold, german items would scramble.                                                                                                                                                                       | Sports                                             | archery                                            |            3.25 |             793.35 |   0.29951254602124383
 AAAAAAAAIOJDAAAA | Electoral, strong qualities should determine british children. Mass cells                                                                                                                                | Sports                                             | archery                                            |            4.46 |           17687.94 |     6.677708379997478
 AAAAAAAAIOPBAAAA | Secondly able shows might know. Relations say then impor                                                                                                                                                 | Sports                                             | archery                                            |            4.83 |             4245.9 |    1.6029499201507518
 AAAAAAAAJBECAAAA | Courses used to receive at a matters. Movements might avoid academic, essential leaders. Horizontal, single ways would find thus also annual children; for long valuable po                              | Sports                                             | archery                                            |            2.85 |            2289.28 |    0.8642693405880294
 AAAAAAAAJKMDAAAA | So related properties feel as parts. Conscious speakers concern purposes. Lexical signs can count only large rules. Small, industrial stairs would assess properly                                       | Sports                                             | archery                                            |            3.49 |             8166.2 |      3.08297643324974
 AAAAAAAAJLNBAAAA | Less national departments ensure by a conditions. Ordinary words                                                                                                                                         | Sports                                             | archery                                            |            0.57 |            1924.04 |    0.7263806882797176
 AAAAAAAAJMFCAAAA | Chief requirements reflect usual, national                                                                                                                                                               | Sports                                             | archery                                            |            9.16 |            4418.15 |      1.66797927170071
 AAAAAAAAKEAAAAAA | Spanish, close areas look free models. Abruptly labour                                                                                                                                                   | Sports                                             | archery                                            |            4.13 |            8147.89 |    3.0760638792475357
 AAAAAAAAKFJBAAAA | Orthodox adults will occur however grounds; frequent boards help sacred, initial days. Big, social interests could not fly vital response                                                                | Sports                                             | archery                                            |            7.82 |            5413.26 |     2.043662046858207
 AAAAAAAAKHHBAAAA | Methods may not apply demands. En                                                                                                                                                                        | Sports                                             | archery                                            |            6.87 |           12517.58 |     4.725748100869227
 AAAAAAAALHNDAAAA | Types should not ge                                                                                                                                                                                      | Sports                                             | archery                                            |            0.61 |             560.88 |   0.21174840462897238
 AAAAAAAALLMAAAAA | Of course late agreements explain; servants may not grab most strong evenings; too following teachers bring as a results.                                                                                | Sports                                             | archery                                            |             4.5 | 1599.8999999999999 |    0.6040084734094511
 AAAAAAAAMEEDAAAA | Today soviet words walk natural, effective threats. Good talks shall meet enough in a sons. Indeed christian consequences could not go very places. Outside, front women could not contain pink,         | Sports                                             | archery                                            |            4.24 |             586.62 |   0.22146599829455102
 AAAAAAAAMHFEAAAA | Problems ought to consider managerial ideas. Diffe                                                                                                                                                       | Sports                                             | archery                                            |            5.18 |             551.34 |   0.20814677900466702
 AAAAAAAAMOHBAAAA | Most numerous efforts ought to clarify. Full, unexpected aims give. Significantly young times would see at least free, particular                                                                        | Sports                                             | archery                                            |            2.76 |            8903.36 |      3.36127563086116
 AAAAAAAANAMDAAAA | Clear, environmental lectures would produce attitudes. Able, public officials must fail softly. Thereafter preliminary plans mean well                                                                   | Sports                                             | archery                                            |            0.13 |  5947.299999999999 |      2.24527757604102
 AAAAAAAANCEAAAAA | Fo                                                                                                                                                                                                       | Sports                                             | archery                                            |            9.35 |             148.68 |  0.056130995578796916
 AAAAAAAANEBEAAAA | At las                                                                                                                                                                                                   | Sports                                             | archery                                            |            4.02 | 10303.039999999999 |    3.8896952696271705
 AAAAAAAANFHAAAAA | Others include much prices. Strong approache                                                                                                                                                             | Sports                                             | archery                                            |            0.18 |            4216.88 |    1.5919940317212613
 AAAAAAAANHBBAAAA | As vital changes consume specifically black, italian results. Regularly irish houses learn quite personal suppliers. Ne                                                                                  | Sports                                             | archery                                            |            2.03 | 10095.609999999999 |     3.811384451676472
 AAAAAAAAOAIDAAAA | Previo                                                                                                                                                                                                   | Sports                                             | archery                                            |            1.99 |               81.9 |   0.03091961620865932
 AAAAAAAAOCCEAAAA | Thousands qualify in public for a shoes. Thoughts close for a rewards; legs produce with a c                                                                                                             | Sports                                             | archery                                            |            1.55 |             263.52 |   0.09948641347137856
 AAAAAAAAODOAAAAA | Tasks expect never naval, british foreigners; british disputes may not like by a sites. Suddenly strong families win then                                                                                | Sports                                             | archery                                            |             3.1 |           16594.17 |     6.264778604410844
 AAAAAAAAOIDEAAAA | Concrete, large goods will declare too mere, likely difficulties. Mainly english animals can see by a methods. Adverse, new officials produce only small sorts. Module                                   | Sports                                             | archery                                            |             4.5 |             308.25 |   0.11637328078533864
 AAAAAAAAPMDBAAAA | Reactions                                                                                                                                                                                                | Sports                                             | archery                                            |            0.91 |            6736.38 |    2.5431780736958296
 AAAAAAAAACIDAAAA | New, expensive years will not come to a variables. Rather liberal e                                                                                                                                      | Sports                                             | athletic shoes                                     |             4.2 |            4007.96 |    1.1811546196337679
 AAAAAAAAADLDAAAA | So legal others ought to dream more arab types. However main pupils know at all types. Total chiefs might not fear then only, military                                                                   | Sports                                             | athletic shoes                                     |            8.62 |            4235.54 |     1.248222945748862
 AAAAAAAAALJAAAAA | Acres could think. Simple, golden services use more early quiet pp.. Radically old lips think also moreover willing claims. Futu                                                                         | Sports                                             | athletic shoes                                     |               9 |               7.76 |   0.00228688905287429
 AAAAAAAAALMAAAAA | Films used to carry with a reactions. Yesterday good foods might make grimly different differences. That is foreign magistrates make. Prof                                                               | Sports                                             | athletic shoes                                     |            8.36 |             4128.5 |    1.2166780225246787
 AAAAAAAAAPNDAAAA | Police say about a folk. Unemployed vehicles shall enable; both flat machines might adjust even. Various collections should give only satisfactory, armed jobs. Actually spanish conditions explain      | Sports                                             | athletic shoes                                     |           54.43 |            2496.26 |    0.7356533076195845
 AAAAAAAABCLCAAAA | Black friends assume yet. Fresh, bizarre newspapers recognise familiar museums. Informal, other pieces sustain completely premier liabilities.                                                           | Sports                                             | athletic shoes                                     |            6.15 |            4314.65 |    1.2715368365958832
 AAAAAAAABDGDAAAA | Royal things may not consider most different, common territories. Mutual decad                                                                                                                           | Sports                                             | athletic shoes                                     |            2.87 |           11483.47 |     3.384203844331227
 AAAAAAAABEFAAAAA | Doctors will not draw also angry events. Totally outstanding miles must not se                                                                                                                           | Sports                                             | athletic shoes                                     |            6.36 |            5098.37 |    1.5025008428482853
 AAAAAAAABPMDAAAA | Sectors could not support; social weeks tackle sincerely local times. Serious cha                                                                                                                        | Sports                                             | athletic shoes                                     |            4.59 |  6096.070000000001 |     1.796525225329301
 AAAAAAAACADCAAAA | Simultaneously technical activities ought to want. Debts love available, big things. Calls must go before against the restaurants;                                                                       | Sports                                             | athletic shoes                                     |            3.86 |           11226.47 |    3.3084653795646433
 AAAAAAAACAGDAAAA | General relationships represent confident, particular types. Books shall please well by a feet. High companies could no                                                                                  | Sports                                             | athletic shoes                                     |            8.56 |            7028.86 |    2.0714204881682967
 AAAAAAAACAPCAAAA | Very brief structures must not kill about from a streets. Times contribute twice earlier ready examples. Accurate, underlying questions deny from a tools. So modern grounds can like tough plans. For   | Sports                                             | athletic shoes                                     |            2.48 |            2217.78 |    0.6535846396499412
 AAAAAAAACDFEAAAA | Always old colours can argue within a tonnes; unable lips produce as. Widespread, unusual miles could not fill at least separ                                                                            | Sports                                             | athletic shoes                                     |            3.26 |           20585.95 |      6.06672470335277
 AAAAAAAACDIBAAAA | Nice figures consider; public operators live just of course surprising members. General sections will see                                                                                                | Sports                                             | athletic shoes                                     |            4.09 |            5482.28 |    1.6156399635040803
 AAAAAAAACELDAAAA | Heavy heads would use of course. Particular, positive others care only due sorry pairs                                                                                                                   | Sports                                             | athletic shoes                                     |            2.21 |            3471.33 |     1.023008579370375
 AAAAAAAACFPDAAAA | However individual tasks may not continue often. Quite public prices engage therefore old, average waters; d                                                                                             | Sports                                             | athletic shoes                                     |            1.95 |              918.4 |   0.27065449821646237
 AAAAAAAACHEBAAAA | Also public teachers may tell systems; general, evident friends allow so streets. Personal employers cannot persuade so anonymous cons                                                                   | Sports                                             | athletic shoes                                     |            3.52 |  9745.779999999999 |      2.87210278269603
 AAAAAAAADDGEAAAA | Areas run more new branches. Similar, legal rules view for example. There suitable years                                                                                                                 | Sports                                             | athletic shoes                                     |            6.74 |           16005.41 |     4.716829499454213
 AAAAAAAADHCBAAAA | Ashamed, only members want much possible remains. Men tell. Even clear days shall not take mo                                                                                                            | Sports                                             | athletic shoes                                     |            3.39 |  8671.640000000001 |    2.5555513642354137
 AAAAAAAAEEDCAAAA | Practical, scottish consequences could not write ibid. waters. Winners                                                                                                                                   | Sports                                             | athletic shoes                                     |            4.37 |            20049.5 |     5.908631709484933
 AAAAAAAAENFBAAAA | Past, complex trousers leave away cases. Personal, dangerous tools shall call only great spirits. Applications used to document; common, white hopes act to a clothes. New tonnes facilitate just le     | Sports                                             | athletic shoes                                     |            1.13 |              658.2 |   0.19397298641776517
 AAAAAAAAFFHCAAAA | Ordinary services take more political qualifications; previou                                                                                                                                            | Sports                                             | athletic shoes                                     |            6.47 |            6613.88 |    1.9491249702350786
 AAAAAAAAFIPAAAAA | Good origins understand. Both small managers help sometimes with a papers; proceedings ought                                                                                                             | Sports                                             | athletic shoes                                     |             0.4 |               9139 |     2.693283383275533
 AAAAAAAAFMLDAAAA | Sorry, large conditions could reach as old prices. Annual, bare eyes make total                                                                                                                          | Sports                                             | athletic shoes                                     |            2.97 |             887.22 |   0.26146568369731027
 AAAAAAAAGBAEAAAA | Increased, new boundaries lead by a women. Discussions alter else important, effective clas                                                                                                              | Sports                                             | athletic shoes                                     |            8.61 |            1288.04 |    0.3795882185134279
 AAAAAAAAGDHAAAAA | Evolutionary police advertise well waste children. Di                                                                                                                                                    | Sports                                             | athletic shoes                                     |            77.6 |             414.41 |   0.12212753768062301
 AAAAAAAAGEFBAAAA | Firms help subject, central generations. Tall, different ears improve now. Commercial, broken circumstances read still complex beaches. Houses cannot try companies; rough effects co                    | Sports                                             | athletic shoes                                     |            2.67 |           14859.36 |     4.379086045968829
 AAAAAAAAGJBBAAAA | Usually previous references might al                                                                                                                                                                     | Sports                                             | athletic shoes                                     |            5.18 |             3889.4 |    1.1462147270939773
 AAAAAAAAGJEDAAAA | Rather strange sections can understand later inadequate bizarre parties; centres shall not top surely great paths. Regions attain                                                                        | Sports                                             | athletic shoes                                     |            0.27 |            8178.02 |    2.4100804654880155
 AAAAAAAAGOBEAAAA | Long, physical organs could eat all men. New, welcome cells shall kick most profitable shadows. Glad relatives like in a jobs. Early, new decades extend very australian examples. Seats might b         | Sports                                             | athletic shoes                                     |            1.85 |            4358.85 |     1.284562673726946
 AAAAAAAAHMJDAAAA | New, u                                                                                                                                                                                                   | Sports                                             | athletic shoes                                     |            3.04 |            1514.08 |   0.44620270324431766
 AAAAAAAAICDDAAAA | Transactions ought to burn of course in a states. Informal films give home old, new points. Human children attract assets. Feet move essentiall                                                          | Sports                                             | athletic shoes                                     |            4.15 |  4680.259999999999 |    1.3792829070367814
 AAAAAAAAIHFAAAAA | Others might indicat                                                                                                                                                                                     | Sports                                             | athletic shoes                                     |            0.84 | 12577.679999999998 |    3.7066699358963784
 AAAAAAAAIMAAAAAA | Now impossible poles ought to need. Material relatives worry final, general examples. As well s                                                                                                          | Sports                                             | athletic shoes                                     |            4.41 |            6456.75 |    1.9028184139363495
 AAAAAAAAJFEBAAAA | Effective qualities operate per a eyes. Remaining issues will resist most at a rates. So distinct arms can trade as. Then different notes train thoroughly gol                                           | Sports                                             | athletic shoes                                     |            8.98 |           11072.76 |     3.263166704781485
 AAAAAAAAJGKAAAAA | Massive, magnetic others should not present gently. Alternative women see deep large other                                                                                                               | Sports                                             | athletic shoes                                     |            0.63 | 1334.9899999999998 |   0.39342448668771235
 AAAAAAAAJHMDAAAA | Whole, main offices will continue with a facts. Historic, new officials can lose whole, gentle sports. Unusual actions would kill light, huge reasons; historical teachers shall rely me                 | Sports                                             | athletic shoes                                     |            2.15 |           12932.75 |    3.8113098451752543
 AAAAAAAAJNFEAAAA | Political securities take into the hu                                                                                                                                                                    | Sports                                             | athletic shoes                                     |            6.98 |            3024.56 |    0.8913444785775081
 AAAAAAAAKDABAAAA | Then final facilities knock events; labour schools ought to know increasingly full items. Thereby economic jobs used to see again hot, public accounts. Red, chinese eyes will collect systems;          | Sports                                             | athletic shoes                                     |            1.11 | 1387.6100000000001 |   0.40893171632202235
 AAAAAAAAKJLBAAAA | Groups maintain. Long                                                                                                                                                                                    | Sports                                             | athletic shoes                                     |            2.72 |            5884.66 |     1.734222233748353
 AAAAAAAAKKGDAAAA | Good costs want frenc                                                                                                                                                                                    | Sports                                             | athletic shoes                                     |             8.5 |            6073.68 |    1.7899268431264843
 AAAAAAAAKMGAAAAA | Fit, administrative dishes used to begin difficult police. Councillors sa                                                                                                                                | Sports                                             | athletic shoes                                     |            9.47 |  6361.089999999999 |     1.874627201720118
 AAAAAAAALLADAAAA | Much central goods used to submit today hours. Widespread, economic parents may not argue single constraints. Furious arms will introduce as particular practices. Voluntary vehicles                    | Sports                                             | athletic shoes                                     |            6.57 |             2073.6 |    0.6110944768092949
 AAAAAAAALMCDAAAA | Potential fingers notice pp.. Absolutely other jews study. Human products deliver ahead in a columns. Rooms may mean always. Provisions see home central need                                            | Sports                                             | athletic shoes                                     |            7.54 |  6363.280000000001 |     1.875272599532721
 AAAAAAAAMFNCAAAA | Scientific, confident years go as as hard glasses. Pubs love books. Too hard women cannot get perfectly c                                                                                                | Sports                                             | athletic shoes                                     |            4.92 | 1708.6499999999999 |      0.50354290981877
 AAAAAAAAMLEBAAAA | Clear, bitter patients ought to attract well in a problems. Honest needs can incorporate just proceedings. Professional, significant banks use years. Probably quiet sports used t                       | Sports                                             | athletic shoes                                     |             5.4 |            6361.32 |    1.8746949832255513
 AAAAAAAAMMEEAAAA | Short, high eyes recover literally suddenly sheer sentences. Virtually public candidates should build extra, political aspects. Councils used to work abroad. Clear, local                               | Sports                                             | athletic shoes                                     |            3.33 |           10091.74 |    2.9740579549553594
 AAAAAAAAMNNDAAAA | Estimated, additional subsidies could not exercise. Schools specify scales; common, small areas must try only routine associations.                                                                      | Sports                                             | athletic shoes                                     |            2.32 |            7025.15 |    2.0703271430154406
 AAAAAAAANBGCAAAA | Black, usual resources give even very original sources. Obvious, warm developments come open, vast activities. Organisational councillors shall not w                                                    | Sports                                             | athletic shoes                                     |            0.59 |            3655.36 |    1.0772426247828046
 AAAAAAAANDLBAAAA | Completely decent years borrow more. Then existing areas get. All suspicious days should fail with a stations. Vast methods go parts. Right metres may compensate lightly very frequent hand             | Sports                                             | athletic shoes                                     |            1.37 |             9457.5 |     2.787146033190541
 AAAAAAAANENBAAAA | Services help great, foreign backs. Darling, large students might appro                                                                                                                                  | Sports                                             | athletic shoes                                     |            3.43 |  6546.889999999999 |    1.9293828700221856
 AAAAAAAANHBEAAAA | Unnecessarily young wines ensure. Away extra women shall work mature, like bottles. Automatic, free claims wil                                                                                           | Sports                                             | athletic shoes                                     |             9.4 |             2385.3 |    0.7029531517810624
 AAAAAAAAOIDAAAAA | Schemes get both certainly sure others. Maybe industrial opportunities laug                                                                                                                              | Sports                                             | athletic shoes                                     |            3.61 |            5421.21 |    1.5976425003005967
 AAAAAAAAOLPAAAAA | Global, gastric nights stop only annual judges; etc permanent parents may not conceal possible places. Areas ought to strengthen full parties. In part new                                               | Sports                                             | athletic shoes                                     |            5.22 |            7376.37 |    2.1738324488338048
 AAAAAAAAAAAEAAAA | Afri                                                                                                                                                                                                     | Sports                                             | baseball                                           |            1.98 | 10132.980000000001 |    3.2529930532586304
 AAAAAAAAAJBDAAAA | Conservative, capital parents may put in order. Customers ought to use from time to time qualifications. Historic numbers ensure public, real so                                                         | Sports                                             | baseball                                           |            1.63 |            3389.65 |    1.0881801703919394
 AAAAAAAAALFAAAAA | Seriously sound children eradicate so radical problems. Keen, current walls must save thousan                                                                                                            | Sports                                             | baseball                                           |             6.8 |            1416.45 |    0.4547232907089707
 AAAAAAAAALIAAAAA | Other, annual events pay a bit. Mechanisms mean actually incentives. Possible values cannot make already new talks. Specific years become rather; conservative, other products head strange              | Sports                                             | baseball                                           |             5.2 |            1164.79 |    0.3739328192205175
 AAAAAAAAANGAAAAA | Public systems obtain to a companies. Major foods will go systems; persistent, capitalist railways go as to a                                                                                            | Sports                                             | baseball                                           |            7.06 |             4364.8 |    1.4012328139267292
 AAAAAAAABBBEAAAA | Now appropriate contents invest material, local factors. Particularl                                                                                                                                     | Sports                                             | baseball                                           |            0.09 |             676.52 |   0.21718338143275998
 AAAAAAAABFKDAAAA | Still great years play activities. Monetary, medical difficulties would guess particularly users. Various, heavy things reform new, s                                                                    | Sports                                             | baseball                                           |             2.3 |            15820.4 |     5.078826889994141
 AAAAAAAABJMAAAAA | Further sexual things shall withdraw federal                                                                                                                                                             | Sports                                             | baseball                                           |            9.67 |            2250.38 |    0.7224400430270419
 AAAAAAAABMCEAAAA | Victorian studies may not constitute clearly legal positi                                                                                                                                                | Sports                                             | baseball                                           |             3.1 |              982.3 |    0.3153480097874418
 AAAAAAAACBBBAAAA | Good jobs used to cry recent sites. Primitive, old detectives might expect somewhat more huge mothers. Aspirations would include. R                                                                      | Sports                                             | baseball                                           |            23.3 |            1737.05 |    0.5576455872964224
 AAAAAAAACCDDAAAA | Designers used to go again; fat cheeks meet clearly rare hands; encouraging quantities teac                                                                                                              | Sports                                             | baseball                                           |            2.32 |  4975.139999999999 |    1.5971704137370386
 AAAAAAAACDMDAAAA | Centuries might alter finally words. Goals work politically new paths. Public things ensure popular areas; countries launch sharp, existing customers. German uses give also. Knees act no doubt from    | Sports                                             | baseball                                           |             8.5 |           10608.12 |     3.405527363927881
 AAAAAAAACHKDAAAA | Strong, single millions see such as a activities. At all secondary years can begin at present both different centres. Free tears shall drive expressions; requirements might ex                          | Sports                                             | baseball                                           |             7.2 |            9988.16 |    3.2065014531594573
 AAAAAAAACHLAAAAA | Royal times go also only shows. Developers might take. Arrangements must look precisely na                                                                                                               | Sports                                             | baseball                                           |            6.34 | 24699.149999999998 |     7.929174178908168
 AAAAAAAACJGAAAAA | Large, civil prayers stop pictures. Companies should convert with a substances. Successful, ope                                                                                                          | Sports                                             | baseball                                           |            6.17 |            1387.91 |    0.4455610875130697
 AAAAAAAACKLAAAAA | Similar plants commit                                                                                                                                                                                    | Sports                                             | baseball                                           |            9.57 |            2529.81 |    0.8121455244226491
 AAAAAAAADCNBAAAA | Levels would include forward deliberate women. Italian, local stages repeat now european companies. German companies could not put unable, political t                                                   | Sports                                             | baseball                                           |            4.74 | 2322.0200000000004 |    0.7454386497878813
 AAAAAAAADPEDAAAA | Students shall not say. Better regional premises might ask detailed kids. Errors prove. Things ought to need more neighbours; suddenly afraid students can monitor so                                    | Sports                                             | baseball                                           |             1.7 |            2923.58 |     0.938557604045983
 AAAAAAAAEBADAAAA | Successful areas must restrain eggs; individual kings would decide politically with a wives. Forever unique products sort really trends. Special, special ways accommodate however suff                  | Sports                                             | baseball                                           |             6.7 |            5518.35 |    1.7715572531920285
 AAAAAAAAEBDCAAAA | Special, correct interests hear british panels. Expected, new patterns keep over a kinds. Else unemployed towns would not afford now fortunes. Large details answer also with a children.                | Sports                                             | baseball                                           |            4.09 |            9422.98 |    3.0250615792190456
 AAAAAAAAEFIAAAAA | Past matters undermine there great, continuous heads. Cool offenders can call for a animals. Areas carry assets. Left prices must ruin still; quarters shall not attempt long. States balance. Pa        | Sports                                             | baseball                                           |            2.98 |  5549.280000000001 |    1.7814867186737815
 AAAAAAAAEGHCAAAA | Grateful, regular methods continue attractive, parliamentary matt                                                                                                                                        | Sports                                             | baseball                                           |            75.6 |             1668.9 |    0.5357673760910736
 AAAAAAAAEMNAAAAA | Virtually huge costs used to contract suddenly old commentators. Companies find independent, heavy branches. Rather supreme solicitors                                                                   | Sports                                             | baseball                                           |            5.33 |            2664.75 |    0.8554653456999751
 AAAAAAAAFDIAAAAA | Years make rather economic guns. Local, only words ought to look later parents. Foreign, wide reforms feel in a intentions. Respects determine out of a leaders; tight tradit                            | Sports                                             | baseball                                           |            3.78 |            1149.83 |   0.36913020675342995
 AAAAAAAAFLLBAAAA | High, new parties cannot write. Prime, absolute companies would prove never useless prisoners. Governments escape ordinary policies; penalties get soviet, possible ideas. Special sc                    | Sports                                             | baseball                                           |           80.22 |           10310.36 |    3.3099373981391107
 AAAAAAAAGCKBAAAA | Parts leave however for the im                                                                                                                                                                           | Sports                                             | baseball                                           |            1.11 | 1268.1100000000001 |     0.407101664146954
 AAAAAAAAGLFEAAAA | Members would not prefer glad, developing sites. Significant, blue years must detect for a gaps. However international readers must show silver, wrong students; groups might change                     | Sports                                             | baseball                                           |            6.93 |            5914.41 |    1.8987044920767013
 AAAAAAAAHEMCAAAA | Quick,                                                                                                                                                                                                   | Sports                                             | baseball                                           |            8.65 | 4070.3100000000004 |     1.306692617039522
 AAAAAAAAIGCBAAAA | Bi                                                                                                                                                                                                       | Sports                                             | baseball                                           |            3.87 |           12460.03 |     4.000046485179496
 AAAAAAAAIIMBAAAA | Good, japanese cases recognize with a clubs; patients ke                                                                                                                                                 | Sports                                             | baseball                                           |            3.15 | 14147.130000000001 |     4.541656611731866
 AAAAAAAAIJDDAAAA | Workers will place double, only arms. Together legal unions may go; private, small trades seem tons. Years fa                                                                                            | Sports                                             | baseball                                           |            4.34 |             419.33 |   0.13461761268875902
 AAAAAAAAJBLBAAAA | Back, increased times make then close details; potential grounds say aware, french ways. Technological women cannot bring earlier individual, common methods. Rates make politic                         | Sports                                             | baseball                                           |            3.27 |           12069.92 |    3.8748093762533236
 AAAAAAAAJCBEAAAA | Modern companies happen more legs; obviously professional readers derive around costs. Almost particular passages would no                                                                               | Sports                                             | baseball                                           |            0.57 |             881.26 |    0.2829111138198931
 AAAAAAAAKACBAAAA | Big libraries used to meet citizens. Reports expand readily copies. Police may end now efforts. Years get paymen                                                                                         | Sports                                             | baseball                                           |            7.05 |  7533.400000000001 |    2.4184492486335274
 AAAAAAAAKDGEAAAA | Thorough, innocent charges occur also major skills. Incidents hold far massive, economic sales. Final arrangements must pass as worried, firm earnings. Dead products stay club                          | Sports                                             | baseball                                           |            3.51 |  5853.030000000001 |     1.878999655630857
 AAAAAAAAKFIDAAAA | Likely days ought to praise ove                                                                                                                                                                          | Sports                                             | baseball                                           |            2.44 | 6013.7300000000005 |     1.930589216022633
 AAAAAAAAKFLDAAAA | Most total guidelines will not acquire just genes; available, basic goods shall use as historical roads. Feet make american bits. However other products appear ever. Religious, closed ori              | Sports                                             | baseball                                           |            0.47 |             1297.1 |    0.4164083309531617
 AAAAAAAAKGIBAAAA | Namely red stations make already under a clothes. Both dead clubs establish therefore cases. Quite right conflicts may miss notoriously worried, public languages. Nearly gre                            | Sports                                             | baseball                                           |           40.11 |           21449.15 |     6.885825882248099
 AAAAAAAAKPDBAAAA | Miles will win then methods; dramatic,                                                                                                                                                                   | Sports                                             | baseball                                           |             5.1 |            3443.36 |    1.1054227048576664
 AAAAAAAALGEEAAAA | Seats convert excessively new seconds. Again chief prices should not take properly british, public de                                                                                                    | Sports                                             | baseball                                           |               9 | 3865.8100000000004 |    1.2410419319112191
 AAAAAAAALJLAAAAA | Around complete buildings would prevent here. Problems would go ancient, potential words. Other kings safeguard supposedly very tot                                                                      | Sports                                             | baseball                                           |            1.37 | 11873.509999999998 |    3.8117558258080906
 AAAAAAAALKGBAAAA | As exciting forces pull now more new models; peasants make now deliberately ear                                                                                                                          | Sports                                             | baseball                                           |            2.68 | 13927.279999999999 |    4.4710781123408765
 AAAAAAAAMACDAAAA | Current, important counties expose in the consequences. Rather dark sections might                                                                                                                       | Sports                                             | baseball                                           |           53.34 | 2458.7799999999997 |    0.7893427461113367
 AAAAAAAAMFBBAAAA | R                                                                                                                                                                                                        | Sports                                             | baseball                                           |             3.8 |             662.49 |   0.21267932709363976
 AAAAAAAAMFCAAAAA | Psychological times ask in order in the tanks; military findings may see well standard students; fairly slow authorities shall improve rapidly v                                                         | Sports                                             | baseball                                           |            3.98 | 1537.8000000000002 |    0.4936803109550322
 AAAAAAAAMMFDAAAA | Little recommendations can rise. Perfectly other months would live                                                                                                                                       | Sports                                             | baseball                                           |            2.61 |            5336.86 |    1.7132934740040788
 AAAAAAAAMOPCAAAA | However indian facts facilitate still difficult meetings. Royal, stupid manag                                                                                                                            | Sports                                             | baseball                                           |            4.79 |  4639.610000000001 |    1.4894551355898535
 AAAAAAAANALBAAAA | Probably new views persuade perhaps. Really great centuries must rise perfect, very speakers. Old, corporate weeks prepare there costs. Rich americans ought to hold really in the rates. Cells          | Sports                                             | baseball                                           |            7.89 |                 20 |  0.006420604902523502
 AAAAAAAANDCBAAAA | Also different pilots improve much incidentally independent spir                                                                                                                                         | Sports                                             | baseball                                           |            2.13 | 4569.3099999999995 |     1.466886709357483
 AAAAAAAANLICAAAA | Simply useful ages harm only. Items may persuade rapidly complex events; problems may dry sharp. Responsible, so                                                                                         | Sports                                             | baseball                                           |            2.02 |             550.42 |   0.17670146752234928
 AAAAAAAANPGDAAAA | Fun women will not exploit in a types. Other sales hear quickly orange, simple interests. Main, sure structures go however authorities. European affairs fail by a individuals. Ext                      | Sports                                             | baseball                                           |             3.8 | 3324.7999999999997 |     1.067361358995507
 AAAAAAAAOGCEAAAA | Public years picture on a things. Residents challenge. Terr                                                                                                                                              | Sports                                             | baseball                                           |            3.47 |            1336.24 |   0.42897345474740023
 AAAAAAAAOGJCAAAA | Prime, important materials struggle enough nowadays unknown details; spectacular pp. assume long empirical, possible clothes. Origins may not see both great unique circumstances. R                     | Sports                                             | baseball                                           |            0.44 |             193.44 |   0.06210009061720732
 AAAAAAAAOIPAAAAA | Buildings should not defer enormous, inc videos. Old sales might speak therefore explicitly national problems. Positive theories practice hence respectable towns. Roman arrange                         | Sports                                             | baseball                                           |            1.04 |              71.75 |  0.023033920087803063
 AAAAAAAAOLNAAAAA | Gradually big wheels cry new conflict                                                                                                                                                                    | Sports                                             | baseball                                           |            7.96 |            7004.02 |     2.248502257468633
 AAAAAAAAOMPCAAAA | Intact, only babies bring bes                                                                                                                                                                            | Sports                                             | baseball                                           |            9.27 |            1361.76 |    0.4371661466030202
 AAAAAAAAOPFBAAAA | At present black rights may not show particularly in a workers. Parents fall russian conditions. Guests remain over specific problems; hard towns use original others. Su                                | Sports                                             | baseball                                           |            0.29 |  7540.300000000001 |    2.4206643573248985
 AAAAAAAAPNAAAAAA | Probably dead characters would build big poor requests; everywhere distant players shall find developments. Years borrow early d                                                                         | Sports                                             | baseball                                           |            4.37 |            6749.02 |     2.166639544961458
 AAAAAAAAACBBAAAA | Supreme, native markets encourage so fed                                                                                                                                                                 | Sports                                             | basketball                                         |            8.97 |           10024.08 |     3.418594015530197
 AAAAAAAAADOAAAAA | Marginal times can change so. There early seats apologize directly very social situa                                                                                                                     | Sports                                             | basketball                                         |            2.56 |            3547.99 |     1.210000057976491
 AAAAAAAAAFEEAAAA | Permanent, worried products would not wake; different pupils could cover from time to t                                                                                                                  | Sports                                             | basketball                                         |            1.67 |             871.53 |    0.2972250064200438
 AAAAAAAAANBDAAAA | Years must not make solid symptoms. Political costs land likely, crucial enterprises. All healthy points might                                                                                           | Sports                                             | basketball                                         |             3.1 |             1418.6 |    0.4837967644343558
 AAAAAAAAAOOAAAAA | Mild, general methods shall not sleep anxiously. Difficulties analyse usually studies. Systems ought t                                                                                                   | Sports                                             | basketball                                         |            1.05 | 3313.6400000000003 |    1.1300777601157894
 AAAAAAAABDDDAAAA | Low, secret communities develop too soon powerful bodies. Guilty, physical leaders sit parents. Christian, scientific limitations                                                                        | Sports                                             | basketball                                         |            1.88 |             5255.8 |     1.792428474914766
 AAAAAAAABNLAAAAA | Medieval, clear governments top now together political phrases. Previous, great shoulders take changing tools. Events draw the                                                                           | Sports                                             | basketball                                         |            3.44 |            6982.51 |    2.3813025134855024
 AAAAAAAACDPCAAAA | Available photographs answer; yet right readers know years. Needs come still of course similar bishops. Companies must not spend in general rural effort                                                 | Sports                                             | basketball                                         |            3.68 |           12523.97 |     4.271151955359467
 AAAAAAAACFHDAAAA | Arguments can believe clearly honest, immense islands. Empty chains become classes. Enough usual activities would not run necessary fingers. Personnel shall provide easily with a countries. Methods t  | Sports                                             | basketball                                         |            6.05 |           14104.26 |     4.810091183378618
 AAAAAAAACHIDAAAA | Front, illegal signs share for a others; today extraordinary gates used to mean improvements; much available kinds hide rapidly theoretical responses; ways get low perhaps strong author                | Sports                                             | basketball                                         |            0.93 |            2906.96 |    0.9913843524179436
 AAAAAAAACIOBAAAA | Fully difficult children come harder soft eyes. Processes imagine else well certain                                                                                                                      | Sports                                             | basketball                                         |            1.38 |            3948.38 |     1.346548335511999
 AAAAAAAACOPDAAAA | Today working skills can use terms. Beautiful feet say still no longer local troops. Coloure                                                                                                             | Sports                                             | basketball                                         |            1.16 | 13400.029999999999 |     4.569921864742211
 AAAAAAAADPBAAAAA | Here limited proposals should establish in a laws. Low, working critics may not compete twice familiar plants. Affairs see; various, m                                                                   | Sports                                             | basketball                                         |            4.98 |            9809.81 |     3.345519764356258
 AAAAAAAAECKAAAAA | Changes raise only centres; effects mind really police. Horizontal, significant profits lie so fields; different years might not abandon then l                                                          | Sports                                             | basketball                                         |            5.04 |            7835.48 |     2.672197851254833
 AAAAAAAAEGJDAAAA | Major, regulatory beans disturb english, remarkable persons. Male, important days cannot study even. Straightforward, national pp. will decide even ministers. I                                         | Sports                                             | basketball                                         |            8.64 |            2829.12 |    0.9648379403612891
 AAAAAAAAEGOBAAAA | Exactly urgent colleagues might take i                                                                                                                                                                   | Sports                                             | basketball                                         |           98.47 |            3455.79 |    1.1785563376318924
 AAAAAAAAEHIDAAAA | Essentially new pressures stand overall individuals. Movement                                                                                                                                            | Sports                                             | basketball                                         |             5.9 |            5109.37 |    1.7424902539813651
 AAAAAAAAEIIDAAAA | Forward names can provide developing, current vehicles. Properly separate systems repeat shortly. Industrial, false others wil                                                                           | Sports                                             | basketball                                         |             0.4 |             1250.4 |    0.4264341422872681
 AAAAAAAAEIJCAAAA | Fresh banks vote. Companies go cultural ideas. Suitable friends forget upon the funds. We                                                                                                                | Sports                                             | basketball                                         |            8.38 |               76.3 |   0.02602121325697261
 AAAAAAAAELGCAAAA | Judicial reasons will guarantee original, new rocks. Ago available numbers take uniformly other, full payments. Empty services take strong a                                                             | Sports                                             | basketball                                         |            0.42 |             279.07 |   0.09517352534237676
 AAAAAAAAEPLCAAAA | Available, british groups draw right new pains; somewhat ideal friends might fit even through the memories; days let mountains. Critical, informal parts                                                 | Sports                                             | basketball                                         |            0.75 | 1454.4499999999998 |    0.4960229832451351
 AAAAAAAAFIADAAAA | Policies assure here for a newspapers. Demands apply strong, european cases. Short teachers leave affectionately wrong, dutch questions. As small solicitors can form in a fields. Electrical, fu        | Sports                                             | basketball                                         |            7.31 |            2249.01 |    0.7669982808265267
 AAAAAAAAGCNCAAAA | More considerable games                                                                                                                                                                                  | Sports                                             | basketball                                         |            6.14 |            1679.94 |    0.5729236828167571
 AAAAAAAAGGDBAAAA | Heroes must not invent certain, following packages. Personal, unexpected friends used to devise really. Immediatel                                                                                       | Sports                                             | basketball                                         |            3.22 |  4622.610000000001 |    1.5764865087000548
 AAAAAAAAGLMCAAAA | More than foreign bishops could not build. Simply sufficient funds may return always to the parties; leaders confirm to a shots. Unfortunately                                                           | Sports                                             | basketball                                         |            6.98 | 10303.310000000001 |    3.5138221069816318
 AAAAAAAAGOADAAAA | Beautifully empty systems lower minor degrees. External pictures sustain to a societies. Modern skills publish into the cha                                                                              | Sports                                             | basketball                                         |             4.2 |           20632.42 |     7.036442999048844
 AAAAAAAAHCNAAAAA | Social, technological standards might reduce students. Dark, major women live; immediatel                                                                                                                | Sports                                             | basketball                                         |            6.92 | 3763.3500000000004 |    1.2834460407683865
 AAAAAAAAHPMDAAAA | Now popular efforts may not like other trousers. Inc places visit places. Popular crops ought to seem                                                                                                    | Sports                                             | basketball                                         |            4.97 |            2333.69 |    0.7958773940454051
 AAAAAAAAIAJCAAAA | Very psychological cattle accept very. Children used to precipitate both families. Adequate, final eyes will not work services. Minutes hear. Doctors exploit here. Organisatio                          | Sports                                             | basketball                                         |            2.32 |           11830.73 |     4.034730646338972
 AAAAAAAAIDIAAAAA | Always french americans take chemicals. No clear troops give significant tables. Fans afford really young managers; soft, good fires distinguis                                                          | Sports                                             | basketball                                         |            2.63 |              669.8 |    0.2284273740435158
 AAAAAAAAIJJAAAAA | Medical, financial historians land agai                                                                                                                                                                  | Sports                                             | basketball                                         |            9.01 |            6949.74 |     2.370126692274087
 AAAAAAAAIKNAAAAA | Particularly good princi                                                                                                                                                                                 | Sports                                             | basketball                                         |            4.17 |  4121.200000000001 |     1.405486554058133
 AAAAAAAAJANDAAAA | Words shall take particularly serious women. Cultural, regular councils cannot take essentially for a                                                                                                    | Sports                                             | basketball                                         |            5.16 | 10500.779999999999 |    3.5811669167044937
 AAAAAAAAJAOCAAAA | Unaware elections should miss never services. All full men used to settle together finally equal eggs; sharply upper classes might maintain thus pink, high leaves. Local, similar documents must no     | Sports                                             | basketball                                         |            4.28 |  5522.490000000001 |    1.8833799475687905
 AAAAAAAAKBDAAAAA | Bottom lists may produce completely things. Materials fight forces.                                                                                                                                      | Sports                                             | basketball                                         |            2.76 |            8401.14 |    2.8651095090653067
 AAAAAAAAKEJDAAAA | Agents could not keep risks. Often material parts must not last open with a properties. Authorities shall prove other, responsible pensions. Unlike, scientific parents c                                | Sports                                             | basketball                                         |            1.28 |            1441.72 |   0.49168156719321826
 AAAAAAAALNNDAAAA | Capital, essential choices shall give big, physical hours. Forces control. Never international pounds keep words. Visitors can make suddenly electrical responses; as british governors drive therefore  | Sports                                             | basketball                                         |            9.04 |            6480.55 |    2.2101149878436943
 AAAAAAAAMEADAAAA | Agenc                                                                                                                                                                                                    | Sports                                             | basketball                                         |            1.16 |             105.48 |   0.03597270739640198
 AAAAAAAAMJHAAAAA | Different troops ought to practise                                                                                                                                                                       | Sports                                             | basketball                                         |            8.01 |            6750.69 |    2.3022430422242786
 AAAAAAAAMMKDAAAA | Soviet, new weeks know absolutely in a areas; empty, short eyes bring short areas; decisions will see characteristics. Unable animals mean more successive pages. Good, pre                              | Sports                                             | basketball                                         |            9.11 | 16252.380000000001 |      5.54268212206234
 AAAAAAAANEFAAAAA | Highly royal lengths used to suit great clubs. Indeed previous delegates shall explain never s                                                                                                           | Sports                                             | basketball                                         |            0.52 |            2798.09 |     0.954255525585878
 AAAAAAAANKACAAAA | More probable women mean administrative years; meetings used to see                                                                                                                                      | Sports                                             | basketball                                         |            6.51 |           14065.04 |     4.796715665895807
 AAAAAAAANLGBAAAA | Aware, adequate systems shall not pass so acceptable eyebrows. Views can make usual, new officials. Soviet paths need out of a employees. Important, vast masses place human cats; overs                 | Sports                                             | basketball                                         |           14.98 |               82.2 |  0.028033338528481635
 AAAAAAAAOAECAAAA | Low parents used to seem questions; western, bad prices must compensate more thin letters. Weak, large words gain a                                                                                      | Sports                                             | basketball                                         |             2.6 |             3682.1 |     1.255736688512436
 AAAAAAAAOHEAAAAA | Different services shall not initiate now sure wounds. New generations confront very univ                                                                                                                | Sports                                             | basketball                                         |            0.74 |             3319.4 |    1.1320421400418728
 AAAAAAAAPHCBAAAA | Certain days feel okay; degrees specify otherwise often                                                                                                                                                  | Sports                                             | basketball                                         |            2.14 |            5840.66 |    1.9918880658121842
 AAAAAAAAPIHBAAAA | Contributions should make over tender stores. Windows will display for the roots. Real, female topics can get. Suitable, hot wishes could tell. Systems care on a activities. Usual tas                  | Sports                                             | basketball                                         |            1.44 | 18162.670000000002 |     6.194163950013353
 AAAAAAAAPMPBAAAA | Large respondents used to alter cups. Fair members know immediate, similar clouds. Nearly possible humans use most for a buildings; massive, little affairs should set still other, small organizations  | Sports                                             | basketball                                         |            2.06 |           10263.57 |     3.500269249644383
 AAAAAAAAAADCAAAA | Raw ranks could stop fashionable, central subjects. Social beds used to turn applicable, thin arms. New services take bare, single islands. Positive dec                                                 | Sports                                             | camping                                            |            1.96 |            12486.2 |    3.2538872201886844
 AAAAAAAAABBCAAAA | Direct, military dishes shall not forget genuine, social problems. Either wrong years go yesterday other, new surfaces. Fast hard copies                                                                 | Sports                                             | camping                                            |            3.43 |            4438.45 |    1.1566542048378583
 AAAAAAAAAJEAAAAA |                                                                                                                                                                                                          | Sports                                             | camping                                            |                 |            1478.01 |   0.38516745289287996
 AAAAAAAAAKCEAAAA | Pleased, bad sales provide therefore really financial children. National animals shall close more detailed securities. Basic rocks fi                                                                    | Sports                                             | camping                                            |            0.41 |             401.52 |   0.10463558141389379
 AAAAAAAAAKFEAAAA | Qualifications run almost essentia                                                                                                                                                                       | Sports                                             | camping                                            |            0.53 |             3020.1 |    0.7870340691076425
 AAAAAAAAALEBAAAA | Kids can adopt for a                                                                                                                                                                                     | Sports                                             | camping                                            |            6.94 |             591.37 |   0.15411024053779232
 AAAAAAAABELAAAAA | Princi                                                                                                                                                                                                   | Sports                                             | camping                                            |            3.41 |            1416.04 |   0.36901815278275096
 AAAAAAAACDNBAAAA | New grounds could refuse near military lawyers; democratic sets push too special earnin                                                                                                                  | Sports                                             | camping                                            |            1.13 |           13879.65 |    3.6170184488228503
 AAAAAAAACDPDAAAA | Magistrates maintain very expensive, dangerous premises. Old, modest feelings feel too social sug                                                                                                        | Sports                                             | camping                                            |            7.68 |             112.13 |   0.02922092982650904
 AAAAAAAACEBBAAAA | Other, great teachers shall not think on a affairs. Evident, real me                                                                                                                                     | Sports                                             | camping                                            |            6.88 | 12933.740000000002 |     3.370515552789736
 AAAAAAAACFFCAAAA | Back books go on the police. Sometimes light articles need coming opinions. Military files reproduce prisons. Particularly early arrangements will function really on a environments. Much unusual bi    | Sports                                             | camping                                            |            0.63 |            4893.57 |    1.2752578754223656
 AAAAAAAACHEDAAAA | Automatic, immediate countries will find quietly o                                                                                                                                                       | Sports                                             | camping                                            |            9.94 |  8637.800000000001 |    2.2509992656329247
 AAAAAAAACICBAAAA | Labour, outstanding operations might not gather perhaps unexpected companies. Poor groups shou                                                                                                           | Sports                                             | camping                                            |           97.49 | 5079.8099999999995 |     1.323791773316676
 AAAAAAAACMPCAAAA | Experiences renew less contrary, anonymous ministers. Public areas help even times; much light waters ought to make temporarily for a of                                                                 | Sports                                             | camping                                            |           84.71 |             610.18 |   0.15901210168143481
 AAAAAAAACNODAAAA | Degrees might stand there by a years. Negotiations must raise away annual users. Experimental shops used to walk. Independent days furnish now possibilit                                                | Sports                                             | camping                                            |            2.14 |             3257.5 |    0.8489001953968893
 AAAAAAAACPJDAAAA | Elderly funds establish now real, variou                                                                                                                                                                 | Sports                                             | camping                                            |            5.69 |            8527.87 |    2.2223516528992393
 AAAAAAAADGCCAAAA | Technological, black difficulties ought to go students. There inadequate directions ought to wear white, special ope                                                                                     | Sports                                             | camping                                            |            8.01 |            2452.32 |    0.6390713513969916
 AAAAAAAAEBJAAAAA | New pp. give in the shoulders. As good systems open largely sure resources. Lovely events should make poor agencie                                                                                       | Sports                                             | camping                                            |            74.3 |           13288.01 |    3.4628378466418477
 AAAAAAAAEDADAAAA | Women can use exclusively ago other yards. Long, urban schools halt late, ready shares. Years underst                                                                                                    | Sports                                             | camping                                            |            3.67 |  548.9300000000001 |    0.1430504326198663
 AAAAAAAAEHKBAAAA | Peaceful, able parties might not vote numbers. Local, mil                                                                                                                                                | Sports                                             | camping                                            |            2.62 |            5432.96 |    1.4158221966488056
 AAAAAAAAEIFAAAAA | Also european conditions may know before for a buildings. Relevant, heavy friends make. Single, british doubts grow usuall                                                                               | Sports                                             | camping                                            |           81.38 | 54.230000000000004 |  0.014132266338103855
 AAAAAAAAEJPBAAAA | Special, full cells can see actually living, different years. Weeks gain goods. Different, tiny others counter top, early schools. Sure, familiar millions should not ensure welsh, general fee          | Sports                                             | camping                                            |            2.65 |            8066.26 |    2.1020566968909016
 AAAAAAAAEMMBAAAA | Inner servants acquire                                                                                                                                                                                   | Sports                                             | camping                                            |            4.58 |               6419 |    1.6727829176523814
 AAAAAAAAEOGCAAAA | About head benefits could not like sure systems. Books get thus environmental areas; big, thin cities find. Previously hot holid                                                                         | Sports                                             | camping                                            |            5.35 |             4974.2 |    1.2962699468743537
 AAAAAAAAFCMDAAAA | Brothers would not                                                                                                                                                                                       | Sports                                             | camping                                            |            2.55 |  9874.619999999999 |     2.573312923244829
 AAAAAAAAFJJCAAAA | True, famous directions will not make also generations; also senior men shall send lect                                                                                                                  | Sports                                             | camping                                            |            4.96 |            7730.96 |    2.0146779599710007
 AAAAAAAAFPCDAAAA | National chemicals find duties. Male,                                                                                                                                                                    | Sports                                             | camping                                            |            7.86 |            5796.13 |    1.5104638187400683
 AAAAAAAAGEDBAAAA | Overwhelmingly sophisticated problems suppose personal, ou                                                                                                                                               | Sports                                             | camping                                            |            3.84 |             961.92 |   0.25067508087679996
 AAAAAAAAGHPDAAAA | Modern, permanent o                                                                                                                                                                                      | Sports                                             | camping                                            |            1.68 | 11812.470000000001 |    3.0783140724850018
 AAAAAAAAGIHCAAAA | Fine, easy patients provide suitable, national years; trials credit yet for a lives. Similar copies would not exert. Bodies used to spend at first steep,                                                | Sports                                             | camping                                            |            4.34 | 3151.8999999999996 |    0.8213809749413523
 AAAAAAAAGIJDAAAA | Financial workers cover in a adults. Advantages may join very relationships. Quietly other stands will not prove so perceptions. Solutions wonder all houses. Long, international boy                    | Sports                                             | camping                                            |            1.53 |            6023.21 |     1.569640566666615
 AAAAAAAAGKBCAAAA | Offices display personal areas. Consistent, economic ideas see equally then video-taped proportions. Briefly considerable sources ought to suppress nearby ar                                            | Sports                                             | camping                                            |            5.31 |            1240.77 |   0.32334302239220214
 AAAAAAAAGKNAAAAA | Fairly left weeks can get even thorough animals. Too central weapons might carry now very real women. Dome                                                                                               | Sports                                             | camping                                            |            1.14 |            6762.56 |    1.7623141996571567
 AAAAAAAAIDMCAAAA | Specific, surprising views shall not confirm probably arrangements. Excellent, early days eliminate all even efficient miners. Thus important considerations make proper                                 | Sports                                             | camping                                            |             3.3 |            10749.8 |    2.8013836747436627
 AAAAAAAAIECAAAAA | Old things understand as. Types make taxes; following, conservative bo                                                                                                                                   | Sports                                             | camping                                            |            3.65 |            8998.74 |    2.3450597526710064
 AAAAAAAAIFPDAAAA | Almost radical products might not give subjective areas. New columns may not reduce completely front rooms. Willing things hold good, right thoughts. Working citizens can guess partly on               | Sports                                             | camping                                            |            2.41 |            6953.99 |     1.812200604693174
 AAAAAAAAIJJDAAAA | Possible wines influence yet good, united machines. Used benefits fly then demanding materials. Patient, sorry courses follow finally at a hours. Restrictions read by a lessons.                        | Sports                                             | camping                                            |            5.87 |            3090.24 |    0.8053124604215759
 AAAAAAAAILHAAAAA | Plans mean probably. More intern                                                                                                                                                                         | Sports                                             | camping                                            |             6.7 | 17778.539999999997 |     4.633064030658914
 AAAAAAAAIMPAAAAA | International, free dangers used to forget also in a companies. Highly likely teachers furnish obviously economic students. Even final roads plan more wild newspapers; far payable countries wor        | Sports                                             | camping                                            |            3.52 |  8602.630000000001 |    2.2418340101081022
 AAAAAAAAJEJAAAAA | Original, able examples step further different roads. Extra names regard                                                                                                                                 | Sports                                             | camping                                            |            0.82 |            3669.61 |    0.9562955168166934
 AAAAAAAAJICAAAAA | Elegant, following talks sense; everyday women walk only. Bare, old                                                                                                                                      | Sports                                             | camping                                            |            0.63 |            8686.25 |    2.2636252716089733
 AAAAAAAAJIEEAAAA | British, industrial years should detail quic                                                                                                                                                             | Sports                                             | camping                                            |           24.04 |           10500.59 |    2.7364398780606667
 AAAAAAAAJKMAAAAA | Tories may enjoy l                                                                                                                                                                                       | Sports                                             | camping                                            |            3.29 |  7842.039999999999 |    2.0436252611850256
 AAAAAAAAKGHCAAAA | Tes                                                                                                                                                                                                      | Sports                                             | camping                                            |           82.34 |            8428.18 |     2.196372570633969
 AAAAAAAAKIEAAAAA | Industrial, individual sales accrue long, scottish principles. Internal industries might not a                                                                                                           | Sports                                             | camping                                            |            1.57 |            1273.19 |    0.3317916315509948
 AAAAAAAAKKDCAAAA | Games ought to catch probably including a details. Houses should not sit with a views. Gastric voters keep almost difficult parties. Infl                                                                | Sports                                             | camping                                            |            6.51 | 19076.870000000003 |     4.971407112988813
 AAAAAAAAKLGCAAAA | Recent, likely stud                                                                                                                                                                                      | Sports                                             | camping                                            |            0.36 |            2982.25 |    0.7771704091242896
 AAAAAAAAKPEDAAAA | Residential, smart edges may get now little questions; public forces shall hear; parents used to touch nervously jewish partners. Painfully happy years see details. Demands make notable cases. Pu      | Sports                                             | camping                                            |            5.19 |  5845.860000000001 |     1.523423391024669
 AAAAAAAALDPCAAAA | Enquiries like now accounts. Today constant collections must not make alone for a sche                                                                                                                   | Sports                                             | camping                                            |            3.77 |            7651.31 |    1.9939212752239979
 AAAAAAAAMHMBAAAA | Right matches may make bad qualities. Central flames must establish perhaps to the sho                                                                                                                   | Sports                                             | camping                                            |            2.08 |            4213.52 |    1.0980377440702078
 AAAAAAAAMIDDAAAA | At last honest agencies sustain examinations. Boats make by the pockets. Realistic, national residents must understand wonderful categ                                                                   | Sports                                             | camping                                            |            1.15 | 14692.230000000001 |     3.828775723044065
 AAAAAAAAMIPAAAAA | Low years avoid anyway ladies. Now big lawyers want still. Social, foll                                                                                                                                  | Sports                                             | camping                                            |            1.82 | 13178.880000000001 |    3.4343987128510074
 AAAAAAAAMNAAAAAA | Guns know detailed babies;                                                                                                                                                                               | Sports                                             | camping                                            |           28.07 |            7074.01 |    1.8434776580934917
 AAAAAAAANLCCAAAA | Exactly early cats fix. Liberal books could not last societies.                                                                                                                                          | Sports                                             | camping                                            |            0.98 |            3352.45 |    0.8736440399258025
 AAAAAAAAOAPDAAAA | Only only children locate free, single technologies; tonight visual members may not t                                                                                                                    | Sports                                             | camping                                            |            8.61 |             333.96 |   0.08702953469063551
 AAAAAAAAOEIAAAAA | Polite, elected minds should continue politically thin interests; weeks would encourage much british, gay officials. Light,                                                                              | Sports                                             | camping                                            |            3.57 | 1972.3400000000001 |    0.5139891976635765
 AAAAAAAAOFMBAAAA | Complex, dry offers creep. Good times will take. Maybe sexual names may not become unknown, open circumstances. Matters depend then national ban                                                         | Sports                                             | camping                                            |            3.39 |  7416.360000000001 |    1.9326936156972139
 AAAAAAAAOJIBAAAA | For example likely needs know. Old inhabitants take as good as. Objections                                                                                                                               | Sports                                             | camping                                            |            5.25 |            4737.74 |    1.2346487833429496
 AAAAAAAAOPIBAAAA | Well expensive examples house stairs. Above lacking experiences describe below with a services. About                                                                                                    | Sports                                             | camping                                            |             2.1 |            16487.2 |     4.296542533092124
 AAAAAAAAPCBEAAAA | Basic, new problems say hig                                                                                                                                                                              | Sports                                             | camping                                            |            4.68 |              356.3 |   0.09285130916958148
 AAAAAAAAPNDAAAAA | Much unlikely jobs work wrong mou                                                                                                                                                                        | Sports                                             | camping                                            |            1.62 |            1432.33 |   0.37326330525643175
 AAAAAAAAAADBAAAA | Hands doubt; soft documents shall not recognize various transactions. So intense                                                                                                                         | Sports                                             | fishing                                            |            1.02 |            9760.88 |    3.5631474254766093
 AAAAAAAAAEOBAAAA | Local chairs will need almost. Black, other studies used to spread also. Paintings will provide. Other, clear police warrant then ve                                                                     | Sports                                             | fishing                                            |            0.37 | 3977.5899999999997 |     1.451994038252853
 AAAAAAAABAHCAAAA | There significant changes would not mention however british normal days. Days achieve acids. No doubt northern services could work properly services. Much sure ladies keep                              | Sports                                             | fishing                                            |             8.1 |            8438.82 |    3.0805377954713635
 AAAAAAAABBEEAAAA | Poor, good awards should put years. Intens                                                                                                                                                               | Sports                                             | fishing                                            |             0.5 |            2239.44 |    0.8174933889679351
 AAAAAAAABCNDAAAA | Personal, visual needs draw cl                                                                                                                                                                           | Sports                                             | fishing                                            |            0.91 |             859.67 |   0.31381708895708965
 AAAAAAAACANBAAAA | Exchanges hurt heavy, white tests. Left, free institutions go closer. Weeks suggest on a rules. Models cou                                                                                               | Sports                                             | fishing                                            |            9.76 |           17421.45 |     6.359589987334081
 AAAAAAAACFLBAAAA | Simply swiss dogs present living remarks. Levels must help always theories. Pounds prove reportedly followers; useful companies would not go sometimes in a                                              | Sports                                             | fishing                                            |            4.28 |  5551.870000000001 |      2.02667498187467
 AAAAAAAACMMCAAAA | P                                                                                                                                                                                                        | Sports                                             | fishing                                            |           81.14 | 1090.1100000000001 |   0.39793775151280497
 AAAAAAAADEFEAAAA | Instead different writings might know just                                                                                                                                                               | Sports                                             | fishing                                            |            9.36 |            5328.82 |    1.9452519920159113
 AAAAAAAAEKBEAAAA | Aggressive modules should see there still grateful products. Technical plans could not sell less for a changes; related, simple employers inclu                                                          | Sports                                             | fishing                                            |           47.45 | 3966.2500000000005 |     1.447854443072408
 AAAAAAAAENBEAAAA | Sufficient parts study old, small trees. Clear, good charges affect.                                                                                                                                     | Sports                                             | fishing                                            |            2.04 | 14751.689999999999 |     5.385011007709248
 AAAAAAAAEPAAAAAA | Above primary goods give now faces; easy, neat managers see in a officials. Responsible, massive laws would not see lips; secondary, old votes report; simple men meet certainly results. Various        | Sports                                             | fishing                                            |            2.48 |           10981.77 |     4.008825587721216
 AAAAAAAAFBHAAAAA | Rare, particular costs could implement years. Av                                                                                                                                                         | Sports                                             | fishing                                            |             0.5 |            7620.34 |    2.7817568551458915
 AAAAAAAAGAMCAAAA | Prime, broad differences teach then recent evenings; major, important emotions can manipulate little dry groups. Familiar, broad words broaden now obvious, royal instructions.                          | Sports                                             | fishing                                            |            4.39 |            7823.13 |    2.8557840603171876
 AAAAAAAAGKFEAAAA | Intervals terminate quite realistic standards. Trees think so ready, acceptable instances. Palestinian, old rema                                                                                         | Sports                                             | fishing                                            |            6.95 |            9002.24 |    3.2862106981668204
 AAAAAAAAGKOBAAAA | Forces put usually. E                                                                                                                                                                                    | Sports                                             | fishing                                            |            3.87 |            4347.03 |     1.586855770480693
 AAAAAAAAGLLAAAAA | Only                                                                                                                                                                                                     | Sports                                             | fishing                                            |            8.15 |             9208.9 |     3.361650622328269
 AAAAAAAAGNBCAAAA | Direct pp. used to get more likely drawings; popular, big origins assure true, american matters. Royal ministers shall combine little new problems. Dark,                                                | Sports                                             | fishing                                            |            9.22 |            1901.91 |    0.6942802001446815
 AAAAAAAAGNJAAAAA | However hot trials shall anticipate perfectly governments; always good questions operate convincingly specific worlds; changes expect strong concerns. Colleagues f                                      | Sports                                             | fishing                                            |            5.89 |           11746.58 |     4.288014634454582
 AAAAAAAAHPGDAAAA | Unique, certain products encourage sure                                                                                                                                                                  | Sports                                             | fishing                                            |            0.95 |            5830.07 |    2.1282301299522604
 AAAAAAAAICGAAAAA | Institutions should seem always. Less post-war offices must survive certain, physical classes. Good, small solicitors might not influence. So other items ensure too                                     | Sports                                             | fishing                                            |               8 |            9269.36 |    3.3837211624173094
 AAAAAAAAIEBEAAAA | Local                                                                                                                                                                                                    | Sports                                             | fishing                                            |             0.9 |                    |                      
 AAAAAAAAIELDAAAA | Mainly political candidates wear sometimes. Close, important years talk most electronic, major po                                                                                                        | Sports                                             | fishing                                            |            7.12 |            2229.65 |    0.8139196114708841
 AAAAAAAAIJFAAAAA | Social, different departments mind afterwards before a rights. Technical, early documents will not cause still relative months; full school                                                              | Sports                                             | fishing                                            |           64.64 |            3442.72 |    1.2567431322418505
 AAAAAAAAIMHCAAAA | Below public eyes should continue now out of a products. Clubs generate though to a symbols. Too cent                                                                                                    | Sports                                             | fishing                                            |            2.49 |            7268.59 |    2.6533527453820795
 AAAAAAAAINICAAAA | Small machines remain mature, ancient situations. Earlier key officials sense today as practical charges. Enough old horses must succeed at a streets. Supreme, high                                     | Sports                                             | fishing                                            |            3.51 |              69.44 |  0.025348632216060006
 AAAAAAAAINNAAAAA | Casual developments would collapse so very following flowers. Short, main differences become in the t                                                                                                    | Sports                                             | fishing                                            |            0.51 |           12715.82 |      4.64182955797264
 AAAAAAAAJIPCAAAA | Ne                                                                                                                                                                                                       | Sports                                             | fishing                                            |            6.34 |             330.02 |   0.12047171088629209
 AAAAAAAAKAGDAAAA | Social, neutral children sit so other, apparent patterns. Efficient, common compan                                                                                                                       | Sports                                             | fishing                                            |             7.8 |            5479.18 |    2.0001399577418155
 AAAAAAAAKDDDAAAA | Tonnes dispense increasingly legal times; managers indicate just                                                                                                                                         | Sports                                             | fishing                                            |            3.37 |             2477.2 |    0.9042861711639377
 AAAAAAAAKFGBAAAA | Bright days shall con                                                                                                                                                                                    | Sports                                             | fishing                                            |            5.61 |             434.31 |   0.15854211488705386
 AAAAAAAAKGABAAAA | Young, large lives might mention home back players; homes might remind rights. Difficulties indicate indeed whole homes. Linear centuries tell. Japanese places exist here hard                          | Sports                                             | fishing                                            |            8.36 |            1670.55 |    0.6098236974155968
 AAAAAAAAKGJDAAAA | Procedures get so at the costs.                                                                                                                                                                          | Sports                                             | fishing                                            |            6.74 |            7796.18 |    2.8459461334994627
 AAAAAAAAKLKDAAAA | Top, established                                                                                                                                                                                         | Sports                                             | fishing                                            |            8.15 |                    |                      
 AAAAAAAAKNEEAAAA | Rules could not assist advantages. Direct records might not believe for a symptoms. Involved plans comply later upper years. Small, possible areas live photographs. Sites                               | Sports                                             | fishing                                            |            3.25 |            2118.84 |    0.7734691227631996
 AAAAAAAALAGCAAAA | Examples will persuade all but variou                                                                                                                                                                    | Sports                                             | fishing                                            |             8.2 |            4267.25 |    1.5577325867508938
 AAAAAAAALBAEAAAA | Theories become; difficulties cannot see publicly prepared, chief activities. Extensive l                                                                                                                | Sports                                             | fishing                                            |            0.21 |            2399.88 |     0.876060994854235
 AAAAAAAAMAIDAAAA | Changes exist simply schools; frequently public flames can develop for a hands; no longer long communities meet consiste                                                                                 | Sports                                             | fishing                                            |             3.6 |            3710.62 |      1.35453833055237
 AAAAAAAAMCKBAAAA | True controls mean as vague, comprehensive units; sorry, great days must distinguish special, religious developers. Expert                                                                               | Sports                                             | fishing                                            |            5.24 | 15816.949999999999 |     5.773877424104411
 AAAAAAAAMPMBAAAA | Fresh circumstances need only commercial resources. German countries choose small, right thi                                                                                                             | Sports                                             | fishing                                            |            4.84 | 12096.800000000001 |     4.415860227408333
 AAAAAAAANHCDAAAA | Small effects cho                                                                                                                                                                                        | Sports                                             | fishing                                            |            6.49 |             229.68 |   0.08384322936901875
 AAAAAAAANJBCAAAA | Shoulders win i                                                                                                                                                                                          | Sports                                             | fishing                                            |            2.61 |             249.75 |   0.09116965575980683
 AAAAAAAANPCEAAAA | Channels put more elaborate views; criminal, past links sou                                                                                                                                              | Sports                                             | fishing                                            |            3.23 | 2429.8199999999997 |    0.8869904022354106
 AAAAAAAAOEEDAAAA | Assumptions will pay here off a goods. Low borders must dry unique, efficient germans. Natural securities should think following lights. Twice evident years should set quite a                          | Sports                                             | fishing                                            |            5.62 | 18627.010000000002 |     6.799672030168087
 AAAAAAAAOHABAAAA | Positive boys would share just rich games; busy, right buildings could make patients. Patient,                                                                                                           | Sports                                             | fishing                                            |            8.58 |             1019.2 |    0.3720525051066872
 AAAAAAAAOPNCAAAA | Heavy, large liabilities meet afterwards stages. Wines would envisage only very average terms. New colleges make european problems. Wild, new men talk a                                                 | Sports                                             | fishing                                            |             0.4 |            9018.89 |    3.2922886752174745
 AAAAAAAAPIJCAAAA | Grey, little guests alleviate also lively areas. Effects understand generally general, legal days. Very                                                                                                  | Sports                                             | fishing                                            |           18.49 |            6515.99 |     2.378620881819194
 AAAAAAAAPNBCAAAA | Incomes must talk fully soci                                                                                                                                                                             | Sports                                             | fishing                                            |             1.2 | 407.57000000000005 |   0.14878084723933724
 AAAAAAAAADEAAAAA | Additi                                                                                                                                                                                                   | Sports                                             | fitness                                            |            7.84 |           14447.93 |     4.855835305185754
 AAAAAAAAAIEBAAAA | Planned                                                                                                                                                                                                  | Sports                                             | fitness                                            |            3.86 |            6090.17 |     2.046858096667351
 AAAAAAAAAIMAAAAA | Insects stuff partly. Male orders work again reasonably high answers. Highly practical officials save. Great, l                                                                                          | Sports                                             | fitness                                            |            2.14 |            2361.17 |    0.7935706116755442
 AAAAAAAAAKEDAAAA | Politicians might depend splendid companies. Alone, internal days would withstand hard, new subjects; goals would increase moreover standard plans. Significant nerves s                                 | Sports                                             | fitness                                            |            6.14 |            2583.02 |    0.8681326466837053
 AAAAAAAAAOCAAAAA | Social days will give sometimes lonely institutions. Soviet, young contracts should not show twice. Evident, contemporary hands can indicate from a others. Initial, sharp systems should achieve so     | Sports                                             | fitness                                            |            3.44 |            4289.96 |    1.4418217160406146
 AAAAAAAABDJAAAAA | Schools                                                                                                                                                                                                  | Sports                                             | fitness                                            |            2.43 |            2929.83 |     0.984692751985397
 AAAAAAAABIMBAAAA | Sole owners move genes; new farms must not go too off a judges; big architects should implement now liberal, personal masters; compe                                                                     | Sports                                             | fitness                                            |            8.01 |            6903.21 |    2.3201144272647602
 AAAAAAAACDBBAAAA | Medical                                                                                                                                                                                                  | Sports                                             | fitness                                            |            2.68 |           10657.09 |     3.581763883998749
 AAAAAAAACGLAAAAA | Equal pictures must rise still double rights. Police should not believe probably massive films. Special years take. Hungry, f                                                                            | Sports                                             | fitness                                            |             4.2 |            3261.58 |     1.096191310083019
 AAAAAAAACGLDAAAA | Directly cu                                                                                                                                                                                              | Sports                                             | fitness                                            |            3.21 | 14085.829999999998 |     4.734136351494271
 AAAAAAAACIEDAAAA | Processes take on a supplies. Ever narrow cells disrupt forwards wet trials; ge                                                                                                                          | Sports                                             | fitness                                            |            1.75 |            5046.28 |    1.6960149020553648
 AAAAAAAACJCEAAAA | Remote shares use tonight workers; local di                                                                                                                                                              | Sports                                             | fitness                                            |             1.1 |  8733.560000000001 |    2.9352806241418734
 AAAAAAAACKPCAAAA | So small channels might not get rural contracts. Always delightful assets lie popular, annua                                                                                                             | Sports                                             | fitness                                            |            5.05 |            2239.89 |     0.752809360353526
 AAAAAAAACMODAAAA | And so on good witnesses indulge just.                                                                                                                                                                   | Sports                                             | fitness                                            |            3.96 |  6325.219999999999 |    2.1258565475515887
 AAAAAAAADIEBAAAA | American industries would not take colleagues. Parti                                                                                                                                                     | Sports                                             | fitness                                            |             0.5 |  7503.630000000001 |    2.5219108530461445
 AAAAAAAADKLBAAAA | As full levels guess times. Communists might not enjoy small, good profits. Ch                                                                                                                           | Sports                                             | fitness                                            |           35.64 |            1385.82 |    0.4657631704079769
 AAAAAAAADMDEAAAA | Perhaps only newspapers talk generally units. Lovely, parliamentary                                                                                                                                      | Sports                                             | fitness                                            |            1.42 |             943.74 |    0.3171835696128098
 AAAAAAAADMHAAAAA | Days tell past others                                                                                                                                                                                    | Sports                                             | fitness                                            |            1.18 |            5116.15 |    1.7194976579085095
 AAAAAAAADNNCAAAA | Stages can succeed painfully so dry                                                                                                                                                                      | Sports                                             | fitness                                            |            4.37 |  763.5999999999999 |   0.25663993658882905
 AAAAAAAAEFLDAAAA | Royal techniques may respond over fine, domestic directions. Visitors compile maybe. Afraid organisation                                                                                                 | Sports                                             | fitness                                            |            0.15 |             223.65 |   0.07516700080944425
 AAAAAAAAELNDAAAA | Ideas must not say yet also small arms. C                                                                                                                                                                | Sports                                             | fitness                                            |             4.6 | 17619.370000000003 |     5.921731272308955
 AAAAAAAAEMLCAAAA | Workers should not work never wonderful leaves. Exactly causal goods come true, different women. Organizatio                                                                                             | Sports                                             | fitness                                            |            0.23 |            4445.01 |    1.4939327979789303
 AAAAAAAAEOJCAAAA | Particularly enormous rights pick very into a recordings. Words shal                                                                                                                                     | Sports                                             | fitness                                            |            8.26 |               56.7 |  0.019056422740422484
 AAAAAAAAFGDCAAAA | Plans leave streets. Mechanisms must give close                                                                                                                                                          | Sports                                             | fitness                                            |             2.7 |            1239.84 |     0.416700443923905
 AAAAAAAAGBEAAAAA | Far physical cases account top opponents. Other, endless jobs get casually differen                                                                                                                      | Sports                                             | fitness                                            |           45.92 |            5666.46 |    1.9044525079663914
 AAAAAAAAGEKDAAAA | Local, particular ideas could think assistant, dependent rights.                                                                                                                                         | Sports                                             | fitness                                            |            4.18 |            2337.93 |    0.7857598309967537
 AAAAAAAAGLFAAAAA | Eyes shall join; natural, sudden birds should not develop all right of course violent prices. Public hands must not use complaints. Neat, different women might get only at all unemployed relati        | Sports                                             | fitness                                            |            0.18 | 13199.310000000001 |     4.436183972520035
 AAAAAAAAGPDEAAAA | All different interes                                                                                                                                                                                    | Sports                                             | fitness                                            |           45.82 |            1048.16 |   0.35227830792947507
 AAAAAAAAHIICAAAA | Most proposed resources must not take ever foreign, international arguments. Open, common missiles can like strategic, warm trustees. Medical miles succee                                               | Sports                                             | fitness                                            |           45.58 |            2869.68 |    0.9644768114591816
 AAAAAAAAHKACAAAA | Newly large diseases must not make; front, suitable courses detect temporary, specific laws. Boys enjoy af                                                                                               | Sports                                             | fitness                                            |           46.25 | 14512.329999999998 |      4.87747963718722
 AAAAAAAAHOCCAAAA | So financial signs would instruct however major mass goods. Prospects arrange at a spirits. Brilliantly oth                                                                                              | Sports                                             | fitness                                            |            2.06 |           13454.56 |     4.521971484063117
 AAAAAAAAIAIBAAAA | Able, irish incom                                                                                                                                                                                        | Sports                                             | fitness                                            |            8.48 |            11389.2 |     3.827820279986239
 AAAAAAAAIBKAAAAA | Dark, high solicitors could not dance overall terms. Possible lawyers shall not seem. Sections get other laws. S                                                                                         | Sports                                             | fitness                                            |            1.03 |             1603.6 |     0.538957310521014
 AAAAAAAAIEOCAAAA | Motives used to give especially more british years. Large, australian members take arguments. Public, good aims could wait more e                                                                        | Sports                                             | fitness                                            |            6.13 |             189.42 |    0.0636625678217077
 AAAAAAAAJDNAAAAA | Now prime conservatives achieve far young, sorry clients; particular, free copies provoke likely banks. Too social fac                                                                                   | Sports                                             | fitness                                            |            1.21 |  9214.849999999999 |      3.09703839664166
 AAAAAAAAKGFCAAAA | Major, impossib                                                                                                                                                                                          | Sports                                             | fitness                                            |            4.05 |           10111.49 |    3.3983920277875583
 AAAAAAAAKKECAAAA | Corporate men try unable accountants. Red speeches carry only academic lay                                                                                                                               | Sports                                             | fitness                                            |               9 |             1095.9 |   0.36832334534795425
 AAAAAAAALFBCAAAA | British, other cases might come unable, keen courts; considerable, economic prices proceed late quite new duties. Large tales cannot give really in a glasses. Primary, cent                             | Sports                                             | fitness                                            |            0.37 |              626.4 |   0.21052809884657223
 AAAAAAAALGNBAAAA | New, awkwar                                                                                                                                                                                              | Sports                                             | fitness                                            |            6.46 |            2755.29 |    0.9260312347876308
 AAAAAAAALHFCAAAA | Regions meet diffic                                                                                                                                                                                      | Sports                                             | fitness                                            |           90.74 |            7407.44 |    2.4895821528097906
 AAAAAAAALJKBAAAA | Quite concerned items would produce just external, new teeth. Dead damages fulfil almost in a campaigns. Rich losses used to use. Always european faces help now i                                       | Sports                                             | fitness                                            |            9.86 |            1989.35 |    0.6686048426571335
 AAAAAAAALLCBAAAA | Stages would shield. Happy, little users can serve quickly statutory, external costs. Features must not carry reasonably rare politicians. Flowers augment also bloody                                   | Sports                                             | fitness                                            |            0.13 |            1280.85 |    0.4304835814298084
 AAAAAAAAMAHAAAAA | Centres take loosely; reports will not owe quite open, long lines. Simple figures divert almost parliamentary brothers. Conservative children take. Operations might not admit very we                   | Sports                                             | fitness                                            |            2.57 |            1788.28 |    0.6010268017326759
 AAAAAAAAMBCEAAAA | Liberal, expected questions show always as old strengths. Roots could not help. Troops would know with a women; as old-fashioned rates go ago experimen                                                  | Sports                                             | fitness                                            |             1.1 |            1507.42 |    0.5066319712057789
 AAAAAAAAMNCBAAAA | Sensible pupils would keep other, experimental parents. Suggestions must not fulfil too. Prime, sorry workers must give even important, dependent companies. Only huge problems improve l                | Sports                                             | fitness                                            |            7.87 | 2850.5400000000004 |    0.9580440084388698
 AAAAAAAAMPEEAAAA | Normal, deaf personnel run practitioners. Insufficient, busy steps meet correct, easy countries. New cases move no doubt adul                                                                            | Sports                                             | fitness                                            |             6.4 |            8669.98 |    2.9139118876721013
 AAAAAAAANCCCAAAA | Considerable, useful stars allow more quite new trees. Separately local libraries produce almost actually open choices. Old,                                                                             | Sports                                             | fitness                                            |            3.83 | 1845.9099999999999 |    0.6203957901370947
 AAAAAAAAODLAAAAA | Benefits shall not assume only states. Teeth could die. Possible thoughts play quite for a families. All vital qualities shall not feel. Late national lives take then on to a qu                        | Sports                                             | fitness                                            |            3.33 |           13428.53 |     4.513223006392338
 AAAAAAAAOEBBAAAA | Simple defendants think vaguely als                                                                                                                                                                      | Sports                                             | fitness                                            |            6.63 |  9430.789999999999 |     3.169614127268941
 AAAAAAAAOGCAAAAA | Naval, different parties throw levels. Secure years will transform beautiful, international cases. Actual patie                                                                                          | Sports                                             | fitness                                            |            2.15 |            6623.29 |     2.226035523322978
 AAAAAAAAOLJBAAAA | Trying products see clear, great purposes. Too r                                                                                                                                                         | Sports                                             | fitness                                            |            6.41 |             182.52 |    0.0613435322501219
 AAAAAAAAONKDAAAA | Later lively governments might suffer a little b                                                                                                                                                         | Sports                                             | fitness                                            |           89.06 |             3679.5 |    1.2366509254565174
 AAAAAAAAOPFDAAAA | Oral minutes rise seriously southern, top                                                                                                                                                                | Sports                                             | fitness                                            |            8.28 |            3642.03 |    1.2240575540264709
 AAAAAAAAOPPCAAAA | Other, other men make then; political, good others would not qualify now for example academic hote                                                                                                       | Sports                                             | fitness                                            |            0.19 |  7443.039999999999 |    2.5015470319907256
 AAAAAAAAPIBBAAAA | Other, significant minutes might not stop net, bitter goods. Fans go away simple, ordinary names. Central, average members occur birds. Premier, other sums could                                        | Sports                                             | fitness                                            |            6.71 |            6441.18 |     2.164829788838704
 AAAAAAAABFOCAAAA | Unhappy events win certainly conservatives. Even lovely holidays bother all only individual stages; rare toys pass everywhere. Types could                                                               | Sports                                             | football                                           |            0.41 |             2834.3 |    1.0560103524260835
 AAAAAAAABHKBAAAA | Even sensitive years follow for a workers; appropriate wishes emphasise grounds. Square departments may take at a banks. General purposes might keep there. Ruling                                       | Sports                                             | football                                           |            6.89 |            3651.03 |    1.3603095921455752
 AAAAAAAABLABAAAA | Troops explain                                                                                                                                                                                           | Sports                                             | football                                           |            8.82 |             6921.7 |    2.5789037350977746
 AAAAAAAABMFEAAAA | Vulnerable, substantial regul                                                                                                                                                                            | Sports                                             | football                                           |           80.12 |             567.12 |    0.2112989419143635
 AAAAAAAACBGCAAAA | Special, formal systems spend proud aspects. Cases deny of course other arms. Delightful, increased homes face. Sure, broad benefits would swear close, experienced terms. European areas deny a         | Sports                                             | football                                           |            6.35 |            5909.16 |     2.201649131758147
 AAAAAAAACKFAAAAA | Rea                                                                                                                                                                                                      | Sports                                             | football                                           |            3.22 |            8349.55 |    3.1108955432026266
 AAAAAAAACOCBAAAA | Public opinions implement traditional needs. More other factors think costs. Enough                                                                                                                      | Sports                                             | football                                           |            6.67 | 6182.2300000000005 |     2.303390213131675
 AAAAAAAADGEAAAAA | Bold, mass eggs tidy of course national, left notes. Workers advocate no doubt fine pupils. Blind, g                                                                                                     | Sports                                             | football                                           |            3.59 |            8532.06 |     3.178895560639484
 AAAAAAAADIIDAAAA | Able parts find neighbouring colonies. Inland, foreign payments should make therefore activ                                                                                                              | Sports                                             | football                                           |            8.69 | 5315.9400000000005 |    1.9806257886871235
 AAAAAAAADNHCAAAA | Ugly rights identify short soldiers; only remarkable bodies manage softly. Lucky, prime systems might feel. Subject words jump around a drivers. Now social awar                                         | Sports                                             | football                                           |            2.54 |            1693.44 |     0.630945972978311
 AAAAAAAAEEFAAAAA | Certain, other decades f                                                                                                                                                                                 | Sports                                             | football                                           |            9.55 |            7997.01 |    2.9795453369279588
 AAAAAAAAEEJDAAAA | New, relevant councils would summarise then developments. Final, comparative rooms used to enhance patients. International, reduced mountains defuse quiet, fat                                          | Sports                                             | football                                           |            3.72 |  5465.030000000001 |     2.036174101654419
 AAAAAAAAEFEBAAAA | Patients provide just. Alone processes should see merely at once suitable factors. Large, social others will keep now. Soviet, large ways would not get points; very simil                               | Sports                                             | football                                           |            0.99 |             1934.4 |     0.720723432852209
 AAAAAAAAEGECAAAA | Unnecessary places find together in a opportunities. At all little pupils notice presumably services. Individuals realise more final patients. Future, furious needs may not straighten so that is to s  | Sports                                             | football                                           |            9.99 | 15687.169999999998 |     5.844763758341701
 AAAAAAAAEJDAAAAA | English, closed structur                                                                                                                                                                                 | Sports                                             | football                                           |           59.36 |           17812.71 |     6.636702594913602
 AAAAAAAAEJLCAAAA | Only conventional trees could earn then by a exercises. Others find more full patients; owners leave. Old, scottish things drink then young practitioners. Strong,                                       | Sports                                             | football                                           |             0.2 |             6464.4 |     2.408521794525341
 AAAAAAAAEKJCAAAA | Others demonstrate to a rights. However organisational marks will protect well yet fine defences. Men shall pu                                                                                           | Sports                                             | football                                           |            8.93 |             826.71 |   0.30801761226904967
 AAAAAAAAEMDDAAAA | Alone, alo                                                                                                                                                                                               | Sports                                             | football                                           |             0.3 |             813.28 |   0.30301383037119756
 AAAAAAAAEMPBAAAA | Women m                                                                                                                                                                                                  | Sports                                             | football                                           |            2.46 |            2305.47 |    0.8589775913656855
 AAAAAAAAEOKAAAAA | As main comments would go final americans. Changes disrupt as on a eyes; public, dramatic units will drive about a patterns. Regular, app                                                                | Sports                                             | football                                           |            8.37 |            3650.66 |    1.3601717366502508
 AAAAAAAAFIAAAAAA | Effects decide however safe schools. Mothers listen social, increased theories. Only ele                                                                                                                 | Sports                                             | football                                           |             3.9 |             632.76 |   0.23575525194973312
 AAAAAAAAGDEEAAAA | Resources lose thus black areas. Violent, considerable reactions think good, known officials. Banks fight only for the shows. Real, changing newspapers blame in                                         | Sports                                             | football                                           |            55.6 |            2927.51 |     1.090738759775212
 AAAAAAAAGJJBAAAA | Bare, available friends c                                                                                                                                                                                | Sports                                             | football                                           |            7.21 |              11662 |     4.345056179653878
 AAAAAAAAGNKDAAAA | Rarely joint jobs shall reflect then in an ways. Remarks train so. Numerous features might not suit natural attitudes; silver, italian members could choose somewhat best proposed                       | Sports                                             | football                                           |            3.09 |            2355.58 |    0.8776476964216328
 AAAAAAAAHLMBAAAA | Children see in the potatoes; experts pay ahead. Perfect, oth                                                                                                                                            | Sports                                             | football                                           |            3.99 | 13844.609999999999 |     5.158258294923501
 AAAAAAAAIBFAAAAA | Strong merchants behave relations. Machines could not withdraw. Moments want constantly industries. Literally caref                                                                                      | Sports                                             | football                                           |            0.64 |            7983.28 |     2.974429780304168
 AAAAAAAAJKFEAAAA | Cultural, full relationships take st                                                                                                                                                                     | Sports                                             | football                                           |            3.69 | 7150.4400000000005 |    2.6641282378017728
 AAAAAAAAJPMBAAAA | Assistant, local assets disclose similar, other years. There unkno                                                                                                                                       | Sports                                             | football                                           |            4.19 |           19990.04 |    7.4479374750067056
 AAAAAAAAKGDDAAAA | National, outer rooms incorporate workers. Years shall get of course reliable agencies; military decisions watch used, long prob                                                                         | Sports                                             | football                                           |            8.55 |             203.52 |   0.07582797407675847
 AAAAAAAAKHEBAAAA | Personal, english orders tell also. Medical departments raise important affa                                                                                                                             | Sports                                             | football                                           |            2.74 |           13068.79 |     4.869201401997839
 AAAAAAAAKJGAAAAA | Schemes could not know. Wide progr                                                                                                                                                                       | Sports                                             | football                                           |            0.76 |             508.41 |   0.18942462804817595
 AAAAAAAAKKFEAAAA | Other, open minds use again remarks. Back, current persons might not avoid loose other scholars. Great years would apply. Great, big tea                                                                 | Sports                                             | football                                           |               7 |            4587.06 |    1.7090579145466573
 AAAAAAAAKMABAAAA | Provincial types could maintain enthusiastically; effective ni                                                                                                                                           | Sports                                             | football                                           |            4.64 |           12981.12 |     4.836537101254377
 AAAAAAAAKMAEAAAA | Large, able ships want either paintings. Long-term loans combine conditions. Old, brilliant markets would re-establish more rather good police. Laws may recall presuma                                  | Sports                                             | football                                           |             0.2 |            3162.77 |    1.1783924998562765
 AAAAAAAAKMPAAAAA | Thus small computers allow; tropical pains control good relationships. Total, large reforms want again. Strategies introduce just never availab                                                          | Sports                                             | football                                           |             9.2 |            2188.37 |     0.815348190007645
 AAAAAAAAKNACAAAA | Even great things cannot drive to a beds. Total rats act unemployed, wide minutes;                                                                                                                       | Sports                                             | football                                           |            8.03 |            2056.35 |    0.7661598589462573
 AAAAAAAALBKAAAAA | Early extensiv                                                                                                                                                                                           | Sports                                             | football                                           |            5.94 |            1364.73 |    0.5084744057673672
 AAAAAAAALMDCAAAA | Mediterranean doctors must carry at all previous owners. Of course close groups can change extra short useful years. Palestinian, old users may separate                                                 | Sports                                             | football                                           |             1.4 |  945.0899999999999 |    0.3521239191244283
 AAAAAAAAMLIBAAAA | Expected, pink women create more. Early, unemployed metres say still particularly great changes. Also military colleagues will not proceed others                                                        | Sports                                             | football                                           |             1.7 |           15357.93 |     5.722094722448266
 AAAAAAAANHMCAAAA | Possible, metropolitan courts will push too other keys. Left titles make usually methods; white, perfe                                                                                                   | Sports                                             | football                                           |            6.32 |            8071.83 |      3.00742195357705
 AAAAAAAANKCDAAAA | Lengths rule. Just russian residents will not replace mixed rates. Schools could expect useful, single years. Streets used to draw either. Christian structures may not confirm due to a shoe            | Sports                                             | football                                           |            4.39 |           15314.12 |      5.70577188663703
 AAAAAAAAOMECAAAA | Animals used to create much absolute users. Already possible                                                                                                                                             | Sports                                             | football                                           |            0.28 |  7558.610000000001 |    2.8162052040896586
 AAAAAAAAPEJDAAAA | Actually financial ladies cannot annoy even so greek things; differences shall safeguard proposed requirements. Red, ill solicitors establish national objects; relations cannot disarm al               | Sports                                             | football                                           |            1.74 |             1568.7 |    0.5844700419330336
 AAAAAAAAADGEAAAA | Vertical organizations would not write even already married affairs. Correct thoughts want at a shoulders. Designs say for instance. Red, foreign miles accept nearly below powerful investors           | Sports                                             | golf                                               |            4.19 |            7212.86 |    4.3423460586469504
 AAAAAAAAAPIAAAAA | Possible, careful years admire close prepared, liberal interests; new personnel can sing in particular available services. Good, special instructions would work p                                       | Sports                                             | golf                                               |            2.47 |            4306.44 |     2.592598880444036
 AAAAAAAABBOAAAAA | Causes fit unlikely months. Small, increased bacteria would feel only. Activities help. Late dependent conditions                                                                                        | Sports                                             | golf                                               |            1.14 |            6843.02 |     4.119691901165731
 AAAAAAAACABBAAAA | Conservatives pick all but other societies. Well other others produce too local, basic activities; ago trying provisions should play true specialist exc                                                 | Sports                                             | golf                                               |            2.03 |                    |                      
 AAAAAAAACIABAAAA | Beneficial purposes stabilize thus genetic, daily trees. Most national circumstances think with a firms. As other citizens talk only still ind                                                           | Sports                                             | golf                                               |            3.38 |             745.83 |    0.4490107891905091
 AAAAAAAACLECAAAA | Old populations will say for example. Workers benefit early, young circumstances. Problems may write later social days. Ord                                                                              | Sports                                             | golf                                               |            1.38 |             6401.5 |     3.853884353006776
 AAAAAAAADCFDAAAA | Political, empty panels sit still; public lengths ought to make again. Organic citie                                                                                                                     | Sports                                             | golf                                               |            2.91 |             977.84 |    0.5886873819798712
 AAAAAAAAEJJBAAAA | All fresh rights must take w                                                                                                                                                                             | Sports                                             | golf                                               |            26.9 |            5421.78 |    3.2640651577669417
 AAAAAAAAELAEAAAA | Central, social candidates affect soon total objects. Useful, european buildings shall eat matters. Common eyes change roughly. Other musicians might prove of course free areas. Historic               | Sports                                             | golf                                               |            6.72 | 10427.599999999999 |     6.277710611483785
 AAAAAAAAELICAAAA | More new dogs develop supporters. Genuine patterns rely about. Occupational patients abandon hardly. Much welsh difference                                                                               | Sports                                             | golf                                               |            1.52 |            7376.75 |      4.44101248161255
 AAAAAAAAFGEEAAAA | Possible, necessary merchants become annual, high papers. Sessions might not take. Nearly sacred arrangements should reside then r                                                                       | Sports                                             | golf                                               |            1.12 |              938.5 |     0.565003587486817
 AAAAAAAAFMLAAAAA | Primary horses change central, political guards. Owners used to replace away odd margins. Obviously productive claims answer both. Fund                                                                  | Sports                                             | golf                                               |            1.32 | 1602.2999999999997 |    0.9646299927864963
 AAAAAAAAGKKAAAAA | Co                                                                                                                                                                                                       | Sports                                             | golf                                               |            0.39 |            5180.26 |    3.1186632755614907
 AAAAAAAAGOCDAAAA | Excessive employees can confront there in a                                                                                                                                                              | Sports                                             | golf                                               |            4.55 |             3617.6 |    2.1778976857669785
 AAAAAAAAHBBBAAAA | Trying years recall with a issues; broken bands might come proposals. Industrial aspects may speak aside comprehensive, available muscles. Rules could n                                                 | Sports                                             | golf                                               |            8.04 |            8447.93 |     5.085893187892921
 AAAAAAAAIAJAAAAA | Large experiments take too pregnant rates. Safe, sure books see very. Students could figure at a forces. Most ultimate sciences close directly perhaps local voters. Certain needs u                     | Sports                                             | golf                                               |             2.7 |             7373.2 |     4.438875281041875
 AAAAAAAAIGFDAAAA | Mea                                                                                                                                                                                                      | Sports                                             | golf                                               |           74.33 |             5750.4 |     3.461903707495144
 AAAAAAAAIGOBAAAA | Troops know local women. Provinces take really limits. Institutions talk toxic, certain views. Common hands will keep now police. Potential teachers stem with the paintings. Only recent standards w    | Sports                                             | golf                                               |            9.16 |            2030.79 |    1.2225931118085809
 AAAAAAAAKJHCAAAA | Lands watch now easy dogs. Problems recognise constantly at the weeks. Islamic, peaceful stands establish companies. Deep correct forms throw                                                            | Sports                                             | golf                                               |            3.07 | 1575.8600000000001 |    0.9487123637474433
 AAAAAAAAKJMDAAAA | Extra arrangements may not deduce yesterday fine reforms. Then responsible authorities watch necessarily years. Particular politicians used to seek over daily, national conditions;                     | Sports                                             | golf                                               |            3.22 |            1477.24 |    0.8893403298657705
 AAAAAAAAKMNDAAAA | Blue errors fail for a comparisons. Councils would understand outside as a views. Black children hear obvious children. Only early windows will not discuss                                              | Sports                                             | golf                                               |            6.39 |            8097.87 |     4.875147150774503
 AAAAAAAAKONBAAAA | Soviet, good systems assum                                                                                                                                                                               | Sports                                             | golf                                               |            6.86 |            9139.09 |      5.50199108829504
 AAAAAAAAKPOCAAAA | Fresh hands shall not cope thence from a classes. Values may not see most good women. Tomorrow human lips sh                                                                                             | Sports                                             | golf                                               |            0.93 |            1829.52 |    1.1014228698762722
 AAAAAAAALKCCAAAA | Private roots make                                                                                                                                                                                       | Sports                                             | golf                                               |            0.13 |           20273.73 |    12.205359810057653
 AAAAAAAAMBOBAAAA | Then other prisoners put to a quarters. Easy musicians sleep executive, nucle                                                                                                                            | Sports                                             | golf                                               |            2.98 |              76.56 |   0.04609128892700129
 AAAAAAAAMFECAAAA | Apparent, personal programm                                                                                                                                                                              | Sports                                             | golf                                               |            1.77 |              385.5 |   0.23208192112537876
 AAAAAAAAMJHBAAAA | Of course local drugs last aback in relation to a services. Metropolitan hours will like no doubt confident, recent purposes. Different p                                                                | Sports                                             | golf                                               |            8.91 |            1281.46 |    0.7714752234638855
 AAAAAAAAMNIBAAAA | Numerous, empty nights enjoy so houses. Reasonable, independent documents know about regularly divine marks; sharp, conce                                                                                | Sports                                             | golf                                               |             1.9 |            3380.62 |    2.0352290121786716
 AAAAAAAAOIKDAAAA | Qualities serve hardly only, fun databases. Just can                                                                                                                                                     | Sports                                             | golf                                               |            0.43 |             154.16 |    0.0928086873169608
 AAAAAAAAOJACAAAA | Responses might encourag                                                                                                                                                                                 | Sports                                             | golf                                               |            5.07 |           12982.89 |     7.816067582255431
 AAAAAAAAOKNAAAAA | Much important shareholders listen late new, reasonable weeks; important, invisible procedures find very at once mo                                                                                      | Sports                                             | golf                                               |            6.13 |            2866.74 |    1.7258586940777387
 AAAAAAAAOMIBAAAA | Freshly big years might identify never sure, old-fashioned wings. Women would pay more. No doubt new effects could not keep ultimately military borin                                                    | Sports                                             | golf                                               |             7.8 |             183.05 |   0.11020128576394445
 AAAAAAAAONBEAAAA | Unexpected reasons shall return then anymore different cars. Hard meanings prove remarks. Political, ill cards stay also doctors; practices could n                                                      | Sports                                             | golf                                               |            1.02 |            5338.79 |    3.2141028266795355
 AAAAAAAAOOJBAAAA | Closely sufficient layers appear more available, surprised variations. Important stations discover so. Very strong hands set between a police. New, pale words change otherwise full terms. A            | Sports                                             | golf                                               |           98.89 | 3643.3599999999997 |    2.1934059355417896
 AAAAAAAAOPLDAAAA | Sources may not examine. Seldom sound s                                                                                                                                                                  | Sports                                             | golf                                               |            5.72 |             812.13 |    0.4889252674540956
 AAAAAAAAPINBAAAA | True countries must take much with a populations. Social rates feed at least personal profits.                                                                                                           | Sports                                             | golf                                               |            7.65 |                    |                      
 AAAAAAAAPLEBAAAA | So normal jobs used to se                                                                                                                                                                                | Sports                                             | golf                                               |            6.76 |  7951.969999999999 |     4.787311217461421
 AAAAAAAAABOCAAAA | Sexual relations can appreciate endlessly sexually commercial runs. Couples come more likely, particular parts. Long appropriate rooms teach even federal amo                                            | Sports                                             | guns                                               |            3.34 |  8839.220000000001 |    3.0179860526694595
 AAAAAAAAACMAAAAA | Arts will not add white shows. Proper, bright girls block able centres. Men will make in a systems. Short, western polic                                                                                 | Sports                                             | guns                                               |            1.81 |  4393.969999999999 |     1.500238728739416
 AAAAAAAAAEKCAAAA | Political, y                                                                                                                                                                                             | Sports                                             | guns                                               |            2.87 |            5356.62 |    1.8289175345166515
 AAAAAAAAAFPCAAAA | Strong eyes sit to a plans. Specific surveys make only. British, firm                                                                                                                                    | Sports                                             | guns                                               |            2.66 |            2260.94 |    0.7719556008247884
 AAAAAAAAAGDBAAAA | Th                                                                                                                                                                                                       | Sports                                             | guns                                               |            1.63 |              256.2 |    0.0874746897004391
 AAAAAAAAAJJBAAAA | Yellow, local territ                                                                                                                                                                                     | Sports                                             | guns                                               |            7.94 |           10321.41 |     3.524052057068732
 AAAAAAAABAFEAAAA | Other, good prices shall ride then then separate boys; little, great designs operate. Already loca                                                                                                       | Sports                                             | guns                                               |             3.5 | 15041.659999999998 |     5.135692978452407
 AAAAAAAABMIBAAAA | Just little ways cut conversely british makers. Plain, progressive powers may not call well underneat                                                                                                    | Sports                                             | guns                                               |            7.38 |            1057.94 |   0.36121379087307787
 AAAAAAAACJMDAAAA | Necessary cards form extra products. Full authorities blame so compulsory aspirations. Free drivers go quite; financial arguments trust further merely big activities. Measures shall come               | Sports                                             | guns                                               |            0.11 |            7957.12 |    2.7168095351645514
 AAAAAAAACKEEAAAA | Fat stocks ruin so afield particular thousands. Sites ought to save either african, senior units. Facilities                                                                                             | Sports                                             | guns                                               |            6.92 |            5263.63 |    1.7971678413267849
 AAAAAAAADCIDAAAA | Also poor trees confront about only orders. Essential elections work alwa                                                                                                                                | Sports                                             | guns                                               |           23.25 |            8610.92 |      2.94003729521977
 AAAAAAAADDHDAAAA | Useful, national relationships may not want british, sick lawyers. So dangerous parts used to create more at least old relations. Living, likely minutes look conventional executives; wild in           | Sports                                             | guns                                               |            0.56 |            8494.85 |    2.9004073684690677
 AAAAAAAADEPAAAAA | Holy, widespread powers might lay ancient, light miles.                                                                                                                                                  | Sports                                             | guns                                               |           15.99 |            2548.82 |    0.8702468329518862
 AAAAAAAADOPCAAAA | Key supporters may keep more bonds. Incredibl                                                                                                                                                            | Sports                                             | guns                                               |           25.58 |            1239.21 |   0.42310503600187804
 AAAAAAAAEGDBAAAA | Deeply healthy views could not link high clear, other years. Eyebrows encourage places. Activities blame                                                                                                 | Sports                                             | guns                                               |            3.71 |            8277.15 |    2.8260777824121375
 AAAAAAAAELNAAAAA | Well judicial teeth would talk now french consequences. Either new memories raise. Good he                                                                                                               | Sports                                             | guns                                               |            0.58 |              89.44 |  0.030537612204556103
 AAAAAAAAFACAAAAA | Important, comfortable years might reach also. Merchants can intercept really only unable banks. Times like indeed. Little neighbours will look right also slight musicians. F                           | Sports                                             | guns                                               |            6.16 |             1137.2 |   0.38827563281553223
 AAAAAAAAFLCBAAAA | Always                                                                                                                                                                                                   | Sports                                             | guns                                               |            2.08 |           20525.07 |     7.007900582864137
 AAAAAAAAGLDAAAAA | Comfortable, strong mothers must not lead very on a horses. Victims apply slowly national, fundamental activities. Exactly f                                                                             | Sports                                             | guns                                               |            8.05 |            6081.32 |    2.0763527711517344
 AAAAAAAAGMCCAAAA | Months need later rather than the cities. Major hands express however good remains; boards recognise sp                                                                                                  | Sports                                             | guns                                               |             4.1 |            2936.64 |    1.0026607055499512
 AAAAAAAAHDADAAAA | Activities might not explain tota                                                                                                                                                                        | Sports                                             | guns                                               |            4.83 |            11264.1 |    3.8459158948271512
 AAAAAAAAIHDEAAAA | Lands become so private gains. Isolated libraries fall there visible, new classes. Steps remain women. Companies ruin now. On                                                                            | Sports                                             | guns                                               |            3.91 | 3975.5499999999997 |    1.3573770594792376
 AAAAAAAAIIKAAAAA | Very slow stories differ mainly. Ideal efforts talk small advantages. Sectors upgrade creditors; long, italian rema                                                                                      | Sports                                             | guns                                               |            9.46 |            8503.42 |    2.9033334343969863
 AAAAAAAAIMJDAAAA | Tragic, difficult purposes portray red, single actors; light police take never from a weeks; chinese friends benefit later previous aims. Standards used to give remarkab                                | Sports                                             | guns                                               |            0.39 |            12246.8 |     4.181440397436916
 AAAAAAAAIOKAAAAA | Independent, american problems used to make questions. Other, deep parents might not go repeatedly expressions. F                                                                                        | Sports                                             | guns                                               |            4.03 |              317.1 |   0.10826785364562547
 AAAAAAAAJLOAAAAA | Blue, public changes can travel slightly features; educational talks think unexpectedly scottish characters. Foreign, vulnerable allies deny keys. Brown, chief areas will not reme                      | Sports                                             | guns                                               |            1.66 |            2103.46 |    0.7181870054538863
 AAAAAAAAJMCCAAAA | Liberal persons need parties. Reasonably diverse consultants cannot c                                                                                                                                    | Sports                                             | guns                                               |            0.59 |            6741.12 |    2.3016291187877598
 AAAAAAAAKAJDAAAA | Famous changes ensure no longer arts. Separate, chronic units like. Complete, basic years find alone patients. Pretty necessary agreements must force perhaps for a clergy. Particles will               | Sports                                             | guns                                               |            3.55 |           15062.85 |      5.14292790692529
 AAAAAAAAKCHAAAAA | Violent mechanisms must escape original newspapers; interested services give soon as various grounds. Times move. Living compan                                                                          | Sports                                             | guns                                               |            1.17 | 3454.8599999999997 |    1.1795972149042115
 AAAAAAAAKHHCAAAA | For example common areas shall not stand real, ro                                                                                                                                                        | Sports                                             | guns                                               |            3.99 | 11145.289999999999 |    3.8053504464145473
 AAAAAAAAKHOBAAAA | Almost straightforward signs must ensure flowers. New, holy relations get deep brief thousands. Entirely whole patients work too from a messages. Now acute things wil                                   | Sports                                             | guns                                               |            3.16 |            6548.34 |     2.235807999816446
 AAAAAAAAKHPDAAAA | Weak targets recognize to a times. Preliminary police inform soviet, hard museums. Examples ought to ruin now concerns. Political, marginal items collapse ot                                            | Sports                                             | guns                                               |            9.45 |            4829.71 |    1.6490139874828562
 AAAAAAAAKKFAAAAA | Fiscal, black individuals cannot pull more than constant days. Internal, french attempts should mean only; more small carers must keep quite theories. Subjects shall w                                  | Sports                                             | guns                                               |            4.23 |               4446 |    1.5180033973776434
 AAAAAAAAKPMDAAAA | Social, palestinian cases shall mean on the buildings; occasional, automatic sums look simple, royal students. Now darling centuries might not cope to a offences. Officials join by now re              | Sports                                             | guns                                               |            8.85 |             3543.1 |    1.2097251095926065
 AAAAAAAALCLBAAAA | Huge children tell. Available names choose at least to a times. Times must not know all concentrations. More su                                                                                          | Sports                                             | guns                                               |             3.8 | 2214.5699999999997 |    0.7561234331377885
 AAAAAAAALNEDAAAA | Black, literary notes ought to belong however questions. Stan                                                                                                                                            | Sports                                             | guns                                               |            9.62 | 10523.480000000001 |    3.5930450724776626
 AAAAAAAAMEHAAAAA | Then special differences could not say tensions. Aspects would get for example                                                                                                                           | Sports                                             | guns                                               |           27.63 |            5406.59 |    1.8459788547521354
 AAAAAAAAMFGDAAAA | Inherent, american results shall not convince much interesting practitioners. Employers remark already elsewhere a                                                                                       | Sports                                             | guns                                               |            3.62 | 2456.8999999999996 |    0.8388624712139299
 AAAAAAAAMLIDAAAA | Efforts grasp financial, narrow pages. Examples assu                                                                                                                                                     | Sports                                             | guns                                               |            1.26 |           12813.99 |     4.375096795763191
 AAAAAAAAMLJDAAAA | Jobs should minimise never natural, different sections. Even genuine boats keep white, entire courses. Materials wil                                                                                     | Sports                                             | guns                                               |            4.31 |            7208.59 |    2.4612379915210316
 AAAAAAAANAHCAAAA | Rates give suitable years. Different, gre                                                                                                                                                                | Sports                                             | guns                                               |           76.87 |            8640.06 |    2.9499866022372205
 AAAAAAAANCGBAAAA | Men cook even. Current                                                                                                                                                                                   | Sports                                             | guns                                               |           43.87 | 13357.150000000001 |     4.560548600828339
 AAAAAAAAOFABAAAA | Times know else councillors. Occasionally environmental owners like things. Men bear violently problems. Magnificent, local pupils seek questions. Employees must not introduce                          | Sports                                             | guns                                               |             2.3 |            9098.86 |     3.106635265916227
 AAAAAAAAOOICAAAA | Laws know hard notes. Here future demonstrations come most with a groups. Mor                                                                                                                            | Sports                                             | guns                                               |            5.86 |            4385.24 |    1.4972580338093426
 AAAAAAAAPAEAAAAA | Wet, imaginative men play initially external minutes. Distinguished, new lines shall get with a drivers. Human, rig                                                                                      | Sports                                             | guns                                               |            1.48 |            1908.26 |    0.6515396228249802
 AAAAAAAAAGNBAAAA | New babies defuse also in a relations. Really main children                                                                                                                                              | Sports                                             | hockey                                             |            2.45 | 11457.060000000001 |    3.4612933689223038
 AAAAAAAAAHBCAAAA | Thick operators m                                                                                                                                                                                        | Sports                                             | hockey                                             |             3.4 | 1736.1299999999999 |    0.5245023816395373
 AAAAAAAAAIGDAAAA | Too just numbers must break weak parameters. Angry, dutch grounds talk either. Normal charges will not leave vice versa following women. Tomorrow bright contracts know q                                | Sports                                             | hockey                                             |            3.22 |            9732.26 |     2.940213894544305
 AAAAAAAAAKAAAAAA | Rough minutes could not want. Weeks may not hear better eco                                                                                                                                              | Sports                                             | hockey                                             |             4.7 |            9284.17 |    2.8048413866164075
 AAAAAAAAALCEAAAA | Groups should take. Investments look internationally lines; problems must see waste desig                                                                                                                | Sports                                             | hockey                                             |            8.45 |            3064.12 |    0.9257015532416002
 AAAAAAAAAMEDAAAA | Urgent, fond men will reflect. Only complex re                                                                                                                                                           | Sports                                             | hockey                                             |            5.23 |             757.24 |   0.22876984066442219
 AAAAAAAAANAEAAAA | Fully crucial prices try techni                                                                                                                                                                          | Sports                                             | hockey                                             |            1.23 |            5811.52 |    1.7557188004042348
 AAAAAAAAANFCAAAA | Employees melt enough positive, new merchants. Considerable cells must not think. Twice social sums should get as global new marks.                                                                      | Sports                                             | hockey                                             |            6.65 |            9235.95 |     2.790273638324138
 AAAAAAAABEBEAAAA | Attempts may not see together. Even de                                                                                                                                                                   | Sports                                             | hockey                                             |            1.73 |            2966.09 |    0.8960857016221224
 AAAAAAAABFNDAAAA | Prepared areas see maybe fields. Fresh, immediate characteristics shall become long on a tanks. Indians must not trade very other servants. Yet common activities oug                                    | Sports                                             | hockey                                             |            3.87 |            3940.48 |    1.1904587472153376
 AAAAAAAABPKCAAAA | New, open tea                                                                                                                                                                                            | Sports                                             | hockey                                             |            4.09 |             2745.6 |    0.8294734490098747
 AAAAAAAACCGAAAAA | Meanwhile modest owners get somewhat students. Less than good supporters used to seem tomorrow to a points; therefore social images use most. Large difficulties introduce                               | Sports                                             | hockey                                             |            0.53 |            8843.71 |    2.6717739786360424
 AAAAAAAACEKDAAAA | Even territorial demands would produce to a police. Persistent, simple volunteers ought to show in a reasons. Labour, able plans gain less than waste, practical stages. Companies canno                 | Sports                                             | hockey                                             |            0.09 |            6019.08 |    1.8184247696191567
 AAAAAAAACENBAAAA | Charges give probably good authorities. Prospects permit neither alike light centres. Likely men go                                                                                                      | Sports                                             | hockey                                             |            0.18 | 16126.119999999999 |     4.871863481769784
 AAAAAAAACFPBAAAA | Ago autonomous daughters make. Big, political limits ought to assure ne                                                                                                                                  | Sports                                             | hockey                                             |            3.73 |             5503.2 |    1.6625722190381493
 AAAAAAAACGFEAAAA | Direct, ideal years give so really good things. Ever sorry acts would not think maybe. Blue blacks aspire as a pieces.                                                                                   | Sports                                             | hockey                                             |            2.28 |            4563.76 |    1.3787579209110234
 AAAAAAAACJMAAAAA | Much potential layers give later british d                                                                                                                                                               | Sports                                             | hockey                                             |           11.52 |  9162.289999999999 |      2.76802020947286
 AAAAAAAACKHDAAAA | Likely, new minds might celebrate. Islamic authorities keep too indeed enormous lawyers. Here senior threats                                                                                             | Sports                                             | hockey                                             |            6.76 |           12055.57 |    3.6421092758158418
 AAAAAAAACOADAAAA | Again white firms might not question also little, tremendous projects. Goods run by no means in a children; immediate changes determine to a tasks. Places would appear shops. Membe                     | Sports                                             | hockey                                             |            1.35 |             4994.1 |    1.5087679748325378
 AAAAAAAADBCBAAAA | Clear grounds improve s                                                                                                                                                                                  | Sports                                             | hockey                                             |            2.47 |            9219.84 |     2.785406644856936
 AAAAAAAADCJCAAAA | Eastern views assert for the schools. Economic centuries say with a nations. Great, future officers ought to imagine big, financial procedures; new courts would lead just by a views. Available, o      | Sports                                             | hockey                                             |            9.58 |            4956.61 |    1.4974418677508867
 AAAAAAAAEDJDAAAA | There similar societies would not offer. New, open skills shall not im                                                                                                                                   | Sports                                             | hockey                                             |            4.54 | 6504.1900000000005 |    1.9649813928888173
 AAAAAAAAEFHDAAAA | Sad, tough crowds prepare perfectly west                                                                                                                                                                 | Sports                                             | hockey                                             |            5.68 |  947.3299999999999 |    0.2861979466967237
 AAAAAAAAEJPDAAAA | Rules play just influential, foreign horses. Direct, different volumes ex                                                                                                                                | Sports                                             | hockey                                             |            1.31 |              175.9 |  0.053141163928043765
 AAAAAAAAEKIBAAAA | Wealthy tests may not require soon small teachers. Organisers may ring. Carefully small causes l                                                                                                         | Sports                                             | hockey                                             |            1.64 |  9168.710000000001 |    2.7699597562177045
 AAAAAAAAFMDCAAAA | Institutions used to shift now external markets. Words could see just slowly financial ways. He                                                                                                          | Sports                                             | hockey                                             |            0.76 |  6089.219999999999 |    1.8396147709717032
 AAAAAAAAGAHDAAAA | Only children sustain most                                                                                                                                                                               | Sports                                             | hockey                                             |            0.14 |            1215.81 |     0.367308462281722
 AAAAAAAAGANBAAAA | Trains present to a needs. However thin demands cannot appreciate following adults. Likely, teenage police would not take very available, existing months. Women say little simple,                      | Sports                                             | hockey                                             |            1.53 | 11326.039999999999 |     3.421710905603075
 AAAAAAAAGEJBAAAA | Standards ought to grow also criminal metres. Fine, large lines can keep specifically police. Trees ought to convict so historical                                                                       | Sports                                             | hockey                                             |            8.92 |            7524.42 |      2.27320316477232
 AAAAAAAAGEPBAAAA | Bad firms hear widely farms. Only, adequate boys join else naked companies. Married, glad minutes should not offer sharp, efficient weeks. Sooner occasional markets can rise more than                  | Sports                                             | hockey                                             |            2.18 | 3783.6400000000003 |    1.1430758015048526
 AAAAAAAAGIEEAAAA | Still big groups used to need rural ministers. National, labour galleries need always statistical, final children. Successful, sick figures help really excellent friends. Within national years will h  | Sports                                             | hockey                                             |            2.54 |            5568.08 |    1.6821731213442974
 AAAAAAAAGLECAAAA | Suddenly keen sciences shall not remember therefore spanish, other windows; industrial, beautiful c                                                                                                      | Sports                                             | hockey                                             |            9.36 |            6098.44 |     1.842400225954174
 AAAAAAAAGOCEAAAA | Etc mean classes would not lead spiritual skills. Buyers should not hide most more great pressur                                                                                                         | Sports                                             | hockey                                             |             9.6 |           12631.72 |    3.8161700012117623
 AAAAAAAAHMDAAAAA | Other marks fit politically french, cautious losses. Payable efforts give. Letters must not put demanding files. Offenders should not join factors. Right social grounds affect payment                  | Sports                                             | hockey                                             |            1.71 |              61.44 |  0.018561643614206987
 AAAAAAAAICJBAAAA | Intelligent men might go available kinds. Probably industrial eyes will not find on a lines. Soldiers might not lift small charges. Sexual categories a                                                  | Sports                                             | hockey                                             |            1.23 |           10018.13 |    3.0265781045051336
 AAAAAAAAIFGBAAAA | Natural years say simply social, final feet. Really crazy peasants put a little for a profits. Services may withdraw often about regular costs. Eyes should hurt subsequently. Light activiti            | Sports                                             | hockey                                             |            6.85 |               1604 |    0.4845845761261069
 AAAAAAAAIHPCAAAA | Good phrases sh                                                                                                                                                                                          | Sports                                             | hockey                                             |            4.53 |             2141.1 |    0.6468479027079846
 AAAAAAAAJIIAAAAA | Certainly various respects should not stay eventually. Others could take much slowly serious attacks; groups must attend to the accounts. Functions may become with the women; trees ought to use        | Sports                                             | hockey                                             |            7.17 |             499.14 |   0.15079522776033977
 AAAAAAAAKBMDAAAA | Previous, other threats ought to give just details. Standard leaders eat quite other items. Far medical words mean as; yesterday important clothe                                                        | Sports                                             | hockey                                             |            1.93 |            2850.46 |    0.8611527125089916
 AAAAAAAAKFAEAAAA | Figures may not flush actually national answers. Days see                                                                                                                                                | Sports                                             | hockey                                             |            4.04 |  9060.419999999998 |     2.737244255127494
 AAAAAAAAKFMCAAAA | Flexible clubs highlight materially inner periods. Afraid boxes love. Usual, small tourists may not believe rare factors. Extra seats mig                                                                | Sports                                             | hockey                                             |            8.19 |            9711.55 |     2.933957194686716
 AAAAAAAAKIOCAAAA | Arms might restore combined cells; both general minutes could not think in a areas. Usually official members could sound also against a clients; famous ye                                               | Sports                                             | hockey                                             |            3.49 |           19836.06 |     5.992673770019966
 AAAAAAAAKLIDAAAA | Odd award                                                                                                                                                                                                | Sports                                             | hockey                                             |            7.99 | 10903.529999999999 |     3.294066373646066
 AAAAAAAAKMKDAAAA | Tired, successive men must not enable simply with a trees. Alive times come only; hands will not continue wrong surrou                                                                                   | Sports                                             | hockey                                             |            8.33 |              13.93 |  0.004208393482192437
 AAAAAAAALDFDAAAA | Also young teachers enter harsh, external opinions. Very strong costs wash all right in a estates. At last real grounds shall fight soon later white                                                     | Sports                                             | hockey                                             |             2.8 |            1189.26 |    0.3592874395285124
 AAAAAAAALIPDAAAA | Nice pieces come parts. Dollars lie elsewhere without a years. Lakes need then strange costs. Hopefully wide weekends may achieve most days. Specific heroes ensure longer silver, special hours.        | Sports                                             | hockey                                             |            8.74 |            2234.97 |    0.6752069763744171
 AAAAAAAALMNBAAAA | Soviet borders must not convince very normal, great professionals. Aspects must come here colleagues. Services may believe companies. Holes like here just positive pieces; forces produce un            | Sports                                             | hockey                                             |            6.22 |             3986.4 |    1.2043316423124142
 AAAAAAAALOCEAAAA | Firms stay bc mothers; red, political demands get really high                                                                                                                                            | Sports                                             | hockey                                             |           29.08 | 2767.2400000000002 |     0.836011111246389
 AAAAAAAAMAKAAAAA | Colours decide alone behind the sides. No longer full authorities should not waste too national faciliti                                                                                                 | Sports                                             | hockey                                             |            1.93 |            7841.28 |    2.3689297662631668
 AAAAAAAAMCMAAAAA | Ancient, tiny details used to replace always                                                                                                                                                             | Sports                                             | hockey                                             |             2.2 | 5967.4800000000005 |    1.8028358892400376
 AAAAAAAAMJMCAAAA | Dead hundreds happen wild years. Passengers m                                                                                                                                                            | Sports                                             | hockey                                             |            3.29 |             1783.2 |    0.5387227033342106
 AAAAAAAAMKDDAAAA | Federal, annual children play; also considerable years operate again at a ways. Main, public changes may not save great, large disputes. Discussi                                                        | Sports                                             | hockey                                             |            2.81 |           11703.25 |    3.5356698507156237
 AAAAAAAANCHDAAAA | Branches reveal early, red girls. Other,                                                                                                                                                                 | Sports                                             | hockey                                             |            1.88 |             824.78 |   0.24917435579631572
 AAAAAAAANIKAAAAA | Informal, gastric responsibilities must mean bodies. Medical, exciting circumstances will not offer exactly specific injuries; social sports like critical animals. Enough hot topics incorpo            | Sports                                             | hockey                                             |            3.48 |  9260.369999999999 |     2.797651166596581
 AAAAAAAAOFBDAAAA | Social duties insist only strange, specified farmers. Good members secure with a liv                                                                                                                     | Sports                                             | hockey                                             |            2.07 |            3538.78 |    1.0691011261244043
 AAAAAAAAAAEEAAAA | Very common rebels cannot enjoy thoroughly modern sides. Distinctive experiences could not try steps. Obvious, effective corners used to come in a models. Subjects might not serv                       | Sports                                             | optics                                             |            9.22 |            7514.62 |    2.2754999085514678
 AAAAAAAAABKDAAAA | Small, clear professionals find others. New pubs should emerg                                                                                                                                            | Sports                                             | optics                                             |             7.5 |            4476.56 |    1.3555458387283934
 AAAAAAAAAKCCAAAA | Even likely workers cannot eradicate other, international authoriti                                                                                                                                      | Sports                                             | optics                                             |            2.53 | 31.290000000000003 |  0.009474915849181387
 AAAAAAAAAKDAAAAA | As financial eyes might offer lively rights. Historic, substantial implications used to take little according to a officials. Effective, twin men should not extend anyway areas. Ar                     | Sports                                             | optics                                             |             7.8 |            7004.35 |    2.1209851974501004
 AAAAAAAABDMAAAAA | Young feelings might make political politicians. High bags ought to specify busy, responsible studies. J                                                                                                 | Sports                                             | optics                                             |            3.07 |            6109.38 |     1.849979590625496
 AAAAAAAABFHAAAAA | Gran                                                                                                                                                                                                     | Sports                                             | optics                                             |            4.62 |  5055.129999999999 |    1.5307424530735791
 AAAAAAAABLKDAAAA | Eyes would not tell easily today famous patterns. Following services glance new, creative women. Better primary claims work otherwise. Electronic actions will not state now mental reports.             | Sports                                             | optics                                             |            4.62 |            4822.42 |     1.460275605286331
 AAAAAAAACBLCAAAA | Years think agricultural, friendly clouds. Just national files think small institutions. Wrong, english participants signal. Gothic, historical sciences regain on                                       | Sports                                             | optics                                             |            6.77 |             2695.6 |    0.8162538562816664
 AAAAAAAACEBEAAAA | Political, other things quell for a manufacturers. Voters run human, whole lives. Now old attempts put exactly curious problems. National, final conditions attack. As dramatic clothes say per          | Sports                                             | optics                                             |            2.42 |            3941.44 |    1.1935063063150362
 AAAAAAAACEOCAAAA | Behind great days might let for a numbers; suddenly able parents obscure of course. Proud, clas                                                                                                          | Sports                                             | optics                                             |            8.84 |            1249.88 |    0.3784758012647757
 AAAAAAAACONCAAAA | Social, other employees m                                                                                                                                                                                | Sports                                             | optics                                             |            1.03 |           22928.07 |     6.942842244619375
 AAAAAAAACPDDAAAA | Particularly sensible children ought to send long white lovers. Smooth officers remember conditions; double, high goods resolve as spare centres. Appare                                                 | Sports                                             | optics                                             |               4 |  7202.739999999999 |    2.1810596159646125
 AAAAAAAADLPCAAAA | Low, special circumstances may know. British, other products welcome. Local, ambitious sisters cannot sit positive resources. Months could deposit as rational lips; refugees put more fine students. Cl | Sports                                             | optics                                             |            2.01 |             8027.5 |     2.430804952997877
 AAAAAAAADPABAAAA | Authors would not select yesterday; safely contemporary conservatives earn likely, good departments. Concentrations inform units.                                                                        | Sports                                             | optics                                             |            5.63 |            7608.38 |      2.30389134703083
 AAAAAAAAEHOBAAAA | Materials say all but other, corporate numbers. Years must prepare just houses. Reasonable, bitter re                                                                                                    | Sports                                             | optics                                             |            2.92 |            4285.46 |    1.2976789030052047
 AAAAAAAAFBNDAAAA | Exactly standard studies must det                                                                                                                                                                        | Sports                                             | optics                                             |            2.22 | 1712.9399999999998 |    0.5186948659219163
 AAAAAAAAFJBEAAAA | Well sorry effects could study. Full, new qualities pay                                                                                                                                                  | Sports                                             | optics                                             |            0.75 |           16040.66 |     4.857267614743685
 AAAAAAAAFPODAAAA | All right bold governments ought to form total, recent towns. Evenings import hard on a rebels. General, local structures trust under the reasons; extra differences would                               | Sports                                             | optics                                             |            6.58 |            5977.11 |    1.8099269501853803
 AAAAAAAAGNGAAAAA | Methods watch also prime terms. Written committees might not take; familiar companies become then close measures. Late                                                                                   | Sports                                             | optics                                             |           39.76 | 1063.8400000000001 |    0.3221410826779523
 AAAAAAAAGPEEAAAA | Roads may design about on a mammals. Cells should give; spiritual men ensure low, recent friends. Very excellent arms communicate on board late students. Mai                                            | Sports                                             | optics                                             |            4.82 |               4459 |    1.3502285002077277
 AAAAAAAAHDJDAAAA | Lives used to come everywhere contacts. Absolute pp. could write again open procedures; so available authorities will beco                                                                               | Sports                                             | optics                                             |            4.68 |            6016.08 |     1.821727444613076
 AAAAAAAAHIBDAAAA | Mechanisms cross never roads. Important, happy emissions shall help elsewhere different, residential writers. Civil, responsible questions would allow by the friends. Lectures believe even             | Sports                                             | optics                                             |            0.59 |            8376.28 |     2.536418923911188
 AAAAAAAAHMIBAAAA | Disputes think late f                                                                                                                                                                                    | Sports                                             | optics                                             |            4.09 |  646.8000000000001 |    0.1958573209092528
 AAAAAAAAHOABAAAA | Certain forms aid both human, vocational aspects. New floors could give. Future circumstances go already words; disputes would help as r                                                                 | Sports                                             | optics                                             |            9.81 |            1999.36 |    0.6054256232732277
 AAAAAAAAIAIDAAAA | Able stations must not help now. Much historic problems might make however on a links. Characteristics cannot favour in a buildings. Normal part                                                         | Sports                                             | optics                                             |            6.64 |           13996.82 |     4.238373015536561
 AAAAAAAAIKBAAAAA | Public boots could sue much performances. Then essential steps o                                                                                                                                         | Sports                                             | optics                                             |            8.63 | 3999.7200000000003 |    1.2111540562571994
 AAAAAAAAIKLCAAAA | Examples will not make by a resources. Home old relations incur hitherto national, stable errors. Studies shall go also. Entirely only societi                                                           | Sports                                             | optics                                             |               7 | 3141.2300000000005 |    0.9511949476805385
 AAAAAAAAINIDAAAA | Genetic, national streets launch perfect democrats. Hands must tell however. Lexical professionals used to endeavour foreign, essential duties. Controls punch however in a parents. Also absolute       | Sports                                             | optics                                             |            3.92 |            2359.55 |    0.7144946529861278
 AAAAAAAAJABDAAAA | Growing others might want later active husbands; boys serve                                                                                                                                              | Sports                                             | optics                                             |            1.62 |           13578.56 |     4.111719825920754
 AAAAAAAAJAHDAAAA | Hidden, deep references could help too levels. Future disciplines might bear beautiful, only atti                                                                                                        | Sports                                             | optics                                             |             0.1 |  5513.589999999999 |     1.669568593061297
 AAAAAAAAKENBAAAA | Physical instruments ought to control easily very public services. Dead trees might increase interactions. Major techniq                                                                                 | Sports                                             | optics                                             |            2.84 |            6474.64 |    1.9605838655718684
 AAAAAAAAKIGBAAAA | Skilled others win futu                                                                                                                                                                                  | Sports                                             | optics                                             |            5.59 |             922.32 |     0.279287452413454
 AAAAAAAAKJFEAAAA | Available, favorable products shall change for a sides. Patterns shall not work busily current, senior shows. Traditional communities would put can                                                      | Sports                                             | optics                                             |            2.03 |           14691.88 |     4.448843933086322
 AAAAAAAAKKCBAAAA | So personal activities constitute for a police; fast good tourists use now only animals; now modern readers cal                                                                                          | Sports                                             | optics                                             |           59.99 |           13433.03 |     4.067651928716172
 AAAAAAAAKMLBAAAA | English friends make historical, individual consumers. Consequently cons                                                                                                                                 | Sports                                             | optics                                             |             1.9 |  5129.639999999999 |    1.5533048046211184
 AAAAAAAAKPJBAAAA | Customs may grant otherwise japanese, appropriate procedures. Easily limited marks could come hence ready, clear                                                                                         | Sports                                             | optics                                             |             2.3 |            8814.86 |    2.6692252068493136
 AAAAAAAALAEBAAAA | Men learn now. So conscious characteristics used to take now wide able difficulties. Favorite companies could not see white writers. Black,                                                              | Sports                                             | optics                                             |           83.84 |            5964.29 |    1.8060449296936416
 AAAAAAAALNEAAAAA | Bad, english molecules shall not hear also decisive, base services. German, white processe                                                                                                               | Sports                                             | optics                                             |            9.53 |           10585.27 |    3.2053225468476905
 AAAAAAAAMBAAAAAA | Enough open things will think blue schools. Natural, following details seem always private policies                                                                                                      | Sports                                             | optics                                             |            8.13 | 27375.329999999998 |     8.289515758822967
 AAAAAAAAMENDAAAA | High, young obligations see financial, easy clothes. Just financial things stop complex, sophisticated children. Free, new effects get now. As sh                                                        | Sports                                             | optics                                             |            71.7 |  5069.389999999999 |    1.5350605195487892
 AAAAAAAAMGHBAAAA | Serious, early hands depend in a buildings. Actual scenes would get obviously far democratic cells. Other, early attempts may not care                                                                   | Sports                                             | optics                                             |           51.13 |              49.77 |  0.015070839303731464
 AAAAAAAAMNDDAAAA | Old benefits go still attractive follow                                                                                                                                                                  | Sports                                             | optics                                             |            81.1 |            6271.22 |    1.8989863142123133
 AAAAAAAAMOLDAAAA | Previously sound arts must make very consciously universal males. Professional events could come a little.                                                                                               | Sports                                             | optics                                             |           88.92 |             1732.8 |    0.5247086667772932
 AAAAAAAANDJDAAAA | Local roses could not wear swe                                                                                                                                                                           | Sports                                             | optics                                             |            2.97 | 4248.4800000000005 |      1.28648099990189
 AAAAAAAANKEBAAAA | Sure, common children leave hard, recent signs; european events vote tories. Fine changes should challenge facto                                                                                         | Sports                                             | optics                                             |            4.95 | 29429.690000000002 |     8.911595916187117
 AAAAAAAAOHBAAAAA | Ancient fields meet deep groups. True prisoner                                                                                                                                                           | Sports                                             | optics                                             |            3.84 | 315.09000000000003 |   0.09541231175834333
 AAAAAAAAPBPAAAAA | Other, unemployed reactions can proceed there organisations; by now able days look at the strategies. Most other animals ought to call orthodox others. Round                                            | Sports                                             | optics                                             |            1.02 |            3825.78 |     1.158483335170379
 AAAAAAAAPKHCAAAA | Features may overwhelm almost new, wet factors. Japanese, current operations shall follow meanwhile absolute places. Ev                                                                                  | Sports                                             | optics                                             |            5.49 |            4072.56 |    1.2332107155877963
 AAAAAAAAACDAAAAA | European flames should grow also. Mild words battle american books. Likely, vague thoughts would not happen; children will come human ways. N                                                            | Sports                                             | outdoor                                            |            1.57 |            4025.93 |    1.0440610771308474
 AAAAAAAAADHDAAAA | Anxious months attend complex areas. Detailed terms discuss primary words. High, new lists shall match; early formal rebels enable good stars. Difficult architects show by                              | Sports                                             | outdoor                                            |            2.96 |             161.84 |   0.04197063652941217
 AAAAAAAAAEHCAAAA | Exactly scottish lawye                                                                                                                                                                                   | Sports                                             | outdoor                                            |            6.43 |             1456.8 |     0.377797968957289
 AAAAAAAAAENDAAAA | Forests must go far about long changes; private, primary pp. remain today with a groups. Difficulties must ask again. Very coming notes will dress offices.                                              | Sports                                             | outdoor                                            |            1.18 |           13335.98 |    3.4584748476489753
 AAAAAAAAAJODAAAA | New, creative years produce deliberately doctors                                                                                                                                                         | Sports                                             | outdoor                                            |            8.61 |            4233.46 |    1.0978806903225733
 AAAAAAAAAPFCAAAA | Subject, central e                                                                                                                                                                                       | Sports                                             | outdoor                                            |            3.38 |            8468.86 |    2.1962644888684975
 AAAAAAAABCICAAAA | Only rich cells oug                                                                                                                                                                                      | Sports                                             | outdoor                                            |            7.16 |            4941.84 |    1.2815878054035483
 AAAAAAAABFPBAAAA | Special hands reduce only. Victims cannot build even rational, initial centuries. Simple, widespread wives shall enhanc                                                                                  | Sports                                             | outdoor                                            |            9.37 |           10771.81 |     2.793498036788726
 AAAAAAAABHHBAAAA | Rational, royal bishops shall not adm                                                                                                                                                                    | Sports                                             | outdoor                                            |            6.97 |  4157.110000000001 |    1.0780805290582345
 AAAAAAAABPADAAAA | Curious clergy provide. Federal, national institutions attend very elements; differences lift about                                                                                                      | Sports                                             | outdoor                                            |             9.8 |            3385.51 |     0.877978309915288
 AAAAAAAACBOAAAAA | Small wages might support today large feet. Loyal cigarettes would receive best. Commercial environments would reverse jewish, local accounts. There grand da                                            | Sports                                             | outdoor                                            |            3.24 |            9984.89 |     2.589422818686124
 AAAAAAAACOFEAAAA | Local problems should not accept associated, individual policies. Advanced machines must strike okay legs. Hot, standard waves should not spread open with a parts. Sp                                   | Sports                                             | outdoor                                            |             6.8 |            5753.52 |    1.4920841367072637
 AAAAAAAACPKCAAAA | Practical, interesting humans give extraordinarily homes. Events might think records. Olympic talks call most holes. Financial, wide laws seem also g                                                    | Sports                                             | outdoor                                            |            3.25 |           13394.04 |    3.4735317875704883
 AAAAAAAADALCAAAA | Upper, model problems seem. Societies might need therefo                                                                                                                                                 | Sports                                             | outdoor                                            |           26.59 |           13088.18 |    3.3942118488106887
 AAAAAAAAEBAAAAAA | Present tasks could not t                                                                                                                                                                                | Sports                                             | outdoor                                            |            6.85 |             1380.3 |    0.3579589075725879
 AAAAAAAAEDDDAAAA | Laws should accept apparen                                                                                                                                                                               | Sports                                             | outdoor                                            |            4.69 |            1099.28 |    0.2850808287447616
 AAAAAAAAEELDAAAA | Safe, major hopes recover over useful pupils                                                                                                                                                             | Sports                                             | outdoor                                            |            6.19 | 3128.2700000000004 |    0.8112671968355428
 AAAAAAAAELEDAAAA | Wonderful skills reach foreign, free owners. Other, certain commentators happen solicitors. Yesterday early elections publici                                                                            | Sports                                             | outdoor                                            |            8.47 |           12143.16 |    3.1491359038463713
 AAAAAAAAENNCAAAA | British, rough conditions see only industrial studies. Central waters would not stimulate all only sums. Engl                                                                                            | Sports                                             | outdoor                                            |            3.38 |             245.57 |   0.06368468371556937
 AAAAAAAAFDODAAAA | Problems show. Most only methods ought to allow twice serious broad markets. Small colleges could attract supposedly enough                                                                              | Sports                                             | outdoor                                            |           42.28 |            8176.35 |    2.1204066608209295
 AAAAAAAAFEAEAAAA | Lakes join                                                                                                                                                                                               | Sports                                             | outdoor                                            |           81.07 |            5885.87 |    1.5264070095734752
 AAAAAAAAFIDDAAAA | Developments ought to shout rare, green projects. Patient, northern patients cause as rarely different reasons; progressive, differ                                                                      | Sports                                             | outdoor                                            |            1.62 |            3728.85 |    0.9670180920829127
 AAAAAAAAFJLDAAAA | Miles compensate more everyday, labour styles. Traditional, cheap powers can use in a colours. Local types gener                                                                                         | Sports                                             | outdoor                                            |            0.71 |            2537.28 |    0.6580033159499934
 AAAAAAAAGDJBAAAA | Suspicious, easy employees reduce probably important, young buildings. Hundreds contain                                                                                                                  | Sports                                             | outdoor                                            |           46.72 |            2554.32 |    0.6624223696231347
 AAAAAAAAGDODAAAA | Now short languages keep as. Days would not assist nearly then certain arms. Just notable elections must provide english, political companies; normal, rel                                               | Sports                                             | outdoor                                            |            9.06 | 1917.3000000000002 |    0.4972213384691175
 AAAAAAAAGEHAAAAA | Yet likely levels achieve now internal minutes. Possible stories borrow general, additional costs. Main practices discuss however women. Never military women would join typically gen                   | Sports                                             | outdoor                                            |            9.74 |            1202.04 |     0.311730004534198
 AAAAAAAAGEJAAAAA | Spare buildings break then famous, wonderful games. Levels stay very central, present procedures. Likely, sudden lectures can                                                                            | Sports                                             | outdoor                                            |            7.34 |  5989.400000000001 |    1.5532558726474375
 AAAAAAAAGFKCAAAA | Pleasant, actual records refer tomorrow in a males. Changes see patients. Drugs ought to notice further                                                                                                  | Sports                                             | outdoor                                            |            0.87 |            1335.71 |   0.34639519845959676
 AAAAAAAAGKLBAAAA | Cases ask by a areas; then common movies should not breathe average women. Much single birds will accept into a facilities. Even deaf drawings used to grant. Generous, ordinary c                       | Sports                                             | outdoor                                            |             2.7 |  5471.870000000001 |    1.4190426773739164
 AAAAAAAAGKNDAAAA | Absent, new agencies would not produce in a names. Quickly friendly wings remember previous times. Times shall care obvious hundreds. Net groups may not rest right pupils. Tiny, sweet costs aff        | Sports                                             | outdoor                                            |            6.51 |           12472.24 |    3.2344775812382336
 AAAAAAAAGOMCAAAA | Rather traditional answers ought to see equal directors. Projects furnish all successful,                                                                                                                | Sports                                             | outdoor                                            |            2.03 |           16437.79 |     4.262880063252633
 AAAAAAAAGPFAAAAA | Only basic days must                                                                                                                                                                                     | Sports                                             | outdoor                                            |               8 |           10741.73 |     2.785697265985434
 AAAAAAAAHFJBAAAA | Centrally liberal women write at least final, mature workers. Never rare miles used to go less social flights. Local hands must not w                                                                    | Sports                                             | outdoor                                            |            1.25 |            3176.29 |    0.8237204220341485
 AAAAAAAAHJECAAAA | Then evolutionary questions mean with a systems. Main, full nights will seem today heavy days; almost automatic standards could dispel at least corresponding national contributions; instruments m      | Sports                                             | outdoor                                            |            6.58 |            1756.03 |   0.45539852239708145
 AAAAAAAAHNGCAAAA | Thoughts create to                                                                                                                                                                                       | Sports                                             | outdoor                                            |            5.17 |            3285.41 |    0.8520189629269406
 AAAAAAAAHODBAAAA | Comprehensive cat                                                                                                                                                                                        | Sports                                             | outdoor                                            |            8.24 |              22.88 |  0.005933565025907999
 AAAAAAAAIABBAAAA | European owners used to wreck essential, little actions. Actually early police afford away financial theories. New,                                                                                      | Sports                                             | outdoor                                            |            1.78 |            5714.24 |     1.481897491855093
 AAAAAAAAIACAAAAA | Old studies would learn overnight main, religious rules; ugly, delighted forms supply as possible rules. Labour, elde                                                                                    | Sports                                             | outdoor                                            |            4.33 |           28201.64 |     7.313647936068534
 AAAAAAAAIAGAAAAA | Possible                                                                                                                                                                                                 | Sports                                             | outdoor                                            |            4.99 |            2112.88 |    0.5479419087386579
 AAAAAAAAIEHAAAAA | Rapid levels arrange better. Low, simple possibilities should not lead c                                                                                                                                 | Sports                                             | outdoor                                            |            2.57 | 1496.1100000000001 |    0.3879923938335322
 AAAAAAAAIFHAAAAA | Independent drinks may go already. Demands m                                                                                                                                                             | Sports                                             | outdoor                                            |            3.66 |            6813.34 |    1.7669316404554198
 AAAAAAAAIKKDAAAA | Long great boys must calculate schemes. Groups may come about the words. Years can understand really brief magazines. Requirem                                                                           | Sports                                             | outdoor                                            |            9.39 |             613.29 |   0.15904703211272364
 AAAAAAAAILLCAAAA | More similar libraries reflect in a copies. Other, sexual terms may not alter only up to a situations; happy, new supporters shall happen scottish principles; pp. would appoint date                    | Sports                                             | outdoor                                            |           87.38 |  7394.379999999999 |    1.9176151466902789
 AAAAAAAAIMCEAAAA | Either european findings must put before middle official years. Important materials will not constrain women. British colleagues arrive during                                                           | Sports                                             | outdoor                                            |            8.63 |            1405.38 |    0.3644630076971409
 AAAAAAAAIPACAAAA | Christian moves make very at last tall members. Acceptable relationships exist in a rates. Left others will not ask just in the collections; empty, great years determine fun aut                        | Sports                                             | outdoor                                            |            0.16 | 3622.3599999999997 |     0.939401599967137
 AAAAAAAAIPOBAAAA | Very welsh things shall get. Blue farmers would show apparently for the buses. Limited groups used to close always clear talks; eyes might not                                                           | Sports                                             | outdoor                                            |            1.52 |            7353.68 |    1.9070602473653469
 AAAAAAAAJDHDAAAA | Years continue deposits. Basic prizes lose almost a                                                                                                                                                      | Sports                                             | outdoor                                            |            2.74 |            8911.29 |    2.3110016905473647
 AAAAAAAAJIGCAAAA | New, important numbers fall. Properly small products can give natural, working cases. Other, long things ask now. Real groups could form as interesting, high shops. Other, d                            | Sports                                             | outdoor                                            |           83.21 |  4211.719999999999 |    1.0922427662114176
 AAAAAAAAJPKAAAAA | Pp.                                                                                                                                                                                                      | Sports                                             | outdoor                                            |            0.58 |            2639.41 |    0.6844891112339088
 AAAAAAAAKAJBAAAA | Administrative, obvious ideas deal short various, only measures. Young honours happen then on the ears. Lines cannot write for a woods. Strategic police us                                              | Sports                                             | outdoor                                            |            9.54 |            4637.24 |    1.2025946276547905
 AAAAAAAAKCGEAAAA | At a                                                                                                                                                                                                     | Sports                                             | outdoor                                            |            0.63 |            9721.29 |    2.5210623405030237
 AAAAAAAAKFLAAAAA | Unlikely employees rely due, other flats; practical, magnetic depths choose most long-term, fu                                                                                                           | Sports                                             | outdoor                                            |            2.18 |             856.91 |   0.22222601426358493
 AAAAAAAAKIBDAAAA | Characters come                                                                                                                                                                                          | Sports                                             | outdoor                                            |            0.95 |            8773.07 |    2.2751565263043134
 AAAAAAAAKKPCAAAA | Working, high assets sink commercial, pale cars. Huge purposes ought to talk. Boxes cease attractive parameters;                                                                                         | Sports                                             | outdoor                                            |            0.12 | 10660.960000000001 |      2.76475084784109
 AAAAAAAAKPDAAAAA | Suddenly cultural models vote then for example reasonable techniques. Broken, european books summ                                                                                                        | Sports                                             | outdoor                                            |            5.17 |            8505.26 |    2.2057042514097147
 AAAAAAAALKHAAAAA | Hard eyes ought to make very various boots. Small, aware weeks may say always yet other laws. Special companies count more warm models. Alternat                                                         | Sports                                             | outdoor                                            |            3.48 |  8466.949999999999 |    2.1957691606692187
 AAAAAAAALMBBAAAA | Prices leave later early shares; alone, brave men should forget only services. Front, long liabilities must not make much low essential appeals. Americans follow there necessary, chri                  | Sports                                             | outdoor                                            |            0.12 |  7132.219999999999 |    1.8496281096626548
 AAAAAAAALPCDAAAA | Now british bishops could not signal with the reactions. Still odd forces ask then managers. Long, technical databases could know in addition. Available, international boys should appear most. Impo    | Sports                                             | outdoor                                            |            3.64 |            3938.89 |    1.0214886339553653
 AAAAAAAAMCDDAAAA | Long, middle-class countries cannot receive. Crucial, black scores ought to pro                                                                                                                          | Sports                                             | outdoor                                            |            4.06 |              931.4 |   0.24154381403543315
 AAAAAAAAMFEBAAAA | Orthodox, dead st                                                                                                                                                                                        | Sports                                             | outdoor                                            |            77.6 |            8460.93 |    2.1942079691720178
 AAAAAAAAMGICAAAA | Technical, right things look far. Drugs may purchase ill; upwards chemical successes provide voluntary, large patients; young, fre                                                                       | Sports                                             | outdoor                                            |            2.76 |  4212.299999999999 |    1.0923931800101512
 AAAAAAAAMMMCAAAA | Expecta                                                                                                                                                                                                  | Sports                                             | outdoor                                            |            7.34 |            8302.21 |    2.1530464551461383
 AAAAAAAANBCAAAAA | Today small discussions go over most red floors. Towns might coinc                                                                                                                                       | Sports                                             | outdoor                                            |            5.99 | 1848.5800000000002 |    0.4793998966605337
 AAAAAAAANJNCAAAA | Entire companies could not drink then rightly other men. Angry, wooden problems stick also p                                                                                                             | Sports                                             | outdoor                                            |            5.68 |            1060.84 |   0.27511202456661893
 AAAAAAAANOABAAAA | Annual, numerous principles fly philosophical feet. As general effects may giv                                                                                                                           | Sports                                             | outdoor                                            |            7.98 |            5521.86 |    1.4320067908199452
 AAAAAAAAOADAAAAA | Softly small centres should give more months; available, happy changes may not consider exercises. Economic titles get entirely courts; reasons see more how                                             | Sports                                             | outdoor                                            |             6.4 |            5674.48 |    1.4715863666177633
 AAAAAAAAOKLDAAAA | Objectives use little, general shops. Wonderful, afraid eyes appear good books; new articles will not keep quickly spirits. Clean seconds seem reports. Eyes w                                           | Sports                                             | outdoor                                            |            5.31 |             4560.1 |     1.182589592423211
 AAAAAAAAABAEAAAA | Also central children go most pa                                                                                                                                                                         | Sports                                             | pools                                              |            2.76 |            8574.93 |     3.296789865473728
 AAAAAAAAADCAAAAA | Recent, serious r                                                                                                                                                                                        | Sports                                             | pools                                              |            4.17 |            1400.15 |    0.5383134707972007
 AAAAAAAAAKLCAAAA | Strange, northern clothes look shops. Naval, strategic organizations mean privately agricultural, odd materials. Together                                                                                | Sports                                             | pools                                              |            6.65 |            4699.25 |    1.8067132647528803
 AAAAAAAAAKPBAAAA | Subsequent police might face hot, detailed patients. Never full problems hear on a voices.                                                                                                               | Sports                                             | pools                                              |            9.23 |             7696.7 |    2.9591381571151767
 AAAAAAAAALAAAAAA | Years can assess so products. Pleasant, glad members should argue always on a prices; electoral goods find economic minerals. The                                                                        | Sports                                             | pools                                              |            4.86 |            6270.41 |    2.4107746815851696
 AAAAAAAAAMNAAAAA | Northern books could claim maybe essential dreams. Local, critical papers may keep by the personnel. Largely successful procedures disturb. Clear, central units claim inc                               | Sports                                             | pools                                              |            2.24 |           15285.34 |     5.876730655797796
 AAAAAAAAAOKBAAAA | Round events could merge on a men. Willing months imagine magic, necessary proportions. Scottish, famous keys look just partially early possibilities. Now practical questions begin more. Different     | Sports                                             | pools                                              |            9.14 |  4698.530000000001 |     1.806436447484035
 AAAAAAAACABEAAAA | Neatly british debts ought to fall changes. Academic, assistant copies confuse near far active efforts; ot                                                                                               | Sports                                             | pools                                              |             3.9 |            4074.42 |    1.5664858562907764
 AAAAAAAACBDEAAAA | Constantly statutory                                                                                                                                                                                     | Sports                                             | pools                                              |            3.76 |            2480.16 |    0.9535432187496949
 AAAAAAAACCEAAAAA | Facilities may experience quite organisations. Really fundamental areas watch perfectly only real types. Rumours must find total costs. Unique, alternative years establi                                | Sports                                             | pools                                              |           17.78 |            5541.55 |     2.130551022459185
 AAAAAAAACLOCAAAA | Beneficial, inc mechanisms used to use mor                                                                                                                                                               | Sports                                             | pools                                              |             3.4 |            4158.88 |     1.598958059800066
 AAAAAAAADIIAAAAA | Of course extended workers cook shortly travellers; hard independent plants could come. Free, fundamental devices gather very drawings. Real, cer                                                        | Sports                                             | pools                                              |            6.91 | 3193.4699999999993 |    1.2277883938054752
 AAAAAAAADMLCAAAA | Horses gauge exact, only shares. Able, smooth prices may not live as still tiny questions. Legal accounts shall find dead genuinely apparent thousands. Much good parts could damage just i              | Sports                                             | pools                                              |            3.82 |             926.74 |    0.3563022718470148
 AAAAAAAAECHBAAAA | Informal events work all at a women. Almost new inhabitants report somewhat stars; available, human communities defend aspects. Roots see domestic, social others; eager, str                            | Sports                                             | pools                                              |            2.09 |           18512.68 |     7.117540995291877
 AAAAAAAAEEACAAAA | Olympic, special levels can avoid slightly other police. Sites shall begin                                                                                                                               | Sports                                             | pools                                              |            8.64 |           10411.73 |     4.002981475772837
 AAAAAAAAELDCAAAA | Auditors lick long, financial police. Years care remains. Welsh, opposite quantities must provide both outdoor affairs. Teeth appear visibly other, similar changes. Often indu                          | Sports                                             | pools                                              |            4.26 |            1493.46 |    0.5741882199027157
 AAAAAAAAEMIBAAAA | Parents should hear more with a states. Windows note much dead vehicles. Things may see again as dependent minutes. Areas will                                                                           | Sports                                             | pools                                              |            3.68 |  9850.830000000002 |    3.7873331339736387
 AAAAAAAAEOOCAAAA | Courses may not reflect so. Terms shall not use t                                                                                                                                                        | Sports                                             | pools                                              |            4.54 |           11186.96 |     4.301032935949329
 AAAAAAAAEPJAAAAA | Efforts make about early demands. Initial communities might not prove really possible rates; arrangements could make as scenes. Signs bother va                                                          | Sports                                             | pools                                              |            0.65 | 3255.3600000000006 |    1.2515831448733177
 AAAAAAAAFJCDAAAA | Democratic, linguistic weapons submit proposals. Electoral words characterize into the things; revolutionary boats mu                                                                                    | Sports                                             | pools                                              |            0.95 |            4286.84 |     1.648154639968769
 AAAAAAAAFPIDAAAA | Even mental times could form just common sure things. African points question in a types; national things shall abandon then again                                                                       | Sports                                             | pools                                              |            4.25 | 2007.1200000000003 |    0.7716742731182213
 AAAAAAAAGMIAAAAA | Elements can try agreements. Social, different kinds must lie much cells. Previous actions should say. Strong, concerned arrangements find only; separate, absolute patients hide                        | Sports                                             | pools                                              |            65.4 | 11254.689999999999 |      4.32707298264225
 AAAAAAAAHHBBAAAA | Recently live                                                                                                                                                                                            | Sports                                             | pools                                              |            1.04 | 10459.150000000001 |     4.021212968673744
 AAAAAAAAIDJAAAAA | Men cannot back alternative workshops. Cases should make much in a shares; however old cha                                                                                                               | Sports                                             | pools                                              |            7.95 | 3637.5699999999997 |     1.398530823103077
 AAAAAAAAIIFCAAAA | Bad, concerned families support vocational students. Legal courses help feet. International troops would take                                                                                            | Sports                                             | pools                                              |            1.08 |            3947.72 |    1.5177737063425527
 AAAAAAAAJCGCAAAA | Then conscious states must indicate for example movements. Exactly present buses cann                                                                                                                    | Sports                                             | pools                                              |             4.4 |            1517.98 |    0.5836153857806198
 AAAAAAAAJNIBAAAA | Other, new                                                                                                                                                                                               | Sports                                             | pools                                              |            0.61 | 10765.939999999999 |     4.139164037991939
 AAAAAAAAJOHBAAAA | Religious, romantic services would not fire then harshly nervous factors. Directions could make only normal areas; typical, clear services achieve. Spirits ans                                          | Sports                                             | pools                                              |            4.25 |             2568.4 |     0.987468712920423
 AAAAAAAAKFDBAAAA | Numerous classes will enable politely suddenly formal products. Black, male police shou                                                                                                                  | Sports                                             | pools                                              |            1.45 |            5198.62 |    1.9987052641186613
 AAAAAAAAKHFAAAAA | Spectacular materials get matches; higher poor months learn distinguished colleagues. Honours use birds. Very, combined comments get sw                                                                  | Sports                                             | pools                                              |            4.16 |            4194.93 |     1.612818146663787
 AAAAAAAAKKACAAAA | Usually british spaces ought to share specifically enormous ready rates. Times shall not telephone. Goods will not conduct carefully. Specifie                                                           | Sports                                             | pools                                              |            4.77 |            7693.35 |    2.9578501878781873
 AAAAAAAAKNNCAAAA | Major, rare                                                                                                                                                                                              | Sports                                             | pools                                              |            6.35 |             140.25 |    0.0539216971605238
 AAAAAAAAKPOBAAAA | Tall, young years would not finish thus significant falls. Good, modern others may fly much other areas. Back forms might shock at a things; objectives take however imaginative pages.                  | Sports                                             | pools                                              |            6.88 |            2961.92 |    1.1387647290816303
 AAAAAAAALDBBAAAA | British accidents may not aid findings; financially old workers say very together new frames. Different teachers continue very immediate, individual feet. More old words get often effective,           | Sports                                             | pools                                              |             0.9 |           11382.95 |     4.376384903339639
 AAAAAAAALGLAAAAA | Police come costly premises; countries should reflect of course for a writers. Early styles continue more efficient, emotional workers. Forward difficult bills savour again                             | Sports                                             | pools                                              |            8.18 |            7786.39 |    2.9936211305078855
 AAAAAAAALMIAAAAA | Almost domestic cars launch twice goods. Shops produce most with a paper                                                                                                                                 | Sports                                             | pools                                              |             1.4 |             745.58 |     0.286651971258063
 AAAAAAAAMPACAAAA | Rapidly thick times used to ignore highly with a students                                                                                                                                                | Sports                                             | pools                                              |            1.96 |            5912.74 |     2.273261858601893
 AAAAAAAANOGBAAAA | Average parents used to go quickly subject shadows. Slow leader                                                                                                                                          | Sports                                             | pools                                              |            3.15 |             123.08 |  0.047320374235417254
 AAAAAAAAOBCAAAAA | Almost used positions ought to go for a difficulties. Golden symptoms know; other, brief creditors get ever. Ready, great movements shall restore extremely to                                           | Sports                                             | pools                                              |            9.99 |             644.76 |    0.2478898642511182
 AAAAAAAAOHDCAAAA | Other, recent islands remove adequate countries. Plans get even clea                                                                                                                                     | Sports                                             | pools                                              |            2.29 |  9591.720000000001 |    3.6877135193478745
 AAAAAAAAONNBAAAA | Forward acute societies might provide white, american rumours. Also royal words discuss winners. E                                                                                                       | Sports                                             | pools                                              |             8.9 |            5674.36 |    2.1816122745083053
 AAAAAAAAOPHCAAAA | General, american names would remain. Major girls include minutes. Quite heavy insects know too                                                                                                          | Sports                                             | pools                                              |           53.54 |           23891.77 |     9.185631276783514
 AAAAAAAAAACAAAAA | Important symbols can think against a environments; usually important groups get solely samples; labour, special conditions must possess forward modern interes                                          | Sports                                             | sailing                                            |            0.43 | 3807.6200000000003 |    1.0123445780998497
 AAAAAAAAAIACAAAA | Much subsequent qualificatio                                                                                                                                                                             | Sports                                             | sailing                                            |            4.86 |            5474.86 |    1.4556192153775174
 AAAAAAAAAKABAAAA | Considerable differences direct more eyes; events make opportunities. Always real laws should illustrate above unlikely, intellectual companies. Holes would appeal                                      | Sports                                             | sailing                                            |           15.15 |           13683.65 |    3.6381174818169897
 AAAAAAAABBEBAAAA | Ready, small events go just in a machines. Mostly only ideas will accomplish always. Powerful women leave there misleading, present a                                                                    | Sports                                             | sailing                                            |            2.33 |            2306.95 |    0.6133564600583692
 AAAAAAAABCBDAAAA | National, other days must issue furthermore level manuf                                                                                                                                                  | Sports                                             | sailing                                            |            1.14 |            7492.43 |    1.9920372535317747
 AAAAAAAACBPBAAAA | Crude words market soon w                                                                                                                                                                                | Sports                                             | sailing                                            |           61.28 | 13738.949999999999 |     3.652820276520485
 AAAAAAAACDBCAAAA | Likely members recognize enough in a prices; interviews make times. As well substantial fact                                                                                                             | Sports                                             | sailing                                            |            2.43 |           12722.16 |    3.3824829415011957
 AAAAAAAACDGCAAAA | Also quiet countries make deeply economic jobs. Metropolitan interests get below by a marks. Badly olympic steps should solve almost. Vertical fingers take just right, due advantages. In               | Sports                                             | sailing                                            |            4.37 |              884.8 |    0.2352447152559202
 AAAAAAAACIIBAAAA | Available children take. At last married girls meet; limited products negotiate predominantly partial, english clothes. Small countries may examine most f                                               | Sports                                             | sailing                                            |           19.43 |            5716.23 |    1.5197930590951048
 AAAAAAAACILBAAAA | More obvious strengths use most impatiently left initiatives. Also asleep books lead over a things. Troops rethink                                                                                       | Sports                                             | sailing                                            |            2.21 |            2242.86 |    0.5963166388549878
 AAAAAAAACJJAAAAA | Rigid, heavy                                                                                                                                                                                             | Sports                                             | sailing                                            |            0.57 |               2836 |    0.7540167410327642
 AAAAAAAACKBEAAAA | Aware sorts stretch indicators. Middle, golden applications use. Villages should turn qu                                                                                                                 | Sports                                             | sailing                                            |           39.32 |            7620.24 |    2.0260185228094185
 AAAAAAAACKODAAAA | Then impressive disciplines slip far. British associations could agree besides. Local, retail hundreds join                                                                                              | Sports                                             | sailing                                            |            3.56 |            5449.32 |    1.4488288107350713
 AAAAAAAACMLAAAAA | Rather vast kids stop other, conventional customers. Interesting parties will not pull also weak investors. So large years remember shortly confident, considerable councils;                            | Sports                                             | sailing                                            |            0.27 |            9033.74 |     2.401830463377053
 AAAAAAAACOPBAAAA | Associated, broad subjects must present a lot lonely applications. Major te                                                                                                                              | Sports                                             | sailing                                            |            1.45 |           13370.65 |     3.554899132048564
 AAAAAAAACPCDAAAA | Carefully strange terms should not find nowhere now happy fears. Easily convenient thanks ought to fly growing ears; elected, soft jews fo                                                               | Sports                                             | sailing                                            |            5.78 |           13845.58 |    3.6811703488393577
 AAAAAAAACPFDAAAA | Still involved levels would make perhaps peculiar influences. Horizontal, emotional recommendations enjoy perhaps. National, public doors will point anywhere loc                                        | Sports                                             | sailing                                            |            9.39 |             2967.6 |     0.789005670200575
 AAAAAAAAEBBBAAAA | Little, different years may contact. Tropical, whole holders should get so needs; thus dirty moments su                                                                                                  | Sports                                             | sailing                                            |            3.57 |            7156.75 |    1.9027888968216624
 AAAAAAAAEHIBAAAA | Internal, natural charts transfer probably pages. Moving dates play dead relationships. Resulting carers could make new neighbours. Please various c                                                     | Sports                                             | sailing                                            |            0.29 |            2675.66 |    0.7113866125922869
 AAAAAAAAENIAAAAA | White lengths wish; new wounds go however sole children. Prepared periods sell brief parents. New duties see wrong books. Domestic, accessible villages support much; places                             | Sports                                             | sailing                                            |               6 |             439.58 |   0.11687259486007844
 AAAAAAAAEOEBAAAA | Profits fall previously careers. Terms miss never upper, physical figures. Hot purposes start agents. Even democ                                                                                         | Sports                                             | sailing                                            |            0.91 |            6717.03 |    1.7858790796965118
 AAAAAAAAEOEDAAAA | Private, presidential activities will not achieve for a days; economic, thinking areas might not help more for the payments. Almost unlikely thousands mus                                               | Sports                                             | sailing                                            |            0.74 |           11953.99 |    3.1782470317835867
 AAAAAAAAGMEDAAAA | Pleased, inadequate results must                                                                                                                                                                         | Sports                                             | sailing                                            |            4.65 |            6687.34 |    1.7779853007679989
 AAAAAAAAHLKDAAAA | Years face. Together equal measures might see pensioners. Crazy movements bring so sure, minimum directions. Losses may not hide; facilities                                                             | Sports                                             | sailing                                            |            9.66 |  5450.290000000001 |     1.449086707857357
 AAAAAAAAHMHCAAAA | Fit, contemporary proceedings keep developments. Careful methods rec                                                                                                                                     | Sports                                             | sailing                                            |            8.22 |            2835.27 |    0.7538226535077451
 AAAAAAAAIBGEAAAA | Key police should not stand yesterday asleep, solid interpretations. Scottish women defend difficulties. Comfortable trusts join; enough fundamental minutes migh                                        | Sports                                             | sailing                                            |            9.64 |            9914.12 |     2.635900018549982
 AAAAAAAAICGDAAAA | Neat, little features find transaction                                                                                                                                                                   | Sports                                             | sailing                                            |             0.9 |             636.55 |   0.16924166308335895
 AAAAAAAAIDBEAAAA | Temporary countries would support of course on the leaders. Immediate, delicious                                                                                                                         | Sports                                             | sailing                                            |            3.73 |             8454.2 |    2.2477462383777134
 AAAAAAAAIIBCAAAA | Charges buy. Persistent, existing wages keep extremely stages; right parts should not keep then. Tru                                                                                                     | Sports                                             | sailing                                            |             4.5 | 1718.8400000000001 |    0.4569937006899705
 AAAAAAAAIJLDAAAA | Properly massive readers see awful signals. Bold waters stop therefore most g                                                                                                                            | Sports                                             | sailing                                            |            3.52 |            3486.55 |     0.926980630623337
 AAAAAAAAIKABAAAA | Actions think then. Emoti                                                                                                                                                                                | Sports                                             | sailing                                            |            6.66 |           19475.98 |     5.178143500712022
 AAAAAAAAINKBAAAA | Heavily other incidents confirm processe                                                                                                                                                                 | Sports                                             | sailing                                            |            0.66 |            3142.61 |    0.8355361602739686
 AAAAAAAAIPNBAAAA | Western doctors will change by a researchers. Independent                                                                                                                                                | Sports                                             | sailing                                            |            1.46 |            2779.65 |    0.7390347793412281
 AAAAAAAAJFDCAAAA | Remarkable, impossible women write a                                                                                                                                                                     | Sports                                             | sailing                                            |            6.91 |            8508.91 |    2.2622921678212613
 AAAAAAAAJHJAAAAA | Years might develop special                                                                                                                                                                              | Sports                                             | sailing                                            |           95.43 |               1196 |   0.31798449304484694
 AAAAAAAAJHPAAAAA | British, obvious forces could reach high things. So faint interests appeal also. Civil, happy affairs get however. Popular, pleased railways know cleverly nice payments. Consumers know                 | Sports                                             | sailing                                            |             8.7 |           12972.98 |    3.4491692881111526
 AAAAAAAAJKGAAAAA | Thin eyes make. Ways ought to combat. Articles see as smal                                                                                                                                               | Sports                                             | sailing                                            |            8.87 |             4231.1 |    1.1249366124766322
 AAAAAAAAKEADAAAA | Governors cannot recognise undoubtedly. Western personnel ring labour, recent representatives; decades think. Well alone departments would win earlier studies. Awf                                      | Sports                                             | sailing                                            |            4.75 |            2881.08 |     0.766002310385993
 AAAAAAAAKGADAAAA | Increasin                                                                                                                                                                                                | Sports                                             | sailing                                            |            0.09 |  7115.139999999999 |    1.8917259078955788
 AAAAAAAAKLEDAAAA | Well dark considerations preserve major, diff                                                                                                                                                            | Sports                                             | sailing                                            |            7.74 | 20069.129999999994 |     5.335846261623016
 AAAAAAAAKOFAAAAA | As fine musicians convey only then national criticisms; effective ears may become again happy years. Also short adults may help.                                                                         | Sports                                             | sailing                                            |            1.96 |             256.68 |   0.06824436427654791
 AAAAAAAAKPAAAAAA | Glad ways make perhaps good, british men; consistent, great genes should mind even quietly other wheels. Total parties tolerate children. Successful contracts believe privately in a p                  | Sports                                             | sailing                                            |             6.6 |            2624.56 |    0.6978004858409561
 AAAAAAAAKPDDAAAA | Changes will think very comfortable passengers. Substantial cultures see over a americans. I                                                                                                             | Sports                                             | sailing                                            |             2.1 |            1169.61 |   0.31096809607874865
 AAAAAAAALJODAAAA | Companies inspect parents; very final ties preserve to a chips. Voices would oblige to a issues; international, new children should think far male schools. Likely,                                      | Sports                                             | sailing                                            |            3.62 |             4522.1 |     1.202305749162293
 AAAAAAAAMGNAAAAA | As well ger                                                                                                                                                                                              | Sports                                             | sailing                                            |            0.66 |           12301.98 |    3.2707682890868277
 AAAAAAAAMMMBAAAA | Adult, good secrets iron indeed. Computers demand now for the women. Other, major yards mean sometimes white moments. Small, local contexts try executive eyes. Prime, final goals might not allow u     | Sports                                             | sailing                                            |            4.01 |            2509.37 |    0.6671745378862438
 AAAAAAAAMPEDAAAA | Growing, old groups shall try soon legal studies. Here open activities must not include re                                                                                                               | Sports                                             | sailing                                            |           28.02 |             1375.4 |   0.36568216700157397
 AAAAAAAANBPCAAAA | Big, large hotels would release families; very good persons might result little ears. Almost new miles give things                                                                                       | Sports                                             | sailing                                            |            6.27 |            1042.02 |    0.2770453189319326
 AAAAAAAAOBFDAAAA | That is to say common payments can drive widely thoughts. Employees love proposals; methods should s                                                                                                     | Sports                                             | sailing                                            |            0.74 |           14482.43 |    3.8504917739192996
 AAAAAAAAOBMCAAAA | Central classes may go; numerous, scottish demands protect rarely documents. Never pink forces prove together as a games. Ordinary, public friends ought to resc                                         | Sports                                             | sailing                                            |            4.75 |            5492.89 |     1.460412911372165
 AAAAAAAAOCPBAAAA | Organic functions kill as on a                                                                                                                                                                           | Sports                                             | sailing                                            |            1.14 | 15262.630000000001 |     4.057926139699893
 AAAAAAAAOEIDAAAA | Special districts finance; empty, big students                                                                                                                                                           | Sports                                             | sailing                                            |            5.73 |            7930.53 |     2.108516355875376
 AAAAAAAAOKJCAAAA | Now new patients see slightly for example east                                                                                                                                                           | Sports                                             | sailing                                            |            4.46 |           20010.17 |     5.320170370561208
 AAAAAAAAONIDAAAA | Publishers expect exactly costly                                                                                                                                                                         | Sports                                             | sailing                                            |            2.34 |              176.4 |   0.04690005399089548
 AAAAAAAAOOKCAAAA | Generally personal speakers might list. Accidentally economic studies should appoint similar proceedings. Economic servants should make spectacular in                                                   | Sports                                             | sailing                                            |            3.56 |             5475.2 |    1.4557096123069782
 AAAAAAAAOPODAAAA | Modern numbers must work with a patterns.                                                                                                                                                                | Sports                                             | sailing                                            |            9.09 |            4742.05 |    1.2607845863238432
 AAAAAAAAPEGDAAAA | Concrete reports might not wake only by a words. Odd, full circ                                                                                                                                          | Sports                                             | sailing                                            |            3.69 |            3052.56 |    0.8115942676329247
 AAAAAAAAADDCAAAA | Parliamentary, industrial details would ask among the circums                                                                                                                                            | Sports                                             | tennis                                             |            6.18 | 4952.8099999999995 |     2.056499733076606
 AAAAAAAABADDAAAA | Never dead fields may live therefore significant parts. Important, religious hands might lead well for example relevant ships. Parts treat at the products; dark at                                      | Sports                                             | tennis                                             |            9.49 |             296.04 |   0.12292136806782385
 AAAAAAAABLMBAAAA | Local troops can render overseas foreign, social variables. Free sessions refuse even. Already sufficient findings behave by the demands; implications would de                                          | Sports                                             | tennis                                             |            0.24 |            4420.18 |    1.8353417534996406
 AAAAAAAABMJAAAAA | Broken, alive objectives can press most communi                                                                                                                                                          | Sports                                             | tennis                                             |            5.29 |            4926.29 |    2.0454881309918926
 AAAAAAAABOABAAAA | Personal, occupational losses must threaten directly other reports. British reasons can bring eggs. More personal applications would not come distinctly. Downwards                                      | Sports                                             | tennis                                             |            3.33 |  8347.119999999999 |      3.46588099522461
 AAAAAAAACNEDAAAA | Now unlikely voices suppose. As visual provisions use with the entries; more social things see fair clearly dramatic rules. Here light services                                                          | Sports                                             | tennis                                             |            3.42 |            3231.62 |    1.3418293185898555
 AAAAAAAACPFEAAAA | Members prove therefore streets. Cuts shall kick quickly prisons; days would discuss. Young, modern cells would smile finally ha                                                                         | Sports                                             | tennis                                             |            3.66 | 10419.720000000001 |      4.32646344170945
 AAAAAAAADLJCAAAA | Finally able residents provide. Red things can count now passive wives; markets forget so too different relations; yet ordinary passenger                                                                | Sports                                             | tennis                                             |            0.24 |  882.6999999999999 |   0.36651361840787766
 AAAAAAAAEAABAAAA | Towns pay with a years. Both rough companies rotate just fields. For example conventi                                                                                                                    | Sports                                             | tennis                                             |             4.9 | 3450.3199999999997 |    1.4326376660984121
 AAAAAAAAEBLBAAAA | External governments will look to the hands. Then political organisations grasp. Foreign foods breathe far local, typical scores; main, small letters must live. Inc lette                               | Sports                                             | tennis                                             |            2.87 | 2369.8199999999997 |    0.9839937727148029
 AAAAAAAAEDFCAAAA | Usual gods must cut together temporary, continuing classes; hearts clean. Quite regional scientists go normal, mental years. Anywhere radical personnel would not put then for                           | Sports                                             | tennis                                             |            4.96 |             3748.6 |    1.5564891242367398
 AAAAAAAAEIBAAAAA | Other months used to serve consistent, unique prices. Nearly impossible contexts can use simply. Other ways shall refer often ordinary writers. Welcome, us                                              | Sports                                             | tennis                                             |            1.81 |  5661.110000000001 |     2.350599195995265
 AAAAAAAAEONBAAAA | Well large women shall not provide else probably good procedures. Much weekly pictures may stay only useful chinese vehicles. Years should not wait. L                                                   | Sports                                             | tennis                                             |            0.53 |            3882.66 |    1.6121533540812623
 AAAAAAAAEPGBAAAA | Other, normal odds can help far clever circumstances. Previously nice points can make always in a men. Controls can shoot; trees could not supply feelings. For example dead                             | Sports                                             | tennis                                             |            3.99 |            9225.09 |     3.830430628796112
 AAAAAAAAFEBDAAAA | Heels ought to close both badly back benefits. Anyway real schools could know. International applications can                                                                                            | Sports                                             | tennis                                             |            8.09 |             202.52 |   0.08409010762429295
 AAAAAAAAFIJAAAAA | Universities will roll neighbours. Changes may not look anywhere forward leading rates; very necessary wages know away such as a characteristics. Just other experi                                      | Sports                                             | tennis                                             |            5.21 |  4445.450000000001 |     1.845834332107511
 AAAAAAAAFNBDAAAA | White relationships ought to help also already important yards. Competitive me                                                                                                                           | Sports                                             | tennis                                             |            5.73 |            8594.57 |      3.56862688270057
 AAAAAAAAFOJAAAAA | Future features shall receive in a feelings. General, level a                                                                                                                                            | Sports                                             | tennis                                             |            8.89 |             384.75 |   0.15975542617246055
 AAAAAAAAGCHBAAAA | Artists will hope; lists produce rarely other reasons. Forever only features may accelerate less in o                                                                                                    | Sports                                             | tennis                                             |            1.45 |              99.54 |   0.04133087750800968
 AAAAAAAAGCLBAAAA | Other conditions used to find more clinical, complete problems. Favorite situations ought to work newly urban, british children. Then statutory committees must grow le                                  | Sports                                             | tennis                                             |            5.35 |             1521.3 |    0.6316723322577368
 AAAAAAAAGLIDAAAA | Tourists campaign in a situations. Then whole women target also answers; conditions spend desperately to a rules. Children keep except a facilities. Complete men know so physical til                   | Sports                                             | tennis                                             |            1.38 | 2026.6299999999999 |    0.8414948391004385
 AAAAAAAAGMCDAAAA | Serious, forward goods can make almost animals; forces used to get only opinions. Now available feet meet mo                                                                                             | Sports                                             | tennis                                             |             1.3 |            4414.73 |    1.8330788111406022
 AAAAAAAAGNBAAAAA | Limited firms must explore however isolated commentato                                                                                                                                                   | Sports                                             | tennis                                             |            7.56 |            4466.07 |    1.8543961433815228
 AAAAAAAAGNMDAAAA | Long, right men shall not halt; low, urban efforts grind yet effects. Days work from a questions. Then outside relatives could bite. Executive expectations co                                           | Sports                                             | tennis                                             |            0.25 |             4512.8 |     1.873799317039844
 AAAAAAAAGOFDAAAA | Still favorable demands may locate on the improvements. Local points study also reports. Medical policies stay even. Easy, separate persons might not help tightly police. Large circumstances           | Sports                                             | tennis                                             |            1.24 |            6939.82 |      2.88154360405501
 AAAAAAAAGPICAAAA | Strong groups enforce. Separate, exotic skills might carry laws; actual, moral techniques must avoid with a procedures. Unexpected                                                                       | Sports                                             | tennis                                             |            2.56 |             1660.6 |    0.6895123085171877
 AAAAAAAAHKKBAAAA | Specific, local visitors refuse significantly good measurements. Fundamental, crucial defences like in order firms. Other, little de                                                                     | Sports                                             | tennis                                             |            3.53 | 3518.6400000000003 |    1.4610054132487762
 AAAAAAAAHLHDAAAA | Living standards use. Reasons leave at least profound, valid years. Key, electrical worlds will not regard then long parts; simple                                                                       | Sports                                             | tennis                                             |            4.78 |            1333.71 |    0.5537814410408638
 AAAAAAAAHNDCAAAA | Independently other tickets may fo                                                                                                                                                                       | Sports                                             | tennis                                             |            4.01 | 2866.7200000000003 |    1.1903159852296714
 AAAAAAAAHOBDAAAA | Contemporary, heavy cases may become accurately boys. Dangerou                                                                                                                                           | Sports                                             | tennis                                             |            7.99 | 4052.3500000000004 |    1.6826118291097352
 AAAAAAAAIADDAAAA | Far, black elections think already consequences. Armed representatives thr                                                                                                                               | Sports                                             | tennis                                             |           17.78 |           12427.89 |     5.160293342103862
 AAAAAAAAIEGEAAAA | Workers used to call in particular.                                                                                                                                                                      | Sports                                             | tennis                                             |            2.24 |             363.63 |   0.15098600550771105
 AAAAAAAAIJCEAAAA | Individuals ought to make workers. Ever increas                                                                                                                                                          | Sports                                             | tennis                                             |             2.8 | 13518.690000000002 |     5.613213988936663
 AAAAAAAAIKDCAAAA | Due high budgets work yet lexical                                                                                                                                                                        | Sports                                             | tennis                                             |            1.61 |            7784.82 |    3.2324034744012846
 AAAAAAAAILDAAAAA | Suitable supporters find slowly only consequences. Nuclear, able drugs must not want still only troops. Violent, top lives pay; extra, heavy t                                                           | Sports                                             | tennis                                             |            3.04 |            7726.68 |    3.2082626544463353
 AAAAAAAAILFBAAAA | Drawings can distinguish even special, level things. Buyers see softly rich, typical police. Minutes                                                                                                     | Sports                                             | tennis                                             |            2.34 |             344.01 |    0.1428394130151739
 AAAAAAAAIOECAAAA | Tory, general sections sit further good, living tasks. Important, male banks remai                                                                                                                       | Sports                                             | tennis                                             |            6.58 |            5886.74 |    2.4442850096594424
 AAAAAAAAJHGDAAAA | Far major losses shall prove items. Dramatic, weekly officers may not assign much; more moving measures mind equally. British soldiers shout for the things. Impossible                                  | Sports                                             | tennis                                             |            0.78 |            2272.06 |    0.9434019846378187
 AAAAAAAAJJBAAAAA | Regional pr                                                                                                                                                                                              | Sports                                             | tennis                                             |           55.68 |            1898.74 |    0.7883925091376159
 AAAAAAAAKHJAAAAA | Gastric, english makers go almost just fine jobs. Competitive databases take privately single, recent products; full types prove. Today new houses might mind national projects. Only, polite acr        | Sports                                             | tennis                                             |            8.82 |           28013.22 |    11.631615073587772
 AAAAAAAAKLKAAAAA | Arms know namely. Studies would not claim technical co                                                                                                                                                   | Sports                                             | tennis                                             |            8.06 |            7547.97 |    3.1340589060089594
 AAAAAAAALBDBAAAA | Special, underlying cases match recent committees. Previous police pa                                                                                                                                    | Sports                                             | tennis                                             |            2.96 |              87.21 |   0.03621122993242439
 AAAAAAAAMCOAAAAA | Wooden, special nerves attach only ready books. Public final records play now women. Subjective, new agents pay then bright mini                                                                         | Sports                                             | tennis                                             |            4.69 |               4576 |    1.9000411440290566
 AAAAAAAAMMBEAAAA | Hands would grasp to the toys; more royal governments believ                                                                                                                                             | Sports                                             | tennis                                             |            0.61 |             242.06 |   0.10050785824380974
 AAAAAAAAMOFBAAAA | Stairs must get again decent things. Parliamentary, urban troops develop at large. Prev                                                                                                                  | Sports                                             | tennis                                             |            4.11 |            1408.42 |    0.5848024362048522
 AAAAAAAANBLDAAAA | Also obvious thousands give more than. Old clothes must find never genuine, single victims. Before public features would lead only usual economic plans. Things could not                                | Sports                                             | tennis                                             |            3.78 |            1435.96 |    0.5962375614466704
 AAAAAAAANKNBAAAA | Very old universities know else in the eyes. Thoroughly                                                                                                                                                  | Sports                                             | tennis                                             |            8.63 |             204.26 |   0.08481258830405924
 AAAAAAAANOICAAAA | Black, social individuals hear sites; further precise industries thrive above to the residents. Just grand goods will me                                                                                 | Sports                                             | tennis                                             |            4.27 |            3403.83 |    1.4133341449476449
 AAAAAAAANPPAAAAA | Delightful, alone experiences used to encourage literally from a problems. Years adopt. Advanc                                                                                                           | Sports                                             | tennis                                             |            0.73 |             1025.9 |    0.4259729479150807
 AAAAAAAAOBIAAAAA | Hard processes bid with the sounds. Just final dogs need. Other, local members want undoubtedly impressive hands. National, tiny offices see also local words.                                           | Sports                                             | tennis                                             |            3.27 |            11186.1 |     4.644678811456169
 AAAAAAAAOJCBAAAA | Increasingly obvious governments would try good, close figures. Illegal events assume rather right gross words. Great, only experiments hang unlikely, general breasts. Financial membe                  | Sports                                             | tennis                                             |            1.88 |            6051.34 |     2.512630021090208
 AAAAAAAAOMODAAAA | Maybe new countries might tell ever now open parts. Railways must no                                                                                                                                     | Sports                                             | tennis                                             |           57.73 |            5369.71 |    2.2296044430734843
 AAAAAAAAPCIDAAAA | Forces sleep often from a champions; anyway                                                                                                                                                              | Sports                                             | tennis                                             |            5.66 |            1207.37 |    0.5013227001893272
 AAAAAAAAHDCEAAAA |                                                                                                                                                                                                          | Sports                                             |                                                    |                 |           15114.59 |     90.76141979571372
(2524 rows)

UPDATE time_statistics SET e_time = TRANSACTION_TIMESTAMP() WHERE template = '../query_postgresql/query98.tpl' AND stream = 6;
psql:/tmp/s1-basline/throughput/query_6.sql:3067: NOTICE:  duration: 0.100 ms  plan:
Query Text: UPDATE time_statistics SET e_time = TRANSACTION_TIMESTAMP() WHERE template = '../query_postgresql/query98.tpl' AND stream = 6;
Update on time_statistics  (cost=0.00..21.46 rows=0 width=0) (actual time=0.100..0.100 rows=0 loops=1)
  ->  Seq Scan on time_statistics  (cost=0.00..21.46 rows=1 width=14) (actual time=0.085..0.086 rows=1 loops=1)
        Filter: ((template = '../query_postgresql/query98.tpl'::text) AND (stream = 6))
        Rows Removed by Filter: 700
UPDATE 1
LOAD 'auto_explain'; SET auto_explain.log_min_duration TO 0; SET auto_explain.log_analyze TO on; SET auto_explain.log_level TO notice; INSERT INTO time_statistics (template, s_time, stream, query, seed) VALUES ('query62.tpl', TRANSACTION_TIMESTAMP(), 6, 59, 1994090624);
LOAD
SET
SET
SET
psql:/tmp/s1-basline/throughput/query_6.sql:3068: NOTICE:  duration: 0.009 ms  plan:
Query Text: INSERT INTO time_statistics (template, s_time, stream, query, seed) VALUES ('query62.tpl', TRANSACTION_TIMESTAMP(), 6, 59, 1994090624);
Insert on time_statistics  (cost=0.00..0.01 rows=0 width=0) (actual time=0.008..0.009 rows=0 loops=1)
  ->  Result  (cost=0.00..0.01 rows=1 width=64) (actual time=0.001..0.002 rows=1 loops=1)
INSERT 0 1
select  
   substr(w_warehouse_name,1,20)
  ,sm_type
  ,web_name
  ,sum(case when (ws_ship_date_sk - ws_sold_date_sk <= 30 ) then 1 else 0 end)  as "30 days" 
  ,sum(case when (ws_ship_date_sk - ws_sold_date_sk > 30) and 
                 (ws_ship_date_sk - ws_sold_date_sk <= 60) then 1 else 0 end )  as "31-60 days" 
  ,sum(case when (ws_ship_date_sk - ws_sold_date_sk > 60) and 
                 (ws_ship_date_sk - ws_sold_date_sk <= 90) then 1 else 0 end)  as "61-90 days" 
  ,sum(case when (ws_ship_date_sk - ws_sold_date_sk > 90) and
                 (ws_ship_date_sk - ws_sold_date_sk <= 120) then 1 else 0 end)  as "91-120 days" 
  ,sum(case when (ws_ship_date_sk - ws_sold_date_sk  > 120) then 1 else 0 end)  as ">120 days" 
from
   web_sales
  ,warehouse
  ,ship_mode
  ,web_site
  ,date_dim
where
    d_month_seq between 1177 and 1177 + 11
and ws_ship_date_sk   = d_date_sk
and ws_warehouse_sk   = w_warehouse_sk
and ws_ship_mode_sk   = sm_ship_mode_sk
and ws_web_site_sk    = web_site_sk
group by
   substr(w_warehouse_name,1,20)
  ,sm_type
  ,web_name
order by substr(w_warehouse_name,1,20)
        ,sm_type
       ,web_name
limit 100;
psql:/tmp/s1-basline/throughput/query_6.sql:3100: NOTICE:  duration: 210.923 ms  plan:
Query Text: select  
   substr(w_warehouse_name,1,20)
  ,sm_type
  ,web_name
  ,sum(case when (ws_ship_date_sk - ws_sold_date_sk <= 30 ) then 1 else 0 end)  as "30 days" 
  ,sum(case when (ws_ship_date_sk - ws_sold_date_sk > 30) and 
                 (ws_ship_date_sk - ws_sold_date_sk <= 60) then 1 else 0 end )  as "31-60 days" 
  ,sum(case when (ws_ship_date_sk - ws_sold_date_sk > 60) and 
                 (ws_ship_date_sk - ws_sold_date_sk <= 90) then 1 else 0 end)  as "61-90 days" 
  ,sum(case when (ws_ship_date_sk - ws_sold_date_sk > 90) and
                 (ws_ship_date_sk - ws_sold_date_sk <= 120) then 1 else 0 end)  as "91-120 days" 
  ,sum(case when (ws_ship_date_sk - ws_sold_date_sk  > 120) then 1 else 0 end)  as ">120 days" 
from
   web_sales
  ,warehouse
  ,ship_mode
  ,web_site
  ,date_dim
where
    d_month_seq between 1177 and 1177 + 11
and ws_ship_date_sk   = d_date_sk
and ws_warehouse_sk   = w_warehouse_sk
and ws_ship_mode_sk   = sm_ship_mode_sk
and ws_web_site_sk    = web_site_sk
group by
   substr(w_warehouse_name,1,20)
  ,sm_type
  ,web_name
order by substr(w_warehouse_name,1,20)
        ,sm_type
       ,web_name
limit 100;
Limit  (cost=34175.69..34269.82 rows=100 width=110) (actual time=180.317..210.840 rows=100 loops=1)
  ->  Finalize GroupAggregate  (cost=34175.69..34316.88 rows=150 width=110) (actual time=180.316..210.831 rows=100 loops=1)
        Group Key: (substr((warehouse.w_warehouse_name)::text, 1, 20)), ship_mode.sm_type, web_site.web_name
        ->  Gather Merge  (cost=34175.69..34309.01 rows=300 width=110) (actual time=180.125..210.710 rows=301 loops=1)
              Workers Planned: 2
              Workers Launched: 2
              ->  Partial GroupAggregate  (cost=33175.67..33274.36 rows=150 width=110) (actual time=160.876..174.735 rows=134 loops=3)
                    Group Key: (substr((warehouse.w_warehouse_name)::text, 1, 20)), ship_mode.sm_type, web_site.web_name
                    ->  Sort  (cost=33175.67..33179.54 rows=1549 width=86) (actual time=160.715..162.226 rows=33152 loops=3)
                          Sort Key: (substr((warehouse.w_warehouse_name)::text, 1, 20)), ship_mode.sm_type, web_site.web_name
                          Sort Method: quicksort  Memory: 7729kB
                          Worker 0:  Sort Method: quicksort  Memory: 4179kB
                          Worker 1:  Sort Method: quicksort  Memory: 4187kB
                          ->  Hash Join  (cost=2510.67..33093.60 rows=1549 width=86) (actual time=13.478..118.847 rows=39121 loops=3)
                                Hash Cond: (web_sales.ws_web_site_sk = web_site.web_site_sk)
                                ->  Hash Join  (cost=2508.00..33082.40 rows=1549 width=69) (actual time=13.388..107.711 rows=39123 loops=3)
                                      Hash Cond: (web_sales.ws_ship_mode_sk = ship_mode.sm_ship_mode_sk)
                                      ->  Hash Join  (cost=2506.55..33076.03 rows=1549 width=46) (actual time=13.349..101.738 rows=39125 loops=3)
                                            Hash Cond: (web_sales.ws_warehouse_sk = warehouse.w_warehouse_sk)
                                            ->  Hash Join  (cost=2505.43..33067.40 rows=1549 width=40) (actual time=13.324..95.117 rows=39132 loops=3)
                                                  Hash Cond: (web_sales.ws_ship_date_sk = date_dim.d_date_sk)
                                                  ->  Parallel Seq Scan on web_sales  (cost=0.00..29771.63 rows=301063 width=40) (actual time=0.015..45.161 rows=237185 loops=3)
                                                  ->  Hash  (cost=2500.73..2500.73 rows=376 width=8) (actual time=13.279..13.280 rows=365 loops=3)
                                                        Buckets: 1024  Batches: 1  Memory Usage: 23kB
                                                        ->  Seq Scan on date_dim  (cost=0.00..2500.73 rows=376 width=8) (actual time=6.139..13.231 rows=365 loops=3)
                                                              Filter: ((d_month_seq >= 1177) AND (d_month_seq <= 1188))
                                                              Rows Removed by Filter: 72684
                                            ->  Hash  (cost=1.05..1.05 rows=5 width=22) (actual time=0.016..0.017 rows=5 loops=3)
                                                  Buckets: 1024  Batches: 1  Memory Usage: 9kB
                                                  ->  Seq Scan on warehouse  (cost=0.00..1.05 rows=5 width=22) (actual time=0.013..0.014 rows=5 loops=3)
                                      ->  Hash  (cost=1.20..1.20 rows=20 width=39) (actual time=0.028..0.028 rows=20 loops=3)
                                            Buckets: 1024  Batches: 1  Memory Usage: 10kB
                                            ->  Seq Scan on ship_mode  (cost=0.00..1.20 rows=20 width=39) (actual time=0.020..0.022 rows=20 loops=3)
                                ->  Hash  (cost=2.30..2.30 rows=30 width=15) (actual time=0.046..0.047 rows=30 loops=3)
                                      Buckets: 1024  Batches: 1  Memory Usage: 10kB
                                      ->  Seq Scan on web_site  (cost=0.00..2.30 rows=30 width=15) (actual time=0.025..0.038 rows=30 loops=3)
       substr        |            sm_type             | web_name | 30 days | 31-60 days | 61-90 days | 91-120 days | >120 days 
---------------------+--------------------------------+----------+---------+------------+------------+-------------+-----------
 Neither dea         | EXPRESS                        | site_0   |     297 |        258 |        226 |         170 |         0
 Neither dea         | EXPRESS                        | site_1   |     300 |        275 |        222 |         169 |         0
 Neither dea         | EXPRESS                        | site_2   |     297 |        275 |        226 |         189 |         0
 Neither dea         | EXPRESS                        | site_3   |     301 |        252 |        215 |         160 |         0
 Neither dea         | EXPRESS                        | site_4   |     266 |        235 |        211 |         144 |         0
 Neither dea         | LIBRARY                        | site_0   |     216 |        146 |        138 |         125 |         0
 Neither dea         | LIBRARY                        | site_1   |     226 |        178 |        152 |         129 |         0
 Neither dea         | LIBRARY                        | site_2   |     232 |        212 |        173 |         129 |         0
 Neither dea         | LIBRARY                        | site_3   |     281 |        226 |        167 |         129 |         0
 Neither dea         | LIBRARY                        | site_4   |     198 |        171 |        144 |         132 |         0
 Neither dea         | NEXT DAY                       | site_0   |     293 |        276 |        206 |         178 |         0
 Neither dea         | NEXT DAY                       | site_1   |     287 |        270 |        213 |         193 |         0
 Neither dea         | NEXT DAY                       | site_2   |     260 |        247 |        192 |         141 |         0
 Neither dea         | NEXT DAY                       | site_3   |     276 |        236 |        183 |         178 |         0
 Neither dea         | NEXT DAY                       | site_4   |     284 |        275 |        236 |         185 |         0
 Neither dea         | OVERNIGHT                      | site_0   |     226 |        240 |        179 |         136 |         0
 Neither dea         | OVERNIGHT                      | site_1   |     222 |        197 |        192 |         108 |         0
 Neither dea         | OVERNIGHT                      | site_2   |     151 |        156 |        123 |         106 |         0
 Neither dea         | OVERNIGHT                      | site_3   |     176 |        181 |        149 |         130 |         0
 Neither dea         | OVERNIGHT                      | site_4   |     251 |        194 |        189 |         128 |         0
 Neither dea         | REGULAR                        | site_0   |     191 |        191 |        165 |         130 |         0
 Neither dea         | REGULAR                        | site_1   |     242 |        251 |        195 |         154 |         0
 Neither dea         | REGULAR                        | site_2   |     278 |        228 |        189 |         124 |         0
 Neither dea         | REGULAR                        | site_3   |     207 |        177 |        180 |         124 |         0
 Neither dea         | REGULAR                        | site_4   |     199 |        147 |        127 |         121 |         0
 Neither dea         | TWO DAY                        | site_0   |     206 |        204 |        175 |         134 |         0
 Neither dea         | TWO DAY                        | site_1   |     192 |        160 |        121 |         122 |         0
 Neither dea         | TWO DAY                        | site_2   |     187 |        176 |        150 |         111 |         0
 Neither dea         | TWO DAY                        | site_3   |     225 |        200 |        178 |         139 |         0
 Neither dea         | TWO DAY                        | site_4   |     246 |        211 |        166 |         141 |         0
 Parties use         | EXPRESS                        | site_0   |     291 |        261 |        223 |         188 |         0
 Parties use         | EXPRESS                        | site_1   |     297 |        240 |        197 |         178 |         0
 Parties use         | EXPRESS                        | site_2   |     283 |        240 |        204 |         187 |         0
 Parties use         | EXPRESS                        | site_3   |     294 |        269 |        178 |         172 |         0
 Parties use         | EXPRESS                        | site_4   |     247 |        268 |        244 |         196 |         0
 Parties use         | LIBRARY                        | site_0   |     228 |        185 |        149 |         130 |         0
 Parties use         | LIBRARY                        | site_1   |     238 |        252 |        170 |         160 |         0
 Parties use         | LIBRARY                        | site_2   |     255 |        212 |        185 |         152 |         0
 Parties use         | LIBRARY                        | site_3   |     192 |        175 |        154 |         134 |         0
 Parties use         | LIBRARY                        | site_4   |     194 |        181 |        138 |         119 |         0
 Parties use         | NEXT DAY                       | site_0   |     276 |        264 |        213 |         188 |         0
 Parties use         | NEXT DAY                       | site_1   |     281 |        263 |        193 |         176 |         0
 Parties use         | NEXT DAY                       | site_2   |     276 |        243 |        192 |         157 |         0
 Parties use         | NEXT DAY                       | site_3   |     298 |        272 |        232 |         175 |         0
 Parties use         | NEXT DAY                       | site_4   |     286 |        257 |        209 |         195 |         0
 Parties use         | OVERNIGHT                      | site_0   |     197 |        211 |        132 |         143 |         0
 Parties use         | OVERNIGHT                      | site_1   |     184 |        171 |        137 |         107 |         0
 Parties use         | OVERNIGHT                      | site_2   |     211 |        183 |        150 |         120 |         0
 Parties use         | OVERNIGHT                      | site_3   |     215 |        215 |        185 |         135 |         0
 Parties use         | OVERNIGHT                      | site_4   |     254 |        212 |        170 |         131 |         0
 Parties use         | REGULAR                        | site_0   |     217 |        226 |        183 |         147 |         0
 Parties use         | REGULAR                        | site_1   |     254 |        192 |        199 |         170 |         0
 Parties use         | REGULAR                        | site_2   |     205 |        183 |        167 |         135 |         0
 Parties use         | REGULAR                        | site_3   |     177 |        150 |        140 |         114 |         0
 Parties use         | REGULAR                        | site_4   |     200 |        193 |        143 |         128 |         0
 Parties use         | TWO DAY                        | site_0   |     166 |        172 |        125 |         109 |         0
 Parties use         | TWO DAY                        | site_1   |     219 |        202 |        142 |         125 |         0
 Parties use         | TWO DAY                        | site_2   |     232 |        236 |        172 |         159 |         0
 Parties use         | TWO DAY                        | site_3   |     239 |        233 |        173 |         126 |         0
 Parties use         | TWO DAY                        | site_4   |     204 |        202 |        156 |         133 |         0
 Persons make more e | EXPRESS                        | site_0   |     240 |        256 |        211 |         166 |         0
 Persons make more e | EXPRESS                        | site_1   |     286 |        283 |        214 |         161 |         0
 Persons make more e | EXPRESS                        | site_2   |     271 |        293 |        230 |         201 |         0
 Persons make more e | EXPRESS                        | site_3   |     287 |        262 |        217 |         173 |         0
 Persons make more e | EXPRESS                        | site_4   |     291 |        250 |        202 |         175 |         0
 Persons make more e | LIBRARY                        | site_0   |     219 |        170 |        159 |         138 |         0
 Persons make more e | LIBRARY                        | site_1   |     144 |        164 |        112 |         117 |         0
 Persons make more e | LIBRARY                        | site_2   |     228 |        194 |        141 |         112 |         0
 Persons make more e | LIBRARY                        | site_3   |     256 |        231 |        183 |         158 |         0
 Persons make more e | LIBRARY                        | site_4   |     264 |        251 |        183 |         163 |         0
 Persons make more e | NEXT DAY                       | site_0   |     294 |        270 |        225 |         197 |         0
 Persons make more e | NEXT DAY                       | site_1   |     308 |        280 |        218 |         208 |         0
 Persons make more e | NEXT DAY                       | site_2   |     303 |        277 |        227 |         175 |         0
 Persons make more e | NEXT DAY                       | site_3   |     257 |        268 |        219 |         156 |         0
 Persons make more e | NEXT DAY                       | site_4   |     267 |        247 |        203 |         158 |         0
 Persons make more e | OVERNIGHT                      | site_0   |     272 |        228 |        174 |         155 |         0
 Persons make more e | OVERNIGHT                      | site_1   |     249 |        212 |        182 |         126 |         0
 Persons make more e | OVERNIGHT                      | site_2   |     201 |        197 |        165 |         120 |         0
 Persons make more e | OVERNIGHT                      | site_3   |     172 |        181 |        141 |         105 |         0
 Persons make more e | OVERNIGHT                      | site_4   |     230 |        195 |        173 |         108 |         0
 Persons make more e | REGULAR                        | site_0   |     200 |        160 |        130 |          95 |         0
 Persons make more e | REGULAR                        | site_1   |     213 |        185 |        144 |         116 |         0
 Persons make more e | REGULAR                        | site_2   |     222 |        187 |        180 |         136 |         0
 Persons make more e | REGULAR                        | site_3   |     253 |        216 |        193 |         152 |         0
 Persons make more e | REGULAR                        | site_4   |     222 |        184 |        179 |         135 |         0
 Persons make more e | TWO DAY                        | site_0   |     238 |        233 |        200 |         168 |         0
 Persons make more e | TWO DAY                        | site_1   |     211 |        170 |        194 |         133 |         0
 Persons make more e | TWO DAY                        | site_2   |     168 |        182 |        131 |         100 |         0
 Persons make more e | TWO DAY                        | site_3   |     222 |        188 |        156 |         136 |         0
 Persons make more e | TWO DAY                        | site_4   |     249 |        243 |        168 |         146 |         0
 Single, simple r    | EXPRESS                        | site_0   |     247 |        242 |        182 |         178 |         0
 Single, simple r    | EXPRESS                        | site_1   |     292 |        249 |        198 |         160 |         0
 Single, simple r    | EXPRESS                        | site_2   |     303 |        273 |        200 |         173 |         0
 Single, simple r    | EXPRESS                        | site_3   |     301 |        267 |        241 |         177 |         0
 Single, simple r    | EXPRESS                        | site_4   |     301 |        279 |        218 |         182 |         0
 Single, simple r    | LIBRARY                        | site_0   |     234 |        198 |        176 |         158 |         0
 Single, simple r    | LIBRARY                        | site_1   |     219 |        183 |        140 |         132 |         0
 Single, simple r    | LIBRARY                        | site_2   |     200 |        166 |        130 |         119 |         0
 Single, simple r    | LIBRARY                        | site_3   |     190 |        191 |        137 |         136 |         0
 Single, simple r    | LIBRARY                        | site_4   |     262 |        207 |        169 |         149 |         0
(100 rows)

UPDATE time_statistics SET e_time = TRANSACTION_TIMESTAMP() WHERE template = 'query62.tpl' AND stream = 6;
psql:/tmp/s1-basline/throughput/query_6.sql:3102: NOTICE:  duration: 0.105 ms  plan:
Query Text: UPDATE time_statistics SET e_time = TRANSACTION_TIMESTAMP() WHERE template = 'query62.tpl' AND stream = 6;
Update on time_statistics  (cost=0.00..21.46 rows=0 width=0) (actual time=0.105..0.105 rows=0 loops=1)
  ->  Seq Scan on time_statistics  (cost=0.00..21.46 rows=1 width=14) (actual time=0.091..0.091 rows=1 loops=1)
        Filter: ((template = 'query62.tpl'::text) AND (stream = 6))
        Rows Removed by Filter: 701
UPDATE 1
LOAD 'auto_explain'; SET auto_explain.log_min_duration TO 0; SET auto_explain.log_analyze TO on; SET auto_explain.log_level TO notice; INSERT INTO time_statistics (template, s_time, stream, query, seed) VALUES ('query97.tpl', TRANSACTION_TIMESTAMP(), 6, 60, 1051322486);
LOAD
SET
SET
SET
psql:/tmp/s1-basline/throughput/query_6.sql:3103: NOTICE:  duration: 0.008 ms  plan:
Query Text: INSERT INTO time_statistics (template, s_time, stream, query, seed) VALUES ('query97.tpl', TRANSACTION_TIMESTAMP(), 6, 60, 1051322486);
Insert on time_statistics  (cost=0.00..0.01 rows=0 width=0) (actual time=0.008..0.008 rows=0 loops=1)
  ->  Result  (cost=0.00..0.01 rows=1 width=64) (actual time=0.001..0.001 rows=1 loops=1)
INSERT 0 1
with ssci as (
select ss_customer_sk customer_sk
      ,ss_item_sk item_sk
from store_sales,date_dim
where ss_sold_date_sk = d_date_sk
  and d_month_seq between 1222 and 1222 + 11
group by ss_customer_sk
        ,ss_item_sk),
csci as(
 select cs_bill_customer_sk customer_sk
      ,cs_item_sk item_sk
from catalog_sales,date_dim
where cs_sold_date_sk = d_date_sk
  and d_month_seq between 1222 and 1222 + 11
group by cs_bill_customer_sk
        ,cs_item_sk)
 select  sum(case when ssci.customer_sk is not null and csci.customer_sk is null then 1 else 0 end) store_only
      ,sum(case when ssci.customer_sk is null and csci.customer_sk is not null then 1 else 0 end) catalog_only
      ,sum(case when ssci.customer_sk is not null and csci.customer_sk is not null then 1 else 0 end) store_and_catalog
from ssci full outer join csci on (ssci.customer_sk=csci.customer_sk
                               and ssci.item_sk = csci.item_sk)
limit 100;
psql:/tmp/s1-basline/throughput/query_6.sql:3125: NOTICE:  duration: 946.548 ms  plan:
Query Text: with ssci as (
select ss_customer_sk customer_sk
      ,ss_item_sk item_sk
from store_sales,date_dim
where ss_sold_date_sk = d_date_sk
  and d_month_seq between 1222 and 1222 + 11
group by ss_customer_sk
        ,ss_item_sk),
csci as(
 select cs_bill_customer_sk customer_sk
      ,cs_item_sk item_sk
from catalog_sales,date_dim
where cs_sold_date_sk = d_date_sk
  and d_month_seq between 1222 and 1222 + 11
group by cs_bill_customer_sk
        ,cs_item_sk)
 select  sum(case when ssci.customer_sk is not null and csci.customer_sk is null then 1 else 0 end) store_only
      ,sum(case when ssci.customer_sk is null and csci.customer_sk is not null then 1 else 0 end) catalog_only
      ,sum(case when ssci.customer_sk is not null and csci.customer_sk is not null then 1 else 0 end) store_and_catalog
from ssci full outer join csci on (ssci.customer_sk=csci.customer_sk
                               and ssci.item_sk = csci.item_sk)
limit 100;
Limit  (cost=116143.60..116143.61 rows=1 width=24) (actual time=925.990..946.537 rows=1 loops=1)
  ->  Aggregate  (cost=116143.60..116143.61 rows=1 width=24) (actual time=925.989..946.535 rows=1 loops=1)
        ->  Hash Full Join  (cost=114420.74..116041.24 rows=13648 width=16) (actual time=580.600..878.111 rows=811672 loops=1)
              Hash Cond: ((store_sales.ss_customer_sk = catalog_sales.cs_bill_customer_sk) AND (store_sales.ss_item_sk = catalog_sales.cs_item_sk))
              ->  Group  (cost=92521.25..93933.61 rows=13648 width=16) (actual time=317.870..501.087 rows=531392 loops=1)
                    Group Key: store_sales.ss_customer_sk, store_sales.ss_item_sk
                    ->  Gather Merge  (cost=92521.25..93876.74 rows=11374 width=16) (actual time=317.868..446.216 rows=534280 loops=1)
                          Workers Planned: 2
                          Workers Launched: 2
                          ->  Group  (cost=91521.22..91563.87 rows=5687 width=16) (actual time=307.851..347.271 rows=178093 loops=3)
                                Group Key: store_sales.ss_customer_sk, store_sales.ss_item_sk
                                ->  Sort  (cost=91521.22..91535.44 rows=5687 width=16) (actual time=307.848..317.948 rows=178839 loops=3)
                                      Sort Key: store_sales.ss_customer_sk, store_sales.ss_item_sk
                                      Sort Method: external merge  Disk: 5320kB
                                      Worker 0:  Sort Method: quicksort  Memory: 13797kB
                                      Worker 1:  Sort Method: quicksort  Memory: 13829kB
                                      ->  Hash Join  (cost=2505.25..91166.54 rows=5687 width=16) (actual time=13.045..249.893 rows=178839 loops=3)
                                            Hash Cond: (store_sales.ss_sold_date_sk = date_dim.d_date_sk)
                                            ->  Parallel Seq Scan on store_sales  (cost=0.00..85499.45 rows=1204445 width=24) (actual time=0.015..124.156 rows=948150 loops=3)
                                            ->  Hash  (cost=2500.73..2500.73 rows=361 width=8) (actual time=12.970..12.971 rows=365 loops=3)
                                                  Buckets: 1024  Batches: 1  Memory Usage: 23kB
                                                  ->  Seq Scan on date_dim  (cost=0.00..2500.73 rows=361 width=8) (actual time=6.282..12.919 rows=365 loops=3)
                                                        Filter: ((d_month_seq >= 1222) AND (d_month_seq <= 1233))
                                                        Rows Removed by Filter: 72684
              ->  Hash  (cost=21793.02..21793.02 rows=7098 width=16) (actual time=262.722..262.723 rows=280423 loops=1)
                    Buckets: 524288 (originally 8192)  Batches: 1 (originally 1)  Memory Usage: 17235kB
                    ->  HashAggregate  (cost=21651.06..21722.04 rows=7098 width=16) (actual time=169.296..218.716 rows=280423 loops=1)
                          Group Key: catalog_sales.cs_bill_customer_sk, catalog_sales.cs_item_sk
                          Batches: 1  Memory Usage: 25617kB
                          ->  Nested Loop  (cost=0.43..21615.57 rows=7098 width=16) (actual time=3.637..101.320 rows=280502 loops=1)
                                ->  Seq Scan on date_dim date_dim_1  (cost=0.00..2500.73 rows=361 width=8) (actual time=3.624..7.712 rows=365 loops=1)
                                      Filter: ((d_month_seq >= 1222) AND (d_month_seq <= 1233))
                                      Rows Removed by Filter: 72684
                                ->  Index Scan using i_cs_sold_date_sk on catalog_sales  (cost=0.43..45.10 rows=785 width=24) (actual time=0.004..0.130 rows=768 loops=365)
                                      Index Cond: (cs_sold_date_sk = date_dim_1.d_date_sk)
 store_only | catalog_only | store_and_catalog 
------------+--------------+-------------------
     523820 |       279530 |               143
(1 row)

UPDATE time_statistics SET e_time = TRANSACTION_TIMESTAMP() WHERE template = 'query97.tpl' AND stream = 6;
psql:/tmp/s1-basline/throughput/query_6.sql:3127: NOTICE:  duration: 0.115 ms  plan:
Query Text: UPDATE time_statistics SET e_time = TRANSACTION_TIMESTAMP() WHERE template = 'query97.tpl' AND stream = 6;
Update on time_statistics  (cost=0.00..21.46 rows=0 width=0) (actual time=0.114..0.115 rows=0 loops=1)
  ->  Seq Scan on time_statistics  (cost=0.00..21.46 rows=1 width=14) (actual time=0.099..0.099 rows=1 loops=1)
        Filter: ((template = 'query97.tpl'::text) AND (stream = 6))
        Rows Removed by Filter: 702
UPDATE 1
LOAD 'auto_explain'; SET auto_explain.log_min_duration TO 0; SET auto_explain.log_analyze TO on; SET auto_explain.log_level TO notice; INSERT INTO time_statistics (template, s_time, stream, query, seed) VALUES ('query22.tpl', TRANSACTION_TIMESTAMP(), 6, 61, 81574686);
LOAD
SET
SET
SET
psql:/tmp/s1-basline/throughput/query_6.sql:3128: NOTICE:  duration: 0.008 ms  plan:
Query Text: INSERT INTO time_statistics (template, s_time, stream, query, seed) VALUES ('query22.tpl', TRANSACTION_TIMESTAMP(), 6, 61, 81574686);
Insert on time_statistics  (cost=0.00..0.01 rows=0 width=0) (actual time=0.008..0.008 rows=0 loops=1)
  ->  Result  (cost=0.00..0.01 rows=1 width=64) (actual time=0.001..0.002 rows=1 loops=1)
INSERT 0 1
select  i_product_name
             ,i_brand
             ,i_class
             ,i_category
             ,avg(inv_quantity_on_hand) qoh
       from inventory
           ,date_dim
           ,item
       where inv_date_sk=d_date_sk
              and inv_item_sk=i_item_sk
              and d_month_seq between 1201 and 1201 + 11
       group by rollup(i_product_name
                       ,i_brand
                       ,i_class
                       ,i_category)
order by qoh, i_product_name, i_brand, i_class, i_category
limit 100;
psql:/tmp/s1-basline/throughput/query_6.sql:3145: NOTICE:  duration: 4891.560 ms  plan:
Query Text: select  i_product_name
             ,i_brand
             ,i_class
             ,i_category
             ,avg(inv_quantity_on_hand) qoh
       from inventory
           ,date_dim
           ,item
       where inv_date_sk=d_date_sk
              and inv_item_sk=i_item_sk
              and d_month_seq between 1201 and 1201 + 11
       group by rollup(i_product_name
                       ,i_brand
                       ,i_class
                       ,i_category)
order by qoh, i_product_name, i_brand, i_class, i_category
limit 100;
Limit  (cost=159478.25..159478.50 rows=100 width=236) (actual time=4891.303..4891.486 rows=100 loops=1)
  ->  Sort  (cost=159478.25..159657.83 rows=71833 width=236) (actual time=4891.302..4891.479 rows=100 loops=1)
        Sort Key: (avg(inventory.inv_quantity_on_hand)), item.i_product_name, item.i_brand, item.i_class, item.i_category
        Sort Method: top-N heapsort  Memory: 64kB
        ->  MixedAggregate  (cost=5166.08..156732.85 rows=71833 width=236) (actual time=4852.122..4877.584 rows=59928 loops=1)
              Hash Key: item.i_product_name, item.i_brand, item.i_class, item.i_category
              Hash Key: item.i_product_name, item.i_brand, item.i_class
              Hash Key: item.i_product_name, item.i_brand
              Hash Key: item.i_product_name
              Group Key: ()
              Batches: 1  Memory Usage: 22577kB
              ->  Gather  (cost=5166.08..153693.87 rows=57095 width=208) (actual time=30.741..244.580 rows=2340000 loops=1)
                    Workers Planned: 3
                    Workers Launched: 3
                    ->  Hash Join  (cost=4166.08..146984.37 rows=18418 width=208) (actual time=38.549..676.274 rows=585000 loops=4)
                          Hash Cond: (inventory.inv_item_sk = item.i_item_sk)
                          ->  Hash Join  (cost=2505.08..145275.01 rows=18418 width=12) (actual time=14.154..490.385 rows=585000 loops=4)
                                Hash Cond: (inventory.inv_date_sk = date_dim.d_date_sk)
                                ->  Parallel Seq Scan on inventory  (cost=0.00..132620.86 rows=3866086 width=20) (actual time=0.017..203.655 rows=2936250 loops=4)
                                ->  Hash  (cost=2500.73..2500.73 rows=348 width=8) (actual time=12.205..12.206 rows=366 loops=4)
                                      Buckets: 1024  Batches: 1  Memory Usage: 23kB
                                      ->  Seq Scan on date_dim  (cost=0.00..2500.73 rows=348 width=8) (actual time=5.678..12.154 rows=366 loops=4)
                                            Filter: ((d_month_seq >= 1201) AND (d_month_seq <= 1212))
                                            Rows Removed by Filter: 72683
                          ->  Hash  (cost=1436.00..1436.00 rows=18000 width=212) (actual time=24.074..24.074 rows=18000 loops=4)
                                Buckets: 32768  Batches: 1  Memory Usage: 4606kB
                                ->  Seq Scan on item  (cost=0.00..1436.00 rows=18000 width=212) (actual time=0.028..18.203 rows=18000 loops=4)
                   i_product_name                   |                      i_brand                       |                      i_class                       |                     i_category                     |         qoh         
----------------------------------------------------+----------------------------------------------------+----------------------------------------------------+----------------------------------------------------+---------------------
 eseantiationoughtought                             | namelesscorp #3                                    | mens watch                                         | Jewelry                                            | 68.1000000000000000
 eseantiationoughtought                             | namelesscorp #3                                    | mens watch                                         |                                                    | 68.1000000000000000
 eseantiationoughtought                             | namelesscorp #3                                    |                                                    |                                                    | 68.1000000000000000
 eseantiationoughtought                             |                                                    |                                                    |                                                    | 68.1000000000000000
 ablecallybarbarought                               | amalgimporto #1                                    | accessories                                        | Men                                                | 70.5333333333333333
 ablecallybarbarought                               | amalgimporto #1                                    | accessories                                        |                                                    | 70.5333333333333333
 ablecallybarbarought                               | amalgimporto #1                                    |                                                    |                                                    | 70.5333333333333333
 ablecallybarbarought                               |                                                    |                                                    |                                                    | 70.5333333333333333
 eingn stantianti                                   | exportimaxi #7                                     | computers                                          | Books                                              | 71.5000000000000000
 eingn stantianti                                   | exportimaxi #7                                     | computers                                          |                                                    | 71.5000000000000000
 eingn stantianti                                   | exportimaxi #7                                     |                                                    |                                                    | 71.5000000000000000
 eingn stantianti                                   |                                                    |                                                    |                                                    | 71.5000000000000000
 eingeseeingought                                   | namelessnameless #9                                | outdoor                                            | Sports                                             | 73.1666666666666667
 eingeseeingought                                   | namelessnameless #9                                | outdoor                                            |                                                    | 73.1666666666666667
 eingeseeingought                                   | namelessnameless #9                                |                                                    |                                                    | 73.1666666666666667
 eingeseeingought                                   |                                                    |                                                    |                                                    | 73.1666666666666667
 ablecallycallyation                                | amalgamalg #1                                      | dresses                                            | Women                                              | 75.2000000000000000
 ablecallycallyation                                | amalgamalg #1                                      | dresses                                            |                                                    | 75.2000000000000000
 ablecallycallyation                                | amalgamalg #1                                      |                                                    |                                                    | 75.2000000000000000
 ablecallycallyation                                |                                                    |                                                    |                                                    | 75.2000000000000000
 baranticallyese                                    | amalgamalg #1                                      | dresses                                            | Women                                              | 75.8666666666666667
 baranticallyese                                    | amalgamalg #1                                      | dresses                                            |                                                    | 75.8666666666666667
 baranticallyese                                    | amalgamalg #1                                      |                                                    |                                                    | 75.8666666666666667
 baranticallyese                                    |                                                    |                                                    |                                                    | 75.8666666666666667
 callyantin stcallyought                            | edu packedu pack #1                                | athletic                                           | Shoes                                              | 77.0666666666666667
 callyantin stcallyought                            | edu packedu pack #1                                | athletic                                           |                                                    | 77.0666666666666667
 callyantin stcallyought                            | edu packedu pack #1                                |                                                    |                                                    | 77.0666666666666667
 callyantin stcallyought                            |                                                    |                                                    |                                                    | 77.0666666666666667
 ableeingprieseought                                | amalgedu pack #1                                   | womens                                             | Shoes                                              | 77.3333333333333333
 ableeingprieseought                                | amalgedu pack #1                                   | womens                                             |                                                    | 77.3333333333333333
 ableeingprieseought                                | amalgedu pack #1                                   |                                                    |                                                    | 77.3333333333333333
 ableeingprieseought                                |                                                    |                                                    |                                                    | 77.3333333333333333
 barbarprin st                                      | edu packamalg #1                                   | swimwear                                           | Women                                              | 78.5666666666666667
 barbarprin st                                      | edu packamalg #1                                   | swimwear                                           |                                                    | 78.5666666666666667
 barbarprin st                                      | edu packamalg #1                                   |                                                    |                                                    | 78.5666666666666667
 barbarprin st                                      |                                                    |                                                    |                                                    | 78.5666666666666667
 eingantieingableought                              | corpunivamalg #7                                   | musical                                            | Electronics                                        | 79.2666666666666667
 eingantieingableought                              | corpunivamalg #7                                   | musical                                            |                                                    | 79.2666666666666667
 eingantieingableought                              | corpunivamalg #7                                   |                                                    |                                                    | 79.2666666666666667
 eingantieingableought                              |                                                    |                                                    |                                                    | 79.2666666666666667
 ableeingbareing                                    | univmaxi #3                                        | pools                                              | Sports                                             | 79.9666666666666667
 ableeingbareing                                    | univmaxi #3                                        | pools                                              |                                                    | 79.9666666666666667
 ableeingbareing                                    | univmaxi #3                                        |                                                    |                                                    | 79.9666666666666667
 ableeingbareing                                    |                                                    |                                                    |                                                    | 79.9666666666666667
 eseationese                                        | amalgimporto #1                                    | accessories                                        | Men                                                | 80.5333333333333333
 eseationese                                        | amalgimporto #1                                    | accessories                                        |                                                    | 80.5333333333333333
 eseationese                                        | amalgimporto #1                                    |                                                    |                                                    | 80.5333333333333333
 eseationese                                        |                                                    |                                                    |                                                    | 80.5333333333333333
 barn steingbarought                                | scholarcorp #3                                     | earings                                            | Jewelry                                            | 81.2666666666666667
 barn steingbarought                                | scholarcorp #3                                     | earings                                            |                                                    | 81.2666666666666667
 barn steingbarought                                | scholarcorp #3                                     |                                                    |                                                    | 81.2666666666666667
 barn steingbarought                                |                                                    |                                                    |                                                    | 81.2666666666666667
 eingablecallyanti                                  | exportiamalgamalg #2                               | stereo                                             | Electronics                                        | 81.3000000000000000
 eingablecallyanti                                  | exportiamalgamalg #2                               | stereo                                             |                                                    | 81.3000000000000000
 eingablecallyanti                                  | exportiamalgamalg #2                               |                                                    |                                                    | 81.3000000000000000
 eingablecallyanti                                  |                                                    |                                                    |                                                    | 81.3000000000000000
 callybarationoughtought                            | exportiedu pack #1                                 | kids                                               | Shoes                                              | 81.8333333333333333
 callybarationoughtought                            | exportiedu pack #1                                 | kids                                               |                                                    | 81.8333333333333333
 callybarationoughtought                            | exportiedu pack #1                                 |                                                    |                                                    | 81.8333333333333333
 callybarationoughtought                            |                                                    |                                                    |                                                    | 81.8333333333333333
 callybarationanti                                  | exportiamalg #1                                    | maternity                                          | Women                                              | 82.4000000000000000
 callybarationanti                                  | exportiamalg #1                                    | maternity                                          |                                                    | 82.4000000000000000
 callybarationanti                                  | exportiamalg #1                                    |                                                    |                                                    | 82.4000000000000000
 callybarationanti                                  |                                                    |                                                    |                                                    | 82.4000000000000000
 barantibarpriought                                 | edu packnameless #1                                | camping                                            | Sports                                             | 83.1000000000000000
 barantibarpriought                                 | edu packnameless #1                                | camping                                            |                                                    | 83.1000000000000000
 barantibarpriought                                 | edu packnameless #1                                |                                                    |                                                    | 83.1000000000000000
 barantibarpriought                                 |                                                    |                                                    |                                                    | 83.1000000000000000
 bareseationbarought                                | importoamalg #1                                    | fragrances                                         | Women                                              | 83.8000000000000000
 bareseationbarought                                | importoamalg #1                                    | fragrances                                         |                                                    | 83.8000000000000000
 bareseationbarought                                | importoamalg #1                                    |                                                    |                                                    | 83.8000000000000000
 bareseationbarought                                |                                                    |                                                    |                                                    | 83.8000000000000000
 eingationablebarought                              | exportinameless #9                                 | wallpaper                                          | Home                                               | 83.8666666666666667
 eingationablebarought                              | exportinameless #9                                 | wallpaper                                          |                                                    | 83.8666666666666667
 eingationablebarought                              | exportinameless #9                                 |                                                    |                                                    | 83.8666666666666667
 eingationablebarought                              |                                                    |                                                    |                                                    | 83.8666666666666667
 ableeseoughtable                                   | importoedu pack #1                                 | mens                                               | Shoes                                              | 84.9666666666666667
 ableeseoughtable                                   | importoedu pack #1                                 | mens                                               |                                                    | 84.9666666666666667
 ableeseoughtable                                   | importoedu pack #1                                 |                                                    |                                                    | 84.9666666666666667
 ableeseoughtable                                   |                                                    |                                                    |                                                    | 84.9666666666666667
 ableationantiought                                 | exportiimporto #1                                  | pants                                              | Men                                                | 85.2000000000000000
 ableationantiought                                 | exportiimporto #1                                  | pants                                              |                                                    | 85.2000000000000000
 ableationantiought                                 | exportiimporto #1                                  |                                                    |                                                    | 85.2000000000000000
 ableationantiought                                 |                                                    |                                                    |                                                    | 85.2000000000000000
 barn stbarpri                                      | exportiimporto #1                                  | pants                                              | Men                                                | 85.2000000000000000
 barn stbarpri                                      | exportiimporto #1                                  | pants                                              |                                                    | 85.2000000000000000
 barn stbarpri                                      | exportiimporto #1                                  |                                                    |                                                    | 85.2000000000000000
 barn stbarpri                                      |                                                    |                                                    |                                                    | 85.2000000000000000
 esen stpriationought                               | amalgmaxi #5                                       | archery                                            | Sports                                             | 85.8666666666666667
 esen stpriationought                               | amalgmaxi #5                                       | archery                                            |                                                    | 85.8666666666666667
 esen stpriationought                               | amalgmaxi #5                                       |                                                    |                                                    | 85.8666666666666667
 esen stpriationought                               |                                                    |                                                    |                                                    | 85.8666666666666667
 esebareing                                         | importoamalg #1                                    | fragrances                                         | Women                                              | 85.9666666666666667
 esebareing                                         | importoamalg #1                                    | fragrances                                         |                                                    | 85.9666666666666667
 esebareing                                         | importoamalg #1                                    |                                                    |                                                    | 85.9666666666666667
 esebareing                                         |                                                    |                                                    |                                                    | 85.9666666666666667
 eingcallyationableought                            | edu packamalg #1                                   | swimwear                                           | Women                                              | 86.1666666666666667
 eingcallyationableought                            | edu packamalg #1                                   | swimwear                                           |                                                    | 86.1666666666666667
 eingcallyationableought                            | edu packamalg #1                                   |                                                    |                                                    | 86.1666666666666667
 eingcallyationableought                            |                                                    |                                                    |                                                    | 86.1666666666666667
(100 rows)

UPDATE time_statistics SET e_time = TRANSACTION_TIMESTAMP() WHERE template = 'query22.tpl' AND stream = 6;
psql:/tmp/s1-basline/throughput/query_6.sql:3147: NOTICE:  duration: 0.116 ms  plan:
Query Text: UPDATE time_statistics SET e_time = TRANSACTION_TIMESTAMP() WHERE template = 'query22.tpl' AND stream = 6;
Update on time_statistics  (cost=0.00..21.46 rows=0 width=0) (actual time=0.115..0.115 rows=0 loops=1)
  ->  Seq Scan on time_statistics  (cost=0.00..21.46 rows=1 width=14) (actual time=0.100..0.100 rows=1 loops=1)
        Filter: ((template = 'query22.tpl'::text) AND (stream = 6))
        Rows Removed by Filter: 703
UPDATE 1
LOAD 'auto_explain'; SET auto_explain.log_min_duration TO 0; SET auto_explain.log_analyze TO on; SET auto_explain.log_level TO notice; INSERT INTO time_statistics (template, s_time, stream, query, seed) VALUES ('query48.tpl', TRANSACTION_TIMESTAMP(), 6, 62, 1875120470);
LOAD
SET
SET
SET
psql:/tmp/s1-basline/throughput/query_6.sql:3148: NOTICE:  duration: 0.009 ms  plan:
Query Text: INSERT INTO time_statistics (template, s_time, stream, query, seed) VALUES ('query48.tpl', TRANSACTION_TIMESTAMP(), 6, 62, 1875120470);
Insert on time_statistics  (cost=0.00..0.01 rows=0 width=0) (actual time=0.008..0.008 rows=0 loops=1)
  ->  Result  (cost=0.00..0.01 rows=1 width=64) (actual time=0.001..0.001 rows=1 loops=1)
INSERT 0 1
select sum (ss_quantity)
 from store_sales, store, customer_demographics, customer_address, date_dim
 where s_store_sk = ss_store_sk
 and  ss_sold_date_sk = d_date_sk and d_year = 1999
 and  
 (
  (
   cd_demo_sk = ss_cdemo_sk
   and 
   cd_marital_status = 'W'
   and 
   cd_education_status = 'Secondary'
   and 
   ss_sales_price between 100.00 and 150.00  
   )
 or
  (
  cd_demo_sk = ss_cdemo_sk
   and 
   cd_marital_status = 'D'
   and 
   cd_education_status = 'Primary'
   and 
   ss_sales_price between 50.00 and 100.00   
  )
 or 
 (
  cd_demo_sk = ss_cdemo_sk
  and 
   cd_marital_status = 'U'
   and 
   cd_education_status = '2 yr Degree'
   and 
   ss_sales_price between 150.00 and 200.00  
 )
 )
 and
 (
  (
  ss_addr_sk = ca_address_sk
  and
  ca_country = 'United States'
  and
  ca_state in ('OH', 'NC', 'AR')
  and ss_net_profit between 0 and 2000  
  )
 or
  (ss_addr_sk = ca_address_sk
  and
  ca_country = 'United States'
  and
  ca_state in ('TX', 'GA', 'AL')
  and ss_net_profit between 150 and 3000 
  )
 or
  (ss_addr_sk = ca_address_sk
  and
  ca_country = 'United States'
  and
  ca_state in ('SD', 'KY', 'LA')
  and ss_net_profit between 50 and 25000 
  )
 )
;
psql:/tmp/s1-basline/throughput/query_6.sql:3212: NOTICE:  duration: 458.421 ms  plan:
Query Text: select sum (ss_quantity)
 from store_sales, store, customer_demographics, customer_address, date_dim
 where s_store_sk = ss_store_sk
 and  ss_sold_date_sk = d_date_sk and d_year = 1999
 and  
 (
  (
   cd_demo_sk = ss_cdemo_sk
   and 
   cd_marital_status = 'W'
   and 
   cd_education_status = 'Secondary'
   and 
   ss_sales_price between 100.00 and 150.00  
   )
 or
  (
  cd_demo_sk = ss_cdemo_sk
   and 
   cd_marital_status = 'D'
   and 
   cd_education_status = 'Primary'
   and 
   ss_sales_price between 50.00 and 100.00   
  )
 or 
 (
  cd_demo_sk = ss_cdemo_sk
  and 
   cd_marital_status = 'U'
   and 
   cd_education_status = '2 yr Degree'
   and 
   ss_sales_price between 150.00 and 200.00  
 )
 )
 and
 (
  (
  ss_addr_sk = ca_address_sk
  and
  ca_country = 'United States'
  and
  ca_state in ('OH', 'NC', 'AR')
  and ss_net_profit between 0 and 2000  
  )
 or
  (ss_addr_sk = ca_address_sk
  and
  ca_country = 'United States'
  and
  ca_state in ('TX', 'GA', 'AL')
  and ss_net_profit between 150 and 3000 
  )
 or
  (ss_addr_sk = ca_address_sk
  and
  ca_country = 'United States'
  and
  ca_state in ('SD', 'KY', 'LA')
  and ss_net_profit between 50 and 25000 
  )
 )
;
Aggregate  (cost=111569.52..111569.53 rows=1 width=8) (actual time=458.412..458.414 rows=1 loops=1)
  ->  Nested Loop  (cost=1.15..111569.50 rows=5 width=4) (actual time=11.845..458.377 rows=542 loops=1)
        Join Filter: (store_sales.ss_store_sk = store.s_store_sk)
        Rows Removed by Join Filter: 5986
        ->  Seq Scan on store  (cost=0.00..1.12 rows=12 width=8) (actual time=0.003..0.004 rows=12 loops=1)
        ->  Materialize  (cost=1.15..111567.32 rows=6 width=12) (actual time=0.396..38.162 rows=544 loops=12)
              ->  Nested Loop  (cost=1.15..111567.29 rows=6 width=12) (actual time=4.752..457.583 rows=544 loops=1)
                    ->  Nested Loop  (cost=0.72..111455.80 rows=193 width=28) (actual time=4.133..399.059 rows=20157 loops=1)
                          ->  Nested Loop  (cost=0.43..110810.29 rows=1787 width=44) (actual time=4.022..236.890 rows=83962 loops=1)
                                ->  Seq Scan on date_dim  (cost=0.00..2318.11 rows=363 width=8) (actual time=4.009..8.503 rows=365 loops=1)
                                      Filter: (d_year = 1999)
                                      Rows Removed by Filter: 72684
                                ->  Index Scan using i_ss_sold_date_sk on store_sales  (cost=0.43..296.91 rows=197 width=52) (actual time=0.010..0.606 rows=230 loops=365)
                                      Index Cond: (ss_sold_date_sk = date_dim.d_date_sk)
                                      Filter: ((((ss_sales_price >= '100'::double precision) AND (ss_sales_price <= '150'::double precision)) OR ((ss_sales_price >= '50'::double precision) AND (ss_sales_price <= '100'::double precision)) OR ((ss_sales_price >= '150'::double precision) AND (ss_sales_price <= '200'::double precision))) AND (((ss_net_profit >= '0'::double precision) AND (ss_net_profit <= '2000'::double precision)) OR ((ss_net_profit >= '150'::double precision) AND (ss_net_profit <= '3000'::double precision)) OR ((ss_net_profit >= '50'::double precision) AND (ss_net_profit <= '25000'::double precision))))
                                      Rows Removed by Filter: 1257
                          ->  Index Scan using pk_customer_address on customer_address  (cost=0.29..0.35 rows=1 width=11) (actual time=0.002..0.002 rows=0 loops=83962)
                                Index Cond: (ca_address_sk = store_sales.ss_addr_sk)
                                Filter: (((ca_country)::text = 'United States'::text) AND ((ca_state = ANY ('{OH,NC,AR}'::bpchar[])) OR (ca_state = ANY ('{TX,GA,AL}'::bpchar[])) OR (ca_state = ANY ('{SD,KY,LA}'::bpchar[]))) AND (((ca_state = ANY ('{OH,NC,AR}'::bpchar[])) AND (store_sales.ss_net_profit >= '0'::double precision) AND (store_sales.ss_net_profit <= '2000'::double precision)) OR ((ca_state = ANY ('{TX,GA,AL}'::bpchar[])) AND (store_sales.ss_net_profit >= '150'::double precision) AND (store_sales.ss_net_profit <= '3000'::double precision)) OR ((ca_state = ANY ('{SD,KY,LA}'::bpchar[])) AND (store_sales.ss_net_profit >= '50'::double precision) AND (store_sales.ss_net_profit <= '25000'::double precision))))
                                Rows Removed by Filter: 1
                    ->  Index Scan using pk_customer_demographics on customer_demographics  (cost=0.43..0.57 rows=1 width=31) (actual time=0.003..0.003 rows=0 loops=20157)
                          Index Cond: (cd_demo_sk = store_sales.ss_cdemo_sk)
                          Filter: ((((cd_marital_status = 'W'::bpchar) AND (cd_education_status = 'Secondary'::bpchar)) OR ((cd_marital_status = 'D'::bpchar) AND (cd_education_status = 'Primary'::bpchar)) OR ((cd_marital_status = 'U'::bpchar) AND (cd_education_status = '2 yr Degree'::bpchar))) AND (((cd_marital_status = 'W'::bpchar) AND (cd_education_status = 'Secondary'::bpchar) AND (store_sales.ss_sales_price >= '100'::double precision) AND (store_sales.ss_sales_price <= '150'::double precision)) OR ((cd_marital_status = 'D'::bpchar) AND (cd_education_status = 'Primary'::bpchar) AND (store_sales.ss_sales_price >= '50'::double precision) AND (store_sales.ss_sales_price <= '100'::double precision)) OR ((cd_marital_status = 'U'::bpchar) AND (cd_education_status = '2 yr Degree'::bpchar) AND (store_sales.ss_sales_price >= '150'::double precision) AND (store_sales.ss_sales_price <= '200'::double precision))))
                          Rows Removed by Filter: 1
  sum  
-------
 27975
(1 row)

UPDATE time_statistics SET e_time = TRANSACTION_TIMESTAMP() WHERE template = 'query48.tpl' AND stream = 6;
psql:/tmp/s1-basline/throughput/query_6.sql:3214: NOTICE:  duration: 0.108 ms  plan:
Query Text: UPDATE time_statistics SET e_time = TRANSACTION_TIMESTAMP() WHERE template = 'query48.tpl' AND stream = 6;
Update on time_statistics  (cost=0.00..21.46 rows=0 width=0) (actual time=0.107..0.108 rows=0 loops=1)
  ->  Seq Scan on time_statistics  (cost=0.00..21.46 rows=1 width=14) (actual time=0.092..0.093 rows=1 loops=1)
        Filter: ((template = 'query48.tpl'::text) AND (stream = 6))
        Rows Removed by Filter: 704
UPDATE 1
LOAD 'auto_explain'; SET auto_explain.log_min_duration TO 0; SET auto_explain.log_analyze TO on; SET auto_explain.log_level TO notice; INSERT INTO time_statistics (template, s_time, stream, query, seed) VALUES ('../query_postgresql/query2.tpl', TRANSACTION_TIMESTAMP(), 6, 63, 827219565);
LOAD
SET
SET
SET
psql:/tmp/s1-basline/throughput/query_6.sql:3215: NOTICE:  duration: 0.009 ms  plan:
Query Text: INSERT INTO time_statistics (template, s_time, stream, query, seed) VALUES ('../query_postgresql/query2.tpl', TRANSACTION_TIMESTAMP(), 6, 63, 827219565);
Insert on time_statistics  (cost=0.00..0.01 rows=0 width=0) (actual time=0.008..0.008 rows=0 loops=1)
  ->  Result  (cost=0.00..0.01 rows=1 width=64) (actual time=0.001..0.002 rows=1 loops=1)
INSERT 0 1
with wscs as
 (select sold_date_sk
        ,sales_price
  from (select ws_sold_date_sk sold_date_sk
              ,ws_ext_sales_price sales_price
        from web_sales 
        union all
        select cs_sold_date_sk sold_date_sk
              ,cs_ext_sales_price sales_price
        from catalog_sales) x),
 wswscs as 
 (select d_week_seq,
        sum(case when (d_day_name='Sunday') then sales_price else null end) sun_sales,
        sum(case when (d_day_name='Monday') then sales_price else null end) mon_sales,
        sum(case when (d_day_name='Tuesday') then sales_price else  null end) tue_sales,
        sum(case when (d_day_name='Wednesday') then sales_price else null end) wed_sales,
        sum(case when (d_day_name='Thursday') then sales_price else null end) thu_sales,
        sum(case when (d_day_name='Friday') then sales_price else null end) fri_sales,
        sum(case when (d_day_name='Saturday') then sales_price else null end) sat_sales
 from wscs
     ,date_dim
 where d_date_sk = sold_date_sk
 group by d_week_seq)
 select d_week_seq1
       ,round(cast(sun_sales1/sun_sales2 AS NUMERIC),2)
       ,round(cast(mon_sales1/mon_sales2 AS NUMERIC),2)
       ,round(cast(tue_sales1/tue_sales2 AS NUMERIC),2)
       ,round(cast(wed_sales1/wed_sales2 AS NUMERIC),2)
       ,round(cast(thu_sales1/thu_sales2 AS NUMERIC),2)
       ,round(cast(fri_sales1/fri_sales2 AS NUMERIC),2)
       ,round(cast(sat_sales1/sat_sales2 AS NUMERIC),2)
 from
 (select wswscs.d_week_seq d_week_seq1
        ,sun_sales sun_sales1
        ,mon_sales mon_sales1
        ,tue_sales tue_sales1
        ,wed_sales wed_sales1
        ,thu_sales thu_sales1
        ,fri_sales fri_sales1
        ,sat_sales sat_sales1
  from wswscs,date_dim 
  where date_dim.d_week_seq = wswscs.d_week_seq and
        d_year = 1999) y,
 (select wswscs.d_week_seq d_week_seq2
        ,sun_sales sun_sales2
        ,mon_sales mon_sales2
        ,tue_sales tue_sales2
        ,wed_sales wed_sales2
        ,thu_sales thu_sales2
        ,fri_sales fri_sales2
        ,sat_sales sat_sales2
  from wswscs
      ,date_dim 
  where date_dim.d_week_seq = wswscs.d_week_seq and
        d_year = 1999+1) z
 where d_week_seq1=d_week_seq2-53
 order by d_week_seq1;
psql:/tmp/s1-basline/throughput/query_6.sql:3272: NOTICE:  duration: 744.666 ms  plan:
Query Text: with wscs as
 (select sold_date_sk
        ,sales_price
  from (select ws_sold_date_sk sold_date_sk
              ,ws_ext_sales_price sales_price
        from web_sales 
        union all
        select cs_sold_date_sk sold_date_sk
              ,cs_ext_sales_price sales_price
        from catalog_sales) x),
 wswscs as 
 (select d_week_seq,
        sum(case when (d_day_name='Sunday') then sales_price else null end) sun_sales,
        sum(case when (d_day_name='Monday') then sales_price else null end) mon_sales,
        sum(case when (d_day_name='Tuesday') then sales_price else  null end) tue_sales,
        sum(case when (d_day_name='Wednesday') then sales_price else null end) wed_sales,
        sum(case when (d_day_name='Thursday') then sales_price else null end) thu_sales,
        sum(case when (d_day_name='Friday') then sales_price else null end) fri_sales,
        sum(case when (d_day_name='Saturday') then sales_price else null end) sat_sales
 from wscs
     ,date_dim
 where d_date_sk = sold_date_sk
 group by d_week_seq)
 select d_week_seq1
       ,round(cast(sun_sales1/sun_sales2 AS NUMERIC),2)
       ,round(cast(mon_sales1/mon_sales2 AS NUMERIC),2)
       ,round(cast(tue_sales1/tue_sales2 AS NUMERIC),2)
       ,round(cast(wed_sales1/wed_sales2 AS NUMERIC),2)
       ,round(cast(thu_sales1/thu_sales2 AS NUMERIC),2)
       ,round(cast(fri_sales1/fri_sales2 AS NUMERIC),2)
       ,round(cast(sat_sales1/sat_sales2 AS NUMERIC),2)
 from
 (select wswscs.d_week_seq d_week_seq1
        ,sun_sales sun_sales1
        ,mon_sales mon_sales1
        ,tue_sales tue_sales1
        ,wed_sales wed_sales1
        ,thu_sales thu_sales1
        ,fri_sales fri_sales1
        ,sat_sales sat_sales1
  from wswscs,date_dim 
  where date_dim.d_week_seq = wswscs.d_week_seq and
        d_year = 1999) y,
 (select wswscs.d_week_seq d_week_seq2
        ,sun_sales sun_sales2
        ,mon_sales mon_sales2
        ,tue_sales tue_sales2
        ,wed_sales wed_sales2
        ,thu_sales thu_sales2
        ,fri_sales fri_sales2
        ,sat_sales sat_sales2
  from wswscs
      ,date_dim 
  where date_dim.d_week_seq = wswscs.d_week_seq and
        d_year = 1999+1) z
 where d_week_seq1=d_week_seq2-53
 order by d_week_seq1;
Sort  (cost=143069.69..143069.73 rows=13 width=228) (actual time=693.703..743.044 rows=2520 loops=1)
  Sort Key: wswscs.d_week_seq
  Sort Method: quicksort  Memory: 315kB
  CTE wswscs
    ->  Finalize GroupAggregate  (cost=134861.70..137814.49 rows=10421 width=60) (actual time=667.215..716.793 rows=263 loops=1)
          Group Key: date_dim_2.d_week_seq
          ->  Gather Merge  (cost=134861.70..137293.44 rows=20842 width=60) (actual time=667.209..716.583 rows=789 loops=1)
                Workers Planned: 2
                Workers Launched: 2
                ->  Sort  (cost=133861.68..133887.73 rows=10421 width=60) (actual time=662.690..662.706 rows=263 loops=3)
                      Sort Key: date_dim_2.d_week_seq
                      Sort Method: quicksort  Memory: 51kB
                      Worker 0:  Sort Method: quicksort  Memory: 51kB
                      Worker 1:  Sort Method: quicksort  Memory: 47kB
                      ->  Partial HashAggregate  (cost=133062.01..133166.22 rows=10421 width=60) (actual time=662.514..662.606 rows=263 loops=3)
                            Group Key: date_dim_2.d_week_seq
                            Batches: 1  Memory Usage: 465kB
                            Worker 0:  Batches: 1  Memory Usage: 465kB
                            Worker 1:  Batches: 1  Memory Usage: 465kB
                            ->  Hash Join  (cost=3048.60..99196.51 rows=903080 width=22) (actual time=29.751..421.961 rows=708517 loops=3)
                                  Hash Cond: (catalog_sales.cs_sold_date_sk = date_dim_2.d_date_sk)
                                  ->  Parallel Append  (cost=0.00..93777.19 rows=903079 width=16) (actual time=0.020..273.220 rows=710974 loops=3)
                                        ->  Parallel Seq Scan on catalog_sales  (cost=0.00..59490.16 rows=602016 width=16) (actual time=0.012..155.703 rows=473789 loops=3)
                                        ->  Parallel Seq Scan on web_sales  (cost=0.00..29771.63 rows=301063 width=16) (actual time=0.016..113.414 rows=355778 loops=2)
                                  ->  Hash  (cost=2135.49..2135.49 rows=73049 width=22) (actual time=29.321..29.322 rows=73049 loops=3)
                                        Buckets: 131072  Batches: 1  Memory Usage: 5019kB
                                        ->  Seq Scan on date_dim date_dim_2  (cost=0.00..2135.49 rows=73049 width=22) (actual time=0.021..17.310 rows=73049 loops=3)
  ->  Hash Join  (cost=5006.66..5254.97 rows=13 width=228) (actual time=683.477..693.064 rows=2520 loops=1)
        Hash Cond: (wswscs.d_week_seq = date_dim.d_week_seq)
        ->  CTE Scan on wswscs  (cost=0.00..208.42 rows=10421 width=60) (actual time=667.218..667.238 rows=263 loops=1)
        ->  Hash  (cost=5006.49..5006.49 rows=13 width=64) (actual time=16.226..16.228 rows=2520 loops=1)
              Buckets: 4096 (originally 1024)  Batches: 1 (originally 1)  Memory Usage: 278kB
              ->  Merge Join  (cost=5000.92..5006.49 rows=13 width=64) (actual time=15.167..15.612 rows=2520 loops=1)
                    Merge Cond: (((wswscs_1.d_week_seq - 53)) = date_dim.d_week_seq)
                    ->  Sort  (cost=2667.37..2668.28 rows=363 width=60) (actual time=8.763..8.784 rows=366 loops=1)
                          Sort Key: ((wswscs_1.d_week_seq - 53))
                          Sort Method: quicksort  Memory: 62kB
                          ->  Hash Join  (cost=2322.65..2651.94 rows=363 width=60) (actual time=8.380..8.676 rows=366 loops=1)
                                Hash Cond: (wswscs_1.d_week_seq = date_dim_1.d_week_seq)
                                ->  CTE Scan on wswscs wswscs_1  (cost=0.00..208.42 rows=10421 width=60) (actual time=0.001..0.417 rows=263 loops=1)
                                ->  Hash  (cost=2318.11..2318.11 rows=363 width=4) (actual time=8.188..8.189 rows=366 loops=1)
                                      Buckets: 1024  Batches: 1  Memory Usage: 21kB
                                      ->  Seq Scan on date_dim date_dim_1  (cost=0.00..2318.11 rows=363 width=4) (actual time=3.970..8.129 rows=366 loops=1)
                                            Filter: (d_year = 2000)
                                            Rows Removed by Filter: 72683
                    ->  Sort  (cost=2333.55..2334.45 rows=363 width=4) (actual time=6.399..6.500 rows=2521 loops=1)
                          Sort Key: date_dim.d_week_seq
                          Sort Method: quicksort  Memory: 25kB
                          ->  Seq Scan on date_dim  (cost=0.00..2318.11 rows=363 width=4) (actual time=3.124..6.371 rows=365 loops=1)
                                Filter: (d_year = 1999)
                                Rows Removed by Filter: 72684
 d_week_seq1 | round | round | round | round | round | round | round 
-------------+-------+-------+-------+-------+-------+-------+-------
        5166 |  1.13 |  1.19 |  3.07 |  3.81 |  4.35 |  2.04 |  2.20
        5166 |  1.13 |  1.19 |  3.07 |  3.81 |  4.35 |  2.04 |  2.20
        5166 |  1.13 |  1.19 |  3.07 |  3.81 |  4.35 |  2.04 |  2.20
        5166 |  1.13 |  1.19 |  3.07 |  3.81 |  4.35 |  2.04 |  2.20
        5166 |  1.13 |  1.19 |  3.07 |  3.81 |  4.35 |  2.04 |  2.20
        5166 |  1.13 |  1.19 |  3.07 |  3.81 |  4.35 |  2.04 |  2.20
        5166 |  1.13 |  1.19 |  3.07 |  3.81 |  4.35 |  2.04 |  2.20
        5166 |  1.13 |  1.19 |  3.07 |  3.81 |  4.35 |  2.04 |  2.20
        5166 |  1.13 |  1.19 |  3.07 |  3.81 |  4.35 |  2.04 |  2.20
        5166 |  1.13 |  1.19 |  3.07 |  3.81 |  4.35 |  2.04 |  2.20
        5166 |  1.13 |  1.19 |  3.07 |  3.81 |  4.35 |  2.04 |  2.20
        5166 |  1.13 |  1.19 |  3.07 |  3.81 |  4.35 |  2.04 |  2.20
        5166 |  1.13 |  1.19 |  3.07 |  3.81 |  4.35 |  2.04 |  2.20
        5166 |  1.13 |  1.19 |  3.07 |  3.81 |  4.35 |  2.04 |  2.20
        5166 |  1.13 |  1.19 |  3.07 |  3.81 |  4.35 |  2.04 |  2.20
        5166 |  1.13 |  1.19 |  3.07 |  3.81 |  4.35 |  2.04 |  2.20
        5166 |  1.13 |  1.19 |  3.07 |  3.81 |  4.35 |  2.04 |  2.20
        5166 |  1.13 |  1.19 |  3.07 |  3.81 |  4.35 |  2.04 |  2.20
        5166 |  1.13 |  1.19 |  3.07 |  3.81 |  4.35 |  2.04 |  2.20
        5166 |  1.13 |  1.19 |  3.07 |  3.81 |  4.35 |  2.04 |  2.20
        5166 |  1.13 |  1.19 |  3.07 |  3.81 |  4.35 |  2.04 |  2.20
        5166 |  1.13 |  1.19 |  3.07 |  3.81 |  4.35 |  2.04 |  2.20
        5166 |  1.13 |  1.19 |  3.07 |  3.81 |  4.35 |  2.04 |  2.20
        5166 |  1.13 |  1.19 |  3.07 |  3.81 |  4.35 |  2.04 |  2.20
        5166 |  1.13 |  1.19 |  3.07 |  3.81 |  4.35 |  2.04 |  2.20
        5166 |  1.13 |  1.19 |  3.07 |  3.81 |  4.35 |  2.04 |  2.20
        5166 |  1.13 |  1.19 |  3.07 |  3.81 |  4.35 |  2.04 |  2.20
        5166 |  1.13 |  1.19 |  3.07 |  3.81 |  4.35 |  2.04 |  2.20
        5167 |  1.28 |  0.92 |  1.19 |  1.08 |  1.33 |  0.97 |  0.79
        5167 |  1.28 |  0.92 |  1.19 |  1.08 |  1.33 |  0.97 |  0.79
        5167 |  1.28 |  0.92 |  1.19 |  1.08 |  1.33 |  0.97 |  0.79
        5167 |  1.28 |  0.92 |  1.19 |  1.08 |  1.33 |  0.97 |  0.79
        5167 |  1.28 |  0.92 |  1.19 |  1.08 |  1.33 |  0.97 |  0.79
        5167 |  1.28 |  0.92 |  1.19 |  1.08 |  1.33 |  0.97 |  0.79
        5167 |  1.28 |  0.92 |  1.19 |  1.08 |  1.33 |  0.97 |  0.79
        5167 |  1.28 |  0.92 |  1.19 |  1.08 |  1.33 |  0.97 |  0.79
        5167 |  1.28 |  0.92 |  1.19 |  1.08 |  1.33 |  0.97 |  0.79
        5167 |  1.28 |  0.92 |  1.19 |  1.08 |  1.33 |  0.97 |  0.79
        5167 |  1.28 |  0.92 |  1.19 |  1.08 |  1.33 |  0.97 |  0.79
        5167 |  1.28 |  0.92 |  1.19 |  1.08 |  1.33 |  0.97 |  0.79
        5167 |  1.28 |  0.92 |  1.19 |  1.08 |  1.33 |  0.97 |  0.79
        5167 |  1.28 |  0.92 |  1.19 |  1.08 |  1.33 |  0.97 |  0.79
        5167 |  1.28 |  0.92 |  1.19 |  1.08 |  1.33 |  0.97 |  0.79
        5167 |  1.28 |  0.92 |  1.19 |  1.08 |  1.33 |  0.97 |  0.79
        5167 |  1.28 |  0.92 |  1.19 |  1.08 |  1.33 |  0.97 |  0.79
        5167 |  1.28 |  0.92 |  1.19 |  1.08 |  1.33 |  0.97 |  0.79
        5167 |  1.28 |  0.92 |  1.19 |  1.08 |  1.33 |  0.97 |  0.79
        5167 |  1.28 |  0.92 |  1.19 |  1.08 |  1.33 |  0.97 |  0.79
        5167 |  1.28 |  0.92 |  1.19 |  1.08 |  1.33 |  0.97 |  0.79
        5167 |  1.28 |  0.92 |  1.19 |  1.08 |  1.33 |  0.97 |  0.79
        5167 |  1.28 |  0.92 |  1.19 |  1.08 |  1.33 |  0.97 |  0.79
        5167 |  1.28 |  0.92 |  1.19 |  1.08 |  1.33 |  0.97 |  0.79
        5167 |  1.28 |  0.92 |  1.19 |  1.08 |  1.33 |  0.97 |  0.79
        5167 |  1.28 |  0.92 |  1.19 |  1.08 |  1.33 |  0.97 |  0.79
        5167 |  1.28 |  0.92 |  1.19 |  1.08 |  1.33 |  0.97 |  0.79
        5167 |  1.28 |  0.92 |  1.19 |  1.08 |  1.33 |  0.97 |  0.79
        5167 |  1.28 |  0.92 |  1.19 |  1.08 |  1.33 |  0.97 |  0.79
        5167 |  1.28 |  0.92 |  1.19 |  1.08 |  1.33 |  0.97 |  0.79
        5167 |  1.28 |  0.92 |  1.19 |  1.08 |  1.33 |  0.97 |  0.79
        5167 |  1.28 |  0.92 |  1.19 |  1.08 |  1.33 |  0.97 |  0.79
        5167 |  1.28 |  0.92 |  1.19 |  1.08 |  1.33 |  0.97 |  0.79
        5167 |  1.28 |  0.92 |  1.19 |  1.08 |  1.33 |  0.97 |  0.79
        5167 |  1.28 |  0.92 |  1.19 |  1.08 |  1.33 |  0.97 |  0.79
        5167 |  1.28 |  0.92 |  1.19 |  1.08 |  1.33 |  0.97 |  0.79
        5167 |  1.28 |  0.92 |  1.19 |  1.08 |  1.33 |  0.97 |  0.79
        5167 |  1.28 |  0.92 |  1.19 |  1.08 |  1.33 |  0.97 |  0.79
        5167 |  1.28 |  0.92 |  1.19 |  1.08 |  1.33 |  0.97 |  0.79
        5167 |  1.28 |  0.92 |  1.19 |  1.08 |  1.33 |  0.97 |  0.79
        5167 |  1.28 |  0.92 |  1.19 |  1.08 |  1.33 |  0.97 |  0.79
        5167 |  1.28 |  0.92 |  1.19 |  1.08 |  1.33 |  0.97 |  0.79
        5167 |  1.28 |  0.92 |  1.19 |  1.08 |  1.33 |  0.97 |  0.79
        5167 |  1.28 |  0.92 |  1.19 |  1.08 |  1.33 |  0.97 |  0.79
        5167 |  1.28 |  0.92 |  1.19 |  1.08 |  1.33 |  0.97 |  0.79
        5167 |  1.28 |  0.92 |  1.19 |  1.08 |  1.33 |  0.97 |  0.79
        5167 |  1.28 |  0.92 |  1.19 |  1.08 |  1.33 |  0.97 |  0.79
        5167 |  1.28 |  0.92 |  1.19 |  1.08 |  1.33 |  0.97 |  0.79
        5167 |  1.28 |  0.92 |  1.19 |  1.08 |  1.33 |  0.97 |  0.79
        5168 |  1.05 |  0.86 |  0.96 |  0.90 |  0.78 |  0.76 |  0.87
        5168 |  1.05 |  0.86 |  0.96 |  0.90 |  0.78 |  0.76 |  0.87
        5168 |  1.05 |  0.86 |  0.96 |  0.90 |  0.78 |  0.76 |  0.87
        5168 |  1.05 |  0.86 |  0.96 |  0.90 |  0.78 |  0.76 |  0.87
        5168 |  1.05 |  0.86 |  0.96 |  0.90 |  0.78 |  0.76 |  0.87
        5168 |  1.05 |  0.86 |  0.96 |  0.90 |  0.78 |  0.76 |  0.87
        5168 |  1.05 |  0.86 |  0.96 |  0.90 |  0.78 |  0.76 |  0.87
        5168 |  1.05 |  0.86 |  0.96 |  0.90 |  0.78 |  0.76 |  0.87
        5168 |  1.05 |  0.86 |  0.96 |  0.90 |  0.78 |  0.76 |  0.87
        5168 |  1.05 |  0.86 |  0.96 |  0.90 |  0.78 |  0.76 |  0.87
        5168 |  1.05 |  0.86 |  0.96 |  0.90 |  0.78 |  0.76 |  0.87
        5168 |  1.05 |  0.86 |  0.96 |  0.90 |  0.78 |  0.76 |  0.87
        5168 |  1.05 |  0.86 |  0.96 |  0.90 |  0.78 |  0.76 |  0.87
        5168 |  1.05 |  0.86 |  0.96 |  0.90 |  0.78 |  0.76 |  0.87
        5168 |  1.05 |  0.86 |  0.96 |  0.90 |  0.78 |  0.76 |  0.87
        5168 |  1.05 |  0.86 |  0.96 |  0.90 |  0.78 |  0.76 |  0.87
        5168 |  1.05 |  0.86 |  0.96 |  0.90 |  0.78 |  0.76 |  0.87
        5168 |  1.05 |  0.86 |  0.96 |  0.90 |  0.78 |  0.76 |  0.87
        5168 |  1.05 |  0.86 |  0.96 |  0.90 |  0.78 |  0.76 |  0.87
        5168 |  1.05 |  0.86 |  0.96 |  0.90 |  0.78 |  0.76 |  0.87
        5168 |  1.05 |  0.86 |  0.96 |  0.90 |  0.78 |  0.76 |  0.87
        5168 |  1.05 |  0.86 |  0.96 |  0.90 |  0.78 |  0.76 |  0.87
        5168 |  1.05 |  0.86 |  0.96 |  0.90 |  0.78 |  0.76 |  0.87
        5168 |  1.05 |  0.86 |  0.96 |  0.90 |  0.78 |  0.76 |  0.87
        5168 |  1.05 |  0.86 |  0.96 |  0.90 |  0.78 |  0.76 |  0.87
        5168 |  1.05 |  0.86 |  0.96 |  0.90 |  0.78 |  0.76 |  0.87
        5168 |  1.05 |  0.86 |  0.96 |  0.90 |  0.78 |  0.76 |  0.87
        5168 |  1.05 |  0.86 |  0.96 |  0.90 |  0.78 |  0.76 |  0.87
        5168 |  1.05 |  0.86 |  0.96 |  0.90 |  0.78 |  0.76 |  0.87
        5168 |  1.05 |  0.86 |  0.96 |  0.90 |  0.78 |  0.76 |  0.87
        5168 |  1.05 |  0.86 |  0.96 |  0.90 |  0.78 |  0.76 |  0.87
        5168 |  1.05 |  0.86 |  0.96 |  0.90 |  0.78 |  0.76 |  0.87
        5168 |  1.05 |  0.86 |  0.96 |  0.90 |  0.78 |  0.76 |  0.87
        5168 |  1.05 |  0.86 |  0.96 |  0.90 |  0.78 |  0.76 |  0.87
        5168 |  1.05 |  0.86 |  0.96 |  0.90 |  0.78 |  0.76 |  0.87
        5168 |  1.05 |  0.86 |  0.96 |  0.90 |  0.78 |  0.76 |  0.87
        5168 |  1.05 |  0.86 |  0.96 |  0.90 |  0.78 |  0.76 |  0.87
        5168 |  1.05 |  0.86 |  0.96 |  0.90 |  0.78 |  0.76 |  0.87
        5168 |  1.05 |  0.86 |  0.96 |  0.90 |  0.78 |  0.76 |  0.87
        5168 |  1.05 |  0.86 |  0.96 |  0.90 |  0.78 |  0.76 |  0.87
        5168 |  1.05 |  0.86 |  0.96 |  0.90 |  0.78 |  0.76 |  0.87
        5168 |  1.05 |  0.86 |  0.96 |  0.90 |  0.78 |  0.76 |  0.87
        5168 |  1.05 |  0.86 |  0.96 |  0.90 |  0.78 |  0.76 |  0.87
        5168 |  1.05 |  0.86 |  0.96 |  0.90 |  0.78 |  0.76 |  0.87
        5168 |  1.05 |  0.86 |  0.96 |  0.90 |  0.78 |  0.76 |  0.87
        5168 |  1.05 |  0.86 |  0.96 |  0.90 |  0.78 |  0.76 |  0.87
        5168 |  1.05 |  0.86 |  0.96 |  0.90 |  0.78 |  0.76 |  0.87
        5168 |  1.05 |  0.86 |  0.96 |  0.90 |  0.78 |  0.76 |  0.87
        5168 |  1.05 |  0.86 |  0.96 |  0.90 |  0.78 |  0.76 |  0.87
        5169 |  1.30 |  1.17 |  0.85 |  0.98 |  1.09 |  0.94 |  1.02
        5169 |  1.30 |  1.17 |  0.85 |  0.98 |  1.09 |  0.94 |  1.02
        5169 |  1.30 |  1.17 |  0.85 |  0.98 |  1.09 |  0.94 |  1.02
        5169 |  1.30 |  1.17 |  0.85 |  0.98 |  1.09 |  0.94 |  1.02
        5169 |  1.30 |  1.17 |  0.85 |  0.98 |  1.09 |  0.94 |  1.02
        5169 |  1.30 |  1.17 |  0.85 |  0.98 |  1.09 |  0.94 |  1.02
        5169 |  1.30 |  1.17 |  0.85 |  0.98 |  1.09 |  0.94 |  1.02
        5169 |  1.30 |  1.17 |  0.85 |  0.98 |  1.09 |  0.94 |  1.02
        5169 |  1.30 |  1.17 |  0.85 |  0.98 |  1.09 |  0.94 |  1.02
        5169 |  1.30 |  1.17 |  0.85 |  0.98 |  1.09 |  0.94 |  1.02
        5169 |  1.30 |  1.17 |  0.85 |  0.98 |  1.09 |  0.94 |  1.02
        5169 |  1.30 |  1.17 |  0.85 |  0.98 |  1.09 |  0.94 |  1.02
        5169 |  1.30 |  1.17 |  0.85 |  0.98 |  1.09 |  0.94 |  1.02
        5169 |  1.30 |  1.17 |  0.85 |  0.98 |  1.09 |  0.94 |  1.02
        5169 |  1.30 |  1.17 |  0.85 |  0.98 |  1.09 |  0.94 |  1.02
        5169 |  1.30 |  1.17 |  0.85 |  0.98 |  1.09 |  0.94 |  1.02
        5169 |  1.30 |  1.17 |  0.85 |  0.98 |  1.09 |  0.94 |  1.02
        5169 |  1.30 |  1.17 |  0.85 |  0.98 |  1.09 |  0.94 |  1.02
        5169 |  1.30 |  1.17 |  0.85 |  0.98 |  1.09 |  0.94 |  1.02
        5169 |  1.30 |  1.17 |  0.85 |  0.98 |  1.09 |  0.94 |  1.02
        5169 |  1.30 |  1.17 |  0.85 |  0.98 |  1.09 |  0.94 |  1.02
        5169 |  1.30 |  1.17 |  0.85 |  0.98 |  1.09 |  0.94 |  1.02
        5169 |  1.30 |  1.17 |  0.85 |  0.98 |  1.09 |  0.94 |  1.02
        5169 |  1.30 |  1.17 |  0.85 |  0.98 |  1.09 |  0.94 |  1.02
        5169 |  1.30 |  1.17 |  0.85 |  0.98 |  1.09 |  0.94 |  1.02
        5169 |  1.30 |  1.17 |  0.85 |  0.98 |  1.09 |  0.94 |  1.02
        5169 |  1.30 |  1.17 |  0.85 |  0.98 |  1.09 |  0.94 |  1.02
        5169 |  1.30 |  1.17 |  0.85 |  0.98 |  1.09 |  0.94 |  1.02
        5169 |  1.30 |  1.17 |  0.85 |  0.98 |  1.09 |  0.94 |  1.02
        5169 |  1.30 |  1.17 |  0.85 |  0.98 |  1.09 |  0.94 |  1.02
        5169 |  1.30 |  1.17 |  0.85 |  0.98 |  1.09 |  0.94 |  1.02
        5169 |  1.30 |  1.17 |  0.85 |  0.98 |  1.09 |  0.94 |  1.02
        5169 |  1.30 |  1.17 |  0.85 |  0.98 |  1.09 |  0.94 |  1.02
        5169 |  1.30 |  1.17 |  0.85 |  0.98 |  1.09 |  0.94 |  1.02
        5169 |  1.30 |  1.17 |  0.85 |  0.98 |  1.09 |  0.94 |  1.02
        5169 |  1.30 |  1.17 |  0.85 |  0.98 |  1.09 |  0.94 |  1.02
        5169 |  1.30 |  1.17 |  0.85 |  0.98 |  1.09 |  0.94 |  1.02
        5169 |  1.30 |  1.17 |  0.85 |  0.98 |  1.09 |  0.94 |  1.02
        5169 |  1.30 |  1.17 |  0.85 |  0.98 |  1.09 |  0.94 |  1.02
        5169 |  1.30 |  1.17 |  0.85 |  0.98 |  1.09 |  0.94 |  1.02
        5169 |  1.30 |  1.17 |  0.85 |  0.98 |  1.09 |  0.94 |  1.02
        5169 |  1.30 |  1.17 |  0.85 |  0.98 |  1.09 |  0.94 |  1.02
        5169 |  1.30 |  1.17 |  0.85 |  0.98 |  1.09 |  0.94 |  1.02
        5169 |  1.30 |  1.17 |  0.85 |  0.98 |  1.09 |  0.94 |  1.02
        5169 |  1.30 |  1.17 |  0.85 |  0.98 |  1.09 |  0.94 |  1.02
        5169 |  1.30 |  1.17 |  0.85 |  0.98 |  1.09 |  0.94 |  1.02
        5169 |  1.30 |  1.17 |  0.85 |  0.98 |  1.09 |  0.94 |  1.02
        5169 |  1.30 |  1.17 |  0.85 |  0.98 |  1.09 |  0.94 |  1.02
        5169 |  1.30 |  1.17 |  0.85 |  0.98 |  1.09 |  0.94 |  1.02
        5170 |  1.02 |  0.89 |  0.93 |  1.01 |  0.84 |  0.97 |  0.84
        5170 |  1.02 |  0.89 |  0.93 |  1.01 |  0.84 |  0.97 |  0.84
        5170 |  1.02 |  0.89 |  0.93 |  1.01 |  0.84 |  0.97 |  0.84
        5170 |  1.02 |  0.89 |  0.93 |  1.01 |  0.84 |  0.97 |  0.84
        5170 |  1.02 |  0.89 |  0.93 |  1.01 |  0.84 |  0.97 |  0.84
        5170 |  1.02 |  0.89 |  0.93 |  1.01 |  0.84 |  0.97 |  0.84
        5170 |  1.02 |  0.89 |  0.93 |  1.01 |  0.84 |  0.97 |  0.84
        5170 |  1.02 |  0.89 |  0.93 |  1.01 |  0.84 |  0.97 |  0.84
        5170 |  1.02 |  0.89 |  0.93 |  1.01 |  0.84 |  0.97 |  0.84
        5170 |  1.02 |  0.89 |  0.93 |  1.01 |  0.84 |  0.97 |  0.84
        5170 |  1.02 |  0.89 |  0.93 |  1.01 |  0.84 |  0.97 |  0.84
        5170 |  1.02 |  0.89 |  0.93 |  1.01 |  0.84 |  0.97 |  0.84
        5170 |  1.02 |  0.89 |  0.93 |  1.01 |  0.84 |  0.97 |  0.84
        5170 |  1.02 |  0.89 |  0.93 |  1.01 |  0.84 |  0.97 |  0.84
        5170 |  1.02 |  0.89 |  0.93 |  1.01 |  0.84 |  0.97 |  0.84
        5170 |  1.02 |  0.89 |  0.93 |  1.01 |  0.84 |  0.97 |  0.84
        5170 |  1.02 |  0.89 |  0.93 |  1.01 |  0.84 |  0.97 |  0.84
        5170 |  1.02 |  0.89 |  0.93 |  1.01 |  0.84 |  0.97 |  0.84
        5170 |  1.02 |  0.89 |  0.93 |  1.01 |  0.84 |  0.97 |  0.84
        5170 |  1.02 |  0.89 |  0.93 |  1.01 |  0.84 |  0.97 |  0.84
        5170 |  1.02 |  0.89 |  0.93 |  1.01 |  0.84 |  0.97 |  0.84
        5170 |  1.02 |  0.89 |  0.93 |  1.01 |  0.84 |  0.97 |  0.84
        5170 |  1.02 |  0.89 |  0.93 |  1.01 |  0.84 |  0.97 |  0.84
        5170 |  1.02 |  0.89 |  0.93 |  1.01 |  0.84 |  0.97 |  0.84
        5170 |  1.02 |  0.89 |  0.93 |  1.01 |  0.84 |  0.97 |  0.84
        5170 |  1.02 |  0.89 |  0.93 |  1.01 |  0.84 |  0.97 |  0.84
        5170 |  1.02 |  0.89 |  0.93 |  1.01 |  0.84 |  0.97 |  0.84
        5170 |  1.02 |  0.89 |  0.93 |  1.01 |  0.84 |  0.97 |  0.84
        5170 |  1.02 |  0.89 |  0.93 |  1.01 |  0.84 |  0.97 |  0.84
        5170 |  1.02 |  0.89 |  0.93 |  1.01 |  0.84 |  0.97 |  0.84
        5170 |  1.02 |  0.89 |  0.93 |  1.01 |  0.84 |  0.97 |  0.84
        5170 |  1.02 |  0.89 |  0.93 |  1.01 |  0.84 |  0.97 |  0.84
        5170 |  1.02 |  0.89 |  0.93 |  1.01 |  0.84 |  0.97 |  0.84
        5170 |  1.02 |  0.89 |  0.93 |  1.01 |  0.84 |  0.97 |  0.84
        5170 |  1.02 |  0.89 |  0.93 |  1.01 |  0.84 |  0.97 |  0.84
        5170 |  1.02 |  0.89 |  0.93 |  1.01 |  0.84 |  0.97 |  0.84
        5170 |  1.02 |  0.89 |  0.93 |  1.01 |  0.84 |  0.97 |  0.84
        5170 |  1.02 |  0.89 |  0.93 |  1.01 |  0.84 |  0.97 |  0.84
        5170 |  1.02 |  0.89 |  0.93 |  1.01 |  0.84 |  0.97 |  0.84
        5170 |  1.02 |  0.89 |  0.93 |  1.01 |  0.84 |  0.97 |  0.84
        5170 |  1.02 |  0.89 |  0.93 |  1.01 |  0.84 |  0.97 |  0.84
        5170 |  1.02 |  0.89 |  0.93 |  1.01 |  0.84 |  0.97 |  0.84
        5170 |  1.02 |  0.89 |  0.93 |  1.01 |  0.84 |  0.97 |  0.84
        5170 |  1.02 |  0.89 |  0.93 |  1.01 |  0.84 |  0.97 |  0.84
        5170 |  1.02 |  0.89 |  0.93 |  1.01 |  0.84 |  0.97 |  0.84
        5170 |  1.02 |  0.89 |  0.93 |  1.01 |  0.84 |  0.97 |  0.84
        5170 |  1.02 |  0.89 |  0.93 |  1.01 |  0.84 |  0.97 |  0.84
        5170 |  1.02 |  0.89 |  0.93 |  1.01 |  0.84 |  0.97 |  0.84
        5170 |  1.02 |  0.89 |  0.93 |  1.01 |  0.84 |  0.97 |  0.84
        5171 |  1.04 |  0.99 |  0.81 |  0.90 |  1.20 |  0.94 |  0.92
        5171 |  1.04 |  0.99 |  0.81 |  0.90 |  1.20 |  0.94 |  0.92
        5171 |  1.04 |  0.99 |  0.81 |  0.90 |  1.20 |  0.94 |  0.92
        5171 |  1.04 |  0.99 |  0.81 |  0.90 |  1.20 |  0.94 |  0.92
        5171 |  1.04 |  0.99 |  0.81 |  0.90 |  1.20 |  0.94 |  0.92
        5171 |  1.04 |  0.99 |  0.81 |  0.90 |  1.20 |  0.94 |  0.92
        5171 |  1.04 |  0.99 |  0.81 |  0.90 |  1.20 |  0.94 |  0.92
        5171 |  1.04 |  0.99 |  0.81 |  0.90 |  1.20 |  0.94 |  0.92
        5171 |  1.04 |  0.99 |  0.81 |  0.90 |  1.20 |  0.94 |  0.92
        5171 |  1.04 |  0.99 |  0.81 |  0.90 |  1.20 |  0.94 |  0.92
        5171 |  1.04 |  0.99 |  0.81 |  0.90 |  1.20 |  0.94 |  0.92
        5171 |  1.04 |  0.99 |  0.81 |  0.90 |  1.20 |  0.94 |  0.92
        5171 |  1.04 |  0.99 |  0.81 |  0.90 |  1.20 |  0.94 |  0.92
        5171 |  1.04 |  0.99 |  0.81 |  0.90 |  1.20 |  0.94 |  0.92
        5171 |  1.04 |  0.99 |  0.81 |  0.90 |  1.20 |  0.94 |  0.92
        5171 |  1.04 |  0.99 |  0.81 |  0.90 |  1.20 |  0.94 |  0.92
        5171 |  1.04 |  0.99 |  0.81 |  0.90 |  1.20 |  0.94 |  0.92
        5171 |  1.04 |  0.99 |  0.81 |  0.90 |  1.20 |  0.94 |  0.92
        5171 |  1.04 |  0.99 |  0.81 |  0.90 |  1.20 |  0.94 |  0.92
        5171 |  1.04 |  0.99 |  0.81 |  0.90 |  1.20 |  0.94 |  0.92
        5171 |  1.04 |  0.99 |  0.81 |  0.90 |  1.20 |  0.94 |  0.92
        5171 |  1.04 |  0.99 |  0.81 |  0.90 |  1.20 |  0.94 |  0.92
        5171 |  1.04 |  0.99 |  0.81 |  0.90 |  1.20 |  0.94 |  0.92
        5171 |  1.04 |  0.99 |  0.81 |  0.90 |  1.20 |  0.94 |  0.92
        5171 |  1.04 |  0.99 |  0.81 |  0.90 |  1.20 |  0.94 |  0.92
        5171 |  1.04 |  0.99 |  0.81 |  0.90 |  1.20 |  0.94 |  0.92
        5171 |  1.04 |  0.99 |  0.81 |  0.90 |  1.20 |  0.94 |  0.92
        5171 |  1.04 |  0.99 |  0.81 |  0.90 |  1.20 |  0.94 |  0.92
        5171 |  1.04 |  0.99 |  0.81 |  0.90 |  1.20 |  0.94 |  0.92
        5171 |  1.04 |  0.99 |  0.81 |  0.90 |  1.20 |  0.94 |  0.92
        5171 |  1.04 |  0.99 |  0.81 |  0.90 |  1.20 |  0.94 |  0.92
        5171 |  1.04 |  0.99 |  0.81 |  0.90 |  1.20 |  0.94 |  0.92
        5171 |  1.04 |  0.99 |  0.81 |  0.90 |  1.20 |  0.94 |  0.92
        5171 |  1.04 |  0.99 |  0.81 |  0.90 |  1.20 |  0.94 |  0.92
        5171 |  1.04 |  0.99 |  0.81 |  0.90 |  1.20 |  0.94 |  0.92
        5171 |  1.04 |  0.99 |  0.81 |  0.90 |  1.20 |  0.94 |  0.92
        5171 |  1.04 |  0.99 |  0.81 |  0.90 |  1.20 |  0.94 |  0.92
        5171 |  1.04 |  0.99 |  0.81 |  0.90 |  1.20 |  0.94 |  0.92
        5171 |  1.04 |  0.99 |  0.81 |  0.90 |  1.20 |  0.94 |  0.92
        5171 |  1.04 |  0.99 |  0.81 |  0.90 |  1.20 |  0.94 |  0.92
        5171 |  1.04 |  0.99 |  0.81 |  0.90 |  1.20 |  0.94 |  0.92
        5171 |  1.04 |  0.99 |  0.81 |  0.90 |  1.20 |  0.94 |  0.92
        5171 |  1.04 |  0.99 |  0.81 |  0.90 |  1.20 |  0.94 |  0.92
        5171 |  1.04 |  0.99 |  0.81 |  0.90 |  1.20 |  0.94 |  0.92
        5171 |  1.04 |  0.99 |  0.81 |  0.90 |  1.20 |  0.94 |  0.92
        5171 |  1.04 |  0.99 |  0.81 |  0.90 |  1.20 |  0.94 |  0.92
        5171 |  1.04 |  0.99 |  0.81 |  0.90 |  1.20 |  0.94 |  0.92
        5171 |  1.04 |  0.99 |  0.81 |  0.90 |  1.20 |  0.94 |  0.92
        5171 |  1.04 |  0.99 |  0.81 |  0.90 |  1.20 |  0.94 |  0.92
        5172 |  1.18 |  0.80 |  0.85 |  1.20 |  1.20 |  0.87 |  0.85
        5172 |  1.18 |  0.80 |  0.85 |  1.20 |  1.20 |  0.87 |  0.85
        5172 |  1.18 |  0.80 |  0.85 |  1.20 |  1.20 |  0.87 |  0.85
        5172 |  1.18 |  0.80 |  0.85 |  1.20 |  1.20 |  0.87 |  0.85
        5172 |  1.18 |  0.80 |  0.85 |  1.20 |  1.20 |  0.87 |  0.85
        5172 |  1.18 |  0.80 |  0.85 |  1.20 |  1.20 |  0.87 |  0.85
        5172 |  1.18 |  0.80 |  0.85 |  1.20 |  1.20 |  0.87 |  0.85
        5172 |  1.18 |  0.80 |  0.85 |  1.20 |  1.20 |  0.87 |  0.85
        5172 |  1.18 |  0.80 |  0.85 |  1.20 |  1.20 |  0.87 |  0.85
        5172 |  1.18 |  0.80 |  0.85 |  1.20 |  1.20 |  0.87 |  0.85
        5172 |  1.18 |  0.80 |  0.85 |  1.20 |  1.20 |  0.87 |  0.85
        5172 |  1.18 |  0.80 |  0.85 |  1.20 |  1.20 |  0.87 |  0.85
        5172 |  1.18 |  0.80 |  0.85 |  1.20 |  1.20 |  0.87 |  0.85
        5172 |  1.18 |  0.80 |  0.85 |  1.20 |  1.20 |  0.87 |  0.85
        5172 |  1.18 |  0.80 |  0.85 |  1.20 |  1.20 |  0.87 |  0.85
        5172 |  1.18 |  0.80 |  0.85 |  1.20 |  1.20 |  0.87 |  0.85
        5172 |  1.18 |  0.80 |  0.85 |  1.20 |  1.20 |  0.87 |  0.85
        5172 |  1.18 |  0.80 |  0.85 |  1.20 |  1.20 |  0.87 |  0.85
        5172 |  1.18 |  0.80 |  0.85 |  1.20 |  1.20 |  0.87 |  0.85
        5172 |  1.18 |  0.80 |  0.85 |  1.20 |  1.20 |  0.87 |  0.85
        5172 |  1.18 |  0.80 |  0.85 |  1.20 |  1.20 |  0.87 |  0.85
        5172 |  1.18 |  0.80 |  0.85 |  1.20 |  1.20 |  0.87 |  0.85
        5172 |  1.18 |  0.80 |  0.85 |  1.20 |  1.20 |  0.87 |  0.85
        5172 |  1.18 |  0.80 |  0.85 |  1.20 |  1.20 |  0.87 |  0.85
        5172 |  1.18 |  0.80 |  0.85 |  1.20 |  1.20 |  0.87 |  0.85
        5172 |  1.18 |  0.80 |  0.85 |  1.20 |  1.20 |  0.87 |  0.85
        5172 |  1.18 |  0.80 |  0.85 |  1.20 |  1.20 |  0.87 |  0.85
        5172 |  1.18 |  0.80 |  0.85 |  1.20 |  1.20 |  0.87 |  0.85
        5172 |  1.18 |  0.80 |  0.85 |  1.20 |  1.20 |  0.87 |  0.85
        5172 |  1.18 |  0.80 |  0.85 |  1.20 |  1.20 |  0.87 |  0.85
        5172 |  1.18 |  0.80 |  0.85 |  1.20 |  1.20 |  0.87 |  0.85
        5172 |  1.18 |  0.80 |  0.85 |  1.20 |  1.20 |  0.87 |  0.85
        5172 |  1.18 |  0.80 |  0.85 |  1.20 |  1.20 |  0.87 |  0.85
        5172 |  1.18 |  0.80 |  0.85 |  1.20 |  1.20 |  0.87 |  0.85
        5172 |  1.18 |  0.80 |  0.85 |  1.20 |  1.20 |  0.87 |  0.85
        5172 |  1.18 |  0.80 |  0.85 |  1.20 |  1.20 |  0.87 |  0.85
        5172 |  1.18 |  0.80 |  0.85 |  1.20 |  1.20 |  0.87 |  0.85
        5172 |  1.18 |  0.80 |  0.85 |  1.20 |  1.20 |  0.87 |  0.85
        5172 |  1.18 |  0.80 |  0.85 |  1.20 |  1.20 |  0.87 |  0.85
        5172 |  1.18 |  0.80 |  0.85 |  1.20 |  1.20 |  0.87 |  0.85
        5172 |  1.18 |  0.80 |  0.85 |  1.20 |  1.20 |  0.87 |  0.85
        5172 |  1.18 |  0.80 |  0.85 |  1.20 |  1.20 |  0.87 |  0.85
        5172 |  1.18 |  0.80 |  0.85 |  1.20 |  1.20 |  0.87 |  0.85
        5172 |  1.18 |  0.80 |  0.85 |  1.20 |  1.20 |  0.87 |  0.85
        5172 |  1.18 |  0.80 |  0.85 |  1.20 |  1.20 |  0.87 |  0.85
        5172 |  1.18 |  0.80 |  0.85 |  1.20 |  1.20 |  0.87 |  0.85
        5172 |  1.18 |  0.80 |  0.85 |  1.20 |  1.20 |  0.87 |  0.85
        5172 |  1.18 |  0.80 |  0.85 |  1.20 |  1.20 |  0.87 |  0.85
        5172 |  1.18 |  0.80 |  0.85 |  1.20 |  1.20 |  0.87 |  0.85
        5173 |  1.07 |  1.12 |  1.08 |  1.01 |  0.82 |  1.06 |  0.81
        5173 |  1.07 |  1.12 |  1.08 |  1.01 |  0.82 |  1.06 |  0.81
        5173 |  1.07 |  1.12 |  1.08 |  1.01 |  0.82 |  1.06 |  0.81
        5173 |  1.07 |  1.12 |  1.08 |  1.01 |  0.82 |  1.06 |  0.81
        5173 |  1.07 |  1.12 |  1.08 |  1.01 |  0.82 |  1.06 |  0.81
        5173 |  1.07 |  1.12 |  1.08 |  1.01 |  0.82 |  1.06 |  0.81
        5173 |  1.07 |  1.12 |  1.08 |  1.01 |  0.82 |  1.06 |  0.81
        5173 |  1.07 |  1.12 |  1.08 |  1.01 |  0.82 |  1.06 |  0.81
        5173 |  1.07 |  1.12 |  1.08 |  1.01 |  0.82 |  1.06 |  0.81
        5173 |  1.07 |  1.12 |  1.08 |  1.01 |  0.82 |  1.06 |  0.81
        5173 |  1.07 |  1.12 |  1.08 |  1.01 |  0.82 |  1.06 |  0.81
        5173 |  1.07 |  1.12 |  1.08 |  1.01 |  0.82 |  1.06 |  0.81
        5173 |  1.07 |  1.12 |  1.08 |  1.01 |  0.82 |  1.06 |  0.81
        5173 |  1.07 |  1.12 |  1.08 |  1.01 |  0.82 |  1.06 |  0.81
        5173 |  1.07 |  1.12 |  1.08 |  1.01 |  0.82 |  1.06 |  0.81
        5173 |  1.07 |  1.12 |  1.08 |  1.01 |  0.82 |  1.06 |  0.81
        5173 |  1.07 |  1.12 |  1.08 |  1.01 |  0.82 |  1.06 |  0.81
        5173 |  1.07 |  1.12 |  1.08 |  1.01 |  0.82 |  1.06 |  0.81
        5173 |  1.07 |  1.12 |  1.08 |  1.01 |  0.82 |  1.06 |  0.81
        5173 |  1.07 |  1.12 |  1.08 |  1.01 |  0.82 |  1.06 |  0.81
        5173 |  1.07 |  1.12 |  1.08 |  1.01 |  0.82 |  1.06 |  0.81
        5173 |  1.07 |  1.12 |  1.08 |  1.01 |  0.82 |  1.06 |  0.81
        5173 |  1.07 |  1.12 |  1.08 |  1.01 |  0.82 |  1.06 |  0.81
        5173 |  1.07 |  1.12 |  1.08 |  1.01 |  0.82 |  1.06 |  0.81
        5173 |  1.07 |  1.12 |  1.08 |  1.01 |  0.82 |  1.06 |  0.81
        5173 |  1.07 |  1.12 |  1.08 |  1.01 |  0.82 |  1.06 |  0.81
        5173 |  1.07 |  1.12 |  1.08 |  1.01 |  0.82 |  1.06 |  0.81
        5173 |  1.07 |  1.12 |  1.08 |  1.01 |  0.82 |  1.06 |  0.81
        5173 |  1.07 |  1.12 |  1.08 |  1.01 |  0.82 |  1.06 |  0.81
        5173 |  1.07 |  1.12 |  1.08 |  1.01 |  0.82 |  1.06 |  0.81
        5173 |  1.07 |  1.12 |  1.08 |  1.01 |  0.82 |  1.06 |  0.81
        5173 |  1.07 |  1.12 |  1.08 |  1.01 |  0.82 |  1.06 |  0.81
        5173 |  1.07 |  1.12 |  1.08 |  1.01 |  0.82 |  1.06 |  0.81
        5173 |  1.07 |  1.12 |  1.08 |  1.01 |  0.82 |  1.06 |  0.81
        5173 |  1.07 |  1.12 |  1.08 |  1.01 |  0.82 |  1.06 |  0.81
        5173 |  1.07 |  1.12 |  1.08 |  1.01 |  0.82 |  1.06 |  0.81
        5173 |  1.07 |  1.12 |  1.08 |  1.01 |  0.82 |  1.06 |  0.81
        5173 |  1.07 |  1.12 |  1.08 |  1.01 |  0.82 |  1.06 |  0.81
        5173 |  1.07 |  1.12 |  1.08 |  1.01 |  0.82 |  1.06 |  0.81
        5173 |  1.07 |  1.12 |  1.08 |  1.01 |  0.82 |  1.06 |  0.81
        5173 |  1.07 |  1.12 |  1.08 |  1.01 |  0.82 |  1.06 |  0.81
        5173 |  1.07 |  1.12 |  1.08 |  1.01 |  0.82 |  1.06 |  0.81
        5173 |  1.07 |  1.12 |  1.08 |  1.01 |  0.82 |  1.06 |  0.81
        5173 |  1.07 |  1.12 |  1.08 |  1.01 |  0.82 |  1.06 |  0.81
        5173 |  1.07 |  1.12 |  1.08 |  1.01 |  0.82 |  1.06 |  0.81
        5173 |  1.07 |  1.12 |  1.08 |  1.01 |  0.82 |  1.06 |  0.81
        5173 |  1.07 |  1.12 |  1.08 |  1.01 |  0.82 |  1.06 |  0.81
        5173 |  1.07 |  1.12 |  1.08 |  1.01 |  0.82 |  1.06 |  0.81
        5173 |  1.07 |  1.12 |  1.08 |  1.01 |  0.82 |  1.06 |  0.81
        5174 |  0.96 |  0.43 |  1.13 |  1.19 |  0.77 |  1.29 |  0.98
        5174 |  0.96 |  0.43 |  1.13 |  1.19 |  0.77 |  1.29 |  0.98
        5174 |  0.96 |  0.43 |  1.13 |  1.19 |  0.77 |  1.29 |  0.98
        5174 |  0.96 |  0.43 |  1.13 |  1.19 |  0.77 |  1.29 |  0.98
        5174 |  0.96 |  0.43 |  1.13 |  1.19 |  0.77 |  1.29 |  0.98
        5174 |  0.96 |  0.43 |  1.13 |  1.19 |  0.77 |  1.29 |  0.98
        5174 |  0.96 |  0.43 |  1.13 |  1.19 |  0.77 |  1.29 |  0.98
        5174 |  0.96 |  0.43 |  1.13 |  1.19 |  0.77 |  1.29 |  0.98
        5174 |  0.96 |  0.43 |  1.13 |  1.19 |  0.77 |  1.29 |  0.98
        5174 |  0.96 |  0.43 |  1.13 |  1.19 |  0.77 |  1.29 |  0.98
        5174 |  0.96 |  0.43 |  1.13 |  1.19 |  0.77 |  1.29 |  0.98
        5174 |  0.96 |  0.43 |  1.13 |  1.19 |  0.77 |  1.29 |  0.98
        5174 |  0.96 |  0.43 |  1.13 |  1.19 |  0.77 |  1.29 |  0.98
        5174 |  0.96 |  0.43 |  1.13 |  1.19 |  0.77 |  1.29 |  0.98
        5174 |  0.96 |  0.43 |  1.13 |  1.19 |  0.77 |  1.29 |  0.98
        5174 |  0.96 |  0.43 |  1.13 |  1.19 |  0.77 |  1.29 |  0.98
        5174 |  0.96 |  0.43 |  1.13 |  1.19 |  0.77 |  1.29 |  0.98
        5174 |  0.96 |  0.43 |  1.13 |  1.19 |  0.77 |  1.29 |  0.98
        5174 |  0.96 |  0.43 |  1.13 |  1.19 |  0.77 |  1.29 |  0.98
        5174 |  0.96 |  0.43 |  1.13 |  1.19 |  0.77 |  1.29 |  0.98
        5174 |  0.96 |  0.43 |  1.13 |  1.19 |  0.77 |  1.29 |  0.98
        5174 |  0.96 |  0.43 |  1.13 |  1.19 |  0.77 |  1.29 |  0.98
        5174 |  0.96 |  0.43 |  1.13 |  1.19 |  0.77 |  1.29 |  0.98
        5174 |  0.96 |  0.43 |  1.13 |  1.19 |  0.77 |  1.29 |  0.98
        5174 |  0.96 |  0.43 |  1.13 |  1.19 |  0.77 |  1.29 |  0.98
        5174 |  0.96 |  0.43 |  1.13 |  1.19 |  0.77 |  1.29 |  0.98
        5174 |  0.96 |  0.43 |  1.13 |  1.19 |  0.77 |  1.29 |  0.98
        5174 |  0.96 |  0.43 |  1.13 |  1.19 |  0.77 |  1.29 |  0.98
        5174 |  0.96 |  0.43 |  1.13 |  1.19 |  0.77 |  1.29 |  0.98
        5174 |  0.96 |  0.43 |  1.13 |  1.19 |  0.77 |  1.29 |  0.98
        5174 |  0.96 |  0.43 |  1.13 |  1.19 |  0.77 |  1.29 |  0.98
        5174 |  0.96 |  0.43 |  1.13 |  1.19 |  0.77 |  1.29 |  0.98
        5174 |  0.96 |  0.43 |  1.13 |  1.19 |  0.77 |  1.29 |  0.98
        5174 |  0.96 |  0.43 |  1.13 |  1.19 |  0.77 |  1.29 |  0.98
        5174 |  0.96 |  0.43 |  1.13 |  1.19 |  0.77 |  1.29 |  0.98
        5174 |  0.96 |  0.43 |  1.13 |  1.19 |  0.77 |  1.29 |  0.98
        5174 |  0.96 |  0.43 |  1.13 |  1.19 |  0.77 |  1.29 |  0.98
        5174 |  0.96 |  0.43 |  1.13 |  1.19 |  0.77 |  1.29 |  0.98
        5174 |  0.96 |  0.43 |  1.13 |  1.19 |  0.77 |  1.29 |  0.98
        5174 |  0.96 |  0.43 |  1.13 |  1.19 |  0.77 |  1.29 |  0.98
        5174 |  0.96 |  0.43 |  1.13 |  1.19 |  0.77 |  1.29 |  0.98
        5174 |  0.96 |  0.43 |  1.13 |  1.19 |  0.77 |  1.29 |  0.98
        5174 |  0.96 |  0.43 |  1.13 |  1.19 |  0.77 |  1.29 |  0.98
        5174 |  0.96 |  0.43 |  1.13 |  1.19 |  0.77 |  1.29 |  0.98
        5174 |  0.96 |  0.43 |  1.13 |  1.19 |  0.77 |  1.29 |  0.98
        5174 |  0.96 |  0.43 |  1.13 |  1.19 |  0.77 |  1.29 |  0.98
        5174 |  0.96 |  0.43 |  1.13 |  1.19 |  0.77 |  1.29 |  0.98
        5174 |  0.96 |  0.43 |  1.13 |  1.19 |  0.77 |  1.29 |  0.98
        5174 |  0.96 |  0.43 |  1.13 |  1.19 |  0.77 |  1.29 |  0.98
        5175 |  1.21 |  1.03 |  0.55 |  1.17 |  1.03 |  1.00 |  0.93
        5175 |  1.21 |  1.03 |  0.55 |  1.17 |  1.03 |  1.00 |  0.93
        5175 |  1.21 |  1.03 |  0.55 |  1.17 |  1.03 |  1.00 |  0.93
        5175 |  1.21 |  1.03 |  0.55 |  1.17 |  1.03 |  1.00 |  0.93
        5175 |  1.21 |  1.03 |  0.55 |  1.17 |  1.03 |  1.00 |  0.93
        5175 |  1.21 |  1.03 |  0.55 |  1.17 |  1.03 |  1.00 |  0.93
        5175 |  1.21 |  1.03 |  0.55 |  1.17 |  1.03 |  1.00 |  0.93
        5175 |  1.21 |  1.03 |  0.55 |  1.17 |  1.03 |  1.00 |  0.93
        5175 |  1.21 |  1.03 |  0.55 |  1.17 |  1.03 |  1.00 |  0.93
        5175 |  1.21 |  1.03 |  0.55 |  1.17 |  1.03 |  1.00 |  0.93
        5175 |  1.21 |  1.03 |  0.55 |  1.17 |  1.03 |  1.00 |  0.93
        5175 |  1.21 |  1.03 |  0.55 |  1.17 |  1.03 |  1.00 |  0.93
        5175 |  1.21 |  1.03 |  0.55 |  1.17 |  1.03 |  1.00 |  0.93
        5175 |  1.21 |  1.03 |  0.55 |  1.17 |  1.03 |  1.00 |  0.93
        5175 |  1.21 |  1.03 |  0.55 |  1.17 |  1.03 |  1.00 |  0.93
        5175 |  1.21 |  1.03 |  0.55 |  1.17 |  1.03 |  1.00 |  0.93
        5175 |  1.21 |  1.03 |  0.55 |  1.17 |  1.03 |  1.00 |  0.93
        5175 |  1.21 |  1.03 |  0.55 |  1.17 |  1.03 |  1.00 |  0.93
        5175 |  1.21 |  1.03 |  0.55 |  1.17 |  1.03 |  1.00 |  0.93
        5175 |  1.21 |  1.03 |  0.55 |  1.17 |  1.03 |  1.00 |  0.93
        5175 |  1.21 |  1.03 |  0.55 |  1.17 |  1.03 |  1.00 |  0.93
        5175 |  1.21 |  1.03 |  0.55 |  1.17 |  1.03 |  1.00 |  0.93
        5175 |  1.21 |  1.03 |  0.55 |  1.17 |  1.03 |  1.00 |  0.93
        5175 |  1.21 |  1.03 |  0.55 |  1.17 |  1.03 |  1.00 |  0.93
        5175 |  1.21 |  1.03 |  0.55 |  1.17 |  1.03 |  1.00 |  0.93
        5175 |  1.21 |  1.03 |  0.55 |  1.17 |  1.03 |  1.00 |  0.93
        5175 |  1.21 |  1.03 |  0.55 |  1.17 |  1.03 |  1.00 |  0.93
        5175 |  1.21 |  1.03 |  0.55 |  1.17 |  1.03 |  1.00 |  0.93
        5175 |  1.21 |  1.03 |  0.55 |  1.17 |  1.03 |  1.00 |  0.93
        5175 |  1.21 |  1.03 |  0.55 |  1.17 |  1.03 |  1.00 |  0.93
        5175 |  1.21 |  1.03 |  0.55 |  1.17 |  1.03 |  1.00 |  0.93
        5175 |  1.21 |  1.03 |  0.55 |  1.17 |  1.03 |  1.00 |  0.93
        5175 |  1.21 |  1.03 |  0.55 |  1.17 |  1.03 |  1.00 |  0.93
        5175 |  1.21 |  1.03 |  0.55 |  1.17 |  1.03 |  1.00 |  0.93
        5175 |  1.21 |  1.03 |  0.55 |  1.17 |  1.03 |  1.00 |  0.93
        5175 |  1.21 |  1.03 |  0.55 |  1.17 |  1.03 |  1.00 |  0.93
        5175 |  1.21 |  1.03 |  0.55 |  1.17 |  1.03 |  1.00 |  0.93
        5175 |  1.21 |  1.03 |  0.55 |  1.17 |  1.03 |  1.00 |  0.93
        5175 |  1.21 |  1.03 |  0.55 |  1.17 |  1.03 |  1.00 |  0.93
        5175 |  1.21 |  1.03 |  0.55 |  1.17 |  1.03 |  1.00 |  0.93
        5175 |  1.21 |  1.03 |  0.55 |  1.17 |  1.03 |  1.00 |  0.93
        5175 |  1.21 |  1.03 |  0.55 |  1.17 |  1.03 |  1.00 |  0.93
        5175 |  1.21 |  1.03 |  0.55 |  1.17 |  1.03 |  1.00 |  0.93
        5175 |  1.21 |  1.03 |  0.55 |  1.17 |  1.03 |  1.00 |  0.93
        5175 |  1.21 |  1.03 |  0.55 |  1.17 |  1.03 |  1.00 |  0.93
        5175 |  1.21 |  1.03 |  0.55 |  1.17 |  1.03 |  1.00 |  0.93
        5175 |  1.21 |  1.03 |  0.55 |  1.17 |  1.03 |  1.00 |  0.93
        5175 |  1.21 |  1.03 |  0.55 |  1.17 |  1.03 |  1.00 |  0.93
        5175 |  1.21 |  1.03 |  0.55 |  1.17 |  1.03 |  1.00 |  0.93
        5176 |  0.93 |  0.92 |  1.24 |  0.96 |  0.85 |  1.00 |  0.95
        5176 |  0.93 |  0.92 |  1.24 |  0.96 |  0.85 |  1.00 |  0.95
        5176 |  0.93 |  0.92 |  1.24 |  0.96 |  0.85 |  1.00 |  0.95
        5176 |  0.93 |  0.92 |  1.24 |  0.96 |  0.85 |  1.00 |  0.95
        5176 |  0.93 |  0.92 |  1.24 |  0.96 |  0.85 |  1.00 |  0.95
        5176 |  0.93 |  0.92 |  1.24 |  0.96 |  0.85 |  1.00 |  0.95
        5176 |  0.93 |  0.92 |  1.24 |  0.96 |  0.85 |  1.00 |  0.95
        5176 |  0.93 |  0.92 |  1.24 |  0.96 |  0.85 |  1.00 |  0.95
        5176 |  0.93 |  0.92 |  1.24 |  0.96 |  0.85 |  1.00 |  0.95
        5176 |  0.93 |  0.92 |  1.24 |  0.96 |  0.85 |  1.00 |  0.95
        5176 |  0.93 |  0.92 |  1.24 |  0.96 |  0.85 |  1.00 |  0.95
        5176 |  0.93 |  0.92 |  1.24 |  0.96 |  0.85 |  1.00 |  0.95
        5176 |  0.93 |  0.92 |  1.24 |  0.96 |  0.85 |  1.00 |  0.95
        5176 |  0.93 |  0.92 |  1.24 |  0.96 |  0.85 |  1.00 |  0.95
        5176 |  0.93 |  0.92 |  1.24 |  0.96 |  0.85 |  1.00 |  0.95
        5176 |  0.93 |  0.92 |  1.24 |  0.96 |  0.85 |  1.00 |  0.95
        5176 |  0.93 |  0.92 |  1.24 |  0.96 |  0.85 |  1.00 |  0.95
        5176 |  0.93 |  0.92 |  1.24 |  0.96 |  0.85 |  1.00 |  0.95
        5176 |  0.93 |  0.92 |  1.24 |  0.96 |  0.85 |  1.00 |  0.95
        5176 |  0.93 |  0.92 |  1.24 |  0.96 |  0.85 |  1.00 |  0.95
        5176 |  0.93 |  0.92 |  1.24 |  0.96 |  0.85 |  1.00 |  0.95
        5176 |  0.93 |  0.92 |  1.24 |  0.96 |  0.85 |  1.00 |  0.95
        5176 |  0.93 |  0.92 |  1.24 |  0.96 |  0.85 |  1.00 |  0.95
        5176 |  0.93 |  0.92 |  1.24 |  0.96 |  0.85 |  1.00 |  0.95
        5176 |  0.93 |  0.92 |  1.24 |  0.96 |  0.85 |  1.00 |  0.95
        5176 |  0.93 |  0.92 |  1.24 |  0.96 |  0.85 |  1.00 |  0.95
        5176 |  0.93 |  0.92 |  1.24 |  0.96 |  0.85 |  1.00 |  0.95
        5176 |  0.93 |  0.92 |  1.24 |  0.96 |  0.85 |  1.00 |  0.95
        5176 |  0.93 |  0.92 |  1.24 |  0.96 |  0.85 |  1.00 |  0.95
        5176 |  0.93 |  0.92 |  1.24 |  0.96 |  0.85 |  1.00 |  0.95
        5176 |  0.93 |  0.92 |  1.24 |  0.96 |  0.85 |  1.00 |  0.95
        5176 |  0.93 |  0.92 |  1.24 |  0.96 |  0.85 |  1.00 |  0.95
        5176 |  0.93 |  0.92 |  1.24 |  0.96 |  0.85 |  1.00 |  0.95
        5176 |  0.93 |  0.92 |  1.24 |  0.96 |  0.85 |  1.00 |  0.95
        5176 |  0.93 |  0.92 |  1.24 |  0.96 |  0.85 |  1.00 |  0.95
        5176 |  0.93 |  0.92 |  1.24 |  0.96 |  0.85 |  1.00 |  0.95
        5176 |  0.93 |  0.92 |  1.24 |  0.96 |  0.85 |  1.00 |  0.95
        5176 |  0.93 |  0.92 |  1.24 |  0.96 |  0.85 |  1.00 |  0.95
        5176 |  0.93 |  0.92 |  1.24 |  0.96 |  0.85 |  1.00 |  0.95
        5176 |  0.93 |  0.92 |  1.24 |  0.96 |  0.85 |  1.00 |  0.95
        5176 |  0.93 |  0.92 |  1.24 |  0.96 |  0.85 |  1.00 |  0.95
        5176 |  0.93 |  0.92 |  1.24 |  0.96 |  0.85 |  1.00 |  0.95
        5176 |  0.93 |  0.92 |  1.24 |  0.96 |  0.85 |  1.00 |  0.95
        5176 |  0.93 |  0.92 |  1.24 |  0.96 |  0.85 |  1.00 |  0.95
        5176 |  0.93 |  0.92 |  1.24 |  0.96 |  0.85 |  1.00 |  0.95
        5176 |  0.93 |  0.92 |  1.24 |  0.96 |  0.85 |  1.00 |  0.95
        5176 |  0.93 |  0.92 |  1.24 |  0.96 |  0.85 |  1.00 |  0.95
        5176 |  0.93 |  0.92 |  1.24 |  0.96 |  0.85 |  1.00 |  0.95
        5176 |  0.93 |  0.92 |  1.24 |  0.96 |  0.85 |  1.00 |  0.95
        5177 |  0.99 |  1.19 |  0.93 |  0.92 |  1.06 |  1.23 |  1.10
        5177 |  0.99 |  1.19 |  0.93 |  0.92 |  1.06 |  1.23 |  1.10
        5177 |  0.99 |  1.19 |  0.93 |  0.92 |  1.06 |  1.23 |  1.10
        5177 |  0.99 |  1.19 |  0.93 |  0.92 |  1.06 |  1.23 |  1.10
        5177 |  0.99 |  1.19 |  0.93 |  0.92 |  1.06 |  1.23 |  1.10
        5177 |  0.99 |  1.19 |  0.93 |  0.92 |  1.06 |  1.23 |  1.10
        5177 |  0.99 |  1.19 |  0.93 |  0.92 |  1.06 |  1.23 |  1.10
        5177 |  0.99 |  1.19 |  0.93 |  0.92 |  1.06 |  1.23 |  1.10
        5177 |  0.99 |  1.19 |  0.93 |  0.92 |  1.06 |  1.23 |  1.10
        5177 |  0.99 |  1.19 |  0.93 |  0.92 |  1.06 |  1.23 |  1.10
        5177 |  0.99 |  1.19 |  0.93 |  0.92 |  1.06 |  1.23 |  1.10
        5177 |  0.99 |  1.19 |  0.93 |  0.92 |  1.06 |  1.23 |  1.10
        5177 |  0.99 |  1.19 |  0.93 |  0.92 |  1.06 |  1.23 |  1.10
        5177 |  0.99 |  1.19 |  0.93 |  0.92 |  1.06 |  1.23 |  1.10
        5177 |  0.99 |  1.19 |  0.93 |  0.92 |  1.06 |  1.23 |  1.10
        5177 |  0.99 |  1.19 |  0.93 |  0.92 |  1.06 |  1.23 |  1.10
        5177 |  0.99 |  1.19 |  0.93 |  0.92 |  1.06 |  1.23 |  1.10
        5177 |  0.99 |  1.19 |  0.93 |  0.92 |  1.06 |  1.23 |  1.10
        5177 |  0.99 |  1.19 |  0.93 |  0.92 |  1.06 |  1.23 |  1.10
        5177 |  0.99 |  1.19 |  0.93 |  0.92 |  1.06 |  1.23 |  1.10
        5177 |  0.99 |  1.19 |  0.93 |  0.92 |  1.06 |  1.23 |  1.10
        5177 |  0.99 |  1.19 |  0.93 |  0.92 |  1.06 |  1.23 |  1.10
        5177 |  0.99 |  1.19 |  0.93 |  0.92 |  1.06 |  1.23 |  1.10
        5177 |  0.99 |  1.19 |  0.93 |  0.92 |  1.06 |  1.23 |  1.10
        5177 |  0.99 |  1.19 |  0.93 |  0.92 |  1.06 |  1.23 |  1.10
        5177 |  0.99 |  1.19 |  0.93 |  0.92 |  1.06 |  1.23 |  1.10
        5177 |  0.99 |  1.19 |  0.93 |  0.92 |  1.06 |  1.23 |  1.10
        5177 |  0.99 |  1.19 |  0.93 |  0.92 |  1.06 |  1.23 |  1.10
        5177 |  0.99 |  1.19 |  0.93 |  0.92 |  1.06 |  1.23 |  1.10
        5177 |  0.99 |  1.19 |  0.93 |  0.92 |  1.06 |  1.23 |  1.10
        5177 |  0.99 |  1.19 |  0.93 |  0.92 |  1.06 |  1.23 |  1.10
        5177 |  0.99 |  1.19 |  0.93 |  0.92 |  1.06 |  1.23 |  1.10
        5177 |  0.99 |  1.19 |  0.93 |  0.92 |  1.06 |  1.23 |  1.10
        5177 |  0.99 |  1.19 |  0.93 |  0.92 |  1.06 |  1.23 |  1.10
        5177 |  0.99 |  1.19 |  0.93 |  0.92 |  1.06 |  1.23 |  1.10
        5177 |  0.99 |  1.19 |  0.93 |  0.92 |  1.06 |  1.23 |  1.10
        5177 |  0.99 |  1.19 |  0.93 |  0.92 |  1.06 |  1.23 |  1.10
        5177 |  0.99 |  1.19 |  0.93 |  0.92 |  1.06 |  1.23 |  1.10
        5177 |  0.99 |  1.19 |  0.93 |  0.92 |  1.06 |  1.23 |  1.10
        5177 |  0.99 |  1.19 |  0.93 |  0.92 |  1.06 |  1.23 |  1.10
        5177 |  0.99 |  1.19 |  0.93 |  0.92 |  1.06 |  1.23 |  1.10
        5177 |  0.99 |  1.19 |  0.93 |  0.92 |  1.06 |  1.23 |  1.10
        5177 |  0.99 |  1.19 |  0.93 |  0.92 |  1.06 |  1.23 |  1.10
        5177 |  0.99 |  1.19 |  0.93 |  0.92 |  1.06 |  1.23 |  1.10
        5177 |  0.99 |  1.19 |  0.93 |  0.92 |  1.06 |  1.23 |  1.10
        5177 |  0.99 |  1.19 |  0.93 |  0.92 |  1.06 |  1.23 |  1.10
        5177 |  0.99 |  1.19 |  0.93 |  0.92 |  1.06 |  1.23 |  1.10
        5177 |  0.99 |  1.19 |  0.93 |  0.92 |  1.06 |  1.23 |  1.10
        5177 |  0.99 |  1.19 |  0.93 |  0.92 |  1.06 |  1.23 |  1.10
        5178 |  1.15 |  0.82 |  1.21 |  1.04 |  1.31 |  1.00 |  1.05
        5178 |  1.15 |  0.82 |  1.21 |  1.04 |  1.31 |  1.00 |  1.05
        5178 |  1.15 |  0.82 |  1.21 |  1.04 |  1.31 |  1.00 |  1.05
        5178 |  1.15 |  0.82 |  1.21 |  1.04 |  1.31 |  1.00 |  1.05
        5178 |  1.15 |  0.82 |  1.21 |  1.04 |  1.31 |  1.00 |  1.05
        5178 |  1.15 |  0.82 |  1.21 |  1.04 |  1.31 |  1.00 |  1.05
        5178 |  1.15 |  0.82 |  1.21 |  1.04 |  1.31 |  1.00 |  1.05
        5178 |  1.15 |  0.82 |  1.21 |  1.04 |  1.31 |  1.00 |  1.05
        5178 |  1.15 |  0.82 |  1.21 |  1.04 |  1.31 |  1.00 |  1.05
        5178 |  1.15 |  0.82 |  1.21 |  1.04 |  1.31 |  1.00 |  1.05
        5178 |  1.15 |  0.82 |  1.21 |  1.04 |  1.31 |  1.00 |  1.05
        5178 |  1.15 |  0.82 |  1.21 |  1.04 |  1.31 |  1.00 |  1.05
        5178 |  1.15 |  0.82 |  1.21 |  1.04 |  1.31 |  1.00 |  1.05
        5178 |  1.15 |  0.82 |  1.21 |  1.04 |  1.31 |  1.00 |  1.05
        5178 |  1.15 |  0.82 |  1.21 |  1.04 |  1.31 |  1.00 |  1.05
        5178 |  1.15 |  0.82 |  1.21 |  1.04 |  1.31 |  1.00 |  1.05
        5178 |  1.15 |  0.82 |  1.21 |  1.04 |  1.31 |  1.00 |  1.05
        5178 |  1.15 |  0.82 |  1.21 |  1.04 |  1.31 |  1.00 |  1.05
        5178 |  1.15 |  0.82 |  1.21 |  1.04 |  1.31 |  1.00 |  1.05
        5178 |  1.15 |  0.82 |  1.21 |  1.04 |  1.31 |  1.00 |  1.05
        5178 |  1.15 |  0.82 |  1.21 |  1.04 |  1.31 |  1.00 |  1.05
        5178 |  1.15 |  0.82 |  1.21 |  1.04 |  1.31 |  1.00 |  1.05
        5178 |  1.15 |  0.82 |  1.21 |  1.04 |  1.31 |  1.00 |  1.05
        5178 |  1.15 |  0.82 |  1.21 |  1.04 |  1.31 |  1.00 |  1.05
        5178 |  1.15 |  0.82 |  1.21 |  1.04 |  1.31 |  1.00 |  1.05
        5178 |  1.15 |  0.82 |  1.21 |  1.04 |  1.31 |  1.00 |  1.05
        5178 |  1.15 |  0.82 |  1.21 |  1.04 |  1.31 |  1.00 |  1.05
        5178 |  1.15 |  0.82 |  1.21 |  1.04 |  1.31 |  1.00 |  1.05
        5178 |  1.15 |  0.82 |  1.21 |  1.04 |  1.31 |  1.00 |  1.05
        5178 |  1.15 |  0.82 |  1.21 |  1.04 |  1.31 |  1.00 |  1.05
        5178 |  1.15 |  0.82 |  1.21 |  1.04 |  1.31 |  1.00 |  1.05
        5178 |  1.15 |  0.82 |  1.21 |  1.04 |  1.31 |  1.00 |  1.05
        5178 |  1.15 |  0.82 |  1.21 |  1.04 |  1.31 |  1.00 |  1.05
        5178 |  1.15 |  0.82 |  1.21 |  1.04 |  1.31 |  1.00 |  1.05
        5178 |  1.15 |  0.82 |  1.21 |  1.04 |  1.31 |  1.00 |  1.05
        5178 |  1.15 |  0.82 |  1.21 |  1.04 |  1.31 |  1.00 |  1.05
        5178 |  1.15 |  0.82 |  1.21 |  1.04 |  1.31 |  1.00 |  1.05
        5178 |  1.15 |  0.82 |  1.21 |  1.04 |  1.31 |  1.00 |  1.05
        5178 |  1.15 |  0.82 |  1.21 |  1.04 |  1.31 |  1.00 |  1.05
        5178 |  1.15 |  0.82 |  1.21 |  1.04 |  1.31 |  1.00 |  1.05
        5178 |  1.15 |  0.82 |  1.21 |  1.04 |  1.31 |  1.00 |  1.05
        5178 |  1.15 |  0.82 |  1.21 |  1.04 |  1.31 |  1.00 |  1.05
        5178 |  1.15 |  0.82 |  1.21 |  1.04 |  1.31 |  1.00 |  1.05
        5178 |  1.15 |  0.82 |  1.21 |  1.04 |  1.31 |  1.00 |  1.05
        5178 |  1.15 |  0.82 |  1.21 |  1.04 |  1.31 |  1.00 |  1.05
        5178 |  1.15 |  0.82 |  1.21 |  1.04 |  1.31 |  1.00 |  1.05
        5178 |  1.15 |  0.82 |  1.21 |  1.04 |  1.31 |  1.00 |  1.05
        5178 |  1.15 |  0.82 |  1.21 |  1.04 |  1.31 |  1.00 |  1.05
        5178 |  1.15 |  0.82 |  1.21 |  1.04 |  1.31 |  1.00 |  1.05
        5179 |  1.15 |  0.86 |  0.91 |  1.47 |  1.01 |  1.39 |  0.95
        5179 |  1.15 |  0.86 |  0.91 |  1.47 |  1.01 |  1.39 |  0.95
        5179 |  1.15 |  0.86 |  0.91 |  1.47 |  1.01 |  1.39 |  0.95
        5179 |  1.15 |  0.86 |  0.91 |  1.47 |  1.01 |  1.39 |  0.95
        5179 |  1.15 |  0.86 |  0.91 |  1.47 |  1.01 |  1.39 |  0.95
        5179 |  1.15 |  0.86 |  0.91 |  1.47 |  1.01 |  1.39 |  0.95
        5179 |  1.15 |  0.86 |  0.91 |  1.47 |  1.01 |  1.39 |  0.95
        5179 |  1.15 |  0.86 |  0.91 |  1.47 |  1.01 |  1.39 |  0.95
        5179 |  1.15 |  0.86 |  0.91 |  1.47 |  1.01 |  1.39 |  0.95
        5179 |  1.15 |  0.86 |  0.91 |  1.47 |  1.01 |  1.39 |  0.95
        5179 |  1.15 |  0.86 |  0.91 |  1.47 |  1.01 |  1.39 |  0.95
        5179 |  1.15 |  0.86 |  0.91 |  1.47 |  1.01 |  1.39 |  0.95
        5179 |  1.15 |  0.86 |  0.91 |  1.47 |  1.01 |  1.39 |  0.95
        5179 |  1.15 |  0.86 |  0.91 |  1.47 |  1.01 |  1.39 |  0.95
        5179 |  1.15 |  0.86 |  0.91 |  1.47 |  1.01 |  1.39 |  0.95
        5179 |  1.15 |  0.86 |  0.91 |  1.47 |  1.01 |  1.39 |  0.95
        5179 |  1.15 |  0.86 |  0.91 |  1.47 |  1.01 |  1.39 |  0.95
        5179 |  1.15 |  0.86 |  0.91 |  1.47 |  1.01 |  1.39 |  0.95
        5179 |  1.15 |  0.86 |  0.91 |  1.47 |  1.01 |  1.39 |  0.95
        5179 |  1.15 |  0.86 |  0.91 |  1.47 |  1.01 |  1.39 |  0.95
        5179 |  1.15 |  0.86 |  0.91 |  1.47 |  1.01 |  1.39 |  0.95
        5179 |  1.15 |  0.86 |  0.91 |  1.47 |  1.01 |  1.39 |  0.95
        5179 |  1.15 |  0.86 |  0.91 |  1.47 |  1.01 |  1.39 |  0.95
        5179 |  1.15 |  0.86 |  0.91 |  1.47 |  1.01 |  1.39 |  0.95
        5179 |  1.15 |  0.86 |  0.91 |  1.47 |  1.01 |  1.39 |  0.95
        5179 |  1.15 |  0.86 |  0.91 |  1.47 |  1.01 |  1.39 |  0.95
        5179 |  1.15 |  0.86 |  0.91 |  1.47 |  1.01 |  1.39 |  0.95
        5179 |  1.15 |  0.86 |  0.91 |  1.47 |  1.01 |  1.39 |  0.95
        5179 |  1.15 |  0.86 |  0.91 |  1.47 |  1.01 |  1.39 |  0.95
        5179 |  1.15 |  0.86 |  0.91 |  1.47 |  1.01 |  1.39 |  0.95
        5179 |  1.15 |  0.86 |  0.91 |  1.47 |  1.01 |  1.39 |  0.95
        5179 |  1.15 |  0.86 |  0.91 |  1.47 |  1.01 |  1.39 |  0.95
        5179 |  1.15 |  0.86 |  0.91 |  1.47 |  1.01 |  1.39 |  0.95
        5179 |  1.15 |  0.86 |  0.91 |  1.47 |  1.01 |  1.39 |  0.95
        5179 |  1.15 |  0.86 |  0.91 |  1.47 |  1.01 |  1.39 |  0.95
        5179 |  1.15 |  0.86 |  0.91 |  1.47 |  1.01 |  1.39 |  0.95
        5179 |  1.15 |  0.86 |  0.91 |  1.47 |  1.01 |  1.39 |  0.95
        5179 |  1.15 |  0.86 |  0.91 |  1.47 |  1.01 |  1.39 |  0.95
        5179 |  1.15 |  0.86 |  0.91 |  1.47 |  1.01 |  1.39 |  0.95
        5179 |  1.15 |  0.86 |  0.91 |  1.47 |  1.01 |  1.39 |  0.95
        5179 |  1.15 |  0.86 |  0.91 |  1.47 |  1.01 |  1.39 |  0.95
        5179 |  1.15 |  0.86 |  0.91 |  1.47 |  1.01 |  1.39 |  0.95
        5179 |  1.15 |  0.86 |  0.91 |  1.47 |  1.01 |  1.39 |  0.95
        5179 |  1.15 |  0.86 |  0.91 |  1.47 |  1.01 |  1.39 |  0.95
        5179 |  1.15 |  0.86 |  0.91 |  1.47 |  1.01 |  1.39 |  0.95
        5179 |  1.15 |  0.86 |  0.91 |  1.47 |  1.01 |  1.39 |  0.95
        5179 |  1.15 |  0.86 |  0.91 |  1.47 |  1.01 |  1.39 |  0.95
        5179 |  1.15 |  0.86 |  0.91 |  1.47 |  1.01 |  1.39 |  0.95
        5179 |  1.15 |  0.86 |  0.91 |  1.47 |  1.01 |  1.39 |  0.95
        5180 |  1.17 |  1.25 |  0.93 |  1.27 |  1.02 |  0.91 |  1.36
        5180 |  1.17 |  1.25 |  0.93 |  1.27 |  1.02 |  0.91 |  1.36
        5180 |  1.17 |  1.25 |  0.93 |  1.27 |  1.02 |  0.91 |  1.36
        5180 |  1.17 |  1.25 |  0.93 |  1.27 |  1.02 |  0.91 |  1.36
        5180 |  1.17 |  1.25 |  0.93 |  1.27 |  1.02 |  0.91 |  1.36
        5180 |  1.17 |  1.25 |  0.93 |  1.27 |  1.02 |  0.91 |  1.36
        5180 |  1.17 |  1.25 |  0.93 |  1.27 |  1.02 |  0.91 |  1.36
        5180 |  1.17 |  1.25 |  0.93 |  1.27 |  1.02 |  0.91 |  1.36
        5180 |  1.17 |  1.25 |  0.93 |  1.27 |  1.02 |  0.91 |  1.36
        5180 |  1.17 |  1.25 |  0.93 |  1.27 |  1.02 |  0.91 |  1.36
        5180 |  1.17 |  1.25 |  0.93 |  1.27 |  1.02 |  0.91 |  1.36
        5180 |  1.17 |  1.25 |  0.93 |  1.27 |  1.02 |  0.91 |  1.36
        5180 |  1.17 |  1.25 |  0.93 |  1.27 |  1.02 |  0.91 |  1.36
        5180 |  1.17 |  1.25 |  0.93 |  1.27 |  1.02 |  0.91 |  1.36
        5180 |  1.17 |  1.25 |  0.93 |  1.27 |  1.02 |  0.91 |  1.36
        5180 |  1.17 |  1.25 |  0.93 |  1.27 |  1.02 |  0.91 |  1.36
        5180 |  1.17 |  1.25 |  0.93 |  1.27 |  1.02 |  0.91 |  1.36
        5180 |  1.17 |  1.25 |  0.93 |  1.27 |  1.02 |  0.91 |  1.36
        5180 |  1.17 |  1.25 |  0.93 |  1.27 |  1.02 |  0.91 |  1.36
        5180 |  1.17 |  1.25 |  0.93 |  1.27 |  1.02 |  0.91 |  1.36
        5180 |  1.17 |  1.25 |  0.93 |  1.27 |  1.02 |  0.91 |  1.36
        5180 |  1.17 |  1.25 |  0.93 |  1.27 |  1.02 |  0.91 |  1.36
        5180 |  1.17 |  1.25 |  0.93 |  1.27 |  1.02 |  0.91 |  1.36
        5180 |  1.17 |  1.25 |  0.93 |  1.27 |  1.02 |  0.91 |  1.36
        5180 |  1.17 |  1.25 |  0.93 |  1.27 |  1.02 |  0.91 |  1.36
        5180 |  1.17 |  1.25 |  0.93 |  1.27 |  1.02 |  0.91 |  1.36
        5180 |  1.17 |  1.25 |  0.93 |  1.27 |  1.02 |  0.91 |  1.36
        5180 |  1.17 |  1.25 |  0.93 |  1.27 |  1.02 |  0.91 |  1.36
        5180 |  1.17 |  1.25 |  0.93 |  1.27 |  1.02 |  0.91 |  1.36
        5180 |  1.17 |  1.25 |  0.93 |  1.27 |  1.02 |  0.91 |  1.36
        5180 |  1.17 |  1.25 |  0.93 |  1.27 |  1.02 |  0.91 |  1.36
        5180 |  1.17 |  1.25 |  0.93 |  1.27 |  1.02 |  0.91 |  1.36
        5180 |  1.17 |  1.25 |  0.93 |  1.27 |  1.02 |  0.91 |  1.36
        5180 |  1.17 |  1.25 |  0.93 |  1.27 |  1.02 |  0.91 |  1.36
        5180 |  1.17 |  1.25 |  0.93 |  1.27 |  1.02 |  0.91 |  1.36
        5180 |  1.17 |  1.25 |  0.93 |  1.27 |  1.02 |  0.91 |  1.36
        5180 |  1.17 |  1.25 |  0.93 |  1.27 |  1.02 |  0.91 |  1.36
        5180 |  1.17 |  1.25 |  0.93 |  1.27 |  1.02 |  0.91 |  1.36
        5180 |  1.17 |  1.25 |  0.93 |  1.27 |  1.02 |  0.91 |  1.36
        5180 |  1.17 |  1.25 |  0.93 |  1.27 |  1.02 |  0.91 |  1.36
        5180 |  1.17 |  1.25 |  0.93 |  1.27 |  1.02 |  0.91 |  1.36
        5180 |  1.17 |  1.25 |  0.93 |  1.27 |  1.02 |  0.91 |  1.36
        5180 |  1.17 |  1.25 |  0.93 |  1.27 |  1.02 |  0.91 |  1.36
        5180 |  1.17 |  1.25 |  0.93 |  1.27 |  1.02 |  0.91 |  1.36
        5180 |  1.17 |  1.25 |  0.93 |  1.27 |  1.02 |  0.91 |  1.36
        5180 |  1.17 |  1.25 |  0.93 |  1.27 |  1.02 |  0.91 |  1.36
        5180 |  1.17 |  1.25 |  0.93 |  1.27 |  1.02 |  0.91 |  1.36
        5180 |  1.17 |  1.25 |  0.93 |  1.27 |  1.02 |  0.91 |  1.36
        5180 |  1.17 |  1.25 |  0.93 |  1.27 |  1.02 |  0.91 |  1.36
        5181 |  1.10 |  0.80 |  1.04 |  0.97 |  1.05 |  0.74 |  0.97
        5181 |  1.10 |  0.80 |  1.04 |  0.97 |  1.05 |  0.74 |  0.97
        5181 |  1.10 |  0.80 |  1.04 |  0.97 |  1.05 |  0.74 |  0.97
        5181 |  1.10 |  0.80 |  1.04 |  0.97 |  1.05 |  0.74 |  0.97
        5181 |  1.10 |  0.80 |  1.04 |  0.97 |  1.05 |  0.74 |  0.97
        5181 |  1.10 |  0.80 |  1.04 |  0.97 |  1.05 |  0.74 |  0.97
        5181 |  1.10 |  0.80 |  1.04 |  0.97 |  1.05 |  0.74 |  0.97
        5181 |  1.10 |  0.80 |  1.04 |  0.97 |  1.05 |  0.74 |  0.97
        5181 |  1.10 |  0.80 |  1.04 |  0.97 |  1.05 |  0.74 |  0.97
        5181 |  1.10 |  0.80 |  1.04 |  0.97 |  1.05 |  0.74 |  0.97
        5181 |  1.10 |  0.80 |  1.04 |  0.97 |  1.05 |  0.74 |  0.97
        5181 |  1.10 |  0.80 |  1.04 |  0.97 |  1.05 |  0.74 |  0.97
        5181 |  1.10 |  0.80 |  1.04 |  0.97 |  1.05 |  0.74 |  0.97
        5181 |  1.10 |  0.80 |  1.04 |  0.97 |  1.05 |  0.74 |  0.97
        5181 |  1.10 |  0.80 |  1.04 |  0.97 |  1.05 |  0.74 |  0.97
        5181 |  1.10 |  0.80 |  1.04 |  0.97 |  1.05 |  0.74 |  0.97
        5181 |  1.10 |  0.80 |  1.04 |  0.97 |  1.05 |  0.74 |  0.97
        5181 |  1.10 |  0.80 |  1.04 |  0.97 |  1.05 |  0.74 |  0.97
        5181 |  1.10 |  0.80 |  1.04 |  0.97 |  1.05 |  0.74 |  0.97
        5181 |  1.10 |  0.80 |  1.04 |  0.97 |  1.05 |  0.74 |  0.97
        5181 |  1.10 |  0.80 |  1.04 |  0.97 |  1.05 |  0.74 |  0.97
        5181 |  1.10 |  0.80 |  1.04 |  0.97 |  1.05 |  0.74 |  0.97
        5181 |  1.10 |  0.80 |  1.04 |  0.97 |  1.05 |  0.74 |  0.97
        5181 |  1.10 |  0.80 |  1.04 |  0.97 |  1.05 |  0.74 |  0.97
        5181 |  1.10 |  0.80 |  1.04 |  0.97 |  1.05 |  0.74 |  0.97
        5181 |  1.10 |  0.80 |  1.04 |  0.97 |  1.05 |  0.74 |  0.97
        5181 |  1.10 |  0.80 |  1.04 |  0.97 |  1.05 |  0.74 |  0.97
        5181 |  1.10 |  0.80 |  1.04 |  0.97 |  1.05 |  0.74 |  0.97
        5181 |  1.10 |  0.80 |  1.04 |  0.97 |  1.05 |  0.74 |  0.97
        5181 |  1.10 |  0.80 |  1.04 |  0.97 |  1.05 |  0.74 |  0.97
        5181 |  1.10 |  0.80 |  1.04 |  0.97 |  1.05 |  0.74 |  0.97
        5181 |  1.10 |  0.80 |  1.04 |  0.97 |  1.05 |  0.74 |  0.97
        5181 |  1.10 |  0.80 |  1.04 |  0.97 |  1.05 |  0.74 |  0.97
        5181 |  1.10 |  0.80 |  1.04 |  0.97 |  1.05 |  0.74 |  0.97
        5181 |  1.10 |  0.80 |  1.04 |  0.97 |  1.05 |  0.74 |  0.97
        5181 |  1.10 |  0.80 |  1.04 |  0.97 |  1.05 |  0.74 |  0.97
        5181 |  1.10 |  0.80 |  1.04 |  0.97 |  1.05 |  0.74 |  0.97
        5181 |  1.10 |  0.80 |  1.04 |  0.97 |  1.05 |  0.74 |  0.97
        5181 |  1.10 |  0.80 |  1.04 |  0.97 |  1.05 |  0.74 |  0.97
        5181 |  1.10 |  0.80 |  1.04 |  0.97 |  1.05 |  0.74 |  0.97
        5181 |  1.10 |  0.80 |  1.04 |  0.97 |  1.05 |  0.74 |  0.97
        5181 |  1.10 |  0.80 |  1.04 |  0.97 |  1.05 |  0.74 |  0.97
        5181 |  1.10 |  0.80 |  1.04 |  0.97 |  1.05 |  0.74 |  0.97
        5181 |  1.10 |  0.80 |  1.04 |  0.97 |  1.05 |  0.74 |  0.97
        5181 |  1.10 |  0.80 |  1.04 |  0.97 |  1.05 |  0.74 |  0.97
        5181 |  1.10 |  0.80 |  1.04 |  0.97 |  1.05 |  0.74 |  0.97
        5181 |  1.10 |  0.80 |  1.04 |  0.97 |  1.05 |  0.74 |  0.97
        5181 |  1.10 |  0.80 |  1.04 |  0.97 |  1.05 |  0.74 |  0.97
        5181 |  1.10 |  0.80 |  1.04 |  0.97 |  1.05 |  0.74 |  0.97
        5182 |  1.19 |  1.02 |  0.89 |  1.01 |  0.80 |  1.14 |  0.86
        5182 |  1.19 |  1.02 |  0.89 |  1.01 |  0.80 |  1.14 |  0.86
        5182 |  1.19 |  1.02 |  0.89 |  1.01 |  0.80 |  1.14 |  0.86
        5182 |  1.19 |  1.02 |  0.89 |  1.01 |  0.80 |  1.14 |  0.86
        5182 |  1.19 |  1.02 |  0.89 |  1.01 |  0.80 |  1.14 |  0.86
        5182 |  1.19 |  1.02 |  0.89 |  1.01 |  0.80 |  1.14 |  0.86
        5182 |  1.19 |  1.02 |  0.89 |  1.01 |  0.80 |  1.14 |  0.86
        5182 |  1.19 |  1.02 |  0.89 |  1.01 |  0.80 |  1.14 |  0.86
        5182 |  1.19 |  1.02 |  0.89 |  1.01 |  0.80 |  1.14 |  0.86
        5182 |  1.19 |  1.02 |  0.89 |  1.01 |  0.80 |  1.14 |  0.86
        5182 |  1.19 |  1.02 |  0.89 |  1.01 |  0.80 |  1.14 |  0.86
        5182 |  1.19 |  1.02 |  0.89 |  1.01 |  0.80 |  1.14 |  0.86
        5182 |  1.19 |  1.02 |  0.89 |  1.01 |  0.80 |  1.14 |  0.86
        5182 |  1.19 |  1.02 |  0.89 |  1.01 |  0.80 |  1.14 |  0.86
        5182 |  1.19 |  1.02 |  0.89 |  1.01 |  0.80 |  1.14 |  0.86
        5182 |  1.19 |  1.02 |  0.89 |  1.01 |  0.80 |  1.14 |  0.86
        5182 |  1.19 |  1.02 |  0.89 |  1.01 |  0.80 |  1.14 |  0.86
        5182 |  1.19 |  1.02 |  0.89 |  1.01 |  0.80 |  1.14 |  0.86
        5182 |  1.19 |  1.02 |  0.89 |  1.01 |  0.80 |  1.14 |  0.86
        5182 |  1.19 |  1.02 |  0.89 |  1.01 |  0.80 |  1.14 |  0.86
        5182 |  1.19 |  1.02 |  0.89 |  1.01 |  0.80 |  1.14 |  0.86
        5182 |  1.19 |  1.02 |  0.89 |  1.01 |  0.80 |  1.14 |  0.86
        5182 |  1.19 |  1.02 |  0.89 |  1.01 |  0.80 |  1.14 |  0.86
        5182 |  1.19 |  1.02 |  0.89 |  1.01 |  0.80 |  1.14 |  0.86
        5182 |  1.19 |  1.02 |  0.89 |  1.01 |  0.80 |  1.14 |  0.86
        5182 |  1.19 |  1.02 |  0.89 |  1.01 |  0.80 |  1.14 |  0.86
        5182 |  1.19 |  1.02 |  0.89 |  1.01 |  0.80 |  1.14 |  0.86
        5182 |  1.19 |  1.02 |  0.89 |  1.01 |  0.80 |  1.14 |  0.86
        5182 |  1.19 |  1.02 |  0.89 |  1.01 |  0.80 |  1.14 |  0.86
        5182 |  1.19 |  1.02 |  0.89 |  1.01 |  0.80 |  1.14 |  0.86
        5182 |  1.19 |  1.02 |  0.89 |  1.01 |  0.80 |  1.14 |  0.86
        5182 |  1.19 |  1.02 |  0.89 |  1.01 |  0.80 |  1.14 |  0.86
        5182 |  1.19 |  1.02 |  0.89 |  1.01 |  0.80 |  1.14 |  0.86
        5182 |  1.19 |  1.02 |  0.89 |  1.01 |  0.80 |  1.14 |  0.86
        5182 |  1.19 |  1.02 |  0.89 |  1.01 |  0.80 |  1.14 |  0.86
        5182 |  1.19 |  1.02 |  0.89 |  1.01 |  0.80 |  1.14 |  0.86
        5182 |  1.19 |  1.02 |  0.89 |  1.01 |  0.80 |  1.14 |  0.86
        5182 |  1.19 |  1.02 |  0.89 |  1.01 |  0.80 |  1.14 |  0.86
        5182 |  1.19 |  1.02 |  0.89 |  1.01 |  0.80 |  1.14 |  0.86
        5182 |  1.19 |  1.02 |  0.89 |  1.01 |  0.80 |  1.14 |  0.86
        5182 |  1.19 |  1.02 |  0.89 |  1.01 |  0.80 |  1.14 |  0.86
        5182 |  1.19 |  1.02 |  0.89 |  1.01 |  0.80 |  1.14 |  0.86
        5182 |  1.19 |  1.02 |  0.89 |  1.01 |  0.80 |  1.14 |  0.86
        5182 |  1.19 |  1.02 |  0.89 |  1.01 |  0.80 |  1.14 |  0.86
        5182 |  1.19 |  1.02 |  0.89 |  1.01 |  0.80 |  1.14 |  0.86
        5182 |  1.19 |  1.02 |  0.89 |  1.01 |  0.80 |  1.14 |  0.86
        5182 |  1.19 |  1.02 |  0.89 |  1.01 |  0.80 |  1.14 |  0.86
        5182 |  1.19 |  1.02 |  0.89 |  1.01 |  0.80 |  1.14 |  0.86
        5182 |  1.19 |  1.02 |  0.89 |  1.01 |  0.80 |  1.14 |  0.86
        5183 |  0.72 |  1.01 |  1.26 |  1.25 |  1.28 |  0.81 |  0.87
        5183 |  0.72 |  1.01 |  1.26 |  1.25 |  1.28 |  0.81 |  0.87
        5183 |  0.72 |  1.01 |  1.26 |  1.25 |  1.28 |  0.81 |  0.87
        5183 |  0.72 |  1.01 |  1.26 |  1.25 |  1.28 |  0.81 |  0.87
        5183 |  0.72 |  1.01 |  1.26 |  1.25 |  1.28 |  0.81 |  0.87
        5183 |  0.72 |  1.01 |  1.26 |  1.25 |  1.28 |  0.81 |  0.87
        5183 |  0.72 |  1.01 |  1.26 |  1.25 |  1.28 |  0.81 |  0.87
        5183 |  0.72 |  1.01 |  1.26 |  1.25 |  1.28 |  0.81 |  0.87
        5183 |  0.72 |  1.01 |  1.26 |  1.25 |  1.28 |  0.81 |  0.87
        5183 |  0.72 |  1.01 |  1.26 |  1.25 |  1.28 |  0.81 |  0.87
        5183 |  0.72 |  1.01 |  1.26 |  1.25 |  1.28 |  0.81 |  0.87
        5183 |  0.72 |  1.01 |  1.26 |  1.25 |  1.28 |  0.81 |  0.87
        5183 |  0.72 |  1.01 |  1.26 |  1.25 |  1.28 |  0.81 |  0.87
        5183 |  0.72 |  1.01 |  1.26 |  1.25 |  1.28 |  0.81 |  0.87
        5183 |  0.72 |  1.01 |  1.26 |  1.25 |  1.28 |  0.81 |  0.87
        5183 |  0.72 |  1.01 |  1.26 |  1.25 |  1.28 |  0.81 |  0.87
        5183 |  0.72 |  1.01 |  1.26 |  1.25 |  1.28 |  0.81 |  0.87
        5183 |  0.72 |  1.01 |  1.26 |  1.25 |  1.28 |  0.81 |  0.87
        5183 |  0.72 |  1.01 |  1.26 |  1.25 |  1.28 |  0.81 |  0.87
        5183 |  0.72 |  1.01 |  1.26 |  1.25 |  1.28 |  0.81 |  0.87
        5183 |  0.72 |  1.01 |  1.26 |  1.25 |  1.28 |  0.81 |  0.87
        5183 |  0.72 |  1.01 |  1.26 |  1.25 |  1.28 |  0.81 |  0.87
        5183 |  0.72 |  1.01 |  1.26 |  1.25 |  1.28 |  0.81 |  0.87
        5183 |  0.72 |  1.01 |  1.26 |  1.25 |  1.28 |  0.81 |  0.87
        5183 |  0.72 |  1.01 |  1.26 |  1.25 |  1.28 |  0.81 |  0.87
        5183 |  0.72 |  1.01 |  1.26 |  1.25 |  1.28 |  0.81 |  0.87
        5183 |  0.72 |  1.01 |  1.26 |  1.25 |  1.28 |  0.81 |  0.87
        5183 |  0.72 |  1.01 |  1.26 |  1.25 |  1.28 |  0.81 |  0.87
        5183 |  0.72 |  1.01 |  1.26 |  1.25 |  1.28 |  0.81 |  0.87
        5183 |  0.72 |  1.01 |  1.26 |  1.25 |  1.28 |  0.81 |  0.87
        5183 |  0.72 |  1.01 |  1.26 |  1.25 |  1.28 |  0.81 |  0.87
        5183 |  0.72 |  1.01 |  1.26 |  1.25 |  1.28 |  0.81 |  0.87
        5183 |  0.72 |  1.01 |  1.26 |  1.25 |  1.28 |  0.81 |  0.87
        5183 |  0.72 |  1.01 |  1.26 |  1.25 |  1.28 |  0.81 |  0.87
        5183 |  0.72 |  1.01 |  1.26 |  1.25 |  1.28 |  0.81 |  0.87
        5183 |  0.72 |  1.01 |  1.26 |  1.25 |  1.28 |  0.81 |  0.87
        5183 |  0.72 |  1.01 |  1.26 |  1.25 |  1.28 |  0.81 |  0.87
        5183 |  0.72 |  1.01 |  1.26 |  1.25 |  1.28 |  0.81 |  0.87
        5183 |  0.72 |  1.01 |  1.26 |  1.25 |  1.28 |  0.81 |  0.87
        5183 |  0.72 |  1.01 |  1.26 |  1.25 |  1.28 |  0.81 |  0.87
        5183 |  0.72 |  1.01 |  1.26 |  1.25 |  1.28 |  0.81 |  0.87
        5183 |  0.72 |  1.01 |  1.26 |  1.25 |  1.28 |  0.81 |  0.87
        5183 |  0.72 |  1.01 |  1.26 |  1.25 |  1.28 |  0.81 |  0.87
        5183 |  0.72 |  1.01 |  1.26 |  1.25 |  1.28 |  0.81 |  0.87
        5183 |  0.72 |  1.01 |  1.26 |  1.25 |  1.28 |  0.81 |  0.87
        5183 |  0.72 |  1.01 |  1.26 |  1.25 |  1.28 |  0.81 |  0.87
        5183 |  0.72 |  1.01 |  1.26 |  1.25 |  1.28 |  0.81 |  0.87
        5183 |  0.72 |  1.01 |  1.26 |  1.25 |  1.28 |  0.81 |  0.87
        5183 |  0.72 |  1.01 |  1.26 |  1.25 |  1.28 |  0.81 |  0.87
        5184 |  1.01 |  1.10 |  0.89 |  1.05 |  0.92 |  0.74 |  0.87
        5184 |  1.01 |  1.10 |  0.89 |  1.05 |  0.92 |  0.74 |  0.87
        5184 |  1.01 |  1.10 |  0.89 |  1.05 |  0.92 |  0.74 |  0.87
        5184 |  1.01 |  1.10 |  0.89 |  1.05 |  0.92 |  0.74 |  0.87
        5184 |  1.01 |  1.10 |  0.89 |  1.05 |  0.92 |  0.74 |  0.87
        5184 |  1.01 |  1.10 |  0.89 |  1.05 |  0.92 |  0.74 |  0.87
        5184 |  1.01 |  1.10 |  0.89 |  1.05 |  0.92 |  0.74 |  0.87
        5184 |  1.01 |  1.10 |  0.89 |  1.05 |  0.92 |  0.74 |  0.87
        5184 |  1.01 |  1.10 |  0.89 |  1.05 |  0.92 |  0.74 |  0.87
        5184 |  1.01 |  1.10 |  0.89 |  1.05 |  0.92 |  0.74 |  0.87
        5184 |  1.01 |  1.10 |  0.89 |  1.05 |  0.92 |  0.74 |  0.87
        5184 |  1.01 |  1.10 |  0.89 |  1.05 |  0.92 |  0.74 |  0.87
        5184 |  1.01 |  1.10 |  0.89 |  1.05 |  0.92 |  0.74 |  0.87
        5184 |  1.01 |  1.10 |  0.89 |  1.05 |  0.92 |  0.74 |  0.87
        5184 |  1.01 |  1.10 |  0.89 |  1.05 |  0.92 |  0.74 |  0.87
        5184 |  1.01 |  1.10 |  0.89 |  1.05 |  0.92 |  0.74 |  0.87
        5184 |  1.01 |  1.10 |  0.89 |  1.05 |  0.92 |  0.74 |  0.87
        5184 |  1.01 |  1.10 |  0.89 |  1.05 |  0.92 |  0.74 |  0.87
        5184 |  1.01 |  1.10 |  0.89 |  1.05 |  0.92 |  0.74 |  0.87
        5184 |  1.01 |  1.10 |  0.89 |  1.05 |  0.92 |  0.74 |  0.87
        5184 |  1.01 |  1.10 |  0.89 |  1.05 |  0.92 |  0.74 |  0.87
        5184 |  1.01 |  1.10 |  0.89 |  1.05 |  0.92 |  0.74 |  0.87
        5184 |  1.01 |  1.10 |  0.89 |  1.05 |  0.92 |  0.74 |  0.87
        5184 |  1.01 |  1.10 |  0.89 |  1.05 |  0.92 |  0.74 |  0.87
        5184 |  1.01 |  1.10 |  0.89 |  1.05 |  0.92 |  0.74 |  0.87
        5184 |  1.01 |  1.10 |  0.89 |  1.05 |  0.92 |  0.74 |  0.87
        5184 |  1.01 |  1.10 |  0.89 |  1.05 |  0.92 |  0.74 |  0.87
        5184 |  1.01 |  1.10 |  0.89 |  1.05 |  0.92 |  0.74 |  0.87
        5184 |  1.01 |  1.10 |  0.89 |  1.05 |  0.92 |  0.74 |  0.87
        5184 |  1.01 |  1.10 |  0.89 |  1.05 |  0.92 |  0.74 |  0.87
        5184 |  1.01 |  1.10 |  0.89 |  1.05 |  0.92 |  0.74 |  0.87
        5184 |  1.01 |  1.10 |  0.89 |  1.05 |  0.92 |  0.74 |  0.87
        5184 |  1.01 |  1.10 |  0.89 |  1.05 |  0.92 |  0.74 |  0.87
        5184 |  1.01 |  1.10 |  0.89 |  1.05 |  0.92 |  0.74 |  0.87
        5184 |  1.01 |  1.10 |  0.89 |  1.05 |  0.92 |  0.74 |  0.87
        5184 |  1.01 |  1.10 |  0.89 |  1.05 |  0.92 |  0.74 |  0.87
        5184 |  1.01 |  1.10 |  0.89 |  1.05 |  0.92 |  0.74 |  0.87
        5184 |  1.01 |  1.10 |  0.89 |  1.05 |  0.92 |  0.74 |  0.87
        5184 |  1.01 |  1.10 |  0.89 |  1.05 |  0.92 |  0.74 |  0.87
        5184 |  1.01 |  1.10 |  0.89 |  1.05 |  0.92 |  0.74 |  0.87
        5184 |  1.01 |  1.10 |  0.89 |  1.05 |  0.92 |  0.74 |  0.87
        5184 |  1.01 |  1.10 |  0.89 |  1.05 |  0.92 |  0.74 |  0.87
        5184 |  1.01 |  1.10 |  0.89 |  1.05 |  0.92 |  0.74 |  0.87
        5184 |  1.01 |  1.10 |  0.89 |  1.05 |  0.92 |  0.74 |  0.87
        5184 |  1.01 |  1.10 |  0.89 |  1.05 |  0.92 |  0.74 |  0.87
        5184 |  1.01 |  1.10 |  0.89 |  1.05 |  0.92 |  0.74 |  0.87
        5184 |  1.01 |  1.10 |  0.89 |  1.05 |  0.92 |  0.74 |  0.87
        5184 |  1.01 |  1.10 |  0.89 |  1.05 |  0.92 |  0.74 |  0.87
        5184 |  1.01 |  1.10 |  0.89 |  1.05 |  0.92 |  0.74 |  0.87
        5185 |  1.23 |  1.01 |  0.88 |  0.83 |  1.02 |  0.97 |  0.85
        5185 |  1.23 |  1.01 |  0.88 |  0.83 |  1.02 |  0.97 |  0.85
        5185 |  1.23 |  1.01 |  0.88 |  0.83 |  1.02 |  0.97 |  0.85
        5185 |  1.23 |  1.01 |  0.88 |  0.83 |  1.02 |  0.97 |  0.85
        5185 |  1.23 |  1.01 |  0.88 |  0.83 |  1.02 |  0.97 |  0.85
        5185 |  1.23 |  1.01 |  0.88 |  0.83 |  1.02 |  0.97 |  0.85
        5185 |  1.23 |  1.01 |  0.88 |  0.83 |  1.02 |  0.97 |  0.85
        5185 |  1.23 |  1.01 |  0.88 |  0.83 |  1.02 |  0.97 |  0.85
        5185 |  1.23 |  1.01 |  0.88 |  0.83 |  1.02 |  0.97 |  0.85
        5185 |  1.23 |  1.01 |  0.88 |  0.83 |  1.02 |  0.97 |  0.85
        5185 |  1.23 |  1.01 |  0.88 |  0.83 |  1.02 |  0.97 |  0.85
        5185 |  1.23 |  1.01 |  0.88 |  0.83 |  1.02 |  0.97 |  0.85
        5185 |  1.23 |  1.01 |  0.88 |  0.83 |  1.02 |  0.97 |  0.85
        5185 |  1.23 |  1.01 |  0.88 |  0.83 |  1.02 |  0.97 |  0.85
        5185 |  1.23 |  1.01 |  0.88 |  0.83 |  1.02 |  0.97 |  0.85
        5185 |  1.23 |  1.01 |  0.88 |  0.83 |  1.02 |  0.97 |  0.85
        5185 |  1.23 |  1.01 |  0.88 |  0.83 |  1.02 |  0.97 |  0.85
        5185 |  1.23 |  1.01 |  0.88 |  0.83 |  1.02 |  0.97 |  0.85
        5185 |  1.23 |  1.01 |  0.88 |  0.83 |  1.02 |  0.97 |  0.85
        5185 |  1.23 |  1.01 |  0.88 |  0.83 |  1.02 |  0.97 |  0.85
        5185 |  1.23 |  1.01 |  0.88 |  0.83 |  1.02 |  0.97 |  0.85
        5185 |  1.23 |  1.01 |  0.88 |  0.83 |  1.02 |  0.97 |  0.85
        5185 |  1.23 |  1.01 |  0.88 |  0.83 |  1.02 |  0.97 |  0.85
        5185 |  1.23 |  1.01 |  0.88 |  0.83 |  1.02 |  0.97 |  0.85
        5185 |  1.23 |  1.01 |  0.88 |  0.83 |  1.02 |  0.97 |  0.85
        5185 |  1.23 |  1.01 |  0.88 |  0.83 |  1.02 |  0.97 |  0.85
        5185 |  1.23 |  1.01 |  0.88 |  0.83 |  1.02 |  0.97 |  0.85
        5185 |  1.23 |  1.01 |  0.88 |  0.83 |  1.02 |  0.97 |  0.85
        5185 |  1.23 |  1.01 |  0.88 |  0.83 |  1.02 |  0.97 |  0.85
        5185 |  1.23 |  1.01 |  0.88 |  0.83 |  1.02 |  0.97 |  0.85
        5185 |  1.23 |  1.01 |  0.88 |  0.83 |  1.02 |  0.97 |  0.85
        5185 |  1.23 |  1.01 |  0.88 |  0.83 |  1.02 |  0.97 |  0.85
        5185 |  1.23 |  1.01 |  0.88 |  0.83 |  1.02 |  0.97 |  0.85
        5185 |  1.23 |  1.01 |  0.88 |  0.83 |  1.02 |  0.97 |  0.85
        5185 |  1.23 |  1.01 |  0.88 |  0.83 |  1.02 |  0.97 |  0.85
        5185 |  1.23 |  1.01 |  0.88 |  0.83 |  1.02 |  0.97 |  0.85
        5185 |  1.23 |  1.01 |  0.88 |  0.83 |  1.02 |  0.97 |  0.85
        5185 |  1.23 |  1.01 |  0.88 |  0.83 |  1.02 |  0.97 |  0.85
        5185 |  1.23 |  1.01 |  0.88 |  0.83 |  1.02 |  0.97 |  0.85
        5185 |  1.23 |  1.01 |  0.88 |  0.83 |  1.02 |  0.97 |  0.85
        5185 |  1.23 |  1.01 |  0.88 |  0.83 |  1.02 |  0.97 |  0.85
        5185 |  1.23 |  1.01 |  0.88 |  0.83 |  1.02 |  0.97 |  0.85
        5185 |  1.23 |  1.01 |  0.88 |  0.83 |  1.02 |  0.97 |  0.85
        5185 |  1.23 |  1.01 |  0.88 |  0.83 |  1.02 |  0.97 |  0.85
        5185 |  1.23 |  1.01 |  0.88 |  0.83 |  1.02 |  0.97 |  0.85
        5185 |  1.23 |  1.01 |  0.88 |  0.83 |  1.02 |  0.97 |  0.85
        5185 |  1.23 |  1.01 |  0.88 |  0.83 |  1.02 |  0.97 |  0.85
        5185 |  1.23 |  1.01 |  0.88 |  0.83 |  1.02 |  0.97 |  0.85
        5185 |  1.23 |  1.01 |  0.88 |  0.83 |  1.02 |  0.97 |  0.85
        5186 |  1.18 |  0.90 |  1.03 |  0.99 |  0.96 |  0.98 |  1.07
        5186 |  1.18 |  0.90 |  1.03 |  0.99 |  0.96 |  0.98 |  1.07
        5186 |  1.18 |  0.90 |  1.03 |  0.99 |  0.96 |  0.98 |  1.07
        5186 |  1.18 |  0.90 |  1.03 |  0.99 |  0.96 |  0.98 |  1.07
        5186 |  1.18 |  0.90 |  1.03 |  0.99 |  0.96 |  0.98 |  1.07
        5186 |  1.18 |  0.90 |  1.03 |  0.99 |  0.96 |  0.98 |  1.07
        5186 |  1.18 |  0.90 |  1.03 |  0.99 |  0.96 |  0.98 |  1.07
        5186 |  1.18 |  0.90 |  1.03 |  0.99 |  0.96 |  0.98 |  1.07
        5186 |  1.18 |  0.90 |  1.03 |  0.99 |  0.96 |  0.98 |  1.07
        5186 |  1.18 |  0.90 |  1.03 |  0.99 |  0.96 |  0.98 |  1.07
        5186 |  1.18 |  0.90 |  1.03 |  0.99 |  0.96 |  0.98 |  1.07
        5186 |  1.18 |  0.90 |  1.03 |  0.99 |  0.96 |  0.98 |  1.07
        5186 |  1.18 |  0.90 |  1.03 |  0.99 |  0.96 |  0.98 |  1.07
        5186 |  1.18 |  0.90 |  1.03 |  0.99 |  0.96 |  0.98 |  1.07
        5186 |  1.18 |  0.90 |  1.03 |  0.99 |  0.96 |  0.98 |  1.07
        5186 |  1.18 |  0.90 |  1.03 |  0.99 |  0.96 |  0.98 |  1.07
        5186 |  1.18 |  0.90 |  1.03 |  0.99 |  0.96 |  0.98 |  1.07
        5186 |  1.18 |  0.90 |  1.03 |  0.99 |  0.96 |  0.98 |  1.07
        5186 |  1.18 |  0.90 |  1.03 |  0.99 |  0.96 |  0.98 |  1.07
        5186 |  1.18 |  0.90 |  1.03 |  0.99 |  0.96 |  0.98 |  1.07
        5186 |  1.18 |  0.90 |  1.03 |  0.99 |  0.96 |  0.98 |  1.07
        5186 |  1.18 |  0.90 |  1.03 |  0.99 |  0.96 |  0.98 |  1.07
        5186 |  1.18 |  0.90 |  1.03 |  0.99 |  0.96 |  0.98 |  1.07
        5186 |  1.18 |  0.90 |  1.03 |  0.99 |  0.96 |  0.98 |  1.07
        5186 |  1.18 |  0.90 |  1.03 |  0.99 |  0.96 |  0.98 |  1.07
        5186 |  1.18 |  0.90 |  1.03 |  0.99 |  0.96 |  0.98 |  1.07
        5186 |  1.18 |  0.90 |  1.03 |  0.99 |  0.96 |  0.98 |  1.07
        5186 |  1.18 |  0.90 |  1.03 |  0.99 |  0.96 |  0.98 |  1.07
        5186 |  1.18 |  0.90 |  1.03 |  0.99 |  0.96 |  0.98 |  1.07
        5186 |  1.18 |  0.90 |  1.03 |  0.99 |  0.96 |  0.98 |  1.07
        5186 |  1.18 |  0.90 |  1.03 |  0.99 |  0.96 |  0.98 |  1.07
        5186 |  1.18 |  0.90 |  1.03 |  0.99 |  0.96 |  0.98 |  1.07
        5186 |  1.18 |  0.90 |  1.03 |  0.99 |  0.96 |  0.98 |  1.07
        5186 |  1.18 |  0.90 |  1.03 |  0.99 |  0.96 |  0.98 |  1.07
        5186 |  1.18 |  0.90 |  1.03 |  0.99 |  0.96 |  0.98 |  1.07
        5186 |  1.18 |  0.90 |  1.03 |  0.99 |  0.96 |  0.98 |  1.07
        5186 |  1.18 |  0.90 |  1.03 |  0.99 |  0.96 |  0.98 |  1.07
        5186 |  1.18 |  0.90 |  1.03 |  0.99 |  0.96 |  0.98 |  1.07
        5186 |  1.18 |  0.90 |  1.03 |  0.99 |  0.96 |  0.98 |  1.07
        5186 |  1.18 |  0.90 |  1.03 |  0.99 |  0.96 |  0.98 |  1.07
        5186 |  1.18 |  0.90 |  1.03 |  0.99 |  0.96 |  0.98 |  1.07
        5186 |  1.18 |  0.90 |  1.03 |  0.99 |  0.96 |  0.98 |  1.07
        5186 |  1.18 |  0.90 |  1.03 |  0.99 |  0.96 |  0.98 |  1.07
        5186 |  1.18 |  0.90 |  1.03 |  0.99 |  0.96 |  0.98 |  1.07
        5186 |  1.18 |  0.90 |  1.03 |  0.99 |  0.96 |  0.98 |  1.07
        5186 |  1.18 |  0.90 |  1.03 |  0.99 |  0.96 |  0.98 |  1.07
        5186 |  1.18 |  0.90 |  1.03 |  0.99 |  0.96 |  0.98 |  1.07
        5186 |  1.18 |  0.90 |  1.03 |  0.99 |  0.96 |  0.98 |  1.07
        5186 |  1.18 |  0.90 |  1.03 |  0.99 |  0.96 |  0.98 |  1.07
        5187 |  0.81 |  1.08 |  0.79 |  0.96 |  0.92 |  1.28 |  1.13
        5187 |  0.81 |  1.08 |  0.79 |  0.96 |  0.92 |  1.28 |  1.13
        5187 |  0.81 |  1.08 |  0.79 |  0.96 |  0.92 |  1.28 |  1.13
        5187 |  0.81 |  1.08 |  0.79 |  0.96 |  0.92 |  1.28 |  1.13
        5187 |  0.81 |  1.08 |  0.79 |  0.96 |  0.92 |  1.28 |  1.13
        5187 |  0.81 |  1.08 |  0.79 |  0.96 |  0.92 |  1.28 |  1.13
        5187 |  0.81 |  1.08 |  0.79 |  0.96 |  0.92 |  1.28 |  1.13
        5187 |  0.81 |  1.08 |  0.79 |  0.96 |  0.92 |  1.28 |  1.13
        5187 |  0.81 |  1.08 |  0.79 |  0.96 |  0.92 |  1.28 |  1.13
        5187 |  0.81 |  1.08 |  0.79 |  0.96 |  0.92 |  1.28 |  1.13
        5187 |  0.81 |  1.08 |  0.79 |  0.96 |  0.92 |  1.28 |  1.13
        5187 |  0.81 |  1.08 |  0.79 |  0.96 |  0.92 |  1.28 |  1.13
        5187 |  0.81 |  1.08 |  0.79 |  0.96 |  0.92 |  1.28 |  1.13
        5187 |  0.81 |  1.08 |  0.79 |  0.96 |  0.92 |  1.28 |  1.13
        5187 |  0.81 |  1.08 |  0.79 |  0.96 |  0.92 |  1.28 |  1.13
        5187 |  0.81 |  1.08 |  0.79 |  0.96 |  0.92 |  1.28 |  1.13
        5187 |  0.81 |  1.08 |  0.79 |  0.96 |  0.92 |  1.28 |  1.13
        5187 |  0.81 |  1.08 |  0.79 |  0.96 |  0.92 |  1.28 |  1.13
        5187 |  0.81 |  1.08 |  0.79 |  0.96 |  0.92 |  1.28 |  1.13
        5187 |  0.81 |  1.08 |  0.79 |  0.96 |  0.92 |  1.28 |  1.13
        5187 |  0.81 |  1.08 |  0.79 |  0.96 |  0.92 |  1.28 |  1.13
        5187 |  0.81 |  1.08 |  0.79 |  0.96 |  0.92 |  1.28 |  1.13
        5187 |  0.81 |  1.08 |  0.79 |  0.96 |  0.92 |  1.28 |  1.13
        5187 |  0.81 |  1.08 |  0.79 |  0.96 |  0.92 |  1.28 |  1.13
        5187 |  0.81 |  1.08 |  0.79 |  0.96 |  0.92 |  1.28 |  1.13
        5187 |  0.81 |  1.08 |  0.79 |  0.96 |  0.92 |  1.28 |  1.13
        5187 |  0.81 |  1.08 |  0.79 |  0.96 |  0.92 |  1.28 |  1.13
        5187 |  0.81 |  1.08 |  0.79 |  0.96 |  0.92 |  1.28 |  1.13
        5187 |  0.81 |  1.08 |  0.79 |  0.96 |  0.92 |  1.28 |  1.13
        5187 |  0.81 |  1.08 |  0.79 |  0.96 |  0.92 |  1.28 |  1.13
        5187 |  0.81 |  1.08 |  0.79 |  0.96 |  0.92 |  1.28 |  1.13
        5187 |  0.81 |  1.08 |  0.79 |  0.96 |  0.92 |  1.28 |  1.13
        5187 |  0.81 |  1.08 |  0.79 |  0.96 |  0.92 |  1.28 |  1.13
        5187 |  0.81 |  1.08 |  0.79 |  0.96 |  0.92 |  1.28 |  1.13
        5187 |  0.81 |  1.08 |  0.79 |  0.96 |  0.92 |  1.28 |  1.13
        5187 |  0.81 |  1.08 |  0.79 |  0.96 |  0.92 |  1.28 |  1.13
        5187 |  0.81 |  1.08 |  0.79 |  0.96 |  0.92 |  1.28 |  1.13
        5187 |  0.81 |  1.08 |  0.79 |  0.96 |  0.92 |  1.28 |  1.13
        5187 |  0.81 |  1.08 |  0.79 |  0.96 |  0.92 |  1.28 |  1.13
        5187 |  0.81 |  1.08 |  0.79 |  0.96 |  0.92 |  1.28 |  1.13
        5187 |  0.81 |  1.08 |  0.79 |  0.96 |  0.92 |  1.28 |  1.13
        5187 |  0.81 |  1.08 |  0.79 |  0.96 |  0.92 |  1.28 |  1.13
        5187 |  0.81 |  1.08 |  0.79 |  0.96 |  0.92 |  1.28 |  1.13
        5187 |  0.81 |  1.08 |  0.79 |  0.96 |  0.92 |  1.28 |  1.13
        5187 |  0.81 |  1.08 |  0.79 |  0.96 |  0.92 |  1.28 |  1.13
        5187 |  0.81 |  1.08 |  0.79 |  0.96 |  0.92 |  1.28 |  1.13
        5187 |  0.81 |  1.08 |  0.79 |  0.96 |  0.92 |  1.28 |  1.13
        5187 |  0.81 |  1.08 |  0.79 |  0.96 |  0.92 |  1.28 |  1.13
        5187 |  0.81 |  1.08 |  0.79 |  0.96 |  0.92 |  1.28 |  1.13
        5188 |  0.90 |  1.06 |  1.01 |  0.91 |  1.21 |  1.40 |  1.11
        5188 |  0.90 |  1.06 |  1.01 |  0.91 |  1.21 |  1.40 |  1.11
        5188 |  0.90 |  1.06 |  1.01 |  0.91 |  1.21 |  1.40 |  1.11
        5188 |  0.90 |  1.06 |  1.01 |  0.91 |  1.21 |  1.40 |  1.11
        5188 |  0.90 |  1.06 |  1.01 |  0.91 |  1.21 |  1.40 |  1.11
        5188 |  0.90 |  1.06 |  1.01 |  0.91 |  1.21 |  1.40 |  1.11
        5188 |  0.90 |  1.06 |  1.01 |  0.91 |  1.21 |  1.40 |  1.11
        5188 |  0.90 |  1.06 |  1.01 |  0.91 |  1.21 |  1.40 |  1.11
        5188 |  0.90 |  1.06 |  1.01 |  0.91 |  1.21 |  1.40 |  1.11
        5188 |  0.90 |  1.06 |  1.01 |  0.91 |  1.21 |  1.40 |  1.11
        5188 |  0.90 |  1.06 |  1.01 |  0.91 |  1.21 |  1.40 |  1.11
        5188 |  0.90 |  1.06 |  1.01 |  0.91 |  1.21 |  1.40 |  1.11
        5188 |  0.90 |  1.06 |  1.01 |  0.91 |  1.21 |  1.40 |  1.11
        5188 |  0.90 |  1.06 |  1.01 |  0.91 |  1.21 |  1.40 |  1.11
        5188 |  0.90 |  1.06 |  1.01 |  0.91 |  1.21 |  1.40 |  1.11
        5188 |  0.90 |  1.06 |  1.01 |  0.91 |  1.21 |  1.40 |  1.11
        5188 |  0.90 |  1.06 |  1.01 |  0.91 |  1.21 |  1.40 |  1.11
        5188 |  0.90 |  1.06 |  1.01 |  0.91 |  1.21 |  1.40 |  1.11
        5188 |  0.90 |  1.06 |  1.01 |  0.91 |  1.21 |  1.40 |  1.11
        5188 |  0.90 |  1.06 |  1.01 |  0.91 |  1.21 |  1.40 |  1.11
        5188 |  0.90 |  1.06 |  1.01 |  0.91 |  1.21 |  1.40 |  1.11
        5188 |  0.90 |  1.06 |  1.01 |  0.91 |  1.21 |  1.40 |  1.11
        5188 |  0.90 |  1.06 |  1.01 |  0.91 |  1.21 |  1.40 |  1.11
        5188 |  0.90 |  1.06 |  1.01 |  0.91 |  1.21 |  1.40 |  1.11
        5188 |  0.90 |  1.06 |  1.01 |  0.91 |  1.21 |  1.40 |  1.11
        5188 |  0.90 |  1.06 |  1.01 |  0.91 |  1.21 |  1.40 |  1.11
        5188 |  0.90 |  1.06 |  1.01 |  0.91 |  1.21 |  1.40 |  1.11
        5188 |  0.90 |  1.06 |  1.01 |  0.91 |  1.21 |  1.40 |  1.11
        5188 |  0.90 |  1.06 |  1.01 |  0.91 |  1.21 |  1.40 |  1.11
        5188 |  0.90 |  1.06 |  1.01 |  0.91 |  1.21 |  1.40 |  1.11
        5188 |  0.90 |  1.06 |  1.01 |  0.91 |  1.21 |  1.40 |  1.11
        5188 |  0.90 |  1.06 |  1.01 |  0.91 |  1.21 |  1.40 |  1.11
        5188 |  0.90 |  1.06 |  1.01 |  0.91 |  1.21 |  1.40 |  1.11
        5188 |  0.90 |  1.06 |  1.01 |  0.91 |  1.21 |  1.40 |  1.11
        5188 |  0.90 |  1.06 |  1.01 |  0.91 |  1.21 |  1.40 |  1.11
        5188 |  0.90 |  1.06 |  1.01 |  0.91 |  1.21 |  1.40 |  1.11
        5188 |  0.90 |  1.06 |  1.01 |  0.91 |  1.21 |  1.40 |  1.11
        5188 |  0.90 |  1.06 |  1.01 |  0.91 |  1.21 |  1.40 |  1.11
        5188 |  0.90 |  1.06 |  1.01 |  0.91 |  1.21 |  1.40 |  1.11
        5188 |  0.90 |  1.06 |  1.01 |  0.91 |  1.21 |  1.40 |  1.11
        5188 |  0.90 |  1.06 |  1.01 |  0.91 |  1.21 |  1.40 |  1.11
        5188 |  0.90 |  1.06 |  1.01 |  0.91 |  1.21 |  1.40 |  1.11
        5188 |  0.90 |  1.06 |  1.01 |  0.91 |  1.21 |  1.40 |  1.11
        5188 |  0.90 |  1.06 |  1.01 |  0.91 |  1.21 |  1.40 |  1.11
        5188 |  0.90 |  1.06 |  1.01 |  0.91 |  1.21 |  1.40 |  1.11
        5188 |  0.90 |  1.06 |  1.01 |  0.91 |  1.21 |  1.40 |  1.11
        5188 |  0.90 |  1.06 |  1.01 |  0.91 |  1.21 |  1.40 |  1.11
        5188 |  0.90 |  1.06 |  1.01 |  0.91 |  1.21 |  1.40 |  1.11
        5188 |  0.90 |  1.06 |  1.01 |  0.91 |  1.21 |  1.40 |  1.11
        5189 |  1.02 |  0.71 |  1.06 |  0.94 |  1.03 |  0.72 |  1.10
        5189 |  1.02 |  0.71 |  1.06 |  0.94 |  1.03 |  0.72 |  1.10
        5189 |  1.02 |  0.71 |  1.06 |  0.94 |  1.03 |  0.72 |  1.10
        5189 |  1.02 |  0.71 |  1.06 |  0.94 |  1.03 |  0.72 |  1.10
        5189 |  1.02 |  0.71 |  1.06 |  0.94 |  1.03 |  0.72 |  1.10
        5189 |  1.02 |  0.71 |  1.06 |  0.94 |  1.03 |  0.72 |  1.10
        5189 |  1.02 |  0.71 |  1.06 |  0.94 |  1.03 |  0.72 |  1.10
        5189 |  1.02 |  0.71 |  1.06 |  0.94 |  1.03 |  0.72 |  1.10
        5189 |  1.02 |  0.71 |  1.06 |  0.94 |  1.03 |  0.72 |  1.10
        5189 |  1.02 |  0.71 |  1.06 |  0.94 |  1.03 |  0.72 |  1.10
        5189 |  1.02 |  0.71 |  1.06 |  0.94 |  1.03 |  0.72 |  1.10
        5189 |  1.02 |  0.71 |  1.06 |  0.94 |  1.03 |  0.72 |  1.10
        5189 |  1.02 |  0.71 |  1.06 |  0.94 |  1.03 |  0.72 |  1.10
        5189 |  1.02 |  0.71 |  1.06 |  0.94 |  1.03 |  0.72 |  1.10
        5189 |  1.02 |  0.71 |  1.06 |  0.94 |  1.03 |  0.72 |  1.10
        5189 |  1.02 |  0.71 |  1.06 |  0.94 |  1.03 |  0.72 |  1.10
        5189 |  1.02 |  0.71 |  1.06 |  0.94 |  1.03 |  0.72 |  1.10
        5189 |  1.02 |  0.71 |  1.06 |  0.94 |  1.03 |  0.72 |  1.10
        5189 |  1.02 |  0.71 |  1.06 |  0.94 |  1.03 |  0.72 |  1.10
        5189 |  1.02 |  0.71 |  1.06 |  0.94 |  1.03 |  0.72 |  1.10
        5189 |  1.02 |  0.71 |  1.06 |  0.94 |  1.03 |  0.72 |  1.10
        5189 |  1.02 |  0.71 |  1.06 |  0.94 |  1.03 |  0.72 |  1.10
        5189 |  1.02 |  0.71 |  1.06 |  0.94 |  1.03 |  0.72 |  1.10
        5189 |  1.02 |  0.71 |  1.06 |  0.94 |  1.03 |  0.72 |  1.10
        5189 |  1.02 |  0.71 |  1.06 |  0.94 |  1.03 |  0.72 |  1.10
        5189 |  1.02 |  0.71 |  1.06 |  0.94 |  1.03 |  0.72 |  1.10
        5189 |  1.02 |  0.71 |  1.06 |  0.94 |  1.03 |  0.72 |  1.10
        5189 |  1.02 |  0.71 |  1.06 |  0.94 |  1.03 |  0.72 |  1.10
        5189 |  1.02 |  0.71 |  1.06 |  0.94 |  1.03 |  0.72 |  1.10
        5189 |  1.02 |  0.71 |  1.06 |  0.94 |  1.03 |  0.72 |  1.10
        5189 |  1.02 |  0.71 |  1.06 |  0.94 |  1.03 |  0.72 |  1.10
        5189 |  1.02 |  0.71 |  1.06 |  0.94 |  1.03 |  0.72 |  1.10
        5189 |  1.02 |  0.71 |  1.06 |  0.94 |  1.03 |  0.72 |  1.10
        5189 |  1.02 |  0.71 |  1.06 |  0.94 |  1.03 |  0.72 |  1.10
        5189 |  1.02 |  0.71 |  1.06 |  0.94 |  1.03 |  0.72 |  1.10
        5189 |  1.02 |  0.71 |  1.06 |  0.94 |  1.03 |  0.72 |  1.10
        5189 |  1.02 |  0.71 |  1.06 |  0.94 |  1.03 |  0.72 |  1.10
        5189 |  1.02 |  0.71 |  1.06 |  0.94 |  1.03 |  0.72 |  1.10
        5189 |  1.02 |  0.71 |  1.06 |  0.94 |  1.03 |  0.72 |  1.10
        5189 |  1.02 |  0.71 |  1.06 |  0.94 |  1.03 |  0.72 |  1.10
        5189 |  1.02 |  0.71 |  1.06 |  0.94 |  1.03 |  0.72 |  1.10
        5189 |  1.02 |  0.71 |  1.06 |  0.94 |  1.03 |  0.72 |  1.10
        5189 |  1.02 |  0.71 |  1.06 |  0.94 |  1.03 |  0.72 |  1.10
        5189 |  1.02 |  0.71 |  1.06 |  0.94 |  1.03 |  0.72 |  1.10
        5189 |  1.02 |  0.71 |  1.06 |  0.94 |  1.03 |  0.72 |  1.10
        5189 |  1.02 |  0.71 |  1.06 |  0.94 |  1.03 |  0.72 |  1.10
        5189 |  1.02 |  0.71 |  1.06 |  0.94 |  1.03 |  0.72 |  1.10
        5189 |  1.02 |  0.71 |  1.06 |  0.94 |  1.03 |  0.72 |  1.10
        5189 |  1.02 |  0.71 |  1.06 |  0.94 |  1.03 |  0.72 |  1.10
        5190 |  0.99 |  1.07 |  0.91 |  0.80 |  1.07 |  1.05 |  0.98
        5190 |  0.99 |  1.07 |  0.91 |  0.80 |  1.07 |  1.05 |  0.98
        5190 |  0.99 |  1.07 |  0.91 |  0.80 |  1.07 |  1.05 |  0.98
        5190 |  0.99 |  1.07 |  0.91 |  0.80 |  1.07 |  1.05 |  0.98
        5190 |  0.99 |  1.07 |  0.91 |  0.80 |  1.07 |  1.05 |  0.98
        5190 |  0.99 |  1.07 |  0.91 |  0.80 |  1.07 |  1.05 |  0.98
        5190 |  0.99 |  1.07 |  0.91 |  0.80 |  1.07 |  1.05 |  0.98
        5190 |  0.99 |  1.07 |  0.91 |  0.80 |  1.07 |  1.05 |  0.98
        5190 |  0.99 |  1.07 |  0.91 |  0.80 |  1.07 |  1.05 |  0.98
        5190 |  0.99 |  1.07 |  0.91 |  0.80 |  1.07 |  1.05 |  0.98
        5190 |  0.99 |  1.07 |  0.91 |  0.80 |  1.07 |  1.05 |  0.98
        5190 |  0.99 |  1.07 |  0.91 |  0.80 |  1.07 |  1.05 |  0.98
        5190 |  0.99 |  1.07 |  0.91 |  0.80 |  1.07 |  1.05 |  0.98
        5190 |  0.99 |  1.07 |  0.91 |  0.80 |  1.07 |  1.05 |  0.98
        5190 |  0.99 |  1.07 |  0.91 |  0.80 |  1.07 |  1.05 |  0.98
        5190 |  0.99 |  1.07 |  0.91 |  0.80 |  1.07 |  1.05 |  0.98
        5190 |  0.99 |  1.07 |  0.91 |  0.80 |  1.07 |  1.05 |  0.98
        5190 |  0.99 |  1.07 |  0.91 |  0.80 |  1.07 |  1.05 |  0.98
        5190 |  0.99 |  1.07 |  0.91 |  0.80 |  1.07 |  1.05 |  0.98
        5190 |  0.99 |  1.07 |  0.91 |  0.80 |  1.07 |  1.05 |  0.98
        5190 |  0.99 |  1.07 |  0.91 |  0.80 |  1.07 |  1.05 |  0.98
        5190 |  0.99 |  1.07 |  0.91 |  0.80 |  1.07 |  1.05 |  0.98
        5190 |  0.99 |  1.07 |  0.91 |  0.80 |  1.07 |  1.05 |  0.98
        5190 |  0.99 |  1.07 |  0.91 |  0.80 |  1.07 |  1.05 |  0.98
        5190 |  0.99 |  1.07 |  0.91 |  0.80 |  1.07 |  1.05 |  0.98
        5190 |  0.99 |  1.07 |  0.91 |  0.80 |  1.07 |  1.05 |  0.98
        5190 |  0.99 |  1.07 |  0.91 |  0.80 |  1.07 |  1.05 |  0.98
        5190 |  0.99 |  1.07 |  0.91 |  0.80 |  1.07 |  1.05 |  0.98
        5190 |  0.99 |  1.07 |  0.91 |  0.80 |  1.07 |  1.05 |  0.98
        5190 |  0.99 |  1.07 |  0.91 |  0.80 |  1.07 |  1.05 |  0.98
        5190 |  0.99 |  1.07 |  0.91 |  0.80 |  1.07 |  1.05 |  0.98
        5190 |  0.99 |  1.07 |  0.91 |  0.80 |  1.07 |  1.05 |  0.98
        5190 |  0.99 |  1.07 |  0.91 |  0.80 |  1.07 |  1.05 |  0.98
        5190 |  0.99 |  1.07 |  0.91 |  0.80 |  1.07 |  1.05 |  0.98
        5190 |  0.99 |  1.07 |  0.91 |  0.80 |  1.07 |  1.05 |  0.98
        5190 |  0.99 |  1.07 |  0.91 |  0.80 |  1.07 |  1.05 |  0.98
        5190 |  0.99 |  1.07 |  0.91 |  0.80 |  1.07 |  1.05 |  0.98
        5190 |  0.99 |  1.07 |  0.91 |  0.80 |  1.07 |  1.05 |  0.98
        5190 |  0.99 |  1.07 |  0.91 |  0.80 |  1.07 |  1.05 |  0.98
        5190 |  0.99 |  1.07 |  0.91 |  0.80 |  1.07 |  1.05 |  0.98
        5190 |  0.99 |  1.07 |  0.91 |  0.80 |  1.07 |  1.05 |  0.98
        5190 |  0.99 |  1.07 |  0.91 |  0.80 |  1.07 |  1.05 |  0.98
        5190 |  0.99 |  1.07 |  0.91 |  0.80 |  1.07 |  1.05 |  0.98
        5190 |  0.99 |  1.07 |  0.91 |  0.80 |  1.07 |  1.05 |  0.98
        5190 |  0.99 |  1.07 |  0.91 |  0.80 |  1.07 |  1.05 |  0.98
        5190 |  0.99 |  1.07 |  0.91 |  0.80 |  1.07 |  1.05 |  0.98
        5190 |  0.99 |  1.07 |  0.91 |  0.80 |  1.07 |  1.05 |  0.98
        5190 |  0.99 |  1.07 |  0.91 |  0.80 |  1.07 |  1.05 |  0.98
        5190 |  0.99 |  1.07 |  0.91 |  0.80 |  1.07 |  1.05 |  0.98
        5191 |  1.00 |  0.98 |  1.06 |  0.93 |  0.90 |  1.05 |  0.86
        5191 |  1.00 |  0.98 |  1.06 |  0.93 |  0.90 |  1.05 |  0.86
        5191 |  1.00 |  0.98 |  1.06 |  0.93 |  0.90 |  1.05 |  0.86
        5191 |  1.00 |  0.98 |  1.06 |  0.93 |  0.90 |  1.05 |  0.86
        5191 |  1.00 |  0.98 |  1.06 |  0.93 |  0.90 |  1.05 |  0.86
        5191 |  1.00 |  0.98 |  1.06 |  0.93 |  0.90 |  1.05 |  0.86
        5191 |  1.00 |  0.98 |  1.06 |  0.93 |  0.90 |  1.05 |  0.86
        5191 |  1.00 |  0.98 |  1.06 |  0.93 |  0.90 |  1.05 |  0.86
        5191 |  1.00 |  0.98 |  1.06 |  0.93 |  0.90 |  1.05 |  0.86
        5191 |  1.00 |  0.98 |  1.06 |  0.93 |  0.90 |  1.05 |  0.86
        5191 |  1.00 |  0.98 |  1.06 |  0.93 |  0.90 |  1.05 |  0.86
        5191 |  1.00 |  0.98 |  1.06 |  0.93 |  0.90 |  1.05 |  0.86
        5191 |  1.00 |  0.98 |  1.06 |  0.93 |  0.90 |  1.05 |  0.86
        5191 |  1.00 |  0.98 |  1.06 |  0.93 |  0.90 |  1.05 |  0.86
        5191 |  1.00 |  0.98 |  1.06 |  0.93 |  0.90 |  1.05 |  0.86
        5191 |  1.00 |  0.98 |  1.06 |  0.93 |  0.90 |  1.05 |  0.86
        5191 |  1.00 |  0.98 |  1.06 |  0.93 |  0.90 |  1.05 |  0.86
        5191 |  1.00 |  0.98 |  1.06 |  0.93 |  0.90 |  1.05 |  0.86
        5191 |  1.00 |  0.98 |  1.06 |  0.93 |  0.90 |  1.05 |  0.86
        5191 |  1.00 |  0.98 |  1.06 |  0.93 |  0.90 |  1.05 |  0.86
        5191 |  1.00 |  0.98 |  1.06 |  0.93 |  0.90 |  1.05 |  0.86
        5191 |  1.00 |  0.98 |  1.06 |  0.93 |  0.90 |  1.05 |  0.86
        5191 |  1.00 |  0.98 |  1.06 |  0.93 |  0.90 |  1.05 |  0.86
        5191 |  1.00 |  0.98 |  1.06 |  0.93 |  0.90 |  1.05 |  0.86
        5191 |  1.00 |  0.98 |  1.06 |  0.93 |  0.90 |  1.05 |  0.86
        5191 |  1.00 |  0.98 |  1.06 |  0.93 |  0.90 |  1.05 |  0.86
        5191 |  1.00 |  0.98 |  1.06 |  0.93 |  0.90 |  1.05 |  0.86
        5191 |  1.00 |  0.98 |  1.06 |  0.93 |  0.90 |  1.05 |  0.86
        5191 |  1.00 |  0.98 |  1.06 |  0.93 |  0.90 |  1.05 |  0.86
        5191 |  1.00 |  0.98 |  1.06 |  0.93 |  0.90 |  1.05 |  0.86
        5191 |  1.00 |  0.98 |  1.06 |  0.93 |  0.90 |  1.05 |  0.86
        5191 |  1.00 |  0.98 |  1.06 |  0.93 |  0.90 |  1.05 |  0.86
        5191 |  1.00 |  0.98 |  1.06 |  0.93 |  0.90 |  1.05 |  0.86
        5191 |  1.00 |  0.98 |  1.06 |  0.93 |  0.90 |  1.05 |  0.86
        5191 |  1.00 |  0.98 |  1.06 |  0.93 |  0.90 |  1.05 |  0.86
        5191 |  1.00 |  0.98 |  1.06 |  0.93 |  0.90 |  1.05 |  0.86
        5191 |  1.00 |  0.98 |  1.06 |  0.93 |  0.90 |  1.05 |  0.86
        5191 |  1.00 |  0.98 |  1.06 |  0.93 |  0.90 |  1.05 |  0.86
        5191 |  1.00 |  0.98 |  1.06 |  0.93 |  0.90 |  1.05 |  0.86
        5191 |  1.00 |  0.98 |  1.06 |  0.93 |  0.90 |  1.05 |  0.86
        5191 |  1.00 |  0.98 |  1.06 |  0.93 |  0.90 |  1.05 |  0.86
        5191 |  1.00 |  0.98 |  1.06 |  0.93 |  0.90 |  1.05 |  0.86
        5191 |  1.00 |  0.98 |  1.06 |  0.93 |  0.90 |  1.05 |  0.86
        5191 |  1.00 |  0.98 |  1.06 |  0.93 |  0.90 |  1.05 |  0.86
        5191 |  1.00 |  0.98 |  1.06 |  0.93 |  0.90 |  1.05 |  0.86
        5191 |  1.00 |  0.98 |  1.06 |  0.93 |  0.90 |  1.05 |  0.86
        5191 |  1.00 |  0.98 |  1.06 |  0.93 |  0.90 |  1.05 |  0.86
        5191 |  1.00 |  0.98 |  1.06 |  0.93 |  0.90 |  1.05 |  0.86
        5191 |  1.00 |  0.98 |  1.06 |  0.93 |  0.90 |  1.05 |  0.86
        5192 |  0.91 |  0.88 |  1.20 |  0.79 |  0.94 |  1.00 |  1.31
        5192 |  0.91 |  0.88 |  1.20 |  0.79 |  0.94 |  1.00 |  1.31
        5192 |  0.91 |  0.88 |  1.20 |  0.79 |  0.94 |  1.00 |  1.31
        5192 |  0.91 |  0.88 |  1.20 |  0.79 |  0.94 |  1.00 |  1.31
        5192 |  0.91 |  0.88 |  1.20 |  0.79 |  0.94 |  1.00 |  1.31
        5192 |  0.91 |  0.88 |  1.20 |  0.79 |  0.94 |  1.00 |  1.31
        5192 |  0.91 |  0.88 |  1.20 |  0.79 |  0.94 |  1.00 |  1.31
        5192 |  0.91 |  0.88 |  1.20 |  0.79 |  0.94 |  1.00 |  1.31
        5192 |  0.91 |  0.88 |  1.20 |  0.79 |  0.94 |  1.00 |  1.31
        5192 |  0.91 |  0.88 |  1.20 |  0.79 |  0.94 |  1.00 |  1.31
        5192 |  0.91 |  0.88 |  1.20 |  0.79 |  0.94 |  1.00 |  1.31
        5192 |  0.91 |  0.88 |  1.20 |  0.79 |  0.94 |  1.00 |  1.31
        5192 |  0.91 |  0.88 |  1.20 |  0.79 |  0.94 |  1.00 |  1.31
        5192 |  0.91 |  0.88 |  1.20 |  0.79 |  0.94 |  1.00 |  1.31
        5192 |  0.91 |  0.88 |  1.20 |  0.79 |  0.94 |  1.00 |  1.31
        5192 |  0.91 |  0.88 |  1.20 |  0.79 |  0.94 |  1.00 |  1.31
        5192 |  0.91 |  0.88 |  1.20 |  0.79 |  0.94 |  1.00 |  1.31
        5192 |  0.91 |  0.88 |  1.20 |  0.79 |  0.94 |  1.00 |  1.31
        5192 |  0.91 |  0.88 |  1.20 |  0.79 |  0.94 |  1.00 |  1.31
        5192 |  0.91 |  0.88 |  1.20 |  0.79 |  0.94 |  1.00 |  1.31
        5192 |  0.91 |  0.88 |  1.20 |  0.79 |  0.94 |  1.00 |  1.31
        5192 |  0.91 |  0.88 |  1.20 |  0.79 |  0.94 |  1.00 |  1.31
        5192 |  0.91 |  0.88 |  1.20 |  0.79 |  0.94 |  1.00 |  1.31
        5192 |  0.91 |  0.88 |  1.20 |  0.79 |  0.94 |  1.00 |  1.31
        5192 |  0.91 |  0.88 |  1.20 |  0.79 |  0.94 |  1.00 |  1.31
        5192 |  0.91 |  0.88 |  1.20 |  0.79 |  0.94 |  1.00 |  1.31
        5192 |  0.91 |  0.88 |  1.20 |  0.79 |  0.94 |  1.00 |  1.31
        5192 |  0.91 |  0.88 |  1.20 |  0.79 |  0.94 |  1.00 |  1.31
        5192 |  0.91 |  0.88 |  1.20 |  0.79 |  0.94 |  1.00 |  1.31
        5192 |  0.91 |  0.88 |  1.20 |  0.79 |  0.94 |  1.00 |  1.31
        5192 |  0.91 |  0.88 |  1.20 |  0.79 |  0.94 |  1.00 |  1.31
        5192 |  0.91 |  0.88 |  1.20 |  0.79 |  0.94 |  1.00 |  1.31
        5192 |  0.91 |  0.88 |  1.20 |  0.79 |  0.94 |  1.00 |  1.31
        5192 |  0.91 |  0.88 |  1.20 |  0.79 |  0.94 |  1.00 |  1.31
        5192 |  0.91 |  0.88 |  1.20 |  0.79 |  0.94 |  1.00 |  1.31
        5192 |  0.91 |  0.88 |  1.20 |  0.79 |  0.94 |  1.00 |  1.31
        5192 |  0.91 |  0.88 |  1.20 |  0.79 |  0.94 |  1.00 |  1.31
        5192 |  0.91 |  0.88 |  1.20 |  0.79 |  0.94 |  1.00 |  1.31
        5192 |  0.91 |  0.88 |  1.20 |  0.79 |  0.94 |  1.00 |  1.31
        5192 |  0.91 |  0.88 |  1.20 |  0.79 |  0.94 |  1.00 |  1.31
        5192 |  0.91 |  0.88 |  1.20 |  0.79 |  0.94 |  1.00 |  1.31
        5192 |  0.91 |  0.88 |  1.20 |  0.79 |  0.94 |  1.00 |  1.31
        5192 |  0.91 |  0.88 |  1.20 |  0.79 |  0.94 |  1.00 |  1.31
        5192 |  0.91 |  0.88 |  1.20 |  0.79 |  0.94 |  1.00 |  1.31
        5192 |  0.91 |  0.88 |  1.20 |  0.79 |  0.94 |  1.00 |  1.31
        5192 |  0.91 |  0.88 |  1.20 |  0.79 |  0.94 |  1.00 |  1.31
        5192 |  0.91 |  0.88 |  1.20 |  0.79 |  0.94 |  1.00 |  1.31
        5192 |  0.91 |  0.88 |  1.20 |  0.79 |  0.94 |  1.00 |  1.31
        5192 |  0.91 |  0.88 |  1.20 |  0.79 |  0.94 |  1.00 |  1.31
        5193 |  0.96 |  1.04 |  1.06 |  0.89 |  1.16 |  0.95 |  0.77
        5193 |  0.96 |  1.04 |  1.06 |  0.89 |  1.16 |  0.95 |  0.77
        5193 |  0.96 |  1.04 |  1.06 |  0.89 |  1.16 |  0.95 |  0.77
        5193 |  0.96 |  1.04 |  1.06 |  0.89 |  1.16 |  0.95 |  0.77
        5193 |  0.96 |  1.04 |  1.06 |  0.89 |  1.16 |  0.95 |  0.77
        5193 |  0.96 |  1.04 |  1.06 |  0.89 |  1.16 |  0.95 |  0.77
        5193 |  0.96 |  1.04 |  1.06 |  0.89 |  1.16 |  0.95 |  0.77
        5193 |  0.96 |  1.04 |  1.06 |  0.89 |  1.16 |  0.95 |  0.77
        5193 |  0.96 |  1.04 |  1.06 |  0.89 |  1.16 |  0.95 |  0.77
        5193 |  0.96 |  1.04 |  1.06 |  0.89 |  1.16 |  0.95 |  0.77
        5193 |  0.96 |  1.04 |  1.06 |  0.89 |  1.16 |  0.95 |  0.77
        5193 |  0.96 |  1.04 |  1.06 |  0.89 |  1.16 |  0.95 |  0.77
        5193 |  0.96 |  1.04 |  1.06 |  0.89 |  1.16 |  0.95 |  0.77
        5193 |  0.96 |  1.04 |  1.06 |  0.89 |  1.16 |  0.95 |  0.77
        5193 |  0.96 |  1.04 |  1.06 |  0.89 |  1.16 |  0.95 |  0.77
        5193 |  0.96 |  1.04 |  1.06 |  0.89 |  1.16 |  0.95 |  0.77
        5193 |  0.96 |  1.04 |  1.06 |  0.89 |  1.16 |  0.95 |  0.77
        5193 |  0.96 |  1.04 |  1.06 |  0.89 |  1.16 |  0.95 |  0.77
        5193 |  0.96 |  1.04 |  1.06 |  0.89 |  1.16 |  0.95 |  0.77
        5193 |  0.96 |  1.04 |  1.06 |  0.89 |  1.16 |  0.95 |  0.77
        5193 |  0.96 |  1.04 |  1.06 |  0.89 |  1.16 |  0.95 |  0.77
        5193 |  0.96 |  1.04 |  1.06 |  0.89 |  1.16 |  0.95 |  0.77
        5193 |  0.96 |  1.04 |  1.06 |  0.89 |  1.16 |  0.95 |  0.77
        5193 |  0.96 |  1.04 |  1.06 |  0.89 |  1.16 |  0.95 |  0.77
        5193 |  0.96 |  1.04 |  1.06 |  0.89 |  1.16 |  0.95 |  0.77
        5193 |  0.96 |  1.04 |  1.06 |  0.89 |  1.16 |  0.95 |  0.77
        5193 |  0.96 |  1.04 |  1.06 |  0.89 |  1.16 |  0.95 |  0.77
        5193 |  0.96 |  1.04 |  1.06 |  0.89 |  1.16 |  0.95 |  0.77
        5193 |  0.96 |  1.04 |  1.06 |  0.89 |  1.16 |  0.95 |  0.77
        5193 |  0.96 |  1.04 |  1.06 |  0.89 |  1.16 |  0.95 |  0.77
        5193 |  0.96 |  1.04 |  1.06 |  0.89 |  1.16 |  0.95 |  0.77
        5193 |  0.96 |  1.04 |  1.06 |  0.89 |  1.16 |  0.95 |  0.77
        5193 |  0.96 |  1.04 |  1.06 |  0.89 |  1.16 |  0.95 |  0.77
        5193 |  0.96 |  1.04 |  1.06 |  0.89 |  1.16 |  0.95 |  0.77
        5193 |  0.96 |  1.04 |  1.06 |  0.89 |  1.16 |  0.95 |  0.77
        5193 |  0.96 |  1.04 |  1.06 |  0.89 |  1.16 |  0.95 |  0.77
        5193 |  0.96 |  1.04 |  1.06 |  0.89 |  1.16 |  0.95 |  0.77
        5193 |  0.96 |  1.04 |  1.06 |  0.89 |  1.16 |  0.95 |  0.77
        5193 |  0.96 |  1.04 |  1.06 |  0.89 |  1.16 |  0.95 |  0.77
        5193 |  0.96 |  1.04 |  1.06 |  0.89 |  1.16 |  0.95 |  0.77
        5193 |  0.96 |  1.04 |  1.06 |  0.89 |  1.16 |  0.95 |  0.77
        5193 |  0.96 |  1.04 |  1.06 |  0.89 |  1.16 |  0.95 |  0.77
        5193 |  0.96 |  1.04 |  1.06 |  0.89 |  1.16 |  0.95 |  0.77
        5193 |  0.96 |  1.04 |  1.06 |  0.89 |  1.16 |  0.95 |  0.77
        5193 |  0.96 |  1.04 |  1.06 |  0.89 |  1.16 |  0.95 |  0.77
        5193 |  0.96 |  1.04 |  1.06 |  0.89 |  1.16 |  0.95 |  0.77
        5193 |  0.96 |  1.04 |  1.06 |  0.89 |  1.16 |  0.95 |  0.77
        5193 |  0.96 |  1.04 |  1.06 |  0.89 |  1.16 |  0.95 |  0.77
        5193 |  0.96 |  1.04 |  1.06 |  0.89 |  1.16 |  0.95 |  0.77
        5194 |  0.95 |  1.01 |  1.27 |  1.20 |  0.87 |  0.70 |  1.04
        5194 |  0.95 |  1.01 |  1.27 |  1.20 |  0.87 |  0.70 |  1.04
        5194 |  0.95 |  1.01 |  1.27 |  1.20 |  0.87 |  0.70 |  1.04
        5194 |  0.95 |  1.01 |  1.27 |  1.20 |  0.87 |  0.70 |  1.04
        5194 |  0.95 |  1.01 |  1.27 |  1.20 |  0.87 |  0.70 |  1.04
        5194 |  0.95 |  1.01 |  1.27 |  1.20 |  0.87 |  0.70 |  1.04
        5194 |  0.95 |  1.01 |  1.27 |  1.20 |  0.87 |  0.70 |  1.04
        5194 |  0.95 |  1.01 |  1.27 |  1.20 |  0.87 |  0.70 |  1.04
        5194 |  0.95 |  1.01 |  1.27 |  1.20 |  0.87 |  0.70 |  1.04
        5194 |  0.95 |  1.01 |  1.27 |  1.20 |  0.87 |  0.70 |  1.04
        5194 |  0.95 |  1.01 |  1.27 |  1.20 |  0.87 |  0.70 |  1.04
        5194 |  0.95 |  1.01 |  1.27 |  1.20 |  0.87 |  0.70 |  1.04
        5194 |  0.95 |  1.01 |  1.27 |  1.20 |  0.87 |  0.70 |  1.04
        5194 |  0.95 |  1.01 |  1.27 |  1.20 |  0.87 |  0.70 |  1.04
        5194 |  0.95 |  1.01 |  1.27 |  1.20 |  0.87 |  0.70 |  1.04
        5194 |  0.95 |  1.01 |  1.27 |  1.20 |  0.87 |  0.70 |  1.04
        5194 |  0.95 |  1.01 |  1.27 |  1.20 |  0.87 |  0.70 |  1.04
        5194 |  0.95 |  1.01 |  1.27 |  1.20 |  0.87 |  0.70 |  1.04
        5194 |  0.95 |  1.01 |  1.27 |  1.20 |  0.87 |  0.70 |  1.04
        5194 |  0.95 |  1.01 |  1.27 |  1.20 |  0.87 |  0.70 |  1.04
        5194 |  0.95 |  1.01 |  1.27 |  1.20 |  0.87 |  0.70 |  1.04
        5194 |  0.95 |  1.01 |  1.27 |  1.20 |  0.87 |  0.70 |  1.04
        5194 |  0.95 |  1.01 |  1.27 |  1.20 |  0.87 |  0.70 |  1.04
        5194 |  0.95 |  1.01 |  1.27 |  1.20 |  0.87 |  0.70 |  1.04
        5194 |  0.95 |  1.01 |  1.27 |  1.20 |  0.87 |  0.70 |  1.04
        5194 |  0.95 |  1.01 |  1.27 |  1.20 |  0.87 |  0.70 |  1.04
        5194 |  0.95 |  1.01 |  1.27 |  1.20 |  0.87 |  0.70 |  1.04
        5194 |  0.95 |  1.01 |  1.27 |  1.20 |  0.87 |  0.70 |  1.04
        5194 |  0.95 |  1.01 |  1.27 |  1.20 |  0.87 |  0.70 |  1.04
        5194 |  0.95 |  1.01 |  1.27 |  1.20 |  0.87 |  0.70 |  1.04
        5194 |  0.95 |  1.01 |  1.27 |  1.20 |  0.87 |  0.70 |  1.04
        5194 |  0.95 |  1.01 |  1.27 |  1.20 |  0.87 |  0.70 |  1.04
        5194 |  0.95 |  1.01 |  1.27 |  1.20 |  0.87 |  0.70 |  1.04
        5194 |  0.95 |  1.01 |  1.27 |  1.20 |  0.87 |  0.70 |  1.04
        5194 |  0.95 |  1.01 |  1.27 |  1.20 |  0.87 |  0.70 |  1.04
        5194 |  0.95 |  1.01 |  1.27 |  1.20 |  0.87 |  0.70 |  1.04
        5194 |  0.95 |  1.01 |  1.27 |  1.20 |  0.87 |  0.70 |  1.04
        5194 |  0.95 |  1.01 |  1.27 |  1.20 |  0.87 |  0.70 |  1.04
        5194 |  0.95 |  1.01 |  1.27 |  1.20 |  0.87 |  0.70 |  1.04
        5194 |  0.95 |  1.01 |  1.27 |  1.20 |  0.87 |  0.70 |  1.04
        5194 |  0.95 |  1.01 |  1.27 |  1.20 |  0.87 |  0.70 |  1.04
        5194 |  0.95 |  1.01 |  1.27 |  1.20 |  0.87 |  0.70 |  1.04
        5194 |  0.95 |  1.01 |  1.27 |  1.20 |  0.87 |  0.70 |  1.04
        5194 |  0.95 |  1.01 |  1.27 |  1.20 |  0.87 |  0.70 |  1.04
        5194 |  0.95 |  1.01 |  1.27 |  1.20 |  0.87 |  0.70 |  1.04
        5194 |  0.95 |  1.01 |  1.27 |  1.20 |  0.87 |  0.70 |  1.04
        5194 |  0.95 |  1.01 |  1.27 |  1.20 |  0.87 |  0.70 |  1.04
        5194 |  0.95 |  1.01 |  1.27 |  1.20 |  0.87 |  0.70 |  1.04
        5194 |  0.95 |  1.01 |  1.27 |  1.20 |  0.87 |  0.70 |  1.04
        5195 |  0.87 |  1.29 |  1.17 |  1.05 |  0.82 |  1.27 |  1.19
        5195 |  0.87 |  1.29 |  1.17 |  1.05 |  0.82 |  1.27 |  1.19
        5195 |  0.87 |  1.29 |  1.17 |  1.05 |  0.82 |  1.27 |  1.19
        5195 |  0.87 |  1.29 |  1.17 |  1.05 |  0.82 |  1.27 |  1.19
        5195 |  0.87 |  1.29 |  1.17 |  1.05 |  0.82 |  1.27 |  1.19
        5195 |  0.87 |  1.29 |  1.17 |  1.05 |  0.82 |  1.27 |  1.19
        5195 |  0.87 |  1.29 |  1.17 |  1.05 |  0.82 |  1.27 |  1.19
        5195 |  0.87 |  1.29 |  1.17 |  1.05 |  0.82 |  1.27 |  1.19
        5195 |  0.87 |  1.29 |  1.17 |  1.05 |  0.82 |  1.27 |  1.19
        5195 |  0.87 |  1.29 |  1.17 |  1.05 |  0.82 |  1.27 |  1.19
        5195 |  0.87 |  1.29 |  1.17 |  1.05 |  0.82 |  1.27 |  1.19
        5195 |  0.87 |  1.29 |  1.17 |  1.05 |  0.82 |  1.27 |  1.19
        5195 |  0.87 |  1.29 |  1.17 |  1.05 |  0.82 |  1.27 |  1.19
        5195 |  0.87 |  1.29 |  1.17 |  1.05 |  0.82 |  1.27 |  1.19
        5195 |  0.87 |  1.29 |  1.17 |  1.05 |  0.82 |  1.27 |  1.19
        5195 |  0.87 |  1.29 |  1.17 |  1.05 |  0.82 |  1.27 |  1.19
        5195 |  0.87 |  1.29 |  1.17 |  1.05 |  0.82 |  1.27 |  1.19
        5195 |  0.87 |  1.29 |  1.17 |  1.05 |  0.82 |  1.27 |  1.19
        5195 |  0.87 |  1.29 |  1.17 |  1.05 |  0.82 |  1.27 |  1.19
        5195 |  0.87 |  1.29 |  1.17 |  1.05 |  0.82 |  1.27 |  1.19
        5195 |  0.87 |  1.29 |  1.17 |  1.05 |  0.82 |  1.27 |  1.19
        5195 |  0.87 |  1.29 |  1.17 |  1.05 |  0.82 |  1.27 |  1.19
        5195 |  0.87 |  1.29 |  1.17 |  1.05 |  0.82 |  1.27 |  1.19
        5195 |  0.87 |  1.29 |  1.17 |  1.05 |  0.82 |  1.27 |  1.19
        5195 |  0.87 |  1.29 |  1.17 |  1.05 |  0.82 |  1.27 |  1.19
        5195 |  0.87 |  1.29 |  1.17 |  1.05 |  0.82 |  1.27 |  1.19
        5195 |  0.87 |  1.29 |  1.17 |  1.05 |  0.82 |  1.27 |  1.19
        5195 |  0.87 |  1.29 |  1.17 |  1.05 |  0.82 |  1.27 |  1.19
        5195 |  0.87 |  1.29 |  1.17 |  1.05 |  0.82 |  1.27 |  1.19
        5195 |  0.87 |  1.29 |  1.17 |  1.05 |  0.82 |  1.27 |  1.19
        5195 |  0.87 |  1.29 |  1.17 |  1.05 |  0.82 |  1.27 |  1.19
        5195 |  0.87 |  1.29 |  1.17 |  1.05 |  0.82 |  1.27 |  1.19
        5195 |  0.87 |  1.29 |  1.17 |  1.05 |  0.82 |  1.27 |  1.19
        5195 |  0.87 |  1.29 |  1.17 |  1.05 |  0.82 |  1.27 |  1.19
        5195 |  0.87 |  1.29 |  1.17 |  1.05 |  0.82 |  1.27 |  1.19
        5195 |  0.87 |  1.29 |  1.17 |  1.05 |  0.82 |  1.27 |  1.19
        5195 |  0.87 |  1.29 |  1.17 |  1.05 |  0.82 |  1.27 |  1.19
        5195 |  0.87 |  1.29 |  1.17 |  1.05 |  0.82 |  1.27 |  1.19
        5195 |  0.87 |  1.29 |  1.17 |  1.05 |  0.82 |  1.27 |  1.19
        5195 |  0.87 |  1.29 |  1.17 |  1.05 |  0.82 |  1.27 |  1.19
        5195 |  0.87 |  1.29 |  1.17 |  1.05 |  0.82 |  1.27 |  1.19
        5195 |  0.87 |  1.29 |  1.17 |  1.05 |  0.82 |  1.27 |  1.19
        5195 |  0.87 |  1.29 |  1.17 |  1.05 |  0.82 |  1.27 |  1.19
        5195 |  0.87 |  1.29 |  1.17 |  1.05 |  0.82 |  1.27 |  1.19
        5195 |  0.87 |  1.29 |  1.17 |  1.05 |  0.82 |  1.27 |  1.19
        5195 |  0.87 |  1.29 |  1.17 |  1.05 |  0.82 |  1.27 |  1.19
        5195 |  0.87 |  1.29 |  1.17 |  1.05 |  0.82 |  1.27 |  1.19
        5195 |  0.87 |  1.29 |  1.17 |  1.05 |  0.82 |  1.27 |  1.19
        5195 |  0.87 |  1.29 |  1.17 |  1.05 |  0.82 |  1.27 |  1.19
        5196 |  0.35 |  0.75 |  0.72 |  0.42 |  0.40 |  0.44 |  0.52
        5196 |  0.35 |  0.75 |  0.72 |  0.42 |  0.40 |  0.44 |  0.52
        5196 |  0.35 |  0.75 |  0.72 |  0.42 |  0.40 |  0.44 |  0.52
        5196 |  0.35 |  0.75 |  0.72 |  0.42 |  0.40 |  0.44 |  0.52
        5196 |  0.35 |  0.75 |  0.72 |  0.42 |  0.40 |  0.44 |  0.52
        5196 |  0.35 |  0.75 |  0.72 |  0.42 |  0.40 |  0.44 |  0.52
        5196 |  0.35 |  0.75 |  0.72 |  0.42 |  0.40 |  0.44 |  0.52
        5196 |  0.35 |  0.75 |  0.72 |  0.42 |  0.40 |  0.44 |  0.52
        5196 |  0.35 |  0.75 |  0.72 |  0.42 |  0.40 |  0.44 |  0.52
        5196 |  0.35 |  0.75 |  0.72 |  0.42 |  0.40 |  0.44 |  0.52
        5196 |  0.35 |  0.75 |  0.72 |  0.42 |  0.40 |  0.44 |  0.52
        5196 |  0.35 |  0.75 |  0.72 |  0.42 |  0.40 |  0.44 |  0.52
        5196 |  0.35 |  0.75 |  0.72 |  0.42 |  0.40 |  0.44 |  0.52
        5196 |  0.35 |  0.75 |  0.72 |  0.42 |  0.40 |  0.44 |  0.52
        5196 |  0.35 |  0.75 |  0.72 |  0.42 |  0.40 |  0.44 |  0.52
        5196 |  0.35 |  0.75 |  0.72 |  0.42 |  0.40 |  0.44 |  0.52
        5196 |  0.35 |  0.75 |  0.72 |  0.42 |  0.40 |  0.44 |  0.52
        5196 |  0.35 |  0.75 |  0.72 |  0.42 |  0.40 |  0.44 |  0.52
        5196 |  0.35 |  0.75 |  0.72 |  0.42 |  0.40 |  0.44 |  0.52
        5196 |  0.35 |  0.75 |  0.72 |  0.42 |  0.40 |  0.44 |  0.52
        5196 |  0.35 |  0.75 |  0.72 |  0.42 |  0.40 |  0.44 |  0.52
        5196 |  0.35 |  0.75 |  0.72 |  0.42 |  0.40 |  0.44 |  0.52
        5196 |  0.35 |  0.75 |  0.72 |  0.42 |  0.40 |  0.44 |  0.52
        5196 |  0.35 |  0.75 |  0.72 |  0.42 |  0.40 |  0.44 |  0.52
        5196 |  0.35 |  0.75 |  0.72 |  0.42 |  0.40 |  0.44 |  0.52
        5196 |  0.35 |  0.75 |  0.72 |  0.42 |  0.40 |  0.44 |  0.52
        5196 |  0.35 |  0.75 |  0.72 |  0.42 |  0.40 |  0.44 |  0.52
        5196 |  0.35 |  0.75 |  0.72 |  0.42 |  0.40 |  0.44 |  0.52
        5196 |  0.35 |  0.75 |  0.72 |  0.42 |  0.40 |  0.44 |  0.52
        5196 |  0.35 |  0.75 |  0.72 |  0.42 |  0.40 |  0.44 |  0.52
        5196 |  0.35 |  0.75 |  0.72 |  0.42 |  0.40 |  0.44 |  0.52
        5196 |  0.35 |  0.75 |  0.72 |  0.42 |  0.40 |  0.44 |  0.52
        5196 |  0.35 |  0.75 |  0.72 |  0.42 |  0.40 |  0.44 |  0.52
        5196 |  0.35 |  0.75 |  0.72 |  0.42 |  0.40 |  0.44 |  0.52
        5196 |  0.35 |  0.75 |  0.72 |  0.42 |  0.40 |  0.44 |  0.52
        5196 |  0.35 |  0.75 |  0.72 |  0.42 |  0.40 |  0.44 |  0.52
        5196 |  0.35 |  0.75 |  0.72 |  0.42 |  0.40 |  0.44 |  0.52
        5196 |  0.35 |  0.75 |  0.72 |  0.42 |  0.40 |  0.44 |  0.52
        5196 |  0.35 |  0.75 |  0.72 |  0.42 |  0.40 |  0.44 |  0.52
        5196 |  0.35 |  0.75 |  0.72 |  0.42 |  0.40 |  0.44 |  0.52
        5196 |  0.35 |  0.75 |  0.72 |  0.42 |  0.40 |  0.44 |  0.52
        5196 |  0.35 |  0.75 |  0.72 |  0.42 |  0.40 |  0.44 |  0.52
        5196 |  0.35 |  0.75 |  0.72 |  0.42 |  0.40 |  0.44 |  0.52
        5196 |  0.35 |  0.75 |  0.72 |  0.42 |  0.40 |  0.44 |  0.52
        5196 |  0.35 |  0.75 |  0.72 |  0.42 |  0.40 |  0.44 |  0.52
        5196 |  0.35 |  0.75 |  0.72 |  0.42 |  0.40 |  0.44 |  0.52
        5196 |  0.35 |  0.75 |  0.72 |  0.42 |  0.40 |  0.44 |  0.52
        5196 |  0.35 |  0.75 |  0.72 |  0.42 |  0.40 |  0.44 |  0.52
        5196 |  0.35 |  0.75 |  0.72 |  0.42 |  0.40 |  0.44 |  0.52
        5197 |  0.88 |  1.01 |  0.95 |  0.94 |  1.05 |  1.09 |  1.07
        5197 |  0.88 |  1.01 |  0.95 |  0.94 |  1.05 |  1.09 |  1.07
        5197 |  0.88 |  1.01 |  0.95 |  0.94 |  1.05 |  1.09 |  1.07
        5197 |  0.88 |  1.01 |  0.95 |  0.94 |  1.05 |  1.09 |  1.07
        5197 |  0.88 |  1.01 |  0.95 |  0.94 |  1.05 |  1.09 |  1.07
        5197 |  0.88 |  1.01 |  0.95 |  0.94 |  1.05 |  1.09 |  1.07
        5197 |  0.88 |  1.01 |  0.95 |  0.94 |  1.05 |  1.09 |  1.07
        5197 |  0.88 |  1.01 |  0.95 |  0.94 |  1.05 |  1.09 |  1.07
        5197 |  0.88 |  1.01 |  0.95 |  0.94 |  1.05 |  1.09 |  1.07
        5197 |  0.88 |  1.01 |  0.95 |  0.94 |  1.05 |  1.09 |  1.07
        5197 |  0.88 |  1.01 |  0.95 |  0.94 |  1.05 |  1.09 |  1.07
        5197 |  0.88 |  1.01 |  0.95 |  0.94 |  1.05 |  1.09 |  1.07
        5197 |  0.88 |  1.01 |  0.95 |  0.94 |  1.05 |  1.09 |  1.07
        5197 |  0.88 |  1.01 |  0.95 |  0.94 |  1.05 |  1.09 |  1.07
        5197 |  0.88 |  1.01 |  0.95 |  0.94 |  1.05 |  1.09 |  1.07
        5197 |  0.88 |  1.01 |  0.95 |  0.94 |  1.05 |  1.09 |  1.07
        5197 |  0.88 |  1.01 |  0.95 |  0.94 |  1.05 |  1.09 |  1.07
        5197 |  0.88 |  1.01 |  0.95 |  0.94 |  1.05 |  1.09 |  1.07
        5197 |  0.88 |  1.01 |  0.95 |  0.94 |  1.05 |  1.09 |  1.07
        5197 |  0.88 |  1.01 |  0.95 |  0.94 |  1.05 |  1.09 |  1.07
        5197 |  0.88 |  1.01 |  0.95 |  0.94 |  1.05 |  1.09 |  1.07
        5197 |  0.88 |  1.01 |  0.95 |  0.94 |  1.05 |  1.09 |  1.07
        5197 |  0.88 |  1.01 |  0.95 |  0.94 |  1.05 |  1.09 |  1.07
        5197 |  0.88 |  1.01 |  0.95 |  0.94 |  1.05 |  1.09 |  1.07
        5197 |  0.88 |  1.01 |  0.95 |  0.94 |  1.05 |  1.09 |  1.07
        5197 |  0.88 |  1.01 |  0.95 |  0.94 |  1.05 |  1.09 |  1.07
        5197 |  0.88 |  1.01 |  0.95 |  0.94 |  1.05 |  1.09 |  1.07
        5197 |  0.88 |  1.01 |  0.95 |  0.94 |  1.05 |  1.09 |  1.07
        5197 |  0.88 |  1.01 |  0.95 |  0.94 |  1.05 |  1.09 |  1.07
        5197 |  0.88 |  1.01 |  0.95 |  0.94 |  1.05 |  1.09 |  1.07
        5197 |  0.88 |  1.01 |  0.95 |  0.94 |  1.05 |  1.09 |  1.07
        5197 |  0.88 |  1.01 |  0.95 |  0.94 |  1.05 |  1.09 |  1.07
        5197 |  0.88 |  1.01 |  0.95 |  0.94 |  1.05 |  1.09 |  1.07
        5197 |  0.88 |  1.01 |  0.95 |  0.94 |  1.05 |  1.09 |  1.07
        5197 |  0.88 |  1.01 |  0.95 |  0.94 |  1.05 |  1.09 |  1.07
        5197 |  0.88 |  1.01 |  0.95 |  0.94 |  1.05 |  1.09 |  1.07
        5197 |  0.88 |  1.01 |  0.95 |  0.94 |  1.05 |  1.09 |  1.07
        5197 |  0.88 |  1.01 |  0.95 |  0.94 |  1.05 |  1.09 |  1.07
        5197 |  0.88 |  1.01 |  0.95 |  0.94 |  1.05 |  1.09 |  1.07
        5197 |  0.88 |  1.01 |  0.95 |  0.94 |  1.05 |  1.09 |  1.07
        5197 |  0.88 |  1.01 |  0.95 |  0.94 |  1.05 |  1.09 |  1.07
        5197 |  0.88 |  1.01 |  0.95 |  0.94 |  1.05 |  1.09 |  1.07
        5197 |  0.88 |  1.01 |  0.95 |  0.94 |  1.05 |  1.09 |  1.07
        5197 |  0.88 |  1.01 |  0.95 |  0.94 |  1.05 |  1.09 |  1.07
        5197 |  0.88 |  1.01 |  0.95 |  0.94 |  1.05 |  1.09 |  1.07
        5197 |  0.88 |  1.01 |  0.95 |  0.94 |  1.05 |  1.09 |  1.07
        5197 |  0.88 |  1.01 |  0.95 |  0.94 |  1.05 |  1.09 |  1.07
        5197 |  0.88 |  1.01 |  0.95 |  0.94 |  1.05 |  1.09 |  1.07
        5197 |  0.88 |  1.01 |  0.95 |  0.94 |  1.05 |  1.09 |  1.07
        5198 |  1.03 |  1.10 |  1.13 |  0.87 |  0.91 |  0.95 |  0.91
        5198 |  1.03 |  1.10 |  1.13 |  0.87 |  0.91 |  0.95 |  0.91
        5198 |  1.03 |  1.10 |  1.13 |  0.87 |  0.91 |  0.95 |  0.91
        5198 |  1.03 |  1.10 |  1.13 |  0.87 |  0.91 |  0.95 |  0.91
        5198 |  1.03 |  1.10 |  1.13 |  0.87 |  0.91 |  0.95 |  0.91
        5198 |  1.03 |  1.10 |  1.13 |  0.87 |  0.91 |  0.95 |  0.91
        5198 |  1.03 |  1.10 |  1.13 |  0.87 |  0.91 |  0.95 |  0.91
        5198 |  1.03 |  1.10 |  1.13 |  0.87 |  0.91 |  0.95 |  0.91
        5198 |  1.03 |  1.10 |  1.13 |  0.87 |  0.91 |  0.95 |  0.91
        5198 |  1.03 |  1.10 |  1.13 |  0.87 |  0.91 |  0.95 |  0.91
        5198 |  1.03 |  1.10 |  1.13 |  0.87 |  0.91 |  0.95 |  0.91
        5198 |  1.03 |  1.10 |  1.13 |  0.87 |  0.91 |  0.95 |  0.91
        5198 |  1.03 |  1.10 |  1.13 |  0.87 |  0.91 |  0.95 |  0.91
        5198 |  1.03 |  1.10 |  1.13 |  0.87 |  0.91 |  0.95 |  0.91
        5198 |  1.03 |  1.10 |  1.13 |  0.87 |  0.91 |  0.95 |  0.91
        5198 |  1.03 |  1.10 |  1.13 |  0.87 |  0.91 |  0.95 |  0.91
        5198 |  1.03 |  1.10 |  1.13 |  0.87 |  0.91 |  0.95 |  0.91
        5198 |  1.03 |  1.10 |  1.13 |  0.87 |  0.91 |  0.95 |  0.91
        5198 |  1.03 |  1.10 |  1.13 |  0.87 |  0.91 |  0.95 |  0.91
        5198 |  1.03 |  1.10 |  1.13 |  0.87 |  0.91 |  0.95 |  0.91
        5198 |  1.03 |  1.10 |  1.13 |  0.87 |  0.91 |  0.95 |  0.91
        5198 |  1.03 |  1.10 |  1.13 |  0.87 |  0.91 |  0.95 |  0.91
        5198 |  1.03 |  1.10 |  1.13 |  0.87 |  0.91 |  0.95 |  0.91
        5198 |  1.03 |  1.10 |  1.13 |  0.87 |  0.91 |  0.95 |  0.91
        5198 |  1.03 |  1.10 |  1.13 |  0.87 |  0.91 |  0.95 |  0.91
        5198 |  1.03 |  1.10 |  1.13 |  0.87 |  0.91 |  0.95 |  0.91
        5198 |  1.03 |  1.10 |  1.13 |  0.87 |  0.91 |  0.95 |  0.91
        5198 |  1.03 |  1.10 |  1.13 |  0.87 |  0.91 |  0.95 |  0.91
        5198 |  1.03 |  1.10 |  1.13 |  0.87 |  0.91 |  0.95 |  0.91
        5198 |  1.03 |  1.10 |  1.13 |  0.87 |  0.91 |  0.95 |  0.91
        5198 |  1.03 |  1.10 |  1.13 |  0.87 |  0.91 |  0.95 |  0.91
        5198 |  1.03 |  1.10 |  1.13 |  0.87 |  0.91 |  0.95 |  0.91
        5198 |  1.03 |  1.10 |  1.13 |  0.87 |  0.91 |  0.95 |  0.91
        5198 |  1.03 |  1.10 |  1.13 |  0.87 |  0.91 |  0.95 |  0.91
        5198 |  1.03 |  1.10 |  1.13 |  0.87 |  0.91 |  0.95 |  0.91
        5198 |  1.03 |  1.10 |  1.13 |  0.87 |  0.91 |  0.95 |  0.91
        5198 |  1.03 |  1.10 |  1.13 |  0.87 |  0.91 |  0.95 |  0.91
        5198 |  1.03 |  1.10 |  1.13 |  0.87 |  0.91 |  0.95 |  0.91
        5198 |  1.03 |  1.10 |  1.13 |  0.87 |  0.91 |  0.95 |  0.91
        5198 |  1.03 |  1.10 |  1.13 |  0.87 |  0.91 |  0.95 |  0.91
        5198 |  1.03 |  1.10 |  1.13 |  0.87 |  0.91 |  0.95 |  0.91
        5198 |  1.03 |  1.10 |  1.13 |  0.87 |  0.91 |  0.95 |  0.91
        5198 |  1.03 |  1.10 |  1.13 |  0.87 |  0.91 |  0.95 |  0.91
        5198 |  1.03 |  1.10 |  1.13 |  0.87 |  0.91 |  0.95 |  0.91
        5198 |  1.03 |  1.10 |  1.13 |  0.87 |  0.91 |  0.95 |  0.91
        5198 |  1.03 |  1.10 |  1.13 |  0.87 |  0.91 |  0.95 |  0.91
        5198 |  1.03 |  1.10 |  1.13 |  0.87 |  0.91 |  0.95 |  0.91
        5198 |  1.03 |  1.10 |  1.13 |  0.87 |  0.91 |  0.95 |  0.91
        5198 |  1.03 |  1.10 |  1.13 |  0.87 |  0.91 |  0.95 |  0.91
        5199 |  1.04 |  0.93 |  1.19 |  1.08 |  0.94 |  0.95 |  0.94
        5199 |  1.04 |  0.93 |  1.19 |  1.08 |  0.94 |  0.95 |  0.94
        5199 |  1.04 |  0.93 |  1.19 |  1.08 |  0.94 |  0.95 |  0.94
        5199 |  1.04 |  0.93 |  1.19 |  1.08 |  0.94 |  0.95 |  0.94
        5199 |  1.04 |  0.93 |  1.19 |  1.08 |  0.94 |  0.95 |  0.94
        5199 |  1.04 |  0.93 |  1.19 |  1.08 |  0.94 |  0.95 |  0.94
        5199 |  1.04 |  0.93 |  1.19 |  1.08 |  0.94 |  0.95 |  0.94
        5199 |  1.04 |  0.93 |  1.19 |  1.08 |  0.94 |  0.95 |  0.94
        5199 |  1.04 |  0.93 |  1.19 |  1.08 |  0.94 |  0.95 |  0.94
        5199 |  1.04 |  0.93 |  1.19 |  1.08 |  0.94 |  0.95 |  0.94
        5199 |  1.04 |  0.93 |  1.19 |  1.08 |  0.94 |  0.95 |  0.94
        5199 |  1.04 |  0.93 |  1.19 |  1.08 |  0.94 |  0.95 |  0.94
        5199 |  1.04 |  0.93 |  1.19 |  1.08 |  0.94 |  0.95 |  0.94
        5199 |  1.04 |  0.93 |  1.19 |  1.08 |  0.94 |  0.95 |  0.94
        5199 |  1.04 |  0.93 |  1.19 |  1.08 |  0.94 |  0.95 |  0.94
        5199 |  1.04 |  0.93 |  1.19 |  1.08 |  0.94 |  0.95 |  0.94
        5199 |  1.04 |  0.93 |  1.19 |  1.08 |  0.94 |  0.95 |  0.94
        5199 |  1.04 |  0.93 |  1.19 |  1.08 |  0.94 |  0.95 |  0.94
        5199 |  1.04 |  0.93 |  1.19 |  1.08 |  0.94 |  0.95 |  0.94
        5199 |  1.04 |  0.93 |  1.19 |  1.08 |  0.94 |  0.95 |  0.94
        5199 |  1.04 |  0.93 |  1.19 |  1.08 |  0.94 |  0.95 |  0.94
        5199 |  1.04 |  0.93 |  1.19 |  1.08 |  0.94 |  0.95 |  0.94
        5199 |  1.04 |  0.93 |  1.19 |  1.08 |  0.94 |  0.95 |  0.94
        5199 |  1.04 |  0.93 |  1.19 |  1.08 |  0.94 |  0.95 |  0.94
        5199 |  1.04 |  0.93 |  1.19 |  1.08 |  0.94 |  0.95 |  0.94
        5199 |  1.04 |  0.93 |  1.19 |  1.08 |  0.94 |  0.95 |  0.94
        5199 |  1.04 |  0.93 |  1.19 |  1.08 |  0.94 |  0.95 |  0.94
        5199 |  1.04 |  0.93 |  1.19 |  1.08 |  0.94 |  0.95 |  0.94
        5199 |  1.04 |  0.93 |  1.19 |  1.08 |  0.94 |  0.95 |  0.94
        5199 |  1.04 |  0.93 |  1.19 |  1.08 |  0.94 |  0.95 |  0.94
        5199 |  1.04 |  0.93 |  1.19 |  1.08 |  0.94 |  0.95 |  0.94
        5199 |  1.04 |  0.93 |  1.19 |  1.08 |  0.94 |  0.95 |  0.94
        5199 |  1.04 |  0.93 |  1.19 |  1.08 |  0.94 |  0.95 |  0.94
        5199 |  1.04 |  0.93 |  1.19 |  1.08 |  0.94 |  0.95 |  0.94
        5199 |  1.04 |  0.93 |  1.19 |  1.08 |  0.94 |  0.95 |  0.94
        5199 |  1.04 |  0.93 |  1.19 |  1.08 |  0.94 |  0.95 |  0.94
        5199 |  1.04 |  0.93 |  1.19 |  1.08 |  0.94 |  0.95 |  0.94
        5199 |  1.04 |  0.93 |  1.19 |  1.08 |  0.94 |  0.95 |  0.94
        5199 |  1.04 |  0.93 |  1.19 |  1.08 |  0.94 |  0.95 |  0.94
        5199 |  1.04 |  0.93 |  1.19 |  1.08 |  0.94 |  0.95 |  0.94
        5199 |  1.04 |  0.93 |  1.19 |  1.08 |  0.94 |  0.95 |  0.94
        5199 |  1.04 |  0.93 |  1.19 |  1.08 |  0.94 |  0.95 |  0.94
        5199 |  1.04 |  0.93 |  1.19 |  1.08 |  0.94 |  0.95 |  0.94
        5199 |  1.04 |  0.93 |  1.19 |  1.08 |  0.94 |  0.95 |  0.94
        5199 |  1.04 |  0.93 |  1.19 |  1.08 |  0.94 |  0.95 |  0.94
        5199 |  1.04 |  0.93 |  1.19 |  1.08 |  0.94 |  0.95 |  0.94
        5199 |  1.04 |  0.93 |  1.19 |  1.08 |  0.94 |  0.95 |  0.94
        5199 |  1.04 |  0.93 |  1.19 |  1.08 |  0.94 |  0.95 |  0.94
        5199 |  1.04 |  0.93 |  1.19 |  1.08 |  0.94 |  0.95 |  0.94
        5200 |  0.98 |  0.96 |  0.95 |  1.21 |  0.91 |  0.94 |  1.09
        5200 |  0.98 |  0.96 |  0.95 |  1.21 |  0.91 |  0.94 |  1.09
        5200 |  0.98 |  0.96 |  0.95 |  1.21 |  0.91 |  0.94 |  1.09
        5200 |  0.98 |  0.96 |  0.95 |  1.21 |  0.91 |  0.94 |  1.09
        5200 |  0.98 |  0.96 |  0.95 |  1.21 |  0.91 |  0.94 |  1.09
        5200 |  0.98 |  0.96 |  0.95 |  1.21 |  0.91 |  0.94 |  1.09
        5200 |  0.98 |  0.96 |  0.95 |  1.21 |  0.91 |  0.94 |  1.09
        5200 |  0.98 |  0.96 |  0.95 |  1.21 |  0.91 |  0.94 |  1.09
        5200 |  0.98 |  0.96 |  0.95 |  1.21 |  0.91 |  0.94 |  1.09
        5200 |  0.98 |  0.96 |  0.95 |  1.21 |  0.91 |  0.94 |  1.09
        5200 |  0.98 |  0.96 |  0.95 |  1.21 |  0.91 |  0.94 |  1.09
        5200 |  0.98 |  0.96 |  0.95 |  1.21 |  0.91 |  0.94 |  1.09
        5200 |  0.98 |  0.96 |  0.95 |  1.21 |  0.91 |  0.94 |  1.09
        5200 |  0.98 |  0.96 |  0.95 |  1.21 |  0.91 |  0.94 |  1.09
        5200 |  0.98 |  0.96 |  0.95 |  1.21 |  0.91 |  0.94 |  1.09
        5200 |  0.98 |  0.96 |  0.95 |  1.21 |  0.91 |  0.94 |  1.09
        5200 |  0.98 |  0.96 |  0.95 |  1.21 |  0.91 |  0.94 |  1.09
        5200 |  0.98 |  0.96 |  0.95 |  1.21 |  0.91 |  0.94 |  1.09
        5200 |  0.98 |  0.96 |  0.95 |  1.21 |  0.91 |  0.94 |  1.09
        5200 |  0.98 |  0.96 |  0.95 |  1.21 |  0.91 |  0.94 |  1.09
        5200 |  0.98 |  0.96 |  0.95 |  1.21 |  0.91 |  0.94 |  1.09
        5200 |  0.98 |  0.96 |  0.95 |  1.21 |  0.91 |  0.94 |  1.09
        5200 |  0.98 |  0.96 |  0.95 |  1.21 |  0.91 |  0.94 |  1.09
        5200 |  0.98 |  0.96 |  0.95 |  1.21 |  0.91 |  0.94 |  1.09
        5200 |  0.98 |  0.96 |  0.95 |  1.21 |  0.91 |  0.94 |  1.09
        5200 |  0.98 |  0.96 |  0.95 |  1.21 |  0.91 |  0.94 |  1.09
        5200 |  0.98 |  0.96 |  0.95 |  1.21 |  0.91 |  0.94 |  1.09
        5200 |  0.98 |  0.96 |  0.95 |  1.21 |  0.91 |  0.94 |  1.09
        5200 |  0.98 |  0.96 |  0.95 |  1.21 |  0.91 |  0.94 |  1.09
        5200 |  0.98 |  0.96 |  0.95 |  1.21 |  0.91 |  0.94 |  1.09
        5200 |  0.98 |  0.96 |  0.95 |  1.21 |  0.91 |  0.94 |  1.09
        5200 |  0.98 |  0.96 |  0.95 |  1.21 |  0.91 |  0.94 |  1.09
        5200 |  0.98 |  0.96 |  0.95 |  1.21 |  0.91 |  0.94 |  1.09
        5200 |  0.98 |  0.96 |  0.95 |  1.21 |  0.91 |  0.94 |  1.09
        5200 |  0.98 |  0.96 |  0.95 |  1.21 |  0.91 |  0.94 |  1.09
        5200 |  0.98 |  0.96 |  0.95 |  1.21 |  0.91 |  0.94 |  1.09
        5200 |  0.98 |  0.96 |  0.95 |  1.21 |  0.91 |  0.94 |  1.09
        5200 |  0.98 |  0.96 |  0.95 |  1.21 |  0.91 |  0.94 |  1.09
        5200 |  0.98 |  0.96 |  0.95 |  1.21 |  0.91 |  0.94 |  1.09
        5200 |  0.98 |  0.96 |  0.95 |  1.21 |  0.91 |  0.94 |  1.09
        5200 |  0.98 |  0.96 |  0.95 |  1.21 |  0.91 |  0.94 |  1.09
        5200 |  0.98 |  0.96 |  0.95 |  1.21 |  0.91 |  0.94 |  1.09
        5200 |  0.98 |  0.96 |  0.95 |  1.21 |  0.91 |  0.94 |  1.09
        5200 |  0.98 |  0.96 |  0.95 |  1.21 |  0.91 |  0.94 |  1.09
        5200 |  0.98 |  0.96 |  0.95 |  1.21 |  0.91 |  0.94 |  1.09
        5200 |  0.98 |  0.96 |  0.95 |  1.21 |  0.91 |  0.94 |  1.09
        5200 |  0.98 |  0.96 |  0.95 |  1.21 |  0.91 |  0.94 |  1.09
        5200 |  0.98 |  0.96 |  0.95 |  1.21 |  0.91 |  0.94 |  1.09
        5200 |  0.98 |  0.96 |  0.95 |  1.21 |  0.91 |  0.94 |  1.09
        5201 |  0.99 |  0.84 |  0.90 |  1.02 |  0.99 |  1.08 |  1.08
        5201 |  0.99 |  0.84 |  0.90 |  1.02 |  0.99 |  1.08 |  1.08
        5201 |  0.99 |  0.84 |  0.90 |  1.02 |  0.99 |  1.08 |  1.08
        5201 |  0.99 |  0.84 |  0.90 |  1.02 |  0.99 |  1.08 |  1.08
        5201 |  0.99 |  0.84 |  0.90 |  1.02 |  0.99 |  1.08 |  1.08
        5201 |  0.99 |  0.84 |  0.90 |  1.02 |  0.99 |  1.08 |  1.08
        5201 |  0.99 |  0.84 |  0.90 |  1.02 |  0.99 |  1.08 |  1.08
        5201 |  0.99 |  0.84 |  0.90 |  1.02 |  0.99 |  1.08 |  1.08
        5201 |  0.99 |  0.84 |  0.90 |  1.02 |  0.99 |  1.08 |  1.08
        5201 |  0.99 |  0.84 |  0.90 |  1.02 |  0.99 |  1.08 |  1.08
        5201 |  0.99 |  0.84 |  0.90 |  1.02 |  0.99 |  1.08 |  1.08
        5201 |  0.99 |  0.84 |  0.90 |  1.02 |  0.99 |  1.08 |  1.08
        5201 |  0.99 |  0.84 |  0.90 |  1.02 |  0.99 |  1.08 |  1.08
        5201 |  0.99 |  0.84 |  0.90 |  1.02 |  0.99 |  1.08 |  1.08
        5201 |  0.99 |  0.84 |  0.90 |  1.02 |  0.99 |  1.08 |  1.08
        5201 |  0.99 |  0.84 |  0.90 |  1.02 |  0.99 |  1.08 |  1.08
        5201 |  0.99 |  0.84 |  0.90 |  1.02 |  0.99 |  1.08 |  1.08
        5201 |  0.99 |  0.84 |  0.90 |  1.02 |  0.99 |  1.08 |  1.08
        5201 |  0.99 |  0.84 |  0.90 |  1.02 |  0.99 |  1.08 |  1.08
        5201 |  0.99 |  0.84 |  0.90 |  1.02 |  0.99 |  1.08 |  1.08
        5201 |  0.99 |  0.84 |  0.90 |  1.02 |  0.99 |  1.08 |  1.08
        5201 |  0.99 |  0.84 |  0.90 |  1.02 |  0.99 |  1.08 |  1.08
        5201 |  0.99 |  0.84 |  0.90 |  1.02 |  0.99 |  1.08 |  1.08
        5201 |  0.99 |  0.84 |  0.90 |  1.02 |  0.99 |  1.08 |  1.08
        5201 |  0.99 |  0.84 |  0.90 |  1.02 |  0.99 |  1.08 |  1.08
        5201 |  0.99 |  0.84 |  0.90 |  1.02 |  0.99 |  1.08 |  1.08
        5201 |  0.99 |  0.84 |  0.90 |  1.02 |  0.99 |  1.08 |  1.08
        5201 |  0.99 |  0.84 |  0.90 |  1.02 |  0.99 |  1.08 |  1.08
        5201 |  0.99 |  0.84 |  0.90 |  1.02 |  0.99 |  1.08 |  1.08
        5201 |  0.99 |  0.84 |  0.90 |  1.02 |  0.99 |  1.08 |  1.08
        5201 |  0.99 |  0.84 |  0.90 |  1.02 |  0.99 |  1.08 |  1.08
        5201 |  0.99 |  0.84 |  0.90 |  1.02 |  0.99 |  1.08 |  1.08
        5201 |  0.99 |  0.84 |  0.90 |  1.02 |  0.99 |  1.08 |  1.08
        5201 |  0.99 |  0.84 |  0.90 |  1.02 |  0.99 |  1.08 |  1.08
        5201 |  0.99 |  0.84 |  0.90 |  1.02 |  0.99 |  1.08 |  1.08
        5201 |  0.99 |  0.84 |  0.90 |  1.02 |  0.99 |  1.08 |  1.08
        5201 |  0.99 |  0.84 |  0.90 |  1.02 |  0.99 |  1.08 |  1.08
        5201 |  0.99 |  0.84 |  0.90 |  1.02 |  0.99 |  1.08 |  1.08
        5201 |  0.99 |  0.84 |  0.90 |  1.02 |  0.99 |  1.08 |  1.08
        5201 |  0.99 |  0.84 |  0.90 |  1.02 |  0.99 |  1.08 |  1.08
        5201 |  0.99 |  0.84 |  0.90 |  1.02 |  0.99 |  1.08 |  1.08
        5201 |  0.99 |  0.84 |  0.90 |  1.02 |  0.99 |  1.08 |  1.08
        5201 |  0.99 |  0.84 |  0.90 |  1.02 |  0.99 |  1.08 |  1.08
        5201 |  0.99 |  0.84 |  0.90 |  1.02 |  0.99 |  1.08 |  1.08
        5201 |  0.99 |  0.84 |  0.90 |  1.02 |  0.99 |  1.08 |  1.08
        5201 |  0.99 |  0.84 |  0.90 |  1.02 |  0.99 |  1.08 |  1.08
        5201 |  0.99 |  0.84 |  0.90 |  1.02 |  0.99 |  1.08 |  1.08
        5201 |  0.99 |  0.84 |  0.90 |  1.02 |  0.99 |  1.08 |  1.08
        5201 |  0.99 |  0.84 |  0.90 |  1.02 |  0.99 |  1.08 |  1.08
        5202 |  0.92 |  0.92 |  0.97 |  1.08 |  1.06 |  1.10 |  0.98
        5202 |  0.92 |  0.92 |  0.97 |  1.08 |  1.06 |  1.10 |  0.98
        5202 |  0.92 |  0.92 |  0.97 |  1.08 |  1.06 |  1.10 |  0.98
        5202 |  0.92 |  0.92 |  0.97 |  1.08 |  1.06 |  1.10 |  0.98
        5202 |  0.92 |  0.92 |  0.97 |  1.08 |  1.06 |  1.10 |  0.98
        5202 |  0.92 |  0.92 |  0.97 |  1.08 |  1.06 |  1.10 |  0.98
        5202 |  0.92 |  0.92 |  0.97 |  1.08 |  1.06 |  1.10 |  0.98
        5202 |  0.92 |  0.92 |  0.97 |  1.08 |  1.06 |  1.10 |  0.98
        5202 |  0.92 |  0.92 |  0.97 |  1.08 |  1.06 |  1.10 |  0.98
        5202 |  0.92 |  0.92 |  0.97 |  1.08 |  1.06 |  1.10 |  0.98
        5202 |  0.92 |  0.92 |  0.97 |  1.08 |  1.06 |  1.10 |  0.98
        5202 |  0.92 |  0.92 |  0.97 |  1.08 |  1.06 |  1.10 |  0.98
        5202 |  0.92 |  0.92 |  0.97 |  1.08 |  1.06 |  1.10 |  0.98
        5202 |  0.92 |  0.92 |  0.97 |  1.08 |  1.06 |  1.10 |  0.98
        5202 |  0.92 |  0.92 |  0.97 |  1.08 |  1.06 |  1.10 |  0.98
        5202 |  0.92 |  0.92 |  0.97 |  1.08 |  1.06 |  1.10 |  0.98
        5202 |  0.92 |  0.92 |  0.97 |  1.08 |  1.06 |  1.10 |  0.98
        5202 |  0.92 |  0.92 |  0.97 |  1.08 |  1.06 |  1.10 |  0.98
        5202 |  0.92 |  0.92 |  0.97 |  1.08 |  1.06 |  1.10 |  0.98
        5202 |  0.92 |  0.92 |  0.97 |  1.08 |  1.06 |  1.10 |  0.98
        5202 |  0.92 |  0.92 |  0.97 |  1.08 |  1.06 |  1.10 |  0.98
        5202 |  0.92 |  0.92 |  0.97 |  1.08 |  1.06 |  1.10 |  0.98
        5202 |  0.92 |  0.92 |  0.97 |  1.08 |  1.06 |  1.10 |  0.98
        5202 |  0.92 |  0.92 |  0.97 |  1.08 |  1.06 |  1.10 |  0.98
        5202 |  0.92 |  0.92 |  0.97 |  1.08 |  1.06 |  1.10 |  0.98
        5202 |  0.92 |  0.92 |  0.97 |  1.08 |  1.06 |  1.10 |  0.98
        5202 |  0.92 |  0.92 |  0.97 |  1.08 |  1.06 |  1.10 |  0.98
        5202 |  0.92 |  0.92 |  0.97 |  1.08 |  1.06 |  1.10 |  0.98
        5202 |  0.92 |  0.92 |  0.97 |  1.08 |  1.06 |  1.10 |  0.98
        5202 |  0.92 |  0.92 |  0.97 |  1.08 |  1.06 |  1.10 |  0.98
        5202 |  0.92 |  0.92 |  0.97 |  1.08 |  1.06 |  1.10 |  0.98
        5202 |  0.92 |  0.92 |  0.97 |  1.08 |  1.06 |  1.10 |  0.98
        5202 |  0.92 |  0.92 |  0.97 |  1.08 |  1.06 |  1.10 |  0.98
        5202 |  0.92 |  0.92 |  0.97 |  1.08 |  1.06 |  1.10 |  0.98
        5202 |  0.92 |  0.92 |  0.97 |  1.08 |  1.06 |  1.10 |  0.98
        5202 |  0.92 |  0.92 |  0.97 |  1.08 |  1.06 |  1.10 |  0.98
        5202 |  0.92 |  0.92 |  0.97 |  1.08 |  1.06 |  1.10 |  0.98
        5202 |  0.92 |  0.92 |  0.97 |  1.08 |  1.06 |  1.10 |  0.98
        5202 |  0.92 |  0.92 |  0.97 |  1.08 |  1.06 |  1.10 |  0.98
        5202 |  0.92 |  0.92 |  0.97 |  1.08 |  1.06 |  1.10 |  0.98
        5202 |  0.92 |  0.92 |  0.97 |  1.08 |  1.06 |  1.10 |  0.98
        5202 |  0.92 |  0.92 |  0.97 |  1.08 |  1.06 |  1.10 |  0.98
        5202 |  0.92 |  0.92 |  0.97 |  1.08 |  1.06 |  1.10 |  0.98
        5202 |  0.92 |  0.92 |  0.97 |  1.08 |  1.06 |  1.10 |  0.98
        5202 |  0.92 |  0.92 |  0.97 |  1.08 |  1.06 |  1.10 |  0.98
        5202 |  0.92 |  0.92 |  0.97 |  1.08 |  1.06 |  1.10 |  0.98
        5202 |  0.92 |  0.92 |  0.97 |  1.08 |  1.06 |  1.10 |  0.98
        5202 |  0.92 |  0.92 |  0.97 |  1.08 |  1.06 |  1.10 |  0.98
        5202 |  0.92 |  0.92 |  0.97 |  1.08 |  1.06 |  1.10 |  0.98
        5203 |  0.93 |  0.86 |  0.97 |  1.04 |  1.07 |       |      
        5203 |  0.93 |  0.86 |  0.97 |  1.04 |  1.07 |       |      
        5203 |  0.93 |  0.86 |  0.97 |  1.04 |  1.07 |       |      
        5203 |  0.93 |  0.86 |  0.97 |  1.04 |  1.07 |       |      
        5203 |  0.93 |  0.86 |  0.97 |  1.04 |  1.07 |       |      
        5203 |  0.93 |  0.86 |  0.97 |  1.04 |  1.07 |       |      
        5203 |  0.93 |  0.86 |  0.97 |  1.04 |  1.07 |       |      
        5203 |  0.93 |  0.86 |  0.97 |  1.04 |  1.07 |       |      
        5203 |  0.93 |  0.86 |  0.97 |  1.04 |  1.07 |       |      
        5203 |  0.93 |  0.86 |  0.97 |  1.04 |  1.07 |       |      
        5203 |  0.93 |  0.86 |  0.97 |  1.04 |  1.07 |       |      
        5203 |  0.93 |  0.86 |  0.97 |  1.04 |  1.07 |       |      
        5203 |  0.93 |  0.86 |  0.97 |  1.04 |  1.07 |       |      
        5203 |  0.93 |  0.86 |  0.97 |  1.04 |  1.07 |       |      
        5203 |  0.93 |  0.86 |  0.97 |  1.04 |  1.07 |       |      
        5203 |  0.93 |  0.86 |  0.97 |  1.04 |  1.07 |       |      
        5203 |  0.93 |  0.86 |  0.97 |  1.04 |  1.07 |       |      
        5203 |  0.93 |  0.86 |  0.97 |  1.04 |  1.07 |       |      
        5203 |  0.93 |  0.86 |  0.97 |  1.04 |  1.07 |       |      
        5203 |  0.93 |  0.86 |  0.97 |  1.04 |  1.07 |       |      
        5203 |  0.93 |  0.86 |  0.97 |  1.04 |  1.07 |       |      
        5203 |  0.93 |  0.86 |  0.97 |  1.04 |  1.07 |       |      
        5203 |  0.93 |  0.86 |  0.97 |  1.04 |  1.07 |       |      
        5203 |  0.93 |  0.86 |  0.97 |  1.04 |  1.07 |       |      
        5203 |  0.93 |  0.86 |  0.97 |  1.04 |  1.07 |       |      
        5203 |  0.93 |  0.86 |  0.97 |  1.04 |  1.07 |       |      
        5203 |  0.93 |  0.86 |  0.97 |  1.04 |  1.07 |       |      
        5203 |  0.93 |  0.86 |  0.97 |  1.04 |  1.07 |       |      
        5203 |  0.93 |  0.86 |  0.97 |  1.04 |  1.07 |       |      
        5203 |  0.93 |  0.86 |  0.97 |  1.04 |  1.07 |       |      
        5203 |  0.93 |  0.86 |  0.97 |  1.04 |  1.07 |       |      
        5203 |  0.93 |  0.86 |  0.97 |  1.04 |  1.07 |       |      
        5203 |  0.93 |  0.86 |  0.97 |  1.04 |  1.07 |       |      
        5203 |  0.93 |  0.86 |  0.97 |  1.04 |  1.07 |       |      
        5203 |  0.93 |  0.86 |  0.97 |  1.04 |  1.07 |       |      
        5203 |  0.93 |  0.86 |  0.97 |  1.04 |  1.07 |       |      
        5203 |  0.93 |  0.86 |  0.97 |  1.04 |  1.07 |       |      
        5203 |  0.93 |  0.86 |  0.97 |  1.04 |  1.07 |       |      
        5203 |  0.93 |  0.86 |  0.97 |  1.04 |  1.07 |       |      
        5203 |  0.93 |  0.86 |  0.97 |  1.04 |  1.07 |       |      
        5203 |  0.93 |  0.86 |  0.97 |  1.04 |  1.07 |       |      
        5203 |  0.93 |  0.86 |  0.97 |  1.04 |  1.07 |       |      
        5203 |  0.93 |  0.86 |  0.97 |  1.04 |  1.07 |       |      
        5203 |  0.93 |  0.86 |  0.97 |  1.04 |  1.07 |       |      
        5203 |  0.93 |  0.86 |  0.97 |  1.04 |  1.07 |       |      
        5203 |  0.93 |  0.86 |  0.97 |  1.04 |  1.07 |       |      
        5203 |  0.93 |  0.86 |  0.97 |  1.04 |  1.07 |       |      
        5203 |  0.93 |  0.86 |  0.97 |  1.04 |  1.07 |       |      
        5203 |  0.93 |  0.86 |  0.97 |  1.04 |  1.07 |       |      
        5204 |  1.07 |  0.90 |  1.12 |  1.05 |  1.14 |  1.04 |  0.87
        5204 |  1.07 |  0.90 |  1.12 |  1.05 |  1.14 |  1.04 |  0.87
        5204 |  1.07 |  0.90 |  1.12 |  1.05 |  1.14 |  1.04 |  0.87
        5204 |  1.07 |  0.90 |  1.12 |  1.05 |  1.14 |  1.04 |  0.87
        5204 |  1.07 |  0.90 |  1.12 |  1.05 |  1.14 |  1.04 |  0.87
        5204 |  1.07 |  0.90 |  1.12 |  1.05 |  1.14 |  1.04 |  0.87
        5204 |  1.07 |  0.90 |  1.12 |  1.05 |  1.14 |  1.04 |  0.87
        5204 |  1.07 |  0.90 |  1.12 |  1.05 |  1.14 |  1.04 |  0.87
        5204 |  1.07 |  0.90 |  1.12 |  1.05 |  1.14 |  1.04 |  0.87
        5204 |  1.07 |  0.90 |  1.12 |  1.05 |  1.14 |  1.04 |  0.87
        5204 |  1.07 |  0.90 |  1.12 |  1.05 |  1.14 |  1.04 |  0.87
        5204 |  1.07 |  0.90 |  1.12 |  1.05 |  1.14 |  1.04 |  0.87
        5204 |  1.07 |  0.90 |  1.12 |  1.05 |  1.14 |  1.04 |  0.87
        5204 |  1.07 |  0.90 |  1.12 |  1.05 |  1.14 |  1.04 |  0.87
        5204 |  1.07 |  0.90 |  1.12 |  1.05 |  1.14 |  1.04 |  0.87
        5204 |  1.07 |  0.90 |  1.12 |  1.05 |  1.14 |  1.04 |  0.87
        5204 |  1.07 |  0.90 |  1.12 |  1.05 |  1.14 |  1.04 |  0.87
        5204 |  1.07 |  0.90 |  1.12 |  1.05 |  1.14 |  1.04 |  0.87
        5204 |  1.07 |  0.90 |  1.12 |  1.05 |  1.14 |  1.04 |  0.87
        5204 |  1.07 |  0.90 |  1.12 |  1.05 |  1.14 |  1.04 |  0.87
        5204 |  1.07 |  0.90 |  1.12 |  1.05 |  1.14 |  1.04 |  0.87
        5204 |  1.07 |  0.90 |  1.12 |  1.05 |  1.14 |  1.04 |  0.87
        5204 |  1.07 |  0.90 |  1.12 |  1.05 |  1.14 |  1.04 |  0.87
        5204 |  1.07 |  0.90 |  1.12 |  1.05 |  1.14 |  1.04 |  0.87
        5204 |  1.07 |  0.90 |  1.12 |  1.05 |  1.14 |  1.04 |  0.87
        5204 |  1.07 |  0.90 |  1.12 |  1.05 |  1.14 |  1.04 |  0.87
        5204 |  1.07 |  0.90 |  1.12 |  1.05 |  1.14 |  1.04 |  0.87
        5204 |  1.07 |  0.90 |  1.12 |  1.05 |  1.14 |  1.04 |  0.87
        5204 |  1.07 |  0.90 |  1.12 |  1.05 |  1.14 |  1.04 |  0.87
        5204 |  1.07 |  0.90 |  1.12 |  1.05 |  1.14 |  1.04 |  0.87
        5204 |  1.07 |  0.90 |  1.12 |  1.05 |  1.14 |  1.04 |  0.87
        5204 |  1.07 |  0.90 |  1.12 |  1.05 |  1.14 |  1.04 |  0.87
        5204 |  1.07 |  0.90 |  1.12 |  1.05 |  1.14 |  1.04 |  0.87
        5204 |  1.07 |  0.90 |  1.12 |  1.05 |  1.14 |  1.04 |  0.87
        5204 |  1.07 |  0.90 |  1.12 |  1.05 |  1.14 |  1.04 |  0.87
        5204 |  1.07 |  0.90 |  1.12 |  1.05 |  1.14 |  1.04 |  0.87
        5204 |  1.07 |  0.90 |  1.12 |  1.05 |  1.14 |  1.04 |  0.87
        5204 |  1.07 |  0.90 |  1.12 |  1.05 |  1.14 |  1.04 |  0.87
        5204 |  1.07 |  0.90 |  1.12 |  1.05 |  1.14 |  1.04 |  0.87
        5204 |  1.07 |  0.90 |  1.12 |  1.05 |  1.14 |  1.04 |  0.87
        5204 |  1.07 |  0.90 |  1.12 |  1.05 |  1.14 |  1.04 |  0.87
        5204 |  1.07 |  0.90 |  1.12 |  1.05 |  1.14 |  1.04 |  0.87
        5204 |  1.07 |  0.90 |  1.12 |  1.05 |  1.14 |  1.04 |  0.87
        5204 |  1.07 |  0.90 |  1.12 |  1.05 |  1.14 |  1.04 |  0.87
        5204 |  1.07 |  0.90 |  1.12 |  1.05 |  1.14 |  1.04 |  0.87
        5204 |  1.07 |  0.90 |  1.12 |  1.05 |  1.14 |  1.04 |  0.87
        5204 |  1.07 |  0.90 |  1.12 |  1.05 |  1.14 |  1.04 |  0.87
        5204 |  1.07 |  0.90 |  1.12 |  1.05 |  1.14 |  1.04 |  0.87
        5204 |  1.07 |  0.90 |  1.12 |  1.05 |  1.14 |  1.04 |  0.87
        5205 |  1.08 |  1.05 |  1.06 |  1.03 |  1.07 |  1.00 |  1.22
        5205 |  1.08 |  1.05 |  1.06 |  1.03 |  1.07 |  1.00 |  1.22
        5205 |  1.08 |  1.05 |  1.06 |  1.03 |  1.07 |  1.00 |  1.22
        5205 |  1.08 |  1.05 |  1.06 |  1.03 |  1.07 |  1.00 |  1.22
        5205 |  1.08 |  1.05 |  1.06 |  1.03 |  1.07 |  1.00 |  1.22
        5205 |  1.08 |  1.05 |  1.06 |  1.03 |  1.07 |  1.00 |  1.22
        5205 |  1.08 |  1.05 |  1.06 |  1.03 |  1.07 |  1.00 |  1.22
        5205 |  1.08 |  1.05 |  1.06 |  1.03 |  1.07 |  1.00 |  1.22
        5205 |  1.08 |  1.05 |  1.06 |  1.03 |  1.07 |  1.00 |  1.22
        5205 |  1.08 |  1.05 |  1.06 |  1.03 |  1.07 |  1.00 |  1.22
        5205 |  1.08 |  1.05 |  1.06 |  1.03 |  1.07 |  1.00 |  1.22
        5205 |  1.08 |  1.05 |  1.06 |  1.03 |  1.07 |  1.00 |  1.22
        5205 |  1.08 |  1.05 |  1.06 |  1.03 |  1.07 |  1.00 |  1.22
        5205 |  1.08 |  1.05 |  1.06 |  1.03 |  1.07 |  1.00 |  1.22
        5205 |  1.08 |  1.05 |  1.06 |  1.03 |  1.07 |  1.00 |  1.22
        5205 |  1.08 |  1.05 |  1.06 |  1.03 |  1.07 |  1.00 |  1.22
        5205 |  1.08 |  1.05 |  1.06 |  1.03 |  1.07 |  1.00 |  1.22
        5205 |  1.08 |  1.05 |  1.06 |  1.03 |  1.07 |  1.00 |  1.22
        5205 |  1.08 |  1.05 |  1.06 |  1.03 |  1.07 |  1.00 |  1.22
        5205 |  1.08 |  1.05 |  1.06 |  1.03 |  1.07 |  1.00 |  1.22
        5205 |  1.08 |  1.05 |  1.06 |  1.03 |  1.07 |  1.00 |  1.22
        5205 |  1.08 |  1.05 |  1.06 |  1.03 |  1.07 |  1.00 |  1.22
        5205 |  1.08 |  1.05 |  1.06 |  1.03 |  1.07 |  1.00 |  1.22
        5205 |  1.08 |  1.05 |  1.06 |  1.03 |  1.07 |  1.00 |  1.22
        5205 |  1.08 |  1.05 |  1.06 |  1.03 |  1.07 |  1.00 |  1.22
        5205 |  1.08 |  1.05 |  1.06 |  1.03 |  1.07 |  1.00 |  1.22
        5205 |  1.08 |  1.05 |  1.06 |  1.03 |  1.07 |  1.00 |  1.22
        5205 |  1.08 |  1.05 |  1.06 |  1.03 |  1.07 |  1.00 |  1.22
        5205 |  1.08 |  1.05 |  1.06 |  1.03 |  1.07 |  1.00 |  1.22
        5205 |  1.08 |  1.05 |  1.06 |  1.03 |  1.07 |  1.00 |  1.22
        5205 |  1.08 |  1.05 |  1.06 |  1.03 |  1.07 |  1.00 |  1.22
        5205 |  1.08 |  1.05 |  1.06 |  1.03 |  1.07 |  1.00 |  1.22
        5205 |  1.08 |  1.05 |  1.06 |  1.03 |  1.07 |  1.00 |  1.22
        5205 |  1.08 |  1.05 |  1.06 |  1.03 |  1.07 |  1.00 |  1.22
        5205 |  1.08 |  1.05 |  1.06 |  1.03 |  1.07 |  1.00 |  1.22
        5205 |  1.08 |  1.05 |  1.06 |  1.03 |  1.07 |  1.00 |  1.22
        5205 |  1.08 |  1.05 |  1.06 |  1.03 |  1.07 |  1.00 |  1.22
        5205 |  1.08 |  1.05 |  1.06 |  1.03 |  1.07 |  1.00 |  1.22
        5205 |  1.08 |  1.05 |  1.06 |  1.03 |  1.07 |  1.00 |  1.22
        5205 |  1.08 |  1.05 |  1.06 |  1.03 |  1.07 |  1.00 |  1.22
        5205 |  1.08 |  1.05 |  1.06 |  1.03 |  1.07 |  1.00 |  1.22
        5205 |  1.08 |  1.05 |  1.06 |  1.03 |  1.07 |  1.00 |  1.22
        5205 |  1.08 |  1.05 |  1.06 |  1.03 |  1.07 |  1.00 |  1.22
        5205 |  1.08 |  1.05 |  1.06 |  1.03 |  1.07 |  1.00 |  1.22
        5205 |  1.08 |  1.05 |  1.06 |  1.03 |  1.07 |  1.00 |  1.22
        5205 |  1.08 |  1.05 |  1.06 |  1.03 |  1.07 |  1.00 |  1.22
        5205 |  1.08 |  1.05 |  1.06 |  1.03 |  1.07 |  1.00 |  1.22
        5205 |  1.08 |  1.05 |  1.06 |  1.03 |  1.07 |  1.00 |  1.22
        5205 |  1.08 |  1.05 |  1.06 |  1.03 |  1.07 |  1.00 |  1.22
        5206 |  1.12 |  1.03 |  0.84 |  0.99 |  0.89 |  0.86 |  1.11
        5206 |  1.12 |  1.03 |  0.84 |  0.99 |  0.89 |  0.86 |  1.11
        5206 |  1.12 |  1.03 |  0.84 |  0.99 |  0.89 |  0.86 |  1.11
        5206 |  1.12 |  1.03 |  0.84 |  0.99 |  0.89 |  0.86 |  1.11
        5206 |  1.12 |  1.03 |  0.84 |  0.99 |  0.89 |  0.86 |  1.11
        5206 |  1.12 |  1.03 |  0.84 |  0.99 |  0.89 |  0.86 |  1.11
        5206 |  1.12 |  1.03 |  0.84 |  0.99 |  0.89 |  0.86 |  1.11
        5206 |  1.12 |  1.03 |  0.84 |  0.99 |  0.89 |  0.86 |  1.11
        5206 |  1.12 |  1.03 |  0.84 |  0.99 |  0.89 |  0.86 |  1.11
        5206 |  1.12 |  1.03 |  0.84 |  0.99 |  0.89 |  0.86 |  1.11
        5206 |  1.12 |  1.03 |  0.84 |  0.99 |  0.89 |  0.86 |  1.11
        5206 |  1.12 |  1.03 |  0.84 |  0.99 |  0.89 |  0.86 |  1.11
        5206 |  1.12 |  1.03 |  0.84 |  0.99 |  0.89 |  0.86 |  1.11
        5206 |  1.12 |  1.03 |  0.84 |  0.99 |  0.89 |  0.86 |  1.11
        5206 |  1.12 |  1.03 |  0.84 |  0.99 |  0.89 |  0.86 |  1.11
        5206 |  1.12 |  1.03 |  0.84 |  0.99 |  0.89 |  0.86 |  1.11
        5206 |  1.12 |  1.03 |  0.84 |  0.99 |  0.89 |  0.86 |  1.11
        5206 |  1.12 |  1.03 |  0.84 |  0.99 |  0.89 |  0.86 |  1.11
        5206 |  1.12 |  1.03 |  0.84 |  0.99 |  0.89 |  0.86 |  1.11
        5206 |  1.12 |  1.03 |  0.84 |  0.99 |  0.89 |  0.86 |  1.11
        5206 |  1.12 |  1.03 |  0.84 |  0.99 |  0.89 |  0.86 |  1.11
        5206 |  1.12 |  1.03 |  0.84 |  0.99 |  0.89 |  0.86 |  1.11
        5206 |  1.12 |  1.03 |  0.84 |  0.99 |  0.89 |  0.86 |  1.11
        5206 |  1.12 |  1.03 |  0.84 |  0.99 |  0.89 |  0.86 |  1.11
        5206 |  1.12 |  1.03 |  0.84 |  0.99 |  0.89 |  0.86 |  1.11
        5206 |  1.12 |  1.03 |  0.84 |  0.99 |  0.89 |  0.86 |  1.11
        5206 |  1.12 |  1.03 |  0.84 |  0.99 |  0.89 |  0.86 |  1.11
        5206 |  1.12 |  1.03 |  0.84 |  0.99 |  0.89 |  0.86 |  1.11
        5206 |  1.12 |  1.03 |  0.84 |  0.99 |  0.89 |  0.86 |  1.11
        5206 |  1.12 |  1.03 |  0.84 |  0.99 |  0.89 |  0.86 |  1.11
        5206 |  1.12 |  1.03 |  0.84 |  0.99 |  0.89 |  0.86 |  1.11
        5206 |  1.12 |  1.03 |  0.84 |  0.99 |  0.89 |  0.86 |  1.11
        5206 |  1.12 |  1.03 |  0.84 |  0.99 |  0.89 |  0.86 |  1.11
        5206 |  1.12 |  1.03 |  0.84 |  0.99 |  0.89 |  0.86 |  1.11
        5206 |  1.12 |  1.03 |  0.84 |  0.99 |  0.89 |  0.86 |  1.11
        5206 |  1.12 |  1.03 |  0.84 |  0.99 |  0.89 |  0.86 |  1.11
        5206 |  1.12 |  1.03 |  0.84 |  0.99 |  0.89 |  0.86 |  1.11
        5206 |  1.12 |  1.03 |  0.84 |  0.99 |  0.89 |  0.86 |  1.11
        5206 |  1.12 |  1.03 |  0.84 |  0.99 |  0.89 |  0.86 |  1.11
        5206 |  1.12 |  1.03 |  0.84 |  0.99 |  0.89 |  0.86 |  1.11
        5206 |  1.12 |  1.03 |  0.84 |  0.99 |  0.89 |  0.86 |  1.11
        5206 |  1.12 |  1.03 |  0.84 |  0.99 |  0.89 |  0.86 |  1.11
        5206 |  1.12 |  1.03 |  0.84 |  0.99 |  0.89 |  0.86 |  1.11
        5206 |  1.12 |  1.03 |  0.84 |  0.99 |  0.89 |  0.86 |  1.11
        5206 |  1.12 |  1.03 |  0.84 |  0.99 |  0.89 |  0.86 |  1.11
        5206 |  1.12 |  1.03 |  0.84 |  0.99 |  0.89 |  0.86 |  1.11
        5206 |  1.12 |  1.03 |  0.84 |  0.99 |  0.89 |  0.86 |  1.11
        5206 |  1.12 |  1.03 |  0.84 |  0.99 |  0.89 |  0.86 |  1.11
        5206 |  1.12 |  1.03 |  0.84 |  0.99 |  0.89 |  0.86 |  1.11
        5207 |  0.84 |  1.06 |  1.02 |  0.91 |  0.96 |  1.01 |  1.06
        5207 |  0.84 |  1.06 |  1.02 |  0.91 |  0.96 |  1.01 |  1.06
        5207 |  0.84 |  1.06 |  1.02 |  0.91 |  0.96 |  1.01 |  1.06
        5207 |  0.84 |  1.06 |  1.02 |  0.91 |  0.96 |  1.01 |  1.06
        5207 |  0.84 |  1.06 |  1.02 |  0.91 |  0.96 |  1.01 |  1.06
        5207 |  0.84 |  1.06 |  1.02 |  0.91 |  0.96 |  1.01 |  1.06
        5207 |  0.84 |  1.06 |  1.02 |  0.91 |  0.96 |  1.01 |  1.06
        5207 |  0.84 |  1.06 |  1.02 |  0.91 |  0.96 |  1.01 |  1.06
        5207 |  0.84 |  1.06 |  1.02 |  0.91 |  0.96 |  1.01 |  1.06
        5207 |  0.84 |  1.06 |  1.02 |  0.91 |  0.96 |  1.01 |  1.06
        5207 |  0.84 |  1.06 |  1.02 |  0.91 |  0.96 |  1.01 |  1.06
        5207 |  0.84 |  1.06 |  1.02 |  0.91 |  0.96 |  1.01 |  1.06
        5207 |  0.84 |  1.06 |  1.02 |  0.91 |  0.96 |  1.01 |  1.06
        5207 |  0.84 |  1.06 |  1.02 |  0.91 |  0.96 |  1.01 |  1.06
        5207 |  0.84 |  1.06 |  1.02 |  0.91 |  0.96 |  1.01 |  1.06
        5207 |  0.84 |  1.06 |  1.02 |  0.91 |  0.96 |  1.01 |  1.06
        5207 |  0.84 |  1.06 |  1.02 |  0.91 |  0.96 |  1.01 |  1.06
        5207 |  0.84 |  1.06 |  1.02 |  0.91 |  0.96 |  1.01 |  1.06
        5207 |  0.84 |  1.06 |  1.02 |  0.91 |  0.96 |  1.01 |  1.06
        5207 |  0.84 |  1.06 |  1.02 |  0.91 |  0.96 |  1.01 |  1.06
        5207 |  0.84 |  1.06 |  1.02 |  0.91 |  0.96 |  1.01 |  1.06
        5207 |  0.84 |  1.06 |  1.02 |  0.91 |  0.96 |  1.01 |  1.06
        5207 |  0.84 |  1.06 |  1.02 |  0.91 |  0.96 |  1.01 |  1.06
        5207 |  0.84 |  1.06 |  1.02 |  0.91 |  0.96 |  1.01 |  1.06
        5207 |  0.84 |  1.06 |  1.02 |  0.91 |  0.96 |  1.01 |  1.06
        5207 |  0.84 |  1.06 |  1.02 |  0.91 |  0.96 |  1.01 |  1.06
        5207 |  0.84 |  1.06 |  1.02 |  0.91 |  0.96 |  1.01 |  1.06
        5207 |  0.84 |  1.06 |  1.02 |  0.91 |  0.96 |  1.01 |  1.06
        5207 |  0.84 |  1.06 |  1.02 |  0.91 |  0.96 |  1.01 |  1.06
        5207 |  0.84 |  1.06 |  1.02 |  0.91 |  0.96 |  1.01 |  1.06
        5207 |  0.84 |  1.06 |  1.02 |  0.91 |  0.96 |  1.01 |  1.06
        5207 |  0.84 |  1.06 |  1.02 |  0.91 |  0.96 |  1.01 |  1.06
        5207 |  0.84 |  1.06 |  1.02 |  0.91 |  0.96 |  1.01 |  1.06
        5207 |  0.84 |  1.06 |  1.02 |  0.91 |  0.96 |  1.01 |  1.06
        5207 |  0.84 |  1.06 |  1.02 |  0.91 |  0.96 |  1.01 |  1.06
        5207 |  0.84 |  1.06 |  1.02 |  0.91 |  0.96 |  1.01 |  1.06
        5207 |  0.84 |  1.06 |  1.02 |  0.91 |  0.96 |  1.01 |  1.06
        5207 |  0.84 |  1.06 |  1.02 |  0.91 |  0.96 |  1.01 |  1.06
        5207 |  0.84 |  1.06 |  1.02 |  0.91 |  0.96 |  1.01 |  1.06
        5207 |  0.84 |  1.06 |  1.02 |  0.91 |  0.96 |  1.01 |  1.06
        5207 |  0.84 |  1.06 |  1.02 |  0.91 |  0.96 |  1.01 |  1.06
        5207 |  0.84 |  1.06 |  1.02 |  0.91 |  0.96 |  1.01 |  1.06
        5207 |  0.84 |  1.06 |  1.02 |  0.91 |  0.96 |  1.01 |  1.06
        5207 |  0.84 |  1.06 |  1.02 |  0.91 |  0.96 |  1.01 |  1.06
        5207 |  0.84 |  1.06 |  1.02 |  0.91 |  0.96 |  1.01 |  1.06
        5207 |  0.84 |  1.06 |  1.02 |  0.91 |  0.96 |  1.01 |  1.06
        5207 |  0.84 |  1.06 |  1.02 |  0.91 |  0.96 |  1.01 |  1.06
        5207 |  0.84 |  1.06 |  1.02 |  0.91 |  0.96 |  1.01 |  1.06
        5207 |  0.84 |  1.06 |  1.02 |  0.91 |  0.96 |  1.01 |  1.06
        5208 |  0.98 |  0.99 |  1.17 |  0.98 |  1.12 |  1.04 |  1.06
        5208 |  0.98 |  0.99 |  1.17 |  0.98 |  1.12 |  1.04 |  1.06
        5208 |  0.98 |  0.99 |  1.17 |  0.98 |  1.12 |  1.04 |  1.06
        5208 |  0.98 |  0.99 |  1.17 |  0.98 |  1.12 |  1.04 |  1.06
        5208 |  0.98 |  0.99 |  1.17 |  0.98 |  1.12 |  1.04 |  1.06
        5208 |  0.98 |  0.99 |  1.17 |  0.98 |  1.12 |  1.04 |  1.06
        5208 |  0.98 |  0.99 |  1.17 |  0.98 |  1.12 |  1.04 |  1.06
        5208 |  0.98 |  0.99 |  1.17 |  0.98 |  1.12 |  1.04 |  1.06
        5208 |  0.98 |  0.99 |  1.17 |  0.98 |  1.12 |  1.04 |  1.06
        5208 |  0.98 |  0.99 |  1.17 |  0.98 |  1.12 |  1.04 |  1.06
        5208 |  0.98 |  0.99 |  1.17 |  0.98 |  1.12 |  1.04 |  1.06
        5208 |  0.98 |  0.99 |  1.17 |  0.98 |  1.12 |  1.04 |  1.06
        5208 |  0.98 |  0.99 |  1.17 |  0.98 |  1.12 |  1.04 |  1.06
        5208 |  0.98 |  0.99 |  1.17 |  0.98 |  1.12 |  1.04 |  1.06
        5208 |  0.98 |  0.99 |  1.17 |  0.98 |  1.12 |  1.04 |  1.06
        5208 |  0.98 |  0.99 |  1.17 |  0.98 |  1.12 |  1.04 |  1.06
        5208 |  0.98 |  0.99 |  1.17 |  0.98 |  1.12 |  1.04 |  1.06
        5208 |  0.98 |  0.99 |  1.17 |  0.98 |  1.12 |  1.04 |  1.06
        5208 |  0.98 |  0.99 |  1.17 |  0.98 |  1.12 |  1.04 |  1.06
        5208 |  0.98 |  0.99 |  1.17 |  0.98 |  1.12 |  1.04 |  1.06
        5208 |  0.98 |  0.99 |  1.17 |  0.98 |  1.12 |  1.04 |  1.06
        5208 |  0.98 |  0.99 |  1.17 |  0.98 |  1.12 |  1.04 |  1.06
        5208 |  0.98 |  0.99 |  1.17 |  0.98 |  1.12 |  1.04 |  1.06
        5208 |  0.98 |  0.99 |  1.17 |  0.98 |  1.12 |  1.04 |  1.06
        5208 |  0.98 |  0.99 |  1.17 |  0.98 |  1.12 |  1.04 |  1.06
        5208 |  0.98 |  0.99 |  1.17 |  0.98 |  1.12 |  1.04 |  1.06
        5208 |  0.98 |  0.99 |  1.17 |  0.98 |  1.12 |  1.04 |  1.06
        5208 |  0.98 |  0.99 |  1.17 |  0.98 |  1.12 |  1.04 |  1.06
        5208 |  0.98 |  0.99 |  1.17 |  0.98 |  1.12 |  1.04 |  1.06
        5208 |  0.98 |  0.99 |  1.17 |  0.98 |  1.12 |  1.04 |  1.06
        5208 |  0.98 |  0.99 |  1.17 |  0.98 |  1.12 |  1.04 |  1.06
        5208 |  0.98 |  0.99 |  1.17 |  0.98 |  1.12 |  1.04 |  1.06
        5208 |  0.98 |  0.99 |  1.17 |  0.98 |  1.12 |  1.04 |  1.06
        5208 |  0.98 |  0.99 |  1.17 |  0.98 |  1.12 |  1.04 |  1.06
        5208 |  0.98 |  0.99 |  1.17 |  0.98 |  1.12 |  1.04 |  1.06
        5208 |  0.98 |  0.99 |  1.17 |  0.98 |  1.12 |  1.04 |  1.06
        5208 |  0.98 |  0.99 |  1.17 |  0.98 |  1.12 |  1.04 |  1.06
        5208 |  0.98 |  0.99 |  1.17 |  0.98 |  1.12 |  1.04 |  1.06
        5208 |  0.98 |  0.99 |  1.17 |  0.98 |  1.12 |  1.04 |  1.06
        5208 |  0.98 |  0.99 |  1.17 |  0.98 |  1.12 |  1.04 |  1.06
        5208 |  0.98 |  0.99 |  1.17 |  0.98 |  1.12 |  1.04 |  1.06
        5208 |  0.98 |  0.99 |  1.17 |  0.98 |  1.12 |  1.04 |  1.06
        5208 |  0.98 |  0.99 |  1.17 |  0.98 |  1.12 |  1.04 |  1.06
        5208 |  0.98 |  0.99 |  1.17 |  0.98 |  1.12 |  1.04 |  1.06
        5208 |  0.98 |  0.99 |  1.17 |  0.98 |  1.12 |  1.04 |  1.06
        5208 |  0.98 |  0.99 |  1.17 |  0.98 |  1.12 |  1.04 |  1.06
        5208 |  0.98 |  0.99 |  1.17 |  0.98 |  1.12 |  1.04 |  1.06
        5208 |  0.98 |  0.99 |  1.17 |  0.98 |  1.12 |  1.04 |  1.06
        5208 |  0.98 |  0.99 |  1.17 |  0.98 |  1.12 |  1.04 |  1.06
        5209 |  0.66 |  0.62 |  1.15 |  0.76 |  0.66 |  0.69 |  0.74
        5209 |  0.66 |  0.62 |  1.15 |  0.76 |  0.66 |  0.69 |  0.74
        5209 |  0.66 |  0.62 |  1.15 |  0.76 |  0.66 |  0.69 |  0.74
        5209 |  0.66 |  0.62 |  1.15 |  0.76 |  0.66 |  0.69 |  0.74
        5209 |  0.66 |  0.62 |  1.15 |  0.76 |  0.66 |  0.69 |  0.74
        5209 |  0.66 |  0.62 |  1.15 |  0.76 |  0.66 |  0.69 |  0.74
        5209 |  0.66 |  0.62 |  1.15 |  0.76 |  0.66 |  0.69 |  0.74
        5209 |  0.66 |  0.62 |  1.15 |  0.76 |  0.66 |  0.69 |  0.74
        5209 |  0.66 |  0.62 |  1.15 |  0.76 |  0.66 |  0.69 |  0.74
        5209 |  0.66 |  0.62 |  1.15 |  0.76 |  0.66 |  0.69 |  0.74
        5209 |  0.66 |  0.62 |  1.15 |  0.76 |  0.66 |  0.69 |  0.74
        5209 |  0.66 |  0.62 |  1.15 |  0.76 |  0.66 |  0.69 |  0.74
        5209 |  0.66 |  0.62 |  1.15 |  0.76 |  0.66 |  0.69 |  0.74
        5209 |  0.66 |  0.62 |  1.15 |  0.76 |  0.66 |  0.69 |  0.74
        5209 |  0.66 |  0.62 |  1.15 |  0.76 |  0.66 |  0.69 |  0.74
        5209 |  0.66 |  0.62 |  1.15 |  0.76 |  0.66 |  0.69 |  0.74
        5209 |  0.66 |  0.62 |  1.15 |  0.76 |  0.66 |  0.69 |  0.74
        5209 |  0.66 |  0.62 |  1.15 |  0.76 |  0.66 |  0.69 |  0.74
        5209 |  0.66 |  0.62 |  1.15 |  0.76 |  0.66 |  0.69 |  0.74
        5209 |  0.66 |  0.62 |  1.15 |  0.76 |  0.66 |  0.69 |  0.74
        5209 |  0.66 |  0.62 |  1.15 |  0.76 |  0.66 |  0.69 |  0.74
        5209 |  0.66 |  0.62 |  1.15 |  0.76 |  0.66 |  0.69 |  0.74
        5209 |  0.66 |  0.62 |  1.15 |  0.76 |  0.66 |  0.69 |  0.74
        5209 |  0.66 |  0.62 |  1.15 |  0.76 |  0.66 |  0.69 |  0.74
        5209 |  0.66 |  0.62 |  1.15 |  0.76 |  0.66 |  0.69 |  0.74
        5209 |  0.66 |  0.62 |  1.15 |  0.76 |  0.66 |  0.69 |  0.74
        5209 |  0.66 |  0.62 |  1.15 |  0.76 |  0.66 |  0.69 |  0.74
        5209 |  0.66 |  0.62 |  1.15 |  0.76 |  0.66 |  0.69 |  0.74
        5209 |  0.66 |  0.62 |  1.15 |  0.76 |  0.66 |  0.69 |  0.74
        5209 |  0.66 |  0.62 |  1.15 |  0.76 |  0.66 |  0.69 |  0.74
        5209 |  0.66 |  0.62 |  1.15 |  0.76 |  0.66 |  0.69 |  0.74
        5209 |  0.66 |  0.62 |  1.15 |  0.76 |  0.66 |  0.69 |  0.74
        5209 |  0.66 |  0.62 |  1.15 |  0.76 |  0.66 |  0.69 |  0.74
        5209 |  0.66 |  0.62 |  1.15 |  0.76 |  0.66 |  0.69 |  0.74
        5209 |  0.66 |  0.62 |  1.15 |  0.76 |  0.66 |  0.69 |  0.74
        5209 |  0.66 |  0.62 |  1.15 |  0.76 |  0.66 |  0.69 |  0.74
        5209 |  0.66 |  0.62 |  1.15 |  0.76 |  0.66 |  0.69 |  0.74
        5209 |  0.66 |  0.62 |  1.15 |  0.76 |  0.66 |  0.69 |  0.74
        5209 |  0.66 |  0.62 |  1.15 |  0.76 |  0.66 |  0.69 |  0.74
        5209 |  0.66 |  0.62 |  1.15 |  0.76 |  0.66 |  0.69 |  0.74
        5209 |  0.66 |  0.62 |  1.15 |  0.76 |  0.66 |  0.69 |  0.74
        5209 |  0.66 |  0.62 |  1.15 |  0.76 |  0.66 |  0.69 |  0.74
        5209 |  0.66 |  0.62 |  1.15 |  0.76 |  0.66 |  0.69 |  0.74
        5209 |  0.66 |  0.62 |  1.15 |  0.76 |  0.66 |  0.69 |  0.74
        5209 |  0.66 |  0.62 |  1.15 |  0.76 |  0.66 |  0.69 |  0.74
        5209 |  0.66 |  0.62 |  1.15 |  0.76 |  0.66 |  0.69 |  0.74
        5209 |  0.66 |  0.62 |  1.15 |  0.76 |  0.66 |  0.69 |  0.74
        5209 |  0.66 |  0.62 |  1.15 |  0.76 |  0.66 |  0.69 |  0.74
        5209 |  0.66 |  0.62 |  1.15 |  0.76 |  0.66 |  0.69 |  0.74
        5210 |  0.91 |  1.06 |  0.78 |  1.04 |  0.98 |  1.03 |  1.08
        5210 |  0.91 |  1.06 |  0.78 |  1.04 |  0.98 |  1.03 |  1.08
        5210 |  0.91 |  1.06 |  0.78 |  1.04 |  0.98 |  1.03 |  1.08
        5210 |  0.91 |  1.06 |  0.78 |  1.04 |  0.98 |  1.03 |  1.08
        5210 |  0.91 |  1.06 |  0.78 |  1.04 |  0.98 |  1.03 |  1.08
        5210 |  0.91 |  1.06 |  0.78 |  1.04 |  0.98 |  1.03 |  1.08
        5210 |  0.91 |  1.06 |  0.78 |  1.04 |  0.98 |  1.03 |  1.08
        5210 |  0.91 |  1.06 |  0.78 |  1.04 |  0.98 |  1.03 |  1.08
        5210 |  0.91 |  1.06 |  0.78 |  1.04 |  0.98 |  1.03 |  1.08
        5210 |  0.91 |  1.06 |  0.78 |  1.04 |  0.98 |  1.03 |  1.08
        5210 |  0.91 |  1.06 |  0.78 |  1.04 |  0.98 |  1.03 |  1.08
        5210 |  0.91 |  1.06 |  0.78 |  1.04 |  0.98 |  1.03 |  1.08
        5210 |  0.91 |  1.06 |  0.78 |  1.04 |  0.98 |  1.03 |  1.08
        5210 |  0.91 |  1.06 |  0.78 |  1.04 |  0.98 |  1.03 |  1.08
        5210 |  0.91 |  1.06 |  0.78 |  1.04 |  0.98 |  1.03 |  1.08
        5210 |  0.91 |  1.06 |  0.78 |  1.04 |  0.98 |  1.03 |  1.08
        5210 |  0.91 |  1.06 |  0.78 |  1.04 |  0.98 |  1.03 |  1.08
        5210 |  0.91 |  1.06 |  0.78 |  1.04 |  0.98 |  1.03 |  1.08
        5210 |  0.91 |  1.06 |  0.78 |  1.04 |  0.98 |  1.03 |  1.08
        5210 |  0.91 |  1.06 |  0.78 |  1.04 |  0.98 |  1.03 |  1.08
        5210 |  0.91 |  1.06 |  0.78 |  1.04 |  0.98 |  1.03 |  1.08
        5210 |  0.91 |  1.06 |  0.78 |  1.04 |  0.98 |  1.03 |  1.08
        5210 |  0.91 |  1.06 |  0.78 |  1.04 |  0.98 |  1.03 |  1.08
        5210 |  0.91 |  1.06 |  0.78 |  1.04 |  0.98 |  1.03 |  1.08
        5210 |  0.91 |  1.06 |  0.78 |  1.04 |  0.98 |  1.03 |  1.08
        5210 |  0.91 |  1.06 |  0.78 |  1.04 |  0.98 |  1.03 |  1.08
        5210 |  0.91 |  1.06 |  0.78 |  1.04 |  0.98 |  1.03 |  1.08
        5210 |  0.91 |  1.06 |  0.78 |  1.04 |  0.98 |  1.03 |  1.08
        5210 |  0.91 |  1.06 |  0.78 |  1.04 |  0.98 |  1.03 |  1.08
        5210 |  0.91 |  1.06 |  0.78 |  1.04 |  0.98 |  1.03 |  1.08
        5210 |  0.91 |  1.06 |  0.78 |  1.04 |  0.98 |  1.03 |  1.08
        5210 |  0.91 |  1.06 |  0.78 |  1.04 |  0.98 |  1.03 |  1.08
        5210 |  0.91 |  1.06 |  0.78 |  1.04 |  0.98 |  1.03 |  1.08
        5210 |  0.91 |  1.06 |  0.78 |  1.04 |  0.98 |  1.03 |  1.08
        5210 |  0.91 |  1.06 |  0.78 |  1.04 |  0.98 |  1.03 |  1.08
        5210 |  0.91 |  1.06 |  0.78 |  1.04 |  0.98 |  1.03 |  1.08
        5210 |  0.91 |  1.06 |  0.78 |  1.04 |  0.98 |  1.03 |  1.08
        5210 |  0.91 |  1.06 |  0.78 |  1.04 |  0.98 |  1.03 |  1.08
        5210 |  0.91 |  1.06 |  0.78 |  1.04 |  0.98 |  1.03 |  1.08
        5210 |  0.91 |  1.06 |  0.78 |  1.04 |  0.98 |  1.03 |  1.08
        5210 |  0.91 |  1.06 |  0.78 |  1.04 |  0.98 |  1.03 |  1.08
        5210 |  0.91 |  1.06 |  0.78 |  1.04 |  0.98 |  1.03 |  1.08
        5210 |  0.91 |  1.06 |  0.78 |  1.04 |  0.98 |  1.03 |  1.08
        5210 |  0.91 |  1.06 |  0.78 |  1.04 |  0.98 |  1.03 |  1.08
        5210 |  0.91 |  1.06 |  0.78 |  1.04 |  0.98 |  1.03 |  1.08
        5210 |  0.91 |  1.06 |  0.78 |  1.04 |  0.98 |  1.03 |  1.08
        5210 |  0.91 |  1.06 |  0.78 |  1.04 |  0.98 |  1.03 |  1.08
        5210 |  0.91 |  1.06 |  0.78 |  1.04 |  0.98 |  1.03 |  1.08
        5210 |  0.91 |  1.06 |  0.78 |  1.04 |  0.98 |  1.03 |  1.08
        5211 |  1.02 |  1.09 |  0.91 |  1.01 |  1.02 |  1.08 |  0.94
        5211 |  1.02 |  1.09 |  0.91 |  1.01 |  1.02 |  1.08 |  0.94
        5211 |  1.02 |  1.09 |  0.91 |  1.01 |  1.02 |  1.08 |  0.94
        5211 |  1.02 |  1.09 |  0.91 |  1.01 |  1.02 |  1.08 |  0.94
        5211 |  1.02 |  1.09 |  0.91 |  1.01 |  1.02 |  1.08 |  0.94
        5211 |  1.02 |  1.09 |  0.91 |  1.01 |  1.02 |  1.08 |  0.94
        5211 |  1.02 |  1.09 |  0.91 |  1.01 |  1.02 |  1.08 |  0.94
        5211 |  1.02 |  1.09 |  0.91 |  1.01 |  1.02 |  1.08 |  0.94
        5211 |  1.02 |  1.09 |  0.91 |  1.01 |  1.02 |  1.08 |  0.94
        5211 |  1.02 |  1.09 |  0.91 |  1.01 |  1.02 |  1.08 |  0.94
        5211 |  1.02 |  1.09 |  0.91 |  1.01 |  1.02 |  1.08 |  0.94
        5211 |  1.02 |  1.09 |  0.91 |  1.01 |  1.02 |  1.08 |  0.94
        5211 |  1.02 |  1.09 |  0.91 |  1.01 |  1.02 |  1.08 |  0.94
        5211 |  1.02 |  1.09 |  0.91 |  1.01 |  1.02 |  1.08 |  0.94
        5211 |  1.02 |  1.09 |  0.91 |  1.01 |  1.02 |  1.08 |  0.94
        5211 |  1.02 |  1.09 |  0.91 |  1.01 |  1.02 |  1.08 |  0.94
        5211 |  1.02 |  1.09 |  0.91 |  1.01 |  1.02 |  1.08 |  0.94
        5211 |  1.02 |  1.09 |  0.91 |  1.01 |  1.02 |  1.08 |  0.94
        5211 |  1.02 |  1.09 |  0.91 |  1.01 |  1.02 |  1.08 |  0.94
        5211 |  1.02 |  1.09 |  0.91 |  1.01 |  1.02 |  1.08 |  0.94
        5211 |  1.02 |  1.09 |  0.91 |  1.01 |  1.02 |  1.08 |  0.94
        5211 |  1.02 |  1.09 |  0.91 |  1.01 |  1.02 |  1.08 |  0.94
        5211 |  1.02 |  1.09 |  0.91 |  1.01 |  1.02 |  1.08 |  0.94
        5211 |  1.02 |  1.09 |  0.91 |  1.01 |  1.02 |  1.08 |  0.94
        5211 |  1.02 |  1.09 |  0.91 |  1.01 |  1.02 |  1.08 |  0.94
        5211 |  1.02 |  1.09 |  0.91 |  1.01 |  1.02 |  1.08 |  0.94
        5211 |  1.02 |  1.09 |  0.91 |  1.01 |  1.02 |  1.08 |  0.94
        5211 |  1.02 |  1.09 |  0.91 |  1.01 |  1.02 |  1.08 |  0.94
        5211 |  1.02 |  1.09 |  0.91 |  1.01 |  1.02 |  1.08 |  0.94
        5211 |  1.02 |  1.09 |  0.91 |  1.01 |  1.02 |  1.08 |  0.94
        5211 |  1.02 |  1.09 |  0.91 |  1.01 |  1.02 |  1.08 |  0.94
        5211 |  1.02 |  1.09 |  0.91 |  1.01 |  1.02 |  1.08 |  0.94
        5211 |  1.02 |  1.09 |  0.91 |  1.01 |  1.02 |  1.08 |  0.94
        5211 |  1.02 |  1.09 |  0.91 |  1.01 |  1.02 |  1.08 |  0.94
        5211 |  1.02 |  1.09 |  0.91 |  1.01 |  1.02 |  1.08 |  0.94
        5211 |  1.02 |  1.09 |  0.91 |  1.01 |  1.02 |  1.08 |  0.94
        5211 |  1.02 |  1.09 |  0.91 |  1.01 |  1.02 |  1.08 |  0.94
        5211 |  1.02 |  1.09 |  0.91 |  1.01 |  1.02 |  1.08 |  0.94
        5211 |  1.02 |  1.09 |  0.91 |  1.01 |  1.02 |  1.08 |  0.94
        5211 |  1.02 |  1.09 |  0.91 |  1.01 |  1.02 |  1.08 |  0.94
        5211 |  1.02 |  1.09 |  0.91 |  1.01 |  1.02 |  1.08 |  0.94
        5211 |  1.02 |  1.09 |  0.91 |  1.01 |  1.02 |  1.08 |  0.94
        5211 |  1.02 |  1.09 |  0.91 |  1.01 |  1.02 |  1.08 |  0.94
        5211 |  1.02 |  1.09 |  0.91 |  1.01 |  1.02 |  1.08 |  0.94
        5211 |  1.02 |  1.09 |  0.91 |  1.01 |  1.02 |  1.08 |  0.94
        5211 |  1.02 |  1.09 |  0.91 |  1.01 |  1.02 |  1.08 |  0.94
        5211 |  1.02 |  1.09 |  0.91 |  1.01 |  1.02 |  1.08 |  0.94
        5211 |  1.02 |  1.09 |  0.91 |  1.01 |  1.02 |  1.08 |  0.94
        5211 |  1.02 |  1.09 |  0.91 |  1.01 |  1.02 |  1.08 |  0.94
        5212 |  0.81 |  0.96 |  1.08 |  0.96 |  0.99 |  0.96 |  1.00
        5212 |  0.81 |  0.96 |  1.08 |  0.96 |  0.99 |  0.96 |  1.00
        5212 |  0.81 |  0.96 |  1.08 |  0.96 |  0.99 |  0.96 |  1.00
        5212 |  0.81 |  0.96 |  1.08 |  0.96 |  0.99 |  0.96 |  1.00
        5212 |  0.81 |  0.96 |  1.08 |  0.96 |  0.99 |  0.96 |  1.00
        5212 |  0.81 |  0.96 |  1.08 |  0.96 |  0.99 |  0.96 |  1.00
        5212 |  0.81 |  0.96 |  1.08 |  0.96 |  0.99 |  0.96 |  1.00
        5212 |  0.81 |  0.96 |  1.08 |  0.96 |  0.99 |  0.96 |  1.00
        5212 |  0.81 |  0.96 |  1.08 |  0.96 |  0.99 |  0.96 |  1.00
        5212 |  0.81 |  0.96 |  1.08 |  0.96 |  0.99 |  0.96 |  1.00
        5212 |  0.81 |  0.96 |  1.08 |  0.96 |  0.99 |  0.96 |  1.00
        5212 |  0.81 |  0.96 |  1.08 |  0.96 |  0.99 |  0.96 |  1.00
        5212 |  0.81 |  0.96 |  1.08 |  0.96 |  0.99 |  0.96 |  1.00
        5212 |  0.81 |  0.96 |  1.08 |  0.96 |  0.99 |  0.96 |  1.00
        5212 |  0.81 |  0.96 |  1.08 |  0.96 |  0.99 |  0.96 |  1.00
        5212 |  0.81 |  0.96 |  1.08 |  0.96 |  0.99 |  0.96 |  1.00
        5212 |  0.81 |  0.96 |  1.08 |  0.96 |  0.99 |  0.96 |  1.00
        5212 |  0.81 |  0.96 |  1.08 |  0.96 |  0.99 |  0.96 |  1.00
        5212 |  0.81 |  0.96 |  1.08 |  0.96 |  0.99 |  0.96 |  1.00
        5212 |  0.81 |  0.96 |  1.08 |  0.96 |  0.99 |  0.96 |  1.00
        5212 |  0.81 |  0.96 |  1.08 |  0.96 |  0.99 |  0.96 |  1.00
        5212 |  0.81 |  0.96 |  1.08 |  0.96 |  0.99 |  0.96 |  1.00
        5212 |  0.81 |  0.96 |  1.08 |  0.96 |  0.99 |  0.96 |  1.00
        5212 |  0.81 |  0.96 |  1.08 |  0.96 |  0.99 |  0.96 |  1.00
        5212 |  0.81 |  0.96 |  1.08 |  0.96 |  0.99 |  0.96 |  1.00
        5212 |  0.81 |  0.96 |  1.08 |  0.96 |  0.99 |  0.96 |  1.00
        5212 |  0.81 |  0.96 |  1.08 |  0.96 |  0.99 |  0.96 |  1.00
        5212 |  0.81 |  0.96 |  1.08 |  0.96 |  0.99 |  0.96 |  1.00
        5212 |  0.81 |  0.96 |  1.08 |  0.96 |  0.99 |  0.96 |  1.00
        5212 |  0.81 |  0.96 |  1.08 |  0.96 |  0.99 |  0.96 |  1.00
        5212 |  0.81 |  0.96 |  1.08 |  0.96 |  0.99 |  0.96 |  1.00
        5212 |  0.81 |  0.96 |  1.08 |  0.96 |  0.99 |  0.96 |  1.00
        5212 |  0.81 |  0.96 |  1.08 |  0.96 |  0.99 |  0.96 |  1.00
        5212 |  0.81 |  0.96 |  1.08 |  0.96 |  0.99 |  0.96 |  1.00
        5212 |  0.81 |  0.96 |  1.08 |  0.96 |  0.99 |  0.96 |  1.00
        5212 |  0.81 |  0.96 |  1.08 |  0.96 |  0.99 |  0.96 |  1.00
        5212 |  0.81 |  0.96 |  1.08 |  0.96 |  0.99 |  0.96 |  1.00
        5212 |  0.81 |  0.96 |  1.08 |  0.96 |  0.99 |  0.96 |  1.00
        5212 |  0.81 |  0.96 |  1.08 |  0.96 |  0.99 |  0.96 |  1.00
        5212 |  0.81 |  0.96 |  1.08 |  0.96 |  0.99 |  0.96 |  1.00
        5212 |  0.81 |  0.96 |  1.08 |  0.96 |  0.99 |  0.96 |  1.00
        5212 |  0.81 |  0.96 |  1.08 |  0.96 |  0.99 |  0.96 |  1.00
        5212 |  0.81 |  0.96 |  1.08 |  0.96 |  0.99 |  0.96 |  1.00
        5212 |  0.81 |  0.96 |  1.08 |  0.96 |  0.99 |  0.96 |  1.00
        5212 |  0.81 |  0.96 |  1.08 |  0.96 |  0.99 |  0.96 |  1.00
        5212 |  0.81 |  0.96 |  1.08 |  0.96 |  0.99 |  0.96 |  1.00
        5212 |  0.81 |  0.96 |  1.08 |  0.96 |  0.99 |  0.96 |  1.00
        5212 |  0.81 |  0.96 |  1.08 |  0.96 |  0.99 |  0.96 |  1.00
        5212 |  0.81 |  0.96 |  1.08 |  0.96 |  0.99 |  0.96 |  1.00
        5213 |  1.05 |  1.01 |  0.91 |  0.92 |  0.92 |  0.96 |  0.98
        5213 |  1.05 |  1.01 |  0.91 |  0.92 |  0.92 |  0.96 |  0.98
        5213 |  1.05 |  1.01 |  0.91 |  0.92 |  0.92 |  0.96 |  0.98
        5213 |  1.05 |  1.01 |  0.91 |  0.92 |  0.92 |  0.96 |  0.98
        5213 |  1.05 |  1.01 |  0.91 |  0.92 |  0.92 |  0.96 |  0.98
        5213 |  1.05 |  1.01 |  0.91 |  0.92 |  0.92 |  0.96 |  0.98
        5213 |  1.05 |  1.01 |  0.91 |  0.92 |  0.92 |  0.96 |  0.98
        5213 |  1.05 |  1.01 |  0.91 |  0.92 |  0.92 |  0.96 |  0.98
        5213 |  1.05 |  1.01 |  0.91 |  0.92 |  0.92 |  0.96 |  0.98
        5213 |  1.05 |  1.01 |  0.91 |  0.92 |  0.92 |  0.96 |  0.98
        5213 |  1.05 |  1.01 |  0.91 |  0.92 |  0.92 |  0.96 |  0.98
        5213 |  1.05 |  1.01 |  0.91 |  0.92 |  0.92 |  0.96 |  0.98
        5213 |  1.05 |  1.01 |  0.91 |  0.92 |  0.92 |  0.96 |  0.98
        5213 |  1.05 |  1.01 |  0.91 |  0.92 |  0.92 |  0.96 |  0.98
        5213 |  1.05 |  1.01 |  0.91 |  0.92 |  0.92 |  0.96 |  0.98
        5213 |  1.05 |  1.01 |  0.91 |  0.92 |  0.92 |  0.96 |  0.98
        5213 |  1.05 |  1.01 |  0.91 |  0.92 |  0.92 |  0.96 |  0.98
        5213 |  1.05 |  1.01 |  0.91 |  0.92 |  0.92 |  0.96 |  0.98
        5213 |  1.05 |  1.01 |  0.91 |  0.92 |  0.92 |  0.96 |  0.98
        5213 |  1.05 |  1.01 |  0.91 |  0.92 |  0.92 |  0.96 |  0.98
        5213 |  1.05 |  1.01 |  0.91 |  0.92 |  0.92 |  0.96 |  0.98
        5213 |  1.05 |  1.01 |  0.91 |  0.92 |  0.92 |  0.96 |  0.98
        5213 |  1.05 |  1.01 |  0.91 |  0.92 |  0.92 |  0.96 |  0.98
        5213 |  1.05 |  1.01 |  0.91 |  0.92 |  0.92 |  0.96 |  0.98
        5213 |  1.05 |  1.01 |  0.91 |  0.92 |  0.92 |  0.96 |  0.98
        5213 |  1.05 |  1.01 |  0.91 |  0.92 |  0.92 |  0.96 |  0.98
        5213 |  1.05 |  1.01 |  0.91 |  0.92 |  0.92 |  0.96 |  0.98
        5213 |  1.05 |  1.01 |  0.91 |  0.92 |  0.92 |  0.96 |  0.98
        5213 |  1.05 |  1.01 |  0.91 |  0.92 |  0.92 |  0.96 |  0.98
        5213 |  1.05 |  1.01 |  0.91 |  0.92 |  0.92 |  0.96 |  0.98
        5213 |  1.05 |  1.01 |  0.91 |  0.92 |  0.92 |  0.96 |  0.98
        5213 |  1.05 |  1.01 |  0.91 |  0.92 |  0.92 |  0.96 |  0.98
        5213 |  1.05 |  1.01 |  0.91 |  0.92 |  0.92 |  0.96 |  0.98
        5213 |  1.05 |  1.01 |  0.91 |  0.92 |  0.92 |  0.96 |  0.98
        5213 |  1.05 |  1.01 |  0.91 |  0.92 |  0.92 |  0.96 |  0.98
        5213 |  1.05 |  1.01 |  0.91 |  0.92 |  0.92 |  0.96 |  0.98
        5213 |  1.05 |  1.01 |  0.91 |  0.92 |  0.92 |  0.96 |  0.98
        5213 |  1.05 |  1.01 |  0.91 |  0.92 |  0.92 |  0.96 |  0.98
        5213 |  1.05 |  1.01 |  0.91 |  0.92 |  0.92 |  0.96 |  0.98
        5213 |  1.05 |  1.01 |  0.91 |  0.92 |  0.92 |  0.96 |  0.98
        5213 |  1.05 |  1.01 |  0.91 |  0.92 |  0.92 |  0.96 |  0.98
        5213 |  1.05 |  1.01 |  0.91 |  0.92 |  0.92 |  0.96 |  0.98
        5213 |  1.05 |  1.01 |  0.91 |  0.92 |  0.92 |  0.96 |  0.98
        5213 |  1.05 |  1.01 |  0.91 |  0.92 |  0.92 |  0.96 |  0.98
        5213 |  1.05 |  1.01 |  0.91 |  0.92 |  0.92 |  0.96 |  0.98
        5213 |  1.05 |  1.01 |  0.91 |  0.92 |  0.92 |  0.96 |  0.98
        5213 |  1.05 |  1.01 |  0.91 |  0.92 |  0.92 |  0.96 |  0.98
        5213 |  1.05 |  1.01 |  0.91 |  0.92 |  0.92 |  0.96 |  0.98
        5213 |  1.05 |  1.01 |  0.91 |  0.92 |  0.92 |  0.96 |  0.98
        5214 |  0.97 |  1.09 |  1.07 |  0.98 |  0.93 |  0.98 |  0.99
        5214 |  0.97 |  1.09 |  1.07 |  0.98 |  0.93 |  0.98 |  0.99
        5214 |  0.97 |  1.09 |  1.07 |  0.98 |  0.93 |  0.98 |  0.99
        5214 |  0.97 |  1.09 |  1.07 |  0.98 |  0.93 |  0.98 |  0.99
        5214 |  0.97 |  1.09 |  1.07 |  0.98 |  0.93 |  0.98 |  0.99
        5214 |  0.97 |  1.09 |  1.07 |  0.98 |  0.93 |  0.98 |  0.99
        5214 |  0.97 |  1.09 |  1.07 |  0.98 |  0.93 |  0.98 |  0.99
        5214 |  0.97 |  1.09 |  1.07 |  0.98 |  0.93 |  0.98 |  0.99
        5214 |  0.97 |  1.09 |  1.07 |  0.98 |  0.93 |  0.98 |  0.99
        5214 |  0.97 |  1.09 |  1.07 |  0.98 |  0.93 |  0.98 |  0.99
        5214 |  0.97 |  1.09 |  1.07 |  0.98 |  0.93 |  0.98 |  0.99
        5214 |  0.97 |  1.09 |  1.07 |  0.98 |  0.93 |  0.98 |  0.99
        5214 |  0.97 |  1.09 |  1.07 |  0.98 |  0.93 |  0.98 |  0.99
        5214 |  0.97 |  1.09 |  1.07 |  0.98 |  0.93 |  0.98 |  0.99
        5214 |  0.97 |  1.09 |  1.07 |  0.98 |  0.93 |  0.98 |  0.99
        5214 |  0.97 |  1.09 |  1.07 |  0.98 |  0.93 |  0.98 |  0.99
        5214 |  0.97 |  1.09 |  1.07 |  0.98 |  0.93 |  0.98 |  0.99
        5214 |  0.97 |  1.09 |  1.07 |  0.98 |  0.93 |  0.98 |  0.99
        5214 |  0.97 |  1.09 |  1.07 |  0.98 |  0.93 |  0.98 |  0.99
        5214 |  0.97 |  1.09 |  1.07 |  0.98 |  0.93 |  0.98 |  0.99
        5214 |  0.97 |  1.09 |  1.07 |  0.98 |  0.93 |  0.98 |  0.99
        5214 |  0.97 |  1.09 |  1.07 |  0.98 |  0.93 |  0.98 |  0.99
        5214 |  0.97 |  1.09 |  1.07 |  0.98 |  0.93 |  0.98 |  0.99
        5214 |  0.97 |  1.09 |  1.07 |  0.98 |  0.93 |  0.98 |  0.99
        5214 |  0.97 |  1.09 |  1.07 |  0.98 |  0.93 |  0.98 |  0.99
        5214 |  0.97 |  1.09 |  1.07 |  0.98 |  0.93 |  0.98 |  0.99
        5214 |  0.97 |  1.09 |  1.07 |  0.98 |  0.93 |  0.98 |  0.99
        5214 |  0.97 |  1.09 |  1.07 |  0.98 |  0.93 |  0.98 |  0.99
        5214 |  0.97 |  1.09 |  1.07 |  0.98 |  0.93 |  0.98 |  0.99
        5214 |  0.97 |  1.09 |  1.07 |  0.98 |  0.93 |  0.98 |  0.99
        5214 |  0.97 |  1.09 |  1.07 |  0.98 |  0.93 |  0.98 |  0.99
        5214 |  0.97 |  1.09 |  1.07 |  0.98 |  0.93 |  0.98 |  0.99
        5214 |  0.97 |  1.09 |  1.07 |  0.98 |  0.93 |  0.98 |  0.99
        5214 |  0.97 |  1.09 |  1.07 |  0.98 |  0.93 |  0.98 |  0.99
        5214 |  0.97 |  1.09 |  1.07 |  0.98 |  0.93 |  0.98 |  0.99
        5214 |  0.97 |  1.09 |  1.07 |  0.98 |  0.93 |  0.98 |  0.99
        5214 |  0.97 |  1.09 |  1.07 |  0.98 |  0.93 |  0.98 |  0.99
        5214 |  0.97 |  1.09 |  1.07 |  0.98 |  0.93 |  0.98 |  0.99
        5214 |  0.97 |  1.09 |  1.07 |  0.98 |  0.93 |  0.98 |  0.99
        5214 |  0.97 |  1.09 |  1.07 |  0.98 |  0.93 |  0.98 |  0.99
        5214 |  0.97 |  1.09 |  1.07 |  0.98 |  0.93 |  0.98 |  0.99
        5214 |  0.97 |  1.09 |  1.07 |  0.98 |  0.93 |  0.98 |  0.99
        5214 |  0.97 |  1.09 |  1.07 |  0.98 |  0.93 |  0.98 |  0.99
        5214 |  0.97 |  1.09 |  1.07 |  0.98 |  0.93 |  0.98 |  0.99
        5214 |  0.97 |  1.09 |  1.07 |  0.98 |  0.93 |  0.98 |  0.99
        5214 |  0.97 |  1.09 |  1.07 |  0.98 |  0.93 |  0.98 |  0.99
        5214 |  0.97 |  1.09 |  1.07 |  0.98 |  0.93 |  0.98 |  0.99
        5214 |  0.97 |  1.09 |  1.07 |  0.98 |  0.93 |  0.98 |  0.99
        5214 |  0.97 |  1.09 |  1.07 |  0.98 |  0.93 |  0.98 |  0.99
        5215 |       |  1.06 |  1.09 |  1.02 |  1.04 |  0.93 |      
        5215 |       |  1.06 |  1.09 |  1.02 |  1.04 |  0.93 |      
        5215 |       |  1.06 |  1.09 |  1.02 |  1.04 |  0.93 |      
        5215 |       |  1.06 |  1.09 |  1.02 |  1.04 |  0.93 |      
        5215 |       |  1.06 |  1.09 |  1.02 |  1.04 |  0.93 |      
        5215 |       |  1.06 |  1.09 |  1.02 |  1.04 |  0.93 |      
        5215 |       |  1.06 |  1.09 |  1.02 |  1.04 |  0.93 |      
        5215 |       |  1.06 |  1.09 |  1.02 |  1.04 |  0.93 |      
        5215 |       |  1.06 |  1.09 |  1.02 |  1.04 |  0.93 |      
        5215 |       |  1.06 |  1.09 |  1.02 |  1.04 |  0.93 |      
        5215 |       |  1.06 |  1.09 |  1.02 |  1.04 |  0.93 |      
        5215 |       |  1.06 |  1.09 |  1.02 |  1.04 |  0.93 |      
        5215 |       |  1.06 |  1.09 |  1.02 |  1.04 |  0.93 |      
        5215 |       |  1.06 |  1.09 |  1.02 |  1.04 |  0.93 |      
        5215 |       |  1.06 |  1.09 |  1.02 |  1.04 |  0.93 |      
        5215 |       |  1.06 |  1.09 |  1.02 |  1.04 |  0.93 |      
        5215 |       |  1.06 |  1.09 |  1.02 |  1.04 |  0.93 |      
        5215 |       |  1.06 |  1.09 |  1.02 |  1.04 |  0.93 |      
        5215 |       |  1.06 |  1.09 |  1.02 |  1.04 |  0.93 |      
        5215 |       |  1.06 |  1.09 |  1.02 |  1.04 |  0.93 |      
        5215 |       |  1.06 |  1.09 |  1.02 |  1.04 |  0.93 |      
        5215 |       |  1.06 |  1.09 |  1.02 |  1.04 |  0.93 |      
        5215 |       |  1.06 |  1.09 |  1.02 |  1.04 |  0.93 |      
        5215 |       |  1.06 |  1.09 |  1.02 |  1.04 |  0.93 |      
        5215 |       |  1.06 |  1.09 |  1.02 |  1.04 |  0.93 |      
        5215 |       |  1.06 |  1.09 |  1.02 |  1.04 |  0.93 |      
        5215 |       |  1.06 |  1.09 |  1.02 |  1.04 |  0.93 |      
        5215 |       |  1.06 |  1.09 |  1.02 |  1.04 |  0.93 |      
        5215 |       |  1.06 |  1.09 |  1.02 |  1.04 |  0.93 |      
        5215 |       |  1.06 |  1.09 |  1.02 |  1.04 |  0.93 |      
        5215 |       |  1.06 |  1.09 |  1.02 |  1.04 |  0.93 |      
        5215 |       |  1.06 |  1.09 |  1.02 |  1.04 |  0.93 |      
        5215 |       |  1.06 |  1.09 |  1.02 |  1.04 |  0.93 |      
        5215 |       |  1.06 |  1.09 |  1.02 |  1.04 |  0.93 |      
        5215 |       |  1.06 |  1.09 |  1.02 |  1.04 |  0.93 |      
        5215 |       |  1.06 |  1.09 |  1.02 |  1.04 |  0.93 |      
        5215 |       |  1.06 |  1.09 |  1.02 |  1.04 |  0.93 |      
        5215 |       |  1.06 |  1.09 |  1.02 |  1.04 |  0.93 |      
        5215 |       |  1.06 |  1.09 |  1.02 |  1.04 |  0.93 |      
        5215 |       |  1.06 |  1.09 |  1.02 |  1.04 |  0.93 |      
        5215 |       |  1.06 |  1.09 |  1.02 |  1.04 |  0.93 |      
        5215 |       |  1.06 |  1.09 |  1.02 |  1.04 |  0.93 |      
        5215 |       |  1.06 |  1.09 |  1.02 |  1.04 |  0.93 |      
        5215 |       |  1.06 |  1.09 |  1.02 |  1.04 |  0.93 |      
        5215 |       |  1.06 |  1.09 |  1.02 |  1.04 |  0.93 |      
        5215 |       |  1.06 |  1.09 |  1.02 |  1.04 |  0.93 |      
        5215 |       |  1.06 |  1.09 |  1.02 |  1.04 |  0.93 |      
        5215 |       |  1.06 |  1.09 |  1.02 |  1.04 |  0.93 |      
        5215 |       |  1.06 |  1.09 |  1.02 |  1.04 |  0.93 |      
        5216 |  0.96 |  1.01 |  1.13 |  0.95 |  1.12 |  0.92 |  1.03
        5216 |  0.96 |  1.01 |  1.13 |  0.95 |  1.12 |  0.92 |  1.03
        5216 |  0.96 |  1.01 |  1.13 |  0.95 |  1.12 |  0.92 |  1.03
        5216 |  0.96 |  1.01 |  1.13 |  0.95 |  1.12 |  0.92 |  1.03
        5216 |  0.96 |  1.01 |  1.13 |  0.95 |  1.12 |  0.92 |  1.03
        5216 |  0.96 |  1.01 |  1.13 |  0.95 |  1.12 |  0.92 |  1.03
        5216 |  0.96 |  1.01 |  1.13 |  0.95 |  1.12 |  0.92 |  1.03
        5216 |  0.96 |  1.01 |  1.13 |  0.95 |  1.12 |  0.92 |  1.03
        5216 |  0.96 |  1.01 |  1.13 |  0.95 |  1.12 |  0.92 |  1.03
        5216 |  0.96 |  1.01 |  1.13 |  0.95 |  1.12 |  0.92 |  1.03
        5216 |  0.96 |  1.01 |  1.13 |  0.95 |  1.12 |  0.92 |  1.03
        5216 |  0.96 |  1.01 |  1.13 |  0.95 |  1.12 |  0.92 |  1.03
        5216 |  0.96 |  1.01 |  1.13 |  0.95 |  1.12 |  0.92 |  1.03
        5216 |  0.96 |  1.01 |  1.13 |  0.95 |  1.12 |  0.92 |  1.03
        5216 |  0.96 |  1.01 |  1.13 |  0.95 |  1.12 |  0.92 |  1.03
        5216 |  0.96 |  1.01 |  1.13 |  0.95 |  1.12 |  0.92 |  1.03
        5216 |  0.96 |  1.01 |  1.13 |  0.95 |  1.12 |  0.92 |  1.03
        5216 |  0.96 |  1.01 |  1.13 |  0.95 |  1.12 |  0.92 |  1.03
        5216 |  0.96 |  1.01 |  1.13 |  0.95 |  1.12 |  0.92 |  1.03
        5216 |  0.96 |  1.01 |  1.13 |  0.95 |  1.12 |  0.92 |  1.03
        5216 |  0.96 |  1.01 |  1.13 |  0.95 |  1.12 |  0.92 |  1.03
        5216 |  0.96 |  1.01 |  1.13 |  0.95 |  1.12 |  0.92 |  1.03
        5216 |  0.96 |  1.01 |  1.13 |  0.95 |  1.12 |  0.92 |  1.03
        5216 |  0.96 |  1.01 |  1.13 |  0.95 |  1.12 |  0.92 |  1.03
        5216 |  0.96 |  1.01 |  1.13 |  0.95 |  1.12 |  0.92 |  1.03
        5216 |  0.96 |  1.01 |  1.13 |  0.95 |  1.12 |  0.92 |  1.03
        5216 |  0.96 |  1.01 |  1.13 |  0.95 |  1.12 |  0.92 |  1.03
        5216 |  0.96 |  1.01 |  1.13 |  0.95 |  1.12 |  0.92 |  1.03
        5216 |  0.96 |  1.01 |  1.13 |  0.95 |  1.12 |  0.92 |  1.03
        5216 |  0.96 |  1.01 |  1.13 |  0.95 |  1.12 |  0.92 |  1.03
        5216 |  0.96 |  1.01 |  1.13 |  0.95 |  1.12 |  0.92 |  1.03
        5216 |  0.96 |  1.01 |  1.13 |  0.95 |  1.12 |  0.92 |  1.03
        5216 |  0.96 |  1.01 |  1.13 |  0.95 |  1.12 |  0.92 |  1.03
        5216 |  0.96 |  1.01 |  1.13 |  0.95 |  1.12 |  0.92 |  1.03
        5216 |  0.96 |  1.01 |  1.13 |  0.95 |  1.12 |  0.92 |  1.03
        5216 |  0.96 |  1.01 |  1.13 |  0.95 |  1.12 |  0.92 |  1.03
        5216 |  0.96 |  1.01 |  1.13 |  0.95 |  1.12 |  0.92 |  1.03
        5216 |  0.96 |  1.01 |  1.13 |  0.95 |  1.12 |  0.92 |  1.03
        5216 |  0.96 |  1.01 |  1.13 |  0.95 |  1.12 |  0.92 |  1.03
        5216 |  0.96 |  1.01 |  1.13 |  0.95 |  1.12 |  0.92 |  1.03
        5216 |  0.96 |  1.01 |  1.13 |  0.95 |  1.12 |  0.92 |  1.03
        5216 |  0.96 |  1.01 |  1.13 |  0.95 |  1.12 |  0.92 |  1.03
        5216 |  0.96 |  1.01 |  1.13 |  0.95 |  1.12 |  0.92 |  1.03
        5216 |  0.96 |  1.01 |  1.13 |  0.95 |  1.12 |  0.92 |  1.03
        5216 |  0.96 |  1.01 |  1.13 |  0.95 |  1.12 |  0.92 |  1.03
        5216 |  0.96 |  1.01 |  1.13 |  0.95 |  1.12 |  0.92 |  1.03
        5216 |  0.96 |  1.01 |  1.13 |  0.95 |  1.12 |  0.92 |  1.03
        5216 |  0.96 |  1.01 |  1.13 |  0.95 |  1.12 |  0.92 |  1.03
        5216 |  0.96 |  1.01 |  1.13 |  0.95 |  1.12 |  0.92 |  1.03
        5217 |  0.95 |  2.41 |  1.09 |  1.00 |  1.04 |  0.92 |  1.20
        5217 |  0.95 |  2.41 |  1.09 |  1.00 |  1.04 |  0.92 |  1.20
        5217 |  0.95 |  2.41 |  1.09 |  1.00 |  1.04 |  0.92 |  1.20
        5217 |  0.95 |  2.41 |  1.09 |  1.00 |  1.04 |  0.92 |  1.20
        5217 |  0.95 |  2.41 |  1.09 |  1.00 |  1.04 |  0.92 |  1.20
        5217 |  0.95 |  2.41 |  1.09 |  1.00 |  1.04 |  0.92 |  1.20
        5217 |  0.95 |  2.41 |  1.09 |  1.00 |  1.04 |  0.92 |  1.20
        5217 |  0.95 |  2.41 |  1.09 |  1.00 |  1.04 |  0.92 |  1.20
        5217 |  0.95 |  2.41 |  1.09 |  1.00 |  1.04 |  0.92 |  1.20
        5217 |  0.95 |  2.41 |  1.09 |  1.00 |  1.04 |  0.92 |  1.20
        5217 |  0.95 |  2.41 |  1.09 |  1.00 |  1.04 |  0.92 |  1.20
        5217 |  0.95 |  2.41 |  1.09 |  1.00 |  1.04 |  0.92 |  1.20
        5217 |  0.95 |  2.41 |  1.09 |  1.00 |  1.04 |  0.92 |  1.20
        5217 |  0.95 |  2.41 |  1.09 |  1.00 |  1.04 |  0.92 |  1.20
        5217 |  0.95 |  2.41 |  1.09 |  1.00 |  1.04 |  0.92 |  1.20
        5217 |  0.95 |  2.41 |  1.09 |  1.00 |  1.04 |  0.92 |  1.20
        5217 |  0.95 |  2.41 |  1.09 |  1.00 |  1.04 |  0.92 |  1.20
        5217 |  0.95 |  2.41 |  1.09 |  1.00 |  1.04 |  0.92 |  1.20
        5217 |  0.95 |  2.41 |  1.09 |  1.00 |  1.04 |  0.92 |  1.20
        5217 |  0.95 |  2.41 |  1.09 |  1.00 |  1.04 |  0.92 |  1.20
        5217 |  0.95 |  2.41 |  1.09 |  1.00 |  1.04 |  0.92 |  1.20
        5217 |  0.95 |  2.41 |  1.09 |  1.00 |  1.04 |  0.92 |  1.20
        5217 |  0.95 |  2.41 |  1.09 |  1.00 |  1.04 |  0.92 |  1.20
        5217 |  0.95 |  2.41 |  1.09 |  1.00 |  1.04 |  0.92 |  1.20
        5217 |  0.95 |  2.41 |  1.09 |  1.00 |  1.04 |  0.92 |  1.20
        5217 |  0.95 |  2.41 |  1.09 |  1.00 |  1.04 |  0.92 |  1.20
        5217 |  0.95 |  2.41 |  1.09 |  1.00 |  1.04 |  0.92 |  1.20
        5217 |  0.95 |  2.41 |  1.09 |  1.00 |  1.04 |  0.92 |  1.20
        5217 |  0.95 |  2.41 |  1.09 |  1.00 |  1.04 |  0.92 |  1.20
        5217 |  0.95 |  2.41 |  1.09 |  1.00 |  1.04 |  0.92 |  1.20
        5217 |  0.95 |  2.41 |  1.09 |  1.00 |  1.04 |  0.92 |  1.20
        5217 |  0.95 |  2.41 |  1.09 |  1.00 |  1.04 |  0.92 |  1.20
        5217 |  0.95 |  2.41 |  1.09 |  1.00 |  1.04 |  0.92 |  1.20
        5217 |  0.95 |  2.41 |  1.09 |  1.00 |  1.04 |  0.92 |  1.20
        5217 |  0.95 |  2.41 |  1.09 |  1.00 |  1.04 |  0.92 |  1.20
        5217 |  0.95 |  2.41 |  1.09 |  1.00 |  1.04 |  0.92 |  1.20
        5217 |  0.95 |  2.41 |  1.09 |  1.00 |  1.04 |  0.92 |  1.20
        5217 |  0.95 |  2.41 |  1.09 |  1.00 |  1.04 |  0.92 |  1.20
        5217 |  0.95 |  2.41 |  1.09 |  1.00 |  1.04 |  0.92 |  1.20
        5217 |  0.95 |  2.41 |  1.09 |  1.00 |  1.04 |  0.92 |  1.20
        5217 |  0.95 |  2.41 |  1.09 |  1.00 |  1.04 |  0.92 |  1.20
        5217 |  0.95 |  2.41 |  1.09 |  1.00 |  1.04 |  0.92 |  1.20
(2520 rows)

UPDATE time_statistics SET e_time = TRANSACTION_TIMESTAMP() WHERE template = '../query_postgresql/query2.tpl' AND stream = 6;
psql:/tmp/s1-basline/throughput/query_6.sql:3274: NOTICE:  duration: 0.163 ms  plan:
Query Text: UPDATE time_statistics SET e_time = TRANSACTION_TIMESTAMP() WHERE template = '../query_postgresql/query2.tpl' AND stream = 6;
Update on time_statistics  (cost=0.00..21.46 rows=0 width=0) (actual time=0.162..0.163 rows=0 loops=1)
  ->  Seq Scan on time_statistics  (cost=0.00..21.46 rows=1 width=14) (actual time=0.143..0.144 rows=1 loops=1)
        Filter: ((template = '../query_postgresql/query2.tpl'::text) AND (stream = 6))
        Rows Removed by Filter: 705
UPDATE 1
LOAD 'auto_explain'; SET auto_explain.log_min_duration TO 0; SET auto_explain.log_analyze TO on; SET auto_explain.log_level TO notice; INSERT INTO time_statistics (template, s_time, stream, query, seed) VALUES ('query79.tpl', TRANSACTION_TIMESTAMP(), 6, 64, 2014039510);
LOAD
SET
SET
SET
psql:/tmp/s1-basline/throughput/query_6.sql:3275: NOTICE:  duration: 0.009 ms  plan:
Query Text: INSERT INTO time_statistics (template, s_time, stream, query, seed) VALUES ('query79.tpl', TRANSACTION_TIMESTAMP(), 6, 64, 2014039510);
Insert on time_statistics  (cost=0.00..0.01 rows=0 width=0) (actual time=0.008..0.009 rows=0 loops=1)
  ->  Result  (cost=0.00..0.01 rows=1 width=64) (actual time=0.001..0.002 rows=1 loops=1)
INSERT 0 1
select 
  c_last_name,c_first_name,substr(s_city,1,30),ss_ticket_number,amt,profit
  from
   (select ss_ticket_number
          ,ss_customer_sk
          ,store.s_city
          ,sum(ss_coupon_amt) amt
          ,sum(ss_net_profit) profit
    from store_sales,date_dim,store,household_demographics
    where store_sales.ss_sold_date_sk = date_dim.d_date_sk
    and store_sales.ss_store_sk = store.s_store_sk  
    and store_sales.ss_hdemo_sk = household_demographics.hd_demo_sk
    and (household_demographics.hd_dep_count = 0 or household_demographics.hd_vehicle_count > 2)
    and date_dim.d_dow = 1
    and date_dim.d_year in (2000,2000+1,2000+2) 
    and store.s_number_employees between 200 and 295
    group by ss_ticket_number,ss_customer_sk,ss_addr_sk,store.s_city) ms,customer
    where ss_customer_sk = c_customer_sk
 order by c_last_name,c_first_name,substr(s_city,1,30), profit
limit 100;
psql:/tmp/s1-basline/throughput/query_6.sql:3295: NOTICE:  duration: 228.584 ms  plan:
Query Text: select 
  c_last_name,c_first_name,substr(s_city,1,30),ss_ticket_number,amt,profit
  from
   (select ss_ticket_number
          ,ss_customer_sk
          ,store.s_city
          ,sum(ss_coupon_amt) amt
          ,sum(ss_net_profit) profit
    from store_sales,date_dim,store,household_demographics
    where store_sales.ss_sold_date_sk = date_dim.d_date_sk
    and store_sales.ss_store_sk = store.s_store_sk  
    and store_sales.ss_hdemo_sk = household_demographics.hd_demo_sk
    and (household_demographics.hd_dep_count = 0 or household_demographics.hd_vehicle_count > 2)
    and date_dim.d_dow = 1
    and date_dim.d_year in (2000,2000+1,2000+2) 
    and store.s_number_employees between 200 and 295
    group by ss_ticket_number,ss_customer_sk,ss_addr_sk,store.s_city) ms,customer
    where ss_customer_sk = c_customer_sk
 order by c_last_name,c_first_name,substr(s_city,1,30), profit
limit 100;
Limit  (cost=93439.71..93439.96 rows=100 width=108) (actual time=228.485..228.502 rows=100 loops=1)
  ->  Sort  (cost=93439.71..93445.04 rows=2131 width=108) (actual time=228.484..228.494 rows=100 loops=1)
        Sort Key: customer.c_last_name, customer.c_first_name, (substr((store.s_city)::text, 1, 30)), (sum(store_sales.ss_net_profit))
        Sort Method: top-N heapsort  Memory: 48kB
        ->  Nested Loop  (cost=90585.41..93358.27 rows=2131 width=108) (actual time=184.853..224.777 rows=8558 loops=1)
              ->  GroupAggregate  (cost=90585.12..90643.72 rows=2131 width=47) (actual time=184.837..207.328 rows=9091 loops=1)
                    Group Key: store_sales.ss_ticket_number, store_sales.ss_customer_sk, store_sales.ss_addr_sk, store.s_city
                    ->  Sort  (cost=90585.12..90590.44 rows=2131 width=47) (actual time=184.827..188.877 rows=91160 loops=1)
                          Sort Key: store_sales.ss_ticket_number, store_sales.ss_customer_sk, store_sales.ss_addr_sk, store.s_city
                          Sort Method: quicksort  Memory: 11132kB
                          ->  Hash Join  (cost=205.76..90467.30 rows=2131 width=47) (actual time=5.031..152.625 rows=91160 loops=1)
                                Hash Cond: (store_sales.ss_store_sk = store.s_store_sk)
                                ->  Hash Join  (cost=204.43..90458.12 rows=2235 width=48) (actual time=5.017..138.990 rows=92277 loops=1)
                                      Hash Cond: (store_sales.ss_hdemo_sk = household_demographics.hd_demo_sk)
                                      ->  Nested Loop  (cost=0.43..90238.73 rows=5860 width=56) (actual time=3.945..113.395 rows=235416 loops=1)
                                            ->  Seq Scan on date_dim  (cost=0.00..2592.05 rows=155 width=8) (actual time=3.935..8.797 rows=157 loops=1)
                                                  Filter: ((d_dow = 1) AND (d_year = ANY ('{2000,2001,2002}'::integer[])))
                                                  Rows Removed by Filter: 72892
                                            ->  Index Scan using i_ss_sold_date_sk on store_sales  (cost=0.43..550.31 rows=1515 width=64) (actual time=0.006..0.367 rows=1499 loops=157)
                                                  Index Cond: (ss_sold_date_sk = date_dim.d_date_sk)
                                      ->  Hash  (cost=168.00..168.00 rows=2880 width=8) (actual time=1.069..1.070 rows=2880 loops=1)
                                            Buckets: 4096  Batches: 1  Memory Usage: 145kB
                                            ->  Seq Scan on household_demographics  (cost=0.00..168.00 rows=2880 width=8) (actual time=0.003..0.771 rows=2880 loops=1)
                                                  Filter: ((hd_dep_count = 0) OR (hd_vehicle_count > 2))
                                                  Rows Removed by Filter: 4320
                                ->  Hash  (cost=1.18..1.18 rows=12 width=15) (actual time=0.010..0.011 rows=12 loops=1)
                                      Buckets: 1024  Batches: 1  Memory Usage: 9kB
                                      ->  Seq Scan on store  (cost=0.00..1.18 rows=12 width=15) (actual time=0.004..0.008 rows=12 loops=1)
                                            Filter: ((s_number_employees >= 200) AND (s_number_employees <= 295))
              ->  Index Scan using pk_customer on customer  (cost=0.29..1.26 rows=1 width=60) (actual time=0.001..0.001 rows=1 loops=9091)
                    Index Cond: (c_customer_sk = store_sales.ss_customer_sk)
          c_last_name           |     c_first_name     |  substr  | ss_ticket_number |        amt         |       profit        
--------------------------------+----------------------+----------+------------------+--------------------+---------------------
 Aaron                          | Michael              | Fairview |            45377 |            1746.48 | -5541.4800000000005
 Abbott                         | Bonnie               | Fairview |           177748 |            3645.99 |  -8588.259999999998
 Abbott                         | Lucille              | Fairview |           217305 |            4018.89 |            -9692.62
 Abrams                         | Peter                | Fairview |           177981 |  4969.200000000001 |            -8215.57
 Abrams                         | Tina                 | Midway   |            59468 |              52.77 | -11555.380000000001
 Acevedo                        | Paula                | Midway   |           102582 | 1576.0299999999997 |  -7211.070000000001
 Acevedo                        |                      | Midway   |              166 |             298.07 |            -6271.92
 Acker                          | Samuel               | Midway   |            95534 |            4221.95 |           -16646.33
 Acker                          | Sanjuanita           | Fairview |           199570 |            4812.93 |             -275.72
 Acker                          | Shayla               | Midway   |           121446 |            1440.67 |            -6680.26
 Acosta                         | Dennis               | Midway   |           111038 |                  0 |            -2933.16
 Acosta                         | George               | Midway   |            21987 |             7490.8 |           -21175.56
 Acosta                         | Lourdes              | Midway   |            38479 |            6096.89 |           -15341.11
 Acosta                         | Mark                 | Fairview |           142755 | 3248.5599999999995 | -13809.429999999998
 Adair                          | Carolyn              | Midway   |            76326 |                  0 |           -10971.56
 Adair                          | Johnny               | Midway   |             5893 |              11.11 |   63.53000000000016
 Adair                          | Susan                | Midway   |            24206 |            8173.21 | -12834.499999999998
 Adam                           | Ida                  | Midway   |            86412 |                 95 |            -4703.35
 Adam                           | Marjorie             | Midway   |           167526 |            4817.17 |           -13755.75
 Adams                          | Barbara              | Midway   |           141953 |            4109.98 |           -16653.82
 Adams                          | Barbara              | Midway   |           170891 |             973.28 |            -8756.84
 Adams                          | Christie             | Midway   |           173332 |            2610.56 | -18338.879999999997
 Adams                          | Douglas              | Midway   |            58875 |                0.3 |           -12706.29
 Adams                          | Edna                 | Fairview |            80513 |                  0 |  -967.3999999999996
 Adams                          | Erna                 | Midway   |            11186 |            4491.89 |            -8267.75
 Adams                          | Essie                | Midway   |           160362 |              12.78 |            -4832.59
 Adams                          | George               | Midway   |           102356 |            2649.01 |           -14115.73
 Adams                          | Gilbert              | Midway   |           123868 |            7657.35 |           -17885.79
 Adams                          | Gloria               | Fairview |            82949 | 2728.8999999999996 |            -8796.01
 Adams                          | Heather              | Midway   |           186725 |            1581.81 |            -8760.88
 Adams                          | Jacob                | Midway   |           239690 | 272.33000000000004 | -13489.880000000001
 Adams                          | James                | Midway   |           185162 |            4248.47 | -5502.6900000000005
 Adams                          | Jessica              | Fairview |            18771 |            1332.17 | -14297.589999999998
 Adams                          | Joseph               | Midway   |           101147 |            2749.71 | -23883.249999999996
 Adams                          | Kati                 | Fairview |           190462 |             2093.4 |            -7146.06
 Adams                          | Lillie               | Fairview |           105522 |             5586.6 |           -20630.41
 Adams                          | Lucy                 | Fairview |            88493 |            3137.35 |           -10398.59
 Adams                          | Nicholas             | Midway   |            24462 |            1286.88 | -3773.4700000000007
 Adams                          | Peggie               | Midway   |           227532 |             630.25 |  -4537.570000000001
 Adams                          | Raymond              | Midway   |           145604 |               11.4 |  -5521.259999999999
 Adams                          | Sharon               | Midway   |           105481 | 1214.9099999999999 | -23942.049999999996
 Adams                          | Sharon               | Midway   |           200030 |             366.11 |  -3652.670000000001
 Adams                          | Shawn                | Fairview |           101379 |              432.1 | -13623.539999999999
 Adams                          | Valentin             | Fairview |            57633 |                  0 |            -6735.59
 Adams                          | Victor               | Midway   |            82070 |            3330.97 |            -3957.78
 Adams                          | Warren               | Midway   |           117253 |             393.22 |           -31491.78
 Adams                          | Wesley               | Midway   |            66209 |             6105.9 | -15411.380000000001
 Adams                          |                      | Fairview |           106578 |  5760.030000000001 |           -11354.87
 Adams                          |                      | Midway   |            48683 |             486.66 |              2146.3
 Adkins                         | Amy                  | Midway   |           101835 | 259.66999999999996 |           -13177.71
 Adkins                         | Anthony              | Fairview |           178065 |  4496.139999999999 |  -6547.639999999999
 Adkins                         | Emily                | Fairview |           126187 |             392.13 |             -4993.5
 Adkins                         | Patrica              | Midway   |           133182 |             698.79 | -18305.129999999997
 Adkins                         | Ronald               | Midway   |            64387 |                  0 |             -632.49
 Adkins                         | Wayne                | Fairview |            18234 |            2720.94 | -10920.279999999999
 Adkins                         | Wayne                | Fairview |            18234 |                    |             -212.94
 Adkins                         | William              | Midway   |           123681 | 2651.6299999999997 | -18521.780000000006
 Adler                          | Angelina             | Midway   |            35400 |            1245.57 | -17469.659999999996
 Adler                          | Edwin                | Midway   |            39997 |              708.7 |           -18741.38
 Agee                           | Florine              | Midway   |           221186 | 1421.9499999999998 |   256.5999999999998
 Agee                           | Victor               | Midway   |           143637 |              55.49 |            -2759.01
 Agee                           | Victor               | Midway   |           143637 |                  0 |             -1064.2
 Aguilar                        | John                 | Fairview |            87754 | 1144.8799999999999 |            -5852.77
 Aguilar                        | Joyce                | Midway   |           232862 |            4367.51 |            -13639.3
 Aguilar                        | Lisa                 | Midway   |            46699 | 1203.4199999999998 |           -13399.11
 Aguilar                        | Michelle             | Midway   |           104649 |  4983.839999999999 | -12524.369999999999
 Aguilar                        | Virgil               | Fairview |           143220 | 3142.2099999999996 |           -11771.98
 Aguilera                       | Ethel                | Midway   |           166795 |            1940.96 |            -8652.99
 Aguilera                       | Mark                 | Midway   |           185572 |            2228.97 |           -10148.96
 Aguilera                       | Raymond              | Fairview |            54838 |            1428.13 |           -18263.59
 Aguilera                       | Raymond              | Midway   |           165409 |             432.89 |            -5692.25
 Aguirre                        | Beth                 | Fairview |              246 |            4068.21 |  23799.680000000004
 Aguirre                        | Robert               | Midway   |           148202 |              191.7 |           -18281.63
 Ahmed                          | Paul                 | Fairview |           201120 |            1921.34 |            -2977.74
 Akers                          | Belinda              | Fairview |           239589 |            1574.92 |            -4789.92
 Akers                          | Harriett             | Fairview |           158219 |            4329.95 |           -12954.49
 Akers                          | Lois                 | Fairview |            76255 | 1324.1399999999999 | -13621.150000000001
 Akins                          | Linda                | Midway   |            10420 |            6199.44 | -11656.489999999998
 Akins                          | Robert               | Fairview |            84991 |            4781.76 | -11370.189999999999
 Alba                           | Shenna               | Fairview |            19927 |              49.72 |            -4545.96
 Albert                         | Annette              | Fairview |           200584 |            3347.59 | -17449.910000000003
 Albert                         | Brad                 | Fairview |           136051 |             403.48 |            -5337.81
 Albright                       | Donald               | Midway   |           194875 |  664.0400000000001 |  -753.5999999999999
 Albright                       | Fred                 | Midway   |            42177 |            1670.85 |  -6132.710000000001
 Albritton                      | Michael              | Midway   |            42527 |             779.57 |  -7012.540000000001
 Aldrich                        | Angelia              | Midway   |            28199 |  4342.120000000001 |            -8421.59
 Aldrich                        | Karen                | Midway   |           183088 |            1744.43 | -13105.760000000004
 Alexander                      | Agustin              | Midway   |            26885 |  5269.599999999999 |            -7177.43
 Alexander                      | Agustin              | Midway   |            68385 |            1542.24 |  -5748.830000000001
 Alexander                      | Alberta              | Midway   |           224570 |             234.91 |           -11927.53
 Alexander                      | Eileen               | Midway   |           103116 |            5039.84 | -7020.5599999999995
 Alexander                      | Howard               | Fairview |            74835 |                  0 | -13510.580000000002
 Alexander                      | James                | Fairview |           172923 |            1449.78 |           -14521.39
 Alexander                      | Jeffrey              | Midway   |            78450 |               5747 |           -20132.95
 Alexander                      | Louise               | Midway   |           148177 |            2901.32 |           -22915.03
 Alexander                      | Neville              | Fairview |           142434 |                3.7 |  -5898.360000000001
 Alexander                      | Winfred              | Midway   |           184755 |            3712.21 |           -11036.23
 Alfonso                        | Christa              | Fairview |           136338 |              784.3 |            -8609.91
 Alfonso                        | Jimmy                | Fairview |            94341 |  914.2900000000001 | -2761.6800000000003
 Alford                         | Louis                | Midway   |            11560 |                  0 | -3080.2100000000005
(100 rows)

UPDATE time_statistics SET e_time = TRANSACTION_TIMESTAMP() WHERE template = 'query79.tpl' AND stream = 6;
psql:/tmp/s1-basline/throughput/query_6.sql:3297: NOTICE:  duration: 0.104 ms  plan:
Query Text: UPDATE time_statistics SET e_time = TRANSACTION_TIMESTAMP() WHERE template = 'query79.tpl' AND stream = 6;
Update on time_statistics  (cost=0.00..21.46 rows=0 width=0) (actual time=0.104..0.104 rows=0 loops=1)
  ->  Seq Scan on time_statistics  (cost=0.00..21.46 rows=1 width=14) (actual time=0.089..0.089 rows=1 loops=1)
        Filter: ((template = 'query79.tpl'::text) AND (stream = 6))
        Rows Removed by Filter: 706
UPDATE 1
LOAD 'auto_explain'; SET auto_explain.log_min_duration TO 0; SET auto_explain.log_analyze TO on; SET auto_explain.log_level TO notice; INSERT INTO time_statistics (template, s_time, stream, query, seed) VALUES ('query56.tpl', TRANSACTION_TIMESTAMP(), 6, 65, 237248350);
LOAD
SET
SET
SET
psql:/tmp/s1-basline/throughput/query_6.sql:3298: NOTICE:  duration: 0.009 ms  plan:
Query Text: INSERT INTO time_statistics (template, s_time, stream, query, seed) VALUES ('query56.tpl', TRANSACTION_TIMESTAMP(), 6, 65, 237248350);
Insert on time_statistics  (cost=0.00..0.01 rows=0 width=0) (actual time=0.009..0.009 rows=0 loops=1)
  ->  Result  (cost=0.00..0.01 rows=1 width=64) (actual time=0.001..0.001 rows=1 loops=1)
INSERT 0 1
with ss as (
 select i_item_id,sum(ss_ext_sales_price) total_sales
 from
 	store_sales,
 	date_dim,
         customer_address,
         item
 where i_item_id in (select
     i_item_id
from item
where i_color in ('orange','medium','seashell'))
 and     ss_item_sk              = i_item_sk
 and     ss_sold_date_sk         = d_date_sk
 and     d_year                  = 1998
 and     d_moy                   = 4
 and     ss_addr_sk              = ca_address_sk
 and     ca_gmt_offset           = -6 
 group by i_item_id),
 cs as (
 select i_item_id,sum(cs_ext_sales_price) total_sales
 from
 	catalog_sales,
 	date_dim,
         customer_address,
         item
 where
         i_item_id               in (select
  i_item_id
from item
where i_color in ('orange','medium','seashell'))
 and     cs_item_sk              = i_item_sk
 and     cs_sold_date_sk         = d_date_sk
 and     d_year                  = 1998
 and     d_moy                   = 4
 and     cs_bill_addr_sk         = ca_address_sk
 and     ca_gmt_offset           = -6 
 group by i_item_id),
 ws as (
 select i_item_id,sum(ws_ext_sales_price) total_sales
 from
 	web_sales,
 	date_dim,
         customer_address,
         item
 where
         i_item_id               in (select
  i_item_id
from item
where i_color in ('orange','medium','seashell'))
 and     ws_item_sk              = i_item_sk
 and     ws_sold_date_sk         = d_date_sk
 and     d_year                  = 1998
 and     d_moy                   = 4
 and     ws_bill_addr_sk         = ca_address_sk
 and     ca_gmt_offset           = -6
 group by i_item_id)
  select  i_item_id ,sum(total_sales) total_sales
 from  (select * from ss 
        union all
        select * from cs 
        union all
        select * from ws) tmp1
 group by i_item_id
 order by total_sales,
          i_item_id
 limit 100;
psql:/tmp/s1-basline/throughput/query_6.sql:3364: NOTICE:  duration: 505.740 ms  plan:
Query Text: with ss as (
 select i_item_id,sum(ss_ext_sales_price) total_sales
 from
 	store_sales,
 	date_dim,
         customer_address,
         item
 where i_item_id in (select
     i_item_id
from item
where i_color in ('orange','medium','seashell'))
 and     ss_item_sk              = i_item_sk
 and     ss_sold_date_sk         = d_date_sk
 and     d_year                  = 1998
 and     d_moy                   = 4
 and     ss_addr_sk              = ca_address_sk
 and     ca_gmt_offset           = -6 
 group by i_item_id),
 cs as (
 select i_item_id,sum(cs_ext_sales_price) total_sales
 from
 	catalog_sales,
 	date_dim,
         customer_address,
         item
 where
         i_item_id               in (select
  i_item_id
from item
where i_color in ('orange','medium','seashell'))
 and     cs_item_sk              = i_item_sk
 and     cs_sold_date_sk         = d_date_sk
 and     d_year                  = 1998
 and     d_moy                   = 4
 and     cs_bill_addr_sk         = ca_address_sk
 and     ca_gmt_offset           = -6 
 group by i_item_id),
 ws as (
 select i_item_id,sum(ws_ext_sales_price) total_sales
 from
 	web_sales,
 	date_dim,
         customer_address,
         item
 where
         i_item_id               in (select
  i_item_id
from item
where i_color in ('orange','medium','seashell'))
 and     ws_item_sk              = i_item_sk
 and     ws_sold_date_sk         = d_date_sk
 and     d_year                  = 1998
 and     d_moy                   = 4
 and     ws_bill_addr_sk         = ca_address_sk
 and     ca_gmt_offset           = -6
 group by i_item_id)
  select  i_item_id ,sum(total_sales) total_sales
 from  (select * from ss 
        union all
        select * from cs 
        union all
        select * from ws) tmp1
 group by i_item_id
 order by total_sales,
          i_item_id
 limit 100;
Limit  (cost=20545.75..20545.91 rows=64 width=25) (actual time=406.644..505.708 rows=100 loops=1)
  ->  Sort  (cost=20545.75..20545.91 rows=64 width=25) (actual time=406.643..505.701 rows=100 loops=1)
        Sort Key: (sum((sum(store_sales.ss_ext_sales_price)))), item.i_item_id
        Sort Method: top-N heapsort  Memory: 38kB
        ->  Finalize GroupAggregate  (cost=20536.22..20543.83 rows=64 width=25) (actual time=405.751..505.583 rows=561 loops=1)
              Group Key: item.i_item_id
              ->  Gather Merge  (cost=20536.22..20542.92 rows=54 width=25) (actual time=405.747..505.381 rows=923 loops=1)
                    Workers Planned: 2
                    Workers Launched: 2
                    ->  Partial GroupAggregate  (cost=19536.20..19536.67 rows=27 width=25) (actual time=219.648..219.766 rows=308 loops=3)
                          Group Key: item.i_item_id
                          ->  Sort  (cost=19536.20..19536.26 rows=27 width=25) (actual time=219.645..219.664 rows=308 loops=3)
                                Sort Key: item.i_item_id
                                Sort Method: quicksort  Memory: 46kB
                                Worker 0:  Sort Method: quicksort  Memory: 36kB
                                Worker 1:  Sort Method: quicksort  Memory: 56kB
                                ->  Parallel Append  (cost=9235.44..19535.55 rows=27 width=25) (actual time=219.359..219.524 rows=308 loops=3)
                                      ->  GroupAggregate  (cost=19534.46..19535.07 rows=35 width=25) (actual time=398.076..398.300 rows=443 loops=1)
                                            Group Key: item.i_item_id
                                            ->  Sort  (cost=19534.46..19534.54 rows=35 width=25) (actual time=398.066..398.099 rows=805 loops=1)
                                                  Sort Key: item.i_item_id
                                                  Worker 1:  Sort Method: quicksort  Memory: 81kB
                                                  ->  Nested Loop  (cost=4007.26..19533.56 rows=35 width=25) (actual time=34.859..396.444 rows=805 loops=1)
                                                        ->  Hash Join  (cost=4006.97..19507.79 rows=83 width=33) (actual time=34.516..389.649 rows=1875 loops=1)
                                                              Hash Cond: (store_sales.ss_sold_date_sk = date_dim.d_date_sk)
                                                              ->  Nested Loop  (cost=1505.86..16450.32 rows=211934 width=41) (actual time=20.369..362.091 rows=202292 loops=1)
                                                                    ->  Nested Loop  (cost=1505.43..2734.96 rows=1320 width=25) (actual time=20.273..25.417 rows=1516 loops=1)
                                                                          ->  HashAggregate  (cost=1505.14..1511.61 rows=646 width=17) (actual time=20.214..20.415 rows=641 loops=1)
                                                                                Group Key: item_1.i_item_id
                                                                                Worker 1:  Batches: 1  Memory Usage: 105kB
                                                                                ->  Seq Scan on item item_1  (cost=0.00..1503.50 rows=658 width=17) (actual time=0.035..20.009 rows=658 loops=1)
                                                                                      Filter: (i_color = ANY ('{orange,medium,seashell}'::bpchar[]))
                                                                                      Rows Removed by Filter: 17342
                                                                          ->  Index Scan using i_i_item_id on item  (cost=0.29..1.87 rows=2 width=25) (actual time=0.006..0.007 rows=2 loops=641)
                                                                                Index Cond: (i_item_id = item_1.i_item_id)
                                                                    ->  Index Scan using pk_store_sales on store_sales  (cost=0.43..8.64 rows=175 width=32) (actual time=0.006..0.202 rows=133 loops=1516)
                                                                          Index Cond: (ss_item_sk = item.i_item_sk)
                                                              ->  Hash  (cost=2500.73..2500.73 rows=30 width=8) (actual time=13.625..13.626 rows=30 loops=1)
                                                                    Buckets: 1024  Batches: 1  Memory Usage: 10kB
                                                                    ->  Seq Scan on date_dim  (cost=0.00..2500.73 rows=30 width=8) (actual time=6.475..13.610 rows=30 loops=1)
                                                                          Filter: ((d_year = 1998) AND (d_moy = 4))
                                                                          Rows Removed by Filter: 73019
                                                        ->  Index Scan using pk_customer_address on customer_address  (cost=0.29..0.31 rows=1 width=8) (actual time=0.003..0.003 rows=0 loops=1875)
                                                              Index Cond: (ca_address_sk = store_sales.ss_addr_sk)
                                                              Filter: (ca_gmt_offset = '-6'::double precision)
                                                              Rows Removed by Filter: 1
                                      ->  GroupAggregate  (cost=9235.44..9235.61 rows=10 width=25) (actual time=184.894..184.961 rows=170 loops=1)
                                            Group Key: item_2.i_item_id
                                            ->  Sort  (cost=9235.44..9235.46 rows=10 width=25) (actual time=184.881..184.890 rows=192 loops=1)
                                                  Sort Key: item_2.i_item_id
                                                  Worker 0:  Sort Method: quicksort  Memory: 38kB
                                                  ->  Nested Loop  (cost=1506.45..9235.27 rows=10 width=25) (actual time=21.454..184.524 rows=192 loops=1)
                                                        ->  Nested Loop  (cost=1506.16..9228.41 rows=22 width=33) (actual time=21.398..182.177 rows=438 loops=1)
                                                              ->  Nested Loop  (cost=1505.86..7325.73 rows=52975 width=41) (actual time=20.884..163.940 rows=50695 loops=1)
                                                                    ->  Nested Loop  (cost=1505.43..2734.96 rows=1320 width=25) (actual time=20.817..25.732 rows=1516 loops=1)
                                                                          ->  HashAggregate  (cost=1505.14..1511.61 rows=646 width=17) (actual time=20.757..20.938 rows=641 loops=1)
                                                                                Group Key: item_3.i_item_id
                                                                                Worker 0:  Batches: 1  Memory Usage: 105kB
                                                                                ->  Seq Scan on item item_3  (cost=0.00..1503.50 rows=658 width=17) (actual time=0.038..20.562 rows=658 loops=1)
                                                                                      Filter: (i_color = ANY ('{orange,medium,seashell}'::bpchar[]))
                                                                                      Rows Removed by Filter: 17342
                                                                          ->  Index Scan using i_i_item_id on item item_2  (cost=0.29..1.87 rows=2 width=25) (actual time=0.006..0.007 rows=2 loops=641)
                                                                                Index Cond: (i_item_id = item_3.i_item_id)
                                                                    ->  Index Scan using pk_web_sales on web_sales  (cost=0.42..3.04 rows=44 width=32) (actual time=0.007..0.085 rows=33 loops=1516)
                                                                          Index Cond: (ws_item_sk = item_2.i_item_sk)
                                                              ->  Memoize  (cost=0.30..0.33 rows=1 width=8) (actual time=0.000..0.000 rows=0 loops=50695)
                                                                    Cache Key: web_sales.ws_sold_date_sk
                                                                    Cache Mode: logical
                                                                    Worker 0:  Hits: 48888  Misses: 1807  Evictions: 0  Overflows: 0  Memory Usage: 129kB
                                                                    ->  Index Scan using pk_date_dim on date_dim date_dim_1  (cost=0.29..0.32 rows=1 width=8) (actual time=0.002..0.002 rows=0 loops=1807)
                                                                          Index Cond: (d_date_sk = web_sales.ws_sold_date_sk)
                                                                          Filter: ((d_year = 1998) AND (d_moy = 4))
                                                                          Rows Removed by Filter: 1
                                                        ->  Index Scan using pk_customer_address on customer_address customer_address_1  (cost=0.29..0.31 rows=1 width=8) (actual time=0.005..0.005 rows=0 loops=438)
                                                              Index Cond: (ca_address_sk = web_sales.ws_bill_addr_sk)
                                                              Filter: (ca_gmt_offset = '-6'::double precision)
                                                              Rows Removed by Filter: 1
                                      ->  GroupAggregate  (cost=4546.86..4547.20 rows=19 width=25) (actual time=75.105..75.237 rows=310 loops=1)
                                            Group Key: item_4.i_item_id
                                            ->  Sort  (cost=4546.86..4546.91 rows=19 width=25) (actual time=75.098..75.115 rows=427 loops=1)
                                                  Sort Key: item_4.i_item_id
                                                  Sort Method: quicksort  Memory: 55kB
                                                  ->  Nested Loop Semi Join  (cost=1.29..4546.46 rows=19 width=25) (actual time=4.147..74.295 rows=427 loops=1)
                                                        ->  Nested Loop  (cost=1.00..4439.61 rows=260 width=25) (actual time=4.055..43.174 rows=5912 loops=1)
                                                              ->  Nested Loop  (cost=0.72..4360.05 rows=260 width=16) (actual time=4.051..33.324 rows=5912 loops=1)
                                                                    ->  Nested Loop  (cost=0.43..4176.58 rows=590 width=24) (actual time=4.046..14.776 rows=13673 loops=1)
                                                                          ->  Seq Scan on date_dim date_dim_2  (cost=0.00..2500.73 rows=30 width=8) (actual time=4.036..8.929 rows=30 loops=1)
                                                                                Filter: ((d_year = 1998) AND (d_moy = 4))
                                                                                Rows Removed by Filter: 73019
                                                                          ->  Index Scan using i_cs_sold_date_sk on catalog_sales  (cost=0.43..48.01 rows=785 width=32) (actual time=0.004..0.110 rows=456 loops=30)
                                                                                Index Cond: (cs_sold_date_sk = date_dim_2.d_date_sk)
                                                                    ->  Index Scan using pk_customer_address on customer_address customer_address_2  (cost=0.29..0.31 rows=1 width=8) (actual time=0.001..0.001 rows=0 loops=13673)
                                                                          Index Cond: (ca_address_sk = catalog_sales.cs_bill_addr_sk)
                                                                          Filter: (ca_gmt_offset = '-6'::double precision)
                                                                          Rows Removed by Filter: 1
                                                              ->  Index Scan using pk_item on item item_4  (cost=0.29..0.31 rows=1 width=25) (actual time=0.001..0.001 rows=1 loops=5912)
                                                                    Index Cond: (i_item_sk = catalog_sales.cs_item_sk)
                                                        ->  Index Scan using i_i_item_id on item item_5  (cost=0.29..0.41 rows=1 width=17) (actual time=0.005..0.005 rows=0 loops=5912)
                                                              Index Cond: (i_item_id = item_4.i_item_id)
                                                              Filter: (i_color = ANY ('{orange,medium,seashell}'::bpchar[]))
                                                              Rows Removed by Filter: 2
    i_item_id     |    total_sales     
------------------+--------------------
 AAAAAAAAFEAEAAAA |                  0
 AAAAAAAAMGKAAAAA |                  0
 AAAAAAAAEOFAAAAA |                3.1
 AAAAAAAAGELCAAAA |               4.62
 AAAAAAAAMOEBAAAA |                  9
 AAAAAAAAMFMAAAAA |               9.55
 AAAAAAAAAGPBAAAA |              15.61
 AAAAAAAAKJBCAAAA |              16.38
 AAAAAAAAPEFBAAAA |               28.1
 AAAAAAAAKOLDAAAA |              38.71
 AAAAAAAAONJBAAAA |               42.2
 AAAAAAAADHDDAAAA |               46.9
 AAAAAAAAEOFCAAAA |              48.93
 AAAAAAAAIJFEAAAA |              51.48
 AAAAAAAAELACAAAA |              65.55
 AAAAAAAAAIMCAAAA |              82.15
 AAAAAAAAGKDBAAAA |              96.85
 AAAAAAAACPPCAAAA |             104.65
 AAAAAAAAMNDBAAAA |             130.56
 AAAAAAAAIHHBAAAA |             152.09
 AAAAAAAAKHOBAAAA | 154.67999999999998
 AAAAAAAAKMJDAAAA |             228.25
 AAAAAAAABJFEAAAA |             229.02
 AAAAAAAAOLGDAAAA |              243.1
 AAAAAAAAAFACAAAA |             246.56
 AAAAAAAAKFNDAAAA |             247.25
 AAAAAAAAKGFCAAAA |             252.28
 AAAAAAAAJMKAAAAA |              269.5
 AAAAAAAAGGDEAAAA |              284.2
 AAAAAAAAGIFDAAAA |             297.86
 AAAAAAAAAMNBAAAA |             303.16
 AAAAAAAAIACDAAAA |             313.92
 AAAAAAAAKADEAAAA |             353.22
 AAAAAAAAMAABAAAA |             361.44
 AAAAAAAAIOCEAAAA |             367.17
 AAAAAAAAGNBDAAAA |             374.46
 AAAAAAAAAKPDAAAA |              378.7
 AAAAAAAAAAPBAAAA | 394.26000000000005
 AAAAAAAAIHLDAAAA |             396.33
 AAAAAAAAEPAAAAAA |              405.6
 AAAAAAAAEINDAAAA |             420.72
 AAAAAAAALONCAAAA |              453.6
 AAAAAAAAOLJAAAAA |             454.68
 AAAAAAAAEGEDAAAA |             475.05
 AAAAAAAAOJEEAAAA |             475.23
 AAAAAAAAAANBAAAA | 477.92999999999995
 AAAAAAAAAOMCAAAA |             482.16
 AAAAAAAAEIEEAAAA |             531.76
 AAAAAAAAKEBBAAAA |              537.6
 AAAAAAAAAOIDAAAA |              537.9
 AAAAAAAACCAAAAAA |             541.12
 AAAAAAAANCEDAAAA |             562.03
 AAAAAAAAKHBBAAAA |              580.4
 AAAAAAAAOIPAAAAA |  596.3000000000001
 AAAAAAAAEOMBAAAA |             602.04
 AAAAAAAAKNCDAAAA |  618.0799999999999
 AAAAAAAACJNBAAAA |             620.72
 AAAAAAAAJCLAAAAA |             631.78
 AAAAAAAAODEEAAAA |             668.25
 AAAAAAAAMCFDAAAA |             669.39
 AAAAAAAAJPEAAAAA |             688.69
 AAAAAAAAOEGEAAAA |             697.27
 AAAAAAAAMIGCAAAA |                701
 AAAAAAAAEIOCAAAA |             702.26
 AAAAAAAAHMDDAAAA |             707.42
 AAAAAAAAOMBEAAAA |             713.16
 AAAAAAAACDDCAAAA |             726.16
 AAAAAAAAOHCAAAAA |  734.3199999999999
 AAAAAAAAABKDAAAA |             755.58
 AAAAAAAAMEAAAAAA |  774.6500000000001
 AAAAAAAAMHMBAAAA |                780
 AAAAAAAAGJOCAAAA |             785.52
 AAAAAAAAECODAAAA |  785.7900000000001
 AAAAAAAAIIICAAAA |             812.24
 AAAAAAAAFCIBAAAA |             845.53
 AAAAAAAAIFPDAAAA |             846.72
 AAAAAAAANNCDAAAA |              866.2
 AAAAAAAAIHKAAAAA |             880.04
 AAAAAAAAAAGBAAAA |             911.17
 AAAAAAAAEGKCAAAA |              939.3
 AAAAAAAAODAAAAAA |                940
 AAAAAAAACEAEAAAA |             985.38
 AAAAAAAAEGHDAAAA |  995.9799999999999
 AAAAAAAAOFNCAAAA |            1007.52
 AAAAAAAAOFMBAAAA | 1009.4000000000001
 AAAAAAAAIACAAAAA |             1019.9
 AAAAAAAAEGNDAAAA |            1021.38
 AAAAAAAAOJNCAAAA |            1037.75
 AAAAAAAAEDCCAAAA |            1048.65
 AAAAAAAAAFCAAAAA |            1054.68
 AAAAAAAAAAFAAAAA |            1062.84
 AAAAAAAAADJBAAAA |            1081.38
 AAAAAAAAPDKDAAAA |            1091.36
 AAAAAAAACPACAAAA |               1101
 AAAAAAAAIHEAAAAA |            1124.44
 AAAAAAAAMPLCAAAA |             1144.8
 AAAAAAAAIMCAAAAA |            1155.99
 AAAAAAAAMCPDAAAA |            1171.68
 AAAAAAAAAEPBAAAA |            1171.73
 AAAAAAAAMBJDAAAA |            1175.96
(100 rows)

UPDATE time_statistics SET e_time = TRANSACTION_TIMESTAMP() WHERE template = 'query56.tpl' AND stream = 6;
psql:/tmp/s1-basline/throughput/query_6.sql:3366: NOTICE:  duration: 0.106 ms  plan:
Query Text: UPDATE time_statistics SET e_time = TRANSACTION_TIMESTAMP() WHERE template = 'query56.tpl' AND stream = 6;
Update on time_statistics  (cost=0.00..21.46 rows=0 width=0) (actual time=0.106..0.106 rows=0 loops=1)
  ->  Seq Scan on time_statistics  (cost=0.00..21.46 rows=1 width=14) (actual time=0.091..0.091 rows=1 loops=1)
        Filter: ((template = 'query56.tpl'::text) AND (stream = 6))
        Rows Removed by Filter: 707
UPDATE 1
LOAD 'auto_explain'; SET auto_explain.log_min_duration TO 0; SET auto_explain.log_analyze TO on; SET auto_explain.log_level TO notice; INSERT INTO time_statistics (template, s_time, stream, query, seed) VALUES ('../query_postgresql/query37.tpl', TRANSACTION_TIMESTAMP(), 6, 66, 1893475242);
LOAD
SET
SET
SET
psql:/tmp/s1-basline/throughput/query_6.sql:3367: NOTICE:  duration: 0.009 ms  plan:
Query Text: INSERT INTO time_statistics (template, s_time, stream, query, seed) VALUES ('../query_postgresql/query37.tpl', TRANSACTION_TIMESTAMP(), 6, 66, 1893475242);
Insert on time_statistics  (cost=0.00..0.01 rows=0 width=0) (actual time=0.008..0.008 rows=0 loops=1)
  ->  Result  (cost=0.00..0.01 rows=1 width=64) (actual time=0.001..0.002 rows=1 loops=1)
INSERT 0 1
select  i_item_id
       ,i_item_desc
       ,i_current_price
 from item, inventory, date_dim, catalog_sales
 where i_current_price between 16 and 16 + 30
 and inv_item_sk = i_item_sk
 and d_date_sk=inv_date_sk
 and d_date between cast('2001-07-15' as date) and (cast('2001-07-15' as date) +  INTERVAL '60 days')
 and i_manufact_id in (794,876,769,728)
 and inv_quantity_on_hand between 100 and 500
 and cs_item_sk = i_item_sk
 group by i_item_id,i_item_desc,i_current_price
 order by i_item_id
 limit 100;
psql:/tmp/s1-basline/throughput/query_6.sql:3381: NOTICE:  duration: 6.731 ms  plan:
Query Text: select  i_item_id
       ,i_item_desc
       ,i_current_price
 from item, inventory, date_dim, catalog_sales
 where i_current_price between 16 and 16 + 30
 and inv_item_sk = i_item_sk
 and d_date_sk=inv_date_sk
 and d_date between cast('2001-07-15' as date) and (cast('2001-07-15' as date) +  INTERVAL '60 days')
 and i_manufact_id in (794,876,769,728)
 and inv_quantity_on_hand between 100 and 500
 and cs_item_sk = i_item_sk
 group by i_item_id,i_item_desc,i_current_price
 order by i_item_id
 limit 100;
Limit  (cost=2227.41..2228.27 rows=2 width=127) (actual time=6.729..6.729 rows=0 loops=1)
  ->  Group  (cost=2227.41..2228.27 rows=2 width=127) (actual time=6.728..6.729 rows=0 loops=1)
        Group Key: item.i_item_id, item.i_item_desc, item.i_current_price
        ->  Sort  (cost=2227.41..2227.63 rows=86 width=127) (actual time=6.728..6.729 rows=0 loops=1)
              Sort Key: item.i_item_id, item.i_item_desc, item.i_current_price
              Sort Method: quicksort  Memory: 25kB
              ->  Nested Loop  (cost=1.28..2224.65 rows=86 width=127) (actual time=6.723..6.724 rows=0 loops=1)
                    ->  Nested Loop  (cost=0.85..2221.80 rows=1 width=143) (actual time=6.723..6.723 rows=0 loops=1)
                          ->  Seq Scan on item  (cost=0.00..1616.00 rows=2 width=135) (actual time=6.723..6.723 rows=0 loops=1)
                                Filter: ((i_current_price >= '16'::double precision) AND (i_current_price <= '46'::double precision) AND (i_manufact_id = ANY ('{794,876,769,728}'::integer[])))
                                Rows Removed by Filter: 18000
                          ->  Nested Loop  (cost=0.85..302.31 rows=59 width=8) (never executed)
                                ->  Index Scan using i_d_date on date_dim  (cost=0.29..4.67 rows=59 width=8) (never executed)
                                      Index Cond: ((d_date >= '2001-07-15'::date) AND (d_date <= '2001-09-13 00:00:00'::timestamp without time zone))
                                ->  Index Scan using pk_inventory on inventory  (cost=0.56..5.03 rows=1 width=16) (never executed)
                                      Index Cond: ((inv_date_sk = date_dim.d_date_sk) AND (inv_item_sk = item.i_item_sk))
                                      Filter: ((inv_quantity_on_hand >= 100) AND (inv_quantity_on_hand <= 500))
                    ->  Index Only Scan using pk_catalog_sales on catalog_sales  (cost=0.43..1.97 rows=88 width=8) (never executed)
                          Index Cond: (cs_item_sk = inventory.inv_item_sk)
                          Heap Fetches: 0
 i_item_id | i_item_desc | i_current_price 
-----------+-------------+-----------------
(0 rows)

UPDATE time_statistics SET e_time = TRANSACTION_TIMESTAMP() WHERE template = '../query_postgresql/query37.tpl' AND stream = 6;
psql:/tmp/s1-basline/throughput/query_6.sql:3383: NOTICE:  duration: 0.081 ms  plan:
Query Text: UPDATE time_statistics SET e_time = TRANSACTION_TIMESTAMP() WHERE template = '../query_postgresql/query37.tpl' AND stream = 6;
Update on time_statistics  (cost=0.00..21.46 rows=0 width=0) (actual time=0.081..0.081 rows=0 loops=1)
  ->  Seq Scan on time_statistics  (cost=0.00..21.46 rows=1 width=14) (actual time=0.072..0.073 rows=1 loops=1)
        Filter: ((template = '../query_postgresql/query37.tpl'::text) AND (stream = 6))
        Rows Removed by Filter: 708
UPDATE 1
LOAD 'auto_explain'; SET auto_explain.log_min_duration TO 0; SET auto_explain.log_analyze TO on; SET auto_explain.log_level TO notice; INSERT INTO time_statistics (template, s_time, stream, query, seed) VALUES ('query10.tpl', TRANSACTION_TIMESTAMP(), 6, 67, 1565531413);
LOAD
SET
SET
SET
psql:/tmp/s1-basline/throughput/query_6.sql:3384: NOTICE:  duration: 0.008 ms  plan:
Query Text: INSERT INTO time_statistics (template, s_time, stream, query, seed) VALUES ('query10.tpl', TRANSACTION_TIMESTAMP(), 6, 67, 1565531413);
Insert on time_statistics  (cost=0.00..0.01 rows=0 width=0) (actual time=0.007..0.007 rows=0 loops=1)
  ->  Result  (cost=0.00..0.01 rows=1 width=64) (actual time=0.001..0.001 rows=1 loops=1)
INSERT 0 1
select  
  cd_gender,
  cd_marital_status,
  cd_education_status,
  count(*) cnt1,
  cd_purchase_estimate,
  count(*) cnt2,
  cd_credit_rating,
  count(*) cnt3,
  cd_dep_count,
  count(*) cnt4,
  cd_dep_employed_count,
  count(*) cnt5,
  cd_dep_college_count,
  count(*) cnt6
 from
  customer c,customer_address ca,customer_demographics
 where
  c.c_current_addr_sk = ca.ca_address_sk and
  ca_county in ('Travis County','Bryan County','Wheeler County','Santa Cruz County','Caldwell County') and
  cd_demo_sk = c.c_current_cdemo_sk and 
  exists (select *
          from store_sales,date_dim
          where c.c_customer_sk = ss_customer_sk and
                ss_sold_date_sk = d_date_sk and
                d_year = 2000 and
                d_moy between 4 and 4+3) and
   (exists (select *
            from web_sales,date_dim
            where c.c_customer_sk = ws_bill_customer_sk and
                  ws_sold_date_sk = d_date_sk and
                  d_year = 2000 and
                  d_moy between 4 ANd 4+3) or 
    exists (select * 
            from catalog_sales,date_dim
            where c.c_customer_sk = cs_ship_customer_sk and
                  cs_sold_date_sk = d_date_sk and
                  d_year = 2000 and
                  d_moy between 4 and 4+3))
 group by cd_gender,
          cd_marital_status,
          cd_education_status,
          cd_purchase_estimate,
          cd_credit_rating,
          cd_dep_count,
          cd_dep_employed_count,
          cd_dep_college_count
 order by cd_gender,
          cd_marital_status,
          cd_education_status,
          cd_purchase_estimate,
          cd_credit_rating,
          cd_dep_count,
          cd_dep_employed_count,
          cd_dep_college_count
limit 100;
psql:/tmp/s1-basline/throughput/query_6.sql:3440: NOTICE:  duration: 7945.874 ms  plan:
Query Text: select  
  cd_gender,
  cd_marital_status,
  cd_education_status,
  count(*) cnt1,
  cd_purchase_estimate,
  count(*) cnt2,
  cd_credit_rating,
  count(*) cnt3,
  cd_dep_count,
  count(*) cnt4,
  cd_dep_employed_count,
  count(*) cnt5,
  cd_dep_college_count,
  count(*) cnt6
 from
  customer c,customer_address ca,customer_demographics
 where
  c.c_current_addr_sk = ca.ca_address_sk and
  ca_county in ('Travis County','Bryan County','Wheeler County','Santa Cruz County','Caldwell County') and
  cd_demo_sk = c.c_current_cdemo_sk and 
  exists (select *
          from store_sales,date_dim
          where c.c_customer_sk = ss_customer_sk and
                ss_sold_date_sk = d_date_sk and
                d_year = 2000 and
                d_moy between 4 and 4+3) and
   (exists (select *
            from web_sales,date_dim
            where c.c_customer_sk = ws_bill_customer_sk and
                  ws_sold_date_sk = d_date_sk and
                  d_year = 2000 and
                  d_moy between 4 ANd 4+3) or 
    exists (select * 
            from catalog_sales,date_dim
            where c.c_customer_sk = cs_ship_customer_sk and
                  cs_sold_date_sk = d_date_sk and
                  d_year = 2000 and
                  d_moy between 4 and 4+3))
 group by cd_gender,
          cd_marital_status,
          cd_education_status,
          cd_purchase_estimate,
          cd_credit_rating,
          cd_dep_count,
          cd_dep_employed_count,
          cd_dep_college_count
 order by cd_gender,
          cd_marital_status,
          cd_education_status,
          cd_purchase_estimate,
          cd_credit_rating,
          cd_dep_count,
          cd_dep_employed_count,
          cd_dep_college_count
limit 100;
Limit  (cost=261450.31..177936511.84 rows=10 width=100) (actual time=6104.201..7945.851 rows=4 loops=1)
  ->  GroupAggregate  (cost=261450.31..177936511.84 rows=10 width=100) (actual time=6104.200..7945.848 rows=4 loops=1)
        Group Key: customer_demographics.cd_gender, customer_demographics.cd_marital_status, customer_demographics.cd_education_status, customer_demographics.cd_purchase_estimate, customer_demographics.cd_credit_rating, customer_demographics.cd_dep_count, customer_demographics.cd_dep_employed_count, customer_demographics.cd_dep_college_count
        ->  Nested Loop  (cost=261450.31..177936511.51 rows=10 width=52) (actual time=5541.388..7945.831 rows=4 loops=1)
              Join Filter: (c.c_current_cdemo_sk = customer_demographics.cd_demo_sk)
              Rows Removed by Join Filter: 7683196
              ->  Gather Merge  (cost=172607.60..391522.31 rows=1920800 width=60) (actual time=4431.641..6834.352 rows=1920800 loops=1)
                    Workers Planned: 1
                    Workers Launched: 1
                    ->  Sort  (cost=171607.59..174432.30 rows=1129882 width=60) (actual time=4225.774..5875.026 rows=960400 loops=2)
                          Sort Key: customer_demographics.cd_gender, customer_demographics.cd_marital_status, customer_demographics.cd_education_status, customer_demographics.cd_purchase_estimate, customer_demographics.cd_credit_rating, customer_demographics.cd_dep_count, customer_demographics.cd_dep_employed_count, customer_demographics.cd_dep_college_count
                          Sort Method: external merge  Disk: 73576kB
                          Worker 0:  Sort Method: external merge  Disk: 65576kB
                          ->  Parallel Seq Scan on customer_demographics  (cost=0.00..33127.82 rows=1129882 width=60) (actual time=0.014..153.927 rows=960400 loops=2)
              ->  Materialize  (cost=88842.71..177256869.23 rows=10 width=8) (actual time=0.000..0.000 rows=4 loops=1920800)
                    ->  Nested Loop  (cost=88842.71..177256869.18 rows=10 width=8) (actual time=113.052..132.058 rows=4 loops=1)
                          ->  Nested Loop  (cost=88842.42..177255780.45 rows=3275 width=16) (actual time=111.602..130.320 rows=695 loops=1)
                                ->  HashAggregate  (cost=88842.12..88887.86 rows=4574 width=8) (actual time=57.119..58.446 rows=8848 loops=1)
                                      Group Key: store_sales.ss_customer_sk
                                      Batches: 1  Memory Usage: 913kB
                                      ->  Nested Loop  (cost=0.43..88830.69 rows=4574 width=8) (actual time=4.655..43.734 rows=106146 loops=1)
                                            ->  Seq Scan on date_dim  (cost=0.00..2683.36 rows=121 width=8) (actual time=4.632..9.581 rows=122 loops=1)
                                                  Filter: ((d_moy >= 4) AND (d_moy <= 7) AND (d_year = 2000))
                                                  Rows Removed by Filter: 72927
                                            ->  Index Scan using i_ss_sold_date_sk on store_sales  (cost=0.43..696.81 rows=1515 width=16) (actual time=0.005..0.197 rows=870 loops=122)
                                                  Index Cond: (ss_sold_date_sk = date_dim.d_date_sk)
                                ->  Index Scan using pk_customer on customer c  (cost=0.29..40292.73 rows=1 width=24) (actual time=0.008..0.008 rows=0 loops=8848)
                                      Index Cond: (c_customer_sk = store_sales.ss_customer_sk)
                                      Filter: ((hashed SubPlan 2) OR (hashed SubPlan 4))
                                      Rows Removed by Filter: 1
                                      SubPlan 2
                                        ->  Nested Loop  (cost=0.42..32025.49 rows=1197 width=8) (actual time=4.487..18.791 rows=27336 loops=1)
                                              ->  Seq Scan on date_dim date_dim_1  (cost=0.00..2683.36 rows=121 width=8) (actual time=4.477..8.997 rows=122 loops=1)
                                                    Filter: ((d_moy >= 4) AND (d_moy <= 7) AND (d_year = 2000))
                                                    Rows Removed by Filter: 72927
                                              ->  Index Scan using i_ws_sold_date_sk on web_sales  (cost=0.42..238.53 rows=397 width=16) (actual time=0.003..0.055 rows=224 loops=122)
                                                    Index Cond: (ws_sold_date_sk = date_dim_1.d_date_sk)
                                      SubPlan 4
                                        ->  Nested Loop  (cost=0.43..9337.11 rows=2379 width=8) (actual time=4.408..25.606 rows=55625 loops=1)
                                              ->  Seq Scan on date_dim date_dim_2  (cost=0.00..2683.36 rows=121 width=8) (actual time=4.394..9.345 rows=122 loops=1)
                                                    Filter: ((d_moy >= 4) AND (d_moy <= 7) AND (d_year = 2000))
                                                    Rows Removed by Filter: 72927
                                              ->  Index Scan using i_cs_sold_date_sk on catalog_sales  (cost=0.43..47.14 rows=785 width=16) (actual time=0.003..0.075 rows=456 loops=122)
                                                    Index Cond: (cs_sold_date_sk = date_dim_2.d_date_sk)
                          ->  Index Scan using pk_customer_address on customer_address ca  (cost=0.29..0.33 rows=1 width=8) (actual time=0.002..0.002 rows=0 loops=695)
                                Index Cond: (ca_address_sk = c.c_current_addr_sk)
                                Filter: ((ca_county)::text = ANY ('{"Travis County","Bryan County","Wheeler County","Santa Cruz County","Caldwell County"}'::text[]))
                                Rows Removed by Filter: 1
 cd_gender | cd_marital_status | cd_education_status  | cnt1 | cd_purchase_estimate | cnt2 | cd_credit_rating | cnt3 | cd_dep_count | cnt4 | cd_dep_employed_count | cnt5 | cd_dep_college_count | cnt6 
-----------+-------------------+----------------------+------+----------------------+------+------------------+------+--------------+------+-----------------------+------+----------------------+------
 F         | S                 | Unknown              |    1 |                 4000 |    1 | High Risk        |    1 |            2 |    1 |                     4 |    1 |                    0 |    1
 F         | W                 | Primary              |    1 |                 1500 |    1 | High Risk        |    1 |            5 |    1 |                     1 |    1 |                    1 |    1
 M         | S                 | Advanced Degree      |    1 |                 3000 |    1 | Low Risk         |    1 |            5 |    1 |                     4 |    1 |                    1 |    1
 M         | W                 | Advanced Degree      |    1 |                 6500 |    1 | High Risk        |    1 |            5 |    1 |                     2 |    1 |                    3 |    1
(4 rows)

UPDATE time_statistics SET e_time = TRANSACTION_TIMESTAMP() WHERE template = 'query10.tpl' AND stream = 6;
psql:/tmp/s1-basline/throughput/query_6.sql:3442: NOTICE:  duration: 0.113 ms  plan:
Query Text: UPDATE time_statistics SET e_time = TRANSACTION_TIMESTAMP() WHERE template = 'query10.tpl' AND stream = 6;
Update on time_statistics  (cost=0.00..21.46 rows=0 width=0) (actual time=0.113..0.113 rows=0 loops=1)
  ->  Seq Scan on time_statistics  (cost=0.00..21.46 rows=1 width=14) (actual time=0.098..0.098 rows=1 loops=1)
        Filter: ((template = 'query10.tpl'::text) AND (stream = 6))
        Rows Removed by Filter: 709
UPDATE 1
LOAD 'auto_explain'; SET auto_explain.log_min_duration TO 0; SET auto_explain.log_analyze TO on; SET auto_explain.log_level TO notice; INSERT INTO time_statistics (template, s_time, stream, query, seed) VALUES ('query90.tpl', TRANSACTION_TIMESTAMP(), 6, 68, 1559740200);
LOAD
SET
SET
SET
psql:/tmp/s1-basline/throughput/query_6.sql:3443: NOTICE:  duration: 0.010 ms  plan:
Query Text: INSERT INTO time_statistics (template, s_time, stream, query, seed) VALUES ('query90.tpl', TRANSACTION_TIMESTAMP(), 6, 68, 1559740200);
Insert on time_statistics  (cost=0.00..0.01 rows=0 width=0) (actual time=0.009..0.010 rows=0 loops=1)
  ->  Result  (cost=0.00..0.01 rows=1 width=64) (actual time=0.002..0.002 rows=1 loops=1)
INSERT 0 1
select  cast(amc as decimal(15,4))/cast(pmc as decimal(15,4)) am_pm_ratio
 from ( select count(*) amc
       from web_sales, household_demographics , time_dim, web_page
       where ws_sold_time_sk = time_dim.t_time_sk
         and ws_ship_hdemo_sk = household_demographics.hd_demo_sk
         and ws_web_page_sk = web_page.wp_web_page_sk
         and time_dim.t_hour between 6 and 6+1
         and household_demographics.hd_dep_count = 0
         and web_page.wp_char_count between 5000 and 5200) at,
      ( select count(*) pmc
       from web_sales, household_demographics , time_dim, web_page
       where ws_sold_time_sk = time_dim.t_time_sk
         and ws_ship_hdemo_sk = household_demographics.hd_demo_sk
         and ws_web_page_sk = web_page.wp_web_page_sk
         and time_dim.t_hour between 20 and 20+1
         and household_demographics.hd_dep_count = 0
         and web_page.wp_char_count between 5000 and 5200) pt
 order by am_pm_ratio
 limit 100;
psql:/tmp/s1-basline/throughput/query_6.sql:3462: ERROR:  division by zero
UPDATE time_statistics SET e_time = TRANSACTION_TIMESTAMP() WHERE template = 'query90.tpl' AND stream = 6;
psql:/tmp/s1-basline/throughput/query_6.sql:3464: NOTICE:  duration: 0.111 ms  plan:
Query Text: UPDATE time_statistics SET e_time = TRANSACTION_TIMESTAMP() WHERE template = 'query90.tpl' AND stream = 6;
Update on time_statistics  (cost=0.00..21.46 rows=0 width=0) (actual time=0.110..0.111 rows=0 loops=1)
  ->  Seq Scan on time_statistics  (cost=0.00..21.46 rows=1 width=14) (actual time=0.096..0.097 rows=1 loops=1)
        Filter: ((template = 'query90.tpl'::text) AND (stream = 6))
        Rows Removed by Filter: 710
UPDATE 1
LOAD 'auto_explain'; SET auto_explain.log_min_duration TO 0; SET auto_explain.log_analyze TO on; SET auto_explain.log_level TO notice; INSERT INTO time_statistics (template, s_time, stream, query, seed) VALUES ('../query_postgresql/query21.tpl', TRANSACTION_TIMESTAMP(), 6, 69, 2117375375);
LOAD
SET
SET
SET
psql:/tmp/s1-basline/throughput/query_6.sql:3465: NOTICE:  duration: 0.008 ms  plan:
Query Text: INSERT INTO time_statistics (template, s_time, stream, query, seed) VALUES ('../query_postgresql/query21.tpl', TRANSACTION_TIMESTAMP(), 6, 69, 2117375375);
Insert on time_statistics  (cost=0.00..0.01 rows=0 width=0) (actual time=0.008..0.008 rows=0 loops=1)
  ->  Result  (cost=0.00..0.01 rows=1 width=64) (actual time=0.001..0.002 rows=1 loops=1)
INSERT 0 1
select  *
 from(select w_warehouse_name
            ,i_item_id
            ,sum(case when (cast(d_date as date) < cast ('1999-05-26' as date))
	                then inv_quantity_on_hand 
                      else 0 end) as inv_before
            ,sum(case when (cast(d_date as date) >= cast ('1999-05-26' as date))
                      then inv_quantity_on_hand 
                      else 0 end) as inv_after
   from inventory
       ,warehouse
       ,item
       ,date_dim
   where i_current_price between 0.99 and 1.49
     and i_item_sk          = inv_item_sk
     and inv_warehouse_sk   = w_warehouse_sk
     and inv_date_sk    = d_date_sk
     and d_date between (cast ('1999-05-26' as date) - INTERVAL '30 days')
                    and (cast ('1999-05-26' as date) + INTERVAL '30 days')
   group by w_warehouse_name, i_item_id) x
 where (case when inv_before > 0 
             then inv_after / inv_before 
             else null
             end) between 2.0/3.0 and 3.0/2.0
 order by w_warehouse_name
         ,i_item_id
 limit 100;
psql:/tmp/s1-basline/throughput/query_6.sql:3492: NOTICE:  duration: 651.101 ms  plan:
Query Text: select  *
 from(select w_warehouse_name
            ,i_item_id
            ,sum(case when (cast(d_date as date) < cast ('1999-05-26' as date))
	                then inv_quantity_on_hand 
                      else 0 end) as inv_before
            ,sum(case when (cast(d_date as date) >= cast ('1999-05-26' as date))
                      then inv_quantity_on_hand 
                      else 0 end) as inv_after
   from inventory
       ,warehouse
       ,item
       ,date_dim
   where i_current_price between 0.99 and 1.49
     and i_item_sk          = inv_item_sk
     and inv_warehouse_sk   = w_warehouse_sk
     and inv_date_sk    = d_date_sk
     and d_date between (cast ('1999-05-26' as date) - INTERVAL '30 days')
                    and (cast ('1999-05-26' as date) + INTERVAL '30 days')
   group by w_warehouse_name, i_item_id) x
 where (case when inv_before > 0 
             then inv_after / inv_before 
             else null
             end) between 2.0/3.0 and 3.0/2.0
 order by w_warehouse_name
         ,i_item_id
 limit 100;
Limit  (cost=144786.23..144887.55 rows=69 width=47) (actual time=613.845..651.061 rows=100 loops=1)
  ->  Finalize GroupAggregate  (cost=144786.23..144886.86 rows=69 width=47) (actual time=613.843..651.053 rows=100 loops=1)
        Group Key: warehouse.w_warehouse_name, item.i_item_id
        Filter: (((CASE WHEN (sum(CASE WHEN (date_dim.d_date < '1999-05-26'::date) THEN inventory.inv_quantity_on_hand ELSE 0 END) > 0) THEN (sum(CASE WHEN (date_dim.d_date >= '1999-05-26'::date) THEN inventory.inv_quantity_on_hand ELSE 0 END) / sum(CASE WHEN (date_dim.d_date < '1999-05-26'::date) THEN inventory.inv_quantity_on_hand ELSE 0 END)) ELSE NULL::bigint END)::numeric >= 0.66666666666666666667) AND ((CASE WHEN (sum(CASE WHEN (date_dim.d_date < '1999-05-26'::date) THEN inventory.inv_quantity_on_hand ELSE 0 END) > 0) THEN (sum(CASE WHEN (date_dim.d_date >= '1999-05-26'::date) THEN inventory.inv_quantity_on_hand ELSE 0 END) / sum(CASE WHEN (date_dim.d_date < '1999-05-26'::date) THEN inventory.inv_quantity_on_hand ELSE 0 END)) ELSE NULL::bigint END)::numeric <= 1.5000000000000000))
        Rows Removed by Filter: 80
        ->  Gather Merge  (cost=144786.23..144862.23 rows=600 width=47) (actual time=613.830..650.866 rows=674 loops=1)
              Workers Planned: 3
              Workers Launched: 3
              ->  Partial GroupAggregate  (cost=143786.19..143791.69 rows=200 width=47) (actual time=607.851..608.437 rows=726 loops=4)
                    Group Key: warehouse.w_warehouse_name, item.i_item_id
                    ->  Sort  (cost=143786.19..143786.69 rows=200 width=39) (actual time=607.841..607.916 rows=1764 loops=4)
                          Sort Key: warehouse.w_warehouse_name, item.i_item_id
                          Sort Method: quicksort  Memory: 741kB
                          Worker 0:  Sort Method: quicksort  Memory: 692kB
                          Worker 1:  Sort Method: quicksort  Memory: 683kB
                          Worker 2:  Sort Method: quicksort  Memory: 672kB
                          ->  Hash Join  (cost=6.88..143778.55 rows=200 width=39) (actual time=2.099..591.356 rows=6221 loops=4)
                                Hash Cond: (inventory.inv_warehouse_sk = warehouse.w_warehouse_sk)
                                ->  Nested Loop  (cost=5.76..143776.47 rows=200 width=33) (actual time=2.034..590.103 rows=6221 loops=4)
                                      ->  Hash Join  (cost=5.48..142775.40 rows=3228 width=24) (actual time=1.884..425.094 rows=101250 loops=4)
                                            Hash Cond: (inventory.inv_date_sk = date_dim.d_date_sk)
                                            ->  Parallel Seq Scan on inventory  (cost=0.00..132620.86 rows=3866086 width=28) (actual time=0.018..200.183 rows=2936250 loops=4)
                                            ->  Hash  (cost=4.71..4.71 rows=61 width=12) (actual time=0.123..0.124 rows=61 loops=4)
                                                  Buckets: 1024  Batches: 1  Memory Usage: 11kB
                                                  ->  Index Scan using i_d_date on date_dim  (cost=0.29..4.71 rows=61 width=12) (actual time=0.091..0.113 rows=61 loops=4)
                                                        Index Cond: ((d_date >= '1999-04-26 00:00:00'::timestamp without time zone) AND (d_date <= '1999-06-25 00:00:00'::timestamp without time zone))
                                      ->  Index Scan using pk_item on item  (cost=0.29..0.31 rows=1 width=25) (actual time=0.001..0.001 rows=0 loops=405000)
                                            Index Cond: (i_item_sk = inventory.inv_item_sk)
                                            Filter: ((i_current_price >= '0.99'::double precision) AND (i_current_price <= '1.49'::double precision))
                                            Rows Removed by Filter: 1
                                ->  Hash  (cost=1.05..1.05 rows=5 width=22) (actual time=0.029..0.030 rows=5 loops=4)
                                      Buckets: 1024  Batches: 1  Memory Usage: 9kB
                                      ->  Seq Scan on warehouse  (cost=0.00..1.05 rows=5 width=22) (actual time=0.023..0.025 rows=5 loops=4)
 w_warehouse_name |    i_item_id     | inv_before | inv_after 
------------------+------------------+------------+-----------
 Neither dea      | AAAAAAAAAACDAAAA |       1844 |      3414
 Neither dea      | AAAAAAAAAAMBAAAA |       1515 |      2853
 Neither dea      | AAAAAAAAABGDAAAA |       1449 |      1977
 Neither dea      | AAAAAAAAABHAAAAA |       2398 |      2509
 Neither dea      | AAAAAAAAACHCAAAA |       1118 |      1581
 Neither dea      | AAAAAAAAACNCAAAA |       2766 |      3340
 Neither dea      | AAAAAAAAAFPDAAAA |       1393 |      2417
 Neither dea      | AAAAAAAAAGHAAAAA |       1738 |      2428
 Neither dea      | AAAAAAAAAHPAAAAA |       2189 |      3424
 Neither dea      | AAAAAAAAAICDAAAA |       1210 |      2133
 Neither dea      | AAAAAAAAAIGAAAAA |       2578 |      3014
 Neither dea      | AAAAAAAAAJDEAAAA |       1696 |      2811
 Neither dea      | AAAAAAAAAJKDAAAA |       1974 |      2256
 Neither dea      | AAAAAAAAAJLCAAAA |       2827 |      3156
 Neither dea      | AAAAAAAAAKHCAAAA |       2001 |      2720
 Neither dea      | AAAAAAAAALIAAAAA |       2112 |      2786
 Neither dea      | AAAAAAAAAMBEAAAA |       1693 |      2618
 Neither dea      | AAAAAAAAAMEBAAAA |       1910 |      1942
 Neither dea      | AAAAAAAAAMEEAAAA |       2911 |      3032
 Neither dea      | AAAAAAAAANBAAAAA |       2075 |      2214
 Neither dea      | AAAAAAAAANKAAAAA |       1885 |      2925
 Neither dea      | AAAAAAAAAOBBAAAA |       1201 |      2360
 Neither dea      | AAAAAAAAAOGDAAAA |       1509 |      2393
 Neither dea      | AAAAAAAAAOJCAAAA |       1266 |      1319
 Neither dea      | AAAAAAAAAPBEAAAA |       2270 |      2858
 Neither dea      | AAAAAAAABBOAAAAA |       1774 |      2113
 Neither dea      | AAAAAAAABBPCAAAA |       2003 |      3153
 Neither dea      | AAAAAAAABDOBAAAA |        890 |      1674
 Neither dea      | AAAAAAAABDPAAAAA |       2590 |      3235
 Neither dea      | AAAAAAAABDPDAAAA |       1717 |      1977
 Neither dea      | AAAAAAAABFICAAAA |       1878 |      1999
 Neither dea      | AAAAAAAABFKAAAAA |       2018 |      3557
 Neither dea      | AAAAAAAABHCDAAAA |       1643 |      2711
 Neither dea      | AAAAAAAABHFAAAAA |       1517 |      2547
 Neither dea      | AAAAAAAABIKDAAAA |       1119 |      2129
 Neither dea      | AAAAAAAABJPDAAAA |       1684 |      2277
 Neither dea      | AAAAAAAABKGCAAAA |       2364 |      2793
 Neither dea      | AAAAAAAABMBCAAAA |       1347 |      2560
 Neither dea      | AAAAAAAABMKCAAAA |       1560 |      2816
 Neither dea      | AAAAAAAABNFAAAAA |       1888 |      2496
 Neither dea      | AAAAAAAACAFDAAAA |       2161 |      2410
 Neither dea      | AAAAAAAACBCAAAAA |       1744 |      2258
 Neither dea      | AAAAAAAACCCBAAAA |       2417 |      2527
 Neither dea      | AAAAAAAACCHCAAAA |       1751 |      2373
 Neither dea      | AAAAAAAACCKCAAAA |       1946 |      3563
 Neither dea      | AAAAAAAACDBEAAAA |       1768 |      1847
 Neither dea      | AAAAAAAACDHBAAAA |       1573 |      3001
 Neither dea      | AAAAAAAACDJDAAAA |       2116 |      3618
 Neither dea      | AAAAAAAACECCAAAA |       1414 |      1897
 Neither dea      | AAAAAAAACECDAAAA |       1412 |      1648
 Neither dea      | AAAAAAAACEEAAAAA |       1605 |      3018
 Neither dea      | AAAAAAAACGBEAAAA |       1767 |      2161
 Neither dea      | AAAAAAAACHFDAAAA |       1498 |      1656
 Neither dea      | AAAAAAAACHIDAAAA |       1751 |      1902
 Neither dea      | AAAAAAAACHKDAAAA |       2124 |      2290
 Neither dea      | AAAAAAAACIIBAAAA |       1716 |      3246
 Neither dea      | AAAAAAAACJFBAAAA |       2148 |      2489
 Neither dea      | AAAAAAAACKABAAAA |       1959 |      2478
 Neither dea      | AAAAAAAACLLCAAAA |       1890 |      2450
 Neither dea      | AAAAAAAACLNAAAAA |       1779 |      2670
 Neither dea      | AAAAAAAACOADAAAA |       1842 |      2162
 Neither dea      | AAAAAAAACOFBAAAA |       1951 |      2398
 Neither dea      | AAAAAAAACOMDAAAA |       1538 |      1867
 Neither dea      | AAAAAAAACPECAAAA |       1626 |      2656
 Neither dea      | AAAAAAAACPJCAAAA |       1545 |      2207
 Neither dea      | AAAAAAAACPODAAAA |       1920 |      2333
 Neither dea      | AAAAAAAADADEAAAA |       1004 |      1984
 Neither dea      | AAAAAAAADEGAAAAA |       2458 |      2593
 Neither dea      | AAAAAAAADEKCAAAA |       1316 |      1991
 Neither dea      | AAAAAAAADFODAAAA |       2678 |      3660
 Neither dea      | AAAAAAAADHIBAAAA |       1592 |      2555
 Neither dea      | AAAAAAAADLDCAAAA |       1832 |      2212
 Neither dea      | AAAAAAAADMGBAAAA |       1827 |      2445
 Neither dea      | AAAAAAAADOMCAAAA |       1751 |      3137
 Neither dea      | AAAAAAAADPKAAAAA |       2592 |      2966
 Neither dea      | AAAAAAAAEACBAAAA |       1529 |      1965
 Neither dea      | AAAAAAAAECBDAAAA |       1743 |      1900
 Neither dea      | AAAAAAAAECLCAAAA |       1904 |      3053
 Neither dea      | AAAAAAAAEDEAAAAA |       1271 |      2132
 Neither dea      | AAAAAAAAEDOBAAAA |       1288 |      2375
 Neither dea      | AAAAAAAAEEJAAAAA |       1685 |      2262
 Neither dea      | AAAAAAAAEFABAAAA |       1657 |      2923
 Neither dea      | AAAAAAAAEFBBAAAA |       1841 |      3401
 Neither dea      | AAAAAAAAEFHBAAAA |       1785 |      2382
 Neither dea      | AAAAAAAAEFKDAAAA |       1630 |      2839
 Neither dea      | AAAAAAAAEGAAAAAA |       1909 |      1953
 Neither dea      | AAAAAAAAEHMCAAAA |       1967 |      1973
 Neither dea      | AAAAAAAAEIEDAAAA |       2138 |      2449
 Neither dea      | AAAAAAAAEILAAAAA |       1679 |      2437
 Neither dea      | AAAAAAAAEJJBAAAA |       2806 |      3095
 Neither dea      | AAAAAAAAEJNDAAAA |       1945 |      2893
 Neither dea      | AAAAAAAAEKCDAAAA |       1842 |      3275
 Neither dea      | AAAAAAAAEKDAAAAA |       1963 |      2508
 Neither dea      | AAAAAAAAEKECAAAA |       1157 |      2167
 Neither dea      | AAAAAAAAEKIAAAAA |       2720 |      3210
 Neither dea      | AAAAAAAAEKLBAAAA |       2402 |      2922
 Neither dea      | AAAAAAAAEKPCAAAA |       2261 |      2950
 Neither dea      | AAAAAAAAELFAAAAA |       2306 |      2465
 Neither dea      | AAAAAAAAELJBAAAA |       1532 |      2439
 Neither dea      | AAAAAAAAELPCAAAA |       1727 |      2650
(100 rows)

UPDATE time_statistics SET e_time = TRANSACTION_TIMESTAMP() WHERE template = '../query_postgresql/query21.tpl' AND stream = 6;
psql:/tmp/s1-basline/throughput/query_6.sql:3494: NOTICE:  duration: 0.098 ms  plan:
Query Text: UPDATE time_statistics SET e_time = TRANSACTION_TIMESTAMP() WHERE template = '../query_postgresql/query21.tpl' AND stream = 6;
Update on time_statistics  (cost=0.00..21.46 rows=0 width=0) (actual time=0.097..0.097 rows=0 loops=1)
  ->  Seq Scan on time_statistics  (cost=0.00..21.46 rows=1 width=14) (actual time=0.082..0.082 rows=1 loops=1)
        Filter: ((template = '../query_postgresql/query21.tpl'::text) AND (stream = 6))
        Rows Removed by Filter: 711
UPDATE 1
LOAD 'auto_explain'; SET auto_explain.log_min_duration TO 0; SET auto_explain.log_analyze TO on; SET auto_explain.log_level TO notice; INSERT INTO time_statistics (template, s_time, stream, query, seed) VALUES ('query46.tpl', TRANSACTION_TIMESTAMP(), 6, 70, 221847587);
LOAD
SET
SET
SET
psql:/tmp/s1-basline/throughput/query_6.sql:3495: NOTICE:  duration: 0.008 ms  plan:
Query Text: INSERT INTO time_statistics (template, s_time, stream, query, seed) VALUES ('query46.tpl', TRANSACTION_TIMESTAMP(), 6, 70, 221847587);
Insert on time_statistics  (cost=0.00..0.01 rows=0 width=0) (actual time=0.008..0.008 rows=0 loops=1)
  ->  Result  (cost=0.00..0.01 rows=1 width=64) (actual time=0.001..0.001 rows=1 loops=1)
INSERT 0 1
select  c_last_name
       ,c_first_name
       ,ca_city
       ,bought_city
       ,ss_ticket_number
       ,amt,profit 
 from
   (select ss_ticket_number
          ,ss_customer_sk
          ,ca_city bought_city
          ,sum(ss_coupon_amt) amt
          ,sum(ss_net_profit) profit
    from store_sales,date_dim,store,household_demographics,customer_address 
    where store_sales.ss_sold_date_sk = date_dim.d_date_sk
    and store_sales.ss_store_sk = store.s_store_sk  
    and store_sales.ss_hdemo_sk = household_demographics.hd_demo_sk
    and store_sales.ss_addr_sk = customer_address.ca_address_sk
    and (household_demographics.hd_dep_count = 7 or
         household_demographics.hd_vehicle_count= 0)
    and date_dim.d_dow in (6,0)
    and date_dim.d_year in (1998,1998+1,1998+2) 
    and store.s_city in ('Fairview','Midway','Fairview','Midway','Midway') 
    group by ss_ticket_number,ss_customer_sk,ss_addr_sk,ca_city) dn,customer,customer_address current_addr
    where ss_customer_sk = c_customer_sk
      and customer.c_current_addr_sk = current_addr.ca_address_sk
      and current_addr.ca_city <> bought_city
  order by c_last_name
          ,c_first_name
          ,ca_city
          ,bought_city
          ,ss_ticket_number
  limit 100;
psql:/tmp/s1-basline/throughput/query_6.sql:3527: NOTICE:  duration: 485.656 ms  plan:
Query Text: select  c_last_name
       ,c_first_name
       ,ca_city
       ,bought_city
       ,ss_ticket_number
       ,amt,profit 
 from
   (select ss_ticket_number
          ,ss_customer_sk
          ,ca_city bought_city
          ,sum(ss_coupon_amt) amt
          ,sum(ss_net_profit) profit
    from store_sales,date_dim,store,household_demographics,customer_address 
    where store_sales.ss_sold_date_sk = date_dim.d_date_sk
    and store_sales.ss_store_sk = store.s_store_sk  
    and store_sales.ss_hdemo_sk = household_demographics.hd_demo_sk
    and store_sales.ss_addr_sk = customer_address.ca_address_sk
    and (household_demographics.hd_dep_count = 7 or
         household_demographics.hd_vehicle_count= 0)
    and date_dim.d_dow in (6,0)
    and date_dim.d_year in (1998,1998+1,1998+2) 
    and store.s_city in ('Fairview','Midway','Fairview','Midway','Midway') 
    group by ss_ticket_number,ss_customer_sk,ss_addr_sk,ca_city) dn,customer,customer_address current_addr
    where ss_customer_sk = c_customer_sk
      and customer.c_current_addr_sk = current_addr.ca_address_sk
      and current_addr.ca_city <> bought_city
  order by c_last_name
          ,c_first_name
          ,ca_city
          ,bought_city
          ,ss_ticket_number
  limit 100;
Limit  (cost=97220.65..97220.90 rows=100 width=94) (actual time=421.720..485.558 rows=100 loops=1)
  ->  Sort  (cost=97220.65..97226.99 rows=2538 width=94) (actual time=421.719..485.549 rows=100 loops=1)
        Sort Key: customer.c_last_name, customer.c_first_name, current_addr.ca_city, customer_address.ca_city, store_sales.ss_ticket_number
        Sort Method: top-N heapsort  Memory: 48kB
        ->  Nested Loop  (cost=92861.64..97123.65 rows=2538 width=94) (actual time=363.568..481.228 rows=9265 loops=1)
              Join Filter: ((current_addr.ca_city)::text <> (customer_address.ca_city)::text)
              Rows Removed by Join Filter: 684
              ->  Nested Loop  (cost=92861.35..96274.58 rows=2542 width=93) (actual time=363.562..464.284 rows=9949 loops=1)
                    ->  Finalize GroupAggregate  (cost=92861.06..93191.84 rows=2542 width=49) (actual time=363.550..444.511 rows=10274 loops=1)
                          Group Key: store_sales.ss_ticket_number, store_sales.ss_customer_sk, store_sales.ss_addr_sk, customer_address.ca_city
                          ->  Gather Merge  (cost=92861.06..93134.65 rows=2118 width=49) (actual time=363.541..439.942 rows=10332 loops=1)
                                Workers Planned: 2
                                Workers Launched: 2
                                ->  Partial GroupAggregate  (cost=91861.04..91890.16 rows=1059 width=49) (actual time=357.644..366.215 rows=3444 loops=3)
                                      Group Key: store_sales.ss_ticket_number, store_sales.ss_customer_sk, store_sales.ss_addr_sk, customer_address.ca_city
                                      ->  Sort  (cost=91861.04..91863.68 rows=1059 width=49) (actual time=357.632..359.069 rows=36367 loops=3)
                                            Sort Key: store_sales.ss_ticket_number, store_sales.ss_customer_sk, store_sales.ss_addr_sk, customer_address.ca_city
                                            Sort Method: quicksort  Memory: 5657kB
                                            Worker 0:  Sort Method: quicksort  Memory: 3666kB
                                            Worker 1:  Sort Method: quicksort  Memory: 3692kB
                                            ->  Nested Loop  (cost=2788.06..91807.83 rows=1059 width=49) (actual time=17.452..341.932 rows=36367 loops=3)
                                                  ->  Hash Join  (cost=2787.77..91465.97 rows=1110 width=40) (actual time=17.403..287.576 rows=36599 loops=3)
                                                        Hash Cond: (store_sales.ss_store_sk = store.s_store_sk)
                                                        ->  Hash Join  (cost=2786.42..91460.54 rows=1164 width=48) (actual time=17.332..281.651 rows=37062 loops=3)
                                                              Hash Cond: (store_sales.ss_hdemo_sk = household_demographics.hd_demo_sk)
                                                              ->  Hash Join  (cost=2595.92..91257.21 rows=4883 width=56) (actual time=15.880..265.979 rows=151596 loops=3)
                                                                    Hash Cond: (store_sales.ss_sold_date_sk = date_dim.d_date_sk)
                                                                    ->  Parallel Seq Scan on store_sales  (cost=0.00..85499.45 rows=1204445 width=64) (actual time=0.013..125.267 rows=948150 loops=3)
                                                                    ->  Hash  (cost=2592.05..2592.05 rows=310 width=8) (actual time=15.832..15.833 rows=314 loops=3)
                                                                          Buckets: 1024  Batches: 1  Memory Usage: 21kB
                                                                          ->  Seq Scan on date_dim  (cost=0.00..2592.05 rows=310 width=8) (actual time=7.432..15.788 rows=314 loops=3)
                                                                                Filter: ((d_dow = ANY ('{6,0}'::integer[])) AND (d_year = ANY ('{1998,1999,2000}'::integer[])))
                                                                                Rows Removed by Filter: 72735
                                                              ->  Hash  (cost=168.00..168.00 rows=1800 width=8) (actual time=1.309..1.310 rows=1800 loops=3)
                                                                    Buckets: 2048  Batches: 1  Memory Usage: 87kB
                                                                    ->  Seq Scan on household_demographics  (cost=0.00..168.00 rows=1800 width=8) (actual time=0.021..1.099 rows=1800 loops=3)
                                                                          Filter: ((hd_dep_count = 7) OR (hd_vehicle_count = 0))
                                                                          Rows Removed by Filter: 5400
                                                        ->  Hash  (cost=1.20..1.20 rows=12 width=8) (actual time=0.038..0.039 rows=12 loops=3)
                                                              Buckets: 1024  Batches: 1  Memory Usage: 9kB
                                                              ->  Seq Scan on store  (cost=0.00..1.20 rows=12 width=8) (actual time=0.029..0.034 rows=12 loops=3)
                                                                    Filter: ((s_city)::text = ANY ('{Fairview,Midway,Fairview,Midway,Midway}'::text[]))
                                                  ->  Index Scan using pk_customer_address on customer_address  (cost=0.29..0.31 rows=1 width=17) (actual time=0.001..0.001 rows=1 loops=109797)
                                                        Index Cond: (ca_address_sk = store_sales.ss_addr_sk)
                    ->  Index Scan using pk_customer on customer  (cost=0.29..1.20 rows=1 width=68) (actual time=0.002..0.002 rows=1 loops=10274)
                          Index Cond: (c_customer_sk = store_sales.ss_customer_sk)
              ->  Index Scan using pk_customer_address on customer_address current_addr  (cost=0.29..0.32 rows=1 width=17) (actual time=0.001..0.001 rows=1 loops=9949)
                    Index Cond: (ca_address_sk = customer.c_current_addr_sk)
          c_last_name           |     c_first_name     |     ca_city     |   bought_city   | ss_ticket_number |        amt         |       profit        
--------------------------------+----------------------+-----------------+-----------------+------------------+--------------------+---------------------
 Abbott                         | Bonnie               | White Oak       | Buena Vista     |           168564 |             614.25 |            -5880.07
 Abbott                         | Bonnie               | White Oak       | Green Acres     |           100206 |            2889.83 |           -11126.25
 Abbott                         | Brenda               | Five Points     | Mount Zion      |            99328 |             354.71 |  -5849.419999999999
 Abbott                         | Diana                | Woodville       | Riverdale       |           137793 |            1521.31 |            -5051.68
 Abbott                         |                      | Oak Grove       | Shady Grove     |            75226 |                  0 |  -6383.799999999999
 Abel                           | John                 | Fairfield       | Oak Hill        |            56263 |            1398.26 |  -9147.029999999999
 Abernathy                      | Marcelo              | Waterloo        | Lakeview        |           168385 |                  0 |  -7623.650000000001
 Abernathy                      | Robert               | Summit          | Clifton         |           202764 |                  0 |            -10751.2
 Abney                          | Charles              | Ashland         | Stringtown      |            53907 |  4228.759999999999 |           -17034.96
 Abraham                        | Deborah              | Mount Olive     | Riverview       |             2033 |                  0 |  -8671.539999999999
 Abrams                         | Amelia               | Enterprise      | Lincoln         |             1539 |                7.9 | -1944.2800000000004
 Abrams                         | Tammy                | Woodlawn        | Greenville      |            96604 |            2324.54 |            -3056.41
 Acker                          | Betty                | Florence        | Oak Ridge       |           218235 |            1071.41 |             3386.02
 Acker                          | Eric                 | Ruth            | Cedar Grove     |           152195 |            2264.93 |  -9795.789999999999
 Ackerman                       | Alfred               | Sulphur Springs | Mountain View   |            45947 |  676.9499999999999 |  -5903.580000000001
 Acosta                         | Amanda               | Morris          | Jamestown       |            95578 |                  0 |  -899.3899999999999
 Acosta                         | Lourdes              | Macedonia       | New Hope        |           109518 |            1137.25 |            -12687.3
 Acuna                          | Steven               | Springdale      | Oak Hill        |           162505 | 12003.740000000002 |           -22056.02
 Adair                          | Jesse                | Unionville      | Maple Grove     |           179555 |             172.69 | -5140.1900000000005
 Adam                           | Ariel                | Enterprise      | Crossroads      |           127578 |            2305.19 |           -15014.18
 Adam                           | Elizabeth            | Springfield     | Jackson         |            92423 |                  0 |            -6730.76
 Adam                           | Elizabeth            | Springfield     | Unionville      |            77951 |              47.34 |            -6596.13
 Adam                           | Jeanne               | Highland Park   | Florence        |           191594 |            1510.56 |            -21660.2
 Adam                           | Marjorie             | Enterprise      | Maple Grove     |           101488 |             200.51 | -11104.370000000003
 Adams                          | Billy                | Riverview       | Clearwater      |             6254 |            2788.98 |  -5824.490000000001
 Adams                          | Brittany             | Shore Acres     | Crossroads      |           163629 |  718.4000000000001 |           -12100.64
 Adams                          | Charles              | Caledonia       | Valley View     |           117602 | 3134.2799999999997 |  -6309.530000000001
 Adams                          | Doris                | White Oak       | Point Pleasant  |           223322 |            4667.96 | -13073.640000000001
 Adams                          | Doyle                | Farmington      | Oakland         |             9999 |             953.06 |            -4114.97
 Adams                          | Felicia              | Oak Ridge       | Red Hill        |            68150 | 1386.3799999999999 |           -22626.28
 Adams                          | Frank                | Springfield     | Riverdale       |            14786 |            5781.49 | -7290.2699999999995
 Adams                          | Jacqueline           | Stringtown      | Red Hill        |           100382 |            4317.18 |  363.51999999999975
 Adams                          | John                 | Shaw            | Sulphur Springs |            80869 |             148.94 |  -4433.889999999999
 Adams                          | Johnnie              | Glendale        | Fairfield       |            89203 |             477.36 |  -8078.310000000001
 Adams                          | Karen                | Fairfield       | Midway          |            36020 | 2739.6800000000003 |            -5902.93
 Adams                          | Lucy                 | Sunnyside       | Glenwood        |            10090 |            1820.63 | -21495.529999999995
 Adams                          | Mabel                | Deerfield       | Providence      |            95638 |            2695.96 |            -6334.29
 Adams                          | Melissa              | Woodland        | Mountain View   |           108471 |                  0 | -7177.1900000000005
 Adams                          | Miranda              | Harmony         | Lakeview        |            58510 |                  0 |            -3502.37
 Adams                          | Peggie               | Five Forks      | Fairfield       |            13369 |            1626.96 |           -15755.57
 Adams                          | Raymond              | Newtown         | Midway          |           116251 |            1107.92 |            -4695.93
 Adams                          | Richard              | Spring Valley   | Crossroads      |            96064 |             163.28 |           -10966.25
 Adams                          | Steven               | Franklin        | Riverview       |           230379 |            1606.74 | -15205.279999999999
 Adams                          | Todd                 | Spring Hill     | Union           |            40572 | 1753.5200000000002 | -12003.919999999998
 Adams                          | Willie               | Georgetown      | Lebanon         |            94712 |              12.09 |            -5911.77
 Adams                          |                      | Friendship      | Pleasant Valley |           137828 |             617.59 |           -11735.12
 Adamson                        | Ola                  | Farmington      | Mount Zion      |            54484 |            6681.11 |  -2025.040000000001
 Adcock                         | Elizabeth            | Newtown         | Wilson          |            79535 |                  0 |            -4111.75
 Adkins                         | Christa              | Clinton         | Five Points     |           156041 |               1237 | -12925.500000000002
 Adkins                         | Juan                 | Oak Ridge       | Bridgeport      |            90204 |             259.94 |           -10264.46
 Adkins                         | Luther               | Mountain View   | Unionville      |           101016 |            2068.12 |  -753.9300000000002
 Adkins                         | Matthew              | Springfield     | Woodlawn        |           226018 |                  0 | -1177.5900000000001
 Adkins                         | Starla               | Saratoga        | Harmony         |            25099 |             173.37 |            -9501.92
 Adkins                         | Starla               | Saratoga        | Pleasant Valley |            45845 |  4407.240000000001 |           -17094.43
 Adler                          | Shannon              | Golden          | Greenwood       |            38736 |                  0 |           -16468.28
 Agee                           | Eunice               | Belmont         | Concord         |            54709 | 3563.0399999999995 |             -5736.2
 Agee                           | Eunice               | Belmont         | Shady Grove     |            96317 |                  0 |            -1811.91
 Agnew                          | Christopher          | Waterloo        | Oak Grove       |           154488 |                  0 |            -5959.94
 Aguilar                        | Clare                | Fairfield       | Point Pleasant  |            88518 |             105.12 | -6855.1500000000015
 Aguilar                        | Isabel               | Macedonia       | Lakeview        |           121930 |                  0 |            -5316.09
 Aguilar                        | John                 | Harmony         | Hillcrest       |            12297 |             763.82 | -22617.020000000008
 Aguilar                        | Kendall              | Riverside       | Flatwoods       |            26631 |             464.97 |  -7279.280000000001
 Aguilar                        | Ora                  | Kingston        | Lakeview        |           164487 |              672.1 | -10882.179999999998
 Aguilar                        | Rhonda               | Lakeside        | Friendship      |           121615 |            1262.75 |           -13339.45
 Aguilar                        | Steven               | Lebanon         | Mount Zion      |            50900 |             687.61 | -11176.510000000002
 Aguilera                       | Mark                 | Newport         | Shady Grove     |           194864 |            2813.11 | -6095.2699999999995
 Aguilera                       | Stephen              | Arlington       | Mount Vernon    |           199599 |            5937.86 |           -18963.66
 Aguirre                        | Beth                 | Woodlawn        | New London      |           222092 |             438.74 |  -7368.139999999999
 Aguirre                        | Freddy               | Mount Olive     | Centerville     |           140088 | 2694.4500000000003 |  -3162.120000000001
 Aguirre                        | Melvin               | Friendship      | Glenwood        |            37494 |             1063.6 | -8063.9000000000015
 Aiello                         | Gina                 | Macedonia       | Murray          |           124210 |             773.16 | -14279.439999999999
 Akers                          | Lilian               | Lebanon         | Bridgeport      |           216944 | 1607.7600000000002 | -16277.669999999998
 Akers                          | Lilian               | Lebanon         | Clinton         |              178 |            9660.18 |           -11778.11
 Akers                          |                      | Shiloh          | Concord         |            29304 |            1018.17 |            -5115.32
 Akins                          | Cynthia              | Franklin        | Marion          |              248 |            1178.72 |            -2816.75
 Akins                          | Paula                | Williamsville   | Brentwood       |            77629 |  5864.249999999999 |  -9657.349999999999
 Albert                         | Christene            | Lakeview        | Pine Valley     |           201818 |            5220.82 |           -18661.59
 Albert                         | Howard               | Silver Creek    | Pine Grove      |            51237 |  4823.040000000001 |  -7923.370000000001
 Albert                         | Juan                 | Lakeside        | Waterloo        |           228007 |             732.84 |           -13731.24
 Albright                       | Charles              | Mountain View   | Rock Creek      |           182707 |             4571.6 | -10358.310000000001
 Alcala                         | Linda                | Jackson         | Franklin        |            68811 |                  0 |  2356.5799999999995
 Alcorn                         | Troy                 | Greenwood       | Riverview       |             8668 |            4072.07 |           -10756.27
 Aldridge                       | Ellsworth            | Greenfield      | Oakdale         |           191134 |  7611.469999999999 |            -8859.82
 Aldridge                       | Shawn                | Forest Hills    | Springdale      |            89241 |            9350.44 |           -17881.38
 Aleman                         | Florence             | Riverside       | Georgetown      |           100739 | 1788.6499999999999 | -10156.759999999998
 Aleman                         | Mark                 | Harmony         | Kingston        |           110213 |            3393.91 |           -13381.79
 Alexander                      | Jerry                | Oak Ridge       | Woodland        |             4147 |             179.38 | -1153.4900000000005
 Alexander                      | John                 | Bethel          | Greenfield      |           149317 |            2096.04 |            -1576.05
 Alexander                      | Michelle             | Greenville      | Walnut          |           158733 |            1595.28 |           -10479.08
 Alexander                      | Nancy                | Woodlawn        | Mount Vernon    |           112102 | 6666.4400000000005 |            -8207.39
 Alexander                      | Norman               | Riverview       | Hillcrest       |            48917 |             134.68 |             2013.64
 Alexander                      | Ronald               | Ferguson        | Greenville      |            51271 | 12604.419999999998 | -13072.910000000002
 Alexander                      | Tina                 | Mount Zion      | Woodville       |           144759 |  769.3399999999999 |            -7617.01
 Alexander                      | Virginia             | Cedar Grove     | Stringtown      |           164151 |            6098.67 |  -9555.569999999998
 Alfaro                         | Brandon              | Edgewood        | Franklin        |           189415 |                  0 | -6815.8099999999995
 Alfonso                        | Jimmy                | Red Hill        | Glendale        |            44076 |               2.68 |            -8199.86
 Alford                         | Brandon              | Greenville      | Newtown         |            58807 | 150.45000000000002 |  -8098.130000000001
 Alford                         | Louis                | Jamestown       | Farmington      |           142417 |            1226.45 |  -9962.159999999998
 Alford                         | Walter               | Springdale      | Oakland         |           136472 |  6132.860000000001 | -13511.210000000001
 Alford                         | Walter               | Springdale      | Walnut Grove    |            54166 |            3021.38 | -21421.760000000002
(100 rows)

UPDATE time_statistics SET e_time = TRANSACTION_TIMESTAMP() WHERE template = 'query46.tpl' AND stream = 6;
psql:/tmp/s1-basline/throughput/query_6.sql:3529: NOTICE:  duration: 0.107 ms  plan:
Query Text: UPDATE time_statistics SET e_time = TRANSACTION_TIMESTAMP() WHERE template = 'query46.tpl' AND stream = 6;
Update on time_statistics  (cost=0.00..21.46 rows=0 width=0) (actual time=0.107..0.107 rows=0 loops=1)
  ->  Seq Scan on time_statistics  (cost=0.00..21.46 rows=1 width=14) (actual time=0.092..0.093 rows=1 loops=1)
        Filter: ((template = 'query46.tpl'::text) AND (stream = 6))
        Rows Removed by Filter: 712
UPDATE 1
LOAD 'auto_explain'; SET auto_explain.log_min_duration TO 0; SET auto_explain.log_analyze TO on; SET auto_explain.log_level TO notice; INSERT INTO time_statistics (template, s_time, stream, query, seed) VALUES ('query83.tpl', TRANSACTION_TIMESTAMP(), 6, 71, 95453271);
LOAD
SET
SET
SET
psql:/tmp/s1-basline/throughput/query_6.sql:3530: NOTICE:  duration: 0.008 ms  plan:
Query Text: INSERT INTO time_statistics (template, s_time, stream, query, seed) VALUES ('query83.tpl', TRANSACTION_TIMESTAMP(), 6, 71, 95453271);
Insert on time_statistics  (cost=0.00..0.01 rows=0 width=0) (actual time=0.008..0.008 rows=0 loops=1)
  ->  Result  (cost=0.00..0.01 rows=1 width=64) (actual time=0.001..0.001 rows=1 loops=1)
INSERT 0 1
with sr_items as
 (select i_item_id item_id,
        sum(sr_return_quantity) sr_item_qty
 from store_returns,
      item,
      date_dim
 where sr_item_sk = i_item_sk
 and   d_date    in 
	(select d_date
	from date_dim
	where d_week_seq in 
		(select d_week_seq
		from date_dim
	  where d_date in ('2000-06-06','2000-08-26','2000-11-06')))
 and   sr_returned_date_sk   = d_date_sk
 group by i_item_id),
 cr_items as
 (select i_item_id item_id,
        sum(cr_return_quantity) cr_item_qty
 from catalog_returns,
      item,
      date_dim
 where cr_item_sk = i_item_sk
 and   d_date    in 
	(select d_date
	from date_dim
	where d_week_seq in 
		(select d_week_seq
		from date_dim
	  where d_date in ('2000-06-06','2000-08-26','2000-11-06')))
 and   cr_returned_date_sk   = d_date_sk
 group by i_item_id),
 wr_items as
 (select i_item_id item_id,
        sum(wr_return_quantity) wr_item_qty
 from web_returns,
      item,
      date_dim
 where wr_item_sk = i_item_sk
 and   d_date    in 
	(select d_date
	from date_dim
	where d_week_seq in 
		(select d_week_seq
		from date_dim
		where d_date in ('2000-06-06','2000-08-26','2000-11-06')))
 and   wr_returned_date_sk   = d_date_sk
 group by i_item_id)
  select  sr_items.item_id
       ,sr_item_qty
       ,sr_item_qty/(sr_item_qty+cr_item_qty+wr_item_qty)/3.0 * 100 sr_dev
       ,cr_item_qty
       ,cr_item_qty/(sr_item_qty+cr_item_qty+wr_item_qty)/3.0 * 100 cr_dev
       ,wr_item_qty
       ,wr_item_qty/(sr_item_qty+cr_item_qty+wr_item_qty)/3.0 * 100 wr_dev
       ,(sr_item_qty+cr_item_qty+wr_item_qty)/3.0 average
 from sr_items
     ,cr_items
     ,wr_items
 where sr_items.item_id=cr_items.item_id
   and sr_items.item_id=wr_items.item_id 
 order by sr_items.item_id
         ,sr_item_qty
 limit 100;
psql:/tmp/s1-basline/throughput/query_6.sql:3594: NOTICE:  duration: 64.484 ms  plan:
Query Text: with sr_items as
 (select i_item_id item_id,
        sum(sr_return_quantity) sr_item_qty
 from store_returns,
      item,
      date_dim
 where sr_item_sk = i_item_sk
 and   d_date    in 
	(select d_date
	from date_dim
	where d_week_seq in 
		(select d_week_seq
		from date_dim
	  where d_date in ('2000-06-06','2000-08-26','2000-11-06')))
 and   sr_returned_date_sk   = d_date_sk
 group by i_item_id),
 cr_items as
 (select i_item_id item_id,
        sum(cr_return_quantity) cr_item_qty
 from catalog_returns,
      item,
      date_dim
 where cr_item_sk = i_item_sk
 and   d_date    in 
	(select d_date
	from date_dim
	where d_week_seq in 
		(select d_week_seq
		from date_dim
	  where d_date in ('2000-06-06','2000-08-26','2000-11-06')))
 and   cr_returned_date_sk   = d_date_sk
 group by i_item_id),
 wr_items as
 (select i_item_id item_id,
        sum(wr_return_quantity) wr_item_qty
 from web_returns,
      item,
      date_dim
 where wr_item_sk = i_item_sk
 and   d_date    in 
	(select d_date
	from date_dim
	where d_week_seq in 
		(select d_week_seq
		from date_dim
		where d_date in ('2000-06-06','2000-08-26','2000-11-06')))
 and   wr_returned_date_sk   = d_date_sk
 group by i_item_id)
  select  sr_items.item_id
       ,sr_item_qty
       ,sr_item_qty/(sr_item_qty+cr_item_qty+wr_item_qty)/3.0 * 100 sr_dev
       ,cr_item_qty
       ,cr_item_qty/(sr_item_qty+cr_item_qty+wr_item_qty)/3.0 * 100 cr_dev
       ,wr_item_qty
       ,wr_item_qty/(sr_item_qty+cr_item_qty+wr_item_qty)/3.0 * 100 wr_dev
       ,(sr_item_qty+cr_item_qty+wr_item_qty)/3.0 average
 from sr_items
     ,cr_items
     ,wr_items
 where sr_items.item_id=cr_items.item_id
   and sr_items.item_id=wr_items.item_id 
 order by sr_items.item_id
         ,sr_item_qty
 limit 100;
Limit  (cost=7241.92..7241.95 rows=10 width=169) (actual time=64.443..64.459 rows=22 loops=1)
  ->  Sort  (cost=7241.92..7241.95 rows=10 width=169) (actual time=64.443..64.456 rows=22 loops=1)
        Sort Key: item.i_item_id, (sum(store_returns.sr_return_quantity))
        Sort Method: quicksort  Memory: 28kB
        ->  Merge Join  (cost=7236.60..7241.76 rows=10 width=169) (actual time=61.627..64.437 rows=22 loops=1)
              Merge Cond: (item.i_item_id = item_2.i_item_id)
              ->  Merge Join  (cost=4832.69..4835.89 rows=20 width=50) (actual time=42.839..44.940 rows=166 loops=1)
                    Merge Cond: (item.i_item_id = item_1.i_item_id)
                    ->  GroupAggregate  (cost=2459.57..2460.97 rows=80 width=25) (actual time=26.804..27.720 rows=2222 loops=1)
                          Group Key: item.i_item_id
                          ->  Sort  (cost=2459.57..2459.77 rows=80 width=21) (actual time=26.799..26.969 rows=2551 loops=1)
                                Sort Key: item.i_item_id
                                Sort Method: quicksort  Memory: 256kB
                                ->  Nested Loop  (cost=2333.94..2457.04 rows=80 width=21) (actual time=13.429..20.487 rows=2553 loops=1)
                                      ->  Nested Loop  (cost=2333.65..2432.24 rows=80 width=12) (actual time=13.422..16.221 rows=2553 loops=1)
                                            ->  Nested Loop  (cost=2333.23..2340.37 rows=21 width=8) (actual time=13.415..13.462 rows=21 loops=1)
                                                  ->  HashAggregate  (cost=2332.93..2333.14 rows=21 width=4) (actual time=13.409..13.416 rows=21 loops=1)
                                                        Group Key: date_dim_1.d_date
                                                        Batches: 1  Memory Usage: 24kB
                                                        ->  Hash Join  (cost=5.41..2332.88 rows=21 width=4) (actual time=6.578..13.407 rows=21 loops=1)
                                                              Hash Cond: (date_dim_1.d_week_seq = date_dim_2.d_week_seq)
                                                              ->  Seq Scan on date_dim date_dim_1  (cost=0.00..2135.49 rows=73049 width=8) (actual time=0.003..4.807 rows=73049 loops=1)
                                                              ->  Hash  (cost=5.37..5.37 rows=3 width=4) (actual time=0.030..0.032 rows=3 loops=1)
                                                                    Buckets: 1024  Batches: 1  Memory Usage: 9kB
                                                                    ->  HashAggregate  (cost=5.34..5.37 rows=3 width=4) (actual time=0.028..0.029 rows=3 loops=1)
                                                                          Group Key: date_dim_2.d_week_seq
                                                                          Batches: 1  Memory Usage: 24kB
                                                                          ->  Index Scan using i_d_date on date_dim date_dim_2  (cost=0.29..5.33 rows=3 width=4) (actual time=0.020..0.025 rows=3 loops=1)
                                                                                Index Cond: (d_date = ANY ('{2000-06-06,2000-08-26,2000-11-06}'::date[]))
                                                  ->  Index Scan using i_d_date on date_dim  (cost=0.29..0.33 rows=1 width=12) (actual time=0.002..0.002 rows=1 loops=21)
                                                        Index Cond: (d_date = date_dim_1.d_date)
                                            ->  Index Scan using i_sr_returned_date_sk on store_returns  (cost=0.42..2.97 rows=140 width=20) (actual time=0.003..0.115 rows=122 loops=21)
                                                  Index Cond: (sr_returned_date_sk = date_dim.d_date_sk)
                                      ->  Index Scan using pk_item on item  (cost=0.29..0.31 rows=1 width=25) (actual time=0.001..0.001 rows=1 loops=2553)
                                            Index Cond: (i_item_sk = store_returns.sr_item_sk)
                    ->  GroupAggregate  (cost=2373.12..2373.47 rows=20 width=25) (actual time=16.026..16.314 rows=763 loops=1)
                          Group Key: item_1.i_item_id
                          ->  Sort  (cost=2373.12..2373.17 rows=20 width=21) (actual time=16.023..16.065 rows=796 loops=1)
                                Sort Key: item_1.i_item_id
                                Sort Method: quicksort  Memory: 74kB
                                ->  Nested Loop  (cost=2333.81..2372.69 rows=20 width=21) (actual time=12.244..14.342 rows=796 loops=1)
                                      ->  Nested Loop  (cost=2333.52..2366.19 rows=20 width=12) (actual time=12.240..13.074 rows=796 loops=1)
                                            ->  Nested Loop  (cost=2333.23..2340.37 rows=21 width=8) (actual time=12.232..12.270 rows=21 loops=1)
                                                  ->  HashAggregate  (cost=2332.93..2333.14 rows=21 width=4) (actual time=12.228..12.233 rows=21 loops=1)
                                                        Group Key: date_dim_4.d_date
                                                        Batches: 1  Memory Usage: 24kB
                                                        ->  Hash Join  (cost=5.41..2332.88 rows=21 width=4) (actual time=6.207..12.224 rows=21 loops=1)
                                                              Hash Cond: (date_dim_4.d_week_seq = date_dim_5.d_week_seq)
                                                              ->  Seq Scan on date_dim date_dim_4  (cost=0.00..2135.49 rows=73049 width=8) (actual time=0.004..4.595 rows=73049 loops=1)
                                                              ->  Hash  (cost=5.37..5.37 rows=3 width=4) (actual time=0.011..0.012 rows=3 loops=1)
                                                                    Buckets: 1024  Batches: 1  Memory Usage: 9kB
                                                                    ->  HashAggregate  (cost=5.34..5.37 rows=3 width=4) (actual time=0.009..0.010 rows=3 loops=1)
                                                                          Group Key: date_dim_5.d_week_seq
                                                                          Batches: 1  Memory Usage: 24kB
                                                                          ->  Index Scan using i_d_date on date_dim date_dim_5  (cost=0.29..5.33 rows=3 width=4) (actual time=0.004..0.007 rows=3 loops=1)
                                                                                Index Cond: (d_date = ANY ('{2000-06-06,2000-08-26,2000-11-06}'::date[]))
                                                  ->  Index Scan using i_d_date on date_dim date_dim_3  (cost=0.29..0.33 rows=1 width=12) (actual time=0.001..0.001 rows=1 loops=21)
                                                        Index Cond: (d_date = date_dim_4.d_date)
                                            ->  Index Scan using i_wr_returned_date_sk on web_returns  (cost=0.29..0.90 rows=33 width=20) (actual time=0.002..0.032 rows=38 loops=21)
                                                  Index Cond: (wr_returned_date_sk = date_dim_3.d_date_sk)
                                      ->  Index Scan using pk_item on item item_1  (cost=0.29..0.32 rows=1 width=25) (actual time=0.001..0.001 rows=1 loops=796)
                                            Index Cond: (i_item_sk = web_returns.wr_item_sk)
              ->  GroupAggregate  (cost=2403.91..2404.65 rows=42 width=25) (actual time=18.545..19.032 rows=1344 loops=1)
                    Group Key: item_2.i_item_id
                    ->  Sort  (cost=2403.91..2404.02 rows=42 width=21) (actual time=18.541..18.601 rows=1448 loops=1)
                          Sort Key: item_2.i_item_id
                          Sort Method: quicksort  Memory: 141kB
                          ->  Nested Loop  (cost=2333.81..2402.78 rows=42 width=21) (actual time=11.456..15.047 rows=1477 loops=1)
                                ->  Nested Loop  (cost=2333.52..2389.55 rows=42 width=12) (actual time=11.451..12.761 rows=1477 loops=1)
                                      ->  Nested Loop  (cost=2333.23..2340.37 rows=21 width=8) (actual time=11.443..11.482 rows=21 loops=1)
                                            ->  HashAggregate  (cost=2332.93..2333.14 rows=21 width=4) (actual time=11.439..11.444 rows=21 loops=1)
                                                  Group Key: date_dim_7.d_date
                                                  Batches: 1  Memory Usage: 24kB
                                                  ->  Hash Join  (cost=5.41..2332.88 rows=21 width=4) (actual time=5.738..11.435 rows=21 loops=1)
                                                        Hash Cond: (date_dim_7.d_week_seq = date_dim_8.d_week_seq)
                                                        ->  Seq Scan on date_dim date_dim_7  (cost=0.00..2135.49 rows=73049 width=8) (actual time=0.003..4.461 rows=73049 loops=1)
                                                        ->  Hash  (cost=5.37..5.37 rows=3 width=4) (actual time=0.010..0.011 rows=3 loops=1)
                                                              Buckets: 1024  Batches: 1  Memory Usage: 9kB
                                                              ->  HashAggregate  (cost=5.34..5.37 rows=3 width=4) (actual time=0.009..0.009 rows=3 loops=1)
                                                                    Group Key: date_dim_8.d_week_seq
                                                                    Batches: 1  Memory Usage: 24kB
                                                                    ->  Index Scan using i_d_date on date_dim date_dim_8  (cost=0.29..5.33 rows=3 width=4) (actual time=0.004..0.007 rows=3 loops=1)
                                                                          Index Cond: (d_date = ANY ('{2000-06-06,2000-08-26,2000-11-06}'::date[]))
                                            ->  Index Scan using i_d_date on date_dim date_dim_6  (cost=0.29..0.33 rows=1 width=12) (actual time=0.001..0.001 rows=1 loops=21)
                                                  Index Cond: (d_date = date_dim_7.d_date)
                                      ->  Index Scan using i_cr_returned_date_sk on catalog_returns  (cost=0.29..1.62 rows=72 width=20) (actual time=0.002..0.050 rows=70 loops=21)
                                            Index Cond: (cr_returned_date_sk = date_dim_6.d_date_sk)
                                ->  Index Scan using pk_item on item item_2  (cost=0.29..0.31 rows=1 width=25) (actual time=0.001..0.001 rows=1 loops=1477)
                                      Index Cond: (i_item_sk = catalog_returns.cr_item_sk)
     item_id      | sr_item_qty |         sr_dev         | cr_item_qty |         cr_dev         | wr_item_qty |         wr_dev         |       average       
------------------+-------------+------------------------+-------------+------------------------+-------------+------------------------+---------------------
 AAAAAAAAAOIBAAAA |          55 | 0.00000000000000000000 |           1 | 0.00000000000000000000 |          24 | 0.00000000000000000000 | 26.6666666666666667
 AAAAAAAABGJDAAAA |          38 | 0.00000000000000000000 |          46 | 0.00000000000000000000 |          32 | 0.00000000000000000000 | 38.6666666666666667
 AAAAAAAABJFEAAAA |           1 | 0.00000000000000000000 |           6 | 0.00000000000000000000 |          14 | 0.00000000000000000000 |  7.0000000000000000
 AAAAAAAACAHBAAAA |          45 | 0.00000000000000000000 |          13 | 0.00000000000000000000 |           9 | 0.00000000000000000000 | 22.3333333333333333
 AAAAAAAACGHCAAAA |          41 | 0.00000000000000000000 |           7 | 0.00000000000000000000 |           1 | 0.00000000000000000000 | 16.3333333333333333
 AAAAAAAADMNAAAAA |           5 | 0.00000000000000000000 |          39 | 0.00000000000000000000 |          70 | 0.00000000000000000000 | 38.0000000000000000
 AAAAAAAAEAFCAAAA |           8 | 0.00000000000000000000 |          80 | 0.00000000000000000000 |           2 | 0.00000000000000000000 | 30.0000000000000000
 AAAAAAAAEDAAAAAA |             |                        |          18 |                        |           4 |                        |                    
 AAAAAAAAEDAEAAAA |          62 | 0.00000000000000000000 |          32 | 0.00000000000000000000 |          44 | 0.00000000000000000000 | 46.0000000000000000
 AAAAAAAAFAHBAAAA |          24 | 0.00000000000000000000 |           6 | 0.00000000000000000000 |          30 | 0.00000000000000000000 | 20.0000000000000000
 AAAAAAAAFJNBAAAA |          48 | 0.00000000000000000000 |           9 | 0.00000000000000000000 |          10 | 0.00000000000000000000 | 22.3333333333333333
 AAAAAAAAFLPDAAAA |          31 | 0.00000000000000000000 |          50 | 0.00000000000000000000 |           2 | 0.00000000000000000000 | 27.6666666666666667
 AAAAAAAAIPOAAAAA |          41 | 0.00000000000000000000 |          73 | 0.00000000000000000000 |          92 | 0.00000000000000000000 | 68.6666666666666667
 AAAAAAAAKHIAAAAA |          17 | 0.00000000000000000000 |           8 | 0.00000000000000000000 |          51 | 0.00000000000000000000 | 25.3333333333333333
 AAAAAAAAKMJBAAAA |          50 | 0.00000000000000000000 |           9 | 0.00000000000000000000 |          56 | 0.00000000000000000000 | 38.3333333333333333
 AAAAAAAALLMAAAAA |           7 | 0.00000000000000000000 |           7 | 0.00000000000000000000 |          31 | 0.00000000000000000000 | 15.0000000000000000
 AAAAAAAALNABAAAA |           5 | 0.00000000000000000000 |          27 | 0.00000000000000000000 |          14 | 0.00000000000000000000 | 15.3333333333333333
 AAAAAAAALOCEAAAA |          76 | 0.00000000000000000000 |          31 | 0.00000000000000000000 |           8 | 0.00000000000000000000 | 38.3333333333333333
 AAAAAAAAMDEEAAAA |          31 | 0.00000000000000000000 |          22 | 0.00000000000000000000 |          52 | 0.00000000000000000000 | 35.0000000000000000
 AAAAAAAAMIJDAAAA |          92 | 0.00000000000000000000 |           1 | 0.00000000000000000000 |          36 | 0.00000000000000000000 | 43.0000000000000000
 AAAAAAAAMNJAAAAA |          57 | 0.00000000000000000000 |          15 | 0.00000000000000000000 |          13 | 0.00000000000000000000 | 28.3333333333333333
 AAAAAAAAPGCCAAAA |          38 | 0.00000000000000000000 |          10 | 0.00000000000000000000 |          29 | 0.00000000000000000000 | 25.6666666666666667
(22 rows)

UPDATE time_statistics SET e_time = TRANSACTION_TIMESTAMP() WHERE template = 'query83.tpl' AND stream = 6;
psql:/tmp/s1-basline/throughput/query_6.sql:3596: NOTICE:  duration: 0.105 ms  plan:
Query Text: UPDATE time_statistics SET e_time = TRANSACTION_TIMESTAMP() WHERE template = 'query83.tpl' AND stream = 6;
Update on time_statistics  (cost=0.00..21.46 rows=0 width=0) (actual time=0.104..0.105 rows=0 loops=1)
  ->  Seq Scan on time_statistics  (cost=0.00..21.46 rows=1 width=14) (actual time=0.090..0.091 rows=1 loops=1)
        Filter: ((template = 'query83.tpl'::text) AND (stream = 6))
        Rows Removed by Filter: 713
UPDATE 1
LOAD 'auto_explain'; SET auto_explain.log_min_duration TO 0; SET auto_explain.log_analyze TO on; SET auto_explain.log_level TO notice; INSERT INTO time_statistics (template, s_time, stream, query, seed) VALUES ('query96.tpl', TRANSACTION_TIMESTAMP(), 6, 72, 297147815);
LOAD
SET
SET
SET
psql:/tmp/s1-basline/throughput/query_6.sql:3597: NOTICE:  duration: 0.008 ms  plan:
Query Text: INSERT INTO time_statistics (template, s_time, stream, query, seed) VALUES ('query96.tpl', TRANSACTION_TIMESTAMP(), 6, 72, 297147815);
Insert on time_statistics  (cost=0.00..0.01 rows=0 width=0) (actual time=0.008..0.008 rows=0 loops=1)
  ->  Result  (cost=0.00..0.01 rows=1 width=64) (actual time=0.001..0.001 rows=1 loops=1)
INSERT 0 1
select  count(*) 
from store_sales
    ,household_demographics 
    ,time_dim, store
where ss_sold_time_sk = time_dim.t_time_sk   
    and ss_hdemo_sk = household_demographics.hd_demo_sk 
    and ss_store_sk = s_store_sk
    and time_dim.t_hour = 8
    and time_dim.t_minute >= 30
    and household_demographics.hd_dep_count = 8
    and store.s_store_name = 'ese'
order by count(*)
limit 100;
psql:/tmp/s1-basline/throughput/query_6.sql:3610: NOTICE:  duration: 313.518 ms  plan:
Query Text: select  count(*) 
from store_sales
    ,household_demographics 
    ,time_dim, store
where ss_sold_time_sk = time_dim.t_time_sk   
    and ss_hdemo_sk = household_demographics.hd_demo_sk 
    and ss_store_sk = s_store_sk
    and time_dim.t_hour = 8
    and time_dim.t_minute >= 30
    and household_demographics.hd_dep_count = 8
    and store.s_store_name = 'ese'
order by count(*)
limit 100;
Limit  (cost=92657.46..92657.47 rows=1 width=8) (actual time=243.584..313.511 rows=1 loops=1)
  ->  Sort  (cost=92657.46..92657.47 rows=1 width=8) (actual time=243.583..313.509 rows=1 loops=1)
        Sort Key: (count(*))
        Sort Method: quicksort  Memory: 25kB
        ->  Finalize Aggregate  (cost=92657.44..92657.45 rows=1 width=8) (actual time=243.579..313.505 rows=1 loops=1)
              ->  Gather  (cost=92657.23..92657.44 rows=2 width=8) (actual time=243.463..313.501 rows=3 loops=1)
                    Workers Planned: 2
                    Workers Launched: 2
                    ->  Partial Aggregate  (cost=91657.23..91657.24 rows=1 width=8) (actual time=239.066..239.070 rows=1 loops=3)
                          ->  Hash Join  (cost=2925.41..91656.78 rows=179 width=0) (actual time=36.340..239.045 rows=342 loops=3)
                                Hash Cond: (store_sales.ss_store_sk = store.s_store_sk)
                                ->  Hash Join  (cost=2924.25..91647.70 rows=2258 width=8) (actual time=16.606..238.705 rows=1813 loops=3)
                                      Hash Cond: (store_sales.ss_hdemo_sk = household_demographics.hd_demo_sk)
                                      ->  Hash Join  (cost=2765.25..91426.51 rows=23678 width=16) (actual time=12.731..236.305 rows=17681 loops=3)
                                            Hash Cond: (store_sales.ss_sold_time_sk = time_dim.t_time_sk)
                                            ->  Parallel Seq Scan on store_sales  (cost=0.00..85499.45 rows=1204445 width=24) (actual time=0.013..120.535 rows=948150 loops=3)
                                            ->  Hash  (cost=2743.00..2743.00 rows=1780 width=8) (actual time=12.552..12.553 rows=1800 loops=3)
                                                  Buckets: 2048  Batches: 1  Memory Usage: 87kB
                                                  ->  Seq Scan on time_dim  (cost=0.00..2743.00 rows=1780 width=8) (actual time=4.526..12.330 rows=1800 loops=3)
                                                        Filter: ((t_minute >= 30) AND (t_hour = 8))
                                                        Rows Removed by Filter: 84600
                                      ->  Hash  (cost=150.00..150.00 rows=720 width=8) (actual time=1.023..1.024 rows=720 loops=3)
                                            Buckets: 1024  Batches: 1  Memory Usage: 37kB
                                            ->  Seq Scan on household_demographics  (cost=0.00..150.00 rows=720 width=8) (actual time=0.148..0.938 rows=720 loops=3)
                                                  Filter: (hd_dep_count = 8)
                                                  Rows Removed by Filter: 6480
                                ->  Hash  (cost=1.15..1.15 rows=1 width=8) (actual time=0.029..0.030 rows=1 loops=3)
                                      Buckets: 1024  Batches: 1  Memory Usage: 9kB
                                      ->  Seq Scan on store  (cost=0.00..1.15 rows=1 width=8) (actual time=0.025..0.026 rows=1 loops=3)
                                            Filter: ((s_store_name)::text = 'ese'::text)
                                            Rows Removed by Filter: 11
 count 
-------
  1026
(1 row)

UPDATE time_statistics SET e_time = TRANSACTION_TIMESTAMP() WHERE template = 'query96.tpl' AND stream = 6;
psql:/tmp/s1-basline/throughput/query_6.sql:3612: NOTICE:  duration: 0.105 ms  plan:
Query Text: UPDATE time_statistics SET e_time = TRANSACTION_TIMESTAMP() WHERE template = 'query96.tpl' AND stream = 6;
Update on time_statistics  (cost=0.00..21.46 rows=0 width=0) (actual time=0.105..0.105 rows=0 loops=1)
  ->  Seq Scan on time_statistics  (cost=0.00..21.46 rows=1 width=14) (actual time=0.090..0.090 rows=1 loops=1)
        Filter: ((template = 'query96.tpl'::text) AND (stream = 6))
        Rows Removed by Filter: 714
UPDATE 1
LOAD 'auto_explain'; SET auto_explain.log_min_duration TO 0; SET auto_explain.log_analyze TO on; SET auto_explain.log_level TO notice; INSERT INTO time_statistics (template, s_time, stream, query, seed) VALUES ('query68.tpl', TRANSACTION_TIMESTAMP(), 6, 73, 1075056810);
LOAD
SET
SET
SET
psql:/tmp/s1-basline/throughput/query_6.sql:3613: NOTICE:  duration: 0.008 ms  plan:
Query Text: INSERT INTO time_statistics (template, s_time, stream, query, seed) VALUES ('query68.tpl', TRANSACTION_TIMESTAMP(), 6, 73, 1075056810);
Insert on time_statistics  (cost=0.00..0.01 rows=0 width=0) (actual time=0.008..0.008 rows=0 loops=1)
  ->  Result  (cost=0.00..0.01 rows=1 width=64) (actual time=0.001..0.002 rows=1 loops=1)
INSERT 0 1
select  c_last_name
       ,c_first_name
       ,ca_city
       ,bought_city
       ,ss_ticket_number
       ,extended_price
       ,extended_tax
       ,list_price
 from (select ss_ticket_number
             ,ss_customer_sk
             ,ca_city bought_city
             ,sum(ss_ext_sales_price) extended_price 
             ,sum(ss_ext_list_price) list_price
             ,sum(ss_ext_tax) extended_tax 
       from store_sales
           ,date_dim
           ,store
           ,household_demographics
           ,customer_address 
       where store_sales.ss_sold_date_sk = date_dim.d_date_sk
         and store_sales.ss_store_sk = store.s_store_sk  
        and store_sales.ss_hdemo_sk = household_demographics.hd_demo_sk
        and store_sales.ss_addr_sk = customer_address.ca_address_sk
        and date_dim.d_dom between 1 and 2 
        and (household_demographics.hd_dep_count = 0 or
             household_demographics.hd_vehicle_count= 4)
        and date_dim.d_year in (1998,1998+1,1998+2)
        and store.s_city in ('Midway','Fairview')
       group by ss_ticket_number
               ,ss_customer_sk
               ,ss_addr_sk,ca_city) dn
      ,customer
      ,customer_address current_addr
 where ss_customer_sk = c_customer_sk
   and customer.c_current_addr_sk = current_addr.ca_address_sk
   and current_addr.ca_city <> bought_city
 order by c_last_name
         ,ss_ticket_number
 limit 100;
psql:/tmp/s1-basline/throughput/query_6.sql:3652: NOTICE:  duration: 260.450 ms  plan:
Query Text: select  c_last_name
       ,c_first_name
       ,ca_city
       ,bought_city
       ,ss_ticket_number
       ,extended_price
       ,extended_tax
       ,list_price
 from (select ss_ticket_number
             ,ss_customer_sk
             ,ca_city bought_city
             ,sum(ss_ext_sales_price) extended_price 
             ,sum(ss_ext_list_price) list_price
             ,sum(ss_ext_tax) extended_tax 
       from store_sales
           ,date_dim
           ,store
           ,household_demographics
           ,customer_address 
       where store_sales.ss_sold_date_sk = date_dim.d_date_sk
         and store_sales.ss_store_sk = store.s_store_sk  
        and store_sales.ss_hdemo_sk = household_demographics.hd_demo_sk
        and store_sales.ss_addr_sk = customer_address.ca_address_sk
        and date_dim.d_dom between 1 and 2 
        and (household_demographics.hd_dep_count = 0 or
             household_demographics.hd_vehicle_count= 4)
        and date_dim.d_year in (1998,1998+1,1998+2)
        and store.s_city in ('Midway','Fairview')
       group by ss_ticket_number
               ,ss_customer_sk
               ,ss_addr_sk,ca_city) dn
      ,customer
      ,customer_address current_addr
 where ss_customer_sk = c_customer_sk
   and customer.c_current_addr_sk = current_addr.ca_address_sk
   and current_addr.ca_city <> bought_city
 order by c_last_name
         ,ss_ticket_number
 limit 100;
Limit  (cost=77271.87..77272.12 rows=100 width=102) (actual time=260.345..260.358 rows=100 loops=1)
  ->  Sort  (cost=77271.87..77273.34 rows=589 width=102) (actual time=260.344..260.351 rows=100 loops=1)
        Sort Key: customer.c_last_name, store_sales.ss_ticket_number
        Sort Method: top-N heapsort  Memory: 48kB
        ->  Nested Loop  (cost=75978.47..77249.36 rows=589 width=102) (actual time=243.167..258.917 rows=2171 loops=1)
              Join Filter: ((current_addr.ca_city)::text <> (customer_address.ca_city)::text)
              Rows Removed by Join Filter: 140
              ->  Nested Loop  (cost=75978.18..77052.29 rows=590 width=101) (actual time=243.161..254.835 rows=2311 loops=1)
                    ->  GroupAggregate  (cost=75977.89..75995.59 rows=590 width=57) (actual time=243.150..249.615 rows=2396 loops=1)
                          Group Key: store_sales.ss_ticket_number, store_sales.ss_customer_sk, store_sales.ss_addr_sk, customer_address.ca_city
                          ->  Sort  (cost=75977.89..75979.36 rows=590 width=57) (actual time=243.138..244.185 rows=25452 loops=1)
                                Sort Key: store_sales.ss_ticket_number, store_sales.ss_customer_sk, store_sales.ss_addr_sk, customer_address.ca_city
                                Sort Method: quicksort  Memory: 3289kB
                                ->  Nested Loop  (cost=1.00..75950.74 rows=590 width=57) (actual time=4.717..234.024 rows=25452 loops=1)
                                      ->  Nested Loop  (cost=0.71..75760.40 rows=618 width=48) (actual time=4.710..201.442 rows=25593 loops=1)
                                            Join Filter: (store_sales.ss_store_sk = store.s_store_sk)
                                            Rows Removed by Join Filter: 113444
                                            ->  Nested Loop  (cost=0.71..75650.32 rows=649 width=56) (actual time=4.701..185.443 rows=25905 loops=1)
                                                  ->  Nested Loop  (cost=0.43..74820.03 rows=2722 width=64) (actual time=4.633..61.518 rows=105280 loops=1)
                                                        ->  Seq Scan on date_dim  (cost=0.00..2774.67 rows=72 width=8) (actual time=4.623..9.884 rows=72 loops=1)
                                                              Filter: ((d_dom >= 1) AND (d_dom <= 2) AND (d_year = ANY ('{1998,1999,2000}'::integer[])))
                                                              Rows Removed by Filter: 72977
                                                        ->  Index Scan using i_ss_sold_date_sk on store_sales  (cost=0.43..985.48 rows=1515 width=72) (actual time=0.005..0.436 rows=1462 loops=72)
                                                              Index Cond: (ss_sold_date_sk = date_dim.d_date_sk)
                                                  ->  Index Scan using pk_household_demographics on household_demographics  (cost=0.28..0.31 rows=1 width=8) (actual time=0.001..0.001 rows=0 loops=105280)
                                                        Index Cond: (hd_demo_sk = store_sales.ss_hdemo_sk)
                                                        Filter: ((hd_dep_count = 0) OR (hd_vehicle_count = 4))
                                                        Rows Removed by Filter: 1
                                            ->  Materialize  (cost=0.00..1.21 rows=12 width=8) (actual time=0.000..0.000 rows=5 loops=25905)
                                                  ->  Seq Scan on store  (cost=0.00..1.15 rows=12 width=8) (actual time=0.003..0.007 rows=12 loops=1)
                                                        Filter: ((s_city)::text = ANY ('{Midway,Fairview}'::text[]))
                                      ->  Index Scan using pk_customer_address on customer_address  (cost=0.29..0.31 rows=1 width=17) (actual time=0.001..0.001 rows=1 loops=25593)
                                            Index Cond: (ca_address_sk = store_sales.ss_addr_sk)
                    ->  Index Scan using pk_customer on customer  (cost=0.29..1.78 rows=1 width=68) (actual time=0.002..0.002 rows=1 loops=2396)
                          Index Cond: (c_customer_sk = store_sales.ss_customer_sk)
              ->  Index Scan using pk_customer_address on customer_address current_addr  (cost=0.29..0.32 rows=1 width=17) (actual time=0.001..0.001 rows=1 loops=2311)
                    Index Cond: (ca_address_sk = customer.c_current_addr_sk)
          c_last_name           |     c_first_name     |     ca_city     |   bought_city   | ss_ticket_number |   extended_price   |    extended_tax    |     list_price     
--------------------------------+----------------------+-----------------+-----------------+------------------+--------------------+--------------------+--------------------
 Ackerman                       | Geneva               | Antioch         | Brownsville     |            48685 |           13325.69 |             757.36 |           24645.64
 Acosta                         | Rhonda               | Lakeside        | Ashland         |           136446 |  6872.789999999999 |              87.05 |            26284.5
 Acosta                         | Leona                | Spring Hill     | Highland        |           159313 |           18622.34 |             782.96 |           34732.21
 Adam                           | Joe                  | Oakwood         | Elkton          |            15224 |           14912.72 |              952.9 | 24767.240000000005
 Adam                           | Adam                 | Mount Pleasant  | Edgewood        |           107408 |           36590.43 | 1239.0499999999997 |           62750.32
 Adams                          | Donald               | Wilson          | Ashland         |            27145 |            23274.9 |  847.3999999999999 | 35081.799999999996
 Adams                          | Lawrence             | Kingston        | Woodland        |            80543 | 3956.9300000000003 |             146.53 |            9517.09
 Adams                          | Harry                | Adrian          | Buena Vista     |           184200 | 12841.289999999999 |             517.17 |           25636.11
 Adkins                         |                      | Sulphur Springs | Antioch         |           128720 |           12684.08 |             568.67 | 27999.190000000002
 Agee                           | Clarence             | Kingston        | Lakewood        |           191995 | 32636.640000000003 |            1095.53 | 64380.240000000005
 Aguilar                        | Maxine               | Providence      | Highland Park   |            65483 |            33495.4 |             1758.8 |  72301.40999999999
 Akers                          | Diane                | Cedar Grove     | White Oak       |            57940 | 25540.609999999997 |            1072.73 |  37185.40000000001
 Akers                          | Harriett             | Antioch         | Kingston        |           212353 | 34160.689999999995 |            1388.08 |           71793.69
 Akins                          | Sara                 | Friendship      | Oakland         |           195148 | 20864.380000000005 |  811.1499999999999 |  44247.85999999999
 Albers                         | Jill                 | Newport         | Wesley          |           224379 |           25953.48 |            1426.84 |            51948.6
 Albrecht                       | John                 | Walnut Grove    | Spring Hill     |           180120 |             9607.4 |             342.85 |           28292.46
 Albrecht                       | Irene                | Plainville      | Warwick         |           182372 | 20464.760000000002 |  857.0400000000001 |           38466.08
 Albrecht                       | Faye                 | Red Hill        | Florence        |           219263 | 10990.750000000002 |             337.84 |           25987.52
 Albright                       | Charles              | Mountain View   | Rock Creek      |           182707 | 20731.210000000006 |             785.87 |           41753.05
 Alcala                         | Kristen              | Frankfort       | Salem           |           170167 |           46513.19 |            1532.62 |           72933.42
 Alexander                      | Carole               | Ferguson        | Pleasant Grove  |            82928 |           18037.37 |             397.06 |           40672.65
 Alexander                      |                      | Mount Olive     | New Hope        |            85043 |           24205.84 |              985.9 | 51327.270000000004
 Alexander                      | Rogelio              | Lakewood        | Georgetown      |            97224 | 26650.320000000003 |            1787.77 |           54759.43
 Alexander                      | Laura                | Wilson          | Jamestown       |           102416 |           14718.09 |  784.2499999999999 |           40543.35
 Alfonso                        | Jimmy                | Red Hill        | Hillcrest       |            68590 |           44148.58 |            2238.74 |  73736.45999999999
 Allen                          | Vanessa              | Riverview       | Lincoln         |            37538 |           15822.52 |             769.56 | 32800.350000000006
 Allen                          | Jimmie               | Georgetown      | Edgewood        |           135934 | 27578.430000000004 |            1135.67 |           53210.86
 Allen                          | Iva                  | Waterloo        | Highland Park   |           145327 | 18035.550000000003 |             457.53 | 28472.800000000003
 Allen                          | Ted                  | Mount Olive     | Riverview       |           177477 |           20907.95 |  823.6800000000001 | 28395.949999999997
 Allen                          | Jackie               | Center Hill     | New Hope        |           210419 |            19962.9 |            1061.36 |           27410.06
 Allen                          | Leonard              | Oneida          | Bunker Hill     |           238501 |            23157.8 |              315.5 |           28135.23
 Alley                          | Rebecca              | Jamestown       | Stringtown      |           151067 |  38440.36000000001 | 1922.3799999999999 |           70283.04
 Alvarez                        | Emma                 | Shady Grove     | Antioch         |           194657 |           20618.05 |              458.8 |  48881.98000000001
 Ames                           | Marcus               | Mount Vernon    | Springdale      |           107438 |           10467.96 |             733.55 | 44395.479999999996
 Amos                           | Amanda               | Pleasant Hill   | Macedonia       |           222026 |           16371.44 |  585.5699999999999 | 27297.359999999997
 Amos                           | Amanda               | Pleasant Hill   | Highland Park   |           237872 |           22589.27 |            1132.16 |  50561.17999999999
 Anderson                       | Thomas               | Bethel          | Brownsville     |            10466 | 24198.769999999997 |            1078.36 |           51242.48
 Anderson                       | Kenneth              | Georgetown      | Unionville      |            21198 |           34393.13 | 1089.2600000000002 |           66665.57
 Anderson                       | Calvin               | Spring Valley   | Lakeside        |            35941 | 18604.660000000003 |             799.84 |           37524.01
 Anderson                       | Richard              | Enterprise      | Mount Vernon    |            60833 |           50055.62 |             2756.1 |  78654.85999999997
 Anderson                       | Elizabeth            | Mount Olive     | Woodlawn        |           113222 |           10024.43 |             492.35 |           26009.57
 Anderson                       | Tatyana              | Centerville     | Belmont         |           115105 |           23279.43 |  725.8000000000001 |           46359.08
 Anderson                       | William              | Woodland Park   | Florence        |           128612 | 23976.199999999997 |            1293.01 | 59554.039999999986
 Anderson                       | Janette              | Cedar Grove     | Antioch         |           158706 | 6815.0599999999995 | 245.80999999999997 |           11097.91
 Anderson                       | Katherine            | Oakdale         | Fairfield       |           161964 |           10986.22 |             131.71 | 13428.800000000001
 Anderson                       | Rachel               | Maple Grove     | Antioch         |           165105 | 14132.480000000001 |             854.41 | 37944.340000000004
 Anderson                       | Holly                | Summit          | Marion          |           191598 |           21741.16 |  744.8499999999999 |           40756.47
 Anderson                       | Katie                | Brownsville     | Highland        |           227112 | 22947.550000000003 | 1167.6899999999998 |           34824.86
 Andrews                        | Bonita               | Greenfield      | Union Hill      |           154905 | 36734.060000000005 | 1995.9799999999998 | 50096.240000000005
 Andrus                         | Ed                   | Lebanon         | Shiloh          |           190764 | 15564.009999999998 |             592.02 | 32104.440000000002
 Aragon                         | Ricky                | Belmont         | Newtown         |           122625 |           15826.14 |  707.3099999999998 |           36301.57
 Archuleta                      | Oscar                | Five Points     | Newtown         |           112972 |           32892.61 |            1723.93 |           63285.04
 Armenta                        | Earl                 | Mount Vernon    | Oakdale         |           102728 |           22387.27 |             840.02 |           61872.17
 Armstrong                      | Amanda               | Woodville       | Fowler          |            79423 |           16615.54 |              697.8 | 32104.930000000004
 Armstrong                      | Dave                 | Enterprise      | Roscoe          |           121289 |           19105.53 |            1147.43 |           33923.76
 Armstrong                      | Junior               | Lakeview        | Sunnyside       |           125171 | 24554.729999999996 | 1500.2999999999997 | 40922.770000000004
 Armstrong                      | Kelsey               | Friendship      | Deerfield       |           172023 | 17517.600000000002 | 304.68000000000006 |           36762.89
 Arnold                         | Cornell              | Shady Grove     | Tracy           |            40810 |           19044.41 |            1127.77 |           60991.21
 Arredondo                      | Malcolm              | Friendship      | Woodville       |            10085 | 25853.510000000006 |             1503.1 |  60655.62999999999
 Arredondo                      | Kira                 | Springfield     | Mountain View   |           106711 | 31077.199999999997 |            1474.63 |  57905.55000000001
 Arrington                      | Michael              | Lake Forest     | Clearwater      |           174825 |           14897.72 | 338.27000000000004 |  32817.59999999999
 Arroyo                         | James                | Shiloh          | Wildwood        |            55327 | 27937.350000000002 |  815.6400000000001 |           37146.09
 Asbury                         |                      | Salem           | Stringtown      |             2495 |           15248.03 | 261.91999999999996 |           29057.07
 Ashe                           | Polly                | Oakdale         | Ashland         |           196696 | 16920.609999999997 |  881.6800000000001 | 28484.060000000005
 Askew                          | Jennifer             | Walnut Grove    | Lakeview        |           216040 |           15857.22 |  796.9100000000001 |           39494.62
 Atkins                         | Andrea               | Summit          | Highland Park   |           227521 |           13171.55 |             566.38 |           24857.71
 Austin                         | Lawrence             | Harmony         | Sulphur Springs |            42191 |           18233.69 |             694.37 | 27808.079999999998
 Austin                         | Deanna               | White Oak       | Cedar Grove     |            55720 |           12968.76 |  676.4499999999999 | 21558.170000000002
 Austin                         | Ronald               | Fairview        | Deerfield       |           188998 | 21667.440000000002 |             231.77 |           42731.33
 Avalos                         | Gregory              | Jamestown       | Farmington      |           194652 |  7635.030000000001 | 303.31999999999994 |           25826.99
 Aviles                         | Jeffery              | Friendship      | Macon           |           215309 | 18357.200000000004 |             829.29 |  34328.71000000001
 Baez                           | Jacqueline           | Mount Vernon    | Oakdale         |           197764 |           18315.89 |            1124.11 | 28206.289999999997
 Bagwell                        | Alvaro               | Roscoe          | Five Points     |            94012 |           19005.28 | 1144.8600000000001 |  33678.84999999999
 Baker                          | Keisha               | Walnut Grove    | Florence        |            21333 | 16704.139999999996 |             566.39 |           56210.76
 Baker                          | Marcella             | Gilmore         | Riverview       |            95840 | 19664.100000000002 |  806.3400000000001 | 29679.789999999994
 Baldwin                        | Richard              | Riverview       | Springfield     |           123924 |            9513.95 | 437.22999999999996 | 19847.289999999997
 Baldwin                        | Rosa                 | Walnut Grove    | Wildwood        |           161653 |            9235.48 |             526.57 | 22859.380000000005
 Ballard                        | Isaac                | Riverview       | Farmington      |            54372 |           17438.33 |             528.28 |           46634.49
 Banks                          | Rosa                 | Hamilton        | Midway          |           221052 |           15687.64 |             892.17 |           22548.18
 Barber                         | Corey                | Mount Zion      | Providence      |             3320 |           27740.11 |            1696.24 |            54723.5
 Bard                           | Joyce                | Gilmore         | Riverview       |            16809 |  8219.060000000001 |              199.4 | 24066.699999999997
 Barger                         | Stella               | Belmont         | Spring Hill     |            71326 | 26357.919999999995 |            1151.07 |           46828.69
 Barham                         | Mark                 | Kingston        | Glendale        |           222040 |  7603.899999999999 | 302.82000000000005 |           25958.93
 Barker                         | Heather              | Farmington      | Hamilton        |           109796 |  9462.990000000002 |  392.7800000000001 |           30886.33
 Barlow                         | Thomas               | Carpenter       | Pine Grove      |            29286 |  48083.74999999999 |             1917.3 |           73217.97
 Barlow                         | Columbus             | Wyoming         | Springfield     |            34202 |           13510.27 |             516.83 |           48286.27
 Barlow                         | Columbus             | Wyoming         | Tipton          |           134494 |           55749.73 |            2684.68 |  76749.39000000001
 Barnard                        | Karen                | Winfield        | Marion          |           173707 |           13987.75 |             785.49 |           25314.69
 Barnes                         | Blanca               | Arcola          | Stringtown      |            18117 | 19176.619999999995 |  652.1400000000001 | 32650.179999999997
 Barnes                         | Hilda                | Riverdale       | Mount Olive     |            79045 |           33008.93 |  646.6000000000001 |           67753.01
 Barnes                         | Pam                  | White Oak       | Deerfield       |           193097 |           20471.49 |             836.29 |  56888.01000000001
 Barnes                         | Richard              | Glenwood        | Cedar Grove     |           201125 |            4942.43 |              85.46 |             9623.6
 Barnes                         | Crystal              | Belmont         | Sunnyside       |           221192 |           23820.71 |  836.7700000000001 |           57108.06
 Barnett                        | April                | Union Hill      | Clinton         |           230011 |            6765.72 | 138.01000000000002 | 13039.960000000001
 Barnhill                       | John                 | Bunker Hill     | Forest Hills    |            12478 |           25414.09 |            1142.97 | 55793.880000000005
 Barr                           | Holly                | Bethel          | Fairfield       |            87188 |           26489.11 |             595.49 |           43054.44
 Barrett                        | Paul                 | Glenwood        | Jamestown       |            83680 | 41519.060000000005 |             2678.3 |           57669.64
 Barrett                        | Theodore             | Crossroads      | Harmony         |           128549 |           12698.56 |             147.42 | 18169.920000000002
 Barry                          | Darrell              | Lakewood        | Belmont         |           106536 | 14250.810000000001 |             829.84 |           16556.66
 Barton                         | Hai                  | Greenfield      | Bunker Hill     |           225535 |           13221.43 |             972.31 |           29241.15
(100 rows)

UPDATE time_statistics SET e_time = TRANSACTION_TIMESTAMP() WHERE template = 'query68.tpl' AND stream = 6;
psql:/tmp/s1-basline/throughput/query_6.sql:3654: NOTICE:  duration: 0.107 ms  plan:
Query Text: UPDATE time_statistics SET e_time = TRANSACTION_TIMESTAMP() WHERE template = 'query68.tpl' AND stream = 6;
Update on time_statistics  (cost=0.00..21.46 rows=0 width=0) (actual time=0.106..0.106 rows=0 loops=1)
  ->  Seq Scan on time_statistics  (cost=0.00..21.46 rows=1 width=14) (actual time=0.092..0.092 rows=1 loops=1)
        Filter: ((template = 'query68.tpl'::text) AND (stream = 6))
        Rows Removed by Filter: 715
UPDATE 1
LOAD 'auto_explain'; SET auto_explain.log_min_duration TO 0; SET auto_explain.log_analyze TO on; SET auto_explain.log_level TO notice; INSERT INTO time_statistics (template, s_time, stream, query, seed) VALUES ('query63.tpl', TRANSACTION_TIMESTAMP(), 6, 74, 1699883459);
LOAD
SET
SET
SET
psql:/tmp/s1-basline/throughput/query_6.sql:3655: NOTICE:  duration: 0.009 ms  plan:
Query Text: INSERT INTO time_statistics (template, s_time, stream, query, seed) VALUES ('query63.tpl', TRANSACTION_TIMESTAMP(), 6, 74, 1699883459);
Insert on time_statistics  (cost=0.00..0.01 rows=0 width=0) (actual time=0.009..0.009 rows=0 loops=1)
  ->  Result  (cost=0.00..0.01 rows=1 width=64) (actual time=0.001..0.001 rows=1 loops=1)
INSERT 0 1
select  * 
from (select i_manager_id
             ,sum(ss_sales_price) sum_sales
             ,avg(sum(ss_sales_price)) over (partition by i_manager_id) avg_monthly_sales
      from item
          ,store_sales
          ,date_dim
          ,store
      where ss_item_sk = i_item_sk
        and ss_sold_date_sk = d_date_sk
        and ss_store_sk = s_store_sk
        and d_month_seq in (1184,1184+1,1184+2,1184+3,1184+4,1184+5,1184+6,1184+7,1184+8,1184+9,1184+10,1184+11)
        and ((    i_category in ('Books','Children','Electronics')
              and i_class in ('personal','portable','reference','self-help')
              and i_brand in ('scholaramalgamalg #14','scholaramalgamalg #7',
		                  'exportiunivamalg #9','scholaramalgamalg #9'))
           or(    i_category in ('Women','Music','Men')
              and i_class in ('accessories','classical','fragrances','pants')
              and i_brand in ('amalgimporto #1','edu packscholar #1','exportiimporto #1',
		                 'importoamalg #1')))
group by i_manager_id, d_moy) tmp1
where case when avg_monthly_sales > 0 then abs (sum_sales - avg_monthly_sales) / avg_monthly_sales else null end > 0.1
order by i_manager_id
        ,avg_monthly_sales
        ,sum_sales
limit 100;
psql:/tmp/s1-basline/throughput/query_6.sql:3681: NOTICE:  duration: 208.770 ms  plan:
Query Text: select  * 
from (select i_manager_id
             ,sum(ss_sales_price) sum_sales
             ,avg(sum(ss_sales_price)) over (partition by i_manager_id) avg_monthly_sales
      from item
          ,store_sales
          ,date_dim
          ,store
      where ss_item_sk = i_item_sk
        and ss_sold_date_sk = d_date_sk
        and ss_store_sk = s_store_sk
        and d_month_seq in (1184,1184+1,1184+2,1184+3,1184+4,1184+5,1184+6,1184+7,1184+8,1184+9,1184+10,1184+11)
        and ((    i_category in ('Books','Children','Electronics')
              and i_class in ('personal','portable','reference','self-help')
              and i_brand in ('scholaramalgamalg #14','scholaramalgamalg #7',
		                  'exportiunivamalg #9','scholaramalgamalg #9'))
           or(    i_category in ('Women','Music','Men')
              and i_class in ('accessories','classical','fragrances','pants')
              and i_brand in ('amalgimporto #1','edu packscholar #1','exportiimporto #1',
		                 'importoamalg #1')))
group by i_manager_id, d_moy) tmp1
where case when avg_monthly_sales > 0 then abs (sum_sales - avg_monthly_sales) / avg_monthly_sales else null end > 0.1
order by i_manager_id
        ,avg_monthly_sales
        ,sum_sales
limit 100;
Limit  (cost=7691.86..7691.87 rows=6 width=20) (actual time=208.718..208.730 rows=100 loops=1)
  ->  Sort  (cost=7691.86..7691.87 rows=6 width=20) (actual time=208.717..208.723 rows=100 loops=1)
        Sort Key: tmp1.i_manager_id, tmp1.avg_monthly_sales, tmp1.sum_sales
        Sort Method: top-N heapsort  Memory: 32kB
        ->  Subquery Scan on tmp1  (cost=7690.69..7691.78 rows=6 width=20) (actual time=202.966..208.567 rows=1060 loops=1)
              Filter: (CASE WHEN (tmp1.avg_monthly_sales > '0'::double precision) THEN (abs((tmp1.sum_sales - tmp1.avg_monthly_sales)) / tmp1.avg_monthly_sales) ELSE NULL::double precision END > '0.1'::double precision)
              Rows Removed by Filter: 74
              ->  WindowAgg  (cost=7690.69..7691.35 rows=19 width=24) (actual time=202.964..208.434 rows=1134 loops=1)
                    ->  GroupAggregate  (cost=7690.69..7691.07 rows=19 width=16) (actual time=202.872..207.968 rows=1134 loops=1)
                          Group Key: item.i_manager_id, date_dim.d_moy
                          ->  Sort  (cost=7690.69..7690.74 rows=19 width=16) (actual time=202.860..204.285 rows=36374 loops=1)
                                Sort Key: item.i_manager_id, date_dim.d_moy
                                Sort Method: quicksort  Memory: 3522kB
                                ->  Nested Loop  (cost=0.76..7690.28 rows=19 width=16) (actual time=0.104..194.663 rows=36374 loops=1)
                                      Join Filter: (store_sales.ss_store_sk = store.s_store_sk)
                                      Rows Removed by Join Filter: 167731
                                      ->  Nested Loop  (cost=0.76..7685.84 rows=20 width=24) (actual time=0.098..171.654 rows=37300 loops=1)
                                            ->  Nested Loop  (cost=0.43..6951.24 rows=4175 width=28) (actual time=0.033..134.708 rows=116106 loops=1)
                                                  ->  Seq Scan on item  (cost=0.00..1931.00 rows=26 width=12) (actual time=0.023..15.688 rows=900 loops=1)
                                                        Filter: (((i_category = ANY ('{Books,Children,Electronics}'::bpchar[])) AND (i_class = ANY ('{personal,portable,reference,self-help}'::bpchar[])) AND (i_brand = ANY ('{"scholaramalgamalg #14","scholaramalgamalg #7","exportiunivamalg #9","scholaramalgamalg #9"}'::bpchar[]))) OR ((i_category = ANY ('{Women,Music,Men}'::bpchar[])) AND (i_class = ANY ('{accessories,classical,fragrances,pants}'::bpchar[])) AND (i_brand = ANY ('{"amalgimporto #1","edu packscholar #1","exportiimporto #1","importoamalg #1"}'::bpchar[]))))
                                                        Rows Removed by Filter: 17100
                                                  ->  Index Scan using pk_store_sales on store_sales  (cost=0.43..191.34 rows=175 width=32) (actual time=0.005..0.114 rows=129 loops=900)
                                                        Index Cond: (ss_item_sk = item.i_item_sk)
                                            ->  Memoize  (cost=0.33..0.36 rows=1 width=12) (actual time=0.000..0.000 rows=0 loops=116106)
                                                  Cache Key: store_sales.ss_sold_date_sk
                                                  Cache Mode: logical
                                                  Hits: 114391  Misses: 1715  Evictions: 0  Overflows: 0  Memory Usage: 138kB
                                                  ->  Index Scan using pk_date_dim on date_dim  (cost=0.32..0.35 rows=1 width=12) (actual time=0.001..0.001 rows=0 loops=1715)
                                                        Index Cond: (d_date_sk = store_sales.ss_sold_date_sk)
                                                        Filter: (d_month_seq = ANY ('{1184,1185,1186,1187,1188,1189,1190,1191,1192,1193,1194,1195}'::integer[]))
                                                        Rows Removed by Filter: 1
                                      ->  Materialize  (cost=0.00..1.18 rows=12 width=8) (actual time=0.000..0.000 rows=5 loops=37300)
                                            ->  Seq Scan on store  (cost=0.00..1.12 rows=12 width=8) (actual time=0.002..0.003 rows=12 loops=1)
 i_manager_id |     sum_sales      | avg_monthly_sales  
--------------+--------------------+--------------------
            1 |             573.63 |            1832.03
            1 |            1036.42 |            1832.03
            1 |            1106.46 |            1832.03
            1 |            1107.05 |            1832.03
            1 | 1182.4399999999998 |            1832.03
            1 | 1238.4599999999998 |            1832.03
            1 |  2181.099999999999 |            1832.03
            1 | 3024.4200000000005 |            1832.03
            1 | 3173.2900000000013 |            1832.03
            1 | 3751.6499999999996 |            1832.03
            2 | 401.24999999999994 |  1332.325833333333
            2 |  721.9000000000001 |  1332.325833333333
            2 |  740.2199999999999 |  1332.325833333333
            2 |             828.98 |  1332.325833333333
            2 |  873.6700000000001 |  1332.325833333333
            2 |  993.9000000000001 |  1332.325833333333
            2 | 1006.4999999999999 |  1332.325833333333
            2 |            1758.89 |  1332.325833333333
            2 |            2316.16 |  1332.325833333333
            2 | 2366.6800000000007 |  1332.325833333333
            2 | 2533.5299999999993 |  1332.325833333333
            3 |  678.6899999999999 |  2460.250833333334
            3 | 1195.1900000000003 |  2460.250833333334
            3 | 1222.7699999999998 |  2460.250833333334
            3 | 1320.8300000000002 |  2460.250833333334
            3 | 1330.0700000000002 |  2460.250833333334
            3 |            1401.47 |  2460.250833333334
            3 | 1824.9299999999996 |  2460.250833333334
            3 |  2884.200000000001 |  2460.250833333334
            3 | 3309.1099999999988 |  2460.250833333334
            3 |            3445.64 |  2460.250833333334
            3 |  5297.090000000003 |  2460.250833333334
            3 |  5613.020000000002 |  2460.250833333334
            4 |            1183.64 | 2946.0225000000005
            4 | 1397.4099999999996 | 2946.0225000000005
            4 | 1398.3899999999996 | 2946.0225000000005
            4 | 1593.3999999999999 | 2946.0225000000005
            4 |            1658.68 | 2946.0225000000005
            4 | 1707.7500000000005 | 2946.0225000000005
            4 |            2410.96 | 2946.0225000000005
            4 |  3868.210000000001 | 2946.0225000000005
            4 | 3923.1600000000017 | 2946.0225000000005
            4 | 4211.2699999999995 | 2946.0225000000005
            4 |  5487.029999999999 | 2946.0225000000005
            4 |            6512.37 | 2946.0225000000005
            5 |  834.0999999999998 |  2668.516666666667
            5 | 1217.4500000000003 |  2668.516666666667
            5 |            1254.62 |  2668.516666666667
            5 |             1304.1 |  2668.516666666667
            5 |            1431.19 |  2668.516666666667
            5 | 1760.8799999999997 |  2668.516666666667
            5 | 2318.8199999999993 |  2668.516666666667
            5 | 3265.3499999999995 |  2668.516666666667
            5 | 3744.9700000000007 |  2668.516666666667
            5 |  4130.210000000001 |  2668.516666666667
            5 |  5034.609999999998 |  2668.516666666667
            5 |  5725.900000000001 |  2668.516666666667
            6 |  862.5499999999997 |  2257.124166666667
            6 |             924.64 |  2257.124166666667
            6 |            1061.17 |  2257.124166666667
            6 |            1237.96 |  2257.124166666667
            6 |            1514.17 |  2257.124166666667
            6 |            1514.47 |  2257.124166666667
            6 | 1891.5500000000002 |  2257.124166666667
            6 |            2907.13 |  2257.124166666667
            6 | 3284.8899999999994 |  2257.124166666667
            6 |            3414.43 |  2257.124166666667
            6 |  4099.920000000002 |  2257.124166666667
            6 |  4372.610000000001 |  2257.124166666667
            7 |             776.38 | 1684.3158333333333
            7 |  784.3499999999998 | 1684.3158333333333
            7 |  862.0799999999999 | 1684.3158333333333
            7 |  869.5799999999999 | 1684.3158333333333
            7 | 1256.6499999999999 | 1684.3158333333333
            7 | 1296.7299999999998 | 1684.3158333333333
            7 | 1466.3800000000006 | 1684.3158333333333
            7 | 2152.1600000000003 | 1684.3158333333333
            7 |            2276.91 | 1684.3158333333333
            7 |            2440.37 | 1684.3158333333333
            7 |            2898.57 | 1684.3158333333333
            7 | 3131.6300000000015 | 1684.3158333333333
            8 |  838.7499999999998 | 1805.9466666666667
            8 |  846.8599999999999 | 1805.9466666666667
            8 |            1025.32 | 1805.9466666666667
            8 |            1030.05 | 1805.9466666666667
            8 |            1159.48 | 1805.9466666666667
            8 | 1229.5100000000002 | 1805.9466666666667
            8 |            1505.45 | 1805.9466666666667
            8 | 1608.2000000000003 | 1805.9466666666667
            8 | 2326.8000000000006 | 1805.9466666666667
            8 |  2678.669999999999 | 1805.9466666666667
            8 |  3042.369999999998 | 1805.9466666666667
            8 |             4379.9 | 1805.9466666666667
            9 |            1205.38 |          2674.6125
            9 | 1461.2900000000002 |          2674.6125
            9 |            1678.41 |          2674.6125
            9 | 1692.7700000000004 |          2674.6125
            9 | 1808.3300000000002 |          2674.6125
            9 |            2055.47 |          2674.6125
            9 | 2112.2499999999995 |          2674.6125
(100 rows)

UPDATE time_statistics SET e_time = TRANSACTION_TIMESTAMP() WHERE template = 'query63.tpl' AND stream = 6;
psql:/tmp/s1-basline/throughput/query_6.sql:3683: NOTICE:  duration: 0.105 ms  plan:
Query Text: UPDATE time_statistics SET e_time = TRANSACTION_TIMESTAMP() WHERE template = 'query63.tpl' AND stream = 6;
Update on time_statistics  (cost=0.00..21.46 rows=0 width=0) (actual time=0.105..0.105 rows=0 loops=1)
  ->  Seq Scan on time_statistics  (cost=0.00..21.46 rows=1 width=14) (actual time=0.090..0.090 rows=1 loops=1)
        Filter: ((template = 'query63.tpl'::text) AND (stream = 6))
        Rows Removed by Filter: 716
UPDATE 1
LOAD 'auto_explain'; SET auto_explain.log_min_duration TO 0; SET auto_explain.log_analyze TO on; SET auto_explain.log_level TO notice; INSERT INTO time_statistics (template, s_time, stream, query, seed) VALUES ('../query_postgresql/query92.tpl', TRANSACTION_TIMESTAMP(), 6, 75, 1571319271);
LOAD
SET
SET
SET
psql:/tmp/s1-basline/throughput/query_6.sql:3684: NOTICE:  duration: 0.009 ms  plan:
Query Text: INSERT INTO time_statistics (template, s_time, stream, query, seed) VALUES ('../query_postgresql/query92.tpl', TRANSACTION_TIMESTAMP(), 6, 75, 1571319271);
Insert on time_statistics  (cost=0.00..0.01 rows=0 width=0) (actual time=0.008..0.008 rows=0 loops=1)
  ->  Result  (cost=0.00..0.01 rows=1 width=64) (actual time=0.002..0.002 rows=1 loops=1)
INSERT 0 1
select  
   sum(ws_ext_discount_amt)  as "Excess Discount Amount" 
from 
    web_sales 
   ,item 
   ,date_dim
where
i_manufact_id = 272
and i_item_sk = ws_item_sk 
and d_date between '2000-02-29' and 
        (cast('2000-02-29' as date) + interval '90 days')
and d_date_sk = ws_sold_date_sk 
and ws_ext_discount_amt  
     > ( 
         SELECT 
            1.3 * avg(ws_ext_discount_amt) 
         FROM 
            web_sales 
           ,date_dim
         WHERE 
              ws_item_sk = i_item_sk 
          and d_date between '2000-02-29' and
                             (cast('2000-02-29' as date) + interval '90 days')
          and d_date_sk = ws_sold_date_sk 
      ) 
order by sum(ws_ext_discount_amt)
limit 100;
psql:/tmp/s1-basline/throughput/query_6.sql:3711: NOTICE:  duration: 18.742 ms  plan:
Query Text: select  
   sum(ws_ext_discount_amt)  as "Excess Discount Amount" 
from 
    web_sales 
   ,item 
   ,date_dim
where
i_manufact_id = 272
and i_item_sk = ws_item_sk 
and d_date between '2000-02-29' and 
        (cast('2000-02-29' as date) + interval '90 days')
and d_date_sk = ws_sold_date_sk 
and ws_ext_discount_amt  
     > ( 
         SELECT 
            1.3 * avg(ws_ext_discount_amt) 
         FROM 
            web_sales 
           ,date_dim
         WHERE 
              ws_item_sk = i_item_sk 
          and d_date between '2000-02-29' and
                             (cast('2000-02-29' as date) + interval '90 days')
          and d_date_sk = ws_sold_date_sk 
      ) 
order by sum(ws_ext_discount_amt)
limit 100;
Limit  (cost=25831.09..25831.09 rows=1 width=8) (actual time=18.734..18.736 rows=1 loops=1)
  ->  Sort  (cost=25831.09..25831.09 rows=1 width=8) (actual time=18.733..18.735 rows=1 loops=1)
        Sort Key: (sum(web_sales.ws_ext_discount_amt))
        Sort Method: quicksort  Memory: 25kB
        ->  Aggregate  (cost=25831.07..25831.08 rows=1 width=8) (actual time=18.728..18.730 rows=1 loops=1)
              ->  Hash Join  (cost=1481.92..25831.07 rows=1 width=8) (actual time=6.974..18.727 rows=8 loops=1)
                    Hash Cond: (web_sales.ws_item_sk = item.i_item_sk)
                    Join Filter: (web_sales.ws_ext_discount_amt > (SubPlan 1))
                    Rows Removed by Join Filter: 27
                    ->  Nested Loop  (cost=0.72..24347.58 rows=870 width=16) (actual time=0.019..9.514 rows=20215 loops=1)
                          ->  Index Scan using i_d_date on date_dim  (cost=0.29..5.25 rows=88 width=8) (actual time=0.010..0.024 rows=91 loops=1)
                                Index Cond: ((d_date >= '2000-02-29'::date) AND (d_date <= '2000-05-29 00:00:00'::timestamp without time zone))
                          ->  Index Scan using i_ws_sold_date_sk on web_sales  (cost=0.42..272.65 rows=397 width=24) (actual time=0.003..0.056 rows=222 loops=91)
                                Index Cond: (ws_sold_date_sk = date_dim.d_date_sk)
                    ->  Hash  (cost=1481.00..1481.00 rows=16 width=8) (actual time=6.541..6.541 rows=35 loops=1)
                          Buckets: 1024  Batches: 1  Memory Usage: 10kB
                          ->  Seq Scan on item  (cost=0.00..1481.00 rows=16 width=8) (actual time=0.152..6.534 rows=35 loops=1)
                                Filter: (i_manufact_id = 272)
                                Rows Removed by Filter: 17965
                    SubPlan 1
                      ->  Aggregate  (cost=57.17..57.18 rows=1 width=8) (actual time=0.040..0.040 rows=1 loops=35)
                            ->  Hash Join  (cost=6.78..57.16 rows=1 width=8) (actual time=0.020..0.039 rows=3 loops=35)
                                  Hash Cond: (web_sales_1.ws_sold_date_sk = date_dim_1.d_date_sk)
                                  ->  Index Scan using pk_web_sales on web_sales web_sales_1  (cost=0.42..50.69 rows=44 width=16) (actual time=0.004..0.034 rows=46 loops=35)
                                        Index Cond: (ws_item_sk = item.i_item_sk)
                                  ->  Hash  (cost=5.25..5.25 rows=88 width=8) (actual time=0.030..0.030 rows=91 loops=1)
                                        Buckets: 1024  Batches: 1  Memory Usage: 12kB
                                        ->  Index Scan using i_d_date on date_dim date_dim_1  (cost=0.29..5.25 rows=88 width=8) (actual time=0.005..0.020 rows=91 loops=1)
                                              Index Cond: ((d_date >= '2000-02-29'::date) AND (d_date <= '2000-05-29 00:00:00'::timestamp without time zone))
 Excess Discount Amount 
------------------------
               24343.25
(1 row)

UPDATE time_statistics SET e_time = TRANSACTION_TIMESTAMP() WHERE template = '../query_postgresql/query92.tpl' AND stream = 6;
psql:/tmp/s1-basline/throughput/query_6.sql:3713: NOTICE:  duration: 0.099 ms  plan:
Query Text: UPDATE time_statistics SET e_time = TRANSACTION_TIMESTAMP() WHERE template = '../query_postgresql/query92.tpl' AND stream = 6;
Update on time_statistics  (cost=0.00..21.46 rows=0 width=0) (actual time=0.098..0.098 rows=0 loops=1)
  ->  Seq Scan on time_statistics  (cost=0.00..21.46 rows=1 width=14) (actual time=0.084..0.085 rows=1 loops=1)
        Filter: ((template = '../query_postgresql/query92.tpl'::text) AND (stream = 6))
        Rows Removed by Filter: 717
UPDATE 1
LOAD 'auto_explain'; SET auto_explain.log_min_duration TO 0; SET auto_explain.log_analyze TO on; SET auto_explain.log_level TO notice; INSERT INTO time_statistics (template, s_time, stream, query, seed) VALUES ('query27.tpl', TRANSACTION_TIMESTAMP(), 6, 76, 221563761);
LOAD
SET
SET
SET
psql:/tmp/s1-basline/throughput/query_6.sql:3714: NOTICE:  duration: 0.009 ms  plan:
Query Text: INSERT INTO time_statistics (template, s_time, stream, query, seed) VALUES ('query27.tpl', TRANSACTION_TIMESTAMP(), 6, 76, 221563761);
Insert on time_statistics  (cost=0.00..0.01 rows=0 width=0) (actual time=0.008..0.008 rows=0 loops=1)
  ->  Result  (cost=0.00..0.01 rows=1 width=64) (actual time=0.001..0.001 rows=1 loops=1)
INSERT 0 1
select  i_item_id,
        s_state, grouping(s_state) g_state,
        avg(ss_quantity) agg1,
        avg(ss_list_price) agg2,
        avg(ss_coupon_amt) agg3,
        avg(ss_sales_price) agg4
 from store_sales, customer_demographics, date_dim, store, item
 where ss_sold_date_sk = d_date_sk and
       ss_item_sk = i_item_sk and
       ss_store_sk = s_store_sk and
       ss_cdemo_sk = cd_demo_sk and
       cd_gender = 'F' and
       cd_marital_status = 'M' and
       cd_education_status = 'Advanced Degree' and
       d_year = 1999 and
       s_state in ('TN','TN', 'TN', 'TN', 'TN', 'TN')
 group by rollup (i_item_id, s_state)
 order by i_item_id
         ,s_state
 limit 100;
psql:/tmp/s1-basline/throughput/query_6.sql:3734: NOTICE:  duration: 886.993 ms  plan:
Query Text: select  i_item_id,
        s_state, grouping(s_state) g_state,
        avg(ss_quantity) agg1,
        avg(ss_list_price) agg2,
        avg(ss_coupon_amt) agg3,
        avg(ss_sales_price) agg4
 from store_sales, customer_demographics, date_dim, store, item
 where ss_sold_date_sk = d_date_sk and
       ss_item_sk = i_item_sk and
       ss_store_sk = s_store_sk and
       ss_cdemo_sk = cd_demo_sk and
       cd_gender = 'F' and
       cd_marital_status = 'M' and
       cd_education_status = 'Advanced Degree' and
       d_year = 1999 and
       s_state in ('TN','TN', 'TN', 'TN', 'TN', 'TN')
 group by rollup (i_item_id, s_state)
 order by i_item_id
         ,s_state
 limit 100;
Limit  (cost=4119.20..43579.67 rows=100 width=80) (actual time=713.689..886.914 rows=100 loops=1)
  ->  GroupAggregate  (cost=4119.20..144203.84 rows=355 width=80) (actual time=713.688..886.907 rows=100 loops=1)
        Group Key: item.i_item_id, store.s_state
        Group Key: item.i_item_id
        Group Key: ()
        ->  Incremental Sort  (cost=4119.20..144193.20 rows=177 width=48) (actual time=713.675..886.805 rows=71 loops=1)
              Sort Key: item.i_item_id, store.s_state
              Presorted Key: item.i_item_id
              Full-sort Groups: 3  Sort Method: quicksort  Average Memory: 27kB  Peak Memory: 27kB
              ->  Nested Loop  (cost=3323.36..144185.24 rows=177 width=48) (actual time=574.338..886.741 rows=99 loops=1)
                    Join Filter: (store_sales.ss_item_sk = item.i_item_sk)
                    Rows Removed by Join Filter: 2358893
                    ->  Index Scan using i_i_item_id on item  (cost=0.29..1714.59 rows=18000 width=25) (actual time=0.008..0.226 rows=316 loops=1)
                    ->  Materialize  (cost=3323.08..94681.09 rows=177 width=39) (actual time=0.040..2.334 rows=7465 loops=316)
                          ->  Nested Loop  (cost=3323.08..94680.21 rows=177 width=39) (actual time=12.715..652.017 rows=7479 loops=1)
                                Join Filter: (store_sales.ss_store_sk = store.s_store_sk)
                                Rows Removed by Join Filter: 33387
                                ->  Gather  (cost=3323.08..94647.77 rows=186 width=44) (actual time=12.700..646.972 rows=7570 loops=1)
                                      Workers Planned: 2
                                      Workers Launched: 2
                                      ->  Nested Loop  (cost=2323.08..93629.17 rows=78 width=44) (actual time=18.510..647.135 rows=2523 loops=3)
                                            ->  Hash Join  (cost=2322.65..90983.94 rows=5718 width=52) (actual time=14.200..278.959 rows=180942 loops=3)
                                                  Hash Cond: (store_sales.ss_sold_date_sk = date_dim.d_date_sk)
                                                  ->  Parallel Seq Scan on store_sales  (cost=0.00..85499.45 rows=1204445 width=60) (actual time=0.014..122.577 rows=948150 loops=3)
                                                  ->  Hash  (cost=2318.11..2318.11 rows=363 width=8) (actual time=14.069..14.070 rows=365 loops=3)
                                                        Buckets: 1024  Batches: 1  Memory Usage: 23kB
                                                        ->  Seq Scan on date_dim  (cost=0.00..2318.11 rows=363 width=8) (actual time=6.473..14.020 rows=365 loops=3)
                                                              Filter: (d_year = 1999)
                                                              Rows Removed by Filter: 72684
                                            ->  Index Scan using pk_customer_demographics on customer_demographics  (cost=0.43..0.46 rows=1 width=8) (actual time=0.002..0.002 rows=0 loops=542826)
                                                  Index Cond: (cd_demo_sk = store_sales.ss_cdemo_sk)
                                                  Filter: ((cd_gender = 'F'::bpchar) AND (cd_marital_status = 'M'::bpchar) AND (cd_education_status = 'Advanced Degree'::bpchar))
                                                  Rows Removed by Filter: 1
                                ->  Materialize  (cost=0.00..1.27 rows=12 width=11) (actual time=0.000..0.000 rows=5 loops=7570)
                                      ->  Seq Scan on store  (cost=0.00..1.21 rows=12 width=11) (actual time=0.006..0.012 rows=12 loops=1)
                                            Filter: (s_state = ANY ('{TN,TN,TN,TN,TN,TN}'::bpchar[]))
    i_item_id     | s_state | g_state |        agg1         |        agg2        |        agg3        |        agg4        
------------------+---------+---------+---------------------+--------------------+--------------------+--------------------
 AAAAAAAAAAABAAAA | TN      |       0 |  4.0000000000000000 |             116.71 |                  0 |              46.68
 AAAAAAAAAAABAAAA |         |       1 |  4.0000000000000000 |             116.71 |                  0 |              46.68
 AAAAAAAAAAACAAAA | TN      |       0 | 63.5000000000000000 |  93.94999999999999 |             225.61 |              56.68
 AAAAAAAAAAACAAAA |         |       1 | 63.5000000000000000 |  93.94999999999999 |             225.61 |              56.68
 AAAAAAAAAAAEAAAA | TN      |       0 | 48.5000000000000000 | 111.82000000000001 |                  0 |              91.74
 AAAAAAAAAAAEAAAA |         |       1 | 48.5000000000000000 | 111.82000000000001 |                  0 |              91.74
 AAAAAAAAAABDAAAA | TN      |       0 | 32.0000000000000000 |              29.64 |                  0 |  7.039999999999999
 AAAAAAAAAABDAAAA |         |       1 | 32.0000000000000000 |              29.64 |                  0 |  7.039999999999999
 AAAAAAAAAABEAAAA | TN      |       0 | 34.0000000000000000 |              15.09 |                  0 |               3.77
 AAAAAAAAAABEAAAA |         |       1 | 34.0000000000000000 |              15.09 |                  0 |               3.77
 AAAAAAAAAACAAAAA | TN      |       0 | 29.5000000000000000 |             96.065 |                  0 | 50.205000000000005
 AAAAAAAAAACAAAAA |         |       1 | 29.5000000000000000 |             96.065 |                  0 | 50.205000000000005
 AAAAAAAAAACDAAAA | TN      |       0 | 49.5000000000000000 |                 80 | 426.70000000000005 |              33.52
 AAAAAAAAAACDAAAA |         |       1 | 49.5000000000000000 |                 80 | 426.70000000000005 |              33.52
 AAAAAAAAAADBAAAA | TN      |       0 | 16.0000000000000000 |              54.34 |                  0 |              53.25
 AAAAAAAAAADBAAAA |         |       1 | 16.0000000000000000 |              54.34 |                  0 |              53.25
 AAAAAAAAAADCAAAA | TN      |       0 | 30.0000000000000000 |              40.54 |                  0 |             35.875
 AAAAAAAAAADCAAAA |         |       1 | 30.0000000000000000 |              40.54 |                  0 |             35.875
 AAAAAAAAAADEAAAA | TN      |       0 | 66.0000000000000000 |               24.9 |             40.315 | 19.955000000000002
 AAAAAAAAAADEAAAA |         |       1 | 66.0000000000000000 |               24.9 |             40.315 | 19.955000000000002
 AAAAAAAAAAEAAAAA | TN      |       0 | 97.0000000000000000 |              71.07 |                  0 |              63.25
 AAAAAAAAAAEAAAAA |         |       1 | 97.0000000000000000 |              71.07 |                  0 |              63.25
 AAAAAAAAAAEBAAAA | TN      |       0 | 97.0000000000000000 |              49.97 |                  0 |              10.99
 AAAAAAAAAAEBAAAA |         |       1 | 97.0000000000000000 |              49.97 |                  0 |              10.99
 AAAAAAAAAAEEAAAA | TN      |       0 |  3.0000000000000000 |              50.35 |              49.48 |              39.27
 AAAAAAAAAAEEAAAA |         |       1 |  3.0000000000000000 |              50.35 |              49.48 |              39.27
 AAAAAAAAAAFCAAAA | TN      |       0 | 99.0000000000000000 |              69.84 |            1119.98 |               41.9
 AAAAAAAAAAFCAAAA |         |       1 | 99.0000000000000000 |              69.84 |            1119.98 |               41.9
 AAAAAAAAAAGBAAAA | TN      |       0 | 75.0000000000000000 |              70.53 |                  0 |               13.4
 AAAAAAAAAAGBAAAA |         |       1 | 75.0000000000000000 |              70.53 |                  0 |               13.4
 AAAAAAAAAAGCAAAA | TN      |       0 | 56.0000000000000000 |              91.43 |            1589.14 |              88.68
 AAAAAAAAAAGCAAAA |         |       1 | 56.0000000000000000 |              91.43 |            1589.14 |              88.68
 AAAAAAAAAAHBAAAA | TN      |       0 | 61.5000000000000000 |             92.895 |                  0 |             48.025
 AAAAAAAAAAHBAAAA |         |       1 | 61.5000000000000000 |             92.895 |                  0 |             48.025
 AAAAAAAAAAHDAAAA | TN      |       0 | 24.0000000000000000 |               11.4 |                  0 |               7.29
 AAAAAAAAAAHDAAAA |         |       1 | 24.0000000000000000 |               11.4 |                  0 |               7.29
 AAAAAAAAAAIAAAAA | TN      |       0 | 56.0000000000000000 |             100.01 |                  0 |                 75
 AAAAAAAAAAIAAAAA |         |       1 | 56.0000000000000000 |             100.01 |                  0 |                 75
 AAAAAAAAAAICAAAA | TN      |       0 | 73.5000000000000000 |              97.87 |                  0 |              32.34
 AAAAAAAAAAICAAAA |         |       1 | 73.5000000000000000 |              97.87 |                  0 |              32.34
 AAAAAAAAAAJBAAAA | TN      |       0 | 46.0000000000000000 |  94.07499999999999 |                  0 |             27.585
 AAAAAAAAAAJBAAAA |         |       1 | 46.0000000000000000 |  94.07499999999999 |                  0 |             27.585
 AAAAAAAAAAKAAAAA | TN      |       0 | 67.0000000000000000 |              22.36 |                  0 |               8.04
 AAAAAAAAAAKAAAAA |         |       1 | 67.0000000000000000 |              22.36 |                  0 |               8.04
 AAAAAAAAAAKBAAAA | TN      |       0 | 82.0000000000000000 |             170.16 |             558.12 |              85.08
 AAAAAAAAAAKBAAAA |         |       1 | 82.0000000000000000 |             170.16 |             558.12 |              85.08
 AAAAAAAAAAKDAAAA | TN      |       0 | 92.0000000000000000 |              71.81 |                  0 |              65.34
 AAAAAAAAAAKDAAAA |         |       1 | 92.0000000000000000 |              71.81 |                  0 |              65.34
 AAAAAAAAAALCAAAA | TN      |       0 | 55.0000000000000000 |               5.74 |                  0 |               2.46
 AAAAAAAAAALCAAAA |         |       1 | 55.0000000000000000 |               5.74 |                  0 |               2.46
 AAAAAAAAAALDAAAA | TN      |       0 | 24.6666666666666667 | 108.25333333333333 | 284.82666666666665 |  98.20333333333333
 AAAAAAAAAALDAAAA |         |       1 | 24.6666666666666667 | 108.25333333333333 | 284.82666666666665 |  98.20333333333333
 AAAAAAAAAANBAAAA | TN      |       0 | 84.0000000000000000 |              32.64 |                  0 |              16.97
 AAAAAAAAAANBAAAA |         |       1 | 84.0000000000000000 |              32.64 |                  0 |              16.97
 AAAAAAAAAANDAAAA | TN      |       0 |  9.5000000000000000 |  82.36500000000001 |              23.32 |             23.325
 AAAAAAAAAANDAAAA |         |       1 |  9.5000000000000000 |  82.36500000000001 |              23.32 |             23.325
 AAAAAAAAAAOAAAAA | TN      |       0 | 30.0000000000000000 |             116.82 |                  0 |             108.64
 AAAAAAAAAAOAAAAA |         |       1 | 30.0000000000000000 |             116.82 |                  0 |             108.64
 AAAAAAAAAAPBAAAA | TN      |       0 | 63.0000000000000000 |             148.38 |            2955.27 |              50.44
 AAAAAAAAAAPBAAAA |         |       1 | 63.0000000000000000 |             148.38 |            2955.27 |              50.44
 AAAAAAAAAAPCAAAA | TN      |       0 | 33.0000000000000000 |              97.75 |                  0 |              76.24
 AAAAAAAAAAPCAAAA |         |       1 | 33.0000000000000000 |              97.75 |                  0 |              76.24
 AAAAAAAAABAAAAAA | TN      |       0 |                     |              98.76 |                    |              73.08
 AAAAAAAAABAAAAAA |         |       1 |                     |              98.76 |                    |              73.08
 AAAAAAAAABBAAAAA | TN      |       0 | 90.0000000000000000 |              60.38 |                  0 |              60.38
 AAAAAAAAABBAAAAA |         |       1 | 90.0000000000000000 |              60.38 |                  0 |              60.38
 AAAAAAAAABBCAAAA | TN      |       0 |                     |                    |             168.43 |                   
 AAAAAAAAABBCAAAA |         |       1 |                     |                    |             168.43 |                   
 AAAAAAAAABCBAAAA | TN      |       0 | 58.5000000000000000 |  97.55499999999999 |                  0 |             45.275
 AAAAAAAAABCBAAAA |         |       1 | 58.5000000000000000 |  97.55499999999999 |                  0 |             45.275
 AAAAAAAAABDAAAAA | TN      |       0 | 30.0000000000000000 |              50.06 |                  0 |              43.55
 AAAAAAAAABDAAAAA |         |       1 | 30.0000000000000000 |              50.06 |                  0 |              43.55
 AAAAAAAAABEAAAAA | TN      |       0 | 51.0000000000000000 |             140.69 |                  0 |              91.44
 AAAAAAAAABEAAAAA |         |       1 | 51.0000000000000000 |             140.69 |                  0 |              91.44
 AAAAAAAAABECAAAA | TN      |       0 | 57.0000000000000000 |              55.79 |                  0 |              34.03
 AAAAAAAAABECAAAA |         |       1 | 57.0000000000000000 |              55.79 |                  0 |              34.03
 AAAAAAAAABFBAAAA | TN      |       0 | 85.0000000000000000 |               8.65 |                  0 |               8.65
 AAAAAAAAABFBAAAA |         |       1 | 85.0000000000000000 |               8.65 |                  0 |               8.65
 AAAAAAAAABFCAAAA | TN      |       0 | 43.0000000000000000 |              94.74 |            1888.56 |                 72
 AAAAAAAAABFCAAAA |         |       1 | 43.0000000000000000 |              94.74 |            1888.56 |                 72
 AAAAAAAAABHCAAAA | TN      |       0 | 45.0000000000000000 |              74.11 |             247.09 |               28.9
 AAAAAAAAABHCAAAA |         |       1 | 45.0000000000000000 |              74.11 |             247.09 |               28.9
 AAAAAAAAABHDAAAA | TN      |       0 |                     |              27.67 |             803.63 |              23.24
 AAAAAAAAABHDAAAA |         |       1 |                     |              27.67 |             803.63 |              23.24
 AAAAAAAAABIBAAAA | TN      |       0 | 62.6666666666666667 |              36.36 | 152.45333333333332 |  6.403333333333333
 AAAAAAAAABIBAAAA |         |       1 | 62.6666666666666667 |              36.36 | 152.45333333333332 |  6.403333333333333
 AAAAAAAAABJDAAAA | TN      |       0 | 49.0000000000000000 |              94.47 |                  0 |              38.84
 AAAAAAAAABJDAAAA |         |       1 | 49.0000000000000000 |              94.47 |                  0 |              38.84
 AAAAAAAAABKCAAAA | TN      |       0 | 20.0000000000000000 |             149.69 |             638.83 |             145.19
 AAAAAAAAABKCAAAA |         |       1 | 20.0000000000000000 |             149.69 |             638.83 |             145.19
 AAAAAAAAABKDAAAA | TN      |       0 | 63.5000000000000000 |             29.785 |                  0 |              23.39
 AAAAAAAAABKDAAAA |         |       1 | 63.5000000000000000 |             29.785 |                  0 |              23.39
 AAAAAAAAABMDAAAA | TN      |       0 | 66.0000000000000000 |              62.84 |                  0 |              43.35
 AAAAAAAAABMDAAAA |         |       1 | 66.0000000000000000 |              62.84 |                  0 |              43.35
 AAAAAAAAABNAAAAA | TN      |       0 | 78.0000000000000000 |             101.78 |                  0 |              48.85
 AAAAAAAAABNAAAAA |         |       1 | 78.0000000000000000 |             101.78 |                  0 |              48.85
 AAAAAAAAABNDAAAA | TN      |       0 | 97.0000000000000000 |               64.4 |                  0 |              25.11
 AAAAAAAAABNDAAAA |         |       1 | 97.0000000000000000 |               64.4 |                  0 |              25.11
 AAAAAAAAABPAAAAA | TN      |       0 | 62.0000000000000000 |  76.63333333333334 |                  0 |  51.85999999999999
 AAAAAAAAABPAAAAA |         |       1 | 62.0000000000000000 |  76.63333333333334 |                  0 |  51.85999999999999
(100 rows)

UPDATE time_statistics SET e_time = TRANSACTION_TIMESTAMP() WHERE template = 'query27.tpl' AND stream = 6;
psql:/tmp/s1-basline/throughput/query_6.sql:3736: NOTICE:  duration: 0.105 ms  plan:
Query Text: UPDATE time_statistics SET e_time = TRANSACTION_TIMESTAMP() WHERE template = 'query27.tpl' AND stream = 6;
Update on time_statistics  (cost=0.00..21.46 rows=0 width=0) (actual time=0.104..0.105 rows=0 loops=1)
  ->  Seq Scan on time_statistics  (cost=0.00..21.46 rows=1 width=14) (actual time=0.090..0.090 rows=1 loops=1)
        Filter: ((template = 'query27.tpl'::text) AND (stream = 6))
        Rows Removed by Filter: 718
UPDATE 1
LOAD 'auto_explain'; SET auto_explain.log_min_duration TO 0; SET auto_explain.log_analyze TO on; SET auto_explain.log_level TO notice; INSERT INTO time_statistics (template, s_time, stream, query, seed) VALUES ('../query_postgresql/query12.tpl', TRANSACTION_TIMESTAMP(), 6, 77, 1976439497);
LOAD
SET
SET
SET
psql:/tmp/s1-basline/throughput/query_6.sql:3737: NOTICE:  duration: 0.008 ms  plan:
Query Text: INSERT INTO time_statistics (template, s_time, stream, query, seed) VALUES ('../query_postgresql/query12.tpl', TRANSACTION_TIMESTAMP(), 6, 77, 1976439497);
Insert on time_statistics  (cost=0.00..0.01 rows=0 width=0) (actual time=0.007..0.008 rows=0 loops=1)
  ->  Result  (cost=0.00..0.01 rows=1 width=64) (actual time=0.001..0.001 rows=1 loops=1)
INSERT 0 1
select  i_item_id
      ,i_item_desc 
      ,i_category 
      ,i_class 
      ,i_current_price
      ,sum(ws_ext_sales_price) as itemrevenue 
      ,sum(ws_ext_sales_price)*100/sum(sum(ws_ext_sales_price)) over
          (partition by i_class) as revenueratio
from	
	web_sales
    	,item 
    	,date_dim
where 
	ws_item_sk = i_item_sk 
  	and i_category in ('Home', 'Children', 'Men')
  	and ws_sold_date_sk = d_date_sk
	and d_date between cast('1999-04-02' as date) 
				and (cast('1999-04-02' as date) + INTERVAL '30 days')
group by 
	i_item_id
        ,i_item_desc 
        ,i_category
        ,i_class
        ,i_current_price
order by 
	i_category
        ,i_class
        ,i_item_id
        ,i_item_desc
        ,revenueratio
limit 100;
psql:/tmp/s1-basline/throughput/query_6.sql:3768: NOTICE:  duration: 26.960 ms  plan:
Query Text: select  i_item_id
      ,i_item_desc 
      ,i_category 
      ,i_class 
      ,i_current_price
      ,sum(ws_ext_sales_price) as itemrevenue 
      ,sum(ws_ext_sales_price)*100/sum(sum(ws_ext_sales_price)) over
          (partition by i_class) as revenueratio
from	
	web_sales
    	,item 
    	,date_dim
where 
	ws_item_sk = i_item_sk 
  	and i_category in ('Home', 'Children', 'Men')
  	and ws_sold_date_sk = d_date_sk
	and d_date between cast('1999-04-02' as date) 
				and (cast('1999-04-02' as date) + INTERVAL '30 days')
group by 
	i_item_id
        ,i_item_desc 
        ,i_category
        ,i_class
        ,i_current_price
order by 
	i_category
        ,i_class
        ,i_item_id
        ,i_item_desc
        ,revenueratio
limit 100;
Limit  (cost=11505.35..11505.58 rows=91 width=245) (actual time=26.867..26.878 rows=100 loops=1)
  ->  Sort  (cost=11505.35..11505.58 rows=91 width=245) (actual time=26.867..26.872 rows=100 loops=1)
        Sort Key: item.i_category, item.i_class, item.i_item_id, item.i_item_desc, ((((sum(web_sales.ws_ext_sales_price)) * '100'::double precision) / sum((sum(web_sales.ws_ext_sales_price))) OVER (?)))
        Sort Method: top-N heapsort  Memory: 94kB
        ->  WindowAgg  (cost=11500.35..11502.39 rows=91 width=245) (actual time=24.454..25.266 rows=1537 loops=1)
              ->  Sort  (cost=11500.35..11500.57 rows=91 width=237) (actual time=24.438..24.503 rows=1537 loops=1)
                    Sort Key: item.i_class
                    Sort Method: quicksort  Memory: 472kB
                    ->  GroupAggregate  (cost=11494.88..11497.38 rows=91 width=237) (actual time=22.571..23.617 rows=1537 loops=1)
                          Group Key: item.i_item_id, item.i_item_desc, item.i_category, item.i_class, item.i_current_price
                          ->  Sort  (cost=11494.88..11495.11 rows=91 width=237) (actual time=22.565..22.659 rows=2175 loops=1)
                                Sort Key: item.i_item_id, item.i_item_desc, item.i_category, item.i_class, item.i_current_price
                                Sort Method: quicksort  Memory: 694kB
                                ->  Nested Loop  (cost=1.00..11491.92 rows=91 width=237) (actual time=0.024..16.965 rows=2175 loops=1)
                                      ->  Nested Loop  (cost=0.72..11396.53 rows=307 width=16) (actual time=0.017..3.617 rows=7533 loops=1)
                                            ->  Index Scan using i_d_date on date_dim  (cost=0.29..3.11 rows=31 width=8) (actual time=0.009..0.018 rows=31 loops=1)
                                                  Index Cond: ((d_date >= '1999-04-02'::date) AND (d_date <= '1999-05-02 00:00:00'::timestamp without time zone))
                                            ->  Index Scan using i_ws_sold_date_sk on web_sales  (cost=0.42..363.56 rows=397 width=24) (actual time=0.003..0.078 rows=243 loops=31)
                                                  Index Cond: (ws_sold_date_sk = date_dim.d_date_sk)
                                      ->  Index Scan using pk_item on item  (cost=0.29..0.31 rows=1 width=237) (actual time=0.002..0.002 rows=0 loops=7533)
                                            Index Cond: (i_item_sk = web_sales.ws_item_sk)
                                            Filter: (i_category = ANY ('{Home,Children,Men}'::bpchar[]))
                                            Rows Removed by Filter: 1
    i_item_id     |                                                                                               i_item_desc                                                                                                |                     i_category                     |                      i_class                       | i_current_price |    itemrevenue     |     revenueratio     
------------------+----------------------------------------------------------------------------------------------------------------------------------------------------------------------------------------------------------+----------------------------------------------------+----------------------------------------------------+-----------------+--------------------+----------------------
 AAAAAAAAAAFDAAAA | Publ                                                                                                                                                                                                     | Children                                           | infants                                            |            4.75 |            1699.56 |  0.34246590524174986
 AAAAAAAAAALCAAAA | Continually old goo                                                                                                                                                                                      | Children                                           | infants                                            |           68.02 |            7404.99 |   1.4921253757773218
 AAAAAAAAABCEAAAA | Perhaps royal police want up the options. Also formal boards stop ago huge adults. Days state very commercial records. Foreign, remaini                                                                  | Children                                           | infants                                            |            0.99 |            3961.71 |   0.7982952066742526
 AAAAAAAAACKBAAAA | Today general yards will make only; leading, historical years walk here. Loca                                                                                                                            | Children                                           | infants                                            |             9.5 |            5669.79 |   1.1424779148018434
 AAAAAAAAACPAAAAA | Sessions w                                                                                                                                                                                               | Children                                           | infants                                            |           95.22 |             988.74 |  0.19923376588571615
 AAAAAAAAADBEAAAA | Right ways may train chief, good programmes; new effects will not mean then in a reasons. Usually social differences can imply lips. Seconds spend. Complex, full memories boost perhaps on the          | Children                                           | infants                                            |            9.07 |            4140.07 |   0.8342352257726772
 AAAAAAAAADLCAAAA | Lives shall resume groups. Efforts stick so essential consumers; minute prices c                                                                                                                         | Children                                           | infants                                            |            6.06 |              68.73 | 0.013849279617821945
 AAAAAAAAAEDDAAAA | Feet might commence more. Hot hours detect then days; full,                                                                                                                                              | Children                                           | infants                                            |            3.85 |             1288.7 |  0.25967651161773814
 AAAAAAAAAELBAAAA | Words                                                                                                                                                                                                    | Children                                           | infants                                            |           69.13 |  7332.219999999999 |   1.4774620253075281
 AAAAAAAAAGKDAAAA | Never administrative days might assist compreh                                                                                                                                                           | Children                                           | infants                                            |            9.64 |            8186.01 |   1.6495030036997909
 AAAAAAAAAIADAAAA | Left, public hours go then powerful buildings. Me                                                                                                                                                        | Children                                           | infants                                            |            82.5 |            1280.42 |  0.25800806937656884
 AAAAAAAAAKAAAAAA | Rough minutes could not want. Weeks may not hear better eco                                                                                                                                              | Children                                           | infants                                            |            6.71 |             1406.1 |  0.28333292696958295
 AAAAAAAAAMIDAAAA | S                                                                                                                                                                                                        | Children                                           | infants                                            |            1.96 |            1089.15 |  0.21946665060018586
 AAAAAAAAAMKDAAAA | Good, specialist levels receive great advances. Parts would not return more in a expenses. Officials should know always complex, old year                                                                | Children                                           | infants                                            |            2.07 |            2024.92 |   0.4080268192015134
 AAAAAAAAANMBAAAA | Similar others may not hook e                                                                                                                                                                            | Children                                           | infants                                            |            5.83 |              659.1 |  0.13281042042930954
 AAAAAAAAAOGAAAAA | Categories collect there in a effects.                                                                                                                                                                   | Children                                           | infants                                            |            4.96 |             251.16 | 0.050609414648801976
 AAAAAAAABBLAAAAA | Other cities talk only from a agents.                                                                                                                                                                    | Children                                           | infants                                            |            2.85 |              397.8 |  0.08015776854313357
 AAAAAAAABEIAAAAA | Experimental, poor points will not position secondly. Unique limits can collect to a values; benefits stop well new, italian characteristics. Firmly possible others rescue at least further ti          | Children                                           | infants                                            |            2.97 | 3173.0399999999995 |   0.6393760832028771
 AAAAAAAABHACAAAA | Items remain in a teachers. Well popular skills manage varieties. American values ought to rebuild so little ideas. Recent, different pupils meet. Annual theories li                                    | Children                                           | infants                                            |            4.53 |            2136.81 |  0.43057295475277335
 AAAAAAAABINDAAAA | Principles want almost away inc effects. Large, domestic eyes think scenes. Indeed super approaches travel more resou                                                                                    | Children                                           | infants                                            |            1.85 |            5326.08 |   1.0732194265515658
 AAAAAAAABLDBAAAA | Voluntary friends accept also normal criteria. Befo                                                                                                                                                      | Children                                           | infants                                            |             9.9 |           12341.41 |   2.4868272656508648
 AAAAAAAABOHAAAAA | Remaining, negative metals must not convey quiet citizens. Criminal, existing groups must interpret numerous, social rights                                                                              | Children                                           | infants                                            |            8.81 |            4828.68 |    0.972991990469729
 AAAAAAAACEHBAAAA | American buildings develop just from a states. Persistent, regional                                                                                                                                      | Children                                           | infants                                            |            8.54 |            3771.24 |   0.7599149900467749
 AAAAAAAACELCAAAA | Early pp. could prove necessarily then tough parties. Clearly                                                                                                                                            | Children                                           | infants                                            |            5.31 |              25554 |     5.14919964140582
 AAAAAAAACGLDAAAA | Clear problems shall give; impr                                                                                                                                                                          | Children                                           | infants                                            |            2.99 |            5362.23 |   1.0805037486552214
 AAAAAAAACHACAAAA | Arbitrary houses make like a creatures. Uniquely new minutes must not make rough, historic genes. Normally international sectors can d                                                                   | Children                                           | infants                                            |            2.23 | 1343.8400000000001 |   0.2707873697310322
 AAAAAAAACIKAAAAA | Targets would not live. Strange houses can intend then courts. Barely large walls cannot support partial, unknown attitudes. Concerned, available ways should not hope bands.                            | Children                                           | infants                                            |            1.35 |             113.94 |  0.02295921605782966
 AAAAAAAACKAEAAAA | Frequent, possible days see. Losses can see now. Important officers train finally practitioners. National minutes take precisely hostile reports. Instead close newspa                                   | Children                                           | infants                                            |            0.94 |            3159.81 |   0.6367102026653566
 AAAAAAAACKODAAAA | Probably new weapons would need now deposits. Cities will help thoroughly over the agencies. Coastal, current years can bring eagerly prime women; times should turn figures. Industrial, partic         | Children                                           | infants                                            |            5.82 |            7473.18 |   1.5058658439446326
 AAAAAAAACLGBAAAA | Never absolute lads like however interesting numbers. Others may not make shortly blue banks;                                                                                                            | Children                                           | infants                                            |            1.58 |              590.8 |  0.11904778696652414
 AAAAAAAADANDAAAA | Likely years will consider                                                                                                                                                                               | Children                                           | infants                                            |            4.75 |            3563.55 |   0.7180648971641117
 AAAAAAAADBFBAAAA | Grimly domestic foods find in                                                                                                                                                                            | Children                                           | infants                                            |           26.58 |            1446.72 |   0.2915179660802468
 AAAAAAAADFACAAAA | Either external chapters should say years. Patterns will not discov                                                                                                                                      | Children                                           | infants                                            |            3.87 |            3199.95 |   0.6447985204866774
 AAAAAAAADFOAAAAA | Constitutional appeals end small, due knees. Conclusions take ever. E                                                                                                                                    | Children                                           | infants                                            |            8.53 |            8853.39 |   1.7839818663702698
 AAAAAAAADGICAAAA | Aware, historical cases clear still. Quite large banks add no. So long weapons will not ensure perfectly however massive teeth. Familiar years reckon too ameri                                          | Children                                           | infants                                            |            3.77 |             578.62 |  0.11659348424944178
 AAAAAAAADHHCAAAA | Past, important feet must meet at all useful bills. Items apply preferably teachers. Else real differences practice agreements; sophisticated events shall                                               | Children                                           | infants                                            |             4.3 |  986.4100000000001 |  0.19876426462702965
 AAAAAAAADIFDAAAA | Immediate, good circumstances shall stay slightly writers. Low acres would not remember almost practices. Co                                                                                             | Children                                           | infants                                            |            7.08 |            3238.84 |   0.6526349599503336
 AAAAAAAADJEDAAAA | All black photographs want quite. Profitable movements betray just in a conditions. Used, other passen                                                                                                   | Children                                           | infants                                            |            7.55 |              61.83 | 0.012458911083514199
 AAAAAAAADMBDAAAA | L                                                                                                                                                                                                        | Children                                           | infants                                            |            3.77 | 1527.6399999999999 |  0.30782356344201245
 AAAAAAAADMDBAAAA | There avail                                                                                                                                                                                              | Children                                           | infants                                            |            3.54 |             6650.4 |     1.34007346384931
 AAAAAAAAEAABAAAA | Towns pay with a years. Both rough companies rotate just fields. For example conventi                                                                                                                    | Children                                           | infants                                            |            0.69 |              273.9 |  0.05519158573143359
 AAAAAAAAEBJAAAAA | Bad, smooth months show in a interviews. In full functional tactics ma                                                                                                                                   | Children                                           | infants                                            |            1.54 |            5530.89 |     1.11448919169817
 AAAAAAAAECNBAAAA | Stories happen elements; now hi                                                                                                                                                                          | Children                                           | infants                                            |             0.4 |             765.12 |  0.15417373521297725
 AAAAAAAAEDABAAAA | Public, everyday brothers take on a cards. Aga                                                                                                                                                           | Children                                           | infants                                            |             3.8 |             245.28 |  0.04942457885434842
 AAAAAAAAEECEAAAA | Then slow years fix in a problems. Journals                                                                                                                                                              | Children                                           | infants                                            |            1.74 |            1077.58 |  0.21713526452164372
 AAAAAAAAEENCAAAA | Informal, accurate women must predict very alone words. At last ultimate readers shoot yet years; other modules set unusually i                                                                          | Children                                           | infants                                            |            4.49 |             271.04 |  0.05461528804909735
 AAAAAAAAEIBDAAAA | Less identical families shall not want again objects. More real holidays would not understand probably small, polite representations. Spatial rates should see and so on. Natural, critical details sh   | Children                                           | infants                                            |            1.68 |             298.54 |  0.06015661191771518
 AAAAAAAAEIFAAAAA | Also european conditions may know before for a buildings. Relevant, heavy friends make. Single, british doubts grow usuall                                                                               | Children                                           | infants                                            |            4.81 |             1826.9 |  0.36812525729374235
 AAAAAAAAEIJBAAAA | Different, n                                                                                                                                                                                             | Children                                           | infants                                            |            0.63 |           11348.71 |   2.2867955491280676
 AAAAAAAAEJBDAAAA | Always                                                                                                                                                                                                   | Children                                           | infants                                            |           67.23 |            2137.77 |  0.43076639733145966
 AAAAAAAAEJLBAAAA | Changing, only birds may investigate well bodies. Grounds hear at least federal words. Insufficient businesses discuss cells. Much efficient offices understand with a cheeks. Cons                      | Children                                           | infants                                            |            5.45 |              50.76 | 0.010228276348037857
 AAAAAAAAEKBCAAAA | Private                                                                                                                                                                                                  | Children                                           | infants                                            |            2.72 |             844.23 |  0.17011461271284478
 AAAAAAAAELACAAAA | So free steps must not respond straight direct secondary areas; only offic                                                                                                                               | Children                                           | infants                                            |             2.9 |            6519.82 |   1.3137612430942511
 AAAAAAAAEMBCAAAA | Free implications see so military, dark room                                                                                                                                                             | Children                                           | infants                                            |             3.4 |            2483.68 |   0.5004681914912267
 AAAAAAAAEMPAAAAA | General, import                                                                                                                                                                                          | Children                                           | infants                                            |             5.8 |              202.4 |  0.04078414367302723
 AAAAAAAAEPCBAAAA | Physical cases might meet suddenly companies. Demanding, other areas may help even pressures. Aside local companies get both like a                                                                      | Children                                           | infants                                            |            3.45 |              28.74 | 0.005791187199420962
 AAAAAAAAEPMDAAAA | Chemical historians say                                                                                                                                                                                  | Children                                           | infants                                            |            4.88 |           11117.89 |   2.2402846991151817
 AAAAAAAAFEHAAAAA | Significant animals may not enforce wide left games. Straight minimal stars should support important                                                                                                     | Children                                           | infants                                            |           78.71 |             575.46 |  0.11595673576126607
 AAAAAAAAFGEBAAAA | Officially yellow words shall understand high national clean options. Just military lips look civil mothers. Serious, constitutional years would mak                                                     | Children                                           | infants                                            |             1.1 |            2180.53 |   0.4393826521904451
 AAAAAAAAFJLAAAAA | Fresh, other books may decide bloody public organs. Ordinary rules explore burning officials. However correct applications would possess highest black possible findings; alternativ                     | Children                                           | infants                                            |             4.3 |             190.97 |  0.03848096797054353
 AAAAAAAAFKCCAAAA | Then original memories shall not think special, grey workers.                                                                                                                                            | Children                                           | infants                                            |            7.09 |           11646.81 |    2.346863499863885
 AAAAAAAAFMKBAAAA | Safe eyes consider quickly. European, living shoes help probably interested influences. Relations result never eyes. Current, loca                                                                       | Children                                           | infants                                            |            7.03 |            2729.79 |   0.5500600175750643
 AAAAAAAAFNICAAAA | Real, right books ought to look industrial properties. Enterprises used to keep again between a authors. Nearby, established officials s                                                                 | Children                                           | infants                                            |            2.32 |                236 |  0.04755463392704756
 AAAAAAAAFOLBAAAA | Federal users would                                                                                                                                                                                      | Children                                           | infants                                            |            7.67 |             445.16 |  0.08970093575832414
 AAAAAAAAGAACAAAA | Public, long jobs can recommend right from a colleagues. Recent, serious things solve patient, classical conditions. Physical, little problems agree protests; politically legal benefits make. Men cont | Children                                           | infants                                            |            4.71 |            6989.36 |   1.4083748143404626
 AAAAAAAAGBJBAAAA | Effective, different patients might know friends. Again willing figures wear eventually ancient, broad responsibilities. Sources highlight again with a food                                             | Children                                           | infants                                            |            7.32 |            4260.63 |   0.8585283896126977
 AAAAAAAAGBPBAAAA | Parties ought to                                                                                                                                                                                         | Children                                           | infants                                            |            2.53 |            5892.62 |   1.1873787583525381
 AAAAAAAAGCMCAAAA | Things will impose socially to the organisations. Difficult workers consider open amo                                                                                                                    | Children                                           | infants                                            |             0.6 |            2575.26 |   0.5189218074871548
 AAAAAAAAGDHBAAAA | Able, solar arms can obtain. Personal, strong terms resort however disastrous weaknesses; periods could hit elements.                                                                                    | Children                                           | infants                                            |            6.41 |            6635.95 |   1.3371617500347088
 AAAAAAAAGGABAAAA | Existing services ought to take particular practitio                                                                                                                                                     | Children                                           | infants                                            |            0.87 |             1945.2 |   0.3919630250631056
 AAAAAAAAGGGBAAAA | Monthly positions play effectively high areas. Usually single days die old, british terms. Heads shall impair equally th                                                                                 | Children                                           | infants                                            |             6.9 |           12960.75 |   2.6116259392795835
 AAAAAAAAGIFAAAAA | Even local studies used to rise before a topics; important cases shall let on the tickets. Minor, alone memories transmit. Most innocent users become in particular as                                   | Children                                           | infants                                            |            1.72 |             288.88 |  0.05821009596968432
 AAAAAAAAGJEAAAAA | Magazines tell furthermore long total historians. Northern tanks take only immen                                                                                                                         | Children                                           | infants                                            |            3.85 |            3695.22 |   0.7445967558470539
 AAAAAAAAGKGAAAAA | European, quick definitions restrict black beans. Canadian, chinese measures use both to a friends; outside increasing prices change yet parties. Now sta                                                | Children                                           | infants                                            |            5.93 |             798.35 |  0.16086966947312892
 AAAAAAAAGMNBAAAA | Gradually existing miles must go often. Badly different relatives wait highly basic cu                                                                                                                   | Children                                           | infants                                            |            3.56 |             1054.4 |  0.21246443225711423
 AAAAAAAAGMPBAAAA | Other jobs ough                                                                                                                                                                                          | Children                                           | infants                                            |            2.44 |             588.35 |  0.11855410538550185
 AAAAAAAAGNPAAAAA | Other, expensive pieces should carry predominantly dangerous gentlemen. However just problems could encourage other ha                                                                                   | Children                                           | infants                                            |            2.41 |               8979 |   1.8092926187752547
 AAAAAAAAGPHBAAAA | Far welsh novels ought to observe so out of a women. Individual elements come never germa                                                                                                                | Children                                           | infants                                            |            6.24 |              35.88 | 0.007229916378400284
 AAAAAAAAGPKDAAAA | English, standard troops meet then by the sectors; approp                                                                                                                                                | Children                                           | infants                                            |            3.39 |  7521.900000000001 |   1.5156830548129623
 AAAAAAAAGPLAAAAA | Economic pilots analyse also. Needs start special plans. Partly political witnesses should feel wrong opportunities. Low details will not learn; right, different variables replace basically re         | Children                                           | infants                                            |            1.83 |             882.84 |  0.17789463142438422
 AAAAAAAAHBEBAAAA | Plans know countries. Other, nuclear detectives must back very cold changes; serious votes leave. Red hands realise slow new arts. Foreign keys must not take for a occasions. Large, able times ho      | Children                                           | infants                                            |            1.56 |             1235.5 |  0.24895656871553926
 AAAAAAAAHEACAAAA | True, fine consequences look certainly pub                                                                                                                                                               | Children                                           | infants                                            |            0.45 |             738.15 |  0.14873920776800917
 AAAAAAAAHGBCAAAA | Military, able kids order again similar times. No doubt available divisions read mor                                                                                                                     | Children                                           | infants                                            |            2.41 |            6310.08 |   1.2714980697050182
 AAAAAAAAHHCAAAAA | Financial, sad women seek national films. Free, inevitable years might take friends; seeds answer quiet laws. Large officers could levy european, regular children. Wet, high yards play d               | Children                                           | infants                                            |            7.39 |            3247.68 |   0.6544162436957366
 AAAAAAAAHJFEAAAA | Furiou                                                                                                                                                                                                   | Children                                           | infants                                            |            6.92 | 6714.0199999999995 |   1.3528930647409996
 AAAAAAAAHJMDAAAA | New powers exclude of course. Specific, primary women sit simply in a experiences. Similar, irrelevant things produce in a demands. Little, open relations understand too well similar club              | Children                                           | infants                                            |           59.51 |             423.04 |  0.08524369634109408
 AAAAAAAAHKBBAAAA | Local prices walk nowhere only other others. Applications support features. Right, heavy troops can like significantly currently unlikely cars; active su                                                | Children                                           | infants                                            |            8.77 |            3962.04 |    0.798361702560676
 AAAAAAAAHNIAAAAA | Complex groups should look here indeed free thousands; industrial, main friends will happen direct expectations. Personal, mon                                                                           | Children                                           | infants                                            |           14.45 |             412.06 |  0.08303119684736958
 AAAAAAAAHOJBAAAA | Common children cause even winds; slight differences mean                                                                                                                                                | Children                                           | infants                                            |           71.67 |            1099.85 |  0.22162272934179347
 AAAAAAAAIAIBAAAA | Able, irish incom                                                                                                                                                                                        | Children                                           | infants                                            |            4.37 |            1667.51 |   0.3360077441512334
 AAAAAAAAIGDDAAAA | Now new boards could tell other, conservative ri                                                                                                                                                         | Children                                           | infants                                            |            5.46 |                  0 |                    0
 AAAAAAAAIJFDAAAA | Favorite systems buy still. Reliable, blind models express blue parties. Full, labour tests                                                                                                              | Children                                           | infants                                            |            6.45 |             955.42 |  0.19251969638381264
 AAAAAAAAIJPAAAAA | English crops promote further for a patients. Too long machines might tend obviously wooden likely sentences. Political peasan                                                                           | Children                                           | infants                                            |            3.46 |             906.24 |  0.18260979427986265
 AAAAAAAAIKAEAAAA | Here legal measures will browse above long affairs. Inc, correct feelings work local things. Languages used to redress hence beyond the strange                                                          | Children                                           | infants                                            |            7.99 |            2998.41 |   0.6041876691237232
 AAAAAAAAILDDAAAA | Great markets should stop curiously still great roads. Good resources calculate. Political budgets leave as bizarre letters. Eventually rich spirits make slowly policies; increased, old manufacturer   | Children                                           | infants                                            |            6.11 |           16780.21 |    3.381257388851622
 AAAAAAAAINLAAAAA | As good as tiny shelves would not challenge rocks. Back, maximum hours may not make too expensive contents. Absolutely new others take particularly available, competitive pieces. Directl               | Children                                           | infants                                            |            5.31 |             239.82 |  0.04832437418807012
 AAAAAAAAINMCAAAA | Often black meanings lay tomorrow ago subject friends. Tight previous links assess unique, national areas; different developments belong just. Much free projects date spanish                           | Children                                           | infants                                            |            0.58 |              942.4 |  0.18989613141037978
 AAAAAAAAJAGBAAAA | Points t                                                                                                                                                                                                 | Children                                           | infants                                            |            4.54 |            4306.12 |   0.8676947468048223
 AAAAAAAAJFFAAAAA | Nearly international plants will not like years. Women die with a rises. Thus massive groups establish earlier manageri                                                                                  | Children                                           | infants                                            |             6.1 | 159.32000000000002 |  0.03210340795447974
 AAAAAAAAJONBAAAA | Again visual signs see just uncomfortable machines. Memories see practical, current police. Here upper lives o                                                                                           | Children                                           | infants                                            |            5.07 |              156.2 | 0.031474719573749275
(100 rows)

UPDATE time_statistics SET e_time = TRANSACTION_TIMESTAMP() WHERE template = '../query_postgresql/query12.tpl' AND stream = 6;
psql:/tmp/s1-basline/throughput/query_6.sql:3770: NOTICE:  duration: 0.091 ms  plan:
Query Text: UPDATE time_statistics SET e_time = TRANSACTION_TIMESTAMP() WHERE template = '../query_postgresql/query12.tpl' AND stream = 6;
Update on time_statistics  (cost=0.00..21.46 rows=0 width=0) (actual time=0.090..0.090 rows=0 loops=1)
  ->  Seq Scan on time_statistics  (cost=0.00..21.46 rows=1 width=14) (actual time=0.080..0.080 rows=1 loops=1)
        Filter: ((template = '../query_postgresql/query12.tpl'::text) AND (stream = 6))
        Rows Removed by Filter: 719
UPDATE 1
LOAD 'auto_explain'; SET auto_explain.log_min_duration TO 0; SET auto_explain.log_analyze TO on; SET auto_explain.log_level TO notice; INSERT INTO time_statistics (template, s_time, stream, query, seed) VALUES ('query64.tpl', TRANSACTION_TIMESTAMP(), 6, 78, 1895479555);
LOAD
SET
SET
SET
psql:/tmp/s1-basline/throughput/query_6.sql:3771: NOTICE:  duration: 0.008 ms  plan:
Query Text: INSERT INTO time_statistics (template, s_time, stream, query, seed) VALUES ('query64.tpl', TRANSACTION_TIMESTAMP(), 6, 78, 1895479555);
Insert on time_statistics  (cost=0.00..0.01 rows=0 width=0) (actual time=0.007..0.008 rows=0 loops=1)
  ->  Result  (cost=0.00..0.01 rows=1 width=64) (actual time=0.001..0.001 rows=1 loops=1)
INSERT 0 1
with cs_ui as
 (select cs_item_sk
        ,sum(cs_ext_list_price) as sale,sum(cr_refunded_cash+cr_reversed_charge+cr_store_credit) as refund
  from catalog_sales
      ,catalog_returns
  where cs_item_sk = cr_item_sk
    and cs_order_number = cr_order_number
  group by cs_item_sk
  having sum(cs_ext_list_price)>2*sum(cr_refunded_cash+cr_reversed_charge+cr_store_credit)),
cross_sales as
 (select i_product_name product_name
     ,i_item_sk item_sk
     ,s_store_name store_name
     ,s_zip store_zip
     ,ad1.ca_street_number b_street_number
     ,ad1.ca_street_name b_street_name
     ,ad1.ca_city b_city
     ,ad1.ca_zip b_zip
     ,ad2.ca_street_number c_street_number
     ,ad2.ca_street_name c_street_name
     ,ad2.ca_city c_city
     ,ad2.ca_zip c_zip
     ,d1.d_year as syear
     ,d2.d_year as fsyear
     ,d3.d_year s2year
     ,count(*) cnt
     ,sum(ss_wholesale_cost) s1
     ,sum(ss_list_price) s2
     ,sum(ss_coupon_amt) s3
  FROM   store_sales
        ,store_returns
        ,cs_ui
        ,date_dim d1
        ,date_dim d2
        ,date_dim d3
        ,store
        ,customer
        ,customer_demographics cd1
        ,customer_demographics cd2
        ,promotion
        ,household_demographics hd1
        ,household_demographics hd2
        ,customer_address ad1
        ,customer_address ad2
        ,income_band ib1
        ,income_band ib2
        ,item
  WHERE  ss_store_sk = s_store_sk AND
         ss_sold_date_sk = d1.d_date_sk AND
         ss_customer_sk = c_customer_sk AND
         ss_cdemo_sk= cd1.cd_demo_sk AND
         ss_hdemo_sk = hd1.hd_demo_sk AND
         ss_addr_sk = ad1.ca_address_sk and
         ss_item_sk = i_item_sk and
         ss_item_sk = sr_item_sk and
         ss_ticket_number = sr_ticket_number and
         ss_item_sk = cs_ui.cs_item_sk and
         c_current_cdemo_sk = cd2.cd_demo_sk AND
         c_current_hdemo_sk = hd2.hd_demo_sk AND
         c_current_addr_sk = ad2.ca_address_sk and
         c_first_sales_date_sk = d2.d_date_sk and
         c_first_shipto_date_sk = d3.d_date_sk and
         ss_promo_sk = p_promo_sk and
         hd1.hd_income_band_sk = ib1.ib_income_band_sk and
         hd2.hd_income_band_sk = ib2.ib_income_band_sk and
         cd1.cd_marital_status <> cd2.cd_marital_status and
         i_color in ('forest','magenta','frosted','yellow','blue','gainsboro') and
         i_current_price between 42 and 42 + 10 and
         i_current_price between 42 + 1 and 42 + 15
group by i_product_name
       ,i_item_sk
       ,s_store_name
       ,s_zip
       ,ad1.ca_street_number
       ,ad1.ca_street_name
       ,ad1.ca_city
       ,ad1.ca_zip
       ,ad2.ca_street_number
       ,ad2.ca_street_name
       ,ad2.ca_city
       ,ad2.ca_zip
       ,d1.d_year
       ,d2.d_year
       ,d3.d_year
)
select cs1.product_name
     ,cs1.store_name
     ,cs1.store_zip
     ,cs1.b_street_number
     ,cs1.b_street_name
     ,cs1.b_city
     ,cs1.b_zip
     ,cs1.c_street_number
     ,cs1.c_street_name
     ,cs1.c_city
     ,cs1.c_zip
     ,cs1.syear
     ,cs1.cnt
     ,cs1.s1 as s11
     ,cs1.s2 as s21
     ,cs1.s3 as s31
     ,cs2.s1 as s12
     ,cs2.s2 as s22
     ,cs2.s3 as s32
     ,cs2.syear
     ,cs2.cnt
from cross_sales cs1,cross_sales cs2
where cs1.item_sk=cs2.item_sk and
     cs1.syear = 2001 and
     cs2.syear = 2001 + 1 and
     cs2.cnt <= cs1.cnt and
     cs1.store_name = cs2.store_name and
     cs1.store_zip = cs2.store_zip
order by cs1.product_name
       ,cs1.store_name
       ,cs2.cnt
       ,cs1.s1
       ,cs2.s1;
psql:/tmp/s1-basline/throughput/query_6.sql:3889: NOTICE:  duration: 452.790 ms  plan:
Query Text: with cs_ui as
 (select cs_item_sk
        ,sum(cs_ext_list_price) as sale,sum(cr_refunded_cash+cr_reversed_charge+cr_store_credit) as refund
  from catalog_sales
      ,catalog_returns
  where cs_item_sk = cr_item_sk
    and cs_order_number = cr_order_number
  group by cs_item_sk
  having sum(cs_ext_list_price)>2*sum(cr_refunded_cash+cr_reversed_charge+cr_store_credit)),
cross_sales as
 (select i_product_name product_name
     ,i_item_sk item_sk
     ,s_store_name store_name
     ,s_zip store_zip
     ,ad1.ca_street_number b_street_number
     ,ad1.ca_street_name b_street_name
     ,ad1.ca_city b_city
     ,ad1.ca_zip b_zip
     ,ad2.ca_street_number c_street_number
     ,ad2.ca_street_name c_street_name
     ,ad2.ca_city c_city
     ,ad2.ca_zip c_zip
     ,d1.d_year as syear
     ,d2.d_year as fsyear
     ,d3.d_year s2year
     ,count(*) cnt
     ,sum(ss_wholesale_cost) s1
     ,sum(ss_list_price) s2
     ,sum(ss_coupon_amt) s3
  FROM   store_sales
        ,store_returns
        ,cs_ui
        ,date_dim d1
        ,date_dim d2
        ,date_dim d3
        ,store
        ,customer
        ,customer_demographics cd1
        ,customer_demographics cd2
        ,promotion
        ,household_demographics hd1
        ,household_demographics hd2
        ,customer_address ad1
        ,customer_address ad2
        ,income_band ib1
        ,income_band ib2
        ,item
  WHERE  ss_store_sk = s_store_sk AND
         ss_sold_date_sk = d1.d_date_sk AND
         ss_customer_sk = c_customer_sk AND
         ss_cdemo_sk= cd1.cd_demo_sk AND
         ss_hdemo_sk = hd1.hd_demo_sk AND
         ss_addr_sk = ad1.ca_address_sk and
         ss_item_sk = i_item_sk and
         ss_item_sk = sr_item_sk and
         ss_ticket_number = sr_ticket_number and
         ss_item_sk = cs_ui.cs_item_sk and
         c_current_cdemo_sk = cd2.cd_demo_sk AND
         c_current_hdemo_sk = hd2.hd_demo_sk AND
         c_current_addr_sk = ad2.ca_address_sk and
         c_first_sales_date_sk = d2.d_date_sk and
         c_first_shipto_date_sk = d3.d_date_sk and
         ss_promo_sk = p_promo_sk and
         hd1.hd_income_band_sk = ib1.ib_income_band_sk and
         hd2.hd_income_band_sk = ib2.ib_income_band_sk and
         cd1.cd_marital_status <> cd2.cd_marital_status and
         i_color in ('forest','magenta','frosted','yellow','blue','gainsboro') and
         i_current_price between 42 and 42 + 10 and
         i_current_price between 42 + 1 and 42 + 15
group by i_product_name
       ,i_item_sk
       ,s_store_name
       ,s_zip
       ,ad1.ca_street_number
       ,ad1.ca_street_name
       ,ad1.ca_city
       ,ad1.ca_zip
       ,ad2.ca_street_number
       ,ad2.ca_street_name
       ,ad2.ca_city
       ,ad2.ca_zip
       ,d1.d_year
       ,d2.d_year
       ,d3.d_year
)
select cs1.product_name
     ,cs1.store_name
     ,cs1.store_zip
     ,cs1.b_street_number
     ,cs1.b_street_name
     ,cs1.b_city
     ,cs1.b_zip
     ,cs1.c_street_number
     ,cs1.c_street_name
     ,cs1.c_city
     ,cs1.c_zip
     ,cs1.syear
     ,cs1.cnt
     ,cs1.s1 as s11
     ,cs1.s2 as s21
     ,cs1.s3 as s31
     ,cs2.s1 as s12
     ,cs2.s2 as s22
     ,cs2.s3 as s32
     ,cs2.syear
     ,cs2.cnt
from cross_sales cs1,cross_sales cs2
where cs1.item_sk=cs2.item_sk and
     cs1.syear = 2001 and
     cs2.syear = 2001 + 1 and
     cs2.cnt <= cs1.cnt and
     cs1.store_name = cs2.store_name and
     cs1.store_zip = cs2.store_zip
order by cs1.product_name
       ,cs1.store_name
       ,cs2.cnt
       ,cs1.s1
       ,cs2.s1;
Sort  (cost=71756.29..71756.29 rows=1 width=1166) (actual time=389.131..452.787 rows=0 loops=1)
  Sort Key: cs1.product_name, cs1.store_name, cs2.cnt, cs1.s1, cs2.s1
  Sort Method: quicksort  Memory: 25kB
  CTE cross_sales
    ->  GroupAggregate  (cost=71756.15..71756.21 rows=1 width=199) (actual time=388.962..452.685 rows=72 loops=1)
          Group Key: item.i_product_name, item.i_item_sk, store.s_store_name, store.s_zip, ad1.ca_street_number, ad1.ca_street_name, ad1.ca_city, ad1.ca_zip, ad2.ca_street_number, ad2.ca_street_name, ad2.ca_city, ad2.ca_zip, d1.d_year, d2.d_year, d3.d_year
          ->  Sort  (cost=71756.15..71756.16 rows=1 width=191) (actual time=388.955..452.612 rows=72 loops=1)
                Sort Key: item.i_product_name, item.i_item_sk, store.s_store_name, store.s_zip, ad1.ca_street_number, ad1.ca_street_name, ad1.ca_city, ad1.ca_zip, ad2.ca_street_number, ad2.ca_street_name, ad2.ca_city, ad2.ca_zip, d1.d_year, d2.d_year, d3.d_year
                Sort Method: quicksort  Memory: 41kB
                ->  Nested Loop  (cost=71620.75..71756.14 rows=1 width=191) (actual time=323.951..452.483 rows=72 loops=1)
                      ->  Nested Loop  (cost=71620.61..71755.98 rows=1 width=199) (actual time=323.948..452.399 rows=72 loops=1)
                            ->  Nested Loop  (cost=71620.32..71755.66 rows=1 width=167) (actual time=323.942..452.158 rows=72 loops=1)
                                  ->  Nested Loop  (cost=71620.17..71755.50 rows=1 width=175) (actual time=323.935..452.033 rows=72 loops=1)
                                        Join Filter: (cd1.cd_marital_status <> cd2.cd_marital_status)
                                        Rows Removed by Join Filter: 19
                                        ->  Nested Loop  (cost=71619.75..71754.75 rows=1 width=185) (actual time=323.883..451.597 rows=93 loops=1)
                                              ->  Nested Loop  (cost=71619.61..71754.59 rows=1 width=193) (actual time=323.876..451.471 rows=93 loops=1)
                                                    ->  Nested Loop  (cost=71619.32..71754.26 rows=1 width=197) (actual time=323.872..451.297 rows=93 loops=1)
                                                          ->  Nested Loop  (cost=71619.03..71753.96 rows=1 width=197) (actual time=323.868..451.093 rows=97 loops=1)
                                                                ->  Nested Loop  (cost=71618.74..71753.63 rows=1 width=201) (actual time=323.862..450.882 rows=102 loops=1)
                                                                      ->  Nested Loop  (cost=71618.45..71753.32 rows=1 width=169) (actual time=323.852..450.483 rows=102 loops=1)
                                                                            ->  Nested Loop  (cost=71618.31..71753.17 rows=1 width=161) (actual time=323.844..450.339 rows=102 loops=1)
                                                                                  ->  Nested Loop  (cost=71617.89..71752.71 rows=1 width=167) (actual time=323.833..449.864 rows=102 loops=1)
                                                                                        ->  Nested Loop  (cost=71617.59..71752.40 rows=1 width=171) (actual time=323.823..449.660 rows=105 loops=1)
                                                                                              ->  Nested Loop  (cost=71617.30..71752.09 rows=1 width=139) (actual time=323.813..449.305 rows=108 loops=1)
                                                                                                    ->  Nested Loop  (cost=71617.02..71751.79 rows=1 width=139) (actual time=323.804..449.056 rows=113 loops=1)
                                                                                                          Join Filter: (item.i_item_sk = store_sales.ss_item_sk)
                                                                                                          ->  Nested Loop  (cost=71616.59..71739.09 rows=16 width=83) (actual time=323.791..448.639 rows=115 loops=1)
                                                                                                                ->  Nested Loop  (cost=71616.17..71736.94 rows=1 width=67) (actual time=323.777..448.489 rows=8 loops=1)
                                                                                                                      ->  Finalize GroupAggregate  (cost=71615.88..71633.99 rows=47 width=24) (actual time=321.677..419.017 rows=17112 loops=1)
                                                                                                                            Group Key: catalog_sales.cs_item_sk
                                                                                                                            Filter: (sum(catalog_sales.cs_ext_list_price) > ('2'::double precision * sum(((catalog_returns.cr_refunded_cash + catalog_returns.cr_reversed_charge) + catalog_returns.cr_store_credit))))
                                                                                                                            Rows Removed by Filter: 751
                                                                                                                            ->  Gather Merge  (cost=71615.88..71630.98 rows=118 width=24) (actual time=321.670..410.608 rows=46392 loops=1)
                                                                                                                                  Workers Planned: 2
                                                                                                                                  Workers Launched: 2
                                                                                                                                  ->  Partial GroupAggregate  (cost=70615.86..70617.33 rows=59 width=24) (actual time=315.896..331.367 rows=15464 loops=3)
                                                                                                                                        Group Key: catalog_sales.cs_item_sk
                                                                                                                                        ->  Sort  (cost=70615.86..70616.00 rows=59 width=40) (actual time=315.884..320.598 rows=46969 loops=3)
                                                                                                                                              Sort Key: catalog_sales.cs_item_sk
                                                                                                                                              Sort Method: quicksort  Memory: 6540kB
                                                                                                                                              Worker 0:  Sort Method: quicksort  Memory: 4498kB
                                                                                                                                              Worker 1:  Sort Method: quicksort  Memory: 4509kB
                                                                                                                                              ->  Hash Join  (cost=7963.38..70614.12 rows=59 width=40) (actual time=83.485..303.619 rows=46969 loops=3)
                                                                                                                                                    Hash Cond: ((catalog_sales.cs_item_sk = catalog_returns.cr_item_sk) AND (catalog_sales.cs_order_number = catalog_returns.cr_order_number))
                                                                                                                                                    ->  Parallel Seq Scan on catalog_sales  (cost=0.00..59490.16 rows=602016 width=24) (actual time=0.015..75.420 rows=473789 loops=3)
                                                                                                                                                    ->  Hash  (cost=5788.75..5788.75 rows=144975 width=40) (actual time=82.667..82.668 rows=143354 loops=3)
                                                                                                                                                          Buckets: 262144  Batches: 1  Memory Usage: 12062kB
                                                                                                                                                          ->  Seq Scan on catalog_returns  (cost=0.00..5788.75 rows=144975 width=40) (actual time=0.022..53.374 rows=143354 loops=3)
                                                                                                                      ->  Index Scan using pk_item on item  (cost=0.29..2.17 rows=1 width=59) (actual time=0.002..0.002 rows=0 loops=17112)
                                                                                                                            Index Cond: (i_item_sk = catalog_sales.cs_item_sk)
                                                                                                                            Filter: ((i_current_price >= '42'::double precision) AND (i_current_price <= '52'::double precision) AND (i_current_price >= '43'::double precision) AND (i_current_price <= '57'::double precision) AND (i_color = ANY ('{forest,magenta,frosted,yellow,blue,gainsboro}'::bpchar[])))
                                                                                                                            Rows Removed by Filter: 1
                                                                                                                ->  Index Only Scan using pk_store_returns on store_returns  (cost=0.42..1.98 rows=18 width=16) (actual time=0.007..0.017 rows=14 loops=8)
                                                                                                                      Index Cond: (sr_item_sk = item.i_item_sk)
                                                                                                                      Heap Fetches: 45
                                                                                                          ->  Index Scan using pk_store_sales on store_sales  (cost=0.43..0.78 rows=1 width=96) (actual time=0.003..0.003 rows=1 loops=115)
                                                                                                                Index Cond: ((ss_item_sk = store_returns.sr_item_sk) AND (ss_ticket_number = store_returns.sr_ticket_number))
                                                                                                    ->  Index Scan using pk_household_demographics on household_demographics hd1  (cost=0.28..0.30 rows=1 width=16) (actual time=0.002..0.002 rows=1 loops=113)
                                                                                                          Index Cond: (hd_demo_sk = store_sales.ss_hdemo_sk)
                                                                                              ->  Index Scan using pk_customer_address on customer_address ad1  (cost=0.29..0.31 rows=1 width=48) (actual time=0.003..0.003 rows=1 loops=108)
                                                                                                    Index Cond: (ca_address_sk = store_sales.ss_addr_sk)
                                                                                        ->  Index Scan using pk_date_dim on date_dim d1  (cost=0.29..0.31 rows=1 width=12) (actual time=0.001..0.001 rows=1 loops=105)
                                                                                              Index Cond: (d_date_sk = store_sales.ss_sold_date_sk)
                                                                                  ->  Index Scan using pk_customer_demographics on customer_demographics cd1  (cost=0.43..0.46 rows=1 width=10) (actual time=0.004..0.004 rows=1 loops=102)
                                                                                        Index Cond: (cd_demo_sk = store_sales.ss_cdemo_sk)
                                                                            ->  Index Scan using pk_store on store  (cost=0.14..0.15 rows=1 width=24) (actual time=0.001..0.001 rows=1 loops=102)
                                                                                  Index Cond: (s_store_sk = store_sales.ss_store_sk)
                                                                      ->  Index Scan using pk_customer on customer  (cost=0.29..0.31 rows=1 width=48) (actual time=0.003..0.003 rows=1 loops=102)
                                                                            Index Cond: (c_customer_sk = store_sales.ss_customer_sk)
                                                                ->  Index Scan using pk_date_dim on date_dim d3  (cost=0.29..0.33 rows=1 width=12) (actual time=0.002..0.002 rows=1 loops=102)
                                                                      Index Cond: (d_date_sk = customer.c_first_shipto_date_sk)
                                                          ->  Index Scan using pk_household_demographics on household_demographics hd2  (cost=0.28..0.30 rows=1 width=16) (actual time=0.002..0.002 rows=1 loops=97)
                                                                Index Cond: (hd_demo_sk = customer.c_current_hdemo_sk)
                                                    ->  Index Scan using pk_date_dim on date_dim d2  (cost=0.29..0.33 rows=1 width=12) (actual time=0.001..0.001 rows=1 loops=93)
                                                          Index Cond: (d_date_sk = customer.c_first_sales_date_sk)
                                              ->  Index Only Scan using pk_income_band on income_band ib2  (cost=0.14..0.16 rows=1 width=8) (actual time=0.001..0.001 rows=1 loops=93)
                                                    Index Cond: (ib_income_band_sk = hd2.hd_income_band_sk)
                                                    Heap Fetches: 93
                                        ->  Index Scan using pk_customer_demographics on customer_demographics cd2  (cost=0.43..0.74 rows=1 width=10) (actual time=0.004..0.004 rows=1 loops=93)
                                              Index Cond: (cd_demo_sk = customer.c_current_cdemo_sk)
                                  ->  Index Only Scan using pk_promotion on promotion  (cost=0.15..0.17 rows=1 width=8) (actual time=0.001..0.001 rows=1 loops=72)
                                        Index Cond: (p_promo_sk = store_sales.ss_promo_sk)
                                        Heap Fetches: 72
                            ->  Index Scan using pk_customer_address on customer_address ad2  (cost=0.29..0.32 rows=1 width=48) (actual time=0.003..0.003 rows=1 loops=72)
                                  Index Cond: (ca_address_sk = customer.c_current_addr_sk)
                      ->  Index Only Scan using pk_income_band on income_band ib1  (cost=0.14..0.16 rows=1 width=8) (actual time=0.001..0.001 rows=1 loops=72)
                            Index Cond: (ib_income_band_sk = hd1.hd_income_band_sk)
                            Heap Fetches: 72
  ->  Nested Loop  (cost=0.00..0.07 rows=1 width=1166) (actual time=389.128..389.128 rows=0 loops=1)
        Join Filter: ((cs2.cnt <= cs1.cnt) AND (cs1.item_sk = cs2.item_sk) AND ((cs1.store_name)::text = (cs2.store_name)::text) AND (cs1.store_zip = cs2.store_zip))
        Rows Removed by Join Filter: 78
        ->  CTE Scan on cross_sales cs1  (cost=0.00..0.02 rows=1 width=1138) (actual time=388.977..388.985 rows=3 loops=1)
              Filter: (syear = 2001)
              Rows Removed by Filter: 69
        ->  CTE Scan on cross_sales cs2  (cost=0.00..0.02 rows=1 width=206) (actual time=0.000..0.044 rows=26 loops=3)
              Filter: (syear = 2002)
              Rows Removed by Filter: 46
 product_name | store_name | store_zip | b_street_number | b_street_name | b_city | b_zip | c_street_number | c_street_name | c_city | c_zip | syear | cnt | s11 | s21 | s31 | s12 | s22 | s32 | syear | cnt 
--------------+------------+-----------+-----------------+---------------+--------+-------+-----------------+---------------+--------+-------+-------+-----+-----+-----+-----+-----+-----+-----+-------+-----
(0 rows)

UPDATE time_statistics SET e_time = TRANSACTION_TIMESTAMP() WHERE template = 'query64.tpl' AND stream = 6;
psql:/tmp/s1-basline/throughput/query_6.sql:3891: NOTICE:  duration: 0.109 ms  plan:
Query Text: UPDATE time_statistics SET e_time = TRANSACTION_TIMESTAMP() WHERE template = 'query64.tpl' AND stream = 6;
Update on time_statistics  (cost=0.00..21.46 rows=0 width=0) (actual time=0.108..0.109 rows=0 loops=1)
  ->  Seq Scan on time_statistics  (cost=0.00..21.46 rows=1 width=14) (actual time=0.094..0.094 rows=1 loops=1)
        Filter: ((template = 'query64.tpl'::text) AND (stream = 6))
        Rows Removed by Filter: 720
UPDATE 1
LOAD 'auto_explain'; SET auto_explain.log_min_duration TO 0; SET auto_explain.log_analyze TO on; SET auto_explain.log_level TO notice; INSERT INTO time_statistics (template, s_time, stream, query, seed) VALUES ('../query_postgresql/query95.tpl', TRANSACTION_TIMESTAMP(), 6, 79, 1868038482);
LOAD
SET
SET
SET
psql:/tmp/s1-basline/throughput/query_6.sql:3892: NOTICE:  duration: 0.008 ms  plan:
Query Text: INSERT INTO time_statistics (template, s_time, stream, query, seed) VALUES ('../query_postgresql/query95.tpl', TRANSACTION_TIMESTAMP(), 6, 79, 1868038482);
Insert on time_statistics  (cost=0.00..0.01 rows=0 width=0) (actual time=0.008..0.008 rows=0 loops=1)
  ->  Result  (cost=0.00..0.01 rows=1 width=64) (actual time=0.001..0.001 rows=1 loops=1)
INSERT 0 1
with ws_wh as
(select ws1.ws_order_number,ws1.ws_warehouse_sk wh1,ws2.ws_warehouse_sk wh2
 from web_sales ws1,web_sales ws2
 where ws1.ws_order_number = ws2.ws_order_number
   and ws1.ws_warehouse_sk <> ws2.ws_warehouse_sk)
 select  
   count(distinct ws_order_number) as "order count"
  ,sum(ws_ext_ship_cost) as "total shipping cost"
  ,sum(ws_net_profit) as "total net profit"
from
   web_sales ws1
  ,date_dim
  ,customer_address
  ,web_site
where
    d_date between '2001-5-01' and 
           (cast('2001-5-01' as date) + interval '60 days')
and ws1.ws_ship_date_sk = d_date_sk
and ws1.ws_ship_addr_sk = ca_address_sk
and ca_state = 'OR'
and ws1.ws_web_site_sk = web_site_sk
and web_company_name = 'pri'
and ws1.ws_order_number in (select ws_order_number
                            from ws_wh)
and ws1.ws_order_number in (select wr_order_number
                            from web_returns,ws_wh
                            where wr_order_number = ws_wh.ws_order_number)
order by count(distinct ws_order_number)
limit 100;
psql:/tmp/s1-basline/throughput/query_6.sql:3921: NOTICE:  duration: 13585.742 ms  plan:
Query Text: with ws_wh as
(select ws1.ws_order_number,ws1.ws_warehouse_sk wh1,ws2.ws_warehouse_sk wh2
 from web_sales ws1,web_sales ws2
 where ws1.ws_order_number = ws2.ws_order_number
   and ws1.ws_warehouse_sk <> ws2.ws_warehouse_sk)
 select  
   count(distinct ws_order_number) as "order count"
  ,sum(ws_ext_ship_cost) as "total shipping cost"
  ,sum(ws_net_profit) as "total net profit"
from
   web_sales ws1
  ,date_dim
  ,customer_address
  ,web_site
where
    d_date between '2001-5-01' and 
           (cast('2001-5-01' as date) + interval '60 days')
and ws1.ws_ship_date_sk = d_date_sk
and ws1.ws_ship_addr_sk = ca_address_sk
and ca_state = 'OR'
and ws1.ws_web_site_sk = web_site_sk
and web_company_name = 'pri'
and ws1.ws_order_number in (select ws_order_number
                            from ws_wh)
and ws1.ws_order_number in (select wr_order_number
                            from web_returns,ws_wh
                            where wr_order_number = ws_wh.ws_order_number)
order by count(distinct ws_order_number)
limit 100;
Limit  (cost=703129.20..703129.20 rows=1 width=24) (actual time=13585.623..13585.733 rows=1 loops=1)
  CTE ws_wh
    ->  Hash Join  (cost=46547.42..336545.93 rows=7210098 width=24) (actual time=252.319..1414.595 rows=6627112 loops=1)
          Hash Cond: (ws1_1.ws_order_number = ws2.ws_order_number)
          Join Filter: (ws1_1.ws_warehouse_sk <> ws2.ws_warehouse_sk)
          Rows Removed by Join Filter: 2373497
          ->  Seq Scan on web_sales ws1_1  (cost=0.00..33986.52 rows=722552 width=16) (actual time=0.006..150.124 rows=711555 loops=1)
          ->  Hash  (cost=33986.52..33986.52 rows=722552 width=16) (actual time=251.672..251.673 rows=711555 loops=1)
                Buckets: 1048576  Batches: 2  Memory Usage: 24895kB
                ->  Seq Scan on web_sales ws2  (cost=0.00..33986.52 rows=722552 width=16) (actual time=0.003..150.176 rows=711555 loops=1)
  ->  Sort  (cost=366583.27..366583.27 rows=1 width=24) (actual time=13585.622..13585.729 rows=1 loops=1)
        Sort Key: (count(DISTINCT ws1.ws_order_number))
        Sort Method: quicksort  Memory: 25kB
        ->  Aggregate  (cost=366583.25..366583.26 rows=1 width=24) (actual time=13585.618..13585.725 rows=1 loops=1)
              ->  Nested Loop  (cost=163774.55..366583.24 rows=1 width=24) (actual time=4566.346..13585.694 rows=18 loops=1)
                    Join Filter: (ws1.ws_order_number = ws_wh.ws_order_number)
                    Rows Removed by Join Filter: 394302
                    ->  Nested Loop Semi Join  (cost=1547.34..204351.53 rows=1 width=40) (actual time=2148.695..11112.406 rows=18 loops=1)
                          ->  Nested Loop  (cost=1005.70..31646.98 rows=2 width=24) (actual time=89.050..89.266 rows=29 loops=1)
                                Join Filter: (ws1.ws_web_site_sk = web_site.web_site_sk)
                                Rows Removed by Join Filter: 961
                                ->  Seq Scan on web_site  (cost=0.00..2.38 rows=9 width=8) (actual time=0.006..0.028 rows=9 loops=1)
                                      Filter: (web_company_name = 'pri'::bpchar)
                                      Rows Removed by Filter: 21
                                ->  Materialize  (cost=1005.70..31643.81 rows=6 width=32) (actual time=0.426..9.907 rows=110 loops=9)
                                      ->  Gather  (cost=1005.70..31643.78 rows=6 width=32) (actual time=3.829..89.096 rows=110 loops=1)
                                            Workers Planned: 2
                                            Workers Launched: 2
                                            ->  Nested Loop  (cost=5.70..30643.18 rows=2 width=32) (actual time=13.380..84.390 rows=37 loops=3)
                                                  ->  Hash Join  (cost=5.41..30567.38 rows=243 width=40) (actual time=0.409..74.949 rows=4625 loops=3)
                                                        Hash Cond: (ws1.ws_ship_date_sk = date_dim.d_date_sk)
                                                        ->  Parallel Seq Scan on web_sales ws1  (cost=0.00..29771.63 rows=301063 width=48) (actual time=0.016..45.169 rows=237185 loops=3)
                                                        ->  Hash  (cost=4.67..4.67 rows=59 width=8) (actual time=0.090..0.091 rows=61 loops=3)
                                                              Buckets: 1024  Batches: 1  Memory Usage: 11kB
                                                              ->  Index Scan using i_d_date on date_dim  (cost=0.29..4.67 rows=59 width=8) (actual time=0.065..0.079 rows=61 loops=3)
                                                                    Index Cond: ((d_date >= '2001-05-01'::date) AND (d_date <= '2001-06-30 00:00:00'::timestamp without time zone))
                                                  ->  Index Scan using pk_customer_address on customer_address  (cost=0.29..0.31 rows=1 width=8) (actual time=0.002..0.002 rows=0 loops=13874)
                                                        Index Cond: (ca_address_sk = ws1.ws_ship_addr_sk)
                                                        Filter: (ca_state = 'OR'::bpchar)
                                                        Rows Removed by Filter: 1
                          ->  Hash Join  (cost=541.64..171786.29 rows=386 width=16) (actual time=380.107..380.107 rows=1 loops=29)
                                Hash Cond: (ws_wh_1.ws_order_number = web_returns.wr_order_number)
                                Join Filter: (ws1.ws_order_number = ws_wh_1.ws_order_number)
                                ->  CTE Scan on ws_wh ws_wh_1  (cost=0.00..144201.96 rows=7210098 width=8) (actual time=14.021..373.607 rows=3348355 loops=18)
                                ->  Hash  (cost=541.62..541.62 rows=2 width=8) (actual time=0.995..0.995 rows=1 loops=29)
                                      Buckets: 1024  Batches: 1  Memory Usage: 9kB
                                      ->  Index Only Scan using pk_web_returns on web_returns  (cost=0.42..541.62 rows=2 width=8) (actual time=0.650..0.993 rows=1 loops=29)
                                            Index Cond: (wr_order_number = ws1.ws_order_number)
                                            Heap Fetches: 4
                    ->  HashAggregate  (cost=162227.20..162229.20 rows=200 width=8) (actual time=134.032..136.501 rows=21907 loops=18)
                          Group Key: ws_wh.ws_order_number
                          Batches: 1  Memory Usage: 6177kB
                          ->  CTE Scan on ws_wh  (cost=0.00..144201.96 rows=7210098 width=8) (actual time=0.009..1590.896 rows=6627112 loops=1)
 order count | total shipping cost |  total net profit   
-------------+---------------------+---------------------
          11 |            21387.86 | -3575.6300000000006
(1 row)

UPDATE time_statistics SET e_time = TRANSACTION_TIMESTAMP() WHERE template = '../query_postgresql/query95.tpl' AND stream = 6;
psql:/tmp/s1-basline/throughput/query_6.sql:3923: NOTICE:  duration: 0.107 ms  plan:
Query Text: UPDATE time_statistics SET e_time = TRANSACTION_TIMESTAMP() WHERE template = '../query_postgresql/query95.tpl' AND stream = 6;
Update on time_statistics  (cost=0.00..21.46 rows=0 width=0) (actual time=0.106..0.107 rows=0 loops=1)
  ->  Seq Scan on time_statistics  (cost=0.00..21.46 rows=1 width=14) (actual time=0.091..0.091 rows=1 loops=1)
        Filter: ((template = '../query_postgresql/query95.tpl'::text) AND (stream = 6))
        Rows Removed by Filter: 721
UPDATE 1
LOAD 'auto_explain'; SET auto_explain.log_min_duration TO 0; SET auto_explain.log_analyze TO on; SET auto_explain.log_level TO notice; INSERT INTO time_statistics (template, s_time, stream, query, seed) VALUES ('query39.tpl', TRANSACTION_TIMESTAMP(), 6, 80, 190262468);
LOAD
SET
SET
SET
psql:/tmp/s1-basline/throughput/query_6.sql:3924: NOTICE:  duration: 0.008 ms  plan:
Query Text: INSERT INTO time_statistics (template, s_time, stream, query, seed) VALUES ('query39.tpl', TRANSACTION_TIMESTAMP(), 6, 80, 190262468);
Insert on time_statistics  (cost=0.00..0.01 rows=0 width=0) (actual time=0.008..0.008 rows=0 loops=1)
  ->  Result  (cost=0.00..0.01 rows=1 width=64) (actual time=0.001..0.002 rows=1 loops=1)
INSERT 0 1
with inv as
(select w_warehouse_name,w_warehouse_sk,i_item_sk,d_moy
       ,stdev,mean, case mean when 0 then null else stdev/mean end cov
 from(select w_warehouse_name,w_warehouse_sk,i_item_sk,d_moy
            ,stddev_samp(inv_quantity_on_hand) stdev,avg(inv_quantity_on_hand) mean
      from inventory
          ,item
          ,warehouse
          ,date_dim
      where inv_item_sk = i_item_sk
        and inv_warehouse_sk = w_warehouse_sk
        and inv_date_sk = d_date_sk
        and d_year =1999
      group by w_warehouse_name,w_warehouse_sk,i_item_sk,d_moy) foo
 where case mean when 0 then 0 else stdev/mean end > 1)
select inv1.w_warehouse_sk,inv1.i_item_sk,inv1.d_moy,inv1.mean, inv1.cov
        ,inv2.w_warehouse_sk,inv2.i_item_sk,inv2.d_moy,inv2.mean, inv2.cov
from inv inv1,inv inv2
where inv1.i_item_sk = inv2.i_item_sk
  and inv1.w_warehouse_sk =  inv2.w_warehouse_sk
  and inv1.d_moy=1
  and inv2.d_moy=1+1
order by inv1.w_warehouse_sk,inv1.i_item_sk,inv1.d_moy,inv1.mean,inv1.cov
        ,inv2.d_moy,inv2.mean, inv2.cov
;
psql:/tmp/s1-basline/throughput/query_6.sql:3949: NOTICE:  duration: 2540.595 ms  plan:
Query Text: with inv as
(select w_warehouse_name,w_warehouse_sk,i_item_sk,d_moy
       ,stdev,mean, case mean when 0 then null else stdev/mean end cov
 from(select w_warehouse_name,w_warehouse_sk,i_item_sk,d_moy
            ,stddev_samp(inv_quantity_on_hand) stdev,avg(inv_quantity_on_hand) mean
      from inventory
          ,item
          ,warehouse
          ,date_dim
      where inv_item_sk = i_item_sk
        and inv_warehouse_sk = w_warehouse_sk
        and inv_date_sk = d_date_sk
        and d_year =1999
      group by w_warehouse_name,w_warehouse_sk,i_item_sk,d_moy) foo
 where case mean when 0 then 0 else stdev/mean end > 1)
select inv1.w_warehouse_sk,inv1.i_item_sk,inv1.d_moy,inv1.mean, inv1.cov
        ,inv2.w_warehouse_sk,inv2.i_item_sk,inv2.d_moy,inv2.mean, inv2.cov
from inv inv1,inv inv2
where inv1.i_item_sk = inv2.i_item_sk
  and inv1.w_warehouse_sk =  inv2.w_warehouse_sk
  and inv1.d_moy=1
  and inv2.d_moy=1+1
order by inv1.w_warehouse_sk,inv1.i_item_sk,inv1.d_moy,inv1.mean,inv1.cov
        ,inv2.d_moy,inv2.mean, inv2.cov
;
Sort  (cost=156168.84..156168.84 rows=1 width=168) (actual time=2540.221..2540.393 rows=221 loops=1)
  Sort Key: inv1.w_warehouse_sk, inv1.i_item_sk, inv1.mean, inv1.cov, inv2.mean, inv2.cov
  Sort Method: quicksort  Memory: 51kB
  CTE inv
    ->  Subquery Scan on foo  (cost=153633.23..155271.02 rows=19852 width=130) (actual time=1088.028..2513.645 rows=52775 loops=1)
          ->  HashAggregate  (cost=153633.23..154973.24 rows=19852 width=98) (actual time=1088.026..2498.185 rows=52775 loops=1)
                Group Key: warehouse.w_warehouse_name, warehouse.w_warehouse_sk, item.i_item_sk, date_dim.d_moy
                Filter: (CASE avg(inventory.inv_quantity_on_hand) WHEN '0'::numeric THEN '0'::numeric ELSE (stddev_samp(inventory.inv_quantity_on_hand) / avg(inventory.inv_quantity_on_hand)) END > '1'::numeric)
                Batches: 21  Memory Usage: 34865kB  Disk Usage: 118232kB
                Rows Removed by Filter: 547225
                ->  Gather  (cost=3870.75..152739.89 rows=59556 width=38) (actual time=13.621..389.435 rows=2340000 loops=1)
                      Workers Planned: 3
                      Workers Launched: 3
                      ->  Hash Join  (cost=2870.75..145784.29 rows=19212 width=38) (actual time=19.655..736.526 rows=585000 loops=4)
                            Hash Cond: (inventory.inv_warehouse_sk = warehouse.w_warehouse_sk)
                            ->  Hash Join  (cost=2869.64..145690.01 rows=19212 width=24) (actual time=19.430..597.402 rows=585000 loops=4)
                                  Hash Cond: (inventory.inv_item_sk = item.i_item_sk)
                                  ->  Hash Join  (cost=2322.65..145092.58 rows=19212 width=24) (actual time=15.105..503.597 rows=585000 loops=4)
                                        Hash Cond: (inventory.inv_date_sk = date_dim.d_date_sk)
                                        ->  Parallel Seq Scan on inventory  (cost=0.00..132620.86 rows=3866086 width=28) (actual time=0.018..207.644 rows=2936250 loops=4)
                                        ->  Hash  (cost=2318.11..2318.11 rows=363 width=12) (actual time=14.487..14.488 rows=365 loops=4)
                                              Buckets: 1024  Batches: 1  Memory Usage: 26kB
                                              ->  Seq Scan on date_dim  (cost=0.00..2318.11 rows=363 width=12) (actual time=6.717..14.437 rows=365 loops=4)
                                                    Filter: (d_year = 1999)
                                                    Rows Removed by Filter: 72684
                                  ->  Hash  (cost=321.99..321.99 rows=18000 width=8) (actual time=4.217..4.218 rows=18000 loops=4)
                                        Buckets: 32768  Batches: 1  Memory Usage: 960kB
                                        ->  Index Only Scan using pk_item on item  (cost=0.29..321.99 rows=18000 width=8) (actual time=0.078..2.071 rows=18000 loops=4)
                                              Heap Fetches: 0
                            ->  Hash  (cost=1.05..1.05 rows=5 width=22) (actual time=0.029..0.030 rows=5 loops=4)
                                  Buckets: 1024  Batches: 1  Memory Usage: 9kB
                                  ->  Seq Scan on warehouse  (cost=0.00..1.05 rows=5 width=22) (actual time=0.024..0.025 rows=5 loops=4)
  ->  Hash Join  (cost=448.15..897.80 rows=1 width=168) (actual time=2535.471..2540.127 rows=221 loops=1)
        Hash Cond: ((inv1.i_item_sk = inv2.i_item_sk) AND (inv1.w_warehouse_sk = inv2.w_warehouse_sk))
        ->  CTE Scan on inv inv1  (cost=0.00..446.67 rows=99 width=84) (actual time=1088.457..1092.779 rows=3152 loops=1)
              Filter: (d_moy = 1)
              Rows Removed by Filter: 49623
        ->  Hash  (cost=446.67..446.67 rows=99 width=84) (actual time=1446.997..1446.997 rows=3162 loops=1)
              Buckets: 4096 (originally 1024)  Batches: 1 (originally 1)  Memory Usage: 256kB
              ->  CTE Scan on inv inv2  (cost=0.00..446.67 rows=99 width=84) (actual time=0.002..1446.262 rows=3162 loops=1)
                    Filter: (d_moy = 2)
                    Rows Removed by Filter: 49613
 w_warehouse_sk | i_item_sk | d_moy |         mean         |          cov           | w_warehouse_sk | i_item_sk | d_moy |         mean         |          cov           
----------------+-----------+-------+----------------------+------------------------+----------------+-----------+-------+----------------------+------------------------
              1 |        62 |     1 | 367.7500000000000000 |     1.0143704669539714 |              1 |        62 |     2 | 318.0000000000000000 |     1.2016117888832075
              1 |      2569 |     1 | 374.0000000000000000 |     1.0419462815921818 |              1 |      2569 |     2 | 209.7500000000000000 |     1.5576076431064601
              1 |      3538 |     1 | 343.3333333333333333 |     1.2349388623647990 |              1 |      3538 |     2 | 292.0000000000000000 |     1.0459997759890959
              1 |      4516 |     1 | 335.0000000000000000 |     1.0419720722559701 |              1 |      4516 |     2 | 249.6666666666666667 |     1.4798219831555688
              1 |      4531 |     1 | 343.5000000000000000 |     1.0330387018612838 |              1 |      4531 |     2 | 373.5000000000000000 |     1.0720331430533708
              1 |      4660 |     1 | 124.3333333333333333 |     1.2026840728159223 |              1 |      4660 |     2 | 375.6666666666666667 |     1.0668424889741766
              1 |      4705 |     1 | 243.7500000000000000 |     1.1819295411658503 |              1 |      4705 |     2 | 369.6666666666666667 |     1.1791751506018783
              1 |      4736 |     1 | 319.5000000000000000 |     1.1399062178714210 |              1 |      4736 |     2 | 406.2500000000000000 |     1.0914221618171963
              1 |      4948 |     1 | 348.0000000000000000 |     1.1300011048788190 |              1 |      4948 |     2 | 445.5000000000000000 |     1.0681994696712593
              1 |      5224 |     1 | 339.0000000000000000 |     1.1938341373248437 |              1 |      5224 |     2 | 356.5000000000000000 |     1.1519830383694081
              1 |      5378 |     1 | 284.6666666666666667 |     1.1936059625575222 |              1 |      5378 |     2 | 282.0000000000000000 |     1.3163147315942482
              1 |      5890 |     1 | 375.5000000000000000 |     1.0801104542732597 |              1 |      5890 |     2 | 335.2500000000000000 |     1.0073387169193647
              1 |      6163 |     1 | 180.5000000000000000 |     1.2294135211403490 |              1 |      6163 |     2 | 414.6666666666666667 |     1.0174172168979405
              1 |      6337 |     1 | 516.0000000000000000 |     1.1045117551092190 |              1 |      6337 |     2 | 375.7500000000000000 |     1.1067445137174185
              1 |      6362 |     1 | 422.6666666666666667 |     1.1539954333961356 |              1 |      6362 |     2 | 388.5000000000000000 |     1.1181891038498327
              1 |      6392 |     1 | 218.2500000000000000 |     1.1628608116686873 |              1 |      6392 |     2 | 364.5000000000000000 |     1.0170336915807956
              1 |      6740 |     1 | 409.2500000000000000 |     1.1186496392779475 |              1 |      6740 |     2 | 315.0000000000000000 |     1.0455744036381587
              1 |      6944 |     1 | 374.0000000000000000 |     1.1565925186126631 |              1 |      6944 |     2 | 247.0000000000000000 |     1.2271103009737976
              1 |      7669 |     1 | 299.7500000000000000 |     1.1485613215873394 |              1 |      7669 |     2 | 445.0000000000000000 |     1.0341083738040315
              1 |      8642 |     1 | 345.5000000000000000 |     1.1433902982542489 |              1 |      8642 |     2 | 152.7500000000000000 |     1.1880116269084975
              1 |      8665 |     1 | 356.0000000000000000 |     1.2348437291719635 |              1 |      8665 |     2 | 450.6666666666666667 |     1.0611389718999830
              1 |      8944 |     1 | 355.5000000000000000 |     1.0959657846238762 |              1 |      8944 |     2 | 349.0000000000000000 |     1.2438071650806160
              1 |      9208 |     1 | 414.2500000000000000 |     1.0929008896551672 |              1 |      9208 |     2 | 237.6666666666666667 |     1.4919354426687181
              1 |      9262 |     1 | 319.0000000000000000 |     1.2642261810010690 |              1 |      9262 |     2 | 321.7500000000000000 |     1.0429326516299798
              1 |      9806 |     1 | 272.2500000000000000 |     1.0042197372090432 |              1 |      9806 |     2 | 427.7500000000000000 |     1.0877685752018749
              1 |      9949 |     1 | 302.7500000000000000 |     1.0680754275263848 |              1 |      9949 |     2 | 432.5000000000000000 |     1.0685558576115607
              1 |      9955 |     1 | 221.0000000000000000 |     1.0700504431895520 |              1 |      9955 |     2 | 422.6666666666666667 |     1.1761324749545181
              1 |     10040 |     1 | 438.5000000000000000 |     1.0659009860075439 |              1 |     10040 |     2 | 336.0000000000000000 |     1.1522303907612411
              1 |     10111 |     1 | 523.5000000000000000 |     1.0468151965989952 |              1 |     10111 |     2 | 302.3333333333333333 |     1.1523219065290187
              1 |     10705 |     1 | 330.0000000000000000 |     1.2287321413706152 |              1 |     10705 |     2 | 359.0000000000000000 |     1.2550428741185014
              1 |     10850 |     1 | 308.7500000000000000 |     1.0047531375047223 |              1 |     10850 |     2 | 361.7500000000000000 |     1.2179845956688404
              1 |     12037 |     1 | 310.6666666666666667 |     1.6134039219507039 |              1 |     12037 |     2 | 219.2500000000000000 |     1.3189497410843877
              1 |     12769 |     1 | 368.2500000000000000 |     1.0471202131541752 |              1 |     12769 |     2 | 435.6666666666666667 |     1.0091697298474132
              1 |     13273 |     1 | 290.0000000000000000 |     1.5450020426945207 |              1 |     13273 |     2 | 386.0000000000000000 |     1.0964049706251088
              1 |     13366 |     1 | 262.0000000000000000 |     1.0327889764832977 |              1 |     13366 |     2 | 241.3333333333333333 |     1.0291047080384171
              1 |     13771 |     1 | 289.5000000000000000 |     1.0426382679747807 |              1 |     13771 |     2 | 382.2500000000000000 |     1.0261704072767979
              1 |     13964 |     1 | 319.0000000000000000 |     1.0307554522663511 |              1 |     13964 |     2 | 413.3333333333333333 |     1.1659742568950371
              1 |     14446 |     1 | 357.5000000000000000 |     1.1083054976734713 |              1 |     14446 |     2 | 322.0000000000000000 |     1.1972321576534224
              1 |     14557 |     1 | 142.5000000000000000 |     1.0572297231898947 |              1 |     14557 |     2 | 400.2500000000000000 |     1.0427628899689044
              1 |     14731 |     1 | 343.3333333333333333 |     1.2833174090763728 |              1 |     14731 |     2 | 364.7500000000000000 |     1.0422070955735600
              1 |     14860 |     1 | 245.0000000000000000 |     1.0872118973977061 |              1 |     14860 |     2 | 344.0000000000000000 |     1.2792679550474360
              1 |     15256 |     1 | 224.5000000000000000 |     1.1370504819602895 |              1 |     15256 |     2 | 245.2500000000000000 |     1.1389870141324730
              1 |     16556 |     1 | 324.6666666666666667 |     1.2446136409871396 |              1 |     16556 |     2 | 118.6666666666666667 |     1.2235459797449073
              1 |     16982 |     1 | 228.7500000000000000 |     1.0351975028118557 |              1 |     16982 |     2 | 407.2500000000000000 |     1.0502080428743204
              1 |     17296 |     1 | 417.6666666666666667 |     1.0328432709588460 |              1 |     17296 |     2 | 231.2500000000000000 |     1.0766691957596065
              1 |     17858 |     1 | 326.5000000000000000 |     1.0550001364586585 |              1 |     17858 |     2 | 245.2500000000000000 |     1.1784123253116086
              1 |     17881 |     1 | 391.0000000000000000 |     1.0781894063876701 |              1 |     17881 |     2 | 373.5000000000000000 |     1.0800649631473199
              2 |       193 |     1 | 268.3333333333333333 |     1.2900565794430957 |              2 |       193 |     2 | 395.7500000000000000 |     1.0055867306896475
              2 |       247 |     1 | 444.0000000000000000 |     1.1275486510812523 |              2 |       247 |     2 | 280.0000000000000000 |     1.0844565082876071
              2 |       422 |     1 | 365.2500000000000000 |     1.0235788163097331 |              2 |       422 |     2 | 310.5000000000000000 |     1.0551899695805089
              2 |      1106 |     1 | 235.0000000000000000 |     1.3489563056420553 |              2 |      1106 |     2 | 254.5000000000000000 |     1.6580399530507073
              2 |      3223 |     1 | 336.2500000000000000 |     1.2031063105859182 |              2 |      3223 |     2 | 317.2500000000000000 |     1.1605689763713128
              2 |      3475 |     1 | 207.7500000000000000 |     1.2545021022450686 |              2 |      3475 |     2 | 270.5000000000000000 |     1.1080319762378743
              2 |      3700 |     1 | 415.6666666666666667 |     1.0760032572515846 |              2 |      3700 |     2 | 228.7500000000000000 |     1.0452651600812634
              2 |      4198 |     1 | 145.2500000000000000 |     1.0280772317957866 |              2 |      4198 |     2 | 269.7500000000000000 |     1.3033677181421835
              2 |      4507 |     1 | 296.0000000000000000 |     1.1489467021887568 |              2 |      4507 |     2 | 166.2500000000000000 |     1.0106739956536000
              2 |      4756 |     1 | 254.7500000000000000 |     1.1458918198123847 |              2 |      4756 |     2 | 291.0000000000000000 |     1.1368495382485979
              2 |      5582 |     1 | 204.3333333333333333 |     1.1180789152181305 |              2 |      5582 |     2 | 359.5000000000000000 |     1.1068683477657524
              2 |      5786 |     1 | 312.5000000000000000 |     1.2597721698783488 |              2 |      5786 |     2 | 262.7500000000000000 |     1.1057971028515890
              2 |      6292 |     1 | 285.2500000000000000 |     1.3831306607589904 |              2 |      6292 |     2 | 298.3333333333333333 |     1.1679836843177631
              2 |      6484 |     1 | 231.0000000000000000 |     1.1174366895525931 |              2 |      6484 |     2 | 368.0000000000000000 |     1.0532944274578098
              2 |      6568 |     1 | 429.0000000000000000 |     1.1020407759409487 |              2 |      6568 |     2 | 230.5000000000000000 |     1.0270762174287549
              2 |      6602 |     1 | 365.0000000000000000 |     1.1094977131364712 |              2 |      6602 |     2 | 239.0000000000000000 |     1.4977501611570795
              2 |      6688 |     1 | 377.7500000000000000 |     1.0961832543325718 |              2 |      6688 |     2 | 434.7500000000000000 |     1.1105877871711512
              2 |      6692 |     1 | 339.7500000000000000 |     1.2832456284216483 |              2 |      6692 |     2 | 357.0000000000000000 |     1.0698300079315854
              2 |      7360 |     1 | 290.7500000000000000 |     1.1284048280327842 |              2 |      7360 |     2 | 229.0000000000000000 | 1.00242835529616157205
              2 |      7648 |     1 | 330.6666666666666667 |     1.4920934964274748 |              2 |      7648 |     2 | 328.0000000000000000 |     1.2353356062557591
              2 |      7724 |     1 | 220.7500000000000000 |     1.0389070137683986 |              2 |      7724 |     2 | 391.7500000000000000 |     1.0424839588142642
              2 |      9188 |     1 | 251.2500000000000000 |     1.1763034653781572 |              2 |      9188 |     2 | 381.7500000000000000 |     1.1337053087635521
              2 |     10135 |     1 | 118.0000000000000000 |     1.0360032291444153 |              2 |     10135 |     2 | 286.0000000000000000 |     1.0267860211896678
              2 |     10240 |     1 | 451.0000000000000000 |     1.0803438053437672 |              2 |     10240 |     2 | 340.5000000000000000 |     1.1632242417025433
              2 |     11168 |     1 | 310.0000000000000000 |     1.1500441108130677 |              2 |     11168 |     2 | 289.7500000000000000 |     1.0824514908520932
              2 |     11281 |     1 | 271.5000000000000000 |     1.3012236795899411 |              2 |     11281 |     2 | 392.2500000000000000 |     1.1527556068232785
              2 |     11810 |     1 | 280.0000000000000000 |     1.3087568100128857 |              2 |     11810 |     2 | 243.0000000000000000 |     1.1372999611116132
              2 |     11953 |     1 | 285.5000000000000000 |     1.1221770345774326 |              2 |     11953 |     2 | 335.2500000000000000 |     1.1037597949968322
              2 |     12398 |     1 | 288.6666666666666667 |     1.0436761486436570 |              2 |     12398 |     2 | 179.3333333333333333 |     1.2934439279000130
              2 |     12940 |     1 | 403.5000000000000000 |     1.0229977749918662 |              2 |     12940 |     2 | 287.0000000000000000 |     1.0601996021641777
              2 |     13051 |     1 | 380.2500000000000000 |     1.0600027918026614 |              2 |     13051 |     2 | 304.2500000000000000 |     1.4080872023183270
              2 |     13310 |     1 | 357.5000000000000000 |     1.1546372932317510 |              2 |     13310 |     2 | 360.2500000000000000 |     1.1493770966167106
              2 |     13744 |     1 | 211.7500000000000000 |     1.5055451202486989 |              2 |     13744 |     2 | 290.5000000000000000 |     1.0836705323405095
              2 |     14036 |     1 | 347.7500000000000000 |     1.0186585262937915 |              2 |     14036 |     2 | 166.5000000000000000 |     1.4904780535557838
              2 |     14155 |     1 | 168.0000000000000000 |     1.6033685840525060 |              2 |     14155 |     2 | 230.0000000000000000 |     1.4931348886960000
              2 |     14464 |     1 | 425.0000000000000000 |     1.0479758046812118 |              2 |     14464 |     2 | 306.0000000000000000 | 1.00020823155574509804
              2 |     14953 |     1 | 302.7500000000000000 |     1.4604320702994781 |              2 |     14953 |     2 | 337.6666666666666667 |     1.2838449061784245
              2 |     15532 |     1 | 302.5000000000000000 |     1.2499350892692628 |              2 |     15532 |     2 | 273.5000000000000000 |     1.2351952177003766
              2 |     15991 |     1 | 322.5000000000000000 |     1.4002246136287070 |              2 |     15991 |     2 | 299.2500000000000000 |     1.4354881971010493
              2 |     16075 |     1 | 223.2500000000000000 | 1.00030446633160582307 |              2 |     16075 |     2 | 259.5000000000000000 |     1.0042584400186898
              2 |     17146 |     1 | 346.0000000000000000 |     1.2302161552208092 |              2 |     17146 |     2 | 223.5000000000000000 |     1.7120453264256018
              2 |     17629 |     1 | 436.2500000000000000 |     1.0215515492932447 |              2 |     17629 |     2 | 351.7500000000000000 |     1.0035425864800938
              2 |     17656 |     1 | 378.5000000000000000 |     1.0613738674683778 |              2 |     17656 |     2 | 370.0000000000000000 |     1.0929171887636351
              2 |     17713 |     1 | 206.2500000000000000 |     1.3396822213642182 |              2 |     17713 |     2 | 397.2500000000000000 |     1.0417845326631139
              2 |     17902 |     1 | 250.0000000000000000 |     1.1329677841845280 |              2 |     17902 |     2 | 464.5000000000000000 |     1.0070971113559569
              3 |       760 |     1 | 409.5000000000000000 |     1.0529656659152186 |              3 |       760 |     2 | 302.7500000000000000 |     1.1282964153651792
              3 |      1189 |     1 | 337.5000000000000000 |     1.2779601945295526 |              3 |      1189 |     2 | 317.0000000000000000 |     1.0536623907366025
              3 |      1222 |     1 | 319.7500000000000000 |     1.2618717046549335 |              3 |      1222 |     2 | 457.5000000000000000 |     1.1143693753781443
              3 |      1387 |     1 | 331.7500000000000000 |     1.2755786914239638 |              3 |      1387 |     2 | 507.0000000000000000 |     1.0127867428993629
              3 |      2594 |     1 | 328.2500000000000000 |     1.0834558057828119 |              3 |      2594 |     2 | 369.0000000000000000 |     1.0051363500610000
              3 |      2618 |     1 | 293.5000000000000000 |     1.2395599601014855 |              3 |      2618 |     2 | 312.0000000000000000 | 1.00022940059980128205
              3 |      2701 |     1 | 452.3333333333333333 |     1.0324370895477192 |              3 |      2701 |     2 | 194.3333333333333333 |     1.5012006469092298
              3 |      3211 |     1 | 231.2500000000000000 |     1.4318732887966097 |              3 |      3211 |     2 | 268.7500000000000000 |     1.2802753444610084
              3 |      3805 |     1 | 301.7500000000000000 |     1.0520006691123347 |              3 |      3805 |     2 | 390.0000000000000000 |     1.1329794087120103
              3 |      3832 |     1 | 350.0000000000000000 |     1.4884781983417743 |              3 |      3832 |     2 | 259.0000000000000000 |     1.3520075626807992
              3 |      3970 |     1 | 294.5000000000000000 |     1.0652023360787776 |              3 |      3970 |     2 | 339.0000000000000000 |     1.1594534028669823
              3 |      4990 |     1 | 358.6666666666666667 |     1.1592658302138318 |              3 |      4990 |     2 | 384.2500000000000000 |     1.0914910405426493
              3 |      5060 |     1 | 361.5000000000000000 |     1.1750471664429544 |              3 |      5060 |     2 | 252.7500000000000000 |     1.1321908240448506
              3 |      5138 |     1 | 188.5000000000000000 |     1.1952675725459363 |              3 |      5138 |     2 | 353.0000000000000000 |     1.0599331003314363
              3 |      5426 |     1 | 159.0000000000000000 |     1.6285908195229497 |              3 |      5426 |     2 | 118.6666666666666667 |     1.3600176790625562
              3 |      5479 |     1 | 270.5000000000000000 |     1.5239351328027061 |              3 |      5479 |     2 | 428.7500000000000000 |     1.0117116014889399
              3 |      5869 |     1 | 344.0000000000000000 |     1.0646839530850145 |              3 |      5869 |     2 | 304.7500000000000000 |     1.0676382158480623
              3 |      6020 |     1 | 137.5000000000000000 |     1.2496505296605891 |              3 |      6020 |     2 | 342.7500000000000000 |     1.1205207316992764
              3 |      6253 |     1 | 294.2500000000000000 |     1.0710175816743959 |              3 |      6253 |     2 | 419.6666666666666667 |     1.2186662573172129
              3 |      7669 |     1 | 384.6666666666666667 |     1.1402061150913336 |              3 |      7669 |     2 | 358.0000000000000000 |     1.0617636513509330
              3 |      7747 |     1 | 281.2500000000000000 |     1.1858452976500978 |              3 |      7747 |     2 | 395.5000000000000000 |     1.0351617723839444
              3 |      7784 |     1 | 100.0000000000000000 |     1.0889444430272832 |              3 |      7784 |     2 | 365.0000000000000000 |     1.1314526726446521
              3 |      8887 |     1 | 291.6666666666666667 |     1.4989733629578411 |              3 |      8887 |     2 | 220.5000000000000000 |     1.0583489800510930
              3 |      9043 |     1 | 367.0000000000000000 |     1.1555061275596540 |              3 |      9043 |     2 | 191.7500000000000000 |     1.1851715588046362
              3 |      9170 |     1 | 283.3333333333333333 |     1.0908813617111259 |              3 |      9170 |     2 | 242.0000000000000000 |     1.1131334569292975
              3 |      9478 |     1 | 370.0000000000000000 |     1.1485861138250297 |              3 |      9478 |     2 | 327.7500000000000000 |     1.0438450874310084
              3 |      9670 |     1 | 323.7500000000000000 |     1.1260014786687784 |              3 |      9670 |     2 | 234.7500000000000000 |     1.0412779819929329
              3 |      9806 |     1 | 363.2500000000000000 |     1.1475402494113503 |              3 |      9806 |     2 | 321.2500000000000000 |     1.0121898311462475
              3 |     10028 |     1 | 272.0000000000000000 |     1.2582341253466507 |              3 |     10028 |     2 | 298.0000000000000000 |     1.2628689838447987
              3 |     10060 |     1 | 352.0000000000000000 |     1.0175346927232102 |              3 |     10060 |     2 | 310.3333333333333333 |     1.0958440990635209
              3 |     10210 |     1 | 474.5000000000000000 |     1.0497282225692561 |              3 |     10210 |     2 | 363.0000000000000000 |     1.1152387114433994
              3 |     10676 |     1 | 258.0000000000000000 |     1.1964884622703760 |              3 |     10676 |     2 | 366.0000000000000000 |     1.2208539788508907
              3 |     10789 |     1 |  95.0000000000000000 |     1.0120967329561797 |              3 |     10789 |     2 | 468.0000000000000000 |     1.0796597863866496
              3 |     11509 |     1 | 382.0000000000000000 |     1.1587666100072749 |              3 |     11509 |     2 | 328.3333333333333333 |     1.5376166590147310
              3 |     11617 |     1 | 305.5000000000000000 |     1.5146360013341538 |              3 |     11617 |     2 | 167.5000000000000000 |     1.2994141056243761
              3 |     11842 |     1 | 347.2500000000000000 |     1.0255872049757120 |              3 |     11842 |     2 | 254.0000000000000000 |     1.0082430426777402
              3 |     13960 |     1 | 338.5000000000000000 |     1.1109674883497253 |              3 |     13960 |     2 | 304.7500000000000000 |     1.1050123234080656
              3 |     14086 |     1 | 309.0000000000000000 |     1.2254352026902524 |              3 |     14086 |     2 | 483.5000000000000000 |     1.0583586200750279
              3 |     14257 |     1 | 394.2500000000000000 |     1.0775064474932809 |              3 |     14257 |     2 | 285.6666666666666667 |     1.0361391870705438
              3 |     14606 |     1 | 280.0000000000000000 |     1.0576977308266857 |              3 |     14606 |     2 | 408.0000000000000000 |     1.0060251972113162
              3 |     15326 |     1 | 179.2500000000000000 |     1.3584608465358438 |              3 |     15326 |     2 | 421.6666666666666667 |     1.0191845037096949
              3 |     15464 |     1 | 388.3333333333333333 |     1.2403421595848009 |              3 |     15464 |     2 | 291.2500000000000000 |     1.0217938644697717
              3 |     15490 |     1 | 315.0000000000000000 |     1.2394172835739651 |              3 |     15490 |     2 | 243.2500000000000000 |     1.3201373839321439
              3 |     15670 |     1 | 420.7500000000000000 |     1.0191753918160000 |              3 |     15670 |     2 | 267.5000000000000000 |     1.2597058478815140
              3 |     15685 |     1 | 405.7500000000000000 |     1.0907827830554479 |              3 |     15685 |     2 | 323.0000000000000000 |     1.2892534534800155
              3 |     16255 |     1 | 342.7500000000000000 |     1.0468358476891204 |              3 |     16255 |     2 | 215.3333333333333333 |     1.6437354445578204
              3 |     17467 |     1 | 294.0000000000000000 |     1.0589818008506259 |              3 |     17467 |     2 | 299.5000000000000000 |     1.2746036924451319
              4 |       103 |     1 | 237.2500000000000000 |     1.0396607614841307 |              4 |       103 |     2 | 350.3333333333333333 |     1.2720146810808639
              4 |       104 |     1 | 381.6666666666666667 |     1.3989459020042961 |              4 |       104 |     2 | 195.0000000000000000 |     1.0078804113163590
              4 |       763 |     1 | 372.2500000000000000 |     1.0675446253262431 |              4 |       763 |     2 | 270.2500000000000000 |     1.0114078728660315
              4 |       782 |     1 | 405.2500000000000000 |     1.1528890484497693 |              4 |       782 |     2 | 392.5000000000000000 |     1.0532877677259796
              4 |      1838 |     1 | 456.2500000000000000 |     1.0465386208862860 |              4 |      1838 |     2 | 377.6666666666666667 |     1.2233764300076081
              4 |      1951 |     1 | 258.5000000000000000 |     1.2112889305557795 |              4 |      1951 |     2 | 238.5000000000000000 |     1.5754657700559790
              4 |      2179 |     1 | 288.5000000000000000 |     1.0296844581477886 |              4 |      2179 |     2 | 424.2500000000000000 |     1.0268817539709534
              4 |      2311 |     1 | 363.7500000000000000 |     1.1315587147295698 |              4 |      2311 |     2 | 450.0000000000000000 |     1.0543626787952111
              4 |      2506 |     1 | 348.7500000000000000 |     1.1031426603754237 |              4 |      2506 |     2 | 293.0000000000000000 |     1.2087453656350410
              4 |      3260 |     1 | 468.2500000000000000 |     1.0421876230406172 |              4 |      3260 |     2 | 364.0000000000000000 |     1.0748068277708819
              4 |      3380 |     1 | 364.2500000000000000 |     1.0222143501712862 |              4 |      3380 |     2 | 343.6666666666666667 |     1.0397640495340970
              4 |      3772 |     1 | 321.0000000000000000 |     1.1170863489828972 |              4 |      3772 |     2 | 204.5000000000000000 |     1.0948777924025232
              4 |      3811 |     1 | 224.0000000000000000 |     1.1659964516841964 |              4 |      3811 |     2 | 275.6666666666666667 |     1.2804566810397098
              4 |      4117 |     1 | 184.2500000000000000 |     1.0138594063031859 |              4 |      4117 |     2 | 451.0000000000000000 |     1.1319979956024102
              4 |      4201 |     1 | 245.5000000000000000 |     1.1168747640918778 |              4 |      4201 |     2 | 209.5000000000000000 |     1.0038289430296659
              4 |      5095 |     1 | 220.5000000000000000 |     1.0132139099494694 |              4 |      5095 |     2 | 436.7500000000000000 |     1.0036082132472582
              4 |      5587 |     1 | 314.2500000000000000 |     1.1405155383611710 |              4 |      5587 |     2 | 361.7500000000000000 |     1.0883319913021037
              4 |      6661 |     1 | 302.0000000000000000 |     1.5590788057414437 |              4 |      6661 |     2 | 264.2500000000000000 |     1.5040415244976991
              4 |      6871 |     1 | 264.7500000000000000 | 1.00044945335000944287 |              4 |      6871 |     2 | 259.5000000000000000 |     1.1201108636051869
              4 |      6950 |     1 | 318.3333333333333333 |     1.4630258422205246 |              4 |      6950 |     2 | 258.5000000000000000 |     1.0113841071673540
              4 |      7198 |     1 | 399.5000000000000000 |     1.0033197246890864 |              4 |      7198 |     2 | 269.3333333333333333 |     1.3526338823801399
              4 |      7951 |     1 | 307.3333333333333333 |     1.0788546378147950 |              4 |      7951 |     2 | 342.7500000000000000 |     1.0857426787562130
              4 |      8839 |     1 | 325.0000000000000000 |     1.2512627152772492 |              4 |      8839 |     2 | 336.3333333333333333 |     1.0361491906895590
              4 |      9679 |     1 | 283.7500000000000000 |     1.1143824655877991 |              4 |      9679 |     2 | 286.5000000000000000 |     1.0415695415675567
              4 |     10688 |     1 | 411.3333333333333333 |     1.2054139028995478 |              4 |     10688 |     2 | 259.0000000000000000 |     1.1451375558266911
              4 |     10736 |     1 | 224.0000000000000000 |     1.4347152114950313 |              4 |     10736 |     2 | 419.7500000000000000 |     1.0077030439697558
              4 |     11156 |     1 | 366.0000000000000000 |     1.2331054439916612 |              4 |     11156 |     2 | 265.2500000000000000 |     1.3302355696487955
              4 |     12700 |     1 | 177.2500000000000000 |     1.1703184589077236 |              4 |     12700 |     2 | 348.2500000000000000 |     1.0856812742235492
              4 |     13436 |     1 | 441.7500000000000000 |     1.0234625213659468 |              4 |     13436 |     2 | 234.0000000000000000 |     1.3163919325441068
              4 |     13918 |     1 | 238.3333333333333333 |     1.2300029400889720 |              4 |     13918 |     2 | 294.0000000000000000 |     1.2006112151166122
              4 |     13970 |     1 | 568.5000000000000000 |     1.0112186686097854 |              4 |     13970 |     2 | 267.7500000000000000 |     1.6183122611399925
              4 |     14443 |     1 | 370.0000000000000000 |     1.0678674456232676 |              4 |     14443 |     2 | 266.2500000000000000 |     1.1652694391255737
              4 |     14746 |     1 | 414.0000000000000000 |     1.0621777555208188 |              4 |     14746 |     2 | 315.6666666666666667 |     1.4295661022519683
              4 |     15518 |     1 | 247.5000000000000000 |     1.1625205087533374 |              4 |     15518 |     2 | 372.5000000000000000 |     1.4104170158969262
              4 |     16597 |     1 | 340.7500000000000000 |     1.0224772488232370 |              4 |     16597 |     2 | 299.3333333333333333 |     1.3157509225065869
              4 |     17296 |     1 | 223.7500000000000000 |     1.3032685009691709 |              4 |     17296 |     2 | 306.5000000000000000 |     1.1043664145223034
              5 |       170 |     1 | 339.5000000000000000 |     1.0073881723123682 |              5 |       170 |     2 | 402.6666666666666667 |     1.0064700128465588
              5 |       188 |     1 | 285.7500000000000000 |     1.3008220483832336 |              5 |       188 |     2 | 396.3333333333333333 |     1.2320448796190664
              5 |       574 |     1 | 349.0000000000000000 |     1.2926923856158510 |              5 |       574 |     2 | 303.0000000000000000 |     1.0813454674205182
              5 |       688 |     1 | 298.0000000000000000 |     1.0543589984522450 |              5 |       688 |     2 | 142.0000000000000000 |     1.3554097125925704
              5 |      1010 |     1 | 403.5000000000000000 |     1.0788016126621289 |              5 |      1010 |     2 | 246.0000000000000000 |     1.1480459756514309
              5 |      1624 |     1 | 379.0000000000000000 |     1.1651777975178338 |              5 |      1624 |     2 | 301.0000000000000000 |     1.0485820367579236
              5 |      1630 |     1 | 379.0000000000000000 |     1.1169834970793509 |              5 |      1630 |     2 | 186.2500000000000000 |     1.2821792403334819
              5 |      1886 |     1 | 242.3333333333333333 |     1.0442801587375502 |              5 |      1886 |     2 | 333.7500000000000000 |     1.1004167689011685
              5 |      2356 |     1 | 393.7500000000000000 |     1.0559468901034159 |              5 |      2356 |     2 | 170.6666666666666667 |     1.0118639042830898
              5 |      2432 |     1 | 417.2500000000000000 |     1.0465928599891216 |              5 |      2432 |     2 | 374.0000000000000000 |     1.0575736694914786
              5 |      2959 |     1 | 407.6666666666666667 |     1.0648674625907612 |              5 |      2959 |     2 | 234.2500000000000000 |     1.0283953258769221
              5 |      3232 |     1 | 456.5000000000000000 |     1.0331995502463965 |              5 |      3232 |     2 | 120.0000000000000000 |     1.3933622405294833
              5 |      4951 |     1 | 466.5000000000000000 |     1.0268832926039164 |              5 |      4951 |     2 | 315.2500000000000000 |     1.1145759130468454
              5 |      4970 |     1 | 429.3333333333333333 | 1.00076254393410559014 |              5 |      4970 |     2 | 403.6666666666666667 |     1.1952189106814889
              5 |      5288 |     1 | 157.5000000000000000 |     1.7893313162091810 |              5 |      5288 |     2 | 355.7500000000000000 |     1.0896783922407224
              5 |      6286 |     1 | 385.2500000000000000 |     1.0322501887819598 |              5 |      6286 |     2 | 347.0000000000000000 |     1.2652751891711844
              5 |      6596 |     1 | 408.0000000000000000 |     1.2443692864998554 |              5 |      6596 |     2 | 292.7500000000000000 |     1.2323953999306610
              5 |      7322 |     1 | 251.3333333333333333 |     1.5049696397748462 |              5 |      7322 |     2 | 424.6666666666666667 |     1.0788356450959874
              5 |      8254 |     1 | 397.2500000000000000 |     1.0546009576406545 |              5 |      8254 |     2 | 350.6666666666666667 |     1.2863724642297776
              5 |      8455 |     1 | 421.0000000000000000 |     1.0813759306223563 |              5 |      8455 |     2 | 411.0000000000000000 |     1.0134182620332433
              5 |      8642 |     1 | 322.0000000000000000 |     1.2561027293127484 |              5 |      8642 |     2 | 192.6666666666666667 |     1.0672539071878702
              5 |      9007 |     1 | 435.5000000000000000 |     1.0102851117644776 |              5 |      9007 |     2 | 271.5000000000000000 |     1.5795466060010976
              5 |      9344 |     1 | 178.7500000000000000 |     1.3538875718490685 |              5 |      9344 |     2 | 358.7500000000000000 |     1.1351107118111470
              5 |     10036 |     1 | 352.3333333333333333 |     1.5455420669716348 |              5 |     10036 |     2 | 352.5000000000000000 |     1.1139716710909191
              5 |     10186 |     1 | 312.2500000000000000 |     1.1454831458919231 |              5 |     10186 |     2 | 349.3333333333333333 |     1.1407014727572109
              5 |     10846 |     1 | 389.5000000000000000 |     1.1204403159344339 |              5 |     10846 |     2 | 383.3333333333333333 |     1.2876108794731487
              5 |     11246 |     1 | 389.2500000000000000 |     1.1208927879209762 |              5 |     11246 |     2 | 401.2500000000000000 |     1.0351820704481097
              5 |     11300 |     1 | 225.3333333333333333 |     1.0236611570681183 |              5 |     11300 |     2 | 454.2500000000000000 |     1.0175491867517666
              5 |     11462 |     1 | 240.2500000000000000 |     1.2362630806927034 |              5 |     11462 |     2 | 443.6666666666666667 |     1.0799200951320879
              5 |     12013 |     1 | 399.5000000000000000 |     1.1892619841403179 |              5 |     12013 |     2 | 165.7500000000000000 |     1.0609298969051523
              5 |     12314 |     1 | 330.5000000000000000 |     1.0491189337391165 |              5 |     12314 |     2 | 320.2500000000000000 |     1.0721024732881842
              5 |     12674 |     1 | 433.0000000000000000 |     1.0468306989927321 |              5 |     12674 |     2 | 303.7500000000000000 |     1.0932367081919177
              5 |     12796 |     1 | 253.7500000000000000 |     1.1340781666339350 |              5 |     12796 |     2 | 308.7500000000000000 |     1.1143846104155628
              5 |     13462 |     1 | 436.7500000000000000 |     1.0399557447277642 |              5 |     13462 |     2 | 238.7500000000000000 |     1.2504161199868607
              5 |     13472 |     1 | 351.0000000000000000 |     1.1482930634653333 |              5 |     13472 |     2 | 270.0000000000000000 |     1.3238137532234630
              5 |     13882 |     1 | 415.0000000000000000 |     1.0183025333141639 |              5 |     13882 |     2 | 255.5000000000000000 |     1.7262137631191820
              5 |     14398 |     1 | 301.7500000000000000 |     1.1608293121683977 |              5 |     14398 |     2 | 305.5000000000000000 |     1.2290166974904517
              5 |     15086 |     1 | 373.0000000000000000 |     1.1207203944992091 |              5 |     15086 |     2 | 313.2500000000000000 |     1.0552577827400287
              5 |     15127 |     1 | 223.7500000000000000 |     1.4992725956662480 |              5 |     15127 |     2 | 269.5000000000000000 |     1.1962198303706085
              5 |     15859 |     1 | 370.5000000000000000 |     1.0134242936843644 |              5 |     15859 |     2 | 372.3333333333333333 |     1.2931182001548021
              5 |     16423 |     1 | 404.0000000000000000 |     1.0442063768660990 |              5 |     16423 |     2 | 349.2500000000000000 |     1.0364392368408647
              5 |     16900 |     1 | 467.7500000000000000 |     1.0024670283192197 |              5 |     16900 |     2 | 371.2500000000000000 |     1.1353258427777562
              5 |     16969 |     1 | 361.5000000000000000 |     1.0676692487001881 |              5 |     16969 |     2 | 477.2500000000000000 |     1.0536964727077486
              5 |     17026 |     1 | 340.7500000000000000 |     1.3003225946876919 |              5 |     17026 |     2 | 419.2500000000000000 |     1.0113660862126440
              5 |     17686 |     1 | 305.0000000000000000 |     1.1311712993465967 |              5 |     17686 |     2 | 360.0000000000000000 |     1.1324751652906111
              5 |     17750 |     1 | 188.0000000000000000 |     1.6404724446199202 |              5 |     17750 |     2 | 253.0000000000000000 |     1.2297509238026917
(221 rows)

with inv as
(select w_warehouse_name,w_warehouse_sk,i_item_sk,d_moy
       ,stdev,mean, case mean when 0 then null else stdev/mean end cov
 from(select w_warehouse_name,w_warehouse_sk,i_item_sk,d_moy
            ,stddev_samp(inv_quantity_on_hand) stdev,avg(inv_quantity_on_hand) mean
      from inventory
          ,item
          ,warehouse
          ,date_dim
      where inv_item_sk = i_item_sk
        and inv_warehouse_sk = w_warehouse_sk
        and inv_date_sk = d_date_sk
        and d_year =1999
      group by w_warehouse_name,w_warehouse_sk,i_item_sk,d_moy) foo
 where case mean when 0 then 0 else stdev/mean end > 1)
select inv1.w_warehouse_sk,inv1.i_item_sk,inv1.d_moy,inv1.mean, inv1.cov
        ,inv2.w_warehouse_sk,inv2.i_item_sk,inv2.d_moy,inv2.mean, inv2.cov
from inv inv1,inv inv2
where inv1.i_item_sk = inv2.i_item_sk
  and inv1.w_warehouse_sk =  inv2.w_warehouse_sk
  and inv1.d_moy=1
  and inv2.d_moy=1+1
  and inv1.cov > 1.5
order by inv1.w_warehouse_sk,inv1.i_item_sk,inv1.d_moy,inv1.mean,inv1.cov
        ,inv2.d_moy,inv2.mean, inv2.cov
;
psql:/tmp/s1-basline/throughput/query_6.sql:3975: NOTICE:  duration: 2551.050 ms  plan:
Query Text: with inv as
(select w_warehouse_name,w_warehouse_sk,i_item_sk,d_moy
       ,stdev,mean, case mean when 0 then null else stdev/mean end cov
 from(select w_warehouse_name,w_warehouse_sk,i_item_sk,d_moy
            ,stddev_samp(inv_quantity_on_hand) stdev,avg(inv_quantity_on_hand) mean
      from inventory
          ,item
          ,warehouse
          ,date_dim
      where inv_item_sk = i_item_sk
        and inv_warehouse_sk = w_warehouse_sk
        and inv_date_sk = d_date_sk
        and d_year =1999
      group by w_warehouse_name,w_warehouse_sk,i_item_sk,d_moy) foo
 where case mean when 0 then 0 else stdev/mean end > 1)
select inv1.w_warehouse_sk,inv1.i_item_sk,inv1.d_moy,inv1.mean, inv1.cov
        ,inv2.w_warehouse_sk,inv2.i_item_sk,inv2.d_moy,inv2.mean, inv2.cov
from inv inv1,inv inv2
where inv1.i_item_sk = inv2.i_item_sk
  and inv1.w_warehouse_sk =  inv2.w_warehouse_sk
  and inv1.d_moy=1
  and inv2.d_moy=1+1
  and inv1.cov > 1.5
order by inv1.w_warehouse_sk,inv1.i_item_sk,inv1.d_moy,inv1.mean,inv1.cov
        ,inv2.d_moy,inv2.mean, inv2.cov
;
Sort  (cost=156216.49..156216.49 rows=1 width=168) (actual time=2550.856..2551.028 rows=12 loops=1)
  Sort Key: inv1.w_warehouse_sk, inv1.i_item_sk, inv1.mean, inv1.cov, inv2.mean, inv2.cov
  Sort Method: quicksort  Memory: 26kB
  CTE inv
    ->  Subquery Scan on foo  (cost=153633.23..155271.02 rows=19852 width=130) (actual time=1090.323..2521.708 rows=52775 loops=1)
          ->  HashAggregate  (cost=153633.23..154973.24 rows=19852 width=98) (actual time=1090.321..2506.119 rows=52775 loops=1)
                Group Key: warehouse.w_warehouse_name, warehouse.w_warehouse_sk, item.i_item_sk, date_dim.d_moy
                Filter: (CASE avg(inventory.inv_quantity_on_hand) WHEN '0'::numeric THEN '0'::numeric ELSE (stddev_samp(inventory.inv_quantity_on_hand) / avg(inventory.inv_quantity_on_hand)) END > '1'::numeric)
                Batches: 21  Memory Usage: 34865kB  Disk Usage: 118200kB
                Rows Removed by Filter: 547225
                ->  Gather  (cost=3870.75..152739.89 rows=59556 width=38) (actual time=13.260..386.629 rows=2340000 loops=1)
                      Workers Planned: 3
                      Workers Launched: 3
                      ->  Hash Join  (cost=2870.75..145784.29 rows=19212 width=38) (actual time=19.422..735.614 rows=585000 loops=4)
                            Hash Cond: (inventory.inv_warehouse_sk = warehouse.w_warehouse_sk)
                            ->  Hash Join  (cost=2869.64..145690.01 rows=19212 width=24) (actual time=19.195..596.659 rows=585000 loops=4)
                                  Hash Cond: (inventory.inv_item_sk = item.i_item_sk)
                                  ->  Hash Join  (cost=2322.65..145092.58 rows=19212 width=24) (actual time=14.845..502.793 rows=585000 loops=4)
                                        Hash Cond: (inventory.inv_date_sk = date_dim.d_date_sk)
                                        ->  Parallel Seq Scan on inventory  (cost=0.00..132620.86 rows=3866086 width=28) (actual time=0.019..206.481 rows=2936250 loops=4)
                                        ->  Hash  (cost=2318.11..2318.11 rows=363 width=12) (actual time=14.231..14.231 rows=365 loops=4)
                                              Buckets: 1024  Batches: 1  Memory Usage: 26kB
                                              ->  Seq Scan on date_dim  (cost=0.00..2318.11 rows=363 width=12) (actual time=6.829..14.180 rows=365 loops=4)
                                                    Filter: (d_year = 1999)
                                                    Rows Removed by Filter: 72684
                                  ->  Hash  (cost=321.99..321.99 rows=18000 width=8) (actual time=4.238..4.239 rows=18000 loops=4)
                                        Buckets: 32768  Batches: 1  Memory Usage: 960kB
                                        ->  Index Only Scan using pk_item on item  (cost=0.29..321.99 rows=18000 width=8) (actual time=0.084..2.087 rows=18000 loops=4)
                                              Heap Fetches: 0
                            ->  Hash  (cost=1.05..1.05 rows=5 width=22) (actual time=0.030..0.031 rows=5 loops=4)
                                  Buckets: 1024  Batches: 1  Memory Usage: 9kB
                                  ->  Seq Scan on warehouse  (cost=0.00..1.05 rows=5 width=22) (actual time=0.025..0.026 rows=5 loops=4)
  ->  Hash Join  (cost=448.15..945.45 rows=1 width=168) (actual time=2543.727..2550.844 rows=12 loops=1)
        Hash Cond: ((inv1.i_item_sk = inv2.i_item_sk) AND (inv1.w_warehouse_sk = inv2.w_warehouse_sk))
        ->  CTE Scan on inv inv1  (cost=0.00..496.30 rows=33 width=84) (actual time=1092.102..1099.622 rows=119 loops=1)
              Filter: ((cov > 1.5) AND (d_moy = 1))
              Rows Removed by Filter: 52656
        ->  Hash  (cost=446.67..446.67 rows=99 width=84) (actual time=1451.191..1451.192 rows=3162 loops=1)
              Buckets: 4096 (originally 1024)  Batches: 1 (originally 1)  Memory Usage: 256kB
              ->  CTE Scan on inv inv2  (cost=0.00..446.67 rows=99 width=84) (actual time=0.002..1450.462 rows=3162 loops=1)
                    Filter: (d_moy = 2)
                    Rows Removed by Filter: 49613
 w_warehouse_sk | i_item_sk | d_moy |         mean         |        cov         | w_warehouse_sk | i_item_sk | d_moy |         mean         |        cov         
----------------+-----------+-------+----------------------+--------------------+----------------+-----------+-------+----------------------+--------------------
              1 |     12037 |     1 | 310.6666666666666667 | 1.6134039219507039 |              1 |     12037 |     2 | 219.2500000000000000 | 1.3189497410843877
              1 |     13273 |     1 | 290.0000000000000000 | 1.5450020426945207 |              1 |     13273 |     2 | 386.0000000000000000 | 1.0964049706251088
              2 |     13744 |     1 | 211.7500000000000000 | 1.5055451202486989 |              2 |     13744 |     2 | 290.5000000000000000 | 1.0836705323405095
              2 |     14155 |     1 | 168.0000000000000000 | 1.6033685840525060 |              2 |     14155 |     2 | 230.0000000000000000 | 1.4931348886960000
              3 |      5426 |     1 | 159.0000000000000000 | 1.6285908195229497 |              3 |      5426 |     2 | 118.6666666666666667 | 1.3600176790625562
              3 |      5479 |     1 | 270.5000000000000000 | 1.5239351328027061 |              3 |      5479 |     2 | 428.7500000000000000 | 1.0117116014889399
              3 |     11617 |     1 | 305.5000000000000000 | 1.5146360013341538 |              3 |     11617 |     2 | 167.5000000000000000 | 1.2994141056243761
              4 |      6661 |     1 | 302.0000000000000000 | 1.5590788057414437 |              4 |      6661 |     2 | 264.2500000000000000 | 1.5040415244976991
              5 |      5288 |     1 | 157.5000000000000000 | 1.7893313162091810 |              5 |      5288 |     2 | 355.7500000000000000 | 1.0896783922407224
              5 |      7322 |     1 | 251.3333333333333333 | 1.5049696397748462 |              5 |      7322 |     2 | 424.6666666666666667 | 1.0788356450959874
              5 |     10036 |     1 | 352.3333333333333333 | 1.5455420669716348 |              5 |     10036 |     2 | 352.5000000000000000 | 1.1139716710909191
              5 |     17750 |     1 | 188.0000000000000000 | 1.6404724446199202 |              5 |     17750 |     2 | 253.0000000000000000 | 1.2297509238026917
(12 rows)

UPDATE time_statistics SET e_time = TRANSACTION_TIMESTAMP() WHERE template = 'query39.tpl' AND stream = 6;
psql:/tmp/s1-basline/throughput/query_6.sql:3977: NOTICE:  duration: 0.115 ms  plan:
Query Text: UPDATE time_statistics SET e_time = TRANSACTION_TIMESTAMP() WHERE template = 'query39.tpl' AND stream = 6;
Update on time_statistics  (cost=0.00..21.46 rows=0 width=0) (actual time=0.114..0.114 rows=0 loops=1)
  ->  Seq Scan on time_statistics  (cost=0.00..21.46 rows=1 width=14) (actual time=0.099..0.099 rows=1 loops=1)
        Filter: ((template = 'query39.tpl'::text) AND (stream = 6))
        Rows Removed by Filter: 722
UPDATE 1
LOAD 'auto_explain'; SET auto_explain.log_min_duration TO 0; SET auto_explain.log_analyze TO on; SET auto_explain.log_level TO notice; INSERT INTO time_statistics (template, s_time, stream, query, seed) VALUES ('query35.tpl', TRANSACTION_TIMESTAMP(), 6, 81, 103682762);
LOAD
SET
SET
SET
psql:/tmp/s1-basline/throughput/query_6.sql:3978: NOTICE:  duration: 0.009 ms  plan:
Query Text: INSERT INTO time_statistics (template, s_time, stream, query, seed) VALUES ('query35.tpl', TRANSACTION_TIMESTAMP(), 6, 81, 103682762);
Insert on time_statistics  (cost=0.00..0.01 rows=0 width=0) (actual time=0.009..0.009 rows=0 loops=1)
  ->  Result  (cost=0.00..0.01 rows=1 width=64) (actual time=0.002..0.002 rows=1 loops=1)
INSERT 0 1
select   
  ca_state,
  cd_gender,
  cd_marital_status,
  cd_dep_count,
  count(*) cnt1,
  avg(cd_dep_count),
  stddev_samp(cd_dep_count),
  avg(cd_dep_count),
  cd_dep_employed_count,
  count(*) cnt2,
  avg(cd_dep_employed_count),
  stddev_samp(cd_dep_employed_count),
  avg(cd_dep_employed_count),
  cd_dep_college_count,
  count(*) cnt3,
  avg(cd_dep_college_count),
  stddev_samp(cd_dep_college_count),
  avg(cd_dep_college_count)
 from
  customer c,customer_address ca,customer_demographics
 where
  c.c_current_addr_sk = ca.ca_address_sk and
  cd_demo_sk = c.c_current_cdemo_sk and 
  exists (select *
          from store_sales,date_dim
          where c.c_customer_sk = ss_customer_sk and
                ss_sold_date_sk = d_date_sk and
                d_year = 2001 and
                d_qoy < 4) and
   (exists (select *
            from web_sales,date_dim
            where c.c_customer_sk = ws_bill_customer_sk and
                  ws_sold_date_sk = d_date_sk and
                  d_year = 2001 and
                  d_qoy < 4) or 
    exists (select * 
            from catalog_sales,date_dim
            where c.c_customer_sk = cs_ship_customer_sk and
                  cs_sold_date_sk = d_date_sk and
                  d_year = 2001 and
                  d_qoy < 4))
 group by ca_state,
          cd_gender,
          cd_marital_status,
          cd_dep_count,
          cd_dep_employed_count,
          cd_dep_college_count
 order by ca_state,
          cd_gender,
          cd_marital_status,
          cd_dep_count,
          cd_dep_employed_count,
          cd_dep_college_count
 limit 100;
psql:/tmp/s1-basline/throughput/query_6.sql:4033: NOTICE:  duration: 537.234 ms  plan:
Query Text: select   
  ca_state,
  cd_gender,
  cd_marital_status,
  cd_dep_count,
  count(*) cnt1,
  avg(cd_dep_count),
  stddev_samp(cd_dep_count),
  avg(cd_dep_count),
  cd_dep_employed_count,
  count(*) cnt2,
  avg(cd_dep_employed_count),
  stddev_samp(cd_dep_employed_count),
  avg(cd_dep_employed_count),
  cd_dep_college_count,
  count(*) cnt3,
  avg(cd_dep_college_count),
  stddev_samp(cd_dep_college_count),
  avg(cd_dep_college_count)
 from
  customer c,customer_address ca,customer_demographics
 where
  c.c_current_addr_sk = ca.ca_address_sk and
  cd_demo_sk = c.c_current_cdemo_sk and 
  exists (select *
          from store_sales,date_dim
          where c.c_customer_sk = ss_customer_sk and
                ss_sold_date_sk = d_date_sk and
                d_year = 2001 and
                d_qoy < 4) and
   (exists (select *
            from web_sales,date_dim
            where c.c_customer_sk = ws_bill_customer_sk and
                  ws_sold_date_sk = d_date_sk and
                  d_year = 2001 and
                  d_qoy < 4) or 
    exists (select * 
            from catalog_sales,date_dim
            where c.c_customer_sk = cs_ship_customer_sk and
                  cs_sold_date_sk = d_date_sk and
                  d_year = 2001 and
                  d_qoy < 4))
 group by ca_state,
          cd_gender,
          cd_marital_status,
          cd_dep_count,
          cd_dep_employed_count,
          cd_dep_college_count
 order by ca_state,
          cd_gender,
          cd_marital_status,
          cd_dep_count,
          cd_dep_employed_count,
          cd_dep_college_count
 limit 100;
Limit  (cost=477797570.61..477797576.61 rows=100 width=331) (actual time=536.692..537.106 rows=100 loops=1)
  ->  GroupAggregate  (cost=477797570.61..477797998.65 rows=7134 width=331) (actual time=536.691..537.099 rows=100 loops=1)
        Group Key: ca.ca_state, customer_demographics.cd_gender, customer_demographics.cd_marital_status, customer_demographics.cd_dep_count, customer_demographics.cd_dep_employed_count, customer_demographics.cd_dep_college_count
        ->  Sort  (cost=477797570.61..477797588.45 rows=7134 width=19) (actual time=536.676..536.902 rows=102 loops=1)
              Sort Key: ca.ca_state, customer_demographics.cd_gender, customer_demographics.cd_marital_status, customer_demographics.cd_dep_count, customer_demographics.cd_dep_employed_count, customer_demographics.cd_dep_college_count
              Sort Method: quicksort  Memory: 493kB
              ->  Nested Loop  (cost=93224.35..477797114.02 rows=7134 width=19) (actual time=450.287..528.134 rows=4829 loops=1)
                    ->  Nested Loop  (cost=93224.06..477794787.01 rows=7134 width=24) (actual time=450.279..518.949 rows=4829 loops=1)
                          ->  Nested Loop  (cost=93223.63..477788618.38 rows=7389 width=16) (actual time=450.268..501.708 rows=5013 loops=1)
                                ->  HashAggregate  (cost=93223.34..93326.55 rows=10321 width=8) (actual time=278.361..282.716 rows=23304 loops=1)
                                      Group Key: store_sales.ss_customer_sk
                                      Batches: 1  Memory Usage: 2833kB
                                      ->  Gather  (cost=3504.15..93197.54 rows=10321 width=8) (actual time=10.058..239.007 rows=304095 loops=1)
                                            Workers Planned: 2
                                            Workers Launched: 2
                                            ->  Hash Join  (cost=2504.15..91165.44 rows=4300 width=8) (actual time=15.151..246.421 rows=101365 loops=3)
                                                  Hash Cond: (store_sales.ss_sold_date_sk = date_dim.d_date_sk)
                                                  ->  Parallel Seq Scan on store_sales  (cost=0.00..85499.45 rows=1204445 width=16) (actual time=0.014..125.849 rows=948150 loops=3)
                                                  ->  Hash  (cost=2500.73..2500.73 rows=273 width=8) (actual time=15.009..15.010 rows=274 loops=3)
                                                        Buckets: 1024  Batches: 1  Memory Usage: 19kB
                                                        ->  Seq Scan on date_dim  (cost=0.00..2500.73 rows=273 width=8) (actual time=7.317..14.976 rows=274 loops=3)
                                                              Filter: ((d_qoy < 4) AND (d_year = 2001))
                                                              Rows Removed by Filter: 72775
                                ->  Index Scan using pk_customer on customer c  (cost=0.29..50020.18 rows=1 width=24) (actual time=0.009..0.009 rows=0 loops=23304)
                                      Index Cond: (c_customer_sk = store_sales.ss_customer_sk)
                                      Filter: ((hashed SubPlan 2) OR (hashed SubPlan 4))
                                      Rows Removed by Filter: 1
                                      SubPlan 2
                                        ->  Gather  (cost=3504.15..34336.12 rows=2700 width=8) (actual time=9.789..88.131 rows=79932 loops=1)
                                              Workers Planned: 2
                                              Workers Launched: 2
                                              ->  Hash Join  (cost=2504.15..33066.12 rows=1125 width=8) (actual time=14.892..86.526 rows=26644 loops=3)
                                                    Hash Cond: (web_sales.ws_sold_date_sk = date_dim_1.d_date_sk)
                                                    ->  Parallel Seq Scan on web_sales  (cost=0.00..29771.63 rows=301063 width=16) (actual time=0.016..43.430 rows=237185 loops=3)
                                                    ->  Hash  (cost=2500.73..2500.73 rows=273 width=8) (actual time=14.728..14.729 rows=274 loops=3)
                                                          Buckets: 1024  Batches: 1  Memory Usage: 19kB
                                                          ->  Seq Scan on date_dim date_dim_1  (cost=0.00..2500.73 rows=273 width=8) (actual time=7.203..14.694 rows=274 loops=3)
                                                                Filter: ((d_qoy < 4) AND (d_year = 2001))
                                                                Rows Removed by Filter: 72775
                                      SubPlan 4
                                        ->  Nested Loop  (cost=0.43..17151.56 rows=5368 width=8) (actual time=4.642..55.203 rows=157492 loops=1)
                                              ->  Seq Scan on date_dim date_dim_2  (cost=0.00..2500.73 rows=273 width=8) (actual time=4.622..9.451 rows=274 loops=1)
                                                    Filter: ((d_qoy < 4) AND (d_year = 2001))
                                                    Rows Removed by Filter: 72775
                                              ->  Index Scan using i_cs_sold_date_sk on catalog_sales  (cost=0.43..45.82 rows=785 width=16) (actual time=0.003..0.094 rows=575 loops=274)
                                                    Index Cond: (cs_sold_date_sk = date_dim_2.d_date_sk)
                          ->  Index Scan using pk_customer_demographics on customer_demographics  (cost=0.43..0.83 rows=1 width=24) (actual time=0.003..0.003 rows=1 loops=5013)
                                Index Cond: (cd_demo_sk = c.c_current_cdemo_sk)
                    ->  Index Scan using pk_customer_address on customer_address ca  (cost=0.29..0.33 rows=1 width=11) (actual time=0.002..0.002 rows=1 loops=4829)
                          Index Cond: (ca_address_sk = c.c_current_addr_sk)
 ca_state | cd_gender | cd_marital_status | cd_dep_count | cnt1 |          avg           | stddev_samp |          avg           | cd_dep_employed_count | cnt2 |          avg           | stddev_samp |          avg           | cd_dep_college_count | cnt3 |          avg           | stddev_samp |          avg           
----------+-----------+-------------------+--------------+------+------------------------+-------------+------------------------+-----------------------+------+------------------------+-------------+------------------------+----------------------+------+------------------------+-------------+------------------------
 AK       | F         | D                 |            0 |    1 | 0.00000000000000000000 |             | 0.00000000000000000000 |                     3 |    1 |     3.0000000000000000 |             |     3.0000000000000000 |                    2 |    1 |     2.0000000000000000 |             |     2.0000000000000000
 AK       | F         | D                 |            5 |    1 |     5.0000000000000000 |             |     5.0000000000000000 |                     5 |    1 |     5.0000000000000000 |             |     5.0000000000000000 |                    4 |    1 |     4.0000000000000000 |             |     4.0000000000000000
 AK       | F         | M                 |            2 |    1 |     2.0000000000000000 |             |     2.0000000000000000 |                     3 |    1 |     3.0000000000000000 |             |     3.0000000000000000 |                    3 |    1 |     3.0000000000000000 |             |     3.0000000000000000
 AK       | F         | M                 |            5 |    1 |     5.0000000000000000 |             |     5.0000000000000000 |                     1 |    1 | 1.00000000000000000000 |             | 1.00000000000000000000 |                    0 |    1 | 0.00000000000000000000 |             | 0.00000000000000000000
 AK       | F         | M                 |            6 |    1 |     6.0000000000000000 |             |     6.0000000000000000 |                     2 |    1 |     2.0000000000000000 |             |     2.0000000000000000 |                    1 |    1 | 1.00000000000000000000 |             | 1.00000000000000000000
 AK       | F         | S                 |            0 |    1 | 0.00000000000000000000 |             | 0.00000000000000000000 |                     1 |    1 | 1.00000000000000000000 |             | 1.00000000000000000000 |                    2 |    1 |     2.0000000000000000 |             |     2.0000000000000000
 AK       | F         | S                 |            0 |    1 | 0.00000000000000000000 |             | 0.00000000000000000000 |                     2 |    1 |     2.0000000000000000 |             |     2.0000000000000000 |                    6 |    1 |     6.0000000000000000 |             |     6.0000000000000000
 AK       | F         | S                 |            6 |    1 |     6.0000000000000000 |             |     6.0000000000000000 |                     3 |    1 |     3.0000000000000000 |             |     3.0000000000000000 |                    0 |    1 | 0.00000000000000000000 |             | 0.00000000000000000000
 AK       | F         | U                 |            0 |    1 | 0.00000000000000000000 |             | 0.00000000000000000000 |                     0 |    1 | 0.00000000000000000000 |             | 0.00000000000000000000 |                    6 |    1 |     6.0000000000000000 |             |     6.0000000000000000
 AK       | F         | U                 |            2 |    1 |     2.0000000000000000 |             |     2.0000000000000000 |                     5 |    1 |     5.0000000000000000 |             |     5.0000000000000000 |                    5 |    1 |     5.0000000000000000 |             |     5.0000000000000000
 AK       | F         | U                 |            3 |    1 |     3.0000000000000000 |             |     3.0000000000000000 |                     6 |    1 |     6.0000000000000000 |             |     6.0000000000000000 |                    3 |    1 |     3.0000000000000000 |             |     3.0000000000000000
 AK       | F         | W                 |            0 |    1 | 0.00000000000000000000 |             | 0.00000000000000000000 |                     4 |    1 |     4.0000000000000000 |             |     4.0000000000000000 |                    0 |    1 | 0.00000000000000000000 |             | 0.00000000000000000000
 AK       | F         | W                 |            3 |    1 |     3.0000000000000000 |             |     3.0000000000000000 |                     2 |    1 |     2.0000000000000000 |             |     2.0000000000000000 |                    4 |    1 |     4.0000000000000000 |             |     4.0000000000000000
 AK       | F         | W                 |            5 |    1 |     5.0000000000000000 |             |     5.0000000000000000 |                     3 |    1 |     3.0000000000000000 |             |     3.0000000000000000 |                    3 |    1 |     3.0000000000000000 |             |     3.0000000000000000
 AK       | F         | W                 |            6 |    1 |     6.0000000000000000 |             |     6.0000000000000000 |                     0 |    1 | 0.00000000000000000000 |             | 0.00000000000000000000 |                    4 |    1 |     4.0000000000000000 |             |     4.0000000000000000
 AK       | M         | D                 |            0 |    1 | 0.00000000000000000000 |             | 0.00000000000000000000 |                     6 |    1 |     6.0000000000000000 |             |     6.0000000000000000 |                    5 |    1 |     5.0000000000000000 |             |     5.0000000000000000
 AK       | M         | M                 |            5 |    1 |     5.0000000000000000 |             |     5.0000000000000000 |                     6 |    1 |     6.0000000000000000 |             |     6.0000000000000000 |                    3 |    1 |     3.0000000000000000 |             |     3.0000000000000000
 AK       | M         | M                 |            6 |    1 |     6.0000000000000000 |             |     6.0000000000000000 |                     4 |    1 |     4.0000000000000000 |             |     4.0000000000000000 |                    3 |    1 |     3.0000000000000000 |             |     3.0000000000000000
 AK       | M         | S                 |            0 |    1 | 0.00000000000000000000 |             | 0.00000000000000000000 |                     6 |    1 |     6.0000000000000000 |             |     6.0000000000000000 |                    2 |    1 |     2.0000000000000000 |             |     2.0000000000000000
 AK       | M         | S                 |            3 |    1 |     3.0000000000000000 |             |     3.0000000000000000 |                     2 |    1 |     2.0000000000000000 |             |     2.0000000000000000 |                    1 |    1 | 1.00000000000000000000 |             | 1.00000000000000000000
 AK       | M         | S                 |            3 |    1 |     3.0000000000000000 |             |     3.0000000000000000 |                     4 |    1 |     4.0000000000000000 |             |     4.0000000000000000 |                    0 |    1 | 0.00000000000000000000 |             | 0.00000000000000000000
 AK       | M         | S                 |            5 |    1 |     5.0000000000000000 |             |     5.0000000000000000 |                     3 |    1 |     3.0000000000000000 |             |     3.0000000000000000 |                    1 |    1 | 1.00000000000000000000 |             | 1.00000000000000000000
 AK       | M         | S                 |            5 |    1 |     5.0000000000000000 |             |     5.0000000000000000 |                     4 |    1 |     4.0000000000000000 |             |     4.0000000000000000 |                    4 |    1 |     4.0000000000000000 |             |     4.0000000000000000
 AK       | M         | S                 |            6 |    1 |     6.0000000000000000 |             |     6.0000000000000000 |                     2 |    1 |     2.0000000000000000 |             |     2.0000000000000000 |                    3 |    1 |     3.0000000000000000 |             |     3.0000000000000000
 AK       | M         | U                 |            0 |    1 | 0.00000000000000000000 |             | 0.00000000000000000000 |                     1 |    1 | 1.00000000000000000000 |             | 1.00000000000000000000 |                    5 |    1 |     5.0000000000000000 |             |     5.0000000000000000
 AK       | M         | U                 |            0 |    1 | 0.00000000000000000000 |             | 0.00000000000000000000 |                     4 |    1 |     4.0000000000000000 |             |     4.0000000000000000 |                    4 |    1 |     4.0000000000000000 |             |     4.0000000000000000
 AK       | M         | U                 |            1 |    1 | 1.00000000000000000000 |             | 1.00000000000000000000 |                     5 |    1 |     5.0000000000000000 |             |     5.0000000000000000 |                    5 |    1 |     5.0000000000000000 |             |     5.0000000000000000
 AK       | M         | U                 |            3 |    1 |     3.0000000000000000 |             |     3.0000000000000000 |                     1 |    1 | 1.00000000000000000000 |             | 1.00000000000000000000 |                    3 |    1 |     3.0000000000000000 |             |     3.0000000000000000
 AK       | M         | W                 |            1 |    1 | 1.00000000000000000000 |             | 1.00000000000000000000 |                     0 |    1 | 0.00000000000000000000 |             | 0.00000000000000000000 |                    3 |    1 |     3.0000000000000000 |             |     3.0000000000000000
 AK       | M         | W                 |            1 |    1 | 1.00000000000000000000 |             | 1.00000000000000000000 |                     6 |    1 |     6.0000000000000000 |             |     6.0000000000000000 |                    5 |    1 |     5.0000000000000000 |             |     5.0000000000000000
 AL       | F         | D                 |            0 |    1 | 0.00000000000000000000 |             | 0.00000000000000000000 |                     2 |    1 |     2.0000000000000000 |             |     2.0000000000000000 |                    1 |    1 | 1.00000000000000000000 |             | 1.00000000000000000000
 AL       | F         | D                 |            1 |    1 | 1.00000000000000000000 |             | 1.00000000000000000000 |                     2 |    1 |     2.0000000000000000 |             |     2.0000000000000000 |                    6 |    1 |     6.0000000000000000 |             |     6.0000000000000000
 AL       | F         | D                 |            2 |    1 |     2.0000000000000000 |             |     2.0000000000000000 |                     2 |    1 |     2.0000000000000000 |             |     2.0000000000000000 |                    1 |    1 | 1.00000000000000000000 |             | 1.00000000000000000000
 AL       | F         | D                 |            3 |    1 |     3.0000000000000000 |             |     3.0000000000000000 |                     1 |    1 | 1.00000000000000000000 |             | 1.00000000000000000000 |                    5 |    1 |     5.0000000000000000 |             |     5.0000000000000000
 AL       | F         | D                 |            3 |    1 |     3.0000000000000000 |             |     3.0000000000000000 |                     5 |    1 |     5.0000000000000000 |             |     5.0000000000000000 |                    0 |    1 | 0.00000000000000000000 |             | 0.00000000000000000000
 AL       | F         | D                 |            3 |    1 |     3.0000000000000000 |             |     3.0000000000000000 |                     5 |    1 |     5.0000000000000000 |             |     5.0000000000000000 |                    4 |    1 |     4.0000000000000000 |             |     4.0000000000000000
 AL       | F         | D                 |            3 |    1 |     3.0000000000000000 |             |     3.0000000000000000 |                     6 |    1 |     6.0000000000000000 |             |     6.0000000000000000 |                    5 |    1 |     5.0000000000000000 |             |     5.0000000000000000
 AL       | F         | D                 |            4 |    1 |     4.0000000000000000 |             |     4.0000000000000000 |                     1 |    1 | 1.00000000000000000000 |             | 1.00000000000000000000 |                    6 |    1 |     6.0000000000000000 |             |     6.0000000000000000
 AL       | F         | D                 |            4 |    1 |     4.0000000000000000 |             |     4.0000000000000000 |                     3 |    1 |     3.0000000000000000 |             |     3.0000000000000000 |                    3 |    1 |     3.0000000000000000 |             |     3.0000000000000000
 AL       | F         | D                 |            4 |    2 |     4.0000000000000000 |           0 |     4.0000000000000000 |                     5 |    2 |     5.0000000000000000 |           0 |     5.0000000000000000 |                    3 |    2 |     3.0000000000000000 |           0 |     3.0000000000000000
 AL       | F         | M                 |            0 |    1 | 0.00000000000000000000 |             | 0.00000000000000000000 |                     1 |    1 | 1.00000000000000000000 |             | 1.00000000000000000000 |                    0 |    1 | 0.00000000000000000000 |             | 0.00000000000000000000
 AL       | F         | M                 |            0 |    1 | 0.00000000000000000000 |             | 0.00000000000000000000 |                     1 |    1 | 1.00000000000000000000 |             | 1.00000000000000000000 |                    4 |    1 |     4.0000000000000000 |             |     4.0000000000000000
 AL       | F         | M                 |            0 |    1 | 0.00000000000000000000 |             | 0.00000000000000000000 |                     5 |    1 |     5.0000000000000000 |             |     5.0000000000000000 |                    2 |    1 |     2.0000000000000000 |             |     2.0000000000000000
 AL       | F         | M                 |            2 |    1 |     2.0000000000000000 |             |     2.0000000000000000 |                     0 |    1 | 0.00000000000000000000 |             | 0.00000000000000000000 |                    5 |    1 |     5.0000000000000000 |             |     5.0000000000000000
 AL       | F         | M                 |            2 |    1 |     2.0000000000000000 |             |     2.0000000000000000 |                     6 |    1 |     6.0000000000000000 |             |     6.0000000000000000 |                    2 |    1 |     2.0000000000000000 |             |     2.0000000000000000
 AL       | F         | M                 |            4 |    1 |     4.0000000000000000 |             |     4.0000000000000000 |                     6 |    1 |     6.0000000000000000 |             |     6.0000000000000000 |                    5 |    1 |     5.0000000000000000 |             |     5.0000000000000000
 AL       | F         | M                 |            5 |    1 |     5.0000000000000000 |             |     5.0000000000000000 |                     1 |    1 | 1.00000000000000000000 |             | 1.00000000000000000000 |                    5 |    1 |     5.0000000000000000 |             |     5.0000000000000000
 AL       | F         | M                 |            6 |    1 |     6.0000000000000000 |             |     6.0000000000000000 |                     6 |    1 |     6.0000000000000000 |             |     6.0000000000000000 |                    1 |    1 | 1.00000000000000000000 |             | 1.00000000000000000000
 AL       | F         | M                 |            6 |    1 |     6.0000000000000000 |             |     6.0000000000000000 |                     6 |    1 |     6.0000000000000000 |             |     6.0000000000000000 |                    5 |    1 |     5.0000000000000000 |             |     5.0000000000000000
 AL       | F         | S                 |            0 |    1 | 0.00000000000000000000 |             | 0.00000000000000000000 |                     2 |    1 |     2.0000000000000000 |             |     2.0000000000000000 |                    4 |    1 |     4.0000000000000000 |             |     4.0000000000000000
 AL       | F         | S                 |            0 |    1 | 0.00000000000000000000 |             | 0.00000000000000000000 |                     3 |    1 |     3.0000000000000000 |             |     3.0000000000000000 |                    3 |    1 |     3.0000000000000000 |             |     3.0000000000000000
 AL       | F         | S                 |            1 |    1 | 1.00000000000000000000 |             | 1.00000000000000000000 |                     1 |    1 | 1.00000000000000000000 |             | 1.00000000000000000000 |                    0 |    1 | 0.00000000000000000000 |             | 0.00000000000000000000
 AL       | F         | S                 |            1 |    1 | 1.00000000000000000000 |             | 1.00000000000000000000 |                     4 |    1 |     4.0000000000000000 |             |     4.0000000000000000 |                    3 |    1 |     3.0000000000000000 |             |     3.0000000000000000
 AL       | F         | S                 |            1 |    1 | 1.00000000000000000000 |             | 1.00000000000000000000 |                     6 |    1 |     6.0000000000000000 |             |     6.0000000000000000 |                    2 |    1 |     2.0000000000000000 |             |     2.0000000000000000
 AL       | F         | S                 |            2 |    1 |     2.0000000000000000 |             |     2.0000000000000000 |                     0 |    1 | 0.00000000000000000000 |             | 0.00000000000000000000 |                    5 |    1 |     5.0000000000000000 |             |     5.0000000000000000
 AL       | F         | S                 |            2 |    1 |     2.0000000000000000 |             |     2.0000000000000000 |                     2 |    1 |     2.0000000000000000 |             |     2.0000000000000000 |                    6 |    1 |     6.0000000000000000 |             |     6.0000000000000000
 AL       | F         | S                 |            3 |    1 |     3.0000000000000000 |             |     3.0000000000000000 |                     1 |    1 | 1.00000000000000000000 |             | 1.00000000000000000000 |                    3 |    1 |     3.0000000000000000 |             |     3.0000000000000000
 AL       | F         | S                 |            4 |    1 |     4.0000000000000000 |             |     4.0000000000000000 |                     3 |    1 |     3.0000000000000000 |             |     3.0000000000000000 |                    2 |    1 |     2.0000000000000000 |             |     2.0000000000000000
 AL       | F         | S                 |            6 |    1 |     6.0000000000000000 |             |     6.0000000000000000 |                     1 |    1 | 1.00000000000000000000 |             | 1.00000000000000000000 |                    2 |    1 |     2.0000000000000000 |             |     2.0000000000000000
 AL       | F         | U                 |            0 |    1 | 0.00000000000000000000 |             | 0.00000000000000000000 |                     2 |    1 |     2.0000000000000000 |             |     2.0000000000000000 |                    4 |    1 |     4.0000000000000000 |             |     4.0000000000000000
 AL       | F         | U                 |            0 |    1 | 0.00000000000000000000 |             | 0.00000000000000000000 |                     4 |    1 |     4.0000000000000000 |             |     4.0000000000000000 |                    2 |    1 |     2.0000000000000000 |             |     2.0000000000000000
 AL       | F         | U                 |            1 |    1 | 1.00000000000000000000 |             | 1.00000000000000000000 |                     0 |    1 | 0.00000000000000000000 |             | 0.00000000000000000000 |                    0 |    1 | 0.00000000000000000000 |             | 0.00000000000000000000
 AL       | F         | U                 |            1 |    1 | 1.00000000000000000000 |             | 1.00000000000000000000 |                     0 |    1 | 0.00000000000000000000 |             | 0.00000000000000000000 |                    3 |    1 |     3.0000000000000000 |             |     3.0000000000000000
 AL       | F         | U                 |            1 |    1 | 1.00000000000000000000 |             | 1.00000000000000000000 |                     2 |    1 |     2.0000000000000000 |             |     2.0000000000000000 |                    1 |    1 | 1.00000000000000000000 |             | 1.00000000000000000000
 AL       | F         | U                 |            2 |    1 |     2.0000000000000000 |             |     2.0000000000000000 |                     6 |    1 |     6.0000000000000000 |             |     6.0000000000000000 |                    3 |    1 |     3.0000000000000000 |             |     3.0000000000000000
 AL       | F         | U                 |            3 |    1 |     3.0000000000000000 |             |     3.0000000000000000 |                     3 |    1 |     3.0000000000000000 |             |     3.0000000000000000 |                    5 |    1 |     5.0000000000000000 |             |     5.0000000000000000
 AL       | F         | U                 |            3 |    1 |     3.0000000000000000 |             |     3.0000000000000000 |                     5 |    1 |     5.0000000000000000 |             |     5.0000000000000000 |                    1 |    1 | 1.00000000000000000000 |             | 1.00000000000000000000
 AL       | F         | U                 |            4 |    1 |     4.0000000000000000 |             |     4.0000000000000000 |                     0 |    1 | 0.00000000000000000000 |             | 0.00000000000000000000 |                    3 |    1 |     3.0000000000000000 |             |     3.0000000000000000
 AL       | F         | U                 |            4 |    1 |     4.0000000000000000 |             |     4.0000000000000000 |                     2 |    1 |     2.0000000000000000 |             |     2.0000000000000000 |                    3 |    1 |     3.0000000000000000 |             |     3.0000000000000000
 AL       | F         | U                 |            5 |    1 |     5.0000000000000000 |             |     5.0000000000000000 |                     4 |    1 |     4.0000000000000000 |             |     4.0000000000000000 |                    0 |    1 | 0.00000000000000000000 |             | 0.00000000000000000000
 AL       | F         | U                 |            5 |    1 |     5.0000000000000000 |             |     5.0000000000000000 |                     4 |    1 |     4.0000000000000000 |             |     4.0000000000000000 |                    5 |    1 |     5.0000000000000000 |             |     5.0000000000000000
 AL       | F         | U                 |            5 |    1 |     5.0000000000000000 |             |     5.0000000000000000 |                     6 |    1 |     6.0000000000000000 |             |     6.0000000000000000 |                    5 |    1 |     5.0000000000000000 |             |     5.0000000000000000
 AL       | F         | U                 |            6 |    1 |     6.0000000000000000 |             |     6.0000000000000000 |                     0 |    1 | 0.00000000000000000000 |             | 0.00000000000000000000 |                    3 |    1 |     3.0000000000000000 |             |     3.0000000000000000
 AL       | F         | U                 |            6 |    1 |     6.0000000000000000 |             |     6.0000000000000000 |                     0 |    1 | 0.00000000000000000000 |             | 0.00000000000000000000 |                    4 |    1 |     4.0000000000000000 |             |     4.0000000000000000
 AL       | F         | U                 |            6 |    1 |     6.0000000000000000 |             |     6.0000000000000000 |                     1 |    1 | 1.00000000000000000000 |             | 1.00000000000000000000 |                    5 |    1 |     5.0000000000000000 |             |     5.0000000000000000
 AL       | F         | W                 |            0 |    1 | 0.00000000000000000000 |             | 0.00000000000000000000 |                     5 |    1 |     5.0000000000000000 |             |     5.0000000000000000 |                    2 |    1 |     2.0000000000000000 |             |     2.0000000000000000
 AL       | F         | W                 |            0 |    1 | 0.00000000000000000000 |             | 0.00000000000000000000 |                     6 |    1 |     6.0000000000000000 |             |     6.0000000000000000 |                    5 |    1 |     5.0000000000000000 |             |     5.0000000000000000
 AL       | F         | W                 |            1 |    1 | 1.00000000000000000000 |             | 1.00000000000000000000 |                     5 |    1 |     5.0000000000000000 |             |     5.0000000000000000 |                    0 |    1 | 0.00000000000000000000 |             | 0.00000000000000000000
 AL       | F         | W                 |            2 |    1 |     2.0000000000000000 |             |     2.0000000000000000 |                     4 |    1 |     4.0000000000000000 |             |     4.0000000000000000 |                    3 |    1 |     3.0000000000000000 |             |     3.0000000000000000
 AL       | F         | W                 |            3 |    1 |     3.0000000000000000 |             |     3.0000000000000000 |                     2 |    1 |     2.0000000000000000 |             |     2.0000000000000000 |                    4 |    1 |     4.0000000000000000 |             |     4.0000000000000000
 AL       | F         | W                 |            3 |    1 |     3.0000000000000000 |             |     3.0000000000000000 |                     4 |    1 |     4.0000000000000000 |             |     4.0000000000000000 |                    6 |    1 |     6.0000000000000000 |             |     6.0000000000000000
 AL       | F         | W                 |            3 |    1 |     3.0000000000000000 |             |     3.0000000000000000 |                     6 |    1 |     6.0000000000000000 |             |     6.0000000000000000 |                    5 |    1 |     5.0000000000000000 |             |     5.0000000000000000
 AL       | F         | W                 |            4 |    1 |     4.0000000000000000 |             |     4.0000000000000000 |                     2 |    1 |     2.0000000000000000 |             |     2.0000000000000000 |                    1 |    1 | 1.00000000000000000000 |             | 1.00000000000000000000
 AL       | F         | W                 |            5 |    1 |     5.0000000000000000 |             |     5.0000000000000000 |                     4 |    1 |     4.0000000000000000 |             |     4.0000000000000000 |                    3 |    1 |     3.0000000000000000 |             |     3.0000000000000000
 AL       | F         | W                 |            6 |    1 |     6.0000000000000000 |             |     6.0000000000000000 |                     0 |    1 | 0.00000000000000000000 |             | 0.00000000000000000000 |                    5 |    1 |     5.0000000000000000 |             |     5.0000000000000000
 AL       | F         | W                 |            6 |    1 |     6.0000000000000000 |             |     6.0000000000000000 |                     2 |    1 |     2.0000000000000000 |             |     2.0000000000000000 |                    2 |    1 |     2.0000000000000000 |             |     2.0000000000000000
 AL       | F         | W                 |            6 |    1 |     6.0000000000000000 |             |     6.0000000000000000 |                     4 |    1 |     4.0000000000000000 |             |     4.0000000000000000 |                    2 |    1 |     2.0000000000000000 |             |     2.0000000000000000
 AL       | M         | D                 |            0 |    1 | 0.00000000000000000000 |             | 0.00000000000000000000 |                     0 |    1 | 0.00000000000000000000 |             | 0.00000000000000000000 |                    4 |    1 |     4.0000000000000000 |             |     4.0000000000000000
 AL       | M         | D                 |            1 |    1 | 1.00000000000000000000 |             | 1.00000000000000000000 |                     0 |    1 | 0.00000000000000000000 |             | 0.00000000000000000000 |                    2 |    1 |     2.0000000000000000 |             |     2.0000000000000000
 AL       | M         | D                 |            1 |    1 | 1.00000000000000000000 |             | 1.00000000000000000000 |                     2 |    1 |     2.0000000000000000 |             |     2.0000000000000000 |                    1 |    1 | 1.00000000000000000000 |             | 1.00000000000000000000
 AL       | M         | D                 |            1 |    1 | 1.00000000000000000000 |             | 1.00000000000000000000 |                     6 |    1 |     6.0000000000000000 |             |     6.0000000000000000 |                    4 |    1 |     4.0000000000000000 |             |     4.0000000000000000
 AL       | M         | D                 |            2 |    1 |     2.0000000000000000 |             |     2.0000000000000000 |                     2 |    1 |     2.0000000000000000 |             |     2.0000000000000000 |                    1 |    1 | 1.00000000000000000000 |             | 1.00000000000000000000
 AL       | M         | D                 |            3 |    1 |     3.0000000000000000 |             |     3.0000000000000000 |                     3 |    1 |     3.0000000000000000 |             |     3.0000000000000000 |                    4 |    1 |     4.0000000000000000 |             |     4.0000000000000000
 AL       | M         | D                 |            4 |    1 |     4.0000000000000000 |             |     4.0000000000000000 |                     1 |    1 | 1.00000000000000000000 |             | 1.00000000000000000000 |                    0 |    1 | 0.00000000000000000000 |             | 0.00000000000000000000
 AL       | M         | D                 |            5 |    1 |     5.0000000000000000 |             |     5.0000000000000000 |                     1 |    1 | 1.00000000000000000000 |             | 1.00000000000000000000 |                    0 |    1 | 0.00000000000000000000 |             | 0.00000000000000000000
 AL       | M         | D                 |            5 |    1 |     5.0000000000000000 |             |     5.0000000000000000 |                     1 |    1 | 1.00000000000000000000 |             | 1.00000000000000000000 |                    4 |    1 |     4.0000000000000000 |             |     4.0000000000000000
 AL       | M         | D                 |            5 |    1 |     5.0000000000000000 |             |     5.0000000000000000 |                     1 |    1 | 1.00000000000000000000 |             | 1.00000000000000000000 |                    6 |    1 |     6.0000000000000000 |             |     6.0000000000000000
 AL       | M         | D                 |            5 |    1 |     5.0000000000000000 |             |     5.0000000000000000 |                     3 |    1 |     3.0000000000000000 |             |     3.0000000000000000 |                    5 |    1 |     5.0000000000000000 |             |     5.0000000000000000
 AL       | M         | D                 |            6 |    1 |     6.0000000000000000 |             |     6.0000000000000000 |                     0 |    1 | 0.00000000000000000000 |             | 0.00000000000000000000 |                    4 |    1 |     4.0000000000000000 |             |     4.0000000000000000
 AL       | M         | D                 |            6 |    1 |     6.0000000000000000 |             |     6.0000000000000000 |                     3 |    1 |     3.0000000000000000 |             |     3.0000000000000000 |                    6 |    1 |     6.0000000000000000 |             |     6.0000000000000000
(100 rows)

UPDATE time_statistics SET e_time = TRANSACTION_TIMESTAMP() WHERE template = 'query35.tpl' AND stream = 6;
psql:/tmp/s1-basline/throughput/query_6.sql:4035: NOTICE:  duration: 0.107 ms  plan:
Query Text: UPDATE time_statistics SET e_time = TRANSACTION_TIMESTAMP() WHERE template = 'query35.tpl' AND stream = 6;
Update on time_statistics  (cost=0.00..21.46 rows=0 width=0) (actual time=0.107..0.107 rows=0 loops=1)
  ->  Seq Scan on time_statistics  (cost=0.00..21.46 rows=1 width=14) (actual time=0.092..0.093 rows=1 loops=1)
        Filter: ((template = 'query35.tpl'::text) AND (stream = 6))
        Rows Removed by Filter: 723
UPDATE 1
LOAD 'auto_explain'; SET auto_explain.log_min_duration TO 0; SET auto_explain.log_analyze TO on; SET auto_explain.log_level TO notice; INSERT INTO time_statistics (template, s_time, stream, query, seed) VALUES ('query78.tpl', TRANSACTION_TIMESTAMP(), 6, 82, 390958691);
LOAD
SET
SET
SET
psql:/tmp/s1-basline/throughput/query_6.sql:4036: NOTICE:  duration: 0.008 ms  plan:
Query Text: INSERT INTO time_statistics (template, s_time, stream, query, seed) VALUES ('query78.tpl', TRANSACTION_TIMESTAMP(), 6, 82, 390958691);
Insert on time_statistics  (cost=0.00..0.01 rows=0 width=0) (actual time=0.008..0.008 rows=0 loops=1)
  ->  Result  (cost=0.00..0.01 rows=1 width=64) (actual time=0.001..0.001 rows=1 loops=1)
INSERT 0 1
with ws as
  (select d_year AS ws_sold_year, ws_item_sk,
    ws_bill_customer_sk ws_customer_sk,
    sum(ws_quantity) ws_qty,
    sum(ws_wholesale_cost) ws_wc,
    sum(ws_sales_price) ws_sp
   from web_sales
   left join web_returns on wr_order_number=ws_order_number and ws_item_sk=wr_item_sk
   join date_dim on ws_sold_date_sk = d_date_sk
   where wr_order_number is null
   group by d_year, ws_item_sk, ws_bill_customer_sk
   ),
cs as
  (select d_year AS cs_sold_year, cs_item_sk,
    cs_bill_customer_sk cs_customer_sk,
    sum(cs_quantity) cs_qty,
    sum(cs_wholesale_cost) cs_wc,
    sum(cs_sales_price) cs_sp
   from catalog_sales
   left join catalog_returns on cr_order_number=cs_order_number and cs_item_sk=cr_item_sk
   join date_dim on cs_sold_date_sk = d_date_sk
   where cr_order_number is null
   group by d_year, cs_item_sk, cs_bill_customer_sk
   ),
ss as
  (select d_year AS ss_sold_year, ss_item_sk,
    ss_customer_sk,
    sum(ss_quantity) ss_qty,
    sum(ss_wholesale_cost) ss_wc,
    sum(ss_sales_price) ss_sp
   from store_sales
   left join store_returns on sr_ticket_number=ss_ticket_number and ss_item_sk=sr_item_sk
   join date_dim on ss_sold_date_sk = d_date_sk
   where sr_ticket_number is null
   group by d_year, ss_item_sk, ss_customer_sk
   )
 select 
ss_item_sk,
round(ss_qty/(coalesce(ws_qty,0)+coalesce(cs_qty,0)),2) ratio,
ss_qty store_qty, ss_wc store_wholesale_cost, ss_sp store_sales_price,
coalesce(ws_qty,0)+coalesce(cs_qty,0) other_chan_qty,
coalesce(ws_wc,0)+coalesce(cs_wc,0) other_chan_wholesale_cost,
coalesce(ws_sp,0)+coalesce(cs_sp,0) other_chan_sales_price
from ss
left join ws on (ws_sold_year=ss_sold_year and ws_item_sk=ss_item_sk and ws_customer_sk=ss_customer_sk)
left join cs on (cs_sold_year=ss_sold_year and cs_item_sk=ss_item_sk and cs_customer_sk=ss_customer_sk)
where (coalesce(ws_qty,0)>0 or coalesce(cs_qty, 0)>0) and ss_sold_year=1999
order by 
  ss_item_sk,
  ss_qty desc, ss_wc desc, ss_sp desc,
  other_chan_qty,
  other_chan_wholesale_cost,
  other_chan_sales_price,
  ratio
limit 100;
psql:/tmp/s1-basline/throughput/query_6.sql:4091: NOTICE:  duration: 2571.605 ms  plan:
Query Text: with ws as
  (select d_year AS ws_sold_year, ws_item_sk,
    ws_bill_customer_sk ws_customer_sk,
    sum(ws_quantity) ws_qty,
    sum(ws_wholesale_cost) ws_wc,
    sum(ws_sales_price) ws_sp
   from web_sales
   left join web_returns on wr_order_number=ws_order_number and ws_item_sk=wr_item_sk
   join date_dim on ws_sold_date_sk = d_date_sk
   where wr_order_number is null
   group by d_year, ws_item_sk, ws_bill_customer_sk
   ),
cs as
  (select d_year AS cs_sold_year, cs_item_sk,
    cs_bill_customer_sk cs_customer_sk,
    sum(cs_quantity) cs_qty,
    sum(cs_wholesale_cost) cs_wc,
    sum(cs_sales_price) cs_sp
   from catalog_sales
   left join catalog_returns on cr_order_number=cs_order_number and cs_item_sk=cr_item_sk
   join date_dim on cs_sold_date_sk = d_date_sk
   where cr_order_number is null
   group by d_year, cs_item_sk, cs_bill_customer_sk
   ),
ss as
  (select d_year AS ss_sold_year, ss_item_sk,
    ss_customer_sk,
    sum(ss_quantity) ss_qty,
    sum(ss_wholesale_cost) ss_wc,
    sum(ss_sales_price) ss_sp
   from store_sales
   left join store_returns on sr_ticket_number=ss_ticket_number and ss_item_sk=sr_item_sk
   join date_dim on ss_sold_date_sk = d_date_sk
   where sr_ticket_number is null
   group by d_year, ss_item_sk, ss_customer_sk
   )
 select 
ss_item_sk,
round(ss_qty/(coalesce(ws_qty,0)+coalesce(cs_qty,0)),2) ratio,
ss_qty store_qty, ss_wc store_wholesale_cost, ss_sp store_sales_price,
coalesce(ws_qty,0)+coalesce(cs_qty,0) other_chan_qty,
coalesce(ws_wc,0)+coalesce(cs_wc,0) other_chan_wholesale_cost,
coalesce(ws_sp,0)+coalesce(cs_sp,0) other_chan_sales_price
from ss
left join ws on (ws_sold_year=ss_sold_year and ws_item_sk=ss_item_sk and ws_customer_sk=ss_customer_sk)
left join cs on (cs_sold_year=ss_sold_year and cs_item_sk=ss_item_sk and cs_customer_sk=ss_customer_sk)
where (coalesce(ws_qty,0)>0 or coalesce(cs_qty, 0)>0) and ss_sold_year=1999
order by 
  ss_item_sk,
  ss_qty desc, ss_wc desc, ss_sp desc,
  other_chan_qty,
  other_chan_wholesale_cost,
  other_chan_sales_price,
  ratio
limit 100;
Limit  (cost=154252.44..154252.69 rows=100 width=88) (actual time=2494.036..2571.518 rows=100 loops=1)
  ->  Sort  (cost=154252.44..154252.82 rows=151 width=88) (actual time=2494.035..2571.511 rows=100 loops=1)
        Sort Key: store_sales.ss_item_sk, (sum(store_sales.ss_quantity)) DESC, (sum(store_sales.ss_wholesale_cost)) DESC, (sum(store_sales.ss_sales_price)) DESC, ((COALESCE((sum(web_sales.ws_quantity)), '0'::bigint) + COALESCE((sum(catalog_sales.cs_quantity)), '0'::bigint))), ((COALESCE((sum(web_sales.ws_wholesale_cost)), '0'::double precision) + COALESCE((sum(catalog_sales.cs_wholesale_cost)), '0'::double precision))), ((COALESCE((sum(web_sales.ws_sales_price)), '0'::double precision) + COALESCE((sum(catalog_sales.cs_sales_price)), '0'::double precision))), (round((((sum(store_sales.ss_quantity)) / (COALESCE((sum(web_sales.ws_quantity)), '0'::bigint) + COALESCE((sum(catalog_sales.cs_quantity)), '0'::bigint))))::numeric, 2))
        Sort Method: quicksort  Memory: 53kB
        ->  Merge Left Join  (cost=153943.75..154246.98 rows=151 width=88) (actual time=1654.221..2571.452 rows=200 loops=1)
              Merge Cond: ((store_sales.ss_item_sk = catalog_sales.cs_item_sk) AND (store_sales.ss_customer_sk = catalog_sales.cs_bill_customer_sk))
              Join Filter: (date_dim_2.d_year = date_dim.d_year)
              Filter: ((COALESCE((sum(web_sales.ws_quantity)), '0'::bigint) > 0) OR (COALESCE((sum(catalog_sales.cs_quantity)), '0'::bigint) > 0))
              Rows Removed by Filter: 484358
              ->  Merge Left Join  (cost=129153.59..129404.99 rows=271 width=68) (actual time=986.262..1621.551 rows=484558 loops=1)
                    Merge Cond: ((store_sales.ss_item_sk = web_sales.ws_item_sk) AND (store_sales.ss_customer_sk = web_sales.ws_bill_customer_sk))
                    Join Filter: (date_dim_1.d_year = date_dim.d_year)
                    ->  Finalize GroupAggregate  (cost=94577.11..94612.40 rows=271 width=44) (actual time=772.105..1196.056 rows=484558 loops=1)
                          Group Key: date_dim.d_year, store_sales.ss_item_sk, store_sales.ss_customer_sk
                          ->  Gather Merge  (cost=94577.11..94606.30 rows=226 width=44) (actual time=772.098..1032.289 rows=487564 loops=1)
                                Workers Planned: 2
                                Workers Launched: 2
                                ->  Partial GroupAggregate  (cost=93577.08..93580.19 rows=113 width=44) (actual time=762.386..852.966 rows=162521 loops=3)
                                      Group Key: date_dim.d_year, store_sales.ss_item_sk, store_sales.ss_customer_sk
                                      ->  Sort  (cost=93577.08..93577.37 rows=113 width=40) (actual time=762.376..777.570 rows=163263 loops=3)
                                            Sort Key: store_sales.ss_item_sk, store_sales.ss_customer_sk
                                            Sort Method: external merge  Disk: 10480kB
                                            Worker 0:  Sort Method: external merge  Disk: 8488kB
                                            Worker 1:  Sort Method: external merge  Disk: 8480kB
                                            ->  Nested Loop Anti Join  (cost=2323.07..93573.23 rows=113 width=40) (actual time=14.548..667.642 rows=163263 loops=3)
                                                  ->  Hash Join  (cost=2322.65..90983.94 rows=5718 width=48) (actual time=14.481..281.190 rows=180942 loops=3)
                                                        Hash Cond: (store_sales.ss_sold_date_sk = date_dim.d_date_sk)
                                                        ->  Parallel Seq Scan on store_sales  (cost=0.00..85499.45 rows=1204445 width=52) (actual time=0.015..127.774 rows=948150 loops=3)
                                                        ->  Hash  (cost=2318.11..2318.11 rows=363 width=12) (actual time=14.417..14.418 rows=365 loops=3)
                                                              Buckets: 1024  Batches: 1  Memory Usage: 26kB
                                                              ->  Seq Scan on date_dim  (cost=0.00..2318.11 rows=363 width=12) (actual time=6.866..14.360 rows=365 loops=3)
                                                                    Filter: (d_year = 1999)
                                                                    Rows Removed by Filter: 72684
                                                  ->  Index Only Scan using pk_store_returns on store_returns  (cost=0.42..0.44 rows=1 width=16) (actual time=0.002..0.002 rows=0 loops=542826)
                                                        Index Cond: ((sr_item_sk = store_sales.ss_item_sk) AND (sr_ticket_number = store_sales.ss_ticket_number))
                                                        Heap Fetches: 21682
                    ->  Materialize  (cost=34576.48..34781.22 rows=1436 width=44) (actual time=214.152..343.749 rows=128607 loops=1)
                          ->  Finalize GroupAggregate  (cost=34576.48..34763.27 rows=1436 width=44) (actual time=214.149..310.075 rows=128607 loops=1)
                                Group Key: date_dim_1.d_year, web_sales.ws_item_sk, web_sales.ws_bill_customer_sk
                                ->  Gather Merge  (cost=34576.48..34730.97 rows=1196 width=44) (actual time=214.145..266.509 rows=128611 loops=1)
                                      Workers Planned: 2
                                      Workers Launched: 2
                                      ->  Partial GroupAggregate  (cost=33576.46..33592.90 rows=598 width=44) (actual time=206.653..229.736 rows=42870 loops=3)
                                            Group Key: date_dim_1.d_year, web_sales.ws_item_sk, web_sales.ws_bill_customer_sk
                                            ->  Sort  (cost=33576.46..33577.95 rows=598 width=40) (actual time=206.639..210.324 rows=42874 loops=3)
                                                  Sort Key: web_sales.ws_item_sk, web_sales.ws_bill_customer_sk
                                                  Sort Method: quicksort  Memory: 6312kB
                                                  Worker 0:  Sort Method: quicksort  Memory: 4689kB
                                                  Worker 1:  Sort Method: quicksort  Memory: 4661kB
                                                  ->  Nested Loop Anti Join  (cost=2323.07..33548.88 rows=598 width=40) (actual time=14.665..189.120 rows=42874 loops=3)
                                                        ->  Hash Join  (cost=2322.65..32884.62 rows=1496 width=48) (actual time=14.600..97.636 rows=47570 loops=3)
                                                              Hash Cond: (web_sales.ws_sold_date_sk = date_dim_1.d_date_sk)
                                                              ->  Parallel Seq Scan on web_sales  (cost=0.00..29771.63 rows=301063 width=52) (actual time=0.018..45.500 rows=237185 loops=3)
                                                              ->  Hash  (cost=2318.11..2318.11 rows=363 width=12) (actual time=14.509..14.509 rows=365 loops=3)
                                                                    Buckets: 1024  Batches: 1  Memory Usage: 26kB
                                                                    ->  Seq Scan on date_dim date_dim_1  (cost=0.00..2318.11 rows=363 width=12) (actual time=7.087..14.459 rows=365 loops=3)
                                                                          Filter: (d_year = 1999)
                                                                          Rows Removed by Filter: 72684
                                                        ->  Index Only Scan using pk_web_returns on web_returns  (cost=0.42..0.44 rows=1 width=16) (actual time=0.002..0.002 rows=0 loops=142711)
                                                              Index Cond: ((wr_item_sk = web_sales.ws_item_sk) AND (wr_order_number = web_sales.ws_order_number))
                                                              Heap Fetches: 4589
              ->  Materialize  (cost=24790.16..24832.56 rows=1060 width=44) (actual time=667.265..864.942 rows=251280 loops=1)
                    ->  GroupAggregate  (cost=24790.16..24819.31 rows=1060 width=44) (actual time=667.263..800.214 rows=251280 loops=1)
                          Group Key: date_dim_2.d_year, catalog_sales.cs_item_sk, catalog_sales.cs_bill_customer_sk
                          ->  Sort  (cost=24790.16..24792.81 rows=1060 width=40) (actual time=667.251..694.095 rows=251333 loops=1)
                                Sort Key: catalog_sales.cs_item_sk, catalog_sales.cs_bill_customer_sk
                                Sort Method: external merge  Disk: 14248kB
                                ->  Nested Loop Anti Join  (cost=0.85..24736.90 rows=1060 width=40) (actual time=3.975..529.386 rows=251333 loops=1)
                                      ->  Nested Loop  (cost=0.43..21531.98 rows=7137 width=48) (actual time=3.967..115.947 rows=279031 loops=1)
                                            ->  Seq Scan on date_dim date_dim_2  (cost=0.00..2318.11 rows=363 width=12) (actual time=3.952..8.323 rows=365 loops=1)
                                                  Filter: (d_year = 1999)
                                                  Rows Removed by Filter: 72684
                                            ->  Index Scan using i_cs_sold_date_sk on catalog_sales  (cost=0.43..45.08 rows=785 width=52) (actual time=0.004..0.153 rows=764 loops=365)
                                                  Index Cond: (cs_sold_date_sk = date_dim_2.d_date_sk)
                                      ->  Index Only Scan using pk_catalog_returns on catalog_returns  (cost=0.42..0.44 rows=1 width=16) (actual time=0.001..0.001 rows=0 loops=279031)
                                            Index Cond: ((cr_item_sk = catalog_sales.cs_item_sk) AND (cr_order_number = catalog_sales.cs_order_number))
                                            Heap Fetches: 10106
 ss_item_sk | ratio | store_qty | store_wholesale_cost | store_sales_price | other_chan_qty | other_chan_wholesale_cost | other_chan_sales_price 
------------+-------+-----------+----------------------+-------------------+----------------+---------------------------+------------------------
         14 |  1.00 |        28 |                 8.03 |             11.73 |             24 |                     88.47 |                  77.72
        109 |  1.00 |        92 |                75.66 |             54.26 |             58 |                      65.1 |                  22.85
        115 |  0.00 |        67 |                56.46 |             67.92 |             72 |                     18.35 |                  29.74
        352 |  0.00 |        81 |                 7.16 |              6.83 |             97 |                     82.36 |                  82.22
        373 |  1.00 |        47 |                95.77 |            145.57 |             43 |                     66.99 |                  48.73
        616 | 42.00 |        42 |                 1.14 |              0.03 |              1 |                      89.2 |                 134.43
        662 |  1.00 |        39 |                 6.27 |              6.65 |             25 |                     31.04 |                  21.11
        692 |  3.00 |        70 |                42.18 |             47.12 |             18 |                     61.99 |                  42.95
        745 |  3.00 |        45 |                82.38 |             56.54 |             13 |                     96.17 |                 165.56
        757 |  0.00 |        57 |                29.28 |              5.88 |             63 |                     94.37 |                    151
        790 |  0.00 |        14 |                80.84 |              65.2 |             24 |                     80.07 |                  77.02
        808 |  7.00 |        70 |                28.46 |             16.73 |             10 |                     95.26 |                  70.85
        836 |  0.00 |         1 |                67.93 |             87.38 |             83 |                     39.04 |                  37.87
        838 |  0.00 |        67 |                40.19 |              0.94 |             98 |                     66.04 |                 105.25
        931 |  2.00 |        23 |                 3.91 |              2.97 |             11 |                      9.67 |                   1.52
       1027 |  0.00 |         5 |                53.68 |             16.52 |             72 |                     60.78 |                  72.07
       1040 |  4.00 |        74 |                96.58 |             88.39 |             18 |                     97.25 |                  84.41
       1093 |  0.00 |        13 |                80.08 |            139.18 |             92 |                     82.29 |                 117.47
       1136 |  0.00 |         3 |                79.48 |             48.06 |             96 |                     60.86 |                  19.25
       1207 |  0.00 |        32 |                15.06 |             11.67 |             85 |                     81.14 |                 105.63
       1208 |  2.00 |        91 |                40.09 |             45.02 |             38 |                     16.25 |                   3.32
       1687 |  2.00 |        58 |                75.49 |             60.78 |             26 |                      8.65 |                    2.8
       1759 |  1.00 |        70 |                96.02 |             73.86 |             64 |                     24.21 |                  41.42
       1828 |  1.00 |        39 |                29.42 |             16.32 |             23 |                     78.27 |                  30.36
       1870 |  0.00 |        13 |                47.21 |             31.63 |             17 |                      86.6 |                   8.53
       2182 |  0.00 |        49 |                17.64 |             26.02 |             99 |                     65.44 |                  65.22
       2194 |  0.00 |        56 |                36.66 |             24.91 |             61 |                     24.58 |                  49.55
       2212 |  3.00 |        13 |                64.88 |             43.18 |              4 |                     96.39 |                  65.35
       2500 |  0.00 |         5 |                58.64 |             42.11 |             31 |                      2.07 |                   1.38
       2570 |  0.00 |        44 |                19.79 |              4.36 |             84 |                     54.64 |                  17.23
       2710 |  2.00 |        58 |                55.93 |              2.18 |             20 |                     99.11 |                 120.81
       2786 |  3.00 |        72 |                   75 |             75.33 |             21 |                     98.18 |                  37.46
       2834 |  0.00 |        48 |                78.08 |             75.23 |             64 |                     12.83 |                  22.28
       2899 |  0.00 |        36 |                86.11 |             24.44 |             61 |                     77.77 |                  93.01
       2942 |  0.00 |        18 |                86.46 |             65.84 |             67 |                     84.52 |                 190.95
       3298 |  0.00 |        17 |                22.76 |             17.95 |             49 |                     23.93 |                  27.87
       3319 |  0.00 |        15 |                 56.1 |             35.18 |             63 |                      63.4 |                  96.16
       3367 |  1.00 |        94 |                68.91 |             46.01 |             63 |                     55.91 |                  27.92
       3446 |  5.00 |        55 |                 6.37 |              8.37 |             10 |                     89.23 |                  87.47
       3463 |  6.00 |        58 |                26.19 |             29.72 |              9 |                      45.5 |                  25.05
       3481 |  0.00 |        76 |                34.55 |              37.8 |             86 |                     95.19 |                 110.87
       3676 |       |           |                74.72 |                   |             21 |                     11.64 |                  22.04
       4147 |  0.00 |        30 |                 4.24 |              0.96 |             58 |                     89.43 |                  65.75
       4300 |  1.00 |        34 |                72.32 |             33.62 |             26 |                     12.31 |                   7.93
       4354 |  2.00 |        75 |                44.02 |             21.78 |             29 |                     50.01 |                  51.15
       4495 |  2.00 |        56 |                53.09 |             38.98 |             22 |                     30.25 |                  16.26
       4582 | 60.00 |        60 |                41.66 |             41.99 |              1 |                     48.46 |                  84.74
       4628 |  2.00 |        81 |                81.49 |            108.78 |             39 |                     58.06 |                  54.67
       4669 |  1.00 |        18 |                21.95 |             10.71 |             17 |                     51.95 |                      0
       4693 |  0.00 |        51 |                81.46 |             81.09 |             63 |                     54.67 |                 120.05
       4858 |  0.00 |        46 |                 1.32 |              1.55 |             72 |                     86.06 |                   1.11
       5008 |  0.00 |        61 |                74.61 |                74 |             74 |                     19.26 |                  31.58
       5254 |  0.00 |        58 |                23.67 |             45.44 |             94 |                     41.68 |                    3.4
       5342 |  4.00 |        75 |                  8.8 |              0.96 |             16 |                     79.88 |                   49.9
       5395 |  0.00 |        31 |                73.38 |              20.8 |             51 |                     24.52 |                   56.7
       5446 |  2.00 |        71 |                12.04 |              0.26 |             30 |                     66.33 |                  51.25
       6028 |  1.00 |        70 |                57.24 |             53.06 |             67 |                     40.69 |                   2.83
       6103 |  0.00 |         1 |                 91.2 |            155.95 |             80 |                     74.11 |                 124.97
       6146 |  1.00 |        97 |                  2.2 |              3.79 |             49 |                      36.2 |                  30.26
       6433 |  0.00 |        37 |                32.69 |             44.52 |             87 |                     23.75 |                  11.85
       6499 |  0.00 |        71 |                   83 |            123.46 |             82 |                     51.33 |                   58.2
       6508 |  7.00 |        94 |                 3.67 |              0.12 |             13 |                     78.98 |                 135.39
       6638 |  2.00 |        85 |                86.29 |             85.77 |             30 |                     49.29 |                  48.88
       6922 |  2.00 |        65 |                12.37 |             21.03 |             26 |                      54.9 |                  90.25
       6934 |  0.00 |         1 |                70.33 |             54.11 |             89 |                     60.64 |                  94.96
       6973 |  0.00 |        47 |                77.24 |             67.04 |             71 |                     49.02 |                  91.05
       6992 |  0.00 |        40 |                60.32 |             20.68 |             50 |                     43.52 |                  42.76
       7228 |  1.00 |        91 |                73.76 |             92.93 |             61 |                     23.85 |                  35.73
       7340 |  0.00 |        36 |                62.56 |             36.36 |             83 |                     35.45 |                  51.04
       7360 |  0.00 |         3 |                22.36 |              5.75 |             90 |                     49.97 |                  69.95
       7526 |  1.00 |        94 |                30.32 |              0.57 |             91 |                     21.25 |                  20.68
       7576 |  0.00 |        56 |                27.74 |             30.78 |             58 |                     16.93 |                  16.15
       7936 |  0.00 |         4 |                63.73 |             28.81 |             66 |                     91.54 |                 144.28
       7972 |  0.00 |        21 |                      |             20.05 |             54 |                     67.76 |                   3.98
       7982 |  0.00 |        51 |                44.52 |             24.51 |             96 |                     28.26 |                  22.04
       8014 |  6.00 |        43 |                73.41 |             34.61 |              7 |                     97.13 |                  154.2
       8101 |  0.00 |        58 |                63.03 |              17.2 |             60 |                     64.18 |                   80.5
       8131 |  0.00 |        34 |                66.83 |                   |             95 |                      4.62 |                   3.44
       8194 |  0.00 |        17 |                23.01 |             21.61 |            100 |                     63.38 |                  92.96
       8234 |  4.00 |        63 |                84.65 |            104.57 |             13 |                         4 |                   7.84
       8266 |  0.00 |        92 |                29.62 |             40.76 |             99 |                     14.18 |                   7.88
       8272 |  1.00 |        37 |                33.77 |             46.46 |             30 |                     81.11 |                  36.74
       8336 |  1.00 |        43 |                65.77 |             35.99 |             23 |                     16.47 |                   8.39
       8359 |  0.00 |        77 |                56.72 |             16.22 |             98 |                     58.92 |                  85.84
       8486 |  0.00 |        64 |                13.77 |             13.26 |             73 |                     11.28 |                   0.82
       8548 |  0.00 |         3 |                19.71 |             12.42 |             11 |                      4.42 |                   1.28
       8558 |  0.00 |         7 |                87.85 |              49.8 |              8 |                     39.82 |                  29.17
       8635 |  0.00 |         4 |                48.76 |              27.1 |             20 |                     87.56 |                 104.72
       8720 |  3.00 |        29 |                87.26 |              7.98 |              8 |                     76.46 |                  28.25
       8731 |  2.00 |        59 |                28.79 |             25.07 |             27 |                     18.32 |                  28.09
       8776 |  0.00 |        42 |                54.35 |             53.21 |             55 |                     60.81 |                  50.17
       8810 |  0.00 |         7 |                 89.7 |             52.81 |             87 |                     15.53 |                   1.42
       8857 |  2.00 |        86 |                40.15 |             54.05 |             29 |                     15.86 |                   0.88
       8894 |  0.00 |         1 |                43.47 |                 0 |             39 |                     95.31 |                 114.88
       8924 |  1.00 |        90 |                22.77 |              9.53 |             52 |                     61.02 |                  60.29
       8978 |  0.00 |        94 |                96.09 |             48.83 |             97 |                     53.17 |                   30.3
       9038 |  0.00 |        26 |                81.47 |             80.81 |             72 |                     86.43 |                 137.94
       9136 |  1.00 |        68 |                 67.3 |             52.16 |             57 |                     57.38 |                 135.75
       9260 |  0.00 |        21 |                99.24 |             68.37 |             62 |                     76.67 |                  75.56
       9532 |  0.00 |        17 |                86.74 |             57.45 |             57 |                      17.2 |                  13.37
(100 rows)

UPDATE time_statistics SET e_time = TRANSACTION_TIMESTAMP() WHERE template = 'query78.tpl' AND stream = 6;
psql:/tmp/s1-basline/throughput/query_6.sql:4093: NOTICE:  duration: 0.111 ms  plan:
Query Text: UPDATE time_statistics SET e_time = TRANSACTION_TIMESTAMP() WHERE template = 'query78.tpl' AND stream = 6;
Update on time_statistics  (cost=0.00..21.46 rows=0 width=0) (actual time=0.110..0.111 rows=0 loops=1)
  ->  Seq Scan on time_statistics  (cost=0.00..21.46 rows=1 width=14) (actual time=0.097..0.097 rows=1 loops=1)
        Filter: ((template = 'query78.tpl'::text) AND (stream = 6))
        Rows Removed by Filter: 724
UPDATE 1
LOAD 'auto_explain'; SET auto_explain.log_min_duration TO 0; SET auto_explain.log_analyze TO on; SET auto_explain.log_level TO notice; INSERT INTO time_statistics (template, s_time, stream, query, seed) VALUES ('query57.tpl', TRANSACTION_TIMESTAMP(), 6, 83, 437590693);
LOAD
SET
SET
SET
psql:/tmp/s1-basline/throughput/query_6.sql:4094: NOTICE:  duration: 0.008 ms  plan:
Query Text: INSERT INTO time_statistics (template, s_time, stream, query, seed) VALUES ('query57.tpl', TRANSACTION_TIMESTAMP(), 6, 83, 437590693);
Insert on time_statistics  (cost=0.00..0.01 rows=0 width=0) (actual time=0.007..0.007 rows=0 loops=1)
  ->  Result  (cost=0.00..0.01 rows=1 width=64) (actual time=0.001..0.001 rows=1 loops=1)
INSERT 0 1
with v1 as(
 select i_category, i_brand,
        cc_name,
        d_year, d_moy,
        sum(cs_sales_price) sum_sales,
        avg(sum(cs_sales_price)) over
          (partition by i_category, i_brand,
                     cc_name, d_year)
          avg_monthly_sales,
        rank() over
          (partition by i_category, i_brand,
                     cc_name
           order by d_year, d_moy) rn
 from item, catalog_sales, date_dim, call_center
 where cs_item_sk = i_item_sk and
       cs_sold_date_sk = d_date_sk and
       cc_call_center_sk= cs_call_center_sk and
       (
         d_year = 2000 or
         ( d_year = 2000-1 and d_moy =12) or
         ( d_year = 2000+1 and d_moy =1)
       )
 group by i_category, i_brand,
          cc_name , d_year, d_moy),
 v2 as(
 select v1.i_category, v1.i_brand, v1.cc_name
        ,v1.d_year
        ,v1.avg_monthly_sales
        ,v1.sum_sales, v1_lag.sum_sales psum, v1_lead.sum_sales nsum
 from v1, v1 v1_lag, v1 v1_lead
 where v1.i_category = v1_lag.i_category and
       v1.i_category = v1_lead.i_category and
       v1.i_brand = v1_lag.i_brand and
       v1.i_brand = v1_lead.i_brand and
       v1. cc_name = v1_lag. cc_name and
       v1. cc_name = v1_lead. cc_name and
       v1.rn = v1_lag.rn + 1 and
       v1.rn = v1_lead.rn - 1)
  select  *
 from v2
 where  d_year = 2000 and
        avg_monthly_sales > 0 and
        case when avg_monthly_sales > 0 then abs(sum_sales - avg_monthly_sales) / avg_monthly_sales else null end > 0.1
 order by sum_sales - avg_monthly_sales, avg_monthly_sales
 limit 100;
psql:/tmp/s1-basline/throughput/query_6.sql:4139: NOTICE:  duration: 1561.292 ms  plan:
Query Text: with v1 as(
 select i_category, i_brand,
        cc_name,
        d_year, d_moy,
        sum(cs_sales_price) sum_sales,
        avg(sum(cs_sales_price)) over
          (partition by i_category, i_brand,
                     cc_name, d_year)
          avg_monthly_sales,
        rank() over
          (partition by i_category, i_brand,
                     cc_name
           order by d_year, d_moy) rn
 from item, catalog_sales, date_dim, call_center
 where cs_item_sk = i_item_sk and
       cs_sold_date_sk = d_date_sk and
       cc_call_center_sk= cs_call_center_sk and
       (
         d_year = 2000 or
         ( d_year = 2000-1 and d_moy =12) or
         ( d_year = 2000+1 and d_moy =1)
       )
 group by i_category, i_brand,
          cc_name , d_year, d_moy),
 v2 as(
 select v1.i_category, v1.i_brand, v1.cc_name
        ,v1.d_year
        ,v1.avg_monthly_sales
        ,v1.sum_sales, v1_lag.sum_sales psum, v1_lead.sum_sales nsum
 from v1, v1 v1_lag, v1 v1_lead
 where v1.i_category = v1_lag.i_category and
       v1.i_category = v1_lead.i_category and
       v1.i_brand = v1_lag.i_brand and
       v1.i_brand = v1_lead.i_brand and
       v1. cc_name = v1_lag. cc_name and
       v1. cc_name = v1_lead. cc_name and
       v1.rn = v1_lag.rn + 1 and
       v1.rn = v1_lead.rn - 1)
  select  *
 from v2
 where  d_year = 2000 and
        avg_monthly_sales > 0 and
        case when avg_monthly_sales > 0 then abs(sum_sales - avg_monthly_sales) / avg_monthly_sales else null end > 0.1
 order by sum_sales - avg_monthly_sales, avg_monthly_sales
 limit 100;
Limit  (cost=29083.79..29083.80 rows=1 width=570) (actual time=1561.173..1561.191 rows=100 loops=1)
  CTE v1
    ->  WindowAgg  (cost=27549.43..28171.41 rows=8293 width=146) (actual time=1132.669..1471.057 rows=31806 loops=1)
          ->  WindowAgg  (cost=27549.43..27984.82 rows=8293 width=138) (actual time=1132.649..1446.477 rows=31806 loops=1)
                ->  GroupAggregate  (cost=27549.43..27777.49 rows=8293 width=130) (actual time=1132.633..1415.530 rows=31806 loops=1)
                      Group Key: item.i_category, item.i_brand, call_center.cc_name, date_dim.d_year, date_dim.d_moy
                      ->  Sort  (cost=27549.43..27570.17 rows=8293 width=130) (actual time=1132.619..1304.166 rows=337504 loops=1)
                            Sort Key: item.i_category, item.i_brand, call_center.cc_name, date_dim.d_year, date_dim.d_moy
                            Sort Method: external merge  Disk: 47232kB
                            ->  Hash Join  (cost=1662.56..27009.66 rows=8293 width=130) (actual time=15.232..268.298 rows=337504 loops=1)
                                  Hash Cond: (catalog_sales.cs_call_center_sk = call_center.cc_call_center_sk)
                                  ->  Hash Join  (cost=1661.43..26971.26 rows=8337 width=126) (actual time=15.221..216.018 rows=344430 loops=1)
                                        Hash Cond: (catalog_sales.cs_item_sk = item.i_item_sk)
                                        ->  Nested Loop  (cost=0.43..25288.38 rows=8337 width=32) (actual time=5.028..137.765 rows=344430 loops=1)
                                              ->  Seq Scan on date_dim  (cost=0.00..3048.60 rows=424 width=16) (actual time=5.011..10.255 rows=428 loops=1)
                                                    Filter: ((d_year = 2000) OR ((d_year = 1999) AND (d_moy = 12)) OR ((d_year = 2001) AND (d_moy = 1)))
                                                    Rows Removed by Filter: 72621
                                              ->  Index Scan using i_cs_sold_date_sk on catalog_sales  (cost=0.43..44.60 rows=785 width=32) (actual time=0.004..0.140 rows=805 loops=428)
                                                    Index Cond: (cs_sold_date_sk = date_dim.d_date_sk)
                                        ->  Hash  (cost=1436.00..1436.00 rows=18000 width=110) (actual time=10.175..10.176 rows=18000 loops=1)
                                              Buckets: 32768  Batches: 1  Memory Usage: 2783kB
                                              ->  Seq Scan on item  (cost=0.00..1436.00 rows=18000 width=110) (actual time=0.003..6.813 rows=18000 loops=1)
                                  ->  Hash  (cost=1.06..1.06 rows=6 width=20) (actual time=0.007..0.007 rows=6 loops=1)
                                        Buckets: 1024  Batches: 1  Memory Usage: 9kB
                                        ->  Seq Scan on call_center  (cost=0.00..1.06 rows=6 width=20) (actual time=0.003..0.004 rows=6 loops=1)
  ->  Sort  (cost=912.38..912.39 rows=1 width=570) (actual time=1561.172..1561.178 rows=100 loops=1)
        Sort Key: ((v1.sum_sales - v1.avg_monthly_sales)), v1.avg_monthly_sales
        Sort Method: top-N heapsort  Memory: 69kB
        ->  Hash Join  (cost=611.74..912.37 rows=1 width=570) (actual time=1533.516..1554.981 rows=23843 loops=1)
              Hash Cond: ((v1_lead.i_category = v1.i_category) AND (v1_lead.i_brand = v1.i_brand) AND ((v1_lead.cc_name)::text = (v1.cc_name)::text) AND ((v1_lead.rn - 1) = v1.rn))
              ->  CTE Scan on v1 v1_lead  (cost=0.00..165.86 rows=8293 width=542) (actual time=1132.671..1135.371 rows=31806 loops=1)
              ->  Hash  (cost=611.72..611.72 rows=1 width=1096) (actual time=400.824..400.826 rows=24799 loops=1)
                    Buckets: 32768 (originally 1024)  Batches: 1 (originally 1)  Memory Usage: 7748kB
                    ->  Hash Join  (cost=311.09..611.72 rows=1 width=1096) (actual time=366.577..389.456 rows=24799 loops=1)
                          Hash Cond: ((v1_lag.i_category = v1.i_category) AND (v1_lag.i_brand = v1.i_brand) AND ((v1_lag.cc_name)::text = (v1.cc_name)::text) AND ((v1_lag.rn + 1) = v1.rn))
                          ->  CTE Scan on v1 v1_lag  (cost=0.00..165.86 rows=8293 width=542) (actual time=0.000..3.069 rows=31806 loops=1)
                          ->  Hash  (cost=310.99..310.99 rows=5 width=554) (actual time=366.565..366.565 rows=24947 loops=1)
                                Buckets: 32768 (originally 1024)  Batches: 1 (originally 1)  Memory Usage: 4544kB
                                ->  CTE Scan on v1  (cost=0.00..310.99 rows=5 width=554) (actual time=0.208..355.050 rows=25190 loops=1)
                                      Filter: ((avg_monthly_sales > '0'::double precision) AND (d_year = 2000) AND (CASE WHEN (avg_monthly_sales > '0'::double precision) THEN (abs((sum_sales - avg_monthly_sales)) / avg_monthly_sales) ELSE NULL::double precision END > '0.1'::double precision))
                                      Rows Removed by Filter: 6616
                     i_category                     |                      i_brand                       |    cc_name    | d_year | avg_monthly_sales  |     sum_sales      |        psum        |        nsum        
----------------------------------------------------+----------------------------------------------------+---------------+--------+--------------------+--------------------+--------------------+--------------------
 Women                                              | edu packamalg #2                                   | North Midwest |   2000 |  7559.341666666667 | 2767.5800000000004 |  7121.919999999996 |  4805.180000000001
 Women                                              | edu packamalg #2                                   | NY Metro      |   2000 |  7736.606666666667 |  3069.880000000001 |            4724.15 | 11218.300000000003
 Shoes                                              | amalgedu pack #2                                   | NY Metro      |   2000 |  6875.587499999999 |  2419.879999999999 | 4440.2300000000005 |  3432.639999999999
 Women                                              | importoamalg #2                                    | NY Metro      |   2000 |  7097.114999999998 | 2764.8299999999995 |  4004.369999999999 |  3822.100000000001
 Women                                              | exportiamalg #2                                    | NY Metro      |   2000 |  6840.833333333332 |            2597.66 |            4057.97 |  4555.720000000002
 Women                                              | edu packamalg #2                                   | NY Metro      |   2000 |  7736.606666666667 |            3530.28 | 3771.8999999999983 |            5041.91
 Music                                              | exportischolar #2                                  | North Midwest |   2000 |  7049.770833333332 | 2895.6599999999994 | 3215.7000000000003 |  3730.850000000001
 Music                                              | amalgscholar #2                                    | NY Metro      |   2000 |          6360.9425 | 2281.5999999999995 | 3408.4499999999994 | 3406.1199999999994
 Shoes                                              | edu packedu pack #2                                | North Midwest |   2000 |  6369.418333333334 |  2314.599999999999 |  8945.110000000008 |  4900.750000000003
 Women                                              | edu packamalg #2                                   | North Midwest |   2000 |  7559.341666666667 |  3577.350000000001 |  4453.740000000001 |  5453.189999999999
 Women                                              | amalgamalg #2                                      | NY Metro      |   2000 |          6108.3425 | 2135.3200000000006 | 3179.4899999999993 |  4804.390000000001
 Children                                           | importoexporti #2                                  | North Midwest |   2000 |  6950.985833333333 | 2978.0199999999995 | 3623.6600000000003 |  4745.659999999996
 Women                                              | edu packamalg #2                                   | NY Metro      |   2000 |  7736.606666666667 | 3771.8999999999983 |  9018.140000000001 |            3530.28
 Music                                              | exportischolar #2                                  | Mid Atlantic  |   2000 |  7369.710833333331 | 3423.6299999999997 | 3691.9300000000007 |            4820.33
 Men                                                | importoimporto #2                                  | NY Metro      |   2000 |  6491.618333333333 |            2585.29 |            4184.67 |  5238.700000000002
 Children                                           | exportiexporti #2                                  | Mid Atlantic  |   2000 |          7123.2625 | 3224.0499999999993 |            5732.97 |  4264.129999999999
 Shoes                                              | edu packedu pack #2                                | Mid Atlantic  |   2000 |  6575.080833333333 | 2702.8599999999997 |            4418.99 |  9381.480000000001
 Music                                              | exportischolar #2                                  | North Midwest |   2000 |  7049.770833333332 | 3215.7000000000003 |  6098.589999999998 | 2895.6599999999994
 Shoes                                              | importoedu pack #2                                 | Mid Atlantic  |   2000 |          6342.6725 |  2537.929999999999 | 3477.8699999999994 |  4100.839999999999
 Women                                              | importoamalg #2                                    | North Midwest |   2000 |  6868.104166666668 |  3092.800000000001 |  4987.190000000004 |  3175.529999999999
 Shoes                                              | exportiedu pack #2                                 | North Midwest |   2000 |  6407.166666666667 | 2658.2400000000007 |            4211.22 |            4012.26
 Shoes                                              | exportiedu pack #2                                 | NY Metro      |   2000 |  6162.566666666665 |  2452.759999999999 | 3189.6700000000005 |            2885.14
 Men                                                | amalgimporto #2                                    | Mid Atlantic  |   2000 |  6658.076666666668 | 2964.3100000000004 | 6013.3700000000035 | 3767.6600000000008
 Women                                              | importoamalg #2                                    | North Midwest |   2000 |  6868.104166666668 |  3175.529999999999 |  3092.800000000001 |  4901.140000000001
 Music                                              | exportischolar #2                                  | Mid Atlantic  |   2000 |  7369.710833333331 | 3691.9300000000007 |  4209.029999999997 | 3423.6299999999997
 Women                                              | exportiamalg #2                                    | Mid Atlantic  |   2000 |  6784.128333333331 |  3106.550000000001 |             4247.1 |  8029.300000000002
 Music                                              | amalgscholar #2                                    | Mid Atlantic  |   2000 |  6363.949166666666 | 2688.8099999999986 | 3800.3199999999993 |            4534.93
 Shoes                                              | importoedu pack #2                                 | Mid Atlantic  |   2000 |          6342.6725 |            2670.86 |  5981.039999999997 |  3540.690000000001
 Children                                           | importoexporti #2                                  | NY Metro      |   2000 |          6812.3875 |  3150.040000000001 |  4872.760000000001 |  5454.319999999997
 Women                                              | edu packamalg #2                                   | Mid Atlantic  |   2000 |          7473.7775 |            3818.56 |  7272.809999999999 |            4909.43
 Women                                              | importoamalg #2                                    | NY Metro      |   2000 |  7097.114999999998 |  3462.819999999998 |            3893.85 | 3500.0699999999997
 Women                                              | exportiamalg #2                                    | Mid Atlantic  |   2000 |  6784.128333333331 | 3157.9199999999987 |  4013.269999999999 |  4893.380000000001
 Music                                              | importoscholar #2                                  | NY Metro      |   2000 |  6474.939166666667 | 2851.1199999999985 |            4330.25 |            4227.74
 Women                                              | amalgamalg #2                                      | Mid Atlantic  |   2000 | 6165.4541666666655 | 2545.1199999999994 | 3834.2299999999996 | 2667.1999999999985
 Shoes                                              | exportiedu pack #2                                 | North Midwest |   2000 |  6407.166666666667 |  2795.479999999999 |            3683.88 |            4211.22
 Shoes                                              | importoedu pack #2                                 | North Midwest |   2000 |  6254.936666666666 | 2655.3199999999993 |  4864.469999999999 |            5333.27
 Women                                              | importoamalg #2                                    | NY Metro      |   2000 |  7097.114999999998 | 3500.0699999999997 |  3462.819999999998 |  4975.030000000002
 Children                                           | amalgexporti #2                                    | NY Metro      |   2000 |          6592.7225 | 3003.6100000000006 | 5131.6500000000015 | 4025.8400000000015
 Women                                              | amalgamalg #2                                      | Mid Atlantic  |   2000 | 6165.4541666666655 | 2667.1999999999985 | 2545.1199999999994 |            4197.21
 Children                                           | importoexporti #2                                  | Mid Atlantic  |   2000 |  6696.497500000001 |  3208.150000000001 |            4211.91 |            5464.22
 Children                                           | amalgexporti #2                                    | Mid Atlantic  |   2000 |            6242.47 | 2768.0199999999995 |             3607.7 |  3439.869999999999
 Shoes                                              | amalgedu pack #2                                   | Mid Atlantic  |   2000 |  6819.954166666666 | 3359.8300000000004 | 3593.5799999999995 |  4861.860000000001
 Shoes                                              | amalgedu pack #2                                   | NY Metro      |   2000 |  6875.587499999999 |  3432.639999999999 |  2419.879999999999 | 11258.369999999997
 Children                                           | amalgexporti #2                                    | North Midwest |   2000 |  6869.705833333334 |  3429.959999999999 |            4567.19 |            4773.66
 Music                                              | exportischolar #2                                  | North Midwest |   2000 |  7049.770833333332 | 3610.5399999999986 |            4607.37 | 10146.380000000001
 Music                                              | importoscholar #2                                  | NY Metro      |   2000 |  6474.939166666667 |  3048.729999999999 |            3741.87 |            4330.59
 Children                                           | exportiexporti #2                                  | NY Metro      |   2000 |  7258.350000000001 |            3838.44 |            3888.56 |  4115.619999999999
 Children                                           | exportiexporti #2                                  | NY Metro      |   2000 |  7258.350000000001 |            3843.32 |  4682.369999999999 | 11021.930000000004
 Women                                              | exportiamalg #2                                    | Mid Atlantic  |   2000 |  6784.128333333331 |            3384.93 | 3555.4500000000003 |  4013.269999999999
 Music                                              | edu packscholar #2                                 | NY Metro      |   2000 |  5551.178333333333 | 2154.7600000000007 |            3412.33 |  4198.700000000001
 Men                                                | edu packimporto #2                                 | Mid Atlantic  |   2000 |  5945.564166666667 | 2550.0699999999997 |  3897.200000000001 |            3742.44
 Shoes                                              | importoedu pack #2                                 | Mid Atlantic  |   2000 |          6342.6725 |            2950.63 |  4559.219999999999 | 10135.080000000005
 Children                                           | importoexporti #2                                  | Mid Atlantic  |   2000 |  6696.497500000001 | 3319.7800000000007 | 3561.0499999999993 |  8242.850000000002
 Men                                                | importoimporto #2                                  | North Midwest |   2000 |  6210.083333333332 |  2833.580000000001 |               2927 |  3628.539999999999
 Children                                           | exportiexporti #2                                  | NY Metro      |   2000 |  7258.350000000001 |            3888.56 |  5045.049999999999 |            3838.44
 Music                                              | exportischolar #2                                  | NY Metro      |   2000 |  6992.142499999999 | 3628.2700000000004 |  3868.839999999999 |  3675.330000000001
 Children                                           | edu packexporti #2                                 | NY Metro      |   2000 |  5923.923333333333 | 2564.3199999999997 |  4594.549999999998 |  2765.539999999999
 Men                                                | amalgimporto #2                                    | North Midwest |   2000 |  6350.059166666667 | 2994.0200000000013 |            6455.95 |            4314.81
 Shoes                                              | edu packedu pack #2                                | NY Metro      |   2000 |  6389.750833333333 |  3039.689999999999 |  4870.540000000002 |            8441.51
 Children                                           | exportiexporti #2                                  | Mid Atlantic  |   2000 |          7123.2625 |  3783.409999999999 |  4788.219999999999 |  5948.579999999999
 Women                                              | edu packamalg #2                                   | Mid Atlantic  |   2000 |          7473.7775 |  4146.209999999998 |  4709.290000000001 | 10585.130000000003
 Children                                           | importoexporti #2                                  | North Midwest |   2000 |  6950.985833333333 | 3623.6600000000003 |  4774.360000000003 | 2978.0199999999995
 Men                                                | amalgimporto #2                                    | NY Metro      |   2000 |  5965.694166666667 | 2646.0599999999995 |  6860.050000000002 |  3435.489999999999
 Music                                              | exportischolar #2                                  | North Midwest |   2000 |  7049.770833333332 |  3730.850000000001 | 2895.6599999999994 | 4095.4499999999994
 Music                                              | exportischolar #2                                  | NY Metro      |   2000 |  6992.142499999999 |  3675.330000000001 | 3628.2700000000004 |  4166.400000000001
 Men                                                | exportiimporto #2                                  | Mid Atlantic  |   2000 |  6135.224999999999 | 2821.7099999999996 |  4475.160000000001 | 3931.4599999999987
 Shoes                                              | importoedu pack #2                                 | NY Metro      |   2000 |  6616.156666666666 | 3318.5400000000013 | 3648.1399999999994 |  4241.889999999999
 Shoes                                              | edu packedu pack #2                                | Mid Atlantic  |   2000 |  6575.080833333333 | 3281.3499999999995 |            4302.33 |  4826.349999999998
 Women                                              | amalgamalg #2                                      | NY Metro      |   2000 |          6108.3425 | 2821.0499999999997 | 3841.4600000000005 | 3179.4899999999993
 Music                                              | exportischolar #2                                  | Mid Atlantic  |   2000 |  7369.710833333331 | 4085.6099999999997 |            4265.71 |  4209.029999999997
 Men                                                | importoimporto #2                                  | North Midwest |   2000 |  6210.083333333332 |               2927 | 3529.9900000000007 |  2833.580000000001
 Shoes                                              | exportiedu pack #2                                 | NY Metro      |   2000 |  6162.566666666665 |            2885.14 |  2452.759999999999 |            4190.97
 Women                                              | importoamalg #2                                    | NY Metro      |   2000 |  7097.114999999998 |  3822.100000000001 | 2764.8299999999995 |            3893.85
 Men                                                | importoimporto #2                                  | NY Metro      |   2000 |  6491.618333333333 | 3219.0099999999998 |            4577.84 |  3806.640000000001
 Children                                           | exportiexporti #2                                  | North Midwest |   2000 |  7023.525000000001 | 3756.6100000000006 |  4348.090000000001 | 4408.6399999999985
 Shoes                                              | importoedu pack #2                                 | NY Metro      |   2000 |  6616.156666666666 | 3349.5699999999997 |  4241.889999999999 |  4397.079999999998
 Men                                                | importoimporto #2                                  | North Midwest |   2000 |  6210.083333333332 | 2953.2399999999993 |  3628.539999999999 | 3611.9800000000005
 Shoes                                              | amalgedu pack #2                                   | NY Metro      |   2000 |  6875.587499999999 | 3619.1999999999994 |  3685.049999999999 |  4311.199999999998
 Children                                           | exportiexporti #2                                  | North Midwest |   2000 |  7023.525000000001 |            3771.16 |            4292.15 |  4348.090000000001
 Music                                              | amalgscholar #2                                    | North Midwest |   2000 |  6069.210833333334 | 2838.6199999999994 |  4242.940000000001 |             4036.9
 Women                                              | exportiamalg #2                                    | Mid Atlantic  |   2000 |  6784.128333333331 | 3555.4500000000003 |            5208.35 |            3384.93
 Shoes                                              | amalgedu pack #2                                   | Mid Atlantic  |   2000 |  6819.954166666666 | 3593.5799999999995 |  3813.289999999999 | 3359.8300000000004
 Music                                              | edu packscholar #2                                 | NY Metro      |   2000 |  5551.178333333333 | 2333.6699999999996 | 2765.4800000000005 |            8404.28
 Shoes                                              | importoedu pack #2                                 | North Midwest |   2000 |  6254.936666666666 |             3037.7 | 3380.5599999999995 |  3269.150000000001
 Women                                              | importoamalg #2                                    | NY Metro      |   2000 |  7097.114999999998 |            3893.85 |  3822.100000000001 |  3462.819999999998
 Shoes                                              | edu packedu pack #2                                | NY Metro      |   2000 |  6389.750833333333 | 3191.5599999999995 |            7254.65 |            3419.09
 Shoes                                              | exportiedu pack #2                                 | Mid Atlantic  |   2000 |  6231.229166666665 |  3036.020000000001 |  4266.029999999997 | 3910.0700000000006
 Music                                              | exportischolar #2                                  | NY Metro      |   2000 |  6992.142499999999 | 3799.9199999999973 |  4356.719999999999 | 3876.4300000000007
 Shoes                                              | amalgedu pack #2                                   | NY Metro      |   2000 |  6875.587499999999 |  3685.049999999999 |  6122.299999999998 | 3619.1999999999994
 Children                                           | exportiexporti #2                                  | NY Metro      |   2000 |  7258.350000000001 | 4079.3799999999987 |  5000.469999999999 |  5045.049999999999
 Shoes                                              | importoedu pack #2                                 | NY Metro      |   2000 |  6616.156666666666 |            3439.72 |  4397.079999999998 |            3666.84
 Music                                              | exportischolar #2                                  | Mid Atlantic  |   2000 |  7369.710833333331 |  4209.029999999997 | 4085.6099999999997 | 3691.9300000000007
 Children                                           | edu packexporti #2                                 | NY Metro      |   2000 |  5923.923333333333 |  2765.539999999999 | 2564.3199999999997 |            2967.48
 Shoes                                              | amalgedu pack #2                                   | North Midwest |   2000 |             7031.2 |            3874.21 |  5278.379999999999 |  4614.779999999999
 Children                                           | importoexporti #2                                  | NY Metro      |   2000 |          6812.3875 |  3657.429999999999 | 3721.1099999999997 |  4872.760000000001
 Children                                           | importoexporti #2                                  | NY Metro      |   2000 |          6812.3875 |            3663.34 |  4413.869999999999 | 3721.1099999999997
 Children                                           | exportiexporti #2                                  | NY Metro      |   2000 |  7258.350000000001 |  4115.619999999999 |            3838.44 |  4682.369999999999
 Children                                           | importoexporti #2                                  | Mid Atlantic  |   2000 |  6696.497500000001 | 3561.0499999999993 | 3973.6000000000004 | 3319.7800000000007
 Men                                                | edu packimporto #2                                 | North Midwest |   2000 |          5969.0975 | 2839.9499999999994 |            5011.63 | 3118.6600000000003
 Music                                              | exportischolar #2                                  | NY Metro      |   2000 |  6992.142499999999 |  3868.839999999999 |            7536.07 | 3628.2700000000004
(100 rows)

UPDATE time_statistics SET e_time = TRANSACTION_TIMESTAMP() WHERE template = 'query57.tpl' AND stream = 6;
psql:/tmp/s1-basline/throughput/query_6.sql:4141: NOTICE:  duration: 0.117 ms  plan:
Query Text: UPDATE time_statistics SET e_time = TRANSACTION_TIMESTAMP() WHERE template = 'query57.tpl' AND stream = 6;
Update on time_statistics  (cost=0.00..21.46 rows=0 width=0) (actual time=0.116..0.116 rows=0 loops=1)
  ->  Seq Scan on time_statistics  (cost=0.00..21.46 rows=1 width=14) (actual time=0.101..0.101 rows=1 loops=1)
        Filter: ((template = 'query57.tpl'::text) AND (stream = 6))
        Rows Removed by Filter: 725
UPDATE 1
LOAD 'auto_explain'; SET auto_explain.log_min_duration TO 0; SET auto_explain.log_analyze TO on; SET auto_explain.log_level TO notice; INSERT INTO time_statistics (template, s_time, stream, query, seed) VALUES ('query66.tpl', TRANSACTION_TIMESTAMP(), 6, 84, 2030606753);
LOAD
SET
SET
SET
psql:/tmp/s1-basline/throughput/query_6.sql:4142: NOTICE:  duration: 0.008 ms  plan:
Query Text: INSERT INTO time_statistics (template, s_time, stream, query, seed) VALUES ('query66.tpl', TRANSACTION_TIMESTAMP(), 6, 84, 2030606753);
Insert on time_statistics  (cost=0.00..0.01 rows=0 width=0) (actual time=0.008..0.008 rows=0 loops=1)
  ->  Result  (cost=0.00..0.01 rows=1 width=64) (actual time=0.001..0.002 rows=1 loops=1)
INSERT 0 1
select   
         w_warehouse_name
 	,w_warehouse_sq_ft
 	,w_city
 	,w_county
 	,w_state
 	,w_country
        ,ship_carriers
        ,year
 	,sum(jan_sales) as jan_sales
 	,sum(feb_sales) as feb_sales
 	,sum(mar_sales) as mar_sales
 	,sum(apr_sales) as apr_sales
 	,sum(may_sales) as may_sales
 	,sum(jun_sales) as jun_sales
 	,sum(jul_sales) as jul_sales
 	,sum(aug_sales) as aug_sales
 	,sum(sep_sales) as sep_sales
 	,sum(oct_sales) as oct_sales
 	,sum(nov_sales) as nov_sales
 	,sum(dec_sales) as dec_sales
 	,sum(jan_sales/w_warehouse_sq_ft) as jan_sales_per_sq_foot
 	,sum(feb_sales/w_warehouse_sq_ft) as feb_sales_per_sq_foot
 	,sum(mar_sales/w_warehouse_sq_ft) as mar_sales_per_sq_foot
 	,sum(apr_sales/w_warehouse_sq_ft) as apr_sales_per_sq_foot
 	,sum(may_sales/w_warehouse_sq_ft) as may_sales_per_sq_foot
 	,sum(jun_sales/w_warehouse_sq_ft) as jun_sales_per_sq_foot
 	,sum(jul_sales/w_warehouse_sq_ft) as jul_sales_per_sq_foot
 	,sum(aug_sales/w_warehouse_sq_ft) as aug_sales_per_sq_foot
 	,sum(sep_sales/w_warehouse_sq_ft) as sep_sales_per_sq_foot
 	,sum(oct_sales/w_warehouse_sq_ft) as oct_sales_per_sq_foot
 	,sum(nov_sales/w_warehouse_sq_ft) as nov_sales_per_sq_foot
 	,sum(dec_sales/w_warehouse_sq_ft) as dec_sales_per_sq_foot
 	,sum(jan_net) as jan_net
 	,sum(feb_net) as feb_net
 	,sum(mar_net) as mar_net
 	,sum(apr_net) as apr_net
 	,sum(may_net) as may_net
 	,sum(jun_net) as jun_net
 	,sum(jul_net) as jul_net
 	,sum(aug_net) as aug_net
 	,sum(sep_net) as sep_net
 	,sum(oct_net) as oct_net
 	,sum(nov_net) as nov_net
 	,sum(dec_net) as dec_net
 from (
     select 
 	w_warehouse_name
 	,w_warehouse_sq_ft
 	,w_city
 	,w_county
 	,w_state
 	,w_country
 	,'TBS' || ',' || 'BARIAN' as ship_carriers
       ,d_year as year
 	,sum(case when d_moy = 1 
 		then ws_sales_price* ws_quantity else 0 end) as jan_sales
 	,sum(case when d_moy = 2 
 		then ws_sales_price* ws_quantity else 0 end) as feb_sales
 	,sum(case when d_moy = 3 
 		then ws_sales_price* ws_quantity else 0 end) as mar_sales
 	,sum(case when d_moy = 4 
 		then ws_sales_price* ws_quantity else 0 end) as apr_sales
 	,sum(case when d_moy = 5 
 		then ws_sales_price* ws_quantity else 0 end) as may_sales
 	,sum(case when d_moy = 6 
 		then ws_sales_price* ws_quantity else 0 end) as jun_sales
 	,sum(case when d_moy = 7 
 		then ws_sales_price* ws_quantity else 0 end) as jul_sales
 	,sum(case when d_moy = 8 
 		then ws_sales_price* ws_quantity else 0 end) as aug_sales
 	,sum(case when d_moy = 9 
 		then ws_sales_price* ws_quantity else 0 end) as sep_sales
 	,sum(case when d_moy = 10 
 		then ws_sales_price* ws_quantity else 0 end) as oct_sales
 	,sum(case when d_moy = 11
 		then ws_sales_price* ws_quantity else 0 end) as nov_sales
 	,sum(case when d_moy = 12
 		then ws_sales_price* ws_quantity else 0 end) as dec_sales
 	,sum(case when d_moy = 1 
 		then ws_net_paid_inc_tax * ws_quantity else 0 end) as jan_net
 	,sum(case when d_moy = 2
 		then ws_net_paid_inc_tax * ws_quantity else 0 end) as feb_net
 	,sum(case when d_moy = 3 
 		then ws_net_paid_inc_tax * ws_quantity else 0 end) as mar_net
 	,sum(case when d_moy = 4 
 		then ws_net_paid_inc_tax * ws_quantity else 0 end) as apr_net
 	,sum(case when d_moy = 5 
 		then ws_net_paid_inc_tax * ws_quantity else 0 end) as may_net
 	,sum(case when d_moy = 6 
 		then ws_net_paid_inc_tax * ws_quantity else 0 end) as jun_net
 	,sum(case when d_moy = 7 
 		then ws_net_paid_inc_tax * ws_quantity else 0 end) as jul_net
 	,sum(case when d_moy = 8 
 		then ws_net_paid_inc_tax * ws_quantity else 0 end) as aug_net
 	,sum(case when d_moy = 9 
 		then ws_net_paid_inc_tax * ws_quantity else 0 end) as sep_net
 	,sum(case when d_moy = 10 
 		then ws_net_paid_inc_tax * ws_quantity else 0 end) as oct_net
 	,sum(case when d_moy = 11
 		then ws_net_paid_inc_tax * ws_quantity else 0 end) as nov_net
 	,sum(case when d_moy = 12
 		then ws_net_paid_inc_tax * ws_quantity else 0 end) as dec_net
     from
          web_sales
         ,warehouse
         ,date_dim
         ,time_dim
 	  ,ship_mode
     where
            ws_warehouse_sk =  w_warehouse_sk
        and ws_sold_date_sk = d_date_sk
        and ws_sold_time_sk = t_time_sk
 	and ws_ship_mode_sk = sm_ship_mode_sk
        and d_year = 2001
 	and t_time between 21612 and 21612+28800 
 	and sm_carrier in ('TBS','BARIAN')
     group by 
        w_warehouse_name
 	,w_warehouse_sq_ft
 	,w_city
 	,w_county
 	,w_state
 	,w_country
       ,d_year
 union all
     select 
 	w_warehouse_name
 	,w_warehouse_sq_ft
 	,w_city
 	,w_county
 	,w_state
 	,w_country
 	,'TBS' || ',' || 'BARIAN' as ship_carriers
       ,d_year as year
 	,sum(case when d_moy = 1 
 		then cs_sales_price* cs_quantity else 0 end) as jan_sales
 	,sum(case when d_moy = 2 
 		then cs_sales_price* cs_quantity else 0 end) as feb_sales
 	,sum(case when d_moy = 3 
 		then cs_sales_price* cs_quantity else 0 end) as mar_sales
 	,sum(case when d_moy = 4 
 		then cs_sales_price* cs_quantity else 0 end) as apr_sales
 	,sum(case when d_moy = 5 
 		then cs_sales_price* cs_quantity else 0 end) as may_sales
 	,sum(case when d_moy = 6 
 		then cs_sales_price* cs_quantity else 0 end) as jun_sales
 	,sum(case when d_moy = 7 
 		then cs_sales_price* cs_quantity else 0 end) as jul_sales
 	,sum(case when d_moy = 8 
 		then cs_sales_price* cs_quantity else 0 end) as aug_sales
 	,sum(case when d_moy = 9 
 		then cs_sales_price* cs_quantity else 0 end) as sep_sales
 	,sum(case when d_moy = 10 
 		then cs_sales_price* cs_quantity else 0 end) as oct_sales
 	,sum(case when d_moy = 11
 		then cs_sales_price* cs_quantity else 0 end) as nov_sales
 	,sum(case when d_moy = 12
 		then cs_sales_price* cs_quantity else 0 end) as dec_sales
 	,sum(case when d_moy = 1 
 		then cs_net_paid_inc_ship * cs_quantity else 0 end) as jan_net
 	,sum(case when d_moy = 2 
 		then cs_net_paid_inc_ship * cs_quantity else 0 end) as feb_net
 	,sum(case when d_moy = 3 
 		then cs_net_paid_inc_ship * cs_quantity else 0 end) as mar_net
 	,sum(case when d_moy = 4 
 		then cs_net_paid_inc_ship * cs_quantity else 0 end) as apr_net
 	,sum(case when d_moy = 5 
 		then cs_net_paid_inc_ship * cs_quantity else 0 end) as may_net
 	,sum(case when d_moy = 6 
 		then cs_net_paid_inc_ship * cs_quantity else 0 end) as jun_net
 	,sum(case when d_moy = 7 
 		then cs_net_paid_inc_ship * cs_quantity else 0 end) as jul_net
 	,sum(case when d_moy = 8 
 		then cs_net_paid_inc_ship * cs_quantity else 0 end) as aug_net
 	,sum(case when d_moy = 9 
 		then cs_net_paid_inc_ship * cs_quantity else 0 end) as sep_net
 	,sum(case when d_moy = 10 
 		then cs_net_paid_inc_ship * cs_quantity else 0 end) as oct_net
 	,sum(case when d_moy = 11
 		then cs_net_paid_inc_ship * cs_quantity else 0 end) as nov_net
 	,sum(case when d_moy = 12
 		then cs_net_paid_inc_ship * cs_quantity else 0 end) as dec_net
     from
          catalog_sales
         ,warehouse
         ,date_dim
         ,time_dim
 	 ,ship_mode
     where
            cs_warehouse_sk =  w_warehouse_sk
        and cs_sold_date_sk = d_date_sk
        and cs_sold_time_sk = t_time_sk
 	and cs_ship_mode_sk = sm_ship_mode_sk
        and d_year = 2001
 	and t_time between 21612 AND 21612+28800 
 	and sm_carrier in ('TBS','BARIAN')
     group by 
        w_warehouse_name
 	,w_warehouse_sq_ft
 	,w_city
 	,w_county
 	,w_state
 	,w_country
       ,d_year
 ) x
 group by 
        w_warehouse_name
 	,w_warehouse_sq_ft
 	,w_city
 	,w_county
 	,w_state
 	,w_country
 	,ship_carriers
       ,year
 order by w_warehouse_name
 limit 100;
psql:/tmp/s1-basline/throughput/query_6.sql:4359: NOTICE:  duration: 405.559 ms  plan:
Query Text: select   
         w_warehouse_name
 	,w_warehouse_sq_ft
 	,w_city
 	,w_county
 	,w_state
 	,w_country
        ,ship_carriers
        ,year
 	,sum(jan_sales) as jan_sales
 	,sum(feb_sales) as feb_sales
 	,sum(mar_sales) as mar_sales
 	,sum(apr_sales) as apr_sales
 	,sum(may_sales) as may_sales
 	,sum(jun_sales) as jun_sales
 	,sum(jul_sales) as jul_sales
 	,sum(aug_sales) as aug_sales
 	,sum(sep_sales) as sep_sales
 	,sum(oct_sales) as oct_sales
 	,sum(nov_sales) as nov_sales
 	,sum(dec_sales) as dec_sales
 	,sum(jan_sales/w_warehouse_sq_ft) as jan_sales_per_sq_foot
 	,sum(feb_sales/w_warehouse_sq_ft) as feb_sales_per_sq_foot
 	,sum(mar_sales/w_warehouse_sq_ft) as mar_sales_per_sq_foot
 	,sum(apr_sales/w_warehouse_sq_ft) as apr_sales_per_sq_foot
 	,sum(may_sales/w_warehouse_sq_ft) as may_sales_per_sq_foot
 	,sum(jun_sales/w_warehouse_sq_ft) as jun_sales_per_sq_foot
 	,sum(jul_sales/w_warehouse_sq_ft) as jul_sales_per_sq_foot
 	,sum(aug_sales/w_warehouse_sq_ft) as aug_sales_per_sq_foot
 	,sum(sep_sales/w_warehouse_sq_ft) as sep_sales_per_sq_foot
 	,sum(oct_sales/w_warehouse_sq_ft) as oct_sales_per_sq_foot
 	,sum(nov_sales/w_warehouse_sq_ft) as nov_sales_per_sq_foot
 	,sum(dec_sales/w_warehouse_sq_ft) as dec_sales_per_sq_foot
 	,sum(jan_net) as jan_net
 	,sum(feb_net) as feb_net
 	,sum(mar_net) as mar_net
 	,sum(apr_net) as apr_net
 	,sum(may_net) as may_net
 	,sum(jun_net) as jun_net
 	,sum(jul_net) as jul_net
 	,sum(aug_net) as aug_net
 	,sum(sep_net) as sep_net
 	,sum(oct_net) as oct_net
 	,sum(nov_net) as nov_net
 	,sum(dec_net) as dec_net
 from (
     select 
 	w_warehouse_name
 	,w_warehouse_sq_ft
 	,w_city
 	,w_county
 	,w_state
 	,w_country
 	,'TBS' || ',' || 'BARIAN' as ship_carriers
       ,d_year as year
 	,sum(case when d_moy = 1 
 		then ws_sales_price* ws_quantity else 0 end) as jan_sales
 	,sum(case when d_moy = 2 
 		then ws_sales_price* ws_quantity else 0 end) as feb_sales
 	,sum(case when d_moy = 3 
 		then ws_sales_price* ws_quantity else 0 end) as mar_sales
 	,sum(case when d_moy = 4 
 		then ws_sales_price* ws_quantity else 0 end) as apr_sales
 	,sum(case when d_moy = 5 
 		then ws_sales_price* ws_quantity else 0 end) as may_sales
 	,sum(case when d_moy = 6 
 		then ws_sales_price* ws_quantity else 0 end) as jun_sales
 	,sum(case when d_moy = 7 
 		then ws_sales_price* ws_quantity else 0 end) as jul_sales
 	,sum(case when d_moy = 8 
 		then ws_sales_price* ws_quantity else 0 end) as aug_sales
 	,sum(case when d_moy = 9 
 		then ws_sales_price* ws_quantity else 0 end) as sep_sales
 	,sum(case when d_moy = 10 
 		then ws_sales_price* ws_quantity else 0 end) as oct_sales
 	,sum(case when d_moy = 11
 		then ws_sales_price* ws_quantity else 0 end) as nov_sales
 	,sum(case when d_moy = 12
 		then ws_sales_price* ws_quantity else 0 end) as dec_sales
 	,sum(case when d_moy = 1 
 		then ws_net_paid_inc_tax * ws_quantity else 0 end) as jan_net
 	,sum(case when d_moy = 2
 		then ws_net_paid_inc_tax * ws_quantity else 0 end) as feb_net
 	,sum(case when d_moy = 3 
 		then ws_net_paid_inc_tax * ws_quantity else 0 end) as mar_net
 	,sum(case when d_moy = 4 
 		then ws_net_paid_inc_tax * ws_quantity else 0 end) as apr_net
 	,sum(case when d_moy = 5 
 		then ws_net_paid_inc_tax * ws_quantity else 0 end) as may_net
 	,sum(case when d_moy = 6 
 		then ws_net_paid_inc_tax * ws_quantity else 0 end) as jun_net
 	,sum(case when d_moy = 7 
 		then ws_net_paid_inc_tax * ws_quantity else 0 end) as jul_net
 	,sum(case when d_moy = 8 
 		then ws_net_paid_inc_tax * ws_quantity else 0 end) as aug_net
 	,sum(case when d_moy = 9 
 		then ws_net_paid_inc_tax * ws_quantity else 0 end) as sep_net
 	,sum(case when d_moy = 10 
 		then ws_net_paid_inc_tax * ws_quantity else 0 end) as oct_net
 	,sum(case when d_moy = 11
 		then ws_net_paid_inc_tax * ws_quantity else 0 end) as nov_net
 	,sum(case when d_moy = 12
 		then ws_net_paid_inc_tax * ws_quantity else 0 end) as dec_net
     from
          web_sales
         ,warehouse
         ,date_dim
         ,time_dim
 	  ,ship_mode
     where
            ws_warehouse_sk =  w_warehouse_sk
        and ws_sold_date_sk = d_date_sk
        and ws_sold_time_sk = t_time_sk
 	and ws_ship_mode_sk = sm_ship_mode_sk
        and d_year = 2001
 	and t_time between 21612 and 21612+28800 
 	and sm_carrier in ('TBS','BARIAN')
     group by 
        w_warehouse_name
 	,w_warehouse_sq_ft
 	,w_city
 	,w_county
 	,w_state
 	,w_country
       ,d_year
 union all
     select 
 	w_warehouse_name
 	,w_warehouse_sq_ft
 	,w_city
 	,w_county
 	,w_state
 	,w_country
 	,'TBS' || ',' || 'BARIAN' as ship_carriers
       ,d_year as year
 	,sum(case when d_moy = 1 
 		then cs_sales_price* cs_quantity else 0 end) as jan_sales
 	,sum(case when d_moy = 2 
 		then cs_sales_price* cs_quantity else 0 end) as feb_sales
 	,sum(case when d_moy = 3 
 		then cs_sales_price* cs_quantity else 0 end) as mar_sales
 	,sum(case when d_moy = 4 
 		then cs_sales_price* cs_quantity else 0 end) as apr_sales
 	,sum(case when d_moy = 5 
 		then cs_sales_price* cs_quantity else 0 end) as may_sales
 	,sum(case when d_moy = 6 
 		then cs_sales_price* cs_quantity else 0 end) as jun_sales
 	,sum(case when d_moy = 7 
 		then cs_sales_price* cs_quantity else 0 end) as jul_sales
 	,sum(case when d_moy = 8 
 		then cs_sales_price* cs_quantity else 0 end) as aug_sales
 	,sum(case when d_moy = 9 
 		then cs_sales_price* cs_quantity else 0 end) as sep_sales
 	,sum(case when d_moy = 10 
 		then cs_sales_price* cs_quantity else 0 end) as oct_sales
 	,sum(case when d_moy = 11
 		then cs_sales_price* cs_quantity else 0 end) as nov_sales
 	,sum(case when d_moy = 12
 		then cs_sales_price* cs_quantity else 0 end) as dec_sales
 	,sum(case when d_moy = 1 
 		then cs_net_paid_inc_ship * cs_quantity else 0 end) as jan_net
 	,sum(case when d_moy = 2 
 		then cs_net_paid_inc_ship * cs_quantity else 0 end) as feb_net
 	,sum(case when d_moy = 3 
 		then cs_net_paid_inc_ship * cs_quantity else 0 end) as mar_net
 	,sum(case when d_moy = 4 
 		then cs_net_paid_inc_ship * cs_quantity else 0 end) as apr_net
 	,sum(case when d_moy = 5 
 		then cs_net_paid_inc_ship * cs_quantity else 0 end) as may_net
 	,sum(case when d_moy = 6 
 		then cs_net_paid_inc_ship * cs_quantity else 0 end) as jun_net
 	,sum(case when d_moy = 7 
 		then cs_net_paid_inc_ship * cs_quantity else 0 end) as jul_net
 	,sum(case when d_moy = 8 
 		then cs_net_paid_inc_ship * cs_quantity else 0 end) as aug_net
 	,sum(case when d_moy = 9 
 		then cs_net_paid_inc_ship * cs_quantity else 0 end) as sep_net
 	,sum(case when d_moy = 10 
 		then cs_net_paid_inc_ship * cs_quantity else 0 end) as oct_net
 	,sum(case when d_moy = 11
 		then cs_net_paid_inc_ship * cs_quantity else 0 end) as nov_net
 	,sum(case when d_moy = 12
 		then cs_net_paid_inc_ship * cs_quantity else 0 end) as dec_net
     from
          catalog_sales
         ,warehouse
         ,date_dim
         ,time_dim
 	 ,ship_mode
     where
            cs_warehouse_sk =  w_warehouse_sk
        and cs_sold_date_sk = d_date_sk
        and cs_sold_time_sk = t_time_sk
 	and cs_ship_mode_sk = sm_ship_mode_sk
        and d_year = 2001
 	and t_time between 21612 AND 21612+28800 
 	and sm_carrier in ('TBS','BARIAN')
     group by 
        w_warehouse_name
 	,w_warehouse_sq_ft
 	,w_city
 	,w_county
 	,w_state
 	,w_country
       ,d_year
 ) x
 group by 
        w_warehouse_name
 	,w_warehouse_sq_ft
 	,w_city
 	,w_county
 	,w_state
 	,w_country
 	,ship_carriers
       ,year
 order by w_warehouse_name
 limit 100;
Limit  (cost=55101.99..55191.48 rows=100 width=384) (actual time=405.367..405.524 rows=5 loops=1)
  ->  GroupAggregate  (cost=55101.99..55280.98 rows=200 width=384) (actual time=405.367..405.522 rows=5 loops=1)
        Group Key: warehouse.w_warehouse_name, warehouse.w_warehouse_sq_ft, warehouse.w_city, warehouse.w_county, warehouse.w_state, warehouse.w_country, ('TBS,BARIAN'::text), date_dim.d_year
        ->  Incremental Sort  (cost=55101.99..55218.63 rows=355 width=288) (actual time=405.354..405.496 rows=10 loops=1)
              Sort Key: warehouse.w_warehouse_name, warehouse.w_warehouse_sq_ft, warehouse.w_city, warehouse.w_county, warehouse.w_state, warehouse.w_country, ('TBS,BARIAN'::text), date_dim.d_year
              Presorted Key: warehouse.w_warehouse_name, warehouse.w_warehouse_sq_ft, warehouse.w_city, warehouse.w_county, warehouse.w_state, warehouse.w_country
              Full-sort Groups: 1  Sort Method: quicksort  Average Memory: 28kB  Peak Memory: 28kB
              ->  Merge Append  (cost=55101.45..55205.99 rows=355 width=288) (actual time=396.839..405.479 rows=10 loops=1)
                    Sort Key: warehouse.w_warehouse_name, warehouse.w_warehouse_sq_ft, warehouse.w_city, warehouse.w_county, warehouse.w_state, warehouse.w_country
                    ->  Finalize GroupAggregate  (cost=33107.42..33141.42 rows=120 width=288) (actual time=123.513..125.058 rows=5 loops=1)
                          Group Key: warehouse.w_warehouse_name, warehouse.w_warehouse_sq_ft, warehouse.w_city, warehouse.w_county, warehouse.w_state, warehouse.w_country, date_dim.d_year
                          ->  Gather Merge  (cost=33107.42..33132.47 rows=100 width=256) (actual time=123.025..125.029 rows=15 loops=1)
                                Workers Planned: 2
                                Workers Launched: 2
                                ->  Partial GroupAggregate  (cost=32107.40..32120.90 rows=50 width=256) (actual time=117.311..118.570 rows=5 loops=3)
                                      Group Key: warehouse.w_warehouse_name, warehouse.w_warehouse_sq_ft, warehouse.w_city, warehouse.w_county, warehouse.w_state, warehouse.w_country, date_dim.d_year
                                      ->  Sort  (cost=32107.40..32107.53 rows=50 width=88) (actual time=116.971..117.089 rows=1776 loops=3)
                                            Sort Key: warehouse.w_warehouse_name, warehouse.w_warehouse_sq_ft, warehouse.w_city, warehouse.w_county, warehouse.w_state, warehouse.w_country
                                            Sort Method: quicksort  Memory: 444kB
                                            Worker 0:  Sort Method: quicksort  Memory: 242kB
                                            Worker 1:  Sort Method: quicksort  Memory: 233kB
                                            ->  Hash Join  (cost=2.98..32105.99 rows=50 width=88) (actual time=0.546..115.579 rows=1776 loops=3)
                                                  Hash Cond: (web_sales.ws_warehouse_sk = warehouse.w_warehouse_sk)
                                                  ->  Nested Loop  (cost=1.87..32104.63 rows=50 width=36) (actual time=0.499..115.086 rows=1776 loops=3)
                                                        ->  Nested Loop  (cost=1.58..32057.01 rows=150 width=44) (actual time=0.176..101.554 rows=4667 loops=3)
                                                              ->  Hash Join  (cost=1.27..30730.65 rows=30104 width=44) (actual time=0.068..90.386 rows=23623 loops=3)
                                                                    Hash Cond: (web_sales.ws_ship_mode_sk = ship_mode.sm_ship_mode_sk)
                                                                    ->  Parallel Seq Scan on web_sales  (cost=0.00..29771.63 rows=301063 width=52) (actual time=0.015..45.670 rows=237185 loops=3)
                                                                    ->  Hash  (cost=1.25..1.25 rows=2 width=8) (actual time=0.027..0.028 rows=2 loops=3)
                                                                          Buckets: 1024  Batches: 1  Memory Usage: 9kB
                                                                          ->  Seq Scan on ship_mode  (cost=0.00..1.25 rows=2 width=8) (actual time=0.022..0.025 rows=2 loops=3)
                                                                                Filter: (sm_carrier = ANY ('{TBS,BARIAN}'::bpchar[]))
                                                                                Rows Removed by Filter: 18
                                                              ->  Memoize  (cost=0.30..0.32 rows=1 width=16) (actual time=0.000..0.000 rows=0 loops=70869)
                                                                    Cache Key: web_sales.ws_sold_date_sk
                                                                    Cache Mode: logical
                                                                    Hits: 32336  Misses: 1805  Evictions: 0  Overflows: 0  Memory Usage: 144kB
                                                                    Worker 0:  Hits: 16389  Misses: 1778  Evictions: 0  Overflows: 0  Memory Usage: 142kB
                                                                    Worker 1:  Hits: 16788  Misses: 1773  Evictions: 0  Overflows: 0  Memory Usage: 142kB
                                                                    ->  Index Scan using pk_date_dim on date_dim  (cost=0.29..0.31 rows=1 width=16) (actual time=0.002..0.002 rows=0 loops=5356)
                                                                          Index Cond: (d_date_sk = web_sales.ws_sold_date_sk)
                                                                          Filter: (d_year = 2001)
                                                                          Rows Removed by Filter: 1
                                                        ->  Index Scan using pk_time_dim on time_dim  (cost=0.29..0.32 rows=1 width=8) (actual time=0.003..0.003 rows=0 loops=14002)
                                                              Index Cond: (t_time_sk = web_sales.ws_sold_time_sk)
                                                              Filter: ((t_time >= 21612) AND (t_time <= 50412))
                                                              Rows Removed by Filter: 1
                                                  ->  Hash  (cost=1.05..1.05 rows=5 width=68) (actual time=0.028..0.028 rows=5 loops=3)
                                                        Buckets: 1024  Batches: 1  Memory Usage: 9kB
                                                        ->  Seq Scan on warehouse  (cost=0.00..1.05 rows=5 width=68) (actual time=0.022..0.024 rows=5 loops=3)
                    ->  GroupAggregate  (cost=21994.01..22057.46 rows=235 width=288) (actual time=273.324..280.416 rows=5 loops=1)
                          Group Key: warehouse_1.w_warehouse_name, warehouse_1.w_warehouse_sq_ft, warehouse_1.w_city, warehouse_1.w_county, warehouse_1.w_state, warehouse_1.w_country, date_dim_1.d_year
                          ->  Sort  (cost=21994.01..21994.60 rows=235 width=88) (actual time=271.547..272.019 rows=10524 loops=1)
                                Sort Key: warehouse_1.w_warehouse_name, warehouse_1.w_warehouse_sq_ft, warehouse_1.w_city, warehouse_1.w_county, warehouse_1.w_state, warehouse_1.w_country
                                Sort Method: quicksort  Memory: 1816kB
                                ->  Nested Loop  (cost=0.72..21984.76 rows=235 width=88) (actual time=4.207..263.416 rows=10524 loops=1)
                                      Join Filter: (catalog_sales.cs_warehouse_sk = warehouse_1.w_warehouse_sk)
                                      Rows Removed by Join Filter: 21066
                                      ->  Nested Loop  (cost=0.72..21968.34 rows=236 width=36) (actual time=4.198..257.821 rows=10531 loops=1)
                                            ->  Nested Loop  (cost=0.43..21743.80 rows=710 width=44) (actual time=4.192..211.756 rows=28034 loops=1)
                                                  Join Filter: (catalog_sales.cs_ship_mode_sk = ship_mode_1.sm_ship_mode_sk)
                                                  Rows Removed by Join Filter: 517991
                                                  ->  Nested Loop  (cost=0.43..21531.98 rows=7137 width=52) (actual time=4.176..128.230 rows=279955 loops=1)
                                                        ->  Seq Scan on date_dim date_dim_1  (cost=0.00..2318.11 rows=363 width=16) (actual time=4.163..8.709 rows=365 loops=1)
                                                              Filter: (d_year = 2001)
                                                              Rows Removed by Filter: 72684
                                                        ->  Index Scan using i_cs_sold_date_sk on catalog_sales  (cost=0.43..45.08 rows=785 width=52) (actual time=0.004..0.134 rows=767 loops=365)
                                                              Index Cond: (cs_sold_date_sk = date_dim_1.d_date_sk)
                                                  ->  Materialize  (cost=0.00..1.26 rows=2 width=8) (actual time=0.000..0.000 rows=2 loops=279955)
                                                        ->  Seq Scan on ship_mode ship_mode_1  (cost=0.00..1.25 rows=2 width=8) (actual time=0.007..0.009 rows=2 loops=1)
                                                              Filter: (sm_carrier = ANY ('{TBS,BARIAN}'::bpchar[]))
                                                              Rows Removed by Filter: 18
                                            ->  Index Scan using pk_time_dim on time_dim time_dim_1  (cost=0.29..0.32 rows=1 width=8) (actual time=0.001..0.001 rows=0 loops=28034)
                                                  Index Cond: (t_time_sk = catalog_sales.cs_sold_time_sk)
                                                  Filter: ((t_time >= 21612) AND (t_time <= 50412))
                                                  Rows Removed by Filter: 1
                                      ->  Materialize  (cost=0.00..1.07 rows=5 width=68) (actual time=0.000..0.000 rows=3 loops=10531)
                                            ->  Seq Scan on warehouse warehouse_1  (cost=0.00..1.05 rows=5 width=68) (actual time=0.003..0.005 rows=5 loops=1)
  w_warehouse_name   | w_warehouse_sq_ft |  w_city  |     w_county      | w_state |   w_country   | ship_carriers | year |     jan_sales      |     feb_sales      |     mar_sales      |     apr_sales      |     may_sales      |     jun_sales      |     jul_sales      |     aug_sales     |     sep_sales     |     oct_sales     |     nov_sales      |     dec_sales      | jan_sales_per_sq_foot | feb_sales_per_sq_foot | mar_sales_per_sq_foot | apr_sales_per_sq_foot | may_sales_per_sq_foot | jun_sales_per_sq_foot | jul_sales_per_sq_foot | aug_sales_per_sq_foot | sep_sales_per_sq_foot | oct_sales_per_sq_foot | nov_sales_per_sq_foot | dec_sales_per_sq_foot |      jan_net      |      feb_net       |      mar_net       |      apr_net       |      may_net       |      jun_net       |      jul_net       |      aug_net      |      sep_net      |      oct_net      |      nov_net       |      dec_net       
---------------------+-------------------+----------+-------------------+---------+---------------+---------------+------+--------------------+--------------------+--------------------+--------------------+--------------------+--------------------+--------------------+-------------------+-------------------+-------------------+--------------------+--------------------+-----------------------+-----------------------+-----------------------+-----------------------+-----------------------+-----------------------+-----------------------+-----------------------+-----------------------+-----------------------+-----------------------+-----------------------+-------------------+--------------------+--------------------+--------------------+--------------------+--------------------+--------------------+-------------------+-------------------+-------------------+--------------------+--------------------
 Neither dea         |            230810 | Midway   | Williamson County | TN      | United States | TBS,BARIAN    | 2001 |           419181.4 |          266249.99 | 416737.55999999994 | 425562.38999999996 |  334392.0399999999 | 447514.12000000005 |          385947.41 | 867904.8599999999 |         804138.79 |        1085496.26 | 1233683.1499999997 | 1292620.1400000001 |    1.8161318833672722 |     1.153546163511113 |    1.8055437805987604 |    1.8437779558944585 |    1.4487762228672934 |     1.938885316927343 |    1.6721433646722415 |     3.760256747974524 |     3.483985919154283 |     4.702986265759716 |     5.345016030501277 |       5.6003645422642 |       31984536.27 |        19213581.82 | 31937006.819999997 |        34763240.42 |        27516596.97 |  38189824.07000001 | 33019504.720000003 | 74482232.42999998 | 60028061.48999997 | 88453659.89999996 |       100723428.74 | 117049339.03999995
 Parties use         |            115988 | Midway   | Williamson County | TN      | United States | TBS,BARIAN    | 2001 | 425106.40000000014 | 222985.00999999998 |          449206.12 |          297589.38 | 403383.79999999993 |          361379.66 |  525752.5300000001 | 941056.0399999996 | 757078.7499999998 | 833154.7299999996 |         1116166.48 | 1490200.8800000001 |     3.665089492016417 |    1.9224834465634375 |     3.872867193157913 |      2.56569110597648 |    3.4778063247922195 |    3.1156642066420663 |     4.532818308790565 |     8.113391385315719 |     6.527216177535605 |      7.18311144256302 |     9.623120322792014 |    12.847888402248511 |       35567242.33 |        18997463.45 | 35905436.730000004 |        25733804.21 | 31930857.439999998 |  27527317.39999999 |        45698090.81 |       77350390.43 | 65528304.13999997 |        69232655.9 |        93477018.62 | 118124785.88000004
 Persons make more e |            551529 | Midway   | Williamson County | TN      | United States | TBS,BARIAN    | 2001 |          445933.06 |          304964.93 |  420005.8400000001 | 307954.68999999994 |          383292.09 |  355809.0499999999 | 450378.70000000007 |          905618.8 | 972301.3599999995 | 913739.7699999999 | 1281284.2699999998 | 1299731.2099999995 |    0.8085396416144935 |    0.5529445051846775 |    0.7615299286166277 |      0.55836536247414 |    0.6949627127494656 |    0.6451320782769353 |    0.8166002150385565 |    1.6420148351219972 |    1.7629197376747179 |    1.6567393011065599 |     2.323149408281341 |     2.356596316784792 | 37689344.17999999 |  28421378.63999999 |  37647292.00000001 |        23395373.81 |        32402217.81 | 33118933.860000007 |        39096448.84 |       76450957.62 | 83709495.07999998 | 73711665.01000002 | 102077215.64000005 |       111137490.37
 Single, simple r    |            685286 | Midway   | Williamson County | TN      | United States | TBS,BARIAN    | 2001 | 367563.31999999995 | 335172.72999999986 |          423059.24 | 423316.38999999984 |          402210.74 |          482908.45 | 499236.20000000007 | 905110.5799999994 | 927360.0100000001 |         907960.69 | 1308879.4300000004 | 1376740.6799999997 |    0.5363648462101953 |   0.48909904769687385 |    0.6173469762989467 |    0.6177222210872539 |    0.5869239120600742 |    0.7046816219797282 |    0.7285078055001855 |    1.3207778650081854 |    1.3532452289992793 |    1.3249368730719728 |     1.909975440910803 |     2.009001613924697 | 30082864.31000001 | 30640880.800000004 | 32790430.099999994 |  36919998.49000001 | 32073926.909999996 | 38934132.900000006 |        45571885.11 | 75949962.28999998 | 76430949.54999998 | 78251952.52999994 |       106197704.02 | 117426343.32999998
 Total, dea          |            947902 | Fairview | Williamson County | TN      | United States | TBS,BARIAN    | 2001 | 521578.79000000004 | 372503.94000000006 |  378946.1800000001 |  375975.8799999999 |          357481.51 |  399320.3300000001 |  385671.6200000001 |         821229.99 | 894465.0400000003 | 925386.0799999996 | 1333369.2499999998 | 1430160.8399999994 |    0.5502454789630151 |   0.39297726980215264 |   0.39977358418908293 |    0.3966400324084134 |   0.37712918635048764 |    0.4212675255458898 |    0.4068686636382244 |    0.8663659217936032 |    0.9436260710495391 |    0.9762465740129249 |    1.4066530611814299 |    1.5087644503334725 |       42542167.69 |  32157197.10000001 | 32563360.890000004 | 31296874.659999996 |  28154374.01000001 | 32212166.010000013 | 33047884.759999998 | 62549008.13000001 | 72957633.22999999 | 82997068.49000001 | 109309842.67999995 | 114561062.45999995
(5 rows)

UPDATE time_statistics SET e_time = TRANSACTION_TIMESTAMP() WHERE template = 'query66.tpl' AND stream = 6;
psql:/tmp/s1-basline/throughput/query_6.sql:4361: NOTICE:  duration: 0.102 ms  plan:
Query Text: UPDATE time_statistics SET e_time = TRANSACTION_TIMESTAMP() WHERE template = 'query66.tpl' AND stream = 6;
Update on time_statistics  (cost=0.00..21.46 rows=0 width=0) (actual time=0.101..0.101 rows=0 loops=1)
  ->  Seq Scan on time_statistics  (cost=0.00..21.46 rows=1 width=14) (actual time=0.087..0.087 rows=1 loops=1)
        Filter: ((template = 'query66.tpl'::text) AND (stream = 6))
        Rows Removed by Filter: 726
UPDATE 1
LOAD 'auto_explain'; SET auto_explain.log_min_duration TO 0; SET auto_explain.log_analyze TO on; SET auto_explain.log_level TO notice; INSERT INTO time_statistics (template, s_time, stream, query, seed) VALUES ('query71.tpl', TRANSACTION_TIMESTAMP(), 6, 85, 1885913057);
LOAD
SET
SET
SET
psql:/tmp/s1-basline/throughput/query_6.sql:4362: NOTICE:  duration: 0.008 ms  plan:
Query Text: INSERT INTO time_statistics (template, s_time, stream, query, seed) VALUES ('query71.tpl', TRANSACTION_TIMESTAMP(), 6, 85, 1885913057);
Insert on time_statistics  (cost=0.00..0.01 rows=0 width=0) (actual time=0.008..0.008 rows=0 loops=1)
  ->  Result  (cost=0.00..0.01 rows=1 width=64) (actual time=0.001..0.001 rows=1 loops=1)
INSERT 0 1
select i_brand_id brand_id, i_brand brand,t_hour,t_minute,
 	sum(ext_price) ext_price
 from item, (select ws_ext_sales_price as ext_price, 
                        ws_sold_date_sk as sold_date_sk,
                        ws_item_sk as sold_item_sk,
                        ws_sold_time_sk as time_sk  
                 from web_sales,date_dim
                 where d_date_sk = ws_sold_date_sk
                   and d_moy=12
                   and d_year=2000
                 union all
                 select cs_ext_sales_price as ext_price,
                        cs_sold_date_sk as sold_date_sk,
                        cs_item_sk as sold_item_sk,
                        cs_sold_time_sk as time_sk
                 from catalog_sales,date_dim
                 where d_date_sk = cs_sold_date_sk
                   and d_moy=12
                   and d_year=2000
                 union all
                 select ss_ext_sales_price as ext_price,
                        ss_sold_date_sk as sold_date_sk,
                        ss_item_sk as sold_item_sk,
                        ss_sold_time_sk as time_sk
                 from store_sales,date_dim
                 where d_date_sk = ss_sold_date_sk
                   and d_moy=12
                   and d_year=2000
                 ) tmp,time_dim
 where
   sold_item_sk = i_item_sk
   and i_manager_id=1
   and time_sk = t_time_sk
   and (t_meal_time = 'breakfast' or t_meal_time = 'dinner')
 group by i_brand, i_brand_id,t_hour,t_minute
 order by ext_price desc, i_brand_id
 ;
psql:/tmp/s1-basline/throughput/query_6.sql:4399: NOTICE:  duration: 324.703 ms  plan:
Query Text: select i_brand_id brand_id, i_brand brand,t_hour,t_minute,
 	sum(ext_price) ext_price
 from item, (select ws_ext_sales_price as ext_price, 
                        ws_sold_date_sk as sold_date_sk,
                        ws_item_sk as sold_item_sk,
                        ws_sold_time_sk as time_sk  
                 from web_sales,date_dim
                 where d_date_sk = ws_sold_date_sk
                   and d_moy=12
                   and d_year=2000
                 union all
                 select cs_ext_sales_price as ext_price,
                        cs_sold_date_sk as sold_date_sk,
                        cs_item_sk as sold_item_sk,
                        cs_sold_time_sk as time_sk
                 from catalog_sales,date_dim
                 where d_date_sk = cs_sold_date_sk
                   and d_moy=12
                   and d_year=2000
                 union all
                 select ss_ext_sales_price as ext_price,
                        ss_sold_date_sk as sold_date_sk,
                        ss_item_sk as sold_item_sk,
                        ss_sold_time_sk as time_sk
                 from store_sales,date_dim
                 where d_date_sk = ss_sold_date_sk
                   and d_moy=12
                   and d_year=2000
                 ) tmp,time_dim
 where
   sold_item_sk = i_item_sk
   and i_manager_id=1
   and time_sk = t_time_sk
   and (t_meal_time = 'breakfast' or t_meal_time = 'dinner')
 group by i_brand, i_brand_id,t_hour,t_minute
 order by ext_price desc, i_brand_id
 ;
Sort  (cost=44866.78..44866.80 rows=10 width=71) (actual time=281.552..324.235 rows=1065 loops=1)
  Sort Key: (sum("*SELECT* 3".ext_price)) DESC, item.i_brand_id
  Sort Method: quicksort  Memory: 165kB
  ->  Finalize GroupAggregate  (cost=44865.39..44866.61 rows=10 width=71) (actual time=280.396..323.894 rows=1065 loops=1)
        Group Key: item.i_brand, item.i_brand_id, time_dim.t_hour, time_dim.t_minute
        ->  Gather Merge  (cost=44865.39..44866.41 rows=8 width=71) (actual time=280.390..323.575 rows=1078 loops=1)
              Workers Planned: 2
              Workers Launched: 2
              ->  Partial GroupAggregate  (cost=43865.36..43865.46 rows=4 width=71) (actual time=166.328..166.482 rows=359 loops=3)
                    Group Key: item.i_brand, item.i_brand_id, time_dim.t_hour, time_dim.t_minute
                    ->  Sort  (cost=43865.36..43865.37 rows=4 width=71) (actual time=166.318..166.336 rows=362 loops=3)
                          Sort Key: item.i_brand, item.i_brand_id, time_dim.t_hour, time_dim.t_minute
                          Sort Method: quicksort  Memory: 59kB
                          Worker 0:  Sort Method: quicksort  Memory: 39kB
                          Worker 1:  Sort Method: quicksort  Memory: 94kB
                          ->  Nested Loop  (cost=1.00..43865.32 rows=4 width=71) (actual time=7.765..165.604 rows=362 loops=3)
                                ->  Nested Loop  (cost=0.71..43849.31 rows=15 width=71) (actual time=7.361..161.710 rows=934 loops=3)
                                      ->  Parallel Append  (cost=0.42..43037.54 rows=870 width=24) (actual time=6.782..62.654 rows=51233 loops=3)
                                            ->  Subquery Scan on "*SELECT* 3"  (cost=0.43..43033.19 rows=1172 width=24) (actual time=8.296..103.567 rows=86343 loops=1)
                                                  ->  Nested Loop  (cost=0.43..43021.47 rows=1172 width=32) (actual time=8.295..96.895 rows=86343 loops=1)
                                                        ->  Seq Scan on date_dim  (cost=0.00..2500.73 rows=31 width=8) (actual time=8.194..14.134 rows=31 loops=1)
                                                              Filter: ((d_moy = 12) AND (d_year = 2000))
                                                              Rows Removed by Filter: 73018
                                                        ->  Index Scan using i_ss_sold_date_sk on store_sales  (cost=0.43..1291.97 rows=1515 width=32) (actual time=0.013..2.235 rows=2785 loops=31)
                                                              Index Cond: (ss_sold_date_sk = date_dim.d_date_sk)
                                            ->  Subquery Scan on "*SELECT* 1"  (cost=0.42..13897.22 rows=307 width=24) (actual time=7.769..43.503 rows=22082 loops=1)
                                                  ->  Nested Loop  (cost=0.42..13894.15 rows=307 width=32) (actual time=7.768..41.710 rows=22082 loops=1)
                                                        ->  Seq Scan on date_dim date_dim_1  (cost=0.00..2500.73 rows=31 width=8) (actual time=7.681..13.708 rows=31 loops=1)
                                                              Filter: ((d_moy = 12) AND (d_year = 2000))
                                                              Rows Removed by Filter: 73018
                                                        ->  Index Scan using i_ws_sold_date_sk on web_sales  (cost=0.42..363.56 rows=397 width=32) (actual time=0.051..0.772 rows=712 loops=31)
                                                              Index Cond: (ws_sold_date_sk = date_dim_1.d_date_sk)
                                            ->  Subquery Scan on "*SELECT* 2"  (cost=0.43..4237.70 rows=610 width=24) (actual time=4.279..31.495 rows=45275 loops=1)
                                                  ->  Nested Loop  (cost=0.43..4231.60 rows=610 width=32) (actual time=4.279..28.123 rows=45275 loops=1)
                                                        ->  Seq Scan on date_dim date_dim_2  (cost=0.00..2500.73 rows=31 width=8) (actual time=4.265..9.481 rows=31 loops=1)
                                                              Filter: ((d_moy = 12) AND (d_year = 2000))
                                                              Rows Removed by Filter: 73018
                                                        ->  Index Scan using i_cs_sold_date_sk on catalog_sales  (cost=0.43..47.98 rows=785 width=32) (actual time=0.005..0.363 rows=1460 loops=31)
                                                              Index Cond: (cs_sold_date_sk = date_dim_2.d_date_sk)
                                      ->  Index Scan using pk_item on item  (cost=0.29..0.93 rows=1 width=63) (actual time=0.002..0.002 rows=0 loops=153700)
                                            Index Cond: (i_item_sk = "*SELECT* 3".sold_item_sk)
                                            Filter: (i_manager_id = 1)
                                            Rows Removed by Filter: 1
                                ->  Index Scan using pk_time_dim on time_dim  (cost=0.29..1.07 rows=1 width=16) (actual time=0.004..0.004 rows=0 loops=2802)
                                      Index Cond: (t_time_sk = "*SELECT* 3".time_sk)
                                      Filter: ((t_meal_time = 'breakfast'::bpchar) OR (t_meal_time = 'dinner'::bpchar))
                                      Rows Removed by Filter: 1
 brand_id |                       brand                        | t_hour | t_minute |     ext_price      
----------+----------------------------------------------------+--------+----------+--------------------
  1004001 | edu packamalg #1                                   |     18 |        8 |                   
  3002002 | importoexporti #2                                  |      8 |       13 |                   
  4002002 | importoedu pack #2                                 |     17 |       10 |                   
  4003001 | exportimaxi #6                                     |     19 |       55 |                   
  5004001 | edu packunivamalg #6                               |     19 |       17 |                   
  6003007 | edu packscholar #2                                 |     19 |       33 |                   
  6015006 | scholarbrand #6                                    |      8 |       49 |                   
  7002006 | importobrand #6                                    |      7 |       57 |                   
  8002010 | importonameless #10                                |     19 |       20 |                   
  9001009 | amalgmaxi #9                                       |      9 |       46 |                   
 10016001 | corpamalgamalg #1                                  |     19 |       49 |                   
  6008003 | namelesscorp #3                                    |      9 |       46 |           20100.16
  1003001 | exportiamalg #1                                    |     18 |       58 |           15467.77
  5003002 | exportischolar #2                                  |      8 |       32 |           15373.89
  6014002 | edu packbrand #2                                   |      9 |       55 |           15332.94
  2002001 | edu packexporti #2                                 |     17 |       11 |            14680.6
  2001001 | edu packmaxi #12                                   |     18 |       34 |           14057.94
  1004001 | edu packamalg #1                                   |      8 |       54 |           13724.28
  6001001 | amalgcorp #1                                       |     17 |       54 |           13624.93
  5002002 | importoscholar #2                                  |     17 |       30 |            13307.6
  8003006 | exportinameless #6                                 |     17 |       24 |           12820.66
  8014001 | edu packmaxi #1                                    |      9 |       33 |           12522.45
  2001002 | amalgimporto #2                                    |      9 |       57 |           12386.13
  2002001 | importoimporto #1                                  |     18 |       20 |            12270.5
  2002001 | importoimporto #1                                  |     17 |       26 |            11881.5
  1002001 | importoamalg #1                                    |      6 |        2 |           11780.58
  3004002 | edu packexporti #2                                 |     18 |       32 |            11619.3
  8006001 | corpnameless #1                                    |     18 |        8 |           11147.32
  2003002 | exportiimporto #2                                  |     17 |       48 |              10711
  6014002 | edu packbrand #2                                   |     18 |       43 |              10368
  4002001 | importoedu pack #1                                 |      6 |       44 |           10279.05
  1002001 | maxinameless #10                                   |      8 |       45 |           10210.32
 10016001 | corpamalgamalg #1                                  |     19 |       54 |           10189.14
  5003001 | exportischolar #1                                  |      9 |        3 |              10047
  4003001 | exportiedu pack #1                                 |      8 |       55 |            9561.48
  8015006 | scholarmaxi #6                                     |      9 |       18 |             9340.8
  4003001 | exportiedu pack #1                                 |     17 |       26 |             9194.4
  2001001 | edu packmaxi #12                                   |      9 |       35 |             9060.8
 10004015 | edu packunivamalg #15                              |     18 |       12 |            9056.25
  9001005 | exportiexporti #2                                  |     19 |       45 |             8955.6
  8015006 | scholarmaxi #6                                     |     19 |       46 |            8940.56
  6012005 | importobrand #5                                    |     18 |       37 |             8833.8
 10006012 | corpunivamalg #12                                  |     17 |       30 |             8773.6
  2003001 | amalgmaxi #6                                       |      9 |        7 |            8706.88
  9001005 | amalgedu pack #2                                   |     17 |       19 |            8528.05
  1002002 | importoamalg #2                                    |      6 |       17 |            8482.15
  6013004 | exportibrand #4                                    |     17 |       42 |             8481.7
  2003001 | amalgmaxi #6                                       |     19 |       39 |            8439.48
  6014003 | brandbrand #8                                      |     17 |       20 |            8282.83
  3004002 | edu packexporti #2                                 |     17 |       19 |            8209.89
  6014002 | edu packbrand #2                                   |     18 |       42 |            7957.08
 10006009 | corpunivamalg #9                                   |      9 |       54 |            7927.95
 10009005 | maxiunivamalg #5                                   |     18 |        3 |            7719.36
  6004008 | edu packcorp #8                                    |     18 |        0 |             7704.9
  9004008 | edu packmaxi #8                                    |      8 |       44 |             7688.8
  2004001 | edu packimporto #1                                 |     18 |       26 |            7673.72
  3004002 | edu packexporti #2                                 |     17 |        6 |            7610.64
  4003001 | exportiedu pack #1                                 |     17 |       36 |               7582
 10006009 | corpunivamalg #9                                   |     17 |        9 |            7564.69
  1002002 | importoamalg #2                                    |      8 |       59 |             7546.2
  3002002 | importoexporti #2                                  |     17 |       14 |            7472.52
  4001002 | amalgedu pack #2                                   |      9 |       31 |            7445.88
  7002006 | importobrand #6                                    |      9 |       26 |            7430.97
  3003002 | exportiexporti #2                                  |     17 |       24 |            7404.59
  8002010 | importonameless #10                                |     18 |       59 |             7388.2
  6012005 | importobrand #5                                    |      9 |       54 |            7371.04
  9012002 | importounivamalg #2                                |      6 |       55 |             7357.2
  2002001 | edu packexporti #2                                 |      9 |       17 |             7318.5
  4001002 | amalgedu pack #2                                   |     19 |        9 |            7310.82
  9005008 | scholarmaxi #8                                     |      8 |       32 |            7266.56
  3004001 | amalgexporti #2                                    |     17 |       51 |            7191.03
  4003002 | exportiedu pack #2                                 |      7 |        4 |            7126.98
 10002010 | importounivamalg #10                               |      9 |       51 |            6922.35
  4003002 | exportiedu pack #2                                 |     19 |       35 |            6875.16
  2002001 | importoimporto #1                                  |     17 |       52 |            6827.92
  7014008 | edu packnameless #8                                |     17 |       22 |            6819.96
  2001002 | amalgimporto #2                                    |      9 |       55 |            6747.51
  2004002 | edu packimporto #2                                 |     17 |       55 |            6736.65
  5003001 | exportischolar #1                                  |     19 |       30 |            6689.28
  3004002 | edu packexporti #2                                 |     17 |        3 |               6630
  9006003 | corpmaxi #3                                        |     17 |       47 |            6587.71
  3004001 | amalgexporti #2                                    |     19 |       49 |            6581.84
  3004002 | edu packexporti #2                                 |     17 |       59 |            6548.62
  9006003 | corpmaxi #3                                        |      9 |       14 |            6529.74
  5003002 | exportischolar #2                                  |     17 |       47 |            6478.64
  4002001 | importoedu pack #1                                 |     17 |       18 |             6472.8
  9001009 | amalgmaxi #9                                       |     19 |       32 |             6461.6
  8014008 | edu packmaxi #8                                    |      9 |       44 |            6435.66
  6006002 | corpcorp #2                                        |      7 |       27 |               6411
  5001002 | amalgscholar #2                                    |      8 |       55 |            6401.36
  2003001 | amalgmaxi #6                                       |      8 |       24 |            6392.52
 10012001 | amalgamalg #2                                      |      8 |       54 |            6389.76
  1004001 | edu packamalg #1                                   |      9 |       23 |            6339.06
  9001005 | exportiexporti #2                                  |     19 |        3 |            6300.14
  9009006 | maximaxi #6                                        |     17 |       45 |             6271.2
  2001002 | amalgimporto #2                                    |      9 |        3 |            6254.62
  5003001 | exportischolar #1                                  |     18 |       57 |            6213.12
  2001002 | amalgimporto #2                                    |      8 |       50 |            6160.44
  6003007 | edu packscholar #2                                 |     17 |       12 |            6152.36
  8006007 | namelessunivamalg #8                               |     19 |       47 |            6150.42
  4004002 | edu packedu pack #2                                |     19 |       54 |             6132.1
  2004002 | edu packimporto #2                                 |     17 |       31 |             6000.4
  2001002 | amalgimporto #2                                    |      8 |       45 |            5991.92
  4001002 | amalgedu pack #2                                   |     17 |       52 |            5991.48
  8011001 | exportiamalg #2                                    |     17 |       48 |  5973.389999999999
  2003002 | exportiimporto #2                                  |      9 |       15 |            5966.87
  4002001 | importoedu pack #1                                 |     17 |       20 |             5888.7
  2001002 | amalgimporto #2                                    |      7 |       14 |            5848.96
  5003002 | exportischolar #2                                  |      9 |       51 |            5786.55
  1001001 | amalgamalg #1                                      |     18 |       34 |            5783.79
  3003001 | exportiexporti #1                                  |      8 |       56 |             5772.2
  8002010 | importonameless #10                                |     19 |       28 |             5741.1
  8014005 | edu packmaxi #5                                    |     17 |       12 |             5728.9
  4002001 | amalgamalgamalg #10                                |     19 |       58 |            5697.72
  6006002 | corpcorp #2                                        |     19 |       10 |            5653.52
  4003001 | exportiedu pack #1                                 |      8 |       17 |            5652.22
  1002002 | importoamalg #2                                    |     17 |       19 |            5593.02
  1004002 | edu packamalg #2                                   |     18 |       37 |            5564.66
  6013004 | exportibrand #4                                    |     17 |       48 |            5557.44
  2003001 | exportiimporto #1                                  |     18 |       15 |            5542.77
  9014011 | amalgamalgamalg #9                                 |     18 |       24 |             5527.1
  2003002 | exportiimporto #2                                  |     19 |       16 |             5502.5
  1003001 | exportiamalg #1                                    |     18 |       22 |            5446.08
  9014011 | amalgamalgamalg #9                                 |     17 |       35 |            5443.92
  8006001 | corpnameless #1                                    |     17 |        3 |             5391.2
  1001001 | amalgamalg #1                                      |      9 |       40 |            5377.56
  1002002 | importoamalg #2                                    |     17 |       44 |               5361
  6001001 | amalgcorp #1                                       |     17 |       15 |            5335.12
  3003002 | exportiexporti #2                                  |     18 |       26 |            5306.04
  7014008 | edu packnameless #8                                |     17 |       16 |               5304
  1003002 | exportiamalg #2                                    |     19 |       52 |             5292.8
  6006002 | corpcorp #2                                        |      9 |       53 |            5280.16
  2004001 | edu packimporto #1                                 |      8 |       33 |            5277.52
  4003001 | maxibrand #10                                      |     19 |       11 |            5272.46
  8013003 | exportimaxi #3                                     |     18 |       54 |            5231.28
  6004001 | edu packcorp #1                                    |      9 |       27 |            5208.81
  4003001 | exportimaxi #6                                     |     19 |       54 |            5048.16
  1001002 | amalgamalg #2                                      |      9 |       42 |            5017.68
  3003001 | exportiexporti #1                                  |      7 |       15 |            5003.58
 10002010 | importounivamalg #10                               |     17 |       38 |            4939.23
 10013001 | exportiamalgamalg #1                               |     18 |       29 |               4939
  5004002 | edu packscholar #2                                 |     19 |       52 |            4921.56
  6001008 | amalgcorp #8                                       |      9 |       15 |            4905.86
  5001002 | amalgscholar #2                                    |     19 |       22 |            4887.15
  3002002 | importoexporti #2                                  |      9 |       11 |            4873.26
  9012002 | importounivamalg #2                                |     19 |        3 |            4859.52
 10016001 | corpamalgamalg #1                                  |     17 |       21 |             4857.7
  5003002 | exportischolar #2                                  |      8 |       43 |            4835.82
  3003002 | exportiexporti #2                                  |     19 |       19 |            4817.12
  6004001 | edu packcorp #1                                    |     17 |       30 |            4808.88
  3002001 | exportiimporto #2                                  |      9 |       49 |            4808.52
  6001001 | amalgcorp #1                                       |      6 |        7 |            4798.04
  3001001 | amalgedu pack #2                                   |     18 |       24 |            4787.28
  3004002 | edu packexporti #2                                 |     17 |       39 |            4782.46
  3002002 | importoexporti #2                                  |      6 |       36 |            4763.78
 10006012 | corpunivamalg #12                                  |     17 |       38 |            4732.64
  3004002 | edu packexporti #2                                 |      9 |       58 |            4730.88
  2001002 | amalgimporto #2                                    |     17 |       50 |            4722.75
  7002010 | importobrand #10                                   |     17 |       30 |             4719.1
  7002010 | importobrand #10                                   |     17 |        1 |             4686.4
  7002004 | importobrand #4                                    |      7 |       29 |             4678.2
  3003001 | exportiexporti #1                                  |      9 |       11 |               4653
  5002001 | corpcorp #6                                        |     19 |       19 |            4647.17
  7010001 | univnameless #1                                    |     19 |       47 |             4644.4
 10006012 | corpunivamalg #12                                  |     19 |       33 |            4616.48
 10016001 | corpamalgamalg #1                                  |     17 |       11 |            4606.14
  3002001 | importoexporti #1                                  |     17 |       23 |            4605.72
  1004001 | edu packamalg #1                                   |     17 |        7 |             4569.6
  1003002 | exportiamalg #2                                    |     17 |        2 |             4554.4
  8013003 | exportimaxi #3                                     |     17 |       54 |             4547.2
  2003002 | exportiimporto #2                                  |     19 |       50 |            4536.54
  6014003 | brandbrand #8                                      |      8 |       14 |            4529.43
  1002002 | importoamalg #2                                    |     18 |       25 |            4518.81
  9005002 | scholarmaxi #2                                     |      8 |       39 |            4491.76
  3004002 | edu packexporti #2                                 |     17 |       28 |            4482.05
 10004005 | edu packunivamalg #5                               |     17 |       30 |             4480.6
  3003001 | exportiexporti #1                                  |      8 |        3 |            4475.28
  2001002 | amalgimporto #2                                    |     19 |       41 |            4438.58
  6015006 | scholarbrand #6                                    |     17 |       41 |            4416.88
  3001001 | amalgedu pack #2                                   |     19 |       25 |               4400
  6012005 | importobrand #5                                    |     19 |       20 |            4392.61
 10006009 | corpunivamalg #9                                   |      8 |       56 |            4363.95
  5003002 | exportischolar #2                                  |      9 |       43 |            4346.25
  5001002 | amalgscholar #2                                    |      7 |        0 |            4323.66
  3004001 | edu packexporti #1                                 |      9 |       13 |             4297.3
  5002001 | corpcorp #6                                        |     19 |       30 |            4295.32
  2002001 | importocorp #2                                     |     18 |       46 |            4286.78
  4003001 | exportiedu pack #1                                 |      6 |        4 |             4286.1
  8011001 | exportiamalg #2                                    |     19 |       24 |             4274.2
  9005008 | scholarmaxi #8                                     |     19 |        5 |             4255.2
  3003002 | exportiexporti #2                                  |     17 |       58 |            4248.45
  1002002 | importoamalg #2                                    |      7 |       25 |            4244.94
 10012003 | importoamalgamalg #3                               |      9 |       26 |            4239.84
  4001002 | amalgedu pack #2                                   |     19 |       47 |            4234.72
  3004002 | edu packexporti #2                                 |      8 |       28 |            4228.56
  4002002 | importoedu pack #2                                 |     17 |       41 |             4225.5
 10012001 | amalgamalg #2                                      |     18 |       12 |            4223.05
  4003002 | exportiedu pack #2                                 |     17 |       51 |            4213.56
  1002001 | importoamalg #1                                    |      9 |       54 |            4195.62
  4002002 | importoedu pack #2                                 |     17 |       25 |            4174.74
  2004001 | exportiedu pack #2                                 |      6 |        4 |            4131.27
  4003001 | exportiedu pack #1                                 |     19 |       42 |            4108.65
  4004002 | edu packedu pack #2                                |     18 |       35 |            4104.08
 10009005 | maxiunivamalg #5                                   |      9 |       10 |            4069.75
  4003001 | maxibrand #10                                      |     18 |       57 |            4068.35
  3003002 | exportiexporti #2                                  |     17 |       11 |             4067.8
 10006009 | corpunivamalg #9                                   |     19 |       12 |            4065.04
  1004001 | edu packamalg #1                                   |     18 |       11 |            4042.92
  9014011 | amalgamalgamalg #9                                 |      9 |       57 |            4031.25
  1003002 | exportiamalg #2                                    |      9 |       55 |            4014.16
  8002010 | importonameless #10                                |     19 |        5 |             3979.5
  7002006 | importobrand #6                                    |     17 |       20 |            3968.38
 10009016 | amalgamalg #2                                      |     17 |       59 |            3968.25
  2003001 | amalgmaxi #6                                       |     18 |        9 |            3961.34
 10006009 | corpunivamalg #9                                   |     17 |       42 |            3947.44
  2003001 | exportiimporto #1                                  |      7 |       15 |            3907.28
  6011001 | amalgbrand #1                                      |     18 |       25 |             3872.6
  3002001 | importoexporti #1                                  |     18 |        5 |            3872.17
  1003002 | exportiamalg #2                                    |     19 |       54 |             3834.6
  9001005 | amalgedu pack #2                                   |     19 |       58 |            3815.82
  1002002 | importoamalg #2                                    |      8 |       51 |               3807
  8005002 | scholarnameless #2                                 |     18 |       51 |            3798.99
  5004001 | edu packnameless #4                                |      8 |       49 |               3767
  7002010 | importobrand #10                                   |      9 |       12 |            3766.35
  5004002 | edu packscholar #2                                 |      9 |       15 |             3760.5
  2001002 | amalgimporto #2                                    |     17 |       42 |            3757.74
  6013003 | importoimporto #2                                  |     19 |       10 |             3755.6
  6004005 | edu packcorp #5                                    |     17 |       51 |             3747.4
  9001009 | amalgmaxi #9                                       |     18 |       14 |            3740.26
  8015006 | scholarmaxi #6                                     |     17 |       32 |            3720.81
  7014008 | edu packnameless #8                                |      9 |       48 |             3703.8
  2002001 | importocorp #2                                     |      8 |       52 |            3703.29
  3004002 | edu packexporti #2                                 |     18 |        8 |             3699.2
  9006003 | corpmaxi #3                                        |     19 |       16 |            3689.99
 10006009 | corpunivamalg #9                                   |     17 |       12 |            3687.68
  2001001 | edu packmaxi #12                                   |     17 |       30 |             3685.5
  1004002 | edu packamalg #2                                   |     19 |       28 |            3683.71
  2001001 | edu packmaxi #12                                   |     18 |       56 |            3680.82
  9001005 | exportiexporti #2                                  |     17 |       57 |               3635
  5003001 | exportischolar #1                                  |     19 |       46 |            3624.96
  3003002 | exportiexporti #2                                  |     17 |        0 |               3621
  7011003 | scholarunivamalg #6                                |      8 |       39 |               3609
  2004002 | edu packimporto #2                                 |      9 |       10 |            3599.59
  2001001 | edu packmaxi #12                                   |     19 |        5 |            3587.04
  5002001 | corpcorp #6                                        |     19 |       55 |            3585.33
 10009016 | amalgamalg #2                                      |      9 |       46 |            3566.16
 10012001 | amalgamalg #2                                      |     19 |       53 |            3553.68
  5003002 | exportischolar #2                                  |     19 |       28 |            3535.98
  2003002 | exportiimporto #2                                  |     19 |       43 |            3531.96
 10006009 | amalgedu pack #2                                   |      8 |        4 |            3530.54
  8005002 | scholarnameless #2                                 |     19 |       21 |               3516
  9005002 | scholarmaxi #2                                     |     19 |       48 |            3511.07
  1003001 | exportiamalg #1                                    |     18 |       43 |            3495.66
  6015006 | scholarbrand #6                                    |     18 |       34 |             3488.5
  1003001 | exportiamalg #1                                    |      8 |        1 |            3487.77
  6004008 | edu packcorp #8                                    |     17 |       45 |            3484.88
  5004001 | edu packunivamalg #6                               |     18 |       21 |            3483.95
  6004005 | edu packcorp #5                                    |     18 |       32 |            3441.27
  4003002 | exportiedu pack #2                                 |     17 |       27 | 3432.3900000000003
 10012001 | amalgamalg #2                                      |     18 |       44 |            3430.68
  6003007 | edu packscholar #2                                 |     17 |       21 |            3428.61
  6001001 | amalgnameless #2                                   |     17 |       37 |             3428.6
  6001001 | amalgnameless #2                                   |     18 |       14 |             3383.1
  6003007 | edu packscholar #2                                 |      7 |       18 |            3374.28
  6016008 | corpbrand #8                                       |      9 |       16 |            3363.84
  6001008 | amalgcorp #8                                       |      7 |       18 |            3363.15
  3004002 | edu packexporti #2                                 |     18 |       22 |            3342.88
  1003002 | exportiamalg #2                                    |     17 |       26 |            3334.16
  5003002 | exportischolar #2                                  |     17 |       30 |            3331.51
  9012002 | importounivamalg #2                                |     19 |       26 |             3323.1
  9001009 | amalgmaxi #9                                       |      9 |       54 |             3307.5
 10013001 | exportiamalgamalg #1                               |     17 |       10 |               3298
  4002001 | importoedu pack #1                                 |      7 |       24 |            3289.84
  2003002 | exportiimporto #2                                  |     18 |       59 |            3287.38
  5002002 | importoscholar #2                                  |     19 |       29 |            3276.66
  6014003 | brandbrand #8                                      |     19 |       25 | 3265.7799999999997
  3002001 | importoexporti #1                                  |      8 |       38 |            3259.84
 10006009 | amalgedu pack #2                                   |      9 |       35 |            3253.04
  7011003 | scholarunivamalg #6                                |     18 |       59 |             3249.9
  1002001 | maxinameless #10                                   |     19 |       41 |            3232.32
  3001001 | amalgedu pack #2                                   |      9 |       53 |            3219.48
  4002001 | importoedu pack #1                                 |     17 |        2 |            3209.09
 10002017 | importounivamalg #17                               |      9 |       10 |            3183.84
  2004002 | edu packimporto #2                                 |     18 |       21 |            3172.95
  6013003 | importoimporto #2                                  |     17 |       24 |            3161.36
  2002001 | edu packexporti #2                                 |     18 |       59 |            3142.72
  6013008 | exportibrand #8                                    |     19 |       40 |            3138.09
  9014011 | amalgamalgamalg #9                                 |     18 |       21 |             3114.6
  1003001 | exportiamalg #1                                    |      7 |       30 |            3082.75
  3004002 | edu packexporti #2                                 |      9 |        3 |             3079.5
  6004008 | edu packcorp #8                                    |      8 |       13 |             3077.6
  2002001 | importocorp #2                                     |     17 |       51 |            3059.32
  8011001 | exportiamalg #2                                    |      8 |       33 |            3051.24
  4002001 | amalgamalgamalg #10                                |     18 |       12 |            3048.78
  6013008 | exportibrand #8                                    |      8 |       37 |            3032.28
  3004002 | edu packexporti #2                                 |     19 |       57 |            3013.17
  2004001 | corpunivamalg #6                                   |     19 |       20 |             2981.5
  3003001 | exportiexporti #1                                  |      9 |        1 |            2976.04
  1004001 | scholaramalgamalg #11                              |     17 |       48 |             2951.6
 10003017 | exportiunivamalg #17                               |     19 |       32 |            2937.44
  6008003 | namelesscorp #3                                    |      7 |       32 |            2919.84
  3003001 | exportiexporti #1                                  |      9 |       32 |            2907.52
 10001009 | amalgunivamalg #9                                  |     18 |       53 |             2897.7
  3003001 | exportiexporti #1                                  |     17 |       16 |            2883.28
  3002001 | exportiimporto #2                                  |     19 |       47 |            2880.48
  9014011 | amalgamalgamalg #9                                 |      6 |       24 |            2879.52
  9005002 | scholarmaxi #2                                     |      7 |        6 |            2852.31
 10009016 | amalgamalg #2                                      |     19 |       58 |             2842.4
  2004002 | edu packimporto #2                                 |     19 |       14 |            2836.62
  9001009 | amalgmaxi #9                                       |     17 |       27 |             2817.5
  2002001 | importoimporto #1                                  |      8 |       14 |            2813.44
  6001001 | amalgnameless #2                                   |      9 |       55 |             2812.7
  7016004 | corpnameless #4                                    |     17 |       10 |            2801.94
  9012002 | importounivamalg #2                                |     17 |       12 |            2800.75
  1003002 | exportiamalg #2                                    |      8 |       27 |             2786.1
  1001002 | amalgamalg #2                                      |     17 |       20 |            2782.56
  3003001 | exportiexporti #1                                  |     19 |       42 |            2780.46
  8014005 | edu packmaxi #5                                    |     17 |       35 |               2779
  7007010 | brandbrand #10                                     |     17 |       52 |            2770.06
  1001001 | amalgamalg #1                                      |      9 |        8 |            2768.87
  6013004 | exportibrand #4                                    |     17 |       56 |            2756.55
 10003017 | exportiunivamalg #17                               |      6 |       11 |            2751.84
  4001002 | amalgedu pack #2                                   |     17 |       32 | 2744.4300000000003
  9006003 | corpmaxi #3                                        |     19 |        5 |               2724
  3004001 | edu packexporti #1                                 |     17 |        8 |            2717.31
 10012003 | importoamalgamalg #3                               |     18 |       23 |            2705.04
  2002001 | importoimporto #1                                  |     17 |       19 |            2695.44
  1001002 | amalgamalg #2                                      |      7 |       32 |            2669.31
  3001001 | amalgexporti #1                                    |     19 |       36 |            2656.26
  2004001 | edu packimporto #1                                 |     19 |       24 |            2654.96
  1003002 | exportiamalg #2                                    |      9 |       43 |            2641.92
  2002001 | importoimporto #1                                  |     19 |       49 |            2609.13
  9001005 | exportiexporti #2                                  |      9 |       17 |            2607.09
  6008003 | namelesscorp #3                                    |      9 |        8 |               2603
  8011004 | amalgmaxi #4                                       |      9 |        4 |            2600.64
  9012002 | importounivamalg #2                                |     18 |       59 |            2596.92
  1004001 | edu packamalg #1                                   |     18 |       19 |             2594.4
  8014008 | edu packmaxi #8                                    |     18 |       12 |            2569.44
  2002001 | importoimporto #1                                  |      7 |       29 |            2549.36
  2003002 | exportiimporto #2                                  |     17 |       21 |            2538.82
  4001001 | exportiexporti #2                                  |      7 |       59 |             2514.9
  4003001 | exportiedu pack #1                                 |     17 |       40 |             2498.8
  6001001 | amalgcorp #1                                       |      9 |       43 |            2487.78
  2002001 | importocorp #2                                     |     17 |        7 |            2484.64
 10009016 | amalgamalg #2                                      |     17 |       21 |            2483.04
  4003001 | exportimaxi #6                                     |     19 |       51 |             2473.4
 10002017 | importounivamalg #17                               |     17 |       39 |             2463.9
  5004002 | edu packscholar #2                                 |     19 |       29 |            2456.52
  2003001 | exportiimporto #1                                  |     18 |       25 |            2455.88
  4001001 | exportiexporti #2                                  |     17 |       42 |            2454.48
  9001005 | exportiexporti #2                                  |     19 |       48 |            2447.37
  6004001 | edu packcorp #1                                    |     19 |       31 |            2444.64
  4001002 | amalgedu pack #2                                   |      8 |       29 |            2442.09
  6004001 | edu packcorp #1                                    |      8 |       10 |            2441.25
  3001001 | amalgedu pack #2                                   |     19 |       35 |             2434.8
  7002010 | importobrand #10                                   |      9 |       54 |            2427.41
  8011004 | amalgmaxi #4                                       |     17 |       34 |             2426.4
  2004002 | edu packimporto #2                                 |     18 |       35 |            2425.15
 10002017 | importounivamalg #17                               |     17 |       40 |            2416.32
  1004001 | scholaramalgamalg #11                              |     17 |       11 |            2410.98
  8014005 | edu packmaxi #5                                    |     17 |       28 |             2403.7
  9014011 | amalgamalgamalg #9                                 |     17 |       53 |            2401.74
  1001002 | amalgamalg #2                                      |     18 |       12 |            2395.12
 10001009 | amalgunivamalg #9                                  |      9 |       15 |            2390.59
  3004002 | edu packexporti #2                                 |     17 |       43 |             2372.8
  2001002 | amalgimporto #2                                    |     19 |       37 |            2365.55
  6006002 | corpcorp #2                                        |     19 |       25 |             2354.4
  4002002 | importoedu pack #2                                 |      8 |        8 |             2353.6
  3004002 | edu packexporti #2                                 |     19 |       58 |            2352.18
 10001009 | amalgunivamalg #9                                  |      8 |       28 |            2340.36
  8005002 | scholarnameless #2                                 |     18 |        7 |             2331.8
  9006003 | corpmaxi #3                                        |     17 |       57 |            2323.56
  6014003 | brandbrand #8                                      |     17 |       38 |            2295.06
  6001001 | amalgnameless #2                                   |     17 |       45 |            2282.52
  4003001 | exportiedu pack #1                                 |      9 |       20 |               2264
  2004002 | edu packimporto #2                                 |     19 |       12 |            2254.66
  5004002 | edu packscholar #2                                 |      8 |       34 |            2254.49
  6004001 | edu packcorp #1                                    |     19 |       22 |               2244
  9006003 | corpmaxi #3                                        |      9 |       56 |            2231.55
  3004002 | edu packexporti #2                                 |     18 |       52 |            2229.08
  5004002 | edu packscholar #2                                 |     17 |       48 |            2224.64
  2003001 | exportiimporto #1                                  |     17 |       41 |            2209.68
  5003001 | exportischolar #1                                  |     19 |       59 |            2200.32
  3001001 | amalgexporti #1                                    |      8 |        8 |            2198.88
 10009005 | maxiunivamalg #5                                   |      6 |       50 |               2194
 10001009 | amalgunivamalg #9                                  |      9 |        4 |            2188.65
  6013008 | exportibrand #8                                    |     18 |       32 |            2180.25
  4001002 | amalgedu pack #2                                   |     17 |       11 |             2169.2
  2004001 | exportiedu pack #2                                 |      7 |       46 |             2163.6
  2004002 | edu packimporto #2                                 |      9 |       33 |            2157.91
  8014001 | edu packmaxi #1                                    |     19 |       31 |            2149.84
  2002002 | importoimporto #2                                  |      8 |       50 |            2126.25
  4003001 | exportiedu pack #1                                 |     19 |       36 |            2123.28
  4001002 | amalgedu pack #2                                   |      9 |       15 |            2114.28
  1002001 | importoamalg #1                                    |     19 |       53 |            2103.13
  1002001 | maxinameless #10                                   |      9 |       10 |            2098.35
 10005015 | scholarunivamalg #15                               |     17 |       42 |             2083.8
  4002001 | edu packedu pack #2                                |      9 |       33 |            2071.74
  4003002 | exportiedu pack #2                                 |     17 |       57 |            2042.03
  3004002 | edu packexporti #2                                 |     19 |       31 |            2029.63
  2003002 | exportiimporto #2                                  |      9 |       34 |            2026.64
  8003009 | importounivamalg #6                                |     18 |        5 |            2024.32
  6008003 | namelesscorp #3                                    |     19 |       44 |            2010.81
 10003017 | exportiunivamalg #17                               |      8 |       51 |             2008.5
  6016008 | corpbrand #8                                       |     17 |       36 |            1998.14
  6011001 | amalgbrand #1                                      |     18 |       27 |            1997.94
  9009006 | maximaxi #6                                        |      9 |       50 |            1994.24
  5002001 | corpcorp #6                                        |      7 |       43 |            1991.08
 10009016 | amalgamalg #2                                      |     17 |       19 |            1987.86
  2002001 | importoimporto #1                                  |      8 |       35 |            1986.04
  6013008 | exportibrand #8                                    |      9 |        6 |            1973.92
 10012001 | amalgamalg #2                                      |      9 |       15 |            1960.98
  5001002 | amalgscholar #2                                    |     17 |       10 |            1958.04
  6004001 | edu packcorp #1                                    |     19 |       26 |            1952.07
  3002002 | importoexporti #2                                  |     19 |       48 |             1945.5
 10005015 | scholarunivamalg #15                               |     17 |       28 | 1943.0600000000002
 10013001 | exportiamalgamalg #1                               |      8 |       48 |            1937.32
  5004002 | edu packscholar #2                                 |     19 |       17 |            1927.36
  2002001 | importoimporto #1                                  |     17 |       58 |            1926.96
  4003001 | maxibrand #10                                      |     17 |       36 |               1925
 10006009 | amalgedu pack #2                                   |      6 |       49 |            1915.52
  5003001 | exportischolar #1                                  |     17 |       27 |            1913.76
  3003002 | exportiexporti #2                                  |      9 |       22 |             1907.1
  6015006 | scholarbrand #6                                    |     18 |       43 |            1884.23
  3004001 | edu packexporti #1                                 |      8 |       58 |            1880.57
  1004002 | edu packamalg #2                                   |     19 |        2 |             1878.6
  4003001 | exportimaxi #6                                     |      7 |       52 |            1857.78
  4003001 | exportiedu pack #1                                 |     19 |       58 |            1856.12
  1002002 | importoamalg #2                                    |     17 |       25 |            1843.45
  9001005 | exportiexporti #2                                  |     19 |       26 |            1842.36
  8003009 | importounivamalg #6                                |     19 |       33 |             1840.9
  2001002 | amalgimporto #2                                    |     19 |       10 |               1838
  4003001 | exportiedu pack #1                                 |      9 |       25 |            1828.43
  8011004 | amalgmaxi #4                                       |     17 |       46 |            1824.92
  8002010 | importonameless #10                                |     17 |       17 |            1817.06
  6015006 | scholarbrand #6                                    |      6 |       58 |            1812.75
  1002002 | importoamalg #2                                    |      9 |        5 |            1807.92
  1003002 | exportiamalg #2                                    |     17 |       23 |            1807.26
  3003001 | exportiexporti #1                                  |     17 |       59 |            1786.98
  3001001 | amalgexporti #1                                    |      8 |        5 |            1775.13
  4003001 | exportiedu pack #1                                 |      7 |       37 |            1771.97
  5004002 | edu packscholar #2                                 |      9 |       19 |             1771.6
  7011003 | scholarunivamalg #6                                |     17 |       52 |            1768.71
  8003009 | importounivamalg #6                                |     19 |       15 |            1766.98
  4003001 | exportiedu pack #1                                 |     19 |       43 |               1761
  4001002 | amalgedu pack #2                                   |     19 |       37 |            1753.29
  3002001 | univamalgamalg #10                                 |      9 |       45 |            1746.99
  6013004 | exportibrand #4                                    |      9 |       11 |            1740.48
  9004005 | edu packscholar #2                                 |     18 |       42 |            1735.68
  4001002 | amalgedu pack #2                                   |      9 |       48 |            1733.62
  4001002 | amalgedu pack #2                                   |     17 |       56 |            1715.93
  9004005 | edu packscholar #2                                 |     17 |       30 |            1703.79
  2002001 | importocorp #2                                     |      9 |       37 |            1700.25
  6012005 | importobrand #5                                    |     19 |       25 |            1698.06
  8006007 | namelessunivamalg #8                               |     18 |       40 |            1697.76
  8006007 | namelessunivamalg #8                               |     19 |       36 |             1688.2
  1003001 | exportiamalg #1                                    |     17 |       45 |            1661.45
  2004001 | corpunivamalg #6                                   |      8 |       24 |            1657.92
  4002001 | amalgamalgamalg #10                                |     18 |       49 |            1657.18
 10016001 | corpamalgamalg #1                                  |     19 |       19 |            1653.85
  8003009 | importounivamalg #6                                |     17 |       26 |             1648.8
  8003006 | exportinameless #6                                 |      9 |       54 |             1648.3
  8014005 | edu packmaxi #5                                    |      9 |       43 |            1641.98
  9001005 | exportiexporti #2                                  |     19 |       24 |            1638.82
  1003001 | exportiamalg #1                                    |     18 |       31 |            1634.38
  9004005 | edu packscholar #2                                 |     18 |       15 |            1629.81
  8015006 | scholarmaxi #6                                     |      8 |       18 |             1627.2
  2002001 | edu packexporti #2                                 |     18 |        3 |            1615.74
  4001002 | amalgedu pack #2                                   |     18 |       51 |            1611.38
  4003001 | exportiedu pack #1                                 |      8 |       37 |             1601.6
  9006003 | corpmaxi #3                                        |     17 |       36 |            1598.52
  1001002 | amalgamalg #2                                      |      7 |       31 |            1596.76
  3003001 | exportiexporti #1                                  |     17 |       36 |            1596.24
  4002001 | amalgamalgamalg #10                                |      6 |        7 |             1593.6
  8014008 | edu packmaxi #8                                    |     19 |       33 |             1590.4
  4004002 | edu packedu pack #2                                |      8 |       19 |               1586
 10005015 | scholarunivamalg #15                               |     19 |       13 |            1585.92
  2002001 | importoimporto #1                                  |     18 |       16 |            1580.61
 10002017 | importounivamalg #17                               |     17 |       11 |               1564
  3002002 | importoexporti #2                                  |      9 |       38 |            1563.03
  3002002 | importoexporti #2                                  |     18 |       58 |             1551.6
  7002006 | importobrand #6                                    |      8 |       21 |            1545.86
  2003002 | exportiimporto #2                                  |     18 |        3 |            1541.68
  3004002 | edu packexporti #2                                 |     19 |       32 |            1530.34
  9005002 | scholarmaxi #2                                     |     17 |       42 |            1525.29
  4004002 | edu packedu pack #2                                |      8 |       52 |            1522.62
  4001002 | amalgedu pack #2                                   |     17 |       19 |             1496.4
  1004002 | edu packamalg #2                                   |      8 |       24 |            1489.74
 10016001 | corpamalgamalg #1                                  |     18 |       58 |            1486.55
  7002006 | importobrand #6                                    |     18 |       11 |            1483.62
  2002001 | importocorp #2                                     |     18 |        7 |            1477.64
  6013008 | exportibrand #8                                    |      8 |       17 |            1463.75
  7011003 | scholarunivamalg #6                                |     18 |        3 |             1462.5
  5003002 | exportischolar #2                                  |      8 |       42 |            1459.68
  3001001 | amalgexporti #1                                    |      9 |       42 |             1451.1
 10016001 | corpamalgamalg #1                                  |      8 |       13 |            1450.54
 10001009 | amalgunivamalg #9                                  |     18 |       51 |             1447.6
  8015006 | scholarmaxi #6                                     |     17 |        3 |            1444.48
  8014001 | edu packmaxi #1                                    |     17 |       24 |            1441.84
  5003002 | exportischolar #2                                  |     18 |       58 |             1437.7
  4002002 | importoedu pack #2                                 |     17 |        0 |            1433.64
  1003001 | exportiamalg #1                                    |     17 |       10 |             1429.4
 10004005 | edu packunivamalg #5                               |      9 |       54 |             1427.9
  8006007 | namelessunivamalg #8                               |     18 |       43 |            1426.08
  6008001 | namelesscorp #1                                    |      8 |       54 |             1423.4
  5004001 | edu packunivamalg #6                               |      8 |       47 |            1422.72
  9005002 | scholarmaxi #2                                     |      6 |       21 |             1419.6
  3002002 | importoexporti #2                                  |     17 |       53 |            1400.04
  9005002 | scholarmaxi #2                                     |     17 |        9 |             1391.2
  4003001 | exportiedu pack #1                                 |     17 |       30 |            1376.96
  7016004 | corpnameless #4                                    |      8 |       49 |             1367.2
  6015006 | scholarbrand #6                                    |     17 |       44 |            1357.05
  5001002 | amalgscholar #2                                    |      9 |       45 |            1356.93
  4001002 | amalgedu pack #2                                   |     18 |        1 |            1356.88
  2001002 | amalgimporto #2                                    |      9 |       14 |               1353
  6013008 | exportibrand #8                                    |     19 |       23 |            1350.72
  7014008 | edu packnameless #8                                |     17 |       20 |            1343.76
  8014005 | edu packmaxi #5                                    |     19 |        7 |            1341.36
  1003001 | exportiamalg #1                                    |      9 |       16 |            1334.92
  8003006 | exportinameless #6                                 |      9 |        3 |             1328.5
  7011003 | scholarunivamalg #6                                |     18 |       20 |            1321.92
 10001009 | amalgunivamalg #9                                  |     17 |        6 |            1306.74
  2004001 | edu packimporto #1                                 |     19 |       10 |            1296.26
  2002001 | edu packexporti #2                                 |      6 |       44 |            1283.84
  3003001 | exportiexporti #1                                  |     18 |       42 |            1275.51
  8011004 | amalgmaxi #4                                       |     19 |        5 |            1275.37
  4002002 | importoedu pack #2                                 |     17 |       50 |            1275.03
  1003002 | exportiamalg #2                                    |     18 |       34 |            1274.64
  2002001 | importoimporto #1                                  |     17 |       15 |             1270.4
  7002010 | importobrand #10                                   |      9 |        5 |            1255.38
 10001009 | amalgunivamalg #9                                  |     19 |       53 |            1253.46
  3003002 | exportiexporti #2                                  |      8 |        4 |            1247.54
  4002002 | importoedu pack #2                                 |      7 |       25 |            1247.54
  8002010 | importonameless #10                                |     17 |       36 |            1244.04
  2003002 | exportiimporto #2                                  |      8 |       52 |            1243.22
  3003002 | exportiexporti #2                                  |      8 |       14 |             1242.6
  4003001 | exportiedu pack #1                                 |      8 |       40 |            1235.89
  7010001 | univnameless #1                                    |     17 |       16 |            1224.65
  3004002 | edu packexporti #2                                 |      7 |       26 |            1222.13
 10004005 | edu packunivamalg #5                               |      8 |       20 |             1221.6
  2004002 | edu packimporto #2                                 |      9 |       37 |            1219.44
  2002001 | importoimporto #1                                  |      6 |       17 |            1216.76
  8014005 | edu packmaxi #5                                    |     19 |       14 |            1203.84
  2001002 | amalgimporto #2                                    |     18 |       34 |             1203.5
  5004002 | edu packscholar #2                                 |      9 |        9 |            1202.24
  8014005 | edu packmaxi #5                                    |     17 |       43 |            1196.01
  8002010 | importonameless #10                                |      7 |        0 |             1193.5
  9014011 | amalgamalgamalg #9                                 |      9 |       55 |            1187.12
  4003001 | maxibrand #10                                      |      8 |        3 |            1177.71
  9005002 | scholarmaxi #2                                     |     19 |        4 |               1177
  6001001 | amalgcorp #1                                       |     18 |       12 |            1176.93
  2002001 | importoimporto #1                                  |     17 |       22 |            1170.96
  5003001 | exportischolar #1                                  |      8 |       16 |            1169.63
  1004001 | edu packamalg #1                                   |     17 |        8 |            1167.23
  8006001 | corpnameless #1                                    |      9 |       28 |            1165.15
  9012002 | importounivamalg #2                                |      9 |       53 |            1164.48
  2003001 | exportiimporto #1                                  |     17 |       58 |             1161.1
  6013004 | exportibrand #4                                    |      8 |       45 |            1156.61
  1002002 | importoamalg #2                                    |      6 |       11 |             1153.5
  3004001 | edu packexporti #1                                 |     18 |       36 |            1147.98
 10009016 | amalgamalg #2                                      |      7 |       13 |            1144.92
  3002001 | importoexporti #1                                  |      8 |       15 |            1143.49
 10006009 | corpunivamalg #9                                   |     17 |       19 |             1143.1
  2002001 | importocorp #2                                     |      8 |       38 |            1142.12
  4002001 | edu packedu pack #2                                |     18 |       26 |            1137.66
  6008001 | namelesscorp #1                                    |     19 |        5 |             1125.9
  2002002 | importoimporto #2                                  |      9 |       21 |            1123.02
  1002001 | importoamalg #1                                    |     19 |       47 |            1117.44
  8008001 | amalgexporti #2                                    |      9 |       35 |            1115.04
  2004002 | edu packimporto #2                                 |      8 |       53 |            1114.35
  1004002 | edu packamalg #2                                   |     19 |       24 |            1114.08
  4001002 | amalgedu pack #2                                   |     19 |       59 |            1109.25
 10012001 | amalgamalg #2                                      |     18 |        0 |            1106.56
  2002001 | importoimporto #1                                  |      9 |       41 |            1103.76
 10002017 | importounivamalg #17                               |      9 |       38 |            1102.62
  7007010 | brandbrand #10                                     |      9 |       51 |            1093.68
 10004005 | edu packunivamalg #5                               |      9 |        5 |            1079.57
 10001009 | amalgunivamalg #9                                  |      9 |       44 |            1078.38
  8011001 | exportiamalg #2                                    |     18 |       53 |             1069.6
  2004002 | edu packimporto #2                                 |     17 |       30 |            1059.75
  1002002 | importoamalg #2                                    |      6 |       32 |            1059.24
  4001002 | amalgedu pack #2                                   |     18 |       49 |             1058.2
  2003001 | amalgmaxi #6                                       |     17 |       14 |            1050.92
  8013003 | exportimaxi #3                                     |      9 |       23 |            1049.75
  4001001 | exportiexporti #2                                  |     18 |       57 |            1044.72
  5003002 | exportischolar #2                                  |     17 |       46 |            1043.46
  2004001 | edu packimporto #1                                 |     18 |       13 |             1039.6
  3003001 | exportiexporti #1                                  |     18 |       13 |            1027.54
  4002001 | importoedu pack #1                                 |     17 |       36 |            1024.96
  1004001 | scholaramalgamalg #11                              |     17 |       40 |            1022.25
  4003002 | exportiedu pack #2                                 |     18 |       19 |            1019.93
  5004001 | edu packnameless #4                                |     17 |       24 |            1017.08
 10004015 | edu packunivamalg #15                              |      9 |       44 |            1016.32
  4001001 | exportiexporti #2                                  |     17 |       47 |            1011.75
  3003001 | exportiexporti #1                                  |      9 |       18 |            1010.42
 10005015 | scholarunivamalg #15                               |     17 |       15 |            1007.38
  8006001 | corpnameless #1                                    |     17 |       11 |               1006
  3003002 | exportiexporti #2                                  |     19 |        1 |            1002.96
  9001005 | exportiexporti #2                                  |     19 |       21 |             998.16
  5004002 | edu packscholar #2                                 |     18 |       25 |             992.52
  4002001 | importoedu pack #1                                 |     17 |       27 |             990.08
  1001001 | amalgamalg #1                                      |     19 |        9 |             987.36
  2004001 | edu packimporto #1                                 |     19 |       28 |             982.52
  9014011 | amalgamalgamalg #9                                 |      9 |       17 |             978.72
 10004015 | edu packunivamalg #15                              |     19 |        5 |             968.66
  6002007 | importocorp #7                                     |     19 |        7 |             968.55
  1004002 | edu packamalg #2                                   |      8 |       26 |             966.15
  5003001 | exportischolar #1                                  |     17 |       39 |              957.9
  5003002 | exportischolar #2                                  |     17 |       39 |              951.7
  1002002 | importoamalg #2                                    |      9 |       13 |             950.82
  8014008 | edu packmaxi #8                                    |      8 |       54 |             949.74
  1003002 | exportiamalg #2                                    |      8 |       46 |             948.74
  1004002 | edu packamalg #2                                   |     18 |       44 |             948.29
  4002001 | edu packedu pack #2                                |     17 |       24 |              940.1
 10004005 | edu packunivamalg #5                               |     17 |        3 |              936.3
  1004001 | edu packamalg #1                                   |     18 |       20 |             936.02
  2003002 | exportiimporto #2                                  |     18 |       42 |              931.2
  2003001 | exportiimporto #1                                  |     17 |       48 |             923.26
  8003006 | exportinameless #6                                 |     18 |       42 |             920.71
  8011001 | exportiamalg #2                                    |     18 |       44 |             919.68
  2003001 | amalgmaxi #6                                       |      9 |       55 |              915.2
  6012005 | importobrand #5                                    |     17 |       16 |             909.45
  9001005 | exportiexporti #2                                  |     17 |       43 |             905.67
  3004002 | edu packexporti #2                                 |     18 |       43 |             903.76
  2002001 | importocorp #2                                     |      9 |       24 |             902.36
  2002001 | importoimporto #1                                  |     19 |       41 |             894.53
  9006003 | corpmaxi #3                                        |     17 |       31 |             884.57
  1001002 | amalgamalg #2                                      |     17 |        7 |             882.84
  2003002 | exportiimporto #2                                  |     19 |       42 |             882.76
  8013003 | exportimaxi #3                                     |     18 |       30 |              879.6
  1002002 | importoamalg #2                                    |      9 |       59 |             879.06
  4003001 | exportimaxi #6                                     |      9 |       11 |             872.52
 10012001 | amalgamalg #2                                      |      9 |       25 |              872.1
  5004001 | edu packnameless #4                                |     17 |       31 |              870.2
 10016001 | corpamalgamalg #1                                  |      6 |       27 |             857.25
  6008003 | namelesscorp #3                                    |     19 |       45 |             854.92
  3003001 | exportiexporti #1                                  |     18 |       43 |             849.28
  3004002 | edu packexporti #2                                 |      9 |       41 |             842.45
  2003001 | exportiimporto #1                                  |      9 |       29 |              841.6
  4001001 | exportiexporti #2                                  |     19 |        8 |              839.4
  6014002 | edu packbrand #2                                   |     19 |       31 |             834.21
  6011001 | amalgbrand #1                                      |     18 |       18 |             822.12
  9005008 | scholarmaxi #8                                     |      6 |       25 |             816.48
 10013001 | exportiamalgamalg #1                               |     19 |       39 |             802.61
  2003002 | exportiimporto #2                                  |     17 |       19 |             802.56
  1001001 | amalgamalg #1                                      |      8 |        0 |             800.03
  1003002 | exportiamalg #2                                    |     17 |       22 |             799.04
  4001001 | exportiexporti #2                                  |     19 |       52 |             792.77
  1004001 | edu packamalg #1                                   |      9 |        5 |              787.5
 10004005 | edu packunivamalg #5                               |     19 |       46 |             775.86
 10001009 | amalgunivamalg #9                                  |     18 |       48 |             774.87
  6011001 | amalgbrand #1                                      |     19 |       42 |             774.43
  8008001 | amalgexporti #2                                    |      9 |       24 |             773.76
  4003001 | exportiedu pack #1                                 |     19 |       28 |             773.01
 10004005 | edu packunivamalg #5                               |     17 |        1 |             768.57
  2002001 | importoimporto #1                                  |     17 |       46 |             764.64
  7002006 | importobrand #6                                    |      7 |        1 |              764.4
  2004001 | corpunivamalg #6                                   |     17 |       44 |             763.84
  2004002 | edu packimporto #2                                 |     18 |       12 |             761.46
  2001001 | edu packmaxi #12                                   |     18 |       40 |             759.85
 10016001 | corpamalgamalg #1                                  |     17 |       46 |             756.28
 10004005 | edu packunivamalg #5                               |      9 |       12 |             747.88
  5004002 | edu packscholar #2                                 |     19 |       21 |              740.9
  7002010 | importobrand #10                                   |     18 |       44 |              739.6
  8006007 | namelessunivamalg #8                               |     18 |       51 |             738.09
  8003006 | exportinameless #6                                 |     18 |       25 |              736.4
  2003001 | exportiimporto #1                                  |     19 |       14 |             733.02
  5001002 | amalgscholar #2                                    |     18 |        3 |             732.97
  1003002 | exportiamalg #2                                    |     18 |       35 |             732.09
  5002002 | importoscholar #2                                  |     19 |        4 |             720.76
  8015006 | scholarmaxi #6                                     |      9 |       55 |             717.15
 10009005 | maxiunivamalg #5                                   |     18 |       43 |              715.1
  1004001 | scholaramalgamalg #11                              |     18 |       30 |                712
  2002001 | importocorp #2                                     |     19 |       43 |             711.36
  6002007 | importocorp #7                                     |     17 |       17 |             711.16
  9006003 | corpmaxi #3                                        |      9 |       55 |             706.72
  4001002 | amalgedu pack #2                                   |     18 |       53 |                705
  8014005 | edu packmaxi #5                                    |     17 |       53 |              696.5
  6013004 | exportibrand #4                                    |     19 |       47 |                696
  6013008 | exportibrand #8                                    |     19 |       58 |             694.54
  2004001 | edu packimporto #1                                 |     19 |       50 |             691.95
  3002001 | univamalgamalg #10                                 |     19 |       41 |             691.46
  1004002 | edu packamalg #2                                   |      6 |       17 |             678.72
 10006009 | corpunivamalg #9                                   |     18 |       11 |             675.75
 10016001 | corpamalgamalg #1                                  |     18 |       43 |              675.4
  2001001 | edu packmaxi #12                                   |      9 |       20 |             675.36
 10006009 | corpunivamalg #9                                   |     17 |       50 |              665.7
  8006007 | namelessunivamalg #8                               |      9 |       40 |             664.74
  3002002 | importoexporti #2                                  |     17 |        6 |              664.7
  1001001 | amalgamalg #1                                      |      9 |       49 |             660.17
 10016001 | corpamalgamalg #1                                  |     17 |       52 |              653.6
  9005002 | scholarmaxi #2                                     |     19 |       11 |             652.44
  8014001 | edu packmaxi #1                                    |     17 |       13 |             650.76
 10009016 | amalgamalg #2                                      |      9 |       13 |             650.08
  1004001 | edu packamalg #1                                   |     18 |       32 |             649.32
  3002002 | importoexporti #2                                  |      9 |       40 |              643.5
  2004001 | corpunivamalg #6                                   |     18 |       46 |              639.6
  1002002 | importoamalg #2                                    |     19 |       52 |              638.4
 10009005 | maxiunivamalg #5                                   |      7 |       11 |             637.65
  2003002 | exportiimporto #2                                  |     17 |       57 |              637.5
  9014011 | amalgamalgamalg #9                                 |     19 |        6 |             636.32
  2004002 | edu packimporto #2                                 |     17 |       28 |             635.25
  1003001 | exportiamalg #1                                    |     17 |       30 |             630.36
  9005002 | scholarmaxi #2                                     |      7 |       51 |                626
  6001001 | amalgnameless #2                                   |      9 |        8 |             624.91
 10001009 | amalgunivamalg #9                                  |      9 |       17 |              615.6
  9005008 | scholarmaxi #8                                     |      9 |       33 |             611.66
  1004001 | edu packamalg #1                                   |      8 |       34 |              599.2
  2002001 | importocorp #2                                     |      8 |        0 |             593.32
  6014003 | brandbrand #8                                      |     17 |       24 |             580.56
  6002007 | importocorp #7                                     |      8 |       33 |              577.5
  1002001 | importoamalg #1                                    |      8 |       36 |             577.22
  1002001 | importoamalg #1                                    |     17 |       52 |             576.87
  2004001 | corpunivamalg #6                                   |     18 |       59 |              569.1
  2003001 | amalgmaxi #6                                       |     18 |       39 |             563.64
  2004001 | exportiedu pack #2                                 |     19 |       44 |             557.44
  8011004 | amalgmaxi #4                                       |      9 |       27 |             554.88
  3003001 | exportiexporti #1                                  |     17 |       33 |             553.28
  8011001 | exportiamalg #2                                    |     17 |       25 |              547.8
  5003001 | exportischolar #1                                  |     17 |       25 |             545.19
  6015006 | scholarbrand #6                                    |     19 |       30 |             545.12
  3003002 | exportiexporti #2                                  |      9 |       58 |             544.17
  5003001 | exportischolar #1                                  |     18 |       54 |             543.75
  3001001 | amalgedu pack #2                                   |      7 |        8 |             535.38
  3001001 | amalgedu pack #2                                   |     17 |       48 |             532.98
  2001002 | amalgimporto #2                                    |      9 |       32 |             532.08
  7007010 | brandbrand #10                                     |     17 |       36 |             529.32
  3004002 | edu packexporti #2                                 |     18 |       11 |             525.98
  1001002 | amalgamalg #2                                      |      7 |       27 |              525.6
  2001001 | edu packmaxi #12                                   |     17 |       36 |             522.68
  4003001 | exportimaxi #6                                     |      8 |       45 |             521.55
  4001002 | amalgedu pack #2                                   |     19 |       18 |             521.04
  8011004 | amalgmaxi #4                                       |     18 |       12 |             520.29
  6003007 | edu packscholar #2                                 |     19 |       26 |             516.52
  1003001 | exportiamalg #1                                    |     19 |       57 |             513.28
  6008003 | namelesscorp #3                                    |      7 |       31 |             512.15
  2004001 | edu packimporto #1                                 |      9 |        9 |             510.28
  3003002 | exportiexporti #2                                  |     19 |        7 |             507.65
  9004008 | edu packmaxi #8                                    |     17 |       40 |             505.68
  3001001 | amalgexporti #1                                    |     18 |       43 |              497.8
  4003001 | exportiedu pack #1                                 |      6 |       22 |                496
  6013008 | exportibrand #8                                    |     18 |       30 |                496
  4001002 | amalgedu pack #2                                   |      9 |       36 |              495.9
 10004015 | edu packunivamalg #15                              |     18 |        0 |              488.4
  7010001 | univnameless #1                                    |     19 |       55 |             484.84
  4003001 | exportimaxi #6                                     |      6 |       45 |             483.84
 10006009 | amalgedu pack #2                                   |      8 |       29 |              483.3
  2003001 | exportiimporto #1                                  |     18 |       49 |              482.6
  2001001 | edu packmaxi #12                                   |     17 |        3 |             482.31
 10016001 | corpamalgamalg #1                                  |     17 |       58 |             480.88
  3002001 | exportiimporto #2                                  |     19 |       25 |             477.84
  3004002 | edu packexporti #2                                 |     18 |       23 |              477.3
  5002002 | importoscholar #2                                  |      8 |       36 |             469.62
 10004015 | edu packunivamalg #15                              |     17 |       40 |             463.84
  3004002 | edu packexporti #2                                 |     18 |       53 |              463.4
  1004001 | edu packamalg #1                                   |      8 |       29 |             462.48
  3004002 | edu packexporti #2                                 |     18 |       40 |             458.66
  3002001 | exportiimporto #2                                  |      9 |       57 |             457.65
  2002001 | importocorp #2                                     |     19 |       51 |             456.78
  3002002 | importoexporti #2                                  |     19 |        3 |             455.84
  2003001 | exportiimporto #1                                  |     18 |       47 |             449.12
  3002002 | importoexporti #2                                  |     19 |       33 |              448.4
  2003001 | amalgmaxi #6                                       |     18 |       46 |             445.73
  4001002 | amalgedu pack #2                                   |     17 |       10 |             439.14
  6004008 | edu packcorp #8                                    |     19 |       32 |             437.32
  2002001 | edu packexporti #2                                 |      9 |       19 |             434.72
  4004002 | edu packedu pack #2                                |      9 |       40 |             434.16
  6003007 | edu packscholar #2                                 |     18 |       36 |             431.46
  4003001 | exportiedu pack #1                                 |     19 |       57 |              430.5
  3001001 | amalgexporti #1                                    |      9 |       40 |             428.83
  2002001 | importoimporto #1                                  |     19 |       15 |              426.5
  3001001 | amalgexporti #1                                    |     19 |       32 |              425.2
  6013008 | exportibrand #8                                    |     17 |       24 |              424.5
  2002001 | importoimporto #1                                  |     19 |       33 |             423.98
  4003001 | exportiedu pack #1                                 |     18 |        1 |             422.43
  9001005 | exportiexporti #2                                  |      8 |       41 |             421.04
  7014008 | edu packnameless #8                                |     19 |       17 |              419.4
  2001002 | amalgimporto #2                                    |     18 |       57 |             418.14
  1002002 | importoamalg #2                                    |      9 |       34 |             417.12
  1003001 | exportiamalg #1                                    |     17 |       11 |             415.71
  6001001 | amalgcorp #1                                       |      9 |       55 |             414.84
  6011001 | amalgbrand #1                                      |     19 |       56 |             411.48
  3003001 | exportiexporti #1                                  |     18 |       35 |             404.32
  2002002 | importoimporto #2                                  |     17 |       22 |             403.88
 10016001 | corpamalgamalg #1                                  |     19 |       30 |              401.7
  2003002 | exportiimporto #2                                  |     19 |       13 |             395.64
  3002002 | importoexporti #2                                  |     19 |        6 |             394.08
  1003002 | exportiamalg #2                                    |     17 |       56 |             393.03
  4003002 | exportiedu pack #2                                 |      8 |       43 |              390.4
  7014008 | edu packnameless #8                                |      9 |        1 |              390.1
  8006001 | corpnameless #1                                    |     17 |       39 |             389.36
  4004002 | edu packedu pack #2                                |     17 |       23 |             388.74
  5002002 | importoscholar #2                                  |     17 |       36 |             388.71
  7016004 | corpnameless #4                                    |      9 |       18 |              387.2
  5002001 | corpcorp #6                                        |      8 |       57 |              386.4
  6014003 | brandbrand #8                                      |      9 |       48 |             384.72
  9001005 | amalgedu pack #2                                   |     18 |        9 |              383.4
  2003001 | amalgmaxi #6                                       |     19 |       43 |             374.85
  1001002 | amalgamalg #2                                      |     19 |       16 |             373.62
  4001002 | amalgedu pack #2                                   |     18 |        2 |             370.26
  5004001 | edu packunivamalg #6                               |     19 |       36 |             366.28
  6004005 | edu packcorp #5                                    |     18 |       46 |             363.35
  3004002 | edu packexporti #2                                 |     19 |       38 |             362.96
 10001009 | amalgunivamalg #9                                  |     17 |       33 |                362
  7002006 | importobrand #6                                    |     17 |       37 |             360.53
  1004002 | edu packamalg #2                                   |      9 |       55 |             358.98
  6006002 | corpcorp #2                                        |     17 |        3 |             356.07
  4001002 | amalgedu pack #2                                   |     17 |       24 |             356.02
  1002002 | importoamalg #2                                    |     19 |       40 |              355.5
  8006001 | corpnameless #1                                    |     18 |       42 |                355
  1004001 | scholaramalgamalg #11                              |     17 |        0 |             348.81
  3002001 | univamalgamalg #10                                 |     19 |       48 |             348.39
  9009006 | maximaxi #6                                        |     17 |       40 |             347.09
 10006012 | corpunivamalg #12                                  |     19 |       44 |             346.85
  9005002 | scholarmaxi #2                                     |     18 |       32 |             346.43
  6011001 | amalgbrand #1                                      |     19 |       13 |             345.77
  3003001 | exportiexporti #1                                  |      8 |       31 |             343.95
  9005002 | scholarmaxi #2                                     |     18 |       21 |             342.19
  7002010 | importobrand #10                                   |      8 |       16 |             340.92
  4002002 | importoedu pack #2                                 |      8 |       31 |             340.64
  8013003 | exportimaxi #3                                     |     17 |        5 |             340.35
  6016008 | corpbrand #8                                       |      6 |        5 |              339.8
  9009006 | maximaxi #6                                        |      8 |       24 |             339.36
 10002017 | importounivamalg #17                               |     18 |       49 |             338.94
  8005002 | scholarnameless #2                                 |     19 |       23 |             333.32
  4002002 | importoedu pack #2                                 |     19 |       49 |              333.2
 10006012 | corpunivamalg #12                                  |     17 |        7 |             330.75
  3004002 | edu packexporti #2                                 |      9 |       13 |              328.5
  2004001 | corpunivamalg #6                                   |     18 |       13 |             327.12
  2001002 | amalgimporto #2                                    |     17 |       47 |             324.03
  7002010 | importobrand #10                                   |      9 |        4 |             322.35
  9005002 | scholarmaxi #2                                     |      9 |       24 |              320.8
  1004002 | edu packamalg #2                                   |     18 |        4 |             317.94
  4003001 | exportiedu pack #1                                 |      8 |       51 |             316.82
  8013003 | exportimaxi #3                                     |     17 |        3 |             316.02
  4001002 | amalgedu pack #2                                   |     18 |        9 |             314.58
  3003001 | exportiexporti #1                                  |     18 |       49 |             313.74
  3004002 | edu packexporti #2                                 |     18 |       48 |             311.37
  3003001 | exportiexporti #1                                  |     18 |       24 |              310.5
  8002010 | importonameless #10                                |     18 |       20 |             307.28
  7007010 | brandbrand #10                                     |     19 |        5 |             306.25
  6008003 | namelesscorp #3                                    |      8 |       36 |                299
  1004002 | edu packamalg #2                                   |     19 |       33 |             297.15
  8006001 | corpnameless #1                                    |     19 |        9 |             296.64
  5003002 | exportischolar #2                                  |     18 |       43 |             295.38
  1001002 | amalgamalg #2                                      |     19 |       28 |                293
  2004001 | exportiedu pack #2                                 |     19 |       59 |             292.04
 10009016 | amalgamalg #2                                      |      9 |       31 |              291.6
  6014002 | edu packbrand #2                                   |     17 |        8 |             290.88
  3004002 | edu packexporti #2                                 |     17 |        8 |             289.25
  9001005 | exportiexporti #2                                  |      6 |       56 |             288.54
  2004001 | edu packimporto #1                                 |      7 |       57 |             287.56
  1001001 | amalgamalg #1                                      |     18 |       53 |             276.93
  2002001 | importoimporto #1                                  |     17 |       54 |             275.36
  6011001 | amalgbrand #1                                      |     18 |       15 |              271.8
  1004001 | edu packamalg #1                                   |     17 |       35 |             271.04
  2003001 | amalgmaxi #6                                       |     18 |        6 |             270.62
  3001001 | amalgexporti #1                                    |     17 |       34 |             269.15
  2004001 | exportiedu pack #2                                 |     17 |        0 |             264.04
  5003001 | exportischolar #1                                  |     18 |       59 |             261.91
  6001001 | amalgcorp #1                                       |     19 |       58 |              261.9
  7002004 | importobrand #4                                    |      8 |       50 |              260.4
  6004008 | edu packcorp #8                                    |      8 |        4 |             256.32
  8002010 | importonameless #10                                |     19 |       11 |              252.6
  3001001 | amalgedu pack #2                                   |     17 |       34 |             252.12
  1004001 | edu packamalg #1                                   |      9 |       16 |              251.1
 10012003 | importoamalgamalg #3                               |     17 |        7 |             250.65
  9004008 | edu packmaxi #8                                    |      7 |       51 |             247.05
  7007010 | brandbrand #10                                     |     18 |       57 |             245.14
  4003001 | exportiedu pack #1                                 |      9 |        2 |             243.81
  6006002 | corpcorp #2                                        |     17 |       33 |             242.71
  1003002 | exportiamalg #2                                    |      9 |       12 |             242.33
  2003002 | exportiimporto #2                                  |      9 |       36 |             240.66
  6004008 | edu packcorp #8                                    |     17 |       55 |                234
  2003001 | amalgmaxi #6                                       |      8 |       19 |             230.86
  2001001 | edu packmaxi #12                                   |     17 |        7 |              230.3
  9001009 | amalgmaxi #9                                       |     17 |       28 |             223.08
  4001002 | amalgedu pack #2                                   |     17 |        3 |             222.88
  3002001 | importoexporti #1                                  |      9 |       24 |             222.48
  4002002 | importoedu pack #2                                 |     19 |       38 |             221.68
  3003002 | exportiexporti #2                                  |     19 |       22 |             221.31
  4003001 | exportiedu pack #1                                 |     19 |        7 |             219.15
  6014003 | brandbrand #8                                      |     18 |       23 |             216.75
  3004001 | edu packexporti #1                                 |      8 |       10 |             215.56
  4002001 | importoedu pack #1                                 |     18 |       27 |              214.9
  6012005 | importobrand #5                                    |      9 |       59 |             212.03
  3001001 | amalgedu pack #2                                   |     18 |       25 |             211.53
 10009016 | amalgamalg #2                                      |      9 |       27 |             210.16
  8014008 | edu packmaxi #8                                    |     19 |       39 |             209.19
  3003001 | exportiexporti #1                                  |      9 |       46 |             208.71
  4003001 | maxibrand #10                                      |      8 |       56 |             208.28
  7002004 | importobrand #4                                    |      9 |       43 |             207.39
  2004001 | edu packimporto #1                                 |     18 |       51 |             205.92
  2001002 | amalgimporto #2                                    |      9 |       51 |             205.91
  3001001 | amalgedu pack #2                                   |      9 |       51 |             201.24
  1002002 | importoamalg #2                                    |     17 |       56 |              199.5
  4002001 | amalgamalgamalg #10                                |      9 |       55 |             199.16
  5003002 | exportischolar #2                                  |     17 |       23 |             197.25
  7010001 | univnameless #1                                    |      6 |       44 |             194.06
  4003001 | exportiedu pack #1                                 |     19 |       19 |             193.62
  8005002 | scholarnameless #2                                 |     17 |        5 |             193.29
  9012002 | importounivamalg #2                                |     19 |        2 |             188.14
  3003001 | exportiexporti #1                                  |     19 |        0 |             187.29
  2002001 | edu packexporti #2                                 |     19 |       48 |             187.06
  5004001 | edu packnameless #4                                |      8 |       14 |              185.6
  1004001 | scholaramalgamalg #11                              |     17 |       39 |             184.38
 10009016 | amalgamalg #2                                      |     18 |       40 |             183.04
  5004002 | edu packscholar #2                                 |      9 |        7 |              182.7
  9005002 | scholarmaxi #2                                     |      8 |       35 |              182.3
  5001002 | amalgscholar #2                                    |     17 |        9 |              177.1
  2003002 | exportiimporto #2                                  |     18 |       24 |             177.08
  7010001 | univnameless #1                                    |     17 |       54 |             176.88
  4003001 | exportiedu pack #1                                 |      7 |       36 |                176
  7010001 | univnameless #1                                    |      9 |       15 |              172.2
  4002002 | importoedu pack #2                                 |     18 |       56 |             170.28
 10002017 | importounivamalg #17                               |     17 |       51 |              169.1
  8014005 | edu packmaxi #5                                    |     19 |       24 |              168.2
  5003001 | exportischolar #1                                  |     19 |       54 |             167.84
  3004001 | edu packexporti #1                                 |      9 |       46 |             166.18
  2003001 | exportiimporto #1                                  |     17 |       29 |              162.8
  7002004 | importobrand #4                                    |     17 |       37 |              162.8
  9012002 | importounivamalg #2                                |      9 |       17 |              161.1
  4002001 | edu packedu pack #2                                |      8 |       22 |             160.48
  8014005 | edu packmaxi #5                                    |     18 |       29 |             159.76
  8011001 | exportiamalg #2                                    |      9 |       18 |             157.32
  8014001 | edu packmaxi #1                                    |     18 |       45 |             155.03
  8008001 | amalgexporti #2                                    |      9 |       29 |             154.56
  9005002 | scholarmaxi #2                                     |     19 |       17 |                154
  6001008 | amalgcorp #8                                       |     18 |       30 |             152.88
  8014008 | edu packmaxi #8                                    |     17 |        2 |             152.04
  7016004 | corpnameless #4                                    |     19 |       47 |             149.36
  9001009 | amalgmaxi #9                                       |     17 |       57 |             145.53
  2003001 | amalgmaxi #6                                       |      8 |       33 |             138.95
  5002001 | corpcorp #6                                        |      7 |       11 |             138.87
  7016004 | corpnameless #4                                    |     17 |       18 |             137.76
  2004001 | corpunivamalg #6                                   |      9 |       21 |             137.64
  8014008 | edu packmaxi #8                                    |     17 |        7 |              135.7
  8008001 | amalgexporti #2                                    |     17 |       29 |              134.4
 10002010 | importounivamalg #10                               |     18 |       25 |              131.4
 10004015 | edu packunivamalg #15                              |     17 |       10 |             130.13
  6016008 | corpbrand #8                                       |     19 |       32 |             127.82
  2002001 | importoimporto #1                                  |     17 |       57 |             125.12
  5002002 | importoscholar #2                                  |      8 |       42 |             125.06
  9004005 | edu packscholar #2                                 |     19 |       13 |             123.54
  5004002 | edu packscholar #2                                 |      9 |       20 |             122.36
 10009016 | amalgamalg #2                                      |     17 |       14 |             118.56
  9005002 | scholarmaxi #2                                     |     18 |       52 |             117.42
  8014005 | edu packmaxi #5                                    |     18 |       32 |             116.25
  2004002 | edu packimporto #2                                 |     17 |        7 |              112.5
  3002001 | importoexporti #1                                  |      8 |       46 |             111.84
  5004001 | edu packunivamalg #6                               |     19 |       10 |             111.36
  1003002 | exportiamalg #2                                    |     18 |       49 |             108.54
  5004001 | edu packnameless #4                                |     19 |       21 |             102.45
  4001001 | exportiexporti #2                                  |     18 |       36 |              100.8
  6001001 | amalgnameless #2                                   |     17 |       23 |              97.96
  3004002 | edu packexporti #2                                 |     18 |       33 |              94.56
  3004002 | edu packexporti #2                                 |     19 |       36 |              87.16
  2004001 | corpunivamalg #6                                   |     18 |       30 |              86.32
  7016004 | corpnameless #4                                    |      7 |       59 |              84.68
 10012001 | amalgamalg #2                                      |     18 |       53 |              83.84
  8005002 | scholarnameless #2                                 |     19 |       10 |              82.48
  1002002 | importoamalg #2                                    |     17 |       50 |              81.77
  8015006 | scholarmaxi #6                                     |     18 |       12 |              79.08
  9005008 | scholarmaxi #8                                     |     18 |       19 |              78.54
  1002002 | importoamalg #2                                    |      8 |       36 |              75.97
  3003002 | exportiexporti #2                                  |      8 |        1 |               75.9
  4003001 | maxibrand #10                                      |     18 |       10 |              75.25
  3003002 | exportiexporti #2                                  |     18 |       10 |              74.24
  2004001 | edu packimporto #1                                 |      9 |       27 |               73.5
  1004001 | edu packamalg #1                                   |     17 |       32 |              73.14
  2003001 | amalgmaxi #6                                       |      9 |       34 |              72.45
  2004001 | corpunivamalg #6                                   |     19 |       55 |              71.25
 10012003 | importoamalgamalg #3                               |     17 |       23 |               70.1
  8015006 | scholarmaxi #6                                     |     18 |       24 |              70.08
  2004002 | edu packimporto #2                                 |     18 |       31 |              68.31
  3001001 | amalgedu pack #2                                   |     17 |       38 |              68.28
  6011001 | amalgbrand #1                                      |      8 |       20 |              68.16
  1001001 | amalgamalg #1                                      |     17 |       51 |              68.04
  1001001 | amalgamalg #1                                      |     17 |       30 |              67.35
  9001005 | amalgedu pack #2                                   |     17 |       10 |              66.72
  1003002 | exportiamalg #2                                    |     19 |       27 |              64.78
  3001001 | amalgexporti #1                                    |      7 |       24 |              64.48
  3001001 | amalgedu pack #2                                   |     18 |       43 |              62.92
  6001001 | amalgcorp #1                                       |     19 |       53 |              60.48
  4002002 | importoedu pack #2                                 |     19 |       10 |              59.52
  4001001 | exportiexporti #2                                  |     18 |       24 |               59.4
  2003001 | amalgmaxi #6                                       |     18 |       40 |               58.4
  1004002 | edu packamalg #2                                   |     17 |       58 |              58.09
  1004002 | edu packamalg #2                                   |      9 |       15 |              57.63
  1001001 | amalgamalg #1                                      |     17 |       20 |              55.52
  5004001 | edu packunivamalg #6                               |     17 |       49 |              54.52
  4003001 | maxibrand #10                                      |      8 |       18 |              53.94
  8014001 | edu packmaxi #1                                    |     18 |       17 |              53.54
 10012003 | importoamalgamalg #3                               |     18 |       55 |              51.84
  4003001 | exportiedu pack #1                                 |     18 |       43 |              50.18
  5004002 | edu packscholar #2                                 |     18 |       11 |              49.98
  6004008 | edu packcorp #8                                    |      8 |        9 |              48.95
  6014003 | brandbrand #8                                      |     17 |       32 |              48.16
  9012002 | importounivamalg #2                                |     19 |       53 |              47.64
  4002001 | edu packedu pack #2                                |     18 |       23 |               47.4
  9005002 | scholarmaxi #2                                     |      9 |        3 |              47.32
  3003001 | exportiexporti #1                                  |      8 |       28 |              46.72
  8015006 | scholarmaxi #6                                     |     17 |        4 |              45.77
  8008001 | amalgexporti #2                                    |     18 |       47 |              45.28
  3003002 | exportiexporti #2                                  |     19 |       48 |               44.2
  6001008 | amalgcorp #8                                       |     18 |       59 |              43.56
  5004001 | edu packnameless #4                                |     18 |        8 |              43.12
  5004001 | edu packnameless #4                                |     17 |        2 |               42.3
  3002001 | exportiimporto #2                                  |      9 |       18 |              42.12
  8011001 | exportiamalg #2                                    |     19 |       19 |              41.58
 10009016 | amalgamalg #2                                      |     18 |        8 |               41.4
  4004002 | edu packedu pack #2                                |     18 |        5 |               40.3
  4003002 | exportiedu pack #2                                 |      8 |       34 |              39.77
  4003001 | exportiedu pack #1                                 |     17 |       28 |              39.75
  9005008 | scholarmaxi #8                                     |     18 |       24 |              39.65
  3001001 | amalgexporti #1                                    |     18 |       51 |              39.46
  1001002 | amalgamalg #2                                      |      9 |       11 |              36.48
  2004001 | exportiedu pack #2                                 |     19 |       10 |              36.36
  4001002 | amalgedu pack #2                                   |     17 |       15 |              35.54
  7010001 | univnameless #1                                    |     19 |       48 |               35.2
  5004002 | edu packscholar #2                                 |      8 |       30 |              34.51
  2002001 | importoimporto #1                                  |     17 |       17 |              33.48
 10003017 | exportiunivamalg #17                               |     18 |       54 |              32.94
  5003001 | exportischolar #1                                  |     17 |       46 |              32.67
  6014003 | brandbrand #8                                      |     17 |       11 |              31.98
  6015006 | scholarbrand #6                                    |      9 |       39 |              29.04
  1001002 | amalgamalg #2                                      |     19 |       42 |               28.8
  7007010 | brandbrand #10                                     |     18 |       56 |              26.16
  7002006 | importobrand #6                                    |     19 |       54 |                 26
 10004015 | edu packunivamalg #15                              |      7 |       16 |              25.76
  6008001 | namelesscorp #1                                    |     17 |       34 |               25.6
 10002010 | importounivamalg #10                               |     17 |       48 |               24.1
  8005002 | scholarnameless #2                                 |      9 |       15 |              22.71
  7002006 | importobrand #6                                    |      8 |       33 |              21.88
  4004002 | edu packedu pack #2                                |      8 |       34 |              21.42
 10006012 | corpunivamalg #12                                  |     17 |        8 |              20.25
  4002002 | importoedu pack #2                                 |     18 |       29 |               18.8
  5004002 | edu packscholar #2                                 |      8 |       33 |              17.52
  3003001 | exportiexporti #1                                  |      9 |       41 |              14.92
 10006009 | corpunivamalg #9                                   |     17 |       14 |              14.82
  6011001 | amalgbrand #1                                      |      6 |       58 |              14.46
  7002006 | importobrand #6                                    |     19 |       46 |              12.87
  3002002 | importoexporti #2                                  |      9 |       50 |              12.75
 10002010 | importounivamalg #10                               |      7 |       12 |              12.72
  6008001 | namelesscorp #1                                    |      8 |       38 |              12.09
  6001008 | amalgcorp #8                                       |     19 |       24 |              11.16
  7014008 | edu packnameless #8                                |      9 |       55 |               8.68
 10004005 | edu packunivamalg #5                               |     19 |        6 |               7.59
  5004002 | edu packscholar #2                                 |     17 |       17 |               6.96
  1001001 | amalgamalg #1                                      |      8 |       15 |               5.37
  2004001 | exportiedu pack #2                                 |      8 |       34 |               5.22
  1004001 | edu packamalg #1                                   |     17 |       52 |               5.16
  9001005 | amalgedu pack #2                                   |      9 |       48 |               4.24
  6012005 | importobrand #5                                    |      8 |       50 |               3.45
 10004005 | edu packunivamalg #5                               |     18 |       44 |               0.88
  4002001 | edu packedu pack #2                                |     17 |       35 |               0.24
  1002001 | importoamalg #1                                    |      6 |        1 |                  0
  1003002 | exportiamalg #2                                    |      6 |       57 |                  0
  3003001 | exportiexporti #1                                  |     18 |       52 |                  0
  6012005 | importobrand #5                                    |     19 |       21 |                  0
  6014002 | edu packbrand #2                                   |     19 |       55 |                  0
  8011001 | exportiamalg #2                                    |      8 |       22 |                  0
  9005002 | scholarmaxi #2                                     |     17 |       39 |                  0
  9006003 | corpmaxi #3                                        |      9 |       41 |                  0
 10009005 | maxiunivamalg #5                                   |      9 |       41 |                  0
(1065 rows)

UPDATE time_statistics SET e_time = TRANSACTION_TIMESTAMP() WHERE template = 'query71.tpl' AND stream = 6;
psql:/tmp/s1-basline/throughput/query_6.sql:4401: NOTICE:  duration: 0.105 ms  plan:
Query Text: UPDATE time_statistics SET e_time = TRANSACTION_TIMESTAMP() WHERE template = 'query71.tpl' AND stream = 6;
Update on time_statistics  (cost=0.00..21.46 rows=0 width=0) (actual time=0.105..0.105 rows=0 loops=1)
  ->  Seq Scan on time_statistics  (cost=0.00..21.46 rows=1 width=14) (actual time=0.091..0.091 rows=1 loops=1)
        Filter: ((template = 'query71.tpl'::text) AND (stream = 6))
        Rows Removed by Filter: 727
UPDATE 1
LOAD 'auto_explain'; SET auto_explain.log_min_duration TO 0; SET auto_explain.log_analyze TO on; SET auto_explain.log_level TO notice; INSERT INTO time_statistics (template, s_time, stream, query, seed) VALUES ('query30.tpl', TRANSACTION_TIMESTAMP(), 6, 86, 318035889);
LOAD
SET
SET
SET
psql:/tmp/s1-basline/throughput/query_6.sql:4402: NOTICE:  duration: 0.008 ms  plan:
Query Text: INSERT INTO time_statistics (template, s_time, stream, query, seed) VALUES ('query30.tpl', TRANSACTION_TIMESTAMP(), 6, 86, 318035889);
Insert on time_statistics  (cost=0.00..0.01 rows=0 width=0) (actual time=0.008..0.008 rows=0 loops=1)
  ->  Result  (cost=0.00..0.01 rows=1 width=64) (actual time=0.001..0.001 rows=1 loops=1)
INSERT 0 1
with customer_total_return as
 (select wr_returning_customer_sk as ctr_customer_sk
        ,ca_state as ctr_state, 
 	sum(wr_return_amt) as ctr_total_return
 from web_returns
     ,date_dim
     ,customer_address
 where wr_returned_date_sk = d_date_sk 
   and d_year =2001
   and wr_returning_addr_sk = ca_address_sk 
 group by wr_returning_customer_sk
         ,ca_state)
  select  c_customer_id,c_salutation,c_first_name,c_last_name,c_preferred_cust_flag
       ,c_birth_day,c_birth_month,c_birth_year,c_birth_country,c_login,c_email_address
       ,c_last_review_date_sk,ctr_total_return
 from customer_total_return ctr1
     ,customer_address
     ,customer
 where ctr1.ctr_total_return > (select avg(ctr_total_return)*1.2
 			  from customer_total_return ctr2 
                  	  where ctr1.ctr_state = ctr2.ctr_state)
       and ca_address_sk = c_current_addr_sk
       and ca_state = 'WV'
       and ctr1.ctr_customer_sk = c_customer_sk
 order by c_customer_id,c_salutation,c_first_name,c_last_name,c_preferred_cust_flag
                  ,c_birth_day,c_birth_month,c_birth_year,c_birth_country,c_login,c_email_address
                  ,c_last_review_date_sk,ctr_total_return
limit 100;
psql:/tmp/s1-basline/throughput/query_6.sql:4430: NOTICE:  duration: 14867.350 ms  plan:
Query Text: with customer_total_return as
 (select wr_returning_customer_sk as ctr_customer_sk
        ,ca_state as ctr_state, 
 	sum(wr_return_amt) as ctr_total_return
 from web_returns
     ,date_dim
     ,customer_address
 where wr_returned_date_sk = d_date_sk 
   and d_year =2001
   and wr_returning_addr_sk = ca_address_sk 
 group by wr_returning_customer_sk
         ,ca_state)
  select  c_customer_id,c_salutation,c_first_name,c_last_name,c_preferred_cust_flag
       ,c_birth_day,c_birth_month,c_birth_year,c_birth_country,c_login,c_email_address
       ,c_last_review_date_sk,ctr_total_return
 from customer_total_return ctr1
     ,customer_address
     ,customer
 where ctr1.ctr_total_return > (select avg(ctr_total_return)*1.2
 			  from customer_total_return ctr2 
                  	  where ctr1.ctr_state = ctr2.ctr_state)
       and ca_address_sk = c_current_addr_sk
       and ca_state = 'WV'
       and ctr1.ctr_customer_sk = c_customer_sk
 order by c_customer_id,c_salutation,c_first_name,c_last_name,c_preferred_cust_flag
                  ,c_birth_day,c_birth_month,c_birth_year,c_birth_country,c_login,c_email_address
                  ,c_last_review_date_sk,ctr_total_return
limit 100;
Limit  (cost=7757.22..7757.23 rows=2 width=226) (actual time=14867.280..14867.290 rows=52 loops=1)
  CTE customer_total_return
    ->  GroupAggregate  (cost=5043.97..5050.51 rows=327 width=19) (actual time=40.511..45.544 rows=12673 loops=1)
          Group Key: web_returns.wr_returning_customer_sk, customer_address_1.ca_state
          ->  Sort  (cost=5043.97..5044.78 rows=327 width=19) (actual time=40.503..41.221 rows=12841 loops=1)
                Sort Key: web_returns.wr_returning_customer_sk, customer_address_1.ca_state
                Sort Method: quicksort  Memory: 1182kB
                ->  Nested Loop  (cost=0.58..5030.31 rows=327 width=19) (actual time=3.979..37.407 rows=12841 loops=1)
                      ->  Nested Loop  (cost=0.29..4918.50 rows=342 width=24) (actual time=3.973..17.553 rows=13133 loops=1)
                            ->  Seq Scan on date_dim  (cost=0.00..2318.11 rows=363 width=8) (actual time=3.966..8.824 rows=365 loops=1)
                                  Filter: (d_year = 2001)
                                  Rows Removed by Filter: 72684
                            ->  Index Scan using i_wr_returned_date_sk on web_returns  (cost=0.29..6.83 rows=33 width=32) (actual time=0.001..0.019 rows=36 loops=365)
                                  Index Cond: (wr_returned_date_sk = date_dim.d_date_sk)
                      ->  Index Scan using pk_customer_address on customer_address customer_address_1  (cost=0.29..0.33 rows=1 width=11) (actual time=0.001..0.001 rows=1 loops=13133)
                            Index Cond: (ca_address_sk = web_returns.wr_returning_addr_sk)
  ->  Sort  (cost=2706.72..2706.72 rows=2 width=226) (actual time=14867.280..14867.283 rows=52 loops=1)
        Sort Key: customer.c_customer_id, customer.c_salutation, customer.c_first_name, customer.c_last_name, customer.c_preferred_cust_flag, customer.c_birth_day, customer.c_birth_month, customer.c_birth_year, customer.c_birth_country, customer.c_login, customer.c_email_address, customer.c_last_review_date_sk, ctr1.ctr_total_return
        Sort Method: quicksort  Memory: 38kB
        ->  Nested Loop  (cost=0.58..2706.71 rows=2 width=226) (actual time=332.103..14867.174 rows=52 loops=1)
              ->  Nested Loop  (cost=0.29..2671.39 rows=109 width=234) (actual time=48.623..14860.239 rows=3171 loops=1)
                    ->  CTE Scan on customer_total_return ctr1  (cost=0.00..2419.80 rows=109 width=16) (actual time=48.612..14850.917 rows=3188 loops=1)
                          Filter: (ctr_total_return > (SubPlan 2))
                          Rows Removed by Filter: 9485
                          SubPlan 2
                            ->  Aggregate  (cost=7.37..7.38 rows=1 width=8) (actual time=1.168..1.168 rows=1 loops=12673)
                                  ->  CTE Scan on customer_total_return ctr2  (cost=0.00..7.36 rows=2 width=8) (actual time=0.029..1.140 rows=372 loops=12673)
                                        Filter: (ctr1.ctr_state = ctr_state)
                                        Rows Removed by Filter: 12301
                    ->  Index Scan using pk_customer on customer  (cost=0.29..2.31 rows=1 width=234) (actual time=0.002..0.002 rows=1 loops=3188)
                          Index Cond: (c_customer_sk = ctr1.ctr_customer_sk)
              ->  Index Scan using pk_customer_address on customer_address  (cost=0.29..0.32 rows=1 width=8) (actual time=0.002..0.002 rows=0 loops=3171)
                    Index Cond: (ca_address_sk = customer.c_current_addr_sk)
                    Filter: (ca_state = 'WV'::bpchar)
                    Rows Removed by Filter: 1
  c_customer_id   | c_salutation |     c_first_name     |          c_last_name           | c_preferred_cust_flag | c_birth_day | c_birth_month | c_birth_year | c_birth_country  | c_login |                  c_email_address                   | c_last_review_date_sk | ctr_total_return 
------------------+--------------+----------------------+--------------------------------+-----------------------+-------------+---------------+--------------+------------------+---------+----------------------------------------------------+-----------------------+------------------
 AAAAAAAAABPAAAAA | Dr.          | Paul                 | Davis                          | Y                     |          18 |             3 |         1991 | MARSHALL ISLANDS |         | Paul.Davis@4s.edu                                  |               2452294 |          3274.25
 AAAAAAAAAEPIAAAA | Dr.          | Julie                | Reilly                         | Y                     |          20 |             9 |         1968 | DENMARK          |         | Julie.Reilly@u4.org                                |               2452403 |           3913.6
 AAAAAAAAAKABAAAA | Sir          | Matthew              | Gardner                        | N                     |          13 |            12 |         1969 | BARBADOS         |         | Matthew.Gardner@uJrbNU6S.com                       |               2452619 |          1881.44
 AAAAAAAABEBGBAAA | Dr.          | Dorothy              | Caudle                         | N                     |          24 |             5 |         1943 | CHINA            |         | Dorothy.Caudle@p69xxXQsy3D.com                     |               2452575 |           6079.5
 AAAAAAAABIOLAAAA | Dr.          | Dennis               | Saldivar                       | N                     |          11 |             9 |         1945 | ANGOLA           |         | Dennis.Saldivar@M3TR59.com                         |               2452423 |           4449.5
 AAAAAAAACJMKAAAA | Mrs.         | Susan                | Erickson                       | Y                     |           8 |            12 |         1968 | NEW ZEALAND      |         | Susan.Erickson@VUoBHA4E.com                        |               2452304 |          12128.6
 AAAAAAAACLGGAAAA | Mr.          | Craig                | Morales                        | N                     |           9 |            10 |         1991 | UZBEKISTAN       |         | Craig.Morales@dE3DTRS7zPmt.edu                     |               2452634 |           2158.8
 AAAAAAAACLOPAAAA | Mrs.         | Marjorie             | Franks                         | Y                     |          28 |             6 |         1958 | URUGUAY          |         | Marjorie.Franks@7ZNyAGsRd.edu                      |               2452639 |          1737.28
 AAAAAAAACPNFBAAA | Mr.          | Richard              | Rodriguez                      | N                     |          27 |            11 |         1939 | BOTSWANA         |         | Richard.Rodriguez@NdBB2dL22G.com                   |               2452493 |          3051.62
 AAAAAAAADGAEBAAA | Dr.          | Christina            | Nelson                         | N                     |          28 |             9 |         1983 | KIRIBATI         |         | Christina.Nelson@SLKpzJlO0.com                     |               2452497 |           6983.2
 AAAAAAAADHGGBAAA | Dr.          | Nick                 | Barnes                         | Y                     |          14 |             5 |         1933 | SAINT LUCIA      |         | Nick.Barnes@7M8gqq6ET4.edu                         |               2452487 |          3068.16
 AAAAAAAADMHNAAAA | Mrs.         | April                | Gordon                         | Y                     |          19 |             5 |         1959 | NEPAL            |         | April.Gordon@aNQS.edu                              |               2452582 |          2460.87
 AAAAAAAAECEHAAAA | Mr.          | John                 | Gist                           | Y                     |          23 |             8 |         1947 | ERITREA          |         | John.Gist@h.org                                    |               2452509 |          2991.08
 AAAAAAAAECIHBAAA | Miss         | Consuelo             | Maynard                        | Y                     |          12 |             1 |         1927 | GUERNSEY         |         | Consuelo.Maynard@ef7tiz4JrNBesLlpV.org             |               2452632 |            12816
 AAAAAAAAECNABAAA | Ms.          | Deborah              | Peters                         | Y                     |          30 |             8 |         1938 | KUWAIT           |         | Deborah.Peters@kAASV5r8Aa.com                      |               2452498 |         10017.27
 AAAAAAAAEHBJAAAA | Mr.          | Jospeh               | Mosley                         | N                     |           2 |             1 |         1928 | TIMOR-LESTE      |         | Jospeh.Mosley@ELdIfymZbiEevc.org                   |               2452575 |          3980.31
 AAAAAAAAEHCMAAAA | Ms.          | Cynthia              | Bell                           | Y                     |          19 |             3 |         1935 | SWEDEN           |         | Cynthia.Bell@jPpxMHhlp.org                         |               2452503 |           6897.6
 AAAAAAAAGDBHAAAA | Mr.          | James                | Robles                         | N                     |          23 |             6 |         1986 | ETHIOPIA         |         | James.Robles@Pm3j.com                              |               2452303 |          4087.48
 AAAAAAAAHEOFAAAA | Dr.          | Elaine               | Rivera                         | Y                     |           9 |             5 |         1990 | GUAM             |         | Elaine.Rivera@i3EHdd1tT8e9TP1.org                  |               2452333 |          5380.76
 AAAAAAAAHFLLAAAA |              | Karen                | Parham                         |                       |             |             3 |         1975 |                  |         | Karen.Parham@3cj2NhuR5.com                         |               2452360 |          2047.04
 AAAAAAAAHIFNAAAA | Ms.          | Ruth                 | Meyers                         | Y                     |          24 |             9 |         1961 | WESTERN SAHARA   |         | Ruth.Meyers@XjEEm8o7h95.org                        |               2452386 |          3005.42
 AAAAAAAAHNJFBAAA | Ms.          | Barbara              | Hoyt                           | Y                     |          31 |             8 |         1949 | NORFOLK ISLAND   |         | Barbara.Hoyt@un4.com                               |               2452474 |          1607.34
 AAAAAAAAHNLAAAAA | Mrs.         | Rebecca              | Gooch                          | Y                     |          16 |             7 |         1978 | ANGOLA           |         | Rebecca.Gooch@HUo.org                              |               2452444 |          2162.94
 AAAAAAAAIDFDBAAA | Sir          | Dwight               | Thompson                       | N                     |          26 |            12 |         1933 | ZAMBIA           |         | Dwight.Thompson@nrO6PXEs1GyMCi.edu                 |               2452513 |          1930.05
 AAAAAAAAIEABBAAA | Mr.          | Jason                | Robertson                      | N                     |          20 |             3 |         1986 | FINLAND          |         | Jason.Robertson@LUPGbd.edu                         |               2452287 |           1658.7
 AAAAAAAAIHGHBAAA | Mrs.         | Kathrine             | Moss                           | Y                     |           7 |            10 |         1941 | TIMOR-LESTE      |         | Kathrine.Moss@JL2zIN5Evg.com                       |               2452568 |          2143.96
 AAAAAAAAIMDGBAAA | Mr.          | Timothy              | Gonzalez                       | Y                     |           8 |            11 |         1968 | NIGERIA          |         | Timothy.Gonzalez@69X04MsdpUMM9.edu                 |               2452329 |          6088.95
 AAAAAAAAIMNLAAAA | Ms.          | Katherine            | Miles                          | Y                     |          13 |             2 |         1982 | BRAZIL           |         | Katherine.Miles@b2p73yFL4Ly2.org                   |               2452369 |           6957.1
 AAAAAAAAJFOLAAAA | Mrs.         | Pamela               | Torres                         | N                     |          18 |            12 |         1950 | MALDIVES         |         | Pamela.Torres@I305.org                             |               2452534 |          1781.28
 AAAAAAAAJLAIBAAA | Sir          | Herbert              | Ward                           | Y                     |           3 |             8 |         1984 | NAURU            |         | Herbert.Ward@Q0vlzzYI3dc.com                       |               2452595 |          2284.95
 AAAAAAAAJOHLAAAA | Mr.          | Roger                | Palmer                         | N                     |          20 |             8 |         1972 | ANTARCTICA       |         | Roger.Palmer@q2LLgsZr0UhPGzxKFU.com                |               2452303 |          2041.36
 AAAAAAAAJOIBAAAA | Dr.          | Michael              | Watson                         | Y                     |           9 |             7 |         1983 | CAMEROON         |         | Michael.Watson@C8HHnfqxiH2f.edu                    |               2452478 |           3861.7
 AAAAAAAALAMGAAAA | Ms.          | Teresa               | Forbes                         | N                     |          31 |             1 |         1983 | FRANCE           |         | Teresa.Forbes@MViC35fFAl.edu                       |               2452508 |          3398.15
 AAAAAAAALCBJAAAA | Mrs.         | Marie                | Stephens                       | Y                     |           2 |             6 |         1966 | QATAR            |         | Marie.Stephens@bDV2BJ4tR.org                       |               2452338 |          3956.04
 AAAAAAAAMBJFBAAA | Miss         | Judy                 | Davis                          | N                     |          18 |            10 |         1933 | IRELAND          |         | Judy.Davis@ueDgiI3TACX.com                         |               2452300 |           3686.2
 AAAAAAAAMFPAAAAA | Dr.          | Bob                  | Jackson                        | N                     |           3 |            11 |         1934 | NAURU            |         | Bob.Jackson@tL5KZ7cUfYq.org                        |               2452292 |          2179.65
 AAAAAAAAMHPIAAAA | Ms.          | Rosie                | Booker                         | Y                     |          17 |            12 |         1932 | ERITREA          |         | Rosie.Booker@nsNQBtZfVGFEj.org                     |               2452370 |          3168.48
 AAAAAAAANCBNAAAA |              |                      | Beaudoin                       | N                     |             |             1 |              | FIJI             |         | Cheryl.Beaudoin@A6yyFHOdt.com                      |                       |          6004.36
 AAAAAAAANPFFBAAA | Miss         | Ashley               | Johnson                        | N                     |          29 |            12 |         1927 | SWITZERLAND      |         | Ashley.Johnson@sCDLzvoiug.edu                      |               2452331 |          3817.26
 AAAAAAAAOCPEAAAA | Mr.          | Jerome               | Manuel                         | N                     |          15 |            10 |         1981 | ERITREA          |         | Jerome.Manuel@UflrOS3J8qTlM7LMeMN.edu              |               2452450 |          5267.75
 AAAAAAAAODPCAAAA | Mr.          | Manuel               | Sawyer                         | Y                     |           8 |            12 |         1986 | PARAGUAY         |         | Manuel.Sawyer@7kVp4qblaahzOC.edu                   |               2452493 |          2434.85
 AAAAAAAAOIECAAAA | Mrs.         | Marti                | Hess                           | N                     |          10 |             4 |         1949 | GEORGIA          |         | Marti.Hess@EeS8I7ASnaAG27aem.org                   |               2452327 |           2752.8
 AAAAAAAAOLDHAAAA | Dr.          | Josephine            | Child                          | N                     |           3 |             7 |         1934 | TIMOR-LESTE      |         | Josephine.Child@71QXrLyu.org                       |               2452391 |          2776.29
 AAAAAAAAOMCGBAAA | Miss         | Delicia              | Lee                            | Y                     |          28 |             7 |         1935 | MALI             |         | Delicia.Lee@qKsAaDsmkeC43aCc.org                   |               2452530 |          7668.19
 AAAAAAAAOMFBAAAA | Dr.          | Robert               | Rogers                         | Y                     |           5 |             2 |         1968 | NORWAY           |         | Robert.Rogers@9PlySRKh.edu                         |               2452565 |           7375.9
 AAAAAAAAPAKLAAAA | Dr.          | Brian                | Salisbury                      | Y                     |           4 |             5 |         1977 | LIBERIA          |         | Brian.Salisbury@Ag8nId4JTMMX8GVRh.org              |               2452496 |          3960.19
 AAAAAAAAPDFKAAAA | Mrs.         | Pauline              | Ramos                          | N                     |           5 |             5 |         1928 | TUVALU           |         | Pauline.Ramos@dDkADmjIj4qYSm.edu                   |               2452327 |          1880.55
 AAAAAAAAPGFEAAAA | Dr.          | Helena               | Stewart                        | N                     |           4 |             3 |         1955 | SIERRA LEONE     |         | Helena.Stewart@VpyEj7AgbQDm.org                    |               2452644 |          3150.08
 AAAAAAAAPKPDBAAA | Dr.          | Anthony              | Dowd                           | Y                     |          30 |             8 |         1950 | HAITI            |         | Anthony.Dowd@7EfZBypIFYA767.edu                    |               2452632 |          5297.16
 AAAAAAAAPOGAAAAA | Sir          | John                 | Hood                           | N                     |          19 |             1 |         1985 | UKRAINE          |         | John.Hood@EdCE9RdUhQYTz.edu                        |               2452514 |           1947.2
 AAAAAAAAPOJDAAAA | Sir          | Dillon               | Lewis                          | N                     |          29 |             6 |         1958 | TOKELAU          |         | Dillon.Lewis@BqRBTGm5jgq.com                       |               2452559 |             7668
 AAAAAAAAPOKLAAAA | Mr.          | William              | Pollard                        | Y                     |          27 |             4 |         1957 | JORDAN           |         | William.Pollard@mFZIN5slizKyQjjxgiCF.org           |               2452511 |           1881.6
(52 rows)

UPDATE time_statistics SET e_time = TRANSACTION_TIMESTAMP() WHERE template = 'query30.tpl' AND stream = 6;
psql:/tmp/s1-basline/throughput/query_6.sql:4432: NOTICE:  duration: 0.105 ms  plan:
Query Text: UPDATE time_statistics SET e_time = TRANSACTION_TIMESTAMP() WHERE template = 'query30.tpl' AND stream = 6;
Update on time_statistics  (cost=0.00..21.46 rows=0 width=0) (actual time=0.104..0.105 rows=0 loops=1)
  ->  Seq Scan on time_statistics  (cost=0.00..21.46 rows=1 width=14) (actual time=0.091..0.091 rows=1 loops=1)
        Filter: ((template = 'query30.tpl'::text) AND (stream = 6))
        Rows Removed by Filter: 728
UPDATE 1
LOAD 'auto_explain'; SET auto_explain.log_min_duration TO 0; SET auto_explain.log_analyze TO on; SET auto_explain.log_level TO notice; INSERT INTO time_statistics (template, s_time, stream, query, seed) VALUES ('query1.tpl', TRANSACTION_TIMESTAMP(), 6, 87, 810522227);
LOAD
SET
SET
SET
psql:/tmp/s1-basline/throughput/query_6.sql:4433: NOTICE:  duration: 0.009 ms  plan:
Query Text: INSERT INTO time_statistics (template, s_time, stream, query, seed) VALUES ('query1.tpl', TRANSACTION_TIMESTAMP(), 6, 87, 810522227);
Insert on time_statistics  (cost=0.00..0.01 rows=0 width=0) (actual time=0.008..0.008 rows=0 loops=1)
  ->  Result  (cost=0.00..0.01 rows=1 width=64) (actual time=0.001..0.001 rows=1 loops=1)
INSERT 0 1
with customer_total_return as
(select sr_customer_sk as ctr_customer_sk
,sr_store_sk as ctr_store_sk
,sum(SR_RETURN_AMT_INC_TAX) as ctr_total_return
from store_returns
,date_dim
where sr_returned_date_sk = d_date_sk
and d_year =2000
group by sr_customer_sk
,sr_store_sk)
 select  c_customer_id
from customer_total_return ctr1
,store
,customer
where ctr1.ctr_total_return > (select avg(ctr_total_return)*1.2
from customer_total_return ctr2
where ctr1.ctr_store_sk = ctr2.ctr_store_sk)
and s_store_sk = ctr1.ctr_store_sk
and s_state = 'TN'
and ctr1.ctr_customer_sk = c_customer_sk
order by c_customer_id
limit 100;
psql:/tmp/s1-basline/throughput/query_6.sql:4455: NOTICE:  duration: 198956.019 ms  plan:
Query Text: with customer_total_return as
(select sr_customer_sk as ctr_customer_sk
,sr_store_sk as ctr_store_sk
,sum(SR_RETURN_AMT_INC_TAX) as ctr_total_return
from store_returns
,date_dim
where sr_returned_date_sk = d_date_sk
and d_year =2000
group by sr_customer_sk
,sr_store_sk)
 select  c_customer_id
from customer_total_return ctr1
,store
,customer
where ctr1.ctr_total_return > (select avg(ctr_total_return)*1.2
from customer_total_return ctr2
where ctr1.ctr_store_sk = ctr2.ctr_store_sk)
and s_store_sk = ctr1.ctr_store_sk
and s_state = 'TN'
and ctr1.ctr_customer_sk = c_customer_sk
order by c_customer_id
limit 100;
Limit  (cost=54658.63..54658.70 rows=28 width=17) (actual time=198955.988..198956.002 rows=100 loops=1)
  CTE customer_total_return
    ->  GroupAggregate  (cost=11381.43..11409.09 rows=1383 width=24) (actual time=60.905..79.105 rows=49572 loops=1)
          Group Key: store_returns.sr_customer_sk, store_returns.sr_store_sk
          ->  Sort  (cost=11381.43..11384.89 rows=1383 width=24) (actual time=60.898..63.764 rows=55233 loops=1)
                Sort Key: store_returns.sr_customer_sk, store_returns.sr_store_sk
                Sort Method: quicksort  Memory: 4966kB
                ->  Nested Loop  (cost=0.42..11309.28 rows=1383 width=24) (actual time=3.992..46.203 rows=55233 loops=1)
                      ->  Seq Scan on date_dim  (cost=0.00..2318.11 rows=363 width=8) (actual time=3.976..8.203 rows=366 loops=1)
                            Filter: (d_year = 2000)
                            Rows Removed by Filter: 72683
                      ->  Index Scan using i_sr_returned_date_sk on store_returns  (cost=0.42..23.37 rows=140 width=32) (actual time=0.003..0.083 rows=151 loops=366)
                            Index Cond: (sr_returned_date_sk = date_dim.d_date_sk)
  ->  Sort  (cost=43249.54..43249.61 rows=28 width=17) (actual time=198955.988..198955.993 rows=100 loops=1)
        Sort Key: customer.c_customer_id
        Sort Method: top-N heapsort  Memory: 38kB
        ->  Nested Loop  (cost=0.29..43248.87 rows=28 width=17) (actual time=96.205..198947.862 rows=12748 loops=1)
              ->  Nested Loop  (cost=0.00..43195.42 rows=28 width=8) (actual time=96.192..198916.798 rows=12754 loops=1)
                    Join Filter: (ctr1.ctr_store_sk = store.s_store_sk)
                    Rows Removed by Join Filter: 55523
                    ->  CTE Scan on customer_total_return ctr1  (cost=0.00..43111.57 rows=461 width=16) (actual time=96.178..198907.568 rows=12754 loops=1)
                          Filter: (ctr_total_return > (SubPlan 2))
                          Rows Removed by Filter: 36818
                          SubPlan 2
                            ->  Aggregate  (cost=31.14..31.15 rows=1 width=8) (actual time=4.011..4.011 rows=1 loops=49572)
                                  ->  CTE Scan on customer_total_return ctr2  (cost=0.00..31.12 rows=7 width=8) (actual time=0.029..3.437 rows=7950 loops=49572)
                                        Filter: (ctr1.ctr_store_sk = ctr_store_sk)
                                        Rows Removed by Filter: 41622
                    ->  Materialize  (cost=0.00..1.21 rows=12 width=8) (actual time=0.000..0.000 rows=5 loops=12754)
                          ->  Seq Scan on store  (cost=0.00..1.15 rows=12 width=8) (actual time=0.011..0.015 rows=12 loops=1)
                                Filter: (s_state = 'TN'::bpchar)
              ->  Index Scan using pk_customer on customer  (cost=0.29..1.91 rows=1 width=25) (actual time=0.002..0.002 rows=1 loops=12754)
                    Index Cond: (c_customer_sk = ctr1.ctr_customer_sk)
  c_customer_id   
------------------
 AAAAAAAAAAABAAAA
 AAAAAAAAAAACAAAA
 AAAAAAAAAAACBAAA
 AAAAAAAAAABFAAAA
 AAAAAAAAAACFAAAA
 AAAAAAAAAADEAAAA
 AAAAAAAAAADLAAAA
 AAAAAAAAAADLAAAA
 AAAAAAAAAAEAAAAA
 AAAAAAAAAAEHBAAA
 AAAAAAAAAAEHBAAA
 AAAAAAAAAAFBBAAA
 AAAAAAAAAAFEAAAA
 AAAAAAAAAAFIBAAA
 AAAAAAAAAAFJAAAA
 AAAAAAAAAAGCAAAA
 AAAAAAAAAAGFAAAA
 AAAAAAAAAAGKAAAA
 AAAAAAAAAAGMAAAA
 AAAAAAAAAAHABAAA
 AAAAAAAAAAHCBAAA
 AAAAAAAAAAHCBAAA
 AAAAAAAAAAHEBAAA
 AAAAAAAAAAHEBAAA
 AAAAAAAAAAHGAAAA
 AAAAAAAAAAICBAAA
 AAAAAAAAAAIGAAAA
 AAAAAAAAAAIIAAAA
 AAAAAAAAAAJJAAAA
 AAAAAAAAAAKAAAAA
 AAAAAAAAAAKABAAA
 AAAAAAAAAAKFBAAA
 AAAAAAAAAALBAAAA
 AAAAAAAAAALOAAAA
 AAAAAAAAAAMDBAAA
 AAAAAAAAAAMJAAAA
 AAAAAAAAAAMPAAAA
 AAAAAAAAAANABAAA
 AAAAAAAAAANLAAAA
 AAAAAAAAAAOBBAAA
 AAAAAAAAAAOGBAAA
 AAAAAAAAAAOGBAAA
 AAAAAAAAAAOKAAAA
 AAAAAAAAAAOMAAAA
 AAAAAAAAAAPFAAAA
 AAAAAAAAAAPGAAAA
 AAAAAAAAAAPMAAAA
 AAAAAAAAAAPNAAAA
 AAAAAAAAABBCBAAA
 AAAAAAAAABBDAAAA
 AAAAAAAAABBHAAAA
 AAAAAAAAABCLAAAA
 AAAAAAAAABCOAAAA
 AAAAAAAAABDDAAAA
 AAAAAAAAABDKAAAA
 AAAAAAAAABDLAAAA
 AAAAAAAAABEABAAA
 AAAAAAAAABEEBAAA
 AAAAAAAAABEIBAAA
 AAAAAAAAABFAAAAA
 AAAAAAAAABGCAAAA
 AAAAAAAAABHCAAAA
 AAAAAAAAABHCAAAA
 AAAAAAAAABHCBAAA
 AAAAAAAAABHDAAAA
 AAAAAAAAABHIAAAA
 AAAAAAAAABHJAAAA
 AAAAAAAAABHOAAAA
 AAAAAAAAABIABAAA
 AAAAAAAAABIBBAAA
 AAAAAAAAABIFBAAA
 AAAAAAAAABIJAAAA
 AAAAAAAAABIJAAAA
 AAAAAAAAABJAAAAA
 AAAAAAAAABJGAAAA
 AAAAAAAAABJGAAAA
 AAAAAAAAABKCBAAA
 AAAAAAAAABKEBAAA
 AAAAAAAAABLGAAAA
 AAAAAAAAABLHBAAA
 AAAAAAAAABLKAAAA
 AAAAAAAAABLNAAAA
 AAAAAAAAABMBBAAA
 AAAAAAAAABMCBAAA
 AAAAAAAAABMGBAAA
 AAAAAAAAABMJAAAA
 AAAAAAAAABMNAAAA
 AAAAAAAAABMPAAAA
 AAAAAAAAABNFBAAA
 AAAAAAAAABNGBAAA
 AAAAAAAAABNHBAAA
 AAAAAAAAABPOAAAA
 AAAAAAAAACADBAAA
 AAAAAAAAACAEAAAA
 AAAAAAAAACBABAAA
 AAAAAAAAACBCBAAA
 AAAAAAAAACBEBAAA
 AAAAAAAAACBJAAAA
 AAAAAAAAACCGAAAA
 AAAAAAAAACDFAAAA
(100 rows)

UPDATE time_statistics SET e_time = TRANSACTION_TIMESTAMP() WHERE template = 'query1.tpl' AND stream = 6;
psql:/tmp/s1-basline/throughput/query_6.sql:4457: NOTICE:  duration: 0.096 ms  plan:
Query Text: UPDATE time_statistics SET e_time = TRANSACTION_TIMESTAMP() WHERE template = 'query1.tpl' AND stream = 6;
Update on time_statistics  (cost=0.00..22.07 rows=0 width=0) (actual time=0.096..0.096 rows=0 loops=1)
  ->  Seq Scan on time_statistics  (cost=0.00..22.07 rows=1 width=14) (actual time=0.082..0.083 rows=1 loops=1)
        Filter: ((template = 'query1.tpl'::text) AND (stream = 6))
        Rows Removed by Filter: 739
UPDATE 1
LOAD 'auto_explain'; SET auto_explain.log_min_duration TO 0; SET auto_explain.log_analyze TO on; SET auto_explain.log_level TO notice; INSERT INTO time_statistics (template, s_time, stream, query, seed) VALUES ('query81.tpl', TRANSACTION_TIMESTAMP(), 6, 88, 2105507423);
LOAD
SET
SET
SET
psql:/tmp/s1-basline/throughput/query_6.sql:4458: NOTICE:  duration: 0.032 ms  plan:
Query Text: INSERT INTO time_statistics (template, s_time, stream, query, seed) VALUES ('query81.tpl', TRANSACTION_TIMESTAMP(), 6, 88, 2105507423);
Insert on time_statistics  (cost=0.00..0.01 rows=0 width=0) (actual time=0.031..0.031 rows=0 loops=1)
  ->  Result  (cost=0.00..0.01 rows=1 width=64) (actual time=0.001..0.001 rows=1 loops=1)
INSERT 0 1
with customer_total_return as
 (select cr_returning_customer_sk as ctr_customer_sk
        ,ca_state as ctr_state, 
 	sum(cr_return_amt_inc_tax) as ctr_total_return
 from catalog_returns
     ,date_dim
     ,customer_address
 where cr_returned_date_sk = d_date_sk 
   and d_year =2001
   and cr_returning_addr_sk = ca_address_sk 
 group by cr_returning_customer_sk
         ,ca_state )
  select  c_customer_id,c_salutation,c_first_name,c_last_name,ca_street_number,ca_street_name
                   ,ca_street_type,ca_suite_number,ca_city,ca_county,ca_state,ca_zip,ca_country,ca_gmt_offset
                  ,ca_location_type,ctr_total_return
 from customer_total_return ctr1
     ,customer_address
     ,customer
 where ctr1.ctr_total_return > (select avg(ctr_total_return)*1.2
 			  from customer_total_return ctr2 
                  	  where ctr1.ctr_state = ctr2.ctr_state)
       and ca_address_sk = c_current_addr_sk
       and ca_state = 'NE'
       and ctr1.ctr_customer_sk = c_customer_sk
 order by c_customer_id,c_salutation,c_first_name,c_last_name,ca_street_number,ca_street_name
                   ,ca_street_type,ca_suite_number,ca_city,ca_county,ca_state,ca_zip,ca_country,ca_gmt_offset
                  ,ca_location_type,ctr_total_return
 limit 100;
psql:/tmp/s1-basline/throughput/query_6.sql:4486: NOTICE:  duration: 69476.802 ms  plan:
Query Text: with customer_total_return as
 (select cr_returning_customer_sk as ctr_customer_sk
        ,ca_state as ctr_state, 
 	sum(cr_return_amt_inc_tax) as ctr_total_return
 from catalog_returns
     ,date_dim
     ,customer_address
 where cr_returned_date_sk = d_date_sk 
   and d_year =2001
   and cr_returning_addr_sk = ca_address_sk 
 group by cr_returning_customer_sk
         ,ca_state )
  select  c_customer_id,c_salutation,c_first_name,c_last_name,ca_street_number,ca_street_name
                   ,ca_street_type,ca_suite_number,ca_city,ca_county,ca_state,ca_zip,ca_country,ca_gmt_offset
                  ,ca_location_type,ctr_total_return
 from customer_total_return ctr1
     ,customer_address
     ,customer
 where ctr1.ctr_total_return > (select avg(ctr_total_return)*1.2
 			  from customer_total_return ctr2 
                  	  where ctr1.ctr_state = ctr2.ctr_state)
       and ca_address_sk = c_current_addr_sk
       and ca_state = 'NE'
       and ctr1.ctr_customer_sk = c_customer_sk
 order by c_customer_id,c_salutation,c_first_name,c_last_name,ca_street_number,ca_street_name
                   ,ca_street_type,ca_suite_number,ca_city,ca_county,ca_state,ca_zip,ca_country,ca_gmt_offset
                  ,ca_location_type,ctr_total_return
 limit 100;
Limit  (cost=16474.85..16474.87 rows=7 width=215) (actual time=69476.664..69476.679 rows=100 loops=1)
  CTE customer_total_return
    ->  GroupAggregate  (cost=4669.41..4683.51 rows=705 width=19) (actual time=73.769..84.724 rows=27429 loops=1)
          Group Key: catalog_returns.cr_returning_customer_sk, customer_address_1.ca_state
          ->  Sort  (cost=4669.41..4671.17 rows=705 width=19) (actual time=73.762..75.482 rows=27953 loops=1)
                Sort Key: catalog_returns.cr_returning_customer_sk, customer_address_1.ca_state
                Sort Method: quicksort  Memory: 2504kB
                ->  Nested Loop  (cost=0.58..4636.06 rows=705 width=19) (actual time=4.055..66.697 rows=27953 loops=1)
                      ->  Nested Loop  (cost=0.29..4407.70 rows=720 width=24) (actual time=4.049..25.055 rows=28523 loops=1)
                            ->  Seq Scan on date_dim  (cost=0.00..2318.11 rows=363 width=8) (actual time=4.040..8.509 rows=365 loops=1)
                                  Filter: (d_year = 2001)
                                  Rows Removed by Filter: 72684
                            ->  Index Scan using i_cr_returned_date_sk on catalog_returns  (cost=0.29..5.04 rows=72 width=32) (actual time=0.002..0.032 rows=78 loops=365)
                                  Index Cond: (cr_returned_date_sk = date_dim.d_date_sk)
                      ->  Index Scan using pk_customer_address on customer_address customer_address_1  (cost=0.29..0.32 rows=1 width=11) (actual time=0.001..0.001 rows=1 loops=28523)
                            Index Cond: (ca_address_sk = catalog_returns.cr_returning_addr_sk)
  ->  Sort  (cost=11791.34..11791.36 rows=7 width=215) (actual time=69476.664..69476.669 rows=100 loops=1)
        Sort Key: customer.c_customer_id, customer.c_salutation, customer.c_first_name, customer.c_last_name, customer_address.ca_street_number, customer_address.ca_street_name, customer_address.ca_street_type, customer_address.ca_suite_number, customer_address.ca_city, customer_address.ca_county, customer_address.ca_zip, customer_address.ca_country, customer_address.ca_gmt_offset, customer_address.ca_location_type, ctr1.ctr_total_return
        Sort Method: quicksort  Memory: 73kB
        ->  Nested Loop  (cost=0.58..11791.24 rows=7 width=215) (actual time=106.971..69476.191 rows=181 loops=1)
              ->  Nested Loop  (cost=0.29..11715.10 rows=235 width=96) (actual time=106.965..69460.618 rows=6712 loops=1)
                    ->  CTE Scan on customer_total_return ctr1  (cost=0.00..11216.55 rows=235 width=16) (actual time=106.952..69441.632 rows=6737 loops=1)
                          Filter: (ctr_total_return > (SubPlan 2))
                          Rows Removed by Filter: 20692
                          SubPlan 2
                            ->  Aggregate  (cost=15.87..15.89 rows=1 width=8) (actual time=2.528..2.528 rows=1 loops=27429)
                                  ->  CTE Scan on customer_total_return ctr2  (cost=0.00..15.86 rows=4 width=8) (actual time=0.056..2.467 rows=806 loops=27429)
                                        Filter: (ctr1.ctr_state = ctr_state)
                                        Rows Removed by Filter: 26623
                    ->  Index Scan using pk_customer on customer  (cost=0.29..2.12 rows=1 width=96) (actual time=0.002..0.002 rows=1 loops=6737)
                          Index Cond: (c_customer_sk = ctr1.ctr_customer_sk)
              ->  Index Scan using pk_customer_address on customer_address  (cost=0.29..0.32 rows=1 width=135) (actual time=0.002..0.002 rows=0 loops=6712)
                    Index Cond: (ca_address_sk = customer.c_current_addr_sk)
                    Filter: (ca_state = 'NE'::bpchar)
                    Rows Removed by Filter: 1
  c_customer_id   | c_salutation |     c_first_name     |          c_last_name           | ca_street_number | ca_street_name  | ca_street_type  | ca_suite_number |     ca_city     |      ca_county      | ca_state |   ca_zip   |  ca_country   | ca_gmt_offset |   ca_location_type   |  ctr_total_return  
------------------+--------------+----------------------+--------------------------------+------------------+-----------------+-----------------+-----------------+-----------------+---------------------+----------+------------+---------------+---------------+----------------------+--------------------
 AAAAAAAAAAICBAAA | Ms.          | Alyssa               | Welch                          | 972              | Maple           | ST              | Suite F         | Red Hill        | Johnson County      | NE       | 64338      | United States |            -7 | apartment            |            7437.66
 AAAAAAAAABFAAAAA | Ms.          | Kara                 | Cormier                        | 593              | 3rd North       | Avenue          | Suite A         | Macedonia       | Johnson County      | NE       | 61087      | United States |            -7 | condo                |            1689.16
 AAAAAAAAACFBAAAA | Dr.          | Jane                 | Short                          | 937              | Birch           | RD              | Suite 130       | Floyd           | Platte County       | NE       | 63235      | United States |            -7 | apartment            |            5927.52
 AAAAAAAAACJKAAAA | Sir          | Raymond              | Anderson                       | 271              | 5th             | Ave             | Suite 160       | Wildwood        | Buffalo County      | NE       | 66871      | United States |            -6 | apartment            |            1986.87
 AAAAAAAAADFAAAAA | Dr.          | Demetria             | Cope                           | 634              | Walnut          | Wy              | Suite R         | Fairfield       | Brown County        | NE       | 66192      | United States |            -6 | condo                |            6325.75
 AAAAAAAAAEPPAAAA | Mrs.         | Amber                | Mccoy                          | 170              | Cedar           | Blvd            | Suite J         | Bridgeport      | Frontier County     | NE       | 65817      | United States |            -6 | condo                |            3366.22
 AAAAAAAAAIGGAAAA | Miss         | Elizabeth            | Finn                           | 457              | 1st Second      | Ln              | Suite G         | Mount Vernon    | Sioux County        | NE       | 68482      | United States |            -7 | single family        |            1533.52
 AAAAAAAAAJICBAAA | Sir          | Joe                  | Blalock                        | 509              | 15th            | Circle          | Suite J         | Bethel          | Dixon County        | NE       | 65281      | United States |            -6 | single family        |            6908.01
 AAAAAAAAANAAAAAA | Dr.          | Garrett              | Campbell                       | 314              | Center Ridge    | RD              | Suite E         | Mount Olive     | Platte County       | NE       | 68059      | United States |            -7 | condo                |             6810.3
 AAAAAAAAAOENAAAA | Sir          | Jeffery              | Bell                           | 456              | Woodland 5th    | RD              | Suite 400       | Union           | Douglas County      | NE       | 68721      | United States |            -6 | single family        |            4700.59
 AAAAAAAABHJFBAAA | Miss         | Rachel               | Miller                         | 146              | Lincoln         | Court           | Suite U         | Maple Grove     | Sioux County        | NE       | 68252      | United States |            -7 | apartment            |            7466.29
 AAAAAAAABIEDBAAA | Dr.          | Teresa               | Flores                         | 665              | Miller Wilson   | Ct.             | Suite C         | Florence        | Burt County         | NE       | 63394      | United States |            -6 | single family        |            5812.24
 AAAAAAAABILDBAAA | Mr.          | Dennis               | Murphy                         | 906              | View            | Cir.            | Suite C         | Forest Hills    | Saunders County     | NE       | 69237      | United States |            -7 | condo                |            4068.17
 AAAAAAAABIPABAAA | Dr.          | Norberto             | Winters                        | 99               | Hillcrest 7th   | Ave             | Suite F         | Buena Vista     | Banner County       | NE       | 65752      | United States |            -6 | apartment            |            5480.45
 AAAAAAAABJGDAAAA | Ms.          | Irene                | Young                          | 483              | 2nd             | Drive           | Suite 40        | Newport         | Arthur County       | NE       | 61521      | United States |            -6 | single family        | 2749.3500000000004
 AAAAAAAABJHBAAAA |              |                      | Herrera                        | 376              | Adams 11th      | Ct.             | Suite 470       | Newtown         | Fillmore County     | NE       | 61749      | United States |            -6 | apartment            |            12979.5
 AAAAAAAABJOAAAAA | Sir          | Lance                | Walker                         | 587              | View            | RD              | Suite U         | Enterprise      | Custer County       | NE       | 61757      | United States |            -6 | condo                |            2001.97
 AAAAAAAABKEGBAAA | Mrs.         | Mildred              | Skinner                        | 35               | North           | Ave             | Suite A         | Oak Hill        | Loup County         | NE       | 67838      | United States |            -7 | condo                |            4362.78
 AAAAAAAABKIKAAAA | Mrs.         | Karen                | Patterson                      | 200              | Jackson Spruce  | Blvd            | Suite Y         | Centerville     | Garden County       | NE       | 60059      | United States |            -6 | single family        |            2340.46
 AAAAAAAABLLOAAAA | Sir          | John                 | Martell                        | 28               | 4th 9th         | Ln              | Suite A         | Lebanon         | Garden County       | NE       | 62898      | United States |            -6 | condo                |           13791.35
 AAAAAAAABMLOAAAA | Miss         | Amy                  | Hoffman                        | 153              | Meadow          | Ct.             | Suite D         | Spring Hill     | Lancaster County    | NE       | 66787      | United States |            -7 | condo                |             1721.8
 AAAAAAAABODDBAAA | Dr.          | Jessica              | Chin                           | 257              | Main Lake       | Parkway         | Suite E         | Wilson          | Banner County       | NE       | 66971      | United States |            -6 | apartment            |            3293.68
 AAAAAAAACBAKAAAA | Dr.          | Gerald               | Williams                       | 247              | Locust          | Cir.            | Suite J         | Glenwood        | Chase County        | NE       | 63511      | United States |            -6 | single family        |            8214.73
 AAAAAAAACDLBBAAA | Sir          | Michael              | Clement                        | 848              | South 12th      | Ln              | Suite C         | Oakland         | Banner County       | NE       | 69843      | United States |            -6 | condo                |            3003.59
 AAAAAAAACELBAAAA | Mrs.         | Angela               | Denny                          | 904              | Center          | Road            | Suite Y         | Mount Olive     | Sioux County        | NE       | 68059      | United States |            -7 | single family        |            3568.57
 AAAAAAAACFKBAAAA | Mr.          | Larry                | Marshall                       | 419              | 5th Hill        | Avenue          | Suite L         | Jamestown       | Dundy County        | NE       | 66867      | United States |            -6 | condo                |            2205.87
 AAAAAAAACFKHAAAA | Ms.          | Michelle             | Mcnabb                         | 898              | 2nd             | ST              | Suite J         | Cedar Grove     | Fillmore County     | NE       | 60411      | United States |            -6 | single family        |            6475.51
 AAAAAAAACKNOAAAA | Ms.          | Tara                 | Joyner                         | 608              | Sunset          | Ct.             | Suite C         | Sulphur Springs | Sarpy County        | NE       | 68354      | United States |            -7 | condo                |            1571.07
 AAAAAAAACKNOAAAA | Ms.          | Tara                 | Joyner                         | 608              | Sunset          | Ct.             | Suite C         | Sulphur Springs | Sarpy County        | NE       | 68354      | United States |            -7 | condo                |            5532.07
 AAAAAAAACLKDBAAA | Dr.          | Omar                 | Muniz                          | 72               | Hill Central    | Boulevard       | Suite V         | Shady Grove     | Scotts Bluff County | NE       | 62812      | United States |            -7 | condo                |            2115.99
 AAAAAAAACNELAAAA | Dr.          | Robert               | Villalobos                     | 137              | Maple           | Avenue          | Suite 30        | Cedar Grove     | Richardson County   | NE       | 60411      | United States |            -7 | single family        |            3817.33
 AAAAAAAACOGNAAAA | Dr.          | William              | Patterson                      | 891              | 4th Sycamore    | Way             | Suite S         | Springdale      | Wayne County        | NE       | 68883      | United States |            -7 | single family        |            2072.14
 AAAAAAAADABFBAAA |              | Leo                  |                                | 582              | 5th 2nd         | Road            | Suite V         | Riverview       | Gage County         | NE       | 69003      | United States |            -6 | single family        |            2356.07
 AAAAAAAADAGOAAAA | Mr.          | Ruben                | Rodriguez                      | 116              | Laurel Elm      | Boulevard       | Suite F         | Green Acres     | Perkins County      | NE       | 67683      | United States |            -7 | single family        |            2229.22
 AAAAAAAADCKEBAAA | Dr.          | Mandy                | Nieves                         |                  | First Valley    | RD              | Suite B         | Lincoln         |                     | NE       |            |               |            -7 | condo                |            4864.25
 AAAAAAAADCKEBAAA | Dr.          | Mandy                | Nieves                         |                  | First Valley    | RD              | Suite B         | Lincoln         |                     | NE       |            |               |            -7 | condo                |            6026.18
 AAAAAAAADEELAAAA | Dr.          | Felipe               | Stone                          | 474              | Broadway Wilson | Blvd            | Suite 490       | Buena Vista     | Sioux County        | NE       | 65752      | United States |            -7 | single family        |            8148.84
 AAAAAAAADHEFBAAA | Dr.          | Kevin                | Leonard                        | 857              | Wilson          | RD              | Suite L         | Mount Olive     | Blaine County       | NE       | 68059      | United States |            -6 | single family        |            4096.54
 AAAAAAAADICLAAAA | Sir          | Darryl               | Lafleur                        | 367              | Cedar Davis     | Ln              | Suite 150       | Concord         | Hall County         | NE       | 64107      | United States |            -6 | apartment            |            2305.05
 AAAAAAAADIJOAAAA | Dr.          | Herman               | Fuller                         | 16               | Forest          | Ct.             | Suite 20        | White Oak       | Colfax County       | NE       | 66668      | United States |            -6 | apartment            |            2508.75
 AAAAAAAADIOABAAA | Dr.          | Kristin              | Ventura                        | 611              | Park View       | Drive           | Suite V         | Oakland         | McPherson County    | NE       | 69843      | United States |            -7 | single family        |            5553.14
 AAAAAAAADIPBBAAA | Sir          | Joel                 | Mattingly                      | 904              | 4th             | Lane            | Suite H         | Macedonia       | Cuming County       | NE       | 61087      | United States |            -6 | single family        |            2560.65
 AAAAAAAADJOCAAAA | Dr.          | Florence             | Whitfield                      | 823              | Fourth          | Road            | Suite 340       | Summit          | Sheridan County     | NE       | 60499      | United States |            -7 | single family        |            3370.24
 AAAAAAAADKKNAAAA | Dr.          | Ken                  | Frank                          | 664              | Maple West      | Road            | Suite 360       | Richville       | Holt County         | NE       | 65945      | United States |            -7 | single family        |            7228.25
 AAAAAAAADLGPAAAA | Ms.          | Esperanza            | Davis                          | 359              | Willow 15th     | Ave             | Suite 310       | Oak Grove       | Gage County         | NE       | 68370      | United States |            -6 | condo                |            1948.95
 AAAAAAAADMHFAAAA | Dr.          | Darrell              | Carter                         | 969              | Wilson Hill     | Drive           | Suite E         | Summerville     | Nemaha County       | NE       | 62033      | United States |            -7 | single family        |            4607.19
 AAAAAAAADNIFBAAA | Mr.          | David                | Flowers                        | 803              | Forest Cedar    | ST              | Suite 240       | Hillcrest       | Platte County       | NE       | 63003      | United States |            -7 | single family        |            1748.79
 AAAAAAAAEBIEAAAA | Mr.          | Raymond              | Fry                            | 449              | Thirteenth      | Avenue          | Suite 30        | Franklin        | Kearney County      | NE       | 69101      | United States |            -7 | single family        |            1602.07
 AAAAAAAAECJIAAAA | Mr.          | Larry                | Schmitt                        | 762              | Pine            | Circle          | Suite 70        | Brownsville     | Seward County       | NE       | 69310      | United States |            -7 | apartment            |           10970.94
 AAAAAAAAEDHFBAAA | Dr.          | Catherine            | Maxwell                        | 846              | 5th             | Lane            | Suite B         | Carpenter       | Hooker County       | NE       | 61147      | United States |            -7 | apartment            |            6171.88
 AAAAAAAAEGCAAAAA | Dr.          | Amy                  | Talbott                        |                  |                 |                 | Suite G         | Griffin         | Pierce County       | NE       | 61204      |               |               |                      |            3043.25
 AAAAAAAAEHDIBAAA |              | Jennifer             | Archie                         | 204              | Spring 1st      | Cir.            | Suite 310       | Lakewood        | Pawnee County       | NE       | 68877      | United States |            -7 | single family        |            4614.24
 AAAAAAAAEHNABAAA | Mr.          | Fernando             | Barbee                         | 257              | Hillcrest Hill  | Way             | Suite 10        | Bridgeport      | Hitchcock County    | NE       | 65817      | United States |            -6 | condo                |            4582.67
 AAAAAAAAEJFHBAAA | Ms.          | Kathryn              | King                           | 474              | Lincoln         | Street          | Suite S         | Valley View     | Boone County        | NE       | 65124      | United States |            -6 | apartment            |            5916.22
 AAAAAAAAEKEGAAAA | Dr.          | Paul                 | Myles                          | 780              | Williams        | Pkwy            | Suite 50        | Woodlawn        | Gage County         | NE       | 64098      | United States |            -6 | condo                |            2967.72
 AAAAAAAAELAEAAAA |              | Dennis               | Mcginnis                       | 289              | 12th 2nd        | Cir.            | Suite S         | Riverside       | Valley County       | NE       | 69231      | United States |            -7 | condo                |            5644.97
 AAAAAAAAELCAAAAA | Mrs.         | Virginia             | Enos                           | 95               | Lake            | Dr.             | Suite 110       | Liberty         | Pierce County       | NE       | 63451      | United States |            -7 | apartment            |             5068.7
 AAAAAAAAELKLAAAA | Sir          | Paul                 | Fortune                        | 22               | 2nd Jackson     | RD              | Suite I         | Jamestown       | Valley County       | NE       | 66867      | United States |            -7 | condo                |            1786.22
 AAAAAAAAENDKAAAA | Sir          | Harry                | Carpenter                      | 806              | 5th 1st         | Circle          | Suite Q         | Delmar          | Douglas County      | NE       | 63957      | United States |            -6 | condo                |            2526.95
 AAAAAAAAEOPGBAAA | Ms.          | Sarah                | Warren                         | 681              | Seventh         | Boulevard       | Suite C         | Oakwood         | Scotts Bluff County | NE       | 60169      | United States |            -7 | condo                |            3244.84
 AAAAAAAAEPFCBAAA | Mr.          | Lawrence             | Moseley                        | 669              | Laurel          | Ct.             | Suite 430       | Waterloo        | Thurston County     | NE       | 61675      | United States |            -7 | condo                |            3560.21
 AAAAAAAAEPKKAAAA | Miss         | Marilyn              | Walker                         | 233              | Williams        | Circle          | Suite 240       | Five Forks      | Madison County      | NE       | 62293      | United States |            -7 | condo                |             1985.4
 AAAAAAAAFABGBAAA | Dr.          | Kathryn              | Torres                         | 223              | Dogwood Jackson | Street          | Suite R         | Forest Hills    | Nuckolls County     | NE       | 69237      | United States |            -7 | condo                |            2460.32
 AAAAAAAAFCMHAAAA | Dr.          | Alfred               |                                | 830              | Walnut Hickory  | Drive           | Suite 470       | Valley View     | Pierce County       | NE       | 65124      | United States |            -7 | single family        |           14483.64
 AAAAAAAAFEAMAAAA | Mrs.         | Hazel                | Houston                        | 95               | Lake            | Dr.             | Suite 110       | Liberty         | Pierce County       | NE       | 63451      | United States |            -7 | apartment            |            1753.17
 AAAAAAAAFEBJAAAA | Miss         | Jenny                | Dennis                         | 884              | 1st Johnson     | Drive           | Suite 170       | Spring Valley   | Burt County         | NE       | 66060      | United States |            -6 | single family        |            3897.24
 AAAAAAAAFEBOAAAA | Ms.          | Blanche              | Bowman                         | 325              | 1st Smith       | Road            | Suite O         | Wildwood        | Cedar County        | NE       | 66871      | United States |            -6 | apartment            |             2602.7
 AAAAAAAAFEBOAAAA | Ms.          | Blanche              | Bowman                         | 325              | 1st Smith       | Road            | Suite O         | Wildwood        | Cedar County        | NE       | 66871      | United States |            -6 | apartment            |            4150.44
 AAAAAAAAFHKHBAAA | Mrs.         | Amy                  | Huggins                        | 32               | West Church     | Lane            | Suite C         | Superior        | Thurston County     | NE       | 62562      | United States |            -7 | apartment            |           11937.72
 AAAAAAAAFIBBBAAA | Mrs.         | Diane                | Wilson                         | 17               | 1st             | Lane            | Suite 490       | Saint Clair     | York County         | NE       | 65294      | United States |            -6 | condo                |            4216.63
 AAAAAAAAFJNAAAAA | Sir          | Benjamin             | Ayala                          | 833              | Chestnut        | Avenue          | Suite 100       | Greenfield      | Keya Paha County    | NE       | 65038      | United States |            -7 | single family        |            5569.68
 AAAAAAAAFKLGAAAA | Dr.          | Heather              | Thomas                         | 43               | 2nd Center      | Dr.             | Suite H         | Lee             | Dodge County        | NE       | 60408      | United States |            -6 | apartment            |            3292.72
 AAAAAAAAFLCABAAA | Dr.          | Joyce                | Thompson                       | 478              | Jefferson 10th  | Cir.            | Suite 430       | Clifton         | Cheyenne County     | NE       | 68014      | United States |            -6 | apartment            |            2634.39
 AAAAAAAAFLDGAAAA | Mrs.         | Melody               | Allred                         | 428              | Seventh 2nd     | Blvd            | Suite T         | Friendship      | Webster County      | NE       | 64536      | United States |            -7 | condo                |            6859.28
 AAAAAAAAFMAHAAAA | Ms.          | Angela               | Macleod                        | 839              | Church Johnson  | Circle          | Suite 290       | Woodville       | Cheyenne County     | NE       | 64289      | United States |            -6 | single family        |            2008.43
 AAAAAAAAFMAHAAAA | Ms.          | Angela               | Macleod                        | 839              | Church Johnson  | Circle          | Suite 290       | Woodville       | Cheyenne County     | NE       | 64289      | United States |            -6 | single family        |            2840.19
 AAAAAAAAFMDFBAAA | Ms.          | Sandra               | Morton                         | 40               | Birch           | Lane            | Suite 90        | Oak Hill        | Washington County   | NE       | 67838      | United States |            -7 | single family        |            1914.65
 AAAAAAAAFNEHBAAA | Dr.          | John                 | Large                          | 916              | Forest          | Dr.             | Suite X         | Maple Grove     | Deuel County        | NE       | 68252      | United States |            -6 | apartment            |            2367.39
 AAAAAAAAFPJGBAAA | Mr.          | Ray                  | Harris                         | 796              | Laurel Tenth    | Street          | Suite V         | Edgewood        | Hayes County        | NE       | 60069      | United States |            -6 | condo                |            3005.18
 AAAAAAAAGANDAAAA | Mrs.         | Harriet              | Ruiz                           | 928              | Second          | ST              | Suite V         | Crossroads      | Wheeler County      | NE       | 60534      | United States |            -7 | single family        |            3325.25
 AAAAAAAAGBFDBAAA | Dr.          | Larry                | Henderson                      | 837              | Hickory Main    | ST              | Suite J         | Kingston        | Dawson County       | NE       | 64975      | United States |            -6 | single family        |            8922.37
 AAAAAAAAGBKGAAAA | Ms.          | Claudine             | Minnick                        | 523              | Valley Pine     | Lane            | Suite 100       | Riverside       | Cuming County       | NE       | 69231      | United States |            -6 | condo                |            8010.09
 AAAAAAAAGEJDBAAA | Ms.          | Debbie               | Cordell                        | 137              | View            | Dr.             | Suite A         | Fairfield       | Adams County        | NE       | 66192      | United States |            -6 | condo                |  4901.370000000001
 AAAAAAAAGJCDBAAA | Sir          | Richard              | Hayes                          | 119              | 5th Third       | Way             | Suite 190       | Georgetown      | Butler County       | NE       | 67057      | United States |            -6 | apartment            |             2921.4
 AAAAAAAAGJGFBAAA | Dr.          | Joel                 | Chisholm                       | 730              | College         | Court           | Suite 440       | Five Points     | Wayne County        | NE       | 66098      | United States |            -7 | apartment            |            7492.14
 AAAAAAAAGJNOAAAA | Dr.          | Janet                | Jones                          | 510              | North Chestnut  | Road            | Suite S         | Pleasant Valley | Merrick County      | NE       | 62477      | United States |            -7 | condo                |             4189.5
 AAAAAAAAGLPFBAAA | Dr.          | Deborah              | Dean                           | 282              | 2nd Hill        | Blvd            | Suite 330       | Glenwood        | Rock County         | NE       | 63511      | United States |            -7 | apartment            |            4935.95
 AAAAAAAAGPLMAAAA | Sir          | George               | Banuelos                       | 355              | 1st Fourth      | Boulevard       | Suite G         | Antioch         | Cheyenne County     | NE       | 68605      | United States |            -6 | single family        |            2325.89
 AAAAAAAAHBCJAAAA | Dr.          | Robert               | King                           | 931              | Maple Main      | Street          | Suite 480       | Jamestown       | Nemaha County       | NE       | 66867      | United States |            -7 | apartment            |            5954.18
 AAAAAAAAHCDLAAAA | Sir          | Thomas               | Garcia                         | 979              |                 |                 | Suite I         |                 | Cass County         | NE       | 61952      | United States |               |                      |            8361.82
 AAAAAAAAHCNABAAA | Sir          | David                | Carter                         | 640              | 4th Lincoln     | RD              | Suite H         | Liberty         | Dundy County        | NE       | 63451      | United States |            -6 | apartment            |             2012.4
 AAAAAAAAHDBBAAAA | Dr.          | Catarina             | Brown                          | 914              | Central Spring  | Road            | Suite 50        | Riverside       | Merrick County      | NE       | 69231      | United States |            -7 | single family        |            3480.89
 AAAAAAAAHHGGBAAA | Dr.          | Melissa              | Clark                          | 90               | Jefferson       | Court           | Suite 440       | Bridgeport      | Phelps County       | NE       | 65817      | United States |            -7 | condo                |            3435.03
 AAAAAAAAHHPEAAAA | Dr.          | Joe                  | Crow                           | 222              | Jackson 7th     | Circle          | Suite X         | Fairview        | Seward County       | NE       | 65709      | United States |            -7 | condo                |            3629.83
 AAAAAAAAHJKFBAAA | Dr.          | Marilyn              | Mckenzie                       | 427              | Ridge           | Parkway         | Suite 420       | New Hope        | Custer County       | NE       | 69431      | United States |            -6 | apartment            |             2695.3
 AAAAAAAAHLNMAAAA | Dr.          | Shari                | Hood                           | 193              | Sunset 6th      | Boulevard       | Suite R         | Georgetown      | Red Willow County   | NE       | 67057      | United States |            -7 | condo                |            2524.04
 AAAAAAAAHNGEBAAA | Ms.          | Jacki                | Leavitt                        | 930              | Spring          | Parkway         | Suite 190       | Waterloo        | Kimball County      | NE       | 61675      | United States |            -7 | single family        |            8004.08
 AAAAAAAAIBAJAAAA | Mrs.         |                      | Williams                       | 724              | 4th 15th        | Road            | Suite 310       | Concord         | Polk County         | NE       | 64107      | United States |            -7 | single family        |            2667.97
 AAAAAAAAIEMBBAAA | Mr.          | Tyler                | Ellison                        | 232              | Wilson          | Boulevard       | Suite C         | Pleasant Valley | Stanton County      | NE       | 62477      | United States |            -7 | single family        |            3094.35
 AAAAAAAAIFOHAAAA | Dr.          | Donnie               | Bradley                        | 730              | Sycamore Miller | Ave             | Suite 400       | Sulphur Springs | Johnson County      | NE       | 68354      | United States |            -7 | condo                |            4198.67
(100 rows)

UPDATE time_statistics SET e_time = TRANSACTION_TIMESTAMP() WHERE template = 'query81.tpl' AND stream = 6;
psql:/tmp/s1-basline/throughput/query_6.sql:4488: NOTICE:  duration: 0.106 ms  plan:
Query Text: UPDATE time_statistics SET e_time = TRANSACTION_TIMESTAMP() WHERE template = 'query81.tpl' AND stream = 6;
Update on time_statistics  (cost=0.00..22.07 rows=0 width=0) (actual time=0.105..0.106 rows=0 loops=1)
  ->  Seq Scan on time_statistics  (cost=0.00..22.07 rows=1 width=14) (actual time=0.026..0.092 rows=1 loops=1)
        Filter: ((template = 'query81.tpl'::text) AND (stream = 6))
        Rows Removed by Filter: 749
UPDATE 1
LOAD 'auto_explain'; SET auto_explain.log_min_duration TO 0; SET auto_explain.log_analyze TO on; SET auto_explain.log_level TO notice; INSERT INTO time_statistics (template, s_time, stream, query, seed) VALUES ('query43.tpl', TRANSACTION_TIMESTAMP(), 6, 89, 731084844);
LOAD
SET
SET
SET
psql:/tmp/s1-basline/throughput/query_6.sql:4489: NOTICE:  duration: 0.009 ms  plan:
Query Text: INSERT INTO time_statistics (template, s_time, stream, query, seed) VALUES ('query43.tpl', TRANSACTION_TIMESTAMP(), 6, 89, 731084844);
Insert on time_statistics  (cost=0.00..0.01 rows=0 width=0) (actual time=0.008..0.008 rows=0 loops=1)
  ->  Result  (cost=0.00..0.01 rows=1 width=64) (actual time=0.001..0.001 rows=1 loops=1)
INSERT 0 1
select  s_store_name, s_store_id,
        sum(case when (d_day_name='Sunday') then ss_sales_price else null end) sun_sales,
        sum(case when (d_day_name='Monday') then ss_sales_price else null end) mon_sales,
        sum(case when (d_day_name='Tuesday') then ss_sales_price else  null end) tue_sales,
        sum(case when (d_day_name='Wednesday') then ss_sales_price else null end) wed_sales,
        sum(case when (d_day_name='Thursday') then ss_sales_price else null end) thu_sales,
        sum(case when (d_day_name='Friday') then ss_sales_price else null end) fri_sales,
        sum(case when (d_day_name='Saturday') then ss_sales_price else null end) sat_sales
 from date_dim, store_sales, store
 where d_date_sk = ss_sold_date_sk and
       s_store_sk = ss_store_sk and
       s_gmt_offset = -5 and
       d_year = 1998 
 group by s_store_name, s_store_id
 order by s_store_name, s_store_id,sun_sales,mon_sales,tue_sales,wed_sales,thu_sales,fri_sales,sat_sales
 limit 100;
psql:/tmp/s1-basline/throughput/query_6.sql:4505: NOTICE:  duration: 525.761 ms  plan:
Query Text: select  s_store_name, s_store_id,
        sum(case when (d_day_name='Sunday') then ss_sales_price else null end) sun_sales,
        sum(case when (d_day_name='Monday') then ss_sales_price else null end) mon_sales,
        sum(case when (d_day_name='Tuesday') then ss_sales_price else  null end) tue_sales,
        sum(case when (d_day_name='Wednesday') then ss_sales_price else null end) wed_sales,
        sum(case when (d_day_name='Thursday') then ss_sales_price else null end) thu_sales,
        sum(case when (d_day_name='Friday') then ss_sales_price else null end) fri_sales,
        sum(case when (d_day_name='Saturday') then ss_sales_price else null end) sat_sales
 from date_dim, store_sales, store
 where d_date_sk = ss_sold_date_sk and
       s_store_sk = ss_store_sk and
       s_gmt_offset = -5 and
       d_year = 1998 
 group by s_store_name, s_store_id
 order by s_store_name, s_store_id,sun_sales,mon_sales,tue_sales,wed_sales,thu_sales,fri_sales,sat_sales
 limit 100;
Limit  (cost=92578.21..92578.23 rows=9 width=78) (actual time=525.625..525.746 rows=6 loops=1)
  ->  Sort  (cost=92578.21..92578.23 rows=9 width=78) (actual time=525.624..525.744 rows=6 loops=1)
        Sort Key: store.s_store_name, store.s_store_id, (sum(CASE WHEN (date_dim.d_day_name = 'Sunday'::bpchar) THEN store_sales.ss_sales_price ELSE NULL::double precision END)), (sum(CASE WHEN (date_dim.d_day_name = 'Monday'::bpchar) THEN store_sales.ss_sales_price ELSE NULL::double precision END)), (sum(CASE WHEN (date_dim.d_day_name = 'Tuesday'::bpchar) THEN store_sales.ss_sales_price ELSE NULL::double precision END)), (sum(CASE WHEN (date_dim.d_day_name = 'Wednesday'::bpchar) THEN store_sales.ss_sales_price ELSE NULL::double precision END)), (sum(CASE WHEN (date_dim.d_day_name = 'Thursday'::bpchar) THEN store_sales.ss_sales_price ELSE NULL::double precision END)), (sum(CASE WHEN (date_dim.d_day_name = 'Friday'::bpchar) THEN store_sales.ss_sales_price ELSE NULL::double precision END)), (sum(CASE WHEN (date_dim.d_day_name = 'Saturday'::bpchar) THEN store_sales.ss_sales_price ELSE NULL::double precision END))
        Sort Method: quicksort  Memory: 25kB
        ->  Finalize GroupAggregate  (cost=92343.69..92578.07 rows=9 width=78) (actual time=458.596..525.737 rows=6 loops=1)
              Group Key: store.s_store_name, store.s_store_id
              ->  Gather Merge  (cost=92343.69..92577.57 rows=18 width=78) (actual time=441.717..525.723 rows=18 loops=1)
                    Workers Planned: 2
                    Workers Launched: 2
                    ->  Partial GroupAggregate  (cost=91343.67..91575.47 rows=9 width=78) (actual time=371.689..439.598 rows=6 loops=3)
                          Group Key: store.s_store_name, store.s_store_id
                          ->  Sort  (cost=91343.67..91357.30 rows=5452 width=40) (actual time=356.760..375.371 rows=174475 loops=3)
                                Sort Key: store.s_store_name, store.s_store_id
                                Sort Method: external merge  Disk: 10736kB
                                Worker 0:  Sort Method: external merge  Disk: 8104kB
                                Worker 1:  Sort Method: external merge  Disk: 8104kB
                                ->  Hash Join  (cost=2323.95..91005.30 rows=5452 width=40) (actual time=15.036..290.067 rows=174475 loops=3)
                                      Hash Cond: (store_sales.ss_store_sk = store.s_store_sk)
                                      ->  Hash Join  (cost=2322.65..90983.94 rows=5718 width=26) (actual time=14.959..262.727 rows=178653 loops=3)
                                            Hash Cond: (store_sales.ss_sold_date_sk = date_dim.d_date_sk)
                                            ->  Parallel Seq Scan on store_sales  (cost=0.00..85499.45 rows=1204445 width=24) (actual time=0.014..125.463 rows=948150 loops=3)
                                            ->  Hash  (cost=2318.11..2318.11 rows=363 width=18) (actual time=14.927..14.928 rows=365 loops=3)
                                                  Buckets: 1024  Batches: 1  Memory Usage: 28kB
                                                  ->  Seq Scan on date_dim  (cost=0.00..2318.11 rows=363 width=18) (actual time=6.840..14.874 rows=365 loops=3)
                                                        Filter: (d_year = 1998)
                                                        Rows Removed by Filter: 72684
                                      ->  Hash  (cost=1.15..1.15 rows=12 width=30) (actual time=0.038..0.038 rows=12 loops=3)
                                            Buckets: 1024  Batches: 1  Memory Usage: 9kB
                                            ->  Seq Scan on store  (cost=0.00..1.15 rows=12 width=30) (actual time=0.028..0.033 rows=12 loops=3)
                                                  Filter: (s_gmt_offset = '-5'::double precision)
 s_store_name |    s_store_id    |     sun_sales      |     mon_sales      |     tue_sales      |     wed_sales      |     thu_sales      |     fri_sales      |     sat_sales      
--------------+------------------+--------------------+--------------------+--------------------+--------------------+--------------------+--------------------+--------------------
 able         | AAAAAAAACAAAAAAA | 459094.95999999944 |  466916.2000000003 |  462109.0799999988 | 479406.17000000016 |  476780.5699999996 | 480882.26999999944 |  458239.2799999997
 ation        | AAAAAAAAHAAAAAAA |  461903.8200000002 | 441068.47999999975 |  485943.5799999995 |  458756.6599999999 |  466274.3200000002 | 499674.93999999994 | 451862.74000000017
 bar          | AAAAAAAAKAAAAAAA | 445358.39000000065 | 473643.67000000016 | 457149.77999999974 |  461172.7400000006 | 511071.18000000063 |  466072.3999999996 | 445550.49999999965
 eing         | AAAAAAAAIAAAAAAA | 454550.32999999955 |  467293.7400000002 |   464293.150000001 | 451989.19999999943 |  501923.5500000008 | 463567.34999999986 |  435507.7700000002
 ese          | AAAAAAAAEAAAAAAA | 458493.33999999973 |          471377.37 | 464711.94999999984 |  496206.4800000009 |  470803.0099999999 |  445468.3200000003 | 443010.94000000064
 ought        | AAAAAAAABAAAAAAA | 454478.32999999996 | 480782.80000000075 |  477612.4599999998 |  478822.7899999992 |  487398.1499999993 | 458888.95999999973 | 457299.36999999965
(6 rows)

UPDATE time_statistics SET e_time = TRANSACTION_TIMESTAMP() WHERE template = 'query43.tpl' AND stream = 6;
psql:/tmp/s1-basline/throughput/query_6.sql:4507: NOTICE:  duration: 0.116 ms  plan:
Query Text: UPDATE time_statistics SET e_time = TRANSACTION_TIMESTAMP() WHERE template = 'query43.tpl' AND stream = 6;
Update on time_statistics  (cost=0.00..22.07 rows=0 width=0) (actual time=0.115..0.115 rows=0 loops=1)
  ->  Seq Scan on time_statistics  (cost=0.00..22.07 rows=1 width=14) (actual time=0.033..0.100 rows=1 loops=1)
        Filter: ((template = 'query43.tpl'::text) AND (stream = 6))
        Rows Removed by Filter: 750
UPDATE 1
LOAD 'auto_explain'; SET auto_explain.log_min_duration TO 0; SET auto_explain.log_analyze TO on; SET auto_explain.log_level TO notice; INSERT INTO time_statistics (template, s_time, stream, query, seed) VALUES ('query52.tpl', TRANSACTION_TIMESTAMP(), 6, 90, 697399055);
LOAD
SET
SET
SET
psql:/tmp/s1-basline/throughput/query_6.sql:4508: NOTICE:  duration: 0.009 ms  plan:
Query Text: INSERT INTO time_statistics (template, s_time, stream, query, seed) VALUES ('query52.tpl', TRANSACTION_TIMESTAMP(), 6, 90, 697399055);
Insert on time_statistics  (cost=0.00..0.01 rows=0 width=0) (actual time=0.008..0.009 rows=0 loops=1)
  ->  Result  (cost=0.00..0.01 rows=1 width=64) (actual time=0.002..0.002 rows=1 loops=1)
INSERT 0 1
select  dt.d_year
 	,item.i_brand_id brand_id
 	,item.i_brand brand
 	,sum(ss_ext_sales_price) ext_price
 from date_dim dt
     ,store_sales
     ,item
 where dt.d_date_sk = store_sales.ss_sold_date_sk
    and store_sales.ss_item_sk = item.i_item_sk
    and item.i_manager_id = 1
    and dt.d_moy=12
    and dt.d_year=1999
 group by dt.d_year
 	,item.i_brand
 	,item.i_brand_id
 order by dt.d_year
 	,ext_price desc
 	,brand_id
limit 100 ;
psql:/tmp/s1-basline/throughput/query_6.sql:4527: NOTICE:  duration: 182.906 ms  plan:
Query Text: select  dt.d_year
 	,item.i_brand_id brand_id
 	,item.i_brand brand
 	,sum(ss_ext_sales_price) ext_price
 from date_dim dt
     ,store_sales
     ,item
 where dt.d_date_sk = store_sales.ss_sold_date_sk
    and store_sales.ss_item_sk = item.i_item_sk
    and item.i_manager_id = 1
    and dt.d_moy=12
    and dt.d_year=1999
 group by dt.d_year
 	,item.i_brand
 	,item.i_brand_id
 order by dt.d_year
 	,ext_price desc
 	,brand_id
limit 100 ;
Limit  (cost=43383.76..43383.81 rows=20 width=67) (actual time=182.836..182.848 rows=97 loops=1)
  ->  Sort  (cost=43383.76..43383.81 rows=20 width=67) (actual time=182.835..182.841 rows=97 loops=1)
        Sort Key: (sum(store_sales.ss_ext_sales_price)) DESC, item.i_brand_id
        Sort Method: quicksort  Memory: 38kB
        ->  GroupAggregate  (cost=43382.88..43383.33 rows=20 width=67) (actual time=182.435..182.807 rows=97 loops=1)
              Group Key: dt.d_year, item.i_brand, item.i_brand_id
              ->  Sort  (cost=43382.88..43382.93 rows=20 width=67) (actual time=182.422..182.486 rows=1464 loops=1)
                    Sort Key: item.i_brand, item.i_brand_id
                    Sort Method: quicksort  Memory: 208kB
                    ->  Nested Loop  (cost=0.72..43382.44 rows=20 width=67) (actual time=4.313..180.920 rows=1464 loops=1)
                          ->  Nested Loop  (cost=0.43..43021.47 rows=1172 width=20) (actual time=4.284..49.362 rows=87231 loops=1)
                                ->  Seq Scan on date_dim dt  (cost=0.00..2500.73 rows=31 width=12) (actual time=4.270..9.181 rows=31 loops=1)
                                      Filter: ((d_moy = 12) AND (d_year = 1999))
                                      Rows Removed by Filter: 73018
                                ->  Index Scan using i_ss_sold_date_sk on store_sales  (cost=0.43..1291.97 rows=1515 width=24) (actual time=0.005..0.891 rows=2814 loops=31)
                                      Index Cond: (ss_sold_date_sk = dt.d_date_sk)
                          ->  Index Scan using pk_item on item  (cost=0.29..0.31 rows=1 width=63) (actual time=0.001..0.001 rows=0 loops=87231)
                                Index Cond: (i_item_sk = store_sales.ss_item_sk)
                                Filter: (i_manager_id = 1)
                                Rows Removed by Filter: 1
 d_year | brand_id |                       brand                        |     ext_price      
--------+----------+----------------------------------------------------+--------------------
   1999 |  3003001 | exportiexporti #1                                  | 100956.45999999999
   1999 |  4001002 | amalgedu pack #2                                   |  94189.04000000001
   1999 |  3004002 | edu packexporti #2                                 |  91227.58999999998
   1999 |  4003001 | exportiedu pack #1                                 |  83260.34000000001
   1999 |  6015003 | scholarbrand #3                                    |            80217.5
   1999 |  4004001 | edu packedu pack #1                                |  78236.48000000001
   1999 |  5004001 | edu packscholar #1                                 |  72727.55000000002
   1999 |  3002001 | importoexporti #1                                  |           71949.67
   1999 |  2001001 | amalgimporto #1                                    |           69434.46
   1999 |  9006003 | corpmaxi #3                                        |              67909
   1999 |  5003001 | exportischolar #1                                  |  67559.88999999997
   1999 |  2002001 | importoimporto #1                                  | 64425.389999999985
   1999 |  2004002 | edu packimporto #2                                 | 50096.090000000004
   1999 |  1003001 | exportiamalg #1                                    |           48797.75
   1999 |  4002001 | importoedu pack #1                                 |  48577.44000000001
   1999 |  1003002 | exportiamalg #2                                    |  48228.05999999998
   1999 |  1004001 | edu packamalg #1                                   | 47620.119999999995
   1999 |  7002006 | importobrand #6                                    |  46244.20000000002
   1999 |  3002002 | importoexporti #2                                  | 44816.420000000006
   1999 |  1004002 | edu packamalg #2                                   | 44632.189999999995
   1999 |  7006007 | corpbrand #7                                       |           43743.96
   1999 |  1002001 | importoamalg #1                                    |            39180.2
   1999 |  6008003 | namelesscorp #3                                    |           38130.56
   1999 |  5004002 | edu packscholar #2                                 | 38072.380000000005
   1999 |  1001001 | amalgamalg #1                                      |           36755.97
   1999 |  8011004 | amalgmaxi #4                                       |              36074
   1999 |  6015006 | scholarbrand #6                                    |           34853.07
   1999 |  8002010 | importonameless #10                                |           33454.43
   1999 |  6012005 | importobrand #5                                    |            33268.8
   1999 |  2003001 | exportiimporto #1                                  |           33231.46
   1999 |  9010005 | univunivamalg #5                                   |           33089.36
   1999 | 10002010 | importounivamalg #10                               |           32263.96
   1999 |  9005002 | scholarmaxi #2                                     | 30769.159999999996
   1999 | 10002017 | importounivamalg #17                               |           30507.85
   1999 |  1002002 | importoamalg #2                                    |           28939.77
   1999 |  2001002 | amalgimporto #2                                    |            28915.9
   1999 |  5001001 | amalgscholar #1                                    | 27086.760000000006
   1999 |  6006002 | corpcorp #2                                        | 26138.070000000003
   1999 |  3001001 | amalgexporti #1                                    |           25682.91
   1999 |  2003002 | exportiimporto #2                                  |           24737.63
   1999 |  8014005 | edu packmaxi #5                                    |            24570.1
   1999 |  8003006 | exportinameless #6                                 |           24133.01
   1999 |  7014001 | edu packnameless #1                                |           24086.61
   1999 |  6008001 | namelesscorp #1                                    | 23609.069999999996
   1999 |  8013003 | exportimaxi #3                                     |           23223.06
   1999 | 10006012 | corpunivamalg #12                                  |           23222.99
   1999 |  4001001 | amalgedu pack #1                                   |           23128.34
   1999 |  2004001 | edu packimporto #1                                 |           23008.51
   1999 |  6001001 | amalgcorp #1                                       | 21862.690000000002
   1999 |  7002010 | importobrand #10                                   |           21791.52
   1999 |  8005002 | scholarnameless #2                                 |           21417.93
   1999 |  6016008 | corpbrand #8                                       |           21192.29
   1999 |  6002007 | importocorp #7                                     | 21037.390000000003
   1999 |  7003003 | exportibrand #3                                    | 20995.079999999998
   1999 |  9013005 | exportiunivamalg #5                                | 20560.129999999997
   1999 |  4002002 | importoedu pack #2                                 |           20488.55
   1999 |  6013004 | exportibrand #4                                    |           19639.32
   1999 |  8015006 | scholarmaxi #6                                     | 19124.629999999997
   1999 | 10009016 | maxiunivamalg #16                                  | 18976.339999999997
   1999 |  5002001 | importoscholar #1                                  | 18962.829999999998
   1999 |  8006001 | corpnameless #1                                    | 18593.660000000003
   1999 |  7010001 | univnameless #1                                    | 18199.470000000005
   1999 |  9012002 | importounivamalg #2                                |           18104.77
   1999 |  6011007 | amalgbrand #7                                      |           18101.84
   1999 | 10007013 | brandunivamalg #13                                 |           17131.33
   1999 |  6004005 | edu packcorp #5                                    |           17023.25
   1999 |  6011001 | amalgbrand #1                                      |           16607.52
   1999 |  1001002 | amalgamalg #2                                      |            16533.8
   1999 | 10011010 | amalgamalgamalg #10                                | 16183.050000000001
   1999 | 10008006 | namelessunivamalg #6                               |           15404.73
   1999 |  9001009 | amalgmaxi #9                                       |           15217.79
   1999 | 10004005 | edu packunivamalg #5                               |           14921.41
   1999 |  7013001 | exportinameless #1                                 | 13878.679999999998
   1999 |  9005008 | scholarmaxi #8                                     |           13625.35
   1999 |  8007001 | brandnameless #1                                   | 13549.859999999999
   1999 |  6014005 | edu packbrand #5                                   |           12727.87
   1999 |  8002007 | importonameless #7                                 |           12627.94
   1999 | 10013001 | exportiamalgamalg #1                               |  9763.829999999998
   1999 |  8016005 | corpmaxi #5                                        |  9601.560000000001
   1999 |  6004001 | edu packcorp #1                                    |  9480.779999999999
   1999 |  8005007 | scholarnameless #7                                 |  8909.269999999999
   1999 |  6007007 | brandcorp #7                                       |            8594.01
   1999 |  3004001 | edu packexporti #1                                 |            8462.33
   1999 | 10012003 | importoamalgamalg #3                               |            8292.65
   1999 | 10006009 | corpunivamalg #9                                   |  8095.389999999999
   1999 |  5001002 | amalgscholar #2                                    |  7786.179999999999
   1999 |  8011007 | amalgmaxi #7                                       | 7726.6900000000005
   1999 |  7016004 | corpnameless #4                                    |            7715.24
   1999 |  5002002 | importoscholar #2                                  |  6455.860000000001
   1999 |  8014001 | edu packmaxi #1                                    |            6414.75
   1999 | 10008013 | namelessunivamalg #13                              |             6387.5
   1999 | 10003017 | exportiunivamalg #17                               |            6095.73
   1999 |  9004008 | edu packmaxi #8                                    |            5807.07
   1999 | 10001009 | amalgunivamalg #9                                  |             5056.9
   1999 |  8006003 | corpnameless #3                                    |            4451.64
   1999 |  6013008 | exportibrand #8                                    | 3935.8700000000003
   1999 |  6013003 | exportibrand #3                                    |            2351.11
(97 rows)

UPDATE time_statistics SET e_time = TRANSACTION_TIMESTAMP() WHERE template = 'query52.tpl' AND stream = 6;
psql:/tmp/s1-basline/throughput/query_6.sql:4529: NOTICE:  duration: 0.110 ms  plan:
Query Text: UPDATE time_statistics SET e_time = TRANSACTION_TIMESTAMP() WHERE template = 'query52.tpl' AND stream = 6;
Update on time_statistics  (cost=0.00..22.07 rows=0 width=0) (actual time=0.110..0.110 rows=0 loops=1)
  ->  Seq Scan on time_statistics  (cost=0.00..22.07 rows=1 width=14) (actual time=0.030..0.095 rows=1 loops=1)
        Filter: ((template = 'query52.tpl'::text) AND (stream = 6))
        Rows Removed by Filter: 751
UPDATE 1
LOAD 'auto_explain'; SET auto_explain.log_min_duration TO 0; SET auto_explain.log_analyze TO on; SET auto_explain.log_level TO notice; INSERT INTO time_statistics (template, s_time, stream, query, seed) VALUES ('query13.tpl', TRANSACTION_TIMESTAMP(), 6, 91, 1182869968);
LOAD
SET
SET
SET
psql:/tmp/s1-basline/throughput/query_6.sql:4530: NOTICE:  duration: 0.009 ms  plan:
Query Text: INSERT INTO time_statistics (template, s_time, stream, query, seed) VALUES ('query13.tpl', TRANSACTION_TIMESTAMP(), 6, 91, 1182869968);
Insert on time_statistics  (cost=0.00..0.01 rows=0 width=0) (actual time=0.008..0.008 rows=0 loops=1)
  ->  Result  (cost=0.00..0.01 rows=1 width=64) (actual time=0.001..0.001 rows=1 loops=1)
INSERT 0 1
select avg(ss_quantity)
       ,avg(ss_ext_sales_price)
       ,avg(ss_ext_wholesale_cost)
       ,sum(ss_ext_wholesale_cost)
 from store_sales
     ,store
     ,customer_demographics
     ,household_demographics
     ,customer_address
     ,date_dim
 where s_store_sk = ss_store_sk
 and  ss_sold_date_sk = d_date_sk and d_year = 2001
 and((ss_hdemo_sk=hd_demo_sk
  and cd_demo_sk = ss_cdemo_sk
  and cd_marital_status = 'M'
  and cd_education_status = '2 yr Degree'
  and ss_sales_price between 100.00 and 150.00
  and hd_dep_count = 3   
     )or
     (ss_hdemo_sk=hd_demo_sk
  and cd_demo_sk = ss_cdemo_sk
  and cd_marital_status = 'U'
  and cd_education_status = 'Primary'
  and ss_sales_price between 50.00 and 100.00   
  and hd_dep_count = 1
     ) or 
     (ss_hdemo_sk=hd_demo_sk
  and cd_demo_sk = ss_cdemo_sk
  and cd_marital_status = 'D'
  and cd_education_status = 'Secondary'
  and ss_sales_price between 150.00 and 200.00 
  and hd_dep_count = 1  
     ))
 and((ss_addr_sk = ca_address_sk
  and ca_country = 'United States'
  and ca_state in ('LA', 'KY', 'AK')
  and ss_net_profit between 100 and 200  
     ) or
     (ss_addr_sk = ca_address_sk
  and ca_country = 'United States'
  and ca_state in ('OR', 'VA', 'MI')
  and ss_net_profit between 150 and 300  
     ) or
     (ss_addr_sk = ca_address_sk
  and ca_country = 'United States'
  and ca_state in ('NJ', 'NY', 'ID')
  and ss_net_profit between 50 and 250  
     ))
;
psql:/tmp/s1-basline/throughput/query_6.sql:4579: NOTICE:  duration: 289.252 ms  plan:
Query Text: select avg(ss_quantity)
       ,avg(ss_ext_sales_price)
       ,avg(ss_ext_wholesale_cost)
       ,sum(ss_ext_wholesale_cost)
 from store_sales
     ,store
     ,customer_demographics
     ,household_demographics
     ,customer_address
     ,date_dim
 where s_store_sk = ss_store_sk
 and  ss_sold_date_sk = d_date_sk and d_year = 2001
 and((ss_hdemo_sk=hd_demo_sk
  and cd_demo_sk = ss_cdemo_sk
  and cd_marital_status = 'M'
  and cd_education_status = '2 yr Degree'
  and ss_sales_price between 100.00 and 150.00
  and hd_dep_count = 3   
     )or
     (ss_hdemo_sk=hd_demo_sk
  and cd_demo_sk = ss_cdemo_sk
  and cd_marital_status = 'U'
  and cd_education_status = 'Primary'
  and ss_sales_price between 50.00 and 100.00   
  and hd_dep_count = 1
     ) or 
     (ss_hdemo_sk=hd_demo_sk
  and cd_demo_sk = ss_cdemo_sk
  and cd_marital_status = 'D'
  and cd_education_status = 'Secondary'
  and ss_sales_price between 150.00 and 200.00 
  and hd_dep_count = 1  
     ))
 and((ss_addr_sk = ca_address_sk
  and ca_country = 'United States'
  and ca_state in ('LA', 'KY', 'AK')
  and ss_net_profit between 100 and 200  
     ) or
     (ss_addr_sk = ca_address_sk
  and ca_country = 'United States'
  and ca_state in ('OR', 'VA', 'MI')
  and ss_net_profit between 150 and 300  
     ) or
     (ss_addr_sk = ca_address_sk
  and ca_country = 'United States'
  and ca_state in ('NJ', 'NY', 'ID')
  and ss_net_profit between 50 and 250  
     ))
;
Aggregate  (cost=110861.50..110861.51 rows=1 width=56) (actual time=289.240..289.242 rows=1 loops=1)
  ->  Nested Loop  (cost=1.15..110861.49 rows=1 width=20) (actual time=267.118..289.230 rows=8 loops=1)
        Join Filter: (store_sales.ss_store_sk = store.s_store_sk)
        Rows Removed by Join Filter: 35
        ->  Nested Loop  (cost=1.15..110860.22 rows=1 width=28) (actual time=267.109..289.208 rows=8 loops=1)
              Join Filter: ((store_sales.ss_hdemo_sk = household_demographics.hd_demo_sk) AND (((customer_demographics.cd_marital_status = 'M'::bpchar) AND (customer_demographics.cd_education_status = '2 yr Degree'::bpchar) AND (store_sales.ss_sales_price >= '100'::double precision) AND (store_sales.ss_sales_price <= '150'::double precision) AND (household_demographics.hd_dep_count = 3)) OR ((customer_demographics.cd_marital_status = 'U'::bpchar) AND (customer_demographics.cd_education_status = 'Primary'::bpchar) AND (store_sales.ss_sales_price >= '50'::double precision) AND (store_sales.ss_sales_price <= '100'::double precision) AND (household_demographics.hd_dep_count = 1)) OR ((customer_demographics.cd_marital_status = 'D'::bpchar) AND (customer_demographics.cd_education_status = 'Secondary'::bpchar) AND (store_sales.ss_sales_price >= '150'::double precision) AND (store_sales.ss_sales_price <= '200'::double precision) AND (household_demographics.hd_dep_count = 1))))
              Rows Removed by Join Filter: 192952
              ->  Seq Scan on household_demographics  (cost=0.00..186.00 rows=1951 width=12) (actual time=0.014..0.699 rows=1440 loops=1)
                    Filter: ((hd_dep_count = 3) OR (hd_dep_count = 1) OR (hd_dep_count = 1))
                    Rows Removed by Filter: 5760
              ->  Materialize  (cost=1.15..110469.37 rows=2 width=67) (actual time=0.004..0.190 rows=134 loops=1440)
                    ->  Nested Loop  (cost=1.15..110469.36 rows=2 width=67) (actual time=5.228..266.430 rows=134 loops=1)
                          ->  Nested Loop  (cost=0.72..110451.06 rows=24 width=52) (actual time=4.366..259.454 rows=1729 loops=1)
                                ->  Nested Loop  (cost=0.43..110280.31 rows=459 width=68) (actual time=4.174..219.995 rows=17325 loops=1)
                                      ->  Seq Scan on date_dim  (cost=0.00..2318.11 rows=363 width=8) (actual time=4.159..9.269 rows=365 loops=1)
                                            Filter: (d_year = 2001)
                                            Rows Removed by Filter: 72684
                                      ->  Index Scan using i_ss_sold_date_sk on store_sales  (cost=0.43..296.91 rows=51 width=76) (actual time=0.017..0.573 rows=47 loops=365)
                                            Index Cond: (ss_sold_date_sk = date_dim.d_date_sk)
                                            Filter: ((((ss_sales_price >= '100'::double precision) AND (ss_sales_price <= '150'::double precision)) OR ((ss_sales_price >= '50'::double precision) AND (ss_sales_price <= '100'::double precision)) OR ((ss_sales_price >= '150'::double precision) AND (ss_sales_price <= '200'::double precision))) AND (((ss_net_profit >= '100'::double precision) AND (ss_net_profit <= '200'::double precision)) OR ((ss_net_profit >= '150'::double precision) AND (ss_net_profit <= '300'::double precision)) OR ((ss_net_profit >= '50'::double precision) AND (ss_net_profit <= '250'::double precision))))
                                            Rows Removed by Filter: 1432
                                ->  Index Scan using pk_customer_address on customer_address  (cost=0.29..0.36 rows=1 width=11) (actual time=0.002..0.002 rows=0 loops=17325)
                                      Index Cond: (ca_address_sk = store_sales.ss_addr_sk)
                                      Filter: (((ca_country)::text = 'United States'::text) AND ((ca_state = ANY ('{LA,KY,AK}'::bpchar[])) OR (ca_state = ANY ('{OR,VA,MI}'::bpchar[])) OR (ca_state = ANY ('{NJ,NY,ID}'::bpchar[]))) AND (((ca_state = ANY ('{LA,KY,AK}'::bpchar[])) AND (store_sales.ss_net_profit >= '100'::double precision) AND (store_sales.ss_net_profit <= '200'::double precision)) OR ((ca_state = ANY ('{OR,VA,MI}'::bpchar[])) AND (store_sales.ss_net_profit >= '150'::double precision) AND (store_sales.ss_net_profit <= '300'::double precision)) OR ((ca_state = ANY ('{NJ,NY,ID}'::bpchar[])) AND (store_sales.ss_net_profit >= '50'::double precision) AND (store_sales.ss_net_profit <= '250'::double precision))))
                                      Rows Removed by Filter: 1
                          ->  Index Scan using pk_customer_demographics on customer_demographics  (cost=0.43..0.76 rows=1 width=31) (actual time=0.004..0.004 rows=0 loops=1729)
                                Index Cond: (cd_demo_sk = store_sales.ss_cdemo_sk)
                                Filter: (((cd_marital_status = 'M'::bpchar) AND (cd_education_status = '2 yr Degree'::bpchar)) OR ((cd_marital_status = 'U'::bpchar) AND (cd_education_status = 'Primary'::bpchar)) OR ((cd_marital_status = 'D'::bpchar) AND (cd_education_status = 'Secondary'::bpchar)))
                                Rows Removed by Filter: 1
        ->  Seq Scan on store  (cost=0.00..1.12 rows=12 width=8) (actual time=0.001..0.001 rows=5 loops=8)
         avg         |        avg         |        avg         |        sum         
---------------------+--------------------+--------------------+--------------------
 45.0000000000000000 | 2986.1575000000003 | 2759.3737499999997 | 22074.989999999998
(1 row)

UPDATE time_statistics SET e_time = TRANSACTION_TIMESTAMP() WHERE template = 'query13.tpl' AND stream = 6;
psql:/tmp/s1-basline/throughput/query_6.sql:4581: NOTICE:  duration: 0.111 ms  plan:
Query Text: UPDATE time_statistics SET e_time = TRANSACTION_TIMESTAMP() WHERE template = 'query13.tpl' AND stream = 6;
Update on time_statistics  (cost=0.00..22.07 rows=0 width=0) (actual time=0.110..0.111 rows=0 loops=1)
  ->  Seq Scan on time_statistics  (cost=0.00..22.07 rows=1 width=14) (actual time=0.029..0.095 rows=1 loops=1)
        Filter: ((template = 'query13.tpl'::text) AND (stream = 6))
        Rows Removed by Filter: 752
UPDATE 1
LOAD 'auto_explain'; SET auto_explain.log_min_duration TO 0; SET auto_explain.log_analyze TO on; SET auto_explain.log_level TO notice; INSERT INTO time_statistics (template, s_time, stream, query, seed) VALUES ('query76.tpl', TRANSACTION_TIMESTAMP(), 6, 92, 613039243);
LOAD
SET
SET
SET
psql:/tmp/s1-basline/throughput/query_6.sql:4582: NOTICE:  duration: 0.009 ms  plan:
Query Text: INSERT INTO time_statistics (template, s_time, stream, query, seed) VALUES ('query76.tpl', TRANSACTION_TIMESTAMP(), 6, 92, 613039243);
Insert on time_statistics  (cost=0.00..0.01 rows=0 width=0) (actual time=0.009..0.009 rows=0 loops=1)
  ->  Result  (cost=0.00..0.01 rows=1 width=64) (actual time=0.002..0.002 rows=1 loops=1)
INSERT 0 1
select  channel, col_name, d_year, d_qoy, i_category, COUNT(*) sales_cnt, SUM(ext_sales_price) sales_amt FROM (
        SELECT 'store' as channel, 'ss_cdemo_sk' col_name, d_year, d_qoy, i_category, ss_ext_sales_price ext_sales_price
         FROM store_sales, item, date_dim
         WHERE ss_cdemo_sk IS NULL
           AND ss_sold_date_sk=d_date_sk
           AND ss_item_sk=i_item_sk
        UNION ALL
        SELECT 'web' as channel, 'ws_ship_hdemo_sk' col_name, d_year, d_qoy, i_category, ws_ext_sales_price ext_sales_price
         FROM web_sales, item, date_dim
         WHERE ws_ship_hdemo_sk IS NULL
           AND ws_sold_date_sk=d_date_sk
           AND ws_item_sk=i_item_sk
        UNION ALL
        SELECT 'catalog' as channel, 'cs_ship_customer_sk' col_name, d_year, d_qoy, i_category, cs_ext_sales_price ext_sales_price
         FROM catalog_sales, item, date_dim
         WHERE cs_ship_customer_sk IS NULL
           AND cs_sold_date_sk=d_date_sk
           AND cs_item_sk=i_item_sk) foo
GROUP BY channel, col_name, d_year, d_qoy, i_category
ORDER BY channel, col_name, d_year, d_qoy, i_category
limit 100;
psql:/tmp/s1-basline/throughput/query_6.sql:4603: NOTICE:  duration: 456.819 ms  plan:
Query Text: select  channel, col_name, d_year, d_qoy, i_category, COUNT(*) sales_cnt, SUM(ext_sales_price) sales_amt FROM (
        SELECT 'store' as channel, 'ss_cdemo_sk' col_name, d_year, d_qoy, i_category, ss_ext_sales_price ext_sales_price
         FROM store_sales, item, date_dim
         WHERE ss_cdemo_sk IS NULL
           AND ss_sold_date_sk=d_date_sk
           AND ss_item_sk=i_item_sk
        UNION ALL
        SELECT 'web' as channel, 'ws_ship_hdemo_sk' col_name, d_year, d_qoy, i_category, ws_ext_sales_price ext_sales_price
         FROM web_sales, item, date_dim
         WHERE ws_ship_hdemo_sk IS NULL
           AND ws_sold_date_sk=d_date_sk
           AND ws_item_sk=i_item_sk
        UNION ALL
        SELECT 'catalog' as channel, 'cs_ship_customer_sk' col_name, d_year, d_qoy, i_category, cs_ext_sales_price ext_sales_price
         FROM catalog_sales, item, date_dim
         WHERE cs_ship_customer_sk IS NULL
           AND cs_sold_date_sk=d_date_sk
           AND cs_item_sk=i_item_sk) foo
GROUP BY channel, col_name, d_year, d_qoy, i_category
ORDER BY channel, col_name, d_year, d_qoy, i_category
limit 100;
Limit  (cost=185302.39..185330.23 rows=100 width=139) (actual time=361.043..456.736 rows=100 loops=1)
  ->  Finalize GroupAggregate  (cost=185302.39..189178.97 rows=13927 width=139) (actual time=361.042..456.727 rows=100 loops=1)
        Group Key: ('store'::text), ('ss_cdemo_sk'::text), date_dim.d_year, date_dim.d_qoy, item.i_category
        ->  Gather Merge  (cost=185302.39..188552.25 rows=27854 width=139) (actual time=361.036..456.661 rows=151 loops=1)
              Workers Planned: 2
              Workers Launched: 2
              ->  Sort  (cost=184302.37..184337.19 rows=13927 width=139) (actual time=355.833..355.848 rows=239 loops=3)
                    Sort Key: ('store'::text), ('ss_cdemo_sk'::text), date_dim.d_year, date_dim.d_qoy, item.i_category
                    Sort Method: quicksort  Memory: 87kB
                    Worker 0:  Sort Method: quicksort  Memory: 82kB
                    Worker 1:  Sort Method: quicksort  Memory: 54kB
                    ->  Partial HashAggregate  (cost=183204.53..183343.80 rows=13927 width=139) (actual time=354.969..355.076 rows=376 loops=3)
                          Group Key: ('store'::text), ('ss_cdemo_sk'::text), date_dim.d_year, date_dim.d_qoy, item.i_category
                          Batches: 1  Memory Usage: 529kB
                          Worker 0:  Batches: 1  Memory Usage: 529kB
                          Worker 1:  Batches: 1  Memory Usage: 465kB
                          ->  Parallel Append  (cost=0.59..182189.01 rows=58030 width=131) (actual time=7.088..342.768 rows=22676 loops=3)
                                ->  Hash Join  (cost=1661.30..89329.36 rows=54888 width=131) (actual time=14.313..194.443 rows=21413 loops=3)
                                      Hash Cond: (store_sales.ss_item_sk = item.i_item_sk)
                                      ->  Nested Loop  (cost=0.30..87524.25 rows=54888 width=24) (actual time=0.068..172.611 rows=21413 loops=3)
                                            ->  Parallel Seq Scan on store_sales  (cost=0.00..85499.45 rows=57452 width=24) (actual time=0.025..152.031 rows=42997 loops=3)
                                                  Filter: (ss_cdemo_sk IS NULL)
                                                  Rows Removed by Filter: 905153
                                            ->  Memoize  (cost=0.30..0.33 rows=1 width=16) (actual time=0.000..0.000 rows=0 loops=128991)
                                                  Cache Key: store_sales.ss_sold_date_sk
                                                  Cache Mode: logical
                                                  Hits: 33367  Misses: 1798  Evictions: 0  Overflows: 0  Memory Usage: 211kB
                                                  Worker 0:  Hits: 26145  Misses: 1788  Evictions: 0  Overflows: 0  Memory Usage: 210kB
                                                  Worker 1:  Hits: 64088  Misses: 1805  Evictions: 0  Overflows: 0  Memory Usage: 212kB
                                                  ->  Index Scan using pk_date_dim on date_dim  (cost=0.29..0.32 rows=1 width=16) (actual time=0.002..0.002 rows=1 loops=5391)
                                                        Index Cond: (d_date_sk = store_sales.ss_sold_date_sk)
                                      ->  Hash  (cost=1436.00..1436.00 rows=18000 width=59) (actual time=14.116..14.117 rows=18000 loops=3)
                                            Buckets: 32768  Batches: 1  Memory Usage: 1941kB
                                            ->  Seq Scan on item  (cost=0.00..1436.00 rows=18000 width=59) (actual time=0.025..10.456 rows=18000 loops=3)
                                ->  Nested Loop  (cost=0.59..62087.74 rows=3112 width=131) (actual time=0.261..162.949 rows=1772 loops=2)
                                      ->  Nested Loop  (cost=0.30..60544.88 rows=3112 width=24) (actual time=0.222..155.903 rows=1772 loops=2)
                                            ->  Parallel Seq Scan on catalog_sales  (cost=0.00..59490.16 rows=3130 width=24) (actual time=0.070..152.173 rows=3590 loops=2)
                                                  Filter: (cs_ship_customer_sk IS NULL)
                                                  Rows Removed by Filter: 707094
                                            ->  Memoize  (cost=0.30..0.55 rows=1 width=16) (actual time=0.001..0.001 rows=0 loops=7180)
                                                  Cache Key: catalog_sales.cs_sold_date_sk
                                                  Cache Mode: logical
                                                  Hits: 2601  Misses: 828  Evictions: 0  Overflows: 0  Memory Usage: 97kB
                                                  Worker 0:  Hits: 2841  Misses: 910  Evictions: 0  Overflows: 0  Memory Usage: 107kB
                                                  ->  Index Scan using pk_date_dim on date_dim date_dim_1  (cost=0.29..0.54 rows=1 width=16) (actual time=0.002..0.002 rows=1 loops=1738)
                                                        Index Cond: (d_date_sk = catalog_sales.cs_sold_date_sk)
                                      ->  Index Scan using pk_item on item item_1  (cost=0.29..0.50 rows=1 width=59) (actual time=0.003..0.003 rows=1 loops=3544)
                                            Index Cond: (i_item_sk = catalog_sales.cs_item_sk)
                                ->  Nested Loop  (cost=0.58..29901.46 rows=30 width=131) (actual time=0.450..114.398 rows=244 loops=1)
                                      ->  Nested Loop  (cost=0.29..29831.66 rows=30 width=67) (actual time=0.144..113.865 rows=321 loops=1)
                                            ->  Parallel Seq Scan on web_sales  (cost=0.00..29771.63 rows=30 width=24) (actual time=0.136..112.705 rows=321 loops=1)
                                                  Filter: (ws_ship_hdemo_sk IS NULL)
                                                  Rows Removed by Filter: 711234
                                            ->  Index Scan using pk_item on item item_2  (cost=0.29..2.00 rows=1 width=59) (actual time=0.003..0.003 rows=1 loops=321)
                                                  Index Cond: (i_item_sk = web_sales.ws_item_sk)
                                      ->  Index Scan using pk_date_dim on date_dim date_dim_2  (cost=0.29..2.33 rows=1 width=16) (actual time=0.001..0.001 rows=1 loops=321)
                                            Index Cond: (d_date_sk = web_sales.ws_sold_date_sk)
 channel |      col_name       | d_year | d_qoy |                     i_category                     | sales_cnt |     sales_amt      
---------+---------------------+--------+-------+----------------------------------------------------+-----------+--------------------
 catalog | cs_ship_customer_sk |   1998 |     1 | Books                                              |        17 |           17142.54
 catalog | cs_ship_customer_sk |   1998 |     1 | Children                                           |         9 |            6903.88
 catalog | cs_ship_customer_sk |   1998 |     1 | Electronics                                        |         9 |           34304.57
 catalog | cs_ship_customer_sk |   1998 |     1 | Home                                               |         7 |                   
 catalog | cs_ship_customer_sk |   1998 |     1 | Jewelry                                            |        12 |           19220.36
 catalog | cs_ship_customer_sk |   1998 |     1 | Men                                                |        13 |           12121.82
 catalog | cs_ship_customer_sk |   1998 |     1 | Music                                              |        17 |           22999.54
 catalog | cs_ship_customer_sk |   1998 |     1 | Shoes                                              |        12 |            9600.34
 catalog | cs_ship_customer_sk |   1998 |     1 | Sports                                             |        11 |           23033.78
 catalog | cs_ship_customer_sk |   1998 |     1 | Women                                              |        10 | 2441.8500000000004
 catalog | cs_ship_customer_sk |   1998 |     2 | Books                                              |        15 | 17959.760000000002
 catalog | cs_ship_customer_sk |   1998 |     2 | Children                                           |        14 |            5362.16
 catalog | cs_ship_customer_sk |   1998 |     2 | Electronics                                        |         7 |            4419.54
 catalog | cs_ship_customer_sk |   1998 |     2 | Home                                               |         6 |             2545.7
 catalog | cs_ship_customer_sk |   1998 |     2 | Jewelry                                            |        12 |           10044.22
 catalog | cs_ship_customer_sk |   1998 |     2 | Men                                                |         9 |           21248.25
 catalog | cs_ship_customer_sk |   1998 |     2 | Music                                              |         5 |            3124.27
 catalog | cs_ship_customer_sk |   1998 |     2 | Shoes                                              |        11 |           18321.84
 catalog | cs_ship_customer_sk |   1998 |     2 | Sports                                             |         9 |            1759.67
 catalog | cs_ship_customer_sk |   1998 |     2 | Women                                              |        16 |            18948.1
 catalog | cs_ship_customer_sk |   1998 |     3 | Books                                              |        16 | 34412.520000000004
 catalog | cs_ship_customer_sk |   1998 |     3 | Children                                           |        20 |           33415.66
 catalog | cs_ship_customer_sk |   1998 |     3 | Electronics                                        |        21 |              22330
 catalog | cs_ship_customer_sk |   1998 |     3 | Home                                               |        18 | 14967.449999999999
 catalog | cs_ship_customer_sk |   1998 |     3 | Jewelry                                            |        22 |           12961.57
 catalog | cs_ship_customer_sk |   1998 |     3 | Men                                                |        22 | 17479.600000000002
 catalog | cs_ship_customer_sk |   1998 |     3 | Music                                              |        19 |           15927.99
 catalog | cs_ship_customer_sk |   1998 |     3 | Shoes                                              |        17 | 13506.150000000001
 catalog | cs_ship_customer_sk |   1998 |     3 | Sports                                             |        15 |           20250.55
 catalog | cs_ship_customer_sk |   1998 |     3 | Women                                              |        22 |           34748.28
 catalog | cs_ship_customer_sk |   1998 |     3 |                                                    |         1 |                   
 catalog | cs_ship_customer_sk |   1998 |     4 | Books                                              |        19 | 25322.300000000003
 catalog | cs_ship_customer_sk |   1998 |     4 | Children                                           |        28 |           37867.25
 catalog | cs_ship_customer_sk |   1998 |     4 | Electronics                                        |        39 |  40097.64000000001
 catalog | cs_ship_customer_sk |   1998 |     4 | Home                                               |        21 | 15809.469999999998
 catalog | cs_ship_customer_sk |   1998 |     4 | Jewelry                                            |        34 |           36983.89
 catalog | cs_ship_customer_sk |   1998 |     4 | Men                                                |        37 | 34410.600000000006
 catalog | cs_ship_customer_sk |   1998 |     4 | Music                                              |        21 |           33757.75
 catalog | cs_ship_customer_sk |   1998 |     4 | Shoes                                              |        34 |           57057.57
 catalog | cs_ship_customer_sk |   1998 |     4 | Sports                                             |        26 |           32824.96
 catalog | cs_ship_customer_sk |   1998 |     4 | Women                                              |        36 |  97203.21000000002
 catalog | cs_ship_customer_sk |   1999 |     1 | Books                                              |         9 |            6794.58
 catalog | cs_ship_customer_sk |   1999 |     1 | Children                                           |        13 |           15755.22
 catalog | cs_ship_customer_sk |   1999 |     1 | Electronics                                        |         5 |            5910.04
 catalog | cs_ship_customer_sk |   1999 |     1 | Home                                               |         6 |            6715.87
 catalog | cs_ship_customer_sk |   1999 |     1 | Jewelry                                            |        10 |  6246.860000000001
 catalog | cs_ship_customer_sk |   1999 |     1 | Men                                                |        12 |           11137.18
 catalog | cs_ship_customer_sk |   1999 |     1 | Music                                              |        10 |  6452.639999999999
 catalog | cs_ship_customer_sk |   1999 |     1 | Shoes                                              |         8 |            9096.28
 catalog | cs_ship_customer_sk |   1999 |     1 | Sports                                             |         6 |            8880.07
 catalog | cs_ship_customer_sk |   1999 |     1 | Women                                              |        16 | 18180.780000000002
 catalog | cs_ship_customer_sk |   1999 |     2 | Books                                              |         9 |            3572.92
 catalog | cs_ship_customer_sk |   1999 |     2 | Children                                           |         6 |           27031.35
 catalog | cs_ship_customer_sk |   1999 |     2 | Electronics                                        |        10 |           13840.82
 catalog | cs_ship_customer_sk |   1999 |     2 | Home                                               |        13 |            11324.1
 catalog | cs_ship_customer_sk |   1999 |     2 | Jewelry                                            |        11 | 25105.339999999997
 catalog | cs_ship_customer_sk |   1999 |     2 | Men                                                |        10 |           11202.66
 catalog | cs_ship_customer_sk |   1999 |     2 | Music                                              |        12 |           16923.54
 catalog | cs_ship_customer_sk |   1999 |     2 | Shoes                                              |        10 |           11060.48
 catalog | cs_ship_customer_sk |   1999 |     2 | Sports                                             |        10 |           17693.97
 catalog | cs_ship_customer_sk |   1999 |     2 | Women                                              |         9 |            5297.32
 catalog | cs_ship_customer_sk |   1999 |     3 | Books                                              |        16 | 11109.800000000001
 catalog | cs_ship_customer_sk |   1999 |     3 | Children                                           |        13 |  5896.950000000001
 catalog | cs_ship_customer_sk |   1999 |     3 | Electronics                                        |        20 |           28909.63
 catalog | cs_ship_customer_sk |   1999 |     3 | Home                                               |        17 |           12059.75
 catalog | cs_ship_customer_sk |   1999 |     3 | Jewelry                                            |        22 |           16768.69
 catalog | cs_ship_customer_sk |   1999 |     3 | Men                                                |        19 |           18567.76
 catalog | cs_ship_customer_sk |   1999 |     3 | Music                                              |        19 |            5728.13
 catalog | cs_ship_customer_sk |   1999 |     3 | Shoes                                              |        22 | 15546.559999999998
 catalog | cs_ship_customer_sk |   1999 |     3 | Sports                                             |        13 | 11887.789999999999
 catalog | cs_ship_customer_sk |   1999 |     3 | Women                                              |        14 |            5055.01
 catalog | cs_ship_customer_sk |   1999 |     4 | Books                                              |        25 |           48370.72
 catalog | cs_ship_customer_sk |   1999 |     4 | Children                                           |        26 |           24735.85
 catalog | cs_ship_customer_sk |   1999 |     4 | Electronics                                        |        34 |           79866.31
 catalog | cs_ship_customer_sk |   1999 |     4 | Home                                               |        37 |           33420.59
 catalog | cs_ship_customer_sk |   1999 |     4 | Jewelry                                            |        34 |           28364.82
 catalog | cs_ship_customer_sk |   1999 |     4 | Men                                                |        33 |           45377.71
 catalog | cs_ship_customer_sk |   1999 |     4 | Music                                              |        30 |           34510.34
 catalog | cs_ship_customer_sk |   1999 |     4 | Shoes                                              |        36 |            53441.8
 catalog | cs_ship_customer_sk |   1999 |     4 | Sports                                             |        26 | 28701.120000000003
 catalog | cs_ship_customer_sk |   1999 |     4 | Women                                              |        28 |           37455.49
 catalog | cs_ship_customer_sk |   1999 |     4 |                                                    |         1 |                   
 catalog | cs_ship_customer_sk |   2000 |     1 | Books                                              |         9 |           19104.37
 catalog | cs_ship_customer_sk |   2000 |     1 | Children                                           |        11 |  8824.609999999999
 catalog | cs_ship_customer_sk |   2000 |     1 | Electronics                                        |         1 |            1360.04
 catalog | cs_ship_customer_sk |   2000 |     1 | Home                                               |         8 |           13501.06
 catalog | cs_ship_customer_sk |   2000 |     1 | Jewelry                                            |        13 | 2654.4000000000005
 catalog | cs_ship_customer_sk |   2000 |     1 | Men                                                |         9 |           17891.16
 catalog | cs_ship_customer_sk |   2000 |     1 | Music                                              |        16 |  9397.109999999999
 catalog | cs_ship_customer_sk |   2000 |     1 | Shoes                                              |        13 | 24149.380000000005
 catalog | cs_ship_customer_sk |   2000 |     1 | Sports                                             |         5 |           19497.02
 catalog | cs_ship_customer_sk |   2000 |     1 | Women                                              |         8 |            4705.86
 catalog | cs_ship_customer_sk |   2000 |     2 | Books                                              |        11 |           18901.81
 catalog | cs_ship_customer_sk |   2000 |     2 | Children                                           |        10 |           24050.22
 catalog | cs_ship_customer_sk |   2000 |     2 | Electronics                                        |         4 | 16377.310000000001
 catalog | cs_ship_customer_sk |   2000 |     2 | Home                                               |         8 |            5144.59
 catalog | cs_ship_customer_sk |   2000 |     2 | Jewelry                                            |         7 |           27505.39
 catalog | cs_ship_customer_sk |   2000 |     2 | Men                                                |         7 |            1893.42
 catalog | cs_ship_customer_sk |   2000 |     2 | Music                                              |         6 |            3901.03
 catalog | cs_ship_customer_sk |   2000 |     2 | Shoes                                              |        11 |            3175.51
(100 rows)

UPDATE time_statistics SET e_time = TRANSACTION_TIMESTAMP() WHERE template = 'query76.tpl' AND stream = 6;
psql:/tmp/s1-basline/throughput/query_6.sql:4605: NOTICE:  duration: 0.110 ms  plan:
Query Text: UPDATE time_statistics SET e_time = TRANSACTION_TIMESTAMP() WHERE template = 'query76.tpl' AND stream = 6;
Update on time_statistics  (cost=0.00..22.07 rows=0 width=0) (actual time=0.110..0.110 rows=0 loops=1)
  ->  Seq Scan on time_statistics  (cost=0.00..22.07 rows=1 width=14) (actual time=0.029..0.093 rows=1 loops=1)
        Filter: ((template = 'query76.tpl'::text) AND (stream = 6))
        Rows Removed by Filter: 753
UPDATE 1
LOAD 'auto_explain'; SET auto_explain.log_min_duration TO 0; SET auto_explain.log_analyze TO on; SET auto_explain.log_level TO notice; INSERT INTO time_statistics (template, s_time, stream, query, seed) VALUES ('query17.tpl', TRANSACTION_TIMESTAMP(), 6, 93, 1871502442);
LOAD
SET
SET
SET
psql:/tmp/s1-basline/throughput/query_6.sql:4606: NOTICE:  duration: 0.008 ms  plan:
Query Text: INSERT INTO time_statistics (template, s_time, stream, query, seed) VALUES ('query17.tpl', TRANSACTION_TIMESTAMP(), 6, 93, 1871502442);
Insert on time_statistics  (cost=0.00..0.01 rows=0 width=0) (actual time=0.007..0.007 rows=0 loops=1)
  ->  Result  (cost=0.00..0.01 rows=1 width=64) (actual time=0.001..0.001 rows=1 loops=1)
INSERT 0 1
select  i_item_id
       ,i_item_desc
       ,s_state
       ,count(ss_quantity) as store_sales_quantitycount
       ,avg(ss_quantity) as store_sales_quantityave
       ,stddev_samp(ss_quantity) as store_sales_quantitystdev
       ,stddev_samp(ss_quantity)/avg(ss_quantity) as store_sales_quantitycov
       ,count(sr_return_quantity) as store_returns_quantitycount
       ,avg(sr_return_quantity) as store_returns_quantityave
       ,stddev_samp(sr_return_quantity) as store_returns_quantitystdev
       ,stddev_samp(sr_return_quantity)/avg(sr_return_quantity) as store_returns_quantitycov
       ,count(cs_quantity) as catalog_sales_quantitycount ,avg(cs_quantity) as catalog_sales_quantityave
       ,stddev_samp(cs_quantity) as catalog_sales_quantitystdev
       ,stddev_samp(cs_quantity)/avg(cs_quantity) as catalog_sales_quantitycov
 from store_sales
     ,store_returns
     ,catalog_sales
     ,date_dim d1
     ,date_dim d2
     ,date_dim d3
     ,store
     ,item
 where d1.d_quarter_name = '2000Q1'
   and d1.d_date_sk = ss_sold_date_sk
   and i_item_sk = ss_item_sk
   and s_store_sk = ss_store_sk
   and ss_customer_sk = sr_customer_sk
   and ss_item_sk = sr_item_sk
   and ss_ticket_number = sr_ticket_number
   and sr_returned_date_sk = d2.d_date_sk
   and d2.d_quarter_name in ('2000Q1','2000Q2','2000Q3')
   and sr_customer_sk = cs_bill_customer_sk
   and sr_item_sk = cs_item_sk
   and cs_sold_date_sk = d3.d_date_sk
   and d3.d_quarter_name in ('2000Q1','2000Q2','2000Q3')
 group by i_item_id
         ,i_item_desc
         ,s_state
 order by i_item_id
         ,i_item_desc
         ,s_state
limit 100;
psql:/tmp/s1-basline/throughput/query_6.sql:4648: NOTICE:  duration: 2691.357 ms  plan:
Query Text: select  i_item_id
       ,i_item_desc
       ,s_state
       ,count(ss_quantity) as store_sales_quantitycount
       ,avg(ss_quantity) as store_sales_quantityave
       ,stddev_samp(ss_quantity) as store_sales_quantitystdev
       ,stddev_samp(ss_quantity)/avg(ss_quantity) as store_sales_quantitycov
       ,count(sr_return_quantity) as store_returns_quantitycount
       ,avg(sr_return_quantity) as store_returns_quantityave
       ,stddev_samp(sr_return_quantity) as store_returns_quantitystdev
       ,stddev_samp(sr_return_quantity)/avg(sr_return_quantity) as store_returns_quantitycov
       ,count(cs_quantity) as catalog_sales_quantitycount ,avg(cs_quantity) as catalog_sales_quantityave
       ,stddev_samp(cs_quantity) as catalog_sales_quantitystdev
       ,stddev_samp(cs_quantity)/avg(cs_quantity) as catalog_sales_quantitycov
 from store_sales
     ,store_returns
     ,catalog_sales
     ,date_dim d1
     ,date_dim d2
     ,date_dim d3
     ,store
     ,item
 where d1.d_quarter_name = '2000Q1'
   and d1.d_date_sk = ss_sold_date_sk
   and i_item_sk = ss_item_sk
   and s_store_sk = ss_store_sk
   and ss_customer_sk = sr_customer_sk
   and ss_item_sk = sr_item_sk
   and ss_ticket_number = sr_ticket_number
   and sr_returned_date_sk = d2.d_date_sk
   and d2.d_quarter_name in ('2000Q1','2000Q2','2000Q3')
   and sr_customer_sk = cs_bill_customer_sk
   and sr_item_sk = cs_item_sk
   and cs_sold_date_sk = d3.d_date_sk
   and d3.d_quarter_name in ('2000Q1','2000Q2','2000Q3')
 group by i_item_id
         ,i_item_desc
         ,s_state
 order by i_item_id
         ,i_item_desc
         ,s_state
limit 100;
Limit  (cost=11808.71..11808.77 rows=1 width=434) (actual time=2691.345..2691.354 rows=0 loops=1)
  ->  GroupAggregate  (cost=11808.71..11808.77 rows=1 width=434) (actual time=2691.344..2691.353 rows=0 loops=1)
        Group Key: item.i_item_id, item.i_item_desc, store.s_state
        ->  Sort  (cost=11808.71..11808.71 rows=1 width=134) (actual time=2691.343..2691.351 rows=0 loops=1)
              Sort Key: item.i_item_id, item.i_item_desc, store.s_state
              Sort Method: quicksort  Memory: 25kB
              ->  Nested Loop  (cost=2.15..11808.70 rows=1 width=134) (actual time=2691.336..2691.344 rows=0 loops=1)
                    ->  Nested Loop  (cost=1.86..11808.39 rows=1 width=39) (actual time=2691.336..2691.339 rows=0 loops=1)
                          Join Filter: (store_sales.ss_store_sk = store.s_store_sk)
                          ->  Nested Loop  (cost=1.86..11807.12 rows=1 width=44) (actual time=2691.336..2691.339 rows=0 loops=1)
                                ->  Nested Loop  (cost=1.57..11806.81 rows=1 width=52) (actual time=891.133..2691.321 rows=3 loops=1)
                                      ->  Nested Loop  (cost=1.28..11806.49 rows=1 width=60) (actual time=79.325..2691.154 rows=26 loops=1)
                                            ->  Nested Loop  (cost=0.85..11804.27 rows=1 width=56) (actual time=9.260..233.136 rows=29307 loops=1)
                                                  ->  Nested Loop  (cost=0.42..10978.66 rows=1040 width=28) (actual time=9.252..65.288 rows=40394 loops=1)
                                                        ->  Seq Scan on date_dim d2  (cost=0.00..2409.42 rows=273 width=8) (actual time=9.241..19.728 rows=274 loops=1)
                                                              Filter: (d_quarter_name = ANY ('{2000Q1,2000Q2,2000Q3}'::bpchar[]))
                                                              Rows Removed by Filter: 72775
                                                        ->  Index Scan using i_sr_returned_date_sk on store_returns  (cost=0.42..29.99 rows=140 width=36) (actual time=0.004..0.138 rows=147 loops=274)
                                                              Index Cond: (sr_returned_date_sk = d2.d_date_sk)
                                                  ->  Index Scan using pk_store_sales on store_sales  (cost=0.43..0.78 rows=1 width=44) (actual time=0.004..0.004 rows=1 loops=40394)
                                                        Index Cond: ((ss_item_sk = store_returns.sr_item_sk) AND (ss_ticket_number = store_returns.sr_ticket_number))
                                                        Filter: (store_returns.sr_customer_sk = ss_customer_sk)
                                                        Rows Removed by Filter: 0
                                            ->  Index Scan using pk_catalog_sales on catalog_sales  (cost=0.43..2.21 rows=1 width=28) (actual time=0.084..0.084 rows=0 loops=29307)
                                                  Index Cond: (cs_item_sk = store_sales.ss_item_sk)
                                                  Filter: (store_sales.ss_customer_sk = cs_bill_customer_sk)
                                                  Rows Removed by Filter: 105
                                      ->  Index Scan using pk_date_dim on date_dim d1  (cost=0.29..0.31 rows=1 width=8) (actual time=0.005..0.005 rows=0 loops=26)
                                            Index Cond: (d_date_sk = store_sales.ss_sold_date_sk)
                                            Filter: (d_quarter_name = '2000Q1'::bpchar)
                                            Rows Removed by Filter: 1
                                ->  Index Scan using pk_date_dim on date_dim d3  (cost=0.29..0.31 rows=1 width=8) (actual time=0.005..0.005 rows=0 loops=3)
                                      Index Cond: (d_date_sk = catalog_sales.cs_sold_date_sk)
                                      Filter: (d_quarter_name = ANY ('{2000Q1,2000Q2,2000Q3}'::bpchar[]))
                                      Rows Removed by Filter: 1
                          ->  Seq Scan on store  (cost=0.00..1.12 rows=12 width=11) (never executed)
                    ->  Index Scan using pk_item on item  (cost=0.29..0.31 rows=1 width=127) (never executed)
                          Index Cond: (i_item_sk = store_sales.ss_item_sk)
 i_item_id | i_item_desc | s_state | store_sales_quantitycount | store_sales_quantityave | store_sales_quantitystdev | store_sales_quantitycov | store_returns_quantitycount | store_returns_quantityave | store_returns_quantitystdev | store_returns_quantitycov | catalog_sales_quantitycount | catalog_sales_quantityave | catalog_sales_quantitystdev | catalog_sales_quantitycov 
-----------+-------------+---------+---------------------------+-------------------------+---------------------------+-------------------------+-----------------------------+---------------------------+-----------------------------+---------------------------+-----------------------------+---------------------------+-----------------------------+---------------------------
(0 rows)

UPDATE time_statistics SET e_time = TRANSACTION_TIMESTAMP() WHERE template = 'query17.tpl' AND stream = 6;
psql:/tmp/s1-basline/throughput/query_6.sql:4650: NOTICE:  duration: 0.106 ms  plan:
Query Text: UPDATE time_statistics SET e_time = TRANSACTION_TIMESTAMP() WHERE template = 'query17.tpl' AND stream = 6;
Update on time_statistics  (cost=0.00..22.07 rows=0 width=0) (actual time=0.105..0.105 rows=0 loops=1)
  ->  Seq Scan on time_statistics  (cost=0.00..22.07 rows=1 width=14) (actual time=0.062..0.091 rows=1 loops=1)
        Filter: ((template = 'query17.tpl'::text) AND (stream = 6))
        Rows Removed by Filter: 754
UPDATE 1
LOAD 'auto_explain'; SET auto_explain.log_min_duration TO 0; SET auto_explain.log_analyze TO on; SET auto_explain.log_level TO notice; INSERT INTO time_statistics (template, s_time, stream, query, seed) VALUES ('query25.tpl', TRANSACTION_TIMESTAMP(), 6, 94, 1557385781);
LOAD
SET
SET
SET
psql:/tmp/s1-basline/throughput/query_6.sql:4651: NOTICE:  duration: 0.009 ms  plan:
Query Text: INSERT INTO time_statistics (template, s_time, stream, query, seed) VALUES ('query25.tpl', TRANSACTION_TIMESTAMP(), 6, 94, 1557385781);
Insert on time_statistics  (cost=0.00..0.01 rows=0 width=0) (actual time=0.008..0.008 rows=0 loops=1)
  ->  Result  (cost=0.00..0.01 rows=1 width=64) (actual time=0.002..0.002 rows=1 loops=1)
INSERT 0 1
select  
 i_item_id
 ,i_item_desc
 ,s_store_id
 ,s_store_name
 ,sum(ss_net_profit) as store_sales_profit
 ,sum(sr_net_loss) as store_returns_loss
 ,sum(cs_net_profit) as catalog_sales_profit
 from
 store_sales
 ,store_returns
 ,catalog_sales
 ,date_dim d1
 ,date_dim d2
 ,date_dim d3
 ,store
 ,item
 where
 d1.d_moy = 4
 and d1.d_year = 1999
 and d1.d_date_sk = ss_sold_date_sk
 and i_item_sk = ss_item_sk
 and s_store_sk = ss_store_sk
 and ss_customer_sk = sr_customer_sk
 and ss_item_sk = sr_item_sk
 and ss_ticket_number = sr_ticket_number
 and sr_returned_date_sk = d2.d_date_sk
 and d2.d_moy               between 4 and  10
 and d2.d_year              = 1999
 and sr_customer_sk = cs_bill_customer_sk
 and sr_item_sk = cs_item_sk
 and cs_sold_date_sk = d3.d_date_sk
 and d3.d_moy               between 4 and  10 
 and d3.d_year              = 1999
 group by
 i_item_id
 ,i_item_desc
 ,s_store_id
 ,s_store_name
 order by
 i_item_id
 ,i_item_desc
 ,s_store_id
 ,s_store_name
 limit 100;
psql:/tmp/s1-basline/throughput/query_6.sql:4696: NOTICE:  duration: 1766.633 ms  plan:
Query Text: select  
 i_item_id
 ,i_item_desc
 ,s_store_id
 ,s_store_name
 ,sum(ss_net_profit) as store_sales_profit
 ,sum(sr_net_loss) as store_returns_loss
 ,sum(cs_net_profit) as catalog_sales_profit
 from
 store_sales
 ,store_returns
 ,catalog_sales
 ,date_dim d1
 ,date_dim d2
 ,date_dim d3
 ,store
 ,item
 where
 d1.d_moy = 4
 and d1.d_year = 1999
 and d1.d_date_sk = ss_sold_date_sk
 and i_item_sk = ss_item_sk
 and s_store_sk = ss_store_sk
 and ss_customer_sk = sr_customer_sk
 and ss_item_sk = sr_item_sk
 and ss_ticket_number = sr_ticket_number
 and sr_returned_date_sk = d2.d_date_sk
 and d2.d_moy               between 4 and  10
 and d2.d_year              = 1999
 and sr_customer_sk = cs_bill_customer_sk
 and sr_item_sk = cs_item_sk
 and cs_sold_date_sk = d3.d_date_sk
 and d3.d_moy               between 4 and  10 
 and d3.d_year              = 1999
 group by
 i_item_id
 ,i_item_desc
 ,s_store_id
 ,s_store_name
 order by
 i_item_id
 ,i_item_desc
 ,s_store_id
 ,s_store_name
 limit 100;
Limit  (cost=11607.04..11607.08 rows=1 width=165) (actual time=1766.617..1766.622 rows=1 loops=1)
  ->  GroupAggregate  (cost=11607.04..11607.08 rows=1 width=165) (actual time=1766.616..1766.620 rows=1 loops=1)
        Group Key: item.i_item_id, item.i_item_desc, store.s_store_id, store.s_store_name
        ->  Sort  (cost=11607.04..11607.05 rows=1 width=165) (actual time=1766.607..1766.610 rows=1 loops=1)
              Sort Key: item.i_item_id, item.i_item_desc, store.s_store_id, store.s_store_name
              Sort Method: quicksort  Memory: 25kB
              ->  Nested Loop  (cost=2.15..11607.03 rows=1 width=165) (actual time=1179.982..1766.599 rows=1 loops=1)
                    ->  Nested Loop  (cost=1.86..11606.73 rows=1 width=70) (actual time=1179.974..1766.590 rows=1 loops=1)
                          Join Filter: (store_sales.ss_store_sk = store.s_store_sk)
                          Rows Removed by Join Filter: 9
                          ->  Nested Loop  (cost=1.86..11605.46 rows=1 width=56) (actual time=1179.963..1766.578 rows=1 loops=1)
                                ->  Nested Loop  (cost=1.57..11605.14 rows=1 width=64) (actual time=376.741..1766.566 rows=2 loops=1)
                                      ->  Nested Loop  (cost=1.28..11604.82 rows=1 width=72) (actual time=210.635..1766.442 rows=20 loops=1)
                                            ->  Nested Loop  (cost=0.85..11602.60 rows=1 width=64) (actual time=4.548..152.467 rows=19014 loops=1)
                                                  ->  Nested Loop  (cost=0.42..10961.16 rows=808 width=32) (actual time=4.539..41.774 rows=25974 loops=1)
                                                        ->  Seq Scan on date_dim d2  (cost=0.00..2683.36 rows=212 width=8) (actual time=4.514..10.083 rows=214 loops=1)
                                                              Filter: ((d_moy >= 4) AND (d_moy <= 10) AND (d_year = 1999))
                                                              Rows Removed by Filter: 72835
                                                        ->  Index Scan using i_sr_returned_date_sk on store_returns  (cost=0.42..37.65 rows=140 width=40) (actual time=0.004..0.115 rows=121 loops=214)
                                                              Index Cond: (sr_returned_date_sk = d2.d_date_sk)
                                                  ->  Index Scan using pk_store_sales on store_sales  (cost=0.43..0.78 rows=1 width=48) (actual time=0.004..0.004 rows=1 loops=25974)
                                                        Index Cond: ((ss_item_sk = store_returns.sr_item_sk) AND (ss_ticket_number = store_returns.sr_ticket_number))
                                                        Filter: (store_returns.sr_customer_sk = ss_customer_sk)
                                                        Rows Removed by Filter: 0
                                            ->  Index Scan using pk_catalog_sales on catalog_sales  (cost=0.43..2.21 rows=1 width=32) (actual time=0.085..0.085 rows=0 loops=19014)
                                                  Index Cond: (cs_item_sk = store_sales.ss_item_sk)
                                                  Filter: (store_sales.ss_customer_sk = cs_bill_customer_sk)
                                                  Rows Removed by Filter: 105
                                      ->  Index Scan using pk_date_dim on date_dim d1  (cost=0.29..0.32 rows=1 width=8) (actual time=0.005..0.005 rows=0 loops=20)
                                            Index Cond: (d_date_sk = store_sales.ss_sold_date_sk)
                                            Filter: ((d_moy = 4) AND (d_year = 1999))
                                            Rows Removed by Filter: 1
                                ->  Index Scan using pk_date_dim on date_dim d3  (cost=0.29..0.32 rows=1 width=8) (actual time=0.004..0.004 rows=0 loops=2)
                                      Index Cond: (d_date_sk = catalog_sales.cs_sold_date_sk)
                                      Filter: ((d_moy >= 4) AND (d_moy <= 10) AND (d_year = 1999))
                                      Rows Removed by Filter: 0
                          ->  Seq Scan on store  (cost=0.00..1.12 rows=12 width=30) (actual time=0.008..0.008 rows=10 loops=1)
                    ->  Index Scan using pk_item on item  (cost=0.29..0.31 rows=1 width=127) (actual time=0.006..0.006 rows=1 loops=1)
                          Index Cond: (i_item_sk = store_sales.ss_item_sk)
    i_item_id     |                                                 i_item_desc                                                 |    s_store_id    | s_store_name | store_sales_profit | store_returns_loss | catalog_sales_profit 
------------------+-------------------------------------------------------------------------------------------------------------+------------------+--------------+--------------------+--------------------+----------------------
 AAAAAAAAOIICAAAA | Sure tired hours go generally subjects. Possible, high politicians help sometimes black, british computers. | AAAAAAAAKAAAAAAA | bar          |             -327.6 |             107.23 |               498.56
(1 row)

UPDATE time_statistics SET e_time = TRANSACTION_TIMESTAMP() WHERE template = 'query25.tpl' AND stream = 6;
psql:/tmp/s1-basline/throughput/query_6.sql:4698: NOTICE:  duration: 0.101 ms  plan:
Query Text: UPDATE time_statistics SET e_time = TRANSACTION_TIMESTAMP() WHERE template = 'query25.tpl' AND stream = 6;
Update on time_statistics  (cost=0.00..22.34 rows=0 width=0) (actual time=0.101..0.101 rows=0 loops=1)
  ->  Seq Scan on time_statistics  (cost=0.00..22.34 rows=1 width=14) (actual time=0.060..0.089 rows=1 loops=1)
        Filter: ((template = 'query25.tpl'::text) AND (stream = 6))
        Rows Removed by Filter: 755
UPDATE 1
LOAD 'auto_explain'; SET auto_explain.log_min_duration TO 0; SET auto_explain.log_analyze TO on; SET auto_explain.log_level TO notice; INSERT INTO time_statistics (template, s_time, stream, query, seed) VALUES ('../query_postgresql/query40.tpl', TRANSACTION_TIMESTAMP(), 6, 95, 1972157709);
LOAD
SET
SET
SET
psql:/tmp/s1-basline/throughput/query_6.sql:4699: NOTICE:  duration: 0.019 ms  plan:
Query Text: INSERT INTO time_statistics (template, s_time, stream, query, seed) VALUES ('../query_postgresql/query40.tpl', TRANSACTION_TIMESTAMP(), 6, 95, 1972157709);
Insert on time_statistics  (cost=0.00..0.01 rows=0 width=0) (actual time=0.018..0.018 rows=0 loops=1)
  ->  Result  (cost=0.00..0.01 rows=1 width=64) (actual time=0.001..0.002 rows=1 loops=1)
INSERT 0 1
select  
   w_state
  ,i_item_id
  ,sum(case when (cast(d_date as date) < cast ('1999-03-24' as date)) 
 		then cs_sales_price - coalesce(cr_refunded_cash,0) else 0 end) as sales_before
  ,sum(case when (cast(d_date as date) >= cast ('1999-03-24' as date)) 
 		then cs_sales_price - coalesce(cr_refunded_cash,0) else 0 end) as sales_after
 from
   catalog_sales left outer join catalog_returns on
       (cs_order_number = cr_order_number 
        and cs_item_sk = cr_item_sk)
  ,warehouse 
  ,item
  ,date_dim
 where
     i_current_price between 0.99 and 1.49
 and i_item_sk          = cs_item_sk
 and cs_warehouse_sk    = w_warehouse_sk 
 and cs_sold_date_sk    = d_date_sk
 and d_date between (cast ('1999-03-24' as date) - interval '30 days')
                and (cast ('1999-03-24' as date) + interval '30 days') 
 group by
    w_state,i_item_id
 order by w_state,i_item_id
limit 100;
psql:/tmp/s1-basline/throughput/query_6.sql:4724: NOTICE:  duration: 60.085 ms  plan:
Query Text: select  
   w_state
  ,i_item_id
  ,sum(case when (cast(d_date as date) < cast ('1999-03-24' as date)) 
 		then cs_sales_price - coalesce(cr_refunded_cash,0) else 0 end) as sales_before
  ,sum(case when (cast(d_date as date) >= cast ('1999-03-24' as date)) 
 		then cs_sales_price - coalesce(cr_refunded_cash,0) else 0 end) as sales_after
 from
   catalog_sales left outer join catalog_returns on
       (cs_order_number = cr_order_number 
        and cs_item_sk = cr_item_sk)
  ,warehouse 
  ,item
  ,date_dim
 where
     i_current_price between 0.99 and 1.49
 and i_item_sk          = cs_item_sk
 and cs_warehouse_sk    = w_warehouse_sk 
 and cs_sold_date_sk    = d_date_sk
 and d_date between (cast ('1999-03-24' as date) - interval '30 days')
                and (cast ('1999-03-24' as date) + interval '30 days') 
 group by
    w_state,i_item_id
 order by w_state,i_item_id
limit 100;
Limit  (cost=3807.67..3810.08 rows=74 width=36) (actual time=59.920..60.041 rows=100 loops=1)
  ->  GroupAggregate  (cost=3807.67..3810.08 rows=74 width=36) (actual time=59.919..60.034 rows=100 loops=1)
        Group Key: warehouse.w_state, item.i_item_id
        ->  Sort  (cost=3807.67..3807.86 rows=74 width=40) (actual time=59.911..59.924 rows=326 loops=1)
              Sort Key: warehouse.w_state, item.i_item_id
              Sort Method: quicksort  Memory: 168kB
              ->  Nested Loop  (cost=1.43..3805.37 rows=74 width=40) (actual time=0.032..55.535 rows=1685 loops=1)
                    Join Filter: (catalog_sales.cs_warehouse_sk = warehouse.w_warehouse_sk)
                    Rows Removed by Join Filter: 3385
                    ->  Nested Loop Left Join  (cost=1.43..3799.51 rows=74 width=45) (actual time=0.027..54.770 rows=1687 loops=1)
                          ->  Nested Loop  (cost=1.01..3766.67 rows=74 width=53) (actual time=0.022..51.411 rows=1687 loops=1)
                                ->  Nested Loop  (cost=0.72..3393.79 rows=1199 width=36) (actual time=0.017..11.319 rows=27398 loops=1)
                                      ->  Index Scan using i_d_date on date_dim  (cost=0.29..4.71 rows=61 width=12) (actual time=0.009..0.028 rows=61 loops=1)
                                            Index Cond: ((d_date >= '1999-02-22 00:00:00'::timestamp without time zone) AND (d_date <= '1999-04-23 00:00:00'::timestamp without time zone))
                                      ->  Index Scan using i_cs_sold_date_sk on catalog_sales  (cost=0.43..47.71 rows=785 width=40) (actual time=0.004..0.113 rows=449 loops=61)
                                            Index Cond: (cs_sold_date_sk = date_dim.d_date_sk)
                                ->  Index Scan using pk_item on item  (cost=0.29..0.31 rows=1 width=25) (actual time=0.001..0.001 rows=0 loops=27398)
                                      Index Cond: (i_item_sk = catalog_sales.cs_item_sk)
                                      Filter: ((i_current_price >= '0.99'::double precision) AND (i_current_price <= '1.49'::double precision))
                                      Rows Removed by Filter: 1
                          ->  Index Scan using pk_catalog_returns on catalog_returns  (cost=0.42..0.44 rows=1 width=24) (actual time=0.002..0.002 rows=0 loops=1687)
                                Index Cond: ((cr_item_sk = catalog_sales.cs_item_sk) AND (cr_order_number = catalog_sales.cs_order_number))
                    ->  Materialize  (cost=0.00..1.07 rows=5 width=11) (actual time=0.000..0.000 rows=3 loops=1687)
                          ->  Seq Scan on warehouse  (cost=0.00..1.05 rows=5 width=11) (actual time=0.002..0.004 rows=5 loops=1)
 w_state |    i_item_id     |    sales_before     |     sales_after     
---------+------------------+---------------------+---------------------
 TN      | AAAAAAAAAACDAAAA |                30.8 |                   0
 TN      | AAAAAAAAAAMBAAAA |              123.26 |                   0
 TN      | AAAAAAAAABCEAAAA |               55.98 |                1.63
 TN      | AAAAAAAAABGDAAAA |               10.91 |               66.53
 TN      | AAAAAAAAABHAAAAA |                   0 |   71.71000000000001
 TN      | AAAAAAAAACHCAAAA |              226.28 |   44.19999999999999
 TN      | AAAAAAAAACMDAAAA |              115.39 |                   0
 TN      | AAAAAAAAAEGEAAAA |              141.92 |              245.87
 TN      | AAAAAAAAAFBEAAAA |              -280.7 |   65.39999999999999
 TN      | AAAAAAAAAFOBAAAA |                   0 |               95.68
 TN      | AAAAAAAAAGDBAAAA |               52.89 |              122.16
 TN      | AAAAAAAAAGHAAAAA |              137.45 |                   0
 TN      | AAAAAAAAAHBAAAAA |              139.63 |                   0
 TN      | AAAAAAAAAHGAAAAA |   73.53999999999999 |                   0
 TN      | AAAAAAAAAHJAAAAA |              215.75 |               26.61
 TN      | AAAAAAAAAHPAAAAA |               17.72 |              130.29
 TN      | AAAAAAAAAIBEAAAA |               51.36 |              247.44
 TN      | AAAAAAAAAICDAAAA |              100.06 |                   0
 TN      | AAAAAAAAAIDAAAAA |              159.18 |                   0
 TN      | AAAAAAAAAIGAAAAA |                27.3 |               52.61
 TN      | AAAAAAAAAJCAAAAA |               241.8 |               43.47
 TN      | AAAAAAAAAJDEAAAA |               30.37 |  41.620000000000005
 TN      | AAAAAAAAAJIDAAAA |               16.84 |              259.36
 TN      | AAAAAAAAAJKDAAAA |               92.67 |  293.71000000000004
 TN      | AAAAAAAAAJLCAAAA |                3.42 | -3.4099999999999966
 TN      | AAAAAAAAAKHCAAAA |              113.06 |               10.88
 TN      | AAAAAAAAAKLCAAAA |                   0 |               16.64
 TN      | AAAAAAAAALBBAAAA |               63.12 |               28.56
 TN      | AAAAAAAAALIAAAAA |                   0 | -159.47000000000003
 TN      | AAAAAAAAALLDAAAA |  144.60999999999999 |               83.81
 TN      | AAAAAAAAAMBEAAAA |               48.54 |   97.67999999999999
 TN      | AAAAAAAAAMDEAAAA |                6.94 |               61.84
 TN      | AAAAAAAAAMEBAAAA |                   0 |              187.12
 TN      | AAAAAAAAAMEEAAAA |             -773.12 |                7.27
 TN      | AAAAAAAAANKAAAAA |               15.61 |               83.05
 TN      | AAAAAAAAAOBBAAAA |                   0 |               90.94
 TN      | AAAAAAAAAOGDAAAA |               162.3 |                   0
 TN      | AAAAAAAAAOJCAAAA |  -4482.120000000001 |               24.72
 TN      | AAAAAAAAAOKCAAAA | -227.88999999999996 |                   0
 TN      | AAAAAAAAAOOAAAAA |                2.13 |                   0
 TN      | AAAAAAAAAPBEAAAA |              330.36 |               355.5
 TN      | AAAAAAAABBBBAAAA |                   0 |              124.24
 TN      | AAAAAAAABBCDAAAA |                76.2 |              166.94
 TN      | AAAAAAAABBOAAAAA |            -2620.97 |               95.08
 TN      | AAAAAAAABBPCAAAA |  203.92000000000002 |                74.3
 TN      | AAAAAAAABCBDAAAA | -160.13000000000002 |              142.01
 TN      | AAAAAAAABCEAAAAA |              124.53 |                   0
 TN      | AAAAAAAABCKAAAAA |              101.28 |  13.379999999999999
 TN      | AAAAAAAABDOBAAAA |              178.28 |                3.61
 TN      | AAAAAAAABDPAAAAA |                   0 |               42.53
 TN      | AAAAAAAABDPDAAAA |  -751.3100000000001 |               13.27
 TN      | AAAAAAAABFKAAAAA |                91.6 |               49.99
 TN      | AAAAAAAABGKCAAAA |               28.13 |              195.44
 TN      | AAAAAAAABHCDAAAA |                   0 |               59.18
 TN      | AAAAAAAABHFAAAAA |  175.20000000000002 |                   0
 TN      | AAAAAAAABIKDAAAA |                4.92 |   94.27000000000001
 TN      | AAAAAAAABIOCAAAA |  44.260000000000005 |               80.31
 TN      | AAAAAAAABJPDAAAA |               211.3 |               52.17
 TN      | AAAAAAAABKGCAAAA |  25.140000000000004 |              100.59
 TN      | AAAAAAAABKNBAAAA |               48.51 |               77.97
 TN      | AAAAAAAABKPCAAAA |                   0 |              119.68
 TN      | AAAAAAAABLKAAAAA |               30.52 |              154.97
 TN      | AAAAAAAABMBCAAAA |                   0 |              141.95
 TN      | AAAAAAAABMECAAAA |  127.19999999999999 |              276.39
 TN      | AAAAAAAABMKCAAAA |               49.01 |                   0
 TN      | AAAAAAAABNFAAAAA |               59.15 |                   0
 TN      | AAAAAAAACAFDAAAA |                   0 |  11.980000000000006
 TN      | AAAAAAAACBCAAAAA |  154.98000000000002 |                   0
 TN      | AAAAAAAACBEAAAAA |               99.85 |                   0
 TN      | AAAAAAAACCAAAAAA |               62.23 | -33.400000000000006
 TN      | AAAAAAAACCCBAAAA |               31.95 |               44.02
 TN      | AAAAAAAACCHCAAAA |                   0 |              101.97
 TN      | AAAAAAAACCKCAAAA |  116.50999999999999 |               16.18
 TN      | AAAAAAAACDBEAAAA |            -1424.73 |   99.30000000000001
 TN      | AAAAAAAACDGAAAAA | -257.85999999999996 |  300.45000000000005
 TN      | AAAAAAAACDHBAAAA |               46.34 |               40.33
 TN      | AAAAAAAACDJDAAAA |               59.57 |               49.34
 TN      | AAAAAAAACDPDAAAA |  63.089999999999996 |                4.86
 TN      | AAAAAAAACEABAAAA |            -4467.22 |              -62.15
 TN      | AAAAAAAACECCAAAA |  185.60000000000002 |                7.83
 TN      | AAAAAAAACECDAAAA |   47.43000000000001 |              235.77
 TN      | AAAAAAAACEEAAAAA |  156.69000000000003 |               94.42
 TN      | AAAAAAAACEIDAAAA |               10.05 |                   0
 TN      | AAAAAAAACFGDAAAA |                9.03 |              202.17
 TN      | AAAAAAAACGGDAAAA |               12.32 | -215.02999999999997
 TN      | AAAAAAAACHFDAAAA |                   0 |               62.07
 TN      | AAAAAAAACHIDAAAA |                  17 |               267.9
 TN      | AAAAAAAACHKDAAAA |             -412.37 |                6.62
 TN      | AAAAAAAACIFBAAAA |               82.41 |                4.35
 TN      | AAAAAAAACIIBAAAA |                   0 |              125.47
 TN      | AAAAAAAACIKAAAAA |                8.55 |                9.43
 TN      | AAAAAAAACJFBAAAA |               88.47 |                   0
 TN      | AAAAAAAACKABAAAA |                4.52 |  151.01999999999998
 TN      | AAAAAAAACKFAAAAA |                   0 |              243.76
 TN      | AAAAAAAACLBCAAAA |             -158.61 |              158.98
 TN      | AAAAAAAACLLCAAAA |              114.55 |               71.78
 TN      | AAAAAAAACLNAAAAA |                   0 |              170.17
 TN      | AAAAAAAACMBBAAAA |               82.61 |                1.86
 TN      | AAAAAAAACMJAAAAA |                   0 |              137.02
 TN      | AAAAAAAACMMCAAAA |             -324.66 |                 163
(100 rows)

UPDATE time_statistics SET e_time = TRANSACTION_TIMESTAMP() WHERE template = '../query_postgresql/query40.tpl' AND stream = 6;
psql:/tmp/s1-basline/throughput/query_6.sql:4726: NOTICE:  duration: 0.100 ms  plan:
Query Text: UPDATE time_statistics SET e_time = TRANSACTION_TIMESTAMP() WHERE template = '../query_postgresql/query40.tpl' AND stream = 6;
Update on time_statistics  (cost=0.00..22.34 rows=0 width=0) (actual time=0.100..0.100 rows=0 loops=1)
  ->  Seq Scan on time_statistics  (cost=0.00..22.34 rows=1 width=14) (actual time=0.073..0.087 rows=1 loops=1)
        Filter: ((template = '../query_postgresql/query40.tpl'::text) AND (stream = 6))
        Rows Removed by Filter: 756
UPDATE 1
LOAD 'auto_explain'; SET auto_explain.log_min_duration TO 0; SET auto_explain.log_analyze TO on; SET auto_explain.log_level TO notice; INSERT INTO time_statistics (template, s_time, stream, query, seed) VALUES ('../query_postgresql/query70.tpl', TRANSACTION_TIMESTAMP(), 6, 96, 1792007365);
LOAD
SET
SET
SET
psql:/tmp/s1-basline/throughput/query_6.sql:4727: NOTICE:  duration: 0.008 ms  plan:
Query Text: INSERT INTO time_statistics (template, s_time, stream, query, seed) VALUES ('../query_postgresql/query70.tpl', TRANSACTION_TIMESTAMP(), 6, 96, 1792007365);
Insert on time_statistics  (cost=0.00..0.01 rows=0 width=0) (actual time=0.008..0.008 rows=0 loops=1)
  ->  Result  (cost=0.00..0.01 rows=1 width=64) (actual time=0.001..0.001 rows=1 loops=1)
INSERT 0 1
with results as
( select
    sum(ss_net_profit) as total_sum ,s_state ,s_county, 0 as gstate, 0 as g_county
 from
    store_sales
  ,date_dim      d1
  ,store
 where
    d1.d_month_seq between 1219 and 1219 + 11
 and d1.d_date_sk = ss_sold_date_sk
 and s_store_sk  = ss_store_sk
 and s_state in
            ( select s_state
              from  (select s_state as s_state,
                 rank() over ( partition by s_state order by sum(ss_net_profit) desc) as ranking
                      from  store_sales, store, date_dim
                      where d_month_seq between 1219 and 1219 + 11
                 and d_date_sk = ss_sold_date_sk
                 and s_store_sk  = ss_store_sk
                      group by s_state
                    ) tmp1 
              where ranking <= 5)
  group by s_state,s_county) ,  
 results_rollup as 
(select total_sum ,s_state ,s_county, 0 as g_state, 0 as g_county, 0 as lochierarchy from results
 union
 select sum(total_sum) as total_sum,s_state, NULL as s_county, 0 as g_state, 1 as g_county, 1 as lochierarchy from results group by s_state
 union
 select sum(total_sum) as total_sum ,NULL as s_state ,NULL as s_county, 1 as g_state, 1 as g_county, 2 as lochierarchy from results)
  select  total_sum ,s_state ,s_county, lochierarchy 
  ,rank() over (
     partition by lochierarchy, 
     case when g_county = 0 then s_state end 
     order by total_sum desc) as rank_within_parent
 from results_rollup
 order by
  lochierarchy desc
  ,case when lochierarchy = 0 then s_state end
  ,rank_within_parent
 limit 100;
psql:/tmp/s1-basline/throughput/query_6.sql:4767: NOTICE:  duration: 1031.508 ms  plan:
Query Text: with results as
( select
    sum(ss_net_profit) as total_sum ,s_state ,s_county, 0 as gstate, 0 as g_county
 from
    store_sales
  ,date_dim      d1
  ,store
 where
    d1.d_month_seq between 1219 and 1219 + 11
 and d1.d_date_sk = ss_sold_date_sk
 and s_store_sk  = ss_store_sk
 and s_state in
            ( select s_state
              from  (select s_state as s_state,
                 rank() over ( partition by s_state order by sum(ss_net_profit) desc) as ranking
                      from  store_sales, store, date_dim
                      where d_month_seq between 1219 and 1219 + 11
                 and d_date_sk = ss_sold_date_sk
                 and s_store_sk  = ss_store_sk
                      group by s_state
                    ) tmp1 
              where ranking <= 5)
  group by s_state,s_county) ,  
 results_rollup as 
(select total_sum ,s_state ,s_county, 0 as g_state, 0 as g_county, 0 as lochierarchy from results
 union
 select sum(total_sum) as total_sum,s_state, NULL as s_county, 0 as g_state, 1 as g_county, 1 as lochierarchy from results group by s_state
 union
 select sum(total_sum) as total_sum ,NULL as s_state ,NULL as s_county, 1 as g_state, 1 as g_county, 2 as lochierarchy from results)
  select  total_sum ,s_state ,s_county, lochierarchy 
  ,rank() over (
     partition by lochierarchy, 
     case when g_county = 0 then s_state end 
     order by total_sum desc) as rank_within_parent
 from results_rollup
 order by
  lochierarchy desc
  ,case when lochierarchy = 0 then s_state end
  ,rank_within_parent
 limit 100;
Limit  (cost=186858.21..186858.21 rows=3 width=148) (actual time=958.297..1031.495 rows=3 loops=1)
  CTE results
    ->  GroupAggregate  (cost=185086.79..186857.83 rows=1 width=37) (actual time=958.256..1031.451 rows=1 loops=1)
          Group Key: store.s_state, store.s_county
          ->  Merge Join  (cost=185086.79..186760.49 rows=12977 width=29) (actual time=718.133..968.733 rows=530788 loops=1)
                Merge Cond: (store.s_state = store_1.s_state)
                ->  Gather Merge  (cost=92522.98..94034.36 rows=12977 width=29) (actual time=341.580..522.345 rows=530788 loops=1)
                      Workers Planned: 2
                      Workers Launched: 2
                      ->  Sort  (cost=91522.95..91536.47 rows=5407 width=29) (actual time=335.878..360.205 rows=176929 loops=3)
                            Sort Key: store.s_state, store.s_county
                            Sort Method: external merge  Disk: 8192kB
                            Worker 0:  Sort Method: quicksort  Memory: 15154kB
                            Worker 1:  Sort Method: quicksort  Memory: 15220kB
                            ->  Hash Join  (cost=2506.50..91187.70 rows=5407 width=29) (actual time=13.726..294.079 rows=176929 loops=3)
                                  Hash Cond: (store_sales.ss_store_sk = store.s_store_sk)
                                  ->  Hash Join  (cost=2505.23..91166.53 rows=5671 width=16) (actual time=13.592..266.679 rows=181146 loops=3)
                                        Hash Cond: (store_sales.ss_sold_date_sk = d1.d_date_sk)
                                        ->  Parallel Seq Scan on store_sales  (cost=0.00..85499.45 rows=1204445 width=24) (actual time=0.015..125.575 rows=948150 loops=3)
                                        ->  Hash  (cost=2500.73..2500.73 rows=360 width=8) (actual time=13.560..13.561 rows=365 loops=3)
                                              Buckets: 1024  Batches: 1  Memory Usage: 23kB
                                              ->  Seq Scan on date_dim d1  (cost=0.00..2500.73 rows=360 width=8) (actual time=6.356..13.512 rows=365 loops=3)
                                                    Filter: ((d_month_seq >= 1219) AND (d_month_seq <= 1230))
                                                    Rows Removed by Filter: 72684
                                  ->  Hash  (cost=1.12..1.12 rows=12 width=29) (actual time=0.034..0.035 rows=12 loops=3)
                                        Buckets: 1024  Batches: 1  Memory Usage: 9kB
                                        ->  Seq Scan on store  (cost=0.00..1.12 rows=12 width=29) (actual time=0.025..0.029 rows=12 loops=3)
                ->  WindowAgg  (cost=92563.81..92563.89 rows=2 width=19) (actual time=376.547..376.616 rows=1 loops=1)
                      Run Condition: (rank() OVER (?) <= 5)
                      ->  Incremental Sort  (cost=92563.81..92563.86 rows=2 width=11) (actual time=376.539..376.608 rows=1 loops=1)
                            Sort Key: store_1.s_state, (sum(store_sales_1.ss_net_profit)) DESC
                            Presorted Key: store_1.s_state
                            Full-sort Groups: 1  Sort Method: quicksort  Average Memory: 25kB  Peak Memory: 25kB
                            ->  Finalize GroupAggregate  (cost=92522.98..92563.79 rows=1 width=11) (actual time=376.528..376.596 rows=1 loops=1)
                                  Group Key: store_1.s_state
                                  ->  Gather Merge  (cost=92522.98..92563.77 rows=2 width=11) (actual time=376.522..376.591 rows=3 loops=1)
                                        Workers Planned: 2
                                        Workers Launched: 2
                                        ->  Partial GroupAggregate  (cost=91522.95..91563.51 rows=1 width=11) (actual time=354.788..354.791 rows=1 loops=3)
                                              Group Key: store_1.s_state
                                              ->  Sort  (cost=91522.95..91536.47 rows=5407 width=11) (actual time=323.358..334.085 rows=176929 loops=3)
                                                    Sort Key: store_1.s_state
                                                    Sort Method: external merge  Disk: 5584kB
                                                    Worker 0:  Sort Method: quicksort  Memory: 13340kB
                                                    Worker 1:  Sort Method: quicksort  Memory: 13441kB
                                                    ->  Hash Join  (cost=2506.50..91187.70 rows=5407 width=11) (actual time=13.799..293.694 rows=176929 loops=3)
                                                          Hash Cond: (store_sales_1.ss_store_sk = store_1.s_store_sk)
                                                          ->  Hash Join  (cost=2505.23..91166.53 rows=5671 width=16) (actual time=13.708..267.369 rows=181146 loops=3)
                                                                Hash Cond: (store_sales_1.ss_sold_date_sk = date_dim.d_date_sk)
                                                                ->  Parallel Seq Scan on store_sales store_sales_1  (cost=0.00..85499.45 rows=1204445 width=24) (actual time=0.014..126.406 rows=948150 loops=3)
                                                                ->  Hash  (cost=2500.73..2500.73 rows=360 width=8) (actual time=13.682..13.683 rows=365 loops=3)
                                                                      Buckets: 1024  Batches: 1  Memory Usage: 23kB
                                                                      ->  Seq Scan on date_dim  (cost=0.00..2500.73 rows=360 width=8) (actual time=6.621..13.636 rows=365 loops=3)
                                                                            Filter: ((d_month_seq >= 1219) AND (d_month_seq <= 1230))
                                                                            Rows Removed by Filter: 72684
                                                          ->  Hash  (cost=1.12..1.12 rows=12 width=11) (actual time=0.038..0.039 rows=12 loops=3)
                                                                Buckets: 1024  Batches: 1  Memory Usage: 9kB
                                                                ->  Seq Scan on store store_1  (cost=0.00..1.12 rows=12 width=11) (actual time=0.027..0.032 rows=12 loops=3)
  ->  Sort  (cost=0.38..0.38 rows=3 width=148) (actual time=958.296..958.299 rows=3 loops=1)
        Sort Key: results_rollup.lochierarchy DESC, (CASE WHEN (results_rollup.lochierarchy = 0) THEN results_rollup.s_state ELSE NULL::bpchar END), (rank() OVER (?))
        Sort Method: quicksort  Memory: 25kB
        ->  WindowAgg  (cost=0.27..0.35 rows=3 width=148) (actual time=958.289..958.294 rows=3 loops=1)
              ->  Sort  (cost=0.27..0.28 rows=3 width=108) (actual time=958.284..958.286 rows=3 loops=1)
                    Sort Key: results_rollup.lochierarchy, (CASE WHEN (results_rollup.g_county = 0) THEN results_rollup.s_state ELSE NULL::bpchar END), results_rollup.total_sum DESC
                    Sort Method: quicksort  Memory: 25kB
                    ->  Subquery Scan on results_rollup  (cost=0.18..0.24 rows=3 width=108) (actual time=958.278..958.281 rows=3 loops=1)
                          ->  HashAggregate  (cost=0.18..0.21 rows=3 width=84) (actual time=958.277..958.279 rows=3 loops=1)
                                Group Key: results.total_sum, results.s_state, results.s_county, (0), (0), (0)
                                Batches: 1  Memory Usage: 24kB
                                ->  Append  (cost=0.00..0.13 rows=3 width=84) (actual time=958.261..958.272 rows=3 loops=1)
                                      ->  CTE Scan on results  (cost=0.00..0.02 rows=1 width=110) (actual time=958.260..958.260 rows=1 loops=1)
                                      ->  HashAggregate  (cost=0.02..0.03 rows=1 width=64) (actual time=0.004..0.005 rows=1 loops=1)
                                            Group Key: results_1.s_state
                                            Batches: 1  Memory Usage: 24kB
                                            ->  CTE Scan on results results_1  (cost=0.00..0.02 rows=1 width=20) (actual time=0.000..0.001 rows=1 loops=1)
                                      ->  Aggregate  (cost=0.02..0.03 rows=1 width=84) (actual time=0.003..0.004 rows=1 loops=1)
                                            ->  CTE Scan on results results_2  (cost=0.00..0.02 rows=1 width=8) (actual time=0.000..0.000 rows=1 loops=1)
      total_sum      | s_state |     s_county      | lochierarchy | rank_within_parent 
---------------------+---------+-------------------+--------------+--------------------
 -434439837.71001494 |         |                   |            2 |                  1
 -434439837.71001494 | TN      |                   |            1 |                  1
 -434439837.71001494 | TN      | Williamson County |            0 |                  1
(3 rows)

UPDATE time_statistics SET e_time = TRANSACTION_TIMESTAMP() WHERE template = '../query_postgresql/query70.tpl' AND stream = 6;
psql:/tmp/s1-basline/throughput/query_6.sql:4769: NOTICE:  duration: 0.109 ms  plan:
Query Text: UPDATE time_statistics SET e_time = TRANSACTION_TIMESTAMP() WHERE template = '../query_postgresql/query70.tpl' AND stream = 6;
Update on time_statistics  (cost=0.00..22.34 rows=0 width=0) (actual time=0.109..0.109 rows=0 loops=1)
  ->  Seq Scan on time_statistics  (cost=0.00..22.34 rows=1 width=14) (actual time=0.080..0.095 rows=1 loops=1)
        Filter: ((template = '../query_postgresql/query70.tpl'::text) AND (stream = 6))
        Rows Removed by Filter: 757
UPDATE 1
LOAD 'auto_explain'; SET auto_explain.log_min_duration TO 0; SET auto_explain.log_analyze TO on; SET auto_explain.log_level TO notice; INSERT INTO time_statistics (template, s_time, stream, query, seed) VALUES ('query55.tpl', TRANSACTION_TIMESTAMP(), 6, 97, 873376251);
LOAD
SET
SET
SET
psql:/tmp/s1-basline/throughput/query_6.sql:4770: NOTICE:  duration: 0.009 ms  plan:
Query Text: INSERT INTO time_statistics (template, s_time, stream, query, seed) VALUES ('query55.tpl', TRANSACTION_TIMESTAMP(), 6, 97, 873376251);
Insert on time_statistics  (cost=0.00..0.01 rows=0 width=0) (actual time=0.008..0.008 rows=0 loops=1)
  ->  Result  (cost=0.00..0.01 rows=1 width=64) (actual time=0.001..0.001 rows=1 loops=1)
INSERT 0 1
select  i_brand_id brand_id, i_brand brand,
 	sum(ss_ext_sales_price) ext_price
 from date_dim, store_sales, item
 where d_date_sk = ss_sold_date_sk
 	and ss_item_sk = i_item_sk
 	and i_manager_id=28
 	and d_moy=11
 	and d_year=1999
 group by i_brand, i_brand_id
 order by ext_price desc, i_brand_id
limit 100 ;
psql:/tmp/s1-basline/throughput/query_6.sql:4781: NOTICE:  duration: 184.134 ms  plan:
Query Text: select  i_brand_id brand_id, i_brand brand,
 	sum(ss_ext_sales_price) ext_price
 from date_dim, store_sales, item
 where d_date_sk = ss_sold_date_sk
 	and ss_item_sk = i_item_sk
 	and i_manager_id=28
 	and d_moy=11
 	and d_year=1999
 group by i_brand, i_brand_id
 order by ext_price desc, i_brand_id
limit 100 ;
Limit  (cost=41326.93..41326.98 rows=20 width=63) (actual time=184.057..184.072 rows=100 loops=1)
  ->  Sort  (cost=41326.93..41326.98 rows=20 width=63) (actual time=184.056..184.063 rows=100 loops=1)
        Sort Key: (sum(store_sales.ss_ext_sales_price)) DESC, item.i_brand_id
        Sort Method: quicksort  Memory: 40kB
        ->  GroupAggregate  (cost=41326.09..41326.49 rows=20 width=63) (actual time=183.635..184.026 rows=107 loops=1)
              Group Key: item.i_brand, item.i_brand_id
              ->  Sort  (cost=41326.09..41326.14 rows=20 width=63) (actual time=183.620..183.690 rows=1683 loops=1)
                    Sort Key: item.i_brand, item.i_brand_id
                    Sort Method: quicksort  Memory: 219kB
                    ->  Nested Loop  (cost=0.72..41325.66 rows=20 width=63) (actual time=4.228..181.857 rows=1683 loops=1)
                          ->  Nested Loop  (cost=0.43..40988.10 rows=1096 width=16) (actual time=4.155..49.192 rows=87825 loops=1)
                                ->  Seq Scan on date_dim  (cost=0.00..2500.73 rows=29 width=8) (actual time=4.144..8.828 rows=30 loops=1)
                                      Filter: ((d_moy = 11) AND (d_year = 1999))
                                      Rows Removed by Filter: 73019
                                ->  Index Scan using i_ss_sold_date_sk on store_sales  (cost=0.43..1312.00 rows=1515 width=24) (actual time=0.005..0.925 rows=2928 loops=30)
                                      Index Cond: (ss_sold_date_sk = date_dim.d_date_sk)
                          ->  Index Scan using pk_item on item  (cost=0.29..0.31 rows=1 width=63) (actual time=0.001..0.001 rows=0 loops=87825)
                                Index Cond: (i_item_sk = store_sales.ss_item_sk)
                                Filter: (i_manager_id = 28)
                                Rows Removed by Filter: 1
 brand_id |                       brand                        |     ext_price      
----------+----------------------------------------------------+--------------------
  5002002 | importoscholar #2                                  |          147952.47
  5003002 | exportischolar #2                                  | 135703.87000000002
  5003001 | exportischolar #1                                  | 122758.61000000003
  2002001 | importoimporto #1                                  |          112210.29
  3003002 | exportiexporti #2                                  | 106626.40000000001
  2004001 | edu packimporto #1                                 |  91116.49999999997
  2001001 | amalgimporto #1                                    |  87736.84999999999
  1001001 | amalgamalg #1                                      |  70662.32000000002
  5001001 | amalgscholar #1                                    |           62529.64
  8015007 | scholarmaxi #7                                     |           56189.85
  1003001 | exportiamalg #1                                    | 55176.539999999986
  4002001 | importoedu pack #1                                 |           53883.45
  5004002 | edu packscholar #2                                 |           53570.04
  4003002 | exportiedu pack #2                                 |  52103.84000000002
  6006005 | corpcorp #5                                        |           51462.42
  4004001 | edu packedu pack #1                                |           51422.55
  5002001 | importoscholar #1                                  |           46005.13
  2001002 | amalgimporto #2                                    |           44741.06
  3001001 | amalgexporti #1                                    |           44170.48
  9008008 | namelessmaxi #8                                    |  42944.93000000001
  1004002 | edu packamalg #2                                   |           41814.03
  3001002 | amalgexporti #2                                    | 41528.100000000006
 10016001 | corpamalgamalg #1                                  | 40534.920000000006
  3002002 | importoexporti #2                                  |           39021.99
  4002002 | importoedu pack #2                                 |            38640.6
 10009001 | maxiunivamalg #1                                   | 36625.509999999995
  3003001 | exportiexporti #1                                  |           34494.33
  6014004 | edu packbrand #4                                   |  33924.82000000001
  9004003 | edu packmaxi #3                                    |           33510.39
  9007009 | brandmaxi #9                                       | 32505.239999999994
  9001002 | amalgmaxi #2                                       |           31305.51
  9007003 | brandmaxi #3                                       | 29971.309999999998
  9009009 | maximaxi #9                                        | 28616.839999999993
  3002001 | importoexporti #1                                  | 28494.189999999995
  7007010 | brandbrand #10                                     |           27988.33
 10004017 | edu packunivamalg #17                              | 27441.639999999996
  4003001 | exportiedu pack #1                                 |           27046.09
  9012009 | importounivamalg #9                                |           26920.49
  8005010 | scholarnameless #10                                | 25574.640000000003
  7012005 | importonameless #5                                 | 25032.100000000002
  9015009 | scholarunivamalg #9                                |           24300.86
  8010002 | univmaxi #2                                        |           23577.36
  6004005 | edu packcorp #5                                    |           23408.47
  7012007 | importonameless #7                                 |           23236.48
  2003002 | exportiimporto #2                                  | 23079.809999999998
  6003005 | exporticorp #5                                     |           22873.65
  7012003 | importonameless #3                                 | 22204.969999999998
  6004001 | edu packcorp #1                                    | 22202.059999999998
  3004001 | edu packexporti #1                                 | 22149.230000000003
  7013004 | exportinameless #4                                 | 21928.280000000002
  9002005 | importomaxi #5                                     | 21743.489999999998
  6008002 | namelesscorp #2                                    | 21323.239999999998
  7002004 | importobrand #4                                    |           20364.41
  7016010 | corpnameless #10                                   |           20103.94
  6006001 | corpcorp #1                                        | 20035.969999999998
  8001005 | amalgnameless #5                                   |           19329.64
  8009010 | maxinameless #10                                   |            18722.9
  1001002 | amalgamalg #2                                      |           18577.09
  9014009 | edu packunivamalg #9                               | 18116.570000000003
  8010009 | univmaxi #9                                        |           17905.88
  6010003 | univbrand #3                                       |           17284.83
  7016005 | corpnameless #5                                    |              17100
  8014002 | edu packmaxi #2                                    |           16735.16
  8009001 | maxinameless #1                                    |           16640.37
 10007014 | brandunivamalg #14                                 | 16635.460000000003
  8001002 | amalgnameless #2                                   |           16599.68
  6006006 | corpcorp #6                                        | 16366.740000000002
  6002001 | importocorp #1                                     |           16263.48
  8012003 | importomaxi #3                                     |           16129.19
  6002002 | importocorp #2                                     |           16088.11
  7004010 | edu packbrand #10                                  | 15838.810000000001
  8011005 | amalgmaxi #5                                       |           15640.33
  1002002 | importoamalg #2                                    | 14719.660000000002
  1004001 | edu packamalg #1                                   |           14717.11
  8005001 | scholarnameless #1                                 |           13319.83
  9016008 | corpunivamalg #8                                   | 13277.980000000001
  6012003 | importobrand #3                                    |           12558.48
  6016004 | corpbrand #4                                       |           12351.17
  7005001 | scholarbrand #1                                    |           12299.35
 10003011 | exportiunivamalg #11                               |            12265.5
  4001002 | amalgedu pack #2                                   | 11628.480000000001
  6008004 | namelesscorp #4                                    |           11569.57
 10004012 | edu packunivamalg #12                              |              11449
  2003001 | exportiimporto #1                                  |           11364.68
  7015001 | scholarnameless #1                                 |           11284.66
  1003002 | exportiamalg #2                                    |           11210.36
  5004001 | edu packscholar #1                                 | 10831.599999999999
  4001001 | amalgedu pack #1                                   | 10600.260000000002
  6011001 | amalgbrand #1                                      | 10394.119999999999
  9002009 | importomaxi #9                                     |           10357.62
 10007003 | brandunivamalg #3                                  |           10215.07
  4004002 | edu packedu pack #2                                |            9974.54
  2004002 | edu packimporto #2                                 |            9954.45
  9011009 | amalgunivamalg #9                                  |            9741.89
  9002002 | importomaxi #2                                     |             9455.3
  1002001 | importoamalg #1                                    |            8767.68
 10008010 | namelessunivamalg #10                              |            8741.86
  6007008 | brandcorp #8                                       |  8664.830000000002
  9004008 | edu packmaxi #8                                    |            8306.09
 10003001 | exportiunivamalg #1                                |            7525.74
(100 rows)

UPDATE time_statistics SET e_time = TRANSACTION_TIMESTAMP() WHERE template = 'query55.tpl' AND stream = 6;
psql:/tmp/s1-basline/throughput/query_6.sql:4783: NOTICE:  duration: 0.120 ms  plan:
Query Text: UPDATE time_statistics SET e_time = TRANSACTION_TIMESTAMP() WHERE template = 'query55.tpl' AND stream = 6;
Update on time_statistics  (cost=0.00..22.34 rows=0 width=0) (actual time=0.119..0.119 rows=0 loops=1)
  ->  Seq Scan on time_statistics  (cost=0.00..22.34 rows=1 width=14) (actual time=0.089..0.106 rows=1 loops=1)
        Filter: ((template = 'query55.tpl'::text) AND (stream = 6))
        Rows Removed by Filter: 758
UPDATE 1
LOAD 'auto_explain'; SET auto_explain.log_min_duration TO 0; SET auto_explain.log_analyze TO on; SET auto_explain.log_level TO notice; INSERT INTO time_statistics (template, s_time, stream, query, seed) VALUES ('query60.tpl', TRANSACTION_TIMESTAMP(), 6, 98, 1589046754);
LOAD
SET
SET
SET
psql:/tmp/s1-basline/throughput/query_6.sql:4784: NOTICE:  duration: 0.008 ms  plan:
Query Text: INSERT INTO time_statistics (template, s_time, stream, query, seed) VALUES ('query60.tpl', TRANSACTION_TIMESTAMP(), 6, 98, 1589046754);
Insert on time_statistics  (cost=0.00..0.01 rows=0 width=0) (actual time=0.008..0.008 rows=0 loops=1)
  ->  Result  (cost=0.00..0.01 rows=1 width=64) (actual time=0.001..0.001 rows=1 loops=1)
INSERT 0 1
with ss as (
 select
          i_item_id,sum(ss_ext_sales_price) total_sales
 from
 	store_sales,
 	date_dim,
         customer_address,
         item
 where
         i_item_id in (select
  i_item_id
from
 item
where i_category in ('Music'))
 and     ss_item_sk              = i_item_sk
 and     ss_sold_date_sk         = d_date_sk
 and     d_year                  = 2002
 and     d_moy                   = 10
 and     ss_addr_sk              = ca_address_sk
 and     ca_gmt_offset           = -5 
 group by i_item_id),
 cs as (
 select
          i_item_id,sum(cs_ext_sales_price) total_sales
 from
 	catalog_sales,
 	date_dim,
         customer_address,
         item
 where
         i_item_id               in (select
  i_item_id
from
 item
where i_category in ('Music'))
 and     cs_item_sk              = i_item_sk
 and     cs_sold_date_sk         = d_date_sk
 and     d_year                  = 2002
 and     d_moy                   = 10
 and     cs_bill_addr_sk         = ca_address_sk
 and     ca_gmt_offset           = -5 
 group by i_item_id),
 ws as (
 select
          i_item_id,sum(ws_ext_sales_price) total_sales
 from
 	web_sales,
 	date_dim,
         customer_address,
         item
 where
         i_item_id               in (select
  i_item_id
from
 item
where i_category in ('Music'))
 and     ws_item_sk              = i_item_sk
 and     ws_sold_date_sk         = d_date_sk
 and     d_year                  = 2002
 and     d_moy                   = 10
 and     ws_bill_addr_sk         = ca_address_sk
 and     ca_gmt_offset           = -5
 group by i_item_id)
  select   
  i_item_id
,sum(total_sales) total_sales
 from  (select * from ss 
        union all
        select * from cs 
        union all
        select * from ws) tmp1
 group by i_item_id
 order by i_item_id
      ,total_sales
 limit 100;
psql:/tmp/s1-basline/throughput/query_6.sql:4859: NOTICE:  duration: 392.014 ms  plan:
Query Text: with ss as (
 select
          i_item_id,sum(ss_ext_sales_price) total_sales
 from
 	store_sales,
 	date_dim,
         customer_address,
         item
 where
         i_item_id in (select
  i_item_id
from
 item
where i_category in ('Music'))
 and     ss_item_sk              = i_item_sk
 and     ss_sold_date_sk         = d_date_sk
 and     d_year                  = 2002
 and     d_moy                   = 10
 and     ss_addr_sk              = ca_address_sk
 and     ca_gmt_offset           = -5 
 group by i_item_id),
 cs as (
 select
          i_item_id,sum(cs_ext_sales_price) total_sales
 from
 	catalog_sales,
 	date_dim,
         customer_address,
         item
 where
         i_item_id               in (select
  i_item_id
from
 item
where i_category in ('Music'))
 and     cs_item_sk              = i_item_sk
 and     cs_sold_date_sk         = d_date_sk
 and     d_year                  = 2002
 and     d_moy                   = 10
 and     cs_bill_addr_sk         = ca_address_sk
 and     ca_gmt_offset           = -5 
 group by i_item_id),
 ws as (
 select
          i_item_id,sum(ws_ext_sales_price) total_sales
 from
 	web_sales,
 	date_dim,
         customer_address,
         item
 where
         i_item_id               in (select
  i_item_id
from
 item
where i_category in ('Music'))
 and     ws_item_sk              = i_item_sk
 and     ws_sold_date_sk         = d_date_sk
 and     d_year                  = 2002
 and     d_moy                   = 10
 and     ws_bill_addr_sk         = ca_address_sk
 and     ca_gmt_offset           = -5
 group by i_item_id)
  select   
  i_item_id
,sum(total_sales) total_sales
 from  (select * from ss 
        union all
        select * from cs 
        union all
        select * from ws) tmp1
 group by i_item_id
 order by i_item_id
      ,total_sales
 limit 100;
Limit  (cost=43675.70..43675.95 rows=100 width=25) (actual time=354.573..391.982 rows=100 loops=1)
  ->  Sort  (cost=43675.70..43676.05 rows=140 width=25) (actual time=354.572..391.975 rows=100 loops=1)
        Sort Key: item.i_item_id, (sum((sum(store_sales.ss_ext_sales_price))))
        Sort Method: top-N heapsort  Memory: 32kB
        ->  Finalize GroupAggregate  (cost=43654.33..43670.71 rows=140 width=25) (actual time=351.101..391.132 rows=1617 loops=1)
              Group Key: item.i_item_id
              ->  Gather Merge  (cost=43654.33..43668.73 rows=116 width=25) (actual time=351.095..390.458 rows=3465 loops=1)
                    Workers Planned: 2
                    Workers Launched: 2
                    ->  Partial GroupAggregate  (cost=42654.30..42655.32 rows=58 width=25) (actual time=205.946..206.392 rows=1155 loops=3)
                          Group Key: item.i_item_id
                          ->  Sort  (cost=42654.30..42654.45 rows=58 width=25) (actual time=205.943..205.996 rows=1155 loops=3)
                                Sort Key: item.i_item_id
                                Sort Method: quicksort  Memory: 133kB
                                Worker 0:  Sort Method: quicksort  Memory: 78kB
                                Worker 1:  Sort Method: quicksort  Memory: 154kB
                                ->  Parallel Append  (cost=13762.53..42652.61 rows=58 width=25) (actual time=204.789..205.505 rows=1155 loops=3)
                                      ->  GroupAggregate  (cost=42650.20..42651.55 rows=77 width=25) (actual time=341.390..342.373 rows=1505 loops=1)
                                            Group Key: item.i_item_id
                                            ->  Sort  (cost=42650.20..42650.39 rows=77 width=25) (actual time=341.379..341.555 rows=4070 loops=1)
                                                  Sort Key: item.i_item_id
                                                  Worker 1:  Sort Method: quicksort  Memory: 382kB
                                                  ->  Nested Loop Semi Join  (cost=1.29..42647.79 rows=77 width=25) (actual time=9.374..331.718 rows=4070 loops=1)
                                                        ->  Nested Loop  (cost=1.01..42485.55 rows=396 width=25) (actual time=8.629..213.734 rows=22298 loops=1)
                                                              ->  Nested Loop  (cost=0.72..42364.57 rows=396 width=16) (actual time=8.560..168.393 rows=22298 loops=1)
                                                                    ->  Nested Loop  (cost=0.43..42012.49 rows=1134 width=24) (actual time=8.504..80.891 rows=60957 loops=1)
                                                                          ->  Seq Scan on date_dim  (cost=0.00..2500.73 rows=30 width=8) (actual time=8.403..14.598 rows=31 loops=1)
                                                                                Filter: ((d_year = 2002) AND (d_moy = 10))
                                                                                Rows Removed by Filter: 73018
                                                                          ->  Index Scan using i_ss_sold_date_sk on store_sales  (cost=0.43..1301.91 rows=1515 width=32) (actual time=0.014..1.730 rows=1966 loops=31)
                                                                                Index Cond: (ss_sold_date_sk = date_dim.d_date_sk)
                                                                    ->  Index Scan using pk_customer_address on customer_address  (cost=0.29..0.31 rows=1 width=8) (actual time=0.001..0.001 rows=0 loops=60957)
                                                                          Index Cond: (ca_address_sk = store_sales.ss_addr_sk)
                                                                          Filter: (ca_gmt_offset = '-5'::double precision)
                                                                          Rows Removed by Filter: 1
                                                              ->  Index Scan using pk_item on item  (cost=0.29..0.31 rows=1 width=25) (actual time=0.002..0.002 rows=1 loops=22298)
                                                                    Index Cond: (i_item_sk = store_sales.ss_item_sk)
                                                        ->  Index Scan using i_i_item_id on item item_1  (cost=0.29..0.41 rows=1 width=17) (actual time=0.005..0.005 rows=0 loops=22298)
                                                              Index Cond: (i_item_id = item.i_item_id)
                                                              Filter: (i_category = 'Music'::bpchar)
                                                              Rows Removed by Filter: 2
                                      ->  GroupAggregate  (cost=13762.53..13762.89 rows=21 width=25) (actual time=117.593..117.944 rows=760 loops=1)
                                            Group Key: item_2.i_item_id
                                            ->  Sort  (cost=13762.53..13762.58 rows=21 width=25) (actual time=117.585..117.631 rows=1062 loops=1)
                                                  Sort Key: item_2.i_item_id
                                                  Worker 0:  Sort Method: quicksort  Memory: 123kB
                                                  ->  Nested Loop Semi Join  (cost=1.29..13762.07 rows=21 width=25) (actual time=8.340..115.139 rows=1062 loops=1)
                                                        ->  Nested Loop  (cost=1.00..13717.41 rows=109 width=25) (actual time=8.281..81.917 rows=5834 loops=1)
                                                              ->  Nested Loop  (cost=0.71..13683.95 rows=109 width=16) (actual time=8.226..62.780 rows=5834 loops=1)
                                                                    ->  Nested Loop  (cost=0.42..13591.31 rows=297 width=24) (actual time=8.162..36.010 rows=15734 loops=1)
                                                                          ->  Seq Scan on date_dim date_dim_1  (cost=0.00..2500.73 rows=30 width=8) (actual time=8.072..14.343 rows=31 loops=1)
                                                                                Filter: ((d_year = 2002) AND (d_moy = 10))
                                                                                Rows Removed by Filter: 73018
                                                                          ->  Index Scan using i_ws_sold_date_sk on web_sales  (cost=0.42..365.72 rows=397 width=32) (actual time=0.016..0.573 rows=508 loops=31)
                                                                                Index Cond: (ws_sold_date_sk = date_dim_1.d_date_sk)
                                                                    ->  Index Scan using pk_customer_address on customer_address customer_address_1  (cost=0.29..0.31 rows=1 width=8) (actual time=0.001..0.001 rows=0 loops=15734)
                                                                          Index Cond: (ca_address_sk = web_sales.ws_bill_addr_sk)
                                                                          Filter: (ca_gmt_offset = '-5'::double precision)
                                                                          Rows Removed by Filter: 1
                                                              ->  Index Scan using pk_item on item item_2  (cost=0.29..0.31 rows=1 width=25) (actual time=0.003..0.003 rows=1 loops=5834)
                                                                    Index Cond: (i_item_sk = web_sales.ws_item_sk)
                                                        ->  Index Scan using i_i_item_id on item item_3  (cost=0.29..0.41 rows=1 width=17) (actual time=0.005..0.005 rows=0 loops=5834)
                                                              Index Cond: (i_item_id = item_2.i_item_id)
                                                              Filter: (i_category = 'Music'::bpchar)
                                                              Rows Removed by Filter: 2
                                      ->  GroupAggregate  (cost=4515.06..4515.79 rows=42 width=25) (actual time=155.381..155.970 rows=1200 loops=1)
                                            Group Key: item_4.i_item_id
                                            ->  Sort  (cost=4515.06..4515.16 rows=42 width=25) (actual time=155.373..155.456 rows=2122 loops=1)
                                                  Sort Key: item_4.i_item_id
                                                  Sort Method: quicksort  Memory: 246kB
                                                  ->  Nested Loop Semi Join  (cost=1.29..4513.92 rows=42 width=25) (actual time=4.327..150.691 rows=2122 loops=1)
                                                        ->  Nested Loop  (cost=1.00..4425.84 rows=215 width=25) (actual time=4.318..91.845 rows=11362 loops=1)
                                                              ->  Nested Loop  (cost=0.72..4360.05 rows=215 width=16) (actual time=4.314..70.910 rows=11362 loops=1)
                                                                    ->  Nested Loop  (cost=0.43..4176.58 rows=590 width=24) (actual time=4.307..23.527 rows=31825 loops=1)
                                                                          ->  Seq Scan on date_dim date_dim_2  (cost=0.00..2500.73 rows=30 width=8) (actual time=4.294..9.405 rows=31 loops=1)
                                                                                Filter: ((d_year = 2002) AND (d_moy = 10))
                                                                                Rows Removed by Filter: 73018
                                                                          ->  Index Scan using i_cs_sold_date_sk on catalog_sales  (cost=0.43..48.01 rows=785 width=32) (actual time=0.005..0.249 rows=1027 loops=31)
                                                                                Index Cond: (cs_sold_date_sk = date_dim_2.d_date_sk)
                                                                    ->  Index Scan using pk_customer_address on customer_address customer_address_2  (cost=0.29..0.31 rows=1 width=8) (actual time=0.001..0.001 rows=0 loops=31825)
                                                                          Index Cond: (ca_address_sk = catalog_sales.cs_bill_addr_sk)
                                                                          Filter: (ca_gmt_offset = '-5'::double precision)
                                                                          Rows Removed by Filter: 1
                                                              ->  Index Scan using pk_item on item item_4  (cost=0.29..0.31 rows=1 width=25) (actual time=0.002..0.002 rows=1 loops=11362)
                                                                    Index Cond: (i_item_sk = catalog_sales.cs_item_sk)
                                                        ->  Index Scan using i_i_item_id on item item_5  (cost=0.29..0.41 rows=1 width=17) (actual time=0.005..0.005 rows=0 loops=11362)
                                                              Index Cond: (i_item_id = item_4.i_item_id)
                                                              Filter: (i_category = 'Music'::bpchar)
                                                              Rows Removed by Filter: 2
    i_item_id     |    total_sales     
------------------+--------------------
 AAAAAAAAAABEAAAA | 25549.799999999996
 AAAAAAAAAACAAAAA | 4068.8199999999997
 AAAAAAAAAADEAAAA |           12673.24
 AAAAAAAAAAEBAAAA |           13411.81
 AAAAAAAAAAGBAAAA |           11997.58
 AAAAAAAAAAHAAAAA |  7991.570000000001
 AAAAAAAAAAHDAAAA |            2215.84
 AAAAAAAAAAMBAAAA |           11931.75
 AAAAAAAAAAMCAAAA |             9414.5
 AAAAAAAAAAPCAAAA | 19075.019999999997
 AAAAAAAAABCEAAAA |            7048.08
 AAAAAAAAABDAAAAA |             4397.9
 AAAAAAAAABDDAAAA |           15769.68
 AAAAAAAAABHAAAAA |  8148.549999999999
 AAAAAAAAABJAAAAA | 12049.400000000001
 AAAAAAAAABJDAAAA |            4745.68
 AAAAAAAAABPAAAAA |            4573.42
 AAAAAAAAABPDAAAA | 12027.380000000001
 AAAAAAAAACBBAAAA |             3143.9
 AAAAAAAAACCEAAAA |               6436
 AAAAAAAAACDDAAAA |               3666
 AAAAAAAAACEEAAAA | 12285.470000000001
 AAAAAAAAACFDAAAA |  9620.859999999999
 AAAAAAAAACIDAAAA |            3456.18
 AAAAAAAAACMDAAAA |            1814.73
 AAAAAAAAACPCAAAA |           10331.27
 AAAAAAAAACPDAAAA |           30932.96
 AAAAAAAAADABAAAA |             7982.5
 AAAAAAAAADCCAAAA |             2792.2
 AAAAAAAAADEEAAAA |           10135.42
 AAAAAAAAADKBAAAA |  6187.700000000001
 AAAAAAAAADMCAAAA |            6195.78
 AAAAAAAAADNAAAAA |            16984.5
 AAAAAAAAADNDAAAA |  4901.250000000001
 AAAAAAAAADPBAAAA |            9689.41
 AAAAAAAAAEABAAAA |           15423.83
 AAAAAAAAAEBAAAAA |           24396.38
 AAAAAAAAAEFCAAAA | 25901.719999999998
 AAAAAAAAAEHAAAAA |           26409.07
 AAAAAAAAAEHCAAAA |            4306.18
 AAAAAAAAAEICAAAA |  7701.719999999999
 AAAAAAAAAEKCAAAA |            2353.02
 AAAAAAAAAELBAAAA |           18098.17
 AAAAAAAAAENAAAAA |           18042.43
 AAAAAAAAAFACAAAA |            6478.92
 AAAAAAAAAFCBAAAA |            7122.42
 AAAAAAAAAFDDAAAA | 21470.539999999997
 AAAAAAAAAFECAAAA |            5105.13
 AAAAAAAAAFFAAAAA |              488.8
 AAAAAAAAAFFDAAAA |            9728.41
 AAAAAAAAAFHBAAAA |            7706.16
 AAAAAAAAAFIAAAAA | 25309.120000000003
 AAAAAAAAAFIDAAAA |             2447.6
 AAAAAAAAAFKBAAAA |           14139.35
 AAAAAAAAAFLBAAAA |           24857.23
 AAAAAAAAAFNBAAAA |            9962.52
 AAAAAAAAAFOBAAAA |            2062.02
 AAAAAAAAAGCAAAAA | 14227.100000000002
 AAAAAAAAAGEBAAAA |            1367.34
 AAAAAAAAAGFAAAAA | 37917.270000000004
 AAAAAAAAAGFDAAAA | 13473.550000000001
 AAAAAAAAAGHAAAAA |            3944.62
 AAAAAAAAAGHBAAAA |           27086.14
 AAAAAAAAAGICAAAA |  9953.869999999999
 AAAAAAAAAGJBAAAA |            8134.62
 AAAAAAAAAGJCAAAA |            9323.09
 AAAAAAAAAGLCAAAA | 22745.920000000002
 AAAAAAAAAGMCAAAA |            2075.35
 AAAAAAAAAGNAAAAA | 12114.119999999999
 AAAAAAAAAHAEAAAA |           17171.08
 AAAAAAAAAHCEAAAA |            7541.44
 AAAAAAAAAHDAAAAA |            8771.71
 AAAAAAAAAHEDAAAA |           14273.66
 AAAAAAAAAHFBAAAA | 25532.309999999998
 AAAAAAAAAHFEAAAA |            1660.75
 AAAAAAAAAHGAAAAA |           11747.91
 AAAAAAAAAHICAAAA |  6505.349999999999
 AAAAAAAAAHJAAAAA |  5265.389999999999
 AAAAAAAAAHLBAAAA |  7119.500000000001
 AAAAAAAAAHMBAAAA |  8375.619999999999
 AAAAAAAAAHNAAAAA |            2148.89
 AAAAAAAAAHOBAAAA |           16726.05
 AAAAAAAAAHPAAAAA |  8858.759999999998
 AAAAAAAAAIBCAAAA |           24040.79
 AAAAAAAAAICAAAAA |           11042.89
 AAAAAAAAAIEBAAAA |           18967.66
 AAAAAAAAAIEEAAAA |            9231.64
 AAAAAAAAAIFAAAAA |            2068.96
 AAAAAAAAAIFEAAAA |            6485.65
 AAAAAAAAAIHBAAAA |  7766.360000000001
 AAAAAAAAAIJCAAAA |           13892.19
 AAAAAAAAAIJDAAAA |            6216.28
 AAAAAAAAAIMDAAAA |            2524.96
 AAAAAAAAAINCAAAA |           16810.86
 AAAAAAAAAIOBAAAA |            8965.63
 AAAAAAAAAIODAAAA |            1187.92
 AAAAAAAAAIPDAAAA |            16069.2
 AAAAAAAAAJCAAAAA |            3546.26
 AAAAAAAAAJEAAAAA |            3183.33
 AAAAAAAAAJFDAAAA |            5091.29
(100 rows)

UPDATE time_statistics SET e_time = TRANSACTION_TIMESTAMP() WHERE template = 'query60.tpl' AND stream = 6;
psql:/tmp/s1-basline/throughput/query_6.sql:4861: NOTICE:  duration: 0.109 ms  plan:
Query Text: UPDATE time_statistics SET e_time = TRANSACTION_TIMESTAMP() WHERE template = 'query60.tpl' AND stream = 6;
Update on time_statistics  (cost=0.00..22.34 rows=0 width=0) (actual time=0.108..0.109 rows=0 loops=1)
  ->  Seq Scan on time_statistics  (cost=0.00..22.34 rows=1 width=14) (actual time=0.078..0.094 rows=1 loops=1)
        Filter: ((template = 'query60.tpl'::text) AND (stream = 6))
        Rows Removed by Filter: 759
UPDATE 1
LOAD 'auto_explain'; SET auto_explain.log_min_duration TO 0; SET auto_explain.log_analyze TO on; SET auto_explain.log_level TO notice; INSERT INTO time_statistics (template, s_time, stream, query, seed) VALUES ('../query_postgresql/query16.tpl', TRANSACTION_TIMESTAMP(), 6, 99, 761559691);
LOAD
SET
SET
SET
psql:/tmp/s1-basline/throughput/query_6.sql:4862: NOTICE:  duration: 0.009 ms  plan:
Query Text: INSERT INTO time_statistics (template, s_time, stream, query, seed) VALUES ('../query_postgresql/query16.tpl', TRANSACTION_TIMESTAMP(), 6, 99, 761559691);
Insert on time_statistics  (cost=0.00..0.01 rows=0 width=0) (actual time=0.008..0.008 rows=0 loops=1)
  ->  Result  (cost=0.00..0.01 rows=1 width=64) (actual time=0.001..0.001 rows=1 loops=1)
INSERT 0 1
select  
   count(distinct cs_order_number) as "order count"
  ,sum(cs_ext_ship_cost) as "total shipping cost"
  ,sum(cs_net_profit) as "total net profit"
from
   catalog_sales cs1
  ,date_dim
  ,customer_address
  ,call_center
where
    d_date between '2002-4-01' and 
           (cast('2002-4-01' as date) + interval '60 days')
and cs1.cs_ship_date_sk = d_date_sk
and cs1.cs_ship_addr_sk = ca_address_sk
and ca_state = 'AR'
and cs1.cs_call_center_sk = cc_call_center_sk
and cc_county in ('Williamson County','Williamson County','Williamson County','Williamson County',
                  'Williamson County'
)
and exists (select *
            from catalog_sales cs2
            where cs1.cs_order_number = cs2.cs_order_number
              and cs1.cs_warehouse_sk <> cs2.cs_warehouse_sk)
and not exists(select *
               from catalog_returns cr1
               where cs1.cs_order_number = cr1.cr_order_number)
order by count(distinct cs_order_number)
limit 100;
psql:/tmp/s1-basline/throughput/query_6.sql:4890: NOTICE:  duration: 529.213 ms  plan:
Query Text: select  
   count(distinct cs_order_number) as "order count"
  ,sum(cs_ext_ship_cost) as "total shipping cost"
  ,sum(cs_net_profit) as "total net profit"
from
   catalog_sales cs1
  ,date_dim
  ,customer_address
  ,call_center
where
    d_date between '2002-4-01' and 
           (cast('2002-4-01' as date) + interval '60 days')
and cs1.cs_ship_date_sk = d_date_sk
and cs1.cs_ship_addr_sk = ca_address_sk
and ca_state = 'AR'
and cs1.cs_call_center_sk = cc_call_center_sk
and cc_county in ('Williamson County','Williamson County','Williamson County','Williamson County',
                  'Williamson County'
)
and exists (select *
            from catalog_sales cs2
            where cs1.cs_order_number = cs2.cs_order_number
              and cs1.cs_warehouse_sk <> cs2.cs_warehouse_sk)
and not exists(select *
               from catalog_returns cr1
               where cs1.cs_order_number = cr1.cr_order_number)
order by count(distinct cs_order_number)
limit 100;
Limit  (cost=77918.12..77918.12 rows=1 width=24) (actual time=462.969..529.203 rows=1 loops=1)
  ->  Sort  (cost=77918.12..77918.12 rows=1 width=24) (actual time=462.969..529.201 rows=1 loops=1)
        Sort Key: (count(DISTINCT cs1.cs_order_number))
        Sort Method: quicksort  Memory: 25kB
        ->  Aggregate  (cost=77918.10..77918.11 rows=1 width=24) (actual time=462.964..529.196 rows=1 loops=1)
              ->  Nested Loop  (cost=4433.60..77918.07 rows=4 width=24) (actual time=154.036..529.119 rows=240 loops=1)
                    Join Filter: (cs1.cs_call_center_sk = call_center.cc_call_center_sk)
                    Rows Removed by Join Filter: 551
                    ->  Gather  (cost=4433.60..77916.66 rows=4 width=32) (actual time=154.020..528.943 rows=240 loops=1)
                          Workers Planned: 2
                          Workers Launched: 2
                          ->  Nested Loop Semi Join  (cost=3433.60..76916.26 rows=2 width=32) (actual time=153.760..457.078 rows=80 loops=3)
                                ->  Nested Loop  (cost=3433.17..64526.21 rows=2 width=40) (actual time=147.122..185.501 rows=80 loops=3)
                                      ->  Parallel Hash Anti Join  (cost=3432.88..64506.00 rows=65 width=48) (actual time=145.298..178.080 rows=3374 loops=3)
                                            Hash Cond: (cs1.cs_order_number = cr1.cr_order_number)
                                            ->  Hash Join  (cost=5.60..61076.15 rows=533 width=48) (actual time=110.711..141.314 rows=9221 loops=3)
                                                  Hash Cond: (cs1.cs_ship_date_sk = date_dim.d_date_sk)
                                                  ->  Parallel Seq Scan on catalog_sales cs1  (cost=0.00..59490.16 rows=602016 width=56) (actual time=0.012..80.432 rows=473789 loops=3)
                                                  ->  Hash  (cost=4.79..4.79 rows=65 width=8) (actual time=0.077..0.078 rows=61 loops=3)
                                                        Buckets: 1024  Batches: 1  Memory Usage: 11kB
                                                        ->  Index Scan using i_d_date on date_dim  (cost=0.29..4.79 rows=65 width=8) (actual time=0.048..0.067 rows=61 loops=3)
                                                              Index Cond: ((d_date >= '2002-04-01'::date) AND (d_date <= '2002-05-31 00:00:00'::timestamp without time zone))
                                            ->  Parallel Hash  (cost=2361.29..2361.29 rows=85279 width=8) (actual time=33.710..33.711 rows=47785 loops=3)
                                                  Buckets: 262144  Batches: 1  Memory Usage: 7712kB
                                                  ->  Parallel Index Only Scan using pk_catalog_returns on catalog_returns cr1  (cost=0.42..2361.29 rows=85279 width=8) (actual time=0.051..19.977 rows=47785 loops=3)
                                                        Heap Fetches: 37989
                                      ->  Index Scan using pk_customer_address on customer_address  (cost=0.29..0.31 rows=1 width=8) (actual time=0.002..0.002 rows=0 loops=10123)
                                            Index Cond: (ca_address_sk = cs1.cs_ship_addr_sk)
                                            Filter: (ca_state = 'AR'::bpchar)
                                            Rows Removed by Filter: 1
                                ->  Index Scan using pk_catalog_sales on catalog_sales cs2  (cost=0.43..10836.97 rows=13 width=16) (actual time=3.394..3.394 rows=1 loops=240)
                                      Index Cond: (cs_order_number = cs1.cs_order_number)
                                      Filter: (cs1.cs_warehouse_sk <> cs_warehouse_sk)
                                      Rows Removed by Filter: 0
                    ->  Materialize  (cost=0.00..1.13 rows=6 width=8) (actual time=0.000..0.000 rows=3 loops=240)
                          ->  Seq Scan on call_center  (cost=0.00..1.10 rows=6 width=8) (actual time=0.010..0.018 rows=6 loops=1)
                                Filter: ((cc_county)::text = ANY ('{"Williamson County","Williamson County","Williamson County","Williamson County","Williamson County"}'::text[]))
 order count | total shipping cost |  total net profit  
-------------+---------------------+--------------------
          66 |            304462.4 | -61690.44000000003
(1 row)

UPDATE time_statistics SET e_time = TRANSACTION_TIMESTAMP() WHERE template = '../query_postgresql/query16.tpl' AND stream = 6;
psql:/tmp/s1-basline/throughput/query_6.sql:4892: NOTICE:  duration: 0.103 ms  plan:
Query Text: UPDATE time_statistics SET e_time = TRANSACTION_TIMESTAMP() WHERE template = '../query_postgresql/query16.tpl' AND stream = 6;
Update on time_statistics  (cost=0.00..22.34 rows=0 width=0) (actual time=0.102..0.102 rows=0 loops=1)
  ->  Seq Scan on time_statistics  (cost=0.00..22.34 rows=1 width=14) (actual time=0.075..0.088 rows=1 loops=1)
        Filter: ((template = '../query_postgresql/query16.tpl'::text) AND (stream = 6))
        Rows Removed by Filter: 760
UPDATE 1
