LOAD 'auto_explain'; SET auto_explain.log_min_duration TO 0; SET auto_explain.log_analyze TO on; SET auto_explain.log_level TO notice; INSERT INTO time_statistics (template, s_time, stream, query, seed) VALUES ('query79.tpl', TRANSACTION_TIMESTAMP(), 4, 1, 864163380);
LOAD
SET
SET
SET
psql:/tmp/s1-basline/throughput/query_4.sql:1: NOTICE:  duration: 0.067 ms  plan:
Query Text: INSERT INTO time_statistics (template, s_time, stream, query, seed) VALUES ('query79.tpl', TRANSACTION_TIMESTAMP(), 4, 1, 864163380);
Insert on time_statistics  (cost=0.00..0.01 rows=0 width=0) (actual time=0.067..0.067 rows=0 loops=1)
  ->  Result  (cost=0.00..0.01 rows=1 width=64) (actual time=0.007..0.007 rows=1 loops=1)
INSERT 0 1
select 
  c_last_name,c_first_name,substr(s_city,1,30),ss_ticket_number,amt,profit
  from
   (select ss_ticket_number
          ,ss_customer_sk
          ,store.s_city
          ,sum(ss_coupon_amt) amt
          ,sum(ss_net_profit) profit
    from store_sales,date_dim,store,household_demographics
    where store_sales.ss_sold_date_sk = date_dim.d_date_sk
    and store_sales.ss_store_sk = store.s_store_sk  
    and store_sales.ss_hdemo_sk = household_demographics.hd_demo_sk
    and (household_demographics.hd_dep_count = 0 or household_demographics.hd_vehicle_count > 3)
    and date_dim.d_dow = 1
    and date_dim.d_year in (2000,2000+1,2000+2) 
    and store.s_number_employees between 200 and 295
    group by ss_ticket_number,ss_customer_sk,ss_addr_sk,store.s_city) ms,customer
    where ss_customer_sk = c_customer_sk
 order by c_last_name,c_first_name,substr(s_city,1,30), profit
limit 100;
psql:/tmp/s1-basline/throughput/query_4.sql:21: NOTICE:  duration: 303.664 ms  plan:
Query Text: select 
  c_last_name,c_first_name,substr(s_city,1,30),ss_ticket_number,amt,profit
  from
   (select ss_ticket_number
          ,ss_customer_sk
          ,store.s_city
          ,sum(ss_coupon_amt) amt
          ,sum(ss_net_profit) profit
    from store_sales,date_dim,store,household_demographics
    where store_sales.ss_sold_date_sk = date_dim.d_date_sk
    and store_sales.ss_store_sk = store.s_store_sk  
    and store_sales.ss_hdemo_sk = household_demographics.hd_demo_sk
    and (household_demographics.hd_dep_count = 0 or household_demographics.hd_vehicle_count > 3)
    and date_dim.d_dow = 1
    and date_dim.d_year in (2000,2000+1,2000+2) 
    and store.s_number_employees between 200 and 295
    group by ss_ticket_number,ss_customer_sk,ss_addr_sk,store.s_city) ms,customer
    where ss_customer_sk = c_customer_sk
 order by c_last_name,c_first_name,substr(s_city,1,30), profit
limit 100;
Limit  (cost=92129.77..92130.02 rows=100 width=108) (actual time=303.563..303.578 rows=100 loops=1)
  ->  Sort  (cost=92129.77..92133.09 rows=1326 width=108) (actual time=303.562..303.571 rows=100 loops=1)
        Sort Key: customer.c_last_name, customer.c_first_name, (substr((store.s_city)::text, 1, 30)), (sum(store_sales.ss_net_profit))
        Sort Method: top-N heapsort  Memory: 49kB
        ->  Nested Loop  (cost=90134.69..92079.09 rows=1326 width=108) (actual time=269.931..300.842 rows=5468 loops=1)
              ->  GroupAggregate  (cost=90134.39..90170.86 rows=1326 width=47) (actual time=269.903..284.105 rows=5800 loops=1)
                    Group Key: store_sales.ss_ticket_number, store_sales.ss_customer_sk, store_sales.ss_addr_sk, store.s_city
                    ->  Sort  (cost=90134.39..90137.71 rows=1326 width=47) (actual time=269.887..272.454 rows=57983 loops=1)
                          Sort Key: store_sales.ss_ticket_number, store_sales.ss_customer_sk, store_sales.ss_addr_sk, store.s_city
                          Sort Method: quicksort  Memory: 6664kB
                          ->  Hash Join  (cost=192.26..90065.62 rows=1326 width=47) (actual time=9.172..246.988 rows=57983 loops=1)
                                Hash Cond: (store_sales.ss_store_sk = store.s_store_sk)
                                ->  Hash Join  (cost=190.93..90059.42 rows=1390 width=48) (actual time=9.145..237.882 rows=58693 loops=1)
                                      Hash Cond: (store_sales.ss_hdemo_sk = household_demographics.hd_demo_sk)
                                      ->  Nested Loop  (cost=0.43..89853.59 rows=5834 width=56) (actual time=7.876..214.258 rows=237022 loops=1)
                                            ->  Seq Scan on date_dim  (cost=0.00..2592.05 rows=155 width=8) (actual time=7.812..13.666 rows=157 loops=1)
                                                  Filter: ((d_dow = 1) AND (d_year = ANY ('{2000,2001,2002}'::integer[])))
                                                  Rows Removed by Filter: 72892
                                            ->  Index Scan using i_ss_sold_date_sk on store_sales  (cost=0.43..547.90 rows=1508 width=64) (actual time=0.016..0.965 rows=1510 loops=157)
                                                  Index Cond: (ss_sold_date_sk = date_dim.d_date_sk)
                                      ->  Hash  (cost=168.00..168.00 rows=1800 width=8) (actual time=1.254..1.255 rows=1800 loops=1)
                                            Buckets: 2048  Batches: 1  Memory Usage: 87kB
                                            ->  Seq Scan on household_demographics  (cost=0.00..168.00 rows=1800 width=8) (actual time=0.014..1.035 rows=1800 loops=1)
                                                  Filter: ((hd_dep_count = 0) OR (hd_vehicle_count > 3))
                                                  Rows Removed by Filter: 5400
                                ->  Hash  (cost=1.18..1.18 rows=12 width=15) (actual time=0.014..0.015 rows=12 loops=1)
                                      Buckets: 1024  Batches: 1  Memory Usage: 9kB
                                      ->  Seq Scan on store  (cost=0.00..1.18 rows=12 width=15) (actual time=0.004..0.007 rows=12 loops=1)
                                            Filter: ((s_number_employees >= 200) AND (s_number_employees <= 295))
              ->  Index Scan using pk_customer on customer  (cost=0.29..1.43 rows=1 width=60) (actual time=0.002..0.002 rows=1 loops=5800)
                    Index Cond: (c_customer_sk = store_sales.ss_customer_sk)
          c_last_name           |     c_first_name     |  substr  | ss_ticket_number |        amt         |       profit        
--------------------------------+----------------------+----------+------------------+--------------------+---------------------
 Aaron                          | Michael              | Fairview |            45377 |            1746.48 | -5541.4800000000005
 Abbott                         | Bonnie               | Fairview |           177748 |            3645.99 |            -8588.26
 Abbott                         | Lucille              | Fairview |           217305 |            4018.89 |            -9692.62
 Abrams                         | Peter                | Fairview |           177981 |  4969.200000000001 |            -8215.57
 Abrams                         | Tina                 | Midway   |            59468 |              52.77 | -11555.380000000001
 Acker                          | Samuel               | Midway   |            95534 |            4221.95 |           -16646.33
 Acker                          | Sanjuanita           | Fairview |           199570 |            4812.93 |             -275.72
 Acosta                         | Dennis               | Midway   |           111038 |                  0 |            -2933.16
 Acosta                         | George               | Midway   |            21987 |             7490.8 |           -21175.56
 Acosta                         | Mark                 | Fairview |           142755 |            3248.56 |           -13809.43
 Adam                           | Ida                  | Midway   |            86412 |                 95 |  -4703.349999999999
 Adam                           | Marjorie             | Midway   |           167526 |  4817.169999999999 |           -13755.75
 Adams                          | Barbara              | Midway   |           141953 |            4109.98 | -16653.820000000003
 Adams                          | Barbara              | Midway   |           170891 |             973.28 |  -8756.839999999998
 Adams                          | Christie             | Midway   |           173332 | 2610.5600000000004 | -18338.879999999997
 Adams                          | Douglas              | Midway   |            58875 |                0.3 |           -12706.29
 Adams                          | Erna                 | Midway   |            11186 |            4491.89 |            -8267.75
 Adams                          | Essie                | Midway   |           160362 |              12.78 |            -4832.59
 Adams                          | George               | Midway   |           102356 |            2649.01 | -14115.730000000001
 Adams                          | Heather              | Midway   |           186725 |            1581.81 |  -8760.880000000001
 Adams                          | Jacob                | Midway   |           239690 | 272.33000000000004 |           -13489.88
 Adams                          | Jessica              | Fairview |            18771 |            1332.17 |           -14297.59
 Adams                          | Joseph               | Midway   |           101147 | 2749.7099999999996 | -23883.249999999993
 Adams                          | Kati                 | Fairview |           190462 |             2093.4 |            -7146.06
 Adams                          | Lucy                 | Fairview |            88493 |            3137.35 |           -10398.59
 Adams                          | Nicholas             | Midway   |            24462 |            1286.88 |            -3773.47
 Adams                          | Peggie               | Midway   |           227532 |             630.25 |            -4537.57
 Adams                          | Sharon               | Midway   |           105481 | 1214.9099999999999 | -23942.050000000003
 Adams                          | Sharon               | Midway   |           200030 |             366.11 | -3652.6700000000005
 Adams                          | Valentin             | Fairview |            57633 |                  0 |  -6735.590000000001
 Adams                          | Warren               | Midway   |           117253 |             393.22 | -31491.779999999995
 Adams                          | Wesley               | Midway   |            66209 |             6105.9 | -15411.380000000001
 Adams                          |                      | Midway   |            48683 |             486.66 |  2146.2999999999997
 Adkins                         | Amy                  | Midway   |           101835 | 259.66999999999996 | -13177.710000000001
 Adkins                         | Emily                | Fairview |           126187 |             392.13 |             -4993.5
 Adkins                         | Patrica              | Midway   |           133182 |             698.79 |           -18305.13
 Adkins                         | Wayne                | Fairview |            18234 |            2720.94 |           -10920.28
 Adkins                         | Wayne                | Fairview |            18234 |                    |             -212.94
 Adkins                         | William              | Midway   |           123681 | 2651.6299999999997 | -18521.780000000002
 Adler                          | Angelina             | Midway   |            35400 |            1245.57 | -17469.659999999996
 Adler                          | Edwin                | Midway   |            39997 |              708.7 |           -18741.38
 Agee                           | Florine              | Midway   |           221186 | 1421.9499999999998 |  256.60000000000014
 Aguilar                        | John                 | Fairview |            87754 |            1144.88 |  -5852.770000000001
 Aguilar                        | Virgil               | Fairview |           143220 | 3142.2099999999996 | -11771.980000000001
 Aguilera                       | Raymond              | Midway   |           165409 |             432.89 |            -5692.25
 Ahmed                          | Paul                 | Fairview |           201120 |            1921.34 |            -2977.74
 Akers                          | Belinda              | Fairview |           239589 |            1574.92 |            -4789.92
 Akins                          | Linda                | Midway   |            10420 |            6199.44 | -11656.489999999998
 Akins                          | Robert               | Fairview |            84991 |            4781.76 | -11370.189999999999
 Albert                         | Brad                 | Fairview |           136051 |             403.48 | -5337.8099999999995
 Albritton                      | Michael              | Midway   |            42527 |             779.57 |  -7012.539999999999
 Aldrich                        | Angelia              | Midway   |            28199 |  4342.120000000001 |  -8421.590000000002
 Aldrich                        | Karen                | Midway   |           183088 |            1744.43 | -13105.760000000002
 Alexander                      | Agustin              | Midway   |            26885 |  5269.599999999999 |            -7177.43
 Alexander                      | Alberta              | Midway   |           224570 |             234.91 |           -11927.53
 Alexander                      | Eileen               | Midway   |           103116 |            5039.84 |            -7020.56
 Alexander                      | Howard               | Fairview |            74835 |                  0 | -13510.580000000002
 Alexander                      | James                | Fairview |           172923 |            1449.78 |           -14521.39
 Alexander                      | Winfred              | Midway   |           184755 |            3712.21 |           -11036.23
 Alfonso                        | Jimmy                | Fairview |            94341 |  914.2900000000001 |            -2761.68
 Alford                         | Louis                | Midway   |            11560 |                  0 |            -3080.21
 Ali                            | Martin               | Midway   |            64191 |             479.07 |           -11004.57
 Allan                          | Brock                | Fairview |           224085 | 271.41999999999996 |  -9387.189999999999
 Allen                          | Abel                 | Midway   |           203869 |            4598.35 | -1094.8300000000006
 Allen                          | Andrew               | Midway   |           113158 |            7332.12 |            -5166.41
 Allen                          | Angela               | Midway   |           157280 |                  0 |            -4533.72
 Allen                          | April                | Midway   |           136195 |            4197.15 |           -12185.75
 Allen                          | David                | Midway   |           227059 |              748.3 |  -6735.589999999999
 Allen                          | David                | Midway   |           211131 |             601.47 |            -5567.66
 Allen                          | Debbra               | Midway   |            34892 |              13.18 | -2115.5699999999997
 Allen                          | Elaine               | Midway   |            40302 |             462.56 |  -5625.799999999999
 Allen                          | Everett              | Fairview |            90766 |            1127.29 | -1204.2699999999995
 Allen                          | Glenn                | Midway   |           237923 |                  0 |            -4147.49
 Allen                          | Helen                | Midway   |           151763 |            1791.98 | -15779.789999999999
 Allen                          | Jeanette             | Fairview |           171192 |             896.33 |             -7183.9
 Allen                          | Steven               | Midway   |           221271 |            1089.31 | -16362.900000000001
 Allen                          | William              | Midway   |           149857 | 434.42999999999995 |           -27099.86
 Allison                        | Edwin                | Fairview |            41826 |            2799.96 | -1968.7900000000004
 Allison                        | Leroy                | Midway   |           147373 |             2171.3 |           -12642.01
 Allison                        | Leroy                | Midway   |           151236 |             1064.3 |  -5076.179999999999
 Allison                        | Michael              | Midway   |            80585 |             3616.7 |            -7271.13
 Allison                        | Michael              | Midway   |            80585 |                    |              -48.62
 Allison                        | Sean                 | Midway   |           151560 |                  0 |           -10496.86
 Almanza                        | Harold               | Midway   |           238483 |            6059.63 |  -9756.109999999999
 Almond                         | Dorothy              | Midway   |           136391 |             136.54 |            -5820.23
 Alston                         | Anthony              | Midway   |           208998 |            3758.89 |  2521.7199999999993
 Alston                         | Catherine            | Fairview |           110165 |                  0 |             2244.96
 Alston                         | Donna                | Midway   |           179536 |            3415.84 |            -18196.8
 Alston                         | Leroy                | Midway   |           162317 |            6431.81 |            -9712.46
 Alston                         | Linda                | Midway   |              744 |            3241.21 |   1060.369999999999
 Alvarez                        | Herman               | Fairview |           112103 |             606.34 |            -7630.91
 Alvarez                        | Jonathon             | Fairview |           128256 |             644.51 |            -9689.81
 Alvarez                        | Ronnie               | Midway   |            79756 |             323.03 | -10169.370000000003
 Alvarez                        |                      | Fairview |            63666 |            1803.56 | -6604.4000000000015
 Alves                          |                      | Midway   |           108719 |            8940.67 | -30010.000000000007
 Amador                         | George               | Fairview |           100476 |            6817.69 |           -21017.64
 Amaya                          | Charles              | Midway   |           167759 |             582.19 |  -6248.330000000001
 Amaya                          | Thomas               | Fairview |           188236 |             7785.5 | -19086.960000000003
 Ambrose                        |                      | Midway   |           204939 | 3977.6000000000004 | -15827.019999999999
 Ames                           | Roy                  | Midway   |           104931 |             262.18 |  149.52999999999975
(100 rows)

UPDATE time_statistics SET e_time = TRANSACTION_TIMESTAMP() WHERE template = 'query79.tpl' AND stream = 4;
psql:/tmp/s1-basline/throughput/query_4.sql:23: NOTICE:  duration: 0.040 ms  plan:
Query Text: UPDATE time_statistics SET e_time = TRANSACTION_TIMESTAMP() WHERE template = 'query79.tpl' AND stream = 4;
Update on time_statistics  (cost=0.00..26.20 rows=0 width=0) (actual time=0.039..0.039 rows=0 loops=1)
  ->  Seq Scan on time_statistics  (cost=0.00..26.20 rows=1 width=14) (actual time=0.012..0.013 rows=1 loops=1)
        Filter: ((template = 'query79.tpl'::text) AND (stream = 4))
        Rows Removed by Filter: 6
UPDATE 1
LOAD 'auto_explain'; SET auto_explain.log_min_duration TO 0; SET auto_explain.log_analyze TO on; SET auto_explain.log_level TO notice; INSERT INTO time_statistics (template, s_time, stream, query, seed) VALUES ('query39.tpl', TRANSACTION_TIMESTAMP(), 4, 2, 1287464687);
LOAD
SET
SET
SET
psql:/tmp/s1-basline/throughput/query_4.sql:24: NOTICE:  duration: 0.014 ms  plan:
Query Text: INSERT INTO time_statistics (template, s_time, stream, query, seed) VALUES ('query39.tpl', TRANSACTION_TIMESTAMP(), 4, 2, 1287464687);
Insert on time_statistics  (cost=0.00..0.01 rows=0 width=0) (actual time=0.014..0.014 rows=0 loops=1)
  ->  Result  (cost=0.00..0.01 rows=1 width=64) (actual time=0.001..0.001 rows=1 loops=1)
INSERT 0 1
with inv as
(select w_warehouse_name,w_warehouse_sk,i_item_sk,d_moy
       ,stdev,mean, case mean when 0 then null else stdev/mean end cov
 from(select w_warehouse_name,w_warehouse_sk,i_item_sk,d_moy
            ,stddev_samp(inv_quantity_on_hand) stdev,avg(inv_quantity_on_hand) mean
      from inventory
          ,item
          ,warehouse
          ,date_dim
      where inv_item_sk = i_item_sk
        and inv_warehouse_sk = w_warehouse_sk
        and inv_date_sk = d_date_sk
        and d_year =2002
      group by w_warehouse_name,w_warehouse_sk,i_item_sk,d_moy) foo
 where case mean when 0 then 0 else stdev/mean end > 1)
select inv1.w_warehouse_sk,inv1.i_item_sk,inv1.d_moy,inv1.mean, inv1.cov
        ,inv2.w_warehouse_sk,inv2.i_item_sk,inv2.d_moy,inv2.mean, inv2.cov
from inv inv1,inv inv2
where inv1.i_item_sk = inv2.i_item_sk
  and inv1.w_warehouse_sk =  inv2.w_warehouse_sk
  and inv1.d_moy=4
  and inv2.d_moy=4+1
order by inv1.w_warehouse_sk,inv1.i_item_sk,inv1.d_moy,inv1.mean,inv1.cov
        ,inv2.d_moy,inv2.mean, inv2.cov
;
psql:/tmp/s1-basline/throughput/query_4.sql:49: NOTICE:  duration: 2490.711 ms  plan:
Query Text: with inv as
(select w_warehouse_name,w_warehouse_sk,i_item_sk,d_moy
       ,stdev,mean, case mean when 0 then null else stdev/mean end cov
 from(select w_warehouse_name,w_warehouse_sk,i_item_sk,d_moy
            ,stddev_samp(inv_quantity_on_hand) stdev,avg(inv_quantity_on_hand) mean
      from inventory
          ,item
          ,warehouse
          ,date_dim
      where inv_item_sk = i_item_sk
        and inv_warehouse_sk = w_warehouse_sk
        and inv_date_sk = d_date_sk
        and d_year =2002
      group by w_warehouse_name,w_warehouse_sk,i_item_sk,d_moy) foo
 where case mean when 0 then 0 else stdev/mean end > 1)
select inv1.w_warehouse_sk,inv1.i_item_sk,inv1.d_moy,inv1.mean, inv1.cov
        ,inv2.w_warehouse_sk,inv2.i_item_sk,inv2.d_moy,inv2.mean, inv2.cov
from inv inv1,inv inv2
where inv1.i_item_sk = inv2.i_item_sk
  and inv1.w_warehouse_sk =  inv2.w_warehouse_sk
  and inv1.d_moy=4
  and inv2.d_moy=4+1
order by inv1.w_warehouse_sk,inv1.i_item_sk,inv1.d_moy,inv1.mean,inv1.cov
        ,inv2.d_moy,inv2.mean, inv2.cov
;
Sort  (cost=147062.02..147062.03 rows=1 width=168) (actual time=2490.388..2490.561 rows=159 loops=1)
  Sort Key: inv1.w_warehouse_sk, inv1.i_item_sk, inv1.mean, inv1.cov, inv2.mean, inv2.cov
  Sort Method: quicksort  Memory: 43kB
  CTE inv
    ->  Subquery Scan on foo  (cost=144577.10..146182.16 rows=19455 width=130) (actual time=1100.638..2441.753 rows=33944 loops=1)
          ->  HashAggregate  (cost=144577.10..145890.34 rows=19455 width=98) (actual time=1100.636..2431.804 rows=33944 loops=1)
                Group Key: warehouse.w_warehouse_name, warehouse.w_warehouse_sk, item.i_item_sk, date_dim.d_moy
                Filter: (CASE avg(inventory.inv_quantity_on_hand) WHEN '0'::numeric THEN '0'::numeric ELSE (stddev_samp(inventory.inv_quantity_on_hand) / avg(inventory.inv_quantity_on_hand)) END > '1'::numeric)
                Batches: 21  Memory Usage: 34873kB  Disk Usage: 118064kB
                Rows Removed by Filter: 506056
                ->  Gather  (cost=3870.75..143701.61 rows=58366 width=38) (actual time=29.480..367.629 rows=2340000 loops=1)
                      Workers Planned: 3
                      Workers Launched: 3
                      ->  Hash Join  (cost=2870.75..136865.01 rows=18828 width=38) (actual time=24.006..737.936 rows=585000 loops=4)
                            Hash Cond: (inventory.inv_warehouse_sk = warehouse.w_warehouse_sk)
                            ->  Hash Join  (cost=2869.64..136772.58 rows=18828 width=24) (actual time=23.784..600.095 rows=585000 loops=4)
                                  Hash Cond: (inventory.inv_item_sk = item.i_item_sk)
                                  ->  Hash Join  (cost=2322.65..136176.16 rows=18828 width=24) (actual time=19.245..504.314 rows=585000 loops=4)
                                        Hash Cond: (inventory.inv_date_sk = date_dim.d_date_sk)
                                        ->  Parallel Seq Scan on inventory  (cost=0.00..123907.26 rows=3788826 width=28) (actual time=0.019..206.432 rows=2936250 loops=4)
                                        ->  Hash  (cost=2318.11..2318.11 rows=363 width=12) (actual time=14.015..14.016 rows=365 loops=4)
                                              Buckets: 1024  Batches: 1  Memory Usage: 26kB
                                              ->  Seq Scan on date_dim  (cost=0.00..2318.11 rows=363 width=12) (actual time=6.845..13.952 rows=365 loops=4)
                                                    Filter: (d_year = 2002)
                                                    Rows Removed by Filter: 72684
                                  ->  Hash  (cost=321.99..321.99 rows=18000 width=8) (actual time=4.395..4.395 rows=18000 loops=4)
                                        Buckets: 32768  Batches: 1  Memory Usage: 960kB
                                        ->  Index Only Scan using pk_item on item  (cost=0.29..321.99 rows=18000 width=8) (actual time=0.081..2.091 rows=18000 loops=4)
                                              Heap Fetches: 0
                            ->  Hash  (cost=1.05..1.05 rows=5 width=22) (actual time=0.033..0.033 rows=5 loops=4)
                                  Buckets: 1024  Batches: 1  Memory Usage: 9kB
                                  ->  Seq Scan on warehouse  (cost=0.00..1.05 rows=5 width=22) (actual time=0.026..0.028 rows=5 loops=4)
  ->  Hash Join  (cost=439.19..879.85 rows=1 width=168) (actual time=2487.213..2490.301 rows=159 loops=1)
        Hash Cond: ((inv1.i_item_sk = inv2.i_item_sk) AND (inv1.w_warehouse_sk = inv2.w_warehouse_sk))
        ->  CTE Scan on inv inv1  (cost=0.00..437.74 rows=97 width=84) (actual time=1100.641..1103.421 rows=3266 loops=1)
              Filter: (d_moy = 4)
              Rows Removed by Filter: 30678
        ->  Hash  (cost=437.74..437.74 rows=97 width=84) (actual time=1386.549..1386.549 rows=2144 loops=1)
              Buckets: 4096 (originally 1024)  Batches: 1 (originally 1)  Memory Usage: 183kB
              ->  CTE Scan on inv inv2  (cost=0.00..437.74 rows=97 width=84) (actual time=0.401..1385.977 rows=2144 loops=1)
                    Filter: (d_moy = 5)
                    Rows Removed by Filter: 31800
 w_warehouse_sk | i_item_sk | d_moy |         mean         |          cov           | w_warehouse_sk | i_item_sk | d_moy |         mean         |          cov           
----------------+-----------+-------+----------------------+------------------------+----------------+-----------+-------+----------------------+------------------------
              1 |       487 |     4 | 302.7500000000000000 |     1.2983441070852089 |              1 |       487 |     5 | 314.8000000000000000 |     1.0128223585294123
              1 |      1057 |     4 | 393.7500000000000000 |     1.0261163462424076 |              1 |      1057 |     5 | 170.8000000000000000 |     1.1588838631737471
              1 |      1128 |     4 | 367.6666666666666667 |     1.2494302335582267 |              1 |      1128 |     5 | 164.8000000000000000 |     1.0090200227711529
              1 |      1351 |     4 | 340.2500000000000000 | 1.00169526319932402645 |              1 |      1351 |     5 | 292.6666666666666667 |     1.1726208103931002
              1 |      2179 |     4 | 425.5000000000000000 |     1.0203798473599553 |              1 |      2179 |     5 | 413.0000000000000000 |     1.0511431056642567
              1 |      2364 |     4 | 303.7500000000000000 |     1.0752970138650601 |              1 |      2364 |     5 | 329.2000000000000000 |     1.1026614314404617
              1 |      2943 |     4 | 335.3333333333333333 |     1.0595941227242087 |              1 |      2943 |     5 | 267.5000000000000000 |     1.1628051254385308
              1 |      4237 |     4 | 463.6666666666666667 |     1.0637041331835011 |              1 |      4237 |     5 | 312.8000000000000000 |     1.1702326318504987
              1 |      4915 |     4 | 339.3333333333333333 |     1.2283441232202996 |              1 |      4915 |     5 | 335.2000000000000000 |     1.1104774799517989
              1 |      5121 |     4 | 348.6666666666666667 |     1.3301945355281415 |              1 |      5121 |     5 | 389.6000000000000000 |     1.0052899135341247
              1 |      5137 |     4 | 270.5000000000000000 |     1.1890345648578078 |              1 |      5137 |     5 | 283.2000000000000000 |     1.2550654053768503
              1 |      5503 |     4 | 351.2500000000000000 |     1.1395048171957580 |              1 |      5503 |     5 | 264.8000000000000000 |     1.0340586694216276
              1 |      6225 |     4 | 234.3333333333333333 |     1.0083261726179744 |              1 |      6225 |     5 | 347.2000000000000000 |     1.0594584927105703
              1 |      6847 |     4 | 331.2500000000000000 |     1.2301812709581313 |              1 |      6847 |     5 | 367.0000000000000000 |     1.0178142125995286
              1 |      8493 |     4 | 308.0000000000000000 |     1.3387415265917013 |              1 |      8493 |     5 | 227.2000000000000000 |     1.0908009773069674
              1 |      8736 |     4 | 318.0000000000000000 |     1.1062062938212736 |              1 |      8736 |     5 | 204.0000000000000000 |     1.3569373586345980
              1 |      8949 |     4 | 311.2500000000000000 |     1.0081064736287100 |              1 |      8949 |     5 | 337.0000000000000000 |     1.2634609240109703
              1 |      9133 |     4 | 296.0000000000000000 |     1.1136254371722196 |              1 |      9133 |     5 | 333.2500000000000000 |     1.0150385890569272
              1 |      9495 |     4 | 293.6666666666666667 |     1.5570812865530704 |              1 |      9495 |     5 | 309.8000000000000000 |     1.0461433249277082
              1 |      9519 |     4 | 310.3333333333333333 |     1.2699964493972546 |              1 |      9519 |     5 | 284.4000000000000000 |     1.1533952487918073
              1 |     11529 |     4 | 372.0000000000000000 |     1.0388524245732043 |              1 |     11529 |     5 | 138.6000000000000000 |     1.1135400074521140
              1 |     11988 |     4 | 314.7500000000000000 |     1.2732552692837014 |              1 |     11988 |     5 | 426.3333333333333333 |     1.0595708603842260
              1 |     12411 |     4 | 342.7500000000000000 |     1.3448831306072006 |              1 |     12411 |     5 | 385.0000000000000000 |     1.0432120823739195
              1 |     12415 |     4 | 277.0000000000000000 |     1.0054999564560650 |              1 |     12415 |     5 | 244.6000000000000000 |     1.2011159211212592
              1 |     12639 |     4 | 260.0000000000000000 |     1.2637995684096538 |              1 |     12639 |     5 | 301.6000000000000000 |     1.1461161387447580
              1 |     13377 |     4 | 378.7500000000000000 |     1.0850411752082191 |              1 |     13377 |     5 | 151.2500000000000000 |     1.1611214370594182
              1 |     13729 |     4 | 399.3333333333333333 |     1.1447835490700259 |              1 |     13729 |     5 | 234.5000000000000000 |     1.3888155355647932
              1 |     15261 |     4 | 370.6666666666666667 |     1.0854659266343498 |              1 |     15261 |     5 | 253.8000000000000000 |     1.0428326546787628
              1 |     15543 |     4 | 417.0000000000000000 |     1.0258763720451679 |              1 |     15543 |     5 | 384.6000000000000000 |     1.0681089900940848
              1 |     15942 |     4 | 389.6666666666666667 |     1.0238020090205518 |              1 |     15942 |     5 | 187.8000000000000000 |     1.0140478112102982
              1 |     16285 |     4 | 405.2500000000000000 |     1.0110636684329180 |              1 |     16285 |     5 | 285.0000000000000000 |     1.3112608226860561
              1 |     16380 |     4 | 205.0000000000000000 |     1.0845150588851415 |              1 |     16380 |     5 | 191.4000000000000000 |     1.1717085778130251
              1 |     16590 |     4 | 352.5000000000000000 |     1.1578025226354979 |              1 |     16590 |     5 | 258.8000000000000000 |     1.0995995046110046
              2 |       289 |     4 | 423.5000000000000000 |     1.0174849159137875 |              2 |       289 |     5 | 232.6000000000000000 |     1.0910915888780868
              2 |       559 |     4 | 470.0000000000000000 |     1.0764177241878851 |              2 |       559 |     5 | 416.2000000000000000 | 1.00190400282254685247
              2 |       853 |     4 | 219.5000000000000000 |     1.3577354431280091 |              2 |       853 |     5 | 322.8000000000000000 |     1.1604255600272924
              2 |      1693 |     4 | 379.5000000000000000 |     1.0614287161080632 |              2 |      1693 |     5 | 199.4000000000000000 |     1.1207116774765095
              2 |      2178 |     4 | 263.7500000000000000 |     1.2909284489048265 |              2 |      2178 |     5 | 319.8000000000000000 |     1.0576883209913383
              2 |      2457 |     4 | 268.0000000000000000 |     1.0314402975445672 |              2 |      2457 |     5 | 336.5000000000000000 |     1.2872582531500297
              2 |      2827 |     4 | 262.3333333333333333 |     1.5290901530602948 |              2 |      2827 |     5 | 382.2500000000000000 |     1.0124937377947731
              2 |      2905 |     4 | 360.3333333333333333 |     1.2348283346078464 |              2 |      2905 |     5 | 266.6000000000000000 |     1.0322257612402213
              2 |      4297 |     4 | 292.5000000000000000 |     1.2109531691442769 |              2 |      4297 |     5 | 298.0000000000000000 |     1.0685614472298792
              2 |      4338 |     4 | 162.7500000000000000 |     1.1006570483443011 |              2 |      4338 |     5 | 376.2000000000000000 |     1.1151536365076050
              2 |      5419 |     4 | 319.0000000000000000 |     1.4194743672534953 |              2 |      5419 |     5 | 303.4000000000000000 |     1.0049995844367897
              2 |      5775 |     4 | 271.7500000000000000 |     1.3887674621676835 |              2 |      5775 |     5 | 253.8000000000000000 |     1.0336104259880142
              2 |      6349 |     4 | 334.2500000000000000 |     1.3007902023405415 |              2 |      6349 |     5 | 221.3333333333333333 |     1.2638683068129262
              2 |      6534 |     4 | 382.0000000000000000 | 1.00163193867489790576 |              2 |      6534 |     5 | 464.5000000000000000 |     1.0510000266571173
              2 |      6633 |     4 | 438.2500000000000000 |     1.0302911598761962 |              2 |      6633 |     5 | 361.0000000000000000 |     1.1129323825797036
              2 |      6649 |     4 | 217.7500000000000000 |     1.1997412638813180 |              2 |      6649 |     5 | 271.2000000000000000 |     1.1724428748902139
              2 |      6967 |     4 | 315.0000000000000000 |     1.3500663303445079 |              2 |      6967 |     5 | 364.2000000000000000 |     1.0841263807740472
              2 |      7917 |     4 | 319.0000000000000000 |     1.0917045106980815 |              2 |      7917 |     5 | 364.0000000000000000 |     1.1190933307210742
              2 |      8043 |     4 | 247.0000000000000000 |     1.1213040132341012 |              2 |      8043 |     5 | 389.8000000000000000 |     1.0833393670831195
              2 |      8401 |     4 | 404.0000000000000000 |     1.1111021931043168 |              2 |      8401 |     5 | 263.0000000000000000 |     1.4563978543165932
              2 |      8817 |     4 | 324.7500000000000000 |     1.0982108189434365 |              2 |      8817 |     5 | 312.0000000000000000 |     1.1999877581284391
              2 |      9441 |     4 | 245.2500000000000000 |     1.1472771264509072 |              2 |      9441 |     5 | 388.4000000000000000 |     1.0863739111273043
              2 |     11817 |     4 | 321.7500000000000000 |     1.0923157139536379 |              2 |     11817 |     5 | 212.5000000000000000 |     1.3070582940645929
              2 |     12243 |     4 | 387.5000000000000000 |     1.0516680505363381 |              2 |     12243 |     5 | 180.6000000000000000 |     1.0280798160891860
              2 |     12492 |     4 | 307.2500000000000000 |     1.1723391925613409 |              2 |     12492 |     5 | 337.7500000000000000 |     1.0159377992900400
              2 |     12619 |     4 | 259.7500000000000000 |     1.2205980279070683 |              2 |     12619 |     5 | 373.7500000000000000 |     1.1091183147566368
              2 |     12693 |     4 | 376.0000000000000000 |     1.2025659387452846 |              2 |     12693 |     5 | 351.6000000000000000 |     1.0456862828588168
              2 |     13119 |     4 | 221.6666666666666667 |     1.0626366622229233 |              2 |     13119 |     5 | 244.8000000000000000 |     1.0485658365379902
              2 |     13669 |     4 | 320.0000000000000000 |     1.0125337571533094 |              2 |     13669 |     5 | 299.6000000000000000 |     1.2938930504866455
              2 |     13851 |     4 | 347.0000000000000000 |     1.3197295085942882 |              2 |     13851 |     5 | 331.4000000000000000 |     1.0767251316886059
              2 |     14001 |     4 | 310.7500000000000000 |     1.0490859240610780 |              2 |     14001 |     5 | 327.5000000000000000 |     1.0827646244588366
              2 |     14520 |     4 | 191.7500000000000000 |     1.0247276039255854 |              2 |     14520 |     5 | 287.6000000000000000 |     1.3431067139466829
              2 |     17202 |     4 | 307.2500000000000000 |     1.3751941461749715 |              2 |     17202 |     5 | 404.7500000000000000 |     1.1287295292337171
              2 |     17397 |     4 | 364.0000000000000000 |     1.1832242489206813 |              2 |     17397 |     5 | 123.8000000000000000 |     1.5594410285400646
              2 |     17610 |     4 | 230.0000000000000000 |     1.0336676492343783 |              2 |     17610 |     5 | 248.5000000000000000 |     1.1444925527783300
              2 |     17946 |     4 | 174.0000000000000000 |     1.0188473588064943 |              2 |     17946 |     5 | 260.4000000000000000 |     1.3433468452428840
              3 |       403 |     4 | 255.0000000000000000 |     1.4107658049265725 |              3 |       403 |     5 | 419.2500000000000000 |     1.0020375740825713
              3 |       415 |     4 | 423.0000000000000000 |     1.0151675705276572 |              3 |       415 |     5 | 244.0000000000000000 |     1.0302670600363607
              3 |      1368 |     4 | 370.0000000000000000 |     1.1550273339606514 |              3 |      1368 |     5 | 311.0000000000000000 |     1.0815073225500772
              3 |      1587 |     4 | 362.3333333333333333 |     1.5175386273951886 |              3 |      1587 |     5 | 213.0000000000000000 |     1.2335600716845634
              3 |      2587 |     4 | 402.0000000000000000 |     1.0810196575055274 |              3 |      2587 |     5 | 336.4000000000000000 |     1.0987629692806837
              3 |      3229 |     4 | 273.7500000000000000 |     1.4316601890495160 |              3 |      3229 |     5 | 263.6000000000000000 |     1.0198740488738202
              3 |      3267 |     4 | 340.0000000000000000 |     1.2188139714970824 |              3 |      3267 |     5 | 301.5000000000000000 |     1.3344453283460100
              3 |      3733 |     4 | 344.2500000000000000 |     1.2304597946452694 |              3 |      3733 |     5 | 217.0000000000000000 |     1.6397923209308341
              3 |      5892 |     4 | 411.0000000000000000 |     1.1320590316806521 |              3 |      5892 |     5 | 376.0000000000000000 |     1.0088414878354734
              3 |      5965 |     4 | 250.0000000000000000 |     1.2214155721948200 |              3 |      5965 |     5 | 320.2000000000000000 |     1.0762909136349719
              3 |      6516 |     4 | 386.5000000000000000 |     1.0390184399036714 |              3 |      6516 |     5 | 367.5000000000000000 |     1.0383617849506612
              3 |      8569 |     4 | 231.7500000000000000 |     1.0142188065477670 |              3 |      8569 |     5 | 178.6000000000000000 |     1.0823634577164278
              3 |      8712 |     4 | 242.0000000000000000 |     1.0812716042795000 |              3 |      8712 |     5 | 321.4000000000000000 |     1.2379503496424456
              3 |      9103 |     4 | 275.2500000000000000 |     1.2388946153120509 |              3 |      9103 |     5 | 335.4000000000000000 |     1.1044743098117740
              3 |      9355 |     4 | 116.0000000000000000 |     1.1522092721795603 |              3 |      9355 |     5 | 373.8000000000000000 |     1.0220653655143954
              3 |      9453 |     4 | 282.7500000000000000 |     1.0843425770418108 |              3 |      9453 |     5 | 327.5000000000000000 |     1.1531599997250656
              3 |      9546 |     4 | 240.0000000000000000 |     1.0998947761120250 |              3 |      9546 |     5 | 197.4000000000000000 |     1.1552629091451976
              3 |      9775 |     4 | 348.2500000000000000 |     1.0403827286353654 |              3 |      9775 |     5 | 389.4000000000000000 |     1.1042519200125706
              3 |     10053 |     4 | 306.7500000000000000 |     1.0425574492943504 |              3 |     10053 |     5 | 198.0000000000000000 |     1.4393762182145000
              3 |     11211 |     4 | 366.0000000000000000 |     1.1623620051589153 |              3 |     11211 |     5 | 167.4000000000000000 |     1.2990709668948984
              3 |     11227 |     4 | 329.6666666666666667 |     1.0423724947450738 |              3 |     11227 |     5 | 376.3333333333333333 |     1.0367388019854473
              3 |     11250 |     4 | 297.2500000000000000 |     1.2932468734634752 |              3 |     11250 |     5 | 335.0000000000000000 |     1.0238356313465791
              3 |     11400 |     4 | 347.7500000000000000 |     1.0243332812287362 |              3 |     11400 |     5 | 278.7500000000000000 |     1.6183902268843659
              3 |     11475 |     4 | 227.7500000000000000 |     1.0071926911505730 |              3 |     11475 |     5 | 309.5000000000000000 |     1.4685808083341066
              3 |     13245 |     4 | 185.3333333333333333 |     1.2503596604879514 |              3 |     13245 |     5 | 361.0000000000000000 |     1.1072504159880083
              3 |     14017 |     4 | 381.0000000000000000 |     1.1360272181488163 |              3 |     14017 |     5 | 350.2500000000000000 |     1.0803473580879286
              3 |     14341 |     4 | 221.2500000000000000 |     1.0202440867417130 |              3 |     14341 |     5 | 304.7500000000000000 |     1.2227977744231632
              3 |     14391 |     4 | 318.2500000000000000 |     1.0094396947435852 |              3 |     14391 |     5 | 268.8000000000000000 |     1.0175221847301116
              3 |     14473 |     4 | 314.5000000000000000 |     1.2642658809174054 |              3 |     14473 |     5 | 303.3333333333333333 |     1.5207929690393044
              3 |     15108 |     4 | 292.7500000000000000 |     1.0989749218497899 |              3 |     15108 |     5 | 351.6000000000000000 |     1.0780412740197497
              3 |     15120 |     4 | 276.2500000000000000 |     1.0863041224246588 |              3 |     15120 |     5 | 274.8000000000000000 |     1.2515454914888937
              3 |     16446 |     4 | 361.2500000000000000 |     1.0767166823407170 |              3 |     16446 |     5 | 382.6666666666666667 |     1.2408471613440889
              3 |     16693 |     4 | 195.0000000000000000 |     1.6790101756226513 |              3 |     16693 |     5 | 389.6000000000000000 |     1.0021031567950103
              3 |     17061 |     4 | 421.0000000000000000 |     1.0766883178617910 |              3 |     17061 |     5 | 496.5000000000000000 |     1.0504285805790352
              3 |     17529 |     4 | 276.3333333333333333 |     1.5173782802250760 |              3 |     17529 |     5 | 310.6000000000000000 |     1.0657075377120251
              4 |      1269 |     4 | 355.0000000000000000 |     1.0874796161883718 |              4 |      1269 |     5 | 392.6000000000000000 |     1.0503775457191849
              4 |      1327 |     4 | 403.6666666666666667 |     1.1854100816246061 |              4 |      1327 |     5 | 360.5000000000000000 |     1.0628115845263828
              4 |      1383 |     4 | 300.5000000000000000 |     1.1619664652452579 |              4 |      1383 |     5 | 332.2000000000000000 |     1.2854643693332300
              4 |      1921 |     4 | 377.3333333333333333 |     1.0205394188688498 |              4 |      1921 |     5 | 328.5000000000000000 |     1.2002574861320487
              4 |      2737 |     4 | 152.7500000000000000 |     1.2956996582760131 |              4 |      2737 |     5 | 300.6000000000000000 |     1.2910531676975216
              4 |      2755 |     4 | 432.0000000000000000 |     1.0350277119673981 |              4 |      2755 |     5 | 332.4000000000000000 |     1.1047953831389471
              4 |      2901 |     4 | 342.0000000000000000 |     1.2143271685514035 |              4 |      2901 |     5 | 309.5000000000000000 |     1.0274585708209015
              4 |      6264 |     4 | 337.5000000000000000 |     1.0236840504804444 |              4 |      6264 |     5 | 233.0000000000000000 |     1.1796447882820601
              4 |      6303 |     4 | 339.2500000000000000 |     1.1234674994267797 |              4 |      6303 |     5 | 324.7500000000000000 |     1.1703722587746790
              4 |      7009 |     4 | 222.0000000000000000 |     1.3868388408965450 |              4 |      7009 |     5 | 285.4000000000000000 |     1.1684936256009951
              4 |      7224 |     4 | 286.2500000000000000 |     1.0294218088644926 |              4 |      7224 |     5 | 223.2000000000000000 |     1.1169822985615771
              4 |      7453 |     4 | 308.5000000000000000 |     1.2451166006742528 |              4 |      7453 |     5 | 422.8000000000000000 |     1.0032124531559248
              4 |      7465 |     4 | 303.2500000000000000 |     1.1453402013927519 |              4 |      7465 |     5 | 336.4000000000000000 |     1.1605960539539893
              4 |      7699 |     4 | 474.0000000000000000 |     1.0684371378210506 |              4 |      7699 |     5 | 303.4000000000000000 |     1.1745034803083619
              4 |      7899 |     4 | 353.7500000000000000 |     1.1521977939736000 |              4 |      7899 |     5 | 215.0000000000000000 |     1.1815830284909953
              4 |      8137 |     4 | 456.3333333333333333 |     1.0541937585951388 |              4 |      8137 |     5 | 276.0000000000000000 |     1.3366938393214130
              4 |      8707 |     4 | 229.7500000000000000 |     1.4872094952993515 |              4 |      8707 |     5 | 363.4000000000000000 | 1.00036242228123555311
              4 |      9564 |     4 | 303.0000000000000000 |     1.3955440764011716 |              4 |      9564 |     5 | 241.4000000000000000 |     1.0098303653362966
              4 |      9729 |     4 | 320.0000000000000000 |     1.0223957006707344 |              4 |      9729 |     5 | 151.5000000000000000 |     1.5108976734139802
              4 |     10555 |     4 | 322.0000000000000000 |     1.1473799918276366 |              4 |     10555 |     5 | 350.6000000000000000 |     1.0049905426773103
              4 |     11299 |     4 | 378.7500000000000000 |     1.0549705121123802 |              4 |     11299 |     5 | 303.7500000000000000 |     1.1886016145168823
              4 |     12936 |     4 | 336.3333333333333333 |     1.0093455634946700 |              4 |     12936 |     5 | 164.2500000000000000 |     1.1547032134675799
              4 |     13471 |     4 | 330.7500000000000000 |     1.1255029530491459 |              4 |     13471 |     5 | 342.8000000000000000 |     1.0051177066779259
              4 |     14904 |     4 | 307.7500000000000000 |     1.1474824403243119 |              4 |     14904 |     5 | 372.2500000000000000 | 1.00100567905221759570
              4 |     15501 |     4 | 304.2500000000000000 |     1.1874733971362399 |              4 |     15501 |     5 | 320.2000000000000000 |     1.0412084977192942
              4 |     15549 |     4 | 263.7500000000000000 |     1.1225625138431393 |              4 |     15549 |     5 | 258.7500000000000000 |     1.2808601550295034
              4 |     15858 |     4 | 329.7500000000000000 |     1.0455433422518059 |              4 |     15858 |     5 | 424.3333333333333333 |     1.1045728678505609
              4 |     16107 |     4 | 409.7500000000000000 |     1.0009163854200098 |              4 |     16107 |     5 | 388.8000000000000000 |     1.1528651725254424
              4 |     17349 |     4 | 208.7500000000000000 |     1.0384672308671569 |              4 |     17349 |     5 | 328.2500000000000000 |     1.3665313395453343
              4 |     17647 |     4 | 368.7500000000000000 |     1.0762181756596692 |              4 |     17647 |     5 | 362.4000000000000000 |     1.0381449686117467
              4 |     17865 |     4 | 271.2500000000000000 |     1.2262979045550157 |              4 |     17865 |     5 | 413.2500000000000000 |     1.1449997055306400
              4 |     17898 |     4 | 440.5000000000000000 |     1.0494050220311737 |              4 |     17898 |     5 | 201.2000000000000000 |     1.1592637365767545
              5 |        43 |     4 | 491.7500000000000000 |     1.0137917544599126 |              5 |        43 |     5 | 467.5000000000000000 |     1.1086829317855380
              5 |      1722 |     4 | 408.0000000000000000 |     1.0118384067750613 |              5 |      1722 |     5 | 280.0000000000000000 |     1.1732020547307643
              5 |      3493 |     4 | 165.6666666666666667 |     1.0077470362755996 |              5 |      3493 |     5 | 405.7500000000000000 |     1.0317432128693284
              5 |      3552 |     4 | 293.0000000000000000 |     1.0910759791306826 |              5 |      3552 |     5 | 279.7500000000000000 |     1.3801687582813870
              5 |      3991 |     4 | 365.5000000000000000 |     1.0241393826258577 |              5 |      3991 |     5 | 205.0000000000000000 |     1.7934012166425122
              5 |      4147 |     4 | 404.5000000000000000 |     1.0776669378617651 |              5 |      4147 |     5 | 365.0000000000000000 |     1.0119669276282575
              5 |      4206 |     4 | 348.0000000000000000 |     1.2625225999075144 |              5 |      4206 |     5 | 223.2000000000000000 |     1.1637341053683961
              5 |      4299 |     4 | 143.5000000000000000 |     1.0988488655372822 |              5 |      4299 |     5 | 345.2000000000000000 |     1.0806580563201680
              5 |      4482 |     4 | 356.5000000000000000 |     1.0782255018209818 |              5 |      4482 |     5 | 224.2000000000000000 |     1.0402618810695718
              5 |      5007 |     4 | 102.3333333333333333 |     1.1821008020601987 |              5 |      5007 |     5 | 360.0000000000000000 |     1.0352133435513028
              5 |      5937 |     4 | 291.2500000000000000 |     1.1090620380019845 |              5 |      5937 |     5 | 432.7500000000000000 |     1.0519787386536153
              5 |      6090 |     4 | 353.7500000000000000 |     1.0638628676476806 |              5 |      6090 |     5 | 331.8000000000000000 |     1.1236345431416426
              5 |      7057 |     4 | 282.2500000000000000 |     1.1069401582547281 |              5 |      7057 |     5 | 236.5000000000000000 |     1.3580971456107907
              5 |      7395 |     4 | 328.6666666666666667 |     1.2713332683911653 |              5 |      7395 |     5 | 420.8000000000000000 |     1.0977407880188165
              5 |      9024 |     4 | 300.3333333333333333 |     1.2748990340308202 |              5 |      9024 |     5 | 356.0000000000000000 |     1.1189775184435000
              5 |      9217 |     4 | 337.3333333333333333 |     1.2880164717873587 |              5 |      9217 |     5 | 489.2500000000000000 |     1.0468142398647583
              5 |     12879 |     4 | 290.5000000000000000 |     1.0067596315244613 |              5 |     12879 |     5 | 310.0000000000000000 |     1.1631772304816355
              5 |     13519 |     4 | 218.0000000000000000 |     1.0221229337228073 |              5 |     13519 |     5 | 380.0000000000000000 |     1.0962729607320132
              5 |     13926 |     4 | 344.5000000000000000 |     1.0317183549424702 |              5 |     13926 |     5 | 357.2500000000000000 |     1.0913814783784997
              5 |     15439 |     4 | 283.0000000000000000 |     1.2592567429929081 |              5 |     15439 |     5 | 298.4000000000000000 |     1.0644330598647017
              5 |     15667 |     4 | 268.7500000000000000 |     1.1616470655123312 |              5 |     15667 |     5 | 287.8000000000000000 |     1.0829340289865949
              5 |     17106 |     4 | 377.6666666666666667 |     1.4159801034417220 |              5 |     17106 |     5 | 317.4000000000000000 |     1.0904567261037051
              5 |     17157 |     4 | 365.5000000000000000 |     1.0961374577587798 |              5 |     17157 |     5 | 317.5000000000000000 |     1.0252585343756598
(159 rows)

with inv as
(select w_warehouse_name,w_warehouse_sk,i_item_sk,d_moy
       ,stdev,mean, case mean when 0 then null else stdev/mean end cov
 from(select w_warehouse_name,w_warehouse_sk,i_item_sk,d_moy
            ,stddev_samp(inv_quantity_on_hand) stdev,avg(inv_quantity_on_hand) mean
      from inventory
          ,item
          ,warehouse
          ,date_dim
      where inv_item_sk = i_item_sk
        and inv_warehouse_sk = w_warehouse_sk
        and inv_date_sk = d_date_sk
        and d_year =2002
      group by w_warehouse_name,w_warehouse_sk,i_item_sk,d_moy) foo
 where case mean when 0 then 0 else stdev/mean end > 1)
select inv1.w_warehouse_sk,inv1.i_item_sk,inv1.d_moy,inv1.mean, inv1.cov
        ,inv2.w_warehouse_sk,inv2.i_item_sk,inv2.d_moy,inv2.mean, inv2.cov
from inv inv1,inv inv2
where inv1.i_item_sk = inv2.i_item_sk
  and inv1.w_warehouse_sk =  inv2.w_warehouse_sk
  and inv1.d_moy=4
  and inv2.d_moy=4+1
  and inv1.cov > 1.5
order by inv1.w_warehouse_sk,inv1.i_item_sk,inv1.d_moy,inv1.mean,inv1.cov
        ,inv2.d_moy,inv2.mean, inv2.cov
;
psql:/tmp/s1-basline/throughput/query_4.sql:75: NOTICE:  duration: 2458.210 ms  plan:
Query Text: with inv as
(select w_warehouse_name,w_warehouse_sk,i_item_sk,d_moy
       ,stdev,mean, case mean when 0 then null else stdev/mean end cov
 from(select w_warehouse_name,w_warehouse_sk,i_item_sk,d_moy
            ,stddev_samp(inv_quantity_on_hand) stdev,avg(inv_quantity_on_hand) mean
      from inventory
          ,item
          ,warehouse
          ,date_dim
      where inv_item_sk = i_item_sk
        and inv_warehouse_sk = w_warehouse_sk
        and inv_date_sk = d_date_sk
        and d_year =2002
      group by w_warehouse_name,w_warehouse_sk,i_item_sk,d_moy) foo
 where case mean when 0 then 0 else stdev/mean end > 1)
select inv1.w_warehouse_sk,inv1.i_item_sk,inv1.d_moy,inv1.mean, inv1.cov
        ,inv2.w_warehouse_sk,inv2.i_item_sk,inv2.d_moy,inv2.mean, inv2.cov
from inv inv1,inv inv2
where inv1.i_item_sk = inv2.i_item_sk
  and inv1.w_warehouse_sk =  inv2.w_warehouse_sk
  and inv1.d_moy=4
  and inv2.d_moy=4+1
  and inv1.cov > 1.5
order by inv1.w_warehouse_sk,inv1.i_item_sk,inv1.d_moy,inv1.mean,inv1.cov
        ,inv2.d_moy,inv2.mean, inv2.cov
;
Sort  (cost=147108.71..147108.72 rows=1 width=168) (actual time=2458.027..2458.192 rows=5 loops=1)
  Sort Key: inv1.w_warehouse_sk, inv1.i_item_sk, inv1.mean, inv1.cov, inv2.mean, inv2.cov
  Sort Method: quicksort  Memory: 25kB
  CTE inv
    ->  Subquery Scan on foo  (cost=144577.10..146182.16 rows=19455 width=130) (actual time=1098.217..2437.948 rows=33944 loops=1)
          ->  HashAggregate  (cost=144577.10..145890.34 rows=19455 width=98) (actual time=1098.214..2427.958 rows=33944 loops=1)
                Group Key: warehouse.w_warehouse_name, warehouse.w_warehouse_sk, item.i_item_sk, date_dim.d_moy
                Filter: (CASE avg(inventory.inv_quantity_on_hand) WHEN '0'::numeric THEN '0'::numeric ELSE (stddev_samp(inventory.inv_quantity_on_hand) / avg(inventory.inv_quantity_on_hand)) END > '1'::numeric)
                Batches: 21  Memory Usage: 34873kB  Disk Usage: 118040kB
                Rows Removed by Filter: 506056
                ->  Gather  (cost=3870.75..143701.61 rows=58366 width=38) (actual time=28.316..366.111 rows=2340000 loops=1)
                      Workers Planned: 3
                      Workers Launched: 3
                      ->  Hash Join  (cost=2870.75..136865.01 rows=18828 width=38) (actual time=23.807..737.433 rows=585000 loops=4)
                            Hash Cond: (inventory.inv_warehouse_sk = warehouse.w_warehouse_sk)
                            ->  Hash Join  (cost=2869.64..136772.58 rows=18828 width=24) (actual time=23.576..599.441 rows=585000 loops=4)
                                  Hash Cond: (inventory.inv_item_sk = item.i_item_sk)
                                  ->  Hash Join  (cost=2322.65..136176.16 rows=18828 width=24) (actual time=19.138..504.438 rows=585000 loops=4)
                                        Hash Cond: (inventory.inv_date_sk = date_dim.d_date_sk)
                                        ->  Parallel Seq Scan on inventory  (cost=0.00..123907.26 rows=3788826 width=28) (actual time=0.019..205.468 rows=2936250 loops=4)
                                        ->  Hash  (cost=2318.11..2318.11 rows=363 width=12) (actual time=14.152..14.153 rows=365 loops=4)
                                              Buckets: 1024  Batches: 1  Memory Usage: 26kB
                                              ->  Seq Scan on date_dim  (cost=0.00..2318.11 rows=363 width=12) (actual time=7.088..14.098 rows=365 loops=4)
                                                    Filter: (d_year = 2002)
                                                    Rows Removed by Filter: 72684
                                  ->  Hash  (cost=321.99..321.99 rows=18000 width=8) (actual time=4.323..4.323 rows=18000 loops=4)
                                        Buckets: 32768  Batches: 1  Memory Usage: 960kB
                                        ->  Index Only Scan using pk_item on item  (cost=0.29..321.99 rows=18000 width=8) (actual time=0.079..2.109 rows=18000 loops=4)
                                              Heap Fetches: 0
                            ->  Hash  (cost=1.05..1.05 rows=5 width=22) (actual time=0.030..0.031 rows=5 loops=4)
                                  Buckets: 1024  Batches: 1  Memory Usage: 9kB
                                  ->  Seq Scan on warehouse  (cost=0.00..1.05 rows=5 width=22) (actual time=0.025..0.026 rows=5 loops=4)
  ->  Hash Join  (cost=439.19..926.54 rows=1 width=168) (actual time=2453.310..2458.019 rows=5 loops=1)
        Hash Cond: ((inv1.i_item_sk = inv2.i_item_sk) AND (inv1.w_warehouse_sk = inv2.w_warehouse_sk))
        ->  CTE Scan on inv inv1  (cost=0.00..486.38 rows=32 width=84) (actual time=1099.348..1104.083 rows=141 loops=1)
              Filter: ((cov > 1.5) AND (d_moy = 4))
              Rows Removed by Filter: 33803
        ->  Hash  (cost=437.74..437.74 rows=97 width=84) (actual time=1353.900..1353.901 rows=2144 loops=1)
              Buckets: 4096 (originally 1024)  Batches: 1 (originally 1)  Memory Usage: 183kB
              ->  CTE Scan on inv inv2  (cost=0.00..437.74 rows=97 width=84) (actual time=0.003..1353.362 rows=2144 loops=1)
                    Filter: (d_moy = 5)
                    Rows Removed by Filter: 31800
 w_warehouse_sk | i_item_sk | d_moy |         mean         |        cov         | w_warehouse_sk | i_item_sk | d_moy |         mean         |        cov         
----------------+-----------+-------+----------------------+--------------------+----------------+-----------+-------+----------------------+--------------------
              1 |      9495 |     4 | 293.6666666666666667 | 1.5570812865530704 |              1 |      9495 |     5 | 309.8000000000000000 | 1.0461433249277082
              2 |      2827 |     4 | 262.3333333333333333 | 1.5290901530602948 |              2 |      2827 |     5 | 382.2500000000000000 | 1.0124937377947731
              3 |      1587 |     4 | 362.3333333333333333 | 1.5175386273951886 |              3 |      1587 |     5 | 213.0000000000000000 | 1.2335600716845634
              3 |     16693 |     4 | 195.0000000000000000 | 1.6790101756226513 |              3 |     16693 |     5 | 389.6000000000000000 | 1.0021031567950103
              3 |     17529 |     4 | 276.3333333333333333 | 1.5173782802250760 |              3 |     17529 |     5 | 310.6000000000000000 | 1.0657075377120251
(5 rows)

UPDATE time_statistics SET e_time = TRANSACTION_TIMESTAMP() WHERE template = 'query39.tpl' AND stream = 4;
psql:/tmp/s1-basline/throughput/query_4.sql:77: NOTICE:  duration: 0.036 ms  plan:
Query Text: UPDATE time_statistics SET e_time = TRANSACTION_TIMESTAMP() WHERE template = 'query39.tpl' AND stream = 4;
Update on time_statistics  (cost=0.00..26.20 rows=0 width=0) (actual time=0.035..0.035 rows=0 loops=1)
  ->  Seq Scan on time_statistics  (cost=0.00..26.20 rows=1 width=14) (actual time=0.018..0.019 rows=1 loops=1)
        Filter: ((template = 'query39.tpl'::text) AND (stream = 4))
        Rows Removed by Filter: 18
UPDATE 1
LOAD 'auto_explain'; SET auto_explain.log_min_duration TO 0; SET auto_explain.log_analyze TO on; SET auto_explain.log_level TO notice; INSERT INTO time_statistics (template, s_time, stream, query, seed) VALUES ('query93.tpl', TRANSACTION_TIMESTAMP(), 4, 3, 373767237);
LOAD
SET
SET
SET
psql:/tmp/s1-basline/throughput/query_4.sql:78: NOTICE:  duration: 0.018 ms  plan:
Query Text: INSERT INTO time_statistics (template, s_time, stream, query, seed) VALUES ('query93.tpl', TRANSACTION_TIMESTAMP(), 4, 3, 373767237);
Insert on time_statistics  (cost=0.00..0.01 rows=0 width=0) (actual time=0.017..0.018 rows=0 loops=1)
  ->  Result  (cost=0.00..0.01 rows=1 width=64) (actual time=0.002..0.002 rows=1 loops=1)
INSERT 0 1
select  ss_customer_sk
            ,sum(act_sales) sumsales
      from (select ss_item_sk
                  ,ss_ticket_number
                  ,ss_customer_sk
                  ,case when sr_return_quantity is not null then (ss_quantity-sr_return_quantity)*ss_sales_price
                                                            else (ss_quantity*ss_sales_price) end act_sales
            from store_sales left outer join store_returns on (sr_item_sk = ss_item_sk
                                                               and sr_ticket_number = ss_ticket_number)
                ,reason
            where sr_reason_sk = r_reason_sk
              and r_reason_desc = 'Found a better price in a store') t
      group by ss_customer_sk
      order by sumsales, ss_customer_sk
limit 100;
psql:/tmp/s1-basline/throughput/query_4.sql:93: NOTICE:  duration: 118.344 ms  plan:
Query Text: select  ss_customer_sk
            ,sum(act_sales) sumsales
      from (select ss_item_sk
                  ,ss_ticket_number
                  ,ss_customer_sk
                  ,case when sr_return_quantity is not null then (ss_quantity-sr_return_quantity)*ss_sales_price
                                                            else (ss_quantity*ss_sales_price) end act_sales
            from store_sales left outer join store_returns on (sr_item_sk = ss_item_sk
                                                               and sr_ticket_number = ss_ticket_number)
                ,reason
            where sr_reason_sk = r_reason_sk
              and r_reason_desc = 'Found a better price in a store') t
      group by ss_customer_sk
      order by sumsales, ss_customer_sk
limit 100;
Limit  (cost=16331.05..16331.08 rows=10 width=16) (actual time=118.304..118.317 rows=100 loops=1)
  ->  Sort  (cost=16331.05..16331.08 rows=10 width=16) (actual time=118.303..118.310 rows=100 loops=1)
        Sort Key: (sum(CASE WHEN (store_returns.sr_return_quantity IS NOT NULL) THEN (((store_sales.ss_quantity - store_returns.sr_return_quantity))::double precision * store_sales.ss_sales_price) ELSE ((store_sales.ss_quantity)::double precision * store_sales.ss_sales_price) END)), store_sales.ss_customer_sk
        Sort Method: top-N heapsort  Memory: 33kB
        ->  GroupAggregate  (cost=16330.59..16330.89 rows=10 width=16) (actual time=114.256..117.460 rows=7262 loops=1)
              Group Key: store_sales.ss_customer_sk
              ->  Sort  (cost=16330.59..16330.61 rows=10 width=24) (actual time=114.248..114.892 rows=8007 loops=1)
                    Sort Key: store_sales.ss_customer_sk
                    Sort Method: quicksort  Memory: 687kB
                    ->  Nested Loop  (cost=1.88..16330.42 rows=10 width=24) (actual time=0.036..112.330 rows=8007 loops=1)
                          ->  Hash Join  (cost=1.45..10237.21 rows=7929 width=20) (actual time=0.020..65.095 rows=8007 loops=1)
                                Hash Cond: (store_returns.sr_reason_sk = reason.r_reason_sk)
                                ->  Seq Scan on store_returns  (cost=0.00..9393.72 rows=287172 width=28) (actual time=0.003..28.905 rows=287172 loops=1)
                                ->  Hash  (cost=1.44..1.44 rows=1 width=8) (actual time=0.010..0.011 rows=1 loops=1)
                                      Buckets: 1024  Batches: 1  Memory Usage: 9kB
                                      ->  Seq Scan on reason  (cost=0.00..1.44 rows=1 width=8) (actual time=0.005..0.009 rows=1 loops=1)
                                            Filter: (r_reason_desc = 'Found a better price in a store'::bpchar)
                                            Rows Removed by Filter: 34
                          ->  Index Scan using pk_store_sales on store_sales  (cost=0.43..0.77 rows=1 width=36) (actual time=0.006..0.006 rows=1 loops=8007)
                                Index Cond: ((ss_item_sk = store_returns.sr_item_sk) AND (ss_ticket_number = store_returns.sr_ticket_number))
 ss_customer_sk | sumsales 
----------------+----------
            285 |        0
            321 |        0
            960 |        0
            971 |        0
           1016 |        0
           1218 |        0
           1870 |        0
           1948 |        0
           2746 |        0
           2752 |        0
           3175 |        0
           3242 |        0
           3283 |        0
           3488 |        0
           3628 |        0
           5006 |        0
           5440 |        0
           5470 |        0
           5677 |        0
           5721 |        0
           6104 |        0
           6331 |        0
           6426 |        0
           6464 |        0
           6639 |        0
           6671 |        0
           6903 |        0
           7018 |        0
           7025 |        0
           7336 |        0
           7610 |        0
           7637 |        0
           7843 |        0
           8106 |        0
           8374 |        0
           8570 |        0
           9288 |        0
           9295 |        0
           9364 |        0
           9370 |        0
           9512 |        0
           9557 |        0
          10101 |        0
          10313 |        0
          10736 |        0
          11016 |        0
          11784 |        0
          11972 |        0
          12291 |        0
          12546 |        0
          12594 |        0
          12928 |        0
          12942 |        0
          13054 |        0
          13078 |        0
          13297 |        0
          13306 |        0
          13335 |        0
          13705 |        0
          13919 |        0
          14457 |        0
          14810 |        0
          14924 |        0
          14986 |        0
          15199 |        0
          15243 |        0
          15296 |        0
          15644 |        0
          15845 |        0
          16797 |        0
          16817 |        0
          16822 |        0
          16875 |        0
          17601 |        0
          18077 |        0
          18083 |        0
          18371 |        0
          18483 |        0
          18486 |        0
          18527 |        0
          18562 |        0
          18729 |        0
          19007 |        0
          19250 |        0
          19702 |        0
          19934 |        0
          20146 |        0
          20373 |        0
          20439 |        0
          20524 |        0
          20529 |        0
          20555 |        0
          20594 |        0
          21135 |        0
          21503 |        0
          21774 |        0
          21874 |        0
          21910 |        0
          21970 |        0
          22155 |        0
(100 rows)

UPDATE time_statistics SET e_time = TRANSACTION_TIMESTAMP() WHERE template = 'query93.tpl' AND stream = 4;
psql:/tmp/s1-basline/throughput/query_4.sql:95: NOTICE:  duration: 0.039 ms  plan:
Query Text: UPDATE time_statistics SET e_time = TRANSACTION_TIMESTAMP() WHERE template = 'query93.tpl' AND stream = 4;
Update on time_statistics  (cost=0.00..26.20 rows=0 width=0) (actual time=0.038..0.038 rows=0 loops=1)
  ->  Seq Scan on time_statistics  (cost=0.00..26.20 rows=1 width=14) (actual time=0.011..0.012 rows=1 loops=1)
        Filter: ((template = 'query93.tpl'::text) AND (stream = 4))
        Rows Removed by Filter: 19
UPDATE 1
LOAD 'auto_explain'; SET auto_explain.log_min_duration TO 0; SET auto_explain.log_analyze TO on; SET auto_explain.log_level TO notice; INSERT INTO time_statistics (template, s_time, stream, query, seed) VALUES ('query41.tpl', TRANSACTION_TIMESTAMP(), 4, 4, 1556827338);
LOAD
SET
SET
SET
psql:/tmp/s1-basline/throughput/query_4.sql:96: NOTICE:  duration: 0.008 ms  plan:
Query Text: INSERT INTO time_statistics (template, s_time, stream, query, seed) VALUES ('query41.tpl', TRANSACTION_TIMESTAMP(), 4, 4, 1556827338);
Insert on time_statistics  (cost=0.00..0.01 rows=0 width=0) (actual time=0.008..0.008 rows=0 loops=1)
  ->  Result  (cost=0.00..0.01 rows=1 width=64) (actual time=0.001..0.002 rows=1 loops=1)
INSERT 0 1
select  distinct(i_product_name)
 from item i1
 where i_manufact_id between 943 and 943+40 
   and (select count(*) as item_cnt
        from item
        where (i_manufact = i1.i_manufact and
        ((i_category = 'Women' and 
        (i_color = 'midnight' or i_color = 'deep') and 
        (i_units = 'Tbl' or i_units = 'Oz') and
        (i_size = 'economy' or i_size = 'N/A')
        ) or
        (i_category = 'Women' and
        (i_color = 'orange' or i_color = 'metallic') and
        (i_units = 'Pound' or i_units = 'Each') and
        (i_size = 'extra large' or i_size = 'petite')
        ) or
        (i_category = 'Men' and
        (i_color = 'cornsilk' or i_color = 'khaki') and
        (i_units = 'N/A' or i_units = 'Dram') and
        (i_size = 'medium' or i_size = 'small')
        ) or
        (i_category = 'Men' and
        (i_color = 'blush' or i_color = 'chiffon') and
        (i_units = 'Lb' or i_units = 'Ounce') and
        (i_size = 'economy' or i_size = 'N/A')
        ))) or
       (i_manufact = i1.i_manufact and
        ((i_category = 'Women' and 
        (i_color = 'lace' or i_color = 'indian') and 
        (i_units = 'Tsp' or i_units = 'Box') and
        (i_size = 'economy' or i_size = 'N/A')
        ) or
        (i_category = 'Women' and
        (i_color = 'olive' or i_color = 'ivory') and
        (i_units = 'Case' or i_units = 'Bunch') and
        (i_size = 'extra large' or i_size = 'petite')
        ) or
        (i_category = 'Men' and
        (i_color = 'navajo' or i_color = 'moccasin') and
        (i_units = 'Gram' or i_units = 'Bundle') and
        (i_size = 'medium' or i_size = 'small')
        ) or
        (i_category = 'Men' and
        (i_color = 'plum' or i_color = 'steel') and
        (i_units = 'Gross' or i_units = 'Ton') and
        (i_size = 'economy' or i_size = 'N/A')
        )))) > 0
 order by i_product_name
 limit 100;
psql:/tmp/s1-basline/throughput/query_4.sql:145: NOTICE:  duration: 1045.069 ms  plan:
Query Text: select  distinct(i_product_name)
 from item i1
 where i_manufact_id between 943 and 943+40 
   and (select count(*) as item_cnt
        from item
        where (i_manufact = i1.i_manufact and
        ((i_category = 'Women' and 
        (i_color = 'midnight' or i_color = 'deep') and 
        (i_units = 'Tbl' or i_units = 'Oz') and
        (i_size = 'economy' or i_size = 'N/A')
        ) or
        (i_category = 'Women' and
        (i_color = 'orange' or i_color = 'metallic') and
        (i_units = 'Pound' or i_units = 'Each') and
        (i_size = 'extra large' or i_size = 'petite')
        ) or
        (i_category = 'Men' and
        (i_color = 'cornsilk' or i_color = 'khaki') and
        (i_units = 'N/A' or i_units = 'Dram') and
        (i_size = 'medium' or i_size = 'small')
        ) or
        (i_category = 'Men' and
        (i_color = 'blush' or i_color = 'chiffon') and
        (i_units = 'Lb' or i_units = 'Ounce') and
        (i_size = 'economy' or i_size = 'N/A')
        ))) or
       (i_manufact = i1.i_manufact and
        ((i_category = 'Women' and 
        (i_color = 'lace' or i_color = 'indian') and 
        (i_units = 'Tsp' or i_units = 'Box') and
        (i_size = 'economy' or i_size = 'N/A')
        ) or
        (i_category = 'Women' and
        (i_color = 'olive' or i_color = 'ivory') and
        (i_units = 'Case' or i_units = 'Bunch') and
        (i_size = 'extra large' or i_size = 'petite')
        ) or
        (i_category = 'Men' and
        (i_color = 'navajo' or i_color = 'moccasin') and
        (i_units = 'Gram' or i_units = 'Bundle') and
        (i_size = 'medium' or i_size = 'small')
        ) or
        (i_category = 'Men' and
        (i_color = 'plum' or i_color = 'steel') and
        (i_units = 'Gross' or i_units = 'Ton') and
        (i_size = 'economy' or i_size = 'N/A')
        )))) > 0
 order by i_product_name
 limit 100;
Limit  (cost=72019798.26..72019798.62 rows=73 width=51) (actual time=1045.066..1045.067 rows=0 loops=1)
  ->  Unique  (cost=72019798.26..72019798.62 rows=73 width=51) (actual time=1045.065..1045.067 rows=0 loops=1)
        ->  Sort  (cost=72019798.26..72019798.44 rows=73 width=51) (actual time=1045.065..1045.066 rows=0 loops=1)
              Sort Key: i1.i_product_name
              Sort Method: quicksort  Memory: 25kB
              ->  Seq Scan on item i1  (cost=0.00..72019796.00 rows=73 width=51) (actual time=1045.059..1045.059 rows=0 loops=1)
                    Filter: ((i_manufact_id >= 943) AND (i_manufact_id <= 983) AND ((SubPlan 1) > 0))
                    Rows Removed by Filter: 18000
                    SubPlan 1
                      ->  Aggregate  (cost=4001.00..4001.01 rows=1 width=8) (actual time=4.757..4.757 rows=1 loops=219)
                            ->  Seq Scan on item  (cost=0.00..4001.00 rows=1 width=0) (actual time=4.756..4.756 rows=0 loops=219)
                                  Filter: ((i_manufact = i1.i_manufact) AND (((i_category = 'Women'::bpchar) AND ((i_color = 'midnight'::bpchar) OR (i_color = 'deep'::bpchar)) AND ((i_units = 'Tbl'::bpchar) OR (i_units = 'Oz'::bpchar)) AND ((i_size = 'economy'::bpchar) OR (i_size = 'N/A'::bpchar))) OR ((i_category = 'Women'::bpchar) AND ((i_color = 'orange'::bpchar) OR (i_color = 'metallic'::bpchar)) AND ((i_units = 'Pound'::bpchar) OR (i_units = 'Each'::bpchar)) AND ((i_size = 'extra large'::bpchar) OR (i_size = 'petite'::bpchar))) OR ((i_category = 'Men'::bpchar) AND ((i_color = 'cornsilk'::bpchar) OR (i_color = 'khaki'::bpchar)) AND ((i_units = 'N/A'::bpchar) OR (i_units = 'Dram'::bpchar)) AND ((i_size = 'medium'::bpchar) OR (i_size = 'small'::bpchar))) OR ((i_category = 'Men'::bpchar) AND ((i_color = 'blush'::bpchar) OR (i_color = 'chiffon'::bpchar)) AND ((i_units = 'Lb'::bpchar) OR (i_units = 'Ounce'::bpchar)) AND ((i_size = 'economy'::bpchar) OR (i_size = 'N/A'::bpchar))) OR ((i_category = 'Women'::bpchar) AND ((i_color = 'lace'::bpchar) OR (i_color = 'indian'::bpchar)) AND ((i_units = 'Tsp'::bpchar) OR (i_units = 'Box'::bpchar)) AND ((i_size = 'economy'::bpchar) OR (i_size = 'N/A'::bpchar))) OR ((i_category = 'Women'::bpchar) AND ((i_color = 'olive'::bpchar) OR (i_color = 'ivory'::bpchar)) AND ((i_units = 'Case'::bpchar) OR (i_units = 'Bunch'::bpchar)) AND ((i_size = 'extra large'::bpchar) OR (i_size = 'petite'::bpchar))) OR ((i_category = 'Men'::bpchar) AND ((i_color = 'navajo'::bpchar) OR (i_color = 'moccasin'::bpchar)) AND ((i_units = 'Gram'::bpchar) OR (i_units = 'Bundle'::bpchar)) AND ((i_size = 'medium'::bpchar) OR (i_size = 'small'::bpchar))) OR ((i_category = 'Men'::bpchar) AND ((i_color = 'plum'::bpchar) OR (i_color = 'steel'::bpchar)) AND ((i_units = 'Gross'::bpchar) OR (i_units = 'Ton'::bpchar)) AND ((i_size = 'economy'::bpchar) OR (i_size = 'N/A'::bpchar)))))
                                  Rows Removed by Filter: 18000
 i_product_name 
----------------
(0 rows)

UPDATE time_statistics SET e_time = TRANSACTION_TIMESTAMP() WHERE template = 'query41.tpl' AND stream = 4;
psql:/tmp/s1-basline/throughput/query_4.sql:147: NOTICE:  duration: 0.024 ms  plan:
Query Text: UPDATE time_statistics SET e_time = TRANSACTION_TIMESTAMP() WHERE template = 'query41.tpl' AND stream = 4;
Update on time_statistics  (cost=0.00..26.20 rows=0 width=0) (actual time=0.023..0.023 rows=0 loops=1)
  ->  Seq Scan on time_statistics  (cost=0.00..26.20 rows=1 width=14) (actual time=0.011..0.012 rows=1 loops=1)
        Filter: ((template = 'query41.tpl'::text) AND (stream = 4))
        Rows Removed by Filter: 21
UPDATE 1
LOAD 'auto_explain'; SET auto_explain.log_min_duration TO 0; SET auto_explain.log_analyze TO on; SET auto_explain.log_level TO notice; INSERT INTO time_statistics (template, s_time, stream, query, seed) VALUES ('query29.tpl', TRANSACTION_TIMESTAMP(), 4, 5, 711946440);
LOAD
SET
SET
SET
psql:/tmp/s1-basline/throughput/query_4.sql:148: NOTICE:  duration: 0.009 ms  plan:
Query Text: INSERT INTO time_statistics (template, s_time, stream, query, seed) VALUES ('query29.tpl', TRANSACTION_TIMESTAMP(), 4, 5, 711946440);
Insert on time_statistics  (cost=0.00..0.01 rows=0 width=0) (actual time=0.008..0.008 rows=0 loops=1)
  ->  Result  (cost=0.00..0.01 rows=1 width=64) (actual time=0.001..0.001 rows=1 loops=1)
INSERT 0 1
select   
     i_item_id
    ,i_item_desc
    ,s_store_id
    ,s_store_name
    ,avg(ss_quantity)        as store_sales_quantity
    ,avg(sr_return_quantity) as store_returns_quantity
    ,avg(cs_quantity)        as catalog_sales_quantity
 from
    store_sales
   ,store_returns
   ,catalog_sales
   ,date_dim             d1
   ,date_dim             d2
   ,date_dim             d3
   ,store
   ,item
 where
     d1.d_moy               = 4 
 and d1.d_year              = 1998
 and d1.d_date_sk           = ss_sold_date_sk
 and i_item_sk              = ss_item_sk
 and s_store_sk             = ss_store_sk
 and ss_customer_sk         = sr_customer_sk
 and ss_item_sk             = sr_item_sk
 and ss_ticket_number       = sr_ticket_number
 and sr_returned_date_sk    = d2.d_date_sk
 and d2.d_moy               between 4 and  4 + 3 
 and d2.d_year              = 1998
 and sr_customer_sk         = cs_bill_customer_sk
 and sr_item_sk             = cs_item_sk
 and cs_sold_date_sk        = d3.d_date_sk     
 and d3.d_year              in (1998,1998+1,1998+2)
 group by
    i_item_id
   ,i_item_desc
   ,s_store_id
   ,s_store_name
 order by
    i_item_id 
   ,i_item_desc
   ,s_store_id
   ,s_store_name
 limit 100;
psql:/tmp/s1-basline/throughput/query_4.sql:192: NOTICE:  duration: 680.742 ms  plan:
Query Text: select   
     i_item_id
    ,i_item_desc
    ,s_store_id
    ,s_store_name
    ,avg(ss_quantity)        as store_sales_quantity
    ,avg(sr_return_quantity) as store_returns_quantity
    ,avg(cs_quantity)        as catalog_sales_quantity
 from
    store_sales
   ,store_returns
   ,catalog_sales
   ,date_dim             d1
   ,date_dim             d2
   ,date_dim             d3
   ,store
   ,item
 where
     d1.d_moy               = 4 
 and d1.d_year              = 1998
 and d1.d_date_sk           = ss_sold_date_sk
 and i_item_sk              = ss_item_sk
 and s_store_sk             = ss_store_sk
 and ss_customer_sk         = sr_customer_sk
 and ss_item_sk             = sr_item_sk
 and ss_ticket_number       = sr_ticket_number
 and sr_returned_date_sk    = d2.d_date_sk
 and d2.d_moy               between 4 and  4 + 3 
 and d2.d_year              = 1998
 and sr_customer_sk         = cs_bill_customer_sk
 and sr_item_sk             = cs_item_sk
 and cs_sold_date_sk        = d3.d_date_sk     
 and d3.d_year              in (1998,1998+1,1998+2)
 group by
    i_item_id
   ,i_item_desc
   ,s_store_id
   ,s_store_name
 order by
    i_item_id 
   ,i_item_desc
   ,s_store_id
   ,s_store_name
 limit 100;
Limit  (cost=10845.06..10845.10 rows=1 width=237) (actual time=680.721..680.730 rows=3 loops=1)
  ->  GroupAggregate  (cost=10845.06..10845.10 rows=1 width=237) (actual time=680.720..680.728 rows=3 loops=1)
        Group Key: item.i_item_id, item.i_item_desc, store.s_store_id, store.s_store_name
        ->  Sort  (cost=10845.06..10845.07 rows=1 width=153) (actual time=680.705..680.710 rows=3 loops=1)
              Sort Key: item.i_item_id, item.i_item_desc, store.s_store_id, store.s_store_name
              Sort Method: quicksort  Memory: 25kB
              ->  Nested Loop  (cost=2.15..10845.05 rows=1 width=153) (actual time=120.736..680.688 rows=3 loops=1)
                    ->  Nested Loop  (cost=1.86..10844.75 rows=1 width=58) (actual time=120.729..680.666 rows=3 loops=1)
                          Join Filter: (store_sales.ss_store_sk = store.s_store_sk)
                          Rows Removed by Join Filter: 13
                          ->  Nested Loop  (cost=1.86..10843.48 rows=1 width=44) (actual time=120.721..680.640 rows=3 loops=1)
                                ->  Nested Loop  (cost=1.57..10843.16 rows=1 width=52) (actual time=120.714..680.622 rows=3 loops=1)
                                      ->  Nested Loop  (cost=1.28..10842.84 rows=1 width=60) (actual time=120.702..680.564 rows=9 loops=1)
                                            ->  Nested Loop  (cost=0.85..10840.62 rows=1 width=56) (actual time=4.480..59.043 rows=6444 loops=1)
                                                  ->  Nested Loop  (cost=0.42..10482.16 rows=459 width=28) (actual time=4.471..20.435 rows=8631 loops=1)
                                                        ->  Seq Scan on date_dim d2  (cost=0.00..2683.36 rows=121 width=8) (actual time=4.459..10.091 rows=122 loops=1)
                                                              Filter: ((d_moy >= 4) AND (d_moy <= 7) AND (d_year = 1998))
                                                              Rows Removed by Filter: 72927
                                                        ->  Index Scan using i_sr_returned_date_sk on store_returns  (cost=0.42..63.05 rows=140 width=36) (actual time=0.003..0.072 rows=71 loops=122)
                                                              Index Cond: (sr_returned_date_sk = d2.d_date_sk)
                                                  ->  Index Scan using pk_store_sales on store_sales  (cost=0.43..0.77 rows=1 width=44) (actual time=0.004..0.004 rows=1 loops=8631)
                                                        Index Cond: ((ss_item_sk = store_returns.sr_item_sk) AND (ss_ticket_number = store_returns.sr_ticket_number))
                                                        Filter: (store_returns.sr_customer_sk = ss_customer_sk)
                                                        Rows Removed by Filter: 0
                                            ->  Index Scan using pk_catalog_sales on catalog_sales  (cost=0.43..2.21 rows=1 width=28) (actual time=0.096..0.096 rows=0 loops=6444)
                                                  Index Cond: (cs_item_sk = store_sales.ss_item_sk)
                                                  Filter: (store_sales.ss_customer_sk = cs_bill_customer_sk)
                                                  Rows Removed by Filter: 106
                                      ->  Index Scan using pk_date_dim on date_dim d1  (cost=0.29..0.32 rows=1 width=8) (actual time=0.005..0.005 rows=0 loops=9)
                                            Index Cond: (d_date_sk = store_sales.ss_sold_date_sk)
                                            Filter: ((d_moy = 4) AND (d_year = 1998))
                                            Rows Removed by Filter: 1
                                ->  Index Scan using pk_date_dim on date_dim d3  (cost=0.29..0.31 rows=1 width=8) (actual time=0.004..0.004 rows=1 loops=3)
                                      Index Cond: (d_date_sk = catalog_sales.cs_sold_date_sk)
                                      Filter: (d_year = ANY ('{1998,1999,2000}'::integer[]))
                          ->  Seq Scan on store  (cost=0.00..1.12 rows=12 width=30) (actual time=0.004..0.004 rows=5 loops=3)
                    ->  Index Scan using pk_item on item  (cost=0.29..0.31 rows=1 width=127) (actual time=0.005..0.005 rows=1 loops=3)
                          Index Cond: (i_item_sk = store_sales.ss_item_sk)
    i_item_id     |                                i_item_desc                                |    s_store_id    | s_store_name | store_sales_quantity | store_returns_quantity | catalog_sales_quantity 
------------------+---------------------------------------------------------------------------+------------------+--------------+----------------------+------------------------+------------------------
 AAAAAAAAEHHCAAAA | Always young pages                                                        | AAAAAAAABAAAAAAA | ought        |   5.0000000000000000 |     3.0000000000000000 |    58.0000000000000000
 AAAAAAAAKPDBAAAA | Meals would not pay free, personal books. Children must need as w         | AAAAAAAAIAAAAAAA | eing         |  54.0000000000000000 |    37.0000000000000000 |    93.0000000000000000
 AAAAAAAALKHDAAAA | Arrangements deflect for a posts. Interesting periods help just crucial u | AAAAAAAAHAAAAAAA | ation        |  41.0000000000000000 |     5.0000000000000000 |     5.0000000000000000
(3 rows)

UPDATE time_statistics SET e_time = TRANSACTION_TIMESTAMP() WHERE template = 'query29.tpl' AND stream = 4;
psql:/tmp/s1-basline/throughput/query_4.sql:194: NOTICE:  duration: 0.027 ms  plan:
Query Text: UPDATE time_statistics SET e_time = TRANSACTION_TIMESTAMP() WHERE template = 'query29.tpl' AND stream = 4;
Update on time_statistics  (cost=0.00..26.20 rows=0 width=0) (actual time=0.026..0.026 rows=0 loops=1)
  ->  Seq Scan on time_statistics  (cost=0.00..26.20 rows=1 width=14) (actual time=0.011..0.012 rows=1 loops=1)
        Filter: ((template = 'query29.tpl'::text) AND (stream = 4))
        Rows Removed by Filter: 22
UPDATE 1
LOAD 'auto_explain'; SET auto_explain.log_min_duration TO 0; SET auto_explain.log_analyze TO on; SET auto_explain.log_level TO notice; INSERT INTO time_statistics (template, s_time, stream, query, seed) VALUES ('../query_postgresql/query32.tpl', TRANSACTION_TIMESTAMP(), 4, 6, 390427327);
LOAD
SET
SET
SET
psql:/tmp/s1-basline/throughput/query_4.sql:195: NOTICE:  duration: 0.008 ms  plan:
Query Text: INSERT INTO time_statistics (template, s_time, stream, query, seed) VALUES ('../query_postgresql/query32.tpl', TRANSACTION_TIMESTAMP(), 4, 6, 390427327);
Insert on time_statistics  (cost=0.00..0.01 rows=0 width=0) (actual time=0.008..0.008 rows=0 loops=1)
  ->  Result  (cost=0.00..0.01 rows=1 width=64) (actual time=0.001..0.001 rows=1 loops=1)
INSERT 0 1
select  sum(cs_ext_discount_amt)  as "excess discount amount" 
from 
   catalog_sales 
   ,item 
   ,date_dim
where
i_manufact_id = 328
and i_item_sk = cs_item_sk 
and d_date between '2001-03-06' and 
        (cast('2001-03-06' as date) + interval '90 days')
and d_date_sk = cs_sold_date_sk 
and cs_ext_discount_amt  
     > ( 
         select 
            1.3 * avg(cs_ext_discount_amt) 
         from 
            catalog_sales 
           ,date_dim
         where 
              cs_item_sk = i_item_sk 
          and d_date between '2001-03-06' and
                             (cast('2001-03-06' as date) + interval '90 days')
          and d_date_sk = cs_sold_date_sk 
      ) 
limit 100;
psql:/tmp/s1-basline/throughput/query_4.sql:220: NOTICE:  duration: 29.322 ms  plan:
Query Text: select  sum(cs_ext_discount_amt)  as "excess discount amount" 
from 
   catalog_sales 
   ,item 
   ,date_dim
where
i_manufact_id = 328
and i_item_sk = cs_item_sk 
and d_date between '2001-03-06' and 
        (cast('2001-03-06' as date) + interval '90 days')
and d_date_sk = cs_sold_date_sk 
and cs_ext_discount_amt  
     > ( 
         select 
            1.3 * avg(cs_ext_discount_amt) 
         from 
            catalog_sales 
           ,date_dim
         where 
              cs_item_sk = i_item_sk 
          and d_date between '2001-03-06' and
                             (cast('2001-03-06' as date) + interval '90 days')
          and d_date_sk = cs_sold_date_sk 
      ) 
limit 100;
Limit  (cost=6258.14..6258.15 rows=1 width=8) (actual time=29.313..29.316 rows=1 loops=1)
  ->  Aggregate  (cost=6258.14..6258.15 rows=1 width=8) (actual time=29.313..29.315 rows=1 loops=1)
        ->  Hash Join  (cost=1481.92..6258.14 rows=1 width=8) (actual time=8.085..29.310 rows=26 loops=1)
              Hash Cond: (catalog_sales.cs_item_sk = item.i_item_sk)
              Join Filter: (catalog_sales.cs_ext_discount_amt > (SubPlan 1))
              Rows Removed by Join Filter: 54
              ->  Nested Loop  (cost=0.72..4772.41 rows=1724 width=16) (actual time=0.036..15.280 rows=41715 loops=1)
                    ->  Index Scan using i_d_date on date_dim  (cost=0.29..5.25 rows=88 width=8) (actual time=0.015..0.033 rows=91 loops=1)
                          Index Cond: ((d_date >= '2001-03-06'::date) AND (d_date <= '2001-06-04 00:00:00'::timestamp without time zone))
                    ->  Index Scan using i_cs_sold_date_sk on catalog_sales  (cost=0.43..46.35 rows=782 width=24) (actual time=0.004..0.076 rows=458 loops=91)
                          Index Cond: (cs_sold_date_sk = date_dim.d_date_sk)
              ->  Hash  (cost=1481.00..1481.00 rows=16 width=8) (actual time=6.729..6.729 rows=33 loops=1)
                    Buckets: 1024  Batches: 1  Memory Usage: 10kB
                    ->  Seq Scan on item  (cost=0.00..1481.00 rows=16 width=8) (actual time=0.097..6.722 rows=33 loops=1)
                          Filter: (i_manufact_id = 328)
                          Rows Removed by Filter: 17967
              SubPlan 1
                ->  Aggregate  (cost=106.45..106.47 rows=1 width=8) (actual time=0.058..0.058 rows=1 loops=80)
                      ->  Hash Join  (cost=6.78..106.45 rows=1 width=8) (actual time=0.027..0.057 rows=5 loops=80)
                            Hash Cond: (catalog_sales_1.cs_sold_date_sk = date_dim_1.d_date_sk)
                            ->  Index Scan using pk_catalog_sales on catalog_sales catalog_sales_1  (cost=0.43..99.86 rows=88 width=16) (actual time=0.004..0.049 rows=84 loops=80)
                                  Index Cond: (cs_item_sk = item.i_item_sk)
                            ->  Hash  (cost=5.25..5.25 rows=88 width=8) (actual time=0.033..0.033 rows=91 loops=1)
                                  Buckets: 1024  Batches: 1  Memory Usage: 12kB
                                  ->  Index Scan using i_d_date on date_dim date_dim_1  (cost=0.29..5.25 rows=88 width=8) (actual time=0.006..0.023 rows=91 loops=1)
                                        Index Cond: ((d_date >= '2001-03-06'::date) AND (d_date <= '2001-06-04 00:00:00'::timestamp without time zone))
 excess discount amount 
------------------------
     178505.74999999997
(1 row)

UPDATE time_statistics SET e_time = TRANSACTION_TIMESTAMP() WHERE template = '../query_postgresql/query32.tpl' AND stream = 4;
psql:/tmp/s1-basline/throughput/query_4.sql:222: NOTICE:  duration: 0.027 ms  plan:
Query Text: UPDATE time_statistics SET e_time = TRANSACTION_TIMESTAMP() WHERE template = '../query_postgresql/query32.tpl' AND stream = 4;
Update on time_statistics  (cost=0.00..26.20 rows=0 width=0) (actual time=0.026..0.027 rows=0 loops=1)
  ->  Seq Scan on time_statistics  (cost=0.00..26.20 rows=1 width=14) (actual time=0.012..0.012 rows=1 loops=1)
        Filter: ((template = '../query_postgresql/query32.tpl'::text) AND (stream = 4))
        Rows Removed by Filter: 23
UPDATE 1
LOAD 'auto_explain'; SET auto_explain.log_min_duration TO 0; SET auto_explain.log_analyze TO on; SET auto_explain.log_level TO notice; INSERT INTO time_statistics (template, s_time, stream, query, seed) VALUES ('query66.tpl', TRANSACTION_TIMESTAMP(), 4, 7, 327160173);
LOAD
SET
SET
SET
psql:/tmp/s1-basline/throughput/query_4.sql:223: NOTICE:  duration: 0.009 ms  plan:
Query Text: INSERT INTO time_statistics (template, s_time, stream, query, seed) VALUES ('query66.tpl', TRANSACTION_TIMESTAMP(), 4, 7, 327160173);
Insert on time_statistics  (cost=0.00..0.01 rows=0 width=0) (actual time=0.008..0.009 rows=0 loops=1)
  ->  Result  (cost=0.00..0.01 rows=1 width=64) (actual time=0.001..0.002 rows=1 loops=1)
INSERT 0 1
select   
         w_warehouse_name
 	,w_warehouse_sq_ft
 	,w_city
 	,w_county
 	,w_state
 	,w_country
        ,ship_carriers
        ,year
 	,sum(jan_sales) as jan_sales
 	,sum(feb_sales) as feb_sales
 	,sum(mar_sales) as mar_sales
 	,sum(apr_sales) as apr_sales
 	,sum(may_sales) as may_sales
 	,sum(jun_sales) as jun_sales
 	,sum(jul_sales) as jul_sales
 	,sum(aug_sales) as aug_sales
 	,sum(sep_sales) as sep_sales
 	,sum(oct_sales) as oct_sales
 	,sum(nov_sales) as nov_sales
 	,sum(dec_sales) as dec_sales
 	,sum(jan_sales/w_warehouse_sq_ft) as jan_sales_per_sq_foot
 	,sum(feb_sales/w_warehouse_sq_ft) as feb_sales_per_sq_foot
 	,sum(mar_sales/w_warehouse_sq_ft) as mar_sales_per_sq_foot
 	,sum(apr_sales/w_warehouse_sq_ft) as apr_sales_per_sq_foot
 	,sum(may_sales/w_warehouse_sq_ft) as may_sales_per_sq_foot
 	,sum(jun_sales/w_warehouse_sq_ft) as jun_sales_per_sq_foot
 	,sum(jul_sales/w_warehouse_sq_ft) as jul_sales_per_sq_foot
 	,sum(aug_sales/w_warehouse_sq_ft) as aug_sales_per_sq_foot
 	,sum(sep_sales/w_warehouse_sq_ft) as sep_sales_per_sq_foot
 	,sum(oct_sales/w_warehouse_sq_ft) as oct_sales_per_sq_foot
 	,sum(nov_sales/w_warehouse_sq_ft) as nov_sales_per_sq_foot
 	,sum(dec_sales/w_warehouse_sq_ft) as dec_sales_per_sq_foot
 	,sum(jan_net) as jan_net
 	,sum(feb_net) as feb_net
 	,sum(mar_net) as mar_net
 	,sum(apr_net) as apr_net
 	,sum(may_net) as may_net
 	,sum(jun_net) as jun_net
 	,sum(jul_net) as jul_net
 	,sum(aug_net) as aug_net
 	,sum(sep_net) as sep_net
 	,sum(oct_net) as oct_net
 	,sum(nov_net) as nov_net
 	,sum(dec_net) as dec_net
 from (
     select 
 	w_warehouse_name
 	,w_warehouse_sq_ft
 	,w_city
 	,w_county
 	,w_state
 	,w_country
 	,'MSC' || ',' || 'BOXBUNDLES' as ship_carriers
       ,d_year as year
 	,sum(case when d_moy = 1 
 		then ws_ext_sales_price* ws_quantity else 0 end) as jan_sales
 	,sum(case when d_moy = 2 
 		then ws_ext_sales_price* ws_quantity else 0 end) as feb_sales
 	,sum(case when d_moy = 3 
 		then ws_ext_sales_price* ws_quantity else 0 end) as mar_sales
 	,sum(case when d_moy = 4 
 		then ws_ext_sales_price* ws_quantity else 0 end) as apr_sales
 	,sum(case when d_moy = 5 
 		then ws_ext_sales_price* ws_quantity else 0 end) as may_sales
 	,sum(case when d_moy = 6 
 		then ws_ext_sales_price* ws_quantity else 0 end) as jun_sales
 	,sum(case when d_moy = 7 
 		then ws_ext_sales_price* ws_quantity else 0 end) as jul_sales
 	,sum(case when d_moy = 8 
 		then ws_ext_sales_price* ws_quantity else 0 end) as aug_sales
 	,sum(case when d_moy = 9 
 		then ws_ext_sales_price* ws_quantity else 0 end) as sep_sales
 	,sum(case when d_moy = 10 
 		then ws_ext_sales_price* ws_quantity else 0 end) as oct_sales
 	,sum(case when d_moy = 11
 		then ws_ext_sales_price* ws_quantity else 0 end) as nov_sales
 	,sum(case when d_moy = 12
 		then ws_ext_sales_price* ws_quantity else 0 end) as dec_sales
 	,sum(case when d_moy = 1 
 		then ws_net_paid_inc_tax * ws_quantity else 0 end) as jan_net
 	,sum(case when d_moy = 2
 		then ws_net_paid_inc_tax * ws_quantity else 0 end) as feb_net
 	,sum(case when d_moy = 3 
 		then ws_net_paid_inc_tax * ws_quantity else 0 end) as mar_net
 	,sum(case when d_moy = 4 
 		then ws_net_paid_inc_tax * ws_quantity else 0 end) as apr_net
 	,sum(case when d_moy = 5 
 		then ws_net_paid_inc_tax * ws_quantity else 0 end) as may_net
 	,sum(case when d_moy = 6 
 		then ws_net_paid_inc_tax * ws_quantity else 0 end) as jun_net
 	,sum(case when d_moy = 7 
 		then ws_net_paid_inc_tax * ws_quantity else 0 end) as jul_net
 	,sum(case when d_moy = 8 
 		then ws_net_paid_inc_tax * ws_quantity else 0 end) as aug_net
 	,sum(case when d_moy = 9 
 		then ws_net_paid_inc_tax * ws_quantity else 0 end) as sep_net
 	,sum(case when d_moy = 10 
 		then ws_net_paid_inc_tax * ws_quantity else 0 end) as oct_net
 	,sum(case when d_moy = 11
 		then ws_net_paid_inc_tax * ws_quantity else 0 end) as nov_net
 	,sum(case when d_moy = 12
 		then ws_net_paid_inc_tax * ws_quantity else 0 end) as dec_net
     from
          web_sales
         ,warehouse
         ,date_dim
         ,time_dim
 	  ,ship_mode
     where
            ws_warehouse_sk =  w_warehouse_sk
        and ws_sold_date_sk = d_date_sk
        and ws_sold_time_sk = t_time_sk
 	and ws_ship_mode_sk = sm_ship_mode_sk
        and d_year = 2001
 	and t_time between 15066 and 15066+28800 
 	and sm_carrier in ('MSC','BOXBUNDLES')
     group by 
        w_warehouse_name
 	,w_warehouse_sq_ft
 	,w_city
 	,w_county
 	,w_state
 	,w_country
       ,d_year
 union all
     select 
 	w_warehouse_name
 	,w_warehouse_sq_ft
 	,w_city
 	,w_county
 	,w_state
 	,w_country
 	,'MSC' || ',' || 'BOXBUNDLES' as ship_carriers
       ,d_year as year
 	,sum(case when d_moy = 1 
 		then cs_sales_price* cs_quantity else 0 end) as jan_sales
 	,sum(case when d_moy = 2 
 		then cs_sales_price* cs_quantity else 0 end) as feb_sales
 	,sum(case when d_moy = 3 
 		then cs_sales_price* cs_quantity else 0 end) as mar_sales
 	,sum(case when d_moy = 4 
 		then cs_sales_price* cs_quantity else 0 end) as apr_sales
 	,sum(case when d_moy = 5 
 		then cs_sales_price* cs_quantity else 0 end) as may_sales
 	,sum(case when d_moy = 6 
 		then cs_sales_price* cs_quantity else 0 end) as jun_sales
 	,sum(case when d_moy = 7 
 		then cs_sales_price* cs_quantity else 0 end) as jul_sales
 	,sum(case when d_moy = 8 
 		then cs_sales_price* cs_quantity else 0 end) as aug_sales
 	,sum(case when d_moy = 9 
 		then cs_sales_price* cs_quantity else 0 end) as sep_sales
 	,sum(case when d_moy = 10 
 		then cs_sales_price* cs_quantity else 0 end) as oct_sales
 	,sum(case when d_moy = 11
 		then cs_sales_price* cs_quantity else 0 end) as nov_sales
 	,sum(case when d_moy = 12
 		then cs_sales_price* cs_quantity else 0 end) as dec_sales
 	,sum(case when d_moy = 1 
 		then cs_net_profit * cs_quantity else 0 end) as jan_net
 	,sum(case when d_moy = 2 
 		then cs_net_profit * cs_quantity else 0 end) as feb_net
 	,sum(case when d_moy = 3 
 		then cs_net_profit * cs_quantity else 0 end) as mar_net
 	,sum(case when d_moy = 4 
 		then cs_net_profit * cs_quantity else 0 end) as apr_net
 	,sum(case when d_moy = 5 
 		then cs_net_profit * cs_quantity else 0 end) as may_net
 	,sum(case when d_moy = 6 
 		then cs_net_profit * cs_quantity else 0 end) as jun_net
 	,sum(case when d_moy = 7 
 		then cs_net_profit * cs_quantity else 0 end) as jul_net
 	,sum(case when d_moy = 8 
 		then cs_net_profit * cs_quantity else 0 end) as aug_net
 	,sum(case when d_moy = 9 
 		then cs_net_profit * cs_quantity else 0 end) as sep_net
 	,sum(case when d_moy = 10 
 		then cs_net_profit * cs_quantity else 0 end) as oct_net
 	,sum(case when d_moy = 11
 		then cs_net_profit * cs_quantity else 0 end) as nov_net
 	,sum(case when d_moy = 12
 		then cs_net_profit * cs_quantity else 0 end) as dec_net
     from
          catalog_sales
         ,warehouse
         ,date_dim
         ,time_dim
 	 ,ship_mode
     where
            cs_warehouse_sk =  w_warehouse_sk
        and cs_sold_date_sk = d_date_sk
        and cs_sold_time_sk = t_time_sk
 	and cs_ship_mode_sk = sm_ship_mode_sk
        and d_year = 2001
 	and t_time between 15066 AND 15066+28800 
 	and sm_carrier in ('MSC','BOXBUNDLES')
     group by 
        w_warehouse_name
 	,w_warehouse_sq_ft
 	,w_city
 	,w_county
 	,w_state
 	,w_country
       ,d_year
 ) x
 group by 
        w_warehouse_name
 	,w_warehouse_sq_ft
 	,w_city
 	,w_county
 	,w_state
 	,w_country
 	,ship_carriers
       ,year
 order by w_warehouse_name
 limit 100;
psql:/tmp/s1-basline/throughput/query_4.sql:440: NOTICE:  duration: 412.314 ms  plan:
Query Text: select   
         w_warehouse_name
 	,w_warehouse_sq_ft
 	,w_city
 	,w_county
 	,w_state
 	,w_country
        ,ship_carriers
        ,year
 	,sum(jan_sales) as jan_sales
 	,sum(feb_sales) as feb_sales
 	,sum(mar_sales) as mar_sales
 	,sum(apr_sales) as apr_sales
 	,sum(may_sales) as may_sales
 	,sum(jun_sales) as jun_sales
 	,sum(jul_sales) as jul_sales
 	,sum(aug_sales) as aug_sales
 	,sum(sep_sales) as sep_sales
 	,sum(oct_sales) as oct_sales
 	,sum(nov_sales) as nov_sales
 	,sum(dec_sales) as dec_sales
 	,sum(jan_sales/w_warehouse_sq_ft) as jan_sales_per_sq_foot
 	,sum(feb_sales/w_warehouse_sq_ft) as feb_sales_per_sq_foot
 	,sum(mar_sales/w_warehouse_sq_ft) as mar_sales_per_sq_foot
 	,sum(apr_sales/w_warehouse_sq_ft) as apr_sales_per_sq_foot
 	,sum(may_sales/w_warehouse_sq_ft) as may_sales_per_sq_foot
 	,sum(jun_sales/w_warehouse_sq_ft) as jun_sales_per_sq_foot
 	,sum(jul_sales/w_warehouse_sq_ft) as jul_sales_per_sq_foot
 	,sum(aug_sales/w_warehouse_sq_ft) as aug_sales_per_sq_foot
 	,sum(sep_sales/w_warehouse_sq_ft) as sep_sales_per_sq_foot
 	,sum(oct_sales/w_warehouse_sq_ft) as oct_sales_per_sq_foot
 	,sum(nov_sales/w_warehouse_sq_ft) as nov_sales_per_sq_foot
 	,sum(dec_sales/w_warehouse_sq_ft) as dec_sales_per_sq_foot
 	,sum(jan_net) as jan_net
 	,sum(feb_net) as feb_net
 	,sum(mar_net) as mar_net
 	,sum(apr_net) as apr_net
 	,sum(may_net) as may_net
 	,sum(jun_net) as jun_net
 	,sum(jul_net) as jul_net
 	,sum(aug_net) as aug_net
 	,sum(sep_net) as sep_net
 	,sum(oct_net) as oct_net
 	,sum(nov_net) as nov_net
 	,sum(dec_net) as dec_net
 from (
     select 
 	w_warehouse_name
 	,w_warehouse_sq_ft
 	,w_city
 	,w_county
 	,w_state
 	,w_country
 	,'MSC' || ',' || 'BOXBUNDLES' as ship_carriers
       ,d_year as year
 	,sum(case when d_moy = 1 
 		then ws_ext_sales_price* ws_quantity else 0 end) as jan_sales
 	,sum(case when d_moy = 2 
 		then ws_ext_sales_price* ws_quantity else 0 end) as feb_sales
 	,sum(case when d_moy = 3 
 		then ws_ext_sales_price* ws_quantity else 0 end) as mar_sales
 	,sum(case when d_moy = 4 
 		then ws_ext_sales_price* ws_quantity else 0 end) as apr_sales
 	,sum(case when d_moy = 5 
 		then ws_ext_sales_price* ws_quantity else 0 end) as may_sales
 	,sum(case when d_moy = 6 
 		then ws_ext_sales_price* ws_quantity else 0 end) as jun_sales
 	,sum(case when d_moy = 7 
 		then ws_ext_sales_price* ws_quantity else 0 end) as jul_sales
 	,sum(case when d_moy = 8 
 		then ws_ext_sales_price* ws_quantity else 0 end) as aug_sales
 	,sum(case when d_moy = 9 
 		then ws_ext_sales_price* ws_quantity else 0 end) as sep_sales
 	,sum(case when d_moy = 10 
 		then ws_ext_sales_price* ws_quantity else 0 end) as oct_sales
 	,sum(case when d_moy = 11
 		then ws_ext_sales_price* ws_quantity else 0 end) as nov_sales
 	,sum(case when d_moy = 12
 		then ws_ext_sales_price* ws_quantity else 0 end) as dec_sales
 	,sum(case when d_moy = 1 
 		then ws_net_paid_inc_tax * ws_quantity else 0 end) as jan_net
 	,sum(case when d_moy = 2
 		then ws_net_paid_inc_tax * ws_quantity else 0 end) as feb_net
 	,sum(case when d_moy = 3 
 		then ws_net_paid_inc_tax * ws_quantity else 0 end) as mar_net
 	,sum(case when d_moy = 4 
 		then ws_net_paid_inc_tax * ws_quantity else 0 end) as apr_net
 	,sum(case when d_moy = 5 
 		then ws_net_paid_inc_tax * ws_quantity else 0 end) as may_net
 	,sum(case when d_moy = 6 
 		then ws_net_paid_inc_tax * ws_quantity else 0 end) as jun_net
 	,sum(case when d_moy = 7 
 		then ws_net_paid_inc_tax * ws_quantity else 0 end) as jul_net
 	,sum(case when d_moy = 8 
 		then ws_net_paid_inc_tax * ws_quantity else 0 end) as aug_net
 	,sum(case when d_moy = 9 
 		then ws_net_paid_inc_tax * ws_quantity else 0 end) as sep_net
 	,sum(case when d_moy = 10 
 		then ws_net_paid_inc_tax * ws_quantity else 0 end) as oct_net
 	,sum(case when d_moy = 11
 		then ws_net_paid_inc_tax * ws_quantity else 0 end) as nov_net
 	,sum(case when d_moy = 12
 		then ws_net_paid_inc_tax * ws_quantity else 0 end) as dec_net
     from
          web_sales
         ,warehouse
         ,date_dim
         ,time_dim
 	  ,ship_mode
     where
            ws_warehouse_sk =  w_warehouse_sk
        and ws_sold_date_sk = d_date_sk
        and ws_sold_time_sk = t_time_sk
 	and ws_ship_mode_sk = sm_ship_mode_sk
        and d_year = 2001
 	and t_time between 15066 and 15066+28800 
 	and sm_carrier in ('MSC','BOXBUNDLES')
     group by 
        w_warehouse_name
 	,w_warehouse_sq_ft
 	,w_city
 	,w_county
 	,w_state
 	,w_country
       ,d_year
 union all
     select 
 	w_warehouse_name
 	,w_warehouse_sq_ft
 	,w_city
 	,w_county
 	,w_state
 	,w_country
 	,'MSC' || ',' || 'BOXBUNDLES' as ship_carriers
       ,d_year as year
 	,sum(case when d_moy = 1 
 		then cs_sales_price* cs_quantity else 0 end) as jan_sales
 	,sum(case when d_moy = 2 
 		then cs_sales_price* cs_quantity else 0 end) as feb_sales
 	,sum(case when d_moy = 3 
 		then cs_sales_price* cs_quantity else 0 end) as mar_sales
 	,sum(case when d_moy = 4 
 		then cs_sales_price* cs_quantity else 0 end) as apr_sales
 	,sum(case when d_moy = 5 
 		then cs_sales_price* cs_quantity else 0 end) as may_sales
 	,sum(case when d_moy = 6 
 		then cs_sales_price* cs_quantity else 0 end) as jun_sales
 	,sum(case when d_moy = 7 
 		then cs_sales_price* cs_quantity else 0 end) as jul_sales
 	,sum(case when d_moy = 8 
 		then cs_sales_price* cs_quantity else 0 end) as aug_sales
 	,sum(case when d_moy = 9 
 		then cs_sales_price* cs_quantity else 0 end) as sep_sales
 	,sum(case when d_moy = 10 
 		then cs_sales_price* cs_quantity else 0 end) as oct_sales
 	,sum(case when d_moy = 11
 		then cs_sales_price* cs_quantity else 0 end) as nov_sales
 	,sum(case when d_moy = 12
 		then cs_sales_price* cs_quantity else 0 end) as dec_sales
 	,sum(case when d_moy = 1 
 		then cs_net_profit * cs_quantity else 0 end) as jan_net
 	,sum(case when d_moy = 2 
 		then cs_net_profit * cs_quantity else 0 end) as feb_net
 	,sum(case when d_moy = 3 
 		then cs_net_profit * cs_quantity else 0 end) as mar_net
 	,sum(case when d_moy = 4 
 		then cs_net_profit * cs_quantity else 0 end) as apr_net
 	,sum(case when d_moy = 5 
 		then cs_net_profit * cs_quantity else 0 end) as may_net
 	,sum(case when d_moy = 6 
 		then cs_net_profit * cs_quantity else 0 end) as jun_net
 	,sum(case when d_moy = 7 
 		then cs_net_profit * cs_quantity else 0 end) as jul_net
 	,sum(case when d_moy = 8 
 		then cs_net_profit * cs_quantity else 0 end) as aug_net
 	,sum(case when d_moy = 9 
 		then cs_net_profit * cs_quantity else 0 end) as sep_net
 	,sum(case when d_moy = 10 
 		then cs_net_profit * cs_quantity else 0 end) as oct_net
 	,sum(case when d_moy = 11
 		then cs_net_profit * cs_quantity else 0 end) as nov_net
 	,sum(case when d_moy = 12
 		then cs_net_profit * cs_quantity else 0 end) as dec_net
     from
          catalog_sales
         ,warehouse
         ,date_dim
         ,time_dim
 	 ,ship_mode
     where
            cs_warehouse_sk =  w_warehouse_sk
        and cs_sold_date_sk = d_date_sk
        and cs_sold_time_sk = t_time_sk
 	and cs_ship_mode_sk = sm_ship_mode_sk
        and d_year = 2001
 	and t_time between 15066 AND 15066+28800 
 	and sm_carrier in ('MSC','BOXBUNDLES')
     group by 
        w_warehouse_name
 	,w_warehouse_sq_ft
 	,w_city
 	,w_county
 	,w_state
 	,w_country
       ,d_year
 ) x
 group by 
        w_warehouse_name
 	,w_warehouse_sq_ft
 	,w_city
 	,w_county
 	,w_state
 	,w_country
 	,ship_carriers
       ,year
 order by w_warehouse_name
 limit 100;
Limit  (cost=54602.35..54691.23 rows=100 width=384) (actual time=412.123..412.280 rows=5 loops=1)
  ->  GroupAggregate  (cost=54602.35..54780.12 rows=200 width=384) (actual time=412.122..412.279 rows=5 loops=1)
        Group Key: warehouse.w_warehouse_name, warehouse.w_warehouse_sq_ft, warehouse.w_city, warehouse.w_county, warehouse.w_state, warehouse.w_country, ('MSC,BOXBUNDLES'::text), date_dim.d_year
        ->  Incremental Sort  (cost=54602.35..54718.28 rows=352 width=288) (actual time=412.109..412.252 rows=10 loops=1)
              Sort Key: warehouse.w_warehouse_name, warehouse.w_warehouse_sq_ft, warehouse.w_city, warehouse.w_county, warehouse.w_state, warehouse.w_country, ('MSC,BOXBUNDLES'::text), date_dim.d_year
              Presorted Key: warehouse.w_warehouse_name, warehouse.w_warehouse_sq_ft, warehouse.w_city, warehouse.w_county, warehouse.w_state, warehouse.w_country
              Full-sort Groups: 1  Sort Method: quicksort  Average Memory: 28kB  Peak Memory: 28kB
              ->  Merge Append  (cost=54601.81..54705.74 rows=352 width=288) (actual time=404.478..412.233 rows=10 loops=1)
                    Sort Key: warehouse.w_warehouse_name, warehouse.w_warehouse_sq_ft, warehouse.w_city, warehouse.w_county, warehouse.w_state, warehouse.w_country
                    ->  Finalize GroupAggregate  (cost=32973.03..33007.01 rows=119 width=288) (actual time=127.373..128.740 rows=5 loops=1)
                          Group Key: warehouse.w_warehouse_name, warehouse.w_warehouse_sq_ft, warehouse.w_city, warehouse.w_county, warehouse.w_state, warehouse.w_country, date_dim.d_year
                          ->  Gather Merge  (cost=32973.03..32998.07 rows=100 width=256) (actual time=126.957..128.712 rows=15 loops=1)
                                Workers Planned: 2
                                Workers Launched: 2
                                ->  Partial GroupAggregate  (cost=31973.00..31986.50 rows=50 width=256) (actual time=121.358..122.461 rows=5 loops=3)
                                      Group Key: warehouse.w_warehouse_name, warehouse.w_warehouse_sq_ft, warehouse.w_city, warehouse.w_county, warehouse.w_state, warehouse.w_country, date_dim.d_year
                                      ->  Sort  (cost=31973.00..31973.13 rows=50 width=88) (actual time=121.076..121.177 rows=1533 loops=3)
                                            Sort Key: warehouse.w_warehouse_name, warehouse.w_warehouse_sq_ft, warehouse.w_city, warehouse.w_county, warehouse.w_state, warehouse.w_country
                                            Sort Method: quicksort  Memory: 393kB
                                            Worker 0:  Sort Method: quicksort  Memory: 215kB
                                            Worker 1:  Sort Method: quicksort  Memory: 210kB
                                            ->  Hash Join  (cost=2.98..31971.59 rows=50 width=88) (actual time=0.386..119.873 rows=1533 loops=3)
                                                  Hash Cond: (web_sales.ws_warehouse_sk = warehouse.w_warehouse_sk)
                                                  ->  Nested Loop  (cost=1.87..31970.24 rows=50 width=36) (actual time=0.329..119.418 rows=1533 loops=3)
                                                        ->  Nested Loop  (cost=1.58..31922.92 rows=149 width=44) (actual time=0.160..105.270 rows=4788 loops=3)
                                                              ->  Hash Join  (cost=1.27..30599.75 rows=29976 width=44) (actual time=0.058..93.870 rows=23911 loops=3)
                                                                    Hash Cond: (web_sales.ws_ship_mode_sk = ship_mode.sm_ship_mode_sk)
                                                                    ->  Parallel Seq Scan on web_sales  (cost=0.00..29644.81 rows=299781 width=52) (actual time=0.013..47.358 rows=239825 loops=3)
                                                                    ->  Hash  (cost=1.25..1.25 rows=2 width=8) (actual time=0.031..0.032 rows=2 loops=3)
                                                                          Buckets: 1024  Batches: 1  Memory Usage: 9kB
                                                                          ->  Seq Scan on ship_mode  (cost=0.00..1.25 rows=2 width=8) (actual time=0.026..0.028 rows=2 loops=3)
                                                                                Filter: (sm_carrier = ANY ('{MSC,BOXBUNDLES}'::bpchar[]))
                                                                                Rows Removed by Filter: 18
                                                              ->  Memoize  (cost=0.30..0.32 rows=1 width=16) (actual time=0.000..0.000 rows=0 loops=71733)
                                                                    Cache Key: web_sales.ws_sold_date_sk
                                                                    Cache Mode: logical
                                                                    Hits: 32814  Misses: 1823  Evictions: 0  Overflows: 0  Memory Usage: 146kB
                                                                    Worker 0:  Hits: 16498  Misses: 1798  Evictions: 0  Overflows: 0  Memory Usage: 144kB
                                                                    Worker 1:  Hits: 17010  Misses: 1790  Evictions: 0  Overflows: 0  Memory Usage: 143kB
                                                                    ->  Index Scan using pk_date_dim on date_dim  (cost=0.29..0.31 rows=1 width=16) (actual time=0.002..0.002 rows=0 loops=5411)
                                                                          Index Cond: (d_date_sk = web_sales.ws_sold_date_sk)
                                                                          Filter: (d_year = 2001)
                                                                          Rows Removed by Filter: 1
                                                        ->  Index Scan using pk_time_dim on time_dim  (cost=0.29..0.32 rows=1 width=8) (actual time=0.003..0.003 rows=0 loops=14365)
                                                              Index Cond: (t_time_sk = web_sales.ws_sold_time_sk)
                                                              Filter: ((t_time >= 15066) AND (t_time <= 43866))
                                                              Rows Removed by Filter: 1
                                                  ->  Hash  (cost=1.05..1.05 rows=5 width=68) (actual time=0.028..0.028 rows=5 loops=3)
                                                        Buckets: 1024  Batches: 1  Memory Usage: 9kB
                                                        ->  Seq Scan on warehouse  (cost=0.00..1.05 rows=5 width=68) (actual time=0.022..0.024 rows=5 loops=3)
                    ->  GroupAggregate  (cost=21628.78..21691.69 rows=233 width=288) (actual time=277.102..283.487 rows=5 loops=1)
                          Group Key: warehouse_1.w_warehouse_name, warehouse_1.w_warehouse_sq_ft, warehouse_1.w_city, warehouse_1.w_county, warehouse_1.w_state, warehouse_1.w_country, date_dim_1.d_year
                          ->  Sort  (cost=21628.78..21629.36 rows=233 width=88) (actual time=275.492..275.935 rows=9335 loops=1)
                                Sort Key: warehouse_1.w_warehouse_name, warehouse_1.w_warehouse_sq_ft, warehouse_1.w_city, warehouse_1.w_county, warehouse_1.w_state, warehouse_1.w_country
                                Sort Method: quicksort  Memory: 1654kB
                                ->  Nested Loop  (cost=0.72..21619.61 rows=233 width=88) (actual time=4.228..269.309 rows=9335 loops=1)
                                      Join Filter: (catalog_sales.cs_warehouse_sk = warehouse_1.w_warehouse_sk)
                                      Rows Removed by Join Filter: 18652
                                      ->  Nested Loop  (cost=0.72..21603.35 rows=234 width=36) (actual time=4.221..264.314 rows=9337 loops=1)
                                            ->  Nested Loop  (cost=0.43..21379.75 rows=707 width=44) (actual time=4.216..217.262 rows=28080 loops=1)
                                                  Join Filter: (catalog_sales.cs_ship_mode_sk = ship_mode_1.sm_ship_mode_sk)
                                                  Rows Removed by Join Filter: 527433
                                                  ->  Nested Loop  (cost=0.43..21168.73 rows=7110 width=52) (actual time=4.201..132.514 rows=284723 loops=1)
                                                        ->  Seq Scan on date_dim date_dim_1  (cost=0.00..2318.11 rows=363 width=16) (actual time=4.181..9.705 rows=365 loops=1)
                                                              Filter: (d_year = 2001)
                                                              Rows Removed by Filter: 72684
                                                        ->  Index Scan using i_cs_sold_date_sk on catalog_sales  (cost=0.43..44.11 rows=782 width=52) (actual time=0.004..0.137 rows=780 loops=365)
                                                              Index Cond: (cs_sold_date_sk = date_dim_1.d_date_sk)
                                                  ->  Materialize  (cost=0.00..1.26 rows=2 width=8) (actual time=0.000..0.000 rows=2 loops=284723)
                                                        ->  Seq Scan on ship_mode ship_mode_1  (cost=0.00..1.25 rows=2 width=8) (actual time=0.007..0.009 rows=2 loops=1)
                                                              Filter: (sm_carrier = ANY ('{MSC,BOXBUNDLES}'::bpchar[]))
                                                              Rows Removed by Filter: 18
                                            ->  Index Scan using pk_time_dim on time_dim time_dim_1  (cost=0.29..0.32 rows=1 width=8) (actual time=0.001..0.001 rows=0 loops=28080)
                                                  Index Cond: (t_time_sk = catalog_sales.cs_sold_time_sk)
                                                  Filter: ((t_time >= 15066) AND (t_time <= 43866))
                                                  Rows Removed by Filter: 1
                                      ->  Materialize  (cost=0.00..1.07 rows=5 width=68) (actual time=0.000..0.000 rows=3 loops=9337)
                                            ->  Seq Scan on warehouse warehouse_1  (cost=0.00..1.05 rows=5 width=68) (actual time=0.004..0.006 rows=5 loops=1)
  w_warehouse_name   | w_warehouse_sq_ft |  w_city  |     w_county      | w_state |   w_country   | ship_carriers  | year |     jan_sales      |     feb_sales      |     mar_sales      |     apr_sales      |     may_sales      |     jun_sales      |     jul_sales      |     aug_sales      |     sep_sales      |     oct_sales      |     nov_sales      |     dec_sales      | jan_sales_per_sq_foot | feb_sales_per_sq_foot | mar_sales_per_sq_foot | apr_sales_per_sq_foot | may_sales_per_sq_foot | jun_sales_per_sq_foot | jul_sales_per_sq_foot | aug_sales_per_sq_foot | sep_sales_per_sq_foot | oct_sales_per_sq_foot | nov_sales_per_sq_foot | dec_sales_per_sq_foot |      jan_net       |      feb_net       |      mar_net       |      apr_net       |      may_net       |      jun_net       |      jul_net       |      aug_net       |      sep_net       |      oct_net       |      nov_net       |      dec_net       
---------------------+-------------------+----------+-------------------+---------+---------------+----------------+------+--------------------+--------------------+--------------------+--------------------+--------------------+--------------------+--------------------+--------------------+--------------------+--------------------+--------------------+--------------------+-----------------------+-----------------------+-----------------------+-----------------------+-----------------------+-----------------------+-----------------------+-----------------------+-----------------------+-----------------------+-----------------------+-----------------------+--------------------+--------------------+--------------------+--------------------+--------------------+--------------------+--------------------+--------------------+--------------------+--------------------+--------------------+--------------------
 Neither dea         |            230810 | Midway   | Williamson County | TN      | United States | MSC,BOXBUNDLES | 2001 |         6638489.39 | 7394955.4399999995 |  5580917.199999999 | 11976655.200000003 |         6607709.65 |  5328222.169999999 |  6081640.390000001 | 15716316.819999998 | 18678894.759999998 |        17987326.42 | 19756289.069999997 | 30708138.380000006 |     28.76170612191846 |    32.039146657423856 |     24.17970278584117 |       51.889672024609 |    28.628350808023917 |    23.084884407088076 |    26.349120012131195 |     68.09200996490618 |     80.92758008751787 |     77.93131328798579 |     85.59546410467483 |    133.04509501321436 | 1510436.2599999993 |         2857674.01 | 2452248.6899999995 |  8782674.309999999 | 1531153.5200000005 | 3137530.8400000003 |  3484901.040000001 |  8111293.549999997 |           15548848 | 10111160.059999999 |        15295769.19 |        26040741.63
 Parties use         |            115988 | Midway   | Williamson County | TN      | United States | MSC,BOXBUNDLES | 2001 | 10609056.529999997 | 6765023.5200000005 |  9636795.920000002 |  6212916.680000001 |  9586094.579999998 |          8025681.8 |        10731857.01 |        21462454.94 | 14817847.170000002 | 18303348.919999998 | 24068730.950000003 | 27664031.369999997 |     91.46684596682412 |     58.32520191743974 |     83.08442183674174 |     53.56516777597683 |      82.6472960995965 |     69.19407007621477 |     92.52558031865365 |    185.04030537641827 |    127.75327766665518 |    157.80381522226438 |    207.51052651998484 |    238.50770226230298 | 3746516.0199999977 | 1295855.5399999996 |         9504406.95 |  3211403.169999999 |  6530387.130000001 |         8917199.03 |         7644911.58 |        24633694.94 | 11056901.170000002 |        13028248.93 |        18787035.17 | 23075121.240000002
 Persons make more e |            551529 | Midway   | Williamson County | TN      | United States | MSC,BOXBUNDLES | 2001 |         7352965.23 |         7230101.44 | 11345058.700000001 |         6113254.57 |        10509044.07 | 12563250.860000001 |         6648459.78 |        20737852.93 |        22150050.51 |        17885343.88 | 28332315.779999997 |        21617280.32 |    13.331964828685347 |      13.1091954185546 |    20.570194314351557 |    11.084194249078472 |    19.054381673493143 |    22.778948813208373 |    12.054596911495134 |    37.600657318110194 |     40.16117105356201 |    32.428655392554155 |     51.37049145194541 |    39.195183426438135 | 4089555.9199999995 |         8021204.91 |  9269559.919999998 | 367201.50000000093 |         7338302.66 | 13533309.389999999 | 2792975.4800000004 | 11390768.409999996 |        13850933.84 |        12679102.66 |  21773575.66999999 | 12516078.490000004
 Single, simple r    |            685286 | Midway   | Williamson County | TN      | United States | MSC,BOXBUNDLES | 2001 |         6236534.14 |         8058261.08 |          7905936.2 |  7852663.930000001 | 3905059.1199999996 | 5910326.8100000005 |        10771032.97 | 13573994.719999999 | 22153689.020000003 |        25622853.43 | 19807462.259999998 | 28106505.299999997 |     9.100629722480832 |    11.758975201594662 |     11.53669591965982 |    11.458958639166713 |      5.69843703212965 |     8.624613387695064 |    15.717573348937524 |    19.807780576284937 |    32.327654468353366 |     37.39001443193061 |    28.903935378805347 |      41.0142703922158 |  4552064.840000001 |  2567395.420000001 | 7150957.7299999995 |         6204341.33 |         2665930.37 | 3258349.8999999994 |  7745902.019999998 | 15255222.370000003 |        19177258.53 | 19704217.470000006 | 14081849.929999996 | 20937800.450000003
 Total, dea          |            947902 | Fairview | Williamson County | TN      | United States | MSC,BOXBUNDLES | 2001 |         9843991.25 |         6959106.92 |  8059950.590000001 |  4993481.779999999 |         4907629.62 |  5575679.920000001 | 10090385.889999999 |        20019182.74 |        17428967.13 | 21345695.200000003 |        25683745.18 | 26604922.110000003 |     10.38503057278073 |     7.341589025025793 |     8.502936579941808 |     5.267930418967361 |     5.177359705961165 |     5.882126970931595 |    10.644967401693423 |    21.119464607100735 |    18.386887178210408 |    22.518884019656046 |    27.095359203799546 |     28.06716528712884 |  6133586.319999999 | 2949179.0699999994 | 3307529.5200000014 | 3926205.1400000006 |          3287803.4 |  3795445.629999999 | 10202125.620000001 |        20619337.33 | 13358878.719999999 |           13164542 | 21270199.880000003 |  18429736.74000001
(5 rows)

UPDATE time_statistics SET e_time = TRANSACTION_TIMESTAMP() WHERE template = 'query66.tpl' AND stream = 4;
psql:/tmp/s1-basline/throughput/query_4.sql:442: NOTICE:  duration: 0.025 ms  plan:
Query Text: UPDATE time_statistics SET e_time = TRANSACTION_TIMESTAMP() WHERE template = 'query66.tpl' AND stream = 4;
Update on time_statistics  (cost=0.00..1.38 rows=0 width=0) (actual time=0.024..0.024 rows=0 loops=1)
  ->  Seq Scan on time_statistics  (cost=0.00..1.38 rows=1 width=14) (actual time=0.010..0.011 rows=1 loops=1)
        Filter: ((template = 'query66.tpl'::text) AND (stream = 4))
        Rows Removed by Filter: 24
UPDATE 1
LOAD 'auto_explain'; SET auto_explain.log_min_duration TO 0; SET auto_explain.log_analyze TO on; SET auto_explain.log_level TO notice; INSERT INTO time_statistics (template, s_time, stream, query, seed) VALUES ('query84.tpl', TRANSACTION_TIMESTAMP(), 4, 8, 1127333602);
LOAD
SET
SET
SET
psql:/tmp/s1-basline/throughput/query_4.sql:443: NOTICE:  duration: 0.019 ms  plan:
Query Text: INSERT INTO time_statistics (template, s_time, stream, query, seed) VALUES ('query84.tpl', TRANSACTION_TIMESTAMP(), 4, 8, 1127333602);
Insert on time_statistics  (cost=0.00..0.01 rows=0 width=0) (actual time=0.018..0.019 rows=0 loops=1)
  ->  Result  (cost=0.00..0.01 rows=1 width=64) (actual time=0.001..0.002 rows=1 loops=1)
INSERT 0 1
select  c_customer_id as customer_id
       , coalesce(c_last_name,'') || ', ' || coalesce(c_first_name,'') as customername
 from customer
     ,customer_address
     ,customer_demographics
     ,household_demographics
     ,income_band
     ,store_returns
 where ca_city	        =  'Oak Grove'
   and c_current_addr_sk = ca_address_sk
   and ib_lower_bound   >=  36679
   and ib_upper_bound   <=  36679 + 50000
   and ib_income_band_sk = hd_income_band_sk
   and cd_demo_sk = c_current_cdemo_sk
   and hd_demo_sk = c_current_hdemo_sk
   and sr_cdemo_sk = cd_demo_sk
 order by c_customer_id
 limit 100;
psql:/tmp/s1-basline/throughput/query_4.sql:461: NOTICE:  duration: 85.653 ms  plan:
Query Text: select  c_customer_id as customer_id
       , coalesce(c_last_name,'') || ', ' || coalesce(c_first_name,'') as customername
 from customer
     ,customer_address
     ,customer_demographics
     ,household_demographics
     ,income_band
     ,store_returns
 where ca_city	        =  'Oak Grove'
   and c_current_addr_sk = ca_address_sk
   and ib_lower_bound   >=  36679
   and ib_upper_bound   <=  36679 + 50000
   and ib_income_band_sk = hd_income_band_sk
   and cd_demo_sk = c_current_cdemo_sk
   and hd_demo_sk = c_current_hdemo_sk
   and sr_cdemo_sk = cd_demo_sk
 order by c_customer_id
 limit 100;
Limit  (cost=17176.12..17176.21 rows=39 width=49) (actual time=85.635..85.642 rows=21 loops=1)
  ->  Sort  (cost=17176.12..17176.21 rows=39 width=49) (actual time=85.634..85.640 rows=21 loops=1)
        Sort Key: customer.c_customer_id
        Sort Method: quicksort  Memory: 26kB
        ->  Nested Loop  (cost=6212.87..17175.09 rows=39 width=49) (actual time=30.826..85.608 rows=21 loops=1)
              Join Filter: (household_demographics.hd_income_band_sk = income_band.ib_income_band_sk)
              Rows Removed by Join Filter: 375
              ->  Nested Loop  (cost=6212.87..17162.09 rows=112 width=77) (actual time=30.370..85.516 rows=107 loops=1)
                    ->  Nested Loop  (cost=6212.59..17127.19 rows=116 width=77) (actual time=30.354..85.218 rows=109 loops=1)
                          Join Filter: (customer.c_current_cdemo_sk = customer_demographics.cd_demo_sk)
                          ->  Hash Join  (cost=6212.16..16691.92 rows=915 width=93) (actual time=30.327..84.434 rows=109 loops=1)
                                Hash Cond: (store_returns.sr_cdemo_sk = customer.c_current_cdemo_sk)
                                ->  Seq Scan on store_returns  (cost=0.00..9393.72 rows=287172 width=8) (actual time=0.003..21.036 rows=287172 loops=1)
                                ->  Hash  (cost=6201.73..6201.73 rows=834 width=85) (actual time=30.168..30.171 rows=786 loops=1)
                                      Buckets: 1024  Batches: 1  Memory Usage: 100kB
                                      ->  Hash Join  (cost=1778.21..6201.73 rows=834 width=85) (actual time=8.557..29.992 rows=812 loops=1)
                                            Hash Cond: (customer.c_current_addr_sk = customer_address.ca_address_sk)
                                            ->  Seq Scan on customer  (cost=0.00..4161.00 rows=100000 width=93) (actual time=0.002..7.934 rows=100000 loops=1)
                                            ->  Hash  (cost=1773.00..1773.00 rows=417 width=8) (actual time=8.484..8.485 rows=405 loops=1)
                                                  Buckets: 1024  Batches: 1  Memory Usage: 24kB
                                                  ->  Seq Scan on customer_address  (cost=0.00..1773.00 rows=417 width=8) (actual time=0.038..8.426 rows=405 loops=1)
                                                        Filter: ((ca_city)::text = 'Oak Grove'::text)
                                                        Rows Removed by Filter: 49595
                          ->  Index Only Scan using pk_customer_demographics on customer_demographics  (cost=0.43..0.46 rows=1 width=8) (actual time=0.007..0.007 rows=1 loops=109)
                                Index Cond: (cd_demo_sk = store_returns.sr_cdemo_sk)
                                Heap Fetches: 0
                    ->  Index Scan using pk_household_demographics on household_demographics  (cost=0.28..0.30 rows=1 width=16) (actual time=0.002..0.002 rows=1 loops=109)
                          Index Cond: (hd_demo_sk = customer.c_current_hdemo_sk)
              ->  Materialize  (cost=0.00..1.33 rows=7 width=8) (actual time=0.000..0.000 rows=4 loops=107)
                    ->  Seq Scan on income_band  (cost=0.00..1.30 rows=7 width=8) (actual time=0.006..0.008 rows=4 loops=1)
                          Filter: ((ib_lower_bound >= 36679) AND (ib_upper_bound <= 86679))
                          Rows Removed by Filter: 16
   customer_id    |    customername     
------------------+---------------------
 AAAAAAAABADEAAAA | Brown, Carlos
 AAAAAAAABOHGBAAA | Dietrich, Melinda
 AAAAAAAACHBJAAAA | Tong, Edna
 AAAAAAAACHFEAAAA | Anderson, Amy
 AAAAAAAADHDIBAAA | Roman, Marc
 AAAAAAAADLGPAAAA | Davis, Esperanza
 AAAAAAAAEDGFAAAA | Miller, Dolores
 AAAAAAAAEEOEBAAA | Trujillo, Margaret
 AAAAAAAAFICAAAAA | Jensen, Tarra
 AAAAAAAAGHPLAAAA | Jones, Ola
 AAAAAAAAHAPCBAAA | Klein, Jerry
 AAAAAAAAHLECBAAA | Smith, Damian
 AAAAAAAAIJKBAAAA | Green, Sarah
 AAAAAAAAIPGOAAAA | Torres, Elba
 AAAAAAAAJELHBAAA | Rinehart, Elizabeth
 AAAAAAAAJJMKAAAA | Walters, Anna
 AAAAAAAAJKOBAAAA | Massey, Martin
 AAAAAAAAKPICBAAA | Whitehead, Fatimah
 AAAAAAAALBFEAAAA | Hewitt, Howard
 AAAAAAAALDIAAAAA | Austin, Angela
 AAAAAAAANFGBAAAA | Lucas, Laura
(21 rows)

UPDATE time_statistics SET e_time = TRANSACTION_TIMESTAMP() WHERE template = 'query84.tpl' AND stream = 4;
psql:/tmp/s1-basline/throughput/query_4.sql:463: NOTICE:  duration: 0.028 ms  plan:
Query Text: UPDATE time_statistics SET e_time = TRANSACTION_TIMESTAMP() WHERE template = 'query84.tpl' AND stream = 4;
Update on time_statistics  (cost=0.00..1.38 rows=0 width=0) (actual time=0.027..0.028 rows=0 loops=1)
  ->  Seq Scan on time_statistics  (cost=0.00..1.38 rows=1 width=14) (actual time=0.012..0.012 rows=1 loops=1)
        Filter: ((template = 'query84.tpl'::text) AND (stream = 4))
        Rows Removed by Filter: 25
UPDATE 1
LOAD 'auto_explain'; SET auto_explain.log_min_duration TO 0; SET auto_explain.log_analyze TO on; SET auto_explain.log_level TO notice; INSERT INTO time_statistics (template, s_time, stream, query, seed) VALUES ('query8.tpl', TRANSACTION_TIMESTAMP(), 4, 9, 1463034726);
LOAD
SET
SET
SET
psql:/tmp/s1-basline/throughput/query_4.sql:464: NOTICE:  duration: 0.008 ms  plan:
Query Text: INSERT INTO time_statistics (template, s_time, stream, query, seed) VALUES ('query8.tpl', TRANSACTION_TIMESTAMP(), 4, 9, 1463034726);
Insert on time_statistics  (cost=0.00..0.01 rows=0 width=0) (actual time=0.008..0.008 rows=0 loops=1)
  ->  Result  (cost=0.00..0.01 rows=1 width=64) (actual time=0.001..0.001 rows=1 loops=1)
INSERT 0 1
select  s_store_name
      ,sum(ss_net_profit)
 from store_sales
     ,date_dim
     ,store,
     (select ca_zip
     from (
      SELECT substr(ca_zip,1,5) ca_zip
      FROM customer_address
      WHERE substr(ca_zip,1,5) IN (
                          '42578','42661','60975','58709','26989','64534',
                          '22916','62198','67696','36314','38016',
                          '48763','18077','46995','17072','55360',
                          '23566','28695','12053','83406','20057',
                          '11536','78242','34067','41100','45983',
                          '48168','38240','22228','52261','89797',
                          '52010','26942','25844','10479','68577',
                          '16143','68487','53624','57306','74522',
                          '43714','44106','87591','83907','18192',
                          '64313','81902','34189','25682','91921',
                          '33350','75772','60822','15369','57275',
                          '58768','90805','83631','64003','90313',
                          '36853','40954','25559','61239','19188',
                          '42642','60857','78598','50871','88378',
                          '22734','48547','80550','83432','33066',
                          '31606','49167','35542','18599','21353',
                          '67120','95630','67398','26734','83188',
                          '73052','57540','37942','23083','67433',
                          '26939','65198','11141','35827','70238',
                          '44433','80121','41391','99784','73117',
                          '33111','19431','68000','26230','79413',
                          '72815','72546','61452','89245','14225',
                          '20995','53280','76811','49340','78214',
                          '39639','89115','16429','80955','74355',
                          '57345','21068','70065','77250','41597',
                          '82344','51179','72137','74882','39322',
                          '72158','39590','50714','93904','81060',
                          '70442','61688','45830','46164','15609',
                          '19855','16076','71448','60587','84582',
                          '85189','93518','87135','27979','87357',
                          '68359','65842','95640','93252','61319',
                          '12352','96813','96297','19899','99930',
                          '60633','88265','58158','25627','13889',
                          '58111','41927','87513','34062','64697',
                          '39582','33593','27260','49244','23339',
                          '52779','83614','62913','55734','92311',
                          '23001','43493','27325','31265','42819',
                          '94040','88343','45194','77788','67535',
                          '75712','12362','13641','43167','87195',
                          '73419','10816','62981','83512','80137',
                          '95106','30243','40957','39740','96852',
                          '41616','72704','10561','60964','69005',
                          '10279','91412','27141','23404','89129',
                          '89468','73325','37892','57795','46607',
                          '93821','71447','33126','55402','66857',
                          '12416','50082','98778','52941','71923',
                          '21967','19232','30344','73893','30262',
                          '69293','72102','42463','55977','80953',
                          '10999','69544','24361','97124','27716',
                          '48284','26476','50541','45186','86882',
                          '63059','60739','21152','97497','23721',
                          '29348','39288','84337','58900','82090',
                          '89482','74408','29424','81866','16175',
                          '87766','73972','41981','75971','55357',
                          '63901','32021','30783','75456','62960',
                          '32116','74066','74976','68186','69719',
                          '74936','49762','60120','37159','25221',
                          '80674','96953','50024','38333','19842',
                          '89697','99113','15028','28602','39897',
                          '96537','63882','68710','32757','66054',
                          '34315','30265','81797','91570','49177',
                          '79766','70341','85287','19248','26477',
                          '85292','40620','59836','30875','76119',
                          '85239','69049','30533','56435','27109',
                          '84588','91345','49072','91387','78428',
                          '75748','40997','53490','31102','91579',
                          '64765','61194','73481','70722','11360',
                          '98246','60568','26178','39884','70159',
                          '10373','34284','66080','60891','42914',
                          '85670','50737','27420','81447','50123',
                          '83858','89292','18983','75946','35824',
                          '44497','39369','63127','97410','65877',
                          '50750','69876','28012','76842','26452',
                          '69985','55645','84480','55310','28598',
                          '29224','99349','13354','19057','13224',
                          '63397','79866','21770','21277','42518',
                          '78610','13373','44718','98521','23045',
                          '23981','16810','57130','83670','97976',
                          '24546','39294','66744','24395','60808',
                          '71016','74024','76835','35204')
     intersect
      select ca_zip
      from (SELECT substr(ca_zip,1,5) ca_zip,count(*) cnt
            FROM customer_address, customer
            WHERE ca_address_sk = c_current_addr_sk and
                  c_preferred_cust_flag='Y'
            group by ca_zip
            having count(*) > 10)A1)A2) V1
 where ss_store_sk = s_store_sk
  and ss_sold_date_sk = d_date_sk
  and d_qoy = 2 and d_year = 1999
  and (substr(s_zip,1,2) = substr(V1.ca_zip,1,2))
 group by s_store_name
 order by s_store_name
 limit 100;
psql:/tmp/s1-basline/throughput/query_4.sql:569: NOTICE:  duration: 129.244 ms  plan:
Query Text: select  s_store_name
      ,sum(ss_net_profit)
 from store_sales
     ,date_dim
     ,store,
     (select ca_zip
     from (
      SELECT substr(ca_zip,1,5) ca_zip
      FROM customer_address
      WHERE substr(ca_zip,1,5) IN (
                          '42578','42661','60975','58709','26989','64534',
                          '22916','62198','67696','36314','38016',
                          '48763','18077','46995','17072','55360',
                          '23566','28695','12053','83406','20057',
                          '11536','78242','34067','41100','45983',
                          '48168','38240','22228','52261','89797',
                          '52010','26942','25844','10479','68577',
                          '16143','68487','53624','57306','74522',
                          '43714','44106','87591','83907','18192',
                          '64313','81902','34189','25682','91921',
                          '33350','75772','60822','15369','57275',
                          '58768','90805','83631','64003','90313',
                          '36853','40954','25559','61239','19188',
                          '42642','60857','78598','50871','88378',
                          '22734','48547','80550','83432','33066',
                          '31606','49167','35542','18599','21353',
                          '67120','95630','67398','26734','83188',
                          '73052','57540','37942','23083','67433',
                          '26939','65198','11141','35827','70238',
                          '44433','80121','41391','99784','73117',
                          '33111','19431','68000','26230','79413',
                          '72815','72546','61452','89245','14225',
                          '20995','53280','76811','49340','78214',
                          '39639','89115','16429','80955','74355',
                          '57345','21068','70065','77250','41597',
                          '82344','51179','72137','74882','39322',
                          '72158','39590','50714','93904','81060',
                          '70442','61688','45830','46164','15609',
                          '19855','16076','71448','60587','84582',
                          '85189','93518','87135','27979','87357',
                          '68359','65842','95640','93252','61319',
                          '12352','96813','96297','19899','99930',
                          '60633','88265','58158','25627','13889',
                          '58111','41927','87513','34062','64697',
                          '39582','33593','27260','49244','23339',
                          '52779','83614','62913','55734','92311',
                          '23001','43493','27325','31265','42819',
                          '94040','88343','45194','77788','67535',
                          '75712','12362','13641','43167','87195',
                          '73419','10816','62981','83512','80137',
                          '95106','30243','40957','39740','96852',
                          '41616','72704','10561','60964','69005',
                          '10279','91412','27141','23404','89129',
                          '89468','73325','37892','57795','46607',
                          '93821','71447','33126','55402','66857',
                          '12416','50082','98778','52941','71923',
                          '21967','19232','30344','73893','30262',
                          '69293','72102','42463','55977','80953',
                          '10999','69544','24361','97124','27716',
                          '48284','26476','50541','45186','86882',
                          '63059','60739','21152','97497','23721',
                          '29348','39288','84337','58900','82090',
                          '89482','74408','29424','81866','16175',
                          '87766','73972','41981','75971','55357',
                          '63901','32021','30783','75456','62960',
                          '32116','74066','74976','68186','69719',
                          '74936','49762','60120','37159','25221',
                          '80674','96953','50024','38333','19842',
                          '89697','99113','15028','28602','39897',
                          '96537','63882','68710','32757','66054',
                          '34315','30265','81797','91570','49177',
                          '79766','70341','85287','19248','26477',
                          '85292','40620','59836','30875','76119',
                          '85239','69049','30533','56435','27109',
                          '84588','91345','49072','91387','78428',
                          '75748','40997','53490','31102','91579',
                          '64765','61194','73481','70722','11360',
                          '98246','60568','26178','39884','70159',
                          '10373','34284','66080','60891','42914',
                          '85670','50737','27420','81447','50123',
                          '83858','89292','18983','75946','35824',
                          '44497','39369','63127','97410','65877',
                          '50750','69876','28012','76842','26452',
                          '69985','55645','84480','55310','28598',
                          '29224','99349','13354','19057','13224',
                          '63397','79866','21770','21277','42518',
                          '78610','13373','44718','98521','23045',
                          '23981','16810','57130','83670','97976',
                          '24546','39294','66744','24395','60808',
                          '71016','74024','76835','35204')
     intersect
      select ca_zip
      from (SELECT substr(ca_zip,1,5) ca_zip,count(*) cnt
            FROM customer_address, customer
            WHERE ca_address_sk = c_current_addr_sk and
                  c_preferred_cust_flag='Y'
            group by ca_zip
            having count(*) > 10)A1)A2) V1
 where ss_store_sk = s_store_sk
  and ss_sold_date_sk = d_date_sk
  and d_qoy = 2 and d_year = 1999
  and (substr(s_zip,1,2) = substr(V1.ca_zip,1,2))
 group by s_store_name
 order by s_store_name
 limit 100;
Limit  (cost=94999.10..95023.41 rows=9 width=13) (actual time=129.233..129.241 rows=0 loops=1)
  ->  GroupAggregate  (cost=94999.10..95023.41 rows=9 width=13) (actual time=129.232..129.240 rows=0 loops=1)
        Group Key: store.s_store_name
        ->  Sort  (cost=94999.10..95007.17 rows=3230 width=13) (actual time=129.231..129.239 rows=0 loops=1)
              Sort Key: store.s_store_name
              Sort Method: quicksort  Memory: 25kB
              ->  Nested Loop  (cost=7043.81..94810.83 rows=3230 width=13) (actual time=129.227..129.235 rows=0 loops=1)
                    Join Filter: (store_sales.ss_store_sk = store.s_store_sk)
                    ->  Nested Loop  (cost=0.43..83900.49 rows=3388 width=16) (actual time=4.539..45.251 rows=79917 loops=1)
                          ->  Seq Scan on date_dim  (cost=0.00..2500.73 rows=90 width=8) (actual time=4.526..10.417 rows=91 loops=1)
                                Filter: ((d_qoy = 2) AND (d_year = 1999))
                                Rows Removed by Filter: 72958
                          ->  Index Scan using i_ss_sold_date_sk on store_sales  (cost=0.43..889.36 rows=1508 width=24) (actual time=0.005..0.220 rows=878 loops=91)
                                Index Cond: (ss_sold_date_sk = date_dim.d_date_sk)
                    ->  Materialize  (cost=7043.38..10300.54 rows=12 width=13) (actual time=0.001..0.001 rows=0 loops=79917)
                          ->  Nested Loop  (cost=7043.38..10300.48 rows=12 width=13) (actual time=74.367..74.374 rows=0 loops=1)
                                Join Filter: (substr((store.s_zip)::text, 1, 2) = substr(a2.ca_zip, 1, 2))
                                Rows Removed by Join Filter: 36
                                ->  Index Scan using pk_store on store  (cost=0.14..3.62 rows=12 width=24) (actual time=0.002..0.008 rows=12 loops=1)
                                ->  Materialize  (cost=7043.25..10243.36 rows=200 width=32) (actual time=6.193..6.195 rows=3 loops=12)
                                      ->  Subquery Scan on a2  (cost=7043.25..10242.36 rows=200 width=32) (actual time=74.319..74.341 rows=3 loops=1)
                                            ->  HashSetOp Intersect  (cost=7043.25..10240.36 rows=200 width=36) (actual time=74.319..74.339 rows=3 loops=1)
                                                  ->  Append  (cost=7043.25..10129.53 rows=44333 width=36) (actual time=55.477..74.121 rows=1079 loops=1)
                                                        ->  Subquery Scan on "*SELECT* 2"  (cost=7043.25..7109.86 rows=1066 width=36) (actual time=55.477..56.157 rows=951 loops=1)
                                                              ->  Subquery Scan on a1  (cost=7043.25..7099.20 rows=1066 width=32) (actual time=55.476..56.085 rows=951 loops=1)
                                                                    ->  HashAggregate  (cost=7043.25..7088.54 rows=1066 width=51) (actual time=55.475..56.011 rows=951 loops=1)
                                                                          Group Key: customer_address.ca_zip
                                                                          Filter: (count(*) > 10)
                                                                          Batches: 1  Memory Usage: 369kB
                                                                          Rows Removed by Filter: 2220
                                                                          ->  Hash Join  (cost=2273.00..6807.68 rows=47113 width=11) (actual time=13.958..46.621 rows=47301 loops=1)
                                                                                Hash Cond: (customer.c_current_addr_sk = customer_address.ca_address_sk)
                                                                                ->  Seq Scan on customer  (cost=0.00..4411.00 rows=47113 width=8) (actual time=0.006..23.888 rows=47301 loops=1)
                                                                                      Filter: (c_preferred_cust_flag = 'Y'::bpchar)
                                                                                      Rows Removed by Filter: 52699
                                                                                ->  Hash  (cost=1648.00..1648.00 rows=50000 width=19) (actual time=13.910..13.911 rows=50000 loops=1)
                                                                                      Buckets: 65536  Batches: 1  Memory Usage: 3223kB
                                                                                      ->  Seq Scan on customer_address  (cost=0.00..1648.00 rows=50000 width=19) (actual time=0.003..7.575 rows=50000 loops=1)
                                                        ->  Subquery Scan on "*SELECT* 1"  (cost=1.00..2798.01 rows=43267 width=36) (actual time=0.074..17.895 rows=128 loops=1)
                                                              ->  Seq Scan on customer_address customer_address_1  (cost=1.00..2365.34 rows=43267 width=32) (actual time=0.073..17.882 rows=128 loops=1)
                                                                    Filter: (substr((ca_zip)::text, 1, 5) = ANY ('{42578,42661,60975,58709,26989,64534,22916,62198,67696,36314,38016,48763,18077,46995,17072,55360,23566,28695,12053,83406,20057,11536,78242,34067,41100,45983,48168,38240,22228,52261,89797,52010,26942,25844,10479,68577,16143,68487,53624,57306,74522,43714,44106,87591,83907,18192,64313,81902,34189,25682,91921,33350,75772,60822,15369,57275,58768,90805,83631,64003,90313,36853,40954,25559,61239,19188,42642,60857,78598,50871,88378,22734,48547,80550,83432,33066,31606,49167,35542,18599,21353,67120,95630,67398,26734,83188,73052,57540,37942,23083,67433,26939,65198,11141,35827,70238,44433,80121,41391,99784,73117,33111,19431,68000,26230,79413,72815,72546,61452,89245,14225,20995,53280,76811,49340,78214,39639,89115,16429,80955,74355,57345,21068,70065,77250,41597,82344,51179,72137,74882,39322,72158,39590,50714,93904,81060,70442,61688,45830,46164,15609,19855,16076,71448,60587,84582,85189,93518,87135,27979,87357,68359,65842,95640,93252,61319,12352,96813,96297,19899,99930,60633,88265,58158,25627,13889,58111,41927,87513,34062,64697,39582,33593,27260,49244,23339,52779,83614,62913,55734,92311,23001,43493,27325,31265,42819,94040,88343,45194,77788,67535,75712,12362,13641,43167,87195,73419,10816,62981,83512,80137,95106,30243,40957,39740,96852,41616,72704,10561,60964,69005,10279,91412,27141,23404,89129,89468,73325,37892,57795,46607,93821,71447,33126,55402,66857,12416,50082,98778,52941,71923,21967,19232,30344,73893,30262,69293,72102,42463,55977,80953,10999,69544,24361,97124,27716,48284,26476,50541,45186,86882,63059,60739,21152,97497,23721,29348,39288,84337,58900,82090,89482,74408,29424,81866,16175,87766,73972,41981,75971,55357,63901,32021,30783,75456,62960,32116,74066,74976,68186,69719,74936,49762,60120,37159,25221,80674,96953,50024,38333,19842,89697,99113,15028,28602,39897,96537,63882,68710,32757,66054,34315,30265,81797,91570,49177,79766,70341,85287,19248,26477,85292,40620,59836,30875,76119,85239,69049,30533,56435,27109,84588,91345,49072,91387,78428,75748,40997,53490,31102,91579,64765,61194,73481,70722,11360,98246,60568,26178,39884,70159,10373,34284,66080,60891,42914,85670,50737,27420,81447,50123,83858,89292,18983,75946,35824,44497,39369,63127,97410,65877,50750,69876,28012,76842,26452,69985,55645,84480,55310,28598,29224,99349,13354,19057,13224,63397,79866,21770,21277,42518,78610,13373,44718,98521,23045,23981,16810,57130,83670,97976,24546,39294,66744,24395,60808,71016,74024,76835,35204}'::text[]))
                                                                    Rows Removed by Filter: 49872
 s_store_name | sum 
--------------+-----
(0 rows)

UPDATE time_statistics SET e_time = TRANSACTION_TIMESTAMP() WHERE template = 'query8.tpl' AND stream = 4;
psql:/tmp/s1-basline/throughput/query_4.sql:571: NOTICE:  duration: 0.029 ms  plan:
Query Text: UPDATE time_statistics SET e_time = TRANSACTION_TIMESTAMP() WHERE template = 'query8.tpl' AND stream = 4;
Update on time_statistics  (cost=0.00..1.38 rows=0 width=0) (actual time=0.028..0.028 rows=0 loops=1)
  ->  Seq Scan on time_statistics  (cost=0.00..1.38 rows=1 width=14) (actual time=0.012..0.013 rows=1 loops=1)
        Filter: ((template = 'query8.tpl'::text) AND (stream = 4))
        Rows Removed by Filter: 26
UPDATE 1
LOAD 'auto_explain'; SET auto_explain.log_min_duration TO 0; SET auto_explain.log_analyze TO on; SET auto_explain.log_level TO notice; INSERT INTO time_statistics (template, s_time, stream, query, seed) VALUES ('query71.tpl', TRANSACTION_TIMESTAMP(), 4, 10, 1792468677);
LOAD
SET
SET
SET
psql:/tmp/s1-basline/throughput/query_4.sql:572: NOTICE:  duration: 0.009 ms  plan:
Query Text: INSERT INTO time_statistics (template, s_time, stream, query, seed) VALUES ('query71.tpl', TRANSACTION_TIMESTAMP(), 4, 10, 1792468677);
Insert on time_statistics  (cost=0.00..0.01 rows=0 width=0) (actual time=0.008..0.008 rows=0 loops=1)
  ->  Result  (cost=0.00..0.01 rows=1 width=64) (actual time=0.001..0.002 rows=1 loops=1)
INSERT 0 1
select i_brand_id brand_id, i_brand brand,t_hour,t_minute,
 	sum(ext_price) ext_price
 from item, (select ws_ext_sales_price as ext_price, 
                        ws_sold_date_sk as sold_date_sk,
                        ws_item_sk as sold_item_sk,
                        ws_sold_time_sk as time_sk  
                 from web_sales,date_dim
                 where d_date_sk = ws_sold_date_sk
                   and d_moy=11
                   and d_year=2000
                 union all
                 select cs_ext_sales_price as ext_price,
                        cs_sold_date_sk as sold_date_sk,
                        cs_item_sk as sold_item_sk,
                        cs_sold_time_sk as time_sk
                 from catalog_sales,date_dim
                 where d_date_sk = cs_sold_date_sk
                   and d_moy=11
                   and d_year=2000
                 union all
                 select ss_ext_sales_price as ext_price,
                        ss_sold_date_sk as sold_date_sk,
                        ss_item_sk as sold_item_sk,
                        ss_sold_time_sk as time_sk
                 from store_sales,date_dim
                 where d_date_sk = ss_sold_date_sk
                   and d_moy=11
                   and d_year=2000
                 ) tmp,time_dim
 where
   sold_item_sk = i_item_sk
   and i_manager_id=1
   and time_sk = t_time_sk
   and (t_meal_time = 'breakfast' or t_meal_time = 'dinner')
 group by i_brand, i_brand_id,t_hour,t_minute
 order by ext_price desc, i_brand_id
 ;
psql:/tmp/s1-basline/throughput/query_4.sql:609: NOTICE:  duration: 326.468 ms  plan:
Query Text: select i_brand_id brand_id, i_brand brand,t_hour,t_minute,
 	sum(ext_price) ext_price
 from item, (select ws_ext_sales_price as ext_price, 
                        ws_sold_date_sk as sold_date_sk,
                        ws_item_sk as sold_item_sk,
                        ws_sold_time_sk as time_sk  
                 from web_sales,date_dim
                 where d_date_sk = ws_sold_date_sk
                   and d_moy=11
                   and d_year=2000
                 union all
                 select cs_ext_sales_price as ext_price,
                        cs_sold_date_sk as sold_date_sk,
                        cs_item_sk as sold_item_sk,
                        cs_sold_time_sk as time_sk
                 from catalog_sales,date_dim
                 where d_date_sk = cs_sold_date_sk
                   and d_moy=11
                   and d_year=2000
                 union all
                 select ss_ext_sales_price as ext_price,
                        ss_sold_date_sk as sold_date_sk,
                        ss_item_sk as sold_item_sk,
                        ss_sold_time_sk as time_sk
                 from store_sales,date_dim
                 where d_date_sk = ss_sold_date_sk
                   and d_moy=11
                   and d_year=2000
                 ) tmp,time_dim
 where
   sold_item_sk = i_item_sk
   and i_manager_id=1
   and time_sk = t_time_sk
   and (t_meal_time = 'breakfast' or t_meal_time = 'dinner')
 group by i_brand, i_brand_id,t_hour,t_minute
 order by ext_price desc, i_brand_id
 ;
Sort  (cost=42618.65..42618.68 rows=9 width=71) (actual time=286.084..325.994 rows=1105 loops=1)
  Sort Key: (sum("*SELECT* 3".ext_price)) DESC, item.i_brand_id
  Sort Method: quicksort  Memory: 169kB
  ->  GroupAggregate  (cost=42618.29..42618.51 rows=9 width=71) (actual time=285.317..325.627 rows=1105 loops=1)
        Group Key: item.i_brand, item.i_brand_id, time_dim.t_hour, time_dim.t_minute
        ->  Sort  (cost=42618.29..42618.31 rows=9 width=71) (actual time=285.308..325.217 rows=1124 loops=1)
              Sort Key: item.i_brand, item.i_brand_id, time_dim.t_hour, time_dim.t_minute
              Sort Method: quicksort  Memory: 171kB
              ->  Gather  (cost=1001.00..42618.14 rows=9 width=71) (actual time=5.439..323.235 rows=1124 loops=1)
                    Workers Planned: 2
                    Workers Launched: 2
                    ->  Nested Loop  (cost=1.00..41617.24 rows=4 width=71) (actual time=7.830..168.242 rows=375 loops=3)
                          ->  Nested Loop  (cost=0.71..41601.92 rows=14 width=71) (actual time=6.813..164.262 rows=939 loops=3)
                                ->  Parallel Append  (cost=0.42..40828.09 rows=811 width=24) (actual time=6.227..63.542 rows=52439 loops=3)
                                      ->  Subquery Scan on "*SELECT* 3"  (cost=0.43..40824.04 rows=1092 width=24) (actual time=7.382..104.602 rows=86837 loops=1)
                                            ->  Nested Loop  (cost=0.43..40813.12 rows=1092 width=32) (actual time=7.381..97.965 rows=86837 loops=1)
                                                  ->  Seq Scan on date_dim  (cost=0.00..2500.73 rows=29 width=8) (actual time=7.278..13.393 rows=30 loops=1)
                                                        Filter: ((d_moy = 11) AND (d_year = 2000))
                                                        Rows Removed by Filter: 73019
                                                  ->  Index Scan using i_ss_sold_date_sk on store_sales  (cost=0.43..1306.04 rows=1508 width=32) (actual time=0.015..2.371 rows=2895 loops=30)
                                                        Index Cond: (ss_sold_date_sk = date_dim.d_date_sk)
                                      ->  Subquery Scan on "*SELECT* 1"  (cost=0.42..13234.73 rows=286 width=24) (actual time=7.019..43.754 rows=23230 loops=1)
                                            ->  Nested Loop  (cost=0.42..13231.87 rows=286 width=32) (actual time=7.018..41.948 rows=23230 loops=1)
                                                  ->  Seq Scan on date_dim date_dim_1  (cost=0.00..2500.73 rows=29 width=8) (actual time=6.924..13.623 rows=30 loops=1)
                                                        Filter: ((d_moy = 11) AND (d_year = 2000))
                                                        Rows Removed by Filter: 73019
                                                  ->  Index Scan using i_ws_sold_date_sk on web_sales  (cost=0.42..366.09 rows=395 width=32) (actual time=0.016..0.807 rows=774 loops=30)
                                                        Index Cond: (ws_sold_date_sk = date_dim_1.d_date_sk)
                                      ->  Subquery Scan on "*SELECT* 2"  (cost=0.43..4092.95 rows=568 width=24) (actual time=4.277..32.594 rows=47251 loops=1)
                                            ->  Nested Loop  (cost=0.43..4087.27 rows=568 width=32) (actual time=4.277..28.948 rows=47251 loops=1)
                                                  ->  Seq Scan on date_dim date_dim_2  (cost=0.00..2500.73 rows=29 width=8) (actual time=4.251..9.437 rows=30 loops=1)
                                                        Filter: ((d_moy = 11) AND (d_year = 2000))
                                                        Rows Removed by Filter: 73019
                                                  ->  Index Scan using i_cs_sold_date_sk on catalog_sales  (cost=0.43..46.89 rows=782 width=32) (actual time=0.006..0.395 rows=1575 loops=30)
                                                        Index Cond: (cs_sold_date_sk = date_dim_2.d_date_sk)
                                ->  Index Scan using pk_item on item  (cost=0.29..0.95 rows=1 width=63) (actual time=0.002..0.002 rows=0 loops=157318)
                                      Index Cond: (i_item_sk = "*SELECT* 3".sold_item_sk)
                                      Filter: (i_manager_id = 1)
                                      Rows Removed by Filter: 1
                          ->  Index Scan using pk_time_dim on time_dim  (cost=0.29..1.09 rows=1 width=16) (actual time=0.004..0.004 rows=0 loops=2818)
                                Index Cond: (t_time_sk = "*SELECT* 3".time_sk)
                                Filter: ((t_meal_time = 'breakfast'::bpchar) OR (t_meal_time = 'dinner'::bpchar))
                                Rows Removed by Filter: 1
 brand_id |                       brand                        | t_hour | t_minute | ext_price 
----------+----------------------------------------------------+--------+----------+-----------
  1003002 | exportiamalg #2                                    |      9 |        8 |          
  2003001 | amalgmaxi #6                                       |      9 |       35 |          
  4002002 | importoedu pack #2                                 |     17 |       28 |          
  6001001 | amalgnameless #2                                   |     17 |       59 |          
  6001001 | amalgcorp #1                                       |     18 |       33 |          
  9001005 | exportiexporti #2                                  |     19 |        7 |          
  9012002 | importounivamalg #2                                |     17 |       18 |          
 10006012 | corpunivamalg #12                                  |     17 |       42 |          
  2001002 | amalgimporto #2                                    |      6 |       44 |  18145.92
  2001001 | edu packmaxi #12                                   |      8 |       50 |  15976.62
  1004002 | edu packamalg #2                                   |     19 |       47 |   15918.4
  4002002 | importoedu pack #2                                 |     18 |        0 |  15311.15
 10009016 | amalgamalg #2                                      |     19 |       49 |   14275.5
 10012001 | amalgamalg #2                                      |     17 |       53 |     13769
  3001001 | amalgedu pack #2                                   |     17 |        3 |   13262.4
  6001001 | amalgnameless #2                                   |     19 |       22 |   13140.5
  9005008 | scholarmaxi #8                                     |     17 |       53 |  13118.28
  5003001 | exportischolar #1                                  |      9 |       18 |  12406.03
  2002001 | importoimporto #1                                  |      8 |       51 |  12183.93
  4001001 | exportiexporti #2                                  |     19 |       54 |  12070.68
  4001001 | exportiexporti #2                                  |     18 |       55 |  12021.55
  8014008 | edu packmaxi #8                                    |      9 |       59 |  11886.33
  6014002 | edu packbrand #2                                   |     17 |       42 |   11842.2
  1001002 | amalgamalg #2                                      |     18 |       57 |   11710.5
  5003002 | exportischolar #2                                  |     19 |        9 |  11682.99
  3004001 | edu packexporti #1                                 |     17 |       18 |  11374.88
  2003001 | amalgmaxi #6                                       |      9 |       21 |  11212.56
 10016001 | corpamalgamalg #1                                  |     19 |        7 |  11134.58
  2004001 | edu packimporto #1                                 |      8 |       53 |  11092.44
  8015006 | scholarmaxi #6                                     |     18 |        1 |  11028.88
  8014008 | edu packmaxi #8                                    |     18 |       59 |   10966.4
  8014008 | edu packmaxi #8                                    |     19 |       16 |  10676.52
  3003002 | exportiexporti #2                                  |      7 |       52 |  10669.64
  8014001 | edu packmaxi #1                                    |      9 |       13 |   10637.1
  9004008 | edu packmaxi #8                                    |     17 |        8 |  10429.95
  2003001 | amalgmaxi #6                                       |      8 |       24 |  10426.08
  2001002 | amalgimporto #2                                    |     18 |       55 |  10410.33
  4003001 | exportiedu pack #1                                 |     17 |        6 |  10392.24
 10016001 | corpamalgamalg #1                                  |      8 |       25 |  10225.11
  5004002 | edu packscholar #2                                 |     18 |       23 |   10207.8
 10004005 | edu packunivamalg #5                               |     17 |       18 |  10200.72
  3002001 | univamalgamalg #10                                 |     18 |       28 |  10042.56
  6002007 | importocorp #7                                     |     17 |       20 |   9933.86
  1003002 | exportiamalg #2                                    |     17 |       15 |   9816.17
  2003001 | amalgmaxi #6                                       |      9 |       15 |   9785.58
  9004008 | edu packmaxi #8                                    |      8 |        9 |   9640.17
  3002002 | importoexporti #2                                  |     18 |       34 |    9474.3
  9014011 | amalgamalgamalg #9                                 |      7 |       13 |   9465.76
  8014005 | edu packmaxi #5                                    |      9 |        8 |   9464.04
  3003001 | exportiexporti #1                                  |     17 |       33 |   9408.45
  9001005 | exportiexporti #2                                  |     18 |       22 |   9392.07
  8006001 | corpnameless #1                                    |     17 |       43 |   9385.84
 10005015 | scholarunivamalg #15                               |     17 |       11 |    9367.8
 10012001 | amalgamalg #2                                      |     18 |       45 |   9352.12
  1001002 | amalgamalg #2                                      |     18 |       30 |   9330.02
  4001002 | amalgedu pack #2                                   |     18 |       50 |    9319.6
 10006009 | amalgedu pack #2                                   |     17 |       17 |   9306.18
  3002001 | univamalgamalg #10                                 |      8 |       32 |   9033.48
  9006003 | corpmaxi #3                                        |      8 |       34 |   9023.56
  1002001 | maxinameless #10                                   |      8 |        8 |    8845.1
 10013001 | exportiamalgamalg #1                               |      8 |       30 |    8795.2
  4002002 | importoedu pack #2                                 |      8 |       33 |   8792.41
  1004002 | edu packamalg #2                                   |     19 |       14 |   8741.81
  4003001 | exportiedu pack #1                                 |     18 |       44 |   8720.81
  4003001 | exportimaxi #6                                     |      6 |       40 |   8673.18
  5003002 | exportischolar #2                                  |      7 |       15 |   8515.22
  7014008 | edu packnameless #8                                |      9 |       50 |   8511.48
 10012001 | amalgamalg #2                                      |      8 |       21 |   8482.32
  5004001 | edu packunivamalg #6                               |      9 |       17 |   8462.16
  8008001 | amalgexporti #2                                    |      6 |       59 |   8461.64
  6013003 | importoimporto #2                                  |      8 |       27 |    8457.4
  3004001 | edu packexporti #1                                 |      7 |       55 |   8367.84
  2004002 | edu packimporto #2                                 |     19 |       23 |   8338.08
  4003001 | exportiedu pack #1                                 |     17 |       47 |   8326.92
  3004001 | amalgexporti #2                                    |      9 |        8 |   8325.06
  7014008 | edu packnameless #8                                |      8 |        5 |    8109.9
  4002002 | importoedu pack #2                                 |     19 |       41 |   8109.45
  2001001 | edu packmaxi #12                                   |     18 |       50 |   7879.31
  3004001 | amalgexporti #2                                    |     19 |       58 |    7815.6
  9004008 | edu packmaxi #8                                    |     19 |       58 |   7804.25
  2004001 | exportiedu pack #2                                 |     18 |       18 |   7720.35
  3002002 | importoexporti #2                                  |      9 |       12 |   7682.56
 10009016 | amalgamalg #2                                      |     17 |       26 |   7657.65
  6011001 | amalgbrand #1                                      |      9 |       39 |    7646.1
  8011001 | exportiamalg #2                                    |     19 |       39 |   7576.44
  1004002 | edu packamalg #2                                   |     17 |        0 |   7479.68
  4003001 | exportiedu pack #1                                 |     19 |       57 |   7455.83
  9005002 | scholarmaxi #2                                     |     19 |       42 |   7390.36
  4003001 | maxibrand #10                                      |     17 |       10 |   7268.58
  3002002 | importoexporti #2                                  |      8 |       46 |   7246.67
  6008001 | namelesscorp #1                                    |     17 |        6 |   7237.03
  4003001 | exportimaxi #6                                     |     17 |       39 |   7194.76
  9006003 | corpmaxi #3                                        |     18 |       29 |   7166.07
  1004002 | edu packamalg #2                                   |     19 |       42 |      7106
  4003002 | exportiedu pack #2                                 |     18 |       33 |   6934.72
  9005008 | scholarmaxi #8                                     |     19 |        4 |   6906.06
  6001008 | amalgcorp #8                                       |      7 |       21 |   6900.62
  3003001 | exportiexporti #1                                  |     18 |        4 |   6794.58
  9005002 | scholarmaxi #2                                     |     19 |       57 |   6789.44
  9004005 | edu packscholar #2                                 |     19 |       17 |      6787
 10006009 | amalgedu pack #2                                   |     19 |       46 |   6701.44
  8014008 | edu packmaxi #8                                    |     17 |       38 |    6688.8
  1001001 | amalgamalg #1                                      |      9 |       36 |    6633.2
  4002002 | importoedu pack #2                                 |     19 |       24 |   6527.72
  2004001 | corpunivamalg #6                                   |     17 |       43 |   6463.44
  7002006 | importobrand #6                                    |     17 |        8 |   6445.32
  8006007 | namelessunivamalg #8                               |      8 |       10 |   6380.73
  7010001 | univnameless #1                                    |      9 |       57 |   6369.73
 10006009 | corpunivamalg #9                                   |     18 |       33 |   6363.87
  9001005 | exportiexporti #2                                  |     17 |       51 |   6353.32
  3004002 | edu packexporti #2                                 |     18 |        1 |   6330.96
  7011003 | scholarunivamalg #6                                |      8 |       55 |    6288.1
  2004001 | exportiedu pack #2                                 |      8 |        7 |   6265.44
  8014001 | edu packmaxi #1                                    |     17 |       33 |   6242.28
  2002002 | importoimporto #2                                  |      9 |       18 |   6203.06
  3002001 | univamalgamalg #10                                 |      7 |       51 |    6196.8
  1004002 | edu packamalg #2                                   |     19 |        6 |   6168.28
 10006009 | amalgedu pack #2                                   |     17 |       36 |   6164.04
 10002017 | importounivamalg #17                               |     18 |       47 |   6163.66
  3003001 | exportiexporti #1                                  |     19 |       50 |    6131.8
  4003001 | exportiedu pack #1                                 |     18 |       43 |   6116.97
  2001002 | amalgimporto #2                                    |     19 |       13 |   6102.72
  6013003 | importoimporto #2                                  |     19 |       29 |   6077.61
  9001005 | exportiexporti #2                                  |     19 |       21 |    6076.8
  1002001 | importoamalg #1                                    |     18 |       14 |    6068.4
  8013003 | exportimaxi #3                                     |     17 |        6 |   6065.75
  4001002 | amalgedu pack #2                                   |     18 |       59 |   6061.61
  5002002 | importoscholar #2                                  |     18 |       26 |   5977.14
 10016001 | corpamalgamalg #1                                  |      8 |       12 |      5952
  3004002 | edu packexporti #2                                 |      8 |       50 |   5948.72
  1002002 | importoamalg #2                                    |     18 |       42 |    5933.4
  2002001 | edu packexporti #2                                 |      9 |       56 |   5929.52
  6004008 | edu packcorp #8                                    |     19 |       21 |   5926.77
  3002001 | importoexporti #1                                  |     17 |       50 |   5910.78
  9005002 | scholarmaxi #2                                     |      9 |        4 |      5884
  1001001 | amalgamalg #1                                      |      7 |       47 |    5879.2
  5003002 | exportischolar #2                                  |     17 |       12 |   5877.84
  1002001 | maxinameless #10                                   |      9 |       48 |   5823.28
  6003007 | edu packscholar #2                                 |     19 |       56 |    5755.1
  3001001 | amalgedu pack #2                                   |     19 |       49 |   5682.04
  4001002 | amalgedu pack #2                                   |     18 |       11 |   5650.68
  9001005 | amalgedu pack #2                                   |      7 |       39 |   5634.64
  7011003 | scholarunivamalg #6                                |      9 |       54 |   5620.17
  3004002 | edu packexporti #2                                 |     19 |       16 |    5616.8
 10009016 | amalgamalg #2                                      |     18 |       35 |   5598.16
  9001009 | amalgmaxi #9                                       |     17 |        0 |   5585.79
  5003002 | exportischolar #2                                  |     17 |       17 |   5585.58
  2002002 | importoimporto #2                                  |     19 |       11 |      5577
  9005002 | scholarmaxi #2                                     |      8 |       46 |   5573.95
  6006002 | corpcorp #2                                        |     19 |       35 |   5551.92
  4001002 | amalgedu pack #2                                   |     17 |       53 |      5493
  3003001 | exportiexporti #1                                  |     18 |       36 |   5440.17
  4001001 | exportiexporti #2                                  |     17 |        7 |   5396.22
  6002007 | importocorp #7                                     |     18 |       15 |   5392.12
  2001001 | edu packmaxi #12                                   |      9 |        4 |   5364.84
  6001001 | amalgnameless #2                                   |     18 |       26 |   5341.49
  2003002 | exportiimporto #2                                  |      9 |       14 |   5306.13
  2002002 | importoimporto #2                                  |     18 |       41 |   5281.92
  3003001 | exportiexporti #1                                  |      9 |       39 |   5257.28
  6011001 | amalgbrand #1                                      |     18 |       15 |   5238.51
  9004005 | edu packscholar #2                                 |      9 |       27 |    5236.8
  3001001 | amalgexporti #1                                    |     17 |       29 |   5231.16
  8011001 | exportiamalg #2                                    |      9 |       44 |   5228.19
  8011001 | exportiamalg #2                                    |     18 |       19 |      5222
  5004001 | edu packnameless #4                                |      9 |       41 |   5175.45
 10012001 | amalgamalg #2                                      |     18 |       11 |   5145.98
  1002002 | importoamalg #2                                    |     19 |       38 |   5134.08
  6014002 | edu packbrand #2                                   |     18 |       32 |   5132.63
  6001001 | amalgnameless #2                                   |     17 |       47 |   5118.19
  8013003 | exportimaxi #3                                     |     17 |       15 |    4990.5
  6012005 | importobrand #5                                    |     17 |       30 |   4969.58
  4001002 | amalgedu pack #2                                   |     17 |       20 |   4955.21
  4001002 | amalgedu pack #2                                   |     18 |       49 |   4950.45
  3003002 | exportiexporti #2                                  |     19 |       51 |   4920.16
  4002002 | importoedu pack #2                                 |     19 |       29 |   4906.88
  6008003 | namelesscorp #3                                    |     18 |       49 |   4902.75
 10006009 | amalgedu pack #2                                   |     17 |       39 |   4885.29
  6014002 | edu packbrand #2                                   |      6 |       42 |      4883
  3001001 | amalgexporti #1                                    |     19 |       21 |   4856.39
  4002002 | importoedu pack #2                                 |      8 |       27 |   4802.16
  7002010 | importobrand #10                                   |      9 |        3 |   4778.28
  8015006 | scholarmaxi #6                                     |     17 |       17 |   4775.04
  6008001 | namelesscorp #1                                    |     17 |       22 |   4759.56
  8005002 | scholarnameless #2                                 |     19 |       30 |   4735.98
  2001002 | amalgimporto #2                                    |      9 |       41 |   4735.56
  1003002 | exportiamalg #2                                    |     17 |       48 |   4731.81
  3003001 | exportiexporti #1                                  |      8 |       59 |   4715.28
  3003001 | exportiexporti #1                                  |     19 |       47 |      4692
  8002010 | importonameless #10                                |      9 |       29 |   4689.99
  8015006 | scholarmaxi #6                                     |     18 |       45 |    4689.2
  4002002 | importoedu pack #2                                 |     19 |       40 |    4653.9
  3003001 | exportiexporti #1                                  |      8 |       43 |   4614.76
  3004002 | edu packexporti #2                                 |      8 |       30 |   4583.81
  8003006 | exportinameless #6                                 |      7 |       34 |   4549.35
  3002001 | univamalgamalg #10                                 |     17 |       20 |    4545.9
  8014008 | edu packmaxi #8                                    |      7 |       49 |    4507.2
  2003001 | amalgmaxi #6                                       |      9 |       22 |    4503.7
  2004002 | edu packimporto #2                                 |     17 |       55 |   4477.72
  1003002 | exportiamalg #2                                    |     19 |        5 |   4460.61
  1002001 | importoamalg #1                                    |     18 |       12 |      4459
  2001002 | amalgimporto #2                                    |      9 |       55 |   4432.26
  1003002 | exportiamalg #2                                    |     18 |       24 |   4399.36
  1004001 | edu packamalg #1                                   |     19 |        8 |    4369.7
  9001009 | amalgmaxi #9                                       |     17 |       58 |   4327.05
  2004002 | edu packimporto #2                                 |      9 |        1 |   4325.32
  1003002 | exportiamalg #2                                    |     18 |       35 |    4321.8
  8013003 | exportimaxi #3                                     |     18 |       57 |    4315.2
  1002002 | importoamalg #2                                    |      8 |       50 |   4296.11
  1004001 | scholaramalgamalg #11                              |      7 |       21 |   4279.48
  9006003 | corpmaxi #3                                        |     18 |       18 |   4271.04
  2004001 | edu packimporto #1                                 |      9 |       38 |   4251.87
  6004001 | edu packcorp #1                                    |     19 |       37 |   4236.54
  3003002 | exportiexporti #2                                  |     19 |       55 |   4220.85
  2004002 | edu packimporto #2                                 |     17 |       12 |   4215.42
  6004008 | edu packcorp #8                                    |     18 |       43 |   4163.63
 10006009 | corpunivamalg #9                                   |     17 |       45 |   4146.19
  6003007 | edu packscholar #2                                 |     18 |        5 |   4123.37
  6003007 | edu packscholar #2                                 |      9 |       41 |   4117.68
  3002001 | exportiimporto #2                                  |     17 |        1 |    4113.7
  6002007 | importocorp #7                                     |     17 |       45 |    4086.4
  1003001 | exportiamalg #1                                    |     18 |        5 |    4076.5
  2002001 | importocorp #2                                     |     17 |       22 |    4073.6
  6004008 | edu packcorp #8                                    |     17 |       37 |   4069.72
  3004001 | edu packexporti #1                                 |     18 |       33 |    4042.5
  6015006 | scholarbrand #6                                    |     18 |       46 |   4035.68
  6013008 | exportibrand #8                                    |     19 |       34 |   4007.22
  7011003 | scholarunivamalg #6                                |      9 |       56 |   4006.08
  6015006 | scholarbrand #6                                    |      9 |       37 |   3994.25
  5003002 | exportischolar #2                                  |     17 |       14 |   3976.59
  2003002 | exportiimporto #2                                  |      9 |       28 |   3974.32
  3004002 | edu packexporti #2                                 |      8 |       49 |   3929.55
  1003002 | exportiamalg #2                                    |     18 |       59 |   3921.69
 10009005 | maxiunivamalg #5                                   |      9 |       31 |   3916.36
  5003001 | exportischolar #1                                  |     18 |       13 |   3905.25
  3004002 | edu packexporti #2                                 |     18 |       54 |   3870.88
  5001002 | amalgscholar #2                                    |      9 |       59 |    3868.2
  9012002 | importounivamalg #2                                |     17 |        8 |   3854.46
  2001002 | amalgimporto #2                                    |     17 |       13 |   3853.98
  8014008 | edu packmaxi #8                                    |     17 |       50 |   3850.62
  3003001 | exportiexporti #1                                  |      9 |       21 |   3849.08
  3002002 | importoexporti #2                                  |      8 |       29 |   3845.28
  3003001 | exportiexporti #1                                  |      9 |       46 |   3842.08
  6001001 | amalgcorp #1                                       |      9 |       43 |   3832.92
 10009016 | amalgamalg #2                                      |     18 |       29 |   3791.96
  2002001 | importoimporto #1                                  |      9 |        6 |   3768.75
  6013008 | exportibrand #8                                    |     19 |        3 |   3765.96
  1004002 | edu packamalg #2                                   |     17 |       13 |   3751.88
  9005002 | scholarmaxi #2                                     |      8 |       51 |   3749.49
  7016004 | corpnameless #4                                    |     17 |       15 |   3737.49
  4003001 | exportiedu pack #1                                 |     19 |       34 |    3717.6
 10012003 | importoamalgamalg #3                               |     17 |       27 |    3709.2
  6008003 | namelesscorp #3                                    |     18 |       58 |   3703.59
  4001002 | amalgedu pack #2                                   |     18 |       21 |   3659.59
  9005008 | scholarmaxi #8                                     |      9 |       15 |   3615.84
  1004001 | scholaramalgamalg #11                              |      9 |       52 |    3609.6
  3003001 | exportiexporti #1                                  |      9 |       51 |   3598.56
  1001001 | amalgamalg #1                                      |     19 |       48 |   3594.45
 10012003 | importoamalgamalg #3                               |      8 |       10 |   3572.28
  2004002 | edu packimporto #2                                 |      9 |       57 |   3551.92
  3003002 | exportiexporti #2                                  |     17 |       41 |   3545.16
  9001005 | exportiexporti #2                                  |      9 |        7 |   3543.04
  2003002 | exportiimporto #2                                  |     17 |       15 |    3505.4
  6003007 | edu packscholar #2                                 |      6 |       26 |      3486
  6004005 | edu packcorp #5                                    |      8 |       59 |   3482.45
  1004001 | edu packamalg #1                                   |     17 |       19 |   3473.28
  4002001 | amalgamalgamalg #10                                |      9 |       14 |      3457
  1004002 | edu packamalg #2                                   |     17 |       54 |    3442.4
 10009016 | amalgamalg #2                                      |     19 |       46 |   3439.92
  1004001 | edu packamalg #1                                   |      8 |       23 |   3418.56
  8011004 | amalgmaxi #4                                       |     19 |       53 |   3404.16
  1002001 | importoamalg #1                                    |      9 |        2 |   3400.54
  8015006 | scholarmaxi #6                                     |      7 |       11 |   3376.71
  6001001 | amalgnameless #2                                   |     19 |       47 |   3345.21
  5003001 | exportischolar #1                                  |     19 |       13 |   3330.74
  4003002 | exportiedu pack #2                                 |     17 |       19 |   3324.18
  3004001 | amalgexporti #2                                    |     18 |       22 |   3312.12
  4003002 | exportiedu pack #2                                 |     17 |       45 |   3299.17
  3002001 | exportiimporto #2                                  |      6 |       49 |   3279.65
  3002001 | importoexporti #1                                  |     18 |       14 |   3222.12
  4002001 | importoedu pack #1                                 |     18 |       36 |    3214.2
  2004001 | corpunivamalg #6                                   |      9 |       54 |   3210.13
  3004002 | edu packexporti #2                                 |      8 |       19 |   3207.05
  6016008 | corpbrand #8                                       |      9 |        7 |    3206.4
  6004005 | edu packcorp #5                                    |     18 |       44 |      3205
 10003017 | exportiunivamalg #17                               |      9 |        1 |   3201.08
  2002001 | importoimporto #1                                  |      8 |       38 |   3200.08
  6001001 | amalgcorp #1                                       |     18 |       52 |    3197.4
  3001001 | amalgedu pack #2                                   |     18 |       11 |   3185.46
  6014002 | edu packbrand #2                                   |     18 |       51 |    3171.1
  2001002 | amalgimporto #2                                    |     19 |       29 |   3163.36
  5001002 | amalgscholar #2                                    |     18 |       54 |    3159.7
 10003017 | exportiunivamalg #17                               |     17 |       12 |   3157.09
  3004002 | edu packexporti #2                                 |     19 |        1 |      3157
  9004008 | edu packmaxi #8                                    |      8 |       50 |   3119.04
  1004001 | edu packamalg #1                                   |      8 |       42 |   3091.98
  3003002 | exportiexporti #2                                  |     17 |       59 |   3088.02
  6001001 | amalgnameless #2                                   |     18 |       34 |   3075.15
  3004001 | amalgexporti #2                                    |     17 |       33 |    3019.8
  9006003 | corpmaxi #3                                        |      9 |       13 |   3016.02
  8015006 | scholarmaxi #6                                     |     18 |       29 |   3009.93
  8006007 | namelessunivamalg #8                               |     19 |       40 |    2992.5
  3002001 | exportiimporto #2                                  |      7 |       21 |    2980.5
  6008003 | namelesscorp #3                                    |     19 |       48 |    2970.1
  4002002 | importoedu pack #2                                 |     17 |       27 |   2949.07
  1004001 | edu packamalg #1                                   |     18 |        9 |   2945.38
  2002001 | edu packexporti #2                                 |      9 |       54 |    2940.9
  1004002 | edu packamalg #2                                   |     17 |       46 |    2937.6
  1002002 | importoamalg #2                                    |     19 |       19 |   2933.52
  8006007 | namelessunivamalg #8                               |     19 |       21 |   2931.05
  5002001 | corpcorp #6                                        |     19 |       32 |   2930.88
 10006009 | corpunivamalg #9                                   |      9 |       43 |   2924.85
  8011001 | exportiamalg #2                                    |      7 |       26 |   2917.08
  4003001 | exportiedu pack #1                                 |      9 |       26 |   2898.99
  6014002 | edu packbrand #2                                   |      7 |       29 |   2880.36
  2002002 | importoimporto #2                                  |     19 |       22 |   2866.08
  1003002 | exportiamalg #2                                    |     19 |        6 |   2860.05
  7002006 | importobrand #6                                    |     19 |       10 |      2836
  2004002 | edu packimporto #2                                 |      9 |       38 |    2833.2
  8014001 | edu packmaxi #1                                    |      9 |       37 |    2826.6
  3003002 | exportiexporti #2                                  |     19 |       30 |   2824.02
 10001009 | amalgunivamalg #9                                  |      8 |        2 |   2823.75
  7016004 | corpnameless #4                                    |      7 |       31 |   2817.92
  3004001 | edu packexporti #1                                 |     18 |        4 |   2806.63
  7002010 | importobrand #10                                   |      8 |       29 |   2805.88
  3002002 | importoexporti #2                                  |      8 |        3 |   2803.57
  9001005 | amalgedu pack #2                                   |     19 |       38 |   2788.06
  2004001 | edu packimporto #1                                 |     17 |       16 |   2779.05
  9001005 | amalgedu pack #2                                   |      7 |       32 |   2777.45
  4003001 | exportiedu pack #1                                 |     18 |        5 |   2758.43
  7010001 | univnameless #1                                    |     18 |       35 |   2744.28
 10012001 | amalgamalg #2                                      |     17 |       11 |   2736.99
  5003001 | exportischolar #1                                  |     18 |       54 |    2734.8
  4002001 | edu packedu pack #2                                |     18 |       36 |    2718.1
  2004001 | corpunivamalg #6                                   |     18 |       22 |   2706.06
  6008003 | namelesscorp #3                                    |     17 |       26 |   2695.89
  1003002 | exportiamalg #2                                    |     18 |       12 |   2690.78
  2002002 | importoimporto #2                                  |      8 |        4 |   2689.81
  6015006 | scholarbrand #6                                    |     17 |       40 |   2684.21
  1002002 | importoamalg #2                                    |     17 |       25 |    2652.2
  6012005 | importobrand #5                                    |      8 |       27 |   2648.25
  8006007 | namelessunivamalg #8                               |      7 |       25 |   2639.25
  2001002 | amalgimporto #2                                    |      8 |       15 |   2638.68
  3003001 | exportiexporti #1                                  |     18 |       33 |   2617.38
  2003002 | exportiimporto #2                                  |     19 |       53 |    2601.9
  8014001 | edu packmaxi #1                                    |     17 |       16 |    2586.5
  2004001 | edu packimporto #1                                 |     19 |       26 |   2554.37
  5003002 | exportischolar #2                                  |     17 |       43 |   2553.41
  7014008 | edu packnameless #8                                |     19 |       18 |    2547.6
  1003002 | exportiamalg #2                                    |     18 |       51 |    2535.6
  1003002 | exportiamalg #2                                    |     18 |       34 |   2526.48
 10013001 | exportiamalgamalg #1                               |     17 |        5 |   2526.25
 10013001 | exportiamalgamalg #1                               |      6 |       37 |   2525.04
  3001001 | amalgedu pack #2                                   |      9 |       15 |    2518.2
  1004001 | edu packamalg #1                                   |     17 |       54 |   2516.64
  2001002 | amalgimporto #2                                    |      8 |       32 |    2515.4
  2004002 | edu packimporto #2                                 |     19 |       54 |   2510.25
  3004001 | amalgexporti #2                                    |      9 |        6 |   2510.15
  3004001 | edu packexporti #1                                 |      6 |        2 |    2495.5
  2002001 | importoimporto #1                                  |     18 |       47 |   2488.86
  4002001 | importoedu pack #1                                 |     18 |       15 |   2479.89
  4001001 | exportiexporti #2                                  |     17 |       47 |   2475.36
 10004015 | edu packunivamalg #15                              |     18 |       44 |   2462.04
 10001009 | amalgunivamalg #9                                  |      9 |       16 |   2447.93
 10006009 | amalgedu pack #2                                   |      7 |       41 |   2415.87
  3001001 | amalgedu pack #2                                   |     17 |       55 |   2401.76
  9005002 | scholarmaxi #2                                     |      8 |       10 |    2383.5
  1001001 | amalgamalg #1                                      |      8 |       25 |   2337.48
  8015006 | scholarmaxi #6                                     |     18 |       11 |    2336.8
  9001005 | amalgedu pack #2                                   |     17 |       25 |    2336.4
 10013001 | exportiamalgamalg #1                               |     19 |       41 |   2310.12
 10001009 | amalgunivamalg #9                                  |      9 |       57 |    2305.8
  6013004 | exportibrand #4                                    |      9 |       12 |    2293.3
  5002001 | corpcorp #6                                        |     17 |       55 |    2291.4
 10004005 | edu packunivamalg #5                               |      9 |        3 |   2291.25
  3003001 | exportiexporti #1                                  |      9 |       17 |   2280.04
  7016004 | corpnameless #4                                    |      8 |       36 |    2278.8
  8013003 | exportimaxi #3                                     |      6 |       50 |   2278.29
  7014008 | edu packnameless #8                                |      9 |       47 |   2278.08
  1001001 | amalgamalg #1                                      |     18 |        9 |   2275.25
  3001001 | amalgexporti #1                                    |      9 |       55 |    2262.9
  5003001 | exportischolar #1                                  |     17 |       44 |   2232.21
  9005002 | scholarmaxi #2                                     |     18 |       57 |   2223.38
  9004008 | edu packmaxi #8                                    |     17 |        4 |   2208.81
  6015006 | scholarbrand #6                                    |     19 |       19 |    2208.3
  9005002 | scholarmaxi #2                                     |     17 |       45 |   2190.06
  7016004 | corpnameless #4                                    |      9 |       29 |   2189.13
 10013001 | exportiamalgamalg #1                               |     19 |       26 |   2186.54
  2003002 | exportiimporto #2                                  |      8 |       51 |   2182.74
  6001001 | amalgnameless #2                                   |     19 |        0 |   2182.32
  7002006 | importobrand #6                                    |     17 |       53 |    2165.4
  3004002 | edu packexporti #2                                 |      8 |       18 |    2160.6
  4002001 | importoedu pack #1                                 |     19 |       33 |   2150.72
  3002001 | importoexporti #1                                  |      9 |       38 |    2138.4
  7002010 | importobrand #10                                   |     19 |       23 |   2134.74
  5004002 | edu packscholar #2                                 |      7 |       30 |    2126.1
  5003001 | exportischolar #1                                  |     17 |       11 |    2125.8
  8006001 | corpnameless #1                                    |     18 |       29 |   2113.27
  8003006 | exportinameless #6                                 |      8 |       46 |   2100.84
  4003002 | exportiedu pack #2                                 |      8 |       59 |   2095.32
  1002001 | importoamalg #1                                    |     18 |       21 |   2090.95
  4001002 | amalgedu pack #2                                   |      9 |       11 |   2090.25
  2001002 | amalgimporto #2                                    |     17 |       15 |   2086.24
  9006003 | corpmaxi #3                                        |     18 |       37 |    2075.7
  2004001 | edu packimporto #1                                 |     19 |       37 |   2058.32
  2003001 | amalgmaxi #6                                       |     19 |       42 |    2055.3
  9004008 | edu packmaxi #8                                    |     18 |       52 |   2047.11
  4002001 | amalgamalgamalg #10                                |      9 |       30 |    2038.7
  2002001 | importocorp #2                                     |      6 |       11 |   2038.08
  1003002 | exportiamalg #2                                    |     17 |       25 |   2034.06
  1004002 | edu packamalg #2                                   |      9 |        9 |      2029
  4001002 | amalgedu pack #2                                   |      9 |        3 |   2007.36
  9005002 | scholarmaxi #2                                     |     17 |       16 |   2006.73
  4004002 | edu packedu pack #2                                |     18 |       37 |    2005.9
  2002001 | importocorp #2                                     |     18 |       24 |   2005.85
  9012002 | importounivamalg #2                                |      9 |       21 |   1995.57
  7002006 | importobrand #6                                    |      9 |        0 |   1993.68
  9012002 | importounivamalg #2                                |      8 |       57 |   1991.86
  2003001 | amalgmaxi #6                                       |     19 |       15 |   1990.93
  8006001 | corpnameless #1                                    |     18 |       49 |      1989
  3003002 | exportiexporti #2                                  |      9 |       56 |   1986.96
  1004001 | scholaramalgamalg #11                              |     18 |       49 |   1981.85
  4003001 | exportimaxi #6                                     |     17 |       45 |   1974.72
  7002010 | importobrand #10                                   |      9 |        1 |   1947.04
  3003001 | exportiexporti #1                                  |     19 |        9 |   1938.88
  1001002 | amalgamalg #2                                      |     18 |       59 |   1936.48
  8014001 | edu packmaxi #1                                    |     19 |       17 |   1935.78
 10013001 | exportiamalgamalg #1                               |      6 |        4 |   1925.96
  3002001 | exportiimporto #2                                  |     17 |        5 |   1918.08
  3004002 | edu packexporti #2                                 |     17 |       53 |   1906.91
  4002002 | importoedu pack #2                                 |     19 |       43 |   1897.92
 10005015 | scholarunivamalg #15                               |      7 |       21 |   1891.04
  3004002 | edu packexporti #2                                 |     18 |       47 |    1889.2
 10006009 | amalgedu pack #2                                   |     17 |       23 |   1863.83
  7010001 | univnameless #1                                    |     19 |        9 |    1852.5
  2001002 | amalgimporto #2                                    |      9 |       53 |   1847.56
  3001001 | amalgexporti #1                                    |      8 |       10 |   1839.63
  6013008 | exportibrand #8                                    |     17 |       47 |   1833.78
  4001002 | amalgedu pack #2                                   |     17 |        4 |    1830.4
  4003001 | maxibrand #10                                      |      9 |        5 |   1817.76
  2003002 | exportiimporto #2                                  |      8 |       25 |   1801.63
 10002017 | importounivamalg #17                               |     19 |       30 |   1801.44
  5003002 | exportischolar #2                                  |     17 |        7 |   1798.44
  8005002 | scholarnameless #2                                 |     18 |       53 |   1794.81
  1002001 | importoamalg #1                                    |      9 |       32 |   1790.46
  2001002 | amalgimporto #2                                    |      8 |       46 |   1783.52
  7007010 | brandbrand #10                                     |      8 |       42 |   1780.74
  8011001 | exportiamalg #2                                    |      9 |       57 |    1778.4
  5003001 | exportischolar #1                                  |      8 |        4 |    1776.5
  9006003 | corpmaxi #3                                        |     18 |       57 |   1767.09
  1002001 | maxinameless #10                                   |     19 |       24 |   1756.92
 10002017 | importounivamalg #17                               |      9 |       59 |   1753.22
  4003001 | maxibrand #10                                      |     17 |       48 |   1752.48
  7002006 | importobrand #6                                    |     19 |        5 |   1751.68
  1003001 | exportiamalg #1                                    |     19 |       59 |    1731.3
 10004015 | edu packunivamalg #15                              |     17 |       37 |   1727.37
  6004001 | edu packcorp #1                                    |     18 |       53 |   1720.32
  8011001 | exportiamalg #2                                    |     17 |       12 |   1719.14
  3004002 | edu packexporti #2                                 |      9 |        2 |   1708.56
  3004001 | edu packexporti #1                                 |     19 |       30 |   1701.12
  4004002 | edu packedu pack #2                                |     19 |       41 |   1695.85
  8002010 | importonameless #10                                |     18 |       51 |   1694.88
  2004001 | exportiedu pack #2                                 |      9 |        4 |   1688.12
  3004001 | edu packexporti #1                                 |     17 |       51 |    1681.2
 10006009 | amalgedu pack #2                                   |      9 |       28 |   1678.44
  2003002 | exportiimporto #2                                  |     17 |       55 |   1673.21
  5003002 | exportischolar #2                                  |     18 |       19 |   1669.36
  9014011 | amalgamalgamalg #9                                 |      9 |       38 |   1660.12
  9001005 | amalgedu pack #2                                   |      6 |       45 |   1649.21
  4003001 | exportiedu pack #1                                 |      9 |        6 |   1645.71
  3002001 | univamalgamalg #10                                 |     19 |       22 |   1645.48
  9012002 | importounivamalg #2                                |      9 |       18 |   1644.16
 10002017 | importounivamalg #17                               |     19 |        7 |   1643.31
  5001002 | amalgscholar #2                                    |      9 |       30 |   1640.84
  9005002 | scholarmaxi #2                                     |      8 |       43 |   1628.55
  9005002 | scholarmaxi #2                                     |     18 |       12 |   1626.69
  4002002 | importoedu pack #2                                 |      8 |       52 |    1624.7
  9004008 | edu packmaxi #8                                    |     19 |       41 |   1615.95
 10001009 | amalgunivamalg #9                                  |     19 |       34 |   1612.08
  2002001 | importoimporto #1                                  |     17 |        0 |   1611.94
  2004001 | edu packimporto #1                                 |      8 |       23 |    1610.7
  4002002 | importoedu pack #2                                 |     17 |       55 |    1610.7
  4001002 | amalgedu pack #2                                   |      8 |       29 |    1606.6
 10002017 | importounivamalg #17                               |      9 |       31 |   1605.43
  7011003 | scholarunivamalg #6                                |      9 |       35 |   1605.37
  5003002 | exportischolar #2                                  |     18 |       44 |   1602.48
  1004001 | edu packamalg #1                                   |     17 |       58 |   1598.62
  4001002 | amalgedu pack #2                                   |      7 |       41 |   1596.48
  1002002 | importoamalg #2                                    |     17 |       17 |      1593
  2001002 | amalgimporto #2                                    |      8 |       28 |    1591.8
 10013001 | exportiamalgamalg #1                               |     18 |       33 |   1590.18
  2002001 | edu packexporti #2                                 |     18 |       41 |   1589.64
  6014002 | edu packbrand #2                                   |      8 |       39 |   1583.64
  3004001 | amalgexporti #2                                    |     18 |       53 |   1581.03
  6014002 | edu packbrand #2                                   |     19 |       33 |   1575.42
  9006003 | corpmaxi #3                                        |     17 |       13 |   1571.52
  3003002 | exportiexporti #2                                  |      7 |       25 |   1543.68
  4002002 | importoedu pack #2                                 |     18 |       18 |   1538.97
 10013001 | exportiamalgamalg #1                               |      7 |       38 |   1527.84
  4002001 | amalgamalgamalg #10                                |      7 |       47 |    1521.3
  4002002 | importoedu pack #2                                 |      6 |        2 |   1505.01
  8015006 | scholarmaxi #6                                     |     19 |        2 |   1504.71
  5003002 | exportischolar #2                                  |      7 |       10 |   1495.13
  6004001 | edu packcorp #1                                    |     17 |        1 |   1492.83
  9006003 | corpmaxi #3                                        |     19 |       45 |    1489.2
  1001002 | amalgamalg #2                                      |     17 |       14 |   1482.94
  8015006 | scholarmaxi #6                                     |     19 |       26 |   1477.04
  6003007 | edu packscholar #2                                 |     17 |       46 |   1476.45
  3001001 | amalgedu pack #2                                   |     17 |        1 |   1473.92
  1004001 | scholaramalgamalg #11                              |     18 |       47 |    1460.8
 10009005 | maxiunivamalg #5                                   |     19 |       21 |    1459.5
  8011004 | amalgmaxi #4                                       |     19 |        3 |      1454
  5003002 | exportischolar #2                                  |     18 |        3 |   1438.56
  1001002 | amalgamalg #2                                      |      9 |        5 |   1428.05
  3002001 | univamalgamalg #10                                 |     17 |       37 |   1424.96
  2002002 | importoimporto #2                                  |      9 |       43 |    1400.1
  1004002 | edu packamalg #2                                   |     18 |       25 |   1398.92
 10001009 | amalgunivamalg #9                                  |     19 |       18 |   1394.49
  8014005 | edu packmaxi #5                                    |      9 |       54 |    1394.4
  8006001 | corpnameless #1                                    |      9 |       39 |   1377.81
  6014003 | brandbrand #8                                      |     17 |        4 |   1376.32
  3001001 | amalgedu pack #2                                   |     17 |       17 |   1371.58
  5003001 | exportischolar #1                                  |     18 |       47 |   1368.75
 10013001 | exportiamalgamalg #1                               |     18 |       44 |   1367.76
  4003001 | exportiedu pack #1                                 |     19 |       59 |   1366.68
  5003001 | exportischolar #1                                  |     19 |       21 |   1365.65
  5002002 | importoscholar #2                                  |     18 |       43 |    1359.4
  3002002 | importoexporti #2                                  |     19 |        2 |   1355.13
 10012003 | importoamalgamalg #3                               |      9 |       26 |   1355.12
  1002002 | importoamalg #2                                    |      9 |       36 |   1349.12
  2002001 | edu packexporti #2                                 |     19 |        3 |    1348.2
  6001001 | amalgnameless #2                                   |      7 |       40 |   1338.92
  3002001 | univamalgamalg #10                                 |     18 |       29 |   1331.52
 10004005 | edu packunivamalg #5                               |     18 |       31 |    1327.3
  5003001 | exportischolar #1                                  |      9 |       30 |   1326.41
  3003001 | exportiexporti #1                                  |      9 |       58 |    1318.2
  9006003 | corpmaxi #3                                        |      6 |       15 |   1312.19
  4001002 | amalgedu pack #2                                   |     18 |       14 |    1310.4
  6002007 | importocorp #7                                     |      9 |        8 |   1310.26
  8015006 | scholarmaxi #6                                     |     17 |       15 |    1306.5
  6014003 | brandbrand #8                                      |     19 |       31 |    1300.5
  2004002 | edu packimporto #2                                 |      9 |       29 |   1298.56
  1004001 | scholaramalgamalg #11                              |     19 |        6 |    1297.6
  9005008 | scholarmaxi #8                                     |      8 |       23 |   1295.91
  1004001 | edu packamalg #1                                   |     17 |       49 |   1293.44
 10001009 | amalgunivamalg #9                                  |      8 |        4 |   1286.79
  6012005 | importobrand #5                                    |      8 |       28 |   1274.65
  3004002 | edu packexporti #2                                 |     18 |       21 |   1271.14
  9005002 | scholarmaxi #2                                     |     17 |       27 |    1266.3
 10013001 | exportiamalgamalg #1                               |     17 |       16 |   1260.45
  9012002 | importounivamalg #2                                |      9 |       40 |   1254.68
  2004002 | edu packimporto #2                                 |      6 |       20 |   1248.03
  9001005 | amalgedu pack #2                                   |     18 |       43 |    1246.2
  3003001 | exportiexporti #1                                  |     19 |       23 |    1242.8
  3003001 | exportiexporti #1                                  |     19 |       11 |    1240.8
  8015006 | scholarmaxi #6                                     |      9 |       40 |   1224.24
  3002002 | importoexporti #2                                  |      9 |       29 |   1221.75
  6012005 | importobrand #5                                    |     17 |       37 |   1218.37
  2002001 | edu packexporti #2                                 |     19 |        0 |   1216.48
  8008001 | amalgexporti #2                                    |      9 |        4 |   1213.38
  6001001 | amalgnameless #2                                   |     19 |       16 |   1205.97
  5003002 | exportischolar #2                                  |      9 |       53 |   1202.04
  4003001 | exportiedu pack #1                                 |     17 |       50 |    1200.6
  4001002 | amalgedu pack #2                                   |     18 |       16 |   1199.55
  3004002 | edu packexporti #2                                 |     19 |        6 |   1197.69
  6004001 | edu packcorp #1                                    |      9 |       59 |   1191.84
  8015006 | scholarmaxi #6                                     |     17 |       50 |   1191.36
  3003002 | exportiexporti #2                                  |     17 |        2 |   1186.36
  2002001 | importoimporto #1                                  |     18 |       59 |   1185.51
  4003002 | exportiedu pack #2                                 |      8 |       28 |   1184.27
  3004002 | edu packexporti #2                                 |     17 |        9 |    1164.8
  2002001 | importocorp #2                                     |      8 |        5 |   1164.54
  8005002 | scholarnameless #2                                 |     19 |       45 |    1162.4
  5003002 | exportischolar #2                                  |     17 |       58 |   1150.66
  2002002 | importoimporto #2                                  |      6 |       51 |   1148.85
  5004002 | edu packscholar #2                                 |     19 |        7 |    1144.8
  3002001 | exportiimporto #2                                  |      9 |       25 |    1144.6
  8015006 | scholarmaxi #6                                     |     17 |       39 |      1144
  2002001 | importoimporto #1                                  |     19 |       21 |   1142.57
 10004005 | edu packunivamalg #5                               |      9 |       18 |   1141.31
  7007010 | brandbrand #10                                     |      9 |       17 |    1132.2
  2004001 | corpunivamalg #6                                   |     19 |        3 |   1131.57
  6013004 | exportibrand #4                                    |     18 |       18 |   1128.22
  9005002 | scholarmaxi #2                                     |     18 |       58 |    1127.5
  4003001 | exportiedu pack #1                                 |     19 |       35 |   1113.42
  6013008 | exportibrand #8                                    |      9 |       37 |   1112.28
  3003002 | exportiexporti #2                                  |     19 |        6 |   1107.45
  3003002 | exportiexporti #2                                  |     19 |        4 |      1101
  9006003 | corpmaxi #3                                        |     19 |       55 |      1090
  6001001 | amalgcorp #1                                       |     18 |       56 |   1089.96
 10012001 | amalgamalg #2                                      |     19 |       49 |   1083.88
  6004008 | edu packcorp #8                                    |      7 |       38 |   1079.57
  8006001 | corpnameless #1                                    |     19 |       28 |   1078.65
 10001009 | amalgunivamalg #9                                  |     18 |       11 |      1074
  5003001 | exportischolar #1                                  |     17 |        5 |   1072.19
  3002001 | importoexporti #1                                  |     18 |       27 |    1071.2
  5003002 | exportischolar #2                                  |      8 |       57 |   1060.12
  6001001 | amalgnameless #2                                   |      7 |       41 |   1059.99
  1004002 | edu packamalg #2                                   |     19 |       40 |   1054.46
  3003001 | exportiexporti #1                                  |     17 |       52 |    1050.5
  2004001 | edu packimporto #1                                 |     17 |       26 |    1048.6
  6016008 | corpbrand #8                                       |      9 |       42 |   1045.91
  4002001 | amalgamalgamalg #10                                |      9 |       43 |    1038.5
  7010001 | univnameless #1                                    |     17 |        0 |   1036.56
  6004008 | edu packcorp #8                                    |     18 |       37 |   1035.01
  6001001 | amalgcorp #1                                       |     18 |        9 |   1034.88
  9006003 | corpmaxi #3                                        |      6 |       20 |   1029.92
  8008001 | amalgexporti #2                                    |     19 |       49 |   1024.24
  3001001 | amalgexporti #1                                    |      8 |       36 |   1023.82
  6001001 | amalgnameless #2                                   |     19 |       37 |   1023.72
  3003001 | exportiexporti #1                                  |     19 |       13 |    1022.2
  6016008 | corpbrand #8                                       |     17 |       17 |   1021.28
  6013003 | importoimporto #2                                  |     17 |       57 |   1019.36
  1004002 | edu packamalg #2                                   |     17 |       51 |   1015.92
  6001001 | amalgcorp #1                                       |      8 |       53 |   1000.96
  3001001 | amalgexporti #1                                    |     17 |       59 |   1000.65
  3003001 | exportiexporti #1                                  |      9 |       26 |    993.78
  4001001 | exportiexporti #2                                  |     19 |       48 |     992.9
  3002002 | importoexporti #2                                  |     17 |       22 |    985.15
  3004001 | edu packexporti #1                                 |     17 |       37 |     980.1
  2003001 | exportiimporto #1                                  |     19 |        9 |     978.3
  6004008 | edu packcorp #8                                    |     18 |       13 |    977.52
  6016008 | corpbrand #8                                       |     17 |       42 |       972
  3002001 | exportiimporto #2                                  |      8 |       31 |    956.98
  5003001 | exportischolar #1                                  |     17 |       22 |    956.64
  2003002 | exportiimporto #2                                  |     17 |       40 |    942.84
  9005002 | scholarmaxi #2                                     |     18 |       20 |    937.36
 10003017 | exportiunivamalg #17                               |     17 |       58 |     935.6
  4002002 | importoedu pack #2                                 |      8 |       10 |    930.72
  3003002 | exportiexporti #2                                  |      8 |       50 |    930.62
  4001001 | exportiexporti #2                                  |      9 |        3 |    925.68
  2001001 | edu packmaxi #12                                   |     17 |       25 |    921.62
  2004001 | exportiedu pack #2                                 |     17 |       30 |     921.3
  8014005 | edu packmaxi #5                                    |     18 |        9 |     917.8
 10012003 | importoamalgamalg #3                               |     17 |       34 |    909.93
  4001002 | amalgedu pack #2                                   |      9 |        8 |     908.4
  6014003 | brandbrand #8                                      |     19 |       42 |    905.96
  3004001 | amalgexporti #2                                    |     19 |       53 |    905.31
  3003001 | exportiexporti #1                                  |     18 |       14 |       904
 10002017 | importounivamalg #17                               |     18 |       45 |    893.76
  4001002 | amalgedu pack #2                                   |     17 |       19 |    892.76
  3001001 | amalgexporti #1                                    |     18 |       11 |    891.36
  6008001 | namelesscorp #1                                    |      9 |       12 |    888.16
  8014008 | edu packmaxi #8                                    |     17 |       20 |    887.75
  8011001 | exportiamalg #2                                    |      9 |       58 |    883.71
  6004008 | edu packcorp #8                                    |     19 |       33 |    881.58
  2001002 | amalgimporto #2                                    |     18 |       11 |    876.24
  3001001 | amalgedu pack #2                                   |     19 |        8 |    873.76
 10004015 | edu packunivamalg #15                              |      9 |       48 |    870.26
 10012001 | amalgamalg #2                                      |      9 |       38 |     867.9
  9005008 | scholarmaxi #8                                     |     18 |       47 |    859.04
  2001002 | amalgimporto #2                                    |      8 |       39 |       858
  6006002 | corpcorp #2                                        |     18 |       13 |    852.28
  1002001 | maxinameless #10                                   |     19 |       19 |       852
 10005015 | scholarunivamalg #15                               |      8 |        9 |    850.32
 10013001 | exportiamalgamalg #1                               |     18 |       47 |     848.4
  5004002 | edu packscholar #2                                 |     18 |        2 |    845.38
  5004002 | edu packscholar #2                                 |      9 |       46 |    840.48
 10013001 | exportiamalgamalg #1                               |     19 |       50 |       828
  5002001 | corpcorp #6                                        |     17 |       21 |    826.35
  5003002 | exportischolar #2                                  |     19 |       30 |     822.8
  6013008 | exportibrand #8                                    |      8 |       38 |    822.18
  2004002 | edu packimporto #2                                 |     19 |       36 |    820.87
  4003002 | exportiedu pack #2                                 |      8 |       10 |    813.75
  8006001 | corpnameless #1                                    |     18 |        1 |     813.1
  3004002 | edu packexporti #2                                 |      9 |       44 |    810.39
  4001001 | exportiexporti #2                                  |      8 |       28 |    808.92
  3003002 | exportiexporti #2                                  |      6 |       12 |    805.42
  4002001 | edu packedu pack #2                                |     19 |       14 |     795.8
  6014002 | edu packbrand #2                                   |     19 |        0 |    786.47
  2002002 | importoimporto #2                                  |     19 |       20 |    785.23
  1003002 | exportiamalg #2                                    |     19 |       33 |    782.82
  6014003 | brandbrand #8                                      |     17 |       10 |     782.4
 10002017 | importounivamalg #17                               |     19 |        6 |    781.44
 10009005 | maxiunivamalg #5                                   |     19 |       18 |     777.6
  2004001 | edu packimporto #1                                 |     17 |       25 |    777.15
  6001008 | amalgcorp #8                                       |      9 |       21 |    776.16
  3002001 | importoexporti #1                                  |      6 |       44 |    774.72
  6016008 | corpbrand #8                                       |      9 |       47 |    772.56
  4003001 | exportimaxi #6                                     |      9 |       28 |       772
  1003002 | exportiamalg #2                                    |     17 |        3 |    771.68
  6014002 | edu packbrand #2                                   |     17 |       54 |    770.96
  1001002 | amalgamalg #2                                      |     17 |       53 |    767.76
  2002001 | importoimporto #1                                  |     19 |       38 |    767.38
  6004008 | edu packcorp #8                                    |     18 |       58 |    764.72
  3003002 | exportiexporti #2                                  |     19 |       46 |    761.31
  6012005 | importobrand #5                                    |     17 |        2 |    749.76
  1001001 | amalgamalg #1                                      |     17 |       40 |    749.49
  9006003 | corpmaxi #3                                        |     18 |       45 |    745.58
  5004001 | edu packunivamalg #6                               |     19 |        5 |     738.9
 10004015 | edu packunivamalg #15                              |     18 |       12 |    737.55
  8006007 | namelessunivamalg #8                               |     18 |       36 |    734.82
  1004002 | edu packamalg #2                                   |     17 |       30 |     734.8
  5003002 | exportischolar #2                                  |     19 |       39 |    732.82
  4002001 | amalgamalgamalg #10                                |     18 |       52 |       732
  1003002 | exportiamalg #2                                    |     19 |       32 |    720.96
  1002001 | importoamalg #1                                    |     18 |       42 |     718.8
  6014003 | brandbrand #8                                      |     19 |       35 |    718.08
  9009006 | maximaxi #6                                        |      8 |       16 |     717.1
  2003001 | exportiimporto #1                                  |      9 |       43 |    716.59
  1002001 | maxinameless #10                                   |     18 |       39 |    711.66
  8006007 | namelessunivamalg #8                               |     17 |       29 |     710.2
  8006001 | corpnameless #1                                    |     19 |        6 |    707.94
  9005008 | scholarmaxi #8                                     |      7 |       29 |     706.2
  1004002 | edu packamalg #2                                   |     17 |        3 |    706.08
  9006003 | corpmaxi #3                                        |     18 |       44 |    704.88
  2003001 | amalgmaxi #6                                       |     17 |       28 |    704.08
  9004008 | edu packmaxi #8                                    |     19 |        7 |    703.12
  5002002 | importoscholar #2                                  |     18 |       47 |       682
  1004001 | edu packamalg #1                                   |      9 |       49 |    680.68
  4001002 | amalgedu pack #2                                   |     19 |       35 |    680.01
  6011001 | amalgbrand #1                                      |     17 |       40 |    679.92
  5003002 | exportischolar #2                                  |      8 |        4 |    677.76
  1003002 | exportiamalg #2                                    |     17 |        4 |    677.04
 10002017 | importounivamalg #17                               |     18 |       56 |    675.36
  3004002 | edu packexporti #2                                 |     17 |        2 |    673.98
  9006003 | corpmaxi #3                                        |      9 |       51 |    672.01
  4001002 | amalgedu pack #2                                   |      9 |       23 |    669.84
 10006012 | corpunivamalg #12                                  |     19 |       55 |    668.33
  3001001 | amalgexporti #1                                    |     19 |       36 |    664.02
  1004002 | edu packamalg #2                                   |      9 |       21 |     656.6
  6002007 | importocorp #7                                     |      8 |       18 |    656.52
  3002002 | importoexporti #2                                  |     19 |       19 |    656.37
  1002002 | importoamalg #2                                    |     18 |       54 |    654.82
  4002001 | edu packedu pack #2                                |     17 |        8 |    651.32
  1002001 | maxinameless #10                                   |     17 |       11 |     651.3
  5004002 | edu packscholar #2                                 |     17 |        8 |    649.92
  6001001 | amalgnameless #2                                   |     18 |       21 |    641.25
  3003001 | exportiexporti #1                                  |     19 |       58 |       639
  3003001 | exportiexporti #1                                  |      8 |       10 |    638.55
  3003002 | exportiexporti #2                                  |      6 |       36 |    631.04
  2002001 | importoimporto #1                                  |     19 |       10 |    622.08
  6006002 | corpcorp #2                                        |      8 |       53 |    620.31
 10002010 | importounivamalg #10                               |     19 |       49 |    620.16
  3002002 | importoexporti #2                                  |     19 |       26 |    618.75
  2004001 | exportiedu pack #2                                 |     19 |       59 |    607.88
  5002002 | importoscholar #2                                  |     18 |       28 |    602.28
  1002002 | importoamalg #2                                    |     17 |        2 |     598.5
  6012005 | importobrand #5                                    |     17 |       45 |    598.05
  3001001 | amalgexporti #1                                    |     19 |       40 |    595.92
 10002017 | importounivamalg #17                               |     17 |       19 |       592
  5002001 | corpcorp #6                                        |      8 |        1 |    586.71
  6006002 | corpcorp #2                                        |     17 |       35 |     582.4
  3002001 | univamalgamalg #10                                 |     17 |       47 |     579.6
  4001002 | amalgedu pack #2                                   |      8 |       39 |    573.27
  9005002 | scholarmaxi #2                                     |      9 |       58 |    573.16
  7016004 | corpnameless #4                                    |     17 |       23 |    573.04
  2002001 | importoimporto #1                                  |      8 |       44 |    572.04
  6012005 | importobrand #5                                    |      6 |       26 |    571.87
  6008003 | namelesscorp #3                                    |      8 |        4 |    570.63
  5003002 | exportischolar #2                                  |     19 |       25 |       570
  2004002 | edu packimporto #2                                 |      7 |       48 |    566.88
  9012002 | importounivamalg #2                                |     17 |       49 |    566.34
  3002002 | importoexporti #2                                  |     19 |       57 |    563.31
  6004001 | edu packcorp #1                                    |     18 |       21 |    563.16
  7007010 | brandbrand #10                                     |     18 |       55 |    562.44
  5003001 | exportischolar #1                                  |     19 |       43 |     561.6
  3003002 | exportiexporti #2                                  |     18 |       34 |     561.4
  4001002 | amalgedu pack #2                                   |      9 |       31 |    558.45
  1002002 | importoamalg #2                                    |     17 |       30 |    551.85
  2004001 | edu packimporto #1                                 |      8 |        5 |     551.6
  1001002 | amalgamalg #2                                      |      6 |       33 |     543.2
 10016001 | corpamalgamalg #1                                  |     18 |       11 |    542.75
  3002001 | exportiimporto #2                                  |     19 |       19 |    541.32
  1003001 | exportiamalg #1                                    |      9 |       12 |    541.12
  3002001 | univamalgamalg #10                                 |     18 |        7 |    538.65
  5003001 | exportischolar #1                                  |     18 |       55 |    538.05
  7016004 | corpnameless #4                                    |      9 |       25 |    534.04
  5003002 | exportischolar #2                                  |     19 |       24 |    521.13
 10004015 | edu packunivamalg #15                              |      8 |       14 |    521.05
  8006001 | corpnameless #1                                    |     19 |       34 |    519.68
 10002010 | importounivamalg #10                               |      6 |       12 |    519.06
 10001009 | amalgunivamalg #9                                  |     17 |       25 |    517.44
  2002001 | importoimporto #1                                  |      8 |       10 |    516.52
  1002001 | importoamalg #1                                    |      8 |       52 |    514.08
  1004001 | scholaramalgamalg #11                              |     17 |       19 |    511.98
  8014005 | edu packmaxi #5                                    |     19 |        9 |    511.65
  1003001 | exportiamalg #1                                    |     17 |       47 |     511.5
  1004002 | edu packamalg #2                                   |     18 |       41 |     511.1
  1004001 | edu packamalg #1                                   |     18 |       25 |    510.44
  1001001 | amalgamalg #1                                      |      9 |       25 |    507.98
  6013008 | exportibrand #8                                    |     19 |       32 |    507.96
  3004002 | edu packexporti #2                                 |     17 |       37 |    506.54
  1003002 | exportiamalg #2                                    |      9 |       54 |    504.42
  2002001 | importoimporto #1                                  |     17 |       38 |    500.61
  4001002 | amalgedu pack #2                                   |     18 |       58 |    500.28
  4002002 | importoedu pack #2                                 |      8 |       24 |     499.2
  7002004 | importobrand #4                                    |     19 |        8 |       499
  3003001 | exportiexporti #1                                  |      9 |       13 |    498.69
 10012001 | amalgamalg #2                                      |      9 |       16 |    498.56
  4002001 | importoedu pack #1                                 |     19 |       49 |    495.95
  7010001 | univnameless #1                                    |     19 |       57 |    495.68
  2001002 | amalgimporto #2                                    |      8 |       27 |    495.36
  3003001 | exportiexporti #1                                  |      9 |       32 |    495.11
  6011001 | amalgbrand #1                                      |      8 |       49 |    493.57
  3002001 | univamalgamalg #10                                 |      9 |       46 |    489.51
 10003017 | exportiunivamalg #17                               |     18 |       11 |       486
  3002002 | importoexporti #2                                  |     17 |        8 |    478.89
  3002002 | importoexporti #2                                  |     19 |       29 |     476.3
  8003006 | exportinameless #6                                 |     19 |       28 |    476.19
  4003001 | exportimaxi #6                                     |      9 |       12 |    474.93
  2001002 | amalgimporto #2                                    |     18 |       18 |    464.37
  3004002 | edu packexporti #2                                 |     18 |       55 |    458.99
  1002002 | importoamalg #2                                    |      8 |       17 |    455.46
  5003002 | exportischolar #2                                  |     18 |       28 |     449.4
  2004001 | exportiedu pack #2                                 |      8 |       14 |    446.49
 10004015 | edu packunivamalg #15                              |     17 |       25 |    445.83
  5004002 | edu packscholar #2                                 |      8 |       49 |    444.41
  8008001 | amalgexporti #2                                    |      8 |       50 |       444
  5003002 | exportischolar #2                                  |     17 |       30 |     441.9
  3003001 | exportiexporti #1                                  |     18 |       10 |    440.72
  6002007 | importocorp #7                                     |     17 |       39 |    440.64
  7007010 | brandbrand #10                                     |     18 |       17 |       440
  3003001 | exportiexporti #1                                  |     18 |       27 |     438.6
  3004002 | edu packexporti #2                                 |     17 |       48 |    435.81
  8014005 | edu packmaxi #5                                    |     17 |        1 |    435.12
  5004001 | edu packunivamalg #6                               |      9 |       18 |     434.8
  3003001 | exportiexporti #1                                  |     17 |       48 |    434.72
 10001009 | amalgunivamalg #9                                  |      9 |       10 |    430.17
  4001002 | amalgedu pack #2                                   |     19 |       31 |    429.66
 10003017 | exportiunivamalg #17                               |     17 |       32 |    426.88
  1004002 | edu packamalg #2                                   |     18 |       14 |    426.01
  7007010 | brandbrand #10                                     |      9 |       51 |    423.47
  1001001 | amalgamalg #1                                      |     19 |        3 |     421.2
 10006009 | amalgedu pack #2                                   |     19 |       48 |    417.92
  1004001 | edu packamalg #1                                   |      6 |       10 |    417.45
  3004001 | edu packexporti #1                                 |     17 |       36 |     417.4
  4004002 | edu packedu pack #2                                |      9 |       31 |    412.83
  8002010 | importonameless #10                                |     17 |       10 |     411.6
  6013008 | exportibrand #8                                    |     17 |        1 |       411
  8008001 | amalgexporti #2                                    |     18 |        9 |    402.99
  3004001 | edu packexporti #1                                 |     17 |       39 |     401.6
 10002010 | importounivamalg #10                               |     19 |       25 |    396.75
  4001002 | amalgedu pack #2                                   |     19 |       51 |     394.8
  8003006 | exportinameless #6                                 |     18 |       53 |    392.91
  6011001 | amalgbrand #1                                      |     19 |       14 |    392.76
  3003001 | exportiexporti #1                                  |     17 |       45 |     391.5
  3003002 | exportiexporti #2                                  |      6 |       14 |    391.01
  9004005 | edu packscholar #2                                 |     19 |       44 |    385.32
  8013003 | exportimaxi #3                                     |     17 |       28 |    384.84
  3004002 | edu packexporti #2                                 |      9 |       40 |       384
  3003001 | exportiexporti #1                                  |     18 |        7 |    379.68
  1001002 | amalgamalg #2                                      |     17 |       56 |    378.24
  2004001 | edu packimporto #1                                 |      9 |       55 |     377.1
  1003001 | exportiamalg #1                                    |      9 |        4 |    375.36
  8011004 | amalgmaxi #4                                       |      9 |       36 |     375.1
  1002001 | importoamalg #1                                    |     17 |       23 |    373.38
 10009005 | maxiunivamalg #5                                   |      8 |       54 |    373.12
  9005008 | scholarmaxi #8                                     |     19 |       13 |     371.7
  4003002 | exportiedu pack #2                                 |      9 |       35 |    371.45
  7002004 | importobrand #4                                    |      9 |        3 |     369.6
  5003001 | exportischolar #1                                  |      9 |        5 |    367.78
  3004002 | edu packexporti #2                                 |     19 |       33 |    364.18
  5003002 | exportischolar #2                                  |     19 |       37 |     363.8
  6013003 | importoimporto #2                                  |     17 |       55 |    361.92
  9009006 | maximaxi #6                                        |      8 |       54 |    361.67
  7011003 | scholarunivamalg #6                                |     19 |       47 |    361.27
  8011001 | exportiamalg #2                                    |     17 |       32 |    360.18
  1001002 | amalgamalg #2                                      |     19 |       48 |    357.36
  2004001 | edu packimporto #1                                 |      8 |        3 |    354.69
 10002017 | importounivamalg #17                               |      9 |       52 |    352.48
 10001009 | amalgunivamalg #9                                  |     17 |       55 |    352.42
 10009016 | amalgamalg #2                                      |     19 |       48 |    345.72
  3004002 | edu packexporti #2                                 |     19 |       13 |    345.29
  3002001 | importoexporti #1                                  |     19 |       28 |    345.24
 10004005 | edu packunivamalg #5                               |     17 |       54 |    343.75
  9001009 | amalgmaxi #9                                       |     19 |       24 |    341.55
  6013003 | importoimporto #2                                  |     18 |       42 |    335.75
  6014003 | brandbrand #8                                      |      9 |        3 |    333.61
  4002002 | importoedu pack #2                                 |     17 |       38 |     327.6
  6001001 | amalgnameless #2                                   |      8 |       11 |    324.26
  3004002 | edu packexporti #2                                 |     18 |       58 |    323.85
  9006003 | corpmaxi #3                                        |      9 |       14 |     323.6
  4003001 | exportiedu pack #1                                 |     17 |        1 |     322.8
 10009005 | maxiunivamalg #5                                   |     19 |       23 |       322
  9001005 | exportiexporti #2                                  |      9 |        0 |    321.55
  9001005 | amalgedu pack #2                                   |     17 |       24 |     318.5
  6014003 | brandbrand #8                                      |     18 |        4 |     313.9
  9006003 | corpmaxi #3                                        |     17 |       36 |     313.2
  3003001 | exportiexporti #1                                  |      9 |       54 |    313.12
  2004001 | corpunivamalg #6                                   |     17 |       27 |    312.18
  8013003 | exportimaxi #3                                     |      6 |       12 |    311.41
  1004001 | edu packamalg #1                                   |      8 |       55 |     311.1
  6011001 | amalgbrand #1                                      |     18 |       47 |     308.4
  2004002 | edu packimporto #2                                 |     18 |       43 |    306.88
 10002017 | importounivamalg #17                               |     19 |       12 |    306.04
  4004002 | edu packedu pack #2                                |     17 |       13 |     304.2
  8015006 | scholarmaxi #6                                     |     18 |       48 |    303.36
  4004002 | edu packedu pack #2                                |      9 |       20 |    300.96
 10004015 | edu packunivamalg #15                              |     19 |       33 |    300.64
  6002007 | importocorp #7                                     |     17 |       23 |    295.75
  6006002 | corpcorp #2                                        |      6 |       11 |    292.04
  5004001 | edu packunivamalg #6                               |     19 |       10 |    289.05
 10006012 | corpunivamalg #12                                  |      8 |       18 |    284.82
  4001002 | amalgedu pack #2                                   |     19 |       49 |    282.24
  8003006 | exportinameless #6                                 |      6 |        2 |    282.08
  8002010 | importonameless #10                                |      8 |       29 |    281.16
  2002001 | importoimporto #1                                  |     19 |       12 |    279.88
  6011001 | amalgbrand #1                                      |     19 |       49 |     276.9
  6016008 | corpbrand #8                                       |     18 |       27 |    276.22
  7011003 | scholarunivamalg #6                                |     18 |       38 |    274.66
  9006003 | corpmaxi #3                                        |     19 |       23 |    274.56
 10012001 | amalgamalg #2                                      |      8 |       16 |    271.32
  2001002 | amalgimporto #2                                    |     19 |       45 |    268.17
  8015006 | scholarmaxi #6                                     |     19 |       42 |     267.6
  2004001 | corpunivamalg #6                                   |      8 |       24 |     267.3
  7002006 | importobrand #6                                    |      8 |       43 |    266.19
 10003017 | exportiunivamalg #17                               |     19 |       51 |    266.02
  5003001 | exportischolar #1                                  |     19 |       50 |    264.04
  4003001 | maxibrand #10                                      |     18 |        4 |    263.58
 10002017 | importounivamalg #17                               |      8 |        8 |     257.4
  1004001 | edu packamalg #1                                   |     18 |       38 |    255.75
  8011001 | exportiamalg #2                                    |     18 |       54 |    252.63
  1002002 | importoamalg #2                                    |     19 |       12 |    252.11
  2002001 | importoimporto #1                                  |      9 |       19 |    251.94
  1001002 | amalgamalg #2                                      |     17 |        7 |    249.21
  2002001 | importoimporto #1                                  |     19 |        2 |     247.8
  6016008 | corpbrand #8                                       |     19 |       14 |     245.7
 10005015 | scholarunivamalg #15                               |      8 |       59 |    245.64
  5001002 | amalgscholar #2                                    |     18 |       20 |    244.14
  5003001 | exportischolar #1                                  |      9 |        2 |     243.1
  9004005 | edu packscholar #2                                 |      9 |       20 |    233.61
  2002001 | importoimporto #1                                  |     17 |       46 |    225.68
 10009016 | amalgamalg #2                                      |     19 |       15 |    224.91
  4002001 | importoedu pack #1                                 |     19 |       35 |    222.56
  2003002 | exportiimporto #2                                  |     17 |       36 |    222.09
  2002001 | importoimporto #1                                  |     18 |       55 |    218.05
 10001009 | amalgunivamalg #9                                  |      9 |        9 |     216.5
  1001002 | amalgamalg #2                                      |     17 |        2 |    214.77
  5003002 | exportischolar #2                                  |     19 |       47 |    214.02
  3002001 | importoexporti #1                                  |     17 |        4 |    212.76
  4001002 | amalgedu pack #2                                   |      6 |       27 |    212.52
 10004005 | edu packunivamalg #5                               |     19 |       27 |    212.52
  2001002 | amalgimporto #2                                    |     17 |       55 |     208.8
 10002010 | importounivamalg #10                               |     17 |        1 |    208.64
  2004001 | edu packimporto #1                                 |      9 |       24 |    207.87
  7007010 | brandbrand #10                                     |      8 |       38 |    204.93
  1002001 | importoamalg #1                                    |      9 |        9 |    201.25
  8014008 | edu packmaxi #8                                    |     17 |       52 |    197.64
  6016008 | corpbrand #8                                       |      9 |       36 |    197.11
  7007010 | brandbrand #10                                     |      6 |       44 |    196.23
  3001001 | amalgedu pack #2                                   |      9 |       36 |     196.1
  2002001 | importocorp #2                                     |      9 |       36 |    195.52
 10006009 | amalgedu pack #2                                   |     17 |       20 |    194.25
  9001005 | exportiexporti #2                                  |     19 |       10 |    191.83
  5002002 | importoscholar #2                                  |      9 |       41 |    188.14
  4004002 | edu packedu pack #2                                |      9 |       52 |       188
  8003006 | exportinameless #6                                 |      8 |       18 |    184.73
 10009005 | maxiunivamalg #5                                   |     19 |        0 |    183.54
  6011001 | amalgbrand #1                                      |     18 |       57 |    182.72
  6008003 | namelesscorp #3                                    |     17 |       35 |     181.2
  5002001 | corpcorp #6                                        |     17 |       53 |       181
  1004002 | edu packamalg #2                                   |     17 |       33 |    179.75
 10013001 | exportiamalgamalg #1                               |     17 |       19 |    176.33
  4002002 | importoedu pack #2                                 |      9 |       18 |    175.74
  2004002 | edu packimporto #2                                 |     17 |        1 |    173.25
 10013001 | exportiamalgamalg #1                               |     18 |       19 |    169.38
  5002001 | corpcorp #6                                        |     19 |        2 |    168.64
  7002006 | importobrand #6                                    |     18 |       51 |    167.04
  2004001 | corpunivamalg #6                                   |      9 |       27 |    166.44
  2004002 | edu packimporto #2                                 |     18 |       13 |    164.52
  2003001 | exportiimporto #1                                  |     18 |       23 |    161.92
  3004002 | edu packexporti #2                                 |     19 |       48 |    158.76
  7010001 | univnameless #1                                    |     17 |       51 |    156.91
  7002010 | importobrand #10                                   |      9 |       18 |     156.4
  4002001 | amalgamalgamalg #10                                |     18 |       56 |    154.08
  3003002 | exportiexporti #2                                  |     18 |        1 |     153.7
  7016004 | corpnameless #4                                    |     17 |       16 |    152.75
  8014001 | edu packmaxi #1                                    |      8 |       37 |    152.32
  1004001 | edu packamalg #1                                   |     17 |       50 |     150.6
  9004008 | edu packmaxi #8                                    |      9 |       16 |    150.15
  4001002 | amalgedu pack #2                                   |      8 |       12 |     149.7
  6003007 | edu packscholar #2                                 |      6 |       48 |    145.25
  7007010 | brandbrand #10                                     |     17 |        7 |    141.93
  9006003 | corpmaxi #3                                        |      9 |       58 |    140.25
  9009006 | maximaxi #6                                        |     18 |       14 |    139.75
  4003001 | exportiedu pack #1                                 |     18 |       14 |    139.23
  6001001 | amalgnameless #2                                   |     17 |        1 |    134.96
 10016001 | corpamalgamalg #1                                  |     17 |       14 |    132.93
  9006003 | corpmaxi #3                                        |     18 |        3 |    131.24
  8002010 | importonameless #10                                |      8 |       46 |       131
  7002006 | importobrand #6                                    |      9 |       54 |    128.92
  7002006 | importobrand #6                                    |      9 |       58 |    127.66
  6016008 | corpbrand #8                                       |     18 |       38 |    127.56
  2003002 | exportiimporto #2                                  |     19 |       38 |    127.31
 10013001 | exportiamalgamalg #1                               |     19 |        8 |    125.28
 10016001 | corpamalgamalg #1                                  |      8 |       53 |    122.76
  8006007 | namelessunivamalg #8                               |     17 |       59 |    122.55
  2003001 | exportiimporto #1                                  |     17 |       12 |     121.6
  1003002 | exportiamalg #2                                    |      9 |       26 |     120.2
  8008001 | amalgexporti #2                                    |     17 |       12 |    118.72
  4001002 | amalgedu pack #2                                   |      8 |        8 |    116.96
  1002002 | importoamalg #2                                    |      8 |       27 |    115.91
  3003001 | exportiexporti #1                                  |     19 |       12 |     115.5
  5002002 | importoscholar #2                                  |     17 |       24 |    110.55
  8006007 | namelessunivamalg #8                               |     17 |       16 |    109.52
  6004001 | edu packcorp #1                                    |      9 |       42 |       108
  5003002 | exportischolar #2                                  |     18 |       49 |    104.96
  4002001 | amalgamalgamalg #10                                |      6 |       54 |    102.72
  4003001 | maxibrand #10                                      |     17 |       29 |    101.64
  5002001 | corpcorp #6                                        |      9 |        8 |      98.7
  1004001 | edu packamalg #1                                   |     18 |       35 |     98.16
  4003002 | exportiedu pack #2                                 |     17 |       57 |     97.98
  6006002 | corpcorp #2                                        |     18 |       35 |      97.5
  4002002 | importoedu pack #2                                 |     17 |       29 |      96.6
  9005002 | scholarmaxi #2                                     |     19 |       35 |     93.81
  5003001 | exportischolar #1                                  |     17 |       48 |     91.63
  9005008 | scholarmaxi #8                                     |      7 |        1 |      89.8
 10012003 | importoamalgamalg #3                               |      7 |       34 |     89.39
  4004002 | edu packedu pack #2                                |      9 |       41 |     86.92
  3004002 | edu packexporti #2                                 |     19 |       49 |     86.64
  6004005 | edu packcorp #5                                    |      6 |        4 |     86.54
  8011001 | exportiamalg #2                                    |     17 |        7 |      85.8
  9001009 | amalgmaxi #9                                       |      8 |       48 |      85.8
  3002001 | importoexporti #1                                  |     19 |       53 |     85.78
  4003001 | exportiedu pack #1                                 |      7 |        1 |     83.88
  7016004 | corpnameless #4                                    |      9 |       26 |     83.43
  1004001 | edu packamalg #1                                   |     17 |       26 |     81.84
  3004002 | edu packexporti #2                                 |     19 |       34 |     80.86
  4001002 | amalgedu pack #2                                   |      7 |       49 |     80.76
  1002001 | importoamalg #1                                    |     19 |        6 |     80.52
  2001002 | amalgimporto #2                                    |     17 |       57 |     79.56
  4001002 | amalgedu pack #2                                   |      9 |       47 |      79.2
  8003009 | importounivamalg #6                                |      7 |        8 |     76.16
  6004005 | edu packcorp #5                                    |     17 |       16 |     75.81
  5002002 | importoscholar #2                                  |      6 |       34 |     74.82
  2002001 | edu packexporti #2                                 |      7 |       58 |     74.56
  9012002 | importounivamalg #2                                |     19 |       42 |      74.4
  5001002 | amalgscholar #2                                    |      7 |       59 |     73.61
  2004001 | corpunivamalg #6                                   |     18 |       11 |      72.9
  4003001 | exportiedu pack #1                                 |      9 |       32 |     70.59
  6013003 | importoimporto #2                                  |     17 |       17 |     70.15
  6011001 | amalgbrand #1                                      |     17 |       45 |     69.41
  3003001 | exportiexporti #1                                  |     18 |       24 |      68.1
  4003001 | exportiedu pack #1                                 |     19 |       49 |     68.01
  6004008 | edu packcorp #8                                    |      9 |       20 |     66.43
  6002007 | importocorp #7                                     |     18 |       35 |      64.9
 10004005 | edu packunivamalg #5                               |      9 |        1 |      64.8
  2002001 | importoimporto #1                                  |     17 |        3 |      64.2
  8003006 | exportinameless #6                                 |     19 |        0 |     59.73
  1002002 | importoamalg #2                                    |      9 |        9 |      58.8
  2002002 | importoimporto #2                                  |     18 |        7 |      58.5
  2003002 | exportiimporto #2                                  |     17 |       28 |     57.98
  1001002 | amalgamalg #2                                      |      9 |       35 |      56.4
 10002010 | importounivamalg #10                               |     17 |       17 |     55.44
  9004008 | edu packmaxi #8                                    |      8 |       23 |        55
  9001005 | amalgedu pack #2                                   |     17 |        7 |      53.4
 10006009 | corpunivamalg #9                                   |     19 |       45 |      52.8
 10002010 | importounivamalg #10                               |      9 |        9 |     52.22
  5003001 | exportischolar #1                                  |     19 |       14 |      50.7
  1002002 | importoamalg #2                                    |     19 |       23 |     48.34
  2001002 | amalgimporto #2                                    |     17 |       36 |     48.09
  7016004 | corpnameless #4                                    |     19 |       19 |     47.28
  3004002 | edu packexporti #2                                 |     17 |       29 |     45.82
  4001002 | amalgedu pack #2                                   |      7 |        3 |      45.6
  7002004 | importobrand #4                                    |     18 |       38 |     45.43
  7014008 | edu packnameless #8                                |     19 |       49 |     41.51
  4003001 | exportiedu pack #1                                 |      9 |       51 |     41.34
  5001002 | amalgscholar #2                                    |     18 |       42 |     40.25
  1004001 | scholaramalgamalg #11                              |     19 |       12 |     40.16
  9009006 | maximaxi #6                                        |      7 |        7 |     39.14
  3003002 | exportiexporti #2                                  |     19 |       19 |     37.44
  5003002 | exportischolar #2                                  |      9 |        4 |     35.89
  4002001 | edu packedu pack #2                                |      9 |       29 |     35.85
  7002006 | importobrand #6                                    |     17 |       47 |     35.76
  1004001 | scholaramalgamalg #11                              |     18 |       53 |     35.25
  7011003 | scholarunivamalg #6                                |      9 |       32 |     33.74
  6001001 | amalgnameless #2                                   |      9 |       28 |     33.67
  4002001 | importoedu pack #1                                 |     17 |       12 |      29.4
  1003002 | exportiamalg #2                                    |      7 |       39 |     28.26
  4003001 | exportiedu pack #1                                 |      9 |       58 |     27.78
  1004002 | edu packamalg #2                                   |      8 |       11 |     27.75
  2004001 | edu packimporto #1                                 |     19 |       13 |     27.75
  1002002 | importoamalg #2                                    |     19 |       48 |     27.69
  8006007 | namelessunivamalg #8                               |     19 |       36 |     27.48
  2001002 | amalgimporto #2                                    |     17 |       17 |     26.88
  4001002 | amalgedu pack #2                                   |     17 |       21 |     24.21
  1004002 | edu packamalg #2                                   |      7 |        6 |     21.84
  1003002 | exportiamalg #2                                    |     19 |       38 |     20.88
  1002001 | importoamalg #1                                    |     17 |       18 |     20.66
  6002007 | importocorp #7                                     |     19 |       48 |     19.13
  1004001 | edu packamalg #1                                   |      9 |        1 |     18.83
 10001009 | amalgunivamalg #9                                  |     17 |       30 |      18.7
  7002006 | importobrand #6                                    |     18 |        7 |     14.84
  4002001 | amalgamalgamalg #10                                |      7 |       17 |     13.02
 10001009 | amalgunivamalg #9                                  |     19 |       45 |     11.88
  7014008 | edu packnameless #8                                |      8 |       57 |     11.13
  1002001 | maxinameless #10                                   |     18 |       28 |      10.1
  3003002 | exportiexporti #2                                  |     17 |       56 |      9.52
  3003001 | exportiexporti #1                                  |     19 |       26 |      8.91
  6013008 | exportibrand #8                                    |      9 |       23 |      8.58
  3004002 | edu packexporti #2                                 |     17 |        8 |       8.5
  2001001 | edu packmaxi #12                                   |      8 |       38 |       8.4
  4002002 | importoedu pack #2                                 |     18 |        9 |      6.39
  1004002 | edu packamalg #2                                   |      8 |       21 |      3.09
  6006002 | corpcorp #2                                        |     17 |       43 |      3.08
  3002001 | importoexporti #1                                  |     17 |       56 |       2.8
  4002002 | importoedu pack #2                                 |      9 |       49 |         2
  1002001 | importoamalg #1                                    |     19 |       58 |      1.77
 10006012 | corpunivamalg #12                                  |      9 |       19 |      0.29
  4002001 | importoedu pack #1                                 |     17 |       11 |      0.22
  1004001 | edu packamalg #1                                   |     17 |        1 |         0
  1004002 | edu packamalg #2                                   |     18 |       42 |         0
  3004002 | edu packexporti #2                                 |     18 |       14 |         0
  5003002 | exportischolar #2                                  |     17 |       20 |         0
 10001009 | amalgunivamalg #9                                  |     18 |       10 |         0
(1105 rows)

UPDATE time_statistics SET e_time = TRANSACTION_TIMESTAMP() WHERE template = 'query71.tpl' AND stream = 4;
psql:/tmp/s1-basline/throughput/query_4.sql:611: NOTICE:  duration: 0.025 ms  plan:
Query Text: UPDATE time_statistics SET e_time = TRANSACTION_TIMESTAMP() WHERE template = 'query71.tpl' AND stream = 4;
Update on time_statistics  (cost=0.00..1.38 rows=0 width=0) (actual time=0.024..0.024 rows=0 loops=1)
  ->  Seq Scan on time_statistics  (cost=0.00..1.38 rows=1 width=14) (actual time=0.011..0.012 rows=1 loops=1)
        Filter: ((template = 'query71.tpl'::text) AND (stream = 4))
        Rows Removed by Filter: 27
UPDATE 1
LOAD 'auto_explain'; SET auto_explain.log_min_duration TO 0; SET auto_explain.log_analyze TO on; SET auto_explain.log_level TO notice; INSERT INTO time_statistics (template, s_time, stream, query, seed) VALUES ('query45.tpl', TRANSACTION_TIMESTAMP(), 4, 11, 449017237);
LOAD
SET
SET
SET
psql:/tmp/s1-basline/throughput/query_4.sql:612: NOTICE:  duration: 0.017 ms  plan:
Query Text: INSERT INTO time_statistics (template, s_time, stream, query, seed) VALUES ('query45.tpl', TRANSACTION_TIMESTAMP(), 4, 11, 449017237);
Insert on time_statistics  (cost=0.00..0.01 rows=0 width=0) (actual time=0.017..0.017 rows=0 loops=1)
  ->  Result  (cost=0.00..0.01 rows=1 width=64) (actual time=0.001..0.002 rows=1 loops=1)
INSERT 0 1
select  ca_zip, ca_county, sum(ws_sales_price)
 from web_sales, customer, customer_address, date_dim, item
 where ws_bill_customer_sk = c_customer_sk
 	and c_current_addr_sk = ca_address_sk 
 	and ws_item_sk = i_item_sk 
 	and ( substr(ca_zip,1,5) in ('85669', '86197','88274','83405','86475', '85392', '85460', '80348', '81792')
 	      or 
 	      i_item_id in (select i_item_id
                             from item
                             where i_item_sk in (2, 3, 5, 7, 11, 13, 17, 19, 23, 29)
                             )
 	    )
 	and ws_sold_date_sk = d_date_sk
 	and d_qoy = 2 and d_year = 2001
 group by ca_zip, ca_county
 order by ca_zip, ca_county
 limit 100;
psql:/tmp/s1-basline/throughput/query_4.sql:629: NOTICE:  duration: 121.779 ms  plan:
Query Text: select  ca_zip, ca_county, sum(ws_sales_price)
 from web_sales, customer, customer_address, date_dim, item
 where ws_bill_customer_sk = c_customer_sk
 	and c_current_addr_sk = ca_address_sk 
 	and ws_item_sk = i_item_sk 
 	and ( substr(ca_zip,1,5) in ('85669', '86197','88274','83405','86475', '85392', '85460', '80348', '81792')
 	      or 
 	      i_item_id in (select i_item_id
                             from item
                             where i_item_sk in (2, 3, 5, 7, 11, 13, 17, 19, 23, 29)
                             )
 	    )
 	and ws_sold_date_sk = d_date_sk
 	and d_qoy = 2 and d_year = 2001
 group by ca_zip, ca_county
 order by ca_zip, ca_county
 limit 100;
Limit  (cost=27960.48..27962.48 rows=100 width=33) (actual time=121.751..121.765 rows=22 loops=1)
  ->  GroupAggregate  (cost=27960.48..27969.74 rows=463 width=33) (actual time=121.750..121.762 rows=22 loops=1)
        Group Key: customer_address.ca_zip, customer_address.ca_county
        ->  Sort  (cost=27960.48..27961.63 rows=463 width=33) (actual time=121.743..121.746 rows=22 loops=1)
              Sort Key: customer_address.ca_zip, customer_address.ca_county
              Sort Method: quicksort  Memory: 26kB
              ->  Nested Loop  (cost=16.50..27939.98 rows=463 width=33) (actual time=8.178..121.721 rows=22 loops=1)
                    Join Filter: ((substr((customer_address.ca_zip)::text, 1, 5) = ANY ('{85669,86197,88274,83405,86475,85392,85460,80348,81792}'::text[])) OR (hashed SubPlan 1))
                    Rows Removed by Join Filter: 21637
                    ->  Nested Loop  (cost=1.01..27632.84 rows=886 width=41) (actual time=4.623..79.483 rows=21659 loops=1)
                          ->  Nested Loop  (cost=0.72..27347.98 rows=886 width=24) (actual time=4.610..51.072 rows=21659 loops=1)
                                ->  Nested Loop  (cost=0.42..27068.70 rows=886 width=24) (actual time=4.605..21.848 rows=21661 loops=1)
                                      ->  Seq Scan on date_dim  (cost=0.00..2500.73 rows=90 width=8) (actual time=4.594..10.439 rows=91 loops=1)
                                            Filter: ((d_qoy = 2) AND (d_year = 2001))
                                            Rows Removed by Filter: 72958
                                      ->  Index Scan using i_ws_sold_date_sk on web_sales  (cost=0.42..269.03 rows=395 width=32) (actual time=0.003..0.080 rows=238 loops=91)
                                            Index Cond: (ws_sold_date_sk = date_dim.d_date_sk)
                                ->  Index Scan using pk_customer on customer  (cost=0.29..0.32 rows=1 width=16) (actual time=0.001..0.001 rows=1 loops=21661)
                                      Index Cond: (c_customer_sk = web_sales.ws_bill_customer_sk)
                          ->  Index Scan using pk_customer_address on customer_address  (cost=0.29..0.32 rows=1 width=33) (actual time=0.001..0.001 rows=1 loops=21659)
                                Index Cond: (ca_address_sk = customer.c_current_addr_sk)
                    ->  Index Scan using pk_item on item  (cost=0.29..0.31 rows=1 width=25) (actual time=0.001..0.001 rows=1 loops=21659)
                          Index Cond: (i_item_sk = web_sales.ws_item_sk)
                    SubPlan 1
                      ->  Index Scan using pk_item on item item_1  (cost=0.29..15.16 rows=10 width=17) (actual time=0.015..0.027 rows=10 loops=1)
                            Index Cond: (i_item_sk = ANY ('{2,3,5,7,11,13,17,19,23,29}'::bigint[]))
   ca_zip   |        ca_county        |  sum   
------------+-------------------------+--------
 01011      | Rutland County          |   6.41
 11711      | Tioga County            |   7.53
 23003      | Smyth County            |  22.82
 30268      | DeSoto County           |  36.81
 38579      | Lanier County           |   3.61
 40744      | Lawrence County         |   3.76
 50069      | Washington County       |   7.09
 52808      | Nicollet County         |   6.55
 55038      | Dickey County           |  28.29
 59145      | Beadle County           |  11.31
 59454      | Chippewa County         | 117.54
 65804      | Wheatland County        | 142.81
 66668      | Cape Girardeau County   |  44.33
 69089      | Piatt County            |   3.22
 77057      | Waller County           |   3.54
 78048      | Titus County            |  17.01
 79858      | East Baton Rouge Parish |  83.49
 80534      | Platte County           | 168.29
 83003      | Teller County           |  112.4
 84107      | Otero County            |  28.53
 91289      | Chelan County           |  81.49
 94107      | Siskiyou County         |    100
(22 rows)

UPDATE time_statistics SET e_time = TRANSACTION_TIMESTAMP() WHERE template = 'query45.tpl' AND stream = 4;
psql:/tmp/s1-basline/throughput/query_4.sql:631: NOTICE:  duration: 0.028 ms  plan:
Query Text: UPDATE time_statistics SET e_time = TRANSACTION_TIMESTAMP() WHERE template = 'query45.tpl' AND stream = 4;
Update on time_statistics  (cost=0.00..1.38 rows=0 width=0) (actual time=0.028..0.028 rows=0 loops=1)
  ->  Seq Scan on time_statistics  (cost=0.00..1.38 rows=1 width=14) (actual time=0.014..0.014 rows=1 loops=1)
        Filter: ((template = 'query45.tpl'::text) AND (stream = 4))
        Rows Removed by Filter: 28
UPDATE 1
LOAD 'auto_explain'; SET auto_explain.log_min_duration TO 0; SET auto_explain.log_analyze TO on; SET auto_explain.log_level TO notice; INSERT INTO time_statistics (template, s_time, stream, query, seed) VALUES ('query89.tpl', TRANSACTION_TIMESTAMP(), 4, 12, 112990125);
LOAD
SET
SET
SET
psql:/tmp/s1-basline/throughput/query_4.sql:632: NOTICE:  duration: 0.008 ms  plan:
Query Text: INSERT INTO time_statistics (template, s_time, stream, query, seed) VALUES ('query89.tpl', TRANSACTION_TIMESTAMP(), 4, 12, 112990125);
Insert on time_statistics  (cost=0.00..0.01 rows=0 width=0) (actual time=0.008..0.008 rows=0 loops=1)
  ->  Result  (cost=0.00..0.01 rows=1 width=64) (actual time=0.002..0.002 rows=1 loops=1)
INSERT 0 1
select  *
from(
select i_category, i_class, i_brand,
       s_store_name, s_company_name,
       d_moy,
       sum(ss_sales_price) sum_sales,
       avg(sum(ss_sales_price)) over
         (partition by i_category, i_brand, s_store_name, s_company_name)
         avg_monthly_sales
from item, store_sales, date_dim, store
where ss_item_sk = i_item_sk and
      ss_sold_date_sk = d_date_sk and
      ss_store_sk = s_store_sk and
      d_year in (1998) and
        ((i_category in ('Sports','Shoes','Children') and
          i_class in ('optics','kids','school-uniforms')
         )
      or (i_category in ('Music','Home','Jewelry') and
          i_class in ('classical','bedding','costume') 
        ))
group by i_category, i_class, i_brand,
         s_store_name, s_company_name, d_moy) tmp1
where case when (avg_monthly_sales <> 0) then (abs(sum_sales - avg_monthly_sales) / avg_monthly_sales) else null end > 0.1
order by sum_sales - avg_monthly_sales, s_store_name
limit 100;
psql:/tmp/s1-basline/throughput/query_4.sql:657: NOTICE:  duration: 559.904 ms  plan:
Query Text: select  *
from(
select i_category, i_class, i_brand,
       s_store_name, s_company_name,
       d_moy,
       sum(ss_sales_price) sum_sales,
       avg(sum(ss_sales_price)) over
         (partition by i_category, i_brand, s_store_name, s_company_name)
         avg_monthly_sales
from item, store_sales, date_dim, store
where ss_item_sk = i_item_sk and
      ss_sold_date_sk = d_date_sk and
      ss_store_sk = s_store_sk and
      d_year in (1998) and
        ((i_category in ('Sports','Shoes','Children') and
          i_class in ('optics','kids','school-uniforms')
         )
      or (i_category in ('Music','Home','Jewelry') and
          i_class in ('classical','bedding','costume') 
        ))
group by i_category, i_class, i_brand,
         s_store_name, s_company_name, d_moy) tmp1
where case when (avg_monthly_sales <> 0) then (abs(sum_sales - avg_monthly_sales) / avg_monthly_sales) else null end > 0.1
order by sum_sales - avg_monthly_sales, s_store_name
limit 100;
Limit  (cost=68834.43..68834.68 rows=100 width=194) (actual time=559.803..559.818 rows=100 loops=1)
  ->  Sort  (cost=68834.43..68834.74 rows=124 width=194) (actual time=559.803..559.811 rows=100 loops=1)
        Sort Key: ((tmp1.sum_sales - tmp1.avg_monthly_sales)), tmp1.s_store_name
        Sort Method: top-N heapsort  Memory: 70kB
        ->  Subquery Scan on tmp1  (cost=68783.01..68830.12 rows=124 width=194) (actual time=538.097..559.181 rows=2162 loops=1)
              Filter: (CASE WHEN (tmp1.avg_monthly_sales <> '0'::double precision) THEN (abs((tmp1.sum_sales - tmp1.avg_monthly_sales)) / tmp1.avg_monthly_sales) ELSE NULL::double precision END > '0.1'::double precision)
              Rows Removed by Filter: 169
              ->  WindowAgg  (cost=68783.01..68821.42 rows=373 width=186) (actual time=538.095..558.860 rows=2331 loops=1)
                    ->  Incremental Sort  (cost=68783.01..68813.03 rows=373 width=178) (actual time=538.080..557.341 rows=2331 loops=1)
                          Sort Key: item.i_category, item.i_brand, store.s_store_name, store.s_company_name
                          Presorted Key: item.i_category
                          Full-sort Groups: 6  Sort Method: quicksort  Average Memory: 39kB  Peak Memory: 39kB
                          Pre-sorted Groups: 6  Sort Method: quicksort  Average Memory: 136kB  Peak Memory: 152kB
                          ->  GroupAggregate  (cost=68780.27..68791.46 rows=373 width=178) (actual time=532.426..555.993 rows=2331 loops=1)
                                Group Key: item.i_category, item.i_class, item.i_brand, store.s_store_name, store.s_company_name, date_dim.d_moy
                                ->  Sort  (cost=68780.27..68781.20 rows=373 width=178) (actual time=532.371..534.651 rows=50053 loops=1)
                                      Sort Key: item.i_category, item.i_class, item.i_brand, store.s_store_name, store.s_company_name, date_dim.d_moy
                                      Sort Method: quicksort  Memory: 12481kB
                                      ->  Nested Loop  (cost=0.73..68764.33 rows=373 width=178) (actual time=0.104..409.454 rows=50053 loops=1)
                                            Join Filter: (store_sales.ss_store_sk = store.s_store_sk)
                                            Rows Removed by Join Filter: 230292
                                            ->  Nested Loop  (cost=0.73..68697.53 rows=391 width=173) (actual time=0.096..374.609 rows=51296 loops=1)
                                                  ->  Nested Loop  (cost=0.43..66067.90 rows=82342 width=177) (actual time=0.020..293.134 rows=262606 loops=1)
                                                        ->  Seq Scan on item  (cost=0.00..1706.00 rows=515 width=161) (actual time=0.009..15.461 rows=1620 loops=1)
                                                              Filter: (((i_category = ANY ('{Sports,Shoes,Children}'::bpchar[])) AND (i_class = ANY ('{optics,kids,school-uniforms}'::bpchar[]))) OR ((i_category = ANY ('{Music,Home,Jewelry}'::bpchar[])) AND (i_class = ANY ('{classical,bedding,costume}'::bpchar[]))))
                                                              Rows Removed by Filter: 16380
                                                        ->  Index Scan using pk_store_sales on store_sales  (cost=0.43..123.23 rows=174 width=32) (actual time=0.005..0.147 rows=162 loops=1620)
                                                              Index Cond: (ss_item_sk = item.i_item_sk)
                                                  ->  Memoize  (cost=0.30..0.32 rows=1 width=12) (actual time=0.000..0.000 rows=0 loops=262606)
                                                        Cache Key: store_sales.ss_sold_date_sk
                                                        Cache Mode: logical
                                                        Hits: 260782  Misses: 1824  Evictions: 0  Overflows: 0  Memory Usage: 146kB
                                                        ->  Index Scan using pk_date_dim on date_dim  (cost=0.29..0.31 rows=1 width=12) (actual time=0.001..0.001 rows=0 loops=1824)
                                                              Index Cond: (d_date_sk = store_sales.ss_sold_date_sk)
                                                              Filter: (d_year = 1998)
                                                              Rows Removed by Filter: 1
                                            ->  Materialize  (cost=0.00..1.18 rows=12 width=21) (actual time=0.000..0.000 rows=5 loops=51296)
                                                  ->  Seq Scan on store  (cost=0.00..1.12 rows=12 width=21) (actual time=0.002..0.006 rows=12 loops=1)
                     i_category                     |                      i_class                       |                      i_brand                       | s_store_name | s_company_name | d_moy |     sum_sales      | avg_monthly_sales  
----------------------------------------------------+----------------------------------------------------+----------------------------------------------------+--------------+----------------+-------+--------------------+--------------------
 Shoes                                              | kids                                               | exportiedu pack #1                                 | ought        | Unknown        |     3 |            1809.35 |  4985.342499999999
 Shoes                                              | kids                                               | exportiedu pack #1                                 | ought        | Unknown        |     2 | 2079.2999999999997 |  4985.342499999999
 Shoes                                              | kids                                               | exportiedu pack #1                                 | bar          | Unknown        |     4 |  2103.239999999999 |            4991.44
 Shoes                                              | kids                                               | exportiedu pack #1                                 | eing         | Unknown        |     6 |            2284.02 |  5108.343333333333
 Shoes                                              | kids                                               | exportiedu pack #1                                 | able         | Unknown        |     2 |            2077.34 |  4885.484166666667
 Shoes                                              | kids                                               | exportiedu pack #1                                 | ation        | Unknown        |     1 | 2136.4700000000003 |  4873.232500000002
 Music                                              | classical                                          | edu packscholar #1                                 | ought        | Unknown        |     3 |            1957.27 |  4637.589999999999
 Shoes                                              | kids                                               | exportiedu pack #1                                 | ation        | Unknown        |     6 | 2229.1799999999994 |  4873.232500000002
 Shoes                                              | kids                                               | exportiedu pack #1                                 | eing         | Unknown        |     3 |            2480.83 |  5108.343333333333
 Shoes                                              | kids                                               | exportiedu pack #1                                 | bar          | Unknown        |     5 |  2377.000000000001 |            4991.44
 Shoes                                              | kids                                               | exportiedu pack #1                                 | ese          | Unknown        |     2 | 2625.4300000000003 |  5223.721666666665
 Children                                           | school-uniforms                                    | edu packexporti #1                                 | eing         | Unknown        |     1 | 2020.4999999999995 |  4579.503333333334
 Shoes                                              | kids                                               | exportiedu pack #1                                 | able         | Unknown        |     6 | 2360.0299999999997 |  4885.484166666667
 Children                                           | school-uniforms                                    | edu packexporti #1                                 | ought        | Unknown        |     4 | 2081.4599999999996 | 4603.2249999999985
 Children                                           | school-uniforms                                    | edu packexporti #1                                 | eing         | Unknown        |     6 |            2081.39 |  4579.503333333334
 Music                                              | classical                                          | edu packscholar #1                                 | ought        | Unknown        |     6 | 2154.6799999999994 |  4637.589999999999
 Children                                           | school-uniforms                                    | edu packexporti #1                                 | able         | Unknown        |     2 |  2361.560000000001 |  4839.715833333334
 Music                                              | classical                                          | edu packscholar #1                                 | bar          | Unknown        |     1 | 1815.8200000000002 |  4264.323333333333
 Shoes                                              | kids                                               | exportiedu pack #1                                 | eing         | Unknown        |     2 | 2672.1500000000005 |  5108.343333333333
 Shoes                                              | kids                                               | exportiedu pack #1                                 | ese          | Unknown        |     6 | 2795.9400000000005 |  5223.721666666665
 Music                                              | classical                                          | edu packscholar #1                                 | ese          | Unknown        |     2 |            1943.02 |  4342.205833333333
 Music                                              | classical                                          | edu packscholar #1                                 | eing         | Unknown        |     2 | 1802.1099999999997 |           4175.825
 Music                                              | classical                                          | edu packscholar #1                                 | bar          | Unknown        |     7 | 1906.4100000000005 |  4264.323333333333
 Music                                              | classical                                          | edu packscholar #1                                 | ought        | Unknown        |     1 | 2295.1500000000005 |  4637.589999999999
 Music                                              | classical                                          | edu packscholar #1                                 | able         | Unknown        |     3 |            2192.11 |          4534.0425
 Children                                           | school-uniforms                                    | edu packexporti #1                                 | able         | Unknown        |     6 | 2519.5099999999998 |  4839.715833333334
 Children                                           | school-uniforms                                    | edu packexporti #1                                 | ese          | Unknown        |     7 | 2411.8999999999996 |  4728.844166666667
 Children                                           | school-uniforms                                    | edu packexporti #1                                 | bar          | Unknown        |     6 |            2204.02 |  4490.036666666668
 Shoes                                              | kids                                               | exportiedu pack #1                                 | able         | Unknown        |     3 | 2629.6000000000004 |  4885.484166666667
 Music                                              | classical                                          | edu packscholar #1                                 | able         | Unknown        |     5 | 2286.6599999999994 |          4534.0425
 Shoes                                              | kids                                               | exportiedu pack #1                                 | able         | Unknown        |     1 | 2639.4599999999996 |  4885.484166666667
 Music                                              | classical                                          | edu packscholar #1                                 | able         | Unknown        |     6 |            2293.39 |          4534.0425
 Children                                           | school-uniforms                                    | edu packexporti #1                                 | bar          | Unknown        |     4 |            2253.08 |  4490.036666666668
 Children                                           | school-uniforms                                    | edu packexporti #1                                 | ese          | Unknown        |     3 |            2493.46 |  4728.844166666667
 Children                                           | school-uniforms                                    | edu packexporti #1                                 | ation        | Unknown        |     7 |  2359.650000000001 |  4586.303333333333
 Shoes                                              | kids                                               | exportiedu pack #1                                 | ought        | Unknown        |     6 |  2759.079999999999 |  4985.342499999999
 Shoes                                              | kids                                               | exportiedu pack #1                                 | eing         | Unknown        |     4 | 2883.6899999999996 |  5108.343333333333
 Children                                           | school-uniforms                                    | edu packexporti #1                                 | ese          | Unknown        |     2 | 2507.0099999999993 |  4728.844166666667
 Children                                           | school-uniforms                                    | edu packexporti #1                                 | able         | Unknown        |     4 | 2627.7400000000002 |  4839.715833333334
 Music                                              | classical                                          | edu packscholar #1                                 | bar          | Unknown        |     5 | 2055.6799999999994 |  4264.323333333333
 Shoes                                              | kids                                               | exportiedu pack #1                                 | bar          | Unknown        |     3 | 2786.5599999999995 |            4991.44
 Shoes                                              | kids                                               | exportiedu pack #1                                 | ese          | Unknown        |     4 | 3020.4299999999985 |  5223.721666666665
 Shoes                                              | kids                                               | exportiedu pack #1                                 | ought        | Unknown        |     7 |  2800.879999999999 |  4985.342499999999
 Children                                           | school-uniforms                                    | edu packexporti #1                                 | bar          | Unknown        |     2 |            2329.42 |  4490.036666666668
 Music                                              | classical                                          | edu packscholar #1                                 | ought        | Unknown        |     5 | 2479.9999999999986 |  4637.589999999999
 Children                                           | school-uniforms                                    | edu packexporti #1                                 | ought        | Unknown        |     3 | 2456.4699999999993 | 4603.2249999999985
 Music                                              | classical                                          | edu packscholar #1                                 | able         | Unknown        |     2 |  2412.900000000001 |          4534.0425
 Shoes                                              | kids                                               | exportiedu pack #1                                 | bar          | Unknown        |     2 |  2874.760000000001 |            4991.44
 Shoes                                              | kids                                               | exportiedu pack #1                                 | ese          | Unknown        |     3 | 3132.7699999999995 |  5223.721666666665
 Shoes                                              | kids                                               | exportiedu pack #1                                 | ation        | Unknown        |     7 | 2788.4400000000005 |  4873.232500000002
 Music                                              | classical                                          | edu packscholar #1                                 | ation        | Unknown        |     5 |            2440.64 |  4515.835833333334
 Children                                           | school-uniforms                                    | edu packexporti #1                                 | eing         | Unknown        |     5 | 2518.0500000000006 |  4579.503333333334
 Shoes                                              | kids                                               | exportiedu pack #1                                 | ation        | Unknown        |     2 | 2814.6099999999997 |  4873.232500000002
 Music                                              | classical                                          | edu packscholar #1                                 | bar          | Unknown        |     4 | 2206.9999999999995 |  4264.323333333333
 Shoes                                              | kids                                               | exportiedu pack #1                                 | eing         | Unknown        |     1 | 3059.8799999999997 |  5108.343333333333
 Children                                           | school-uniforms                                    | edu packexporti #1                                 | eing         | Unknown        |     3 |            2548.74 |  4579.503333333334
 Shoes                                              | kids                                               | exportiedu pack #1                                 | able         | Unknown        |     7 | 2861.6100000000006 |  4885.484166666667
 Shoes                                              | kids                                               | exportiedu pack #1                                 | ese          | Unknown        |     5 |            3204.64 |  5223.721666666665
 Music                                              | classical                                          | edu packscholar #1                                 | ation        | Unknown        |     2 | 2498.2400000000002 |  4515.835833333334
 Music                                              | classical                                          | edu packscholar #1                                 | able         | Unknown        |     7 | 2525.6000000000004 |          4534.0425
 Children                                           | school-uniforms                                    | edu packexporti #1                                 | bar          | Unknown        |     7 |  2482.320000000001 |  4490.036666666668
 Children                                           | school-uniforms                                    | edu packexporti #1                                 | able         | Unknown        |     5 |  2842.349999999999 |  4839.715833333334
 Shoes                                              | kids                                               | exportiedu pack #1                                 | ation        | Unknown        |     4 |  2878.770000000001 |  4873.232500000002
 Music                                              | classical                                          | edu packscholar #1                                 | ation        | Unknown        |     1 | 2524.2400000000007 |  4515.835833333334
 Music                                              | classical                                          | edu packscholar #1                                 | ese          | Unknown        |     1 | 2354.2799999999997 |  4342.205833333333
 Music                                              | classical                                          | edu packscholar #1                                 | ation        | Unknown        |     7 |  2541.100000000001 |  4515.835833333334
 Children                                           | school-uniforms                                    | edu packexporti #1                                 | ese          | Unknown        |     5 | 2754.3699999999985 |  4728.844166666667
 Children                                           | school-uniforms                                    | edu packexporti #1                                 | ought        | Unknown        |     2 | 2636.1499999999996 | 4603.2249999999985
 Music                                              | classical                                          | edu packscholar #1                                 | eing         | Unknown        |     7 |            2236.73 |           4175.825
 Children                                           | school-uniforms                                    | edu packexporti #1                                 | ought        | Unknown        |     1 | 2665.7699999999995 | 4603.2249999999985
 Shoes                                              | kids                                               | exportiedu pack #1                                 | bar          | Unknown        |     1 | 3064.6500000000005 |            4991.44
 Children                                           | school-uniforms                                    | edu packexporti #1                                 | able         | Unknown        |     3 | 2925.4400000000005 |  4839.715833333334
 Children                                           | school-uniforms                                    | edu packexporti #1                                 | eing         | Unknown        |     4 | 2669.9600000000005 |  4579.503333333334
 Music                                              | classical                                          | edu packscholar #1                                 | eing         | Unknown        |     4 | 2278.0299999999993 |           4175.825
 Music                                              | classical                                          | edu packscholar #1                                 | ought        | Unknown        |     4 | 2750.3999999999996 |  4637.589999999999
 Children                                           | school-uniforms                                    | edu packexporti #1                                 | ation        | Unknown        |     4 | 2720.5100000000007 |  4586.303333333333
 Music                                              | classical                                          | edu packscholar #1                                 | ese          | Unknown        |     6 |            2477.02 |  4342.205833333333
 Children                                           | school-uniforms                                    | edu packexporti #1                                 | ation        | Unknown        |     2 |            2724.54 |  4586.303333333333
 Music                                              | classical                                          | edu packscholar #1                                 | ese          | Unknown        |     5 | 2483.8100000000013 |  4342.205833333333
 Music                                              | classical                                          | edu packscholar #1                                 | eing         | Unknown        |     6 | 2341.1400000000003 |           4175.825
 Shoes                                              | kids                                               | exportiedu pack #1                                 | able         | Unknown        |     5 |             3060.2 |  4885.484166666667
 Children                                           | school-uniforms                                    | edu packexporti #1                                 | eing         | Unknown        |     2 |            2769.24 |  4579.503333333334
 Music                                              | classical                                          | edu packscholar #1                                 | ation        | Unknown        |     6 |            2724.56 |  4515.835833333334
 Shoes                                              | kids                                               | exportiedu pack #1                                 | able         | Unknown        |     4 | 3103.7100000000005 |  4885.484166666667
 Shoes                                              | kids                                               | exportiedu pack #1                                 | bar          | Unknown        |     7 | 3222.1399999999994 |            4991.44
 Music                                              | classical                                          | edu packscholar #1                                 | ese          | Unknown        |     7 |            2577.04 |  4342.205833333333
 Music                                              | classical                                          | edu packscholar #1                                 | bar          | Unknown        |     3 |             2499.7 |  4264.323333333333
 Children                                           | school-uniforms                                    | edu packexporti #1                                 | bar          | Unknown        |     1 |            2729.11 |  4490.036666666668
 Shoes                                              | kids                                               | exportiedu pack #1                                 | eing         | Unknown        |     5 | 3348.4100000000008 |  5108.343333333333
 Music                                              | classical                                          | edu packscholar #1                                 | ese          | Unknown        |     4 |            2597.87 |  4342.205833333333
 Children                                           | school-uniforms                                    | edu packexporti #1                                 | ought        | Unknown        |     7 | 2863.2599999999998 | 4603.2249999999985
 Shoes                                              | kids                                               | exportiedu pack #1                                 | ation        | Unknown        |     5 | 3147.4399999999996 |  4873.232500000002
 Music                                              | classical                                          | edu packscholar #1                                 | able         | Unknown        |     1 | 2811.2200000000003 |          4534.0425
 Music                                              | classical                                          | edu packscholar #1                                 | eing         | Unknown        |     3 | 2457.2800000000007 |           4175.825
 Shoes                                              | kids                                               | exportiedu pack #1                                 | eing         | Unknown        |     7 |  3408.689999999999 |  5108.343333333333
 Shoes                                              | kids                                               | exportiedu pack #1                                 | ought        | Unknown        |     4 | 3304.9500000000003 |  4985.342499999999
 Music                                              | classical                                          | edu packscholar #1                                 | able         | Unknown        |     4 |            2890.52 |          4534.0425
 Shoes                                              | kids                                               | exportiedu pack #2                                 | able         | Unknown        |     3 | 1114.3399999999997 | 2726.1516666666666
 Children                                           | school-uniforms                                    | edu packexporti #1                                 | ation        | Unknown        |     1 | 2983.5099999999998 |  4586.303333333333
 Shoes                                              | kids                                               | exportiedu pack #1                                 | bar          | Unknown        |     6 | 3408.3799999999974 |            4991.44
(100 rows)

UPDATE time_statistics SET e_time = TRANSACTION_TIMESTAMP() WHERE template = 'query89.tpl' AND stream = 4;
psql:/tmp/s1-basline/throughput/query_4.sql:659: NOTICE:  duration: 0.051 ms  plan:
Query Text: UPDATE time_statistics SET e_time = TRANSACTION_TIMESTAMP() WHERE template = 'query89.tpl' AND stream = 4;
Update on time_statistics  (cost=0.00..1.38 rows=0 width=0) (actual time=0.050..0.050 rows=0 loops=1)
  ->  Seq Scan on time_statistics  (cost=0.00..1.38 rows=1 width=14) (actual time=0.016..0.017 rows=1 loops=1)
        Filter: ((template = 'query89.tpl'::text) AND (stream = 4))
        Rows Removed by Filter: 30
UPDATE 1
LOAD 'auto_explain'; SET auto_explain.log_min_duration TO 0; SET auto_explain.log_analyze TO on; SET auto_explain.log_level TO notice; INSERT INTO time_statistics (template, s_time, stream, query, seed) VALUES ('query91.tpl', TRANSACTION_TIMESTAMP(), 4, 13, 1583333305);
LOAD
SET
SET
SET
psql:/tmp/s1-basline/throughput/query_4.sql:660: NOTICE:  duration: 0.008 ms  plan:
Query Text: INSERT INTO time_statistics (template, s_time, stream, query, seed) VALUES ('query91.tpl', TRANSACTION_TIMESTAMP(), 4, 13, 1583333305);
Insert on time_statistics  (cost=0.00..0.01 rows=0 width=0) (actual time=0.008..0.008 rows=0 loops=1)
  ->  Result  (cost=0.00..0.01 rows=1 width=64) (actual time=0.001..0.002 rows=1 loops=1)
INSERT 0 1
select  
        cc_call_center_id Call_Center,
        cc_name Call_Center_Name,
        cc_manager Manager,
        sum(cr_net_loss) Returns_Loss
from
        call_center,
        catalog_returns,
        date_dim,
        customer,
        customer_address,
        customer_demographics,
        household_demographics
where
        cr_call_center_sk       = cc_call_center_sk
and     cr_returned_date_sk     = d_date_sk
and     cr_returning_customer_sk= c_customer_sk
and     cd_demo_sk              = c_current_cdemo_sk
and     hd_demo_sk              = c_current_hdemo_sk
and     ca_address_sk           = c_current_addr_sk
and     d_year                  = 1998 
and     d_moy                   = 11
and     ( (cd_marital_status       = 'M' and cd_education_status     = 'Unknown')
        or(cd_marital_status       = 'W' and cd_education_status     = 'Advanced Degree'))
and     hd_buy_potential like '1001-5000%'
and     ca_gmt_offset           = -7
group by cc_call_center_id,cc_name,cc_manager,cd_marital_status,cd_education_status
order by sum(cr_net_loss) desc;
psql:/tmp/s1-basline/throughput/query_4.sql:688: NOTICE:  duration: 22.103 ms  plan:
Query Text: select  
        cc_call_center_id Call_Center,
        cc_name Call_Center_Name,
        cc_manager Manager,
        sum(cr_net_loss) Returns_Loss
from
        call_center,
        catalog_returns,
        date_dim,
        customer,
        customer_address,
        customer_demographics,
        household_demographics
where
        cr_call_center_sk       = cc_call_center_sk
and     cr_returned_date_sk     = d_date_sk
and     cr_returning_customer_sk= c_customer_sk
and     cd_demo_sk              = c_current_cdemo_sk
and     hd_demo_sk              = c_current_hdemo_sk
and     ca_address_sk           = c_current_addr_sk
and     d_year                  = 1998 
and     d_moy                   = 11
and     ( (cd_marital_status       = 'M' and cd_education_status     = 'Unknown')
        or(cd_marital_status       = 'W' and cd_education_status     = 'Advanced Degree'))
and     hd_buy_potential like '1001-5000%'
and     ca_gmt_offset           = -7
group by cc_call_center_id,cc_name,cc_manager,cd_marital_status,cd_education_status
order by sum(cr_net_loss) desc;
Sort  (cost=2764.23..2764.23 rows=1 width=74) (actual time=22.094..22.097 rows=1 loops=1)
  Sort Key: (sum(catalog_returns.cr_net_loss)) DESC
  Sort Method: quicksort  Memory: 25kB
  ->  GroupAggregate  (cost=1382.91..2764.22 rows=1 width=74) (actual time=22.091..22.094 rows=1 loops=1)
        Group Key: call_center.cc_call_center_id, call_center.cc_name, call_center.cc_manager, customer_demographics.cd_marital_status, customer_demographics.cd_education_status
        ->  Incremental Sort  (cost=1382.91..2764.18 rows=2 width=74) (actual time=22.086..22.088 rows=1 loops=1)
              Sort Key: call_center.cc_call_center_id, call_center.cc_name, call_center.cc_manager, customer_demographics.cd_marital_status, customer_demographics.cd_education_status
              Presorted Key: call_center.cc_call_center_id
              Full-sort Groups: 1  Sort Method: quicksort  Average Memory: 25kB  Peak Memory: 25kB
              ->  Nested Loop  (cost=1.72..2764.09 rows=1 width=74) (actual time=21.941..22.082 rows=1 loops=1)
                    ->  Nested Loop  (cost=1.29..2763.34 rows=1 width=59) (actual time=5.232..21.529 rows=43 loops=1)
                          Join Filter: (catalog_returns.cr_call_center_sk = call_center.cc_call_center_sk)
                          Rows Removed by Join Filter: 215
                          ->  Index Scan using i_cc_call_center_id on call_center  (cost=0.13..3.52 rows=6 width=51) (actual time=0.003..0.006 rows=6 loops=1)
                          ->  Materialize  (cost=1.16..2759.73 rows=1 width=24) (actual time=0.871..3.583 rows=43 loops=6)
                                ->  Nested Loop  (cost=1.16..2759.73 rows=1 width=24) (actual time=5.226..21.475 rows=43 loops=1)
                                      ->  Nested Loop  (cost=0.87..2756.81 rows=9 width=32) (actual time=4.836..20.366 rows=321 loops=1)
                                            ->  Nested Loop  (cost=0.59..2739.82 rows=56 width=40) (actual time=4.758..17.336 rows=1902 loops=1)
                                                  ->  Nested Loop  (cost=0.29..2720.67 rows=57 width=24) (actual time=4.751..12.267 rows=1930 loops=1)
                                                        ->  Seq Scan on date_dim  (cost=0.00..2500.73 rows=29 width=8) (actual time=4.736..10.239 rows=30 loops=1)
                                                              Filter: ((d_year = 1998) AND (d_moy = 11))
                                                              Rows Removed by Filter: 73019
                                                        ->  Index Scan using i_cr_returned_date_sk on catalog_returns  (cost=0.29..6.86 rows=72 width=32) (actual time=0.002..0.050 rows=64 loops=30)
                                                              Index Cond: (cr_returned_date_sk = date_dim.d_date_sk)
                                                  ->  Index Scan using pk_customer on customer  (cost=0.29..0.34 rows=1 width=32) (actual time=0.002..0.002 rows=1 loops=1930)
                                                        Index Cond: (c_customer_sk = catalog_returns.cr_returning_customer_sk)
                                            ->  Index Scan using pk_household_demographics on household_demographics  (cost=0.28..0.30 rows=1 width=8) (actual time=0.001..0.001 rows=0 loops=1902)
                                                  Index Cond: (hd_demo_sk = customer.c_current_hdemo_sk)
                                                  Filter: (hd_buy_potential ~~ '1001-5000%'::text)
                                                  Rows Removed by Filter: 1
                                      ->  Index Scan using pk_customer_address on customer_address  (cost=0.29..0.32 rows=1 width=8) (actual time=0.003..0.003 rows=0 loops=321)
                                            Index Cond: (ca_address_sk = customer.c_current_addr_sk)
                                            Filter: (ca_gmt_offset = '-7'::double precision)
                                            Rows Removed by Filter: 1
                    ->  Index Scan using pk_customer_demographics on customer_demographics  (cost=0.43..0.75 rows=1 width=31) (actual time=0.013..0.013 rows=0 loops=43)
                          Index Cond: (cd_demo_sk = customer.c_current_cdemo_sk)
                          Filter: (((cd_marital_status = 'M'::bpchar) AND (cd_education_status = 'Unknown'::bpchar)) OR ((cd_marital_status = 'W'::bpchar) AND (cd_education_status = 'Advanced Degree'::bpchar)))
                          Rows Removed by Filter: 1
   call_center    | call_center_name |     manager     | returns_loss 
------------------+------------------+-----------------+--------------
 AAAAAAAAEAAAAAAA | North Midwest    | Lawrence Harris |      1568.76
(1 row)

UPDATE time_statistics SET e_time = TRANSACTION_TIMESTAMP() WHERE template = 'query91.tpl' AND stream = 4;
psql:/tmp/s1-basline/throughput/query_4.sql:690: NOTICE:  duration: 0.033 ms  plan:
Query Text: UPDATE time_statistics SET e_time = TRANSACTION_TIMESTAMP() WHERE template = 'query91.tpl' AND stream = 4;
Update on time_statistics  (cost=0.00..1.38 rows=0 width=0) (actual time=0.033..0.033 rows=0 loops=1)
  ->  Seq Scan on time_statistics  (cost=0.00..1.38 rows=1 width=14) (actual time=0.011..0.011 rows=1 loops=1)
        Filter: ((template = 'query91.tpl'::text) AND (stream = 4))
        Rows Removed by Filter: 31
UPDATE 1
LOAD 'auto_explain'; SET auto_explain.log_min_duration TO 0; SET auto_explain.log_analyze TO on; SET auto_explain.log_level TO notice; INSERT INTO time_statistics (template, s_time, stream, query, seed) VALUES ('../query_postgresql/query14.tpl', TRANSACTION_TIMESTAMP(), 4, 14, 1789088425);
LOAD
SET
SET
SET
psql:/tmp/s1-basline/throughput/query_4.sql:691: NOTICE:  duration: 0.020 ms  plan:
Query Text: INSERT INTO time_statistics (template, s_time, stream, query, seed) VALUES ('../query_postgresql/query14.tpl', TRANSACTION_TIMESTAMP(), 4, 14, 1789088425);
Insert on time_statistics  (cost=0.00..0.01 rows=0 width=0) (actual time=0.019..0.020 rows=0 loops=1)
  ->  Result  (cost=0.00..0.01 rows=1 width=64) (actual time=0.002..0.002 rows=1 loops=1)
INSERT 0 1
with  cross_items as
 (select i_item_sk ss_item_sk
 from item,
 (select iss.i_brand_id brand_id
     ,iss.i_class_id class_id
     ,iss.i_category_id category_id
 from store_sales
     ,item iss
     ,date_dim d1
 where ss_item_sk = iss.i_item_sk
   and ss_sold_date_sk = d1.d_date_sk
   and d1.d_year between 1999 AND 1999 + 2
 intersect 
 select ics.i_brand_id
     ,ics.i_class_id
     ,ics.i_category_id
 from catalog_sales
     ,item ics
     ,date_dim d2
 where cs_item_sk = ics.i_item_sk
   and cs_sold_date_sk = d2.d_date_sk
   and d2.d_year between 1999 AND 1999 + 2
 intersect
 select iws.i_brand_id
     ,iws.i_class_id
     ,iws.i_category_id
 from web_sales
     ,item iws
     ,date_dim d3
 where ws_item_sk = iws.i_item_sk
   and ws_sold_date_sk = d3.d_date_sk
   and d3.d_year between 1999 AND 1999 + 2) x
 where i_brand_id = brand_id
      and i_class_id = class_id
      and i_category_id = category_id
),
 avg_sales as
 (select avg(quantity*list_price) average_sales
  from (select ss_quantity quantity
             ,ss_list_price list_price
       from store_sales
           ,date_dim
       where ss_sold_date_sk = d_date_sk
         and d_year between 1999 and 1999 + 2
       union all 
       select cs_quantity quantity 
             ,cs_list_price list_price
       from catalog_sales
           ,date_dim
       where cs_sold_date_sk = d_date_sk
         and d_year between 1999 and 1999 + 2 
       union all
       select ws_quantity quantity
             ,ws_list_price list_price
       from web_sales
           ,date_dim
       where ws_sold_date_sk = d_date_sk
         and d_year between 1999 and 1999 + 2) x)
  select  channel, i_brand_id,i_class_id,i_category_id,sum(sales), sum(number_sales)
 from(
       select 'store' channel, i_brand_id,i_class_id
             ,i_category_id,sum(ss_quantity*ss_list_price) sales
             , count(*) number_sales
       from store_sales
           ,item
           ,date_dim
       where ss_item_sk in (select ss_item_sk from cross_items)
         and ss_item_sk = i_item_sk
         and ss_sold_date_sk = d_date_sk
         and d_year = 1999+2 
         and d_moy = 11
       group by i_brand_id,i_class_id,i_category_id
       having sum(ss_quantity*ss_list_price) > (select average_sales from avg_sales)
       union all
       select 'catalog' channel, i_brand_id,i_class_id,i_category_id, sum(cs_quantity*cs_list_price) sales, count(*) number_sales
       from catalog_sales
           ,item
           ,date_dim
       where cs_item_sk in (select ss_item_sk from cross_items)
         and cs_item_sk = i_item_sk
         and cs_sold_date_sk = d_date_sk
         and d_year = 1999+2 
         and d_moy = 11
       group by i_brand_id,i_class_id,i_category_id
       having sum(cs_quantity*cs_list_price) > (select average_sales from avg_sales)
       union all
       select 'web' channel, i_brand_id,i_class_id,i_category_id, sum(ws_quantity*ws_list_price) sales , count(*) number_sales
       from web_sales
           ,item
           ,date_dim
       where ws_item_sk in (select ss_item_sk from cross_items)
         and ws_item_sk = i_item_sk
         and ws_sold_date_sk = d_date_sk
         and d_year = 1999+2
         and d_moy = 11
       group by i_brand_id,i_class_id,i_category_id
       having sum(ws_quantity*ws_list_price) > (select average_sales from avg_sales)
 ) x
 group by rollup (channel, i_brand_id,i_class_id,i_category_id)
 order by channel,i_brand_id,i_class_id,i_category_id
 limit 100;
psql:/tmp/s1-basline/throughput/query_4.sql:792: NOTICE:  duration: 14221.742 ms  plan:
Query Text: with  cross_items as
 (select i_item_sk ss_item_sk
 from item,
 (select iss.i_brand_id brand_id
     ,iss.i_class_id class_id
     ,iss.i_category_id category_id
 from store_sales
     ,item iss
     ,date_dim d1
 where ss_item_sk = iss.i_item_sk
   and ss_sold_date_sk = d1.d_date_sk
   and d1.d_year between 1999 AND 1999 + 2
 intersect 
 select ics.i_brand_id
     ,ics.i_class_id
     ,ics.i_category_id
 from catalog_sales
     ,item ics
     ,date_dim d2
 where cs_item_sk = ics.i_item_sk
   and cs_sold_date_sk = d2.d_date_sk
   and d2.d_year between 1999 AND 1999 + 2
 intersect
 select iws.i_brand_id
     ,iws.i_class_id
     ,iws.i_category_id
 from web_sales
     ,item iws
     ,date_dim d3
 where ws_item_sk = iws.i_item_sk
   and ws_sold_date_sk = d3.d_date_sk
   and d3.d_year between 1999 AND 1999 + 2) x
 where i_brand_id = brand_id
      and i_class_id = class_id
      and i_category_id = category_id
),
 avg_sales as
 (select avg(quantity*list_price) average_sales
  from (select ss_quantity quantity
             ,ss_list_price list_price
       from store_sales
           ,date_dim
       where ss_sold_date_sk = d_date_sk
         and d_year between 1999 and 1999 + 2
       union all 
       select cs_quantity quantity 
             ,cs_list_price list_price
       from catalog_sales
           ,date_dim
       where cs_sold_date_sk = d_date_sk
         and d_year between 1999 and 1999 + 2 
       union all
       select ws_quantity quantity
             ,ws_list_price list_price
       from web_sales
           ,date_dim
       where ws_sold_date_sk = d_date_sk
         and d_year between 1999 and 1999 + 2) x)
  select  channel, i_brand_id,i_class_id,i_category_id,sum(sales), sum(number_sales)
 from(
       select 'store' channel, i_brand_id,i_class_id
             ,i_category_id,sum(ss_quantity*ss_list_price) sales
             , count(*) number_sales
       from store_sales
           ,item
           ,date_dim
       where ss_item_sk in (select ss_item_sk from cross_items)
         and ss_item_sk = i_item_sk
         and ss_sold_date_sk = d_date_sk
         and d_year = 1999+2 
         and d_moy = 11
       group by i_brand_id,i_class_id,i_category_id
       having sum(ss_quantity*ss_list_price) > (select average_sales from avg_sales)
       union all
       select 'catalog' channel, i_brand_id,i_class_id,i_category_id, sum(cs_quantity*cs_list_price) sales, count(*) number_sales
       from catalog_sales
           ,item
           ,date_dim
       where cs_item_sk in (select ss_item_sk from cross_items)
         and cs_item_sk = i_item_sk
         and cs_sold_date_sk = d_date_sk
         and d_year = 1999+2 
         and d_moy = 11
       group by i_brand_id,i_class_id,i_category_id
       having sum(cs_quantity*cs_list_price) > (select average_sales from avg_sales)
       union all
       select 'web' channel, i_brand_id,i_class_id,i_category_id, sum(ws_quantity*ws_list_price) sales , count(*) number_sales
       from web_sales
           ,item
           ,date_dim
       where ws_item_sk in (select ss_item_sk from cross_items)
         and ws_item_sk = i_item_sk
         and ws_sold_date_sk = d_date_sk
         and d_year = 1999+2
         and d_moy = 11
       group by i_brand_id,i_class_id,i_category_id
       having sum(ws_quantity*ws_list_price) > (select average_sales from avg_sales)
 ) x
 group by rollup (channel, i_brand_id,i_class_id,i_category_id)
 order by channel,i_brand_id,i_class_id,i_category_id
 limit 100;
Limit  (cost=371983.91..371984.12 rows=13 width=84) (actual time=14221.263..14221.688 rows=100 loops=1)
  CTE cross_items
    ->  Hash Join  (cost=191058.37..192636.12 rows=1 width=8) (actual time=1876.433..1885.568 rows=16094 loops=1)
          Hash Cond: ((item_3.i_brand_id = x_1.brand_id) AND (item_3.i_class_id = x_1.class_id) AND (item_3.i_category_id = x_1.category_id))
          ->  Seq Scan on item item_3  (cost=0.00..1436.00 rows=18000 width=20) (actual time=0.003..1.685 rows=18000 loops=1)
          ->  Hash  (cost=191026.87..191026.87 rows=1800 width=12) (actual time=1876.424..1876.685 rows=3786 loops=1)
                Buckets: 4096 (originally 2048)  Batches: 1 (originally 1)  Memory Usage: 195kB
                ->  Subquery Scan on x_1  (cost=5175.25..191026.87 rows=1800 width=12) (actual time=1875.338..1876.129 rows=3835 loops=1)
                      ->  HashSetOp Intersect  (cost=5175.25..191008.87 rows=1800 width=16) (actual time=1875.337..1875.773 rows=3835 loops=1)
                            ->  Append  (cost=5175.25..190915.52 rows=12446 width=16) (actual time=1382.616..1813.283 rows=435781 loops=1)
                                  ->  Result  (cost=5175.25..154374.39 rows=1800 width=16) (actual time=1382.616..1383.350 rows=3835 loops=1)
                                        ->  HashSetOp Intersect  (cost=5175.25..154356.39 rows=1800 width=16) (actual time=1382.615..1382.979 rows=3835 loops=1)
                                              ->  Append  (cost=5175.25..153892.42 rows=61862 width=16) (actual time=22.164..1034.686 rows=2510712 loops=1)
                                                    ->  Subquery Scan on "*SELECT* 1"  (cost=5175.25..97966.87 rows=40688 width=16) (actual time=22.164..373.606 rows=1653640 loops=1)
                                                          ->  Gather  (cost=5175.25..97559.99 rows=40688 width=12) (actual time=22.163..220.852 rows=1653640 loops=1)
                                                                Workers Planned: 2
                                                                Workers Launched: 2
                                                                ->  Hash Join  (cost=4175.25..92491.19 rows=16953 width=12) (actual time=30.033..437.074 rows=551213 loops=3)
                                                                      Hash Cond: (store_sales_1.ss_item_sk = iss.i_item_sk)
                                                                      ->  Hash Join  (cost=2514.25..90785.67 rows=16953 width=8) (actual time=13.283..302.721 rows=551213 loops=3)
                                                                            Hash Cond: (store_sales_1.ss_sold_date_sk = d1.d_date_sk)
                                                                            ->  Parallel Seq Scan on store_sales store_sales_1  (cost=0.00..85123.48 rows=1199148 width=16) (actual time=0.011..132.073 rows=959309 loops=3)
                                                                            ->  Hash  (cost=2500.73..2500.73 rows=1081 width=8) (actual time=13.251..13.252 rows=1096 loops=3)
                                                                                  Buckets: 2048  Batches: 1  Memory Usage: 59kB
                                                                                  ->  Seq Scan on date_dim d1  (cost=0.00..2500.73 rows=1081 width=8) (actual time=6.121..13.123 rows=1096 loops=3)
                                                                                        Filter: ((d_year >= 1999) AND (d_year <= 2001))
                                                                                        Rows Removed by Filter: 71953
                                                                      ->  Hash  (cost=1436.00..1436.00 rows=18000 width=20) (actual time=16.467..16.468 rows=18000 loops=3)
                                                                            Buckets: 32768  Batches: 1  Memory Usage: 1240kB
                                                                            ->  Seq Scan on item iss  (cost=0.00..1436.00 rows=18000 width=20) (actual time=0.026..13.478 rows=18000 loops=3)
                                                    ->  Subquery Scan on "*SELECT* 2"  (cost=1661.43..55616.25 rows=21174 width=16) (actual time=16.145..512.452 rows=857072 loops=1)
                                                          ->  Hash Join  (cost=1661.43..55404.51 rows=21174 width=12) (actual time=16.145..445.940 rows=857072 loops=1)
                                                                Hash Cond: (catalog_sales_1.cs_item_sk = ics.i_item_sk)
                                                                ->  Nested Loop  (cost=0.43..53687.92 rows=21174 width=8) (actual time=5.015..291.106 rows=857072 loops=1)
                                                                      ->  Seq Scan on date_dim d2  (cost=0.00..2500.73 rows=1081 width=8) (actual time=4.989..11.011 rows=1096 loops=1)
                                                                            Filter: ((d_year >= 1999) AND (d_year <= 2001))
                                                                            Rows Removed by Filter: 71953
                                                                      ->  Index Scan using i_cs_sold_date_sk on catalog_sales catalog_sales_1  (cost=0.43..39.53 rows=782 width=16) (actual time=0.004..0.133 rows=782 loops=1096)
                                                                            Index Cond: (cs_sold_date_sk = d2.d_date_sk)
                                                                ->  Hash  (cost=1436.00..1436.00 rows=18000 width=20) (actual time=11.100..11.101 rows=18000 loops=1)
                                                                      Buckets: 32768  Batches: 1  Memory Usage: 1240kB
                                                                      ->  Seq Scan on item ics  (cost=0.00..1436.00 rows=18000 width=20) (actual time=0.004..8.532 rows=18000 loops=1)
                                  ->  Subquery Scan on "*SELECT* 3"  (cost=3514.53..36478.90 rows=10646 width=16) (actual time=10.144..403.653 rows=431946 loops=1)
                                        ->  Gather  (cost=3514.53..36372.44 rows=10646 width=12) (actual time=10.143..364.109 rows=431946 loops=1)
                                              Workers Planned: 2
                                              Workers Launched: 2
                                              ->  Nested Loop  (cost=2514.53..34307.84 rows=4436 width=12) (actual time=14.514..416.177 rows=143982 loops=3)
                                                    ->  Hash Join  (cost=2514.25..32946.03 rows=4436 width=8) (actual time=14.462..120.017 rows=143982 loops=3)
                                                          Hash Cond: (web_sales_1.ws_sold_date_sk = d3.d_date_sk)
                                                          ->  Parallel Seq Scan on web_sales web_sales_1  (cost=0.00..29644.81 rows=299781 width=16) (actual time=0.016..51.421 rows=239825 loops=3)
                                                          ->  Hash  (cost=2500.73..2500.73 rows=1081 width=8) (actual time=14.327..14.327 rows=1096 loops=3)
                                                                Buckets: 2048  Batches: 1  Memory Usage: 59kB
                                                                ->  Seq Scan on date_dim d3  (cost=0.00..2500.73 rows=1081 width=8) (actual time=6.940..14.187 rows=1096 loops=3)
                                                                      Filter: ((d_year >= 1999) AND (d_year <= 2001))
                                                                      Rows Removed by Filter: 71953
                                                    ->  Index Scan using pk_item on item iws  (cost=0.29..0.31 rows=1 width=20) (actual time=0.002..0.002 rows=1 loops=431946)
                                                          Index Cond: (i_item_sk = web_sales_1.ws_item_sk)
  CTE avg_sales
    ->  Finalize Aggregate  (cost=179223.10..179223.11 rows=1 width=8) (actual time=648.212..648.292 rows=1 loops=1)
          ->  Gather  (cost=179222.88..179223.09 rows=2 width=32) (actual time=648.097..648.286 rows=3 loops=1)
                Workers Planned: 2
                Workers Launched: 2
                ->  Partial Aggregate  (cost=178222.88..178222.89 rows=1 width=32) (actual time=643.580..643.584 rows=1 loops=3)
                      ->  Parallel Append  (cost=0.43..177996.30 rows=30211 width=12) (actual time=11.443..572.237 rows=980886 loops=3)
                            ->  Nested Loop  (cost=0.43..53687.92 rows=21174 width=12) (actual time=7.759..432.034 rows=857072 loops=1)
                                  ->  Seq Scan on date_dim date_dim_3  (cost=0.00..2500.73 rows=1081 width=8) (actual time=7.671..13.775 rows=1096 loops=1)
                                        Filter: ((d_year >= 1999) AND (d_year <= 2001))
                                        Rows Removed by Filter: 71953
                                  ->  Index Scan using i_cs_sold_date_sk on catalog_sales catalog_sales_2  (cost=0.43..39.53 rows=782 width=20) (actual time=0.004..0.224 rows=782 loops=1096)
                                        Index Cond: (cs_sold_date_sk = date_dim_3.d_date_sk)
                            ->  Hash Join  (cost=2514.25..90785.67 rows=16953 width=12) (actual time=12.195..296.404 rows=551213 loops=3)
                                  Hash Cond: (store_sales_2.ss_sold_date_sk = date_dim_4.d_date_sk)
                                  ->  Parallel Seq Scan on store_sales store_sales_2  (cost=0.00..85123.48 rows=1199148 width=20) (actual time=0.011..109.627 rows=959309 loops=3)
                                  ->  Hash  (cost=2500.73..2500.73 rows=1081 width=8) (actual time=12.079..12.080 rows=1096 loops=3)
                                        Buckets: 2048  Batches: 1  Memory Usage: 59kB
                                        ->  Seq Scan on date_dim date_dim_4  (cost=0.00..2500.73 rows=1081 width=8) (actual time=5.913..11.945 rows=1096 loops=3)
                                              Filter: ((d_year >= 1999) AND (d_year <= 2001))
                                              Rows Removed by Filter: 71953
                            ->  Hash Join  (cost=2514.25..32946.03 rows=4436 width=12) (actual time=9.685..221.153 rows=431946 loops=1)
                                  Hash Cond: (web_sales_2.ws_sold_date_sk = date_dim_5.d_date_sk)
                                  ->  Parallel Seq Scan on web_sales web_sales_2  (cost=0.00..29644.81 rows=299781 width=20) (actual time=0.003..62.561 rows=719474 loops=1)
                                  ->  Hash  (cost=2500.73..2500.73 rows=1081 width=8) (actual time=9.670..9.671 rows=1096 loops=1)
                                        Buckets: 2048  Batches: 1  Memory Usage: 59kB
                                        ->  Seq Scan on date_dim date_dim_5  (cost=0.00..2500.73 rows=1081 width=8) (actual time=4.447..9.550 rows=1096 loops=1)
                                              Filter: ((d_year >= 1999) AND (d_year <= 2001))
                                              Rows Removed by Filter: 71953
  ->  GroupAggregate  (cost=124.68..124.89 rows=13 width=84) (actual time=14221.262..14221.338 rows=100 loops=1)
        Group Key: ('store'::text), item.i_brand_id, item.i_class_id, item.i_category_id
        Group Key: ('store'::text), item.i_brand_id, item.i_class_id
        Group Key: ('store'::text), item.i_brand_id
        Group Key: ('store'::text)
        Group Key: ()
        ->  Sort  (cost=124.68..124.69 rows=3 width=60) (actual time=14221.255..14221.269 rows=68 loops=1)
              Sort Key: ('store'::text), item.i_brand_id, item.i_class_id, item.i_category_id
              Sort Method: quicksort  Memory: 1123kB
              ->  Append  (cost=67.75..124.66 rows=3 width=60) (actual time=9083.606..14213.321 rows=9734 loops=1)
                    ->  GroupAggregate  (cost=67.75..67.78 rows=1 width=60) (actual time=9083.605..9100.341 rows=3506 loops=1)
                          Group Key: item.i_brand_id, item.i_class_id, item.i_category_id
                          Filter: (sum(((store_sales.ss_quantity)::double precision * store_sales.ss_list_price)) > $8)
                          Rows Removed by Filter: 17
                          InitPlan 3 (returns $8)
                            ->  CTE Scan on avg_sales  (cost=0.00..0.02 rows=1 width=8) (actual time=648.215..648.216 rows=1 loops=1)
                          ->  Sort  (cost=67.73..67.73 rows=1 width=24) (actual time=8435.374..8439.829 rows=87446 loops=1)
                                Sort Key: item.i_brand_id, item.i_class_id, item.i_category_id
                                Sort Method: quicksort  Memory: 8521kB
                                ->  Nested Loop  (cost=1.03..67.72 rows=1 width=24) (actual time=1892.085..8403.235 rows=87446 loops=1)
                                      ->  Nested Loop  (cost=0.74..12.80 rows=174 width=32) (actual time=1892.019..4871.880 rows=2748385 loops=1)
                                            ->  Nested Loop  (cost=0.31..2.54 rows=1 width=28) (actual time=1892.006..1946.604 rows=16094 loops=1)
                                                  ->  HashAggregate  (cost=0.02..0.03 rows=1 width=8) (actual time=1891.998..1896.980 rows=16094 loops=1)
                                                        Group Key: cross_items.ss_item_sk
                                                        Batches: 1  Memory Usage: 1833kB
                                                        ->  CTE Scan on cross_items  (cost=0.00..0.02 rows=1 width=8) (actual time=1876.436..1887.972 rows=16094 loops=1)
                                                  ->  Index Scan using pk_item on item  (cost=0.29..2.51 rows=1 width=20) (actual time=0.003..0.003 rows=1 loops=16094)
                                                        Index Cond: (i_item_sk = cross_items.ss_item_sk)
                                            ->  Index Scan using pk_store_sales on store_sales  (cost=0.43..8.52 rows=174 width=28) (actual time=0.006..0.156 rows=171 loops=16094)
                                                  Index Cond: (ss_item_sk = item.i_item_sk)
                                      ->  Index Scan using pk_date_dim on date_dim  (cost=0.29..0.32 rows=1 width=8) (actual time=0.001..0.001 rows=0 loops=2748385)
                                            Index Cond: (d_date_sk = store_sales.ss_sold_date_sk)
                                            Filter: ((d_year = 2001) AND (d_moy = 11))
                                            Rows Removed by Filter: 1
                    ->  GroupAggregate  (cost=36.80..36.84 rows=1 width=60) (actual time=3389.499..3398.268 rows=3400 loops=1)
                          Group Key: item_1.i_brand_id, item_1.i_class_id, item_1.i_category_id
                          Filter: (sum(((catalog_sales.cs_quantity)::double precision * catalog_sales.cs_list_price)) > $9)
                          Rows Removed by Filter: 104
                          InitPlan 4 (returns $9)
                            ->  CTE Scan on avg_sales avg_sales_1  (cost=0.00..0.02 rows=1 width=8) (actual time=0.001..0.002 rows=1 loops=1)
                          ->  Sort  (cost=36.78..36.79 rows=1 width=24) (actual time=3389.485..3391.331 rows=45974 loops=1)
                                Sort Key: item_1.i_brand_id, item_1.i_class_id, item_1.i_category_id
                                Sort Method: quicksort  Memory: 4409kB
                                ->  Nested Loop  (cost=1.03..36.77 rows=1 width=24) (actual time=5.080..3372.445 rows=45974 loops=1)
                                      ->  Nested Loop  (cost=0.74..8.95 rows=88 width=32) (actual time=4.671..1583.574 rows=1374517 loops=1)
                                            ->  Nested Loop  (cost=0.31..2.54 rows=1 width=28) (actual time=4.656..54.521 rows=16094 loops=1)
                                                  ->  HashAggregate  (cost=0.02..0.03 rows=1 width=8) (actual time=4.637..9.152 rows=16094 loops=1)
                                                        Group Key: cross_items_1.ss_item_sk
                                                        Batches: 1  Memory Usage: 1833kB
                                                        ->  CTE Scan on cross_items cross_items_1  (cost=0.00..0.02 rows=1 width=8) (actual time=0.001..0.987 rows=16094 loops=1)
                                                  ->  Index Scan using pk_item on item item_1  (cost=0.29..2.51 rows=1 width=20) (actual time=0.002..0.002 rows=1 loops=16094)
                                                        Index Cond: (i_item_sk = cross_items_1.ss_item_sk)
                                            ->  Index Scan using pk_catalog_sales on catalog_sales  (cost=0.43..5.53 rows=88 width=28) (actual time=0.005..0.081 rows=85 loops=16094)
                                                  Index Cond: (cs_item_sk = item_1.i_item_sk)
                                      ->  Index Scan using pk_date_dim on date_dim date_dim_1  (cost=0.29..0.32 rows=1 width=8) (actual time=0.001..0.001 rows=0 loops=1374517)
                                            Index Cond: (d_date_sk = catalog_sales.cs_sold_date_sk)
                                            Filter: ((d_year = 2001) AND (d_moy = 11))
                                            Rows Removed by Filter: 1
                    ->  GroupAggregate  (cost=19.95..19.99 rows=1 width=60) (actual time=1709.250..1714.130 rows=2828 loops=1)
                          Group Key: item_2.i_brand_id, item_2.i_class_id, item_2.i_category_id
                          Filter: (sum(((web_sales.ws_quantity)::double precision * web_sales.ws_list_price)) > $10)
                          Rows Removed by Filter: 479
                          InitPlan 5 (returns $10)
                            ->  CTE Scan on avg_sales avg_sales_2  (cost=0.00..0.02 rows=1 width=8) (actual time=0.001..0.001 rows=1 loops=1)
                          ->  Sort  (cost=19.93..19.94 rows=1 width=24) (actual time=1709.234..1710.155 rows=22593 loops=1)
                                Sort Key: item_2.i_brand_id, item_2.i_class_id, item_2.i_category_id
                                Sort Method: quicksort  Memory: 2181kB
                                ->  Nested Loop  (cost=1.03..19.92 rows=1 width=24) (actual time=5.223..1700.949 rows=22593 loops=1)
                                      ->  Nested Loop  (cost=0.73..5.95 rows=44 width=32) (actual time=5.160..782.223 rows=687136 loops=1)
                                            ->  Nested Loop  (cost=0.31..2.54 rows=1 width=28) (actual time=5.148..49.613 rows=16094 loops=1)
                                                  ->  HashAggregate  (cost=0.02..0.03 rows=1 width=8) (actual time=5.140..9.319 rows=16094 loops=1)
                                                        Group Key: cross_items_2.ss_item_sk
                                                        Batches: 1  Memory Usage: 1833kB
                                                        ->  CTE Scan on cross_items cross_items_2  (cost=0.00..0.02 rows=1 width=8) (actual time=0.001..0.985 rows=16094 loops=1)
                                                  ->  Index Scan using pk_item on item item_2  (cost=0.29..2.51 rows=1 width=20) (actual time=0.002..0.002 rows=1 loops=16094)
                                                        Index Cond: (i_item_sk = cross_items_2.ss_item_sk)
                                            ->  Index Scan using pk_web_sales on web_sales  (cost=0.42..2.98 rows=44 width=28) (actual time=0.004..0.039 rows=43 loops=16094)
                                                  Index Cond: (ws_item_sk = item_2.i_item_sk)
                                      ->  Index Scan using pk_date_dim on date_dim date_dim_2  (cost=0.29..0.32 rows=1 width=8) (actual time=0.001..0.001 rows=0 loops=687136)
                                            Index Cond: (d_date_sk = web_sales.ws_sold_date_sk)
                                            Filter: ((d_year = 2001) AND (d_moy = 11))
                                            Rows Removed by Filter: 1
 channel | i_brand_id | i_class_id | i_category_id |        sum         | sum 
---------+------------+------------+---------------+--------------------+-----
 catalog |    1001001 |          1 |             1 |           41368.28 |   8
 catalog |    1001001 |          1 |             2 |          159995.75 |  40
 catalog |    1001001 |          1 |             3 |          130718.41 |  25
 catalog |    1001001 |          1 |             4 |           63250.66 |  19
 catalog |    1001001 |          1 |             6 | 116840.87000000001 |  18
 catalog |    1001001 |          1 |             7 | 132871.02000000002 |  24
 catalog |    1001001 |          1 |             8 | 178199.36999999997 |  31
 catalog |    1001001 |          1 |             9 |  90870.82999999999 |  21
 catalog |    1001001 |          1 |            10 |          127480.58 |  26
 catalog |    1001001 |          1 |               | 1041595.7699999999 | 212
 catalog |    1001001 |          2 |             1 |           57759.35 |   8
 catalog |    1001001 |          2 |             2 |           32565.92 |   4
 catalog |    1001001 |          2 |             3 |            38594.6 |   7
 catalog |    1001001 |          2 |             7 |            9970.27 |   3
 catalog |    1001001 |          2 |            10 |           29966.59 |   6
 catalog |    1001001 |          2 |               | 168856.72999999998 |  28
 catalog |    1001001 |          3 |             1 | 45366.350000000006 |   6
 catalog |    1001001 |          3 |             4 |  61206.37999999999 |   8
 catalog |    1001001 |          3 |             5 |           14732.52 |   3
 catalog |    1001001 |          3 |             7 | 16415.390000000003 |   9
 catalog |    1001001 |          3 |             8 |  67520.26999999999 |   8
 catalog |    1001001 |          3 |               |          205240.91 |  34
 catalog |    1001001 |          4 |             1 |           57528.82 |  12
 catalog |    1001001 |          4 |             2 | 48857.920000000006 |   8
 catalog |    1001001 |          4 |             3 | 13116.689999999999 |   4
 catalog |    1001001 |          4 |             4 |  99338.31999999999 |  12
 catalog |    1001001 |          4 |             5 | 29991.089999999997 |   7
 catalog |    1001001 |          4 |               |          248832.84 |  43
 catalog |    1001001 |          5 |            10 |  75116.97000000002 |  10
 catalog |    1001001 |          5 |               |  75116.97000000002 |  10
 catalog |    1001001 |          7 |             6 |  74941.28000000001 |  14
 catalog |    1001001 |          7 |             8 |  8705.320000000002 |   3
 catalog |    1001001 |          7 |               |  83646.60000000002 |  17
 catalog |    1001001 |          8 |             7 |           62971.68 |   8
 catalog |    1001001 |          8 |               |           62971.68 |   8
 catalog |    1001001 |          9 |             7 | 21100.559999999998 |   4
 catalog |    1001001 |          9 |               | 21100.559999999998 |   4
 catalog |    1001001 |         10 |             6 |           30157.99 |   8
 catalog |    1001001 |         10 |               |           30157.99 |   8
 catalog |    1001001 |         11 |             9 | 25218.969999999998 |   6
 catalog |    1001001 |         11 |               | 25218.969999999998 |   6
 catalog |    1001001 |         13 |            10 | 38289.469999999994 |   9
 catalog |    1001001 |         13 |               | 38289.469999999994 |   9
 catalog |    1001001 |         14 |             7 |           13856.76 |   4
 catalog |    1001001 |         14 |               |           13856.76 |   4
 catalog |    1001001 |         15 |             7 |           25481.15 |   7
 catalog |    1001001 |         15 |               |           25481.15 |   7
 catalog |    1001001 |            |               |          2040366.4 | 390
 catalog |    1001002 |          1 |             1 |  3158509.399999999 | 616
 catalog |    1001002 |          1 |               |  3158509.399999999 | 616
 catalog |    1001002 |          2 |             1 |  77054.31000000001 |  17
 catalog |    1001002 |          2 |               |  77054.31000000001 |  17
 catalog |    1001002 |          3 |             1 |          216628.12 |  37
 catalog |    1001002 |          3 |               |          216628.12 |  37
 catalog |    1001002 |          4 |             1 | 58509.299999999996 |  11
 catalog |    1001002 |          4 |               | 58509.299999999996 |  11
 catalog |    1001002 |          5 |             1 | 13586.800000000001 |   6
 catalog |    1001002 |          5 |               | 13586.800000000001 |   6
 catalog |    1001002 |          6 |             1 |           26222.93 |   5
 catalog |    1001002 |          6 |               |           26222.93 |   5
 catalog |    1001002 |          7 |             1 |           63359.09 |  12
 catalog |    1001002 |          7 |               |           63359.09 |  12
 catalog |    1001002 |          8 |             1 |           25859.92 |   5
 catalog |    1001002 |          8 |               |           25859.92 |   5
 catalog |    1001002 |         10 |             1 | 12827.380000000001 |   4
 catalog |    1001002 |         10 |               | 12827.380000000001 |   4
 catalog |    1001002 |         11 |             1 |  86150.26999999999 |  16
 catalog |    1001002 |         11 |               |  86150.26999999999 |  16
 catalog |    1001002 |         12 |             1 |           25125.51 |   4
 catalog |    1001002 |         12 |               |           25125.51 |   4
 catalog |    1001002 |         13 |             1 |            5487.01 |   3
 catalog |    1001002 |         13 |               |            5487.01 |   3
 catalog |    1001002 |         14 |             1 |           44120.95 |   9
 catalog |    1001002 |         14 |               |           44120.95 |   9
 catalog |    1001002 |         15 |             1 |           34334.84 |   8
 catalog |    1001002 |         15 |               |           34334.84 |   8
 catalog |    1001002 |         16 |             1 |            35831.6 |   6
 catalog |    1001002 |         16 |               |            35831.6 |   6
 catalog |    1001002 |            |               | 3883607.4299999983 | 759
 catalog |    1002001 |          1 |             1 | 50801.299999999996 |   6
 catalog |    1002001 |          1 |             2 |           18016.71 |   5
 catalog |    1002001 |          1 |             3 |           21778.14 |   4
 catalog |    1002001 |          1 |             4 |  84304.81000000001 |  13
 catalog |    1002001 |          1 |               | 174900.96000000002 |  28
 catalog |    1002001 |          2 |             1 | 122683.50999999998 |  29
 catalog |    1002001 |          2 |             2 | 11176.380000000001 |   2
 catalog |    1002001 |          2 |             3 |           83419.05 |  24
 catalog |    1002001 |          2 |             4 | 126833.11999999998 |  38
 catalog |    1002001 |          2 |             5 | 132287.96000000002 |  27
 catalog |    1002001 |          2 |             6 |           97603.32 |  21
 catalog |    1002001 |          2 |             7 |  62985.02000000001 |  12
 catalog |    1002001 |          2 |             8 | 29878.670000000002 |  11
 catalog |    1002001 |          2 |             9 |  97393.49000000002 |  18
 catalog |    1002001 |          2 |            10 |           74528.28 |  20
 catalog |    1002001 |          2 |               |  838788.8000000002 | 202
 catalog |    1002001 |          3 |             3 |           37649.07 |   8
 catalog |    1002001 |          3 |             4 |           79074.76 |  15
 catalog |    1002001 |          3 |             5 | 14913.900000000001 |   3
 catalog |    1002001 |          3 |            10 |           29962.49 |   5
 catalog |    1002001 |          3 |               | 161600.21999999997 |  31
(100 rows)

with  cross_items as
 (select i_item_sk ss_item_sk
 from item,
 (select iss.i_brand_id brand_id
     ,iss.i_class_id class_id
     ,iss.i_category_id category_id
 from store_sales
     ,item iss
     ,date_dim d1
 where ss_item_sk = iss.i_item_sk
   and ss_sold_date_sk = d1.d_date_sk
   and d1.d_year between 1999 AND 1999 + 2
 intersect
 select ics.i_brand_id
     ,ics.i_class_id
     ,ics.i_category_id
 from catalog_sales
     ,item ics
     ,date_dim d2
 where cs_item_sk = ics.i_item_sk
   and cs_sold_date_sk = d2.d_date_sk
   and d2.d_year between 1999 AND 1999 + 2
 intersect
 select iws.i_brand_id
     ,iws.i_class_id
     ,iws.i_category_id
 from web_sales
     ,item iws
     ,date_dim d3
 where ws_item_sk = iws.i_item_sk
   and ws_sold_date_sk = d3.d_date_sk
   and d3.d_year between 1999 AND 1999 + 2) x
 where i_brand_id = brand_id
      and i_class_id = class_id
      and i_category_id = category_id
),
 avg_sales as
(select avg(quantity*list_price) average_sales
  from (select ss_quantity quantity
             ,ss_list_price list_price
       from store_sales
           ,date_dim
       where ss_sold_date_sk = d_date_sk
         and d_year between 1999 and 1999 + 2
       union all
       select cs_quantity quantity
             ,cs_list_price list_price
       from catalog_sales
           ,date_dim
       where cs_sold_date_sk = d_date_sk
         and d_year between 1999 and 1999 + 2
       union all
       select ws_quantity quantity
             ,ws_list_price list_price
       from web_sales
           ,date_dim
       where ws_sold_date_sk = d_date_sk
         and d_year between 1999 and 1999 + 2) x)
  select  this_year.channel ty_channel
                           ,this_year.i_brand_id ty_brand
                           ,this_year.i_class_id ty_class
                           ,this_year.i_category_id ty_category
                           ,this_year.sales ty_sales
                           ,this_year.number_sales ty_number_sales
                           ,last_year.channel ly_channel
                           ,last_year.i_brand_id ly_brand
                           ,last_year.i_class_id ly_class
                           ,last_year.i_category_id ly_category
                           ,last_year.sales ly_sales
                           ,last_year.number_sales ly_number_sales 
 from
 (select 'store' channel, i_brand_id,i_class_id,i_category_id
        ,sum(ss_quantity*ss_list_price) sales, count(*) number_sales
 from store_sales 
     ,item
     ,date_dim
 where ss_item_sk in (select ss_item_sk from cross_items)
   and ss_item_sk = i_item_sk
   and ss_sold_date_sk = d_date_sk
   and d_week_seq = (select d_week_seq
                     from date_dim
                     where d_year = 1999 + 1
                       and d_moy = 12
                       and d_dom = 7)
 group by i_brand_id,i_class_id,i_category_id
 having sum(ss_quantity*ss_list_price) > (select average_sales from avg_sales)) this_year,
 (select 'store' channel, i_brand_id,i_class_id
        ,i_category_id, sum(ss_quantity*ss_list_price) sales, count(*) number_sales
 from store_sales
     ,item
     ,date_dim
 where ss_item_sk in (select ss_item_sk from cross_items)
   and ss_item_sk = i_item_sk
   and ss_sold_date_sk = d_date_sk
   and d_week_seq = (select d_week_seq
                     from date_dim
                     where d_year = 1999
                       and d_moy = 12
                       and d_dom = 7)
 group by i_brand_id,i_class_id,i_category_id
 having sum(ss_quantity*ss_list_price) > (select average_sales from avg_sales)) last_year
 where this_year.i_brand_id= last_year.i_brand_id
   and this_year.i_class_id = last_year.i_class_id
   and this_year.i_category_id = last_year.i_category_id
 order by this_year.channel, this_year.i_brand_id, this_year.i_class_id, this_year.i_category_id
 limit 100;
psql:/tmp/s1-basline/throughput/query_4.sql:898: NOTICE:  duration: 21975.105 ms  plan:
Query Text: with  cross_items as
 (select i_item_sk ss_item_sk
 from item,
 (select iss.i_brand_id brand_id
     ,iss.i_class_id class_id
     ,iss.i_category_id category_id
 from store_sales
     ,item iss
     ,date_dim d1
 where ss_item_sk = iss.i_item_sk
   and ss_sold_date_sk = d1.d_date_sk
   and d1.d_year between 1999 AND 1999 + 2
 intersect
 select ics.i_brand_id
     ,ics.i_class_id
     ,ics.i_category_id
 from catalog_sales
     ,item ics
     ,date_dim d2
 where cs_item_sk = ics.i_item_sk
   and cs_sold_date_sk = d2.d_date_sk
   and d2.d_year between 1999 AND 1999 + 2
 intersect
 select iws.i_brand_id
     ,iws.i_class_id
     ,iws.i_category_id
 from web_sales
     ,item iws
     ,date_dim d3
 where ws_item_sk = iws.i_item_sk
   and ws_sold_date_sk = d3.d_date_sk
   and d3.d_year between 1999 AND 1999 + 2) x
 where i_brand_id = brand_id
      and i_class_id = class_id
      and i_category_id = category_id
),
 avg_sales as
(select avg(quantity*list_price) average_sales
  from (select ss_quantity quantity
             ,ss_list_price list_price
       from store_sales
           ,date_dim
       where ss_sold_date_sk = d_date_sk
         and d_year between 1999 and 1999 + 2
       union all
       select cs_quantity quantity
             ,cs_list_price list_price
       from catalog_sales
           ,date_dim
       where cs_sold_date_sk = d_date_sk
         and d_year between 1999 and 1999 + 2
       union all
       select ws_quantity quantity
             ,ws_list_price list_price
       from web_sales
           ,date_dim
       where ws_sold_date_sk = d_date_sk
         and d_year between 1999 and 1999 + 2) x)
  select  this_year.channel ty_channel
                           ,this_year.i_brand_id ty_brand
                           ,this_year.i_class_id ty_class
                           ,this_year.i_category_id ty_category
                           ,this_year.sales ty_sales
                           ,this_year.number_sales ty_number_sales
                           ,last_year.channel ly_channel
                           ,last_year.i_brand_id ly_brand
                           ,last_year.i_class_id ly_class
                           ,last_year.i_category_id ly_category
                           ,last_year.sales ly_sales
                           ,last_year.number_sales ly_number_sales 
 from
 (select 'store' channel, i_brand_id,i_class_id,i_category_id
        ,sum(ss_quantity*ss_list_price) sales, count(*) number_sales
 from store_sales 
     ,item
     ,date_dim
 where ss_item_sk in (select ss_item_sk from cross_items)
   and ss_item_sk = i_item_sk
   and ss_sold_date_sk = d_date_sk
   and d_week_seq = (select d_week_seq
                     from date_dim
                     where d_year = 1999 + 1
                       and d_moy = 12
                       and d_dom = 7)
 group by i_brand_id,i_class_id,i_category_id
 having sum(ss_quantity*ss_list_price) > (select average_sales from avg_sales)) this_year,
 (select 'store' channel, i_brand_id,i_class_id
        ,i_category_id, sum(ss_quantity*ss_list_price) sales, count(*) number_sales
 from store_sales
     ,item
     ,date_dim
 where ss_item_sk in (select ss_item_sk from cross_items)
   and ss_item_sk = i_item_sk
   and ss_sold_date_sk = d_date_sk
   and d_week_seq = (select d_week_seq
                     from date_dim
                     where d_year = 1999
                       and d_moy = 12
                       and d_dom = 7)
 group by i_brand_id,i_class_id,i_category_id
 having sum(ss_quantity*ss_list_price) > (select average_sales from avg_sales)) last_year
 where this_year.i_brand_id= last_year.i_brand_id
   and this_year.i_class_id = last_year.i_class_id
   and this_year.i_category_id = last_year.i_category_id
 order by this_year.channel, this_year.i_brand_id, this_year.i_class_id, this_year.i_category_id
 limit 100;
Limit  (cost=377360.69..377360.70 rows=1 width=120) (actual time=21974.616..21974.982 rows=100 loops=1)
  CTE cross_items
    ->  Hash Join  (cost=191058.37..192636.12 rows=1 width=8) (actual time=1854.905..1863.690 rows=16094 loops=1)
          Hash Cond: ((item_2.i_brand_id = x.brand_id) AND (item_2.i_class_id = x.class_id) AND (item_2.i_category_id = x.category_id))
          ->  Seq Scan on item item_2  (cost=0.00..1436.00 rows=18000 width=20) (actual time=0.004..1.601 rows=18000 loops=1)
          ->  Hash  (cost=191026.87..191026.87 rows=1800 width=12) (actual time=1854.895..1855.145 rows=3786 loops=1)
                Buckets: 4096 (originally 2048)  Batches: 1 (originally 1)  Memory Usage: 195kB
                ->  Subquery Scan on x  (cost=5175.25..191026.87 rows=1800 width=12) (actual time=1853.767..1854.563 rows=3835 loops=1)
                      ->  HashSetOp Intersect  (cost=5175.25..191008.87 rows=1800 width=16) (actual time=1853.765..1854.198 rows=3835 loops=1)
                            ->  Append  (cost=5175.25..190915.52 rows=12446 width=16) (actual time=1376.745..1790.937 rows=435781 loops=1)
                                  ->  Result  (cost=5175.25..154374.39 rows=1800 width=16) (actual time=1376.745..1377.450 rows=3835 loops=1)
                                        ->  HashSetOp Intersect  (cost=5175.25..154356.39 rows=1800 width=16) (actual time=1376.743..1377.091 rows=3835 loops=1)
                                              ->  Append  (cost=5175.25..153892.42 rows=61862 width=16) (actual time=22.606..1031.013 rows=2510712 loops=1)
                                                    ->  Subquery Scan on "*SELECT* 1"  (cost=5175.25..97966.87 rows=40688 width=16) (actual time=22.605..373.175 rows=1653640 loops=1)
                                                          ->  Gather  (cost=5175.25..97559.99 rows=40688 width=12) (actual time=22.604..220.866 rows=1653640 loops=1)
                                                                Workers Planned: 2
                                                                Workers Launched: 2
                                                                ->  Hash Join  (cost=4175.25..92491.19 rows=16953 width=12) (actual time=29.906..434.684 rows=551213 loops=3)
                                                                      Hash Cond: (store_sales_2.ss_item_sk = iss.i_item_sk)
                                                                      ->  Hash Join  (cost=2514.25..90785.67 rows=16953 width=8) (actual time=13.187..300.261 rows=551213 loops=3)
                                                                            Hash Cond: (store_sales_2.ss_sold_date_sk = d1.d_date_sk)
                                                                            ->  Parallel Seq Scan on store_sales store_sales_2  (cost=0.00..85123.48 rows=1199148 width=16) (actual time=0.013..130.536 rows=959309 loops=3)
                                                                            ->  Hash  (cost=2500.73..2500.73 rows=1081 width=8) (actual time=13.153..13.154 rows=1096 loops=3)
                                                                                  Buckets: 2048  Batches: 1  Memory Usage: 59kB
                                                                                  ->  Seq Scan on date_dim d1  (cost=0.00..2500.73 rows=1081 width=8) (actual time=6.113..13.022 rows=1096 loops=3)
                                                                                        Filter: ((d_year >= 1999) AND (d_year <= 2001))
                                                                                        Rows Removed by Filter: 71953
                                                                      ->  Hash  (cost=1436.00..1436.00 rows=18000 width=20) (actual time=16.442..16.443 rows=18000 loops=3)
                                                                            Buckets: 32768  Batches: 1  Memory Usage: 1240kB
                                                                            ->  Seq Scan on item iss  (cost=0.00..1436.00 rows=18000 width=20) (actual time=0.025..13.468 rows=18000 loops=3)
                                                    ->  Subquery Scan on "*SELECT* 2"  (cost=1661.43..55616.25 rows=21174 width=16) (actual time=16.509..509.314 rows=857072 loops=1)
                                                          ->  Hash Join  (cost=1661.43..55404.51 rows=21174 width=12) (actual time=16.508..442.804 rows=857072 loops=1)
                                                                Hash Cond: (catalog_sales.cs_item_sk = ics.i_item_sk)
                                                                ->  Nested Loop  (cost=0.43..53687.92 rows=21174 width=8) (actual time=5.208..288.235 rows=857072 loops=1)
                                                                      ->  Seq Scan on date_dim d2  (cost=0.00..2500.73 rows=1081 width=8) (actual time=5.182..10.857 rows=1096 loops=1)
                                                                            Filter: ((d_year >= 1999) AND (d_year <= 2001))
                                                                            Rows Removed by Filter: 71953
                                                                      ->  Index Scan using i_cs_sold_date_sk on catalog_sales  (cost=0.43..39.53 rows=782 width=16) (actual time=0.004..0.132 rows=782 loops=1096)
                                                                            Index Cond: (cs_sold_date_sk = d2.d_date_sk)
                                                                ->  Hash  (cost=1436.00..1436.00 rows=18000 width=20) (actual time=11.273..11.273 rows=18000 loops=1)
                                                                      Buckets: 32768  Batches: 1  Memory Usage: 1240kB
                                                                      ->  Seq Scan on item ics  (cost=0.00..1436.00 rows=18000 width=20) (actual time=0.004..8.684 rows=18000 loops=1)
                                  ->  Subquery Scan on "*SELECT* 3"  (cost=3514.53..36478.90 rows=10646 width=16) (actual time=9.800..387.392 rows=431946 loops=1)
                                        ->  Gather  (cost=3514.53..36372.44 rows=10646 width=12) (actual time=9.799..347.499 rows=431946 loops=1)
                                              Workers Planned: 2
                                              Workers Launched: 2
                                              ->  Nested Loop  (cost=2514.53..34307.84 rows=4436 width=12) (actual time=13.998..401.229 rows=143982 loops=3)
                                                    ->  Hash Join  (cost=2514.25..32946.03 rows=4436 width=8) (actual time=13.946..117.583 rows=143982 loops=3)
                                                          Hash Cond: (web_sales.ws_sold_date_sk = d3.d_date_sk)
                                                          ->  Parallel Seq Scan on web_sales  (cost=0.00..29644.81 rows=299781 width=16) (actual time=0.015..49.797 rows=239825 loops=3)
                                                          ->  Hash  (cost=2500.73..2500.73 rows=1081 width=8) (actual time=13.819..13.820 rows=1096 loops=3)
                                                                Buckets: 2048  Batches: 1  Memory Usage: 59kB
                                                                ->  Seq Scan on date_dim d3  (cost=0.00..2500.73 rows=1081 width=8) (actual time=6.764..13.683 rows=1096 loops=3)
                                                                      Filter: ((d_year >= 1999) AND (d_year <= 2001))
                                                                      Rows Removed by Filter: 71953
                                                    ->  Index Scan using pk_item on item iws  (cost=0.29..0.31 rows=1 width=20) (actual time=0.002..0.002 rows=1 loops=431946)
                                                          Index Cond: (i_item_sk = web_sales.ws_item_sk)
  CTE avg_sales
    ->  Finalize Aggregate  (cost=179223.10..179223.11 rows=1 width=8) (actual time=643.945..644.040 rows=1 loops=1)
          ->  Gather  (cost=179222.88..179223.09 rows=2 width=32) (actual time=643.832..644.034 rows=3 loops=1)
                Workers Planned: 2
                Workers Launched: 2
                ->  Partial Aggregate  (cost=178222.88..178222.89 rows=1 width=32) (actual time=639.151..639.155 rows=1 loops=3)
                      ->  Parallel Append  (cost=0.43..177996.30 rows=30211 width=12) (actual time=11.620..567.903 rows=980886 loops=3)
                            ->  Nested Loop  (cost=0.43..53687.92 rows=21174 width=12) (actual time=8.819..419.865 rows=857072 loops=1)
                                  ->  Seq Scan on date_dim date_dim_2  (cost=0.00..2500.73 rows=1081 width=8) (actual time=8.726..14.277 rows=1096 loops=1)
                                        Filter: ((d_year >= 1999) AND (d_year <= 2001))
                                        Rows Removed by Filter: 71953
                                  ->  Index Scan using i_cs_sold_date_sk on catalog_sales catalog_sales_1  (cost=0.43..39.53 rows=782 width=20) (actual time=0.004..0.222 rows=782 loops=1096)
                                        Index Cond: (cs_sold_date_sk = date_dim_2.d_date_sk)
                            ->  Hash Join  (cost=2514.25..90785.67 rows=16953 width=12) (actual time=11.495..296.611 rows=551213 loops=3)
                                  Hash Cond: (store_sales_3.ss_sold_date_sk = date_dim_3.d_date_sk)
                                  ->  Parallel Seq Scan on store_sales store_sales_3  (cost=0.00..85123.48 rows=1199148 width=20) (actual time=0.011..110.816 rows=959309 loops=3)
                                  ->  Hash  (cost=2500.73..2500.73 rows=1081 width=8) (actual time=11.396..11.396 rows=1096 loops=3)
                                        Buckets: 2048  Batches: 1  Memory Usage: 59kB
                                        ->  Seq Scan on date_dim date_dim_3  (cost=0.00..2500.73 rows=1081 width=8) (actual time=5.284..11.261 rows=1096 loops=3)
                                              Filter: ((d_year >= 1999) AND (d_year <= 2001))
                                              Rows Removed by Filter: 71953
                            ->  Hash Join  (cost=2514.25..32946.03 rows=4436 width=12) (actual time=8.522..219.161 rows=431946 loops=1)
                                  Hash Cond: (web_sales_1.ws_sold_date_sk = date_dim_4.d_date_sk)
                                  ->  Parallel Seq Scan on web_sales web_sales_1  (cost=0.00..29644.81 rows=299781 width=20) (actual time=0.002..61.807 rows=719474 loops=1)
                                  ->  Hash  (cost=2500.73..2500.73 rows=1081 width=8) (actual time=8.509..8.509 rows=1096 loops=1)
                                        Buckets: 2048  Batches: 1  Memory Usage: 59kB
                                        ->  Seq Scan on date_dim date_dim_4  (cost=0.00..2500.73 rows=1081 width=8) (actual time=3.867..8.392 rows=1096 loops=1)
                                              Filter: ((d_year >= 1999) AND (d_year <= 2001))
                                              Rows Removed by Filter: 71953
  ->  Sort  (cost=5501.47..5501.47 rows=1 width=120) (actual time=21974.615..21974.626 rows=100 loops=1)
        Sort Key: ('store'::text), item.i_brand_id, item.i_class_id, item.i_category_id
        Sort Method: top-N heapsort  Memory: 39kB
        ->  Nested Loop  (cost=5501.35..5501.46 rows=1 width=120) (actual time=15218.655..21974.246 rows=728 loops=1)
              Join Filter: ((item.i_brand_id = item_1.i_brand_id) AND (item.i_class_id = item_1.i_class_id) AND (item.i_category_id = item_1.i_category_id))
              Rows Removed by Join Filter: 1193668
              ->  GroupAggregate  (cost=2750.67..2750.71 rows=1 width=60) (actual time=8861.211..8866.419 rows=1864 loops=1)
                    Group Key: item.i_brand_id, item.i_class_id, item.i_category_id
                    Filter: (sum(((store_sales.ss_quantity)::double precision * store_sales.ss_list_price)) > $9)
                    Rows Removed by Filter: 412
                    InitPlan 3 (returns $8)
                      ->  Seq Scan on date_dim date_dim_5  (cost=0.00..2683.36 rows=1 width=4) (actual time=4.818..9.570 rows=1 loops=1)
                            Filter: ((d_year = 2000) AND (d_moy = 12) AND (d_dom = 7))
                            Rows Removed by Filter: 73048
                    InitPlan 4 (returns $9)
                      ->  CTE Scan on avg_sales  (cost=0.00..0.02 rows=1 width=8) (actual time=643.947..643.948 rows=1 loops=1)
                    ->  Sort  (cost=67.30..67.30 rows=1 width=24) (actual time=8217.222..8218.619 rows=20811 loops=1)
                          Sort Key: item.i_brand_id, item.i_class_id, item.i_category_id
                          Sort Method: quicksort  Memory: 2065kB
                          ->  Nested Loop  (cost=1.03..67.29 rows=1 width=24) (actual time=1879.487..8209.946 rows=20811 loops=1)
                                ->  Nested Loop  (cost=0.74..12.80 rows=174 width=32) (actual time=1869.725..4762.575 rows=2748385 loops=1)
                                      ->  Nested Loop  (cost=0.31..2.54 rows=1 width=28) (actual time=1869.711..1924.126 rows=16094 loops=1)
                                            ->  HashAggregate  (cost=0.02..0.03 rows=1 width=8) (actual time=1869.703..1874.346 rows=16094 loops=1)
                                                  Group Key: cross_items.ss_item_sk
                                                  Batches: 1  Memory Usage: 1833kB
                                                  ->  CTE Scan on cross_items  (cost=0.00..0.02 rows=1 width=8) (actual time=1854.907..1866.083 rows=16094 loops=1)
                                            ->  Index Scan using pk_item on item  (cost=0.29..2.51 rows=1 width=20) (actual time=0.003..0.003 rows=1 loops=16094)
                                                  Index Cond: (i_item_sk = cross_items.ss_item_sk)
                                      ->  Index Scan using pk_store_sales on store_sales  (cost=0.43..8.52 rows=174 width=28) (actual time=0.006..0.151 rows=171 loops=16094)
                                            Index Cond: (ss_item_sk = item.i_item_sk)
                                ->  Index Scan using pk_date_dim on date_dim  (cost=0.29..0.31 rows=1 width=8) (actual time=0.001..0.001 rows=0 loops=2748385)
                                      Index Cond: (d_date_sk = store_sales.ss_sold_date_sk)
                                      Filter: (d_week_seq = $8)
                                      Rows Removed by Filter: 1
              ->  GroupAggregate  (cost=2750.67..2750.71 rows=1 width=60) (actual time=3.475..6.999 rows=641 loops=1864)
                    Group Key: item_1.i_brand_id, item_1.i_class_id, item_1.i_category_id
                    Filter: (sum(((store_sales_1.ss_quantity)::double precision * store_sales_1.ss_list_price)) > $11)
                    Rows Removed by Filter: 21
                    InitPlan 5 (returns $10)
                      ->  Seq Scan on date_dim date_dim_6  (cost=0.00..2683.36 rows=1 width=4) (actual time=4.354..9.154 rows=1 loops=1)
                            Filter: ((d_year = 1999) AND (d_moy = 12) AND (d_dom = 7))
                            Rows Removed by Filter: 73048
                    InitPlan 6 (returns $11)
                      ->  CTE Scan on avg_sales avg_sales_1  (cost=0.00..0.02 rows=1 width=8) (actual time=0.001..0.002 rows=1 loops=1)
                    ->  Sort  (cost=67.30..67.30 rows=1 width=24) (actual time=3.411..4.221 rows=19531 loops=1864)
                          Sort Key: item_1.i_brand_id, item_1.i_class_id, item_1.i_category_id
                          Sort Method: quicksort  Memory: 2125kB
                          ->  Nested Loop  (cost=1.03..67.29 rows=1 width=24) (actual time=14.214..6348.819 rows=21770 loops=1)
                                ->  Nested Loop  (cost=0.74..12.80 rows=174 width=32) (actual time=4.631..2889.526 rows=2748385 loops=1)
                                      ->  Nested Loop  (cost=0.31..2.54 rows=1 width=28) (actual time=4.618..58.366 rows=16094 loops=1)
                                            ->  HashAggregate  (cost=0.02..0.03 rows=1 width=8) (actual time=4.599..9.142 rows=16094 loops=1)
                                                  Group Key: cross_items_1.ss_item_sk
                                                  Batches: 1  Memory Usage: 1833kB
                                                  ->  CTE Scan on cross_items cross_items_1  (cost=0.00..0.02 rows=1 width=8) (actual time=0.001..0.959 rows=16094 loops=1)
                                            ->  Index Scan using pk_item on item item_1  (cost=0.29..2.51 rows=1 width=20) (actual time=0.002..0.002 rows=1 loops=16094)
                                                  Index Cond: (i_item_sk = cross_items_1.ss_item_sk)
                                      ->  Index Scan using pk_store_sales on store_sales store_sales_1  (cost=0.43..8.52 rows=174 width=28) (actual time=0.006..0.150 rows=171 loops=16094)
                                            Index Cond: (ss_item_sk = item_1.i_item_sk)
                                ->  Index Scan using pk_date_dim on date_dim date_dim_1  (cost=0.29..0.31 rows=1 width=8) (actual time=0.001..0.001 rows=0 loops=2748385)
                                      Index Cond: (d_date_sk = store_sales_1.ss_sold_date_sk)
                                      Filter: (d_week_seq = $10)
                                      Rows Removed by Filter: 1
 ty_channel | ty_brand | ty_class | ty_category |      ty_sales      | ty_number_sales | ly_channel | ly_brand | ly_class | ly_category |      ly_sales      | ly_number_sales 
------------+----------+----------+-------------+--------------------+-----------------+------------+----------+----------+-------------+--------------------+-----------------
 store      |  1001001 |        1 |           1 |          606290.15 |             168 | store      |  1001001 |        1 |           1 | 1431215.7500000005 |             369
 store      |  1001002 |        1 |           1 |  787891.1600000001 |             214 | store      |  1001002 |        1 |           1 |          738667.63 |             192
 store      |  1002001 |        2 |           1 |          476662.09 |             137 | store      |  1002001 |        2 |           1 | 1172922.8800000004 |             322
 store      |  1002002 |        2 |           1 |  930201.9500000003 |             254 | store      |  1002002 |        2 |           1 |  723530.4299999999 |             195
 store      |  1003001 |        3 |           1 |  913978.5000000001 |             214 | store      |  1003001 |        3 |           1 | 1339966.0599999991 |             355
 store      |  1003002 |        3 |           1 |   728755.489999999 |             218 | store      |  1003002 |        3 |           1 |  654046.6499999999 |             169
 store      |  1004001 |        4 |           1 |  712138.7099999998 |             182 | store      |  1004001 |        4 |           1 | 1488184.4299999983 |             372
 store      |  1004002 |        4 |           1 |  972898.5400000005 |             272 | store      |  1004002 |        4 |           1 |  766122.1699999998 |             213
 store      |  2001001 |        1 |           2 |          754483.14 |             204 | store      |  2001001 |        1 |           2 |         1515650.88 |             399
 store      |  2001002 |        1 |           2 |          929430.28 |             236 | store      |  2001002 |        1 |           2 |  692788.0399999999 |             192
 store      |  2002001 |        2 |           2 |  746751.2099999996 |             184 | store      |  2002001 |        2 |           2 | 1563884.6899999988 |             430
 store      |  2002002 |        2 |           2 |  655065.8900000001 |             185 | store      |  2002002 |        2 |           2 |          503449.89 |             167
 store      |  2003001 |        3 |           2 |          683463.55 |             172 | store      |  2003001 |        3 |           2 | 1347663.6000000013 |             370
 store      |  2003002 |        3 |           2 |          825317.82 |             224 | store      |  2003002 |        3 |           2 |  679461.5099999999 |             195
 store      |  2004001 |        4 |           2 |  588876.6900000001 |             166 | store      |  2004001 |        4 |           2 | 1340894.4800000002 |             377
 store      |  2004002 |        4 |           2 |          743617.58 |             199 | store      |  2004002 |        4 |           2 |          634289.09 |             160
 store      |  3001001 |        1 |           3 |  662294.7300000001 |             168 | store      |  3001001 |        1 |           3 | 1333139.5099999998 |             357
 store      |  3001002 |        1 |           3 |  824527.2100000004 |             227 | store      |  3001002 |        1 |           3 |          787716.02 |             207
 store      |  3002001 |        2 |           3 |  696412.1100000001 |             183 | store      |  3002001 |        2 |           3 | 1143813.4400000002 |             336
 store      |  3002002 |        2 |           3 |  989680.0300000008 |             261 | store      |  3002002 |        2 |           3 |  817156.7499999997 |             205
 store      |  3003001 |        3 |           3 |  707149.5199999999 |             199 | store      |  3003001 |        3 |           3 |         1497508.72 |             377
 store      |  3003002 |        3 |           3 |  746755.7099999996 |             213 | store      |  3003002 |        3 |           3 |          699140.42 |             178
 store      |  3004001 |        4 |           3 |  624113.4299999999 |             171 | store      |  3004001 |        4 |           3 | 1362193.7699999998 |             360
 store      |  3004002 |        4 |           3 |  597453.0800000003 |             191 | store      |  3004002 |        4 |           3 |  574407.7799999999 |             138
 store      |  4001001 |        1 |           4 |  532938.8099999999 |             156 | store      |  4001001 |        1 |           4 | 1194233.3700000003 |             334
 store      |  4001002 |        1 |           4 |          799923.88 |             215 | store      |  4001002 |        1 |           4 |  553599.7899999999 |             164
 store      |  4002001 |        2 |           4 |  783800.4299999997 |             197 | store      |  4002001 |        2 |           4 | 1469392.5900000012 |             409
 store      |  4002002 |        2 |           4 |  561142.1399999999 |             167 | store      |  4002002 |        2 |           4 | 509727.64999999997 |             153
 store      |  4003001 |        3 |           4 |  856489.0900000001 |             203 | store      |  4003001 |        3 |           4 | 1391208.2800000007 |             385
 store      |  4003002 |        3 |           4 |  862168.2000000008 |             235 | store      |  4003002 |        3 |           4 |  779587.0300000003 |             206
 store      |  4004001 |        4 |           4 |  544642.9400000001 |             139 | store      |  4004001 |        4 |           4 | 1100686.7799999998 |             307
 store      |  4004002 |        4 |           4 |  912999.8999999999 |             231 | store      |  4004002 |        4 |           4 |  805515.6499999996 |             202
 store      |  5001001 |        1 |           5 |  433667.9999999999 |             126 | store      |  5001001 |        1 |           5 | 1241417.6800000009 |             344
 store      |  5001002 |        1 |           5 |   945010.820000001 |             259 | store      |  5001002 |        1 |           5 |  888603.7999999999 |             230
 store      |  5002001 |        2 |           5 |  723852.2300000002 |             186 | store      |  5002001 |        2 |           5 |         1148092.95 |             317
 store      |  5002002 |        2 |           5 |  887534.6900000001 |             229 | store      |  5002002 |        2 |           5 |  698002.1600000004 |             170
 store      |  5003001 |        3 |           5 |  760695.7499999998 |             215 | store      |  5003001 |        3 |           5 | 1526077.4600000014 |             387
 store      |  5003002 |        3 |           5 |  854918.0499999999 |             244 | store      |  5003002 |        3 |           5 |          675389.94 |             174
 store      |  5004001 |        4 |           5 |  637218.7699999999 |             178 | store      |  5004001 |        4 |           5 | 1371272.2700000003 |             357
 store      |  5004002 |        4 |           5 |  863924.1199999995 |             224 | store      |  5004002 |        4 |           5 |  676090.4399999998 |             161
 store      |  6001001 |        1 |           6 |           51620.04 |              14 | store      |  6001001 |        1 |           6 | 139145.99000000002 |              23
 store      |  6001002 |        1 |           6 | 32279.659999999996 |              11 | store      |  6001002 |        1 |           6 |           46518.72 |              14
 store      |  6001003 |        1 |           6 | 109904.37999999999 |              20 | store      |  6001003 |        1 |           6 | 133880.58000000002 |              33
 store      |  6001004 |        1 |           6 |           90629.88 |              25 | store      |  6001004 |        1 |           6 |  63150.59999999999 |              19
 store      |  6001005 |        1 |           6 |  89713.18999999999 |              23 | store      |  6001005 |        1 |           6 | 122907.23999999999 |              31
 store      |  6001006 |        1 |           6 | 56272.229999999996 |              13 | store      |  6001006 |        1 |           6 | 14963.029999999999 |               4
 store      |  6001007 |        1 |           6 |  71852.37999999999 |              25 | store      |  6001007 |        1 |           6 |           70298.81 |              22
 store      |  6001008 |        1 |           6 |           87163.05 |              20 | store      |  6001008 |        1 |           6 |           41562.34 |               9
 store      |  6002001 |        2 |           6 |  9833.910000000002 |               3 | store      |  6002001 |        2 |           6 |  60577.54999999999 |              22
 store      |  6002002 |        2 |           6 |  46516.54999999999 |              13 | store      |  6002002 |        2 |           6 |  43047.62999999999 |              14
 store      |  6002003 |        2 |           6 | 36559.450000000004 |              12 | store      |  6002003 |        2 |           6 |  78480.48999999999 |              21
 store      |  6002004 |        2 |           6 | 32061.719999999998 |              15 | store      |  6002004 |        2 |           6 |           43039.31 |              12
 store      |  6002005 |        2 |           6 |           22066.75 |               7 | store      |  6002005 |        2 |           6 |           41430.29 |              16
 store      |  6002006 |        2 |           6 |              56287 |              14 | store      |  6002006 |        2 |           6 |           67124.45 |              21
 store      |  6002007 |        2 |           6 |           35808.98 |              14 | store      |  6002007 |        2 |           6 | 101691.47000000002 |              35
 store      |  6002008 |        2 |           6 |           16627.11 |              10 | store      |  6002008 |        2 |           6 | 21940.749999999996 |               5
 store      |  6003001 |        3 |           6 | 18579.370000000003 |               4 | store      |  6003001 |        3 |           6 |           25666.47 |              12
 store      |  6003002 |        3 |           6 |           40936.41 |              12 | store      |  6003002 |        3 |           6 | 22470.670000000002 |              12
 store      |  6003003 |        3 |           6 | 12533.010000000002 |               5 | store      |  6003003 |        3 |           6 |  50687.75000000001 |              24
 store      |  6003004 |        3 |           6 |           74164.94 |              19 | store      |  6003004 |        3 |           6 |           26710.08 |               5
 store      |  6003005 |        3 |           6 |  60640.09999999999 |              20 | store      |  6003005 |        3 |           6 |  77154.36000000003 |              24
 store      |  6003006 |        3 |           6 | 11226.670000000002 |               7 | store      |  6003006 |        3 |           6 | 31857.620000000003 |               9
 store      |  6003007 |        3 |           6 |           89766.64 |              15 | store      |  6003007 |        3 |           6 |           60663.67 |              19
 store      |  6003008 |        3 |           6 | 39140.810000000005 |              11 | store      |  6003008 |        3 |           6 | 26297.030000000002 |               6
 store      |  6004001 |        4 |           6 |           96790.75 |              21 | store      |  6004001 |        4 |           6 |           63330.64 |              18
 store      |  6004002 |        4 |           6 |           43062.24 |               7 | store      |  6004002 |        4 |           6 |           36089.52 |               5
 store      |  6004003 |        4 |           6 |           39823.82 |              10 | store      |  6004003 |        4 |           6 |          105256.96 |              29
 store      |  6004004 |        4 |           6 |           73951.27 |              16 | store      |  6004004 |        4 |           6 |            91783.1 |              24
 store      |  6004005 |        4 |           6 |           46190.55 |              12 | store      |  6004005 |        4 |           6 |          106931.31 |              22
 store      |  6004006 |        4 |           6 |            20423.3 |              12 | store      |  6004006 |        4 |           6 | 36838.299999999996 |               8
 store      |  6004007 |        4 |           6 | 5161.8099999999995 |               4 | store      |  6004007 |        4 |           6 |            39417.5 |              14
 store      |  6004008 |        4 |           6 |           35590.89 |               9 | store      |  6004008 |        4 |           6 |  36718.99999999999 |               9
 store      |  6005001 |        5 |           6 | 64246.479999999996 |              16 | store      |  6005001 |        5 |           6 | 120375.85999999997 |              32
 store      |  6005002 |        5 |           6 |           12915.28 |               4 | store      |  6005002 |        5 |           6 |           17466.28 |               5
 store      |  6005003 |        5 |           6 |  46707.45999999999 |              12 | store      |  6005003 |        5 |           6 |          133824.84 |              36
 store      |  6005005 |        5 |           6 |  34557.39000000001 |              10 | store      |  6005005 |        5 |           6 |  65929.15999999999 |              26
 store      |  6005006 |        5 |           6 |  55115.80999999999 |              10 | store      |  6005006 |        5 |           6 |  76504.02999999998 |              19
 store      |  6005007 |        5 |           6 | 27407.019999999997 |               4 | store      |  6005007 |        5 |           6 |           50206.03 |              14
 store      |  6005008 |        5 |           6 |  61883.07000000001 |              14 | store      |  6005008 |        5 |           6 |  99678.14000000001 |              18
 store      |  6006001 |        6 |           6 |           15175.75 |               5 | store      |  6006001 |        6 |           6 | 61982.740000000005 |              15
 store      |  6006002 |        6 |           6 |  61879.92999999999 |              16 | store      |  6006002 |        6 |           6 |           39571.96 |              10
 store      |  6006003 |        6 |           6 |           25659.78 |              10 | store      |  6006003 |        6 |           6 |           50312.45 |              19
 store      |  6006004 |        6 |           6 |           31553.04 |              10 | store      |  6006004 |        6 |           6 |  46623.75000000001 |              17
 store      |  6006005 |        6 |           6 |  93092.05000000002 |              22 | store      |  6006005 |        6 |           6 | 185476.87000000002 |              38
 store      |  6006006 |        6 |           6 |            22424.5 |               9 | store      |  6006006 |        6 |           6 |            5439.19 |               3
 store      |  6006007 |        6 |           6 | 10426.630000000001 |               4 | store      |  6006007 |        6 |           6 |  68460.51000000001 |              18
 store      |  6006008 |        6 |           6 |           63941.13 |              15 | store      |  6006008 |        6 |           6 | 64689.619999999995 |              14
 store      |  6007001 |        7 |           6 |  48686.61000000001 |              17 | store      |  6007001 |        7 |           6 | 48496.909999999996 |              14
 store      |  6007002 |        7 |           6 | 24305.870000000003 |              14 | store      |  6007002 |        7 |           6 | 23901.799999999996 |              10
 store      |  6007003 |        7 |           6 |           29146.03 |               8 | store      |  6007003 |        7 |           6 |           111303.2 |              25
 store      |  6007004 |        7 |           6 |           33417.97 |              10 | store      |  6007004 |        7 |           6 |            38907.5 |               9
 store      |  6007005 |        7 |           6 |           57812.13 |              12 | store      |  6007005 |        7 |           6 |           93539.02 |              27
 store      |  6007006 |        7 |           6 |           61212.64 |              12 | store      |  6007006 |        7 |           6 | 54603.869999999995 |              14
 store      |  6007007 |        7 |           6 |            41910.5 |              11 | store      |  6007007 |        7 |           6 |          144427.51 |              37
 store      |  6007008 |        7 |           6 | 57844.020000000004 |              19 | store      |  6007008 |        7 |           6 |           61133.73 |              16
 store      |  6008001 |        8 |           6 |           39818.72 |              10 | store      |  6008001 |        8 |           6 |           34618.31 |              11
 store      |  6008002 |        8 |           6 |  72085.87999999999 |              19 | store      |  6008002 |        8 |           6 |  53655.58999999999 |              15
 store      |  6008003 |        8 |           6 | 53058.009999999995 |              16 | store      |  6008003 |        8 |           6 |  50851.72000000001 |              24
 store      |  6008004 |        8 |           6 |           74606.11 |              23 | store      |  6008004 |        8 |           6 |  81821.46999999999 |              19
 store      |  6008005 |        8 |           6 |           23150.89 |               8 | store      |  6008005 |        8 |           6 | 111850.81999999999 |              28
(100 rows)

UPDATE time_statistics SET e_time = TRANSACTION_TIMESTAMP() WHERE template = '../query_postgresql/query14.tpl' AND stream = 4;
psql:/tmp/s1-basline/throughput/query_4.sql:900: NOTICE:  duration: 0.028 ms  plan:
Query Text: UPDATE time_statistics SET e_time = TRANSACTION_TIMESTAMP() WHERE template = '../query_postgresql/query14.tpl' AND stream = 4;
Update on time_statistics  (cost=0.00..1.77 rows=0 width=0) (actual time=0.028..0.028 rows=0 loops=1)
  ->  Seq Scan on time_statistics  (cost=0.00..1.77 rows=1 width=14) (actual time=0.011..0.013 rows=1 loops=1)
        Filter: ((template = '../query_postgresql/query14.tpl'::text) AND (stream = 4))
        Rows Removed by Filter: 54
UPDATE 1
LOAD 'auto_explain'; SET auto_explain.log_min_duration TO 0; SET auto_explain.log_analyze TO on; SET auto_explain.log_level TO notice; INSERT INTO time_statistics (template, s_time, stream, query, seed) VALUES ('query46.tpl', TRANSACTION_TIMESTAMP(), 4, 15, 1445984291);
LOAD
SET
SET
SET
psql:/tmp/s1-basline/throughput/query_4.sql:901: NOTICE:  duration: 0.019 ms  plan:
Query Text: INSERT INTO time_statistics (template, s_time, stream, query, seed) VALUES ('query46.tpl', TRANSACTION_TIMESTAMP(), 4, 15, 1445984291);
Insert on time_statistics  (cost=0.00..0.01 rows=0 width=0) (actual time=0.018..0.018 rows=0 loops=1)
  ->  Result  (cost=0.00..0.01 rows=1 width=64) (actual time=0.001..0.001 rows=1 loops=1)
INSERT 0 1
select  c_last_name
       ,c_first_name
       ,ca_city
       ,bought_city
       ,ss_ticket_number
       ,amt,profit 
 from
   (select ss_ticket_number
          ,ss_customer_sk
          ,ca_city bought_city
          ,sum(ss_coupon_amt) amt
          ,sum(ss_net_profit) profit
    from store_sales,date_dim,store,household_demographics,customer_address 
    where store_sales.ss_sold_date_sk = date_dim.d_date_sk
    and store_sales.ss_store_sk = store.s_store_sk  
    and store_sales.ss_hdemo_sk = household_demographics.hd_demo_sk
    and store_sales.ss_addr_sk = customer_address.ca_address_sk
    and (household_demographics.hd_dep_count = 1 or
         household_demographics.hd_vehicle_count= -1)
    and date_dim.d_dow in (6,0)
    and date_dim.d_year in (1998,1998+1,1998+2) 
    and store.s_city in ('Fairview','Midway','Fairview','Midway','Midway') 
    group by ss_ticket_number,ss_customer_sk,ss_addr_sk,ca_city) dn,customer,customer_address current_addr
    where ss_customer_sk = c_customer_sk
      and customer.c_current_addr_sk = current_addr.ca_address_sk
      and current_addr.ca_city <> bought_city
  order by c_last_name
          ,c_first_name
          ,ca_city
          ,bought_city
          ,ss_ticket_number
  limit 100;
psql:/tmp/s1-basline/throughput/query_4.sql:933: NOTICE:  duration: 500.764 ms  plan:
Query Text: select  c_last_name
       ,c_first_name
       ,ca_city
       ,bought_city
       ,ss_ticket_number
       ,amt,profit 
 from
   (select ss_ticket_number
          ,ss_customer_sk
          ,ca_city bought_city
          ,sum(ss_coupon_amt) amt
          ,sum(ss_net_profit) profit
    from store_sales,date_dim,store,household_demographics,customer_address 
    where store_sales.ss_sold_date_sk = date_dim.d_date_sk
    and store_sales.ss_store_sk = store.s_store_sk  
    and store_sales.ss_hdemo_sk = household_demographics.hd_demo_sk
    and store_sales.ss_addr_sk = customer_address.ca_address_sk
    and (household_demographics.hd_dep_count = 1 or
         household_demographics.hd_vehicle_count= -1)
    and date_dim.d_dow in (6,0)
    and date_dim.d_year in (1998,1998+1,1998+2) 
    and store.s_city in ('Fairview','Midway','Fairview','Midway','Midway') 
    group by ss_ticket_number,ss_customer_sk,ss_addr_sk,ca_city) dn,customer,customer_address current_addr
    where ss_customer_sk = c_customer_sk
      and customer.c_current_addr_sk = current_addr.ca_address_sk
      and current_addr.ca_city <> bought_city
  order by c_last_name
          ,c_first_name
          ,ca_city
          ,bought_city
          ,ss_ticket_number
  limit 100;
Limit  (cost=96814.17..96814.42 rows=100 width=94) (actual time=436.213..500.672 rows=100 loops=1)
  ->  Sort  (cost=96814.17..96820.49 rows=2528 width=94) (actual time=436.213..500.665 rows=100 loops=1)
        Sort Key: customer.c_last_name, customer.c_first_name, current_addr.ca_city, customer_address.ca_city, store_sales.ss_ticket_number
        Sort Method: top-N heapsort  Memory: 48kB
        ->  Nested Loop  (cost=92469.94..96717.55 rows=2528 width=94) (actual time=374.317..496.193 rows=9710 loops=1)
              Join Filter: ((current_addr.ca_city)::text <> (customer_address.ca_city)::text)
              Rows Removed by Join Filter: 693
              ->  Nested Loop  (cost=92469.65..95871.83 rows=2532 width=93) (actual time=374.312..477.930 rows=10403 loops=1)
                    ->  Finalize GroupAggregate  (cost=92469.36..92798.89 rows=2532 width=49) (actual time=374.299..456.650 rows=10741 loops=1)
                          Group Key: store_sales.ss_ticket_number, store_sales.ss_customer_sk, store_sales.ss_addr_sk, customer_address.ca_city
                          ->  Gather Merge  (cost=92469.36..92741.92 rows=2110 width=49) (actual time=374.291..451.886 rows=10808 loops=1)
                                Workers Planned: 2
                                Workers Launched: 2
                                ->  Partial GroupAggregate  (cost=91469.33..91498.35 rows=1055 width=49) (actual time=368.602..377.814 rows=3603 loops=3)
                                      Group Key: store_sales.ss_ticket_number, store_sales.ss_customer_sk, store_sales.ss_addr_sk, customer_address.ca_city
                                      ->  Sort  (cost=91469.33..91471.97 rows=1055 width=49) (actual time=368.591..370.138 rows=38189 loops=3)
                                            Sort Key: store_sales.ss_ticket_number, store_sales.ss_customer_sk, store_sales.ss_addr_sk, customer_address.ca_city
                                            Sort Method: quicksort  Memory: 5822kB
                                            Worker 0:  Sort Method: quicksort  Memory: 4605kB
                                            Worker 1:  Sort Method: quicksort  Memory: 4622kB
                                            ->  Nested Loop  (cost=2788.06..91416.36 rows=1055 width=49) (actual time=17.683..351.384 rows=38189 loops=3)
                                                  ->  Hash Join  (cost=2787.77..91076.03 rows=1105 width=40) (actual time=17.635..293.575 rows=38433 loops=3)
                                                        Hash Cond: (store_sales.ss_store_sk = store.s_store_sk)
                                                        ->  Hash Join  (cost=2786.42..91070.62 rows=1159 width=48) (actual time=17.566..287.189 rows=38895 loops=3)
                                                              Hash Cond: (store_sales.ss_hdemo_sk = household_demographics.hd_demo_sk)
                                                              ->  Hash Join  (cost=2595.92..90867.35 rows=4862 width=56) (actual time=16.149..270.624 rows=157525 loops=3)
                                                                    Hash Cond: (store_sales.ss_sold_date_sk = date_dim.d_date_sk)
                                                                    ->  Parallel Seq Scan on store_sales  (cost=0.00..85123.48 rows=1199148 width=64) (actual time=0.013..125.011 rows=959309 loops=3)
                                                                    ->  Hash  (cost=2592.05..2592.05 rows=310 width=8) (actual time=16.101..16.101 rows=314 loops=3)
                                                                          Buckets: 1024  Batches: 1  Memory Usage: 21kB
                                                                          ->  Seq Scan on date_dim  (cost=0.00..2592.05 rows=310 width=8) (actual time=7.697..16.059 rows=314 loops=3)
                                                                                Filter: ((d_dow = ANY ('{6,0}'::integer[])) AND (d_year = ANY ('{1998,1999,2000}'::integer[])))
                                                                                Rows Removed by Filter: 72735
                                                              ->  Hash  (cost=168.00..168.00 rows=1800 width=8) (actual time=1.368..1.369 rows=1800 loops=3)
                                                                    Buckets: 2048  Batches: 1  Memory Usage: 87kB
                                                                    ->  Seq Scan on household_demographics  (cost=0.00..168.00 rows=1800 width=8) (actual time=0.030..1.154 rows=1800 loops=3)
                                                                          Filter: ((hd_dep_count = 1) OR (hd_vehicle_count = '-1'::integer))
                                                                          Rows Removed by Filter: 5400
                                                        ->  Hash  (cost=1.20..1.20 rows=12 width=8) (actual time=0.038..0.038 rows=12 loops=3)
                                                              Buckets: 1024  Batches: 1  Memory Usage: 9kB
                                                              ->  Seq Scan on store  (cost=0.00..1.20 rows=12 width=8) (actual time=0.029..0.034 rows=12 loops=3)
                                                                    Filter: ((s_city)::text = ANY ('{Fairview,Midway,Fairview,Midway,Midway}'::text[]))
                                                  ->  Index Scan using pk_customer_address on customer_address  (cost=0.29..0.31 rows=1 width=17) (actual time=0.001..0.001 rows=1 loops=115300)
                                                        Index Cond: (ca_address_sk = store_sales.ss_addr_sk)
                    ->  Index Scan using pk_customer on customer  (cost=0.29..1.20 rows=1 width=68) (actual time=0.002..0.002 rows=1 loops=10741)
                          Index Cond: (c_customer_sk = store_sales.ss_customer_sk)
              ->  Index Scan using pk_customer_address on customer_address current_addr  (cost=0.29..0.32 rows=1 width=17) (actual time=0.001..0.001 rows=1 loops=10403)
                    Index Cond: (ca_address_sk = customer.c_current_addr_sk)
          c_last_name           |     c_first_name     |     ca_city     |   bought_city   | ss_ticket_number |        amt         |       profit        
--------------------------------+----------------------+-----------------+-----------------+------------------+--------------------+---------------------
 Aaron                          | Ann                  | Oak Ridge       | Newtown         |           188049 | 1992.3199999999997 |             -3204.7
 Abbott                         | Gina                 | Caledonia       | Four Points     |           229124 |            4285.65 |  -5821.099999999999
 Abbott                         | Jennifer             | Summit          | Bunker Hill     |           186842 |            2343.41 | -2418.1600000000003
 Abel                           | Cindy                | White Oak       | Springfield     |            80951 |              465.9 | -2824.4900000000007
 Abell                          | Nicole               | Greenfield      | Lebanon         |           215842 | 1811.8700000000001 | -19332.320000000003
 Abney                          | Charles              | Ashland         | Lakewood        |            40546 |            2035.25 | -15750.630000000001
 Abney                          | Cynthia              | Lebanon         | Wildwood        |            77336 |            1464.81 |  -8323.990000000002
 Abrams                         | Amelia               | Enterprise      | Lincoln         |             1539 |                7.9 |            -1944.28
 Acker                          | Eric                 | Ruth            | Cedar Grove     |           152195 |            2264.93 |  -9795.789999999999
 Ackerman                       | Toya                 | Cedar Grove     | Woodland        |           221582 |            3344.96 |           -14300.48
 Ackerman                       | William              | Brownsville     | Hamilton        |           206199 |            3341.62 |   227.7299999999999
 Acosta                         | Frederick            | Concord         | Pine Grove      |           150175 |             945.26 |            -7124.91
 Acosta                         | Leona                | Spring Hill     | Red Hill        |           178039 |            2613.96 |            -6464.99
 Adams                          | Brittany             | Shore Acres     | Oakland         |           239478 | 2836.4199999999996 |           -14000.66
 Adams                          | Charles              | Mount Pleasant  | Glenwood        |            84233 |                  0 |             -1870.1
 Adams                          | Daniel               | Macedonia       | Oak Hill        |            64681 |            1368.09 |            -13974.6
 Adams                          | Doreen               | Plainview       | Bethel          |           150752 | 3097.2799999999997 |           -11252.89
 Adams                          | Doyle                | Farmington      | Siloam          |            79930 |            2796.19 | -19125.350000000002
 Adams                          | Fannie               | Greenwood       | Mount Vernon    |             7164 |  96.42999999999999 |  -4484.490000000001
 Adams                          | Heather              | Stringtown      | Mount Olive     |            35016 |             905.25 |            -6995.07
 Adams                          | Jack                 | Highland Park   | Edgewood        |            55320 |                  0 |  1975.6599999999996
 Adams                          | Jacqueline           | Stringtown      | Cedar Grove     |           228746 |            2725.29 |           -21773.22
 Adams                          | John                 | Red Hill        | Shady Grove     |            22376 |             271.56 |   9267.399999999998
 Adams                          | John                 | Red Hill        | White Oak       |           122606 |            3575.25 |            -9012.86
 Adams                          | John                 | Shaw            | Sulphur Springs |            80869 |             148.94 |  -4433.889999999999
 Adams                          | Kathryne             | Jamestown       | Pleasant Valley |           167849 |            2918.71 | -10084.400000000003
 Adams                          | Lillie               | Yorktown        | Macedonia       |            86719 |             925.55 |            -6670.79
 Adams                          | Mark                 | Summit          | Glenwood        |            80397 |                  0 |            -3752.88
 Adams                          | Michael              | Woodville       | Springdale      |            56222 |            1764.99 | -18526.089999999997
 Adams                          | Olivia               | Kingston        | Greenville      |            82896 |             984.86 |  -8626.310000000001
 Adams                          | Patsy                | Waterloo        | Fairbanks       |            87762 |                372 |            -4286.87
 Adams                          | Raquel               | Georgetown      | Wilson          |           236620 |            2755.92 | -13920.890000000001
 Adams                          | Richard              | Spring Valley   | Georgetown      |           152407 |            1988.03 |            -6526.24
 Adams                          |                      | Jamestown       | Highland        |            33559 |             628.38 | -1454.7099999999994
 Adams                          |                      | Lewis           | Waterloo        |             7020 | 1820.1999999999998 |           -16884.08
 Adams                          |                      | Riverview       | Mountain View   |            83303 | 2560.6099999999997 |  1498.6899999999998
 Addison                        | Alice                | Farmington      | Green Acres     |            27908 | 5261.4400000000005 | -16089.039999999999
 Adkins                         | Esther               | Woodlawn        | New Hope        |           225963 |            7114.71 |  -5036.560000000001
 Adkins                         | Fred                 | Five Points     | Spring Hill     |           236899 |             435.65 |            -8378.41
 Adkins                         | John                 | Shady Grove     | Wildwood        |             9331 |            1355.16 |           -11690.06
 Adkins                         | Lester               | Edgewood        | Elkton          |           227225 |             2288.8 |             -5903.4
 Aguiar                         | Delores              | Walnut Grove    | Greenfield      |            32449 |             219.18 | -3587.5100000000007
 Aguilar                        | Rhonda               | Lakeside        | Shiloh          |           217097 |            4454.07 |           -20916.49
 Aguilera                       | Ethel                | Summit          | Wildwood        |           113597 |              87.52 |           -10219.85
 Aguirre                        | Freddy               | Mount Olive     | Centerville     |           140088 | 2694.4500000000003 |  -3162.120000000001
 Aguirre                        | John                 | Oakwood         | Bethel          |           239197 | 141.22000000000003 |            -3304.53
 Aguirre                        | Melvin               | Friendship      | Glenwood        |            37494 |             1063.6 | -8063.9000000000015
 Ahern                          | Ella                 | Forestville     | Liberty         |           184587 |             6700.8 |           -15837.19
 Akers                          | Barbara              | Plainview       | Glenwood        |              818 |             375.32 |            -1151.52
 Akers                          |                      | Shiloh          | Woodlawn        |           157910 |              817.8 | -1952.5100000000002
 Akins                          | Sam                  | Farmington      | Harmony         |            11617 |            1610.44 |           -14531.76
 Akins                          | Sara                 | Friendship      | Oakland         |           195148 |            3777.36 | -10300.470000000001
 Alba                           | Shenna               | Pleasant Valley | Springfield     |           108023 |                5.1 |            -3699.95
 Albers                         | Emery                | Forest Hills    | Bethel          |           230406 | 1134.5300000000002 |           -13971.58
 Albers                         | Stevie               | Fruitland       | Maple Grove     |           167448 |                  0 |            -8453.68
 Albert                         | Christene            | Lakeview        | Pine Valley     |           201818 |            5220.82 |           -18661.59
 Albert                         | Dianne               | Ashland         | Westgate        |            26789 |             903.42 |            -9074.75
 Albert                         | Joseph               | Mount Zion      | Fairview        |           237249 |            1733.51 |            -8704.18
 Albert                         | Raymond              | Glenwood        | Newtown         |            99771 |             1554.5 |  -4170.219999999999
 Albert                         | Richard              | White Plains    | Wilton          |            89610 |                  0 | -11171.220000000001
 Albright                       | Harvey               | Walnut Grove    | Newport         |           161946 |  7774.620000000001 |           -13140.41
 Albright                       | Sarah                | Woodland        | Greenwood       |            95010 |            1987.85 |  -5678.589999999999
 Alcala                         | Linda                | Jackson         | Fairview        |           184215 |             145.12 |            -8880.26
 Alcorn                         | John                 | Oak Hill        | Wilson          |             3259 |            5926.49 |  -6632.560000000001
 Alderman                       | Philip               | Riverdale       | Farmington      |           135109 |                  0 |            -1254.33
 Aldrich                        | Berta                | Springdale      | Lakeside        |            84592 |             713.89 | -2655.3200000000006
 Aldridge                       | Nickolas             | Woodville       | Riverside       |            84072 |            2409.91 |  -5310.450000000001
 Aleman                         | Jesus                | Hamilton        | Green Acres     |           220881 |              26.57 | -2681.1099999999997
 Aleman                         | Mark                 | Harmony         | Kingston        |           110213 |            3393.91 |           -13381.79
 Alexander                      | Barbara              | Edgewood        | Jamestown       |            29005 |             327.94 |  -7609.080000000001
 Alexander                      | Beulah               | Glenwood        | Franklin        |           110681 |            4875.88 |           -10923.34
 Alexander                      | Carl                 | Wildwood        | Lincoln         |           124075 |             378.89 |   951.5400000000001
 Alexander                      | Carole               | Ferguson        | Pleasant Grove  |            82928 |  8313.989999999998 | -15351.849999999999
 Alexander                      | Carole               | Ferguson        | Sulphur Springs |            71208 | 7709.5599999999995 | -16862.770000000004
 Alexander                      | Gerald               | Bridgeport      | Highland Park   |            51204 | 2829.8199999999997 | -14325.199999999999
 Alexander                      | Henry                | Farmington      | Gravel Hill     |           114589 | 477.71999999999997 |           -14336.08
 Alexander                      | James                | Greenfield      | Bridgeport      |             7087 |            2451.59 |           -10572.62
 Alexander                      | Madeline             | Stringtown      | Greenwood       |            99505 |                  0 |             -5490.3
 Alexander                      | Marvin               | White Oak       | Liberty         |            53257 |             113.83 |            -5365.62
 Alexander                      | Nancy                | Sunnyside       | Mount Pleasant  |            57479 |            5649.77 | -27359.079999999998
 Alexander                      | Nathan               | Five Points     | Forest Hills    |            41190 |             436.74 |            -9507.89
 Alexander                      | Nicole               | Edgewood        | Willow          |            18893 |            1107.63 |            -8851.12
 Alexander                      | Sidney               | Antioch         | Parkwood        |           153577 | 3514.5599999999995 |            -5106.08
 Alexander                      | Tiffany              | Lakewood        | Crossroads      |            70316 |             115.74 |            -2295.37
 Alexander                      | Trinidad             | Brownsville     | Forest Hills    |           152534 |            2854.91 |            -9655.12
 Alexander                      | Winfred              | White Oak       | Fairfield       |           200202 |            2111.57 | -14290.609999999999
 Alexander                      |                      | Mount Olive     | Antioch         |            92301 |             511.23 |            -6833.42
 Alford                         | Charles              | Marion          | Buena Vista     |            34712 | 3802.9700000000003 |            -11211.4
 Alford                         | Jorge                | Pine Grove      | Saint Johns     |           221800 |                  0 |            -8391.44
 Alford                         | Rita                 | Riceville       | Springdale      |           153894 |             853.51 | -14900.810000000003
 Alford                         | Susan                | Belfast         | Pine Grove      |           174188 | 510.42999999999995 | -17641.480000000003
 Alford                         | Walter               | Springdale      | Walnut Grove    |            54166 |            3021.38 | -21421.760000000002
 Allard                         | Jennifer             | Lakeview        | Mount Olive     |           104174 |  9175.779999999999 | -15590.239999999998
 Allen                          | Adam                 | Providence      | Price           |            30034 |             356.57 |  430.37999999999965
 Allen                          | Andrew               | Carpenter       | Plainview       |            49981 |               56.9 |  -9403.680000000002
 Allen                          | Angela               | Lincoln         | Oak Ridge       |           237701 |             4676.5 |             -7632.3
 Allen                          | Angela               | Lincoln         | White Oak       |           119200 |            2985.23 |  -7808.700000000001
 Allen                          | Anthony              | Newport         | Woodlawn        |           174278 |                  0 |             -5600.1
 Allen                          | Benjamin             | Prosperity      | Woodville       |           223536 |              96.53 |  -7880.150000000001
 Allen                          | Charlene             | Glenwood        | Jackson         |           219457 | 237.95999999999998 |           -18216.54
(100 rows)

UPDATE time_statistics SET e_time = TRANSACTION_TIMESTAMP() WHERE template = 'query46.tpl' AND stream = 4;
psql:/tmp/s1-basline/throughput/query_4.sql:935: NOTICE:  duration: 0.033 ms  plan:
Query Text: UPDATE time_statistics SET e_time = TRANSACTION_TIMESTAMP() WHERE template = 'query46.tpl' AND stream = 4;
Update on time_statistics  (cost=0.00..1.77 rows=0 width=0) (actual time=0.032..0.032 rows=0 loops=1)
  ->  Seq Scan on time_statistics  (cost=0.00..1.77 rows=1 width=14) (actual time=0.018..0.018 rows=1 loops=1)
        Filter: ((template = 'query46.tpl'::text) AND (stream = 4))
        Rows Removed by Filter: 55
UPDATE 1
LOAD 'auto_explain'; SET auto_explain.log_min_duration TO 0; SET auto_explain.log_analyze TO on; SET auto_explain.log_level TO notice; INSERT INTO time_statistics (template, s_time, stream, query, seed) VALUES ('query58.tpl', TRANSACTION_TIMESTAMP(), 4, 16, 704169434);
LOAD
SET
SET
SET
psql:/tmp/s1-basline/throughput/query_4.sql:936: NOTICE:  duration: 0.009 ms  plan:
Query Text: INSERT INTO time_statistics (template, s_time, stream, query, seed) VALUES ('query58.tpl', TRANSACTION_TIMESTAMP(), 4, 16, 704169434);
Insert on time_statistics  (cost=0.00..0.01 rows=0 width=0) (actual time=0.008..0.008 rows=0 loops=1)
  ->  Result  (cost=0.00..0.01 rows=1 width=64) (actual time=0.001..0.001 rows=1 loops=1)
INSERT 0 1
with ss_items as
 (select i_item_id item_id
        ,sum(ss_ext_sales_price) ss_item_rev 
 from store_sales
     ,item
     ,date_dim
 where ss_item_sk = i_item_sk
   and d_date in (select d_date
                  from date_dim
                  where d_week_seq = (select d_week_seq 
                                      from date_dim
                                      where d_date = '1998-04-05'))
   and ss_sold_date_sk   = d_date_sk
 group by i_item_id),
 cs_items as
 (select i_item_id item_id
        ,sum(cs_ext_sales_price) cs_item_rev
  from catalog_sales
      ,item
      ,date_dim
 where cs_item_sk = i_item_sk
  and  d_date in (select d_date
                  from date_dim
                  where d_week_seq = (select d_week_seq 
                                      from date_dim
                                      where d_date = '1998-04-05'))
  and  cs_sold_date_sk = d_date_sk
 group by i_item_id),
 ws_items as
 (select i_item_id item_id
        ,sum(ws_ext_sales_price) ws_item_rev
  from web_sales
      ,item
      ,date_dim
 where ws_item_sk = i_item_sk
  and  d_date in (select d_date
                  from date_dim
                  where d_week_seq =(select d_week_seq 
                                     from date_dim
                                     where d_date = '1998-04-05'))
  and ws_sold_date_sk   = d_date_sk
 group by i_item_id)
  select  ss_items.item_id
       ,ss_item_rev
       ,ss_item_rev/((ss_item_rev+cs_item_rev+ws_item_rev)/3) * 100 ss_dev
       ,cs_item_rev
       ,cs_item_rev/((ss_item_rev+cs_item_rev+ws_item_rev)/3) * 100 cs_dev
       ,ws_item_rev
       ,ws_item_rev/((ss_item_rev+cs_item_rev+ws_item_rev)/3) * 100 ws_dev
       ,(ss_item_rev+cs_item_rev+ws_item_rev)/3 average
 from ss_items,cs_items,ws_items
 where ss_items.item_id=cs_items.item_id
   and ss_items.item_id=ws_items.item_id 
   and ss_item_rev between 0.9 * cs_item_rev and 1.1 * cs_item_rev
   and ss_item_rev between 0.9 * ws_item_rev and 1.1 * ws_item_rev
   and cs_item_rev between 0.9 * ss_item_rev and 1.1 * ss_item_rev
   and cs_item_rev between 0.9 * ws_item_rev and 1.1 * ws_item_rev
   and ws_item_rev between 0.9 * ss_item_rev and 1.1 * ss_item_rev
   and ws_item_rev between 0.9 * cs_item_rev and 1.1 * cs_item_rev
 order by item_id
         ,ss_item_rev
 limit 100;
psql:/tmp/s1-basline/throughput/query_4.sql:998: NOTICE:  duration: 78.486 ms  plan:
Query Text: with ss_items as
 (select i_item_id item_id
        ,sum(ss_ext_sales_price) ss_item_rev 
 from store_sales
     ,item
     ,date_dim
 where ss_item_sk = i_item_sk
   and d_date in (select d_date
                  from date_dim
                  where d_week_seq = (select d_week_seq 
                                      from date_dim
                                      where d_date = '1998-04-05'))
   and ss_sold_date_sk   = d_date_sk
 group by i_item_id),
 cs_items as
 (select i_item_id item_id
        ,sum(cs_ext_sales_price) cs_item_rev
  from catalog_sales
      ,item
      ,date_dim
 where cs_item_sk = i_item_sk
  and  d_date in (select d_date
                  from date_dim
                  where d_week_seq = (select d_week_seq 
                                      from date_dim
                                      where d_date = '1998-04-05'))
  and  cs_sold_date_sk = d_date_sk
 group by i_item_id),
 ws_items as
 (select i_item_id item_id
        ,sum(ws_ext_sales_price) ws_item_rev
  from web_sales
      ,item
      ,date_dim
 where ws_item_sk = i_item_sk
  and  d_date in (select d_date
                  from date_dim
                  where d_week_seq =(select d_week_seq 
                                     from date_dim
                                     where d_date = '1998-04-05'))
  and ws_sold_date_sk   = d_date_sk
 group by i_item_id)
  select  ss_items.item_id
       ,ss_item_rev
       ,ss_item_rev/((ss_item_rev+cs_item_rev+ws_item_rev)/3) * 100 ss_dev
       ,cs_item_rev
       ,cs_item_rev/((ss_item_rev+cs_item_rev+ws_item_rev)/3) * 100 cs_dev
       ,ws_item_rev
       ,ws_item_rev/((ss_item_rev+cs_item_rev+ws_item_rev)/3) * 100 ws_dev
       ,(ss_item_rev+cs_item_rev+ws_item_rev)/3 average
 from ss_items,cs_items,ws_items
 where ss_items.item_id=cs_items.item_id
   and ss_items.item_id=ws_items.item_id 
   and ss_item_rev between 0.9 * cs_item_rev and 1.1 * cs_item_rev
   and ss_item_rev between 0.9 * ws_item_rev and 1.1 * ws_item_rev
   and cs_item_rev between 0.9 * ss_item_rev and 1.1 * ss_item_rev
   and cs_item_rev between 0.9 * ws_item_rev and 1.1 * ws_item_rev
   and ws_item_rev between 0.9 * ss_item_rev and 1.1 * ss_item_rev
   and ws_item_rev between 0.9 * cs_item_rev and 1.1 * cs_item_rev
 order by item_id
         ,ss_item_rev
 limit 100;
Limit  (cost=7734.90..7734.91 rows=1 width=73) (actual time=78.475..78.483 rows=0 loops=1)
  ->  Sort  (cost=7734.90..7734.91 rows=1 width=73) (actual time=78.474..78.482 rows=0 loops=1)
        Sort Key: item.i_item_id, (sum(store_sales.ss_ext_sales_price))
        Sort Method: quicksort  Memory: 25kB
        ->  Merge Join  (cost=7718.48..7734.89 rows=1 width=73) (actual time=78.471..78.479 rows=0 loops=1)
              Merge Cond: (item.i_item_id = item_1.i_item_id)
              Join Filter: (((sum(store_sales.ss_ext_sales_price)) >= ('0.9'::double precision * (sum(catalog_sales.cs_ext_sales_price)))) AND ((sum(store_sales.ss_ext_sales_price)) <= ('1.1'::double precision * (sum(catalog_sales.cs_ext_sales_price)))) AND ((sum(catalog_sales.cs_ext_sales_price)) >= ('0.9'::double precision * (sum(store_sales.ss_ext_sales_price)))) AND ((sum(catalog_sales.cs_ext_sales_price)) <= ('1.1'::double precision * (sum(store_sales.ss_ext_sales_price)))) AND ((sum(store_sales.ss_ext_sales_price)) >= ('0.9'::double precision * (sum(web_sales.ws_ext_sales_price)))) AND ((sum(store_sales.ss_ext_sales_price)) <= ('1.1'::double precision * (sum(web_sales.ws_ext_sales_price)))) AND ((sum(web_sales.ws_ext_sales_price)) >= ('0.9'::double precision * (sum(store_sales.ss_ext_sales_price)))) AND ((sum(web_sales.ws_ext_sales_price)) <= ('1.1'::double precision * (sum(store_sales.ss_ext_sales_price)))))
              Rows Removed by Join Filter: 7
              ->  GroupAggregate  (cost=2730.54..2735.14 rows=263 width=25) (actual time=36.408..38.275 rows=3827 loops=1)
                    Group Key: item.i_item_id
                    InitPlan 1 (returns $0)
                      ->  Index Scan using i_d_date on date_dim date_dim_6  (cost=0.29..2.51 rows=1 width=4) (actual time=0.015..0.016 rows=1 loops=1)
                            Index Cond: (d_date = '1998-04-05'::date)
                    ->  Sort  (cost=2728.03..2728.69 rows=263 width=25) (actual time=36.404..36.804 rows=5281 loops=1)
                          Sort Key: item.i_item_id
                          Sort Method: quicksort  Memory: 606kB
                          ->  Nested Loop  (cost=2319.14..2717.46 rows=263 width=25) (actual time=7.835..20.321 rows=5898 loops=1)
                                ->  Nested Loop  (cost=2318.85..2637.11 rows=263 width=16) (actual time=7.829..10.613 rows=5898 loops=1)
                                      ->  Nested Loop  (cost=2318.42..2335.84 rows=7 width=8) (actual time=7.820..7.837 rows=7 loops=1)
                                            ->  HashAggregate  (cost=2318.13..2318.20 rows=7 width=4) (actual time=7.815..7.818 rows=7 loops=1)
                                                  Group Key: date_dim_1.d_date
                                                  Batches: 1  Memory Usage: 24kB
                                                  ->  Seq Scan on date_dim date_dim_1  (cost=0.00..2318.11 rows=7 width=4) (actual time=3.738..7.812 rows=7 loops=1)
                                                        Filter: (d_week_seq = $0)
                                                        Rows Removed by Filter: 73042
                                            ->  Index Scan using i_d_date on date_dim  (cost=0.29..2.51 rows=1 width=12) (actual time=0.002..0.002 rows=1 loops=7)
                                                  Index Cond: (d_date = date_dim_1.d_date)
                                      ->  Index Scan using i_ss_sold_date_sk on store_sales  (cost=0.43..27.96 rows=1508 width=24) (actual time=0.006..0.253 rows=843 loops=7)
                                            Index Cond: (ss_sold_date_sk = date_dim.d_date_sk)
                                ->  Index Scan using pk_item on item  (cost=0.29..0.31 rows=1 width=25) (actual time=0.001..0.001 rows=1 loops=5898)
                                      Index Cond: (i_item_sk = store_sales.ss_item_sk)
              ->  Materialize  (cost=4987.94..4996.36 rows=1 width=50) (actual time=35.679..39.139 rows=15 loops=1)
                    ->  Merge Join  (cost=4987.94..4996.36 rows=1 width=50) (actual time=35.678..39.133 rows=15 loops=1)
                          Merge Cond: (item_1.i_item_id = item_2.i_item_id)
                          Join Filter: (((sum(catalog_sales.cs_ext_sales_price)) >= ('0.9'::double precision * (sum(web_sales.ws_ext_sales_price)))) AND ((sum(catalog_sales.cs_ext_sales_price)) <= ('1.1'::double precision * (sum(web_sales.ws_ext_sales_price)))) AND ((sum(web_sales.ws_ext_sales_price)) >= ('0.9'::double precision * (sum(catalog_sales.cs_ext_sales_price)))) AND ((sum(web_sales.ws_ext_sales_price)) <= ('1.1'::double precision * (sum(catalog_sales.cs_ext_sales_price)))))
                          Rows Removed by Join Filter: 439
                          ->  GroupAggregate  (cost=2544.41..2546.81 rows=137 width=25) (actual time=21.943..23.119 rows=2766 loops=1)
                                Group Key: item_1.i_item_id
                                InitPlan 2 (returns $1)
                                  ->  Index Scan using i_d_date on date_dim date_dim_7  (cost=0.29..2.51 rows=1 width=4) (actual time=0.003..0.003 rows=1 loops=1)
                                        Index Cond: (d_date = '1998-04-05'::date)
                                ->  Sort  (cost=2541.90..2542.24 rows=137 width=25) (actual time=21.940..22.113 rows=3178 loops=1)
                                      Sort Key: item_1.i_item_id
                                      Sort Method: quicksort  Memory: 320kB
                                      ->  Nested Loop  (cost=2319.14..2537.04 rows=137 width=25) (actual time=7.111..13.368 rows=3178 loops=1)
                                            ->  Nested Loop  (cost=2318.85..2495.12 rows=137 width=16) (actual time=7.106..8.385 rows=3178 loops=1)
                                                  ->  Nested Loop  (cost=2318.42..2335.84 rows=7 width=8) (actual time=7.098..7.113 rows=7 loops=1)
                                                        ->  HashAggregate  (cost=2318.13..2318.20 rows=7 width=4) (actual time=7.093..7.095 rows=7 loops=1)
                                                              Group Key: date_dim_3.d_date
                                                              Batches: 1  Memory Usage: 24kB
                                                              ->  Seq Scan on date_dim date_dim_3  (cost=0.00..2318.11 rows=7 width=4) (actual time=3.463..7.090 rows=7 loops=1)
                                                                    Filter: (d_week_seq = $1)
                                                                    Rows Removed by Filter: 73042
                                                        ->  Index Scan using i_d_date on date_dim date_dim_2  (cost=0.29..2.51 rows=1 width=12) (actual time=0.002..0.002 rows=1 loops=7)
                                                              Index Cond: (d_date = date_dim_3.d_date)
                                                  ->  Index Scan using i_cs_sold_date_sk on catalog_sales  (cost=0.43..14.93 rows=782 width=24) (actual time=0.005..0.109 rows=454 loops=7)
                                                        Index Cond: (cs_sold_date_sk = date_dim_2.d_date_sk)
                                            ->  Index Scan using pk_item on item item_1  (cost=0.29..0.31 rows=1 width=25) (actual time=0.001..0.001 rows=1 loops=3178)
                                                  Index Cond: (i_item_sk = catalog_sales.cs_item_sk)
                          ->  Materialize  (cost=2443.53..2445.60 rows=69 width=25) (actual time=13.678..14.530 rows=1426 loops=1)
                                ->  GroupAggregate  (cost=2443.53..2444.74 rows=69 width=25) (actual time=13.676..14.254 rows=1426 loops=1)
                                      Group Key: item_2.i_item_id
                                      InitPlan 3 (returns $2)
                                        ->  Index Scan using i_d_date on date_dim date_dim_8  (cost=0.29..2.51 rows=1 width=4) (actual time=0.003..0.004 rows=1 loops=1)
                                              Index Cond: (d_date = '1998-04-05'::date)
                                      ->  Sort  (cost=2441.02..2441.19 rows=69 width=25) (actual time=13.673..13.743 rows=1563 loops=1)
                                            Sort Key: item_2.i_item_id
                                            Sort Method: quicksort  Memory: 158kB
                                            ->  Nested Loop  (cost=2319.14..2438.91 rows=69 width=25) (actual time=6.586..9.921 rows=1563 loops=1)
                                                  ->  Nested Loop  (cost=2318.85..2417.73 rows=69 width=16) (actual time=6.580..7.417 rows=1563 loops=1)
                                                        ->  Nested Loop  (cost=2318.42..2335.84 rows=7 width=8) (actual time=6.572..6.586 rows=7 loops=1)
                                                              ->  HashAggregate  (cost=2318.13..2318.20 rows=7 width=4) (actual time=6.567..6.568 rows=7 loops=1)
                                                                    Group Key: date_dim_5.d_date
                                                                    Batches: 1  Memory Usage: 24kB
                                                                    ->  Seq Scan on date_dim date_dim_5  (cost=0.00..2318.11 rows=7 width=4) (actual time=3.194..6.563 rows=7 loops=1)
                                                                          Filter: (d_week_seq = $2)
                                                                          Rows Removed by Filter: 73042
                                                              ->  Index Scan using i_d_date on date_dim date_dim_4  (cost=0.29..2.51 rows=1 width=12) (actual time=0.002..0.002 rows=1 loops=7)
                                                                    Index Cond: (d_date = date_dim_5.d_date)
                                                        ->  Index Scan using i_ws_sold_date_sk on web_sales  (cost=0.42..7.75 rows=395 width=24) (actual time=0.004..0.075 rows=223 loops=7)
                                                              Index Cond: (ws_sold_date_sk = date_dim_4.d_date_sk)
                                                  ->  Index Scan using pk_item on item item_2  (cost=0.29..0.31 rows=1 width=25) (actual time=0.001..0.001 rows=1 loops=1563)
                                                        Index Cond: (i_item_sk = web_sales.ws_item_sk)
 item_id | ss_item_rev | ss_dev | cs_item_rev | cs_dev | ws_item_rev | ws_dev | average 
---------+-------------+--------+-------------+--------+-------------+--------+---------
(0 rows)

UPDATE time_statistics SET e_time = TRANSACTION_TIMESTAMP() WHERE template = 'query58.tpl' AND stream = 4;
psql:/tmp/s1-basline/throughput/query_4.sql:1000: NOTICE:  duration: 0.029 ms  plan:
Query Text: UPDATE time_statistics SET e_time = TRANSACTION_TIMESTAMP() WHERE template = 'query58.tpl' AND stream = 4;
Update on time_statistics  (cost=0.00..1.77 rows=0 width=0) (actual time=0.029..0.029 rows=0 loops=1)
  ->  Seq Scan on time_statistics  (cost=0.00..1.77 rows=1 width=14) (actual time=0.015..0.015 rows=1 loops=1)
        Filter: ((template = 'query58.tpl'::text) AND (stream = 4))
        Rows Removed by Filter: 56
UPDATE 1
LOAD 'auto_explain'; SET auto_explain.log_min_duration TO 0; SET auto_explain.log_analyze TO on; SET auto_explain.log_level TO notice; INSERT INTO time_statistics (template, s_time, stream, query, seed) VALUES ('query48.tpl', TRANSACTION_TIMESTAMP(), 4, 17, 695649370);
LOAD
SET
SET
SET
psql:/tmp/s1-basline/throughput/query_4.sql:1001: NOTICE:  duration: 0.009 ms  plan:
Query Text: INSERT INTO time_statistics (template, s_time, stream, query, seed) VALUES ('query48.tpl', TRANSACTION_TIMESTAMP(), 4, 17, 695649370);
Insert on time_statistics  (cost=0.00..0.01 rows=0 width=0) (actual time=0.008..0.008 rows=0 loops=1)
  ->  Result  (cost=0.00..0.01 rows=1 width=64) (actual time=0.001..0.001 rows=1 loops=1)
INSERT 0 1
select sum (ss_quantity)
 from store_sales, store, customer_demographics, customer_address, date_dim
 where s_store_sk = ss_store_sk
 and  ss_sold_date_sk = d_date_sk and d_year = 1999
 and  
 (
  (
   cd_demo_sk = ss_cdemo_sk
   and 
   cd_marital_status = 'W'
   and 
   cd_education_status = '4 yr Degree'
   and 
   ss_sales_price between 100.00 and 150.00  
   )
 or
  (
  cd_demo_sk = ss_cdemo_sk
   and 
   cd_marital_status = 'M'
   and 
   cd_education_status = 'College'
   and 
   ss_sales_price between 50.00 and 100.00   
  )
 or 
 (
  cd_demo_sk = ss_cdemo_sk
  and 
   cd_marital_status = 'D'
   and 
   cd_education_status = 'Primary'
   and 
   ss_sales_price between 150.00 and 200.00  
 )
 )
 and
 (
  (
  ss_addr_sk = ca_address_sk
  and
  ca_country = 'United States'
  and
  ca_state in ('VA', 'UT', 'CO')
  and ss_net_profit between 0 and 2000  
  )
 or
  (ss_addr_sk = ca_address_sk
  and
  ca_country = 'United States'
  and
  ca_state in ('WI', 'AR', 'TX')
  and ss_net_profit between 150 and 3000 
  )
 or
  (ss_addr_sk = ca_address_sk
  and
  ca_country = 'United States'
  and
  ca_state in ('PA', 'ID', 'IN')
  and ss_net_profit between 50 and 25000 
  )
 )
;
psql:/tmp/s1-basline/throughput/query_4.sql:1065: NOTICE:  duration: 479.556 ms  plan:
Query Text: select sum (ss_quantity)
 from store_sales, store, customer_demographics, customer_address, date_dim
 where s_store_sk = ss_store_sk
 and  ss_sold_date_sk = d_date_sk and d_year = 1999
 and  
 (
  (
   cd_demo_sk = ss_cdemo_sk
   and 
   cd_marital_status = 'W'
   and 
   cd_education_status = '4 yr Degree'
   and 
   ss_sales_price between 100.00 and 150.00  
   )
 or
  (
  cd_demo_sk = ss_cdemo_sk
   and 
   cd_marital_status = 'M'
   and 
   cd_education_status = 'College'
   and 
   ss_sales_price between 50.00 and 100.00   
  )
 or 
 (
  cd_demo_sk = ss_cdemo_sk
  and 
   cd_marital_status = 'D'
   and 
   cd_education_status = 'Primary'
   and 
   ss_sales_price between 150.00 and 200.00  
 )
 )
 and
 (
  (
  ss_addr_sk = ca_address_sk
  and
  ca_country = 'United States'
  and
  ca_state in ('VA', 'UT', 'CO')
  and ss_net_profit between 0 and 2000  
  )
 or
  (ss_addr_sk = ca_address_sk
  and
  ca_country = 'United States'
  and
  ca_state in ('WI', 'AR', 'TX')
  and ss_net_profit between 150 and 3000 
  )
 or
  (ss_addr_sk = ca_address_sk
  and
  ca_country = 'United States'
  and
  ca_state in ('PA', 'ID', 'IN')
  and ss_net_profit between 50 and 25000 
  )
 )
;
Aggregate  (cost=111071.89..111071.90 rows=1 width=8) (actual time=479.547..479.549 rows=1 loops=1)
  ->  Nested Loop  (cost=1.15..111071.87 rows=5 width=4) (actual time=18.012..479.510 rows=509 loops=1)
        Join Filter: (store_sales.ss_store_sk = store.s_store_sk)
        Rows Removed by Join Filter: 5611
        ->  Seq Scan on store  (cost=0.00..1.12 rows=12 width=8) (actual time=0.002..0.004 rows=12 loops=1)
        ->  Materialize  (cost=1.15..111069.87 rows=5 width=12) (actual time=0.503..39.925 rows=510 loops=12)
              ->  Nested Loop  (cost=1.15..111069.84 rows=5 width=12) (actual time=6.038..478.755 rows=510 loops=1)
                    ->  Nested Loop  (cost=0.72..110973.31 rows=167 width=28) (actual time=3.674..415.397 rows=17785 loops=1)
                          ->  Nested Loop  (cost=0.43..110330.67 rows=1779 width=44) (actual time=3.656..244.316 rows=85492 loops=1)
                                ->  Seq Scan on date_dim  (cost=0.00..2318.11 rows=363 width=8) (actual time=3.645..8.264 rows=365 loops=1)
                                      Filter: (d_year = 1999)
                                      Rows Removed by Filter: 72684
                                ->  Index Scan using i_ss_sold_date_sk on store_sales  (cost=0.43..295.60 rows=196 width=52) (actual time=0.007..0.626 rows=234 loops=365)
                                      Index Cond: (ss_sold_date_sk = date_dim.d_date_sk)
                                      Filter: ((((ss_sales_price >= '100'::double precision) AND (ss_sales_price <= '150'::double precision)) OR ((ss_sales_price >= '50'::double precision) AND (ss_sales_price <= '100'::double precision)) OR ((ss_sales_price >= '150'::double precision) AND (ss_sales_price <= '200'::double precision))) AND (((ss_net_profit >= '0'::double precision) AND (ss_net_profit <= '2000'::double precision)) OR ((ss_net_profit >= '150'::double precision) AND (ss_net_profit <= '3000'::double precision)) OR ((ss_net_profit >= '50'::double precision) AND (ss_net_profit <= '25000'::double precision))))
                                      Rows Removed by Filter: 1280
                          ->  Index Scan using pk_customer_address on customer_address  (cost=0.29..0.35 rows=1 width=11) (actual time=0.002..0.002 rows=0 loops=85492)
                                Index Cond: (ca_address_sk = store_sales.ss_addr_sk)
                                Filter: (((ca_country)::text = 'United States'::text) AND ((ca_state = ANY ('{VA,UT,CO}'::bpchar[])) OR (ca_state = ANY ('{WI,AR,TX}'::bpchar[])) OR (ca_state = ANY ('{PA,ID,IN}'::bpchar[]))) AND (((ca_state = ANY ('{VA,UT,CO}'::bpchar[])) AND (store_sales.ss_net_profit >= '0'::double precision) AND (store_sales.ss_net_profit <= '2000'::double precision)) OR ((ca_state = ANY ('{WI,AR,TX}'::bpchar[])) AND (store_sales.ss_net_profit >= '150'::double precision) AND (store_sales.ss_net_profit <= '3000'::double precision)) OR ((ca_state = ANY ('{PA,ID,IN}'::bpchar[])) AND (store_sales.ss_net_profit >= '50'::double precision) AND (store_sales.ss_net_profit <= '25000'::double precision))))
                                Rows Removed by Filter: 1
                    ->  Index Scan using pk_customer_demographics on customer_demographics  (cost=0.43..0.57 rows=1 width=31) (actual time=0.003..0.003 rows=0 loops=17785)
                          Index Cond: (cd_demo_sk = store_sales.ss_cdemo_sk)
                          Filter: ((((cd_marital_status = 'W'::bpchar) AND (cd_education_status = '4 yr Degree'::bpchar)) OR ((cd_marital_status = 'M'::bpchar) AND (cd_education_status = 'College'::bpchar)) OR ((cd_marital_status = 'D'::bpchar) AND (cd_education_status = 'Primary'::bpchar))) AND (((cd_marital_status = 'W'::bpchar) AND (cd_education_status = '4 yr Degree'::bpchar) AND (store_sales.ss_sales_price >= '100'::double precision) AND (store_sales.ss_sales_price <= '150'::double precision)) OR ((cd_marital_status = 'M'::bpchar) AND (cd_education_status = 'College'::bpchar) AND (store_sales.ss_sales_price >= '50'::double precision) AND (store_sales.ss_sales_price <= '100'::double precision)) OR ((cd_marital_status = 'D'::bpchar) AND (cd_education_status = 'Primary'::bpchar) AND (store_sales.ss_sales_price >= '150'::double precision) AND (store_sales.ss_sales_price <= '200'::double precision))))
                          Rows Removed by Filter: 1
  sum  
-------
 25298
(1 row)

UPDATE time_statistics SET e_time = TRANSACTION_TIMESTAMP() WHERE template = 'query48.tpl' AND stream = 4;
psql:/tmp/s1-basline/throughput/query_4.sql:1067: NOTICE:  duration: 0.031 ms  plan:
Query Text: UPDATE time_statistics SET e_time = TRANSACTION_TIMESTAMP() WHERE template = 'query48.tpl' AND stream = 4;
Update on time_statistics  (cost=0.00..1.77 rows=0 width=0) (actual time=0.030..0.030 rows=0 loops=1)
  ->  Seq Scan on time_statistics  (cost=0.00..1.77 rows=1 width=14) (actual time=0.015..0.016 rows=1 loops=1)
        Filter: ((template = 'query48.tpl'::text) AND (stream = 4))
        Rows Removed by Filter: 57
UPDATE 1
LOAD 'auto_explain'; SET auto_explain.log_min_duration TO 0; SET auto_explain.log_analyze TO on; SET auto_explain.log_level TO notice; INSERT INTO time_statistics (template, s_time, stream, query, seed) VALUES ('query59.tpl', TRANSACTION_TIMESTAMP(), 4, 18, 877987322);
LOAD
SET
SET
SET
psql:/tmp/s1-basline/throughput/query_4.sql:1068: NOTICE:  duration: 0.009 ms  plan:
Query Text: INSERT INTO time_statistics (template, s_time, stream, query, seed) VALUES ('query59.tpl', TRANSACTION_TIMESTAMP(), 4, 18, 877987322);
Insert on time_statistics  (cost=0.00..0.01 rows=0 width=0) (actual time=0.008..0.009 rows=0 loops=1)
  ->  Result  (cost=0.00..0.01 rows=1 width=64) (actual time=0.002..0.002 rows=1 loops=1)
INSERT 0 1
with wss as 
 (select d_week_seq,
        ss_store_sk,
        sum(case when (d_day_name='Sunday') then ss_sales_price else null end) sun_sales,
        sum(case when (d_day_name='Monday') then ss_sales_price else null end) mon_sales,
        sum(case when (d_day_name='Tuesday') then ss_sales_price else  null end) tue_sales,
        sum(case when (d_day_name='Wednesday') then ss_sales_price else null end) wed_sales,
        sum(case when (d_day_name='Thursday') then ss_sales_price else null end) thu_sales,
        sum(case when (d_day_name='Friday') then ss_sales_price else null end) fri_sales,
        sum(case when (d_day_name='Saturday') then ss_sales_price else null end) sat_sales
 from store_sales,date_dim
 where d_date_sk = ss_sold_date_sk
 group by d_week_seq,ss_store_sk
 )
  select  s_store_name1,s_store_id1,d_week_seq1
       ,sun_sales1/sun_sales2,mon_sales1/mon_sales2
       ,tue_sales1/tue_sales2,wed_sales1/wed_sales2,thu_sales1/thu_sales2
       ,fri_sales1/fri_sales2,sat_sales1/sat_sales2
 from
 (select s_store_name s_store_name1,wss.d_week_seq d_week_seq1
        ,s_store_id s_store_id1,sun_sales sun_sales1
        ,mon_sales mon_sales1,tue_sales tue_sales1
        ,wed_sales wed_sales1,thu_sales thu_sales1
        ,fri_sales fri_sales1,sat_sales sat_sales1
  from wss,store,date_dim d
  where d.d_week_seq = wss.d_week_seq and
        ss_store_sk = s_store_sk and 
        d_month_seq between 1179 and 1179 + 11) y,
 (select s_store_name s_store_name2,wss.d_week_seq d_week_seq2
        ,s_store_id s_store_id2,sun_sales sun_sales2
        ,mon_sales mon_sales2,tue_sales tue_sales2
        ,wed_sales wed_sales2,thu_sales thu_sales2
        ,fri_sales fri_sales2,sat_sales sat_sales2
  from wss,store,date_dim d
  where d.d_week_seq = wss.d_week_seq and
        ss_store_sk = s_store_sk and 
        d_month_seq between 1179+ 12 and 1179 + 23) x
 where s_store_id1=s_store_id2
   and d_week_seq1=d_week_seq2-52
 order by s_store_name1,s_store_id1,d_week_seq1
limit 100;
psql:/tmp/s1-basline/throughput/query_4.sql:1109: NOTICE:  duration: 912.772 ms  plan:
Query Text: with wss as 
 (select d_week_seq,
        ss_store_sk,
        sum(case when (d_day_name='Sunday') then ss_sales_price else null end) sun_sales,
        sum(case when (d_day_name='Monday') then ss_sales_price else null end) mon_sales,
        sum(case when (d_day_name='Tuesday') then ss_sales_price else  null end) tue_sales,
        sum(case when (d_day_name='Wednesday') then ss_sales_price else null end) wed_sales,
        sum(case when (d_day_name='Thursday') then ss_sales_price else null end) thu_sales,
        sum(case when (d_day_name='Friday') then ss_sales_price else null end) fri_sales,
        sum(case when (d_day_name='Saturday') then ss_sales_price else null end) sat_sales
 from store_sales,date_dim
 where d_date_sk = ss_sold_date_sk
 group by d_week_seq,ss_store_sk
 )
  select  s_store_name1,s_store_id1,d_week_seq1
       ,sun_sales1/sun_sales2,mon_sales1/mon_sales2
       ,tue_sales1/tue_sales2,wed_sales1/wed_sales2,thu_sales1/thu_sales2
       ,fri_sales1/fri_sales2,sat_sales1/sat_sales2
 from
 (select s_store_name s_store_name1,wss.d_week_seq d_week_seq1
        ,s_store_id s_store_id1,sun_sales sun_sales1
        ,mon_sales mon_sales1,tue_sales tue_sales1
        ,wed_sales wed_sales1,thu_sales thu_sales1
        ,fri_sales fri_sales1,sat_sales sat_sales1
  from wss,store,date_dim d
  where d.d_week_seq = wss.d_week_seq and
        ss_store_sk = s_store_sk and 
        d_month_seq between 1179 and 1179 + 11) y,
 (select s_store_name s_store_name2,wss.d_week_seq d_week_seq2
        ,s_store_id s_store_id2,sun_sales sun_sales2
        ,mon_sales mon_sales2,tue_sales tue_sales2
        ,wed_sales wed_sales2,thu_sales thu_sales2
        ,fri_sales fri_sales2,sat_sales sat_sales2
  from wss,store,date_dim d
  where d.d_week_seq = wss.d_week_seq and
        ss_store_sk = s_store_sk and 
        d_month_seq between 1179+ 12 and 1179 + 23) x
 where s_store_id1=s_store_id2
   and d_week_seq1=d_week_seq2-52
 order by s_store_name1,s_store_id1,d_week_seq1
limit 100;
Limit  (cost=162700.39..162700.39 rows=1 width=82) (actual time=912.513..912.675 rows=100 loops=1)
  CTE wss
    ->  Finalize HashAggregate  (cost=154089.20..154714.46 rows=62526 width=68) (actual time=762.147..763.011 rows=1834 loops=1)
          Group Key: date_dim.d_week_seq, store_sales.ss_store_sk
          Batches: 1  Memory Usage: 3601kB
          ->  Gather  (cost=138145.07..151275.53 rows=125052 width=68) (actual time=758.550..760.262 rows=5502 loops=1)
                Workers Planned: 2
                Workers Launched: 2
                ->  Partial HashAggregate  (cost=137145.07..137770.33 rows=62526 width=68) (actual time=753.500..754.208 rows=1834 loops=3)
                      Group Key: date_dim.d_week_seq, store_sales.ss_store_sk
                      Batches: 1  Memory Usage: 3601kB
                      Worker 0:  Batches: 1  Memory Usage: 3601kB
                      Worker 1:  Batches: 1  Memory Usage: 3601kB
                      ->  Hash Join  (cost=3048.60..91320.03 rows=1145626 width=30) (actual time=29.627..410.364 rows=916119 loops=3)
                            Hash Cond: (store_sales.ss_sold_date_sk = date_dim.d_date_sk)
                            ->  Parallel Seq Scan on store_sales  (cost=0.00..85123.48 rows=1199148 width=24) (actual time=0.015..129.147 rows=959309 loops=3)
                            ->  Hash  (cost=2135.49..2135.49 rows=73049 width=22) (actual time=29.057..29.058 rows=73049 loops=3)
                                  Buckets: 131072  Batches: 1  Memory Usage: 5019kB
                                  ->  Seq Scan on date_dim  (cost=0.00..2135.49 rows=73049 width=22) (actual time=0.024..17.242 rows=73049 loops=3)
  ->  Sort  (cost=7985.93..7985.94 rows=1 width=82) (actual time=912.513..912.520 rows=100 loops=1)
        Sort Key: store.s_store_name, store.s_store_id, wss.d_week_seq
        Sort Method: top-N heapsort  Memory: 46kB
        ->  Nested Loop  (cost=3971.69..7985.92 rows=1 width=82) (actual time=777.753..908.423 rows=15222 loops=1)
              Join Filter: (wss_1.d_week_seq = d_1.d_week_seq)
              Rows Removed by Join Filter: 786318
              ->  Seq Scan on date_dim d_1  (cost=0.00..2500.73 rows=358 width=4) (actual time=3.613..6.816 rows=366 loops=1)
                    Filter: ((d_month_seq >= 1191) AND (d_month_seq <= 1202))
                    Rows Removed by Filter: 72683
              ->  Materialize  (cost=3971.69..5436.86 rows=9 width=142) (actual time=2.112..2.197 rows=2190 loops=366)
                    ->  Hash Join  (cost=3971.69..5436.82 rows=9 width=142) (actual time=772.986..774.111 rows=2190 loops=1)
                          Hash Cond: (((wss_1.d_week_seq - 52) = d.d_week_seq) AND (store_1.s_store_id = store.s_store_id))
                          ->  Hash Join  (cost=1.27..1419.40 rows=3752 width=77) (actual time=762.178..762.666 rows=1572 loops=1)
                                Hash Cond: (wss_1.ss_store_sk = store_1.s_store_sk)
                                ->  CTE Scan on wss wss_1  (cost=0.00..1250.52 rows=62526 width=68) (actual time=762.149..762.270 rows=1834 loops=1)
                                ->  Hash  (cost=1.12..1.12 rows=12 width=25) (actual time=0.014..0.015 rows=12 loops=1)
                                      Buckets: 1024  Batches: 1  Memory Usage: 9kB
                                      ->  Seq Scan on store store_1  (cost=0.00..1.12 rows=12 width=25) (actual time=0.007..0.009 rows=12 loops=1)
                          ->  Hash  (cost=3968.40..3968.40 rows=135 width=86) (actual time=10.784..10.786 rows=2190 loops=1)
                                Buckets: 4096 (originally 1024)  Batches: 1 (originally 1)  Memory Usage: 298kB
                                ->  Hash Join  (cost=2506.70..3968.40 rows=135 width=86) (actual time=7.914..10.078 rows=2190 loops=1)
                                      Hash Cond: (wss.d_week_seq = d.d_week_seq)
                                      ->  Hash Join  (cost=1.27..1419.40 rows=3752 width=82) (actual time=0.020..1.851 rows=1572 loops=1)
                                            Hash Cond: (wss.ss_store_sk = store.s_store_sk)
                                            ->  CTE Scan on wss  (cost=0.00..1250.52 rows=62526 width=68) (actual time=0.000..1.454 rows=1834 loops=1)
                                            ->  Hash  (cost=1.12..1.12 rows=12 width=30) (actual time=0.008..0.009 rows=12 loops=1)
                                                  Buckets: 1024  Batches: 1  Memory Usage: 9kB
                                                  ->  Seq Scan on store  (cost=0.00..1.12 rows=12 width=30) (actual time=0.002..0.003 rows=12 loops=1)
                                      ->  Hash  (cost=2500.73..2500.73 rows=376 width=4) (actual time=7.876..7.876 rows=365 loops=1)
                                            Buckets: 1024  Batches: 1  Memory Usage: 21kB
                                            ->  Seq Scan on date_dim d  (cost=0.00..2500.73 rows=376 width=4) (actual time=3.497..7.819 rows=365 loops=1)
                                                  Filter: ((d_month_seq >= 1179) AND (d_month_seq <= 1190))
                                                  Rows Removed by Filter: 72684
 s_store_name1 |   s_store_id1    | d_week_seq1 |      ?column?      |      ?column?       |      ?column?      |      ?column?      |      ?column?      |      ?column?      |      ?column?      
---------------+------------------+-------------+--------------------+---------------------+--------------------+--------------------+--------------------+--------------------+--------------------
 able          | AAAAAAAACAAAAAAA |        5127 | 0.6681166830966352 |  1.6040911234582944 | 0.9735567274140556 | 0.5358003647236019 | 1.3556018984610951 |  2.306685472908781 | 1.3142484747508696
 able          | AAAAAAAACAAAAAAA |        5127 | 0.6681166830966352 |  1.6040911234582944 | 0.9735567274140556 | 0.5358003647236019 | 1.3556018984610951 |  2.306685472908781 | 1.3142484747508696
 able          | AAAAAAAACAAAAAAA |        5127 | 0.6681166830966352 |  1.6040911234582944 | 0.9735567274140556 | 0.5358003647236019 | 1.3556018984610951 |  2.306685472908781 | 1.3142484747508696
 able          | AAAAAAAACAAAAAAA |        5127 | 0.6681166830966352 |  1.6040911234582944 | 0.9735567274140556 | 0.5358003647236019 | 1.3556018984610951 |  2.306685472908781 | 1.3142484747508696
 able          | AAAAAAAACAAAAAAA |        5127 | 0.6681166830966352 |  1.6040911234582944 | 0.9735567274140556 | 0.5358003647236019 | 1.3556018984610951 |  2.306685472908781 | 1.3142484747508696
 able          | AAAAAAAACAAAAAAA |        5127 | 0.6681166830966352 |  1.6040911234582944 | 0.9735567274140556 | 0.5358003647236019 | 1.3556018984610951 |  2.306685472908781 | 1.3142484747508696
 able          | AAAAAAAACAAAAAAA |        5127 | 0.6681166830966352 |  1.6040911234582944 | 0.9735567274140556 | 0.5358003647236019 | 1.3556018984610951 |  2.306685472908781 | 1.3142484747508696
 able          | AAAAAAAACAAAAAAA |        5127 | 0.6681166830966352 |  1.6040911234582944 | 0.9735567274140556 | 0.5358003647236019 | 1.3556018984610951 |  2.306685472908781 | 1.3142484747508696
 able          | AAAAAAAACAAAAAAA |        5127 | 0.6681166830966352 |  1.6040911234582944 | 0.9735567274140556 | 0.5358003647236019 | 1.3556018984610951 |  2.306685472908781 | 1.3142484747508696
 able          | AAAAAAAACAAAAAAA |        5127 | 0.6681166830966352 |  1.6040911234582944 | 0.9735567274140556 | 0.5358003647236019 | 1.3556018984610951 |  2.306685472908781 | 1.3142484747508696
 able          | AAAAAAAACAAAAAAA |        5127 | 0.6681166830966352 |  1.6040911234582944 | 0.9735567274140556 | 0.5358003647236019 | 1.3556018984610951 |  2.306685472908781 | 1.3142484747508696
 able          | AAAAAAAACAAAAAAA |        5127 | 0.6681166830966352 |  1.6040911234582944 | 0.9735567274140556 | 0.5358003647236019 | 1.3556018984610951 |  2.306685472908781 | 1.3142484747508696
 able          | AAAAAAAACAAAAAAA |        5127 | 0.6681166830966352 |  1.6040911234582944 | 0.9735567274140556 | 0.5358003647236019 | 1.3556018984610951 |  2.306685472908781 | 1.3142484747508696
 able          | AAAAAAAACAAAAAAA |        5127 | 0.6681166830966352 |  1.6040911234582944 | 0.9735567274140556 | 0.5358003647236019 | 1.3556018984610951 |  2.306685472908781 | 1.3142484747508696
 able          | AAAAAAAACAAAAAAA |        5127 | 0.6681166830966352 |  1.6040911234582944 | 0.9735567274140556 | 0.5358003647236019 | 1.3556018984610951 |  2.306685472908781 | 1.3142484747508696
 able          | AAAAAAAACAAAAAAA |        5127 | 0.6681166830966352 |  1.6040911234582944 | 0.9735567274140556 | 0.5358003647236019 | 1.3556018984610951 |  2.306685472908781 | 1.3142484747508696
 able          | AAAAAAAACAAAAAAA |        5127 | 0.6681166830966352 |  1.6040911234582944 | 0.9735567274140556 | 0.5358003647236019 | 1.3556018984610951 |  2.306685472908781 | 1.3142484747508696
 able          | AAAAAAAACAAAAAAA |        5127 | 0.6681166830966352 |  1.6040911234582944 | 0.9735567274140556 | 0.5358003647236019 | 1.3556018984610951 |  2.306685472908781 | 1.3142484747508696
 able          | AAAAAAAACAAAAAAA |        5127 | 0.6681166830966352 |  1.6040911234582944 | 0.9735567274140556 | 0.5358003647236019 | 1.3556018984610951 |  2.306685472908781 | 1.3142484747508696
 able          | AAAAAAAACAAAAAAA |        5127 | 0.6681166830966352 |  1.6040911234582944 | 0.9735567274140556 | 0.5358003647236019 | 1.3556018984610951 |  2.306685472908781 | 1.3142484747508696
 able          | AAAAAAAACAAAAAAA |        5127 | 0.6681166830966352 |  1.6040911234582944 | 0.9735567274140556 | 0.5358003647236019 | 1.3556018984610951 |  2.306685472908781 | 1.3142484747508696
 able          | AAAAAAAACAAAAAAA |        5127 | 0.6681166830966352 |  1.6040911234582944 | 0.9735567274140556 | 0.5358003647236019 | 1.3556018984610951 |  2.306685472908781 | 1.3142484747508696
 able          | AAAAAAAACAAAAAAA |        5127 | 0.6681166830966352 |  1.6040911234582944 | 0.9735567274140556 | 0.5358003647236019 | 1.3556018984610951 |  2.306685472908781 | 1.3142484747508696
 able          | AAAAAAAACAAAAAAA |        5127 | 0.6681166830966352 |  1.6040911234582944 | 0.9735567274140556 | 0.5358003647236019 | 1.3556018984610951 |  2.306685472908781 | 1.3142484747508696
 able          | AAAAAAAACAAAAAAA |        5127 | 0.6681166830966352 |  1.6040911234582944 | 0.9735567274140556 | 0.5358003647236019 | 1.3556018984610951 |  2.306685472908781 | 1.3142484747508696
 able          | AAAAAAAACAAAAAAA |        5127 | 0.6681166830966352 |  1.6040911234582944 | 0.9735567274140556 | 0.5358003647236019 | 1.3556018984610951 |  2.306685472908781 | 1.3142484747508696
 able          | AAAAAAAACAAAAAAA |        5127 | 0.6681166830966352 |  1.6040911234582944 | 0.9735567274140556 | 0.5358003647236019 | 1.3556018984610951 |  2.306685472908781 | 1.3142484747508696
 able          | AAAAAAAACAAAAAAA |        5127 | 0.6681166830966352 |  1.6040911234582944 | 0.9735567274140556 | 0.5358003647236019 | 1.3556018984610951 |  2.306685472908781 | 1.3142484747508696
 able          | AAAAAAAACAAAAAAA |        5127 | 0.6681166830966352 |  1.6040911234582944 | 0.9735567274140556 | 0.5358003647236019 | 1.3556018984610951 |  2.306685472908781 | 1.3142484747508696
 able          | AAAAAAAACAAAAAAA |        5127 | 0.6681166830966352 |  1.6040911234582944 | 0.9735567274140556 | 0.5358003647236019 | 1.3556018984610951 |  2.306685472908781 | 1.3142484747508696
 able          | AAAAAAAACAAAAAAA |        5128 | 0.8219292998173982 |  1.8215682269899225 |  0.780159931322625 | 1.0674821784730821 |  1.658730708841762 | 0.7862728960004266 | 0.8486022732846688
 able          | AAAAAAAACAAAAAAA |        5128 | 0.8219292998173982 |  1.8215682269899225 |  0.780159931322625 | 1.0674821784730821 |  1.658730708841762 | 0.7862728960004266 | 0.8486022732846688
 able          | AAAAAAAACAAAAAAA |        5128 | 0.8219292998173982 |  1.8215682269899225 |  0.780159931322625 | 1.0674821784730821 |  1.658730708841762 | 0.7862728960004266 | 0.8486022732846688
 able          | AAAAAAAACAAAAAAA |        5128 | 0.8219292998173982 |  1.8215682269899225 |  0.780159931322625 | 1.0674821784730821 |  1.658730708841762 | 0.7862728960004266 | 0.8486022732846688
 able          | AAAAAAAACAAAAAAA |        5128 | 0.8219292998173982 |  1.8215682269899225 |  0.780159931322625 | 1.0674821784730821 |  1.658730708841762 | 0.7862728960004266 | 0.8486022732846688
 able          | AAAAAAAACAAAAAAA |        5128 | 0.8219292998173982 |  1.8215682269899225 |  0.780159931322625 | 1.0674821784730821 |  1.658730708841762 | 0.7862728960004266 | 0.8486022732846688
 able          | AAAAAAAACAAAAAAA |        5128 | 0.8219292998173982 |  1.8215682269899225 |  0.780159931322625 | 1.0674821784730821 |  1.658730708841762 | 0.7862728960004266 | 0.8486022732846688
 able          | AAAAAAAACAAAAAAA |        5128 | 0.8219292998173982 |  1.8215682269899225 |  0.780159931322625 | 1.0674821784730821 |  1.658730708841762 | 0.7862728960004266 | 0.8486022732846688
 able          | AAAAAAAACAAAAAAA |        5128 | 0.8219292998173982 |  1.8215682269899225 |  0.780159931322625 | 1.0674821784730821 |  1.658730708841762 | 0.7862728960004266 | 0.8486022732846688
 able          | AAAAAAAACAAAAAAA |        5128 | 0.8219292998173982 |  1.8215682269899225 |  0.780159931322625 | 1.0674821784730821 |  1.658730708841762 | 0.7862728960004266 | 0.8486022732846688
 able          | AAAAAAAACAAAAAAA |        5128 | 0.8219292998173982 |  1.8215682269899225 |  0.780159931322625 | 1.0674821784730821 |  1.658730708841762 | 0.7862728960004266 | 0.8486022732846688
 able          | AAAAAAAACAAAAAAA |        5128 | 0.8219292998173982 |  1.8215682269899225 |  0.780159931322625 | 1.0674821784730821 |  1.658730708841762 | 0.7862728960004266 | 0.8486022732846688
 able          | AAAAAAAACAAAAAAA |        5128 | 0.8219292998173982 |  1.8215682269899225 |  0.780159931322625 | 1.0674821784730821 |  1.658730708841762 | 0.7862728960004266 | 0.8486022732846688
 able          | AAAAAAAACAAAAAAA |        5128 | 0.8219292998173982 |  1.8215682269899225 |  0.780159931322625 | 1.0674821784730821 |  1.658730708841762 | 0.7862728960004266 | 0.8486022732846688
 able          | AAAAAAAACAAAAAAA |        5128 | 0.8219292998173982 |  1.8215682269899225 |  0.780159931322625 | 1.0674821784730821 |  1.658730708841762 | 0.7862728960004266 | 0.8486022732846688
 able          | AAAAAAAACAAAAAAA |        5128 | 0.8219292998173982 |  1.8215682269899225 |  0.780159931322625 | 1.0674821784730821 |  1.658730708841762 | 0.7862728960004266 | 0.8486022732846688
 able          | AAAAAAAACAAAAAAA |        5128 | 0.8219292998173982 |  1.8215682269899225 |  0.780159931322625 | 1.0674821784730821 |  1.658730708841762 | 0.7862728960004266 | 0.8486022732846688
 able          | AAAAAAAACAAAAAAA |        5128 | 0.8219292998173982 |  1.8215682269899225 |  0.780159931322625 | 1.0674821784730821 |  1.658730708841762 | 0.7862728960004266 | 0.8486022732846688
 able          | AAAAAAAACAAAAAAA |        5128 | 0.8219292998173982 |  1.8215682269899225 |  0.780159931322625 | 1.0674821784730821 |  1.658730708841762 | 0.7862728960004266 | 0.8486022732846688
 able          | AAAAAAAACAAAAAAA |        5128 | 0.8219292998173982 |  1.8215682269899225 |  0.780159931322625 | 1.0674821784730821 |  1.658730708841762 | 0.7862728960004266 | 0.8486022732846688
 able          | AAAAAAAACAAAAAAA |        5128 | 0.8219292998173982 |  1.8215682269899225 |  0.780159931322625 | 1.0674821784730821 |  1.658730708841762 | 0.7862728960004266 | 0.8486022732846688
 able          | AAAAAAAACAAAAAAA |        5128 | 0.8219292998173982 |  1.8215682269899225 |  0.780159931322625 | 1.0674821784730821 |  1.658730708841762 | 0.7862728960004266 | 0.8486022732846688
 able          | AAAAAAAACAAAAAAA |        5128 | 0.8219292998173982 |  1.8215682269899225 |  0.780159931322625 | 1.0674821784730821 |  1.658730708841762 | 0.7862728960004266 | 0.8486022732846688
 able          | AAAAAAAACAAAAAAA |        5128 | 0.8219292998173982 |  1.8215682269899225 |  0.780159931322625 | 1.0674821784730821 |  1.658730708841762 | 0.7862728960004266 | 0.8486022732846688
 able          | AAAAAAAACAAAAAAA |        5128 | 0.8219292998173982 |  1.8215682269899225 |  0.780159931322625 | 1.0674821784730821 |  1.658730708841762 | 0.7862728960004266 | 0.8486022732846688
 able          | AAAAAAAACAAAAAAA |        5128 | 0.8219292998173982 |  1.8215682269899225 |  0.780159931322625 | 1.0674821784730821 |  1.658730708841762 | 0.7862728960004266 | 0.8486022732846688
 able          | AAAAAAAACAAAAAAA |        5128 | 0.8219292998173982 |  1.8215682269899225 |  0.780159931322625 | 1.0674821784730821 |  1.658730708841762 | 0.7862728960004266 | 0.8486022732846688
 able          | AAAAAAAACAAAAAAA |        5128 | 0.8219292998173982 |  1.8215682269899225 |  0.780159931322625 | 1.0674821784730821 |  1.658730708841762 | 0.7862728960004266 | 0.8486022732846688
 able          | AAAAAAAACAAAAAAA |        5128 | 0.8219292998173982 |  1.8215682269899225 |  0.780159931322625 | 1.0674821784730821 |  1.658730708841762 | 0.7862728960004266 | 0.8486022732846688
 able          | AAAAAAAACAAAAAAA |        5128 | 0.8219292998173982 |  1.8215682269899225 |  0.780159931322625 | 1.0674821784730821 |  1.658730708841762 | 0.7862728960004266 | 0.8486022732846688
 able          | AAAAAAAACAAAAAAA |        5128 | 0.8219292998173982 |  1.8215682269899225 |  0.780159931322625 | 1.0674821784730821 |  1.658730708841762 | 0.7862728960004266 | 0.8486022732846688
 able          | AAAAAAAACAAAAAAA |        5128 | 0.8219292998173982 |  1.8215682269899225 |  0.780159931322625 | 1.0674821784730821 |  1.658730708841762 | 0.7862728960004266 | 0.8486022732846688
 able          | AAAAAAAACAAAAAAA |        5128 | 0.8219292998173982 |  1.8215682269899225 |  0.780159931322625 | 1.0674821784730821 |  1.658730708841762 | 0.7862728960004266 | 0.8486022732846688
 able          | AAAAAAAACAAAAAAA |        5128 | 0.8219292998173982 |  1.8215682269899225 |  0.780159931322625 | 1.0674821784730821 |  1.658730708841762 | 0.7862728960004266 | 0.8486022732846688
 able          | AAAAAAAACAAAAAAA |        5128 | 0.8219292998173982 |  1.8215682269899225 |  0.780159931322625 | 1.0674821784730821 |  1.658730708841762 | 0.7862728960004266 | 0.8486022732846688
 able          | AAAAAAAACAAAAAAA |        5128 | 0.8219292998173982 |  1.8215682269899225 |  0.780159931322625 | 1.0674821784730821 |  1.658730708841762 | 0.7862728960004266 | 0.8486022732846688
 able          | AAAAAAAACAAAAAAA |        5128 | 0.8219292998173982 |  1.8215682269899225 |  0.780159931322625 | 1.0674821784730821 |  1.658730708841762 | 0.7862728960004266 | 0.8486022732846688
 able          | AAAAAAAACAAAAAAA |        5128 | 0.8219292998173982 |  1.8215682269899225 |  0.780159931322625 | 1.0674821784730821 |  1.658730708841762 | 0.7862728960004266 | 0.8486022732846688
 able          | AAAAAAAACAAAAAAA |        5128 | 0.8219292998173982 |  1.8215682269899225 |  0.780159931322625 | 1.0674821784730821 |  1.658730708841762 | 0.7862728960004266 | 0.8486022732846688
 able          | AAAAAAAACAAAAAAA |        5128 | 0.8219292998173982 |  1.8215682269899225 |  0.780159931322625 | 1.0674821784730821 |  1.658730708841762 | 0.7862728960004266 | 0.8486022732846688
 able          | AAAAAAAACAAAAAAA |        5128 | 0.8219292998173982 |  1.8215682269899225 |  0.780159931322625 | 1.0674821784730821 |  1.658730708841762 | 0.7862728960004266 | 0.8486022732846688
 able          | AAAAAAAACAAAAAAA |        5128 | 0.8219292998173982 |  1.8215682269899225 |  0.780159931322625 | 1.0674821784730821 |  1.658730708841762 | 0.7862728960004266 | 0.8486022732846688
 able          | AAAAAAAACAAAAAAA |        5128 | 0.8219292998173982 |  1.8215682269899225 |  0.780159931322625 | 1.0674821784730821 |  1.658730708841762 | 0.7862728960004266 | 0.8486022732846688
 able          | AAAAAAAACAAAAAAA |        5128 | 0.8219292998173982 |  1.8215682269899225 |  0.780159931322625 | 1.0674821784730821 |  1.658730708841762 | 0.7862728960004266 | 0.8486022732846688
 able          | AAAAAAAACAAAAAAA |        5128 | 0.8219292998173982 |  1.8215682269899225 |  0.780159931322625 | 1.0674821784730821 |  1.658730708841762 | 0.7862728960004266 | 0.8486022732846688
 able          | AAAAAAAACAAAAAAA |        5128 | 0.8219292998173982 |  1.8215682269899225 |  0.780159931322625 | 1.0674821784730821 |  1.658730708841762 | 0.7862728960004266 | 0.8486022732846688
 able          | AAAAAAAACAAAAAAA |        5128 | 0.8219292998173982 |  1.8215682269899225 |  0.780159931322625 | 1.0674821784730821 |  1.658730708841762 | 0.7862728960004266 | 0.8486022732846688
 able          | AAAAAAAACAAAAAAA |        5128 | 0.8219292998173982 |  1.8215682269899225 |  0.780159931322625 | 1.0674821784730821 |  1.658730708841762 | 0.7862728960004266 | 0.8486022732846688
 able          | AAAAAAAACAAAAAAA |        5128 | 0.8219292998173982 |  1.8215682269899225 |  0.780159931322625 | 1.0674821784730821 |  1.658730708841762 | 0.7862728960004266 | 0.8486022732846688
 able          | AAAAAAAACAAAAAAA |        5129 | 0.6589514237155686 | 0.29566275765438216 | 1.0577147054407336 | 0.6894687837195002 | 0.9362196830049984 | 1.2006768205939906 | 1.8771381021811813
 able          | AAAAAAAACAAAAAAA |        5129 | 0.6589514237155686 | 0.29566275765438216 | 1.0577147054407336 | 0.6894687837195002 | 0.9362196830049984 | 1.2006768205939906 | 1.8771381021811813
 able          | AAAAAAAACAAAAAAA |        5129 | 0.6589514237155686 | 0.29566275765438216 | 1.0577147054407336 | 0.6894687837195002 | 0.9362196830049984 | 1.2006768205939906 | 1.8771381021811813
 able          | AAAAAAAACAAAAAAA |        5129 | 0.6589514237155686 | 0.29566275765438216 | 1.0577147054407336 | 0.6894687837195002 | 0.9362196830049984 | 1.2006768205939906 | 1.8771381021811813
 able          | AAAAAAAACAAAAAAA |        5129 | 0.6589514237155686 | 0.29566275765438216 | 1.0577147054407336 | 0.6894687837195002 | 0.9362196830049984 | 1.2006768205939906 | 1.8771381021811813
 able          | AAAAAAAACAAAAAAA |        5129 | 0.6589514237155686 | 0.29566275765438216 | 1.0577147054407336 | 0.6894687837195002 | 0.9362196830049984 | 1.2006768205939906 | 1.8771381021811813
 able          | AAAAAAAACAAAAAAA |        5129 | 0.6589514237155686 | 0.29566275765438216 | 1.0577147054407336 | 0.6894687837195002 | 0.9362196830049984 | 1.2006768205939906 | 1.8771381021811813
 able          | AAAAAAAACAAAAAAA |        5129 | 0.6589514237155686 | 0.29566275765438216 | 1.0577147054407336 | 0.6894687837195002 | 0.9362196830049984 | 1.2006768205939906 | 1.8771381021811813
 able          | AAAAAAAACAAAAAAA |        5129 | 0.6589514237155686 | 0.29566275765438216 | 1.0577147054407336 | 0.6894687837195002 | 0.9362196830049984 | 1.2006768205939906 | 1.8771381021811813
 able          | AAAAAAAACAAAAAAA |        5129 | 0.6589514237155686 | 0.29566275765438216 | 1.0577147054407336 | 0.6894687837195002 | 0.9362196830049984 | 1.2006768205939906 | 1.8771381021811813
 able          | AAAAAAAACAAAAAAA |        5129 | 0.6589514237155686 | 0.29566275765438216 | 1.0577147054407336 | 0.6894687837195002 | 0.9362196830049984 | 1.2006768205939906 | 1.8771381021811813
 able          | AAAAAAAACAAAAAAA |        5129 | 0.6589514237155686 | 0.29566275765438216 | 1.0577147054407336 | 0.6894687837195002 | 0.9362196830049984 | 1.2006768205939906 | 1.8771381021811813
 able          | AAAAAAAACAAAAAAA |        5129 | 0.6589514237155686 | 0.29566275765438216 | 1.0577147054407336 | 0.6894687837195002 | 0.9362196830049984 | 1.2006768205939906 | 1.8771381021811813
 able          | AAAAAAAACAAAAAAA |        5129 | 0.6589514237155686 | 0.29566275765438216 | 1.0577147054407336 | 0.6894687837195002 | 0.9362196830049984 | 1.2006768205939906 | 1.8771381021811813
 able          | AAAAAAAACAAAAAAA |        5129 | 0.6589514237155686 | 0.29566275765438216 | 1.0577147054407336 | 0.6894687837195002 | 0.9362196830049984 | 1.2006768205939906 | 1.8771381021811813
 able          | AAAAAAAACAAAAAAA |        5129 | 0.6589514237155686 | 0.29566275765438216 | 1.0577147054407336 | 0.6894687837195002 | 0.9362196830049984 | 1.2006768205939906 | 1.8771381021811813
 able          | AAAAAAAACAAAAAAA |        5129 | 0.6589514237155686 | 0.29566275765438216 | 1.0577147054407336 | 0.6894687837195002 | 0.9362196830049984 | 1.2006768205939906 | 1.8771381021811813
 able          | AAAAAAAACAAAAAAA |        5129 | 0.6589514237155686 | 0.29566275765438216 | 1.0577147054407336 | 0.6894687837195002 | 0.9362196830049984 | 1.2006768205939906 | 1.8771381021811813
 able          | AAAAAAAACAAAAAAA |        5129 | 0.6589514237155686 | 0.29566275765438216 | 1.0577147054407336 | 0.6894687837195002 | 0.9362196830049984 | 1.2006768205939906 | 1.8771381021811813
 able          | AAAAAAAACAAAAAAA |        5129 | 0.6589514237155686 | 0.29566275765438216 | 1.0577147054407336 | 0.6894687837195002 | 0.9362196830049984 | 1.2006768205939906 | 1.8771381021811813
 able          | AAAAAAAACAAAAAAA |        5129 | 0.6589514237155686 | 0.29566275765438216 | 1.0577147054407336 | 0.6894687837195002 | 0.9362196830049984 | 1.2006768205939906 | 1.8771381021811813
(100 rows)

UPDATE time_statistics SET e_time = TRANSACTION_TIMESTAMP() WHERE template = 'query59.tpl' AND stream = 4;
psql:/tmp/s1-basline/throughput/query_4.sql:1111: NOTICE:  duration: 0.033 ms  plan:
Query Text: UPDATE time_statistics SET e_time = TRANSACTION_TIMESTAMP() WHERE template = 'query59.tpl' AND stream = 4;
Update on time_statistics  (cost=0.00..1.77 rows=0 width=0) (actual time=0.032..0.032 rows=0 loops=1)
  ->  Seq Scan on time_statistics  (cost=0.00..1.77 rows=1 width=14) (actual time=0.017..0.017 rows=1 loops=1)
        Filter: ((template = 'query59.tpl'::text) AND (stream = 4))
        Rows Removed by Filter: 58
UPDATE 1
LOAD 'auto_explain'; SET auto_explain.log_min_duration TO 0; SET auto_explain.log_analyze TO on; SET auto_explain.log_level TO notice; INSERT INTO time_statistics (template, s_time, stream, query, seed) VALUES ('../query_postgresql/query2.tpl', TRANSACTION_TIMESTAMP(), 4, 19, 972782317);
LOAD
SET
SET
SET
psql:/tmp/s1-basline/throughput/query_4.sql:1112: NOTICE:  duration: 0.009 ms  plan:
Query Text: INSERT INTO time_statistics (template, s_time, stream, query, seed) VALUES ('../query_postgresql/query2.tpl', TRANSACTION_TIMESTAMP(), 4, 19, 972782317);
Insert on time_statistics  (cost=0.00..0.01 rows=0 width=0) (actual time=0.008..0.008 rows=0 loops=1)
  ->  Result  (cost=0.00..0.01 rows=1 width=64) (actual time=0.001..0.001 rows=1 loops=1)
INSERT 0 1
with wscs as
 (select sold_date_sk
        ,sales_price
  from (select ws_sold_date_sk sold_date_sk
              ,ws_ext_sales_price sales_price
        from web_sales 
        union all
        select cs_sold_date_sk sold_date_sk
              ,cs_ext_sales_price sales_price
        from catalog_sales) x),
 wswscs as 
 (select d_week_seq,
        sum(case when (d_day_name='Sunday') then sales_price else null end) sun_sales,
        sum(case when (d_day_name='Monday') then sales_price else null end) mon_sales,
        sum(case when (d_day_name='Tuesday') then sales_price else  null end) tue_sales,
        sum(case when (d_day_name='Wednesday') then sales_price else null end) wed_sales,
        sum(case when (d_day_name='Thursday') then sales_price else null end) thu_sales,
        sum(case when (d_day_name='Friday') then sales_price else null end) fri_sales,
        sum(case when (d_day_name='Saturday') then sales_price else null end) sat_sales
 from wscs
     ,date_dim
 where d_date_sk = sold_date_sk
 group by d_week_seq)
 select d_week_seq1
       ,round(cast(sun_sales1/sun_sales2 AS NUMERIC),2)
       ,round(cast(mon_sales1/mon_sales2 AS NUMERIC),2)
       ,round(cast(tue_sales1/tue_sales2 AS NUMERIC),2)
       ,round(cast(wed_sales1/wed_sales2 AS NUMERIC),2)
       ,round(cast(thu_sales1/thu_sales2 AS NUMERIC),2)
       ,round(cast(fri_sales1/fri_sales2 AS NUMERIC),2)
       ,round(cast(sat_sales1/sat_sales2 AS NUMERIC),2)
 from
 (select wswscs.d_week_seq d_week_seq1
        ,sun_sales sun_sales1
        ,mon_sales mon_sales1
        ,tue_sales tue_sales1
        ,wed_sales wed_sales1
        ,thu_sales thu_sales1
        ,fri_sales fri_sales1
        ,sat_sales sat_sales1
  from wswscs,date_dim 
  where date_dim.d_week_seq = wswscs.d_week_seq and
        d_year = 1999) y,
 (select wswscs.d_week_seq d_week_seq2
        ,sun_sales sun_sales2
        ,mon_sales mon_sales2
        ,tue_sales tue_sales2
        ,wed_sales wed_sales2
        ,thu_sales thu_sales2
        ,fri_sales fri_sales2
        ,sat_sales sat_sales2
  from wswscs
      ,date_dim 
  where date_dim.d_week_seq = wswscs.d_week_seq and
        d_year = 1999+1) z
 where d_week_seq1=d_week_seq2-53
 order by d_week_seq1;
psql:/tmp/s1-basline/throughput/query_4.sql:1169: NOTICE:  duration: 757.441 ms  plan:
Query Text: with wscs as
 (select sold_date_sk
        ,sales_price
  from (select ws_sold_date_sk sold_date_sk
              ,ws_ext_sales_price sales_price
        from web_sales 
        union all
        select cs_sold_date_sk sold_date_sk
              ,cs_ext_sales_price sales_price
        from catalog_sales) x),
 wswscs as 
 (select d_week_seq,
        sum(case when (d_day_name='Sunday') then sales_price else null end) sun_sales,
        sum(case when (d_day_name='Monday') then sales_price else null end) mon_sales,
        sum(case when (d_day_name='Tuesday') then sales_price else  null end) tue_sales,
        sum(case when (d_day_name='Wednesday') then sales_price else null end) wed_sales,
        sum(case when (d_day_name='Thursday') then sales_price else null end) thu_sales,
        sum(case when (d_day_name='Friday') then sales_price else null end) fri_sales,
        sum(case when (d_day_name='Saturday') then sales_price else null end) sat_sales
 from wscs
     ,date_dim
 where d_date_sk = sold_date_sk
 group by d_week_seq)
 select d_week_seq1
       ,round(cast(sun_sales1/sun_sales2 AS NUMERIC),2)
       ,round(cast(mon_sales1/mon_sales2 AS NUMERIC),2)
       ,round(cast(tue_sales1/tue_sales2 AS NUMERIC),2)
       ,round(cast(wed_sales1/wed_sales2 AS NUMERIC),2)
       ,round(cast(thu_sales1/thu_sales2 AS NUMERIC),2)
       ,round(cast(fri_sales1/fri_sales2 AS NUMERIC),2)
       ,round(cast(sat_sales1/sat_sales2 AS NUMERIC),2)
 from
 (select wswscs.d_week_seq d_week_seq1
        ,sun_sales sun_sales1
        ,mon_sales mon_sales1
        ,tue_sales tue_sales1
        ,wed_sales wed_sales1
        ,thu_sales thu_sales1
        ,fri_sales fri_sales1
        ,sat_sales sat_sales1
  from wswscs,date_dim 
  where date_dim.d_week_seq = wswscs.d_week_seq and
        d_year = 1999) y,
 (select wswscs.d_week_seq d_week_seq2
        ,sun_sales sun_sales2
        ,mon_sales mon_sales2
        ,tue_sales tue_sales2
        ,wed_sales wed_sales2
        ,thu_sales thu_sales2
        ,fri_sales fri_sales2
        ,sat_sales sat_sales2
  from wswscs
      ,date_dim 
  where date_dim.d_week_seq = wswscs.d_week_seq and
        d_year = 1999+1) z
 where d_week_seq1=d_week_seq2-53
 order by d_week_seq1;
Sort  (cost=142559.23..142559.27 rows=13 width=228) (actual time=702.078..755.808 rows=2520 loops=1)
  Sort Key: wswscs.d_week_seq
  Sort Method: quicksort  Memory: 317kB
  CTE wswscs
    ->  Finalize GroupAggregate  (cost=134351.24..137304.03 rows=10421 width=60) (actual time=675.144..729.116 rows=263 loops=1)
          Group Key: date_dim_2.d_week_seq
          ->  Gather Merge  (cost=134351.24..136782.98 rows=20842 width=60) (actual time=675.137..728.903 rows=789 loops=1)
                Workers Planned: 2
                Workers Launched: 2
                ->  Sort  (cost=133351.22..133377.27 rows=10421 width=60) (actual time=670.726..670.742 rows=263 loops=3)
                      Sort Key: date_dim_2.d_week_seq
                      Sort Method: quicksort  Memory: 51kB
                      Worker 0:  Sort Method: quicksort  Memory: 51kB
                      Worker 1:  Sort Method: quicksort  Memory: 47kB
                      ->  Partial HashAggregate  (cost=132551.55..132655.76 rows=10421 width=60) (actual time=670.547..670.641 rows=263 loops=3)
                            Group Key: date_dim_2.d_week_seq
                            Batches: 1  Memory Usage: 465kB
                            Worker 0:  Batches: 1  Memory Usage: 465kB
                            Worker 1:  Batches: 1  Memory Usage: 465kB
                            ->  Hash Join  (cost=3048.60..98819.02 rows=899534 width=22) (actual time=29.575..425.559 rows=717171 loops=3)
                                  Hash Cond: (catalog_sales.cs_sold_date_sk = date_dim_2.d_date_sk)
                                  ->  Parallel Append  (cost=0.00..93409.01 rows=899534 width=16) (actual time=0.020..273.485 rows=719628 loops=3)
                                        ->  Parallel Seq Scan on catalog_sales  (cost=0.00..59266.53 rows=599753 width=16) (actual time=0.015..156.481 rows=479804 loops=3)
                                        ->  Parallel Seq Scan on web_sales  (cost=0.00..29644.81 rows=299781 width=16) (actual time=0.016..110.936 rows=359737 loops=2)
                                  ->  Hash  (cost=2135.49..2135.49 rows=73049 width=22) (actual time=29.136..29.136 rows=73049 loops=3)
                                        Buckets: 131072  Batches: 1  Memory Usage: 5019kB
                                        ->  Seq Scan on date_dim date_dim_2  (cost=0.00..2135.49 rows=73049 width=22) (actual time=0.022..17.563 rows=73049 loops=3)
  ->  Hash Join  (cost=5006.66..5254.97 rows=13 width=228) (actual time=691.834..701.640 rows=2520 loops=1)
        Hash Cond: (wswscs.d_week_seq = date_dim.d_week_seq)
        ->  CTE Scan on wswscs  (cost=0.00..208.42 rows=10421 width=60) (actual time=675.146..675.165 rows=263 loops=1)
        ->  Hash  (cost=5006.49..5006.49 rows=13 width=64) (actual time=16.655..16.656 rows=2520 loops=1)
              Buckets: 4096 (originally 1024)  Batches: 1 (originally 1)  Memory Usage: 279kB
              ->  Merge Join  (cost=5000.92..5006.49 rows=13 width=64) (actual time=15.766..16.208 rows=2520 loops=1)
                    Merge Cond: (((wswscs_1.d_week_seq - 53)) = date_dim.d_week_seq)
                    ->  Sort  (cost=2667.37..2668.28 rows=363 width=60) (actual time=9.078..9.093 rows=366 loops=1)
                          Sort Key: ((wswscs_1.d_week_seq - 53))
                          Sort Method: quicksort  Memory: 62kB
                          ->  Hash Join  (cost=2322.65..2651.94 rows=363 width=60) (actual time=8.719..9.015 rows=366 loops=1)
                                Hash Cond: (wswscs_1.d_week_seq = date_dim_1.d_week_seq)
                                ->  CTE Scan on wswscs wswscs_1  (cost=0.00..208.42 rows=10421 width=60) (actual time=0.001..0.423 rows=263 loops=1)
                                ->  Hash  (cost=2318.11..2318.11 rows=363 width=4) (actual time=8.522..8.523 rows=366 loops=1)
                                      Buckets: 1024  Batches: 1  Memory Usage: 21kB
                                      ->  Seq Scan on date_dim date_dim_1  (cost=0.00..2318.11 rows=363 width=4) (actual time=4.134..8.483 rows=366 loops=1)
                                            Filter: (d_year = 2000)
                                            Rows Removed by Filter: 72683
                    ->  Sort  (cost=2333.55..2334.45 rows=363 width=4) (actual time=6.683..6.785 rows=2521 loops=1)
                          Sort Key: date_dim.d_week_seq
                          Sort Method: quicksort  Memory: 25kB
                          ->  Seq Scan on date_dim  (cost=0.00..2318.11 rows=363 width=4) (actual time=3.282..6.663 rows=365 loops=1)
                                Filter: (d_year = 1999)
                                Rows Removed by Filter: 72684
 d_week_seq1 | round | round | round | round | round | round | round 
-------------+-------+-------+-------+-------+-------+-------+-------
        5166 |  1.13 |  1.19 |  3.07 |  3.79 |  4.65 |  2.04 |  2.20
        5166 |  1.13 |  1.19 |  3.07 |  3.79 |  4.65 |  2.04 |  2.20
        5166 |  1.13 |  1.19 |  3.07 |  3.79 |  4.65 |  2.04 |  2.20
        5166 |  1.13 |  1.19 |  3.07 |  3.79 |  4.65 |  2.04 |  2.20
        5166 |  1.13 |  1.19 |  3.07 |  3.79 |  4.65 |  2.04 |  2.20
        5166 |  1.13 |  1.19 |  3.07 |  3.79 |  4.65 |  2.04 |  2.20
        5166 |  1.13 |  1.19 |  3.07 |  3.79 |  4.65 |  2.04 |  2.20
        5166 |  1.13 |  1.19 |  3.07 |  3.79 |  4.65 |  2.04 |  2.20
        5166 |  1.13 |  1.19 |  3.07 |  3.79 |  4.65 |  2.04 |  2.20
        5166 |  1.13 |  1.19 |  3.07 |  3.79 |  4.65 |  2.04 |  2.20
        5166 |  1.13 |  1.19 |  3.07 |  3.79 |  4.65 |  2.04 |  2.20
        5166 |  1.13 |  1.19 |  3.07 |  3.79 |  4.65 |  2.04 |  2.20
        5166 |  1.13 |  1.19 |  3.07 |  3.79 |  4.65 |  2.04 |  2.20
        5166 |  1.13 |  1.19 |  3.07 |  3.79 |  4.65 |  2.04 |  2.20
        5166 |  1.13 |  1.19 |  3.07 |  3.79 |  4.65 |  2.04 |  2.20
        5166 |  1.13 |  1.19 |  3.07 |  3.79 |  4.65 |  2.04 |  2.20
        5166 |  1.13 |  1.19 |  3.07 |  3.79 |  4.65 |  2.04 |  2.20
        5166 |  1.13 |  1.19 |  3.07 |  3.79 |  4.65 |  2.04 |  2.20
        5166 |  1.13 |  1.19 |  3.07 |  3.79 |  4.65 |  2.04 |  2.20
        5166 |  1.13 |  1.19 |  3.07 |  3.79 |  4.65 |  2.04 |  2.20
        5166 |  1.13 |  1.19 |  3.07 |  3.79 |  4.65 |  2.04 |  2.20
        5166 |  1.13 |  1.19 |  3.07 |  3.79 |  4.65 |  2.04 |  2.20
        5166 |  1.13 |  1.19 |  3.07 |  3.79 |  4.65 |  2.04 |  2.20
        5166 |  1.13 |  1.19 |  3.07 |  3.79 |  4.65 |  2.04 |  2.20
        5166 |  1.13 |  1.19 |  3.07 |  3.79 |  4.65 |  2.04 |  2.20
        5166 |  1.13 |  1.19 |  3.07 |  3.79 |  4.65 |  2.04 |  2.20
        5166 |  1.13 |  1.19 |  3.07 |  3.79 |  4.65 |  2.04 |  2.20
        5166 |  1.13 |  1.19 |  3.07 |  3.79 |  4.65 |  2.04 |  2.20
        5167 |  1.28 |  0.92 |  1.19 |  1.08 |  1.33 |  0.97 |  0.79
        5167 |  1.28 |  0.92 |  1.19 |  1.08 |  1.33 |  0.97 |  0.79
        5167 |  1.28 |  0.92 |  1.19 |  1.08 |  1.33 |  0.97 |  0.79
        5167 |  1.28 |  0.92 |  1.19 |  1.08 |  1.33 |  0.97 |  0.79
        5167 |  1.28 |  0.92 |  1.19 |  1.08 |  1.33 |  0.97 |  0.79
        5167 |  1.28 |  0.92 |  1.19 |  1.08 |  1.33 |  0.97 |  0.79
        5167 |  1.28 |  0.92 |  1.19 |  1.08 |  1.33 |  0.97 |  0.79
        5167 |  1.28 |  0.92 |  1.19 |  1.08 |  1.33 |  0.97 |  0.79
        5167 |  1.28 |  0.92 |  1.19 |  1.08 |  1.33 |  0.97 |  0.79
        5167 |  1.28 |  0.92 |  1.19 |  1.08 |  1.33 |  0.97 |  0.79
        5167 |  1.28 |  0.92 |  1.19 |  1.08 |  1.33 |  0.97 |  0.79
        5167 |  1.28 |  0.92 |  1.19 |  1.08 |  1.33 |  0.97 |  0.79
        5167 |  1.28 |  0.92 |  1.19 |  1.08 |  1.33 |  0.97 |  0.79
        5167 |  1.28 |  0.92 |  1.19 |  1.08 |  1.33 |  0.97 |  0.79
        5167 |  1.28 |  0.92 |  1.19 |  1.08 |  1.33 |  0.97 |  0.79
        5167 |  1.28 |  0.92 |  1.19 |  1.08 |  1.33 |  0.97 |  0.79
        5167 |  1.28 |  0.92 |  1.19 |  1.08 |  1.33 |  0.97 |  0.79
        5167 |  1.28 |  0.92 |  1.19 |  1.08 |  1.33 |  0.97 |  0.79
        5167 |  1.28 |  0.92 |  1.19 |  1.08 |  1.33 |  0.97 |  0.79
        5167 |  1.28 |  0.92 |  1.19 |  1.08 |  1.33 |  0.97 |  0.79
        5167 |  1.28 |  0.92 |  1.19 |  1.08 |  1.33 |  0.97 |  0.79
        5167 |  1.28 |  0.92 |  1.19 |  1.08 |  1.33 |  0.97 |  0.79
        5167 |  1.28 |  0.92 |  1.19 |  1.08 |  1.33 |  0.97 |  0.79
        5167 |  1.28 |  0.92 |  1.19 |  1.08 |  1.33 |  0.97 |  0.79
        5167 |  1.28 |  0.92 |  1.19 |  1.08 |  1.33 |  0.97 |  0.79
        5167 |  1.28 |  0.92 |  1.19 |  1.08 |  1.33 |  0.97 |  0.79
        5167 |  1.28 |  0.92 |  1.19 |  1.08 |  1.33 |  0.97 |  0.79
        5167 |  1.28 |  0.92 |  1.19 |  1.08 |  1.33 |  0.97 |  0.79
        5167 |  1.28 |  0.92 |  1.19 |  1.08 |  1.33 |  0.97 |  0.79
        5167 |  1.28 |  0.92 |  1.19 |  1.08 |  1.33 |  0.97 |  0.79
        5167 |  1.28 |  0.92 |  1.19 |  1.08 |  1.33 |  0.97 |  0.79
        5167 |  1.28 |  0.92 |  1.19 |  1.08 |  1.33 |  0.97 |  0.79
        5167 |  1.28 |  0.92 |  1.19 |  1.08 |  1.33 |  0.97 |  0.79
        5167 |  1.28 |  0.92 |  1.19 |  1.08 |  1.33 |  0.97 |  0.79
        5167 |  1.28 |  0.92 |  1.19 |  1.08 |  1.33 |  0.97 |  0.79
        5167 |  1.28 |  0.92 |  1.19 |  1.08 |  1.33 |  0.97 |  0.79
        5167 |  1.28 |  0.92 |  1.19 |  1.08 |  1.33 |  0.97 |  0.79
        5167 |  1.28 |  0.92 |  1.19 |  1.08 |  1.33 |  0.97 |  0.79
        5167 |  1.28 |  0.92 |  1.19 |  1.08 |  1.33 |  0.97 |  0.79
        5167 |  1.28 |  0.92 |  1.19 |  1.08 |  1.33 |  0.97 |  0.79
        5167 |  1.28 |  0.92 |  1.19 |  1.08 |  1.33 |  0.97 |  0.79
        5167 |  1.28 |  0.92 |  1.19 |  1.08 |  1.33 |  0.97 |  0.79
        5167 |  1.28 |  0.92 |  1.19 |  1.08 |  1.33 |  0.97 |  0.79
        5167 |  1.28 |  0.92 |  1.19 |  1.08 |  1.33 |  0.97 |  0.79
        5167 |  1.28 |  0.92 |  1.19 |  1.08 |  1.33 |  0.97 |  0.79
        5167 |  1.28 |  0.92 |  1.19 |  1.08 |  1.33 |  0.97 |  0.79
        5167 |  1.28 |  0.92 |  1.19 |  1.08 |  1.33 |  0.97 |  0.79
        5167 |  1.28 |  0.92 |  1.19 |  1.08 |  1.33 |  0.97 |  0.79
        5167 |  1.28 |  0.92 |  1.19 |  1.08 |  1.33 |  0.97 |  0.79
        5168 |  1.05 |  0.86 |  0.96 |  0.90 |  0.78 |  0.76 |  0.87
        5168 |  1.05 |  0.86 |  0.96 |  0.90 |  0.78 |  0.76 |  0.87
        5168 |  1.05 |  0.86 |  0.96 |  0.90 |  0.78 |  0.76 |  0.87
        5168 |  1.05 |  0.86 |  0.96 |  0.90 |  0.78 |  0.76 |  0.87
        5168 |  1.05 |  0.86 |  0.96 |  0.90 |  0.78 |  0.76 |  0.87
        5168 |  1.05 |  0.86 |  0.96 |  0.90 |  0.78 |  0.76 |  0.87
        5168 |  1.05 |  0.86 |  0.96 |  0.90 |  0.78 |  0.76 |  0.87
        5168 |  1.05 |  0.86 |  0.96 |  0.90 |  0.78 |  0.76 |  0.87
        5168 |  1.05 |  0.86 |  0.96 |  0.90 |  0.78 |  0.76 |  0.87
        5168 |  1.05 |  0.86 |  0.96 |  0.90 |  0.78 |  0.76 |  0.87
        5168 |  1.05 |  0.86 |  0.96 |  0.90 |  0.78 |  0.76 |  0.87
        5168 |  1.05 |  0.86 |  0.96 |  0.90 |  0.78 |  0.76 |  0.87
        5168 |  1.05 |  0.86 |  0.96 |  0.90 |  0.78 |  0.76 |  0.87
        5168 |  1.05 |  0.86 |  0.96 |  0.90 |  0.78 |  0.76 |  0.87
        5168 |  1.05 |  0.86 |  0.96 |  0.90 |  0.78 |  0.76 |  0.87
        5168 |  1.05 |  0.86 |  0.96 |  0.90 |  0.78 |  0.76 |  0.87
        5168 |  1.05 |  0.86 |  0.96 |  0.90 |  0.78 |  0.76 |  0.87
        5168 |  1.05 |  0.86 |  0.96 |  0.90 |  0.78 |  0.76 |  0.87
        5168 |  1.05 |  0.86 |  0.96 |  0.90 |  0.78 |  0.76 |  0.87
        5168 |  1.05 |  0.86 |  0.96 |  0.90 |  0.78 |  0.76 |  0.87
        5168 |  1.05 |  0.86 |  0.96 |  0.90 |  0.78 |  0.76 |  0.87
        5168 |  1.05 |  0.86 |  0.96 |  0.90 |  0.78 |  0.76 |  0.87
        5168 |  1.05 |  0.86 |  0.96 |  0.90 |  0.78 |  0.76 |  0.87
        5168 |  1.05 |  0.86 |  0.96 |  0.90 |  0.78 |  0.76 |  0.87
        5168 |  1.05 |  0.86 |  0.96 |  0.90 |  0.78 |  0.76 |  0.87
        5168 |  1.05 |  0.86 |  0.96 |  0.90 |  0.78 |  0.76 |  0.87
        5168 |  1.05 |  0.86 |  0.96 |  0.90 |  0.78 |  0.76 |  0.87
        5168 |  1.05 |  0.86 |  0.96 |  0.90 |  0.78 |  0.76 |  0.87
        5168 |  1.05 |  0.86 |  0.96 |  0.90 |  0.78 |  0.76 |  0.87
        5168 |  1.05 |  0.86 |  0.96 |  0.90 |  0.78 |  0.76 |  0.87
        5168 |  1.05 |  0.86 |  0.96 |  0.90 |  0.78 |  0.76 |  0.87
        5168 |  1.05 |  0.86 |  0.96 |  0.90 |  0.78 |  0.76 |  0.87
        5168 |  1.05 |  0.86 |  0.96 |  0.90 |  0.78 |  0.76 |  0.87
        5168 |  1.05 |  0.86 |  0.96 |  0.90 |  0.78 |  0.76 |  0.87
        5168 |  1.05 |  0.86 |  0.96 |  0.90 |  0.78 |  0.76 |  0.87
        5168 |  1.05 |  0.86 |  0.96 |  0.90 |  0.78 |  0.76 |  0.87
        5168 |  1.05 |  0.86 |  0.96 |  0.90 |  0.78 |  0.76 |  0.87
        5168 |  1.05 |  0.86 |  0.96 |  0.90 |  0.78 |  0.76 |  0.87
        5168 |  1.05 |  0.86 |  0.96 |  0.90 |  0.78 |  0.76 |  0.87
        5168 |  1.05 |  0.86 |  0.96 |  0.90 |  0.78 |  0.76 |  0.87
        5168 |  1.05 |  0.86 |  0.96 |  0.90 |  0.78 |  0.76 |  0.87
        5168 |  1.05 |  0.86 |  0.96 |  0.90 |  0.78 |  0.76 |  0.87
        5168 |  1.05 |  0.86 |  0.96 |  0.90 |  0.78 |  0.76 |  0.87
        5168 |  1.05 |  0.86 |  0.96 |  0.90 |  0.78 |  0.76 |  0.87
        5168 |  1.05 |  0.86 |  0.96 |  0.90 |  0.78 |  0.76 |  0.87
        5168 |  1.05 |  0.86 |  0.96 |  0.90 |  0.78 |  0.76 |  0.87
        5168 |  1.05 |  0.86 |  0.96 |  0.90 |  0.78 |  0.76 |  0.87
        5168 |  1.05 |  0.86 |  0.96 |  0.90 |  0.78 |  0.76 |  0.87
        5168 |  1.05 |  0.86 |  0.96 |  0.90 |  0.78 |  0.76 |  0.87
        5169 |  1.30 |  1.17 |  0.85 |  0.98 |  1.09 |  0.94 |  1.02
        5169 |  1.30 |  1.17 |  0.85 |  0.98 |  1.09 |  0.94 |  1.02
        5169 |  1.30 |  1.17 |  0.85 |  0.98 |  1.09 |  0.94 |  1.02
        5169 |  1.30 |  1.17 |  0.85 |  0.98 |  1.09 |  0.94 |  1.02
        5169 |  1.30 |  1.17 |  0.85 |  0.98 |  1.09 |  0.94 |  1.02
        5169 |  1.30 |  1.17 |  0.85 |  0.98 |  1.09 |  0.94 |  1.02
        5169 |  1.30 |  1.17 |  0.85 |  0.98 |  1.09 |  0.94 |  1.02
        5169 |  1.30 |  1.17 |  0.85 |  0.98 |  1.09 |  0.94 |  1.02
        5169 |  1.30 |  1.17 |  0.85 |  0.98 |  1.09 |  0.94 |  1.02
        5169 |  1.30 |  1.17 |  0.85 |  0.98 |  1.09 |  0.94 |  1.02
        5169 |  1.30 |  1.17 |  0.85 |  0.98 |  1.09 |  0.94 |  1.02
        5169 |  1.30 |  1.17 |  0.85 |  0.98 |  1.09 |  0.94 |  1.02
        5169 |  1.30 |  1.17 |  0.85 |  0.98 |  1.09 |  0.94 |  1.02
        5169 |  1.30 |  1.17 |  0.85 |  0.98 |  1.09 |  0.94 |  1.02
        5169 |  1.30 |  1.17 |  0.85 |  0.98 |  1.09 |  0.94 |  1.02
        5169 |  1.30 |  1.17 |  0.85 |  0.98 |  1.09 |  0.94 |  1.02
        5169 |  1.30 |  1.17 |  0.85 |  0.98 |  1.09 |  0.94 |  1.02
        5169 |  1.30 |  1.17 |  0.85 |  0.98 |  1.09 |  0.94 |  1.02
        5169 |  1.30 |  1.17 |  0.85 |  0.98 |  1.09 |  0.94 |  1.02
        5169 |  1.30 |  1.17 |  0.85 |  0.98 |  1.09 |  0.94 |  1.02
        5169 |  1.30 |  1.17 |  0.85 |  0.98 |  1.09 |  0.94 |  1.02
        5169 |  1.30 |  1.17 |  0.85 |  0.98 |  1.09 |  0.94 |  1.02
        5169 |  1.30 |  1.17 |  0.85 |  0.98 |  1.09 |  0.94 |  1.02
        5169 |  1.30 |  1.17 |  0.85 |  0.98 |  1.09 |  0.94 |  1.02
        5169 |  1.30 |  1.17 |  0.85 |  0.98 |  1.09 |  0.94 |  1.02
        5169 |  1.30 |  1.17 |  0.85 |  0.98 |  1.09 |  0.94 |  1.02
        5169 |  1.30 |  1.17 |  0.85 |  0.98 |  1.09 |  0.94 |  1.02
        5169 |  1.30 |  1.17 |  0.85 |  0.98 |  1.09 |  0.94 |  1.02
        5169 |  1.30 |  1.17 |  0.85 |  0.98 |  1.09 |  0.94 |  1.02
        5169 |  1.30 |  1.17 |  0.85 |  0.98 |  1.09 |  0.94 |  1.02
        5169 |  1.30 |  1.17 |  0.85 |  0.98 |  1.09 |  0.94 |  1.02
        5169 |  1.30 |  1.17 |  0.85 |  0.98 |  1.09 |  0.94 |  1.02
        5169 |  1.30 |  1.17 |  0.85 |  0.98 |  1.09 |  0.94 |  1.02
        5169 |  1.30 |  1.17 |  0.85 |  0.98 |  1.09 |  0.94 |  1.02
        5169 |  1.30 |  1.17 |  0.85 |  0.98 |  1.09 |  0.94 |  1.02
        5169 |  1.30 |  1.17 |  0.85 |  0.98 |  1.09 |  0.94 |  1.02
        5169 |  1.30 |  1.17 |  0.85 |  0.98 |  1.09 |  0.94 |  1.02
        5169 |  1.30 |  1.17 |  0.85 |  0.98 |  1.09 |  0.94 |  1.02
        5169 |  1.30 |  1.17 |  0.85 |  0.98 |  1.09 |  0.94 |  1.02
        5169 |  1.30 |  1.17 |  0.85 |  0.98 |  1.09 |  0.94 |  1.02
        5169 |  1.30 |  1.17 |  0.85 |  0.98 |  1.09 |  0.94 |  1.02
        5169 |  1.30 |  1.17 |  0.85 |  0.98 |  1.09 |  0.94 |  1.02
        5169 |  1.30 |  1.17 |  0.85 |  0.98 |  1.09 |  0.94 |  1.02
        5169 |  1.30 |  1.17 |  0.85 |  0.98 |  1.09 |  0.94 |  1.02
        5169 |  1.30 |  1.17 |  0.85 |  0.98 |  1.09 |  0.94 |  1.02
        5169 |  1.30 |  1.17 |  0.85 |  0.98 |  1.09 |  0.94 |  1.02
        5169 |  1.30 |  1.17 |  0.85 |  0.98 |  1.09 |  0.94 |  1.02
        5169 |  1.30 |  1.17 |  0.85 |  0.98 |  1.09 |  0.94 |  1.02
        5169 |  1.30 |  1.17 |  0.85 |  0.98 |  1.09 |  0.94 |  1.02
        5170 |  1.02 |  0.89 |  0.93 |  1.01 |  0.84 |  0.97 |  0.84
        5170 |  1.02 |  0.89 |  0.93 |  1.01 |  0.84 |  0.97 |  0.84
        5170 |  1.02 |  0.89 |  0.93 |  1.01 |  0.84 |  0.97 |  0.84
        5170 |  1.02 |  0.89 |  0.93 |  1.01 |  0.84 |  0.97 |  0.84
        5170 |  1.02 |  0.89 |  0.93 |  1.01 |  0.84 |  0.97 |  0.84
        5170 |  1.02 |  0.89 |  0.93 |  1.01 |  0.84 |  0.97 |  0.84
        5170 |  1.02 |  0.89 |  0.93 |  1.01 |  0.84 |  0.97 |  0.84
        5170 |  1.02 |  0.89 |  0.93 |  1.01 |  0.84 |  0.97 |  0.84
        5170 |  1.02 |  0.89 |  0.93 |  1.01 |  0.84 |  0.97 |  0.84
        5170 |  1.02 |  0.89 |  0.93 |  1.01 |  0.84 |  0.97 |  0.84
        5170 |  1.02 |  0.89 |  0.93 |  1.01 |  0.84 |  0.97 |  0.84
        5170 |  1.02 |  0.89 |  0.93 |  1.01 |  0.84 |  0.97 |  0.84
        5170 |  1.02 |  0.89 |  0.93 |  1.01 |  0.84 |  0.97 |  0.84
        5170 |  1.02 |  0.89 |  0.93 |  1.01 |  0.84 |  0.97 |  0.84
        5170 |  1.02 |  0.89 |  0.93 |  1.01 |  0.84 |  0.97 |  0.84
        5170 |  1.02 |  0.89 |  0.93 |  1.01 |  0.84 |  0.97 |  0.84
        5170 |  1.02 |  0.89 |  0.93 |  1.01 |  0.84 |  0.97 |  0.84
        5170 |  1.02 |  0.89 |  0.93 |  1.01 |  0.84 |  0.97 |  0.84
        5170 |  1.02 |  0.89 |  0.93 |  1.01 |  0.84 |  0.97 |  0.84
        5170 |  1.02 |  0.89 |  0.93 |  1.01 |  0.84 |  0.97 |  0.84
        5170 |  1.02 |  0.89 |  0.93 |  1.01 |  0.84 |  0.97 |  0.84
        5170 |  1.02 |  0.89 |  0.93 |  1.01 |  0.84 |  0.97 |  0.84
        5170 |  1.02 |  0.89 |  0.93 |  1.01 |  0.84 |  0.97 |  0.84
        5170 |  1.02 |  0.89 |  0.93 |  1.01 |  0.84 |  0.97 |  0.84
        5170 |  1.02 |  0.89 |  0.93 |  1.01 |  0.84 |  0.97 |  0.84
        5170 |  1.02 |  0.89 |  0.93 |  1.01 |  0.84 |  0.97 |  0.84
        5170 |  1.02 |  0.89 |  0.93 |  1.01 |  0.84 |  0.97 |  0.84
        5170 |  1.02 |  0.89 |  0.93 |  1.01 |  0.84 |  0.97 |  0.84
        5170 |  1.02 |  0.89 |  0.93 |  1.01 |  0.84 |  0.97 |  0.84
        5170 |  1.02 |  0.89 |  0.93 |  1.01 |  0.84 |  0.97 |  0.84
        5170 |  1.02 |  0.89 |  0.93 |  1.01 |  0.84 |  0.97 |  0.84
        5170 |  1.02 |  0.89 |  0.93 |  1.01 |  0.84 |  0.97 |  0.84
        5170 |  1.02 |  0.89 |  0.93 |  1.01 |  0.84 |  0.97 |  0.84
        5170 |  1.02 |  0.89 |  0.93 |  1.01 |  0.84 |  0.97 |  0.84
        5170 |  1.02 |  0.89 |  0.93 |  1.01 |  0.84 |  0.97 |  0.84
        5170 |  1.02 |  0.89 |  0.93 |  1.01 |  0.84 |  0.97 |  0.84
        5170 |  1.02 |  0.89 |  0.93 |  1.01 |  0.84 |  0.97 |  0.84
        5170 |  1.02 |  0.89 |  0.93 |  1.01 |  0.84 |  0.97 |  0.84
        5170 |  1.02 |  0.89 |  0.93 |  1.01 |  0.84 |  0.97 |  0.84
        5170 |  1.02 |  0.89 |  0.93 |  1.01 |  0.84 |  0.97 |  0.84
        5170 |  1.02 |  0.89 |  0.93 |  1.01 |  0.84 |  0.97 |  0.84
        5170 |  1.02 |  0.89 |  0.93 |  1.01 |  0.84 |  0.97 |  0.84
        5170 |  1.02 |  0.89 |  0.93 |  1.01 |  0.84 |  0.97 |  0.84
        5170 |  1.02 |  0.89 |  0.93 |  1.01 |  0.84 |  0.97 |  0.84
        5170 |  1.02 |  0.89 |  0.93 |  1.01 |  0.84 |  0.97 |  0.84
        5170 |  1.02 |  0.89 |  0.93 |  1.01 |  0.84 |  0.97 |  0.84
        5170 |  1.02 |  0.89 |  0.93 |  1.01 |  0.84 |  0.97 |  0.84
        5170 |  1.02 |  0.89 |  0.93 |  1.01 |  0.84 |  0.97 |  0.84
        5170 |  1.02 |  0.89 |  0.93 |  1.01 |  0.84 |  0.97 |  0.84
        5171 |  1.04 |  0.99 |  0.81 |  0.90 |  1.20 |  0.94 |  0.92
        5171 |  1.04 |  0.99 |  0.81 |  0.90 |  1.20 |  0.94 |  0.92
        5171 |  1.04 |  0.99 |  0.81 |  0.90 |  1.20 |  0.94 |  0.92
        5171 |  1.04 |  0.99 |  0.81 |  0.90 |  1.20 |  0.94 |  0.92
        5171 |  1.04 |  0.99 |  0.81 |  0.90 |  1.20 |  0.94 |  0.92
        5171 |  1.04 |  0.99 |  0.81 |  0.90 |  1.20 |  0.94 |  0.92
        5171 |  1.04 |  0.99 |  0.81 |  0.90 |  1.20 |  0.94 |  0.92
        5171 |  1.04 |  0.99 |  0.81 |  0.90 |  1.20 |  0.94 |  0.92
        5171 |  1.04 |  0.99 |  0.81 |  0.90 |  1.20 |  0.94 |  0.92
        5171 |  1.04 |  0.99 |  0.81 |  0.90 |  1.20 |  0.94 |  0.92
        5171 |  1.04 |  0.99 |  0.81 |  0.90 |  1.20 |  0.94 |  0.92
        5171 |  1.04 |  0.99 |  0.81 |  0.90 |  1.20 |  0.94 |  0.92
        5171 |  1.04 |  0.99 |  0.81 |  0.90 |  1.20 |  0.94 |  0.92
        5171 |  1.04 |  0.99 |  0.81 |  0.90 |  1.20 |  0.94 |  0.92
        5171 |  1.04 |  0.99 |  0.81 |  0.90 |  1.20 |  0.94 |  0.92
        5171 |  1.04 |  0.99 |  0.81 |  0.90 |  1.20 |  0.94 |  0.92
        5171 |  1.04 |  0.99 |  0.81 |  0.90 |  1.20 |  0.94 |  0.92
        5171 |  1.04 |  0.99 |  0.81 |  0.90 |  1.20 |  0.94 |  0.92
        5171 |  1.04 |  0.99 |  0.81 |  0.90 |  1.20 |  0.94 |  0.92
        5171 |  1.04 |  0.99 |  0.81 |  0.90 |  1.20 |  0.94 |  0.92
        5171 |  1.04 |  0.99 |  0.81 |  0.90 |  1.20 |  0.94 |  0.92
        5171 |  1.04 |  0.99 |  0.81 |  0.90 |  1.20 |  0.94 |  0.92
        5171 |  1.04 |  0.99 |  0.81 |  0.90 |  1.20 |  0.94 |  0.92
        5171 |  1.04 |  0.99 |  0.81 |  0.90 |  1.20 |  0.94 |  0.92
        5171 |  1.04 |  0.99 |  0.81 |  0.90 |  1.20 |  0.94 |  0.92
        5171 |  1.04 |  0.99 |  0.81 |  0.90 |  1.20 |  0.94 |  0.92
        5171 |  1.04 |  0.99 |  0.81 |  0.90 |  1.20 |  0.94 |  0.92
        5171 |  1.04 |  0.99 |  0.81 |  0.90 |  1.20 |  0.94 |  0.92
        5171 |  1.04 |  0.99 |  0.81 |  0.90 |  1.20 |  0.94 |  0.92
        5171 |  1.04 |  0.99 |  0.81 |  0.90 |  1.20 |  0.94 |  0.92
        5171 |  1.04 |  0.99 |  0.81 |  0.90 |  1.20 |  0.94 |  0.92
        5171 |  1.04 |  0.99 |  0.81 |  0.90 |  1.20 |  0.94 |  0.92
        5171 |  1.04 |  0.99 |  0.81 |  0.90 |  1.20 |  0.94 |  0.92
        5171 |  1.04 |  0.99 |  0.81 |  0.90 |  1.20 |  0.94 |  0.92
        5171 |  1.04 |  0.99 |  0.81 |  0.90 |  1.20 |  0.94 |  0.92
        5171 |  1.04 |  0.99 |  0.81 |  0.90 |  1.20 |  0.94 |  0.92
        5171 |  1.04 |  0.99 |  0.81 |  0.90 |  1.20 |  0.94 |  0.92
        5171 |  1.04 |  0.99 |  0.81 |  0.90 |  1.20 |  0.94 |  0.92
        5171 |  1.04 |  0.99 |  0.81 |  0.90 |  1.20 |  0.94 |  0.92
        5171 |  1.04 |  0.99 |  0.81 |  0.90 |  1.20 |  0.94 |  0.92
        5171 |  1.04 |  0.99 |  0.81 |  0.90 |  1.20 |  0.94 |  0.92
        5171 |  1.04 |  0.99 |  0.81 |  0.90 |  1.20 |  0.94 |  0.92
        5171 |  1.04 |  0.99 |  0.81 |  0.90 |  1.20 |  0.94 |  0.92
        5171 |  1.04 |  0.99 |  0.81 |  0.90 |  1.20 |  0.94 |  0.92
        5171 |  1.04 |  0.99 |  0.81 |  0.90 |  1.20 |  0.94 |  0.92
        5171 |  1.04 |  0.99 |  0.81 |  0.90 |  1.20 |  0.94 |  0.92
        5171 |  1.04 |  0.99 |  0.81 |  0.90 |  1.20 |  0.94 |  0.92
        5171 |  1.04 |  0.99 |  0.81 |  0.90 |  1.20 |  0.94 |  0.92
        5171 |  1.04 |  0.99 |  0.81 |  0.90 |  1.20 |  0.94 |  0.92
        5172 |  1.18 |  0.80 |  0.85 |  1.20 |  1.20 |  0.87 |  0.85
        5172 |  1.18 |  0.80 |  0.85 |  1.20 |  1.20 |  0.87 |  0.85
        5172 |  1.18 |  0.80 |  0.85 |  1.20 |  1.20 |  0.87 |  0.85
        5172 |  1.18 |  0.80 |  0.85 |  1.20 |  1.20 |  0.87 |  0.85
        5172 |  1.18 |  0.80 |  0.85 |  1.20 |  1.20 |  0.87 |  0.85
        5172 |  1.18 |  0.80 |  0.85 |  1.20 |  1.20 |  0.87 |  0.85
        5172 |  1.18 |  0.80 |  0.85 |  1.20 |  1.20 |  0.87 |  0.85
        5172 |  1.18 |  0.80 |  0.85 |  1.20 |  1.20 |  0.87 |  0.85
        5172 |  1.18 |  0.80 |  0.85 |  1.20 |  1.20 |  0.87 |  0.85
        5172 |  1.18 |  0.80 |  0.85 |  1.20 |  1.20 |  0.87 |  0.85
        5172 |  1.18 |  0.80 |  0.85 |  1.20 |  1.20 |  0.87 |  0.85
        5172 |  1.18 |  0.80 |  0.85 |  1.20 |  1.20 |  0.87 |  0.85
        5172 |  1.18 |  0.80 |  0.85 |  1.20 |  1.20 |  0.87 |  0.85
        5172 |  1.18 |  0.80 |  0.85 |  1.20 |  1.20 |  0.87 |  0.85
        5172 |  1.18 |  0.80 |  0.85 |  1.20 |  1.20 |  0.87 |  0.85
        5172 |  1.18 |  0.80 |  0.85 |  1.20 |  1.20 |  0.87 |  0.85
        5172 |  1.18 |  0.80 |  0.85 |  1.20 |  1.20 |  0.87 |  0.85
        5172 |  1.18 |  0.80 |  0.85 |  1.20 |  1.20 |  0.87 |  0.85
        5172 |  1.18 |  0.80 |  0.85 |  1.20 |  1.20 |  0.87 |  0.85
        5172 |  1.18 |  0.80 |  0.85 |  1.20 |  1.20 |  0.87 |  0.85
        5172 |  1.18 |  0.80 |  0.85 |  1.20 |  1.20 |  0.87 |  0.85
        5172 |  1.18 |  0.80 |  0.85 |  1.20 |  1.20 |  0.87 |  0.85
        5172 |  1.18 |  0.80 |  0.85 |  1.20 |  1.20 |  0.87 |  0.85
        5172 |  1.18 |  0.80 |  0.85 |  1.20 |  1.20 |  0.87 |  0.85
        5172 |  1.18 |  0.80 |  0.85 |  1.20 |  1.20 |  0.87 |  0.85
        5172 |  1.18 |  0.80 |  0.85 |  1.20 |  1.20 |  0.87 |  0.85
        5172 |  1.18 |  0.80 |  0.85 |  1.20 |  1.20 |  0.87 |  0.85
        5172 |  1.18 |  0.80 |  0.85 |  1.20 |  1.20 |  0.87 |  0.85
        5172 |  1.18 |  0.80 |  0.85 |  1.20 |  1.20 |  0.87 |  0.85
        5172 |  1.18 |  0.80 |  0.85 |  1.20 |  1.20 |  0.87 |  0.85
        5172 |  1.18 |  0.80 |  0.85 |  1.20 |  1.20 |  0.87 |  0.85
        5172 |  1.18 |  0.80 |  0.85 |  1.20 |  1.20 |  0.87 |  0.85
        5172 |  1.18 |  0.80 |  0.85 |  1.20 |  1.20 |  0.87 |  0.85
        5172 |  1.18 |  0.80 |  0.85 |  1.20 |  1.20 |  0.87 |  0.85
        5172 |  1.18 |  0.80 |  0.85 |  1.20 |  1.20 |  0.87 |  0.85
        5172 |  1.18 |  0.80 |  0.85 |  1.20 |  1.20 |  0.87 |  0.85
        5172 |  1.18 |  0.80 |  0.85 |  1.20 |  1.20 |  0.87 |  0.85
        5172 |  1.18 |  0.80 |  0.85 |  1.20 |  1.20 |  0.87 |  0.85
        5172 |  1.18 |  0.80 |  0.85 |  1.20 |  1.20 |  0.87 |  0.85
        5172 |  1.18 |  0.80 |  0.85 |  1.20 |  1.20 |  0.87 |  0.85
        5172 |  1.18 |  0.80 |  0.85 |  1.20 |  1.20 |  0.87 |  0.85
        5172 |  1.18 |  0.80 |  0.85 |  1.20 |  1.20 |  0.87 |  0.85
        5172 |  1.18 |  0.80 |  0.85 |  1.20 |  1.20 |  0.87 |  0.85
        5172 |  1.18 |  0.80 |  0.85 |  1.20 |  1.20 |  0.87 |  0.85
        5172 |  1.18 |  0.80 |  0.85 |  1.20 |  1.20 |  0.87 |  0.85
        5172 |  1.18 |  0.80 |  0.85 |  1.20 |  1.20 |  0.87 |  0.85
        5172 |  1.18 |  0.80 |  0.85 |  1.20 |  1.20 |  0.87 |  0.85
        5172 |  1.18 |  0.80 |  0.85 |  1.20 |  1.20 |  0.87 |  0.85
        5172 |  1.18 |  0.80 |  0.85 |  1.20 |  1.20 |  0.87 |  0.85
        5173 |  1.07 |  1.12 |  1.08 |  1.01 |  0.82 |  1.06 |  0.81
        5173 |  1.07 |  1.12 |  1.08 |  1.01 |  0.82 |  1.06 |  0.81
        5173 |  1.07 |  1.12 |  1.08 |  1.01 |  0.82 |  1.06 |  0.81
        5173 |  1.07 |  1.12 |  1.08 |  1.01 |  0.82 |  1.06 |  0.81
        5173 |  1.07 |  1.12 |  1.08 |  1.01 |  0.82 |  1.06 |  0.81
        5173 |  1.07 |  1.12 |  1.08 |  1.01 |  0.82 |  1.06 |  0.81
        5173 |  1.07 |  1.12 |  1.08 |  1.01 |  0.82 |  1.06 |  0.81
        5173 |  1.07 |  1.12 |  1.08 |  1.01 |  0.82 |  1.06 |  0.81
        5173 |  1.07 |  1.12 |  1.08 |  1.01 |  0.82 |  1.06 |  0.81
        5173 |  1.07 |  1.12 |  1.08 |  1.01 |  0.82 |  1.06 |  0.81
        5173 |  1.07 |  1.12 |  1.08 |  1.01 |  0.82 |  1.06 |  0.81
        5173 |  1.07 |  1.12 |  1.08 |  1.01 |  0.82 |  1.06 |  0.81
        5173 |  1.07 |  1.12 |  1.08 |  1.01 |  0.82 |  1.06 |  0.81
        5173 |  1.07 |  1.12 |  1.08 |  1.01 |  0.82 |  1.06 |  0.81
        5173 |  1.07 |  1.12 |  1.08 |  1.01 |  0.82 |  1.06 |  0.81
        5173 |  1.07 |  1.12 |  1.08 |  1.01 |  0.82 |  1.06 |  0.81
        5173 |  1.07 |  1.12 |  1.08 |  1.01 |  0.82 |  1.06 |  0.81
        5173 |  1.07 |  1.12 |  1.08 |  1.01 |  0.82 |  1.06 |  0.81
        5173 |  1.07 |  1.12 |  1.08 |  1.01 |  0.82 |  1.06 |  0.81
        5173 |  1.07 |  1.12 |  1.08 |  1.01 |  0.82 |  1.06 |  0.81
        5173 |  1.07 |  1.12 |  1.08 |  1.01 |  0.82 |  1.06 |  0.81
        5173 |  1.07 |  1.12 |  1.08 |  1.01 |  0.82 |  1.06 |  0.81
        5173 |  1.07 |  1.12 |  1.08 |  1.01 |  0.82 |  1.06 |  0.81
        5173 |  1.07 |  1.12 |  1.08 |  1.01 |  0.82 |  1.06 |  0.81
        5173 |  1.07 |  1.12 |  1.08 |  1.01 |  0.82 |  1.06 |  0.81
        5173 |  1.07 |  1.12 |  1.08 |  1.01 |  0.82 |  1.06 |  0.81
        5173 |  1.07 |  1.12 |  1.08 |  1.01 |  0.82 |  1.06 |  0.81
        5173 |  1.07 |  1.12 |  1.08 |  1.01 |  0.82 |  1.06 |  0.81
        5173 |  1.07 |  1.12 |  1.08 |  1.01 |  0.82 |  1.06 |  0.81
        5173 |  1.07 |  1.12 |  1.08 |  1.01 |  0.82 |  1.06 |  0.81
        5173 |  1.07 |  1.12 |  1.08 |  1.01 |  0.82 |  1.06 |  0.81
        5173 |  1.07 |  1.12 |  1.08 |  1.01 |  0.82 |  1.06 |  0.81
        5173 |  1.07 |  1.12 |  1.08 |  1.01 |  0.82 |  1.06 |  0.81
        5173 |  1.07 |  1.12 |  1.08 |  1.01 |  0.82 |  1.06 |  0.81
        5173 |  1.07 |  1.12 |  1.08 |  1.01 |  0.82 |  1.06 |  0.81
        5173 |  1.07 |  1.12 |  1.08 |  1.01 |  0.82 |  1.06 |  0.81
        5173 |  1.07 |  1.12 |  1.08 |  1.01 |  0.82 |  1.06 |  0.81
        5173 |  1.07 |  1.12 |  1.08 |  1.01 |  0.82 |  1.06 |  0.81
        5173 |  1.07 |  1.12 |  1.08 |  1.01 |  0.82 |  1.06 |  0.81
        5173 |  1.07 |  1.12 |  1.08 |  1.01 |  0.82 |  1.06 |  0.81
        5173 |  1.07 |  1.12 |  1.08 |  1.01 |  0.82 |  1.06 |  0.81
        5173 |  1.07 |  1.12 |  1.08 |  1.01 |  0.82 |  1.06 |  0.81
        5173 |  1.07 |  1.12 |  1.08 |  1.01 |  0.82 |  1.06 |  0.81
        5173 |  1.07 |  1.12 |  1.08 |  1.01 |  0.82 |  1.06 |  0.81
        5173 |  1.07 |  1.12 |  1.08 |  1.01 |  0.82 |  1.06 |  0.81
        5173 |  1.07 |  1.12 |  1.08 |  1.01 |  0.82 |  1.06 |  0.81
        5173 |  1.07 |  1.12 |  1.08 |  1.01 |  0.82 |  1.06 |  0.81
        5173 |  1.07 |  1.12 |  1.08 |  1.01 |  0.82 |  1.06 |  0.81
        5173 |  1.07 |  1.12 |  1.08 |  1.01 |  0.82 |  1.06 |  0.81
        5174 |  0.96 |  0.43 |  1.13 |  1.19 |  0.77 |  1.29 |  0.98
        5174 |  0.96 |  0.43 |  1.13 |  1.19 |  0.77 |  1.29 |  0.98
        5174 |  0.96 |  0.43 |  1.13 |  1.19 |  0.77 |  1.29 |  0.98
        5174 |  0.96 |  0.43 |  1.13 |  1.19 |  0.77 |  1.29 |  0.98
        5174 |  0.96 |  0.43 |  1.13 |  1.19 |  0.77 |  1.29 |  0.98
        5174 |  0.96 |  0.43 |  1.13 |  1.19 |  0.77 |  1.29 |  0.98
        5174 |  0.96 |  0.43 |  1.13 |  1.19 |  0.77 |  1.29 |  0.98
        5174 |  0.96 |  0.43 |  1.13 |  1.19 |  0.77 |  1.29 |  0.98
        5174 |  0.96 |  0.43 |  1.13 |  1.19 |  0.77 |  1.29 |  0.98
        5174 |  0.96 |  0.43 |  1.13 |  1.19 |  0.77 |  1.29 |  0.98
        5174 |  0.96 |  0.43 |  1.13 |  1.19 |  0.77 |  1.29 |  0.98
        5174 |  0.96 |  0.43 |  1.13 |  1.19 |  0.77 |  1.29 |  0.98
        5174 |  0.96 |  0.43 |  1.13 |  1.19 |  0.77 |  1.29 |  0.98
        5174 |  0.96 |  0.43 |  1.13 |  1.19 |  0.77 |  1.29 |  0.98
        5174 |  0.96 |  0.43 |  1.13 |  1.19 |  0.77 |  1.29 |  0.98
        5174 |  0.96 |  0.43 |  1.13 |  1.19 |  0.77 |  1.29 |  0.98
        5174 |  0.96 |  0.43 |  1.13 |  1.19 |  0.77 |  1.29 |  0.98
        5174 |  0.96 |  0.43 |  1.13 |  1.19 |  0.77 |  1.29 |  0.98
        5174 |  0.96 |  0.43 |  1.13 |  1.19 |  0.77 |  1.29 |  0.98
        5174 |  0.96 |  0.43 |  1.13 |  1.19 |  0.77 |  1.29 |  0.98
        5174 |  0.96 |  0.43 |  1.13 |  1.19 |  0.77 |  1.29 |  0.98
        5174 |  0.96 |  0.43 |  1.13 |  1.19 |  0.77 |  1.29 |  0.98
        5174 |  0.96 |  0.43 |  1.13 |  1.19 |  0.77 |  1.29 |  0.98
        5174 |  0.96 |  0.43 |  1.13 |  1.19 |  0.77 |  1.29 |  0.98
        5174 |  0.96 |  0.43 |  1.13 |  1.19 |  0.77 |  1.29 |  0.98
        5174 |  0.96 |  0.43 |  1.13 |  1.19 |  0.77 |  1.29 |  0.98
        5174 |  0.96 |  0.43 |  1.13 |  1.19 |  0.77 |  1.29 |  0.98
        5174 |  0.96 |  0.43 |  1.13 |  1.19 |  0.77 |  1.29 |  0.98
        5174 |  0.96 |  0.43 |  1.13 |  1.19 |  0.77 |  1.29 |  0.98
        5174 |  0.96 |  0.43 |  1.13 |  1.19 |  0.77 |  1.29 |  0.98
        5174 |  0.96 |  0.43 |  1.13 |  1.19 |  0.77 |  1.29 |  0.98
        5174 |  0.96 |  0.43 |  1.13 |  1.19 |  0.77 |  1.29 |  0.98
        5174 |  0.96 |  0.43 |  1.13 |  1.19 |  0.77 |  1.29 |  0.98
        5174 |  0.96 |  0.43 |  1.13 |  1.19 |  0.77 |  1.29 |  0.98
        5174 |  0.96 |  0.43 |  1.13 |  1.19 |  0.77 |  1.29 |  0.98
        5174 |  0.96 |  0.43 |  1.13 |  1.19 |  0.77 |  1.29 |  0.98
        5174 |  0.96 |  0.43 |  1.13 |  1.19 |  0.77 |  1.29 |  0.98
        5174 |  0.96 |  0.43 |  1.13 |  1.19 |  0.77 |  1.29 |  0.98
        5174 |  0.96 |  0.43 |  1.13 |  1.19 |  0.77 |  1.29 |  0.98
        5174 |  0.96 |  0.43 |  1.13 |  1.19 |  0.77 |  1.29 |  0.98
        5174 |  0.96 |  0.43 |  1.13 |  1.19 |  0.77 |  1.29 |  0.98
        5174 |  0.96 |  0.43 |  1.13 |  1.19 |  0.77 |  1.29 |  0.98
        5174 |  0.96 |  0.43 |  1.13 |  1.19 |  0.77 |  1.29 |  0.98
        5174 |  0.96 |  0.43 |  1.13 |  1.19 |  0.77 |  1.29 |  0.98
        5174 |  0.96 |  0.43 |  1.13 |  1.19 |  0.77 |  1.29 |  0.98
        5174 |  0.96 |  0.43 |  1.13 |  1.19 |  0.77 |  1.29 |  0.98
        5174 |  0.96 |  0.43 |  1.13 |  1.19 |  0.77 |  1.29 |  0.98
        5174 |  0.96 |  0.43 |  1.13 |  1.19 |  0.77 |  1.29 |  0.98
        5174 |  0.96 |  0.43 |  1.13 |  1.19 |  0.77 |  1.29 |  0.98
        5175 |  1.21 |  1.03 |  0.55 |  1.17 |  1.03 |  1.00 |  0.93
        5175 |  1.21 |  1.03 |  0.55 |  1.17 |  1.03 |  1.00 |  0.93
        5175 |  1.21 |  1.03 |  0.55 |  1.17 |  1.03 |  1.00 |  0.93
        5175 |  1.21 |  1.03 |  0.55 |  1.17 |  1.03 |  1.00 |  0.93
        5175 |  1.21 |  1.03 |  0.55 |  1.17 |  1.03 |  1.00 |  0.93
        5175 |  1.21 |  1.03 |  0.55 |  1.17 |  1.03 |  1.00 |  0.93
        5175 |  1.21 |  1.03 |  0.55 |  1.17 |  1.03 |  1.00 |  0.93
        5175 |  1.21 |  1.03 |  0.55 |  1.17 |  1.03 |  1.00 |  0.93
        5175 |  1.21 |  1.03 |  0.55 |  1.17 |  1.03 |  1.00 |  0.93
        5175 |  1.21 |  1.03 |  0.55 |  1.17 |  1.03 |  1.00 |  0.93
        5175 |  1.21 |  1.03 |  0.55 |  1.17 |  1.03 |  1.00 |  0.93
        5175 |  1.21 |  1.03 |  0.55 |  1.17 |  1.03 |  1.00 |  0.93
        5175 |  1.21 |  1.03 |  0.55 |  1.17 |  1.03 |  1.00 |  0.93
        5175 |  1.21 |  1.03 |  0.55 |  1.17 |  1.03 |  1.00 |  0.93
        5175 |  1.21 |  1.03 |  0.55 |  1.17 |  1.03 |  1.00 |  0.93
        5175 |  1.21 |  1.03 |  0.55 |  1.17 |  1.03 |  1.00 |  0.93
        5175 |  1.21 |  1.03 |  0.55 |  1.17 |  1.03 |  1.00 |  0.93
        5175 |  1.21 |  1.03 |  0.55 |  1.17 |  1.03 |  1.00 |  0.93
        5175 |  1.21 |  1.03 |  0.55 |  1.17 |  1.03 |  1.00 |  0.93
        5175 |  1.21 |  1.03 |  0.55 |  1.17 |  1.03 |  1.00 |  0.93
        5175 |  1.21 |  1.03 |  0.55 |  1.17 |  1.03 |  1.00 |  0.93
        5175 |  1.21 |  1.03 |  0.55 |  1.17 |  1.03 |  1.00 |  0.93
        5175 |  1.21 |  1.03 |  0.55 |  1.17 |  1.03 |  1.00 |  0.93
        5175 |  1.21 |  1.03 |  0.55 |  1.17 |  1.03 |  1.00 |  0.93
        5175 |  1.21 |  1.03 |  0.55 |  1.17 |  1.03 |  1.00 |  0.93
        5175 |  1.21 |  1.03 |  0.55 |  1.17 |  1.03 |  1.00 |  0.93
        5175 |  1.21 |  1.03 |  0.55 |  1.17 |  1.03 |  1.00 |  0.93
        5175 |  1.21 |  1.03 |  0.55 |  1.17 |  1.03 |  1.00 |  0.93
        5175 |  1.21 |  1.03 |  0.55 |  1.17 |  1.03 |  1.00 |  0.93
        5175 |  1.21 |  1.03 |  0.55 |  1.17 |  1.03 |  1.00 |  0.93
        5175 |  1.21 |  1.03 |  0.55 |  1.17 |  1.03 |  1.00 |  0.93
        5175 |  1.21 |  1.03 |  0.55 |  1.17 |  1.03 |  1.00 |  0.93
        5175 |  1.21 |  1.03 |  0.55 |  1.17 |  1.03 |  1.00 |  0.93
        5175 |  1.21 |  1.03 |  0.55 |  1.17 |  1.03 |  1.00 |  0.93
        5175 |  1.21 |  1.03 |  0.55 |  1.17 |  1.03 |  1.00 |  0.93
        5175 |  1.21 |  1.03 |  0.55 |  1.17 |  1.03 |  1.00 |  0.93
        5175 |  1.21 |  1.03 |  0.55 |  1.17 |  1.03 |  1.00 |  0.93
        5175 |  1.21 |  1.03 |  0.55 |  1.17 |  1.03 |  1.00 |  0.93
        5175 |  1.21 |  1.03 |  0.55 |  1.17 |  1.03 |  1.00 |  0.93
        5175 |  1.21 |  1.03 |  0.55 |  1.17 |  1.03 |  1.00 |  0.93
        5175 |  1.21 |  1.03 |  0.55 |  1.17 |  1.03 |  1.00 |  0.93
        5175 |  1.21 |  1.03 |  0.55 |  1.17 |  1.03 |  1.00 |  0.93
        5175 |  1.21 |  1.03 |  0.55 |  1.17 |  1.03 |  1.00 |  0.93
        5175 |  1.21 |  1.03 |  0.55 |  1.17 |  1.03 |  1.00 |  0.93
        5175 |  1.21 |  1.03 |  0.55 |  1.17 |  1.03 |  1.00 |  0.93
        5175 |  1.21 |  1.03 |  0.55 |  1.17 |  1.03 |  1.00 |  0.93
        5175 |  1.21 |  1.03 |  0.55 |  1.17 |  1.03 |  1.00 |  0.93
        5175 |  1.21 |  1.03 |  0.55 |  1.17 |  1.03 |  1.00 |  0.93
        5175 |  1.21 |  1.03 |  0.55 |  1.17 |  1.03 |  1.00 |  0.93
        5176 |  0.93 |  0.92 |  1.24 |  0.96 |  0.85 |  1.00 |  0.95
        5176 |  0.93 |  0.92 |  1.24 |  0.96 |  0.85 |  1.00 |  0.95
        5176 |  0.93 |  0.92 |  1.24 |  0.96 |  0.85 |  1.00 |  0.95
        5176 |  0.93 |  0.92 |  1.24 |  0.96 |  0.85 |  1.00 |  0.95
        5176 |  0.93 |  0.92 |  1.24 |  0.96 |  0.85 |  1.00 |  0.95
        5176 |  0.93 |  0.92 |  1.24 |  0.96 |  0.85 |  1.00 |  0.95
        5176 |  0.93 |  0.92 |  1.24 |  0.96 |  0.85 |  1.00 |  0.95
        5176 |  0.93 |  0.92 |  1.24 |  0.96 |  0.85 |  1.00 |  0.95
        5176 |  0.93 |  0.92 |  1.24 |  0.96 |  0.85 |  1.00 |  0.95
        5176 |  0.93 |  0.92 |  1.24 |  0.96 |  0.85 |  1.00 |  0.95
        5176 |  0.93 |  0.92 |  1.24 |  0.96 |  0.85 |  1.00 |  0.95
        5176 |  0.93 |  0.92 |  1.24 |  0.96 |  0.85 |  1.00 |  0.95
        5176 |  0.93 |  0.92 |  1.24 |  0.96 |  0.85 |  1.00 |  0.95
        5176 |  0.93 |  0.92 |  1.24 |  0.96 |  0.85 |  1.00 |  0.95
        5176 |  0.93 |  0.92 |  1.24 |  0.96 |  0.85 |  1.00 |  0.95
        5176 |  0.93 |  0.92 |  1.24 |  0.96 |  0.85 |  1.00 |  0.95
        5176 |  0.93 |  0.92 |  1.24 |  0.96 |  0.85 |  1.00 |  0.95
        5176 |  0.93 |  0.92 |  1.24 |  0.96 |  0.85 |  1.00 |  0.95
        5176 |  0.93 |  0.92 |  1.24 |  0.96 |  0.85 |  1.00 |  0.95
        5176 |  0.93 |  0.92 |  1.24 |  0.96 |  0.85 |  1.00 |  0.95
        5176 |  0.93 |  0.92 |  1.24 |  0.96 |  0.85 |  1.00 |  0.95
        5176 |  0.93 |  0.92 |  1.24 |  0.96 |  0.85 |  1.00 |  0.95
        5176 |  0.93 |  0.92 |  1.24 |  0.96 |  0.85 |  1.00 |  0.95
        5176 |  0.93 |  0.92 |  1.24 |  0.96 |  0.85 |  1.00 |  0.95
        5176 |  0.93 |  0.92 |  1.24 |  0.96 |  0.85 |  1.00 |  0.95
        5176 |  0.93 |  0.92 |  1.24 |  0.96 |  0.85 |  1.00 |  0.95
        5176 |  0.93 |  0.92 |  1.24 |  0.96 |  0.85 |  1.00 |  0.95
        5176 |  0.93 |  0.92 |  1.24 |  0.96 |  0.85 |  1.00 |  0.95
        5176 |  0.93 |  0.92 |  1.24 |  0.96 |  0.85 |  1.00 |  0.95
        5176 |  0.93 |  0.92 |  1.24 |  0.96 |  0.85 |  1.00 |  0.95
        5176 |  0.93 |  0.92 |  1.24 |  0.96 |  0.85 |  1.00 |  0.95
        5176 |  0.93 |  0.92 |  1.24 |  0.96 |  0.85 |  1.00 |  0.95
        5176 |  0.93 |  0.92 |  1.24 |  0.96 |  0.85 |  1.00 |  0.95
        5176 |  0.93 |  0.92 |  1.24 |  0.96 |  0.85 |  1.00 |  0.95
        5176 |  0.93 |  0.92 |  1.24 |  0.96 |  0.85 |  1.00 |  0.95
        5176 |  0.93 |  0.92 |  1.24 |  0.96 |  0.85 |  1.00 |  0.95
        5176 |  0.93 |  0.92 |  1.24 |  0.96 |  0.85 |  1.00 |  0.95
        5176 |  0.93 |  0.92 |  1.24 |  0.96 |  0.85 |  1.00 |  0.95
        5176 |  0.93 |  0.92 |  1.24 |  0.96 |  0.85 |  1.00 |  0.95
        5176 |  0.93 |  0.92 |  1.24 |  0.96 |  0.85 |  1.00 |  0.95
        5176 |  0.93 |  0.92 |  1.24 |  0.96 |  0.85 |  1.00 |  0.95
        5176 |  0.93 |  0.92 |  1.24 |  0.96 |  0.85 |  1.00 |  0.95
        5176 |  0.93 |  0.92 |  1.24 |  0.96 |  0.85 |  1.00 |  0.95
        5176 |  0.93 |  0.92 |  1.24 |  0.96 |  0.85 |  1.00 |  0.95
        5176 |  0.93 |  0.92 |  1.24 |  0.96 |  0.85 |  1.00 |  0.95
        5176 |  0.93 |  0.92 |  1.24 |  0.96 |  0.85 |  1.00 |  0.95
        5176 |  0.93 |  0.92 |  1.24 |  0.96 |  0.85 |  1.00 |  0.95
        5176 |  0.93 |  0.92 |  1.24 |  0.96 |  0.85 |  1.00 |  0.95
        5176 |  0.93 |  0.92 |  1.24 |  0.96 |  0.85 |  1.00 |  0.95
        5177 |  0.99 |  1.19 |  0.93 |  0.92 |  1.06 |  1.23 |  1.10
        5177 |  0.99 |  1.19 |  0.93 |  0.92 |  1.06 |  1.23 |  1.10
        5177 |  0.99 |  1.19 |  0.93 |  0.92 |  1.06 |  1.23 |  1.10
        5177 |  0.99 |  1.19 |  0.93 |  0.92 |  1.06 |  1.23 |  1.10
        5177 |  0.99 |  1.19 |  0.93 |  0.92 |  1.06 |  1.23 |  1.10
        5177 |  0.99 |  1.19 |  0.93 |  0.92 |  1.06 |  1.23 |  1.10
        5177 |  0.99 |  1.19 |  0.93 |  0.92 |  1.06 |  1.23 |  1.10
        5177 |  0.99 |  1.19 |  0.93 |  0.92 |  1.06 |  1.23 |  1.10
        5177 |  0.99 |  1.19 |  0.93 |  0.92 |  1.06 |  1.23 |  1.10
        5177 |  0.99 |  1.19 |  0.93 |  0.92 |  1.06 |  1.23 |  1.10
        5177 |  0.99 |  1.19 |  0.93 |  0.92 |  1.06 |  1.23 |  1.10
        5177 |  0.99 |  1.19 |  0.93 |  0.92 |  1.06 |  1.23 |  1.10
        5177 |  0.99 |  1.19 |  0.93 |  0.92 |  1.06 |  1.23 |  1.10
        5177 |  0.99 |  1.19 |  0.93 |  0.92 |  1.06 |  1.23 |  1.10
        5177 |  0.99 |  1.19 |  0.93 |  0.92 |  1.06 |  1.23 |  1.10
        5177 |  0.99 |  1.19 |  0.93 |  0.92 |  1.06 |  1.23 |  1.10
        5177 |  0.99 |  1.19 |  0.93 |  0.92 |  1.06 |  1.23 |  1.10
        5177 |  0.99 |  1.19 |  0.93 |  0.92 |  1.06 |  1.23 |  1.10
        5177 |  0.99 |  1.19 |  0.93 |  0.92 |  1.06 |  1.23 |  1.10
        5177 |  0.99 |  1.19 |  0.93 |  0.92 |  1.06 |  1.23 |  1.10
        5177 |  0.99 |  1.19 |  0.93 |  0.92 |  1.06 |  1.23 |  1.10
        5177 |  0.99 |  1.19 |  0.93 |  0.92 |  1.06 |  1.23 |  1.10
        5177 |  0.99 |  1.19 |  0.93 |  0.92 |  1.06 |  1.23 |  1.10
        5177 |  0.99 |  1.19 |  0.93 |  0.92 |  1.06 |  1.23 |  1.10
        5177 |  0.99 |  1.19 |  0.93 |  0.92 |  1.06 |  1.23 |  1.10
        5177 |  0.99 |  1.19 |  0.93 |  0.92 |  1.06 |  1.23 |  1.10
        5177 |  0.99 |  1.19 |  0.93 |  0.92 |  1.06 |  1.23 |  1.10
        5177 |  0.99 |  1.19 |  0.93 |  0.92 |  1.06 |  1.23 |  1.10
        5177 |  0.99 |  1.19 |  0.93 |  0.92 |  1.06 |  1.23 |  1.10
        5177 |  0.99 |  1.19 |  0.93 |  0.92 |  1.06 |  1.23 |  1.10
        5177 |  0.99 |  1.19 |  0.93 |  0.92 |  1.06 |  1.23 |  1.10
        5177 |  0.99 |  1.19 |  0.93 |  0.92 |  1.06 |  1.23 |  1.10
        5177 |  0.99 |  1.19 |  0.93 |  0.92 |  1.06 |  1.23 |  1.10
        5177 |  0.99 |  1.19 |  0.93 |  0.92 |  1.06 |  1.23 |  1.10
        5177 |  0.99 |  1.19 |  0.93 |  0.92 |  1.06 |  1.23 |  1.10
        5177 |  0.99 |  1.19 |  0.93 |  0.92 |  1.06 |  1.23 |  1.10
        5177 |  0.99 |  1.19 |  0.93 |  0.92 |  1.06 |  1.23 |  1.10
        5177 |  0.99 |  1.19 |  0.93 |  0.92 |  1.06 |  1.23 |  1.10
        5177 |  0.99 |  1.19 |  0.93 |  0.92 |  1.06 |  1.23 |  1.10
        5177 |  0.99 |  1.19 |  0.93 |  0.92 |  1.06 |  1.23 |  1.10
        5177 |  0.99 |  1.19 |  0.93 |  0.92 |  1.06 |  1.23 |  1.10
        5177 |  0.99 |  1.19 |  0.93 |  0.92 |  1.06 |  1.23 |  1.10
        5177 |  0.99 |  1.19 |  0.93 |  0.92 |  1.06 |  1.23 |  1.10
        5177 |  0.99 |  1.19 |  0.93 |  0.92 |  1.06 |  1.23 |  1.10
        5177 |  0.99 |  1.19 |  0.93 |  0.92 |  1.06 |  1.23 |  1.10
        5177 |  0.99 |  1.19 |  0.93 |  0.92 |  1.06 |  1.23 |  1.10
        5177 |  0.99 |  1.19 |  0.93 |  0.92 |  1.06 |  1.23 |  1.10
        5177 |  0.99 |  1.19 |  0.93 |  0.92 |  1.06 |  1.23 |  1.10
        5177 |  0.99 |  1.19 |  0.93 |  0.92 |  1.06 |  1.23 |  1.10
        5178 |  1.15 |  0.82 |  1.21 |  1.04 |  1.31 |  1.00 |  1.05
        5178 |  1.15 |  0.82 |  1.21 |  1.04 |  1.31 |  1.00 |  1.05
        5178 |  1.15 |  0.82 |  1.21 |  1.04 |  1.31 |  1.00 |  1.05
        5178 |  1.15 |  0.82 |  1.21 |  1.04 |  1.31 |  1.00 |  1.05
        5178 |  1.15 |  0.82 |  1.21 |  1.04 |  1.31 |  1.00 |  1.05
        5178 |  1.15 |  0.82 |  1.21 |  1.04 |  1.31 |  1.00 |  1.05
        5178 |  1.15 |  0.82 |  1.21 |  1.04 |  1.31 |  1.00 |  1.05
        5178 |  1.15 |  0.82 |  1.21 |  1.04 |  1.31 |  1.00 |  1.05
        5178 |  1.15 |  0.82 |  1.21 |  1.04 |  1.31 |  1.00 |  1.05
        5178 |  1.15 |  0.82 |  1.21 |  1.04 |  1.31 |  1.00 |  1.05
        5178 |  1.15 |  0.82 |  1.21 |  1.04 |  1.31 |  1.00 |  1.05
        5178 |  1.15 |  0.82 |  1.21 |  1.04 |  1.31 |  1.00 |  1.05
        5178 |  1.15 |  0.82 |  1.21 |  1.04 |  1.31 |  1.00 |  1.05
        5178 |  1.15 |  0.82 |  1.21 |  1.04 |  1.31 |  1.00 |  1.05
        5178 |  1.15 |  0.82 |  1.21 |  1.04 |  1.31 |  1.00 |  1.05
        5178 |  1.15 |  0.82 |  1.21 |  1.04 |  1.31 |  1.00 |  1.05
        5178 |  1.15 |  0.82 |  1.21 |  1.04 |  1.31 |  1.00 |  1.05
        5178 |  1.15 |  0.82 |  1.21 |  1.04 |  1.31 |  1.00 |  1.05
        5178 |  1.15 |  0.82 |  1.21 |  1.04 |  1.31 |  1.00 |  1.05
        5178 |  1.15 |  0.82 |  1.21 |  1.04 |  1.31 |  1.00 |  1.05
        5178 |  1.15 |  0.82 |  1.21 |  1.04 |  1.31 |  1.00 |  1.05
        5178 |  1.15 |  0.82 |  1.21 |  1.04 |  1.31 |  1.00 |  1.05
        5178 |  1.15 |  0.82 |  1.21 |  1.04 |  1.31 |  1.00 |  1.05
        5178 |  1.15 |  0.82 |  1.21 |  1.04 |  1.31 |  1.00 |  1.05
        5178 |  1.15 |  0.82 |  1.21 |  1.04 |  1.31 |  1.00 |  1.05
        5178 |  1.15 |  0.82 |  1.21 |  1.04 |  1.31 |  1.00 |  1.05
        5178 |  1.15 |  0.82 |  1.21 |  1.04 |  1.31 |  1.00 |  1.05
        5178 |  1.15 |  0.82 |  1.21 |  1.04 |  1.31 |  1.00 |  1.05
        5178 |  1.15 |  0.82 |  1.21 |  1.04 |  1.31 |  1.00 |  1.05
        5178 |  1.15 |  0.82 |  1.21 |  1.04 |  1.31 |  1.00 |  1.05
        5178 |  1.15 |  0.82 |  1.21 |  1.04 |  1.31 |  1.00 |  1.05
        5178 |  1.15 |  0.82 |  1.21 |  1.04 |  1.31 |  1.00 |  1.05
        5178 |  1.15 |  0.82 |  1.21 |  1.04 |  1.31 |  1.00 |  1.05
        5178 |  1.15 |  0.82 |  1.21 |  1.04 |  1.31 |  1.00 |  1.05
        5178 |  1.15 |  0.82 |  1.21 |  1.04 |  1.31 |  1.00 |  1.05
        5178 |  1.15 |  0.82 |  1.21 |  1.04 |  1.31 |  1.00 |  1.05
        5178 |  1.15 |  0.82 |  1.21 |  1.04 |  1.31 |  1.00 |  1.05
        5178 |  1.15 |  0.82 |  1.21 |  1.04 |  1.31 |  1.00 |  1.05
        5178 |  1.15 |  0.82 |  1.21 |  1.04 |  1.31 |  1.00 |  1.05
        5178 |  1.15 |  0.82 |  1.21 |  1.04 |  1.31 |  1.00 |  1.05
        5178 |  1.15 |  0.82 |  1.21 |  1.04 |  1.31 |  1.00 |  1.05
        5178 |  1.15 |  0.82 |  1.21 |  1.04 |  1.31 |  1.00 |  1.05
        5178 |  1.15 |  0.82 |  1.21 |  1.04 |  1.31 |  1.00 |  1.05
        5178 |  1.15 |  0.82 |  1.21 |  1.04 |  1.31 |  1.00 |  1.05
        5178 |  1.15 |  0.82 |  1.21 |  1.04 |  1.31 |  1.00 |  1.05
        5178 |  1.15 |  0.82 |  1.21 |  1.04 |  1.31 |  1.00 |  1.05
        5178 |  1.15 |  0.82 |  1.21 |  1.04 |  1.31 |  1.00 |  1.05
        5178 |  1.15 |  0.82 |  1.21 |  1.04 |  1.31 |  1.00 |  1.05
        5178 |  1.15 |  0.82 |  1.21 |  1.04 |  1.31 |  1.00 |  1.05
        5179 |  1.15 |  0.86 |  0.91 |  1.47 |  1.01 |  1.39 |  0.95
        5179 |  1.15 |  0.86 |  0.91 |  1.47 |  1.01 |  1.39 |  0.95
        5179 |  1.15 |  0.86 |  0.91 |  1.47 |  1.01 |  1.39 |  0.95
        5179 |  1.15 |  0.86 |  0.91 |  1.47 |  1.01 |  1.39 |  0.95
        5179 |  1.15 |  0.86 |  0.91 |  1.47 |  1.01 |  1.39 |  0.95
        5179 |  1.15 |  0.86 |  0.91 |  1.47 |  1.01 |  1.39 |  0.95
        5179 |  1.15 |  0.86 |  0.91 |  1.47 |  1.01 |  1.39 |  0.95
        5179 |  1.15 |  0.86 |  0.91 |  1.47 |  1.01 |  1.39 |  0.95
        5179 |  1.15 |  0.86 |  0.91 |  1.47 |  1.01 |  1.39 |  0.95
        5179 |  1.15 |  0.86 |  0.91 |  1.47 |  1.01 |  1.39 |  0.95
        5179 |  1.15 |  0.86 |  0.91 |  1.47 |  1.01 |  1.39 |  0.95
        5179 |  1.15 |  0.86 |  0.91 |  1.47 |  1.01 |  1.39 |  0.95
        5179 |  1.15 |  0.86 |  0.91 |  1.47 |  1.01 |  1.39 |  0.95
        5179 |  1.15 |  0.86 |  0.91 |  1.47 |  1.01 |  1.39 |  0.95
        5179 |  1.15 |  0.86 |  0.91 |  1.47 |  1.01 |  1.39 |  0.95
        5179 |  1.15 |  0.86 |  0.91 |  1.47 |  1.01 |  1.39 |  0.95
        5179 |  1.15 |  0.86 |  0.91 |  1.47 |  1.01 |  1.39 |  0.95
        5179 |  1.15 |  0.86 |  0.91 |  1.47 |  1.01 |  1.39 |  0.95
        5179 |  1.15 |  0.86 |  0.91 |  1.47 |  1.01 |  1.39 |  0.95
        5179 |  1.15 |  0.86 |  0.91 |  1.47 |  1.01 |  1.39 |  0.95
        5179 |  1.15 |  0.86 |  0.91 |  1.47 |  1.01 |  1.39 |  0.95
        5179 |  1.15 |  0.86 |  0.91 |  1.47 |  1.01 |  1.39 |  0.95
        5179 |  1.15 |  0.86 |  0.91 |  1.47 |  1.01 |  1.39 |  0.95
        5179 |  1.15 |  0.86 |  0.91 |  1.47 |  1.01 |  1.39 |  0.95
        5179 |  1.15 |  0.86 |  0.91 |  1.47 |  1.01 |  1.39 |  0.95
        5179 |  1.15 |  0.86 |  0.91 |  1.47 |  1.01 |  1.39 |  0.95
        5179 |  1.15 |  0.86 |  0.91 |  1.47 |  1.01 |  1.39 |  0.95
        5179 |  1.15 |  0.86 |  0.91 |  1.47 |  1.01 |  1.39 |  0.95
        5179 |  1.15 |  0.86 |  0.91 |  1.47 |  1.01 |  1.39 |  0.95
        5179 |  1.15 |  0.86 |  0.91 |  1.47 |  1.01 |  1.39 |  0.95
        5179 |  1.15 |  0.86 |  0.91 |  1.47 |  1.01 |  1.39 |  0.95
        5179 |  1.15 |  0.86 |  0.91 |  1.47 |  1.01 |  1.39 |  0.95
        5179 |  1.15 |  0.86 |  0.91 |  1.47 |  1.01 |  1.39 |  0.95
        5179 |  1.15 |  0.86 |  0.91 |  1.47 |  1.01 |  1.39 |  0.95
        5179 |  1.15 |  0.86 |  0.91 |  1.47 |  1.01 |  1.39 |  0.95
        5179 |  1.15 |  0.86 |  0.91 |  1.47 |  1.01 |  1.39 |  0.95
        5179 |  1.15 |  0.86 |  0.91 |  1.47 |  1.01 |  1.39 |  0.95
        5179 |  1.15 |  0.86 |  0.91 |  1.47 |  1.01 |  1.39 |  0.95
        5179 |  1.15 |  0.86 |  0.91 |  1.47 |  1.01 |  1.39 |  0.95
        5179 |  1.15 |  0.86 |  0.91 |  1.47 |  1.01 |  1.39 |  0.95
        5179 |  1.15 |  0.86 |  0.91 |  1.47 |  1.01 |  1.39 |  0.95
        5179 |  1.15 |  0.86 |  0.91 |  1.47 |  1.01 |  1.39 |  0.95
        5179 |  1.15 |  0.86 |  0.91 |  1.47 |  1.01 |  1.39 |  0.95
        5179 |  1.15 |  0.86 |  0.91 |  1.47 |  1.01 |  1.39 |  0.95
        5179 |  1.15 |  0.86 |  0.91 |  1.47 |  1.01 |  1.39 |  0.95
        5179 |  1.15 |  0.86 |  0.91 |  1.47 |  1.01 |  1.39 |  0.95
        5179 |  1.15 |  0.86 |  0.91 |  1.47 |  1.01 |  1.39 |  0.95
        5179 |  1.15 |  0.86 |  0.91 |  1.47 |  1.01 |  1.39 |  0.95
        5179 |  1.15 |  0.86 |  0.91 |  1.47 |  1.01 |  1.39 |  0.95
        5180 |  1.17 |  1.25 |  0.93 |  1.27 |  1.02 |  0.91 |  1.36
        5180 |  1.17 |  1.25 |  0.93 |  1.27 |  1.02 |  0.91 |  1.36
        5180 |  1.17 |  1.25 |  0.93 |  1.27 |  1.02 |  0.91 |  1.36
        5180 |  1.17 |  1.25 |  0.93 |  1.27 |  1.02 |  0.91 |  1.36
        5180 |  1.17 |  1.25 |  0.93 |  1.27 |  1.02 |  0.91 |  1.36
        5180 |  1.17 |  1.25 |  0.93 |  1.27 |  1.02 |  0.91 |  1.36
        5180 |  1.17 |  1.25 |  0.93 |  1.27 |  1.02 |  0.91 |  1.36
        5180 |  1.17 |  1.25 |  0.93 |  1.27 |  1.02 |  0.91 |  1.36
        5180 |  1.17 |  1.25 |  0.93 |  1.27 |  1.02 |  0.91 |  1.36
        5180 |  1.17 |  1.25 |  0.93 |  1.27 |  1.02 |  0.91 |  1.36
        5180 |  1.17 |  1.25 |  0.93 |  1.27 |  1.02 |  0.91 |  1.36
        5180 |  1.17 |  1.25 |  0.93 |  1.27 |  1.02 |  0.91 |  1.36
        5180 |  1.17 |  1.25 |  0.93 |  1.27 |  1.02 |  0.91 |  1.36
        5180 |  1.17 |  1.25 |  0.93 |  1.27 |  1.02 |  0.91 |  1.36
        5180 |  1.17 |  1.25 |  0.93 |  1.27 |  1.02 |  0.91 |  1.36
        5180 |  1.17 |  1.25 |  0.93 |  1.27 |  1.02 |  0.91 |  1.36
        5180 |  1.17 |  1.25 |  0.93 |  1.27 |  1.02 |  0.91 |  1.36
        5180 |  1.17 |  1.25 |  0.93 |  1.27 |  1.02 |  0.91 |  1.36
        5180 |  1.17 |  1.25 |  0.93 |  1.27 |  1.02 |  0.91 |  1.36
        5180 |  1.17 |  1.25 |  0.93 |  1.27 |  1.02 |  0.91 |  1.36
        5180 |  1.17 |  1.25 |  0.93 |  1.27 |  1.02 |  0.91 |  1.36
        5180 |  1.17 |  1.25 |  0.93 |  1.27 |  1.02 |  0.91 |  1.36
        5180 |  1.17 |  1.25 |  0.93 |  1.27 |  1.02 |  0.91 |  1.36
        5180 |  1.17 |  1.25 |  0.93 |  1.27 |  1.02 |  0.91 |  1.36
        5180 |  1.17 |  1.25 |  0.93 |  1.27 |  1.02 |  0.91 |  1.36
        5180 |  1.17 |  1.25 |  0.93 |  1.27 |  1.02 |  0.91 |  1.36
        5180 |  1.17 |  1.25 |  0.93 |  1.27 |  1.02 |  0.91 |  1.36
        5180 |  1.17 |  1.25 |  0.93 |  1.27 |  1.02 |  0.91 |  1.36
        5180 |  1.17 |  1.25 |  0.93 |  1.27 |  1.02 |  0.91 |  1.36
        5180 |  1.17 |  1.25 |  0.93 |  1.27 |  1.02 |  0.91 |  1.36
        5180 |  1.17 |  1.25 |  0.93 |  1.27 |  1.02 |  0.91 |  1.36
        5180 |  1.17 |  1.25 |  0.93 |  1.27 |  1.02 |  0.91 |  1.36
        5180 |  1.17 |  1.25 |  0.93 |  1.27 |  1.02 |  0.91 |  1.36
        5180 |  1.17 |  1.25 |  0.93 |  1.27 |  1.02 |  0.91 |  1.36
        5180 |  1.17 |  1.25 |  0.93 |  1.27 |  1.02 |  0.91 |  1.36
        5180 |  1.17 |  1.25 |  0.93 |  1.27 |  1.02 |  0.91 |  1.36
        5180 |  1.17 |  1.25 |  0.93 |  1.27 |  1.02 |  0.91 |  1.36
        5180 |  1.17 |  1.25 |  0.93 |  1.27 |  1.02 |  0.91 |  1.36
        5180 |  1.17 |  1.25 |  0.93 |  1.27 |  1.02 |  0.91 |  1.36
        5180 |  1.17 |  1.25 |  0.93 |  1.27 |  1.02 |  0.91 |  1.36
        5180 |  1.17 |  1.25 |  0.93 |  1.27 |  1.02 |  0.91 |  1.36
        5180 |  1.17 |  1.25 |  0.93 |  1.27 |  1.02 |  0.91 |  1.36
        5180 |  1.17 |  1.25 |  0.93 |  1.27 |  1.02 |  0.91 |  1.36
        5180 |  1.17 |  1.25 |  0.93 |  1.27 |  1.02 |  0.91 |  1.36
        5180 |  1.17 |  1.25 |  0.93 |  1.27 |  1.02 |  0.91 |  1.36
        5180 |  1.17 |  1.25 |  0.93 |  1.27 |  1.02 |  0.91 |  1.36
        5180 |  1.17 |  1.25 |  0.93 |  1.27 |  1.02 |  0.91 |  1.36
        5180 |  1.17 |  1.25 |  0.93 |  1.27 |  1.02 |  0.91 |  1.36
        5180 |  1.17 |  1.25 |  0.93 |  1.27 |  1.02 |  0.91 |  1.36
        5181 |  1.10 |  0.80 |  1.04 |  0.97 |  1.05 |  0.74 |  0.97
        5181 |  1.10 |  0.80 |  1.04 |  0.97 |  1.05 |  0.74 |  0.97
        5181 |  1.10 |  0.80 |  1.04 |  0.97 |  1.05 |  0.74 |  0.97
        5181 |  1.10 |  0.80 |  1.04 |  0.97 |  1.05 |  0.74 |  0.97
        5181 |  1.10 |  0.80 |  1.04 |  0.97 |  1.05 |  0.74 |  0.97
        5181 |  1.10 |  0.80 |  1.04 |  0.97 |  1.05 |  0.74 |  0.97
        5181 |  1.10 |  0.80 |  1.04 |  0.97 |  1.05 |  0.74 |  0.97
        5181 |  1.10 |  0.80 |  1.04 |  0.97 |  1.05 |  0.74 |  0.97
        5181 |  1.10 |  0.80 |  1.04 |  0.97 |  1.05 |  0.74 |  0.97
        5181 |  1.10 |  0.80 |  1.04 |  0.97 |  1.05 |  0.74 |  0.97
        5181 |  1.10 |  0.80 |  1.04 |  0.97 |  1.05 |  0.74 |  0.97
        5181 |  1.10 |  0.80 |  1.04 |  0.97 |  1.05 |  0.74 |  0.97
        5181 |  1.10 |  0.80 |  1.04 |  0.97 |  1.05 |  0.74 |  0.97
        5181 |  1.10 |  0.80 |  1.04 |  0.97 |  1.05 |  0.74 |  0.97
        5181 |  1.10 |  0.80 |  1.04 |  0.97 |  1.05 |  0.74 |  0.97
        5181 |  1.10 |  0.80 |  1.04 |  0.97 |  1.05 |  0.74 |  0.97
        5181 |  1.10 |  0.80 |  1.04 |  0.97 |  1.05 |  0.74 |  0.97
        5181 |  1.10 |  0.80 |  1.04 |  0.97 |  1.05 |  0.74 |  0.97
        5181 |  1.10 |  0.80 |  1.04 |  0.97 |  1.05 |  0.74 |  0.97
        5181 |  1.10 |  0.80 |  1.04 |  0.97 |  1.05 |  0.74 |  0.97
        5181 |  1.10 |  0.80 |  1.04 |  0.97 |  1.05 |  0.74 |  0.97
        5181 |  1.10 |  0.80 |  1.04 |  0.97 |  1.05 |  0.74 |  0.97
        5181 |  1.10 |  0.80 |  1.04 |  0.97 |  1.05 |  0.74 |  0.97
        5181 |  1.10 |  0.80 |  1.04 |  0.97 |  1.05 |  0.74 |  0.97
        5181 |  1.10 |  0.80 |  1.04 |  0.97 |  1.05 |  0.74 |  0.97
        5181 |  1.10 |  0.80 |  1.04 |  0.97 |  1.05 |  0.74 |  0.97
        5181 |  1.10 |  0.80 |  1.04 |  0.97 |  1.05 |  0.74 |  0.97
        5181 |  1.10 |  0.80 |  1.04 |  0.97 |  1.05 |  0.74 |  0.97
        5181 |  1.10 |  0.80 |  1.04 |  0.97 |  1.05 |  0.74 |  0.97
        5181 |  1.10 |  0.80 |  1.04 |  0.97 |  1.05 |  0.74 |  0.97
        5181 |  1.10 |  0.80 |  1.04 |  0.97 |  1.05 |  0.74 |  0.97
        5181 |  1.10 |  0.80 |  1.04 |  0.97 |  1.05 |  0.74 |  0.97
        5181 |  1.10 |  0.80 |  1.04 |  0.97 |  1.05 |  0.74 |  0.97
        5181 |  1.10 |  0.80 |  1.04 |  0.97 |  1.05 |  0.74 |  0.97
        5181 |  1.10 |  0.80 |  1.04 |  0.97 |  1.05 |  0.74 |  0.97
        5181 |  1.10 |  0.80 |  1.04 |  0.97 |  1.05 |  0.74 |  0.97
        5181 |  1.10 |  0.80 |  1.04 |  0.97 |  1.05 |  0.74 |  0.97
        5181 |  1.10 |  0.80 |  1.04 |  0.97 |  1.05 |  0.74 |  0.97
        5181 |  1.10 |  0.80 |  1.04 |  0.97 |  1.05 |  0.74 |  0.97
        5181 |  1.10 |  0.80 |  1.04 |  0.97 |  1.05 |  0.74 |  0.97
        5181 |  1.10 |  0.80 |  1.04 |  0.97 |  1.05 |  0.74 |  0.97
        5181 |  1.10 |  0.80 |  1.04 |  0.97 |  1.05 |  0.74 |  0.97
        5181 |  1.10 |  0.80 |  1.04 |  0.97 |  1.05 |  0.74 |  0.97
        5181 |  1.10 |  0.80 |  1.04 |  0.97 |  1.05 |  0.74 |  0.97
        5181 |  1.10 |  0.80 |  1.04 |  0.97 |  1.05 |  0.74 |  0.97
        5181 |  1.10 |  0.80 |  1.04 |  0.97 |  1.05 |  0.74 |  0.97
        5181 |  1.10 |  0.80 |  1.04 |  0.97 |  1.05 |  0.74 |  0.97
        5181 |  1.10 |  0.80 |  1.04 |  0.97 |  1.05 |  0.74 |  0.97
        5181 |  1.10 |  0.80 |  1.04 |  0.97 |  1.05 |  0.74 |  0.97
        5182 |  1.19 |  1.02 |  0.89 |  1.01 |  0.80 |  1.14 |  0.86
        5182 |  1.19 |  1.02 |  0.89 |  1.01 |  0.80 |  1.14 |  0.86
        5182 |  1.19 |  1.02 |  0.89 |  1.01 |  0.80 |  1.14 |  0.86
        5182 |  1.19 |  1.02 |  0.89 |  1.01 |  0.80 |  1.14 |  0.86
        5182 |  1.19 |  1.02 |  0.89 |  1.01 |  0.80 |  1.14 |  0.86
        5182 |  1.19 |  1.02 |  0.89 |  1.01 |  0.80 |  1.14 |  0.86
        5182 |  1.19 |  1.02 |  0.89 |  1.01 |  0.80 |  1.14 |  0.86
        5182 |  1.19 |  1.02 |  0.89 |  1.01 |  0.80 |  1.14 |  0.86
        5182 |  1.19 |  1.02 |  0.89 |  1.01 |  0.80 |  1.14 |  0.86
        5182 |  1.19 |  1.02 |  0.89 |  1.01 |  0.80 |  1.14 |  0.86
        5182 |  1.19 |  1.02 |  0.89 |  1.01 |  0.80 |  1.14 |  0.86
        5182 |  1.19 |  1.02 |  0.89 |  1.01 |  0.80 |  1.14 |  0.86
        5182 |  1.19 |  1.02 |  0.89 |  1.01 |  0.80 |  1.14 |  0.86
        5182 |  1.19 |  1.02 |  0.89 |  1.01 |  0.80 |  1.14 |  0.86
        5182 |  1.19 |  1.02 |  0.89 |  1.01 |  0.80 |  1.14 |  0.86
        5182 |  1.19 |  1.02 |  0.89 |  1.01 |  0.80 |  1.14 |  0.86
        5182 |  1.19 |  1.02 |  0.89 |  1.01 |  0.80 |  1.14 |  0.86
        5182 |  1.19 |  1.02 |  0.89 |  1.01 |  0.80 |  1.14 |  0.86
        5182 |  1.19 |  1.02 |  0.89 |  1.01 |  0.80 |  1.14 |  0.86
        5182 |  1.19 |  1.02 |  0.89 |  1.01 |  0.80 |  1.14 |  0.86
        5182 |  1.19 |  1.02 |  0.89 |  1.01 |  0.80 |  1.14 |  0.86
        5182 |  1.19 |  1.02 |  0.89 |  1.01 |  0.80 |  1.14 |  0.86
        5182 |  1.19 |  1.02 |  0.89 |  1.01 |  0.80 |  1.14 |  0.86
        5182 |  1.19 |  1.02 |  0.89 |  1.01 |  0.80 |  1.14 |  0.86
        5182 |  1.19 |  1.02 |  0.89 |  1.01 |  0.80 |  1.14 |  0.86
        5182 |  1.19 |  1.02 |  0.89 |  1.01 |  0.80 |  1.14 |  0.86
        5182 |  1.19 |  1.02 |  0.89 |  1.01 |  0.80 |  1.14 |  0.86
        5182 |  1.19 |  1.02 |  0.89 |  1.01 |  0.80 |  1.14 |  0.86
        5182 |  1.19 |  1.02 |  0.89 |  1.01 |  0.80 |  1.14 |  0.86
        5182 |  1.19 |  1.02 |  0.89 |  1.01 |  0.80 |  1.14 |  0.86
        5182 |  1.19 |  1.02 |  0.89 |  1.01 |  0.80 |  1.14 |  0.86
        5182 |  1.19 |  1.02 |  0.89 |  1.01 |  0.80 |  1.14 |  0.86
        5182 |  1.19 |  1.02 |  0.89 |  1.01 |  0.80 |  1.14 |  0.86
        5182 |  1.19 |  1.02 |  0.89 |  1.01 |  0.80 |  1.14 |  0.86
        5182 |  1.19 |  1.02 |  0.89 |  1.01 |  0.80 |  1.14 |  0.86
        5182 |  1.19 |  1.02 |  0.89 |  1.01 |  0.80 |  1.14 |  0.86
        5182 |  1.19 |  1.02 |  0.89 |  1.01 |  0.80 |  1.14 |  0.86
        5182 |  1.19 |  1.02 |  0.89 |  1.01 |  0.80 |  1.14 |  0.86
        5182 |  1.19 |  1.02 |  0.89 |  1.01 |  0.80 |  1.14 |  0.86
        5182 |  1.19 |  1.02 |  0.89 |  1.01 |  0.80 |  1.14 |  0.86
        5182 |  1.19 |  1.02 |  0.89 |  1.01 |  0.80 |  1.14 |  0.86
        5182 |  1.19 |  1.02 |  0.89 |  1.01 |  0.80 |  1.14 |  0.86
        5182 |  1.19 |  1.02 |  0.89 |  1.01 |  0.80 |  1.14 |  0.86
        5182 |  1.19 |  1.02 |  0.89 |  1.01 |  0.80 |  1.14 |  0.86
        5182 |  1.19 |  1.02 |  0.89 |  1.01 |  0.80 |  1.14 |  0.86
        5182 |  1.19 |  1.02 |  0.89 |  1.01 |  0.80 |  1.14 |  0.86
        5182 |  1.19 |  1.02 |  0.89 |  1.01 |  0.80 |  1.14 |  0.86
        5182 |  1.19 |  1.02 |  0.89 |  1.01 |  0.80 |  1.14 |  0.86
        5182 |  1.19 |  1.02 |  0.89 |  1.01 |  0.80 |  1.14 |  0.86
        5183 |  0.72 |  1.01 |  1.26 |  1.25 |  1.28 |  0.81 |  0.87
        5183 |  0.72 |  1.01 |  1.26 |  1.25 |  1.28 |  0.81 |  0.87
        5183 |  0.72 |  1.01 |  1.26 |  1.25 |  1.28 |  0.81 |  0.87
        5183 |  0.72 |  1.01 |  1.26 |  1.25 |  1.28 |  0.81 |  0.87
        5183 |  0.72 |  1.01 |  1.26 |  1.25 |  1.28 |  0.81 |  0.87
        5183 |  0.72 |  1.01 |  1.26 |  1.25 |  1.28 |  0.81 |  0.87
        5183 |  0.72 |  1.01 |  1.26 |  1.25 |  1.28 |  0.81 |  0.87
        5183 |  0.72 |  1.01 |  1.26 |  1.25 |  1.28 |  0.81 |  0.87
        5183 |  0.72 |  1.01 |  1.26 |  1.25 |  1.28 |  0.81 |  0.87
        5183 |  0.72 |  1.01 |  1.26 |  1.25 |  1.28 |  0.81 |  0.87
        5183 |  0.72 |  1.01 |  1.26 |  1.25 |  1.28 |  0.81 |  0.87
        5183 |  0.72 |  1.01 |  1.26 |  1.25 |  1.28 |  0.81 |  0.87
        5183 |  0.72 |  1.01 |  1.26 |  1.25 |  1.28 |  0.81 |  0.87
        5183 |  0.72 |  1.01 |  1.26 |  1.25 |  1.28 |  0.81 |  0.87
        5183 |  0.72 |  1.01 |  1.26 |  1.25 |  1.28 |  0.81 |  0.87
        5183 |  0.72 |  1.01 |  1.26 |  1.25 |  1.28 |  0.81 |  0.87
        5183 |  0.72 |  1.01 |  1.26 |  1.25 |  1.28 |  0.81 |  0.87
        5183 |  0.72 |  1.01 |  1.26 |  1.25 |  1.28 |  0.81 |  0.87
        5183 |  0.72 |  1.01 |  1.26 |  1.25 |  1.28 |  0.81 |  0.87
        5183 |  0.72 |  1.01 |  1.26 |  1.25 |  1.28 |  0.81 |  0.87
        5183 |  0.72 |  1.01 |  1.26 |  1.25 |  1.28 |  0.81 |  0.87
        5183 |  0.72 |  1.01 |  1.26 |  1.25 |  1.28 |  0.81 |  0.87
        5183 |  0.72 |  1.01 |  1.26 |  1.25 |  1.28 |  0.81 |  0.87
        5183 |  0.72 |  1.01 |  1.26 |  1.25 |  1.28 |  0.81 |  0.87
        5183 |  0.72 |  1.01 |  1.26 |  1.25 |  1.28 |  0.81 |  0.87
        5183 |  0.72 |  1.01 |  1.26 |  1.25 |  1.28 |  0.81 |  0.87
        5183 |  0.72 |  1.01 |  1.26 |  1.25 |  1.28 |  0.81 |  0.87
        5183 |  0.72 |  1.01 |  1.26 |  1.25 |  1.28 |  0.81 |  0.87
        5183 |  0.72 |  1.01 |  1.26 |  1.25 |  1.28 |  0.81 |  0.87
        5183 |  0.72 |  1.01 |  1.26 |  1.25 |  1.28 |  0.81 |  0.87
        5183 |  0.72 |  1.01 |  1.26 |  1.25 |  1.28 |  0.81 |  0.87
        5183 |  0.72 |  1.01 |  1.26 |  1.25 |  1.28 |  0.81 |  0.87
        5183 |  0.72 |  1.01 |  1.26 |  1.25 |  1.28 |  0.81 |  0.87
        5183 |  0.72 |  1.01 |  1.26 |  1.25 |  1.28 |  0.81 |  0.87
        5183 |  0.72 |  1.01 |  1.26 |  1.25 |  1.28 |  0.81 |  0.87
        5183 |  0.72 |  1.01 |  1.26 |  1.25 |  1.28 |  0.81 |  0.87
        5183 |  0.72 |  1.01 |  1.26 |  1.25 |  1.28 |  0.81 |  0.87
        5183 |  0.72 |  1.01 |  1.26 |  1.25 |  1.28 |  0.81 |  0.87
        5183 |  0.72 |  1.01 |  1.26 |  1.25 |  1.28 |  0.81 |  0.87
        5183 |  0.72 |  1.01 |  1.26 |  1.25 |  1.28 |  0.81 |  0.87
        5183 |  0.72 |  1.01 |  1.26 |  1.25 |  1.28 |  0.81 |  0.87
        5183 |  0.72 |  1.01 |  1.26 |  1.25 |  1.28 |  0.81 |  0.87
        5183 |  0.72 |  1.01 |  1.26 |  1.25 |  1.28 |  0.81 |  0.87
        5183 |  0.72 |  1.01 |  1.26 |  1.25 |  1.28 |  0.81 |  0.87
        5183 |  0.72 |  1.01 |  1.26 |  1.25 |  1.28 |  0.81 |  0.87
        5183 |  0.72 |  1.01 |  1.26 |  1.25 |  1.28 |  0.81 |  0.87
        5183 |  0.72 |  1.01 |  1.26 |  1.25 |  1.28 |  0.81 |  0.87
        5183 |  0.72 |  1.01 |  1.26 |  1.25 |  1.28 |  0.81 |  0.87
        5183 |  0.72 |  1.01 |  1.26 |  1.25 |  1.28 |  0.81 |  0.87
        5184 |  1.01 |  1.10 |  0.89 |  1.05 |  0.92 |  0.74 |  0.87
        5184 |  1.01 |  1.10 |  0.89 |  1.05 |  0.92 |  0.74 |  0.87
        5184 |  1.01 |  1.10 |  0.89 |  1.05 |  0.92 |  0.74 |  0.87
        5184 |  1.01 |  1.10 |  0.89 |  1.05 |  0.92 |  0.74 |  0.87
        5184 |  1.01 |  1.10 |  0.89 |  1.05 |  0.92 |  0.74 |  0.87
        5184 |  1.01 |  1.10 |  0.89 |  1.05 |  0.92 |  0.74 |  0.87
        5184 |  1.01 |  1.10 |  0.89 |  1.05 |  0.92 |  0.74 |  0.87
        5184 |  1.01 |  1.10 |  0.89 |  1.05 |  0.92 |  0.74 |  0.87
        5184 |  1.01 |  1.10 |  0.89 |  1.05 |  0.92 |  0.74 |  0.87
        5184 |  1.01 |  1.10 |  0.89 |  1.05 |  0.92 |  0.74 |  0.87
        5184 |  1.01 |  1.10 |  0.89 |  1.05 |  0.92 |  0.74 |  0.87
        5184 |  1.01 |  1.10 |  0.89 |  1.05 |  0.92 |  0.74 |  0.87
        5184 |  1.01 |  1.10 |  0.89 |  1.05 |  0.92 |  0.74 |  0.87
        5184 |  1.01 |  1.10 |  0.89 |  1.05 |  0.92 |  0.74 |  0.87
        5184 |  1.01 |  1.10 |  0.89 |  1.05 |  0.92 |  0.74 |  0.87
        5184 |  1.01 |  1.10 |  0.89 |  1.05 |  0.92 |  0.74 |  0.87
        5184 |  1.01 |  1.10 |  0.89 |  1.05 |  0.92 |  0.74 |  0.87
        5184 |  1.01 |  1.10 |  0.89 |  1.05 |  0.92 |  0.74 |  0.87
        5184 |  1.01 |  1.10 |  0.89 |  1.05 |  0.92 |  0.74 |  0.87
        5184 |  1.01 |  1.10 |  0.89 |  1.05 |  0.92 |  0.74 |  0.87
        5184 |  1.01 |  1.10 |  0.89 |  1.05 |  0.92 |  0.74 |  0.87
        5184 |  1.01 |  1.10 |  0.89 |  1.05 |  0.92 |  0.74 |  0.87
        5184 |  1.01 |  1.10 |  0.89 |  1.05 |  0.92 |  0.74 |  0.87
        5184 |  1.01 |  1.10 |  0.89 |  1.05 |  0.92 |  0.74 |  0.87
        5184 |  1.01 |  1.10 |  0.89 |  1.05 |  0.92 |  0.74 |  0.87
        5184 |  1.01 |  1.10 |  0.89 |  1.05 |  0.92 |  0.74 |  0.87
        5184 |  1.01 |  1.10 |  0.89 |  1.05 |  0.92 |  0.74 |  0.87
        5184 |  1.01 |  1.10 |  0.89 |  1.05 |  0.92 |  0.74 |  0.87
        5184 |  1.01 |  1.10 |  0.89 |  1.05 |  0.92 |  0.74 |  0.87
        5184 |  1.01 |  1.10 |  0.89 |  1.05 |  0.92 |  0.74 |  0.87
        5184 |  1.01 |  1.10 |  0.89 |  1.05 |  0.92 |  0.74 |  0.87
        5184 |  1.01 |  1.10 |  0.89 |  1.05 |  0.92 |  0.74 |  0.87
        5184 |  1.01 |  1.10 |  0.89 |  1.05 |  0.92 |  0.74 |  0.87
        5184 |  1.01 |  1.10 |  0.89 |  1.05 |  0.92 |  0.74 |  0.87
        5184 |  1.01 |  1.10 |  0.89 |  1.05 |  0.92 |  0.74 |  0.87
        5184 |  1.01 |  1.10 |  0.89 |  1.05 |  0.92 |  0.74 |  0.87
        5184 |  1.01 |  1.10 |  0.89 |  1.05 |  0.92 |  0.74 |  0.87
        5184 |  1.01 |  1.10 |  0.89 |  1.05 |  0.92 |  0.74 |  0.87
        5184 |  1.01 |  1.10 |  0.89 |  1.05 |  0.92 |  0.74 |  0.87
        5184 |  1.01 |  1.10 |  0.89 |  1.05 |  0.92 |  0.74 |  0.87
        5184 |  1.01 |  1.10 |  0.89 |  1.05 |  0.92 |  0.74 |  0.87
        5184 |  1.01 |  1.10 |  0.89 |  1.05 |  0.92 |  0.74 |  0.87
        5184 |  1.01 |  1.10 |  0.89 |  1.05 |  0.92 |  0.74 |  0.87
        5184 |  1.01 |  1.10 |  0.89 |  1.05 |  0.92 |  0.74 |  0.87
        5184 |  1.01 |  1.10 |  0.89 |  1.05 |  0.92 |  0.74 |  0.87
        5184 |  1.01 |  1.10 |  0.89 |  1.05 |  0.92 |  0.74 |  0.87
        5184 |  1.01 |  1.10 |  0.89 |  1.05 |  0.92 |  0.74 |  0.87
        5184 |  1.01 |  1.10 |  0.89 |  1.05 |  0.92 |  0.74 |  0.87
        5184 |  1.01 |  1.10 |  0.89 |  1.05 |  0.92 |  0.74 |  0.87
        5185 |  1.23 |  1.01 |  0.88 |  0.83 |  1.02 |  0.97 |  0.85
        5185 |  1.23 |  1.01 |  0.88 |  0.83 |  1.02 |  0.97 |  0.85
        5185 |  1.23 |  1.01 |  0.88 |  0.83 |  1.02 |  0.97 |  0.85
        5185 |  1.23 |  1.01 |  0.88 |  0.83 |  1.02 |  0.97 |  0.85
        5185 |  1.23 |  1.01 |  0.88 |  0.83 |  1.02 |  0.97 |  0.85
        5185 |  1.23 |  1.01 |  0.88 |  0.83 |  1.02 |  0.97 |  0.85
        5185 |  1.23 |  1.01 |  0.88 |  0.83 |  1.02 |  0.97 |  0.85
        5185 |  1.23 |  1.01 |  0.88 |  0.83 |  1.02 |  0.97 |  0.85
        5185 |  1.23 |  1.01 |  0.88 |  0.83 |  1.02 |  0.97 |  0.85
        5185 |  1.23 |  1.01 |  0.88 |  0.83 |  1.02 |  0.97 |  0.85
        5185 |  1.23 |  1.01 |  0.88 |  0.83 |  1.02 |  0.97 |  0.85
        5185 |  1.23 |  1.01 |  0.88 |  0.83 |  1.02 |  0.97 |  0.85
        5185 |  1.23 |  1.01 |  0.88 |  0.83 |  1.02 |  0.97 |  0.85
        5185 |  1.23 |  1.01 |  0.88 |  0.83 |  1.02 |  0.97 |  0.85
        5185 |  1.23 |  1.01 |  0.88 |  0.83 |  1.02 |  0.97 |  0.85
        5185 |  1.23 |  1.01 |  0.88 |  0.83 |  1.02 |  0.97 |  0.85
        5185 |  1.23 |  1.01 |  0.88 |  0.83 |  1.02 |  0.97 |  0.85
        5185 |  1.23 |  1.01 |  0.88 |  0.83 |  1.02 |  0.97 |  0.85
        5185 |  1.23 |  1.01 |  0.88 |  0.83 |  1.02 |  0.97 |  0.85
        5185 |  1.23 |  1.01 |  0.88 |  0.83 |  1.02 |  0.97 |  0.85
        5185 |  1.23 |  1.01 |  0.88 |  0.83 |  1.02 |  0.97 |  0.85
        5185 |  1.23 |  1.01 |  0.88 |  0.83 |  1.02 |  0.97 |  0.85
        5185 |  1.23 |  1.01 |  0.88 |  0.83 |  1.02 |  0.97 |  0.85
        5185 |  1.23 |  1.01 |  0.88 |  0.83 |  1.02 |  0.97 |  0.85
        5185 |  1.23 |  1.01 |  0.88 |  0.83 |  1.02 |  0.97 |  0.85
        5185 |  1.23 |  1.01 |  0.88 |  0.83 |  1.02 |  0.97 |  0.85
        5185 |  1.23 |  1.01 |  0.88 |  0.83 |  1.02 |  0.97 |  0.85
        5185 |  1.23 |  1.01 |  0.88 |  0.83 |  1.02 |  0.97 |  0.85
        5185 |  1.23 |  1.01 |  0.88 |  0.83 |  1.02 |  0.97 |  0.85
        5185 |  1.23 |  1.01 |  0.88 |  0.83 |  1.02 |  0.97 |  0.85
        5185 |  1.23 |  1.01 |  0.88 |  0.83 |  1.02 |  0.97 |  0.85
        5185 |  1.23 |  1.01 |  0.88 |  0.83 |  1.02 |  0.97 |  0.85
        5185 |  1.23 |  1.01 |  0.88 |  0.83 |  1.02 |  0.97 |  0.85
        5185 |  1.23 |  1.01 |  0.88 |  0.83 |  1.02 |  0.97 |  0.85
        5185 |  1.23 |  1.01 |  0.88 |  0.83 |  1.02 |  0.97 |  0.85
        5185 |  1.23 |  1.01 |  0.88 |  0.83 |  1.02 |  0.97 |  0.85
        5185 |  1.23 |  1.01 |  0.88 |  0.83 |  1.02 |  0.97 |  0.85
        5185 |  1.23 |  1.01 |  0.88 |  0.83 |  1.02 |  0.97 |  0.85
        5185 |  1.23 |  1.01 |  0.88 |  0.83 |  1.02 |  0.97 |  0.85
        5185 |  1.23 |  1.01 |  0.88 |  0.83 |  1.02 |  0.97 |  0.85
        5185 |  1.23 |  1.01 |  0.88 |  0.83 |  1.02 |  0.97 |  0.85
        5185 |  1.23 |  1.01 |  0.88 |  0.83 |  1.02 |  0.97 |  0.85
        5185 |  1.23 |  1.01 |  0.88 |  0.83 |  1.02 |  0.97 |  0.85
        5185 |  1.23 |  1.01 |  0.88 |  0.83 |  1.02 |  0.97 |  0.85
        5185 |  1.23 |  1.01 |  0.88 |  0.83 |  1.02 |  0.97 |  0.85
        5185 |  1.23 |  1.01 |  0.88 |  0.83 |  1.02 |  0.97 |  0.85
        5185 |  1.23 |  1.01 |  0.88 |  0.83 |  1.02 |  0.97 |  0.85
        5185 |  1.23 |  1.01 |  0.88 |  0.83 |  1.02 |  0.97 |  0.85
        5185 |  1.23 |  1.01 |  0.88 |  0.83 |  1.02 |  0.97 |  0.85
        5186 |  1.18 |  0.90 |  1.03 |  0.99 |  0.96 |  0.98 |  1.07
        5186 |  1.18 |  0.90 |  1.03 |  0.99 |  0.96 |  0.98 |  1.07
        5186 |  1.18 |  0.90 |  1.03 |  0.99 |  0.96 |  0.98 |  1.07
        5186 |  1.18 |  0.90 |  1.03 |  0.99 |  0.96 |  0.98 |  1.07
        5186 |  1.18 |  0.90 |  1.03 |  0.99 |  0.96 |  0.98 |  1.07
        5186 |  1.18 |  0.90 |  1.03 |  0.99 |  0.96 |  0.98 |  1.07
        5186 |  1.18 |  0.90 |  1.03 |  0.99 |  0.96 |  0.98 |  1.07
        5186 |  1.18 |  0.90 |  1.03 |  0.99 |  0.96 |  0.98 |  1.07
        5186 |  1.18 |  0.90 |  1.03 |  0.99 |  0.96 |  0.98 |  1.07
        5186 |  1.18 |  0.90 |  1.03 |  0.99 |  0.96 |  0.98 |  1.07
        5186 |  1.18 |  0.90 |  1.03 |  0.99 |  0.96 |  0.98 |  1.07
        5186 |  1.18 |  0.90 |  1.03 |  0.99 |  0.96 |  0.98 |  1.07
        5186 |  1.18 |  0.90 |  1.03 |  0.99 |  0.96 |  0.98 |  1.07
        5186 |  1.18 |  0.90 |  1.03 |  0.99 |  0.96 |  0.98 |  1.07
        5186 |  1.18 |  0.90 |  1.03 |  0.99 |  0.96 |  0.98 |  1.07
        5186 |  1.18 |  0.90 |  1.03 |  0.99 |  0.96 |  0.98 |  1.07
        5186 |  1.18 |  0.90 |  1.03 |  0.99 |  0.96 |  0.98 |  1.07
        5186 |  1.18 |  0.90 |  1.03 |  0.99 |  0.96 |  0.98 |  1.07
        5186 |  1.18 |  0.90 |  1.03 |  0.99 |  0.96 |  0.98 |  1.07
        5186 |  1.18 |  0.90 |  1.03 |  0.99 |  0.96 |  0.98 |  1.07
        5186 |  1.18 |  0.90 |  1.03 |  0.99 |  0.96 |  0.98 |  1.07
        5186 |  1.18 |  0.90 |  1.03 |  0.99 |  0.96 |  0.98 |  1.07
        5186 |  1.18 |  0.90 |  1.03 |  0.99 |  0.96 |  0.98 |  1.07
        5186 |  1.18 |  0.90 |  1.03 |  0.99 |  0.96 |  0.98 |  1.07
        5186 |  1.18 |  0.90 |  1.03 |  0.99 |  0.96 |  0.98 |  1.07
        5186 |  1.18 |  0.90 |  1.03 |  0.99 |  0.96 |  0.98 |  1.07
        5186 |  1.18 |  0.90 |  1.03 |  0.99 |  0.96 |  0.98 |  1.07
        5186 |  1.18 |  0.90 |  1.03 |  0.99 |  0.96 |  0.98 |  1.07
        5186 |  1.18 |  0.90 |  1.03 |  0.99 |  0.96 |  0.98 |  1.07
        5186 |  1.18 |  0.90 |  1.03 |  0.99 |  0.96 |  0.98 |  1.07
        5186 |  1.18 |  0.90 |  1.03 |  0.99 |  0.96 |  0.98 |  1.07
        5186 |  1.18 |  0.90 |  1.03 |  0.99 |  0.96 |  0.98 |  1.07
        5186 |  1.18 |  0.90 |  1.03 |  0.99 |  0.96 |  0.98 |  1.07
        5186 |  1.18 |  0.90 |  1.03 |  0.99 |  0.96 |  0.98 |  1.07
        5186 |  1.18 |  0.90 |  1.03 |  0.99 |  0.96 |  0.98 |  1.07
        5186 |  1.18 |  0.90 |  1.03 |  0.99 |  0.96 |  0.98 |  1.07
        5186 |  1.18 |  0.90 |  1.03 |  0.99 |  0.96 |  0.98 |  1.07
        5186 |  1.18 |  0.90 |  1.03 |  0.99 |  0.96 |  0.98 |  1.07
        5186 |  1.18 |  0.90 |  1.03 |  0.99 |  0.96 |  0.98 |  1.07
        5186 |  1.18 |  0.90 |  1.03 |  0.99 |  0.96 |  0.98 |  1.07
        5186 |  1.18 |  0.90 |  1.03 |  0.99 |  0.96 |  0.98 |  1.07
        5186 |  1.18 |  0.90 |  1.03 |  0.99 |  0.96 |  0.98 |  1.07
        5186 |  1.18 |  0.90 |  1.03 |  0.99 |  0.96 |  0.98 |  1.07
        5186 |  1.18 |  0.90 |  1.03 |  0.99 |  0.96 |  0.98 |  1.07
        5186 |  1.18 |  0.90 |  1.03 |  0.99 |  0.96 |  0.98 |  1.07
        5186 |  1.18 |  0.90 |  1.03 |  0.99 |  0.96 |  0.98 |  1.07
        5186 |  1.18 |  0.90 |  1.03 |  0.99 |  0.96 |  0.98 |  1.07
        5186 |  1.18 |  0.90 |  1.03 |  0.99 |  0.96 |  0.98 |  1.07
        5186 |  1.18 |  0.90 |  1.03 |  0.99 |  0.96 |  0.98 |  1.07
        5187 |  0.81 |  1.08 |  0.79 |  0.96 |  0.92 |  1.28 |  1.13
        5187 |  0.81 |  1.08 |  0.79 |  0.96 |  0.92 |  1.28 |  1.13
        5187 |  0.81 |  1.08 |  0.79 |  0.96 |  0.92 |  1.28 |  1.13
        5187 |  0.81 |  1.08 |  0.79 |  0.96 |  0.92 |  1.28 |  1.13
        5187 |  0.81 |  1.08 |  0.79 |  0.96 |  0.92 |  1.28 |  1.13
        5187 |  0.81 |  1.08 |  0.79 |  0.96 |  0.92 |  1.28 |  1.13
        5187 |  0.81 |  1.08 |  0.79 |  0.96 |  0.92 |  1.28 |  1.13
        5187 |  0.81 |  1.08 |  0.79 |  0.96 |  0.92 |  1.28 |  1.13
        5187 |  0.81 |  1.08 |  0.79 |  0.96 |  0.92 |  1.28 |  1.13
        5187 |  0.81 |  1.08 |  0.79 |  0.96 |  0.92 |  1.28 |  1.13
        5187 |  0.81 |  1.08 |  0.79 |  0.96 |  0.92 |  1.28 |  1.13
        5187 |  0.81 |  1.08 |  0.79 |  0.96 |  0.92 |  1.28 |  1.13
        5187 |  0.81 |  1.08 |  0.79 |  0.96 |  0.92 |  1.28 |  1.13
        5187 |  0.81 |  1.08 |  0.79 |  0.96 |  0.92 |  1.28 |  1.13
        5187 |  0.81 |  1.08 |  0.79 |  0.96 |  0.92 |  1.28 |  1.13
        5187 |  0.81 |  1.08 |  0.79 |  0.96 |  0.92 |  1.28 |  1.13
        5187 |  0.81 |  1.08 |  0.79 |  0.96 |  0.92 |  1.28 |  1.13
        5187 |  0.81 |  1.08 |  0.79 |  0.96 |  0.92 |  1.28 |  1.13
        5187 |  0.81 |  1.08 |  0.79 |  0.96 |  0.92 |  1.28 |  1.13
        5187 |  0.81 |  1.08 |  0.79 |  0.96 |  0.92 |  1.28 |  1.13
        5187 |  0.81 |  1.08 |  0.79 |  0.96 |  0.92 |  1.28 |  1.13
        5187 |  0.81 |  1.08 |  0.79 |  0.96 |  0.92 |  1.28 |  1.13
        5187 |  0.81 |  1.08 |  0.79 |  0.96 |  0.92 |  1.28 |  1.13
        5187 |  0.81 |  1.08 |  0.79 |  0.96 |  0.92 |  1.28 |  1.13
        5187 |  0.81 |  1.08 |  0.79 |  0.96 |  0.92 |  1.28 |  1.13
        5187 |  0.81 |  1.08 |  0.79 |  0.96 |  0.92 |  1.28 |  1.13
        5187 |  0.81 |  1.08 |  0.79 |  0.96 |  0.92 |  1.28 |  1.13
        5187 |  0.81 |  1.08 |  0.79 |  0.96 |  0.92 |  1.28 |  1.13
        5187 |  0.81 |  1.08 |  0.79 |  0.96 |  0.92 |  1.28 |  1.13
        5187 |  0.81 |  1.08 |  0.79 |  0.96 |  0.92 |  1.28 |  1.13
        5187 |  0.81 |  1.08 |  0.79 |  0.96 |  0.92 |  1.28 |  1.13
        5187 |  0.81 |  1.08 |  0.79 |  0.96 |  0.92 |  1.28 |  1.13
        5187 |  0.81 |  1.08 |  0.79 |  0.96 |  0.92 |  1.28 |  1.13
        5187 |  0.81 |  1.08 |  0.79 |  0.96 |  0.92 |  1.28 |  1.13
        5187 |  0.81 |  1.08 |  0.79 |  0.96 |  0.92 |  1.28 |  1.13
        5187 |  0.81 |  1.08 |  0.79 |  0.96 |  0.92 |  1.28 |  1.13
        5187 |  0.81 |  1.08 |  0.79 |  0.96 |  0.92 |  1.28 |  1.13
        5187 |  0.81 |  1.08 |  0.79 |  0.96 |  0.92 |  1.28 |  1.13
        5187 |  0.81 |  1.08 |  0.79 |  0.96 |  0.92 |  1.28 |  1.13
        5187 |  0.81 |  1.08 |  0.79 |  0.96 |  0.92 |  1.28 |  1.13
        5187 |  0.81 |  1.08 |  0.79 |  0.96 |  0.92 |  1.28 |  1.13
        5187 |  0.81 |  1.08 |  0.79 |  0.96 |  0.92 |  1.28 |  1.13
        5187 |  0.81 |  1.08 |  0.79 |  0.96 |  0.92 |  1.28 |  1.13
        5187 |  0.81 |  1.08 |  0.79 |  0.96 |  0.92 |  1.28 |  1.13
        5187 |  0.81 |  1.08 |  0.79 |  0.96 |  0.92 |  1.28 |  1.13
        5187 |  0.81 |  1.08 |  0.79 |  0.96 |  0.92 |  1.28 |  1.13
        5187 |  0.81 |  1.08 |  0.79 |  0.96 |  0.92 |  1.28 |  1.13
        5187 |  0.81 |  1.08 |  0.79 |  0.96 |  0.92 |  1.28 |  1.13
        5187 |  0.81 |  1.08 |  0.79 |  0.96 |  0.92 |  1.28 |  1.13
        5188 |  0.90 |  1.06 |  1.01 |  0.91 |  1.21 |  1.40 |  1.11
        5188 |  0.90 |  1.06 |  1.01 |  0.91 |  1.21 |  1.40 |  1.11
        5188 |  0.90 |  1.06 |  1.01 |  0.91 |  1.21 |  1.40 |  1.11
        5188 |  0.90 |  1.06 |  1.01 |  0.91 |  1.21 |  1.40 |  1.11
        5188 |  0.90 |  1.06 |  1.01 |  0.91 |  1.21 |  1.40 |  1.11
        5188 |  0.90 |  1.06 |  1.01 |  0.91 |  1.21 |  1.40 |  1.11
        5188 |  0.90 |  1.06 |  1.01 |  0.91 |  1.21 |  1.40 |  1.11
        5188 |  0.90 |  1.06 |  1.01 |  0.91 |  1.21 |  1.40 |  1.11
        5188 |  0.90 |  1.06 |  1.01 |  0.91 |  1.21 |  1.40 |  1.11
        5188 |  0.90 |  1.06 |  1.01 |  0.91 |  1.21 |  1.40 |  1.11
        5188 |  0.90 |  1.06 |  1.01 |  0.91 |  1.21 |  1.40 |  1.11
        5188 |  0.90 |  1.06 |  1.01 |  0.91 |  1.21 |  1.40 |  1.11
        5188 |  0.90 |  1.06 |  1.01 |  0.91 |  1.21 |  1.40 |  1.11
        5188 |  0.90 |  1.06 |  1.01 |  0.91 |  1.21 |  1.40 |  1.11
        5188 |  0.90 |  1.06 |  1.01 |  0.91 |  1.21 |  1.40 |  1.11
        5188 |  0.90 |  1.06 |  1.01 |  0.91 |  1.21 |  1.40 |  1.11
        5188 |  0.90 |  1.06 |  1.01 |  0.91 |  1.21 |  1.40 |  1.11
        5188 |  0.90 |  1.06 |  1.01 |  0.91 |  1.21 |  1.40 |  1.11
        5188 |  0.90 |  1.06 |  1.01 |  0.91 |  1.21 |  1.40 |  1.11
        5188 |  0.90 |  1.06 |  1.01 |  0.91 |  1.21 |  1.40 |  1.11
        5188 |  0.90 |  1.06 |  1.01 |  0.91 |  1.21 |  1.40 |  1.11
        5188 |  0.90 |  1.06 |  1.01 |  0.91 |  1.21 |  1.40 |  1.11
        5188 |  0.90 |  1.06 |  1.01 |  0.91 |  1.21 |  1.40 |  1.11
        5188 |  0.90 |  1.06 |  1.01 |  0.91 |  1.21 |  1.40 |  1.11
        5188 |  0.90 |  1.06 |  1.01 |  0.91 |  1.21 |  1.40 |  1.11
        5188 |  0.90 |  1.06 |  1.01 |  0.91 |  1.21 |  1.40 |  1.11
        5188 |  0.90 |  1.06 |  1.01 |  0.91 |  1.21 |  1.40 |  1.11
        5188 |  0.90 |  1.06 |  1.01 |  0.91 |  1.21 |  1.40 |  1.11
        5188 |  0.90 |  1.06 |  1.01 |  0.91 |  1.21 |  1.40 |  1.11
        5188 |  0.90 |  1.06 |  1.01 |  0.91 |  1.21 |  1.40 |  1.11
        5188 |  0.90 |  1.06 |  1.01 |  0.91 |  1.21 |  1.40 |  1.11
        5188 |  0.90 |  1.06 |  1.01 |  0.91 |  1.21 |  1.40 |  1.11
        5188 |  0.90 |  1.06 |  1.01 |  0.91 |  1.21 |  1.40 |  1.11
        5188 |  0.90 |  1.06 |  1.01 |  0.91 |  1.21 |  1.40 |  1.11
        5188 |  0.90 |  1.06 |  1.01 |  0.91 |  1.21 |  1.40 |  1.11
        5188 |  0.90 |  1.06 |  1.01 |  0.91 |  1.21 |  1.40 |  1.11
        5188 |  0.90 |  1.06 |  1.01 |  0.91 |  1.21 |  1.40 |  1.11
        5188 |  0.90 |  1.06 |  1.01 |  0.91 |  1.21 |  1.40 |  1.11
        5188 |  0.90 |  1.06 |  1.01 |  0.91 |  1.21 |  1.40 |  1.11
        5188 |  0.90 |  1.06 |  1.01 |  0.91 |  1.21 |  1.40 |  1.11
        5188 |  0.90 |  1.06 |  1.01 |  0.91 |  1.21 |  1.40 |  1.11
        5188 |  0.90 |  1.06 |  1.01 |  0.91 |  1.21 |  1.40 |  1.11
        5188 |  0.90 |  1.06 |  1.01 |  0.91 |  1.21 |  1.40 |  1.11
        5188 |  0.90 |  1.06 |  1.01 |  0.91 |  1.21 |  1.40 |  1.11
        5188 |  0.90 |  1.06 |  1.01 |  0.91 |  1.21 |  1.40 |  1.11
        5188 |  0.90 |  1.06 |  1.01 |  0.91 |  1.21 |  1.40 |  1.11
        5188 |  0.90 |  1.06 |  1.01 |  0.91 |  1.21 |  1.40 |  1.11
        5188 |  0.90 |  1.06 |  1.01 |  0.91 |  1.21 |  1.40 |  1.11
        5188 |  0.90 |  1.06 |  1.01 |  0.91 |  1.21 |  1.40 |  1.11
        5189 |  1.02 |  0.71 |  1.06 |  0.94 |  1.03 |  0.72 |  1.10
        5189 |  1.02 |  0.71 |  1.06 |  0.94 |  1.03 |  0.72 |  1.10
        5189 |  1.02 |  0.71 |  1.06 |  0.94 |  1.03 |  0.72 |  1.10
        5189 |  1.02 |  0.71 |  1.06 |  0.94 |  1.03 |  0.72 |  1.10
        5189 |  1.02 |  0.71 |  1.06 |  0.94 |  1.03 |  0.72 |  1.10
        5189 |  1.02 |  0.71 |  1.06 |  0.94 |  1.03 |  0.72 |  1.10
        5189 |  1.02 |  0.71 |  1.06 |  0.94 |  1.03 |  0.72 |  1.10
        5189 |  1.02 |  0.71 |  1.06 |  0.94 |  1.03 |  0.72 |  1.10
        5189 |  1.02 |  0.71 |  1.06 |  0.94 |  1.03 |  0.72 |  1.10
        5189 |  1.02 |  0.71 |  1.06 |  0.94 |  1.03 |  0.72 |  1.10
        5189 |  1.02 |  0.71 |  1.06 |  0.94 |  1.03 |  0.72 |  1.10
        5189 |  1.02 |  0.71 |  1.06 |  0.94 |  1.03 |  0.72 |  1.10
        5189 |  1.02 |  0.71 |  1.06 |  0.94 |  1.03 |  0.72 |  1.10
        5189 |  1.02 |  0.71 |  1.06 |  0.94 |  1.03 |  0.72 |  1.10
        5189 |  1.02 |  0.71 |  1.06 |  0.94 |  1.03 |  0.72 |  1.10
        5189 |  1.02 |  0.71 |  1.06 |  0.94 |  1.03 |  0.72 |  1.10
        5189 |  1.02 |  0.71 |  1.06 |  0.94 |  1.03 |  0.72 |  1.10
        5189 |  1.02 |  0.71 |  1.06 |  0.94 |  1.03 |  0.72 |  1.10
        5189 |  1.02 |  0.71 |  1.06 |  0.94 |  1.03 |  0.72 |  1.10
        5189 |  1.02 |  0.71 |  1.06 |  0.94 |  1.03 |  0.72 |  1.10
        5189 |  1.02 |  0.71 |  1.06 |  0.94 |  1.03 |  0.72 |  1.10
        5189 |  1.02 |  0.71 |  1.06 |  0.94 |  1.03 |  0.72 |  1.10
        5189 |  1.02 |  0.71 |  1.06 |  0.94 |  1.03 |  0.72 |  1.10
        5189 |  1.02 |  0.71 |  1.06 |  0.94 |  1.03 |  0.72 |  1.10
        5189 |  1.02 |  0.71 |  1.06 |  0.94 |  1.03 |  0.72 |  1.10
        5189 |  1.02 |  0.71 |  1.06 |  0.94 |  1.03 |  0.72 |  1.10
        5189 |  1.02 |  0.71 |  1.06 |  0.94 |  1.03 |  0.72 |  1.10
        5189 |  1.02 |  0.71 |  1.06 |  0.94 |  1.03 |  0.72 |  1.10
        5189 |  1.02 |  0.71 |  1.06 |  0.94 |  1.03 |  0.72 |  1.10
        5189 |  1.02 |  0.71 |  1.06 |  0.94 |  1.03 |  0.72 |  1.10
        5189 |  1.02 |  0.71 |  1.06 |  0.94 |  1.03 |  0.72 |  1.10
        5189 |  1.02 |  0.71 |  1.06 |  0.94 |  1.03 |  0.72 |  1.10
        5189 |  1.02 |  0.71 |  1.06 |  0.94 |  1.03 |  0.72 |  1.10
        5189 |  1.02 |  0.71 |  1.06 |  0.94 |  1.03 |  0.72 |  1.10
        5189 |  1.02 |  0.71 |  1.06 |  0.94 |  1.03 |  0.72 |  1.10
        5189 |  1.02 |  0.71 |  1.06 |  0.94 |  1.03 |  0.72 |  1.10
        5189 |  1.02 |  0.71 |  1.06 |  0.94 |  1.03 |  0.72 |  1.10
        5189 |  1.02 |  0.71 |  1.06 |  0.94 |  1.03 |  0.72 |  1.10
        5189 |  1.02 |  0.71 |  1.06 |  0.94 |  1.03 |  0.72 |  1.10
        5189 |  1.02 |  0.71 |  1.06 |  0.94 |  1.03 |  0.72 |  1.10
        5189 |  1.02 |  0.71 |  1.06 |  0.94 |  1.03 |  0.72 |  1.10
        5189 |  1.02 |  0.71 |  1.06 |  0.94 |  1.03 |  0.72 |  1.10
        5189 |  1.02 |  0.71 |  1.06 |  0.94 |  1.03 |  0.72 |  1.10
        5189 |  1.02 |  0.71 |  1.06 |  0.94 |  1.03 |  0.72 |  1.10
        5189 |  1.02 |  0.71 |  1.06 |  0.94 |  1.03 |  0.72 |  1.10
        5189 |  1.02 |  0.71 |  1.06 |  0.94 |  1.03 |  0.72 |  1.10
        5189 |  1.02 |  0.71 |  1.06 |  0.94 |  1.03 |  0.72 |  1.10
        5189 |  1.02 |  0.71 |  1.06 |  0.94 |  1.03 |  0.72 |  1.10
        5189 |  1.02 |  0.71 |  1.06 |  0.94 |  1.03 |  0.72 |  1.10
        5190 |  0.99 |  1.07 |  0.91 |  0.80 |  1.07 |  1.05 |  0.98
        5190 |  0.99 |  1.07 |  0.91 |  0.80 |  1.07 |  1.05 |  0.98
        5190 |  0.99 |  1.07 |  0.91 |  0.80 |  1.07 |  1.05 |  0.98
        5190 |  0.99 |  1.07 |  0.91 |  0.80 |  1.07 |  1.05 |  0.98
        5190 |  0.99 |  1.07 |  0.91 |  0.80 |  1.07 |  1.05 |  0.98
        5190 |  0.99 |  1.07 |  0.91 |  0.80 |  1.07 |  1.05 |  0.98
        5190 |  0.99 |  1.07 |  0.91 |  0.80 |  1.07 |  1.05 |  0.98
        5190 |  0.99 |  1.07 |  0.91 |  0.80 |  1.07 |  1.05 |  0.98
        5190 |  0.99 |  1.07 |  0.91 |  0.80 |  1.07 |  1.05 |  0.98
        5190 |  0.99 |  1.07 |  0.91 |  0.80 |  1.07 |  1.05 |  0.98
        5190 |  0.99 |  1.07 |  0.91 |  0.80 |  1.07 |  1.05 |  0.98
        5190 |  0.99 |  1.07 |  0.91 |  0.80 |  1.07 |  1.05 |  0.98
        5190 |  0.99 |  1.07 |  0.91 |  0.80 |  1.07 |  1.05 |  0.98
        5190 |  0.99 |  1.07 |  0.91 |  0.80 |  1.07 |  1.05 |  0.98
        5190 |  0.99 |  1.07 |  0.91 |  0.80 |  1.07 |  1.05 |  0.98
        5190 |  0.99 |  1.07 |  0.91 |  0.80 |  1.07 |  1.05 |  0.98
        5190 |  0.99 |  1.07 |  0.91 |  0.80 |  1.07 |  1.05 |  0.98
        5190 |  0.99 |  1.07 |  0.91 |  0.80 |  1.07 |  1.05 |  0.98
        5190 |  0.99 |  1.07 |  0.91 |  0.80 |  1.07 |  1.05 |  0.98
        5190 |  0.99 |  1.07 |  0.91 |  0.80 |  1.07 |  1.05 |  0.98
        5190 |  0.99 |  1.07 |  0.91 |  0.80 |  1.07 |  1.05 |  0.98
        5190 |  0.99 |  1.07 |  0.91 |  0.80 |  1.07 |  1.05 |  0.98
        5190 |  0.99 |  1.07 |  0.91 |  0.80 |  1.07 |  1.05 |  0.98
        5190 |  0.99 |  1.07 |  0.91 |  0.80 |  1.07 |  1.05 |  0.98
        5190 |  0.99 |  1.07 |  0.91 |  0.80 |  1.07 |  1.05 |  0.98
        5190 |  0.99 |  1.07 |  0.91 |  0.80 |  1.07 |  1.05 |  0.98
        5190 |  0.99 |  1.07 |  0.91 |  0.80 |  1.07 |  1.05 |  0.98
        5190 |  0.99 |  1.07 |  0.91 |  0.80 |  1.07 |  1.05 |  0.98
        5190 |  0.99 |  1.07 |  0.91 |  0.80 |  1.07 |  1.05 |  0.98
        5190 |  0.99 |  1.07 |  0.91 |  0.80 |  1.07 |  1.05 |  0.98
        5190 |  0.99 |  1.07 |  0.91 |  0.80 |  1.07 |  1.05 |  0.98
        5190 |  0.99 |  1.07 |  0.91 |  0.80 |  1.07 |  1.05 |  0.98
        5190 |  0.99 |  1.07 |  0.91 |  0.80 |  1.07 |  1.05 |  0.98
        5190 |  0.99 |  1.07 |  0.91 |  0.80 |  1.07 |  1.05 |  0.98
        5190 |  0.99 |  1.07 |  0.91 |  0.80 |  1.07 |  1.05 |  0.98
        5190 |  0.99 |  1.07 |  0.91 |  0.80 |  1.07 |  1.05 |  0.98
        5190 |  0.99 |  1.07 |  0.91 |  0.80 |  1.07 |  1.05 |  0.98
        5190 |  0.99 |  1.07 |  0.91 |  0.80 |  1.07 |  1.05 |  0.98
        5190 |  0.99 |  1.07 |  0.91 |  0.80 |  1.07 |  1.05 |  0.98
        5190 |  0.99 |  1.07 |  0.91 |  0.80 |  1.07 |  1.05 |  0.98
        5190 |  0.99 |  1.07 |  0.91 |  0.80 |  1.07 |  1.05 |  0.98
        5190 |  0.99 |  1.07 |  0.91 |  0.80 |  1.07 |  1.05 |  0.98
        5190 |  0.99 |  1.07 |  0.91 |  0.80 |  1.07 |  1.05 |  0.98
        5190 |  0.99 |  1.07 |  0.91 |  0.80 |  1.07 |  1.05 |  0.98
        5190 |  0.99 |  1.07 |  0.91 |  0.80 |  1.07 |  1.05 |  0.98
        5190 |  0.99 |  1.07 |  0.91 |  0.80 |  1.07 |  1.05 |  0.98
        5190 |  0.99 |  1.07 |  0.91 |  0.80 |  1.07 |  1.05 |  0.98
        5190 |  0.99 |  1.07 |  0.91 |  0.80 |  1.07 |  1.05 |  0.98
        5190 |  0.99 |  1.07 |  0.91 |  0.80 |  1.07 |  1.05 |  0.98
        5191 |  1.00 |  0.98 |  1.06 |  0.93 |  0.90 |  1.05 |  0.86
        5191 |  1.00 |  0.98 |  1.06 |  0.93 |  0.90 |  1.05 |  0.86
        5191 |  1.00 |  0.98 |  1.06 |  0.93 |  0.90 |  1.05 |  0.86
        5191 |  1.00 |  0.98 |  1.06 |  0.93 |  0.90 |  1.05 |  0.86
        5191 |  1.00 |  0.98 |  1.06 |  0.93 |  0.90 |  1.05 |  0.86
        5191 |  1.00 |  0.98 |  1.06 |  0.93 |  0.90 |  1.05 |  0.86
        5191 |  1.00 |  0.98 |  1.06 |  0.93 |  0.90 |  1.05 |  0.86
        5191 |  1.00 |  0.98 |  1.06 |  0.93 |  0.90 |  1.05 |  0.86
        5191 |  1.00 |  0.98 |  1.06 |  0.93 |  0.90 |  1.05 |  0.86
        5191 |  1.00 |  0.98 |  1.06 |  0.93 |  0.90 |  1.05 |  0.86
        5191 |  1.00 |  0.98 |  1.06 |  0.93 |  0.90 |  1.05 |  0.86
        5191 |  1.00 |  0.98 |  1.06 |  0.93 |  0.90 |  1.05 |  0.86
        5191 |  1.00 |  0.98 |  1.06 |  0.93 |  0.90 |  1.05 |  0.86
        5191 |  1.00 |  0.98 |  1.06 |  0.93 |  0.90 |  1.05 |  0.86
        5191 |  1.00 |  0.98 |  1.06 |  0.93 |  0.90 |  1.05 |  0.86
        5191 |  1.00 |  0.98 |  1.06 |  0.93 |  0.90 |  1.05 |  0.86
        5191 |  1.00 |  0.98 |  1.06 |  0.93 |  0.90 |  1.05 |  0.86
        5191 |  1.00 |  0.98 |  1.06 |  0.93 |  0.90 |  1.05 |  0.86
        5191 |  1.00 |  0.98 |  1.06 |  0.93 |  0.90 |  1.05 |  0.86
        5191 |  1.00 |  0.98 |  1.06 |  0.93 |  0.90 |  1.05 |  0.86
        5191 |  1.00 |  0.98 |  1.06 |  0.93 |  0.90 |  1.05 |  0.86
        5191 |  1.00 |  0.98 |  1.06 |  0.93 |  0.90 |  1.05 |  0.86
        5191 |  1.00 |  0.98 |  1.06 |  0.93 |  0.90 |  1.05 |  0.86
        5191 |  1.00 |  0.98 |  1.06 |  0.93 |  0.90 |  1.05 |  0.86
        5191 |  1.00 |  0.98 |  1.06 |  0.93 |  0.90 |  1.05 |  0.86
        5191 |  1.00 |  0.98 |  1.06 |  0.93 |  0.90 |  1.05 |  0.86
        5191 |  1.00 |  0.98 |  1.06 |  0.93 |  0.90 |  1.05 |  0.86
        5191 |  1.00 |  0.98 |  1.06 |  0.93 |  0.90 |  1.05 |  0.86
        5191 |  1.00 |  0.98 |  1.06 |  0.93 |  0.90 |  1.05 |  0.86
        5191 |  1.00 |  0.98 |  1.06 |  0.93 |  0.90 |  1.05 |  0.86
        5191 |  1.00 |  0.98 |  1.06 |  0.93 |  0.90 |  1.05 |  0.86
        5191 |  1.00 |  0.98 |  1.06 |  0.93 |  0.90 |  1.05 |  0.86
        5191 |  1.00 |  0.98 |  1.06 |  0.93 |  0.90 |  1.05 |  0.86
        5191 |  1.00 |  0.98 |  1.06 |  0.93 |  0.90 |  1.05 |  0.86
        5191 |  1.00 |  0.98 |  1.06 |  0.93 |  0.90 |  1.05 |  0.86
        5191 |  1.00 |  0.98 |  1.06 |  0.93 |  0.90 |  1.05 |  0.86
        5191 |  1.00 |  0.98 |  1.06 |  0.93 |  0.90 |  1.05 |  0.86
        5191 |  1.00 |  0.98 |  1.06 |  0.93 |  0.90 |  1.05 |  0.86
        5191 |  1.00 |  0.98 |  1.06 |  0.93 |  0.90 |  1.05 |  0.86
        5191 |  1.00 |  0.98 |  1.06 |  0.93 |  0.90 |  1.05 |  0.86
        5191 |  1.00 |  0.98 |  1.06 |  0.93 |  0.90 |  1.05 |  0.86
        5191 |  1.00 |  0.98 |  1.06 |  0.93 |  0.90 |  1.05 |  0.86
        5191 |  1.00 |  0.98 |  1.06 |  0.93 |  0.90 |  1.05 |  0.86
        5191 |  1.00 |  0.98 |  1.06 |  0.93 |  0.90 |  1.05 |  0.86
        5191 |  1.00 |  0.98 |  1.06 |  0.93 |  0.90 |  1.05 |  0.86
        5191 |  1.00 |  0.98 |  1.06 |  0.93 |  0.90 |  1.05 |  0.86
        5191 |  1.00 |  0.98 |  1.06 |  0.93 |  0.90 |  1.05 |  0.86
        5191 |  1.00 |  0.98 |  1.06 |  0.93 |  0.90 |  1.05 |  0.86
        5191 |  1.00 |  0.98 |  1.06 |  0.93 |  0.90 |  1.05 |  0.86
        5192 |  0.91 |  0.88 |  1.20 |  0.79 |  0.94 |  1.00 |  1.31
        5192 |  0.91 |  0.88 |  1.20 |  0.79 |  0.94 |  1.00 |  1.31
        5192 |  0.91 |  0.88 |  1.20 |  0.79 |  0.94 |  1.00 |  1.31
        5192 |  0.91 |  0.88 |  1.20 |  0.79 |  0.94 |  1.00 |  1.31
        5192 |  0.91 |  0.88 |  1.20 |  0.79 |  0.94 |  1.00 |  1.31
        5192 |  0.91 |  0.88 |  1.20 |  0.79 |  0.94 |  1.00 |  1.31
        5192 |  0.91 |  0.88 |  1.20 |  0.79 |  0.94 |  1.00 |  1.31
        5192 |  0.91 |  0.88 |  1.20 |  0.79 |  0.94 |  1.00 |  1.31
        5192 |  0.91 |  0.88 |  1.20 |  0.79 |  0.94 |  1.00 |  1.31
        5192 |  0.91 |  0.88 |  1.20 |  0.79 |  0.94 |  1.00 |  1.31
        5192 |  0.91 |  0.88 |  1.20 |  0.79 |  0.94 |  1.00 |  1.31
        5192 |  0.91 |  0.88 |  1.20 |  0.79 |  0.94 |  1.00 |  1.31
        5192 |  0.91 |  0.88 |  1.20 |  0.79 |  0.94 |  1.00 |  1.31
        5192 |  0.91 |  0.88 |  1.20 |  0.79 |  0.94 |  1.00 |  1.31
        5192 |  0.91 |  0.88 |  1.20 |  0.79 |  0.94 |  1.00 |  1.31
        5192 |  0.91 |  0.88 |  1.20 |  0.79 |  0.94 |  1.00 |  1.31
        5192 |  0.91 |  0.88 |  1.20 |  0.79 |  0.94 |  1.00 |  1.31
        5192 |  0.91 |  0.88 |  1.20 |  0.79 |  0.94 |  1.00 |  1.31
        5192 |  0.91 |  0.88 |  1.20 |  0.79 |  0.94 |  1.00 |  1.31
        5192 |  0.91 |  0.88 |  1.20 |  0.79 |  0.94 |  1.00 |  1.31
        5192 |  0.91 |  0.88 |  1.20 |  0.79 |  0.94 |  1.00 |  1.31
        5192 |  0.91 |  0.88 |  1.20 |  0.79 |  0.94 |  1.00 |  1.31
        5192 |  0.91 |  0.88 |  1.20 |  0.79 |  0.94 |  1.00 |  1.31
        5192 |  0.91 |  0.88 |  1.20 |  0.79 |  0.94 |  1.00 |  1.31
        5192 |  0.91 |  0.88 |  1.20 |  0.79 |  0.94 |  1.00 |  1.31
        5192 |  0.91 |  0.88 |  1.20 |  0.79 |  0.94 |  1.00 |  1.31
        5192 |  0.91 |  0.88 |  1.20 |  0.79 |  0.94 |  1.00 |  1.31
        5192 |  0.91 |  0.88 |  1.20 |  0.79 |  0.94 |  1.00 |  1.31
        5192 |  0.91 |  0.88 |  1.20 |  0.79 |  0.94 |  1.00 |  1.31
        5192 |  0.91 |  0.88 |  1.20 |  0.79 |  0.94 |  1.00 |  1.31
        5192 |  0.91 |  0.88 |  1.20 |  0.79 |  0.94 |  1.00 |  1.31
        5192 |  0.91 |  0.88 |  1.20 |  0.79 |  0.94 |  1.00 |  1.31
        5192 |  0.91 |  0.88 |  1.20 |  0.79 |  0.94 |  1.00 |  1.31
        5192 |  0.91 |  0.88 |  1.20 |  0.79 |  0.94 |  1.00 |  1.31
        5192 |  0.91 |  0.88 |  1.20 |  0.79 |  0.94 |  1.00 |  1.31
        5192 |  0.91 |  0.88 |  1.20 |  0.79 |  0.94 |  1.00 |  1.31
        5192 |  0.91 |  0.88 |  1.20 |  0.79 |  0.94 |  1.00 |  1.31
        5192 |  0.91 |  0.88 |  1.20 |  0.79 |  0.94 |  1.00 |  1.31
        5192 |  0.91 |  0.88 |  1.20 |  0.79 |  0.94 |  1.00 |  1.31
        5192 |  0.91 |  0.88 |  1.20 |  0.79 |  0.94 |  1.00 |  1.31
        5192 |  0.91 |  0.88 |  1.20 |  0.79 |  0.94 |  1.00 |  1.31
        5192 |  0.91 |  0.88 |  1.20 |  0.79 |  0.94 |  1.00 |  1.31
        5192 |  0.91 |  0.88 |  1.20 |  0.79 |  0.94 |  1.00 |  1.31
        5192 |  0.91 |  0.88 |  1.20 |  0.79 |  0.94 |  1.00 |  1.31
        5192 |  0.91 |  0.88 |  1.20 |  0.79 |  0.94 |  1.00 |  1.31
        5192 |  0.91 |  0.88 |  1.20 |  0.79 |  0.94 |  1.00 |  1.31
        5192 |  0.91 |  0.88 |  1.20 |  0.79 |  0.94 |  1.00 |  1.31
        5192 |  0.91 |  0.88 |  1.20 |  0.79 |  0.94 |  1.00 |  1.31
        5192 |  0.91 |  0.88 |  1.20 |  0.79 |  0.94 |  1.00 |  1.31
        5193 |  0.96 |  1.04 |  1.06 |  0.89 |  1.16 |  0.95 |  0.77
        5193 |  0.96 |  1.04 |  1.06 |  0.89 |  1.16 |  0.95 |  0.77
        5193 |  0.96 |  1.04 |  1.06 |  0.89 |  1.16 |  0.95 |  0.77
        5193 |  0.96 |  1.04 |  1.06 |  0.89 |  1.16 |  0.95 |  0.77
        5193 |  0.96 |  1.04 |  1.06 |  0.89 |  1.16 |  0.95 |  0.77
        5193 |  0.96 |  1.04 |  1.06 |  0.89 |  1.16 |  0.95 |  0.77
        5193 |  0.96 |  1.04 |  1.06 |  0.89 |  1.16 |  0.95 |  0.77
        5193 |  0.96 |  1.04 |  1.06 |  0.89 |  1.16 |  0.95 |  0.77
        5193 |  0.96 |  1.04 |  1.06 |  0.89 |  1.16 |  0.95 |  0.77
        5193 |  0.96 |  1.04 |  1.06 |  0.89 |  1.16 |  0.95 |  0.77
        5193 |  0.96 |  1.04 |  1.06 |  0.89 |  1.16 |  0.95 |  0.77
        5193 |  0.96 |  1.04 |  1.06 |  0.89 |  1.16 |  0.95 |  0.77
        5193 |  0.96 |  1.04 |  1.06 |  0.89 |  1.16 |  0.95 |  0.77
        5193 |  0.96 |  1.04 |  1.06 |  0.89 |  1.16 |  0.95 |  0.77
        5193 |  0.96 |  1.04 |  1.06 |  0.89 |  1.16 |  0.95 |  0.77
        5193 |  0.96 |  1.04 |  1.06 |  0.89 |  1.16 |  0.95 |  0.77
        5193 |  0.96 |  1.04 |  1.06 |  0.89 |  1.16 |  0.95 |  0.77
        5193 |  0.96 |  1.04 |  1.06 |  0.89 |  1.16 |  0.95 |  0.77
        5193 |  0.96 |  1.04 |  1.06 |  0.89 |  1.16 |  0.95 |  0.77
        5193 |  0.96 |  1.04 |  1.06 |  0.89 |  1.16 |  0.95 |  0.77
        5193 |  0.96 |  1.04 |  1.06 |  0.89 |  1.16 |  0.95 |  0.77
        5193 |  0.96 |  1.04 |  1.06 |  0.89 |  1.16 |  0.95 |  0.77
        5193 |  0.96 |  1.04 |  1.06 |  0.89 |  1.16 |  0.95 |  0.77
        5193 |  0.96 |  1.04 |  1.06 |  0.89 |  1.16 |  0.95 |  0.77
        5193 |  0.96 |  1.04 |  1.06 |  0.89 |  1.16 |  0.95 |  0.77
        5193 |  0.96 |  1.04 |  1.06 |  0.89 |  1.16 |  0.95 |  0.77
        5193 |  0.96 |  1.04 |  1.06 |  0.89 |  1.16 |  0.95 |  0.77
        5193 |  0.96 |  1.04 |  1.06 |  0.89 |  1.16 |  0.95 |  0.77
        5193 |  0.96 |  1.04 |  1.06 |  0.89 |  1.16 |  0.95 |  0.77
        5193 |  0.96 |  1.04 |  1.06 |  0.89 |  1.16 |  0.95 |  0.77
        5193 |  0.96 |  1.04 |  1.06 |  0.89 |  1.16 |  0.95 |  0.77
        5193 |  0.96 |  1.04 |  1.06 |  0.89 |  1.16 |  0.95 |  0.77
        5193 |  0.96 |  1.04 |  1.06 |  0.89 |  1.16 |  0.95 |  0.77
        5193 |  0.96 |  1.04 |  1.06 |  0.89 |  1.16 |  0.95 |  0.77
        5193 |  0.96 |  1.04 |  1.06 |  0.89 |  1.16 |  0.95 |  0.77
        5193 |  0.96 |  1.04 |  1.06 |  0.89 |  1.16 |  0.95 |  0.77
        5193 |  0.96 |  1.04 |  1.06 |  0.89 |  1.16 |  0.95 |  0.77
        5193 |  0.96 |  1.04 |  1.06 |  0.89 |  1.16 |  0.95 |  0.77
        5193 |  0.96 |  1.04 |  1.06 |  0.89 |  1.16 |  0.95 |  0.77
        5193 |  0.96 |  1.04 |  1.06 |  0.89 |  1.16 |  0.95 |  0.77
        5193 |  0.96 |  1.04 |  1.06 |  0.89 |  1.16 |  0.95 |  0.77
        5193 |  0.96 |  1.04 |  1.06 |  0.89 |  1.16 |  0.95 |  0.77
        5193 |  0.96 |  1.04 |  1.06 |  0.89 |  1.16 |  0.95 |  0.77
        5193 |  0.96 |  1.04 |  1.06 |  0.89 |  1.16 |  0.95 |  0.77
        5193 |  0.96 |  1.04 |  1.06 |  0.89 |  1.16 |  0.95 |  0.77
        5193 |  0.96 |  1.04 |  1.06 |  0.89 |  1.16 |  0.95 |  0.77
        5193 |  0.96 |  1.04 |  1.06 |  0.89 |  1.16 |  0.95 |  0.77
        5193 |  0.96 |  1.04 |  1.06 |  0.89 |  1.16 |  0.95 |  0.77
        5193 |  0.96 |  1.04 |  1.06 |  0.89 |  1.16 |  0.95 |  0.77
        5194 |  0.95 |  1.01 |  1.27 |  1.20 |  0.87 |  0.70 |  1.04
        5194 |  0.95 |  1.01 |  1.27 |  1.20 |  0.87 |  0.70 |  1.04
        5194 |  0.95 |  1.01 |  1.27 |  1.20 |  0.87 |  0.70 |  1.04
        5194 |  0.95 |  1.01 |  1.27 |  1.20 |  0.87 |  0.70 |  1.04
        5194 |  0.95 |  1.01 |  1.27 |  1.20 |  0.87 |  0.70 |  1.04
        5194 |  0.95 |  1.01 |  1.27 |  1.20 |  0.87 |  0.70 |  1.04
        5194 |  0.95 |  1.01 |  1.27 |  1.20 |  0.87 |  0.70 |  1.04
        5194 |  0.95 |  1.01 |  1.27 |  1.20 |  0.87 |  0.70 |  1.04
        5194 |  0.95 |  1.01 |  1.27 |  1.20 |  0.87 |  0.70 |  1.04
        5194 |  0.95 |  1.01 |  1.27 |  1.20 |  0.87 |  0.70 |  1.04
        5194 |  0.95 |  1.01 |  1.27 |  1.20 |  0.87 |  0.70 |  1.04
        5194 |  0.95 |  1.01 |  1.27 |  1.20 |  0.87 |  0.70 |  1.04
        5194 |  0.95 |  1.01 |  1.27 |  1.20 |  0.87 |  0.70 |  1.04
        5194 |  0.95 |  1.01 |  1.27 |  1.20 |  0.87 |  0.70 |  1.04
        5194 |  0.95 |  1.01 |  1.27 |  1.20 |  0.87 |  0.70 |  1.04
        5194 |  0.95 |  1.01 |  1.27 |  1.20 |  0.87 |  0.70 |  1.04
        5194 |  0.95 |  1.01 |  1.27 |  1.20 |  0.87 |  0.70 |  1.04
        5194 |  0.95 |  1.01 |  1.27 |  1.20 |  0.87 |  0.70 |  1.04
        5194 |  0.95 |  1.01 |  1.27 |  1.20 |  0.87 |  0.70 |  1.04
        5194 |  0.95 |  1.01 |  1.27 |  1.20 |  0.87 |  0.70 |  1.04
        5194 |  0.95 |  1.01 |  1.27 |  1.20 |  0.87 |  0.70 |  1.04
        5194 |  0.95 |  1.01 |  1.27 |  1.20 |  0.87 |  0.70 |  1.04
        5194 |  0.95 |  1.01 |  1.27 |  1.20 |  0.87 |  0.70 |  1.04
        5194 |  0.95 |  1.01 |  1.27 |  1.20 |  0.87 |  0.70 |  1.04
        5194 |  0.95 |  1.01 |  1.27 |  1.20 |  0.87 |  0.70 |  1.04
        5194 |  0.95 |  1.01 |  1.27 |  1.20 |  0.87 |  0.70 |  1.04
        5194 |  0.95 |  1.01 |  1.27 |  1.20 |  0.87 |  0.70 |  1.04
        5194 |  0.95 |  1.01 |  1.27 |  1.20 |  0.87 |  0.70 |  1.04
        5194 |  0.95 |  1.01 |  1.27 |  1.20 |  0.87 |  0.70 |  1.04
        5194 |  0.95 |  1.01 |  1.27 |  1.20 |  0.87 |  0.70 |  1.04
        5194 |  0.95 |  1.01 |  1.27 |  1.20 |  0.87 |  0.70 |  1.04
        5194 |  0.95 |  1.01 |  1.27 |  1.20 |  0.87 |  0.70 |  1.04
        5194 |  0.95 |  1.01 |  1.27 |  1.20 |  0.87 |  0.70 |  1.04
        5194 |  0.95 |  1.01 |  1.27 |  1.20 |  0.87 |  0.70 |  1.04
        5194 |  0.95 |  1.01 |  1.27 |  1.20 |  0.87 |  0.70 |  1.04
        5194 |  0.95 |  1.01 |  1.27 |  1.20 |  0.87 |  0.70 |  1.04
        5194 |  0.95 |  1.01 |  1.27 |  1.20 |  0.87 |  0.70 |  1.04
        5194 |  0.95 |  1.01 |  1.27 |  1.20 |  0.87 |  0.70 |  1.04
        5194 |  0.95 |  1.01 |  1.27 |  1.20 |  0.87 |  0.70 |  1.04
        5194 |  0.95 |  1.01 |  1.27 |  1.20 |  0.87 |  0.70 |  1.04
        5194 |  0.95 |  1.01 |  1.27 |  1.20 |  0.87 |  0.70 |  1.04
        5194 |  0.95 |  1.01 |  1.27 |  1.20 |  0.87 |  0.70 |  1.04
        5194 |  0.95 |  1.01 |  1.27 |  1.20 |  0.87 |  0.70 |  1.04
        5194 |  0.95 |  1.01 |  1.27 |  1.20 |  0.87 |  0.70 |  1.04
        5194 |  0.95 |  1.01 |  1.27 |  1.20 |  0.87 |  0.70 |  1.04
        5194 |  0.95 |  1.01 |  1.27 |  1.20 |  0.87 |  0.70 |  1.04
        5194 |  0.95 |  1.01 |  1.27 |  1.20 |  0.87 |  0.70 |  1.04
        5194 |  0.95 |  1.01 |  1.27 |  1.20 |  0.87 |  0.70 |  1.04
        5194 |  0.95 |  1.01 |  1.27 |  1.20 |  0.87 |  0.70 |  1.04
        5195 |  0.87 |  1.29 |  1.17 |  1.05 |  0.82 |  1.27 |  1.19
        5195 |  0.87 |  1.29 |  1.17 |  1.05 |  0.82 |  1.27 |  1.19
        5195 |  0.87 |  1.29 |  1.17 |  1.05 |  0.82 |  1.27 |  1.19
        5195 |  0.87 |  1.29 |  1.17 |  1.05 |  0.82 |  1.27 |  1.19
        5195 |  0.87 |  1.29 |  1.17 |  1.05 |  0.82 |  1.27 |  1.19
        5195 |  0.87 |  1.29 |  1.17 |  1.05 |  0.82 |  1.27 |  1.19
        5195 |  0.87 |  1.29 |  1.17 |  1.05 |  0.82 |  1.27 |  1.19
        5195 |  0.87 |  1.29 |  1.17 |  1.05 |  0.82 |  1.27 |  1.19
        5195 |  0.87 |  1.29 |  1.17 |  1.05 |  0.82 |  1.27 |  1.19
        5195 |  0.87 |  1.29 |  1.17 |  1.05 |  0.82 |  1.27 |  1.19
        5195 |  0.87 |  1.29 |  1.17 |  1.05 |  0.82 |  1.27 |  1.19
        5195 |  0.87 |  1.29 |  1.17 |  1.05 |  0.82 |  1.27 |  1.19
        5195 |  0.87 |  1.29 |  1.17 |  1.05 |  0.82 |  1.27 |  1.19
        5195 |  0.87 |  1.29 |  1.17 |  1.05 |  0.82 |  1.27 |  1.19
        5195 |  0.87 |  1.29 |  1.17 |  1.05 |  0.82 |  1.27 |  1.19
        5195 |  0.87 |  1.29 |  1.17 |  1.05 |  0.82 |  1.27 |  1.19
        5195 |  0.87 |  1.29 |  1.17 |  1.05 |  0.82 |  1.27 |  1.19
        5195 |  0.87 |  1.29 |  1.17 |  1.05 |  0.82 |  1.27 |  1.19
        5195 |  0.87 |  1.29 |  1.17 |  1.05 |  0.82 |  1.27 |  1.19
        5195 |  0.87 |  1.29 |  1.17 |  1.05 |  0.82 |  1.27 |  1.19
        5195 |  0.87 |  1.29 |  1.17 |  1.05 |  0.82 |  1.27 |  1.19
        5195 |  0.87 |  1.29 |  1.17 |  1.05 |  0.82 |  1.27 |  1.19
        5195 |  0.87 |  1.29 |  1.17 |  1.05 |  0.82 |  1.27 |  1.19
        5195 |  0.87 |  1.29 |  1.17 |  1.05 |  0.82 |  1.27 |  1.19
        5195 |  0.87 |  1.29 |  1.17 |  1.05 |  0.82 |  1.27 |  1.19
        5195 |  0.87 |  1.29 |  1.17 |  1.05 |  0.82 |  1.27 |  1.19
        5195 |  0.87 |  1.29 |  1.17 |  1.05 |  0.82 |  1.27 |  1.19
        5195 |  0.87 |  1.29 |  1.17 |  1.05 |  0.82 |  1.27 |  1.19
        5195 |  0.87 |  1.29 |  1.17 |  1.05 |  0.82 |  1.27 |  1.19
        5195 |  0.87 |  1.29 |  1.17 |  1.05 |  0.82 |  1.27 |  1.19
        5195 |  0.87 |  1.29 |  1.17 |  1.05 |  0.82 |  1.27 |  1.19
        5195 |  0.87 |  1.29 |  1.17 |  1.05 |  0.82 |  1.27 |  1.19
        5195 |  0.87 |  1.29 |  1.17 |  1.05 |  0.82 |  1.27 |  1.19
        5195 |  0.87 |  1.29 |  1.17 |  1.05 |  0.82 |  1.27 |  1.19
        5195 |  0.87 |  1.29 |  1.17 |  1.05 |  0.82 |  1.27 |  1.19
        5195 |  0.87 |  1.29 |  1.17 |  1.05 |  0.82 |  1.27 |  1.19
        5195 |  0.87 |  1.29 |  1.17 |  1.05 |  0.82 |  1.27 |  1.19
        5195 |  0.87 |  1.29 |  1.17 |  1.05 |  0.82 |  1.27 |  1.19
        5195 |  0.87 |  1.29 |  1.17 |  1.05 |  0.82 |  1.27 |  1.19
        5195 |  0.87 |  1.29 |  1.17 |  1.05 |  0.82 |  1.27 |  1.19
        5195 |  0.87 |  1.29 |  1.17 |  1.05 |  0.82 |  1.27 |  1.19
        5195 |  0.87 |  1.29 |  1.17 |  1.05 |  0.82 |  1.27 |  1.19
        5195 |  0.87 |  1.29 |  1.17 |  1.05 |  0.82 |  1.27 |  1.19
        5195 |  0.87 |  1.29 |  1.17 |  1.05 |  0.82 |  1.27 |  1.19
        5195 |  0.87 |  1.29 |  1.17 |  1.05 |  0.82 |  1.27 |  1.19
        5195 |  0.87 |  1.29 |  1.17 |  1.05 |  0.82 |  1.27 |  1.19
        5195 |  0.87 |  1.29 |  1.17 |  1.05 |  0.82 |  1.27 |  1.19
        5195 |  0.87 |  1.29 |  1.17 |  1.05 |  0.82 |  1.27 |  1.19
        5195 |  0.87 |  1.29 |  1.17 |  1.05 |  0.82 |  1.27 |  1.19
        5196 |  0.35 |  0.75 |  0.72 |  0.42 |  0.40 |  0.44 |  0.52
        5196 |  0.35 |  0.75 |  0.72 |  0.42 |  0.40 |  0.44 |  0.52
        5196 |  0.35 |  0.75 |  0.72 |  0.42 |  0.40 |  0.44 |  0.52
        5196 |  0.35 |  0.75 |  0.72 |  0.42 |  0.40 |  0.44 |  0.52
        5196 |  0.35 |  0.75 |  0.72 |  0.42 |  0.40 |  0.44 |  0.52
        5196 |  0.35 |  0.75 |  0.72 |  0.42 |  0.40 |  0.44 |  0.52
        5196 |  0.35 |  0.75 |  0.72 |  0.42 |  0.40 |  0.44 |  0.52
        5196 |  0.35 |  0.75 |  0.72 |  0.42 |  0.40 |  0.44 |  0.52
        5196 |  0.35 |  0.75 |  0.72 |  0.42 |  0.40 |  0.44 |  0.52
        5196 |  0.35 |  0.75 |  0.72 |  0.42 |  0.40 |  0.44 |  0.52
        5196 |  0.35 |  0.75 |  0.72 |  0.42 |  0.40 |  0.44 |  0.52
        5196 |  0.35 |  0.75 |  0.72 |  0.42 |  0.40 |  0.44 |  0.52
        5196 |  0.35 |  0.75 |  0.72 |  0.42 |  0.40 |  0.44 |  0.52
        5196 |  0.35 |  0.75 |  0.72 |  0.42 |  0.40 |  0.44 |  0.52
        5196 |  0.35 |  0.75 |  0.72 |  0.42 |  0.40 |  0.44 |  0.52
        5196 |  0.35 |  0.75 |  0.72 |  0.42 |  0.40 |  0.44 |  0.52
        5196 |  0.35 |  0.75 |  0.72 |  0.42 |  0.40 |  0.44 |  0.52
        5196 |  0.35 |  0.75 |  0.72 |  0.42 |  0.40 |  0.44 |  0.52
        5196 |  0.35 |  0.75 |  0.72 |  0.42 |  0.40 |  0.44 |  0.52
        5196 |  0.35 |  0.75 |  0.72 |  0.42 |  0.40 |  0.44 |  0.52
        5196 |  0.35 |  0.75 |  0.72 |  0.42 |  0.40 |  0.44 |  0.52
        5196 |  0.35 |  0.75 |  0.72 |  0.42 |  0.40 |  0.44 |  0.52
        5196 |  0.35 |  0.75 |  0.72 |  0.42 |  0.40 |  0.44 |  0.52
        5196 |  0.35 |  0.75 |  0.72 |  0.42 |  0.40 |  0.44 |  0.52
        5196 |  0.35 |  0.75 |  0.72 |  0.42 |  0.40 |  0.44 |  0.52
        5196 |  0.35 |  0.75 |  0.72 |  0.42 |  0.40 |  0.44 |  0.52
        5196 |  0.35 |  0.75 |  0.72 |  0.42 |  0.40 |  0.44 |  0.52
        5196 |  0.35 |  0.75 |  0.72 |  0.42 |  0.40 |  0.44 |  0.52
        5196 |  0.35 |  0.75 |  0.72 |  0.42 |  0.40 |  0.44 |  0.52
        5196 |  0.35 |  0.75 |  0.72 |  0.42 |  0.40 |  0.44 |  0.52
        5196 |  0.35 |  0.75 |  0.72 |  0.42 |  0.40 |  0.44 |  0.52
        5196 |  0.35 |  0.75 |  0.72 |  0.42 |  0.40 |  0.44 |  0.52
        5196 |  0.35 |  0.75 |  0.72 |  0.42 |  0.40 |  0.44 |  0.52
        5196 |  0.35 |  0.75 |  0.72 |  0.42 |  0.40 |  0.44 |  0.52
        5196 |  0.35 |  0.75 |  0.72 |  0.42 |  0.40 |  0.44 |  0.52
        5196 |  0.35 |  0.75 |  0.72 |  0.42 |  0.40 |  0.44 |  0.52
        5196 |  0.35 |  0.75 |  0.72 |  0.42 |  0.40 |  0.44 |  0.52
        5196 |  0.35 |  0.75 |  0.72 |  0.42 |  0.40 |  0.44 |  0.52
        5196 |  0.35 |  0.75 |  0.72 |  0.42 |  0.40 |  0.44 |  0.52
        5196 |  0.35 |  0.75 |  0.72 |  0.42 |  0.40 |  0.44 |  0.52
        5196 |  0.35 |  0.75 |  0.72 |  0.42 |  0.40 |  0.44 |  0.52
        5196 |  0.35 |  0.75 |  0.72 |  0.42 |  0.40 |  0.44 |  0.52
        5196 |  0.35 |  0.75 |  0.72 |  0.42 |  0.40 |  0.44 |  0.52
        5196 |  0.35 |  0.75 |  0.72 |  0.42 |  0.40 |  0.44 |  0.52
        5196 |  0.35 |  0.75 |  0.72 |  0.42 |  0.40 |  0.44 |  0.52
        5196 |  0.35 |  0.75 |  0.72 |  0.42 |  0.40 |  0.44 |  0.52
        5196 |  0.35 |  0.75 |  0.72 |  0.42 |  0.40 |  0.44 |  0.52
        5196 |  0.35 |  0.75 |  0.72 |  0.42 |  0.40 |  0.44 |  0.52
        5196 |  0.35 |  0.75 |  0.72 |  0.42 |  0.40 |  0.44 |  0.52
        5197 |  0.88 |  1.01 |  0.95 |  0.94 |  1.05 |  1.09 |  1.07
        5197 |  0.88 |  1.01 |  0.95 |  0.94 |  1.05 |  1.09 |  1.07
        5197 |  0.88 |  1.01 |  0.95 |  0.94 |  1.05 |  1.09 |  1.07
        5197 |  0.88 |  1.01 |  0.95 |  0.94 |  1.05 |  1.09 |  1.07
        5197 |  0.88 |  1.01 |  0.95 |  0.94 |  1.05 |  1.09 |  1.07
        5197 |  0.88 |  1.01 |  0.95 |  0.94 |  1.05 |  1.09 |  1.07
        5197 |  0.88 |  1.01 |  0.95 |  0.94 |  1.05 |  1.09 |  1.07
        5197 |  0.88 |  1.01 |  0.95 |  0.94 |  1.05 |  1.09 |  1.07
        5197 |  0.88 |  1.01 |  0.95 |  0.94 |  1.05 |  1.09 |  1.07
        5197 |  0.88 |  1.01 |  0.95 |  0.94 |  1.05 |  1.09 |  1.07
        5197 |  0.88 |  1.01 |  0.95 |  0.94 |  1.05 |  1.09 |  1.07
        5197 |  0.88 |  1.01 |  0.95 |  0.94 |  1.05 |  1.09 |  1.07
        5197 |  0.88 |  1.01 |  0.95 |  0.94 |  1.05 |  1.09 |  1.07
        5197 |  0.88 |  1.01 |  0.95 |  0.94 |  1.05 |  1.09 |  1.07
        5197 |  0.88 |  1.01 |  0.95 |  0.94 |  1.05 |  1.09 |  1.07
        5197 |  0.88 |  1.01 |  0.95 |  0.94 |  1.05 |  1.09 |  1.07
        5197 |  0.88 |  1.01 |  0.95 |  0.94 |  1.05 |  1.09 |  1.07
        5197 |  0.88 |  1.01 |  0.95 |  0.94 |  1.05 |  1.09 |  1.07
        5197 |  0.88 |  1.01 |  0.95 |  0.94 |  1.05 |  1.09 |  1.07
        5197 |  0.88 |  1.01 |  0.95 |  0.94 |  1.05 |  1.09 |  1.07
        5197 |  0.88 |  1.01 |  0.95 |  0.94 |  1.05 |  1.09 |  1.07
        5197 |  0.88 |  1.01 |  0.95 |  0.94 |  1.05 |  1.09 |  1.07
        5197 |  0.88 |  1.01 |  0.95 |  0.94 |  1.05 |  1.09 |  1.07
        5197 |  0.88 |  1.01 |  0.95 |  0.94 |  1.05 |  1.09 |  1.07
        5197 |  0.88 |  1.01 |  0.95 |  0.94 |  1.05 |  1.09 |  1.07
        5197 |  0.88 |  1.01 |  0.95 |  0.94 |  1.05 |  1.09 |  1.07
        5197 |  0.88 |  1.01 |  0.95 |  0.94 |  1.05 |  1.09 |  1.07
        5197 |  0.88 |  1.01 |  0.95 |  0.94 |  1.05 |  1.09 |  1.07
        5197 |  0.88 |  1.01 |  0.95 |  0.94 |  1.05 |  1.09 |  1.07
        5197 |  0.88 |  1.01 |  0.95 |  0.94 |  1.05 |  1.09 |  1.07
        5197 |  0.88 |  1.01 |  0.95 |  0.94 |  1.05 |  1.09 |  1.07
        5197 |  0.88 |  1.01 |  0.95 |  0.94 |  1.05 |  1.09 |  1.07
        5197 |  0.88 |  1.01 |  0.95 |  0.94 |  1.05 |  1.09 |  1.07
        5197 |  0.88 |  1.01 |  0.95 |  0.94 |  1.05 |  1.09 |  1.07
        5197 |  0.88 |  1.01 |  0.95 |  0.94 |  1.05 |  1.09 |  1.07
        5197 |  0.88 |  1.01 |  0.95 |  0.94 |  1.05 |  1.09 |  1.07
        5197 |  0.88 |  1.01 |  0.95 |  0.94 |  1.05 |  1.09 |  1.07
        5197 |  0.88 |  1.01 |  0.95 |  0.94 |  1.05 |  1.09 |  1.07
        5197 |  0.88 |  1.01 |  0.95 |  0.94 |  1.05 |  1.09 |  1.07
        5197 |  0.88 |  1.01 |  0.95 |  0.94 |  1.05 |  1.09 |  1.07
        5197 |  0.88 |  1.01 |  0.95 |  0.94 |  1.05 |  1.09 |  1.07
        5197 |  0.88 |  1.01 |  0.95 |  0.94 |  1.05 |  1.09 |  1.07
        5197 |  0.88 |  1.01 |  0.95 |  0.94 |  1.05 |  1.09 |  1.07
        5197 |  0.88 |  1.01 |  0.95 |  0.94 |  1.05 |  1.09 |  1.07
        5197 |  0.88 |  1.01 |  0.95 |  0.94 |  1.05 |  1.09 |  1.07
        5197 |  0.88 |  1.01 |  0.95 |  0.94 |  1.05 |  1.09 |  1.07
        5197 |  0.88 |  1.01 |  0.95 |  0.94 |  1.05 |  1.09 |  1.07
        5197 |  0.88 |  1.01 |  0.95 |  0.94 |  1.05 |  1.09 |  1.07
        5197 |  0.88 |  1.01 |  0.95 |  0.94 |  1.05 |  1.09 |  1.07
        5198 |  1.03 |  1.10 |  1.13 |  0.87 |  0.91 |  0.95 |  0.91
        5198 |  1.03 |  1.10 |  1.13 |  0.87 |  0.91 |  0.95 |  0.91
        5198 |  1.03 |  1.10 |  1.13 |  0.87 |  0.91 |  0.95 |  0.91
        5198 |  1.03 |  1.10 |  1.13 |  0.87 |  0.91 |  0.95 |  0.91
        5198 |  1.03 |  1.10 |  1.13 |  0.87 |  0.91 |  0.95 |  0.91
        5198 |  1.03 |  1.10 |  1.13 |  0.87 |  0.91 |  0.95 |  0.91
        5198 |  1.03 |  1.10 |  1.13 |  0.87 |  0.91 |  0.95 |  0.91
        5198 |  1.03 |  1.10 |  1.13 |  0.87 |  0.91 |  0.95 |  0.91
        5198 |  1.03 |  1.10 |  1.13 |  0.87 |  0.91 |  0.95 |  0.91
        5198 |  1.03 |  1.10 |  1.13 |  0.87 |  0.91 |  0.95 |  0.91
        5198 |  1.03 |  1.10 |  1.13 |  0.87 |  0.91 |  0.95 |  0.91
        5198 |  1.03 |  1.10 |  1.13 |  0.87 |  0.91 |  0.95 |  0.91
        5198 |  1.03 |  1.10 |  1.13 |  0.87 |  0.91 |  0.95 |  0.91
        5198 |  1.03 |  1.10 |  1.13 |  0.87 |  0.91 |  0.95 |  0.91
        5198 |  1.03 |  1.10 |  1.13 |  0.87 |  0.91 |  0.95 |  0.91
        5198 |  1.03 |  1.10 |  1.13 |  0.87 |  0.91 |  0.95 |  0.91
        5198 |  1.03 |  1.10 |  1.13 |  0.87 |  0.91 |  0.95 |  0.91
        5198 |  1.03 |  1.10 |  1.13 |  0.87 |  0.91 |  0.95 |  0.91
        5198 |  1.03 |  1.10 |  1.13 |  0.87 |  0.91 |  0.95 |  0.91
        5198 |  1.03 |  1.10 |  1.13 |  0.87 |  0.91 |  0.95 |  0.91
        5198 |  1.03 |  1.10 |  1.13 |  0.87 |  0.91 |  0.95 |  0.91
        5198 |  1.03 |  1.10 |  1.13 |  0.87 |  0.91 |  0.95 |  0.91
        5198 |  1.03 |  1.10 |  1.13 |  0.87 |  0.91 |  0.95 |  0.91
        5198 |  1.03 |  1.10 |  1.13 |  0.87 |  0.91 |  0.95 |  0.91
        5198 |  1.03 |  1.10 |  1.13 |  0.87 |  0.91 |  0.95 |  0.91
        5198 |  1.03 |  1.10 |  1.13 |  0.87 |  0.91 |  0.95 |  0.91
        5198 |  1.03 |  1.10 |  1.13 |  0.87 |  0.91 |  0.95 |  0.91
        5198 |  1.03 |  1.10 |  1.13 |  0.87 |  0.91 |  0.95 |  0.91
        5198 |  1.03 |  1.10 |  1.13 |  0.87 |  0.91 |  0.95 |  0.91
        5198 |  1.03 |  1.10 |  1.13 |  0.87 |  0.91 |  0.95 |  0.91
        5198 |  1.03 |  1.10 |  1.13 |  0.87 |  0.91 |  0.95 |  0.91
        5198 |  1.03 |  1.10 |  1.13 |  0.87 |  0.91 |  0.95 |  0.91
        5198 |  1.03 |  1.10 |  1.13 |  0.87 |  0.91 |  0.95 |  0.91
        5198 |  1.03 |  1.10 |  1.13 |  0.87 |  0.91 |  0.95 |  0.91
        5198 |  1.03 |  1.10 |  1.13 |  0.87 |  0.91 |  0.95 |  0.91
        5198 |  1.03 |  1.10 |  1.13 |  0.87 |  0.91 |  0.95 |  0.91
        5198 |  1.03 |  1.10 |  1.13 |  0.87 |  0.91 |  0.95 |  0.91
        5198 |  1.03 |  1.10 |  1.13 |  0.87 |  0.91 |  0.95 |  0.91
        5198 |  1.03 |  1.10 |  1.13 |  0.87 |  0.91 |  0.95 |  0.91
        5198 |  1.03 |  1.10 |  1.13 |  0.87 |  0.91 |  0.95 |  0.91
        5198 |  1.03 |  1.10 |  1.13 |  0.87 |  0.91 |  0.95 |  0.91
        5198 |  1.03 |  1.10 |  1.13 |  0.87 |  0.91 |  0.95 |  0.91
        5198 |  1.03 |  1.10 |  1.13 |  0.87 |  0.91 |  0.95 |  0.91
        5198 |  1.03 |  1.10 |  1.13 |  0.87 |  0.91 |  0.95 |  0.91
        5198 |  1.03 |  1.10 |  1.13 |  0.87 |  0.91 |  0.95 |  0.91
        5198 |  1.03 |  1.10 |  1.13 |  0.87 |  0.91 |  0.95 |  0.91
        5198 |  1.03 |  1.10 |  1.13 |  0.87 |  0.91 |  0.95 |  0.91
        5198 |  1.03 |  1.10 |  1.13 |  0.87 |  0.91 |  0.95 |  0.91
        5198 |  1.03 |  1.10 |  1.13 |  0.87 |  0.91 |  0.95 |  0.91
        5199 |  1.04 |  0.93 |  1.19 |  1.08 |  0.94 |  0.95 |  0.94
        5199 |  1.04 |  0.93 |  1.19 |  1.08 |  0.94 |  0.95 |  0.94
        5199 |  1.04 |  0.93 |  1.19 |  1.08 |  0.94 |  0.95 |  0.94
        5199 |  1.04 |  0.93 |  1.19 |  1.08 |  0.94 |  0.95 |  0.94
        5199 |  1.04 |  0.93 |  1.19 |  1.08 |  0.94 |  0.95 |  0.94
        5199 |  1.04 |  0.93 |  1.19 |  1.08 |  0.94 |  0.95 |  0.94
        5199 |  1.04 |  0.93 |  1.19 |  1.08 |  0.94 |  0.95 |  0.94
        5199 |  1.04 |  0.93 |  1.19 |  1.08 |  0.94 |  0.95 |  0.94
        5199 |  1.04 |  0.93 |  1.19 |  1.08 |  0.94 |  0.95 |  0.94
        5199 |  1.04 |  0.93 |  1.19 |  1.08 |  0.94 |  0.95 |  0.94
        5199 |  1.04 |  0.93 |  1.19 |  1.08 |  0.94 |  0.95 |  0.94
        5199 |  1.04 |  0.93 |  1.19 |  1.08 |  0.94 |  0.95 |  0.94
        5199 |  1.04 |  0.93 |  1.19 |  1.08 |  0.94 |  0.95 |  0.94
        5199 |  1.04 |  0.93 |  1.19 |  1.08 |  0.94 |  0.95 |  0.94
        5199 |  1.04 |  0.93 |  1.19 |  1.08 |  0.94 |  0.95 |  0.94
        5199 |  1.04 |  0.93 |  1.19 |  1.08 |  0.94 |  0.95 |  0.94
        5199 |  1.04 |  0.93 |  1.19 |  1.08 |  0.94 |  0.95 |  0.94
        5199 |  1.04 |  0.93 |  1.19 |  1.08 |  0.94 |  0.95 |  0.94
        5199 |  1.04 |  0.93 |  1.19 |  1.08 |  0.94 |  0.95 |  0.94
        5199 |  1.04 |  0.93 |  1.19 |  1.08 |  0.94 |  0.95 |  0.94
        5199 |  1.04 |  0.93 |  1.19 |  1.08 |  0.94 |  0.95 |  0.94
        5199 |  1.04 |  0.93 |  1.19 |  1.08 |  0.94 |  0.95 |  0.94
        5199 |  1.04 |  0.93 |  1.19 |  1.08 |  0.94 |  0.95 |  0.94
        5199 |  1.04 |  0.93 |  1.19 |  1.08 |  0.94 |  0.95 |  0.94
        5199 |  1.04 |  0.93 |  1.19 |  1.08 |  0.94 |  0.95 |  0.94
        5199 |  1.04 |  0.93 |  1.19 |  1.08 |  0.94 |  0.95 |  0.94
        5199 |  1.04 |  0.93 |  1.19 |  1.08 |  0.94 |  0.95 |  0.94
        5199 |  1.04 |  0.93 |  1.19 |  1.08 |  0.94 |  0.95 |  0.94
        5199 |  1.04 |  0.93 |  1.19 |  1.08 |  0.94 |  0.95 |  0.94
        5199 |  1.04 |  0.93 |  1.19 |  1.08 |  0.94 |  0.95 |  0.94
        5199 |  1.04 |  0.93 |  1.19 |  1.08 |  0.94 |  0.95 |  0.94
        5199 |  1.04 |  0.93 |  1.19 |  1.08 |  0.94 |  0.95 |  0.94
        5199 |  1.04 |  0.93 |  1.19 |  1.08 |  0.94 |  0.95 |  0.94
        5199 |  1.04 |  0.93 |  1.19 |  1.08 |  0.94 |  0.95 |  0.94
        5199 |  1.04 |  0.93 |  1.19 |  1.08 |  0.94 |  0.95 |  0.94
        5199 |  1.04 |  0.93 |  1.19 |  1.08 |  0.94 |  0.95 |  0.94
        5199 |  1.04 |  0.93 |  1.19 |  1.08 |  0.94 |  0.95 |  0.94
        5199 |  1.04 |  0.93 |  1.19 |  1.08 |  0.94 |  0.95 |  0.94
        5199 |  1.04 |  0.93 |  1.19 |  1.08 |  0.94 |  0.95 |  0.94
        5199 |  1.04 |  0.93 |  1.19 |  1.08 |  0.94 |  0.95 |  0.94
        5199 |  1.04 |  0.93 |  1.19 |  1.08 |  0.94 |  0.95 |  0.94
        5199 |  1.04 |  0.93 |  1.19 |  1.08 |  0.94 |  0.95 |  0.94
        5199 |  1.04 |  0.93 |  1.19 |  1.08 |  0.94 |  0.95 |  0.94
        5199 |  1.04 |  0.93 |  1.19 |  1.08 |  0.94 |  0.95 |  0.94
        5199 |  1.04 |  0.93 |  1.19 |  1.08 |  0.94 |  0.95 |  0.94
        5199 |  1.04 |  0.93 |  1.19 |  1.08 |  0.94 |  0.95 |  0.94
        5199 |  1.04 |  0.93 |  1.19 |  1.08 |  0.94 |  0.95 |  0.94
        5199 |  1.04 |  0.93 |  1.19 |  1.08 |  0.94 |  0.95 |  0.94
        5199 |  1.04 |  0.93 |  1.19 |  1.08 |  0.94 |  0.95 |  0.94
        5200 |  0.98 |  0.96 |  0.95 |  1.21 |  0.91 |  0.94 |  1.09
        5200 |  0.98 |  0.96 |  0.95 |  1.21 |  0.91 |  0.94 |  1.09
        5200 |  0.98 |  0.96 |  0.95 |  1.21 |  0.91 |  0.94 |  1.09
        5200 |  0.98 |  0.96 |  0.95 |  1.21 |  0.91 |  0.94 |  1.09
        5200 |  0.98 |  0.96 |  0.95 |  1.21 |  0.91 |  0.94 |  1.09
        5200 |  0.98 |  0.96 |  0.95 |  1.21 |  0.91 |  0.94 |  1.09
        5200 |  0.98 |  0.96 |  0.95 |  1.21 |  0.91 |  0.94 |  1.09
        5200 |  0.98 |  0.96 |  0.95 |  1.21 |  0.91 |  0.94 |  1.09
        5200 |  0.98 |  0.96 |  0.95 |  1.21 |  0.91 |  0.94 |  1.09
        5200 |  0.98 |  0.96 |  0.95 |  1.21 |  0.91 |  0.94 |  1.09
        5200 |  0.98 |  0.96 |  0.95 |  1.21 |  0.91 |  0.94 |  1.09
        5200 |  0.98 |  0.96 |  0.95 |  1.21 |  0.91 |  0.94 |  1.09
        5200 |  0.98 |  0.96 |  0.95 |  1.21 |  0.91 |  0.94 |  1.09
        5200 |  0.98 |  0.96 |  0.95 |  1.21 |  0.91 |  0.94 |  1.09
        5200 |  0.98 |  0.96 |  0.95 |  1.21 |  0.91 |  0.94 |  1.09
        5200 |  0.98 |  0.96 |  0.95 |  1.21 |  0.91 |  0.94 |  1.09
        5200 |  0.98 |  0.96 |  0.95 |  1.21 |  0.91 |  0.94 |  1.09
        5200 |  0.98 |  0.96 |  0.95 |  1.21 |  0.91 |  0.94 |  1.09
        5200 |  0.98 |  0.96 |  0.95 |  1.21 |  0.91 |  0.94 |  1.09
        5200 |  0.98 |  0.96 |  0.95 |  1.21 |  0.91 |  0.94 |  1.09
        5200 |  0.98 |  0.96 |  0.95 |  1.21 |  0.91 |  0.94 |  1.09
        5200 |  0.98 |  0.96 |  0.95 |  1.21 |  0.91 |  0.94 |  1.09
        5200 |  0.98 |  0.96 |  0.95 |  1.21 |  0.91 |  0.94 |  1.09
        5200 |  0.98 |  0.96 |  0.95 |  1.21 |  0.91 |  0.94 |  1.09
        5200 |  0.98 |  0.96 |  0.95 |  1.21 |  0.91 |  0.94 |  1.09
        5200 |  0.98 |  0.96 |  0.95 |  1.21 |  0.91 |  0.94 |  1.09
        5200 |  0.98 |  0.96 |  0.95 |  1.21 |  0.91 |  0.94 |  1.09
        5200 |  0.98 |  0.96 |  0.95 |  1.21 |  0.91 |  0.94 |  1.09
        5200 |  0.98 |  0.96 |  0.95 |  1.21 |  0.91 |  0.94 |  1.09
        5200 |  0.98 |  0.96 |  0.95 |  1.21 |  0.91 |  0.94 |  1.09
        5200 |  0.98 |  0.96 |  0.95 |  1.21 |  0.91 |  0.94 |  1.09
        5200 |  0.98 |  0.96 |  0.95 |  1.21 |  0.91 |  0.94 |  1.09
        5200 |  0.98 |  0.96 |  0.95 |  1.21 |  0.91 |  0.94 |  1.09
        5200 |  0.98 |  0.96 |  0.95 |  1.21 |  0.91 |  0.94 |  1.09
        5200 |  0.98 |  0.96 |  0.95 |  1.21 |  0.91 |  0.94 |  1.09
        5200 |  0.98 |  0.96 |  0.95 |  1.21 |  0.91 |  0.94 |  1.09
        5200 |  0.98 |  0.96 |  0.95 |  1.21 |  0.91 |  0.94 |  1.09
        5200 |  0.98 |  0.96 |  0.95 |  1.21 |  0.91 |  0.94 |  1.09
        5200 |  0.98 |  0.96 |  0.95 |  1.21 |  0.91 |  0.94 |  1.09
        5200 |  0.98 |  0.96 |  0.95 |  1.21 |  0.91 |  0.94 |  1.09
        5200 |  0.98 |  0.96 |  0.95 |  1.21 |  0.91 |  0.94 |  1.09
        5200 |  0.98 |  0.96 |  0.95 |  1.21 |  0.91 |  0.94 |  1.09
        5200 |  0.98 |  0.96 |  0.95 |  1.21 |  0.91 |  0.94 |  1.09
        5200 |  0.98 |  0.96 |  0.95 |  1.21 |  0.91 |  0.94 |  1.09
        5200 |  0.98 |  0.96 |  0.95 |  1.21 |  0.91 |  0.94 |  1.09
        5200 |  0.98 |  0.96 |  0.95 |  1.21 |  0.91 |  0.94 |  1.09
        5200 |  0.98 |  0.96 |  0.95 |  1.21 |  0.91 |  0.94 |  1.09
        5200 |  0.98 |  0.96 |  0.95 |  1.21 |  0.91 |  0.94 |  1.09
        5200 |  0.98 |  0.96 |  0.95 |  1.21 |  0.91 |  0.94 |  1.09
        5201 |  0.99 |  0.84 |  1.06 |  1.02 |  0.99 |  1.08 |  1.08
        5201 |  0.99 |  0.84 |  1.06 |  1.02 |  0.99 |  1.08 |  1.08
        5201 |  0.99 |  0.84 |  1.06 |  1.02 |  0.99 |  1.08 |  1.08
        5201 |  0.99 |  0.84 |  1.06 |  1.02 |  0.99 |  1.08 |  1.08
        5201 |  0.99 |  0.84 |  1.06 |  1.02 |  0.99 |  1.08 |  1.08
        5201 |  0.99 |  0.84 |  1.06 |  1.02 |  0.99 |  1.08 |  1.08
        5201 |  0.99 |  0.84 |  1.06 |  1.02 |  0.99 |  1.08 |  1.08
        5201 |  0.99 |  0.84 |  1.06 |  1.02 |  0.99 |  1.08 |  1.08
        5201 |  0.99 |  0.84 |  1.06 |  1.02 |  0.99 |  1.08 |  1.08
        5201 |  0.99 |  0.84 |  1.06 |  1.02 |  0.99 |  1.08 |  1.08
        5201 |  0.99 |  0.84 |  1.06 |  1.02 |  0.99 |  1.08 |  1.08
        5201 |  0.99 |  0.84 |  1.06 |  1.02 |  0.99 |  1.08 |  1.08
        5201 |  0.99 |  0.84 |  1.06 |  1.02 |  0.99 |  1.08 |  1.08
        5201 |  0.99 |  0.84 |  1.06 |  1.02 |  0.99 |  1.08 |  1.08
        5201 |  0.99 |  0.84 |  1.06 |  1.02 |  0.99 |  1.08 |  1.08
        5201 |  0.99 |  0.84 |  1.06 |  1.02 |  0.99 |  1.08 |  1.08
        5201 |  0.99 |  0.84 |  1.06 |  1.02 |  0.99 |  1.08 |  1.08
        5201 |  0.99 |  0.84 |  1.06 |  1.02 |  0.99 |  1.08 |  1.08
        5201 |  0.99 |  0.84 |  1.06 |  1.02 |  0.99 |  1.08 |  1.08
        5201 |  0.99 |  0.84 |  1.06 |  1.02 |  0.99 |  1.08 |  1.08
        5201 |  0.99 |  0.84 |  1.06 |  1.02 |  0.99 |  1.08 |  1.08
        5201 |  0.99 |  0.84 |  1.06 |  1.02 |  0.99 |  1.08 |  1.08
        5201 |  0.99 |  0.84 |  1.06 |  1.02 |  0.99 |  1.08 |  1.08
        5201 |  0.99 |  0.84 |  1.06 |  1.02 |  0.99 |  1.08 |  1.08
        5201 |  0.99 |  0.84 |  1.06 |  1.02 |  0.99 |  1.08 |  1.08
        5201 |  0.99 |  0.84 |  1.06 |  1.02 |  0.99 |  1.08 |  1.08
        5201 |  0.99 |  0.84 |  1.06 |  1.02 |  0.99 |  1.08 |  1.08
        5201 |  0.99 |  0.84 |  1.06 |  1.02 |  0.99 |  1.08 |  1.08
        5201 |  0.99 |  0.84 |  1.06 |  1.02 |  0.99 |  1.08 |  1.08
        5201 |  0.99 |  0.84 |  1.06 |  1.02 |  0.99 |  1.08 |  1.08
        5201 |  0.99 |  0.84 |  1.06 |  1.02 |  0.99 |  1.08 |  1.08
        5201 |  0.99 |  0.84 |  1.06 |  1.02 |  0.99 |  1.08 |  1.08
        5201 |  0.99 |  0.84 |  1.06 |  1.02 |  0.99 |  1.08 |  1.08
        5201 |  0.99 |  0.84 |  1.06 |  1.02 |  0.99 |  1.08 |  1.08
        5201 |  0.99 |  0.84 |  1.06 |  1.02 |  0.99 |  1.08 |  1.08
        5201 |  0.99 |  0.84 |  1.06 |  1.02 |  0.99 |  1.08 |  1.08
        5201 |  0.99 |  0.84 |  1.06 |  1.02 |  0.99 |  1.08 |  1.08
        5201 |  0.99 |  0.84 |  1.06 |  1.02 |  0.99 |  1.08 |  1.08
        5201 |  0.99 |  0.84 |  1.06 |  1.02 |  0.99 |  1.08 |  1.08
        5201 |  0.99 |  0.84 |  1.06 |  1.02 |  0.99 |  1.08 |  1.08
        5201 |  0.99 |  0.84 |  1.06 |  1.02 |  0.99 |  1.08 |  1.08
        5201 |  0.99 |  0.84 |  1.06 |  1.02 |  0.99 |  1.08 |  1.08
        5201 |  0.99 |  0.84 |  1.06 |  1.02 |  0.99 |  1.08 |  1.08
        5201 |  0.99 |  0.84 |  1.06 |  1.02 |  0.99 |  1.08 |  1.08
        5201 |  0.99 |  0.84 |  1.06 |  1.02 |  0.99 |  1.08 |  1.08
        5201 |  0.99 |  0.84 |  1.06 |  1.02 |  0.99 |  1.08 |  1.08
        5201 |  0.99 |  0.84 |  1.06 |  1.02 |  0.99 |  1.08 |  1.08
        5201 |  0.99 |  0.84 |  1.06 |  1.02 |  0.99 |  1.08 |  1.08
        5201 |  0.99 |  0.84 |  1.06 |  1.02 |  0.99 |  1.08 |  1.08
        5202 |  0.92 |  0.92 |  0.97 |  1.08 |  1.06 |  1.10 |  0.98
        5202 |  0.92 |  0.92 |  0.97 |  1.08 |  1.06 |  1.10 |  0.98
        5202 |  0.92 |  0.92 |  0.97 |  1.08 |  1.06 |  1.10 |  0.98
        5202 |  0.92 |  0.92 |  0.97 |  1.08 |  1.06 |  1.10 |  0.98
        5202 |  0.92 |  0.92 |  0.97 |  1.08 |  1.06 |  1.10 |  0.98
        5202 |  0.92 |  0.92 |  0.97 |  1.08 |  1.06 |  1.10 |  0.98
        5202 |  0.92 |  0.92 |  0.97 |  1.08 |  1.06 |  1.10 |  0.98
        5202 |  0.92 |  0.92 |  0.97 |  1.08 |  1.06 |  1.10 |  0.98
        5202 |  0.92 |  0.92 |  0.97 |  1.08 |  1.06 |  1.10 |  0.98
        5202 |  0.92 |  0.92 |  0.97 |  1.08 |  1.06 |  1.10 |  0.98
        5202 |  0.92 |  0.92 |  0.97 |  1.08 |  1.06 |  1.10 |  0.98
        5202 |  0.92 |  0.92 |  0.97 |  1.08 |  1.06 |  1.10 |  0.98
        5202 |  0.92 |  0.92 |  0.97 |  1.08 |  1.06 |  1.10 |  0.98
        5202 |  0.92 |  0.92 |  0.97 |  1.08 |  1.06 |  1.10 |  0.98
        5202 |  0.92 |  0.92 |  0.97 |  1.08 |  1.06 |  1.10 |  0.98
        5202 |  0.92 |  0.92 |  0.97 |  1.08 |  1.06 |  1.10 |  0.98
        5202 |  0.92 |  0.92 |  0.97 |  1.08 |  1.06 |  1.10 |  0.98
        5202 |  0.92 |  0.92 |  0.97 |  1.08 |  1.06 |  1.10 |  0.98
        5202 |  0.92 |  0.92 |  0.97 |  1.08 |  1.06 |  1.10 |  0.98
        5202 |  0.92 |  0.92 |  0.97 |  1.08 |  1.06 |  1.10 |  0.98
        5202 |  0.92 |  0.92 |  0.97 |  1.08 |  1.06 |  1.10 |  0.98
        5202 |  0.92 |  0.92 |  0.97 |  1.08 |  1.06 |  1.10 |  0.98
        5202 |  0.92 |  0.92 |  0.97 |  1.08 |  1.06 |  1.10 |  0.98
        5202 |  0.92 |  0.92 |  0.97 |  1.08 |  1.06 |  1.10 |  0.98
        5202 |  0.92 |  0.92 |  0.97 |  1.08 |  1.06 |  1.10 |  0.98
        5202 |  0.92 |  0.92 |  0.97 |  1.08 |  1.06 |  1.10 |  0.98
        5202 |  0.92 |  0.92 |  0.97 |  1.08 |  1.06 |  1.10 |  0.98
        5202 |  0.92 |  0.92 |  0.97 |  1.08 |  1.06 |  1.10 |  0.98
        5202 |  0.92 |  0.92 |  0.97 |  1.08 |  1.06 |  1.10 |  0.98
        5202 |  0.92 |  0.92 |  0.97 |  1.08 |  1.06 |  1.10 |  0.98
        5202 |  0.92 |  0.92 |  0.97 |  1.08 |  1.06 |  1.10 |  0.98
        5202 |  0.92 |  0.92 |  0.97 |  1.08 |  1.06 |  1.10 |  0.98
        5202 |  0.92 |  0.92 |  0.97 |  1.08 |  1.06 |  1.10 |  0.98
        5202 |  0.92 |  0.92 |  0.97 |  1.08 |  1.06 |  1.10 |  0.98
        5202 |  0.92 |  0.92 |  0.97 |  1.08 |  1.06 |  1.10 |  0.98
        5202 |  0.92 |  0.92 |  0.97 |  1.08 |  1.06 |  1.10 |  0.98
        5202 |  0.92 |  0.92 |  0.97 |  1.08 |  1.06 |  1.10 |  0.98
        5202 |  0.92 |  0.92 |  0.97 |  1.08 |  1.06 |  1.10 |  0.98
        5202 |  0.92 |  0.92 |  0.97 |  1.08 |  1.06 |  1.10 |  0.98
        5202 |  0.92 |  0.92 |  0.97 |  1.08 |  1.06 |  1.10 |  0.98
        5202 |  0.92 |  0.92 |  0.97 |  1.08 |  1.06 |  1.10 |  0.98
        5202 |  0.92 |  0.92 |  0.97 |  1.08 |  1.06 |  1.10 |  0.98
        5202 |  0.92 |  0.92 |  0.97 |  1.08 |  1.06 |  1.10 |  0.98
        5202 |  0.92 |  0.92 |  0.97 |  1.08 |  1.06 |  1.10 |  0.98
        5202 |  0.92 |  0.92 |  0.97 |  1.08 |  1.06 |  1.10 |  0.98
        5202 |  0.92 |  0.92 |  0.97 |  1.08 |  1.06 |  1.10 |  0.98
        5202 |  0.92 |  0.92 |  0.97 |  1.08 |  1.06 |  1.10 |  0.98
        5202 |  0.92 |  0.92 |  0.97 |  1.08 |  1.06 |  1.10 |  0.98
        5202 |  0.92 |  0.92 |  0.97 |  1.08 |  1.06 |  1.10 |  0.98
        5203 |  0.93 |  0.86 |  0.97 |  1.04 |  1.07 |  0.91 |  1.05
        5203 |  0.93 |  0.86 |  0.97 |  1.04 |  1.07 |  0.91 |  1.05
        5203 |  0.93 |  0.86 |  0.97 |  1.04 |  1.07 |  0.91 |  1.05
        5203 |  0.93 |  0.86 |  0.97 |  1.04 |  1.07 |  0.91 |  1.05
        5203 |  0.93 |  0.86 |  0.97 |  1.04 |  1.07 |  0.91 |  1.05
        5203 |  0.93 |  0.86 |  0.97 |  1.04 |  1.07 |  0.91 |  1.05
        5203 |  0.93 |  0.86 |  0.97 |  1.04 |  1.07 |  0.91 |  1.05
        5203 |  0.93 |  0.86 |  0.97 |  1.04 |  1.07 |  0.91 |  1.05
        5203 |  0.93 |  0.86 |  0.97 |  1.04 |  1.07 |  0.91 |  1.05
        5203 |  0.93 |  0.86 |  0.97 |  1.04 |  1.07 |  0.91 |  1.05
        5203 |  0.93 |  0.86 |  0.97 |  1.04 |  1.07 |  0.91 |  1.05
        5203 |  0.93 |  0.86 |  0.97 |  1.04 |  1.07 |  0.91 |  1.05
        5203 |  0.93 |  0.86 |  0.97 |  1.04 |  1.07 |  0.91 |  1.05
        5203 |  0.93 |  0.86 |  0.97 |  1.04 |  1.07 |  0.91 |  1.05
        5203 |  0.93 |  0.86 |  0.97 |  1.04 |  1.07 |  0.91 |  1.05
        5203 |  0.93 |  0.86 |  0.97 |  1.04 |  1.07 |  0.91 |  1.05
        5203 |  0.93 |  0.86 |  0.97 |  1.04 |  1.07 |  0.91 |  1.05
        5203 |  0.93 |  0.86 |  0.97 |  1.04 |  1.07 |  0.91 |  1.05
        5203 |  0.93 |  0.86 |  0.97 |  1.04 |  1.07 |  0.91 |  1.05
        5203 |  0.93 |  0.86 |  0.97 |  1.04 |  1.07 |  0.91 |  1.05
        5203 |  0.93 |  0.86 |  0.97 |  1.04 |  1.07 |  0.91 |  1.05
        5203 |  0.93 |  0.86 |  0.97 |  1.04 |  1.07 |  0.91 |  1.05
        5203 |  0.93 |  0.86 |  0.97 |  1.04 |  1.07 |  0.91 |  1.05
        5203 |  0.93 |  0.86 |  0.97 |  1.04 |  1.07 |  0.91 |  1.05
        5203 |  0.93 |  0.86 |  0.97 |  1.04 |  1.07 |  0.91 |  1.05
        5203 |  0.93 |  0.86 |  0.97 |  1.04 |  1.07 |  0.91 |  1.05
        5203 |  0.93 |  0.86 |  0.97 |  1.04 |  1.07 |  0.91 |  1.05
        5203 |  0.93 |  0.86 |  0.97 |  1.04 |  1.07 |  0.91 |  1.05
        5203 |  0.93 |  0.86 |  0.97 |  1.04 |  1.07 |  0.91 |  1.05
        5203 |  0.93 |  0.86 |  0.97 |  1.04 |  1.07 |  0.91 |  1.05
        5203 |  0.93 |  0.86 |  0.97 |  1.04 |  1.07 |  0.91 |  1.05
        5203 |  0.93 |  0.86 |  0.97 |  1.04 |  1.07 |  0.91 |  1.05
        5203 |  0.93 |  0.86 |  0.97 |  1.04 |  1.07 |  0.91 |  1.05
        5203 |  0.93 |  0.86 |  0.97 |  1.04 |  1.07 |  0.91 |  1.05
        5203 |  0.93 |  0.86 |  0.97 |  1.04 |  1.07 |  0.91 |  1.05
        5203 |  0.93 |  0.86 |  0.97 |  1.04 |  1.07 |  0.91 |  1.05
        5203 |  0.93 |  0.86 |  0.97 |  1.04 |  1.07 |  0.91 |  1.05
        5203 |  0.93 |  0.86 |  0.97 |  1.04 |  1.07 |  0.91 |  1.05
        5203 |  0.93 |  0.86 |  0.97 |  1.04 |  1.07 |  0.91 |  1.05
        5203 |  0.93 |  0.86 |  0.97 |  1.04 |  1.07 |  0.91 |  1.05
        5203 |  0.93 |  0.86 |  0.97 |  1.04 |  1.07 |  0.91 |  1.05
        5203 |  0.93 |  0.86 |  0.97 |  1.04 |  1.07 |  0.91 |  1.05
        5203 |  0.93 |  0.86 |  0.97 |  1.04 |  1.07 |  0.91 |  1.05
        5203 |  0.93 |  0.86 |  0.97 |  1.04 |  1.07 |  0.91 |  1.05
        5203 |  0.93 |  0.86 |  0.97 |  1.04 |  1.07 |  0.91 |  1.05
        5203 |  0.93 |  0.86 |  0.97 |  1.04 |  1.07 |  0.91 |  1.05
        5203 |  0.93 |  0.86 |  0.97 |  1.04 |  1.07 |  0.91 |  1.05
        5203 |  0.93 |  0.86 |  0.97 |  1.04 |  1.07 |  0.91 |  1.05
        5203 |  0.93 |  0.86 |  0.97 |  1.04 |  1.07 |  0.91 |  1.05
        5204 |  1.07 |  0.90 |  1.12 |  1.05 |  1.14 |  1.04 |  0.87
        5204 |  1.07 |  0.90 |  1.12 |  1.05 |  1.14 |  1.04 |  0.87
        5204 |  1.07 |  0.90 |  1.12 |  1.05 |  1.14 |  1.04 |  0.87
        5204 |  1.07 |  0.90 |  1.12 |  1.05 |  1.14 |  1.04 |  0.87
        5204 |  1.07 |  0.90 |  1.12 |  1.05 |  1.14 |  1.04 |  0.87
        5204 |  1.07 |  0.90 |  1.12 |  1.05 |  1.14 |  1.04 |  0.87
        5204 |  1.07 |  0.90 |  1.12 |  1.05 |  1.14 |  1.04 |  0.87
        5204 |  1.07 |  0.90 |  1.12 |  1.05 |  1.14 |  1.04 |  0.87
        5204 |  1.07 |  0.90 |  1.12 |  1.05 |  1.14 |  1.04 |  0.87
        5204 |  1.07 |  0.90 |  1.12 |  1.05 |  1.14 |  1.04 |  0.87
        5204 |  1.07 |  0.90 |  1.12 |  1.05 |  1.14 |  1.04 |  0.87
        5204 |  1.07 |  0.90 |  1.12 |  1.05 |  1.14 |  1.04 |  0.87
        5204 |  1.07 |  0.90 |  1.12 |  1.05 |  1.14 |  1.04 |  0.87
        5204 |  1.07 |  0.90 |  1.12 |  1.05 |  1.14 |  1.04 |  0.87
        5204 |  1.07 |  0.90 |  1.12 |  1.05 |  1.14 |  1.04 |  0.87
        5204 |  1.07 |  0.90 |  1.12 |  1.05 |  1.14 |  1.04 |  0.87
        5204 |  1.07 |  0.90 |  1.12 |  1.05 |  1.14 |  1.04 |  0.87
        5204 |  1.07 |  0.90 |  1.12 |  1.05 |  1.14 |  1.04 |  0.87
        5204 |  1.07 |  0.90 |  1.12 |  1.05 |  1.14 |  1.04 |  0.87
        5204 |  1.07 |  0.90 |  1.12 |  1.05 |  1.14 |  1.04 |  0.87
        5204 |  1.07 |  0.90 |  1.12 |  1.05 |  1.14 |  1.04 |  0.87
        5204 |  1.07 |  0.90 |  1.12 |  1.05 |  1.14 |  1.04 |  0.87
        5204 |  1.07 |  0.90 |  1.12 |  1.05 |  1.14 |  1.04 |  0.87
        5204 |  1.07 |  0.90 |  1.12 |  1.05 |  1.14 |  1.04 |  0.87
        5204 |  1.07 |  0.90 |  1.12 |  1.05 |  1.14 |  1.04 |  0.87
        5204 |  1.07 |  0.90 |  1.12 |  1.05 |  1.14 |  1.04 |  0.87
        5204 |  1.07 |  0.90 |  1.12 |  1.05 |  1.14 |  1.04 |  0.87
        5204 |  1.07 |  0.90 |  1.12 |  1.05 |  1.14 |  1.04 |  0.87
        5204 |  1.07 |  0.90 |  1.12 |  1.05 |  1.14 |  1.04 |  0.87
        5204 |  1.07 |  0.90 |  1.12 |  1.05 |  1.14 |  1.04 |  0.87
        5204 |  1.07 |  0.90 |  1.12 |  1.05 |  1.14 |  1.04 |  0.87
        5204 |  1.07 |  0.90 |  1.12 |  1.05 |  1.14 |  1.04 |  0.87
        5204 |  1.07 |  0.90 |  1.12 |  1.05 |  1.14 |  1.04 |  0.87
        5204 |  1.07 |  0.90 |  1.12 |  1.05 |  1.14 |  1.04 |  0.87
        5204 |  1.07 |  0.90 |  1.12 |  1.05 |  1.14 |  1.04 |  0.87
        5204 |  1.07 |  0.90 |  1.12 |  1.05 |  1.14 |  1.04 |  0.87
        5204 |  1.07 |  0.90 |  1.12 |  1.05 |  1.14 |  1.04 |  0.87
        5204 |  1.07 |  0.90 |  1.12 |  1.05 |  1.14 |  1.04 |  0.87
        5204 |  1.07 |  0.90 |  1.12 |  1.05 |  1.14 |  1.04 |  0.87
        5204 |  1.07 |  0.90 |  1.12 |  1.05 |  1.14 |  1.04 |  0.87
        5204 |  1.07 |  0.90 |  1.12 |  1.05 |  1.14 |  1.04 |  0.87
        5204 |  1.07 |  0.90 |  1.12 |  1.05 |  1.14 |  1.04 |  0.87
        5204 |  1.07 |  0.90 |  1.12 |  1.05 |  1.14 |  1.04 |  0.87
        5204 |  1.07 |  0.90 |  1.12 |  1.05 |  1.14 |  1.04 |  0.87
        5204 |  1.07 |  0.90 |  1.12 |  1.05 |  1.14 |  1.04 |  0.87
        5204 |  1.07 |  0.90 |  1.12 |  1.05 |  1.14 |  1.04 |  0.87
        5204 |  1.07 |  0.90 |  1.12 |  1.05 |  1.14 |  1.04 |  0.87
        5204 |  1.07 |  0.90 |  1.12 |  1.05 |  1.14 |  1.04 |  0.87
        5204 |  1.07 |  0.90 |  1.12 |  1.05 |  1.14 |  1.04 |  0.87
        5205 |  1.08 |  1.05 |  1.06 |  1.03 |  1.07 |  1.00 |  1.22
        5205 |  1.08 |  1.05 |  1.06 |  1.03 |  1.07 |  1.00 |  1.22
        5205 |  1.08 |  1.05 |  1.06 |  1.03 |  1.07 |  1.00 |  1.22
        5205 |  1.08 |  1.05 |  1.06 |  1.03 |  1.07 |  1.00 |  1.22
        5205 |  1.08 |  1.05 |  1.06 |  1.03 |  1.07 |  1.00 |  1.22
        5205 |  1.08 |  1.05 |  1.06 |  1.03 |  1.07 |  1.00 |  1.22
        5205 |  1.08 |  1.05 |  1.06 |  1.03 |  1.07 |  1.00 |  1.22
        5205 |  1.08 |  1.05 |  1.06 |  1.03 |  1.07 |  1.00 |  1.22
        5205 |  1.08 |  1.05 |  1.06 |  1.03 |  1.07 |  1.00 |  1.22
        5205 |  1.08 |  1.05 |  1.06 |  1.03 |  1.07 |  1.00 |  1.22
        5205 |  1.08 |  1.05 |  1.06 |  1.03 |  1.07 |  1.00 |  1.22
        5205 |  1.08 |  1.05 |  1.06 |  1.03 |  1.07 |  1.00 |  1.22
        5205 |  1.08 |  1.05 |  1.06 |  1.03 |  1.07 |  1.00 |  1.22
        5205 |  1.08 |  1.05 |  1.06 |  1.03 |  1.07 |  1.00 |  1.22
        5205 |  1.08 |  1.05 |  1.06 |  1.03 |  1.07 |  1.00 |  1.22
        5205 |  1.08 |  1.05 |  1.06 |  1.03 |  1.07 |  1.00 |  1.22
        5205 |  1.08 |  1.05 |  1.06 |  1.03 |  1.07 |  1.00 |  1.22
        5205 |  1.08 |  1.05 |  1.06 |  1.03 |  1.07 |  1.00 |  1.22
        5205 |  1.08 |  1.05 |  1.06 |  1.03 |  1.07 |  1.00 |  1.22
        5205 |  1.08 |  1.05 |  1.06 |  1.03 |  1.07 |  1.00 |  1.22
        5205 |  1.08 |  1.05 |  1.06 |  1.03 |  1.07 |  1.00 |  1.22
        5205 |  1.08 |  1.05 |  1.06 |  1.03 |  1.07 |  1.00 |  1.22
        5205 |  1.08 |  1.05 |  1.06 |  1.03 |  1.07 |  1.00 |  1.22
        5205 |  1.08 |  1.05 |  1.06 |  1.03 |  1.07 |  1.00 |  1.22
        5205 |  1.08 |  1.05 |  1.06 |  1.03 |  1.07 |  1.00 |  1.22
        5205 |  1.08 |  1.05 |  1.06 |  1.03 |  1.07 |  1.00 |  1.22
        5205 |  1.08 |  1.05 |  1.06 |  1.03 |  1.07 |  1.00 |  1.22
        5205 |  1.08 |  1.05 |  1.06 |  1.03 |  1.07 |  1.00 |  1.22
        5205 |  1.08 |  1.05 |  1.06 |  1.03 |  1.07 |  1.00 |  1.22
        5205 |  1.08 |  1.05 |  1.06 |  1.03 |  1.07 |  1.00 |  1.22
        5205 |  1.08 |  1.05 |  1.06 |  1.03 |  1.07 |  1.00 |  1.22
        5205 |  1.08 |  1.05 |  1.06 |  1.03 |  1.07 |  1.00 |  1.22
        5205 |  1.08 |  1.05 |  1.06 |  1.03 |  1.07 |  1.00 |  1.22
        5205 |  1.08 |  1.05 |  1.06 |  1.03 |  1.07 |  1.00 |  1.22
        5205 |  1.08 |  1.05 |  1.06 |  1.03 |  1.07 |  1.00 |  1.22
        5205 |  1.08 |  1.05 |  1.06 |  1.03 |  1.07 |  1.00 |  1.22
        5205 |  1.08 |  1.05 |  1.06 |  1.03 |  1.07 |  1.00 |  1.22
        5205 |  1.08 |  1.05 |  1.06 |  1.03 |  1.07 |  1.00 |  1.22
        5205 |  1.08 |  1.05 |  1.06 |  1.03 |  1.07 |  1.00 |  1.22
        5205 |  1.08 |  1.05 |  1.06 |  1.03 |  1.07 |  1.00 |  1.22
        5205 |  1.08 |  1.05 |  1.06 |  1.03 |  1.07 |  1.00 |  1.22
        5205 |  1.08 |  1.05 |  1.06 |  1.03 |  1.07 |  1.00 |  1.22
        5205 |  1.08 |  1.05 |  1.06 |  1.03 |  1.07 |  1.00 |  1.22
        5205 |  1.08 |  1.05 |  1.06 |  1.03 |  1.07 |  1.00 |  1.22
        5205 |  1.08 |  1.05 |  1.06 |  1.03 |  1.07 |  1.00 |  1.22
        5205 |  1.08 |  1.05 |  1.06 |  1.03 |  1.07 |  1.00 |  1.22
        5205 |  1.08 |  1.05 |  1.06 |  1.03 |  1.07 |  1.00 |  1.22
        5205 |  1.08 |  1.05 |  1.06 |  1.03 |  1.07 |  1.00 |  1.22
        5205 |  1.08 |  1.05 |  1.06 |  1.03 |  1.07 |  1.00 |  1.22
        5206 |  1.12 |  1.03 |  0.84 |  0.99 |  0.89 |  0.86 |  1.11
        5206 |  1.12 |  1.03 |  0.84 |  0.99 |  0.89 |  0.86 |  1.11
        5206 |  1.12 |  1.03 |  0.84 |  0.99 |  0.89 |  0.86 |  1.11
        5206 |  1.12 |  1.03 |  0.84 |  0.99 |  0.89 |  0.86 |  1.11
        5206 |  1.12 |  1.03 |  0.84 |  0.99 |  0.89 |  0.86 |  1.11
        5206 |  1.12 |  1.03 |  0.84 |  0.99 |  0.89 |  0.86 |  1.11
        5206 |  1.12 |  1.03 |  0.84 |  0.99 |  0.89 |  0.86 |  1.11
        5206 |  1.12 |  1.03 |  0.84 |  0.99 |  0.89 |  0.86 |  1.11
        5206 |  1.12 |  1.03 |  0.84 |  0.99 |  0.89 |  0.86 |  1.11
        5206 |  1.12 |  1.03 |  0.84 |  0.99 |  0.89 |  0.86 |  1.11
        5206 |  1.12 |  1.03 |  0.84 |  0.99 |  0.89 |  0.86 |  1.11
        5206 |  1.12 |  1.03 |  0.84 |  0.99 |  0.89 |  0.86 |  1.11
        5206 |  1.12 |  1.03 |  0.84 |  0.99 |  0.89 |  0.86 |  1.11
        5206 |  1.12 |  1.03 |  0.84 |  0.99 |  0.89 |  0.86 |  1.11
        5206 |  1.12 |  1.03 |  0.84 |  0.99 |  0.89 |  0.86 |  1.11
        5206 |  1.12 |  1.03 |  0.84 |  0.99 |  0.89 |  0.86 |  1.11
        5206 |  1.12 |  1.03 |  0.84 |  0.99 |  0.89 |  0.86 |  1.11
        5206 |  1.12 |  1.03 |  0.84 |  0.99 |  0.89 |  0.86 |  1.11
        5206 |  1.12 |  1.03 |  0.84 |  0.99 |  0.89 |  0.86 |  1.11
        5206 |  1.12 |  1.03 |  0.84 |  0.99 |  0.89 |  0.86 |  1.11
        5206 |  1.12 |  1.03 |  0.84 |  0.99 |  0.89 |  0.86 |  1.11
        5206 |  1.12 |  1.03 |  0.84 |  0.99 |  0.89 |  0.86 |  1.11
        5206 |  1.12 |  1.03 |  0.84 |  0.99 |  0.89 |  0.86 |  1.11
        5206 |  1.12 |  1.03 |  0.84 |  0.99 |  0.89 |  0.86 |  1.11
        5206 |  1.12 |  1.03 |  0.84 |  0.99 |  0.89 |  0.86 |  1.11
        5206 |  1.12 |  1.03 |  0.84 |  0.99 |  0.89 |  0.86 |  1.11
        5206 |  1.12 |  1.03 |  0.84 |  0.99 |  0.89 |  0.86 |  1.11
        5206 |  1.12 |  1.03 |  0.84 |  0.99 |  0.89 |  0.86 |  1.11
        5206 |  1.12 |  1.03 |  0.84 |  0.99 |  0.89 |  0.86 |  1.11
        5206 |  1.12 |  1.03 |  0.84 |  0.99 |  0.89 |  0.86 |  1.11
        5206 |  1.12 |  1.03 |  0.84 |  0.99 |  0.89 |  0.86 |  1.11
        5206 |  1.12 |  1.03 |  0.84 |  0.99 |  0.89 |  0.86 |  1.11
        5206 |  1.12 |  1.03 |  0.84 |  0.99 |  0.89 |  0.86 |  1.11
        5206 |  1.12 |  1.03 |  0.84 |  0.99 |  0.89 |  0.86 |  1.11
        5206 |  1.12 |  1.03 |  0.84 |  0.99 |  0.89 |  0.86 |  1.11
        5206 |  1.12 |  1.03 |  0.84 |  0.99 |  0.89 |  0.86 |  1.11
        5206 |  1.12 |  1.03 |  0.84 |  0.99 |  0.89 |  0.86 |  1.11
        5206 |  1.12 |  1.03 |  0.84 |  0.99 |  0.89 |  0.86 |  1.11
        5206 |  1.12 |  1.03 |  0.84 |  0.99 |  0.89 |  0.86 |  1.11
        5206 |  1.12 |  1.03 |  0.84 |  0.99 |  0.89 |  0.86 |  1.11
        5206 |  1.12 |  1.03 |  0.84 |  0.99 |  0.89 |  0.86 |  1.11
        5206 |  1.12 |  1.03 |  0.84 |  0.99 |  0.89 |  0.86 |  1.11
        5206 |  1.12 |  1.03 |  0.84 |  0.99 |  0.89 |  0.86 |  1.11
        5206 |  1.12 |  1.03 |  0.84 |  0.99 |  0.89 |  0.86 |  1.11
        5206 |  1.12 |  1.03 |  0.84 |  0.99 |  0.89 |  0.86 |  1.11
        5206 |  1.12 |  1.03 |  0.84 |  0.99 |  0.89 |  0.86 |  1.11
        5206 |  1.12 |  1.03 |  0.84 |  0.99 |  0.89 |  0.86 |  1.11
        5206 |  1.12 |  1.03 |  0.84 |  0.99 |  0.89 |  0.86 |  1.11
        5206 |  1.12 |  1.03 |  0.84 |  0.99 |  0.89 |  0.86 |  1.11
        5207 |  0.84 |  1.06 |  1.02 |  0.91 |  0.96 |  1.01 |  1.06
        5207 |  0.84 |  1.06 |  1.02 |  0.91 |  0.96 |  1.01 |  1.06
        5207 |  0.84 |  1.06 |  1.02 |  0.91 |  0.96 |  1.01 |  1.06
        5207 |  0.84 |  1.06 |  1.02 |  0.91 |  0.96 |  1.01 |  1.06
        5207 |  0.84 |  1.06 |  1.02 |  0.91 |  0.96 |  1.01 |  1.06
        5207 |  0.84 |  1.06 |  1.02 |  0.91 |  0.96 |  1.01 |  1.06
        5207 |  0.84 |  1.06 |  1.02 |  0.91 |  0.96 |  1.01 |  1.06
        5207 |  0.84 |  1.06 |  1.02 |  0.91 |  0.96 |  1.01 |  1.06
        5207 |  0.84 |  1.06 |  1.02 |  0.91 |  0.96 |  1.01 |  1.06
        5207 |  0.84 |  1.06 |  1.02 |  0.91 |  0.96 |  1.01 |  1.06
        5207 |  0.84 |  1.06 |  1.02 |  0.91 |  0.96 |  1.01 |  1.06
        5207 |  0.84 |  1.06 |  1.02 |  0.91 |  0.96 |  1.01 |  1.06
        5207 |  0.84 |  1.06 |  1.02 |  0.91 |  0.96 |  1.01 |  1.06
        5207 |  0.84 |  1.06 |  1.02 |  0.91 |  0.96 |  1.01 |  1.06
        5207 |  0.84 |  1.06 |  1.02 |  0.91 |  0.96 |  1.01 |  1.06
        5207 |  0.84 |  1.06 |  1.02 |  0.91 |  0.96 |  1.01 |  1.06
        5207 |  0.84 |  1.06 |  1.02 |  0.91 |  0.96 |  1.01 |  1.06
        5207 |  0.84 |  1.06 |  1.02 |  0.91 |  0.96 |  1.01 |  1.06
        5207 |  0.84 |  1.06 |  1.02 |  0.91 |  0.96 |  1.01 |  1.06
        5207 |  0.84 |  1.06 |  1.02 |  0.91 |  0.96 |  1.01 |  1.06
        5207 |  0.84 |  1.06 |  1.02 |  0.91 |  0.96 |  1.01 |  1.06
        5207 |  0.84 |  1.06 |  1.02 |  0.91 |  0.96 |  1.01 |  1.06
        5207 |  0.84 |  1.06 |  1.02 |  0.91 |  0.96 |  1.01 |  1.06
        5207 |  0.84 |  1.06 |  1.02 |  0.91 |  0.96 |  1.01 |  1.06
        5207 |  0.84 |  1.06 |  1.02 |  0.91 |  0.96 |  1.01 |  1.06
        5207 |  0.84 |  1.06 |  1.02 |  0.91 |  0.96 |  1.01 |  1.06
        5207 |  0.84 |  1.06 |  1.02 |  0.91 |  0.96 |  1.01 |  1.06
        5207 |  0.84 |  1.06 |  1.02 |  0.91 |  0.96 |  1.01 |  1.06
        5207 |  0.84 |  1.06 |  1.02 |  0.91 |  0.96 |  1.01 |  1.06
        5207 |  0.84 |  1.06 |  1.02 |  0.91 |  0.96 |  1.01 |  1.06
        5207 |  0.84 |  1.06 |  1.02 |  0.91 |  0.96 |  1.01 |  1.06
        5207 |  0.84 |  1.06 |  1.02 |  0.91 |  0.96 |  1.01 |  1.06
        5207 |  0.84 |  1.06 |  1.02 |  0.91 |  0.96 |  1.01 |  1.06
        5207 |  0.84 |  1.06 |  1.02 |  0.91 |  0.96 |  1.01 |  1.06
        5207 |  0.84 |  1.06 |  1.02 |  0.91 |  0.96 |  1.01 |  1.06
        5207 |  0.84 |  1.06 |  1.02 |  0.91 |  0.96 |  1.01 |  1.06
        5207 |  0.84 |  1.06 |  1.02 |  0.91 |  0.96 |  1.01 |  1.06
        5207 |  0.84 |  1.06 |  1.02 |  0.91 |  0.96 |  1.01 |  1.06
        5207 |  0.84 |  1.06 |  1.02 |  0.91 |  0.96 |  1.01 |  1.06
        5207 |  0.84 |  1.06 |  1.02 |  0.91 |  0.96 |  1.01 |  1.06
        5207 |  0.84 |  1.06 |  1.02 |  0.91 |  0.96 |  1.01 |  1.06
        5207 |  0.84 |  1.06 |  1.02 |  0.91 |  0.96 |  1.01 |  1.06
        5207 |  0.84 |  1.06 |  1.02 |  0.91 |  0.96 |  1.01 |  1.06
        5207 |  0.84 |  1.06 |  1.02 |  0.91 |  0.96 |  1.01 |  1.06
        5207 |  0.84 |  1.06 |  1.02 |  0.91 |  0.96 |  1.01 |  1.06
        5207 |  0.84 |  1.06 |  1.02 |  0.91 |  0.96 |  1.01 |  1.06
        5207 |  0.84 |  1.06 |  1.02 |  0.91 |  0.96 |  1.01 |  1.06
        5207 |  0.84 |  1.06 |  1.02 |  0.91 |  0.96 |  1.01 |  1.06
        5207 |  0.84 |  1.06 |  1.02 |  0.91 |  0.96 |  1.01 |  1.06
        5208 |  0.98 |  0.99 |  1.17 |  0.98 |  1.12 |  1.04 |  1.06
        5208 |  0.98 |  0.99 |  1.17 |  0.98 |  1.12 |  1.04 |  1.06
        5208 |  0.98 |  0.99 |  1.17 |  0.98 |  1.12 |  1.04 |  1.06
        5208 |  0.98 |  0.99 |  1.17 |  0.98 |  1.12 |  1.04 |  1.06
        5208 |  0.98 |  0.99 |  1.17 |  0.98 |  1.12 |  1.04 |  1.06
        5208 |  0.98 |  0.99 |  1.17 |  0.98 |  1.12 |  1.04 |  1.06
        5208 |  0.98 |  0.99 |  1.17 |  0.98 |  1.12 |  1.04 |  1.06
        5208 |  0.98 |  0.99 |  1.17 |  0.98 |  1.12 |  1.04 |  1.06
        5208 |  0.98 |  0.99 |  1.17 |  0.98 |  1.12 |  1.04 |  1.06
        5208 |  0.98 |  0.99 |  1.17 |  0.98 |  1.12 |  1.04 |  1.06
        5208 |  0.98 |  0.99 |  1.17 |  0.98 |  1.12 |  1.04 |  1.06
        5208 |  0.98 |  0.99 |  1.17 |  0.98 |  1.12 |  1.04 |  1.06
        5208 |  0.98 |  0.99 |  1.17 |  0.98 |  1.12 |  1.04 |  1.06
        5208 |  0.98 |  0.99 |  1.17 |  0.98 |  1.12 |  1.04 |  1.06
        5208 |  0.98 |  0.99 |  1.17 |  0.98 |  1.12 |  1.04 |  1.06
        5208 |  0.98 |  0.99 |  1.17 |  0.98 |  1.12 |  1.04 |  1.06
        5208 |  0.98 |  0.99 |  1.17 |  0.98 |  1.12 |  1.04 |  1.06
        5208 |  0.98 |  0.99 |  1.17 |  0.98 |  1.12 |  1.04 |  1.06
        5208 |  0.98 |  0.99 |  1.17 |  0.98 |  1.12 |  1.04 |  1.06
        5208 |  0.98 |  0.99 |  1.17 |  0.98 |  1.12 |  1.04 |  1.06
        5208 |  0.98 |  0.99 |  1.17 |  0.98 |  1.12 |  1.04 |  1.06
        5208 |  0.98 |  0.99 |  1.17 |  0.98 |  1.12 |  1.04 |  1.06
        5208 |  0.98 |  0.99 |  1.17 |  0.98 |  1.12 |  1.04 |  1.06
        5208 |  0.98 |  0.99 |  1.17 |  0.98 |  1.12 |  1.04 |  1.06
        5208 |  0.98 |  0.99 |  1.17 |  0.98 |  1.12 |  1.04 |  1.06
        5208 |  0.98 |  0.99 |  1.17 |  0.98 |  1.12 |  1.04 |  1.06
        5208 |  0.98 |  0.99 |  1.17 |  0.98 |  1.12 |  1.04 |  1.06
        5208 |  0.98 |  0.99 |  1.17 |  0.98 |  1.12 |  1.04 |  1.06
        5208 |  0.98 |  0.99 |  1.17 |  0.98 |  1.12 |  1.04 |  1.06
        5208 |  0.98 |  0.99 |  1.17 |  0.98 |  1.12 |  1.04 |  1.06
        5208 |  0.98 |  0.99 |  1.17 |  0.98 |  1.12 |  1.04 |  1.06
        5208 |  0.98 |  0.99 |  1.17 |  0.98 |  1.12 |  1.04 |  1.06
        5208 |  0.98 |  0.99 |  1.17 |  0.98 |  1.12 |  1.04 |  1.06
        5208 |  0.98 |  0.99 |  1.17 |  0.98 |  1.12 |  1.04 |  1.06
        5208 |  0.98 |  0.99 |  1.17 |  0.98 |  1.12 |  1.04 |  1.06
        5208 |  0.98 |  0.99 |  1.17 |  0.98 |  1.12 |  1.04 |  1.06
        5208 |  0.98 |  0.99 |  1.17 |  0.98 |  1.12 |  1.04 |  1.06
        5208 |  0.98 |  0.99 |  1.17 |  0.98 |  1.12 |  1.04 |  1.06
        5208 |  0.98 |  0.99 |  1.17 |  0.98 |  1.12 |  1.04 |  1.06
        5208 |  0.98 |  0.99 |  1.17 |  0.98 |  1.12 |  1.04 |  1.06
        5208 |  0.98 |  0.99 |  1.17 |  0.98 |  1.12 |  1.04 |  1.06
        5208 |  0.98 |  0.99 |  1.17 |  0.98 |  1.12 |  1.04 |  1.06
        5208 |  0.98 |  0.99 |  1.17 |  0.98 |  1.12 |  1.04 |  1.06
        5208 |  0.98 |  0.99 |  1.17 |  0.98 |  1.12 |  1.04 |  1.06
        5208 |  0.98 |  0.99 |  1.17 |  0.98 |  1.12 |  1.04 |  1.06
        5208 |  0.98 |  0.99 |  1.17 |  0.98 |  1.12 |  1.04 |  1.06
        5208 |  0.98 |  0.99 |  1.17 |  0.98 |  1.12 |  1.04 |  1.06
        5208 |  0.98 |  0.99 |  1.17 |  0.98 |  1.12 |  1.04 |  1.06
        5208 |  0.98 |  0.99 |  1.17 |  0.98 |  1.12 |  1.04 |  1.06
        5209 |  0.66 |  0.62 |  1.15 |  0.76 |  0.66 |  0.69 |  0.74
        5209 |  0.66 |  0.62 |  1.15 |  0.76 |  0.66 |  0.69 |  0.74
        5209 |  0.66 |  0.62 |  1.15 |  0.76 |  0.66 |  0.69 |  0.74
        5209 |  0.66 |  0.62 |  1.15 |  0.76 |  0.66 |  0.69 |  0.74
        5209 |  0.66 |  0.62 |  1.15 |  0.76 |  0.66 |  0.69 |  0.74
        5209 |  0.66 |  0.62 |  1.15 |  0.76 |  0.66 |  0.69 |  0.74
        5209 |  0.66 |  0.62 |  1.15 |  0.76 |  0.66 |  0.69 |  0.74
        5209 |  0.66 |  0.62 |  1.15 |  0.76 |  0.66 |  0.69 |  0.74
        5209 |  0.66 |  0.62 |  1.15 |  0.76 |  0.66 |  0.69 |  0.74
        5209 |  0.66 |  0.62 |  1.15 |  0.76 |  0.66 |  0.69 |  0.74
        5209 |  0.66 |  0.62 |  1.15 |  0.76 |  0.66 |  0.69 |  0.74
        5209 |  0.66 |  0.62 |  1.15 |  0.76 |  0.66 |  0.69 |  0.74
        5209 |  0.66 |  0.62 |  1.15 |  0.76 |  0.66 |  0.69 |  0.74
        5209 |  0.66 |  0.62 |  1.15 |  0.76 |  0.66 |  0.69 |  0.74
        5209 |  0.66 |  0.62 |  1.15 |  0.76 |  0.66 |  0.69 |  0.74
        5209 |  0.66 |  0.62 |  1.15 |  0.76 |  0.66 |  0.69 |  0.74
        5209 |  0.66 |  0.62 |  1.15 |  0.76 |  0.66 |  0.69 |  0.74
        5209 |  0.66 |  0.62 |  1.15 |  0.76 |  0.66 |  0.69 |  0.74
        5209 |  0.66 |  0.62 |  1.15 |  0.76 |  0.66 |  0.69 |  0.74
        5209 |  0.66 |  0.62 |  1.15 |  0.76 |  0.66 |  0.69 |  0.74
        5209 |  0.66 |  0.62 |  1.15 |  0.76 |  0.66 |  0.69 |  0.74
        5209 |  0.66 |  0.62 |  1.15 |  0.76 |  0.66 |  0.69 |  0.74
        5209 |  0.66 |  0.62 |  1.15 |  0.76 |  0.66 |  0.69 |  0.74
        5209 |  0.66 |  0.62 |  1.15 |  0.76 |  0.66 |  0.69 |  0.74
        5209 |  0.66 |  0.62 |  1.15 |  0.76 |  0.66 |  0.69 |  0.74
        5209 |  0.66 |  0.62 |  1.15 |  0.76 |  0.66 |  0.69 |  0.74
        5209 |  0.66 |  0.62 |  1.15 |  0.76 |  0.66 |  0.69 |  0.74
        5209 |  0.66 |  0.62 |  1.15 |  0.76 |  0.66 |  0.69 |  0.74
        5209 |  0.66 |  0.62 |  1.15 |  0.76 |  0.66 |  0.69 |  0.74
        5209 |  0.66 |  0.62 |  1.15 |  0.76 |  0.66 |  0.69 |  0.74
        5209 |  0.66 |  0.62 |  1.15 |  0.76 |  0.66 |  0.69 |  0.74
        5209 |  0.66 |  0.62 |  1.15 |  0.76 |  0.66 |  0.69 |  0.74
        5209 |  0.66 |  0.62 |  1.15 |  0.76 |  0.66 |  0.69 |  0.74
        5209 |  0.66 |  0.62 |  1.15 |  0.76 |  0.66 |  0.69 |  0.74
        5209 |  0.66 |  0.62 |  1.15 |  0.76 |  0.66 |  0.69 |  0.74
        5209 |  0.66 |  0.62 |  1.15 |  0.76 |  0.66 |  0.69 |  0.74
        5209 |  0.66 |  0.62 |  1.15 |  0.76 |  0.66 |  0.69 |  0.74
        5209 |  0.66 |  0.62 |  1.15 |  0.76 |  0.66 |  0.69 |  0.74
        5209 |  0.66 |  0.62 |  1.15 |  0.76 |  0.66 |  0.69 |  0.74
        5209 |  0.66 |  0.62 |  1.15 |  0.76 |  0.66 |  0.69 |  0.74
        5209 |  0.66 |  0.62 |  1.15 |  0.76 |  0.66 |  0.69 |  0.74
        5209 |  0.66 |  0.62 |  1.15 |  0.76 |  0.66 |  0.69 |  0.74
        5209 |  0.66 |  0.62 |  1.15 |  0.76 |  0.66 |  0.69 |  0.74
        5209 |  0.66 |  0.62 |  1.15 |  0.76 |  0.66 |  0.69 |  0.74
        5209 |  0.66 |  0.62 |  1.15 |  0.76 |  0.66 |  0.69 |  0.74
        5209 |  0.66 |  0.62 |  1.15 |  0.76 |  0.66 |  0.69 |  0.74
        5209 |  0.66 |  0.62 |  1.15 |  0.76 |  0.66 |  0.69 |  0.74
        5209 |  0.66 |  0.62 |  1.15 |  0.76 |  0.66 |  0.69 |  0.74
        5209 |  0.66 |  0.62 |  1.15 |  0.76 |  0.66 |  0.69 |  0.74
        5210 |  0.91 |  1.06 |  0.78 |  1.03 |  1.09 |  1.03 |  1.08
        5210 |  0.91 |  1.06 |  0.78 |  1.03 |  1.09 |  1.03 |  1.08
        5210 |  0.91 |  1.06 |  0.78 |  1.03 |  1.09 |  1.03 |  1.08
        5210 |  0.91 |  1.06 |  0.78 |  1.03 |  1.09 |  1.03 |  1.08
        5210 |  0.91 |  1.06 |  0.78 |  1.03 |  1.09 |  1.03 |  1.08
        5210 |  0.91 |  1.06 |  0.78 |  1.03 |  1.09 |  1.03 |  1.08
        5210 |  0.91 |  1.06 |  0.78 |  1.03 |  1.09 |  1.03 |  1.08
        5210 |  0.91 |  1.06 |  0.78 |  1.03 |  1.09 |  1.03 |  1.08
        5210 |  0.91 |  1.06 |  0.78 |  1.03 |  1.09 |  1.03 |  1.08
        5210 |  0.91 |  1.06 |  0.78 |  1.03 |  1.09 |  1.03 |  1.08
        5210 |  0.91 |  1.06 |  0.78 |  1.03 |  1.09 |  1.03 |  1.08
        5210 |  0.91 |  1.06 |  0.78 |  1.03 |  1.09 |  1.03 |  1.08
        5210 |  0.91 |  1.06 |  0.78 |  1.03 |  1.09 |  1.03 |  1.08
        5210 |  0.91 |  1.06 |  0.78 |  1.03 |  1.09 |  1.03 |  1.08
        5210 |  0.91 |  1.06 |  0.78 |  1.03 |  1.09 |  1.03 |  1.08
        5210 |  0.91 |  1.06 |  0.78 |  1.03 |  1.09 |  1.03 |  1.08
        5210 |  0.91 |  1.06 |  0.78 |  1.03 |  1.09 |  1.03 |  1.08
        5210 |  0.91 |  1.06 |  0.78 |  1.03 |  1.09 |  1.03 |  1.08
        5210 |  0.91 |  1.06 |  0.78 |  1.03 |  1.09 |  1.03 |  1.08
        5210 |  0.91 |  1.06 |  0.78 |  1.03 |  1.09 |  1.03 |  1.08
        5210 |  0.91 |  1.06 |  0.78 |  1.03 |  1.09 |  1.03 |  1.08
        5210 |  0.91 |  1.06 |  0.78 |  1.03 |  1.09 |  1.03 |  1.08
        5210 |  0.91 |  1.06 |  0.78 |  1.03 |  1.09 |  1.03 |  1.08
        5210 |  0.91 |  1.06 |  0.78 |  1.03 |  1.09 |  1.03 |  1.08
        5210 |  0.91 |  1.06 |  0.78 |  1.03 |  1.09 |  1.03 |  1.08
        5210 |  0.91 |  1.06 |  0.78 |  1.03 |  1.09 |  1.03 |  1.08
        5210 |  0.91 |  1.06 |  0.78 |  1.03 |  1.09 |  1.03 |  1.08
        5210 |  0.91 |  1.06 |  0.78 |  1.03 |  1.09 |  1.03 |  1.08
        5210 |  0.91 |  1.06 |  0.78 |  1.03 |  1.09 |  1.03 |  1.08
        5210 |  0.91 |  1.06 |  0.78 |  1.03 |  1.09 |  1.03 |  1.08
        5210 |  0.91 |  1.06 |  0.78 |  1.03 |  1.09 |  1.03 |  1.08
        5210 |  0.91 |  1.06 |  0.78 |  1.03 |  1.09 |  1.03 |  1.08
        5210 |  0.91 |  1.06 |  0.78 |  1.03 |  1.09 |  1.03 |  1.08
        5210 |  0.91 |  1.06 |  0.78 |  1.03 |  1.09 |  1.03 |  1.08
        5210 |  0.91 |  1.06 |  0.78 |  1.03 |  1.09 |  1.03 |  1.08
        5210 |  0.91 |  1.06 |  0.78 |  1.03 |  1.09 |  1.03 |  1.08
        5210 |  0.91 |  1.06 |  0.78 |  1.03 |  1.09 |  1.03 |  1.08
        5210 |  0.91 |  1.06 |  0.78 |  1.03 |  1.09 |  1.03 |  1.08
        5210 |  0.91 |  1.06 |  0.78 |  1.03 |  1.09 |  1.03 |  1.08
        5210 |  0.91 |  1.06 |  0.78 |  1.03 |  1.09 |  1.03 |  1.08
        5210 |  0.91 |  1.06 |  0.78 |  1.03 |  1.09 |  1.03 |  1.08
        5210 |  0.91 |  1.06 |  0.78 |  1.03 |  1.09 |  1.03 |  1.08
        5210 |  0.91 |  1.06 |  0.78 |  1.03 |  1.09 |  1.03 |  1.08
        5210 |  0.91 |  1.06 |  0.78 |  1.03 |  1.09 |  1.03 |  1.08
        5210 |  0.91 |  1.06 |  0.78 |  1.03 |  1.09 |  1.03 |  1.08
        5210 |  0.91 |  1.06 |  0.78 |  1.03 |  1.09 |  1.03 |  1.08
        5210 |  0.91 |  1.06 |  0.78 |  1.03 |  1.09 |  1.03 |  1.08
        5210 |  0.91 |  1.06 |  0.78 |  1.03 |  1.09 |  1.03 |  1.08
        5210 |  0.91 |  1.06 |  0.78 |  1.03 |  1.09 |  1.03 |  1.08
        5211 |  1.02 |  1.09 |  0.91 |  1.01 |  1.02 |  1.08 |  0.94
        5211 |  1.02 |  1.09 |  0.91 |  1.01 |  1.02 |  1.08 |  0.94
        5211 |  1.02 |  1.09 |  0.91 |  1.01 |  1.02 |  1.08 |  0.94
        5211 |  1.02 |  1.09 |  0.91 |  1.01 |  1.02 |  1.08 |  0.94
        5211 |  1.02 |  1.09 |  0.91 |  1.01 |  1.02 |  1.08 |  0.94
        5211 |  1.02 |  1.09 |  0.91 |  1.01 |  1.02 |  1.08 |  0.94
        5211 |  1.02 |  1.09 |  0.91 |  1.01 |  1.02 |  1.08 |  0.94
        5211 |  1.02 |  1.09 |  0.91 |  1.01 |  1.02 |  1.08 |  0.94
        5211 |  1.02 |  1.09 |  0.91 |  1.01 |  1.02 |  1.08 |  0.94
        5211 |  1.02 |  1.09 |  0.91 |  1.01 |  1.02 |  1.08 |  0.94
        5211 |  1.02 |  1.09 |  0.91 |  1.01 |  1.02 |  1.08 |  0.94
        5211 |  1.02 |  1.09 |  0.91 |  1.01 |  1.02 |  1.08 |  0.94
        5211 |  1.02 |  1.09 |  0.91 |  1.01 |  1.02 |  1.08 |  0.94
        5211 |  1.02 |  1.09 |  0.91 |  1.01 |  1.02 |  1.08 |  0.94
        5211 |  1.02 |  1.09 |  0.91 |  1.01 |  1.02 |  1.08 |  0.94
        5211 |  1.02 |  1.09 |  0.91 |  1.01 |  1.02 |  1.08 |  0.94
        5211 |  1.02 |  1.09 |  0.91 |  1.01 |  1.02 |  1.08 |  0.94
        5211 |  1.02 |  1.09 |  0.91 |  1.01 |  1.02 |  1.08 |  0.94
        5211 |  1.02 |  1.09 |  0.91 |  1.01 |  1.02 |  1.08 |  0.94
        5211 |  1.02 |  1.09 |  0.91 |  1.01 |  1.02 |  1.08 |  0.94
        5211 |  1.02 |  1.09 |  0.91 |  1.01 |  1.02 |  1.08 |  0.94
        5211 |  1.02 |  1.09 |  0.91 |  1.01 |  1.02 |  1.08 |  0.94
        5211 |  1.02 |  1.09 |  0.91 |  1.01 |  1.02 |  1.08 |  0.94
        5211 |  1.02 |  1.09 |  0.91 |  1.01 |  1.02 |  1.08 |  0.94
        5211 |  1.02 |  1.09 |  0.91 |  1.01 |  1.02 |  1.08 |  0.94
        5211 |  1.02 |  1.09 |  0.91 |  1.01 |  1.02 |  1.08 |  0.94
        5211 |  1.02 |  1.09 |  0.91 |  1.01 |  1.02 |  1.08 |  0.94
        5211 |  1.02 |  1.09 |  0.91 |  1.01 |  1.02 |  1.08 |  0.94
        5211 |  1.02 |  1.09 |  0.91 |  1.01 |  1.02 |  1.08 |  0.94
        5211 |  1.02 |  1.09 |  0.91 |  1.01 |  1.02 |  1.08 |  0.94
        5211 |  1.02 |  1.09 |  0.91 |  1.01 |  1.02 |  1.08 |  0.94
        5211 |  1.02 |  1.09 |  0.91 |  1.01 |  1.02 |  1.08 |  0.94
        5211 |  1.02 |  1.09 |  0.91 |  1.01 |  1.02 |  1.08 |  0.94
        5211 |  1.02 |  1.09 |  0.91 |  1.01 |  1.02 |  1.08 |  0.94
        5211 |  1.02 |  1.09 |  0.91 |  1.01 |  1.02 |  1.08 |  0.94
        5211 |  1.02 |  1.09 |  0.91 |  1.01 |  1.02 |  1.08 |  0.94
        5211 |  1.02 |  1.09 |  0.91 |  1.01 |  1.02 |  1.08 |  0.94
        5211 |  1.02 |  1.09 |  0.91 |  1.01 |  1.02 |  1.08 |  0.94
        5211 |  1.02 |  1.09 |  0.91 |  1.01 |  1.02 |  1.08 |  0.94
        5211 |  1.02 |  1.09 |  0.91 |  1.01 |  1.02 |  1.08 |  0.94
        5211 |  1.02 |  1.09 |  0.91 |  1.01 |  1.02 |  1.08 |  0.94
        5211 |  1.02 |  1.09 |  0.91 |  1.01 |  1.02 |  1.08 |  0.94
        5211 |  1.02 |  1.09 |  0.91 |  1.01 |  1.02 |  1.08 |  0.94
        5211 |  1.02 |  1.09 |  0.91 |  1.01 |  1.02 |  1.08 |  0.94
        5211 |  1.02 |  1.09 |  0.91 |  1.01 |  1.02 |  1.08 |  0.94
        5211 |  1.02 |  1.09 |  0.91 |  1.01 |  1.02 |  1.08 |  0.94
        5211 |  1.02 |  1.09 |  0.91 |  1.01 |  1.02 |  1.08 |  0.94
        5211 |  1.02 |  1.09 |  0.91 |  1.01 |  1.02 |  1.08 |  0.94
        5211 |  1.02 |  1.09 |  0.91 |  1.01 |  1.02 |  1.08 |  0.94
        5212 |  0.81 |  0.96 |  1.08 |  0.96 |  0.99 |  0.96 |  1.00
        5212 |  0.81 |  0.96 |  1.08 |  0.96 |  0.99 |  0.96 |  1.00
        5212 |  0.81 |  0.96 |  1.08 |  0.96 |  0.99 |  0.96 |  1.00
        5212 |  0.81 |  0.96 |  1.08 |  0.96 |  0.99 |  0.96 |  1.00
        5212 |  0.81 |  0.96 |  1.08 |  0.96 |  0.99 |  0.96 |  1.00
        5212 |  0.81 |  0.96 |  1.08 |  0.96 |  0.99 |  0.96 |  1.00
        5212 |  0.81 |  0.96 |  1.08 |  0.96 |  0.99 |  0.96 |  1.00
        5212 |  0.81 |  0.96 |  1.08 |  0.96 |  0.99 |  0.96 |  1.00
        5212 |  0.81 |  0.96 |  1.08 |  0.96 |  0.99 |  0.96 |  1.00
        5212 |  0.81 |  0.96 |  1.08 |  0.96 |  0.99 |  0.96 |  1.00
        5212 |  0.81 |  0.96 |  1.08 |  0.96 |  0.99 |  0.96 |  1.00
        5212 |  0.81 |  0.96 |  1.08 |  0.96 |  0.99 |  0.96 |  1.00
        5212 |  0.81 |  0.96 |  1.08 |  0.96 |  0.99 |  0.96 |  1.00
        5212 |  0.81 |  0.96 |  1.08 |  0.96 |  0.99 |  0.96 |  1.00
        5212 |  0.81 |  0.96 |  1.08 |  0.96 |  0.99 |  0.96 |  1.00
        5212 |  0.81 |  0.96 |  1.08 |  0.96 |  0.99 |  0.96 |  1.00
        5212 |  0.81 |  0.96 |  1.08 |  0.96 |  0.99 |  0.96 |  1.00
        5212 |  0.81 |  0.96 |  1.08 |  0.96 |  0.99 |  0.96 |  1.00
        5212 |  0.81 |  0.96 |  1.08 |  0.96 |  0.99 |  0.96 |  1.00
        5212 |  0.81 |  0.96 |  1.08 |  0.96 |  0.99 |  0.96 |  1.00
        5212 |  0.81 |  0.96 |  1.08 |  0.96 |  0.99 |  0.96 |  1.00
        5212 |  0.81 |  0.96 |  1.08 |  0.96 |  0.99 |  0.96 |  1.00
        5212 |  0.81 |  0.96 |  1.08 |  0.96 |  0.99 |  0.96 |  1.00
        5212 |  0.81 |  0.96 |  1.08 |  0.96 |  0.99 |  0.96 |  1.00
        5212 |  0.81 |  0.96 |  1.08 |  0.96 |  0.99 |  0.96 |  1.00
        5212 |  0.81 |  0.96 |  1.08 |  0.96 |  0.99 |  0.96 |  1.00
        5212 |  0.81 |  0.96 |  1.08 |  0.96 |  0.99 |  0.96 |  1.00
        5212 |  0.81 |  0.96 |  1.08 |  0.96 |  0.99 |  0.96 |  1.00
        5212 |  0.81 |  0.96 |  1.08 |  0.96 |  0.99 |  0.96 |  1.00
        5212 |  0.81 |  0.96 |  1.08 |  0.96 |  0.99 |  0.96 |  1.00
        5212 |  0.81 |  0.96 |  1.08 |  0.96 |  0.99 |  0.96 |  1.00
        5212 |  0.81 |  0.96 |  1.08 |  0.96 |  0.99 |  0.96 |  1.00
        5212 |  0.81 |  0.96 |  1.08 |  0.96 |  0.99 |  0.96 |  1.00
        5212 |  0.81 |  0.96 |  1.08 |  0.96 |  0.99 |  0.96 |  1.00
        5212 |  0.81 |  0.96 |  1.08 |  0.96 |  0.99 |  0.96 |  1.00
        5212 |  0.81 |  0.96 |  1.08 |  0.96 |  0.99 |  0.96 |  1.00
        5212 |  0.81 |  0.96 |  1.08 |  0.96 |  0.99 |  0.96 |  1.00
        5212 |  0.81 |  0.96 |  1.08 |  0.96 |  0.99 |  0.96 |  1.00
        5212 |  0.81 |  0.96 |  1.08 |  0.96 |  0.99 |  0.96 |  1.00
        5212 |  0.81 |  0.96 |  1.08 |  0.96 |  0.99 |  0.96 |  1.00
        5212 |  0.81 |  0.96 |  1.08 |  0.96 |  0.99 |  0.96 |  1.00
        5212 |  0.81 |  0.96 |  1.08 |  0.96 |  0.99 |  0.96 |  1.00
        5212 |  0.81 |  0.96 |  1.08 |  0.96 |  0.99 |  0.96 |  1.00
        5212 |  0.81 |  0.96 |  1.08 |  0.96 |  0.99 |  0.96 |  1.00
        5212 |  0.81 |  0.96 |  1.08 |  0.96 |  0.99 |  0.96 |  1.00
        5212 |  0.81 |  0.96 |  1.08 |  0.96 |  0.99 |  0.96 |  1.00
        5212 |  0.81 |  0.96 |  1.08 |  0.96 |  0.99 |  0.96 |  1.00
        5212 |  0.81 |  0.96 |  1.08 |  0.96 |  0.99 |  0.96 |  1.00
        5212 |  0.81 |  0.96 |  1.08 |  0.96 |  0.99 |  0.96 |  1.00
        5213 |  1.05 |  1.01 |  0.91 |  0.92 |  0.92 |  0.96 |  0.98
        5213 |  1.05 |  1.01 |  0.91 |  0.92 |  0.92 |  0.96 |  0.98
        5213 |  1.05 |  1.01 |  0.91 |  0.92 |  0.92 |  0.96 |  0.98
        5213 |  1.05 |  1.01 |  0.91 |  0.92 |  0.92 |  0.96 |  0.98
        5213 |  1.05 |  1.01 |  0.91 |  0.92 |  0.92 |  0.96 |  0.98
        5213 |  1.05 |  1.01 |  0.91 |  0.92 |  0.92 |  0.96 |  0.98
        5213 |  1.05 |  1.01 |  0.91 |  0.92 |  0.92 |  0.96 |  0.98
        5213 |  1.05 |  1.01 |  0.91 |  0.92 |  0.92 |  0.96 |  0.98
        5213 |  1.05 |  1.01 |  0.91 |  0.92 |  0.92 |  0.96 |  0.98
        5213 |  1.05 |  1.01 |  0.91 |  0.92 |  0.92 |  0.96 |  0.98
        5213 |  1.05 |  1.01 |  0.91 |  0.92 |  0.92 |  0.96 |  0.98
        5213 |  1.05 |  1.01 |  0.91 |  0.92 |  0.92 |  0.96 |  0.98
        5213 |  1.05 |  1.01 |  0.91 |  0.92 |  0.92 |  0.96 |  0.98
        5213 |  1.05 |  1.01 |  0.91 |  0.92 |  0.92 |  0.96 |  0.98
        5213 |  1.05 |  1.01 |  0.91 |  0.92 |  0.92 |  0.96 |  0.98
        5213 |  1.05 |  1.01 |  0.91 |  0.92 |  0.92 |  0.96 |  0.98
        5213 |  1.05 |  1.01 |  0.91 |  0.92 |  0.92 |  0.96 |  0.98
        5213 |  1.05 |  1.01 |  0.91 |  0.92 |  0.92 |  0.96 |  0.98
        5213 |  1.05 |  1.01 |  0.91 |  0.92 |  0.92 |  0.96 |  0.98
        5213 |  1.05 |  1.01 |  0.91 |  0.92 |  0.92 |  0.96 |  0.98
        5213 |  1.05 |  1.01 |  0.91 |  0.92 |  0.92 |  0.96 |  0.98
        5213 |  1.05 |  1.01 |  0.91 |  0.92 |  0.92 |  0.96 |  0.98
        5213 |  1.05 |  1.01 |  0.91 |  0.92 |  0.92 |  0.96 |  0.98
        5213 |  1.05 |  1.01 |  0.91 |  0.92 |  0.92 |  0.96 |  0.98
        5213 |  1.05 |  1.01 |  0.91 |  0.92 |  0.92 |  0.96 |  0.98
        5213 |  1.05 |  1.01 |  0.91 |  0.92 |  0.92 |  0.96 |  0.98
        5213 |  1.05 |  1.01 |  0.91 |  0.92 |  0.92 |  0.96 |  0.98
        5213 |  1.05 |  1.01 |  0.91 |  0.92 |  0.92 |  0.96 |  0.98
        5213 |  1.05 |  1.01 |  0.91 |  0.92 |  0.92 |  0.96 |  0.98
        5213 |  1.05 |  1.01 |  0.91 |  0.92 |  0.92 |  0.96 |  0.98
        5213 |  1.05 |  1.01 |  0.91 |  0.92 |  0.92 |  0.96 |  0.98
        5213 |  1.05 |  1.01 |  0.91 |  0.92 |  0.92 |  0.96 |  0.98
        5213 |  1.05 |  1.01 |  0.91 |  0.92 |  0.92 |  0.96 |  0.98
        5213 |  1.05 |  1.01 |  0.91 |  0.92 |  0.92 |  0.96 |  0.98
        5213 |  1.05 |  1.01 |  0.91 |  0.92 |  0.92 |  0.96 |  0.98
        5213 |  1.05 |  1.01 |  0.91 |  0.92 |  0.92 |  0.96 |  0.98
        5213 |  1.05 |  1.01 |  0.91 |  0.92 |  0.92 |  0.96 |  0.98
        5213 |  1.05 |  1.01 |  0.91 |  0.92 |  0.92 |  0.96 |  0.98
        5213 |  1.05 |  1.01 |  0.91 |  0.92 |  0.92 |  0.96 |  0.98
        5213 |  1.05 |  1.01 |  0.91 |  0.92 |  0.92 |  0.96 |  0.98
        5213 |  1.05 |  1.01 |  0.91 |  0.92 |  0.92 |  0.96 |  0.98
        5213 |  1.05 |  1.01 |  0.91 |  0.92 |  0.92 |  0.96 |  0.98
        5213 |  1.05 |  1.01 |  0.91 |  0.92 |  0.92 |  0.96 |  0.98
        5213 |  1.05 |  1.01 |  0.91 |  0.92 |  0.92 |  0.96 |  0.98
        5213 |  1.05 |  1.01 |  0.91 |  0.92 |  0.92 |  0.96 |  0.98
        5213 |  1.05 |  1.01 |  0.91 |  0.92 |  0.92 |  0.96 |  0.98
        5213 |  1.05 |  1.01 |  0.91 |  0.92 |  0.92 |  0.96 |  0.98
        5213 |  1.05 |  1.01 |  0.91 |  0.92 |  0.92 |  0.96 |  0.98
        5213 |  1.05 |  1.01 |  0.91 |  0.92 |  0.92 |  0.96 |  0.98
        5214 |  0.97 |  1.09 |  1.07 |  0.98 |  0.93 |  0.98 |  0.99
        5214 |  0.97 |  1.09 |  1.07 |  0.98 |  0.93 |  0.98 |  0.99
        5214 |  0.97 |  1.09 |  1.07 |  0.98 |  0.93 |  0.98 |  0.99
        5214 |  0.97 |  1.09 |  1.07 |  0.98 |  0.93 |  0.98 |  0.99
        5214 |  0.97 |  1.09 |  1.07 |  0.98 |  0.93 |  0.98 |  0.99
        5214 |  0.97 |  1.09 |  1.07 |  0.98 |  0.93 |  0.98 |  0.99
        5214 |  0.97 |  1.09 |  1.07 |  0.98 |  0.93 |  0.98 |  0.99
        5214 |  0.97 |  1.09 |  1.07 |  0.98 |  0.93 |  0.98 |  0.99
        5214 |  0.97 |  1.09 |  1.07 |  0.98 |  0.93 |  0.98 |  0.99
        5214 |  0.97 |  1.09 |  1.07 |  0.98 |  0.93 |  0.98 |  0.99
        5214 |  0.97 |  1.09 |  1.07 |  0.98 |  0.93 |  0.98 |  0.99
        5214 |  0.97 |  1.09 |  1.07 |  0.98 |  0.93 |  0.98 |  0.99
        5214 |  0.97 |  1.09 |  1.07 |  0.98 |  0.93 |  0.98 |  0.99
        5214 |  0.97 |  1.09 |  1.07 |  0.98 |  0.93 |  0.98 |  0.99
        5214 |  0.97 |  1.09 |  1.07 |  0.98 |  0.93 |  0.98 |  0.99
        5214 |  0.97 |  1.09 |  1.07 |  0.98 |  0.93 |  0.98 |  0.99
        5214 |  0.97 |  1.09 |  1.07 |  0.98 |  0.93 |  0.98 |  0.99
        5214 |  0.97 |  1.09 |  1.07 |  0.98 |  0.93 |  0.98 |  0.99
        5214 |  0.97 |  1.09 |  1.07 |  0.98 |  0.93 |  0.98 |  0.99
        5214 |  0.97 |  1.09 |  1.07 |  0.98 |  0.93 |  0.98 |  0.99
        5214 |  0.97 |  1.09 |  1.07 |  0.98 |  0.93 |  0.98 |  0.99
        5214 |  0.97 |  1.09 |  1.07 |  0.98 |  0.93 |  0.98 |  0.99
        5214 |  0.97 |  1.09 |  1.07 |  0.98 |  0.93 |  0.98 |  0.99
        5214 |  0.97 |  1.09 |  1.07 |  0.98 |  0.93 |  0.98 |  0.99
        5214 |  0.97 |  1.09 |  1.07 |  0.98 |  0.93 |  0.98 |  0.99
        5214 |  0.97 |  1.09 |  1.07 |  0.98 |  0.93 |  0.98 |  0.99
        5214 |  0.97 |  1.09 |  1.07 |  0.98 |  0.93 |  0.98 |  0.99
        5214 |  0.97 |  1.09 |  1.07 |  0.98 |  0.93 |  0.98 |  0.99
        5214 |  0.97 |  1.09 |  1.07 |  0.98 |  0.93 |  0.98 |  0.99
        5214 |  0.97 |  1.09 |  1.07 |  0.98 |  0.93 |  0.98 |  0.99
        5214 |  0.97 |  1.09 |  1.07 |  0.98 |  0.93 |  0.98 |  0.99
        5214 |  0.97 |  1.09 |  1.07 |  0.98 |  0.93 |  0.98 |  0.99
        5214 |  0.97 |  1.09 |  1.07 |  0.98 |  0.93 |  0.98 |  0.99
        5214 |  0.97 |  1.09 |  1.07 |  0.98 |  0.93 |  0.98 |  0.99
        5214 |  0.97 |  1.09 |  1.07 |  0.98 |  0.93 |  0.98 |  0.99
        5214 |  0.97 |  1.09 |  1.07 |  0.98 |  0.93 |  0.98 |  0.99
        5214 |  0.97 |  1.09 |  1.07 |  0.98 |  0.93 |  0.98 |  0.99
        5214 |  0.97 |  1.09 |  1.07 |  0.98 |  0.93 |  0.98 |  0.99
        5214 |  0.97 |  1.09 |  1.07 |  0.98 |  0.93 |  0.98 |  0.99
        5214 |  0.97 |  1.09 |  1.07 |  0.98 |  0.93 |  0.98 |  0.99
        5214 |  0.97 |  1.09 |  1.07 |  0.98 |  0.93 |  0.98 |  0.99
        5214 |  0.97 |  1.09 |  1.07 |  0.98 |  0.93 |  0.98 |  0.99
        5214 |  0.97 |  1.09 |  1.07 |  0.98 |  0.93 |  0.98 |  0.99
        5214 |  0.97 |  1.09 |  1.07 |  0.98 |  0.93 |  0.98 |  0.99
        5214 |  0.97 |  1.09 |  1.07 |  0.98 |  0.93 |  0.98 |  0.99
        5214 |  0.97 |  1.09 |  1.07 |  0.98 |  0.93 |  0.98 |  0.99
        5214 |  0.97 |  1.09 |  1.07 |  0.98 |  0.93 |  0.98 |  0.99
        5214 |  0.97 |  1.09 |  1.07 |  0.98 |  0.93 |  0.98 |  0.99
        5214 |  0.97 |  1.09 |  1.07 |  0.98 |  0.93 |  0.98 |  0.99
        5215 |  1.05 |  1.06 |  1.09 |  1.02 |  1.04 |  0.93 |  1.02
        5215 |  1.05 |  1.06 |  1.09 |  1.02 |  1.04 |  0.93 |  1.02
        5215 |  1.05 |  1.06 |  1.09 |  1.02 |  1.04 |  0.93 |  1.02
        5215 |  1.05 |  1.06 |  1.09 |  1.02 |  1.04 |  0.93 |  1.02
        5215 |  1.05 |  1.06 |  1.09 |  1.02 |  1.04 |  0.93 |  1.02
        5215 |  1.05 |  1.06 |  1.09 |  1.02 |  1.04 |  0.93 |  1.02
        5215 |  1.05 |  1.06 |  1.09 |  1.02 |  1.04 |  0.93 |  1.02
        5215 |  1.05 |  1.06 |  1.09 |  1.02 |  1.04 |  0.93 |  1.02
        5215 |  1.05 |  1.06 |  1.09 |  1.02 |  1.04 |  0.93 |  1.02
        5215 |  1.05 |  1.06 |  1.09 |  1.02 |  1.04 |  0.93 |  1.02
        5215 |  1.05 |  1.06 |  1.09 |  1.02 |  1.04 |  0.93 |  1.02
        5215 |  1.05 |  1.06 |  1.09 |  1.02 |  1.04 |  0.93 |  1.02
        5215 |  1.05 |  1.06 |  1.09 |  1.02 |  1.04 |  0.93 |  1.02
        5215 |  1.05 |  1.06 |  1.09 |  1.02 |  1.04 |  0.93 |  1.02
        5215 |  1.05 |  1.06 |  1.09 |  1.02 |  1.04 |  0.93 |  1.02
        5215 |  1.05 |  1.06 |  1.09 |  1.02 |  1.04 |  0.93 |  1.02
        5215 |  1.05 |  1.06 |  1.09 |  1.02 |  1.04 |  0.93 |  1.02
        5215 |  1.05 |  1.06 |  1.09 |  1.02 |  1.04 |  0.93 |  1.02
        5215 |  1.05 |  1.06 |  1.09 |  1.02 |  1.04 |  0.93 |  1.02
        5215 |  1.05 |  1.06 |  1.09 |  1.02 |  1.04 |  0.93 |  1.02
        5215 |  1.05 |  1.06 |  1.09 |  1.02 |  1.04 |  0.93 |  1.02
        5215 |  1.05 |  1.06 |  1.09 |  1.02 |  1.04 |  0.93 |  1.02
        5215 |  1.05 |  1.06 |  1.09 |  1.02 |  1.04 |  0.93 |  1.02
        5215 |  1.05 |  1.06 |  1.09 |  1.02 |  1.04 |  0.93 |  1.02
        5215 |  1.05 |  1.06 |  1.09 |  1.02 |  1.04 |  0.93 |  1.02
        5215 |  1.05 |  1.06 |  1.09 |  1.02 |  1.04 |  0.93 |  1.02
        5215 |  1.05 |  1.06 |  1.09 |  1.02 |  1.04 |  0.93 |  1.02
        5215 |  1.05 |  1.06 |  1.09 |  1.02 |  1.04 |  0.93 |  1.02
        5215 |  1.05 |  1.06 |  1.09 |  1.02 |  1.04 |  0.93 |  1.02
        5215 |  1.05 |  1.06 |  1.09 |  1.02 |  1.04 |  0.93 |  1.02
        5215 |  1.05 |  1.06 |  1.09 |  1.02 |  1.04 |  0.93 |  1.02
        5215 |  1.05 |  1.06 |  1.09 |  1.02 |  1.04 |  0.93 |  1.02
        5215 |  1.05 |  1.06 |  1.09 |  1.02 |  1.04 |  0.93 |  1.02
        5215 |  1.05 |  1.06 |  1.09 |  1.02 |  1.04 |  0.93 |  1.02
        5215 |  1.05 |  1.06 |  1.09 |  1.02 |  1.04 |  0.93 |  1.02
        5215 |  1.05 |  1.06 |  1.09 |  1.02 |  1.04 |  0.93 |  1.02
        5215 |  1.05 |  1.06 |  1.09 |  1.02 |  1.04 |  0.93 |  1.02
        5215 |  1.05 |  1.06 |  1.09 |  1.02 |  1.04 |  0.93 |  1.02
        5215 |  1.05 |  1.06 |  1.09 |  1.02 |  1.04 |  0.93 |  1.02
        5215 |  1.05 |  1.06 |  1.09 |  1.02 |  1.04 |  0.93 |  1.02
        5215 |  1.05 |  1.06 |  1.09 |  1.02 |  1.04 |  0.93 |  1.02
        5215 |  1.05 |  1.06 |  1.09 |  1.02 |  1.04 |  0.93 |  1.02
        5215 |  1.05 |  1.06 |  1.09 |  1.02 |  1.04 |  0.93 |  1.02
        5215 |  1.05 |  1.06 |  1.09 |  1.02 |  1.04 |  0.93 |  1.02
        5215 |  1.05 |  1.06 |  1.09 |  1.02 |  1.04 |  0.93 |  1.02
        5215 |  1.05 |  1.06 |  1.09 |  1.02 |  1.04 |  0.93 |  1.02
        5215 |  1.05 |  1.06 |  1.09 |  1.02 |  1.04 |  0.93 |  1.02
        5215 |  1.05 |  1.06 |  1.09 |  1.02 |  1.04 |  0.93 |  1.02
        5215 |  1.05 |  1.06 |  1.09 |  1.02 |  1.04 |  0.93 |  1.02
        5216 |  0.96 |  1.01 |  1.13 |  0.95 |  1.12 |  0.92 |  1.03
        5216 |  0.96 |  1.01 |  1.13 |  0.95 |  1.12 |  0.92 |  1.03
        5216 |  0.96 |  1.01 |  1.13 |  0.95 |  1.12 |  0.92 |  1.03
        5216 |  0.96 |  1.01 |  1.13 |  0.95 |  1.12 |  0.92 |  1.03
        5216 |  0.96 |  1.01 |  1.13 |  0.95 |  1.12 |  0.92 |  1.03
        5216 |  0.96 |  1.01 |  1.13 |  0.95 |  1.12 |  0.92 |  1.03
        5216 |  0.96 |  1.01 |  1.13 |  0.95 |  1.12 |  0.92 |  1.03
        5216 |  0.96 |  1.01 |  1.13 |  0.95 |  1.12 |  0.92 |  1.03
        5216 |  0.96 |  1.01 |  1.13 |  0.95 |  1.12 |  0.92 |  1.03
        5216 |  0.96 |  1.01 |  1.13 |  0.95 |  1.12 |  0.92 |  1.03
        5216 |  0.96 |  1.01 |  1.13 |  0.95 |  1.12 |  0.92 |  1.03
        5216 |  0.96 |  1.01 |  1.13 |  0.95 |  1.12 |  0.92 |  1.03
        5216 |  0.96 |  1.01 |  1.13 |  0.95 |  1.12 |  0.92 |  1.03
        5216 |  0.96 |  1.01 |  1.13 |  0.95 |  1.12 |  0.92 |  1.03
        5216 |  0.96 |  1.01 |  1.13 |  0.95 |  1.12 |  0.92 |  1.03
        5216 |  0.96 |  1.01 |  1.13 |  0.95 |  1.12 |  0.92 |  1.03
        5216 |  0.96 |  1.01 |  1.13 |  0.95 |  1.12 |  0.92 |  1.03
        5216 |  0.96 |  1.01 |  1.13 |  0.95 |  1.12 |  0.92 |  1.03
        5216 |  0.96 |  1.01 |  1.13 |  0.95 |  1.12 |  0.92 |  1.03
        5216 |  0.96 |  1.01 |  1.13 |  0.95 |  1.12 |  0.92 |  1.03
        5216 |  0.96 |  1.01 |  1.13 |  0.95 |  1.12 |  0.92 |  1.03
        5216 |  0.96 |  1.01 |  1.13 |  0.95 |  1.12 |  0.92 |  1.03
        5216 |  0.96 |  1.01 |  1.13 |  0.95 |  1.12 |  0.92 |  1.03
        5216 |  0.96 |  1.01 |  1.13 |  0.95 |  1.12 |  0.92 |  1.03
        5216 |  0.96 |  1.01 |  1.13 |  0.95 |  1.12 |  0.92 |  1.03
        5216 |  0.96 |  1.01 |  1.13 |  0.95 |  1.12 |  0.92 |  1.03
        5216 |  0.96 |  1.01 |  1.13 |  0.95 |  1.12 |  0.92 |  1.03
        5216 |  0.96 |  1.01 |  1.13 |  0.95 |  1.12 |  0.92 |  1.03
        5216 |  0.96 |  1.01 |  1.13 |  0.95 |  1.12 |  0.92 |  1.03
        5216 |  0.96 |  1.01 |  1.13 |  0.95 |  1.12 |  0.92 |  1.03
        5216 |  0.96 |  1.01 |  1.13 |  0.95 |  1.12 |  0.92 |  1.03
        5216 |  0.96 |  1.01 |  1.13 |  0.95 |  1.12 |  0.92 |  1.03
        5216 |  0.96 |  1.01 |  1.13 |  0.95 |  1.12 |  0.92 |  1.03
        5216 |  0.96 |  1.01 |  1.13 |  0.95 |  1.12 |  0.92 |  1.03
        5216 |  0.96 |  1.01 |  1.13 |  0.95 |  1.12 |  0.92 |  1.03
        5216 |  0.96 |  1.01 |  1.13 |  0.95 |  1.12 |  0.92 |  1.03
        5216 |  0.96 |  1.01 |  1.13 |  0.95 |  1.12 |  0.92 |  1.03
        5216 |  0.96 |  1.01 |  1.13 |  0.95 |  1.12 |  0.92 |  1.03
        5216 |  0.96 |  1.01 |  1.13 |  0.95 |  1.12 |  0.92 |  1.03
        5216 |  0.96 |  1.01 |  1.13 |  0.95 |  1.12 |  0.92 |  1.03
        5216 |  0.96 |  1.01 |  1.13 |  0.95 |  1.12 |  0.92 |  1.03
        5216 |  0.96 |  1.01 |  1.13 |  0.95 |  1.12 |  0.92 |  1.03
        5216 |  0.96 |  1.01 |  1.13 |  0.95 |  1.12 |  0.92 |  1.03
        5216 |  0.96 |  1.01 |  1.13 |  0.95 |  1.12 |  0.92 |  1.03
        5216 |  0.96 |  1.01 |  1.13 |  0.95 |  1.12 |  0.92 |  1.03
        5216 |  0.96 |  1.01 |  1.13 |  0.95 |  1.12 |  0.92 |  1.03
        5216 |  0.96 |  1.01 |  1.13 |  0.95 |  1.12 |  0.92 |  1.03
        5216 |  0.96 |  1.01 |  1.13 |  0.95 |  1.12 |  0.92 |  1.03
        5216 |  0.96 |  1.01 |  1.13 |  0.95 |  1.12 |  0.92 |  1.03
        5217 |  0.95 |  2.41 |  1.09 |  1.00 |  1.04 |  0.92 |  1.20
        5217 |  0.95 |  2.41 |  1.09 |  1.00 |  1.04 |  0.92 |  1.20
        5217 |  0.95 |  2.41 |  1.09 |  1.00 |  1.04 |  0.92 |  1.20
        5217 |  0.95 |  2.41 |  1.09 |  1.00 |  1.04 |  0.92 |  1.20
        5217 |  0.95 |  2.41 |  1.09 |  1.00 |  1.04 |  0.92 |  1.20
        5217 |  0.95 |  2.41 |  1.09 |  1.00 |  1.04 |  0.92 |  1.20
        5217 |  0.95 |  2.41 |  1.09 |  1.00 |  1.04 |  0.92 |  1.20
        5217 |  0.95 |  2.41 |  1.09 |  1.00 |  1.04 |  0.92 |  1.20
        5217 |  0.95 |  2.41 |  1.09 |  1.00 |  1.04 |  0.92 |  1.20
        5217 |  0.95 |  2.41 |  1.09 |  1.00 |  1.04 |  0.92 |  1.20
        5217 |  0.95 |  2.41 |  1.09 |  1.00 |  1.04 |  0.92 |  1.20
        5217 |  0.95 |  2.41 |  1.09 |  1.00 |  1.04 |  0.92 |  1.20
        5217 |  0.95 |  2.41 |  1.09 |  1.00 |  1.04 |  0.92 |  1.20
        5217 |  0.95 |  2.41 |  1.09 |  1.00 |  1.04 |  0.92 |  1.20
        5217 |  0.95 |  2.41 |  1.09 |  1.00 |  1.04 |  0.92 |  1.20
        5217 |  0.95 |  2.41 |  1.09 |  1.00 |  1.04 |  0.92 |  1.20
        5217 |  0.95 |  2.41 |  1.09 |  1.00 |  1.04 |  0.92 |  1.20
        5217 |  0.95 |  2.41 |  1.09 |  1.00 |  1.04 |  0.92 |  1.20
        5217 |  0.95 |  2.41 |  1.09 |  1.00 |  1.04 |  0.92 |  1.20
        5217 |  0.95 |  2.41 |  1.09 |  1.00 |  1.04 |  0.92 |  1.20
        5217 |  0.95 |  2.41 |  1.09 |  1.00 |  1.04 |  0.92 |  1.20
        5217 |  0.95 |  2.41 |  1.09 |  1.00 |  1.04 |  0.92 |  1.20
        5217 |  0.95 |  2.41 |  1.09 |  1.00 |  1.04 |  0.92 |  1.20
        5217 |  0.95 |  2.41 |  1.09 |  1.00 |  1.04 |  0.92 |  1.20
        5217 |  0.95 |  2.41 |  1.09 |  1.00 |  1.04 |  0.92 |  1.20
        5217 |  0.95 |  2.41 |  1.09 |  1.00 |  1.04 |  0.92 |  1.20
        5217 |  0.95 |  2.41 |  1.09 |  1.00 |  1.04 |  0.92 |  1.20
        5217 |  0.95 |  2.41 |  1.09 |  1.00 |  1.04 |  0.92 |  1.20
        5217 |  0.95 |  2.41 |  1.09 |  1.00 |  1.04 |  0.92 |  1.20
        5217 |  0.95 |  2.41 |  1.09 |  1.00 |  1.04 |  0.92 |  1.20
        5217 |  0.95 |  2.41 |  1.09 |  1.00 |  1.04 |  0.92 |  1.20
        5217 |  0.95 |  2.41 |  1.09 |  1.00 |  1.04 |  0.92 |  1.20
        5217 |  0.95 |  2.41 |  1.09 |  1.00 |  1.04 |  0.92 |  1.20
        5217 |  0.95 |  2.41 |  1.09 |  1.00 |  1.04 |  0.92 |  1.20
        5217 |  0.95 |  2.41 |  1.09 |  1.00 |  1.04 |  0.92 |  1.20
        5217 |  0.95 |  2.41 |  1.09 |  1.00 |  1.04 |  0.92 |  1.20
        5217 |  0.95 |  2.41 |  1.09 |  1.00 |  1.04 |  0.92 |  1.20
        5217 |  0.95 |  2.41 |  1.09 |  1.00 |  1.04 |  0.92 |  1.20
        5217 |  0.95 |  2.41 |  1.09 |  1.00 |  1.04 |  0.92 |  1.20
        5217 |  0.95 |  2.41 |  1.09 |  1.00 |  1.04 |  0.92 |  1.20
        5217 |  0.95 |  2.41 |  1.09 |  1.00 |  1.04 |  0.92 |  1.20
        5217 |  0.95 |  2.41 |  1.09 |  1.00 |  1.04 |  0.92 |  1.20
(2520 rows)

UPDATE time_statistics SET e_time = TRANSACTION_TIMESTAMP() WHERE template = '../query_postgresql/query2.tpl' AND stream = 4;
psql:/tmp/s1-basline/throughput/query_4.sql:1171: NOTICE:  duration: 0.031 ms  plan:
Query Text: UPDATE time_statistics SET e_time = TRANSACTION_TIMESTAMP() WHERE template = '../query_postgresql/query2.tpl' AND stream = 4;
Update on time_statistics  (cost=0.00..1.77 rows=0 width=0) (actual time=0.031..0.031 rows=0 loops=1)
  ->  Seq Scan on time_statistics  (cost=0.00..1.77 rows=1 width=14) (actual time=0.017..0.017 rows=1 loops=1)
        Filter: ((template = '../query_postgresql/query2.tpl'::text) AND (stream = 4))
        Rows Removed by Filter: 59
UPDATE 1
LOAD 'auto_explain'; SET auto_explain.log_min_duration TO 0; SET auto_explain.log_analyze TO on; SET auto_explain.log_level TO notice; INSERT INTO time_statistics (template, s_time, stream, query, seed) VALUES ('query83.tpl', TRANSACTION_TIMESTAMP(), 4, 20, 53362100);
LOAD
SET
SET
SET
psql:/tmp/s1-basline/throughput/query_4.sql:1172: NOTICE:  duration: 0.008 ms  plan:
Query Text: INSERT INTO time_statistics (template, s_time, stream, query, seed) VALUES ('query83.tpl', TRANSACTION_TIMESTAMP(), 4, 20, 53362100);
Insert on time_statistics  (cost=0.00..0.01 rows=0 width=0) (actual time=0.008..0.008 rows=0 loops=1)
  ->  Result  (cost=0.00..0.01 rows=1 width=64) (actual time=0.001..0.001 rows=1 loops=1)
INSERT 0 1
with sr_items as
 (select i_item_id item_id,
        sum(sr_return_quantity) sr_item_qty
 from store_returns,
      item,
      date_dim
 where sr_item_sk = i_item_sk
 and   d_date    in 
	(select d_date
	from date_dim
	where d_week_seq in 
		(select d_week_seq
		from date_dim
	  where d_date in ('2001-02-25','2001-09-14','2001-11-19')))
 and   sr_returned_date_sk   = d_date_sk
 group by i_item_id),
 cr_items as
 (select i_item_id item_id,
        sum(cr_return_quantity) cr_item_qty
 from catalog_returns,
      item,
      date_dim
 where cr_item_sk = i_item_sk
 and   d_date    in 
	(select d_date
	from date_dim
	where d_week_seq in 
		(select d_week_seq
		from date_dim
	  where d_date in ('2001-02-25','2001-09-14','2001-11-19')))
 and   cr_returned_date_sk   = d_date_sk
 group by i_item_id),
 wr_items as
 (select i_item_id item_id,
        sum(wr_return_quantity) wr_item_qty
 from web_returns,
      item,
      date_dim
 where wr_item_sk = i_item_sk
 and   d_date    in 
	(select d_date
	from date_dim
	where d_week_seq in 
		(select d_week_seq
		from date_dim
		where d_date in ('2001-02-25','2001-09-14','2001-11-19')))
 and   wr_returned_date_sk   = d_date_sk
 group by i_item_id)
  select  sr_items.item_id
       ,sr_item_qty
       ,sr_item_qty/(sr_item_qty+cr_item_qty+wr_item_qty)/3.0 * 100 sr_dev
       ,cr_item_qty
       ,cr_item_qty/(sr_item_qty+cr_item_qty+wr_item_qty)/3.0 * 100 cr_dev
       ,wr_item_qty
       ,wr_item_qty/(sr_item_qty+cr_item_qty+wr_item_qty)/3.0 * 100 wr_dev
       ,(sr_item_qty+cr_item_qty+wr_item_qty)/3.0 average
 from sr_items
     ,cr_items
     ,wr_items
 where sr_items.item_id=cr_items.item_id
   and sr_items.item_id=wr_items.item_id 
 order by sr_items.item_id
         ,sr_item_qty
 limit 100;
psql:/tmp/s1-basline/throughput/query_4.sql:1236: NOTICE:  duration: 71.233 ms  plan:
Query Text: with sr_items as
 (select i_item_id item_id,
        sum(sr_return_quantity) sr_item_qty
 from store_returns,
      item,
      date_dim
 where sr_item_sk = i_item_sk
 and   d_date    in 
	(select d_date
	from date_dim
	where d_week_seq in 
		(select d_week_seq
		from date_dim
	  where d_date in ('2001-02-25','2001-09-14','2001-11-19')))
 and   sr_returned_date_sk   = d_date_sk
 group by i_item_id),
 cr_items as
 (select i_item_id item_id,
        sum(cr_return_quantity) cr_item_qty
 from catalog_returns,
      item,
      date_dim
 where cr_item_sk = i_item_sk
 and   d_date    in 
	(select d_date
	from date_dim
	where d_week_seq in 
		(select d_week_seq
		from date_dim
	  where d_date in ('2001-02-25','2001-09-14','2001-11-19')))
 and   cr_returned_date_sk   = d_date_sk
 group by i_item_id),
 wr_items as
 (select i_item_id item_id,
        sum(wr_return_quantity) wr_item_qty
 from web_returns,
      item,
      date_dim
 where wr_item_sk = i_item_sk
 and   d_date    in 
	(select d_date
	from date_dim
	where d_week_seq in 
		(select d_week_seq
		from date_dim
		where d_date in ('2001-02-25','2001-09-14','2001-11-19')))
 and   wr_returned_date_sk   = d_date_sk
 group by i_item_id)
  select  sr_items.item_id
       ,sr_item_qty
       ,sr_item_qty/(sr_item_qty+cr_item_qty+wr_item_qty)/3.0 * 100 sr_dev
       ,cr_item_qty
       ,cr_item_qty/(sr_item_qty+cr_item_qty+wr_item_qty)/3.0 * 100 cr_dev
       ,wr_item_qty
       ,wr_item_qty/(sr_item_qty+cr_item_qty+wr_item_qty)/3.0 * 100 wr_dev
       ,(sr_item_qty+cr_item_qty+wr_item_qty)/3.0 average
 from sr_items
     ,cr_items
     ,wr_items
 where sr_items.item_id=cr_items.item_id
   and sr_items.item_id=wr_items.item_id 
 order by sr_items.item_id
         ,sr_item_qty
 limit 100;
Limit  (cost=7241.53..7241.55 rows=10 width=169) (actual time=71.199..71.212 rows=23 loops=1)
  ->  Sort  (cost=7241.53..7241.55 rows=10 width=169) (actual time=71.198..71.209 rows=23 loops=1)
        Sort Key: item.i_item_id, (sum(store_returns.sr_return_quantity))
        Sort Method: quicksort  Memory: 28kB
        ->  Merge Join  (cost=7236.23..7241.36 rows=10 width=169) (actual time=67.805..71.194 rows=23 loops=1)
              Merge Cond: (item.i_item_id = item_2.i_item_id)
              ->  Merge Join  (cost=4832.68..4835.88 rows=20 width=50) (actual time=47.644..50.123 rows=179 loops=1)
                    Merge Cond: (item.i_item_id = item_1.i_item_id)
                    ->  GroupAggregate  (cost=2459.56..2460.96 rows=80 width=25) (actual time=31.020..32.225 rows=2762 loops=1)
                          Group Key: item.i_item_id
                          ->  Sort  (cost=2459.56..2459.76 rows=80 width=21) (actual time=31.015..31.244 rows=3313 loops=1)
                                Sort Key: item.i_item_id
                                Sort Method: quicksort  Memory: 304kB
                                ->  Nested Loop  (cost=2333.94..2457.03 rows=80 width=21) (actual time=12.858..22.460 rows=3318 loops=1)
                                      ->  Nested Loop  (cost=2333.65..2432.23 rows=80 width=12) (actual time=12.851..16.505 rows=3318 loops=1)
                                            ->  Nested Loop  (cost=2333.23..2340.37 rows=21 width=8) (actual time=12.835..12.885 rows=21 loops=1)
                                                  ->  HashAggregate  (cost=2332.93..2333.14 rows=21 width=4) (actual time=12.830..12.837 rows=21 loops=1)
                                                        Group Key: date_dim_1.d_date
                                                        Batches: 1  Memory Usage: 24kB
                                                        ->  Hash Join  (cost=5.41..2332.88 rows=21 width=4) (actual time=6.382..12.827 rows=21 loops=1)
                                                              Hash Cond: (date_dim_1.d_week_seq = date_dim_2.d_week_seq)
                                                              ->  Seq Scan on date_dim date_dim_1  (cost=0.00..2135.49 rows=73049 width=8) (actual time=0.002..4.761 rows=73049 loops=1)
                                                              ->  Hash  (cost=5.37..5.37 rows=3 width=4) (actual time=0.029..0.030 rows=3 loops=1)
                                                                    Buckets: 1024  Batches: 1  Memory Usage: 9kB
                                                                    ->  HashAggregate  (cost=5.34..5.37 rows=3 width=4) (actual time=0.027..0.028 rows=3 loops=1)
                                                                          Group Key: date_dim_2.d_week_seq
                                                                          Batches: 1  Memory Usage: 24kB
                                                                          ->  Index Scan using i_d_date on date_dim date_dim_2  (cost=0.29..5.33 rows=3 width=4) (actual time=0.019..0.025 rows=3 loops=1)
                                                                                Index Cond: (d_date = ANY ('{2001-02-25,2001-09-14,2001-11-19}'::date[]))
                                                  ->  Index Scan using i_d_date on date_dim  (cost=0.29..0.33 rows=1 width=12) (actual time=0.002..0.002 rows=1 loops=21)
                                                        Index Cond: (d_date = date_dim_1.d_date)
                                            ->  Index Scan using i_sr_returned_date_sk on store_returns  (cost=0.42..2.97 rows=140 width=20) (actual time=0.004..0.150 rows=158 loops=21)
                                                  Index Cond: (sr_returned_date_sk = date_dim.d_date_sk)
                                      ->  Index Scan using pk_item on item  (cost=0.29..0.31 rows=1 width=25) (actual time=0.002..0.002 rows=1 loops=3318)
                                            Index Cond: (i_item_sk = store_returns.sr_item_sk)
                    ->  GroupAggregate  (cost=2373.12..2373.47 rows=20 width=25) (actual time=16.614..16.862 rows=624 loops=1)
                          Group Key: item_1.i_item_id
                          ->  Sort  (cost=2373.12..2373.17 rows=20 width=21) (actual time=16.611..16.651 rows=645 loops=1)
                                Sort Key: item_1.i_item_id
                                Sort Method: quicksort  Memory: 65kB
                                ->  Nested Loop  (cost=2333.81..2372.68 rows=20 width=21) (actual time=12.293..15.255 rows=645 loops=1)
                                      ->  Nested Loop  (cost=2333.52..2366.19 rows=20 width=12) (actual time=12.289..14.056 rows=645 loops=1)
                                            ->  Nested Loop  (cost=2333.23..2340.37 rows=21 width=8) (actual time=12.258..12.296 rows=21 loops=1)
                                                  ->  HashAggregate  (cost=2332.93..2333.14 rows=21 width=4) (actual time=12.254..12.259 rows=21 loops=1)
                                                        Group Key: date_dim_4.d_date
                                                        Batches: 1  Memory Usage: 24kB
                                                        ->  Hash Join  (cost=5.41..2332.88 rows=21 width=4) (actual time=6.136..12.249 rows=21 loops=1)
                                                              Hash Cond: (date_dim_4.d_week_seq = date_dim_5.d_week_seq)
                                                              ->  Seq Scan on date_dim date_dim_4  (cost=0.00..2135.49 rows=73049 width=8) (actual time=0.004..4.645 rows=73049 loops=1)
                                                              ->  Hash  (cost=5.37..5.37 rows=3 width=4) (actual time=0.012..0.013 rows=3 loops=1)
                                                                    Buckets: 1024  Batches: 1  Memory Usage: 9kB
                                                                    ->  HashAggregate  (cost=5.34..5.37 rows=3 width=4) (actual time=0.011..0.012 rows=3 loops=1)
                                                                          Group Key: date_dim_5.d_week_seq
                                                                          Batches: 1  Memory Usage: 24kB
                                                                          ->  Index Scan using i_d_date on date_dim date_dim_5  (cost=0.29..5.33 rows=3 width=4) (actual time=0.005..0.009 rows=3 loops=1)
                                                                                Index Cond: (d_date = ANY ('{2001-02-25,2001-09-14,2001-11-19}'::date[]))
                                                  ->  Index Scan using i_d_date on date_dim date_dim_3  (cost=0.29..0.33 rows=1 width=12) (actual time=0.001..0.001 rows=1 loops=21)
                                                        Index Cond: (d_date = date_dim_4.d_date)
                                            ->  Index Scan using i_wr_returned_date_sk on web_returns  (cost=0.29..0.90 rows=33 width=20) (actual time=0.005..0.078 rows=31 loops=21)
                                                  Index Cond: (wr_returned_date_sk = date_dim_3.d_date_sk)
                                      ->  Index Scan using pk_item on item item_1  (cost=0.29..0.32 rows=1 width=25) (actual time=0.002..0.002 rows=1 loops=645)
                                            Index Cond: (i_item_sk = web_returns.wr_item_sk)
              ->  GroupAggregate  (cost=2403.56..2404.28 rows=41 width=25) (actual time=20.043..20.579 rows=1384 loops=1)
                    Group Key: item_2.i_item_id
                    ->  Sort  (cost=2403.56..2403.66 rows=41 width=21) (actual time=20.039..20.110 rows=1514 loops=1)
                          Sort Key: item_2.i_item_id
                          Sort Method: quicksort  Memory: 143kB
                          ->  Nested Loop  (cost=2333.81..2402.46 rows=41 width=21) (actual time=11.820..16.206 rows=1517 loops=1)
                                ->  Nested Loop  (cost=2333.52..2389.55 rows=41 width=12) (actual time=11.815..13.580 rows=1517 loops=1)
                                      ->  Nested Loop  (cost=2333.23..2340.37 rows=21 width=8) (actual time=11.807..11.846 rows=21 loops=1)
                                            ->  HashAggregate  (cost=2332.93..2333.14 rows=21 width=4) (actual time=11.802..11.807 rows=21 loops=1)
                                                  Group Key: date_dim_7.d_date
                                                  Batches: 1  Memory Usage: 24kB
                                                  ->  Hash Join  (cost=5.41..2332.88 rows=21 width=4) (actual time=5.965..11.797 rows=21 loops=1)
                                                        Hash Cond: (date_dim_7.d_week_seq = date_dim_8.d_week_seq)
                                                        ->  Seq Scan on date_dim date_dim_7  (cost=0.00..2135.49 rows=73049 width=8) (actual time=0.003..4.575 rows=73049 loops=1)
                                                        ->  Hash  (cost=5.37..5.37 rows=3 width=4) (actual time=0.011..0.011 rows=3 loops=1)
                                                              Buckets: 1024  Batches: 1  Memory Usage: 9kB
                                                              ->  HashAggregate  (cost=5.34..5.37 rows=3 width=4) (actual time=0.010..0.010 rows=3 loops=1)
                                                                    Group Key: date_dim_8.d_week_seq
                                                                    Batches: 1  Memory Usage: 24kB
                                                                    ->  Index Scan using i_d_date on date_dim date_dim_8  (cost=0.29..5.33 rows=3 width=4) (actual time=0.004..0.007 rows=3 loops=1)
                                                                          Index Cond: (d_date = ANY ('{2001-02-25,2001-09-14,2001-11-19}'::date[]))
                                            ->  Index Scan using i_d_date on date_dim date_dim_6  (cost=0.29..0.33 rows=1 width=12) (actual time=0.001..0.001 rows=1 loops=21)
                                                  Index Cond: (d_date = date_dim_7.d_date)
                                      ->  Index Scan using i_cr_returned_date_sk on catalog_returns  (cost=0.29..1.62 rows=72 width=20) (actual time=0.003..0.071 rows=72 loops=21)
                                            Index Cond: (cr_returned_date_sk = date_dim_6.d_date_sk)
                                ->  Index Scan using pk_item on item item_2  (cost=0.29..0.31 rows=1 width=25) (actual time=0.001..0.001 rows=1 loops=1517)
                                      Index Cond: (i_item_sk = catalog_returns.cr_item_sk)
     item_id      | sr_item_qty |         sr_dev         | cr_item_qty |         cr_dev         | wr_item_qty |         wr_dev         |       average       
------------------+-------------+------------------------+-------------+------------------------+-------------+------------------------+---------------------
 AAAAAAAAAGGCAAAA |          24 | 0.00000000000000000000 |          16 | 0.00000000000000000000 |          18 | 0.00000000000000000000 | 19.3333333333333333
 AAAAAAAAAHBAAAAA |          27 | 0.00000000000000000000 |          83 | 0.00000000000000000000 |          37 | 0.00000000000000000000 | 49.0000000000000000
 AAAAAAAAAHJDAAAA |          17 | 0.00000000000000000000 |           9 | 0.00000000000000000000 |          34 | 0.00000000000000000000 | 20.0000000000000000
 AAAAAAAABDJDAAAA |          51 | 0.00000000000000000000 |          30 | 0.00000000000000000000 |           4 | 0.00000000000000000000 | 28.3333333333333333
 AAAAAAAABMJAAAAA |           9 | 0.00000000000000000000 |          84 | 0.00000000000000000000 |           4 | 0.00000000000000000000 | 32.3333333333333333
 AAAAAAAABPCEAAAA |          41 | 0.00000000000000000000 |          14 | 0.00000000000000000000 |           1 | 0.00000000000000000000 | 18.6666666666666667
 AAAAAAAACLCBAAAA |          39 | 0.00000000000000000000 |          46 | 0.00000000000000000000 |           9 | 0.00000000000000000000 | 31.3333333333333333
 AAAAAAAACMHCAAAA |           5 | 0.00000000000000000000 |           5 | 0.00000000000000000000 |          18 | 0.00000000000000000000 |  9.3333333333333333
 AAAAAAAADKFBAAAA |          26 | 0.00000000000000000000 |          40 | 0.00000000000000000000 |          35 | 0.00000000000000000000 | 33.6666666666666667
 AAAAAAAAGDKBAAAA |          30 | 0.00000000000000000000 |          70 | 0.00000000000000000000 |          15 | 0.00000000000000000000 | 38.3333333333333333
 AAAAAAAAHBLAAAAA |          37 | 0.00000000000000000000 |          15 | 0.00000000000000000000 |          16 | 0.00000000000000000000 | 22.6666666666666667
 AAAAAAAAHDCEAAAA |          10 | 0.00000000000000000000 |          68 | 0.00000000000000000000 |          92 | 0.00000000000000000000 | 56.6666666666666667
 AAAAAAAAHLBDAAAA |          38 | 0.00000000000000000000 |          50 | 0.00000000000000000000 |          15 | 0.00000000000000000000 | 34.3333333333333333
 AAAAAAAAKGFBAAAA |          13 | 0.00000000000000000000 |          66 | 0.00000000000000000000 |          19 | 0.00000000000000000000 | 32.6666666666666667
 AAAAAAAALFPAAAAA |          47 | 0.00000000000000000000 |          70 | 0.00000000000000000000 |          10 | 0.00000000000000000000 | 42.3333333333333333
 AAAAAAAAMDEEAAAA |          24 | 0.00000000000000000000 |          33 | 0.00000000000000000000 |           2 | 0.00000000000000000000 | 19.6666666666666667
 AAAAAAAAMFKBAAAA |           1 | 0.00000000000000000000 |           1 | 0.00000000000000000000 |           3 | 0.00000000000000000000 |  1.6666666666666667
 AAAAAAAAMFMDAAAA |           1 | 0.00000000000000000000 |           5 | 0.00000000000000000000 |           7 | 0.00000000000000000000 |  4.3333333333333333
 AAAAAAAAMHOCAAAA |           2 | 0.00000000000000000000 |           8 | 0.00000000000000000000 |           3 | 0.00000000000000000000 |  4.3333333333333333
 AAAAAAAAOBEAAAAA |          10 | 0.00000000000000000000 |          78 | 0.00000000000000000000 |          91 | 0.00000000000000000000 | 59.6666666666666667
 AAAAAAAAOIECAAAA |          34 | 0.00000000000000000000 |          21 | 0.00000000000000000000 |          13 | 0.00000000000000000000 | 22.6666666666666667
 AAAAAAAAPHFEAAAA |         115 | 0.00000000000000000000 |           4 | 0.00000000000000000000 |           4 | 0.00000000000000000000 | 41.0000000000000000
 AAAAAAAAPMABAAAA |          11 | 0.00000000000000000000 |          35 | 0.00000000000000000000 |          65 | 0.00000000000000000000 | 37.0000000000000000
(23 rows)

UPDATE time_statistics SET e_time = TRANSACTION_TIMESTAMP() WHERE template = 'query83.tpl' AND stream = 4;
psql:/tmp/s1-basline/throughput/query_4.sql:1238: NOTICE:  duration: 0.030 ms  plan:
Query Text: UPDATE time_statistics SET e_time = TRANSACTION_TIMESTAMP() WHERE template = 'query83.tpl' AND stream = 4;
Update on time_statistics  (cost=0.00..1.77 rows=0 width=0) (actual time=0.029..0.029 rows=0 loops=1)
  ->  Seq Scan on time_statistics  (cost=0.00..1.77 rows=1 width=14) (actual time=0.016..0.016 rows=1 loops=1)
        Filter: ((template = 'query83.tpl'::text) AND (stream = 4))
        Rows Removed by Filter: 60
UPDATE 1
LOAD 'auto_explain'; SET auto_explain.log_min_duration TO 0; SET auto_explain.log_analyze TO on; SET auto_explain.log_level TO notice; INSERT INTO time_statistics (template, s_time, stream, query, seed) VALUES ('../query_postgresql/query21.tpl', TRANSACTION_TIMESTAMP(), 4, 21, 1298528496);
LOAD
SET
SET
SET
psql:/tmp/s1-basline/throughput/query_4.sql:1239: NOTICE:  duration: 0.009 ms  plan:
Query Text: INSERT INTO time_statistics (template, s_time, stream, query, seed) VALUES ('../query_postgresql/query21.tpl', TRANSACTION_TIMESTAMP(), 4, 21, 1298528496);
Insert on time_statistics  (cost=0.00..0.01 rows=0 width=0) (actual time=0.008..0.009 rows=0 loops=1)
  ->  Result  (cost=0.00..0.01 rows=1 width=64) (actual time=0.001..0.001 rows=1 loops=1)
INSERT 0 1
select  *
 from(select w_warehouse_name
            ,i_item_id
            ,sum(case when (cast(d_date as date) < cast ('1999-05-22' as date))
	                then inv_quantity_on_hand 
                      else 0 end) as inv_before
            ,sum(case when (cast(d_date as date) >= cast ('1999-05-22' as date))
                      then inv_quantity_on_hand 
                      else 0 end) as inv_after
   from inventory
       ,warehouse
       ,item
       ,date_dim
   where i_current_price between 0.99 and 1.49
     and i_item_sk          = inv_item_sk
     and inv_warehouse_sk   = w_warehouse_sk
     and inv_date_sk    = d_date_sk
     and d_date between (cast ('1999-05-22' as date) - INTERVAL '30 days')
                    and (cast ('1999-05-22' as date) + INTERVAL '30 days')
   group by w_warehouse_name, i_item_id) x
 where (case when inv_before > 0 
             then inv_after / inv_before 
             else null
             end) between 2.0/3.0 and 3.0/2.0
 order by w_warehouse_name
         ,i_item_id
 limit 100;
psql:/tmp/s1-basline/throughput/query_4.sql:1266: NOTICE:  duration: 651.936 ms  plan:
Query Text: select  *
 from(select w_warehouse_name
            ,i_item_id
            ,sum(case when (cast(d_date as date) < cast ('1999-05-22' as date))
	                then inv_quantity_on_hand 
                      else 0 end) as inv_before
            ,sum(case when (cast(d_date as date) >= cast ('1999-05-22' as date))
                      then inv_quantity_on_hand 
                      else 0 end) as inv_after
   from inventory
       ,warehouse
       ,item
       ,date_dim
   where i_current_price between 0.99 and 1.49
     and i_item_sk          = inv_item_sk
     and inv_warehouse_sk   = w_warehouse_sk
     and inv_date_sk    = d_date_sk
     and d_date between (cast ('1999-05-22' as date) - INTERVAL '30 days')
                    and (cast ('1999-05-22' as date) + INTERVAL '30 days')
   group by w_warehouse_name, i_item_id) x
 where (case when inv_before > 0 
             then inv_after / inv_before 
             else null
             end) between 2.0/3.0 and 3.0/2.0
 order by w_warehouse_name
         ,i_item_id
 limit 100;
Limit  (cost=135849.77..135949.08 rows=68 width=47) (actual time=614.821..651.894 rows=100 loops=1)
  ->  Finalize GroupAggregate  (cost=135849.77..135948.40 rows=68 width=47) (actual time=614.821..651.887 rows=100 loops=1)
        Group Key: warehouse.w_warehouse_name, item.i_item_id
        Filter: (((CASE WHEN (sum(CASE WHEN (date_dim.d_date < '1999-05-22'::date) THEN inventory.inv_quantity_on_hand ELSE 0 END) > 0) THEN (sum(CASE WHEN (date_dim.d_date >= '1999-05-22'::date) THEN inventory.inv_quantity_on_hand ELSE 0 END) / sum(CASE WHEN (date_dim.d_date < '1999-05-22'::date) THEN inventory.inv_quantity_on_hand ELSE 0 END)) ELSE NULL::bigint END)::numeric >= 0.66666666666666666667) AND ((CASE WHEN (sum(CASE WHEN (date_dim.d_date < '1999-05-22'::date) THEN inventory.inv_quantity_on_hand ELSE 0 END) > 0) THEN (sum(CASE WHEN (date_dim.d_date >= '1999-05-22'::date) THEN inventory.inv_quantity_on_hand ELSE 0 END) / sum(CASE WHEN (date_dim.d_date < '1999-05-22'::date) THEN inventory.inv_quantity_on_hand ELSE 0 END)) ELSE NULL::bigint END)::numeric <= 1.5000000000000000))
        Rows Removed by Filter: 252
        ->  Gather Merge  (cost=135849.77..135924.25 rows=588 width=47) (actual time=614.809..651.561 rows=1306 loops=1)
              Workers Planned: 3
              Workers Launched: 3
              ->  Partial GroupAggregate  (cost=134849.73..134855.12 rows=196 width=47) (actual time=609.197..609.962 rows=930 loops=4)
                    Group Key: warehouse.w_warehouse_name, item.i_item_id
                    ->  Sort  (cost=134849.73..134850.22 rows=196 width=39) (actual time=609.187..609.282 rows=2268 loops=4)
                          Sort Key: warehouse.w_warehouse_name, item.i_item_id
                          Sort Method: quicksort  Memory: 723kB
                          Worker 0:  Sort Method: quicksort  Memory: 683kB
                          Worker 1:  Sort Method: quicksort  Memory: 709kB
                          Worker 2:  Sort Method: quicksort  Memory: 673kB
                          ->  Hash Join  (cost=6.88..134842.27 rows=196 width=39) (actual time=3.868..592.267 rows=6221 loops=4)
                                Hash Cond: (inventory.inv_warehouse_sk = warehouse.w_warehouse_sk)
                                ->  Nested Loop  (cost=5.76..134840.21 rows=196 width=33) (actual time=3.790..590.996 rows=6221 loops=4)
                                      ->  Hash Join  (cost=5.48..133858.98 rows=3164 width=24) (actual time=3.661..424.932 rows=101250 loops=4)
                                            Hash Cond: (inventory.inv_date_sk = date_dim.d_date_sk)
                                            ->  Parallel Seq Scan on inventory  (cost=0.00..123907.26 rows=3788826 width=28) (actual time=0.018..198.386 rows=2936250 loops=4)
                                            ->  Hash  (cost=4.71..4.71 rows=61 width=12) (actual time=0.122..0.123 rows=61 loops=4)
                                                  Buckets: 1024  Batches: 1  Memory Usage: 11kB
                                                  ->  Index Scan using i_d_date on date_dim  (cost=0.29..4.71 rows=61 width=12) (actual time=0.093..0.112 rows=61 loops=4)
                                                        Index Cond: ((d_date >= '1999-04-22 00:00:00'::timestamp without time zone) AND (d_date <= '1999-06-21 00:00:00'::timestamp without time zone))
                                      ->  Index Scan using pk_item on item  (cost=0.29..0.31 rows=1 width=25) (actual time=0.001..0.001 rows=0 loops=405000)
                                            Index Cond: (i_item_sk = inventory.inv_item_sk)
                                            Filter: ((i_current_price >= '0.99'::double precision) AND (i_current_price <= '1.49'::double precision))
                                            Rows Removed by Filter: 1
                                ->  Hash  (cost=1.05..1.05 rows=5 width=22) (actual time=0.031..0.031 rows=5 loops=4)
                                      Buckets: 1024  Batches: 1  Memory Usage: 9kB
                                      ->  Seq Scan on warehouse  (cost=0.00..1.05 rows=5 width=22) (actual time=0.025..0.026 rows=5 loops=4)
 w_warehouse_name |    i_item_id     | inv_before | inv_after 
------------------+------------------+------------+-----------
 Neither dea      | AAAAAAAAAACDAAAA |       2158 |      2762
 Neither dea      | AAAAAAAAAAMBAAAA |       1978 |      2499
 Neither dea      | AAAAAAAAACNCAAAA |       2988 |      3143
 Neither dea      | AAAAAAAAAEGEAAAA |       2558 |      2727
 Neither dea      | AAAAAAAAAFPDAAAA |       2203 |      2211
 Neither dea      | AAAAAAAAAGDBAAAA |       1391 |      1773
 Neither dea      | AAAAAAAAAHGAAAAA |       1459 |      2362
 Neither dea      | AAAAAAAAAIBEAAAA |       1838 |      2345
 Neither dea      | AAAAAAAAAJDEAAAA |       2177 |      2221
 Neither dea      | AAAAAAAAAKLCAAAA |       1569 |      2446
 Neither dea      | AAAAAAAAAMDEAAAA |       1543 |      1976
 Neither dea      | AAAAAAAAAOBBAAAA |       1478 |      1582
 Neither dea      | AAAAAAAAAOGDAAAA |       1882 |      2248
 Neither dea      | AAAAAAAAAOJCAAAA |       1270 |      1272
 Neither dea      | AAAAAAAAAPNBAAAA |       2504 |      2827
 Neither dea      | AAAAAAAABBOAAAAA |       1873 |      1899
 Neither dea      | AAAAAAAABBPCAAAA |       2622 |      2943
 Neither dea      | AAAAAAAABCBDAAAA |        928 |      1197
 Neither dea      | AAAAAAAABDOBAAAA |       1307 |      1635
 Neither dea      | AAAAAAAABDPDAAAA |       1717 |      1721
 Neither dea      | AAAAAAAABFKAAAAA |       2067 |      3047
 Neither dea      | AAAAAAAABKNBAAAA |       1883 |      2312
 Neither dea      | AAAAAAAABKPCAAAA |       1052 |      1720
 Neither dea      | AAAAAAAABLKAAAAA |       2104 |      2338
 Neither dea      | AAAAAAAACCKCAAAA |       2728 |      2754
 Neither dea      | AAAAAAAACDHBAAAA |       2189 |      2193
 Neither dea      | AAAAAAAACECCAAAA |       1444 |      1743
 Neither dea      | AAAAAAAACEIDAAAA |       1307 |      2047
 Neither dea      | AAAAAAAACIIBAAAA |       2639 |      3246
 Neither dea      | AAAAAAAACJFBAAAA |       2176 |      2344
 Neither dea      | AAAAAAAACKFAAAAA |       1260 |      1792
 Neither dea      | AAAAAAAACLBCAAAA |       1922 |      3084
 Neither dea      | AAAAAAAACPECAAAA |       2123 |      2161
 Neither dea      | AAAAAAAACPKBAAAA |       1081 |      1625
 Neither dea      | AAAAAAAACPODAAAA |       1994 |      2038
 Neither dea      | AAAAAAAADADEAAAA |       1116 |      1984
 Neither dea      | AAAAAAAADMICAAAA |       1806 |      2435
 Neither dea      | AAAAAAAADOMCAAAA |       2299 |      2394
 Neither dea      | AAAAAAAAECLCAAAA |       2185 |      2193
 Neither dea      | AAAAAAAAEDEAAAAA |       1306 |      1570
 Neither dea      | AAAAAAAAEDOBAAAA |       1578 |      1626
 Neither dea      | AAAAAAAAEFABAAAA |       1793 |      2680
 Neither dea      | AAAAAAAAEFBBAAAA |       2664 |      3014
 Neither dea      | AAAAAAAAEHDDAAAA |       1507 |      1967
 Neither dea      | AAAAAAAAEJNAAAAA |       2321 |      2640
 Neither dea      | AAAAAAAAEJNDAAAA |       1970 |      2401
 Neither dea      | AAAAAAAAEKCDAAAA |       2702 |      2981
 Neither dea      | AAAAAAAAEKFAAAAA |       2252 |      2873
 Neither dea      | AAAAAAAAEKPCAAAA |       2404 |      2950
 Neither dea      | AAAAAAAAELPCAAAA |       1735 |      2623
 Neither dea      | AAAAAAAAENJAAAAA |       2049 |      2085
 Neither dea      | AAAAAAAAENMAAAAA |       2764 |      2828
 Neither dea      | AAAAAAAAEOOCAAAA |       1440 |      1833
 Neither dea      | AAAAAAAAEPPDAAAA |       1544 |      2622
 Neither dea      | AAAAAAAAFAODAAAA |       1651 |      2091
 Neither dea      | AAAAAAAAFCGAAAAA |       1506 |      1629
 Neither dea      | AAAAAAAAFFMDAAAA |       2359 |      2388
 Neither dea      | AAAAAAAAFGEEAAAA |       1583 |      2775
 Neither dea      | AAAAAAAAFHKAAAAA |       2991 |      3434
 Neither dea      | AAAAAAAAFIKCAAAA |       1748 |      3015
 Neither dea      | AAAAAAAAFLGAAAAA |       1656 |      2049
 Neither dea      | AAAAAAAAFPIAAAAA |       2003 |      2672
 Neither dea      | AAAAAAAAGAJCAAAA |       1433 |      1441
 Neither dea      | AAAAAAAAGBKCAAAA |       2332 |      2476
 Neither dea      | AAAAAAAAGEECAAAA |        914 |      1353
 Neither dea      | AAAAAAAAGFBCAAAA |       1498 |      1828
 Neither dea      | AAAAAAAAGFEEAAAA |       1014 |      1651
 Neither dea      | AAAAAAAAGJBDAAAA |       1231 |      2159
 Neither dea      | AAAAAAAAGJCCAAAA |       1741 |      2761
 Neither dea      | AAAAAAAAGKGBAAAA |       2375 |      2743
 Neither dea      | AAAAAAAAGLOAAAAA |       1364 |      1868
 Neither dea      | AAAAAAAAGNABAAAA |       1236 |      2134
 Neither dea      | AAAAAAAAGOEBAAAA |       1868 |      3014
 Neither dea      | AAAAAAAAGPFDAAAA |       2307 |      2402
 Neither dea      | AAAAAAAAGPNBAAAA |       2265 |      2888
 Neither dea      | AAAAAAAAHFDBAAAA |       1903 |      2906
 Neither dea      | AAAAAAAAHFJBAAAA |       1380 |      1652
 Neither dea      | AAAAAAAAHLCCAAAA |       1396 |      2391
 Neither dea      | AAAAAAAAHMADAAAA |       1480 |      1519
 Neither dea      | AAAAAAAAIBACAAAA |       1542 |      2279
 Neither dea      | AAAAAAAAIBPBAAAA |       1736 |      2361
 Neither dea      | AAAAAAAAICHAAAAA |       1638 |      2011
 Neither dea      | AAAAAAAAICICAAAA |       2321 |      2351
 Neither dea      | AAAAAAAAICKDAAAA |       1424 |      1896
 Neither dea      | AAAAAAAAIDCBAAAA |       2170 |      2778
 Neither dea      | AAAAAAAAIDNCAAAA |       2200 |      2670
 Neither dea      | AAAAAAAAIEEBAAAA |       2046 |      2395
 Neither dea      | AAAAAAAAIFAEAAAA |       1922 |      3231
 Neither dea      | AAAAAAAAIKNAAAAA |       1822 |      2066
 Neither dea      | AAAAAAAAIPMDAAAA |       2259 |      2820
 Neither dea      | AAAAAAAAJAFCAAAA |       2142 |      2175
 Neither dea      | AAAAAAAAJBPAAAAA |       1345 |      1834
 Neither dea      | AAAAAAAAJCDCAAAA |       1555 |      1623
 Neither dea      | AAAAAAAAJGLCAAAA |       1832 |      2079
 Neither dea      | AAAAAAAAJGNDAAAA |       1938 |      2316
 Neither dea      | AAAAAAAAJGOCAAAA |       1166 |      1681
 Neither dea      | AAAAAAAAJINBAAAA |       1481 |      2011
 Neither dea      | AAAAAAAAJKFBAAAA |       1648 |      2705
 Neither dea      | AAAAAAAAJLEEAAAA |        991 |      1543
 Neither dea      | AAAAAAAAJMKDAAAA |       2254 |      2679
(100 rows)

UPDATE time_statistics SET e_time = TRANSACTION_TIMESTAMP() WHERE template = '../query_postgresql/query21.tpl' AND stream = 4;
psql:/tmp/s1-basline/throughput/query_4.sql:1268: NOTICE:  duration: 0.032 ms  plan:
Query Text: UPDATE time_statistics SET e_time = TRANSACTION_TIMESTAMP() WHERE template = '../query_postgresql/query21.tpl' AND stream = 4;
Update on time_statistics  (cost=0.00..1.77 rows=0 width=0) (actual time=0.032..0.032 rows=0 loops=1)
  ->  Seq Scan on time_statistics  (cost=0.00..1.77 rows=1 width=14) (actual time=0.016..0.017 rows=1 loops=1)
        Filter: ((template = '../query_postgresql/query21.tpl'::text) AND (stream = 4))
        Rows Removed by Filter: 61
UPDATE 1
LOAD 'auto_explain'; SET auto_explain.log_min_duration TO 0; SET auto_explain.log_analyze TO on; SET auto_explain.log_level TO notice; INSERT INTO time_statistics (template, s_time, stream, query, seed) VALUES ('query78.tpl', TRANSACTION_TIMESTAMP(), 4, 22, 439616302);
LOAD
SET
SET
SET
psql:/tmp/s1-basline/throughput/query_4.sql:1269: NOTICE:  duration: 0.008 ms  plan:
Query Text: INSERT INTO time_statistics (template, s_time, stream, query, seed) VALUES ('query78.tpl', TRANSACTION_TIMESTAMP(), 4, 22, 439616302);
Insert on time_statistics  (cost=0.00..0.01 rows=0 width=0) (actual time=0.008..0.008 rows=0 loops=1)
  ->  Result  (cost=0.00..0.01 rows=1 width=64) (actual time=0.001..0.002 rows=1 loops=1)
INSERT 0 1
with ws as
  (select d_year AS ws_sold_year, ws_item_sk,
    ws_bill_customer_sk ws_customer_sk,
    sum(ws_quantity) ws_qty,
    sum(ws_wholesale_cost) ws_wc,
    sum(ws_sales_price) ws_sp
   from web_sales
   left join web_returns on wr_order_number=ws_order_number and ws_item_sk=wr_item_sk
   join date_dim on ws_sold_date_sk = d_date_sk
   where wr_order_number is null
   group by d_year, ws_item_sk, ws_bill_customer_sk
   ),
cs as
  (select d_year AS cs_sold_year, cs_item_sk,
    cs_bill_customer_sk cs_customer_sk,
    sum(cs_quantity) cs_qty,
    sum(cs_wholesale_cost) cs_wc,
    sum(cs_sales_price) cs_sp
   from catalog_sales
   left join catalog_returns on cr_order_number=cs_order_number and cs_item_sk=cr_item_sk
   join date_dim on cs_sold_date_sk = d_date_sk
   where cr_order_number is null
   group by d_year, cs_item_sk, cs_bill_customer_sk
   ),
ss as
  (select d_year AS ss_sold_year, ss_item_sk,
    ss_customer_sk,
    sum(ss_quantity) ss_qty,
    sum(ss_wholesale_cost) ss_wc,
    sum(ss_sales_price) ss_sp
   from store_sales
   left join store_returns on sr_ticket_number=ss_ticket_number and ss_item_sk=sr_item_sk
   join date_dim on ss_sold_date_sk = d_date_sk
   where sr_ticket_number is null
   group by d_year, ss_item_sk, ss_customer_sk
   )
 select 
ss_customer_sk,
round(ss_qty/(coalesce(ws_qty,0)+coalesce(cs_qty,0)),2) ratio,
ss_qty store_qty, ss_wc store_wholesale_cost, ss_sp store_sales_price,
coalesce(ws_qty,0)+coalesce(cs_qty,0) other_chan_qty,
coalesce(ws_wc,0)+coalesce(cs_wc,0) other_chan_wholesale_cost,
coalesce(ws_sp,0)+coalesce(cs_sp,0) other_chan_sales_price
from ss
left join ws on (ws_sold_year=ss_sold_year and ws_item_sk=ss_item_sk and ws_customer_sk=ss_customer_sk)
left join cs on (cs_sold_year=ss_sold_year and cs_item_sk=ss_item_sk and cs_customer_sk=ss_customer_sk)
where (coalesce(ws_qty,0)>0 or coalesce(cs_qty, 0)>0) and ss_sold_year=2000
order by 
  ss_customer_sk,
  ss_qty desc, ss_wc desc, ss_sp desc,
  other_chan_qty,
  other_chan_wholesale_cost,
  other_chan_sales_price,
  ratio
limit 100;
psql:/tmp/s1-basline/throughput/query_4.sql:1324: NOTICE:  duration: 3008.570 ms  plan:
Query Text: with ws as
  (select d_year AS ws_sold_year, ws_item_sk,
    ws_bill_customer_sk ws_customer_sk,
    sum(ws_quantity) ws_qty,
    sum(ws_wholesale_cost) ws_wc,
    sum(ws_sales_price) ws_sp
   from web_sales
   left join web_returns on wr_order_number=ws_order_number and ws_item_sk=wr_item_sk
   join date_dim on ws_sold_date_sk = d_date_sk
   where wr_order_number is null
   group by d_year, ws_item_sk, ws_bill_customer_sk
   ),
cs as
  (select d_year AS cs_sold_year, cs_item_sk,
    cs_bill_customer_sk cs_customer_sk,
    sum(cs_quantity) cs_qty,
    sum(cs_wholesale_cost) cs_wc,
    sum(cs_sales_price) cs_sp
   from catalog_sales
   left join catalog_returns on cr_order_number=cs_order_number and cs_item_sk=cr_item_sk
   join date_dim on cs_sold_date_sk = d_date_sk
   where cr_order_number is null
   group by d_year, cs_item_sk, cs_bill_customer_sk
   ),
ss as
  (select d_year AS ss_sold_year, ss_item_sk,
    ss_customer_sk,
    sum(ss_quantity) ss_qty,
    sum(ss_wholesale_cost) ss_wc,
    sum(ss_sales_price) ss_sp
   from store_sales
   left join store_returns on sr_ticket_number=ss_ticket_number and ss_item_sk=sr_item_sk
   join date_dim on ss_sold_date_sk = d_date_sk
   where sr_ticket_number is null
   group by d_year, ss_item_sk, ss_customer_sk
   )
 select 
ss_customer_sk,
round(ss_qty/(coalesce(ws_qty,0)+coalesce(cs_qty,0)),2) ratio,
ss_qty store_qty, ss_wc store_wholesale_cost, ss_sp store_sales_price,
coalesce(ws_qty,0)+coalesce(cs_qty,0) other_chan_qty,
coalesce(ws_wc,0)+coalesce(cs_wc,0) other_chan_wholesale_cost,
coalesce(ws_sp,0)+coalesce(cs_sp,0) other_chan_sales_price
from ss
left join ws on (ws_sold_year=ss_sold_year and ws_item_sk=ss_item_sk and ws_customer_sk=ss_customer_sk)
left join cs on (cs_sold_year=ss_sold_year and cs_item_sk=ss_item_sk and cs_customer_sk=ss_customer_sk)
where (coalesce(ws_qty,0)>0 or coalesce(cs_qty, 0)>0) and ss_sold_year=2000
order by 
  ss_customer_sk,
  ss_qty desc, ss_wc desc, ss_sp desc,
  other_chan_qty,
  other_chan_wholesale_cost,
  other_chan_sales_price,
  ratio
limit 100;
Limit  (cost=153415.65..153415.90 rows=100 width=88) (actual time=3008.216..3008.482 rows=100 loops=1)
  ->  Sort  (cost=153415.65..153416.02 rows=150 width=88) (actual time=3008.215..3008.474 rows=100 loops=1)
        Sort Key: store_sales.ss_customer_sk, (sum(store_sales.ss_quantity)) DESC, (sum(store_sales.ss_wholesale_cost)) DESC, (sum(store_sales.ss_sales_price)) DESC, ((COALESCE((sum(web_sales.ws_quantity)), '0'::bigint) + COALESCE(cs.cs_qty, '0'::bigint))), ((COALESCE((sum(web_sales.ws_wholesale_cost)), '0'::double precision) + COALESCE(cs.cs_wc, '0'::double precision))), ((COALESCE((sum(web_sales.ws_sales_price)), '0'::double precision) + COALESCE(cs.cs_sp, '0'::double precision))), (round((((sum(store_sales.ss_quantity)) / (COALESCE((sum(web_sales.ws_quantity)), '0'::bigint) + COALESCE(cs.cs_qty, '0'::bigint))))::numeric, 2))
        Sort Method: top-N heapsort  Memory: 39kB
        ->  Merge Left Join  (cost=153397.12..153410.23 rows=150 width=88) (actual time=2821.659..3008.399 rows=204 loops=1)
              Merge Cond: ((store_sales.ss_customer_sk = cs.cs_customer_sk) AND (store_sales.ss_item_sk = cs.cs_item_sk))
              Join Filter: (cs.cs_sold_year = date_dim.d_year)
              Filter: ((COALESCE((sum(web_sales.ws_quantity)), '0'::bigint) > 0) OR (COALESCE(cs.cs_qty, '0'::bigint) > 0))
              Rows Removed by Filter: 490690
              ->  Sort  (cost=128883.19..128883.86 rows=270 width=68) (actual time=1810.452..1883.226 rows=490894 loops=1)
                    Sort Key: store_sales.ss_customer_sk, store_sales.ss_item_sk
                    Sort Method: external merge  Disk: 31472kB
                    ->  Merge Left Join  (cost=128618.76..128872.28 rows=270 width=68) (actual time=1012.811..1566.373 rows=490894 loops=1)
                          Merge Cond: ((store_sales.ss_item_sk = web_sales.ws_item_sk) AND (store_sales.ss_customer_sk = web_sales.ws_bill_customer_sk))
                          Join Filter: (date_dim_1.d_year = date_dim.d_year)
                          ->  Finalize GroupAggregate  (cost=94175.05..94210.05 rows=270 width=44) (actual time=795.882..1139.891 rows=490894 loops=1)
                                Group Key: date_dim.d_year, store_sales.ss_item_sk, store_sales.ss_customer_sk
                                ->  Gather Merge  (cost=94175.05..94203.99 rows=224 width=44) (actual time=795.877..980.149 rows=493967 loops=1)
                                      Workers Planned: 2
                                      Workers Launched: 2
                                      ->  Partial GroupAggregate  (cost=93175.03..93178.11 rows=112 width=44) (actual time=782.391..872.706 rows=164656 loops=3)
                                            Group Key: date_dim.d_year, store_sales.ss_item_sk, store_sales.ss_customer_sk
                                            ->  Sort  (cost=93175.03..93175.31 rows=112 width=40) (actual time=782.381..798.301 rows=165453 loops=3)
                                                  Sort Key: store_sales.ss_item_sk, store_sales.ss_customer_sk
                                                  Sort Method: external merge  Disk: 10720kB
                                                  Worker 0:  Sort Method: external merge  Disk: 8528kB
                                                  Worker 1:  Sort Method: external merge  Disk: 8568kB
                                                  ->  Nested Loop Anti Join  (cost=2323.07..93171.22 rows=112 width=40) (actual time=14.454..684.338 rows=165453 loops=3)
                                                        ->  Hash Join  (cost=2322.65..90594.07 rows=5693 width=48) (actual time=14.386..286.396 rows=183784 loops=3)
                                                              Hash Cond: (store_sales.ss_sold_date_sk = date_dim.d_date_sk)
                                                              ->  Parallel Seq Scan on store_sales  (cost=0.00..85123.48 rows=1199148 width=52) (actual time=0.014..127.852 rows=959309 loops=3)
                                                              ->  Hash  (cost=2318.11..2318.11 rows=363 width=12) (actual time=14.328..14.332 rows=366 loops=3)
                                                                    Buckets: 1024  Batches: 1  Memory Usage: 26kB
                                                                    ->  Seq Scan on date_dim  (cost=0.00..2318.11 rows=363 width=12) (actual time=6.869..14.278 rows=366 loops=3)
                                                                          Filter: (d_year = 2000)
                                                                          Rows Removed by Filter: 72683
                                                        ->  Index Only Scan using pk_store_returns on store_returns  (cost=0.42..0.44 rows=1 width=16) (actual time=0.002..0.002 rows=0 loops=551351)
                                                              Index Cond: ((sr_item_sk = store_sales.ss_item_sk) AND (sr_ticket_number = store_sales.ss_ticket_number))
                                                              Heap Fetches: 0
                          ->  Materialize  (cost=34443.71..34650.81 rows=1451 width=44) (actual time=216.925..345.960 rows=129056 loops=1)
                                ->  Finalize GroupAggregate  (cost=34443.71..34632.67 rows=1451 width=44) (actual time=216.919..311.964 rows=129056 loops=1)
                                      Group Key: date_dim_1.d_year, web_sales.ws_item_sk, web_sales.ws_bill_customer_sk
                                      ->  Gather Merge  (cost=34443.71..34600.01 rows=1210 width=44) (actual time=216.913..268.386 rows=129056 loops=1)
                                            Workers Planned: 2
                                            Workers Launched: 2
                                            ->  Partial GroupAggregate  (cost=33443.68..33460.32 rows=605 width=44) (actual time=210.065..233.467 rows=43019 loops=3)
                                                  Group Key: date_dim_1.d_year, web_sales.ws_item_sk, web_sales.ws_bill_customer_sk
                                                  ->  Sort  (cost=33443.68..33445.20 rows=605 width=40) (actual time=210.058..213.966 rows=43019 loops=3)
                                                        Sort Key: web_sales.ws_item_sk, web_sales.ws_bill_customer_sk
                                                        Sort Method: quicksort  Memory: 6094kB
                                                        Worker 0:  Sort Method: quicksort  Memory: 4791kB
                                                        Worker 1:  Sort Method: quicksort  Memory: 4815kB
                                                        ->  Nested Loop Anti Join  (cost=2323.07..33415.73 rows=605 width=40) (actual time=14.414..191.678 rows=43019 loops=3)
                                                              ->  Hash Join  (cost=2322.65..32754.43 rows=1490 width=48) (actual time=14.362..98.463 rows=47782 loops=3)
                                                                    Hash Cond: (web_sales.ws_sold_date_sk = date_dim_1.d_date_sk)
                                                                    ->  Parallel Seq Scan on web_sales  (cost=0.00..29644.81 rows=299781 width=52) (actual time=0.018..45.694 rows=239825 loops=3)
                                                                    ->  Hash  (cost=2318.11..2318.11 rows=363 width=12) (actual time=14.299..14.300 rows=366 loops=3)
                                                                          Buckets: 1024  Batches: 1  Memory Usage: 26kB
                                                                          ->  Seq Scan on date_dim date_dim_1  (cost=0.00..2318.11 rows=363 width=12) (actual time=6.972..14.249 rows=366 loops=3)
                                                                                Filter: (d_year = 2000)
                                                                                Rows Removed by Filter: 72683
                                                              ->  Index Only Scan using pk_web_returns on web_returns  (cost=0.42..0.44 rows=1 width=16) (actual time=0.002..0.002 rows=0 loops=143347)
                                                                    Index Cond: ((wr_item_sk = web_sales.ws_item_sk) AND (wr_order_number = web_sales.ws_order_number))
                                                                    Heap Fetches: 0
              ->  Sort  (cost=24513.94..24516.71 rows=1111 width=44) (actual time=1009.314..1032.320 rows=258350 loops=1)
                    Sort Key: cs.cs_customer_sk, cs.cs_item_sk
                    Sort Method: external sort  Disk: 15696kB
                    ->  Subquery Scan on cs  (cost=24416.07..24457.73 rows=1111 width=44) (actual time=706.685..855.488 rows=258925 loops=1)
                          ->  GroupAggregate  (cost=24416.07..24446.62 rows=1111 width=44) (actual time=706.684..834.472 rows=258925 loops=1)
                                Group Key: date_dim_2.d_year, catalog_sales.cs_item_sk, catalog_sales.cs_bill_customer_sk
                                ->  Sort  (cost=24416.07..24418.85 rows=1111 width=40) (actual time=706.672..731.106 rows=258966 loops=1)
                                      Sort Key: catalog_sales.cs_item_sk, catalog_sales.cs_bill_customer_sk
                                      Sort Method: external merge  Disk: 14680kB
                                      ->  Nested Loop Anti Join  (cost=0.85..24359.87 rows=1111 width=40) (actual time=4.145..561.110 rows=258966 loops=1)
                                            ->  Nested Loop  (cost=0.43..21168.73 rows=7110 width=48) (actual time=4.132..124.103 rows=288171 loops=1)
                                                  ->  Seq Scan on date_dim date_dim_2  (cost=0.00..2318.11 rows=363 width=12) (actual time=4.108..8.551 rows=366 loops=1)
                                                        Filter: (d_year = 2000)
                                                        Rows Removed by Filter: 72683
                                                  ->  Index Scan using i_cs_sold_date_sk on catalog_sales  (cost=0.43..44.11 rows=782 width=52) (actual time=0.004..0.170 rows=787 loops=366)
                                                        Index Cond: (cs_sold_date_sk = date_dim_2.d_date_sk)
                                            ->  Index Only Scan using pk_catalog_returns on catalog_returns  (cost=0.42..0.44 rows=1 width=16) (actual time=0.001..0.001 rows=0 loops=288171)
                                                  Index Cond: ((cr_item_sk = catalog_sales.cs_item_sk) AND (cr_order_number = catalog_sales.cs_order_number))
                                                  Heap Fetches: 0
 ss_customer_sk | ratio | store_qty | store_wholesale_cost | store_sales_price | other_chan_qty | other_chan_wholesale_cost | other_chan_sales_price 
----------------+-------+-----------+----------------------+-------------------+----------------+---------------------------+------------------------
           1077 |  0.00 |         2 |                65.93 |             42.86 |             87 |                     64.61 |                  92.25
           1505 |  0.00 |        22 |                47.94 |              31.6 |             29 |                     74.77 |                  32.28
           2539 |  0.00 |        32 |                42.15 |             67.86 |             98 |                     46.58 |                  48.84
           2790 |  1.00 |        39 |                36.52 |             39.87 |             39 |                     71.17 |                  18.44
           3189 |  3.00 |        96 |                52.09 |             72.32 |             27 |                     19.94 |                  12.06
           3299 |  0.00 |        31 |                90.18 |             32.16 |             64 |                      4.57 |                    3.2
           3939 |  1.00 |        75 |                62.44 |             75.92 |             43 |                     34.34 |                  13.58
           5479 |  0.00 |        29 |                24.45 |              4.51 |             59 |                     56.08 |                  43.04
           5480 |  1.00 |        60 |                 97.7 |            103.58 |             57 |                     57.07 |                  33.52
           5653 |  0.00 |        43 |                63.48 |             40.22 |             44 |                      6.89 |                   19.3
           6082 |  0.00 |         3 |                28.71 |              2.23 |             88 |                     30.28 |                  34.59
           7774 |  0.00 |        51 |                82.93 |             59.51 |             77 |                     63.04 |                 120.01
           8393 |  1.00 |        38 |                83.03 |             64.16 |             27 |                     56.46 |                  33.19
           8587 |  1.00 |        99 |                43.36 |              43.7 |             65 |                     29.09 |                  18.97
           8849 |  0.00 |        53 |                52.37 |             51.15 |             57 |                       2.5 |                   1.66
           8912 |  1.00 |        82 |                90.81 |             10.18 |             43 |                      96.1 |                 121.56
          11101 |  6.00 |        73 |                78.03 |              6.21 |             11 |                     83.18 |                 168.73
          11795 | 21.00 |        21 |                37.84 |             24.51 |              1 |                     22.66 |                  14.53
          11898 |  0.00 |        10 |                67.71 |             61.36 |             28 |                     58.94 |                   5.65
          12076 |  0.00 |        25 |                 78.4 |             13.38 |             27 |                     18.91 |                  10.32
          12282 |  0.00 |         8 |                79.06 |             55.65 |             85 |                     17.14 |                  25.19
          12806 |  0.00 |        35 |                 3.81 |              4.13 |             88 |                     96.37 |                 112.78
          12849 |  5.00 |        61 |                76.26 |             18.46 |             11 |                     42.89 |                  10.68
          12849 |  0.00 |         6 |                51.09 |             42.63 |             98 |                     91.79 |                  51.54
          13068 |  0.00 |        79 |                55.55 |             93.32 |             80 |                     61.65 |                  24.07
          13264 |  0.00 |         3 |                78.79 |             41.17 |             32 |                     93.25 |                 108.17
          14257 |  0.00 |        32 |                   66 |             69.97 |             69 |                     35.26 |                  52.03
          14269 |  1.00 |        39 |                 51.2 |             55.41 |             27 |                     21.24 |                   1.52
          14818 |  1.00 |        65 |                24.75 |             13.72 |             41 |                     81.96 |                  97.69
          15516 |  0.00 |         1 |                70.05 |             10.78 |             19 |                     51.57 |                   10.1
          16385 |  0.00 |        58 |                15.14 |             12.71 |             62 |                     31.12 |                  49.59
          17225 |  2.00 |        83 |                69.71 |            123.83 |             37 |                     15.96 |                  10.42
          17259 |  0.00 |        10 |                18.79 |             13.49 |             26 |                     99.43 |                 126.76
          17743 | 11.00 |        70 |                 54.4 |              23.8 |              6 |                     16.75 |                    8.5
          18431 |  1.00 |        37 |               115.61 |            175.78 |             29 |                     87.65 |                  41.01
          18674 |  0.00 |        45 |                 4.92 |              5.55 |             82 |                      4.64 |                    3.6
          19480 |  1.00 |        61 |                 9.26 |              1.28 |             49 |                      69.3 |                  64.94
          19559 |  1.00 |        98 |                19.63 |             25.93 |             53 |                     95.89 |                  35.59
          19726 |  9.00 |        89 |                73.39 |             75.29 |              9 |                     80.53 |                  54.74
          19868 |  0.00 |        59 |                85.29 |              15.4 |             70 |                     43.12 |                  101.5
          21153 |  0.00 |        17 |                95.91 |             72.86 |             46 |                     94.34 |                  34.09
          21358 |  1.00 |        70 |                24.58 |             17.34 |             41 |                     60.44 |                  56.71
          21469 |  0.00 |        22 |                 30.6 |             47.36 |             43 |                     45.28 |                  76.56
          21493 |  0.00 |        87 |                59.66 |              16.7 |             96 |                     24.42 |                  30.61
          21866 |  2.00 |        71 |                94.87 |             45.48 |             27 |                     62.54 |                  83.07
          22030 |  2.00 |        90 |                52.13 |             58.47 |             35 |                     37.96 |                  25.43
          22584 |  1.00 |        93 |                85.17 |             25.12 |             53 |                      1.89 |                   2.09
          24048 |  2.00 |        18 |                34.13 |             18.72 |              9 |                     13.58 |                  18.09
          24364 |  0.00 |        68 |                87.97 |             27.44 |             88 |                     18.84 |                  25.17
          24819 |  0.00 |        12 |                49.32 |             19.42 |             26 |                     74.39 |                  60.99
          24996 |  0.00 |        13 |                19.51 |             13.81 |             39 |                     27.04 |                  62.78
          25805 |  6.00 |        94 |                25.05 |              6.49 |             15 |                      6.98 |                   9.46
          26742 |  1.00 |        76 |                82.68 |             13.97 |             60 |                     26.06 |                   22.1
          27930 |  0.00 |         4 |                 1.53 |              2.24 |             24 |                     26.15 |                     38
          28044 |  0.00 |         3 |                 57.3 |             84.36 |             69 |                     78.04 |                  68.57
          28057 |  0.00 |        21 |                28.67 |              1.85 |             67 |                     39.42 |                  25.72
          28109 |  2.00 |        42 |                36.23 |             45.49 |             16 |                     24.83 |                  27.46
          28312 |  0.00 |        14 |                92.21 |             26.33 |             17 |                     73.26 |                  64.87
          28801 | 13.00 |        78 |                36.58 |             49.82 |              6 |                     80.28 |                  62.13
          29920 |  1.00 |        12 |                59.38 |             18.95 |             11 |                     71.87 |                  64.17
          29993 |  1.00 |        58 |                57.48 |             71.31 |             50 |                     52.66 |                  84.12
          30476 |  0.00 |        10 |                 66.2 |             60.76 |             26 |                     63.04 |                   2.69
          30649 |  5.00 |        70 |                51.26 |              53.6 |             12 |                     71.98 |                 167.85
          31527 |  4.00 |        99 |                 5.46 |              0.29 |             24 |                     44.45 |                  38.82
          31684 |  0.00 |        73 |                93.47 |             31.25 |             87 |                     64.12 |                  152.9
          34213 |  1.00 |        27 |                 4.48 |              4.66 |             15 |                     94.84 |                 167.46
          34369 |  0.00 |        34 |                56.46 |             47.95 |             69 |                     11.08 |                  21.79
          34702 | 53.00 |        53 |                 8.63 |              4.65 |              1 |                     17.21 |                   0.22
          35281 |  2.00 |        18 |                60.23 |             33.97 |              8 |                      64.7 |                  97.14
          35731 |  2.00 |        66 |                79.86 |             23.36 |             28 |                     73.85 |                 127.28
          35922 |  0.00 |        63 |                65.32 |             17.12 |             88 |                     51.77 |                  44.52
          36792 |  1.00 |       100 |                 80.2 |             49.41 |             71 |                     65.42 |                  14.91
          36968 |  1.00 |        32 |                   67 |             73.77 |             19 |                     33.41 |                   15.1
          37069 |  1.00 |        50 |                95.72 |             85.23 |             50 |                      68.7 |                  19.06
          38245 |  5.00 |        68 |                77.59 |             147.5 |             13 |                     62.58 |                 127.77
          38813 |  0.00 |         1 |                53.55 |             31.48 |             83 |                     44.18 |                  64.61
          39106 |  1.00 |        71 |                14.34 |              9.69 |             56 |                     90.62 |                   1.07
          39501 |  1.00 |        88 |                28.57 |              2.99 |             76 |                     69.76 |                  36.81
          39609 |  0.00 |        48 |                28.28 |             34.55 |             75 |                      4.63 |                  10.48
          40014 |  0.00 |        22 |                 9.48 |              11.3 |             65 |                     85.32 |                  26.49
          40651 |  0.00 |        73 |                95.32 |             65.94 |             93 |                     20.96 |                  29.65
          42026 |  0.00 |        15 |                42.57 |              28.6 |             30 |                     98.73 |                 103.75
          42728 |  0.00 |        40 |                41.52 |             13.39 |             93 |                     12.17 |                  19.69
          42810 |  1.00 |        42 |                21.78 |              14.7 |             32 |                       7.5 |                   0.69
          42812 |  0.00 |        45 |                31.38 |              2.83 |             76 |                     30.82 |                  35.71
          42900 | 14.00 |        42 |                59.99 |             42.32 |              3 |                        35 |                  31.24
          43823 |  1.00 |        62 |                76.85 |             56.25 |             46 |                     72.33 |                  53.31
          45880 |  0.00 |        39 |                93.58 |            106.74 |             68 |                      9.47 |                   9.83
          46007 |  0.00 |         8 |                59.46 |             72.49 |             67 |                     11.75 |                   2.03
          46046 |  0.00 |        33 |                88.83 |               110 |             62 |                     97.09 |                 177.55
          46374 |  0.00 |        48 |                65.66 |             53.03 |             90 |                     14.08 |                   17.9
          46773 |  0.00 |        83 |                87.87 |             28.79 |             99 |                     40.65 |                   9.81
          47025 |  0.00 |        66 |                 5.37 |              7.47 |             94 |                     38.03 |                    5.4
          47684 |  0.00 |        46 |                98.65 |             19.29 |             75 |                     14.94 |                  30.22
          49567 |  1.00 |        37 |                57.16 |                 9 |             25 |                      9.34 |                  14.77
          49632 |       |           |                      |             35.38 |             80 |                     68.83 |                  92.18
          50394 |  5.00 |        90 |                85.01 |            149.29 |             16 |                      65.1 |                  86.84
          50730 |  1.00 |        78 |                66.65 |             19.32 |             60 |                     51.28 |                  45.06
          50751 |  1.00 |        89 |                 9.47 |              9.81 |             47 |                     25.13 |                  25.58
          51102 |  0.00 |        21 |                 9.81 |             16.57 |             52 |                     25.29 |                  42.24
(100 rows)

UPDATE time_statistics SET e_time = TRANSACTION_TIMESTAMP() WHERE template = 'query78.tpl' AND stream = 4;
psql:/tmp/s1-basline/throughput/query_4.sql:1326: NOTICE:  duration: 0.035 ms  plan:
Query Text: UPDATE time_statistics SET e_time = TRANSACTION_TIMESTAMP() WHERE template = 'query78.tpl' AND stream = 4;
Update on time_statistics  (cost=0.00..1.77 rows=0 width=0) (actual time=0.035..0.035 rows=0 loops=1)
  ->  Seq Scan on time_statistics  (cost=0.00..1.77 rows=1 width=14) (actual time=0.021..0.021 rows=1 loops=1)
        Filter: ((template = 'query78.tpl'::text) AND (stream = 4))
        Rows Removed by Filter: 62
UPDATE 1
LOAD 'auto_explain'; SET auto_explain.log_min_duration TO 0; SET auto_explain.log_analyze TO on; SET auto_explain.log_level TO notice; INSERT INTO time_statistics (template, s_time, stream, query, seed) VALUES ('../query_postgresql/query40.tpl', TRANSACTION_TIMESTAMP(), 4, 23, 2140521913);
LOAD
SET
SET
SET
psql:/tmp/s1-basline/throughput/query_4.sql:1327: NOTICE:  duration: 0.008 ms  plan:
Query Text: INSERT INTO time_statistics (template, s_time, stream, query, seed) VALUES ('../query_postgresql/query40.tpl', TRANSACTION_TIMESTAMP(), 4, 23, 2140521913);
Insert on time_statistics  (cost=0.00..0.01 rows=0 width=0) (actual time=0.008..0.008 rows=0 loops=1)
  ->  Result  (cost=0.00..0.01 rows=1 width=64) (actual time=0.001..0.001 rows=1 loops=1)
INSERT 0 1
select  
   w_state
  ,i_item_id
  ,sum(case when (cast(d_date as date) < cast ('2002-04-19' as date)) 
 		then cs_sales_price - coalesce(cr_refunded_cash,0) else 0 end) as sales_before
  ,sum(case when (cast(d_date as date) >= cast ('2002-04-19' as date)) 
 		then cs_sales_price - coalesce(cr_refunded_cash,0) else 0 end) as sales_after
 from
   catalog_sales left outer join catalog_returns on
       (cs_order_number = cr_order_number 
        and cs_item_sk = cr_item_sk)
  ,warehouse 
  ,item
  ,date_dim
 where
     i_current_price between 0.99 and 1.49
 and i_item_sk          = cs_item_sk
 and cs_warehouse_sk    = w_warehouse_sk 
 and cs_sold_date_sk    = d_date_sk
 and d_date between (cast ('2002-04-19' as date) - interval '30 days')
                and (cast ('2002-04-19' as date) + interval '30 days') 
 group by
    w_state,i_item_id
 order by w_state,i_item_id
limit 100;
psql:/tmp/s1-basline/throughput/query_4.sql:1352: NOTICE:  duration: 64.357 ms  plan:
Query Text: select  
   w_state
  ,i_item_id
  ,sum(case when (cast(d_date as date) < cast ('2002-04-19' as date)) 
 		then cs_sales_price - coalesce(cr_refunded_cash,0) else 0 end) as sales_before
  ,sum(case when (cast(d_date as date) >= cast ('2002-04-19' as date)) 
 		then cs_sales_price - coalesce(cr_refunded_cash,0) else 0 end) as sales_after
 from
   catalog_sales left outer join catalog_returns on
       (cs_order_number = cr_order_number 
        and cs_item_sk = cr_item_sk)
  ,warehouse 
  ,item
  ,date_dim
 where
     i_current_price between 0.99 and 1.49
 and i_item_sk          = cs_item_sk
 and cs_warehouse_sk    = w_warehouse_sk 
 and cs_sold_date_sk    = d_date_sk
 and d_date between (cast ('2002-04-19' as date) - interval '30 days')
                and (cast ('2002-04-19' as date) + interval '30 days') 
 group by
    w_state,i_item_id
 order by w_state,i_item_id
limit 100;
Limit  (cost=3978.90..3981.47 rows=79 width=36) (actual time=64.190..64.313 rows=100 loops=1)
  ->  GroupAggregate  (cost=3978.90..3981.47 rows=79 width=36) (actual time=64.189..64.305 rows=100 loops=1)
        Group Key: warehouse.w_state, item.i_item_id
        ->  Sort  (cost=3978.90..3979.10 rows=79 width=40) (actual time=64.180..64.193 rows=334 loops=1)
              Sort Key: warehouse.w_state, item.i_item_id
              Sort Method: quicksort  Memory: 175kB
              ->  Nested Loop  (cost=1.43..3976.41 rows=79 width=40) (actual time=0.092..59.919 rows=1774 loops=1)
                    Join Filter: (catalog_sales.cs_warehouse_sk = warehouse.w_warehouse_sk)
                    Rows Removed by Join Filter: 3601
                    ->  Nested Loop Left Join  (cost=1.43..3970.22 rows=79 width=45) (actual time=0.085..59.119 rows=1779 loops=1)
                          ->  Nested Loop  (cost=1.01..3935.17 rows=79 width=53) (actual time=0.080..55.430 rows=1779 loops=1)
                                ->  Nested Loop  (cost=0.72..3539.27 rows=1273 width=36) (actual time=0.034..11.620 rows=27752 loops=1)
                                      ->  Index Scan using i_d_date on date_dim  (cost=0.29..4.79 rows=65 width=12) (actual time=0.010..0.032 rows=61 loops=1)
                                            Index Cond: ((d_date >= '2002-03-20 00:00:00'::timestamp without time zone) AND (d_date <= '2002-05-19 00:00:00'::timestamp without time zone))
                                      ->  Index Scan using i_cs_sold_date_sk on catalog_sales  (cost=0.43..46.56 rows=782 width=40) (actual time=0.004..0.115 rows=455 loops=61)
                                            Index Cond: (cs_sold_date_sk = date_dim.d_date_sk)
                                ->  Index Scan using pk_item on item  (cost=0.29..0.31 rows=1 width=25) (actual time=0.001..0.001 rows=0 loops=27752)
                                      Index Cond: (i_item_sk = catalog_sales.cs_item_sk)
                                      Filter: ((i_current_price >= '0.99'::double precision) AND (i_current_price <= '1.49'::double precision))
                                      Rows Removed by Filter: 1
                          ->  Index Scan using pk_catalog_returns on catalog_returns  (cost=0.42..0.44 rows=1 width=24) (actual time=0.002..0.002 rows=0 loops=1779)
                                Index Cond: ((cr_item_sk = catalog_sales.cs_item_sk) AND (cr_order_number = catalog_sales.cs_order_number))
                    ->  Materialize  (cost=0.00..1.07 rows=5 width=11) (actual time=0.000..0.000 rows=3 loops=1779)
                          ->  Seq Scan on warehouse  (cost=0.00..1.05 rows=5 width=11) (actual time=0.002..0.003 rows=5 loops=1)
 w_state |    i_item_id     |    sales_before     |     sales_after     
---------+------------------+---------------------+---------------------
 TN      | AAAAAAAAAACCAAAA |               18.78 |   99.00999999999999
 TN      | AAAAAAAAAAFDAAAA |                   0 |              159.61
 TN      | AAAAAAAAAAHAAAAA |                1.19 |              210.75
 TN      | AAAAAAAAAAJCAAAA |               25.89 |  -948.1399999999999
 TN      | AAAAAAAAAANAAAAA |              286.68 |               27.81
 TN      | AAAAAAAAABABAAAA |             -273.71 |              112.62
 TN      | AAAAAAAAABEDAAAA |                9.27 |              340.46
 TN      | AAAAAAAAACEBAAAA |               44.14 |               97.23
 TN      | AAAAAAAAACFAAAAA |              192.52 |            -2281.88
 TN      | AAAAAAAAADAEAAAA |                   0 |              128.54
 TN      | AAAAAAAAADHAAAAA |              148.83 |               25.76
 TN      | AAAAAAAAAENDAAAA |               60.02 |                   0
 TN      | AAAAAAAAAFCBAAAA |               47.93 |               75.44
 TN      | AAAAAAAAAFDAAAAA |               50.61 |               28.78
 TN      | AAAAAAAAAFEBAAAA |                36.2 |                   0
 TN      | AAAAAAAAAFIAAAAA |                   0 |                 2.8
 TN      | AAAAAAAAAFMAAAAA |               72.37 |                7.97
 TN      | AAAAAAAAAHJBAAAA |                4.49 |               61.39
 TN      | AAAAAAAAAHPBAAAA |               40.36 |               57.58
 TN      | AAAAAAAAAJGCAAAA |                1.89 |               21.79
 TN      | AAAAAAAAAJHAAAAA |                0.01 |                   0
 TN      | AAAAAAAAAJJBAAAA |               57.01 |   6.680000000000007
 TN      | AAAAAAAAAJOCAAAA |  298.96000000000004 |               39.68
 TN      | AAAAAAAAAKEAAAAA |               47.28 |              197.46
 TN      | AAAAAAAAAKECAAAA |              118.28 |               91.62
 TN      | AAAAAAAAAKIBAAAA |              214.28 |                4.29
 TN      | AAAAAAAAAKKCAAAA |               21.19 |               99.18
 TN      | AAAAAAAAAKKDAAAA |              114.07 |               10.01
 TN      | AAAAAAAAAKOBAAAA |              263.93 |                   0
 TN      | AAAAAAAAAKPAAAAA |                   0 |               62.67
 TN      | AAAAAAAAAKPDAAAA |                   0 |              177.68
 TN      | AAAAAAAAALIAAAAA |  -44.53999999999999 |                8.12
 TN      | AAAAAAAAAMPBAAAA |              285.94 |  -6308.599999999999
 TN      | AAAAAAAAANAEAAAA |  252.60000000000002 |              131.42
 TN      | AAAAAAAAANLCAAAA |             -477.26 |              114.12
 TN      | AAAAAAAAANNDAAAA |               163.9 |             -147.92
 TN      | AAAAAAAAANPAAAAA |               61.77 |             -199.54
 TN      | AAAAAAAAANPDAAAA |               60.79 |  133.39000000000001
 TN      | AAAAAAAAAOADAAAA |                   0 |   94.21000000000001
 TN      | AAAAAAAAAOECAAAA |              106.01 |                   0
 TN      | AAAAAAAAAOHCAAAA |  230.39999999999998 |             -275.55
 TN      | AAAAAAAAAPBBAAAA |               23.09 |                22.3
 TN      | AAAAAAAAAPEAAAAA |              -29.25 |                   0
 TN      | AAAAAAAAAPFCAAAA |             -153.59 |              139.75
 TN      | AAAAAAAAAPICAAAA |               72.93 |              140.24
 TN      | AAAAAAAABBBBAAAA |              102.33 |                7.26
 TN      | AAAAAAAABBCDAAAA |                9.18 |              117.16
 TN      | AAAAAAAABBOAAAAA |               75.73 |               82.14
 TN      | AAAAAAAABBPCAAAA |  -882.5899999999999 |  -41.25000000000001
 TN      | AAAAAAAABCBDAAAA |  13.870000000000001 |  225.79000000000002
 TN      | AAAAAAAABCEAAAAA |               46.82 |               28.95
 TN      | AAAAAAAABCKAAAAA |                   0 |               91.29
 TN      | AAAAAAAABDOBAAAA |                 1.1 |               41.34
 TN      | AAAAAAAABDPAAAAA |             -980.35 |               27.42
 TN      | AAAAAAAABDPDAAAA |              120.87 |               50.23
 TN      | AAAAAAAABEGCAAAA |              106.71 |                   0
 TN      | AAAAAAAABFICAAAA |               87.13 |   54.17000000000001
 TN      | AAAAAAAABFKAAAAA |              183.53 |               30.22
 TN      | AAAAAAAABGKCAAAA |              156.15 | -125.76999999999998
 TN      | AAAAAAAABHCDAAAA |              246.46 |               80.65
 TN      | AAAAAAAABHFAAAAA |               25.32 |             -723.34
 TN      | AAAAAAAABIKDAAAA |                   0 |               62.31
 TN      | AAAAAAAABIOCAAAA |               80.83 |                   0
 TN      | AAAAAAAABJPDAAAA |                   0 |               77.56
 TN      | AAAAAAAABKGCAAAA | -15.650000000000006 |                   0
 TN      | AAAAAAAABKNBAAAA |               37.21 |              -747.6
 TN      | AAAAAAAABKPCAAAA |   84.22999999999999 |              -357.2
 TN      | AAAAAAAABLEAAAAA |               15.02 |               63.43
 TN      | AAAAAAAABLKAAAAA |   54.25999999999999 |  -54.69000000000001
 TN      | AAAAAAAABMBCAAAA |              128.32 |                   0
 TN      | AAAAAAAABMECAAAA |                 9.4 |                   0
 TN      | AAAAAAAABMKCAAAA |              157.87 |               16.62
 TN      | AAAAAAAABNFAAAAA |                   0 |              121.07
 TN      | AAAAAAAACAIBAAAA |              175.91 |               67.87
 TN      | AAAAAAAACAKCAAAA |                 7.5 |                   0
 TN      | AAAAAAAACAMDAAAA |                8.15 |               80.38
 TN      | AAAAAAAACBEBAAAA |               75.29 |  178.48999999999998
 TN      | AAAAAAAACBIDAAAA |               58.32 |                   0
 TN      | AAAAAAAACBPBAAAA |               34.99 |                9.85
 TN      | AAAAAAAACCFEAAAA | -19.819999999999993 |               24.06
 TN      | AAAAAAAACCNDAAAA |  -841.0699999999999 |   271.9200000000001
 TN      | AAAAAAAACDOAAAAA |               18.21 |                   0
 TN      | AAAAAAAACEABAAAA |               83.43 |                   0
 TN      | AAAAAAAACFBDAAAA |              169.62 |               50.88
 TN      | AAAAAAAACFGAAAAA |               72.63 |              192.53
 TN      | AAAAAAAACFLCAAAA |                   0 | -222.07999999999998
 TN      | AAAAAAAACGDDAAAA |              145.62 |                   0
 TN      | AAAAAAAACGJDAAAA |               90.81 |               31.32
 TN      | AAAAAAAACHGBAAAA |              174.59 |               69.69
 TN      | AAAAAAAACIGAAAAA |            -6139.69 |                25.6
 TN      | AAAAAAAACIICAAAA |  131.92000000000002 |                   0
 TN      | AAAAAAAACIJBAAAA |               34.14 |   80.08999999999999
 TN      | AAAAAAAACIMDAAAA |               13.55 |              132.51
 TN      | AAAAAAAACIPDAAAA |               61.11 |            -1446.72
 TN      | AAAAAAAACJCEAAAA |               78.36 |                8.48
 TN      | AAAAAAAACKBAAAAA |                   0 |               61.79
 TN      | AAAAAAAACKPBAAAA |            -1486.74 | -0.6799999999999997
 TN      | AAAAAAAACLAAAAAA |               68.25 |               45.02
 TN      | AAAAAAAACLBCAAAA |                   0 |              169.19
 TN      | AAAAAAAACLDDAAAA |                   0 |              253.35
(100 rows)

UPDATE time_statistics SET e_time = TRANSACTION_TIMESTAMP() WHERE template = '../query_postgresql/query40.tpl' AND stream = 4;
psql:/tmp/s1-basline/throughput/query_4.sql:1354: NOTICE:  duration: 0.028 ms  plan:
Query Text: UPDATE time_statistics SET e_time = TRANSACTION_TIMESTAMP() WHERE template = '../query_postgresql/query40.tpl' AND stream = 4;
Update on time_statistics  (cost=0.00..1.77 rows=0 width=0) (actual time=0.027..0.027 rows=0 loops=1)
  ->  Seq Scan on time_statistics  (cost=0.00..1.77 rows=1 width=14) (actual time=0.015..0.015 rows=1 loops=1)
        Filter: ((template = '../query_postgresql/query40.tpl'::text) AND (stream = 4))
        Rows Removed by Filter: 63
UPDATE 1
LOAD 'auto_explain'; SET auto_explain.log_min_duration TO 0; SET auto_explain.log_analyze TO on; SET auto_explain.log_level TO notice; INSERT INTO time_statistics (template, s_time, stream, query, seed) VALUES ('query99.tpl', TRANSACTION_TIMESTAMP(), 4, 24, 1105737247);
LOAD
SET
SET
SET
psql:/tmp/s1-basline/throughput/query_4.sql:1355: NOTICE:  duration: 0.009 ms  plan:
Query Text: INSERT INTO time_statistics (template, s_time, stream, query, seed) VALUES ('query99.tpl', TRANSACTION_TIMESTAMP(), 4, 24, 1105737247);
Insert on time_statistics  (cost=0.00..0.01 rows=0 width=0) (actual time=0.008..0.008 rows=0 loops=1)
  ->  Result  (cost=0.00..0.01 rows=1 width=64) (actual time=0.002..0.002 rows=1 loops=1)
INSERT 0 1
select  
   substr(w_warehouse_name,1,20)
  ,sm_type
  ,cc_name
  ,sum(case when (cs_ship_date_sk - cs_sold_date_sk <= 30 ) then 1 else 0 end)  as "30 days" 
  ,sum(case when (cs_ship_date_sk - cs_sold_date_sk > 30) and 
                 (cs_ship_date_sk - cs_sold_date_sk <= 60) then 1 else 0 end )  as "31-60 days" 
  ,sum(case when (cs_ship_date_sk - cs_sold_date_sk > 60) and 
                 (cs_ship_date_sk - cs_sold_date_sk <= 90) then 1 else 0 end)  as "61-90 days" 
  ,sum(case when (cs_ship_date_sk - cs_sold_date_sk > 90) and
                 (cs_ship_date_sk - cs_sold_date_sk <= 120) then 1 else 0 end)  as "91-120 days" 
  ,sum(case when (cs_ship_date_sk - cs_sold_date_sk  > 120) then 1 else 0 end)  as ">120 days" 
from
   catalog_sales
  ,warehouse
  ,ship_mode
  ,call_center
  ,date_dim
where
    d_month_seq between 1189 and 1189 + 11
and cs_ship_date_sk   = d_date_sk
and cs_warehouse_sk   = w_warehouse_sk
and cs_ship_mode_sk   = sm_ship_mode_sk
and cs_call_center_sk = cc_call_center_sk
group by
   substr(w_warehouse_name,1,20)
  ,sm_type
  ,cc_name
order by substr(w_warehouse_name,1,20)
        ,sm_type
        ,cc_name
limit 100;
psql:/tmp/s1-basline/throughput/query_4.sql:1387: NOTICE:  duration: 403.204 ms  plan:
Query Text: select  
   substr(w_warehouse_name,1,20)
  ,sm_type
  ,cc_name
  ,sum(case when (cs_ship_date_sk - cs_sold_date_sk <= 30 ) then 1 else 0 end)  as "30 days" 
  ,sum(case when (cs_ship_date_sk - cs_sold_date_sk > 30) and 
                 (cs_ship_date_sk - cs_sold_date_sk <= 60) then 1 else 0 end )  as "31-60 days" 
  ,sum(case when (cs_ship_date_sk - cs_sold_date_sk > 60) and 
                 (cs_ship_date_sk - cs_sold_date_sk <= 90) then 1 else 0 end)  as "61-90 days" 
  ,sum(case when (cs_ship_date_sk - cs_sold_date_sk > 90) and
                 (cs_ship_date_sk - cs_sold_date_sk <= 120) then 1 else 0 end)  as "91-120 days" 
  ,sum(case when (cs_ship_date_sk - cs_sold_date_sk  > 120) then 1 else 0 end)  as ">120 days" 
from
   catalog_sales
  ,warehouse
  ,ship_mode
  ,call_center
  ,date_dim
where
    d_month_seq between 1189 and 1189 + 11
and cs_ship_date_sk   = d_date_sk
and cs_warehouse_sk   = w_warehouse_sk
and cs_ship_mode_sk   = sm_ship_mode_sk
and cs_call_center_sk = cc_call_center_sk
group by
   substr(w_warehouse_name,1,20)
  ,sm_type
  ,cc_name
order by substr(w_warehouse_name,1,20)
        ,sm_type
        ,cc_name
limit 100;
Limit  (cost=64561.91..64770.85 rows=90 width=115) (actual time=342.420..403.128 rows=90 loops=1)
  ->  Finalize GroupAggregate  (cost=64561.91..64770.85 rows=90 width=115) (actual time=342.419..403.118 rows=90 loops=1)
        Group Key: (substr((warehouse.w_warehouse_name)::text, 1, 20)), ship_mode.sm_type, call_center.cc_name
        ->  Gather Merge  (cost=64561.91..64766.13 rows=180 width=115) (actual time=341.771..403.004 rows=270 loops=1)
              Workers Planned: 2
              Workers Launched: 2
              ->  Partial GroupAggregate  (cost=63561.89..63745.33 rows=90 width=115) (actual time=306.566..345.851 rows=90 loops=3)
                    Group Key: (substr((warehouse.w_warehouse_name)::text, 1, 20)), ship_mode.sm_type, call_center.cc_name
                    ->  Sort  (cost=63561.89..63569.18 rows=2917 width=91) (actual time=306.016..310.686 rows=94463 loops=3)
                          Sort Key: (substr((warehouse.w_warehouse_name)::text, 1, 20)), ship_mode.sm_type, call_center.cc_name
                          Sort Method: quicksort  Memory: 15638kB
                          Worker 0:  Sort Method: quicksort  Memory: 12486kB
                          Worker 1:  Sort Method: quicksort  Memory: 12579kB
                          ->  Hash Join  (cost=2508.97..63394.01 rows=2917 width=91) (actual time=29.281..225.580 rows=94463 loops=3)
                                Hash Cond: (catalog_sales.cs_warehouse_sk = warehouse.w_warehouse_sk)
                                ->  Hash Join  (cost=2507.86..63371.43 rows=2932 width=67) (actual time=29.205..199.260 rows=94530 loops=3)
                                      Hash Cond: (catalog_sales.cs_call_center_sk = call_center.cc_call_center_sk)
                                      ->  Hash Join  (cost=2506.72..63357.11 rows=2948 width=63) (actual time=29.167..185.268 rows=94655 loops=3)
                                            Hash Cond: (catalog_sales.cs_ship_mode_sk = ship_mode.sm_ship_mode_sk)
                                            ->  Hash Join  (cost=2505.27..63346.25 rows=2964 width=40) (actual time=29.130..169.502 rows=94877 loops=3)
                                                  Hash Cond: (catalog_sales.cs_ship_date_sk = date_dim.d_date_sk)
                                                  ->  Parallel Seq Scan on catalog_sales  (cost=0.00..59266.53 rows=599753 width=40) (actual time=0.015..82.682 rows=479804 loops=3)
                                                  ->  Hash  (cost=2500.73..2500.73 rows=363 width=8) (actual time=13.081..13.082 rows=365 loops=3)
                                                        Buckets: 1024  Batches: 1  Memory Usage: 23kB
                                                        ->  Seq Scan on date_dim  (cost=0.00..2500.73 rows=363 width=8) (actual time=6.083..13.037 rows=365 loops=3)
                                                              Filter: ((d_month_seq >= 1189) AND (d_month_seq <= 1200))
                                                              Rows Removed by Filter: 72684
                                            ->  Hash  (cost=1.20..1.20 rows=20 width=39) (actual time=0.024..0.025 rows=20 loops=3)
                                                  Buckets: 1024  Batches: 1  Memory Usage: 10kB
                                                  ->  Seq Scan on ship_mode  (cost=0.00..1.20 rows=20 width=39) (actual time=0.018..0.020 rows=20 loops=3)
                                      ->  Hash  (cost=1.06..1.06 rows=6 width=20) (actual time=0.025..0.026 rows=6 loops=3)
                                            Buckets: 1024  Batches: 1  Memory Usage: 9kB
                                            ->  Seq Scan on call_center  (cost=0.00..1.06 rows=6 width=20) (actual time=0.021..0.022 rows=6 loops=3)
                                ->  Hash  (cost=1.05..1.05 rows=5 width=22) (actual time=0.033..0.034 rows=5 loops=3)
                                      Buckets: 1024  Batches: 1  Memory Usage: 9kB
                                      ->  Seq Scan on warehouse  (cost=0.00..1.05 rows=5 width=22) (actual time=0.025..0.026 rows=5 loops=3)
       substr        |            sm_type             |    cc_name    | 30 days | 31-60 days | 61-90 days | 91-120 days | >120 days 
---------------------+--------------------------------+---------------+---------+------------+------------+-------------+-----------
 Neither dea         | EXPRESS                        | Mid Atlantic  |    1253 |       1280 |       1214 |           0 |         0
 Neither dea         | EXPRESS                        | North Midwest |    1205 |       1336 |       1259 |           0 |         0
 Neither dea         | EXPRESS                        | NY Metro      |    1244 |       1279 |       1235 |           0 |         0
 Neither dea         | LIBRARY                        | Mid Atlantic  |     919 |        982 |        920 |           0 |         0
 Neither dea         | LIBRARY                        | North Midwest |     919 |        913 |        984 |           0 |         0
 Neither dea         | LIBRARY                        | NY Metro      |     945 |        947 |       1003 |           0 |         0
 Neither dea         | NEXT DAY                       | Mid Atlantic  |    1280 |       1245 |       1255 |           0 |         0
 Neither dea         | NEXT DAY                       | North Midwest |    1232 |       1284 |       1278 |           0 |         0
 Neither dea         | NEXT DAY                       | NY Metro      |    1211 |       1203 |       1329 |           0 |         0
 Neither dea         | OVERNIGHT                      | Mid Atlantic  |     956 |        997 |        962 |           0 |         0
 Neither dea         | OVERNIGHT                      | North Midwest |     897 |        965 |        972 |           0 |         0
 Neither dea         | OVERNIGHT                      | NY Metro      |     891 |        959 |        972 |           0 |         0
 Neither dea         | REGULAR                        | Mid Atlantic  |     971 |        923 |        920 |           0 |         0
 Neither dea         | REGULAR                        | North Midwest |     940 |        938 |        948 |           0 |         0
 Neither dea         | REGULAR                        | NY Metro      |     908 |        985 |        971 |           0 |         0
 Neither dea         | TWO DAY                        | Mid Atlantic  |     950 |       1009 |        934 |           0 |         0
 Neither dea         | TWO DAY                        | North Midwest |     971 |        940 |        962 |           0 |         0
 Neither dea         | TWO DAY                        | NY Metro      |     948 |        967 |       1001 |           0 |         0
 Parties use         | EXPRESS                        | Mid Atlantic  |    1267 |       1267 |       1192 |           0 |         0
 Parties use         | EXPRESS                        | North Midwest |    1223 |       1262 |       1302 |           0 |         0
 Parties use         | EXPRESS                        | NY Metro      |    1244 |       1282 |       1278 |           0 |         0
 Parties use         | LIBRARY                        | Mid Atlantic  |     912 |        931 |        993 |           0 |         0
 Parties use         | LIBRARY                        | North Midwest |     847 |        982 |        924 |           0 |         0
 Parties use         | LIBRARY                        | NY Metro      |     981 |        988 |        961 |           0 |         0
 Parties use         | NEXT DAY                       | Mid Atlantic  |    1246 |       1282 |       1253 |           0 |         0
 Parties use         | NEXT DAY                       | North Midwest |    1242 |       1322 |       1273 |           0 |         0
 Parties use         | NEXT DAY                       | NY Metro      |    1181 |       1270 |       1301 |           0 |         0
 Parties use         | OVERNIGHT                      | Mid Atlantic  |     864 |        965 |        952 |           0 |         0
 Parties use         | OVERNIGHT                      | North Midwest |     945 |        963 |        932 |           0 |         0
 Parties use         | OVERNIGHT                      | NY Metro      |     937 |        929 |        962 |           0 |         0
 Parties use         | REGULAR                        | Mid Atlantic  |     951 |        960 |        942 |           0 |         0
 Parties use         | REGULAR                        | North Midwest |     896 |        975 |        979 |           0 |         0
 Parties use         | REGULAR                        | NY Metro      |    1015 |        953 |        943 |           0 |         0
 Parties use         | TWO DAY                        | Mid Atlantic  |     892 |        967 |        953 |           0 |         0
 Parties use         | TWO DAY                        | North Midwest |     963 |        920 |        989 |           0 |         0
 Parties use         | TWO DAY                        | NY Metro      |     862 |        986 |       1021 |           0 |         0
 Persons make more e | EXPRESS                        | Mid Atlantic  |    1165 |       1255 |       1252 |           0 |         0
 Persons make more e | EXPRESS                        | North Midwest |    1189 |       1291 |       1228 |           0 |         0
 Persons make more e | EXPRESS                        | NY Metro      |    1217 |       1308 |       1297 |           0 |         0
 Persons make more e | LIBRARY                        | Mid Atlantic  |     915 |        972 |        895 |           0 |         0
 Persons make more e | LIBRARY                        | North Midwest |     933 |        995 |        920 |           0 |         0
 Persons make more e | LIBRARY                        | NY Metro      |     959 |        980 |       1010 |           0 |         0
 Persons make more e | NEXT DAY                       | Mid Atlantic  |    1234 |       1231 |       1273 |           0 |         0
 Persons make more e | NEXT DAY                       | North Midwest |    1284 |       1287 |       1271 |           0 |         0
 Persons make more e | NEXT DAY                       | NY Metro      |    1244 |       1283 |       1305 |           0 |         0
 Persons make more e | OVERNIGHT                      | Mid Atlantic  |     881 |        962 |        980 |           0 |         0
 Persons make more e | OVERNIGHT                      | North Midwest |     916 |        953 |        915 |           0 |         0
 Persons make more e | OVERNIGHT                      | NY Metro      |     957 |        960 |        991 |           0 |         0
 Persons make more e | REGULAR                        | Mid Atlantic  |     933 |        994 |        894 |           0 |         0
 Persons make more e | REGULAR                        | North Midwest |     873 |        992 |        958 |           0 |         0
 Persons make more e | REGULAR                        | NY Metro      |     897 |       1062 |        986 |           0 |         0
 Persons make more e | TWO DAY                        | Mid Atlantic  |     961 |        963 |        937 |           0 |         0
 Persons make more e | TWO DAY                        | North Midwest |     862 |        914 |        915 |           0 |         0
 Persons make more e | TWO DAY                        | NY Metro      |     955 |        918 |        998 |           0 |         0
 Single, simple r    | EXPRESS                        | Mid Atlantic  |    1192 |       1247 |       1285 |           0 |         0
 Single, simple r    | EXPRESS                        | North Midwest |    1242 |       1242 |       1209 |           0 |         0
 Single, simple r    | EXPRESS                        | NY Metro      |    1202 |       1275 |       1243 |           0 |         0
 Single, simple r    | LIBRARY                        | Mid Atlantic  |     927 |        916 |       1012 |           0 |         0
 Single, simple r    | LIBRARY                        | North Midwest |     917 |        945 |        958 |           0 |         0
 Single, simple r    | LIBRARY                        | NY Metro      |     931 |        949 |       1005 |           0 |         0
 Single, simple r    | NEXT DAY                       | Mid Atlantic  |    1204 |       1209 |       1254 |           0 |         0
 Single, simple r    | NEXT DAY                       | North Midwest |    1232 |       1321 |       1281 |           0 |         0
 Single, simple r    | NEXT DAY                       | NY Metro      |    1233 |       1353 |       1300 |           0 |         0
 Single, simple r    | OVERNIGHT                      | Mid Atlantic  |     870 |       1005 |        957 |           0 |         0
 Single, simple r    | OVERNIGHT                      | North Midwest |     908 |        972 |        930 |           0 |         0
 Single, simple r    | OVERNIGHT                      | NY Metro      |     965 |        963 |        904 |           0 |         0
 Single, simple r    | REGULAR                        | Mid Atlantic  |     927 |        981 |        947 |           0 |         0
 Single, simple r    | REGULAR                        | North Midwest |     915 |        949 |        982 |           0 |         0
 Single, simple r    | REGULAR                        | NY Metro      |     939 |        951 |        937 |           0 |         0
 Single, simple r    | TWO DAY                        | Mid Atlantic  |     906 |       1012 |        940 |           0 |         0
 Single, simple r    | TWO DAY                        | North Midwest |     936 |        941 |        879 |           0 |         0
 Single, simple r    | TWO DAY                        | NY Metro      |     949 |        958 |        901 |           0 |         0
 Total, dea          | EXPRESS                        | Mid Atlantic  |    1196 |       1273 |       1308 |           0 |         0
 Total, dea          | EXPRESS                        | North Midwest |    1203 |       1245 |       1320 |           0 |         0
 Total, dea          | EXPRESS                        | NY Metro      |    1286 |       1276 |       1323 |           0 |         0
 Total, dea          | LIBRARY                        | Mid Atlantic  |     945 |        957 |        942 |           0 |         0
 Total, dea          | LIBRARY                        | North Midwest |     870 |        954 |        958 |           0 |         0
 Total, dea          | LIBRARY                        | NY Metro      |     925 |        957 |        910 |           0 |         0
 Total, dea          | NEXT DAY                       | Mid Atlantic  |    1207 |       1281 |       1197 |           0 |         0
 Total, dea          | NEXT DAY                       | North Midwest |    1209 |       1238 |       1253 |           0 |         0
 Total, dea          | NEXT DAY                       | NY Metro      |    1266 |       1309 |       1317 |           0 |         0
 Total, dea          | OVERNIGHT                      | Mid Atlantic  |     890 |        958 |        974 |           0 |         0
 Total, dea          | OVERNIGHT                      | North Midwest |     895 |        996 |        983 |           0 |         0
 Total, dea          | OVERNIGHT                      | NY Metro      |     916 |        931 |        903 |           0 |         0
 Total, dea          | REGULAR                        | Mid Atlantic  |     909 |        962 |        975 |           0 |         0
 Total, dea          | REGULAR                        | North Midwest |     902 |        873 |        981 |           0 |         0
 Total, dea          | REGULAR                        | NY Metro      |     888 |        908 |        923 |           0 |         0
 Total, dea          | TWO DAY                        | Mid Atlantic  |     939 |        913 |        912 |           0 |         0
 Total, dea          | TWO DAY                        | North Midwest |     896 |        947 |        964 |           0 |         0
 Total, dea          | TWO DAY                        | NY Metro      |     927 |        944 |       1008 |           0 |         0
(90 rows)

UPDATE time_statistics SET e_time = TRANSACTION_TIMESTAMP() WHERE template = 'query99.tpl' AND stream = 4;
psql:/tmp/s1-basline/throughput/query_4.sql:1389: NOTICE:  duration: 0.036 ms  plan:
Query Text: UPDATE time_statistics SET e_time = TRANSACTION_TIMESTAMP() WHERE template = 'query99.tpl' AND stream = 4;
Update on time_statistics  (cost=0.00..1.77 rows=0 width=0) (actual time=0.035..0.035 rows=0 loops=1)
  ->  Seq Scan on time_statistics  (cost=0.00..1.77 rows=1 width=14) (actual time=0.021..0.021 rows=1 loops=1)
        Filter: ((template = 'query99.tpl'::text) AND (stream = 4))
        Rows Removed by Filter: 64
UPDATE 1
LOAD 'auto_explain'; SET auto_explain.log_min_duration TO 0; SET auto_explain.log_analyze TO on; SET auto_explain.log_level TO notice; INSERT INTO time_statistics (template, s_time, stream, query, seed) VALUES ('query19.tpl', TRANSACTION_TIMESTAMP(), 4, 25, 449300028);
LOAD
SET
SET
SET
psql:/tmp/s1-basline/throughput/query_4.sql:1390: NOTICE:  duration: 0.008 ms  plan:
Query Text: INSERT INTO time_statistics (template, s_time, stream, query, seed) VALUES ('query19.tpl', TRANSACTION_TIMESTAMP(), 4, 25, 449300028);
Insert on time_statistics  (cost=0.00..0.01 rows=0 width=0) (actual time=0.008..0.008 rows=0 loops=1)
  ->  Result  (cost=0.00..0.01 rows=1 width=64) (actual time=0.002..0.002 rows=1 loops=1)
INSERT 0 1
select  i_brand_id brand_id, i_brand brand, i_manufact_id, i_manufact,
 	sum(ss_ext_sales_price) ext_price
 from date_dim, store_sales, item,customer,customer_address,store
 where d_date_sk = ss_sold_date_sk
   and ss_item_sk = i_item_sk
   and i_manager_id=26
   and d_moy=12
   and d_year=2001
   and ss_customer_sk = c_customer_sk 
   and c_current_addr_sk = ca_address_sk
   and substr(ca_zip,1,5) <> substr(s_zip,1,5) 
   and ss_store_sk = s_store_sk 
 group by i_brand
      ,i_brand_id
      ,i_manufact_id
      ,i_manufact
 order by ext_price desc
         ,i_brand
         ,i_brand_id
         ,i_manufact_id
         ,i_manufact
limit 100 ;
psql:/tmp/s1-basline/throughput/query_4.sql:1412: NOTICE:  duration: 225.107 ms  plan:
Query Text: select  i_brand_id brand_id, i_brand brand, i_manufact_id, i_manufact,
 	sum(ss_ext_sales_price) ext_price
 from date_dim, store_sales, item,customer,customer_address,store
 where d_date_sk = ss_sold_date_sk
   and ss_item_sk = i_item_sk
   and i_manager_id=26
   and d_moy=12
   and d_year=2001
   and ss_customer_sk = c_customer_sk 
   and c_current_addr_sk = ca_address_sk
   and substr(ca_zip,1,5) <> substr(s_zip,1,5) 
   and ss_store_sk = s_store_sk 
 group by i_brand
      ,i_brand_id
      ,i_manufact_id
      ,i_manufact
 order by ext_price desc
         ,i_brand
         ,i_brand_id
         ,i_manufact_id
         ,i_manufact
limit 100 ;
Limit  (cost=43213.39..43213.44 rows=18 width=118) (actual time=225.032..225.045 rows=100 loops=1)
  ->  Sort  (cost=43213.39..43213.44 rows=18 width=118) (actual time=225.032..225.038 rows=100 loops=1)
        Sort Key: (sum(store_sales.ss_ext_sales_price)) DESC, item.i_brand, item.i_brand_id, item.i_manufact_id, item.i_manufact
        Sort Method: quicksort  Memory: 65kB
        ->  GroupAggregate  (cost=43212.57..43213.02 rows=18 width=118) (actual time=224.496..224.982 rows=154 loops=1)
              Group Key: item.i_brand, item.i_brand_id, item.i_manufact_id, item.i_manufact
              ->  Sort  (cost=43212.57..43212.61 rows=18 width=118) (actual time=224.486..224.544 rows=1480 loops=1)
                    Sort Key: item.i_brand, item.i_brand_id, item.i_manufact_id, item.i_manufact
                    Sort Method: quicksort  Memory: 279kB
                    ->  Nested Loop  (cost=1.30..43212.19 rows=18 width=118) (actual time=4.828..222.463 rows=1480 loops=1)
                          Join Filter: (substr((customer_address.ca_zip)::text, 1, 5) <> substr((store.s_zip)::text, 1, 5))
                          Rows Removed by Join Filter: 50
                          ->  Nested Loop  (cost=1.01..43206.00 rows=18 width=137) (actual time=4.819..217.209 rows=1530 loops=1)
                                ->  Nested Loop  (cost=0.72..43200.08 rows=19 width=137) (actual time=4.813..212.175 rows=1553 loops=1)
                                      Join Filter: (store_sales.ss_store_sk = store.s_store_sk)
                                      Rows Removed by Join Filter: 7214
                                      ->  Nested Loop  (cost=0.72..43195.64 rows=20 width=134) (actual time=4.803..211.007 rows=1587 loops=1)
                                            ->  Nested Loop  (cost=0.43..42836.21 rows=1167 width=32) (actual time=4.269..53.357 rows=93155 loops=1)
                                                  ->  Seq Scan on date_dim  (cost=0.00..2500.73 rows=31 width=8) (actual time=4.254..8.809 rows=31 loops=1)
                                                        Filter: ((d_moy = 12) AND (d_year = 2001))
                                                        Rows Removed by Filter: 73018
                                                  ->  Index Scan using i_ss_sold_date_sk on store_sales  (cost=0.43..1286.06 rows=1508 width=40) (actual time=0.007..0.966 rows=3005 loops=31)
                                                        Index Cond: (ss_sold_date_sk = date_dim.d_date_sk)
                                            ->  Index Scan using pk_item on item  (cost=0.29..0.31 rows=1 width=118) (actual time=0.002..0.002 rows=0 loops=93155)
                                                  Index Cond: (i_item_sk = store_sales.ss_item_sk)
                                                  Filter: (i_manager_id = 26)
                                                  Rows Removed by Filter: 1
                                      ->  Materialize  (cost=0.00..1.18 rows=12 width=19) (actual time=0.000..0.000 rows=6 loops=1587)
                                            ->  Seq Scan on store  (cost=0.00..1.12 rows=12 width=19) (actual time=0.003..0.007 rows=12 loops=1)
                                ->  Index Scan using pk_customer on customer  (cost=0.29..0.31 rows=1 width=16) (actual time=0.003..0.003 rows=1 loops=1553)
                                      Index Cond: (c_customer_sk = store_sales.ss_customer_sk)
                          ->  Index Scan using pk_customer_address on customer_address  (cost=0.29..0.32 rows=1 width=19) (actual time=0.002..0.002 rows=1 loops=1530)
                                Index Cond: (ca_address_sk = customer.c_current_addr_sk)
 brand_id |                       brand                        | i_manufact_id |                     i_manufact                     |     ext_price      
----------+----------------------------------------------------+---------------+----------------------------------------------------+--------------------
  2003001 | corpunivamalg #12                                  |           550 | barantianti                                        |  48089.72000000001
  3001002 | amalgexporti #2                                    |           641 | oughtesecally                                      | 46788.009999999995
  7013001 | amalgscholar #2                                    |           269 | n stcallyable                                      |           44958.44
  3001001 | corpmaxi #12                                       |           301 | oughtbarpri                                        | 43773.579999999994
  2003002 | exportiimporto #2                                  |            18 | esepriought                                        |           36581.19
  4002001 | edu packunivamalg #13                              |           552 | ableantianti                                       |           35808.05
  8013004 | exportimaxi #4                                     |           236 | callypriable                                       | 35489.619999999995
  6002008 | importocorp #8                                     |           884 | eseeingeing                                        |           35016.59
  5003002 | exportischolar #2                                  |           191 | oughtn stought                                     |           35004.78
  7012006 | importonameless #6                                 |           648 | eingesecally                                       |  33435.57000000001
  2001002 | amalgimporto #2                                    |           334 | esepripri                                          |           33361.25
  4004001 | amalgbrand #8                                      |           155 | prioughtpri                                        |           33327.45
  5004001 | amalgunivamalg #10                                 |           697 | ationn stcally                                     |           33138.64
  6001008 | amalgcorp #8                                       |           604 | esebarcally                                        | 32385.879999999997
  2001002 | amalgimporto #2                                    |            46 | callyese                                           |           30900.14
  2004001 | edu packunivamalg #14                              |           380 | bareingpri                                         | 30255.350000000002
  3003002 | exportiexporti #2                                  |           417 | ationoughtese                                      | 29951.069999999996
 10011015 | amalgamalgamalg #15                                |           521 | oughtableanti                                      |           28766.04
  7007001 | amalgmaxi #2                                       |            20 | barable                                            |           28573.49
  5003002 | exportischolar #2                                  |           976 | callyationn st                                     | 28051.679999999997
  4001001 | namelessnameless #4                                |           117 | eing                                               | 27619.309999999998
  3003002 | exportiexporti #2                                  |           137 | ationpriought                                      | 27599.260000000002
  5001002 | amalgscholar #2                                    |           220 | barableable                                        |           26558.17
  9010002 | univunivamalg #2                                   |           240 | bareseable                                         |            26409.5
  2003002 | exportiimporto #2                                  |           630 | barprically                                        | 26357.749999999996
  8006002 | corpnameless #2                                    |           185 | antieingought                                      | 25699.910000000003
  7003006 | exportibrand #6                                    |           509 | n stbaranti                                        | 25533.430000000004
  2004001 | importoedu pack #2                                 |           278 | n stbarpri                                         |           25512.87
  9007010 | brandmaxi #10                                      |            62 | ablecally                                          | 25166.480000000003
 10007001 | brandunivamalg #1                                  |            79 | n station                                          | 25087.010000000002
 10015008 | scholaramalgamalg #8                               |           765 | anticallyation                                     | 25026.209999999995
  3002002 | importoexporti #2                                  |           161 | oughtcallyought                                    |           24972.98
  3001002 | amalgexporti #2                                    |           652 | oughtantipri                                       |           24838.11
 10003013 | univmaxi #6                                        |           293 | barbarcally                                        |           24779.88
  6008006 | namelesscorp #6                                    |           383 | prieingpri                                         | 24467.300000000003
  2001001 | importonameless #6                                 |           218 | eingoughtable                                      | 24407.179999999997
 10003017 | exportiunivamalg #17                               |            97 | ationn st                                          |           23744.07
  4003001 | brandnameless #4                                   |           214 | eseoughtable                                       | 23471.820000000003
  7004010 | edu packbrand #10                                  |           629 | n stablecally                                      | 23138.170000000002
  2002001 | importoscholar #2                                  |           198 | prieing                                            |           22969.69
  3002002 | importoexporti #2                                  |           427 | ationableese                                       | 21935.590000000004
  6002006 | importocorp #6                                     |           311 | oughtoughtpri                                      |            21883.9
  2003001 | amalgimporto #2                                    |            76 | callyation                                         |           21549.62
  6013006 | exportibrand #6                                    |           294 | esen stable                                        | 21107.199999999997
  8012008 | importomaxi #8                                     |           494 | esen stese                                         | 21028.780000000002
  4002002 | importoedu pack #2                                 |            97 | ationn st                                          |           20946.48
 10013016 | exportiamalgamalg #16                              |           350 | barantipri                                         | 20870.459999999995
  2004002 | edu packimporto #2                                 |            68 | eingcally                                          | 20750.730000000003
  5004002 | edu packscholar #2                                 |           260 | barcallyable                                       | 20746.129999999997
  3001002 | amalgexporti #2                                    |            10 | barought                                           | 20739.550000000003
  9006008 | corpmaxi #8                                        |           933 | priprin st                                         |           20109.49
  2004002 | edu packimporto #2                                 |           200 | barbarable                                         |           19844.98
  7008010 | namelessbrand #10                                  |           481 | oughteingese                                       |           19579.31
  4004001 | importoimporto #2                                  |           880 | bareingeing                                        |           19518.23
  7011008 | amalgnameless #8                                   |           376 | esepriought                                        |           19482.41
  7005004 | scholarbrand #4                                    |           756 | callyantiation                                     | 19454.020000000004
  5004001 | amalgexporti #2                                    |           772 | ableationation                                     |            19289.4
 10007013 | edu packexporti #2                                 |           304 | esebarpri                                          | 19264.260000000002
  2003002 | exportiimporto #2                                  |           638 | prioughtable                                       | 19193.489999999998
  4001002 | amalgedu pack #2                                   |           130 | barpriought                                        |           19060.31
  6016007 | maxiunivamalg #7                                   |           252 | ationbarpri                                        |           19051.28
  4003002 | exportiedu pack #2                                 |           630 | barprically                                        | 18976.609999999997
  3004002 | edu packexporti #2                                 |           596 | callyn stanti                                      |           18442.36
  8004007 | edu packscholar #2                                 |           884 | barbarable                                         |           18177.63
  5001002 | amalgscholar #2                                    |            90 | eingeinganti                                       |           18174.66
  9004002 | edu packmaxi #2                                    |           377 | ationationpri                                      | 17850.059999999998
  4004001 | scholarunivamalg #12                               |           122 | ationeseought                                      | 17606.179999999997
  7002003 | edu packimporto #2                                 |           177 | antipriation                                       |            17556.1
 10015011 | scholaramalgamalg #11                              |           451 | oughtantiese                                       | 17398.570000000003
  4002001 | exportiamalg #2                                    |           370 | antieseeing                                        |           17151.78
 10011012 | amalgamalgamalg #12                                |           510 | ableeinganti                                       |           17070.79
  3004001 | importoimporto #2                                  |           826 | callyableeing                                      |           16976.89
  8004002 | edu packnameless #2                                |           880 | bareingeing                                        | 16916.059999999998
  6014006 | edu packbrand #6                                   |           532 | ableprianti                                        |           16911.86
  8004002 | edu packnameless #2                                |            38 | eingpri                                            | 16869.399999999998
  9016008 | corpunivamalg #8                                   |           375 | antiationpri                                       |           16792.89
  6013006 | exportibrand #6                                    |           618 | eingoughtcally                                     |            16742.3
  7006006 | corpbrand #6                                       |            29 | n stable                                           |           16488.18
  1004002 | edu packamalg #2                                   |           353 | priantipri                                         |           16395.65
  6012004 | importobrand #4                                    |           583 | prieinganti                                        |           16136.83
  2003001 | importoamalg #2                                    |           327 | ationablepri                                       | 15708.619999999999
  7015007 | amalgimporto #2                                    |           208 | eingbarable                                        |           15623.23
  8007001 | scholarmaxi #6                                     |            58 | callyationought                                    | 15489.170000000002
 10001010 | amalgunivamalg #10                                 |           223 | priableable                                        | 15302.639999999998
  2004001 | corpnameless #4                                    |            95 | antin st                                           | 15224.420000000002
  1004002 | edu packamalg #2                                   |            20 | barable                                            | 15111.800000000001
  1004002 | edu packamalg #2                                   |           137 | ationpriought                                      | 15066.070000000002
  3003002 | exportiexporti #2                                  |            53 | prianti                                            | 14822.980000000001
  2003002 | exportiimporto #2                                  |            58 | einganti                                           | 14732.300000000001
  5001002 | amalgscholar #2                                    |           553 | priantianti                                        |           14459.74
  3002002 | importoexporti #2                                  |           807 | ationbareing                                       |           14413.42
  2001002 | amalgimporto #2                                    |           851 | oughtantieing                                      |           14410.24
  8011007 | amalgexporti #2                                    |           552 | ableantianti                                       |           14211.43
  5002002 | importoscholar #2                                  |           835 | antiprieing                                        |            14046.7
  7013004 | exportinameless #4                                 |           249 | n steseable                                        |           13916.62
  2003002 | exportiimporto #2                                  |           396 | callyn stpri                                       | 13687.999999999998
  8010001 | importoamalgamalg #6                               |           616 | callyoughtcally                                    |           13588.63
  7013006 | exportinameless #6                                 |           917 | ationoughtn st                                     | 13463.809999999998
  4002002 | importoedu pack #2                                 |           296 | callyn stable                                      | 13342.679999999998
  8006010 | corpnameless #10                                   |            87 | ationeing                                          | 13329.909999999998
(100 rows)

UPDATE time_statistics SET e_time = TRANSACTION_TIMESTAMP() WHERE template = 'query19.tpl' AND stream = 4;
psql:/tmp/s1-basline/throughput/query_4.sql:1414: NOTICE:  duration: 0.032 ms  plan:
Query Text: UPDATE time_statistics SET e_time = TRANSACTION_TIMESTAMP() WHERE template = 'query19.tpl' AND stream = 4;
Update on time_statistics  (cost=0.00..1.77 rows=0 width=0) (actual time=0.031..0.031 rows=0 loops=1)
  ->  Seq Scan on time_statistics  (cost=0.00..1.77 rows=1 width=14) (actual time=0.017..0.017 rows=1 loops=1)
        Filter: ((template = 'query19.tpl'::text) AND (stream = 4))
        Rows Removed by Filter: 65
UPDATE 1
LOAD 'auto_explain'; SET auto_explain.log_min_duration TO 0; SET auto_explain.log_analyze TO on; SET auto_explain.log_level TO notice; INSERT INTO time_statistics (template, s_time, stream, query, seed) VALUES ('query72.tpl', TRANSACTION_TIMESTAMP(), 4, 26, 900176720);
LOAD
SET
SET
SET
psql:/tmp/s1-basline/throughput/query_4.sql:1415: NOTICE:  duration: 0.009 ms  plan:
Query Text: INSERT INTO time_statistics (template, s_time, stream, query, seed) VALUES ('query72.tpl', TRANSACTION_TIMESTAMP(), 4, 26, 900176720);
Insert on time_statistics  (cost=0.00..0.01 rows=0 width=0) (actual time=0.008..0.009 rows=0 loops=1)
  ->  Result  (cost=0.00..0.01 rows=1 width=64) (actual time=0.001..0.001 rows=1 loops=1)
INSERT 0 1
select  i_item_desc
      ,w_warehouse_name
      ,d1.d_week_seq
      ,sum(case when p_promo_sk is null then 1 else 0 end) no_promo
      ,sum(case when p_promo_sk is not null then 1 else 0 end) promo
      ,count(*) total_cnt
from catalog_sales
join inventory on (cs_item_sk = inv_item_sk)
join warehouse on (w_warehouse_sk=inv_warehouse_sk)
join item on (i_item_sk = cs_item_sk)
join customer_demographics on (cs_bill_cdemo_sk = cd_demo_sk)
join household_demographics on (cs_bill_hdemo_sk = hd_demo_sk)
join date_dim d1 on (cs_sold_date_sk = d1.d_date_sk)
join date_dim d2 on (inv_date_sk = d2.d_date_sk)
join date_dim d3 on (cs_ship_date_sk = d3.d_date_sk)
left outer join promotion on (cs_promo_sk=p_promo_sk)
left outer join catalog_returns on (cr_item_sk = cs_item_sk and cr_order_number = cs_order_number)
where d1.d_week_seq = d2.d_week_seq
  and inv_quantity_on_hand < cs_quantity 
  and d3.d_date > d1.d_date + 5
  and hd_buy_potential = '1001-5000'
  and d1.d_year = 1998
  and cd_marital_status = 'U'
group by i_item_desc,w_warehouse_name,d1.d_week_seq
order by total_cnt desc, i_item_desc, w_warehouse_name, d_week_seq
limit 100;
psql:/tmp/s1-basline/throughput/query_4.sql:1441: NOTICE:  duration: 462.401 ms  plan:
Query Text: select  i_item_desc
      ,w_warehouse_name
      ,d1.d_week_seq
      ,sum(case when p_promo_sk is null then 1 else 0 end) no_promo
      ,sum(case when p_promo_sk is not null then 1 else 0 end) promo
      ,count(*) total_cnt
from catalog_sales
join inventory on (cs_item_sk = inv_item_sk)
join warehouse on (w_warehouse_sk=inv_warehouse_sk)
join item on (i_item_sk = cs_item_sk)
join customer_demographics on (cs_bill_cdemo_sk = cd_demo_sk)
join household_demographics on (cs_bill_hdemo_sk = hd_demo_sk)
join date_dim d1 on (cs_sold_date_sk = d1.d_date_sk)
join date_dim d2 on (inv_date_sk = d2.d_date_sk)
join date_dim d3 on (cs_ship_date_sk = d3.d_date_sk)
left outer join promotion on (cs_promo_sk=p_promo_sk)
left outer join catalog_returns on (cr_item_sk = cs_item_sk and cr_order_number = cs_order_number)
where d1.d_week_seq = d2.d_week_seq
  and inv_quantity_on_hand < cs_quantity 
  and d3.d_date > d1.d_date + 5
  and hd_buy_potential = '1001-5000'
  and d1.d_year = 1998
  and cd_marital_status = 'U'
group by i_item_desc,w_warehouse_name,d1.d_week_seq
order by total_cnt desc, i_item_desc, w_warehouse_name, d_week_seq
limit 100;
Limit  (cost=28865.35..28865.36 rows=2 width=144) (actual time=462.315..462.333 rows=100 loops=1)
  ->  Sort  (cost=28865.35..28865.36 rows=2 width=144) (actual time=462.315..462.325 rows=100 loops=1)
        Sort Key: (count(*)) DESC, item.i_item_desc, warehouse.w_warehouse_name, d1.d_week_seq
        Sort Method: top-N heapsort  Memory: 49kB
        ->  GroupAggregate  (cost=28865.29..28865.34 rows=2 width=144) (actual time=460.557..461.588 rows=2019 loops=1)
              Group Key: item.i_item_desc, warehouse.w_warehouse_name, d1.d_week_seq
              ->  Sort  (cost=28865.29..28865.29 rows=2 width=128) (actual time=460.550..460.640 rows=2042 loops=1)
                    Sort Key: item.i_item_desc, warehouse.w_warehouse_name, d1.d_week_seq
                    Sort Method: quicksort  Memory: 387kB
                    ->  Nested Loop Left Join  (cost=21908.02..28865.28 rows=2 width=128) (actual time=231.894..457.610 rows=2042 loops=1)
                          Join Filter: (catalog_sales.cs_promo_sk = promotion.p_promo_sk)
                          Rows Removed by Join Filter: 303931
                          ->  Nested Loop  (cost=21908.02..28844.53 rows=2 width=128) (actual time=231.858..428.931 rows=2042 loops=1)
                                Join Filter: (d3.d_date > (d1.d_date + 5))
                                Rows Removed by Join Filter: 102
                                ->  Nested Loop  (cost=21907.73..28842.90 rows=5 width=140) (actual time=231.849..425.732 rows=2144 loops=1)
                                      ->  Nested Loop  (cost=21907.44..28841.37 rows=5 width=54) (actual time=231.838..420.498 rows=2144 loops=1)
                                            Join Filter: (inventory.inv_warehouse_sk = warehouse.w_warehouse_sk)
                                            Rows Removed by Join Filter: 4405
                                            ->  Nested Loop  (cost=21907.44..28839.98 rows=5 width=48) (actual time=231.826..419.432 rows=2144 loops=1)
                                                  ->  Hash Join  (cost=21906.88..24606.64 rows=1640 width=44) (actual time=231.275..247.681 rows=65275 loops=1)
                                                        Hash Cond: (d2.d_week_seq = d1.d_week_seq)
                                                        ->  Seq Scan on date_dim d2  (cost=0.00..2135.49 rows=73049 width=12) (actual time=0.003..4.899 rows=73049 loops=1)
                                                        ->  Hash  (cost=21903.96..21903.96 rows=234 width=36) (actual time=224.575..224.579 rows=9325 loops=1)
                                                              Buckets: 16384 (originally 1024)  Batches: 1 (originally 1)  Memory Usage: 748kB
                                                              ->  Nested Loop  (cost=165.86..21903.96 rows=234 width=36) (actual time=4.962..222.617 rows=9325 loops=1)
                                                                    ->  Hash Join  (cost=165.43..21352.41 rows=1179 width=44) (actual time=4.844..137.066 rows=46652 loops=1)
                                                                          Hash Cond: (catalog_sales.cs_bill_hdemo_sk = household_demographics.hd_demo_sk)
                                                                          ->  Nested Loop  (cost=0.43..21168.73 rows=7110 width=52) (actual time=3.988..110.961 rows=285676 loops=1)
                                                                                ->  Seq Scan on date_dim d1  (cost=0.00..2318.11 rows=363 width=16) (actual time=3.979..8.710 rows=365 loops=1)
                                                                                      Filter: (d_year = 1998)
                                                                                      Rows Removed by Filter: 72684
                                                                                ->  Index Scan using i_cs_sold_date_sk on catalog_sales  (cost=0.43..44.11 rows=782 width=60) (actual time=0.004..0.136 rows=783 loops=365)
                                                                                      Index Cond: (cs_sold_date_sk = d1.d_date_sk)
                                                                          ->  Hash  (cost=150.00..150.00 rows=1200 width=8) (actual time=0.838..0.838 rows=1200 loops=1)
                                                                                Buckets: 2048  Batches: 1  Memory Usage: 63kB
                                                                                ->  Seq Scan on household_demographics  (cost=0.00..150.00 rows=1200 width=8) (actual time=0.007..0.697 rows=1200 loops=1)
                                                                                      Filter: (hd_buy_potential = '1001-5000'::bpchar)
                                                                                      Rows Removed by Filter: 6000
                                                                    ->  Index Scan using pk_customer_demographics on customer_demographics  (cost=0.43..0.47 rows=1 width=8) (actual time=0.002..0.002 rows=0 loops=46652)
                                                                          Index Cond: (cd_demo_sk = catalog_sales.cs_bill_cdemo_sk)
                                                                          Filter: (cd_marital_status = 'U'::bpchar)
                                                                          Rows Removed by Filter: 1
                                                  ->  Index Scan using pk_inventory on inventory  (cost=0.56..2.57 rows=1 width=28) (actual time=0.002..0.002 rows=0 loops=65275)
                                                        Index Cond: ((inv_date_sk = d2.d_date_sk) AND (inv_item_sk = catalog_sales.cs_item_sk))
                                                        Filter: (inv_quantity_on_hand < catalog_sales.cs_quantity)
                                                        Rows Removed by Filter: 1
                                            ->  Materialize  (cost=0.00..1.07 rows=5 width=22) (actual time=0.000..0.000 rows=3 loops=2144)
                                                  ->  Seq Scan on warehouse  (cost=0.00..1.05 rows=5 width=22) (actual time=0.005..0.006 rows=5 loops=1)
                                      ->  Index Scan using pk_item on item  (cost=0.29..0.31 rows=1 width=110) (actual time=0.002..0.002 rows=1 loops=2144)
                                            Index Cond: (i_item_sk = catalog_sales.cs_item_sk)
                                ->  Index Scan using pk_date_dim on date_dim d3  (cost=0.29..0.31 rows=1 width=12) (actual time=0.001..0.001 rows=1 loops=2144)
                                      Index Cond: (d_date_sk = catalog_sales.cs_ship_date_sk)
                          ->  Materialize  (cost=0.00..12.50 rows=300 width=8) (actual time=0.000..0.005 rows=150 loops=2042)
                                ->  Seq Scan on promotion  (cost=0.00..11.00 rows=300 width=8) (actual time=0.005..0.049 rows=300 loops=1)
                                                                                               i_item_desc                                                                                               |  w_warehouse_name   | d_week_seq | no_promo | promo | total_cnt 
---------------------------------------------------------------------------------------------------------------------------------------------------------------------------------------------------------+---------------------+------------+----------+-------+-----------
 Arts use there critics. Re                                                                                                                                                                              | Neither dea         |       5161 |        0 |     3 |         3
 Armed sciences may listen in a causes. Only sophisticated men forget afterwards. Sentences raise etc really personal recommendations. Future places admit tonight mental years. Standards go friend     | Single, simple r    |       5161 |        0 |     2 |         2
 Branches reveal early, red girls. Other,                                                                                                                                                                | Single, simple r    |       5134 |        0 |     2 |         2
 Cautiously difficult industries should tell rather. General houses result able, young interests. Workers attain possible law                                                                            | Neither dea         |       5163 |        0 |     2 |         2
 Companies                                                                                                                                                                                               | Parties use         |       5163 |        0 |     2 |         2
 Different, dead countries shall remember as safe details. Light,                                                                                                                                        | Neither dea         |       5162 |        0 |     2 |         2
 Economic police draw white numbers. Quiet, just cases help. Significant sy                                                                                                                              | Single, simple r    |       5134 |        0 |     2 |         2
 Else red subjects reveal hot, huge friends. Long markets want that then scottish examples. Today modern champi                                                                                          | Single, simple r    |       5125 |        0 |     2 |         2
 Figures understand hithe                                                                                                                                                                                | Total, dea          |       5157 |        0 |     2 |         2
 Forward other doors look normally other connections. Waste points must no                                                                                                                               | Single, simple r    |       5165 |        0 |     2 |         2
 P                                                                                                                                                                                                       | Neither dea         |       5143 |        0 |     2 |         2
 Physical, other women will fall smoothly games. Regular, old questions forget                                                                                                                           | Single, simple r    |       5134 |        0 |     2 |         2
 Private, american falls can check remote, typical notes. New, national groups involve less original units. Cultural, special days                                                                       | Neither dea         |       5160 |        0 |     2 |         2
 Probably united months used to talk therefore months. Very various records would last right, other times. Citizens                                                                                      | Persons make more e |       5161 |        0 |     2 |         2
 Proceedings gain much new projects. Early, massive authorities talk just dem                                                                                                                            | Single, simple r    |       5152 |        0 |     2 |         2
 Students might come soon. Difficult courses would not hate moreover major things. Willing road                                                                                                          | Persons make more e |       5147 |        0 |     2 |         2
 Then usual comments buy always so ma                                                                                                                                                                    | Single, simple r    |       5164 |        0 |     2 |         2
 Too ordinary councils would plan most methods. S                                                                                                                                                        | Total, dea          |       5144 |        0 |     2 |         2
 True, present orders let. Agencies might give so more other conditions; contemporary men will punish for a shops. Tight, interesting criticisms start yesterday indeed c                                | Parties use         |       5162 |        0 |     2 |         2
 Underlying things acquire negative stories; famous feet exercise for a hands; male months will com                                                                                                      | Persons make more e |       5163 |        0 |     2 |         2
 Underlying things acquire negative stories; famous feet exercise for a hands; male months will com                                                                                                      | Single, simple r    |       5163 |        0 |     2 |         2
                                                                                                                                                                                                         | Neither dea         |       5149 |        0 |     2 |         2
 Able countries could not go most ever able years. Residential, great prices deal again skills. Items w                                                                                                  | Single, simple r    |       5153 |        0 |     1 |         1
 Able enemies happen too popular, statutory earnings. Private bonds work. Again foreign miles shall investigate gold complaints. At last un                                                              | Single, simple r    |       5120 |        0 |     1 |         1
 Able hands get rights. Individual plants could not halt quite. Short changes might evaluate again bloody groups. Big, social decisions test much social countries; now con                              | Total, dea          |       5157 |        0 |     1 |         1
 Able numbers get. Good, military hands show just rooms; other forms find never.                                                                                                                         | Total, dea          |       5151 |        0 |     1 |         1
 Able parts find neighbouring colonies. Inland, foreign payments should make therefore activ                                                                                                             | Single, simple r    |       5125 |        0 |     1 |         1
 Able parts find neighbouring colonies. Inland, foreign payments should make therefore activ                                                                                                             | Total, dea          |       5125 |        0 |     1 |         1
 About corresponding times provide truly aware, american kids. Complete, french minutes might                                                                                                            | Total, dea          |       5142 |        0 |     1 |         1
 About fine eyes provide in a findings. Yellow, plain results understand more than distinct questions. Scottish                                                                                          | Neither dea         |       5164 |        0 |     1 |         1
 About just arrangements illustrate defensive, linguistic steps. Disciplinary employers must provide perhaps men. Sales                                                                                  | Neither dea         |       5155 |        0 |     1 |         1
 About random sides go flat schools; pleased times can make by a areas. New chemi                                                                                                                        | Neither dea         |       5159 |        0 |     1 |         1
 About similar problems finish by a tests. Likely, sophisticated schools shall exist well electrical days. Obvious, brief tories take so successful users. Medica                                        | Parties use         |       5160 |        0 |     1 |         1
 Above different languages would admin                                                                                                                                                                   | Persons make more e |       5122 |        0 |     1 |         1
 Academic efforts come for a c                                                                                                                                                                           | Single, simple r    |       5153 |        0 |     1 |         1
 Acceptable methods would not provide only. Cases read programmes. Lights send now soon clinical areas; aspects may not deal sure for the gates. Still political hands should join significant forms.    | Total, dea          |       5152 |        0 |     1 |         1
 Accountants beat into a lines. Problems would identify. Small girls should not ensure. Unlikely traditions go only adverse types. Now necessary arms reverse rough eyebr                                | Parties use         |       5165 |        0 |     1 |         1
 Accurate parts stand to a countries. Safe, following routes can give. International degr                                                                                                                | Parties use         |       5124 |        0 |     1 |         1
 Accused, right goods know catholic rounds. High,                                                                                                                                                        | Persons make more e |       5154 |        0 |     1 |         1
 Accused, right goods know catholic rounds. High,                                                                                                                                                        | Single, simple r    |       5166 |        0 |     1 |         1
 Across lively girls may not indicate. Only splendid companies go about. Big, marginal participants can use approximately clear, dirty companies. Genuine funds will occupy please b                     | Neither dea         |       5165 |        0 |     1 |         1
 Active, certain places must find possibly regional, normal improvements; groups would believe. Alone large events could enjoy. Clear, limited persons wou                                               | Neither dea         |       5118 |        0 |     1 |         1
 Active eyes lead. Economic, absolute walls start possibly military, true police. Acts will return soon expenses. False, critical trousers should allow violent, regul                                   | Total, dea          |       5129 |        0 |     1 |         1
 Actively able proteins shall not ensure over. Necessary, acute controls will stay free, convenient cours                                                                                                | Persons make more e |       5145 |        0 |     1 |         1
 Actively able proteins shall not ensure over. Necessary, acute controls will stay free, convenient cours                                                                                                | Single, simple r    |       5145 |        0 |     1 |         1
 Acts take legal specialists; good, quick games will not involve. Male, main functi                                                                                                                      | Parties use         |       5148 |        0 |     1 |         1
 Actual                                                                                                                                                                                                  | Parties use         |       5160 |        0 |     1 |         1
 Actual                                                                                                                                                                                                  | Persons make more e |       5160 |        0 |     1 |         1
 Acute, english clients tell foreign, large boxes. Remarkably black stores form ever effects. Very fair goods give occasionally enough open months. Numbers slip                                         | Total, dea          |       5131 |        0 |     1 |         1
 Added, concerned moments may not know about over linear messages. Areas pay between a parts. Labour characters will go only for a                                                                       | Single, simple r    |       5138 |        0 |     1 |         1
 Adequate recordings ought to eat only friendly facilities. Great families shall put tomorrow                                                                                                            | Neither dea         |       5148 |        0 |     1 |         1
 Advisory women should not contribute badly urban, nation                                                                                                                                                | Neither dea         |       5153 |        0 |     1 |         1
 Advisory women should not contribute badly urban, nation                                                                                                                                                | Single, simple r    |       5140 |        0 |     1 |         1
 Affairs could not think alone. Essentially present meetings might occur at all in a writers; interested characte                                                                                        | Persons make more e |       5128 |        0 |     1 |         1
 Affairs could not think alone. Essentially present meetings might occur at all in a writers; interested characte                                                                                        | Single, simple r    |       5162 |        0 |     1 |         1
 Affairs make however; successful magistrates tell services; usually normal measures could hold with a sides. Lights may not win soon new j                                                              | Neither dea         |       5151 |        0 |     1 |         1
 Affairs make however; successful magistrates tell services; usually normal measures could hold with a sides. Lights may not win soon new j                                                              | Total, dea          |       5152 |        0 |     1 |         1
 Affairs shall not fill old, r                                                                                                                                                                           | Parties use         |       5156 |        0 |     1 |         1
 Affairs support; servi                                                                                                                                                                                  | Parties use         |       5165 |        0 |     1 |         1
 Affairs support; servi                                                                                                                                                                                  | Persons make more e |       5165 |        0 |     1 |         1
 Afterwards personal functions must not provide gross, wrong debts. Now numerous                                                                                                                         | Persons make more e |       5154 |        0 |     1 |         1
 Again direct differences could deal closely often future stairs. Generally major employers ought to stay. Free members make generally trends. Just                                                      | Neither dea         |       5160 |        0 |     1 |         1
 Again g                                                                                                                                                                                                 | Parties use         |       5152 |        0 |     1 |         1
 Again running courses ought to come; royal proposals could not punish tomorrow from a situations. Impressive, specific readers might find please companies. Full guests could lie internatio            | Persons make more e |       5151 |        0 |     1 |         1
 Agreements will say necessarily. Issues lie in the ears; sums offer to a interes                                                                                                                        | Persons make more e |       5139 |        0 |     1 |         1
 A little ruling others may go. Double, american effects spoil clear rooms. Too young decisions must close fairly large, local counties; red rates should use however respectively rec                   | Total, dea          |       5159 |        0 |     1 |         1
 Alive studies improve now new causes. Affairs must see abroad other decisions. Months would follow theoretically happy houses. Safe effects used to indicate more australian effect                     | Total, dea          |       5163 |        0 |     1 |         1
 Alive, welsh facilities would feel with a packages. Perhaps old words used to sp                                                                                                                        | Single, simple r    |       5121 |        0 |     1 |         1
 All black photographs want quite. Profitable movements betray just in a conditions. Used, other passen                                                                                                  | Neither dea         |       5159 |        0 |     1 |         1
 All favorite premises may write electroni                                                                                                                                                               | Neither dea         |       5127 |        0 |     1 |         1
 All favorite premises may write electroni                                                                                                                                                               | Persons make more e |       5127 |        0 |     1 |         1
 All favorite premises may write electroni                                                                                                                                                               | Total, dea          |       5161 |        0 |     1 |         1
 Allies determine obviously years. Families seek most trees. Even physical policies explain as ashamed ministers. Crossly critical flowers find ever other opinions. Lines would not mean only. Other co | Neither dea         |       5165 |        0 |     1 |         1
 Allies determine obviously years. Families seek most trees. Even physical policies explain as ashamed ministers. Crossly critical flowers find ever other opinions. Lines would not mean only. Other co | Persons make more e |       5165 |        0 |     1 |         1
 All mechanical sentences might lie necessary, variable classes. Less voluntary bars help afterwards labour keys. Dear agents shall not see lik                                                          | Neither dea         |       5137 |        0 |     1 |         1
 All psychological directions will not observe again animals; unfortunately large shares cannot attend however elderly roses. S                                                                          | Single, simple r    |       5120 |        0 |     1 |         1
 All right bold governments ought to form total, recent towns. Evenings import hard on a rebels. General, local structures trust under the reasons; extra differences would                              | Total, dea          |       5162 |        0 |     1 |         1
 All right english things speak for a inches; brilliant, professional reforms see further single, regular resources. European, capital events shall facili                                               | Persons make more e |       5124 |        0 |     1 |         1
 Almost domestic cars launch twice goods. Shops produce most with a paper                                                                                                                                | Persons make more e |       5164 |        0 |     1 |         1
 Almost high countries flee as rather than an hours; small hands shall talk properly; scenes used to help consequently in a measures; practically previous houses ho                                     | Neither dea         |       5116 |        0 |     1 |         1
 Almost rigid partners let materials. Adverse, vulnerable tea                                                                                                                                            | Neither dea         |       5165 |        0 |     1 |         1
 Alone, alo                                                                                                                                                                                              | Persons make more e |       5151 |        0 |     1 |         1
 Alone good authorities make only outdoor services. Useful ideas believe against a circumstances. Gardens should reap. Other attitudes require also late                                                 | Neither dea         |       5163 |        0 |     1 |         1
 Alone involved books believe boundaries. Adults would draft related, long women. Soviet hours will refrain attractive sales. Yards will co                                                              | Persons make more e |       5152 |        0 |     1 |         1
 Alone, japanese claims should relax somewhere central days. Recent, g                                                                                                                                   | Persons make more e |       5159 |        0 |     1 |         1
 Alone, local councils must catch act                                                                                                                                                                    | Parties use         |       5151 |        0 |     1 |         1
 Already metropolitan men put symbolic men. Foreign parties would n                                                                                                                                      | Parties use         |       5134 |        0 |     1 |         1
 Already scottish situations cry etc letters. Things reflect so also full institutions. New elections speak effective farmers. Competent ele                                                             | Total, dea          |       5139 |        0 |     1 |         1
 Also annual workers could not start recent paintings. Shy profits could learn however like an police. Concerned, financial characters ought to evolve essentially in a actions. In gen                  | Parties use         |       5153 |        0 |     1 |         1
 Also annual workers could not start recent paintings. Shy profits could learn however like an police. Concerned, financial characters ought to evolve essentially in a actions. In gen                  | Total, dea          |       5153 |        0 |     1 |         1
 Also available studies will not arrange seldom adjacent to a weaknesses. Rapidly senior services get occasionally perhaps immense powers                                                                | Neither dea         |       5114 |        0 |     1 |         1
 Also firm requirements ought to work proper lines. Official rights shall not                                                                                                                            | Total, dea          |       5131 |        0 |     1 |         1
 Also hard authors must complete directly. Prices should not give typically procedures.                                                                                                                  | Parties use         |       5151 |        0 |     1 |         1
 Also hard authors must complete directly. Prices should not give typically procedures.                                                                                                                  | Single, simple r    |       5151 |        0 |     1 |         1
 Also level ministers might intend english seconds. Never radical sectors could not harm usually documents. Fashionable standards oug                                                                    | Total, dea          |       5146 |        0 |     1 |         1
 Also old crowds list from                                                                                                                                                                               | Parties use         |       5133 |        0 |     1 |         1
 Also other prices free then virtually particular choices. Causes could believe together as a rules. Exis                                                                                                | Neither dea         |       5157 |        0 |     1 |         1
 Also political insects shall not look bad, other exercises. Particular, new committees will not kill then. Frantically national times return in a authorities. Small, conservati                        | Neither dea         |       5147 |        0 |     1 |         1
 Also proposed emotions encourage up the illustrations. Groups cannot see so fun, liable centres. Angry, private months would buy in the days. Evidently real trees lose biological bodies               | Neither dea         |       5155 |        0 |     1 |         1
 Also proposed emotions encourage up the illustrations. Groups cannot see so fun, liable centres. Angry, private months would buy in the days. Evidently real trees lose biological bodies               | Single, simple r    |       5155 |        0 |     1 |         1
(100 rows)

UPDATE time_statistics SET e_time = TRANSACTION_TIMESTAMP() WHERE template = 'query72.tpl' AND stream = 4;
psql:/tmp/s1-basline/throughput/query_4.sql:1443: NOTICE:  duration: 0.210 ms  plan:
Query Text: UPDATE time_statistics SET e_time = TRANSACTION_TIMESTAMP() WHERE template = 'query72.tpl' AND stream = 4;
Update on time_statistics  (cost=0.00..1.77 rows=0 width=0) (actual time=0.210..0.210 rows=0 loops=1)
  ->  Seq Scan on time_statistics  (cost=0.00..1.77 rows=1 width=14) (actual time=0.018..0.018 rows=1 loops=1)
        Filter: ((template = 'query72.tpl'::text) AND (stream = 4))
        Rows Removed by Filter: 66
UPDATE 1
LOAD 'auto_explain'; SET auto_explain.log_min_duration TO 0; SET auto_explain.log_analyze TO on; SET auto_explain.log_level TO notice; INSERT INTO time_statistics (template, s_time, stream, query, seed) VALUES ('query6.tpl', TRANSACTION_TIMESTAMP(), 4, 27, 1474827942);
LOAD
SET
SET
SET
psql:/tmp/s1-basline/throughput/query_4.sql:1444: NOTICE:  duration: 0.009 ms  plan:
Query Text: INSERT INTO time_statistics (template, s_time, stream, query, seed) VALUES ('query6.tpl', TRANSACTION_TIMESTAMP(), 4, 27, 1474827942);
Insert on time_statistics  (cost=0.00..0.01 rows=0 width=0) (actual time=0.008..0.008 rows=0 loops=1)
  ->  Result  (cost=0.00..0.01 rows=1 width=64) (actual time=0.002..0.002 rows=1 loops=1)
INSERT 0 1
select  a.ca_state state, count(*) cnt
 from customer_address a
     ,customer c
     ,store_sales s
     ,date_dim d
     ,item i
 where       a.ca_address_sk = c.c_current_addr_sk
 	and c.c_customer_sk = s.ss_customer_sk
 	and s.ss_sold_date_sk = d.d_date_sk
 	and s.ss_item_sk = i.i_item_sk
 	and d.d_month_seq = 
 	     (select distinct (d_month_seq)
 	      from date_dim
               where d_year = 2000
 	        and d_moy = 5 )
 	and i.i_current_price > 1.2 * 
             (select avg(j.i_current_price) 
 	     from item j 
 	     where j.i_category = i.i_category)
 group by a.ca_state
 having count(*) >= 10
 order by cnt, a.ca_state 
 limit 100;
psql:/tmp/s1-basline/throughput/query_4.sql:1467: NOTICE:  duration: 108625.009 ms  plan:
Query Text: select  a.ca_state state, count(*) cnt
 from customer_address a
     ,customer c
     ,store_sales s
     ,date_dim d
     ,item i
 where       a.ca_address_sk = c.c_current_addr_sk
 	and c.c_customer_sk = s.ss_customer_sk
 	and s.ss_sold_date_sk = d.d_date_sk
 	and s.ss_item_sk = i.i_item_sk
 	and d.d_month_seq = 
 	     (select distinct (d_month_seq)
 	      from date_dim
               where d_year = 2000
 	        and d_moy = 5 )
 	and i.i_current_price > 1.2 * 
             (select avg(j.i_current_price) 
 	     from item j 
 	     where j.i_category = i.i_category)
 group by a.ca_state
 having count(*) >= 10
 order by cnt, a.ca_state 
 limit 100;
Limit  (cost=1646340.86..1646340.90 rows=17 width=11) (actual time=108624.983..108624.992 rows=42 loops=1)
  InitPlan 1 (returns $0)
    ->  Unique  (cost=2501.50..2501.66 rows=31 width=4) (actual time=8.271..8.277 rows=1 loops=1)
          ->  Sort  (cost=2501.50..2501.58 rows=31 width=4) (actual time=8.270..8.272 rows=31 loops=1)
                Sort Key: date_dim.d_month_seq
                Sort Method: quicksort  Memory: 25kB
                ->  Seq Scan on date_dim  (cost=0.00..2500.73 rows=31 width=4) (actual time=4.153..8.266 rows=31 loops=1)
                      Filter: ((d_year = 2000) AND (d_moy = 5))
                      Rows Removed by Filter: 73018
  ->  Sort  (cost=1643839.20..1643839.24 rows=17 width=11) (actual time=108624.982..108624.986 rows=42 loops=1)
        Sort Key: (count(*)), a.ca_state
        Sort Method: quicksort  Memory: 26kB
        ->  GroupAggregate  (cost=1643835.52..1643838.85 rows=17 width=11) (actual time=108624.646..108624.971 rows=42 loops=1)
              Group Key: a.ca_state
              Filter: (count(*) >= 10)
              Rows Removed by Filter: 10
              ->  Sort  (cost=1643835.52..1643836.42 rows=359 width=3) (actual time=108624.639..108624.730 rows=2366 loops=1)
                    Sort Key: a.ca_state
                    Sort Method: quicksort  Memory: 207kB
                    ->  Nested Loop  (cost=1.30..1643820.29 rows=359 width=3) (actual time=72.118..108623.171 rows=2366 loops=1)
                          ->  Nested Loop  (cost=1.01..1643704.86 rows=359 width=8) (actual time=72.107..108613.377 rows=2366 loops=1)
                                ->  Nested Loop  (cost=0.72..42000.65 rows=1078 width=16) (actual time=11.184..98.776 rows=25642 loops=1)
                                      ->  Nested Loop  (cost=0.43..41649.19 rows=1129 width=16) (actual time=11.176..32.767 rows=26294 loops=1)
                                            ->  Seq Scan on date_dim d  (cost=0.00..2318.11 rows=30 width=8) (actual time=11.161..15.128 rows=31 loops=1)
                                                  Filter: (d_month_seq = $0)
                                                  Rows Removed by Filter: 73018
                                            ->  Index Scan using i_ss_sold_date_sk on store_sales s  (cost=0.43..1295.96 rows=1508 width=24) (actual time=0.011..0.403 rows=848 loops=31)
                                                  Index Cond: (ss_sold_date_sk = d.d_date_sk)
                                      ->  Index Scan using pk_customer on customer c  (cost=0.29..0.31 rows=1 width=16) (actual time=0.002..0.002 rows=1 loops=26294)
                                            Index Cond: (c_customer_sk = s.ss_customer_sk)
                                ->  Index Scan using pk_item on item i  (cost=0.29..1485.81 rows=1 width=8) (actual time=4.232..4.232 rows=0 loops=25642)
                                      Index Cond: (i_item_sk = s.ss_item_sk)
                                      Filter: (i_current_price > ('1.2'::double precision * (SubPlan 2)))
                                      Rows Removed by Filter: 1
                                      SubPlan 2
                                        ->  Aggregate  (cost=1485.49..1485.50 rows=1 width=8) (actual time=4.229..4.229 rows=1 loops=25642)
                                              ->  Seq Scan on item j  (cost=0.00..1481.00 rows=1795 width=8) (actual time=0.009..4.116 rows=1792 loops=25642)
                                                    Filter: (i_category = i.i_category)
                                                    Rows Removed by Filter: 16208
                          ->  Index Scan using pk_customer_address on customer_address a  (cost=0.29..0.32 rows=1 width=11) (actual time=0.003..0.003 rows=1 loops=2366)
                                Index Cond: (ca_address_sk = c.c_current_addr_sk)
 state | cnt 
-------+-----
 ME    |  10
 AK    |  13
 NJ    |  15
 MD    |  17
 UT    |  22
 WY    |  22
 FL    |  25
 SC    |  25
 SD    |  27
 ID    |  29
 MT    |  29
 NM    |  30
 NY    |  34
 LA    |  36
 WA    |  37
 CA    |  39
 OR    |  41
 MI    |  44
 WI    |  47
 CO    |  48
 MN    |  49
 NE    |  49
 WV    |  50
 IA    |  59
 PA    |  60
 OH    |  61
 KS    |  62
 ND    |  62
 AR    |  63
 OK    |  63
 AL    |  67
 NC    |  69
 KY    |  70
 MS    |  74
       |  76
 MO    |  81
 IN    |  82
 TN    |  87
 IL    |  99
 VA    | 109
 GA    | 131
 TX    | 192
(42 rows)

UPDATE time_statistics SET e_time = TRANSACTION_TIMESTAMP() WHERE template = 'query6.tpl' AND stream = 4;
psql:/tmp/s1-basline/throughput/query_4.sql:1469: NOTICE:  duration: 0.034 ms  plan:
Query Text: UPDATE time_statistics SET e_time = TRANSACTION_TIMESTAMP() WHERE template = 'query6.tpl' AND stream = 4;
Update on time_statistics  (cost=0.00..4.26 rows=0 width=0) (actual time=0.034..0.034 rows=0 loops=1)
  ->  Seq Scan on time_statistics  (cost=0.00..4.26 rows=1 width=14) (actual time=0.014..0.022 rows=1 loops=1)
        Filter: ((template = 'query6.tpl'::text) AND (stream = 4))
        Rows Removed by Filter: 83
UPDATE 1
LOAD 'auto_explain'; SET auto_explain.log_min_duration TO 0; SET auto_explain.log_analyze TO on; SET auto_explain.log_level TO notice; INSERT INTO time_statistics (template, s_time, stream, query, seed) VALUES ('query28.tpl', TRANSACTION_TIMESTAMP(), 4, 28, 1826688229);
LOAD
SET
SET
SET
psql:/tmp/s1-basline/throughput/query_4.sql:1470: NOTICE:  duration: 0.021 ms  plan:
Query Text: INSERT INTO time_statistics (template, s_time, stream, query, seed) VALUES ('query28.tpl', TRANSACTION_TIMESTAMP(), 4, 28, 1826688229);
Insert on time_statistics  (cost=0.00..0.01 rows=0 width=0) (actual time=0.020..0.021 rows=0 loops=1)
  ->  Result  (cost=0.00..0.01 rows=1 width=64) (actual time=0.002..0.002 rows=1 loops=1)
INSERT 0 1
select  *
from (select avg(ss_list_price) B1_LP
            ,count(ss_list_price) B1_CNT
            ,count(distinct ss_list_price) B1_CNTD
      from store_sales
      where ss_quantity between 0 and 5
        and (ss_list_price between 153 and 153+10 
             or ss_coupon_amt between 6164 and 6164+1000
             or ss_wholesale_cost between 16 and 16+20)) B1,
     (select avg(ss_list_price) B2_LP
            ,count(ss_list_price) B2_CNT
            ,count(distinct ss_list_price) B2_CNTD
      from store_sales
      where ss_quantity between 6 and 10
        and (ss_list_price between 168 and 168+10
          or ss_coupon_amt between 15533 and 15533+1000
          or ss_wholesale_cost between 35 and 35+20)) B2,
     (select avg(ss_list_price) B3_LP
            ,count(ss_list_price) B3_CNT
            ,count(distinct ss_list_price) B3_CNTD
      from store_sales
      where ss_quantity between 11 and 15
        and (ss_list_price between 90 and 90+10
          or ss_coupon_amt between 15054 and 15054+1000
          or ss_wholesale_cost between 54 and 54+20)) B3,
     (select avg(ss_list_price) B4_LP
            ,count(ss_list_price) B4_CNT
            ,count(distinct ss_list_price) B4_CNTD
      from store_sales
      where ss_quantity between 16 and 20
        and (ss_list_price between 172 and 172+10
          or ss_coupon_amt between 16579 and 16579+1000
          or ss_wholesale_cost between 67 and 67+20)) B4,
     (select avg(ss_list_price) B5_LP
            ,count(ss_list_price) B5_CNT
            ,count(distinct ss_list_price) B5_CNTD
      from store_sales
      where ss_quantity between 21 and 25
        and (ss_list_price between 12 and 12+10
          or ss_coupon_amt between 13344 and 13344+1000
          or ss_wholesale_cost between 40 and 40+20)) B5,
     (select avg(ss_list_price) B6_LP
            ,count(ss_list_price) B6_CNT
            ,count(distinct ss_list_price) B6_CNTD
      from store_sales
      where ss_quantity between 26 and 30
        and (ss_list_price between 178 and 178+10
          or ss_coupon_amt between 11788 and 11788+1000
          or ss_wholesale_cost between 10 and 10+20)) B6
limit 100;
psql:/tmp/s1-basline/throughput/query_4.sql:1520: NOTICE:  duration: 1583.869 ms  plan:
Query Text: select  *
from (select avg(ss_list_price) B1_LP
            ,count(ss_list_price) B1_CNT
            ,count(distinct ss_list_price) B1_CNTD
      from store_sales
      where ss_quantity between 0 and 5
        and (ss_list_price between 153 and 153+10 
             or ss_coupon_amt between 6164 and 6164+1000
             or ss_wholesale_cost between 16 and 16+20)) B1,
     (select avg(ss_list_price) B2_LP
            ,count(ss_list_price) B2_CNT
            ,count(distinct ss_list_price) B2_CNTD
      from store_sales
      where ss_quantity between 6 and 10
        and (ss_list_price between 168 and 168+10
          or ss_coupon_amt between 15533 and 15533+1000
          or ss_wholesale_cost between 35 and 35+20)) B2,
     (select avg(ss_list_price) B3_LP
            ,count(ss_list_price) B3_CNT
            ,count(distinct ss_list_price) B3_CNTD
      from store_sales
      where ss_quantity between 11 and 15
        and (ss_list_price between 90 and 90+10
          or ss_coupon_amt between 15054 and 15054+1000
          or ss_wholesale_cost between 54 and 54+20)) B3,
     (select avg(ss_list_price) B4_LP
            ,count(ss_list_price) B4_CNT
            ,count(distinct ss_list_price) B4_CNTD
      from store_sales
      where ss_quantity between 16 and 20
        and (ss_list_price between 172 and 172+10
          or ss_coupon_amt between 16579 and 16579+1000
          or ss_wholesale_cost between 67 and 67+20)) B4,
     (select avg(ss_list_price) B5_LP
            ,count(ss_list_price) B5_CNT
            ,count(distinct ss_list_price) B5_CNTD
      from store_sales
      where ss_quantity between 21 and 25
        and (ss_list_price between 12 and 12+10
          or ss_coupon_amt between 13344 and 13344+1000
          or ss_wholesale_cost between 40 and 40+20)) B5,
     (select avg(ss_list_price) B6_LP
            ,count(ss_list_price) B6_CNT
            ,count(distinct ss_list_price) B6_CNTD
      from store_sales
      where ss_quantity between 26 and 30
        and (ss_list_price between 178 and 178+10
          or ss_coupon_amt between 11788 and 11788+1000
          or ss_wholesale_cost between 10 and 10+20)) B6
limit 100;
Limit  (cost=680195.76..680195.93 rows=1 width=144) (actual time=1514.744..1583.857 rows=1 loops=1)
  ->  Nested Loop  (cost=680195.76..680195.93 rows=1 width=144) (actual time=1514.744..1583.856 rows=1 loops=1)
        ->  Nested Loop  (cost=567119.83..567119.97 rows=1 width=120) (actual time=1263.735..1264.153 rows=1 loops=1)
              ->  Nested Loop  (cost=453273.99..453274.10 rows=1 width=96) (actual time=1007.023..1007.367 rows=1 loops=1)
                    ->  Nested Loop  (cost=340084.01..340084.09 rows=1 width=72) (actual time=755.447..755.723 rows=1 loops=1)
                          ->  Nested Loop  (cost=226236.13..226236.18 rows=1 width=48) (actual time=503.590..503.799 rows=1 loops=1)
                                ->  Aggregate  (cost=113068.94..113068.95 rows=1 width=24) (actual time=250.576..250.712 rows=1 loops=1)
                                      ->  Gather  (cost=1000.00..112862.25 rows=27558 width=8) (actual time=0.249..243.695 rows=30098 loops=1)
                                            Workers Planned: 2
                                            Workers Launched: 2
                                            ->  Parallel Seq Scan on store_sales  (cost=0.00..109106.45 rows=11482 width=8) (actual time=0.069..240.316 rows=10033 loops=3)
                                                  Filter: ((ss_quantity >= 0) AND (ss_quantity <= 5) AND (((ss_list_price >= '153'::double precision) AND (ss_list_price <= '163'::double precision)) OR ((ss_coupon_amt >= '6164'::double precision) AND (ss_coupon_amt <= '7164'::double precision)) OR ((ss_wholesale_cost >= '16'::double precision) AND (ss_wholesale_cost <= '36'::double precision))))
                                                  Rows Removed by Filter: 949277
                                ->  Aggregate  (cost=113167.19..113167.20 rows=1 width=24) (actual time=253.010..253.082 rows=1 loops=1)
                                      ->  Gather  (cost=1000.00..112953.65 rows=28472 width=8) (actual time=0.335..246.074 rows=29056 loops=1)
                                            Workers Planned: 2
                                            Workers Launched: 2
                                            ->  Parallel Seq Scan on store_sales store_sales_1  (cost=0.00..109106.45 rows=11863 width=8) (actual time=0.120..242.465 rows=9685 loops=3)
                                                  Filter: ((ss_quantity >= 6) AND (ss_quantity <= 10) AND (((ss_list_price >= '168'::double precision) AND (ss_list_price <= '178'::double precision)) OR ((ss_coupon_amt >= '15533'::double precision) AND (ss_coupon_amt <= '16533'::double precision)) OR ((ss_wholesale_cost >= '35'::double precision) AND (ss_wholesale_cost <= '55'::double precision))))
                                                  Rows Removed by Filter: 949624
                          ->  Aggregate  (cost=113847.88..113847.89 rows=1 width=24) (actual time=251.854..251.920 rows=1 loops=1)
                                ->  Gather  (cost=1000.00..113586.85 rows=34804 width=8) (actual time=0.322..244.218 rows=32466 loops=1)
                                      Workers Planned: 2
                                      Workers Launched: 2
                                      ->  Parallel Seq Scan on store_sales store_sales_2  (cost=0.00..109106.45 rows=14502 width=8) (actual time=0.053..240.689 rows=10822 loops=3)
                                            Filter: ((ss_quantity >= 11) AND (ss_quantity <= 15) AND (((ss_list_price >= '90'::double precision) AND (ss_list_price <= '100'::double precision)) OR ((ss_coupon_amt >= '15054'::double precision) AND (ss_coupon_amt <= '16054'::double precision)) OR ((ss_wholesale_cost >= '54'::double precision) AND (ss_wholesale_cost <= '74'::double precision))))
                                            Rows Removed by Filter: 948487
                    ->  Aggregate  (cost=113189.98..113189.99 rows=1 width=24) (actual time=251.572..251.639 rows=1 loops=1)
                          ->  Gather  (cost=1000.00..112974.85 rows=28684 width=8) (actual time=0.346..244.450 rows=28594 loops=1)
                                Workers Planned: 2
                                Workers Launched: 2
                                ->  Parallel Seq Scan on store_sales store_sales_3  (cost=0.00..109106.45 rows=11952 width=8) (actual time=0.100..240.705 rows=9531 loops=3)
                                      Filter: ((ss_quantity >= 16) AND (ss_quantity <= 20) AND (((ss_list_price >= '172'::double precision) AND (ss_list_price <= '182'::double precision)) OR ((ss_coupon_amt >= '16579'::double precision) AND (ss_coupon_amt <= '17579'::double precision)) OR ((ss_wholesale_cost >= '67'::double precision) AND (ss_wholesale_cost <= '87'::double precision))))
                                      Rows Removed by Filter: 949778
              ->  Aggregate  (cost=113845.84..113845.85 rows=1 width=24) (actual time=256.708..256.780 rows=1 loops=1)
                    ->  Gather  (cost=1000.00..113584.95 rows=34785 width=8) (actual time=0.336..248.315 rows=36320 loops=1)
                          Workers Planned: 2
                          Workers Launched: 2
                          ->  Parallel Seq Scan on store_sales store_sales_4  (cost=0.00..109106.45 rows=14494 width=8) (actual time=0.038..244.643 rows=12107 loops=3)
                                Filter: ((ss_quantity >= 21) AND (ss_quantity <= 25) AND (((ss_list_price >= '12'::double precision) AND (ss_list_price <= '22'::double precision)) OR ((ss_coupon_amt >= '13344'::double precision) AND (ss_coupon_amt <= '14344'::double precision)) OR ((ss_wholesale_cost >= '40'::double precision) AND (ss_wholesale_cost <= '60'::double precision))))
                                Rows Removed by Filter: 947203
        ->  Aggregate  (cost=113075.93..113075.93 rows=1 width=24) (actual time=251.004..319.698 rows=1 loops=1)
              ->  Gather  (cost=1000.00..112868.75 rows=27623 width=8) (actual time=0.312..313.119 rows=28282 loops=1)
                    Workers Planned: 2
                    Workers Launched: 2
                    ->  Parallel Seq Scan on store_sales store_sales_5  (cost=0.00..109106.45 rows=11510 width=8) (actual time=0.038..240.755 rows=9427 loops=3)
                          Filter: ((ss_quantity >= 26) AND (ss_quantity <= 30) AND (((ss_list_price >= '178'::double precision) AND (ss_list_price <= '188'::double precision)) OR ((ss_coupon_amt >= '11788'::double precision) AND (ss_coupon_amt <= '12788'::double precision)) OR ((ss_wholesale_cost >= '10'::double precision) AND (ss_wholesale_cost <= '30'::double precision))))
                          Rows Removed by Filter: 949882
      b1_lp       | b1_cnt | b1_cntd |      b2_lp       | b2_cnt | b2_cntd |       b3_lp       | b3_cnt | b3_cntd |       b4_lp        | b4_cnt | b4_cntd |      b5_lp       | b5_cnt | b5_cntd |      b6_lp       | b6_cnt | b6_cntd 
------------------+--------+---------+------------------+--------+---------+-------------------+--------+---------+--------------------+--------+---------+------------------+--------+---------+------------------+--------+---------
 51.7210372313588 |  29733 |    5904 | 74.8167820249732 |  28751 |    7293 | 95.74916804030764 |  32153 |    7900 | 119.20228858538051 |  28262 |    9603 | 60.0660598739205 |  36009 |    7838 | 36.9835808610384 |  27943 |    5228
(1 row)

UPDATE time_statistics SET e_time = TRANSACTION_TIMESTAMP() WHERE template = 'query28.tpl' AND stream = 4;
psql:/tmp/s1-basline/throughput/query_4.sql:1522: NOTICE:  duration: 0.038 ms  plan:
Query Text: UPDATE time_statistics SET e_time = TRANSACTION_TIMESTAMP() WHERE template = 'query28.tpl' AND stream = 4;
Update on time_statistics  (cost=0.00..4.26 rows=0 width=0) (actual time=0.037..0.037 rows=0 loops=1)
  ->  Seq Scan on time_statistics  (cost=0.00..4.26 rows=1 width=14) (actual time=0.022..0.023 rows=1 loops=1)
        Filter: ((template = 'query28.tpl'::text) AND (stream = 4))
        Rows Removed by Filter: 84
UPDATE 1
LOAD 'auto_explain'; SET auto_explain.log_min_duration TO 0; SET auto_explain.log_analyze TO on; SET auto_explain.log_level TO notice; INSERT INTO time_statistics (template, s_time, stream, query, seed) VALUES ('query81.tpl', TRANSACTION_TIMESTAMP(), 4, 29, 579428758);
LOAD
SET
SET
SET
psql:/tmp/s1-basline/throughput/query_4.sql:1523: NOTICE:  duration: 0.009 ms  plan:
Query Text: INSERT INTO time_statistics (template, s_time, stream, query, seed) VALUES ('query81.tpl', TRANSACTION_TIMESTAMP(), 4, 29, 579428758);
Insert on time_statistics  (cost=0.00..0.01 rows=0 width=0) (actual time=0.008..0.008 rows=0 loops=1)
  ->  Result  (cost=0.00..0.01 rows=1 width=64) (actual time=0.001..0.002 rows=1 loops=1)
INSERT 0 1
with customer_total_return as
 (select cr_returning_customer_sk as ctr_customer_sk
        ,ca_state as ctr_state, 
 	sum(cr_return_amt_inc_tax) as ctr_total_return
 from catalog_returns
     ,date_dim
     ,customer_address
 where cr_returned_date_sk = d_date_sk 
   and d_year =1999
   and cr_returning_addr_sk = ca_address_sk 
 group by cr_returning_customer_sk
         ,ca_state )
  select  c_customer_id,c_salutation,c_first_name,c_last_name,ca_street_number,ca_street_name
                   ,ca_street_type,ca_suite_number,ca_city,ca_county,ca_state,ca_zip,ca_country,ca_gmt_offset
                  ,ca_location_type,ctr_total_return
 from customer_total_return ctr1
     ,customer_address
     ,customer
 where ctr1.ctr_total_return > (select avg(ctr_total_return)*1.2
 			  from customer_total_return ctr2 
                  	  where ctr1.ctr_state = ctr2.ctr_state)
       and ca_address_sk = c_current_addr_sk
       and ca_state = 'UT'
       and ctr1.ctr_customer_sk = c_customer_sk
 order by c_customer_id,c_salutation,c_first_name,c_last_name,ca_street_number,ca_street_name
                   ,ca_street_type,ca_suite_number,ca_city,ca_county,ca_state,ca_zip,ca_country,ca_gmt_offset
                  ,ca_location_type,ctr_total_return
 limit 100;
psql:/tmp/s1-basline/throughput/query_4.sql:1551: NOTICE:  duration: 71265.857 ms  plan:
Query Text: with customer_total_return as
 (select cr_returning_customer_sk as ctr_customer_sk
        ,ca_state as ctr_state, 
 	sum(cr_return_amt_inc_tax) as ctr_total_return
 from catalog_returns
     ,date_dim
     ,customer_address
 where cr_returned_date_sk = d_date_sk 
   and d_year =1999
   and cr_returning_addr_sk = ca_address_sk 
 group by cr_returning_customer_sk
         ,ca_state )
  select  c_customer_id,c_salutation,c_first_name,c_last_name,ca_street_number,ca_street_name
                   ,ca_street_type,ca_suite_number,ca_city,ca_county,ca_state,ca_zip,ca_country,ca_gmt_offset
                  ,ca_location_type,ctr_total_return
 from customer_total_return ctr1
     ,customer_address
     ,customer
 where ctr1.ctr_total_return > (select avg(ctr_total_return)*1.2
 			  from customer_total_return ctr2 
                  	  where ctr1.ctr_state = ctr2.ctr_state)
       and ca_address_sk = c_current_addr_sk
       and ca_state = 'UT'
       and ctr1.ctr_customer_sk = c_customer_sk
 order by c_customer_id,c_salutation,c_first_name,c_last_name,ca_street_number,ca_street_name
                   ,ca_street_type,ca_suite_number,ca_city,ca_county,ca_state,ca_zip,ca_country,ca_gmt_offset
                  ,ca_location_type,ctr_total_return
 limit 100;
Limit  (cost=16376.41..16376.42 rows=2 width=215) (actual time=71265.745..71265.757 rows=74 loops=1)
  CTE customer_total_return
    ->  GroupAggregate  (cost=4667.97..4682.01 rows=702 width=19) (actual time=77.402..88.652 rows=27787 loops=1)
          Group Key: catalog_returns.cr_returning_customer_sk, customer_address_1.ca_state
          ->  Sort  (cost=4667.97..4669.72 rows=702 width=19) (actual time=77.395..79.139 rows=28227 loops=1)
                Sort Key: catalog_returns.cr_returning_customer_sk, customer_address_1.ca_state
                Sort Method: quicksort  Memory: 2521kB
                ->  Nested Loop  (cost=0.58..4634.78 rows=702 width=19) (actual time=3.968..70.161 rows=28227 loops=1)
                      ->  Nested Loop  (cost=0.29..4407.34 rows=717 width=24) (actual time=3.962..26.198 rows=28803 loops=1)
                            ->  Seq Scan on date_dim  (cost=0.00..2318.11 rows=363 width=8) (actual time=3.955..8.583 rows=365 loops=1)
                                  Filter: (d_year = 1999)
                                  Rows Removed by Filter: 72684
                            ->  Index Scan using i_cr_returned_date_sk on catalog_returns  (cost=0.29..5.04 rows=72 width=32) (actual time=0.002..0.035 rows=79 loops=365)
                                  Index Cond: (cr_returned_date_sk = date_dim.d_date_sk)
                      ->  Index Scan using pk_customer_address on customer_address customer_address_1  (cost=0.29..0.32 rows=1 width=11) (actual time=0.001..0.001 rows=1 loops=28803)
                            Index Cond: (ca_address_sk = catalog_returns.cr_returning_addr_sk)
  ->  Sort  (cost=11694.40..11694.41 rows=2 width=215) (actual time=71265.744..71265.748 rows=74 loops=1)
        Sort Key: customer.c_customer_id, customer.c_salutation, customer.c_first_name, customer.c_last_name, customer_address.ca_street_number, customer_address.ca_street_name, customer_address.ca_street_type, customer_address.ca_suite_number, customer_address.ca_city, customer_address.ca_county, customer_address.ca_zip, customer_address.ca_country, customer_address.ca_gmt_offset, customer_address.ca_location_type, ctr1.ctr_total_return
        Sort Method: quicksort  Memory: 44kB
        ->  Nested Loop  (cost=0.58..11694.39 rows=2 width=215) (actual time=513.352..71265.581 rows=74 loops=1)
              ->  Nested Loop  (cost=0.29..11618.58 rows=234 width=96) (actual time=98.258..71248.501 rows=6705 loops=1)
                    ->  CTE Scan on customer_total_return ctr1  (cost=0.00..11121.43 rows=234 width=16) (actual time=98.246..71228.287 rows=6733 loops=1)
                          Filter: (ctr_total_return > (SubPlan 2))
                          Rows Removed by Filter: 21054
                          SubPlan 2
                            ->  Aggregate  (cost=15.81..15.82 rows=1 width=8) (actual time=2.560..2.560 rows=1 loops=27787)
                                  ->  CTE Scan on customer_total_return ctr2  (cost=0.00..15.79 rows=4 width=8) (actual time=0.060..2.498 rows=802 loops=27787)
                                        Filter: (ctr1.ctr_state = ctr_state)
                                        Rows Removed by Filter: 26985
                    ->  Index Scan using pk_customer on customer  (cost=0.29..2.12 rows=1 width=96) (actual time=0.002..0.002 rows=1 loops=6733)
                          Index Cond: (c_customer_sk = ctr1.ctr_customer_sk)
              ->  Index Scan using pk_customer_address on customer_address  (cost=0.29..0.32 rows=1 width=135) (actual time=0.002..0.002 rows=0 loops=6705)
                    Index Cond: (ca_address_sk = customer.c_current_addr_sk)
                    Filter: (ca_state = 'UT'::bpchar)
                    Rows Removed by Filter: 1
  c_customer_id   | c_salutation |     c_first_name     |          c_last_name           | ca_street_number |  ca_street_name   | ca_street_type  | ca_suite_number |    ca_city     |     ca_county     | ca_state |   ca_zip   |  ca_country   | ca_gmt_offset |   ca_location_type   | ctr_total_return 
------------------+--------------+----------------------+--------------------------------+------------------+-------------------+-----------------+-----------------+----------------+-------------------+----------+------------+---------------+---------------+----------------------+------------------
 AAAAAAAAAOCBAAAA | Sir          | Jesse                | Pettis                         | 80               | Poplar View       | Lane            | Suite 370       | Mount Olive    | Kane County       | UT       | 88059      | United States |            -7 | condo                |          2321.19
 AAAAAAAAAOGHBAAA | Mr.          | James                | Gallardo                       | 858              | 5th               | Drive           | Suite 310       | Springdale     | Sanpete County    | UT       | 88883      | United States |            -7 | condo                |           3357.3
 AAAAAAAABAANAAAA | Mrs.         | Christina            | Johnson                        | 168              | Hill              | Ct.             | Suite I         | Walnut Grove   | Sanpete County    | UT       | 87752      | United States |            -7 | single family        |          3750.19
 AAAAAAAABADMAAAA | Mr.          | Harold               | Booth                          | 474              | Madison 4th       | Parkway         | Suite O         | Riverside      | Tooele County     | UT       | 89231      | United States |            -7 | single family        |          5776.82
 AAAAAAAABECAAAAA | Miss         | Barbara              | Wendt                          | 626              | 9th               | Cir.            | Suite 180       | Friendship     | Morgan County     | UT       | 84536      | United States |            -7 | single family        |          5030.76
 AAAAAAAABIKGAAAA | Ms.          | Pamela               | Young                          | 947              | Cedar Willow      | Circle          | Suite 390       | West Liberty   | Grand County      | UT       | 84752      | United States |            -7 | apartment            |          3752.64
 AAAAAAAABNDPAAAA | Sir          | Lawrence             | Mack                           |                  |                   | Blvd            |                 | Cedar Grove    | Davis County      | UT       |            | United States |            -7 |                      |             2931
 AAAAAAAACEBJAAAA | Dr.          | James                | Garcia                         | 816              | View              | Way             | Suite 430       | Franklin       | Garfield County   | UT       | 89101      | United States |            -7 | condo                |          3395.41
 AAAAAAAACIFPAAAA | Dr.          | Katie                | Duncan                         | 448              | River             | Parkway         | Suite 180       | Riverview      | Rich County       | UT       | 89003      | United States |            -7 | condo                |          11897.8
 AAAAAAAACOOOAAAA | Ms.          | Sharon               | Ball                           | 182              | Chestnut Johnson  | Ln              | Suite C         | Pine Grove     | Weber County      | UT       | 84593      | United States |            -7 | condo                |          2812.32
 AAAAAAAACPKCBAAA | Dr.          | Kathryn              | Walker                         | 296              | North             | Ave             | Suite 0         | Four Points    | Daggett County    | UT       | 81216      | United States |            -7 | condo                |          3356.41
 AAAAAAAACPPIAAAA | Ms.          | Janice               | Greer                          | 222              | Laurel Williams   | RD              | Suite N         | Belmont        | Juab County       | UT       | 80191      | United States |            -7 | single family        |          4967.96
 AAAAAAAADAFEAAAA | Dr.          | David                | Colon                          | 583              | Johnson Elm       | Parkway         | Suite S         | Mount Vernon   | Daggett County    | UT       | 88482      | United States |            -7 | apartment            |          3210.96
 AAAAAAAADBGIAAAA | Mr.          | Charles              | Stephenson                     | 320              | Park              | Dr.             | Suite T         | Oak Ridge      | Cache County      | UT       | 88371      | United States |            -7 | condo                |          6963.34
 AAAAAAAADCCAAAAA |              |                      | Mcintyre                       | 189              | Broadway          | Drive           | Suite L         | Oakland        | Sanpete County    | UT       | 89843      | United States |            -7 | condo                |          3506.22
 AAAAAAAADCMBBAAA | Dr.          | Ryan                 | Block                          | 755              | Adams             | Ct.             | Suite 260       | Midway         | Kane County       | UT       | 81904      | United States |            -7 | condo                |          1729.46
 AAAAAAAADGGEAAAA | Dr.          | Randy                | Taft                           | 843              | 13th Cedar        | Dr.             | Suite T         | Greenwood      | San Juan County   | UT       | 88828      | United States |            -7 | apartment            |         10083.11
 AAAAAAAADLGEBAAA | Sir          | Kerry                | Ramirez                        | 40               | Johnson Pine      | Ave             | Suite N         | Mount Vernon   | Sevier County     | UT       | 88482      | United States |            -7 | condo                |          4394.84
 AAAAAAAADLLFAAAA | Dr.          | James                | Winters                        | 449              | 5th               | Cir.            | Suite P         | Red Hill       | Tooele County     | UT       | 84338      | United States |            -7 | single family        |         11175.27
 AAAAAAAADNBFAAAA | Ms.          | Eva                  | Garrett                        | 931              | West              | Ave             | Suite 370       | Mount Olive    | Duchesne County   | UT       | 88059      | United States |            -7 | single family        |          3087.69
 AAAAAAAADOBPAAAA | Mrs.         | Michelle             | Saenz                          | 893              | Laurel Park       | Ct.             | Suite V         | Oak Grove      | Uintah County     | UT       | 88370      | United States |            -7 | condo                |          5415.07
 AAAAAAAADOFEBAAA | Mr.          | Mark                 | Stephens                       | 497              | Dogwood           | Street          | Suite R         | Cordova        | Sevier County     | UT       | 86938      | United States |            -7 | apartment            |          2141.32
 AAAAAAAAEBANAAAA | Dr.          | John                 | Baker                          | 740              | Lee 14th          | Way             | Suite 170       | Franklin       | Millard County    | UT       | 89101      | United States |            -7 | single family        |          3651.41
 AAAAAAAAEDLAAAAA | Sir          | Lawrence             | Miller                         | 801              | Center            | Road            | Suite 160       | Hillcrest      | Daggett County    | UT       | 83003      | United States |            -7 | condo                |          3131.64
 AAAAAAAAEEGHAAAA | Sir          | Clifton              | Miller                         | 821              | Madison           | RD              | Suite 100       | Calhoun        | Morgan County     | UT       | 86909      | United States |            -7 | condo                |          1879.64
 AAAAAAAAEFJPAAAA | Sir          | Scott                | Cooksey                        | 642              | Lee 6th           | Cir.            | Suite 350       | Waterloo       | Washington County | UT       | 81675      | United States |            -7 | condo                |          2851.98
 AAAAAAAAEHCNAAAA | Mrs.         | Maribeth             | Ward                           | 224              | Park Church       | Road            | Suite 150       | Friendship     | Garfield County   | UT       | 84536      | United States |            -7 | condo                |           3658.2
 AAAAAAAAEKFIAAAA | Ms.          | Francine             | Shaffer                        | 550              | Valley            | Blvd            | Suite 160       | Fairfield      | Washington County | UT       | 86192      | United States |            -7 | single family        |          4241.79
 AAAAAAAAEMPHBAAA | Miss         | Angelia              | Vasquez                        | 298              | 8th Madison       | Ct.             | Suite 0         | Lakeview       | Emery County      | UT       | 88579      | United States |            -7 | apartment            |          2693.32
 AAAAAAAAENFAAAAA | Mr.          | Mark                 | Harris                         | 771              | Hill              | Circle          | Suite N         | Unionville     | Iron County       | UT       | 81711      | United States |            -7 | apartment            |          2303.61
 AAAAAAAAENIFAAAA | Mr.          | Robert               | Orr                            | 728              | East              | RD              | Suite Y         | Stringtown     | Carbon County     | UT       | 80162      | United States |            -7 | condo                |          1749.78
 AAAAAAAAEPGGBAAA |              | Geneva               |                                | 625              | Ash               | RD              | Suite 70        | Jamestown      | Tooele County     | UT       | 86867      | United States |            -7 | apartment            |          4339.93
 AAAAAAAAFDOCAAAA | Mr.          | William              | Almeida                        | 88               | 5th               | Pkwy            | Suite 240       | Greenville     | Duchesne County   | UT       | 81387      | United States |            -7 | condo                |          4118.72
 AAAAAAAAFEIAAAAA | Dr.          | Amanda               | Burger                         | 677              | Park              | Ln              | Suite D         | Spring Valley  | Utah County       | UT       | 86060      | United States |            -7 | apartment            |           2093.7
 AAAAAAAAFHHGAAAA | Dr.          | Michael              | Cook                           | 846              | Miller Mill       | RD              | Suite 470       | Cedar Grove    | Daggett County    | UT       | 80411      | United States |            -7 | apartment            |           7405.4
 AAAAAAAAFIKBAAAA | Dr.          | Kevin                | Roe                            | 821              | Madison           | RD              | Suite 100       | Calhoun        | Morgan County     | UT       | 86909      | United States |            -7 | condo                |          5649.84
 AAAAAAAAFIODAAAA | Mrs.         | Elaine               | Tijerina                       | 219              | Elm 15th          | Ave             | Suite F         | Shiloh         | Summit County     | UT       | 89275      | United States |            -7 | apartment            |          2055.43
 AAAAAAAAFKCKAAAA | Mr.          | James                | Ledbetter                      | 871              | Meadow Cedar      | Way             | Suite F         | Spring Valley  | Kane County       | UT       | 86060      | United States |            -7 | apartment            |           1719.9
 AAAAAAAAFOBCBAAA | Dr.          | Deborah              | Figueroa                       | 258              | 10th 4th          | Court           | Suite 310       | Riverdale      | Weber County      | UT       | 89391      | United States |            -7 | apartment            |          1886.42
 AAAAAAAAFOHJAAAA | Miss         | Elizabeth            | Holland                        | 13               | Maple 4th         | Lane            | Suite 400       | Summit         | Daggett County    | UT       | 80499      | United States |            -7 | apartment            |          2215.32
 AAAAAAAAGBFEBAAA | Dr.          | Edward               | Tucker                         | 815              | 9th Third         | Road            | Suite R         | Hopewell       | Sanpete County    | UT       | 80587      | United States |            -7 | condo                |         10622.04
 AAAAAAAAGBLBAAAA | Ms.          | Ellen                | Harris                         | 905              | Second            | Ln              | Suite X         | Glenwood       | Daggett County    | UT       | 83511      | United States |            -7 | condo                |          2702.64
 AAAAAAAAGPAIBAAA | Dr.          | Virginia             | Vela                           | 185              | West              | Pkwy            | Suite 310       | White Oak      | Weber County      | UT       | 86668      | United States |            -7 | single family        |           2369.7
 AAAAAAAAGPKCAAAA | Sir          | Darnell              | Perez                          | 168              | Hill              | Ct.             | Suite I         | Walnut Grove   | Sanpete County    | UT       | 87752      | United States |            -7 | single family        |          4361.93
 AAAAAAAAHGOMAAAA | Mrs.         | Sonia                | Pacheco                        | 486              | Park              | Street          | Suite B         | Florence       | Rich County       | UT       | 83394      | United States |            -7 | single family        |          2552.43
 AAAAAAAAHHKCAAAA | Sir          | Jeffrey              | Mcconnell                      | 233              | Elm Third         | Court           | Suite R         | Rocky Point    | Uintah County     | UT       | 81209      | United States |            -7 | single family        |           1903.1
 AAAAAAAAHJFPAAAA | Mrs.         | Bertha               | Patterson                      | 440              | River             | Way             | Suite 390       | Glendale       | Grand County      | UT       | 83951      | United States |            -7 | apartment            |          3620.89
 AAAAAAAAHLAJAAAA | Dr.          | Karen                | Fields                         | 922              | Ninth             | Way             | Suite T         | Riverview      | Emery County      | UT       | 89003      | United States |            -7 | single family        |         12784.85
 AAAAAAAAHMPGBAAA | Ms.          | Anthony              | Butts                          | 861              | College East      | Cir.            | Suite 30        | Deerfield      | Juab County       | UT       | 89840      | United States |            -7 | single family        |          3556.32
 AAAAAAAAHMPGBAAA | Ms.          | Anthony              | Butts                          | 861              | College East      | Cir.            | Suite 30        | Deerfield      | Juab County       | UT       | 89840      | United States |            -7 | single family        |          3780.69
 AAAAAAAAHPJEAAAA | Ms.          | Kathryn              | Melendez                       | 342              | 8th               | Court           | Suite 410       | Unionville     | Tooele County     | UT       | 81711      | United States |            -7 | apartment            |           1904.1
 AAAAAAAAIENHBAAA | Dr.          | Amber                | Nelson                         | 183              | Center Washington | Circle          | Suite D         | Pine Grove     | Box Elder County  | UT       | 84593      | United States |            -7 | single family        |          3278.98
 AAAAAAAAJAAGBAAA | Sir          | Robert               | Elliott                        | 85               | Church            | ST              | Suite 170       | Siloam         | Morgan County     | UT       | 88948      | United States |            -7 | condo                |          5248.75
 AAAAAAAAJDALAAAA | Dr.          | Anthony              | Livingston                     | 816              | Elevnth           | Drive           | Suite A         | Cedar Grove    | Garfield County   | UT       | 80411      | United States |            -7 | condo                |          4829.05
 AAAAAAAAJJDHBAAA | Miss         | Antonio              | Tucker                         | 515              | Meadow 2nd        | Boulevard       | Suite G         | Woodbine       | Duchesne County   | UT       | 84253      | United States |            -7 | condo                |          5249.86
 AAAAAAAAJJFJAAAA | Dr.          | Brandon              | Meyer                          | 836              | Valley            | ST              | Suite X         | Mount Vernon   | Iron County       | UT       | 88482      | United States |            -7 | apartment            |           4340.3
 AAAAAAAAJNABAAAA | Mrs.         | Melissa              | Jackson                        | 238              | Cherry 4th        | Parkway         | Suite 90        | Fairfield      | Iron County       | UT       | 86192      | United States |            -7 | condo                |          2476.74
 AAAAAAAAJOJEBAAA | Ms.          | Marina               | Blake                          | 486              | Park              | Street          | Suite B         | Florence       | Rich County       | UT       | 83394      | United States |            -7 | single family        |          2262.66
 AAAAAAAAKGMEAAAA | Mrs.         | Michelle             | Mosier                         | 681              | Elm Sunset        | Lane            | Suite X         | Centerville    | Morgan County     | UT       | 80059      | United States |            -7 | apartment            |          6701.05
 AAAAAAAAKIJDBAAA | Miss         | Marie                | Caldwell                       | 235              | Williams Lee      | Street          | Suite 70        | Jamestown      | Sevier County     | UT       | 86867      | United States |            -7 | condo                |          7944.36
 AAAAAAAALGAEBAAA | Dr.          | Paul                 | Redd                           | 52               | Spring Ash        | Way             | Suite T         | Mountain View  | Garfield County   | UT       | 84466      | United States |            -7 | apartment            |           5391.9
 AAAAAAAALGAEBAAA | Dr.          | Paul                 | Redd                           | 52               | Spring Ash        | Way             | Suite T         | Mountain View  | Garfield County   | UT       | 84466      | United States |            -7 | apartment            |             8085
 AAAAAAAALLIGAAAA | Dr.          | Karen                | Reed                           | 713              | Hill              | Cir.            | Suite 340       | Glendale       | Beaver County     | UT       | 83951      | United States |            -7 | apartment            |          2405.02
 AAAAAAAAMDFIBAAA | Dr.          | Cody                 | Lane                           | 105              | Main              | Avenue          | Suite 250       | Hillcrest      | Wayne County      | UT       | 83003      | United States |            -7 | single family        |           7971.6
 AAAAAAAANDJCAAAA | Sir          | Kent                 | Thompson                       | 696              | Wilson            | Way             | Suite R         | Plainview      | Box Elder County  | UT       | 83683      | United States |            -7 | single family        |             4003
 AAAAAAAANGAMAAAA | Mr.          | Walter               | Nixon                          | 296              | Chestnut Adams    | Dr.             | Suite K         | Pleasant Hill  | Salt Lake County  | UT       | 83604      | United States |            -7 | single family        |          2781.56
 AAAAAAAANKBGAAAA | Ms.          | Heather              | Connors                        | 942              | East 5th          | Circle          |                 | Riverside      | Wayne County      | UT       |            |               |               | single family        |          2029.11
 AAAAAAAAOCGCBAAA | Miss         | Evelyn               | Austin                         | 97               | 2nd Adams         | Circle          | Suite 310       | Pleasant Grove | Daggett County    | UT       | 84136      | United States |            -7 | single family        |          6101.04
 AAAAAAAAONCCAAAA | Ms.          | Diane                | Evans                          | 905              | Pine              | Parkway         | Suite F         | Woodville      | Wayne County      | UT       | 84289      | United States |            -7 | single family        |          1864.36
 AAAAAAAAONJBAAAA | Ms.          | Ernestine            | Hanna                          | 927              | Third             | Road            | Suite 170       | Union          | Emery County      | UT       | 88721      | United States |            -7 | condo                |           2607.7
 AAAAAAAAOONEAAAA | Sir          | Monte                | Ashley                         | 934              | 14th              | Pkwy            | Suite O         | Mount Pleasant | Summit County     | UT       | 81933      | United States |            -7 | single family        |           1825.2
 AAAAAAAAOONEAAAA | Sir          | Monte                | Ashley                         | 934              | 14th              | Pkwy            | Suite O         | Mount Pleasant | Summit County     | UT       | 81933      | United States |            -7 | single family        |          3179.69
 AAAAAAAAPCDJAAAA | Dr.          | Georgia              | Whalen                         | 416              | 2nd               | Boulevard       | Suite R         | Centerville    | Cache County      | UT       | 80059      | United States |            -7 | single family        |          6310.24
 AAAAAAAAPNEIBAAA | Mr.          | Pierre               | Parker                         | 913              | Madison 5th       | Ct.             | Suite J         | Highland Park  | Tooele County     | UT       | 86534      | United States |            -7 | condo                |          2738.73
(74 rows)

UPDATE time_statistics SET e_time = TRANSACTION_TIMESTAMP() WHERE template = 'query81.tpl' AND stream = 4;
psql:/tmp/s1-basline/throughput/query_4.sql:1553: NOTICE:  duration: 0.039 ms  plan:
Query Text: UPDATE time_statistics SET e_time = TRANSACTION_TIMESTAMP() WHERE template = 'query81.tpl' AND stream = 4;
Update on time_statistics  (cost=0.00..4.26 rows=0 width=0) (actual time=0.039..0.039 rows=0 loops=1)
  ->  Seq Scan on time_statistics  (cost=0.00..4.26 rows=1 width=14) (actual time=0.023..0.024 rows=1 loops=1)
        Filter: ((template = 'query81.tpl'::text) AND (stream = 4))
        Rows Removed by Filter: 94
UPDATE 1
LOAD 'auto_explain'; SET auto_explain.log_min_duration TO 0; SET auto_explain.log_analyze TO on; SET auto_explain.log_level TO notice; INSERT INTO time_statistics (template, s_time, stream, query, seed) VALUES ('query44.tpl', TRANSACTION_TIMESTAMP(), 4, 30, 459265023);
LOAD
SET
SET
SET
psql:/tmp/s1-basline/throughput/query_4.sql:1554: NOTICE:  duration: 0.009 ms  plan:
Query Text: INSERT INTO time_statistics (template, s_time, stream, query, seed) VALUES ('query44.tpl', TRANSACTION_TIMESTAMP(), 4, 30, 459265023);
Insert on time_statistics  (cost=0.00..0.01 rows=0 width=0) (actual time=0.008..0.008 rows=0 loops=1)
  ->  Result  (cost=0.00..0.01 rows=1 width=64) (actual time=0.001..0.001 rows=1 loops=1)
INSERT 0 1
select  asceding.rnk, i1.i_product_name best_performing, i2.i_product_name worst_performing
from(select *
     from (select item_sk,rank() over (order by rank_col asc) rnk
           from (select ss_item_sk item_sk,avg(ss_net_profit) rank_col 
                 from store_sales ss1
                 where ss_store_sk = 1
                 group by ss_item_sk
                 having avg(ss_net_profit) > 0.9*(select avg(ss_net_profit) rank_col
                                                  from store_sales
                                                  where ss_store_sk = 1
                                                    and ss_addr_sk is null
                                                  group by ss_store_sk))V1)V11
     where rnk  < 11) asceding,
    (select *
     from (select item_sk,rank() over (order by rank_col desc) rnk
           from (select ss_item_sk item_sk,avg(ss_net_profit) rank_col
                 from store_sales ss1
                 where ss_store_sk = 1
                 group by ss_item_sk
                 having avg(ss_net_profit) > 0.9*(select avg(ss_net_profit) rank_col
                                                  from store_sales
                                                  where ss_store_sk = 1
                                                    and ss_addr_sk is null
                                                  group by ss_store_sk))V2)V21
     where rnk  < 11) descending,
item i1,
item i2
where asceding.rnk = descending.rnk 
  and i1.i_item_sk=asceding.item_sk
  and i2.i_item_sk=descending.item_sk
order by asceding.rnk
limit 100;
psql:/tmp/s1-basline/throughput/query_4.sql:1586: NOTICE:  duration: 960.339 ms  plan:
Query Text: select  asceding.rnk, i1.i_product_name best_performing, i2.i_product_name worst_performing
from(select *
     from (select item_sk,rank() over (order by rank_col asc) rnk
           from (select ss_item_sk item_sk,avg(ss_net_profit) rank_col 
                 from store_sales ss1
                 where ss_store_sk = 1
                 group by ss_item_sk
                 having avg(ss_net_profit) > 0.9*(select avg(ss_net_profit) rank_col
                                                  from store_sales
                                                  where ss_store_sk = 1
                                                    and ss_addr_sk is null
                                                  group by ss_store_sk))V1)V11
     where rnk  < 11) asceding,
    (select *
     from (select item_sk,rank() over (order by rank_col desc) rnk
           from (select ss_item_sk item_sk,avg(ss_net_profit) rank_col
                 from store_sales ss1
                 where ss_store_sk = 1
                 group by ss_item_sk
                 having avg(ss_net_profit) > 0.9*(select avg(ss_net_profit) rank_col
                                                  from store_sales
                                                  where ss_store_sk = 1
                                                    and ss_addr_sk is null
                                                  group by ss_store_sk))V2)V21
     where rnk  < 11) descending,
item i1,
item i2
where asceding.rnk = descending.rnk 
  and i1.i_item_sk=asceding.item_sk
  and i2.i_item_sk=descending.item_sk
order by asceding.rnk
limit 100;
Limit  (cost=377771.42..377772.94 rows=100 width=110) (actual time=891.903..960.328 rows=10 loops=1)
  ->  Merge Join  (cost=377771.42..380070.16 rows=151415 width=110) (actual time=891.902..960.326 rows=10 loops=1)
        Merge Cond: ((rank() OVER (?)) = (rank() OVER (?)))
        ->  Sort  (cost=188885.71..188899.47 rows=5503 width=59) (actual time=441.750..441.928 rows=10 loops=1)
              Sort Key: (rank() OVER (?))
              Sort Method: quicksort  Memory: 26kB
              ->  Nested Loop  (cost=185281.05..188543.81 rows=5503 width=59) (actual time=441.700..441.922 rows=10 loops=1)
                    ->  WindowAgg  (cost=185280.76..185377.06 rows=5503 width=24) (actual time=441.678..441.861 rows=10 loops=1)
                          Run Condition: (rank() OVER (?) < 11)
                          ->  Sort  (cost=185280.76..185294.52 rows=5503 width=16) (actual time=441.671..441.847 rows=12 loops=1)
                                Sort Key: v1.rank_col
                                Sort Method: quicksort  Memory: 607kB
                                ->  Subquery Scan on v1  (cost=180577.72..184938.86 rows=5503 width=16) (actual time=420.518..440.160 rows=7585 loops=1)
                                      ->  Finalize GroupAggregate  (cost=180577.72..184883.83 rows=5503 width=16) (actual time=420.517..439.613 rows=7585 loops=1)
                                            Group Key: ss1.ss_item_sk
                                            Filter: (avg(ss1.ss_net_profit) > ('0.9'::double precision * $1))
                                            Rows Removed by Filter: 10415
                                            InitPlan 1 (returns $1)
                                              ->  Finalize GroupAggregate  (cost=1000.00..89166.70 rows=6 width=16) (actual time=180.336..180.434 rows=1 loops=1)
                                                    Group Key: store_sales.ss_store_sk
                                                    ->  Gather  (cost=1000.00..89166.56 rows=12 width=40) (actual time=180.232..180.426 rows=3 loops=1)
                                                          Workers Planned: 2
                                                          Workers Launched: 2
                                                          ->  Partial GroupAggregate  (cost=0.00..88165.36 rows=6 width=40) (actual time=176.190..176.191 rows=1 loops=3)
                                                                Group Key: store_sales.ss_store_sk
                                                                ->  Parallel Seq Scan on store_sales  (cost=0.00..88121.35 rows=8790 width=16) (actual time=0.065..175.340 rows=3554 loops=3)
                                                                      Filter: ((ss_addr_sk IS NULL) AND (ss_store_sk = 1))
                                                                      Rows Removed by Filter: 955755
                                            ->  Gather Merge  (cost=91411.03..95263.16 rows=33016 width=40) (actual time=240.162..249.100 rows=53561 loops=1)
                                                  Workers Planned: 2
                                                  Workers Launched: 2
                                                  ->  Sort  (cost=90411.00..90452.27 rows=16508 width=40) (actual time=235.426..238.558 rows=17854 loops=3)
                                                        Sort Key: ss1.ss_item_sk
                                                        Sort Method: quicksort  Memory: 2452kB
                                                        Worker 0:  Sort Method: quicksort  Memory: 2435kB
                                                        Worker 1:  Sort Method: quicksort  Memory: 2439kB
                                                        ->  Partial HashAggregate  (cost=89089.46..89254.54 rows=16508 width=40) (actual time=228.397..231.323 rows=17854 loops=3)
                                                              Group Key: ss1.ss_item_sk
                                                              Batches: 1  Memory Usage: 3857kB
                                                              Worker 0:  Batches: 1  Memory Usage: 3857kB
                                                              Worker 1:  Batches: 1  Memory Usage: 3857kB
                                                              ->  Parallel Seq Scan on store_sales ss1  (cost=0.00..88121.35 rows=193622 width=16) (actual time=0.021..187.115 rows=152885 loops=3)
                                                                    Filter: (ss_store_sk = 1)
                                                                    Rows Removed by Filter: 806424
                    ->  Index Scan using pk_item on item i1  (cost=0.29..0.57 rows=1 width=59) (actual time=0.005..0.005 rows=1 loops=10)
                          Index Cond: (i_item_sk = v1.item_sk)
        ->  Sort  (cost=188885.71..188899.47 rows=5503 width=59) (actual time=450.148..518.390 rows=10 loops=1)
              Sort Key: (rank() OVER (?))
              Sort Method: quicksort  Memory: 26kB
              ->  Nested Loop  (cost=185281.05..188543.81 rows=5503 width=59) (actual time=450.095..518.382 rows=10 loops=1)
                    ->  WindowAgg  (cost=185280.76..185377.06 rows=5503 width=24) (actual time=450.075..518.323 rows=10 loops=1)
                          Run Condition: (rank() OVER (?) < 11)
                          ->  Sort  (cost=185280.76..185294.52 rows=5503 width=16) (actual time=450.068..518.309 rows=12 loops=1)
                                Sort Key: v2.rank_col DESC
                                Sort Method: quicksort  Memory: 607kB
                                ->  Subquery Scan on v2  (cost=180577.72..184938.86 rows=5503 width=16) (actual time=428.770..516.641 rows=7585 loops=1)
                                      ->  Finalize GroupAggregate  (cost=180577.72..184883.83 rows=5503 width=16) (actual time=428.770..516.079 rows=7585 loops=1)
                                            Group Key: ss1_1.ss_item_sk
                                            Filter: (avg(ss1_1.ss_net_profit) > ('0.9'::double precision * $3))
                                            Rows Removed by Filter: 10415
                                            InitPlan 2 (returns $3)
                                              ->  Finalize GroupAggregate  (cost=1000.00..89166.70 rows=6 width=16) (actual time=183.732..227.196 rows=1 loops=1)
                                                    Group Key: store_sales_1.ss_store_sk
                                                    ->  Gather  (cost=1000.00..89166.56 rows=12 width=40) (actual time=183.630..227.188 rows=3 loops=1)
                                                          Workers Planned: 2
                                                          Workers Launched: 2
                                                          ->  Partial GroupAggregate  (cost=0.00..88165.36 rows=6 width=40) (actual time=179.863..179.864 rows=1 loops=3)
                                                                Group Key: store_sales_1.ss_store_sk
                                                                ->  Parallel Seq Scan on store_sales store_sales_1  (cost=0.00..88121.35 rows=8790 width=16) (actual time=0.230..179.006 rows=3554 loops=3)
                                                                      Filter: ((ss_addr_sk IS NULL) AND (ss_store_sk = 1))
                                                                      Rows Removed by Filter: 955755
                                            ->  Gather Merge  (cost=91411.03..95263.16 rows=33016 width=40) (actual time=245.020..278.625 rows=53529 loops=1)
                                                  Workers Planned: 2
                                                  Workers Launched: 2
                                                  ->  Sort  (cost=90411.00..90452.27 rows=16508 width=40) (actual time=239.689..242.258 rows=17843 loops=3)
                                                        Sort Key: ss1_1.ss_item_sk
                                                        Sort Method: quicksort  Memory: 2455kB
                                                        Worker 0:  Sort Method: quicksort  Memory: 2431kB
                                                        Worker 1:  Sort Method: quicksort  Memory: 2438kB
                                                        ->  Partial HashAggregate  (cost=89089.46..89254.54 rows=16508 width=40) (actual time=232.358..235.637 rows=17843 loops=3)
                                                              Group Key: ss1_1.ss_item_sk
                                                              Batches: 1  Memory Usage: 3857kB
                                                              Worker 0:  Batches: 1  Memory Usage: 3857kB
                                                              Worker 1:  Batches: 1  Memory Usage: 3857kB
                                                              ->  Parallel Seq Scan on store_sales ss1_1  (cost=0.00..88121.35 rows=193622 width=16) (actual time=0.046..187.635 rows=152885 loops=3)
                                                                    Filter: (ss_store_sk = 1)
                                                                    Rows Removed by Filter: 806424
                    ->  Index Scan using pk_item on item i2  (cost=0.29..0.57 rows=1 width=59) (actual time=0.005..0.005 rows=1 loops=10)
                          Index Cond: (i_item_sk = v2.item_sk)
 rnk |                  best_performing                   |                  worst_performing                  
-----+----------------------------------------------------+----------------------------------------------------
   1 | ationpriantiantiought                              | eingeingoughtbarought                             
   2 | ableeseoughtbarought                               | eingableeseought                                  
   3 | eingoughtprianti                                   | callycallyn stpri                                 
   4 | baroughtantipriought                               | eingeingn steseought                              
   5 | esebarationanti                                    | ationeingn stableought                            
   6 | n stableeingationought                             | eseoughtationantiought                            
   7 | eingn stoughtn st                                  | callyoughtationought                              
   8 | esecallyeingese                                    | callyanticallypriought                            
   9 | ableantieingoughtought                             | eseationableoughtought                            
  10 | ableationeingpri                                   | callyn stantibarought                             
(10 rows)

UPDATE time_statistics SET e_time = TRANSACTION_TIMESTAMP() WHERE template = 'query44.tpl' AND stream = 4;
psql:/tmp/s1-basline/throughput/query_4.sql:1588: NOTICE:  duration: 0.046 ms  plan:
Query Text: UPDATE time_statistics SET e_time = TRANSACTION_TIMESTAMP() WHERE template = 'query44.tpl' AND stream = 4;
Update on time_statistics  (cost=0.00..4.26 rows=0 width=0) (actual time=0.045..0.046 rows=0 loops=1)
  ->  Seq Scan on time_statistics  (cost=0.00..4.26 rows=1 width=14) (actual time=0.030..0.030 rows=1 loops=1)
        Filter: ((template = 'query44.tpl'::text) AND (stream = 4))
        Rows Removed by Filter: 95
UPDATE 1
LOAD 'auto_explain'; SET auto_explain.log_min_duration TO 0; SET auto_explain.log_analyze TO on; SET auto_explain.log_level TO notice; INSERT INTO time_statistics (template, s_time, stream, query, seed) VALUES ('query97.tpl', TRANSACTION_TIMESTAMP(), 4, 31, 811014243);
LOAD
SET
SET
SET
psql:/tmp/s1-basline/throughput/query_4.sql:1589: NOTICE:  duration: 0.009 ms  plan:
Query Text: INSERT INTO time_statistics (template, s_time, stream, query, seed) VALUES ('query97.tpl', TRANSACTION_TIMESTAMP(), 4, 31, 811014243);
Insert on time_statistics  (cost=0.00..0.01 rows=0 width=0) (actual time=0.009..0.009 rows=0 loops=1)
  ->  Result  (cost=0.00..0.01 rows=1 width=64) (actual time=0.002..0.002 rows=1 loops=1)
INSERT 0 1
with ssci as (
select ss_customer_sk customer_sk
      ,ss_item_sk item_sk
from store_sales,date_dim
where ss_sold_date_sk = d_date_sk
  and d_month_seq between 1180 and 1180 + 11
group by ss_customer_sk
        ,ss_item_sk),
csci as(
 select cs_bill_customer_sk customer_sk
      ,cs_item_sk item_sk
from catalog_sales,date_dim
where cs_sold_date_sk = d_date_sk
  and d_month_seq between 1180 and 1180 + 11
group by cs_bill_customer_sk
        ,cs_item_sk)
 select  sum(case when ssci.customer_sk is not null and csci.customer_sk is null then 1 else 0 end) store_only
      ,sum(case when ssci.customer_sk is null and csci.customer_sk is not null then 1 else 0 end) catalog_only
      ,sum(case when ssci.customer_sk is not null and csci.customer_sk is not null then 1 else 0 end) store_and_catalog
from ssci full outer join csci on (ssci.customer_sk=csci.customer_sk
                               and ssci.item_sk = csci.item_sk)
limit 100;
psql:/tmp/s1-basline/throughput/query_4.sql:1611: NOTICE:  duration: 967.650 ms  plan:
Query Text: with ssci as (
select ss_customer_sk customer_sk
      ,ss_item_sk item_sk
from store_sales,date_dim
where ss_sold_date_sk = d_date_sk
  and d_month_seq between 1180 and 1180 + 11
group by ss_customer_sk
        ,ss_item_sk),
csci as(
 select cs_bill_customer_sk customer_sk
      ,cs_item_sk item_sk
from catalog_sales,date_dim
where cs_sold_date_sk = d_date_sk
  and d_month_seq between 1180 and 1180 + 11
group by cs_bill_customer_sk
        ,cs_item_sk)
 select  sum(case when ssci.customer_sk is not null and csci.customer_sk is null then 1 else 0 end) store_only
      ,sum(case when ssci.customer_sk is null and csci.customer_sk is not null then 1 else 0 end) catalog_only
      ,sum(case when ssci.customer_sk is not null and csci.customer_sk is not null then 1 else 0 end) store_and_catalog
from ssci full outer join csci on (ssci.customer_sk=csci.customer_sk
                               and ssci.item_sk = csci.item_sk)
limit 100;
Limit  (cost=116216.86..116216.87 rows=1 width=24) (actual time=943.323..967.639 rows=1 loops=1)
  ->  Aggregate  (cost=116216.86..116216.87 rows=1 width=24) (actual time=943.322..967.637 rows=1 loops=1)
        ->  Hash Full Join  (cost=114430.38..116110.72 rows=14152 width=16) (actual time=591.303..897.486 rows=828885 loops=1)
              Hash Cond: ((store_sales.ss_customer_sk = catalog_sales.cs_bill_customer_sk) AND (store_sales.ss_item_sk = catalog_sales.cs_item_sk))
              ->  Group  (cost=92146.21..93610.72 rows=14152 width=16) (actual time=327.697..521.091 rows=543427 loops=1)
                    Group Key: store_sales.ss_customer_sk, store_sales.ss_item_sk
                    ->  Gather Merge  (cost=92146.21..93551.75 rows=11794 width=16) (actual time=327.695..464.585 rows=546792 loops=1)
                          Workers Planned: 2
                          Workers Launched: 2
                          ->  Group  (cost=91146.18..91190.41 rows=5897 width=16) (actual time=315.976..357.411 rows=182264 loops=3)
                                Group Key: store_sales.ss_customer_sk, store_sales.ss_item_sk
                                ->  Sort  (cost=91146.18..91160.92 rows=5897 width=16) (actual time=315.973..326.467 rows=183191 loops=3)
                                      Sort Key: store_sales.ss_customer_sk, store_sales.ss_item_sk
                                      Sort Method: external merge  Disk: 5416kB
                                      Worker 0:  Sort Method: quicksort  Memory: 14047kB
                                      Worker 1:  Sort Method: quicksort  Memory: 14092kB
                                      ->  Hash Join  (cost=2505.43..90776.86 rows=5897 width=16) (actual time=13.786..255.765 rows=183191 loops=3)
                                            Hash Cond: (store_sales.ss_sold_date_sk = date_dim.d_date_sk)
                                            ->  Parallel Seq Scan on store_sales  (cost=0.00..85123.48 rows=1199148 width=24) (actual time=0.017..124.853 rows=959309 loops=3)
                                            ->  Hash  (cost=2500.73..2500.73 rows=376 width=8) (actual time=13.692..13.693 rows=365 loops=3)
                                                  Buckets: 1024  Batches: 1  Memory Usage: 23kB
                                                  ->  Seq Scan on date_dim  (cost=0.00..2500.73 rows=376 width=8) (actual time=6.406..13.642 rows=365 loops=3)
                                                        Filter: ((d_month_seq >= 1180) AND (d_month_seq <= 1191))
                                                        Rows Removed by Filter: 72684
              ->  Hash  (cost=22173.70..22173.70 rows=7365 width=16) (actual time=263.598..263.600 rows=285626 loops=1)
                    Buckets: 524288 (originally 8192)  Batches: 1 (originally 1)  Memory Usage: 17480kB
                    ->  HashAggregate  (cost=22026.40..22100.05 rows=7365 width=16) (actual time=171.824..222.080 rows=285626 loops=1)
                          Group Key: catalog_sales.cs_bill_customer_sk, catalog_sales.cs_item_sk
                          Batches: 1  Memory Usage: 26641kB
                          ->  Nested Loop  (cost=0.43..21989.58 rows=7365 width=16) (actual time=3.644..105.233 rows=285707 loops=1)
                                ->  Seq Scan on date_dim date_dim_1  (cost=0.00..2500.73 rows=376 width=8) (actual time=3.634..8.012 rows=365 loops=1)
                                      Filter: ((d_month_seq >= 1180) AND (d_month_seq <= 1191))
                                      Rows Removed by Filter: 72684
                                ->  Index Scan using i_cs_sold_date_sk on catalog_sales  (cost=0.43..44.01 rows=782 width=24) (actual time=0.004..0.136 rows=783 loops=365)
                                      Index Cond: (cs_sold_date_sk = date_dim_1.d_date_sk)
 store_only | catalog_only | store_and_catalog 
------------+--------------+-------------------
     536390 |       284790 |               168
(1 row)

UPDATE time_statistics SET e_time = TRANSACTION_TIMESTAMP() WHERE template = 'query97.tpl' AND stream = 4;
psql:/tmp/s1-basline/throughput/query_4.sql:1613: NOTICE:  duration: 0.049 ms  plan:
Query Text: UPDATE time_statistics SET e_time = TRANSACTION_TIMESTAMP() WHERE template = 'query97.tpl' AND stream = 4;
Update on time_statistics  (cost=0.00..4.26 rows=0 width=0) (actual time=0.049..0.049 rows=0 loops=1)
  ->  Seq Scan on time_statistics  (cost=0.00..4.26 rows=1 width=14) (actual time=0.033..0.033 rows=1 loops=1)
        Filter: ((template = 'query97.tpl'::text) AND (stream = 4))
        Rows Removed by Filter: 96
UPDATE 1
LOAD 'auto_explain'; SET auto_explain.log_min_duration TO 0; SET auto_explain.log_analyze TO on; SET auto_explain.log_level TO notice; INSERT INTO time_statistics (template, s_time, stream, query, seed) VALUES ('query88.tpl', TRANSACTION_TIMESTAMP(), 4, 32, 1731767301);
LOAD
SET
SET
SET
psql:/tmp/s1-basline/throughput/query_4.sql:1614: NOTICE:  duration: 0.009 ms  plan:
Query Text: INSERT INTO time_statistics (template, s_time, stream, query, seed) VALUES ('query88.tpl', TRANSACTION_TIMESTAMP(), 4, 32, 1731767301);
Insert on time_statistics  (cost=0.00..0.01 rows=0 width=0) (actual time=0.008..0.008 rows=0 loops=1)
  ->  Result  (cost=0.00..0.01 rows=1 width=64) (actual time=0.001..0.002 rows=1 loops=1)
INSERT 0 1
select  *
from
 (select count(*) h8_30_to_9
 from store_sales, household_demographics , time_dim, store
 where ss_sold_time_sk = time_dim.t_time_sk   
     and ss_hdemo_sk = household_demographics.hd_demo_sk 
     and ss_store_sk = s_store_sk
     and time_dim.t_hour = 8
     and time_dim.t_minute >= 30
     and ((household_demographics.hd_dep_count = 2 and household_demographics.hd_vehicle_count<=2+2) or
          (household_demographics.hd_dep_count = 4 and household_demographics.hd_vehicle_count<=4+2) or
          (household_demographics.hd_dep_count = 1 and household_demographics.hd_vehicle_count<=1+2)) 
     and store.s_store_name = 'ese') s1,
 (select count(*) h9_to_9_30 
 from store_sales, household_demographics , time_dim, store
 where ss_sold_time_sk = time_dim.t_time_sk
     and ss_hdemo_sk = household_demographics.hd_demo_sk
     and ss_store_sk = s_store_sk 
     and time_dim.t_hour = 9 
     and time_dim.t_minute < 30
     and ((household_demographics.hd_dep_count = 2 and household_demographics.hd_vehicle_count<=2+2) or
          (household_demographics.hd_dep_count = 4 and household_demographics.hd_vehicle_count<=4+2) or
          (household_demographics.hd_dep_count = 1 and household_demographics.hd_vehicle_count<=1+2))
     and store.s_store_name = 'ese') s2,
 (select count(*) h9_30_to_10 
 from store_sales, household_demographics , time_dim, store
 where ss_sold_time_sk = time_dim.t_time_sk
     and ss_hdemo_sk = household_demographics.hd_demo_sk
     and ss_store_sk = s_store_sk
     and time_dim.t_hour = 9
     and time_dim.t_minute >= 30
     and ((household_demographics.hd_dep_count = 2 and household_demographics.hd_vehicle_count<=2+2) or
          (household_demographics.hd_dep_count = 4 and household_demographics.hd_vehicle_count<=4+2) or
          (household_demographics.hd_dep_count = 1 and household_demographics.hd_vehicle_count<=1+2))
     and store.s_store_name = 'ese') s3,
 (select count(*) h10_to_10_30
 from store_sales, household_demographics , time_dim, store
 where ss_sold_time_sk = time_dim.t_time_sk
     and ss_hdemo_sk = household_demographics.hd_demo_sk
     and ss_store_sk = s_store_sk
     and time_dim.t_hour = 10 
     and time_dim.t_minute < 30
     and ((household_demographics.hd_dep_count = 2 and household_demographics.hd_vehicle_count<=2+2) or
          (household_demographics.hd_dep_count = 4 and household_demographics.hd_vehicle_count<=4+2) or
          (household_demographics.hd_dep_count = 1 and household_demographics.hd_vehicle_count<=1+2))
     and store.s_store_name = 'ese') s4,
 (select count(*) h10_30_to_11
 from store_sales, household_demographics , time_dim, store
 where ss_sold_time_sk = time_dim.t_time_sk
     and ss_hdemo_sk = household_demographics.hd_demo_sk
     and ss_store_sk = s_store_sk
     and time_dim.t_hour = 10 
     and time_dim.t_minute >= 30
     and ((household_demographics.hd_dep_count = 2 and household_demographics.hd_vehicle_count<=2+2) or
          (household_demographics.hd_dep_count = 4 and household_demographics.hd_vehicle_count<=4+2) or
          (household_demographics.hd_dep_count = 1 and household_demographics.hd_vehicle_count<=1+2))
     and store.s_store_name = 'ese') s5,
 (select count(*) h11_to_11_30
 from store_sales, household_demographics , time_dim, store
 where ss_sold_time_sk = time_dim.t_time_sk
     and ss_hdemo_sk = household_demographics.hd_demo_sk
     and ss_store_sk = s_store_sk 
     and time_dim.t_hour = 11
     and time_dim.t_minute < 30
     and ((household_demographics.hd_dep_count = 2 and household_demographics.hd_vehicle_count<=2+2) or
          (household_demographics.hd_dep_count = 4 and household_demographics.hd_vehicle_count<=4+2) or
          (household_demographics.hd_dep_count = 1 and household_demographics.hd_vehicle_count<=1+2))
     and store.s_store_name = 'ese') s6,
 (select count(*) h11_30_to_12
 from store_sales, household_demographics , time_dim, store
 where ss_sold_time_sk = time_dim.t_time_sk
     and ss_hdemo_sk = household_demographics.hd_demo_sk
     and ss_store_sk = s_store_sk
     and time_dim.t_hour = 11
     and time_dim.t_minute >= 30
     and ((household_demographics.hd_dep_count = 2 and household_demographics.hd_vehicle_count<=2+2) or
          (household_demographics.hd_dep_count = 4 and household_demographics.hd_vehicle_count<=4+2) or
          (household_demographics.hd_dep_count = 1 and household_demographics.hd_vehicle_count<=1+2))
     and store.s_store_name = 'ese') s7,
 (select count(*) h12_to_12_30
 from store_sales, household_demographics , time_dim, store
 where ss_sold_time_sk = time_dim.t_time_sk
     and ss_hdemo_sk = household_demographics.hd_demo_sk
     and ss_store_sk = s_store_sk
     and time_dim.t_hour = 12
     and time_dim.t_minute < 30
     and ((household_demographics.hd_dep_count = 2 and household_demographics.hd_vehicle_count<=2+2) or
          (household_demographics.hd_dep_count = 4 and household_demographics.hd_vehicle_count<=4+2) or
          (household_demographics.hd_dep_count = 1 and household_demographics.hd_vehicle_count<=1+2))
     and store.s_store_name = 'ese') s8
;
psql:/tmp/s1-basline/throughput/query_4.sql:1705: NOTICE:  duration: 2130.524 ms  plan:
Query Text: select  *
from
 (select count(*) h8_30_to_9
 from store_sales, household_demographics , time_dim, store
 where ss_sold_time_sk = time_dim.t_time_sk   
     and ss_hdemo_sk = household_demographics.hd_demo_sk 
     and ss_store_sk = s_store_sk
     and time_dim.t_hour = 8
     and time_dim.t_minute >= 30
     and ((household_demographics.hd_dep_count = 2 and household_demographics.hd_vehicle_count<=2+2) or
          (household_demographics.hd_dep_count = 4 and household_demographics.hd_vehicle_count<=4+2) or
          (household_demographics.hd_dep_count = 1 and household_demographics.hd_vehicle_count<=1+2)) 
     and store.s_store_name = 'ese') s1,
 (select count(*) h9_to_9_30 
 from store_sales, household_demographics , time_dim, store
 where ss_sold_time_sk = time_dim.t_time_sk
     and ss_hdemo_sk = household_demographics.hd_demo_sk
     and ss_store_sk = s_store_sk 
     and time_dim.t_hour = 9 
     and time_dim.t_minute < 30
     and ((household_demographics.hd_dep_count = 2 and household_demographics.hd_vehicle_count<=2+2) or
          (household_demographics.hd_dep_count = 4 and household_demographics.hd_vehicle_count<=4+2) or
          (household_demographics.hd_dep_count = 1 and household_demographics.hd_vehicle_count<=1+2))
     and store.s_store_name = 'ese') s2,
 (select count(*) h9_30_to_10 
 from store_sales, household_demographics , time_dim, store
 where ss_sold_time_sk = time_dim.t_time_sk
     and ss_hdemo_sk = household_demographics.hd_demo_sk
     and ss_store_sk = s_store_sk
     and time_dim.t_hour = 9
     and time_dim.t_minute >= 30
     and ((household_demographics.hd_dep_count = 2 and household_demographics.hd_vehicle_count<=2+2) or
          (household_demographics.hd_dep_count = 4 and household_demographics.hd_vehicle_count<=4+2) or
          (household_demographics.hd_dep_count = 1 and household_demographics.hd_vehicle_count<=1+2))
     and store.s_store_name = 'ese') s3,
 (select count(*) h10_to_10_30
 from store_sales, household_demographics , time_dim, store
 where ss_sold_time_sk = time_dim.t_time_sk
     and ss_hdemo_sk = household_demographics.hd_demo_sk
     and ss_store_sk = s_store_sk
     and time_dim.t_hour = 10 
     and time_dim.t_minute < 30
     and ((household_demographics.hd_dep_count = 2 and household_demographics.hd_vehicle_count<=2+2) or
          (household_demographics.hd_dep_count = 4 and household_demographics.hd_vehicle_count<=4+2) or
          (household_demographics.hd_dep_count = 1 and household_demographics.hd_vehicle_count<=1+2))
     and store.s_store_name = 'ese') s4,
 (select count(*) h10_30_to_11
 from store_sales, household_demographics , time_dim, store
 where ss_sold_time_sk = time_dim.t_time_sk
     and ss_hdemo_sk = household_demographics.hd_demo_sk
     and ss_store_sk = s_store_sk
     and time_dim.t_hour = 10 
     and time_dim.t_minute >= 30
     and ((household_demographics.hd_dep_count = 2 and household_demographics.hd_vehicle_count<=2+2) or
          (household_demographics.hd_dep_count = 4 and household_demographics.hd_vehicle_count<=4+2) or
          (household_demographics.hd_dep_count = 1 and household_demographics.hd_vehicle_count<=1+2))
     and store.s_store_name = 'ese') s5,
 (select count(*) h11_to_11_30
 from store_sales, household_demographics , time_dim, store
 where ss_sold_time_sk = time_dim.t_time_sk
     and ss_hdemo_sk = household_demographics.hd_demo_sk
     and ss_store_sk = s_store_sk 
     and time_dim.t_hour = 11
     and time_dim.t_minute < 30
     and ((household_demographics.hd_dep_count = 2 and household_demographics.hd_vehicle_count<=2+2) or
          (household_demographics.hd_dep_count = 4 and household_demographics.hd_vehicle_count<=4+2) or
          (household_demographics.hd_dep_count = 1 and household_demographics.hd_vehicle_count<=1+2))
     and store.s_store_name = 'ese') s6,
 (select count(*) h11_30_to_12
 from store_sales, household_demographics , time_dim, store
 where ss_sold_time_sk = time_dim.t_time_sk
     and ss_hdemo_sk = household_demographics.hd_demo_sk
     and ss_store_sk = s_store_sk
     and time_dim.t_hour = 11
     and time_dim.t_minute >= 30
     and ((household_demographics.hd_dep_count = 2 and household_demographics.hd_vehicle_count<=2+2) or
          (household_demographics.hd_dep_count = 4 and household_demographics.hd_vehicle_count<=4+2) or
          (household_demographics.hd_dep_count = 1 and household_demographics.hd_vehicle_count<=1+2))
     and store.s_store_name = 'ese') s7,
 (select count(*) h12_to_12_30
 from store_sales, household_demographics , time_dim, store
 where ss_sold_time_sk = time_dim.t_time_sk
     and ss_hdemo_sk = household_demographics.hd_demo_sk
     and ss_store_sk = s_store_sk
     and time_dim.t_hour = 12
     and time_dim.t_minute < 30
     and ((household_demographics.hd_dep_count = 2 and household_demographics.hd_vehicle_count<=2+2) or
          (household_demographics.hd_dep_count = 4 and household_demographics.hd_vehicle_count<=4+2) or
          (household_demographics.hd_dep_count = 1 and household_demographics.hd_vehicle_count<=1+2))
     and store.s_store_name = 'ese') s8
;
Nested Loop  (cost=739093.53..739093.76 rows=1 width=64) (actual time=2057.437..2130.514 rows=1 loops=1)
  ->  Nested Loop  (cost=646703.97..646704.17 rows=1 width=56) (actual time=1800.579..1801.189 rows=1 loops=1)
        ->  Nested Loop  (cost=554315.62..554315.79 rows=1 width=48) (actual time=1544.093..1544.628 rows=1 loops=1)
              ->  Nested Loop  (cost=461926.19..461926.33 rows=1 width=40) (actual time=1289.550..1290.011 rows=1 loops=1)
                    ->  Nested Loop  (cost=369540.68..369540.79 rows=1 width=32) (actual time=1028.542..1028.929 rows=1 loops=1)
                          ->  Nested Loop  (cost=277154.17..277154.25 rows=1 width=24) (actual time=766.727..767.029 rows=1 loops=1)
                                ->  Nested Loop  (cost=184769.89..184769.94 rows=1 width=16) (actual time=509.915..510.138 rows=1 loops=1)
                                      ->  Finalize Aggregate  (cost=92384.56..92384.57 rows=1 width=8) (actual time=252.680..252.819 rows=1 loops=1)
                                            ->  Gather  (cost=92384.35..92384.56 rows=2 width=8) (actual time=252.542..252.814 rows=3 loops=1)
                                                  Workers Planned: 2
                                                  Workers Launched: 2
                                                  ->  Partial Aggregate  (cost=91384.35..91384.36 rows=1 width=8) (actual time=248.189..248.195 rows=1 loops=3)
                                                        ->  Hash Join  (cost=3029.59..91383.20 rows=460 width=0) (actual time=15.554..248.147 rows=819 loops=3)
                                                              Hash Cond: (store_sales.ss_store_sk = store.s_store_sk)
                                                              ->  Hash Join  (cost=3028.43..91361.73 rows=5787 width=8) (actual time=14.441..247.574 rows=5073 loops=3)
                                                                    Hash Cond: (store_sales.ss_hdemo_sk = household_demographics.hd_demo_sk)
                                                                    ->  Hash Join  (cost=2765.25..91036.64 rows=23573 width=16) (actual time=12.365..244.328 rows=18029 loops=3)
                                                                          Hash Cond: (store_sales.ss_sold_time_sk = time_dim.t_time_sk)
                                                                          ->  Parallel Seq Scan on store_sales  (cost=0.00..85123.48 rows=1199148 width=24) (actual time=0.014..123.344 rows=959309 loops=3)
                                                                          ->  Hash  (cost=2743.00..2743.00 rows=1780 width=8) (actual time=12.185..12.185 rows=1800 loops=3)
                                                                                Buckets: 2048  Batches: 1  Memory Usage: 87kB
                                                                                ->  Seq Scan on time_dim  (cost=0.00..2743.00 rows=1780 width=8) (actual time=4.504..11.961 rows=1800 loops=3)
                                                                                      Filter: ((t_minute >= 30) AND (t_hour = 8))
                                                                                      Rows Removed by Filter: 84600
                                                                    ->  Hash  (cost=240.00..240.00 rows=1854 width=8) (actual time=1.428..1.429 rows=2040 loops=3)
                                                                          Buckets: 2048  Batches: 1  Memory Usage: 96kB
                                                                          ->  Seq Scan on household_demographics  (cost=0.00..240.00 rows=1854 width=8) (actual time=0.032..1.181 rows=2040 loops=3)
                                                                                Filter: (((hd_dep_count = 2) AND (hd_vehicle_count <= 4)) OR ((hd_dep_count = 4) AND (hd_vehicle_count <= 6)) OR ((hd_dep_count = 1) AND (hd_vehicle_count <= 3)))
                                                                                Rows Removed by Filter: 5160
                                                              ->  Hash  (cost=1.15..1.15 rows=1 width=8) (actual time=0.029..0.030 rows=1 loops=3)
                                                                    Buckets: 1024  Batches: 1  Memory Usage: 9kB
                                                                    ->  Seq Scan on store  (cost=0.00..1.15 rows=1 width=8) (actual time=0.025..0.026 rows=1 loops=3)
                                                                          Filter: ((s_store_name)::text = 'ese'::text)
                                                                          Rows Removed by Filter: 11
                                      ->  Finalize Aggregate  (cost=92385.33..92385.34 rows=1 width=8) (actual time=257.231..257.314 rows=1 loops=1)
                                            ->  Gather  (cost=92385.11..92385.32 rows=2 width=8) (actual time=257.095..257.310 rows=3 loops=1)
                                                  Workers Planned: 2
                                                  Workers Launched: 2
                                                  ->  Partial Aggregate  (cost=91385.11..91385.12 rows=1 width=8) (actual time=252.786..252.790 rows=1 loops=3)
                                                        ->  Hash Join  (cost=3029.75..91383.96 rows=463 width=0) (actual time=20.139..252.695 rows=1721 loops=3)
                                                              Hash Cond: (store_sales_1.ss_store_sk = store_1.s_store_sk)
                                                              ->  Hash Join  (cost=3028.59..91362.34 rows=5829 width=8) (actual time=14.799..251.757 rows=9910 loops=3)
                                                                    Hash Cond: (store_sales_1.ss_hdemo_sk = household_demographics_1.hd_demo_sk)
                                                                    ->  Hash Join  (cost=2765.41..91036.80 rows=23745 width=16) (actual time=12.905..246.890 rows=36662 loops=3)
                                                                          Hash Cond: (store_sales_1.ss_sold_time_sk = time_dim_1.t_time_sk)
                                                                          ->  Parallel Seq Scan on store_sales store_sales_1  (cost=0.00..85123.48 rows=1199148 width=24) (actual time=0.014..123.495 rows=959309 loops=3)
                                                                          ->  Hash  (cost=2743.00..2743.00 rows=1793 width=8) (actual time=12.795..12.796 rows=1800 loops=3)
                                                                                Buckets: 2048  Batches: 1  Memory Usage: 87kB
                                                                                ->  Seq Scan on time_dim time_dim_1  (cost=0.00..2743.00 rows=1793 width=8) (actual time=4.951..12.581 rows=1800 loops=3)
                                                                                      Filter: ((t_minute < 30) AND (t_hour = 9))
                                                                                      Rows Removed by Filter: 84600
                                                                    ->  Hash  (cost=240.00..240.00 rows=1854 width=8) (actual time=1.456..1.457 rows=2040 loops=3)
                                                                          Buckets: 2048  Batches: 1  Memory Usage: 96kB
                                                                          ->  Seq Scan on household_demographics household_demographics_1  (cost=0.00..240.00 rows=1854 width=8) (actual time=0.032..1.218 rows=2040 loops=3)
                                                                                Filter: (((hd_dep_count = 2) AND (hd_vehicle_count <= 4)) OR ((hd_dep_count = 4) AND (hd_vehicle_count <= 6)) OR ((hd_dep_count = 1) AND (hd_vehicle_count <= 3)))
                                                                                Rows Removed by Filter: 5160
                                                              ->  Hash  (cost=1.15..1.15 rows=1 width=8) (actual time=0.030..0.031 rows=1 loops=3)
                                                                    Buckets: 1024  Batches: 1  Memory Usage: 9kB
                                                                    ->  Seq Scan on store store_1  (cost=0.00..1.15 rows=1 width=8) (actual time=0.025..0.027 rows=1 loops=3)
                                                                          Filter: ((s_store_name)::text = 'ese'::text)
                                                                          Rows Removed by Filter: 11
                                ->  Finalize Aggregate  (cost=92384.27..92384.28 rows=1 width=8) (actual time=256.809..256.888 rows=1 loops=1)
                                      ->  Gather  (cost=92384.06..92384.27 rows=2 width=8) (actual time=256.676..256.883 rows=3 loops=1)
                                            Workers Planned: 2
                                            Workers Launched: 2
                                            ->  Partial Aggregate  (cost=91384.06..91384.07 rows=1 width=8) (actual time=252.145..252.149 rows=1 loops=3)
                                                  ->  Hash Join  (cost=3029.53..91382.91 rows=458 width=0) (actual time=14.148..252.059 rows=1742 loops=3)
                                                        Hash Cond: (store_sales_2.ss_store_sk = store_2.s_store_sk)
                                                        ->  Hash Join  (cost=3028.36..91361.49 rows=5771 width=8) (actual time=13.666..251.103 rows=10214 loops=3)
                                                              Hash Cond: (store_sales_2.ss_hdemo_sk = household_demographics_2.hd_demo_sk)
                                                              ->  Hash Join  (cost=2765.19..91036.58 rows=23507 width=16) (actual time=12.196..246.202 rows=37195 loops=3)
                                                                    Hash Cond: (store_sales_2.ss_sold_time_sk = time_dim_2.t_time_sk)
                                                                    ->  Parallel Seq Scan on store_sales store_sales_2  (cost=0.00..85123.48 rows=1199148 width=24) (actual time=0.014..123.628 rows=959309 loops=3)
                                                                    ->  Hash  (cost=2743.00..2743.00 rows=1775 width=8) (actual time=12.138..12.139 rows=1800 loops=3)
                                                                          Buckets: 2048  Batches: 1  Memory Usage: 87kB
                                                                          ->  Seq Scan on time_dim time_dim_2  (cost=0.00..2743.00 rows=1775 width=8) (actual time=4.930..11.918 rows=1800 loops=3)
                                                                                Filter: ((t_minute >= 30) AND (t_hour = 9))
                                                                                Rows Removed by Filter: 84600
                                                              ->  Hash  (cost=240.00..240.00 rows=1854 width=8) (actual time=1.438..1.438 rows=2040 loops=3)
                                                                    Buckets: 2048  Batches: 1  Memory Usage: 96kB
                                                                    ->  Seq Scan on household_demographics household_demographics_2  (cost=0.00..240.00 rows=1854 width=8) (actual time=0.032..1.187 rows=2040 loops=3)
                                                                          Filter: (((hd_dep_count = 2) AND (hd_vehicle_count <= 4)) OR ((hd_dep_count = 4) AND (hd_vehicle_count <= 6)) OR ((hd_dep_count = 1) AND (hd_vehicle_count <= 3)))
                                                                          Rows Removed by Filter: 5160
                                                        ->  Hash  (cost=1.15..1.15 rows=1 width=8) (actual time=0.030..0.030 rows=1 loops=3)
                                                              Buckets: 1024  Batches: 1  Memory Usage: 9kB
                                                              ->  Seq Scan on store store_2  (cost=0.00..1.15 rows=1 width=8) (actual time=0.025..0.026 rows=1 loops=3)
                                                                    Filter: ((s_store_name)::text = 'ese'::text)
                                                                    Rows Removed by Filter: 11
                          ->  Finalize Aggregate  (cost=92386.51..92386.52 rows=1 width=8) (actual time=261.812..261.895 rows=1 loops=1)
                                ->  Gather  (cost=92386.30..92386.51 rows=2 width=8) (actual time=261.673..261.891 rows=3 loops=1)
                                      Workers Planned: 2
                                      Workers Launched: 2
                                      ->  Partial Aggregate  (cost=91386.30..91386.31 rows=1 width=8) (actual time=257.406..257.410 rows=1 loops=3)
                                            ->  Hash Join  (cost=3030.00..91385.13 rows=468 width=0) (actual time=14.327..257.281 rows=2496 loops=3)
                                                  Hash Cond: (store_sales_3.ss_store_sk = store_3.s_store_sk)
                                                  ->  Hash Join  (cost=3028.84..91363.29 rows=5894 width=8) (actual time=13.989..255.974 rows=15029 loops=3)
                                                        Hash Cond: (store_sales_3.ss_hdemo_sk = household_demographics_3.hd_demo_sk)
                                                        ->  Hash Join  (cost=2765.66..91037.05 rows=24010 width=16) (actual time=12.542..249.580 rows=54541 loops=3)
                                                              Hash Cond: (store_sales_3.ss_sold_time_sk = time_dim_3.t_time_sk)
                                                              ->  Parallel Seq Scan on store_sales store_sales_3  (cost=0.00..85123.48 rows=1199148 width=24) (actual time=0.014..123.689 rows=959309 loops=3)
                                                              ->  Hash  (cost=2743.00..2743.00 rows=1813 width=8) (actual time=12.490..12.491 rows=1800 loops=3)
                                                                    Buckets: 2048  Batches: 1  Memory Usage: 87kB
                                                                    ->  Seq Scan on time_dim time_dim_3  (cost=0.00..2743.00 rows=1813 width=8) (actual time=5.389..12.273 rows=1800 loops=3)
                                                                          Filter: ((t_minute < 30) AND (t_hour = 10))
                                                                          Rows Removed by Filter: 84600
                                                        ->  Hash  (cost=240.00..240.00 rows=1854 width=8) (actual time=1.437..1.438 rows=2040 loops=3)
                                                              Buckets: 2048  Batches: 1  Memory Usage: 96kB
                                                              ->  Seq Scan on household_demographics household_demographics_3  (cost=0.00..240.00 rows=1854 width=8) (actual time=0.032..1.198 rows=2040 loops=3)
                                                                    Filter: (((hd_dep_count = 2) AND (hd_vehicle_count <= 4)) OR ((hd_dep_count = 4) AND (hd_vehicle_count <= 6)) OR ((hd_dep_count = 1) AND (hd_vehicle_count <= 3)))
                                                                    Rows Removed by Filter: 5160
                                                  ->  Hash  (cost=1.15..1.15 rows=1 width=8) (actual time=0.029..0.030 rows=1 loops=3)
                                                        Buckets: 1024  Batches: 1  Memory Usage: 9kB
                                                        ->  Seq Scan on store store_3  (cost=0.00..1.15 rows=1 width=8) (actual time=0.025..0.026 rows=1 loops=3)
                                                              Filter: ((s_store_name)::text = 'ese'::text)
                                                              Rows Removed by Filter: 11
                    ->  Finalize Aggregate  (cost=92385.51..92385.52 rows=1 width=8) (actual time=261.003..261.077 rows=1 loops=1)
                          ->  Gather  (cost=92385.30..92385.51 rows=2 width=8) (actual time=260.867..261.073 rows=3 loops=1)
                                Workers Planned: 2
                                Workers Launched: 2
                                ->  Partial Aggregate  (cost=91385.30..91385.31 rows=1 width=8) (actual time=256.524..256.529 rows=1 loops=3)
                                      ->  Hash Join  (cost=3029.79..91384.14 rows=464 width=0) (actual time=14.924..256.407 rows=2364 loops=3)
                                            Hash Cond: (store_sales_4.ss_store_sk = store_4.s_store_sk)
                                            ->  Hash Join  (cost=3028.62..91362.49 rows=5839 width=8) (actual time=13.842..255.143 rows=14627 loops=3)
                                                  Hash Cond: (store_sales_4.ss_hdemo_sk = household_demographics_4.hd_demo_sk)
                                                  ->  Hash Join  (cost=2765.45..91036.84 rows=23785 width=16) (actual time=12.317..248.803 rows=54228 loops=3)
                                                        Hash Cond: (store_sales_4.ss_sold_time_sk = time_dim_4.t_time_sk)
                                                        ->  Parallel Seq Scan on store_sales store_sales_4  (cost=0.00..85123.48 rows=1199148 width=24) (actual time=0.017..123.747 rows=959309 loops=3)
                                                        ->  Hash  (cost=2743.00..2743.00 rows=1796 width=8) (actual time=12.239..12.239 rows=1800 loops=3)
                                                              Buckets: 2048  Batches: 1  Memory Usage: 87kB
                                                              ->  Seq Scan on time_dim time_dim_4  (cost=0.00..2743.00 rows=1796 width=8) (actual time=5.513..12.022 rows=1800 loops=3)
                                                                    Filter: ((t_minute >= 30) AND (t_hour = 10))
                                                                    Rows Removed by Filter: 84600
                                                  ->  Hash  (cost=240.00..240.00 rows=1854 width=8) (actual time=1.420..1.420 rows=2040 loops=3)
                                                        Buckets: 2048  Batches: 1  Memory Usage: 96kB
                                                        ->  Seq Scan on household_demographics household_demographics_4  (cost=0.00..240.00 rows=1854 width=8) (actual time=0.034..1.184 rows=2040 loops=3)
                                                              Filter: (((hd_dep_count = 2) AND (hd_vehicle_count <= 4)) OR ((hd_dep_count = 4) AND (hd_vehicle_count <= 6)) OR ((hd_dep_count = 1) AND (hd_vehicle_count <= 3)))
                                                              Rows Removed by Filter: 5160
                                            ->  Hash  (cost=1.15..1.15 rows=1 width=8) (actual time=0.029..0.030 rows=1 loops=3)
                                                  Buckets: 1024  Batches: 1  Memory Usage: 9kB
                                                  ->  Seq Scan on store store_4  (cost=0.00..1.15 rows=1 width=8) (actual time=0.025..0.026 rows=1 loops=3)
                                                        Filter: ((s_store_name)::text = 'ese'::text)
                                                        Rows Removed by Filter: 11
              ->  Finalize Aggregate  (cost=92389.43..92389.44 rows=1 width=8) (actual time=254.541..254.613 rows=1 loops=1)
                    ->  Gather  (cost=92389.21..92389.42 rows=2 width=8) (actual time=254.411..254.608 rows=3 loops=1)
                          Workers Planned: 2
                          Workers Launched: 2
                          ->  Partial Aggregate  (cost=91389.21..91389.22 rows=1 width=8) (actual time=250.184..250.189 rows=1 loops=3)
                                ->  Hash Join  (cost=3030.61..91388.01 rows=481 width=0) (actual time=17.009..250.111 rows=1400 loops=3)
                                      Hash Cond: (store_sales_5.ss_store_sk = store_5.s_store_sk)
                                      ->  Hash Join  (cost=3029.45..91365.60 rows=6054 width=8) (actual time=14.117..249.286 rows=8663 loops=3)
                                            Hash Cond: (store_sales_5.ss_hdemo_sk = household_demographics_5.hd_demo_sk)
                                            ->  Hash Join  (cost=2766.28..91037.67 rows=24659 width=16) (actual time=12.432..244.882 rows=31548 loops=3)
                                                  Hash Cond: (store_sales_5.ss_sold_time_sk = time_dim_5.t_time_sk)
                                                  ->  Parallel Seq Scan on store_sales store_sales_5  (cost=0.00..85123.48 rows=1199148 width=24) (actual time=0.014..122.919 rows=959309 loops=3)
                                                  ->  Hash  (cost=2743.00..2743.00 rows=1862 width=8) (actual time=12.281..12.281 rows=1800 loops=3)
                                                        Buckets: 2048  Batches: 1  Memory Usage: 87kB
                                                        ->  Seq Scan on time_dim time_dim_5  (cost=0.00..2743.00 rows=1862 width=8) (actual time=5.740..12.067 rows=1800 loops=3)
                                                              Filter: ((t_minute < 30) AND (t_hour = 11))
                                                              Rows Removed by Filter: 84600
                                            ->  Hash  (cost=240.00..240.00 rows=1854 width=8) (actual time=1.428..1.429 rows=2040 loops=3)
                                                  Buckets: 2048  Batches: 1  Memory Usage: 96kB
                                                  ->  Seq Scan on household_demographics household_demographics_5  (cost=0.00..240.00 rows=1854 width=8) (actual time=0.031..1.184 rows=2040 loops=3)
                                                        Filter: (((hd_dep_count = 2) AND (hd_vehicle_count <= 4)) OR ((hd_dep_count = 4) AND (hd_vehicle_count <= 6)) OR ((hd_dep_count = 1) AND (hd_vehicle_count <= 3)))
                                                        Rows Removed by Filter: 5160
                                      ->  Hash  (cost=1.15..1.15 rows=1 width=8) (actual time=0.029..0.030 rows=1 loops=3)
                                            Buckets: 1024  Batches: 1  Memory Usage: 9kB
                                            ->  Seq Scan on store store_5  (cost=0.00..1.15 rows=1 width=8) (actual time=0.025..0.026 rows=1 loops=3)
                                                  Filter: ((s_store_name)::text = 'ese'::text)
                                                  Rows Removed by Filter: 11
        ->  Finalize Aggregate  (cost=92388.35..92388.36 rows=1 width=8) (actual time=256.482..256.557 rows=1 loops=1)
              ->  Gather  (cost=92388.14..92388.35 rows=2 width=8) (actual time=256.351..256.553 rows=3 loops=1)
                    Workers Planned: 2
                    Workers Launched: 2
                    ->  Partial Aggregate  (cost=91388.14..91388.15 rows=1 width=8) (actual time=251.684..251.689 rows=1 loops=3)
                          ->  Hash Join  (cost=3030.39..91386.95 rows=476 width=0) (actual time=15.774..251.604 rows=1595 loops=3)
                                Hash Cond: (store_sales_6.ss_store_sk = store_6.s_store_sk)
                                ->  Hash Join  (cost=3029.23..91364.75 rows=5995 width=8) (actual time=14.031..250.714 rows=9017 loops=3)
                                      Hash Cond: (store_sales_6.ss_hdemo_sk = household_demographics_6.hd_demo_sk)
                                      ->  Hash Join  (cost=2766.05..91037.44 rows=24421 width=16) (actual time=12.499..246.253 rows=31599 loops=3)
                                            Hash Cond: (store_sales_6.ss_sold_time_sk = time_dim_6.t_time_sk)
                                            ->  Parallel Seq Scan on store_sales store_sales_6  (cost=0.00..85123.48 rows=1199148 width=24) (actual time=0.013..123.603 rows=959309 loops=3)
                                            ->  Hash  (cost=2743.00..2743.00 rows=1844 width=8) (actual time=12.419..12.420 rows=1800 loops=3)
                                                  Buckets: 2048  Batches: 1  Memory Usage: 87kB
                                                  ->  Seq Scan on time_dim time_dim_6  (cost=0.00..2743.00 rows=1844 width=8) (actual time=6.152..12.201 rows=1800 loops=3)
                                                        Filter: ((t_minute >= 30) AND (t_hour = 11))
                                                        Rows Removed by Filter: 84600
                                      ->  Hash  (cost=240.00..240.00 rows=1854 width=8) (actual time=1.456..1.457 rows=2040 loops=3)
                                            Buckets: 2048  Batches: 1  Memory Usage: 96kB
                                            ->  Seq Scan on household_demographics household_demographics_6  (cost=0.00..240.00 rows=1854 width=8) (actual time=0.032..1.210 rows=2040 loops=3)
                                                  Filter: (((hd_dep_count = 2) AND (hd_vehicle_count <= 4)) OR ((hd_dep_count = 4) AND (hd_vehicle_count <= 6)) OR ((hd_dep_count = 1) AND (hd_vehicle_count <= 3)))
                                                  Rows Removed by Filter: 5160
                                ->  Hash  (cost=1.15..1.15 rows=1 width=8) (actual time=0.030..0.031 rows=1 loops=3)
                                      Buckets: 1024  Batches: 1  Memory Usage: 9kB
                                      ->  Seq Scan on store store_6  (cost=0.00..1.15 rows=1 width=8) (actual time=0.026..0.027 rows=1 loops=3)
                                            Filter: ((s_store_name)::text = 'ese'::text)
                                            Rows Removed by Filter: 11
  ->  Finalize Aggregate  (cost=92389.55..92389.56 rows=1 width=8) (actual time=256.854..329.320 rows=1 loops=1)
        ->  Gather  (cost=92389.34..92389.55 rows=2 width=8) (actual time=256.704..329.316 rows=3 loops=1)
              Workers Planned: 2
              Workers Launched: 2
              ->  Partial Aggregate  (cost=91389.34..91389.35 rows=1 width=8) (actual time=252.256..252.260 rows=1 loops=3)
                    ->  Hash Join  (cost=3030.64..91388.13 rows=482 width=0) (actual time=14.749..252.169 rows=1699 loops=3)
                          Hash Cond: (store_sales_7.ss_store_sk = store_7.s_store_sk)
                          ->  Hash Join  (cost=3029.48..91365.70 rows=6060 width=8) (actual time=14.146..251.221 rows=9947 loops=3)
                                Hash Cond: (store_sales_7.ss_hdemo_sk = household_demographics_7.hd_demo_sk)
                                ->  Hash Join  (cost=2766.30..91037.69 rows=24686 width=16) (actual time=12.553..246.388 rows=36593 loops=3)
                                      Hash Cond: (store_sales_7.ss_sold_time_sk = time_dim_7.t_time_sk)
                                      ->  Parallel Seq Scan on store_sales store_sales_7  (cost=0.00..85123.48 rows=1199148 width=24) (actual time=0.014..123.124 rows=959309 loops=3)
                                      ->  Hash  (cost=2743.00..2743.00 rows=1864 width=8) (actual time=12.488..12.489 rows=1800 loops=3)
                                            Buckets: 2048  Batches: 1  Memory Usage: 87kB
                                            ->  Seq Scan on time_dim time_dim_7  (cost=0.00..2743.00 rows=1864 width=8) (actual time=6.366..12.273 rows=1800 loops=3)
                                                  Filter: ((t_minute < 30) AND (t_hour = 12))
                                                  Rows Removed by Filter: 84600
                                ->  Hash  (cost=240.00..240.00 rows=1854 width=8) (actual time=1.437..1.438 rows=2040 loops=3)
                                      Buckets: 2048  Batches: 1  Memory Usage: 96kB
                                      ->  Seq Scan on household_demographics household_demographics_7  (cost=0.00..240.00 rows=1854 width=8) (actual time=0.032..1.194 rows=2040 loops=3)
                                            Filter: (((hd_dep_count = 2) AND (hd_vehicle_count <= 4)) OR ((hd_dep_count = 4) AND (hd_vehicle_count <= 6)) OR ((hd_dep_count = 1) AND (hd_vehicle_count <= 3)))
                                            Rows Removed by Filter: 5160
                          ->  Hash  (cost=1.15..1.15 rows=1 width=8) (actual time=0.030..0.030 rows=1 loops=3)
                                Buckets: 1024  Batches: 1  Memory Usage: 9kB
                                ->  Seq Scan on store store_7  (cost=0.00..1.15 rows=1 width=8) (actual time=0.026..0.027 rows=1 loops=3)
                                      Filter: ((s_store_name)::text = 'ese'::text)
                                      Rows Removed by Filter: 11
 h8_30_to_9 | h9_to_9_30 | h9_30_to_10 | h10_to_10_30 | h10_30_to_11 | h11_to_11_30 | h11_30_to_12 | h12_to_12_30 
------------+------------+-------------+--------------+--------------+--------------+--------------+--------------
       2457 |       5164 |        5226 |         7487 |         7092 |         4200 |         4785 |         5097
(1 row)

UPDATE time_statistics SET e_time = TRANSACTION_TIMESTAMP() WHERE template = 'query88.tpl' AND stream = 4;
psql:/tmp/s1-basline/throughput/query_4.sql:1707: NOTICE:  duration: 0.040 ms  plan:
Query Text: UPDATE time_statistics SET e_time = TRANSACTION_TIMESTAMP() WHERE template = 'query88.tpl' AND stream = 4;
Update on time_statistics  (cost=0.00..4.26 rows=0 width=0) (actual time=0.039..0.039 rows=0 loops=1)
  ->  Seq Scan on time_statistics  (cost=0.00..4.26 rows=1 width=14) (actual time=0.024..0.024 rows=1 loops=1)
        Filter: ((template = 'query88.tpl'::text) AND (stream = 4))
        Rows Removed by Filter: 97
UPDATE 1
LOAD 'auto_explain'; SET auto_explain.log_min_duration TO 0; SET auto_explain.log_analyze TO on; SET auto_explain.log_level TO notice; INSERT INTO time_statistics (template, s_time, stream, query, seed) VALUES ('../query_postgresql/query77.tpl', TRANSACTION_TIMESTAMP(), 4, 33, 756345469);
LOAD
SET
SET
SET
psql:/tmp/s1-basline/throughput/query_4.sql:1708: NOTICE:  duration: 0.009 ms  plan:
Query Text: INSERT INTO time_statistics (template, s_time, stream, query, seed) VALUES ('../query_postgresql/query77.tpl', TRANSACTION_TIMESTAMP(), 4, 33, 756345469);
Insert on time_statistics  (cost=0.00..0.01 rows=0 width=0) (actual time=0.008..0.008 rows=0 loops=1)
  ->  Result  (cost=0.00..0.01 rows=1 width=64) (actual time=0.001..0.001 rows=1 loops=1)
INSERT 0 1
with ss as
 (select s_store_sk,
         sum(ss_ext_sales_price) as sales,
         sum(ss_net_profit) as profit
 from store_sales,
      date_dim,
      store
 where ss_sold_date_sk = d_date_sk
       and d_date between cast('1999-08-28' as date) 
                  and (cast('1999-08-28' as date) + interval '30 days') 
       and ss_store_sk = s_store_sk
 group by s_store_sk)
 ,
 sr as
 (select s_store_sk,
         sum(sr_return_amt) as returns,
         sum(sr_net_loss) as profit_loss
 from store_returns,
      date_dim,
      store
 where sr_returned_date_sk = d_date_sk
       and d_date between cast('1999-08-28' as date)
                  and (cast('1999-08-28' as date) + interval '30 days')
       and sr_store_sk = s_store_sk
 group by s_store_sk), 
 cs as
 (select cs_call_center_sk,
        sum(cs_ext_sales_price) as sales,
        sum(cs_net_profit) as profit
 from catalog_sales,
      date_dim
 where cs_sold_date_sk = d_date_sk
       and d_date between cast('1999-08-28' as date)
                  and (cast('1999-08-28' as date) + interval '30 days')
 group by cs_call_center_sk 
 ), 
 cr as
 (select cr_call_center_sk,
         sum(cr_return_amount) as returns,
         sum(cr_net_loss) as profit_loss
 from catalog_returns,
      date_dim
 where cr_returned_date_sk = d_date_sk
       and d_date between cast('1999-08-28' as date)
                  and (cast('1999-08-28' as date) + interval '30 days')
 group by cr_call_center_sk
 ), 
 ws as
 ( select wp_web_page_sk,
        sum(ws_ext_sales_price) as sales,
        sum(ws_net_profit) as profit
 from web_sales,
      date_dim,
      web_page
 where ws_sold_date_sk = d_date_sk
       and d_date between cast('1999-08-28' as date)
                  and (cast('1999-08-28' as date) + interval '30 days')
       and ws_web_page_sk = wp_web_page_sk
 group by wp_web_page_sk), 
 wr as
 (select wp_web_page_sk,
        sum(wr_return_amt) as returns,
        sum(wr_net_loss) as profit_loss
 from web_returns,
      date_dim,
      web_page
 where wr_returned_date_sk = d_date_sk
       and d_date between cast('1999-08-28' as date)
                  and (cast('1999-08-28' as date) + interval '30 days')
       and wr_web_page_sk = wp_web_page_sk
 group by wp_web_page_sk)
  select  channel
        , id
        , sum(sales) as sales
        , sum(returns) as returns
        , sum(profit) as profit
 from 
 (select 'store channel' as channel
        , ss.s_store_sk as id
        , sales
        , coalesce(returns, 0) as returns
        , (profit - coalesce(profit_loss,0)) as profit
 from   ss left join sr
        on  ss.s_store_sk = sr.s_store_sk
 union all
 select 'catalog channel' as channel
        , cs_call_center_sk as id
        , sales
        , returns
        , (profit - profit_loss) as profit
 from  cs
       , cr
 union all
 select 'web channel' as channel
        , ws.wp_web_page_sk as id
        , sales
        , coalesce(returns, 0) as returns
        , (profit - coalesce(profit_loss,0)) as profit
 from   ws left join wr
        on  ws.wp_web_page_sk = wr.wp_web_page_sk
 ) x
 group by rollup (channel, id)
 order by channel
         ,id
 limit 100;
psql:/tmp/s1-basline/throughput/query_4.sql:1813: NOTICE:  duration: 236.795 ms  plan:
Query Text: with ss as
 (select s_store_sk,
         sum(ss_ext_sales_price) as sales,
         sum(ss_net_profit) as profit
 from store_sales,
      date_dim,
      store
 where ss_sold_date_sk = d_date_sk
       and d_date between cast('1999-08-28' as date) 
                  and (cast('1999-08-28' as date) + interval '30 days') 
       and ss_store_sk = s_store_sk
 group by s_store_sk)
 ,
 sr as
 (select s_store_sk,
         sum(sr_return_amt) as returns,
         sum(sr_net_loss) as profit_loss
 from store_returns,
      date_dim,
      store
 where sr_returned_date_sk = d_date_sk
       and d_date between cast('1999-08-28' as date)
                  and (cast('1999-08-28' as date) + interval '30 days')
       and sr_store_sk = s_store_sk
 group by s_store_sk), 
 cs as
 (select cs_call_center_sk,
        sum(cs_ext_sales_price) as sales,
        sum(cs_net_profit) as profit
 from catalog_sales,
      date_dim
 where cs_sold_date_sk = d_date_sk
       and d_date between cast('1999-08-28' as date)
                  and (cast('1999-08-28' as date) + interval '30 days')
 group by cs_call_center_sk 
 ), 
 cr as
 (select cr_call_center_sk,
         sum(cr_return_amount) as returns,
         sum(cr_net_loss) as profit_loss
 from catalog_returns,
      date_dim
 where cr_returned_date_sk = d_date_sk
       and d_date between cast('1999-08-28' as date)
                  and (cast('1999-08-28' as date) + interval '30 days')
 group by cr_call_center_sk
 ), 
 ws as
 ( select wp_web_page_sk,
        sum(ws_ext_sales_price) as sales,
        sum(ws_net_profit) as profit
 from web_sales,
      date_dim,
      web_page
 where ws_sold_date_sk = d_date_sk
       and d_date between cast('1999-08-28' as date)
                  and (cast('1999-08-28' as date) + interval '30 days')
       and ws_web_page_sk = wp_web_page_sk
 group by wp_web_page_sk), 
 wr as
 (select wp_web_page_sk,
        sum(wr_return_amt) as returns,
        sum(wr_net_loss) as profit_loss
 from web_returns,
      date_dim,
      web_page
 where wr_returned_date_sk = d_date_sk
       and d_date between cast('1999-08-28' as date)
                  and (cast('1999-08-28' as date) + interval '30 days')
       and wr_web_page_sk = wp_web_page_sk
 group by wp_web_page_sk)
  select  channel
        , id
        , sum(sales) as sales
        , sum(returns) as returns
        , sum(profit) as profit
 from 
 (select 'store channel' as channel
        , ss.s_store_sk as id
        , sales
        , coalesce(returns, 0) as returns
        , (profit - coalesce(profit_loss,0)) as profit
 from   ss left join sr
        on  ss.s_store_sk = sr.s_store_sk
 union all
 select 'catalog channel' as channel
        , cs_call_center_sk as id
        , sales
        , returns
        , (profit - profit_loss) as profit
 from  cs
       , cr
 union all
 select 'web channel' as channel
        , ws.wp_web_page_sk as id
        , sales
        , coalesce(returns, 0) as returns
        , (profit - coalesce(profit_loss,0)) as profit
 from   ws left join wr
        on  ws.wp_web_page_sk = wr.wp_web_page_sk
 ) x
 group by rollup (channel, id)
 order by channel
         ,id
 limit 100;
Limit  (cost=45342.99..45350.41 rows=100 width=64) (actual time=192.982..236.769 rows=44 loops=1)
  ->  GroupAggregate  (cost=45342.99..45359.09 rows=217 width=64) (actual time=192.981..236.766 rows=44 loops=1)
        Group Key: ('store channel'::text), store.s_store_sk
        Group Key: ('store channel'::text)
        Group Key: ()
        ->  Gather Merge  (cost=45342.99..45355.57 rows=108 width=64) (actual time=192.975..236.741 rows=52 loops=1)
              Workers Planned: 2
              Workers Launched: 2
              ->  Sort  (cost=44342.97..44343.08 rows=45 width=64) (actual time=81.189..81.196 rows=17 loops=3)
                    Sort Key: ('store channel'::text), store.s_store_sk
                    Sort Method: quicksort  Memory: 26kB
                    Worker 0:  Sort Method: quicksort  Memory: 27kB
                    Worker 1:  Sort Method: quicksort  Memory: 25kB
                    ->  Parallel Append  (cost=1.71..44341.73 rows=45 width=64) (actual time=54.429..81.156 rows=17 loops=3)
                          ->  Merge Left Join  (cost=1.71..44341.39 rows=12 width=64) (actual time=109.131..184.869 rows=6 loops=1)
                                Merge Cond: (store.s_store_sk = store_1.s_store_sk)
                                ->  GroupAggregate  (cost=0.86..40563.64 rows=12 width=24) (actual time=94.269..165.914 rows=6 loops=1)
                                      Group Key: store.s_store_sk
                                      ->  Nested Loop  (cost=0.86..40555.18 rows=1113 width=24) (actual time=0.438..161.176 rows=60622 loops=1)
                                            Join Filter: (store_sales.ss_store_sk = store.s_store_sk)
                                            Rows Removed by Join Filter: 683822
                                            ->  Index Only Scan using pk_store on store  (cost=0.14..3.62 rows=12 width=8) (actual time=0.077..0.085 rows=12 loops=1)
                                                  Heap Fetches: 12
                                            ->  Materialize  (cost=0.72..40344.42 rows=1167 width=24) (actual time=0.020..9.400 rows=62037 loops=12)
                                                  ->  Nested Loop  (cost=0.72..40338.58 rows=1167 width=24) (actual time=0.240..72.900 rows=62037 loops=1)
                                                        ->  Index Scan using i_d_date on date_dim  (cost=0.29..3.11 rows=31 width=8) (actual time=0.104..0.118 rows=31 loops=1)
                                                              Index Cond: ((d_date >= '1999-08-28'::date) AND (d_date <= '1999-09-27 00:00:00'::timestamp without time zone))
                                                        ->  Index Scan using i_ss_sold_date_sk on store_sales  (cost=0.43..1286.06 rows=1508 width=32) (actual time=0.017..1.929 rows=2001 loops=31)
                                                              Index Cond: (ss_sold_date_sk = date_dim.d_date_sk)
                                ->  GroupAggregate  (cost=0.85..3777.30 rows=12 width=24) (actual time=14.858..18.947 rows=6 loops=1)
                                      Group Key: store_1.s_store_sk
                                      ->  Nested Loop  (cost=0.85..3776.32 rows=114 width=24) (actual time=0.068..18.655 rows=3487 loops=1)
                                            Join Filter: (store_returns.sr_store_sk = store_1.s_store_sk)
                                            Rows Removed by Join Filter: 39017
                                            ->  Index Only Scan using pk_store on store store_1  (cost=0.14..3.62 rows=12 width=8) (actual time=0.007..0.011 rows=12 loops=1)
                                                  Heap Fetches: 12
                                            ->  Materialize  (cost=0.71..3751.76 rows=118 width=24) (actual time=0.004..1.320 rows=3542 loops=12)
                                                  ->  Nested Loop  (cost=0.71..3751.17 rows=118 width=24) (actual time=0.044..13.511 rows=3542 loops=1)
                                                        ->  Index Scan using i_d_date on date_dim date_dim_1  (cost=0.29..3.11 rows=31 width=8) (actual time=0.009..0.020 rows=31 loops=1)
                                                              Index Cond: ((d_date >= '1999-08-28'::date) AND (d_date <= '1999-09-27 00:00:00'::timestamp without time zone))
                                                        ->  Index Scan using i_sr_returned_date_sk on store_returns  (cost=0.42..119.51 rows=140 width=32) (actual time=0.006..0.413 rows=114 loops=31)
                                                              Index Cond: (sr_returned_date_sk = date_dim_1.d_date_sk)
                          ->  Merge Left Join  (cost=12317.53..12327.38 rows=60 width=64) (actual time=35.516..39.794 rows=30 loops=1)
                                Merge Cond: (web_page.wp_web_page_sk = web_page_1.wp_web_page_sk)
                                ->  GroupAggregate  (cost=11357.88..11365.64 rows=60 width=24) (actual time=30.401..34.516 rows=30 loops=1)
                                      Group Key: web_page.wp_web_page_sk
                                      ->  Merge Join  (cost=11357.88..11362.75 rows=305 width=24) (actual time=30.255..33.308 rows=16545 loops=1)
                                            Merge Cond: (web_sales.ws_web_page_sk = web_page.wp_web_page_sk)
                                            ->  Sort  (cost=11353.51..11354.27 rows=305 width=24) (actual time=30.181..31.224 rows=16546 loops=1)
                                                  Sort Key: web_sales.ws_web_page_sk
                                                  Worker 0:  Sort Method: quicksort  Memory: 1803kB
                                                  ->  Nested Loop  (cost=0.72..11340.92 rows=305 width=24) (actual time=0.194..26.894 rows=16548 loops=1)
                                                        ->  Index Scan using i_d_date on date_dim date_dim_2  (cost=0.29..3.11 rows=31 width=8) (actual time=0.095..0.117 rows=31 loops=1)
                                                              Index Cond: ((d_date >= '1999-08-28'::date) AND (d_date <= '1999-09-27 00:00:00'::timestamp without time zone))
                                                        ->  Index Scan using i_ws_sold_date_sk on web_sales  (cost=0.42..361.79 rows=395 width=32) (actual time=0.017..0.714 rows=534 loops=31)
                                                              Index Cond: (ws_sold_date_sk = date_dim_2.d_date_sk)
                                            ->  Sort  (cost=4.37..4.52 rows=60 width=8) (actual time=0.069..0.073 rows=58 loops=1)
                                                  Sort Key: web_page.wp_web_page_sk
                                                  Worker 0:  Sort Method: quicksort  Memory: 25kB
                                                  ->  Seq Scan on web_page  (cost=0.00..2.60 rows=60 width=8) (actual time=0.048..0.060 rows=60 loops=1)
                                ->  GroupAggregate  (cost=959.65..960.21 rows=28 width=24) (actual time=5.111..5.267 rows=30 loops=1)
                                      Group Key: web_page_1.wp_web_page_sk
                                      ->  Sort  (cost=959.65..959.72 rows=28 width=24) (actual time=5.103..5.150 rows=1066 loops=1)
                                            Sort Key: web_page_1.wp_web_page_sk
                                            Worker 0:  Sort Method: quicksort  Memory: 115kB
                                            ->  Nested Loop  (cost=0.72..958.98 rows=28 width=24) (actual time=0.081..4.872 rows=1066 loops=1)
                                                  ->  Nested Loop  (cost=0.58..954.41 rows=29 width=24) (actual time=0.049..3.799 rows=1096 loops=1)
                                                        ->  Index Scan using i_d_date on date_dim date_dim_3  (cost=0.29..3.11 rows=31 width=8) (actual time=0.010..0.017 rows=31 loops=1)
                                                              Index Cond: ((d_date >= '1999-08-28'::date) AND (d_date <= '1999-09-27 00:00:00'::timestamp without time zone))
                                                        ->  Index Scan using i_wr_returned_date_sk on web_returns  (cost=0.29..30.36 rows=33 width=32) (actual time=0.006..0.113 rows=35 loops=31)
                                                              Index Cond: (wr_returned_date_sk = date_dim_3.d_date_sk)
                                                  ->  Index Only Scan using pk_web_page on web_page web_page_1  (cost=0.14..0.16 rows=1 width=8) (actual time=0.001..0.001 rows=1 loops=1096)
                                                        Index Cond: (wp_web_page_sk = web_returns.wr_web_page_sk)
                                                        Heap Fetches: 1066
                          ->  Nested Loop  (cost=1941.61..1943.02 rows=36 width=64) (actual time=18.637..18.784 rows=16 loops=1)
                                ->  HashAggregate  (cost=1702.97..1703.03 rows=6 width=24) (actual time=17.133..17.134 rows=4 loops=1)
                                      Group Key: catalog_sales.cs_call_center_sk
                                      Batches: 1  Memory Usage: 24kB
                                      ->  Nested Loop  (cost=0.72..1698.42 rows=607 width=24) (actual time=0.021..12.822 rows=31804 loops=1)
                                            ->  Index Scan using i_d_date on date_dim date_dim_4  (cost=0.29..3.11 rows=31 width=8) (actual time=0.011..0.023 rows=31 loops=1)
                                                  Index Cond: ((d_date >= '1999-08-28'::date) AND (d_date <= '1999-09-27 00:00:00'::timestamp without time zone))
                                            ->  Index Scan using i_cs_sold_date_sk on catalog_sales  (cost=0.43..46.87 rows=782 width=32) (actual time=0.005..0.175 rows=1026 loops=31)
                                                  Index Cond: (cs_sold_date_sk = date_dim_4.d_date_sk)
                                ->  Materialize  (cost=238.64..239.40 rows=6 width=16) (actual time=0.376..0.411 rows=4 loops=4)
                                      ->  Subquery Scan on cr  (cost=238.64..239.37 rows=6 width=16) (actual time=1.500..1.641 rows=4 loops=1)
                                            ->  GroupAggregate  (cost=238.64..239.31 rows=6 width=24) (actual time=1.500..1.640 rows=4 loops=1)
                                                  Group Key: catalog_returns.cr_call_center_sk
                                                  ->  Sort  (cost=238.64..238.80 rows=61 width=24) (actual time=1.433..1.491 rows=1514 loops=1)
                                                        Sort Key: catalog_returns.cr_call_center_sk
                                                        Sort Method: quicksort  Memory: 142kB
                                                        ->  Nested Loop  (cost=0.59..236.84 rows=61 width=24) (actual time=0.010..1.238 rows=1514 loops=1)
                                                              ->  Index Scan using i_d_date on date_dim date_dim_5  (cost=0.29..3.11 rows=31 width=8) (actual time=0.005..0.010 rows=31 loops=1)
                                                                    Index Cond: ((d_date >= '1999-08-28'::date) AND (d_date <= '1999-09-27 00:00:00'::timestamp without time zone))
                                                              ->  Index Scan using i_cr_returned_date_sk on catalog_returns  (cost=0.29..6.82 rows=72 width=32) (actual time=0.002..0.031 rows=49 loops=31)
                                                                    Index Cond: (cr_returned_date_sk = date_dim_5.d_date_sk)
     channel     | id |       sales        |      returns       |       profit        
-----------------+----+--------------------+--------------------+---------------------
 catalog channel |  1 |  108373995.9199996 | 2016844.5399999993 | -10674111.320000038
 catalog channel |  2 | 106751092.79999974 | 2016844.5399999996 | -12941557.039999958
 catalog channel |  4 | 106945238.56000094 | 2016844.5399999993 | -12395251.359999996
 catalog channel |    | 326854.04000000004 | 2016844.5399999996 | -1300904.5599999994
 catalog channel |    |  322397181.3200002 |  8067378.159999997 | -37311824.279999994
 store channel   |  1 |  20001516.34999996 |  552500.0900000002 |  -8893080.899999984
 store channel   |  2 | 17765745.069999944 |  597450.5400000004 |  -8106044.320000029
 store channel   |  4 | 19801286.729999974 |  580236.6399999997 |  -8744425.470000004
 store channel   |  7 |  17916613.62999993 |  558631.4600000001 |  -8596429.839999974
 store channel   |  8 |  20212103.33000001 |  553909.1099999996 |  -9082018.330000035
 store channel   | 10 | 18552154.960000042 |          566997.06 |   -8362791.69999998
 store channel   |    | 114249420.06999986 |          3409724.9 |  -51784790.56000001
 web channel     |  1 | 1235642.6800000013 |           37949.39 | -150750.15999999992
 web channel     |  2 | 1399136.1699999995 |           68391.59 | -315638.86000000004
 web channel     |  4 | 1434076.2900000005 |           29731.12 |  -254828.7200000002
 web channel     |  7 | 1535536.2500000005 |           41281.14 |  -56838.34999999996
 web channel     |  8 | 1455778.5599999996 |  44702.72000000001 |          -154248.45
 web channel     | 10 |  1345749.450000001 |           61233.56 | -237654.73000000016
 web channel     | 13 | 1273425.8700000013 |           19089.68 | -237126.17999999996
 web channel     | 14 |  1314416.019999999 |           41766.86 |  -167308.9200000001
 web channel     | 16 | 1422833.0999999987 | 64045.169999999984 | -204251.80000000005
 web channel     | 19 | 1357530.7599999984 |           32488.49 | -204081.69000000006
 web channel     | 20 | 1393039.0599999998 |  34933.36000000001 | -112176.68999999997
 web channel     | 22 | 1346591.2599999995 | 48351.130000000005 |  -169067.9900000001
 web channel     | 25 | 1412539.6300000001 |  40069.59999999999 | -117756.54999999994
 web channel     | 26 | 1532051.7999999989 |  39448.74000000001 | -127374.53000000003
 web channel     | 28 | 1455796.7600000005 |  62269.85000000001 |  -257759.1200000001
 web channel     | 31 | 1405031.3900000006 |  35890.78999999999 | -118475.24000000002
 web channel     | 32 | 1349640.2700000012 | 26338.780000000006 | -216626.84000000003
 web channel     | 34 | 1348934.0599999998 |           43680.62 | -130369.09999999986
 web channel     | 37 |  1478440.630000001 |           39496.65 |  -158821.1000000001
 web channel     | 38 |  1346708.469999999 |  57657.08000000001 |  -159600.2900000001
 web channel     | 40 |         1486731.11 |           49409.53 | -148335.18000000002
 web channel     | 43 |         1419907.92 |  53264.46000000001 | -135013.78000000003
 web channel     | 44 | 1385599.6400000004 |            44583.6 | -177302.58000000028
 web channel     | 46 | 1500546.7999999998 |           42978.12 | -111011.33999999997
 web channel     | 49 |         1473472.58 |  44325.59999999999 | -114976.44000000002
 web channel     | 50 |         1308621.88 | 54376.390000000014 | -219693.85999999987
 web channel     | 52 | 1413105.6099999999 |           43441.43 | -124462.69000000003
 web channel     | 55 | 1364380.8399999982 |  57712.50000000001 | -174989.03999999992
 web channel     | 56 |  1384055.589999999 |  53791.07000000001 | -127714.89999999989
 web channel     | 58 | 1423926.4300000018 |           37601.42 | -189331.96000000014
 web channel     |    |  42003246.87999999 |         1350300.44 |  -5073587.080000002
                 |    |       478649848.27 | 12827403.499999998 |  -94170201.91999999
(44 rows)

UPDATE time_statistics SET e_time = TRANSACTION_TIMESTAMP() WHERE template = '../query_postgresql/query77.tpl' AND stream = 4;
psql:/tmp/s1-basline/throughput/query_4.sql:1815: NOTICE:  duration: 0.031 ms  plan:
Query Text: UPDATE time_statistics SET e_time = TRANSACTION_TIMESTAMP() WHERE template = '../query_postgresql/query77.tpl' AND stream = 4;
Update on time_statistics  (cost=0.00..4.26 rows=0 width=0) (actual time=0.030..0.031 rows=0 loops=1)
  ->  Seq Scan on time_statistics  (cost=0.00..4.26 rows=1 width=14) (actual time=0.019..0.019 rows=1 loops=1)
        Filter: ((template = '../query_postgresql/query77.tpl'::text) AND (stream = 4))
        Rows Removed by Filter: 98
UPDATE 1
LOAD 'auto_explain'; SET auto_explain.log_min_duration TO 0; SET auto_explain.log_analyze TO on; SET auto_explain.log_level TO notice; INSERT INTO time_statistics (template, s_time, stream, query, seed) VALUES ('../query_postgresql/query95.tpl', TRANSACTION_TIMESTAMP(), 4, 34, 1706172570);
LOAD
SET
SET
SET
psql:/tmp/s1-basline/throughput/query_4.sql:1816: NOTICE:  duration: 0.008 ms  plan:
Query Text: INSERT INTO time_statistics (template, s_time, stream, query, seed) VALUES ('../query_postgresql/query95.tpl', TRANSACTION_TIMESTAMP(), 4, 34, 1706172570);
Insert on time_statistics  (cost=0.00..0.01 rows=0 width=0) (actual time=0.007..0.007 rows=0 loops=1)
  ->  Result  (cost=0.00..0.01 rows=1 width=64) (actual time=0.001..0.001 rows=1 loops=1)
INSERT 0 1
with ws_wh as
(select ws1.ws_order_number,ws1.ws_warehouse_sk wh1,ws2.ws_warehouse_sk wh2
 from web_sales ws1,web_sales ws2
 where ws1.ws_order_number = ws2.ws_order_number
   and ws1.ws_warehouse_sk <> ws2.ws_warehouse_sk)
 select  
   count(distinct ws_order_number) as "order count"
  ,sum(ws_ext_ship_cost) as "total shipping cost"
  ,sum(ws_net_profit) as "total net profit"
from
   web_sales ws1
  ,date_dim
  ,customer_address
  ,web_site
where
    d_date between '2001-5-01' and 
           (cast('2001-5-01' as date) + interval '60 days')
and ws1.ws_ship_date_sk = d_date_sk
and ws1.ws_ship_addr_sk = ca_address_sk
and ca_state = 'ND'
and ws1.ws_web_site_sk = web_site_sk
and web_company_name = 'pri'
and ws1.ws_order_number in (select ws_order_number
                            from ws_wh)
and ws1.ws_order_number in (select wr_order_number
                            from web_returns,ws_wh
                            where wr_order_number = ws_wh.ws_order_number)
order by count(distinct ws_order_number)
limit 100;
psql:/tmp/s1-basline/throughput/query_4.sql:1845: NOTICE:  duration: 31743.970 ms  plan:
Query Text: with ws_wh as
(select ws1.ws_order_number,ws1.ws_warehouse_sk wh1,ws2.ws_warehouse_sk wh2
 from web_sales ws1,web_sales ws2
 where ws1.ws_order_number = ws2.ws_order_number
   and ws1.ws_warehouse_sk <> ws2.ws_warehouse_sk)
 select  
   count(distinct ws_order_number) as "order count"
  ,sum(ws_ext_ship_cost) as "total shipping cost"
  ,sum(ws_net_profit) as "total net profit"
from
   web_sales ws1
  ,date_dim
  ,customer_address
  ,web_site
where
    d_date between '2001-5-01' and 
           (cast('2001-5-01' as date) + interval '60 days')
and ws1.ws_ship_date_sk = d_date_sk
and ws1.ws_ship_addr_sk = ca_address_sk
and ca_state = 'ND'
and ws1.ws_web_site_sk = web_site_sk
and web_company_name = 'pri'
and ws1.ws_order_number in (select ws_order_number
                            from ws_wh)
and ws1.ws_order_number in (select wr_order_number
                            from web_returns,ws_wh
                            where wr_order_number = ws_wh.ws_order_number)
order by count(distinct ws_order_number)
limit 100;
Limit  (cost=697347.32..697347.32 rows=1 width=24) (actual time=31743.836..31743.962 rows=1 loops=1)
  CTE ws_wh
    ->  Hash Join  (cost=46349.17..333735.21 rows=7148800 width=24) (actual time=268.157..1454.907 rows=6642776 loops=1)
          Hash Cond: (ws1_1.ws_order_number = ws2.ws_order_number)
          Join Filter: (ws1_1.ws_warehouse_sk <> ws2.ws_warehouse_sk)
          Rows Removed by Join Filter: 2384930
          ->  Seq Scan on web_sales ws1_1  (cost=0.00..33841.74 rows=719474 width=16) (actual time=0.002..156.177 rows=719474 loops=1)
          ->  Hash  (cost=33841.74..33841.74 rows=719474 width=16) (actual time=267.572..267.573 rows=719474 loops=1)
                Buckets: 1048576  Batches: 2  Memory Usage: 25099kB
                ->  Seq Scan on web_sales ws2  (cost=0.00..33841.74 rows=719474 width=16) (actual time=0.002..160.393 rows=719474 loops=1)
  ->  Sort  (cost=363612.11..363612.11 rows=1 width=24) (actual time=31743.835..31743.957 rows=1 loops=1)
        Sort Key: (count(DISTINCT ws1.ws_order_number))
        Sort Method: quicksort  Memory: 25kB
        ->  Aggregate  (cost=363612.09..363612.10 rows=1 width=24) (actual time=31743.832..31743.953 rows=1 loops=1)
              ->  Nested Loop Semi Join  (cost=162397.28..363612.08 rows=1 width=24) (actual time=4984.148..31743.908 rows=54 loops=1)
                    Join Filter: (ws1.ws_order_number = web_returns.wr_order_number)
                    ->  Nested Loop  (cost=161858.20..192369.32 rows=2 width=32) (actual time=4097.750..4098.104 rows=72 loops=1)
                          Join Filter: (ws1.ws_web_site_sk = web_site.web_site_sk)
                          Rows Removed by Join Filter: 2331
                          ->  Seq Scan on web_site  (cost=0.00..2.38 rows=9 width=8) (actual time=0.008..0.029 rows=9 loops=1)
                                Filter: (web_company_name = 'pri'::bpchar)
                                Rows Removed by Filter: 21
                          ->  Materialize  (cost=161858.20..192366.29 rows=5 width=40) (actual time=455.269..455.322 rows=267 loops=9)
                                ->  Hash Join  (cost=161858.20..192366.26 rows=5 width=40) (actual time=4097.421..4097.749 rows=267 loops=1)
                                      Hash Cond: (ws1.ws_order_number = ws_wh.ws_order_number)
                                      ->  Gather  (cost=1005.70..31513.68 rows=10 width=32) (actual time=3.673..3.944 rows=267 loops=1)
                                            Workers Planned: 2
                                            Workers Launched: 2
                                            ->  Nested Loop  (cost=5.70..30512.68 rows=4 width=32) (actual time=2.902..104.027 rows=89 loops=3)
                                                  ->  Hash Join  (cost=5.41..30437.19 rows=242 width=40) (actual time=0.232..94.126 rows=4692 loops=3)
                                                        Hash Cond: (ws1.ws_ship_date_sk = date_dim.d_date_sk)
                                                        ->  Parallel Seq Scan on web_sales ws1  (cost=0.00..29644.81 rows=299781 width=48) (actual time=0.014..61.142 rows=239825 loops=3)
                                                        ->  Hash  (cost=4.67..4.67 rows=59 width=8) (actual time=0.084..0.085 rows=61 loops=3)
                                                              Buckets: 1024  Batches: 1  Memory Usage: 11kB
                                                              ->  Index Scan using i_d_date on date_dim  (cost=0.29..4.67 rows=59 width=8) (actual time=0.058..0.072 rows=61 loops=3)
                                                                    Index Cond: ((d_date >= '2001-05-01'::date) AND (d_date <= '2001-06-30 00:00:00'::timestamp without time zone))
                                                  ->  Index Scan using pk_customer_address on customer_address  (cost=0.29..0.31 rows=1 width=8) (actual time=0.002..0.002 rows=0 loops=14076)
                                                        Index Cond: (ca_address_sk = ws1.ws_ship_addr_sk)
                                                        Filter: (ca_state = 'ND'::bpchar)
                                                        Rows Removed by Filter: 1
                                      ->  Hash  (cost=160850.00..160850.00 rows=200 width=8) (actual time=4093.743..4093.744 rows=60000 loops=1)
                                            Buckets: 65536 (originally 1024)  Batches: 1 (originally 1)  Memory Usage: 2856kB
                                            ->  HashAggregate  (cost=160848.00..160850.00 rows=200 width=8) (actual time=4079.081..4086.855 rows=60000 loops=1)
                                                  Group Key: ws_wh.ws_order_number
                                                  Batches: 1  Memory Usage: 6177kB
                                                  ->  CTE Scan on ws_wh  (cost=0.00..142976.00 rows=7148800 width=8) (actual time=268.159..3316.898 rows=6642776 loops=1)
                    ->  Hash Join  (cost=539.08..170327.89 rows=385 width=16) (actual time=383.968..383.968 rows=1 loops=72)
                          Hash Cond: (ws_wh_1.ws_order_number = web_returns.wr_order_number)
                          Join Filter: (ws_wh.ws_order_number = ws_wh_1.ws_order_number)
                          ->  CTE Scan on ws_wh ws_wh_1  (cost=0.00..142976.00 rows=7148800 width=8) (actual time=0.003..274.597 rows=3108443 loops=55)
                          ->  Hash  (cost=539.05..539.05 rows=2 width=8) (actual time=0.964..0.964 rows=1 loops=72)
                                Buckets: 1024  Batches: 1  Memory Usage: 9kB
                                ->  Index Only Scan using pk_web_returns on web_returns  (cost=0.42..539.05 rows=2 width=8) (actual time=0.542..0.963 rows=1 loops=72)
                                      Index Cond: (wr_order_number = ws_wh.ws_order_number)
                                      Heap Fetches: 0
 order count | total shipping cost |  total net profit  
-------------+---------------------+--------------------
          28 |            60802.07 | -3759.470000000003
(1 row)

UPDATE time_statistics SET e_time = TRANSACTION_TIMESTAMP() WHERE template = '../query_postgresql/query95.tpl' AND stream = 4;
psql:/tmp/s1-basline/throughput/query_4.sql:1847: NOTICE:  duration: 0.040 ms  plan:
Query Text: UPDATE time_statistics SET e_time = TRANSACTION_TIMESTAMP() WHERE template = '../query_postgresql/query95.tpl' AND stream = 4;
Update on time_statistics  (cost=0.00..4.26 rows=0 width=0) (actual time=0.039..0.039 rows=0 loops=1)
  ->  Seq Scan on time_statistics  (cost=0.00..4.26 rows=1 width=14) (actual time=0.023..0.024 rows=1 loops=1)
        Filter: ((template = '../query_postgresql/query95.tpl'::text) AND (stream = 4))
        Rows Removed by Filter: 102
UPDATE 1
LOAD 'auto_explain'; SET auto_explain.log_min_duration TO 0; SET auto_explain.log_analyze TO on; SET auto_explain.log_level TO notice; INSERT INTO time_statistics (template, s_time, stream, query, seed) VALUES ('query33.tpl', TRANSACTION_TIMESTAMP(), 4, 35, 675749782);
LOAD
SET
SET
SET
psql:/tmp/s1-basline/throughput/query_4.sql:1848: NOTICE:  duration: 0.009 ms  plan:
Query Text: INSERT INTO time_statistics (template, s_time, stream, query, seed) VALUES ('query33.tpl', TRANSACTION_TIMESTAMP(), 4, 35, 675749782);
Insert on time_statistics  (cost=0.00..0.01 rows=0 width=0) (actual time=0.008..0.008 rows=0 loops=1)
  ->  Result  (cost=0.00..0.01 rows=1 width=64) (actual time=0.001..0.002 rows=1 loops=1)
INSERT 0 1
with ss as (
 select
          i_manufact_id,sum(ss_ext_sales_price) total_sales
 from
 	store_sales,
 	date_dim,
         customer_address,
         item
 where
         i_manufact_id in (select
  i_manufact_id
from
 item
where i_category in ('Sports'))
 and     ss_item_sk              = i_item_sk
 and     ss_sold_date_sk         = d_date_sk
 and     d_year                  = 2000
 and     d_moy                   = 1
 and     ss_addr_sk              = ca_address_sk
 and     ca_gmt_offset           = -5 
 group by i_manufact_id),
 cs as (
 select
          i_manufact_id,sum(cs_ext_sales_price) total_sales
 from
 	catalog_sales,
 	date_dim,
         customer_address,
         item
 where
         i_manufact_id               in (select
  i_manufact_id
from
 item
where i_category in ('Sports'))
 and     cs_item_sk              = i_item_sk
 and     cs_sold_date_sk         = d_date_sk
 and     d_year                  = 2000
 and     d_moy                   = 1
 and     cs_bill_addr_sk         = ca_address_sk
 and     ca_gmt_offset           = -5 
 group by i_manufact_id),
 ws as (
 select
          i_manufact_id,sum(ws_ext_sales_price) total_sales
 from
 	web_sales,
 	date_dim,
         customer_address,
         item
 where
         i_manufact_id               in (select
  i_manufact_id
from
 item
where i_category in ('Sports'))
 and     ws_item_sk              = i_item_sk
 and     ws_sold_date_sk         = d_date_sk
 and     d_year                  = 2000
 and     d_moy                   = 1
 and     ws_bill_addr_sk         = ca_address_sk
 and     ca_gmt_offset           = -5
 group by i_manufact_id)
  select  i_manufact_id ,sum(total_sales) total_sales
 from  (select * from ss 
        union all
        select * from cs 
        union all
        select * from ws) tmp1
 group by i_manufact_id
 order by total_sales
limit 100;
psql:/tmp/s1-basline/throughput/query_4.sql:1920: NOTICE:  duration: 182.131 ms  plan:
Query Text: with ss as (
 select
          i_manufact_id,sum(ss_ext_sales_price) total_sales
 from
 	store_sales,
 	date_dim,
         customer_address,
         item
 where
         i_manufact_id in (select
  i_manufact_id
from
 item
where i_category in ('Sports'))
 and     ss_item_sk              = i_item_sk
 and     ss_sold_date_sk         = d_date_sk
 and     d_year                  = 2000
 and     d_moy                   = 1
 and     ss_addr_sk              = ca_address_sk
 and     ca_gmt_offset           = -5 
 group by i_manufact_id),
 cs as (
 select
          i_manufact_id,sum(cs_ext_sales_price) total_sales
 from
 	catalog_sales,
 	date_dim,
         customer_address,
         item
 where
         i_manufact_id               in (select
  i_manufact_id
from
 item
where i_category in ('Sports'))
 and     cs_item_sk              = i_item_sk
 and     cs_sold_date_sk         = d_date_sk
 and     d_year                  = 2000
 and     d_moy                   = 1
 and     cs_bill_addr_sk         = ca_address_sk
 and     ca_gmt_offset           = -5 
 group by i_manufact_id),
 ws as (
 select
          i_manufact_id,sum(ws_ext_sales_price) total_sales
 from
 	web_sales,
 	date_dim,
         customer_address,
         item
 where
         i_manufact_id               in (select
  i_manufact_id
from
 item
where i_category in ('Sports'))
 and     ws_item_sk              = i_item_sk
 and     ws_sold_date_sk         = d_date_sk
 and     d_year                  = 2000
 and     d_moy                   = 1
 and     ws_bill_addr_sk         = ca_address_sk
 and     ca_gmt_offset           = -5
 group by i_manufact_id)
  select  i_manufact_id ,sum(total_sales) total_sales
 from  (select * from ss 
        union all
        select * from cs 
        union all
        select * from ws) tmp1
 group by i_manufact_id
 order by total_sales
limit 100;
Limit  (cost=45937.97..45938.22 rows=100 width=12) (actual time=153.262..182.098 rows=100 loops=1)
  ->  Sort  (cost=45937.97..45938.47 rows=200 width=12) (actual time=153.261..182.091 rows=100 loops=1)
        Sort Key: (sum((sum(store_sales.ss_ext_sales_price))))
        Sort Method: top-N heapsort  Memory: 32kB
        ->  Finalize GroupAggregate  (cost=45875.86..45930.33 rows=200 width=12) (actual time=152.416..181.952 rows=701 loops=1)
              Group Key: item.i_manufact_id
              ->  Gather Merge  (cost=45875.86..45926.33 rows=400 width=12) (actual time=152.411..181.691 rows=2014 loops=1)
                    Workers Planned: 2
                    Workers Launched: 2
                    ->  Partial GroupAggregate  (cost=44875.83..44880.13 rows=200 width=12) (actual time=89.997..90.212 rows=671 loops=3)
                          Group Key: item.i_manufact_id
                          ->  Sort  (cost=44875.83..44876.60 rows=307 width=12) (actual time=89.994..90.027 rows=671 loops=3)
                                Sort Key: item.i_manufact_id
                                Sort Method: quicksort  Memory: 62kB
                                Worker 0:  Sort Method: quicksort  Memory: 59kB
                                Worker 1:  Sort Method: quicksort  Memory: 63kB
                                ->  Parallel Append  (cost=15477.45..44863.15 rows=307 width=12) (actual time=88.785..89.906 rows=671 loops=3)
                                      ->  GroupAggregate  (cost=44850.45..44857.55 rows=406 width=12) (actual time=143.013..144.908 rows=696 loops=1)
                                            Group Key: item.i_manufact_id
                                            ->  Sort  (cost=44850.45..44851.46 rows=406 width=12) (actual time=143.001..143.797 rows=10365 loops=1)
                                                  Sort Key: item.i_manufact_id
                                                  Worker 1:  Sort Method: quicksort  Memory: 950kB
                                                  ->  Hash Join  (cost=1505.40..44832.86 rows=406 width=12) (actual time=26.916..140.465 rows=10365 loops=1)
                                                        Hash Cond: (item.i_manufact_id = item_1.i_manufact_id)
                                                        ->  Nested Loop  (cost=1.01..43322.88 rows=407 width=12) (actual time=8.934..120.335 rows=11837 loops=1)
                                                              ->  Nested Loop  (cost=0.72..43198.54 rows=407 width=16) (actual time=8.857..98.394 rows=11837 loops=1)
                                                                    ->  Nested Loop  (cost=0.43..42836.21 rows=1167 width=24) (actual time=8.667..51.396 rows=32234 loops=1)
                                                                          ->  Seq Scan on date_dim  (cost=0.00..2500.73 rows=31 width=8) (actual time=8.568..15.059 rows=31 loops=1)
                                                                                Filter: ((d_year = 2000) AND (d_moy = 1))
                                                                                Rows Removed by Filter: 73018
                                                                          ->  Index Scan using i_ss_sold_date_sk on store_sales  (cost=0.43..1286.06 rows=1508 width=32) (actual time=0.014..0.977 rows=1040 loops=31)
                                                                                Index Cond: (ss_sold_date_sk = date_dim.d_date_sk)
                                                                    ->  Index Scan using pk_customer_address on customer_address  (cost=0.29..0.31 rows=1 width=8) (actual time=0.001..0.001 rows=0 loops=32234)
                                                                          Index Cond: (ca_address_sk = store_sales.ss_addr_sk)
                                                                          Filter: (ca_gmt_offset = '-5'::double precision)
                                                                          Rows Removed by Filter: 1
                                                              ->  Index Scan using pk_item on item  (cost=0.29..0.31 rows=1 width=12) (actual time=0.001..0.001 rows=1 loops=11837)
                                                                    Index Cond: (i_item_sk = store_sales.ss_item_sk)
                                                        ->  Hash  (cost=1493.87..1493.87 rows=842 width=4) (actual time=17.943..17.944 rows=703 loops=1)
                                                              Buckets: 1024  Batches: 1  Memory Usage: 33kB
                                                              ->  HashAggregate  (cost=1485.45..1493.87 rows=842 width=4) (actual time=17.768..17.836 rows=704 loops=1)
                                                                    Group Key: item_1.i_manufact_id
                                                                    Worker 1:  Batches: 1  Memory Usage: 105kB
                                                                    ->  Seq Scan on item item_1  (cost=0.00..1481.00 rows=1779 width=4) (actual time=0.039..17.404 rows=1779 loops=1)
                                                                          Filter: (i_category = 'Sports'::bpchar)
                                                                          Rows Removed by Filter: 16221
                                      ->  GroupAggregate  (cost=15477.45..15479.40 rows=111 width=12) (actual time=67.277..67.810 rows=638 loops=1)
                                            Group Key: item_2.i_manufact_id
                                            ->  Sort  (cost=15477.45..15477.73 rows=111 width=12) (actual time=67.269..67.419 rows=2745 loops=1)
                                                  Sort Key: item_2.i_manufact_id
                                                  Worker 0:  Sort Method: quicksort  Memory: 247kB
                                                  ->  Hash Join  (cost=1505.40..15473.68 rows=111 width=12) (actual time=26.285..66.565 rows=2745 loops=1)
                                                        Hash Cond: (item_2.i_manufact_id = item_3.i_manufact_id)
                                                        ->  Nested Loop  (cost=1.00..13967.76 rows=111 width=12) (actual time=8.266..47.965 rows=3131 loops=1)
                                                              ->  Nested Loop  (cost=0.71..13933.69 rows=111 width=16) (actual time=8.181..41.108 rows=3131 loops=1)
                                                                    ->  Nested Loop  (cost=0.42..13838.54 rows=305 width=24) (actual time=8.021..26.082 rows=8421 loops=1)
                                                                          ->  Seq Scan on date_dim date_dim_1  (cost=0.00..2500.73 rows=31 width=8) (actual time=7.935..14.605 rows=31 loops=1)
                                                                                Filter: ((d_year = 2000) AND (d_moy = 1))
                                                                                Rows Removed by Filter: 73018
                                                                          ->  Index Scan using i_ws_sold_date_sk on web_sales  (cost=0.42..361.79 rows=395 width=32) (actual time=0.014..0.313 rows=272 loops=31)
                                                                                Index Cond: (ws_sold_date_sk = date_dim_1.d_date_sk)
                                                                    ->  Index Scan using pk_customer_address on customer_address customer_address_1  (cost=0.29..0.31 rows=1 width=8) (actual time=0.002..0.002 rows=0 loops=8421)
                                                                          Index Cond: (ca_address_sk = web_sales.ws_bill_addr_sk)
                                                                          Filter: (ca_gmt_offset = '-5'::double precision)
                                                                          Rows Removed by Filter: 1
                                                              ->  Index Scan using pk_item on item item_2  (cost=0.29..0.31 rows=1 width=12) (actual time=0.002..0.002 rows=1 loops=3131)
                                                                    Index Cond: (i_item_sk = web_sales.ws_item_sk)
                                                        ->  Hash  (cost=1493.87..1493.87 rows=842 width=4) (actual time=17.969..17.970 rows=703 loops=1)
                                                              Buckets: 1024  Batches: 1  Memory Usage: 33kB
                                                              ->  HashAggregate  (cost=1485.45..1493.87 rows=842 width=4) (actual time=17.791..17.862 rows=704 loops=1)
                                                                    Group Key: item_3.i_manufact_id
                                                                    Worker 0:  Batches: 1  Memory Usage: 105kB
                                                                    ->  Seq Scan on item item_3  (cost=0.00..1481.00 rows=1779 width=4) (actual time=0.039..17.423 rows=1779 loops=1)
                                                                          Filter: (i_category = 'Sports'::bpchar)
                                                                          Rows Removed by Filter: 16221
                                      ->  GroupAggregate  (cost=5968.40..5972.25 rows=220 width=12) (actual time=56.061..56.859 rows=680 loops=1)
                                            Group Key: item_4.i_manufact_id
                                            ->  Sort  (cost=5968.40..5968.95 rows=220 width=12) (actual time=56.054..56.309 rows=4660 loops=1)
                                                  Sort Key: item_4.i_manufact_id
                                                  Sort Method: quicksort  Memory: 447kB
                                                  ->  Hash Join  (cost=1505.40..5959.85 rows=220 width=12) (actual time=12.558..55.224 rows=4660 loops=1)
                                                        Hash Cond: (item_4.i_manufact_id = item_5.i_manufact_id)
                                                        ->  Nested Loop  (cost=1.00..4452.42 rows=221 width=12) (actual time=4.281..46.043 rows=5336 loops=1)
                                                              ->  Nested Loop  (cost=0.72..4384.80 rows=221 width=16) (actual time=4.275..36.904 rows=5336 loops=1)
                                                                    ->  Nested Loop  (cost=0.43..4196.04 rows=607 width=24) (actual time=4.269..15.667 rows=14257 loops=1)
                                                                          ->  Seq Scan on date_dim date_dim_2  (cost=0.00..2500.73 rows=31 width=8) (actual time=4.254..9.629 rows=31 loops=1)
                                                                                Filter: ((d_year = 2000) AND (d_moy = 1))
                                                                                Rows Removed by Filter: 73018
                                                                          ->  Index Scan using i_cs_sold_date_sk on catalog_sales  (cost=0.43..46.87 rows=782 width=32) (actual time=0.004..0.112 rows=460 loops=31)
                                                                                Index Cond: (cs_sold_date_sk = date_dim_2.d_date_sk)
                                                                    ->  Index Scan using pk_customer_address on customer_address customer_address_2  (cost=0.29..0.31 rows=1 width=8) (actual time=0.001..0.001 rows=0 loops=14257)
                                                                          Index Cond: (ca_address_sk = catalog_sales.cs_bill_addr_sk)
                                                                          Filter: (ca_gmt_offset = '-5'::double precision)
                                                                          Rows Removed by Filter: 1
                                                              ->  Index Scan using pk_item on item item_4  (cost=0.29..0.31 rows=1 width=12) (actual time=0.001..0.001 rows=1 loops=5336)
                                                                    Index Cond: (i_item_sk = catalog_sales.cs_item_sk)
                                                        ->  Hash  (cost=1493.87..1493.87 rows=842 width=4) (actual time=8.262..8.263 rows=703 loops=1)
                                                              Buckets: 1024  Batches: 1  Memory Usage: 33kB
                                                              ->  HashAggregate  (cost=1485.45..1493.87 rows=842 width=4) (actual time=8.129..8.188 rows=704 loops=1)
                                                                    Group Key: item_5.i_manufact_id
                                                                    Batches: 1  Memory Usage: 105kB
                                                                    ->  Seq Scan on item item_5  (cost=0.00..1481.00 rows=1779 width=4) (actual time=0.008..7.827 rows=1779 loops=1)
                                                                          Filter: (i_category = 'Sports'::bpchar)
                                                                          Rows Removed by Filter: 16221
 i_manufact_id |    total_sales     
---------------+--------------------
           928 |              83.39
           693 |              313.5
           762 |             392.08
           796 |             1007.1
           970 |             1597.1
           809 |            1623.64
           784 |               2067
           580 |               2153
           998 |            2164.96
           743 |            2182.74
           873 |            3635.23
           833 |            3793.78
           734 | 4191.3099999999995
           820 |            4746.66
           879 |  5149.889999999999
           686 |            5293.98
           474 |            5363.75
           459 | 5492.9400000000005
           899 |             5758.5
           988 |  5826.629999999999
           901 |            6139.08
           610 |  6198.540000000001
           773 |            6198.87
           818 |            6250.33
           748 |            6430.14
           340 |            6652.17
           602 |             6664.2
           878 |            6670.33
           704 |            6997.23
           708 |            7227.41
           516 |            7415.74
           766 |            7512.58
           715 |             7771.5
           845 |            7959.69
           594 |             8084.5
           848 |             8113.6
           975 |  8254.310000000001
           898 |            8526.25
           659 |  8615.130000000001
           557 |            9247.16
           869 |            9347.16
           621 |  9385.449999999999
           819 |            9452.17
           918 |            9455.68
           335 |             9664.8
           917 |            9965.42
           806 |           10451.19
           714 |           10507.77
           410 |           10539.73
           992 |           10548.82
           908 | 10606.369999999999
           562 | 10827.720000000001
           805 |           10943.21
           359 |           11075.09
           893 |           11430.41
           572 |           11679.35
           938 | 11958.029999999999
           989 |           12180.36
           884 | 12378.369999999999
           556 | 12383.130000000001
           709 |           12538.36
           627 | 12547.149999999998
           749 |           12750.39
           931 | 12779.150000000001
           398 |           12828.29
           651 |           12965.48
           894 |           12969.34
           497 | 12976.890000000001
           883 |           13030.99
           538 |           13072.23
           782 |            13271.6
           591 | 13297.300000000001
           866 |           13522.44
           825 |           13718.65
           945 | 13743.839999999998
           689 |           14074.34
           399 |           14112.79
           443 |           14266.36
           716 | 14327.680000000002
           380 |           14500.67
           843 | 14543.789999999999
           969 | 14660.560000000001
           551 | 14710.809999999998
           334 | 14735.779999999999
           924 |           14744.07
           723 |           14889.23
           489 | 14909.580000000002
           663 | 14966.669999999998
           483 |           14991.61
           446 | 14994.309999999998
           482 | 15319.490000000002
           421 | 15478.830000000002
           374 | 16173.330000000002
           710 | 16197.319999999998
           977 |           16256.64
           728 |           16800.63
           804 |           17020.12
           553 |           17025.36
           561 |           17033.02
           777 |           17094.53
(100 rows)

UPDATE time_statistics SET e_time = TRANSACTION_TIMESTAMP() WHERE template = 'query33.tpl' AND stream = 4;
psql:/tmp/s1-basline/throughput/query_4.sql:1922: NOTICE:  duration: 0.039 ms  plan:
Query Text: UPDATE time_statistics SET e_time = TRANSACTION_TIMESTAMP() WHERE template = 'query33.tpl' AND stream = 4;
Update on time_statistics  (cost=0.00..4.26 rows=0 width=0) (actual time=0.039..0.039 rows=0 loops=1)
  ->  Seq Scan on time_statistics  (cost=0.00..4.26 rows=1 width=14) (actual time=0.024..0.025 rows=1 loops=1)
        Filter: ((template = 'query33.tpl'::text) AND (stream = 4))
        Rows Removed by Filter: 103
UPDATE 1
LOAD 'auto_explain'; SET auto_explain.log_min_duration TO 0; SET auto_explain.log_analyze TO on; SET auto_explain.log_level TO notice; INSERT INTO time_statistics (template, s_time, stream, query, seed) VALUES ('../query_variants/query36a.tpl', TRANSACTION_TIMESTAMP(), 4, 36, 338173280);
LOAD
SET
SET
SET
psql:/tmp/s1-basline/throughput/query_4.sql:1923: NOTICE:  duration: 0.009 ms  plan:
Query Text: INSERT INTO time_statistics (template, s_time, stream, query, seed) VALUES ('../query_variants/query36a.tpl', TRANSACTION_TIMESTAMP(), 4, 36, 338173280);
Insert on time_statistics  (cost=0.00..0.01 rows=0 width=0) (actual time=0.008..0.008 rows=0 loops=1)
  ->  Result  (cost=0.00..0.01 rows=1 width=64) (actual time=0.001..0.002 rows=1 loops=1)
INSERT 0 1
with results as
 (select 
    sum(ss_net_profit) as ss_net_profit, sum(ss_ext_sales_price) as ss_ext_sales_price,
    sum(ss_net_profit)/sum(ss_ext_sales_price) as gross_margin
   ,i_category
   ,i_class
   ,0 as g_category, 0 as g_class
 from
    store_sales
   ,date_dim       d1
   ,item
   ,store
 where
    d1.d_year = 1998 
    and d1.d_date_sk = ss_sold_date_sk
    and i_item_sk  = ss_item_sk 
    and s_store_sk  = ss_store_sk
    and s_state in ('TN','TN','TN','TN',
                 'TN','TN','TN','TN')
 group by i_category,i_class)
 ,
 results_rollup as
 (select gross_margin ,i_category ,i_class,0 as t_category, 0 as t_class, 0 as lochierarchy from results
 union
 select sum(ss_net_profit)/sum(ss_ext_sales_price) as gross_margin,
   i_category, NULL AS i_class, 0 as t_category, 1 as t_class, 1 as lochierarchy from results group by i_category
 union
 select sum(ss_net_profit)/sum(ss_ext_sales_price) as gross_margin,
   NULL AS i_category ,NULL AS i_class, 1 as t_category, 1 as t_class, 2 as lochierarchy from results)
  select 
  gross_margin ,i_category ,i_class, lochierarchy,rank() over (
 	partition by lochierarchy, case when t_class = 0 then i_category end 
 	order by gross_margin asc) as rank_within_parent
 from results_rollup
 order by
   lochierarchy desc
  ,case when lochierarchy = 0 then i_category end
  ,rank_within_parent
  limit 100;
psql:/tmp/s1-basline/throughput/query_4.sql:1962: NOTICE:  duration: 1073.448 ms  plan:
Query Text: with results as
 (select 
    sum(ss_net_profit) as ss_net_profit, sum(ss_ext_sales_price) as ss_ext_sales_price,
    sum(ss_net_profit)/sum(ss_ext_sales_price) as gross_margin
   ,i_category
   ,i_class
   ,0 as g_category, 0 as g_class
 from
    store_sales
   ,date_dim       d1
   ,item
   ,store
 where
    d1.d_year = 1998 
    and d1.d_date_sk = ss_sold_date_sk
    and i_item_sk  = ss_item_sk 
    and s_store_sk  = ss_store_sk
    and s_state in ('TN','TN','TN','TN',
                 'TN','TN','TN','TN')
 group by i_category,i_class)
 ,
 results_rollup as
 (select gross_margin ,i_category ,i_class,0 as t_category, 0 as t_class, 0 as lochierarchy from results
 union
 select sum(ss_net_profit)/sum(ss_ext_sales_price) as gross_margin,
   i_category, NULL AS i_class, 0 as t_category, 1 as t_class, 1 as lochierarchy from results group by i_category
 union
 select sum(ss_net_profit)/sum(ss_ext_sales_price) as gross_margin,
   NULL AS i_category ,NULL AS i_class, 1 as t_category, 1 as t_class, 2 as lochierarchy from results)
  select 
  gross_margin ,i_category ,i_class, lochierarchy,rank() over (
 	partition by lochierarchy, case when t_class = 0 then i_category end 
 	order by gross_margin asc) as rank_within_parent
 from results_rollup
 order by
   lochierarchy desc
  ,case when lochierarchy = 0 then i_category end
  ,rank_within_parent
  limit 100;
Limit  (cost=94224.81..94225.06 rows=100 width=148) (actual time=1073.254..1073.384 rows=100 loops=1)
  CTE results
    ->  Finalize GroupAggregate  (cost=93610.41..93948.88 rows=990 width=134) (actual time=972.116..1072.717 rows=117 loops=1)
          Group Key: item.i_category, item.i_class
          ->  Gather Merge  (cost=93610.41..93916.70 rows=1980 width=118) (actual time=971.460..1072.583 rows=351 loops=1)
                Workers Planned: 2
                Workers Launched: 2
                ->  Partial GroupAggregate  (cost=92610.39..92688.14 rows=990 width=118) (actual time=867.177..952.613 rows=117 loops=3)
                      Group Key: item.i_category, item.i_class
                      ->  Sort  (cost=92610.39..92623.96 rows=5428 width=118) (actual time=866.527..904.473 rows=176210 loops=3)
                            Sort Key: item.i_category, item.i_class
                            Sort Method: external merge  Disk: 23792kB
                            Worker 0:  Sort Method: external merge  Disk: 21664kB
                            Worker 1:  Sort Method: external merge  Disk: 21608kB
                            ->  Nested Loop  (cost=2324.33..92273.68 rows=5428 width=118) (actual time=14.462..666.570 rows=176210 loops=3)
                                  ->  Hash Join  (cost=2324.04..90615.44 rows=5428 width=24) (actual time=14.401..321.881 rows=176210 loops=3)
                                        Hash Cond: (store_sales.ss_store_sk = store.s_store_sk)
                                        ->  Hash Join  (cost=2322.65..90594.07 rows=5693 width=32) (actual time=14.317..292.897 rows=180428 loops=3)
                                              Hash Cond: (store_sales.ss_sold_date_sk = d1.d_date_sk)
                                              ->  Parallel Seq Scan on store_sales  (cost=0.00..85123.48 rows=1199148 width=40) (actual time=0.014..127.798 rows=959309 loops=3)
                                              ->  Hash  (cost=2318.11..2318.11 rows=363 width=8) (actual time=14.286..14.288 rows=365 loops=3)
                                                    Buckets: 1024  Batches: 1  Memory Usage: 23kB
                                                    ->  Seq Scan on date_dim d1  (cost=0.00..2318.11 rows=363 width=8) (actual time=6.899..14.242 rows=365 loops=3)
                                                          Filter: (d_year = 1998)
                                                          Rows Removed by Filter: 72684
                                        ->  Hash  (cost=1.24..1.24 rows=12 width=8) (actual time=0.033..0.034 rows=12 loops=3)
                                              Buckets: 1024  Batches: 1  Memory Usage: 9kB
                                              ->  Seq Scan on store  (cost=0.00..1.24 rows=12 width=8) (actual time=0.024..0.029 rows=12 loops=3)
                                                    Filter: (s_state = ANY ('{TN,TN,TN,TN,TN,TN,TN,TN}'::bpchar[]))
                                  ->  Index Scan using pk_item on item  (cost=0.29..0.31 rows=1 width=110) (actual time=0.002..0.002 rows=1 loops=528629)
                                        Index Cond: (i_item_sk = store_sales.ss_item_sk)
  ->  Sort  (cost=275.93..278.91 rows=1191 width=148) (actual time=1073.254..1073.259 rows=100 loops=1)
        Sort Key: results_rollup.lochierarchy DESC, (CASE WHEN (results_rollup.lochierarchy = 0) THEN results_rollup.i_category ELSE NULL::bpchar END), (rank() OVER (?))
        Sort Method: quicksort  Memory: 56kB
        ->  WindowAgg  (cost=197.66..230.42 rows=1191 width=148) (actual time=1072.961..1073.055 rows=129 loops=1)
              ->  Sort  (cost=197.66..200.64 rows=1191 width=108) (actual time=1072.953..1072.960 rows=129 loops=1)
                    Sort Key: results_rollup.lochierarchy, (CASE WHEN (results_rollup.t_class = 0) THEN results_rollup.i_category ELSE NULL::bpchar END), results_rollup.gross_margin
                    Sort Method: quicksort  Memory: 48kB
                    ->  Subquery Scan on results_rollup  (cost=110.02..136.81 rows=1191 width=108) (actual time=1072.815..1072.852 rows=129 loops=1)
                          ->  HashAggregate  (cost=110.02..121.93 rows=1191 width=84) (actual time=1072.813..1072.839 rows=129 loops=1)
                                Group Key: results.gross_margin, results.i_category, results.i_class, (0), (0), (0)
                                Batches: 1  Memory Usage: 97kB
                                ->  Append  (cost=0.00..92.15 rows=1191 width=84) (actual time=972.119..1072.738 rows=129 loops=1)
                                      ->  CTE Scan on results  (cost=0.00..19.80 rows=990 width=428) (actual time=972.119..1072.657 rows=117 loops=1)
                                      ->  HashAggregate  (cost=27.23..29.73 rows=200 width=256) (actual time=0.046..0.049 rows=11 loops=1)
                                            Group Key: results_1.i_category
                                            Batches: 1  Memory Usage: 40kB
                                            ->  CTE Scan on results results_1  (cost=0.00..19.80 rows=990 width=220) (actual time=0.000..0.008 rows=117 loops=1)
                                      ->  Aggregate  (cost=24.75..24.76 rows=1 width=84) (actual time=0.018..0.019 rows=1 loops=1)
                                            ->  CTE Scan on results results_2  (cost=0.00..19.80 rows=990 width=16) (actual time=0.000..0.008 rows=117 loops=1)
     gross_margin     |                     i_category                     |                      i_class                       | lochierarchy | rank_within_parent 
----------------------+----------------------------------------------------+----------------------------------------------------+--------------+--------------------
 -0.43392114497701384 |                                                    |                                                    |            2 |                  1
 -0.49961830909701793 |                                                    |                                                    |            1 |                  1
 -0.44428453997884315 | Books                                              |                                                    |            1 |                  2
  -0.4429238622265727 | Children                                           |                                                    |            1 |                  3
 -0.44222927662212447 | Men                                                |                                                    |            1 |                  4
  -0.4410126073187445 | Electronics                                        |                                                    |            1 |                  5
 -0.43257397957890426 | Shoes                                              |                                                    |            1 |                  6
   -0.431872852917983 | Women                                              |                                                    |            1 |                  7
  -0.4296108218737971 | Sports                                             |                                                    |            1 |                  8
  -0.4263326040160141 | Home                                               |                                                    |            1 |                  9
 -0.42502131765519635 | Music                                              |                                                    |            1 |                 10
 -0.42287237875979256 | Jewelry                                            |                                                    |            1 |                 11
  -0.4886463342055001 | Books                                              | parenting                                          |            0 |                  1
 -0.47482117330459955 | Books                                              | computers                                          |            0 |                  2
  -0.4649456831723131 | Books                                              | fiction                                            |            0 |                  3
 -0.45248788830977293 | Books                                              | arts                                               |            0 |                  4
 -0.45192645256977004 | Books                                              | reference                                          |            0 |                  5
 -0.45049031227471803 | Books                                              | history                                            |            0 |                  6
  -0.4449167191265559 | Books                                              | romance                                            |            0 |                  7
  -0.4437217127932325 | Books                                              | travel                                             |            0 |                  8
 -0.43962191053725436 | Books                                              | mystery                                            |            0 |                  9
 -0.43882758312017234 | Books                                              | cooking                                            |            0 |                 10
  -0.4380718334206344 | Books                                              | science                                            |            0 |                 11
 -0.43352611458979934 | Books                                              | sports                                             |            0 |                 12
 -0.42687999429946055 | Books                                              | business                                           |            0 |                 13
  -0.4245190704923719 | Books                                              | home repair                                        |            0 |                 14
 -0.42070043639531857 | Books                                              | entertainments                                     |            0 |                 15
  -0.4074421413889773 | Books                                              | self-help                                          |            0 |                 16
  -0.4541046038788671 | Children                                           | infants                                            |            0 |                  1
  -0.4536293707666449 | Children                                           | toddlers                                           |            0 |                  2
  -0.4359665945663264 | Children                                           | newborn                                            |            0 |                  3
 -0.42740880987594015 | Children                                           | school-uniforms                                    |            0 |                  4
  -0.5045221465556841 | Electronics                                        | personal                                           |            0 |                  1
  -0.5019835500197366 | Electronics                                        | audio                                              |            0 |                  2
  -0.4871341699977569 | Electronics                                        | karoke                                             |            0 |                  3
  -0.4676030607033573 | Electronics                                        | disk drives                                        |            0 |                  4
  -0.4534664705236588 | Electronics                                        | monitors                                           |            0 |                  5
   -0.453243925267754 | Electronics                                        | cameras                                            |            0 |                  6
  -0.4424564290292125 | Electronics                                        | dvd/vcr players                                    |            0 |                  7
 -0.44072874297831727 | Electronics                                        | automotive                                         |            0 |                  8
  -0.4303898777219409 | Electronics                                        | televisions                                        |            0 |                  9
  -0.4292745639542092 | Electronics                                        | camcorders                                         |            0 |                 10
  -0.4274666340057952 | Electronics                                        | portable                                           |            0 |                 11
   -0.422108062642167 | Electronics                                        | wireless                                           |            0 |                 12
   -0.415415089139465 | Electronics                                        | memory                                             |            0 |                 13
 -0.40776973038498115 | Electronics                                        | stereo                                             |            0 |                 14
  -0.4074008509416471 | Electronics                                        | musical                                            |            0 |                 15
 -0.38770603136690523 | Electronics                                        | scanners                                           |            0 |                 16
  -0.5299377681364531 | Home                                               |                                                    |            0 |                  1
  -0.4609678686738034 | Home                                               | furniture                                          |            0 |                  2
 -0.45086323923811794 | Home                                               | bathroom                                           |            0 |                  3
  -0.4502312971751923 | Home                                               | bedding                                            |            0 |                  4
  -0.4408287790956473 | Home                                               | flatware                                           |            0 |                  5
 -0.43952054608360835 | Home                                               | curtains/drapes                                    |            0 |                  6
 -0.43946445190580447 | Home                                               | tables                                             |            0 |                  7
  -0.4317707091889356 | Home                                               | rugs                                               |            0 |                  8
 -0.42796212053794097 | Home                                               | wallpaper                                          |            0 |                  9
 -0.42244755351363844 | Home                                               | lighting                                           |            0 |                 10
 -0.42007133804611263 | Home                                               | kids                                               |            0 |                 11
   -0.419519792195438 | Home                                               | mattresses                                         |            0 |                 12
  -0.4169877921912128 | Home                                               | glassware                                          |            0 |                 13
   -0.407414521952257 | Home                                               | paint                                              |            0 |                 14
 -0.40692389304325866 | Home                                               | decor                                              |            0 |                 15
 -0.40449366967183575 | Home                                               | blinds/shades                                      |            0 |                 16
 -0.39464559763545587 | Home                                               | accent                                             |            0 |                 17
   -0.524501784376435 | Jewelry                                            |                                                    |            0 |                  1
 -0.44638395958456123 | Jewelry                                            | estate                                             |            0 |                  2
  -0.4463408023874607 | Jewelry                                            | gold                                               |            0 |                  3
  -0.4370848588090526 | Jewelry                                            | mens watch                                         |            0 |                  4
  -0.4370286644189543 | Jewelry                                            | bracelets                                          |            0 |                  5
 -0.43606094807902074 | Jewelry                                            | consignment                                        |            0 |                  6
  -0.4331407513310634 | Jewelry                                            | pendants                                           |            0 |                  7
  -0.4330876215050931 | Jewelry                                            | semi-precious                                      |            0 |                  8
 -0.42824897513643345 | Jewelry                                            | birdal                                             |            0 |                  9
 -0.42609340472878127 | Jewelry                                            | loose stones                                       |            0 |                 10
 -0.41731779169499095 | Jewelry                                            | custom                                             |            0 |                 11
 -0.41384188826429746 | Jewelry                                            | earings                                            |            0 |                 12
  -0.4132069481579998 | Jewelry                                            | womens watch                                       |            0 |                 13
 -0.40969861454826473 | Jewelry                                            | costume                                            |            0 |                 14
   -0.405211661683365 | Jewelry                                            | diamonds                                           |            0 |                 15
 -0.39683534533884673 | Jewelry                                            | jewelry boxes                                      |            0 |                 16
 -0.38434381265916384 | Jewelry                                            | rings                                              |            0 |                 17
  -0.5282993105831059 | Men                                                |                                                    |            0 |                  1
 -0.45965115647309884 | Men                                                | sports-apparel                                     |            0 |                  2
 -0.43962283985352335 | Men                                                | accessories                                        |            0 |                  3
 -0.43945171925344856 | Men                                                | pants                                              |            0 |                  4
  -0.4313778111440472 | Men                                                | shirts                                             |            0 |                  5
  -0.6449423127075935 | Music                                              |                                                    |            0 |                  1
 -0.44767633644610255 | Music                                              | classical                                          |            0 |                  2
  -0.4260843575975871 | Music                                              | country                                            |            0 |                  3
  -0.4218625778081765 | Music                                              | pop                                                |            0 |                  4
  -0.4062624583853134 | Music                                              | rock                                               |            0 |                  5
  -0.4450728998970616 | Shoes                                              | kids                                               |            0 |                  1
 -0.43918056237270137 | Shoes                                              | athletic                                           |            0 |                  2
  -0.4302608096794046 | Shoes                                              | mens                                               |            0 |                  3
  -0.4151019537915057 | Shoes                                              | womens                                             |            0 |                  4
   -0.367375081462642 | Shoes                                              |                                                    |            0 |                  5
   -0.616051370642915 | Sports                                             |                                                    |            0 |                  1
  -0.4662777726506343 | Sports                                             | guns                                               |            0 |                  2
  -0.4565723196705853 | Sports                                             | archery                                            |            0 |                  3
(100 rows)

UPDATE time_statistics SET e_time = TRANSACTION_TIMESTAMP() WHERE template = '../query_variants/query36a.tpl' AND stream = 4;
psql:/tmp/s1-basline/throughput/query_4.sql:1964: NOTICE:  duration: 0.044 ms  plan:
Query Text: UPDATE time_statistics SET e_time = TRANSACTION_TIMESTAMP() WHERE template = '../query_variants/query36a.tpl' AND stream = 4;
Update on time_statistics  (cost=0.00..4.26 rows=0 width=0) (actual time=0.043..0.043 rows=0 loops=1)
  ->  Seq Scan on time_statistics  (cost=0.00..4.26 rows=1 width=14) (actual time=0.028..0.028 rows=1 loops=1)
        Filter: ((template = '../query_variants/query36a.tpl'::text) AND (stream = 4))
        Rows Removed by Filter: 104
UPDATE 1
LOAD 'auto_explain'; SET auto_explain.log_min_duration TO 0; SET auto_explain.log_analyze TO on; SET auto_explain.log_level TO notice; INSERT INTO time_statistics (template, s_time, stream, query, seed) VALUES ('query61.tpl', TRANSACTION_TIMESTAMP(), 4, 37, 1041498547);
LOAD
SET
SET
SET
psql:/tmp/s1-basline/throughput/query_4.sql:1965: NOTICE:  duration: 0.008 ms  plan:
Query Text: INSERT INTO time_statistics (template, s_time, stream, query, seed) VALUES ('query61.tpl', TRANSACTION_TIMESTAMP(), 4, 37, 1041498547);
Insert on time_statistics  (cost=0.00..0.01 rows=0 width=0) (actual time=0.008..0.008 rows=0 loops=1)
  ->  Result  (cost=0.00..0.01 rows=1 width=64) (actual time=0.001..0.002 rows=1 loops=1)
INSERT 0 1
select  promotions,total,cast(promotions as decimal(15,4))/cast(total as decimal(15,4))*100
from
  (select sum(ss_ext_sales_price) promotions
   from  store_sales
        ,store
        ,promotion
        ,date_dim
        ,customer
        ,customer_address 
        ,item
   where ss_sold_date_sk = d_date_sk
   and   ss_store_sk = s_store_sk
   and   ss_promo_sk = p_promo_sk
   and   ss_customer_sk= c_customer_sk
   and   ca_address_sk = c_current_addr_sk
   and   ss_item_sk = i_item_sk 
   and   ca_gmt_offset = -7
   and   i_category = 'Jewelry'
   and   (p_channel_dmail = 'Y' or p_channel_email = 'Y' or p_channel_tv = 'Y')
   and   s_gmt_offset = -7
   and   d_year = 2000
   and   d_moy  = 11) promotional_sales,
  (select sum(ss_ext_sales_price) total
   from  store_sales
        ,store
        ,date_dim
        ,customer
        ,customer_address
        ,item
   where ss_sold_date_sk = d_date_sk
   and   ss_store_sk = s_store_sk
   and   ss_customer_sk= c_customer_sk
   and   ca_address_sk = c_current_addr_sk
   and   ss_item_sk = i_item_sk
   and   ca_gmt_offset = -7
   and   i_category = 'Jewelry'
   and   s_gmt_offset = -7
   and   d_year = 2000
   and   d_moy  = 11) all_sales
order by promotions, total
limit 100;
psql:/tmp/s1-basline/throughput/query_4.sql:2006: NOTICE:  duration: 0.022 ms  plan:
Query Text: select  promotions,total,cast(promotions as decimal(15,4))/cast(total as decimal(15,4))*100
from
  (select sum(ss_ext_sales_price) promotions
   from  store_sales
        ,store
        ,promotion
        ,date_dim
        ,customer
        ,customer_address 
        ,item
   where ss_sold_date_sk = d_date_sk
   and   ss_store_sk = s_store_sk
   and   ss_promo_sk = p_promo_sk
   and   ss_customer_sk= c_customer_sk
   and   ca_address_sk = c_current_addr_sk
   and   ss_item_sk = i_item_sk 
   and   ca_gmt_offset = -7
   and   i_category = 'Jewelry'
   and   (p_channel_dmail = 'Y' or p_channel_email = 'Y' or p_channel_tv = 'Y')
   and   s_gmt_offset = -7
   and   d_year = 2000
   and   d_moy  = 11) promotional_sales,
  (select sum(ss_ext_sales_price) total
   from  store_sales
        ,store
        ,date_dim
        ,customer
        ,customer_address
        ,item
   where ss_sold_date_sk = d_date_sk
   and   ss_store_sk = s_store_sk
   and   ss_customer_sk= c_customer_sk
   and   ca_address_sk = c_current_addr_sk
   and   ss_item_sk = i_item_sk
   and   ca_gmt_offset = -7
   and   i_category = 'Jewelry'
   and   s_gmt_offset = -7
   and   d_year = 2000
   and   d_moy  = 11) all_sales
order by promotions, total
limit 100;
Limit  (cost=81735.23..81735.24 rows=1 width=48) (actual time=0.018..0.020 rows=1 loops=1)
  ->  Sort  (cost=81735.23..81735.24 rows=1 width=48) (actual time=0.018..0.019 rows=1 loops=1)
        Sort Key: (sum(store_sales.ss_ext_sales_price)), (sum(store_sales_1.ss_ext_sales_price))
        Sort Method: quicksort  Memory: 25kB
        ->  Nested Loop  (cost=81735.16..81735.22 rows=1 width=48) (actual time=0.013..0.015 rows=1 loops=1)
              ->  Aggregate  (cost=40875.05..40875.06 rows=1 width=8) (actual time=0.008..0.009 rows=1 loops=1)
                    ->  Nested Loop  (cost=1.30..40875.04 rows=1 width=8) (actual time=0.007..0.008 rows=0 loops=1)
                          Join Filter: (store_sales.ss_promo_sk = promotion.p_promo_sk)
                          ->  Nested Loop  (cost=1.30..40860.11 rows=1 width=16) (actual time=0.007..0.008 rows=0 loops=1)
                                ->  Nested Loop  (cost=1.01..40857.51 rows=8 width=24) (actual time=0.007..0.007 rows=0 loops=1)
                                      ->  Nested Loop  (cost=0.72..40854.71 rows=9 width=24) (actual time=0.007..0.007 rows=0 loops=1)
                                            ->  Nested Loop  (cost=0.43..40827.92 rows=87 width=32) (actual time=0.007..0.007 rows=0 loops=1)
                                                  Join Filter: (store_sales.ss_store_sk = store.s_store_sk)
                                                  ->  Seq Scan on store  (cost=0.00..1.15 rows=1 width=8) (actual time=0.006..0.007 rows=0 loops=1)
                                                        Filter: (s_gmt_offset = '-7'::double precision)
                                                        Rows Removed by Filter: 12
                                                  ->  Nested Loop  (cost=0.43..40813.12 rows=1092 width=40) (never executed)
                                                        ->  Seq Scan on date_dim  (cost=0.00..2500.73 rows=29 width=8) (never executed)
                                                              Filter: ((d_year = 2000) AND (d_moy = 11))
                                                        ->  Index Scan using i_ss_sold_date_sk on store_sales  (cost=0.43..1306.04 rows=1508 width=48) (never executed)
                                                              Index Cond: (ss_sold_date_sk = date_dim.d_date_sk)
                                            ->  Index Scan using pk_item on item  (cost=0.29..0.31 rows=1 width=8) (never executed)
                                                  Index Cond: (i_item_sk = store_sales.ss_item_sk)
                                                  Filter: (i_category = 'Jewelry'::bpchar)
                                      ->  Index Scan using pk_customer on customer  (cost=0.29..0.31 rows=1 width=16) (never executed)
                                            Index Cond: (c_customer_sk = store_sales.ss_customer_sk)
                                ->  Index Scan using pk_customer_address on customer_address  (cost=0.29..0.32 rows=1 width=8) (never executed)
                                      Index Cond: (ca_address_sk = customer.c_current_addr_sk)
                                      Filter: (ca_gmt_offset = '-7'::double precision)
                          ->  Seq Scan on promotion  (cost=0.00..13.25 rows=135 width=8) (never executed)
                                Filter: ((p_channel_dmail = 'Y'::bpchar) OR (p_channel_email = 'Y'::bpchar) OR (p_channel_tv = 'Y'::bpchar))
              ->  Aggregate  (cost=40860.11..40860.12 rows=1 width=8) (actual time=0.004..0.004 rows=1 loops=1)
                    ->  Nested Loop  (cost=1.30..40860.11 rows=1 width=8) (actual time=0.003..0.004 rows=0 loops=1)
                          ->  Nested Loop  (cost=1.01..40857.51 rows=8 width=16) (actual time=0.003..0.004 rows=0 loops=1)
                                ->  Nested Loop  (cost=0.72..40854.71 rows=9 width=16) (actual time=0.003..0.003 rows=0 loops=1)
                                      ->  Nested Loop  (cost=0.43..40827.92 rows=87 width=24) (actual time=0.003..0.003 rows=0 loops=1)
                                            Join Filter: (store_sales_1.ss_store_sk = store_1.s_store_sk)
                                            ->  Seq Scan on store store_1  (cost=0.00..1.15 rows=1 width=8) (actual time=0.003..0.003 rows=0 loops=1)
                                                  Filter: (s_gmt_offset = '-7'::double precision)
                                                  Rows Removed by Filter: 12
                                            ->  Nested Loop  (cost=0.43..40813.12 rows=1092 width=32) (never executed)
                                                  ->  Seq Scan on date_dim date_dim_1  (cost=0.00..2500.73 rows=29 width=8) (never executed)
                                                        Filter: ((d_year = 2000) AND (d_moy = 11))
                                                  ->  Index Scan using i_ss_sold_date_sk on store_sales store_sales_1  (cost=0.43..1306.04 rows=1508 width=40) (never executed)
                                                        Index Cond: (ss_sold_date_sk = date_dim_1.d_date_sk)
                                      ->  Index Scan using pk_item on item item_1  (cost=0.29..0.31 rows=1 width=8) (never executed)
                                            Index Cond: (i_item_sk = store_sales_1.ss_item_sk)
                                            Filter: (i_category = 'Jewelry'::bpchar)
                                ->  Index Scan using pk_customer on customer customer_1  (cost=0.29..0.31 rows=1 width=16) (never executed)
                                      Index Cond: (c_customer_sk = store_sales_1.ss_customer_sk)
                          ->  Index Scan using pk_customer_address on customer_address customer_address_1  (cost=0.29..0.32 rows=1 width=8) (never executed)
                                Index Cond: (ca_address_sk = customer_1.c_current_addr_sk)
                                Filter: (ca_gmt_offset = '-7'::double precision)
 promotions | total | ?column? 
------------+-------+----------
            |       |         
(1 row)

UPDATE time_statistics SET e_time = TRANSACTION_TIMESTAMP() WHERE template = 'query61.tpl' AND stream = 4;
psql:/tmp/s1-basline/throughput/query_4.sql:2008: NOTICE:  duration: 0.025 ms  plan:
Query Text: UPDATE time_statistics SET e_time = TRANSACTION_TIMESTAMP() WHERE template = 'query61.tpl' AND stream = 4;
Update on time_statistics  (cost=0.00..4.26 rows=0 width=0) (actual time=0.025..0.025 rows=0 loops=1)
  ->  Seq Scan on time_statistics  (cost=0.00..4.26 rows=1 width=14) (actual time=0.017..0.018 rows=1 loops=1)
        Filter: ((template = 'query61.tpl'::text) AND (stream = 4))
        Rows Removed by Filter: 105
UPDATE 1
LOAD 'auto_explain'; SET auto_explain.log_min_duration TO 0; SET auto_explain.log_analyze TO on; SET auto_explain.log_level TO notice; INSERT INTO time_statistics (template, s_time, stream, query, seed) VALUES ('query35.tpl', TRANSACTION_TIMESTAMP(), 4, 38, 2103741011);
LOAD
SET
SET
SET
psql:/tmp/s1-basline/throughput/query_4.sql:2009: NOTICE:  duration: 0.007 ms  plan:
Query Text: INSERT INTO time_statistics (template, s_time, stream, query, seed) VALUES ('query35.tpl', TRANSACTION_TIMESTAMP(), 4, 38, 2103741011);
Insert on time_statistics  (cost=0.00..0.01 rows=0 width=0) (actual time=0.007..0.007 rows=0 loops=1)
  ->  Result  (cost=0.00..0.01 rows=1 width=64) (actual time=0.001..0.001 rows=1 loops=1)
INSERT 0 1
select   
  ca_state,
  cd_gender,
  cd_marital_status,
  cd_dep_count,
  count(*) cnt1,
  min(cd_dep_count),
  avg(cd_dep_count),
  max(cd_dep_count),
  cd_dep_employed_count,
  count(*) cnt2,
  min(cd_dep_employed_count),
  avg(cd_dep_employed_count),
  max(cd_dep_employed_count),
  cd_dep_college_count,
  count(*) cnt3,
  min(cd_dep_college_count),
  avg(cd_dep_college_count),
  max(cd_dep_college_count)
 from
  customer c,customer_address ca,customer_demographics
 where
  c.c_current_addr_sk = ca.ca_address_sk and
  cd_demo_sk = c.c_current_cdemo_sk and 
  exists (select *
          from store_sales,date_dim
          where c.c_customer_sk = ss_customer_sk and
                ss_sold_date_sk = d_date_sk and
                d_year = 2002 and
                d_qoy < 4) and
   (exists (select *
            from web_sales,date_dim
            where c.c_customer_sk = ws_bill_customer_sk and
                  ws_sold_date_sk = d_date_sk and
                  d_year = 2002 and
                  d_qoy < 4) or 
    exists (select * 
            from catalog_sales,date_dim
            where c.c_customer_sk = cs_ship_customer_sk and
                  cs_sold_date_sk = d_date_sk and
                  d_year = 2002 and
                  d_qoy < 4))
 group by ca_state,
          cd_gender,
          cd_marital_status,
          cd_dep_count,
          cd_dep_employed_count,
          cd_dep_college_count
 order by ca_state,
          cd_gender,
          cd_marital_status,
          cd_dep_count,
          cd_dep_employed_count,
          cd_dep_college_count
 limit 100;
psql:/tmp/s1-basline/throughput/query_4.sql:2064: NOTICE:  duration: 546.519 ms  plan:
Query Text: select   
  ca_state,
  cd_gender,
  cd_marital_status,
  cd_dep_count,
  count(*) cnt1,
  min(cd_dep_count),
  avg(cd_dep_count),
  max(cd_dep_count),
  cd_dep_employed_count,
  count(*) cnt2,
  min(cd_dep_employed_count),
  avg(cd_dep_employed_count),
  max(cd_dep_employed_count),
  cd_dep_college_count,
  count(*) cnt3,
  min(cd_dep_college_count),
  avg(cd_dep_college_count),
  max(cd_dep_college_count)
 from
  customer c,customer_address ca,customer_demographics
 where
  c.c_current_addr_sk = ca.ca_address_sk and
  cd_demo_sk = c.c_current_cdemo_sk and 
  exists (select *
          from store_sales,date_dim
          where c.c_customer_sk = ss_customer_sk and
                ss_sold_date_sk = d_date_sk and
                d_year = 2002 and
                d_qoy < 4) and
   (exists (select *
            from web_sales,date_dim
            where c.c_customer_sk = ws_bill_customer_sk and
                  ws_sold_date_sk = d_date_sk and
                  d_year = 2002 and
                  d_qoy < 4) or 
    exists (select * 
            from catalog_sales,date_dim
            where c.c_customer_sk = cs_ship_customer_sk and
                  cs_sold_date_sk = d_date_sk and
                  d_year = 2002 and
                  d_qoy < 4))
 group by ca_state,
          cd_gender,
          cd_marital_status,
          cd_dep_count,
          cd_dep_employed_count,
          cd_dep_college_count
 order by ca_state,
          cd_gender,
          cd_marital_status,
          cd_dep_count,
          cd_dep_employed_count,
          cd_dep_college_count
 limit 100;
Limit  (cost=471837338.89..471837344.89 rows=100 width=163) (actual time=546.029..546.394 rows=100 loops=1)
  ->  GroupAggregate  (cost=471837338.89..471837765.01 rows=7102 width=163) (actual time=546.028..546.387 rows=100 loops=1)
        Group Key: ca.ca_state, customer_demographics.cd_gender, customer_demographics.cd_marital_status, customer_demographics.cd_dep_count, customer_demographics.cd_dep_employed_count, customer_demographics.cd_dep_college_count
        ->  Sort  (cost=471837338.89..471837356.64 rows=7102 width=19) (actual time=546.015..546.243 rows=102 loops=1)
              Sort Key: ca.ca_state, customer_demographics.cd_gender, customer_demographics.cd_marital_status, customer_demographics.cd_dep_count, customer_demographics.cd_dep_employed_count, customer_demographics.cd_dep_college_count
              Sort Method: quicksort  Memory: 502kB
              ->  Nested Loop  (cost=92829.77..471836884.57 rows=7102 width=19) (actual time=457.404..537.044 rows=4964 loops=1)
                    ->  Nested Loop  (cost=92829.48..471834568.00 rows=7102 width=24) (actual time=457.393..526.916 rows=4964 loops=1)
                          ->  Nested Loop  (cost=92829.05..471828426.92 rows=7356 width=16) (actual time=457.380..508.813 rows=5150 loops=1)
                                ->  HashAggregate  (cost=92828.76..92931.51 rows=10275 width=8) (actual time=281.469..285.840 rows=23412 loops=1)
                                      Group Key: store_sales.ss_customer_sk
                                      Batches: 1  Memory Usage: 2833kB
                                      ->  Gather  (cost=3504.15..92803.07 rows=10275 width=8) (actual time=10.961..241.912 rows=305755 loops=1)
                                            Workers Planned: 2
                                            Workers Launched: 2
                                            ->  Hash Join  (cost=2504.15..90775.57 rows=4281 width=8) (actual time=14.917..248.707 rows=101918 loops=3)
                                                  Hash Cond: (store_sales.ss_sold_date_sk = date_dim.d_date_sk)
                                                  ->  Parallel Seq Scan on store_sales  (cost=0.00..85123.48 rows=1199148 width=16) (actual time=0.014..125.337 rows=959309 loops=3)
                                                  ->  Hash  (cost=2500.73..2500.73 rows=273 width=8) (actual time=14.782..14.783 rows=274 loops=3)
                                                        Buckets: 1024  Batches: 1  Memory Usage: 19kB
                                                        ->  Seq Scan on date_dim  (cost=0.00..2500.73 rows=273 width=8) (actual time=7.233..14.749 rows=274 loops=3)
                                                              Filter: ((d_qoy < 4) AND (d_year = 2002))
                                                              Rows Removed by Filter: 72775
                                ->  Index Scan using pk_customer on customer c  (cost=0.29..49604.58 rows=1 width=24) (actual time=0.009..0.009 rows=0 loops=23412)
                                      Index Cond: (c_customer_sk = store_sales.ss_customer_sk)
                                      Filter: ((hashed SubPlan 2) OR (hashed SubPlan 4))
                                      Rows Removed by Filter: 1
                                      SubPlan 2
                                        ->  Gather  (cost=3504.15..34204.73 rows=2688 width=8) (actual time=10.522..89.300 rows=80405 loops=1)
                                              Workers Planned: 2
                                              Workers Launched: 2
                                              ->  Hash Join  (cost=2504.15..32935.93 rows=1120 width=8) (actual time=15.127..87.761 rows=26802 loops=3)
                                                    Hash Cond: (web_sales.ws_sold_date_sk = date_dim_1.d_date_sk)
                                                    ->  Parallel Seq Scan on web_sales  (cost=0.00..29644.81 rows=299781 width=16) (actual time=0.017..43.729 rows=239825 loops=3)
                                                    ->  Hash  (cost=2500.73..2500.73 rows=273 width=8) (actual time=14.978..14.979 rows=274 loops=3)
                                                          Buckets: 1024  Batches: 1  Memory Usage: 19kB
                                                          ->  Seq Scan on date_dim date_dim_1  (cost=0.00..2500.73 rows=273 width=8) (actual time=7.393..14.945 rows=274 loops=3)
                                                                Filter: ((d_qoy < 4) AND (d_year = 2002))
                                                                Rows Removed by Filter: 72775
                                      SubPlan 4
                                        ->  Nested Loop  (cost=0.43..16867.24 rows=5347 width=8) (actual time=4.691..57.172 rows=160133 loops=1)
                                              ->  Seq Scan on date_dim date_dim_2  (cost=0.00..2500.73 rows=273 width=8) (actual time=4.672..9.966 rows=274 loops=1)
                                                    Filter: ((d_qoy < 4) AND (d_year = 2002))
                                                    Rows Removed by Filter: 72775
                                              ->  Index Scan using i_cs_sold_date_sk on catalog_sales  (cost=0.43..44.80 rows=782 width=16) (actual time=0.003..0.098 rows=584 loops=274)
                                                    Index Cond: (cs_sold_date_sk = date_dim_2.d_date_sk)
                          ->  Index Scan using pk_customer_demographics on customer_demographics  (cost=0.43..0.83 rows=1 width=24) (actual time=0.003..0.003 rows=1 loops=5150)
                                Index Cond: (cd_demo_sk = c.c_current_cdemo_sk)
                    ->  Index Scan using pk_customer_address on customer_address ca  (cost=0.29..0.33 rows=1 width=11) (actual time=0.002..0.002 rows=1 loops=4964)
                          Index Cond: (ca_address_sk = c.c_current_addr_sk)
 ca_state | cd_gender | cd_marital_status | cd_dep_count | cnt1 | min |          avg           | max | cd_dep_employed_count | cnt2 | min |          avg           | max | cd_dep_college_count | cnt3 | min |          avg           | max 
----------+-----------+-------------------+--------------+------+-----+------------------------+-----+-----------------------+------+-----+------------------------+-----+----------------------+------+-----+------------------------+-----
 AK       | F         | D                 |            0 |    1 |   0 | 0.00000000000000000000 |   0 |                     2 |    1 |   2 |     2.0000000000000000 |   2 |                    5 |    1 |   5 |     5.0000000000000000 |   5
 AK       | F         | D                 |            2 |    1 |   2 |     2.0000000000000000 |   2 |                     4 |    1 |   4 |     4.0000000000000000 |   4 |                    1 |    1 |   1 | 1.00000000000000000000 |   1
 AK       | F         | D                 |            3 |    1 |   3 |     3.0000000000000000 |   3 |                     3 |    1 |   3 |     3.0000000000000000 |   3 |                    2 |    1 |   2 |     2.0000000000000000 |   2
 AK       | F         | D                 |            5 |    1 |   5 |     5.0000000000000000 |   5 |                     5 |    1 |   5 |     5.0000000000000000 |   5 |                    0 |    1 |   0 | 0.00000000000000000000 |   0
 AK       | F         | D                 |            6 |    1 |   6 |     6.0000000000000000 |   6 |                     1 |    1 |   1 | 1.00000000000000000000 |   1 |                    3 |    1 |   3 |     3.0000000000000000 |   3
 AK       | F         | M                 |            0 |    1 |   0 | 0.00000000000000000000 |   0 |                     3 |    1 |   3 |     3.0000000000000000 |   3 |                    0 |    1 |   0 | 0.00000000000000000000 |   0
 AK       | F         | M                 |            3 |    1 |   3 |     3.0000000000000000 |   3 |                     2 |    1 |   2 |     2.0000000000000000 |   2 |                    2 |    1 |   2 |     2.0000000000000000 |   2
 AK       | F         | M                 |            3 |    1 |   3 |     3.0000000000000000 |   3 |                     4 |    1 |   4 |     4.0000000000000000 |   4 |                    5 |    1 |   5 |     5.0000000000000000 |   5
 AK       | F         | M                 |            5 |    1 |   5 |     5.0000000000000000 |   5 |                     2 |    1 |   2 |     2.0000000000000000 |   2 |                    0 |    1 |   0 | 0.00000000000000000000 |   0
 AK       | F         | S                 |            1 |    1 |   1 | 1.00000000000000000000 |   1 |                     1 |    1 |   1 | 1.00000000000000000000 |   1 |                    2 |    1 |   2 |     2.0000000000000000 |   2
 AK       | F         | S                 |            2 |    1 |   2 |     2.0000000000000000 |   2 |                     4 |    1 |   4 |     4.0000000000000000 |   4 |                    4 |    1 |   4 |     4.0000000000000000 |   4
 AK       | F         | S                 |            3 |    1 |   3 |     3.0000000000000000 |   3 |                     2 |    1 |   2 |     2.0000000000000000 |   2 |                    0 |    1 |   0 | 0.00000000000000000000 |   0
 AK       | F         | S                 |            3 |    1 |   3 |     3.0000000000000000 |   3 |                     5 |    1 |   5 |     5.0000000000000000 |   5 |                    2 |    1 |   2 |     2.0000000000000000 |   2
 AK       | F         | U                 |            0 |    1 |   0 | 0.00000000000000000000 |   0 |                     0 |    1 |   0 | 0.00000000000000000000 |   0 |                    2 |    1 |   2 |     2.0000000000000000 |   2
 AK       | F         | U                 |            2 |    2 |   2 |     2.0000000000000000 |   2 |                     5 |    2 |   5 |     5.0000000000000000 |   5 |                    5 |    2 |   5 |     5.0000000000000000 |   5
 AK       | F         | U                 |            2 |    1 |   2 |     2.0000000000000000 |   2 |                     6 |    1 |   6 |     6.0000000000000000 |   6 |                    1 |    1 |   1 | 1.00000000000000000000 |   1
 AK       | F         | U                 |            3 |    1 |   3 |     3.0000000000000000 |   3 |                     5 |    1 |   5 |     5.0000000000000000 |   5 |                    2 |    1 |   2 |     2.0000000000000000 |   2
 AK       | F         | U                 |            6 |    1 |   6 |     6.0000000000000000 |   6 |                     6 |    1 |   6 |     6.0000000000000000 |   6 |                    2 |    1 |   2 |     2.0000000000000000 |   2
 AK       | F         | W                 |            0 |    1 |   0 | 0.00000000000000000000 |   0 |                     2 |    1 |   2 |     2.0000000000000000 |   2 |                    1 |    1 |   1 | 1.00000000000000000000 |   1
 AK       | F         | W                 |            1 |    1 |   1 | 1.00000000000000000000 |   1 |                     1 |    1 |   1 | 1.00000000000000000000 |   1 |                    4 |    1 |   4 |     4.0000000000000000 |   4
 AK       | F         | W                 |            2 |    1 |   2 |     2.0000000000000000 |   2 |                     5 |    1 |   5 |     5.0000000000000000 |   5 |                    3 |    1 |   3 |     3.0000000000000000 |   3
 AK       | F         | W                 |            5 |    1 |   5 |     5.0000000000000000 |   5 |                     0 |    1 |   0 | 0.00000000000000000000 |   0 |                    3 |    1 |   3 |     3.0000000000000000 |   3
 AK       | M         | D                 |            3 |    1 |   3 |     3.0000000000000000 |   3 |                     5 |    1 |   5 |     5.0000000000000000 |   5 |                    6 |    1 |   6 |     6.0000000000000000 |   6
 AK       | M         | D                 |            4 |    1 |   4 |     4.0000000000000000 |   4 |                     3 |    1 |   3 |     3.0000000000000000 |   3 |                    4 |    1 |   4 |     4.0000000000000000 |   4
 AK       | M         | D                 |            5 |    1 |   5 |     5.0000000000000000 |   5 |                     4 |    1 |   4 |     4.0000000000000000 |   4 |                    4 |    1 |   4 |     4.0000000000000000 |   4
 AK       | M         | D                 |            6 |    1 |   6 |     6.0000000000000000 |   6 |                     3 |    1 |   3 |     3.0000000000000000 |   3 |                    5 |    1 |   5 |     5.0000000000000000 |   5
 AK       | M         | D                 |            6 |    1 |   6 |     6.0000000000000000 |   6 |                     4 |    1 |   4 |     4.0000000000000000 |   4 |                    1 |    1 |   1 | 1.00000000000000000000 |   1
 AK       | M         | D                 |            6 |    1 |   6 |     6.0000000000000000 |   6 |                     5 |    1 |   5 |     5.0000000000000000 |   5 |                    2 |    1 |   2 |     2.0000000000000000 |   2
 AK       | M         | M                 |            1 |    1 |   1 | 1.00000000000000000000 |   1 |                     1 |    1 |   1 | 1.00000000000000000000 |   1 |                    4 |    1 |   4 |     4.0000000000000000 |   4
 AK       | M         | M                 |            3 |    1 |   3 |     3.0000000000000000 |   3 |                     4 |    1 |   4 |     4.0000000000000000 |   4 |                    0 |    1 |   0 | 0.00000000000000000000 |   0
 AK       | M         | M                 |            5 |    1 |   5 |     5.0000000000000000 |   5 |                     5 |    1 |   5 |     5.0000000000000000 |   5 |                    6 |    1 |   6 |     6.0000000000000000 |   6
 AK       | M         | M                 |            6 |    1 |   6 |     6.0000000000000000 |   6 |                     4 |    1 |   4 |     4.0000000000000000 |   4 |                    3 |    1 |   3 |     3.0000000000000000 |   3
 AK       | M         | S                 |            0 |    1 |   0 | 0.00000000000000000000 |   0 |                     3 |    1 |   3 |     3.0000000000000000 |   3 |                    2 |    1 |   2 |     2.0000000000000000 |   2
 AK       | M         | S                 |            3 |    1 |   3 |     3.0000000000000000 |   3 |                     5 |    1 |   5 |     5.0000000000000000 |   5 |                    3 |    1 |   3 |     3.0000000000000000 |   3
 AK       | M         | S                 |            5 |    1 |   5 |     5.0000000000000000 |   5 |                     3 |    1 |   3 |     3.0000000000000000 |   3 |                    1 |    1 |   1 | 1.00000000000000000000 |   1
 AK       | M         | S                 |            6 |    1 |   6 |     6.0000000000000000 |   6 |                     0 |    1 |   0 | 0.00000000000000000000 |   0 |                    2 |    1 |   2 |     2.0000000000000000 |   2
 AK       | M         | U                 |            4 |    1 |   4 |     4.0000000000000000 |   4 |                     5 |    1 |   5 |     5.0000000000000000 |   5 |                    3 |    1 |   3 |     3.0000000000000000 |   3
 AK       | M         | W                 |            1 |    1 |   1 | 1.00000000000000000000 |   1 |                     0 |    1 |   0 | 0.00000000000000000000 |   0 |                    3 |    1 |   3 |     3.0000000000000000 |   3
 AK       | M         | W                 |            5 |    1 |   5 |     5.0000000000000000 |   5 |                     0 |    1 |   0 | 0.00000000000000000000 |   0 |                    4 |    1 |   4 |     4.0000000000000000 |   4
 AL       | F         | D                 |            0 |    1 |   0 | 0.00000000000000000000 |   0 |                     1 |    1 |   1 | 1.00000000000000000000 |   1 |                    0 |    1 |   0 | 0.00000000000000000000 |   0
 AL       | F         | D                 |            0 |    1 |   0 | 0.00000000000000000000 |   0 |                     4 |    1 |   4 |     4.0000000000000000 |   4 |                    2 |    1 |   2 |     2.0000000000000000 |   2
 AL       | F         | D                 |            0 |    1 |   0 | 0.00000000000000000000 |   0 |                     6 |    1 |   6 |     6.0000000000000000 |   6 |                    4 |    1 |   4 |     4.0000000000000000 |   4
 AL       | F         | D                 |            0 |    1 |   0 | 0.00000000000000000000 |   0 |                     6 |    1 |   6 |     6.0000000000000000 |   6 |                    5 |    1 |   5 |     5.0000000000000000 |   5
 AL       | F         | D                 |            1 |    1 |   1 | 1.00000000000000000000 |   1 |                     0 |    1 |   0 | 0.00000000000000000000 |   0 |                    1 |    1 |   1 | 1.00000000000000000000 |   1
 AL       | F         | D                 |            1 |    1 |   1 | 1.00000000000000000000 |   1 |                     1 |    1 |   1 | 1.00000000000000000000 |   1 |                    3 |    1 |   3 |     3.0000000000000000 |   3
 AL       | F         | D                 |            1 |    1 |   1 | 1.00000000000000000000 |   1 |                     5 |    1 |   5 |     5.0000000000000000 |   5 |                    3 |    1 |   3 |     3.0000000000000000 |   3
 AL       | F         | D                 |            1 |    1 |   1 | 1.00000000000000000000 |   1 |                     6 |    1 |   6 |     6.0000000000000000 |   6 |                    6 |    1 |   6 |     6.0000000000000000 |   6
 AL       | F         | D                 |            2 |    1 |   2 |     2.0000000000000000 |   2 |                     3 |    1 |   3 |     3.0000000000000000 |   3 |                    1 |    1 |   1 | 1.00000000000000000000 |   1
 AL       | F         | D                 |            3 |    1 |   3 |     3.0000000000000000 |   3 |                     0 |    1 |   0 | 0.00000000000000000000 |   0 |                    1 |    1 |   1 | 1.00000000000000000000 |   1
 AL       | F         | D                 |            3 |    1 |   3 |     3.0000000000000000 |   3 |                     5 |    1 |   5 |     5.0000000000000000 |   5 |                    0 |    1 |   0 | 0.00000000000000000000 |   0
 AL       | F         | D                 |            5 |    1 |   5 |     5.0000000000000000 |   5 |                     0 |    1 |   0 | 0.00000000000000000000 |   0 |                    4 |    1 |   4 |     4.0000000000000000 |   4
 AL       | F         | D                 |            5 |    1 |   5 |     5.0000000000000000 |   5 |                     2 |    1 |   2 |     2.0000000000000000 |   2 |                    1 |    1 |   1 | 1.00000000000000000000 |   1
 AL       | F         | D                 |            5 |    1 |   5 |     5.0000000000000000 |   5 |                     5 |    1 |   5 |     5.0000000000000000 |   5 |                    4 |    1 |   4 |     4.0000000000000000 |   4
 AL       | F         | M                 |            0 |    1 |   0 | 0.00000000000000000000 |   0 |                     2 |    1 |   2 |     2.0000000000000000 |   2 |                    3 |    1 |   3 |     3.0000000000000000 |   3
 AL       | F         | M                 |            0 |    1 |   0 | 0.00000000000000000000 |   0 |                     5 |    1 |   5 |     5.0000000000000000 |   5 |                    4 |    1 |   4 |     4.0000000000000000 |   4
 AL       | F         | M                 |            1 |    1 |   1 | 1.00000000000000000000 |   1 |                     4 |    1 |   4 |     4.0000000000000000 |   4 |                    6 |    1 |   6 |     6.0000000000000000 |   6
 AL       | F         | M                 |            1 |    1 |   1 | 1.00000000000000000000 |   1 |                     6 |    1 |   6 |     6.0000000000000000 |   6 |                    0 |    1 |   0 | 0.00000000000000000000 |   0
 AL       | F         | M                 |            1 |    1 |   1 | 1.00000000000000000000 |   1 |                     6 |    1 |   6 |     6.0000000000000000 |   6 |                    5 |    1 |   5 |     5.0000000000000000 |   5
 AL       | F         | M                 |            2 |    1 |   2 |     2.0000000000000000 |   2 |                     0 |    1 |   0 | 0.00000000000000000000 |   0 |                    3 |    1 |   3 |     3.0000000000000000 |   3
 AL       | F         | M                 |            2 |    1 |   2 |     2.0000000000000000 |   2 |                     0 |    1 |   0 | 0.00000000000000000000 |   0 |                    5 |    1 |   5 |     5.0000000000000000 |   5
 AL       | F         | M                 |            5 |    1 |   5 |     5.0000000000000000 |   5 |                     0 |    1 |   0 | 0.00000000000000000000 |   0 |                    1 |    1 |   1 | 1.00000000000000000000 |   1
 AL       | F         | M                 |            5 |    1 |   5 |     5.0000000000000000 |   5 |                     1 |    1 |   1 | 1.00000000000000000000 |   1 |                    5 |    1 |   5 |     5.0000000000000000 |   5
 AL       | F         | M                 |            5 |    1 |   5 |     5.0000000000000000 |   5 |                     5 |    1 |   5 |     5.0000000000000000 |   5 |                    1 |    1 |   1 | 1.00000000000000000000 |   1
 AL       | F         | M                 |            6 |    1 |   6 |     6.0000000000000000 |   6 |                     1 |    1 |   1 | 1.00000000000000000000 |   1 |                    3 |    1 |   3 |     3.0000000000000000 |   3
 AL       | F         | M                 |            6 |    1 |   6 |     6.0000000000000000 |   6 |                     4 |    1 |   4 |     4.0000000000000000 |   4 |                    1 |    1 |   1 | 1.00000000000000000000 |   1
 AL       | F         | M                 |            6 |    1 |   6 |     6.0000000000000000 |   6 |                     6 |    1 |   6 |     6.0000000000000000 |   6 |                    4 |    1 |   4 |     4.0000000000000000 |   4
 AL       | F         | S                 |            0 |    1 |   0 | 0.00000000000000000000 |   0 |                     3 |    1 |   3 |     3.0000000000000000 |   3 |                    1 |    1 |   1 | 1.00000000000000000000 |   1
 AL       | F         | S                 |            2 |    1 |   2 |     2.0000000000000000 |   2 |                     1 |    1 |   1 | 1.00000000000000000000 |   1 |                    4 |    1 |   4 |     4.0000000000000000 |   4
 AL       | F         | S                 |            3 |    1 |   3 |     3.0000000000000000 |   3 |                     0 |    1 |   0 | 0.00000000000000000000 |   0 |                    4 |    1 |   4 |     4.0000000000000000 |   4
 AL       | F         | S                 |            5 |    1 |   5 |     5.0000000000000000 |   5 |                     5 |    1 |   5 |     5.0000000000000000 |   5 |                    6 |    1 |   6 |     6.0000000000000000 |   6
 AL       | F         | U                 |            1 |    1 |   1 | 1.00000000000000000000 |   1 |                     2 |    1 |   2 |     2.0000000000000000 |   2 |                    1 |    1 |   1 | 1.00000000000000000000 |   1
 AL       | F         | U                 |            1 |    1 |   1 | 1.00000000000000000000 |   1 |                     5 |    1 |   5 |     5.0000000000000000 |   5 |                    4 |    1 |   4 |     4.0000000000000000 |   4
 AL       | F         | U                 |            2 |    1 |   2 |     2.0000000000000000 |   2 |                     1 |    1 |   1 | 1.00000000000000000000 |   1 |                    0 |    1 |   0 | 0.00000000000000000000 |   0
 AL       | F         | U                 |            2 |    1 |   2 |     2.0000000000000000 |   2 |                     4 |    1 |   4 |     4.0000000000000000 |   4 |                    0 |    1 |   0 | 0.00000000000000000000 |   0
 AL       | F         | U                 |            4 |    1 |   4 |     4.0000000000000000 |   4 |                     0 |    1 |   0 | 0.00000000000000000000 |   0 |                    0 |    1 |   0 | 0.00000000000000000000 |   0
 AL       | F         | U                 |            4 |    1 |   4 |     4.0000000000000000 |   4 |                     3 |    1 |   3 |     3.0000000000000000 |   3 |                    6 |    1 |   6 |     6.0000000000000000 |   6
 AL       | F         | U                 |            5 |    1 |   5 |     5.0000000000000000 |   5 |                     3 |    1 |   3 |     3.0000000000000000 |   3 |                    5 |    1 |   5 |     5.0000000000000000 |   5
 AL       | F         | U                 |            5 |    1 |   5 |     5.0000000000000000 |   5 |                     3 |    1 |   3 |     3.0000000000000000 |   3 |                    6 |    1 |   6 |     6.0000000000000000 |   6
 AL       | F         | U                 |            6 |    1 |   6 |     6.0000000000000000 |   6 |                     3 |    1 |   3 |     3.0000000000000000 |   3 |                    3 |    1 |   3 |     3.0000000000000000 |   3
 AL       | F         | U                 |            6 |    1 |   6 |     6.0000000000000000 |   6 |                     4 |    1 |   4 |     4.0000000000000000 |   4 |                    2 |    1 |   2 |     2.0000000000000000 |   2
 AL       | F         | W                 |            1 |    1 |   1 | 1.00000000000000000000 |   1 |                     5 |    1 |   5 |     5.0000000000000000 |   5 |                    2 |    1 |   2 |     2.0000000000000000 |   2
 AL       | F         | W                 |            2 |    1 |   2 |     2.0000000000000000 |   2 |                     1 |    1 |   1 | 1.00000000000000000000 |   1 |                    0 |    1 |   0 | 0.00000000000000000000 |   0
 AL       | F         | W                 |            2 |    1 |   2 |     2.0000000000000000 |   2 |                     1 |    1 |   1 | 1.00000000000000000000 |   1 |                    4 |    1 |   4 |     4.0000000000000000 |   4
 AL       | F         | W                 |            2 |    1 |   2 |     2.0000000000000000 |   2 |                     2 |    1 |   2 |     2.0000000000000000 |   2 |                    0 |    1 |   0 | 0.00000000000000000000 |   0
 AL       | F         | W                 |            3 |    1 |   3 |     3.0000000000000000 |   3 |                     2 |    1 |   2 |     2.0000000000000000 |   2 |                    0 |    1 |   0 | 0.00000000000000000000 |   0
 AL       | F         | W                 |            3 |    1 |   3 |     3.0000000000000000 |   3 |                     2 |    1 |   2 |     2.0000000000000000 |   2 |                    3 |    1 |   3 |     3.0000000000000000 |   3
 AL       | F         | W                 |            4 |    1 |   4 |     4.0000000000000000 |   4 |                     6 |    1 |   6 |     6.0000000000000000 |   6 |                    3 |    1 |   3 |     3.0000000000000000 |   3
 AL       | F         | W                 |            5 |    1 |   5 |     5.0000000000000000 |   5 |                     0 |    1 |   0 | 0.00000000000000000000 |   0 |                    0 |    1 |   0 | 0.00000000000000000000 |   0
 AL       | F         | W                 |            5 |    1 |   5 |     5.0000000000000000 |   5 |                     0 |    1 |   0 | 0.00000000000000000000 |   0 |                    5 |    1 |   5 |     5.0000000000000000 |   5
 AL       | M         | D                 |            1 |    1 |   1 | 1.00000000000000000000 |   1 |                     4 |    1 |   4 |     4.0000000000000000 |   4 |                    2 |    1 |   2 |     2.0000000000000000 |   2
 AL       | M         | D                 |            2 |    1 |   2 |     2.0000000000000000 |   2 |                     6 |    1 |   6 |     6.0000000000000000 |   6 |                    3 |    1 |   3 |     3.0000000000000000 |   3
 AL       | M         | D                 |            5 |    1 |   5 |     5.0000000000000000 |   5 |                     6 |    1 |   6 |     6.0000000000000000 |   6 |                    0 |    1 |   0 | 0.00000000000000000000 |   0
 AL       | M         | D                 |            6 |    1 |   6 |     6.0000000000000000 |   6 |                     3 |    1 |   3 |     3.0000000000000000 |   3 |                    6 |    1 |   6 |     6.0000000000000000 |   6
 AL       | M         | M                 |            0 |    1 |   0 | 0.00000000000000000000 |   0 |                     2 |    1 |   2 |     2.0000000000000000 |   2 |                    3 |    1 |   3 |     3.0000000000000000 |   3
 AL       | M         | M                 |            1 |    1 |   1 | 1.00000000000000000000 |   1 |                     3 |    1 |   3 |     3.0000000000000000 |   3 |                    4 |    1 |   4 |     4.0000000000000000 |   4
 AL       | M         | M                 |            2 |    1 |   2 |     2.0000000000000000 |   2 |                     2 |    1 |   2 |     2.0000000000000000 |   2 |                    6 |    1 |   6 |     6.0000000000000000 |   6
 AL       | M         | M                 |            2 |    1 |   2 |     2.0000000000000000 |   2 |                     6 |    1 |   6 |     6.0000000000000000 |   6 |                    2 |    1 |   2 |     2.0000000000000000 |   2
 AL       | M         | M                 |            3 |    1 |   3 |     3.0000000000000000 |   3 |                     1 |    1 |   1 | 1.00000000000000000000 |   1 |                    4 |    1 |   4 |     4.0000000000000000 |   4
 AL       | M         | M                 |            4 |    1 |   4 |     4.0000000000000000 |   4 |                     0 |    1 |   0 | 0.00000000000000000000 |   0 |                    2 |    1 |   2 |     2.0000000000000000 |   2
 AL       | M         | M                 |            4 |    1 |   4 |     4.0000000000000000 |   4 |                     4 |    1 |   4 |     4.0000000000000000 |   4 |                    0 |    1 |   0 | 0.00000000000000000000 |   0
(100 rows)

UPDATE time_statistics SET e_time = TRANSACTION_TIMESTAMP() WHERE template = 'query35.tpl' AND stream = 4;
psql:/tmp/s1-basline/throughput/query_4.sql:2066: NOTICE:  duration: 0.041 ms  plan:
Query Text: UPDATE time_statistics SET e_time = TRANSACTION_TIMESTAMP() WHERE template = 'query35.tpl' AND stream = 4;
Update on time_statistics  (cost=0.00..4.26 rows=0 width=0) (actual time=0.040..0.040 rows=0 loops=1)
  ->  Seq Scan on time_statistics  (cost=0.00..4.26 rows=1 width=14) (actual time=0.025..0.026 rows=1 loops=1)
        Filter: ((template = 'query35.tpl'::text) AND (stream = 4))
        Rows Removed by Filter: 106
UPDATE 1
LOAD 'auto_explain'; SET auto_explain.log_min_duration TO 0; SET auto_explain.log_analyze TO on; SET auto_explain.log_level TO notice; INSERT INTO time_statistics (template, s_time, stream, query, seed) VALUES ('query60.tpl', TRANSACTION_TIMESTAMP(), 4, 39, 489455714);
LOAD
SET
SET
SET
psql:/tmp/s1-basline/throughput/query_4.sql:2067: NOTICE:  duration: 0.009 ms  plan:
Query Text: INSERT INTO time_statistics (template, s_time, stream, query, seed) VALUES ('query60.tpl', TRANSACTION_TIMESTAMP(), 4, 39, 489455714);
Insert on time_statistics  (cost=0.00..0.01 rows=0 width=0) (actual time=0.009..0.009 rows=0 loops=1)
  ->  Result  (cost=0.00..0.01 rows=1 width=64) (actual time=0.001..0.001 rows=1 loops=1)
INSERT 0 1
with ss as (
 select
          i_item_id,sum(ss_ext_sales_price) total_sales
 from
 	store_sales,
 	date_dim,
         customer_address,
         item
 where
         i_item_id in (select
  i_item_id
from
 item
where i_category in ('Shoes'))
 and     ss_item_sk              = i_item_sk
 and     ss_sold_date_sk         = d_date_sk
 and     d_year                  = 2002
 and     d_moy                   = 9
 and     ss_addr_sk              = ca_address_sk
 and     ca_gmt_offset           = -5 
 group by i_item_id),
 cs as (
 select
          i_item_id,sum(cs_ext_sales_price) total_sales
 from
 	catalog_sales,
 	date_dim,
         customer_address,
         item
 where
         i_item_id               in (select
  i_item_id
from
 item
where i_category in ('Shoes'))
 and     cs_item_sk              = i_item_sk
 and     cs_sold_date_sk         = d_date_sk
 and     d_year                  = 2002
 and     d_moy                   = 9
 and     cs_bill_addr_sk         = ca_address_sk
 and     ca_gmt_offset           = -5 
 group by i_item_id),
 ws as (
 select
          i_item_id,sum(ws_ext_sales_price) total_sales
 from
 	web_sales,
 	date_dim,
         customer_address,
         item
 where
         i_item_id               in (select
  i_item_id
from
 item
where i_category in ('Shoes'))
 and     ws_item_sk              = i_item_sk
 and     ws_sold_date_sk         = d_date_sk
 and     d_year                  = 2002
 and     d_moy                   = 9
 and     ws_bill_addr_sk         = ca_address_sk
 and     ca_gmt_offset           = -5
 group by i_item_id)
  select   
  i_item_id
,sum(total_sales) total_sales
 from  (select * from ss 
        union all
        select * from cs 
        union all
        select * from ws) tmp1
 group by i_item_id
 order by i_item_id
      ,total_sales
 limit 100;
psql:/tmp/s1-basline/throughput/query_4.sql:2142: NOTICE:  duration: 380.753 ms  plan:
Query Text: with ss as (
 select
          i_item_id,sum(ss_ext_sales_price) total_sales
 from
 	store_sales,
 	date_dim,
         customer_address,
         item
 where
         i_item_id in (select
  i_item_id
from
 item
where i_category in ('Shoes'))
 and     ss_item_sk              = i_item_sk
 and     ss_sold_date_sk         = d_date_sk
 and     d_year                  = 2002
 and     d_moy                   = 9
 and     ss_addr_sk              = ca_address_sk
 and     ca_gmt_offset           = -5 
 group by i_item_id),
 cs as (
 select
          i_item_id,sum(cs_ext_sales_price) total_sales
 from
 	catalog_sales,
 	date_dim,
         customer_address,
         item
 where
         i_item_id               in (select
  i_item_id
from
 item
where i_category in ('Shoes'))
 and     cs_item_sk              = i_item_sk
 and     cs_sold_date_sk         = d_date_sk
 and     d_year                  = 2002
 and     d_moy                   = 9
 and     cs_bill_addr_sk         = ca_address_sk
 and     ca_gmt_offset           = -5 
 group by i_item_id),
 ws as (
 select
          i_item_id,sum(ws_ext_sales_price) total_sales
 from
 	web_sales,
 	date_dim,
         customer_address,
         item
 where
         i_item_id               in (select
  i_item_id
from
 item
where i_category in ('Shoes'))
 and     ws_item_sk              = i_item_sk
 and     ws_sold_date_sk         = d_date_sk
 and     d_year                  = 2002
 and     d_moy                   = 9
 and     ws_bill_addr_sk         = ca_address_sk
 and     ca_gmt_offset           = -5
 group by i_item_id)
  select   
  i_item_id
,sum(total_sales) total_sales
 from  (select * from ss 
        union all
        select * from cs 
        union all
        select * from ws) tmp1
 group by i_item_id
 order by i_item_id
      ,total_sales
 limit 100;
Limit  (cost=43493.15..43493.40 rows=100 width=25) (actual time=343.850..380.720 rows=100 loops=1)
  ->  Sort  (cost=43493.15..43493.51 rows=145 width=25) (actual time=343.849..380.713 rows=100 loops=1)
        Sort Key: item.i_item_id, (sum((sum(store_sales.ss_ext_sales_price))))
        Sort Method: top-N heapsort  Memory: 32kB
        ->  Finalize GroupAggregate  (cost=43470.99..43487.94 rows=145 width=25) (actual time=340.437..379.898 rows=1665 loops=1)
              Group Key: item.i_item_id
              ->  Gather Merge  (cost=43470.99..43485.89 rows=120 width=25) (actual time=340.430..379.214 rows=3502 loops=1)
                    Workers Planned: 2
                    Workers Launched: 2
                    ->  Partial GroupAggregate  (cost=42470.97..42472.02 rows=60 width=25) (actual time=202.961..203.405 rows=1167 loops=3)
                          Group Key: item.i_item_id
                          ->  Sort  (cost=42470.97..42471.12 rows=60 width=25) (actual time=202.958..203.011 rows=1167 loops=3)
                                Sort Key: item.i_item_id
                                Sort Method: quicksort  Memory: 133kB
                                Worker 0:  Sort Method: quicksort  Memory: 79kB
                                Worker 1:  Sort Method: quicksort  Memory: 156kB
                                ->  Parallel Append  (cost=13706.78..42469.20 rows=60 width=25) (actual time=201.800..202.508 rows=1167 loops=3)
                                      ->  GroupAggregate  (cost=42466.70..42468.10 rows=80 width=25) (actual time=331.031..332.012 rows=1525 loops=1)
                                            Group Key: item.i_item_id
                                            ->  Sort  (cost=42466.70..42466.90 rows=80 width=25) (actual time=331.022..331.188 rows=3919 loops=1)
                                                  Sort Key: item.i_item_id
                                                  Worker 1:  Sort Method: quicksort  Memory: 372kB
                                                  ->  Nested Loop Semi Join  (cost=1.29..42464.17 rows=80 width=25) (actual time=9.471..321.893 rows=3919 loops=1)
                                                        ->  Nested Loop  (cost=1.01..42302.72 rows=394 width=25) (actual time=9.314..209.235 rows=21267 loops=1)
                                                              ->  Nested Loop  (cost=0.72..42182.35 rows=394 width=16) (actual time=9.249..165.392 rows=21267 loops=1)
                                                                    ->  Nested Loop  (cost=0.43..41831.81 rows=1129 width=24) (actual time=8.845..79.605 rows=59020 loops=1)
                                                                          ->  Seq Scan on date_dim  (cost=0.00..2500.73 rows=30 width=8) (actual time=8.753..14.764 rows=30 loops=1)
                                                                                Filter: ((d_year = 2002) AND (d_moy = 9))
                                                                                Rows Removed by Filter: 73019
                                                                          ->  Index Scan using i_ss_sold_date_sk on store_sales  (cost=0.43..1295.96 rows=1508 width=32) (actual time=0.014..1.745 rows=1967 loops=30)
                                                                                Index Cond: (ss_sold_date_sk = date_dim.d_date_sk)
                                                                    ->  Index Scan using pk_customer_address on customer_address  (cost=0.29..0.31 rows=1 width=8) (actual time=0.001..0.001 rows=0 loops=59020)
                                                                          Index Cond: (ca_address_sk = store_sales.ss_addr_sk)
                                                                          Filter: (ca_gmt_offset = '-5'::double precision)
                                                                          Rows Removed by Filter: 1
                                                              ->  Index Scan using pk_item on item  (cost=0.29..0.31 rows=1 width=25) (actual time=0.002..0.002 rows=1 loops=21267)
                                                                    Index Cond: (i_item_sk = store_sales.ss_item_sk)
                                                        ->  Index Scan using i_i_item_id on item item_1  (cost=0.29..0.41 rows=1 width=17) (actual time=0.005..0.005 rows=0 loops=21267)
                                                              Index Cond: (i_item_id = item.i_item_id)
                                                              Filter: (i_category = 'Shoes'::bpchar)
                                                              Rows Removed by Filter: 2
                                      ->  GroupAggregate  (cost=13706.78..13707.17 rows=22 width=25) (actual time=119.798..120.134 rows=779 loops=1)
                                            Group Key: item_2.i_item_id
                                            ->  Sort  (cost=13706.78..13706.84 rows=22 width=25) (actual time=119.789..119.833 rows=1102 loops=1)
                                                  Sort Key: item_2.i_item_id
                                                  Worker 0:  Sort Method: quicksort  Memory: 126kB
                                                  ->  Nested Loop Semi Join  (cost=1.29..13706.29 rows=22 width=25) (actual time=8.915..117.372 rows=1102 loops=1)
                                                        ->  Nested Loop  (cost=1.00..13662.04 rows=108 width=25) (actual time=8.804..84.598 rows=5759 loops=1)
                                                              ->  Nested Loop  (cost=0.71..13628.88 rows=108 width=16) (actual time=8.754..65.557 rows=5759 loops=1)
                                                                    ->  Nested Loop  (cost=0.42..13536.86 rows=295 width=24) (actual time=8.525..38.065 rows=16152 loops=1)
                                                                          ->  Seq Scan on date_dim date_dim_1  (cost=0.00..2500.73 rows=30 width=8) (actual time=8.434..15.409 rows=30 loops=1)
                                                                                Filter: ((d_year = 2002) AND (d_moy = 9))
                                                                                Rows Removed by Filter: 73019
                                                                          ->  Index Scan using i_ws_sold_date_sk on web_sales  (cost=0.42..363.92 rows=395 width=32) (actual time=0.016..0.618 rows=538 loops=30)
                                                                                Index Cond: (ws_sold_date_sk = date_dim_1.d_date_sk)
                                                                    ->  Index Scan using pk_customer_address on customer_address customer_address_1  (cost=0.29..0.31 rows=1 width=8) (actual time=0.001..0.001 rows=0 loops=16152)
                                                                          Index Cond: (ca_address_sk = web_sales.ws_bill_addr_sk)
                                                                          Filter: (ca_gmt_offset = '-5'::double precision)
                                                                          Rows Removed by Filter: 1
                                                              ->  Index Scan using pk_item on item item_2  (cost=0.29..0.31 rows=1 width=25) (actual time=0.003..0.003 rows=1 loops=5759)
                                                                    Index Cond: (i_item_sk = web_sales.ws_item_sk)
                                                        ->  Index Scan using i_i_item_id on item item_3  (cost=0.29..0.41 rows=1 width=17) (actual time=0.005..0.005 rows=0 loops=5759)
                                                              Index Cond: (i_item_id = item_2.i_item_id)
                                                              Filter: (i_category = 'Shoes'::bpchar)
                                                              Rows Removed by Filter: 2
                                      ->  GroupAggregate  (cost=4478.29..4479.04 rows=43 width=25) (actual time=154.569..155.152 rows=1198 loops=1)
                                            Group Key: item_4.i_item_id
                                            ->  Sort  (cost=4478.29..4478.40 rows=43 width=25) (actual time=154.562..154.642 rows=2085 loops=1)
                                                  Sort Key: item_4.i_item_id
                                                  Sort Method: quicksort  Memory: 243kB
                                                  ->  Nested Loop Semi Join  (cost=1.29..4477.13 rows=43 width=25) (actual time=4.510..149.781 rows=2085 loops=1)
                                                        ->  Nested Loop  (cost=1.00..4389.44 rows=214 width=25) (actual time=4.311..91.026 rows=11270 loops=1)
                                                              ->  Nested Loop  (cost=0.72..4323.96 rows=214 width=16) (actual time=4.307..70.152 rows=11270 loops=1)
                                                                    ->  Nested Loop  (cost=0.43..4141.10 rows=588 width=24) (actual time=4.261..23.715 rows=31130 loops=1)
                                                                          ->  Seq Scan on date_dim date_dim_2  (cost=0.00..2500.73 rows=30 width=8) (actual time=4.252..9.456 rows=30 loops=1)
                                                                                Filter: ((d_year = 2002) AND (d_moy = 9))
                                                                                Rows Removed by Filter: 73019
                                                                          ->  Index Scan using i_cs_sold_date_sk on catalog_sales  (cost=0.43..46.86 rows=782 width=32) (actual time=0.005..0.258 rows=1038 loops=30)
                                                                                Index Cond: (cs_sold_date_sk = date_dim_2.d_date_sk)
                                                                    ->  Index Scan using pk_customer_address on customer_address customer_address_2  (cost=0.29..0.31 rows=1 width=8) (actual time=0.001..0.001 rows=0 loops=31130)
                                                                          Index Cond: (ca_address_sk = catalog_sales.cs_bill_addr_sk)
                                                                          Filter: (ca_gmt_offset = '-5'::double precision)
                                                                          Rows Removed by Filter: 1
                                                              ->  Index Scan using pk_item on item item_4  (cost=0.29..0.31 rows=1 width=25) (actual time=0.002..0.002 rows=1 loops=11270)
                                                                    Index Cond: (i_item_sk = catalog_sales.cs_item_sk)
                                                        ->  Index Scan using i_i_item_id on item item_5  (cost=0.29..0.41 rows=1 width=17) (actual time=0.005..0.005 rows=0 loops=11270)
                                                              Index Cond: (i_item_id = item_4.i_item_id)
                                                              Filter: (i_category = 'Shoes'::bpchar)
                                                              Rows Removed by Filter: 2
    i_item_id     |    total_sales     
------------------+--------------------
 AAAAAAAAAADBAAAA |           12259.48
 AAAAAAAAAAEAAAAA |            3437.65
 AAAAAAAAAAGBAAAA |            4978.74
 AAAAAAAAAAGEAAAA |           11714.48
 AAAAAAAAAAIAAAAA |            5371.67
 AAAAAAAAAAJCAAAA |            4720.01
 AAAAAAAAAALAAAAA | 12153.199999999999
 AAAAAAAAAALDAAAA |            6456.11
 AAAAAAAAAAMBAAAA |             391.22
 AAAAAAAAAANBAAAA |            2307.05
 AAAAAAAAABAAAAAA |            8089.42
 AAAAAAAAABABAAAA |            7986.73
 AAAAAAAAABBCAAAA |           19466.94
 AAAAAAAAABBDAAAA | 2905.9100000000003
 AAAAAAAAABCBAAAA | 4114.1900000000005
 AAAAAAAAABDEAAAA |  997.6700000000001
 AAAAAAAAABFCAAAA | 11504.419999999998
 AAAAAAAAABGAAAAA | 14398.509999999998
 AAAAAAAAABGBAAAA |           25402.47
 AAAAAAAAABGDAAAA | 11324.130000000001
 AAAAAAAAABHCAAAA |            1381.65
 AAAAAAAAABIBAAAA |            2940.62
 AAAAAAAAABJBAAAA |            9874.24
 AAAAAAAAABKAAAAA |            3397.08
 AAAAAAAAABKDAAAA |           14896.66
 AAAAAAAAABNDAAAA |           18636.03
 AAAAAAAAABOBAAAA |             2681.8
 AAAAAAAAACBCAAAA |            7008.14
 AAAAAAAAACCAAAAA |            3841.45
 AAAAAAAAACDDAAAA |            5948.83
 AAAAAAAAACEBAAAA |           11601.24
 AAAAAAAAACFEAAAA |               3.77
 AAAAAAAAACIBAAAA | 18047.590000000004
 AAAAAAAAACJAAAAA |            2269.98
 AAAAAAAAACLAAAAA |           15018.98
 AAAAAAAAACNCAAAA |           14165.75
 AAAAAAAAACODAAAA |           10049.33
 AAAAAAAAADCCAAAA |           14260.06
 AAAAAAAAADEAAAAA |           24371.92
 AAAAAAAAADEDAAAA | 15744.810000000001
 AAAAAAAAADEEAAAA |            8755.65
 AAAAAAAAADFCAAAA |            14417.5
 AAAAAAAAADGBAAAA |  9339.800000000001
 AAAAAAAAADGCAAAA |           16145.07
 AAAAAAAAADHDAAAA | 17024.120000000003
 AAAAAAAAADICAAAA |           10503.29
 AAAAAAAAADKAAAAA | 10680.990000000002
 AAAAAAAAADKDAAAA |            9858.96
 AAAAAAAAADLCAAAA |           23738.67
 AAAAAAAAADNAAAAA |            3247.96
 AAAAAAAAADNDAAAA |           17744.19
 AAAAAAAAADOAAAAA |            4362.99
 AAAAAAAAAEAAAAAA |            3030.46
 AAAAAAAAAEADAAAA |           27733.18
 AAAAAAAAAEBCAAAA |            8725.78
 AAAAAAAAAEBDAAAA |            3435.16
 AAAAAAAAAECEAAAA |               3268
 AAAAAAAAAEDEAAAA | 18762.780000000002
 AAAAAAAAAEECAAAA |            3245.46
 AAAAAAAAAEFBAAAA |  4304.969999999999
 AAAAAAAAAEHAAAAA | 5984.0199999999995
 AAAAAAAAAEMAAAAA |           10347.19
 AAAAAAAAAENCAAAA |           12853.34
 AAAAAAAAAEOBAAAA |             8819.8
 AAAAAAAAAFAAAAAA |            5551.17
 AAAAAAAAAFBBAAAA |           37691.93
 AAAAAAAAAFFEAAAA |           22489.07
 AAAAAAAAAFHCAAAA |           16374.27
 AAAAAAAAAFLDAAAA | 31612.149999999998
 AAAAAAAAAFPAAAAA |             748.01
 AAAAAAAAAGACAAAA |            7493.24
 AAAAAAAAAGAEAAAA |            2915.09
 AAAAAAAAAGBAAAAA |            4752.85
 AAAAAAAAAGBDAAAA |  5225.929999999999
 AAAAAAAAAGBEAAAA | 10880.429999999998
 AAAAAAAAAGEAAAAA |           15675.73
 AAAAAAAAAGEEAAAA |           16777.11
 AAAAAAAAAGGBAAAA |             735.71
 AAAAAAAAAGHAAAAA |  6663.969999999999
 AAAAAAAAAGHDAAAA | 15478.019999999999
 AAAAAAAAAGIAAAAA |  7421.110000000001
 AAAAAAAAAGICAAAA |            9123.89
 AAAAAAAAAGKAAAAA |           20443.14
 AAAAAAAAAGKDAAAA |            1333.33
 AAAAAAAAAGLAAAAA |           15506.53
 AAAAAAAAAGMBAAAA |            4491.26
 AAAAAAAAAGPBAAAA |           20252.62
 AAAAAAAAAHAAAAAA |            9528.54
 AAAAAAAAAHBCAAAA |            3880.06
 AAAAAAAAAHFCAAAA |           18867.62
 AAAAAAAAAHGAAAAA |  6848.580000000001
 AAAAAAAAAHGDAAAA | 4561.4800000000005
 AAAAAAAAAHJAAAAA |           12596.36
 AAAAAAAAAHJDAAAA |            1889.32
 AAAAAAAAAHMDAAAA |           16084.92
 AAAAAAAAAHPAAAAA |              361.8
 AAAAAAAAAICDAAAA |           14427.32
 AAAAAAAAAICEAAAA | 19579.129999999997
 AAAAAAAAAIFEAAAA | 15812.380000000001
 AAAAAAAAAIGAAAAA | 19914.030000000002
(100 rows)

UPDATE time_statistics SET e_time = TRANSACTION_TIMESTAMP() WHERE template = 'query60.tpl' AND stream = 4;
psql:/tmp/s1-basline/throughput/query_4.sql:2144: NOTICE:  duration: 0.039 ms  plan:
Query Text: UPDATE time_statistics SET e_time = TRANSACTION_TIMESTAMP() WHERE template = 'query60.tpl' AND stream = 4;
Update on time_statistics  (cost=0.00..4.26 rows=0 width=0) (actual time=0.038..0.038 rows=0 loops=1)
  ->  Seq Scan on time_statistics  (cost=0.00..4.26 rows=1 width=14) (actual time=0.024..0.024 rows=1 loops=1)
        Filter: ((template = 'query60.tpl'::text) AND (stream = 4))
        Rows Removed by Filter: 107
UPDATE 1
LOAD 'auto_explain'; SET auto_explain.log_min_duration TO 0; SET auto_explain.log_analyze TO on; SET auto_explain.log_level TO notice; INSERT INTO time_statistics (template, s_time, stream, query, seed) VALUES ('query75.tpl', TRANSACTION_TIMESTAMP(), 4, 40, 29193252);
LOAD
SET
SET
SET
psql:/tmp/s1-basline/throughput/query_4.sql:2145: NOTICE:  duration: 0.009 ms  plan:
Query Text: INSERT INTO time_statistics (template, s_time, stream, query, seed) VALUES ('query75.tpl', TRANSACTION_TIMESTAMP(), 4, 40, 29193252);
Insert on time_statistics  (cost=0.00..0.01 rows=0 width=0) (actual time=0.008..0.008 rows=0 loops=1)
  ->  Result  (cost=0.00..0.01 rows=1 width=64) (actual time=0.001..0.002 rows=1 loops=1)
INSERT 0 1
WITH all_sales AS (
 SELECT d_year
       ,i_brand_id
       ,i_class_id
       ,i_category_id
       ,i_manufact_id
       ,SUM(sales_cnt) AS sales_cnt
       ,SUM(sales_amt) AS sales_amt
 FROM (SELECT d_year
             ,i_brand_id
             ,i_class_id
             ,i_category_id
             ,i_manufact_id
             ,cs_quantity - COALESCE(cr_return_quantity,0) AS sales_cnt
             ,cs_ext_sales_price - COALESCE(cr_return_amount,0.0) AS sales_amt
       FROM catalog_sales JOIN item ON i_item_sk=cs_item_sk
                          JOIN date_dim ON d_date_sk=cs_sold_date_sk
                          LEFT JOIN catalog_returns ON (cs_order_number=cr_order_number 
                                                    AND cs_item_sk=cr_item_sk)
       WHERE i_category='Children'
       UNION
       SELECT d_year
             ,i_brand_id
             ,i_class_id
             ,i_category_id
             ,i_manufact_id
             ,ss_quantity - COALESCE(sr_return_quantity,0) AS sales_cnt
             ,ss_ext_sales_price - COALESCE(sr_return_amt,0.0) AS sales_amt
       FROM store_sales JOIN item ON i_item_sk=ss_item_sk
                        JOIN date_dim ON d_date_sk=ss_sold_date_sk
                        LEFT JOIN store_returns ON (ss_ticket_number=sr_ticket_number 
                                                AND ss_item_sk=sr_item_sk)
       WHERE i_category='Children'
       UNION
       SELECT d_year
             ,i_brand_id
             ,i_class_id
             ,i_category_id
             ,i_manufact_id
             ,ws_quantity - COALESCE(wr_return_quantity,0) AS sales_cnt
             ,ws_ext_sales_price - COALESCE(wr_return_amt,0.0) AS sales_amt
       FROM web_sales JOIN item ON i_item_sk=ws_item_sk
                      JOIN date_dim ON d_date_sk=ws_sold_date_sk
                      LEFT JOIN web_returns ON (ws_order_number=wr_order_number 
                                            AND ws_item_sk=wr_item_sk)
       WHERE i_category='Children') sales_detail
 GROUP BY d_year, i_brand_id, i_class_id, i_category_id, i_manufact_id)
 SELECT  prev_yr.d_year AS prev_year
                          ,curr_yr.d_year AS year
                          ,curr_yr.i_brand_id
                          ,curr_yr.i_class_id
                          ,curr_yr.i_category_id
                          ,curr_yr.i_manufact_id
                          ,prev_yr.sales_cnt AS prev_yr_cnt
                          ,curr_yr.sales_cnt AS curr_yr_cnt
                          ,curr_yr.sales_cnt-prev_yr.sales_cnt AS sales_cnt_diff
                          ,curr_yr.sales_amt-prev_yr.sales_amt AS sales_amt_diff
 FROM all_sales curr_yr, all_sales prev_yr
 WHERE curr_yr.i_brand_id=prev_yr.i_brand_id
   AND curr_yr.i_class_id=prev_yr.i_class_id
   AND curr_yr.i_category_id=prev_yr.i_category_id
   AND curr_yr.i_manufact_id=prev_yr.i_manufact_id
   AND curr_yr.d_year=1999
   AND prev_yr.d_year=1999-1
   AND CAST(curr_yr.sales_cnt AS DECIMAL(17,2))/CAST(prev_yr.sales_cnt AS DECIMAL(17,2))<0.9
 ORDER BY sales_cnt_diff,sales_amt_diff
 limit 100;
psql:/tmp/s1-basline/throughput/query_4.sql:2212: NOTICE:  duration: 1633.220 ms  plan:
Query Text: WITH all_sales AS (
 SELECT d_year
       ,i_brand_id
       ,i_class_id
       ,i_category_id
       ,i_manufact_id
       ,SUM(sales_cnt) AS sales_cnt
       ,SUM(sales_amt) AS sales_amt
 FROM (SELECT d_year
             ,i_brand_id
             ,i_class_id
             ,i_category_id
             ,i_manufact_id
             ,cs_quantity - COALESCE(cr_return_quantity,0) AS sales_cnt
             ,cs_ext_sales_price - COALESCE(cr_return_amount,0.0) AS sales_amt
       FROM catalog_sales JOIN item ON i_item_sk=cs_item_sk
                          JOIN date_dim ON d_date_sk=cs_sold_date_sk
                          LEFT JOIN catalog_returns ON (cs_order_number=cr_order_number 
                                                    AND cs_item_sk=cr_item_sk)
       WHERE i_category='Children'
       UNION
       SELECT d_year
             ,i_brand_id
             ,i_class_id
             ,i_category_id
             ,i_manufact_id
             ,ss_quantity - COALESCE(sr_return_quantity,0) AS sales_cnt
             ,ss_ext_sales_price - COALESCE(sr_return_amt,0.0) AS sales_amt
       FROM store_sales JOIN item ON i_item_sk=ss_item_sk
                        JOIN date_dim ON d_date_sk=ss_sold_date_sk
                        LEFT JOIN store_returns ON (ss_ticket_number=sr_ticket_number 
                                                AND ss_item_sk=sr_item_sk)
       WHERE i_category='Children'
       UNION
       SELECT d_year
             ,i_brand_id
             ,i_class_id
             ,i_category_id
             ,i_manufact_id
             ,ws_quantity - COALESCE(wr_return_quantity,0) AS sales_cnt
             ,ws_ext_sales_price - COALESCE(wr_return_amt,0.0) AS sales_amt
       FROM web_sales JOIN item ON i_item_sk=ws_item_sk
                      JOIN date_dim ON d_date_sk=ws_sold_date_sk
                      LEFT JOIN web_returns ON (ws_order_number=wr_order_number 
                                            AND ws_item_sk=wr_item_sk)
       WHERE i_category='Children') sales_detail
 GROUP BY d_year, i_brand_id, i_class_id, i_category_id, i_manufact_id)
 SELECT  prev_yr.d_year AS prev_year
                          ,curr_yr.d_year AS year
                          ,curr_yr.i_brand_id
                          ,curr_yr.i_class_id
                          ,curr_yr.i_category_id
                          ,curr_yr.i_manufact_id
                          ,prev_yr.sales_cnt AS prev_yr_cnt
                          ,curr_yr.sales_cnt AS curr_yr_cnt
                          ,curr_yr.sales_cnt-prev_yr.sales_cnt AS sales_cnt_diff
                          ,curr_yr.sales_amt-prev_yr.sales_amt AS sales_amt_diff
 FROM all_sales curr_yr, all_sales prev_yr
 WHERE curr_yr.i_brand_id=prev_yr.i_brand_id
   AND curr_yr.i_class_id=prev_yr.i_class_id
   AND curr_yr.i_category_id=prev_yr.i_category_id
   AND curr_yr.i_manufact_id=prev_yr.i_manufact_id
   AND curr_yr.d_year=1999
   AND prev_yr.d_year=1999-1
   AND CAST(curr_yr.sales_cnt AS DECIMAL(17,2))/CAST(prev_yr.sales_cnt AS DECIMAL(17,2))<0.9
 ORDER BY sales_cnt_diff,sales_amt_diff
 limit 100;
Limit  (cost=296832.39..296832.39 rows=1 width=56) (actual time=1633.114..1633.138 rows=100 loops=1)
  CTE all_sales
    ->  HashAggregate  (cost=294099.22..294589.47 rows=49025 width=36) (actual time=1629.471..1630.488 rows=4959 loops=1)
          Group Key: date_dim.d_year, item.i_brand_id, item.i_class_id, item.i_category_id, item.i_manufact_id
          Batches: 1  Memory Usage: 2577kB
          ->  HashAggregate  (cost=269012.41..280617.46 rows=490246 width=32) (actual time=1349.034..1510.578 rows=483157 loops=1)
                Group Key: date_dim.d_year, item.i_brand_id, item.i_class_id, item.i_category_id, item.i_manufact_id, ((catalog_sales.cs_quantity - COALESCE(catalog_returns.cr_return_quantity, 0))), ((catalog_sales.cs_ext_sales_price - COALESCE(catalog_returns.cr_return_amount, '0'::double precision)))
                Planned Partitions: 4  Batches: 5  Memory Usage: 32817kB  Disk Usage: 11984kB
                ->  Append  (cost=7927.40..243255.35 rows=490246 width=32) (actual time=53.058..1132.150 rows=484870 loops=1)
                      ->  Nested Loop  (cost=7927.40..80451.99 rows=143166 width=32) (actual time=53.056..325.655 rows=141750 loops=1)
                            ->  Hash Left Join  (cost=7927.10..75565.84 rows=144021 width=48) (actual time=53.035..266.069 rows=142469 loops=1)
                                  Hash Cond: ((catalog_sales.cs_order_number = catalog_returns.cr_order_number) AND (catalog_sales.cs_item_sk = catalog_returns.cr_item_sk))
                                  ->  Nested Loop  (cost=0.43..66883.06 rows=144021 width=52) (actual time=0.018..172.650 rows=142469 loops=1)
                                        ->  Seq Scan on item  (cost=0.00..1481.00 rows=1801 width=24) (actual time=0.008..8.681 rows=1801 loops=1)
                                              Filter: (i_category = 'Children'::bpchar)
                                              Rows Removed by Filter: 16199
                                        ->  Index Scan using pk_catalog_sales on catalog_sales  (cost=0.43..35.43 rows=88 width=36) (actual time=0.004..0.077 rows=79 loops=1801)
                                              Index Cond: (cs_item_sk = item.i_item_sk)
                                  ->  Hash  (cost=5762.07..5762.07 rows=144307 width=28) (actual time=52.891..52.891 rows=144307 loops=1)
                                        Buckets: 262144  Batches: 1  Memory Usage: 11023kB
                                        ->  Seq Scan on catalog_returns  (cost=0.00..5762.07 rows=144307 width=28) (actual time=0.003..30.076 rows=144307 loops=1)
                            ->  Memoize  (cost=0.30..0.32 rows=1 width=12) (actual time=0.000..0.000 rows=1 loops=142469)
                                  Cache Key: catalog_sales.cs_sold_date_sk
                                  Cache Mode: logical
                                  Hits: 140638  Misses: 1831  Evictions: 0  Overflows: 0  Memory Usage: 215kB
                                  ->  Index Scan using pk_date_dim on date_dim  (cost=0.29..0.31 rows=1 width=12) (actual time=0.001..0.001 rows=1 loops=1831)
                                        Index Cond: (d_date_sk = catalog_sales.cs_sold_date_sk)
                      ->  Hash Left Join  (cost=16750.33..113461.34 rows=275103 width=32) (actual time=131.846..608.055 rows=271680 loops=1)
                            Hash Cond: ((store_sales.ss_ticket_number = store_returns.sr_ticket_number) AND (store_sales.ss_item_sk = store_returns.sr_item_sk))
                            ->  Hash Join  (cost=3049.03..96940.23 rows=275103 width=48) (actual time=22.273..405.898 rows=271680 loops=1)
                                  Hash Cond: (store_sales.ss_sold_date_sk = date_dim_1.d_date_sk)
                                  ->  Nested Loop  (cost=0.43..93135.70 rows=287955 width=52) (actual time=0.025..329.724 rows=284413 loops=1)
                                        ->  Seq Scan on item item_1  (cost=0.00..1481.00 rows=1801 width=24) (actual time=0.010..8.746 rows=1801 loops=1)
                                              Filter: (i_category = 'Children'::bpchar)
                                              Rows Removed by Filter: 16199
                                        ->  Index Scan using pk_store_sales on store_sales  (cost=0.43..49.15 rows=174 width=36) (actual time=0.005..0.152 rows=158 loops=1801)
                                              Index Cond: (ss_item_sk = item_1.i_item_sk)
                                  ->  Hash  (cost=2135.49..2135.49 rows=73049 width=12) (actual time=21.708..21.708 rows=73049 loops=1)
                                        Buckets: 131072  Batches: 1  Memory Usage: 4449kB
                                        ->  Seq Scan on date_dim date_dim_1  (cost=0.00..2135.49 rows=73049 width=12) (actual time=0.005..10.683 rows=73049 loops=1)
                            ->  Hash  (cost=9393.72..9393.72 rows=287172 width=28) (actual time=108.280..108.281 rows=287172 loops=1)
                                  Buckets: 524288  Batches: 1  Memory Usage: 21888kB
                                  ->  Seq Scan on store_returns  (cost=0.00..9393.72 rows=287172 width=28) (actual time=0.006..48.460 rows=287172 loops=1)
                      ->  Hash Left Join  (cost=3688.10..41988.33 rows=71977 width=32) (actual time=26.794..168.580 rows=71440 loops=1)
                            Hash Cond: ((web_sales.ws_order_number = web_returns.wr_order_number) AND (web_sales.ws_item_sk = web_returns.wr_item_sk))
                            ->  Nested Loop  (cost=0.73..37563.19 rows=71977 width=48) (actual time=0.033..122.172 rows=71440 loops=1)
                                  ->  Nested Loop  (cost=0.42..35194.30 rows=71987 width=52) (actual time=0.022..92.030 rows=71462 loops=1)
                                        ->  Seq Scan on item item_2  (cost=0.00..1481.00 rows=1801 width=24) (actual time=0.010..8.066 rows=1801 loops=1)
                                              Filter: (i_category = 'Children'::bpchar)
                                              Rows Removed by Filter: 16199
                                        ->  Index Scan using pk_web_sales on web_sales  (cost=0.42..18.28 rows=44 width=36) (actual time=0.004..0.039 rows=40 loops=1801)
                                              Index Cond: (ws_item_sk = item_2.i_item_sk)
                                  ->  Memoize  (cost=0.30..0.32 rows=1 width=12) (actual time=0.000..0.000 rows=1 loops=71462)
                                        Cache Key: web_sales.ws_sold_date_sk
                                        Cache Mode: logical
                                        Hits: 69638  Misses: 1824  Evictions: 0  Overflows: 0  Memory Usage: 214kB
                                        ->  Index Scan using pk_date_dim on date_dim date_dim_2  (cost=0.29..0.31 rows=1 width=12) (actual time=0.001..0.001 rows=1 loops=1824)
                                              Index Cond: (d_date_sk = web_sales.ws_sold_date_sk)
                            ->  Hash  (cost=2610.15..2610.15 rows=71815 width=28) (actual time=26.175..26.176 rows=71815 loops=1)
                                  Buckets: 131072  Batches: 1  Memory Usage: 5462kB
                                  ->  Seq Scan on web_returns  (cost=0.00..2610.15 rows=71815 width=28) (actual time=0.004..12.714 rows=71815 loops=1)
  ->  Sort  (cost=2242.92..2242.92 rows=1 width=56) (actual time=1633.113..1633.118 rows=100 loops=1)
        Sort Key: ((curr_yr.sales_cnt - prev_yr.sales_cnt)), ((curr_yr.sales_amt - prev_yr.sales_amt))
        Sort Method: quicksort  Memory: 50kB
        ->  Hash Join  (cost=1107.96..2242.91 rows=1 width=56) (actual time=1632.179..1633.061 rows=179 loops=1)
              Hash Cond: ((curr_yr.i_brand_id = prev_yr.i_brand_id) AND (curr_yr.i_class_id = prev_yr.i_class_id) AND (curr_yr.i_category_id = prev_yr.i_category_id) AND (curr_yr.i_manufact_id = prev_yr.i_manufact_id))
              Join Filter: (((curr_yr.sales_cnt)::numeric(17,2) / (prev_yr.sales_cnt)::numeric(17,2)) < 0.9)
              Rows Removed by Join Filter: 634
              ->  CTE Scan on all_sales curr_yr  (cost=0.00..1103.06 rows=245 width=36) (actual time=1629.474..1629.860 rows=813 loops=1)
                    Filter: (d_year = 1999)
                    Rows Removed by Filter: 4146
              ->  Hash  (cost=1103.06..1103.06 rows=245 width=36) (actual time=2.675..2.676 rows=813 loops=1)
                    Buckets: 1024  Batches: 1  Memory Usage: 66kB
                    ->  CTE Scan on all_sales prev_yr  (cost=0.00..1103.06 rows=245 width=36) (actual time=0.003..2.502 rows=813 loops=1)
                          Filter: (d_year = 1998)
                          Rows Removed by Filter: 4146
 prev_year | year | i_brand_id | i_class_id | i_category_id | i_manufact_id | prev_yr_cnt | curr_yr_cnt | sales_cnt_diff |   sales_amt_diff    
-----------+------+------------+------------+---------------+---------------+-------------+-------------+----------------+---------------------
      1998 | 1999 |    3004002 |          4 |             3 |           311 |        6789 |        4123 |          -2666 |  -92549.57000000004
      1998 | 1999 |    3001001 |          1 |             3 |           212 |        6277 |        3729 |          -2548 | -105757.97999999992
      1998 | 1999 |    3004001 |          4 |             3 |           202 |       11191 |        8955 |          -2236 | -25732.179999999702
      1998 | 1999 |    3002002 |          2 |             3 |           554 |       12702 |       10520 |          -2182 |  -27420.93000000011
      1998 | 1999 |    3002001 |          2 |             3 |           128 |       11797 |        9669 |          -2128 | -125085.75000000041
      1998 | 1999 |    3002001 |          2 |             3 |           205 |        6844 |        4763 |          -2081 | -100522.14000000001
      1998 | 1999 |    3001001 |          1 |             3 |             5 |       11427 |        9387 |          -2040 | -110190.55000000028
      1998 | 1999 |    3003001 |          3 |             3 |           196 |        5735 |        3752 |          -1983 |   -97328.5500000001
      1998 | 1999 |    3004001 |          4 |             3 |           455 |        5604 |        3747 |          -1857 |  -95685.62000000005
      1998 | 1999 |    3003001 |          3 |             3 |           681 |        5956 |        4154 |          -1802 | -117377.13000000021
      1998 | 1999 |    3004002 |          4 |             3 |           143 |        6128 |        4343 |          -1785 |  -52212.51000000004
      1998 | 1999 |    3001002 |          1 |             3 |           128 |        6286 |        4513 |          -1773 |  -66093.36999999994
      1998 | 1999 |    3002001 |          2 |             3 |           244 |       11050 |        9374 |          -1676 | -188614.19000000012
      1998 | 1999 |    3001001 |          1 |             3 |           111 |        6073 |        4406 |          -1667 | -50190.389999999985
      1998 | 1999 |    3004001 |          4 |             3 |           288 |        5667 |        4013 |          -1654 |  -59625.86999999982
      1998 | 1999 |    3004001 |          4 |             3 |           752 |        6010 |        4379 |          -1631 | -114599.24999999994
      1998 | 1999 |    3003002 |          3 |             3 |           350 |        6181 |        4576 |          -1605 |  -73967.92000000001
      1998 | 1999 |    3001001 |          1 |             3 |            59 |        6036 |        4446 |          -1590 | -27875.269999999815
      1998 | 1999 |    3003001 |          3 |             3 |           128 |       10193 |        8620 |          -1573 | -124807.12000000005
      1998 | 1999 |    3004001 |          4 |             3 |           321 |        5402 |        3836 |          -1566 | -53743.629999999976
      1998 | 1999 |    3002001 |          2 |             3 |            88 |       11631 |       10072 |          -1559 |  10362.360000000102
      1998 | 1999 |    3003002 |          3 |             3 |           101 |       11636 |       10084 |          -1552 | -104388.28999999998
      1998 | 1999 |    3002001 |          2 |             3 |           926 |        5771 |        4233 |          -1538 |  -63572.26999999999
      1998 | 1999 |    3001002 |          1 |             3 |           528 |        5902 |        4365 |          -1537 |  -51016.31999999995
      1998 | 1999 |    3004002 |          4 |             3 |           274 |       11105 |        9575 |          -1530 | -124446.90000000014
      1998 | 1999 |    3004002 |          4 |             3 |            85 |        5855 |        4344 |          -1511 | -127385.61999999991
      1998 | 1999 |    3004002 |          4 |             3 |            74 |        6381 |        4887 |          -1494 |  -66275.60999999999
      1998 | 1999 |    3003002 |          3 |             3 |           547 |        6087 |        4607 |          -1480 |  -55821.97000000003
      1998 | 1999 |    3003001 |          3 |             3 |           645 |        5461 |        3986 |          -1475 | -59607.140000000014
      1998 | 1999 |    3004001 |          4 |             3 |           165 |        6310 |        4846 |          -1464 |  -85782.06999999986
      1998 | 1999 |    3004001 |          4 |             3 |           235 |        6346 |        4893 |          -1453 |  -40137.70999999996
      1998 | 1999 |    3003001 |          3 |             3 |           539 |        5833 |        4383 |          -1450 | -28930.490000000165
      1998 | 1999 |    3004001 |          4 |             3 |            13 |        5991 |        4550 |          -1441 | -117525.22999999998
      1998 | 1999 |    3001001 |          1 |             3 |           479 |        5686 |        4251 |          -1435 |  -90436.32999999996
      1998 | 1999 |    3003001 |          3 |             3 |            31 |        5567 |        4150 |          -1417 | -101780.34999999998
      1998 | 1999 |    3001002 |          1 |             3 |           229 |        5370 |        3955 |          -1415 |  -37121.97999999981
      1998 | 1999 |    3002001 |          2 |             3 |           295 |        5476 |        4084 |          -1392 |  -76032.27000000014
      1998 | 1999 |    3002002 |          2 |             3 |           182 |        5615 |        4262 |          -1353 |  -572.9299999999348
      1998 | 1999 |    3003001 |          3 |             3 |           400 |        6127 |        4781 |          -1346 |   -64136.9300000002
      1998 | 1999 |    3002002 |          2 |             3 |           121 |        5383 |        4057 |          -1326 | -63803.800000000105
      1998 | 1999 |    3004001 |          4 |             3 |           272 |        5727 |        4406 |          -1321 |  -81344.45000000004
      1998 | 1999 |    3002001 |          2 |             3 |           210 |        5604 |        4300 |          -1304 | -101269.04000000007
      1998 | 1999 |    3002001 |          2 |             3 |           170 |        5855 |        4592 |          -1263 |  -62392.55000000019
      1998 | 1999 |    3004001 |          4 |             3 |           515 |        5226 |        3977 |          -1249 |  -72546.96999999991
      1998 | 1999 |    3004002 |          4 |             3 |           855 |        5902 |        4675 |          -1227 | -14243.369999999966
      1998 | 1999 |    3002002 |          2 |             3 |           161 |        5990 |        4770 |          -1220 | -112399.47999999986
      1998 | 1999 |    3001002 |          1 |             3 |           139 |        6456 |        5242 |          -1214 | -34926.560000000056
      1998 | 1999 |    3003001 |          3 |             3 |           223 |       10973 |        9775 |          -1198 | -22748.040000000037
      1998 | 1999 |    3001001 |          1 |             3 |           170 |        5393 |        4203 |          -1190 |  -80864.62000000002
      1998 | 1999 |    3003001 |          3 |             3 |             9 |       10965 |        9787 |          -1178 |  -32020.54000000033
      1998 | 1999 |    3003001 |          3 |             3 |            21 |        5364 |        4191 |          -1173 |           -66396.16
      1998 | 1999 |    3002002 |          2 |             3 |           325 |        6199 |        5043 |          -1156 | -10052.520000000019
      1998 | 1999 |    3003001 |          3 |             3 |            19 |        5524 |        4369 |          -1155 |  -56738.62000000011
      1998 | 1999 |    3002001 |          2 |             3 |           177 |        5312 |        4158 |          -1154 |  -96415.64999999997
      1998 | 1999 |    3002001 |          2 |             3 |           219 |        5477 |        4334 |          -1143 |   -36202.9500000001
      1998 | 1999 |    3002001 |          2 |             3 |           286 |        6484 |        5347 |          -1137 |  -48037.11000000007
      1998 | 1999 |    3004001 |          4 |             3 |           320 |        9635 |        8503 |          -1132 |  -80395.99000000017
      1998 | 1999 |    3003001 |          3 |             3 |           318 |        6334 |        5210 |          -1124 |  -77685.19000000006
      1998 | 1999 |    3003002 |          3 |             3 |            13 |        5331 |        4208 |          -1123 | -60342.010000000155
      1998 | 1999 |    3004001 |          4 |             3 |           123 |        9952 |        8830 |          -1122 | -31485.009999999776
      1998 | 1999 |    3001002 |          1 |             3 |           435 |        5405 |        4297 |          -1108 |  -62380.05999999997
      1998 | 1999 |    3002002 |          2 |             3 |            34 |        5073 |        3966 |          -1107 | -34298.030000000115
      1998 | 1999 |    3002001 |          2 |             3 |           522 |        5809 |        4708 |          -1101 | -42509.899999999965
      1998 | 1999 |    3003002 |          3 |             3 |           912 |        5482 |        4382 |          -1100 |  -97700.28000000012
      1998 | 1999 |    3003001 |          3 |             3 |           761 |        6370 |        5279 |          -1091 |  -51475.56000000003
      1998 | 1999 |    3004001 |          4 |             3 |           275 |        5821 |        4744 |          -1077 |  -75053.20000000007
      1998 | 1999 |    3002001 |          2 |             3 |           658 |        4783 |        3711 |          -1072 |  -51522.07999999996
      1998 | 1999 |    3002001 |          2 |             3 |           972 |        5347 |        4281 |          -1066 |  -66295.98999999993
      1998 | 1999 |    3003001 |          3 |             3 |           240 |        6310 |        5256 |          -1054 | -13605.100000000093
      1998 | 1999 |    3001002 |          1 |             3 |           641 |        5429 |        4380 |          -1049 |  -63571.95999999996
      1998 | 1999 |    3001002 |          1 |             3 |           872 |        4638 |        3589 |          -1049 |   5767.379999999917
      1998 | 1999 |    3002002 |          2 |             3 |            46 |        5683 |        4637 |          -1046 | -43531.590000000084
      1998 | 1999 |    3001002 |          1 |             3 |           185 |        4710 |        3668 |          -1042 |  -44191.58999999997
      1998 | 1999 |    3002002 |          2 |             3 |           965 |        6198 |        5158 |          -1040 | -17134.320000000065
      1998 | 1999 |    3003001 |          3 |             3 |           541 |        5400 |        4369 |          -1031 | -24042.420000000013
      1998 | 1999 |    3002001 |          2 |             3 |           257 |        5385 |        4359 |          -1026 |  -43440.79000000001
      1998 | 1999 |    3001001 |          1 |             3 |            37 |        6218 |        5194 |          -1024 |  -85743.87999999998
      1998 | 1999 |    3004001 |          4 |             3 |           659 |        5699 |        4677 |          -1022 |  -98629.43000000008
      1998 | 1999 |    3001001 |          1 |             3 |           253 |        5285 |        4266 |          -1019 |  -43303.68999999997
      1998 | 1999 |    3003001 |          3 |             3 |           137 |        5813 |        4806 |          -1007 |  -87850.52000000014
      1998 | 1999 |    3001002 |          1 |             3 |           416 |        5952 |        4945 |          -1007 |  2829.2600000000675
      1998 | 1999 |    3003002 |          3 |             3 |           757 |        6634 |        5636 |           -998 | -26950.540000000066
      1998 | 1999 |    3004001 |          4 |             3 |           219 |        5647 |        4650 |           -997 |  -83392.68000000017
      1998 | 1999 |    3001001 |          1 |             3 |           175 |        4887 |        3891 |           -996 | -28799.899999999878
      1998 | 1999 |    3003001 |          3 |             3 |           418 |        6165 |        5183 |           -982 | -21291.379999999976
      1998 | 1999 |    3004001 |          4 |             3 |           135 |        5754 |        4785 |           -969 | -50709.800000000134
      1998 | 1999 |    3004001 |          4 |             3 |            73 |        6228 |        5271 |           -957 | -121926.05999999997
      1998 | 1999 |    3002002 |          2 |             3 |            52 |        4887 |        3938 |           -949 |  -69915.53000000006
      1998 | 1999 |    3001002 |          1 |             3 |            93 |        6180 |        5233 |           -947 | -65377.480000000185
      1998 | 1999 |    3002001 |          2 |             3 |           330 |        5840 |        4895 |           -945 |  -9227.950000000157
      1998 | 1999 |    3003001 |          3 |             3 |           306 |        5147 |        4210 |           -937 |  -32297.89000000013
      1998 | 1999 |    3003001 |          3 |             3 |           241 |        6407 |        5470 |           -937 |  -18448.80999999994
      1998 | 1999 |    3004001 |          4 |             3 |           999 |        5208 |        4295 |           -913 |  -55967.73999999996
      1998 | 1999 |    3004002 |          4 |             3 |           826 |        5706 |        4818 |           -888 |  -76179.58000000002
      1998 | 1999 |    3001001 |          1 |             3 |           548 |        5017 |        4133 |           -884 |  11390.409999999945
      1998 | 1999 |    3002001 |          2 |             3 |            79 |        5171 |        4295 |           -876 |   2671.280000000028
      1998 | 1999 |    3001001 |          1 |             3 |           255 |        6336 |        5463 |           -873 |  41391.399999999965
      1998 | 1999 |    3001001 |          1 |             3 |           347 |        6019 |        5152 |           -867 |  -70245.72000000009
      1998 | 1999 |    3004001 |          4 |             3 |          1000 |        4801 |        3938 |           -863 |            26834.03
      1998 | 1999 |    3001001 |          1 |             3 |           815 |        6215 |        5352 |           -863 |  27793.119999999995
(100 rows)

UPDATE time_statistics SET e_time = TRANSACTION_TIMESTAMP() WHERE template = 'query75.tpl' AND stream = 4;
psql:/tmp/s1-basline/throughput/query_4.sql:2214: NOTICE:  duration: 0.046 ms  plan:
Query Text: UPDATE time_statistics SET e_time = TRANSACTION_TIMESTAMP() WHERE template = 'query75.tpl' AND stream = 4;
Update on time_statistics  (cost=0.00..4.26 rows=0 width=0) (actual time=0.045..0.045 rows=0 loops=1)
  ->  Seq Scan on time_statistics  (cost=0.00..4.26 rows=1 width=14) (actual time=0.030..0.030 rows=1 loops=1)
        Filter: ((template = 'query75.tpl'::text) AND (stream = 4))
        Rows Removed by Filter: 108
UPDATE 1
LOAD 'auto_explain'; SET auto_explain.log_min_duration TO 0; SET auto_explain.log_analyze TO on; SET auto_explain.log_level TO notice; INSERT INTO time_statistics (template, s_time, stream, query, seed) VALUES ('query74.tpl', TRANSACTION_TIMESTAMP(), 4, 41, 470550784);
LOAD
SET
SET
SET
psql:/tmp/s1-basline/throughput/query_4.sql:2215: NOTICE:  duration: 0.008 ms  plan:
Query Text: INSERT INTO time_statistics (template, s_time, stream, query, seed) VALUES ('query74.tpl', TRANSACTION_TIMESTAMP(), 4, 41, 470550784);
Insert on time_statistics  (cost=0.00..0.01 rows=0 width=0) (actual time=0.008..0.008 rows=0 loops=1)
  ->  Result  (cost=0.00..0.01 rows=1 width=64) (actual time=0.001..0.002 rows=1 loops=1)
INSERT 0 1
with year_total as (
 select c_customer_id customer_id
       ,c_first_name customer_first_name
       ,c_last_name customer_last_name
       ,d_year as year
       ,max(ss_net_paid) year_total
       ,'s' sale_type
 from customer
     ,store_sales
     ,date_dim
 where c_customer_sk = ss_customer_sk
   and ss_sold_date_sk = d_date_sk
   and d_year in (1998,1998+1)
 group by c_customer_id
         ,c_first_name
         ,c_last_name
         ,d_year
 union all
 select c_customer_id customer_id
       ,c_first_name customer_first_name
       ,c_last_name customer_last_name
       ,d_year as year
       ,max(ws_net_paid) year_total
       ,'w' sale_type
 from customer
     ,web_sales
     ,date_dim
 where c_customer_sk = ws_bill_customer_sk
   and ws_sold_date_sk = d_date_sk
   and d_year in (1998,1998+1)
 group by c_customer_id
         ,c_first_name
         ,c_last_name
         ,d_year
         )
  select 
        t_s_secyear.customer_id, t_s_secyear.customer_first_name, t_s_secyear.customer_last_name
 from year_total t_s_firstyear
     ,year_total t_s_secyear
     ,year_total t_w_firstyear
     ,year_total t_w_secyear
 where t_s_secyear.customer_id = t_s_firstyear.customer_id
         and t_s_firstyear.customer_id = t_w_secyear.customer_id
         and t_s_firstyear.customer_id = t_w_firstyear.customer_id
         and t_s_firstyear.sale_type = 's'
         and t_w_firstyear.sale_type = 'w'
         and t_s_secyear.sale_type = 's'
         and t_w_secyear.sale_type = 'w'
         and t_s_firstyear.year = 1998
         and t_s_secyear.year = 1998+1
         and t_w_firstyear.year = 1998
         and t_w_secyear.year = 1998+1
         and t_s_firstyear.year_total > 0
         and t_w_firstyear.year_total > 0
         and case when t_w_firstyear.year_total > 0 then t_w_secyear.year_total / t_w_firstyear.year_total else null end
           > case when t_s_firstyear.year_total > 0 then t_s_secyear.year_total / t_s_firstyear.year_total else null end
 order by 2,1,3
limit 100;
psql:/tmp/s1-basline/throughput/query_4.sql:2273: NOTICE:  duration: 820724.203 ms  plan:
Query Text: with year_total as (
 select c_customer_id customer_id
       ,c_first_name customer_first_name
       ,c_last_name customer_last_name
       ,d_year as year
       ,max(ss_net_paid) year_total
       ,'s' sale_type
 from customer
     ,store_sales
     ,date_dim
 where c_customer_sk = ss_customer_sk
   and ss_sold_date_sk = d_date_sk
   and d_year in (1998,1998+1)
 group by c_customer_id
         ,c_first_name
         ,c_last_name
         ,d_year
 union all
 select c_customer_id customer_id
       ,c_first_name customer_first_name
       ,c_last_name customer_last_name
       ,d_year as year
       ,max(ws_net_paid) year_total
       ,'w' sale_type
 from customer
     ,web_sales
     ,date_dim
 where c_customer_sk = ws_bill_customer_sk
   and ws_sold_date_sk = d_date_sk
   and d_year in (1998,1998+1)
 group by c_customer_id
         ,c_first_name
         ,c_last_name
         ,d_year
         )
  select 
        t_s_secyear.customer_id, t_s_secyear.customer_first_name, t_s_secyear.customer_last_name
 from year_total t_s_firstyear
     ,year_total t_s_secyear
     ,year_total t_w_firstyear
     ,year_total t_w_secyear
 where t_s_secyear.customer_id = t_s_firstyear.customer_id
         and t_s_firstyear.customer_id = t_w_secyear.customer_id
         and t_s_firstyear.customer_id = t_w_firstyear.customer_id
         and t_s_firstyear.sale_type = 's'
         and t_w_firstyear.sale_type = 'w'
         and t_s_secyear.sale_type = 's'
         and t_w_secyear.sale_type = 'w'
         and t_s_firstyear.year = 1998
         and t_s_secyear.year = 1998+1
         and t_w_firstyear.year = 1998
         and t_w_secyear.year = 1998+1
         and t_s_firstyear.year_total > 0
         and t_w_firstyear.year_total > 0
         and case when t_w_firstyear.year_total > 0 then t_w_secyear.year_total / t_w_firstyear.year_total else null end
           > case when t_s_firstyear.year_total > 0 then t_s_secyear.year_total / t_s_firstyear.year_total else null end
 order by 2,1,3
limit 100;
Limit  (cost=138931.47..138931.47 rows=1 width=276) (actual time=820723.907..820724.145 rows=100 loops=1)
  CTE year_total
    ->  Append  (cost=95865.61..135446.88 rows=33186 width=113) (actual time=1802.058..2839.945 rows=98595 loops=1)
          ->  Finalize GroupAggregate  (cost=95865.61..99174.15 rows=26048 width=113) (actual time=1802.057..2232.160 rows=75933 loops=1)
                Group Key: customer.c_customer_id, customer.c_first_name, customer.c_last_name, date_dim.d_year
                ->  Gather Merge  (cost=95865.61..98642.34 rows=21706 width=81) (actual time=1802.042..2197.671 rows=88859 loops=1)
                      Workers Planned: 2
                      Workers Launched: 2
                      ->  Partial GroupAggregate  (cost=94865.59..95136.91 rows=10853 width=81) (actual time=1719.856..2023.002 rows=29620 loops=3)
                            Group Key: customer.c_customer_id, customer.c_first_name, customer.c_last_name, date_dim.d_year
                            ->  Sort  (cost=94865.59..94892.72 rows=10853 width=81) (actual time=1719.832..1925.531 rows=356092 loops=3)
                                  Sort Key: customer.c_customer_id, customer.c_first_name, customer.c_last_name, date_dim.d_year
                                  Sort Method: external merge  Disk: 37024kB
                                  Worker 0:  Sort Method: external merge  Disk: 31760kB
                                  Worker 1:  Sort Method: external merge  Disk: 31544kB
                                  ->  Nested Loop  (cost=2327.47..94138.12 rows=10853 width=81) (actual time=16.186..900.035 rows=356092 loops=3)
                                        ->  Hash Join  (cost=2327.18..90598.60 rows=11370 width=20) (actual time=16.138..338.663 rows=364690 loops=3)
                                              Hash Cond: (store_sales.ss_sold_date_sk = date_dim.d_date_sk)
                                              ->  Parallel Seq Scan on store_sales  (cost=0.00..85123.48 rows=1199148 width=24) (actual time=0.015..124.579 rows=959309 loops=3)
                                              ->  Hash  (cost=2318.11..2318.11 rows=725 width=12) (actual time=16.068..16.069 rows=730 loops=3)
                                                    Buckets: 1024  Batches: 1  Memory Usage: 43kB
                                                    ->  Seq Scan on date_dim  (cost=0.00..2318.11 rows=725 width=12) (actual time=7.571..15.970 rows=730 loops=3)
                                                          Filter: (d_year = ANY ('{1998,1999}'::integer[]))
                                                          Rows Removed by Filter: 72319
                                        ->  Index Scan using pk_customer on customer  (cost=0.29..0.31 rows=1 width=77) (actual time=0.001..0.001 rows=1 loops=1094071)
                                              Index Cond: (c_customer_sk = store_sales.ss_customer_sk)
          ->  Finalize GroupAggregate  (cost=34868.31..35774.94 rows=7138 width=113) (actual time=532.845..601.843 rows=22662 loops=1)
                Group Key: customer_1.c_customer_id, customer_1.c_first_name, customer_1.c_last_name, date_dim_1.d_year
                ->  Gather Merge  (cost=34868.31..35629.21 rows=5948 width=81) (actual time=532.839..591.989 rows=24260 loops=1)
                      Workers Planned: 2
                      Workers Launched: 2
                      ->  Partial GroupAggregate  (cost=33868.29..33942.64 rows=2974 width=81) (actual time=493.422..525.650 rows=8087 loops=3)
                            Group Key: customer_1.c_customer_id, customer_1.c_first_name, customer_1.c_last_name, date_dim_1.d_year
                            ->  Sort  (cost=33868.29..33875.72 rows=2974 width=81) (actual time=493.408..499.946 rows=96358 loops=3)
                                  Sort Key: customer_1.c_customer_id, customer_1.c_first_name, customer_1.c_last_name, date_dim_1.d_year
                                  Sort Method: external merge  Disk: 10520kB
                                  Worker 0:  Sort Method: quicksort  Memory: 13527kB
                                  Worker 1:  Sort Method: quicksort  Memory: 13522kB
                                  ->  Nested Loop  (cost=2327.47..33696.71 rows=2974 width=81) (actual time=16.225..280.149 rows=96358 loops=3)
                                        ->  Hash Join  (cost=2327.18..32758.95 rows=2975 width=20) (actual time=16.179..120.577 rows=96374 loops=3)
                                              Hash Cond: (web_sales.ws_sold_date_sk = date_dim_1.d_date_sk)
                                              ->  Parallel Seq Scan on web_sales  (cost=0.00..29644.81 rows=299781 width=24) (actual time=0.018..47.831 rows=239825 loops=3)
                                              ->  Hash  (cost=2318.11..2318.11 rows=725 width=12) (actual time=16.102..16.103 rows=730 loops=3)
                                                    Buckets: 1024  Batches: 1  Memory Usage: 43kB
                                                    ->  Seq Scan on date_dim date_dim_1  (cost=0.00..2318.11 rows=725 width=12) (actual time=7.651..16.001 rows=730 loops=3)
                                                          Filter: (d_year = ANY ('{1998,1999}'::integer[]))
                                                          Rows Removed by Filter: 72319
                                        ->  Index Scan using pk_customer on customer customer_1  (cost=0.29..0.32 rows=1 width=77) (actual time=0.001..0.001 rows=1 loops=289121)
                                              Index Cond: (c_customer_sk = web_sales.ws_bill_customer_sk)
  ->  Sort  (cost=3484.59..3484.60 rows=1 width=276) (actual time=820723.907..820723.912 rows=100 loops=1)
        Sort Key: t_s_secyear.customer_first_name, t_s_secyear.customer_id, t_s_secyear.customer_last_name
        Sort Method: quicksort  Memory: 39kB
        ->  Nested Loop  (cost=0.00..3484.58 rows=1 width=276) (actual time=8715.408..820723.678 rows=104 loops=1)
              Join Filter: ((t_s_secyear.customer_id = t_w_secyear.customer_id) AND (CASE WHEN (t_w_firstyear.year_total > '0'::double precision) THEN (t_w_secyear.year_total / t_w_firstyear.year_total) ELSE NULL::double precision END > CASE WHEN (t_s_firstyear.year_total > '0'::double precision) THEN (t_s_secyear.year_total / t_s_firstyear.year_total) ELSE NULL::double precision END))
              Rows Removed by Join Filter: 18563770
              ->  Nested Loop  (cost=0.00..2654.91 rows=1 width=436) (actual time=3222.178..800300.459 rows=1634 loops=1)
                    Join Filter: (t_s_secyear.customer_id = t_w_firstyear.customer_id)
                    Rows Removed by Join Filter: 163885468
                    ->  Nested Loop  (cost=0.00..1742.28 rows=1 width=360) (actual time=2904.893..606511.540 rows=14502 loops=1)
                          Join Filter: (t_s_firstyear.customer_id = t_s_secyear.customer_id)
                          Rows Removed by Join Filter: 1441313528
                          ->  CTE Scan on year_total t_s_firstyear  (cost=0.00..912.62 rows=1 width=76) (actual time=1802.063..1819.398 rows=37610 loops=1)
                                Filter: ((year_total > '0'::double precision) AND (sale_type = 's'::text) AND (year = 1998))
                                Rows Removed by Filter: 60985
                          ->  CTE Scan on year_total t_s_secyear  (cost=0.00..829.65 rows=1 width=284) (actual time=0.000..13.385 rows=38323 loops=37610)
                                Filter: ((sale_type = 's'::text) AND (year = 1999))
                                Rows Removed by Filter: 60272
                    ->  CTE Scan on year_total t_w_firstyear  (cost=0.00..912.62 rows=1 width=76) (actual time=9.172..12.584 rows=11301 loops=14502)
                          Filter: ((year_total > '0'::double precision) AND (sale_type = 'w'::text) AND (year = 1998))
                          Rows Removed by Filter: 87294
              ->  CTE Scan on year_total t_w_secyear  (cost=0.00..829.65 rows=1 width=76) (actual time=8.494..11.717 rows=11361 loops=1634)
                    Filter: ((sale_type = 'w'::text) AND (year = 1999))
                    Rows Removed by Filter: 87234
   customer_id    | customer_first_name  |       customer_last_name       
------------------+----------------------+--------------------------------
 AAAAAAAACIGNAAAA | Alan                 | Sherrill                      
 AAAAAAAAJDEFAAAA | Albert               | Thomas                        
 AAAAAAAAMGBABAAA | Amanda               | Ramirez                       
 AAAAAAAALAEGBAAA | Amelia               | Poole                         
 AAAAAAAAMDECBAAA | Angelique            | Gilchrist                     
 AAAAAAAAODKFBAAA | Antonia              | Crowe                         
 AAAAAAAAEDIDAAAA | Archie               | Wilson                        
 AAAAAAAAGFBJAAAA | Arlene               | Wyant                         
 AAAAAAAAKLFKAAAA | Aubrey               | Washburn                      
 AAAAAAAALOADAAAA | Autumn               | Bentley                       
 AAAAAAAAMLCLAAAA | Barry                | Curtis                        
 AAAAAAAAAIHCAAAA | Bernadette           | Elam                          
 AAAAAAAAACNKAAAA | Bessie               | Herbert                       
 AAAAAAAAABNHAAAA | Bill                 | Watson                        
 AAAAAAAAMJCIAAAA | Bob                  | Clark                         
 AAAAAAAANEGMAAAA | Brandon              | Hall                          
 AAAAAAAALNMMAAAA | Brenda               | Frazer                        
 AAAAAAAAKNGKAAAA | Brian                | Singletary                    
 AAAAAAAALBLAAAAA | Burton               | George                        
 AAAAAAAAJHIIAAAA | Carl                 | Kendall                       
 AAAAAAAAEODOAAAA | Carlos               | Murphy                        
 AAAAAAAAGHOEBAAA | Carrie               | Tracy                         
 AAAAAAAAFPKGBAAA | Charla               | Kellogg                       
 AAAAAAAAPDMGAAAA | Christi              | 
 AAAAAAAANHHIAAAA | Clarence             | Ferguson                      
 AAAAAAAAONGBAAAA | Cody                 | Macias                        
 AAAAAAAALBGMAAAA | Curtis               | Madden                        
 AAAAAAAAFJHGAAAA | Daniel               | Greenlee                      
 AAAAAAAANMOIAAAA | Daniel               | Alvarez                       
 AAAAAAAAIBPPAAAA | David                | Clark                         
 AAAAAAAAFOKLAAAA | Dean                 | Payton                        
 AAAAAAAAFJOJAAAA | Derrick              | Prieto                        
 AAAAAAAAJJDAAAAA | Donald               | Villasenor                    
 AAAAAAAAGNPPAAAA | Dora                 | Copeland                      
 AAAAAAAAOHCLAAAA | Dora                 | Pacheco                       
 AAAAAAAAKALFBAAA | Dorothy              | Pierce                        
 AAAAAAAANIDBBAAA | Dorothy              | Ratcliff                      
 AAAAAAAADGDFAAAA | Earl                 | Churchill                     
 AAAAAAAABGAHBAAA | Eduardo              | Patterson                     
 AAAAAAAACPDIAAAA | Edward               | Eubanks                       
 AAAAAAAALGNLAAAA | Edward               | Maxwell                       
 AAAAAAAALOBJAAAA | Edward               | Moore                         
 AAAAAAAABDDFBAAA | Elias                | Ferguson                      
 AAAAAAAALFPFBAAA | Emery                | Garcia                        
 AAAAAAAACEDFAAAA | Etta                 | Florez                        
 AAAAAAAAENHEAAAA | Fernando             | Hernandez                     
 AAAAAAAAHPBFAAAA | Frank                | Whitley                       
 AAAAAAAAGNJLAAAA | Harold               | Broadway                      
 AAAAAAAACBAFAAAA | Heather              | Franco                        
 AAAAAAAAHJMOAAAA | Henrietta            | Tracy                         
 AAAAAAAAIMIMAAAA | Herman               | Carr                          
 AAAAAAAAICCPAAAA | James                | Guinn                         
 AAAAAAAANDPPAAAA | Janie                | Oconnor                       
 AAAAAAAABDMGBAAA | Jason                | Lyman                         
 AAAAAAAABDBABAAA | Jeff                 | Shepherd                      
 AAAAAAAAGGJCBAAA | Jesse                | Hill                          
 AAAAAAAAKGIMAAAA | Joe                  | Chapman                       
 AAAAAAAAEJAKAAAA | John                 | Earnest                       
 AAAAAAAAKHIAAAAA | Jose                 | Washington                    
 AAAAAAAALIAABAAA | Joseph               | Parker                        
 AAAAAAAAFLCABAAA | Joyce                | Thompson                      
 AAAAAAAAOEJMAAAA | June                 | Daniels                       
 AAAAAAAALHIMAAAA | Karen                | Martinez                      
 AAAAAAAAHKLEBAAA | Karl                 | Lemons                        
 AAAAAAAAAIIEAAAA | Kathleen             | Knight                        
 AAAAAAAAOKCDBAAA | Leigh                | Smith                         
 AAAAAAAADOKFAAAA | Linda                | Rocha                         
 AAAAAAAAODPCAAAA | Manuel               | Sawyer                        
 AAAAAAAAFMPFAAAA | Marvin               | Logan                         
 AAAAAAAAKMHPAAAA | Melody               | Lambert                       
 AAAAAAAAHBOCAAAA | Michael              | Duncan                        
 AAAAAAAALJGDAAAA | Michael              | Marshall                      
 AAAAAAAANBLDAAAA | Michael              | Frank                         
 AAAAAAAAFMLBAAAA | Micheal              | Valdez                        
 AAAAAAAALLDBBAAA | Molly                | Cruse                         
 AAAAAAAACDBABAAA | Nancy                | Castillo                      
 AAAAAAAAFADFBAAA | Nancy                | Hawkins                       
 AAAAAAAAFGGFAAAA | Nathaniel            | Walker                        
 AAAAAAAACFMOAAAA | Nichole              | Thornton                      
 AAAAAAAABKLDAAAA | Olga                 | Lozano                        
 AAAAAAAAMJIHBAAA | Philip               | Barnes                        
 AAAAAAAADCGIAAAA | Preston              | Collins                       
 AAAAAAAABDPHBAAA | Raquel               | Lynch                         
 AAAAAAAAPEDGAAAA | Rebecca              | Nation                        
 AAAAAAAAMJCNAAAA | Richard              | Wright                        
 AAAAAAAABLHOAAAA | Robert               | 
 AAAAAAAABOJPAAAA | Robert               | Jackson                       
 AAAAAAAACAIHAAAA | Robert               | Lee                           
 AAAAAAAAMPCHAAAA | Robert               | Murphy                        
 AAAAAAAAFPMBBAAA | Rodney               | Wallace                       
 AAAAAAAAGGDHBAAA | Rose                 | Keyes                         
 AAAAAAAAGJAGAAAA | Russell              | Carroll                       
 AAAAAAAAAIGEAAAA | Sandra               | Sanchez                       
 AAAAAAAAMKHJAAAA | Santiago             | Bryant                        
 AAAAAAAAAIGHAAAA | Stephen              | Quinones                      
 AAAAAAAANPLDAAAA | Steve                | Scott                         
 AAAAAAAAPMBDBAAA | Suzanne              | Peters                        
 AAAAAAAAOKCABAAA | Tammy                | Allen                         
 AAAAAAAACMFDBAAA | Timothy              | Kelly                         
 AAAAAAAAFCMABAAA | Vivian               | Bartholomew                   
(100 rows)

UPDATE time_statistics SET e_time = TRANSACTION_TIMESTAMP() WHERE template = 'query74.tpl' AND stream = 4;
psql:/tmp/s1-basline/throughput/query_4.sql:2275: NOTICE:  duration: 0.046 ms  plan:
Query Text: UPDATE time_statistics SET e_time = TRANSACTION_TIMESTAMP() WHERE template = 'query74.tpl' AND stream = 4;
Update on time_statistics  (cost=0.00..4.92 rows=0 width=0) (actual time=0.044..0.045 rows=0 loops=1)
  ->  Seq Scan on time_statistics  (cost=0.00..4.92 rows=1 width=14) (actual time=0.028..0.030 rows=1 loops=1)
        Filter: ((template = 'query74.tpl'::text) AND (stream = 4))
        Rows Removed by Filter: 140
UPDATE 1
LOAD 'auto_explain'; SET auto_explain.log_min_duration TO 0; SET auto_explain.log_analyze TO on; SET auto_explain.log_level TO notice; INSERT INTO time_statistics (template, s_time, stream, query, seed) VALUES ('query55.tpl', TRANSACTION_TIMESTAMP(), 4, 42, 1618011860);
LOAD
SET
SET
SET
psql:/tmp/s1-basline/throughput/query_4.sql:2276: NOTICE:  duration: 0.029 ms  plan:
Query Text: INSERT INTO time_statistics (template, s_time, stream, query, seed) VALUES ('query55.tpl', TRANSACTION_TIMESTAMP(), 4, 42, 1618011860);
Insert on time_statistics  (cost=0.00..0.01 rows=0 width=0) (actual time=0.028..0.028 rows=0 loops=1)
  ->  Result  (cost=0.00..0.01 rows=1 width=64) (actual time=0.001..0.002 rows=1 loops=1)
INSERT 0 1
select  i_brand_id brand_id, i_brand brand,
 	sum(ss_ext_sales_price) ext_price
 from date_dim, store_sales, item
 where d_date_sk = ss_sold_date_sk
 	and ss_item_sk = i_item_sk
 	and i_manager_id=35
 	and d_moy=12
 	and d_year=1998
 group by i_brand, i_brand_id
 order by ext_price desc, i_brand_id
limit 100 ;
psql:/tmp/s1-basline/throughput/query_4.sql:2287: NOTICE:  duration: 46.296 ms  plan:
Query Text: select  i_brand_id brand_id, i_brand brand,
 	sum(ss_ext_sales_price) ext_price
 from date_dim, store_sales, item
 where d_date_sk = ss_sold_date_sk
 	and ss_item_sk = i_item_sk
 	and i_manager_id=35
 	and d_moy=12
 	and d_year=1998
 group by i_brand, i_brand_id
 order by ext_price desc, i_brand_id
limit 100 ;
Limit  (cost=28408.80..28408.83 rows=10 width=63) (actual time=46.265..46.273 rows=52 loops=1)
  ->  Sort  (cost=28408.80..28408.83 rows=10 width=63) (actual time=46.264..46.268 rows=52 loops=1)
        Sort Key: (sum(store_sales.ss_ext_sales_price)) DESC, item.i_brand_id
        Sort Method: quicksort  Memory: 32kB
        ->  GroupAggregate  (cost=28408.43..28408.63 rows=10 width=63) (actual time=46.090..46.250 rows=52 loops=1)
              Group Key: item.i_brand, item.i_brand_id
              ->  Sort  (cost=28408.43..28408.46 rows=10 width=63) (actual time=46.076..46.106 rows=721 loops=1)
                    Sort Key: item.i_brand, item.i_brand_id
                    Sort Method: quicksort  Memory: 98kB
                    ->  Nested Loop  (cost=0.73..28408.27 rows=10 width=63) (actual time=0.367..45.568 rows=721 loops=1)
                          ->  Nested Loop  (cost=0.43..27221.06 rows=24463 width=71) (actual time=0.083..36.181 rows=24048 loops=1)
                                ->  Seq Scan on item  (cost=0.00..1481.00 rows=153 width=63) (actual time=0.074..9.266 rows=153 loops=1)
                                      Filter: (i_manager_id = 35)
                                      Rows Removed by Filter: 17847
                                ->  Index Scan using pk_store_sales on store_sales  (cost=0.43..166.50 rows=174 width=24) (actual time=0.006..0.152 rows=157 loops=153)
                                      Index Cond: (ss_item_sk = item.i_item_sk)
                          ->  Memoize  (cost=0.30..0.33 rows=1 width=8) (actual time=0.000..0.000 rows=0 loops=24048)
                                Cache Key: store_sales.ss_sold_date_sk
                                Cache Mode: logical
                                Hits: 22224  Misses: 1824  Evictions: 0  Overflows: 0  Memory Usage: 130kB
                                ->  Index Scan using pk_date_dim on date_dim  (cost=0.29..0.32 rows=1 width=8) (actual time=0.001..0.001 rows=0 loops=1824)
                                      Index Cond: (d_date_sk = store_sales.ss_sold_date_sk)
                                      Filter: ((d_moy = 12) AND (d_year = 1998))
                                      Rows Removed by Filter: 1
 brand_id |                       brand                        |     ext_price      
----------+----------------------------------------------------+--------------------
  1004001 | edu packamalg #1                                   |  80445.70000000001
  4003002 | exportiedu pack #2                                 |            65465.3
  4004002 | edu packedu pack #2                                |  58053.38999999999
 10009003 | maxiunivamalg #3                                   |           55991.61
  2002002 | importoimporto #2                                  |           46586.45
  5001001 | amalgscholar #1                                    |            46113.7
  8003005 | exportinameless #5                                 |  45655.79999999999
  1002001 | importoamalg #1                                    |           42667.57
  6009007 | maxicorp #7                                        | 41917.969999999994
  3002002 | importoexporti #2                                  |           41530.64
  9013003 | exportiunivamalg #3                                |            39923.1
  5002002 | importoscholar #2                                  |            38453.7
  4001001 | amalgedu pack #1                                   |           37449.04
  1001001 | amalgamalg #1                                      |  31077.60000000001
  4001002 | amalgedu pack #2                                   | 28852.610000000004
  9010002 | univunivamalg #2                                   | 28152.989999999998
 10016003 | corpamalgamalg #3                                  |           27799.61
  9006008 | corpmaxi #8                                        |           26029.69
  3002001 | importoexporti #1                                  | 25736.820000000003
  7004003 | edu packbrand #3                                   |           25684.33
  1001002 | amalgamalg #2                                      | 25372.640000000003
  5003001 | exportischolar #1                                  |           24113.38
  8015005 | scholarmaxi #5                                     |  23407.88000000001
  3003002 | exportiexporti #2                                  |           23254.48
  2004002 | edu packimporto #2                                 | 21631.819999999996
  7009007 | maxibrand #7                                       | 21554.120000000003
  8010009 | univmaxi #9                                        | 21424.900000000005
  2001001 | amalgimporto #1                                    |           20652.66
  6007004 | brandcorp #4                                       |           19921.24
  7001001 | amalgbrand #1                                      |           18040.91
  5002001 | importoscholar #1                                  | 17947.280000000002
  3001002 | amalgexporti #2                                    | 16852.379999999997
 10012007 | importoamalgamalg #7                               |           15930.06
  8013007 | exportimaxi #7                                     | 15840.480000000001
  3001001 | amalgexporti #1                                    |           15029.78
  7016001 | corpnameless #1                                    | 14150.120000000003
  6013001 | exportibrand #1                                    | 14018.759999999998
  7009001 | maxibrand #1                                       | 13792.160000000002
 10010013 | univamalgamalg #13                                 |           13541.16
  2004001 | edu packimporto #1                                 |           13107.21
  9003011 | exportimaxi #11                                    | 12917.279999999999
  6005005 | scholarcorp #5                                     | 12333.869999999999
  7013004 | exportinameless #4                                 |           12167.25
  5004001 | edu packscholar #1                                 | 10904.009999999998
  6003007 | exporticorp #7                                     | 10239.079999999998
  4002002 | importoedu pack #2                                 |  9531.500000000002
  3004001 | edu packexporti #1                                 |            9519.76
  8009007 | maxinameless #7                                    |            9384.51
  6009002 | maxicorp #2                                        |            9170.91
  6008008 | namelesscorp #8                                    |            6167.91
  7009004 | maxibrand #4                                       |            5843.17
  5001002 | amalgscholar #2                                    |             1284.1
(52 rows)

UPDATE time_statistics SET e_time = TRANSACTION_TIMESTAMP() WHERE template = 'query55.tpl' AND stream = 4;
psql:/tmp/s1-basline/throughput/query_4.sql:2289: NOTICE:  duration: 0.042 ms  plan:
Query Text: UPDATE time_statistics SET e_time = TRANSACTION_TIMESTAMP() WHERE template = 'query55.tpl' AND stream = 4;
Update on time_statistics  (cost=0.00..4.92 rows=0 width=0) (actual time=0.041..0.042 rows=0 loops=1)
  ->  Seq Scan on time_statistics  (cost=0.00..4.92 rows=1 width=14) (actual time=0.019..0.027 rows=1 loops=1)
        Filter: ((template = 'query55.tpl'::text) AND (stream = 4))
        Rows Removed by Filter: 141
UPDATE 1
LOAD 'auto_explain'; SET auto_explain.log_min_duration TO 0; SET auto_explain.log_analyze TO on; SET auto_explain.log_level TO notice; INSERT INTO time_statistics (template, s_time, stream, query, seed) VALUES ('query51.tpl', TRANSACTION_TIMESTAMP(), 4, 43, 339909059);
LOAD
SET
SET
SET
psql:/tmp/s1-basline/throughput/query_4.sql:2290: NOTICE:  duration: 0.009 ms  plan:
Query Text: INSERT INTO time_statistics (template, s_time, stream, query, seed) VALUES ('query51.tpl', TRANSACTION_TIMESTAMP(), 4, 43, 339909059);
Insert on time_statistics  (cost=0.00..0.01 rows=0 width=0) (actual time=0.008..0.008 rows=0 loops=1)
  ->  Result  (cost=0.00..0.01 rows=1 width=64) (actual time=0.002..0.002 rows=1 loops=1)
INSERT 0 1
WITH web_v1 as (
select
  ws_item_sk item_sk, d_date,
  sum(sum(ws_sales_price))
      over (partition by ws_item_sk order by d_date rows between unbounded preceding and current row) cume_sales
from web_sales
    ,date_dim
where ws_sold_date_sk=d_date_sk
  and d_month_seq between 1204 and 1204+11
  and ws_item_sk is not NULL
group by ws_item_sk, d_date),
store_v1 as (
select
  ss_item_sk item_sk, d_date,
  sum(sum(ss_sales_price))
      over (partition by ss_item_sk order by d_date rows between unbounded preceding and current row) cume_sales
from store_sales
    ,date_dim
where ss_sold_date_sk=d_date_sk
  and d_month_seq between 1204 and 1204+11
  and ss_item_sk is not NULL
group by ss_item_sk, d_date)
 select  *
from (select item_sk
     ,d_date
     ,web_sales
     ,store_sales
     ,max(web_sales)
         over (partition by item_sk order by d_date rows between unbounded preceding and current row) web_cumulative
     ,max(store_sales)
         over (partition by item_sk order by d_date rows between unbounded preceding and current row) store_cumulative
     from (select case when web.item_sk is not null then web.item_sk else store.item_sk end item_sk
                 ,case when web.d_date is not null then web.d_date else store.d_date end d_date
                 ,web.cume_sales web_sales
                 ,store.cume_sales store_sales
           from web_v1 web full outer join store_v1 store on (web.item_sk = store.item_sk
                                                          and web.d_date = store.d_date)
          )x )y
where web_cumulative > store_cumulative
order by item_sk
        ,d_date
limit 100;
psql:/tmp/s1-basline/throughput/query_4.sql:2332: NOTICE:  duration: 1422.526 ms  plan:
Query Text: WITH web_v1 as (
select
  ws_item_sk item_sk, d_date,
  sum(sum(ws_sales_price))
      over (partition by ws_item_sk order by d_date rows between unbounded preceding and current row) cume_sales
from web_sales
    ,date_dim
where ws_sold_date_sk=d_date_sk
  and d_month_seq between 1204 and 1204+11
  and ws_item_sk is not NULL
group by ws_item_sk, d_date),
store_v1 as (
select
  ss_item_sk item_sk, d_date,
  sum(sum(ss_sales_price))
      over (partition by ss_item_sk order by d_date rows between unbounded preceding and current row) cume_sales
from store_sales
    ,date_dim
where ss_sold_date_sk=d_date_sk
  and d_month_seq between 1204 and 1204+11
  and ss_item_sk is not NULL
group by ss_item_sk, d_date)
 select  *
from (select item_sk
     ,d_date
     ,web_sales
     ,store_sales
     ,max(web_sales)
         over (partition by item_sk order by d_date rows between unbounded preceding and current row) web_cumulative
     ,max(store_sales)
         over (partition by item_sk order by d_date rows between unbounded preceding and current row) store_cumulative
     from (select case when web.item_sk is not null then web.item_sk else store.item_sk end item_sk
                 ,case when web.d_date is not null then web.d_date else store.d_date end d_date
                 ,web.cume_sales web_sales
                 ,store.cume_sales store_sales
           from web_v1 web full outer join store_v1 store on (web.item_sk = store.item_sk
                                                          and web.d_date = store.d_date)
          )x )y
where web_cumulative > store_cumulative
order by item_sk
        ,d_date
limit 100;
Limit  (cost=129566.91..129577.41 rows=100 width=44) (actual time=1365.576..1422.459 rows=100 loops=1)
  ->  Subquery Scan on y  (cost=129566.91..130025.34 rows=4366 width=44) (actual time=1365.575..1422.452 rows=100 loops=1)
        Filter: (y.web_cumulative > y.store_cumulative)
        Rows Removed by Filter: 1541
        ->  WindowAgg  (cost=129566.91..129861.62 rows=13098 width=44) (actual time=1365.533..1422.371 rows=1641 loops=1)
              ->  Sort  (cost=129566.91..129599.66 rows=13098 width=28) (actual time=1365.521..1421.725 rows=1642 loops=1)
                    Sort Key: (CASE WHEN (web_sales.ws_item_sk IS NOT NULL) THEN web_sales.ws_item_sk ELSE store_sales.ss_item_sk END), (CASE WHEN (date_dim.d_date IS NOT NULL) THEN date_dim.d_date ELSE date_dim_1.d_date END)
                    Sort Method: external merge  Disk: 20288kB
                    ->  Merge Full Join  (cost=126127.03..128671.20 rows=13098 width=28) (actual time=494.018..1286.990 rows=603393 loops=1)
                          Merge Cond: ((web_sales.ws_item_sk = store_sales.ss_item_sk) AND (date_dim.d_date = date_dim_1.d_date))
                          ->  WindowAgg  (cost=34011.71..34485.59 rows=3427 width=20) (actual time=123.933..274.918 rows=138851 loops=1)
                                ->  Finalize GroupAggregate  (cost=34011.71..34425.62 rows=3427 width=20) (actual time=123.925..214.828 rows=138851 loops=1)
                                      Group Key: web_sales.ws_item_sk, date_dim.d_date
                                      ->  Gather Merge  (cost=34011.71..34369.93 rows=2856 width=20) (actual time=123.921..178.006 rows=141059 loops=1)
                                            Workers Planned: 2
                                            Workers Launched: 2
                                            ->  Partial GroupAggregate  (cost=33011.69..33040.25 rows=1428 width=20) (actual time=114.488..135.791 rows=47020 loops=3)
                                                  Group Key: web_sales.ws_item_sk, date_dim.d_date
                                                  ->  Sort  (cost=33011.69..33015.26 rows=1428 width=20) (actual time=114.478..120.365 rows=47544 loops=3)
                                                        Sort Key: web_sales.ws_item_sk, date_dim.d_date
                                                        Sort Method: quicksort  Memory: 7600kB
                                                        Worker 0:  Sort Method: quicksort  Memory: 3699kB
                                                        Worker 1:  Sort Method: quicksort  Memory: 3761kB
                                                        ->  Hash Join  (cost=2505.08..32936.86 rows=1428 width=20) (actual time=12.854..99.681 rows=47544 loops=3)
                                                              Hash Cond: (web_sales.ws_sold_date_sk = date_dim.d_date_sk)
                                                              ->  Parallel Seq Scan on web_sales  (cost=0.00..29644.81 rows=299781 width=24) (actual time=0.019..62.177 rows=239825 loops=3)
                                                                    Filter: (ws_item_sk IS NOT NULL)
                                                              ->  Hash  (cost=2500.73..2500.73 rows=348 width=12) (actual time=12.779..12.780 rows=365 loops=3)
                                                                    Buckets: 1024  Batches: 1  Memory Usage: 26kB
                                                                    ->  Seq Scan on date_dim  (cost=0.00..2500.73 rows=348 width=12) (actual time=6.072..12.728 rows=365 loops=3)
                                                                          Filter: ((d_month_seq >= 1204) AND (d_month_seq <= 1215))
                                                                          Rows Removed by Filter: 72684
                          ->  WindowAgg  (cost=92115.32..93926.52 rows=13098 width=20) (actual time=370.081..917.039 rows=490874 loops=1)
                                ->  Finalize GroupAggregate  (cost=92115.32..93697.30 rows=13098 width=20) (actual time=370.073..717.258 rows=490874 loops=1)
                                      Group Key: store_sales.ss_item_sk, date_dim_1.d_date
                                      ->  Gather Merge  (cost=92115.32..93484.45 rows=10916 width=20) (actual time=370.066..592.322 rows=526309 loops=1)
                                            Workers Planned: 2
                                            Workers Launched: 2
                                            ->  Partial GroupAggregate  (cost=91115.29..91224.45 rows=5458 width=20) (actual time=352.653..428.260 rows=175436 loops=3)
                                                  Group Key: store_sales.ss_item_sk, date_dim_1.d_date
                                                  ->  Sort  (cost=91115.29..91128.94 rows=5458 width=20) (actual time=352.639..365.777 rows=181703 loops=3)
                                                        Sort Key: store_sales.ss_item_sk, date_dim_1.d_date
                                                        Sort Method: external merge  Disk: 6584kB
                                                        Worker 0:  Sort Method: quicksort  Memory: 15187kB
                                                        Worker 1:  Sort Method: quicksort  Memory: 15308kB
                                                        ->  Hash Join  (cost=2505.08..90776.51 rows=5458 width=20) (actual time=13.311..278.791 rows=181703 loops=3)
                                                              Hash Cond: (store_sales.ss_sold_date_sk = date_dim_1.d_date_sk)
                                                              ->  Parallel Seq Scan on store_sales  (cost=0.00..85123.48 rows=1199148 width=24) (actual time=0.015..177.441 rows=959309 loops=3)
                                                                    Filter: (ss_item_sk IS NOT NULL)
                                                              ->  Hash  (cost=2500.73..2500.73 rows=348 width=12) (actual time=13.234..13.235 rows=365 loops=3)
                                                                    Buckets: 1024  Batches: 1  Memory Usage: 26kB
                                                                    ->  Seq Scan on date_dim date_dim_1  (cost=0.00..2500.73 rows=348 width=12) (actual time=6.208..13.185 rows=365 loops=3)
                                                                          Filter: ((d_month_seq >= 1204) AND (d_month_seq <= 1215))
                                                                          Rows Removed by Filter: 72684
 item_sk |   d_date   |     web_sales      |    store_sales     |   web_cumulative   |  store_cumulative  
---------+------------+--------------------+--------------------+--------------------+--------------------
       2 | 2000-05-28 |              64.21 |                    |              64.21 |              50.25
       3 | 2001-01-08 |                    |               7.83 | 189.67000000000002 |               7.83
       3 | 2001-01-11 |             194.55 |                    |             194.55 |               7.83
       3 | 2001-01-17 |                    |               43.9 |             194.55 |               43.9
       3 | 2001-01-29 |                    |              69.12 |             194.55 |              69.12
       3 | 2001-01-30 |                    |  75.13000000000001 |             194.55 |  75.13000000000001
       3 | 2001-02-11 |                    |  75.13000000000001 |             194.55 |  75.13000000000001
       3 | 2001-02-21 |                    |  87.47000000000001 |             194.55 |  87.47000000000001
       3 | 2001-02-23 |                    | 106.63000000000001 |             194.55 | 106.63000000000001
       3 | 2001-03-21 |                    | 154.42000000000002 |             194.55 | 154.42000000000002
       8 | 2000-09-22 |             405.07 |                    |             405.07 |             307.33
       8 | 2000-09-26 |                    |             313.89 |             405.07 |             313.89
       9 | 2001-01-13 |                3.2 |                    |                3.2 |                  0
      11 | 2000-05-18 |                    |              28.97 |              91.17 |              28.97
      11 | 2000-05-19 |                    |              48.72 |              91.17 |              48.72
      11 | 2000-05-28 |                    |              73.36 |              91.17 |              73.36
      11 | 2000-06-05 |                    |              88.45 |              91.17 |              88.45
      15 | 2001-01-13 |              51.43 |                    |              51.43 |               4.48
      15 | 2001-01-14 |                    |              20.03 |              51.43 |              20.03
      15 | 2001-01-15 |                    | 43.290000000000006 |              51.43 | 43.290000000000006
      15 | 2001-01-23 |              58.59 |                    |              58.59 | 43.290000000000006
      15 | 2001-01-29 |                    | 47.480000000000004 |              58.59 | 47.480000000000004
      15 | 2001-02-05 |                    |               53.5 |              58.59 |               53.5
      19 | 2000-06-26 | 116.77000000000001 |                    | 116.77000000000001 |             108.61
      21 | 2001-01-23 |              81.25 |                    |              81.25 |              22.09
      21 | 2001-01-24 |                    |              41.18 |              81.25 |              41.18
      21 | 2001-02-02 |             227.74 |                    |             227.74 |              41.18
      21 | 2001-02-06 |                    |              58.85 |             227.74 |              58.85
      21 | 2001-02-10 |                    |              61.17 |             227.74 |              61.17
      21 | 2001-02-13 |                    |             107.68 |             227.74 |             107.68
      21 | 2001-03-14 |             236.22 |                    |             236.22 |             107.68
      21 | 2001-04-03 |                    | 189.16000000000003 |             236.22 | 189.16000000000003
      21 | 2001-04-04 |                    | 204.12000000000003 |             236.22 | 204.12000000000003
      21 | 2001-04-08 |             258.73 |                    |             258.73 | 204.12000000000003
      21 | 2001-04-09 |                    | 216.00000000000003 |             258.73 | 216.00000000000003
      21 | 2001-04-19 |                    | 251.59000000000003 |             258.73 | 251.59000000000003
      21 | 2001-04-29 | 278.71000000000004 |                    | 278.71000000000004 | 251.59000000000003
      27 | 2001-01-29 |             238.24 |                    |             238.24 |             178.48
      27 | 2001-02-04 |                    | 184.23999999999998 |             238.24 | 184.23999999999998
      27 | 2001-02-08 | 297.84000000000003 |                    | 297.84000000000003 | 184.23999999999998
      27 | 2001-02-10 |                    | 199.11999999999998 | 297.84000000000003 | 199.11999999999998
      27 | 2001-02-11 | 304.75000000000006 |                    | 304.75000000000006 | 199.11999999999998
      27 | 2001-02-25 |                    | 226.62999999999997 | 304.75000000000006 | 226.62999999999997
      27 | 2001-03-11 |  372.6600000000001 |                    |  372.6600000000001 | 226.62999999999997
      27 | 2001-03-15 | 400.18000000000006 |                    | 400.18000000000006 | 226.62999999999997
      27 | 2001-03-24 |                    | 238.77999999999997 | 400.18000000000006 | 238.77999999999997
      27 | 2001-03-29 |             512.48 |                    |             512.48 | 238.77999999999997
      27 | 2001-04-10 |                    |             270.33 |             512.48 |             270.33
      27 | 2001-04-30 |             610.61 |                    |             610.61 |             270.33
      32 | 2000-05-13 |                    |               16.9 |             116.43 |               16.9
      32 | 2000-05-18 |                    |              29.22 |             116.43 |              29.22
      32 | 2000-06-02 |             177.69 |                    |             177.69 |              29.22
      32 | 2000-07-11 |             236.79 |                117 |             236.79 |                117
      32 | 2000-07-13 |                    |             146.61 |             236.79 |             146.61
      32 | 2000-07-18 |             336.64 |                    |             336.64 |             146.61
      32 | 2000-07-21 | 463.91999999999996 |                    | 463.91999999999996 |             146.61
      32 | 2000-07-30 |  566.8199999999999 |                    |  566.8199999999999 |             146.61
      32 | 2000-08-03 |  586.2299999999999 |                    |  586.2299999999999 |             146.61
      32 | 2000-08-06 |                    | 174.01000000000002 |  586.2299999999999 | 174.01000000000002
      32 | 2000-08-09 |  633.0199999999999 |                    |  633.0199999999999 | 174.01000000000002
      32 | 2000-08-14 |                    | 178.54000000000002 |  633.0199999999999 | 178.54000000000002
      32 | 2000-08-18 |                    | 234.88000000000002 |  633.0199999999999 | 234.88000000000002
      32 | 2000-08-31 |                    |              239.8 |  633.0199999999999 |              239.8
      32 | 2000-09-13 |  679.7999999999998 |                    |  679.7999999999998 |              239.8
      32 | 2000-09-19 |                    |             259.85 |  679.7999999999998 |             259.85
      32 | 2000-09-26 |  744.3599999999999 |                    |  744.3599999999999 |             259.85
      32 | 2000-10-04 |                    |             278.31 |  744.3599999999999 |             278.31
      32 | 2000-10-09 |                    |              398.7 |  744.3599999999999 |              398.7
      32 | 2000-10-10 |                    | 503.66999999999996 |  744.3599999999999 | 503.66999999999996
      32 | 2000-10-13 |  766.8999999999999 |                    |  766.8999999999999 | 503.66999999999996
      32 | 2000-10-14 |  770.8699999999999 |                    |  770.8699999999999 | 503.66999999999996
      32 | 2000-10-19 |                    |  595.8499999999999 |  770.8699999999999 |  595.8499999999999
      32 | 2000-10-27 |                    |  716.7299999999999 |  770.8699999999999 |  716.7299999999999
      33 | 2001-03-10 |                142 |                    |                142 | 118.85000000000001
      33 | 2001-03-12 |                    | 127.33000000000001 |                142 | 127.33000000000001
      33 | 2001-03-26 |                    |             134.24 |                142 |             134.24
      33 | 2001-04-12 | 173.82999999999998 |                    | 173.82999999999998 |             134.24
      33 | 2001-04-24 |                    | 139.95000000000002 | 173.82999999999998 | 139.95000000000002
      37 | 2000-05-03 |                    |              86.88 |             117.34 |              86.88
      37 | 2000-05-04 |                    |              86.88 |             117.34 |              86.88
      39 | 2001-03-26 |             274.45 |                    |             274.45 |             270.95
      39 | 2001-04-03 |                    |             273.17 |             274.45 |             273.17
      41 | 2000-05-09 |                    |              16.54 |             101.87 |              16.54
      41 | 2000-05-13 |                    |              57.36 |             101.87 |              57.36
      41 | 2000-05-14 |                    |              59.66 |             101.87 |              59.66
      41 | 2000-06-03 | 228.82999999999998 |                    | 228.82999999999998 |             119.83
      41 | 2000-06-04 |                    |             138.75 | 228.82999999999998 |             138.75
      41 | 2000-06-12 |                    |             227.31 | 228.82999999999998 |             227.31
      41 | 2000-06-22 |                    |             227.85 | 228.82999999999998 |             227.85
      41 | 2000-06-23 |             294.84 |                    |             294.84 |             227.85
      41 | 2000-06-26 |                    |             247.23 |             294.84 |             247.23
      41 | 2000-07-04 |                    | 251.79999999999998 |             294.84 | 251.79999999999998
      41 | 2000-07-26 |                    |              272.4 |             294.84 |              272.4
      45 | 2001-01-17 |                    |              41.24 |              48.04 |              41.24
      45 | 2001-01-19 |  92.53999999999999 |                    |  92.53999999999999 |              41.24
      45 | 2001-01-20 | 178.20999999999998 |                    | 178.20999999999998 |              41.24
      45 | 2001-02-02 |                    |  68.46000000000001 | 178.20999999999998 |  68.46000000000001
      45 | 2001-02-03 |                    | 117.85000000000001 | 178.20999999999998 | 117.85000000000001
      47 | 2000-08-05 |                 74 |                    |                 74 |              67.64
      50 | 2000-06-04 |               18.5 |                    |               18.5 |              14.76
(100 rows)

UPDATE time_statistics SET e_time = TRANSACTION_TIMESTAMP() WHERE template = 'query51.tpl' AND stream = 4;
psql:/tmp/s1-basline/throughput/query_4.sql:2334: NOTICE:  duration: 0.050 ms  plan:
Query Text: UPDATE time_statistics SET e_time = TRANSACTION_TIMESTAMP() WHERE template = 'query51.tpl' AND stream = 4;
Update on time_statistics  (cost=0.00..4.92 rows=0 width=0) (actual time=0.049..0.050 rows=0 loops=1)
  ->  Seq Scan on time_statistics  (cost=0.00..4.92 rows=1 width=14) (actual time=0.027..0.035 rows=1 loops=1)
        Filter: ((template = 'query51.tpl'::text) AND (stream = 4))
        Rows Removed by Filter: 142
UPDATE 1
LOAD 'auto_explain'; SET auto_explain.log_min_duration TO 0; SET auto_explain.log_analyze TO on; SET auto_explain.log_level TO notice; INSERT INTO time_statistics (template, s_time, stream, query, seed) VALUES ('query17.tpl', TRANSACTION_TIMESTAMP(), 4, 44, 545053593);
LOAD
SET
SET
SET
psql:/tmp/s1-basline/throughput/query_4.sql:2335: NOTICE:  duration: 0.008 ms  plan:
Query Text: INSERT INTO time_statistics (template, s_time, stream, query, seed) VALUES ('query17.tpl', TRANSACTION_TIMESTAMP(), 4, 44, 545053593);
Insert on time_statistics  (cost=0.00..0.01 rows=0 width=0) (actual time=0.008..0.008 rows=0 loops=1)
  ->  Result  (cost=0.00..0.01 rows=1 width=64) (actual time=0.001..0.002 rows=1 loops=1)
INSERT 0 1
select  i_item_id
       ,i_item_desc
       ,s_state
       ,count(ss_quantity) as store_sales_quantitycount
       ,avg(ss_quantity) as store_sales_quantityave
       ,stddev_samp(ss_quantity) as store_sales_quantitystdev
       ,stddev_samp(ss_quantity)/avg(ss_quantity) as store_sales_quantitycov
       ,count(sr_return_quantity) as store_returns_quantitycount
       ,avg(sr_return_quantity) as store_returns_quantityave
       ,stddev_samp(sr_return_quantity) as store_returns_quantitystdev
       ,stddev_samp(sr_return_quantity)/avg(sr_return_quantity) as store_returns_quantitycov
       ,count(cs_quantity) as catalog_sales_quantitycount ,avg(cs_quantity) as catalog_sales_quantityave
       ,stddev_samp(cs_quantity) as catalog_sales_quantitystdev
       ,stddev_samp(cs_quantity)/avg(cs_quantity) as catalog_sales_quantitycov
 from store_sales
     ,store_returns
     ,catalog_sales
     ,date_dim d1
     ,date_dim d2
     ,date_dim d3
     ,store
     ,item
 where d1.d_quarter_name = '2001Q1'
   and d1.d_date_sk = ss_sold_date_sk
   and i_item_sk = ss_item_sk
   and s_store_sk = ss_store_sk
   and ss_customer_sk = sr_customer_sk
   and ss_item_sk = sr_item_sk
   and ss_ticket_number = sr_ticket_number
   and sr_returned_date_sk = d2.d_date_sk
   and d2.d_quarter_name in ('2001Q1','2001Q2','2001Q3')
   and sr_customer_sk = cs_bill_customer_sk
   and sr_item_sk = cs_item_sk
   and cs_sold_date_sk = d3.d_date_sk
   and d3.d_quarter_name in ('2001Q1','2001Q2','2001Q3')
 group by i_item_id
         ,i_item_desc
         ,s_state
 order by i_item_id
         ,i_item_desc
         ,s_state
limit 100;
psql:/tmp/s1-basline/throughput/query_4.sql:2377: NOTICE:  duration: 2697.525 ms  plan:
Query Text: select  i_item_id
       ,i_item_desc
       ,s_state
       ,count(ss_quantity) as store_sales_quantitycount
       ,avg(ss_quantity) as store_sales_quantityave
       ,stddev_samp(ss_quantity) as store_sales_quantitystdev
       ,stddev_samp(ss_quantity)/avg(ss_quantity) as store_sales_quantitycov
       ,count(sr_return_quantity) as store_returns_quantitycount
       ,avg(sr_return_quantity) as store_returns_quantityave
       ,stddev_samp(sr_return_quantity) as store_returns_quantitystdev
       ,stddev_samp(sr_return_quantity)/avg(sr_return_quantity) as store_returns_quantitycov
       ,count(cs_quantity) as catalog_sales_quantitycount ,avg(cs_quantity) as catalog_sales_quantityave
       ,stddev_samp(cs_quantity) as catalog_sales_quantitystdev
       ,stddev_samp(cs_quantity)/avg(cs_quantity) as catalog_sales_quantitycov
 from store_sales
     ,store_returns
     ,catalog_sales
     ,date_dim d1
     ,date_dim d2
     ,date_dim d3
     ,store
     ,item
 where d1.d_quarter_name = '2001Q1'
   and d1.d_date_sk = ss_sold_date_sk
   and i_item_sk = ss_item_sk
   and s_store_sk = ss_store_sk
   and ss_customer_sk = sr_customer_sk
   and ss_item_sk = sr_item_sk
   and ss_ticket_number = sr_ticket_number
   and sr_returned_date_sk = d2.d_date_sk
   and d2.d_quarter_name in ('2001Q1','2001Q2','2001Q3')
   and sr_customer_sk = cs_bill_customer_sk
   and sr_item_sk = cs_item_sk
   and cs_sold_date_sk = d3.d_date_sk
   and d3.d_quarter_name in ('2001Q1','2001Q2','2001Q3')
 group by i_item_id
         ,i_item_desc
         ,s_state
 order by i_item_id
         ,i_item_desc
         ,s_state
limit 100;
Limit  (cost=11757.30..11757.37 rows=1 width=434) (actual time=2697.510..2697.514 rows=1 loops=1)
  ->  GroupAggregate  (cost=11757.30..11757.37 rows=1 width=434) (actual time=2697.509..2697.513 rows=1 loops=1)
        Group Key: item.i_item_id, item.i_item_desc, store.s_state
        ->  Sort  (cost=11757.30..11757.30 rows=1 width=134) (actual time=2697.493..2697.496 rows=1 loops=1)
              Sort Key: item.i_item_id, item.i_item_desc, store.s_state
              Sort Method: quicksort  Memory: 25kB
              ->  Nested Loop  (cost=2.15..11757.29 rows=1 width=134) (actual time=1603.147..2697.485 rows=1 loops=1)
                    ->  Nested Loop  (cost=1.86..11756.98 rows=1 width=39) (actual time=1603.138..2697.475 rows=1 loops=1)
                          Join Filter: (store_sales.ss_store_sk = store.s_store_sk)
                          ->  Nested Loop  (cost=1.86..11755.71 rows=1 width=44) (actual time=1603.128..2697.464 rows=1 loops=1)
                                ->  Nested Loop  (cost=1.57..11755.40 rows=1 width=52) (actual time=884.512..2697.435 rows=5 loops=1)
                                      ->  Nested Loop  (cost=1.28..11755.09 rows=1 width=60) (actual time=328.821..2697.234 rows=32 loops=1)
                                            ->  Nested Loop  (cost=0.85..11752.87 rows=1 width=56) (actual time=9.279..232.482 rows=29962 loops=1)
                                                  ->  Nested Loop  (cost=0.42..10944.56 rows=1035 width=28) (actual time=9.270..63.787 rows=40354 loops=1)
                                                        ->  Seq Scan on date_dim d2  (cost=0.00..2409.42 rows=273 width=8) (actual time=9.259..18.642 rows=274 loops=1)
                                                              Filter: (d_quarter_name = ANY ('{2001Q1,2001Q2,2001Q3}'::bpchar[]))
                                                              Rows Removed by Filter: 72775
                                                        ->  Index Scan using i_sr_returned_date_sk on store_returns  (cost=0.42..29.86 rows=140 width=36) (actual time=0.004..0.138 rows=147 loops=274)
                                                              Index Cond: (sr_returned_date_sk = d2.d_date_sk)
                                                  ->  Index Scan using pk_store_sales on store_sales  (cost=0.43..0.77 rows=1 width=44) (actual time=0.004..0.004 rows=1 loops=40354)
                                                        Index Cond: ((ss_item_sk = store_returns.sr_item_sk) AND (ss_ticket_number = store_returns.sr_ticket_number))
                                                        Filter: (store_returns.sr_customer_sk = ss_customer_sk)
                                                        Rows Removed by Filter: 0
                                            ->  Index Scan using pk_catalog_sales on catalog_sales  (cost=0.43..2.21 rows=1 width=28) (actual time=0.082..0.082 rows=0 loops=29962)
                                                  Index Cond: (cs_item_sk = store_sales.ss_item_sk)
                                                  Filter: (store_sales.ss_customer_sk = cs_bill_customer_sk)
                                                  Rows Removed by Filter: 102
                                      ->  Index Scan using pk_date_dim on date_dim d1  (cost=0.29..0.31 rows=1 width=8) (actual time=0.005..0.005 rows=0 loops=32)
                                            Index Cond: (d_date_sk = store_sales.ss_sold_date_sk)
                                            Filter: (d_quarter_name = '2001Q1'::bpchar)
                                            Rows Removed by Filter: 1
                                ->  Index Scan using pk_date_dim on date_dim d3  (cost=0.29..0.31 rows=1 width=8) (actual time=0.005..0.005 rows=0 loops=5)
                                      Index Cond: (d_date_sk = catalog_sales.cs_sold_date_sk)
                                      Filter: (d_quarter_name = ANY ('{2001Q1,2001Q2,2001Q3}'::bpchar[]))
                                      Rows Removed by Filter: 1
                          ->  Seq Scan on store  (cost=0.00..1.12 rows=12 width=11) (actual time=0.007..0.008 rows=1 loops=1)
                    ->  Index Scan using pk_item on item  (cost=0.29..0.31 rows=1 width=127) (actual time=0.006..0.006 rows=1 loops=1)
                          Index Cond: (i_item_sk = store_sales.ss_item_sk)
    i_item_id     |                 i_item_desc                  | s_state | store_sales_quantitycount | store_sales_quantityave | store_sales_quantitystdev | store_sales_quantitycov | store_returns_quantitycount | store_returns_quantityave | store_returns_quantitystdev | store_returns_quantitycov | catalog_sales_quantitycount | catalog_sales_quantityave | catalog_sales_quantitystdev | catalog_sales_quantitycov 
------------------+----------------------------------------------+---------+---------------------------+-------------------------+---------------------------+-------------------------+-----------------------------+---------------------------+-----------------------------+---------------------------+-----------------------------+---------------------------+-----------------------------+---------------------------
 AAAAAAAALBOCAAAA | Children win further. Passengers pull here m | TN      |                         1 |     56.0000000000000000 |                           |                         |                           1 |        6.0000000000000000 |                             |                           |                           1 |        7.0000000000000000 |                             |                          
(1 row)

UPDATE time_statistics SET e_time = TRANSACTION_TIMESTAMP() WHERE template = 'query17.tpl' AND stream = 4;
psql:/tmp/s1-basline/throughput/query_4.sql:2379: NOTICE:  duration: 0.043 ms  plan:
Query Text: UPDATE time_statistics SET e_time = TRANSACTION_TIMESTAMP() WHERE template = 'query17.tpl' AND stream = 4;
Update on time_statistics  (cost=0.00..4.92 rows=0 width=0) (actual time=0.042..0.042 rows=0 loops=1)
  ->  Seq Scan on time_statistics  (cost=0.00..4.92 rows=1 width=14) (actual time=0.021..0.028 rows=1 loops=1)
        Filter: ((template = 'query17.tpl'::text) AND (stream = 4))
        Rows Removed by Filter: 143
UPDATE 1
LOAD 'auto_explain'; SET auto_explain.log_min_duration TO 0; SET auto_explain.log_analyze TO on; SET auto_explain.log_level TO notice; INSERT INTO time_statistics (template, s_time, stream, query, seed) VALUES ('query52.tpl', TRANSACTION_TIMESTAMP(), 4, 45, 91709489);
LOAD
SET
SET
SET
psql:/tmp/s1-basline/throughput/query_4.sql:2380: NOTICE:  duration: 0.009 ms  plan:
Query Text: INSERT INTO time_statistics (template, s_time, stream, query, seed) VALUES ('query52.tpl', TRANSACTION_TIMESTAMP(), 4, 45, 91709489);
Insert on time_statistics  (cost=0.00..0.01 rows=0 width=0) (actual time=0.008..0.008 rows=0 loops=1)
  ->  Result  (cost=0.00..0.01 rows=1 width=64) (actual time=0.002..0.002 rows=1 loops=1)
INSERT 0 1
select  dt.d_year
 	,item.i_brand_id brand_id
 	,item.i_brand brand
 	,sum(ss_ext_sales_price) ext_price
 from date_dim dt
     ,store_sales
     ,item
 where dt.d_date_sk = store_sales.ss_sold_date_sk
    and store_sales.ss_item_sk = item.i_item_sk
    and item.i_manager_id = 1
    and dt.d_moy=12
    and dt.d_year=1999
 group by dt.d_year
 	,item.i_brand
 	,item.i_brand_id
 order by dt.d_year
 	,ext_price desc
 	,brand_id
limit 100 ;
psql:/tmp/s1-basline/throughput/query_4.sql:2399: NOTICE:  duration: 194.656 ms  plan:
Query Text: select  dt.d_year
 	,item.i_brand_id brand_id
 	,item.i_brand brand
 	,sum(ss_ext_sales_price) ext_price
 from date_dim dt
     ,store_sales
     ,item
 where dt.d_date_sk = store_sales.ss_sold_date_sk
    and store_sales.ss_item_sk = item.i_item_sk
    and item.i_manager_id = 1
    and dt.d_moy=12
    and dt.d_year=1999
 group by dt.d_year
 	,item.i_brand
 	,item.i_brand_id
 order by dt.d_year
 	,ext_price desc
 	,brand_id
limit 100 ;
Limit  (cost=43196.95..43197.00 rows=20 width=67) (actual time=194.570..194.584 rows=97 loops=1)
  ->  Sort  (cost=43196.95..43197.00 rows=20 width=67) (actual time=194.569..194.575 rows=97 loops=1)
        Sort Key: (sum(store_sales.ss_ext_sales_price)) DESC, item.i_brand_id
        Sort Method: quicksort  Memory: 38kB
        ->  GroupAggregate  (cost=43196.07..43196.52 rows=20 width=67) (actual time=194.155..194.537 rows=97 loops=1)
              Group Key: dt.d_year, item.i_brand, item.i_brand_id
              ->  Sort  (cost=43196.07..43196.12 rows=20 width=67) (actual time=194.141..194.211 rows=1573 loops=1)
                    Sort Key: item.i_brand, item.i_brand_id
                    Sort Method: quicksort  Memory: 220kB
                    ->  Nested Loop  (cost=0.72..43195.64 rows=20 width=67) (actual time=4.219..192.301 rows=1573 loops=1)
                          ->  Nested Loop  (cost=0.43..42836.21 rows=1167 width=20) (actual time=4.192..51.405 rows=93530 loops=1)
                                ->  Seq Scan on date_dim dt  (cost=0.00..2500.73 rows=31 width=12) (actual time=4.180..8.715 rows=31 loops=1)
                                      Filter: ((d_moy = 12) AND (d_year = 1999))
                                      Rows Removed by Filter: 73018
                                ->  Index Scan using i_ss_sold_date_sk on store_sales  (cost=0.43..1286.06 rows=1508 width=24) (actual time=0.005..0.945 rows=3017 loops=31)
                                      Index Cond: (ss_sold_date_sk = dt.d_date_sk)
                          ->  Index Scan using pk_item on item  (cost=0.29..0.31 rows=1 width=63) (actual time=0.001..0.001 rows=0 loops=93530)
                                Index Cond: (i_item_sk = store_sales.ss_item_sk)
                                Filter: (i_manager_id = 1)
                                Rows Removed by Filter: 1
 d_year | brand_id |                       brand                        |     ext_price      
--------+----------+----------------------------------------------------+--------------------
   1999 |  3003001 | exportiexporti #1                                  |          107290.32
   1999 |  4001002 | amalgedu pack #2                                   | 104119.42000000001
   1999 |  3004002 | edu packexporti #2                                 |           100552.6
   1999 |  4003001 | exportiedu pack #1                                 |  92834.34000000001
   1999 |  6015003 | scholarbrand #3                                    |           84297.42
   1999 |  5004001 | edu packscholar #1                                 |  78484.74999999997
   1999 |  4004001 | edu packedu pack #1                                |  78236.48000000001
   1999 |  3002001 | importoexporti #1                                  |  74357.77000000002
   1999 |  5003001 | exportischolar #1                                  |  73048.76000000001
   1999 |  2002001 | importoimporto #1                                  |  72968.95000000001
   1999 |  9006003 | corpmaxi #3                                        |  71961.38999999998
   1999 |  2001001 | amalgimporto #1                                    |           69534.93
   1999 |  4002001 | importoedu pack #1                                 |  53660.14000000001
   1999 |  1003002 | exportiamalg #2                                    |           52142.46
   1999 |  1003001 | exportiamalg #1                                    | 50979.159999999996
   1999 |  2004002 | edu packimporto #2                                 |  50096.09000000001
   1999 |  1004001 | edu packamalg #1                                   | 47739.619999999995
   1999 |  7002006 | importobrand #6                                    | 46244.200000000004
   1999 |  1004002 | edu packamalg #2                                   |           45612.65
   1999 |  3002002 | importoexporti #2                                  | 44816.420000000006
   1999 |  7006007 | corpbrand #7                                       |           43743.96
   1999 |  1002001 | importoamalg #1                                    |           40555.96
   1999 |  9010005 | univunivamalg #5                                   |           39413.26
   1999 |  6008003 | namelesscorp #3                                    |           38818.34
   1999 |  5004002 | edu packscholar #2                                 | 38072.380000000005
   1999 |  1001001 | amalgamalg #1                                      | 37047.840000000004
   1999 |  8011004 | amalgmaxi #4                                       |  36074.00000000001
   1999 |  7002010 | importobrand #10                                   | 35970.060000000005
   1999 |  6015006 | scholarbrand #6                                    | 35149.869999999995
   1999 |  2003001 | exportiimporto #1                                  |  34252.80999999999
   1999 |  8002010 | importonameless #10                                |  33974.92999999999
   1999 |  6012005 | importobrand #5                                    | 33268.799999999996
   1999 | 10002010 | importounivamalg #10                               |           32263.96
   1999 |  5001001 | amalgscholar #1                                    |           32250.78
   1999 |  1002002 | importoamalg #2                                    |           31091.79
   1999 |  9005002 | scholarmaxi #2                                     |           30769.16
   1999 | 10002017 | importounivamalg #17                               |           30507.85
   1999 |  2001002 | amalgimporto #2                                    | 28977.660000000003
   1999 |  6002007 | importocorp #7                                     |           28509.71
   1999 | 10006012 | corpunivamalg #12                                  |            27921.3
   1999 |  6006002 | corpcorp #2                                        | 26312.309999999998
   1999 |  3001001 | amalgexporti #1                                    |           26236.89
   1999 |  2004001 | edu packimporto #1                                 | 25490.289999999997
   1999 |  6001001 | amalgcorp #1                                       |           25027.54
   1999 |  4001001 | amalgedu pack #1                                   | 24859.550000000003
   1999 |  2003002 | exportiimporto #2                                  |           24737.63
   1999 |  8014005 | edu packmaxi #5                                    |            24570.1
   1999 |  8003006 | exportinameless #6                                 |           24464.03
   1999 |  7014001 | edu packnameless #1                                | 24086.609999999997
   1999 |  6008001 | namelesscorp #1                                    | 23940.239999999998
   1999 |  8013003 | exportimaxi #3                                     | 23223.060000000005
   1999 |  8005002 | scholarnameless #2                                 | 21735.389999999996
   1999 |  6016008 | corpbrand #8                                       |           21192.29
   1999 | 10007013 | brandunivamalg #13                                 |           21027.25
   1999 |  7003003 | exportibrand #3                                    | 20995.079999999998
   1999 |  9013005 | exportiunivamalg #5                                | 20560.129999999997
   1999 |  4002002 | importoedu pack #2                                 |           20488.55
   1999 |  6013004 | exportibrand #4                                    |           19670.12
   1999 |  8015006 | scholarmaxi #6                                     | 19124.629999999997
   1999 | 10009016 | maxiunivamalg #16                                  |           18976.34
   1999 |  5002001 | importoscholar #1                                  |           18962.83
   1999 |  8006001 | corpnameless #1                                    |           18888.92
   1999 | 10011010 | amalgamalgamalg #10                                | 18783.600000000002
   1999 |  6011007 | amalgbrand #7                                      |            18558.8
   1999 |  9012002 | importounivamalg #2                                | 18541.360000000004
   1999 |  6004005 | edu packcorp #5                                    | 18366.739999999998
   1999 |  7010001 | univnameless #1                                    | 18236.450000000004
   1999 |  8014001 | edu packmaxi #1                                    | 17404.440000000002
   1999 |  8016005 | corpmaxi #5                                        |           17178.81
   1999 | 10004005 | edu packunivamalg #5                               |           17112.11
   1999 |  6011001 | amalgbrand #1                                      |           16607.52
   1999 |  1001002 | amalgamalg #2                                      |            16533.8
   1999 |  9005008 | scholarmaxi #8                                     |           15784.39
   1999 | 10008006 | namelessunivamalg #6                               | 15404.729999999998
   1999 |  9001009 | amalgmaxi #9                                       |           15217.79
   1999 |  7013001 | exportinameless #1                                 | 13878.680000000002
   1999 |  8007001 | brandnameless #1                                   | 13549.859999999999
   1999 |  6014005 | edu packbrand #5                                   |           12727.87
   1999 |  8002007 | importonameless #7                                 |           12627.94
   1999 |  9004008 | edu packmaxi #8                                    | 10554.189999999999
   1999 |  8005007 | scholarnameless #7                                 |           10394.12
   1999 |  5001002 | amalgscholar #2                                    | 10311.849999999999
   1999 |  3004001 | edu packexporti #1                                 |           10253.77
   1999 | 10013001 | exportiamalgamalg #1                               |            9913.48
   1999 |  6004001 | edu packcorp #1                                    |  9912.080000000002
   1999 | 10008013 | namelessunivamalg #13                              |            9776.78
   1999 |  8011007 | amalgmaxi #7                                       |             9352.9
   1999 |  6007007 | brandcorp #7                                       |            8594.01
   1999 | 10012003 | importoamalgamalg #3                               |            8504.75
   1999 | 10006009 | corpunivamalg #9                                   |            8095.39
   1999 |  7016004 | corpnameless #4                                    |  7715.239999999999
   1999 |  5002002 | importoscholar #2                                  |  6455.860000000001
   1999 | 10003017 | exportiunivamalg #17                               |            6095.73
   1999 | 10001009 | amalgunivamalg #9                                  |             5056.9
   1999 |  8006003 | corpnameless #3                                    |            4477.64
   1999 |  6013008 | exportibrand #8                                    | 3935.8700000000003
   1999 |  6013003 | exportibrand #3                                    |            3651.14
(97 rows)

UPDATE time_statistics SET e_time = TRANSACTION_TIMESTAMP() WHERE template = 'query52.tpl' AND stream = 4;
psql:/tmp/s1-basline/throughput/query_4.sql:2401: NOTICE:  duration: 0.043 ms  plan:
Query Text: UPDATE time_statistics SET e_time = TRANSACTION_TIMESTAMP() WHERE template = 'query52.tpl' AND stream = 4;
Update on time_statistics  (cost=0.00..4.92 rows=0 width=0) (actual time=0.043..0.043 rows=0 loops=1)
  ->  Seq Scan on time_statistics  (cost=0.00..4.92 rows=1 width=14) (actual time=0.021..0.029 rows=1 loops=1)
        Filter: ((template = 'query52.tpl'::text) AND (stream = 4))
        Rows Removed by Filter: 144
UPDATE 1
LOAD 'auto_explain'; SET auto_explain.log_min_duration TO 0; SET auto_explain.log_analyze TO on; SET auto_explain.log_level TO notice; INSERT INTO time_statistics (template, s_time, stream, query, seed) VALUES ('query90.tpl', TRANSACTION_TIMESTAMP(), 4, 46, 2113525178);
LOAD
SET
SET
SET
psql:/tmp/s1-basline/throughput/query_4.sql:2402: NOTICE:  duration: 0.009 ms  plan:
Query Text: INSERT INTO time_statistics (template, s_time, stream, query, seed) VALUES ('query90.tpl', TRANSACTION_TIMESTAMP(), 4, 46, 2113525178);
Insert on time_statistics  (cost=0.00..0.01 rows=0 width=0) (actual time=0.008..0.008 rows=0 loops=1)
  ->  Result  (cost=0.00..0.01 rows=1 width=64) (actual time=0.001..0.002 rows=1 loops=1)
INSERT 0 1
select  cast(amc as decimal(15,4))/cast(pmc as decimal(15,4)) am_pm_ratio
 from ( select count(*) amc
       from web_sales, household_demographics , time_dim, web_page
       where ws_sold_time_sk = time_dim.t_time_sk
         and ws_ship_hdemo_sk = household_demographics.hd_demo_sk
         and ws_web_page_sk = web_page.wp_web_page_sk
         and time_dim.t_hour between 11 and 11+1
         and household_demographics.hd_dep_count = 8
         and web_page.wp_char_count between 5000 and 5200) at,
      ( select count(*) pmc
       from web_sales, household_demographics , time_dim, web_page
       where ws_sold_time_sk = time_dim.t_time_sk
         and ws_ship_hdemo_sk = household_demographics.hd_demo_sk
         and ws_web_page_sk = web_page.wp_web_page_sk
         and time_dim.t_hour between 15 and 15+1
         and household_demographics.hd_dep_count = 8
         and web_page.wp_char_count between 5000 and 5200) pt
 order by am_pm_ratio
 limit 100;
psql:/tmp/s1-basline/throughput/query_4.sql:2421: ERROR:  division by zero
UPDATE time_statistics SET e_time = TRANSACTION_TIMESTAMP() WHERE template = 'query90.tpl' AND stream = 4;
psql:/tmp/s1-basline/throughput/query_4.sql:2423: NOTICE:  duration: 0.054 ms  plan:
Query Text: UPDATE time_statistics SET e_time = TRANSACTION_TIMESTAMP() WHERE template = 'query90.tpl' AND stream = 4;
Update on time_statistics  (cost=0.00..4.92 rows=0 width=0) (actual time=0.054..0.054 rows=0 loops=1)
  ->  Seq Scan on time_statistics  (cost=0.00..4.92 rows=1 width=14) (actual time=0.032..0.040 rows=1 loops=1)
        Filter: ((template = 'query90.tpl'::text) AND (stream = 4))
        Rows Removed by Filter: 145
UPDATE 1
LOAD 'auto_explain'; SET auto_explain.log_min_duration TO 0; SET auto_explain.log_analyze TO on; SET auto_explain.log_level TO notice; INSERT INTO time_statistics (template, s_time, stream, query, seed) VALUES ('query22.tpl', TRANSACTION_TIMESTAMP(), 4, 47, 490661619);
LOAD
SET
SET
SET
psql:/tmp/s1-basline/throughput/query_4.sql:2424: NOTICE:  duration: 0.009 ms  plan:
Query Text: INSERT INTO time_statistics (template, s_time, stream, query, seed) VALUES ('query22.tpl', TRANSACTION_TIMESTAMP(), 4, 47, 490661619);
Insert on time_statistics  (cost=0.00..0.01 rows=0 width=0) (actual time=0.008..0.008 rows=0 loops=1)
  ->  Result  (cost=0.00..0.01 rows=1 width=64) (actual time=0.001..0.001 rows=1 loops=1)
INSERT 0 1
select  i_product_name
             ,i_brand
             ,i_class
             ,i_category
             ,avg(inv_quantity_on_hand) qoh
       from inventory
           ,date_dim
           ,item
       where inv_date_sk=d_date_sk
              and inv_item_sk=i_item_sk
              and d_month_seq between 1197 and 1197 + 11
       group by rollup(i_product_name
                       ,i_brand
                       ,i_class
                       ,i_category)
order by qoh, i_product_name, i_brand, i_class, i_category
limit 100;
psql:/tmp/s1-basline/throughput/query_4.sql:2441: NOTICE:  duration: 4886.552 ms  plan:
Query Text: select  i_product_name
             ,i_brand
             ,i_class
             ,i_category
             ,avg(inv_quantity_on_hand) qoh
       from inventory
           ,date_dim
           ,item
       where inv_date_sk=d_date_sk
              and inv_item_sk=i_item_sk
              and d_month_seq between 1197 and 1197 + 11
       group by rollup(i_product_name
                       ,i_brand
                       ,i_class
                       ,i_category)
order by qoh, i_product_name, i_brand, i_class, i_category
limit 100;
Limit  (cost=150403.98..150404.23 rows=100 width=236) (actual time=4883.693..4886.484 rows=100 loops=1)
  ->  Sort  (cost=150403.98..150583.56 rows=71833 width=236) (actual time=4883.692..4886.476 rows=100 loops=1)
        Sort Key: (avg(inventory.inv_quantity_on_hand)), item.i_product_name, item.i_brand, item.i_class, item.i_category
        Sort Method: top-N heapsort  Memory: 68kB
        ->  MixedAggregate  (cost=5166.08..147658.57 rows=71833 width=236) (actual time=4854.510..4875.285 rows=47953 loops=1)
              Hash Key: item.i_product_name, item.i_brand, item.i_class, item.i_category
              Hash Key: item.i_product_name, item.i_brand, item.i_class
              Hash Key: item.i_product_name, item.i_brand
              Hash Key: item.i_product_name
              Group Key: ()
              Batches: 1  Memory Usage: 16945kB
              ->  Gather  (cost=5166.08..144662.39 rows=55954 width=208) (actual time=29.301..246.652 rows=2340000 loops=1)
                    Workers Planned: 3
                    Workers Launched: 3
                    ->  Hash Join  (cost=4166.08..138066.99 rows=18050 width=208) (actual time=38.398..664.545 rows=585000 loops=4)
                          Hash Cond: (inventory.inv_item_sk = item.i_item_sk)
                          ->  Hash Join  (cost=2505.08..136358.59 rows=18050 width=12) (actual time=13.817..485.620 rows=585000 loops=4)
                                Hash Cond: (inventory.inv_date_sk = date_dim.d_date_sk)
                                ->  Parallel Seq Scan on inventory  (cost=0.00..123907.26 rows=3788826 width=20) (actual time=0.013..197.176 rows=2936250 loops=4)
                                ->  Hash  (cost=2500.73..2500.73 rows=348 width=8) (actual time=12.498..12.499 rows=366 loops=4)
                                      Buckets: 1024  Batches: 1  Memory Usage: 23kB
                                      ->  Seq Scan on date_dim  (cost=0.00..2500.73 rows=348 width=8) (actual time=5.791..12.443 rows=366 loops=4)
                                            Filter: ((d_month_seq >= 1197) AND (d_month_seq <= 1208))
                                            Rows Removed by Filter: 72683
                          ->  Hash  (cost=1436.00..1436.00 rows=18000 width=212) (actual time=24.291..24.292 rows=18000 loops=4)
                                Buckets: 32768  Batches: 1  Memory Usage: 4606kB
                                ->  Seq Scan on item  (cost=0.00..1436.00 rows=18000 width=212) (actual time=0.027..18.773 rows=18000 loops=4)
                   i_product_name                   |                      i_brand                       |                      i_class                       |                     i_category                     |         qoh          
----------------------------------------------------+----------------------------------------------------+----------------------------------------------------+----------------------------------------------------+----------------------
 ableationcallyese                                  | importoimporto #1                                  | shirts                                             | Men                                                | 377.7796610169491525
 ableationcallyese                                  | importoimporto #1                                  | shirts                                             |                                                    | 377.7796610169491525
 ableationcallyese                                  | importoimporto #1                                  |                                                    |                                                    | 377.7796610169491525
 ableationcallyese                                  |                                                    |                                                    |                                                    | 377.7796610169491525
 barcallycallyought                                 | corpbrand #5                                       | consignment                                        | Jewelry                                            | 391.9322033898305085
 barcallycallyought                                 | corpbrand #5                                       | consignment                                        |                                                    | 391.9322033898305085
 barcallycallyought                                 | corpbrand #5                                       |                                                    |                                                    | 391.9322033898305085
 barcallycallyought                                 |                                                    |                                                    |                                                    | 391.9322033898305085
 callybarn stese                                    | corpunivamalg #11                                  | mystery                                            | Books                                              | 394.1111111111111111
 callybarn stese                                    | corpunivamalg #11                                  | mystery                                            |                                                    | 394.1111111111111111
 callybarn stese                                    | corpunivamalg #11                                  |                                                    |                                                    | 394.1111111111111111
 callybarn stese                                    |                                                    |                                                    |                                                    | 394.1111111111111111
 callycallyn stbarought                             | edu packexporti #1                                 | school-uniforms                                    | Children                                           | 395.1803278688524590
 callycallyn stbarought                             | edu packexporti #1                                 | school-uniforms                                    |                                                    | 395.1803278688524590
 callycallyn stbarought                             | edu packexporti #1                                 |                                                    |                                                    | 395.1803278688524590
 callycallyn stbarought                             |                                                    |                                                    |                                                    | 395.1803278688524590
 callybarbarese                                     | importoedu pack #1                                 | mens                                               | Shoes                                              | 396.7580645161290323
 callybarbarese                                     | importoedu pack #1                                 | mens                                               |                                                    | 396.7580645161290323
 callybarbarese                                     | importoedu pack #1                                 |                                                    |                                                    | 396.7580645161290323
 callybarbarese                                     |                                                    |                                                    |                                                    | 396.7580645161290323
 eingoughtn stought                                 | importoamalg #1                                    | fragrances                                         | Women                                              | 399.4838709677419355
 eingoughtn stought                                 | importoamalg #1                                    | fragrances                                         |                                                    | 399.4838709677419355
 eingoughtn stought                                 | importoamalg #1                                    |                                                    |                                                    | 399.4838709677419355
 eingoughtn stought                                 |                                                    |                                                    |                                                    | 399.4838709677419355
 eingcallyoughtation                                | importoscholar #1                                  | country                                            | Music                                              | 401.6290322580645161
 eingcallyoughtation                                | importoscholar #1                                  | country                                            |                                                    | 401.6290322580645161
 eingcallyoughtation                                | importoscholar #1                                  |                                                    |                                                    | 401.6290322580645161
 eingcallyoughtation                                |                                                    |                                                    |                                                    | 401.6290322580645161
 eingablebarantiought                               | exportiamalg #1                                    | maternity                                          | Women                                              | 402.1147540983606557
 eingablebarantiought                               | exportiamalg #1                                    | maternity                                          |                                                    | 402.1147540983606557
 eingablebarantiought                               | exportiamalg #1                                    |                                                    |                                                    | 402.1147540983606557
 eingablebarantiought                               |                                                    |                                                    |                                                    | 402.1147540983606557
 eingablepriantiought                               | amalgscholar #1                                    | rock                                               | Music                                              | 402.2698412698412698
 eingablepriantiought                               | amalgscholar #1                                    | rock                                               |                                                    | 402.2698412698412698
 eingablepriantiought                               | amalgscholar #1                                    |                                                    |                                                    | 402.2698412698412698
 eingablepriantiought                               |                                                    |                                                    |                                                    | 402.2698412698412698
 callyationantiation                                | namelessmaxi #5                                    | romance                                            | Books                                              | 402.4193548387096774
 callyationantiation                                | namelessmaxi #5                                    | romance                                            |                                                    | 402.4193548387096774
 callyationantiation                                | namelessmaxi #5                                    |                                                    |                                                    | 402.4193548387096774
 callyationantiation                                |                                                    |                                                    |                                                    | 402.4193548387096774
 eseableoughtn st                                   | amalgamalg #1                                      | dresses                                            | Women                                              | 403.6129032258064516
 eseableoughtn st                                   | amalgamalg #1                                      | dresses                                            |                                                    | 403.6129032258064516
 eseableoughtn st                                   | amalgamalg #1                                      |                                                    |                                                    | 403.6129032258064516
 eseableoughtn st                                   |                                                    |                                                    |                                                    | 403.6129032258064516
 bareseableation                                    | edu packnameless #1                                | camping                                            | Sports                                             | 403.6612903225806452
 bareseableation                                    | edu packnameless #1                                | camping                                            |                                                    | 403.6612903225806452
 bareseableation                                    | edu packnameless #1                                |                                                    |                                                    | 403.6612903225806452
 bareseableation                                    |                                                    |                                                    |                                                    | 403.6612903225806452
 barn stcallyought                                  | amalgscholar #1                                    | rock                                               | Music                                              | 403.9491525423728814
 barn stcallyought                                  | amalgscholar #1                                    | rock                                               |                                                    | 403.9491525423728814
 barn stcallyought                                  | amalgscholar #1                                    |                                                    |                                                    | 403.9491525423728814
 barn stcallyought                                  |                                                    |                                                    |                                                    | 403.9491525423728814
 callyoughtoughtable                                | amalgmaxi #7                                       | archery                                            | Sports                                             | 405.6315789473684211
 callyoughtoughtable                                | amalgmaxi #7                                       | archery                                            |                                                    | 405.6315789473684211
 callyoughtoughtable                                | amalgmaxi #7                                       |                                                    |                                                    | 405.6315789473684211
 callyoughtoughtable                                |                                                    |                                                    |                                                    | 405.6315789473684211
 callyationantiese                                  | importoimporto #1                                  | shirts                                             | Men                                                | 406.9180327868852459
 callyationantiese                                  | importoimporto #1                                  | shirts                                             |                                                    | 406.9180327868852459
 callyationantiese                                  | importoimporto #1                                  |                                                    |                                                    | 406.9180327868852459
 callyationantiese                                  |                                                    |                                                    |                                                    | 406.9180327868852459
 ablebarantipri                                     | corpunivamalg #11                                  | mystery                                            | Books                                              | 408.3442622950819672
 ablebarantipri                                     | corpunivamalg #11                                  | mystery                                            |                                                    | 408.3442622950819672
 ablebarantipri                                     | corpunivamalg #11                                  |                                                    |                                                    | 408.3442622950819672
 ablebarantipri                                     |                                                    |                                                    |                                                    | 408.3442622950819672
 pricallyableantiought                              | amalgimporto #2                                    | accessories                                        | Men                                                | 409.7049180327868852
 pricallyableantiought                              | amalgimporto #2                                    | accessories                                        |                                                    | 409.7049180327868852
 pricallyableantiought                              | amalgimporto #2                                    |                                                    |                                                    | 409.7049180327868852
 pricallyableantiought                              |                                                    |                                                    |                                                    | 409.7049180327868852
 ableationationableought                            | exporticorp #5                                     | gold                                               | Jewelry                                            | 410.3442622950819672
 ableationationableought                            | exporticorp #5                                     | gold                                               |                                                    | 410.3442622950819672
 ableationationableought                            | exporticorp #5                                     |                                                    |                                                    | 410.3442622950819672
 ableationationableought                            |                                                    |                                                    |                                                    | 410.3442622950819672
 ableprin stable                                    | importoedu pack #1                                 | mens                                               | Shoes                                              | 410.5555555555555556
 ableprin stable                                    | importoedu pack #1                                 | mens                                               |                                                    | 410.5555555555555556
 ableprin stable                                    | importoedu pack #1                                 |                                                    |                                                    | 410.5555555555555556
 ableprin stable                                    |                                                    |                                                    |                                                    | 410.5555555555555556
 bareingationation                                  | scholarnameless #1                                 | fitness                                            | Sports                                             | 411.0333333333333333
 bareingationation                                  | scholarnameless #1                                 | fitness                                            |                                                    | 411.0333333333333333
 bareingationation                                  | scholarnameless #1                                 |                                                    |                                                    | 411.0333333333333333
 bareingationation                                  |                                                    |                                                    |                                                    | 411.0333333333333333
 eseoughteingableought                              | scholarcorp #7                                     | earings                                            | Jewelry                                            | 411.2539682539682540
 eseoughteingableought                              | scholarcorp #7                                     | earings                                            |                                                    | 411.2539682539682540
 eseoughteingableought                              | scholarcorp #7                                     |                                                    |                                                    | 411.2539682539682540
 eseoughteingableought                              |                                                    |                                                    |                                                    | 411.2539682539682540
 eingoughtoughtpri                                  | edu packmaxi #11                                   | entertainments                                     | Books                                              | 412.6000000000000000
 eingoughtoughtpri                                  | edu packmaxi #11                                   | entertainments                                     |                                                    | 412.6000000000000000
 eingoughtoughtpri                                  | edu packmaxi #11                                   |                                                    |                                                    | 412.6000000000000000
 eingoughtoughtpri                                  |                                                    |                                                    |                                                    | 412.6000000000000000
 callybarcallyought                                 | importoamalg #1                                    | fragrances                                         | Women                                              | 412.6290322580645161
 callybarcallyought                                 | importoamalg #1                                    | fragrances                                         |                                                    | 412.6290322580645161
 callybarcallyought                                 | importoamalg #1                                    |                                                    |                                                    | 412.6290322580645161
 callybarcallyought                                 |                                                    |                                                    |                                                    | 412.6290322580645161
 eingable                                           | importoamalg #1                                    | fragrances                                         | Women                                              | 412.8225806451612903
 eingable                                           | importoamalg #1                                    | fragrances                                         |                                                    | 412.8225806451612903
 eingable                                           | importoamalg #1                                    |                                                    |                                                    | 412.8225806451612903
 eingable                                           |                                                    |                                                    |                                                    | 412.8225806451612903
 eseationoughtation                                 | univbrand #7                                       | jewelry boxes                                      | Jewelry                                            | 412.8387096774193548
 eseationoughtation                                 | univbrand #7                                       | jewelry boxes                                      |                                                    | 412.8387096774193548
 eseationoughtation                                 | univbrand #7                                       |                                                    |                                                    | 412.8387096774193548
 eseationoughtation                                 |                                                    |                                                    |                                                    | 412.8387096774193548
(100 rows)

UPDATE time_statistics SET e_time = TRANSACTION_TIMESTAMP() WHERE template = 'query22.tpl' AND stream = 4;
psql:/tmp/s1-basline/throughput/query_4.sql:2443: NOTICE:  duration: 0.049 ms  plan:
Query Text: UPDATE time_statistics SET e_time = TRANSACTION_TIMESTAMP() WHERE template = 'query22.tpl' AND stream = 4;
Update on time_statistics  (cost=0.00..4.92 rows=0 width=0) (actual time=0.048..0.049 rows=0 loops=1)
  ->  Seq Scan on time_statistics  (cost=0.00..4.92 rows=1 width=14) (actual time=0.026..0.034 rows=1 loops=1)
        Filter: ((template = 'query22.tpl'::text) AND (stream = 4))
        Rows Removed by Filter: 146
UPDATE 1
LOAD 'auto_explain'; SET auto_explain.log_min_duration TO 0; SET auto_explain.log_analyze TO on; SET auto_explain.log_level TO notice; INSERT INTO time_statistics (template, s_time, stream, query, seed) VALUES ('query27.tpl', TRANSACTION_TIMESTAMP(), 4, 48, 555795225);
LOAD
SET
SET
SET
psql:/tmp/s1-basline/throughput/query_4.sql:2444: NOTICE:  duration: 0.008 ms  plan:
Query Text: INSERT INTO time_statistics (template, s_time, stream, query, seed) VALUES ('query27.tpl', TRANSACTION_TIMESTAMP(), 4, 48, 555795225);
Insert on time_statistics  (cost=0.00..0.01 rows=0 width=0) (actual time=0.008..0.008 rows=0 loops=1)
  ->  Result  (cost=0.00..0.01 rows=1 width=64) (actual time=0.001..0.001 rows=1 loops=1)
INSERT 0 1
select  i_item_id,
        s_state, grouping(s_state) g_state,
        avg(ss_quantity) agg1,
        avg(ss_list_price) agg2,
        avg(ss_coupon_amt) agg3,
        avg(ss_sales_price) agg4
 from store_sales, customer_demographics, date_dim, store, item
 where ss_sold_date_sk = d_date_sk and
       ss_item_sk = i_item_sk and
       ss_store_sk = s_store_sk and
       ss_cdemo_sk = cd_demo_sk and
       cd_gender = 'F' and
       cd_marital_status = 'D' and
       cd_education_status = 'College' and
       d_year = 1998 and
       s_state in ('TN','TN', 'TN', 'TN', 'TN', 'TN')
 group by rollup (i_item_id, s_state)
 order by i_item_id
         ,s_state
 limit 100;
psql:/tmp/s1-basline/throughput/query_4.sql:2464: NOTICE:  duration: 874.305 ms  plan:
Query Text: select  i_item_id,
        s_state, grouping(s_state) g_state,
        avg(ss_quantity) agg1,
        avg(ss_list_price) agg2,
        avg(ss_coupon_amt) agg3,
        avg(ss_sales_price) agg4
 from store_sales, customer_demographics, date_dim, store, item
 where ss_sold_date_sk = d_date_sk and
       ss_item_sk = i_item_sk and
       ss_store_sk = s_store_sk and
       ss_cdemo_sk = cd_demo_sk and
       cd_gender = 'F' and
       cd_marital_status = 'D' and
       cd_education_status = 'College' and
       d_year = 1998 and
       s_state in ('TN','TN', 'TN', 'TN', 'TN', 'TN')
 group by rollup (i_item_id, s_state)
 order by i_item_id
         ,s_state
 limit 100;
Limit  (cost=4108.22..43029.44 rows=100 width=80) (actual time=729.146..874.227 rows=100 loops=1)
  ->  GroupAggregate  (cost=4108.22..144613.83 rows=361 width=80) (actual time=729.145..874.219 rows=100 loops=1)
        Group Key: item.i_item_id, store.s_state
        Group Key: item.i_item_id
        Group Key: ()
        ->  Incremental Sort  (cost=4108.22..144603.01 rows=180 width=48) (actual time=729.132..874.113 rows=82 loops=1)
              Sort Key: item.i_item_id, store.s_state
              Presorted Key: item.i_item_id
              Full-sort Groups: 3  Sort Method: quicksort  Average Memory: 27kB  Peak Memory: 27kB
              ->  Nested Loop  (cost=3323.36..144594.91 rows=180 width=48) (actual time=657.479..874.050 rows=100 loops=1)
                    Join Filter: (store_sales.ss_item_sk = item.i_item_sk)
                    Rows Removed by Join Filter: 2104962
                    ->  Index Scan using i_i_item_id on item  (cost=0.29..1714.59 rows=18000 width=25) (actual time=0.008..0.213 rows=291 loops=1)
                    ->  Materialize  (cost=3323.08..94280.77 rows=180 width=39) (actual time=0.039..2.537 rows=7234 loops=291)
                          ->  Nested Loop  (cost=3323.08..94279.87 rows=180 width=39) (actual time=11.261..660.697 rows=7252 loops=1)
                                Join Filter: (store_sales.ss_store_sk = store.s_store_sk)
                                Rows Removed by Join Filter: 34150
                                ->  Gather  (cost=3323.08..94246.89 rows=189 width=44) (actual time=11.248..655.547 rows=7348 loops=1)
                                      Workers Planned: 2
                                      Workers Launched: 2
                                      ->  Nested Loop  (cost=2323.08..93227.99 rows=79 width=44) (actual time=16.738..655.822 rows=2449 loops=3)
                                            ->  Hash Join  (cost=2322.65..90594.07 rows=5693 width=52) (actual time=14.078..283.033 rows=180428 loops=3)
                                                  Hash Cond: (store_sales.ss_sold_date_sk = date_dim.d_date_sk)
                                                  ->  Parallel Seq Scan on store_sales  (cost=0.00..85123.48 rows=1199148 width=60) (actual time=0.014..121.697 rows=959309 loops=3)
                                                  ->  Hash  (cost=2318.11..2318.11 rows=363 width=8) (actual time=13.948..13.949 rows=365 loops=3)
                                                        Buckets: 1024  Batches: 1  Memory Usage: 23kB
                                                        ->  Seq Scan on date_dim  (cost=0.00..2318.11 rows=363 width=8) (actual time=6.556..13.902 rows=365 loops=3)
                                                              Filter: (d_year = 1998)
                                                              Rows Removed by Filter: 72684
                                            ->  Index Scan using pk_customer_demographics on customer_demographics  (cost=0.43..0.46 rows=1 width=8) (actual time=0.002..0.002 rows=0 loops=541283)
                                                  Index Cond: (cd_demo_sk = store_sales.ss_cdemo_sk)
                                                  Filter: ((cd_gender = 'F'::bpchar) AND (cd_marital_status = 'D'::bpchar) AND (cd_education_status = 'College'::bpchar))
                                                  Rows Removed by Filter: 1
                                ->  Materialize  (cost=0.00..1.27 rows=12 width=11) (actual time=0.000..0.000 rows=6 loops=7348)
                                      ->  Seq Scan on store  (cost=0.00..1.21 rows=12 width=11) (actual time=0.005..0.012 rows=12 loops=1)
                                            Filter: (s_state = ANY ('{TN,TN,TN,TN,TN,TN}'::bpchar[]))
    i_item_id     | s_state | g_state |        agg1         |        agg2        |        agg3        |        agg4        
------------------+---------+---------+---------------------+--------------------+--------------------+--------------------
 AAAAAAAAAAABAAAA | TN      |       0 | 49.0000000000000000 |              45.48 |                  0 |              38.65
 AAAAAAAAAAABAAAA |         |       1 | 49.0000000000000000 |              45.48 |                  0 |              38.65
 AAAAAAAAAAACAAAA | TN      |       0 | 96.0000000000000000 |              19.85 |                  0 |              19.25
 AAAAAAAAAAACAAAA |         |       1 | 96.0000000000000000 |              19.85 |                  0 |              19.25
 AAAAAAAAAAAEAAAA | TN      |       0 | 12.0000000000000000 |              19.66 |                  0 |              15.13
 AAAAAAAAAAAEAAAA |         |       1 | 12.0000000000000000 |              19.66 |                  0 |              15.13
 AAAAAAAAAABAAAAA | TN      |       0 | 44.2500000000000000 |            82.5775 |                  0 |            36.7525
 AAAAAAAAAABAAAAA |         |       1 | 44.2500000000000000 |            82.5775 |                  0 |            36.7525
 AAAAAAAAAABDAAAA | TN      |       0 | 36.0000000000000000 |               18.5 |                  0 |                6.1
 AAAAAAAAAABDAAAA |         |       1 | 36.0000000000000000 |               18.5 |                  0 |                6.1
 AAAAAAAAAACCAAAA | TN      |       0 | 51.5000000000000000 | 111.17500000000001 |              503.3 |              14.73
 AAAAAAAAAACCAAAA |         |       1 | 51.5000000000000000 | 111.17500000000001 |              503.3 |              14.73
 AAAAAAAAAADBAAAA | TN      |       0 | 44.6666666666666667 |  49.48333333333334 |                  0 |              10.35
 AAAAAAAAAADBAAAA |         |       1 | 44.6666666666666667 |  49.48333333333334 |                  0 |              10.35
 AAAAAAAAAAEAAAAA | TN      |       0 | 29.0000000000000000 |             121.49 |                  0 |             42.805
 AAAAAAAAAAEAAAAA |         |       1 | 29.0000000000000000 |             121.49 |                  0 |             42.805
 AAAAAAAAAAEBAAAA | TN      |       0 | 75.0000000000000000 |              117.6 |                  0 |              70.56
 AAAAAAAAAAEBAAAA |         |       1 | 75.0000000000000000 |              117.6 |                  0 |              70.56
 AAAAAAAAAAEDAAAA | TN      |       0 | 30.7500000000000000 | 35.175000000000004 |            26.1025 |            20.2825
 AAAAAAAAAAEDAAAA |         |       1 | 30.7500000000000000 | 35.175000000000004 |            26.1025 |            20.2825
 AAAAAAAAAAFAAAAA | TN      |       0 | 27.0000000000000000 |              88.76 |                  0 |              25.74
 AAAAAAAAAAFAAAAA |         |       1 | 27.0000000000000000 |              88.76 |                  0 |              25.74
 AAAAAAAAAAFDAAAA | TN      |       0 | 72.0000000000000000 |              83.22 |                  0 | 14.584999999999999
 AAAAAAAAAAFDAAAA |         |       1 | 72.0000000000000000 |              83.22 |                  0 | 14.584999999999999
 AAAAAAAAAAGBAAAA | TN      |       0 | 45.0000000000000000 |             173.39 |                  0 |             109.23
 AAAAAAAAAAGBAAAA |         |       1 | 45.0000000000000000 |             173.39 |                  0 |             109.23
 AAAAAAAAAAGEAAAA | TN      |       0 | 60.0000000000000000 |              47.02 |                  0 |              19.27
 AAAAAAAAAAGEAAAA |         |       1 | 60.0000000000000000 |              47.02 |                  0 |              19.27
 AAAAAAAAAAHAAAAA | TN      |       0 | 30.0000000000000000 |              44.04 |                  0 |              36.55
 AAAAAAAAAAHAAAAA |         |       1 | 30.0000000000000000 |              44.04 |                  0 |              36.55
 AAAAAAAAAAIAAAAA | TN      |       0 | 46.5000000000000000 |             108.36 |                  0 |             74.605
 AAAAAAAAAAIAAAAA |         |       1 | 46.5000000000000000 |             108.36 |                  0 |             74.605
 AAAAAAAAAAICAAAA | TN      |       0 | 93.0000000000000000 |             105.01 |            7499.52 |                 84
 AAAAAAAAAAICAAAA |         |       1 | 93.0000000000000000 |             105.01 |            7499.52 |                 84
 AAAAAAAAAAJCAAAA | TN      |       0 | 49.0000000000000000 |                 48 |              529.2 |               43.2
 AAAAAAAAAAJCAAAA |         |       1 | 49.0000000000000000 |                 48 |              529.2 |               43.2
 AAAAAAAAAAKBAAAA | TN      |       0 | 74.0000000000000000 |             104.27 |            2780.69 |               70.9
 AAAAAAAAAAKBAAAA |         |       1 | 74.0000000000000000 |             104.27 |            2780.69 |               70.9
 AAAAAAAAAAKDAAAA | TN      |       0 |                     |                    |                  0 |                   
 AAAAAAAAAAKDAAAA |         |       1 |                     |                    |                  0 |                   
 AAAAAAAAAALDAAAA | TN      |       0 | 70.0000000000000000 |              90.39 |                  0 |               51.2
 AAAAAAAAAALDAAAA |         |       1 | 70.0000000000000000 |              90.39 |                  0 |               51.2
 AAAAAAAAAAMCAAAA | TN      |       0 | 61.0000000000000000 |              55.33 |            1752.11 |              32.64
 AAAAAAAAAAMCAAAA |         |       1 | 61.0000000000000000 |              55.33 |            1752.11 |              32.64
 AAAAAAAAAANAAAAA | TN      |       0 | 50.5000000000000000 |            101.505 |            440.625 |              49.56
 AAAAAAAAAANAAAAA |         |       1 | 50.5000000000000000 |            101.505 |            440.625 |              49.56
 AAAAAAAAAANDAAAA | TN      |       0 | 23.0000000000000000 |             139.62 |                  0 |              57.24
 AAAAAAAAAANDAAAA |         |       1 | 23.0000000000000000 |             139.62 |                  0 |              57.24
 AAAAAAAAAAOCAAAA | TN      |       0 | 28.0000000000000000 |              74.66 |              524.7 |              20.15
 AAAAAAAAAAOCAAAA |         |       1 | 28.0000000000000000 |              74.66 |              524.7 |              20.15
 AAAAAAAAAAODAAAA | TN      |       0 | 39.0000000000000000 |             55.795 |                  0 |              25.65
 AAAAAAAAAAODAAAA |         |       1 | 39.0000000000000000 |             55.795 |                  0 |              25.65
 AAAAAAAAAAPBAAAA | TN      |       0 | 43.0000000000000000 |              69.14 |                  0 |              68.44
 AAAAAAAAAAPBAAAA |         |       1 | 43.0000000000000000 |              69.14 |                  0 |              68.44
 AAAAAAAAAAPCAAAA | TN      |       0 | 26.0000000000000000 |              36.51 |                  0 |              16.06
 AAAAAAAAAAPCAAAA |         |       1 | 26.0000000000000000 |              36.51 |                  0 |              16.06
 AAAAAAAAABABAAAA | TN      |       0 | 64.5000000000000000 |             60.265 |                  0 |             30.045
 AAAAAAAAABABAAAA |         |       1 | 64.5000000000000000 |             60.265 |                  0 |             30.045
 AAAAAAAAABAEAAAA | TN      |       0 | 53.0000000000000000 |              62.77 |                  0 |              38.91
 AAAAAAAAABAEAAAA |         |       1 | 53.0000000000000000 |              62.77 |                  0 |              38.91
 AAAAAAAAABBAAAAA | TN      |       0 | 29.0000000000000000 |  99.08666666666666 | 16.566666666666666 |  66.91666666666667
 AAAAAAAAABBAAAAA |         |       1 | 29.0000000000000000 |  99.08666666666666 | 16.566666666666666 |  66.91666666666667
 AAAAAAAAABBDAAAA | TN      |       0 | 30.0000000000000000 |               3.93 |                  0 |               3.06
 AAAAAAAAABBDAAAA |         |       1 | 30.0000000000000000 |               3.93 |                  0 |               3.06
 AAAAAAAAABCBAAAA | TN      |       0 | 20.0000000000000000 |              51.82 |                  0 |              36.79
 AAAAAAAAABCBAAAA |         |       1 | 20.0000000000000000 |              51.82 |                  0 |              36.79
 AAAAAAAAABCCAAAA | TN      |       0 | 50.0000000000000000 |             35.055 |                  0 |              29.49
 AAAAAAAAABCCAAAA |         |       1 | 50.0000000000000000 |             35.055 |                  0 |              29.49
 AAAAAAAAABCEAAAA | TN      |       0 | 64.0000000000000000 |             24.375 |                  0 |  5.937499999999999
 AAAAAAAAABCEAAAA |         |       1 | 64.0000000000000000 |             24.375 |                  0 |  5.937499999999999
 AAAAAAAAABDAAAAA | TN      |       0 | 46.0000000000000000 | 58.239999999999995 |                  0 | 23.575000000000003
 AAAAAAAAABDAAAAA |         |       1 | 46.0000000000000000 | 58.239999999999995 |                  0 | 23.575000000000003
 AAAAAAAAABDEAAAA | TN      |       0 | 14.0000000000000000 |              72.83 |                  0 |              52.43
 AAAAAAAAABDEAAAA |         |       1 | 14.0000000000000000 |              72.83 |                  0 |              52.43
 AAAAAAAAABECAAAA | TN      |       0 | 51.0000000000000000 |             72.515 |            716.625 |              37.61
 AAAAAAAAABECAAAA |         |       1 | 51.0000000000000000 |             72.515 |            716.625 |              37.61
 AAAAAAAAABEDAAAA | TN      |       0 | 18.0000000000000000 |               64.8 |                  0 |               1.94
 AAAAAAAAABEDAAAA |         |       1 | 18.0000000000000000 |               64.8 |                  0 |               1.94
 AAAAAAAAABFBAAAA | TN      |       0 | 45.5000000000000000 |              76.62 |                  0 |              30.04
 AAAAAAAAABFBAAAA |         |       1 | 45.5000000000000000 |              76.62 |                  0 |              30.04
 AAAAAAAAABGBAAAA | TN      |       0 | 43.0000000000000000 |              31.04 |                  0 |              14.89
 AAAAAAAAABGBAAAA |         |       1 | 43.0000000000000000 |              31.04 |                  0 |              14.89
 AAAAAAAAABGDAAAA | TN      |       0 | 94.0000000000000000 |              86.21 |                  0 |              41.38
 AAAAAAAAABGDAAAA |         |       1 | 94.0000000000000000 |              86.21 |                  0 |              41.38
 AAAAAAAAABHAAAAA | TN      |       0 | 40.0000000000000000 |             67.465 |              478.8 |              27.78
 AAAAAAAAABHAAAAA |         |       1 | 40.0000000000000000 |             67.465 |              478.8 |              27.78
 AAAAAAAAABHDAAAA | TN      |       0 | 39.0000000000000000 |               44.8 |                  0 |              42.56
 AAAAAAAAABHDAAAA |         |       1 | 39.0000000000000000 |               44.8 |                  0 |              42.56
 AAAAAAAAABIBAAAA | TN      |       0 | 78.0000000000000000 |              68.44 |                  0 |               21.9
 AAAAAAAAABIBAAAA |         |       1 | 78.0000000000000000 |              68.44 |                  0 |               21.9
 AAAAAAAAABICAAAA | TN      |       0 | 17.0000000000000000 |              22.24 |              23.23 |               9.11
 AAAAAAAAABICAAAA |         |       1 | 17.0000000000000000 |              22.24 |              23.23 |               9.11
 AAAAAAAAABJBAAAA | TN      |       0 | 46.3333333333333333 | 49.403333333333336 |                  0 |              34.87
 AAAAAAAAABJBAAAA |         |       1 | 46.3333333333333333 | 49.403333333333336 |                  0 |              34.87
 AAAAAAAAABJDAAAA | TN      |       0 | 41.0000000000000000 |             46.175 |                  0 |             31.795
 AAAAAAAAABJDAAAA |         |       1 | 41.0000000000000000 |             46.175 |                  0 |             31.795
 AAAAAAAAABKCAAAA | TN      |       0 | 81.0000000000000000 |               45.7 |                  0 |               20.1
 AAAAAAAAABKCAAAA |         |       1 | 81.0000000000000000 |               45.7 |                  0 |               20.1
 AAAAAAAAABKDAAAA | TN      |       0 | 20.0000000000000000 |              55.48 |             556.41 |              32.73
 AAAAAAAAABKDAAAA |         |       1 | 20.0000000000000000 |              55.48 |             556.41 |              32.73
(100 rows)

UPDATE time_statistics SET e_time = TRANSACTION_TIMESTAMP() WHERE template = 'query27.tpl' AND stream = 4;
psql:/tmp/s1-basline/throughput/query_4.sql:2466: NOTICE:  duration: 0.039 ms  plan:
Query Text: UPDATE time_statistics SET e_time = TRANSACTION_TIMESTAMP() WHERE template = 'query27.tpl' AND stream = 4;
Update on time_statistics  (cost=0.00..5.22 rows=0 width=0) (actual time=0.038..0.038 rows=0 loops=1)
  ->  Seq Scan on time_statistics  (cost=0.00..5.22 rows=1 width=14) (actual time=0.016..0.024 rows=1 loops=1)
        Filter: ((template = 'query27.tpl'::text) AND (stream = 4))
        Rows Removed by Filter: 147
UPDATE 1
LOAD 'auto_explain'; SET auto_explain.log_min_duration TO 0; SET auto_explain.log_analyze TO on; SET auto_explain.log_level TO notice; INSERT INTO time_statistics (template, s_time, stream, query, seed) VALUES ('query63.tpl', TRANSACTION_TIMESTAMP(), 4, 49, 1843965772);
LOAD
SET
SET
SET
psql:/tmp/s1-basline/throughput/query_4.sql:2467: NOTICE:  duration: 0.024 ms  plan:
Query Text: INSERT INTO time_statistics (template, s_time, stream, query, seed) VALUES ('query63.tpl', TRANSACTION_TIMESTAMP(), 4, 49, 1843965772);
Insert on time_statistics  (cost=0.00..0.01 rows=0 width=0) (actual time=0.023..0.023 rows=0 loops=1)
  ->  Result  (cost=0.00..0.01 rows=1 width=64) (actual time=0.002..0.002 rows=1 loops=1)
INSERT 0 1
select  * 
from (select i_manager_id
             ,sum(ss_sales_price) sum_sales
             ,avg(sum(ss_sales_price)) over (partition by i_manager_id) avg_monthly_sales
      from item
          ,store_sales
          ,date_dim
          ,store
      where ss_item_sk = i_item_sk
        and ss_sold_date_sk = d_date_sk
        and ss_store_sk = s_store_sk
        and d_month_seq in (1202,1202+1,1202+2,1202+3,1202+4,1202+5,1202+6,1202+7,1202+8,1202+9,1202+10,1202+11)
        and ((    i_category in ('Books','Children','Electronics')
              and i_class in ('personal','portable','reference','self-help')
              and i_brand in ('scholaramalgamalg #14','scholaramalgamalg #7',
		                  'exportiunivamalg #9','scholaramalgamalg #9'))
           or(    i_category in ('Women','Music','Men')
              and i_class in ('accessories','classical','fragrances','pants')
              and i_brand in ('amalgimporto #1','edu packscholar #1','exportiimporto #1',
		                 'importoamalg #1')))
group by i_manager_id, d_moy) tmp1
where case when avg_monthly_sales > 0 then abs (sum_sales - avg_monthly_sales) / avg_monthly_sales else null end > 0.1
order by i_manager_id
        ,avg_monthly_sales
        ,sum_sales
limit 100;
psql:/tmp/s1-basline/throughput/query_4.sql:2493: NOTICE:  duration: 192.190 ms  plan:
Query Text: select  * 
from (select i_manager_id
             ,sum(ss_sales_price) sum_sales
             ,avg(sum(ss_sales_price)) over (partition by i_manager_id) avg_monthly_sales
      from item
          ,store_sales
          ,date_dim
          ,store
      where ss_item_sk = i_item_sk
        and ss_sold_date_sk = d_date_sk
        and ss_store_sk = s_store_sk
        and d_month_seq in (1202,1202+1,1202+2,1202+3,1202+4,1202+5,1202+6,1202+7,1202+8,1202+9,1202+10,1202+11)
        and ((    i_category in ('Books','Children','Electronics')
              and i_class in ('personal','portable','reference','self-help')
              and i_brand in ('scholaramalgamalg #14','scholaramalgamalg #7',
		                  'exportiunivamalg #9','scholaramalgamalg #9'))
           or(    i_category in ('Women','Music','Men')
              and i_class in ('accessories','classical','fragrances','pants')
              and i_brand in ('amalgimporto #1','edu packscholar #1','exportiimporto #1',
		                 'importoamalg #1')))
group by i_manager_id, d_moy) tmp1
where case when avg_monthly_sales > 0 then abs (sum_sales - avg_monthly_sales) / avg_monthly_sales else null end > 0.1
order by i_manager_id
        ,avg_monthly_sales
        ,sum_sales
limit 100;
Limit  (cost=7663.20..7663.21 rows=6 width=20) (actual time=192.137..192.150 rows=100 loops=1)
  ->  Sort  (cost=7663.20..7663.21 rows=6 width=20) (actual time=192.137..192.143 rows=100 loops=1)
        Sort Key: tmp1.i_manager_id, tmp1.avg_monthly_sales, tmp1.sum_sales
        Sort Method: top-N heapsort  Memory: 32kB
        ->  Subquery Scan on tmp1  (cost=7662.03..7663.12 rows=6 width=20) (actual time=189.059..192.019 rows=749 loops=1)
              Filter: (CASE WHEN (tmp1.avg_monthly_sales > '0'::double precision) THEN (abs((tmp1.sum_sales - tmp1.avg_monthly_sales)) / tmp1.avg_monthly_sales) ELSE NULL::double precision END > '0.1'::double precision)
              Rows Removed by Filter: 68
              ->  WindowAgg  (cost=7662.03..7662.69 rows=19 width=24) (actual time=189.057..191.919 rows=817 loops=1)
                    ->  GroupAggregate  (cost=7662.03..7662.41 rows=19 width=16) (actual time=189.025..191.569 rows=817 loops=1)
                          Group Key: item.i_manager_id, date_dim.d_moy
                          ->  Sort  (cost=7662.03..7662.07 rows=19 width=16) (actual time=189.016..189.689 rows=16930 loops=1)
                                Sort Key: item.i_manager_id, date_dim.d_moy
                                Sort Method: quicksort  Memory: 1693kB
                                ->  Nested Loop  (cost=0.76..7661.62 rows=19 width=16) (actual time=0.046..185.023 rows=16930 loops=1)
                                      Join Filter: (store_sales.ss_store_sk = store.s_store_sk)
                                      Rows Removed by Join Filter: 78613
                                      ->  Nested Loop  (cost=0.76..7657.18 rows=20 width=24) (actual time=0.042..173.788 rows=17355 loops=1)
                                            ->  Nested Loop  (cost=0.43..6923.02 rows=4157 width=28) (actual time=0.032..136.654 rows=117478 loops=1)
                                                  ->  Seq Scan on item  (cost=0.00..1931.00 rows=26 width=12) (actual time=0.023..15.778 rows=900 loops=1)
                                                        Filter: (((i_category = ANY ('{Books,Children,Electronics}'::bpchar[])) AND (i_class = ANY ('{personal,portable,reference,self-help}'::bpchar[])) AND (i_brand = ANY ('{"scholaramalgamalg #14","scholaramalgamalg #7","exportiunivamalg #9","scholaramalgamalg #9"}'::bpchar[]))) OR ((i_category = ANY ('{Women,Music,Men}'::bpchar[])) AND (i_class = ANY ('{accessories,classical,fragrances,pants}'::bpchar[])) AND (i_brand = ANY ('{"amalgimporto #1","edu packscholar #1","exportiimporto #1","importoamalg #1"}'::bpchar[]))))
                                                        Rows Removed by Filter: 17100
                                                  ->  Index Scan using pk_store_sales on store_sales  (cost=0.43..190.26 rows=174 width=32) (actual time=0.005..0.115 rows=131 loops=900)
                                                        Index Cond: (ss_item_sk = item.i_item_sk)
                                            ->  Memoize  (cost=0.33..0.36 rows=1 width=12) (actual time=0.000..0.000 rows=0 loops=117478)
                                                  Cache Key: store_sales.ss_sold_date_sk
                                                  Cache Mode: logical
                                                  Hits: 115747  Misses: 1731  Evictions: 0  Overflows: 0  Memory Usage: 138kB
                                                  ->  Index Scan using pk_date_dim on date_dim  (cost=0.32..0.35 rows=1 width=12) (actual time=0.001..0.001 rows=0 loops=1731)
                                                        Index Cond: (d_date_sk = store_sales.ss_sold_date_sk)
                                                        Filter: (d_month_seq = ANY ('{1202,1203,1204,1205,1206,1207,1208,1209,1210,1211,1212,1213}'::integer[]))
                                                        Rows Removed by Filter: 1
                                      ->  Materialize  (cost=0.00..1.18 rows=12 width=8) (actual time=0.000..0.000 rows=6 loops=17355)
                                            ->  Seq Scan on store  (cost=0.00..1.12 rows=12 width=8) (actual time=0.002..0.003 rows=12 loops=1)
 i_manager_id |     sum_sales      | avg_monthly_sales  
--------------+--------------------+--------------------
            1 |              54.71 | 475.66700000000003
            1 |             279.71 | 475.66700000000003
            1 |             294.19 | 475.66700000000003
            1 |             346.73 | 475.66700000000003
            1 | 415.43999999999994 | 475.66700000000003
            1 |             708.42 | 475.66700000000003
            1 |             797.48 | 475.66700000000003
            1 |             897.08 | 475.66700000000003
            2 |               56.2 |            400.718
            2 |  71.61999999999999 |            400.718
            2 |  92.78999999999999 |            400.718
            2 |             159.68 |            400.718
            2 |             232.22 |            400.718
            2 | 447.26000000000005 |            400.718
            2 |             591.15 |            400.718
            2 |  597.2499999999999 |            400.718
            2 |  627.7099999999999 |            400.718
            2 |             1131.3 |            400.718
            3 |             809.99 | 2046.3229999999999
            3 |             836.67 | 2046.3229999999999
            3 | 1024.7100000000003 | 2046.3229999999999
            3 |            1063.54 | 2046.3229999999999
            3 |            1173.57 | 2046.3229999999999
            3 |            2414.91 | 2046.3229999999999
            3 | 2621.3199999999993 | 2046.3229999999999
            3 |  3049.640000000001 | 2046.3229999999999
            3 |  3541.409999999999 | 2046.3229999999999
            3 |            3927.47 | 2046.3229999999999
            4 |  77.13999999999999 | 1252.5475000000001
            4 |             101.21 | 1252.5475000000001
            4 |  580.7400000000001 | 1252.5475000000001
            4 |             727.33 | 1252.5475000000001
            4 |  743.9599999999999 | 1252.5475000000001
            4 | 1066.1000000000001 | 1252.5475000000001
            4 | 1378.5299999999997 | 1252.5475000000001
            4 | 1492.0399999999997 | 1252.5475000000001
            4 | 1774.0299999999997 | 1252.5475000000001
            4 | 2077.7000000000003 | 1252.5475000000001
            4 |            2205.75 | 1252.5475000000001
            4 |  2806.040000000001 | 1252.5475000000001
            5 |             931.81 | 2158.1240000000003
            5 | 1219.4099999999999 | 2158.1240000000003
            5 |            1248.67 | 2158.1240000000003
            5 | 1298.3800000000003 | 2158.1240000000003
            5 |            1845.05 | 2158.1240000000003
            5 |  2556.659999999999 | 2158.1240000000003
            5 | 2854.0099999999993 | 2158.1240000000003
            5 | 3507.8200000000015 | 2158.1240000000003
            5 |  3797.420000000001 | 2158.1240000000003
            6 |  648.5600000000001 |           1613.236
            6 |              705.1 |           1613.236
            6 |  722.6199999999999 |           1613.236
            6 |             944.12 |           1613.236
            6 | 1261.1900000000003 |           1613.236
            6 | 2143.7000000000003 |           1613.236
            6 | 2244.4300000000003 |           1613.236
            6 | 2289.5799999999995 |           1613.236
            6 | 2350.8199999999997 |           1613.236
            6 |            2822.24 |           1613.236
            7 |             226.11 |  754.6030000000001
            7 | 306.24999999999994 |  754.6030000000001
            7 | 371.35999999999996 |  754.6030000000001
            7 | 395.84000000000003 |  754.6030000000001
            7 |  906.9200000000001 |  754.6030000000001
            7 |            1054.35 |  754.6030000000001
            7 | 1936.2500000000005 |  754.6030000000001
            8 | 126.28999999999999 | 1010.9091666666667
            8 | 135.04000000000002 | 1010.9091666666667
            8 |             584.25 | 1010.9091666666667
            8 |             703.22 | 1010.9091666666667
            8 |             902.54 | 1010.9091666666667
            8 | 1565.2099999999996 | 1010.9091666666667
            8 |            1730.19 | 1010.9091666666667
            8 |            2413.73 | 1010.9091666666667
            9 | 165.42999999999998 |            578.326
            9 |             212.29 |            578.326
            9 |             316.57 |            578.326
            9 | 367.93999999999994 |            578.326
            9 | 394.96999999999997 |            578.326
            9 |             736.23 |            578.326
            9 |             1129.7 |            578.326
            9 | 1276.5100000000002 |            578.326
           10 |             687.29 | 1830.4050000000002
           10 |  713.7800000000001 | 1830.4050000000002
           10 |  877.9900000000001 | 1830.4050000000002
           10 | 1286.8499999999997 | 1830.4050000000002
           10 | 1308.3899999999999 | 1830.4050000000002
           10 |            2264.21 | 1830.4050000000002
           10 | 2351.7000000000003 | 1830.4050000000002
           10 | 2617.4900000000002 | 1830.4050000000002
           10 |  2628.960000000001 | 1830.4050000000002
           10 | 3567.3900000000012 | 1830.4050000000002
           11 | 294.73999999999995 |            897.836
           11 |             636.85 |            897.836
           11 |              640.3 |            897.836
           11 |             661.95 |            897.836
           11 |             671.12 |            897.836
           11 |  774.1600000000001 |            897.836
           11 |  992.8799999999999 |            897.836
           11 | 1577.7200000000003 |            897.836
(100 rows)

UPDATE time_statistics SET e_time = TRANSACTION_TIMESTAMP() WHERE template = 'query63.tpl' AND stream = 4;
psql:/tmp/s1-basline/throughput/query_4.sql:2495: NOTICE:  duration: 0.044 ms  plan:
Query Text: UPDATE time_statistics SET e_time = TRANSACTION_TIMESTAMP() WHERE template = 'query63.tpl' AND stream = 4;
Update on time_statistics  (cost=0.00..5.22 rows=0 width=0) (actual time=0.044..0.044 rows=0 loops=1)
  ->  Seq Scan on time_statistics  (cost=0.00..5.22 rows=1 width=14) (actual time=0.021..0.029 rows=1 loops=1)
        Filter: ((template = 'query63.tpl'::text) AND (stream = 4))
        Rows Removed by Filter: 148
UPDATE 1
LOAD 'auto_explain'; SET auto_explain.log_min_duration TO 0; SET auto_explain.log_analyze TO on; SET auto_explain.log_level TO notice; INSERT INTO time_statistics (template, s_time, stream, query, seed) VALUES ('query38.tpl', TRANSACTION_TIMESTAMP(), 4, 50, 1196220147);
LOAD
SET
SET
SET
psql:/tmp/s1-basline/throughput/query_4.sql:2496: NOTICE:  duration: 0.009 ms  plan:
Query Text: INSERT INTO time_statistics (template, s_time, stream, query, seed) VALUES ('query38.tpl', TRANSACTION_TIMESTAMP(), 4, 50, 1196220147);
Insert on time_statistics  (cost=0.00..0.01 rows=0 width=0) (actual time=0.008..0.008 rows=0 loops=1)
  ->  Result  (cost=0.00..0.01 rows=1 width=64) (actual time=0.001..0.001 rows=1 loops=1)
INSERT 0 1
select  count(*) from (
    select distinct c_last_name, c_first_name, d_date
    from store_sales, date_dim, customer
          where store_sales.ss_sold_date_sk = date_dim.d_date_sk
      and store_sales.ss_customer_sk = customer.c_customer_sk
      and d_month_seq between 1179 and 1179 + 11
  intersect
    select distinct c_last_name, c_first_name, d_date
    from catalog_sales, date_dim, customer
          where catalog_sales.cs_sold_date_sk = date_dim.d_date_sk
      and catalog_sales.cs_bill_customer_sk = customer.c_customer_sk
      and d_month_seq between 1179 and 1179 + 11
  intersect
    select distinct c_last_name, c_first_name, d_date
    from web_sales, date_dim, customer
          where web_sales.ws_sold_date_sk = date_dim.d_date_sk
      and web_sales.ws_bill_customer_sk = customer.c_customer_sk
      and d_month_seq between 1179 and 1179 + 11
) hot_cust
limit 100;
psql:/tmp/s1-basline/throughput/query_4.sql:2516: NOTICE:  duration: 2228.146 ms  plan:
Query Text: select  count(*) from (
    select distinct c_last_name, c_first_name, d_date
    from store_sales, date_dim, customer
          where store_sales.ss_sold_date_sk = date_dim.d_date_sk
      and store_sales.ss_customer_sk = customer.c_customer_sk
      and d_month_seq between 1179 and 1179 + 11
  intersect
    select distinct c_last_name, c_first_name, d_date
    from catalog_sales, date_dim, customer
          where catalog_sales.cs_sold_date_sk = date_dim.d_date_sk
      and catalog_sales.cs_bill_customer_sk = customer.c_customer_sk
      and d_month_seq between 1179 and 1179 + 11
  intersect
    select distinct c_last_name, c_first_name, d_date
    from web_sales, date_dim, customer
          where web_sales.ws_sold_date_sk = date_dim.d_date_sk
      and web_sales.ws_bill_customer_sk = customer.c_customer_sk
      and d_month_seq between 1179 and 1179 + 11
) hot_cust
limit 100;
Limit  (cost=155785.46..155785.47 rows=1 width=8) (actual time=2149.132..2228.139 rows=1 loops=1)
  ->  Aggregate  (cost=155785.46..155785.47 rows=1 width=8) (actual time=2149.131..2228.137 rows=1 loops=1)
        ->  Subquery Scan on hot_cust  (cost=34505.26..155776.20 rows=3702 width=0) (actual time=2148.570..2228.127 rows=120 loops=1)
              ->  HashSetOp Intersect  (cost=34505.26..155739.18 rows=3702 width=216) (actual time=2148.570..2228.114 rows=120 loops=1)
                    ->  Append  (cost=34505.26..155656.47 rows=11028 width=216) (actual time=267.966..2224.199 rows=12425 loops=1)
                          ->  Subquery Scan on "*SELECT* 3"  (cost=34505.26..35001.21 rows=3702 width=60) (actual time=267.965..345.437 rows=12092 loops=1)
                                ->  Unique  (cost=34505.26..34964.19 rows=3702 width=56) (actual time=267.963..344.113 rows=12092 loops=1)
                                      ->  Gather Merge  (cost=34505.26..34936.42 rows=3702 width=56) (actual time=267.962..320.569 rows=146342 loops=1)
                                            Workers Planned: 2
                                            Workers Launched: 2
                                            ->  Sort  (cost=33505.24..33509.10 rows=1542 width=56) (actual time=240.180..244.927 rows=48781 loops=3)
                                                  Sort Key: customer.c_last_name, customer.c_first_name, date_dim.d_date
                                                  Sort Method: quicksort  Memory: 9185kB
                                                  Worker 0:  Sort Method: quicksort  Memory: 5197kB
                                                  Worker 1:  Sort Method: quicksort  Memory: 5250kB
                                                  ->  Nested Loop  (cost=2505.73..33423.59 rows=1542 width=56) (actual time=13.507..173.362 rows=48781 loops=3)
                                                        ->  Hash Join  (cost=2505.43..32937.21 rows=1543 width=12) (actual time=13.460..93.768 rows=48787 loops=3)
                                                              Hash Cond: (web_sales.ws_sold_date_sk = date_dim.d_date_sk)
                                                              ->  Parallel Seq Scan on web_sales  (cost=0.00..29644.81 rows=299781 width=16) (actual time=0.016..45.425 rows=239825 loops=3)
                                                              ->  Hash  (cost=2500.73..2500.73 rows=376 width=12) (actual time=13.328..13.329 rows=365 loops=3)
                                                                    Buckets: 1024  Batches: 1  Memory Usage: 26kB
                                                                    ->  Seq Scan on date_dim  (cost=0.00..2500.73 rows=376 width=12) (actual time=6.211..13.278 rows=365 loops=3)
                                                                          Filter: ((d_month_seq >= 1179) AND (d_month_seq <= 1190))
                                                                          Rows Removed by Filter: 72684
                                                        ->  Index Scan using pk_customer on customer  (cost=0.29..0.32 rows=1 width=60) (actual time=0.001..0.001 rows=1 loops=146361)
                                                              Index Cond: (c_customer_sk = web_sales.ws_bill_customer_sk)
                          ->  Result  (cost=24346.86..120600.12 rows=7326 width=216) (actual time=1798.164..1878.015 rows=333 loops=1)
                                ->  HashSetOp Intersect  (cost=24346.86..120526.86 rows=7326 width=216) (actual time=1798.163..1877.978 rows=333 loops=1)
                                      ->  Append  (cost=24346.86..120370.60 rows=20835 width=216) (actual time=584.562..1861.081 rows=78876 loops=1)
                                            ->  Subquery Scan on "*SELECT* 2"  (cost=24346.86..24493.38 rows=7326 width=60) (actual time=584.561..593.609 rows=31546 loops=1)
                                                  ->  HashAggregate  (cost=24346.86..24420.12 rows=7326 width=56) (actual time=584.560..591.292 rows=31546 loops=1)
                                                        Group Key: customer_1.c_last_name, customer_1.c_first_name, date_dim_1.d_date
                                                        Batches: 1  Memory Usage: 6673kB
                                                        ->  Nested Loop  (cost=0.72..24291.92 rows=7326 width=56) (actual time=3.595..476.356 rows=284982 loops=1)
                                                              ->  Nested Loop  (cost=0.43..21989.58 rows=7365 width=12) (actual time=3.587..100.786 rows=285694 loops=1)
                                                                    ->  Seq Scan on date_dim date_dim_1  (cost=0.00..2500.73 rows=376 width=12) (actual time=3.571..7.870 rows=365 loops=1)
                                                                          Filter: ((d_month_seq >= 1179) AND (d_month_seq <= 1190))
                                                                          Rows Removed by Filter: 72684
                                                                    ->  Index Scan using i_cs_sold_date_sk on catalog_sales  (cost=0.43..44.01 rows=782 width=16) (actual time=0.004..0.176 rows=783 loops=365)
                                                                          Index Cond: (cs_sold_date_sk = date_dim_1.d_date_sk)
                                                              ->  Index Scan using pk_customer on customer customer_1  (cost=0.29..0.31 rows=1 width=60) (actual time=0.001..0.001 rows=1 loops=285694)
                                                                    Index Cond: (c_customer_sk = catalog_sales.cs_bill_customer_sk)
                                            ->  Subquery Scan on "*SELECT* 1"  (cost=93963.29..95773.04 rows=13509 width=60) (actual time=886.883..1262.776 rows=47330 loops=1)
                                                  ->  Unique  (cost=93963.29..95637.95 rows=13509 width=56) (actual time=886.880..1257.327 rows=47330 loops=1)
                                                        ->  Gather Merge  (cost=93963.29..95536.63 rows=13509 width=56) (actual time=886.879..1174.035 rows=535845 loops=1)
                                                              Workers Planned: 2
                                                              Workers Launched: 2
                                                              ->  Sort  (cost=92963.26..92977.34 rows=5629 width=56) (actual time=842.502..885.086 rows=178615 loops=3)
                                                                    Sort Key: customer_2.c_last_name, customer_2.c_first_name, date_dim_2.d_date
                                                                    Sort Method: external merge  Disk: 12984kB
                                                                    Worker 0:  Sort Method: external merge  Disk: 10368kB
                                                                    Worker 1:  Sort Method: external merge  Disk: 10368kB
                                                                    ->  Nested Loop  (cost=2505.73..92612.62 rows=5629 width=56) (actual time=13.878..546.286 rows=178615 loops=3)
                                                                          ->  Hash Join  (cost=2505.43..90776.86 rows=5897 width=12) (actual time=13.826..264.504 rows=182898 loops=3)
                                                                                Hash Cond: (store_sales.ss_sold_date_sk = date_dim_2.d_date_sk)
                                                                                ->  Parallel Seq Scan on store_sales  (cost=0.00..85123.48 rows=1199148 width=16) (actual time=0.015..122.899 rows=959309 loops=3)
                                                                                ->  Hash  (cost=2500.73..2500.73 rows=376 width=12) (actual time=13.691..13.692 rows=365 loops=3)
                                                                                      Buckets: 1024  Batches: 1  Memory Usage: 26kB
                                                                                      ->  Seq Scan on date_dim date_dim_2  (cost=0.00..2500.73 rows=376 width=12) (actual time=6.320..13.640 rows=365 loops=3)
                                                                                            Filter: ((d_month_seq >= 1179) AND (d_month_seq <= 1190))
                                                                                            Rows Removed by Filter: 72684
                                                                          ->  Index Scan using pk_customer on customer customer_2  (cost=0.29..0.31 rows=1 width=60) (actual time=0.001..0.001 rows=1 loops=548693)
                                                                                Index Cond: (c_customer_sk = store_sales.ss_customer_sk)
 count 
-------
   120
(1 row)

UPDATE time_statistics SET e_time = TRANSACTION_TIMESTAMP() WHERE template = 'query38.tpl' AND stream = 4;
psql:/tmp/s1-basline/throughput/query_4.sql:2518: NOTICE:  duration: 0.049 ms  plan:
Query Text: UPDATE time_statistics SET e_time = TRANSACTION_TIMESTAMP() WHERE template = 'query38.tpl' AND stream = 4;
Update on time_statistics  (cost=0.00..5.22 rows=0 width=0) (actual time=0.049..0.049 rows=0 loops=1)
  ->  Seq Scan on time_statistics  (cost=0.00..5.22 rows=1 width=14) (actual time=0.026..0.034 rows=1 loops=1)
        Filter: ((template = 'query38.tpl'::text) AND (stream = 4))
        Rows Removed by Filter: 149
UPDATE 1
LOAD 'auto_explain'; SET auto_explain.log_min_duration TO 0; SET auto_explain.log_analyze TO on; SET auto_explain.log_level TO notice; INSERT INTO time_statistics (template, s_time, stream, query, seed) VALUES ('query18.tpl', TRANSACTION_TIMESTAMP(), 4, 51, 863701801);
LOAD
SET
SET
SET
psql:/tmp/s1-basline/throughput/query_4.sql:2519: NOTICE:  duration: 0.008 ms  plan:
Query Text: INSERT INTO time_statistics (template, s_time, stream, query, seed) VALUES ('query18.tpl', TRANSACTION_TIMESTAMP(), 4, 51, 863701801);
Insert on time_statistics  (cost=0.00..0.01 rows=0 width=0) (actual time=0.008..0.008 rows=0 loops=1)
  ->  Result  (cost=0.00..0.01 rows=1 width=64) (actual time=0.001..0.001 rows=1 loops=1)
INSERT 0 1
select  i_item_id,
        ca_country,
        ca_state, 
        ca_county,
        avg( cast(cs_quantity as decimal(12,2))) agg1,
        avg( cast(cs_list_price as decimal(12,2))) agg2,
        avg( cast(cs_coupon_amt as decimal(12,2))) agg3,
        avg( cast(cs_sales_price as decimal(12,2))) agg4,
        avg( cast(cs_net_profit as decimal(12,2))) agg5,
        avg( cast(c_birth_year as decimal(12,2))) agg6,
        avg( cast(cd1.cd_dep_count as decimal(12,2))) agg7
 from catalog_sales, customer_demographics cd1, 
      customer_demographics cd2, customer, customer_address, date_dim, item
 where cs_sold_date_sk = d_date_sk and
       cs_item_sk = i_item_sk and
       cs_bill_cdemo_sk = cd1.cd_demo_sk and
       cs_bill_customer_sk = c_customer_sk and
       cd1.cd_gender = 'M' and 
       cd1.cd_education_status = 'Advanced Degree' and
       c_current_cdemo_sk = cd2.cd_demo_sk and
       c_current_addr_sk = ca_address_sk and
       c_birth_month in (2,12,6,4,11,8) and
       d_year = 1999 and
       ca_state in ('AL','AR','OH'
                   ,'AZ','ND','OK','CA')
 group by rollup (i_item_id, ca_country, ca_state, ca_county)
 order by ca_country,
        ca_state, 
        ca_county,
	i_item_id
 limit 100;
psql:/tmp/s1-basline/throughput/query_4.sql:2550: NOTICE:  duration: 714.850 ms  plan:
Query Text: select  i_item_id,
        ca_country,
        ca_state, 
        ca_county,
        avg( cast(cs_quantity as decimal(12,2))) agg1,
        avg( cast(cs_list_price as decimal(12,2))) agg2,
        avg( cast(cs_coupon_amt as decimal(12,2))) agg3,
        avg( cast(cs_sales_price as decimal(12,2))) agg4,
        avg( cast(cs_net_profit as decimal(12,2))) agg5,
        avg( cast(c_birth_year as decimal(12,2))) agg6,
        avg( cast(cd1.cd_dep_count as decimal(12,2))) agg7
 from catalog_sales, customer_demographics cd1, 
      customer_demographics cd2, customer, customer_address, date_dim, item
 where cs_sold_date_sk = d_date_sk and
       cs_item_sk = i_item_sk and
       cs_bill_cdemo_sk = cd1.cd_demo_sk and
       cs_bill_customer_sk = c_customer_sk and
       cd1.cd_gender = 'M' and 
       cd1.cd_education_status = 'Advanced Degree' and
       c_current_cdemo_sk = cd2.cd_demo_sk and
       c_current_addr_sk = ca_address_sk and
       c_birth_month in (2,12,6,4,11,8) and
       d_year = 1999 and
       ca_state in ('AL','AR','OH'
                   ,'AZ','ND','OK','CA')
 group by rollup (i_item_id, ca_country, ca_state, ca_county)
 order by ca_country,
        ca_state, 
        ca_county,
	i_item_id
 limit 100;
Limit  (cost=24793.81..24794.06 rows=100 width=272) (actual time=714.720..714.732 rows=100 loops=1)
  ->  Sort  (cost=24793.81..24794.12 rows=125 width=272) (actual time=714.719..714.725 rows=100 loops=1)
        Sort Key: customer_address.ca_country, customer_address.ca_state, customer_address.ca_county, item.i_item_id
        Sort Method: top-N heapsort  Memory: 47kB
        ->  GroupAggregate  (cost=24784.00..24789.46 rows=125 width=272) (actual time=699.836..712.394 rows=3852 loops=1)
              Group Key: item.i_item_id, customer_address.ca_country, customer_address.ca_state, customer_address.ca_county
              Group Key: item.i_item_id, customer_address.ca_country, customer_address.ca_state
              Group Key: item.i_item_id, customer_address.ca_country
              Group Key: item.i_item_id
              Group Key: ()
              ->  Sort  (cost=24784.00..24784.08 rows=31 width=92) (actual time=699.800..699.851 rows=985 loops=1)
                    Sort Key: item.i_item_id, customer_address.ca_country, customer_address.ca_state, customer_address.ca_county
                    Sort Method: quicksort  Memory: 156kB
                    ->  Nested Loop  (cost=2.15..24783.24 rows=31 width=92) (actual time=8.315..697.224 rows=985 loops=1)
                          ->  Nested Loop  (cost=1.86..24773.75 rows=31 width=83) (actual time=8.309..694.372 rows=985 loops=1)
                                ->  Nested Loop  (cost=1.44..24755.97 rows=32 width=91) (actual time=8.304..692.820 rows=1020 loops=1)
                                      ->  Nested Loop  (cost=1.15..24673.99 rows=237 width=68) (actual time=5.902..675.721 rows=9490 loops=1)
                                            ->  Nested Loop  (cost=0.85..24512.66 rows=504 width=56) (actual time=4.119..641.791 rows=20162 loops=1)
                                                  ->  Nested Loop  (cost=0.43..21168.73 rows=7110 width=60) (actual time=3.978..132.107 rows=284178 loops=1)
                                                        ->  Seq Scan on date_dim  (cost=0.00..2318.11 rows=363 width=8) (actual time=3.967..8.567 rows=365 loops=1)
                                                              Filter: (d_year = 1999)
                                                              Rows Removed by Filter: 72684
                                                        ->  Index Scan using i_cs_sold_date_sk on catalog_sales  (cost=0.43..44.11 rows=782 width=68) (actual time=0.004..0.179 rows=779 loops=365)
                                                              Index Cond: (cs_sold_date_sk = date_dim.d_date_sk)
                                                  ->  Index Scan using pk_customer_demographics on customer_demographics cd1  (cost=0.43..0.47 rows=1 width=12) (actual time=0.002..0.002 rows=0 loops=284178)
                                                        Index Cond: (cd_demo_sk = catalog_sales.cs_bill_cdemo_sk)
                                                        Filter: ((cd_gender = 'M'::bpchar) AND (cd_education_status = 'Advanced Degree'::bpchar))
                                                        Rows Removed by Filter: 1
                                            ->  Index Scan using pk_customer on customer  (cost=0.29..0.32 rows=1 width=28) (actual time=0.001..0.001 rows=0 loops=20162)
                                                  Index Cond: (c_customer_sk = catalog_sales.cs_bill_customer_sk)
                                                  Filter: (c_birth_month = ANY ('{2,12,6,4,11,8}'::integer[]))
                                                  Rows Removed by Filter: 1
                                      ->  Index Scan using pk_customer_address on customer_address  (cost=0.29..0.35 rows=1 width=39) (actual time=0.002..0.002 rows=0 loops=9490)
                                            Index Cond: (ca_address_sk = customer.c_current_addr_sk)
                                            Filter: (ca_state = ANY ('{AL,AR,OH,AZ,ND,OK,CA}'::bpchar[]))
                                            Rows Removed by Filter: 1
                                ->  Index Only Scan using pk_customer_demographics on customer_demographics cd2  (cost=0.43..0.56 rows=1 width=8) (actual time=0.001..0.001 rows=1 loops=1020)
                                      Index Cond: (cd_demo_sk = customer.c_current_cdemo_sk)
                                      Heap Fetches: 0
                          ->  Index Scan using pk_item on item  (cost=0.29..0.31 rows=1 width=25) (actual time=0.003..0.003 rows=1 loops=985)
                                Index Cond: (i_item_sk = catalog_sales.cs_item_sk)
    i_item_id     |  ca_country   | ca_state |     ca_county     |        agg1         |         agg2         |          agg3          |          agg4          |          agg5          |         agg6          |          agg7          
------------------+---------------+----------+-------------------+---------------------+----------------------+------------------------+------------------------+------------------------+-----------------------+------------------------
 AAAAAAAABBCDAAAA | United States | AL       | Bibb County       | 56.0000000000000000 | 122.3800000000000000 | 0.00000000000000000000 |    91.7800000000000000 |  2223.2000000000000000 | 1975.0000000000000000 |     2.0000000000000000
 AAAAAAAACAPCAAAA | United States | AL       | Bibb County       | 78.0000000000000000 |   5.9900000000000000 | 0.00000000000000000000 | 0.95000000000000000000 |  -124.8000000000000000 | 1975.0000000000000000 |     2.0000000000000000
 AAAAAAAAEEJDAAAA | United States | AL       | Bibb County       | 40.0000000000000000 |  84.4200000000000000 |   295.1000000000000000 |    38.8300000000000000 |  -269.9000000000000000 | 1975.0000000000000000 |     2.0000000000000000
 AAAAAAAAHBFAAAAA | United States | AL       | Bibb County       | 69.0000000000000000 |  34.3500000000000000 | 0.00000000000000000000 |    10.6400000000000000 |  -540.2700000000000000 | 1975.0000000000000000 |     2.0000000000000000
 AAAAAAAALIGDAAAA | United States | AL       | Bibb County       | 19.0000000000000000 |  87.1300000000000000 |   271.4700000000000000 |    35.7200000000000000 |  -416.4400000000000000 | 1975.0000000000000000 |     2.0000000000000000
 AAAAAAAAOGCDAAAA | United States | AL       | Bibb County       | 68.0000000000000000 |   5.0300000000000000 | 0.00000000000000000000 | 1.40000000000000000000 |  -156.4000000000000000 | 1975.0000000000000000 |     2.0000000000000000
 AAAAAAAABJJDAAAA | United States | AL       | Cherokee County   |  6.0000000000000000 | 191.3900000000000000 | 0.00000000000000000000 |    45.9300000000000000 |  -295.7400000000000000 | 1933.0000000000000000 |     4.0000000000000000
 AAAAAAAADOMCAAAA | United States | AL       | Cherokee County   | 67.0000000000000000 |  43.3300000000000000 | 0.00000000000000000000 |     9.9600000000000000 | -1050.5600000000000000 | 1933.0000000000000000 |     4.0000000000000000
 AAAAAAAAEJNDAAAA | United States | AL       | Cherokee County   | 52.0000000000000000 |  93.8300000000000000 | 0.00000000000000000000 |     8.4400000000000000 | -1267.2400000000000000 | 1933.0000000000000000 |     4.0000000000000000
 AAAAAAAAFKICAAAA | United States | AL       | Cherokee County   |  4.0000000000000000 | 231.3100000000000000 | 0.00000000000000000000 |     4.6200000000000000 |  -338.7600000000000000 | 1933.0000000000000000 |     4.0000000000000000
 AAAAAAAAIPEEAAAA | United States | AL       | Cherokee County   | 13.0000000000000000 | 133.9400000000000000 | 0.00000000000000000000 |    80.3600000000000000 |   191.1000000000000000 | 1933.0000000000000000 |     4.0000000000000000
 AAAAAAAAKNBBAAAA | United States | AL       | Cherokee County   | 76.0000000000000000 | 204.0900000000000000 | 0.00000000000000000000 |   108.1600000000000000 |  2700.2800000000000000 | 1933.0000000000000000 |     4.0000000000000000
 AAAAAAAAMFBEAAAA | United States | AL       | Cherokee County   | 48.0000000000000000 |  51.2300000000000000 | 0.00000000000000000000 | 1.53000000000000000000 | -1181.2800000000000000 | 1933.0000000000000000 |     4.0000000000000000
 AAAAAAAAMMFDAAAA | United States | AL       | Cherokee County   | 49.0000000000000000 |  16.0000000000000000 | 0.00000000000000000000 | 0.00000000000000000000 |  -627.2000000000000000 | 1933.0000000000000000 |     4.0000000000000000
 AAAAAAAAOPIDAAAA | United States | AL       | Cherokee County   | 13.0000000000000000 | 243.0900000000000000 | 0.00000000000000000000 |   226.0700000000000000 |  1669.7200000000000000 | 1933.0000000000000000 |     4.0000000000000000
 AAAAAAAAPCEBAAAA | United States | AL       | Cherokee County   | 56.0000000000000000 | 134.4600000000000000 | 0.00000000000000000000 |    48.4000000000000000 |    68.3200000000000000 | 1933.0000000000000000 |     4.0000000000000000
 AAAAAAAACBNDAAAA | United States | AL       | Clarke County     | 19.0000000000000000 | 119.7500000000000000 | 0.00000000000000000000 |    65.8600000000000000 |  -275.6900000000000000 | 1946.0000000000000000 |     3.0000000000000000
 AAAAAAAAICJBAAAA | United States | AL       | Clarke County     | 72.0000000000000000 |  39.0300000000000000 | 0.00000000000000000000 |    13.2700000000000000 | -1599.8400000000000000 | 1946.0000000000000000 |     3.0000000000000000
 AAAAAAAAIMIAAAAA | United States | AL       | Clarke County     | 25.0000000000000000 |  25.0800000000000000 | 0.00000000000000000000 |     4.5100000000000000 |  -162.2500000000000000 | 1946.0000000000000000 |     3.0000000000000000
 AAAAAAAAJHKCAAAA | United States | AL       | Clarke County     | 59.0000000000000000 | 125.5100000000000000 | 0.00000000000000000000 |    32.6300000000000000 | -1503.3200000000000000 | 1946.0000000000000000 |     3.0000000000000000
 AAAAAAAAMNPAAAAA | United States | AL       | Clarke County     |  4.0000000000000000 | 158.0800000000000000 | 0.00000000000000000000 |    26.8700000000000000 |  -118.3600000000000000 | 1946.0000000000000000 |     3.0000000000000000
 AAAAAAAANHEBAAAA | United States | AL       | Clarke County     | 52.0000000000000000 |  35.4300000000000000 |    13.2200000000000000 |     2.1200000000000000 |  -554.0200000000000000 | 1946.0000000000000000 |     3.0000000000000000
 AAAAAAAANOJBAAAA | United States | AL       | Clarke County     | 12.0000000000000000 |  71.1300000000000000 | 0.00000000000000000000 |    27.0200000000000000 |  -520.9200000000000000 | 1946.0000000000000000 |     3.0000000000000000
 AAAAAAAAOJACAAAA | United States | AL       | Clarke County     | 87.0000000000000000 |  19.3400000000000000 | 0.00000000000000000000 |     8.5000000000000000 |     7.8300000000000000 | 1946.0000000000000000 |     3.0000000000000000
 AAAAAAAAOPEEAAAA | United States | AL       | Clarke County     | 73.0000000000000000 |  47.9200000000000000 | 0.00000000000000000000 |     4.7900000000000000 |  -820.5200000000000000 | 1946.0000000000000000 |     3.0000000000000000
 AAAAAAAACJFEAAAA | United States | AL       | Covington County  | 75.0000000000000000 |   3.2500000000000000 |     6.4500000000000000 | 1.72000000000000000000 |    20.5500000000000000 | 1936.0000000000000000 |     4.0000000000000000
 AAAAAAAAFFLBAAAA | United States | AL       | Covington County  | 99.0000000000000000 |  87.4600000000000000 | 0.00000000000000000000 |    26.2300000000000000 | -3293.7300000000000000 | 1936.0000000000000000 |     4.0000000000000000
 AAAAAAAAGFCAAAAA | United States | AL       | Covington County  | 48.0000000000000000 | 147.0800000000000000 | 0.00000000000000000000 |     7.3500000000000000 | -3091.2000000000000000 | 1936.0000000000000000 |     4.0000000000000000
 AAAAAAAAGNEDAAAA | United States | AL       | Covington County  | 82.0000000000000000 |  64.4500000000000000 | 0.00000000000000000000 |    56.0700000000000000 |   822.4600000000000000 | 1936.0000000000000000 |     4.0000000000000000
 AAAAAAAAKFICAAAA | United States | AL       | Covington County  | 74.0000000000000000 |  11.1400000000000000 | 0.00000000000000000000 |     9.3500000000000000 |   228.6600000000000000 | 1936.0000000000000000 |     4.0000000000000000
 AAAAAAAANAAAAAAA | United States | AL       | Covington County  | 31.0000000000000000 | 245.5400000000000000 | 0.00000000000000000000 |   115.4000000000000000 |   897.1400000000000000 | 1936.0000000000000000 |     4.0000000000000000
 AAAAAAAAAJICAAAA | United States | AL       | Dale County       | 66.0000000000000000 |  89.8400000000000000 | 0.00000000000000000000 |    17.0600000000000000 | -3942.1800000000000000 | 1956.0000000000000000 |     2.0000000000000000
 AAAAAAAACEHAAAAA | United States | AL       | Dale County       |  3.0000000000000000 |  55.0100000000000000 |    98.0100000000000000 |    54.4500000000000000 |    -2.5800000000000000 | 1956.0000000000000000 |     2.0000000000000000
 AAAAAAAACFNAAAAA | United States | AL       | Dale County       |  7.0000000000000000 | 113.1800000000000000 | 0.00000000000000000000 |   102.9900000000000000 |   433.8600000000000000 | 1956.0000000000000000 |     2.0000000000000000
 AAAAAAAADPNAAAAA | United States | AL       | Dale County       | 50.0000000000000000 | 193.4000000000000000 |  1462.0500000000000000 |    54.1500000000000000 | -3316.0500000000000000 | 1956.0000000000000000 |     2.0000000000000000
 AAAAAAAAEECEAAAA | United States | AL       | Dale County       | 71.0000000000000000 | 244.4100000000000000 | 0.00000000000000000000 |    97.7600000000000000 |   560.9000000000000000 | 1956.0000000000000000 |     2.0000000000000000
 AAAAAAAAEKADAAAA | United States | AL       | Dale County       | 62.0000000000000000 |  74.4600000000000000 | 0.00000000000000000000 |    11.9100000000000000 | -2339.2600000000000000 | 1956.0000000000000000 |     2.0000000000000000
 AAAAAAAAEPFBAAAA | United States | AL       | Dale County       | 95.0000000000000000 |  29.8900000000000000 | 0.00000000000000000000 |    27.1900000000000000 |  1623.5500000000000000 | 1956.0000000000000000 |     2.0000000000000000
 AAAAAAAAFHMBAAAA | United States | AL       | Dale County       | 13.0000000000000000 | 179.9800000000000000 | 0.00000000000000000000 |    16.1900000000000000 |  -696.4100000000000000 | 1956.0000000000000000 |     2.0000000000000000
 AAAAAAAALPHBAAAA | United States | AL       | Dale County       | 90.0000000000000000 |  64.8000000000000000 |  2840.7200000000000000 |    36.2800000000000000 | -1643.7200000000000000 | 1956.0000000000000000 |     2.0000000000000000
 AAAAAAAAMDGBAAAA | United States | AL       | Dale County       | 80.0000000000000000 |  10.5900000000000000 | 0.00000000000000000000 |     8.4700000000000000 |   302.4000000000000000 | 1956.0000000000000000 |     2.0000000000000000
 AAAAAAAANOBAAAAA | United States | AL       | Dale County       | 30.0000000000000000 |  74.8500000000000000 |   347.5400000000000000 |    32.1800000000000000 |  -680.2400000000000000 | 1956.0000000000000000 |     2.0000000000000000
 AAAAAAAAOHIDAAAA | United States | AL       | Dale County       | 42.0000000000000000 |  75.4600000000000000 | 0.00000000000000000000 |    18.8600000000000000 |  -655.2000000000000000 | 1956.0000000000000000 |     2.0000000000000000
 AAAAAAAAGMLDAAAA | United States | AL       | Elmore County     | 93.0000000000000000 | 103.0000000000000000 | 0.00000000000000000000 |    42.2300000000000000 | -5109.4200000000000000 | 1952.0000000000000000 |     5.0000000000000000
 AAAAAAAAILLBAAAA | United States | AL       | Elmore County     | 45.0000000000000000 |  13.3000000000000000 | 0.00000000000000000000 | 0.93000000000000000000 |  -457.2000000000000000 | 1952.0000000000000000 |     5.0000000000000000
 AAAAAAAAMDHAAAAA | United States | AL       | Elmore County     | 89.0000000000000000 | 218.7100000000000000 | 0.00000000000000000000 |   150.9000000000000000 |  4661.8200000000000000 | 1952.0000000000000000 |     5.0000000000000000
 AAAAAAAANCBDAAAA | United States | AL       | Elmore County     | 74.0000000000000000 |  13.0200000000000000 | 0.00000000000000000000 |     2.2100000000000000 |  -393.6800000000000000 | 1952.0000000000000000 |     5.0000000000000000
 AAAAAAAADCHBAAAA | United States | AL       | Fayette County    | 47.0000000000000000 |  96.3000000000000000 |  2382.4800000000000000 |    90.5200000000000000 |  -775.0800000000000000 | 1950.0000000000000000 | 1.00000000000000000000
 AAAAAAAAECFDAAAA | United States | AL       | Fayette County    | 83.0000000000000000 |  36.7200000000000000 | 0.00000000000000000000 |    29.0000000000000000 |   115.3700000000000000 | 1950.0000000000000000 | 1.00000000000000000000
 AAAAAAAAGFNBAAAA | United States | AL       | Fayette County    | 77.0000000000000000 |  85.8000000000000000 | 0.00000000000000000000 |    71.2100000000000000 |  1353.6600000000000000 | 1950.0000000000000000 | 1.00000000000000000000
 AAAAAAAAPKCEAAAA | United States | AL       | Fayette County    | 69.0000000000000000 | 209.2900000000000000 | 0.00000000000000000000 |   133.9400000000000000 |  2493.6600000000000000 | 1950.0000000000000000 | 1.00000000000000000000
 AAAAAAAAAIHCAAAA | United States | AL       | Greene County     | 47.0000000000000000 | 115.3900000000000000 | 0.00000000000000000000 |     4.6100000000000000 | -3498.2100000000000000 | 1947.0000000000000000 |     2.0000000000000000
 AAAAAAAABJKCAAAA | United States | AL       | Greene County     | 52.0000000000000000 | 217.6200000000000000 |  7284.9900000000000000 |   161.0300000000000000 | -3314.7900000000000000 | 1947.0000000000000000 |     2.0000000000000000
 AAAAAAAACFMBAAAA | United States | AL       | Greene County     |  5.0000000000000000 |  40.5600000000000000 | 0.00000000000000000000 |    32.8500000000000000 |    14.0000000000000000 | 1947.0000000000000000 |     2.0000000000000000
 AAAAAAAACLKAAAAA | United States | AL       | Greene County     | 38.0000000000000000 | 269.0500000000000000 | 0.00000000000000000000 |   242.1400000000000000 |  5575.7400000000000000 | 1947.0000000000000000 |     2.0000000000000000
 AAAAAAAADCCAAAAA | United States | AL       | Greene County     | 47.0000000000000000 | 195.1700000000000000 | 0.00000000000000000000 |    21.4600000000000000 | -2588.7600000000000000 | 1947.0000000000000000 |     2.0000000000000000
 AAAAAAAADFEBAAAA | United States | AL       | Greene County     | 47.0000000000000000 | 104.3900000000000000 | 0.00000000000000000000 |    20.8700000000000000 |  -973.8400000000000000 | 1947.0000000000000000 |     2.0000000000000000
 AAAAAAAADNDDAAAA | United States | AL       | Greene County     | 13.0000000000000000 | 104.2000000000000000 | 0.00000000000000000000 |    48.9700000000000000 |    90.3500000000000000 | 1985.0000000000000000 | 1.00000000000000000000
 AAAAAAAADOOAAAAA | United States | AL       | Greene County     | 30.0000000000000000 | 191.3600000000000000 | 0.00000000000000000000 |   191.3600000000000000 |  2912.7000000000000000 | 1985.0000000000000000 | 1.00000000000000000000
 AAAAAAAAFEHDAAAA | United States | AL       | Greene County     | 84.0000000000000000 | 113.6700000000000000 | 0.00000000000000000000 |    62.5100000000000000 | -3052.5600000000000000 | 1985.0000000000000000 | 1.00000000000000000000
 AAAAAAAAHDJDAAAA | United States | AL       | Greene County     | 69.0000000000000000 | 168.8300000000000000 | 0.00000000000000000000 | 1.68000000000000000000 | -5539.3200000000000000 | 1985.0000000000000000 | 1.00000000000000000000
 AAAAAAAAICFBAAAA | United States | AL       | Greene County     | 78.0000000000000000 | 127.7400000000000000 | 0.00000000000000000000 |    77.9200000000000000 |  -939.1200000000000000 | 1947.0000000000000000 |     2.0000000000000000
 AAAAAAAAICNDAAAA | United States | AL       | Greene County     | 13.0000000000000000 | 168.1900000000000000 |   618.4800000000000000 |    68.9500000000000000 |  -950.5000000000000000 | 1985.0000000000000000 | 1.00000000000000000000
 AAAAAAAAIJHCAAAA | United States | AL       | Greene County     | 41.0000000000000000 | 143.9500000000000000 | 0.00000000000000000000 |   116.5900000000000000 |  2257.8700000000000000 | 1947.0000000000000000 |     2.0000000000000000
 AAAAAAAAJAHDAAAA | United States | AL       | Greene County     | 99.0000000000000000 | 105.0800000000000000 | 0.00000000000000000000 |    37.8200000000000000 | -3011.5800000000000000 | 1947.0000000000000000 |     2.0000000000000000
 AAAAAAAAKAICAAAA | United States | AL       | Greene County     | 45.0000000000000000 |  74.6600000000000000 |  2959.9000000000000000 |    66.4400000000000000 | -1658.5000000000000000 | 1947.0000000000000000 |     2.0000000000000000
 AAAAAAAAKBGDAAAA | United States | AL       | Greene County     | 28.0000000000000000 |  67.8900000000000000 | 0.00000000000000000000 |    31.9000000000000000 |    17.0800000000000000 | 1985.0000000000000000 | 1.00000000000000000000
 AAAAAAAAKMHCAAAA | United States | AL       | Greene County     | 38.0000000000000000 |  77.8600000000000000 |    50.8700000000000000 |    33.4700000000000000 |  -378.4300000000000000 | 1985.0000000000000000 | 1.00000000000000000000
 AAAAAAAAKNIAAAAA | United States | AL       | Greene County     | 57.0000000000000000 | 116.7600000000000000 | 0.00000000000000000000 |    11.6700000000000000 | -2581.5300000000000000 | 1985.0000000000000000 | 1.00000000000000000000
 AAAAAAAAMBLBAAAA | United States | AL       | Greene County     | 67.0000000000000000 | 170.2600000000000000 | 0.00000000000000000000 |    64.6900000000000000 | -1486.0600000000000000 | 1985.0000000000000000 | 1.00000000000000000000
 AAAAAAAAMIKCAAAA | United States | AL       | Greene County     | 17.0000000000000000 |  35.8900000000000000 | 0.00000000000000000000 |    15.4300000000000000 |   -18.8700000000000000 | 1947.0000000000000000 |     2.0000000000000000
 AAAAAAAAMLMAAAAA | United States | AL       | Greene County     | 34.0000000000000000 | 168.6400000000000000 |  5618.8400000000000000 |   165.2600000000000000 | -2108.0000000000000000 | 1985.0000000000000000 | 1.00000000000000000000
 AAAAAAAANIKDAAAA | United States | AL       | Greene County     | 26.0000000000000000 |   9.4200000000000000 | 0.00000000000000000000 | 0.28000000000000000000 |   -83.4600000000000000 | 1985.0000000000000000 | 1.00000000000000000000
 AAAAAAAANJFEAAAA | United States | AL       | Greene County     | 58.0000000000000000 |  25.3000000000000000 |   252.5400000000000000 |    10.6200000000000000 |  -548.3400000000000000 | 1947.0000000000000000 |     2.0000000000000000
 AAAAAAAAONHAAAAA | United States | AL       | Greene County     | 10.0000000000000000 |  30.6600000000000000 |    11.3700000000000000 |     3.6700000000000000 |  -228.0700000000000000 | 1985.0000000000000000 | 1.00000000000000000000
 AAAAAAAAABADAAAA | United States | AL       | Lauderdale County | 32.0000000000000000 | 177.6800000000000000 |  1731.0900000000000000 |    62.1800000000000000 | -1953.8100000000000000 | 1924.0000000000000000 |     5.0000000000000000
 AAAAAAAAABFEAAAA | United States | AL       | Lauderdale County | 71.0000000000000000 | 214.1100000000000000 | 0.00000000000000000000 |   169.1400000000000000 |  6480.8800000000000000 | 1924.0000000000000000 |     5.0000000000000000
 AAAAAAAAANOCAAAA | United States | AL       | Lauderdale County |  6.0000000000000000 | 123.3000000000000000 | 0.00000000000000000000 |    40.6800000000000000 |   -17.3400000000000000 | 1924.0000000000000000 |     5.0000000000000000
 AAAAAAAABCBAAAAA | United States | AL       | Lauderdale County | 48.0000000000000000 |  94.8100000000000000 | 0.00000000000000000000 |    46.4500000000000000 |  -165.6000000000000000 | 1924.0000000000000000 |     5.0000000000000000
 AAAAAAAAFEAEAAAA | United States | AL       | Lauderdale County | 79.0000000000000000 |  95.0600000000000000 | 0.00000000000000000000 |    83.6500000000000000 |  1634.5100000000000000 | 1924.0000000000000000 |     5.0000000000000000
 AAAAAAAAIDGCAAAA | United States | AL       | Lauderdale County | 14.0000000000000000 | 122.1300000000000000 | 0.00000000000000000000 |    61.0600000000000000 |  -491.5400000000000000 | 1924.0000000000000000 |     5.0000000000000000
 AAAAAAAAKBIBAAAA | United States | AL       | Lauderdale County | 47.0000000000000000 |  78.8500000000000000 | 0.00000000000000000000 |     8.6700000000000000 | -1938.2800000000000000 | 1924.0000000000000000 |     5.0000000000000000
 AAAAAAAANAADAAAA | United States | AL       | Lauderdale County | 81.0000000000000000 | 187.6000000000000000 | 0.00000000000000000000 |    45.0200000000000000 | -1539.8100000000000000 | 1924.0000000000000000 |     5.0000000000000000
 AAAAAAAAOHGCAAAA | United States | AL       | Lauderdale County | 74.0000000000000000 | 111.6600000000000000 | 0.00000000000000000000 |    64.7600000000000000 |   301.1800000000000000 | 1924.0000000000000000 |     5.0000000000000000
 AAAAAAAAOLEDAAAA | United States | AL       | Lauderdale County | 51.0000000000000000 | 199.7200000000000000 | 0.00000000000000000000 |     7.9800000000000000 | -3105.3900000000000000 | 1924.0000000000000000 |     5.0000000000000000
 AAAAAAAAPNNCAAAA | United States | AL       | Lauderdale County |  3.0000000000000000 |  71.0400000000000000 | 0.00000000000000000000 |     7.1000000000000000 |   -79.7100000000000000 | 1924.0000000000000000 |     5.0000000000000000
 AAAAAAAAAMHBAAAA | United States | AL       | Lowndes County    | 47.0000000000000000 |  11.9000000000000000 | 0.00000000000000000000 | 1.07000000000000000000 |  -286.7000000000000000 | 1930.0000000000000000 | 1.00000000000000000000
 AAAAAAAAAOCEAAAA | United States | AL       | Lowndes County    | 98.0000000000000000 |  64.0800000000000000 | 0.00000000000000000000 |    60.2300000000000000 |    33.3200000000000000 | 1930.0000000000000000 | 1.00000000000000000000
 AAAAAAAAECMBAAAA | United States | AL       | Lowndes County    | 81.0000000000000000 | 207.2900000000000000 | 0.00000000000000000000 |    72.5500000000000000 |    66.4200000000000000 | 1930.0000000000000000 | 1.00000000000000000000
 AAAAAAAAFLADAAAA | United States | AL       | Lowndes County    |  8.0000000000000000 |  93.2000000000000000 | 0.00000000000000000000 |    30.7500000000000000 |   -99.2000000000000000 | 1930.0000000000000000 | 1.00000000000000000000
 AAAAAAAAGFLBAAAA | United States | AL       | Lowndes County    |  5.0000000000000000 |  98.3900000000000000 | 0.00000000000000000000 |    62.9600000000000000 |   135.2500000000000000 | 1930.0000000000000000 | 1.00000000000000000000
 AAAAAAAAJHNCAAAA | United States | AL       | Lowndes County    | 36.0000000000000000 | 166.2100000000000000 | 0.00000000000000000000 |    73.1300000000000000 |   180.3600000000000000 | 1930.0000000000000000 | 1.00000000000000000000
 AAAAAAAAOGEEAAAA | United States | AL       | Lowndes County    | 14.0000000000000000 | 120.2900000000000000 | 0.00000000000000000000 |     9.6200000000000000 | -1234.5200000000000000 | 1930.0000000000000000 | 1.00000000000000000000
 AAAAAAAAPGLCAAAA | United States | AL       | Lowndes County    | 12.0000000000000000 | 190.2500000000000000 |   185.8200000000000000 |    70.3900000000000000 |  -505.9800000000000000 | 1930.0000000000000000 | 1.00000000000000000000
 AAAAAAAAPKJAAAAA | United States | AL       | Lowndes County    | 93.0000000000000000 |  95.9100000000000000 | 0.00000000000000000000 |     7.6700000000000000 | -7702.2600000000000000 | 1930.0000000000000000 | 1.00000000000000000000
 AAAAAAAAMJFAAAAA | United States | AL       | Macon County      | 27.0000000000000000 |  53.3800000000000000 | 0.00000000000000000000 | 0.53000000000000000000 |  -682.0200000000000000 | 1946.0000000000000000 |     3.0000000000000000
 AAAAAAAAMKLCAAAA | United States | AL       | Macon County      | 57.0000000000000000 |  11.0900000000000000 | 0.00000000000000000000 |     9.8700000000000000 |   345.9900000000000000 | 1946.0000000000000000 |     3.0000000000000000
 AAAAAAAANJFBAAAA | United States | AL       | Macon County      | 63.0000000000000000 |  83.1700000000000000 |  2415.7600000000000000 |    72.3500000000000000 | -1238.2900000000000000 | 1946.0000000000000000 |     3.0000000000000000
 AAAAAAAAOFNDAAAA | United States | AL       | Macon County      | 95.0000000000000000 | 134.4000000000000000 | 0.00000000000000000000 |    47.0400000000000000 |  -349.6000000000000000 | 1946.0000000000000000 |     3.0000000000000000
 AAAAAAAAAHGBAAAA | United States | AL       | Morgan County     | 92.0000000000000000 | 137.1000000000000000 | 0.00000000000000000000 |   130.2400000000000000 |  7167.7200000000000000 | 1948.0000000000000000 | 0.00000000000000000000
(100 rows)

UPDATE time_statistics SET e_time = TRANSACTION_TIMESTAMP() WHERE template = 'query18.tpl' AND stream = 4;
psql:/tmp/s1-basline/throughput/query_4.sql:2552: NOTICE:  duration: 0.044 ms  plan:
Query Text: UPDATE time_statistics SET e_time = TRANSACTION_TIMESTAMP() WHERE template = 'query18.tpl' AND stream = 4;
Update on time_statistics  (cost=0.00..5.22 rows=0 width=0) (actual time=0.043..0.044 rows=0 loops=1)
  ->  Seq Scan on time_statistics  (cost=0.00..5.22 rows=1 width=14) (actual time=0.022..0.029 rows=1 loops=1)
        Filter: ((template = 'query18.tpl'::text) AND (stream = 4))
        Rows Removed by Filter: 150
UPDATE 1
LOAD 'auto_explain'; SET auto_explain.log_min_duration TO 0; SET auto_explain.log_analyze TO on; SET auto_explain.log_level TO notice; INSERT INTO time_statistics (template, s_time, stream, query, seed) VALUES ('query24.tpl', TRANSACTION_TIMESTAMP(), 4, 52, 69614095);
LOAD
SET
SET
SET
psql:/tmp/s1-basline/throughput/query_4.sql:2553: NOTICE:  duration: 0.008 ms  plan:
Query Text: INSERT INTO time_statistics (template, s_time, stream, query, seed) VALUES ('query24.tpl', TRANSACTION_TIMESTAMP(), 4, 52, 69614095);
Insert on time_statistics  (cost=0.00..0.01 rows=0 width=0) (actual time=0.008..0.008 rows=0 loops=1)
  ->  Result  (cost=0.00..0.01 rows=1 width=64) (actual time=0.001..0.001 rows=1 loops=1)
INSERT 0 1
with ssales as
(select c_last_name
      ,c_first_name
      ,s_store_name
      ,ca_state
      ,s_state
      ,i_color
      ,i_current_price
      ,i_manager_id
      ,i_units
      ,i_size
      ,sum(ss_sales_price) netpaid
from store_sales
    ,store_returns
    ,store
    ,item
    ,customer
    ,customer_address
where ss_ticket_number = sr_ticket_number
  and ss_item_sk = sr_item_sk
  and ss_customer_sk = c_customer_sk
  and ss_item_sk = i_item_sk
  and ss_store_sk = s_store_sk
  and c_current_addr_sk = ca_address_sk
  and c_birth_country <> upper(ca_country)
  and s_zip = ca_zip
and s_market_id=6
group by c_last_name
        ,c_first_name
        ,s_store_name
        ,ca_state
        ,s_state
        ,i_color
        ,i_current_price
        ,i_manager_id
        ,i_units
        ,i_size)
select c_last_name
      ,c_first_name
      ,s_store_name
      ,sum(netpaid) paid
from ssales
where i_color = 'firebrick'
group by c_last_name
        ,c_first_name
        ,s_store_name
having sum(netpaid) > (select 0.05*avg(netpaid)
                                 from ssales)
order by c_last_name
        ,c_first_name
        ,s_store_name
;
psql:/tmp/s1-basline/throughput/query_4.sql:2605: NOTICE:  duration: 422.816 ms  plan:
Query Text: with ssales as
(select c_last_name
      ,c_first_name
      ,s_store_name
      ,ca_state
      ,s_state
      ,i_color
      ,i_current_price
      ,i_manager_id
      ,i_units
      ,i_size
      ,sum(ss_sales_price) netpaid
from store_sales
    ,store_returns
    ,store
    ,item
    ,customer
    ,customer_address
where ss_ticket_number = sr_ticket_number
  and ss_item_sk = sr_item_sk
  and ss_customer_sk = c_customer_sk
  and ss_item_sk = i_item_sk
  and ss_store_sk = s_store_sk
  and c_current_addr_sk = ca_address_sk
  and c_birth_country <> upper(ca_country)
  and s_zip = ca_zip
and s_market_id=6
group by c_last_name
        ,c_first_name
        ,s_store_name
        ,ca_state
        ,s_state
        ,i_color
        ,i_current_price
        ,i_manager_id
        ,i_units
        ,i_size)
select c_last_name
      ,c_first_name
      ,s_store_name
      ,sum(netpaid) paid
from ssales
where i_color = 'firebrick'
group by c_last_name
        ,c_first_name
        ,s_store_name
having sum(netpaid) > (select 0.05*avg(netpaid)
                                 from ssales)
order by c_last_name
        ,c_first_name
        ,s_store_name
;
GroupAggregate  (cost=97266.45..97266.48 rows=1 width=334) (actual time=341.415..422.813 rows=0 loops=1)
  Group Key: ssales.c_last_name, ssales.c_first_name, ssales.s_store_name
  Filter: (sum(ssales.netpaid) > $6)
  CTE ssales
    ->  GroupAggregate  (cost=97266.34..97266.38 rows=1 width=136) (actual time=341.408..422.806 rows=0 loops=1)
          Group Key: customer.c_last_name, customer.c_first_name, store.s_store_name, customer_address.ca_state, store.s_state, item.i_color, item.i_current_price, item.i_manager_id, item.i_units, item.i_size
          ->  Sort  (cost=97266.34..97266.35 rows=1 width=136) (actual time=341.407..422.805 rows=0 loops=1)
                Sort Key: customer.c_last_name, customer.c_first_name, store.s_store_name, customer_address.ca_state, store.s_state, item.i_color, item.i_current_price, item.i_manager_id, item.i_units, item.i_size
                Sort Method: quicksort  Memory: 25kB
                ->  Nested Loop  (cost=91762.87..97266.33 rows=1 width=136) (actual time=341.401..422.799 rows=0 loops=1)
                      ->  Gather  (cost=91762.58..97266.03 rows=1 width=87) (actual time=341.401..422.798 rows=0 loops=1)
                            Workers Planned: 1
                            Workers Launched: 1
                            ->  Nested Loop  (cost=90762.58..96265.93 rows=1 width=87) (actual time=338.028..338.033 rows=0 loops=2)
                                  Join Filter: (store.s_zip = customer_address.ca_zip)
                                  ->  Nested Loop  (cost=90762.29..96260.50 rows=16 width=112) (actual time=338.028..338.032 rows=0 loops=2)
                                        ->  Parallel Hash Join  (cost=90762.00..96255.21 rows=17 width=51) (actual time=338.027..338.031 rows=0 loops=2)
                                              Hash Cond: ((store_returns.sr_ticket_number = store_sales.ss_ticket_number) AND (store_returns.sr_item_sk = store_sales.ss_item_sk))
                                              ->  Parallel Index Only Scan using pk_store_returns on store_returns  (cost=0.42..4226.63 rows=168925 width=16) (never executed)
                                                    Heap Fetches: 0
                                              ->  Parallel Hash  (cost=89332.39..89332.39 rows=95279 width=51) (actual time=336.833..336.835 rows=0 loops=2)
                                                    Buckets: 262144  Batches: 1  Memory Usage: 0kB
                                                    ->  Hash Join  (cost=1.16..89332.39 rows=95279 width=51) (actual time=336.793..336.795 rows=0 loops=2)
                                                          Hash Cond: (store_sales.ss_store_sk = store.s_store_sk)
                                                          ->  Parallel Seq Scan on store_sales  (cost=0.00..85123.48 rows=1199148 width=40) (actual time=0.014..155.393 rows=1438964 loops=2)
                                                          ->  Hash  (cost=1.15..1.15 rows=1 width=27) (actual time=0.023..0.024 rows=1 loops=2)
                                                                Buckets: 1024  Batches: 1  Memory Usage: 9kB
                                                                ->  Seq Scan on store  (cost=0.00..1.15 rows=1 width=27) (actual time=0.020..0.021 rows=1 loops=2)
                                                                      Filter: (s_market_id = 6)
                                                                      Rows Removed by Filter: 11
                                        ->  Index Scan using pk_customer on customer  (cost=0.29..0.31 rows=1 width=77) (never executed)
                                              Index Cond: (c_customer_sk = store_sales.ss_customer_sk)
                                  ->  Index Scan using pk_customer_address on customer_address  (cost=0.29..0.33 rows=1 width=36) (never executed)
                                        Index Cond: (ca_address_sk = customer.c_current_addr_sk)
                                        Filter: ((customer.c_birth_country)::text <> upper((ca_country)::text))
                      ->  Index Scan using pk_item on item  (cost=0.29..0.31 rows=1 width=73) (never executed)
                            Index Cond: (i_item_sk = store_sales.ss_item_sk)
  InitPlan 2 (returns $6)
    ->  Aggregate  (cost=0.02..0.04 rows=1 width=8) (never executed)
          ->  CTE Scan on ssales ssales_1  (cost=0.00..0.02 rows=1 width=8) (never executed)
  ->  Sort  (cost=0.03..0.04 rows=1 width=334) (actual time=341.414..341.414 rows=0 loops=1)
        Sort Key: ssales.c_last_name, ssales.c_first_name, ssales.s_store_name
        Sort Method: quicksort  Memory: 25kB
        ->  CTE Scan on ssales  (cost=0.00..0.02 rows=1 width=334) (actual time=341.410..341.410 rows=0 loops=1)
              Filter: (i_color = 'firebrick'::bpchar)
 c_last_name | c_first_name | s_store_name | paid 
-------------+--------------+--------------+------
(0 rows)

with ssales as
(select c_last_name
      ,c_first_name
      ,s_store_name
      ,ca_state
      ,s_state
      ,i_color
      ,i_current_price
      ,i_manager_id
      ,i_units
      ,i_size
      ,sum(ss_sales_price) netpaid
from store_sales
    ,store_returns
    ,store
    ,item
    ,customer
    ,customer_address
where ss_ticket_number = sr_ticket_number
  and ss_item_sk = sr_item_sk
  and ss_customer_sk = c_customer_sk
  and ss_item_sk = i_item_sk
  and ss_store_sk = s_store_sk
  and c_current_addr_sk = ca_address_sk
  and c_birth_country <> upper(ca_country)
  and s_zip = ca_zip
  and s_market_id = 6
group by c_last_name
        ,c_first_name
        ,s_store_name
        ,ca_state
        ,s_state
        ,i_color
        ,i_current_price
        ,i_manager_id
        ,i_units
        ,i_size)
select c_last_name
      ,c_first_name
      ,s_store_name
      ,sum(netpaid) paid
from ssales
where i_color = 'khaki'
group by c_last_name
        ,c_first_name
        ,s_store_name
having sum(netpaid) > (select 0.05*avg(netpaid)
                           from ssales)
order by c_last_name
        ,c_first_name
        ,s_store_name
;
psql:/tmp/s1-basline/throughput/query_4.sql:2657: NOTICE:  duration: 423.228 ms  plan:
Query Text: with ssales as
(select c_last_name
      ,c_first_name
      ,s_store_name
      ,ca_state
      ,s_state
      ,i_color
      ,i_current_price
      ,i_manager_id
      ,i_units
      ,i_size
      ,sum(ss_sales_price) netpaid
from store_sales
    ,store_returns
    ,store
    ,item
    ,customer
    ,customer_address
where ss_ticket_number = sr_ticket_number
  and ss_item_sk = sr_item_sk
  and ss_customer_sk = c_customer_sk
  and ss_item_sk = i_item_sk
  and ss_store_sk = s_store_sk
  and c_current_addr_sk = ca_address_sk
  and c_birth_country <> upper(ca_country)
  and s_zip = ca_zip
  and s_market_id = 6
group by c_last_name
        ,c_first_name
        ,s_store_name
        ,ca_state
        ,s_state
        ,i_color
        ,i_current_price
        ,i_manager_id
        ,i_units
        ,i_size)
select c_last_name
      ,c_first_name
      ,s_store_name
      ,sum(netpaid) paid
from ssales
where i_color = 'khaki'
group by c_last_name
        ,c_first_name
        ,s_store_name
having sum(netpaid) > (select 0.05*avg(netpaid)
                           from ssales)
order by c_last_name
        ,c_first_name
        ,s_store_name
;
GroupAggregate  (cost=97266.45..97266.48 rows=1 width=334) (actual time=341.497..423.225 rows=0 loops=1)
  Group Key: ssales.c_last_name, ssales.c_first_name, ssales.s_store_name
  Filter: (sum(ssales.netpaid) > $6)
  CTE ssales
    ->  GroupAggregate  (cost=97266.34..97266.38 rows=1 width=136) (actual time=341.489..423.216 rows=0 loops=1)
          Group Key: customer.c_last_name, customer.c_first_name, store.s_store_name, customer_address.ca_state, store.s_state, item.i_color, item.i_current_price, item.i_manager_id, item.i_units, item.i_size
          ->  Sort  (cost=97266.34..97266.35 rows=1 width=136) (actual time=341.489..423.215 rows=0 loops=1)
                Sort Key: customer.c_last_name, customer.c_first_name, store.s_store_name, customer_address.ca_state, store.s_state, item.i_color, item.i_current_price, item.i_manager_id, item.i_units, item.i_size
                Sort Method: quicksort  Memory: 25kB
                ->  Nested Loop  (cost=91762.87..97266.33 rows=1 width=136) (actual time=341.483..423.209 rows=0 loops=1)
                      ->  Gather  (cost=91762.58..97266.03 rows=1 width=87) (actual time=341.482..423.208 rows=0 loops=1)
                            Workers Planned: 1
                            Workers Launched: 1
                            ->  Nested Loop  (cost=90762.58..96265.93 rows=1 width=87) (actual time=338.135..338.139 rows=0 loops=2)
                                  Join Filter: (store.s_zip = customer_address.ca_zip)
                                  ->  Nested Loop  (cost=90762.29..96260.50 rows=16 width=112) (actual time=338.134..338.138 rows=0 loops=2)
                                        ->  Parallel Hash Join  (cost=90762.00..96255.21 rows=17 width=51) (actual time=338.134..338.137 rows=0 loops=2)
                                              Hash Cond: ((store_returns.sr_ticket_number = store_sales.ss_ticket_number) AND (store_returns.sr_item_sk = store_sales.ss_item_sk))
                                              ->  Parallel Index Only Scan using pk_store_returns on store_returns  (cost=0.42..4226.63 rows=168925 width=16) (never executed)
                                                    Heap Fetches: 0
                                              ->  Parallel Hash  (cost=89332.39..89332.39 rows=95279 width=51) (actual time=337.025..337.027 rows=0 loops=2)
                                                    Buckets: 262144  Batches: 1  Memory Usage: 0kB
                                                    ->  Hash Join  (cost=1.16..89332.39 rows=95279 width=51) (actual time=336.985..336.987 rows=0 loops=2)
                                                          Hash Cond: (store_sales.ss_store_sk = store.s_store_sk)
                                                          ->  Parallel Seq Scan on store_sales  (cost=0.00..85123.48 rows=1199148 width=40) (actual time=0.012..154.576 rows=1438964 loops=2)
                                                          ->  Hash  (cost=1.15..1.15 rows=1 width=27) (actual time=0.021..0.022 rows=1 loops=2)
                                                                Buckets: 1024  Batches: 1  Memory Usage: 9kB
                                                                ->  Seq Scan on store  (cost=0.00..1.15 rows=1 width=27) (actual time=0.018..0.018 rows=1 loops=2)
                                                                      Filter: (s_market_id = 6)
                                                                      Rows Removed by Filter: 11
                                        ->  Index Scan using pk_customer on customer  (cost=0.29..0.31 rows=1 width=77) (never executed)
                                              Index Cond: (c_customer_sk = store_sales.ss_customer_sk)
                                  ->  Index Scan using pk_customer_address on customer_address  (cost=0.29..0.33 rows=1 width=36) (never executed)
                                        Index Cond: (ca_address_sk = customer.c_current_addr_sk)
                                        Filter: ((customer.c_birth_country)::text <> upper((ca_country)::text))
                      ->  Index Scan using pk_item on item  (cost=0.29..0.31 rows=1 width=73) (never executed)
                            Index Cond: (i_item_sk = store_sales.ss_item_sk)
  InitPlan 2 (returns $6)
    ->  Aggregate  (cost=0.02..0.04 rows=1 width=8) (never executed)
          ->  CTE Scan on ssales ssales_1  (cost=0.00..0.02 rows=1 width=8) (never executed)
  ->  Sort  (cost=0.03..0.04 rows=1 width=334) (actual time=341.496..341.497 rows=0 loops=1)
        Sort Key: ssales.c_last_name, ssales.c_first_name, ssales.s_store_name
        Sort Method: quicksort  Memory: 25kB
        ->  CTE Scan on ssales  (cost=0.00..0.02 rows=1 width=334) (actual time=341.491..341.491 rows=0 loops=1)
              Filter: (i_color = 'khaki'::bpchar)
 c_last_name | c_first_name | s_store_name | paid 
-------------+--------------+--------------+------
(0 rows)

UPDATE time_statistics SET e_time = TRANSACTION_TIMESTAMP() WHERE template = 'query24.tpl' AND stream = 4;
psql:/tmp/s1-basline/throughput/query_4.sql:2659: NOTICE:  duration: 0.049 ms  plan:
Query Text: UPDATE time_statistics SET e_time = TRANSACTION_TIMESTAMP() WHERE template = 'query24.tpl' AND stream = 4;
Update on time_statistics  (cost=0.00..5.22 rows=0 width=0) (actual time=0.048..0.048 rows=0 loops=1)
  ->  Seq Scan on time_statistics  (cost=0.00..5.22 rows=1 width=14) (actual time=0.026..0.034 rows=1 loops=1)
        Filter: ((template = 'query24.tpl'::text) AND (stream = 4))
        Rows Removed by Filter: 151
UPDATE 1
LOAD 'auto_explain'; SET auto_explain.log_min_duration TO 0; SET auto_explain.log_analyze TO on; SET auto_explain.log_level TO notice; INSERT INTO time_statistics (template, s_time, stream, query, seed) VALUES ('../query_postgresql/query37.tpl', TRANSACTION_TIMESTAMP(), 4, 53, 1715791526);
LOAD
SET
SET
SET
psql:/tmp/s1-basline/throughput/query_4.sql:2660: NOTICE:  duration: 0.009 ms  plan:
Query Text: INSERT INTO time_statistics (template, s_time, stream, query, seed) VALUES ('../query_postgresql/query37.tpl', TRANSACTION_TIMESTAMP(), 4, 53, 1715791526);
Insert on time_statistics  (cost=0.00..0.01 rows=0 width=0) (actual time=0.008..0.008 rows=0 loops=1)
  ->  Result  (cost=0.00..0.01 rows=1 width=64) (actual time=0.001..0.001 rows=1 loops=1)
INSERT 0 1
select  i_item_id
       ,i_item_desc
       ,i_current_price
 from item, inventory, date_dim, catalog_sales
 where i_current_price between 26 and 26 + 30
 and inv_item_sk = i_item_sk
 and d_date_sk=inv_date_sk
 and d_date between cast('2000-05-06' as date) and (cast('2000-05-06' as date) +  INTERVAL '60 days')
 and i_manufact_id in (712,670,979,942)
 and inv_quantity_on_hand between 100 and 500
 and cs_item_sk = i_item_sk
 group by i_item_id,i_item_desc,i_current_price
 order by i_item_id
 limit 100;
psql:/tmp/s1-basline/throughput/query_4.sql:2674: NOTICE:  duration: 8.400 ms  plan:
Query Text: select  i_item_id
       ,i_item_desc
       ,i_current_price
 from item, inventory, date_dim, catalog_sales
 where i_current_price between 26 and 26 + 30
 and inv_item_sk = i_item_sk
 and d_date_sk=inv_date_sk
 and d_date between cast('2000-05-06' as date) and (cast('2000-05-06' as date) +  INTERVAL '60 days')
 and i_manufact_id in (712,670,979,942)
 and inv_quantity_on_hand between 100 and 500
 and cs_item_sk = i_item_sk
 group by i_item_id,i_item_desc,i_current_price
 order by i_item_id
 limit 100;
Limit  (cost=2227.47..2228.34 rows=2 width=127) (actual time=8.050..8.396 rows=1 loops=1)
  ->  Group  (cost=2227.47..2228.34 rows=2 width=127) (actual time=8.049..8.395 rows=1 loops=1)
        Group Key: item.i_item_id, item.i_item_desc, item.i_current_price
        ->  Sort  (cost=2227.47..2227.69 rows=87 width=127) (actual time=8.048..8.127 rows=2041 loops=1)
              Sort Key: item.i_item_id, item.i_item_desc, item.i_current_price
              Sort Method: quicksort  Memory: 304kB
              ->  Nested Loop  (cost=1.28..2224.67 rows=87 width=127) (actual time=5.870..7.555 rows=2041 loops=1)
                    ->  Nested Loop  (cost=0.85..2221.82 rows=1 width=143) (actual time=5.860..7.175 rows=13 loops=1)
                          ->  Seq Scan on item  (cost=0.00..1616.00 rows=2 width=135) (actual time=5.790..6.838 rows=1 loops=1)
                                Filter: ((i_current_price >= '26'::double precision) AND (i_current_price <= '56'::double precision) AND (i_manufact_id = ANY ('{712,670,979,942}'::integer[])))
                                Rows Removed by Filter: 17999
                          ->  Nested Loop  (cost=0.85..302.32 rows=59 width=8) (actual time=0.068..0.334 rows=13 loops=1)
                                ->  Index Scan using i_d_date on date_dim  (cost=0.29..4.67 rows=59 width=8) (actual time=0.010..0.019 rows=61 loops=1)
                                      Index Cond: ((d_date >= '2000-05-06'::date) AND (d_date <= '2000-07-05 00:00:00'::timestamp without time zone))
                                ->  Index Scan using pk_inventory on inventory  (cost=0.56..5.03 rows=1 width=16) (actual time=0.004..0.005 rows=0 loops=61)
                                      Index Cond: ((inv_date_sk = date_dim.d_date_sk) AND (inv_item_sk = item.i_item_sk))
                                      Filter: ((inv_quantity_on_hand >= 100) AND (inv_quantity_on_hand <= 500))
                                      Rows Removed by Filter: 0
                    ->  Index Only Scan using pk_catalog_sales on catalog_sales  (cost=0.43..1.97 rows=88 width=8) (actual time=0.004..0.017 rows=157 loops=13)
                          Index Cond: (cs_item_sk = inventory.inv_item_sk)
                          Heap Fetches: 0
    i_item_id     |                        i_item_desc                        | i_current_price 
------------------+-----------------------------------------------------------+-----------------
 AAAAAAAAJILDAAAA | Religious, useful talks make at a shares. Practical appli |           34.56
(1 row)

UPDATE time_statistics SET e_time = TRANSACTION_TIMESTAMP() WHERE template = '../query_postgresql/query37.tpl' AND stream = 4;
psql:/tmp/s1-basline/throughput/query_4.sql:2676: NOTICE:  duration: 0.031 ms  plan:
Query Text: UPDATE time_statistics SET e_time = TRANSACTION_TIMESTAMP() WHERE template = '../query_postgresql/query37.tpl' AND stream = 4;
Update on time_statistics  (cost=0.00..5.22 rows=0 width=0) (actual time=0.030..0.030 rows=0 loops=1)
  ->  Seq Scan on time_statistics  (cost=0.00..5.22 rows=1 width=14) (actual time=0.016..0.022 rows=1 loops=1)
        Filter: ((template = '../query_postgresql/query37.tpl'::text) AND (stream = 4))
        Rows Removed by Filter: 152
UPDATE 1
LOAD 'auto_explain'; SET auto_explain.log_min_duration TO 0; SET auto_explain.log_analyze TO on; SET auto_explain.log_level TO notice; INSERT INTO time_statistics (template, s_time, stream, query, seed) VALUES ('query47.tpl', TRANSACTION_TIMESTAMP(), 4, 54, 1617133285);
LOAD
SET
SET
SET
psql:/tmp/s1-basline/throughput/query_4.sql:2677: NOTICE:  duration: 0.009 ms  plan:
Query Text: INSERT INTO time_statistics (template, s_time, stream, query, seed) VALUES ('query47.tpl', TRANSACTION_TIMESTAMP(), 4, 54, 1617133285);
Insert on time_statistics  (cost=0.00..0.01 rows=0 width=0) (actual time=0.008..0.008 rows=0 loops=1)
  ->  Result  (cost=0.00..0.01 rows=1 width=64) (actual time=0.001..0.001 rows=1 loops=1)
INSERT 0 1
with v1 as(
 select i_category, i_brand,
        s_store_name, s_company_name,
        d_year, d_moy,
        sum(ss_sales_price) sum_sales,
        avg(sum(ss_sales_price)) over
          (partition by i_category, i_brand,
                     s_store_name, s_company_name, d_year)
          avg_monthly_sales,
        rank() over
          (partition by i_category, i_brand,
                     s_store_name, s_company_name
           order by d_year, d_moy) rn
 from item, store_sales, date_dim, store
 where ss_item_sk = i_item_sk and
       ss_sold_date_sk = d_date_sk and
       ss_store_sk = s_store_sk and
       (
         d_year = 2000 or
         ( d_year = 2000-1 and d_moy =12) or
         ( d_year = 2000+1 and d_moy =1)
       )
 group by i_category, i_brand,
          s_store_name, s_company_name,
          d_year, d_moy),
 v2 as(
 select v1.i_category, v1.i_brand
        ,v1.d_year
        ,v1.avg_monthly_sales
        ,v1.sum_sales, v1_lag.sum_sales psum, v1_lead.sum_sales nsum
 from v1, v1 v1_lag, v1 v1_lead
 where v1.i_category = v1_lag.i_category and
       v1.i_category = v1_lead.i_category and
       v1.i_brand = v1_lag.i_brand and
       v1.i_brand = v1_lead.i_brand and
       v1.s_store_name = v1_lag.s_store_name and
       v1.s_store_name = v1_lead.s_store_name and
       v1.s_company_name = v1_lag.s_company_name and
       v1.s_company_name = v1_lead.s_company_name and
       v1.rn = v1_lag.rn + 1 and
       v1.rn = v1_lead.rn - 1)
  select  *
 from v2
 where  d_year = 2000 and    
        avg_monthly_sales > 0 and
        case when avg_monthly_sales > 0 then abs(sum_sales - avg_monthly_sales) / avg_monthly_sales else null end > 0.1
 order by sum_sales - avg_monthly_sales, psum
 limit 100;
psql:/tmp/s1-basline/throughput/query_4.sql:2725: NOTICE:  duration: 1901.162 ms  plan:
Query Text: with v1 as(
 select i_category, i_brand,
        s_store_name, s_company_name,
        d_year, d_moy,
        sum(ss_sales_price) sum_sales,
        avg(sum(ss_sales_price)) over
          (partition by i_category, i_brand,
                     s_store_name, s_company_name, d_year)
          avg_monthly_sales,
        rank() over
          (partition by i_category, i_brand,
                     s_store_name, s_company_name
           order by d_year, d_moy) rn
 from item, store_sales, date_dim, store
 where ss_item_sk = i_item_sk and
       ss_sold_date_sk = d_date_sk and
       ss_store_sk = s_store_sk and
       (
         d_year = 2000 or
         ( d_year = 2000-1 and d_moy =12) or
         ( d_year = 2000+1 and d_moy =1)
       )
 group by i_category, i_brand,
          s_store_name, s_company_name,
          d_year, d_moy),
 v2 as(
 select v1.i_category, v1.i_brand
        ,v1.d_year
        ,v1.avg_monthly_sales
        ,v1.sum_sales, v1_lag.sum_sales psum, v1_lead.sum_sales nsum
 from v1, v1 v1_lag, v1 v1_lead
 where v1.i_category = v1_lag.i_category and
       v1.i_category = v1_lead.i_category and
       v1.i_brand = v1_lag.i_brand and
       v1.i_brand = v1_lead.i_brand and
       v1.s_store_name = v1_lag.s_store_name and
       v1.s_store_name = v1_lead.s_store_name and
       v1.s_company_name = v1_lag.s_company_name and
       v1.s_company_name = v1_lead.s_company_name and
       v1.rn = v1_lag.rn + 1 and
       v1.rn = v1_lead.rn - 1)
  select  *
 from v2
 where  d_year = 2000 and    
        avg_monthly_sales > 0 and
        case when avg_monthly_sales > 0 then abs(sum_sales - avg_monthly_sales) / avg_monthly_sales else null end > 0.1
 order by sum_sales - avg_monthly_sales, psum
 limit 100;
Limit  (cost=99042.77..99042.78 rows=1 width=452) (actual time=1900.900..1901.073 rows=100 loops=1)
  CTE v1
    ->  WindowAgg  (cost=94427.97..97254.66 rows=15216 width=147) (actual time=1177.070..1683.104 rows=63634 loops=1)
          ->  WindowAgg  (cost=94427.97..96874.26 rows=15216 width=139) (actual time=1177.057..1628.280 rows=63634 loops=1)
                ->  Finalize GroupAggregate  (cost=94427.97..96455.82 rows=15216 width=131) (actual time=1177.042..1561.494 rows=63634 loops=1)
                      Group Key: item.i_category, item.i_brand, store.s_store_name, store.s_company_name, date_dim.d_year, date_dim.d_moy
                      ->  Gather Merge  (cost=94427.97..96081.76 rows=12680 width=131) (actual time=1177.033..1507.085 rows=143621 loops=1)
                            Workers Planned: 2
                            Workers Launched: 2
                            ->  Partial GroupAggregate  (cost=93427.95..93618.15 rows=6340 width=131) (actual time=1122.011..1363.079 rows=47874 loops=3)
                                  Group Key: item.i_category, item.i_brand, store.s_store_name, store.s_company_name, date_dim.d_year, date_dim.d_moy
                                  ->  Sort  (cost=93427.95..93443.80 rows=6340 width=131) (actual time=1121.997..1273.001 rows=219195 loops=3)
                                        Sort Key: item.i_category, item.i_brand, store.s_store_name, store.s_company_name, date_dim.d_year, date_dim.d_moy
                                        Sort Method: external merge  Disk: 35200kB
                                        Worker 0:  Sort Method: external merge  Disk: 29264kB
                                        Worker 1:  Sort Method: external merge  Disk: 29240kB
                                        ->  Hash Join  (cost=4716.17..93027.57 rows=6340 width=131) (actual time=31.752..372.023 rows=219195 loops=3)
                                              Hash Cond: (store_sales.ss_item_sk = item.i_item_sk)
                                              ->  Hash Join  (cost=3055.17..91349.93 rows=6340 width=37) (actual time=14.506..307.468 rows=219195 loops=3)
                                                    Hash Cond: (store_sales.ss_store_sk = store.s_store_sk)
                                                    ->  Hash Join  (cost=3053.90..91325.33 rows=6650 width=32) (actual time=14.460..269.479 rows=224566 loops=3)
                                                          Hash Cond: (store_sales.ss_sold_date_sk = date_dim.d_date_sk)
                                                          ->  Parallel Seq Scan on store_sales  (cost=0.00..85123.48 rows=1199148 width=32) (actual time=0.013..120.190 rows=959309 loops=3)
                                                          ->  Hash  (cost=3048.60..3048.60 rows=424 width=16) (actual time=14.428..14.429 rows=428 loops=3)
                                                                Buckets: 1024  Batches: 1  Memory Usage: 29kB
                                                                ->  Seq Scan on date_dim  (cost=0.00..3048.60 rows=424 width=16) (actual time=6.850..14.363 rows=428 loops=3)
                                                                      Filter: ((d_year = 2000) OR ((d_year = 1999) AND (d_moy = 12)) OR ((d_year = 2001) AND (d_moy = 1)))
                                                                      Rows Removed by Filter: 72621
                                                    ->  Hash  (cost=1.12..1.12 rows=12 width=21) (actual time=0.029..0.029 rows=12 loops=3)
                                                          Buckets: 1024  Batches: 1  Memory Usage: 9kB
                                                          ->  Seq Scan on store  (cost=0.00..1.12 rows=12 width=21) (actual time=0.022..0.025 rows=12 loops=3)
                                              ->  Hash  (cost=1436.00..1436.00 rows=18000 width=110) (actual time=17.119..17.119 rows=18000 loops=3)
                                                    Buckets: 32768  Batches: 1  Memory Usage: 2783kB
                                                    ->  Seq Scan on item  (cost=0.00..1436.00 rows=18000 width=110) (actual time=0.026..12.793 rows=18000 loops=3)
  ->  Sort  (cost=1788.12..1788.12 rows=1 width=452) (actual time=1900.899..1900.905 rows=100 loops=1)
        Sort Key: ((v1.sum_sales - v1.avg_monthly_sales)), v1_lag.sum_sales
        Sort Method: top-N heapsort  Memory: 72kB
        ->  Hash Join  (cost=1179.45..1788.11 rows=1 width=452) (actual time=1836.564..1889.420 rows=47527 loops=1)
              Hash Cond: ((v1_lead.i_category = v1.i_category) AND (v1_lead.i_brand = v1.i_brand) AND ((v1_lead.s_store_name)::text = (v1.s_store_name)::text) AND ((v1_lead.s_company_name)::text = (v1.s_company_name)::text) AND ((v1_lead.rn - 1) = v1.rn))
              ->  CTE Scan on v1 v1_lead  (cost=0.00..304.32 rows=15216 width=660) (actual time=1177.072..1186.026 rows=63634 loops=1)
              ->  Hash  (cost=1179.43..1179.43 rows=1 width=1332) (actual time=659.465..659.466 rows=49433 loops=1)
                    Buckets: 65536 (originally 1024)  Batches: 1 (originally 1)  Memory Usage: 15960kB
                    ->  Hash Join  (cost=570.78..1179.43 rows=1 width=1332) (actual time=579.384..633.547 rows=49433 loops=1)
                          Hash Cond: ((v1_lag.i_category = v1.i_category) AND (v1_lag.i_brand = v1.i_brand) AND ((v1_lag.s_store_name)::text = (v1.s_store_name)::text) AND ((v1_lag.s_company_name)::text = (v1.s_company_name)::text) AND ((v1_lag.rn + 1) = v1.rn))
                          ->  CTE Scan on v1 v1_lag  (cost=0.00..304.32 rows=15216 width=660) (actual time=0.000..8.365 rows=63634 loops=1)
                          ->  Hash  (cost=570.60..570.60 rows=8 width=672) (actual time=579.357..579.357 rows=49744 loops=1)
                                Buckets: 65536 (originally 1024)  Batches: 1 (originally 1)  Memory Usage: 9451kB
                                ->  CTE Scan on v1  (cost=0.00..570.60 rows=8 width=672) (actual time=0.236..554.376 rows=50212 loops=1)
                                      Filter: ((avg_monthly_sales > '0'::double precision) AND (d_year = 2000) AND (CASE WHEN (avg_monthly_sales > '0'::double precision) THEN (abs((sum_sales - avg_monthly_sales)) / avg_monthly_sales) ELSE NULL::double precision END > '0.1'::double precision))
                                      Rows Removed by Filter: 13422
                     i_category                     |                      i_brand                       | d_year | avg_monthly_sales  |     sum_sales      |        psum        |        nsum        
----------------------------------------------------+----------------------------------------------------+--------+--------------------+--------------------+--------------------+--------------------
 Women                                              | importoamalg #2                                    |   2000 |  4987.115833333334 | 1520.0499999999997 |            3470.84 |            2381.02
 Women                                              | edu packamalg #2                                   |   2000 |  5278.168333333334 | 2006.2599999999998 | 3811.7799999999993 | 2582.1000000000004
 Women                                              | amalgamalg #2                                      |   2000 |  4190.719166666667 | 1002.9899999999999 |            1854.16 |            4658.85
 Children                                           | importoexporti #2                                  |   2000 |  5213.383333333333 | 2039.7299999999996 | 3349.1800000000003 |            2051.55
 Children                                           | importoexporti #2                                  |   2000 |  5213.383333333333 |            2051.55 | 2039.7299999999996 | 3293.6700000000005
 Music                                              | exportischolar #2                                  |   2000 |  5285.770833333333 |             2150.7 |            3419.67 | 2639.8799999999997
 Women                                              | edu packamalg #2                                   |   2000 | 5282.5425000000005 | 2149.0200000000004 |            3112.51 | 2651.7800000000007
 Women                                              | edu packamalg #2                                   |   2000 | 5244.3516666666665 |            2200.42 | 2865.2299999999996 | 2276.2200000000003
 Women                                              | importoamalg #2                                    |   2000 |  5119.208333333333 |            2118.95 |             2519.8 |            2331.85
 Women                                              | edu packamalg #2                                   |   2000 | 5244.3516666666665 | 2276.2200000000003 |            2200.42 | 2344.0600000000004
 Children                                           | exportiexporti #2                                  |   2000 |  5040.269166666666 |               2074 | 3565.2699999999995 |            2897.34
 Shoes                                              | edu packedu pack #2                                |   2000 |          4865.7175 | 1901.9399999999998 | 2946.0300000000007 |            3372.71
 Children                                           | exportiexporti #2                                  |   2000 | 5218.8966666666665 | 2299.7200000000003 |            3446.48 |            2574.81
 Men                                                | amalgimporto #2                                    |   2000 |           4211.745 | 1307.8600000000001 | 3470.4700000000003 | 2628.7200000000003
 Women                                              | edu packamalg #2                                   |   2000 | 5244.3516666666665 | 2344.0600000000004 | 2276.2200000000003 | 3141.3900000000003
 Children                                           | exportiexporti #2                                  |   2000 | 5218.8966666666665 |            2323.26 |            3510.71 |            2671.67
 Men                                                | importoimporto #2                                  |   2000 |  4755.869166666666 |            1866.01 |            2121.66 |            5466.76
 Women                                              | importoamalg #2                                    |   2000 | 4781.0408333333335 |            1893.92 |            2047.19 |            2350.37
 Women                                              | exportiamalg #2                                    |   2000 |  4832.349999999999 | 1955.7800000000002 |            3370.53 | 2639.7799999999997
 Shoes                                              | exportiedu pack #2                                 |   2000 |           4749.695 | 1881.0299999999997 | 3795.4300000000003 | 3336.3199999999997
 Men                                                | edu packimporto #2                                 |   2000 |  4546.610000000001 | 1686.2500000000002 |            2487.51 |            6399.83
 Shoes                                              | exportiedu pack #2                                 |   2000 |  4741.746666666667 | 1898.2900000000002 |            2371.54 |             3259.9
 Shoes                                              | amalgedu pack #2                                   |   2000 |  4944.814166666666 |            2105.19 |            2811.06 |  3029.040000000001
 Shoes                                              | amalgedu pack #2                                   |   2000 |  4808.898333333333 | 1975.1499999999999 |            3353.13 |            2882.77
 Shoes                                              | edu packedu pack #2                                |   2000 |  4646.401666666666 |            1819.18 |             2844.7 | 2192.4700000000003
 Women                                              | edu packamalg #2                                   |   2000 |           4905.265 | 2089.2599999999998 |            3165.62 |  5508.860000000001
 Music                                              | amalgscholar #2                                    |   2000 |  4567.535833333333 | 1762.8600000000001 | 2291.9800000000005 |            2424.18
 Children                                           | importoexporti #2                                  |   2000 |  5213.383333333333 | 2410.9399999999996 | 3293.6700000000005 |            2822.28
 Shoes                                              | edu packedu pack #2                                |   2000 |  4894.994166666666 |            2096.87 | 3107.9300000000003 |            2422.36
 Women                                              | importoamalg #2                                    |   2000 |  5119.208333333333 |            2331.85 |            2118.95 |  3608.789999999999
 Women                                              | exportiamalg #2                                    |   2000 |  4676.826666666667 |            1891.29 | 4936.5700000000015 |  3562.680000000001
 Women                                              | edu packamalg #2                                   |   2000 |           4905.265 | 2123.7799999999997 |            2473.67 |            4031.84
 Music                                              | exportischolar #2                                  |   2000 |  5245.617499999999 |            2471.87 | 3050.7400000000007 | 3022.7000000000007
 Children                                           | importoexporti #2                                  |   2000 |  5182.875833333334 |            2409.76 |            3069.42 | 3139.9800000000005
 Shoes                                              | amalgedu pack #2                                   |   2000 | 4740.2699999999995 | 1977.0900000000001 |            2316.83 |            3260.24
 Children                                           | importoexporti #2                                  |   2000 |  4827.205833333333 | 2084.6799999999994 | 3341.6400000000003 | 3197.9800000000005
 Shoes                                              | amalgedu pack #2                                   |   2000 |  4888.493333333333 |            2154.24 |            2817.87 |            3155.69
 Women                                              | importoamalg #2                                    |   2000 | 4781.0408333333335 |            2047.19 | 2810.6099999999997 |            1893.92
 Women                                              | exportiamalg #2                                    |   2000 |  4542.595833333333 |            1808.87 | 2996.6499999999996 |               2693
 Children                                           | edu packexporti #2                                 |   2000 |  4269.971666666667 | 1537.6100000000001 |            2832.76 | 2217.8199999999997
 Music                                              | importoscholar #2                                  |   2000 |  4466.849166666666 |            1737.23 | 2729.2100000000005 |            2880.24
 Music                                              | exportischolar #2                                  |   2000 |  4892.219166666666 | 2166.4500000000007 | 2276.3900000000003 | 3265.4799999999996
 Men                                                | importoimporto #2                                  |   2000 | 4659.2058333333325 |             1938.6 | 2993.4000000000005 | 3099.3799999999997
 Women                                              | exportiamalg #2                                    |   2000 |  4835.385833333334 |            2120.72 |            2768.06 |            7045.25
 Music                                              | exportischolar #2                                  |   2000 |  5285.770833333333 |            2586.24 |            2890.27 | 3370.2199999999993
 Men                                                | importoimporto #2                                  |   2000 |  4755.869166666666 |             2057.4 |            2886.24 |            2397.19
 Women                                              | edu packamalg #2                                   |   2000 |  5278.168333333334 | 2582.1000000000004 | 2006.2599999999998 | 2599.6800000000003
 Women                                              | edu packamalg #2                                   |   2000 |  5099.050833333334 | 2410.5200000000004 |            4027.25 | 2945.3999999999996
 Women                                              | edu packamalg #2                                   |   2000 |  5099.050833333334 |            2414.11 |            2810.51 | 2724.9900000000007
 Women                                              | edu packamalg #2                                   |   2000 |  5278.168333333334 | 2599.6800000000003 | 2582.1000000000004 |  7079.159999999998
 Women                                              | edu packamalg #2                                   |   2000 | 5282.5425000000005 | 2611.5600000000004 |  4275.739999999999 | 3573.5800000000004
 Music                                              | edu packscholar #2                                 |   2000 |  4174.971666666667 | 1517.0699999999997 | 1926.9200000000005 | 2758.3500000000004
 Women                                              | edu packamalg #2                                   |   2000 |  5278.168333333334 |            2624.42 | 3309.3600000000006 | 3696.0299999999997
 Children                                           | exportiexporti #2                                  |   2000 |  5284.535000000001 | 2633.5600000000004 |            2704.61 | 3234.9900000000002
 Shoes                                              | edu packedu pack #2                                |   2000 |          4865.7175 | 2214.9399999999996 |            3372.71 | 2792.4399999999996
 Music                                              | importoscholar #2                                  |   2000 |  4693.870833333333 |            2043.49 |            2694.16 | 2622.9500000000003
 Music                                              | amalgscholar #2                                    |   2000 |  4623.069166666667 |             1974.6 | 2650.0800000000004 |            3170.93
 Music                                              | exportischolar #2                                  |   2000 |  5285.770833333333 | 2639.8799999999997 |             2150.7 | 2701.3099999999995
 Children                                           | exportiexporti #2                                  |   2000 | 5218.8966666666665 |            2574.81 | 2299.7200000000003 |            4044.43
 Shoes                                              | amalgedu pack #2                                   |   2000 |  4753.055833333333 |             2110.4 |            2903.38 |            2813.79
 Men                                                | importoimporto #2                                  |   2000 |  4755.869166666666 |            2121.66 |            2170.24 |            1866.01
 Children                                           | edu packexporti #2                                 |   2000 |          4343.6875 | 1710.1100000000001 |            2372.53 | 1847.1599999999994
 Women                                              | edu packamalg #2                                   |   2000 | 5282.5425000000005 | 2651.7800000000007 | 2149.0200000000004 |            4099.49
 Women                                              | exportiamalg #2                                    |   2000 |  4676.826666666667 |            2048.41 | 3035.3500000000004 |            2959.01
 Music                                              | exportischolar #2                                  |   2000 |  5157.030833333334 | 2528.9799999999996 | 3688.7299999999996 | 2935.8600000000006
 Men                                                | amalgimporto #2                                    |   2000 |  4435.469166666667 | 1813.1599999999999 |             2929.2 |            2285.09
 Children                                           | importoexporti #2                                  |   2000 |  4672.738333333334 |            2052.91 | 3306.1800000000003 |            2549.86
 Men                                                | importoimporto #2                                  |   2000 | 4356.3358333333335 |            1738.89 |            2068.03 |            2294.79
 Music                                              | exportischolar #2                                  |   2000 |  4892.219166666666 | 2276.3900000000003 |            3048.69 | 2166.4500000000007
 Music                                              | importoscholar #2                                  |   2000 |            4488.81 |             1873.4 | 2317.0899999999997 |             2172.3
 Shoes                                              | edu packedu pack #2                                |   2000 |  5075.028333333333 |            2459.86 | 3476.5699999999997 | 2870.7200000000003
 Children                                           | exportiexporti #2                                  |   2000 |  5284.535000000001 | 2676.9300000000003 |  3362.870000000001 | 2755.4599999999996
 Women                                              | importoamalg #2                                    |   2000 |  4987.115833333334 |            2381.02 | 1520.0499999999997 |  5137.169999999999
 Children                                           | amalgexporti #2                                    |   2000 |  4406.780833333333 |            1801.43 |            2977.42 | 2171.2300000000005
 Shoes                                              | amalgedu pack #2                                   |   2000 |  4888.493333333333 | 2283.3500000000004 |            3860.87 |            3486.49
 Women                                              | importoamalg #2                                    |   2000 |  5119.208333333333 |             2519.8 |  5395.339999999999 |            2118.95
 Shoes                                              | exportiedu pack #2                                 |   2000 |            4856.66 |            2257.77 | 3917.4300000000003 |            2860.12
 Men                                                | amalgimporto #2                                    |   2000 |  4435.469166666667 | 1837.6100000000001 |            2323.91 |             2779.5
 Men                                                | edu packimporto #2                                 |   2000 | 3980.5525000000002 |            1384.46 |            2943.01 | 2388.9599999999996
 Women                                              | importoamalg #2                                    |   2000 |  4636.244999999999 |             2043.1 |             3313.7 | 2305.4700000000003
 Women                                              | importoamalg #2                                    |   2000 | 4781.0408333333335 |            2194.41 | 3830.7100000000005 |            2764.72
 Men                                                | importoimporto #2                                  |   2000 |  4755.869166666666 |            2170.24 | 3229.5300000000007 |            2121.66
 Men                                                | exportiimporto #2                                  |   2000 |           3996.285 |            1411.77 |            2405.17 |            4864.67
 Music                                              | exportischolar #2                                  |   2000 |  5285.770833333333 | 2701.3099999999995 | 2639.8799999999997 |            7412.37
 Women                                              | exportiamalg #2                                    |   2000 |  4672.904166666666 |            2091.64 | 2313.6899999999996 |            2607.16
 Children                                           | exportiexporti #2                                  |   2000 |  5284.535000000001 |            2704.61 |            3330.42 | 2633.5600000000004
 Men                                                | importoimporto #2                                  |   2000 | 4356.3358333333335 | 1778.0899999999997 | 3402.2200000000003 | 2878.4600000000005
 Music                                              | edu packscholar #2                                 |   2000 | 3984.8641666666663 |            1419.13 |               1951 |            5681.44
 Children                                           | amalgexporti #2                                    |   2000 |  4267.636666666666 |            1702.22 |            2253.64 |            1782.55
 Men                                                | amalgimporto #2                                    |   2000 |  4497.761666666666 |            1935.71 |            2915.75 | 2722.7799999999997
 Shoes                                              | exportiedu pack #2                                 |   2000 |  4741.746666666667 |            2186.87 | 3189.5099999999998 | 2958.4400000000005
 Shoes                                              | amalgedu pack #2                                   |   2000 |  4808.898333333333 |             2254.3 | 2902.4300000000003 |            3116.53
 Women                                              | edu packamalg #2                                   |   2000 |  5067.563333333334 | 2519.7799999999997 |            2904.96 |            2688.54
 Children                                           | exportiexporti #2                                  |   2000 | 5218.8966666666665 |            2671.67 |            2323.26 |  7230.949999999999
 Women                                              | exportiamalg #2                                    |   2000 |  4832.349999999999 |            2285.98 | 2639.7799999999997 | 3623.5899999999997
 Music                                              | exportischolar #2                                  |   2000 |  4670.264166666667 | 2124.2400000000002 | 2687.8199999999997 | 2341.6800000000003
 Shoes                                              | exportiedu pack #2                                 |   2000 |  4562.193333333334 | 2021.5900000000001 |            2221.36 |            2843.44
 Children                                           | exportiexporti #2                                  |   2000 |  5310.774166666667 |             2775.1 |            2929.26 | 3741.0799999999995
 Children                                           | exportiexporti #2                                  |   2000 |  5284.535000000001 | 2755.4599999999996 | 2676.9300000000003 |  6694.950000000001
 Men                                                | amalgimporto #2                                    |   2000 |  4539.565833333333 | 2014.4700000000003 | 2914.0299999999997 |            3220.84
(100 rows)

UPDATE time_statistics SET e_time = TRANSACTION_TIMESTAMP() WHERE template = 'query47.tpl' AND stream = 4;
psql:/tmp/s1-basline/throughput/query_4.sql:2727: NOTICE:  duration: 0.051 ms  plan:
Query Text: UPDATE time_statistics SET e_time = TRANSACTION_TIMESTAMP() WHERE template = 'query47.tpl' AND stream = 4;
Update on time_statistics  (cost=0.00..5.22 rows=0 width=0) (actual time=0.050..0.050 rows=0 loops=1)
  ->  Seq Scan on time_statistics  (cost=0.00..5.22 rows=1 width=14) (actual time=0.027..0.035 rows=1 loops=1)
        Filter: ((template = 'query47.tpl'::text) AND (stream = 4))
        Rows Removed by Filter: 153
UPDATE 1
LOAD 'auto_explain'; SET auto_explain.log_min_duration TO 0; SET auto_explain.log_analyze TO on; SET auto_explain.log_level TO notice; INSERT INTO time_statistics (template, s_time, stream, query, seed) VALUES ('query10.tpl', TRANSACTION_TIMESTAMP(), 4, 55, 1148640099);
LOAD
SET
SET
SET
psql:/tmp/s1-basline/throughput/query_4.sql:2728: NOTICE:  duration: 0.009 ms  plan:
Query Text: INSERT INTO time_statistics (template, s_time, stream, query, seed) VALUES ('query10.tpl', TRANSACTION_TIMESTAMP(), 4, 55, 1148640099);
Insert on time_statistics  (cost=0.00..0.01 rows=0 width=0) (actual time=0.008..0.008 rows=0 loops=1)
  ->  Result  (cost=0.00..0.01 rows=1 width=64) (actual time=0.001..0.001 rows=1 loops=1)
INSERT 0 1
select  
  cd_gender,
  cd_marital_status,
  cd_education_status,
  count(*) cnt1,
  cd_purchase_estimate,
  count(*) cnt2,
  cd_credit_rating,
  count(*) cnt3,
  cd_dep_count,
  count(*) cnt4,
  cd_dep_employed_count,
  count(*) cnt5,
  cd_dep_college_count,
  count(*) cnt6
 from
  customer c,customer_address ca,customer_demographics
 where
  c.c_current_addr_sk = ca.ca_address_sk and
  ca_county in ('Owen County','Rutherford County','Stark County','Chattooga County','Jasper County') and
  cd_demo_sk = c.c_current_cdemo_sk and 
  exists (select *
          from store_sales,date_dim
          where c.c_customer_sk = ss_customer_sk and
                ss_sold_date_sk = d_date_sk and
                d_year = 2002 and
                d_moy between 1 and 1+3) and
   (exists (select *
            from web_sales,date_dim
            where c.c_customer_sk = ws_bill_customer_sk and
                  ws_sold_date_sk = d_date_sk and
                  d_year = 2002 and
                  d_moy between 1 ANd 1+3) or 
    exists (select * 
            from catalog_sales,date_dim
            where c.c_customer_sk = cs_ship_customer_sk and
                  cs_sold_date_sk = d_date_sk and
                  d_year = 2002 and
                  d_moy between 1 and 1+3))
 group by cd_gender,
          cd_marital_status,
          cd_education_status,
          cd_purchase_estimate,
          cd_credit_rating,
          cd_dep_count,
          cd_dep_employed_count,
          cd_dep_college_count
 order by cd_gender,
          cd_marital_status,
          cd_education_status,
          cd_purchase_estimate,
          cd_credit_rating,
          cd_dep_count,
          cd_dep_employed_count,
          cd_dep_college_count
limit 100;
psql:/tmp/s1-basline/throughput/query_4.sql:2784: NOTICE:  duration: 8100.804 ms  plan:
Query Text: select  
  cd_gender,
  cd_marital_status,
  cd_education_status,
  count(*) cnt1,
  cd_purchase_estimate,
  count(*) cnt2,
  cd_credit_rating,
  count(*) cnt3,
  cd_dep_count,
  count(*) cnt4,
  cd_dep_employed_count,
  count(*) cnt5,
  cd_dep_college_count,
  count(*) cnt6
 from
  customer c,customer_address ca,customer_demographics
 where
  c.c_current_addr_sk = ca.ca_address_sk and
  ca_county in ('Owen County','Rutherford County','Stark County','Chattooga County','Jasper County') and
  cd_demo_sk = c.c_current_cdemo_sk and 
  exists (select *
          from store_sales,date_dim
          where c.c_customer_sk = ss_customer_sk and
                ss_sold_date_sk = d_date_sk and
                d_year = 2002 and
                d_moy between 1 and 1+3) and
   (exists (select *
            from web_sales,date_dim
            where c.c_customer_sk = ws_bill_customer_sk and
                  ws_sold_date_sk = d_date_sk and
                  d_year = 2002 and
                  d_moy between 1 ANd 1+3) or 
    exists (select * 
            from catalog_sales,date_dim
            where c.c_customer_sk = cs_ship_customer_sk and
                  cs_sold_date_sk = d_date_sk and
                  d_year = 2002 and
                  d_moy between 1 and 1+3))
 group by cd_gender,
          cd_marital_status,
          cd_education_status,
          cd_purchase_estimate,
          cd_credit_rating,
          cd_dep_count,
          cd_dep_employed_count,
          cd_dep_college_count
 order by cd_gender,
          cd_marital_status,
          cd_education_status,
          cd_purchase_estimate,
          cd_credit_rating,
          cd_dep_count,
          cd_dep_employed_count,
          cd_dep_college_count
limit 100;
Limit  (cost=261028.58..173962040.36 rows=13 width=100) (actual time=6675.948..8100.783 rows=4 loops=1)
  ->  GroupAggregate  (cost=261028.58..173962040.36 rows=13 width=100) (actual time=6675.947..8100.780 rows=4 loops=1)
        Group Key: customer_demographics.cd_gender, customer_demographics.cd_marital_status, customer_demographics.cd_education_status, customer_demographics.cd_purchase_estimate, customer_demographics.cd_credit_rating, customer_demographics.cd_dep_count, customer_demographics.cd_dep_employed_count, customer_demographics.cd_dep_college_count
        ->  Nested Loop  (cost=261028.58..173962039.94 rows=13 width=52) (actual time=5554.278..8100.762 rows=4 loops=1)
              Join Filter: (c.c_current_cdemo_sk = customer_demographics.cd_demo_sk)
              Rows Removed by Join Filter: 7683196
              ->  Gather Merge  (cost=172607.60..391522.31 rows=1920800 width=60) (actual time=4530.731..6937.236 rows=1920800 loops=1)
                    Workers Planned: 1
                    Workers Launched: 1
                    ->  Sort  (cost=171607.59..174432.30 rows=1129882 width=60) (actual time=4317.354..5971.679 rows=960400 loops=2)
                          Sort Key: customer_demographics.cd_gender, customer_demographics.cd_marital_status, customer_demographics.cd_education_status, customer_demographics.cd_purchase_estimate, customer_demographics.cd_credit_rating, customer_demographics.cd_dep_count, customer_demographics.cd_dep_employed_count, customer_demographics.cd_dep_college_count
                          Sort Method: external merge  Disk: 73576kB
                          Worker 0:  Sort Method: external merge  Disk: 65576kB
                          ->  Parallel Seq Scan on customer_demographics  (cost=0.00..33127.82 rows=1129882 width=60) (actual time=0.015..156.714 rows=960400 loops=2)
              ->  Materialize  (cost=88420.97..173195961.66 rows=13 width=8) (actual time=0.000..0.000 rows=4 loops=1920800)
                    ->  Nested Loop  (cost=88420.97..173195961.60 rows=13 width=8) (actual time=120.507..134.184 rows=4 loops=1)
                          ->  Nested Loop  (cost=88420.68..173194886.50 rows=3234 width=16) (actual time=113.450..132.379 rows=712 loops=1)
                                ->  HashAggregate  (cost=88420.39..88465.56 rows=4517 width=8) (actual time=58.346..59.727 rows=8916 loops=1)
                                      Group Key: store_sales.ss_customer_sk
                                      Batches: 1  Memory Usage: 913kB
                                      ->  Nested Loop  (cost=0.43..88409.10 rows=4517 width=8) (actual time=4.798..44.740 rows=107233 loops=1)
                                            ->  Seq Scan on date_dim  (cost=0.00..2683.36 rows=120 width=8) (actual time=4.774..9.818 rows=120 loops=1)
                                                  Filter: ((d_moy >= 1) AND (d_moy <= 4) AND (d_year = 2002))
                                                  Rows Removed by Filter: 72929
                                            ->  Index Scan using i_ss_sold_date_sk on store_sales  (cost=0.43..699.30 rows=1508 width=16) (actual time=0.005..0.205 rows=894 loops=120)
                                                  Index Cond: (ss_sold_date_sk = date_dim.d_date_sk)
                                ->  Index Scan using pk_customer on customer c  (cost=0.29..39848.12 rows=1 width=24) (actual time=0.008..0.008 rows=0 loops=8916)
                                      Index Cond: (c_customer_sk = store_sales.ss_customer_sk)
                                      Filter: ((hashed SubPlan 2) OR (hashed SubPlan 4))
                                      Rows Removed by Filter: 1
                                      SubPlan 2
                                        ->  Nested Loop  (cost=0.42..31755.65 rows=1182 width=8) (actual time=4.819..19.647 rows=27641 loops=1)
                                              ->  Seq Scan on date_dim date_dim_1  (cost=0.00..2683.36 rows=120 width=8) (actual time=4.795..9.523 rows=120 loops=1)
                                                    Filter: ((d_moy >= 1) AND (d_moy <= 4) AND (d_year = 2002))
                                                    Rows Removed by Filter: 72929
                                              ->  Index Scan using i_ws_sold_date_sk on web_sales  (cost=0.42..238.32 rows=395 width=16) (actual time=0.003..0.058 rows=230 loops=120)
                                                    Index Cond: (ws_sold_date_sk = date_dim_1.d_date_sk)
                                      SubPlan 4
                                        ->  Nested Loop  (cost=0.43..9149.00 rows=2351 width=8) (actual time=4.539..25.471 rows=54452 loops=1)
                                              ->  Seq Scan on date_dim date_dim_2  (cost=0.00..2683.36 rows=120 width=8) (actual time=4.529..9.540 rows=120 loops=1)
                                                    Filter: ((d_moy >= 1) AND (d_moy <= 4) AND (d_year = 2002))
                                                    Rows Removed by Filter: 72929
                                              ->  Index Scan using i_cs_sold_date_sk on catalog_sales  (cost=0.43..46.06 rows=782 width=16) (actual time=0.003..0.075 rows=454 loops=120)
                                                    Index Cond: (cs_sold_date_sk = date_dim_2.d_date_sk)
                          ->  Index Scan using pk_customer_address on customer_address ca  (cost=0.29..0.33 rows=1 width=8) (actual time=0.002..0.002 rows=0 loops=712)
                                Index Cond: (ca_address_sk = c.c_current_addr_sk)
                                Filter: ((ca_county)::text = ANY ('{"Owen County","Rutherford County","Stark County","Chattooga County","Jasper County"}'::text[]))
                                Rows Removed by Filter: 1
 cd_gender | cd_marital_status | cd_education_status  | cnt1 | cd_purchase_estimate | cnt2 | cd_credit_rating | cnt3 | cd_dep_count | cnt4 | cd_dep_employed_count | cnt5 | cd_dep_college_count | cnt6 
-----------+-------------------+----------------------+------+----------------------+------+------------------+------+--------------+------+-----------------------+------+----------------------+------
 F         | S                 | Primary              |    1 |                 3000 |    1 | Unknown          |    1 |            2 |    1 |                     1 |    1 |                    0 |    1
 M         | D                 | Unknown              |    1 |                 3500 |    1 | High Risk        |    1 |            5 |    1 |                     4 |    1 |                    3 |    1
 M         | U                 | Unknown              |    1 |                 9000 |    1 | Good             |    1 |            2 |    1 |                     5 |    1 |                    1 |    1
 M         | W                 | Unknown              |    1 |                  500 |    1 | Unknown          |    1 |            4 |    1 |                     3 |    1 |                    6 |    1
(4 rows)

UPDATE time_statistics SET e_time = TRANSACTION_TIMESTAMP() WHERE template = 'query10.tpl' AND stream = 4;
psql:/tmp/s1-basline/throughput/query_4.sql:2786: NOTICE:  duration: 0.057 ms  plan:
Query Text: UPDATE time_statistics SET e_time = TRANSACTION_TIMESTAMP() WHERE template = 'query10.tpl' AND stream = 4;
Update on time_statistics  (cost=0.00..5.22 rows=0 width=0) (actual time=0.056..0.056 rows=0 loops=1)
  ->  Seq Scan on time_statistics  (cost=0.00..5.22 rows=1 width=14) (actual time=0.031..0.040 rows=1 loops=1)
        Filter: ((template = 'query10.tpl'::text) AND (stream = 4))
        Rows Removed by Filter: 154
UPDATE 1
LOAD 'auto_explain'; SET auto_explain.log_min_duration TO 0; SET auto_explain.log_analyze TO on; SET auto_explain.log_level TO notice; INSERT INTO time_statistics (template, s_time, stream, query, seed) VALUES ('../query_postgresql/query70.tpl', TRANSACTION_TIMESTAMP(), 4, 56, 1463641010);
LOAD
SET
SET
SET
psql:/tmp/s1-basline/throughput/query_4.sql:2787: NOTICE:  duration: 0.008 ms  plan:
Query Text: INSERT INTO time_statistics (template, s_time, stream, query, seed) VALUES ('../query_postgresql/query70.tpl', TRANSACTION_TIMESTAMP(), 4, 56, 1463641010);
Insert on time_statistics  (cost=0.00..0.01 rows=0 width=0) (actual time=0.008..0.008 rows=0 loops=1)
  ->  Result  (cost=0.00..0.01 rows=1 width=64) (actual time=0.001..0.001 rows=1 loops=1)
INSERT 0 1
with results as
( select
    sum(ss_net_profit) as total_sum ,s_state ,s_county, 0 as gstate, 0 as g_county
 from
    store_sales
  ,date_dim      d1
  ,store
 where
    d1.d_month_seq between 1210 and 1210 + 11
 and d1.d_date_sk = ss_sold_date_sk
 and s_store_sk  = ss_store_sk
 and s_state in
            ( select s_state
              from  (select s_state as s_state,
                 rank() over ( partition by s_state order by sum(ss_net_profit) desc) as ranking
                      from  store_sales, store, date_dim
                      where d_month_seq between 1210 and 1210 + 11
                 and d_date_sk = ss_sold_date_sk
                 and s_store_sk  = ss_store_sk
                      group by s_state
                    ) tmp1 
              where ranking <= 5)
  group by s_state,s_county) ,  
 results_rollup as 
(select total_sum ,s_state ,s_county, 0 as g_state, 0 as g_county, 0 as lochierarchy from results
 union
 select sum(total_sum) as total_sum,s_state, NULL as s_county, 0 as g_state, 1 as g_county, 1 as lochierarchy from results group by s_state
 union
 select sum(total_sum) as total_sum ,NULL as s_state ,NULL as s_county, 1 as g_state, 1 as g_county, 2 as lochierarchy from results)
  select  total_sum ,s_state ,s_county, lochierarchy 
  ,rank() over (
     partition by lochierarchy, 
     case when g_county = 0 then s_state end 
     order by total_sum desc) as rank_within_parent
 from results_rollup
 order by
  lochierarchy desc
  ,case when lochierarchy = 0 then s_state end
  ,rank_within_parent
 limit 100;
psql:/tmp/s1-basline/throughput/query_4.sql:2827: NOTICE:  duration: 1036.050 ms  plan:
Query Text: with results as
( select
    sum(ss_net_profit) as total_sum ,s_state ,s_county, 0 as gstate, 0 as g_county
 from
    store_sales
  ,date_dim      d1
  ,store
 where
    d1.d_month_seq between 1210 and 1210 + 11
 and d1.d_date_sk = ss_sold_date_sk
 and s_store_sk  = ss_store_sk
 and s_state in
            ( select s_state
              from  (select s_state as s_state,
                 rank() over ( partition by s_state order by sum(ss_net_profit) desc) as ranking
                      from  store_sales, store, date_dim
                      where d_month_seq between 1210 and 1210 + 11
                 and d_date_sk = ss_sold_date_sk
                 and s_store_sk  = ss_store_sk
                      group by s_state
                    ) tmp1 
              where ranking <= 5)
  group by s_state,s_county) ,  
 results_rollup as 
(select total_sum ,s_state ,s_county, 0 as g_state, 0 as g_county, 0 as lochierarchy from results
 union
 select sum(total_sum) as total_sum,s_state, NULL as s_county, 0 as g_state, 1 as g_county, 1 as lochierarchy from results group by s_state
 union
 select sum(total_sum) as total_sum ,NULL as s_state ,NULL as s_county, 1 as g_state, 1 as g_county, 2 as lochierarchy from results)
  select  total_sum ,s_state ,s_county, lochierarchy 
  ,rank() over (
     partition by lochierarchy, 
     case when g_county = 0 then s_state end 
     order by total_sum desc) as rank_within_parent
 from results_rollup
 order by
  lochierarchy desc
  ,case when lochierarchy = 0 then s_state end
  ,rank_within_parent
 limit 100;
Limit  (cost=185987.73..185987.74 rows=3 width=148) (actual time=962.425..1036.037 rows=3 loops=1)
  CTE results
    ->  GroupAggregate  (cost=184277.99..185987.36 rows=1 width=37) (actual time=962.381..1035.989 rows=1 loops=1)
          Group Key: store.s_state, store.s_county
          ->  Merge Join  (cost=184277.99..185893.41 rows=12525 width=29) (actual time=713.765..970.348 rows=534604 loops=1)
                Merge Cond: (store.s_state = store_1.s_state)
                ->  Gather Merge  (cost=92119.28..93578.03 rows=12525 width=29) (actual time=342.666..526.407 rows=534604 loops=1)
                      Workers Planned: 2
                      Workers Launched: 2
                      ->  Sort  (cost=91119.26..91132.31 rows=5219 width=29) (actual time=336.913..361.392 rows=178201 loops=3)
                            Sort Key: store.s_state, store.s_county
                            Sort Method: external merge  Disk: 8288kB
                            Worker 0:  Sort Method: quicksort  Memory: 15259kB
                            Worker 1:  Sort Method: quicksort  Memory: 15204kB
                            ->  Hash Join  (cost=2506.37..90797.00 rows=5219 width=29) (actual time=13.325..295.087 rows=178201 loops=3)
                                  Hash Cond: (store_sales.ss_store_sk = store.s_store_sk)
                                  ->  Hash Join  (cost=2505.10..90776.52 rows=5473 width=16) (actual time=13.189..267.378 rows=182504 loops=3)
                                        Hash Cond: (store_sales.ss_sold_date_sk = d1.d_date_sk)
                                        ->  Parallel Seq Scan on store_sales  (cost=0.00..85123.48 rows=1199148 width=24) (actual time=0.014..124.042 rows=959309 loops=3)
                                        ->  Hash  (cost=2500.73..2500.73 rows=349 width=8) (actual time=13.143..13.144 rows=365 loops=3)
                                              Buckets: 1024  Batches: 1  Memory Usage: 23kB
                                              ->  Seq Scan on date_dim d1  (cost=0.00..2500.73 rows=349 width=8) (actual time=6.163..13.097 rows=365 loops=3)
                                                    Filter: ((d_month_seq >= 1210) AND (d_month_seq <= 1221))
                                                    Rows Removed by Filter: 72684
                                  ->  Hash  (cost=1.12..1.12 rows=12 width=29) (actual time=0.033..0.034 rows=12 loops=3)
                                        Buckets: 1024  Batches: 1  Memory Usage: 9kB
                                        ->  Seq Scan on store  (cost=0.00..1.12 rows=12 width=29) (actual time=0.024..0.028 rows=12 loops=3)
                ->  WindowAgg  (cost=92158.71..92158.79 rows=2 width=19) (actual time=371.095..371.166 rows=1 loops=1)
                      Run Condition: (rank() OVER (?) <= 5)
                      ->  Incremental Sort  (cost=92158.71..92158.76 rows=2 width=11) (actual time=371.088..371.159 rows=1 loops=1)
                            Sort Key: store_1.s_state, (sum(store_sales_1.ss_net_profit)) DESC
                            Presorted Key: store_1.s_state
                            Full-sort Groups: 1  Sort Method: quicksort  Average Memory: 25kB  Peak Memory: 25kB
                            ->  Finalize GroupAggregate  (cost=92119.28..92158.69 rows=1 width=11) (actual time=371.076..371.147 rows=1 loops=1)
                                  Group Key: store_1.s_state
                                  ->  Gather Merge  (cost=92119.28..92158.67 rows=2 width=11) (actual time=371.071..371.143 rows=3 loops=1)
                                        Workers Planned: 2
                                        Workers Launched: 2
                                        ->  Partial GroupAggregate  (cost=91119.26..91158.41 rows=1 width=11) (actual time=351.407..351.410 rows=1 loops=3)
                                              Group Key: store_1.s_state
                                              ->  Sort  (cost=91119.26..91132.31 rows=5219 width=11) (actual time=319.839..330.658 rows=178201 loops=3)
                                                    Sort Key: store_1.s_state
                                                    Sort Method: external merge  Disk: 5608kB
                                                    Worker 0:  Sort Method: quicksort  Memory: 13555kB
                                                    Worker 1:  Sort Method: quicksort  Memory: 13381kB
                                                    ->  Hash Join  (cost=2506.37..90797.00 rows=5219 width=11) (actual time=13.598..291.417 rows=178201 loops=3)
                                                          Hash Cond: (store_sales_1.ss_store_sk = store_1.s_store_sk)
                                                          ->  Hash Join  (cost=2505.10..90776.52 rows=5473 width=16) (actual time=13.498..265.057 rows=182504 loops=3)
                                                                Hash Cond: (store_sales_1.ss_sold_date_sk = date_dim.d_date_sk)
                                                                ->  Parallel Seq Scan on store_sales store_sales_1  (cost=0.00..85123.48 rows=1199148 width=24) (actual time=0.014..122.038 rows=959309 loops=3)
                                                                ->  Hash  (cost=2500.73..2500.73 rows=349 width=8) (actual time=13.455..13.456 rows=365 loops=3)
                                                                      Buckets: 1024  Batches: 1  Memory Usage: 23kB
                                                                      ->  Seq Scan on date_dim  (cost=0.00..2500.73 rows=349 width=8) (actual time=6.615..13.407 rows=365 loops=3)
                                                                            Filter: ((d_month_seq >= 1210) AND (d_month_seq <= 1221))
                                                                            Rows Removed by Filter: 72684
                                                          ->  Hash  (cost=1.12..1.12 rows=12 width=11) (actual time=0.039..0.040 rows=12 loops=3)
                                                                Buckets: 1024  Batches: 1  Memory Usage: 9kB
                                                                ->  Seq Scan on store store_1  (cost=0.00..1.12 rows=12 width=11) (actual time=0.028..0.033 rows=12 loops=3)
  ->  Sort  (cost=0.38..0.38 rows=3 width=148) (actual time=962.424..962.426 rows=3 loops=1)
        Sort Key: results_rollup.lochierarchy DESC, (CASE WHEN (results_rollup.lochierarchy = 0) THEN results_rollup.s_state ELSE NULL::bpchar END), (rank() OVER (?))
        Sort Method: quicksort  Memory: 25kB
        ->  WindowAgg  (cost=0.27..0.35 rows=3 width=148) (actual time=962.416..962.422 rows=3 loops=1)
              ->  Sort  (cost=0.27..0.28 rows=3 width=108) (actual time=962.410..962.412 rows=3 loops=1)
                    Sort Key: results_rollup.lochierarchy, (CASE WHEN (results_rollup.g_county = 0) THEN results_rollup.s_state ELSE NULL::bpchar END), results_rollup.total_sum DESC
                    Sort Method: quicksort  Memory: 25kB
                    ->  Subquery Scan on results_rollup  (cost=0.18..0.24 rows=3 width=108) (actual time=962.404..962.407 rows=3 loops=1)
                          ->  HashAggregate  (cost=0.18..0.21 rows=3 width=84) (actual time=962.402..962.405 rows=3 loops=1)
                                Group Key: results.total_sum, results.s_state, results.s_county, (0), (0), (0)
                                Batches: 1  Memory Usage: 24kB
                                ->  Append  (cost=0.00..0.13 rows=3 width=84) (actual time=962.384..962.397 rows=3 loops=1)
                                      ->  CTE Scan on results  (cost=0.00..0.02 rows=1 width=110) (actual time=962.383..962.384 rows=1 loops=1)
                                      ->  HashAggregate  (cost=0.02..0.03 rows=1 width=64) (actual time=0.005..0.006 rows=1 loops=1)
                                            Group Key: results_1.s_state
                                            Batches: 1  Memory Usage: 24kB
                                            ->  CTE Scan on results results_1  (cost=0.00..0.02 rows=1 width=20) (actual time=0.000..0.001 rows=1 loops=1)
                                      ->  Aggregate  (cost=0.02..0.03 rows=1 width=84) (actual time=0.003..0.003 rows=1 loops=1)
                                            ->  CTE Scan on results results_2  (cost=0.00..0.02 rows=1 width=8) (actual time=0.000..0.001 rows=1 loops=1)
      total_sum      | s_state |     s_county      | lochierarchy | rank_within_parent 
---------------------+---------+-------------------+--------------+--------------------
 -439994228.32000744 |         |                   |            2 |                  1
 -439994228.32000744 | TN      |                   |            1 |                  1
 -439994228.32000744 | TN      | Williamson County |            0 |                  1
(3 rows)

UPDATE time_statistics SET e_time = TRANSACTION_TIMESTAMP() WHERE template = '../query_postgresql/query70.tpl' AND stream = 4;
psql:/tmp/s1-basline/throughput/query_4.sql:2829: NOTICE:  duration: 0.047 ms  plan:
Query Text: UPDATE time_statistics SET e_time = TRANSACTION_TIMESTAMP() WHERE template = '../query_postgresql/query70.tpl' AND stream = 4;
Update on time_statistics  (cost=0.00..5.22 rows=0 width=0) (actual time=0.046..0.046 rows=0 loops=1)
  ->  Seq Scan on time_statistics  (cost=0.00..5.22 rows=1 width=14) (actual time=0.025..0.032 rows=1 loops=1)
        Filter: ((template = '../query_postgresql/query70.tpl'::text) AND (stream = 4))
        Rows Removed by Filter: 155
UPDATE 1
LOAD 'auto_explain'; SET auto_explain.log_min_duration TO 0; SET auto_explain.log_analyze TO on; SET auto_explain.log_level TO notice; INSERT INTO time_statistics (template, s_time, stream, query, seed) VALUES ('../query_postgresql/query23.tpl', TRANSACTION_TIMESTAMP(), 4, 57, 2016302138);
LOAD
SET
SET
SET
psql:/tmp/s1-basline/throughput/query_4.sql:2830: NOTICE:  duration: 0.008 ms  plan:
Query Text: INSERT INTO time_statistics (template, s_time, stream, query, seed) VALUES ('../query_postgresql/query23.tpl', TRANSACTION_TIMESTAMP(), 4, 57, 2016302138);
Insert on time_statistics  (cost=0.00..0.01 rows=0 width=0) (actual time=0.008..0.008 rows=0 loops=1)
  ->  Result  (cost=0.00..0.01 rows=1 width=64) (actual time=0.001..0.001 rows=1 loops=1)
INSERT 0 1
with frequent_ss_items as 
 (select substr(i_item_desc,1,30) itemdesc,i_item_sk item_sk,d_date solddate,count(*) cnt
  from store_sales
      ,date_dim 
      ,item
  where ss_sold_date_sk = d_date_sk
    and ss_item_sk = i_item_sk 
    and d_year in (2000,2000+1,2000+2,2000+3)
  group by substr(i_item_desc,1,30),i_item_sk,d_date
  having count(*) >4),
 max_store_sales as
 (select max(csales) tpcds_cmax 
  from (select c_customer_sk,sum(ss_quantity*ss_sales_price) csales
        from store_sales
            ,customer
            ,date_dim 
        where ss_customer_sk = c_customer_sk
         and ss_sold_date_sk = d_date_sk
         and d_year in (2000,2000+1,2000+2,2000+3) 
        group by c_customer_sk) x),
 best_ss_customer as
 (select c_customer_sk,sum(ss_quantity*ss_sales_price) ssales
  from store_sales
      ,customer
  where ss_customer_sk = c_customer_sk
  group by c_customer_sk
  having sum(ss_quantity*ss_sales_price) > (95/100.0) * (select
  *
from
 max_store_sales))
  select  sum(sales)
 from (select cs_quantity*cs_list_price sales
       from catalog_sales
           ,date_dim 
       where d_year = 2000 
         and d_moy = 1 
         and cs_sold_date_sk = d_date_sk 
         and cs_item_sk in (select item_sk from frequent_ss_items)
         and cs_bill_customer_sk in (select c_customer_sk from best_ss_customer)
      union all
      select ws_quantity*ws_list_price sales
       from web_sales 
           ,date_dim 
       where d_year = 2000 
         and d_moy = 1 
         and ws_sold_date_sk = d_date_sk 
         and ws_item_sk in (select item_sk from frequent_ss_items)
         and ws_bill_customer_sk in (select c_customer_sk from best_ss_customer)) y 
 limit 100;
psql:/tmp/s1-basline/throughput/query_4.sql:2879: NOTICE:  duration: 3784.426 ms  plan:
Query Text: with frequent_ss_items as 
 (select substr(i_item_desc,1,30) itemdesc,i_item_sk item_sk,d_date solddate,count(*) cnt
  from store_sales
      ,date_dim 
      ,item
  where ss_sold_date_sk = d_date_sk
    and ss_item_sk = i_item_sk 
    and d_year in (2000,2000+1,2000+2,2000+3)
  group by substr(i_item_desc,1,30),i_item_sk,d_date
  having count(*) >4),
 max_store_sales as
 (select max(csales) tpcds_cmax 
  from (select c_customer_sk,sum(ss_quantity*ss_sales_price) csales
        from store_sales
            ,customer
            ,date_dim 
        where ss_customer_sk = c_customer_sk
         and ss_sold_date_sk = d_date_sk
         and d_year in (2000,2000+1,2000+2,2000+3) 
        group by c_customer_sk) x),
 best_ss_customer as
 (select c_customer_sk,sum(ss_quantity*ss_sales_price) ssales
  from store_sales
      ,customer
  where ss_customer_sk = c_customer_sk
  group by c_customer_sk
  having sum(ss_quantity*ss_sales_price) > (95/100.0) * (select
  *
from
 max_store_sales))
  select  sum(sales)
 from (select cs_quantity*cs_list_price sales
       from catalog_sales
           ,date_dim 
       where d_year = 2000 
         and d_moy = 1 
         and cs_sold_date_sk = d_date_sk 
         and cs_item_sk in (select item_sk from frequent_ss_items)
         and cs_bill_customer_sk in (select c_customer_sk from best_ss_customer)
      union all
      select ws_quantity*ws_list_price sales
       from web_sales 
           ,date_dim 
       where d_year = 2000 
         and d_moy = 1 
         and ws_sold_date_sk = d_date_sk 
         and ws_item_sk in (select item_sk from frequent_ss_items)
         and ws_bill_customer_sk in (select c_customer_sk from best_ss_customer)) y 
 limit 100;
Limit  (cost=348519.78..348519.79 rows=1 width=8) (actual time=3748.528..3784.421 rows=1 loops=1)
  CTE frequent_ss_items
    ->  Finalize HashAggregate  (cost=99086.26..99814.45 rows=18205 width=52) (actual time=1691.862..2376.902 rows=64 loops=1)
          Group Key: (substr((item.i_item_desc)::text, 1, 30)), item.i_item_sk, date_dim_2.d_date
          Filter: (count(*) > 4)
          Batches: 21  Memory Usage: 32825kB  Disk Usage: 101720kB
          Rows Removed by Filter: 1488533
          ->  Gather  (cost=93795.49..98631.14 rows=45512 width=52) (actual time=812.231..1148.250 rows=1595864 loops=1)
                Workers Planned: 2
                Workers Launched: 2
                ->  Partial HashAggregate  (cost=92795.49..93079.94 rows=22756 width=52) (actual time=807.450..1042.486 rows=531955 loops=3)
                      Group Key: substr((item.i_item_desc)::text, 1, 30), item.i_item_sk, date_dim_2.d_date
                      Batches: 5  Memory Usage: 33841kB  Disk Usage: 27424kB
                      Worker 0:  Batches: 5  Memory Usage: 35889kB  Disk Usage: 19736kB
                      Worker 1:  Batches: 5  Memory Usage: 32817kB  Disk Usage: 21256kB
                      ->  Hash Join  (cost=4179.87..92567.93 rows=22756 width=44) (actual time=31.422..602.627 rows=551429 loops=3)
                            Hash Cond: (store_sales.ss_item_sk = item.i_item_sk)
                            ->  Hash Join  (cost=2518.87..90790.30 rows=22756 width=12) (actual time=15.629..311.187 rows=551429 loops=3)
                                  Hash Cond: (store_sales.ss_sold_date_sk = date_dim_2.d_date_sk)
                                  ->  Parallel Seq Scan on store_sales  (cost=0.00..85123.48 rows=1199148 width=16) (actual time=0.011..128.228 rows=959309 loops=3)
                                  ->  Hash  (cost=2500.73..2500.73 rows=1451 width=12) (actual time=15.602..15.603 rows=1461 loops=3)
                                        Buckets: 2048  Batches: 1  Memory Usage: 85kB
                                        ->  Seq Scan on date_dim date_dim_2  (cost=0.00..2500.73 rows=1451 width=12) (actual time=7.441..15.401 rows=1461 loops=3)
                                              Filter: (d_year = ANY ('{2000,2001,2002,2003}'::integer[]))
                                              Rows Removed by Filter: 71588
                            ->  Hash  (cost=1436.00..1436.00 rows=18000 width=110) (actual time=15.676..15.676 rows=18000 loops=3)
                                  Buckets: 32768  Batches: 1  Memory Usage: 2822kB
                                  ->  Seq Scan on item  (cost=0.00..1436.00 rows=18000 width=110) (actual time=0.029..11.798 rows=18000 loops=3)
  CTE best_ss_customer
    ->  Finalize HashAggregate  (cost=228367.88..229867.88 rows=33333 width=16) (actual time=1334.325..1380.740 rows=45 loops=1)
          Group Key: customer_1.c_customer_sk
          Filter: (sum(((store_sales_2.ss_quantity)::double precision * store_sales_2.ss_sales_price)) > ('0.95'::double precision * $3))
          Batches: 1  Memory Usage: 10257kB
          Rows Removed by Filter: 90856
          InitPlan 2 (returns $3)
            ->  Aggregate  (cost=102626.03..102626.04 rows=1 width=8) (actual time=716.717..752.378 rows=1 loops=1)
                  ->  Finalize GroupAggregate  (cost=93437.47..101974.39 rows=52131 width=16) (actual time=462.152..748.795 rows=76465 loops=1)
                        Group Key: customer.c_customer_sk
                        ->  Gather Merge  (cost=93437.47..101235.87 rows=43442 width=16) (actual time=462.144..728.100 rows=114995 loops=1)
                              Workers Planned: 2
                              Workers Launched: 2
                              ->  Partial GroupAggregate  (cost=92437.45..95221.56 rows=21721 width=16) (actual time=454.128..638.378 rows=38332 loops=3)
                                    Group Key: customer.c_customer_sk
                                    ->  Merge Join  (cost=92437.45..94787.14 rows=21721 width=20) (actual time=454.109..588.759 rows=538428 loops=3)
                                          Merge Cond: (store_sales_1.ss_customer_sk = customer.c_customer_sk)
                                          ->  Sort  (cost=92437.14..92494.03 rows=22756 width=20) (actual time=454.046..503.905 rows=538429 loops=3)
                                                Sort Key: store_sales_1.ss_customer_sk
                                                Sort Method: external merge  Disk: 21456kB
                                                Worker 0:  Sort Method: external merge  Disk: 16368kB
                                                Worker 1:  Sort Method: external merge  Disk: 16312kB
                                                ->  Hash Join  (cost=2518.87..90790.30 rows=22756 width=20) (actual time=16.934..321.527 rows=551429 loops=3)
                                                      Hash Cond: (store_sales_1.ss_sold_date_sk = date_dim_3.d_date_sk)
                                                      ->  Parallel Seq Scan on store_sales store_sales_1  (cost=0.00..85123.48 rows=1199148 width=28) (actual time=0.016..124.725 rows=959309 loops=3)
                                                      ->  Hash  (cost=2500.73..2500.73 rows=1451 width=8) (actual time=16.876..16.876 rows=1461 loops=3)
                                                            Buckets: 2048  Batches: 1  Memory Usage: 74kB
                                                            ->  Seq Scan on date_dim date_dim_3  (cost=0.00..2500.73 rows=1451 width=8) (actual time=8.041..16.702 rows=1461 loops=3)
                                                                  Filter: (d_year = ANY ('{2000,2001,2002,2003}'::integer[]))
                                                                  Rows Removed by Filter: 71588
                                          ->  Index Only Scan using pk_customer on customer  (cost=0.29..1774.19 rows=100000 width=8) (actual time=0.055..9.800 rows=99997 loops=3)
                                                Heap Fetches: 0
          ->  Gather  (cost=103741.83..124741.83 rows=200000 width=16) (actual time=562.622..583.460 rows=166136 loops=1)
                Workers Planned: 2
                Workers Launched: 2
                ->  Partial HashAggregate  (cost=102741.83..103741.83 rows=100000 width=16) (actual time=557.276..568.889 rows=55379 loops=3)
                      Group Key: customer_1.c_customer_sk
                      Batches: 1  Memory Usage: 8209kB
                      Worker 0:  Batches: 1  Memory Usage: 8209kB
                      Worker 1:  Batches: 1  Memory Usage: 8209kB
                      ->  Hash Join  (cost=3024.19..91295.56 rows=1144627 width=20) (actual time=22.833..410.682 rows=916143 loops=3)
                            Hash Cond: (store_sales_2.ss_customer_sk = customer_1.c_customer_sk)
                            ->  Parallel Seq Scan on store_sales store_sales_2  (cost=0.00..85123.48 rows=1199148 width=20) (actual time=0.015..131.623 rows=959309 loops=3)
                            ->  Hash  (cost=1774.19..1774.19 rows=100000 width=8) (actual time=22.406..22.407 rows=100000 loops=3)
                                  Buckets: 131072  Batches: 1  Memory Usage: 4931kB
                                  ->  Index Only Scan using pk_customer on customer customer_1  (cost=0.29..1774.19 rows=100000 width=8) (actual time=0.062..10.374 rows=100000 loops=3)
                                        Heap Fetches: 0
  ->  Aggregate  (cost=18837.45..18837.46 rows=1 width=8) (actual time=3748.527..3748.532 rows=1 loops=1)
        ->  Append  (cost=1169.03..18836.88 rows=227 width=8) (actual time=3748.525..3748.530 rows=0 loops=1)
              ->  Hash Join  (cost=1169.03..5372.82 rows=151 width=8) (actual time=3736.997..3737.000 rows=0 loops=1)
                    Hash Cond: (catalog_sales.cs_item_sk = frequent_ss_items.item_sk)
                    ->  Hash Join  (cost=754.92..4955.48 rows=302 width=20) (actual time=1360.128..1360.130 rows=0 loops=1)
                          Hash Cond: (catalog_sales.cs_bill_customer_sk = best_ss_customer.c_customer_sk)
                          ->  Nested Loop  (cost=0.43..4196.04 rows=607 width=28) (actual time=4.480..14.187 rows=14257 loops=1)
                                ->  Seq Scan on date_dim  (cost=0.00..2500.73 rows=31 width=8) (actual time=4.456..8.992 rows=31 loops=1)
                                      Filter: ((d_year = 2000) AND (d_moy = 1))
                                      Rows Removed by Filter: 73018
                                ->  Index Scan using i_cs_sold_date_sk on catalog_sales  (cost=0.43..46.87 rows=782 width=36) (actual time=0.004..0.080 rows=460 loops=31)
                                      Index Cond: (cs_sold_date_sk = date_dim.d_date_sk)
                          ->  Hash  (cost=751.99..751.99 rows=200 width=8) (actual time=1345.044..1345.044 rows=45 loops=1)
                                Buckets: 1024  Batches: 1  Memory Usage: 10kB
                                ->  HashAggregate  (cost=749.99..751.99 rows=200 width=8) (actual time=1345.030..1345.035 rows=45 loops=1)
                                      Group Key: best_ss_customer.c_customer_sk
                                      Batches: 1  Memory Usage: 40kB
                                      ->  CTE Scan on best_ss_customer  (cost=0.00..666.66 rows=33333 width=8) (actual time=1334.328..1345.015 rows=45 loops=1)
                    ->  Hash  (cost=411.61..411.61 rows=200 width=8) (actual time=2376.865..2376.866 rows=64 loops=1)
                          Buckets: 1024  Batches: 1  Memory Usage: 11kB
                          ->  HashAggregate  (cost=409.61..411.61 rows=200 width=8) (actual time=2376.843..2376.852 rows=64 loops=1)
                                Group Key: frequent_ss_items.item_sk
                                Batches: 1  Memory Usage: 40kB
                                ->  CTE Scan on frequent_ss_items  (cost=0.00..364.10 rows=18205 width=8) (actual time=1691.865..2376.804 rows=64 loops=1)
              ->  Hash Join  (cost=3665.65..13460.65 rows=76 width=8) (actual time=11.525..11.527 rows=0 loops=1)
                    Hash Cond: (web_sales.ws_bill_customer_sk = best_ss_customer_1.c_customer_sk)
                    ->  Hash Join  (cost=2911.16..12704.54 rows=152 width=20) (actual time=7.695..11.487 rows=35 loops=1)
                          Hash Cond: (web_sales.ws_sold_date_sk = date_dim_1.d_date_sk)
                          ->  Nested Loop  (cost=410.04..9259.05 rows=359737 width=28) (actual time=0.036..3.710 rows=2923 loops=1)
                                ->  HashAggregate  (cost=409.61..411.61 rows=200 width=8) (actual time=0.022..0.031 rows=64 loops=1)
                                      Group Key: frequent_ss_items_1.item_sk
                                      Batches: 1  Memory Usage: 40kB
                                      ->  CTE Scan on frequent_ss_items frequent_ss_items_1  (cost=0.00..364.10 rows=18205 width=8) (actual time=0.001..0.007 rows=64 loops=1)
                                ->  Index Scan using pk_web_sales on web_sales  (cost=0.42..43.80 rows=44 width=36) (actual time=0.005..0.051 rows=46 loops=64)
                                      Index Cond: (ws_item_sk = frequent_ss_items_1.item_sk)
                          ->  Hash  (cost=2500.73..2500.73 rows=31 width=8) (actual time=7.580..7.580 rows=31 loops=1)
                                Buckets: 1024  Batches: 1  Memory Usage: 10kB
                                ->  Seq Scan on date_dim date_dim_1  (cost=0.00..2500.73 rows=31 width=8) (actual time=4.120..7.575 rows=31 loops=1)
                                      Filter: ((d_year = 2000) AND (d_moy = 1))
                                      Rows Removed by Filter: 73018
                    ->  Hash  (cost=751.99..751.99 rows=200 width=8) (actual time=0.026..0.027 rows=45 loops=1)
                          Buckets: 1024  Batches: 1  Memory Usage: 10kB
                          ->  HashAggregate  (cost=749.99..751.99 rows=200 width=8) (actual time=0.016..0.021 rows=45 loops=1)
                                Group Key: best_ss_customer_1.c_customer_sk
                                Batches: 1  Memory Usage: 40kB
                                ->  CTE Scan on best_ss_customer best_ss_customer_1  (cost=0.00..666.66 rows=33333 width=8) (actual time=0.001..0.005 rows=45 loops=1)
 sum 
-----
    
(1 row)

with frequent_ss_items as
 (select substr(i_item_desc,1,30) itemdesc,i_item_sk item_sk,d_date solddate,count(*) cnt
  from store_sales
      ,date_dim
      ,item
  where ss_sold_date_sk = d_date_sk
    and ss_item_sk = i_item_sk
    and d_year in (2000,2000 + 1,2000 + 2,2000 + 3)
  group by substr(i_item_desc,1,30),i_item_sk,d_date
  having count(*) >4),
 max_store_sales as
 (select max(csales) tpcds_cmax
  from (select c_customer_sk,sum(ss_quantity*ss_sales_price) csales
        from store_sales
            ,customer
            ,date_dim 
        where ss_customer_sk = c_customer_sk
         and ss_sold_date_sk = d_date_sk
         and d_year in (2000,2000+1,2000+2,2000+3)
        group by c_customer_sk) x),
 best_ss_customer as
 (select c_customer_sk,sum(ss_quantity*ss_sales_price) ssales
  from store_sales
      ,customer
  where ss_customer_sk = c_customer_sk
  group by c_customer_sk
  having sum(ss_quantity*ss_sales_price) > (95/100.0) * (select
  *
 from max_store_sales))
  select  c_last_name,c_first_name,sales
 from (select c_last_name,c_first_name,sum(cs_quantity*cs_list_price) sales
        from catalog_sales
            ,customer
            ,date_dim 
        where d_year = 2000 
         and d_moy = 1 
         and cs_sold_date_sk = d_date_sk 
         and cs_item_sk in (select item_sk from frequent_ss_items)
         and cs_bill_customer_sk in (select c_customer_sk from best_ss_customer)
         and cs_bill_customer_sk = c_customer_sk 
       group by c_last_name,c_first_name
      union all
      select c_last_name,c_first_name,sum(ws_quantity*ws_list_price) sales
       from web_sales
           ,customer
           ,date_dim 
       where d_year = 2000 
         and d_moy = 1 
         and ws_sold_date_sk = d_date_sk 
         and ws_item_sk in (select item_sk from frequent_ss_items)
         and ws_bill_customer_sk in (select c_customer_sk from best_ss_customer)
         and ws_bill_customer_sk = c_customer_sk
       group by c_last_name,c_first_name) y 
     order by c_last_name,c_first_name,sales
  limit 100;
psql:/tmp/s1-basline/throughput/query_4.sql:2934: NOTICE:  duration: 3775.811 ms  plan:
Query Text: with frequent_ss_items as
 (select substr(i_item_desc,1,30) itemdesc,i_item_sk item_sk,d_date solddate,count(*) cnt
  from store_sales
      ,date_dim
      ,item
  where ss_sold_date_sk = d_date_sk
    and ss_item_sk = i_item_sk
    and d_year in (2000,2000 + 1,2000 + 2,2000 + 3)
  group by substr(i_item_desc,1,30),i_item_sk,d_date
  having count(*) >4),
 max_store_sales as
 (select max(csales) tpcds_cmax
  from (select c_customer_sk,sum(ss_quantity*ss_sales_price) csales
        from store_sales
            ,customer
            ,date_dim 
        where ss_customer_sk = c_customer_sk
         and ss_sold_date_sk = d_date_sk
         and d_year in (2000,2000+1,2000+2,2000+3)
        group by c_customer_sk) x),
 best_ss_customer as
 (select c_customer_sk,sum(ss_quantity*ss_sales_price) ssales
  from store_sales
      ,customer
  where ss_customer_sk = c_customer_sk
  group by c_customer_sk
  having sum(ss_quantity*ss_sales_price) > (95/100.0) * (select
  *
 from max_store_sales))
  select  c_last_name,c_first_name,sales
 from (select c_last_name,c_first_name,sum(cs_quantity*cs_list_price) sales
        from catalog_sales
            ,customer
            ,date_dim 
        where d_year = 2000 
         and d_moy = 1 
         and cs_sold_date_sk = d_date_sk 
         and cs_item_sk in (select item_sk from frequent_ss_items)
         and cs_bill_customer_sk in (select c_customer_sk from best_ss_customer)
         and cs_bill_customer_sk = c_customer_sk 
       group by c_last_name,c_first_name
      union all
      select c_last_name,c_first_name,sum(ws_quantity*ws_list_price) sales
       from web_sales
           ,customer
           ,date_dim 
       where d_year = 2000 
         and d_moy = 1 
         and ws_sold_date_sk = d_date_sk 
         and ws_item_sk in (select item_sk from frequent_ss_items)
         and ws_bill_customer_sk in (select c_customer_sk from best_ss_customer)
         and ws_bill_customer_sk = c_customer_sk
       group by c_last_name,c_first_name) y 
     order by c_last_name,c_first_name,sales
  limit 100;
Limit  (cost=348611.31..348611.56 rows=100 width=60) (actual time=3739.920..3775.808 rows=0 loops=1)
  CTE frequent_ss_items
    ->  Finalize HashAggregate  (cost=99086.26..99814.45 rows=18205 width=52) (actual time=1687.284..2370.506 rows=64 loops=1)
          Group Key: (substr((item.i_item_desc)::text, 1, 30)), item.i_item_sk, date_dim_2.d_date
          Filter: (count(*) > 4)
          Batches: 21  Memory Usage: 32825kB  Disk Usage: 101608kB
          Rows Removed by Filter: 1488533
          ->  Gather  (cost=93795.49..98631.14 rows=45512 width=52) (actual time=808.457..1139.997 rows=1595673 loops=1)
                Workers Planned: 2
                Workers Launched: 2
                ->  Partial HashAggregate  (cost=92795.49..93079.94 rows=22756 width=52) (actual time=803.684..1035.664 rows=531891 loops=3)
                      Group Key: substr((item.i_item_desc)::text, 1, 30), item.i_item_sk, date_dim_2.d_date
                      Batches: 5  Memory Usage: 34865kB  Disk Usage: 25384kB
                      Worker 0:  Batches: 5  Memory Usage: 34865kB  Disk Usage: 19864kB
                      Worker 1:  Batches: 5  Memory Usage: 34865kB  Disk Usage: 19904kB
                      ->  Hash Join  (cost=4179.87..92567.93 rows=22756 width=44) (actual time=31.502..599.722 rows=551429 loops=3)
                            Hash Cond: (store_sales.ss_item_sk = item.i_item_sk)
                            ->  Hash Join  (cost=2518.87..90790.30 rows=22756 width=12) (actual time=15.582..309.473 rows=551429 loops=3)
                                  Hash Cond: (store_sales.ss_sold_date_sk = date_dim_2.d_date_sk)
                                  ->  Parallel Seq Scan on store_sales  (cost=0.00..85123.48 rows=1199148 width=16) (actual time=0.011..129.166 rows=959309 loops=3)
                                  ->  Hash  (cost=2500.73..2500.73 rows=1451 width=12) (actual time=15.553..15.554 rows=1461 loops=3)
                                        Buckets: 2048  Batches: 1  Memory Usage: 85kB
                                        ->  Seq Scan on date_dim date_dim_2  (cost=0.00..2500.73 rows=1451 width=12) (actual time=7.478..15.349 rows=1461 loops=3)
                                              Filter: (d_year = ANY ('{2000,2001,2002,2003}'::integer[]))
                                              Rows Removed by Filter: 71588
                            ->  Hash  (cost=1436.00..1436.00 rows=18000 width=110) (actual time=15.804..15.805 rows=18000 loops=3)
                                  Buckets: 32768  Batches: 1  Memory Usage: 2822kB
                                  ->  Seq Scan on item  (cost=0.00..1436.00 rows=18000 width=110) (actual time=0.030..11.946 rows=18000 loops=3)
  CTE best_ss_customer
    ->  Finalize HashAggregate  (cost=228367.88..229867.88 rows=33333 width=16) (actual time=1332.082..1378.635 rows=45 loops=1)
          Group Key: customer_3.c_customer_sk
          Filter: (sum(((store_sales_2.ss_quantity)::double precision * store_sales_2.ss_sales_price)) > ('0.95'::double precision * $3))
          Batches: 1  Memory Usage: 10257kB
          Rows Removed by Filter: 90856
          InitPlan 2 (returns $3)
            ->  Aggregate  (cost=102626.03..102626.04 rows=1 width=8) (actual time=718.838..754.465 rows=1 loops=1)
                  ->  Finalize GroupAggregate  (cost=93437.47..101974.39 rows=52131 width=16) (actual time=463.921..750.938 rows=76465 loops=1)
                        Group Key: customer_2.c_customer_sk
                        ->  Gather Merge  (cost=93437.47..101235.87 rows=43442 width=16) (actual time=463.910..729.874 rows=115150 loops=1)
                              Workers Planned: 2
                              Workers Launched: 2
                              ->  Partial GroupAggregate  (cost=92437.45..95221.56 rows=21721 width=16) (actual time=455.536..639.509 rows=38383 loops=3)
                                    Group Key: customer_2.c_customer_sk
                                    ->  Merge Join  (cost=92437.45..94787.14 rows=21721 width=20) (actual time=455.518..590.157 rows=538428 loops=3)
                                          Merge Cond: (store_sales_1.ss_customer_sk = customer_2.c_customer_sk)
                                          ->  Sort  (cost=92437.14..92494.03 rows=22756 width=20) (actual time=455.461..505.339 rows=538429 loops=3)
                                                Sort Key: store_sales_1.ss_customer_sk
                                                Sort Method: external merge  Disk: 21576kB
                                                Worker 0:  Sort Method: external merge  Disk: 16088kB
                                                Worker 1:  Sort Method: external merge  Disk: 16464kB
                                                ->  Hash Join  (cost=2518.87..90790.30 rows=22756 width=20) (actual time=16.932..322.420 rows=551429 loops=3)
                                                      Hash Cond: (store_sales_1.ss_sold_date_sk = date_dim_3.d_date_sk)
                                                      ->  Parallel Seq Scan on store_sales store_sales_1  (cost=0.00..85123.48 rows=1199148 width=28) (actual time=0.016..125.129 rows=959309 loops=3)
                                                      ->  Hash  (cost=2500.73..2500.73 rows=1451 width=8) (actual time=16.874..16.874 rows=1461 loops=3)
                                                            Buckets: 2048  Batches: 1  Memory Usage: 74kB
                                                            ->  Seq Scan on date_dim date_dim_3  (cost=0.00..2500.73 rows=1451 width=8) (actual time=8.142..16.699 rows=1461 loops=3)
                                                                  Filter: (d_year = ANY ('{2000,2001,2002,2003}'::integer[]))
                                                                  Rows Removed by Filter: 71588
                                          ->  Index Only Scan using pk_customer on customer customer_2  (cost=0.29..1774.19 rows=100000 width=8) (actual time=0.051..9.758 rows=99997 loops=3)
                                                Heap Fetches: 0
          ->  Gather  (cost=103741.83..124741.83 rows=200000 width=16) (actual time=558.514..579.525 rows=165977 loops=1)
                Workers Planned: 2
                Workers Launched: 2
                ->  Partial HashAggregate  (cost=102741.83..103741.83 rows=100000 width=16) (actual time=553.185..564.803 rows=55326 loops=3)
                      Group Key: customer_3.c_customer_sk
                      Batches: 1  Memory Usage: 8209kB
                      Worker 0:  Batches: 1  Memory Usage: 8209kB
                      Worker 1:  Batches: 1  Memory Usage: 8209kB
                      ->  Hash Join  (cost=3024.19..91295.56 rows=1144627 width=20) (actual time=22.907..409.289 rows=916143 loops=3)
                            Hash Cond: (store_sales_2.ss_customer_sk = customer_3.c_customer_sk)
                            ->  Parallel Seq Scan on store_sales store_sales_2  (cost=0.00..85123.48 rows=1199148 width=20) (actual time=0.014..131.903 rows=959309 loops=3)
                            ->  Hash  (cost=1774.19..1774.19 rows=100000 width=8) (actual time=22.498..22.498 rows=100000 loops=3)
                                  Buckets: 131072  Batches: 1  Memory Usage: 4931kB
                                  ->  Index Only Scan using pk_customer on customer customer_3  (cost=0.29..1774.19 rows=100000 width=8) (actual time=0.061..10.403 rows=100000 loops=3)
                                        Heap Fetches: 0
  ->  Sort  (cost=18928.98..18929.54 rows=226 width=60) (actual time=3739.919..3739.927 rows=0 loops=1)
        Sort Key: customer.c_last_name, customer.c_first_name, (sum(((catalog_sales.cs_quantity)::double precision * catalog_sales.cs_list_price)))
        Sort Method: quicksort  Memory: 25kB
        ->  Append  (cost=5424.69..18920.34 rows=226 width=60) (actual time=3739.915..3739.922 rows=0 loops=1)
              ->  GroupAggregate  (cost=5424.69..5428.44 rows=150 width=60) (actual time=3728.289..3728.294 rows=0 loops=1)
                    Group Key: customer.c_last_name, customer.c_first_name
                    ->  Sort  (cost=5424.69..5425.07 rows=150 width=64) (actual time=3728.288..3728.292 rows=0 loops=1)
                          Sort Key: customer.c_last_name, customer.c_first_name
                          Sort Method: quicksort  Memory: 25kB
                          ->  Nested Loop  (cost=1169.33..5419.27 rows=150 width=64) (actual time=3728.284..3728.288 rows=0 loops=1)
                                ->  Hash Join  (cost=1169.03..5372.07 rows=151 width=28) (actual time=3728.284..3728.287 rows=0 loops=1)
                                      Hash Cond: (catalog_sales.cs_item_sk = frequent_ss_items.item_sk)
                                      ->  Hash Join  (cost=754.92..4955.48 rows=302 width=36) (actual time=1357.826..1357.829 rows=0 loops=1)
                                            Hash Cond: (catalog_sales.cs_bill_customer_sk = best_ss_customer.c_customer_sk)
                                            ->  Nested Loop  (cost=0.43..4196.04 rows=607 width=28) (actual time=4.339..13.952 rows=14257 loops=1)
                                                  ->  Seq Scan on date_dim  (cost=0.00..2500.73 rows=31 width=8) (actual time=4.315..8.715 rows=31 loops=1)
                                                        Filter: ((d_year = 2000) AND (d_moy = 1))
                                                        Rows Removed by Filter: 73018
                                                  ->  Index Scan using i_cs_sold_date_sk on catalog_sales  (cost=0.43..46.87 rows=782 width=36) (actual time=0.004..0.080 rows=460 loops=31)
                                                        Index Cond: (cs_sold_date_sk = date_dim.d_date_sk)
                                            ->  Hash  (cost=751.99..751.99 rows=200 width=8) (actual time=1342.971..1342.973 rows=45 loops=1)
                                                  Buckets: 1024  Batches: 1  Memory Usage: 10kB
                                                  ->  HashAggregate  (cost=749.99..751.99 rows=200 width=8) (actual time=1342.956..1342.961 rows=45 loops=1)
                                                        Group Key: best_ss_customer.c_customer_sk
                                                        Batches: 1  Memory Usage: 40kB
                                                        ->  CTE Scan on best_ss_customer  (cost=0.00..666.66 rows=33333 width=8) (actual time=1332.085..1342.940 rows=45 loops=1)
                                      ->  Hash  (cost=411.61..411.61 rows=200 width=8) (actual time=2370.454..2370.455 rows=64 loops=1)
                                            Buckets: 1024  Batches: 1  Memory Usage: 11kB
                                            ->  HashAggregate  (cost=409.61..411.61 rows=200 width=8) (actual time=2370.432..2370.441 rows=64 loops=1)
                                                  Group Key: frequent_ss_items.item_sk
                                                  Batches: 1  Memory Usage: 40kB
                                                  ->  CTE Scan on frequent_ss_items  (cost=0.00..364.10 rows=18205 width=8) (actual time=1687.287..2370.391 rows=64 loops=1)
                                ->  Index Scan using pk_customer on customer  (cost=0.29..0.31 rows=1 width=60) (never executed)
                                      Index Cond: (c_customer_sk = catalog_sales.cs_bill_customer_sk)
              ->  GroupAggregate  (cost=13486.60..13488.50 rows=76 width=60) (actual time=11.623..11.625 rows=0 loops=1)
                    Group Key: customer_1.c_last_name, customer_1.c_first_name
                    ->  Sort  (cost=13486.60..13486.79 rows=76 width=64) (actual time=11.622..11.624 rows=0 loops=1)
                          Sort Key: customer_1.c_last_name, customer_1.c_first_name
                          Sort Method: quicksort  Memory: 25kB
                          ->  Nested Loop  (cost=3665.94..13484.23 rows=76 width=64) (actual time=11.611..11.614 rows=0 loops=1)
                                ->  Hash Join  (cost=3665.65..13460.27 rows=76 width=28) (actual time=11.611..11.613 rows=0 loops=1)
                                      Hash Cond: (web_sales.ws_bill_customer_sk = best_ss_customer_1.c_customer_sk)
                                      ->  Hash Join  (cost=2911.16..12704.54 rows=152 width=20) (actual time=7.746..11.566 rows=35 loops=1)
                                            Hash Cond: (web_sales.ws_sold_date_sk = date_dim_1.d_date_sk)
                                            ->  Nested Loop  (cost=410.04..9259.05 rows=359737 width=28) (actual time=0.037..3.747 rows=2923 loops=1)
                                                  ->  HashAggregate  (cost=409.61..411.61 rows=200 width=8) (actual time=0.022..0.032 rows=64 loops=1)
                                                        Group Key: frequent_ss_items_1.item_sk
                                                        Batches: 1  Memory Usage: 40kB
                                                        ->  CTE Scan on frequent_ss_items frequent_ss_items_1  (cost=0.00..364.10 rows=18205 width=8) (actual time=0.001..0.008 rows=64 loops=1)
                                                  ->  Index Scan using pk_web_sales on web_sales  (cost=0.42..43.80 rows=44 width=36) (actual time=0.005..0.051 rows=46 loops=64)
                                                        Index Cond: (ws_item_sk = frequent_ss_items_1.item_sk)
                                            ->  Hash  (cost=2500.73..2500.73 rows=31 width=8) (actual time=7.618..7.618 rows=31 loops=1)
                                                  Buckets: 1024  Batches: 1  Memory Usage: 10kB
                                                  ->  Seq Scan on date_dim date_dim_1  (cost=0.00..2500.73 rows=31 width=8) (actual time=4.163..7.614 rows=31 loops=1)
                                                        Filter: ((d_year = 2000) AND (d_moy = 1))
                                                        Rows Removed by Filter: 73018
                                      ->  Hash  (cost=751.99..751.99 rows=200 width=8) (actual time=0.026..0.027 rows=45 loops=1)
                                            Buckets: 1024  Batches: 1  Memory Usage: 10kB
                                            ->  HashAggregate  (cost=749.99..751.99 rows=200 width=8) (actual time=0.016..0.021 rows=45 loops=1)
                                                  Group Key: best_ss_customer_1.c_customer_sk
                                                  Batches: 1  Memory Usage: 40kB
                                                  ->  CTE Scan on best_ss_customer best_ss_customer_1  (cost=0.00..666.66 rows=33333 width=8) (actual time=0.001..0.005 rows=45 loops=1)
                                ->  Index Scan using pk_customer on customer customer_1  (cost=0.29..0.32 rows=1 width=60) (never executed)
                                      Index Cond: (c_customer_sk = web_sales.ws_bill_customer_sk)
 c_last_name | c_first_name | sales 
-------------+--------------+-------
(0 rows)

UPDATE time_statistics SET e_time = TRANSACTION_TIMESTAMP() WHERE template = '../query_postgresql/query23.tpl' AND stream = 4;
psql:/tmp/s1-basline/throughput/query_4.sql:2936: NOTICE:  duration: 0.055 ms  plan:
Query Text: UPDATE time_statistics SET e_time = TRANSACTION_TIMESTAMP() WHERE template = '../query_postgresql/query23.tpl' AND stream = 4;
Update on time_statistics  (cost=0.00..5.22 rows=0 width=0) (actual time=0.054..0.054 rows=0 loops=1)
  ->  Seq Scan on time_statistics  (cost=0.00..5.22 rows=1 width=14) (actual time=0.029..0.037 rows=1 loops=1)
        Filter: ((template = '../query_postgresql/query23.tpl'::text) AND (stream = 4))
        Rows Removed by Filter: 156
UPDATE 1
LOAD 'auto_explain'; SET auto_explain.log_min_duration TO 0; SET auto_explain.log_analyze TO on; SET auto_explain.log_level TO notice; INSERT INTO time_statistics (template, s_time, stream, query, seed) VALUES ('query7.tpl', TRANSACTION_TIMESTAMP(), 4, 58, 1269662877);
LOAD
SET
SET
SET
psql:/tmp/s1-basline/throughput/query_4.sql:2937: NOTICE:  duration: 0.009 ms  plan:
Query Text: INSERT INTO time_statistics (template, s_time, stream, query, seed) VALUES ('query7.tpl', TRANSACTION_TIMESTAMP(), 4, 58, 1269662877);
Insert on time_statistics  (cost=0.00..0.01 rows=0 width=0) (actual time=0.008..0.008 rows=0 loops=1)
  ->  Result  (cost=0.00..0.01 rows=1 width=64) (actual time=0.002..0.002 rows=1 loops=1)
INSERT 0 1
select  i_item_id, 
        avg(ss_quantity) agg1,
        avg(ss_list_price) agg2,
        avg(ss_coupon_amt) agg3,
        avg(ss_sales_price) agg4 
 from store_sales, customer_demographics, date_dim, item, promotion
 where ss_sold_date_sk = d_date_sk and
       ss_item_sk = i_item_sk and
       ss_cdemo_sk = cd_demo_sk and
       ss_promo_sk = p_promo_sk and
       cd_gender = 'F' and 
       cd_marital_status = 'D' and
       cd_education_status = '4 yr Degree' and
       (p_channel_email = 'N' or p_channel_event = 'N') and
       d_year = 1999 
 group by i_item_id
 order by i_item_id
 limit 100;
psql:/tmp/s1-basline/throughput/query_4.sql:2955: NOTICE:  duration: 1011.028 ms  plan:
Query Text: select  i_item_id, 
        avg(ss_quantity) agg1,
        avg(ss_list_price) agg2,
        avg(ss_coupon_amt) agg3,
        avg(ss_sales_price) agg4 
 from store_sales, customer_demographics, date_dim, item, promotion
 where ss_sold_date_sk = d_date_sk and
       ss_item_sk = i_item_sk and
       ss_cdemo_sk = cd_demo_sk and
       ss_promo_sk = p_promo_sk and
       cd_gender = 'F' and 
       cd_marital_status = 'D' and
       cd_education_status = '4 yr Degree' and
       (p_channel_email = 'N' or p_channel_event = 'N') and
       d_year = 1999 
 group by i_item_id
 order by i_item_id
 limit 100;
Limit  (cost=3323.51..82682.53 rows=100 width=73) (actual time=677.374..1010.950 rows=100 loops=1)
  ->  GroupAggregate  (cost=3323.51..143788.97 rows=177 width=73) (actual time=677.373..1010.938 rows=100 loops=1)
        Group Key: item.i_item_id
        ->  Nested Loop  (cost=3323.51..143783.22 rows=177 width=45) (actual time=675.790..1010.791 rows=141 loops=1)
              Join Filter: (store_sales.ss_item_sk = item.i_item_sk)
              Rows Removed by Join Filter: 3394533
              ->  Index Scan using i_i_item_id on item  (cost=0.29..1714.59 rows=18000 width=25) (actual time=0.008..0.344 rows=469 loops=1)
              ->  Materialize  (cost=3323.22..94279.08 rows=177 width=36) (actual time=0.020..1.695 rows=7238 loops=469)
                    ->  Nested Loop  (cost=3323.22..94278.19 rows=177 width=36) (actual time=9.393..671.940 rows=7253 loops=1)
                          ->  Gather  (cost=3323.08..94246.59 rows=186 width=44) (actual time=9.387..663.062 rows=7388 loops=1)
                                Workers Planned: 2
                                Workers Launched: 2
                                ->  Nested Loop  (cost=2323.08..93227.99 rows=78 width=44) (actual time=19.847..665.561 rows=2463 loops=3)
                                      ->  Hash Join  (cost=2322.65..90594.07 rows=5693 width=52) (actual time=14.636..286.869 rows=184263 loops=3)
                                            Hash Cond: (store_sales.ss_sold_date_sk = date_dim.d_date_sk)
                                            ->  Parallel Seq Scan on store_sales  (cost=0.00..85123.48 rows=1199148 width=60) (actual time=0.014..122.334 rows=959309 loops=3)
                                            ->  Hash  (cost=2318.11..2318.11 rows=363 width=8) (actual time=14.499..14.500 rows=365 loops=3)
                                                  Buckets: 1024  Batches: 1  Memory Usage: 23kB
                                                  ->  Seq Scan on date_dim  (cost=0.00..2318.11 rows=363 width=8) (actual time=6.950..14.454 rows=365 loops=3)
                                                        Filter: (d_year = 1999)
                                                        Rows Removed by Filter: 72684
                                      ->  Index Scan using pk_customer_demographics on customer_demographics  (cost=0.43..0.46 rows=1 width=8) (actual time=0.002..0.002 rows=0 loops=552788)
                                            Index Cond: (cd_demo_sk = store_sales.ss_cdemo_sk)
                                            Filter: ((cd_gender = 'F'::bpchar) AND (cd_marital_status = 'D'::bpchar) AND (cd_education_status = '4 yr Degree'::bpchar))
                                            Rows Removed by Filter: 1
                          ->  Index Scan using pk_promotion on promotion  (cost=0.15..0.17 rows=1 width=8) (actual time=0.001..0.001 rows=1 loops=7388)
                                Index Cond: (p_promo_sk = store_sales.ss_promo_sk)
                                Filter: ((p_channel_email = 'N'::bpchar) OR (p_channel_event = 'N'::bpchar))
                                Rows Removed by Filter: 0
    i_item_id     |          agg1          |        agg2        |        agg3        |        agg4        
------------------+------------------------+--------------------+--------------------+--------------------
 AAAAAAAAAAACAAAA |    38.0000000000000000 |              22.78 |              24.89 |               3.64
 AAAAAAAAAAAEAAAA |    57.5000000000000000 |              46.72 |                  0 | 14.790000000000001
 AAAAAAAAAABAAAAA |    23.0000000000000000 |              27.08 |                  0 |              22.47
 AAAAAAAAAABBAAAA |    39.5000000000000000 |              80.11 |                  0 |              52.05
 AAAAAAAAAABEAAAA |    52.0000000000000000 |               8.85 |                  0 |               2.03
 AAAAAAAAAACCAAAA |    97.0000000000000000 |              27.22 |                  0 |               6.26
 AAAAAAAAAADBAAAA |     9.0000000000000000 |              77.24 |                  0 |              11.58
 AAAAAAAAAADCAAAA |    34.0000000000000000 |             34.125 |                  0 |              11.33
 AAAAAAAAAADEAAAA |    94.0000000000000000 |              93.02 |                  0 |              90.22
 AAAAAAAAAAEDAAAA |    61.0000000000000000 |              91.74 |             356.05 |              66.84
 AAAAAAAAAAFAAAAA |    26.0000000000000000 |              12.68 |                  0 |              10.39
 AAAAAAAAAAFDAAAA |    66.0000000000000000 |              29.26 |                  0 |              14.92
 AAAAAAAAAAGBAAAA |    56.3333333333333333 |  94.71666666666665 | 1530.4133333333332 |  60.35999999999999
 AAAAAAAAAAGCAAAA |    36.0000000000000000 |              19.07 |                  0 | 6.1450000000000005
 AAAAAAAAAAGEAAAA |    97.0000000000000000 |              53.12 |                  0 |              22.31
 AAAAAAAAAAIAAAAA |    83.0000000000000000 |             153.38 |                  0 |               3.06
 AAAAAAAAAAICAAAA |     5.0000000000000000 |              13.93 |                  0 |               5.01
 AAAAAAAAAAJBAAAA |    38.0000000000000000 |             157.31 |                  0 |               58.2
 AAAAAAAAAAJCAAAA |    13.5000000000000000 |            101.595 |                  0 | 19.630000000000003
 AAAAAAAAAAKAAAAA |    50.0000000000000000 |             106.05 |               9.54 |              19.08
 AAAAAAAAAAKBAAAA |    26.0000000000000000 |              44.12 |             408.96 |              18.08
 AAAAAAAAAAKDAAAA |    10.5000000000000000 |             45.535 |                  0 |              32.93
 AAAAAAAAAALDAAAA |    30.0000000000000000 |             115.08 |                  0 |              88.61
 AAAAAAAAAAMBAAAA |    79.5000000000000000 |             128.41 |                  0 |              70.14
 AAAAAAAAAAMCAAAA |    45.0000000000000000 |              48.03 |              78.62 |               1.92
 AAAAAAAAAANAAAAA |    45.3333333333333333 |  83.66333333333334 |  320.0733333333333 |              79.98
 AAAAAAAAAANBAAAA |    68.0000000000000000 |               48.3 |                  0 |              17.87
 AAAAAAAAABABAAAA |    66.0000000000000000 |              74.56 |                  0 |              26.84
 AAAAAAAAABADAAAA |    98.0000000000000000 |              16.61 |                  0 |              14.45
 AAAAAAAAABAEAAAA |    76.0000000000000000 |             142.99 |                  0 |             112.96
 AAAAAAAAABBDAAAA |    85.0000000000000000 |              23.64 |                  0 |              22.93
 AAAAAAAAABCEAAAA |    55.0000000000000000 |              33.84 |                  0 |              10.82
 AAAAAAAAABDBAAAA |     3.0000000000000000 |             138.64 |                  0 |              47.13
 AAAAAAAAABDDAAAA |    25.0000000000000000 |             18.105 |              46.58 |              3.365
 AAAAAAAAABEAAAAA |    40.0000000000000000 |              90.83 |                  0 |               9.99
 AAAAAAAAABECAAAA |    51.0000000000000000 |               7.33 |                  0 |               0.95
 AAAAAAAAABEDAAAA |    63.0000000000000000 |              85.06 |             764.01 |              39.12
 AAAAAAAAABFCAAAA |    25.0000000000000000 |             176.71 |             862.57 |               37.1
 AAAAAAAAABFEAAAA |    39.3333333333333333 | 30.566666666666666 |  87.41333333333334 |  18.62333333333333
 AAAAAAAAABGAAAAA |    24.0000000000000000 |             107.47 |                  0 |              70.93
 AAAAAAAAABGBAAAA | 1.00000000000000000000 |              45.93 |                  0 |              38.12
 AAAAAAAAABGEAAAA |    56.3333333333333333 |  29.22666666666667 |                  0 | 18.706666666666667
 AAAAAAAAABHAAAAA |    40.0000000000000000 |              21.17 |                  0 |               3.17
 AAAAAAAAABHCAAAA |    56.5000000000000000 | 37.925000000000004 |                  0 |             26.375
 AAAAAAAAABHDAAAA |    76.0000000000000000 |              77.49 |                  0 |              64.31
 AAAAAAAAABJDAAAA |    22.0000000000000000 |              95.02 |             330.42 |              29.45
 AAAAAAAAABKAAAAA |    14.0000000000000000 |              74.49 |                  0 |              24.58
 AAAAAAAAABKCAAAA |     2.0000000000000000 |             151.62 |                  0 |              57.61
 AAAAAAAAABMAAAAA |    73.0000000000000000 |             119.67 |                  0 |             102.91
 AAAAAAAAABMDAAAA |    59.0000000000000000 |  96.52499999999999 |                  0 |             45.525
 AAAAAAAAABNDAAAA |    55.0000000000000000 |              45.24 |                  0 |              11.31
 AAAAAAAAABOCAAAA |    94.0000000000000000 |             131.22 |             328.78 |               3.93
 AAAAAAAAABPAAAAA |    36.0000000000000000 |              47.46 |                  0 |              47.46
 AAAAAAAAABPBAAAA |    69.0000000000000000 |              13.78 |                  0 |               7.16
 AAAAAAAAABPDAAAA |    17.0000000000000000 |              77.45 |                  0 |               6.19
 AAAAAAAAACBCAAAA |    87.0000000000000000 |              11.55 |                  0 |              11.55
 AAAAAAAAACBEAAAA |    30.0000000000000000 |              57.88 |                  0 |               1.73
 AAAAAAAAACCAAAAA |    83.3333333333333333 |  49.00666666666666 | 169.85333333333332 | 25.526666666666667
 AAAAAAAAACDDAAAA |    22.0000000000000000 |              65.72 |             632.25 |              35.48
 AAAAAAAAACECAAAA |    30.0000000000000000 |             110.26 |                  0 |             101.43
 AAAAAAAAACEEAAAA |    47.0000000000000000 |  75.11000000000001 |                  0 | 57.540000000000006
 AAAAAAAAACGCAAAA |    91.0000000000000000 |              15.56 |                  0 |               6.06
 AAAAAAAAACGDAAAA |    81.0000000000000000 |              33.75 |             548.96 |              16.53
 AAAAAAAAACHBAAAA |    20.0000000000000000 | 51.576666666666675 |                  0 |              20.26
 AAAAAAAAACHCAAAA |    81.0000000000000000 |              19.93 |                  0 |              18.13
 AAAAAAAAACIAAAAA |    64.5000000000000000 |             102.88 |                  0 |              19.16
 AAAAAAAAACIBAAAA |    91.0000000000000000 | 110.45500000000001 |                  0 |             32.025
 AAAAAAAAACIDAAAA |    54.0000000000000000 |              15.52 |                  0 |                7.6
 AAAAAAAAACJCAAAA |    82.0000000000000000 |              95.56 |                  0 |              71.67
 AAAAAAAAACJDAAAA |    39.0000000000000000 |             145.96 |                  0 |              33.57
 AAAAAAAAACKBAAAA |    55.0000000000000000 |             29.295 |                  0 |               7.34
 AAAAAAAAACLAAAAA |    44.0000000000000000 |              70.93 |                  0 |              67.38
 AAAAAAAAACLBAAAA |    59.0000000000000000 |              56.61 |                  0 |               7.92
 AAAAAAAAACLDAAAA |    68.0000000000000000 |             115.77 |                  0 |               60.2
 AAAAAAAAACNBAAAA |   100.0000000000000000 |             175.34 |                  0 |               7.01
 AAAAAAAAACNCAAAA |    32.5000000000000000 |             22.595 |                  0 | 15.469999999999999
 AAAAAAAAACODAAAA |    48.0000000000000000 |              28.86 |                  0 |               7.21
 AAAAAAAAACPAAAAA |     5.5000000000000000 |             114.08 |                  0 |              52.08
 AAAAAAAAACPCAAAA |    57.0000000000000000 |              90.72 |                  0 |              22.68
 AAAAAAAAACPDAAAA |    87.0000000000000000 |               9.86 |                  0 |               4.04
 AAAAAAAAADBAAAAA |    97.0000000000000000 |              43.78 |                  0 |               0.87
 AAAAAAAAADCAAAAA |    25.0000000000000000 |              44.68 |                  0 |              18.31
 AAAAAAAAADCCAAAA |    65.0000000000000000 |             129.25 |                  0 |              12.92
 AAAAAAAAADEAAAAA |    44.0000000000000000 |                 90 |                  0 |              13.46
 AAAAAAAAADEEAAAA |    44.0000000000000000 |  70.61500000000001 |                  0 |             32.325
 AAAAAAAAADFCAAAA |    20.0000000000000000 |             119.17 |            1840.41 |              92.95
 AAAAAAAAADGCAAAA |    84.0000000000000000 |              95.46 |             641.34 |              15.27
 AAAAAAAAADHBAAAA |    49.6666666666666667 |              84.56 |            1082.16 |  67.29333333333334
 AAAAAAAAADHDAAAA |    78.0000000000000000 |             120.72 |                  0 |              68.81
 AAAAAAAAADIAAAAA |    79.0000000000000000 |              93.42 |            1707.69 |              83.14
 AAAAAAAAADICAAAA |    31.5000000000000000 |              84.83 |                  0 |             81.805
 AAAAAAAAADIDAAAA |    90.0000000000000000 |             160.78 |                  0 |              27.33
 AAAAAAAAADJCAAAA |    60.0000000000000000 |             185.99 |            9514.42 |             161.81
 AAAAAAAAADKAAAAA |    67.0000000000000000 |              26.84 |                  0 |              13.42
 AAAAAAAAADKBAAAA |    66.0000000000000000 |              93.54 |                  0 |              83.25
 AAAAAAAAADKDAAAA |    16.0000000000000000 |              19.11 |                  0 |               8.79
 AAAAAAAAADLAAAAA |     3.0000000000000000 |              96.01 |                  0 |              40.32
 AAAAAAAAADMBAAAA |    29.0000000000000000 |              63.38 |              76.45 |              10.14
 AAAAAAAAADNDAAAA |    54.5000000000000000 |              90.24 |                  0 |              59.95
 AAAAAAAAADODAAAA |    56.3333333333333333 |  37.89666666666667 |  8.053333333333333 |               2.29
(100 rows)

UPDATE time_statistics SET e_time = TRANSACTION_TIMESTAMP() WHERE template = 'query7.tpl' AND stream = 4;
psql:/tmp/s1-basline/throughput/query_4.sql:2957: NOTICE:  duration: 0.045 ms  plan:
Query Text: UPDATE time_statistics SET e_time = TRANSACTION_TIMESTAMP() WHERE template = 'query7.tpl' AND stream = 4;
Update on time_statistics  (cost=0.00..5.22 rows=0 width=0) (actual time=0.044..0.044 rows=0 loops=1)
  ->  Seq Scan on time_statistics  (cost=0.00..5.22 rows=1 width=14) (actual time=0.022..0.029 rows=1 loops=1)
        Filter: ((template = 'query7.tpl'::text) AND (stream = 4))
        Rows Removed by Filter: 157
UPDATE 1
LOAD 'auto_explain'; SET auto_explain.log_min_duration TO 0; SET auto_explain.log_analyze TO on; SET auto_explain.log_level TO notice; INSERT INTO time_statistics (template, s_time, stream, query, seed) VALUES ('../query_postgresql/query92.tpl', TRANSACTION_TIMESTAMP(), 4, 59, 546873552);
LOAD
SET
SET
SET
psql:/tmp/s1-basline/throughput/query_4.sql:2958: NOTICE:  duration: 0.008 ms  plan:
Query Text: INSERT INTO time_statistics (template, s_time, stream, query, seed) VALUES ('../query_postgresql/query92.tpl', TRANSACTION_TIMESTAMP(), 4, 59, 546873552);
Insert on time_statistics  (cost=0.00..0.01 rows=0 width=0) (actual time=0.007..0.008 rows=0 loops=1)
  ->  Result  (cost=0.00..0.01 rows=1 width=64) (actual time=0.001..0.001 rows=1 loops=1)
INSERT 0 1
select  
   sum(ws_ext_discount_amt)  as "Excess Discount Amount" 
from 
    web_sales 
   ,item 
   ,date_dim
where
i_manufact_id = 553
and i_item_sk = ws_item_sk 
and d_date between '2000-01-19' and 
        (cast('2000-01-19' as date) + interval '90 days')
and d_date_sk = ws_sold_date_sk 
and ws_ext_discount_amt  
     > ( 
         SELECT 
            1.3 * avg(ws_ext_discount_amt) 
         FROM 
            web_sales 
           ,date_dim
         WHERE 
              ws_item_sk = i_item_sk 
          and d_date between '2000-01-19' and
                             (cast('2000-01-19' as date) + interval '90 days')
          and d_date_sk = ws_sold_date_sk 
      ) 
order by sum(ws_ext_discount_amt)
limit 100;
psql:/tmp/s1-basline/throughput/query_4.sql:2985: NOTICE:  duration: 18.384 ms  plan:
Query Text: select  
   sum(ws_ext_discount_amt)  as "Excess Discount Amount" 
from 
    web_sales 
   ,item 
   ,date_dim
where
i_manufact_id = 553
and i_item_sk = ws_item_sk 
and d_date between '2000-01-19' and 
        (cast('2000-01-19' as date) + interval '90 days')
and d_date_sk = ws_sold_date_sk 
and ws_ext_discount_amt  
     > ( 
         SELECT 
            1.3 * avg(ws_ext_discount_amt) 
         FROM 
            web_sales 
           ,date_dim
         WHERE 
              ws_item_sk = i_item_sk 
          and d_date between '2000-01-19' and
                             (cast('2000-01-19' as date) + interval '90 days')
          and d_date_sk = ws_sold_date_sk 
      ) 
order by sum(ws_ext_discount_amt)
limit 100;
Limit  (cost=25716.24..25716.25 rows=1 width=8) (actual time=18.377..18.380 rows=1 loops=1)
  ->  Sort  (cost=25716.24..25716.25 rows=1 width=8) (actual time=18.376..18.378 rows=1 loops=1)
        Sort Key: (sum(web_sales.ws_ext_discount_amt))
        Sort Method: quicksort  Memory: 25kB
        ->  Aggregate  (cost=25716.22..25716.23 rows=1 width=8) (actual time=18.371..18.373 rows=1 loops=1)
              ->  Hash Join  (cost=1481.92..25716.22 rows=1 width=8) (actual time=8.982..18.371 rows=3 loops=1)
                    Hash Cond: (web_sales.ws_item_sk = item.i_item_sk)
                    Join Filter: (web_sales.ws_ext_discount_amt > (SubPlan 1))
                    Rows Removed by Join Filter: 13
                    ->  Nested Loop  (cost=0.72..24232.74 rows=867 width=16) (actual time=0.019..9.691 rows=20545 loops=1)
                          ->  Index Scan using i_d_date on date_dim  (cost=0.29..5.25 rows=88 width=8) (actual time=0.010..0.022 rows=91 loops=1)
                                Index Cond: ((d_date >= '2000-01-19'::date) AND (d_date <= '2000-04-18 00:00:00'::timestamp without time zone))
                          ->  Index Scan using i_ws_sold_date_sk on web_sales  (cost=0.42..271.36 rows=395 width=24) (actual time=0.003..0.057 rows=226 loops=91)
                                Index Cond: (ws_sold_date_sk = date_dim.d_date_sk)
                    ->  Hash  (cost=1481.00..1481.00 rows=16 width=8) (actual time=6.535..6.535 rows=18 loops=1)
                          Buckets: 1024  Batches: 1  Memory Usage: 9kB
                          ->  Seq Scan on item  (cost=0.00..1481.00 rows=16 width=8) (actual time=1.608..6.531 rows=18 loops=1)
                                Filter: (i_manufact_id = 553)
                                Rows Removed by Filter: 17982
                    SubPlan 1
                      ->  Aggregate  (cost=57.17..57.18 rows=1 width=8) (actual time=0.053..0.053 rows=1 loops=16)
                            ->  Hash Join  (cost=6.78..57.16 rows=1 width=8) (actual time=0.021..0.052 rows=2 loops=16)
                                  Hash Cond: (web_sales_1.ws_sold_date_sk = date_dim_1.d_date_sk)
                                  ->  Index Scan using pk_web_sales on web_sales web_sales_1  (cost=0.42..50.69 rows=44 width=16) (actual time=0.005..0.045 rows=55 loops=16)
                                        Index Cond: (ws_item_sk = item.i_item_sk)
                                  ->  Hash  (cost=5.25..5.25 rows=88 width=8) (actual time=0.031..0.031 rows=91 loops=1)
                                        Buckets: 1024  Batches: 1  Memory Usage: 12kB
                                        ->  Index Scan using i_d_date on date_dim date_dim_1  (cost=0.29..5.25 rows=88 width=8) (actual time=0.006..0.021 rows=91 loops=1)
                                              Index Cond: ((d_date >= '2000-01-19'::date) AND (d_date <= '2000-04-18 00:00:00'::timestamp without time zone))
 Excess Discount Amount 
------------------------
               15397.38
(1 row)

UPDATE time_statistics SET e_time = TRANSACTION_TIMESTAMP() WHERE template = '../query_postgresql/query92.tpl' AND stream = 4;
psql:/tmp/s1-basline/throughput/query_4.sql:2987: NOTICE:  duration: 0.041 ms  plan:
Query Text: UPDATE time_statistics SET e_time = TRANSACTION_TIMESTAMP() WHERE template = '../query_postgresql/query92.tpl' AND stream = 4;
Update on time_statistics  (cost=0.00..5.22 rows=0 width=0) (actual time=0.040..0.041 rows=0 loops=1)
  ->  Seq Scan on time_statistics  (cost=0.00..5.22 rows=1 width=14) (actual time=0.020..0.027 rows=1 loops=1)
        Filter: ((template = '../query_postgresql/query92.tpl'::text) AND (stream = 4))
        Rows Removed by Filter: 158
UPDATE 1
LOAD 'auto_explain'; SET auto_explain.log_min_duration TO 0; SET auto_explain.log_analyze TO on; SET auto_explain.log_level TO notice; INSERT INTO time_statistics (template, s_time, stream, query, seed) VALUES ('query54.tpl', TRANSACTION_TIMESTAMP(), 4, 60, 1654089194);
LOAD
SET
SET
SET
psql:/tmp/s1-basline/throughput/query_4.sql:2988: NOTICE:  duration: 0.009 ms  plan:
Query Text: INSERT INTO time_statistics (template, s_time, stream, query, seed) VALUES ('query54.tpl', TRANSACTION_TIMESTAMP(), 4, 60, 1654089194);
Insert on time_statistics  (cost=0.00..0.01 rows=0 width=0) (actual time=0.008..0.008 rows=0 loops=1)
  ->  Result  (cost=0.00..0.01 rows=1 width=64) (actual time=0.001..0.001 rows=1 loops=1)
INSERT 0 1
with my_customers as (
 select distinct c_customer_sk
        , c_current_addr_sk
 from   
        ( select cs_sold_date_sk sold_date_sk,
                 cs_bill_customer_sk customer_sk,
                 cs_item_sk item_sk
          from   catalog_sales
          union all
          select ws_sold_date_sk sold_date_sk,
                 ws_bill_customer_sk customer_sk,
                 ws_item_sk item_sk
          from   web_sales
         ) cs_or_ws_sales,
         item,
         date_dim,
         customer
 where   sold_date_sk = d_date_sk
         and item_sk = i_item_sk
         and i_category = 'Music'
         and i_class = 'country'
         and c_customer_sk = cs_or_ws_sales.customer_sk
         and d_moy = 7
         and d_year = 2002
 )
 , my_revenue as (
 select c_customer_sk,
        sum(ss_ext_sales_price) as revenue
 from   my_customers,
        store_sales,
        customer_address,
        store,
        date_dim
 where  c_current_addr_sk = ca_address_sk
        and ca_county = s_county
        and ca_state = s_state
        and ss_sold_date_sk = d_date_sk
        and c_customer_sk = ss_customer_sk
        and d_month_seq between (select distinct d_month_seq+1
                                 from   date_dim where d_year = 2002 and d_moy = 7)
                           and  (select distinct d_month_seq+3
                                 from   date_dim where d_year = 2002 and d_moy = 7)
 group by c_customer_sk
 )
 , segments as
 (select cast((revenue/50) as int) as segment
  from   my_revenue
 )
  select  segment, count(*) as num_customers, segment*50 as segment_base
 from segments
 group by segment
 order by segment, num_customers
 limit 100;
psql:/tmp/s1-basline/throughput/query_4.sql:3041: NOTICE:  duration: 418.112 ms  plan:
Query Text: with my_customers as (
 select distinct c_customer_sk
        , c_current_addr_sk
 from   
        ( select cs_sold_date_sk sold_date_sk,
                 cs_bill_customer_sk customer_sk,
                 cs_item_sk item_sk
          from   catalog_sales
          union all
          select ws_sold_date_sk sold_date_sk,
                 ws_bill_customer_sk customer_sk,
                 ws_item_sk item_sk
          from   web_sales
         ) cs_or_ws_sales,
         item,
         date_dim,
         customer
 where   sold_date_sk = d_date_sk
         and item_sk = i_item_sk
         and i_category = 'Music'
         and i_class = 'country'
         and c_customer_sk = cs_or_ws_sales.customer_sk
         and d_moy = 7
         and d_year = 2002
 )
 , my_revenue as (
 select c_customer_sk,
        sum(ss_ext_sales_price) as revenue
 from   my_customers,
        store_sales,
        customer_address,
        store,
        date_dim
 where  c_current_addr_sk = ca_address_sk
        and ca_county = s_county
        and ca_state = s_state
        and ss_sold_date_sk = d_date_sk
        and c_customer_sk = ss_customer_sk
        and d_month_seq between (select distinct d_month_seq+1
                                 from   date_dim where d_year = 2002 and d_moy = 7)
                           and  (select distinct d_month_seq+3
                                 from   date_dim where d_year = 2002 and d_moy = 7)
 group by c_customer_sk
 )
 , segments as
 (select cast((revenue/50) as int) as segment
  from   my_revenue
 )
  select  segment, count(*) as num_customers, segment*50 as segment_base
 from segments
 group by segment
 order by segment, num_customers
 limit 100;
Limit  (cost=104952.61..104952.61 rows=1 width=16) (actual time=321.002..418.109 rows=0 loops=1)
  ->  Sort  (cost=104952.61..104952.61 rows=1 width=16) (actual time=321.002..418.108 rows=0 loops=1)
        Sort Key: (((my_revenue.revenue / '50'::double precision))::integer), (count(*))
        Sort Method: quicksort  Memory: 25kB
        ->  GroupAggregate  (cost=104952.56..104952.60 rows=1 width=16) (actual time=320.997..418.104 rows=0 loops=1)
              Group Key: (((my_revenue.revenue / '50'::double precision))::integer)
              ->  Sort  (cost=104952.56..104952.57 rows=1 width=12) (actual time=320.997..418.103 rows=0 loops=1)
                    Sort Key: (((my_revenue.revenue / '50'::double precision))::integer)
                    Sort Method: quicksort  Memory: 25kB
                    ->  Subquery Scan on my_revenue  (cost=104952.52..104952.55 rows=1 width=12) (actual time=320.995..418.101 rows=0 loops=1)
                          ->  GroupAggregate  (cost=104952.52..104952.54 rows=1 width=16) (actual time=320.994..418.100 rows=0 loops=1)
                                Group Key: customer.c_customer_sk
                                InitPlan 1 (returns $0)
                                  ->  Unique  (cost=2501.55..2501.70 rows=30 width=4) (never executed)
                                        ->  Sort  (cost=2501.55..2501.62 rows=30 width=4) (never executed)
                                              Sort Key: ((date_dim_2.d_month_seq + 1))
                                              ->  Seq Scan on date_dim date_dim_2  (cost=0.00..2500.81 rows=30 width=4) (never executed)
                                                    Filter: ((d_year = 2002) AND (d_moy = 7))
                                InitPlan 2 (returns $1)
                                  ->  Unique  (cost=2501.55..2501.70 rows=30 width=4) (never executed)
                                        ->  Sort  (cost=2501.55..2501.62 rows=30 width=4) (never executed)
                                              Sort Key: ((date_dim_3.d_month_seq + 3))
                                              ->  Seq Scan on date_dim date_dim_3  (cost=0.00..2500.81 rows=30 width=4) (never executed)
                                                    Filter: ((d_year = 2002) AND (d_moy = 7))
                                ->  Sort  (cost=99949.13..99949.13 rows=1 width=16) (actual time=320.993..418.097 rows=0 loops=1)
                                      Sort Key: customer.c_customer_sk
                                      Sort Method: quicksort  Memory: 25kB
                                      ->  Nested Loop  (cost=10328.50..99949.12 rows=1 width=16) (actual time=320.991..418.095 rows=0 loops=1)
                                            ->  Gather  (cost=10328.20..99948.80 rows=1 width=24) (actual time=320.991..418.094 rows=0 loops=1)
                                                  Workers Planned: 2
                                                  Workers Launched: 2
                                                  ->  Hash Join  (cost=9328.20..98948.70 rows=1 width=24) (actual time=258.819..258.823 rows=0 loops=3)
                                                        Hash Cond: (store_sales.ss_customer_sk = customer.c_customer_sk)
                                                        ->  Parallel Seq Scan on store_sales  (cost=0.00..85123.48 rows=1199148 width=24) (actual time=0.015..0.015 rows=1 loops=3)
                                                        ->  Hash  (cost=9328.19..9328.19 rows=1 width=8) (actual time=258.718..258.721 rows=0 loops=3)
                                                              Buckets: 1024  Batches: 1  Memory Usage: 8kB
                                                              ->  Nested Loop  (cost=9321.86..9328.19 rows=1 width=8) (actual time=258.717..258.720 rows=0 loops=3)
                                                                    Join Filter: (((customer_address.ca_county)::text = (store.s_county)::text) AND (customer_address.ca_state = store.s_state))
                                                                    Rows Removed by Join Filter: 5472
                                                                    ->  Nested Loop  (cost=9321.86..9326.62 rows=2 width=25) (actual time=255.978..257.998 rows=456 loops=3)
                                                                          ->  Unique  (cost=9321.57..9321.59 rows=2 width=16) (actual time=255.944..256.043 rows=456 loops=3)
                                                                                ->  Sort  (cost=9321.57..9321.58 rows=2 width=16) (actual time=255.943..255.976 rows=524 loops=3)
                                                                                      Sort Key: customer.c_customer_sk, customer.c_current_addr_sk
                                                                                      Sort Method: quicksort  Memory: 53kB
                                                                                      Worker 0:  Sort Method: quicksort  Memory: 53kB
                                                                                      Worker 1:  Sort Method: quicksort  Memory: 53kB
                                                                                      ->  Nested Loop  (cost=1.01..9321.56 rows=2 width=16) (actual time=1.145..255.759 rows=524 loops=3)
                                                                                            ->  Nested Loop  (cost=0.72..9320.94 rows=2 width=8) (actual time=1.094..252.571 rows=524 loops=3)
                                                                                                  ->  Nested Loop  (cost=0.43..7730.21 rows=5037 width=16) (actual time=0.204..167.390 rows=51408 loops=3)
                                                                                                        ->  Seq Scan on item  (cost=0.00..1526.00 rows=42 width=8) (actual time=0.131..11.528 rows=434 loops=3)
                                                                                                              Filter: ((i_category = 'Music'::bpchar) AND (i_class = 'country'::bpchar))
                                                                                                              Rows Removed by Filter: 17566
                                                                                                        ->  Append  (cost=0.43..146.40 rows=132 width=24) (actual time=0.011..0.349 rows=118 loops=1302)
                                                                                                              ->  Index Scan using pk_catalog_sales on catalog_sales  (cost=0.43..96.64 rows=88 width=24) (actual time=0.010..0.228 rows=79 loops=1302)
                                                                                                                    Index Cond: (cs_item_sk = item.i_item_sk)
                                                                                                              ->  Index Scan using pk_web_sales on web_sales  (cost=0.42..49.10 rows=44 width=24) (actual time=0.009..0.113 rows=39 loops=1302)
                                                                                                                    Index Cond: (ws_item_sk = item.i_item_sk)
                                                                                                  ->  Index Scan using pk_date_dim on date_dim date_dim_1  (cost=0.29..0.32 rows=1 width=8) (actual time=0.001..0.001 rows=0 loops=154224)
                                                                                                        Index Cond: (d_date_sk = catalog_sales.cs_sold_date_sk)
                                                                                                        Filter: ((d_moy = 7) AND (d_year = 2002))
                                                                                                        Rows Removed by Filter: 1
                                                                                            ->  Index Scan using pk_customer on customer  (cost=0.29..0.31 rows=1 width=16) (actual time=0.006..0.006 rows=1 loops=1572)
                                                                                                  Index Cond: (c_customer_sk = catalog_sales.cs_bill_customer_sk)
                                                                          ->  Index Scan using pk_customer_address on customer_address  (cost=0.29..2.51 rows=1 width=25) (actual time=0.004..0.004 rows=1 loops=1368)
                                                                                Index Cond: (ca_address_sk = customer.c_current_addr_sk)
                                                                    ->  Materialize  (cost=0.00..1.18 rows=12 width=21) (actual time=0.000..0.001 rows=12 loops=1368)
                                                                          ->  Seq Scan on store  (cost=0.00..1.12 rows=12 width=21) (actual time=0.031..0.036 rows=12 loops=3)
                                            ->  Index Scan using pk_date_dim on date_dim  (cost=0.29..0.32 rows=1 width=8) (never executed)
                                                  Index Cond: (d_date_sk = store_sales.ss_sold_date_sk)
                                                  Filter: ((d_month_seq >= $0) AND (d_month_seq <= $1))
 segment | num_customers | segment_base 
---------+---------------+--------------
(0 rows)

UPDATE time_statistics SET e_time = TRANSACTION_TIMESTAMP() WHERE template = 'query54.tpl' AND stream = 4;
psql:/tmp/s1-basline/throughput/query_4.sql:3043: NOTICE:  duration: 0.044 ms  plan:
Query Text: UPDATE time_statistics SET e_time = TRANSACTION_TIMESTAMP() WHERE template = 'query54.tpl' AND stream = 4;
Update on time_statistics  (cost=0.00..5.22 rows=0 width=0) (actual time=0.043..0.043 rows=0 loops=1)
  ->  Seq Scan on time_statistics  (cost=0.00..5.22 rows=1 width=14) (actual time=0.023..0.030 rows=1 loops=1)
        Filter: ((template = 'query54.tpl'::text) AND (stream = 4))
        Rows Removed by Filter: 159
UPDATE 1
LOAD 'auto_explain'; SET auto_explain.log_min_duration TO 0; SET auto_explain.log_analyze TO on; SET auto_explain.log_level TO notice; INSERT INTO time_statistics (template, s_time, stream, query, seed) VALUES ('../query_postgresql/query82.tpl', TRANSACTION_TIMESTAMP(), 4, 61, 601649705);
LOAD
SET
SET
SET
psql:/tmp/s1-basline/throughput/query_4.sql:3044: NOTICE:  duration: 0.008 ms  plan:
Query Text: INSERT INTO time_statistics (template, s_time, stream, query, seed) VALUES ('../query_postgresql/query82.tpl', TRANSACTION_TIMESTAMP(), 4, 61, 601649705);
Insert on time_statistics  (cost=0.00..0.01 rows=0 width=0) (actual time=0.008..0.008 rows=0 loops=1)
  ->  Result  (cost=0.00..0.01 rows=1 width=64) (actual time=0.001..0.001 rows=1 loops=1)
INSERT 0 1
select  i_item_id
       ,i_item_desc
       ,i_current_price
 from item, inventory, date_dim, store_sales
 where i_current_price between 20 and 20+30
 and inv_item_sk = i_item_sk
 and d_date_sk=inv_date_sk
 and d_date between cast('2001-03-26' as date) and (cast('2001-03-26' as date) + interval '60 days')
 and i_manufact_id in (371,848,843,579)
 and inv_quantity_on_hand between 100 and 500
 and ss_item_sk = i_item_sk
 group by i_item_id,i_item_desc,i_current_price
 order by i_item_id
 limit 100;
psql:/tmp/s1-basline/throughput/query_4.sql:3058: NOTICE:  duration: 7.181 ms  plan:
Query Text: select  i_item_id
       ,i_item_desc
       ,i_current_price
 from item, inventory, date_dim, store_sales
 where i_current_price between 20 and 20+30
 and inv_item_sk = i_item_sk
 and d_date_sk=inv_date_sk
 and d_date between cast('2001-03-26' as date) and (cast('2001-03-26' as date) + interval '60 days')
 and i_manufact_id in (371,848,843,579)
 and inv_quantity_on_hand between 100 and 500
 and ss_item_sk = i_item_sk
 group by i_item_id,i_item_desc,i_current_price
 order by i_item_id
 limit 100;
Limit  (cost=2233.52..2235.26 rows=2 width=127) (actual time=7.179..7.180 rows=0 loops=1)
  ->  Group  (cost=2233.52..2235.26 rows=2 width=127) (actual time=7.178..7.179 rows=0 loops=1)
        Group Key: item.i_item_id, item.i_item_desc, item.i_current_price
        ->  Sort  (cost=2233.52..2233.95 rows=174 width=127) (actual time=7.178..7.179 rows=0 loops=1)
              Sort Key: item.i_item_id, item.i_item_desc, item.i_current_price
              Sort Method: quicksort  Memory: 25kB
              ->  Nested Loop  (cost=1.28..2227.04 rows=174 width=127) (actual time=7.173..7.174 rows=0 loops=1)
                    ->  Nested Loop  (cost=0.85..2221.82 rows=1 width=143) (actual time=7.173..7.173 rows=0 loops=1)
                          ->  Seq Scan on item  (cost=0.00..1616.00 rows=2 width=135) (actual time=3.289..6.850 rows=1 loops=1)
                                Filter: ((i_current_price >= '20'::double precision) AND (i_current_price <= '50'::double precision) AND (i_manufact_id = ANY ('{371,848,843,579}'::integer[])))
                                Rows Removed by Filter: 17999
                          ->  Nested Loop  (cost=0.85..302.32 rows=59 width=8) (actual time=0.322..0.322 rows=0 loops=1)
                                ->  Index Scan using i_d_date on date_dim  (cost=0.29..4.67 rows=59 width=8) (actual time=0.007..0.016 rows=61 loops=1)
                                      Index Cond: ((d_date >= '2001-03-26'::date) AND (d_date <= '2001-05-25 00:00:00'::timestamp without time zone))
                                ->  Index Scan using pk_inventory on inventory  (cost=0.56..5.03 rows=1 width=16) (actual time=0.005..0.005 rows=0 loops=61)
                                      Index Cond: ((inv_date_sk = date_dim.d_date_sk) AND (inv_item_sk = item.i_item_sk))
                                      Filter: ((inv_quantity_on_hand >= 100) AND (inv_quantity_on_hand <= 500))
                    ->  Index Only Scan using pk_store_sales on store_sales  (cost=0.43..3.48 rows=174 width=8) (never executed)
                          Index Cond: (ss_item_sk = inventory.inv_item_sk)
                          Heap Fetches: 0
 i_item_id | i_item_desc | i_current_price 
-----------+-------------+-----------------
(0 rows)

UPDATE time_statistics SET e_time = TRANSACTION_TIMESTAMP() WHERE template = '../query_postgresql/query82.tpl' AND stream = 4;
psql:/tmp/s1-basline/throughput/query_4.sql:3060: NOTICE:  duration: 0.034 ms  plan:
Query Text: UPDATE time_statistics SET e_time = TRANSACTION_TIMESTAMP() WHERE template = '../query_postgresql/query82.tpl' AND stream = 4;
Update on time_statistics  (cost=0.00..5.22 rows=0 width=0) (actual time=0.033..0.033 rows=0 loops=1)
  ->  Seq Scan on time_statistics  (cost=0.00..5.22 rows=1 width=14) (actual time=0.019..0.024 rows=1 loops=1)
        Filter: ((template = '../query_postgresql/query82.tpl'::text) AND (stream = 4))
        Rows Removed by Filter: 160
UPDATE 1
LOAD 'auto_explain'; SET auto_explain.log_min_duration TO 0; SET auto_explain.log_analyze TO on; SET auto_explain.log_level TO notice; INSERT INTO time_statistics (template, s_time, stream, query, seed) VALUES ('query76.tpl', TRANSACTION_TIMESTAMP(), 4, 62, 418913272);
LOAD
SET
SET
SET
psql:/tmp/s1-basline/throughput/query_4.sql:3061: NOTICE:  duration: 0.007 ms  plan:
Query Text: INSERT INTO time_statistics (template, s_time, stream, query, seed) VALUES ('query76.tpl', TRANSACTION_TIMESTAMP(), 4, 62, 418913272);
Insert on time_statistics  (cost=0.00..0.01 rows=0 width=0) (actual time=0.007..0.007 rows=0 loops=1)
  ->  Result  (cost=0.00..0.01 rows=1 width=64) (actual time=0.001..0.001 rows=1 loops=1)
INSERT 0 1
select  channel, col_name, d_year, d_qoy, i_category, COUNT(*) sales_cnt, SUM(ext_sales_price) sales_amt FROM (
        SELECT 'store' as channel, 'ss_store_sk' col_name, d_year, d_qoy, i_category, ss_ext_sales_price ext_sales_price
         FROM store_sales, item, date_dim
         WHERE ss_store_sk IS NULL
           AND ss_sold_date_sk=d_date_sk
           AND ss_item_sk=i_item_sk
        UNION ALL
        SELECT 'web' as channel, 'ws_web_page_sk' col_name, d_year, d_qoy, i_category, ws_ext_sales_price ext_sales_price
         FROM web_sales, item, date_dim
         WHERE ws_web_page_sk IS NULL
           AND ws_sold_date_sk=d_date_sk
           AND ws_item_sk=i_item_sk
        UNION ALL
        SELECT 'catalog' as channel, 'cs_bill_addr_sk' col_name, d_year, d_qoy, i_category, cs_ext_sales_price ext_sales_price
         FROM catalog_sales, item, date_dim
         WHERE cs_bill_addr_sk IS NULL
           AND cs_sold_date_sk=d_date_sk
           AND cs_item_sk=i_item_sk) foo
GROUP BY channel, col_name, d_year, d_qoy, i_category
ORDER BY channel, col_name, d_year, d_qoy, i_category
limit 100;
psql:/tmp/s1-basline/throughput/query_4.sql:3082: NOTICE:  duration: 480.004 ms  plan:
Query Text: select  channel, col_name, d_year, d_qoy, i_category, COUNT(*) sales_cnt, SUM(ext_sales_price) sales_amt FROM (
        SELECT 'store' as channel, 'ss_store_sk' col_name, d_year, d_qoy, i_category, ss_ext_sales_price ext_sales_price
         FROM store_sales, item, date_dim
         WHERE ss_store_sk IS NULL
           AND ss_sold_date_sk=d_date_sk
           AND ss_item_sk=i_item_sk
        UNION ALL
        SELECT 'web' as channel, 'ws_web_page_sk' col_name, d_year, d_qoy, i_category, ws_ext_sales_price ext_sales_price
         FROM web_sales, item, date_dim
         WHERE ws_web_page_sk IS NULL
           AND ws_sold_date_sk=d_date_sk
           AND ws_item_sk=i_item_sk
        UNION ALL
        SELECT 'catalog' as channel, 'cs_bill_addr_sk' col_name, d_year, d_qoy, i_category, cs_ext_sales_price ext_sales_price
         FROM catalog_sales, item, date_dim
         WHERE cs_bill_addr_sk IS NULL
           AND cs_sold_date_sk=d_date_sk
           AND cs_item_sk=i_item_sk) foo
GROUP BY channel, col_name, d_year, d_qoy, i_category
ORDER BY channel, col_name, d_year, d_qoy, i_category
limit 100;
Limit  (cost=184584.22..184612.05 rows=100 width=139) (actual time=383.583..479.923 rows=100 loops=1)
  ->  Finalize GroupAggregate  (cost=184584.22..188358.64 rows=13560 width=139) (actual time=383.582..479.914 rows=100 loops=1)
        Group Key: ('store'::text), ('ss_store_sk'::text), date_dim.d_year, date_dim.d_qoy, item.i_category
        ->  Gather Merge  (cost=184584.22..187748.44 rows=27120 width=139) (actual time=383.576..479.831 rows=157 loops=1)
              Workers Planned: 2
              Workers Launched: 2
              ->  Sort  (cost=183584.19..183618.09 rows=13560 width=139) (actual time=378.041..378.057 rows=238 loops=3)
                    Sort Key: ('store'::text), ('ss_store_sk'::text), date_dim.d_year, date_dim.d_qoy, item.i_category
                    Sort Method: quicksort  Memory: 87kB
                    Worker 0:  Sort Method: quicksort  Memory: 82kB
                    Worker 1:  Sort Method: quicksort  Memory: 54kB
                    ->  Partial HashAggregate  (cost=182517.90..182653.50 rows=13560 width=139) (actual time=377.161..377.269 rows=376 loops=3)
                          Group Key: ('store'::text), ('ss_store_sk'::text), date_dim.d_year, date_dim.d_qoy, item.i_category
                          Batches: 1  Memory Usage: 529kB
                          Worker 0:  Batches: 1  Memory Usage: 529kB
                          Worker 1:  Batches: 1  Memory Usage: 465kB
                          ->  Parallel Append  (cost=0.59..181529.15 rows=56500 width=131) (actual time=7.304..364.689 rows=22868 loops=3)
                                ->  Hash Join  (cost=1661.30..88908.64 rows=53310 width=131) (actual time=14.527..212.248 rows=21647 loops=3)
                                      Hash Cond: (store_sales.ss_item_sk = item.i_item_sk)
                                      ->  Nested Loop  (cost=0.30..87107.67 rows=53310 width=24) (actual time=0.065..189.908 rows=21647 loops=3)
                                            ->  Parallel Seq Scan on store_sales  (cost=0.00..85123.48 rows=55800 width=24) (actual time=0.013..169.429 rows=43385 loops=3)
                                                  Filter: (ss_store_sk IS NULL)
                                                  Rows Removed by Filter: 915924
                                            ->  Memoize  (cost=0.30..0.33 rows=1 width=16) (actual time=0.000..0.000 rows=0 loops=130155)
                                                  Cache Key: store_sales.ss_sold_date_sk
                                                  Cache Mode: logical
                                                  Hits: 34965  Misses: 1819  Evictions: 0  Overflows: 0  Memory Usage: 214kB
                                                  Worker 0:  Hits: 27417  Misses: 1808  Evictions: 0  Overflows: 0  Memory Usage: 212kB
                                                  Worker 1:  Hits: 62322  Misses: 1824  Evictions: 0  Overflows: 0  Memory Usage: 214kB
                                                  ->  Index Scan using pk_date_dim on date_dim  (cost=0.29..0.32 rows=1 width=16) (actual time=0.002..0.002 rows=1 loops=5451)
                                                        Index Cond: (d_date_sk = store_sales.ss_sold_date_sk)
                                      ->  Hash  (cost=1436.00..1436.00 rows=18000 width=59) (actual time=14.337..14.337 rows=18000 loops=3)
                                            Buckets: 32768  Batches: 1  Memory Usage: 1941kB
                                            ->  Seq Scan on item  (cost=0.00..1436.00 rows=18000 width=59) (actual time=0.025..10.632 rows=18000 loops=3)
                                ->  Nested Loop  (cost=0.59..61865.61 rows=3120 width=131) (actual time=0.240..167.551 rows=1783 loops=2)
                                      ->  Nested Loop  (cost=0.30..60320.37 rows=3120 width=24) (actual time=0.201..160.321 rows=1783 loops=2)
                                            ->  Parallel Seq Scan on catalog_sales  (cost=0.00..59266.53 rows=3139 width=24) (actual time=0.068..156.526 rows=3556 loops=2)
                                                  Filter: (cs_bill_addr_sk IS NULL)
                                                  Rows Removed by Filter: 716149
                                            ->  Memoize  (cost=0.30..0.55 rows=1 width=16) (actual time=0.001..0.001 rows=1 loops=7113)
                                                  Cache Key: catalog_sales.cs_sold_date_sk
                                                  Cache Mode: logical
                                                  Hits: 2529  Misses: 840  Evictions: 0  Overflows: 0  Memory Usage: 99kB
                                                  Worker 0:  Hits: 2807  Misses: 937  Evictions: 0  Overflows: 0  Memory Usage: 110kB
                                                  ->  Index Scan using pk_date_dim on date_dim date_dim_1  (cost=0.29..0.54 rows=1 width=16) (actual time=0.002..0.002 rows=1 loops=1777)
                                                        Index Cond: (d_date_sk = catalog_sales.cs_sold_date_sk)
                                      ->  Index Scan using pk_item on item item_1  (cost=0.29..0.50 rows=1 width=59) (actual time=0.004..0.004 rows=1 loops=3566)
                                            Index Cond: (i_item_sk = catalog_sales.cs_item_sk)
                                ->  Nested Loop  (cost=0.58..29907.40 rows=70 width=131) (actual time=0.504..117.417 rows=97 loops=1)
                                      ->  Nested Loop  (cost=0.29..29760.12 rows=70 width=67) (actual time=0.314..117.065 rows=184 loops=1)
                                            ->  Parallel Seq Scan on web_sales  (cost=0.00..29644.81 rows=70 width=24) (actual time=0.308..116.291 rows=184 loops=1)
                                                  Filter: (ws_web_page_sk IS NULL)
                                                  Rows Removed by Filter: 719290
                                            ->  Index Scan using pk_item on item item_2  (cost=0.29..1.65 rows=1 width=59) (actual time=0.004..0.004 rows=1 loops=184)
                                                  Index Cond: (i_item_sk = web_sales.ws_item_sk)
                                      ->  Index Scan using pk_date_dim on date_dim date_dim_2  (cost=0.29..2.10 rows=1 width=16) (actual time=0.001..0.001 rows=1 loops=184)
                                            Index Cond: (d_date_sk = web_sales.ws_sold_date_sk)
 channel |    col_name     | d_year | d_qoy |                     i_category                     | sales_cnt |     sales_amt      
---------+-----------------+--------+-------+----------------------------------------------------+-----------+--------------------
 catalog | cs_bill_addr_sk |   1998 |     1 | Books                                              |        16 |           17799.03
 catalog | cs_bill_addr_sk |   1998 |     1 | Children                                           |        11 | 20768.929999999997
 catalog | cs_bill_addr_sk |   1998 |     1 | Electronics                                        |         7 | 20735.010000000002
 catalog | cs_bill_addr_sk |   1998 |     1 | Home                                               |         8 |           13288.34
 catalog | cs_bill_addr_sk |   1998 |     1 | Jewelry                                            |        10 |            7693.87
 catalog | cs_bill_addr_sk |   1998 |     1 | Men                                                |        13 |  9986.119999999999
 catalog | cs_bill_addr_sk |   1998 |     1 | Music                                              |        12 | 21376.980000000003
 catalog | cs_bill_addr_sk |   1998 |     1 | Shoes                                              |        10 |            9208.59
 catalog | cs_bill_addr_sk |   1998 |     1 | Sports                                             |        14 |           30746.68
 catalog | cs_bill_addr_sk |   1998 |     1 | Women                                              |         9 | 1689.1800000000003
 catalog | cs_bill_addr_sk |   1998 |     2 | Books                                              |        15 | 24549.539999999997
 catalog | cs_bill_addr_sk |   1998 |     2 | Children                                           |        12 |            8425.01
 catalog | cs_bill_addr_sk |   1998 |     2 | Electronics                                        |         6 |                   
 catalog | cs_bill_addr_sk |   1998 |     2 | Home                                               |        11 |            8603.19
 catalog | cs_bill_addr_sk |   1998 |     2 | Jewelry                                            |        15 | 10357.859999999999
 catalog | cs_bill_addr_sk |   1998 |     2 | Men                                                |         9 |           16884.06
 catalog | cs_bill_addr_sk |   1998 |     2 | Music                                              |        11 | 3890.0599999999995
 catalog | cs_bill_addr_sk |   1998 |     2 | Shoes                                              |        11 |  9722.800000000001
 catalog | cs_bill_addr_sk |   1998 |     2 | Sports                                             |        13 |  6005.860000000001
 catalog | cs_bill_addr_sk |   1998 |     2 | Women                                              |        11 |             7703.6
 catalog | cs_bill_addr_sk |   1998 |     3 | Books                                              |        15 |           10656.61
 catalog | cs_bill_addr_sk |   1998 |     3 | Children                                           |        17 | 42971.619999999995
 catalog | cs_bill_addr_sk |   1998 |     3 | Electronics                                        |        21 |           24957.48
 catalog | cs_bill_addr_sk |   1998 |     3 | Home                                               |        27 |           28952.09
 catalog | cs_bill_addr_sk |   1998 |     3 | Jewelry                                            |        16 |            4185.18
 catalog | cs_bill_addr_sk |   1998 |     3 | Men                                                |        22 |           15713.22
 catalog | cs_bill_addr_sk |   1998 |     3 | Music                                              |        12 |           12523.09
 catalog | cs_bill_addr_sk |   1998 |     3 | Shoes                                              |        20 |           76493.59
 catalog | cs_bill_addr_sk |   1998 |     3 | Sports                                             |        22 |           19251.19
 catalog | cs_bill_addr_sk |   1998 |     3 | Women                                              |        20 |            24218.1
 catalog | cs_bill_addr_sk |   1998 |     4 | Books                                              |        24 |            20876.9
 catalog | cs_bill_addr_sk |   1998 |     4 | Children                                           |        34 | 37160.659999999996
 catalog | cs_bill_addr_sk |   1998 |     4 | Electronics                                        |        30 |           69716.92
 catalog | cs_bill_addr_sk |   1998 |     4 | Home                                               |        25 |  37215.87000000001
 catalog | cs_bill_addr_sk |   1998 |     4 | Jewelry                                            |        44 |           81436.48
 catalog | cs_bill_addr_sk |   1998 |     4 | Men                                                |        37 | 29423.340000000004
 catalog | cs_bill_addr_sk |   1998 |     4 | Music                                              |        40 | 53317.630000000005
 catalog | cs_bill_addr_sk |   1998 |     4 | Shoes                                              |        34 |           42837.05
 catalog | cs_bill_addr_sk |   1998 |     4 | Sports                                             |        27 |           26606.01
 catalog | cs_bill_addr_sk |   1998 |     4 | Women                                              |        26 | 59724.740000000005
 catalog | cs_bill_addr_sk |   1998 |     4 |                                                    |         1 |                   
 catalog | cs_bill_addr_sk |   1999 |     1 | Books                                              |         9 |            9202.94
 catalog | cs_bill_addr_sk |   1999 |     1 | Children                                           |         9 |           22406.91
 catalog | cs_bill_addr_sk |   1999 |     1 | Electronics                                        |         7 |           15662.04
 catalog | cs_bill_addr_sk |   1999 |     1 | Home                                               |         4 |             165.12
 catalog | cs_bill_addr_sk |   1999 |     1 | Jewelry                                            |        10 |            9393.63
 catalog | cs_bill_addr_sk |   1999 |     1 | Men                                                |        10 |             9807.3
 catalog | cs_bill_addr_sk |   1999 |     1 | Music                                              |        10 |            2727.77
 catalog | cs_bill_addr_sk |   1999 |     1 | Shoes                                              |         9 |            17527.1
 catalog | cs_bill_addr_sk |   1999 |     1 | Sports                                             |         8 | 10991.769999999997
 catalog | cs_bill_addr_sk |   1999 |     1 | Women                                              |        13 |           25298.16
 catalog | cs_bill_addr_sk |   1999 |     2 | Books                                              |         9 |  4135.280000000001
 catalog | cs_bill_addr_sk |   1999 |     2 | Children                                           |         5 |            9037.96
 catalog | cs_bill_addr_sk |   1999 |     2 | Electronics                                        |         9 | 14463.470000000001
 catalog | cs_bill_addr_sk |   1999 |     2 | Home                                               |        14 | 16689.940000000002
 catalog | cs_bill_addr_sk |   1999 |     2 | Jewelry                                            |        11 |           19976.34
 catalog | cs_bill_addr_sk |   1999 |     2 | Men                                                |         6 |            5737.18
 catalog | cs_bill_addr_sk |   1999 |     2 | Music                                              |        14 |           32774.95
 catalog | cs_bill_addr_sk |   1999 |     2 | Shoes                                              |        11 |           23875.42
 catalog | cs_bill_addr_sk |   1999 |     2 | Sports                                             |         9 |            3903.36
 catalog | cs_bill_addr_sk |   1999 |     2 | Women                                              |         5 |            3365.19
 catalog | cs_bill_addr_sk |   1999 |     3 | Books                                              |         8 |            4837.59
 catalog | cs_bill_addr_sk |   1999 |     3 | Children                                           |        26 |           46023.13
 catalog | cs_bill_addr_sk |   1999 |     3 | Electronics                                        |        27 | 65280.369999999995
 catalog | cs_bill_addr_sk |   1999 |     3 | Home                                               |        19 | 16047.039999999999
 catalog | cs_bill_addr_sk |   1999 |     3 | Jewelry                                            |        21 |           31986.04
 catalog | cs_bill_addr_sk |   1999 |     3 | Men                                                |        12 |            8743.08
 catalog | cs_bill_addr_sk |   1999 |     3 | Music                                              |        16 |            2750.23
 catalog | cs_bill_addr_sk |   1999 |     3 | Shoes                                              |        22 |           20739.54
 catalog | cs_bill_addr_sk |   1999 |     3 | Sports                                             |        16 |           42831.51
 catalog | cs_bill_addr_sk |   1999 |     3 | Women                                              |        14 | 5143.9400000000005
 catalog | cs_bill_addr_sk |   1999 |     3 |                                                    |         2 |            5023.96
 catalog | cs_bill_addr_sk |   1999 |     4 | Books                                              |        38 |           64528.28
 catalog | cs_bill_addr_sk |   1999 |     4 | Children                                           |        26 |           25016.05
 catalog | cs_bill_addr_sk |   1999 |     4 | Electronics                                        |        28 |           44245.42
 catalog | cs_bill_addr_sk |   1999 |     4 | Home                                               |        24 |           27674.81
 catalog | cs_bill_addr_sk |   1999 |     4 | Jewelry                                            |        34 | 39780.979999999996
 catalog | cs_bill_addr_sk |   1999 |     4 | Men                                                |        33 |           37247.12
 catalog | cs_bill_addr_sk |   1999 |     4 | Music                                              |        37 | 35288.729999999996
 catalog | cs_bill_addr_sk |   1999 |     4 | Shoes                                              |        30 | 27096.559999999998
 catalog | cs_bill_addr_sk |   1999 |     4 | Sports                                             |        31 |  46370.68000000001
 catalog | cs_bill_addr_sk |   1999 |     4 | Women                                              |        27 |           40896.34
 catalog | cs_bill_addr_sk |   2000 |     1 | Books                                              |         7 |  8760.259999999998
 catalog | cs_bill_addr_sk |   2000 |     1 | Children                                           |         8 | 428.15000000000003
 catalog | cs_bill_addr_sk |   2000 |     1 | Electronics                                        |         4 | 3495.5200000000004
 catalog | cs_bill_addr_sk |   2000 |     1 | Home                                               |         7 | 12027.689999999999
 catalog | cs_bill_addr_sk |   2000 |     1 | Jewelry                                            |        14 |  9283.900000000001
 catalog | cs_bill_addr_sk |   2000 |     1 | Men                                                |         9 | 27082.760000000002
 catalog | cs_bill_addr_sk |   2000 |     1 | Music                                              |        13 |  8826.699999999999
 catalog | cs_bill_addr_sk |   2000 |     1 | Shoes                                              |        11 |  4805.299999999999
 catalog | cs_bill_addr_sk |   2000 |     1 | Sports                                             |         8 |           23454.22
 catalog | cs_bill_addr_sk |   2000 |     1 | Women                                              |         7 |            6230.33
 catalog | cs_bill_addr_sk |   2000 |     2 | Books                                              |         6 |            6540.25
 catalog | cs_bill_addr_sk |   2000 |     2 | Children                                           |         9 |           21391.78
 catalog | cs_bill_addr_sk |   2000 |     2 | Electronics                                        |         7 |            14450.8
 catalog | cs_bill_addr_sk |   2000 |     2 | Home                                               |         5 |            4531.47
 catalog | cs_bill_addr_sk |   2000 |     2 | Jewelry                                            |        11 |           40481.95
 catalog | cs_bill_addr_sk |   2000 |     2 | Men                                                |         6 |            2189.16
 catalog | cs_bill_addr_sk |   2000 |     2 | Music                                              |         7 |            7840.33
 catalog | cs_bill_addr_sk |   2000 |     2 | Shoes                                              |        13 |            3970.09
(100 rows)

UPDATE time_statistics SET e_time = TRANSACTION_TIMESTAMP() WHERE template = 'query76.tpl' AND stream = 4;
psql:/tmp/s1-basline/throughput/query_4.sql:3084: NOTICE:  duration: 0.044 ms  plan:
Query Text: UPDATE time_statistics SET e_time = TRANSACTION_TIMESTAMP() WHERE template = 'query76.tpl' AND stream = 4;
Update on time_statistics  (cost=0.00..5.22 rows=0 width=0) (actual time=0.044..0.044 rows=0 loops=1)
  ->  Seq Scan on time_statistics  (cost=0.00..5.22 rows=1 width=14) (actual time=0.022..0.030 rows=1 loops=1)
        Filter: ((template = 'query76.tpl'::text) AND (stream = 4))
        Rows Removed by Filter: 161
UPDATE 1
LOAD 'auto_explain'; SET auto_explain.log_min_duration TO 0; SET auto_explain.log_analyze TO on; SET auto_explain.log_level TO notice; INSERT INTO time_statistics (template, s_time, stream, query, seed) VALUES ('../query_postgresql/query80.tpl', TRANSACTION_TIMESTAMP(), 4, 63, 478237253);
LOAD
SET
SET
SET
psql:/tmp/s1-basline/throughput/query_4.sql:3085: NOTICE:  duration: 0.009 ms  plan:
Query Text: INSERT INTO time_statistics (template, s_time, stream, query, seed) VALUES ('../query_postgresql/query80.tpl', TRANSACTION_TIMESTAMP(), 4, 63, 478237253);
Insert on time_statistics  (cost=0.00..0.01 rows=0 width=0) (actual time=0.008..0.008 rows=0 loops=1)
  ->  Result  (cost=0.00..0.01 rows=1 width=64) (actual time=0.001..0.001 rows=1 loops=1)
INSERT 0 1
with ssr as
 (select  s_store_id as store_id,
          sum(ss_ext_sales_price) as sales,
          sum(coalesce(sr_return_amt, 0)) as returns,
          sum(ss_net_profit - coalesce(sr_net_loss, 0)) as profit
  from store_sales left outer join store_returns on
         (ss_item_sk = sr_item_sk and ss_ticket_number = sr_ticket_number),
     date_dim,
     store,
     item,
     promotion
 where ss_sold_date_sk = d_date_sk
       and d_date between cast('2001-08-05' as date) 
                  and (cast('2001-08-05' as date) + interval '30 days')
       and ss_store_sk = s_store_sk
       and ss_item_sk = i_item_sk
       and i_current_price > 50
       and ss_promo_sk = p_promo_sk
       and p_channel_tv = 'N'
 group by s_store_id)
 ,
 csr as
 (select  cp_catalog_page_id as catalog_page_id,
          sum(cs_ext_sales_price) as sales,
          sum(coalesce(cr_return_amount, 0)) as returns,
          sum(cs_net_profit - coalesce(cr_net_loss, 0)) as profit
  from catalog_sales left outer join catalog_returns on
         (cs_item_sk = cr_item_sk and cs_order_number = cr_order_number),
     date_dim,
     catalog_page,
     item,
     promotion
 where cs_sold_date_sk = d_date_sk
       and d_date between cast('2001-08-05' as date)
                  and (cast('2001-08-05' as date) +  interval '30 days')
        and cs_catalog_page_sk = cp_catalog_page_sk
       and cs_item_sk = i_item_sk
       and i_current_price > 50
       and cs_promo_sk = p_promo_sk
       and p_channel_tv = 'N'
group by cp_catalog_page_id)
 ,
 wsr as
 (select  web_site_id,
          sum(ws_ext_sales_price) as sales,
          sum(coalesce(wr_return_amt, 0)) as returns,
          sum(ws_net_profit - coalesce(wr_net_loss, 0)) as profit
  from web_sales left outer join web_returns on
         (ws_item_sk = wr_item_sk and ws_order_number = wr_order_number),
     date_dim,
     web_site,
     item,
     promotion
 where ws_sold_date_sk = d_date_sk
       and d_date between cast('2001-08-05' as date)
                  and (cast('2001-08-05' as date) + interval '30 days')
        and ws_web_site_sk = web_site_sk
       and ws_item_sk = i_item_sk
       and i_current_price > 50
       and ws_promo_sk = p_promo_sk
       and p_channel_tv = 'N'
group by web_site_id)
  select  channel
        , id
        , sum(sales) as sales
        , sum(returns) as returns
        , sum(profit) as profit
 from 
 (select 'store channel' as channel
        , 'store' || store_id as id
        , sales
        , returns
        , profit
 from   ssr
 union all
 select 'catalog channel' as channel
        , 'catalog_page' || catalog_page_id as id
        , sales
        , returns
        , profit
 from  csr
 union all
 select 'web channel' as channel
        , 'web_site' || web_site_id as id
        , sales
        , returns
        , profit
 from   wsr
 ) x
 group by rollup (channel, id)
 order by channel
         ,id
 limit 100;
psql:/tmp/s1-basline/throughput/query_4.sql:3178: NOTICE:  duration: 283.628 ms  plan:
Query Text: with ssr as
 (select  s_store_id as store_id,
          sum(ss_ext_sales_price) as sales,
          sum(coalesce(sr_return_amt, 0)) as returns,
          sum(ss_net_profit - coalesce(sr_net_loss, 0)) as profit
  from store_sales left outer join store_returns on
         (ss_item_sk = sr_item_sk and ss_ticket_number = sr_ticket_number),
     date_dim,
     store,
     item,
     promotion
 where ss_sold_date_sk = d_date_sk
       and d_date between cast('2001-08-05' as date) 
                  and (cast('2001-08-05' as date) + interval '30 days')
       and ss_store_sk = s_store_sk
       and ss_item_sk = i_item_sk
       and i_current_price > 50
       and ss_promo_sk = p_promo_sk
       and p_channel_tv = 'N'
 group by s_store_id)
 ,
 csr as
 (select  cp_catalog_page_id as catalog_page_id,
          sum(cs_ext_sales_price) as sales,
          sum(coalesce(cr_return_amount, 0)) as returns,
          sum(cs_net_profit - coalesce(cr_net_loss, 0)) as profit
  from catalog_sales left outer join catalog_returns on
         (cs_item_sk = cr_item_sk and cs_order_number = cr_order_number),
     date_dim,
     catalog_page,
     item,
     promotion
 where cs_sold_date_sk = d_date_sk
       and d_date between cast('2001-08-05' as date)
                  and (cast('2001-08-05' as date) +  interval '30 days')
        and cs_catalog_page_sk = cp_catalog_page_sk
       and cs_item_sk = i_item_sk
       and i_current_price > 50
       and cs_promo_sk = p_promo_sk
       and p_channel_tv = 'N'
group by cp_catalog_page_id)
 ,
 wsr as
 (select  web_site_id,
          sum(ws_ext_sales_price) as sales,
          sum(coalesce(wr_return_amt, 0)) as returns,
          sum(ws_net_profit - coalesce(wr_net_loss, 0)) as profit
  from web_sales left outer join web_returns on
         (ws_item_sk = wr_item_sk and ws_order_number = wr_order_number),
     date_dim,
     web_site,
     item,
     promotion
 where ws_sold_date_sk = d_date_sk
       and d_date between cast('2001-08-05' as date)
                  and (cast('2001-08-05' as date) + interval '30 days')
        and ws_web_site_sk = web_site_sk
       and ws_item_sk = i_item_sk
       and i_current_price > 50
       and ws_promo_sk = p_promo_sk
       and p_channel_tv = 'N'
group by web_site_id)
  select  channel
        , id
        , sum(sales) as sales
        , sum(returns) as returns
        , sum(profit) as profit
 from 
 (select 'store channel' as channel
        , 'store' || store_id as id
        , sales
        , returns
        , profit
 from   ssr
 union all
 select 'catalog channel' as channel
        , 'catalog_page' || catalog_page_id as id
        , sales
        , returns
        , profit
 from  csr
 union all
 select 'web channel' as channel
        , 'web_site' || web_site_id as id
        , sales
        , returns
        , profit
 from   wsr
 ) x
 group by rollup (channel, id)
 order by channel
         ,id
 limit 100;
Limit  (cost=40989.21..40996.60 rows=100 width=88) (actual time=244.122..283.564 rows=100 loops=1)
  ->  GroupAggregate  (cost=40989.21..40996.97 rows=105 width=88) (actual time=244.121..283.556 rows=100 loops=1)
        Group Key: ('store channel'::text), (('store'::text || (ssr.store_id)::text))
        Group Key: ('store channel'::text)
        Group Key: ()
        ->  Gather Merge  (cost=40989.21..40995.27 rows=52 width=88) (actual time=244.115..283.505 rows=101 loops=1)
              Workers Planned: 2
              Workers Launched: 2
              ->  Sort  (cost=39989.19..39989.24 rows=21 width=88) (actual time=137.371..137.381 rows=41 loops=3)
                    Sort Key: ('store channel'::text), (('store'::text || (ssr.store_id)::text))
                    Sort Method: quicksort  Memory: 60kB
                    Worker 0:  Sort Method: quicksort  Memory: 26kB
                    Worker 1:  Sort Method: quicksort  Memory: 25kB
                    ->  Parallel Append  (cost=1.57..39988.73 rows=21 width=88) (actual time=120.840..137.249 rows=115 loops=3)
                          ->  Subquery Scan on ssr  (cost=1.57..39988.62 rows=6 width=88) (actual time=186.858..235.376 rows=6 loops=1)
                                ->  GroupAggregate  (cost=1.57..39988.53 rows=6 width=41) (actual time=186.854..235.368 rows=6 loops=1)
                                      Group Key: store.s_store_id
                                      ->  Nested Loop Left Join  (cost=1.57..39987.80 rows=54 width=49) (actual time=2.788..234.779 rows=3253 loops=1)
                                            ->  Nested Loop  (cost=1.14..39963.75 rows=54 width=49) (actual time=2.716..225.380 rows=3253 loops=1)
                                                  Join Filter: (store_sales.ss_promo_sk = promotion.p_promo_sk)
                                                  Rows Removed by Join Filter: 504002
                                                  ->  Nested Loop  (cost=1.14..39696.46 rows=57 width=57) (actual time=2.497..179.372 rows=3316 loops=1)
                                                        Join Filter: (store_sales.ss_store_sk = store.s_store_sk)
                                                        Rows Removed by Join Filter: 37484
                                                        ->  Index Scan using i_s_store_id on store  (cost=0.14..3.62 rows=12 width=25) (actual time=0.059..0.064 rows=12 loops=1)
                                                        ->  Materialize  (cost=1.01..39682.20 rows=60 width=48) (actual time=0.026..14.678 rows=3400 loops=12)
                                                              ->  Nested Loop  (cost=1.01..39681.90 rows=60 width=48) (actual time=0.307..173.488 rows=3400 loops=1)
                                                                    ->  Nested Loop  (cost=0.72..39334.17 rows=1129 width=48) (actual time=0.171..65.927 rows=61753 loops=1)
                                                                          ->  Index Scan using i_d_date on date_dim  (cost=0.29..3.09 rows=30 width=8) (actual time=0.077..0.090 rows=31 loops=1)
                                                                                Index Cond: ((d_date >= '2001-08-05'::date) AND (d_date <= '2001-09-04 00:00:00'::timestamp without time zone))
                                                                          ->  Index Scan using i_ss_sold_date_sk on store_sales  (cost=0.43..1295.96 rows=1508 width=56) (actual time=0.013..1.768 rows=1992 loops=31)
                                                                                Index Cond: (ss_sold_date_sk = date_dim.d_date_sk)
                                                                    ->  Index Scan using pk_item on item  (cost=0.29..0.31 rows=1 width=8) (actual time=0.002..0.002 rows=0 loops=61753)
                                                                          Index Cond: (i_item_sk = store_sales.ss_item_sk)
                                                                          Filter: (i_current_price > '50'::double precision)
                                                                          Rows Removed by Filter: 1
                                                  ->  Materialize  (cost=0.00..13.24 rows=298 width=8) (actual time=0.000..0.005 rows=153 loops=3316)
                                                        ->  Seq Scan on promotion  (cost=0.00..11.75 rows=298 width=8) (actual time=0.025..0.171 rows=298 loops=1)
                                                              Filter: (p_channel_tv = 'N'::bpchar)
                                                              Rows Removed by Filter: 2
                                            ->  Index Scan using pk_store_returns on store_returns  (cost=0.42..0.45 rows=1 width=32) (actual time=0.003..0.003 rows=0 loops=3253)
                                                  Index Cond: ((sr_item_sk = store_sales.ss_item_sk) AND (sr_ticket_number = store_sales.ss_ticket_number))
                          ->  Subquery Scan on wsr  (cost=11230.35..11230.96 rows=15 width=88) (actual time=94.501..94.667 rows=15 loops=1)
                                ->  GroupAggregate  (cost=11230.35..11230.74 rows=15 width=41) (actual time=94.498..94.658 rows=15 loops=1)
                                      Group Key: web_site.web_site_id
                                      ->  Sort  (cost=11230.35..11230.39 rows=16 width=49) (actual time=94.478..94.511 rows=831 loops=1)
                                            Sort Key: web_site.web_site_id
                                            Worker 0:  Sort Method: quicksort  Memory: 91kB
                                            ->  Nested Loop  (cost=1.42..11230.03 rows=16 width=49) (actual time=19.201..93.895 rows=831 loops=1)
                                                  Join Filter: (web_sales.ws_promo_sk = promotion_1.p_promo_sk)
                                                  Rows Removed by Join Filter: 248595
                                                  ->  Seq Scan on promotion promotion_1  (cost=0.00..11.75 rows=298 width=8) (actual time=0.032..0.143 rows=298 loops=1)
                                                        Filter: (p_channel_tv = 'N'::bpchar)
                                                        Rows Removed by Filter: 2
                                                  ->  Materialize  (cost=1.42..11146.80 rows=16 width=57) (actual time=0.002..0.261 rows=837 loops=298)
                                                        ->  Nested Loop  (cost=1.42..11146.72 rows=16 width=57) (actual time=0.720..68.857 rows=837 loops=1)
                                                              Join Filter: (web_sales.ws_web_site_sk = web_site.web_site_sk)
                                                              Rows Removed by Join Filter: 11654
                                                              ->  Nested Loop Left Join  (cost=1.42..11137.57 rows=16 width=48) (actual time=0.673..67.443 rows=838 loops=1)
                                                                    ->  Nested Loop  (cost=1.00..11130.51 rows=16 width=48) (actual time=0.597..63.611 rows=838 loops=1)
                                                                          ->  Nested Loop  (cost=0.72..11039.21 rows=295 width=48) (actual time=0.205..22.341 rows=15741 loops=1)
                                                                                ->  Index Scan using i_d_date on date_dim date_dim_1  (cost=0.29..3.09 rows=30 width=8) (actual time=0.093..0.107 rows=31 loops=1)
                                                                                      Index Cond: ((d_date >= '2001-08-05'::date) AND (d_date <= '2001-09-04 00:00:00'::timestamp without time zone))
                                                                                ->  Index Scan using i_ws_sold_date_sk on web_sales  (cost=0.42..363.92 rows=395 width=56) (actual time=0.016..0.611 rows=508 loops=31)
                                                                                      Index Cond: (ws_sold_date_sk = date_dim_1.d_date_sk)
                                                                          ->  Index Scan using pk_item on item item_1  (cost=0.29..0.31 rows=1 width=8) (actual time=0.002..0.002 rows=0 loops=15741)
                                                                                Index Cond: (i_item_sk = web_sales.ws_item_sk)
                                                                                Filter: (i_current_price > '50'::double precision)
                                                                                Rows Removed by Filter: 1
                                                                    ->  Index Scan using pk_web_returns on web_returns  (cost=0.42..0.44 rows=1 width=32) (actual time=0.004..0.004 rows=0 loops=838)
                                                                          Index Cond: ((wr_item_sk = web_sales.ws_item_sk) AND (wr_order_number = web_sales.ws_order_number))
                                                              ->  Materialize  (cost=0.00..2.45 rows=30 width=25) (actual time=0.000..0.001 rows=15 loops=838)
                                                                    ->  Seq Scan on web_site  (cost=0.00..2.30 rows=30 width=25) (actual time=0.035..0.054 rows=30 loops=1)
                          ->  Subquery Scan on csr  (cost=1853.96..1855.20 rows=31 width=88) (actual time=81.158..81.660 rows=323 loops=1)
                                ->  GroupAggregate  (cost=1853.96..1854.73 rows=31 width=41) (actual time=81.155..81.573 rows=323 loops=1)
                                      Group Key: catalog_page.cp_catalog_page_id
                                      ->  Sort  (cost=1853.96..1854.03 rows=31 width=49) (actual time=81.147..81.210 rows=1634 loops=1)
                                            Sort Key: catalog_page.cp_catalog_page_id
                                            Sort Method: quicksort  Memory: 179kB
                                            ->  Nested Loop  (cost=1.86..1853.19 rows=31 width=49) (actual time=0.062..78.491 rows=1634 loops=1)
                                                  ->  Nested Loop  (cost=1.71..1848.00 rows=31 width=57) (actual time=0.060..76.365 rows=1646 loops=1)
                                                        ->  Nested Loop Left Join  (cost=1.43..1838.61 rows=31 width=48) (actual time=0.047..73.991 rows=1648 loops=1)
                                                              ->  Nested Loop  (cost=1.01..1824.86 rows=31 width=48) (actual time=0.042..70.418 rows=1648 loops=1)
                                                                    ->  Nested Loop  (cost=0.72..1643.46 rows=588 width=48) (actual time=0.019..14.182 rows=31636 loops=1)
                                                                          ->  Index Scan using i_d_date on date_dim date_dim_2  (cost=0.29..3.09 rows=30 width=8) (actual time=0.009..0.022 rows=31 loops=1)
                                                                                Index Cond: ((d_date >= '2001-08-05'::date) AND (d_date <= '2001-09-04 00:00:00'::timestamp without time zone))
                                                                          ->  Index Scan using i_cs_sold_date_sk on catalog_sales  (cost=0.43..46.86 rows=782 width=56) (actual time=0.005..0.259 rows=1021 loops=31)
                                                                                Index Cond: (cs_sold_date_sk = date_dim_2.d_date_sk)
                                                                    ->  Index Scan using pk_item on item item_2  (cost=0.29..0.31 rows=1 width=8) (actual time=0.002..0.002 rows=0 loops=31636)
                                                                          Index Cond: (i_item_sk = catalog_sales.cs_item_sk)
                                                                          Filter: (i_current_price > '50'::double precision)
                                                                          Rows Removed by Filter: 1
                                                              ->  Index Scan using pk_catalog_returns on catalog_returns  (cost=0.42..0.44 rows=1 width=32) (actual time=0.002..0.002 rows=0 loops=1648)
                                                                    Index Cond: ((cr_item_sk = catalog_sales.cs_item_sk) AND (cr_order_number = catalog_sales.cs_order_number))
                                                        ->  Index Scan using pk_catalog_page on catalog_page  (cost=0.29..0.30 rows=1 width=25) (actual time=0.001..0.001 rows=1 loops=1648)
                                                              Index Cond: (cp_catalog_page_sk = catalog_sales.cs_catalog_page_sk)
                                                  ->  Index Scan using pk_promotion on promotion promotion_2  (cost=0.15..0.17 rows=1 width=8) (actual time=0.001..0.001 rows=1 loops=1646)
                                                        Index Cond: (p_promo_sk = catalog_sales.cs_promo_sk)
                                                        Filter: (p_channel_tv = 'N'::bpchar)
                                                        Rows Removed by Filter: 0
     channel     |              id              |       sales        |      returns       |       profit        
-----------------+------------------------------+--------------------+--------------------+---------------------
 catalog channel | catalog_pageAAAAAAAAAAIBAAAA |            2608.08 |                  0 |              737.52
 catalog channel | catalog_pageAAAAAAAAAAKBAAAA |           22685.45 |            6901.54 |  -8673.829999999998
 catalog channel | catalog_pageAAAAAAAAABKBAAAA |           18302.17 |               30.1 |             4248.14
 catalog channel | catalog_pageAAAAAAAAACKBAAAA |           12511.74 |             455.22 |            -2273.38
 catalog channel | catalog_pageAAAAAAAAAEHBAAAA |           14302.06 |            5631.45 | -12901.900000000001
 catalog channel | catalog_pageAAAAAAAAAFHBAAAA | 23058.029999999995 |              34.87 |            -7926.01
 catalog channel | catalog_pageAAAAAAAAAGHBAAAA | 26156.659999999996 |                  0 |  7742.3099999999995
 catalog channel | catalog_pageAAAAAAAAAHHBAAAA |           17743.65 | 7464.4400000000005 | -3835.6099999999997
 catalog channel | catalog_pageAAAAAAAAAIHBAAAA |           33971.92 |  9470.619999999999 |             9985.98
 catalog channel | catalog_pageAAAAAAAAAJHBAAAA | 15829.560000000001 |              74.48 |            -15638.4
 catalog channel | catalog_pageAAAAAAAAAKHBAAAA | 1247.8799999999999 |              261.3 |   7.770000000000067
 catalog channel | catalog_pageAAAAAAAAALHBAAAA | 14022.400000000001 |             164.43 |            -1012.81
 catalog channel | catalog_pageAAAAAAAAAMHBAAAA |           12546.97 |             924.12 |   283.6600000000001
 catalog channel | catalog_pageAAAAAAAAANHBAAAA |           14852.17 |                  0 |  2589.6800000000003
 catalog channel | catalog_pageAAAAAAAAANJBAAAA | 6079.6900000000005 |                  0 |             1072.76
 catalog channel | catalog_pageAAAAAAAAAOHBAAAA |           14190.08 |                  0 |   571.2799999999995
 catalog channel | catalog_pageAAAAAAAAAPHBAAAA |            4250.38 |                  0 |            -3559.18
 catalog channel | catalog_pageAAAAAAAAAPJBAAAA |            1351.46 |             164.16 |            -4853.34
 catalog channel | catalog_pageAAAAAAAABAIBAAAA |            5556.84 |                  0 |             1654.52
 catalog channel | catalog_pageAAAAAAAABAKBAAAA |            7059.85 |              70.96 |            -8537.62
 catalog channel | catalog_pageAAAAAAAABBKBAAAA |           10876.57 |                  0 |             1380.81
 catalog channel | catalog_pageAAAAAAAABCKBAAAA | 1555.3200000000002 |                  0 |  -686.0800000000002
 catalog channel | catalog_pageAAAAAAAABEHBAAAA | 18280.629999999997 |            2293.58 |  -6400.339999999999
 catalog channel | catalog_pageAAAAAAAABFHBAAAA | 21989.589999999997 |             300.06 |  2602.6999999999994
 catalog channel | catalog_pageAAAAAAAABGHBAAAA | 25731.550000000003 |           11931.37 |             2516.46
 catalog channel | catalog_pageAAAAAAAABHHBAAAA | 24711.859999999997 | 3428.7400000000002 |            -1613.59
 catalog channel | catalog_pageAAAAAAAABIHBAAAA |            4528.44 |                  0 |            -3874.53
 catalog channel | catalog_pageAAAAAAAABJHBAAAA |           19850.17 |                  0 | -4321.9400000000005
 catalog channel | catalog_pageAAAAAAAABKHBAAAA |           26519.16 |            2011.38 |  -5146.349999999999
 catalog channel | catalog_pageAAAAAAAABLHBAAAA |           12731.24 |                  0 |              2389.5
 catalog channel | catalog_pageAAAAAAAABMHBAAAA |  6627.299999999999 |            1702.12 |  -4920.130000000001
 catalog channel | catalog_pageAAAAAAAABMJBAAAA |           13730.84 | 6168.5199999999995 |            -8960.96
 catalog channel | catalog_pageAAAAAAAABNHBAAAA |             2604.5 |                  0 |             1399.44
 catalog channel | catalog_pageAAAAAAAABNJBAAAA |            4417.27 |                  0 |   797.6100000000001
 catalog channel | catalog_pageAAAAAAAABOHBAAAA |            9434.28 |              52.32 |            -8879.41
 catalog channel | catalog_pageAAAAAAAABOJBAAAA |               72.6 |                  0 |                34.2
 catalog channel | catalog_pageAAAAAAAABPHBAAAA |           20041.46 |                  0 |  170.46000000000004
 catalog channel | catalog_pageAAAAAAAABPJBAAAA |            2858.87 |                  0 |            -2950.67
 catalog channel | catalog_pageAAAAAAAACAIBAAAA |            2707.45 |                  0 |  -698.4300000000001
 catalog channel | catalog_pageAAAAAAAACAKBAAAA | 17002.620000000003 |                  0 |  -4661.039999999999
 catalog channel | catalog_pageAAAAAAAACBKBAAAA |             875.78 |                  0 |             -687.39
 catalog channel | catalog_pageAAAAAAAACCKBAAAA | 1353.4499999999998 |              156.1 |               79.34
 catalog channel | catalog_pageAAAAAAAACEHBAAAA |           24758.96 |            5733.76 |  -6018.459999999999
 catalog channel | catalog_pageAAAAAAAACFHBAAAA |           14169.07 |              32.64 |             2233.38
 catalog channel | catalog_pageAAAAAAAACGHBAAAA |            9345.96 |                  0 |              349.48
 catalog channel | catalog_pageAAAAAAAACHHBAAAA |           48928.71 |             192.48 |  -8228.060000000001
 catalog channel | catalog_pageAAAAAAAACIHBAAAA |            18479.6 |                  0 |             3928.54
 catalog channel | catalog_pageAAAAAAAACJHBAAAA |            41610.7 |             319.33 |            12837.79
 catalog channel | catalog_pageAAAAAAAACKHBAAAA |            2790.01 |             1023.6 |             -2115.5
 catalog channel | catalog_pageAAAAAAAACLHBAAAA |            3876.39 |                  0 |            -6171.49
 catalog channel | catalog_pageAAAAAAAACMHBAAAA | 11473.320000000002 |                  0 |              3417.4
 catalog channel | catalog_pageAAAAAAAACMJBAAAA |           10363.24 |                  0 |              641.76
 catalog channel | catalog_pageAAAAAAAACNJBAAAA |             3650.7 |                  0 |             1084.18
 catalog channel | catalog_pageAAAAAAAACOHBAAAA |             7555.5 |             339.03 |              820.01
 catalog channel | catalog_pageAAAAAAAACOJBAAAA |            4189.72 |                  0 |  338.91999999999996
 catalog channel | catalog_pageAAAAAAAACPHBAAAA |           16683.99 |            1165.71 |  3968.8899999999994
 catalog channel | catalog_pageAAAAAAAACPJBAAAA | 11279.529999999999 |                  0 | -1057.9700000000003
 catalog channel | catalog_pageAAAAAAAADAIBAAAA |            14085.4 |                  0 |            -8342.94
 catalog channel | catalog_pageAAAAAAAADAKBAAAA |            4228.86 |                  0 |            -7649.26
 catalog channel | catalog_pageAAAAAAAADBKBAAAA |           13462.32 |           10726.94 |            -4273.85
 catalog channel | catalog_pageAAAAAAAADCKBAAAA |           11765.02 |              541.8 |             2077.66
 catalog channel | catalog_pageAAAAAAAADEHBAAAA | 18629.350000000002 |                  0 |  1258.3600000000001
 catalog channel | catalog_pageAAAAAAAADFHBAAAA |           18551.91 |                  0 |           -10624.97
 catalog channel | catalog_pageAAAAAAAADGHBAAAA |           17738.75 |                  0 |            -3159.73
 catalog channel | catalog_pageAAAAAAAADHHBAAAA |            6781.68 |                  0 | -3108.7100000000005
 catalog channel | catalog_pageAAAAAAAADIHBAAAA | 10499.880000000001 |                528 |            -4664.14
 catalog channel | catalog_pageAAAAAAAADJHBAAAA |           17258.43 |                  0 |  -881.9100000000003
 catalog channel | catalog_pageAAAAAAAADKHBAAAA |             5938.9 |                  0 |             -3121.7
 catalog channel | catalog_pageAAAAAAAADLHBAAAA |           12965.26 |             4260.6 |   740.6800000000001
 catalog channel | catalog_pageAAAAAAAADMHBAAAA |           10437.15 |             230.64 |            -2648.04
 catalog channel | catalog_pageAAAAAAAADMJBAAAA |           23626.35 |                  0 |             4552.73
 catalog channel | catalog_pageAAAAAAAADNHBAAAA |            1128.82 |             754.27 | -1419.9499999999998
 catalog channel | catalog_pageAAAAAAAADNJBAAAA |            4190.46 |            1030.26 |  -8404.210000000001
 catalog channel | catalog_pageAAAAAAAADOHBAAAA | 32476.300000000003 |             1390.6 |            -9654.39
 catalog channel | catalog_pageAAAAAAAADOJBAAAA |           11036.55 |                  0 | -1932.3100000000004
 catalog channel | catalog_pageAAAAAAAADPHBAAAA |            6817.42 |                  0 |             1725.11
 catalog channel | catalog_pageAAAAAAAADPJBAAAA |            2960.24 |                  0 | -1891.4799999999998
 catalog channel | catalog_pageAAAAAAAAEAIBAAAA |             7909.1 |                  0 |  2883.5099999999998
 catalog channel | catalog_pageAAAAAAAAEAKBAAAA |           16768.03 |                  0 |             6883.94
 catalog channel | catalog_pageAAAAAAAAEBKBAAAA |            3344.88 |                  0 |             -2706.4
 catalog channel | catalog_pageAAAAAAAAECKBAAAA |            3924.14 |                  0 | -1375.4500000000003
 catalog channel | catalog_pageAAAAAAAAEEHBAAAA |  35534.96000000001 |  9174.619999999999 | -2537.0999999999995
 catalog channel | catalog_pageAAAAAAAAEFHBAAAA |           11660.65 |            1842.21 | -300.54999999999995
 catalog channel | catalog_pageAAAAAAAAEGHBAAAA |           12745.38 |            2921.38 |  1886.2699999999995
 catalog channel | catalog_pageAAAAAAAAEHHBAAAA |           33070.97 |                  0 |  -5522.020000000001
 catalog channel | catalog_pageAAAAAAAAEIHBAAAA |           14490.02 | 2043.8700000000001 | -1251.8999999999999
 catalog channel | catalog_pageAAAAAAAAEJHBAAAA |            8695.96 |              55.26 |             2036.36
 catalog channel | catalog_pageAAAAAAAAEKHBAAAA |            4799.92 |                  0 | -1436.8799999999999
 catalog channel | catalog_pageAAAAAAAAELHBAAAA |            2013.74 |                  0 | -1633.1599999999999
 catalog channel | catalog_pageAAAAAAAAEMHBAAAA | 11319.789999999999 |            2851.08 |  -765.7400000000002
 catalog channel | catalog_pageAAAAAAAAEMJBAAAA |           14749.34 |                  0 |            -2184.58
 catalog channel | catalog_pageAAAAAAAAENHBAAAA | 19867.600000000002 |             208.34 |  2534.9499999999994
 catalog channel | catalog_pageAAAAAAAAENJBAAAA |             205.48 |                  0 |             -651.42
 catalog channel | catalog_pageAAAAAAAAEOHBAAAA |  4250.379999999999 |                389 |  463.21999999999997
 catalog channel | catalog_pageAAAAAAAAEOJBAAAA |            14446.5 |                  0 |  6623.4400000000005
 catalog channel | catalog_pageAAAAAAAAEPHBAAAA |           10319.58 |                  0 |  1837.3200000000002
 catalog channel | catalog_pageAAAAAAAAEPJBAAAA |            1144.56 |                  0 |             -1907.6
 catalog channel | catalog_pageAAAAAAAAFAIBAAAA |            4536.36 |            1192.69 |            -2231.71
 catalog channel | catalog_pageAAAAAAAAFAKBAAAA |            6388.58 |                  0 |             -4235.9
 catalog channel | catalog_pageAAAAAAAAFBKBAAAA |           13898.69 |                  0 |              6426.5
(100 rows)

UPDATE time_statistics SET e_time = TRANSACTION_TIMESTAMP() WHERE template = '../query_postgresql/query80.tpl' AND stream = 4;
psql:/tmp/s1-basline/throughput/query_4.sql:3180: NOTICE:  duration: 0.047 ms  plan:
Query Text: UPDATE time_statistics SET e_time = TRANSACTION_TIMESTAMP() WHERE template = '../query_postgresql/query80.tpl' AND stream = 4;
Update on time_statistics  (cost=0.00..5.22 rows=0 width=0) (actual time=0.047..0.047 rows=0 loops=1)
  ->  Seq Scan on time_statistics  (cost=0.00..5.22 rows=1 width=14) (actual time=0.025..0.033 rows=1 loops=1)
        Filter: ((template = '../query_postgresql/query80.tpl'::text) AND (stream = 4))
        Rows Removed by Filter: 162
UPDATE 1
LOAD 'auto_explain'; SET auto_explain.log_min_duration TO 0; SET auto_explain.log_analyze TO on; SET auto_explain.log_level TO notice; INSERT INTO time_statistics (template, s_time, stream, query, seed) VALUES ('query56.tpl', TRANSACTION_TIMESTAMP(), 4, 64, 1974657111);
LOAD
SET
SET
SET
psql:/tmp/s1-basline/throughput/query_4.sql:3181: NOTICE:  duration: 0.008 ms  plan:
Query Text: INSERT INTO time_statistics (template, s_time, stream, query, seed) VALUES ('query56.tpl', TRANSACTION_TIMESTAMP(), 4, 64, 1974657111);
Insert on time_statistics  (cost=0.00..0.01 rows=0 width=0) (actual time=0.008..0.008 rows=0 loops=1)
  ->  Result  (cost=0.00..0.01 rows=1 width=64) (actual time=0.001..0.002 rows=1 loops=1)
INSERT 0 1
with ss as (
 select i_item_id,sum(ss_ext_sales_price) total_sales
 from
 	store_sales,
 	date_dim,
         customer_address,
         item
 where i_item_id in (select
     i_item_id
from item
where i_color in ('salmon','pink','aquamarine'))
 and     ss_item_sk              = i_item_sk
 and     ss_sold_date_sk         = d_date_sk
 and     d_year                  = 1999
 and     d_moy                   = 3
 and     ss_addr_sk              = ca_address_sk
 and     ca_gmt_offset           = -6 
 group by i_item_id),
 cs as (
 select i_item_id,sum(cs_ext_sales_price) total_sales
 from
 	catalog_sales,
 	date_dim,
         customer_address,
         item
 where
         i_item_id               in (select
  i_item_id
from item
where i_color in ('salmon','pink','aquamarine'))
 and     cs_item_sk              = i_item_sk
 and     cs_sold_date_sk         = d_date_sk
 and     d_year                  = 1999
 and     d_moy                   = 3
 and     cs_bill_addr_sk         = ca_address_sk
 and     ca_gmt_offset           = -6 
 group by i_item_id),
 ws as (
 select i_item_id,sum(ws_ext_sales_price) total_sales
 from
 	web_sales,
 	date_dim,
         customer_address,
         item
 where
         i_item_id               in (select
  i_item_id
from item
where i_color in ('salmon','pink','aquamarine'))
 and     ws_item_sk              = i_item_sk
 and     ws_sold_date_sk         = d_date_sk
 and     d_year                  = 1999
 and     d_moy                   = 3
 and     ws_bill_addr_sk         = ca_address_sk
 and     ca_gmt_offset           = -6
 group by i_item_id)
  select  i_item_id ,sum(total_sales) total_sales
 from  (select * from ss 
        union all
        select * from cs 
        union all
        select * from ws) tmp1
 group by i_item_id
 order by total_sales,
          i_item_id
 limit 100;
psql:/tmp/s1-basline/throughput/query_4.sql:3247: NOTICE:  duration: 590.337 ms  plan:
Query Text: with ss as (
 select i_item_id,sum(ss_ext_sales_price) total_sales
 from
 	store_sales,
 	date_dim,
         customer_address,
         item
 where i_item_id in (select
     i_item_id
from item
where i_color in ('salmon','pink','aquamarine'))
 and     ss_item_sk              = i_item_sk
 and     ss_sold_date_sk         = d_date_sk
 and     d_year                  = 1999
 and     d_moy                   = 3
 and     ss_addr_sk              = ca_address_sk
 and     ca_gmt_offset           = -6 
 group by i_item_id),
 cs as (
 select i_item_id,sum(cs_ext_sales_price) total_sales
 from
 	catalog_sales,
 	date_dim,
         customer_address,
         item
 where
         i_item_id               in (select
  i_item_id
from item
where i_color in ('salmon','pink','aquamarine'))
 and     cs_item_sk              = i_item_sk
 and     cs_sold_date_sk         = d_date_sk
 and     d_year                  = 1999
 and     d_moy                   = 3
 and     cs_bill_addr_sk         = ca_address_sk
 and     ca_gmt_offset           = -6 
 group by i_item_id),
 ws as (
 select i_item_id,sum(ws_ext_sales_price) total_sales
 from
 	web_sales,
 	date_dim,
         customer_address,
         item
 where
         i_item_id               in (select
  i_item_id
from item
where i_color in ('salmon','pink','aquamarine'))
 and     ws_item_sk              = i_item_sk
 and     ws_sold_date_sk         = d_date_sk
 and     d_year                  = 1999
 and     d_moy                   = 3
 and     ws_bill_addr_sk         = ca_address_sk
 and     ca_gmt_offset           = -6
 group by i_item_id)
  select  i_item_id ,sum(total_sales) total_sales
 from  (select * from ss 
        union all
        select * from cs 
        union all
        select * from ws) tmp1
 group by i_item_id
 order by total_sales,
          i_item_id
 limit 100;
Limit  (cost=24478.70..24478.91 rows=84 width=25) (actual time=485.280..590.305 rows=100 loops=1)
  ->  Sort  (cost=24478.70..24478.91 rows=84 width=25) (actual time=485.279..590.297 rows=100 loops=1)
        Sort Key: (sum((sum(store_sales.ss_ext_sales_price)))), item.i_item_id
        Sort Method: top-N heapsort  Memory: 37kB
        ->  Finalize GroupAggregate  (cost=24466.40..24476.02 rows=84 width=25) (actual time=484.063..590.150 rows=749 loops=1)
              Group Key: item.i_item_id
              ->  Gather Merge  (cost=24466.40..24474.84 rows=68 width=25) (actual time=484.059..589.870 rows=1260 loops=1)
                    Workers Planned: 2
                    Workers Launched: 2
                    ->  Partial GroupAggregate  (cost=23466.37..23466.97 rows=34 width=25) (actual time=255.981..256.140 rows=420 loops=3)
                          Group Key: item.i_item_id
                          ->  Sort  (cost=23466.37..23466.46 rows=34 width=25) (actual time=255.978..256.002 rows=420 loops=3)
                                Sort Key: item.i_item_id
                                Sort Method: quicksort  Memory: 52kB
                                Worker 0:  Sort Method: quicksort  Memory: 41kB
                                Worker 1:  Sort Method: quicksort  Memory: 69kB
                                ->  Parallel Append  (cost=10967.26..23465.51 rows=34 width=25) (actual time=255.596..255.817 rows=420 loops=3)
                                      ->  GroupAggregate  (cost=23464.07..23464.88 rows=46 width=25) (actual time=475.243..475.548 rows=626 loops=1)
                                            Group Key: item.i_item_id
                                            ->  Sort  (cost=23464.07..23464.19 rows=46 width=25) (actual time=475.237..475.283 rows=1116 loops=1)
                                                  Sort Key: item.i_item_id
                                                  Worker 1:  Sort Method: quicksort  Memory: 127kB
                                                  ->  Nested Loop  (cost=4007.73..23462.80 rows=46 width=25) (actual time=37.750..472.844 rows=1116 loops=1)
                                                        ->  Hash Join  (cost=4007.44..23428.96 rows=109 width=33) (actual time=37.704..464.050 rows=2497 loops=1)
                                                              Hash Cond: (store_sales.ss_sold_date_sk = date_dim.d_date_sk)
                                                              ->  Nested Loop  (cost=1506.32..20221.55 rows=269043 width=41) (actual time=22.867..431.787 rows=260748 loops=1)
                                                                    ->  Nested Loop  (cost=1505.88..2948.19 rows=1683 width=25) (actual time=22.773..29.365 rows=1869 loops=1)
                                                                          ->  HashAggregate  (cost=1505.60..1513.79 rows=819 width=17) (actual time=22.708..22.979 rows=815 loops=1)
                                                                                Group Key: item_1.i_item_id
                                                                                Worker 1:  Batches: 1  Memory Usage: 169kB
                                                                                ->  Seq Scan on item item_1  (cost=0.00..1503.50 rows=839 width=17) (actual time=0.086..22.458 rows=839 loops=1)
                                                                                      Filter: (i_color = ANY ('{salmon,pink,aquamarine}'::bpchar[]))
                                                                                      Rows Removed by Filter: 17161
                                                                          ->  Index Scan using i_i_item_id on item  (cost=0.29..1.73 rows=2 width=25) (actual time=0.007..0.007 rows=2 loops=815)
                                                                                Index Cond: (i_item_id = item_1.i_item_id)
                                                                    ->  Index Scan using pk_store_sales on store_sales  (cost=0.43..8.52 rows=174 width=32) (actual time=0.006..0.194 rows=140 loops=1869)
                                                                          Index Cond: (ss_item_sk = item.i_item_sk)
                                                              ->  Hash  (cost=2500.73..2500.73 rows=31 width=8) (actual time=14.456..14.456 rows=31 loops=1)
                                                                    Buckets: 1024  Batches: 1  Memory Usage: 10kB
                                                                    ->  Seq Scan on date_dim  (cost=0.00..2500.73 rows=31 width=8) (actual time=7.129..14.448 rows=31 loops=1)
                                                                          Filter: ((d_year = 1999) AND (d_moy = 3))
                                                                          Rows Removed by Filter: 73018
                                                        ->  Index Scan using pk_customer_address on customer_address  (cost=0.29..0.31 rows=1 width=8) (actual time=0.003..0.003 rows=0 loops=2497)
                                                              Index Cond: (ca_address_sk = store_sales.ss_addr_sk)
                                                              Filter: (ca_gmt_offset = '-6'::double precision)
                                                              Rows Removed by Filter: 1
                                      ->  GroupAggregate  (cost=10967.26..10967.48 rows=13 width=25) (actual time=214.276..214.375 rows=239 loops=1)
                                            Group Key: item_2.i_item_id
                                            ->  Sort  (cost=10967.26..10967.29 rows=13 width=25) (actual time=214.270..214.282 rows=281 loops=1)
                                                  Sort Key: item_2.i_item_id
                                                  Worker 0:  Sort Method: quicksort  Memory: 44kB
                                                  ->  Nested Loop  (cost=1506.90..10967.01 rows=13 width=25) (actual time=24.197..213.714 rows=281 loops=1)
                                                        ->  Nested Loop  (cost=1506.61..10957.97 rows=29 width=33) (actual time=24.144..210.482 rows=669 loops=1)
                                                              ->  Nested Loop  (cost=1506.31..8698.17 rows=67259 width=41) (actual time=22.632..187.726 rows=65388 loops=1)
                                                                    ->  Nested Loop  (cost=1505.88..2948.19 rows=1683 width=25) (actual time=22.552..28.633 rows=1869 loops=1)
                                                                          ->  HashAggregate  (cost=1505.60..1513.79 rows=819 width=17) (actual time=22.487..22.715 rows=815 loops=1)
                                                                                Group Key: item_3.i_item_id
                                                                                Worker 0:  Batches: 1  Memory Usage: 169kB
                                                                                ->  Seq Scan on item item_3  (cost=0.00..1503.50 rows=839 width=17) (actual time=0.084..22.243 rows=839 loops=1)
                                                                                      Filter: (i_color = ANY ('{salmon,pink,aquamarine}'::bpchar[]))
                                                                                      Rows Removed by Filter: 17161
                                                                          ->  Index Scan using i_i_item_id on item item_2  (cost=0.29..1.73 rows=2 width=25) (actual time=0.006..0.007 rows=2 loops=815)
                                                                                Index Cond: (i_item_id = item_3.i_item_id)
                                                                    ->  Index Scan using pk_web_sales on web_sales  (cost=0.42..2.98 rows=44 width=32) (actual time=0.006..0.079 rows=35 loops=1869)
                                                                          Index Cond: (ws_item_sk = item_2.i_item_sk)
                                                              ->  Memoize  (cost=0.30..0.33 rows=1 width=8) (actual time=0.000..0.000 rows=0 loops=65388)
                                                                    Cache Key: web_sales.ws_sold_date_sk
                                                                    Cache Mode: logical
                                                                    Worker 0:  Hits: 63564  Misses: 1824  Evictions: 0  Overflows: 0  Memory Usage: 130kB
                                                                    ->  Index Scan using pk_date_dim on date_dim date_dim_1  (cost=0.29..0.32 rows=1 width=8) (actual time=0.002..0.002 rows=0 loops=1824)
                                                                          Index Cond: (d_date_sk = web_sales.ws_sold_date_sk)
                                                                          Filter: ((d_year = 1999) AND (d_moy = 3))
                                                                          Rows Removed by Filter: 1
                                                        ->  Index Scan using pk_customer_address on customer_address customer_address_1  (cost=0.29..0.31 rows=1 width=8) (actual time=0.005..0.005 rows=0 loops=669)
                                                              Index Cond: (ca_address_sk = web_sales.ws_bill_addr_sk)
                                                              Filter: (ca_gmt_offset = '-6'::double precision)
                                                              Rows Removed by Filter: 1
                                      ->  GroupAggregate  (cost=4576.87..4577.30 rows=25 width=25) (actual time=77.266..77.435 rows=395 loops=1)
                                            Group Key: item_4.i_item_id
                                            ->  Sort  (cost=4576.87..4576.93 rows=25 width=25) (actual time=77.259..77.281 rows=550 loops=1)
                                                  Sort Key: item_4.i_item_id
                                                  Sort Method: quicksort  Memory: 63kB
                                                  ->  Nested Loop Semi Join  (cost=1.29..4576.28 rows=25 width=25) (actual time=4.316..76.188 rows=550 loops=1)
                                                        ->  Nested Loop  (cost=1.00..4466.50 rows=267 width=25) (actual time=4.203..44.368 rows=5907 loops=1)
                                                              ->  Nested Loop  (cost=0.72..4384.80 rows=267 width=16) (actual time=4.199..34.399 rows=5907 loops=1)
                                                                    ->  Nested Loop  (cost=0.43..4196.04 rows=607 width=24) (actual time=4.183..15.560 rows=13554 loops=1)
                                                                          ->  Seq Scan on date_dim date_dim_2  (cost=0.00..2500.73 rows=31 width=8) (actual time=4.169..9.213 rows=31 loops=1)
                                                                                Filter: ((d_year = 1999) AND (d_moy = 3))
                                                                                Rows Removed by Filter: 73018
                                                                          ->  Index Scan using i_cs_sold_date_sk on catalog_sales  (cost=0.43..46.87 rows=782 width=32) (actual time=0.004..0.112 rows=437 loops=31)
                                                                                Index Cond: (cs_sold_date_sk = date_dim_2.d_date_sk)
                                                                    ->  Index Scan using pk_customer_address on customer_address customer_address_2  (cost=0.29..0.31 rows=1 width=8) (actual time=0.001..0.001 rows=0 loops=13554)
                                                                          Index Cond: (ca_address_sk = catalog_sales.cs_bill_addr_sk)
                                                                          Filter: (ca_gmt_offset = '-6'::double precision)
                                                                          Rows Removed by Filter: 1
                                                              ->  Index Scan using pk_item on item item_4  (cost=0.29..0.31 rows=1 width=25) (actual time=0.001..0.001 rows=1 loops=5907)
                                                                    Index Cond: (i_item_sk = catalog_sales.cs_item_sk)
                                                        ->  Index Scan using i_i_item_id on item item_5  (cost=0.29..0.41 rows=1 width=17) (actual time=0.005..0.005 rows=0 loops=5907)
                                                              Index Cond: (i_item_id = item_4.i_item_id)
                                                              Filter: (i_color = ANY ('{salmon,pink,aquamarine}'::bpchar[]))
                                                              Rows Removed by Filter: 2
    i_item_id     |    total_sales     
------------------+--------------------
 AAAAAAAACBBBAAAA |                7.8
 AAAAAAAABGFBAAAA |              15.21
 AAAAAAAACCICAAAA |              16.25
 AAAAAAAAIKIAAAAA |              20.68
 AAAAAAAAIGNCAAAA |               26.1
 AAAAAAAAODFDAAAA |              38.94
 AAAAAAAAAOPAAAAA |              50.96
 AAAAAAAAGHNCAAAA |              55.35
 AAAAAAAAILDDAAAA |              58.76
 AAAAAAAAEFIDAAAA |              62.04
 AAAAAAAAODMDAAAA |              65.55
 AAAAAAAAGBPDAAAA |              84.48
 AAAAAAAAOFADAAAA |              86.94
 AAAAAAAAOHODAAAA |               88.8
 AAAAAAAAMFNBAAAA |              94.38
 AAAAAAAADCLDAAAA |              100.8
 AAAAAAAAECCCAAAA |             101.49
 AAAAAAAAMGHBAAAA |             108.32
 AAAAAAAAGPJBAAAA |              112.1
 AAAAAAAACLHDAAAA |              115.9
 AAAAAAAAIJIAAAAA |             116.83
 AAAAAAAAAGGBAAAA |             125.19
 AAAAAAAAAAEDAAAA |              127.6
 AAAAAAAAFKABAAAA |             129.72
 AAAAAAAABINDAAAA |             133.76
 AAAAAAAAEDDAAAAA |             137.94
 AAAAAAAAMEGDAAAA |             139.44
 AAAAAAAAMJBAAAAA |             139.84
 AAAAAAAABKODAAAA |             142.08
 AAAAAAAACMEBAAAA |              152.9
 AAAAAAAABLEDAAAA |             153.51
 AAAAAAAADAICAAAA |             157.23
 AAAAAAAAAMMCAAAA |             166.77
 AAAAAAAAIONAAAAA |             168.84
 AAAAAAAALALAAAAA |             171.28
 AAAAAAAAILEAAAAA |             173.95
 AAAAAAAAJNDDAAAA |             185.22
 AAAAAAAANKCAAAAA |                187
 AAAAAAAAGBOCAAAA |             192.96
 AAAAAAAAGECCAAAA |              201.6
 AAAAAAAALMBEAAAA |              208.8
 AAAAAAAAMEJDAAAA |              212.8
 AAAAAAAAMKEDAAAA |              213.2
 AAAAAAAACLFEAAAA |             215.86
 AAAAAAAACKFCAAAA |             225.45
 AAAAAAAAALECAAAA |             236.24
 AAAAAAAAGHCEAAAA |             253.46
 AAAAAAAABGCBAAAA |             253.84
 AAAAAAAALFGAAAAA |              254.6
 AAAAAAAALOMDAAAA |             269.22
 AAAAAAAANPAAAAAA |              270.2
 AAAAAAAAOAFAAAAA |             271.91
 AAAAAAAAMHCEAAAA |             272.31
 AAAAAAAAJABAAAAA |                294
 AAAAAAAAADHAAAAA |             304.29
 AAAAAAAAGNAAAAAA |             339.66
 AAAAAAAACCOBAAAA |             340.75
 AAAAAAAAENIBAAAA |             353.76
 AAAAAAAAMGABAAAA |             356.76
 AAAAAAAANKIDAAAA |             366.99
 AAAAAAAAMKNCAAAA |             367.54
 AAAAAAAAJBCEAAAA |             367.71
 AAAAAAAAANGDAAAA |             368.14
 AAAAAAAAGDNDAAAA |             369.24
 AAAAAAAAICFCAAAA | 389.35999999999996
 AAAAAAAAOAPAAAAA |             392.88
 AAAAAAAACCFBAAAA |             393.45
 AAAAAAAACBGBAAAA |             403.62
 AAAAAAAAAJCAAAAA |             404.88
 AAAAAAAAPFKBAAAA |             409.31
 AAAAAAAAIDHCAAAA |             416.13
 AAAAAAAAHAGAAAAA |             438.48
 AAAAAAAAMPDBAAAA |             453.72
 AAAAAAAABBHBAAAA |             470.16
 AAAAAAAADFBBAAAA |             502.92
 AAAAAAAAODMCAAAA |              514.8
 AAAAAAAACADCAAAA |             526.95
 AAAAAAAACICEAAAA |             529.65
 AAAAAAAAHMAAAAAA |             538.56
 AAAAAAAACPIAAAAA |              554.9
 AAAAAAAAOBLDAAAA |             555.74
 AAAAAAAAKJGBAAAA |             567.98
 AAAAAAAAMJPCAAAA |              576.3
 AAAAAAAALHBDAAAA |             613.92
 AAAAAAAAABKDAAAA |             615.76
 AAAAAAAAIFPDAAAA |             615.83
 AAAAAAAAOIFBAAAA |             619.78
 AAAAAAAAEBJAAAAA |              620.2
 AAAAAAAAJMBDAAAA |             633.26
 AAAAAAAAALDDAAAA |             653.73
 AAAAAAAAKLFAAAAA |                665
 AAAAAAAAOAIAAAAA |             665.94
 AAAAAAAAEMEAAAAA |             686.19
 AAAAAAAAIHMBAAAA |             687.88
 AAAAAAAAIBKAAAAA |             687.96
 AAAAAAAAABGDAAAA |  688.4499999999999
 AAAAAAAAMAICAAAA |             707.13
 AAAAAAAAKAJAAAAA |  724.3900000000001
 AAAAAAAABEEBAAAA |             728.16
 AAAAAAAAEMCEAAAA |             731.36
(100 rows)

UPDATE time_statistics SET e_time = TRANSACTION_TIMESTAMP() WHERE template = 'query56.tpl' AND stream = 4;
psql:/tmp/s1-basline/throughput/query_4.sql:3249: NOTICE:  duration: 0.045 ms  plan:
Query Text: UPDATE time_statistics SET e_time = TRANSACTION_TIMESTAMP() WHERE template = 'query56.tpl' AND stream = 4;
Update on time_statistics  (cost=0.00..5.22 rows=0 width=0) (actual time=0.045..0.045 rows=0 loops=1)
  ->  Seq Scan on time_statistics  (cost=0.00..5.22 rows=1 width=14) (actual time=0.023..0.031 rows=1 loops=1)
        Filter: ((template = 'query56.tpl'::text) AND (stream = 4))
        Rows Removed by Filter: 163
UPDATE 1
LOAD 'auto_explain'; SET auto_explain.log_min_duration TO 0; SET auto_explain.log_analyze TO on; SET auto_explain.log_level TO notice; INSERT INTO time_statistics (template, s_time, stream, query, seed) VALUES ('query96.tpl', TRANSACTION_TIMESTAMP(), 4, 65, 1550729523);
LOAD
SET
SET
SET
psql:/tmp/s1-basline/throughput/query_4.sql:3250: NOTICE:  duration: 0.009 ms  plan:
Query Text: INSERT INTO time_statistics (template, s_time, stream, query, seed) VALUES ('query96.tpl', TRANSACTION_TIMESTAMP(), 4, 65, 1550729523);
Insert on time_statistics  (cost=0.00..0.01 rows=0 width=0) (actual time=0.008..0.008 rows=0 loops=1)
  ->  Result  (cost=0.00..0.01 rows=1 width=64) (actual time=0.001..0.002 rows=1 loops=1)
INSERT 0 1
select  count(*) 
from store_sales
    ,household_demographics 
    ,time_dim, store
where ss_sold_time_sk = time_dim.t_time_sk   
    and ss_hdemo_sk = household_demographics.hd_demo_sk 
    and ss_store_sk = s_store_sk
    and time_dim.t_hour = 8
    and time_dim.t_minute >= 30
    and household_demographics.hd_dep_count = 9
    and store.s_store_name = 'ese'
order by count(*)
limit 100;
psql:/tmp/s1-basline/throughput/query_4.sql:3263: NOTICE:  duration: 320.202 ms  plan:
Query Text: select  count(*) 
from store_sales
    ,household_demographics 
    ,time_dim, store
where ss_sold_time_sk = time_dim.t_time_sk   
    and ss_hdemo_sk = household_demographics.hd_demo_sk 
    and ss_store_sk = s_store_sk
    and time_dim.t_hour = 8
    and time_dim.t_minute >= 30
    and household_demographics.hd_dep_count = 9
    and store.s_store_name = 'ese'
order by count(*)
limit 100;
Limit  (cost=92267.29..92267.30 rows=1 width=8) (actual time=247.225..320.195 rows=1 loops=1)
  ->  Sort  (cost=92267.29..92267.30 rows=1 width=8) (actual time=247.224..320.194 rows=1 loops=1)
        Sort Key: (count(*))
        Sort Method: quicksort  Memory: 25kB
        ->  Finalize Aggregate  (cost=92267.27..92267.28 rows=1 width=8) (actual time=247.218..320.188 rows=1 loops=1)
              ->  Gather  (cost=92267.06..92267.27 rows=2 width=8) (actual time=247.076..320.183 rows=3 loops=1)
                    Workers Planned: 2
                    Workers Launched: 2
                    ->  Partial Aggregate  (cost=91267.06..91267.07 rows=1 width=8) (actual time=243.004..243.008 rows=1 loops=3)
                          ->  Hash Join  (cost=2925.41..91266.61 rows=179 width=0) (actual time=28.761..242.987 rows=253 loops=3)
                                Hash Cond: (store_sales.ss_store_sk = store.s_store_sk)
                                ->  Hash Join  (cost=2924.25..91257.55 rows=2248 width=8) (actual time=14.749..242.657 rows=1832 loops=3)
                                      Hash Cond: (store_sales.ss_hdemo_sk = household_demographics.hd_demo_sk)
                                      ->  Hash Join  (cost=2765.25..91036.64 rows=23573 width=16) (actual time=12.883..240.221 rows=18029 loops=3)
                                            Hash Cond: (store_sales.ss_sold_time_sk = time_dim.t_time_sk)
                                            ->  Parallel Seq Scan on store_sales  (cost=0.00..85123.48 rows=1199148 width=24) (actual time=0.013..120.306 rows=959309 loops=3)
                                            ->  Hash  (cost=2743.00..2743.00 rows=1780 width=8) (actual time=12.702..12.703 rows=1800 loops=3)
                                                  Buckets: 2048  Batches: 1  Memory Usage: 87kB
                                                  ->  Seq Scan on time_dim  (cost=0.00..2743.00 rows=1780 width=8) (actual time=4.657..12.475 rows=1800 loops=3)
                                                        Filter: ((t_minute >= 30) AND (t_hour = 8))
                                                        Rows Removed by Filter: 84600
                                      ->  Hash  (cost=150.00..150.00 rows=720 width=8) (actual time=1.031..1.032 rows=720 loops=3)
                                            Buckets: 1024  Batches: 1  Memory Usage: 37kB
                                            ->  Seq Scan on household_demographics  (cost=0.00..150.00 rows=720 width=8) (actual time=0.166..0.947 rows=720 loops=3)
                                                  Filter: (hd_dep_count = 9)
                                                  Rows Removed by Filter: 6480
                                ->  Hash  (cost=1.15..1.15 rows=1 width=8) (actual time=0.029..0.030 rows=1 loops=3)
                                      Buckets: 1024  Batches: 1  Memory Usage: 9kB
                                      ->  Seq Scan on store  (cost=0.00..1.15 rows=1 width=8) (actual time=0.025..0.026 rows=1 loops=3)
                                            Filter: ((s_store_name)::text = 'ese'::text)
                                            Rows Removed by Filter: 11
 count 
-------
   758
(1 row)

UPDATE time_statistics SET e_time = TRANSACTION_TIMESTAMP() WHERE template = 'query96.tpl' AND stream = 4;
psql:/tmp/s1-basline/throughput/query_4.sql:3265: NOTICE:  duration: 0.046 ms  plan:
Query Text: UPDATE time_statistics SET e_time = TRANSACTION_TIMESTAMP() WHERE template = 'query96.tpl' AND stream = 4;
Update on time_statistics  (cost=0.00..5.22 rows=0 width=0) (actual time=0.045..0.046 rows=0 loops=1)
  ->  Seq Scan on time_statistics  (cost=0.00..5.22 rows=1 width=14) (actual time=0.024..0.031 rows=1 loops=1)
        Filter: ((template = 'query96.tpl'::text) AND (stream = 4))
        Rows Removed by Filter: 164
UPDATE 1
LOAD 'auto_explain'; SET auto_explain.log_min_duration TO 0; SET auto_explain.log_analyze TO on; SET auto_explain.log_level TO notice; INSERT INTO time_statistics (template, s_time, stream, query, seed) VALUES ('query50.tpl', TRANSACTION_TIMESTAMP(), 4, 66, 995846670);
LOAD
SET
SET
SET
psql:/tmp/s1-basline/throughput/query_4.sql:3266: NOTICE:  duration: 0.008 ms  plan:
Query Text: INSERT INTO time_statistics (template, s_time, stream, query, seed) VALUES ('query50.tpl', TRANSACTION_TIMESTAMP(), 4, 66, 995846670);
Insert on time_statistics  (cost=0.00..0.01 rows=0 width=0) (actual time=0.008..0.008 rows=0 loops=1)
  ->  Result  (cost=0.00..0.01 rows=1 width=64) (actual time=0.001..0.002 rows=1 loops=1)
INSERT 0 1
select  
   s_store_name
  ,s_company_id
  ,s_street_number
  ,s_street_name
  ,s_street_type
  ,s_suite_number
  ,s_city
  ,s_county
  ,s_state
  ,s_zip
  ,sum(case when (sr_returned_date_sk - ss_sold_date_sk <= 30 ) then 1 else 0 end)  as "30 days" 
  ,sum(case when (sr_returned_date_sk - ss_sold_date_sk > 30) and 
                 (sr_returned_date_sk - ss_sold_date_sk <= 60) then 1 else 0 end )  as "31-60 days" 
  ,sum(case when (sr_returned_date_sk - ss_sold_date_sk > 60) and 
                 (sr_returned_date_sk - ss_sold_date_sk <= 90) then 1 else 0 end)  as "61-90 days" 
  ,sum(case when (sr_returned_date_sk - ss_sold_date_sk > 90) and
                 (sr_returned_date_sk - ss_sold_date_sk <= 120) then 1 else 0 end)  as "91-120 days" 
  ,sum(case when (sr_returned_date_sk - ss_sold_date_sk  > 120) then 1 else 0 end)  as ">120 days" 
from
   store_sales
  ,store_returns
  ,store
  ,date_dim d1
  ,date_dim d2
where
    d2.d_year = 1998
and d2.d_moy  = 10
and ss_ticket_number = sr_ticket_number
and ss_item_sk = sr_item_sk
and ss_sold_date_sk   = d1.d_date_sk
and sr_returned_date_sk   = d2.d_date_sk
and ss_customer_sk = sr_customer_sk
and ss_store_sk = s_store_sk
group by
   s_store_name
  ,s_company_id
  ,s_street_number
  ,s_street_name
  ,s_street_type
  ,s_suite_number
  ,s_city
  ,s_county
  ,s_state
  ,s_zip
order by s_store_name
        ,s_company_id
        ,s_street_number
        ,s_street_name
        ,s_street_type
        ,s_suite_number
        ,s_city
        ,s_county
        ,s_state
        ,s_zip
limit 100;
psql:/tmp/s1-basline/throughput/query_4.sql:3322: NOTICE:  duration: 43.255 ms  plan:
Query Text: select  
   s_store_name
  ,s_company_id
  ,s_street_number
  ,s_street_name
  ,s_street_type
  ,s_suite_number
  ,s_city
  ,s_county
  ,s_state
  ,s_zip
  ,sum(case when (sr_returned_date_sk - ss_sold_date_sk <= 30 ) then 1 else 0 end)  as "30 days" 
  ,sum(case when (sr_returned_date_sk - ss_sold_date_sk > 30) and 
                 (sr_returned_date_sk - ss_sold_date_sk <= 60) then 1 else 0 end )  as "31-60 days" 
  ,sum(case when (sr_returned_date_sk - ss_sold_date_sk > 60) and 
                 (sr_returned_date_sk - ss_sold_date_sk <= 90) then 1 else 0 end)  as "61-90 days" 
  ,sum(case when (sr_returned_date_sk - ss_sold_date_sk > 90) and
                 (sr_returned_date_sk - ss_sold_date_sk <= 120) then 1 else 0 end)  as "91-120 days" 
  ,sum(case when (sr_returned_date_sk - ss_sold_date_sk  > 120) then 1 else 0 end)  as ">120 days" 
from
   store_sales
  ,store_returns
  ,store
  ,date_dim d1
  ,date_dim d2
where
    d2.d_year = 1998
and d2.d_moy  = 10
and ss_ticket_number = sr_ticket_number
and ss_item_sk = sr_item_sk
and ss_sold_date_sk   = d1.d_date_sk
and sr_returned_date_sk   = d2.d_date_sk
and ss_customer_sk = sr_customer_sk
and ss_store_sk = s_store_sk
group by
   s_store_name
  ,s_company_id
  ,s_street_number
  ,s_street_name
  ,s_street_type
  ,s_suite_number
  ,s_city
  ,s_county
  ,s_state
  ,s_zip
order by s_store_name
        ,s_company_id
        ,s_street_number
        ,s_street_name
        ,s_street_type
        ,s_suite_number
        ,s_city
        ,s_county
        ,s_state
        ,s_zip
limit 100;
Limit  (cost=6247.14..6247.24 rows=1 width=126) (actual time=41.563..43.240 rows=6 loops=1)
  ->  GroupAggregate  (cost=6247.14..6247.24 rows=1 width=126) (actual time=41.562..43.238 rows=6 loops=1)
        Group Key: store.s_store_name, store.s_company_id, store.s_street_number, store.s_street_name, store.s_street_type, store.s_suite_number, store.s_city, store.s_county, store.s_state, store.s_zip
        ->  Sort  (cost=6247.14..6247.15 rows=1 width=102) (actual time=41.229..41.351 rows=2963 loops=1)
              Sort Key: store.s_store_name, store.s_company_id, store.s_street_number, store.s_street_name, store.s_street_type, store.s_suite_number, store.s_city, store.s_county, store.s_state, store.s_zip
              Sort Method: quicksort  Memory: 528kB
              ->  Nested Loop  (cost=1.15..6247.13 rows=1 width=102) (actual time=4.007..37.722 rows=2963 loops=1)
                    ->  Nested Loop  (cost=0.85..6246.82 rows=1 width=102) (actual time=4.000..34.428 rows=3001 loops=1)
                          Join Filter: (store_sales.ss_store_sk = store.s_store_sk)
                          Rows Removed by Join Filter: 13680
                          ->  Nested Loop  (cost=0.85..6245.55 rows=1 width=24) (actual time=3.976..29.275 rows=3061 loops=1)
                                ->  Nested Loop  (cost=0.42..6156.52 rows=114 width=32) (actual time=3.968..13.006 rows=4126 loops=1)
                                      ->  Seq Scan on date_dim d2  (cost=0.00..2500.73 rows=30 width=8) (actual time=3.960..8.622 rows=31 loops=1)
                                            Filter: ((d_year = 1998) AND (d_moy = 10))
                                            Rows Removed by Filter: 73018
                                      ->  Index Scan using i_sr_returned_date_sk on store_returns  (cost=0.42..120.46 rows=140 width=32) (actual time=0.003..0.122 rows=133 loops=31)
                                            Index Cond: (sr_returned_date_sk = d2.d_date_sk)
                                ->  Index Scan using pk_store_sales on store_sales  (cost=0.43..0.77 rows=1 width=40) (actual time=0.004..0.004 rows=1 loops=4126)
                                      Index Cond: ((ss_item_sk = store_returns.sr_item_sk) AND (ss_ticket_number = store_returns.sr_ticket_number))
                                      Filter: (store_returns.sr_customer_sk = ss_customer_sk)
                                      Rows Removed by Filter: 0
                          ->  Seq Scan on store  (cost=0.00..1.12 rows=12 width=94) (actual time=0.000..0.001 rows=5 loops=3061)
                    ->  Index Only Scan using pk_date_dim on date_dim d1  (cost=0.29..0.31 rows=1 width=8) (actual time=0.001..0.001 rows=1 loops=3001)
                          Index Cond: (d_date_sk = store_sales.ss_sold_date_sk)
                          Heap Fetches: 0
 s_store_name | s_company_id | s_street_number | s_street_name |  s_street_type  | s_suite_number |  s_city  |     s_county      | s_state |   s_zip    | 30 days | 31-60 days | 61-90 days | 91-120 days | >120 days 
--------------+--------------+-----------------+---------------+-----------------+----------------+----------+-------------------+---------+------------+---------+------------+------------+-------------+-----------
 able         |            1 | 495             | Smith         | Dr.             | Suite M        | Fairview | Williamson County | TN      | 35709      |     105 |        149 |         92 |          52 |       103
 ation        |            1 | 424             | Lincoln       | Ln              | Suite 480      | Midway   | Williamson County | TN      | 31904      |     118 |        127 |         70 |          51 |       105
 bar          |            1 | 593             | Ridge         | Dr.             | Suite 190      | Midway   | Williamson County | TN      | 31904      |     119 |        120 |        113 |          52 |       118
 eing         |            1 | 333             | Highland 10th | Way             | Suite S        | Fairview | Williamson County | TN      | 35709      |     102 |        131 |         88 |          46 |       107
 ese          |            1 | 245             | College       | Wy              | Suite 140      | Midway   | Williamson County | TN      | 31904      |     118 |        142 |         77 |          52 |        93
 ought        |            1 | 849             | Elm           | Parkway         | Suite Y        | Midway   | Williamson County | TN      | 31904      |     110 |        122 |        104 |          56 |       121
(6 rows)

UPDATE time_statistics SET e_time = TRANSACTION_TIMESTAMP() WHERE template = 'query50.tpl' AND stream = 4;
psql:/tmp/s1-basline/throughput/query_4.sql:3324: NOTICE:  duration: 0.044 ms  plan:
Query Text: UPDATE time_statistics SET e_time = TRANSACTION_TIMESTAMP() WHERE template = 'query50.tpl' AND stream = 4;
Update on time_statistics  (cost=0.00..5.22 rows=0 width=0) (actual time=0.044..0.044 rows=0 loops=1)
  ->  Seq Scan on time_statistics  (cost=0.00..5.22 rows=1 width=14) (actual time=0.022..0.029 rows=1 loops=1)
        Filter: ((template = 'query50.tpl'::text) AND (stream = 4))
        Rows Removed by Filter: 165
UPDATE 1
LOAD 'auto_explain'; SET auto_explain.log_min_duration TO 0; SET auto_explain.log_analyze TO on; SET auto_explain.log_level TO notice; INSERT INTO time_statistics (template, s_time, stream, query, seed) VALUES ('query85.tpl', TRANSACTION_TIMESTAMP(), 4, 67, 411197012);
LOAD
SET
SET
SET
psql:/tmp/s1-basline/throughput/query_4.sql:3325: NOTICE:  duration: 0.009 ms  plan:
Query Text: INSERT INTO time_statistics (template, s_time, stream, query, seed) VALUES ('query85.tpl', TRANSACTION_TIMESTAMP(), 4, 67, 411197012);
Insert on time_statistics  (cost=0.00..0.01 rows=0 width=0) (actual time=0.008..0.008 rows=0 loops=1)
  ->  Result  (cost=0.00..0.01 rows=1 width=64) (actual time=0.002..0.002 rows=1 loops=1)
INSERT 0 1
select  substr(r_reason_desc,1,20)
       ,avg(ws_quantity)
       ,avg(wr_refunded_cash)
       ,avg(wr_fee)
 from web_sales, web_returns, web_page, customer_demographics cd1,
      customer_demographics cd2, customer_address, date_dim, reason 
 where ws_web_page_sk = wp_web_page_sk
   and ws_item_sk = wr_item_sk
   and ws_order_number = wr_order_number
   and ws_sold_date_sk = d_date_sk and d_year = 2002
   and cd1.cd_demo_sk = wr_refunded_cdemo_sk 
   and cd2.cd_demo_sk = wr_returning_cdemo_sk
   and ca_address_sk = wr_refunded_addr_sk
   and r_reason_sk = wr_reason_sk
   and
   (
    (
     cd1.cd_marital_status = 'D'
     and
     cd1.cd_marital_status = cd2.cd_marital_status
     and
     cd1.cd_education_status = '4 yr Degree'
     and 
     cd1.cd_education_status = cd2.cd_education_status
     and
     ws_sales_price between 100.00 and 150.00
    )
   or
    (
     cd1.cd_marital_status = 'M'
     and
     cd1.cd_marital_status = cd2.cd_marital_status
     and
     cd1.cd_education_status = 'Advanced Degree' 
     and
     cd1.cd_education_status = cd2.cd_education_status
     and
     ws_sales_price between 50.00 and 100.00
    )
   or
    (
     cd1.cd_marital_status = 'S'
     and
     cd1.cd_marital_status = cd2.cd_marital_status
     and
     cd1.cd_education_status = 'College'
     and
     cd1.cd_education_status = cd2.cd_education_status
     and
     ws_sales_price between 150.00 and 200.00
    )
   )
   and
   (
    (
     ca_country = 'United States'
     and
     ca_state in ('UT', 'ND', 'TX')
     and ws_net_profit between 100 and 200  
    )
    or
    (
     ca_country = 'United States'
     and
     ca_state in ('MI', 'WV', 'AL')
     and ws_net_profit between 150 and 300  
    )
    or
    (
     ca_country = 'United States'
     and
     ca_state in ('WI', 'GA', 'IL')
     and ws_net_profit between 50 and 250  
    )
   )
group by r_reason_desc
order by substr(r_reason_desc,1,20)
        ,avg(ws_quantity)
        ,avg(wr_refunded_cash)
        ,avg(wr_fee)
limit 100;
psql:/tmp/s1-basline/throughput/query_4.sql:3406: NOTICE:  duration: 121.602 ms  plan:
Query Text: select  substr(r_reason_desc,1,20)
       ,avg(ws_quantity)
       ,avg(wr_refunded_cash)
       ,avg(wr_fee)
 from web_sales, web_returns, web_page, customer_demographics cd1,
      customer_demographics cd2, customer_address, date_dim, reason 
 where ws_web_page_sk = wp_web_page_sk
   and ws_item_sk = wr_item_sk
   and ws_order_number = wr_order_number
   and ws_sold_date_sk = d_date_sk and d_year = 2002
   and cd1.cd_demo_sk = wr_refunded_cdemo_sk 
   and cd2.cd_demo_sk = wr_returning_cdemo_sk
   and ca_address_sk = wr_refunded_addr_sk
   and r_reason_sk = wr_reason_sk
   and
   (
    (
     cd1.cd_marital_status = 'D'
     and
     cd1.cd_marital_status = cd2.cd_marital_status
     and
     cd1.cd_education_status = '4 yr Degree'
     and 
     cd1.cd_education_status = cd2.cd_education_status
     and
     ws_sales_price between 100.00 and 150.00
    )
   or
    (
     cd1.cd_marital_status = 'M'
     and
     cd1.cd_marital_status = cd2.cd_marital_status
     and
     cd1.cd_education_status = 'Advanced Degree' 
     and
     cd1.cd_education_status = cd2.cd_education_status
     and
     ws_sales_price between 50.00 and 100.00
    )
   or
    (
     cd1.cd_marital_status = 'S'
     and
     cd1.cd_marital_status = cd2.cd_marital_status
     and
     cd1.cd_education_status = 'College'
     and
     cd1.cd_education_status = cd2.cd_education_status
     and
     ws_sales_price between 150.00 and 200.00
    )
   )
   and
   (
    (
     ca_country = 'United States'
     and
     ca_state in ('UT', 'ND', 'TX')
     and ws_net_profit between 100 and 200  
    )
    or
    (
     ca_country = 'United States'
     and
     ca_state in ('MI', 'WV', 'AL')
     and ws_net_profit between 150 and 300  
    )
    or
    (
     ca_country = 'United States'
     and
     ca_state in ('WI', 'GA', 'IL')
     and ws_net_profit between 50 and 250  
    )
   )
group by r_reason_desc
order by substr(r_reason_desc,1,20)
        ,avg(ws_quantity)
        ,avg(wr_refunded_cash)
        ,avg(wr_fee)
limit 100;
Limit  (cost=20209.87..20209.88 rows=1 width=181) (actual time=121.585..121.590 rows=2 loops=1)
  ->  Sort  (cost=20209.87..20209.88 rows=1 width=181) (actual time=121.584..121.589 rows=2 loops=1)
        Sort Key: (substr((reason.r_reason_desc)::text, 1, 20)), (avg(web_sales.ws_quantity)), (avg(web_returns.wr_refunded_cash)), (avg(web_returns.wr_fee))
        Sort Method: quicksort  Memory: 25kB
        ->  GroupAggregate  (cost=20209.82..20209.86 rows=1 width=181) (actual time=121.574..121.581 rows=2 loops=1)
              Group Key: reason.r_reason_desc
              ->  Sort  (cost=20209.82..20209.83 rows=1 width=121) (actual time=121.560..121.564 rows=2 loops=1)
                    Sort Key: reason.r_reason_desc
                    Sort Method: quicksort  Memory: 25kB
                    ->  Nested Loop  (cost=2490.22..20209.81 rows=1 width=121) (actual time=63.682..121.552 rows=2 loops=1)
                          ->  Nested Loop  (cost=2489.93..20209.45 rows=1 width=129) (actual time=35.006..121.530 rows=3 loops=1)
                                Join Filter: (web_sales.ws_web_page_sk = web_page.wp_web_page_sk)
                                Rows Removed by Join Filter: 71
                                ->  Nested Loop  (cost=2489.93..20206.10 rows=1 width=137) (actual time=34.996..121.494 rows=3 loops=1)
                                      Join Filter: ((((customer_address.ca_state = ANY ('{UT,ND,TX}'::bpchar[])) AND (web_sales.ws_net_profit >= '100'::double precision) AND (web_sales.ws_net_profit <= '200'::double precision)) OR ((customer_address.ca_state = ANY ('{MI,WV,AL}'::bpchar[])) AND (web_sales.ws_net_profit >= '150'::double precision) AND (web_sales.ws_net_profit <= '300'::double precision)) OR ((customer_address.ca_state = ANY ('{WI,GA,IL}'::bpchar[])) AND (web_sales.ws_net_profit >= '50'::double precision) AND (web_sales.ws_net_profit <= '250'::double precision))) AND (((cd1.cd_marital_status = 'D'::bpchar) AND (cd1.cd_education_status = '4 yr Degree'::bpchar) AND (web_sales.ws_sales_price >= '100'::double precision) AND (web_sales.ws_sales_price <= '150'::double precision)) OR ((cd1.cd_marital_status = 'M'::bpchar) AND (cd1.cd_education_status = 'Advanced Degree'::bpchar) AND (web_sales.ws_sales_price >= '50'::double precision) AND (web_sales.ws_sales_price <= '100'::double precision)) OR ((cd1.cd_marital_status = 'S'::bpchar) AND (cd1.cd_education_status = 'College'::bpchar) AND (web_sales.ws_sales_price >= '150'::double precision) AND (web_sales.ws_sales_price <= '200'::double precision))))
                                      Rows Removed by Join Filter: 44
                                      ->  Nested Loop  (cost=2489.50..20172.51 rows=34 width=159) (actual time=25.829..115.009 rows=1528 loops=1)
                                            Join Filter: ((cd1.cd_marital_status = cd2.cd_marital_status) AND (cd1.cd_education_status = cd2.cd_education_status))
                                            ->  Nested Loop  (cost=2489.08..19078.20 rows=1262 width=167) (actual time=25.825..112.344 rows=1539 loops=1)
                                                  ->  Hash Join  (cost=2488.65..5335.93 rows=15848 width=152) (actual time=25.661..51.928 rows=18049 loops=1)
                                                        Hash Cond: (web_returns.wr_reason_sk = reason.r_reason_sk)
                                                        ->  Hash Join  (cost=2486.86..5285.54 rows=16596 width=59) (actual time=25.643..48.730 rows=18511 loops=1)
                                                              Hash Cond: (web_returns.wr_refunded_addr_sk = customer_address.ca_address_sk)
                                                              ->  Seq Scan on web_returns  (cost=0.00..2610.15 rows=71815 width=64) (actual time=0.002..5.574 rows=71815 loops=1)
                                                              ->  Hash  (cost=2335.50..2335.50 rows=12109 width=11) (actual time=25.631..25.632 rows=13437 loops=1)
                                                                    Buckets: 16384  Batches: 1  Memory Usage: 693kB
                                                                    ->  Seq Scan on customer_address  (cost=0.00..2335.50 rows=12109 width=11) (actual time=0.008..23.917 rows=13437 loops=1)
                                                                          Filter: (((ca_country)::text = 'United States'::text) AND ((ca_state = ANY ('{UT,ND,TX}'::bpchar[])) OR (ca_state = ANY ('{MI,WV,AL}'::bpchar[])) OR (ca_state = ANY ('{WI,GA,IL}'::bpchar[]))))
                                                                          Rows Removed by Filter: 36563
                                                        ->  Hash  (cost=1.35..1.35 rows=35 width=109) (actual time=0.014..0.015 rows=35 loops=1)
                                                              Buckets: 1024  Batches: 1  Memory Usage: 13kB
                                                              ->  Seq Scan on reason  (cost=0.00..1.35 rows=35 width=109) (actual time=0.004..0.008 rows=35 loops=1)
                                                  ->  Index Scan using pk_customer_demographics on customer_demographics cd1  (cost=0.43..0.87 rows=1 width=31) (actual time=0.003..0.003 rows=0 loops=18049)
                                                        Index Cond: (cd_demo_sk = web_returns.wr_refunded_cdemo_sk)
                                                        Filter: (((cd_marital_status = 'D'::bpchar) AND (cd_education_status = '4 yr Degree'::bpchar)) OR ((cd_marital_status = 'M'::bpchar) AND (cd_education_status = 'Advanced Degree'::bpchar)) OR ((cd_marital_status = 'S'::bpchar) AND (cd_education_status = 'College'::bpchar)))
                                                        Rows Removed by Filter: 1
                                            ->  Index Scan using pk_customer_demographics on customer_demographics cd2  (cost=0.43..0.85 rows=1 width=31) (actual time=0.001..0.001 rows=1 loops=1539)
                                                  Index Cond: (cd_demo_sk = web_returns.wr_returning_cdemo_sk)
                                      ->  Index Scan using pk_web_sales on web_sales  (cost=0.42..0.92 rows=1 width=52) (actual time=0.004..0.004 rows=0 loops=1528)
                                            Index Cond: ((ws_item_sk = web_returns.wr_item_sk) AND (ws_order_number = web_returns.wr_order_number))
                                            Filter: ((((ws_sales_price >= '100'::double precision) AND (ws_sales_price <= '150'::double precision)) OR ((ws_sales_price >= '50'::double precision) AND (ws_sales_price <= '100'::double precision)) OR ((ws_sales_price >= '150'::double precision) AND (ws_sales_price <= '200'::double precision))) AND (((ws_net_profit >= '100'::double precision) AND (ws_net_profit <= '200'::double precision)) OR ((ws_net_profit >= '150'::double precision) AND (ws_net_profit <= '300'::double precision)) OR ((ws_net_profit >= '50'::double precision) AND (ws_net_profit <= '250'::double precision))))
                                            Rows Removed by Filter: 1
                                ->  Seq Scan on web_page  (cost=0.00..2.60 rows=60 width=8) (actual time=0.005..0.006 rows=25 loops=3)
                          ->  Index Scan using pk_date_dim on date_dim  (cost=0.29..0.36 rows=1 width=8) (actual time=0.005..0.005 rows=1 loops=3)
                                Index Cond: (d_date_sk = web_sales.ws_sold_date_sk)
                                Filter: (d_year = 2002)
                                Rows Removed by Filter: 0
        substr        |         avg         |   avg   |  avg  
----------------------+---------------------+---------+-------
 Not working any more | 73.0000000000000000 |   30.17 | 69.49
 reason 34            | 85.0000000000000000 | 3650.03 |  0.85
(2 rows)

UPDATE time_statistics SET e_time = TRANSACTION_TIMESTAMP() WHERE template = 'query85.tpl' AND stream = 4;
psql:/tmp/s1-basline/throughput/query_4.sql:3408: NOTICE:  duration: 0.044 ms  plan:
Query Text: UPDATE time_statistics SET e_time = TRANSACTION_TIMESTAMP() WHERE template = 'query85.tpl' AND stream = 4;
Update on time_statistics  (cost=0.00..5.22 rows=0 width=0) (actual time=0.044..0.044 rows=0 loops=1)
  ->  Seq Scan on time_statistics  (cost=0.00..5.22 rows=1 width=14) (actual time=0.023..0.030 rows=1 loops=1)
        Filter: ((template = 'query85.tpl'::text) AND (stream = 4))
        Rows Removed by Filter: 166
UPDATE 1
LOAD 'auto_explain'; SET auto_explain.log_min_duration TO 0; SET auto_explain.log_analyze TO on; SET auto_explain.log_level TO notice; INSERT INTO time_statistics (template, s_time, stream, query, seed) VALUES ('../query_postgresql/query86.tpl', TRANSACTION_TIMESTAMP(), 4, 68, 385804638);
LOAD
SET
SET
SET
psql:/tmp/s1-basline/throughput/query_4.sql:3409: NOTICE:  duration: 0.008 ms  plan:
Query Text: INSERT INTO time_statistics (template, s_time, stream, query, seed) VALUES ('../query_postgresql/query86.tpl', TRANSACTION_TIMESTAMP(), 4, 68, 385804638);
Insert on time_statistics  (cost=0.00..0.01 rows=0 width=0) (actual time=0.008..0.008 rows=0 loops=1)
  ->  Result  (cost=0.00..0.01 rows=1 width=64) (actual time=0.001..0.001 rows=1 loops=1)
INSERT 0 1
with results as
( select sum(ws_net_paid) as total_sum, i_category, i_class, 0 as g_category, 0 as g_class 
 from
    web_sales
   ,date_dim       d1
   ,item
 where
    d1.d_month_seq between 1178 and 1178+11
 and d1.d_date_sk = ws_sold_date_sk
 and i_item_sk  = ws_item_sk
 group by i_category,i_class
 ) ,
 results_rollup as
( select total_sum ,i_category ,i_class, g_category, g_class, 0 as lochierarchy from results
  union
  select sum(total_sum) as total_sum, i_category, NULL as i_class, 0 as g_category, 1 as g_class, 1 as lochierarchy from results group by i_category
  union
  select sum(total_sum) as total_sum, NULL as i_category, NULL as i_class, 1 as g_category, 1 as g_class, 2 as lochierarchy from results)
 select 
 total_sum ,i_category ,i_class, lochierarchy 
   ,rank() over (
 	partition by lochierarchy,
 	case when g_class = 0 then i_category end 
 	order by total_sum desc) as rank_within_parent
 from
 results_rollup
 order by
   lochierarchy desc,
   case when lochierarchy = 0 then i_category end,
   rank_within_parent 
 limit 100;
psql:/tmp/s1-basline/throughput/query_4.sql:3441: NOTICE:  duration: 301.872 ms  plan:
Query Text: with results as
( select sum(ws_net_paid) as total_sum, i_category, i_class, 0 as g_category, 0 as g_class 
 from
    web_sales
   ,date_dim       d1
   ,item
 where
    d1.d_month_seq between 1178 and 1178+11
 and d1.d_date_sk = ws_sold_date_sk
 and i_item_sk  = ws_item_sk
 group by i_category,i_class
 ) ,
 results_rollup as
( select total_sum ,i_category ,i_class, g_category, g_class, 0 as lochierarchy from results
  union
  select sum(total_sum) as total_sum, i_category, NULL as i_class, 0 as g_category, 1 as g_class, 1 as lochierarchy from results group by i_category
  union
  select sum(total_sum) as total_sum, NULL as i_category, NULL as i_class, 1 as g_category, 1 as g_class, 2 as lochierarchy from results)
 select 
 total_sum ,i_category ,i_class, lochierarchy 
   ,rank() over (
 	partition by lochierarchy,
 	case when g_class = 0 then i_category end 
 	order by total_sum desc) as rank_within_parent
 from
 results_rollup
 order by
   lochierarchy desc,
   case when lochierarchy = 0 then i_category end,
   rank_within_parent 
 limit 100;
Limit  (cost=35041.74..35041.99 rows=100 width=148) (actual time=277.843..301.807 rows=100 loops=1)
  CTE results
    ->  Finalize GroupAggregate  (cost=34492.64..34771.26 rows=990 width=118) (actual time=257.739..301.145 rows=117 loops=1)
          Group Key: item.i_category, item.i_class
          ->  Gather Merge  (cost=34492.64..34746.51 rows=1980 width=110) (actual time=257.624..301.028 rows=351 loops=1)
                Workers Planned: 2
                Workers Launched: 2
                ->  Partial GroupAggregate  (cost=33492.62..33517.95 rows=990 width=110) (actual time=243.398..258.248 rows=117 loops=3)
                      Group Key: item.i_category, item.i_class
                      ->  Sort  (cost=33492.62..33496.47 rows=1543 width=110) (actual time=243.271..245.468 rows=48642 loops=3)
                            Sort Key: item.i_category, item.i_class
                            Sort Method: quicksort  Memory: 10982kB
                            Worker 0:  Sort Method: quicksort  Memory: 7707kB
                            Worker 1:  Sort Method: quicksort  Memory: 7549kB
                            ->  Nested Loop  (cost=2505.72..33410.90 rows=1543 width=110) (actual time=13.789..198.273 rows=48642 loops=3)
                                  ->  Hash Join  (cost=2505.43..32937.21 rows=1543 width=16) (actual time=13.743..99.177 rows=48642 loops=3)
                                        Hash Cond: (web_sales.ws_sold_date_sk = d1.d_date_sk)
                                        ->  Parallel Seq Scan on web_sales  (cost=0.00..29644.81 rows=299781 width=24) (actual time=0.016..45.198 rows=239825 loops=3)
                                        ->  Hash  (cost=2500.73..2500.73 rows=376 width=8) (actual time=13.654..13.655 rows=365 loops=3)
                                              Buckets: 1024  Batches: 1  Memory Usage: 23kB
                                              ->  Seq Scan on date_dim d1  (cost=0.00..2500.73 rows=376 width=8) (actual time=6.182..13.608 rows=365 loops=3)
                                                    Filter: ((d_month_seq >= 1178) AND (d_month_seq <= 1189))
                                                    Rows Removed by Filter: 72684
                                  ->  Index Scan using pk_item on item  (cost=0.29..0.31 rows=1 width=110) (actual time=0.002..0.002 rows=1 loops=145925)
                                        Index Cond: (i_item_sk = web_sales.ws_item_sk)
  ->  Sort  (cost=270.48..273.46 rows=1191 width=148) (actual time=277.842..277.847 rows=100 loops=1)
        Sort Key: results_rollup.lochierarchy DESC, (CASE WHEN (results_rollup.lochierarchy = 0) THEN results_rollup.i_category ELSE NULL::bpchar END), (rank() OVER (?))
        Sort Method: quicksort  Memory: 56kB
        ->  WindowAgg  (cost=192.21..224.96 rows=1191 width=148) (actual time=277.552..277.646 rows=129 loops=1)
              ->  Sort  (cost=192.21..195.19 rows=1191 width=108) (actual time=277.544..277.550 rows=129 loops=1)
                    Sort Key: results_rollup.lochierarchy, (CASE WHEN (results_rollup.g_class = 0) THEN results_rollup.i_category ELSE NULL::bpchar END), results_rollup.total_sum DESC
                    Sort Method: quicksort  Memory: 48kB
                    ->  Subquery Scan on results_rollup  (cost=104.56..131.36 rows=1191 width=108) (actual time=277.396..277.434 rows=129 loops=1)
                          ->  HashAggregate  (cost=104.56..116.47 rows=1191 width=84) (actual time=277.395..277.420 rows=129 loops=1)
                                Group Key: results.total_sum, results.i_category, results.i_class, results.g_category, results.g_class, (0)
                                Batches: 1  Memory Usage: 97kB
                                ->  Append  (cost=0.00..86.70 rows=1191 width=84) (actual time=257.743..277.324 rows=129 loops=1)
                                      ->  CTE Scan on results  (cost=0.00..19.80 rows=990 width=428) (actual time=257.742..277.249 rows=117 loops=1)
                                      ->  HashAggregate  (cost=24.75..26.75 rows=200 width=256) (actual time=0.044..0.047 rows=11 loops=1)
                                            Group Key: results_1.i_category
                                            Batches: 1  Memory Usage: 40kB
                                            ->  CTE Scan on results results_1  (cost=0.00..19.80 rows=990 width=212) (actual time=0.000..0.009 rows=117 loops=1)
                                      ->  Aggregate  (cost=22.28..22.29 rows=1 width=84) (actual time=0.017..0.017 rows=1 loops=1)
                                            ->  CTE Scan on results results_2  (cost=0.00..19.80 rows=990 width=8) (actual time=0.001..0.008 rows=117 loops=1)
     total_sum      |                     i_category                     |                      i_class                       | lochierarchy | rank_within_parent 
--------------------+----------------------------------------------------+----------------------------------------------------+--------------+--------------------
 335996691.14000005 |                                                    |                                                    |            2 |                  1
  34569446.44999999 | Jewelry                                            |                                                    |            1 |                  1
        34174297.28 | Books                                              |                                                    |            1 |                  2
  33773850.18999999 | Women                                              |                                                    |            1 |                  3
  33651512.96000001 | Shoes                                              |                                                    |            1 |                  4
  33634725.36999999 | Men                                                |                                                    |            1 |                  5
        33596541.94 | Children                                           |                                                    |            1 |                  6
  33565940.75999999 | Home                                               |                                                    |            1 |                  7
 32978256.490000002 | Electronics                                        |                                                    |            1 |                  8
  32850021.23999999 | Music                                              |                                                    |            1 |                  9
 32586060.279999997 | Sports                                             |                                                    |            1 |                 10
          616038.18 |                                                    |                                                    |            1 |                 11
  2812553.229999999 | Books                                              | fiction                                            |            0 |                  1
 2678897.2799999993 | Books                                              | computers                                          |            0 |                  2
  2651417.679999999 | Books                                              | arts                                               |            0 |                  3
 2614124.1800000006 | Books                                              | history                                            |            0 |                  4
         2402828.06 | Books                                              | travel                                             |            0 |                  5
         2308756.65 | Books                                              | cooking                                            |            0 |                  6
 2239875.4300000006 | Books                                              | entertainments                                     |            0 |                  7
 1933044.7099999995 | Books                                              | romance                                            |            0 |                  8
 1908453.6400000006 | Books                                              | home repair                                        |            0 |                  9
         1888871.96 | Books                                              | mystery                                            |            0 |                 10
 1888360.2600000007 | Books                                              | reference                                          |            0 |                 11
 1836096.0700000008 | Books                                              | sports                                             |            0 |                 12
 1818669.9299999997 | Books                                              | business                                           |            0 |                 13
 1799862.4299999997 | Books                                              | self-help                                          |            0 |                 14
 1697982.8599999994 | Books                                              | science                                            |            0 |                 15
 1694502.9099999997 | Books                                              | parenting                                          |            0 |                 16
  8826272.320000004 | Children                                           | infants                                            |            0 |                  1
         8663017.62 | Children                                           | toddlers                                           |            0 |                  2
  8312332.619999995 | Children                                           | newborn                                            |            0 |                  3
  7794919.379999998 | Children                                           | school-uniforms                                    |            0 |                  4
 2674363.9199999995 | Electronics                                        | dvd/vcr players                                    |            0 |                  1
         2454682.56 | Electronics                                        | disk drives                                        |            0 |                  2
  2349673.499999999 | Electronics                                        | wireless                                           |            0 |                  3
 2338356.3700000006 | Electronics                                        | memory                                             |            0 |                  4
  2321130.250000001 | Electronics                                        | stereo                                             |            0 |                  5
 2189679.2500000005 | Electronics                                        | portable                                           |            0 |                  6
 2122528.6499999994 | Electronics                                        | monitors                                           |            0 |                  7
  2101176.090000001 | Electronics                                        | karoke                                             |            0 |                  8
 2068155.0800000003 | Electronics                                        | cameras                                            |            0 |                  9
 1992235.9000000004 | Electronics                                        | scanners                                           |            0 |                 10
 1876438.1800000002 | Electronics                                        | televisions                                        |            0 |                 11
 1826792.0199999998 | Electronics                                        | musical                                            |            0 |                 12
 1770251.7000000002 | Electronics                                        | personal                                           |            0 |                 13
 1652726.6599999997 | Electronics                                        | audio                                              |            0 |                 14
 1642525.5200000003 | Electronics                                        | camcorders                                         |            0 |                 15
 1597540.8399999994 | Electronics                                        | automotive                                         |            0 |                 16
 2719720.6100000003 | Home                                               | rugs                                               |            0 |                  1
 2498185.8900000006 | Home                                               | bedding                                            |            0 |                  2
         2333172.62 | Home                                               | decor                                              |            0 |                  3
  2316595.399999999 | Home                                               | blinds/shades                                      |            0 |                  4
  2249561.639999999 | Home                                               | glassware                                          |            0 |                  5
 2198963.4000000004 | Home                                               | kids                                               |            0 |                  6
  2198839.460000001 | Home                                               | wallpaper                                          |            0 |                  7
         2163609.76 | Home                                               | paint                                              |            0 |                  8
 1997767.9399999995 | Home                                               | lighting                                           |            0 |                  9
 1887361.7899999996 | Home                                               | mattresses                                         |            0 |                 10
 1885068.6399999997 | Home                                               | tables                                             |            0 |                 11
 1878777.4399999995 | Home                                               | accent                                             |            0 |                 12
 1864820.2099999993 | Home                                               | curtains/drapes                                    |            0 |                 13
 1844185.7299999997 | Home                                               | furniture                                          |            0 |                 14
  1734683.149999999 | Home                                               | bathroom                                           |            0 |                 15
         1632325.58 | Home                                               | flatware                                           |            0 |                 16
 162301.49999999997 | Home                                               |                                                    |            0 |                 17
  2778159.439999999 | Jewelry                                            | loose stones                                       |            0 |                  1
 2638508.3200000003 | Jewelry                                            | pendants                                           |            0 |                  2
  2604991.709999998 | Jewelry                                            | custom                                             |            0 |                  3
 2354464.3899999997 | Jewelry                                            | consignment                                        |            0 |                  4
 2346007.7600000007 | Jewelry                                            | diamonds                                           |            0 |                  5
 2286835.1099999994 | Jewelry                                            | birdal                                             |            0 |                  6
 2286747.4399999985 | Jewelry                                            | rings                                              |            0 |                  7
 2207037.2199999993 | Jewelry                                            | semi-precious                                      |            0 |                  8
 2139319.0900000003 | Jewelry                                            | gold                                               |            0 |                  9
 2043483.6800000009 | Jewelry                                            | estate                                             |            0 |                 10
 1994735.1899999992 | Jewelry                                            | bracelets                                          |            0 |                 11
          1921548.1 | Jewelry                                            | earings                                            |            0 |                 12
         1896929.96 | Jewelry                                            | mens watch                                         |            0 |                 13
 1855947.3999999997 | Jewelry                                            | costume                                            |            0 |                 14
 1853911.6900000002 | Jewelry                                            | womens watch                                       |            0 |                 15
         1326274.15 | Jewelry                                            | jewelry boxes                                      |            0 |                 16
            34545.8 | Jewelry                                            |                                                    |            0 |                 17
  8785968.429999992 | Men                                                | pants                                              |            0 |                  1
  8669762.790000001 | Men                                                | accessories                                        |            0 |                  2
         8348313.27 | Men                                                | shirts                                             |            0 |                  3
  7713494.569999997 | Men                                                | sports-apparel                                     |            0 |                  4
 117186.31000000001 | Men                                                |                                                    |            0 |                  5
   8734834.92999999 | Music                                              | pop                                                |            0 |                  1
         8408888.57 | Music                                              | rock                                               |            0 |                  2
  8295494.259999995 | Music                                              | classical                                          |            0 |                  3
  7392285.500000006 | Music                                              | country                                            |            0 |                  4
 18517.980000000003 | Music                                              |                                                    |            0 |                  5
  9031509.410000006 | Shoes                                              | mens                                               |            0 |                  1
  8903505.059999995 | Shoes                                              | kids                                               |            0 |                  2
  7893603.120000003 | Shoes                                              | womens                                             |            0 |                  3
 7771835.3300000075 | Shoes                                              | athletic                                           |            0 |                  4
           51060.04 | Shoes                                              |                                                    |            0 |                  5
  2593885.869999999 | Sports                                             | athletic shoes                                     |            0 |                  1
 2581065.1599999997 | Sports                                             | outdoor                                            |            0 |                  2
  2263504.119999999 | Sports                                             | hockey                                             |            0 |                  3
(100 rows)

UPDATE time_statistics SET e_time = TRANSACTION_TIMESTAMP() WHERE template = '../query_postgresql/query86.tpl' AND stream = 4;
psql:/tmp/s1-basline/throughput/query_4.sql:3443: NOTICE:  duration: 0.044 ms  plan:
Query Text: UPDATE time_statistics SET e_time = TRANSACTION_TIMESTAMP() WHERE template = '../query_postgresql/query86.tpl' AND stream = 4;
Update on time_statistics  (cost=0.00..5.22 rows=0 width=0) (actual time=0.044..0.044 rows=0 loops=1)
  ->  Seq Scan on time_statistics  (cost=0.00..5.22 rows=1 width=14) (actual time=0.023..0.029 rows=1 loops=1)
        Filter: ((template = '../query_postgresql/query86.tpl'::text) AND (stream = 4))
        Rows Removed by Filter: 167
UPDATE 1
LOAD 'auto_explain'; SET auto_explain.log_min_duration TO 0; SET auto_explain.log_analyze TO on; SET auto_explain.log_level TO notice; INSERT INTO time_statistics (template, s_time, stream, query, seed) VALUES ('query69.tpl', TRANSACTION_TIMESTAMP(), 4, 69, 1383169763);
LOAD
SET
SET
SET
psql:/tmp/s1-basline/throughput/query_4.sql:3444: NOTICE:  duration: 0.008 ms  plan:
Query Text: INSERT INTO time_statistics (template, s_time, stream, query, seed) VALUES ('query69.tpl', TRANSACTION_TIMESTAMP(), 4, 69, 1383169763);
Insert on time_statistics  (cost=0.00..0.01 rows=0 width=0) (actual time=0.008..0.008 rows=0 loops=1)
  ->  Result  (cost=0.00..0.01 rows=1 width=64) (actual time=0.001..0.001 rows=1 loops=1)
INSERT 0 1
select  
  cd_gender,
  cd_marital_status,
  cd_education_status,
  count(*) cnt1,
  cd_purchase_estimate,
  count(*) cnt2,
  cd_credit_rating,
  count(*) cnt3
 from
  customer c,customer_address ca,customer_demographics
 where
  c.c_current_addr_sk = ca.ca_address_sk and
  ca_state in ('LA','OK','VA') and
  cd_demo_sk = c.c_current_cdemo_sk and 
  exists (select *
          from store_sales,date_dim
          where c.c_customer_sk = ss_customer_sk and
                ss_sold_date_sk = d_date_sk and
                d_year = 2001 and
                d_moy between 4 and 4+2) and
   (not exists (select *
            from web_sales,date_dim
            where c.c_customer_sk = ws_bill_customer_sk and
                  ws_sold_date_sk = d_date_sk and
                  d_year = 2001 and
                  d_moy between 4 and 4+2) and
    not exists (select * 
            from catalog_sales,date_dim
            where c.c_customer_sk = cs_ship_customer_sk and
                  cs_sold_date_sk = d_date_sk and
                  d_year = 2001 and
                  d_moy between 4 and 4+2))
 group by cd_gender,
          cd_marital_status,
          cd_education_status,
          cd_purchase_estimate,
          cd_credit_rating
 order by cd_gender,
          cd_marital_status,
          cd_education_status,
          cd_purchase_estimate,
          cd_credit_rating
 limit 100;
psql:/tmp/s1-basline/throughput/query_4.sql:3488: NOTICE:  duration: 120.181 ms  plan:
Query Text: select  
  cd_gender,
  cd_marital_status,
  cd_education_status,
  count(*) cnt1,
  cd_purchase_estimate,
  count(*) cnt2,
  cd_credit_rating,
  count(*) cnt3
 from
  customer c,customer_address ca,customer_demographics
 where
  c.c_current_addr_sk = ca.ca_address_sk and
  ca_state in ('LA','OK','VA') and
  cd_demo_sk = c.c_current_cdemo_sk and 
  exists (select *
          from store_sales,date_dim
          where c.c_customer_sk = ss_customer_sk and
                ss_sold_date_sk = d_date_sk and
                d_year = 2001 and
                d_moy between 4 and 4+2) and
   (not exists (select *
            from web_sales,date_dim
            where c.c_customer_sk = ws_bill_customer_sk and
                  ws_sold_date_sk = d_date_sk and
                  d_year = 2001 and
                  d_moy between 4 and 4+2) and
    not exists (select * 
            from catalog_sales,date_dim
            where c.c_customer_sk = cs_ship_customer_sk and
                  cs_sold_date_sk = d_date_sk and
                  d_year = 2001 and
                  d_moy between 4 and 4+2))
 group by cd_gender,
          cd_marital_status,
          cd_education_status,
          cd_purchase_estimate,
          cd_credit_rating
 order by cd_gender,
          cd_marital_status,
          cd_education_status,
          cd_purchase_estimate,
          cd_credit_rating
 limit 100;
Limit  (cost=121505.48..121508.23 rows=100 width=64) (actual time=120.065..120.127 rows=100 loops=1)
  ->  GroupAggregate  (cost=121505.48..121512.54 rows=257 width=64) (actual time=120.065..120.120 rows=100 loops=1)
        Group Key: customer_demographics.cd_gender, customer_demographics.cd_marital_status, customer_demographics.cd_education_status, customer_demographics.cd_purchase_estimate, customer_demographics.cd_credit_rating
        ->  Sort  (cost=121505.48..121506.12 rows=257 width=40) (actual time=120.059..120.067 rows=102 loops=1)
              Sort Key: customer_demographics.cd_gender, customer_demographics.cd_marital_status, customer_demographics.cd_education_status, customer_demographics.cd_purchase_estimate, customer_demographics.cd_credit_rating
              Sort Method: quicksort  Memory: 66kB
              ->  Hash Anti Join  (cost=118933.01..121495.19 rows=257 width=40) (actual time=90.413..119.269 rows=488 loops=1)
                    Hash Cond: (c.c_customer_sk = catalog_sales.cs_ship_customer_sk)
                    ->  Nested Loop  (cost=111354.99..113913.85 rows=262 width=48) (actual time=64.872..93.632 rows=515 loops=1)
                          ->  Hash Anti Join  (cost=111354.56..113714.02 rows=271 width=16) (actual time=64.862..91.533 rows=533 loops=1)
                                Hash Cond: (c.c_customer_sk = web_sales.ws_bill_customer_sk)
                                ->  Nested Loop  (cost=84092.16..86448.16 rows=274 width=16) (actual time=45.529..72.049 rows=542 loops=1)
                                      ->  Nested Loop  (cost=84091.87..85396.26 rows=3234 width=24) (actual time=45.509..59.554 rows=6690 loops=1)
                                            ->  HashAggregate  (cost=84091.58..84125.46 rows=3388 width=8) (actual time=45.498..46.577 rows=6691 loops=1)
                                                  Group Key: store_sales.ss_customer_sk
                                                  Batches: 1  Memory Usage: 721kB
                                                  ->  Nested Loop  (cost=0.43..84083.11 rows=3388 width=8) (actual time=4.624..35.424 rows=79009 loops=1)
                                                        ->  Seq Scan on date_dim  (cost=0.00..2683.36 rows=90 width=8) (actual time=4.611..9.464 rows=91 loops=1)
                                                              Filter: ((d_moy >= 4) AND (d_moy <= 6) AND (d_year = 2001))
                                                              Rows Removed by Filter: 72958
                                                        ->  Index Scan using i_ss_sold_date_sk on store_sales  (cost=0.43..889.36 rows=1508 width=16) (actual time=0.005..0.202 rows=868 loops=91)
                                                              Index Cond: (ss_sold_date_sk = date_dim.d_date_sk)
                                            ->  Index Scan using pk_customer on customer c  (cost=0.29..0.38 rows=1 width=24) (actual time=0.002..0.002 rows=1 loops=6691)
                                                  Index Cond: (c_customer_sk = store_sales.ss_customer_sk)
                                      ->  Index Scan using pk_customer_address on customer_address ca  (cost=0.29..0.33 rows=1 width=8) (actual time=0.002..0.002 rows=0 loops=6690)
                                            Index Cond: (ca_address_sk = c.c_current_addr_sk)
                                            Filter: (ca_state = ANY ('{LA,OK,VA}'::bpchar[]))
                                            Rows Removed by Filter: 1
                                ->  Hash  (cost=27251.32..27251.32 rows=886 width=8) (actual time=19.324..19.326 rows=21666 loops=1)
                                      Buckets: 32768 (originally 1024)  Batches: 1 (originally 1)  Memory Usage: 1103kB
                                      ->  Nested Loop  (cost=0.42..27251.32 rows=886 width=8) (actual time=4.482..16.841 rows=21668 loops=1)
                                            ->  Seq Scan on date_dim date_dim_1  (cost=0.00..2683.36 rows=90 width=8) (actual time=4.471..8.972 rows=91 loops=1)
                                                  Filter: ((d_moy >= 4) AND (d_moy <= 6) AND (d_year = 2001))
                                                  Rows Removed by Filter: 72958
                                            ->  Index Scan using i_ws_sold_date_sk on web_sales  (cost=0.42..269.03 rows=395 width=16) (actual time=0.003..0.060 rows=238 loops=91)
                                                  Index Cond: (ws_sold_date_sk = date_dim_1.d_date_sk)
                          ->  Index Scan using pk_customer_demographics on customer_demographics  (cost=0.43..0.74 rows=1 width=48) (actual time=0.004..0.004 rows=1 loops=533)
                                Index Cond: (cd_demo_sk = c.c_current_cdemo_sk)
                    ->  Hash  (cost=7555.99..7555.99 rows=1763 width=8) (actual time=25.534..25.535 rows=41263 loops=1)
                          Buckets: 65536 (originally 2048)  Batches: 1 (originally 1)  Memory Usage: 2124kB
                          ->  Nested Loop  (cost=0.43..7555.99 rows=1763 width=8) (actual time=4.342..20.872 rows=41367 loops=1)
                                ->  Seq Scan on date_dim date_dim_2  (cost=0.00..2683.36 rows=90 width=8) (actual time=4.331..8.963 rows=91 loops=1)
                                      Filter: ((d_moy >= 4) AND (d_moy <= 6) AND (d_year = 2001))
                                      Rows Removed by Filter: 72958
                                ->  Index Scan using i_cs_sold_date_sk on catalog_sales  (cost=0.43..46.32 rows=782 width=16) (actual time=0.003..0.075 rows=455 loops=91)
                                      Index Cond: (cs_sold_date_sk = date_dim_2.d_date_sk)
 cd_gender | cd_marital_status | cd_education_status  | cnt1 | cd_purchase_estimate | cnt2 | cd_credit_rating | cnt3 
-----------+-------------------+----------------------+------+----------------------+------+------------------+------
 F         | D                 | 2 yr Degree          |    1 |                 2500 |    1 | High Risk        |    1
 F         | D                 | 2 yr Degree          |    1 |                 3500 |    1 | High Risk        |    1
 F         | D                 | 2 yr Degree          |    1 |                 6000 |    1 | Unknown          |    1
 F         | D                 | 4 yr Degree          |    1 |                  500 |    1 | Low Risk         |    1
 F         | D                 | 4 yr Degree          |    1 |                 2000 |    1 | Good             |    1
 F         | D                 | 4 yr Degree          |    1 |                 2000 |    1 | Low Risk         |    1
 F         | D                 | 4 yr Degree          |    1 |                 4500 |    1 | Unknown          |    1
 F         | D                 | 4 yr Degree          |    1 |                 6000 |    1 | Good             |    1
 F         | D                 | 4 yr Degree          |    1 |                 6500 |    1 | Good             |    1
 F         | D                 | 4 yr Degree          |    1 |                 9000 |    1 | High Risk        |    1
 F         | D                 | Advanced Degree      |    1 |                 1000 |    1 | Unknown          |    1
 F         | D                 | Advanced Degree      |    1 |                 1500 |    1 | High Risk        |    1
 F         | D                 | Advanced Degree      |    1 |                 3000 |    1 | Unknown          |    1
 F         | D                 | Advanced Degree      |    1 |                 4000 |    1 | High Risk        |    1
 F         | D                 | Advanced Degree      |    1 |                 4000 |    1 | Unknown          |    1
 F         | D                 | Advanced Degree      |    1 |                 6000 |    1 | High Risk        |    1
 F         | D                 | Advanced Degree      |    1 |                 8000 |    1 | Unknown          |    1
 F         | D                 | College              |    1 |                 1500 |    1 | High Risk        |    1
 F         | D                 | College              |    1 |                 2500 |    1 | High Risk        |    1
 F         | D                 | College              |    1 |                 5000 |    1 | Low Risk         |    1
 F         | D                 | College              |    1 |                 5500 |    1 | Unknown          |    1
 F         | D                 | College              |    1 |                 8500 |    1 | Good             |    1
 F         | D                 | College              |    1 |                 8500 |    1 | High Risk        |    1
 F         | D                 | Primary              |    2 |                 4000 |    2 | Good             |    2
 F         | D                 | Primary              |    1 |                 4500 |    1 | Good             |    1
 F         | D                 | Primary              |    1 |                 6000 |    1 | Low Risk         |    1
 F         | D                 | Primary              |    1 |                 7500 |    1 | Unknown          |    1
 F         | D                 | Primary              |    1 |                 8000 |    1 | Low Risk         |    1
 F         | D                 | Primary              |    1 |                 8500 |    1 | High Risk        |    1
 F         | D                 | Secondary            |    1 |                  500 |    1 | Low Risk         |    1
 F         | D                 | Secondary            |    1 |                 1500 |    1 | Low Risk         |    1
 F         | D                 | Secondary            |    1 |                 5500 |    1 | High Risk        |    1
 F         | D                 | Secondary            |    1 |                 6000 |    1 | Low Risk         |    1
 F         | D                 | Secondary            |    1 |                 7000 |    1 | Unknown          |    1
 F         | D                 | Secondary            |    1 |                 8000 |    1 | Good             |    1
 F         | D                 | Secondary            |    1 |                 8000 |    1 | High Risk        |    1
 F         | D                 | Secondary            |    1 |                 8500 |    1 | Good             |    1
 F         | D                 | Secondary            |    1 |                 9000 |    1 | Good             |    1
 F         | D                 | Unknown              |    1 |                 2000 |    1 | Low Risk         |    1
 F         | D                 | Unknown              |    1 |                 3500 |    1 | Good             |    1
 F         | D                 | Unknown              |    1 |                 4000 |    1 | Good             |    1
 F         | D                 | Unknown              |    1 |                 5000 |    1 | Low Risk         |    1
 F         | D                 | Unknown              |    1 |                 6500 |    1 | Low Risk         |    1
 F         | D                 | Unknown              |    1 |                 8500 |    1 | Good             |    1
 F         | D                 | Unknown              |    1 |                 9500 |    1 | Good             |    1
 F         | M                 | 2 yr Degree          |    1 |                 2500 |    1 | High Risk        |    1
 F         | M                 | 2 yr Degree          |    1 |                 2500 |    1 | Unknown          |    1
 F         | M                 | 2 yr Degree          |    1 |                 7500 |    1 | Unknown          |    1
 F         | M                 | 2 yr Degree          |    1 |                 8000 |    1 | Unknown          |    1
 F         | M                 | 2 yr Degree          |    1 |                 9000 |    1 | Unknown          |    1
 F         | M                 | 2 yr Degree          |    1 |                 9500 |    1 | High Risk        |    1
 F         | M                 | 2 yr Degree          |    1 |                10000 |    1 | High Risk        |    1
 F         | M                 | 4 yr Degree          |    1 |                 1000 |    1 | High Risk        |    1
 F         | M                 | 4 yr Degree          |    1 |                 2000 |    1 | Good             |    1
 F         | M                 | 4 yr Degree          |    1 |                 4000 |    1 | Low Risk         |    1
 F         | M                 | 4 yr Degree          |    1 |                 6000 |    1 | Good             |    1
 F         | M                 | 4 yr Degree          |    1 |                 7000 |    1 | Unknown          |    1
 F         | M                 | 4 yr Degree          |    1 |                 8500 |    1 | High Risk        |    1
 F         | M                 | Advanced Degree      |    1 |                  500 |    1 | Good             |    1
 F         | M                 | Advanced Degree      |    1 |                 2500 |    1 | High Risk        |    1
 F         | M                 | Advanced Degree      |    1 |                 3000 |    1 | Unknown          |    1
 F         | M                 | Advanced Degree      |    1 |                 4000 |    1 | Low Risk         |    1
 F         | M                 | Advanced Degree      |    1 |                 4500 |    1 | Good             |    1
 F         | M                 | Advanced Degree      |    1 |                 5500 |    1 | High Risk        |    1
 F         | M                 | Advanced Degree      |    1 |                 6000 |    1 | Good             |    1
 F         | M                 | Advanced Degree      |    1 |                 6500 |    1 | High Risk        |    1
 F         | M                 | Advanced Degree      |    1 |                 8000 |    1 | Good             |    1
 F         | M                 | Advanced Degree      |    1 |                 9000 |    1 | Good             |    1
 F         | M                 | Advanced Degree      |    1 |                 9500 |    1 | Unknown          |    1
 F         | M                 | Advanced Degree      |    1 |                10000 |    1 | High Risk        |    1
 F         | M                 | College              |    1 |                 2500 |    1 | High Risk        |    1
 F         | M                 | College              |    1 |                 6000 |    1 | Low Risk         |    1
 F         | M                 | College              |    1 |                 7000 |    1 | Good             |    1
 F         | M                 | College              |    1 |                 8500 |    1 | Good             |    1
 F         | M                 | College              |    1 |                 8500 |    1 | High Risk        |    1
 F         | M                 | College              |    1 |                 9000 |    1 | Unknown          |    1
 F         | M                 | College              |    1 |                 9500 |    1 | Low Risk         |    1
 F         | M                 | College              |    1 |                10000 |    1 | Low Risk         |    1
 F         | M                 | Primary              |    1 |                 2000 |    1 | Good             |    1
 F         | M                 | Primary              |    1 |                 2000 |    1 | High Risk        |    1
 F         | M                 | Primary              |    1 |                 2000 |    1 | Low Risk         |    1
 F         | M                 | Primary              |    1 |                 4500 |    1 | High Risk        |    1
 F         | M                 | Primary              |    1 |                 7500 |    1 | Unknown          |    1
 F         | M                 | Secondary            |    1 |                 1000 |    1 | High Risk        |    1
 F         | M                 | Secondary            |    1 |                 1500 |    1 | Unknown          |    1
 F         | M                 | Secondary            |    1 |                 2000 |    1 | Unknown          |    1
 F         | M                 | Secondary            |    1 |                 2500 |    1 | Unknown          |    1
 F         | M                 | Secondary            |    1 |                 3500 |    1 | Unknown          |    1
 F         | M                 | Secondary            |    1 |                 4000 |    1 | Good             |    1
 F         | M                 | Secondary            |    1 |                 4000 |    1 | Unknown          |    1
 F         | M                 | Secondary            |    1 |                 9000 |    1 | High Risk        |    1
 F         | M                 | Unknown              |    1 |                 2500 |    1 | Good             |    1
 F         | M                 | Unknown              |    1 |                 3500 |    1 | Good             |    1
 F         | M                 | Unknown              |    1 |                 4000 |    1 | Low Risk         |    1
 F         | M                 | Unknown              |    1 |                 5500 |    1 | Low Risk         |    1
 F         | M                 | Unknown              |    1 |                 5500 |    1 | Unknown          |    1
 F         | M                 | Unknown              |    1 |                 7000 |    1 | Low Risk         |    1
 F         | M                 | Unknown              |    1 |                 8000 |    1 | Low Risk         |    1
 F         | M                 | Unknown              |    1 |                 8500 |    1 | Good             |    1
 F         | S                 | 2 yr Degree          |    1 |                 2000 |    1 | Good             |    1
(100 rows)

UPDATE time_statistics SET e_time = TRANSACTION_TIMESTAMP() WHERE template = 'query69.tpl' AND stream = 4;
psql:/tmp/s1-basline/throughput/query_4.sql:3490: NOTICE:  duration: 0.046 ms  plan:
Query Text: UPDATE time_statistics SET e_time = TRANSACTION_TIMESTAMP() WHERE template = 'query69.tpl' AND stream = 4;
Update on time_statistics  (cost=0.00..5.22 rows=0 width=0) (actual time=0.046..0.046 rows=0 loops=1)
  ->  Seq Scan on time_statistics  (cost=0.00..5.22 rows=1 width=14) (actual time=0.024..0.031 rows=1 loops=1)
        Filter: ((template = 'query69.tpl'::text) AND (stream = 4))
        Rows Removed by Filter: 168
UPDATE 1
LOAD 'auto_explain'; SET auto_explain.log_min_duration TO 0; SET auto_explain.log_analyze TO on; SET auto_explain.log_level TO notice; INSERT INTO time_statistics (template, s_time, stream, query, seed) VALUES ('query68.tpl', TRANSACTION_TIMESTAMP(), 4, 70, 1085670739);
LOAD
SET
SET
SET
psql:/tmp/s1-basline/throughput/query_4.sql:3491: NOTICE:  duration: 0.008 ms  plan:
Query Text: INSERT INTO time_statistics (template, s_time, stream, query, seed) VALUES ('query68.tpl', TRANSACTION_TIMESTAMP(), 4, 70, 1085670739);
Insert on time_statistics  (cost=0.00..0.01 rows=0 width=0) (actual time=0.008..0.008 rows=0 loops=1)
  ->  Result  (cost=0.00..0.01 rows=1 width=64) (actual time=0.002..0.002 rows=1 loops=1)
INSERT 0 1
select  c_last_name
       ,c_first_name
       ,ca_city
       ,bought_city
       ,ss_ticket_number
       ,extended_price
       ,extended_tax
       ,list_price
 from (select ss_ticket_number
             ,ss_customer_sk
             ,ca_city bought_city
             ,sum(ss_ext_sales_price) extended_price 
             ,sum(ss_ext_list_price) list_price
             ,sum(ss_ext_tax) extended_tax 
       from store_sales
           ,date_dim
           ,store
           ,household_demographics
           ,customer_address 
       where store_sales.ss_sold_date_sk = date_dim.d_date_sk
         and store_sales.ss_store_sk = store.s_store_sk  
        and store_sales.ss_hdemo_sk = household_demographics.hd_demo_sk
        and store_sales.ss_addr_sk = customer_address.ca_address_sk
        and date_dim.d_dom between 1 and 2 
        and (household_demographics.hd_dep_count = 9 or
             household_demographics.hd_vehicle_count= 2)
        and date_dim.d_year in (2000,2000+1,2000+2)
        and store.s_city in ('Fairview','Midway')
       group by ss_ticket_number
               ,ss_customer_sk
               ,ss_addr_sk,ca_city) dn
      ,customer
      ,customer_address current_addr
 where ss_customer_sk = c_customer_sk
   and customer.c_current_addr_sk = current_addr.ca_address_sk
   and current_addr.ca_city <> bought_city
 order by c_last_name
         ,ss_ticket_number
 limit 100;
psql:/tmp/s1-basline/throughput/query_4.sql:3530: NOTICE:  duration: 270.784 ms  plan:
Query Text: select  c_last_name
       ,c_first_name
       ,ca_city
       ,bought_city
       ,ss_ticket_number
       ,extended_price
       ,extended_tax
       ,list_price
 from (select ss_ticket_number
             ,ss_customer_sk
             ,ca_city bought_city
             ,sum(ss_ext_sales_price) extended_price 
             ,sum(ss_ext_list_price) list_price
             ,sum(ss_ext_tax) extended_tax 
       from store_sales
           ,date_dim
           ,store
           ,household_demographics
           ,customer_address 
       where store_sales.ss_sold_date_sk = date_dim.d_date_sk
         and store_sales.ss_store_sk = store.s_store_sk  
        and store_sales.ss_hdemo_sk = household_demographics.hd_demo_sk
        and store_sales.ss_addr_sk = customer_address.ca_address_sk
        and date_dim.d_dom between 1 and 2 
        and (household_demographics.hd_dep_count = 9 or
             household_demographics.hd_vehicle_count= 2)
        and date_dim.d_year in (2000,2000+1,2000+2)
        and store.s_city in ('Fairview','Midway')
       group by ss_ticket_number
               ,ss_customer_sk
               ,ss_addr_sk,ca_city) dn
      ,customer
      ,customer_address current_addr
 where ss_customer_sk = c_customer_sk
   and customer.c_current_addr_sk = current_addr.ca_address_sk
   and current_addr.ca_city <> bought_city
 order by c_last_name
         ,ss_ticket_number
 limit 100;
Limit  (cost=76937.20..76937.45 rows=100 width=102) (actual time=270.681..270.694 rows=100 loops=1)
  ->  Sort  (cost=76937.20..76938.66 rows=587 width=102) (actual time=270.680..270.686 rows=100 loops=1)
        Sort Key: customer.c_last_name, store_sales.ss_ticket_number
        Sort Method: top-N heapsort  Memory: 48kB
        ->  Nested Loop  (cost=75647.44..76914.76 rows=587 width=102) (actual time=252.741..269.248 rows=2206 loops=1)
              Join Filter: ((current_addr.ca_city)::text <> (customer_address.ca_city)::text)
              Rows Removed by Join Filter: 174
              ->  Nested Loop  (cost=75647.15..76718.36 rows=588 width=101) (actual time=252.736..264.939 rows=2380 loops=1)
                    ->  GroupAggregate  (cost=75646.86..75664.50 rows=588 width=57) (actual time=252.726..259.490 rows=2449 loops=1)
                          Group Key: store_sales.ss_ticket_number, store_sales.ss_customer_sk, store_sales.ss_addr_sk, customer_address.ca_city
                          ->  Sort  (cost=75646.86..75648.33 rows=588 width=57) (actual time=252.716..253.797 rows=26232 loops=1)
                                Sort Key: store_sales.ss_ticket_number, store_sales.ss_customer_sk, store_sales.ss_addr_sk, customer_address.ca_city
                                Sort Method: quicksort  Memory: 3364kB
                                ->  Nested Loop  (cost=1.00..75619.81 rows=588 width=57) (actual time=4.591..243.291 rows=26232 loops=1)
                                      ->  Nested Loop  (cost=0.71..75430.09 rows=616 width=48) (actual time=4.588..208.990 rows=26390 loops=1)
                                            Join Filter: (store_sales.ss_store_sk = store.s_store_sk)
                                            Rows Removed by Join Filter: 116001
                                            ->  Nested Loop  (cost=0.71..75320.40 rows=646 width=56) (actual time=4.581..192.239 rows=26708 loops=1)
                                                  ->  Nested Loop  (cost=0.43..74493.77 rows=2710 width=64) (actual time=4.576..62.642 rows=107121 loops=1)
                                                        ->  Seq Scan on date_dim  (cost=0.00..2774.67 rows=72 width=8) (actual time=4.563..9.475 rows=72 loops=1)
                                                              Filter: ((d_dom >= 1) AND (d_dom <= 2) AND (d_year = ANY ('{2000,2001,2002}'::integer[])))
                                                              Rows Removed by Filter: 72977
                                                        ->  Index Scan using i_ss_sold_date_sk on store_sales  (cost=0.43..981.02 rows=1508 width=72) (actual time=0.006..0.451 rows=1488 loops=72)
                                                              Index Cond: (ss_sold_date_sk = date_dim.d_date_sk)
                                                  ->  Index Scan using pk_household_demographics on household_demographics  (cost=0.28..0.31 rows=1 width=8) (actual time=0.001..0.001 rows=0 loops=107121)
                                                        Index Cond: (hd_demo_sk = store_sales.ss_hdemo_sk)
                                                        Filter: ((hd_dep_count = 9) OR (hd_vehicle_count = 2))
                                                        Rows Removed by Filter: 1
                                            ->  Materialize  (cost=0.00..1.21 rows=12 width=8) (actual time=0.000..0.000 rows=5 loops=26708)
                                                  ->  Seq Scan on store  (cost=0.00..1.15 rows=12 width=8) (actual time=0.004..0.008 rows=12 loops=1)
                                                        Filter: ((s_city)::text = ANY ('{Fairview,Midway}'::text[]))
                                      ->  Index Scan using pk_customer_address on customer_address  (cost=0.29..0.31 rows=1 width=17) (actual time=0.001..0.001 rows=1 loops=26390)
                                            Index Cond: (ca_address_sk = store_sales.ss_addr_sk)
                    ->  Index Scan using pk_customer on customer  (cost=0.29..1.78 rows=1 width=68) (actual time=0.002..0.002 rows=1 loops=2449)
                          Index Cond: (c_customer_sk = store_sales.ss_customer_sk)
              ->  Index Scan using pk_customer_address on customer_address current_addr  (cost=0.29..0.32 rows=1 width=17) (actual time=0.001..0.001 rows=1 loops=2380)
                    Index Cond: (ca_address_sk = customer.c_current_addr_sk)
          c_last_name           |     c_first_name     |      ca_city       |   bought_city   | ss_ticket_number |   extended_price   |    extended_tax    |     list_price     
--------------------------------+----------------------+--------------------+-----------------+------------------+--------------------+--------------------+--------------------
 Abbott                         | Donald               | Oak Ridge          | Woodville       |             8737 |           18167.04 |  580.6899999999999 |           33272.08
 Abbott                         | Veronica             | Fairview           | Riverdale       |            20496 | 30660.489999999998 | 1387.1399999999999 |  61401.04999999999
 Abernathy                      | Marcelo              | Waterloo           | Mountain View   |           115275 | 25720.990000000005 |             889.46 |           41232.03
 Acevedo                        | Gladys               | Centerville        | Oak Ridge       |             4151 |           26325.64 |             627.76 |  42831.90000000001
 Ackerman                       | Sharon               | Forest Hills       | River Oaks      |           106832 | 12366.129999999997 |             699.48 |           44547.48
 Acosta                         | Frederick            | Concord            | Pine Grove      |           150175 |           14487.33 |             777.08 | 32896.740000000005
 Acosta                         | Dorothy              | Greenville         | Jackson         |           215205 |           13260.91 |             518.33 | 28978.809999999998
 Adam                           | Marjorie             | Enterprise         | Shaw            |           167526 | 14474.330000000002 |             360.53 | 28396.070000000003
 Adams                          | Carolyn              | Granville          | Harmony         |           100294 |           14554.37 | 503.72999999999996 |           32676.58
 Adams                          | Debbie               | Summit             | Riverdale       |           132905 |           11274.52 |             531.36 |           35547.59
 Adams                          | Warren               | Centerville        | Highland Park   |           154430 |           34002.06 |            1426.29 | 51333.840000000004
 Adkins                         | Philip               | Green Acres        | Oak Grove       |           194420 | 33880.420000000006 |            1366.91 |           75498.59
 Agee                           | Florine              | Oakwood            | Buena Vista     |            48880 |           14694.69 |  662.1300000000001 |  39286.17999999999
 Agee                           | Clarence             | Kingston           | Lakewood        |           191995 | 32636.639999999996 |            1095.53 |           64380.24
 Agnew                          | Christopher          | Waterloo           | Union Hill      |           117649 |            8304.44 |             208.76 |           20075.81
 Aguilera                       | Stephen              | Green Acres        | Liberty         |           102956 | 11856.439999999999 | 372.27000000000004 |           28441.75
 Aguirre                        | Leticia              | Unionville         | Greenwood       |           145670 |           20659.63 |             864.98 | 31662.449999999997
 Akers                          | Gerardo              | Shiloh             | Pleasant Grove  |            77284 |           24637.79 | 1129.8600000000001 |           66744.11
 Albert                         | Aaron                | Spring Hill        | Clifton         |           103219 | 22630.169999999995 |            1273.08 |            42218.4
 Alcala                         | Robin                | Mount Vernon       | Union Hill      |           176592 |  40214.33999999999 |            2231.24 |  76066.91999999998
 Alexander                      | Ken                  | Macedonia          | Pleasant Grove  |           186087 |           20085.67 |  949.9699999999999 | 42963.329999999994
 Alford                         | William              | Woodlawn           | Harmony         |            54990 |           18195.16 |            1030.62 |           42139.83
 Allan                          | Peggy                | Mount Zion         | Granite         |            17613 | 15763.630000000001 |             555.23 |           31060.85
 Allen                          | Adam                 | Providence         | Price           |            30034 |           19730.49 | 400.74999999999994 |           28401.72
 Allen                          | Barbara              | Paxton             | Springfield     |            38967 |           27266.64 |            1160.74 |            39980.5
 Allen                          | Fred                 | Spring Hill        | Lebanon         |            85302 | 33463.219999999994 |            1897.58 |           63329.22
 Allen                          | Salvador             | Jackson            | Brownsville     |           103992 |            9582.84 |             474.32 | 25942.609999999997
 Allen                          | Tammy                | Jackson            | Ludlow          |           136825 | 18497.649999999998 |            1171.24 |           34168.23
 Allen                          | Ted                  | Mount Olive        | Riverview       |           177477 |           20907.95 |             823.68 | 28395.949999999997
 Allen                          |                      | Scottsville        | Waterloo        |           191147 | 36186.229999999996 |             1297.2 |  85540.97000000002
 Allen                          | Bennie               | Franklin           | Woodlawn        |           196901 |           12581.27 |             813.82 |           16011.78
 Allen                          | Jackie               | Center Hill        | New Hope        |           210419 | 19962.899999999998 |            1061.36 |           27410.06
 Alvarado                       | Minta                | Clinton            | Mount Pleasant  |           175643 |            8053.33 |  369.4600000000001 |           16624.49
 Alvarado                       | Milagros             | Mount Zion         | Hartland        |           225619 |            7539.31 | 340.67999999999995 |           17867.32
 Alvarez                        |                      | Sunnyside          | Enterprise      |             9787 |           24558.13 |              521.7 | 47088.310000000005
 Anderson                       | Marilyn              | Belmont            | Texas           |              253 |            23368.8 |             356.45 |           44036.52
 Anderson                       | Christopher          | Highland           | Providence      |            13650 |           21775.72 |             523.01 |           50322.48
 Anderson                       | Rosalind             | Fairfield          | Highland Park   |            20452 |           32859.72 |             1536.3 | 52455.159999999996
 Anderson                       |                      | Pleasant Hill      | Brownsville     |            29343 |            16632.8 |             724.42 |           26147.09
 Anderson                       | George               | Delmar             | Newport         |           124246 | 32250.989999999994 | 1778.9500000000003 |           53056.67
 Anderson                       | Emily                | Washington Heights | Oneida          |           136824 |  8186.280000000001 |  569.2199999999999 |           21784.66
 Anderson                       | Valentina            | New Hope           | Sulphur Springs |           171642 |           22524.18 |            1139.16 |           47419.68
 Anderson                       | Paul                 | Jamestown          | Clinton         |           173596 | 13037.250000000002 |             383.97 |           21187.22
 Anderson                       | Alberto              | Oak Ridge          | Farmington      |           216329 | 23568.910000000003 |            1056.55 |           50109.98
 Anderson                       | Joseph               | Hillcrest          | Mount Vernon    |           217552 |           15837.96 |             620.99 |           46826.91
 Anderson                       | Norman               | Bridgeport         | Waterloo        |           237735 | 16198.309999999998 |             730.65 | 36592.399999999994
 Anderson                       | Michael              | Summit             | Five Forks      |           239710 |           19128.67 |             929.89 |           46331.03
 Andre                          | Antonia              | Pinhook            | Jamestown       |            76159 | 16778.030000000002 |             753.96 |           43612.61
 Andrews                        | Marie                | Pleasant Valley    | Point Pleasant  |            24409 |            17501.2 |  934.7000000000002 | 31989.860000000004
 Andrews                        | Bonita               | Greenfield         | Brookwood       |           173441 | 23588.670000000002 |  867.7699999999999 |  57022.98999999999
 Anthony                        | Wayne                | Glenwood           | Farmington      |              531 |           28469.92 |             632.86 |           72144.48
 Aponte                         | Michael              | Ashland            | Union Hill      |           174598 |             5264.8 | 158.14999999999998 |            9346.98
 Archibald                      | Amanda               | Fairfield          | Greenfield      |           172623 |           26738.08 |             715.69 |           58266.85
 Archie                         | Allene               | Spring Hill        | Red Hill        |           209117 |           17623.36 |  887.7800000000001 | 32850.479999999996
 Arias                          | Eldon                | Hopewell           | Maple Grove     |           218432 |            8845.04 |  608.0400000000001 |           19401.31
 Armstrong                      | Amanda               | Woodville          | Fowler          |            79423 |           16615.54 |              697.8 | 32104.929999999997
 Armstrong                      | Michael              | Farmington         | Lakeside        |           115333 |           30027.15 |            1787.69 |           45055.97
 Arnett                         | Dawn                 | Forest Hills       | Edgewood        |           132166 |           17745.81 |  694.8800000000001 |            34609.5
 Arredondo                      | Shane                | Centerville        | Clinton         |            73553 |           10068.02 |             337.23 |           21441.81
 Asbury                         |                      | Salem              | Stringtown      |             2495 |           15248.03 | 261.91999999999996 |           29057.07
 Ashley                         | James                | Clinton            | Valley View     |           231005 |           17779.05 |  713.7999999999998 | 33998.090000000004
 Atherton                       | Jennifer             | Greenwood          | Sunnyside       |           111793 |           12740.01 |             458.37 | 44550.509999999995
 Atkinson                       | Daisy                | Clinton            | Rankin          |            10722 | 25291.390000000003 |             606.63 | 45046.939999999995
 Atkinson                       | Timothy              | Bethel             | Centerville     |           120086 | 12828.289999999999 |  689.8799999999999 | 27731.429999999997
 Atkinson                       | Denise               | Rosebud            | Summit          |           174304 |            11504.9 |             623.26 | 18727.000000000004
 Atkinson                       | Timothy              | Bethel             | Five Forks      |           182943 | 24411.870000000003 |             909.98 |           42084.25
 Augustine                      | Pamela               | Spring Valley      | Lakeside        |            49026 | 21167.330000000005 |  699.0600000000001 |  77556.70000000001
 Avalos                         | Alicia               | Watkins            | Red Oak         |            95667 |  8434.560000000001 | 477.21999999999997 |           17083.65
 Aviles                         | Emma                 | Jamestown          | Union           |           188678 | 17347.519999999997 |             909.61 |           33416.28
 Ayala                          | Walter               | Harmony            | Forest Hills    |            82643 | 26506.469999999998 |             641.86 | 39083.399999999994
 Ayers                          | Donna                | Summit             | Stringtown      |            42806 |           29295.38 | 1320.0500000000002 |           64456.06
 Ayres                          | Myrtle               | Valley View        | Harmony         |            97104 | 10158.130000000001 |             295.32 | 25059.170000000006
 Baca                           | Cynthia              | Highland Park      | Arlington       |           160358 | 18242.679999999997 |             691.27 | 33600.219999999994
 Bailey                         | Joseph               | Lakeville          | Walnut Grove    |             6029 |           16939.66 |  345.2300000000001 |           39030.53
 Bailey                         | Rebecca              | Mountain View      | Mechanicsburg   |           110021 |           11803.08 |             489.26 | 30044.320000000003
 Bailey                         | Marlin               | Woodlawn           | Price           |           129328 |           18651.16 |  940.1999999999999 |           34772.78
 Bailey                         | Joseph               | Franklin           | Lakeview        |           141216 | 23527.690000000002 |  962.0400000000001 |           54939.76
 Bailey                         | Lisa                 | Five Forks         | Harmon          |           179284 |           25867.63 |            1617.17 |  47090.16000000001
 Bailey                         | Patrick              | Sunnyside          | Lakeside        |           191524 | 23597.789999999997 |  548.2800000000001 | 56137.520000000004
 Bain                           | Wendy                | Mount Pleasant     | Stringtown      |            81224 |              24938 | 1364.1900000000003 |           29401.35
 Baird                          | Elizabeth            | Bridgeport         | Liberty         |            85256 |  9944.289999999999 |  572.3199999999999 |           24340.36
 Baird                          | Dinah                | Green Acres        | Lakeview        |           201994 |           11263.35 |  810.6800000000001 | 28025.719999999998
 Baker                          | Joshua               | Unionville         | Highland Park   |            60957 | 18144.620000000003 |             984.29 |           28873.05
 Baker                          |                      | Glendale           | Oak Grove       |            86886 |             8975.5 |  371.3500000000001 |           27580.07
 Baker                          | Victor               | Marion             | Valley View     |           113260 |  7618.929999999999 | 325.21000000000004 | 15254.169999999998
 Baker                          | Yadira               | Antioch            | Georgetown      |           145434 |           25373.06 | 1252.6699999999998 |           60777.87
 Baker                          | Melvin               | Five Forks         | Lebanon         |           158006 |           16734.94 |  861.1599999999999 |            31206.8
 Baker                          | David                | Bay View           | Shiloh          |           207893 | 10618.599999999999 |             722.56 |           21872.84
 Baker                          | Christi              | Valley View        | Shady Grove     |           237098 |           16566.45 |             809.64 |           26803.26
 Baldwin                        |                      | Wildwood           | Crossroads      |           187276 |           28234.21 | 1318.1399999999999 |            49281.1
 Ballard                        | Isaac                | Riverview          | Farmington      |            54372 |           17438.33 |             528.28 | 46634.490000000005
 Banks                          | Alphonso             | Waterloo           | Jamestown       |            36475 | 26508.210000000003 | 1404.6100000000001 | 49486.369999999995
 Barham                         | Mark                 | Kingston           | Glendale        |           222040 |  7603.900000000001 |             302.82 |           25958.93
 Barker                         | William              | Lakeview           | Union Hill      |             3386 | 11819.550000000001 |             501.03 |           32515.55
 Barker                         | Rose                 | Riverside          | Stringtown      |           153485 |           20549.98 |  607.7199999999999 | 38613.009999999995
 Barlow                         | Herbert              | Union Hill         | Marion          |           190664 |            14404.7 |             255.18 | 29366.309999999998
 Barnes                         | William              | Oakwood            | Midway          |           119740 |           18486.99 |             330.46 |  47434.46000000001
 Barnes                         | Robert               | Tracy              | Stringtown      |           200966 |           17311.46 |             782.26 |           43747.76
 Barnett                        | Bonnie               | Woodland           | Clearview       |           194143 | 21520.530000000002 |             832.62 |           48362.08
 Barr                           | Judith               | Mount Vernon       | Union           |           225883 | 29030.109999999997 |             614.77 |  68626.92000000001
(100 rows)

UPDATE time_statistics SET e_time = TRANSACTION_TIMESTAMP() WHERE template = 'query68.tpl' AND stream = 4;
psql:/tmp/s1-basline/throughput/query_4.sql:3532: NOTICE:  duration: 0.045 ms  plan:
Query Text: UPDATE time_statistics SET e_time = TRANSACTION_TIMESTAMP() WHERE template = 'query68.tpl' AND stream = 4;
Update on time_statistics  (cost=0.00..5.22 rows=0 width=0) (actual time=0.045..0.045 rows=0 loops=1)
  ->  Seq Scan on time_statistics  (cost=0.00..5.22 rows=1 width=14) (actual time=0.024..0.031 rows=1 loops=1)
        Filter: ((template = 'query68.tpl'::text) AND (stream = 4))
        Rows Removed by Filter: 169
UPDATE 1
LOAD 'auto_explain'; SET auto_explain.log_min_duration TO 0; SET auto_explain.log_analyze TO on; SET auto_explain.log_level TO notice; INSERT INTO time_statistics (template, s_time, stream, query, seed) VALUES ('query1.tpl', TRANSACTION_TIMESTAMP(), 4, 71, 1159243511);
LOAD
SET
SET
SET
psql:/tmp/s1-basline/throughput/query_4.sql:3533: NOTICE:  duration: 0.009 ms  plan:
Query Text: INSERT INTO time_statistics (template, s_time, stream, query, seed) VALUES ('query1.tpl', TRANSACTION_TIMESTAMP(), 4, 71, 1159243511);
Insert on time_statistics  (cost=0.00..0.01 rows=0 width=0) (actual time=0.008..0.008 rows=0 loops=1)
  ->  Result  (cost=0.00..0.01 rows=1 width=64) (actual time=0.001..0.001 rows=1 loops=1)
INSERT 0 1
with customer_total_return as
(select sr_customer_sk as ctr_customer_sk
,sr_store_sk as ctr_store_sk
,sum(SR_REFUNDED_CASH) as ctr_total_return
from store_returns
,date_dim
where sr_returned_date_sk = d_date_sk
and d_year =2000
group by sr_customer_sk
,sr_store_sk)
 select  c_customer_id
from customer_total_return ctr1
,store
,customer
where ctr1.ctr_total_return > (select avg(ctr_total_return)*1.2
from customer_total_return ctr2
where ctr1.ctr_store_sk = ctr2.ctr_store_sk)
and s_store_sk = ctr1.ctr_store_sk
and s_state = 'TN'
and ctr1.ctr_customer_sk = c_customer_sk
order by c_customer_id
limit 100;
psql:/tmp/s1-basline/throughput/query_4.sql:3555: NOTICE:  duration: 208618.917 ms  plan:
Query Text: with customer_total_return as
(select sr_customer_sk as ctr_customer_sk
,sr_store_sk as ctr_store_sk
,sum(SR_REFUNDED_CASH) as ctr_total_return
from store_returns
,date_dim
where sr_returned_date_sk = d_date_sk
and d_year =2000
group by sr_customer_sk
,sr_store_sk)
 select  c_customer_id
from customer_total_return ctr1
,store
,customer
where ctr1.ctr_total_return > (select avg(ctr_total_return)*1.2
from customer_total_return ctr2
where ctr1.ctr_store_sk = ctr2.ctr_store_sk)
and s_store_sk = ctr1.ctr_store_sk
and s_state = 'TN'
and ctr1.ctr_customer_sk = c_customer_sk
order by c_customer_id
limit 100;
Limit  (cost=54250.76..54250.83 rows=28 width=17) (actual time=208618.885..208618.899 rows=100 loops=1)
  CTE customer_total_return
    ->  GroupAggregate  (cost=11346.97..11374.51 rows=1377 width=24) (actual time=60.248..78.446 rows=50035 loops=1)
          Group Key: store_returns.sr_customer_sk, store_returns.sr_store_sk
          ->  Sort  (cost=11346.97..11350.42 rows=1377 width=24) (actual time=60.241..62.979 rows=55459 loops=1)
                Sort Key: store_returns.sr_customer_sk, store_returns.sr_store_sk
                Sort Method: quicksort  Memory: 4980kB
                ->  Nested Loop  (cost=0.42..11275.18 rows=1377 width=24) (actual time=3.926..46.570 rows=55459 loops=1)
                      ->  Seq Scan on date_dim  (cost=0.00..2318.11 rows=363 width=8) (actual time=3.918..8.231 rows=366 loops=1)
                            Filter: (d_year = 2000)
                            Rows Removed by Filter: 72683
                      ->  Index Scan using i_sr_returned_date_sk on store_returns  (cost=0.42..23.28 rows=140 width=32) (actual time=0.002..0.083 rows=152 loops=366)
                            Index Cond: (sr_returned_date_sk = date_dim.d_date_sk)
  ->  Sort  (cost=42876.24..42876.31 rows=28 width=17) (actual time=208618.884..208618.889 rows=100 loops=1)
        Sort Key: customer.c_customer_id
        Sort Method: top-N heapsort  Memory: 38kB
        ->  Nested Loop  (cost=0.29..42875.57 rows=28 width=17) (actual time=98.067..208610.927 rows=11556 loops=1)
              ->  Nested Loop  (cost=0.00..42822.13 rows=28 width=8) (actual time=98.058..208580.254 rows=11562 loops=1)
                    Join Filter: (ctr1.ctr_store_sk = store.s_store_sk)
                    Rows Removed by Join Filter: 49774
                    ->  CTE Scan on customer_total_return ctr1  (cost=0.00..42738.64 rows=459 width=16) (actual time=98.039..208570.829 rows=11562 loops=1)
                          Filter: (ctr_total_return > (SubPlan 2))
                          Rows Removed by Filter: 38473
                          SubPlan 2
                            ->  Aggregate  (cost=31.00..31.02 rows=1 width=8) (actual time=4.167..4.167 rows=1 loops=50035)
                                  ->  CTE Scan on customer_total_return ctr2  (cost=0.00..30.98 rows=7 width=8) (actual time=0.030..3.564 rows=8182 loops=50035)
                                        Filter: (ctr1.ctr_store_sk = ctr_store_sk)
                                        Rows Removed by Filter: 41853
                    ->  Materialize  (cost=0.00..1.21 rows=12 width=8) (actual time=0.000..0.000 rows=5 loops=11562)
                          ->  Seq Scan on store  (cost=0.00..1.15 rows=12 width=8) (actual time=0.010..0.013 rows=10 loops=1)
                                Filter: (s_state = 'TN'::bpchar)
              ->  Index Scan using pk_customer on customer  (cost=0.29..1.91 rows=1 width=25) (actual time=0.002..0.002 rows=1 loops=11562)
                    Index Cond: (c_customer_sk = ctr1.ctr_customer_sk)
  c_customer_id   
------------------
 AAAAAAAAAAABAAAA
 AAAAAAAAAABFAAAA
 AAAAAAAAAACEAAAA
 AAAAAAAAAACNAAAA
 AAAAAAAAAADEAAAA
 AAAAAAAAAADLAAAA
 AAAAAAAAAAEAAAAA
 AAAAAAAAAAEHBAAA
 AAAAAAAAAAEHBAAA
 AAAAAAAAAAEIAAAA
 AAAAAAAAAAFBBAAA
 AAAAAAAAAAFEAAAA
 AAAAAAAAAAFJAAAA
 AAAAAAAAAAGCAAAA
 AAAAAAAAAAGFAAAA
 AAAAAAAAAAGKAAAA
 AAAAAAAAAAHABAAA
 AAAAAAAAAAHCBAAA
 AAAAAAAAAAHCBAAA
 AAAAAAAAAAHEBAAA
 AAAAAAAAAAHEBAAA
 AAAAAAAAAAHGAAAA
 AAAAAAAAAAIDBAAA
 AAAAAAAAAAIGAAAA
 AAAAAAAAAAIIAAAA
 AAAAAAAAAAKAAAAA
 AAAAAAAAAAKABAAA
 AAAAAAAAAAKFBAAA
 AAAAAAAAAALBAAAA
 AAAAAAAAAALDBAAA
 AAAAAAAAAAMDBAAA
 AAAAAAAAAAMGAAAA
 AAAAAAAAAAMJAAAA
 AAAAAAAAAANLAAAA
 AAAAAAAAAAOBBAAA
 AAAAAAAAAAOEAAAA
 AAAAAAAAAAOGBAAA
 AAAAAAAAAAOKAAAA
 AAAAAAAAAAPFAAAA
 AAAAAAAAAAPGAAAA
 AAAAAAAAAAPIAAAA
 AAAAAAAAAAPLAAAA
 AAAAAAAAAAPNAAAA
 AAAAAAAAABAOAAAA
 AAAAAAAAABBDAAAA
 AAAAAAAAABBHAAAA
 AAAAAAAAABCLAAAA
 AAAAAAAAABDKAAAA
 AAAAAAAAABDLAAAA
 AAAAAAAAABEABAAA
 AAAAAAAAABEEBAAA
 AAAAAAAAABEIBAAA
 AAAAAAAAABFDAAAA
 AAAAAAAAABGDAAAA
 AAAAAAAAABHCAAAA
 AAAAAAAAABHCAAAA
 AAAAAAAAABHDAAAA
 AAAAAAAAABHDAAAA
 AAAAAAAAABHIAAAA
 AAAAAAAAABHJAAAA
 AAAAAAAAABHOAAAA
 AAAAAAAAABIABAAA
 AAAAAAAAABIBBAAA
 AAAAAAAAABIFBAAA
 AAAAAAAAABIFBAAA
 AAAAAAAAABIJAAAA
 AAAAAAAAABJAAAAA
 AAAAAAAAABJGAAAA
 AAAAAAAAABJGAAAA
 AAAAAAAAABJNAAAA
 AAAAAAAAABKCBAAA
 AAAAAAAAABKEBAAA
 AAAAAAAAABKKAAAA
 AAAAAAAAABLGAAAA
 AAAAAAAAABLHBAAA
 AAAAAAAAABLKAAAA
 AAAAAAAAABLNAAAA
 AAAAAAAAABMCBAAA
 AAAAAAAAABMGBAAA
 AAAAAAAAABMJAAAA
 AAAAAAAAABMPAAAA
 AAAAAAAAABNGBAAA
 AAAAAAAAABNHBAAA
 AAAAAAAAABPMAAAA
 AAAAAAAAABPOAAAA
 AAAAAAAAACADBAAA
 AAAAAAAAACAEAAAA
 AAAAAAAAACBABAAA
 AAAAAAAAACBCBAAA
 AAAAAAAAACBEBAAA
 AAAAAAAAACBJAAAA
 AAAAAAAAACCGAAAA
 AAAAAAAAACCGBAAA
 AAAAAAAAACCPAAAA
 AAAAAAAAACDHAAAA
 AAAAAAAAACDIAAAA
 AAAAAAAAACDIBAAA
 AAAAAAAAACDIBAAA
 AAAAAAAAACEEBAAA
 AAAAAAAAACEIAAAA
(100 rows)

UPDATE time_statistics SET e_time = TRANSACTION_TIMESTAMP() WHERE template = 'query1.tpl' AND stream = 4;
psql:/tmp/s1-basline/throughput/query_4.sql:3557: NOTICE:  duration: 0.042 ms  plan:
Query Text: UPDATE time_statistics SET e_time = TRANSACTION_TIMESTAMP() WHERE template = 'query1.tpl' AND stream = 4;
Update on time_statistics  (cost=0.00..5.22 rows=0 width=0) (actual time=0.041..0.041 rows=0 loops=1)
  ->  Seq Scan on time_statistics  (cost=0.00..5.22 rows=1 width=14) (actual time=0.021..0.027 rows=1 loops=1)
        Filter: ((template = 'query1.tpl'::text) AND (stream = 4))
        Rows Removed by Filter: 170
UPDATE 1
LOAD 'auto_explain'; SET auto_explain.log_min_duration TO 0; SET auto_explain.log_analyze TO on; SET auto_explain.log_level TO notice; INSERT INTO time_statistics (template, s_time, stream, query, seed) VALUES ('../query_postgresql/query12.tpl', TRANSACTION_TIMESTAMP(), 4, 72, 1775835789);
LOAD
SET
SET
SET
psql:/tmp/s1-basline/throughput/query_4.sql:3558: NOTICE:  duration: 0.009 ms  plan:
Query Text: INSERT INTO time_statistics (template, s_time, stream, query, seed) VALUES ('../query_postgresql/query12.tpl', TRANSACTION_TIMESTAMP(), 4, 72, 1775835789);
Insert on time_statistics  (cost=0.00..0.01 rows=0 width=0) (actual time=0.008..0.008 rows=0 loops=1)
  ->  Result  (cost=0.00..0.01 rows=1 width=64) (actual time=0.002..0.002 rows=1 loops=1)
INSERT 0 1
select  i_item_id
      ,i_item_desc 
      ,i_category 
      ,i_class 
      ,i_current_price
      ,sum(ws_ext_sales_price) as itemrevenue 
      ,sum(ws_ext_sales_price)*100/sum(sum(ws_ext_sales_price)) over
          (partition by i_class) as revenueratio
from	
	web_sales
    	,item 
    	,date_dim
where 
	ws_item_sk = i_item_sk 
  	and i_category in ('Children', 'Books', 'Electronics')
  	and ws_sold_date_sk = d_date_sk
	and d_date between cast('2000-06-08' as date) 
				and (cast('2000-06-08' as date) + INTERVAL '30 days')
group by 
	i_item_id
        ,i_item_desc 
        ,i_category
        ,i_class
        ,i_current_price
order by 
	i_category
        ,i_class
        ,i_item_id
        ,i_item_desc
        ,revenueratio
limit 100;
psql:/tmp/s1-basline/throughput/query_4.sql:3589: NOTICE:  duration: 24.625 ms  plan:
Query Text: select  i_item_id
      ,i_item_desc 
      ,i_category 
      ,i_class 
      ,i_current_price
      ,sum(ws_ext_sales_price) as itemrevenue 
      ,sum(ws_ext_sales_price)*100/sum(sum(ws_ext_sales_price)) over
          (partition by i_class) as revenueratio
from	
	web_sales
    	,item 
    	,date_dim
where 
	ws_item_sk = i_item_sk 
  	and i_category in ('Children', 'Books', 'Electronics')
  	and ws_sold_date_sk = d_date_sk
	and d_date between cast('2000-06-08' as date) 
				and (cast('2000-06-08' as date) + INTERVAL '30 days')
group by 
	i_item_id
        ,i_item_desc 
        ,i_category
        ,i_class
        ,i_current_price
order by 
	i_category
        ,i_class
        ,i_item_id
        ,i_item_desc
        ,revenueratio
limit 100;
Limit  (cost=11144.15..11144.37 rows=90 width=245) (actual time=24.532..24.543 rows=100 loops=1)
  ->  Sort  (cost=11144.15..11144.37 rows=90 width=245) (actual time=24.531..24.537 rows=100 loops=1)
        Sort Key: item.i_category, item.i_class, item.i_item_id, item.i_item_desc, ((((sum(web_sales.ws_ext_sales_price)) * '100'::double precision) / sum((sum(web_sales.ws_ext_sales_price))) OVER (?)))
        Sort Method: top-N heapsort  Memory: 82kB
        ->  WindowAgg  (cost=11139.20..11141.22 rows=90 width=245) (actual time=22.840..23.604 rows=1432 loops=1)
              ->  Sort  (cost=11139.20..11139.42 rows=90 width=237) (actual time=22.822..22.882 rows=1432 loops=1)
                    Sort Key: item.i_class
                    Sort Method: quicksort  Memory: 442kB
                    ->  GroupAggregate  (cost=11133.80..11136.28 rows=90 width=237) (actual time=21.039..21.984 rows=1432 loops=1)
                          Group Key: item.i_item_id, item.i_item_desc, item.i_category, item.i_class, item.i_current_price
                          ->  Sort  (cost=11133.80..11134.03 rows=90 width=237) (actual time=21.033..21.118 rows=2029 loops=1)
                                Sort Key: item.i_item_id, item.i_item_desc, item.i_category, item.i_class, item.i_current_price
                                Sort Method: quicksort  Memory: 606kB
                                ->  Nested Loop  (cost=1.00..11130.88 rows=90 width=237) (actual time=0.036..15.801 rows=2029 loops=1)
                                      ->  Nested Loop  (cost=0.72..11039.21 rows=295 width=16) (actual time=0.018..3.337 rows=6796 loops=1)
                                            ->  Index Scan using i_d_date on date_dim  (cost=0.29..3.09 rows=30 width=8) (actual time=0.009..0.020 rows=31 loops=1)
                                                  Index Cond: ((d_date >= '2000-06-08'::date) AND (d_date <= '2000-07-08 00:00:00'::timestamp without time zone))
                                            ->  Index Scan using i_ws_sold_date_sk on web_sales  (cost=0.42..363.92 rows=395 width=24) (actual time=0.004..0.072 rows=219 loops=31)
                                                  Index Cond: (ws_sold_date_sk = date_dim.d_date_sk)
                                      ->  Index Scan using pk_item on item  (cost=0.29..0.31 rows=1 width=237) (actual time=0.002..0.002 rows=0 loops=6796)
                                            Index Cond: (i_item_sk = web_sales.ws_item_sk)
                                            Filter: (i_category = ANY ('{Children,Books,Electronics}'::bpchar[]))
                                            Rows Removed by Filter: 1
    i_item_id     |                                                                                              i_item_desc                                                                                              |                     i_category                     |                      i_class                       | i_current_price |    itemrevenue     |     revenueratio      
------------------+-------------------------------------------------------------------------------------------------------------------------------------------------------------------------------------------------------+----------------------------------------------------+----------------------------------------------------+-----------------+--------------------+-----------------------
 AAAAAAAAAAABAAAA | Democratic governments drop fingers. Parts will not produce far international years. Years might n                                                                                                    | Books                                              | arts                                               |            1.78 |            4717.18 |    2.8651316698549176
 AAAAAAAAADEDAAAA | Beautiful, representative conditions will detect wide likely, medical fingers; times strengthen. Societies give in a injuries. New vegetables could not know further dogs. Big lads will              | Books                                              | arts                                               |            6.53 |              53.02 |   0.03220340990500844
 AAAAAAAAADJCAAAA | Enough appropriate affairs occur about a prices; years blow typical weeks; rather generous problems meet here different leaders. S                                                                    | Books                                              | arts                                               |            7.83 |            5297.26 |     3.217461998366749
 AAAAAAAAAHDBAAAA | Reserves leave otherwise. Mass, other writers attack long pleased, other paintings. Critical, fit results give as                                                                                     | Books                                              | arts                                               |            2.82 |             6694.6 |     4.066181590910402
 AAAAAAAAALCEAAAA | Really successful reservations may see moving, familiar shelves. Critical standards realise ultimately users. In order global rules block about easy o                                                | Books                                              | arts                                               |            4.83 |             2301.4 |    1.3978296408032145
 AAAAAAAAALPAAAAA | Usefully fat families start promptly du                                                                                                                                                               | Books                                              | arts                                               |            5.64 |            2070.81 |     1.257773354684846
 AAAAAAAABHFDAAAA | Brothers shall play today brief holes. Able years prescribe now strange sports. Bright firms could not go forces; occasio                                                                             | Books                                              | arts                                               |            3.81 |             420.97 |    0.2556897296814674
 AAAAAAAACFADAAAA | Words signify for a options. Days could ride low representatives. Possibly ex                                                                                                                         | Books                                              | arts                                               |            6.62 |             881.96 |    0.5356868992799179
 AAAAAAAACJGCAAAA | Joint, radical individuals bring but royal, faint minutes. Payments can wash members.                                                                                                                 | Books                                              | arts                                               |            3.71 |            1482.11 |     0.900207390688647
 AAAAAAAACJIBAAAA | Other, full children will fill clearly in the streets. Also broken years would blow right actors                                                                                                      | Books                                              | arts                                               |            5.69 |           10278.24 |     6.242821120747906
 AAAAAAAACLEDAAAA | Men shall not take universal, strong numbers. Important, unable pairs might not find recently. As usual genera                                                                                        | Books                                              | arts                                               |            3.19 |             175.12 |   0.10636478956177062
 AAAAAAAACLICAAAA | Here classical producers shall bear of course simply guilty children. Simple chapters create inside abruptly secondary years. Studies should save with a houses. Trees cannot use mos                 | Books                                              | arts                                               |            9.79 |            2934.54 |     1.782387674512325
 AAAAAAAACOGDAAAA | Practices shall pay also small, collective coins. Light chemicals get more discussions. Notes help special, democratic authorities. Managers involve to a specialists. Power                          | Books                                              | arts                                               |             7.3 |               6.26 | 0.0038022132403876434
 AAAAAAAADBNCAAAA | Light, other masters ascertain there as working groups. Clearly independent activities should listen then firms. Organizations would stay beforehand clear, intense stories. Elections m              | Books                                              | arts                                               |            17.8 |               90.2 |   0.05478588407076125
 AAAAAAAADDGBAAAA | Parts sue now into a standards. Military, large inches will receive for a cars. Fair words woul                                                                                                       | Books                                              | arts                                               |            7.91 |            1725.69 |     1.048153572971973
 AAAAAAAAEFGBAAAA | Reliable, thorough cases look instead for the teachers. Systematically glad memories could not become however. Good, pe                                                                               | Books                                              | arts                                               |            4.32 |             382.72 |   0.23245735644746945
 AAAAAAAAELDCAAAA | Auditors lick long, financial police. Years care remains. Welsh, opposite quantities must provide both outdoor affairs. Teeth appear visibly other, similar changes. Often indu                       | Books                                              | arts                                               |            7.14 |               4155 |    2.5236734846342905
 AAAAAAAAFDACAAAA | New objects discharge then hard journals;                                                                                                                                                             | Books                                              | arts                                               |            3.69 |            5481.18 |    3.3291717522281057
 AAAAAAAAGDBAAAAA | Over public days suppose really. British, future pounds must not forget also illegal activ                                                                                                            | Books                                              | arts                                               |            3.06 |           15094.09 |     9.167883202811936
 AAAAAAAAGECEAAAA | Rather sophisticated musicians throw huge students;                                                                                                                                                   | Books                                              | arts                                               |            3.05 | 3013.9300000000003 |    1.8306077558468896
 AAAAAAAAGMPBAAAA | Other jobs ough                                                                                                                                                                                       | Books                                              | arts                                               |            9.15 |            24393.6 |    14.816241038453677
 AAAAAAAAIGJAAAAA | Again traditional organizations can pick now essential words; obvio                                                                                                                                   | Books                                              | arts                                               |            0.59 |             884.34 |    0.5371324691700333
 AAAAAAAAIPMCAAAA | Japanese, future rig                                                                                                                                                                                  | Books                                              | arts                                               |            38.9 |            6222.98 |     3.779727947390974
 AAAAAAAAJEJDAAAA | Constraints can abandon all short others. Widely medical eyes pay just english, glad days; little, fair policies can regret weeks. Only royal aspira                                                  | Books                                              | arts                                               |            3.63 |            17080.7 |    10.374514967266649
 AAAAAAAAJPOCAAAA | Versions leave ago                                                                                                                                                                                    | Books                                              | arts                                               |            2.25 |             1427.2 |     0.866856028223841
 AAAAAAAAKBPDAAAA | Things can use there with a stores. Short names keep still gastric guns. Dark, pure conclusions set in                                                                                                | Books                                              | arts                                               |             1.8 |            9276.86 |     5.634600626393373
 AAAAAAAALBNAAAAA | Generally asian eyes sell individually films. Normal feet become on a lips. Also very weeks intend warmly. Major, scottish details get. Simple systems shall provide sure li                          | Books                                              | arts                                               |            3.87 |             1757.7 |     1.067595880611719
 AAAAAAAAMDEBAAAA | High correct offi                                                                                                                                                                                     | Books                                              | arts                                               |           41.67 | 14004.310000000001 |     8.505970112538831
 AAAAAAAAMMLCAAAA | So front comments decide difficult advantages. A                                                                                                                                                      | Books                                              | arts                                               |            0.89 |            3266.92 |    1.9842694056369328
 AAAAAAAANMNCAAAA | Mountains should break to a offices. Widespread, old details might vot                                                                                                                                | Books                                              | arts                                               |            4.61 |             367.74 |   0.22335876949203706
 AAAAAAAAOGKBAAAA | Also different sites learn further then available resources. Injuries shall not explain distinctive trends. Towns back here                                                                           | Books                                              | arts                                               |            0.38 |             422.28 |    0.2564854005033377
 AAAAAAAAOILBAAAA | Major organisations allow unique lives. Proper, keen minutes should help essentially spectacular facilities. Deep, short governors believe therefore other o                                          | Books                                              | arts                                               |            8.27 |             504.24 |   0.30626645436630434
 AAAAAAAAOJFAAAAA | American benefits might not change in particular big eyes. Necessary, large numbers give sometimes else alone employers. So common forces could run all successful, cool students. Sales ensure.      | Books                                              | arts                                               |            2.87 |             156.04 |   0.09477593514857634
 AAAAAAAAOMIBAAAA | Economic increases kiss here colonies. Jewish changes end usefully fine resources; living dimensions shall find everywhere only western patients. Rules concl                                         | Books                                              | arts                                               |           80.53 |             9382.5 |     5.698764493280681
 AAAAAAAAPLMCAAAA | However objective tiles may not ring particular days; rebels might move; also special years complete necessarily early in                                                                             | Books                                              | arts                                               |            1.43 |             3015.2 |    1.8313791313764891
 AAAAAAAAPPAEAAAA | Trials act slightly; european forces need parts. Basically only questions should attack so as remaining speakers. Previous, new modules think elements. Various weeks walk. Others                    | Books                                              | arts                                               |            0.94 |            5222.06 |     3.171786848897556
 AAAAAAAAANPBAAAA | Large, able categories would turn available, strange fires. Electron                                                                                                                                  | Books                                              | business                                           |           89.33 |            1098.03 |    1.6115647895923353
 AAAAAAAADFMCAAAA | English, considerable areas merge sometimes to a children. Thick straight languages turn thoughtfully key employees; systematic                                                                       | Books                                              | business                                           |            9.06 |            3996.78 |     5.866023623896299
 AAAAAAAAFGIDAAAA | Successful centres follow early comfortable emotions. Adequate, possible questions may soften at a qualifications. Bright incentives might go therefore behind the forms. Little feet woul            | Books                                              | business                                           |            1.13 |              981.6 |       1.4406819462709
 AAAAAAAAFNBAAAAA | Following, widespread bombs can furnish violently into the developments; totally industrial examples deal quite even common terms. Jobs should see low numerous clouds. Miles shall i                 | Books                                              | business                                           |            3.13 |            1945.38 |    2.8552097031749017
 AAAAAAAAGHDBAAAA | Rough representatives could not cry green, original languages. Impossible, scottish words ought to transport as modern elements. Falls see to the lines. Extended, economic supplie                   | Books                                              | business                                           |            5.85 |             147.84 |    0.2169829043772309
 AAAAAAAAGHMDAAAA | Current officers draw high defence                                                                                                                                                                    | Books                                              | business                                           |            1.04 |            1187.62 |    1.7430549032500469
 AAAAAAAAGPAEAAAA | Obvious, mathematical routes should go nevertheless in a words. Certainly visual stations form slowly social talks. As soviet centres assign labour, conservative stars. Stupid, possible yea         | Books                                              | business                                           |             2.7 |            4405.76 |     6.466278414427955
 AAAAAAAAHEIAAAAA | Local individuals get complete, slow children. Just classical workshops shall return english, bad words. Possible sources form equally beyond the officers. Limited                                   | Books                                              | business                                           |            3.37 |             948.75 |    1.3924684153672742
 AAAAAAAAIGBEAAAA | So minute christians live children. Special, previous things stimulate then little parties. Occupations put digital, rich liabilities; romantic, other men suffer of course sales. Rates may l        | Books                                              | business                                           |            4.44 |             789.28 |     1.158416306594026
 AAAAAAAAIGLAAAAA | Members will pretend black windows. Sufficiently american objects keep still fundamental days. Top hands make frequently tight effects. Full                                                          | Books                                              | business                                           |            4.96 |             942.69 |    1.3835742297576556
 AAAAAAAAJKECAAAA | Times would add. Well human men ought to demand slightly. Dual reasons shall not make as recent premises. More relevant ideas shall obtain very with the ideas. Awa                                   | Books                                              | business                                           |            57.6 |            6684.12 |     9.810198666165697
 AAAAAAAAJLIDAAAA | Major lights receive corners.                                                                                                                                                                         | Books                                              | business                                           |            1.43 |             670.27 |    0.9837468297952283
 AAAAAAAAJMHAAAAA | Agreements witness still right wings. Available ro                                                                                                                                                    | Books                                              | business                                           |            6.18 |            1411.38 |    2.0714646346045464
 AAAAAAAALDOAAAAA | Issues could know objects. Public inhab                                                                                                                                                               | Books                                              | business                                           |            2.11 |            1727.25 |    2.5350630518504604
 AAAAAAAALHJBAAAA | Large qualities may not adjust general, great                                                                                                                                                         | Books                                              | business                                           |           76.81 |            1186.47 |    1.7413670627465716
 AAAAAAAAMNADAAAA | Just small cats would speak only available, particular wives. So poor members may open also specific difficult plans. Systems say; roman, poor applications search then officials. Pleasan            | Books                                              | business                                           |            4.96 |            10441.2 |    15.324417621641935
 AAAAAAAAMNECAAAA | Difficult, clear rules used to fo                                                                                                                                                                     | Books                                              | business                                           |           77.15 |             229.81 |   0.33728924009017475
 AAAAAAAAMPCDAAAA | Public police must not manage words. Texts shall int                                                                                                                                                  | Books                                              | business                                           |            1.97 |            9149.36 |    13.428400338155177
 AAAAAAAANAMAAAAA | Familiar aspirations can get direct subjects. Benefits c                                                                                                                                              | Books                                              | business                                           |           67.19 |                147 |   0.21575004696599664
 AAAAAAAANHEEAAAA | Different, moral teachers run normally glasses. Late attacks can establish active doors. Exciting, mediterranean seats give                                                                           | Books                                              | business                                           |            0.31 |            2668.05 |     3.915863352432839
 AAAAAAAAOLKDAAAA | Workers used to start now parents. Subjects may aid however women. Worthwhile, stati                                                                                                                  | Books                                              | business                                           |            9.82 | 3879.2000000000003 |    5.6934529400713885
 AAAAAAAAPCMCAAAA | Reliable, legal books continue however duties. Strong things strike curiously holy classes. Lucky, industrial lawyers post so yet only books. Avail                                                   | Books                                              | business                                           |            7.18 |             3841.6 |     5.638267894044712
 AAAAAAAAPJBDAAAA | Important glasses see extra workers. Slight, urban foreigners should not carry. Medical ways might tackle areas. Long, future signs take. Goods devise. Transactions touch just new, central pr       | Books                                              | business                                           |            5.54 |  9654.960000000001 |    14.170463084726661
 AAAAAAAAADFAAAAA | Soon smooth players must fall nowhere used, old magistrates. National, grey men land complex, a                                                                                                       | Books                                              | computers                                          |            9.69 |             487.05 |    0.5404842752422692
 AAAAAAAAAEAEAAAA | Dark, musical words will not enable again for the incidents. Times could make national eyes. Rules might see. G                                                                                       | Books                                              | computers                                          |             3.7 |            1994.98 |     2.213849336665275
 AAAAAAAAAJKBAAAA | Interesting poems make for a attempts. References may block on a ladies. Only distinct parents shall prevent of course for the reforms. Most desperate associations understand still.                 | Books                                              | computers                                          |            0.87 |           11191.14 |    12.418920423025908
 AAAAAAAACAJCAAAA | Fair main actors                                                                                                                                                                                      | Books                                              | computers                                          |            5.31 |            3983.85 |     4.420918344982885
 AAAAAAAACHEBAAAA | Also public teachers may tell systems; general, evident friends allow so streets. Personal employers cannot persuade so anonymous cons                                                                | Books                                              | computers                                          |           21.41 |            3882.63 |     4.308593494679995
 AAAAAAAAECCDAAAA | Accurate hundreds used to c                                                                                                                                                                           | Books                                              | computers                                          |            1.26 |              282.3 |   0.31327114444285514
 AAAAAAAAGEICAAAA | Old efforts might not feed about a organs. Just gentle varia                                                                                                                                          | Books                                              | computers                                          |            1.61 |            10582.7 |     11.74372844596317
 AAAAAAAAGGCCAAAA | Supreme owners feel soon finall                                                                                                                                                                       | Books                                              | computers                                          |            6.81 |                2.7 | 0.0029962171094428227
 AAAAAAAAGNDBAAAA | Possible, recent years could ride substantial, good readers; irish, full bars must not bring methods. D                                                                                               | Books                                              | computers                                          |            1.29 |            4135.39 |     4.589083804525465
 AAAAAAAAGPEBAAAA | Easy, delighte                                                                                                                                                                                        | Books                                              | computers                                          |            6.85 |            1416.68 |    1.5721040202242438
 AAAAAAAAGPIAAAAA | Rooms must not describe so notable problems. Industrial masses will select. Imaginative, close words address on a months. Ideas would not satisfy about pure, lo                                      | Books                                              | computers                                          |            6.39 |            7450.94 |     8.268382929419225
 AAAAAAAAHIDEAAAA | High letters should fight major, straight children. Cells give machines. Too important potatoes laugh yet usual, traditional fa                                                                       | Books                                              | computers                                          |            1.55 |             572.75 |    0.6355864257160655
 AAAAAAAAHIJBAAAA | Eyes could learn days. Earlier cultural parents c                                                                                                                                                     | Books                                              | computers                                          |            2.81 |             1224.6 |       1.3589509156384
 AAAAAAAAIHKBAAAA | There professional a                                                                                                                                                                                  | Books                                              | computers                                          |           17.56 |            1148.03 |     1.273980417834683
 AAAAAAAAILAEAAAA | Likely, full thoughts go other, great changes. Good, british windows must meet to a guns. Years could not want relationships. Short, perfect measures allow s                                         | Books                                              | computers                                          |            0.73 |             910.51 |    1.0104020890069572
 AAAAAAAAIPBEAAAA | Either final days would offer efficiently small, single changes. Performances escape working, common bodies. Specific, current houses would not stay so talks. Cats will not protect as n             | Books                                              | computers                                          |            0.95 | 12036.650000000001 |    13.357191359398133
 AAAAAAAAKCCDAAAA | General, marine words repay earlier industrial parts. New, unlikely others form very happily imperial results. Estimated, precious leads give however in the museums; green, effective parent         | Books                                              | computers                                          |            3.48 |               1061 |     1.177402353006976
 AAAAAAAAKEMCAAAA | Workers tell both beyond a books. Just due times s                                                                                                                                                    | Books                                              | computers                                          |            5.14 |              80.36 |   0.08917629885734268
 AAAAAAAAKGNCAAAA | Sorry, previous reasons seek there in a relatives. Rates see usually at the prizes. Never suitable concentrations hold in p                                                                           | Books                                              | computers                                          |            5.49 |            7206.72 |     7.997369543319918
 AAAAAAAAKIABAAAA | Only living nurses work already mature, original suggestions. Clear cars would involve electric moments. Ideas used to say new, growing                                                               | Books                                              | computers                                          |            4.54 |            9633.71 |     10.69062471459645
 AAAAAAAAKKCDAAAA | Probably primary plans survive; theoretical, dependent reports                                                                                                                                        | Books                                              | computers                                          |            0.94 |            1463.72 |     1.624304780530981
 AAAAAAAALPBEAAAA | Profits may try just conscious groups; american, inland reasons could assess also. Also environmental descri                                                                                          | Books                                              | computers                                          |            1.25 |             2361.8 |    2.6209131737340963
 AAAAAAAAMGHDAAAA | Valid costs ought to attend as flowers. Crucial, warm children make. Public names bring almost little thanks. Daily, important fears pinpoint very countries. Obligations might see much econom       | Books                                              | computers                                          |            0.56 |             665.26 |    0.7382457015659009
 AAAAAAAANCDEAAAA | Effective, narrow years will characterize anyway o                                                                                                                                                    | Books                                              | computers                                          |             4.8 |             642.96 |    0.7134991676619842
 AAAAAAAANIABAAAA | Real, english workers should imagine pri                                                                                                                                                              | Books                                              | computers                                          |            7.28 |               64.5 |   0.07157629761446743
 AAAAAAAANLKAAAAA | General, european times shall not                                                                                                                                                                     | Books                                              | computers                                          |           60.74 |            2778.36 |    3.0831739882190967
 AAAAAAAAOILCAAAA | Open areas will not introduce years; far inc consumers serve never almost technical parts. Neighbours used to examine duly to a shops. Modern years serve very in a witnesses; eyes would overcome al | Books                                              | computers                                          |            7.31 |            2298.72 |     2.550912664377187
 AAAAAAAAOKGBAAAA | Royal, strong years acknowledge long, social patterns. Long barriers see back, old a                                                                                                                  | Books                                              | computers                                          |            7.48 |             553.62 |    0.6143576726406428
 AAAAAAAAACMAAAAA | Numbers ought to stren                                                                                                                                                                                | Books                                              | cooking                                            |             3.3 |             665.28 |    0.5151758821364807
 AAAAAAAAAGLCAAAA | Ordinary visitors choose due considerable events; absolute fingers would add now with a n                                                                                                             | Books                                              | cooking                                            |            2.71 |            5944.12 |     4.602975084964373
 AAAAAAAAAGNAAAAA | Private, american falls can check remote, typical notes. New, national groups involve less original units. Cultural, special days                                                                     | Books                                              | cooking                                            |            9.91 |             1597.2 |    1.2368309868752811
 AAAAAAAAAHHAAAAA | Feet remember in the                                                                                                                                                                                  | Books                                              | cooking                                            |            0.32 |            9031.19 |     6.993523441246037
 AAAAAAAACLDEAAAA | Trees become women. New, soviet forces may not shift even. Economic positions ought to provide logical, medium candidates. Safe, direct matters care now gift                                         | Books                                              | cooking                                            |            4.71 |            1084.16 |     0.839545882000191
 AAAAAAAACMEEAAAA | Things hear more; matters shall attract. Technical, rural tenants ought to consider relatively useful views. Only entire outcomes launch as. Corre                                                    | Books                                              | cooking                                            |            3.41 |             9587.6 |     7.424393169149415
 AAAAAAAADFIAAAAA | Systems should seem new friends. Long                                                                                                                                                                 | Books                                              | cooking                                            |            0.39 |            9175.28 |     7.105103066151409
 AAAAAAAADGBDAAAA | Champions could suffer often rural notes. Beautiful, evident thanks fit more existing effects; asleep schemes may drink organisations. New, annual sessions ought to                                  | Books                                              | cooking                                            |             4.4 |            4586.16 |     3.551405458782832
 AAAAAAAAELGBAAAA | Regions finance children. Twice private walls could per                                                                                                                                               | Books                                              | cooking                                            |             7.9 |            18760.5 |     14.52765322393796
 AAAAAAAAFBMBAAAA | Legs might not emerge. Substantial, brown numbers admire critical farmers. Large artists could keep about powers. Members happen never                                                                | Books                                              | cooking                                            |             5.3 |                1.1 | 0.0008518119744320119
 AAAAAAAAGLBCAAAA | Males go fairly. Arrangements use temporarily; pleasant, fresh studies ought to stay comparatively main rules. O                                                                                      | Books                                              | cooking                                            |            0.39 |               6061 |     4.693483979120385
 AAAAAAAAHADDAAAA | Months come so inner, wide effects; somewhere popular dates ought to run. There fine section                                                                                                          | Books                                              | cooking                                            |            1.79 |            12836.7 |     9.940413429264915
 AAAAAAAAHKPCAAAA | Similar designers should keep professional, ethical windows. Available, important authorities must no                                                                                                 | Books                                              | cooking                                            |            7.34 |            5977.14 |     4.628544931687777
(100 rows)

UPDATE time_statistics SET e_time = TRANSACTION_TIMESTAMP() WHERE template = '../query_postgresql/query12.tpl' AND stream = 4;
psql:/tmp/s1-basline/throughput/query_4.sql:3591: NOTICE:  duration: 0.037 ms  plan:
Query Text: UPDATE time_statistics SET e_time = TRANSACTION_TIMESTAMP() WHERE template = '../query_postgresql/query12.tpl' AND stream = 4;
Update on time_statistics  (cost=0.00..5.22 rows=0 width=0) (actual time=0.037..0.037 rows=0 loops=1)
  ->  Seq Scan on time_statistics  (cost=0.00..5.22 rows=1 width=14) (actual time=0.020..0.026 rows=1 loops=1)
        Filter: ((template = '../query_postgresql/query12.tpl'::text) AND (stream = 4))
        Rows Removed by Filter: 171
UPDATE 1
LOAD 'auto_explain'; SET auto_explain.log_min_duration TO 0; SET auto_explain.log_analyze TO on; SET auto_explain.log_level TO notice; INSERT INTO time_statistics (template, s_time, stream, query, seed) VALUES ('query43.tpl', TRANSACTION_TIMESTAMP(), 4, 73, 1697659844);
LOAD
SET
SET
SET
psql:/tmp/s1-basline/throughput/query_4.sql:3592: NOTICE:  duration: 0.008 ms  plan:
Query Text: INSERT INTO time_statistics (template, s_time, stream, query, seed) VALUES ('query43.tpl', TRANSACTION_TIMESTAMP(), 4, 73, 1697659844);
Insert on time_statistics  (cost=0.00..0.01 rows=0 width=0) (actual time=0.008..0.008 rows=0 loops=1)
  ->  Result  (cost=0.00..0.01 rows=1 width=64) (actual time=0.001..0.001 rows=1 loops=1)
INSERT 0 1
select  s_store_name, s_store_id,
        sum(case when (d_day_name='Sunday') then ss_sales_price else null end) sun_sales,
        sum(case when (d_day_name='Monday') then ss_sales_price else null end) mon_sales,
        sum(case when (d_day_name='Tuesday') then ss_sales_price else  null end) tue_sales,
        sum(case when (d_day_name='Wednesday') then ss_sales_price else null end) wed_sales,
        sum(case when (d_day_name='Thursday') then ss_sales_price else null end) thu_sales,
        sum(case when (d_day_name='Friday') then ss_sales_price else null end) fri_sales,
        sum(case when (d_day_name='Saturday') then ss_sales_price else null end) sat_sales
 from date_dim, store_sales, store
 where d_date_sk = ss_sold_date_sk and
       s_store_sk = ss_store_sk and
       s_gmt_offset = -5 and
       d_year = 2000 
 group by s_store_name, s_store_id
 order by s_store_name, s_store_id,sun_sales,mon_sales,tue_sales,wed_sales,thu_sales,fri_sales,sat_sales
 limit 100;
psql:/tmp/s1-basline/throughput/query_4.sql:3608: NOTICE:  duration: 532.586 ms  plan:
Query Text: select  s_store_name, s_store_id,
        sum(case when (d_day_name='Sunday') then ss_sales_price else null end) sun_sales,
        sum(case when (d_day_name='Monday') then ss_sales_price else null end) mon_sales,
        sum(case when (d_day_name='Tuesday') then ss_sales_price else  null end) tue_sales,
        sum(case when (d_day_name='Wednesday') then ss_sales_price else null end) wed_sales,
        sum(case when (d_day_name='Thursday') then ss_sales_price else null end) thu_sales,
        sum(case when (d_day_name='Friday') then ss_sales_price else null end) fri_sales,
        sum(case when (d_day_name='Saturday') then ss_sales_price else null end) sat_sales
 from date_dim, store_sales, store
 where d_date_sk = ss_sold_date_sk and
       s_store_sk = ss_store_sk and
       s_gmt_offset = -5 and
       d_year = 2000 
 group by s_store_name, s_store_id
 order by s_store_name, s_store_id,sun_sales,mon_sales,tue_sales,wed_sales,thu_sales,fri_sales,sat_sales
 limit 100;
Limit  (cost=92185.57..92185.59 rows=9 width=78) (actual time=532.454..532.570 rows=6 loops=1)
  ->  Sort  (cost=92185.57..92185.59 rows=9 width=78) (actual time=532.453..532.568 rows=6 loops=1)
        Sort Key: store.s_store_name, store.s_store_id, (sum(CASE WHEN (date_dim.d_day_name = 'Sunday'::bpchar) THEN store_sales.ss_sales_price ELSE NULL::double precision END)), (sum(CASE WHEN (date_dim.d_day_name = 'Monday'::bpchar) THEN store_sales.ss_sales_price ELSE NULL::double precision END)), (sum(CASE WHEN (date_dim.d_day_name = 'Tuesday'::bpchar) THEN store_sales.ss_sales_price ELSE NULL::double precision END)), (sum(CASE WHEN (date_dim.d_day_name = 'Wednesday'::bpchar) THEN store_sales.ss_sales_price ELSE NULL::double precision END)), (sum(CASE WHEN (date_dim.d_day_name = 'Thursday'::bpchar) THEN store_sales.ss_sales_price ELSE NULL::double precision END)), (sum(CASE WHEN (date_dim.d_day_name = 'Friday'::bpchar) THEN store_sales.ss_sales_price ELSE NULL::double precision END)), (sum(CASE WHEN (date_dim.d_day_name = 'Saturday'::bpchar) THEN store_sales.ss_sales_price ELSE NULL::double precision END))
        Sort Method: quicksort  Memory: 25kB
        ->  Finalize GroupAggregate  (cost=91952.08..92185.43 rows=9 width=78) (actual time=461.173..532.561 rows=6 loops=1)
              Group Key: store.s_store_name, store.s_store_id
              ->  Gather Merge  (cost=91952.08..92184.93 rows=18 width=78) (actual time=442.964..532.546 rows=18 loops=1)
                    Workers Planned: 2
                    Workers Launched: 2
                    ->  Partial GroupAggregate  (cost=90952.05..91182.83 rows=9 width=78) (actual time=374.695..447.177 rows=6 loops=3)
                          Group Key: store.s_store_name, store.s_store_id
                          ->  Sort  (cost=90952.05..90965.62 rows=5428 width=40) (actual time=359.261..380.636 rows=179411 loops=3)
                                Sort Key: store.s_store_name, store.s_store_id
                                Sort Method: external merge  Disk: 11472kB
                                Worker 0:  Sort Method: external merge  Disk: 8104kB
                                Worker 1:  Sort Method: external merge  Disk: 8104kB
                                ->  Hash Join  (cost=2323.95..90615.35 rows=5428 width=40) (actual time=14.452..291.034 rows=179411 loops=3)
                                      Hash Cond: (store_sales.ss_store_sk = store.s_store_sk)
                                      ->  Hash Join  (cost=2322.65..90594.07 rows=5693 width=26) (actual time=14.364..263.071 rows=183784 loops=3)
                                            Hash Cond: (store_sales.ss_sold_date_sk = date_dim.d_date_sk)
                                            ->  Parallel Seq Scan on store_sales  (cost=0.00..85123.48 rows=1199148 width=24) (actual time=0.015..123.083 rows=959309 loops=3)
                                            ->  Hash  (cost=2318.11..2318.11 rows=363 width=18) (actual time=14.330..14.331 rows=366 loops=3)
                                                  Buckets: 1024  Batches: 1  Memory Usage: 29kB
                                                  ->  Seq Scan on date_dim  (cost=0.00..2318.11 rows=363 width=18) (actual time=6.990..14.272 rows=366 loops=3)
                                                        Filter: (d_year = 2000)
                                                        Rows Removed by Filter: 72683
                                      ->  Hash  (cost=1.15..1.15 rows=12 width=30) (actual time=0.037..0.037 rows=12 loops=3)
                                            Buckets: 1024  Batches: 1  Memory Usage: 9kB
                                            ->  Seq Scan on store  (cost=0.00..1.15 rows=12 width=30) (actual time=0.027..0.032 rows=12 loops=3)
                                                  Filter: (s_gmt_offset = '-5'::double precision)
 s_store_name |    s_store_id    |     sun_sales      |     mon_sales      |     tue_sales      |     wed_sales      |     thu_sales      |     fri_sales      |     sat_sales      
--------------+------------------+--------------------+--------------------+--------------------+--------------------+--------------------+--------------------+--------------------
 able         | AAAAAAAACAAAAAAA | 509055.17999999947 | 471535.04000000027 |  454937.3999999995 |  473566.4099999998 |  476860.4999999994 |  505296.3699999998 |  524123.4800000004
 ation        | AAAAAAAAHAAAAAAA | 502799.61999999976 | 474266.06999999983 |  451575.0099999992 | 479298.33999999927 | 478710.96000000054 |  471347.4899999998 |  490767.4800000007
 bar          | AAAAAAAAKAAAAAAA | 487866.11999999965 |  465840.6399999997 |          470405.01 |  450020.2799999997 | 508839.97000000055 | 487110.43999999994 |  458781.9299999998
 eing         | AAAAAAAAIAAAAAAA | 506872.77000000037 |  488606.9099999999 | 467538.76999999944 |  495024.2399999999 | 489547.28000000026 |   490523.949999999 | 477522.12000000034
 ese          | AAAAAAAAEAAAAAAA | 489354.01999999984 |  487996.4600000002 | 452576.89999999956 |  473725.1100000007 | 503642.12999999954 |          471880.76 |  468237.8000000003
 ought        | AAAAAAAABAAAAAAA | 486163.04000000027 |  468506.5000000003 | 442392.61999999976 | 453557.41999999975 |  459480.0299999996 |  486698.5399999998 | 486347.36000000045
(6 rows)

UPDATE time_statistics SET e_time = TRANSACTION_TIMESTAMP() WHERE template = 'query43.tpl' AND stream = 4;
psql:/tmp/s1-basline/throughput/query_4.sql:3610: NOTICE:  duration: 0.050 ms  plan:
Query Text: UPDATE time_statistics SET e_time = TRANSACTION_TIMESTAMP() WHERE template = 'query43.tpl' AND stream = 4;
Update on time_statistics  (cost=0.00..5.22 rows=0 width=0) (actual time=0.050..0.050 rows=0 loops=1)
  ->  Seq Scan on time_statistics  (cost=0.00..5.22 rows=1 width=14) (actual time=0.027..0.035 rows=1 loops=1)
        Filter: ((template = 'query43.tpl'::text) AND (stream = 4))
        Rows Removed by Filter: 172
UPDATE 1
LOAD 'auto_explain'; SET auto_explain.log_min_duration TO 0; SET auto_explain.log_analyze TO on; SET auto_explain.log_level TO notice; INSERT INTO time_statistics (template, s_time, stream, query, seed) VALUES ('../query_postgresql/query16.tpl', TRANSACTION_TIMESTAMP(), 4, 74, 884209935);
LOAD
SET
SET
SET
psql:/tmp/s1-basline/throughput/query_4.sql:3611: NOTICE:  duration: 0.008 ms  plan:
Query Text: INSERT INTO time_statistics (template, s_time, stream, query, seed) VALUES ('../query_postgresql/query16.tpl', TRANSACTION_TIMESTAMP(), 4, 74, 884209935);
Insert on time_statistics  (cost=0.00..0.01 rows=0 width=0) (actual time=0.008..0.008 rows=0 loops=1)
  ->  Result  (cost=0.00..0.01 rows=1 width=64) (actual time=0.001..0.001 rows=1 loops=1)
INSERT 0 1
select  
   count(distinct cs_order_number) as "order count"
  ,sum(cs_ext_ship_cost) as "total shipping cost"
  ,sum(cs_net_profit) as "total net profit"
from
   catalog_sales cs1
  ,date_dim
  ,customer_address
  ,call_center
where
    d_date between '2002-3-01' and 
           (cast('2002-3-01' as date) + interval '60 days')
and cs1.cs_ship_date_sk = d_date_sk
and cs1.cs_ship_addr_sk = ca_address_sk
and ca_state = 'NE'
and cs1.cs_call_center_sk = cc_call_center_sk
and cc_county in ('Williamson County','Williamson County','Williamson County','Williamson County',
                  'Williamson County'
)
and exists (select *
            from catalog_sales cs2
            where cs1.cs_order_number = cs2.cs_order_number
              and cs1.cs_warehouse_sk <> cs2.cs_warehouse_sk)
and not exists(select *
               from catalog_returns cr1
               where cs1.cs_order_number = cr1.cr_order_number)
order by count(distinct cs_order_number)
limit 100;
psql:/tmp/s1-basline/throughput/query_4.sql:3639: NOTICE:  duration: 690.011 ms  plan:
Query Text: select  
   count(distinct cs_order_number) as "order count"
  ,sum(cs_ext_ship_cost) as "total shipping cost"
  ,sum(cs_net_profit) as "total net profit"
from
   catalog_sales cs1
  ,date_dim
  ,customer_address
  ,call_center
where
    d_date between '2002-3-01' and 
           (cast('2002-3-01' as date) + interval '60 days')
and cs1.cs_ship_date_sk = d_date_sk
and cs1.cs_ship_addr_sk = ca_address_sk
and ca_state = 'NE'
and cs1.cs_call_center_sk = cc_call_center_sk
and cc_county in ('Williamson County','Williamson County','Williamson County','Williamson County',
                  'Williamson County'
)
and exists (select *
            from catalog_sales cs2
            where cs1.cs_order_number = cs2.cs_order_number
              and cs1.cs_warehouse_sk <> cs2.cs_warehouse_sk)
and not exists(select *
               from catalog_returns cr1
               where cs1.cs_order_number = cr1.cr_order_number)
order by count(distinct cs_order_number)
limit 100;
Limit  (cost=78745.31..78745.31 rows=1 width=24) (actual time=628.745..690.001 rows=1 loops=1)
  ->  Sort  (cost=78745.31..78745.31 rows=1 width=24) (actual time=628.744..690.000 rows=1 loops=1)
        Sort Key: (count(DISTINCT cs1.cs_order_number))
        Sort Method: quicksort  Memory: 25kB
        ->  Aggregate  (cost=78745.29..78745.30 rows=1 width=24) (actual time=628.739..689.994 rows=1 loops=1)
              ->  Nested Loop  (cost=5530.68..78745.25 rows=5 width=24) (actual time=148.961..689.891 rows=388 loops=1)
                    Join Filter: (cs1.cs_call_center_sk = call_center.cc_call_center_sk)
                    Rows Removed by Join Filter: 832
                    ->  Gather  (cost=5530.68..78743.75 rows=5 width=32) (actual time=148.944..689.643 rows=389 loops=1)
                          Workers Planned: 2
                          Workers Launched: 2
                          ->  Nested Loop Semi Join  (cost=4530.68..77743.25 rows=2 width=32) (actual time=149.208..622.540 rows=130 loops=3)
                                ->  Nested Loop  (cost=4530.26..65394.36 rows=2 width=40) (actual time=145.792..189.370 rows=130 loops=3)
                                      ->  Hash Anti Join  (cost=4529.97..65373.53 rows=67 width=48) (actual time=145.392..180.614 rows=4091 loops=3)
                                            Hash Cond: (cs1.cs_order_number = cr1.cr_order_number)
                                            ->  Hash Join  (cost=5.60..60846.58 rows=531 width=48) (actual time=111.439..144.621 rows=11202 loops=3)
                                                  Hash Cond: (cs1.cs_ship_date_sk = date_dim.d_date_sk)
                                                  ->  Parallel Seq Scan on catalog_sales cs1  (cost=0.00..59266.53 rows=599753 width=56) (actual time=0.016..82.807 rows=479804 loops=3)
                                                  ->  Hash  (cost=4.79..4.79 rows=65 width=8) (actual time=0.100..0.101 rows=61 loops=3)
                                                        Buckets: 1024  Batches: 1  Memory Usage: 11kB
                                                        ->  Index Scan using i_d_date on date_dim  (cost=0.29..4.79 rows=65 width=8) (actual time=0.062..0.085 rows=61 loops=3)
                                                              Index Cond: ((d_date >= '2002-03-01'::date) AND (d_date <= '2002-04-30 00:00:00'::timestamp without time zone))
                                            ->  Hash  (cost=2720.52..2720.52 rows=144307 width=8) (actual time=33.120..33.121 rows=144307 loops=3)
                                                  Buckets: 262144  Batches: 1  Memory Usage: 7685kB
                                                  ->  Index Only Scan using pk_catalog_returns on catalog_returns cr1  (cost=0.42..2720.52 rows=144307 width=8) (actual time=0.065..15.833 rows=144307 loops=3)
                                                        Heap Fetches: 0
                                      ->  Index Scan using pk_customer_address on customer_address  (cost=0.29..0.31 rows=1 width=8) (actual time=0.002..0.002 rows=0 loops=12274)
                                            Index Cond: (ca_address_sk = cs1.cs_ship_addr_sk)
                                            Filter: (ca_state = 'NE'::bpchar)
                                            Rows Removed by Filter: 1
                                ->  Index Scan using pk_catalog_sales on catalog_sales cs2  (cost=0.43..10796.23 rows=13 width=16) (actual time=3.340..3.340 rows=1 loops=389)
                                      Index Cond: (cs_order_number = cs1.cs_order_number)
                                      Filter: (cs1.cs_warehouse_sk <> cs_warehouse_sk)
                                      Rows Removed by Filter: 0
                    ->  Materialize  (cost=0.00..1.13 rows=6 width=8) (actual time=0.000..0.000 rows=3 loops=389)
                          ->  Seq Scan on call_center  (cost=0.00..1.10 rows=6 width=8) (actual time=0.010..0.017 rows=6 loops=1)
                                Filter: ((cc_county)::text = ANY ('{"Williamson County","Williamson County","Williamson County","Williamson County","Williamson County"}'::text[]))
 order count | total shipping cost | total net profit 
-------------+---------------------+------------------
         114 |   474308.8300000001 |       -108738.88
(1 row)

UPDATE time_statistics SET e_time = TRANSACTION_TIMESTAMP() WHERE template = '../query_postgresql/query16.tpl' AND stream = 4;
psql:/tmp/s1-basline/throughput/query_4.sql:3641: NOTICE:  duration: 0.044 ms  plan:
Query Text: UPDATE time_statistics SET e_time = TRANSACTION_TIMESTAMP() WHERE template = '../query_postgresql/query16.tpl' AND stream = 4;
Update on time_statistics  (cost=0.00..5.22 rows=0 width=0) (actual time=0.044..0.044 rows=0 loops=1)
  ->  Seq Scan on time_statistics  (cost=0.00..5.22 rows=1 width=14) (actual time=0.023..0.029 rows=1 loops=1)
        Filter: ((template = '../query_postgresql/query16.tpl'::text) AND (stream = 4))
        Rows Removed by Filter: 173
UPDATE 1
LOAD 'auto_explain'; SET auto_explain.log_min_duration TO 0; SET auto_explain.log_analyze TO on; SET auto_explain.log_level TO notice; INSERT INTO time_statistics (template, s_time, stream, query, seed) VALUES ('query4.tpl', TRANSACTION_TIMESTAMP(), 4, 75, 223580522);
LOAD
SET
SET
SET
psql:/tmp/s1-basline/throughput/query_4.sql:3642: NOTICE:  duration: 0.008 ms  plan:
Query Text: INSERT INTO time_statistics (template, s_time, stream, query, seed) VALUES ('query4.tpl', TRANSACTION_TIMESTAMP(), 4, 75, 223580522);
Insert on time_statistics  (cost=0.00..0.01 rows=0 width=0) (actual time=0.008..0.008 rows=0 loops=1)
  ->  Result  (cost=0.00..0.01 rows=1 width=64) (actual time=0.001..0.002 rows=1 loops=1)
INSERT 0 1
with year_total as (
 select c_customer_id customer_id
       ,c_first_name customer_first_name
       ,c_last_name customer_last_name
       ,c_preferred_cust_flag customer_preferred_cust_flag
       ,c_birth_country customer_birth_country
       ,c_login customer_login
       ,c_email_address customer_email_address
       ,d_year dyear
       ,sum(((ss_ext_list_price-ss_ext_wholesale_cost-ss_ext_discount_amt)+ss_ext_sales_price)/2) year_total
       ,'s' sale_type
 from customer
     ,store_sales
     ,date_dim
 where c_customer_sk = ss_customer_sk
   and ss_sold_date_sk = d_date_sk
 group by c_customer_id
         ,c_first_name
         ,c_last_name
         ,c_preferred_cust_flag
         ,c_birth_country
         ,c_login
         ,c_email_address
         ,d_year
 union all
 select c_customer_id customer_id
       ,c_first_name customer_first_name
       ,c_last_name customer_last_name
       ,c_preferred_cust_flag customer_preferred_cust_flag
       ,c_birth_country customer_birth_country
       ,c_login customer_login
       ,c_email_address customer_email_address
       ,d_year dyear
       ,sum((((cs_ext_list_price-cs_ext_wholesale_cost-cs_ext_discount_amt)+cs_ext_sales_price)/2) ) year_total
       ,'c' sale_type
 from customer
     ,catalog_sales
     ,date_dim
 where c_customer_sk = cs_bill_customer_sk
   and cs_sold_date_sk = d_date_sk
 group by c_customer_id
         ,c_first_name
         ,c_last_name
         ,c_preferred_cust_flag
         ,c_birth_country
         ,c_login
         ,c_email_address
         ,d_year
union all
 select c_customer_id customer_id
       ,c_first_name customer_first_name
       ,c_last_name customer_last_name
       ,c_preferred_cust_flag customer_preferred_cust_flag
       ,c_birth_country customer_birth_country
       ,c_login customer_login
       ,c_email_address customer_email_address
       ,d_year dyear
       ,sum((((ws_ext_list_price-ws_ext_wholesale_cost-ws_ext_discount_amt)+ws_ext_sales_price)/2) ) year_total
       ,'w' sale_type
 from customer
     ,web_sales
     ,date_dim
 where c_customer_sk = ws_bill_customer_sk
   and ws_sold_date_sk = d_date_sk
 group by c_customer_id
         ,c_first_name
         ,c_last_name
         ,c_preferred_cust_flag
         ,c_birth_country
         ,c_login
         ,c_email_address
         ,d_year
         )
  select  
                  t_s_secyear.customer_id
                 ,t_s_secyear.customer_first_name
                 ,t_s_secyear.customer_last_name
                 ,t_s_secyear.customer_birth_country
 from year_total t_s_firstyear
     ,year_total t_s_secyear
     ,year_total t_c_firstyear
     ,year_total t_c_secyear
     ,year_total t_w_firstyear
     ,year_total t_w_secyear
 where t_s_secyear.customer_id = t_s_firstyear.customer_id
   and t_s_firstyear.customer_id = t_c_secyear.customer_id
   and t_s_firstyear.customer_id = t_c_firstyear.customer_id
   and t_s_firstyear.customer_id = t_w_firstyear.customer_id
   and t_s_firstyear.customer_id = t_w_secyear.customer_id
   and t_s_firstyear.sale_type = 's'
   and t_c_firstyear.sale_type = 'c'
   and t_w_firstyear.sale_type = 'w'
   and t_s_secyear.sale_type = 's'
   and t_c_secyear.sale_type = 'c'
   and t_w_secyear.sale_type = 'w'
   and t_s_firstyear.dyear =  2000
   and t_s_secyear.dyear = 2000+1
   and t_c_firstyear.dyear =  2000
   and t_c_secyear.dyear =  2000+1
   and t_w_firstyear.dyear = 2000
   and t_w_secyear.dyear = 2000+1
   and t_s_firstyear.year_total > 0
   and t_c_firstyear.year_total > 0
   and t_w_firstyear.year_total > 0
   and case when t_c_firstyear.year_total > 0 then t_c_secyear.year_total / t_c_firstyear.year_total else null end
           > case when t_s_firstyear.year_total > 0 then t_s_secyear.year_total / t_s_firstyear.year_total else null end
   and case when t_c_firstyear.year_total > 0 then t_c_secyear.year_total / t_c_firstyear.year_total else null end
           > case when t_w_firstyear.year_total > 0 then t_w_secyear.year_total / t_w_firstyear.year_total else null end
 order by t_s_secyear.customer_id
         ,t_s_secyear.customer_first_name
         ,t_s_secyear.customer_last_name
         ,t_s_secyear.customer_birth_country
limit 100;
psql:/tmp/s1-basline/throughput/query_4.sql:3755: NOTICE:  duration: 3780439.532 ms  plan:
Query Text: with year_total as (
 select c_customer_id customer_id
       ,c_first_name customer_first_name
       ,c_last_name customer_last_name
       ,c_preferred_cust_flag customer_preferred_cust_flag
       ,c_birth_country customer_birth_country
       ,c_login customer_login
       ,c_email_address customer_email_address
       ,d_year dyear
       ,sum(((ss_ext_list_price-ss_ext_wholesale_cost-ss_ext_discount_amt)+ss_ext_sales_price)/2) year_total
       ,'s' sale_type
 from customer
     ,store_sales
     ,date_dim
 where c_customer_sk = ss_customer_sk
   and ss_sold_date_sk = d_date_sk
 group by c_customer_id
         ,c_first_name
         ,c_last_name
         ,c_preferred_cust_flag
         ,c_birth_country
         ,c_login
         ,c_email_address
         ,d_year
 union all
 select c_customer_id customer_id
       ,c_first_name customer_first_name
       ,c_last_name customer_last_name
       ,c_preferred_cust_flag customer_preferred_cust_flag
       ,c_birth_country customer_birth_country
       ,c_login customer_login
       ,c_email_address customer_email_address
       ,d_year dyear
       ,sum((((cs_ext_list_price-cs_ext_wholesale_cost-cs_ext_discount_amt)+cs_ext_sales_price)/2) ) year_total
       ,'c' sale_type
 from customer
     ,catalog_sales
     ,date_dim
 where c_customer_sk = cs_bill_customer_sk
   and cs_sold_date_sk = d_date_sk
 group by c_customer_id
         ,c_first_name
         ,c_last_name
         ,c_preferred_cust_flag
         ,c_birth_country
         ,c_login
         ,c_email_address
         ,d_year
union all
 select c_customer_id customer_id
       ,c_first_name customer_first_name
       ,c_last_name customer_last_name
       ,c_preferred_cust_flag customer_preferred_cust_flag
       ,c_birth_country customer_birth_country
       ,c_login customer_login
       ,c_email_address customer_email_address
       ,d_year dyear
       ,sum((((ws_ext_list_price-ws_ext_wholesale_cost-ws_ext_discount_amt)+ws_ext_sales_price)/2) ) year_total
       ,'w' sale_type
 from customer
     ,web_sales
     ,date_dim
 where c_customer_sk = ws_bill_customer_sk
   and ws_sold_date_sk = d_date_sk
 group by c_customer_id
         ,c_first_name
         ,c_last_name
         ,c_preferred_cust_flag
         ,c_birth_country
         ,c_login
         ,c_email_address
         ,d_year
         )
  select  
                  t_s_secyear.customer_id
                 ,t_s_secyear.customer_first_name
                 ,t_s_secyear.customer_last_name
                 ,t_s_secyear.customer_birth_country
 from year_total t_s_firstyear
     ,year_total t_s_secyear
     ,year_total t_c_firstyear
     ,year_total t_c_secyear
     ,year_total t_w_firstyear
     ,year_total t_w_secyear
 where t_s_secyear.customer_id = t_s_firstyear.customer_id
   and t_s_firstyear.customer_id = t_c_secyear.customer_id
   and t_s_firstyear.customer_id = t_c_firstyear.customer_id
   and t_s_firstyear.customer_id = t_w_firstyear.customer_id
   and t_s_firstyear.customer_id = t_w_secyear.customer_id
   and t_s_firstyear.sale_type = 's'
   and t_c_firstyear.sale_type = 'c'
   and t_w_firstyear.sale_type = 'w'
   and t_s_secyear.sale_type = 's'
   and t_c_secyear.sale_type = 'c'
   and t_w_secyear.sale_type = 'w'
   and t_s_firstyear.dyear =  2000
   and t_s_secyear.dyear = 2000+1
   and t_c_firstyear.dyear =  2000
   and t_c_secyear.dyear =  2000+1
   and t_w_firstyear.dyear = 2000
   and t_w_secyear.dyear = 2000+1
   and t_s_firstyear.year_total > 0
   and t_c_firstyear.year_total > 0
   and t_w_firstyear.year_total > 0
   and case when t_c_firstyear.year_total > 0 then t_c_secyear.year_total / t_c_firstyear.year_total else null end
           > case when t_s_firstyear.year_total > 0 then t_s_secyear.year_total / t_s_firstyear.year_total else null end
   and case when t_c_firstyear.year_total > 0 then t_c_secyear.year_total / t_c_firstyear.year_total else null end
           > case when t_w_firstyear.year_total > 0 then t_w_secyear.year_total / t_w_firstyear.year_total else null end
 order by t_s_secyear.customer_id
         ,t_s_secyear.customer_first_name
         ,t_s_secyear.customer_last_name
         ,t_s_secyear.customer_birth_country
limit 100;
Limit  (cost=1887596.48..1887596.48 rows=1 width=334) (actual time=3780439.349..3780439.522 rows=4 loops=1)
  CTE year_total
    ->  Gather  (cost=254172.88..1136743.50 rows=4766987 width=231) (actual time=1026.322..4670.501 rows=384245 loops=1)
          Workers Planned: 2
          Workers Launched: 2
          ->  Parallel Append  (cost=253172.88..659044.80 rows=1986245 width=231) (actual time=2387.349..2739.429 rows=128082 loops=3)
                ->  HashAggregate  (cost=437718.87..622868.65 rows=2624493 width=231) (actual time=3957.464..4678.817 rows=190755 loops=1)
                      Group Key: customer.c_customer_id, customer.c_first_name, customer.c_last_name, customer.c_preferred_cust_flag, customer.c_birth_country, customer.c_login, customer.c_email_address, date_dim.d_year
                      Planned Partitions: 64
                      Worker 1:  Batches: 65  Memory Usage: 33305kB  Disk Usage: 257256kB
                      ->  Hash Join  (cost=8459.60..125137.65 rows=2624493 width=223) (actual time=104.941..1936.684 rows=2683562 loops=1)
                            Hash Cond: (store_sales.ss_sold_date_sk = date_dim.d_date_sk)
                            ->  Hash Join  (cost=5411.00..114877.49 rows=2747105 width=227) (actual time=75.999..1440.449 rows=2748429 loops=1)
                                  Hash Cond: (store_sales.ss_customer_sk = customer.c_customer_sk)
                                  ->  Seq Scan on store_sales  (cost=0.00..101911.56 rows=2877956 width=48) (actual time=0.032..322.741 rows=2877928 loops=1)
                                  ->  Hash  (cost=4161.00..4161.00 rows=100000 width=195) (actual time=75.406..75.406 rows=100000 loops=1)
                                        Buckets: 131072  Batches: 1  Memory Usage: 17780kB
                                        ->  Seq Scan on customer  (cost=0.00..4161.00 rows=100000 width=195) (actual time=0.032..43.367 rows=100000 loops=1)
                            ->  Hash  (cost=2135.49..2135.49 rows=73049 width=12) (actual time=28.329..28.329 rows=73049 loops=1)
                                  Buckets: 131072  Batches: 1  Memory Usage: 4449kB
                                  ->  Seq Scan on date_dim  (cost=0.00..2135.49 rows=73049 width=12) (actual time=0.038..17.530 rows=73049 loops=1)
                ->  HashAggregate  (cost=253172.88..353581.12 rows=1423284 width=231) (actual time=2178.896..2440.418 rows=137000 loops=1)
                      Group Key: customer_1.c_customer_id, customer_1.c_first_name, customer_1.c_last_name, customer_1.c_preferred_cust_flag, customer_1.c_birth_country, customer_1.c_login, customer_1.c_email_address, date_dim_1.d_year
                      Planned Partitions: 32
                      Worker 0:  Batches: 33  Memory Usage: 33049kB  Disk Usage: 95376kB
                      ->  Hash Join  (cost=8459.60..83657.54 rows=1423284 width=223) (actual time=107.207..1124.553 rows=1428542 loops=1)
                            Hash Cond: (catalog_sales.cs_bill_customer_sk = customer_1.c_customer_sk)
                            ->  Hash Join  (cost=3048.60..74490.35 rows=1430868 width=44) (actual time=29.396..711.120 rows=1432202 loops=1)
                                  Hash Cond: (catalog_sales.cs_sold_date_sk = date_dim_1.d_date_sk)
                                  ->  Seq Scan on catalog_sales  (cost=0.00..67663.08 rows=1439408 width=48) (actual time=0.035..224.203 rows=1439411 loops=1)
                                  ->  Hash  (cost=2135.49..2135.49 rows=73049 width=12) (actual time=28.785..28.785 rows=73049 loops=1)
                                        Buckets: 131072  Batches: 1  Memory Usage: 4449kB
                                        ->  Seq Scan on date_dim date_dim_1  (cost=0.00..2135.49 rows=73049 width=12) (actual time=0.035..17.890 rows=73049 loops=1)
                            ->  Hash  (cost=4161.00..4161.00 rows=100000 width=195) (actual time=77.276..77.277 rows=100000 loops=1)
                                  Buckets: 131072  Batches: 1  Memory Usage: 17780kB
                                  ->  Seq Scan on customer customer_1  (cost=0.00..4161.00 rows=100000 width=195) (actual time=0.044..44.759 rows=100000 loops=1)
                ->  HashAggregate  (cost=131737.36..182475.38 rows=719210 width=231) (actual time=1025.685..1043.278 rows=56490 loops=1)
                      Group Key: customer_2.c_customer_id, customer_2.c_first_name, customer_2.c_last_name, customer_2.c_preferred_cust_flag, customer_2.c_birth_country, customer_2.c_login, customer_2.c_email_address, date_dim_2.d_year
                      Planned Partitions: 16  Batches: 1  Memory Usage: 19481kB
                      ->  Hash Join  (cost=8459.60..46078.33 rows=719210 width=223) (actual time=74.304..533.506 rows=719192 loops=1)
                            Hash Cond: (web_sales.ws_sold_date_sk = date_dim_2.d_date_sk)
                            ->  Hash Join  (cost=5411.00..41141.44 rows=719306 width=227) (actual time=55.886..392.052 rows=719268 loops=1)
                                  Hash Cond: (web_sales.ws_bill_customer_sk = customer_2.c_customer_sk)
                                  ->  Seq Scan on web_sales  (cost=0.00..33841.74 rows=719474 width=48) (actual time=0.005..63.326 rows=719474 loops=1)
                                  ->  Hash  (cost=4161.00..4161.00 rows=100000 width=195) (actual time=55.812..55.813 rows=100000 loops=1)
                                        Buckets: 131072  Batches: 1  Memory Usage: 17780kB
                                        ->  Seq Scan on customer customer_2  (cost=0.00..4161.00 rows=100000 width=195) (actual time=0.005..28.322 rows=100000 loops=1)
                            ->  Hash  (cost=2135.49..2135.49 rows=73049 width=12) (actual time=18.350..18.350 rows=73049 loops=1)
                                  Buckets: 131072  Batches: 1  Memory Usage: 4449kB
                                  ->  Seq Scan on date_dim date_dim_2  (cost=0.00..2135.49 rows=73049 width=12) (actual time=0.006..9.627 rows=73049 loops=1)
  ->  Sort  (cost=750852.98..750852.98 rows=1 width=334) (actual time=3780439.348..3780439.351 rows=4 loops=1)
        Sort Key: t_s_secyear.customer_id, t_s_secyear.customer_first_name, t_s_secyear.customer_last_name, t_s_secyear.customer_birth_country
        Sort Method: quicksort  Memory: 25kB
        ->  Nested Loop  (cost=0.00..750852.97 rows=1 width=334) (actual time=951374.266..3780439.328 rows=4 loops=1)
              Join Filter: ((t_s_secyear.customer_id = t_w_secyear.customer_id) AND (CASE WHEN (t_c_firstyear.year_total > '0'::double precision) THEN (t_c_secyear.year_total / t_c_firstyear.year_total) ELSE NULL::double precision END > CASE WHEN (t_w_firstyear.year_total > '0'::double precision) THEN (t_w_secyear.year_total / t_w_firstyear.year_total) ELSE NULL::double precision END))
              Rows Removed by Join Filter: 654932
              ->  Nested Loop  (cost=0.00..631675.32 rows=1 width=630) (actual time=69894.110..3776319.950 rows=58 loops=1)
                    Join Filter: ((t_s_secyear.customer_id = t_c_secyear.customer_id) AND (CASE WHEN (t_c_firstyear.year_total > '0'::double precision) THEN (t_c_secyear.year_total / t_c_firstyear.year_total) ELSE NULL::double precision END > CASE WHEN (t_s_firstyear.year_total > '0'::double precision) THEN (t_s_secyear.year_total / t_s_firstyear.year_total) ELSE NULL::double precision END))
                    Rows Removed by Join Filter: 10843850
                    ->  Nested Loop  (cost=0.00..512497.67 rows=1 width=570) (actual time=25237.831..3747093.818 rows=398 loops=1)
                          Join Filter: (t_s_firstyear.customer_id = t_s_secyear.customer_id)
                          Rows Removed by Join Filter: 41863316
                          ->  Nested Loop  (cost=0.00..393318.83 rows=2 width=228) (actual time=7746.204..3664785.976 rows=1097 loops=1)
                                Join Filter: (t_s_firstyear.customer_id = t_w_firstyear.customer_id)
                                Rows Removed by Join Filter: 111327495
                                ->  Nested Loop  (cost=0.00..262219.89 rows=8 width=152) (actual time=3979.828..2918292.984 rows=10096 loops=1)
                                      Join Filter: (t_s_firstyear.customer_id = t_c_firstyear.customer_id)
                                      Rows Removed by Join Filter: 1010512042
                                      ->  CTE Scan on year_total t_s_firstyear  (cost=0.00..131092.14 rows=40 width=76) (actual time=3968.993..4075.695 rows=38218 loops=1)
                                            Filter: ((year_total > '0'::double precision) AND (sale_type = 's'::text) AND (dyear = 2000))
                                            Rows Removed by Filter: 346027
                                      ->  CTE Scan on year_total t_c_firstyear  (cost=0.00..131092.14 rows=40 width=76) (actual time=10.542..74.310 rows=26441 loops=38218)
                                            Filter: ((year_total > '0'::double precision) AND (sale_type = 'c'::text) AND (dyear = 2000))
                                            Rows Removed by Filter: 357804
                                ->  CTE Scan on year_total t_w_firstyear  (cost=0.00..131092.14 rows=40 width=76) (actual time=0.003..73.145 rows=11027 loops=10096)
                                      Filter: ((year_total > '0'::double precision) AND (sale_type = 'w'::text) AND (dyear = 2000))
                                      Rows Removed by Filter: 373218
                          ->  CTE Scan on year_total t_s_secyear  (cost=0.00..119174.68 rows=119 width=342) (actual time=34.608..72.287 rows=38162 loops=1097)
                                Filter: ((sale_type = 's'::text) AND (dyear = 2001))
                                Rows Removed by Filter: 346083
                    ->  CTE Scan on year_total t_c_secyear  (cost=0.00..119174.68 rows=119 width=76) (actual time=10.108..71.467 rows=27246 loops=398)
                          Filter: ((sale_type = 'c'::text) AND (dyear = 2001))
                          Rows Removed by Filter: 356999
              ->  CTE Scan on year_total t_w_secyear  (cost=0.00..119174.68 rows=119 width=76) (actual time=0.002..70.193 rows=11292 loops=58)
                    Filter: ((sale_type = 'w'::text) AND (dyear = 2001))
                    Rows Removed by Filter: 372953
   customer_id    | customer_first_name  |       customer_last_name       | customer_birth_country 
------------------+----------------------+--------------------------------+------------------------
 AAAAAAAAAIDKAAAA | Kristin              | Miller                         | ICELAND
 AAAAAAAABCICBAAA | Nancy                | Neumann                        | LESOTHO
 AAAAAAAACIFDAAAA | Julie                | Lee                            | CÃ\u0094TE D'IVOIRE
 AAAAAAAALGHAAAAA | Cindy                | Fernandez                      | NIUE
(4 rows)

UPDATE time_statistics SET e_time = TRANSACTION_TIMESTAMP() WHERE template = 'query4.tpl' AND stream = 4;
psql:/tmp/s1-basline/throughput/query_4.sql:3757: NOTICE:  duration: 0.078 ms  plan:
Query Text: UPDATE time_statistics SET e_time = TRANSACTION_TIMESTAMP() WHERE template = 'query4.tpl' AND stream = 4;
Update on time_statistics  (cost=0.00..7.29 rows=0 width=0) (actual time=0.077..0.077 rows=0 loops=1)
  ->  Seq Scan on time_statistics  (cost=0.00..7.29 rows=1 width=14) (actual time=0.032..0.065 rows=1 loops=1)
        Filter: ((template = 'query4.tpl'::text) AND (stream = 4))
        Rows Removed by Filter: 254
UPDATE 1
LOAD 'auto_explain'; SET auto_explain.log_min_duration TO 0; SET auto_explain.log_analyze TO on; SET auto_explain.log_level TO notice; INSERT INTO time_statistics (template, s_time, stream, query, seed) VALUES ('query25.tpl', TRANSACTION_TIMESTAMP(), 4, 76, 721070289);
LOAD
SET
SET
SET
psql:/tmp/s1-basline/throughput/query_4.sql:3758: NOTICE:  duration: 0.021 ms  plan:
Query Text: INSERT INTO time_statistics (template, s_time, stream, query, seed) VALUES ('query25.tpl', TRANSACTION_TIMESTAMP(), 4, 76, 721070289);
Insert on time_statistics  (cost=0.00..0.01 rows=0 width=0) (actual time=0.020..0.020 rows=0 loops=1)
  ->  Result  (cost=0.00..0.01 rows=1 width=64) (actual time=0.001..0.002 rows=1 loops=1)
INSERT 0 1
select  
 i_item_id
 ,i_item_desc
 ,s_store_id
 ,s_store_name
 ,min(ss_net_profit) as store_sales_profit
 ,min(sr_net_loss) as store_returns_loss
 ,min(cs_net_profit) as catalog_sales_profit
 from
 store_sales
 ,store_returns
 ,catalog_sales
 ,date_dim d1
 ,date_dim d2
 ,date_dim d3
 ,store
 ,item
 where
 d1.d_moy = 4
 and d1.d_year = 2002
 and d1.d_date_sk = ss_sold_date_sk
 and i_item_sk = ss_item_sk
 and s_store_sk = ss_store_sk
 and ss_customer_sk = sr_customer_sk
 and ss_item_sk = sr_item_sk
 and ss_ticket_number = sr_ticket_number
 and sr_returned_date_sk = d2.d_date_sk
 and d2.d_moy               between 4 and  10
 and d2.d_year              = 2002
 and sr_customer_sk = cs_bill_customer_sk
 and sr_item_sk = cs_item_sk
 and cs_sold_date_sk = d3.d_date_sk
 and d3.d_moy               between 4 and  10 
 and d3.d_year              = 2002
 group by
 i_item_id
 ,i_item_desc
 ,s_store_id
 ,s_store_name
 order by
 i_item_id
 ,i_item_desc
 ,s_store_id
 ,s_store_name
 limit 100;
psql:/tmp/s1-basline/throughput/query_4.sql:3803: NOTICE:  duration: 1493.992 ms  plan:
Query Text: select  
 i_item_id
 ,i_item_desc
 ,s_store_id
 ,s_store_name
 ,min(ss_net_profit) as store_sales_profit
 ,min(sr_net_loss) as store_returns_loss
 ,min(cs_net_profit) as catalog_sales_profit
 from
 store_sales
 ,store_returns
 ,catalog_sales
 ,date_dim d1
 ,date_dim d2
 ,date_dim d3
 ,store
 ,item
 where
 d1.d_moy = 4
 and d1.d_year = 2002
 and d1.d_date_sk = ss_sold_date_sk
 and i_item_sk = ss_item_sk
 and s_store_sk = ss_store_sk
 and ss_customer_sk = sr_customer_sk
 and ss_item_sk = sr_item_sk
 and ss_ticket_number = sr_ticket_number
 and sr_returned_date_sk = d2.d_date_sk
 and d2.d_moy               between 4 and  10
 and d2.d_year              = 2002
 and sr_customer_sk = cs_bill_customer_sk
 and sr_item_sk = cs_item_sk
 and cs_sold_date_sk = d3.d_date_sk
 and d3.d_moy               between 4 and  10 
 and d3.d_year              = 2002
 group by
 i_item_id
 ,i_item_desc
 ,s_store_id
 ,s_store_name
 order by
 i_item_id
 ,i_item_desc
 ,s_store_id
 ,s_store_name
 limit 100;
Limit  (cost=11560.51..11560.54 rows=1 width=165) (actual time=1493.985..1493.988 rows=0 loops=1)
  ->  GroupAggregate  (cost=11560.51..11560.54 rows=1 width=165) (actual time=1493.984..1493.986 rows=0 loops=1)
        Group Key: item.i_item_id, item.i_item_desc, store.s_store_id, store.s_store_name
        ->  Sort  (cost=11560.51..11560.51 rows=1 width=165) (actual time=1493.982..1493.984 rows=0 loops=1)
              Sort Key: item.i_item_id, item.i_item_desc, store.s_store_id, store.s_store_name
              Sort Method: quicksort  Memory: 25kB
              ->  Nested Loop  (cost=2.15..11560.50 rows=1 width=165) (actual time=1493.974..1493.977 rows=0 loops=1)
                    ->  Nested Loop  (cost=1.86..11560.19 rows=1 width=70) (actual time=1493.974..1493.976 rows=0 loops=1)
                          Join Filter: (store_sales.ss_store_sk = store.s_store_sk)
                          ->  Nested Loop  (cost=1.86..11558.92 rows=1 width=56) (actual time=1493.974..1493.975 rows=0 loops=1)
                                ->  Nested Loop  (cost=1.57..11558.60 rows=1 width=64) (actual time=857.439..1493.966 rows=1 loops=1)
                                      ->  Nested Loop  (cost=1.28..11558.29 rows=1 width=72) (actual time=22.029..1493.874 rows=16 loops=1)
                                            ->  Nested Loop  (cost=0.85..11556.07 rows=1 width=64) (actual time=4.615..148.022 rows=19021 loops=1)
                                                  ->  Nested Loop  (cost=0.42..10928.17 rows=804 width=32) (actual time=4.604..40.216 rows=25836 loops=1)
                                                        ->  Seq Scan on date_dim d2  (cost=0.00..2683.36 rows=212 width=8) (actual time=4.592..9.338 rows=214 loops=1)
                                                              Filter: ((d_moy >= 4) AND (d_moy <= 10) AND (d_year = 2002))
                                                              Rows Removed by Filter: 72835
                                                        ->  Index Scan using i_sr_returned_date_sk on store_returns  (cost=0.42..37.49 rows=140 width=40) (actual time=0.003..0.113 rows=121 loops=214)
                                                              Index Cond: (sr_returned_date_sk = d2.d_date_sk)
                                                  ->  Index Scan using pk_store_sales on store_sales  (cost=0.43..0.77 rows=1 width=48) (actual time=0.004..0.004 rows=1 loops=25836)
                                                        Index Cond: ((ss_item_sk = store_returns.sr_item_sk) AND (ss_ticket_number = store_returns.sr_ticket_number))
                                                        Filter: (store_returns.sr_customer_sk = ss_customer_sk)
                                                        Rows Removed by Filter: 0
                                            ->  Index Scan using pk_catalog_sales on catalog_sales  (cost=0.43..2.21 rows=1 width=32) (actual time=0.071..0.071 rows=0 loops=19021)
                                                  Index Cond: (cs_item_sk = store_sales.ss_item_sk)
                                                  Filter: (store_sales.ss_customer_sk = cs_bill_customer_sk)
                                                  Rows Removed by Filter: 88
                                      ->  Index Scan using pk_date_dim on date_dim d1  (cost=0.29..0.32 rows=1 width=8) (actual time=0.005..0.005 rows=0 loops=16)
                                            Index Cond: (d_date_sk = store_sales.ss_sold_date_sk)
                                            Filter: ((d_moy = 4) AND (d_year = 2002))
                                            Rows Removed by Filter: 1
                                ->  Index Scan using pk_date_dim on date_dim d3  (cost=0.29..0.32 rows=1 width=8) (actual time=0.007..0.007 rows=0 loops=1)
                                      Index Cond: (d_date_sk = catalog_sales.cs_sold_date_sk)
                                      Filter: ((d_moy >= 4) AND (d_moy <= 10) AND (d_year = 2002))
                                      Rows Removed by Filter: 1
                          ->  Seq Scan on store  (cost=0.00..1.12 rows=12 width=30) (never executed)
                    ->  Index Scan using pk_item on item  (cost=0.29..0.31 rows=1 width=127) (never executed)
                          Index Cond: (i_item_sk = store_sales.ss_item_sk)
 i_item_id | i_item_desc | s_store_id | s_store_name | store_sales_profit | store_returns_loss | catalog_sales_profit 
-----------+-------------+------------+--------------+--------------------+--------------------+----------------------
(0 rows)

UPDATE time_statistics SET e_time = TRANSACTION_TIMESTAMP() WHERE template = 'query25.tpl' AND stream = 4;
psql:/tmp/s1-basline/throughput/query_4.sql:3805: NOTICE:  duration: 0.055 ms  plan:
Query Text: UPDATE time_statistics SET e_time = TRANSACTION_TIMESTAMP() WHERE template = 'query25.tpl' AND stream = 4;
Update on time_statistics  (cost=0.00..7.29 rows=0 width=0) (actual time=0.055..0.055 rows=0 loops=1)
  ->  Seq Scan on time_statistics  (cost=0.00..7.29 rows=1 width=14) (actual time=0.019..0.040 rows=1 loops=1)
        Filter: ((template = 'query25.tpl'::text) AND (stream = 4))
        Rows Removed by Filter: 255
UPDATE 1
LOAD 'auto_explain'; SET auto_explain.log_min_duration TO 0; SET auto_explain.log_analyze TO on; SET auto_explain.log_level TO notice; INSERT INTO time_statistics (template, s_time, stream, query, seed) VALUES ('../query_postgresql/query20.tpl', TRANSACTION_TIMESTAMP(), 4, 77, 1113194374);
LOAD
SET
SET
SET
psql:/tmp/s1-basline/throughput/query_4.sql:3806: NOTICE:  duration: 0.009 ms  plan:
Query Text: INSERT INTO time_statistics (template, s_time, stream, query, seed) VALUES ('../query_postgresql/query20.tpl', TRANSACTION_TIMESTAMP(), 4, 77, 1113194374);
Insert on time_statistics  (cost=0.00..0.01 rows=0 width=0) (actual time=0.008..0.008 rows=0 loops=1)
  ->  Result  (cost=0.00..0.01 rows=1 width=64) (actual time=0.002..0.002 rows=1 loops=1)
INSERT 0 1
select  i_item_id
       ,i_item_desc 
       ,i_category 
       ,i_class 
       ,i_current_price
       ,sum(cs_ext_sales_price) as itemrevenue 
       ,sum(cs_ext_sales_price)*100/sum(sum(cs_ext_sales_price)) over
           (partition by i_class) as revenueratio
 from	catalog_sales
     ,item 
     ,date_dim
 where cs_item_sk = i_item_sk 
   and i_category in ('Shoes', 'Jewelry', 'Home')
   and cs_sold_date_sk = d_date_sk
 and d_date between cast('2002-06-30' as date) 
 				and (cast('2002-06-30' as date) + INTERVAL '30 days')
 group by i_item_id
         ,i_item_desc 
         ,i_category
         ,i_class
         ,i_current_price
 order by i_category
         ,i_class
         ,i_item_id
         ,i_item_desc
         ,revenueratio
limit 100;
psql:/tmp/s1-basline/throughput/query_4.sql:3833: NOTICE:  duration: 48.570 ms  plan:
Query Text: select  i_item_id
       ,i_item_desc 
       ,i_category 
       ,i_class 
       ,i_current_price
       ,sum(cs_ext_sales_price) as itemrevenue 
       ,sum(cs_ext_sales_price)*100/sum(sum(cs_ext_sales_price)) over
           (partition by i_class) as revenueratio
 from	catalog_sales
     ,item 
     ,date_dim
 where cs_item_sk = i_item_sk 
   and i_category in ('Shoes', 'Jewelry', 'Home')
   and cs_sold_date_sk = d_date_sk
 and d_date between cast('2002-06-30' as date) 
 				and (cast('2002-06-30' as date) + INTERVAL '30 days')
 group by i_item_id
         ,i_item_desc 
         ,i_category
         ,i_class
         ,i_current_price
 order by i_category
         ,i_class
         ,i_item_id
         ,i_item_desc
         ,revenueratio
limit 100;
Limit  (cost=2038.95..2039.20 rows=100 width=245) (actual time=48.477..48.488 rows=100 loops=1)
  ->  Sort  (cost=2038.95..2039.43 rows=193 width=245) (actual time=48.476..48.481 rows=100 loops=1)
        Sort Key: item.i_category, item.i_class, item.i_item_id, item.i_item_desc, ((((sum(catalog_sales.cs_ext_sales_price)) * '100'::double precision) / sum((sum(catalog_sales.cs_ext_sales_price))) OVER (?)))
        Sort Method: top-N heapsort  Memory: 87kB
        ->  WindowAgg  (cost=2027.28..2031.63 rows=193 width=245) (actual time=45.948..47.094 rows=2105 loops=1)
              ->  Sort  (cost=2027.28..2027.77 rows=193 width=237) (actual time=45.925..46.016 rows=2105 loops=1)
                    Sort Key: item.i_class
                    Sort Method: quicksort  Memory: 675kB
                    ->  GroupAggregate  (cost=2014.65..2019.96 rows=193 width=237) (actual time=42.573..44.621 rows=2105 loops=1)
                          Group Key: item.i_item_id, item.i_item_desc, item.i_category, item.i_class, item.i_current_price
                          ->  Sort  (cost=2014.65..2015.13 rows=193 width=237) (actual time=42.567..42.763 rows=4284 loops=1)
                                Sort Key: item.i_item_id, item.i_item_desc, item.i_category, item.i_class, item.i_current_price
                                Sort Method: quicksort  Memory: 1368kB
                                ->  Nested Loop  (cost=1.01..2007.32 rows=193 width=237) (actual time=0.050..30.593 rows=4284 loops=1)
                                      ->  Nested Loop  (cost=0.72..1807.23 rows=646 width=16) (actual time=0.015..5.806 rows=14452 loops=1)
                                            ->  Index Scan using i_d_date on date_dim  (cost=0.29..3.15 rows=33 width=8) (actual time=0.007..0.018 rows=31 loops=1)
                                                  Index Cond: ((d_date >= '2002-06-30'::date) AND (d_date <= '2002-07-30 00:00:00'::timestamp without time zone))
                                            ->  Index Scan using i_cs_sold_date_sk on catalog_sales  (cost=0.43..46.85 rows=782 width=24) (actual time=0.003..0.112 rows=466 loops=31)
                                                  Index Cond: (cs_sold_date_sk = date_dim.d_date_sk)
                                      ->  Index Scan using pk_item on item  (cost=0.29..0.31 rows=1 width=237) (actual time=0.002..0.002 rows=0 loops=14452)
                                            Index Cond: (i_item_sk = catalog_sales.cs_item_sk)
                                            Filter: (i_category = ANY ('{Shoes,Jewelry,Home}'::bpchar[]))
                                            Rows Removed by Filter: 1
    i_item_id     |                                                                                               i_item_desc                                                                                               |                     i_category                     |                      i_class                       | i_current_price |    itemrevenue     |     revenueratio     
------------------+---------------------------------------------------------------------------------------------------------------------------------------------------------------------------------------------------------+----------------------------------------------------+----------------------------------------------------+-----------------+--------------------+----------------------
 AAAAAAAAABDBAAAA | Late, hard times take ago human components. Usual years might not talk just. Shows feel long legitimate, other systems. Valuable companies can reassure no longer. Little aspects go                    | Home                                               | accent                                             |            2.83 |             2349.4 |   1.1000197164511194
 AAAAAAAAAKGAAAAA | Streets ride then other others. Already tired problems provi                                                                                                                                            | Home                                               | accent                                             |            4.12 |             7612.6 |   3.5643185891954503
 AAAAAAAABDCBAAAA | Classes let later in a settlements. Existing, warm thousands will not need particularly apparent subjects. Black years convert from an teachers; eventually delicious sets shall                        | Home                                               | accent                                             |            3.49 |  4401.549999999999 |     2.06086310672743
 AAAAAAAABMDDAAAA | References                                                                                                                                                                                              | Home                                               | accent                                             |            4.69 |             469.26 |  0.21971365120535127
 AAAAAAAACAIDAAAA | Perha                                                                                                                                                                                                   | Home                                               | accent                                             |            1.83 | 1931.0099999999998 |    0.904124062596525
 AAAAAAAACDLDAAAA | Low, given others would not say essen                                                                                                                                                                   | Home                                               | accent                                             |            8.59 |             164.16 |  0.07686185266562345
 AAAAAAAACFDDAAAA | Equations fail in case of a books. Institutional, s                                                                                                                                                     | Home                                               | accent                                             |            4.98 |            2785.33 |   1.3041278270293677
 AAAAAAAACHHBAAAA | Children like designs. Other figures maintain quickly so very alternatives.                                                                                                                             | Home                                               | accent                                             |            5.59 |           15951.31 |     7.46861134895033
 AAAAAAAADEHCAAAA | Else red subjects reveal hot, huge friends. Long markets want that then scottish examples. Today modern champi                                                                                          | Home                                               | accent                                             |            4.64 |            4600.44 |   2.1539859982763203
 AAAAAAAADNCEAAAA | Important police may blame daily, early functions. Unions stay actual tie                                                                                                                               | Home                                               | accent                                             |            0.29 |            1936.69 |   0.9067835126643902
 AAAAAAAADODCAAAA | Anywhere parliamentary exceptions include even slight, alone tables;                                                                                                                                    | Home                                               | accent                                             |            5.97 |             9307.1 |     4.35770558567388
 AAAAAAAADPMBAAAA | Firstly personal fact                                                                                                                                                                                   | Home                                               | accent                                             |            7.72 |             479.52 |  0.22451751699695274
 AAAAAAAAEFOCAAAA | Undoubtedly very mountains could fall low excellent forces. Almost old eyes reveal in order suddenly marine forces. Comparable funds could complete just                                                | Home                                               | accent                                             |            1.76 |            4835.08 |    2.263847506009397
 AAAAAAAAEONDAAAA | Certain workers may take there for the youngsters; perfectly african details replace germans. Cells doubt then bonds. Clearly educationa                                                                | Home                                               | accent                                             |            5.03 |            9414.25 |    4.407874612922427
 AAAAAAAAGBGEAAAA | Families ought to find only whole consequences. Parents arise in general old                                                                                                                            | Home                                               | accent                                             |            1.87 |            8200.18 |   3.8394312073074572
 AAAAAAAAGCKBAAAA | National vegetables will appear on a settings. Clear decisions laugh there local officers. Different glasses must mean also. Forces may fool for a countries. Blue, hone                                | Home                                               | accent                                             |            3.23 |           30154.47 |   14.118716071819948
 AAAAAAAAGHPAAAAA | More british ways know spanish hours. Fair usual minds visit to a symptoms. Also civil sources might represent then soviet sounds. Secret children sh                                                   | Home                                               | accent                                             |            3.98 |  7341.120000000001 |     3.43720811306446
 AAAAAAAAGJFCAAAA | Mean, modern parties give. Technical                                                                                                                                                                    | Home                                               | accent                                             |            1.52 |              12.36 |  0.00578711317584738
 AAAAAAAAGKFEAAAA | American, peculiar goods take happy, long shadows; simple, great gardens might indicate little, sure days. Other, jewish conditions take. Bel                                                           | Home                                               | accent                                             |           40.71 |            8891.02 |    4.162891503941956
 AAAAAAAAGKMDAAAA | Here junior programmes might hit formally. Civil, recent steps shall not release years. Famous affairs reflect of course new, other benefits. Simply academic types like probably once li               | Home                                               | accent                                             |            1.08 | 3462.0699999999997 |   1.6209863197982153
 AAAAAAAAGMNDAAAA | True, wide youngsters live for the priorities. Plans used to introduce neat, major studies. F                                                                                                           | Home                                               | accent                                             |            3.32 |             712.01 |   0.3333723666937778
 AAAAAAAAGPCCAAAA | Early issues say both at a stages. Immediate, roman women refuse actually hot, british problems. Working police will share much however effective children. Legal hundreds might not menti              | Home                                               | accent                                             |             9.8 | 7468.4400000000005 |    3.496820997332169
 AAAAAAAAGPMCAAAA | Deals perform prices. Months ask currently directions. Comparisons shall give positions; complicated, good network                                                                                      | Home                                               | accent                                             |            0.44 |              63.36 | 0.029665978221819583
 AAAAAAAAHABCAAAA | Feet express both now free words. Principle                                                                                                                                                             | Home                                               | accent                                             |            3.35 |            6386.25 |   2.9901255274478427
 AAAAAAAAHANCAAAA | Busy, lexical others begin past drugs. Parents try benefits. Useful meals                                                                                                                               | Home                                               | accent                                             |            4.86 | 3040.2200000000003 |   1.4234706488248157
 AAAAAAAAIDLAAAAA | Social, effect                                                                                                                                                                                          | Home                                               | accent                                             |            2.13 |             172.41 |  0.08072461024658956
 AAAAAAAAIJFDAAAA | Then foreign heads take hardly. Today bright hotels might take objects. Then expected affairs think. Invariably guilty minutes could not enable effect                                                  | Home                                               | accent                                             |           18.37 | 1075.9099999999999 |   0.5037550919923911
 AAAAAAAAIOHAAAAA | Years might stop. Authorities listen assistant, rare years. Good problems leave to the off                                                                                                              | Home                                               | accent                                             |            0.85 |  971.8799999999999 |    0.455046889429009
 AAAAAAAAJJEDAAAA | Supreme, whole shops used to think; major paren                                                                                                                                                         | Home                                               | accent                                             |             7.9 |               4624 |   2.1650170975014795
 AAAAAAAAKDDDAAAA | Too good books shall help on a weaknesses. Things can say well to a scientists. Low feelings trim following, technical errors. Years would not accept also columns. Immense, relevant stores burn       | Home                                               | accent                                             |            7.96 |           14401.84 |    6.743129289680084
 AAAAAAAAKHNBAAAA | As specific assessments can dismiss a                                                                                                                                                                   | Home                                               | accent                                             |            0.18 |            2032.99 |   0.9518724284276672
 AAAAAAAAKMNCAAAA | Policies delay royal, environmental habits; now narrow studies sell still overall refugees; quite labour authors recall with a teachers. Socialist, horrible agreements mean for a                      | Home                                               | accent                                             |            9.75 |            7477.08 |   3.5008663579987807
 AAAAAAAAKOMCAAAA | Happy students get. Pale, medieval implications shall not go. As administrative birds should determine here pieces. Certain rights administer for example. Largely guil                                 | Home                                               | accent                                             |            1.03 |            5259.78 |   2.4626975841471306
 AAAAAAAALFIBAAAA | Interesting terms learn events; beyond different terms a                                                                                                                                                | Home                                               | accent                                             |           88.32 |             664.82 |  0.31127739333065174
 AAAAAAAAMBIBAAAA | Namely good ele                                                                                                                                                                                         | Home                                               | accent                                             |            2.21 |             544.04 |   0.2547266223453082
 AAAAAAAAMJCCAAAA | Sensible forms could catch well nuclear policies. For example serious machines take t                                                                                                                   | Home                                               | accent                                             |            9.53 |             6291.5 |    2.945762341896747
 AAAAAAAAMPKBAAAA | Limit                                                                                                                                                                                                   | Home                                               | accent                                             |            4.64 |             4816.9 |    2.255335392940068
 AAAAAAAANHCAAAAA | Acute, lexical countrie                                                                                                                                                                                 | Home                                               | accent                                             |            0.78 | 1791.7199999999998 |   0.8389066682386138
 AAAAAAAANIBAAAAA | Theories establish also rich months. Capital, dark actions will release especially no longer massive circumstances. Popular, domestic examples ought to make. Also american seats allow yesterday count | Home                                               | accent                                             |            4.25 |           14480.98 |    6.780183669674951
 AAAAAAAANMIBAAAA | Policies quantify however severe, mental games                                                                                                                                                          | Home                                               | accent                                             |             2.1 |            2286.92 |   1.0707657657046028
 AAAAAAAAOJCEAAAA | Normal attitudes could connect young measurements. Small shadows develop over great, sexual things. Always important types would try. Well independent years could know before severe prisoners         | Home                                               | accent                                             |            3.33 |            2942.18 |    1.377567042371735
 AAAAAAAAONGCAAAA | Clean, important directors should see rightly large glasses. Clouds need for example permanent                                                                                                          | Home                                               | accent                                             |            3.44 |            1773.84 |   0.8305350190813202
 AAAAAAAAAECEAAAA | Parental, international recommendations will rest new features. Social, easy strengths live naturally potential, digital scores. Obse                                                                   | Home                                               | bathroom                                           |            8.32 |             106.92 |  0.05965537804503547
 AAAAAAAAAKHDAAAA | Really top lines see; final, big arts hide b                                                                                                                                                            | Home                                               | bathroom                                           |            8.84 |            2601.52 |   1.4515026102854534
 AAAAAAAAAMDBAAAA | Old, lucky controls could assign also complete, hot members. Mental birds must freeze in a matters. Changes lie french, common services. Likely, poor computers should                                  | Home                                               | bathroom                                           |            7.89 |           10758.46 |    6.002618766202696
 AAAAAAAAAMNAAAAA | Essential attacks must not wa                                                                                                                                                                           | Home                                               | bathroom                                           |            5.03 |              90.75 |  0.05063342272340973
 AAAAAAAAANICAAAA | Rightly general schemes would give often various resources. Animals could launch so english areas. Ordinary, great nights would ensure only conditions                                                  | Home                                               | bathroom                                           |            2.12 |           13128.57 |    7.325007543403585
 AAAAAAAABCHAAAAA | Various lands must not know however able subjects. Daily, commercial examinations say yet. Foods should not need then more shared members; rivals might specify                                         | Home                                               | bathroom                                           |            0.81 |            2775.68 |    1.548674146390236
 AAAAAAAABHCDAAAA | Good unions enable at a blocks. Years say particularly popular proportions. Remarkable, cold accidents feel lectures. Sometimes final troops must not work social advantages. Primarily ea              | Home                                               | bathroom                                           |            1.33 |            2251.56 |    1.256244509830528
 AAAAAAAABMPDAAAA | Traditional, fatal police may not stir recently particular programmes. Actually full                                                                                                                    | Home                                               | bathroom                                           |            4.89 |            8086.65 |    4.511898268498747
 AAAAAAAACIHCAAAA | Good claims begin over on a pressures. Vice versa evolutionary pounds talk responsible matches. B                                                                                                       | Home                                               | bathroom                                           |            7.55 |            4328.68 |   2.4151612592216996
 AAAAAAAACKOAAAAA | Systems shall not take significantly crucial, political discussions. As established names breathe tories. Over new approaches run then miles                                                            | Home                                               | bathroom                                           |            4.52 | 10735.210000000001 |    5.989646566992566
 AAAAAAAAEAOBAAAA | Special hands might provide nearly. Over british times must not cure also thin parties. Be                                                                                                              | Home                                               | bathroom                                           |            6.06 | 15541.640000000001 |    8.671365597080483
 AAAAAAAAEDNCAAAA | Spots might not take long hours. S                                                                                                                                                                      | Home                                               | bathroom                                           |            2.06 |            5316.57 |   2.9663486087999833
 AAAAAAAAGMKDAAAA | Able banks shall press in a names. Normal, military negotiations used to offer twice structures. Complete, inner rewards should say now with a police. About past members                               | Home                                               | bathroom                                           |           31.91 |           13779.04 |    7.687933410939633
 AAAAAAAAGPHBAAAA | Far welsh novels ought to observe so out of a women. Individual elements come never germa                                                                                                               | Home                                               | bathroom                                           |            6.98 |            1623.18 |   0.9056436264042337
 AAAAAAAAHAJAAAAA | Individual teeth may issue always tenan                                                                                                                                                                 | Home                                               | bathroom                                           |            5.28 |             685.98 |   0.3827384608242932
 AAAAAAAAHCNDAAAA | Strange, other bodies may say further adult servants. Forms will                                                                                                                                        | Home                                               | bathroom                                           |            2.43 |            5253.39 |   2.9310977035915533
 AAAAAAAAHCOCAAAA | Light, current needs will not arise as british claims. Less than cultural terms eat already presidential, independent ins                                                                               | Home                                               | bathroom                                           |            7.04 |            4907.18 |     2.73793189333181
 AAAAAAAAIBNDAAAA | Currently able towns earn legal, social organisers. Popular, other children will make across a elements. Serious pairs might take behind the stars. Small decisions a                                   | Home                                               | bathroom                                           |            8.49 |             1024.2 |    0.571446298108168
 AAAAAAAAICEDAAAA | Open problems would like therefore h                                                                                                                                                                    | Home                                               | bathroom                                           |             4.7 |            8159.23 |    4.552393847796434
 AAAAAAAAIIJAAAAA | Vocational, principal exhibitions will not respond right unemployed pairs. Always beautiful sides form. Clearly male recommendations shall n                                                            | Home                                               | bathroom                                           |            0.44 |  9765.989999999998 |    5.448876032866028
 AAAAAAAAJENCAAAA | Local, good wines can come a little young jobs. Now bright values could go un                                                                                                                           | Home                                               | bathroom                                           |             4.5 |            7246.16 |    4.042951872192426
 AAAAAAAAKDLCAAAA | Meetings wish black levels. Yet great parts believe national, victorian needs. Major thousands will not hurt fairly inner reforms. Firms used to believe. Short-term, warm findings must provide;       | Home                                               | bathroom                                           |            1.83 |            2762.05 |   1.5410693689608137
 AAAAAAAAKGNCAAAA | Sorry, previous reasons seek there in a relatives. Rates see usually at the prizes. Never suitable concentrations hold in p                                                                             | Home                                               | bathroom                                           |            4.47 | 14379.119999999999 |    8.022744477692951
 AAAAAAAAKHPCAAAA | Places like actually places; considerable id                                                                                                                                                            | Home                                               | bathroom                                           |            3.25 |            2046.04 |   1.1415758482535014
 AAAAAAAAKJGBAAAA | Great, eager systems would understand rather private policies. Users look just alternatel                                                                                                               | Home                                               | bathroom                                           |           43.45 |             799.75 |   0.4462157556258615
 AAAAAAAALADCAAAA | Expressions get really dead rates. Weapons surrender still more correct goods. More able courses relax far previous, empty sides. Complete weeks may not make well successful, english mod              | Home                                               | bathroom                                           |            8.26 |              879.9 |   0.4909349713975562
 AAAAAAAAMAEDAAAA | International systems go fruits. Quite electronic readers used to dance behind late safe details. Social, labour matters ought to lack then occasionally hard trends. Issues know. Eastern organi       | Home                                               | bathroom                                           |            3.43 |             5201.8 |   2.9023133699463664
 AAAAAAAAMCCDAAAA | Possible, social bedrooms lose intentionally between the others. Doors may talk thus. Unusual, rapid ways would require recently women. Traditional relations calculate fortunately electri             | Home                                               | bathroom                                           |            8.04 |             309.12 |  0.17247166536926078
 AAAAAAAAMDFAAAAA | Standards will let approximately on a pupils. Better happy leaders cannot carry today governors; respects know for exa                                                                                  | Home                                               | bathroom                                           |            6.28 |               7464 |    4.164494404490691
 AAAAAAAAMOIAAAAA | Financial, additional hills ought to discuss perhaps certain particles; companies should seem just today operational numbers; possible, certain purposes                                                | Home                                               | bathroom                                           |             2.3 | 3382.2200000000003 |    1.887089531719789
 AAAAAAAANGJDAAAA | Endless, roman houses characterize total subjects. Institutional humans co                                                                                                                              | Home                                               | bathroom                                           |            6.93 |            4668.63 |   2.6048343397156186
 AAAAAAAAOEICAAAA | Of course social statement                                                                                                                                                                              | Home                                               | bathroom                                           |            0.11 |            6693.09 |    3.734369755325911
 AAAAAAAAPBGDAAAA | Prime, shallow roads ought to smile decisively small notions. Actual, absent forests shall not marry just just main crops. Russian hands must                                                           | Home                                               | bathroom                                           |            1.81 |            2477.16 |   1.3821166879726905
 AAAAAAAAACPDAAAA | Cities must set for example appointments. As video-taped papers set financial, spiritual demands; more central grounds may capture often ways. Gifts shall see just into the accid                      | Home                                               | bedding                                            |            1.58 | 4302.1900000000005 |   1.7868656637069633
 AAAAAAAAAFCAAAAA | Local, aware weeks become home                                                                                                                                                                          | Home                                               | bedding                                            |            4.82 | 1612.6799999999998 |   0.6698082879991225
 AAAAAAAAAFGAAAAA | Firms will not get here books. Hig                                                                                                                                                                      | Home                                               | bedding                                            |            9.15 | 11180.259999999998 |    4.643593775569282
 AAAAAAAAAIFAAAAA | Here new developments compensate about criminal relations. Naval, vulnerable prisons used to pay finely level, leading taxes. Great rights could                                                        | Home                                               | bedding                                            |           90.85 |  9671.150000000001 |    4.016802108591112
 AAAAAAAAAMHBAAAA | Fat, sensible police make black suppliers. British, dangerous authorities make smoothly c                                                                                                               | Home                                               | bedding                                            |            3.31 |            4728.78 |   1.9640449662205093
 AAAAAAAACABCAAAA | Indeed double guidelines may disappear groups. Partly pleasant years launch rewards. Also light                                                                                                         | Home                                               | bedding                                            |            2.01 |           12578.33 |    5.224266242024458
 AAAAAAAACAECAAAA | Changes care also. Lucky, national systems used to taste. Jointly physical persons look just. Peculiar, slow firms give beyond questions.                                                               | Home                                               | bedding                                            |             7.5 |                220 |  0.09137449671342546
 AAAAAAAACCGEAAAA | Miles get quickly fathers. Other boys                                                                                                                                                                   | Home                                               | bedding                                            |            8.24 |            3287.92 |    1.365600160154572
 AAAAAAAACKBAAAAA | Also monetary rules go nea                                                                                                                                                                              | Home                                               | bedding                                            |            1.11 |            1745.92 |   0.7251480059177444
 AAAAAAAACOCEAAAA | Currently large layers relax again labour pieces. Original, other minutes should live green, global aspects. Ideas will not hide however powerful, scientific americans. Upper cars make finally        | Home                                               | bedding                                            |            7.23 |            3909.72 |   1.6238577149564262
 AAAAAAAADANAAAAA | Average factors must know usual, literary methods. Rapid, severe effects used to state possibly skills. Religious players seem prices; hours de                                                         | Home                                               | bedding                                            |            3.99 |              463.2 |  0.19238484944390305
 AAAAAAAADKPAAAAA | Small resources go days. Full duties used to act just comparative experiences. Also running weeks should dominate fast readers.                                                                         | Home                                               | bedding                                            |            6.77 |  8032.630000000001 |   3.3362614706143767
 AAAAAAAAFAOAAAAA | Li                                                                                                                                                                                                      | Home                                               | bedding                                            |            0.45 |             1166.6 |  0.48453403575400966
 AAAAAAAAFLJAAAAA | Junior statements will understand grim, inherent glasses. Initial matters work medical, british men. Now available facts shall give significantly by the nations. Notes mu                              | Home                                               | bedding                                            |            7.67 |                546 |    0.226774887297865
 AAAAAAAAFMEEAAAA | Old, useful children should deal instead most good wives. Numbers find regularly in a rights. Effective days should attend gen                                                                          | Home                                               | bedding                                            |            1.59 |  7513.040000000001 |   3.1204556763083366
 AAAAAAAAGABBAAAA | Severe films should appear more true police. So limited managers must come r                                                                                                                            | Home                                               | bedding                                            |            0.68 | 5350.9400000000005 |   2.2224520429260766
 AAAAAAAAGDCDAAAA | Banks might suggest so services. Relations feel to the boxes. So local periods cannot operate posts. Long                                                                                               | Home                                               | bedding                                            |            3.73 |             1688.1 |   0.7011331268269705
 AAAAAAAAGEBAAAAA | Round, local aspects would receive ver                                                                                                                                                                  | Home                                               | bedding                                            |            1.29 |             2993.9 |   1.2434822986832932
 AAAAAAAAGHMDAAAA | Current officers draw high defence                                                                                                                                                                      | Home                                               | bedding                                            |            3.68 |           21421.09 |    8.897005990013595
 AAAAAAAAHADAAAAA | Specific years name. Certain, teenage communities may integrate also. Women may construct. Scientific governments o                                                                                     | Home                                               | bedding                                            |            2.03 |            8815.77 |    3.661529758596885
 AAAAAAAAHLHAAAAA | Travellers must tell at the police; public, able months make difficult operations. Small views offer ever more legal groups. A                                                                          | Home                                               | bedding                                            |            4.05 |           18313.07 |     7.60612524785332
 AAAAAAAAINJCAAAA | Other employers could buy here with a courses. Educational women may offer in a careers. Colleagues write easily to a shares. Young supplies buy little points. Small manufacturers could return of     | Home                                               | bedding                                            |            0.77 |            3597.88 |   1.4943385192513599
 AAAAAAAAJBADAAAA | Whole countries change so                                                                                                                                                                               | Home                                               | bedding                                            |            3.52 |            6194.76 |    2.572923078456634
 AAAAAAAAJDHAAAAA | Alone, heavy records say only foreigners; new org                                                                                                                                                       | Home                                               | bedding                                            |            0.97 |            7646.56 |   3.1759116890409573
 AAAAAAAAJGJBAAAA | Today successful wars become much in a deaths; liberal, organic feet ought to exert only other points. Holy, able men will pretend highly at first addi                                                 | Home                                               | bedding                                            |            0.78 |            3187.26 |   1.3237921745219656
(100 rows)

UPDATE time_statistics SET e_time = TRANSACTION_TIMESTAMP() WHERE template = '../query_postgresql/query20.tpl' AND stream = 4;
psql:/tmp/s1-basline/throughput/query_4.sql:3835: NOTICE:  duration: 0.046 ms  plan:
Query Text: UPDATE time_statistics SET e_time = TRANSACTION_TIMESTAMP() WHERE template = '../query_postgresql/query20.tpl' AND stream = 4;
Update on time_statistics  (cost=0.00..7.29 rows=0 width=0) (actual time=0.045..0.046 rows=0 loops=1)
  ->  Seq Scan on time_statistics  (cost=0.00..7.29 rows=1 width=14) (actual time=0.016..0.034 rows=1 loops=1)
        Filter: ((template = '../query_postgresql/query20.tpl'::text) AND (stream = 4))
        Rows Removed by Filter: 256
UPDATE 1
LOAD 'auto_explain'; SET auto_explain.log_min_duration TO 0; SET auto_explain.log_analyze TO on; SET auto_explain.log_level TO notice; INSERT INTO time_statistics (template, s_time, stream, query, seed) VALUES ('query65.tpl', TRANSACTION_TIMESTAMP(), 4, 78, 580311154);
LOAD
SET
SET
SET
psql:/tmp/s1-basline/throughput/query_4.sql:3836: NOTICE:  duration: 0.010 ms  plan:
Query Text: INSERT INTO time_statistics (template, s_time, stream, query, seed) VALUES ('query65.tpl', TRANSACTION_TIMESTAMP(), 4, 78, 580311154);
Insert on time_statistics  (cost=0.00..0.01 rows=0 width=0) (actual time=0.009..0.009 rows=0 loops=1)
  ->  Result  (cost=0.00..0.01 rows=1 width=64) (actual time=0.002..0.002 rows=1 loops=1)
INSERT 0 1
select 
	s_store_name,
	i_item_desc,
	sc.revenue,
	i_current_price,
	i_wholesale_cost,
	i_brand
 from store, item,
     (select ss_store_sk, avg(revenue) as ave
 	from
 	    (select  ss_store_sk, ss_item_sk, 
 		     sum(ss_sales_price) as revenue
 		from store_sales, date_dim
 		where ss_sold_date_sk = d_date_sk and d_month_seq between 1214 and 1214+11
 		group by ss_store_sk, ss_item_sk) sa
 	group by ss_store_sk) sb,
     (select  ss_store_sk, ss_item_sk, sum(ss_sales_price) as revenue
 	from store_sales, date_dim
 	where ss_sold_date_sk = d_date_sk and d_month_seq between 1214 and 1214+11
 	group by ss_store_sk, ss_item_sk) sc
 where sb.ss_store_sk = sc.ss_store_sk and 
       sc.revenue <= 0.1 * sb.ave and
       s_store_sk = sc.ss_store_sk and
       i_item_sk = sc.ss_item_sk
 order by s_store_name, i_item_desc
limit 100;
psql:/tmp/s1-basline/throughput/query_4.sql:3862: NOTICE:  duration: 1077.204 ms  plan:
Query Text: select 
	s_store_name,
	i_item_desc,
	sc.revenue,
	i_current_price,
	i_wholesale_cost,
	i_brand
 from store, item,
     (select ss_store_sk, avg(revenue) as ave
 	from
 	    (select  ss_store_sk, ss_item_sk, 
 		     sum(ss_sales_price) as revenue
 		from store_sales, date_dim
 		where ss_sold_date_sk = d_date_sk and d_month_seq between 1214 and 1214+11
 		group by ss_store_sk, ss_item_sk) sa
 	group by ss_store_sk) sb,
     (select  ss_store_sk, ss_item_sk, sum(ss_sales_price) as revenue
 	from store_sales, date_dim
 	where ss_sold_date_sk = d_date_sk and d_month_seq between 1214 and 1214+11
 	group by ss_store_sk, ss_item_sk) sc
 where sb.ss_store_sk = sc.ss_store_sk and 
       sc.revenue <= 0.1 * sb.ave and
       s_store_sk = sc.ss_store_sk and
       i_item_sk = sc.ss_item_sk
 order by s_store_name, i_item_desc
limit 100;
Limit  (cost=187971.11..187971.36 rows=100 width=182) (actual time=1000.909..1077.119 rows=100 loops=1)
  ->  Sort  (cost=187971.11..187971.77 rows=266 width=182) (actual time=1000.909..1077.112 rows=100 loops=1)
        Sort Key: store.s_store_name, item.i_item_desc
        Sort Method: top-N heapsort  Memory: 77kB
        ->  Nested Loop  (cost=184245.44..187960.94 rows=266 width=182) (actual time=801.507..1074.834 rows=4469 loops=1)
              ->  Merge Join  (cost=184245.15..187851.20 rows=266 width=21) (actual time=801.486..1066.778 rows=4469 loops=1)
                    Merge Cond: (store_sales.ss_store_sk = store_sales_1.ss_store_sk)
                    Join Filter: ((sum(store_sales.ss_sales_price)) <= ('0.1'::double precision * (avg((sum(store_sales_1.ss_sales_price))))))
                    Rows Removed by Join Filter: 60940
                    ->  Finalize GroupAggregate  (cost=92121.91..93731.15 rows=13324 width=24) (actual time=384.089..560.647 rows=65410 loops=1)
                          Group Key: store_sales.ss_store_sk, store_sales.ss_item_sk
                          ->  Gather Merge  (cost=92121.91..93514.63 rows=11104 width=24) (actual time=384.083..535.390 rows=170847 loops=1)
                                Workers Planned: 2
                                Workers Launched: 2
                                ->  Partial GroupAggregate  (cost=91121.89..91232.93 rows=5552 width=24) (actual time=357.645..407.419 rows=57957 loops=3)
                                      Group Key: store_sales.ss_store_sk, store_sales.ss_item_sk
                                      ->  Sort  (cost=91121.89..91135.77 rows=5552 width=24) (actual time=357.635..373.707 rows=180722 loops=3)
                                            Sort Key: store_sales.ss_store_sk, store_sales.ss_item_sk
                                            Sort Method: external merge  Disk: 6344kB
                                            Worker 0:  Sort Method: quicksort  Memory: 15648kB
                                            Worker 1:  Sort Method: quicksort  Memory: 15619kB
                                            ->  Hash Join  (cost=2505.16..90776.58 rows=5552 width=24) (actual time=12.931..259.097 rows=183760 loops=3)
                                                  Hash Cond: (store_sales.ss_sold_date_sk = date_dim.d_date_sk)
                                                  ->  Parallel Seq Scan on store_sales  (cost=0.00..85123.48 rows=1199148 width=32) (actual time=0.014..123.191 rows=959309 loops=3)
                                                  ->  Hash  (cost=2500.73..2500.73 rows=354 width=8) (actual time=12.877..12.878 rows=365 loops=3)
                                                        Buckets: 1024  Batches: 1  Memory Usage: 23kB
                                                        ->  Seq Scan on date_dim  (cost=0.00..2500.73 rows=354 width=8) (actual time=6.191..12.830 rows=365 loops=3)
                                                              Filter: ((d_month_seq >= 1214) AND (d_month_seq <= 1225))
                                                              Rows Removed by Filter: 72684
                    ->  Materialize  (cost=92123.24..93937.55 rows=12 width=29) (actual time=400.015..494.458 rows=54604 loops=1)
                          ->  Merge Join  (cost=92123.24..93937.52 rows=12 width=29) (actual time=400.011..492.059 rows=6 loops=1)
                                Merge Cond: (store.s_store_sk = store_sales_1.ss_store_sk)
                                ->  Sort  (cost=1.34..1.37 rows=12 width=13) (actual time=0.020..0.022 rows=11 loops=1)
                                      Sort Key: store.s_store_sk
                                      Sort Method: quicksort  Memory: 25kB
                                      ->  Seq Scan on store  (cost=0.00..1.12 rows=12 width=13) (actual time=0.009..0.011 rows=12 loops=1)
                                ->  GroupAggregate  (cost=92121.91..93933.51 rows=200 width=16) (actual time=399.988..492.029 rows=7 loops=1)
                                      Group Key: store_sales_1.ss_store_sk
                                      ->  Finalize GroupAggregate  (cost=92121.91..93731.15 rows=13324 width=24) (actual time=382.395..485.667 rows=72533 loops=1)
                                            Group Key: store_sales_1.ss_store_sk, store_sales_1.ss_item_sk
                                            ->  Gather Merge  (cost=92121.91..93514.63 rows=11104 width=24) (actual time=382.388..458.879 rows=180912 loops=1)
                                                  Workers Planned: 2
                                                  Workers Launched: 2
                                                  ->  Partial GroupAggregate  (cost=91121.89..91232.93 rows=5552 width=24) (actual time=357.636..404.686 rows=60304 loops=3)
                                                        Group Key: store_sales_1.ss_store_sk, store_sales_1.ss_item_sk
                                                        ->  Sort  (cost=91121.89..91135.77 rows=5552 width=24) (actual time=357.627..370.884 rows=183760 loops=3)
                                                              Sort Key: store_sales_1.ss_store_sk, store_sales_1.ss_item_sk
                                                              Sort Method: external merge  Disk: 6320kB
                                                              Worker 0:  Sort Method: quicksort  Memory: 15686kB
                                                              Worker 1:  Sort Method: quicksort  Memory: 15631kB
                                                              ->  Hash Join  (cost=2505.16..90776.58 rows=5552 width=24) (actual time=12.993..258.281 rows=183760 loops=3)
                                                                    Hash Cond: (store_sales_1.ss_sold_date_sk = date_dim_1.d_date_sk)
                                                                    ->  Parallel Seq Scan on store_sales store_sales_1  (cost=0.00..85123.48 rows=1199148 width=32) (actual time=0.014..122.510 rows=959309 loops=3)
                                                                    ->  Hash  (cost=2500.73..2500.73 rows=354 width=8) (actual time=12.939..12.940 rows=365 loops=3)
                                                                          Buckets: 1024  Batches: 1  Memory Usage: 23kB
                                                                          ->  Seq Scan on date_dim date_dim_1  (cost=0.00..2500.73 rows=354 width=8) (actual time=6.287..12.893 rows=365 loops=3)
                                                                                Filter: ((d_month_seq >= 1214) AND (d_month_seq <= 1225))
                                                                                Rows Removed by Filter: 72684
              ->  Index Scan using pk_item on item  (cost=0.29..0.41 rows=1 width=177) (actual time=0.001..0.001 rows=1 loops=4469)
                    Index Cond: (i_item_sk = store_sales.ss_item_sk)
 s_store_name |                                                                                               i_item_desc                                                                                                |      revenue       | i_current_price | i_wholesale_cost |                      i_brand                       
--------------+----------------------------------------------------------------------------------------------------------------------------------------------------------------------------------------------------------+--------------------+-----------------+------------------+----------------------------------------------------
 able         | A                                                                                                                                                                                                        |               0.25 |            1.41 |             1.07 | edu packamalg #1                                  
 able         | Able articles account too unacceptable objectives. Regular views send                                                                                                                                    |                5.9 |            5.51 |             3.19 | namelessunivamalg #5                              
 able         | Able, certai                                                                                                                                                                                             |               24.3 |            0.13 |            48.26 | corpbrand #1                                      
 able         | Able, civil combinations say. Current times might sell too considerable thoughts. Policemen will seem relative cars. Other, beneficial ingredients may not hit s                                         |               9.06 |            2.68 |             0.99 | importoscholar #1                                 
 able         | Able classes enjoy bright problems. Combinations form so by a campaigns. Actually important types c                                                                                                      |               7.86 |            7.09 |             3.33 | edu packunivamalg #7                              
 able         | Able colours get always roman, successi                                                                                                                                                                  |              29.91 |            0.09 |             0.05 | scholarmaxi #7                                    
 able         | Able, whole ranks will not involve. Rats ensure. Then di                                                                                                                                                 |               5.83 |            8.57 |             2.99 | exportimaxi #7                                    
 able         | About major                                                                                                                                                                                              |                5.2 |            4.74 |              1.7 | corpmaxi #5                                       
 able         | About national feet would not suggest either in a houses. Fresh markets turn children. Schemes will end across tory, liable families. Also central refe                                                  |               8.98 |            0.91 |             0.28 | edu packimporto #1                                
 able         | Absently only groups find of course about a heels. Far levels call children. Professional, elegant negotiations preserve officially letters. Small criteria repeat in a paymen                           |               2.39 |            6.52 |             5.21 | scholarnameless #7                                
 able         | Accidentally wet communities might not collect partly sect                                                                                                                                               |               8.75 |            6.23 |             2.24 | exportiamalg #1                                   
 able         | Accordingly leading sons can put. Always painful solicitors leave. Prime articles take here. English, difficult pro                                                                                      |               2.23 |            0.91 |             0.77 | importoimporto #1                                 
 able         | Accurate charts shall continue in a standards; public, early foreigners could happen existing meanings. Complete students may follow more. Social                                                        |              23.74 |            3.79 |             0.18 | namelesscorp #3                                   
 able         | Addresses aid in a                                                                                                                                                                                       |               9.34 |            2.11 |            39.25 | amalgamalg #1                                     
 able         | Adults can report qualifi                                                                                                                                                                                | 23.799999999999997 |             2.8 |             0.92 | importoedu pack #1                                
 able         | Advanced managers can sit serious needs. Ro                                                                                                                                                              |               1.81 |            0.19 |             0.07 | amalgexporti #1                                   
 able         | Affairs recognise tories. Top reductions care selec                                                                                                                                                      |               5.75 |            0.77 |             0.69 | scholarbrand #1                                   
 able         | Afraid, religious documen                                                                                                                                                                                |               6.43 |            1.48 |             0.81 | importoscholar #1                                 
 able         | African, full areas could set principles. Left, flat photographs might give friends. Monetary demonstrations might not derive separately. Participants                                                   |               5.44 |            0.89 |             0.27 | amalgexporti #1                                   
 able         | African instructions may not ask outstanding,                                                                                                                                                            |               2.03 |            7.84 |             4.07 | edu packmaxi #7                                   
 able         | Again annual facts count capital children. Nervous weeks might boil more at a lines.                                                                                                                     |               4.07 |           29.23 |             4.69 | corpmaxi #5                                       
 able         | Again broken grounds build in order. Only alone industries come slowly. Equally hot rates visit more national moments. Able, straightforward children go indu                                            |               9.54 |            6.04 |             4.95 | brandnameless #3                                  
 able         | Again other values support at least; later english cattle go total exceptions. Clients stabilize again democratic eyes. Really fundamental subjects sit young standards. Existing days rank new, b       |              15.84 |           95.97 |             1.12 | scholarunivamalg #1                               
 able         | Again specific attitudes help. Over necessary sides want inevitably scientific, appropriate bars. Parliamentary, expected comm                                                                           |              11.71 |           69.58 |            61.92 | exportiimporto #1                                 
 able         | Agencies scare in the boundaries. Packages would not perform immediately natural members; able, personal parties cr                                                                                      |              21.32 |            4.68 |             3.27 | univmaxi #5                                       
 able         | Alike new hospitals cease now for                                                                                                                                                                        | 28.259999999999998 |            9.96 |             4.18 | corpbrand #7                                      
 able         | A little emotional sc                                                                                                                                                                                    |               6.72 |            1.43 |             2.46 | amalgamalg #1                                     
 able         | All good cattle understand only basic, chronic posts; partially alone cars die nations. Is                                                                                                               | 18.900000000000002 |            5.53 |              3.8 | scholarnameless #9                                
 able         | All right unlike terms will get only scientis                                                                                                                                                            |              17.03 |            1.41 |             0.69 | corpcorp #5                                       
 able         | Almost                                                                                                                                                                                                   |              12.35 |            2.68 |             0.99 | importoimporto #1                                 
 able         | Almost radical products might not give subjective areas. New columns may not reduce completely front rooms. Willing things hold good, right thoughts. Working citizens can guess partly on               |              11.35 |            6.13 |             2.33 | edu packexporti #1                                
 able         | Alone, alo                                                                                                                                                                                               |              12.78 |             2.9 |            16.54 | exportischolar #1                                 
 able         | Already central institutions capture else modern teeth. Awful, able flowers drop yesterday there mature walls. Feet say too. Equations can establish as contracts. I                                     |              13.41 |            4.05 |             3.99 | exportiamalg #1                                   
 able         | Also human technologies support wild, supreme courts. Yesterday foreign changes should not win special, typical facilities. Labour, main stations might not come more. Meanwhile on                      |               8.02 |             4.2 |             2.73 | importoscholar #1                                 
 able         | Also open birds might appear rapidly new widespread companies. Empty experts understand partly. Rich, little defendants help men; v                                                                      |              24.84 |            2.98 |              5.8 | exportimaxi #5                                    
 able         | Also political insects shall not look bad, other exercises. Particular, new committees will not kill then. Frantically national times return in a authorities. Small, conservati                         |               7.44 |            0.48 |             0.17 | exportiexporti #1                                 
 able         | Also spatial banks can send so accordingly new computers. Complete areas could                                                                                                                           |              28.72 |            6.82 |             7.08 | importoexporti #1                                 
 able         | Also technical sides should not meet also already female visitors. Products enable little increasing men. Slight, star children ought to seem nevertheless key miles. Events rouse interest              |               8.49 |            2.57 |             0.42 | corpbrand #7                                      
 able         | Also wrong premises should not hold even from time to time re                                                                                                                                            |              21.55 |            7.69 |             0.85 | amalgamalg #1                                     
 able         | Ancient fruits will not resign past,                                                                                                                                                                     |               16.5 |            4.01 |             0.79 | edu packamalg #1                                  
 able         | And so on good witnesses indulge just.                                                                                                                                                                   |               3.83 |            1.38 |             0.56 | importoexporti #1                                 
 able         | Anonymous, irish years used to support generally part                                                                                                                                                    |                2.5 |            0.67 |                1 | edu packunivamalg #13                             
 able         | Appropriate, normal communities used to get twice close, international cards. Shared times must co-ordinate far good firm                                                                                |              25.25 |           61.18 |            26.91 | amalgamalg #1                                     
 able         | Appropriate teachers mean for example easier female things. Dangerous diseases might name unf                                                                                                            |              23.68 |            9.67 |             1.15 | edu packunivamalg #11                             
 able         | Arms must study in a subjects.                                                                                                                                                                           |               2.19 |            4.62 |             3.78 | importoexporti #1                                 
 able         | Artificial letters may not benefit right from a schools. Suspiciously big improvements must not know much steep, typical schools; minutes separate less t                                                |              28.34 |            9.42 |             2.44 | exportiedu pack #1                                
 able         | As able yards should illustrate grateful windows. Later educational things foresee economic, royal authorities. Much local clergy shall see children. Corpora                                            |              18.12 |             0.1 |             0.07 | exportiamalgamalg #17                             
 able         | As chemical things save often red jobs. Necessary representatives accept. Skills shall watch for example; social, single members would intervene eventually as important tr                              |              29.51 |            8.44 |             6.58 | univamalgamalg #3                                 
 able         | As financial eyes might offer lively rights. Historic, substantial implications used to take little according to a officials. Effective, twin men should not extend anyway areas. Ar                     |              21.61 |             7.8 |             0.82 | maxinameless #10                                  
 able         | As increased police will not promise again new upper instances. Somewhat complete services might say particu                                                                                             |              16.63 |            4.87 |             2.67 | exportiamalg #1                                   
 able         | As little h                                                                                                                                                                                              |              10.09 |            1.67 |             6.69 | amalgimporto #1                                   
 able         | As medical stairs heat now; suddenly cautious texts tell materials. Legally social teeth forget as late incentives; about absolute terms seek                                                            |              27.72 |           11.74 |             3.27 | importoexporti #1                                 
 able         | As national bones get never again chinese functions. Now royal languages could come small, alone things. Public, little reasons use only loose fans. Far determined styles may appear well               |              20.58 |           88.27 |             0.89 | importoscholar #1                                 
 able         | Assets can start a bit open, orthodox lives. Very mutual actors get more young, working customers; interior games argue current, careful chips. Functions may follow reactions. Ex                       |               8.58 |            3.61 |             1.26 | univnameless #9                                   
 able         | As vertical photographs cannot cover very to a lists. Following studies find in the classes. Away current constraints alleviate in a men. He                                                             |               18.9 |            8.12 |             3.89 | importoamalgamalg #1                              
 able         | As well solid hours must go here different excellent elements. Other, serious heads must suggest within a details. Opportun                                                                              |               5.52 |           70.84 |            38.96 | edu packedu pack #1                               
 able         | At first great humans keep; initially real ministers prevent                                                                                                                                             |              20.61 |            3.85 |             0.44 | amalgscholar #1                                   
 able         | Atlantic subjects help visually equations; industrial guests shall quote here complicated, political documents. Als                                                                                      |              23.43 |            1.06 |             0.32 | edu packmaxi #7                                   
 able         | Attitudes take preferences. Patiently amazing buses see efficiently late children. Therefore relative windows will release certainly basically doubtful manufacturers. New, central proteins wil         |               9.69 |            3.83 |             8.25 | importoscholar #1                                 
 able         | Automatic, immediate countries will find quietly o                                                                                                                                                       |              27.24 |            0.11 |             0.04 | importoedu pack #1                                
 able         | Awards might see of course; useful, new sections arrive at least famous, human ships. Slow costly s                                                                                                      |              11.75 |            1.43 |             0.47 | importoamalg #1                                   
 able         | Back, involved winners would not seek suddenly considerable, proper years. Comparative influences smell and so on taxes. About lesser s                                                                  |              16.37 |            2.98 |             1.31 | importoamalg #1                                   
 able         | Bad, likely trees must not trouble activities; readily central things stay in the patients; films want places. Supporters confirm practically powerful, correct leaves. Human councils should object u   |               8.76 |             0.5 |             0.43 | univbrand #1                                      
 able         | Badly simple transactions reduce of course in excess of the leaders. Then african facilities build already on a others;                                                                                  |                3.5 |            1.08 |             0.85 | exportiamalg #1                                   
 able         | Banks should give extremely skilled charts. Helpful, actual tonnes may                                                                                                                                   |              21.59 |            7.26 |             2.54 | edu packbrand #3                                  
 able         | Bas                                                                                                                                                                                                      |              26.35 |            3.62 |              1.3 | edu packimporto #2                                
 able         | Basic hou                                                                                                                                                                                                |              22.67 |            2.58 |             1.78 | maxiunivamalg #9                                  
 able         | Benefits like naturally especially able standards. Re                                                                                                                                                    |               8.96 |            7.38 |             2.95 | 
 able         | Benefits shall not assume only states. Teeth could die. Possible thoughts play quite for a families. All vital qualities shall not feel. Late national lives take then on to a qu                        |              20.46 |            3.22 |             1.09 | brandmaxi #1                                      
 able         | Benefits will not come then f                                                                                                                                                                            |              16.77 |            2.02 |             5.86 | corpnameless #3                                   
 able         | Best complicated changes speak really close, special units. Immediately continuous details give sensibly words. Weeks may not give both surprised                                                        |              18.88 |            8.98 |             7.54 | amalgedu pack #1                                  
 able         | Best early citizens read yesterday religious results; circumstances enter so nearer the hopes. Physical, difficult parents might not make well very references. As combined fears c                      |              19.53 |            3.36 |             4.92 | scholarunivamalg #17                              
 able         | Best extra members should speed most states. High, existing securities seem policies. Forthco                                                                                                            |                  0 |           34.94 |             0.26 | scholarnameless #7                                
 able         | Best static months identify popular, main years; present, european categories own then so complex friends. Even moral budgets extend                                                                     |              26.65 |            3.24 |             2.26 | amalgscholar #1                                   
 able         | Big, defensive customers leap most exceptions. Following children get now very, other authorities. Other windows move then then key seats; young, full events extend maybe in                            |              17.13 |            2.59 |            41.01 | edu packamalg #1                                  
 able         | Big libraries used to meet citizens. Reports expand readily copies. Police may end now efforts. Years get paymen                                                                                         |              10.07 |            4.67 |             3.87 | exportiamalgamalg #14                             
 able         | Bitterly splendid weapons shall stop theoretically desirable, specific computers; undoubte                                                                                                               |              22.14 |            1.67 |             0.96 | edu packedu pack #1                               
 able         | Bitter, new wounds cannot become things; spirits shall feel so much as at a policies. Rather only effects note naturally full arm                                                                        |              11.58 |            5.24 |             3.45 | exportimaxi #1                                    
 able         | Black tears incur here for a questions. Companies back on a wh                                                                                                                                           |              16.18 |            4.56 |             2.32 | importonameless #9                                
 able         | Boats see also fair numbers; new, strict parts confirm at least low doubts. Problems make well readers; full-time, only mile                                                                             |              16.66 |            1.92 |             0.61 | importounivamalg #4                               
 able         | Bold stages might think very recent, civil kinds. Years see about stairs. Present, other servants form now ran                                                                                           |              17.07 |            2.29 |             1.87 | univbrand #1                                      
 able         | Both inadequate levels accommodate other, able standards.                                                                                                                                                |               9.02 |            2.83 |             2.49 | importounivamalg #11                              
 able         | Both slim consultants stand other readers. Colleagues can add strictly. Special patients take even alleged angles                                                                                        |               25.1 |            8.14 |             6.91 | importoscholar #1                                 
 able         | Boundaries would not harbour then                                                                                                                                                                        |               4.14 |            4.08 |             0.83 | importoedu pack #1                                
 able         | Boys stand more alternative women. Special, low wome                                                                                                                                                     |               7.05 |             4.8 |             1.58 | amalgexporti #1                                   
 able         | Boys wear however only, successful passages. Here british sources would bring more fl                                                                                                                    |               4.48 |            7.29 |             0.65 | edu packunivamalg #1                              
 able         | British, cert                                                                                                                                                                                            |               9.83 |            4.19 |             2.05 | amalgedu pack #1                                  
 able         | British, international pages mention however with the possibilities; once old attitudes used to lead surely free police. Powerful teeth used to spread central babies. Short comm                        |               2.82 |            4.04 |                  | 
 able         | British rates close more out of a parts. More than free workers live completely certainly certain voters. Electronic comments should not write rather criteria; main arguments will prove ye             |               1.44 |            1.16 |             0.71 | scholarmaxi #7                                    
 able         | British, white schools exist very also grand funds. Companies shall emphasise vehemently. Successful drawings may not lead perhaps scientific moments. Alike other factors hel                           |              14.01 |            8.18 |             4.11 | brandnameless #3                                  
 able         | Buildings collect still contrary funds; remarks sleep perhaps for a workers. Doctors may inspire actions; outside criteria can know                                                                      |              30.59 |            6.86 |             5.28 | exportiexporti #1                                 
 able         | Buildings might give. Woods ought to think in a tories; preferences used                                                                                                                                 |               6.22 |            9.43 |             5.75 | importoedu pack #1                                
 able         | C                                                                                                                                                                                                        |              29.84 |            9.98 |             3.19 | importoscholar #1                                 
 able         | Canadian mothers could go well large days. Less patient reserves can account above in a readers; gold classes might explain from a lip                                                                   |              25.53 |           94.96 |            49.37 | amalgexporti #1                                   
 able         | Capital kinds                                                                                                                                                                                            |               8.82 |            9.91 |             4.33 | edu packedu pack #1                               
 able         | Cards could find internal minutes. Advanced, likely teachers used to talk in a problems. Financial companies laugh. Able characteristics see supposedly new signals. Now recent friends may buy.         |              22.54 |             3.9 |             4.21 | amalgedu pack #1                                  
 able         | Carers get in a bodies; stories seem formerly political, present activities. Major rates might not burst subsequent letters. Enough multiple customers find complete times; able, cruc                   |               7.22 |            8.64 |             5.01 | importomaxi #1                                    
 able         | Cases ask by a areas; then common movies should not breathe average women. Much single birds will accept into a facilities. Even deaf drawings used to grant. Generous, ordinary c                       |              26.13 |            7.06 |             5.08 | edu packcorp #1                                   
 able         | Central, general calculations ought to pay issues. Charts resume already new years. Years celebrate. Now other members get. Likely offices guess much about a restaurants. Below grey states see unexpec |               9.84 |            1.69 |             3.79 | maximaxi #1                                       
 able         | Central levels stay. Things may encourage                                                                                                                                                                |              10.52 |            4.96 |             3.02 | brandunivamalg #3                                 
(100 rows)

UPDATE time_statistics SET e_time = TRANSACTION_TIMESTAMP() WHERE template = 'query65.tpl' AND stream = 4;
psql:/tmp/s1-basline/throughput/query_4.sql:3864: NOTICE:  duration: 0.050 ms  plan:
Query Text: UPDATE time_statistics SET e_time = TRANSACTION_TIMESTAMP() WHERE template = 'query65.tpl' AND stream = 4;
Update on time_statistics  (cost=0.00..7.87 rows=0 width=0) (actual time=0.049..0.049 rows=0 loops=1)
  ->  Seq Scan on time_statistics  (cost=0.00..7.87 rows=1 width=14) (actual time=0.014..0.035 rows=1 loops=1)
        Filter: ((template = 'query65.tpl'::text) AND (stream = 4))
        Rows Removed by Filter: 257
UPDATE 1
LOAD 'auto_explain'; SET auto_explain.log_min_duration TO 0; SET auto_explain.log_analyze TO on; SET auto_explain.log_level TO notice; INSERT INTO time_statistics (template, s_time, stream, query, seed) VALUES ('query15.tpl', TRANSACTION_TIMESTAMP(), 4, 79, 1357141631);
LOAD
SET
SET
SET
psql:/tmp/s1-basline/throughput/query_4.sql:3865: NOTICE:  duration: 0.022 ms  plan:
Query Text: INSERT INTO time_statistics (template, s_time, stream, query, seed) VALUES ('query15.tpl', TRANSACTION_TIMESTAMP(), 4, 79, 1357141631);
Insert on time_statistics  (cost=0.00..0.01 rows=0 width=0) (actual time=0.022..0.022 rows=0 loops=1)
  ->  Result  (cost=0.00..0.01 rows=1 width=64) (actual time=0.002..0.002 rows=1 loops=1)
INSERT 0 1
select  ca_zip
       ,sum(cs_sales_price)
 from catalog_sales
     ,customer
     ,customer_address
     ,date_dim
 where cs_bill_customer_sk = c_customer_sk
 	and c_current_addr_sk = ca_address_sk 
 	and ( substr(ca_zip,1,5) in ('85669', '86197','88274','83405','86475',
                                   '85392', '85460', '80348', '81792')
 	      or ca_state in ('CA','WA','GA')
 	      or cs_sales_price > 500)
 	and cs_sold_date_sk = d_date_sk
 	and d_qoy = 2 and d_year = 1999
 group by ca_zip
 order by ca_zip
 limit 100;
psql:/tmp/s1-basline/throughput/query_4.sql:3882: NOTICE:  duration: 155.787 ms  plan:
Query Text: select  ca_zip
       ,sum(cs_sales_price)
 from catalog_sales
     ,customer
     ,customer_address
     ,date_dim
 where cs_bill_customer_sk = c_customer_sk
 	and c_current_addr_sk = ca_address_sk 
 	and ( substr(ca_zip,1,5) in ('85669', '86197','88274','83405','86475',
                                   '85392', '85460', '80348', '81792')
 	      or ca_state in ('CA','WA','GA')
 	      or cs_sales_price > 500)
 	and cs_sold_date_sk = d_date_sk
 	and d_qoy = 2 and d_year = 1999
 group by ca_zip
 order by ca_zip
 limit 100;
Limit  (cost=8542.68..8544.43 rows=100 width=19) (actual time=155.457..155.757 rows=100 loops=1)
  ->  GroupAggregate  (cost=8542.68..8546.39 rows=212 width=19) (actual time=155.456..155.749 rows=100 loops=1)
        Group Key: customer_address.ca_zip
        ->  Sort  (cost=8542.68..8543.21 rows=212 width=19) (actual time=155.447..155.513 rows=1667 loops=1)
              Sort Key: customer_address.ca_zip
              Sort Method: quicksort  Memory: 298kB
              ->  Nested Loop  (cost=1.03..8534.49 rows=212 width=19) (actual time=4.497..153.546 rows=3233 loops=1)
                    Join Filter: ((substr((customer_address.ca_zip)::text, 1, 5) = ANY ('{85669,86197,88274,83405,86475,85392,85460,80348,81792}'::text[])) OR (customer_address.ca_state = ANY ('{CA,WA,GA}'::bpchar[])) OR (catalog_sales.cs_sales_price > '500'::double precision))
                    Rows Removed by Join Filter: 37864
                    ->  Nested Loop  (cost=0.72..7924.49 rows=1754 width=16) (actual time=4.413..80.595 rows=41097 loops=1)
                          ->  Nested Loop  (cost=0.43..7373.36 rows=1763 width=16) (actual time=4.409..26.241 rows=41189 loops=1)
                                ->  Seq Scan on date_dim  (cost=0.00..2500.73 rows=90 width=8) (actual time=4.398..9.674 rows=91 loops=1)
                                      Filter: ((d_qoy = 2) AND (d_year = 1999))
                                      Rows Removed by Filter: 72958
                                ->  Index Scan using i_cs_sold_date_sk on catalog_sales  (cost=0.43..46.32 rows=782 width=24) (actual time=0.003..0.106 rows=453 loops=91)
                                      Index Cond: (cs_sold_date_sk = date_dim.d_date_sk)
                          ->  Index Scan using pk_customer on customer  (cost=0.29..0.31 rows=1 width=16) (actual time=0.001..0.001 rows=1 loops=41189)
                                Index Cond: (c_customer_sk = catalog_sales.cs_bill_customer_sk)
                    ->  Index Scan using pk_customer_address on customer_address  (cost=0.29..0.32 rows=1 width=22) (actual time=0.001..0.001 rows=1 loops=41097)
                          Index Cond: (ca_address_sk = customer.c_current_addr_sk)
   ca_zip   |        sum         
------------+--------------------
 30026      |             434.61
 30059      | 2051.7000000000003
 30069      |             778.27
 30149      |  912.0399999999998
 30150      | 1855.7800000000002
 30162      |            1195.27
 30169      | 1510.0200000000002
 30191      | 1424.9599999999998
 30399      | 1313.1900000000003
 30411      | 1283.1900000000003
 30492      |             384.97
 30499      | 192.20000000000002
 30534      |             936.68
 31087      |             161.26
 31216      |  560.2299999999999
 31289      |  969.2300000000001
 31387      | 468.58000000000004
 31423      |             684.22
 31521      |            1033.68
 31529      | 463.40000000000003
 31620      | 503.31000000000006
 31675      |  700.8800000000001
 31711      | 1636.6499999999999
 31757      |  897.8500000000003
 31904      | 1612.6299999999999
 31933      | 1594.2900000000002
 31952      | 1175.5400000000002
 32150      |              475.1
 32293      |            1026.68
 32477      |             720.67
 32808      | 1511.0800000000002
 32812      |             516.94
 32819      |             252.19
 32898      |             425.41
 33394      |             966.07
 33451      |  530.8499999999999
 33511      |            1626.81
 33604      |             219.98
 33628      | 290.11000000000007
 33683      |             458.85
 33824      |  518.2599999999999
 33951      |  650.7499999999999
 34098      |             361.17
 34107      |            1029.74
 34136      |  707.9300000000001
 34244      |             391.53
 34289      |            1106.92
 34408      |             289.79
 34489      |             451.27
 34536      |  676.1899999999999
 34593      | 1104.5900000000001
 34686      |              568.4
 34749      | 268.21999999999997
 34843      | 269.71000000000004
 34854      |  687.9000000000001
 34975      |            1094.95
 35018      |             368.13
 35038      |             727.26
 35124      |            1359.03
 35258      |  540.8399999999999
 35281      |  884.6199999999999
 35709      |             226.32
 35752      |  726.2500000000001
 35804      |  729.2900000000001
 35817      | 1147.3600000000004
 36045      |             486.51
 36060      | 1289.5299999999997
 36074      |  641.8199999999999
 36098      |             515.05
 36115      |             344.62
 36192      |  761.6900000000002
 36245      |             722.75
 36340      | 1219.4999999999998
 36534      |             306.89
 36557      |  951.9099999999997
 36614      | 1603.3800000000003
 36668      | 448.80000000000007
 36787      | 2600.6799999999985
 36871      | 1552.2800000000002
 36971      |             481.34
 37057      |  95.82000000000001
 37066      |  813.5799999999999
 37683      |             839.43
 37838      | 473.66999999999996
 37997      |             599.74
 38014      |             606.44
 38041      |             390.29
 38054      |            1841.04
 38059      |  981.1899999999998
 38119      |  602.5400000000001
 38252      | 472.96999999999997
 38354      |            1639.23
 38370      | 2014.2600000000002
 38371      |            1099.72
 38482      |  618.7600000000002
 38579      |  725.0299999999999
 38605      |             615.11
 38721      |             755.48
 38767      | 213.48999999999998
 38784      |             557.87
(100 rows)

UPDATE time_statistics SET e_time = TRANSACTION_TIMESTAMP() WHERE template = 'query15.tpl' AND stream = 4;
psql:/tmp/s1-basline/throughput/query_4.sql:3884: NOTICE:  duration: 0.058 ms  plan:
Query Text: UPDATE time_statistics SET e_time = TRANSACTION_TIMESTAMP() WHERE template = 'query15.tpl' AND stream = 4;
Update on time_statistics  (cost=0.00..7.87 rows=0 width=0) (actual time=0.057..0.058 rows=0 loops=1)
  ->  Seq Scan on time_statistics  (cost=0.00..7.87 rows=1 width=14) (actual time=0.033..0.039 rows=1 loops=1)
        Filter: ((template = 'query15.tpl'::text) AND (stream = 4))
        Rows Removed by Filter: 258
UPDATE 1
LOAD 'auto_explain'; SET auto_explain.log_min_duration TO 0; SET auto_explain.log_analyze TO on; SET auto_explain.log_level TO notice; INSERT INTO time_statistics (template, s_time, stream, query, seed) VALUES ('../query_postgresql/query98.tpl', TRANSACTION_TIMESTAMP(), 4, 80, 765377561);
LOAD
SET
SET
SET
psql:/tmp/s1-basline/throughput/query_4.sql:3885: NOTICE:  duration: 0.008 ms  plan:
Query Text: INSERT INTO time_statistics (template, s_time, stream, query, seed) VALUES ('../query_postgresql/query98.tpl', TRANSACTION_TIMESTAMP(), 4, 80, 765377561);
Insert on time_statistics  (cost=0.00..0.01 rows=0 width=0) (actual time=0.008..0.008 rows=0 loops=1)
  ->  Result  (cost=0.00..0.01 rows=1 width=64) (actual time=0.002..0.002 rows=1 loops=1)
INSERT 0 1
select i_item_id
      ,i_item_desc 
      ,i_category 
      ,i_class 
      ,i_current_price
      ,sum(ss_ext_sales_price) as itemrevenue 
      ,sum(ss_ext_sales_price)*100/sum(sum(ss_ext_sales_price)) over
          (partition by i_class) as revenueratio
from	
	store_sales
    	,item 
    	,date_dim
where 
	ss_item_sk = i_item_sk 
  	and i_category in ('Jewelry', 'Children', 'Shoes')
  	and ss_sold_date_sk = d_date_sk
	and d_date between cast('2000-06-26' as date) 
				and (cast('2000-06-26' as date) + interval '30 days')
group by 
	i_item_id
        ,i_item_desc 
        ,i_category
        ,i_class
        ,i_current_price
order by 
	i_category
        ,i_class
        ,i_item_id
        ,i_item_desc
        ,revenueratio;
psql:/tmp/s1-basline/throughput/query_4.sql:3915: NOTICE:  duration: 99.034 ms  plan:
Query Text: select i_item_id
      ,i_item_desc 
      ,i_category 
      ,i_class 
      ,i_current_price
      ,sum(ss_ext_sales_price) as itemrevenue 
      ,sum(ss_ext_sales_price)*100/sum(sum(ss_ext_sales_price)) over
          (partition by i_class) as revenueratio
from	
	store_sales
    	,item 
    	,date_dim
where 
	ss_item_sk = i_item_sk 
  	and i_category in ('Jewelry', 'Children', 'Shoes')
  	and ss_sold_date_sk = d_date_sk
	and d_date between cast('2000-06-26' as date) 
				and (cast('2000-06-26' as date) + interval '30 days')
group by 
	i_item_id
        ,i_item_desc 
        ,i_category
        ,i_class
        ,i_current_price
order by 
	i_category
        ,i_class
        ,i_item_id
        ,i_item_desc
        ,revenueratio;
Sort  (cost=39743.59..39744.45 rows=342 width=245) (actual time=97.086..97.195 rows=2609 loops=1)
  Sort Key: item.i_category, item.i_class, item.i_item_id, item.i_item_desc, ((((sum(store_sales.ss_ext_sales_price)) * '100'::double precision) / sum((sum(store_sales.ss_ext_sales_price))) OVER (?)))
  Sort Method: quicksort  Memory: 833kB
  ->  WindowAgg  (cost=39721.50..39729.20 rows=342 width=245) (actual time=87.810..89.132 rows=2609 loops=1)
        ->  Sort  (cost=39721.50..39722.36 rows=342 width=237) (actual time=87.733..87.846 rows=2609 loops=1)
              Sort Key: item.i_class
              Sort Method: quicksort  Memory: 813kB
              ->  GroupAggregate  (cost=39697.70..39707.11 rows=342 width=237) (actual time=82.563..86.300 rows=2609 loops=1)
                    Group Key: item.i_item_id, item.i_item_desc, item.i_category, item.i_class, item.i_current_price
                    ->  Sort  (cost=39697.70..39698.56 rows=342 width=237) (actual time=82.554..82.920 rows=8556 loops=1)
                          Sort Key: item.i_item_id, item.i_item_desc, item.i_category, item.i_class, item.i_current_price
                          Sort Method: quicksort  Memory: 2728kB
                          ->  Nested Loop  (cost=1.01..39683.31 rows=342 width=237) (actual time=0.024..59.165 rows=8556 loops=1)
                                ->  Nested Loop  (cost=0.72..39334.17 rows=1129 width=16) (actual time=0.018..12.478 rows=27424 loops=1)
                                      ->  Index Scan using i_d_date on date_dim  (cost=0.29..3.09 rows=30 width=8) (actual time=0.008..0.019 rows=31 loops=1)
                                            Index Cond: ((d_date >= '2000-06-26'::date) AND (d_date <= '2000-07-26 00:00:00'::timestamp without time zone))
                                      ->  Index Scan using i_ss_sold_date_sk on store_sales  (cost=0.43..1295.96 rows=1508 width=24) (actual time=0.005..0.275 rows=885 loops=31)
                                            Index Cond: (ss_sold_date_sk = date_dim.d_date_sk)
                                ->  Index Scan using pk_item on item  (cost=0.29..0.31 rows=1 width=237) (actual time=0.001..0.001 rows=0 loops=27424)
                                      Index Cond: (i_item_sk = store_sales.ss_item_sk)
                                      Filter: (i_category = ANY ('{Jewelry,Children,Shoes}'::bpchar[]))
                                      Rows Removed by Filter: 1
    i_item_id     |                                                                                               i_item_desc                                                                                                |                     i_category                     |                      i_class                       | i_current_price |    itemrevenue     |     revenueratio      
------------------+----------------------------------------------------------------------------------------------------------------------------------------------------------------------------------------------------------+----------------------------------------------------+----------------------------------------------------+-----------------+--------------------+-----------------------
 AAAAAAAAAAFDAAAA | Publ                                                                                                                                                                                                     | Children                                           | infants                                            |            4.75 |            5091.28 |   0.35711239799332545
 AAAAAAAAABNCAAAA | Opportunities will understand forces; mainly true things take significantly free, parliamentary areas. Other, new eyes                                                                                   | Children                                           | infants                                            |            1.64 |  5871.379999999999 |   0.41183014710054267
 AAAAAAAAACLDAAAA | Present, basic territories must not stop back, wrong services. Old professionals cannot get ever in a schemes. So other seeds must not control still securities. Ready years make there no               | Children                                           | infants                                            |             2.6 |            3213.65 |   0.22541173492937933
 AAAAAAAAACPAAAAA | Sessions w                                                                                                                                                                                               | Children                                           | infants                                            |           95.22 |            4708.89 |   0.33029081091332446
 AAAAAAAAADBEAAAA | Right ways may train chief, good programmes; new effects will not mean then in a reasons. Usually social differences can imply lips. Seconds spend. Complex, full memories boost perhaps on the          | Children                                           | infants                                            |            9.07 | 1138.1399999999999 |    0.0798313792704631
 AAAAAAAAAENDAAAA | Rapid books will think never real, clear tiles. Exchanges know so even alive changes. Authorities gain also global services. Members may not cause from the son                                          | Children                                           | infants                                            |           76.71 |            1051.47 |    0.0737521749182999
 AAAAAAAAAIADAAAA | Left, public hours go then powerful buildings. Me                                                                                                                                                        | Children                                           | infants                                            |            82.5 | 4297.3099999999995 |    0.3014217797922521
 AAAAAAAAAILDAAAA | Following chains might not sack children. Other, indian workshops remove authorities; german attempts carry furthermore; single, current                                                                 | Children                                           | infants                                            |            6.35 |            2241.35 |   0.15721269960448847
 AAAAAAAAAIOAAAAA | Days could reflect however international boats. Alone late wa                                                                                                                                            | Children                                           | infants                                            |            5.22 | 20179.710000000003 |    1.4154445697172204
 AAAAAAAAAJPBAAAA | However valuable years may not reach only products. Short, anonymous men get; then                                                                                                                       | Children                                           | infants                                            |            0.49 |            3028.14 |   0.21239969847651446
 AAAAAAAAAKKCAAAA | Clear levels would use now subjective companies. Perhaps prime games must open always on a relations. Results should                                                                                     | Children                                           | infants                                            |            8.76 |           12544.59 |    0.8799022282693332
 AAAAAAAAAMHBAAAA | Fat, sensible police make black suppliers. British, dangerous authorities make smoothly c                                                                                                                | Children                                           | infants                                            |           71.57 |            5605.38 |    0.3931723836567281
 AAAAAAAAAMIDAAAA | S                                                                                                                                                                                                        | Children                                           | infants                                            |            1.96 |            3044.32 |    0.2135345955160668
 AAAAAAAAANMBAAAA | Similar others may not hook e                                                                                                                                                                            | Children                                           | infants                                            |            5.83 |            1055.34 |   0.07402362433381704
 AAAAAAAAAOGAAAAA | Categories collect there in a effects.                                                                                                                                                                   | Children                                           | infants                                            |            4.96 | 21968.579999999998 |    1.5409194317162305
 AAAAAAAAAOMDAAAA | Modern trials lend more supporters. There practical funds replace very strictly great parents. Days m                                                                                                    | Children                                           | infants                                            |           55.71 | 3214.8900000000003 |    0.2254987109694934
 AAAAAAAABBLAAAAA | Other cities talk only from a agents.                                                                                                                                                                    | Children                                           | infants                                            |            2.85 |  4834.200000000001 |   0.33908030090258917
 AAAAAAAABEIAAAAA | Experimental, poor points will not position secondly. Unique limits can collect to a values; benefits stop well new, italian characteristics. Firmly possible others rescue at least further ti          | Children                                           | infants                                            |            2.97 |            2952.67 |   0.20710608416409082
 AAAAAAAABHACAAAA | Items remain in a teachers. Well popular skills manage varieties. American values ought to rebuild so little ideas. Recent, different pupils meet. Annual theories li                                    | Children                                           | infants                                            |            4.53 | 3726.1899999999996 |   0.26136229912296105
 AAAAAAAABINDAAAA | Principles want almost away inc effects. Large, domestic eyes think scenes. Indeed super approaches travel more resou                                                                                    | Children                                           | infants                                            |            1.85 |             331.42 |  0.023246450979507692
 AAAAAAAABJNCAAAA | Too particular girls would result normally kilometres. Categories remember eventually recent years; presidenti                                                                                           | Children                                           | infants                                            |           16.45 |           11760.59 |    0.8249109254875637
 AAAAAAAABKMCAAAA | Times make in a rates; points might act retail, western ties. Less inner games can join bitter partici                                                                                                   | Children                                           | infants                                            |            9.61 |            6896.04 |    0.4837018158612161
 AAAAAAAABLDBAAAA | Voluntary friends accept also normal criteria. Befo                                                                                                                                                      | Children                                           | infants                                            |             9.9 |           14019.41 |    0.9833490052701103
 AAAAAAAABLGBAAAA | So alone pages interpret once again also wealthy allegations. Clear, equal things become down the months.                                                                                                | Children                                           | infants                                            |            4.96 |            4071.79 |    0.2856033632063533
 AAAAAAAABNIAAAAA | Round, heavy transactions                                                                                                                                                                                | Children                                           | infants                                            |             4.9 | 171.39999999999998 |  0.012022333286728675
 AAAAAAAABOHAAAAA | Remaining, negative metals must not convey quiet citizens. Criminal, existing groups must interpret numerous, social rights                                                                              | Children                                           | infants                                            |            8.81 |            4426.08 |    0.3104539609902221
 AAAAAAAACAHBAAAA | Hours will rec                                                                                                                                                                                           | Children                                           | infants                                            |            2.77 |           12562.99 |    0.8811928404774767
 AAAAAAAACALAAAAA | Gastric others might not help there constant windows. T                                                                                                                                                  | Children                                           | infants                                            |            0.67 | 14341.960000000001 |    1.0059732969949313
 AAAAAAAACCDAAAAA | Services give perhaps mysterious, other powers. Great, detailed visits may take still major copies. For instance apparent costs get commonly voluntary, emp                                              | Children                                           | infants                                            |            7.89 |             602.75 |   0.04227807111187696
 AAAAAAAACCDBAAAA | Central fields give obviously trees; representatives keep well ordinary, popular years. Tons mix partly light visitors. New, bad activities should experience to the times. Trousers                     | Children                                           | infants                                            |            3.45 |           26663.79 |    1.8702507005095872
 AAAAAAAACEGEAAAA | Legs bring so already revolutionary reports. Members take here fires. Reasonably american divisions get therefore different machines. Only, slow                                                         | Children                                           | infants                                            |            9.16 |               7700 |    0.5400931523209499
 AAAAAAAACEHBAAAA | American buildings develop just from a states. Persistent, regional                                                                                                                                      | Children                                           | infants                                            |            8.54 | 3521.1000000000004 |   0.24697688293990872
 AAAAAAAACFBDAAAA | Scenes will not say also. Of course wild vessels might not provide dra                                                                                                                                   | Children                                           | infants                                            |            6.44 | 6483.6900000000005 |    0.4547787754249117
 AAAAAAAACFJBAAAA | Likely numbers will not explain married orders. Days must match intensely next to a tenants. Offenders will want internal direction                                                                      | Children                                           | infants                                            |            4.89 |            7888.13 |    0.5532889607295396
 AAAAAAAACFNDAAAA | Peaceful, normal damages blame small clothes. Different kilometres believe for a scho                                                                                                                    | Children                                           | infants                                            |            2.82 |           16696.51 |     1.171126067358216
 AAAAAAAACGDCAAAA | Well major cells ought to try significantly happy, separate definitions. Mothers may acknowledge now financial movements. Industries see never sites. Good buildings keep things. Policies mig           | Children                                           | infants                                            |            2.33 |            2631.38 |   0.18457017131874043
 AAAAAAAACHACAAAA | Arbitrary houses make like a creatures. Uniquely new minutes must not make rough, historic genes. Normally international sectors can d                                                                   | Children                                           | infants                                            |            2.23 |             482.54 |   0.03384630515856509
 AAAAAAAACHJBAAAA | Services might go too. Differences ought to regulate. Very international factors find barely arms. Items enable particularly delegates. Years would define. Employe                                      | Children                                           | infants                                            |            3.24 |            5565.82 |   0.39039756740921944
 AAAAAAAACHNDAAAA | That new prayers draw victorian threats; remaining ideas could need for a individuals. Thus old concerns shall demonstrate once variously new governments. Very rapid reports encourage away scien       | Children                                           | infants                                            |            5.92 |            7971.94 |    0.5591675590536979
 AAAAAAAACIKAAAAA | Targets would not live. Strange houses can intend then courts. Barely large walls cannot support partial, unknown attitudes. Concerned, available ways should not hope bands.                            | Children                                           | infants                                            |            1.35 |            8678.15 |    0.6087025181576691
 AAAAAAAACKBDAAAA | American, great needs can apply events. Illustrations may show elderly champions; anywhere short rounds should redu                                                                                      | Children                                           | infants                                            |             4.7 |            1511.03 |   0.10598661765604221
 AAAAAAAACKEDAAAA | Environmental drugs can find new police. Physical, english r                                                                                                                                             | Children                                           | infants                                            |            0.51 | 2963.6600000000003 |    0.2078769443905853
 AAAAAAAACKODAAAA | Probably new weapons would need now deposits. Cities will help thoroughly over the agencies. Coastal, current years can bring eagerly prime women; times should turn figures. Industrial, partic         | Children                                           | infants                                            |            5.82 |            4801.55 |    0.3367901656528126
 AAAAAAAACLAEAAAA | Actually red others can neg                                                                                                                                                                              | Children                                           | infants                                            |            0.78 | 2626.5299999999997 |   0.18422998277474606
 AAAAAAAACLGBAAAA | Never absolute lads like however interesting numbers. Others may not make shortly blue banks;                                                                                                            | Children                                           | infants                                            |            1.58 |           20182.44 |    1.4156360572894067
 AAAAAAAACLGDAAAA | Ministers break educational, occupational years. Especially european months could repay. Nearly particular problems might not find there. Standard others might live els                                 | Children                                           | infants                                            |            9.22 |            2485.34 |   0.17432663833627918
 AAAAAAAACMBCAAAA | Later different wages participate for sure. Events focus truly fresh questions. Buildings produce libraries. Well radical duties consist also. D                                                         | Children                                           | infants                                            |            0.74 | 3491.4900000000002 |   0.24489997927234722
 AAAAAAAACNKAAAAA | Years run constantly warm,                                                                                                                                                                               | Children                                           | infants                                            |           62.61 | 5253.4400000000005 |     0.368486619497269
 AAAAAAAADANDAAAA | Likely years will consider                                                                                                                                                                               | Children                                           | infants                                            |            4.75 |           15081.21 |    1.0578257467161343
 AAAAAAAADBAAAAAA | Students might come soon. Difficult courses would not hate moreover major things. Willing road                                                                                                           | Children                                           | infants                                            |            8.01 | 13127.650000000001 |     0.920799204034561
 AAAAAAAADBFBAAAA | Grimly domestic foods find in                                                                                                                                                                            | Children                                           | infants                                            |           26.58 |            1579.45 |   0.11078573109523693
 AAAAAAAADFACAAAA | Either external chapters should say years. Patterns will not discov                                                                                                                                      | Children                                           | infants                                            |            3.87 |             117.18 |  0.008219235790775183
 AAAAAAAADFOAAAAA | Constitutional appeals end small, due knees. Conclusions take ever. E                                                                                                                                    | Children                                           | infants                                            |            8.53 |           12002.14 |    0.8418537178178398
 AAAAAAAADGICAAAA | Aware, historical cases clear still. Quite large banks add no. So long weapons will not ensure perfectly however massive teeth. Familiar years reckon too ameri                                          | Children                                           | infants                                            |            3.77 |  6814.799999999999 |    0.4780034823943908
 AAAAAAAADHHCAAAA | Past, important feet must meet at all useful bills. Items apply preferably teachers. Else real differences practice agreements; sophisticated events shall                                               | Children                                           | infants                                            |             4.3 | 3264.1800000000003 |   0.22895600856402576
 AAAAAAAADIFDAAAA | Immediate, good circumstances shall stay slightly writers. Low acres would not remember almost practices. Co                                                                                             | Children                                           | infants                                            |            7.08 |            8100.36 |     0.568175190562926
 AAAAAAAADJEDAAAA | All black photographs want quite. Profitable movements betray just in a conditions. Used, other passen                                                                                                   | Children                                           | infants                                            |            7.55 | 12154.939999999999 |    0.8525714105028579
 AAAAAAAADMBDAAAA | L                                                                                                                                                                                                        | Children                                           | infants                                            |            3.77 |            3983.49 |    0.2794098274466209
 AAAAAAAADMDBAAAA | There avail                                                                                                                                                                                              | Children                                           | infants                                            |            3.54 |            2563.34 |   0.17979771182732257
 AAAAAAAADNADAAAA | Communists complain very powerful, various police. British parents could not see as. Readers sho                                                                                                         | Children                                           | infants                                            |             3.7 |            2251.21 |    0.1579042994073306
 AAAAAAAAEAABAAAA | Towns pay with a years. Both rough companies rotate just fields. For example conventi                                                                                                                    | Children                                           | infants                                            |            0.69 |           14058.33 |    0.9860789306582052
 AAAAAAAAEAADAAAA | Different lessons justify only effects. Houses try per a women. Fully growing fragments think; realistic, ready countries will allow tonnes. Scientific, good wi                                         | Children                                           | infants                                            |            3.84 |            2523.94 |    0.1770341182946673
 AAAAAAAAEBJAAAAA | Bad, smooth months show in a interviews. In full functional tactics ma                                                                                                                                   | Children                                           | infants                                            |            1.54 |            6708.76 |    0.4705656281252852
 AAAAAAAAECNBAAAA | Stories happen elements; now hi                                                                                                                                                                          | Children                                           | infants                                            |             0.4 |            6414.16 |   0.44990180440142136
 AAAAAAAAEDABAAAA | Public, everyday brothers take on a cards. Aga                                                                                                                                                           | Children                                           | infants                                            |             3.8 |             284.78 |   0.01997502959973508
 AAAAAAAAEDOCAAAA | Very medical stars visit opponents. Then political duties think later wishes. Effective cameras claim stairs. Able sites say. Places should feel on a minutes. Things tell posts. Onl                    | Children                                           | infants                                            |            4.13 |            3068.17 |   0.21520748144890506
 AAAAAAAAEECEAAAA | Then slow years fix in a problems. Journals                                                                                                                                                              | Children                                           | infants                                            |            1.74 |           20519.93 |    1.4393082700136663
 AAAAAAAAEENCAAAA | Informal, accurate women must predict very alone words. At last ultimate readers shoot yet years; other modules set unusually i                                                                          | Children                                           | infants                                            |            4.49 |            2456.17 |   0.17228059713456462
 AAAAAAAAEICCAAAA | New students would not precede about the processes. Stories bring. Other months raise beautiful assumptions. Assessments make busy, typica                                                               | Children                                           | infants                                            |             2.8 |           14725.57 |    1.0328804572756898
 AAAAAAAAEIDBAAAA | Relativ                                                                                                                                                                                                  | Children                                           | infants                                            |            1.41 |            2612.68 |   0.18325851652024666
 AAAAAAAAEIFAAAAA | Also european conditions may know before for a buildings. Relevant, heavy friends make. Single, british doubts grow usuall                                                                               | Children                                           | infants                                            |            4.81 |           24599.27 |    1.7254412050771655
 AAAAAAAAEJBDAAAA | Always                                                                                                                                                                                                   | Children                                           | infants                                            |           67.23 |             6313.8 |   0.44286235650961214
 AAAAAAAAEJCEAAAA | Royal eyes ought to educate sometimes open crews. Profits would not feel different, main patients. Personal friends shall take great resources. Fascinating, cheap readers may thin                      | Children                                           | infants                                            |            2.12 | 1086.8600000000001 |   0.07623449915994127
 AAAAAAAAEKBCAAAA | Private                                                                                                                                                                                                  | Children                                           | infants                                            |            2.72 |  9880.849999999999 |     0.693062262871488
 AAAAAAAAELACAAAA | So free steps must not respond straight direct secondary areas; only offic                                                                                                                               | Children                                           | infants                                            |             2.9 |           10485.13 |    0.7354476511941508
 AAAAAAAAELKAAAAA | Organizations s                                                                                                                                                                                          | Children                                           | infants                                            |            0.79 |             366.56 |  0.025711239729190573
 AAAAAAAAELODAAAA | About random sides go flat schools; pleased times can make by a areas. New chemi                                                                                                                         | Children                                           | infants                                            |            0.09 |             4949.6 |      0.34717468399062
 AAAAAAAAENBBAAAA | Later political q                                                                                                                                                                                        | Children                                           | infants                                            |            4.88 |            6882.08 |   0.48272263399025495
 AAAAAAAAEOIDAAAA | Years must articulate; states can set however with the criticisms. At first big troops may help sensibly. As final grounds can enter easily british final charges. Small, very pounds m                  | Children                                           | infants                                            |            2.04 | 11574.310000000001 |     0.811844879719467
 AAAAAAAAEOPBAAAA | Institutional breasts make only results. Pregnant, particular arms must take indeed certain owners;                                                                                                      | Children                                           | infants                                            |            3.61 | 1029.8899999999999 |   0.07223851125244456
 AAAAAAAAFEABAAAA | Profits can pass about groups. Poor, western offices could not give safely clean similar layers.                                                                                                         | Children                                           | infants                                            |            6.74 | 291.95000000000005 |   0.02047794750910407
 AAAAAAAAFEHAAAAA | Significant animals may not enforce wide left games. Straight minimal stars should support important                                                                                                     | Children                                           | infants                                            |           78.71 |           17708.63 |    1.2421181558422525
 AAAAAAAAFFFEAAAA | Short beautiful residents complicate walls. New, arab lectures should not find. Seasons move apparently remarkable, welsh faces. Main, limited pare                                                      | Children                                           | infants                                            |            8.23 |            3405.77 |    0.2388874097896262
 AAAAAAAAFGCDAAAA | European clients should specify official dogs. Things shall own more to a categories. Personal needs imitate straight western men; good, new books stay services; subjects come as                       | Children                                           | infants                                            |            2.92 |            7979.48 |    0.5596964294911654
 AAAAAAAAFGEBAAAA | Officially yellow words shall understand high national clean options. Just military lips look civil mothers. Serious, constitutional years would mak                                                     | Children                                           | infants                                            |             1.1 | 3014.7799999999997 |    0.2114626017862537
 AAAAAAAAFHEAAAAA | Young plans will notice territorial, busy lips. Twice new cities might not adopt years. Events leave true, eastern servants. Belief                                                                      | Children                                           | infants                                            |            2.88 |            4899.66 |   0.34367179411699555
 AAAAAAAAFIOBAAAA | Years analyse quite after a prices. Even single funds used to pay in order hands. Subtle, french periods work both new times. Very old hands would fo                                                    | Children                                           | infants                                            |           48.42 |             3536.8 |   0.24807811183490075
 AAAAAAAAFJLAAAAA | Fresh, other books may decide bloody public organs. Ordinary rules explore burning officials. However correct applications would possess highest black possible findings; alternativ                     | Children                                           | infants                                            |             4.3 |            3718.78 |     0.260842547141312
 AAAAAAAAFKCCAAAA | Then original memories shall not think special, grey workers.                                                                                                                                            | Children                                           | infants                                            |            7.09 |           10419.88 |    0.7308708877929895
 AAAAAAAAFMHBAAAA | Ever good eyes might enlarge long particular civil troops. Members put too biological arms. Now silly responsibilities realise                                                                           | Children                                           | infants                                            |            7.39 |           10072.91 |    0.7065337292136649
 AAAAAAAAFMKBAAAA | Safe eyes consider quickly. European, living shoes help probably interested influences. Relations result never eyes. Current, loca                                                                       | Children                                           | infants                                            |            7.03 |  5883.610000000001 |    0.4126879833671512
 AAAAAAAAFNICAAAA | Real, right books ought to look industrial properties. Enterprises used to keep again between a authors. Nearby, established officials s                                                                 | Children                                           | infants                                            |            2.32 |            7524.88 |    0.5278098909138792
 AAAAAAAAFOLBAAAA | Federal users would                                                                                                                                                                                      | Children                                           | infants                                            |            7.67 | 14540.990000000002 |    1.0199336528529106
 AAAAAAAAGAACAAAA | Public, long jobs can recommend right from a colleagues. Recent, serious things solve patient, classical conditions. Physical, little problems agree protests; politically legal benefits make. Men cont | Children                                           | infants                                            |            4.71 |            1286.51 |   0.09023834303797731
 AAAAAAAAGAKAAAAA | Lessons control samples. Prices pass also sad differences. Expert questions buy always ever irish examples. Likely systems shall not sleep as homes. Fit, poor demands                                   | Children                                           | infants                                            |            2.92 |             5711.7 |   0.40062987767682723
 AAAAAAAAGBDAAAAA | Financial stages could move rights. Little questions establish yeste                                                                                                                                     | Children                                           | infants                                            |            2.98 |             4473.5 |    0.3137800931049051
 AAAAAAAAGBJBAAAA | Effective, different patients might know friends. Again willing figures wear eventually ancient, broad responsibilities. Sources highlight again with a food                                             | Children                                           | infants                                            |            7.32 |              86.31 |  0.006053953243743012
 AAAAAAAAGBLBAAAA | Normal, likely efforts allow truly complete corporations. Gross, true activities think now like a differences. Deep, specific securities perpetuate in order other activiti                              | Children                                           | infants                                            |            5.35 |            5890.12 |   0.41314460757774985
 AAAAAAAAGBMAAAAA | Today noble windows see just eastern, pleased banks. At all central times shall think big, main shots. Pale, comparable traders would know ve                                                            | Children                                           | infants                                            |            8.93 |  4524.139999999999 |    0.3173320823560133
 AAAAAAAAGBPBAAAA | Parties ought to                                                                                                                                                                                         | Children                                           | infants                                            |            2.53 | 2895.2599999999998 |   0.20307923379074722
 AAAAAAAAGDHBAAAA | Able, solar arms can obtain. Personal, strong terms resort however disastrous weaknesses; periods could hit elements.                                                                                    | Children                                           | infants                                            |            6.41 |           11646.06 |    0.8168775659115484
 AAAAAAAAGELBAAAA | Primary earnings tell essential, due resources. Horses might dare very. Impossible personnel fly                                                                                                         | Children                                           | infants                                            |            1.27 | 2823.7599999999998 |    0.1980640830906241
 AAAAAAAAGIACAAAA | Visit                                                                                                                                                                                                    | Children                                           | infants                                            |           24.39 |              306.2 |  0.021477470550736996
 AAAAAAAAGIKBAAAA | Male children would want indeed ostensibly solid guidelines; ap                                                                                                                                          | Children                                           | infants                                            |            8.73 |            4491.54 |    0.3150454542046285
 AAAAAAAAGIOBAAAA | Therefore maximum officers should adopt thus by a examples. Homes provide                                                                                                                                | Children                                           | infants                                            |            2.45 |            7300.98 |    0.5121051043158713
 AAAAAAAAGJABAAAA | Original patients assume. Still single miles carry coins. Legal, positive attitudes must identify in order for a bills. Technical parties might choose around a values. Elsewhere eastern                | Children                                           | infants                                            |            1.51 |           18232.49 |     1.278862727111714
 AAAAAAAAGJBDAAAA | Terrible wheels ought to last. Short, corporate boards reproduce probably in a users. Small deaths appear na                                                                                             | Children                                           | infants                                            |            7.93 |             716.38 |   0.05024830291684183
 AAAAAAAAGKADAAAA | Forthcoming clothes teach exactly                                                                                                                                                                        | Children                                           | infants                                            |            4.42 | 11623.720000000001 |    0.8153105943501392
 AAAAAAAAGLEEAAAA | Future methods begin only far bloody members. Silver, safe stairs determine very studies. Ethical, able performances go usually historically sophisticated women; over there possible authorities can ge | Children                                           | infants                                            |            1.08 |            1538.88 |   0.10794007146021603
 AAAAAAAAGMBAAAAA | Expensive, local tools might land anyway activities. Just conscious actions boil. Difficulties bring indeed actual feet. Only                                                                            | Children                                           | infants                                            |            3.62 |             7270.1 |    0.5099391203491608
 AAAAAAAAGMNBAAAA | Gradually existing miles must go often. Badly different relatives wait highly basic cu                                                                                                                   | Children                                           | infants                                            |            3.56 |  6954.380000000001 |   0.48779389826464525
 AAAAAAAAGMOCAAAA | Able, certai                                                                                                                                                                                             | Children                                           | infants                                            |            2.02 | 3499.5600000000004 |   0.24546602495276673
 AAAAAAAAGPHBAAAA | Far welsh novels ought to observe so out of a women. Individual elements come never germa                                                                                                                | Children                                           | infants                                            |            6.24 |           12948.24 |    0.9082150335854827
 AAAAAAAAGPLAAAAA | Economic pilots analyse also. Needs start special plans. Partly political witnesses should feel wrong opportunities. Low details will not learn; right, different variables replace basically re         | Children                                           | infants                                            |            1.83 |  7354.129999999999 |    0.5158331499062424
 AAAAAAAAHBEBAAAA | Plans know countries. Other, nuclear detectives must back very cold changes; serious votes leave. Red hands realise slow new arts. Foreign keys must not take for a occasions. Large, able times ho      | Children                                           | infants                                            |            1.56 |            3443.64 |    0.2415436861114956
 AAAAAAAAHEACAAAA | True, fine consequences look certainly pub                                                                                                                                                               | Children                                           | infants                                            |            0.45 |            5950.68 |   0.41739240514977016
 AAAAAAAAHGBCAAAA | Military, able kids order again similar times. No doubt available divisions read mor                                                                                                                     | Children                                           | infants                                            |            2.41 |            2265.62 |   0.15891504516381696
 AAAAAAAAHHCAAAAA | Financial, sad women seek national films. Free, inevitable years might take friends; seeds answer quiet laws. Large officers could levy european, regular children. Wet, high yards play d               | Children                                           | infants                                            |            7.39 | 494.16999999999996 |   0.03466205624447322
 AAAAAAAAHHEEAAAA | Outside men make unreasonably. Also legal days could not choose alternative, economic yea                                                                                                                | Children                                           | infants                                            |            0.89 |             550.14 |  0.038587902184136026
 AAAAAAAAHJFEAAAA | Furiou                                                                                                                                                                                                   | Children                                           | infants                                            |            6.92 |            2497.64 |   0.17518938454063604
 AAAAAAAAHJMDAAAA | New powers exclude of course. Specific, primary women sit simply in a experiences. Similar, irrelevant things produce in a demands. Little, open relations understand too well similar club              | Children                                           | infants                                            |           59.51 |             696.44 |  0.048849672078234076
 AAAAAAAAHJPDAAAA | Social men will not work then to a women. Specifically dark suggestions learn by now white years. Important, common police give positively; policemen want duly; more ne                                 | Children                                           | infants                                            |            5.31 |            6807.57 |   0.47749635596695184
 AAAAAAAAHKBBAAAA | Local prices walk nowhere only other others. Applications support features. Right, heavy troops can like significantly currently unlikely cars; active su                                                | Children                                           | infants                                            |            8.77 | 2300.2400000000002 |   0.16134336009022623
 AAAAAAAAHNIAAAAA | Complex groups should look here indeed free thousands; industrial, main friends will happen direct expectations. Personal, mon                                                                           | Children                                           | infants                                            |           14.45 |           13601.95 |    0.9540675393781747
 AAAAAAAAHOJBAAAA | Common children cause even winds; slight differences mean                                                                                                                                                | Children                                           | infants                                            |           71.67 |                  0 |                     0
 AAAAAAAAHPADAAAA | Questions ought to tell. Far pleasant glasses shall form indirectly in a eyes; doctors can add home necessary, important contra                                                                          | Children                                           | infants                                            |            4.25 |           12152.39 |    0.8523925484848817
 AAAAAAAAIAIBAAAA | Able, irish incom                                                                                                                                                                                        | Children                                           | infants                                            |            4.37 |            2158.63 |   0.15141055602526912
 AAAAAAAAIBKDAAAA | Only christian circumstances could endorse dead, important cases. Recently central solutions would convert. However silent patients could not protect mor                                                | Children                                           | infants                                            |           19.31 |             984.39 |   0.06904705171600259
 AAAAAAAAIFNCAAAA | Parts shall not see still to the words. Levels de                                                                                                                                                        | Children                                           | infants                                            |            7.13 |            5815.42 |    0.4079050025805583
 AAAAAAAAIJBBAAAA | Empty criteria conc                                                                                                                                                                                      | Children                                           | infants                                            |            5.06 |           12744.63 |    0.8939334275148244
 AAAAAAAAIJEEAAAA | Students say in no experiences. Skills ought to seek also again central men. Problems move at the honours. Ago new connections would restore. Function                                                   | Children                                           | infants                                            |            1.87 |             523.58 |  0.036724931518467924
 AAAAAAAAIJGCAAAA | National, essential legs must match basically even particular costs. Local holidays see                                                                                                                  | Children                                           | infants                                            |            0.53 |             5142.6 |    0.3607120837825607
 AAAAAAAAIJLBAAAA | Relevan                                                                                                                                                                                                  | Children                                           | infants                                            |            9.71 |               86.4 |  0.006060266020848062
 AAAAAAAAIJPAAAAA | English crops promote further for a patients. Too long machines might tend obviously wooden likely sentences. Political peasan                                                                           | Children                                           | infants                                            |            3.46 |             611.82 |  0.042914258760130344
 AAAAAAAAIKCCAAAA | Pr                                                                                                                                                                                                       | Children                                           | infants                                            |             1.2 |  738.3000000000001 |  0.051785814851760696
 AAAAAAAAIKODAAAA | Forward other doors look normally other connections. Waste points must no                                                                                                                                | Children                                           | infants                                            |           42.28 |            2276.69 |   0.15969151674773813
 AAAAAAAAIMPCAAAA | Cen                                                                                                                                                                                                      | Children                                           | infants                                            |            3.48 |            4450.89 |   0.31219418321218095
 AAAAAAAAINBDAAAA | Lines know then days. Old levels shall attempt patterns. Over essential ages must pay less final condition                                                                                               | Children                                           | infants                                            |            5.09 | 21479.089999999997 |    1.5065856398812194
 AAAAAAAAINLAAAAA | As good as tiny shelves would not challenge rocks. Back, maximum hours may not make too expensive contents. Absolutely new others take particularly available, competitive pieces. Directl               | Children                                           | infants                                            |            5.31 | 11273.119999999999 |    0.7907188204275776
 AAAAAAAAINMCAAAA | Often black meanings lay tomorrow ago subject friends. Tight previous links assess unique, national areas; different developments belong just. Much free projects date spanish                           | Children                                           | infants                                            |            0.58 |            9621.05 |    0.6748393796282435
 AAAAAAAAIPADAAAA | Never labour circumstances must not live by a colours. Operations force consequently in a pupils. Finally only interests ignore clubs. Issues would not feel suddenly; small arms may                    | Children                                           | infants                                            |            1.31 |            2260.32 |   0.15854329273429738
 AAAAAAAAIPMDAAAA | Earlier old delegates observe even recent memories. Civil, local clothes could find specifically conservative songs; widely grey                                                                         | Children                                           | infants                                            |             1.2 |  4549.150000000001 |   0.31908633297153893
 AAAAAAAAJABAAAAA | Low, sharp needs afford pp.. Peasants must refuse similar accidents; regardless fiscal eyebrows                                                                                                          | Children                                           | infants                                            |            4.48 |            4894.58 |    0.3433154729203994
 AAAAAAAAJAGBAAAA | Points t                                                                                                                                                                                                 | Children                                           | infants                                            |            4.54 |            3277.89 |   0.22991765494302838
 AAAAAAAAJFFAAAAA | Nearly international plants will not like years. Women die with a rises. Thus massive groups establish earlier manageri                                                                                  | Children                                           | infants                                            |             6.1 |            1825.94 |    0.1280750247466124
 AAAAAAAAJGEDAAAA | Scottish, mean duties reveal instead rather total sets. Young, limited conditions might get also personal, peculiar charts. Years would collect right. Orthodox years would save ar                      | Children                                           | infants                                            |            8.83 | 18402.690000000002 |     1.290800890037042
 AAAAAAAAJHOBAAAA | Steps would not make modern actions. Wives should damage families. Still american reasons want from the for                                                                                              | Children                                           | infants                                            |            2.25 |  7784.879999999999 |    0.5460468025506904
 AAAAAAAAJONBAAAA | Again visual signs see just uncomfortable machines. Memories see practical, current police. Here upper lives o                                                                                           | Children                                           | infants                                            |            5.07 |           13293.76 |    0.9324504863114482
 AAAAAAAAKAGEAAAA | Tight white articles laugh. More complex girls should look alto                                                                                                                                          | Children                                           | infants                                            |            3.16 |            1409.76 |    0.0988833405735042
 AAAAAAAAKANDAAAA | Others must like now. Small, fundamental businessmen will not meet far prime,                                                                                                                            | Children                                           | infants                                            |            4.48 |           11382.98 |    0.7984246170138086
 AAAAAAAAKBBCAAAA | However illegal yea                                                                                                                                                                                      | Children                                           | infants                                            |            1.94 | 1914.8000000000002 |   0.13430784000833182
 AAAAAAAAKBODAAAA | Responses shake years. Routes speed sure families. Large representatives could not know only clear, active conditions.                                                                                   | Children                                           | infants                                            |            0.36 |            5598.46 |    0.3926870012393176
 AAAAAAAAKDMAAAAA | Open, poor boards should take with the problems. Good rivers used to talk recently photographs. Economic walls might not pass m                                                                          | Children                                           | infants                                            |            2.27 |           19064.67 |    1.3372334699037198
 AAAAAAAAKDOBAAAA | Overall, new images cope. Good, scientific things must anticipate very others.                                                                                                                           | Children                                           | infants                                            |             8.6 |           17042.54 |     1.195397292487777
 AAAAAAAAKEECAAAA | Mental costs make suppliers; rules allow visual, prime boys. Statutory students develo                                                                                                                   | Children                                           | infants                                            |            7.86 |           10352.23 |    0.7261257836690269
 AAAAAAAAKEFDAAAA | Things would take. Independent parts should accept. Interests use nowhere dark weeks. Large-scale offices may look deliberately pl                                                                       | Children                                           | infants                                            |            8.55 |            8892.66 |    0.6237486716777167
 AAAAAAAAKFHBAAAA | Now local units produce much figures. Members justify african, public images. Whole differences ought to fall hard columns. Professional, international visitors impede                                  | Children                                           | infants                                            |            9.08 |  8029.679999999999 |    0.5632175562764266
 AAAAAAAAKFPBAAAA | Leading, growing emissions used                                                                                                                                                                          | Children                                           | infants                                            |            0.54 |            7666.35 |    0.5377328751033396
 AAAAAAAAKLEBAAAA | Immense, local meetings will mean widely new artists. Levels should not last even. Young facilities tak                                                                                                  | Children                                           | infants                                            |               2 | 10420.490000000002 |    0.7309136743933683
 AAAAAAAAKMHDAAAA | Considerable police help also trousers. Ra                                                                                                                                                               | Children                                           | infants                                            |            0.74 |            4581.81 |    0.3213771696409938
 AAAAAAAAKNFAAAAA | Purposes might see in a things. Savings must donate then. Musical women shall not cut twice addition                                                                                                     | Children                                           | infants                                            |            1.26 |            6879.76 |   0.48255990462488035
 AAAAAAAAKNMCAAAA | Wise sites ought to give meanwhi                                                                                                                                                                         | Children                                           | infants                                            |             1.7 |             9909.4 |    0.6950648160531456
 AAAAAAAAKOJBAAAA | Orthodox, economic employees must seek yet modest children                                                                                                                                               | Children                                           | infants                                            |            2.24 |            7058.76 |   0.49511531686714655
 AAAAAAAALFCEAAAA | Sharp, immediate months can take more by a genes. Federal changes ought to bear long alone accountants. Still talks remember always other, local supporters. Parts m                                     | Children                                           | infants                                            |            1.16 |             1758.9 |   0.12337270722302843
 AAAAAAAALHBAAAAA | Physical, small police will send really young secrets. Interesting problems could look eastwards today key shelves; seconds take specifically. Long military windows move happy artists; concerne        | Children                                           | infants                                            |            0.81 |           13007.86 |    0.9123968977077392
 AAAAAAAALJBEAAAA | So musical benefits could view as black, necessary days. Major lines could prove for a windows. Still steady institutions would not take about regular, numerous materials; far opening departments k    | Children                                           | infants                                            |            9.26 |                  0 |                     0
 AAAAAAAALJCAAAAA | Indeed high accidents might make further afterwards practical groups. Visible, necessary areas say. Residential, random metals may entertain enough british,                                             | Children                                           | infants                                            |            2.75 |            3855.69 |    0.2704456839574498
 AAAAAAAALKFCAAAA | So traditional patterns shall not matter from a forces; customers digest sharply key circumstances.                                                                                                      | Children                                           | infants                                            |            8.85 |             2963.2 |   0.20784467908538168
 AAAAAAAALKNDAAAA | Professional, formal conditions cannot restore new, white experiences. Men shall not enable both available weeks. Contacts can resist now in a components. Therefore good habits reduce also cold serv   | Children                                           | infants                                            |            4.18 |           14093.96 |    0.9885780889721267
 AAAAAAAALMACAAAA | Hopelessly european metals maximise. Unpleasant, possible difficulties should establish; other reports see keen forests. Ac                                                                              | Children                                           | infants                                            |            0.78 |            7102.31 |   0.49816999956631247
 AAAAAAAALOKCAAAA | Young, difficult requirements shall not go so major gains. Good relations accept to a investors; in order able signs should not app                                                                      | Children                                           | infants                                            |            0.95 |            14066.1 |    0.9866239337482745
 AAAAAAAALPMCAAAA | Schemes lose domestic parts. Surprised, religious questions learn                                                                                                                                        | Children                                           | infants                                            |             4.8 |            5614.91 |   0.39384083661018504
 AAAAAAAAMAJBAAAA | Reports must not include big in a eyes. Finally local areas                                                                                                                                              | Children                                           | infants                                            |            2.21 | 2773.2799999999997 |   0.19452331655436936
 AAAAAAAAMAOCAAAA | Houses spend maybe old, chinese activities. Now functional rules end                                                                                                                                     | Children                                           | infants                                            |            4.98 |            2866.45 |   0.20105844369745285
 AAAAAAAAMBFBAAAA | Domestic courts should increase old rises. Else different                                                                                                                                                | Children                                           | infants                                            |            3.95 | 6070.7699999999995 |     0.425815754066942
 AAAAAAAAMBFEAAAA | Genes may accept directly in a w                                                                                                                                                                         | Children                                           | infants                                            |            7.86 |  610.0300000000001 |   0.04278870463770768
 AAAAAAAAMCPDAAAA | Sympatheticall                                                                                                                                                                                           | Children                                           | infants                                            |            3.42 | 2892.6600000000003 |   0.20289686467437915
 AAAAAAAAMDNAAAAA | Valuable demands cannot go                                                                                                                                                                               | Children                                           | infants                                            |            0.65 |            8840.43 |    0.6200851566977527
 AAAAAAAAMEPDAAAA | Schemes criticize. Able signs resist helplessly old instructio                                                                                                                                           | Children                                           | infants                                            |            5.17 |  4566.709999999999 |    0.3203180259267019
 AAAAAAAAMHECAAAA | Sure, key opinions will match barely so communist children. Soviet, public years see national, vulnerable statements. True bits shall make only feet; specific, difficult pp. knock key, social policie  | Children                                           | infants                                            |            2.21 |            6248.21 |   0.43826174483938735
 AAAAAAAAMILBAAAA | Able contents pull experiments. Advanced, warm emotions might visit never in the we                                                                                                                      | Children                                           | infants                                            |            2.58 |            1328.91 |   0.09321236247413422
 AAAAAAAAMJDEAAAA | Terrible, resulting schools shall help. Metr                                                                                                                                                             | Children                                           | infants                                            |             0.1 |            3333.04 |    0.2337859844690674
 AAAAAAAAMKKAAAAA | Political, public persons contend broadly; broad plans could                                                                                                                                             | Children                                           | infants                                            |            9.63 | 17066.579999999998 |    1.1970835053945035
 AAAAAAAAMLCAAAAA | Necessary, free minutes can come less; future, g                                                                                                                                                         | Children                                           | infants                                            |            7.55 |            5392.38 |    0.3782321445081096
 AAAAAAAAMLNCAAAA | Substantial, free q                                                                                                                                                                                      | Children                                           | infants                                            |            6.31 |            3163.12 |   0.22186746129473287
 AAAAAAAAMMAEAAAA | Students ought to act special, fun cases. Fresh women practice through a hours. Able things should identify also on a years. Very general tears stay more mediterranean papers. Obvious a                | Children                                           | infants                                            |            3.83 |            6918.56 |   0.48528141297683525
 AAAAAAAAMNPAAAAA | Rules would go sufficient clothes. Big, good books pay below living, new op                                                                                                                              | Children                                           | infants                                            |            0.82 | 16951.920000000002 |      1.18904102736267
 AAAAAAAAMOMCAAAA | Circumstances appreciate. Other, personal users attend corresponding owners. Cuts will ensure severely appropriate, past regions. Curious, public incidents used to keep. H                              | Children                                           | infants                                            |            1.13 | 1141.8999999999999 |   0.08009511306951853
 AAAAAAAAMPLCAAAA | Thus personal meanings know by a patients. Observations can come;                                                                                                                                        | Children                                           | infants                                            |            7.23 |            7995.05 |    0.5607885399303391
 AAAAAAAANADAAAAA | Pale problems can see enough managers. Lovely, gastric characters should pass here. Trying books make easily afraid, possible s                                                                          | Children                                           | infants                                            |            9.58 |            5363.85 |   0.37623099416580874
 AAAAAAAANBCDAAAA | Sufficiently ready rates keep                                                                                                                                                                            | Children                                           | infants                                            |            5.59 |            8768.49 |    0.6150391435317827
 AAAAAAAANBHBAAAA | Again direct differences could deal closely often future stairs. Generally major employers ought to stay. Free members make generally trends. Just                                                       | Children                                           | infants                                            |            1.79 |            16670.2 |    1.1692806321845064
 AAAAAAAANCBDAAAA | Alone, increasing differences plan ways. Human advantages ought to import even present, inner days. Happy, prime aspects see good, compe                                                                 | Children                                           | infants                                            |            2.07 |           14075.09 |    0.9872545100391013
 AAAAAAAANDCEAAAA | Police win more always other shares; early, illegal men ought to determine away other seconds; differences provide about international, helpful books.                                                   | Children                                           | infants                                            |            2.38 |            4005.86 |     0.280978903267065
 AAAAAAAANEODAAAA | Current kinds could not see insects. Enough armed environments will cry enough throughout the guns. Only toxic men win agencies. Chief, environmental poets get eyes. Carefully new yards might inc      | Children                                           | infants                                            |             0.3 |           10984.04 |    0.7704421803661567
 AAAAAAAAOCAAAAAA | Facilities pass police; national years move rather tha                                                                                                                                                   | Children                                           | infants                                            |            9.65 |             798.56 |   0.05601256983343088
 AAAAAAAAOCMDAAAA | Bold stages might think very recent, civil kinds. Years see about stairs. Present, other servants form now ran                                                                                           | Children                                           | infants                                            |            6.07 |            1538.32 |   0.10790079195822905
 AAAAAAAAODLBAAAA | Russian, redundant proposals should curb harder expens                                                                                                                                                   | Children                                           | infants                                            |            4.34 |               7495 |    0.5257140489150026
 AAAAAAAAOECCAAAA | Now public cars go ameri                                                                                                                                                                                 | Children                                           | infants                                            |            7.69 |             961.74 |   0.06745833614456499
 AAAAAAAAOEDCAAAA | Strongly good feet help probably amongst a advantages. Critical policies dominate appropriately upon a conditions. Yet complete demands expect extr                                                      | Children                                           | infants                                            |            7.12 |            2911.38 |    0.2042099223122295
 AAAAAAAAOFDAAAAA | Facilities would come only just great pp.. Able, known examinations find necessarily. Approximately short users say reasonable agents. White, full years deal here                                       | Children                                           | infants                                            |            1.77 |            2478.11 |   0.17381951190884015
 AAAAAAAAOFIBAAAA | American, wide children might not ask british, new customers.                                                                                                                                            | Children                                           | infants                                            |            3.87 |              149.8 |  0.010507266781516663
 AAAAAAAAOHCCAAAA | Long, delighted concessions try of cours                                                                                                                                                                 | Children                                           | infants                                            |            5.97 |            1527.26 |   0.10712502179398624
 AAAAAAAAOLMAAAAA | Strange, different examples must not fathom on a relations. Parties play forth video-taped, monetary stairs. There fresh times may discern events. Other eyes need still electrical clubs. N             | Children                                           | infants                                            |            9.97 |            2206.61 |   0.15477596764193913
 AAAAAAAAOMLBAAAA | Other areas might produce particular, quiet neighbours. Strong, good matters change very. Other, new pupils lose. American, white areas settle both mutual affairs. Situation                            | Children                                           | infants                                            |            7.66 |            4733.64 |    0.3320268246172132
 AAAAAAAAONEBAAAA | Curious, large movements write more. Vital, local variations might mention so local doctors. Recent, public cells would burn about widespread, urban decades. Also high variat                           | Children                                           | infants                                            |            6.12 |             7487.9 |    0.5252160409433819
 AAAAAAAAOPIBAAAA | Matters make projects. Proposals suggest no longer fellow, cheap readers. Now proud years could not use other, old provisions. Diplomatic services reduce very far eyes. Events pull international cause | Children                                           | infants                                            |            4.32 |            4986.63 |   0.34977204105950893
 AAAAAAAAPCACAAAA | Normally old things stop right other facts. Men replace unlike a countries. Schemes impose more enough local gardens. Soft, advanced lights separate les                                                 | Children                                           | infants                                            |            2.39 |            5504.52 |     0.386097864781002
 AAAAAAAAPCFAAAAA | Low lives afford happy changes. Slight, competitive jobs experiment abstract features. Ge                                                                                                                | Children                                           | infants                                            |            3.08 |  4300.530000000001 |    0.3016476369286773
 AAAAAAAAPDICAAAA | Controversial, various systems would not go earlier european pupils. Then necessary countries cross now as various values; practical claims could support. Also other states must spend                  | Children                                           | infants                                            |            9.46 |            16414.2 |    1.1513242884190307
 AAAAAAAAPGMBAAAA | Factors                                                                                                                                                                                                  | Children                                           | infants                                            |            5.23 |             992.44 |    0.0696116945570654
 AAAAAAAAPIDCAAAA | Serious, fresh programmes keep today children; away financial figures steal; all individual travellers make further hours. Concentrations may visit now valuable units; terms will red                   | Children                                           | infants                                            |            6.24 |            1532.95 |   0.10752412959096107
 AAAAAAAAPIMCAAAA | Roads will remain regularly with a abilities.                                                                                                                                                            | Children                                           | infants                                            |            2.43 |            9151.66 |    0.6419154413466941
 AAAAAAAAPKECAAAA | Following, good foods may not avoid once more for a movements; articles understand even merely right members. Clear employees touch here until a police. Institutions forc                               | Children                                           | infants                                            |             2.2 |            3108.79 |   0.21805664818231765
 AAAAAAAAPKGAAAAA | Dead, black hopes used to help simply protective, mi                                                                                                                                                     | Children                                           | infants                                            |            3.43 |            9983.59 |    0.7002686486467419
 AAAAAAAAPLIAAAAA | Unknown, high tactics prove. Elsewhere heavy ways wait by the laws. Rather local levels sign properly both great institutions. Prices gather comparatively open, careful players.                        | Children                                           | infants                                            |            0.25 |  6948.280000000001 |    0.4873660322608585
 AAAAAAAAPNNCAAAA | Written, free years care however existing, international reports. Atlantic years would not see often also high patients. Descriptions shall not say righ                                                 | Children                                           | infants                                            |           27.35 |            5459.45 |    0.3829365662907286
 AAAAAAAAPOFAAAAA | Major, foreign projects hope then electronic difficulties. Interesting                                                                                                                                   | Children                                           | infants                                            |            0.81 | 20741.879999999997 |     1.454876279774398
 AAAAAAAAPPDBAAAA | Sites try there over successful patients. Spare structures may ensure growing, national procedures.                                                                                                      | Children                                           | infants                                            |             1.7 |            5912.33 |    0.4147024606833405
 AAAAAAAAAACCAAAA | Sometimes possible experiments may not get only often difficult collections. New, responsible things retu                                                                                                | Children                                           | newborn                                            |             2.2 |             6011.9 |    0.5202785980730177
 AAAAAAAAABDDAAAA | Especially able examples reflect in full again following men. Men make well streets. Regular miners hear high, environmenta                                                                              | Children                                           | newborn                                            |            2.88 |           11539.94 |     0.998683245737078
 AAAAAAAAABFEAAAA | Still expensive flats used to see. Final, other advertisements must meet good, low years; annual, dramatic responses shall contribute; yet australian chairs may not intervene areas; eyes               | Children                                           | newborn                                            |             6.5 |             2403.6 |    0.2080110511366299
 AAAAAAAAACHBAAAA | Enough other gardens provide. Probably high events claim in a policies;                                                                                                                                  | Children                                           | newborn                                            |            3.31 |             8736.8 |    0.7560954200243417
 AAAAAAAAADCAAAAA | Thus dynamic amounts set however european, usual peoples. Also other members enhance for a problems. Instru                                                                                              | Children                                           | newborn                                            |            1.96 | 14872.839999999998 |     1.287117274832299
 AAAAAAAAADGCAAAA | Small, pure nations ought to enter rig                                                                                                                                                                   | Children                                           | newborn                                            |            0.35 |             2152.8 |   0.18630645318977238
 AAAAAAAAAEDDAAAA | Players inhibit bare, black championships. Lovely, white dealer                                                                                                                                          | Children                                           | newborn                                            |            0.41 |             330.91 |  0.028637434236820684
 AAAAAAAAAEPAAAAA | Else delightful pp. should exist comparatively dependent, far feet. Often big dogs could use well too intermediate relations. Difficult actors                                                           | Children                                           | newborn                                            |            2.89 | 4342.5599999999995 |   0.37581147870855525
 AAAAAAAAAFLDAAAA | Forward cuts                                                                                                                                                                                             | Children                                           | newborn                                            |            4.47 |            8543.99 |    0.7394093612917517
 AAAAAAAAAHKAAAAA | Hard years write tomorrow especially pleased dogs. Great, private woods should seem just single, wonderful affairs. Strong, social eyes could not measure arrangement                                    | Children                                           | newborn                                            |            4.81 |               33.6 | 0.0029077930263732587
 AAAAAAAAAIAAAAAA | Military, short difficulties drop now important times. Methods                                                                                                                                           | Children                                           | newborn                                            |            9.71 | 3917.2200000000003 |    0.3390019344871981
 AAAAAAAAAJAEAAAA | Often t                                                                                                                                                                                                  | Children                                           | newborn                                            |             3.2 |            6868.32 |    0.5943944344910709
 AAAAAAAAAJBAAAAA | Different meetings shall not give ordinary, full wages; ne                                                                                                                                               | Children                                           | newborn                                            |            7.22 |           16387.67 |    1.4182128733484003
 AAAAAAAAAJEEAAAA | Then working imports used to bring carefully stupid, constant children. Outstanding terms work annual databases. Limits educate just better large a                                                      | Children                                           | newborn                                            |           10.71 |            2402.73 |   0.20793576006719702
 AAAAAAAAAJOAAAAA | Large feet stand deep, financial conditions; bare, human reasons will i                                                                                                                                  | Children                                           | newborn                                            |            1.81 |            9216.76 |    0.7976318587427379
 AAAAAAAAALFBAAAA | Again running courses ought to come; royal proposals could not punish tomorrow from a situations. Impressive, specific readers might find please companies. Full guests could lie internatio             | Children                                           | newborn                                            |            0.93 | 7201.5599999999995 |    0.6232335103276371
 AAAAAAAAAMEAAAAA | Nurses get british, monetary tiles. Current, political artists wait previously national bills. Drivers u                                                                                                 | Children                                           | newborn                                            |            2.05 |            5831.58 |    0.5046734421648145
 AAAAAAAAAMLDAAAA | Proceedings might not make later new                                                                                                                                                                     | Children                                           | newborn                                            |            0.18 |  884.1500000000001 |   0.07651563107940229
 AAAAAAAAANKDAAAA | Long gods see magic objects. However domestic workers believe precisely guests. Animals shall compensate simply cases. Great agents should bring whol                                                    | Children                                           | newborn                                            |            6.76 |            7280.67 |    0.6300798051584819
 AAAAAAAAAOADAAAA | Good, important colours lead now items. Children remedy to the changes. Available republics face thereafter. Bare, important talks join severely as well unable studie                                   | Children                                           | newborn                                            |            3.65 |            3369.65 |     0.291614427717817
 AAAAAAAABCNAAAAA | Close, important dealers endorse effectively curious problems; certain parents flash there symptoms. Users turn far personal injuries. Scientists could not see loosely total, new years. Comparab       | Children                                           | newborn                                            |            4.12 |             501.13 |  0.043368521407929496
 AAAAAAAABDMDAAAA | Glad answers raise recently manag                                                                                                                                                                        | Children                                           | newborn                                            |            9.88 |            2723.94 |   0.23573374215057066
 AAAAAAAABEEEAAAA | Possible, young tasks would know already costs. Users feel at length. Necessary, prepared police may wait strong, technical officials. All clear events ought to m                                       | Children                                           | newborn                                            |            9.39 |            12863.2 |    1.1132000969298959
 AAAAAAAABKJCAAAA | Rich details go in a years; firm, national limitations love full, whi                                                                                                                                    | Children                                           | newborn                                            |            1.76 |           12337.75 |    1.0677268872362105
 AAAAAAAABNEEAAAA | Yet reasonable issues cannot make much actual additional times. Orders might not pick royal, public shows. New, possible markets might change                                                            | Children                                           | newborn                                            |            7.28 |            2840.89 |    0.2458547657944502
 AAAAAAAABOJBAAAA | Criteria would spoil narrow men. Small, genuine others eat current things. Regiona                                                                                                                       | Children                                           | newborn                                            |           19.44 |  5197.639999999999 |   0.44981134957138996
 AAAAAAAABPAAAAAA | Pounds might define long possible, national beds. Clinical, mental words use                                                                                                                             | Children                                           | newborn                                            |            4.05 |            2433.48 |   0.21059690993508326
 AAAAAAAABPCEAAAA | Sure, friendly clothes impose bot                                                                                                                                                                        | Children                                           | newborn                                            |            2.72 |              32.66 | 0.0028264440548021017
 AAAAAAAACAJDAAAA | Religious, environmental activities ought to take                                                                                                                                                        | Children                                           | newborn                                            |           82.71 | 2041.4199999999998 |   0.17666746547318146
 AAAAAAAACBHBAAAA | Again top pressures conceive. Nuclear forms double further products. Major, nice questions give. Financial secrets can                                                                                   | Children                                           | newborn                                            |            1.89 |            1161.38 |   0.10050751979075523
 AAAAAAAACCGDAAAA | Central standards get simply close services. Readers advise dollars                                                                                                                                      | Children                                           | newborn                                            |            8.36 |             588.23 |  0.050906282497129224
 AAAAAAAACEBDAAAA | Normal, ordinary schools may announce then territorial, possible years; as positive levels could not get parts. Basic, new refugees should not trace in the quarters. Close funds could not attempt.     | Children                                           | newborn                                            |            1.52 |            2468.48 |   0.21362586100422207
 AAAAAAAACFMBAAAA | Red, recent letters must agree thin men; new counties can require; serious, separate homes see less to a payments. European, main books could comply to a papers                                         | Children                                           | newborn                                            |            5.57 |             409.96 |  0.035478536580118486
 AAAAAAAACGEBAAAA | White years should contribute commercial hours. Absolutely major costs may lodge times; very military arms could establish. Also pregnant beans need well                                                | Children                                           | newborn                                            |            7.99 |            5194.15 |    0.4495093198790672
 AAAAAAAACHODAAAA | There able organs monitor with a recordings. Isolated services restore however only speci                                                                                                                | Children                                           | newborn                                            |           46.93 |  6604.950000000001 |     0.571602010403097
 AAAAAAAACJLBAAAA | Roman, revolutionary ears will not bring great, reliable policies. Private, modern charges ought to persuade wel                                                                                         | Children                                           | newborn                                            |            1.95 |              43.12 |  0.003731667717179015
 AAAAAAAACKFCAAAA | Events shall stop most in a men; deaths ought to come appropriate, new securities. Children would think here along with the aspects. Corresponding engines shall not try. Friends shall bring light,     | Children                                           | newborn                                            |            0.51 |            10539.2 |    0.9120777459390788
 AAAAAAAACKFDAAAA | Enough social problems work only forces. Possible, able projects continue immediately national flowers; dead boards ought to prosecut                                                                    | Children                                           | newborn                                            |            7.46 |              482.9 |  0.041790870608203766
 AAAAAAAACKIDAAAA | Free ways say then chronic examples; magistrates keep today dates. Related cuts can make. Also healthy details must not see almost for a bodies. Chi                                                     | Children                                           | newborn                                            |           30.34 |            20873.5 |    1.8064231469048277
 AAAAAAAACLMAAAAA | Even upper changes should find either other narrow tests. Pol                                                                                                                                            | Children                                           | newborn                                            |             8.5 | 2554.8599999999997 |   0.22110131224285662
 AAAAAAAACNCCAAAA | Interestingly common commentators ought to replace therefore likely political funds; circumstances could allow v                                                                                         | Children                                           | newborn                                            |            2.64 |            2606.04 |   0.22553050412052877
 AAAAAAAACOCCAAAA | Lesser, public names end however too good materials                                                                                                                                                      | Children                                           | newborn                                            |            4.01 |           10892.84 |    0.9426822675416573
 AAAAAAAACPPAAAAA | Traditional, concerned goods recognise smoothly determined states. Hard continuing lines should hold to a traders. Determined departments would                                                          | Children                                           | newborn                                            |            4.11 |            8611.67 |     0.745266487244875
 AAAAAAAADADBAAAA | Plants                                                                                                                                                                                                   | Children                                           | newborn                                            |            1.52 | 3766.3199999999997 |   0.32594282830625393
 AAAAAAAADAEAAAAA | Prior high products would know                                                                                                                                                                           | Children                                           | newborn                                            |            1.99 |           21228.92 |    1.8371817123046368
 AAAAAAAADBJAAAAA | Arrangements used to save. Dirty, dual families come to a pictures. Most able hours dislike regular plans. Either successful marks may not take big, bright                                              | Children                                           | newborn                                            |           98.06 |            5775.24 |    0.4997976963580922
 AAAAAAAADCCDAAAA | Just new conditions cannot find formal skills; full, significant developments raise slightly authorities; away small hospitals validate at least just advanced objectives. Students give just prime fi   | Children                                           | newborn                                            |               3 |           10129.08 |    0.8765853627255014
 AAAAAAAADDKAAAAA | Labour, little sports borrow over new versions. Here hostile birds av                                                                                                                                    | Children                                           | newborn                                            |            3.16 |            2205.16 |   0.19083776398920402
 AAAAAAAADGBAAAAA | Countries make. Psychological, old pounds can date direct frankly unable sources. Successful agents used to make. Managers can represent obvious                                                         | Children                                           | newborn                                            |            0.69 |            6715.41 |     0.581161379977299
 AAAAAAAADGKDAAAA | International, important languages would not marry hotly seemingly residential poets. Forward nuclear workers use                                                                                        | Children                                           | newborn                                            |           74.76 |            9166.24 |    0.7932597842280839
 AAAAAAAADHMAAAAA | More expensive practitioners turn occasionally fires. Civil                                                                                                                                              | Children                                           | newborn                                            |            8.68 |             378.16 |   0.03272651818015808
 AAAAAAAADKMDAAAA | Responsible, strange detectives used to use with the concerns; members could happen then federal, popular teams. Comparisons c                                                                           | Children                                           | newborn                                            |            4.68 |           11910.92 |    1.0307883962407671
 AAAAAAAADLFAAAAA | Ju                                                                                                                                                                                                       | Children                                           | newborn                                            |            7.65 |            3726.52 |    0.3224984782333475
 AAAAAAAADOMCAAAA | National police come instead. Initial others choose to a wings. So detailed moments                                                                                                                      | Children                                           | newborn                                            |            1.27 |           13389.39 |    1.1587373473033287
 AAAAAAAADPFCAAAA | Again g                                                                                                                                                                                                  | Children                                           | newborn                                            |            8.89 |            3789.92 |   0.32798520674144466
 AAAAAAAAEALBAAAA | Runs make guilty problems; today social letters ought to reject somewhat tables. Southern views would work thick more than exceptional kings. New relations enjoy                                        | Children                                           | newborn                                            |            8.59 |            9624.56 |     0.832923465771161
 AAAAAAAAECPBAAAA | Boys stand more alternative women. Special, low wome                                                                                                                                                     | Children                                           | newborn                                            |            1.85 |             884.58 |   0.07655284390682313
 AAAAAAAAEDFBAAAA | Good, acceptable presents may not visit on a elections. Unemployed employees ought to recognise only to the circumstances. Great figures could not stand also always sensible matters. Feet lead practi  | Children                                           | newborn                                            |            4.74 |            1744.92 |   0.15100792284461984
 AAAAAAAAEEDAAAAA | Orig                                                                                                                                                                                                     | Children                                           | newborn                                            |            3.75 |           10277.62 |    0.8894402310629266
 AAAAAAAAEFEDAAAA | Still old banks shall offer huge, chief houses. Elections may not upset perhaps great, running members. Public, personal employers will begin also. Probably european wheels would not say yea           | Children                                           | newborn                                            |            5.16 |               2204 |   0.19073737589662684
 AAAAAAAAEFFDAAAA | Boots know; very natural words could not make. Presumably other events want however upstairs literary                                                                                                    | Children                                           | newborn                                            |            4.59 |             768.92 |   0.06654345874520613
 AAAAAAAAEHJCAAAA | Notable, particular years think still private items. Young answers gain abo                                                                                                                              | Children                                           | newborn                                            |           39.68 |  4563.990000000001 |    0.3949743540011098
 AAAAAAAAEIEAAAAA | Defences think about flowers. Differences form dirty, wonderful politicians. Low, relative reservations compare wonderful, national memories. Private councils must no                                   | Children                                           | newborn                                            |            0.81 |            5089.34 |    0.4404389095488833
 AAAAAAAAEIEDAAAA | Industrial, vocational plants add suff                                                                                                                                                                   | Children                                           | newborn                                            |           22.13 |            4692.58 |   0.40610272022912575
 AAAAAAAAEINBAAAA | Healthy members remain locally exciting, part-time futures. Local servi                                                                                                                                  | Children                                           | newborn                                            |           25.48 |            5807.93 |    0.5026267366566679
 AAAAAAAAEJDEAAAA | Very national operations silence technically. Already little parents know; already g                                                                                                                     | Children                                           | newborn                                            |             0.2 |            4302.74 |    0.3723653978064665
 AAAAAAAAEKLBAAAA | Red, local periods might protect so tonight social projects. Environmental, good laws must use appropriate flowers. Red, medium evenings p                                                               | Children                                           | newborn                                            |            1.31 | 6766.5599999999995 |    0.5855879756111976
 AAAAAAAAEMNCAAAA | Principal arrangements hit. Public consumers store too thick differences. Nevertheless superb presents qualify. Still poor depths might not build continuous, sure children. Unique members sho          | Children                                           | newborn                                            |           86.69 |            3848.65 |   0.33306778663545955
 AAAAAAAAEPECAAAA | Numerous components pay officially problems. Sooner particular policies make targets. Studies apply useful differences; general, pink solutions                                                          | Children                                           | newborn                                            |            6.95 |  8635.380000000001 |    0.7473183852405688
 AAAAAAAAEPGAAAAA | Automatic, important ideas must get here generations. Groups find only different knees. Head forces could arrange significant operations. Certainly substantial shows forget together here sta           | Children                                           | newborn                                            |            8.26 |            13019.5 |    1.1267265269900786
 AAAAAAAAFAHBAAAA | Places can devise again. Subjects cannot rebuild home                                                                                                                                                    | Children                                           | newborn                                            |            0.58 |             3501.9 |    0.3030595356862058
 AAAAAAAAFBFCAAAA | Right sources say. Just temporary creatures want twice dark, good methods. Prices could comply at first nurses. New birds manage vitally divine, hot scenes. Useful, long-t                              | Children                                           | newborn                                            |            1.85 |            3717.13 |    0.3216858539322271
 AAAAAAAAFCDDAAAA | Conservative relations would not gain times; available, previous populations know because of the instruments. Systems provide so dep                                                                     | Children                                           | newborn                                            |            4.23 |           10552.39 |    0.9132192277848485
 AAAAAAAAFCKCAAAA | Ago double citizens dismiss also general, new years. Due, following rights dispose mo                                                                                                                    | Children                                           | newborn                                            |            7.97 |            1751.96 |   0.15161717471681233
 AAAAAAAAFDFDAAAA | Once necessary circumst                                                                                                                                                                                  | Children                                           | newborn                                            |            0.55 |  9597.119999999999 |    0.8305487681329561
 AAAAAAAAFFDAAAAA | Resources shall                                                                                                                                                                                          | Children                                           | newborn                                            |            0.95 |           11858.79 |    1.0262769899769326
 AAAAAAAAFFKCAAAA | Parental industries used to want. Contemporary services shall reveal bonds. Notable costs clear forward vast answers; inner students could not seek expensive, female days. There amer                   | Children                                           | newborn                                            |            5.55 |             3774.2 |   0.32662477500410575
 AAAAAAAAFHHDAAAA | Parents would subscribe again com                                                                                                                                                                        | Children                                           | newborn                                            |            6.35 |             2086.3 |   0.18055144615840865
 AAAAAAAAFHKAAAAA | Of course tiny conservatives can tackle conflicts. Other lives stumble long inadequate hands. Italian, individual parents delight solar, known workers. Directions talk there safe wave                  | Children                                           | newborn                                            |            1.11 |            4501.45 |    0.3895620511478543
 AAAAAAAAFIIBAAAA | A bit expert books establish worth a others. Hands believe all due sessions. Useful firms might not give children. Old feet may not benefit simply new materials. Courses laugh later basic, sma         | Children                                           | newborn                                            |            2.14 |            6566.51 |    0.5682753567145913
 AAAAAAAAFNHDAAAA | Chemicals should round home with a policies. Years manage double, good days. Public, new supplies call as well onto the customs. Hands may dam                                                           | Children                                           | newborn                                            |            5.66 | 13996.259999999998 |    1.2112567625984219
 AAAAAAAAGABDAAAA | Gothic, normal standards would play home chief events. Short flowers manage by the jobs; independent, likely kinds sleep now afraid, other structures.                                                   | Children                                           | newborn                                            |            9.02 | 14328.810000000001 |     1.240036124828197
 AAAAAAAAGBKAAAAA | Safe, great demands would assume now too able parents. Ready, only se                                                                                                                                    | Children                                           | newborn                                            |            4.64 | 2270.7799999999997 |   0.19651661453654368
 AAAAAAAAGCFBAAAA | Young companies could lead industrial daughters. Terrible increases can promote sure subjects. Much di                                                                                                   | Children                                           | newborn                                            |            1.52 |            1182.96 |   0.10237508447852708
 AAAAAAAAGCFDAAAA | Always annual ideas boost so on a industries. Entries make both by a doctors. Regional refugees shall confer always economic, glorious schemes. Organizations                                            | Children                                           | newborn                                            |            9.37 |             396.96 |   0.03435349761158121
 AAAAAAAAGFBBAAAA | Either primary efforts                                                                                                                                                                                   | Children                                           | newborn                                            |            8.55 |           12194.92 |    1.0553661706303505
 AAAAAAAAGGICAAAA | Members know much stable months. Alone men should not promote finally at a shares. Running numbers would not supply there years;                                                                         | Children                                           | newborn                                            |            3.15 |                847 |   0.07330061587315922
 AAAAAAAAGGLAAAAA | Important, managerial children used to raise there opportunities. Already                                                                                                                                | Children                                           | newborn                                            |            6.03 |            5496.84 |    0.4757045541395709
 AAAAAAAAGGNAAAAA | Goods shall carry various, similar details. Horizontal, distinct forests agree today of course criminal days; competitors go in addition earlier social securities. Appropriate                          | Children                                           | newborn                                            |             9.1 |  7001.389999999999 |    0.6059105064559366
 AAAAAAAAGHLBAAAA | National features get by a occupations. Accounts operate. Old unions could not make only once available assumptions. Sm                                                                                  | Children                                           | newborn                                            |            5.58 |            4196.34 |   0.36315738655628454
 AAAAAAAAGILDAAAA | Never white services sound great miles. Already good others will n                                                                                                                                       | Children                                           | newborn                                            |            9.22 |            1984.45 |   0.17173719854721467
 AAAAAAAAGKEDAAAA | Just positive windows ought to prepare. Normally national companies used to fear still american, previous grounds. Views add anything but individual earnings; roots s                                   | Children                                           | newborn                                            |            1.67 |  5105.509999999999 |    0.4418382849428254
 AAAAAAAAGNDEAAAA | Specific readers                                                                                                                                                                                         | Children                                           | newborn                                            |             1.8 |            6041.95 |    0.5228791689195211
 AAAAAAAAGOMDAAAA | Particular kids mig                                                                                                                                                                                      | Children                                           | newborn                                            |            7.78 |  8549.890000000001 |    0.7399199559005495
 AAAAAAAAGPCAAAAA | Subsequently educational doctors will not form upstairs by the problems. Married lines may ask areas. Very revolutionary aims wear initial activities. Other, naked minutes reca                         | Children                                           | newborn                                            |            8.14 |            4515.65 |   0.39079093986733343
 AAAAAAAAHBHBAAAA | Situations may teach long in a things. Attractive families watch very years. Also general efforts might come almost old, sound cells. Also statutory fathers sue roughly key parents. Shares r           | Children                                           | newborn                                            |            6.26 |            4464.88 |    0.3863972299878998
 AAAAAAAAHBIAAAAA | Stages will speak. Full, top hands find wide officers. Widely late months could expect; cultural societies handle economic relatives. All technologica                                                   | Children                                           | newborn                                            |            1.61 |            5210.76 |   0.45094677351502144
 AAAAAAAAHCDBAAAA | Men may not expand through the movements. Never dependent problems ignore with a friends. Partners                                                                                                       | Children                                           | newborn                                            |            5.49 |             261.47 |  0.022627995315649286
 AAAAAAAAHCHAAAAA | Educational, round parents would not pay no longer. Bloody efforts will not remember big, new grounds. Small, precious rates afford extended, pr                                                         | Children                                           | newborn                                            |            8.69 |             350.31 |   0.03031633854371477
 AAAAAAAAHDBCAAAA | Light, cognitive feet begin always with a months; then long kids take really negotia                                                                                                                     | Children                                           | newborn                                            |            2.76 | 2030.6799999999998 |   0.17573801020225144
 AAAAAAAAHDFBAAAA | Wonderful, cultural novels show now                                                                                                                                                                      | Children                                           | newborn                                            |            7.23 |             733.46 |   0.06347469860487293
 AAAAAAAAHGADAAAA | Common writers must not face also parts. Prices used to give either big gardens. Thereby big clothes fail genuine,                                                                                       | Children                                           | newborn                                            |            5.01 |            4233.23 |    0.3663499009831568
 AAAAAAAAHKEBAAAA | Great things stay yet large possibilities                                                                                                                                                                | Children                                           | newborn                                            |            4.88 |            4617.59 |    0.3996129762098481
 AAAAAAAAHMCEAAAA | Either poor notes can say earlier police. Pattern                                                                                                                                                        | Children                                           | newborn                                            |            5.16 |  4645.339999999999 |    0.4020145017003795
 AAAAAAAAHNBBAAAA | Problems must manage available details. Further appropriate owners will not want un                                                                                                                      | Children                                           | newborn                                            |            7.24 |              31.11 |  0.002692304793168812
 AAAAAAAAHNODAAAA | Good owners can receive sometimes immediate rivers. Both young ways would give full payments. Laws used to find. Doubts could interview real women. Green, glorious schools could not perform effec      | Children                                           | newborn                                            |            3.69 |            8622.18 |    0.7461760379802078
 AAAAAAAAIAJDAAAA | Strong, remaining goods used to commemorate tomorrow between a hous                                                                                                                                      | Children                                           | newborn                                            |            7.04 |           11608.86 |     1.004647683099508
 AAAAAAAAIDLDAAAA | Rarely horizontal years draw initially types. Once gastric reasons                                                                                                                                       | Children                                           | newborn                                            |            0.36 | 15481.940000000002 |    1.3398296775812266
 AAAAAAAAIEEEAAAA | Attractive buildings may oblige necessarily for a acts; elements go about for a enquiries. Anyway moral flowers s                                                                                        | Children                                           | newborn                                            |            1.91 |             2307.1 |    0.1996598003317186
 AAAAAAAAIGBCAAAA | New lives find proceedin                                                                                                                                                                                 | Children                                           | newborn                                            |            0.22 |            3550.63 |    0.3072767009890382
 AAAAAAAAIGPCAAAA | Deep financial serv                                                                                                                                                                                      | Children                                           | newborn                                            |           60.92 | 176.66000000000003 |  0.015288414167830356
 AAAAAAAAIHEAAAAA | Large things tell just hard customers. Now                                                                                                                                                               | Children                                           | newborn                                            |            5.61 |            8790.82 |    0.7607703896459098
 AAAAAAAAIHEBAAAA | Shoulders stop basic features. Successful, available variations shall overcome only parents. Educational ro                                                                                              | Children                                           | newborn                                            |            2.16 |             307.93 |   0.02664871150628326
 AAAAAAAAIHLDAAAA | In part integrated bottles ought to                                                                                                                                                                      | Children                                           | newborn                                            |            1.46 |  963.1600000000001 |   0.08335327176433537
 AAAAAAAAIHODAAAA | Original lads should not say increasingly little examples; also perfect games show small steps. Mechanisms must not cause really previous children. Dangerous, dead books begin simply up to a           | Children                                           | newborn                                            |            4.21 | 2171.1000000000004 |   0.18789016189163638
 AAAAAAAAIICBAAAA | Modern forms must ride all available months; essential spots succeed police; never united prices might get promptly so big so                                                                            | Children                                           | newborn                                            |            2.62 |            2603.21 |   0.22528559179122412
 AAAAAAAAIJOAAAAA | Resid                                                                                                                                                                                                    | Children                                           | newborn                                            |            0.36 | 3983.8199999999997 |    0.3447655956644737
 AAAAAAAAIKGCAAAA | Well large disputes must replace available decisions. Nearly back organizations write. Women take. Centres attribute here. Hills wo                                                                      | Children                                           | newborn                                            |            4.74 |              21.16 |  0.001831217274942207
 AAAAAAAAIMEBAAAA | Elements might change forwards about the exports. Responsible, british examinations help firmly messages. Other, young fragments get both sufficient skills. Again voluntar                              | Children                                           | newborn                                            |             3.9 |            2492.81 |   0.21573141470456914
 AAAAAAAAIMGDAAAA | Even pale systems blame; funny women attempt. Parts should b                                                                                                                                             | Children                                           | newborn                                            |            9.54 |            1041.75 |   0.09015456503643876
 AAAAAAAAINDCAAAA | Spanish, poor organisations will not scream largely subsequent things. Pressures must use away sounds. Curious contributions can correct as well w                                                       | Children                                           | newborn                                            |             3.4 |            6830.09 |      0.59108595450898
 AAAAAAAAINLDAAAA | Blue actions turn. Other, young girls might not make in a sides. Now legal industries should allow only; central, dominant childr                                                                        | Children                                           | newborn                                            |            7.79 |             265.99 |   0.02301916271086378
 AAAAAAAAINPBAAAA | Tons make sometimes golden citizens. Political years mean far clean, tall hotels. Basic problems might read once holy children. Briti                                                                    | Children                                           | newborn                                            |            8.67 |            7811.57 |    0.6760246658043618
 AAAAAAAAIOKCAAAA | Long, possible costs escape typically t                                                                                                                                                                  | Children                                           | newborn                                            |            4.84 | 15345.920000000002 |     1.328058308311962
 AAAAAAAAIOLCAAAA | Elsewhere financial accounts will not help. Direct elections ought to help patients; necessary, extensive needs arrive outside movements; sti                                                            | Children                                           | newborn                                            |            2.92 |           11923.28 |    1.0318580486754687
 AAAAAAAAIPDDAAAA | There new authorities shall seem considerable police. Following, other movies get agricultural,                                                                                                          | Children                                           | newborn                                            |           84.76 | 3976.0299999999997 |    0.3440914376979425
 AAAAAAAAIPJAAAAA | Real materials see very biological sites. Permanent offences depress at least                                                                                                                            | Children                                           | newborn                                            |            1.96 |             1053.4 |    0.0911627730351664
 AAAAAAAAJAAEAAAA | At least vocational processes pursue even quick, multiple bones. Birds will die precisely polish families. Other                                                                                         | Children                                           | newborn                                            |           48.08 |            3799.62 |    0.3288246588948917
 AAAAAAAAJAMBAAAA | Forward separate relations will say already whole following animals. Negotiations might make rapidly neutral demands. The                                                                                | Children                                           | newborn                                            |            2.63 |            1384.01 |    0.1197742448342516
 AAAAAAAAJBMAAAAA | Previous issues go supposedly later political areas. Hills could derive relatively interested changes. Long, tot                                                                                         | Children                                           | newborn                                            |            9.63 |            2325.78 |   0.20127639478804757
 AAAAAAAAJEOBAAAA | Little scientists should try previously jointly mutual winners. Continuing, real demands influence here dear men. C                                                                                      | Children                                           | newborn                                            |             2.9 |           17111.72 |    1.4808732168229708
 AAAAAAAAJFCAAAAA | Families ou                                                                                                                                                                                              | Children                                           | newborn                                            |            8.14 |            7745.37 |    0.6702956212107335
 AAAAAAAAJHIBAAAA | Never                                                                                                                                                                                                    | Children                                           | newborn                                            |            8.12 |            2560.26 |   0.22156863612209524
 AAAAAAAAJMABAAAA | Thick, indian friends must not reflect industrial, dead designs. Conditions could not win too; a l                                                                                                       | Children                                           | newborn                                            |           96.17 |            1427.45 |   0.12353360581834845
 AAAAAAAAJOLDAAAA | Long dreadful systems shi                                                                                                                                                                                | Children                                           | newborn                                            |            4.46 |  4459.110000000001 |    0.3858978857687876
 AAAAAAAAJPABAAAA | Never regional scientists keep evil, sure parameters. Pieces will make clearly o                                                                                                                         | Children                                           | newborn                                            |            9.56 |            2982.08 |    0.2580735544073562
 AAAAAAAAJPHAAAAA | Funds might save around outside a chairs; only central parents might not go. Rates nego                                                                                                                  | Children                                           | newborn                                            |            9.72 | 12078.179999999998 |    1.0452633206928856
 AAAAAAAAKAAAAAAA | Poor, formal reasons would dominate. Slightly individual profits say such as the leaders. Possible, pregnant programmes mention like a rocks. Newly different years feel                                 | Children                                           | newborn                                            |            7.05 |            7409.76 |     0.641251442116057
 AAAAAAAAKABCAAAA | Now mental circumstances appe                                                                                                                                                                            | Children                                           | newborn                                            |             9.7 |            2974.87 |    0.2574495904871136
 AAAAAAAAKAGBAAAA | Agreements will say necessarily. Issues lie in the ears; sums offer to a interes                                                                                                                         | Children                                           | newborn                                            |            7.25 |             767.59 |   0.06642835860457885
 AAAAAAAAKAMAAAAA | Cases used to expect yesterday much free animals. Indian eyes drop home gay, bitter                                                                                                                      | Children                                           | newborn                                            |            7.09 |             525.55 |    0.0454818638395972
 AAAAAAAAKBBBAAAA | Upstream good owners govern possibilities. Activities ought to know; again central variations should manufacture even. Lives would not look financial characters. Indeed old russians may                | Children                                           | newborn                                            |            9.09 |  4685.110000000001 |    0.4054562555295125
 AAAAAAAAKELBAAAA | Sometimes single exchanges depend french, legal girls. Black weeks like most men. Somewhat normal bacteria select empty children. Then free hands w                                                      | Children                                           | newborn                                            |            3.09 | 7084.7699999999995 |    0.6131263333172164
 AAAAAAAAKFBDAAAA | Aims contact really good days; real, environmental drugs shape often canadian, old schools. Supreme islands will decide boys. Around profitable areas can spread also processes; old sequences would n   | Children                                           | newborn                                            |            8.75 |            5581.72 |   0.48305019318952813
 AAAAAAAAKGDBAAAA | Common, bad needs say largely wide things. Public doctors shall help long clear hotels; before secondary developments should mean immediate, bad circumstances. New                                      | Children                                           | newborn                                            |            7.61 |            2407.57 |   0.20835462072932937
 AAAAAAAAKGKAAAAA | Private, logical workers go just yellow, alive lessons. Volunteers could see o                                                                                                                           | Children                                           | newborn                                            |            4.83 |           12107.31 |    1.0477842733970006
 AAAAAAAAKHFDAAAA | Subje                                                                                                                                                                                                    | Children                                           | newborn                                            |            8.24 |            9686.07 |    0.8382466309215246
 AAAAAAAAKHODAAAA | Real aware chemicals run mostly values. Equally religious characters imagine logical, current representations. Normal wages see natural s                                                                | Children                                           | newborn                                            |            8.17 |            8156.06 |    0.7058373330560084
 AAAAAAAAKHPDAAAA | Weak targets recognize to a times. Preliminary police inform soviet, hard museums. Examples ought to ruin now concerns. Political, marginal items collapse ot                                            | Children                                           | newborn                                            |            7.46 |            4977.45 |   0.43075578568814216
 AAAAAAAAKIFCAAAA | Other women should charge nearly                                                                                                                                                                         | Children                                           | newborn                                            |           85.21 |            6844.51 |    0.5923338823494653
 AAAAAAAAKJHDAAAA | Scientific hands must understand in the columns. Hotly important solicitors may see here common figures. About bad opportunities would not go only new, white minutes. Legal, common pai                 | Children                                           | newborn                                            |            1.87 |            3419.56 |    0.2959337119424089
 AAAAAAAAKKLDAAAA | Old qualifications ought to take anxious, important farmers. Already great lines shoul                                                                                                                   | Children                                           | newborn                                            |            9.96 |            1076.85 |   0.09319217025148938
 AAAAAAAAKLJBAAAA | Here other observers shall approach however; as uncertain owners spare really; users meet historical measures. Dyn                                                                                       | Children                                           | newborn                                            |            9.88 | 10223.650000000001 |    0.8847695885143145
 AAAAAAAAKOKBAAAA | Pretty important savings come both certain hands. Likely, theoretical others can grow social demands. Similar, bad circumstances hang perhaps to the cells. Even                                         | Children                                           | newborn                                            |             0.4 | 5606.8099999999995 |   0.48522151839880506
 AAAAAAAALAPCAAAA | In part social characters may face similar, main candidates. Most serious women may argue able owners. Independent, simple cars may serve as general, specified studies; explicitly exciting             | Children                                           | newborn                                            |            4.54 |           14049.91 |    1.2158997118801165
 AAAAAAAALEMBAAAA | Jobs entitle european, new ages. Years will not reply very tod                                                                                                                                           | Children                                           | newborn                                            |            4.54 |            1759.76 |   0.15229219809793468
 AAAAAAAALFMDAAAA | Above personal columns dare merely                                                                                                                                                                       | Children                                           | newborn                                            |            7.82 |            1222.11 |   0.10576318260300663
 AAAAAAAALHPBAAAA | American, gay recordings co-operate warm, independent standards. Too alive fears serve le                                                                                                                | Children                                           | newborn                                            |            4.87 |            1349.54 |   0.11679116073844546
 AAAAAAAALIECAAAA | Items could make; countries consider crossly at the flames; still increased techniques resume as with a services; initially marginal issues resist high rumours; american, sad feet creat                | Children                                           | newborn                                            |            9.89 |  5864.370000000001 |    0.5075111366093021
 AAAAAAAALJBBAAAA | Aware, only packages can make prime factors. Both national suggestions wo                                                                                                                                | Children                                           | newborn                                            |            2.86 |            2004.05 |   0.17343341114593241
 AAAAAAAALMBEAAAA | Fast appropriate eyes shall heal huge, bare shots. Generally gradual advantages carry even gastric children. Services secure wide conclusions. Remaining, careful breasts may spring also                | Children                                           | newborn                                            |             0.6 |            10167.8 |      0.87993624802256
 AAAAAAAALMGCAAAA | Now economic meetings protect so major proposals. Things must not see suddenly widely voluntary hours. Sometimes new yea                                                                                 | Children                                           | newborn                                            |            2.27 |            4310.35 |   0.37302397831035644
 AAAAAAAALNKAAAAA | Long-term ladies can replac                                                                                                                                                                              | Children                                           | newborn                                            |            0.55 |            2559.52 |    0.2215045954423477
 AAAAAAAALOLBAAAA | Requirements would think less. Total, dull ideas happen scenes. So significant groups would draw. Men might not think                                                                                    | Children                                           | newborn                                            |            4.39 |           12218.67 |     1.057421530284409
 AAAAAAAAMAEDAAAA | Most academic bits live; events would not cau                                                                                                                                                            | Children                                           | newborn                                            |            1.67 |            5028.25 |   0.43515209181134934
 AAAAAAAAMAKDAAAA | Good, obvious operations pull too concerned women. Federal, political members could borrow over in a children. Top, clear towns could make also also complete masses; only vital oper                    | Children                                           | newborn                                            |            5.44 |            2122.58 |   0.18369117029521878
 AAAAAAAAMBIBAAAA | Sound functions might not hear very years. Big, industrial nations feel methods. Films follow also able, irish police. Structural experiments could experience firm, considerable gro                    | Children                                           | newborn                                            |            9.62 |            1548.28 |    0.1339904103236068
 AAAAAAAAMCHCAAAA | Wages correspond with a communities. New, funny criteria return just video-taped, other children. Good methods should direct often new individuals. F                                                    | Children                                           | newborn                                            |            2.91 |            5619.26 |    0.4862989595648273
 AAAAAAAAMDLCAAAA | Independent waves protect well so small sheets. Possibly financial services report recently divine rooms. As similar fields shall save. Reasons cannot plant disti                                       | Children                                           | newborn                                            |             0.5 |              270.9 |  0.023444081275134393
 AAAAAAAAMEGDAAAA | Buildings may not hear into a shapes; differently independent charges should not pull                                                                                                                    | Children                                           | newborn                                            |            2.91 |            4268.13 |    0.3693701979063838
 AAAAAAAAMFFDAAAA | Old things could claim again normal, silver days. Other pieces can establish more wise, international things. Top, current t                                                                             | Children                                           | newborn                                            |            0.94 |            1862.46 |   0.16118000594937915
 AAAAAAAAMFJDAAAA | Official women open other, good beliefs. Silver police use widely with a teachers. More good experts would meet. Flowers present often unnecessary courses. Troops begin less awar                       | Children                                           | newborn                                            |            6.41 |             3610.7 |   0.31247524643827157
 AAAAAAAAMGLAAAAA | Lines get in a areas. Deep scenes might hear all but by the efforts. Average defences eat completely. Public seconds know outstanding tasks. Political, friendly classes g                               | Children                                           | newborn                                            |            9.34 |            9884.59 |      0.85542684138568
 AAAAAAAAMHCEAAAA | Directly subjective positions must move ever. Signif                                                                                                                                                     | Children                                           | newborn                                            |            4.32 |           11531.19 |    0.9979260079697934
 AAAAAAAAMHOBAAAA | Customers might correlate however expensive materials. Mainly broad participants steal. Main traditions return best more clear views. Towns will not remain                                              | Children                                           | newborn                                            |            1.52 |            5005.13 |   0.43315125327653536
 AAAAAAAAMJBDAAAA | Ever white generations will not assume and so on at a readers                                                                                                                                            | Children                                           | newborn                                            |            4.94 |           15850.03 |    1.3716847232680638
 AAAAAAAAMLBEAAAA | National days find regular, new fingers.                                                                                                                                                                 | Children                                           | newborn                                            |            5.45 |            1149.64 |   0.09949152306070695
 AAAAAAAAMLGDAAAA | Rational, linear problems realise relatively. Associations contain as feet. Certain fathers would forgive deep doors. Minds lock a little late champions. Giant, right managers                          | Children                                           | newborn                                            |            3.95 |            2404.93 |   0.20812615127725714
 AAAAAAAAMLHCAAAA | Facts will sound better real levels. Big, other stages commit strong muscles. Here american assets keep mental, free applications; always heavy defendants support top readers. Negotiat                 | Children                                           | newborn                                            |            4.46 |            4608.34 |   0.39881246771300427
 AAAAAAAAMLNBAAAA | Generations should not join into the teeth. Strong, new skills may not produce pointedly according to the eyes. Financial states could not expect confident operations. Personal, red artists ought      | Children                                           | newborn                                            |            8.23 |            4886.76 |    0.4229073407607079
 AAAAAAAAMODAAAAA | Additional, alternative schools see ahead different, academic eyes. Small,                                                                                                                               | Children                                           | newborn                                            |            3.29 |            1359.36 |   0.11764099786698669
 AAAAAAAAMONCAAAA | Ideas would determine surprisingly. Widely wide models see almost national, english elements. Ra                                                                                                         | Children                                           | newborn                                            |            2.82 |            2335.71 |   0.20213575147709179
 AAAAAAAAMPMCAAAA | Rarely young others rival right modern, white authorities. Possible twins could not get black, major teache                                                                                              | Children                                           | newborn                                            |            2.16 |            5113.83 |    0.4425583098826893
 AAAAAAAAMPNBAAAA | Major, short persons could not see. Better mixed eggs will get to the models. Women tap sole rates; days could not wait firms. Paths will not get heavily just safe things. Small developments raise e   | Children                                           | newborn                                            |            4.34 |           10640.89 |    0.9208781469168138
 AAAAAAAANCGEAAAA | New students should not carry here                                                                                                                                                                       | Children                                           | newborn                                            |             3.8 |           17114.41 |    1.4811060133479987
 AAAAAAAANEDCAAAA | Always fresh hills                                                                                                                                                                                       | Children                                           | newborn                                            |            2.41 |             1953.8 |   0.16908470282524027
 AAAAAAAANIGBAAAA | Instructions govern now very financial firms. Other relatives support reports. Fine miles can agree. Legal guests might make at le                                                                       | Children                                           | newborn                                            |            5.37 |            2193.32 |   0.18981311311324395
 AAAAAAAANJMAAAAA | Certainly esse                                                                                                                                                                                           | Children                                           | newborn                                            |            2.67 |            8087.69 |    0.6999204934960934
 AAAAAAAANKPCAAAA | Men imagine darkly about a units. Shoes could think properly; eggs happen already. Inc, complete methods shall say effects. So public results ought to drop furthermore foreign direct products. Quiet s | Children                                           | newborn                                            |            5.31 | 26920.890000000003 |    2.3297731013619525
 AAAAAAAANOPBAAAA | Points would not last. Powers worry most; educational, other leaders u                                                                                                                                   | Children                                           | newborn                                            |            4.28 |            1817.64 |    0.1573012177516991
 AAAAAAAAOAMAAAAA | Quiet, other types need most other documents; rooms get into a readers. Variable, international features ought to know too sure true                                                                     | Children                                           | newborn                                            |             0.9 |            1044.03 |   0.09035187956322836
 AAAAAAAAODIAAAAA | Below free b                                                                                                                                                                                             | Children                                           | newborn                                            |           97.72 |            1173.25 |   0.10153476691048886
 AAAAAAAAOEFAAAAA | Sets shall engage real studies; united positions must breathe infrequently eyes. Different powers refer valuable, easy reasons. W                                                                        | Children                                           | newborn                                            |            7.17 |              18.43 | 0.0015949590915493796
 AAAAAAAAOEOAAAAA | Quiet, hard ends will not vary total names. Effective titles will not appear. Serious, bare others should not happen still very other executives. New, we                                                | Children                                           | newborn                                            |            0.17 |            8971.53 |    0.7764092967231692
 AAAAAAAAOGAAAAAA | Parts see so normal, good boys. Very ideal rules may go only private lost principles. Still careful methods begin even with a execut                                                                     | Children                                           | newborn                                            |            2.07 | 15165.380000000001 |    1.3124341132827526
 AAAAAAAAOGKCAAAA | Just commercial days might turn long precious, long spo                                                                                                                                                  | Children                                           | newborn                                            |            4.32 |              872.4 |   0.07549876893476282
 AAAAAAAAOHGBAAAA | Easily central cases capture; past, open settings should shift just. Decent hours collapse ot                                                                                                            | Children                                           | newborn                                            |             1.6 |             939.09 |   0.08127021884335903
 AAAAAAAAOHLAAAAA | Existing, massive prisoners leave. Scientific cells go please gothic women. Even parliamentary proce                                                                                                     | Children                                           | newborn                                            |            4.22 |            8530.28 |    0.7382228778872406
 AAAAAAAAOIFEAAAA | Foreign pictures introduce immediately fit pp.. Christians will avoid about proper pro                                                                                                                   | Children                                           | newborn                                            |            5.42 |             217.16 |   0.01879334326211955
 AAAAAAAAOLLCAAAA | Equal, complete officers draw now mathematical areas. Badly opposite phrases must echo just newspapers. New offences wish bloody british, ordinary modules. Almost british hands                         | Children                                           | newborn                                            |            2.81 |             916.89 |   0.07934899845093384
 AAAAAAAAOOMBAAAA | Diplomatic, automatic governments offer more aware girls. Very red men leave amongst the eyes. High, liberal accounts will seek sound roots. Short, social courts break walls. Both old achievements mus | Children                                           | newborn                                            |            4.67 | 15806.060000000001 |    1.3678794953106344
 AAAAAAAAOPLBAAAA | Libraries might re                                                                                                                                                                                       | Children                                           | newborn                                            |            9.25 |            8458.05 |    0.7319719882951291
 AAAAAAAAPBFEAAAA | Years might make also real, french hands. Other proble                                                                                                                                                   | Children                                           | newborn                                            |            8.02 | 3677.7599999999998 |    0.3182787166867415
 AAAAAAAAPBJDAAAA | Special sheets make by now national, inner patients. Less spectacular factors may not prevent already. Activities spend then unlike a windows. Arts stray practically always gla                         | Children                                           | newborn                                            |            6.84 | 4720.6900000000005 |    0.4085354006449399
 AAAAAAAAPEOBAAAA | Banks c                                                                                                                                                                                                  | Children                                           | newborn                                            |            2.78 |            5190.82 |   0.44922113682020354
 AAAAAAAAPFFAAAAA | Ago real links require administrative, recent pp.. Most complete reasons address further in an friends.                                                                                                  | Children                                           | newborn                                            |            2.07 |  8049.379999999999 |    0.6966050901972731
 AAAAAAAAPKLBAAAA | Combinations would require entirely problems. Pounds operate tight services. Novel ways return now anxious, foreign services                                                                             | Children                                           | newborn                                            |            1.79 |             2896.8 |    0.2506932987737516
 AAAAAAAAPLJCAAAA | Subjects must leave darling, good changes; successful millions disturb goods. Healthy, asleep jobs must involve extremely bett                                                                           | Children                                           | newborn                                            |            1.63 |            2166.66 |   0.18750591781315132
 AAAAAAAAPMAEAAAA | Major applicants wait old schools. Actual guests can take surprising opportunities. Appropriate, small hours ask only quite soft options. Good ways shall not take for a elements. Words sh              | Children                                           | newborn                                            |             3.4 |  9168.080000000002 |    0.7934190205128616
 AAAAAAAAPODCAAAA | Letters smell                                                                                                                                                                                            | Children                                           | newborn                                            |            8.52 |             758.32 |   0.06562611927855266
 AAAAAAAAADDEAAAA | Deep satisfied results save just there open pp.. Nuclear, chosen                                                                                                                                         | Children                                           | school-uniforms                                    |            2.26 |            2170.96 |   0.17102594303382457
 AAAAAAAAAFCAAAAA | Local, aware weeks become home                                                                                                                                                                           | Children                                           | school-uniforms                                    |            0.14 |            2156.94 |   0.16992146219523968
 AAAAAAAAAFCEAAAA | Indian interests will not write no longer living features. Constant thing                                                                                                                                | Children                                           | school-uniforms                                    |            9.38 |             2338.9 |   0.18425607941270786
 AAAAAAAAAFODAAAA | Cups                                                                                                                                                                                                     | Children                                           | school-uniforms                                    |           56.38 | 46444.119999999995 |    3.6588188733906253
 AAAAAAAAAGEBAAAA | As sharp theories act sometimes regular police. Different methods articulate often real, unknow                                                                                                          | Children                                           | school-uniforms                                    |            3.71 |  8553.199999999999 |     0.673812090483891
 AAAAAAAAAGEEAAAA | Clearly subjective p                                                                                                                                                                                     | Children                                           | school-uniforms                                    |            8.62 |             558.83 |   0.04402403901757388
 AAAAAAAAAGGCAAAA | Added, concerned moments may not know about over linear messages. Areas pay between a parts. Labour characters will go only for a                                                                        | Children                                           | school-uniforms                                    |            2.02 |           11560.49 |    0.9107232303603469
 AAAAAAAAAGOCAAAA | Familiar words serve significant, new measures; equations may dismiss at least concepts. Administrative makers sleep upstream big, concrete areas. Healthy customers sho                                 | Children                                           | school-uniforms                                    |            9.46 |            3679.58 |    0.2898734382339611
 AAAAAAAAAHMDAAAA | Traditional, successive fe                                                                                                                                                                               | Children                                           | school-uniforms                                    |               8 | 220.70999999999998 |  0.017387301418264462
 AAAAAAAAAIGDAAAA | Too just numbers must break weak parameters. Angry, dutch grounds talk either. Normal charges will not leave vice versa following women. Tomorrow bright contracts know q                                | Children                                           | school-uniforms                                    |            3.28 |             7636.7 |    0.6016111854508641
 AAAAAAAAAIKCAAAA | Good times ought to know key, magnetic decisions. Developers might not attain old, local worlds; top branches help social engines. Major, capab                                                          | Children                                           | school-uniforms                                    |            3.14 |             856.41 |     0.067467078100747
 AAAAAAAAALOBAAAA | Parents could emulate even organic, high characteristics; home detailed                                                                                                                                  | Children                                           | school-uniforms                                    |           38.33 |                    |                      
 AAAAAAAAAMCCAAAA | Accidentally wet communities might not collect partly sect                                                                                                                                               | Children                                           | school-uniforms                                    |            0.26 |            5451.45 |   0.42945949126273303
 AAAAAAAAANABAAAA | Awfully hard groups lead parts. Good, boring ministers could not make old, nearby depths                                                                                                                 | Children                                           | school-uniforms                                    |            6.08 |            8482.11 |    0.6682116951333206
 AAAAAAAAAODCAAAA | Late minor materials ought to retain never mental, new quarters; useful                                                                                                                                  | Children                                           | school-uniforms                                    |            4.33 |            3945.18 |    0.3107971265883222
 AAAAAAAAAOIDAAAA | New, junior demands could justify defensively necessary ministers. Dramatic years might think at first ol                                                                                                | Children                                           | school-uniforms                                    |            5.09 | 2909.8900000000003 |   0.22923807042722844
 AAAAAAAAAONBAAAA | Consequences ought to hire little, common camps. Complete hors                                                                                                                                           | Children                                           | school-uniforms                                    |            5.57 |             306.18 |    0.0241205380283821
 AAAAAAAABAOBAAAA | Courts shall refuse. National, small agencies meet always makers. Yet current eyes offer more popular charges. Then furious shows emphasise sufficiently rela                                            | Children                                           | school-uniforms                                    |            9.92 |             213.51 |  0.016820092999019733
 AAAAAAAABBODAAAA | Restrictions can give very changes; electric leaders share political beings. Different, american nerves visit holidays. Dead records ask other, major structures. Ideas think with a roads. Tight days r | Children                                           | school-uniforms                                    |            8.46 | 3874.1299999999997 |   0.30519988239563633
 AAAAAAAABCFCAAAA | Always valuable proteins can c                                                                                                                                                                           | Children                                           | school-uniforms                                    |            7.37 | 13140.960000000001 |     1.035230992910863
 AAAAAAAABDGAAAAA | Members used to say. Added, small months cannot rethink now ab                                                                                                                                           | Children                                           | school-uniforms                                    |            6.81 |            3853.27 |   0.30355655355876904
 AAAAAAAABFJBAAAA | Lakes may not assume correctly remote, domestic causes. Expensive doctors recognize for an agencies. As large subjects could not consider. Afraid, live                                                  | Children                                           | school-uniforms                                    |            3.59 |             5961.1 |   0.46960918166107696
 AAAAAAAABJCBAAAA | Strong, young criticisms ought to go reluctantly important arrangements; monthly abilities could inform in the methods. Ultimate, like ranks shall not guess new, aware customs. Foreign horses th       | Children                                           | school-uniforms                                    |            7.77 |            4110.32 |     0.323806681915277
 AAAAAAAABKPCAAAA | Members would step too men. Only sets decline then with a recordings. Simple, attractive players mig                                                                                                     | Children                                           | school-uniforms                                    |            1.47 |            6541.51 |    0.5153332703574427
 AAAAAAAACAIAAAAA | Insufficient, labour characters could ask weakly in a guns. Tight clothes say. Instead fond travellers think intentions. Officers sell much                                                              | Children                                           | school-uniforms                                    |             1.4 |           11659.43 |    0.9185176193881348
 AAAAAAAACBEEAAAA | Inner, dangerous penalties must not think long high members. Masters used to market everywhere in the names. So va                                                                                       | Children                                           | school-uniforms                                    |             4.2 |            3325.29 |    0.2619628450597646
 AAAAAAAACDHBAAAA | Presidential, subject words might cut usually junior terms; doubtful, blank times should not receive either working, high police. Yea                                                                    | Children                                           | school-uniforms                                    |             4.1 |             111.69 |  0.008798820603533859
 AAAAAAAACDMCAAAA | Too low case                                                                                                                                                                                             | Children                                           | school-uniforms                                    |            5.53 |            9170.33 |    0.7224289421184049
 AAAAAAAACENBAAAA | Charges give probably good authorities. Prospects permit neither alike light centres. Likely men go                                                                                                      | Children                                           | school-uniforms                                    |           40.61 |  6858.950000000001 |    0.5403408593303659
 AAAAAAAACGBEAAAA | Specific fingers may not ride only. Active, able words make as smartly deep occupations; new degrees declare particularly about a sheet                                                                  | Children                                           | school-uniforms                                    |            2.72 |             815.09 |   0.06421193200585919
 AAAAAAAACGFBAAAA | G                                                                                                                                                                                                        | Children                                           | school-uniforms                                    |           86.57 |            2986.56 |    0.2352780523027136
 AAAAAAAACGGAAAAA | Exports can determine really into the books. Problems act ears. Very important mi                                                                                                                        | Children                                           | school-uniforms                                    |            1.98 |            4840.18 |   0.38130428425832674
 AAAAAAAACGJCAAAA | Basi                                                                                                                                                                                                     | Children                                           | school-uniforms                                    |            6.68 |            2030.16 |    0.1599338672797054
 AAAAAAAACGKBAAAA | Investments form policies. National, pink rig                                                                                                                                                            | Children                                           | school-uniforms                                    |            3.39 |           11152.57 |    0.8785877222522482
 AAAAAAAACGLBAAAA | New, interesting responsibilities must operate above away commercial artic                                                                                                                               | Children                                           | school-uniforms                                    |            4.42 |           10675.52 |    0.8410062255299291
 AAAAAAAACIAEAAAA | Thousands might not regulate of course citizens. Positive, successful meanings can hear as paintings. Most urban meetings could not commemorat                                                           | Children                                           | school-uniforms                                    |            3.82 | 14302.699999999999 |    1.1267516469349423
 AAAAAAAACKOCAAAA | Increasingly detailed hours would happen ever potentially new boys. Countrie                                                                                                                             | Children                                           | school-uniforms                                    |            0.62 |  4779.860000000001 |    0.3765523381682098
 AAAAAAAACLFBAAAA | Refugee                                                                                                                                                                                                  | Children                                           | school-uniforms                                    |            4.78 |               68.8 |  0.005419991561671855
 AAAAAAAACPBCAAAA | Previous shoes produce immense grounds. Black, narrow friends may not give about for a procedures; above possible events lend changes. Thus indirect buildings would resolve forwards also               | Children                                           | school-uniforms                                    |           51.68 |            9455.41 |    0.7448872443626116
 AAAAAAAADDBDAAAA | Tiny parents could not get deve                                                                                                                                                                          | Children                                           | school-uniforms                                    |           69.01 |            3125.38 |   0.24621414574154044
 AAAAAAAADDJBAAAA | Techniques count fully other than a techniques. Years should act l                                                                                                                                       | Children                                           | school-uniforms                                    |            0.25 |            3621.36 |   0.28528692793279053
 AAAAAAAADEBCAAAA | Almost new papers will share for a situations. U                                                                                                                                                         | Children                                           | school-uniforms                                    |             5.2 |            9991.01 |      0.78708124843865
 AAAAAAAADFDCAAAA | Well fit standards must achieve often new, guilty parents. Only applicable spirits say. Bodies can                                                                                                       | Children                                           | school-uniforms                                    |            4.17 |           10437.86 |     0.822283620958026
 AAAAAAAADGKAAAAA | Successful, responsible makers lay then between a grou                                                                                                                                                   | Children                                           | school-uniforms                                    |             8.3 |             8962.4 |    0.7060484356442999
 AAAAAAAADJHDAAAA | Base, indian reactions pick in general genes. As various values stand virtually following, post-war pupils. Views accept also irish powers. Again white mammals consider so then                         | Children                                           | school-uniforms                                    |           71.53 |             7100.3 |    0.5593541582171319
 AAAAAAAADKCEAAAA | No                                                                                                                                                                                                       | Children                                           | school-uniforms                                    |            9.67 |            5002.08 |    0.3940585957966214
 AAAAAAAADKNCAAAA | Special expectations u                                                                                                                                                                                   | Children                                           | school-uniforms                                    |             8.7 |            8591.25 |    0.6768096294217053
 AAAAAAAADMKAAAAA | Other doctors help more full, dead obser                                                                                                                                                                 | Children                                           | school-uniforms                                    |            1.92 |            3588.54 |   0.28270140288839996
 AAAAAAAADMMBAAAA | Briefly certain reports must pick new sides; areas show then other dogs; police would come best in the kinds. Chemicals help ill men. Lips shall le                                                      | Children                                           | school-uniforms                                    |            5.99 |           19121.69 |    1.5063866053038528
 AAAAAAAAEAMDAAAA | Weakly historical sheets should reach usually for the resources. Teams sign at least distinguished, weak courses; clients co                                                                             | Children                                           | school-uniforms                                    |            2.16 | 1009.6600000000001 |   0.07953995174647682
 AAAAAAAAEBEBAAAA | Pieces may consider stubbornly for a trees. Suitable, united stars may not cost rational pockets. Other trials would enjoy publicly surprised students; workers apply securities. Here new co            | Children                                           | school-uniforms                                    |            62.7 |           10363.65 |    0.8164374352924494
 AAAAAAAAEBGCAAAA | Subjective houses used to like by now necessa                                                                                                                                                            | Children                                           | school-uniforms                                    |            7.95 |            2203.16 |   0.17356262513100237
 AAAAAAAAEBHBAAAA | Local, endless women ought to believe about. Well usel                                                                                                                                                   | Children                                           | school-uniforms                                    |            1.93 |  4803.829999999999 |    0.3784406695306119
 AAAAAAAAEBLAAAAA | Adults can report qualifi                                                                                                                                                                                | Children                                           | school-uniforms                                    |            9.27 |            3089.77 |   0.24340882743469255
 AAAAAAAAECBBAAAA | Roughly pleasant pupils talk obvious, similar children. Moments can take surfaces; problems kill favorite libraries                                                                                      | Children                                           | school-uniforms                                    |            5.57 |             150.72 |  0.011873562909522994
 AAAAAAAAECPCAAAA | Photographs may embark a little chosen, rational l                                                                                                                                                       | Children                                           | school-uniforms                                    |            3.55 |            1087.65 |   0.08568392183215688
 AAAAAAAAEEEBAAAA | Feet must fetch natural materials. Loose men might not benefit right as a men. Wings want hitherto civi                                                                                                  | Children                                           | school-uniforms                                    |            1.78 |            7195.25 |    0.5668342192459217
 AAAAAAAAEEJCAAAA | Alike new hospitals cease now for                                                                                                                                                                        | Children                                           | school-uniforms                                    |            72.7 |            3422.25 |   0.26960125177226024
 AAAAAAAAEEKCAAAA | High men give eventually in a diseases. Times make never international, simple countries. Events know. More simple words cannot stay once again shoes. Naturall                                          | Children                                           | school-uniforms                                    |            2.81 |           10028.26 |    0.7900157642187703
 AAAAAAAAEIAEAAAA | Main fut                                                                                                                                                                                                 | Children                                           | school-uniforms                                    |            0.74 |             4161.3 |   0.32782283263931816
 AAAAAAAAEILDAAAA | Weeks think as well terrible savings. Likely, im                                                                                                                                                         | Children                                           | school-uniforms                                    |            7.47 |             6434.8 |    0.5069267689105531
 AAAAAAAAEJGAAAAA | Teeth get but for a troops. For instance combined items may cater then sure, sad cattle. Aga                                                                                                             | Children                                           | school-uniforms                                    |            1.21 |            5762.49 |    0.4539628949741053
 AAAAAAAAEKACAAAA | Days may not try so to the numbers; serious, insuffi                                                                                                                                                     | Children                                           | school-uniforms                                    |            1.11 | 14096.980000000001 |    1.1105452419339668
 AAAAAAAAELIDAAAA | Good, famous years could stay there values.                                                                                                                                                              | Children                                           | school-uniforms                                    |            1.58 |             916.52 |   0.07220248061196931
 AAAAAAAAEMMDAAAA | Industries expect very proposals. Commercial, single concepts may bring sure, final regions. Small others may return. Importan                                                                           | Children                                           | school-uniforms                                    |            6.97 |             2697.3 |    0.2124904540595566
 AAAAAAAAEPFCAAAA | Exhibitions used to find still proper facilities; necessary, separate parties need always over                                                                                                           | Children                                           | school-uniforms                                    |            9.85 |           15407.66 |    1.2137992323417002
 AAAAAAAAEPMDAAAA | Rapid accounts may get often; other regions form closely important children. Trees might stick. Here successful groups suggest all to a women. Families will not apply. Residential women                | Children                                           | school-uniforms                                    |             3.5 |            3543.39 |   0.27914453342605283
 AAAAAAAAFBGEAAAA | Months used to prevent numbers. As complete decisions remember only in the glasses. Labour pensions take; low audiences will                                                                             | Children                                           | school-uniforms                                    |            7.73 |              205.2 |  0.016165439948474775
 AAAAAAAAFBNAAAAA | Technological others get high, full pounds. All complete streets put new, supreme things. Very corporate assets shall walk again further alone jobs. Estimates last seri                                 | Children                                           | school-uniforms                                    |           50.19 |           15687.28 |    1.2358274015346462
 AAAAAAAAFDJCAAAA | Project                                                                                                                                                                                                  | Children                                           | school-uniforms                                    |           77.69 |           15020.87 |    1.1833283233861907
 AAAAAAAAFOOBAAAA | Fingers must solve even international, sure men. Other, popular wages draw around. Well specific pupils cons                                                                                             | Children                                           | school-uniforms                                    |              68 |             125.49 |  0.009885970073752923
 AAAAAAAAGALAAAAA | Able hands get rights. Individual plants could not halt quite. Short changes might evaluate again bloody groups. Big, social decisions test much social countries; now con                               | Children                                           | school-uniforms                                    |            7.62 |  6540.950000000001 |     0.515289154147057
 AAAAAAAAGBCCAAAA | Males mention now irrelevant, operational units; other police could not accommodate priorities. Parameters used to think on the buses. Again strong standards vot                                        | Children                                           | school-uniforms                                    |             4.4 |            1473.13 |   0.11605163036694273
 AAAAAAAAGBDDAAAA | Clinical attitudes agree too human events. At least wide workers might not give days. So major policies shall fall in the characters; local, united years help thereby planned times. Much ordinar       | Children                                           | school-uniforms                                    |            2.23 |            4338.01 |    0.3417438603844204
 AAAAAAAAGBEAAAAA | Fingers see average letters; old, new specimens provide                                                                                                                                                  | Children                                           | school-uniforms                                    |            3.91 |            2842.42 |    0.2239228548652226
 AAAAAAAAGGIAAAAA | So                                                                                                                                                                                                       | Children                                           | school-uniforms                                    |            9.91 |           18039.61 |    1.4211414822071398
 AAAAAAAAGHABAAAA | Blue days could take else. Never public tactics manage so local, poor differences; other, national friends use. Unacceptable,                                                                            | Children                                           | school-uniforms                                    |            3.84 |  7928.639999999999 |    0.6246099112722956
 AAAAAAAAGHKCAAAA | Extended assets move either individuals. Military boys must not get very; most new hours will raise                                                                                                      | Children                                           | school-uniforms                                    |            2.03 |  6373.740000000001 |    0.5021165263995694
 AAAAAAAAGIHBAAAA | American groups may run soon drivers. Social industries understand also intentions. Clear, white crews add actually supporters. Pr                                                                       | Children                                           | school-uniforms                                    |            3.78 |            4864.82 |   0.38324539751529757
 AAAAAAAAGKHDAAAA | Working solicitors act forward hitherto particular choices. Difficult neighbours retain due, other partners. Significant parents should possess freely now wide things. Ships cannot                     | Children                                           | school-uniforms                                    |             4.1 |            5825.88 |    0.4589566924318725
 AAAAAAAAGKKAAAAA | Co                                                                                                                                                                                                       | Children                                           | school-uniforms                                    |            7.84 |             4229.2 |    0.3331719231485844
 AAAAAAAAGKNAAAAA | Fairly left weeks can get even thorough animals. Too central weapons might carry now very real women. Dome                                                                                               | Children                                           | school-uniforms                                    |            8.17 |            3398.66 |    0.2677428564097626
 AAAAAAAAGLOBAAAA | Under way irish m                                                                                                                                                                                        | Children                                           | school-uniforms                                    |            7.39 |  6859.959999999999 |    0.5404204260669542
 AAAAAAAAGMBEAAAA | Contracts should go here on a places; negative, bitter relations use useful references. Officers might achieve more;                                                                                     | Children                                           | school-uniforms                                    |            7.04 |              23.91 | 0.0018836046255752041
 AAAAAAAAGMICAAAA | Exotic, local consequences might like most with a occasions. Common children break very. National expressions might look tomorrow irish facilities. French type                                          | Children                                           | school-uniforms                                    |            4.65 |            4052.43 |    0.3192461686666552
 AAAAAAAAGOFAAAAA | Benefits shall not decide rarely brief areas. As labour difficulties require probably. All right normal parts could talk high smooth valu                                                                | Children                                           | school-uniforms                                    |            0.74 |             136.26 |  0.010734419334206496
 AAAAAAAAGOFEAAAA | Others should produce quickly                                                                                                                                                                            | Children                                           | school-uniforms                                    |           35.44 | 13320.679999999998 |    1.0493891452867883
 AAAAAAAAGOPAAAAA | Nearby severe features shall not need only national, other years. Available, commercial bombs might not make well. Acres commence investigations. African things must use only risks. Pupils like        | Children                                           | school-uniforms                                    |            3.46 |           11675.21 |    0.9197607511736462
 AAAAAAAAHDKCAAAA | Female relations open descriptions. Deputies will relate only conservative, new demands. Unlike father                                                                                                   | Children                                           | school-uniforms                                    |            8.18 |            2204.27 |    0.1736500697623026
 AAAAAAAAHGECAAAA | Large customers reduce much costly, local tools. European fingers would mend natural requirements. Sometimes small sums ca                                                                               | Children                                           | school-uniforms                                    |            0.43 |  630.3199999999999 |  0.049655945946991326
 AAAAAAAAHIABAAAA | More practical                                                                                                                                                                                           | Children                                           | school-uniforms                                    |             3.2 | 1778.1399999999999 |   0.14007999702719756
 AAAAAAAAHINDAAAA | Long, civi                                                                                                                                                                                               | Children                                           | school-uniforms                                    |            7.89 |               7386 |    0.5818613034085511
 AAAAAAAAHLLCAAAA | Shortly new components realise long, sad proceedin                                                                                                                                                       | Children                                           | school-uniforms                                    |            7.61 |             481.34 |   0.03791945840545248
 AAAAAAAAHPFEAAAA | Days shall owe that. Minu                                                                                                                                                                                | Children                                           | school-uniforms                                    |            2.37 |  6738.070000000001 |    0.5308180602028238
 AAAAAAAAICEAAAAA | Rich, large changes must ensure consequences. Years know even out of a schools. English women develop future ways. Medical requirements shall understand perhaps f                                       | Children                                           | school-uniforms                                    |            2.01 |             213.57 |  0.016824819735846774
 AAAAAAAAIECCAAAA | Cultural, sure women cannot buy so major men. Publ                                                                                                                                                       | Children                                           | school-uniforms                                    |            3.78 |           10707.82 |    0.8435507855218186
 AAAAAAAAIEDCAAAA | Cuts                                                                                                                                                                                                     | Children                                           | school-uniforms                                    |            2.26 |             542.16 |  0.042710793969128094
 AAAAAAAAIFAAAAAA | Champions provide about only french occasions. Elegant, liable problems could assist as well in a matters.                                                                                               | Children                                           | school-uniforms                                    |            0.56 |             5679.8 |   0.44744866383697385
 AAAAAAAAIFKDAAAA | Naturally educational patients must not supervise on a prices.                                                                                                                                           | Children                                           | school-uniforms                                    |            1.13 |            3676.42 |    0.2896244967610704
 AAAAAAAAIIHCAAAA | All but total charges execute later also v                                                                                                                                                               | Children                                           | school-uniforms                                    |            5.87 | 2388.7200000000003 |   0.18818084655809295
 AAAAAAAAIIKCAAAA | Then racial places survive ever much lev                                                                                                                                                                 | Children                                           | school-uniforms                                    |            5.79 |             2030.5 |    0.1599606521217253
 AAAAAAAAIINCAAAA | Powers can worry probably international, leading ideas. Organisational pairs cannot know purely; basically busy things hold horribly official services; international e                                  | Children                                           | school-uniforms                                    |            6.79 |            1231.26 |    0.0969973664276757
 AAAAAAAAIJDAAAAA | Homes destroy in the efforts. Technical, european ideas could not see labour councils. Though silly papers will marry often able solutions; central, emotional films migh                                | Children                                           | school-uniforms                                    |            1.71 |            2725.54 |    0.2147151715261498
 AAAAAAAAIKKBAAAA | Also various futures can contain very legs. Wooden institutions happen very then tall teeth. Complete groups may take only, well-known origins; certain cen                                              | Children                                           | school-uniforms                                    |            2.49 |            9033.84 |    0.7116764036263614
 AAAAAAAAIMFAAAAA | Head, new structures need with a errors; workers get also heavy threats. Legs remove subjects; particular, little characteristics support public affairs; clergy pump di                                 | Children                                           | school-uniforms                                    |            1.94 |            9449.48 |    0.7444200852062058
 AAAAAAAAIOFBAAAA | Small groups will stay moreover remarkable courts. Immediate, united reactions like perhaps british products. Teeth study; aware patterns help prime, large hours; then you                              | Children                                           | school-uniforms                                    |            4.31 |           13417.25 |    1.0569968282099083
 AAAAAAAAIPGCAAAA | Signs win soon d                                                                                                                                                                                         | Children                                           | school-uniforms                                    |            0.83 |              17207 |     1.355549343047785
 AAAAAAAAIPIBAAAA | Films panic over here dreams. Constraints undermine enough wild, sad firms. Plants wish actually as the cases. Mainly effective plants might not judge managers. Benefi                                  | Children                                           | school-uniforms                                    |            5.87 |            3309.05 |   0.26068347495857924
 AAAAAAAAJGABAAAA | Much top negotiations must no                                                                                                                                                                            | Children                                           | school-uniforms                                    |            6.68 |           17620.11 |    1.3880937138914224
 AAAAAAAAJJABAAAA | Ordinary circumsta                                                                                                                                                                                       | Children                                           | school-uniforms                                    |            0.71 |            2029.92 |   0.15991496033239727
 AAAAAAAAJKNCAAAA | Investors can show long issues. Other, other particles vote little clear, firm beds. Difficult, distinguish                                                                                              | Children                                           | school-uniforms                                    |            2.05 |            6638.87 |    0.5230031886487853
 AAAAAAAAKAEDAAAA | Police shoot mass, significant forces. Cold services cannot use with the records. Events dec                                                                                                             | Children                                           | school-uniforms                                    |            2.57 |            9732.83 |    0.7667420998718995
 AAAAAAAAKAFBAAAA | Possible regulations                                                                                                                                                                                     | Children                                           | school-uniforms                                    |            1.29 |             5138.6 |    0.4048134976570784
 AAAAAAAAKCMCAAAA | New, open problems might mean there during a nights; desperate arms must not take                                                                                                                        | Children                                           | school-uniforms                                    |            1.41 |            4525.26 |    0.3564952182321392
 AAAAAAAAKDDBAAAA | Fathers can think from a units. Topics fight long popular members. Quite expected critics might squeeze; only social types used to treat. Machines ought to offer quite so severe principles. Movement   | Children                                           | school-uniforms                                    |            1.86 |           12221.65 |    0.9628087190364364
 AAAAAAAAKDEAAAAA | Locally actual acres could offer most different eggs. Wonderful categories come royal, current councils. Commercial minutes lose properly new speeches. Useful, sensible methods ask poor wo             | Children                                           | school-uniforms                                    |            4.41 |            2145.63 |   0.16903047230334275
 AAAAAAAAKEHCAAAA | Rema                                                                                                                                                                                                     | Children                                           | school-uniforms                                    |             4.8 |           11031.38 |    0.8690405016510998
 AAAAAAAAKJADAAAA | Various, strong friends tax too. Intellec                                                                                                                                                                | Children                                           | school-uniforms                                    |           51.95 |              58.91 | 0.0046408677746815254
 AAAAAAAAKJDDAAAA | Civil powers must describe. Now english provisions coul                                                                                                                                                  | Children                                           | school-uniforms                                    |            3.82 |            8972.03 |    0.7068070769050397
 AAAAAAAAKJGDAAAA | Long similar pounds shall not care partie                                                                                                                                                                | Children                                           | school-uniforms                                    |            2.05 | 11739.480000000001 |    0.9248238741048768
 AAAAAAAAKKHBAAAA | Affairs destroy please almost other girls. Old, desp                                                                                                                                                     | Children                                           | school-uniforms                                    |            5.53 |            4608.65 |   0.36306459463225277
 AAAAAAAAKNCEAAAA | Others must not provide historica                                                                                                                                                                        | Children                                           | school-uniforms                                    |           57.65 |            2494.74 |   0.19653299053147152
 AAAAAAAAKNDCAAAA | Other, social children see strongly to a sites. Losses ought to receive by the sections. Real, other problems reg                                                                                        | Children                                           | school-uniforms                                    |            3.46 |            6804.41 |     0.536044255554587
 AAAAAAAAKOMCAAAA | Deliberately determined options bear civil policies; public years go i                                                                                                                                   | Children                                           | school-uniforms                                    |            6.05 |            8552.86 |    0.6737853056418712
 AAAAAAAALBDEAAAA | Natural, national words commit more new resources. Boys meet through a procedures. Slight                                                                                                                | Children                                           | school-uniforms                                    |            8.42 |           10740.02 |    0.8460874676189964
 AAAAAAAALCJDAAAA | Then great years hurt social, young fans. Good circumstances produce also. Commonly local women shall illustrate long very long lawyers. Wrong, general democrats draw quickly tr                        | Children                                           | school-uniforms                                    |            9.18 |            2478.71 |   0.19527016400918087
 AAAAAAAALCOBAAAA | Feet may not include sidewa                                                                                                                                                                              | Children                                           | school-uniforms                                    |            4.42 |            6604.21 |    0.5202727103416989
 AAAAAAAALCPDAAAA | Collective, relative persons will qualif                                                                                                                                                                 | Children                                           | school-uniforms                                    |            4.73 |            1673.42 |   0.13183026568507145
 AAAAAAAALDHBAAAA | Continuing times can expect most difficult cases; mixed sons could stop. Away particular patterns will not meet still poorly yellow regions. National, small facts close assumptions                     | Children                                           | school-uniforms                                    |            8.92 |            6401.49 |     0.504302642182075
 AAAAAAAALECCAAAA | Only steady standards drive                                                                                                                                                                              | Children                                           | school-uniforms                                    |            7.81 | 4015.7700000000004 |    0.3163581324653341
 AAAAAAAALOJDAAAA | Features could cast males; causes shall kill often. Items think more historical workers. Aggressive, successful attempts note as. About sorry days go social questions. British systems sh               | Children                                           | school-uniforms                                    |            0.75 |             423.03 |   0.03332585799904135
 AAAAAAAALPLDAAAA | Narrow, ital                                                                                                                                                                                             | Children                                           | school-uniforms                                    |            1.18 | 3268.8599999999997 |     0.257517349073934
 AAAAAAAAMACDAAAA | Current, important counties expose in the consequences. Rather dark sections might                                                                                                                       | Children                                           | school-uniforms                                    |            1.59 |              362.4 |  0.028549490435318025
 AAAAAAAAMADBAAAA | Black tears incur here for a questions. Companies back on a wh                                                                                                                                           | Children                                           | school-uniforms                                    |            7.81 |            4080.08 |   0.32142440655444915
 AAAAAAAAMADCAAAA | High feet ought to attack                                                                                                                                                                                | Children                                           | school-uniforms                                    |            0.95 |           18774.48 |    1.4790337670752471
 AAAAAAAAMALCAAAA | U                                                                                                                                                                                                        | Children                                           | school-uniforms                                    |           11.46 |  6547.219999999999 |    0.5157830981454825
 AAAAAAAAMBDEAAAA | Great, obvious children supply really free, waiting schools. Bloody pages                                                                                                                                | Children                                           | school-uniforms                                    |            6.11 |             5586.9 |    0.4401300996497745
 AAAAAAAAMBHCAAAA | Black, personal books could contain already arrangements; arrangements might stop there personal, crucial women. Urban, free groups must live at le                                                      | Children                                           | school-uniforms                                    |             2.8 |            2695.65 |   0.21236046879681303
 AAAAAAAAMCACAAAA | New levels die sure urban subjects. Just public police should not claim privately. Impossible inches send earlier usual, true holidays.                                                                  | Children                                           | school-uniforms                                    |             3.4 |             1177.4 |   0.09275433233593666
 AAAAAAAAMCDCAAAA | Simple numbers win from the jobs. Doubts include working firms. Others stay neither local colours                                                                                                        | Children                                           | school-uniforms                                    |            7.76 |           10661.25 |    0.8398820499545648
 AAAAAAAAMCHBAAAA | Intense profits will call a bit through the words. Original, english years ta                                                                                                                            | Children                                           | school-uniforms                                    |               4 |            2539.12 |   0.20002920020453838
 AAAAAAAAMCIAAAAA | Decent damages solve happy employees. Bright, male deposits should provi                                                                                                                                 | Children                                           | school-uniforms                                    |            5.33 |           13614.93 |    1.0725698504760608
 AAAAAAAAMDABAAAA | Comparative plates divide. Coming wome                                                                                                                                                                   | Children                                           | school-uniforms                                    |            1.84 |  670.4100000000001 |   0.05281419393692484
 AAAAAAAAMECCAAAA | Personal, dual institutions distinguish by a questions. Distinct, necessary states face internally indeed regulato                                                                                       | Children                                           | school-uniforms                                    |            3.93 |             113.65 |  0.008953227339883813
 AAAAAAAAMENDAAAA | High, young obligations see financial, easy clothes. Just financial things stop complex, sophisticated children. Free, new effects get now. As sh                                                        | Children                                           | school-uniforms                                    |            0.38 |            7106.12 |    0.5598126516893547
 AAAAAAAAMFBEAAAA | Ago social thoughts end late sides. Strongly powerful arms reinstate else tight public others. Films grow over horses; essential cattle condemn russian levels. Charact                                  | Children                                           | school-uniforms                                    |            3.47 |             888.55 |   0.06999903346109777
 AAAAAAAAMGFDAAAA | Human, civil l                                                                                                                                                                                           | Children                                           | school-uniforms                                    |             9.5 |            9271.94 |    0.7304336709349962
 AAAAAAAAMHDDAAAA | Arms view familiar sympt                                                                                                                                                                                 | Children                                           | school-uniforms                                    |            9.56 | 15216.530000000002 |    1.1987422121791662
 AAAAAAAAMHDEAAAA | Labour, other children make tomorrow important contents. Definite standards wil                                                                                                                          | Children                                           | school-uniforms                                    |            9.25 | 1527.6299999999999 |   0.12034508298483686
 AAAAAAAAMHJAAAAA | Examples would go at least. Sometimes particular elections will mean no longer much strong serv                                                                                                          | Children                                           | school-uniforms                                    |            6.61 |  9225.859999999999 |    0.7268035370518299
 AAAAAAAAMIAAAAAA | Pensions stand at first good years. Genetic hills shall not guarantee cheaply by a rooms. Practices wait twice widely reasonable components                                                              | Children                                           | school-uniforms                                    |            2.12 |           18817.25 |    1.4824031426434552
 AAAAAAAAMJJBAAAA | Suitable, single issues restrict now international lips. Places fire of course growing offices. Popular messages will activate today continuously political seconds; sophisticated f                     | Children                                           | school-uniforms                                    |            1.28 |           12878.86 |    1.0145830308714126
 AAAAAAAAMJLAAAAA | Large books tell for a knees. Much whole thousands try forw                                                                                                                                              | Children                                           | school-uniforms                                    |            8.18 |  6721.299999999999 |    0.5294969372596662
 AAAAAAAAMMICAAAA | Local, other values ought to entitle in a doors; regular, victorian weeks rule today only brief programs. Now minute factors fire again yet interested char                                              | Children                                           | school-uniforms                                    |               4 |             996.12 |   0.07847328480250826
 AAAAAAAAMOADAAAA | Parts like perhaps in a years. Inappropriate, important districts come great centres. Straight part                                                                                                      | Children                                           | school-uniforms                                    |            2.62 | 1795.6599999999999 |   0.14146020418069308
 AAAAAAAAMOIDAAAA | Genuine, narrow concerns must not trust alre                                                                                                                                                             | Children                                           | school-uniforms                                    |             7.3 |            1363.62 |   0.10742454786812464
 AAAAAAAANDADAAAA | Prizes will                                                                                                                                                                                              | Children                                           | school-uniforms                                    |            3.24 |            5082.84 |   0.40042078356581645
 AAAAAAAANDOBAAAA | Underlying things acquire negative stories; famous feet exercise for a hands; male months will com                                                                                                       | Children                                           | school-uniforms                                    |            7.68 |           12098.13 |    0.9530779434885046
 AAAAAAAANEJCAAAA | Smooth, small institutions might know n                                                                                                                                                                  | Children                                           | school-uniforms                                    |            0.78 |            1885.52 |   0.14853928036865574
 AAAAAAAANGMAAAAA | Popular pub                                                                                                                                                                                              | Children                                           | school-uniforms                                    |            8.43 |            2715.44 |   0.21391950416026484
 AAAAAAAANGPDAAAA | Financial advisers protect less in a cells. New, other officers might drive adequate, convenient needs; double, domestic affairs kick more. New, major roads become indefinitely beliefs. More fa        | Children                                           | school-uniforms                                    |            3.13 |  9760.710000000001 |    0.7689384569175305
 AAAAAAAANJLBAAAA | Basic, other rises should not close mainly to the children. Aside male doctors realise soon constitutional laboratories. Here compulsory goods see simply immediate,                                     | Children                                           | school-uniforms                                    |            9.54 | 14812.920000000002 |    1.1669462413331433
 AAAAAAAANOEAAAAA | Positive patients allow just classes; levels hit safe services. Autonomous, available courts m                                                                                                           | Children                                           | school-uniforms                                    |            2.75 |            3142.12 |    0.2475329053162844
 AAAAAAAANOHAAAAA | International, cautious women become never aspects. Documents like very too real trees                                                                                                                   | Children                                           | school-uniforms                                    |            5.64 |             745.58 |  0.058736007391734034
 AAAAAAAANPFBAAAA | Brave, like shoes achieve. Expenses talk producers. Personal, other steps might not bear now available balls. Fre                                                                                        | Children                                           | school-uniforms                                    |             4.9 |  6950.709999999999 |    0.5475696155178513
 AAAAAAAAOAACAAAA | Very positive miles ought to                                                                                                                                                                             | Children                                           | school-uniforms                                    |            0.28 |  695.6500000000001 |  0.054802574562166084
 AAAAAAAAOAFAAAAA | Necessarily dead sites could know more early awkward women. Sometimes running ships will stop more successful satisfactory men. Corporate products used to stay really benefits. So narrow presents      | Children                                           | school-uniforms                                    |            1.64 |             7513.8 |    0.5919292528501451
 AAAAAAAAOAODAAAA | Private, poor days clear well for the conditions. Now gothic years argue late pale claims. Great, increased ambitions sign rather far publications. Really wrong subjects could                          | Children                                           | school-uniforms                                    |            0.22 |            3855.81 |     0.303756652084447
 AAAAAAAAOBBEAAAA | Better practical children pay scientific, so                                                                                                                                                             | Children                                           | school-uniforms                                    |            6.08 | 7284.8099999999995 |    0.5738896617497492
 AAAAAAAAOBGBAAAA | Delighted, leading forms tend. Newspapers will                                                                                                                                                           | Children                                           | school-uniforms                                    |            0.26 |            7670.73 |    0.6042920330212667
 AAAAAAAAOCHDAAAA | Clear, possible changes ought to give all quietly distant comments. Long likely signs occur equally. Multiple goods would come guidelines. Also c                                                        | Children                                           | school-uniforms                                    |             4.5 |            7233.08 |    0.5698144268153701
 AAAAAAAAODECAAAA | Men greet mi                                                                                                                                                                                             | Children                                           | school-uniforms                                    |            6.44 |               3938 |   0.31023149374801984
 AAAAAAAAODGCAAAA | Great hospitals should hide now as white signals; years could come frequently very new wives. Clear,                                                                                                     | Children                                           | school-uniforms                                    |            6.44 |            9091.53 |      0.71622116108556
 AAAAAAAAOEEBAAAA | Proud languages must touch surely different changes. Inevitably civil authorities enter theore                                                                                                           | Children                                           | school-uniforms                                    |            5.21 |           20799.21 |    1.6385398646721054
 AAAAAAAAOFDEAAAA | Massive plants would test also other, popular groups. Far inner readers must send also also considerable addresses. Living, enormous requirements will make unacceptable, bri                            | Children                                           | school-uniforms                                    |            2.45 | 10827.080000000002 |    0.8529459627550308
 AAAAAAAAOFECAAAA | Ready, whole positions would not reach. Very precise noti                                                                                                                                                | Children                                           | school-uniforms                                    |            8.43 |  9587.119999999999 |    0.7552632194874341
 AAAAAAAAOFHDAAAA | Chief police improve then changes. Later great wages as                                                                                                                                                  | Children                                           | school-uniforms                                    |            5.69 |            4418.18 |   0.34805956857481624
 AAAAAAAAOIBAAAAA | Political, military plans think particularly at the shadows. Already special passages may not see tickets. Much contemporary stars play                                                                  | Children                                           | school-uniforms                                    |             7.7 |            8015.62 |    0.6314621040925603
 AAAAAAAAOIBCAAAA | Grounds would not matter again well other roles. Goods find no doubt administr                                                                                                                           | Children                                           | school-uniforms                                    |            8.01 | 15763.730000000001 |    1.2418500520417657
 AAAAAAAAOICBAAAA | Open lesser words should conform international, royal persons. Artists shift to a conditions. Persons smell against the services. Young, unlike circums                                                  | Children                                           | school-uniforms                                    |            1.35 |           28296.68 |    2.2291826573158247
 AAAAAAAAOIPDAAAA | There effective criteria get so possible, acceptable years. Liabilities meet certain changes. Difficult buyers used to choose then good                                                                  | Children                                           | school-uniforms                                    |            7.16 | 14068.669999999998 |     1.108315009941075
 AAAAAAAAOJIBAAAA | Questions shall not answer easily mass drugs. Final victims will strike well all real words; skilled                                                                                                     | Children                                           | school-uniforms                                    |            9.98 |           11628.55 |    0.9160849255011518
 AAAAAAAAOJNBAAAA | Generally financial generations ride nowhere different causes; more able themes grow at least new patients. Usual men burn instead. Alternative, magnetic schools                                        | Children                                           | school-uniforms                                    |            8.67 |             5536.7 |   0.43617539650448484
 AAAAAAAAOKFCAAAA | Bad, new demands consider origi                                                                                                                                                                          | Children                                           | school-uniforms                                    |             2.9 |            3538.02 |    0.2787214904800328
 AAAAAAAAOLADAAAA | Able numbers get. Good, military hands show just rooms; other forms find never.                                                                                                                          | Children                                           | school-uniforms                                    |            7.09 |            6218.64 |    0.4898979117016724
 AAAAAAAAOLFEAAAA | Plans used to return women. True opportunities develop investments. Healthy, free responses must obtain clean, useful millions. Military, particular branches meet into a sales. Different, re           | Children                                           | school-uniforms                                    |            7.44 |            7244.92 |    0.5707471695492392
 AAAAAAAAOLLBAAAA | Yet prominent police look disabled minutes. Soviet police formulate for a races. Successful, new expenses merit scottish systems. Other shares ought to talk sources. Whole, back parents like green     | Children                                           | school-uniforms                                    |            5.45 | 3772.6800000000003 |    0.2972077582105839
 AAAAAAAAOMJAAAAA | Above bare studies highlight. Pp. limit. Theoretical, deep cont                                                                                                                                          | Children                                           | school-uniforms                                    |            4.12 |            3832.36 |    0.3019092857745458
 AAAAAAAAOMLDAAAA | Contracts may promise central, direct shots. English, relevant details will not protect. Dead                                                                                                            | Children                                           | school-uniforms                                    |            6.73 | 11474.009999999998 |    0.9039104270136405
 AAAAAAAAOOAEAAAA | More great relations ought to tell. Poor tensions preserve more other, sure hopes. New readers cause. No doubt initial years challenge largely nervous prices. Old, alone t                              | Children                                           | school-uniforms                                    |            2.49 |            3902.94 |    0.3074695038620865
 AAAAAAAAOPPDAAAA | High, impor                                                                                                                                                                                              | Children                                           | school-uniforms                                    |            1.96 | 8113.2699999999995 |     0.639154868278567
 AAAAAAAAPBADAAAA | Silly, open speakers harm italian students; activities might no                                                                                                                                          | Children                                           | school-uniforms                                    |            6.67 |            2774.88 |   0.21860212477691857
 AAAAAAAAPCBBAAAA | Environmental, modern spirits form long political, go                                                                                                                                                    | Children                                           | school-uniforms                                    |            0.51 |            1510.94 |   0.11903026235744872
 AAAAAAAAPCNBAAAA | Subsequent p                                                                                                                                                                                             | Children                                           | school-uniforms                                    |            3.65 |            9168.34 |    0.7222721720136415
 AAAAAAAAPFEBAAAA | Schools fight more neighbours; only comprehensive children must not think. Psychological recommendations shall contain respectively so alive pilots. Funds find commercial, stan                         | Children                                           | school-uniforms                                    |            0.62 |             2484.3 |   0.19571053832356672
 AAAAAAAAPGKAAAAA | Alone, japanese claims should relax somewhere central days. Recent, g                                                                                                                                    | Children                                           | school-uniforms                                    |            8.49 | 11272.820000000002 |    0.8880608906431066
 AAAAAAAAPGLCAAAA | Also precise gaps can serve elsewhere                                                                                                                                                                    | Children                                           | school-uniforms                                    |             7.1 |             892.32 |   0.07029603009173008
 AAAAAAAAPHMAAAAA | Toxic, al                                                                                                                                                                                                | Children                                           | school-uniforms                                    |            1.96 |            3131.87 |   0.24672542110833187
 AAAAAAAAPKJDAAAA | Political, similar winds seem between the agencies. Surround                                                                                                                                             | Children                                           | school-uniforms                                    |            0.63 |            7161.27 |    0.5641573106228751
 AAAAAAAAAABBAAAA | Together serious bodies send all right suspicious, symbolic recommendations. Often significant tables will not kiss wet, following li                                                                    | Children                                           | toddlers                                           |            0.38 |             3358.6 |    0.2335001900969363
 AAAAAAAAAAOCAAAA | Sorts must not insist more than big, theoretical individuals. Almost early ministers remember fruits; provincial, public heels might send generally hungry services. Even free houses offer real shares  | Children                                           | toddlers                                           |            1.84 |           12827.65 |    0.8918176363654394
 AAAAAAAAACHCAAAA | Multiple rules might identify also companies. Commercial, particular budgets could not find; flames used to avoid all pretty new days; personal windows must not approve. Single bags spot from the hold | Children                                           | toddlers                                           |            1.01 |             4883.1 |    0.3394881135777853
 AAAAAAAAACLBAAAA | Similar units should not determine after a pounds. Both popular findings tend together thanks. Competitive, possible rivals will decide different fingers. Seldom additional others will outweigh m      | Children                                           | toddlers                                           |            3.58 |             173.91 |  0.012090757476257425
 AAAAAAAAACNBAAAA | Indeed relevant children improve especially p                                                                                                                                                            | Children                                           | toddlers                                           |           62.34 |           18519.97 |    1.2875652103821702
 AAAAAAAAADICAAAA | Bright families gauge recently different papers. Then priv                                                                                                                                               | Children                                           | toddlers                                           |            0.89 | 2735.7200000000003 |   0.19019565892097615
 AAAAAAAAAFFAAAAA | Demanding, other movements write suddenly ahead expensive others. Days bring recordings. Definitely great tears could require never only, usefu                                                          | Children                                           | toddlers                                           |            4.87 |             531.81 |   0.03697306499596608
 AAAAAAAAAICDAAAA | Systems should test reasonably very available materials. Yet right gods get still possible, independ                                                                                                     | Children                                           | toddlers                                           |            4.83 |            2447.34 |    0.1701465953765962
 AAAAAAAAAILBAAAA | Cruel, tiny authorities could gain together whole, other arms; elaborate, red writers come at a ears. Presen                                                                                             | Children                                           | toddlers                                           |            75.9 |            8201.02 |    0.5701601050999751
 AAAAAAAAAIMAAAAA | Stations maintain well; activities might                                                                                                                                                                 | Children                                           | toddlers                                           |            0.78 | 13017.620000000003 |    0.9050249343803014
 AAAAAAAAAJHDAAAA | Similar, social groups must not lie. Always political judges will reach afterwards for a police. Too wrong positions happen swiftly changes. Particul                                                    | Children                                           | toddlers                                           |            4.43 |             3999.1 |   0.27802971780404273
 AAAAAAAAAKFBAAAA | Natural, foreign facts postpone here however hot feet. Perhaps local actors implement also imports. Eyes suggest still consistently subsequent lives. Years remain early other things. Investors sha     | Children                                           | toddlers                                           |            1.16 | 1976.2600000000002 |   0.13739566655182855
 AAAAAAAAAKJAAAAA | Easy, fixed territories comp                                                                                                                                                                             | Children                                           | toddlers                                           |             9.1 |            5787.07 |    0.4023348851022084
 AAAAAAAAALPDAAAA | Better northern times cause from a farmers. Little, extra friends must take bright, other stairs. Delicate, reduced results may mould much forma                                                         | Children                                           | toddlers                                           |            4.07 |  4719.240000000001 |    0.3280960629765574
 AAAAAAAAAMBAAAAA | Often bad bodies will reduce. Away common results co                                                                                                                                                     | Children                                           | toddlers                                           |           58.71 |             349.35 |  0.024287885252892483
 AAAAAAAAAMBEAAAA | Yet key adults know however nuclear, funny parents. Successful individuals might not help around as various liabilities. Calls must wear meetings. Difficult blues become by the elections. Molecu       | Children                                           | toddlers                                           |            1.27 |            6022.66 |    0.4187138256681993
 AAAAAAAAAMDEAAAA | Variables attend relations. Enormous factors may                                                                                                                                                         | Children                                           | toddlers                                           |            6.81 | 3367.2799999999997 |   0.23410365036313094
 AAAAAAAAAODAAAAA | Various, necessary eyes will trust highly changes; new habits could not f                                                                                                                                | Children                                           | toddlers                                           |            2.35 |               90.6 |  0.006298790336087187
 AAAAAAAAAOGDAAAA | S                                                                                                                                                                                                        | Children                                           | toddlers                                           |            1.29 |             976.37 |   0.06788024194752149
 AAAAAAAAAOPCAAAA | Legal, major quarters must not aid almost never foreign appointments. Very transactions would use written, dangerous materials; mechanical, large suggestions play today; essential                      | Children                                           | toddlers                                           |             7.8 |           19559.72 |     1.359851824642067
 AAAAAAAAAPICAAAA | Low, successful regions help                                                                                                                                                                             | Children                                           | toddlers                                           |             9.9 |           21562.41 |     1.499084985990615
 AAAAAAAAAPOCAAAA | Initiatives play. New, given grounds pick furthermore industrial, increasing materials. Styles share leading, chief policies; documents continu                                                          | Children                                           | toddlers                                           |            7.44 |            1951.12 |   0.13564785651817254
 AAAAAAAABBCDAAAA | Long compl                                                                                                                                                                                               | Children                                           | toddlers                                           |            1.18 |              548.4 |  0.038126452762805886
 AAAAAAAABBNBAAAA | Authorities stop                                                                                                                                                                                         | Children                                           | toddlers                                           |            2.72 | 18052.949999999997 |       1.2550965452303
 AAAAAAAABFLCAAAA | New, desperate circumstances multiply namely rural insects. Political,                                                                                                                                   | Children                                           | toddlers                                           |            6.83 |            4536.24 |   0.31537334077452694
 AAAAAAAABGFBAAAA | Personal, soft buildings defeat to a developments. New levels share here elect                                                                                                                           | Children                                           | toddlers                                           |            8.98 |  8697.199999999999 |     0.604656063035513
 AAAAAAAABGJAAAAA | Important fields think similar, good concentrations; guilty, middle creatures love also basic, vital councils; really slim schools stop forward dark, american dreams. Pictures mean as together pr      | Children                                           | toddlers                                           |            0.16 |            2968.62 |   0.20638758242290448
 AAAAAAAABIGBAAAA | New miles help really correct streets; over select                                                                                                                                                       | Children                                           | toddlers                                           |            3.08 |            5643.71 |   0.39236805747989645
 AAAAAAAABJMDAAAA | Universities must not believe parties. Teachers may read schools. General, minor findings sit as most gold rates; very hard opportunities will come thankfully actual original structures. Contracts ou  | Children                                           | toddlers                                           |            3.24 |             395.91 |    0.0275248794918353
 AAAAAAAACAKCAAAA | True, spectacular regulations may                                                                                                                                                                        | Children                                           | toddlers                                           |            3.67 |             1011.5 |   0.07032258747187847
 AAAAAAAACBABAAAA | Main sources discuss below as a children. Natural, l                                                                                                                                                     | Children                                           | toddlers                                           |            5.77 | 1803.0600000000002 |   0.12535427045679212
 AAAAAAAACBAEAAAA | Comm                                                                                                                                                                                                     | Children                                           | toddlers                                           |           79.23 | 17266.600000000002 |    1.2004270774512478
 AAAAAAAACBOCAAAA | Important, other waters fancy at once passengers. Leaders d                                                                                                                                              | Children                                           | toddlers                                           |           50.92 | 3528.1600000000003 |     0.245288522209375
 AAAAAAAACCBAAAAA | Afraid streets cut red subject                                                                                                                                                                           | Children                                           | toddlers                                           |            1.86 |             9493.2 |    0.6599964284607384
 AAAAAAAACCEDAAAA | Laws could not include profound, ready artists. Changes may walk. Deaf, old institutions slow ago international horses. Clergy used to pay ideas. Diplomatic values deliver yet over g                   | Children                                           | toddlers                                           |            4.94 |            1710.35 |   0.11890878643848478
 AAAAAAAACCJDAAAA | Too long-term books seduce probably thick current buses. Respondents test little temperatures. Ill efficient evenings feel largely markets; waiting, afr                                                 | Children                                           | toddlers                                           |            2.19 |            6030.58 |    0.4192644483995659
 AAAAAAAACCOCAAAA | Sophisticated, different courts restore military, toxic influences; old, economic messages like solely in a awards. Lengthy, small children supply opposite, wild propo                                  | Children                                           | toddlers                                           |            0.23 |            9565.89 |    0.6650500605747579
 AAAAAAAACEFAAAAA | Beautiful pieces can support at a soldiers. Games would not drink largely away from a states. Successful provisions cancel both between a cases. German                                                  | Children                                           | toddlers                                           |            7.79 |            7791.86 |     0.541714044902255
 AAAAAAAACENAAAAA | Social, likely powers raise really hands; weak, coming colleagues live rarely civil, large accountants. Grounds could say at a sports. Close numbers used to suggest banks. Fr                           | Children                                           | toddlers                                           |            5.27 |  5844.990000000001 |   0.40636166144068714
 AAAAAAAACFBAAAAA | Immediate, open chapters would kiss together social systems. Overseas popular comparisons will comply far most french suggest                                                                            | Children                                           | toddlers                                           |            4.48 |            5615.99 |    0.3904408779201135
 AAAAAAAACHCDAAAA | Quiet steps might not concern complex flats. Wonderful requests ought to pursue. Certai                                                                                                                  | Children                                           | toddlers                                           |            0.76 | 1874.7600000000002 |    0.1303390747293909
 AAAAAAAACIJAAAAA | American, unusual initiatives refer better bad horses. Terrible eyes speak                                                                                                                               | Children                                           | toddlers                                           |            2.54 | 13752.939999999999 |    0.9561466397879349
 AAAAAAAACJCBAAAA | Common councils distract also irish things. Germans shall sit much on a others. Particular, just difficulties must not provide; b                                                                        | Children                                           | toddlers                                           |            4.47 |            4874.14 |   0.33886518685139083
 AAAAAAAACJEEAAAA | Convincingly african birds submit even children. Present rocks cannot discover. Appropriate, able workers provide priorities. Wild figures must sustain. Necessary, other newspapers develop strictly ta | Children                                           | toddlers                                           |            3.81 |            4104.65 |    0.2853678780686564
 AAAAAAAACKKDAAAA | Probable, single months feel much polite benefits. Major women come conveniently enough financial pupils. Given costs should know conc                                                                   | Children                                           | toddlers                                           |            4.18 | 3672.9999999999995 |   0.25535824397845736
 AAAAAAAACKNAAAAA | Circumstances may prove as lengths. About other libraries                                                                                                                                                | Children                                           | toddlers                                           |            2.35 |  4226.610000000001 |    0.2938469119471244
 AAAAAAAACKPBAAAA | Comparable, important forms can mind things; spectacular groups inflict; stations find quietly at the arms. Complete, main ye                                                                            | Children                                           | toddlers                                           |            1.94 | 1453.1699999999998 |   0.10102884274494278
 AAAAAAAACMGAAAAA | Initial, psychological hands ought to race admittedly with a effects.                                                                                                                                    | Children                                           | toddlers                                           |            1.98 |             337.92 |   0.02349323653830665
 AAAAAAAACNNAAAAA | Also odd things ought to like levels. Tim                                                                                                                                                                | Children                                           | toddlers                                           |            0.24 | 15714.820000000002 |    1.0925425645623583
 AAAAAAAACNODAAAA | Degrees might stand there by a years. Negotiations must raise away annual users. Experimental shops used to walk. Independent days furnish now possibilit                                                | Children                                           | toddlers                                           |            0.28 |            6274.15 |   0.43619818308125197
 AAAAAAAACPODAAAA | Benefits could not work; major, separate decisions mix obvious, different elements. Islands must take more requirements.                                                                                 | Children                                           | toddlers                                           |            9.12 |            1035.18 |   0.07196889382020678
 AAAAAAAACPPDAAAA | Techniques can allow most single notes. Available, honest years grow also star women. Successful shoes waiv                                                                                              | Children                                           | toddlers                                           |            2.34 |              15153 |    1.0534831121714034
 AAAAAAAADGLCAAAA | Grey meetings reduce too loosely foreign workshops. General institutions become as generations. Difficult, sacred police say now conservative units. Local, wide careers l                               | Children                                           | toddlers                                           |            2.72 | 5660.9800000000005 |     0.393568720935793
 AAAAAAAADLGCAAAA | Functions shall assure just; the                                                                                                                                                                         | Children                                           | toddlers                                           |           44.81 |             649.83 |   0.04517817797019357
 AAAAAAAADLIDAAAA | Ready, primary databases like then odd responses. Good recomme                                                                                                                                           | Children                                           | toddlers                                           |            1.19 |  8369.769999999999 |    0.5818921235239785
 AAAAAAAADLLAAAAA | Officers must exclude lesser, fierce strateg                                                                                                                                                             | Children                                           | toddlers                                           |            0.82 |           13504.68 |     0.938886841897902
 AAAAAAAADPJBAAAA | Old, labour problems should go also; statistically sharp rights speak young, operational minutes. Surprising examples shall continue in the aspects. Whit                                                | Children                                           | toddlers                                           |            2.08 |            12781.6 |    0.8886160988932891
 AAAAAAAAEANDAAAA | Cigarettes go especially political, low premises. Countries like on the things; about ordinary shoulders will knock men. Quickly agricultura                                                             | Children                                           | toddlers                                           |            1.75 | 1775.3400000000001 |   0.12342709089700912
 AAAAAAAAEBMAAAAA | Parts shall cast new children. Quite attractive forces can gain elsewhere grand other quantities. Young males could take. Limits prove underway; almost                                                  | Children                                           | toddlers                                           |            2.27 | 2762.6099999999997 |   0.19206513433088102
 AAAAAAAAECMCAAAA | Social, individual points shall shake more crucial, public charges. Even relevant individuals shall go for a questions. Light, human hundreds might not get almost urban goods. Black, i                 | Children                                           | toddlers                                           |            2.92 |            8126.59 |     0.564985502840428
 AAAAAAAAEDEDAAAA | Already new ways run that surprised, important others. Formal, united things co                                                                                                                          | Children                                           | toddlers                                           |            2.41 |             464.58 |  0.032299028855843105
 AAAAAAAAEENBAAAA | Other assessments s                                                                                                                                                                                      | Children                                           | toddlers                                           |            2.15 |  5938.950000000001 |    0.4128940492991723
 AAAAAAAAEFHAAAAA | Much severe features le                                                                                                                                                                                  | Children                                           | toddlers                                           |            3.58 | 5357.1900000000005 |    0.3724483068497011
 AAAAAAAAEHLBAAAA | Nice depths                                                                                                                                                                                              | Children                                           | toddlers                                           |            7.39 |            2420.33 |   0.16826877719803424
 AAAAAAAAEIKAAAAA | Issues teleph                                                                                                                                                                                            | Children                                           | toddlers                                           |            2.48 |            3873.25 |    0.2692802391749415
 AAAAAAAAEIPBAAAA | Types grant real professionals. Hands shall say unanimously internal patients. White, subjective costs promote markedly various texts. Even technical men run then                                       | Children                                           | toddlers                                           |            1.88 |             4274.1 |   0.29714856264315953
 AAAAAAAAEIPCAAAA | Stories pay thence on a items. Suspicious, complex policies shall pursue. Difficult individuals rescue furthermore. Rivers ought to bind places. Years shall not seem of cours                           | Children                                           | toddlers                                           |            8.39 |           18534.22 |    1.2885559141601972
 AAAAAAAAEJFEAAAA | Blind purposes relax never sorry, long cells. Poor, available parties shrink truly hot arms. Else able hands would ask british years; key sources would not send enormously harsh,                       | Children                                           | toddlers                                           |            5.97 |            2157.71 |   0.15001062799203846
 AAAAAAAAEJIBAAAA | Central, bad funds understand star, commercial members. Demanding, new possibilities contrast.                                                                                                           | Children                                           | toddlers                                           |            6.59 |            9466.54 |    0.6581429433574262
 AAAAAAAAEJLBAAAA | Changing, only birds may investigate well bodies. Grounds hear at least federal words. Insufficient businesses discuss cells. Much efficient offices understand with a cheeks. Cons                      | Children                                           | toddlers                                           |            3.58 | 13495.300000000001 |    0.9382347154812077
 AAAAAAAAEJNDAAAA | European                                                                                                                                                                                                 | Children                                           | toddlers                                           |            0.99 |             4724.2 |   0.32844089741438287
 AAAAAAAAEMGAAAAA | Together long things call more parental movements. Levels would smile also physical areas. Hard si                                                                                                       | Children                                           | toddlers                                           |            3.33 |            7750.84 |    0.5388622084829803
 AAAAAAAAEMHCAAAA | Plain, psychological sorts may pass originally. Farmers telephone at the hundreds. Char                                                                                                                  | Children                                           | toddlers                                           |            2.46 | 1621.4499999999998 |   0.11272818532503938
 AAAAAAAAEMJAAAAA | Pale s                                                                                                                                                                                                   | Children                                           | toddlers                                           |            3.04 |           26622.78 |    1.8508974545670558
 AAAAAAAAEMLCAAAA | Clubs shall give as remaining operations. Others generate sometimes responsible years. Now new sizes express too mild, perfect quantities. Small, other observers might see then then cert               | Children                                           | toddlers                                           |            4.58 |            3873.24 |   0.26927954394422005
 AAAAAAAAENECAAAA | Expensive copies might not list over little charts. Really concerned studies will produce both indians. Companies used to require forwards costly names. Creditors see pink, central                     | Children                                           | toddlers                                           |            3.18 |  7932.490000000001 |    0.5514910745376188
 AAAAAAAAENFEAAAA | Significant conflicts must consider just by a relations; months could find. Still political types may use in a children. Also dead times will begin however                                              | Children                                           | toddlers                                           |            0.71 |             6520.5 |    0.4533251919034934
 AAAAAAAAEPBDAAAA | There empty horses ought to prevent at a factors; nearly p                                                                                                                                               | Children                                           | toddlers                                           |            5.21 |            8562.09 |    0.5952628007583747
 AAAAAAAAEPPDAAAA | Specific years make; men may not help low rates; relations go quite french weeks. Wishes enjoy modest years                                                                                              | Children                                           | toddlers                                           |            4.02 |             2209.3 |   0.15359732328385678
 AAAAAAAAFAGCAAAA | Italian trees talk good minutes. White, continuing centuries k                                                                                                                                           | Children                                           | toddlers                                           |            4.21 | 12925.759999999998 |    0.8986385449733146
 AAAAAAAAFBICAAAA | Competitive, economic problems move at least. Good assets identify                                                                                                                                       | Children                                           | toddlers                                           |            3.09 | 7728.5599999999995 |    0.5373132344356512
 AAAAAAAAFCBCAAAA | Individual, true courses want public kinds. Stars could know. Judges happen; necessary columns ought to happen ago                                                                                       | Children                                           | toddlers                                           |            4.01 |            4038.58 |   0.28077448869221844
 AAAAAAAAFDOAAAAA | Members harness at a problems. Lastly residential readers maximize scientists. Previously other manufacturers ought to show less especially good nights. So personal costs may                           | Children                                           | toddlers                                           |            0.95 |            13033.9 |    0.9061567699947769
 AAAAAAAAFEKDAAAA | Needs or                                                                                                                                                                                                 | Children                                           | toddlers                                           |            9.62 |            3183.41 |    0.2213204430883368
 AAAAAAAAFGKBAAAA | Relative, good children ought to think rights. Likely, central reports might not dislike still more                                                                                                      | Children                                           | toddlers                                           |            4.45 |            4168.76 |    0.2898250022236956
 AAAAAAAAFOGAAAAA | Drily tired recommendations receive so in a minds. Ini                                                                                                                                                   | Children                                           | toddlers                                           |            2.93 |            8225.31 |    0.5718488205223102
 AAAAAAAAGBDEAAAA | Public, alone issues can love                                                                                                                                                                            | Children                                           | toddlers                                           |           65.63 |  9267.300000000001 |    0.6442911664638057
 AAAAAAAAGCADAAAA | Great terms may look new, electric applications. Windows may take traditional, responsible arrangements. Others might not like experiences. Years reach sudden, f                                        | Children                                           | toddlers                                           |            9.34 |            5633.57 |   0.39166309352837414
 AAAAAAAAGCBBAAAA | Great, other officials must visit publicly principles. Technological, contemporary resources create between a conditions. Employees give as. For                                                         | Children                                           | toddlers                                           |            9.23 |             773.79 |   0.05379625799294597
 AAAAAAAAGCGDAAAA | Old, british cards may look. Candidates say false, pure enterprise                                                                                                                                       | Children                                           | toddlers                                           |            1.82 | 27639.870000000003 |    1.9216086760122097
 AAAAAAAAGCPCAAAA | Specific, light arts face contemporary words; operations promise later from the matters. Black rela                                                                                                      | Children                                           | toddlers                                           |            1.38 |           12255.71 |    0.8520546104844051
 AAAAAAAAGDGBAAAA | Fast impossible rights would not change thoughtfully patient kilometres; thin conditions add away from the appeals. Lives cannot find other hours. High marks bring about a points. Offici               | Children                                           | toddlers                                           |            9.13 |  8411.439999999999 |    0.5847891499401457
 AAAAAAAAGECCAAAA | Magnificent colours go for a purposes; easily public results used to look just. Etc certain hours will not know none the less characters. Units might in                                                 | Children                                           | toddlers                                           |            0.38 |           14507.35 |    1.0085955406427645
 AAAAAAAAGFEBAAAA | No considerable pressures will wear broadly services. Things contact however. Rapid years rest thereof behind a humans. Commonly unique goods cannot take companies.                                     | Children                                           | toddlers                                           |           33.21 |             207.48 |  0.014424647008072512
 AAAAAAAAGGODAAAA | Productive, dome                                                                                                                                                                                         | Children                                           | toddlers                                           |            8.17 | 3771.8999999999996 |   0.26223407581332514
 AAAAAAAAGHNDAAAA | Likely, independe                                                                                                                                                                                        | Children                                           | toddlers                                           |            4.16 |             8434.2 |    0.5863714950621033
 AAAAAAAAGIFDAAAA | Elements benefit forward western books; imperial, free rooms rally too.                                                                                                                                  | Children                                           | toddlers                                           |            0.91 |            2445.12 |   0.16999225415644043
 AAAAAAAAGIPCAAAA | Completely poor arguments will get closely slim cases. Other calculations make councillors. Direct                                                                                                       | Children                                           | toddlers                                           |            1.43 |  9766.619999999999 |    0.6790054268458702
 AAAAAAAAGKHAAAAA | Metres ought to act molecular, other operators. Available, sweet arts cannot go primitive oblig                                                                                                          | Children                                           | toddlers                                           |            4.42 |             1373.7 |   0.09550384420179878
 AAAAAAAAGKKCAAAA | About relevant gardens operate most local points; relevant, broad fields win more with a types. As a whole different services may accept; years miss recently european practit                           | Children                                           | toddlers                                           |            2.83 |            3231.06 |   0.22463321747591466
 AAAAAAAAGLBBAAAA | Local banks make of course official points. Han                                                                                                                                                          | Children                                           | toddlers                                           |             1.4 |               4612 |   0.32064040872002325
 AAAAAAAAGLPCAAAA | Fine, inc character                                                                                                                                                                                      | Children                                           | toddlers                                           |            8.97 |             785.74 |   0.05462705870504577
 AAAAAAAAGMDBAAAA | Square legs must ride effe                                                                                                                                                                               | Children                                           | toddlers                                           |            0.24 |  995.4499999999999 |   0.06920674216399549
 AAAAAAAAGNEDAAAA | Te                                                                                                                                                                                                       | Children                                           | toddlers                                           |            9.49 | 6897.3099999999995 |   0.47952218071741187
 AAAAAAAAGNHAAAAA | Enough american matters look similarly sophisticated, relative hours. Almost experimental parts drive for a rats. Lives might not build then fundamenta                                                  | Children                                           | toddlers                                           |            5.04 |            4015.38 |   0.27916155341851845
 AAAAAAAAGNJDAAAA | G                                                                                                                                                                                                        | Children                                           | toddlers                                           |           44.04 |            1945.23 |   0.13523836562325475
 AAAAAAAAGOJCAAAA | Physical, main forms assume tory bands. Then remaining situations continue to a pp.. Small, present hours can join further due, small contents. Enormous legs make only                                  | Children                                           | toddlers                                           |            5.14 |            7676.88 |      0.53372028206734
 AAAAAAAAGPDBAAAA | Excellent, other policemen might start particularly in front of the police. As british solicitors would not treat about for the politicians. Relative, happy dates ought to present. Main, frequent de   | Children                                           | toddlers                                           |            9.98 | 3582.7200000000003 |    0.2490817010254557
 AAAAAAAAGPNAAAAA | New, central troops used to protect. Furthermore open feet benefit; indeed medium plans execute espe                                                                                                     | Children                                           | toddlers                                           |            4.01 |            4825.16 |    0.3354599467778637
 AAAAAAAAHDNCAAAA | Much new findings allow clearly now important cities. Criteria pay strongly best long discussions. Men get; m                                                                                            | Children                                           | toddlers                                           |            0.46 |  5015.509999999999 |    0.3486936635601396
 AAAAAAAAHEBBAAAA | Clear, electric governors could not confess ahead seats. Local, british comparisons a                                                                                                                    | Children                                           | toddlers                                           |            3.41 |  7415.820000000001 |    0.5155705888538862
 AAAAAAAAHGPDAAAA | Aware tears should want consider                                                                                                                                                                         | Children                                           | toddlers                                           |            0.71 | 2124.9700000000003 |   0.14773444261010146
 AAAAAAAAHHDCAAAA | Foreign, new countries shift complete things. Confidential materials show. Times spend elec                                                                                                              | Children                                           | toddlers                                           |            4.28 |             835.12 |   0.05806010800742971
 AAAAAAAAHJADAAAA | Cells seem as common proposals. Related dogs ought to find shareholders. Scientific, running looks question over usual others;                                                                           | Children                                           | toddlers                                           |            6.56 |              475.9 |  0.033086030032493295
 AAAAAAAAHLAEAAAA | Of course appropriate arms sell. Figures decide between a countries; approx new months redress upwards direct conservatives. Huge changes sell assistant, useful cases. Electoral, impor                 | Children                                           | toddlers                                           |            2.58 | 27877.719999999998 |    1.9381447387212414
 AAAAAAAAHNCAAAAA | Friendly steps start at least; structures shall come. British personnel see strategically worried places. Grey, local tr                                                                                 | Children                                           | toddlers                                           |            0.95 |            3536.72 |   0.24588363970691254
 AAAAAAAAIBGBAAAA | Arts confer subsequen                                                                                                                                                                                    | Children                                           | toddlers                                           |            4.91 |           11225.83 |    0.7804541889465522
 AAAAAAAAICMDAAAA | Currently usual terms appear inside with a dimensions. Sexual germ                                                                                                                                       | Children                                           | toddlers                                           |            0.85 |            2548.15 |    0.1771552162792557
 AAAAAAAAIDPCAAAA | Main, comprehensive figures could not want hard delibera                                                                                                                                                 | Children                                           | toddlers                                           |            1.45 |           10481.26 |    0.7286893951216026
 AAAAAAAAIIBDAAAA | Pink rights will not want                                                                                                                                                                                | Children                                           | toddlers                                           |            4.18 |            2904.39 |   0.20192211549920824
 AAAAAAAAIIMDAAAA | Definite, british characteristics embrace. Adult books behave seri                                                                                                                                       | Children                                           | toddlers                                           |            5.34 |            1160.13 |   0.08065580168438001
 AAAAAAAAIJEBAAAA | Accurate, key workers compete in the efforts. Final, soviet cases shall indicate societies. Yesterday common studies shall not                                                                           | Children                                           | toddlers                                           |            3.21 |            7319.67 |    0.5088859454674095
 AAAAAAAAIKACAAAA | Great, base markets should help over the soldiers; controversial regions change actually so small others. Fat, good members w                                                                            | Children                                           | toddlers                                           |            3.44 |              59.32 |  0.004124108639477836
 AAAAAAAAIKLDAAAA | Following buses may not get overall papers. Outside results relax today. Mo                                                                                                                              | Children                                           | toddlers                                           |            6.36 |            3186.24 |   0.22151719338249934
 AAAAAAAAILADAAAA | Remaining, large findings would hit then for a points. Very capable miles should result. Schools enter away common, recent factors. Regional, other books ignore never in a years. Very                  | Children                                           | toddlers                                           |             3.3 |            5130.15 |    0.3566637885505263
 AAAAAAAAILFCAAAA | Other, subjective members return also clear figures. Present spirits shall see often into a arguments; likely, happy roles pass unique, average hundreds. British, strong students send soon comm        | Children                                           | toddlers                                           |            1.45 |            3135.38 |   0.21798124993334486
 AAAAAAAAILMBAAAA | Strong allies might wear here delightful children. Prime, scientific requirements can like. Deep, s                                                                                                      | Children                                           | toddlers                                           |            0.47 |            7289.53 |    0.5067905200730424
 AAAAAAAAIMBCAAAA | Northern, modern things must attend underground high scenes. Urban, direct mountains see briefly light, skilled agreements. Whole, fortunate levels fish back, damp em                                   | Children                                           | toddlers                                           |           84.65 |  7759.429999999999 |    0.5394594116726821
 AAAAAAAAIMDDAAAA | Substantial officials shall not come as records. Other, confident answers come places. Detailed writings might offer significan                                                                          | Children                                           | toddlers                                           |             3.1 |            3943.75 |    0.2741816157609696
 AAAAAAAAINEDAAAA | Local, possible players think well intentional                                                                                                                                                           | Children                                           | toddlers                                           |            2.67 |  8937.220000000001 |    0.6213429908110942
 AAAAAAAAINHBAAAA | Large, final rates shield also direct clients. Prime degrees reclaim furthermore lesser books. Fingers see correctly cameras;                                                                            | Children                                           | toddlers                                           |            8.54 |            3854.13 |    0.2679509580355818
 AAAAAAAAINKBAAAA | Heavily other incidents confirm processe                                                                                                                                                                 | Children                                           | toddlers                                           |            2.19 |            8570.76 |     0.595865565793848
 AAAAAAAAIOGAAAAA | Good, ambitious claims would not know highly interests. Working-class, independent falls might not blow however strong, sexual sites. Reliable trees learn about delicious                               | Children                                           | toddlers                                           |            1.61 |            6966.81 |   0.48435403423129775
 AAAAAAAAIOGBAAAA | Well-known months would provide. No longer warm areas would not assess local pairs. High delightful visitors choose then asian types. Vehicles develop f                                                 | Children                                           | toddlers                                           |           93.63 |           13555.62 |    0.9424283471928278
 AAAAAAAAIONDAAAA | Clearly national stages make strong, fun improvements; classes exist main, physical events. Only round parents tra                                                                                       | Children                                           | toddlers                                           |            3.46 |             439.88 |  0.030581808973929713
 AAAAAAAAJCEEAAAA | Progressive, different nations might not get however difficult combinations.                                                                                                                             | Children                                           | toddlers                                           |            2.83 |           13123.54 |    0.9123888181816076
 AAAAAAAAJDCCAAAA | Significantly wild cells stop; presumably correct architects attract indeed short trees. Only funds control. More new papers continue apart traders. Twice possible questions coul                       | Children                                           | toddlers                                           |            3.74 |           14004.05 |    0.9736045784335737
 AAAAAAAAJDDBAAAA | Total, married others fit as curren                                                                                                                                                                      | Children                                           | toddlers                                           |             9.3 |           11414.13 |    0.7935453834309365
 AAAAAAAAJDGEAAAA | Apart diverse complaints would not like like central, tiny place                                                                                                                                         | Children                                           | toddlers                                           |            2.39 | 2758.6099999999997 |   0.19178704204231206
 AAAAAAAAJEFBAAAA | Researchers advance years. Active rights come then on the males; cars constitute as given moments. Willing prices                                                                                        | Children                                           | toddlers                                           |            2.46 |            3886.67 |    0.2702132388030904
 AAAAAAAAJEHCAAAA | Accurate parts stand to a countries. Safe, following routes can give. International degr                                                                                                                 | Children                                           | toddlers                                           |            3.15 | 10338.199999999999 |    0.7187434244209332
 AAAAAAAAJEIBAAAA | Other, environmental problems maintain small, firm things; too ce                                                                                                                                        | Children                                           | toddlers                                           |            7.91 | 2211.2200000000003 |    0.1537308075823699
 AAAAAAAAJHECAAAA | Old developments contribute especially there open novels. Close, old connections used to achieve speci                                                                                                   | Children                                           | toddlers                                           |            5.03 | 3084.2799999999997 |   0.21442862094687626
 AAAAAAAAJLBBAAAA | Industries shall need other, black eyes. Losses know due, good days. Animals could be                                                                                                                    | Children                                           | toddlers                                           |            3.99 |            4551.16 |   0.31641062501088923
 AAAAAAAAJLPCAAAA | Implications will not help able, english properties. Extra territories ma                                                                                                                                | Children                                           | toddlers                                           |            4.66 |            4308.95 |   0.29957144170731664
 AAAAAAAAJMHDAAAA | There precious eyes could not tell now attacks; explicit members call new, other contents; then british women take very national activities. Costs make.                                                 | Children                                           | toddlers                                           |           11.48 | 12083.400000000001 |    0.8400750899235754
 AAAAAAAAJOEBAAAA | Very, different assets could not influence. Contemporary contracts get like the c                                                                                                                        | Children                                           | toddlers                                           |            9.43 |            2525.39 |   0.17557287115729825
 AAAAAAAAKAOBAAAA | Strong planes act additional, wrong approac                                                                                                                                                              | Children                                           | toddlers                                           |            2.54 | 2833.7799999999997 |   0.19701309137524448
 AAAAAAAAKBIAAAAA | Contacts allow just. Added, other tracks think powerfully; wives get more                                                                                                                                | Children                                           | toddlers                                           |             9.3 |            1414.36 |   0.09833065231510237
 AAAAAAAAKCEEAAAA | Only rational problems ought to str                                                                                                                                                                      | Children                                           | toddlers                                           |            0.88 |  5962.049999999999 |    0.4145000322656579
 AAAAAAAAKDJDAAAA | Other, formal hands can afford just majo                                                                                                                                                                 | Children                                           | toddlers                                           |            9.65 |  5553.849999999999 |    0.3861207142171945
 AAAAAAAAKEEBAAAA | Bright spo                                                                                                                                                                                               | Children                                           | toddlers                                           |            3.92 | 2604.6499999999996 |   0.18108326985529238
 AAAAAAAAKEIBAAAA | Here above chairs think chiefly local facilities; at all expensive ages know. Important, legal bodies may reproduce also painful demonstrations. Elements contrast far sexual states. Weak purposes hol  | Children                                           | toddlers                                           |            4.02 |            8154.71 |    0.5669404916290679
 AAAAAAAAKFNAAAAA | Spec                                                                                                                                                                                                     | Children                                           | toddlers                                           |            3.24 | 14104.170000000002 |    0.9805652284164552
 AAAAAAAAKGPAAAAA | Popular activities shall record. Appropriate eggs may service. Annual assessments produce forests. Now mental servi                                                                                      | Children                                           | toddlers                                           |            8.84 |               1485 |   0.10324176213123039
 AAAAAAAAKHCDAAAA | Ideas should occur widely schools. Ging                                                                                                                                                                  | Children                                           | toddlers                                           |            7.78 |            7693.28 |    0.5348604604504729
 AAAAAAAAKHEEAAAA | Rebels may find techniques. As a matter of fact expensive females let regularly very economic results. Curious results used to br                                                                        | Children                                           | toddlers                                           |             4.6 |            3238.33 |   0.22513865021038876
 AAAAAAAAKHHCAAAA | Silent, long ideas must ask largely. Social stores prevent white women. Regular yards put easy practices. Still total readers might attempt representatives. Skills can affect however; wings mi         | Children                                           | toddlers                                           |            2.19 |             2113.2 |   0.14691615605098723
 AAAAAAAAKHKBAAAA | Women conserve chips; proposed, possible recommendations cannot advocate around original functions. Mental eggs could protect however main, perf                                                         | Children                                           | toddlers                                           |           89.97 |           11432.49 |    0.7948218270354681
 AAAAAAAAKJAAAAAA | Today english plans will involve rapidly political extraordi                                                                                                                                             | Children                                           | toddlers                                           |           86.71 |            9290.31 |    0.6458908923537986
 AAAAAAAAKJFCAAAA | Black words look as substantial police. Twice urban conditions use into a ca                                                                                                                             | Children                                           | toddlers                                           |             4.2 |  4848.030000000001 |   0.33704993943775685
 AAAAAAAAKKNBAAAA | Only corporate forces might come particularly appropriate values. Subject, full police put. At least new refugees encourage deaf years; funds ought to set                                               | Children                                           | toddlers                                           |            4.54 |            3087.26 |   0.21463579970186014
 AAAAAAAAKLFDAAAA | Intens                                                                                                                                                                                                   | Children                                           | toddlers                                           |             0.9 |            9184.46 |    0.6385318751675422
 AAAAAAAAKMKCAAAA | Funny, concerned looks continue more social,                                                                                                                                                             | Children                                           | toddlers                                           |            0.53 | 18289.140000000003 |    1.2715171996395767
 AAAAAAAAKNKCAAAA | Full grounds illuminate also relations. D                                                                                                                                                                | Children                                           | toddlers                                           |             1.4 |            3438.49 |   0.23905438833038006
 AAAAAAAAKOEBAAAA | Social, other duties would not come other bodies. Teachers shall clo                                                                                                                                     | Children                                           | toddlers                                           |            3.96 |            1904.99 |    0.1324407572002509
 AAAAAAAAKPCCAAAA | Eastern, grey addresses should convert offers; cognitive changes establish simply firm, distinctive improvements. Police would carry; poor, atomic papers give e                                         | Children                                           | toddlers                                           |            5.36 | 5698.3099999999995 |    0.3961640172188629
 AAAAAAAALBCCAAAA | Principles may ensure tools. Over com                                                                                                                                                                    | Children                                           | toddlers                                           |            8.34 |  4304.969999999999 |   0.29929473988019045
 AAAAAAAALFGDAAAA | Imperial, wild questions must shoot in order military personnel; for                                                                                                                                     | Children                                           | toddlers                                           |            4.37 |              87.34 |  0.006072145120903476
 AAAAAAAALFKCAAAA | Unfortunately private records cannot catch again able indi                                                                                                                                               | Children                                           | toddlers                                           |            4.26 |            2420.95 |    0.1683118815027624
 AAAAAAAALIJAAAAA | Never generous conditions might not keep far patterns; women guide only criteria. As northern courts shall enable. Arts used to attend normally never identical numbers. Tomorrow                        | Children                                           | toddlers                                           |            1.38 |            2392.31 |    0.1663207407166086
 AAAAAAAALJHBAAAA | Closer exc                                                                                                                                                                                               | Children                                           | toddlers                                           |            4.94 | 14462.460000000001 |    1.0054746499342992
 AAAAAAAALJLDAAAA | Happy women use now arts. Levels must force more important, efficient words. Industrial respects might attempt gradually so other chains. Ju                                                             | Children                                           | toddlers                                           |           44.42 |  8933.689999999999 |     0.621097574366432
 AAAAAAAALKICAAAA | Constant rights used to tell here. Years could go good skills. Able, exciting contributions begin in the faces. Different, different studies get ever advan                                              | Children                                           | toddlers                                           |            2.02 |            5900.93 |   0.41025078209632415
 AAAAAAAALNNAAAAA | Individual terms used to move chief principles; doors use                                                                                                                                                | Children                                           | toddlers                                           |            5.66 |            1876.12 |   0.13043362610750434
 AAAAAAAALPIAAAAA | Open, free visits achieve together at the benefits. Exciting, important parents work virtually strategies. Lips would live here. Available, immense questions will exchange details. Black, natio        | Children                                           | toddlers                                           |            1.51 |            1512.41 |   0.10514738953864926
 AAAAAAAAMABEAAAA | Implications should not attempt certainly to the workers                                                                                                                                                 | Children                                           | toddlers                                           |            5.32 |            4199.48 |   0.29196075099990526
 AAAAAAAAMACCAAAA | Also difficult holes may make more pictures. Local, new newspapers may not reply perhaps other functions. Required, general teachers scrape. Things can teac                                             | Children                                           | toddlers                                           |            4.63 |  6196.540000000001 |    0.4308024974522926
 AAAAAAAAMADEAAAA | Total, concerned prices can pick computers. Fair big resources notice greatly above nuclear ways; more joint shares add for instan                                                                       | Children                                           | toddlers                                           |            0.09 |            5392.44 |   0.37489899514271513
 AAAAAAAAMBFCAAAA | Large, minor s                                                                                                                                                                                           | Children                                           | toddlers                                           |           72.49 |            3336.08 |   0.23193453051229299
 AAAAAAAAMBKCAAAA | Recent damages ought to provide both contents;                                                                                                                                                           | Children                                           | toddlers                                           |            0.66 |             591.85 |  0.041147230247386334
 AAAAAAAAMBMAAAAA | Only other degrees provide so conditions. New brothers used to help apart by the officers. Small,                                                                                                        | Children                                           | toddlers                                           |            6.93 |           16491.05 |    1.1465084588513312
 AAAAAAAAMBNDAAAA | Possible, necessary sorts used to get forwards traditional periods; american taxes might not let even women. Difficult pounds must not cope still wide, influ                                            | Children                                           | toddlers                                           |            9.01 |              871.2 |  0.060568500450321826
 AAAAAAAAMCFDAAAA | Here visible rates strain limited areas. Secondary boys increase in a facts. Only mea                                                                                                                    | Children                                           | toddlers                                           |            9.58 |             422.88 |  0.029399916747511586
 AAAAAAAAMEKCAAAA | Big, special studies suggest quite lads. Detailed, arab services shed under future, little rules. Tickets must not implem                                                                                | Children                                           | toddlers                                           |            4.58 |             126.56 |  0.008798840010322235
 AAAAAAAAMFADAAAA | There direct leaders pray including the cities. Perfect words used to return sooner high attitudes. Actions settle for a sites. Populations used t                                                       | Children                                           | toddlers                                           |            7.12 |            2269.47 |    0.1577805265346555
 AAAAAAAAMFECAAAA | Worlds                                                                                                                                                                                                   | Children                                           | toddlers                                           |            9.74 |            1197.72 |   0.08326917396620691
 AAAAAAAAMFFEAAAA | Most academic periods go due to a conditions. Always deep u                                                                                                                                              | Children                                           | toddlers                                           |            9.77 |  6662.360000000001 |   0.46318773491759196
 AAAAAAAAMFLAAAAA | Very immediate agents shall demonstrate instructions. Present, good instructions could not drag both women. Programmes ought to make almost good applicants. Massive, external sessio                    | Children                                           | toddlers                                           |            0.64 |            2358.89 |   0.16399727964561484
 AAAAAAAAMGIAAAAA | Profitable, good dishes could n                                                                                                                                                                          | Children                                           | toddlers                                           |            6.83 |            4726.26 |   0.32858411494299594
 AAAAAAAAMHADAAAA | Past beds must regard commercial, civil resources. Structures must not see then. Easy shoulders may want forward new, other discussions. Only good police will remember images. S                        | Children                                           | toddlers                                           |            5.74 |           15874.34 |    1.1036328850304888
 AAAAAAAAMHOCAAAA | Streets might supply with a feet. Teachers identify seriously; clear reasons could illustrate blindly in the parts. Momentarily valuable mistakes say to a hills; incr                                   | Children                                           | toddlers                                           |            2.84 |             8038.2 |    0.5588403584937751
 AAAAAAAAMIPCAAAA | Leaves can permit too always soviet subjects. Local months may not bring rich, major suggestions; usual, joint associations would go most basic sides. Tired areas ought to pr                           | Children                                           | toddlers                                           |            9.44 |            7223.09 |    0.5021714071599117
 AAAAAAAAMKJDAAAA | Therefore new years ought to lead then grey physical programmes. White, growing notes ensure; places see new categories. Shares keep too huge, ma                                                        | Children                                           | toddlers                                           |            4.31 |           12884.66 |    0.8957811467082687
 AAAAAAAAMLADAAAA | Experiences could help nowadays just specific groups. Similar, inevitable committees should form other factors. Economic arguments might help too different, ideological provisions. Now                 | Children                                           | toddlers                                           |            7.63 |            2311.63 |   0.16071161925617247
 AAAAAAAAMNFCAAAA | Clever, german democrats remember also outstanding officers. Areas could share hence now past workers. Other, concerned voters could not remember there noble ideas; h                                   | Children                                           | toddlers                                           |             4.5 |            2764.88 |   0.19222295170464396
 AAAAAAAAMPJBAAAA | Unfair managers become either in the sales. Matters would make                                                                                                                                           | Children                                           | toddlers                                           |             1.3 |           10054.33 |    0.6990079099319149
 AAAAAAAANCMBAAAA | Essential, future women would carry by a shops. Rules cannot drop primarily main women. Once broa                                                                                                        | Children                                           | toddlers                                           |            0.52 |            1474.77 |   0.10253054110321524
 AAAAAAAANEPCAAAA | Capitalist children overcome prime figures. British, professional letters learn still still representative years; highly particular years alter                                                          | Children                                           | toddlers                                           |            1.16 |            6371.34 |   0.44295513046275653
 AAAAAAAANFEAAAAA | For long british cases let                                                                                                                                                                               | Children                                           | toddlers                                           |           27.29 |            3540.04 |   0.24611445630642478
 AAAAAAAANFJBAAAA | Largely following teachers produce poten                                                                                                                                                                 | Children                                           | toddlers                                           |            3.93 |             5411.2 |    0.3762032479761036
 AAAAAAAANJAAAAAA | Measurements know on the sides. Tough, whole acts used to catch ap                                                                                                                                       | Children                                           | toddlers                                           |            0.24 |            3271.71 |   0.22745933035849683
 AAAAAAAANLKDAAAA | Reserves can coincide deaf, concerned mice. Also single talks finish p                                                                                                                                   | Children                                           | toddlers                                           |            7.15 |           10869.27 |    0.7556650423435142
 AAAAAAAANNFDAAAA | Affairs support; servi                                                                                                                                                                                   | Children                                           | toddlers                                           |            7.11 |              977.9 |   0.06798661224789912
 AAAAAAAANNJCAAAA | Existing dea                                                                                                                                                                                             | Children                                           | toddlers                                           |            4.74 |            5439.29 |    0.3781561510725792
 AAAAAAAANPLBAAAA | Personal,                                                                                                                                                                                                | Children                                           | toddlers                                           |            1.53 | 14492.119999999999 |     1.007536704254038
 AAAAAAAAOAEBAAAA | Very new symptoms used to pass. Nearly significant schools fly as direct, casual progr                                                                                                                   | Children                                           | toddlers                                           |            4.57 |              17.16 | 0.0011930159179608846
 AAAAAAAAOAMCAAAA | Both full solutions will not make critical roads. So previous votes start too immensely thin members. Councils may focus surprisin                                                                       | Children                                           | toddlers                                           |            5.57 | 10307.099999999999 |    0.7165812568773096
 AAAAAAAAOAOAAAAA | Relative men could not develop ultimately british, other nights. Ahead particular contributions lik                                                                                                      | Children                                           | toddlers                                           |            4.28 | 13319.400000000001 |    0.9260056070913874
 AAAAAAAAOBFCAAAA | Active, mixed banks rest deliberately. Previous values draw local, trying records. Serious events tax to a features. Waste, mere trends will not encounter. Other, large forces dream support            | Children                                           | toddlers                                           |            1.65 |  983.1800000000001 |   0.06835369406881016
 AAAAAAAAODODAAAA | More old years can expand severe changes. Today useful types imagine also                                                                                                                                | Children                                           | toddlers                                           |            5.39 |            6642.64 |   0.46181673993494693
 AAAAAAAAODPDAAAA | Central, special lines benefit p                                                                                                                                                                         | Children                                           | toddlers                                           |            8.71 |            3380.74 |   0.23503943091416554
 AAAAAAAAOFBDAAAA | Social duties insist only strange, specified farmers. Good members secure with a liv                                                                                                                     | Children                                           | toddlers                                           |           64.52 |  5350.389999999999 |   0.37197554995913384
 AAAAAAAAOHHBAAAA | Electronic, alone areas hope progressively. Small theories alter national spirits; years negotiate friends. Much complete strings would not go for a texts. Huge, big tools ought to see no longer       | Children                                           | toddlers                                           |            0.15 |             8711.5 |    0.6056502429671472
 AAAAAAAAOICEAAAA | More human letters                                                                                                                                                                                       | Children                                           | toddlers                                           |            3.03 |             641.28 |   0.04458375570337739
 AAAAAAAAOJEEAAAA | Different events would pay military, interested needs. Great workers may wish ideas. Languages should not ease important authorities. Con                                                                | Children                                           | toddlers                                           |            3.82 | 3725.2200000000003 |    0.2589887388057253
 AAAAAAAAOKLAAAAA | Golden flowers shall claim most girls. New clouds could put teeth. Happy sanctions make practi                                                                                                           | Children                                           | toddlers                                           |            8.06 |            1566.48 |   0.10890650204938032
 AAAAAAAAOMBCAAAA | Hands might try easy capitalist costs. British,                                                                                                                                                          | Children                                           | toddlers                                           |            0.26 | 1131.3200000000002 |     0.078652841975962
 AAAAAAAAOMCBAAAA | Most personal masses cannot complete. Male, military years take indeed long main cats. Previous, terrible award                                                                                          | Children                                           | toddlers                                           |            68.3 |           10518.14 |    0.7312534060222085
 AAAAAAAAOMEEAAAA | Electoral articles affect importantly hills. Cards feel more prepa                                                                                                                                       | Children                                           | toddlers                                           |            0.18 |            8374.36 |    0.5822112344251115
 AAAAAAAAOMFBAAAA | True, inherent mark                                                                                                                                                                                      | Children                                           | toddlers                                           |            8.83 | 12526.010000000002 |    0.8708466968844535
 AAAAAAAAONCCAAAA | Detailed spots may not appreciate ever. Certainly bad methods want officials. Managers amount on a eyes. Existing, occupational funds give from a values. Big police ensure over light events. S         | Children                                           | toddlers                                           |            8.27 |            1972.78 |   0.13715372626077352
 AAAAAAAAONHDAAAA | Head, rich detai                                                                                                                                                                                         | Children                                           | toddlers                                           |            5.96 |  5677.050000000001 |    0.3946859567051189
 AAAAAAAAONKAAAAA | Clear women explain more; here black industries examine tory, equal standards. Speakers reveal                                                                                                           | Children                                           | toddlers                                           |            4.66 |             5728.8 |    0.3982837756884799
 AAAAAAAAONKBAAAA | Arms give that is much complex secon                                                                                                                                                                     | Children                                           | toddlers                                           |            9.11 |           13721.36 |    0.9539511011696831
 AAAAAAAAONNAAAAA | Full years settle just. Subject, southern elections worry also wide minut                                                                                                                                | Children                                           | toddlers                                           |            1.26 |            3556.55 |   0.24726228222749322
 AAAAAAAAOOBAAAAA | Adequately only comments can proclaim only important, open expectations. Important members adopt things; old, medical materials will sell purposes. Soon considerable papers used to leave distinctly    | Children                                           | toddlers                                           |            1.53 |            3314.76 |   0.23045229861422037
 AAAAAAAAOOEAAAAA | Eventually open concepts vary wi                                                                                                                                                                         | Children                                           | toddlers                                           |            7.91 |           11521.62 |    0.8010184184555061
 AAAAAAAAOPBEAAAA | Perhaps                                                                                                                                                                                                  | Children                                           | toddlers                                           |            1.82 |            2171.88 |   0.15099576992429403
 AAAAAAAAPABAAAAA | Full events shall use later in the women. Sports can think christi                                                                                                                                       | Children                                           | toddlers                                           |            1.15 |            2105.14 |   0.14635580008952076
 AAAAAAAAPBMAAAAA | International boys encourage. Vital words withdraw more christian, good views. Little communications exist quietly to a strategies. As british birds can occur. Open, hard standards used to avoi        | Children                                           | toddlers                                           |           15.16 | 4072.3900000000003 |    0.2831250637613477
 AAAAAAAAPDCCAAAA | Old, separate participants cannot dig just. Scientific facts would question just in a problems. Calculations                                                                                             | Children                                           | toddlers                                           |             0.3 |                7.7 | 0.0005353276554952687
 AAAAAAAAPGBDAAAA | Also gradual details contribute then nuclear, detailed developments. Certainly successful functions proceed here within a                                                                                | Children                                           | toddlers                                           |            9.05 |           11449.58 |     0.796009976338379
 AAAAAAAAPKOBAAAA | Official, given kinds adjust british marks. Goods should talk very. Accordingly different materials ca                                                                                                   | Children                                           | toddlers                                           |            8.54 |             166.02 |   0.01154222043705513
 AAAAAAAAPNADAAAA | Able, desperate games display on a employees; trials know similar,                                                                                                                                       | Children                                           | toddlers                                           |            3.78 |            8723.91 |    0.6065130242924324
 AAAAAAAAPOMCAAAA | Skills should appear thus difficult studies. General offices must serve by a areas. Twins obtain in order later easy dogs. Far similar children might reach families. Over left horses used to help cer  | Children                                           | toddlers                                           |            4.13 | 1057.1699999999998 |   0.07349770617661469
 AAAAAAAAAJDBAAAA |                                                                                                                                                                                                          | Children                                           |                                                    |            3.72 |            2853.21 |     17.47408171364458
 AAAAAAAAABBDAAAA | Years believe overseas shops. Large eyes might make visibly; legal, existing proteins appear at all already ordinary aims. Required, royal areas get european affairs.                                   | Jewelry                                            | birdal                                             |               9 |  7410.900000000001 |     1.572595964661333
 AAAAAAAAADEBAAAA | Pounds bring directly by a services; arrangements substitute for the days. Political, literary                                                                                                           | Jewelry                                            | birdal                                             |            0.84 | 1395.4599999999998 |    0.2961171740067068
 AAAAAAAAAEMDAAAA | Difficult, able plans will hesitate vague employees. Numerous, right authorities ought to work narrowly doctors. Previous, current months ought to                                                       | Jewelry                                            | birdal                                             |            6.68 | 13548.630000000001 |     2.875024742566959
 AAAAAAAAAGLDAAAA | Again certain charges pop after the others. Linguistic stories should cook general magazines; shoulders get wars. Concrete centres happen similarly in a plans. Social feet take prob                    | Jewelry                                            | birdal                                             |            0.23 |  5450.630000000001 |    1.1566258811833925
 AAAAAAAAAKBAAAAA | Tables shall not know into the critics. Flights must buy qu                                                                                                                                              | Jewelry                                            | birdal                                             |             0.7 |           15837.74 |    3.3607748064817202
 AAAAAAAABLJBAAAA | As distinct miles know hig                                                                                                                                                                               | Jewelry                                            | birdal                                             |            5.48 |           17923.16 |    3.8033017703624954
 AAAAAAAACAFEAAAA | Final hands tie slightly; together numerous problems ought to understand medieval humans. Imaginative, long-term authorities neglect specially subsequent, beautiful boys. Military, bare weeks repa     | Jewelry                                            | birdal                                             |            6.51 |            8145.08 |     1.728389256344537
 AAAAAAAACECAAAAA | Problems await however correctly convent                                                                                                                                                                 | Jewelry                                            | birdal                                             |            8.32 |           22922.86 |    4.8642401239386155
 AAAAAAAACFKAAAAA | Well only profits might amuse again like the                                                                                                                                                             | Jewelry                                            | birdal                                             |            9.51 | 3969.9300000000003 |    0.8424207448471799
 AAAAAAAACFLCAAAA | Prices should range brave                                                                                                                                                                                | Jewelry                                            | birdal                                             |             2.9 |            4259.75 |    0.9039206655691094
 AAAAAAAACGBBAAAA | Hard, physical gains bring within immediate institutions; indeed obvious companies pay criminal, financial bedroo                                                                                        | Jewelry                                            | birdal                                             |            3.18 |  9459.849999999999 |    2.0073839798542026
 AAAAAAAACLDAAAAA | Ever apparent agents must run yet accused, short demands. Short, poor eyes need with a men. Words take                                                                                                   | Jewelry                                            | birdal                                             |            1.77 |            3065.15 |    0.6504260644566362
 AAAAAAAACOFCAAAA | Still christian powers follow excellent, common police. Holes would not stare more always radical goods; further different forms mention. Changes tell dir                                               | Jewelry                                            | birdal                                             |            3.16 |            3056.25 |    0.6485374808722556
 AAAAAAAADBOBAAAA | More healthy visitors might come silently strong effective casualties. Good, expected jobs will emulate otherwise. Effective conditions keep all years. Per                                              | Jewelry                                            | birdal                                             |            4.46 |             8319.6 |    1.7654224706306152
 AAAAAAAADEOBAAAA | Wonderful images could not make children. Only national names must not resign members; peculiar, high designs follow home full require                                                                   | Jewelry                                            | birdal                                             |            9.35 |           21821.43 |     4.630516234349371
 AAAAAAAAEBLBAAAA | External governments will look to the hands. Then political organisations grasp. Foreign foods breathe far local, typical scores; main, small letters must live. Inc lette                               | Jewelry                                            | birdal                                             |            4.06 | 12137.420000000002 |     2.575565412217107
 AAAAAAAAEIKBAAAA | Successes may not see too male, possible members. Women move mad questions. Public, g                                                                                                                    | Jewelry                                            | birdal                                             |            2.75 |            17954.4 |    3.8099309109440744
 AAAAAAAAEJFCAAAA | Things reflect distinctive tories. Obvious goods will know with a girls. Later public results take meeting                                                                                               | Jewelry                                            | birdal                                             |            2.26 | 11423.210000000001 |    2.4240097625766084
 AAAAAAAAEMKDAAAA | Publishers convey geographical students. Relat                                                                                                                                                           | Jewelry                                            | birdal                                             |            9.69 |             429.44 |   0.09112734095240292
 AAAAAAAAFKKDAAAA | Rules set here now large marks. Devices might care severe committees. Good, original                                                                                                                     | Jewelry                                            | birdal                                             |            0.18 | 11669.169999999998 |     2.476202573634388
 AAAAAAAAGAEEAAAA | Huskily central contracts will                                                                                                                                                                           | Jewelry                                            | birdal                                             |            1.77 | 13328.220000000001 |    2.8282536517991703
 AAAAAAAAGBFBAAAA | Earlier right conditions ought to leave s                                                                                                                                                                | Jewelry                                            | birdal                                             |            6.23 |            4204.08 |    0.8921074691486077
 AAAAAAAAGCCDAAAA | Other, difficult names fall resources. Individual, functional organizations enforce therefore important years. All similar grounds must pursue foreign, necessary victims. Friends select.               | Jewelry                                            | birdal                                             |            4.79 |            9611.71 |     2.039608733014206
 AAAAAAAAGEFEAAAA | Days know. Grand, good services avoid thoughtfully other, long guests. As                                                                                                                                | Jewelry                                            | birdal                                             |            2.89 |            1777.96 |    0.3772838280545229
 AAAAAAAAGGGBAAAA | Greek products discuss much times. Packages must lose arms; black attempts support hopefully. Heavy films could remember never; other, liberal arms pull great, fundamental laws. Poun                   | Jewelry                                            | birdal                                             |            4.04 |               1049 |   0.22259822247361835
 AAAAAAAAGICAAAAA | Practical, certain parts bear less public links. Groups shall close charg                                                                                                                                | Jewelry                                            | birdal                                             |            4.85 |            7419.08 |    1.5743317639557413
 AAAAAAAAGJFAAAAA | Recent shops must rescue to a girls. Li                                                                                                                                                                  | Jewelry                                            | birdal                                             |            4.99 |            8596.01 |    1.8240767839518095
 AAAAAAAAGNBDAAAA | Resources develop buildings; hours will not escape n                                                                                                                                                     | Jewelry                                            | birdal                                             |           96.79 |           11478.64 |    2.4357720309004525
 AAAAAAAAHOPBAAAA | Thinly different acids might find more lives. Individual muscles become highly loose odd h                                                                                                               | Jewelry                                            | birdal                                             |            4.09 |             520.26 |   0.11039938152919418
 AAAAAAAAIJCAAAAA | More natural id                                                                                                                                                                                          | Jewelry                                            | birdal                                             |             3.3 |             1966.9 |   0.41737697214810293
 AAAAAAAAIJGDAAAA | Small, rural miles must understand also for a days. Original powers help toys. Academic historians ignore expensive experiment                                                                           | Jewelry                                            | birdal                                             |            1.74 | 3944.8199999999997 |    0.8370923927343938
 AAAAAAAAIKAEAAAA | Here legal measures will browse above long affairs. Inc, correct feelings work local things. Languages used to redress hence beyond the strange                                                          | Jewelry                                            | birdal                                             |           80.68 |            6648.95 |    1.4109098677940561
 AAAAAAAAIKHAAAAA | Identical expressions would not support really results. Currently human chiefs may not want part-time                                                                                                    | Jewelry                                            | birdal                                             |            3.42 | 11387.460000000001 |     2.416423598178675
 AAAAAAAAIOLBAAAA | Personal trousers want average marks. Black profits need alre                                                                                                                                            | Jewelry                                            | birdal                                             |              64 |             1562.5 |    0.3315631292802943
 AAAAAAAAJEKCAAAA | Rapidly massive children might know also years; over similar costs could enable; votes can perform less following teachers. Boats eradicate                                                              | Jewelry                                            | birdal                                             |            0.68 |            6787.62 |     1.440335697641927
 AAAAAAAAJJICAAAA | Environmental relations would cover normal members. Domestic honours may not conclude only in                                                                                                            | Jewelry                                            | birdal                                             |             6.4 |            1269.47 |    0.2693820452655713
 AAAAAAAAJOGCAAAA | Just rich changes construct especially to a developments. Excessive films will not integrate high ways; big sheets make once late occupations. Industrial, little boys improv                            | Jewelry                                            | birdal                                             |            4.43 |            8332.18 |    1.7680919516970768
 AAAAAAAAKDCBAAAA | Closely new powers may not stop of course formal english things. Necessary, alternative skills facilitate trials; particular, other prices matter steps. W                                               | Jewelry                                            | birdal                                             |            3.51 | 1742.4299999999998 |    0.3697443477451924
 AAAAAAAAKEGCAAAA | Discussions go twice students. Small meetings must check stars. Al                                                                                                                                       | Jewelry                                            | birdal                                             |            7.81 |           11896.91 |    2.5245290933542566
 AAAAAAAAKGCEAAAA | Other organizations expan                                                                                                                                                                                | Jewelry                                            | birdal                                             |            2.57 |            8207.56 |     1.741647537507694
 AAAAAAAAKJLCAAAA | National, psychological adults could not pu                                                                                                                                                              | Jewelry                                            | birdal                                             |            1.94 |            2983.46 |    0.6330914135568555
 AAAAAAAAKJOCAAAA | Small, strong trees balance rates. Little educational cars shall select political years. Formal, elderly steps                                                                                           | Jewelry                                            | birdal                                             |            9.29 |            1868.06 |   0.39640308434134175
 AAAAAAAAKKECAAAA | Corporate men try unable accountants. Red speeches carry only academic lay                                                                                                                               | Jewelry                                            | birdal                                             |            2.97 |             5937.3 |    1.2598974511845704
 AAAAAAAAKMCEAAAA | Additional                                                                                                                                                                                               | Jewelry                                            | birdal                                             |               8 |  9786.970000000001 |    2.0767989755983116
 AAAAAAAAKMGDAAAA | Both profound rules should call thereof final federal cameras; other, sad chi                                                                                                                            | Jewelry                                            | birdal                                             |            0.13 |            2498.92 |    0.5302718304135123
 AAAAAAAAKNAAAAAA | Exactly expensive                                                                                                                                                                                        | Jewelry                                            | birdal                                             |           14.04 |            2864.74 |    0.6078989817436353
 AAAAAAAALAFDAAAA | Possibilities produce just c                                                                                                                                                                             | Jewelry                                            | birdal                                             |            4.89 |            9386.82 |    1.9918869844421452
 AAAAAAAALAKBAAAA | Traditional, poor processes live ordinary levels. Always certain drugs return also key scientists. Early short exceptions consider often. Below causal pages impress however distinct revenues. Elderly  | Jewelry                                            | birdal                                             |             4.1 |            4401.89 |    0.9340828308144863
 AAAAAAAALCADAAAA | Variations investigate eyes. Affairs develop solely pictures; occasionally related appointments say instead along a results                                                                              | Jewelry                                            | birdal                                             |            1.62 | 5222.9400000000005 |     1.108309971483661
 AAAAAAAALMODAAAA | Optimistic, critical year                                                                                                                                                                                | Jewelry                                            | birdal                                             |            2.78 |            12266.3 |    2.6029138001221592
 AAAAAAAALPKBAAAA | Large, political years may borrow proposals. Secondary, european churches spread by the teachers. Surprising, financial troops take ago                                                                  | Jewelry                                            | birdal                                             |            9.09 | 11430.279999999999 |     2.425510019423976
 AAAAAAAAMBPBAAAA | Economic goods shall afford usually here medical pools. International participants let areas. Suitable, due years come officially walls. Warm americans meet now with the words. Low, long pati          | Jewelry                                            | birdal                                             |            3.87 | 223.76000000000002 |  0.047481962116965544
 AAAAAAAAMGPBAAAA | At once ordinary s                                                                                                                                                                                       | Jewelry                                            | birdal                                             |            7.19 |           10803.99 |     2.292611029192324
 AAAAAAAAMMPBAAAA | Automatically individual councils will keep still legal changes. High transactions should sell more. Rates should not object jobs. Guidelines might                                                      | Jewelry                                            | birdal                                             |           74.83 |            1142.49 |   0.24243683812572378
 AAAAAAAAMPEBAAAA | Too ordinary councils would plan most methods. S                                                                                                                                                         | Jewelry                                            | birdal                                             |            4.95 |             997.38 |   0.21164443768421115
 AAAAAAAANJADAAAA | New, academic versions honour onto a awards; officials know certainly without a estates. Clothes attract more also old elements. Whole, likely                                                           | Jewelry                                            | birdal                                             |            5.08 |            3592.36 |    0.7623002387848691
 AAAAAAAANPMAAAAA | Also skilled ways will not talk mercifully tory copies. Independent, new relations can take for a books. Estates walk beyond. Players will not become aside diffe                                        | Jewelry                                            | birdal                                             |            3.03 |            4477.88 |    0.9502079394186522
 AAAAAAAAOBEBAAAA | However hot men might qualify hot days; comments take for the women. Lists interpret so quiet prisoners. Wounds understand widely mathematical facili                                                    | Jewelry                                            | birdal                                             |            8.03 |            9209.57 |    1.9542744630565887
 AAAAAAAAOCFCAAAA | Very human men serve before total colleagues. Tea                                                                                                                                                        | Jewelry                                            | birdal                                             |            3.12 |            3235.82 |    0.6866423071921676
 AAAAAAAAODDDAAAA | Criteria engage simple members. Churches outweigh about communist, real days. International drugs include original l                                                                                     | Jewelry                                            | birdal                                             |            4.14 |            6561.65 |    1.3923847726349075
 AAAAAAAAOKBDAAAA | Secur                                                                                                                                                                                                    | Jewelry                                            | birdal                                             |            9.28 |            4938.83 |    1.0480217150613733
 AAAAAAAAOLAAAAAA | Points prevent over to a levels. Posts govern corp                                                                                                                                                       | Jewelry                                            | birdal                                             |            0.21 |            5056.28 |    1.0729446523631145
 AAAAAAAAOMDDAAAA | Days cannot recoup really thin, other couples. Heavily dry councillors                                                                                                                                   | Jewelry                                            | birdal                                             |            8.18 |            1231.95 |   0.26142028615478946
 AAAAAAAAOMIAAAAA | Old, military constraints might keep better in a families. Adverse, aware authorities must not understand very forces. Just new procedures should wish here st                                           | Jewelry                                            | birdal                                             |            3.55 |            6390.25 |    1.3560136236053764
 AAAAAAAAOMKBAAAA | International words think. Local, available functions would need japanese stocks. Native signs must solve really only eastern women. Glad, effective pensions involve ot                                 | Jewelry                                            | birdal                                             |            0.17 |               3113 |    0.6605798537277159
 AAAAAAAAONACAAAA | Abilities go at last considerable modes; frequent, extra hours will use on a walls. Cheap, oth                                                                                                           | Jewelry                                            | birdal                                             |            7.16 |             135.28 |  0.028706470482584453
 AAAAAAAAPHPDAAAA | Forms used to wait national females. Internal, large families drop. Major, simple knees will offer most; other things                                                                                    | Jewelry                                            | birdal                                             |            0.36 |            7413.16 |     1.573075537571524
 AAAAAAAAPICAAAAA | Private, warm features cover of course surprisingly reliable details. Picture                                                                                                                            | Jewelry                                            | birdal                                             |            3.94 | 12149.489999999998 |    2.5781266710781705
 AAAAAAAAAHBAAAAA | General officers shall not afford inside conditions; also big positions would exercise tomorrow due junior consequences. Things could account; other children                                            | Jewelry                                            | bracelets                                          |            1.37 | 3960.2700000000004 |    1.2900814161782774
 AAAAAAAAAHICAAAA | Brave lights experiment so. Glasses can act big, shared females. New signs ensure comm                                                                                                                   | Jewelry                                            | bracelets                                          |            0.51 |            5518.89 |    1.7978111156391186
 AAAAAAAAAIFBAAAA | Literary, expected charges would understand european parts. Now various couples should define lips. Areas shall no                                                                                       | Jewelry                                            | bracelets                                          |            1.63 |              98.43 |  0.032064155674847376
 AAAAAAAABEEBAAAA | Right, new patients mean more minutes; never modern systems can ask in a eyebrows. Too molecular charts include extra delicate sisters; estimated, blind studies cannot cal                              | Jewelry                                            | bracelets                                          |            9.28 |             478.02 |   0.15571784715727463
 AAAAAAAABHNBAAAA | Poets prepare different, similar parts. As fresh researchers shall exist free, other tables. Ridiculous, ol                                                                                              | Jewelry                                            | bracelets                                          |            2.46 |            5049.43 |     1.644881739197852
 AAAAAAAABKEEAAAA | Royal, strong engines smoke before to the resources; brown years will want great relationships. Particularly digital                                                                                     | Jewelry                                            | bracelets                                          |            3.54 |            4225.17 |    1.3763741606491404
 AAAAAAAACFMAAAAA | Later old elements used to express much at a men. Hard only thoughts throw in a topics. Lights must establish less as primary                                                                            | Jewelry                                            | bracelets                                          |            2.97 |            1096.22 |    0.3571001598484323
 AAAAAAAACLNCAAAA | Again european targets know then fingers. Usual, proper groups must divert unemployed, rig                                                                                                               | Jewelry                                            | bracelets                                          |            2.53 |            11906.3 |    3.8785477670571504
 AAAAAAAADAPBAAAA | Good, strong services cannot replace for a aspects. Impo                                                                                                                                                 | Jewelry                                            | bracelets                                          |            7.97 | 13768.810000000001 |     4.485271434495534
 AAAAAAAADEDAAAAA | Useful, very levels manage as conditions. So standard                                                                                                                                                    | Jewelry                                            | bracelets                                          |            2.64 |           17489.79 |     5.697402715436238
 AAAAAAAADHJDAAAA | Funny, round males catch suspiciously then modern patterns. Possible, equal signals might switch                                                                                                         | Jewelry                                            | bracelets                                          |            5.95 |  5407.610000000001 |     1.761560996331011
 AAAAAAAADKECAAAA | Profitable, vast citizens touch extra customs. Levels cannot give in a rules; special organizations must accommodate however comprehensive bonds; other, education                                       | Jewelry                                            | bracelets                                          |            5.22 |            1904.87 |    0.6205226884115261
 AAAAAAAADLEEAAAA | Topics accelerate only eyes. Black features ensure just l                                                                                                                                                | Jewelry                                            | bracelets                                          |            2.64 | 2964.3700000000003 |    0.9656610907025026
 AAAAAAAADOCAAAAA | Mental opportunities look old, main women. Subsequent boards used to make. Able, electronic applications experience systematically in a legs. Ships meet usually brilliant friends. Chemical nurse       | Jewelry                                            | bracelets                                          |            6.34 |            1909.55 |    0.6220472261394372
 AAAAAAAAEDDBAAAA | Expectations ought to find old, possible aspects. Notable allies might link so potential, conservative men. Late courts care occasionally commercial, regulatory differences. New posts train also loca  | Jewelry                                            | bracelets                                          |            1.93 |            2942.12 |    0.9584130213764296
 AAAAAAAAEHECAAAA | Gold authorities develop issues. Countries prefer                                                                                                                                                        | Jewelry                                            | bracelets                                          |            0.15 |            9746.52 |    3.1749866358631866
 AAAAAAAAENEBAAAA | High, illegal statements call rapidly also appropriate difficulties. Ahead german sides gain actual, close plans. Later close friends say in the hands. Members discuss however current words. Outstand  | Jewelry                                            | bracelets                                          |             9.3 | 5630.3099999999995 |    1.8341068407766934
 AAAAAAAAFBAEAAAA | Popular results may increase for th                                                                                                                                                                      | Jewelry                                            | bracelets                                          |             3.7 |             899.49 |    0.2930141967689573
 AAAAAAAAFDBEAAAA | High children might hear in particular institutions. As so-called tools would look too.                                                                                                                  | Jewelry                                            | bracelets                                          |            4.63 |           20740.45 |     6.756324469840377
 AAAAAAAAFMBBAAAA | Almost bright enterprises will persuade again matters. Leaders can look perhaps anywhere visual objects. Heads take more. Examples might get never pure reactions. N                                     | Jewelry                                            | bracelets                                          |            2.13 |            5119.74 |    1.6677856382682426
 AAAAAAAAFPCAAAAA | Machines should spend thus in a buildings. Never separate st                                                                                                                                             | Jewelry                                            | bracelets                                          |            9.84 |            1635.92 |    0.5329106324453553
 AAAAAAAAGKDAAAAA | White, central shoulders will drink into a sale                                                                                                                                                          | Jewelry                                            | bracelets                                          |            8.26 |            1008.24 |    0.3284401535874034
 AAAAAAAAGKJBAAAA | Original, unable liabilities will take. Products ought to afford eastw                                                                                                                                   | Jewelry                                            | bracelets                                          |            3.24 | 11467.689999999999 |     3.735667960894955
 AAAAAAAAHKEEAAAA | Benefits draw profound, nuclear modules. Notable, other articles te                                                                                                                                      | Jewelry                                            | bracelets                                          |            6.71 |            4428.62 |    1.4426492035430518
 AAAAAAAAHLBDAAAA | Inevitable years play all at a sales; worthy, british exhibitions pay then working, poor churche                                                                                                         | Jewelry                                            | bracelets                                          |            8.95 |             5270.5 |    1.7168966014861637
 AAAAAAAAIGGAAAAA | Points represent soon complete chemicals. Virtually professional studies receive resolutely clean, firm proceedings. Children advi                                                                       | Jewelry                                            | bracelets                                          |           61.58 |            4216.02 |    1.3733934939375196
 AAAAAAAAIHDBAAAA | Yet colonial situations cannot support only central recommendations. Clear, small                                                                                                                        | Jewelry                                            | bracelets                                          |           16.58 |           13249.51 |     4.316106382763864
 AAAAAAAAIIAEAAAA | Modern, other details would put widely about wide times; legal, beneficial computers might recal                                                                                                         | Jewelry                                            | bracelets                                          |            5.04 |            7292.14 |      2.37545780923277
 AAAAAAAAIJCDAAAA | Changes restore so typical, great questions; well suspicious weeks might not encompass as. Small, big metals should specify ex                                                                           | Jewelry                                            | bracelets                                          |            6.75 |            17538.7 |     5.713335437716608
 AAAAAAAAIPPAAAAA | Journalists would win less faintly regular members; good c                                                                                                                                               | Jewelry                                            | bracelets                                          |            8.25 |           12822.33 |     4.176949966821759
 AAAAAAAAKEGDAAAA | Single goods should not fly so heavy students; demanding, white faces like barely investments. Current, western accounts control in general children. Individual, hard items ha                          | Jewelry                                            | bracelets                                          |            0.79 |  848.9200000000001 |    0.2765407196534739
 AAAAAAAAKGBAAAAA | Economic pounds get animals; standard, large men produce sessions; short, empty provisions will appoint. Glasses can think so possible arms. Weeks describe aloud for a years. Also small deals change   | Jewelry                                            | bracelets                                          |            3.23 |  7498.530000000001 |    2.4426905745454977
 AAAAAAAAKJFBAAAA | Paintings will enter hard, explicit applications. Far, political claims ca                                                                                                                               | Jewelry                                            | bracelets                                          |            4.26 |            5009.59 |     1.631903623155122
 AAAAAAAAKLHAAAAA | Children ought to think moreover rather yellow years.                                                                                                                                                    | Jewelry                                            | bracelets                                          |            0.24 |            3899.06 |    1.2701418960232695
 AAAAAAAAKMECAAAA | Legs should not become well. Systems soften moreover questions; tiny, available scholars must see organiza                                                                                               | Jewelry                                            | bracelets                                          |            1.83 |            6995.21 |    2.2787311024916095
 AAAAAAAAKMEDAAAA | Still keen runs shop else christian cases. Happy, unc                                                                                                                                                    | Jewelry                                            | bracelets                                          |            8.32 |             493.76 |   0.16084524541311226
 AAAAAAAAKODCAAAA | Alternative numbers flourish anyway in a fathers. Eyes see maybe shy schools. Needs make just foreign                                                                                                    | Jewelry                                            | bracelets                                          |            3.59 |            2709.46 |    0.8826226479200647
 AAAAAAAALDCAAAAA | National, internal arms protect. Bad pp. cannot test hence still autonomous years.                                                                                                                       | Jewelry                                            | bracelets                                          |            3.45 |             723.28 |   0.23561274526570772
 AAAAAAAALGCDAAAA | New relations point previous, statutory families. Again monthly journali                                                                                                                                 | Jewelry                                            | bracelets                                          |           86.61 |             4694.8 |    1.5293589155976173
 AAAAAAAAMEGEAAAA | Very typical months would conflict cool great statistical requests. Teams might not take often comprehensive flowers. Exceptions must not guarantee obviously students. Cultural, new ages               | Jewelry                                            | bracelets                                          |            7.05 | 4375.5599999999995 |    1.4253645941748976
 AAAAAAAAMFEEAAAA | Children poison objects. Shoes hold then; cities may not ignore once more there residential ye                                                                                                           | Jewelry                                            | bracelets                                          |            6.92 |               4224 |    1.3759930262171627
 AAAAAAAAMKECAAAA | Also political insects shall not look bad, other exercises. Particular, new committees will not kill then. Frantically national times return in a authorities. Small, conservati                         | Jewelry                                            | bracelets                                          |            0.42 |            2731.58 |    0.8898283689759179
 AAAAAAAAMPDEAAAA | Great forces negotiate historical, social lines. Actual policies realise as in the places; there significant buildings must not tell actively scottish cases. Public, naval relations hear women. R      | Jewelry                                            | bracelets                                          |            1.63 |            2450.73 |    0.7983398175050158
 AAAAAAAAOAIAAAAA | Remains encourage simply men. Likely, important men shall threaten so as the accounts; then main videos ought to express again to a changes. Per annum available eyes give numbers. Good, inner n        | Jewelry                                            | bracelets                                          |            4.07 |           12145.22 |     3.956377372602559
 AAAAAAAAOCPDAAAA | Days shall not remind official practitioners. Ag                                                                                                                                                         | Jewelry                                            | bracelets                                          |            3.43 |              79.86 |   0.02601486815191823
 AAAAAAAAOGPDAAAA | So back premises must move like a circumstances. Other, traditional years would not say molecular, likely effects. Rules shall put again strange authorities. Major, old-fashioned views can             | Jewelry                                            | bracelets                                          |            1.83 |  4785.030000000001 |    1.5587518726893728
 AAAAAAAAOIGAAAAA | Ways will provide only royal, american women; much original populations make american rivers. Occasiona                                                                                                  | Jewelry                                            | bracelets                                          |            9.69 |            6103.06 |    1.9881079542104443
 AAAAAAAAOIOBAAAA | Fields must vote important relations. Considerable, private eyes might cost normally                                                                                                                     | Jewelry                                            | bracelets                                          |            3.88 |           15757.57 |    5.1331217874357895
 AAAAAAAAOOPDAAAA | Dramatic parents damage conventional, important police. Surely posi                                                                                                                                      | Jewelry                                            | bracelets                                          |           93.49 |            7240.07 |    2.3584956982301355
 AAAAAAAAPAHAAAAA | Main, communist competitors help sections. Respectively provincial letters shall write however amongst                                                                                                   | Jewelry                                            | bracelets                                          |            4.71 |            4008.57 |    1.3058154273445388
 AAAAAAAAPJLCAAAA | Pink, disastrous years will not speak however into a fans. Terrible, similar seconds supply public, pregnant writers. Curiously                                                                          | Jewelry                                            | bracelets                                          |            2.73 |           10418.41 |    3.3938587841551016
 AAAAAAAAABPAAAAA | Attitudes take preferences. Patiently amazing buses see efficiently late children. Therefore relative windows will release certainly basically doubtful manufacturers. New, central proteins wil         | Jewelry                                            | consignment                                        |             9.6 |            1365.57 |   0.38744575540956344
 AAAAAAAAAFGAAAAA | New magazines used to silenc                                                                                                                                                                             | Jewelry                                            | consignment                                        |            2.81 | 10724.269999999999 |     3.042738849979216
 AAAAAAAAAJBEAAAA | Big duties might make in a places; however public dates mi                                                                                                                                               | Jewelry                                            | consignment                                        |            7.28 |            5078.86 |    1.4409973485939316
 AAAAAAAAANBDAAAA | Later new modules reach ever remote women. Mainly immediate services may see                                                                                                                             | Jewelry                                            | consignment                                        |            2.93 |              773.5 |   0.21946095169731125
 AAAAAAAAANIBAAAA | Similar, following representatives may hear in a bodies. Words would identify such as a funds. Resources might meet other others. Emotional students must not give terrib                                | Jewelry                                            | consignment                                        |            3.27 |            6765.34 |    1.9194931544355367
 AAAAAAAABFMBAAAA | Though specific children ought to lead of course old, social changes; now new goods break also. Always gradual times would seek time and again new, big examples. Deputies support true ca               | Jewelry                                            | consignment                                        |            7.74 |            4735.41 |    1.3435521464472717
 AAAAAAAABMGAAAAA | Typically significant candidates will trust; social parties find. Better weekly cats hear comparisons. Tic                                                                                               | Jewelry                                            | consignment                                        |            0.75 |               3156 |    0.8954347298729338
 AAAAAAAABOEAAAAA | Words should not allow on the enemies. Before clear cases get including a attitudes. Also good shows set absolutely sorry members. Demands may not miss always sure positive powers; just, active ba     | Jewelry                                            | consignment                                        |            8.23 | 15753.079999999998 |     4.469535784051557
 AAAAAAAACCMDAAAA | Other areas extract also usually important books. Other cards shall produce afterward                                                                                                                    | Jewelry                                            | consignment                                        |            4.61 |             1394.2 |   0.39556878973030557
 AAAAAAAACDBCAAAA | Alone, possible facilities get. Wild, alternative tears will know                                                                                                                                        | Jewelry                                            | consignment                                        |            7.66 |            3431.47 |    0.9735923360320267
 AAAAAAAACLJAAAAA | Subject, similar months know at least in the                                                                                                                                                             | Jewelry                                            | consignment                                        |             4.5 | 25122.600000000002 |      7.12789877842388
 AAAAAAAADBMDAAAA | Friends stay soon thus splendid relations. Good, warm rates rouse. Children used to see years. Right, asian miles could not pull both moreover inc co                                                    | Jewelry                                            | consignment                                        |            8.76 |           10353.36 |     2.937502571253878
 AAAAAAAADPNAAAAA | Worlds assist eyes. Domestic divisions suggest really on the services. High, medical years distinguish hard professional banks. Men take                                                                 | Jewelry                                            | consignment                                        |            0.13 |           13260.14 |    3.7622274648216996
 AAAAAAAAEHDAAAAA | Both nearby books should prov                                                                                                                                                                            | Jewelry                                            | consignment                                        |           24.84 |            4468.86 |    1.2679253634157028
 AAAAAAAAENPCAAAA | Silver consequences grow personally old groups. International, progressive reasons spea                                                                                                                  | Jewelry                                            | consignment                                        |           60.59 |               6573 |      1.86492157143688
 AAAAAAAAFEEAAAAA | Followers cater still law                                                                                                                                                                                | Jewelry                                            | consignment                                        |           48.17 |             2884.8 |    0.8184886276100886
 AAAAAAAAFHMBAAAA | Minutes give far notes. Previous, patient customers could knit flat groups. Beautif                                                                                                                      | Jewelry                                            | consignment                                        |             2.3 |  8882.880000000001 |     2.520291271639318
 AAAAAAAAFJACAAAA | Years receive most under a owners. Positions pay regularly with a appeals. Single, responsible bones may get definitely most healthy thin                                                                | Jewelry                                            | consignment                                        |            3.91 |  4848.400000000001 |    1.3756101851444653
 AAAAAAAAFKDBAAAA | New, short thoughts begin quietly early competit                                                                                                                                                         | Jewelry                                            | consignment                                        |            2.27 |            5377.17 |     1.525635223837403
 AAAAAAAAGAGEAAAA | Employees deny concentrations. Hard compulsory terms consider therefore; often quick firms return less ambitions. Female, sure options should welcome accounts; dangerous, certain ye                    | Jewelry                                            | consignment                                        |            6.94 |             8816.3 |    2.5014008900439624
 AAAAAAAAGBGDAAAA | P                                                                                                                                                                                                        | Jewelry                                            | consignment                                        |            9.46 |              52.54 |  0.014906888690596939
 AAAAAAAAGGMCAAAA | Big, ultimate thousands shall deal home old beings. Top, elderly minutes make only dist                                                                                                                  | Jewelry                                            | consignment                                        |            4.29 |            1522.01 |   0.43183162649363244
 AAAAAAAAHJJAAAAA | Available, formidable officials use there substantial, dead eyes. Great windows shall not get thirdly for the subsidies. British, effective times talk further political legs. Then old unio             | Jewelry                                            | consignment                                        |            9.23 |            1951.18 |    0.5535976984263216
 AAAAAAAAHLEAAAAA | Round circles offer recent, happy minutes. Now medical communic                                                                                                                                          | Jewelry                                            | consignment                                        |            6.82 |            5590.24 |    1.5860884170864606
 AAAAAAAAHMECAAAA | Solutions might no                                                                                                                                                                                       | Jewelry                                            | consignment                                        |            5.87 |            2361.06 |    0.6698907234834566
 AAAAAAAAIANBAAAA | Inevitably literary sources will not lend already in a persons. Competent, wide years will not prevent independent voters. Substantial sounds                                                            | Jewelry                                            | consignment                                        |            6.81 |             6358.5 |    1.8040626520586343
 AAAAAAAAIDBCAAAA | Fr                                                                                                                                                                                                       | Jewelry                                            | consignment                                        |            1.52 |            3523.04 |    0.9995729945283716
 AAAAAAAAIFOBAAAA | Initially well-known cities afford uniquely. Industries ought to profit fully. Rational, narrow holders may cater primary,                                                                               | Jewelry                                            | consignment                                        |            4.02 | 12042.380000000001 |    3.4167190374927823
 AAAAAAAAIGCEAAAA | Rather american hopes should put large-scale emotions. Membe                                                                                                                                             | Jewelry                                            | consignment                                        |            5.13 |            1953.58 |    0.5542786373843999
 AAAAAAAAIIIBAAAA | High, young fingers allow                                                                                                                                                                                | Jewelry                                            | consignment                                        |            1.31 |            6527.45 |    1.8519979174616863
 AAAAAAAAILNCAAAA | Women will include normally only pretty countries; desperate accidents should not inform at present shares. Vulnerable problems will carry general, equal stages; books create just months. Industrial,  | Jewelry                                            | consignment                                        |            3.79 |            3227.08 |    0.9156018720146855
 AAAAAAAAILNDAAAA | Paintings should not get refugees.                                                                                                                                                                       | Jewelry                                            | consignment                                        |           35.45 |            4431.34 |    1.2572800177044128
 AAAAAAAAINBBAAAA | Items can appoint thick well old shops. Facts break                                                                                                                                                      | Jewelry                                            | consignment                                        |           31.36 |            1198.56 |   0.34006091566429136
 AAAAAAAAKALCAAAA | Voluntary,                                                                                                                                                                                               | Jewelry                                            | consignment                                        |            7.45 |            3559.11 |    1.0098069396191562
 AAAAAAAAKJDBAAAA | Imperial, likely skills realise. Regularly true daughters establish both on a t                                                                                                                          | Jewelry                                            | consignment                                        |            0.13 |            1325.91 |   0.37619323912731994
 AAAAAAAAKLPCAAAA | Rights would no                                                                                                                                                                                          | Jewelry                                            | consignment                                        |             3.4 |            2072.98 |    0.5881553505487942
 AAAAAAAALICBAAAA | Working countries ought to                                                                                                                                                                               | Jewelry                                            | consignment                                        |            3.39 | 3817.0999999999995 |    1.0830050403669123
 AAAAAAAALJCDAAAA | Political, appropriate investors must not meet here                                                                                                                                                      | Jewelry                                            | consignment                                        |            6.87 |           17110.29 |     4.854609602090481
 AAAAAAAALLCEAAAA | So other features must not make weeks. Therefore necessary pressures work yesterday old, good operations. Alive, universal years believe. Likely, specific muscles look just possible featur             | Jewelry                                            | consignment                                        |            2.56 | 16366.990000000002 |    4.6437171322823225
 AAAAAAAALNICAAAA | Now general weeks will not see interests. Theoretical, social variations use sure at least classical fortunes. Perhaps common orders m                                                                   | Jewelry                                            | consignment                                        |            3.83 |            5509.56 |     1.563197519112396
 AAAAAAAAMHPBAAAA | Truly initial parts grow earlier autonomous countries. Slightly orange forces wish as also open hands.                                                                                                   | Jewelry                                            | consignment                                        |             1.9 | 7896.5199999999995 |    2.2404367088517807
 AAAAAAAAMJLCAAAA | Exactly disabled authorities may send alone political companies; at present separate procedures get deliberately furiously stan                                                                          | Jewelry                                            | consignment                                        |           53.29 |             869.76 |   0.24677227840756746
 AAAAAAAANEOAAAAA | High ideas could not think only sales. Voices shall achieve pupils. Other circumstances meet very kind, small levels. Exotic, social members used to allow probably volu                                 | Jewelry                                            | consignment                                        |            4.99 | 5172.6900000000005 |     1.467619224609134
 AAAAAAAANHLDAAAA | Even likely feet will think simply from a women. Probably other pools live profits. Important sectors can achieve at all leaders. Shares see just black scales; now other levels wa                      | Jewelry                                            | consignment                                        |            6.06 |           11744.06 |    3.3320783250036525
 AAAAAAAAOAJCAAAA | Daughters dig early. Teachers must see more for a institutions; dead funds ought to apply suddenly between the phases. National, precious years would not se                                             | Jewelry                                            | consignment                                        |            0.13 |           16968.73 |     4.814445552546498
 AAAAAAAAOBBAAAAA | Mysterious plans can keep by a hours. Once good authorities must attend contemporary, alone details. So vulnerable others may extend for example with the                                                | Jewelry                                            | consignment                                        |               4 |            7737.13 |     2.195213850298407
 AAAAAAAAOGHBAAAA | Still distant sources happen just by a women. Other, legislative times will not fall. Policies make                                                                                                      | Jewelry                                            | consignment                                        |            2.63 |              811.6 |   0.23027085765680388
 AAAAAAAAOJJCAAAA | Also certain initiatives could keep royal principles. Cars may persuade necessary, absolute animals. Away top boots                                                                                      | Jewelry                                            | consignment                                        |            7.13 |            22478.2 |     6.377617536447966
 AAAAAAAAONCAAAAA | Cultural spaces cannot sit as public candidates. Angry years reveal too parli                                                                                                                            | Jewelry                                            | consignment                                        |            3.62 |            1560.06 |    0.4426273462248318
 AAAAAAAAPABDAAAA | Notable cases arise literally smal                                                                                                                                                                       | Jewelry                                            | consignment                                        |            3.13 |            4206.26 |     1.193419292419305
 AAAAAAAAPHNCAAAA | Well new children look hardly furious police. Large, free programmes give still redu                                                                                                                     | Jewelry                                            | consignment                                        |           23.13 |           10630.92 |    3.0162531617556305
 AAAAAAAAPJOCAAAA | Western prices must not get across natural bottles. Afterwards public clouds can yield on a councils. Workers would not weaken little, tall years; spiritual ag                                          | Jewelry                                            | consignment                                        |            1.25 |            4674.94 |    1.3263953219493576
 AAAAAAAAPKJAAAAA | Precisely friendly signs should help. In part left miles see however o                                                                                                                                   | Jewelry                                            | consignment                                        |            9.75 | 5884.9400000000005 |    1.6697020466471555
 AAAAAAAAPOACAAAA | Clearly wooden prizes go also too important marke                                                                                                                                                        | Jewelry                                            | consignment                                        |            8.57 |            7552.58 |     2.142852481667846
 AAAAAAAAANOCAAAA | Also single jews die here in the gardens. American, proud actors might salvage bloody new states. Serious, long men bolster foreigners; most proper per                                                  | Jewelry                                            | costume                                            |            8.54 | 3113.1099999999997 |     1.186022120264413
 AAAAAAAABKCAAAAA | Parties shall not shorten other factors. At least corporate proposals would                                                                                                                              | Jewelry                                            | costume                                            |            3.19 | 11568.789999999999 |     4.407438492277414
 AAAAAAAABKGCAAAA | Never previous eyes use afterwards attractive, following components. Whole, new forms                                                                                                                    | Jewelry                                            | costume                                            |            1.37 |             3506.8 |     1.336008805131603
 AAAAAAAACBKAAAAA | Above apparent hands cope as. Sacred members send. Blue markets would n                                                                                                                                  | Jewelry                                            | costume                                            |            4.82 | 2082.9900000000002 |    0.7935704861985509
 AAAAAAAACFICAAAA | Junior, disciplinary men find extra, lovely police. Soviet,                                                                                                                                              | Jewelry                                            | costume                                            |            7.73 |             738.03 |    0.2811721736201885
 AAAAAAAACGJAAAAA | Also old crowds list from                                                                                                                                                                                | Jewelry                                            | costume                                            |             2.3 | 14025.789999999999 |     5.343498043494578
 AAAAAAAACLDBAAAA | Routes might not exercise much. Past, demanding minds pay more. Exact, private lips play as blue, outdoor questions. Things                                                                              | Jewelry                                            | costume                                            |            57.2 |            7787.18 |     2.966733502664742
 AAAAAAAACNICAAAA | Concerned agents work thus in a workers. Hidden teams bring occasionally precise colleges; christian humans achieve freshly other, public grounds. Forward right critics                                 | Jewelry                                            | costume                                            |            7.15 |             8700.1 |    3.3145346770632655
 AAAAAAAACPNCAAAA | Statistical values matter major skills. Central, unlikely opportunities servi                                                                                                                            | Jewelry                                            | costume                                            |            4.98 | 1086.3600000000001 |    0.4138777590802921
 AAAAAAAADAAEAAAA | Exceptional costs say ver                                                                                                                                                                                | Jewelry                                            | costume                                            |            3.16 |            8831.53 |     3.364606434009327
 AAAAAAAADNCBAAAA | Quick patients imagine especially regular rules. Weak, le                                                                                                                                                | Jewelry                                            | costume                                            |            3.29 |            7876.62 |     3.000808051407462
 AAAAAAAADNOBAAAA | Only hot resources take even private relatives. More new stairs will fill spiritual ways. Nice, english terms catch down the investors. Annual, appropriate su                                           | Jewelry                                            | costume                                            |            8.17 |            1770.08 |    0.6743590925594125
 AAAAAAAADPBDAAAA | Dark, redundant characteristics must not deal still strong husbands. Relevant actors know. Circumstances know against a needs. Other, possible origins shall choose up a journals. Students avoid most   | Jewelry                                            | costume                                            |            4.09 |           13706.26 |     5.221764584642148
 AAAAAAAAEEPDAAAA | Relations behave dark, large places; groups will change restaurants. Golden objectives ought to escort both                                                                                              | Jewelry                                            | costume                                            |            2.58 |            3391.98 |    1.2922650698158706
 AAAAAAAAEGDBAAAA | Deeply healthy views could not link high clear, other years. Eyebrows encourage places. Activities blame                                                                                                 | Jewelry                                            | costume                                            |            0.94 |            7040.26 |    2.6821744469076707
 AAAAAAAAEJJDAAAA | Also available studies will not arrange seldom adjacent to a weaknesses. Rapidly senior services get occasionally perhaps immense powers                                                                 | Jewelry                                            | costume                                            |           67.38 |            1789.46 |    0.6817424194224929
 AAAAAAAAEKCEAAAA | Widespread, green texts see angry jobs. Agents might make                                                                                                                                                | Jewelry                                            | costume                                            |            3.97 |            1884.66 |    0.7180113934867477
 AAAAAAAAEOAEAAAA | Difficult                                                                                                                                                                                                | Jewelry                                            | costume                                            |            4.58 |            6592.32 |     2.511519780496512
 AAAAAAAAGBFCAAAA | Other problems would not beat both in the parties. Conservatives make beside a boxes. Confidential courses ought to bring just. Identical, personal guests find lightly prime pounds. Wo                 | Jewelry                                            | costume                                            |            4.88 |            3091.66 |    1.1778501718014063
 AAAAAAAAGEABAAAA | Different, new characteristics form just true boys; well enthusiastic grounds should qualify just; firms pay. Marvellous figures offer; interesting dangers stop so to                                   | Jewelry                                            | costume                                            |            0.13 |            9786.96 |     3.728602924452718
 AAAAAAAAGJGBAAAA | Commercial terms can locate as                                                                                                                                                                           | Jewelry                                            | costume                                            |            3.89 | 17201.870000000003 |     6.553510261414729
 AAAAAAAAHCLCAAAA | Japanese, innocent areas seem together. Experts would find; novel, northern rates could not retain doubts. Profits solve linear, mutual applications. New lines sh                                       | Jewelry                                            | costume                                            |            1.92 |            2940.54 |    1.1202769852405852
 AAAAAAAAHIKDAAAA | Living, moral types play before                                                                                                                                                                          | Jewelry                                            | costume                                            |            0.51 |             883.76 |    0.3366918962082541
 AAAAAAAAHJCBAAAA | Initial premises ought to criticise with a teachers. Right papers could tell noticeably. Acceptable, mad interests will use children. Small years would no                                               | Jewelry                                            | costume                                            |            3.67 |            5802.42 |    2.2105863496839615
 AAAAAAAAIEJCAAAA | Just little years will not refuse well more wide evenings. National days survive. More crucial reports get then in the effects. Candidates begin so modern parts. Unpleasant wome                        | Jewelry                                            | costume                                            |            1.58 |            4096.15 |    1.5605373751396758
 AAAAAAAAIEMBAAAA | Lo                                                                                                                                                                                                       | Jewelry                                            | costume                                            |            2.21 |            3568.68 |    1.3595836382733686
 AAAAAAAAIFCEAAAA | Quite natural positions verify deaf owners. Other, cold consid                                                                                                                                           | Jewelry                                            | costume                                            |            5.04 |             585.74 |    0.2231532444159305
 AAAAAAAAIOJBAAAA | Still extreme calls knock there aware types. Dead gardens describe convenient, russian children; almost other police coul                                                                                | Jewelry                                            | costume                                            |            0.74 |           13476.79 |     5.134341880035798
 AAAAAAAAJAGEAAAA | Only natural trends organise with the neighbours. Further olympic funds suggest downstairs local jobs. Films make even circumstances; disabled wa                                                        | Jewelry                                            | costume                                            |            1.85 |           18959.12 |     7.222981423961069
 AAAAAAAAKDPBAAAA | Radical reports should extend quite by a farmers. Even other awards get underlying                                                                                                                       | Jewelry                                            | costume                                            |            3.96 |             737.77 |    0.2810731196994248
 AAAAAAAAKFJCAAAA | Dirty plants would choose so re                                                                                                                                                                          | Jewelry                                            | costume                                            |            3.02 |            3968.55 |    1.5119247586417883
 AAAAAAAAKJCBAAAA | Remarkably responsible kinds involve as dramatic children. External, different children match. Prospects study anyway at a cells. Ite                                                                    | Jewelry                                            | costume                                            |            6.02 | 4194.0599999999995 |    1.5978387958395832
 AAAAAAAAKMIBAAAA | Shoulders cast eastern, dominant newspapers. Orange, given questions might borrow forward particular others; rare territories eat enough true authorities. Either high                                   | Jewelry                                            | costume                                            |            2.07 |            6588.56 |    2.5100873084116215
 AAAAAAAAKMNAAAAA | National eyes might n                                                                                                                                                                                    | Jewelry                                            | costume                                            |             5.3 |             6214.7 |     2.367655389885757
 AAAAAAAAKNDAAAAA | Instead economic years may look just too clear problems. Countries might pick personally full, american results. Small rights promote a                                                                  | Jewelry                                            | costume                                            |            2.19 |            1650.16 |    0.6286723764902379
 AAAAAAAALCCEAAAA | Only, british miles ship here. So ridiculous patients start very other companies. Numbers will provide in private subject ways; subsequent, professional companies fill natural trees. Students lea      | Jewelry                                            | costume                                            |             2.7 |           13763.19 |      5.24345358352322
 AAAAAAAALIGDAAAA | Much satisfactory children stop really basic circles. Worldwide private trees used to get however practical, serious animals. Wooden changes attend quite modern, adult                                  | Jewelry                                            | costume                                            |            9.94 |             926.77 |    0.3530777005622835
 AAAAAAAALJDCAAAA | English, necessary winners cannot detail by a records. Familiar players organize at the points; behind d                                                                                                 | Jewelry                                            | costume                                            |            3.21 |            6454.49 |    2.4590097731931904
 AAAAAAAAMAMCAAAA | Yellow pp. will want artists. Relatively full eyes will break then busy attacks. Soviet clouds will know; less alone games publish here serious schools. Slow sol                                        | Jewelry                                            | costume                                            |            3.93 |            1492.57 |    0.5686342712088732
 AAAAAAAAMMACAAAA | Current, fascinating visitors will                                                                                                                                                                       | Jewelry                                            | costume                                            |           93.53 |            1829.27 |     0.696909098597892
 AAAAAAAANIOCAAAA | Very full managers consent; possible lines become ye                                                                                                                                                     | Jewelry                                            | costume                                            |            2.14 |             528.24 |    0.2012470888624153
 AAAAAAAANKEEAAAA | Wives could catch therefore others; social clients give. Perhaps regional events find unhappy things. Physical sons should not                                                                           | Jewelry                                            | costume                                            |            3.66 | 3041.5899999999997 |    1.1587746725220234
 AAAAAAAANNPCAAAA | Tightly sufficient areas make. Massive changes leave just in the custome                                                                                                                                 | Jewelry                                            | costume                                            |            5.55 |           10845.62 |     4.131927631205492
 AAAAAAAAOKPCAAAA | Perhaps original women used to announce best commercial, economic clients. National, neutral effects go steep poli                                                                                       | Jewelry                                            | costume                                            |            2.07 |            2690.03 |      1.02483853258474
 AAAAAAAAONAEAAAA | Local scientists should not invoke thus; trees revive of course ears. Open, eco                                                                                                                          | Jewelry                                            | costume                                            |            5.56 | 2959.8500000000004 |    1.1276336437403833
 AAAAAAAAOOFBAAAA | Terrible, various orders include right members. Preliminary areas must not prevent typically. Too urban streets might put. Too very rules should go for example. Reports apply                           | Jewelry                                            | costume                                            |            0.93 | 4902.4400000000005 |    1.8677150127265247
 AAAAAAAAPDNDAAAA | Legs see to the resources; unfortunately asleep years must come annually. Ministers perceive outside, small concerns. Now national attitudes take muc                                                    | Jewelry                                            | costume                                            |            8.46 |            1276.87 |   0.48645761463681697
 AAAAAAAAPECEAAAA | All white parties should happen costs. Awards offer; interests take. Details live now parliamentary demands; childre                                                                                     | Jewelry                                            | costume                                            |            58.4 | 2532.5600000000004 |    0.9648461444975741
 AAAAAAAAAOECAAAA | Eyes think. Sole electi                                                                                                                                                                                  | Jewelry                                            | custom                                             |               3 |  8445.699999999999 |    2.4835354073541196
 AAAAAAAABAMAAAAA | British, bad eyes decrease well for a speakers. Phrases might go changes; sports may not afford national, gold reasons. Fat students argue against a numbers; things deter                               | Jewelry                                            | custom                                             |            3.55 |            8020.58 |    2.3585249792813276
 AAAAAAAABDKCAAAA | Skills argue english, different shares. Internal decisions create. Ever sure leaders could take complex, other managers. Days may live joint, catholic eyes. Sm                                          | Jewelry                                            | custom                                             |            1.98 |            2367.36 |    0.6961438817331719
 AAAAAAAABOBDAAAA | Hot windows drive under te                                                                                                                                                                               | Jewelry                                            | custom                                             |             5.6 | 2805.4700000000003 |    0.8249741382324453
 AAAAAAAACDCBAAAA | However little objects continue especially normal relations. Backwards silver words can find just positive relations. Items can say e                                                                    | Jewelry                                            | custom                                             |            3.66 |            7885.76 |      2.31887992397277
 AAAAAAAACFHAAAAA | Similar, scientific women could make always much gastric settings; never international links stop long social, nucle                                                                                     | Jewelry                                            | custom                                             |             2.2 |            3217.44 |    0.9461176884139194
 AAAAAAAACHHBAAAA | For example fine levels change stages. Even positive findings ignore also fat numbers. Available demands can accept less a                                                                               | Jewelry                                            | custom                                             |            2.22 |            2081.61 |    0.6121164781252483
 AAAAAAAACLKDAAAA | New, solar failures will not want ab                                                                                                                                                                     | Jewelry                                            | custom                                             |            5.99 | 13702.009999999998 |     4.029201485598614
 AAAAAAAACMACAAAA | Chief birds used to wish children. High, cultural liabilities might refuse abruptly months. Conscious, strange relations warrant almost formal scientists. Too old concepts might release possible co    | Jewelry                                            | custom                                             |            0.46 |  4821.610000000001 |    1.4178385634645678
 AAAAAAAADFEEAAAA | Eyes want best large fields. Women examine alternatively never existing groups. Refugees can fly t                                                                                                       | Jewelry                                            | custom                                             |            3.91 |            3370.33 |     0.991076392657543
 AAAAAAAAEDAEAAAA | Organizations use. Monetary, british critics could not take; romantic courts oppose more. Answers                                                                                                        | Jewelry                                            | custom                                             |            4.93 | 10526.310000000001 |    3.0953578263241357
 AAAAAAAAEOBBAAAA | Over crude systems make all stupid, academic standards. Monetary regions may not lower too therefore current nations. Extra, important countries may reduce women. Different schemes sh                  | Jewelry                                            | custom                                             |            4.92 |            12323.6 |    3.6238674054334434
 AAAAAAAAFBABAAAA | Essential, average needs would run even for e                                                                                                                                                            | Jewelry                                            | custom                                             |             5.6 |            8533.74 |     2.509424375380862
 AAAAAAAAFFJDAAAA | Nuclear services account. Sorry, international animals may hear due, secondary questions. Children answer only. Centres could help defensive, accurate courses. Old, fast properties                     | Jewelry                                            | custom                                             |            5.81 |             2543.1 |    0.7478218376738769
 AAAAAAAAFHBDAAAA | Urban companies must continue once again major roads. All open regions used to go. Likely reports may wish external flights; items could n                                                               | Jewelry                                            | custom                                             |           88.47 |            7545.22 |    2.2187410192496126
 AAAAAAAAFHNAAAAA | Then environmental services will look essential, general requests. Final, criminal years challenge                                                                                                       | Jewelry                                            | custom                                             |            1.84 |            6194.09 |    1.8214288728392058
 AAAAAAAAFOPDAAAA | Leadin                                                                                                                                                                                                   | Jewelry                                            | custom                                             |            1.46 |            2175.92 |    0.6398491970553035
 AAAAAAAAFPACAAAA | Typical officials d                                                                                                                                                                                      | Jewelry                                            | custom                                             |            4.04 |             1583.1 |   0.46552504864988187
 AAAAAAAAGIBCAAAA | Traditions may fill highly neutral, other perceptions. Difficult needs must not monitor common windows. Present, english aspects cause ill dea                                                           | Jewelry                                            | custom                                             |           96.13 | 21972.429999999997 |     6.461194204223436
 AAAAAAAAHCGEAAAA | Territorial, corporate classes may not read new, impossible students. For example significant flowers should not see in a chips.                                                                         | Jewelry                                            | custom                                             |            9.99 |             553.52 |   0.16276762360475183
 AAAAAAAAHDMDAAAA | Levels stay therefore ro                                                                                                                                                                                 | Jewelry                                            | custom                                             |            4.98 |            9812.61 |    2.8854878072341084
 AAAAAAAAHLCCAAAA | Nearby video-taped years come also secondary plants. Children shall tell new boots. Following cl                                                                                                         | Jewelry                                            | custom                                             |            1.18 |               1422 |    0.4181521187417927
 AAAAAAAAHOEDAAAA | Reactions yield since predominantly current emissions. Modern, sweet words might sign unlikely, dangerous weapo                                                                                          | Jewelry                                            | custom                                             |            7.88 |             2300.2 |    0.6763948688677014
 AAAAAAAAIAHBAAAA | Then direct rates could choose. Solid, traditional officials must not know well for a seats                                                                                                              | Jewelry                                            | custom                                             |            0.71 |             752.41 |   0.22125304898910847
 AAAAAAAAIDEBAAAA | Supporters used to rent for example only sales. Then working signs question departments. Evolutionary curtains look sometimes weekly regular elections; german friends might                             | Jewelry                                            | custom                                             |            9.02 |            6886.99 |     2.025182461500379
 AAAAAAAAIKJBAAAA | Thousands find notes. So financial parents recognise basic, national instructions. Dutch, full successes join bot                                                                                        | Jewelry                                            | custom                                             |            2.87 |           14599.01 |      4.29297254784291
 AAAAAAAAIKMCAAAA | Swiss, new centres shall                                                                                                                                                                                 | Jewelry                                            | custom                                             |             3.1 |            4018.88 |     1.181788457784118
 AAAAAAAAINDBAAAA | Now available effects work only matters; huskily other women cancel british, strange ideas; simply minor bombs ought to serve further final, classical technologies. Objective, natural                  | Jewelry                                            | custom                                             |            3.63 |               16.1 |  0.004734352399256584
 AAAAAAAAIOKAAAAA | Independent, american problems used to make questions. Other, deep parents might not go repeatedly expressions. F                                                                                        | Jewelry                                            | custom                                             |             4.1 |            8480.45 |    2.4937539629984786
 AAAAAAAAJCHBAAAA | Satisfied, high courses prevent in a developments. Elderly, electronic books start; particularly overall examples look very terrible purposes; ov                                                        | Jewelry                                            | custom                                             |            7.89 |             5472.5 |    1.6092387270143886
 AAAAAAAAJMBDAAAA | Ancient eyes meet international, empty cattle. Also plain missiles could enable already positive, small units. Peculiar sounds limit comments; small passengers used to find however pressures. Early    | Jewelry                                            | custom                                             |             2.1 |            1859.83 |    0.5469000386776007
 AAAAAAAAJMICAAAA | Nice, european months may run in a hands. On                                                                                                                                                             | Jewelry                                            | custom                                             |            3.97 |  6662.349999999999 |     1.959125012868764
 AAAAAAAAKBJAAAAA | Local, large-scale needs could not want even products. Again powerfu                                                                                                                                     | Jewelry                                            | custom                                             |            7.55 |            9953.99 |    2.9270618906009966
 AAAAAAAAKCPCAAAA | Equivalent counties persist. Worldwide white days mo                                                                                                                                                     | Jewelry                                            | custom                                             |            1.02 | 2235.6400000000003 |     0.657410409805838
 AAAAAAAAKDAEAAAA | Plants attempt odds. Slowly im                                                                                                                                                                           | Jewelry                                            | custom                                             |            4.43 |           10965.35 |    3.2244615578377753
 AAAAAAAAKDECAAAA | Readers manage wearily words. Hard, correct bodies say more. Usually elderly negotiations will return yet practical, inc secrets. Workers dance even conditions. Later clear groups disturb              | Jewelry                                            | custom                                             |            1.07 |           10415.37 |      3.06273490364255
 AAAAAAAAKGOCAAAA | Interesting days may throw even outside a years; rural links make thus lik                                                                                                                               | Jewelry                                            | custom                                             |            1.53 |            8440.75 |     2.482079814535715
 AAAAAAAAKHBCAAAA | Ordinary months get rarely positive, independent shoes. Letters hit strongly options. Clear, great stages listen however. Always local lands used to hear well especially fortunate colleagues. Young    | Jewelry                                            | custom                                             |            2.13 |            2161.18 |    0.6355147651071641
 AAAAAAAALGEBAAAA | Dependent techniques develop more welsh, social pl                                                                                                                                                       | Jewelry                                            | custom                                             |            1.79 |  9186.119999999999 |    2.7012626870719805
 AAAAAAAAMDKBAAAA | Great, equal councils dry obviously creative, critical solutions. All international dealers show weeks. Homes let administrative, certain leaders. Hospitals realize never;                              | Jewelry                                            | custom                                             |            3.37 | 14011.880000000001 |     4.120321596030767
 AAAAAAAAMGOAAAAA | Young notes communicate later in a disciplines. Mi                                                                                                                                                       | Jewelry                                            | custom                                             |            3.19 |            4987.46 |     1.466608274360015
 AAAAAAAANBOAAAAA | Still legislative metres proceed only routes. Just royal premises must not end in a champions. Crazy, nervous organisations can lie organisms. Orthodox, previous                                        | Jewelry                                            | custom                                             |            0.68 |           13386.75 |     3.936496396319756
 AAAAAAAANJCBAAAA | Difficult, careful points must not lift here well urban programmes; environmental items arrest tonight. Cu                                                                                               | Jewelry                                            | custom                                             |            7.77 |            4689.28 |    1.3789257154525412
 AAAAAAAAOBCCAAAA | Soft, capitalist ways come both reduced years. Old governments will not give rules. Most afraid tools can break much to the men. Just                                                                    | Jewelry                                            | custom                                             |            5.01 | 19964.850000000002 |     5.870846925360113
 AAAAAAAAOEBBAAAA | Teachers practice british groups. Weapons used to take experimentally actions. Now soft heads stay aw                                                                                                    | Jewelry                                            | custom                                             |            33.6 |           15329.02 |     4.507638671754792
 AAAAAAAAOJMDAAAA | Records would not                                                                                                                                                                                        | Jewelry                                            | custom                                             |            1.15 |            3042.56 |    0.8946926233467151
 AAAAAAAAPBCEAAAA | Then dull services say. Local, con                                                                                                                                                                       | Jewelry                                            | custom                                             |             1.7 |  6109.549999999999 |    1.7965691118557798
 AAAAAAAAPCPCAAAA | Considerable, natural examples used to lead. Pri                                                                                                                                                         | Jewelry                                            | custom                                             |            2.43 |           12235.65 |     3.598004902730672
 AAAAAAAAAMJBAAAA | Foreign, different books shall induce apparently high actions. Favorable elections read indoors very labour railways                                                                                     | Jewelry                                            | diamonds                                           |            8.17 |            6148.03 |    1.6999495796530188
 AAAAAAAAANPAAAAA | Mental, personal publishers could discuss across by a bonds. Different, outstand                                                                                                                         | Jewelry                                            | diamonds                                           |             1.5 | 23084.479999999996 |     6.382931129566464
 AAAAAAAABBCAAAAA | Single, ready incomes take meanwhile political posts. Material females face with the waves. Times ought to blow at last. Trying products lead especially                                                 | Jewelry                                            | diamonds                                           |            6.98 |            1840.82 |     0.508992504138215
 AAAAAAAABCCCAAAA | Poor, old friends need corporate devices; types install central, left terms; much political standards cut on a cas                                                                                       | Jewelry                                            | diamonds                                           |            2.06 |            9799.21 |    2.7095123023849355
 AAAAAAAABNMCAAAA | Only necessary tactics make at least national, fortunate areas. Again new miles increase. Fingers mean more at a children. Certain disputes req                                                          | Jewelry                                            | diamonds                                           |            4.27 |            4450.56 |    1.2305938001637176
 AAAAAAAACAKBAAAA | Days think suddenly                                                                                                                                                                                      | Jewelry                                            | diamonds                                           |            9.73 |            2273.56 |    0.6286464715227345
 AAAAAAAACBEBAAAA | Difficult, initial projects may love initially things. Ba                                                                                                                                                | Jewelry                                            | diamonds                                           |           48.26 |           12024.88 |    3.3249170386901157
 AAAAAAAACDECAAAA | Living hands deny home always permanent parties. Financial, other issues show french places. Grim, ethn                                                                                                  | Jewelry                                            | diamonds                                           |            0.26 | 3181.1800000000003 |    0.8796062484731841
 AAAAAAAADCDCAAAA | Economic needs ought to conti                                                                                                                                                                            | Jewelry                                            | diamonds                                           |            9.15 |            4973.38 |    1.3751551701040383
 AAAAAAAADLEBAAAA | Countries make otherwise. Yards deliver further. Social, special years should see to the estates. Funds break everywhere commercial,                                                                     | Jewelry                                            | diamonds                                           |            7.96 |                    |                      
 AAAAAAAADNKCAAAA | Sexual, short men used to feed                                                                                                                                                                           | Jewelry                                            | diamonds                                           |            2.84 |            5831.72 |    1.6124888724768913
 AAAAAAAADPICAAAA | Fields may not give from the arrangements. Prospects could get national assessments. Serious, specific actors end for a centres. Today exciting courses use domestic, other ques                         | Jewelry                                            | diamonds                                           |            7.39 |            3290.12 |    0.9097285001875381
 AAAAAAAAEEDDAAAA | Then narrow times should offer n                                                                                                                                                                         | Jewelry                                            | diamonds                                           |            2.41 |            1538.23 |   0.42532541999789575
 AAAAAAAAEEMDAAAA | Symptoms could lose as by the rights. Flowers happen green, given governments. Extensive, corporate titles expand commonly appropriate, successful guests; extra, miserable directions browse. Colle     | Jewelry                                            | diamonds                                           |            4.65 | 2463.5299999999997 |    0.6811737724055674
 AAAAAAAAEHDCAAAA | Sports give of course nice, new ministers. Similarly normal persons cut in a results. Confidential, only lights compare in a aspects. Aspects will help national gen                                     | Jewelry                                            | diamonds                                           |            3.85 |           12343.92 |    3.4131325994294905
 AAAAAAAAEHFDAAAA | Patient dollars used to go as a writings. Short, fine words propose by no means as complete enquiries. Post-war advantages used to undermine then. Good, other names used to come at a months. I         | Jewelry                                            | diamonds                                           |           22.06 | 1883.8799999999999 |    0.5208987292054087
 AAAAAAAAEOKBAAAA | Large police can inflict with a drugs. Visitors ought to enjoy enough so english authorities. Still right colleges shall listen therefore. Wines may ask fr                                              | Jewelry                                            | diamonds                                           |            2.73 | 11845.279999999999 |    3.2752570753350763
 AAAAAAAAEPHCAAAA | Lives will save for a methods. Children could not flower. Basically oral limitations may under                                                                                                           | Jewelry                                            | diamonds                                           |            4.47 |  5426.679999999999 |    1.5004940419795352
 AAAAAAAAFHDBAAAA | Rural requirements sue environmental, political observations. Adults must see usually as the goods. Most english tears reply at a kings. Masses provide too mentally foreign investments. Wro            | Jewelry                                            | diamonds                                           |            0.82 |            7374.34 |     2.039028141244991
 AAAAAAAAFNAEAAAA | Married responsibilities could not prepare soon new soldiers. Other, common affairs cry subjec                                                                                                           | Jewelry                                            | diamonds                                           |            7.67 |           13253.45 |     3.664620497371077
 AAAAAAAAFNFCAAAA | Right ways must teach much committees. Fair                                                                                                                                                              | Jewelry                                            | diamonds                                           |             8.1 |             169.28 |   0.04680645098408157
 AAAAAAAAGDJCAAAA | Indeed young minutes may find of course typical, happy problems. By now ot                                                                                                                               | Jewelry                                            | diamonds                                           |            8.81 |           20602.41 |     5.696630989006096
 AAAAAAAAGDKBAAAA | Various presents see on board free speakers. Free, certain workers mean                                                                                                                                  | Jewelry                                            | diamonds                                           |            0.48 |             514.53 |   0.14226915893690625
 AAAAAAAAGDPCAAAA | Desperate costs might lea                                                                                                                                                                                | Jewelry                                            | diamonds                                           |            4.51 |            2974.66 |    0.8225028206776234
 AAAAAAAAGEDAAAAA | Official aspects shall understan                                                                                                                                                                         | Jewelry                                            | diamonds                                           |            2.68 |            9924.11 |    2.7440475441613525
 AAAAAAAAGFHCAAAA | Wonderful bodies might record towards a authorities. Mothe                                                                                                                                               | Jewelry                                            | diamonds                                           |            8.45 |  4886.610000000001 |    1.3511629929307825
 AAAAAAAAGHCEAAAA | Black, false tools go; tall                                                                                                                                                                              | Jewelry                                            | diamonds                                           |           64.79 |            9351.14 |     2.585619541914488
 AAAAAAAAHBDCAAAA | Actually remote men make even english days. Yet mass names support for example at all eager numbers. Slim, military industries can wait unexpe                                                           | Jewelry                                            | diamonds                                           |            7.64 |            4739.38 |    1.3104534361113924
 AAAAAAAAIENDAAAA | Suddenly lacking mice should add dramatically far good hospitals. Safe, strong things would exceed with a eyes. Yet considerable angles ensure thereby. Heavily                                          | Jewelry                                            | diamonds                                           |            0.46 |            2868.19 |    0.7930635317109695
 AAAAAAAAIIBAAAAA | Magistrates face. American forms ought to take still great, whole languages. All mean                                                                                                                    | Jewelry                                            | diamonds                                           |            3.68 |           13990.42 |    3.8683950140401375
 AAAAAAAAILCCAAAA | New, powerful components visit partly however long organisers. And so on single tools round as well yester                                                                                               | Jewelry                                            | diamonds                                           |           90.03 |            8390.76 |     2.320071459470654
 AAAAAAAAIMODAAAA | Very competitive towns may not squeeze in part unreasonably high weeks. Strongly satisfactory chemicals ta                                                                                               | Jewelry                                            | diamonds                                           |            8.83 | 12106.729999999998 |     3.347548820430705
 AAAAAAAAJBKCAAAA | Darling societies taste also new duties; old, sharp demands would multiply backs. British writers may face into a forces. Laboratories preserve then open, european degre                                | Jewelry                                            | diamonds                                           |            2.27 |            14371.3 |     3.973709528754321
 AAAAAAAAJGHDAAAA | Implicit, similar degrees must save so to a products; decisions ask about a days. Left charges should not appear again now old officers. Else occupat                                                    | Jewelry                                            | diamonds                                           |            3.61 | 1125.6100000000001 |     0.311234695724197
 AAAAAAAAJMGBAAAA | Directly interested figures sustain later only, considerable authorities; catholic affairs shall see for instance forward similar amounts. Groups announce normally of                                   | Jewelry                                            | diamonds                                           |            9.21 | 1284.1599999999999 |   0.35507426805126524
 AAAAAAAAKHIBAAAA | Chinese arguments                                                                                                                                                                                        | Jewelry                                            | diamonds                                           |            9.82 |            1610.99 |    0.4454437882256945
 AAAAAAAAKKKCAAAA | Animals may not use much                                                                                                                                                                                 | Jewelry                                            | diamonds                                           |            1.35 |            5287.86 |    1.4621098765399667
 AAAAAAAAKMGBAAAA | Papers shall change new lines. Natural rights get anxious potatoes. Personal ears ought to see sure, tory minutes. New, young sales shall not work differences. So british members cannot f              | Jewelry                                            | diamonds                                           |            3.34 |  8620.630000000001 |    2.3836312355086435
 AAAAAAAALAIDAAAA | Pure errors hang. More foreign systems offer enough in the minutes. Awkward, able services should use often actually young ideas. Also main women will go there military men.                            | Jewelry                                            | diamonds                                           |            7.52 | 3585.6699999999996 |    0.9914490022453434
 AAAAAAAALJACAAAA | Similarly new times forget black prayers. Pale teeth consider in order recent speaker                                                                                                                    | Jewelry                                            | diamonds                                           |            3.62 |  705.3299999999999 |   0.19502595742321746
 AAAAAAAAMDEEAAAA | Today radical functions can get in a scales. Stairs should not live again similar reasons. Empty, perfect co                                                                                             | Jewelry                                            | diamonds                                           |           56.83 |            5171.19 |    1.4298502555787616
 AAAAAAAAMFJCAAAA | Very deliberate soldiers suit so to the women. Common, whole clients shift less                                                                                                                          | Jewelry                                            | diamonds                                           |            0.78 |            2976.91 |     0.823124952735245
 AAAAAAAAMFMCAAAA | Se                                                                                                                                                                                                       | Jewelry                                            | diamonds                                           |            7.05 |            5873.94 |    1.6241628349092396
 AAAAAAAAMGBAAAAA | Finally new things would not ma                                                                                                                                                                          | Jewelry                                            | diamonds                                           |           87.88 |            5114.73 |    1.4142388884795103
 AAAAAAAAMJDBAAAA | Homes would not address probably; good flowers buy before an times. Territories point today strong skills. Important users must not come only basic steps. Extra, mid                                    | Jewelry                                            | diamonds                                           |               2 |            9352.74 |     2.586061946933241
 AAAAAAAAMPJCAAAA | Sharp mines like never. Pleasant, conservative years may not control events. Hours reflect; able weapons prot                                                                                            | Jewelry                                            | diamonds                                           |            1.62 | 409.53000000000003 |   0.11323632958123184
 AAAAAAAANCKDAAAA | Whole articles should kill rarely usually heavy affa                                                                                                                                                     | Jewelry                                            | diamonds                                           |            0.65 |           13349.74 |     3.691244984405914
 AAAAAAAANDGDAAAA | Terms could come then heads. Successful fingers should not regard increasingly personal, final mountains. Years go. Realistic requirements used to work often western, local boats. Interested, right po | Jewelry                                            | diamonds                                           |            8.14 |            5367.41 |    1.4841057010660992
 AAAAAAAANLFCAAAA | Modest reasons will ask at all english, increased stairs; ready courts take maps. Easily identical fortunes would not s                                                                                  | Jewelry                                            | diamonds                                           |            0.56 |            2317.25 |    0.6407268935660623
 AAAAAAAAOCKDAAAA | Broad effects reveal. Guards ought to share outer, attractive trees; mental churches must let with a dogs. Outer, essential authorities shall                                                            | Jewelry                                            | diamonds                                           |            7.56 |            5394.23 |    1.4915215151929486
 AAAAAAAAOEBAAAAA | Right wages might not matter. Following women might not face particul                                                                                                                                    | Jewelry                                            | diamonds                                           |            0.94 | 1045.6100000000001 |   0.28911444478654025
 AAAAAAAAOFGDAAAA | Implications may not prove all o                                                                                                                                                                         | Jewelry                                            | diamonds                                           |            1.34 |             4781.4 |    1.3220720979163965
 AAAAAAAAOGGCAAAA | Issues might seem old months. Able letters should say so rooms. Very                                                                                                                                     | Jewelry                                            | diamonds                                           |            5.18 | 7962.2300000000005 |    2.2015815702917285
 AAAAAAAAOHBEAAAA | Only healthy camps used to save also similarly just lips. Complex, technical officials ca                                                                                                                | Jewelry                                            | diamonds                                           |            0.69 |             3465.7 |    0.9582769209329601
 AAAAAAAAOJJAAAAA | Levels may pay a little. Wide, new things would expand. Future, large years give moreover low, secure studies; never royal pounds should seem f                                                          | Jewelry                                            | diamonds                                           |            2.71 |            8945.56 |     2.473475399723303
 AAAAAAAAOPEEAAAA | On board accura                                                                                                                                                                                          | Jewelry                                            | diamonds                                           |            3.46 |            4492.94 |    1.2423120030979409
 AAAAAAAAPPHAAAAA | Elderly courses could make only. Big, alternative runs would switch now individual others. Men share anyway in a programmes. Commonly white children can maintain completely out of an                   | Jewelry                                            | diamonds                                           |            3.48 |           15501.42 |    4.2861912536251285
 AAAAAAAAAAKDAAAA | Even single industries shall not want much                                                                                                                                                               | Jewelry                                            | earings                                            |            1.49 | 2020.3600000000001 |    0.6504478807370992
 AAAAAAAAACDAAAAA | European flames should grow also. Mild words battle american books. Likely, vague thoughts would not happen; children will come human ways. N                                                            | Jewelry                                            | earings                                            |           93.53 |            8734.74 |    2.8121191875653695
 AAAAAAAAADDBAAAA | Ordinary, welcome services think here accused bishops. Able members know major times. Grand                                                                                                              | Jewelry                                            | earings                                            |           30.39 |             5689.7 |    1.8317791418508946
 AAAAAAAAAFOBAAAA | Wide doctors used to save arms. Other times might decide else. At first significant months gi                                                                                                            | Jewelry                                            | earings                                            |            1.24 |             7357.9 |     2.368850334433221
 AAAAAAAAALMAAAAA | Films used to carry with a reactions. Yesterday good foods might make grimly different differences. That is foreign magistrates make. Prof                                                               | Jewelry                                            | earings                                            |            9.63 | 10657.839999999998 |     3.431254549305611
 AAAAAAAAAPGCAAAA | Skills would care. Groups shall change suitably in a arms. Full, other ministers speak yet religious parents. Familiar stories pursue h                                                                  | Jewelry                                            | earings                                            |           26.89 |           10486.91 |      3.37622422983067
 AAAAAAAACAFDAAAA | Oral implications would sound intermediate, international lights. Sexual beds shall marry about contracts. Compulsory bases must announce as negativ                                                     | Jewelry                                            | earings                                            |            5.12 |            4051.92 |    1.3045015625513607
 AAAAAAAACGDDAAAA | Circumstances must not ans                                                                                                                                                                               | Jewelry                                            | earings                                            |            7.27 |           12188.49 |    3.9240419974090393
 AAAAAAAACHPBAAAA | High musicians could not remain always big users. Around at                                                                                                                                              | Jewelry                                            | earings                                            |            1.82 |                    |                      
 AAAAAAAACNGCAAAA | New girls place only available strangers. Towns may not placate in a years. Other, asleep individuals disclose as routine legs. Inc patterns must not kno                                                | Jewelry                                            | earings                                            |            7.01 |            1250.66 |     0.402645640639619
 AAAAAAAACNPBAAAA | Groups must not concentrate key standards. Relations would not maintain never big computers. Financial processes                                                                                         | Jewelry                                            | earings                                            |            6.46 |             3936.5 |    1.2673424946651048
 AAAAAAAAELHAAAAA | Dark idea                                                                                                                                                                                                | Jewelry                                            | earings                                            |            1.71 |             7152.3 |     2.302658128945314
 AAAAAAAAEPICAAAA | Beautiful spaces should expire. Musicians shall not work. Intense, wild stars argue already minor, other months. Stil                                                                                    | Jewelry                                            | earings                                            |            2.19 | 12918.570000000002 |     4.159088716196059
 AAAAAAAAFCPDAAAA | Also unable problems suppose often other organs. Involved countries might avoid free, good reserves. Able chairs shall appear even in the hands. Parents ought to tighten very tired objectives; teen    | Jewelry                                            | earings                                            |           92.52 |             910.76 |    0.2932160168782398
 AAAAAAAAFFOBAAAA | Exp                                                                                                                                                                                                      | Jewelry                                            | earings                                            |            3.82 |            3747.48 |     1.206488162557497
 AAAAAAAAGMJBAAAA | Private, western conditions pull probably able, familiar                                                                                                                                                 | Jewelry                                            | earings                                            |            3.85 | 10902.849999999999 |    3.5101346673337823
 AAAAAAAAGNKCAAAA | Thin, competitive products discus                                                                                                                                                                        | Jewelry                                            | earings                                            |            4.42 | 23925.840000000004 |     7.702841039643886
 AAAAAAAAHAMAAAAA | Systematically broad views may leave from a customers. Sweet subjects shall not give really possible, new re                                                                                             | Jewelry                                            | earings                                            |            3.83 | 1266.3000000000002 |    0.4076808842866563
 AAAAAAAAHBGCAAAA | British houses may develop extreme circumstances; pictures tell in a negotiations; actually grand kind                                                                                                   | Jewelry                                            | earings                                            |            8.98 | 5794.9800000000005 |    1.8656736719762197
 AAAAAAAAIAGDAAAA | Central opportunities                                                                                                                                                                                    | Jewelry                                            | earings                                            |            0.41 |            1921.53 |    0.6186299056963899
 AAAAAAAAIEBAAAAA | Social, institutional chains shall relieve heavily large, sure restrictions. Stars used to search so. Stones create more difficult, following writings. Now human chemicals want never open s            | Jewelry                                            | earings                                            |            4.87 |           10559.95 |     3.399739203998164
 AAAAAAAAIGACAAAA | Important lives must pretend as alternative aspirations. Supporters allow als                                                                                                                            | Jewelry                                            | earings                                            |            3.64 |             5198.4 |    1.6736068142428757
 AAAAAAAAIHHBAAAA | Particularly tremendous services take. Savings would determine basic galleries. Possible, poor beds might know techniques. Able spirits may no                                                           | Jewelry                                            | earings                                            |            8.35 |            1188.19 |   0.38253364123869704
 AAAAAAAAINFAAAAA | Things get then employers. Other children will look inches. Often social colours like also there productive governors. At random broken records can increase better drawings. N                          | Jewelry                                            | earings                                            |            2.28 |            10876.5 |    3.5016513764067096
 AAAAAAAAINFCAAAA | Eventually wooden members try from a jobs. As l                                                                                                                                                          | Jewelry                                            | earings                                            |            1.63 |            2126.28 |    0.6845484566382622
 AAAAAAAAIPCAAAAA | Benefits might                                                                                                                                                                                           | Jewelry                                            | earings                                            |           96.54 | 3120.5699999999997 |    1.0046566667285879
 AAAAAAAAJEDDAAAA | Very democratic factors might get re                                                                                                                                                                     | Jewelry                                            | earings                                            |            1.62 |           15800.54 |    5.0869289421201005
 AAAAAAAAKDADAAAA | Thereby personal hands distinguish rights.                                                                                                                                                               | Jewelry                                            | earings                                            |            0.84 |             216.78 |   0.06979156763457421
 AAAAAAAAKEIDAAAA | Main, regional groups used to lose nearby rules; models bring however girls. Ago voluntary rules relocate so new shops; weeks may not appoint aware friends. Forces develop solely. Rules provi          | Jewelry                                            | earings                                            |            9.49 |            18416.9 |     5.929256951606191
 AAAAAAAAKGFCAAAA | Cases control sophisticated wages. Ideas cope everywhere with a workers. Opportunities must disregard similar, urban cell                                                                                | Jewelry                                            | earings                                            |            9.72 |             4494.1 |    1.4468598768638252
 AAAAAAAAKGHAAAAA | Deep good years look perhaps available holes. Clients answer so as. Silently good chips say formerl                                                                                                      | Jewelry                                            | earings                                            |            8.46 |             412.23 |   0.13271601589630283
 AAAAAAAAKHECAAAA | Trends collect more principles; local, social mice want still recent, monetary complaints. Vulnerable, surprising spaces must not explain there public faciliti                                          | Jewelry                                            | earings                                            |            4.65 |            3344.76 |    1.0768338581115346
 AAAAAAAAKLNDAAAA | Genuinely reluctant concepts shall consult painfully fair efficient glasses. Methods should gain national servants. Maps could not place from a orders. Just mass rooms deve                             | Jewelry                                            | earings                                            |            5.42 |            5865.56 |    1.8883966576928368
 AAAAAAAALMPCAAAA | Just open days ou                                                                                                                                                                                        | Jewelry                                            | earings                                            |            6.76 |            5421.95 |    1.7455779598499848
 AAAAAAAAMEDBAAAA | Then active arrangements should not participate alarmingly rigid firms; remaining churches check to a countries. Worldwide large facilities produce already. Brothers preach legal, young                | Jewelry                                            | earings                                            |            4.17 |            9115.21 |     2.934610181835719
 AAAAAAAAMLECAAAA | Public needs would sleep most immediate r                                                                                                                                                                | Jewelry                                            | earings                                            |            9.66 |             2713.2 |    0.8735053109425536
 AAAAAAAAMLIAAAAA | Cultural, closed acres shall please faster; prices should res                                                                                                                                            | Jewelry                                            | earings                                            |            1.92 |  663.2099999999999 |   0.21351815467721172
 AAAAAAAANBIDAAAA | E                                                                                                                                                                                                        | Jewelry                                            | earings                                            |             3.9 |           10143.91 |    3.2657965718425768
 AAAAAAAANKODAAAA | Now systematic losses know of course changing advertisements. New, grey institutions must turn indeed. Schools must increase substantial, average banks. Thin cars will raise clear, just par            | Jewelry                                            | earings                                            |             1.1 |             3275.4 |    1.0545036471551084
 AAAAAAAANMHCAAAA | Often european families bring open. Judicial firms put demand                                                                                                                                            | Jewelry                                            | earings                                            |            7.58 | 8111.7300000000005 |    2.6115432831829724
 AAAAAAAANNLDAAAA | Groups like largely cars. Even british stocks avoid about goods; months shall exploit yesterday rarely comparative police; good, coming years reach consequences. Much empty areas remembe               | Jewelry                                            | earings                                            |            3.76 |            6363.62 |    2.0487453438081427
 AAAAAAAAODKCAAAA | Very nuclear injuries promote now women; unanimously close children find unexpected arrangements. Affairs drive often other dates. Interests should not admit left banks. Widely ethni                   | Jewelry                                            | earings                                            |            8.46 |             911.39 |   0.29341884318883016
 AAAAAAAAPFFDAAAA | Critical, other animals should hesitate immediately; fiercely impossible characteristics go however there rigi                                                                                           | Jewelry                                            | earings                                            |            2.71 |           28346.28 |     9.125986335494872
 AAAAAAAAPGICAAAA | Alive, welsh facilities would feel with a packages. Perhaps old words used to sp                                                                                                                         | Jewelry                                            | earings                                            |            4.77 |           11239.95 |    3.6186628408258716
 AAAAAAAAPNKCAAAA | Sometimes proper criteria will not help groups. Significant, small m                                                                                                                                     | Jewelry                                            | earings                                            |            2.23 |            7768.35 |    2.5009932855154746
 AAAAAAAAADPCAAAA | Low joint benefits would assess still unusua                                                                                                                                                             | Jewelry                                            | estate                                             |            7.29 |            5916.87 |     1.773675316159251
 AAAAAAAAAKDDAAAA | Markets will make from a assumptions. Active, short laws must compete often; specific, happy ci                                                                                                          | Jewelry                                            | estate                                             |            0.74 | 18643.609999999997 |     5.588716814988291
 AAAAAAAAAKOBAAAA | Even mass pictures ought to ensure even on behalf of a seats. Times challenge about new shadows. Wisely annual                                                                                           | Jewelry                                            | estate                                             |            7.91 |            1376.59 |   0.41265461358313826
 AAAAAAAAALCDAAAA | Good fingers might seem on a organisations. Steps ask detailed, heavy crews; superior provisions apply from a stones. Awkward places could matter new, quiet parties. Encouraging                        | Jewelry                                            | estate                                             |            4.24 |  7456.959999999999 |    2.2353416393442624
 AAAAAAAAANOBAAAA | Old, big ways behave short amazing chapters. Differences must not hear with a times. Officers could like over the services. Therefore main bottles att                                                   | Jewelry                                            | estate                                             |             1.1 |            11544.7 |     3.460706323185012
 AAAAAAAABKFDAAAA | Also small posts would achieve like a friends. Dreadful, able measures could understand volunteers. Male, lo                                                                                             | Jewelry                                            | estate                                             |            4.71 |            8961.55 |    2.6863662763466043
 AAAAAAAABLNAAAAA | Finally far goods shall tear national, local problems. Findings shall sell at a presents. Other shares chec                                                                                              | Jewelry                                            | estate                                             |            2.98 |            8245.09 |    2.4715960655737708
 AAAAAAAABNJCAAAA | Lives might not meet now in the patients. Conditions could sell. Else dependent circumsta                                                                                                                | Jewelry                                            | estate                                             |            8.42 |             1700.5 |    0.5097517564402811
 AAAAAAAACBDCAAAA | Effective friends must examine well courts. Possible things make years. Respectively necessary copies could not know to the pieces. Changes c                                                            | Jewelry                                            | estate                                             |            7.11 |            6645.46 |    1.9920816861826702
 AAAAAAAACCCCAAAA | Marked weeks leave below for the aspects; women provide once                                                                                                                                             | Jewelry                                            | estate                                             |            7.91 |            6393.88 |     1.916666604215457
 AAAAAAAACFJAAAAA | Aside fair companies will not resolve mad officer                                                                                                                                                        | Jewelry                                            | estate                                             |            2.77 |            25880.6 |     7.758118969555037
 AAAAAAAACGIDAAAA | Right, special years must not buy in a spirits. Sort of other cases stay members. National, modest words supply again events. Attempts like ancient, fellow doors. Northern, existing towns could        | Jewelry                                            | estate                                             |            4.56 | 3474.6299999999997 |     1.041575269320843
 AAAAAAAACIJBAAAA | Subsidies dismantle just. Never practical pieces see carefully about a instructions. Worse un                                                                                                            | Jewelry                                            | estate                                             |             6.5 |            6687.74 |    2.0047557845433257
 AAAAAAAACJCEAAAA | Possible respects ought to put further little equal boots. Largely current bodies might make then hot walls. Elsewhere electric initiatives used to determine too                                        | Jewelry                                            | estate                                             |            5.31 |           13864.22 |     4.156019110070258
 AAAAAAAACNHAAAAA | Outdoor groups take shares. Appropriate winners ask concessions. Rare, new men shall explai                                                                                                              | Jewelry                                            | estate                                             |            3.66 |           12985.07 |     3.892480000000001
 AAAAAAAADFFAAAAA | Important, particular relations spend desirable pains. Rooms decide over ways. Never famous things put now thereby independent events. Provisions submit forward to a patients. Major,                   | Jewelry                                            | estate                                             |            0.76 |            1107.43 |   0.33196964871194384
 AAAAAAAAEBIDAAAA | Clear, precious pounds cannot say for a authorities. Moral assets would not think much generous friends; long,                                                                                           | Jewelry                                            | estate                                             |            6.75 |             641.44 |   0.19228177985948483
 AAAAAAAAECJBAAAA | Other individuals may not work yesterday for a paintings. Libe                                                                                                                                           | Jewelry                                            | estate                                             |            2.48 |            3912.85 |     1.172938641686183
 AAAAAAAAEGKDAAAA | Separate activities convert there local churches. Children would say much eyes. Immediately physical legs might alter full conditi                                                                       | Jewelry                                            | estate                                             |             6.4 |            2891.98 |    0.8669167213114756
 AAAAAAAAENLBAAAA | Economic years stop for good independe                                                                                                                                                                   | Jewelry                                            | estate                                             |            3.92 |            4474.04 |    1.3411642154566747
 AAAAAAAAFLHCAAAA | Especially aware hours say crucially likely, real arms. Fairly constant methods save too local, spatial stories; activitie                                                                               | Jewelry                                            | estate                                             |            6.24 |             6185.4 |    1.8541714285714288
 AAAAAAAAFOMDAAAA | Common chips put very white ye                                                                                                                                                                           | Jewelry                                            | estate                                             |            7.66 |            1480.42 |   0.44377929742388766
 AAAAAAAAFPLAAAAA | However political days ought to say gently big realistic eyes. Sons used to receive by now like a steps; new, different purposes will understand then                                                    | Jewelry                                            | estate                                             |            6.56 |            3973.47 |    1.1911104449648715
 AAAAAAAAGBJAAAAA | Strong, lovely students ought to resist directions. Great things will not allow much polish democrats. Only gentlemen can let. Well odd services affect then other, cautious troops. Homes               | Jewelry                                            | estate                                             |            3.08 |            4403.68 |    1.3200726932084312
 AAAAAAAAGBNDAAAA | Much agricultural blacks suit; regional                                                                                                                                                                  | Jewelry                                            | estate                                             |            0.55 |            11577.6 |    3.4705686182669795
 AAAAAAAAGEMDAAAA | Almost joint threats search certainly other, organic years; for instance likely pubs may read now particularly essential years. Artists sho                                                              | Jewelry                                            | estate                                             |            3.55 |           11409.49 |    3.4201749882903987
 AAAAAAAAGEPBAAAA | Wheels ought to                                                                                                                                                                                          | Jewelry                                            | estate                                             |             1.6 |            8658.54 |     2.595534238875879
 AAAAAAAAGJBEAAAA | Per annum positive actions find away. Civil bodies could tell injuries. National systems used to happen. To                                                                                              | Jewelry                                            | estate                                             |            7.42 |             3290.7 |    0.9864393442622953
 AAAAAAAAGMEEAAAA | Widely growing papers react rather other, exciting jeans. Too creative concepts can carry also friends; opt                                                                                              | Jewelry                                            | estate                                             |            40.6 |            3495.32 |     1.047777423887588
 AAAAAAAAGOLBAAAA | Heavily traditional records must not meet. Disputes study even obvious things. Key bills forget for a duties. Young, physical characteristics would improve yet opposite, modern thousands; pr           | Jewelry                                            | estate                                             |            3.37 |            2717.69 |    0.8146705386416864
 AAAAAAAAGPMCAAAA | Customers wonder to a officials. Parameters travel structures; fine risks sit properly between the reasons. Unable, english requirements                                                                 | Jewelry                                            | estate                                             |            2.99 |            1727.58 |    0.5178694145199064
 AAAAAAAAIAJAAAAA | Large experiments take too pregnant rates. Safe, sure books see very. Students could figure at a forces. Most ultimate sciences close directly perhaps local voters. Certain needs u                     | Jewelry                                            | estate                                             |            2.89 |            1027.08 |    0.3078834660421546
 AAAAAAAAIALAAAAA | Brilliant eyebrows help probably aware, good pocke                                                                                                                                                       | Jewelry                                            | estate                                             |            5.63 |               40.3 |   0.01208056206088993
 AAAAAAAAIBOCAAAA | Burning, different days concentrate at least for a groups. Applications reveal once good parts. Comm                                                                                                     | Jewelry                                            | estate                                             |             3.8 |            4419.84 |    1.3249169086651056
 AAAAAAAAICABAAAA | Parties should not find in a birds. Industrial feet call also happy others; plants lie                                                                                                                   | Jewelry                                            | estate                                             |            6.77 |             401.52 |   0.12036196721311478
 AAAAAAAAINCDAAAA | Proposed courses forget now in addition good quarters; clear governments imagine so for the clubs; instituti                                                                                             | Jewelry                                            | estate                                             |            2.75 |               5.06 | 0.0015168149882903983
 AAAAAAAAJDICAAAA | Most effective intere                                                                                                                                                                                    | Jewelry                                            | estate                                             |            4.54 |              26287 |     7.879943793911008
 AAAAAAAAJGEAAAAA | Bc white years happen thinly with                                                                                                                                                                        | Jewelry                                            | estate                                             |            8.04 |  7311.669999999999 |    2.1917886651053866
 AAAAAAAAKFABAAAA | Strong, rare scientists dare only old, bloody sides. Sufficient, rational songs may go very american, great scientists. Administrative, semantic holes see traditionally. Once key cha                   | Jewelry                                            | estate                                             |            3.11 |            16662.9 |     4.994967681498831
 AAAAAAAAKIEDAAAA | Further political devel                                                                                                                                                                                  | Jewelry                                            | estate                                             |            1.58 |            5208.96 |    1.5614681030444968
 AAAAAAAALNBDAAAA | Individual, single years will not bear supplies. Moreover correct police must admit about in a values. Further essential gains shine then net poli                                                       | Jewelry                                            | estate                                             |            3.64 | 4039.8399999999997 |    1.2110059016393444
 AAAAAAAAMAGCAAAA | Statistical, private powers might take eyes. Depths enhanc                                                                                                                                               | Jewelry                                            | estate                                             |            0.64 |            16004.8 |     4.797691803278689
 AAAAAAAAMEHCAAAA | Highly major police will not swap general holders; terms bother well new points. Deputies switch primarily old children; only mental cases may de                                                        | Jewelry                                            | estate                                             |            9.99 |            4050.34 |     1.214153442622951
 AAAAAAAAMMHBAAAA | Days try at least other, applicable ministers. Technological, new families should not set sometimes fundamental stars. Gov                                                                               | Jewelry                                            | estate                                             |            5.99 |            8500.84 |     2.548261170960188
 AAAAAAAANMMDAAAA | Awful, environmental instances could not know. Private heads could not bear; images leave actions. Powerful provisions shall not give still nuclear, young                                               | Jewelry                                            | estate                                             |             4.6 |  5542.629999999999 |    1.6614909601873535
 AAAAAAAANOKAAAAA | Normal students explain rarely frequent weeks. Especially colonial duties would not come evidently. More present lives used to see more minor tanks. Elde                                                | Jewelry                                            | estate                                             |            8.68 |             1069.5 |   0.32059953161592514
 AAAAAAAAOJPAAAAA | Ears sit there minor characters.                                                                                                                                                                         | Jewelry                                            | estate                                             |               2 |             644.16 |   0.19309714285714288
 AAAAAAAAOLOBAAAA | Other, immediate                                                                                                                                                                                         | Jewelry                                            | estate                                             |            6.13 |           12462.38 |    3.7357954098360664
 AAAAAAAAPMBAAAAA | Suitable years find so obvious spaces. More working periods can link well futures; existing interests might meet other activities. Changes create probably true, da                                      | Jewelry                                            | estate                                             |            8.07 |            6091.68 |    1.8260773770491807
 AAAAAAAAPOLAAAAA | Possible, tiny fees know later high demands. So substantial faces will not see part-time students. Small, severe classes appear w                                                                        | Jewelry                                            | estate                                             |            0.46 |            2098.15 |    0.6289536299765809
 AAAAAAAAAFIBAAAA | Narrow positions should not state ever to a workers; young systems would no                                                                                                                              | Jewelry                                            | gold                                               |            7.65 |            4454.77 |     2.159610798165492
 AAAAAAAAAIFDAAAA | Even economic churches shall try there rigid big categori                                                                                                                                                | Jewelry                                            | gold                                               |            1.71 |  901.6899999999999 |    0.4371268237412576
 AAAAAAAAANNCAAAA | Major, modern authorities can cancel views. Running years would not meet at least so possible officials. Most living pp. hit in a meetings; various buildings see. Big, large images                     | Jewelry                                            | gold                                               |            8.17 | 2782.4900000000002 |    1.3489126149694595
 AAAAAAAAAPEDAAAA | Just spectacular things put children. Bright, european chiefs oug                                                                                                                                        | Jewelry                                            | gold                                               |            9.52 |            2454.26 |    1.1897912569011735
 AAAAAAAABJKCAAAA | Possible, likely communities must join basic, early personnel. Fortunately wide times may talk delighted ef                                                                                              | Jewelry                                            | gold                                               |            0.88 |            2128.88 |     1.032051539360854
 AAAAAAAACBBBAAAA | Things used to remain most at the efforts. Usual, small responses may see seconds. Holy passengers want later recently heavy sites                                                                       | Jewelry                                            | gold                                               |           38.06 |            1989.68 |    0.9645693072580438
 AAAAAAAACFGAAAAA | Sad, decisive years offer seats. Soft colours miss right exclusive houses; double personnel en                                                                                                           | Jewelry                                            | gold                                               |           75.62 |            1978.02 |    0.9589167007471331
 AAAAAAAACLCBAAAA | Important, short moments rock on a cha                                                                                                                                                                   | Jewelry                                            | gold                                               |               2 |            4107.82 |     1.991414243366138
 AAAAAAAADJKAAAAA | Inches could not ensure somewhere. Here senior of                                                                                                                                                        | Jewelry                                            | gold                                               |            3.19 |               5785 |     2.804487878697973
 AAAAAAAADJOCAAAA | Then deep runs might play little other activ                                                                                                                                                             | Jewelry                                            | gold                                               |            3.55 | 4888.9400000000005 |    2.3700904009821384
 AAAAAAAAEAAEAAAA | Natural, high questions read as. Upper, dead audiences support particularly fine readers. Unacceptable, small students would clarify altogether. Advertise                                               | Jewelry                                            | gold                                               |            6.09 |            1923.41 |    0.9324425290866842
 AAAAAAAAEAICAAAA | Political, basic purposes could g                                                                                                                                                                        | Jewelry                                            | gold                                               |            4.14 |            6587.51 |    3.1935336120659783
 AAAAAAAAECCAAAAA | Sessions will operate. Perfe                                                                                                                                                                             | Jewelry                                            | gold                                               |            7.53 | 403.05999999999995 |   0.19539790568504836
 AAAAAAAAECLAAAAA | Now written interests protect quite human, cle                                                                                                                                                           | Jewelry                                            | gold                                               |            2.04 | 125.19000000000001 |  0.060690378139014574
 AAAAAAAAECOCAAAA | Children tell. Days would not form still, free cells. English articles may make women. Mem                                                                                                               | Jewelry                                            | gold                                               |            0.51 |            5484.48 |    2.6587999448507276
 AAAAAAAAEFIDAAAA | Environmental, dark masters should witness. Resources drive far likely teams. Notions can reveal still essential, tall copies. At least hot evenings deny pp.. General cats hear with a papers.          | Jewelry                                            | gold                                               |            0.86 |  8725.199999999999 |     4.229856117409776
 AAAAAAAAEFMBAAAA | Therefore strong                                                                                                                                                                                         | Jewelry                                            | gold                                               |           60.84 | 1356.8400000000001 |    0.6577772399883419
 AAAAAAAAEIGBAAAA | Coherent tools will develop. Yet national examples en                                                                                                                                                    | Jewelry                                            | gold                                               |            7.79 |             2467.7 |    1.1963067827593756
 AAAAAAAAEJICAAAA | Initially final hands buy away on a individuals. Individuals may not choose british, english investors. Sizes reject german work                                                                         | Jewelry                                            | gold                                               |           63.68 |            5516.58 |     2.674361580270988
 AAAAAAAAEMGDAAAA | About fine eyes provide in a findings. Yellow, plain results understand more than distinct questions. Scottish                                                                                           | Jewelry                                            | gold                                               |            8.48 |            1811.24 |    0.8780640666228032
 AAAAAAAAFDHBAAAA | Still old talks may not drag readily civil beans; white women escape various buildings; pounds break exotic, saf                                                                                         | Jewelry                                            | gold                                               |           91.16 |            1202.88 |     0.583139564309113
 AAAAAAAAFJNBAAAA | Large materials shall deal hardly marked ladies. True blocks determine for the flowers; left issues walk too. Streets could not take actually on a requirements. Always silent schools take continu      | Jewelry                                            | gold                                               |             0.4 |           15468.13 |     7.498735192934223
 AAAAAAAAGAABAAAA | Religious supporters establish legal, satisfactory visitors. Educational schemes ensure usual records; overall, substantial relationships may                                                            | Jewelry                                            | gold                                               |            1.21 |            8114.51 |     3.933802063366204
 AAAAAAAAGABEAAAA | Complicated mice go coolly more confident members. Total organs t                                                                                                                                        | Jewelry                                            | gold                                               |            4.85 |            3328.23 |    1.6134798085598885
 AAAAAAAAGAIDAAAA | Others wonder emotional, other buses. Lives know anywhere passive homes. Rules attain; soci                                                                                                              | Jewelry                                            | gold                                               |            2.74 |           18289.06 |     8.866282987515982
 AAAAAAAAGCCAAAAA | Ultimately local metres present there angry periods; simply excellent christians hook further women; long, other accounts would not lead in a videos. Effective sectors de                               | Jewelry                                            | gold                                               |            8.33 |  5236.599999999999 |     2.538631153948108
 AAAAAAAAGDEAAAAA | Actions abandon unexpec                                                                                                                                                                                  | Jewelry                                            | gold                                               |            4.83 |                 88 |  0.042661181214420335
 AAAAAAAAGHJDAAAA | Schools used to listen partially terms. Millions rethink ago more public statements; special villages u                                                                                                  | Jewelry                                            | gold                                               |            3.26 |  7030.119999999999 |    3.4081048099900073
 AAAAAAAAGHNAAAAA | High, dangerous panels see still true, apparent claims. Conclusions reveal red, clear parties. Lists will cost so                                                                                        | Jewelry                                            | gold                                               |            1.08 |             639.06 |    0.3098074371237211
 AAAAAAAAGPNBAAAA | Possible, small eyes remain parameters. Literally unknown tensions look more wide, other revenues. International colleagues speak weeks; genes would not relinquish about within a methods               | Jewelry                                            | gold                                               |            1.21 |             745.68 |    0.3614953364541927
 AAAAAAAAHJHCAAAA | Military, parliamentary origins perform now agr                                                                                                                                                          | Jewelry                                            | gold                                               |            1.66 |            4365.04 |     2.116110936911288
 AAAAAAAAIFABAAAA | Legal,                                                                                                                                                                                                   | Jewelry                                            | gold                                               |            2.82 | 4000.3900000000003 |     1.939333667254034
 AAAAAAAAIMKBAAAA | Obviously internal forces cannot recoup races; internal, strange devices disregard unique, political systems. Small miles would buy then also new failures. Infrequently cr                              | Jewelry                                            | gold                                               |           48.51 |            2508.11 |    1.2158969910874975
 AAAAAAAAJCDCAAAA | Clearly national children produce over golden, likely bodies. Red, good days could switch then cultural years; local, original beds carry further short relationships. Rights sha                        | Jewelry                                            | gold                                               |            1.46 | 14223.689999999999 |     6.895447916224298
 AAAAAAAAJECEAAAA | Concepts know men. Finally clean arms shall not resemble far                                                                                                                                             | Jewelry                                            | gold                                               |            7.02 |                684 |    0.3315937267120853
 AAAAAAAAJHFBAAAA | Matters could work around low, coastal questions. Now dynamic fingers must stick circumstances. Available sales reproduce better to a samples. Efforts want o                                            | Jewelry                                            | gold                                               |            8.55 |             273.87 |   0.13276838294537838
 AAAAAAAAKACEAAAA | Indeed automatic police take far in a contributions. Hom                                                                                                                                                 | Jewelry                                            | gold                                               |            2.84 |            4170.36 |     2.021732769197386
 AAAAAAAAKBMCAAAA | Sentences must come then months; real parents must love. Specific, round options transmit                                                                                                                | Jewelry                                            | gold                                               |            9.89 |            9341.77 |     4.528760714016312
 AAAAAAAAKCEAAAAA | Right rules could not wonder then by the hospi                                                                                                                                                           | Jewelry                                            | gold                                               |            1.67 |  9349.029999999999 |     4.532280261466501
 AAAAAAAAKKEBAAAA | Effectively other rights may not hang just rather contin                                                                                                                                                 | Jewelry                                            | gold                                               |            3.79 |            3672.63 |    1.7804401586763245
 AAAAAAAAKMNDAAAA | Blue errors fail for a comparisons. Councils would understand outside as a views. Black children hear obvious children. Only early windows will not discuss                                              | Jewelry                                            | gold                                               |            9.49 |            2868.16 |     1.390444244453998
 AAAAAAAALMMCAAAA | At least great offenders surrender usually drinks. Only parents would sleep extremely social units; aims must prevent cold months. Less economic police rule experiences. Yet                            | Jewelry                                            | gold                                               |            3.14 |             1584.6 |    0.7681921335496643
 AAAAAAAAMIOAAAAA | Cameras put contents. Local units love by a boys. Cases put old days. Procedures should not make only new, spec                                                                                          | Jewelry                                            | gold                                               |           81.19 | 2471.2200000000003 |    1.1980132300079527
 AAAAAAAAMMDCAAAA | In order extra sheets contact under more large cl                                                                                                                                                        | Jewelry                                            | gold                                               |             8.2 |               1051 |    0.5095102438222247
 AAAAAAAAMNOCAAAA | Affairs include only for a applications. Hands will know almost. Again good parents treat strong structures. Participants will use sincerely simple, important reasons. Actually quiet minutes migh      | Jewelry                                            | gold                                               |           39.58 | 2688.2999999999997 |    1.3032506074855248
 AAAAAAAANABCAAAA | Papers might marry best. Groups should keep just deliberately                                                                                                                                            | Jewelry                                            | gold                                               |            7.73 |             270.56 |   0.13116374078833598
 AAAAAAAAOBJCAAAA | Dogs should not excuse even then other vehicles. Social tonnes discover perfectly over other secrets; matters could think in a patterns. Royal words take instead hot feet. Bo                           | Jewelry                                            | gold                                               |            1.01 | 1494.0700000000002 |    0.7243044433753296
 AAAAAAAAOIADAAAA | Vehicles shall go right, major steps. Uncertain sides ask bars; as well ancient consumers ring potential miles. At once main scholars must accompany services. Unexpected, imm                           | Jewelry                                            | gold                                               |            6.27 |  4647.490000000001 |    2.2530387850250726
 AAAAAAAAONHAAAAA | So single managers survive perhaps political years. Other children try. Early,                                                                                                                           | Jewelry                                            | gold                                               |            3.24 |            4489.28 |     2.176340768207647
 AAAAAAAAPGCCAAAA | Later other stores reject within a findings. As private brothers ought to come well dutch personal colonies. Perhaps complete offenders cannot seem by a flowers. Most surprised firms                   | Jewelry                                            | gold                                               |            3.83 |            6107.92 |    2.9610350223088893
 AAAAAAAAAGABAAAA | Women see eager, economic jobs. Decisions may not believe. Injuries must allow in order frequent, multiple methods. Perha                                                                                | Jewelry                                            | jewelry boxes                                      |             8.1 |             5780.8 |    2.0580818554636116
 AAAAAAAAAGEAAAAA | Ph                                                                                                                                                                                                       | Jewelry                                            | jewelry boxes                                      |            2.79 | 13522.759999999998 |     4.814376382471129
 AAAAAAAAAIIDAAAA | Uncertain things ease rivers; plans will play etc possible law                                                                                                                                           | Jewelry                                            | jewelry boxes                                      |            6.96 |            2387.96 |    0.8501621138203858
 AAAAAAAAAMFCAAAA | Simple things result so large implications; so american members try. Complex, rigid childre                                                                                                              | Jewelry                                            | jewelry boxes                                      |            5.65 |           10582.16 |    3.7674632382391384
 AAAAAAAABHIDAAAA | Users can care                                                                                                                                                                                           | Jewelry                                            | jewelry boxes                                      |             3.6 |            7554.96 |    2.6897187404430816
 AAAAAAAACAECAAAA | Black, complete ears know; capable, black organisations will make sufficiently faces. New, empty members will not dispute now big workers. Heavy tasks se                                                | Jewelry                                            | jewelry boxes                                      |            4.73 | 2417.8599999999997 |    0.8608071192657154
 AAAAAAAACCIBAAAA | Successful, current groups will appreciate main, other bases; positive, ethical titles should not provide simply. Southern problems should not want from a minutes. Obvious police continue intern       | Jewelry                                            | jewelry boxes                                      |            4.03 |            2671.79 |    0.9512113410962363
 AAAAAAAACEFCAAAA | Waves shall not accept really however free                                                                                                                                                               | Jewelry                                            | jewelry boxes                                      |            2.91 |             493.59 |   0.17572803470770207
 AAAAAAAACJLDAAAA | Both progressive problems speak here. Likely, full                                                                                                                                                       | Jewelry                                            | jewelry boxes                                      |             2.9 |             116.13 |  0.041344631517262184
 AAAAAAAADBDDAAAA | For once angry eyes used to need positions. Local studies spot just high, new towns;                                                                                                                     | Jewelry                                            | jewelry boxes                                      |            5.83 |             823.47 |    0.2931719944503564
 AAAAAAAADDBAAAAA | Members evolve even mechanisms; here strange boards blame. Now honest books isolate maybe                                                                                                                | Jewelry                                            | jewelry boxes                                      |            3.12 |           16563.56 |     5.896962755653692
 AAAAAAAAEEKBAAAA | Whole parts say at least small nations. Miles co                                                                                                                                                         | Jewelry                                            | jewelry boxes                                      |            2.95 |            4455.17 |    1.5861307327715573
 AAAAAAAAEGGBAAAA | Even eager sales present good remarks. Particular movies will see tightly interesting lives; a little national type                                                                                      | Jewelry                                            | jewelry boxes                                      |            2.19 |             1810.5 |    0.6445746608284093
 AAAAAAAAEHBCAAAA | Public, lovely fingers must get                                                                                                                                                                          | Jewelry                                            | jewelry boxes                                      |            4.11 |            6230.78 |    2.2182838471120885
 AAAAAAAAEIIDAAAA | Lights will not guarantee running, other walls. Working, long policemen may bring utterly. Past, brit                                                                                                    | Jewelry                                            | jewelry boxes                                      |            4.43 |           14420.16 |     5.133868953930625
 AAAAAAAAEKHBAAAA | Certain, other countries can like once systems. Stores should know; simple conditions cannot discover else back wages. Overall, industrial shoulders shall                                               | Jewelry                                            | jewelry boxes                                      |           66.93 |            3271.62 |    1.1647629670585147
 AAAAAAAAELBAAAAA | Very social churches should get more great subjects. Best crucial chi                                                                                                                                    | Jewelry                                            | jewelry boxes                                      |             8.6 |            1183.31 |    0.4212823208532809
 AAAAAAAAFAPCAAAA | Rooms shall avoid small, large qualifications. Then med                                                                                                                                                  | Jewelry                                            | jewelry boxes                                      |           93.91 |             1111.8 |    0.3958233128467415
 AAAAAAAAFFNCAAAA | Thus artificial authorities                                                                                                                                                                              | Jewelry                                            | jewelry boxes                                      |               8 |            7634.46 |    2.7180223502391927
 AAAAAAAAFGFAAAAA | Worried, immense months must not hang labour, other things. Vital services may gi                                                                                                                        | Jewelry                                            | jewelry boxes                                      |            4.43 |               4428 |    1.5764576626060185
 AAAAAAAAFHAEAAAA | Guests will record there. Interesting, smooth millions c                                                                                                                                                 | Jewelry                                            | jewelry boxes                                      |            39.4 |             775.68 |   0.27615778675027924
 AAAAAAAAFHBAAAAA | T                                                                                                                                                                                                        | Jewelry                                            | jewelry boxes                                      |            0.63 |            3270.84 |    1.1644852712642886
 AAAAAAAAGBNCAAAA | Others                                                                                                                                                                                                   | Jewelry                                            | jewelry boxes                                      |            3.38 |            4730.78 |    1.6842534736005648
 AAAAAAAAGDKDAAAA | Nuclear, little individuals profit still important, nice wines; then colourful events must not invest here similar, popular things. Great teachers may not understand now                                | Jewelry                                            | jewelry boxes                                      |            3.11 | 6580.0199999999995 |    2.3426203588755317
 AAAAAAAAGGGCAAAA | Too extended children would state organisational, detailed occasions; powerful, unique things might deliver; instead young traders affect largely lovers. Light shops starve in order. Patients could    | Jewelry                                            | jewelry boxes                                      |            2.58 | 13189.289999999999 |     4.695654310034538
 AAAAAAAAGIGCAAAA | Positions use yesterday from the pur                                                                                                                                                                     | Jewelry                                            | jewelry boxes                                      |            0.14 |           11182.96 |     3.981360203842954
 AAAAAAAAGMNDAAAA | Gothic, old schemes used to forget notably. Popular, popular couples go almost low phrases. Official, whole knees might press including a teeth                                                          | Jewelry                                            | jewelry boxes                                      |            8.67 |            3910.11 |    1.3920783358474298
 AAAAAAAAGMPCAAAA | Black efforts may resign only good meals. Meanings will determine practically with a changes. Left, free views                                                                                           | Jewelry                                            | jewelry boxes                                      |           58.83 | 425.32000000000005 |   0.15142253230794758
 AAAAAAAAHCICAAAA | Environmental areas buy most special individuals; previous, social officers lie now by no means powerful leaders. Racial supporters shall take. Now other priorities benefit on a d                      | Jewelry                                            | jewelry boxes                                      |            1.38 |  6340.320000000001 |    2.2572823051883906
 AAAAAAAAHNOAAAAA | Pale, wrong seconds might work. Certain leaves used to reach politically more future customers. Elderly protests used to land all right. Coming loans can communicate immediately actually sub           | Jewelry                                            | jewelry boxes                                      |            7.26 |  4457.349999999999 |    1.5869068569143938
 AAAAAAAAICLCAAAA | Central numbers relax previously united societies. Statements prepare even qualifications. Molecular investors use with the classes. White judges must play for a brothers. Hopes raise yeste            | Jewelry                                            | jewelry boxes                                      |            5.47 |            3535.29 |    1.2586348261143703
 AAAAAAAAIDNBAAAA | Relations used to safeguard. Content conditions let. Areas ask sufficiently severe users. Empty readers know thoroughly onwards cheap studies. Human, soft effor                                         | Jewelry                                            | jewelry boxes                                      |            3.02 |             373.91 |    0.1331195313064626
 AAAAAAAAIHEEAAAA | Solid members assume somewhere; clean, surprising months shall not t                                                                                                                                     | Jewelry                                            | jewelry boxes                                      |            2.04 |  7361.139999999999 |     2.620714895780413
 AAAAAAAAIIHDAAAA | Great, private police discuss thus subjects. More special costs float there. Negotiation                                                                                                                 | Jewelry                                            | jewelry boxes                                      |            3.02 |              737.8 |    0.2626717397178682
 AAAAAAAAIIKDAAAA | Friends carry. Cells intend mainly to a pounds. Democratic, dutch priorities discover more extensive artists; just absent week                                                                           | Jewelry                                            | jewelry boxes                                      |            0.24 |             613.47 |   0.21840774215874303
 AAAAAAAAIKBDAAAA | Rough prices mak                                                                                                                                                                                         | Jewelry                                            | jewelry boxes                                      |            2.29 | 395.40999999999997 |    0.1407739666601278
 AAAAAAAAIPLDAAAA | Gradually human d                                                                                                                                                                                        | Jewelry                                            | jewelry boxes                                      |           77.13 |  9944.470000000001 |    3.5404326856494297
 AAAAAAAAJHADAAAA | Jobs decide just small criteria; top children ought to die well familiar degrees. Other, new                                                                                                             | Jewelry                                            | jewelry boxes                                      |            5.38 |            5289.26 |    1.8830836622663754
 AAAAAAAAKBFDAAAA | Years                                                                                                                                                                                                    | Jewelry                                            | jewelry boxes                                      |            2.44 |             5291.3 |     1.883809943574351
 AAAAAAAAKNKBAAAA | Other, soviet                                                                                                                                                                                            | Jewelry                                            | jewelry boxes                                      |            7.44 |            7576.06 |     2.697230767697144
 AAAAAAAAMBDAAAAA | Even unable difficulties might develop at a weeks. Sure days would say attractive products; sure definitions wait please tears. Women reduce too per                                                     | Jewelry                                            | jewelry boxes                                      |            9.42 |                597 |    0.2125440886575865
 AAAAAAAAMIFDAAAA | Exceptional families put japanese occasions. Strict seats turn really members. Basic, early agents live also stations; old guns submit national, crucial systems. Quite rare resourc                     | Jewelry                                            | jewelry boxes                                      |            0.32 |            5434.25 |    1.9347030381699992
 AAAAAAAAMKFEAAAA | Safe, young regions settle accidents. Alternatively long experiments would enjoy doubtless professional, only improvements; corporate, available characters used to use wrong, practical cases. Scores   | Jewelry                                            | jewelry boxes                                      |            1.14 |  4391.679999999999 |    1.5635270071620593
 AAAAAAAAMOKBAAAA | Different, new friends see real, old days. Values see mentally pp.; eventual, shallow pieces may visit also also suitable years. Free horses sell about a schemes. Teachers help                         | Jewelry                                            | jewelry boxes                                      |            2.71 |           18689.77 |     6.653936569296316
 AAAAAAAAMPDCAAAA | American conditions change seriously. Thereby main armies talk profits. Groups w                                                                                                                         | Jewelry                                            | jewelry boxes                                      |             9.1 |  5240.200000000001 |    1.8656173088500585
 AAAAAAAANCPBAAAA | Cold relatives write. New blocks may not dry little due companies; bizarre opti                                                                                                                          | Jewelry                                            | jewelry boxes                                      |            9.96 |  9524.869999999999 |    3.3910465891658053
 AAAAAAAAOCPAAAAA | Also proposed assets must get later. Actually different casualties used to construct less in a things. Just, successful perceptions reduce. Just local arms ought to retain problems; too social laws w  | Jewelry                                            | jewelry boxes                                      |            0.74 |  8524.380000000001 |      3.03485189023611
 AAAAAAAAOKEAAAAA | Pages clear very available, american months. Official, right objects could not see existing estates. Computers shall preserve tragic, available lectures. Newly                                          | Jewelry                                            | jewelry boxes                                      |            1.34 |            3620.88 |    1.2891065992269377
 AAAAAAAAOOEDAAAA | Experimental, main children refer ev                                                                                                                                                                     | Jewelry                                            | jewelry boxes                                      |            3.38 |           18486.87 |     6.581700060772658
 AAAAAAAAPLNBAAAA | Intimate months oppose for a courses. Healthy, secondary initiatives must turn developers. Only tired stores cannot try public, persistent minutes. Possibly unus                                        | Jewelry                                            | jewelry boxes                                      |            5.33 |            2931.38 |    1.0436306375361406
 AAAAAAAAAJDEAAAA | Chief arms might see much well personal trees. Certain colleagues land. Careful, confident reports must wait then c                                                                                      | Jewelry                                            | loose stones                                       |             4.5 |            9807.76 |     2.344177514987221
 AAAAAAAAAJOCAAAA | Minutes will kn                                                                                                                                                                                          | Jewelry                                            | loose stones                                       |            4.22 |            3119.88 |    0.7456904069286292
 AAAAAAAAALMCAAAA | Top democrats must give low real documents. Again darling children tell twice. Needs will not encourage. Full, terrible sisters make in a patients. Attitudes work agai                                  | Jewelry                                            | loose stones                                       |            2.76 |            4962.74 |    1.1861570349119148
 AAAAAAAAAPJCAAAA | Words wake yet in a workers. Optimistic democrats shall know leaders. Possible aspects shall break well. As well philosophical meal                                                                      | Jewelry                                            | loose stones                                       |            1.81 |            7502.79 |    1.7932608075310748
 AAAAAAAABHCAAAAA | Methods ban changes; direct companies provide twice. Women ought to stray from the flowers. Eyes wo                                                                                                      | Jewelry                                            | loose stones                                       |            4.17 |            2131.76 |    0.5095173474217517
 AAAAAAAABHEBAAAA | Full days could follow most to a areas. Likely shops can renew stupid, so-called guards. Also fine problems prove branches. Ideas must take too smooth, due products. Nuclear, expensiv                  | Jewelry                                            | loose stones                                       |            1.98 |            1812.04 |     0.433100261859736
 AAAAAAAACFECAAAA | Male, representative diseases                                                                                                                                                                            | Jewelry                                            | loose stones                                       |           55.19 | 1102.6399999999999 |    0.2635447742527865
 AAAAAAAACJBEAAAA | Conventional, sorry thousands care most local, large le                                                                                                                                                  | Jewelry                                            | loose stones                                       |            1.58 |            6498.13 |    1.5531344808053942
 AAAAAAAACJMCAAAA | Efficiently whole seconds must see then vertical travellers; ever clear police will let only even pink concessions. Considerations must coincide of course legal, military children. Relate              | Jewelry                                            | loose stones                                       |            8.07 |            3778.37 |     0.903077766717606
 AAAAAAAADBMAAAAA | Original patterns supply namely governments. Suitable, alternative options could                                                                                                                         | Jewelry                                            | loose stones                                       |            1.73 | 3873.5600000000004 |    0.9258293692906333
 AAAAAAAADCGCAAAA | Themes may hope. Able, acute words may explore low scales. Priests understand again distinctive parties. Else literary structures follow at present up to an women; new cond                             | Jewelry                                            | loose stones                                       |            3.92 |            5204.64 |    1.2439741655182317
 AAAAAAAADEKCAAAA | Pages could not explore players. Then rapid husbands leave with a ministers. Industrial,                                                                                                                 | Jewelry                                            | loose stones                                       |            1.03 |            6578.74 |    1.5724012807151717
 AAAAAAAADHJAAAAA | Social, usual directors                                                                                                                                                                                  | Jewelry                                            | loose stones                                       |            8.45 |  8199.140000000001 |    1.9596971816431406
 AAAAAAAAEDFCAAAA | About anonymous restrictions will last both large, living customers. Discussions produce. High needs come doubtful, human influences.                                                                    | Jewelry                                            | loose stones                                       |            3.11 |  7950.299999999999 |    1.9002213040901186
 AAAAAAAAEEFDAAAA | More alive firms steal clearly after the priests. Other operations tell also. Central, technical activities would not seem quite in an standards. Changes shall change so organisations. U               | Jewelry                                            | loose stones                                       |            0.56 |            9790.89 |    2.3401453736340647
 AAAAAAAAEFABAAAA | Generally sign                                                                                                                                                                                           | Jewelry                                            | loose stones                                       |            1.41 |             9426.3 |    2.2530037959252716
 AAAAAAAAEFNBAAAA | Parts operate then. Other issues throw too comfortable companies; unacceptable years wonder                                                                                                              | Jewelry                                            | loose stones                                       |            9.53 |           11087.82 |     2.650127892018729
 AAAAAAAAEGLCAAAA | Red, external terms want. Nearly imperial wo                                                                                                                                                             | Jewelry                                            | loose stones                                       |            2.31 |            5174.58 |     1.236789448916223
 AAAAAAAAEGMBAAAA | Now front words p                                                                                                                                                                                        | Jewelry                                            | loose stones                                       |            1.58 |           16651.32 |    3.9798740934583448
 AAAAAAAAEMADAAAA | Seasons expand commercial forces. Programmes beat eventually flowers. Hou                                                                                                                                | Jewelry                                            | loose stones                                       |            9.78 |            8285.45 |    1.9803263529644766
 AAAAAAAAENLAAAAA | Partly little roles avoid heavily high children. Furious,                                                                                                                                                | Jewelry                                            | loose stones                                       |            0.68 |  6378.950000000001 |    1.5246489676774042
 AAAAAAAAEOJBAAAA | Goods feel. Even alternative symbols increase necessarily in a borders. As final adults set quite. Straight unfair days might cause                                                                      | Jewelry                                            | loose stones                                       |            4.54 |             128.07 |  0.030610334504964785
 AAAAAAAAFBEAAAAA | Currently large quantities serve labour, true years; sufficiently correct societies shall not                                                                                                            | Jewelry                                            | loose stones                                       |            7.55 |            4871.66 |    1.1643877738303798
 AAAAAAAAFFBCAAAA | Children think happy windows. New, great colonies continue in a settings                                                                                                                                 | Jewelry                                            | loose stones                                       |            7.09 |             755.16 |   0.18049270090395259
 AAAAAAAAFHDEAAAA | Social, high years cover about years. Upp                                                                                                                                                                | Jewelry                                            | loose stones                                       |            2.56 |            1391.33 |    0.3325453010603003
 AAAAAAAAGEGAAAAA | Grey years cannot investigate particularly circumstances. Southern households come well very mean ministers;                                                                                             | Jewelry                                            | loose stones                                       |            4.32 |            3101.04 |    0.7411874108946357
 AAAAAAAAGHHCAAAA | Briefly short keys used to give long. Tough, british records can know modern problems. Universal properties administer indeed examples. Able, public c                                                   | Jewelry                                            | loose stones                                       |            2.17 |            5298.02 |     1.266293155414957
 AAAAAAAAGKEAAAAA | Nuclear earnings can choose large historians. Regulations wear much organic conditions. Domestic men cover so quite high workers. Sure, gothic users improve on a parents. Social practic                | Jewelry                                            | loose stones                                       |            1.84 |            2262.68 |    0.5408088676324956
 AAAAAAAAGOIDAAAA | A                                                                                                                                                                                                        | Jewelry                                            | loose stones                                       |            5.69 |             9639.1 |      2.30386566195679
 AAAAAAAAGPACAAAA | Also asian implications put as a minds. Missiles could not use american problems. Democratic policies will provide appropriate, academic tears. Current, small systems might not allow more than agr     | Jewelry                                            | loose stones                                       |             0.9 |            4734.18 |    1.1315283314337017
 AAAAAAAAHBNBAAAA | Limited parents disappear; deliberate sorts will no                                                                                                                                                      | Jewelry                                            | loose stones                                       |             4.1 | 12239.539999999999 |    2.9254034011626198
 AAAAAAAAHGJAAAAA | Children                                                                                                                                                                                                 | Jewelry                                            | loose stones                                       |            3.78 |            2741.41 |    0.6552313353264271
 AAAAAAAAHPJDAAAA | So roya                                                                                                                                                                                                  | Jewelry                                            | loose stones                                       |            2.05 |           16736.41 |     4.000211669495102
 AAAAAAAAIDFEAAAA | Economic police draw white numbers. Quiet, just cases help. Significant sy                                                                                                                               | Jewelry                                            | loose stones                                       |            2.37 |            4102.26 |    0.9804915345228145
 AAAAAAAAIFGBAAAA | Proposed games play locally long modern times. Thousands engage lin                                                                                                                                      | Jewelry                                            | loose stones                                       |            8.85 |            2800.18 |    0.6692781016171804
 AAAAAAAAIFMAAAAA | Round workers take small, great universities. Arbitrarily political heads can meet then international bright houses. Broad symptoms get championships. Days make more in the co                          | Jewelry                                            | loose stones                                       |            8.83 |           25534.53 |     6.103072575365491
 AAAAAAAAIKFCAAAA | Royal, only children must develop also obviously mechanical conventions. Open interesting forests form ever apparent problems. Costly, judicial org                                                      | Jewelry                                            | loose stones                                       |            6.43 |            2454.61 |    0.5866825421974827
 AAAAAAAAINEAAAAA | Various cars might submit too. Fast tight things ask currently assistant cases. Actually other professionals ought to co-operate unusually warm elections. Initially rare hands will rise n              | Jewelry                                            | loose stones                                       |            1.41 | 2578.5699999999997 |    0.6163105352109552
 AAAAAAAAINGBAAAA | Above definite exhibitions might come even on a events; small, financial estates can feel really with a flames. Types                                                                                    | Jewelry                                            | loose stones                                       |            3.29 |            5099.28 |      1.21879180553195
 AAAAAAAAJLACAAAA | United, ugly prices must rally all in a values. Somewhere extreme problems should earn nice, black elections. Public, different teachers may correlate. Certain institutions follow measure              | Jewelry                                            | loose stones                                       |            9.84 | 3457.3899999999994 |    0.8263595253698772
 AAAAAAAAKCBBAAAA | Federal, new arts can establish outside reasons. New figures pursue as yet old, comparative thousands; scottish kids shall know above today human centres. Possible intentions honour                    | Jewelry                                            | loose stones                                       |            3.68 |           10949.59 |    2.6170891902257933
 AAAAAAAAKJHAAAAA | Cultural, original reserves play even. European lips shall not start mental, modern roots. Official, local beliefs jump just al                                                                          | Jewelry                                            | loose stones                                       |           34.83 |           10640.17 |     2.543133933705717
 AAAAAAAAKMAEAAAA | Large, able ships want either paintings. Long-term loans combine conditions. Old, brilliant markets would re-establish more rather good police. Laws may recall presuma                                  | Jewelry                                            | loose stones                                       |            4.05 |           10886.46 |     2.602000329311462
 AAAAAAAALCHCAAAA | Young patients live very essentially divine difficulties. Impossible                                                                                                                                     | Jewelry                                            | loose stones                                       |            3.61 |            2475.01 |    0.5915583977756922
 AAAAAAAALGDCAAAA | Contemporary, current drawings ma                                                                                                                                                                        | Jewelry                                            | loose stones                                       |            3.28 |            6351.05 |    1.5179805181366175
 AAAAAAAALJNBAAAA | New hundreds should wish then old sale                                                                                                                                                                   | Jewelry                                            | loose stones                                       |            3.96 |            3861.93 |    0.9230496535859971
 AAAAAAAALKOCAAAA | However delightful examples wish at a rights. Things get notably years. Questions deal only materials. Really broken parents behave therefore similar traditions. Completely liberal centre              | Jewelry                                            | loose stones                                       |            2.25 |             478.47 |   0.11436032443656205
 AAAAAAAAMCBCAAAA | There red parties interpret over serious relations. Creatures ought to bring hard preferences; for instance vast towns force. Always ancient h                                                           | Jewelry                                            | loose stones                                       |            0.49 |            8722.37 |     2.084755706848362
 AAAAAAAAMFAAAAAA | Miles poison over following victims. Direct, cheap techniques must buy explicitly clear buildings. Oth                                                                                                   | Jewelry                                            | loose stones                                       |           62.72 | 22506.440000000002 |     5.379321128413521
 AAAAAAAAMPEEAAAA | Normal, deaf personnel run practitioners. Insufficient, busy steps meet correct, easy countries. New cases move no doubt adul                                                                            | Jewelry                                            | loose stones                                       |            4.34 |            1924.87 |    0.4600680454327443
 AAAAAAAANDGAAAAA | Material, black designs regard forwar                                                                                                                                                                    | Jewelry                                            | loose stones                                       |            7.72 |             628.58 |   0.15023849506621978
 AAAAAAAANJFBAAAA | Eyes give poor police. Hard effective carers provide more with a forms; empty standards ought to stay. Environmental, economic years may not improve immediately different, soviet                       | Jewelry                                            | loose stones                                       |            4.62 |            6651.22 |    1.5897249087695158
 AAAAAAAANKFDAAAA | Now                                                                                                                                                                                                      | Jewelry                                            | loose stones                                       |           59.92 |            5791.79 |     1.384310371535176
 AAAAAAAANNBEAAAA | Courses give certainly leaves; personal, fresh reasons ought to leave about local, peaceful activities; then different orders would lock. Abruptly legal clients o                                       | Jewelry                                            | loose stones                                       |            3.34 |  7510.119999999999 |    1.7950127693638331
 AAAAAAAANPJDAAAA | Appropriate, excellent things would turn hardly in a police. Per annum previous photographs get also to a wome                                                                                           | Jewelry                                            | loose stones                                       |           60.09 |            3418.25 |    0.8170045750105089
 AAAAAAAAODNCAAAA | Metals may not obtain well. Better important sectors                                                                                                                                                     | Jewelry                                            | loose stones                                       |            4.36 |           10229.16 |     2.444897394431214
 AAAAAAAAOIHAAAAA | Generally mediterranean kids must write immediately simple, kee                                                                                                                                          | Jewelry                                            | loose stones                                       |            6.69 |            3883.52 |    0.9282099340729355
 AAAAAAAAOJCAAAAA | Instruments could create joint buildin                                                                                                                                                                   | Jewelry                                            | loose stones                                       |            3.43 |            2783.42 |    0.6652722516421417
 AAAAAAAAOOABAAAA | Police lead more right                                                                                                                                                                                   | Jewelry                                            | loose stones                                       |            5.63 |             2373.5 |    0.5672962360235334
 AAAAAAAAOPGAAAAA | Old-fashioned sizes read very; therefore electrical homes shall not collect sure, cheerful                                                                                                               | Jewelry                                            | loose stones                                       |           32.25 | 12681.499999999998 |    3.0310373781893563
 AAAAAAAAPEMDAAAA | German accounts establish straight public nights. Eyes should                                                                                                                                            | Jewelry                                            | loose stones                                       |            8.01 |            1283.84 |    0.3068538443886467
 AAAAAAAAPGBAAAAA | Important teachers meet mean questions. Apparent, clear                                                                                                                                                  | Jewelry                                            | loose stones                                       |            4.03 |            2415.82 |    0.5774112462230345
 AAAAAAAAPKPAAAAA | Troops can promote seemingly english others. Final goods learn more than under a rights. Funds buy ready goods. Famous, different improvements would not come once; square areas                         | Jewelry                                            | loose stones                                       |            1.83 | 13620.309999999998 |     3.255424729923611
 AAAAAAAAPLCDAAAA | Just smal                                                                                                                                                                                                | Jewelry                                            | loose stones                                       |           47.48 |            4501.66 |    1.0759531383432481
 AAAAAAAAPPFCAAAA | French changes would create. Expensive, sovi                                                                                                                                                             | Jewelry                                            | loose stones                                       |            1.57 |           12575.84 |    3.0057833144445723
 AAAAAAAAABIBAAAA | Perhaps great figures cover with a reasons. Losses return abroad on the powers. Roughly british b                                                                                                        | Jewelry                                            | mens watch                                         |            8.15 | 15749.789999999997 |     4.319471019830009
 AAAAAAAAAGPBAAAA | Strengths must develop patient years. Hard, old trades used to apply maybe in a politicians. Main hands may send in the hospitals; cells must agree rather historical, r                                 | Jewelry                                            | mens watch                                         |            7.17 |            5834.53 |    1.6001536051800556
 AAAAAAAAAJCCAAAA | Mor                                                                                                                                                                                                      | Jewelry                                            | mens watch                                         |            0.32 |            10623.9 |    2.9136660341231244
 AAAAAAAAAJEDAAAA | Ordinary men shine yet public, particular bacteria. Proteins might make then special others. For ever armed increases eat modern skills; inst                                                            | Jewelry                                            | mens watch                                         |            3.94 |            5974.45 |     1.638527474615433
 AAAAAAAAANMAAAAA | Times take simply poor advertisements. Parties ought to think only particularly likely hands. Characters say in order even japanese bishops. Particular objects may want hardly politica                 | Jewelry                                            | mens watch                                         |           52.37 |            6321.92 |    1.7338231322248574
 AAAAAAAABLFCAAAA | General trusts should not manage in a symptoms. New, female operati                                                                                                                                      | Jewelry                                            | mens watch                                         |             8.8 | 4136.1900000000005 |    1.1343740353052765
 AAAAAAAABOICAAAA | No doubt particular services cannot change anyway mainly military colours. Plants take within a courses; rapid, original arms restore.                                                                   | Jewelry                                            | mens watch                                         |            2.56 |            1966.26 |    0.5392581797884896
 AAAAAAAABPNCAAAA | Large, likely findings sell perhaps in the children. Also normal implica                                                                                                                                 | Jewelry                                            | mens watch                                         |            8.27 |            4136.48 |    1.1344535694829223
 AAAAAAAACBGEAAAA | More sudden patterns would take too on a stati                                                                                                                                                           | Jewelry                                            | mens watch                                         |            5.82 |            7527.77 |     2.064534470551401
 AAAAAAAACGECAAAA | Major, final services used to take though new sources. Professional, identical experiences consider as well; small pairs see very never regio                                                            | Jewelry                                            | mens watch                                         |            7.39 |                    |                      
 AAAAAAAACIICAAAA | Implications avoid usually reforms                                                                                                                                                                       | Jewelry                                            | mens watch                                         |           23.66 |            5460.16 |    1.4974804669544817
 AAAAAAAACPDCAAAA | Major, wonderful groups visit then. Visible animals forget. Offices ought to meet still effec                                                                                                            | Jewelry                                            | mens watch                                         |            0.47 |            1738.96 |   0.47691983986095016
 AAAAAAAACPFAAAAA | Best likely movements may step into the chips. Ready, sorry goods see levels; arrangements used to choose there alleged, strong pp.; s                                                                   | Jewelry                                            | mens watch                                         |           77.58 | 10217.670000000002 |     2.802255106587866
 AAAAAAAADAMBAAAA | Complex, proposed problems sponsor high teachers. Free results must                                                                                                                                      | Jewelry                                            | mens watch                                         |            9.08 |            2281.24 |    0.6256432669436869
 AAAAAAAADDICAAAA | Even international ships cannot call children; internal forces operate as chapters. Future, combined years know presumably high miles. Politicians can bear. Numerous,                                   | Jewelry                                            | mens watch                                         |           42.15 |            8764.29 |     2.403657233803496
 AAAAAAAADNPDAAAA | By now young months meet both workers. Primary conditions                                                                                                                                                | Jewelry                                            | mens watch                                         |             9.3 |            3901.98 |    1.0701405879034769
 AAAAAAAADOEBAAAA | Fields ought to take now                                                                                                                                                                                 | Jewelry                                            | mens watch                                         |            8.12 |            4471.36 |    1.2262963467593606
 AAAAAAAADPHAAAAA | Public, large leaders make customers. Others result wild aware years. Green results should study evidently good e                                                                                        | Jewelry                                            | mens watch                                         |            8.43 |            3717.15 |    1.0194498911643344
 AAAAAAAAEBGAAAAA | Outstanding, unchanged                                                                                                                                                                                   | Jewelry                                            | mens watch                                         |            1.62 |              781.2 |    0.2142486192318249
 AAAAAAAAEIHDAAAA | Both primary affairs ought to see owne                                                                                                                                                                   | Jewelry                                            | mens watch                                         |            4.14 | 14774.219999999998 |     4.051915303670266
 AAAAAAAAEKNBAAAA | Years abandon capable, negative ways. Years try quite silent practices. Obvious, t                                                                                                                       | Jewelry                                            | mens watch                                         |            8.73 | 2035.4900000000002 |     0.558244907783138
 AAAAAAAAELFAAAAA | Things mark significantly central, new miles. Established, social amounts improve directly levels. Strangely global contracts get                                                                        | Jewelry                                            | mens watch                                         |            1.29 | 10362.500000000002 |    2.8419755719275295
 AAAAAAAAELHDAAAA | Slowly similar stones expect espe                                                                                                                                                                        | Jewelry                                            | mens watch                                         |            2.49 |             570.17 |   0.15637242092602355
 AAAAAAAAEMFEAAAA | Terrible, short rates                                                                                                                                                                                    | Jewelry                                            | mens watch                                         |            2.98 |            4036.95 |    1.1071568912031688
 AAAAAAAAFLDAAAAA | Professional plants will collapse then certain, economic waves. Systems ask perhaps later little hun                                                                                                     | Jewelry                                            | mens watch                                         |            5.65 |             716.55 |   0.19651798273241697
 AAAAAAAAFMPCAAAA | Affairs shall not fill old, r                                                                                                                                                                            | Jewelry                                            | mens watch                                         |            3.79 |            6208.98 |    1.7028486838684282
 AAAAAAAAGCMAAAAA | British masses account very never close views. Applicable, aware combinations try simply large days; well racial methods produce mo                                                                      | Jewelry                                            | mens watch                                         |            2.32 |             825.91 |   0.22651059537859256
 AAAAAAAAGEJDAAAA | Specific, accurate pro                                                                                                                                                                                   | Jewelry                                            | mens watch                                         |            3.18 |            4899.64 |    1.3437546143535826
 AAAAAAAAGFOAAAAA | Single friends might give here. Great, lovely relations cause away h                                                                                                                                     | Jewelry                                            | mens watch                                         |            9.65 |            2015.21 |     0.552683000463602
 AAAAAAAAGJEAAAAA | Magazines tell furthermore long total historians. Northern tanks take only immen                                                                                                                         | Jewelry                                            | mens watch                                         |            2.54 |             5457.1 |    1.4966412442524215
 AAAAAAAAGLFDAAAA | Guests used to address too rapid parents. Conscious homes might answer years. Years must not continue only remarkable designs. Purposes will learn goals. Worse spare q                                  | Jewelry                                            | mens watch                                         |            2.88 |            1384.29 |    0.3796495405996197
 AAAAAAAAGPLDAAAA | Suddenly full weeks may take also                                                                                                                                                                        | Jewelry                                            | mens watch                                         |             2.5 |  6080.400000000001 |     1.667584875034803
 AAAAAAAAHDDAAAAA | Ashamed rights may reside only popular ne                                                                                                                                                                | Jewelry                                            | mens watch                                         |            5.41 |            3700.28 |     1.014823196071604
 AAAAAAAAHHEBAAAA | Great, golden windows might not increase local, useful arms. Libraries shall help today days. Advanced demands may answer social, added facilities. Then chief movements return after a sides.           | Jewelry                                            | mens watch                                         |           11.96 |            4094.38 |    1.1229074009349709
 AAAAAAAAHLDBAAAA | Projects might like to a features. Implicit hopes alleviate here. Statistical steps deposit markets. Newspapers get with a windows. Weeks apply basically at a courses. Vulnerable programmes might      | Jewelry                                            | mens watch                                         |           72.71 | 3980.7300000000005 |    1.0917382309712014
 AAAAAAAAIFAEAAAA | Parents consist there from a proposals; per                                                                                                                                                              | Jewelry                                            | mens watch                                         |            1.36 | 1503.2800000000002 |    0.4122832364552199
 AAAAAAAAIHNDAAAA | Civil, fresh pictures could assess finally reforms; urban, good men paint with a visitors. Faint                                                                                                         | Jewelry                                            | mens watch                                         |           77.88 |  5673.070000000001 |     1.555872266136059
 AAAAAAAAIKKAAAAA | Trees create hitherto with a hearts. Special, japan                                                                                                                                                      | Jewelry                                            | mens watch                                         |            3.54 | 10894.909999999996 |     2.987992094412443
 AAAAAAAAILEAAAAA | Rates should say in a players. Trouble                                                                                                                                                                   | Jewelry                                            | mens watch                                         |            0.41 |           16934.82 |     4.644472352713125
 AAAAAAAAJEAAAAAA | Almost national disciplines face carefully at a groups. Always dry members get ago usual, actual arguments. Thus beautiful words can take never.                                                         | Jewelry                                            | mens watch                                         |            3.39 |            7628.84 |     2.092253502740035
 AAAAAAAAJFEEAAAA | Tired, following men revise. Positive, fast fortunes will abandon more. Events will not leave. Dynamic, aware places may break in between elsewhere white shares. Members                                | Jewelry                                            | mens watch                                         |            2.59 |              370.8 |   0.10169404507317034
 AAAAAAAAJKDDAAAA | Agricultural, constant years woul                                                                                                                                                                        | Jewelry                                            | mens watch                                         |            0.58 | 15722.789999999999 |     4.312066113635361
 AAAAAAAAKLODAAAA | Others play more islamic times. Views lose again sufficient, certain areas. Detailed partners ought to take final universities. Broadly economic mon                                                     | Jewelry                                            | mens watch                                         |             1.2 |             4148.3 |    1.1376952728614687
 AAAAAAAAKNJDAAAA | Inherent, wonderful accidents must not make students; heavy, long-term points might not pass. Plans fall tenants; payments try also high le                                                              | Jewelry                                            | mens watch                                         |            2.84 |            10496.4 |     2.878698421537285
 AAAAAAAAKPMBAAAA | Then broad months strike again years; problems pronounce ahead homes; national, intensive                                                                                                                | Jewelry                                            | mens watch                                         |            6.75 | 13698.579999999998 |     3.756914811106876
 AAAAAAAALEFCAAAA | Enough social rates arrange almost. Electronic farmers happen perfectly only obvious sources; conditions conceive just most small studi                                                                  | Jewelry                                            | mens watch                                         |            1.51 |            4502.43 |     1.234817473998906
 AAAAAAAALIMAAAAA | Ever eff                                                                                                                                                                                                 | Jewelry                                            | mens watch                                         |            2.74 |            2139.15 |    0.5866742624548876
 AAAAAAAALPCAAAAA | Great workers may find there asian newspapers; young, local years mark in a years. Chief bodies would not let most s                                                                                     | Jewelry                                            | mens watch                                         |            0.66 | 1481.1399999999999 |    0.4062112133756082
 AAAAAAAAMCIBAAAA | Women recover by the children. Marginal, new amounts elect yet in an adults; front,                                                                                                                      | Jewelry                                            | mens watch                                         |           27.72 |           20222.67 |      5.54618423538255
 AAAAAAAAMFLDAAAA | Teams scream in a preferen                                                                                                                                                                               | Jewelry                                            | mens watch                                         |            5.33 |            8727.16 |    2.3934741165069293
 AAAAAAAAMIDCAAAA | Most international volumes can take. Chief tales stretch never years; traditional, important styles would live and so on in an players. Additional, additional crowds cannot kee                         | Jewelry                                            | mens watch                                         |            9.44 | 3137.0499999999997 |      0.86035411029339
 AAAAAAAAMNBAAAAA | Hard, back awards must create at least central, general years. Empty emissions ought to differ european, other settlements. Unexpected countries tell theoretically appropr                              | Jewelry                                            | mens watch                                         |            3.69 |             268.37 |    0.0736020250169545
 AAAAAAAANHPCAAAA | Large, impressive customers satisfy alive ho                                                                                                                                                             | Jewelry                                            | mens watch                                         |            5.08 |            9388.93 |    2.5749683673377595
 AAAAAAAAOHODAAAA | Rather unusual cases could get quite in the miners                                                                                                                                                       | Jewelry                                            | mens watch                                         |            3.17 |           13040.27 |    3.5763694852921013
 AAAAAAAAOIMDAAAA | More permanent championships would work in the parents. Scientific servants break certainly full, different travellers. Then amazing lines take facilities. Players register v                           | Jewelry                                            | mens watch                                         |            3.19 |           12524.43 |      3.43489738116442
 AAAAAAAAOKEDAAAA | Faint, large fees could go so. Hands will respect now sales. Significant, professional miles match probably only, british men. Modern, useful children bring only,                                       | Jewelry                                            | mens watch                                         |            2.45 |           10165.26 |     2.787881360896698
 AAAAAAAAONICAAAA | Glad characteristics support just unemployed ways; years could take known, pink services. Particular, successful                                                                                         | Jewelry                                            | mens watch                                         |            2.64 | 3015.9100000000003 |    0.8271307645000681
 AAAAAAAAOOADAAAA | Formal, british developments shall not say drinks. Occasional, special manuf                                                                                                                             | Jewelry                                            | mens watch                                         |            3.42 |            1004.96 |   0.27561609368051043
 AAAAAAAAPBDDAAAA | Internal influences must not take to a structures. Cheap types join comparisons. Involved, greek difficulties cannot allow especially almost acc                                                         | Jewelry                                            | mens watch                                         |            2.48 |            13185.5 |    3.6161996529457596
 AAAAAAAAAABAAAAA | Boats see also fair numbers; new, strict parts confirm at least low doubts. Problems make well readers; full-time, only mile                                                                             | Jewelry                                            | pendants                                           |            8.83 |            3457.68 |    0.9812665463931585
 AAAAAAAAADIAAAAA | Detailed, english types shall not want high static carers; never other planes could not know just endless huge rules. Expressions go still positions. Hard drawi                                         | Jewelry                                            | pendants                                           |            3.63 |            4741.53 |     1.345614622440351
 AAAAAAAAAEBCAAAA | Free pilots shall smell almost different, likely towns; dirty lives could remember never aboard a mind                                                                                                   | Jewelry                                            | pendants                                           |            9.71 |             2928.9 |    0.8312023055143686
 AAAAAAAAAFJCAAAA | Questions should make exclusively back, total miles. Scientific, final communities put memories. Computers see presumably suitable, useful principles; enough small hands end so children                | Jewelry                                            | pendants                                           |            2.59 |  9132.869999999999 |    2.5918476561040014
 AAAAAAAAAIJDAAAA | Now relevant things win final eyes; tomorrow                                                                                                                                                             | Jewelry                                            | pendants                                           |            4.27 |             5718.1 |    1.6227586818128685
 AAAAAAAAAMABAAAA | Lessons transfer yet enough empty wives; later relevant demands used to defend; future women a                                                                                                           | Jewelry                                            | pendants                                           |             3.2 |            5780.91 |      1.64058374132646
 AAAAAAAABAFBAAAA | Hours let almost ill old areas. Nearly distant ways su                                                                                                                                                   | Jewelry                                            | pendants                                           |           13.64 |            4830.45 |    1.3708495259899216
 AAAAAAAABIJBAAAA | Horses cannot plant maybe standards; in particular classic needs keep readily under late members; current, political techniques protest extra o                                                          | Jewelry                                            | pendants                                           |            4.98 |            1158.61 |   0.32880579848817043
 AAAAAAAACFOBAAAA | High, responsible thanks feel national words                                                                                                                                                             | Jewelry                                            | pendants                                           |            7.72 | 3972.4700000000003 |    1.1273605184836162
 AAAAAAAACHKAAAAA | Candida                                                                                                                                                                                                  | Jewelry                                            | pendants                                           |           81.54 | 478.15999999999997 |   0.13569862214645445
 AAAAAAAAEJJAAAAA | Scottish, important cases see shots. Late forms could move famous folk. Happy, possible losses will control typically within the yards. That is high days used to take hands                             | Jewelry                                            | pendants                                           |            2.14 |            1626.24 |    0.4615160767932284
 AAAAAAAAELMCAAAA | Doors can ensure well numerous names. Able, available views organize. Here significant margins add. Instead relevant ears use possi                                                                      | Jewelry                                            | pendants                                           |            3.19 |            2631.65 |    0.7468447360124579
 AAAAAAAAENKBAAAA | Natural, mental proportions might know sensible, brown drugs. Political, large views would research often goals; successful, social words persuade far often ne                                          | Jewelry                                            | pendants                                           |            5.84 | 1510.1100000000001 |    0.4285591565366872
 AAAAAAAAENMDAAAA | Good, informal rights woul                                                                                                                                                                               | Jewelry                                            | pendants                                           |            0.83 |            1962.56 |     0.556961451982068
 AAAAAAAAEOFDAAAA | Sweetly similar mothers state specifically only ultimate authorities. New, un                                                                                                                            | Jewelry                                            | pendants                                           |            0.09 |            4256.22 |    1.2078868779324543
 AAAAAAAAFLBCAAAA | Examples drive still important, doubtful facilities. Political, christian women might come usually                                                                                                       | Jewelry                                            | pendants                                           |            0.91 |            6369.82 |    1.8077124755749718
 AAAAAAAAFLIBAAAA | Individual, full sales talk gently also underlying patient                                                                                                                                               | Jewelry                                            | pendants                                           |            4.25 |            2497.77 |    0.7088504840194695
 AAAAAAAAFMGCAAAA | Nice, due losses drive neither early banks. New, separate skills may not determine often comforta                                                                                                        | Jewelry                                            | pendants                                           |            0.32 |           14039.48 |    3.9843108826599978
 AAAAAAAAGDEDAAAA | Flexible, special rises use still future things. Scientific, new words lift then especially short devices. Able, diffic                                                                                  | Jewelry                                            | pendants                                           |            5.89 |  8731.419999999998 |    2.4779188208591165
 AAAAAAAAGLGCAAAA | Legs could retrieve in short military managers. Old, bus                                                                                                                                                 | Jewelry                                            | pendants                                           |            4.49 |            10768.7 |     3.056085311001598
 AAAAAAAAHDPDAAAA | Statistical german                                                                                                                                                                                       | Jewelry                                            | pendants                                           |            2.08 |            7986.86 |    2.2666176536653655
 AAAAAAAAHEGCAAAA | Also old workers su                                                                                                                                                                                      | Jewelry                                            | pendants                                           |            6.51 |            4147.07 |    1.1769108351700204
 AAAAAAAAHJLBAAAA | Solid paths agree neither with the humans. Other, level cases deal measures. Sensitive arts shall avoid immediately from the years; most different benefits withdraw from the vehicles.                  | Jewelry                                            | pendants                                           |            1.24 |            3924.12 |    1.1136391106268715
 AAAAAAAAIBODAAAA | Careful, foll                                                                                                                                                                                            | Jewelry                                            | pendants                                           |            8.57 |           10090.14 |    2.8635145040673122
 AAAAAAAAIIFBAAAA | Daughters come basic men. Minds should not know in the departments. Please pale cases enter here operations. Likely houses must keep tonight. Great, basic players                                       | Jewelry                                            | pendants                                           |            2.66 |            4773.08 |      1.35456830223105
 AAAAAAAAIIOCAAAA | Broad, main feelings shall adjust thereby over the stories. Young engineers enforce then main methods;                                                                                                   | Jewelry                                            | pendants                                           |            3.27 |            1199.69 |    0.3404640287830014
 AAAAAAAAJCBBAAAA | Married, daily designs must control fast to a windows. Open, large proposals should rid totally in the prisoners; groups might belong northern g                                                         | Jewelry                                            | pendants                                           |            4.59 |            2043.52 |    0.5799373605670123
 AAAAAAAAJCEBAAAA | Very recent reservations shall not provide. Simple, only trains shall not attempt else in a colleges. Social cases must not play even ou                                                                 | Jewelry                                            | pendants                                           |            3.92 |  4134.799999999999 |     1.173428690921783
 AAAAAAAAKBLAAAAA | Journalists control. Commercial, specific years pick. Closed, w                                                                                                                                          | Jewelry                                            | pendants                                           |            2.03 |           10471.83 |    2.9718355829678478
 AAAAAAAAKEMAAAAA | Palestinian terms should find at first social, chief dreams. Strong women fly males. Here poor ports would see never hard months; titles may come into a terms. Video-tape                               | Jewelry                                            | pendants                                           |            3.97 |           21096.42 |     5.987023436136241
 AAAAAAAAKFBAAAAA | Royal, powerful processes meet moreover words. Later civil numbers ought to read other changes; units get units;                                                                                         | Jewelry                                            | pendants                                           |             2.8 | 2200.5699999999997 |     0.624507104184422
 AAAAAAAAKIPBAAAA | Associations can question beds. Far odd seats must give in order economic weapons. Strong, very costs will develop average g                                                                             | Jewelry                                            | pendants                                           |            6.98 |            8385.22 |    2.3796695674981025
 AAAAAAAAKKGAAAAA | Farmers ought to get                                                                                                                                                                                     | Jewelry                                            | pendants                                           |             8.8 |               5915 |     1.678637589920274
 AAAAAAAAKPLCAAAA | Then little laws would include sometimes hence other sequences; american prisoners hold important, eligible words. True guns will bring double countries. Patients shall verify quite suggesti           | Jewelry                                            | pendants                                           |           62.97 |            9669.49 |    2.7441368367469465
 AAAAAAAALAJCAAAA | Badly sure problems comment too open products. Able times must not drink possible, splendid families. Over there small directors may remember also ove                                                   | Jewelry                                            | pendants                                           |            4.52 |           13718.16 |    3.8931224075301274
 AAAAAAAALBHDAAAA | About corresponding times provide truly aware, american kids. Complete, french minutes might                                                                                                             | Jewelry                                            | pendants                                           |           70.07 |            5803.43 |    1.6469747672816593
 AAAAAAAALDFAAAAA | Ships might think unique, old matters. Alternative women work through the others. Real, afraid fires ought to look soon middle, other months; now other members might not                                | Jewelry                                            | pendants                                           |            5.56 |             1240.3 |   0.35198887620931796
 AAAAAAAALJEEAAAA | Sound considerations discard then on the notes; atomic contents used to look fun, growing ways. Rapidly equal results should fill with a clothes. Areas will make general poi                            | Jewelry                                            | pendants                                           |            6.73 |  7406.719999999999 |    2.1019777869846643
 AAAAAAAALPEBAAAA | New, top flames will provide with a                                                                                                                                                                      | Jewelry                                            | pendants                                           |           16.23 |            2821.43 |     0.800703035558539
 AAAAAAAAMAFDAAAA | Particular con                                                                                                                                                                                           | Jewelry                                            | pendants                                           |            2.32 |                525 |   0.14899150206392964
 AAAAAAAAMAOAAAAA | Possible affairs may tell taxes. Direct days will give seriously sad po                                                                                                                                  | Jewelry                                            | pendants                                           |            7.38 |            2689.77 |    0.7633388047742781
 AAAAAAAAMCFAAAAA | Liable, specific metals make simply ordinary students. Local, christian servi                                                                                                                            | Jewelry                                            | pendants                                           |            3.87 |             637.51 |    0.1809210904395729
 AAAAAAAAMEMDAAAA | Once grey s                                                                                                                                                                                              | Jewelry                                            | pendants                                           |            0.12 |  4269.360000000001 |    1.2116159223841119
 AAAAAAAAMKGAAAAA | Occasionally specific officials know. Scientists used to                                                                                                                                                 | Jewelry                                            | pendants                                           |            4.34 | 11747.429999999998 |    3.3338423639826065
 AAAAAAAANFAEAAAA | Military, new hills help only                                                                                                                                                                            | Jewelry                                            | pendants                                           |            0.41 |            4644.56 |       1.3180951825258
 AAAAAAAANFFCAAAA | Remote, right buildings design into a critics. Interpretations talk proba                                                                                                                                | Jewelry                                            | pendants                                           |            2.24 |               2808 |    0.7968916910390751
 AAAAAAAANMFBAAAA | Late new men tell changes; instructions would explain now also high                                                                                                                                      | Jewelry                                            | pendants                                           |            8.54 |            2054.43 |    0.5830335458765693
 AAAAAAAAOACEAAAA | Words result half little varieties. Obvious problems prepare things. Trees may not produce. Spectacular commu                                                                                            | Jewelry                                            | pendants                                           |            20.1 |            5760.58 |    1.6348142227798699
 AAAAAAAAOCJAAAAA | Different boys used to run more moreover physical officers. Quiet ideas could not move more lucky persons. Ethnic words undermine perhaps words; short vital newspapers must keep yellow shar            | Jewelry                                            | pendants                                           |           33.39 |           10532.86 |    2.9891554903411084
 AAAAAAAAOJGAAAAA | As male mines escape nowhere                                                                                                                                                                             | Jewelry                                            | pendants                                           |            3.66 |            1454.99 |    0.4129164677866609
 AAAAAAAAOJKCAAAA | Supreme roads can cause pieces.                                                                                                                                                                          | Jewelry                                            | pendants                                           |            1.05 |  6269.679999999999 |    1.7792934107812917
 AAAAAAAAOKCAAAAA | Glasses could not satisfy particular employees; i                                                                                                                                                        | Jewelry                                            | pendants                                           |            6.34 |               5992 |    1.7004896768896502
 AAAAAAAAOLFCAAAA | Years find never fortunate women. Youngsters announce never good resources. British processes emerge massive, scottish fees. Real lengths might manage feelings;                                         | Jewelry                                            | pendants                                           |            0.61 |           12577.22 |     3.569331237311423
 AAAAAAAAOLGDAAAA | Present, slim databases incorporate devices; calls shall defend. Maximum wages might not work at a students. Always legal officers shall se                                                              | Jewelry                                            | pendants                                           |            9.94 |           15653.53 |      4.44236751867197
 AAAAAAAAOODBAAAA | Left reforms read. Senior, super numbers know so white qualifications. Educational, other matches help quite in a galleries; however full w                                                              | Jewelry                                            | pendants                                           |            2.33 |            4539.26 |    1.2882117441118346
 AAAAAAAAOODEAAAA | Interests will discover traditionally necessary rights; else followi                                                                                                                                     | Jewelry                                            | pendants                                           |            7.53 | 15374.489999999998 |     4.363177825841648
 AAAAAAAAPDOCAAAA | Then wild member                                                                                                                                                                                         | Jewelry                                            | pendants                                           |            5.13 |           11708.58 |    3.3228169928298765
 AAAAAAAAPMEAAAAA | Authorities establish quite to the genes. Also potential americans cannot make years. Cool social terms get almost things. Ever different users can fly. Les                                             | Jewelry                                            | pendants                                           |            4.04 |            5142.57 |    1.4594271024169574
 AAAAAAAAPMICAAAA | At first determined sessions belong always. Easy silly losses could not ban just then giant improvem                                                                                                     | Jewelry                                            | pendants                                           |           40.57 | 4365.7699999999995 |    1.2389764380297943
 AAAAAAAAADDCAAAA | Subject women allow firmly. Always like commitments ought to want however. Grounds might take again; black, large pieces charge                                                                          | Jewelry                                            | rings                                              |            3.09 |               44.7 |   0.01329545961541321
 AAAAAAAAADMBAAAA | Well                                                                                                                                                                                                     | Jewelry                                            | rings                                              |            1.54 |  7393.200000000001 |     2.199015481625793
 AAAAAAAAAGOAAAAA | Real forests trade adequ                                                                                                                                                                                 | Jewelry                                            | rings                                              |            1.23 |            4581.45 |    1.3626953793072674
 AAAAAAAABAIBAAAA | Central, public amounts cannot give annual, sweet honours. Round, human goods used to say o                                                                                                              | Jewelry                                            | rings                                              |            0.12 |  784.4100000000001 |   0.23331300843235522
 AAAAAAAABCKDAAAA | Problems used to accept medical, able children. Small, national lives work for a objects. Certainly fun others might go so clear businesses. Policies would find here                                    | Jewelry                                            | rings                                              |            4.85 |  6258.150000000001 |    1.8614089617941427
 AAAAAAAABGHCAAAA | Safely rich accountants should not give so. Statutory, large countries might not remove qu                                                                                                               | Jewelry                                            | rings                                              |            4.75 |             236.16 |   0.07024285778022335
 AAAAAAAABKDCAAAA | Ends issue right subjects. Original, local workers may not dare essential users. Old, australian elements could not allow surprising factors. Phrases ought to excuse o                                  | Jewelry                                            | rings                                              |           11.18 |            7629.64 |     2.269341621927097
 AAAAAAAACBACAAAA | Children arrest                                                                                                                                                                                          | Jewelry                                            | rings                                              |            1.71 |            9950.19 |     2.959560387263722
 AAAAAAAACDFEAAAA | Most weak problems see good resources. Different, local lights ought to seem carefully friends. Schemes must go occasionally less co                                                                     | Jewelry                                            | rings                                              |             1.5 |            8770.45 |    2.6086613821924116
 AAAAAAAADFJCAAAA | Ethnic, old historians achieve more flat months. Other, detailed needs see by the police. Keen, related countries convince as then economic standards. Local participants would turn                     | Jewelry                                            | rings                                              |            0.34 |           16878.42 |     5.020276319507441
 AAAAAAAADMFCAAAA | General pages choose for instance young, right areas. But male appeals could not consume statements. Fortunes play important arms; units put a                                                           | Jewelry                                            | rings                                              |           39.87 |             612.61 |   0.18221323299772454
 AAAAAAAADNFBAAAA | Earlier dependent interpretations integrate abroad similar, single principles. Girls used to watch windows; perhaps good details shall not buy. Young representations receive. Purely new fam            | Jewelry                                            | rings                                              |            2.74 |            6172.26 |    1.8358620484525803
 AAAAAAAAEADAAAAA | Lessons might not accept again regular, spare levels; magazines must not put bodies. Standards must occur there; as likely mi                                                                            | Jewelry                                            | rings                                              |            4.38 |            1179.46 |   0.35081572255022964
 AAAAAAAAEAEAAAAA | Years return as possible courses. Years reduce fundamentally corporate systems. Long, formal facilities might look once full, part-time conditions. Japanese babies might not contain human groups. At   | Jewelry                                            | rings                                              |             0.4 |  570.9599999999999 |   0.16982495798694242
 AAAAAAAAECEBAAAA | Directly english contributions take more past villages. Gra                                                                                                                                              | Jewelry                                            | rings                                              |           25.44 | 11968.080000000002 |    3.5597566960634133
 AAAAAAAAECEDAAAA | Perfect, good titles determine very books. Terms focus from a pla                                                                                                                                        | Jewelry                                            | rings                                              |            1.53 |            9158.85 |    2.7241861364346147
 AAAAAAAAEEPAAAAA | Years stop apparent, able legs. Young events cannot care collective, just men. Dark patients may sense. Pages shall come. Ideas a                                                                        | Jewelry                                            | rings                                              |            6.19 |            7049.01 |    2.0966404425871112
 AAAAAAAAEICAAAAA | Then other circumstances minimise eventually; helpful honours migh                                                                                                                                       | Jewelry                                            | rings                                              |            6.99 |            5691.43 |    1.6928451391264252
 AAAAAAAAEINDAAAA | W                                                                                                                                                                                                        | Jewelry                                            | rings                                              |            1.25 | 12566.130000000001 |     3.737639237964931
 AAAAAAAAEJMDAAAA | So foreign feelings might not see on a men. Others take thin, american allegations. Women ought to imagine.                                                                                              | Jewelry                                            | rings                                              |             4.4 |  9210.460000000001 |    2.7395368896952745
 AAAAAAAAELCDAAAA | Social, social children used to ratify leaders. Women flus                                                                                                                                               | Jewelry                                            | rings                                              |            8.21 | 22432.309999999998 |     6.672211894528633
 AAAAAAAAEMNDAAAA | Once other bodies accept still ago political problems.                                                                                                                                                   | Jewelry                                            | rings                                              |            8.87 |  6582.860000000001 |     1.957989916866197
 AAAAAAAAEOEAAAAA | Often married companies touch common conditions. Major, innocent materials tell popular,                                                                                                                 | Jewelry                                            | rings                                              |            3.98 |           10690.83 |    3.1798545530256828
 AAAAAAAAFICBAAAA | Simple, desperate classes shall not                                                                                                                                                                      | Jewelry                                            | rings                                              |            7.38 |            5349.84 |    1.5912434377834945
 AAAAAAAAGICBAAAA | Principles change therefore concentrations. New leaders might not perform mainly very provisions. Poor, empty numbers must make also local sources. Great, afraid re                                     | Jewelry                                            | rings                                              |            2.19 |           11487.78 |    3.4168974286521605
 AAAAAAAAGOOAAAAA | Really upper workers stay usually leaders. Areas will not take. Mad habits should not increase other, possible differences. Complex, electrical sales can get comprehensive colours. Black,              | Jewelry                                            | rings                                              |            9.03 |            3536.39 |     1.051855266875864
 AAAAAAAAHMOBAAAA | Prices talk slowly terms. Decisive, british aspects ought to enter still. Democratic                                                                                                                     | Jewelry                                            | rings                                              |            1.58 |           14867.71 |     4.422215612498325
 AAAAAAAAHNEBAAAA | Recently grand ears should return upright national, fresh details. Partial, following enquiries let also large                                                                                           | Jewelry                                            | rings                                              |            5.45 |            1946.12 |    0.5788492140212071
 AAAAAAAAHPCBAAAA | Right dependent farmers go most certain areas. Amazing, appropriate g                                                                                                                                    | Jewelry                                            | rings                                              |            4.25 |            2765.82 |     0.822658794485507
 AAAAAAAAIAPCAAAA | Obvious,                                                                                                                                                                                                 | Jewelry                                            | rings                                              |            5.87 |           16926.32 |     5.034523579363779
 AAAAAAAAIGADAAAA | Intermediate subjects put then solid, sweet branches. Women fall                                                                                                                                         | Jewelry                                            | rings                                              |            1.91 | 4354.1900000000005 |    1.2950997159471154
 AAAAAAAAJMLCAAAA | Industrial, continental months c                                                                                                                                                                         | Jewelry                                            | rings                                              |            3.17 |            7161.42 |     2.130075400425335
 AAAAAAAAKAPDAAAA | Problems ought to gain today surfaces. Great, political months write directly peculiar, impossible doctors. Comfortable, young men shall mark less figures; large, wonderful owners occur here esse      | Jewelry                                            | rings                                              |            1.68 |            7036.68 |    2.0929730372837994
 AAAAAAAAKFCDAAAA | Carefully male tasks shall demonstrate anyway from a hands. Digital, standard talks forget elsewhere in no creditors. Small, deaf lengths sho                                                            | Jewelry                                            | rings                                              |            5.08 |            4374.62 |     1.301176365610267
 AAAAAAAAKJKDAAAA | Unions could move please free voices. Previous animals will car                                                                                                                                          | Jewelry                                            | rings                                              |            6.84 |            7246.32 |    2.1553278505673616
 AAAAAAAAKKLAAAAA | Unique proceedings meet different studies. Usual specialists talk. Improvements notice. Solid features sho                                                                                               | Jewelry                                            | rings                                              |            1.72 | 12897.310000000001 |     3.836144614149105
 AAAAAAAAKMMBAAAA | Sciences appr                                                                                                                                                                                            | Jewelry                                            | rings                                              |            2.84 | 3354.6400000000003 |    0.9977959875671092
 AAAAAAAALCECAAAA | Aware                                                                                                                                                                                                    | Jewelry                                            | rings                                              |            2.58 |             323.38 |      0.09618536309692
 AAAAAAAALCMDAAAA | Political, different resources can tr                                                                                                                                                                    | Jewelry                                            | rings                                              |            1.35 |             872.14 |    0.2594072069124492
 AAAAAAAALEDEAAAA | Public sources would get previous, big barriers. Long constitutional years must not educate never in a views. Successful workers walk then enough new applications. Anonymous, d                         | Jewelry                                            | rings                                              |           96.89 |            1356.62 |    0.4035097633884087
 AAAAAAAAMAFCAAAA | Similarly other colleges used to signify home british, estimated communities; bas                                                                                                                        | Jewelry                                            | rings                                              |           20.44 |            1632.52 |    0.4855727904106124
 AAAAAAAAMCCEAAAA | National measurements swing so sole states. Most regular cheeks would use also broad various eyes. Very silver depths greet in order effecti                                                             | Jewelry                                            | rings                                              |           90.38 |             2990.4 |    0.8894573251438851
 AAAAAAAAMEDAAAAA | New pp. should develop into the roles. Common, vital appeals should not make fully economic, funny investors. Groups thank more by the areas. Special times serve perhaps warm words.                    | Jewelry                                            | rings                                              |             1.6 |            5225.62 |    1.5542957421811092
 AAAAAAAAMFFBAAAA | Members upset right confident bacteria. Successful, similar customers let very. British, vulnerable definitions can damage. Concerned, moving conditions might not                                       | Jewelry                                            | rings                                              |            4.84 |            2800.94 |    0.8331048021296528
 AAAAAAAAMICDAAAA | Internal animals must                                                                                                                                                                                    | Jewelry                                            | rings                                              |            5.15 |             130.72 |   0.03888103984176319
 AAAAAAAAMIODAAAA | Political heels will publish most u                                                                                                                                                                      | Jewelry                                            | rings                                              |            3.09 |            2573.98 |    0.7655983700420872
 AAAAAAAAMOFBAAAA | Questions buy however characters. Outdoor, various details focus indeed light payments. Effectively natural paintings see with a sources. Whole conclusion                                               | Jewelry                                            | rings                                              |            4.82 |            7420.71 |    2.2071979893219904
 AAAAAAAANNEBAAAA | Figures should go much blind, vital strategies; possible, new sessions might lead perhaps; projects call studies. Social,                                                                                | Jewelry                                            | rings                                              |            1.85 |           12335.94 |    3.6691720825091823
 AAAAAAAAOAFDAAAA | Negotiations avoid moral, strong animals. Fresh movements choose very with the groups. Points may hide yet european islands; just specific men can hear c                                                | Jewelry                                            | rings                                              |            7.13 |            2855.22 |    0.8492497137163335
 AAAAAAAAOIMAAAAA | Now fine areas play united schemes. Long-term days used to run all in a women. Single mon                                                                                                                | Jewelry                                            | rings                                              |            2.38 |            2164.07 |      0.64367573355542
 AAAAAAAAOLCCAAAA | International proposals see finally. Constantly young effects used to look very together main judges. Panels get rights.                                                                                 | Jewelry                                            | rings                                              |            7.58 |            8727.37 |    2.5958477714489665
 AAAAAAAAPBAAAAAA | In order small styles take else whole toys. Moreover old directors could change available shops. Already mixed attempts go c                                                                             | Jewelry                                            | rings                                              |            5.85 |            3430.25 |    1.0202852426347018
 AAAAAAAAPELBAAAA | Early brit                                                                                                                                                                                               | Jewelry                                            | rings                                              |            4.12 |           11647.94 |    3.4645350307104286
 AAAAAAAAADNAAAAA | Then academic games will become guilty programs. Accounts believe. Various, complete re                                                                                                                  | Jewelry                                            | semi-precious                                      |            7.42 |            8535.77 |    2.4227433152933995
 AAAAAAAAAHADAAAA | Matters meet on a styles. Greatly central exhibitions must accelerate across women. Current patients adopt nearly nuclear                                                                                | Jewelry                                            | semi-precious                                      |            1.05 |            6499.68 |    1.8448313709889328
 AAAAAAAAAHJBAAAA | Chinese, representative opportunities develop pieces. Certainly bad characteristics take orders. Internal clothes must start frames; animals investig                                                    | Jewelry                                            | semi-precious                                      |            4.49 |            3631.96 |    1.0308744039978837
 AAAAAAAAAIDCAAAA | Possible times might exist trying schools. Companies can let also women. Hard, foreign nations used to prot                                                                                              | Jewelry                                            | semi-precious                                      |            0.61 | 3657.0999999999995 |       1.0380099953911
 AAAAAAAAAMJCAAAA | Reliable, possible attempts play relevant, normal brothers; potatoes will                                                                                                                                | Jewelry                                            | semi-precious                                      |            3.76 |           14142.43 |     4.014105083021781
 AAAAAAAAANDEAAAA | Groups should seem basic, rational stores. Months should not hope finally mice. Possible, northern employees become long by a stages. Responsible, permanent rooms go slowly at a                        | Jewelry                                            | semi-precious                                      |            2.11 |            6278.67 |    1.7821011779175409
 AAAAAAAABNGCAAAA | Subsequently desirable professionals may not write annually economic possible games. New, constitutional miners help; ways enjoy occasionally both financial arrange                                     | Jewelry                                            | semi-precious                                      |           65.67 | 11045.279999999999 |     3.135028039127563
 AAAAAAAACAIBAAAA | Subsequent services will not find contributions; dry, religious styles share so. Negative stars should lighten either movements. Wounds pay most big                                                     | Jewelry                                            | semi-precious                                      |            1.84 |            7722.21 |    2.1918271763170565
 AAAAAAAACCNCAAAA | So social feet open records. Men would act later statutory women. Often inc targets shall come rather                                                                                                    | Jewelry                                            | semi-precious                                      |            1.54 |           13178.03 |     3.740375395686139
 AAAAAAAACIFEAAAA | Hot, local books describe today magnetic, japanese animals. Local names give very; mistakes help suddenly often high months.                                                                             | Jewelry                                            | semi-precious                                      |            5.26 |            1415.05 |    0.4016395624889055
 AAAAAAAACIPDAAAA | High facts keep in                                                                                                                                                                                       | Jewelry                                            | semi-precious                                      |           73.38 |  7300.299999999999 |    2.0720746956204774
 AAAAAAAACNHDAAAA | Then powerful ladies may occur as distinctive only words. Children must expire for a troops. Adverse, economic rights drea                                                                               | Jewelry                                            | semi-precious                                      |            1.04 |            1195.08 |    0.3392045569691821
 AAAAAAAADLKBAAAA | Men use too positive depths. Shared, diffe                                                                                                                                                               | Jewelry                                            | semi-precious                                      |               2 |            8536.89 |    2.4230612095798114
 AAAAAAAAEEHCAAAA | Good, damp police forget like a years. Potentially due arms think calmly as new dealers. Corporate protests would not present only. Also british parties should decide                                   | Jewelry                                            | semi-precious                                      |            9.82 |            5019.51 |    1.4247085264186325
 AAAAAAAAEGPDAAAA | Full mothers will not command very prime, select rights. Doors might receive national, able barriers. Deta                                                                                               | Jewelry                                            | semi-precious                                      |            2.97 |            5702.25 |    1.6184934774052941
 AAAAAAAAEKADAAAA | Always internal days calm now trying, huge things. Too light officers can use too spec                                                                                                                   | Jewelry                                            | semi-precious                                      |           35.79 |            5699.51 |    1.6177157717403214
 AAAAAAAAELBDAAAA | Else final operations can give decidedly in a employers. Over ultimate visitors will believe in a arrangement                                                                                            | Jewelry                                            | semi-precious                                      |             3.3 |            2436.55 |    0.6915761817478837
 AAAAAAAAEMJBAAAA | Always legal attempts cannot know on a magistrates. Red, universal sales manage small, well-known team                                                                                                   | Jewelry                                            | semi-precious                                      |            1.55 |            1307.78 |    0.3711926695394091
 AAAAAAAAENCBAAAA | Unique, possible conditions may share. Prospective, free grounds might cha                                                                                                                               | Jewelry                                            | semi-precious                                      |             3.4 |           20101.71 |     5.705552460816831
 AAAAAAAAFDMCAAAA | Modern, urban territories might not ring that decisions. Also industrial bonds advise clean networks. Simple, heavy developments regard full shares; very associat                                       | Jewelry                                            | semi-precious                                      |            8.54 | 22435.879999999997 |     6.368069698776427
 AAAAAAAAFEKAAAAA | Police shall scrap there essential vegetables. Rates take then once tough owners. Extremely old authorities could fight well for certain international centuries. Bad, useful cities find                | Jewelry                                            | semi-precious                                      |            2.36 |            2942.76 |    0.8352558841806661
 AAAAAAAAFHHAAAAA | Implications may stop letters; north                                                                                                                                                                     | Jewelry                                            | semi-precious                                      |            6.05 |             705.76 |   0.20031881390916925
 AAAAAAAAGDFAAAAA | Goals remove virtually in a auditors. Wives explain asian, social decisions. Usually clear feet act clearly as a holidays. Mothers                                                                       | Jewelry                                            | semi-precious                                      |            4.53 |            3504.88 |    0.9948047558574715
 AAAAAAAAGDNDAAAA | Minutes could say difficult, national facilities. Largely critical others prove just royal, central characteristics. Diverse, professional resources should come desperate drawings. Reasons use         | Jewelry                                            | semi-precious                                      |            4.63 |            3758.09 |     1.066674409663214
 AAAAAAAAGIKCAAAA | Here natural activities go relative, recent tasks; reasonably short-term legs would not issue especially attractive free w                                                                               | Jewelry                                            | semi-precious                                      |            5.91 |            1828.64 |    0.5190305427721368
 AAAAAAAAGMHAAAAA | Cuts could like thousands; long, urban advisers shall find too old cases; details switch t                                                                                                               | Jewelry                                            | semi-precious                                      |            0.33 |            4846.86 |    1.3757045544998243
 AAAAAAAAGOKBAAAA | Parents will clinch obviously downstairs british indicators. Important,                                                                                                                                  | Jewelry                                            | semi-precious                                      |            3.26 |            2917.27 |    0.8280209508229457
 AAAAAAAAGPDCAAAA | Bitter companies decide economic, ordinary women; students talk there. Local ways quit as well radical, available boxes; records should not say canadian methods. Req                                    | Jewelry                                            | semi-precious                                      |            2.36 |            3645.13 |      1.03461250020507
 AAAAAAAAHAECAAAA | Early, similar populations teach so rules. General allies used to close then free, due deaths. More considerable pages should not remember final, numerous clients. Small, c                             | Jewelry                                            | semi-precious                                      |            4.93 |  4991.349999999999 |    1.4167157557888401
 AAAAAAAAHFNAAAAA | Labour conditions calculate just on the grounds; practical institutions produce; far major modules c                                                                                                     | Jewelry                                            | semi-precious                                      |            1.82 |            2590.18 |    0.7351816274813704
 AAAAAAAAIFMBAAAA | Implications must take about gentle corporations; needs could not hold intern                                                                                                                            | Jewelry                                            | semi-precious                                      |            7.46 |            9456.24 |     2.684004166912892
 AAAAAAAAIOAAAAAA | Natural, necessary shoulders work simply environmental places                                                                                                                                            | Jewelry                                            | semi-precious                                      |            1.94 |                644 |   0.18278921468701115
 AAAAAAAAIOABAAAA | Parental proposals face recently cheerful, regulatory sides. Conditions work as well fast difficult buildings. Prices indicate under. Customers ought to pay f                                           | Jewelry                                            | semi-precious                                      |            0.97 |           21667.27 |     6.149911906384218
 AAAAAAAAIOGDAAAA | Times call about detaile                                                                                                                                                                                 | Jewelry                                            | semi-precious                                      |            4.22 |  6467.709999999999 |      1.83575719211697
 AAAAAAAAIOJAAAAA | Western, possible men talk meanwhile like heads. Rights will not worry actually parts. Encouraging, conventional circumstances give quite. Members could not wriggle at a me                             | Jewelry                                            | semi-precious                                      |             0.6 |             647.04 |   0.18365207060727282
 AAAAAAAAIPKBAAAA | Accur                                                                                                                                                                                                    | Jewelry                                            | semi-precious                                      |            1.98 |            3257.19 |    0.9245018667490463
 AAAAAAAAJCFDAAAA | Eyes will ring                                                                                                                                                                                           | Jewelry                                            | semi-precious                                      |            8.43 |            2915.76 |    0.8275923612046578
 AAAAAAAAJGDEAAAA | Instead upper serv                                                                                                                                                                                       | Jewelry                                            | semi-precious                                      |           98.36 |            6840.14 |    1.9414655573745536
 AAAAAAAAKAPBAAAA | Principal, low families used to move ever cold min                                                                                                                                                       | Jewelry                                            | semi-precious                                      |            1.25 |            1904.89 |    0.5406728993247526
 AAAAAAAAKBKBAAAA | Authorities relax respective, big societies. Without electrical jobs will weigh only easy public outcomes. There cor                                                                                     | Jewelry                                            | semi-precious                                      |            8.01 |            4723.84 |    1.3407872731476564
 AAAAAAAAKCBDAAAA | Courses would play weeks; tired men identify also bright students. Young years could point once old funds; royal, different men should warm. Long,                                                       | Jewelry                                            | semi-precious                                      |            3.02 |            5137.51 |    1.4582009601656316
 AAAAAAAAKEJDAAAA | Agents could not keep risks. Often material parts must not last open with a properties. Authorities shall prove other, responsible pensions. Unlike, scientific parents c                                | Jewelry                                            | semi-precious                                      |            4.13 |           20407.97 |    5.7924795180995075
 AAAAAAAAKJIBAAAA | Fellow others may oppose. Women top english ministers. Producers get numbers. Good, formidable officers keep fresh children. Much recent patterns rap                                                    | Jewelry                                            | semi-precious                                      |            4.93 | 1242.8500000000001 |    0.3527633159530308
 AAAAAAAAKLFCAAAA | Critical, star sources see. Walls shall not recall at least with a wishes. Most private decis                                                                                                            | Jewelry                                            | semi-precious                                      |            0.51 |  7553.799999999999 |    2.1440266613396655
 AAAAAAAAKLHBAAAA | Academic, s                                                                                                                                                                                              | Jewelry                                            | semi-precious                                      |               2 |            6716.75 |    1.9064432573741958
 AAAAAAAALEEDAAAA | Women                                                                                                                                                                                                    | Jewelry                                            | semi-precious                                      |            5.41 |            6369.02 |    1.8077455964687388
 AAAAAAAALGBEAAAA | Corporate orders could not clear in particular official, national days. Variations would set recent, damp branches. Equally detailed building                                                            | Jewelry                                            | semi-precious                                      |           38.61 | 1724.6100000000001 |   0.48950327257976134
 AAAAAAAALHBDAAAA | Authorities maintain perhaps. Formally national shops move only current relationships. Young requirements seem exactly wi                                                                                | Jewelry                                            | semi-precious                                      |            3.89 |             1698.5 |    0.4820923620277771
 AAAAAAAALHDEAAAA | Subsequently past sales used to feel highly disti                                                                                                                                                        | Jewelry                                            | semi-precious                                      |            9.31 |  6339.959999999999 |    1.7994973750730792
 AAAAAAAAMDIAAAAA | Asleep, final hundreds get. Convincing, future members listen all. Local, huge                                                                                                                           | Jewelry                                            | semi-precious                                      |            1.21 |             805.97 |   0.22876183751753165
 AAAAAAAAMMOAAAAA | Standards could not come probably social services. Local, central aspirations will think today nuclear, fine studies. Truly ethnic gentlemen could not give just st                                      | Jewelry                                            | semi-precious                                      |            4.57 |            6651.74 |    1.8879911970530738
 AAAAAAAAMPFDAAAA | Females could not help only inside western areas. Important, black terms make. Election                                                                                                                  | Jewelry                                            | semi-precious                                      |            9.89 |            4562.16 |     1.294896962230582
 AAAAAAAANIDBAAAA | Importantly true groups could appeal increasingly yet estimat                                                                                                                                            | Jewelry                                            | semi-precious                                      |            8.07 | 7526.2699999999995 |    2.1362127062459804
 AAAAAAAAODMDAAAA | Yet female subjects know other results. Previous police might constitute here sure fast prices. Actually yellow forces put foreig                                                                        | Jewelry                                            | semi-precious                                      |             2.7 |             9368.2 |    2.6590154053274193
 AAAAAAAAOGDCAAAA | Social, long views could not refuse secure, armed ministers. Quiet books used to                                                                                                                         | Jewelry                                            | semi-precious                                      |           82.39 | 11957.190000000002 |    3.3938592701294774
 AAAAAAAAOHLCAAAA | Economic, open stru                                                                                                                                                                                      | Jewelry                                            | semi-precious                                      |            2.23 | 3356.0800000000004 |    0.9525702292341375
 AAAAAAAAOJMCAAAA | Specified words could not show from a settlements; wholly successful children stop other, great ways. Losses would not provide facilities. Specific, expert things would not look consider               | Jewelry                                            | semi-precious                                      |            1.97 |            3096.38 |      0.87885849157231
 AAAAAAAAPNIBAAAA | Others should not discern progressively most other shoulders. Still vital effects must start modern, new modules. At all significant minutes die all                                                     | Jewelry                                            | semi-precious                                      |            2.78 | 1706.7799999999997 |   0.48444250907375286
 AAAAAAAAAAEDAAAA | General men will pay all whole, particular men. Commercial, attractive others will track harder members; constantly local others may catch confidently also great demands. Inches                        | Jewelry                                            | womens watch                                       |            9.22 |            2439.76 |    0.8077680230194153
 AAAAAAAAADKDAAAA | Standards agree so amazing men; principles worry before statutory,                                                                                                                                       | Jewelry                                            | womens watch                                       |            5.58 |           10770.08 |    3.5658123050467845
 AAAAAAAAADMCAAAA | Necessary reports give low problems. Members may not work parliamentary conditions; german shoulders can speak just public, excellent thousands. White friends wil                                       | Jewelry                                            | womens watch                                       |            3.24 |                135 |   0.04469647961587248
 AAAAAAAAAEECAAAA | As pleasant illustrations avoid at least direct, judicial crews. Annual presents propose. Provisions execute weeks. Now northern links used to say symbolic, warm voices. Merely g                       | Jewelry                                            | womens watch                                       |            1.05 |            2668.12 |      0.88337460142742
 AAAAAAAAAEJAAAAA | Too important police used to employ yet by the shadows. Other leaders could cause newly. New conditions may offer other beds; memories shall fit however main appointments. Only young em                | Jewelry                                            | womens watch                                       |            5.83 |             1026.6 |    0.3398918961011458
 AAAAAAAAAJICAAAA | Still chief others should ride from a instruments. Big, following towns disclose variable fathers; indeed crucial posts may not float australian, general role                                           | Jewelry                                            | womens watch                                       |            2.69 |            5459.52 |    1.8075653658699862
 AAAAAAAABKLDAAAA | Other countries would speak for example able gardens. High forces enter nevertheless english eyes. Unusual acids celebrate yet. Conclusions benefit                                                      | Jewelry                                            | womens watch                                       |            0.57 |           14006.32 |     4.637282936099163
 AAAAAAAABMAAAAAA | As well original minutes distribute agai                                                                                                                                                                 | Jewelry                                            | womens watch                                       |            6.78 |            2221.55 |    0.7355219577084557
 AAAAAAAABNKBAAAA | Alone, main cars used to give most; afraid quantities reply here futures. Various, lonely parts ca                                                                                                       | Jewelry                                            | womens watch                                       |            2.48 | 7693.9800000000005 |     2.547361631369856
 AAAAAAAACAIDAAAA | Perha                                                                                                                                                                                                    | Jewelry                                            | womens watch                                       |            7.19 |            2682.75 |    0.8882183754776437
 AAAAAAAACDCDAAAA | Only, top words could make. Close, modern features examine fully; children shall think quite constant actions. Free men ought                                                                            | Jewelry                                            | womens watch                                       |            0.35 | 1321.3000000000002 |   0.43746265567742465
 AAAAAAAACDHCAAAA | Lips mean front, external appeals. Usually particular ideas ought to escape softly hot months. Organisations will find amongst a plants                                                                  | Jewelry                                            | womens watch                                       |            8.43 |             9331.7 |     3.089586213566202
 AAAAAAAACDPDAAAA | Indeed religious individuals minimise that criminal findings. Friends curb still                                                                                                                         | Jewelry                                            | womens watch                                       |            1.32 |            1030.33 |    0.3411268432786807
 AAAAAAAACICEAAAA | Full, similar movements see very years. Attacks can agree naturally. Al                                                                                                                                  | Jewelry                                            | womens watch                                       |            1.06 | 1645.7399999999998 |    0.5448798841705628
 AAAAAAAACKGCAAAA | Months make initially easy feet. Fortunate, right years follow sometimes individual polic                                                                                                                | Jewelry                                            | womens watch                                       |            2.24 |            4830.85 |     1.599422137424723
 AAAAAAAADGJBAAAA | Large, ready guns break perhaps years. Closer evident things settle religious, private modules. Stocks cause balls. Indeed only birds acquire clos                                                       | Jewelry                                            | womens watch                                       |            2.19 |  4217.969999999999 |    1.3965067416693455
 AAAAAAAADIEEAAAA | Armed, great values help skilfully bizarre months. Sexual,                                                                                                                                               | Jewelry                                            | womens watch                                       |            5.83 |             367.46 |   0.12166050666406299
 AAAAAAAAECHDAAAA | Private months ask then items. New rates get at the substances. Perfect, nice families must not ar                                                                                                       | Jewelry                                            | womens watch                                       |           42.99 |             825.84 |    0.2734232646368306
 AAAAAAAAEDBCAAAA | Measures provide nevertheless important records. Defi                                                                                                                                                    | Jewelry                                            | womens watch                                       |            0.72 |            4920.89 |     1.629233033903339
 AAAAAAAAEDJAAAAA | Shelves ask most particular, future manufacturers. Co                                                                                                                                                    | Jewelry                                            | womens watch                                       |            5.58 |            4075.31 |     1.349274150691565
 AAAAAAAAEGBAAAAA | Old, thin figures give most el                                                                                                                                                                           | Jewelry                                            | womens watch                                       |            8.24 |            2252.08 |    0.7456299838023267
 AAAAAAAAEKBBAAAA | Purposes agree operators. Always available methods mean of course soviet members. Really legal pro                                                                                                       | Jewelry                                            | womens watch                                       |            1.34 |             542.45 |    0.1795970767972595
 AAAAAAAAEKPDAAAA | Students date so as existing regulations. Members split bodies. Eyes look; little, wealthy pieces play national weapons. Too                                                                             | Jewelry                                            | womens watch                                       |            3.08 |            4726.48 |    1.5648667924061404
 AAAAAAAAELDBAAAA | Particular options pay facilities. Likely disputes may suffer. Over straight costs balance so medium documents. New, full rises would accept very european pieces; complete p                            | Jewelry                                            | womens watch                                       |            4.84 |            8387.43 |    2.7769525483300543
 AAAAAAAAEOKDAAAA | Seats                                                                                                                                                                                                    | Jewelry                                            | womens watch                                       |            0.59 |              345.1 |   0.11425744529953773
 AAAAAAAAFEGEAAAA | Long, certain hundreds buy too happy, spanish terms. Houses may help much with a investors. Comprehensive, thin sectors participate firmly worldwide rough re                                            | Jewelry                                            | womens watch                                       |            2.34 |              26.53 |  0.008783685957104421
 AAAAAAAAFKAEAAAA | High, new machines should wash addresses. Medium decisions could not catch as great police. Personal institutions might win. Police think so; available, tiny pages must seem really fortunate, a        | Jewelry                                            | womens watch                                       |            4.07 |            1014.03 |   0.33573015722135685
 AAAAAAAAFLJDAAAA | Theoretical, industrial lights may not take however places. Little are                                                                                                                                   | Jewelry                                            | womens watch                                       |            6.62 |            7191.56 |     2.381017888491288
 AAAAAAAAGAMCAAAA | Prime, broad differences teach then recent evenings; major, important emotions can manipulate little dry groups. Familiar, broad words broaden now obvious, royal instructions.                          | Jewelry                                            | womens watch                                       |            0.85 |  4634.860000000001 |     1.534532781573502
 AAAAAAAAGIFAAAAA | Considerable hills represent finally special                                                                                                                                                             | Jewelry                                            | womens watch                                       |           22.85 | 5247.9400000000005 |    1.7375143943357174
 AAAAAAAAGMBBAAAA | Now appr                                                                                                                                                                                                 | Jewelry                                            | womens watch                                       |             8.7 |            2768.48 |    0.9166022954588937
 AAAAAAAAGPHAAAAA | Feelings lock early, other units. Particul                                                                                                                                                               | Jewelry                                            | womens watch                                       |            0.68 |            1038.75 |   0.34391457926657437
 AAAAAAAAHOBAAAAA | Outdoor lips would not expect relations; syst                                                                                                                                                            | Jewelry                                            | womens watch                                       |             4.3 |            8751.61 |     2.897527096081969
 AAAAAAAAIFNDAAAA | Previous, normal parts would search in a countries. Theories must deal. Of course go                                                                                                                     | Jewelry                                            | womens watch                                       |            1.88 |           23857.89 |     7.898990326390577
 AAAAAAAAILDDAAAA | Slight, whol                                                                                                                                                                                             | Jewelry                                            | womens watch                                       |            2.61 |            1174.42 |   0.38883288585535525
 AAAAAAAAIMIAAAAA | Above concerned teachers go happy, historical exercises. Anywhere chief purposes can create however conditions. Possible points would come so. Owners should pay                                         | Jewelry                                            | womens watch                                       |            0.64 |            1529.04 |    0.5062422606803975
 AAAAAAAAINIDAAAA | Whole policies must go neither like the purposes. Methods would marry games. Free, strong concentrations anticipate. Circumstances should spend yet. Very w                                              | Jewelry                                            | womens watch                                       |            4.24 |  9178.919999999998 |    3.0390030420424012
 AAAAAAAAIPIAAAAA | Words order. Ironically worried offenders make as external aspects. Wo                                                                                                                                   | Jewelry                                            | womens watch                                       |            3.25 | 1120.8600000000001 |   0.37109997142405066
 AAAAAAAAJACCAAAA | Restaurants get never. White, pri                                                                                                                                                                        | Jewelry                                            | womens watch                                       |            1.51 |            1994.04 |    0.6601968015795138
 AAAAAAAAJBDAAAAA | Previous barriers would test forward bare books; sheer years might run difficult, small friends. Able services speak long things. Doubts shall plan seeds. Times us                                      | Jewelry                                            | womens watch                                       |            8.51 |            2444.51 |    0.8093406769318257
 AAAAAAAAJDDEAAAA | Rather slight prisons enact main borders. No longer social steps expect readers. Full, guilty products t                                                                                                 | Jewelry                                            | womens watch                                       |            0.33 |             973.53 |    0.3223212133365951
 AAAAAAAAJFKBAAAA | Frequently roman beliefs develop just joint b                                                                                                                                                            | Jewelry                                            | womens watch                                       |            8.67 |              237.6 |   0.07866580412393558
 AAAAAAAAJOJCAAAA | Wide, little workers stand rich, payable authorities. New, full stages wait in a leaders. Har                                                                                                            | Jewelry                                            | womens watch                                       |            1.23 | 10377.130000000001 |     3.435712440861177
 AAAAAAAAKADDAAAA | Wild rates say. Studies will incorporate about a functions. Easy glad leaves ask also friends. Political risks should answer even; studies may not provide together broken areas                         | Jewelry                                            | womens watch                                       |            8.98 |            2036.73 |    0.6743308216891553
 AAAAAAAAKBCBAAAA | Good indians train as good as. Original resources shall say on a vegetables; farmers                                                                                                                     | Jewelry                                            | womens watch                                       |            0.92 |            4863.23 |    1.6101426708318483
 AAAAAAAAKHPCAAAA | Places like actually places; considerable id                                                                                                                                                             | Jewelry                                            | womens watch                                       |            8.27 |             319.26 |   0.10570220801602555
 AAAAAAAAKKDDAAAA | Very primitive groups go home rises. Favorable, social months would become also. Certain, high tears climb methods; other, able birds deal royal, dif                                                    | Jewelry                                            | womens watch                                       |            1.63 |  7936.990000000001 |     2.627818605528769
 AAAAAAAAKKIBAAAA | Now other provinces ought to reproduce parliamentary, tough proceedings. Effective, religious marks shall think then in a awards. Refugees might name. Daily p                                           | Jewelry                                            | womens watch                                       |            5.95 | 4055.1899999999996 |    1.3426127198036288
 AAAAAAAAKOBDAAAA | Regular arguments ought to follow. Provincial friends make then solid tasks. Benefits see usually only exciting conditions. Here early trees like criminal, special s                                    | Jewelry                                            | womens watch                                       |            5.43 |             6189.5 |    2.0492508191292056
 AAAAAAAALAFAAAAA | Significant, living children investigate little fast workers; indee                                                                                                                                      | Jewelry                                            | womens watch                                       |            0.63 |            9290.06 |    3.0757998327424616
 AAAAAAAALAOAAAAA | Possible months make great, fresh universities. Yesterday recent banks work then. Normal suggestions must choose little, costly techniques.                                                              | Jewelry                                            | womens watch                                       |            1.28 |            6156.95 |    2.0384740012662674
 AAAAAAAALBNDAAAA | Western, ready animals will make special, united remains. Days help other films. Less good levels like properly on a levels. Desperate parts could not drive high patients. Long-term, hidden ships      | Jewelry                                            | womens watch                                       |             2.1 |           16542.48 |     5.476967556414653
 AAAAAAAALLOBAAAA | Old, comparable standards will believe. Specialist secrets burst ago; improvements hear again too ameri                                                                                                  | Jewelry                                            | womens watch                                       |            1.29 | 15073.220000000001 |     4.990517559078233
 AAAAAAAAMDNBAAAA | Pupils shall become more hours. Liberal, european minutes might become                                                                                                                                   | Jewelry                                            | womens watch                                       |            3.81 |             741.96 |   0.24565185196883516
 AAAAAAAAMDOCAAAA | Capital reasons take new ca                                                                                                                                                                              | Jewelry                                            | womens watch                                       |            2.07 |            4874.21 |    1.6137779845072726
 AAAAAAAAMEICAAAA | Surprising suggestions hide children. Monetary, neutral arrangements nominate too paintings. Once again industrial feelings unite regularly protests. Excellent, british histor                          | Jewelry                                            | womens watch                                       |            4.62 |            5143.49 |    1.7029325625143996
 AAAAAAAAMIHBAAAA | Originally illegal cases afford sentences. Children admit so. Quite central men must forget under slightly true guns. Odd hopes read                                                                     | Jewelry                                            | womens watch                                       |             5.2 |            1496.88 |    0.4955945659807941
 AAAAAAAAMNABAAAA | Human, obvious me                                                                                                                                                                                        | Jewelry                                            | womens watch                                       |            7.65 |            1119.34 |   0.37059672217207923
 AAAAAAAANFDEAAAA | Old kids might not bring then to the hour                                                                                                                                                                | Jewelry                                            | womens watch                                       |            5.17 |            1599.96 |    0.5297228113052692
 AAAAAAAANHLAAAAA | Catholic, nuclear schools can ask better culturally other shares. Ultimately american instructions may not know already shapes; royal friend                                                             | Jewelry                                            | womens watch                                       |            1.12 |            8573.16 |     2.838444971730469
 AAAAAAAAOCJDAAAA | Fascinating services indicate. However previous terms mean great, possible sales. Just new creatures ignore certainly new demands. Courses could not give tog                                            | Jewelry                                            | womens watch                                       |            2.29 |            2005.92 |    0.6641300917857106
 AAAAAAAAOIDEAAAA | Concrete, large goods will declare too mere, likely difficulties. Mainly english animals can see by a methods. Adverse, new officials produce only small sorts. Module                                   | Jewelry                                            | womens watch                                       |            1.95 |             404.48 |    0.1339172746298378
 AAAAAAAAOODDAAAA | Old stones increase also causal links. New costs cover otherwise even mature girls. Things eme                                                                                                           | Jewelry                                            | womens watch                                       |            2.27 |  9635.039999999999 |     3.190017547837896
 AAAAAAAAPMMBAAAA | Early sig                                                                                                                                                                                                | Jewelry                                            | womens watch                                       |            1.93 |           12492.85 |      4.13619566940113
 AAAAAAAACEEEAAAA | Parliamentary, black guards                                                                                                                                                                              | Jewelry                                            |                                                    |            3.34 |            4102.79 |    25.126957957501848
 AAAAAAAADKGAAAAA |                                                                                                                                                                                                          | Jewelry                                            |                                                    |            0.53 | 3966.1400000000003 |    24.290064330264624
 AAAAAAAAABGDAAAA | Much other years may work heavily. Human, low leaders permit since the arms. Sufficient, new records may think small visitors. Exchanges m                                                               | Shoes                                              | athletic                                           |            4.92 |               3116 |   0.24652699166751438
 AAAAAAAAAGIAAAAA | Necessary, different responsibilities should n                                                                                                                                                           | Shoes                                              | athletic                                           |            1.66 |            1522.63 |   0.12046514548225526
 AAAAAAAAAGICAAAA | New policies fly practical families. Organizations would not kee                                                                                                                                         | Shoes                                              | athletic                                           |           60.41 |            5473.64 |    0.4330551998302225
 AAAAAAAAAHAAAAAA | H                                                                                                                                                                                                        | Shoes                                              | athletic                                           |            5.27 |           10234.82 |    0.8097430631766718
 AAAAAAAAAHGDAAAA | Religious customers confront in the organs. Profits change. Guards mi                                                                                                                                    | Shoes                                              | athletic                                           |            1.59 |           10853.78 |    0.8587130075805629
 AAAAAAAAAHPAAAAA | Never original associations dress in                                                                                                                                                                     | Shoes                                              | athletic                                           |            2.82 |  6984.599999999999 |    0.5525970558411171
 AAAAAAAAAIMDAAAA | External, sufficient breasts ought to earn in the threats. Together native feelings shall not provide undern                                                                                             | Shoes                                              | athletic                                           |            3.94 |            3261.54 |    0.2580416060344239
 AAAAAAAAAJLAAAAA | Lovely benefits must pour both very, short problems; bad questions increase ruling, arab features. Criticisms shall not                                                                                  | Shoes                                              | athletic                                           |            3.84 |           15651.66 |     1.238304446213982
 AAAAAAAAAKKDAAAA | Rather british quanti                                                                                                                                                                                    | Shoes                                              | athletic                                           |            0.39 |             5137.5 |   0.40646098192935015
 AAAAAAAAALADAAAA | Doubts intervene inland reasonable folk. Double other children might not care upstairs british poor                                                                                                      | Shoes                                              | athletic                                           |            4.81 | 14741.699999999999 |    1.1663116023956985
 AAAAAAAAALJAAAAA | Tears regard gently white, intensive colleges. Sure visitors might approve better national boys. Economic,                                                                                               | Shoes                                              | athletic                                           |            4.76 |            2359.68 |   0.18668960580808736
 AAAAAAAAANJDAAAA | Glorious positions shall feel here. Late, right issues will seem highly different facts. Suddenly commercial individuals used to contact also also different leaders.                                    | Shoes                                              | athletic                                           |            1.76 |            5596.14 |   0.44274697020226056
 AAAAAAAAANNDAAAA | Remaining, advisory scientists may stimulate more. Local processes may not feed. Unlik                                                                                                                   | Shoes                                              | athletic                                           |            4.47 |            4381.54 |   0.34665207800734305
 AAAAAAAAAPEBAAAA | Scottish, high comments make. Black, ethical governments will not go yet in a details. Minor, random parents will think other years. At least late seconds write                                         | Shoes                                              | athletic                                           |            5.18 |           11645.15 |    0.9213234265137853
 AAAAAAAABACEAAAA | Giant sheets visit very human, wide pictures; nuclear russians may manifest exactly. Even political careers ought to attend for a parties. O                                                             | Shoes                                              | athletic                                           |           87.77 |            6015.86 |     0.475953744574112
 AAAAAAAABBDCAAAA | For instance european businessmen will need separate sections. Casually young products should get now reasons. American ban                                                                              | Shoes                                              | athletic                                           |            2.45 |            3192.25 |   0.25255962424602785
 AAAAAAAABBIDAAAA | Old bodie                                                                                                                                                                                                | Shoes                                              | athletic                                           |            9.68 |              699.5 |   0.05534198673665799
 AAAAAAAABFFCAAAA | Important, reside                                                                                                                                                                                        | Shoes                                              | athletic                                           |            4.71 | 10338.130000000001 |    0.8179165880512453
 AAAAAAAABGGAAAAA | Most effective courses could pop also special males. Wid                                                                                                                                                 | Shoes                                              | athletic                                           |            9.39 |            1258.48 |   0.09956652390042794
 AAAAAAAABHFAAAAA | Dirty, elderly students must insist. Chief emotions can prove; beautiful leaders could pay members. More confidential details check. Never fascinating re                                                | Shoes                                              | athletic                                           |             1.2 |            4847.26 |    0.3834982110495108
 AAAAAAAABIEDAAAA | Services mention right main issues. Occasional hands decipher similarly. Unexpected ideas impose small, other feet. Studies may work much in the s                                                       | Shoes                                              | athletic                                           |            4.52 | 3381.3599999999997 |   0.26752134420566953
 AAAAAAAABIFCAAAA | Also sexual films should want full-time, tall kids; clubs see ago children. Even subsequent years move so in search of a actions. Handsome pupils help then american cases. Just agri                    | Shoes                                              | athletic                                           |            2.53 |            5339.09 |   0.42241007571954725
 AAAAAAAABJECAAAA | Often voluntary operations come inherent hospitals. Known goods may fight participants. Dark students                                                                                                    | Shoes                                              | athletic                                           |            0.67 | 15251.560000000001 |    1.2066499374315134
 AAAAAAAABMBCAAAA | Legs believe almost full values; negotiations could not calm traditionally pictures. Unemployed telecommunications should wis                                                                            | Shoes                                              | athletic                                           |            1.43 |            7467.36 |    0.5907913339211586
 AAAAAAAABNODAAAA | Different, typical authorities may not produce now however political men. Then only mem                                                                                                                  | Shoes                                              | athletic                                           |             9.7 |            1623.44 |    0.1284408791247463
 AAAAAAAABNPCAAAA | Other, maximum flowers cannot prove subtle lips. Profound, private women would call still safe standards. Other, interesting bits                                                                        | Shoes                                              | athletic                                           |           33.95 |             483.35 |   0.03824095681081292
 AAAAAAAABPPAAAAA | Close problems minimise in a years. Integrated, local thousands leave none the less educational parties. Pa                                                                                              | Shoes                                              | athletic                                           |            1.77 |            3180.52 |    0.2516315877850972
 AAAAAAAACACEAAAA | Free employees suggest later on the ranks. Always young police ask now recent casualties. At all interesting conflicts spot never different stairs. Monetary assessments know either sup                 | Shoes                                              | athletic                                           |            5.11 |            9435.18 |    0.7464783508477209
 AAAAAAAACAGAAAAA | Urgent animals would not make by a years. Prime weeks give. Na                                                                                                                                           | Shoes                                              | athletic                                           |           30.41 |            4619.28 |    0.3654612330134518
 AAAAAAAACBGBAAAA | Junior opportunities stay waters. Electric markets see upright new, local windows. Different, different heads shall not move by a points. Likely, inland                                                 | Shoes                                              | athletic                                           |           66.04 |           10420.92 |    0.8244666424928864
 AAAAAAAACCJBAAAA | Western weeks give really about a computers. Always different schools would                                                                                                                              | Shoes                                              | athletic                                           |           22.43 | 15572.759999999998 |     1.232062154929461
 AAAAAAAACDAAAAAA | Again inc respondents must say young, marked days; political, important children give conversely voluntary troops. Automatic students get never; grand, previous powers will not remember                | Shoes                                              | athletic                                           |           49.34 |            6804.93 |    0.5383821955738185
 AAAAAAAACEDBAAAA | Interested floors think below new, direct changes. Direct poor members should not cover as it were public jobs. Again due findings must collapse i                                                       | Shoes                                              | athletic                                           |            8.71 |            1409.08 |   0.11148146772107226
 AAAAAAAACEGCAAAA | Attitudes cry quickly more major hopes. Please unable experiments make especially by a forces. Living, natural artists make perhaps in a                                                                 | Shoes                                              | athletic                                           |            8.16 |           15123.78 |    1.1965404319773172
 AAAAAAAACHMCAAAA | However unique children would not deny much home large troubles. Arrangements occur just. Commonly brown options may not include. Orthodox, russian theori                                               | Shoes                                              | athletic                                           |            5.99 |            2659.19 |    0.2103857865764883
 AAAAAAAACIMAAAAA | Old, other candidates prevent unanimously separate, single origins. Responsible children ought to conserve in a goals. Men could not make even liabilities. Great, different things might turn; years    | Shoes                                              | athletic                                           |           47.34 |             1096.3 |   0.08673541109277792
 AAAAAAAACJCDAAAA | Pure residents imagine remaining years. Nominally british                                                                                                                                                | Shoes                                              | athletic                                           |            2.52 |            8796.55 |    0.6959521850298053
 AAAAAAAACJFAAAAA | Short es                                                                                                                                                                                                 | Shoes                                              | athletic                                           |            8.93 |            4236.46 |   0.33517385722713666
 AAAAAAAACKOAAAAA | Human times should bring special, working parts. Scottish, british governments must help                                                                                                                 | Shoes                                              | athletic                                           |            5.08 |  8679.289999999999 |     0.686674985080212
 AAAAAAAACMCBAAAA | Republics carry equally children. Special parties make new lawyers. Close studies shall obtain; policies could carry also direct decent                                                                  | Shoes                                              | athletic                                           |            8.29 |             767.65 |  0.060733775723224456
 AAAAAAAACMLBAAAA | Sufficient, considerable trees may not imagine today deaf competitors. Then free users f                                                                                                                 | Shoes                                              | athletic                                           |            2.92 |             1317.6 |   0.10424389095671276
 AAAAAAAACPGCAAAA | Basic hours exist easy. Even beautiful techniques should last once later high children; only politic                                                                                                     | Shoes                                              | athletic                                           |            5.06 |            1981.22 |     0.156747177930524
 AAAAAAAADAICAAAA | Commercial, successful farmers can a                                                                                                                                                                     | Shoes                                              | athletic                                           |            2.63 |            6317.17 |   0.49979233502961223
 AAAAAAAADBGDAAAA | Pounds shall explore to a offenders. National, english relationships understand afterwards nuclear, romantic indians. Correct powers would sound victorian villages. Therefore base grounds can resul    | Shoes                                              | athletic                                           |            0.19 |            4090.12 |    0.3235959496659608
 AAAAAAAADCFAAAAA | Forward police should compare then easy hands. Chemical communications turn now as considera                                                                                                             | Shoes                                              | athletic                                           |            4.05 |             719.04 |    0.0568879230066141
 AAAAAAAADDNAAAAA | Irrelevant scientists must notice following, emotional miles. Special, new                                                                                                                               | Shoes                                              | athletic                                           |            3.93 |           11666.62 |     0.923022057614909
 AAAAAAAADFIDAAAA | Men pl                                                                                                                                                                                                   | Shoes                                              | athletic                                           |            1.99 |           12000.48 |    0.9494358899121222
 AAAAAAAADJFCAAAA | Quiet writers say evil advantages; private charges admit environmental, original sales. Reports travel as local, legal terms; glad, awful points become other teachers. Objects say                      | Shoes                                              | athletic                                           |             0.9 |            3131.23 |    0.2477319358533604
 AAAAAAAADMHDAAAA | Childre                                                                                                                                                                                                  | Shoes                                              | athletic                                           |            5.48 |            6967.91 |    0.5512766015757349
 AAAAAAAADNDAAAAA | Doors look likely, important circumstances. Opinions accommodate gingerly. Apparent advis                                                                                                                | Shoes                                              | athletic                                           |            3.37 |            4136.03 |   0.32722818785192215
 AAAAAAAADNGAAAAA | Respectable lips                                                                                                                                                                                         | Shoes                                              | athletic                                           |            8.22 |            8860.93 |    0.7010457048383916
 AAAAAAAADOCDAAAA | Observations shall buy bad with a concerns. Existing, corporate solicitors rest small positions; exactly able buses must fall so police. Advisers could not b                                            | Shoes                                              | athletic                                           |            4.55 |            5312.37 |    0.4202960830310505
 AAAAAAAAECICAAAA | Minimum, new arrangements go left, fundamental funds. Standard, traditional feet would whisper. Other farms know passages. So narrow directors get men. Representative rights can restore very leade     | Shoes                                              | athletic                                           |             3.6 |             919.88 |   0.07277767942718649
 AAAAAAAAEDLCAAAA | Usually existing chapters educate. Alone independent forces must not reduce exclusively without a years. Completely extra schools see about earlier gastric lengths. Illustrations identify in           | Shoes                                              | athletic                                           |            9.58 | 4880.1900000000005 |   0.38610351715850033
 AAAAAAAAEDNDAAAA | For example proper remarks must not offer also recent states. Level, old books could appear now perhaps old children. Profits would see. Different women know. Sa                                        | Shoes                                              | athletic                                           |            0.88 |            11082.6 |    0.8768164434706016
 AAAAAAAAEGKAAAAA | More crucial women might search so suddenly occupational teachers. Villages should want namely then total savings; other, personal cattle could leave. Linguistic, obvious workers shall not slow eve    | Shoes                                              | athletic                                           |            0.13 |            8452.16 |    0.6687052560630611
 AAAAAAAAEGMDAAAA | Private bags tell with a consul                                                                                                                                                                          | Shoes                                              | athletic                                           |            1.56 |  7227.490000000001 |    0.5718136607853157
 AAAAAAAAEHMCAAAA | Policies would get new damages; british, proud seconds defend just wonderful firms. Pregnant,                                                                                                            | Shoes                                              | athletic                                           |            0.23 |            4477.16 |   0.35421719705203103
 AAAAAAAAEIKDAAAA | Orders make yet suitable, corporate organisations. Native beliefs resign areas. Real, successful glasses must fit permanent police. True others would come ea                                            | Shoes                                              | athletic                                           |            4.05 |            9644.98 |    0.7630769910440766
 AAAAAAAAEJFBAAAA | Also annual workers could not start recent paintings. Shy profits could learn however like an police. Concerned, financial characters ought to evolve essentially in a actions. In gen                   | Shoes                                              | athletic                                           |            7.29 | 18754.070000000003 |    1.4837562447438966
 AAAAAAAAEKJDAAAA | Perhaps local pupils cannot complete hardly at a provisions; alternative women discuss normal movies; extraor                                                                                            | Shoes                                              | athletic                                           |            9.71 |           10542.13 |    0.8340563525891699
 AAAAAAAAENMCAAAA | Claims go only expected, full councillors. Later peaceful branches travel existing costs. Radical proposals understand more very able firms; clear, young views become                                   | Shoes                                              | athletic                                           |             5.2 |            3365.93 |   0.26630057672125695
 AAAAAAAAEOOAAAAA | Remote officials locate chief units. Workshops use appropriate groups; short settlements will not move vegetables. Short-term lines must enforce ho                                                      | Shoes                                              | athletic                                           |            8.02 |            6198.07 |   0.49036956073320626
 AAAAAAAAEPBCAAAA | All main securities should see below brown, happy units. Ancient bom                                                                                                                                     | Shoes                                              | athletic                                           |            5.71 |             113.16 |  0.008952822328978153
 AAAAAAAAEPKAAAAA | Speakers will run much soon theoretical terms. Early, back ways might repair already only documents. Permanent, convincing areas alter social weeks. Values may try responsible, m                       | Shoes                                              | athletic                                           |             3.5 |            5839.77 |   0.46202212135115545
 AAAAAAAAFABEAAAA | Capital, clear mammals bring hardly intrinsically close officers; social shareholders coul                                                                                                               | Shoes                                              | athletic                                           |            5.92 |           11750.94 |    0.9296931602905845
 AAAAAAAAFAFAAAAA | Old letters end. Normal, new rounds achieve thus gastric schools. Less than other earnings see. Really white students serve                                                                              | Shoes                                              | athletic                                           |            0.21 |           10899.27 |    0.8623120168395344
 AAAAAAAAFCJAAAAA | Sometimes sorry districts could swap locally recent, other relatives. External, small prog                                                                                                               | Shoes                                              | athletic                                           |            2.07 |             6454.3 |    0.5106415796917966
 AAAAAAAAFCLBAAAA | Inner birds accept late still serious funds. Seconds talk on a clients. Guns give periods; traditionally legal requirements might beat reasonable, considerable priorities. Jus                          | Shoes                                              | athletic                                           |           53.03 |            2686.74 |   0.21256544595403645
 AAAAAAAAFCPAAAAA | Different types reflect so in the firms. Post-war,                                                                                                                                                       | Shoes                                              | athletic                                           |            3.97 |            9395.73 |    0.7433572052054604
 AAAAAAAAFDIDAAAA | Scientific, good effects allow strongly scottish problems. Somewhere                                                                                                                                     | Shoes                                              | athletic                                           |            4.32 |              517.4 |   0.04093487339177533
 AAAAAAAAFEMBAAAA | Then final things secure therefore only quiet movements; motives care. Proper pp. ought to grind certainly new units. Still gold obligations win as. Awar                                                | Shoes                                              | athletic                                           |               2 |           11654.04 |    0.9220267721350703
 AAAAAAAAFGBEAAAA | Young                                                                                                                                                                                                    | Shoes                                              | athletic                                           |            1.21 |             715.05 |  0.056572248200210576
 AAAAAAAAFHABAAAA | Constraints could introduce very styles. Other stars turn personal powers. Models would forget away ethnic, political years. Yet new lips shall fight at last more helpful groups. Particularly glad     | Shoes                                              | athletic                                           |            5.61 |            4607.57 |    0.3645347788823778
 AAAAAAAAFHFCAAAA | Relationships may tell estates; opportunities may                                                                                                                                                        | Shoes                                              | athletic                                           |            9.97 |               1686 |   0.13339040691637652
 AAAAAAAAFJCAAAAA | Masses might tax yet. Schools shall give ever act                                                                                                                                                        | Shoes                                              | athletic                                           |           64.48 |             9746.1 |    0.7710772507993459
 AAAAAAAAFJODAAAA | Fields should descend then in a years. Purposes lead as revenues. Familiar arguments depict too questions. Peoples allow notoriously ind                                                                 | Shoes                                              | athletic                                           |            3.17 | 4717.9400000000005 |     0.373266866196352
 AAAAAAAAFKFCAAAA | Recent                                                                                                                                                                                                   | Shoes                                              | athletic                                           |            2.83 |            3182.25 |    0.2517684593176982
 AAAAAAAAFLCEAAAA | Strong recommendations used to use really in a samples; academic subsidies attempt common weeks. Safely associated hours might not find c                                                                | Shoes                                              | athletic                                           |            2.26 |            7923.48 |    0.6268779486321299
 AAAAAAAAFLNCAAAA | So general ports shall receive then dimensions. Probably ordinary weeks say typically loose concepts. Hundreds would keep newly at a conditions. General sales aid constant characters. No               | Shoes                                              | athletic                                           |            5.76 |            16439.5 |     1.300635583927504
 AAAAAAAAFNCCAAAA | Happy shareholders see; aware facilities ought to see sales; economic activities may need considerably other databases. Techniques wish so financial names. Minimal, urgen                               | Shoes                                              | athletic                                           |            3.06 |             757.02 |  0.059892767404410054
 AAAAAAAAGAJBAAAA | Parents say more. Christian, sure months would not colour. Schools regulate too such as the flowers. Perceptions used to consider as obvious w                                                           | Shoes                                              | athletic                                           |            2.32 |            2842.41 |   0.22488151039334386
 AAAAAAAAGAPBAAAA | Soon safe years remain prices; regions encoura                                                                                                                                                           | Shoes                                              | athletic                                           |            0.19 |            2560.05 |   0.20254217747702832
 AAAAAAAAGAPCAAAA | Yet blue feelings ca                                                                                                                                                                                     | Shoes                                              | athletic                                           |            4.67 |            2206.15 |    0.1745428506634425
 AAAAAAAAGDAEAAAA | Very practical teachers may not bear ever strong, future pictures. Shoulders may advance joint services. Carefully natural conditions might promote quickly new wooden author                            | Shoes                                              | athletic                                           |            1.95 |            8124.96 |    0.6428183396081154
 AAAAAAAAGDIDAAAA | Independent houses give still much new memories. Futures may not think later towards the days. However subject animals shall imagine commonly on a tables; tired                                         | Shoes                                              | athletic                                           |            0.84 | 12333.630000000001 |     0.975793549499424
 AAAAAAAAGELCAAAA | Interior persons say also. Likely women go suddenly such as a windows. Square, wise interactions declare much young, main patients. Even potential calculations m                                        | Shoes                                              | athletic                                           |            3.89 |            2851.32 |   0.22558643834448558
 AAAAAAAAGFPCAAAA | National workers should impose finally. British drugs would stop too afraid                                                                                                                              | Shoes                                              | athletic                                           |             4.2 | 11237.279999999999 |    0.8890541825820044
 AAAAAAAAGGBDAAAA | Consumers may go indeed                                                                                                                                                                                  | Shoes                                              | athletic                                           |            8.18 |            4355.37 |    0.3445815993899044
 AAAAAAAAGGEBAAAA | At last legal                                                                                                                                                                                            | Shoes                                              | athletic                                           |            8.15 |           18004.79 |    1.4244758389940135
 AAAAAAAAGHAEAAAA | Effective feelings could not look only matters. Procedures see new, severe individ                                                                                                                       | Shoes                                              | athletic                                           |           84.23 |            9343.58 |    0.7392312801042213
 AAAAAAAAGHGDAAAA | Most mere feet shall not remind more also different ste                                                                                                                                                  | Shoes                                              | athletic                                           |            2.62 |            2894.02 |   0.22896471258845313
 AAAAAAAAGJFCAAAA | Mean, modern parties give. Technical                                                                                                                                                                     | Shoes                                              | athletic                                           |            1.72 |            3156.81 |    0.2497557357400276
 AAAAAAAAGJOCAAAA | P                                                                                                                                                                                                        | Shoes                                              | athletic                                           |            4.77 |            12539.3 |    0.9920654385803797
 AAAAAAAAGJPCAAAA | Sexual enemies bear private, red activities. Possible, running deta                                                                                                                                      | Shoes                                              | athletic                                           |             0.3 |             2402.4 |   0.19006946238191158
 AAAAAAAAGKKDAAAA | Goods coul                                                                                                                                                                                               | Shoes                                              | athletic                                           |            2.01 |           15424.62 |    1.2203418376811859
 AAAAAAAAGLODAAAA | Nevertheless demanding companies provoke suitably workers; able, happy forms stand. Glad, certain ships advise well old occasions. Wea                                                                   | Shoes                                              | athletic                                           |            1.19 | 10060.009999999998 |    0.7959127090645414
 AAAAAAAAGNFBAAAA | British, international pages mention however with the possibilities; once old attitudes used to lead surely free police. Powerful teeth used to spread central babies. Short comm                        | Shoes                                              | athletic                                           |            0.84 |            4329.52 |    0.3425364380501723
 AAAAAAAAGNLBAAAA | Somewhat equal subjects buy much generally low securities. Tools become straight. Big figures would not come eventually. Original, odd measures could not focus well. Individua                          | Shoes                                              | athletic                                           |            3.93 |            8125.33 |    0.6428476127104635
 AAAAAAAAGNPDAAAA | Scottish friends take again by a initiatives. Sides might get in order slow, fine relations. However total men stare there likely seats. Hard regional limits loosen ever relationships; full            | Shoes                                              | athletic                                           |           95.13 | 14498.150000000001 |    1.1470427805662304
 AAAAAAAAGOBBAAAA | Clear, expensive women knock then good, rigid attempts. Local, extra negotiations ignore here. Russian, political places ought to enable approaches. Equally active places take abroad male note         | Shoes                                              | athletic                                           |            4.82 |             118.22 |  0.009353151782712949
 AAAAAAAAGODCAAAA | Very inc feet pull easy on a cars. Away actual objectives would make almost. Ibid possible players should blame elections. Dependent, interested offences sh                                             | Shoes                                              | athletic                                           |             1.1 |            6303.94 |    0.4987456238294321
 AAAAAAAAGPLCAAAA | Other, ordinary groups see from the times; public, separate details warm only; categories tell in addition only narrow decades. Full cases mention readily in a operations. Subjects shall coincide alwa | Shoes                                              | athletic                                           |            2.97 | 3124.2599999999998 |   0.24718049389831465
 AAAAAAAAHDPAAAAA | Questions produce. British, left tickets close                                                                                                                                                           | Shoes                                              | athletic                                           |            6.88 |            5202.13 |   0.41157428086114456
 AAAAAAAAHMADAAAA | Measures discuss extensive, scientific claims; real, crucial procedures shall stay in order at a meals; effects see less complete cells. Royal plans w                                                   | Shoes                                              | athletic                                           |            1.34 |                  0 |                     0
 AAAAAAAAHMNCAAAA | Various, grand uses succeed indeed drawings. Secret, minor forces shall appear as. Still hot systems would hold.                                                                                         | Shoes                                              | athletic                                           |            1.22 |            1059.36 |   0.08381284784752824
 AAAAAAAAHPDAAAAA | Interests ask provisions. Members recover at all patients. British institutions might not talk sure common talks. Pictures could not close again respectable, th                                         | Shoes                                              | athletic                                           |            1.59 |  8213.720000000001 |    0.6498407195119693
 AAAAAAAAIAPAAAAA | Good tea                                                                                                                                                                                                 | Shoes                                              | athletic                                           |            4.02 | 19584.010000000002 |    1.5494181868056864
 AAAAAAAAICAAAAAA | Positive statements may not meet now members. Even thinking leaders used to make on a communities; highly early intere                                                                                   | Shoes                                              | athletic                                           |             2.5 | 2084.9700000000003 |     0.164955514061944
 AAAAAAAAICBDAAAA | General women should not write implicitly                                                                                                                                                                | Shoes                                              | athletic                                           |            3.52 |           15200.91 |    1.2026426870695237
 AAAAAAAAICJDAAAA | Great ministers insist annually o                                                                                                                                                                        | Shoes                                              | athletic                                           |           90.67 |            5769.42 |   0.45645627608035644
 AAAAAAAAIDACAAAA | Good, high opportunities get only modern championships. Close organisations might wear national, simple students; group                                                                                  | Shoes                                              | athletic                                           |            5.79 |           10222.59 |    0.8087754684693247
 AAAAAAAAIDBBAAAA | Components must grant fundamentally widespread agencies. Just new colleges would introduce ultimatel                                                                                                     | Shoes                                              | athletic                                           |            9.72 |             2038.3 |   0.16126314734142957
 AAAAAAAAIDOAAAAA | Forms drive mo                                                                                                                                                                                           | Shoes                                              | athletic                                           |            5.99 |  7687.110000000001 |    0.6081771832212023
 AAAAAAAAIEEBAAAA | Here complex techniques must not check together. Important, other methods might select variable fingers. Economic, dry decisions afford both new, other teachers. Really real plans must thi             | Shoes                                              | athletic                                           |             1.2 |            4468.09 |   0.35349961046203604
 AAAAAAAAIEKDAAAA | Children run just others. Key, violent comparisons show usually at least fast applicants. Also upper pupils should allow aggressively funny unknown costs. Structures cannot devel                       | Shoes                                              | athletic                                           |            3.17 | 18541.719999999998 |    1.4669558574908164
 AAAAAAAAIJPCAAAA | Days adopt gre                                                                                                                                                                                           | Shoes                                              | athletic                                           |            8.27 |            8040.85 |    0.6361638513959348
 AAAAAAAAILGAAAAA | About remarkable women meet so early terms. Straight japanese foreigners acquire finally studies. However                                                                                                | Shoes                                              | athletic                                           |            0.91 | 1421.1999999999998 |   0.11244035961420774
 AAAAAAAAJAJBAAAA | Holes used to provide women. Socialist victims volunteer problems. Artificial aspects                                                                                                                    | Shoes                                              | athletic                                           |            4.08 |             145.52 |  0.011513032037052855
 AAAAAAAAJDGBAAAA | Groups take again perfect shops. Words explor                                                                                                                                                            | Shoes                                              | athletic                                           |            9.87 | 3298.5699999999997 |    0.2609712897640285
 AAAAAAAAJDLCAAAA | Ears face certainly other, technical days. General, total blocks print as green, outdoor records. Feet decay grants. Minutes ought to find initially. Working, productive deputies mig                   | Shoes                                              | athletic                                           |            1.66 |            9782.28 |    0.7739396855100426
 AAAAAAAAJFPCAAAA | Decisions say very old circumstances. O                                                                                                                                                                  | Shoes                                              | athletic                                           |            1.25 |            13435.7 |    1.0629854627558482
 AAAAAAAAJGFCAAAA | Irish, european farmers can average from a girls; subsequent copies would assess silent, long stations. Full child                                                                                       | Shoes                                              | athletic                                           |            0.72 |             4995.2 |   0.39520270499921945
 AAAAAAAAJKDAAAAA | Soon confident hands want easier. Ministers kill liable, funny individuals. Ol                                                                                                                           | Shoes                                              | athletic                                           |            3.88 |            8853.59 |    0.7004649897809976
 AAAAAAAAJMEDAAAA | New designs may wait only true ministers. High, black implications should explain as to a metres. New fields used to enable subsequent persons. Systems might produce soon tests; other, social architec | Shoes                                              | athletic                                           |            0.27 |            11155.2 |    0.8825603008502748
 AAAAAAAAJOACAAAA | Also public things may mean besides with a efforts. Ment                                                                                                                                                 | Shoes                                              | athletic                                           |            8.53 |             162.51 |  0.012857221250284904
 AAAAAAAAJPFCAAAA | Considerable, complete eyes circumvent for a patients. Normal police shall mark impossible, simple offences. Satisfactory, actual thoughts thi                                                           | Shoes                                              | athletic                                           |            5.65 |            4742.82 |    0.3752352845380361
 AAAAAAAAKBOAAAAA | Bitterly splendid weapons shall stop theoretically desirable, specific computers; undoubte                                                                                                               | Shoes                                              | athletic                                           |            1.48 |             5454.2 |    0.4315171752095497
 AAAAAAAAKCKDAAAA | Well huge services act away fees. Old-fashioned, other columns give all right leaders; artists monitor geographical, young years. Theories us                                                            | Shoes                                              | athletic                                           |            7.64 | 4045.8599999999997 |    0.3200942536931738
 AAAAAAAAKEHBAAAA | Much recent plans could see alw                                                                                                                                                                          | Shoes                                              | athletic                                           |            7.38 |            7341.74 |    0.5808527200914817
 AAAAAAAAKFACAAAA | Still eastern creatures might agree true services. Writings ask since a judges. Special, independent objectives ought to abolish democratic, necessary hands. Fellow horses withdraw soon european cou   | Shoes                                              | athletic                                           |            7.19 |             3383.3 |    0.2676748302017655
 AAAAAAAAKFNBAAAA | Questions help. Routes meet thus now ridiculous materials. Typical, other animals reach again fun glasses. Often great objects shall get motives. Soviet objections keep in a gates; available,          | Shoes                                              | athletic                                           |            4.54 |           10375.03 |    0.8208359866367817
 AAAAAAAAKGPDAAAA | Now low conditions fulfil perhaps principa                                                                                                                                                               | Shoes                                              | athletic                                           |            0.09 |           10002.28 |    0.7913453139332945
 AAAAAAAAKILAAAAA | Growing, obvious times should escape just national arms; finally adverse users may not                                                                                                                   | Shoes                                              | athletic                                           |            8.95 |  6881.150000000001 |    0.5444124546575471
 AAAAAAAAKJICAAAA | From time to time round customers provide basically. Adde                                                                                                                                                | Shoes                                              | athletic                                           |           71.09 |            4540.38 |     0.359218941728931
 AAAAAAAAKJKAAAAA | Yards agree. Just customers will not release. Collective signs prove supreme, afraid players. Again small officials make before a members; white, joint winds ought to take still. C                     | Shoes                                              | athletic                                           |             1.3 |              683.1 |  0.054044476254197386
 AAAAAAAAKKCAAAAA | Remaining strategies shall not allow affairs. French conclusions visit scarce on a animals. Pools construct long, provincial services; equal clients say als                                             | Shoes                                              | athletic                                           |           67.06 |            4351.65 |    0.3442872860365657
 AAAAAAAAKNCBAAAA | Automatic offences put national vehicles. Act                                                                                                                                                            | Shoes                                              | athletic                                           |            1.44 |           12708.19 |     1.005427423054939
 AAAAAAAAKNFEAAAA | Across lively girls may not indicate. Only splendid companies go about. Big, marginal participants can use approximately clear, dirty companies. Genuine funds will occupy please b                      | Shoes                                              | athletic                                           |            10.4 |            8458.02 |    0.6691688787110622
 AAAAAAAAKNIAAAAA | Unemployed, central jobs hide german buildings. Tropical results start towards a eyes; schemes could say sure towns. Locations integrat                                                                  | Shoes                                              | athletic                                           |            0.59 |              676.7 |  0.053538130700066425
 AAAAAAAAKOAEAAAA | Leading, private bodies believe even problems. Thousands cross indeed high books. Sources would bring abstract, bad years. Requirements market soft changes; efficient, w                                | Shoes                                              | athletic                                           |           59.87 |  8766.560000000001 |    0.6935794814097449
 AAAAAAAAKOEEAAAA | Real weeks change by far good delightful parties. Independent, good bonds might note relatively under a types; even conscious persons rely too other, marginal programmes. Potential scenes can allo     | Shoes                                              | athletic                                           |            8.05 |            22379.3 |    1.7705717280567408
 AAAAAAAAKPPAAAAA | Other, financial sports can think. Industrial, straightforward conditions would see better with a points. Als                                                                                            | Shoes                                              | athletic                                           |            8.91 |             761.79 |  0.060270153075223286
 AAAAAAAALBKDAAAA | Free studies would help so visible, integrated others. Professional powers think doubly suitable photograph                                                                                              | Shoes                                              | athletic                                           |             1.8 |             640.65 |  0.050685981133438085
 AAAAAAAALCFBAAAA | So sufficient years introduce never. Features give acceptable terms. Courses could encourage even authorities. Sure examples encourage under the signs. Often equa                                       | Shoes                                              | athletic                                           |            8.53 |            4775.95 |   0.37785641394559216
 AAAAAAAALGGCAAAA | Probably old communities ensure very normally                                                                                                                                                            | Shoes                                              | athletic                                           |            6.47 | 6179.1900000000005 |    0.4888758413485199
 AAAAAAAALIADAAAA | Very royal applications transcend new sheets. Then suitable personne                                                                                                                                     | Shoes                                              | athletic                                           |            8.89 |            2787.45 |    0.2205332679472442
 AAAAAAAALIFEAAAA | Good good tiles fight alone serious weapons; full, national changes maximise certainly                                                                                                                   | Shoes                                              | athletic                                           |            3.13 |            7056.78 |    0.5583076842938004
 AAAAAAAALKKDAAAA | Steep families achieve. Constant, industrial men become just. Considerable children should think more critical, twin mothers. Public uses could not find on the shoulders. Resu                          | Shoes                                              | athletic                                           |            6.94 |            1026.25 |   0.08119330076982882
 AAAAAAAALKMBAAAA | More than british agents used to host clearly increased desperate                                                                                                                                        | Shoes                                              | athletic                                           |            4.93 |            1800.25 |    0.1424294662225426
 AAAAAAAALLPDAAAA | Servants take very likely, obvious eyes. Restrictions must embrace carefully full months. Also formal friends may not mean always more than weekly colleagues. Financial, specific places think nev      | Shoes                                              | athletic                                           |             0.9 |             529.66 |   0.04190484159390746
 AAAAAAAALMOAAAAA | Here professional groups shall pull similarly industrial types. Cities ought to run very dependent discussions. Perfect, able forces should not make so parameters. General, new cour                    | Shoes                                              | athletic                                           |            3.56 |            2726.13 |   0.21568184460672687
 AAAAAAAALNMBAAAA | Direct, important centuries protest fast costly windows. As adult women will not recycle perma                                                                                                           | Shoes                                              | athletic                                           |            4.49 |            1535.73 |   0.12150157153836709
 AAAAAAAAMCBBAAAA | Great parts die very now scottish changes; onl                                                                                                                                                           | Shoes                                              | athletic                                           |            1.38 |            10911.2 |    0.8632558765990317
 AAAAAAAAMCKCAAAA | Yet necessary windows take circumstances. Unable, chief seconds should change always. Evolutionary employees establish short                                                                             | Shoes                                              | athletic                                           |           49.61 |  4203.400000000001 |   0.33255826597407895
 AAAAAAAAMDEAAAAA | Parliamentary years wish from a aims. Physic                                                                                                                                                             | Shoes                                              | athletic                                           |            0.84 |            3954.24 |    0.3128456006198177
 AAAAAAAAMFDAAAAA | Hardly d                                                                                                                                                                                                 | Shoes                                              | athletic                                           |           43.31 |             4766.6 |     0.377116674737604
 AAAAAAAAMFJAAAAA | Current shoes used to mention perhaps to a legs. Justly possible seconds must come little. Pretty political gods would                                                                                   | Shoes                                              | athletic                                           |            2.62 | 3333.4399999999996 |    0.2637300818691139
 AAAAAAAAMGEBAAAA | Likely woods boost either rural, present magistrates; of course catholic styles make as to a students. Habits prevent public, basic policies. Clear bright areas adopt eve                               | Shoes                                              | athletic                                           |            1.38 |             267.75 |  0.021183440956025985
 AAAAAAAAMHHDAAAA | Original, final offi                                                                                                                                                                                     | Shoes                                              | athletic                                           |            8.27 |            5827.96 |    0.4610877555707981
 AAAAAAAAMHNCAAAA | Most final areas arrive at a candidates; sorry, young numbers can know mediterranean, just surroundings. Of course corporate windows should look. Faciliti                                               | Shoes                                              | athletic                                           |            0.68 |            7642.34 |    0.6046351378370706
 AAAAAAAAMICBAAAA | Elements go special conditions. Special, normal clients could not speak. Somewhere united jobs could try. Regional rates neg                                                                             | Shoes                                              | athletic                                           |            9.67 |            3663.45 |   0.28983931566892024
 AAAAAAAAMINBAAAA | Electrical rates will not kick past so foreign armies. Unions accept locally local shares. In particular n                                                                                               | Shoes                                              | athletic                                           |            1.69 |           12332.63 |     0.975714433006591
 AAAAAAAAMJCCAAAA | Sensible forms could catch well nuclear policies. For example serious machines take t                                                                                                                    | Shoes                                              | athletic                                           |           16.22 |            6761.99 |     0.534984933371571
 AAAAAAAAMKADAAAA | Experien                                                                                                                                                                                                 | Shoes                                              | athletic                                           |            0.11 |            6495.59 |    0.5139082996808696
 AAAAAAAAMKIBAAAA | Incidentally magnetic opportunities think all. Certain years might imagine right also fundamental others. Examinations would make to a refugees. Decisive players may tell much surprised, local men     | Shoes                                              | athletic                                           |            6.54 | 2586.0699999999997 |   0.20460078862054198
 AAAAAAAAMLLAAAAA | Economi                                                                                                                                                                                                  | Shoes                                              | athletic                                           |            0.84 |            5820.84 |   0.46052444614182747
 AAAAAAAAMNJDAAAA | Grand places will not consider perhaps matters; hard, definite motives might say really; secondly other books concentrate in a workshops. Industrial women                                               | Shoes                                              | athletic                                           |              25 |           17531.59 |    1.3870379145854552
 AAAAAAAAMOOAAAAA | Even foreign needs should not stress so recently                                                                                                                                                         | Shoes                                              | athletic                                           |            4.62 |            3622.65 |   0.28661136276133536
 AAAAAAAAMPGCAAAA | Wal                                                                                                                                                                                                      | Shoes                                              | athletic                                           |            6.04 |            1902.96 |   0.15055552120141627
 AAAAAAAANANCAAAA | Nice, annual components should make steps. American, responsi                                                                                                                                            | Shoes                                              | athletic                                           |           30.42 |           11921.42 |    0.9431809399887481
 AAAAAAAANAOBAAAA | More massive companies go with the lives. White, underlying animals could imagine sorry, upper ways; cat                                                                                                 | Shoes                                              | athletic                                           |            0.92 |  6401.950000000001 |    0.5064998312919909
 AAAAAAAANBLAAAAA | Dependent, primary types roll often levels. Scient                                                                                                                                                       | Shoes                                              | athletic                                           |            2.03 |           20683.64 |    1.6364170558195978
 AAAAAAAAOBOAAAAA | Offices would mean there. More other firms used to claim offers. Indeed young claims write more essential purposes. Simple photographs carry enough from the agents. Domestic days must kn               | Shoes                                              | athletic                                           |            7.19 |            2999.75 |   0.23732969937568235
 AAAAAAAAODEEAAAA | Services save quiet, strong members. Over national problems estimate t                                                                                                                                   | Shoes                                              | athletic                                           |            0.87 |               3087 |   0.24423261337535843
 AAAAAAAAOEBEAAAA | Much brief plants could dig firmly into the divisions. Endless miles can prepare simpl                                                                                                                   | Shoes                                              | athletic                                           |            3.31 |            4015.51 |   0.31769306813569337
 AAAAAAAAOEGBAAAA | Comprehensive criteria give romantic, labour subjects. Teacher                                                                                                                                           | Shoes                                              | athletic                                           |            4.18 |            5781.22 |    0.4573898506957854
 AAAAAAAAOEIDAAAA | Hardly prime purposes can deal common levels. Objectives tour now high issues; affairs might use slightly wide systems; all other systems may need                                                       | Shoes                                              | athletic                                           |            2.58 |               71.4 |  0.005648917588273597
 AAAAAAAAOEPBAAAA | Just other characteristics used to hear guilty, light weapons. Minutes widen deaths. Urban, white deals ought to undertake probably visible, imaginative workers. Best present                           | Shoes                                              | athletic                                           |            6.27 |  6065.079999999999 |   0.47984785835135035
 AAAAAAAAOIKAAAAA | Issues form still working terms. Relevant positions want too final sets. Aside small months cannot try young teeth. Social, important things would take relevant, armed ways. Then tradi                 | Shoes                                              | athletic                                           |            0.41 |            4427.58 |   0.35029460133737267
 AAAAAAAAOJAAAAAA | Throughout main states want thus major, new pockets. Idly young breasts thank bc resulting parties. Costs taste too free critics. Eyes ought to mo                                                       | Shoes                                              | athletic                                           |            9.01 |            4208.68 |     0.332976001056237
 AAAAAAAAOKIDAAAA | Silent laws build always to a personnel. Alw                                                                                                                                                             | Shoes                                              | athletic                                           |            4.56 |           10210.99 |    0.8078577171524624
 AAAAAAAAOLDDAAAA | Different dogs shall not raise conclusions; within waste arms can take european sets. Heavy blocks must not watch too days. Real, main samples might not rent also g                                     | Shoes                                              | athletic                                           |            4.87 | 12049.519999999999 |    0.9533157627206506
 AAAAAAAAOLGAAAAA | Good, different origin                                                                                                                                                                                   | Shoes                                              | athletic                                           |            1.98 |             654.35 |   0.05176987708524969
 AAAAAAAAOLGBAAAA | White descriptions pay british facilities. Walls conceive afraid farmer                                                                                                                                  | Shoes                                              | athletic                                           |            8.48 |                599 |  0.047390779206945156
 AAAAAAAAOLNCAAAA | Only necessary minutes can hold nearly with a traders. No doubt possible rules m                                                                                                                         | Shoes                                              | athletic                                           |            8.93 |            2882.88 |    0.2280833548582939
 AAAAAAAAOMACAAAA | Tired, new instructions used to photograph prospective months. Plans encourage partially for a experiences. Also colonial managers play as straight red words. Lovers draw. Long,                        | Shoes                                              | athletic                                           |           72.24 |             3632.5 |   0.28739066021574006
 AAAAAAAAONMBAAAA | Values start loudly. Complete brothers adopt so feet. Members may not make as well big members. Theoretical, unable results could not quote more crimes. Dead faces used to get chief spirits. L         | Shoes                                              | athletic                                           |            4.12 |            5720.66 |    0.4525985558898212
 AAAAAAAAOPACAAAA | Whole emotions will examine earlier as a eyes. Both so-called boards would not revert very children. Soft, low women shall blame massive, unknown ru                                                     | Shoes                                              | athletic                                           |            8.27 |            4244.76 |    0.3358305241176503
 AAAAAAAAOPFEAAAA | Years must eat about national origins. Simply blind                                                                                                                                                      | Shoes                                              | athletic                                           |            6.46 |  4577.719999999999 |    0.3621731515713138
 AAAAAAAAOPIDAAAA | Results shou                                                                                                                                                                                             | Shoes                                              | athletic                                           |            7.36 |           13762.55 |    1.0888446884383023
 AAAAAAAAPFACAAAA | Boys should exploit equally of course other terms. Authorities fail m                                                                                                                                    | Shoes                                              | athletic                                           |            1.17 |             754.16 |  0.059666494234907774
 AAAAAAAAPGDEAAAA | Unlikely, recent men compete contemporary, possible directors. Quickly good attempts could seem presumably pounds. Narrow, usual securities could satisfy to a homes. Comfortable years                  | Shoes                                              | athletic                                           |            6.35 |           10189.11 |     0.806126648289277
 AAAAAAAAPGGBAAAA | Public forces should believe over only special aspects. Ch                                                                                                                                               | Shoes                                              | athletic                                           |            2.13 |            8774.99 |    0.6942464334443267
 AAAAAAAAPHOBAAAA | Enormous eyes would see above civil, critical arms. Armed cases must say on a sports. Studies shall turn of course never significant                                                                     | Shoes                                              | athletic                                           |            3.98 |             164.16 |  0.012987763463459293
 AAAAAAAAPIIDAAAA | Public, fine adults excuse inevitably by the legs. Immediate, great times may get true, co                                                                                                               | Shoes                                              | athletic                                           |           54.48 |           16441.64 |    1.3008048932221665
 AAAAAAAAPKCBAAAA | Strongly grateful trees win however highly foreign trends. Initial, alternative pp. come hands. Visible interests shall not leave small facilities. Friends imagine usual companies. Vast activities ma  | Shoes                                              | athletic                                           |             0.6 |             588.12 |  0.046529991764922514
 AAAAAAAAPLBEAAAA | Possible things want at least related accountants. Equal relations may control because of an instructions. Persons cannot abandon most high                                                              | Shoes                                              | athletic                                           |            3.01 |            7669.16 |    0.6067570421748506
 AAAAAAAAPMNAAAAA | Skills pass then recently various weeks. So proper states should think with a states; careful, secret forces cannot leave nevertheless dead disputes; women                                              | Shoes                                              | athletic                                           |            2.24 |            1149.96 |   0.09098080209819474
 AAAAAAAAPOIDAAAA | Practices think quietly full problems. Indirectly public issues would spread financial                                                                                                                   | Shoes                                              | athletic                                           |            9.65 |             321.42 |  0.025429623126371138
 AAAAAAAAPPEAAAAA | Months fit more apparent flowers. Politicians might limit by a solicitors; about equal comments will not reca                                                                                            | Shoes                                              | athletic                                           |            64.7 | 10682.650000000001 |    0.8451738021620581
 AAAAAAAAAAIAAAAA | Beautiful, atomic children cover; weeks wi                                                                                                                                                               | Shoes                                              | kids                                               |           56.42 |               1863 |   0.14183795325229673
 AAAAAAAAAALAAAAA | New lev                                                                                                                                                                                                  | Shoes                                              | kids                                               |            6.39 |            2516.78 |   0.19161294899963255
 AAAAAAAAAAMBAAAA | Industrial managers could bring for long dominant problems. Countries possess generally parents; objectives shall provide more often basic                                                               | Shoes                                              | kids                                               |             2.9 | 1793.0900000000001 |   0.13651541363239977
 AAAAAAAAABAAAAAA | Students should not win                                                                                                                                                                                  | Shoes                                              | kids                                               |            8.24 |            2321.69 |   0.17675993434585335
 AAAAAAAAABDEAAAA | Accused, right goods know catholic rounds. High,                                                                                                                                                         | Shoes                                              | kids                                               |            7.97 |            5036.36 |    0.3834390736670623
 AAAAAAAAABKDAAAA | Small, clear professionals find others. New pubs should emerg                                                                                                                                            | Shoes                                              | kids                                               |            0.19 | 2794.0699999999997 |    0.2127241921866048
 AAAAAAAAACDDAAAA | Really british fathers take on a groups. Numbers must not come anywhere perhaps cool days. Accordingly dynamic publications could c                                                                      | Shoes                                              | kids                                               |            5.46 |            5980.33 |    0.4553074433565796
 AAAAAAAAADLCAAAA | Nonetheless palestinian patients used to cling far from houses. Frequently following tools would a                                                                                                       | Shoes                                              | kids                                               |            1.27 |            3303.79 |   0.25153129982576783
 AAAAAAAAAEDEAAAA | Singl                                                                                                                                                                                                    | Shoes                                              | kids                                               |            7.64 |             2936.5 |    0.2235679816024527
 AAAAAAAAAGBDAAAA | Good, vast members must not improve there. Sooner deep initiatives might                                                                                                                                 | Shoes                                              | kids                                               |            3.04 |            5517.83 |    0.4200953910864844
 AAAAAAAAAGLAAAAA | Definitely modern parts should not go for a children. Implications achieve however th                                                                                                                    | Shoes                                              | kids                                               |            2.78 |            8331.01 |     0.634274507205806
 AAAAAAAAAIGCAAAA | Letters grow in general managers. Just                                                                                                                                                                   | Shoes                                              | kids                                               |            0.48 |           20506.29 |    1.5612293088556308
 AAAAAAAAAJNAAAAA | Mec                                                                                                                                                                                                      | Shoes                                              | kids                                               |            4.05 |            9734.73 |    0.7411455602059746
 AAAAAAAAAMAEAAAA | Social years mig                                                                                                                                                                                         | Shoes                                              | kids                                               |            0.26 |            1736.07 |   0.13217424342604123
 AAAAAAAAANAAAAAA | At first great humans keep; initially real ministers prevent                                                                                                                                             | Shoes                                              | kids                                               |            9.21 |           15798.78 |    1.2028269560296945
 AAAAAAAAANGDAAAA | Marvellous fingers shall obey again foreign men. Things might match later new ages. Sensible games get. Easily immediate grounds meet particularly political mountains. Foreign tre                      | Shoes                                              | kids                                               |            2.48 | 2717.9199999999996 |   0.20692657536418801
 AAAAAAAAANKAAAAA | Small, major feelings cannot happen parallel days. Exactly residential hands wear slightly by the observers. Daily, valuable fields should not like more states; early gover                             | Shoes                                              | kids                                               |             1.1 |            1283.04 |   0.09768318171810349
 AAAAAAAAAOBCAAAA | Excitin                                                                                                                                                                                                  | Shoes                                              | kids                                               |            2.62 | 7438.8099999999995 |    0.5663476033455274
 AAAAAAAAAOJAAAAA | Simple organizations must not establish implicit ideas. Views give too british minutes. Ill, soft reasons write in a consumers. Players describe however. Critics poison about; ladies                   | Shoes                                              | kids                                               |             3.7 |  5436.610000000001 |    0.4139117740370204
 AAAAAAAAAOLDAAAA | Glorious, imperial customers ought to ge                                                                                                                                                                 | Shoes                                              | kids                                               |           73.36 |            1675.17 |   0.12753767265144925
 AAAAAAAABABCAAAA | Presently hard b                                                                                                                                                                                         | Shoes                                              | kids                                               |            0.91 |           23266.74 |     1.771393870345326
 AAAAAAAABFCCAAAA | Ways adapt partly trees. More old things believe then recent reports. Around retail things may make commercial homes. Professional deta                                                                  | Shoes                                              | kids                                               |            6.93 |  9525.990000000002 |    0.7252533141716835
 AAAAAAAABJIBAAAA | Emotions will not expect merely after the advances. Duties must not delay; also short years occur however with a democrats. Materials can absorb hitherto f                                              | Shoes                                              | kids                                               |            0.96 |            1398.78 |   0.10649495021484039
 AAAAAAAABPECAAAA | Particular users grow more rewards. Old, original places take to a re                                                                                                                                    | Shoes                                              | kids                                               |            7.95 |  6795.290000000001 |    0.5173537441523347
 AAAAAAAACAGDAAAA | Partners put so other members. Enough official issues might prevent in general regular important magazines; strategies make once away from a questions.                                                  | Shoes                                              | kids                                               |            5.32 |            1281.86 |   0.09759334340096032
 AAAAAAAACAOAAAAA | Methods know there other relations; other weapons study of course scientific users. Relative, colourful thousands c                                                                                      | Shoes                                              | kids                                               |           40.15 |            11675.4 |    0.8888968542146352
 AAAAAAAACDGAAAAA | Junior problems might permit only liberal problems. Sudden, difficult funds play modern, social employees. Armed types consider common, coming allowances. Bo                                            | Shoes                                              | kids                                               |            1.16 |            3691.42 |    0.2810431870072964
 AAAAAAAACFNCAAAA | Political subjects must not avoid little. Distant sciences may satisfy practical, young expectations. About high groups should consider too together other applications. Glad parents must not           | Shoes                                              | kids                                               |            7.83 |           10970.46 |    0.8352268344799738
 AAAAAAAACGFEAAAA | Direct, ideal years give so really good things. Ever sorry acts would not think maybe. Blue blacks aspire as a pieces.                                                                                   | Shoes                                              | kids                                               |            1.91 |            2831.25 |    0.2155548605182851
 AAAAAAAACHDBAAAA | Upper services say before legal rooms. Eyes may support children. Relationships would not obtain then in particu                                                                                         | Shoes                                              | kids                                               |            3.89 | 1117.3899999999999 |   0.08507155694287914
 AAAAAAAACIABAAAA | Beneficial purposes stabilize thus genetic, daily trees. Most national circumstances think with a firms. As other citizens talk only still ind                                                           | Shoes                                              | kids                                               |            1.61 | 2318.8199999999997 |   0.17654142928636107
 AAAAAAAACIPBAAAA | Controversial, public reasons cry quickly yet public principles; general, white children must adopt only more strategic developments. Chapters must not live yet strong, black students. Terms sho       | Shoes                                              | kids                                               |            0.86 |  7386.370000000001 |    0.5623551276243517
 AAAAAAAACJFBAAAA | Local, single reports move for a changes. Wild, alone cultures follow only consistent problems. All african teachers can provide tomorrow. Explicit, american farmers cou                                | Shoes                                              | kids                                               |            1.07 |            5764.23 |    0.4388548498526497
 AAAAAAAACJIDAAAA | Other surveys may listen stages. Poor streets think. By no means new directions take also fierce chap                                                                                                    | Shoes                                              | kids                                               |            8.17 |               2859 |    0.2176675836544908
 AAAAAAAACLPAAAAA | Terrible, absolute goods could bother more wealthy, illegal days. Things open for exam                                                                                                                   | Shoes                                              | kids                                               |            5.38 |            2016.38 |   0.15351541179756634
 AAAAAAAACNGBAAAA | Services can find there fine activities. Together likely teams can release about free men. Conditions ar                                                                                                 | Shoes                                              | kids                                               |            1.68 |             2030.4 |   0.15458281281989442
 AAAAAAAACPHCAAAA | Please thick thanks make studies. Masters might concentrate better restaurants. Scottish, clear artists ought to love there to a reforms. Photograph                                                     | Shoes                                              | kids                                               |           93.22 |  7998.150000000001 |    0.6089324883547274
 AAAAAAAADABDAAAA | T                                                                                                                                                                                                        | Shoes                                              | kids                                               |            3.78 |            4368.79 |   0.33261418775582474
 AAAAAAAADAHDAAAA | Major, flexible computers remove more fine components. Still central problems can get at least similar days. However strong entries see here local colleagues                                            | Shoes                                              | kids                                               |            0.81 |           11214.32 |    0.8537929124617801
 AAAAAAAADDDBAAAA | Long-term vessels sha                                                                                                                                                                                    | Shoes                                              | kids                                               |            0.96 |            1946.45 |   0.14819134949432797
 AAAAAAAADFCAAAAA | Liberal, routine books shall include against a agreements; finally applicable cases see well similar societies; special, political n                                                                     | Shoes                                              | kids                                               |            1.98 |            3817.08 |    0.2906102064413724
 AAAAAAAADFHBAAAA | Public contents used to tell sort of                                                                                                                                                                     | Shoes                                              | kids                                               |            0.26 |            8256.97 |    0.6286375334759079
 AAAAAAAADGPBAAAA | However commercial carers cannot say comprehensive companies. Often concerned goods might pull badly. New, racial objections would send just deeper good russians. Banks may                             | Shoes                                              | kids                                               |            1.75 |            2166.73 |    0.1649621838166124
 AAAAAAAADMAEAAAA | Cars minimise royal schools; very natural users provide here versus the channels. Political, green holders can say somehow. Members mean equal discussions. Superior, fine areas cannot res              | Shoes                                              | kids                                               |            9.05 |            4587.37 |   0.34925559399408934
 AAAAAAAADOEEAAAA | Much illegal minutes shall express enough pregnant mad passages. Keen, clear views would make ahead previously social years. Other, significant terms accept more individual owners. Childre             | Shoes                                              | kids                                               |            2.61 |              439.9 |   0.03349142009430238
 AAAAAAAAEABAAAAA | Various, old members used to collaborate as well like a towns. T                                                                                                                                         | Shoes                                              | kids                                               |            8.46 |            2589.85 |    0.1971760725874722
 AAAAAAAAEAKCAAAA | National features should govern essentially. Dogs st                                                                                                                                                     | Shoes                                              | kids                                               |            0.38 |  7245.400000000001 |    0.5516224940924266
 AAAAAAAAEEEEAAAA | Days give specialist, used hospitals. Lessons pay oft                                                                                                                                                    | Shoes                                              | kids                                               |             5.1 |            5276.86 |   0.40174934084751185
 AAAAAAAAEFDCAAAA | Just cheap par                                                                                                                                                                                           | Shoes                                              | kids                                               |            3.97 |             4675.9 |   0.35599575180483856
 AAAAAAAAEFEBAAAA | Patients provide just. Alone processes should see merely at once suitable factors. Large, social others will keep now. Soviet, large ways would not get points; very simil                               | Shoes                                              | kids                                               |            6.29 | 2769.9399999999996 |   0.21088707473519416
 AAAAAAAAEFKBAAAA | Subjective, western books borrow for a drugs. Powerful, formal policies fire. Rather other values should get at random brit                                                                              | Shoes                                              | kids                                               |            5.51 |           13781.34 |    1.0492308420150334
 AAAAAAAAEFKDAAAA | Social services might not become cri                                                                                                                                                                     | Shoes                                              | kids                                               |            12.6 |           18596.86 |    1.4158564462262517
 AAAAAAAAEGCEAAAA | In order competitive odds used to supplement more swiss, conservative branches. Male, broken tiles ought to safeguard exactly true settings. Rel                                                         | Shoes                                              | kids                                               |            0.25 |            3730.16 |   0.28399262463960667
 AAAAAAAAEHOAAAAA | Indian, whole f                                                                                                                                                                                          | Shoes                                              | kids                                               |            38.6 |            3296.55 |    0.2509800884561776
 AAAAAAAAEJBCAAAA | Successful charges listen now isolated choices. Original, national solutions may sail readers. Good, chief rates live occasi                                                                             | Shoes                                              | kids                                               |            1.98 |             6888.5 |    0.5244502098649737
 AAAAAAAAEKGAAAAA | Polit                                                                                                                                                                                                    | Shoes                                              | kids                                               |            3.19 | 1281.5900000000001 |   0.09757278717585131
 AAAAAAAAEKIBAAAA | Wealthy tests may not require soon small teachers. Organisers may ring. Carefully small causes l                                                                                                         | Shoes                                              | kids                                               |            5.57 |             750.12 |   0.05710976140290543
 AAAAAAAAELEEAAAA | Trees used to perform there methods. At all definite gates should make to an ages. Small, strange decades ought to respond future areas.                                                                 | Shoes                                              | kids                                               |            3.54 | 11291.119999999999 |    0.8596400164927926
 AAAAAAAAELHBAAAA | Good, sure enemies watch thin ide                                                                                                                                                                        | Shoes                                              | kids                                               |            0.47 |            3081.56 |   0.23461200387769593
 AAAAAAAAEMAEAAAA | Comprehensive                                                                                                                                                                                            | Shoes                                              | kids                                               |            6.81 |            8590.32 |    0.6540168580688511
 AAAAAAAAEMDEAAAA | Briefly young steps shall become less from a companies. Then real numbers become significantly adva                                                                                                      | Shoes                                              | kids                                               |            9.73 | 10551.119999999999 |    0.8033007328606404
 AAAAAAAAENLDAAAA | Reasonably simple waters might keep again so welsh properties.                                                                                                                                           | Shoes                                              | kids                                               |             4.2 | 3515.3500000000004 |   0.26763824421119775
 AAAAAAAAEOLAAAAA | Here overseas wings decrease tenants. Legs might not shut almost nuclear drinks. Northern, likely authors speak great colours. British schools talk respectively                                         | Shoes                                              | kids                                               |            3.11 |            7293.99 |    0.5553218532703811
 AAAAAAAAEPGBAAAA | Other, normal odds can help far clever circumstances. Previously nice points can make always in a men. Controls can shoot; trees could not supply feelings. For example dead                             | Shoes                                              | kids                                               |            9.55 |            4613.44 |    0.3512404117296166
 AAAAAAAAEPKDAAAA | Sections take again in order single signs. Long christian families rea                                                                                                                                   | Shoes                                              | kids                                               |            0.82 |            2410.74 |   0.18353968192347922
 AAAAAAAAFAKBAAAA | Children fade so waves. Simply daily guests cannot understand. Areas try. At first scientific animals tell as so original cars. Full, old rules raise major examples. Large, long goods                  | Shoes                                              | kids                                               |            1.28 |            5007.71 |    0.3812578297804932
 AAAAAAAAFBBAAAAA | Great, darling others might agre                                                                                                                                                                         | Shoes                                              | kids                                               |            3.58 | 3716.4700000000003 |   0.28295034789241186
 AAAAAAAAFCFEAAAA | Parents think here briefly available meals. Only national doubts used to choose less in the taxes. Excessive, certain solicitors infer international terms. Already new processe                         | Shoes                                              | kids                                               |            0.56 |            7928.63 |    0.6036396410599879
 AAAAAAAAFFADAAAA | Serious, appropriate years might not run well instead right courses. Specified needs present tasks. Methods derive increasingly false losses. Extremely free effects bring regardless physical,          | Shoes                                              | kids                                               |            2.86 |           14110.88 |     1.074320095431438
 AAAAAAAAFLMDAAAA | Sexual operations will see old children. Well following sciences meet rather. Then high eyes should see theoretical, european sys                                                                        | Shoes                                              | kids                                               |            1.99 | 4143.3099999999995 |   0.31544745576477373
 AAAAAAAAFNDEAAAA | More useful ideas                                                                                                                                                                                        | Shoes                                              | kids                                               |            0.87 |            4465.12 |   0.33994819206972365
 AAAAAAAAFOMAAAAA | Awful, dramatic years could feel m                                                                                                                                                                       | Shoes                                              | kids                                               |            8.48 |           11364.84 |    0.8652526272892281
 AAAAAAAAFPKBAAAA | Mechanisms may fit around the dangers. Men could form powers. New kings could not vote relatively in a pages. Machines would not interfere there specified, just rights. Young, local ideas used to ra   | Shoes                                              | kids                                               |            3.46 |            1923.78 |   0.14646538792684027
 AAAAAAAAGABBAAAA | Severe films should appear more true police. So limited managers must come r                                                                                                                             | Shoes                                              | kids                                               |            5.07 |            4253.79 |      0.32385875854272
 AAAAAAAAGBICAAAA | Often mad ingredients campaign rural, old interests. Cases shall not take firms. Islamic changes discuss still. More large visitors handle more to a parents. Prime, open tea                            | Shoes                                              | kids                                               |            1.58 |           19746.06 |     1.503349831023643
 AAAAAAAAGCDCAAAA | Increased churches look here in a categories; modern, official stars date then good clubs; difficult, aware bits carry for a ministers. Specially comp                                                   | Shoes                                              | kids                                               |               3 |             282.24 |   0.02148810731397114
 AAAAAAAAGDICAAAA | Legal, bad operators deal else national statements. Considerably availabl                                                                                                                                | Shoes                                              | kids                                               |            1.06 | 10653.439999999999 |    0.8110907808352914
 AAAAAAAAGEKDAAAA | Local, particular ideas could think assistant, dependent rights.                                                                                                                                         | Shoes                                              | kids                                               |            1.66 |           23176.37 |    1.7645136256671672
 AAAAAAAAGFDAAAAA | Even electric things determine just grey races.                                                                                                                                                          | Shoes                                              | kids                                               |            1.88 |              73.32 |  0.005582157129607298
 AAAAAAAAGFMAAAAA | Arts use there critics. Re                                                                                                                                                                               | Shoes                                              | kids                                               |            2.78 |             412.61 |   0.03141371867494909
 AAAAAAAAGFNCAAAA | Financial decisions respect very absolute, unique numbers. Things could not say at l                                                                                                                     | Shoes                                              | kids                                               |            3.84 |  624.3199999999999 |  0.047532083185439555
 AAAAAAAAGHBAAAAA | Respective, popular heels could not talk then neutral, logical manufacturers; likely, big children live. So equivalent constraints might not use runs. Good, clear compa                                 | Shoes                                              | kids                                               |            1.04 |             409.68 |  0.031190645565432596
 AAAAAAAAGHJBAAAA | As old events thin                                                                                                                                                                                       | Shoes                                              | kids                                               |            3.53 |            1717.44 |   0.13075586389351826
 AAAAAAAAGIFBAAAA | Early new views seem always pregnant, legal unions. Rules could argue. New, international men wi                                                                                                         | Shoes                                              | kids                                               |            2.08 |            1061.23 |   0.08079586212020122
 AAAAAAAAGIGAAAAA | Blocks will not sit sure, serious fragm                                                                                                                                                                  | Shoes                                              | kids                                               |            4.99 |           10333.78 |    0.7867537329895433
 AAAAAAAAGJBAAAAA | Northern dreams go states. Comfortable men like due to a degrees. Especially chemical women ought to expel furth                                                                                         | Shoes                                              | kids                                               |            4.04 |            2968.95 |   0.22603853532388965
 AAAAAAAAGJEEAAAA | Primarily narrow circumstances must support well. Right, unable goals may stop less than on a factors. Slightly economic parents make so black services. Departments ought to continue even inc, cen     | Shoes                                              | kids                                               |            6.55 |            6276.72 |   0.47787284913459793
 AAAAAAAAGJLAAAAA | Free, irish notions ought to say cautiously to the markets. Benefits would talk all forms. Liberal partners guard however natur                                                                          | Shoes                                              | kids                                               |            1.98 | 7283.7699999999995 |    0.5545437620829208
 AAAAAAAAGKABAAAA | For example prime representations ought to change senior aspects. Local years control really. Following products will kiss functions. Already immediate arms issue directly more conce                   | Shoes                                              | kids                                               |            0.88 |              52.89 | 0.0040267360963574745
 AAAAAAAAGLLBAAAA | Short plants overcome open free newsp                                                                                                                                                                    | Shoes                                              | kids                                               |            9.87 | 2544.9700000000003 |   0.19375917116934926
 AAAAAAAAGMACAAAA | Individual workshops understand ready efforts. Natural workers match really individual women. Furious schools enter naturally maxi                                                                       | Shoes                                              | kids                                               |            8.26 |                576 |   0.04385328023259416
 AAAAAAAAGNGBAAAA | Commercial, clear police could wait sole, labour mines. Other, initial rates may know to a gir                                                                                                           | Shoes                                              | kids                                               |            4.19 |            2122.13 |   0.16156659996526918
 AAAAAAAAGNHDAAAA | Relentlessly open forms take otherwise good ministers. Just s                                                                                                                                            | Shoes                                              | kids                                               |            2.56 |             379.13 |  0.028864746761429555
 AAAAAAAAGNOBAAAA | Only contracts may go rather close clients. Here chief skills might not hide active, dual lists. Others must not add well just white servi                                                               | Shoes                                              | kids                                               |            7.14 | 11888.810000000001 |    0.9051446468091456
 AAAAAAAAGOODAAAA | Public themes reveal faintly deep soft achievements. Grand, unchanged patients take indeed words. Intense properties ensure male courses. Commercial, available countries s                              | Shoes                                              | kids                                               |             1.7 |            6433.77 |    0.4898297200730162
 AAAAAAAAGPGBAAAA | Extraordinary, bad girls shall challenge classical powers. Different, high deaths mean more even white years. Human, other ears used to get. Outcomes know only for a me                                 | Shoes                                              | kids                                               |            2.26 |            7632.13 |    0.5810658605235918
 AAAAAAAAGPMBAAAA | Ultimate, a                                                                                                                                                                                              | Shoes                                              | kids                                               |            8.32 |              367.9 |   0.02800976006522811
 AAAAAAAAHAAAAAAA | Phenomena demand hard p                                                                                                                                                                                  | Shoes                                              | kids                                               |            7.13 |             286.74 |   0.02183071106578828
 AAAAAAAAHAPDAAAA | Participants swim. Big, old interests cos                                                                                                                                                                | Shoes                                              | kids                                               |            2.86 |            2847.84 |   0.21681792634998429
 AAAAAAAAHBFDAAAA | Lists ought to see anywhere upper, other flower                                                                                                                                                          | Shoes                                              | kids                                               |            9.01 | 1774.1100000000001 |   0.13507038714140213
 AAAAAAAAHBIDAAAA | More great children obey lands. Great, english police send thus then annual profits. True men designate bett                                                                                             | Shoes                                              | kids                                               |            4.53 |                269 |  0.020480090941958035
 AAAAAAAAHGFBAAAA | Newspapers must wish often new years. Then different eyes must not sleep yet historical, other cases; authorities ought to wear particularly clearly big seconds. Minute                                 | Shoes                                              | kids                                               |            3.48 |            3262.01 |   0.24835041432556332
 AAAAAAAAHIBAAAAA | Here professional areas form residents. Purposes will not explain even only foreign rules. Names shall take enough too magnificent futures. Firm programmes resolve. Suddenly s                          | Shoes                                              | kids                                               |            2.48 |            3820.38 |     0.290861449192705
 AAAAAAAAHIEDAAAA | Organisations could not pin through a parts. Southern, consistent firms make more still mental plans. Children add also instead warm regul                                                               | Shoes                                              | kids                                               |             0.7 |           10801.98 |      0.82239975001194
 AAAAAAAAHIHAAAAA | Married results simplify tightly fixed, general branches. Arbitrary, sorry ways would not consider right eyes. European, successful duties will                                                          | Shoes                                              | kids                                               |             3.3 | 1114.1100000000001 |     0.084821836874888
 AAAAAAAAHJGAAAAA | Ago senior proposals could not save always amazing, hungry regions. Papers ask best tall, industrial problems. Running jobs will say to a damages. As well likely                                        | Shoes                                              | kids                                               |             1.1 |            9003.64 |    0.6854846320024203
 AAAAAAAAHKFAAAAA | Proposed areas                                                                                                                                                                                           | Shoes                                              | kids                                               |            4.48 |           13688.73 |    1.0421800568026365
 AAAAAAAAHKIAAAAA | Soon premier sons remember international consequences. Just old problems want ago ways. Technical hands could not establish everyday substances. White preferences should not state eithe                | Shoes                                              | kids                                               |           61.55 |             204.36 |  0.015558778382522469
 AAAAAAAAHLJBAAAA | Attractive, legal programmes enhance just. Forma                                                                                                                                                         | Shoes                                              | kids                                               |            0.17 | 14125.170000000002 |    1.0754080526788752
 AAAAAAAAHLNAAAAA | Extraordinary materials shall not trust personal, likely eyes. Actual hands say increasingly free patients. Identical, stupid cells find interested, main reserves. Other images stay then rational pr   | Shoes                                              | kids                                               |            0.36 |            5544.51 |   0.42212665066392474
 AAAAAAAAHLNDAAAA | Rural councils buy so much as emphatically special developments. Spanish dogs see onl                                                                                                                    | Shoes                                              | kids                                               |            2.15 |             5777.4 |    0.4398575368329679
 AAAAAAAAHPBCAAAA | Extreme questions refuse. Other eyes cannot split after the relationships. Rate                                                                                                                          | Shoes                                              | kids                                               |            5.44 |            7353.73 |    0.5598701084111712
 AAAAAAAAIALBAAAA | Nuclear services must protect; powerful differences will not make only level, compatible connections. Sometimes used lines pass at least real arts. Suc                                                  | Shoes                                              | kids                                               |            9.22 |  5908.469999999999 |    0.4498364421108951
 AAAAAAAAIAMDAAAA | Parents finish int                                                                                                                                                                                       | Shoes                                              | kids                                               |            4.56 | 3223.0199999999995 |   0.24538194315148543
 AAAAAAAAIBHAAAAA | Police would                                                                                                                                                                                             | Shoes                                              | kids                                               |            0.83 |             1842.1 |    0.1402467491605238
 AAAAAAAAIBLAAAAA | Individual, encouraging clubs run very theoretical users; french, urgent techniques use. Structures can earn mere values. Youn                                                                           | Shoes                                              | kids                                               |            2.54 |             319.68 |   0.02433857052908976
 AAAAAAAAIBNBAAAA | More separate                                                                                                                                                                                            | Shoes                                              | kids                                               |            0.53 |            7568.99 |     0.576258749214762
 AAAAAAAAIDIBAAAA | As annual programmes could not arrange levels. Deep words might not make too later static stories. Cultural, main types read thus                                                                        | Shoes                                              | kids                                               |            0.93 |  5596.089999999999 |    0.4260536510014198
 AAAAAAAAIEBDAAAA | Occupations used to convey. Even educational fingers eat around demands; profound, british bird                                                                                                          | Shoes                                              | kids                                               |            0.44 |             881.92 |   0.06714424462279417
 AAAAAAAAIFCCAAAA | Just different areas ought to win difficult, original children. Before natural examinations dismantle pre                                                                                                | Shoes                                              | kids                                               |            4.85 |           13204.75 |    1.0053326426238676
 AAAAAAAAIFNAAAAA | Assumptions could assist anywhere. Desirable problems shou                                                                                                                                               | Shoes                                              | kids                                               |            2.83 |            9308.29 |    0.7086789060004409
 AAAAAAAAIIFEAAAA | Causes prejudice. Beliefs used to go necessary products. Payable, good jobs might aid historical, great levels; raci                                                                                     | Shoes                                              | kids                                               |             0.4 |            5295.86 |   0.40319589002185086
 AAAAAAAAIJFDAAAA | Then foreign heads take hardly. Today bright hotels might take objects. Then expected affairs think. Invariably guilty minutes could not enable effect                                                   | Shoes                                              | kids                                               |               5 |  5805.470000000001 |   0.44199462290263625
 AAAAAAAAIJJDAAAA | Tonnes pull very; roads eat into a buildings. Personnel think always teeth. Old, public players buy in the sports; clubs develop. Small, usual families must c                                           | Shoes                                              | kids                                               |            1.92 | 1019.9000000000001 |   0.07764923699517845
 AAAAAAAAIKGBAAAA | Floors carry actually relationships. Players may see often by a employers. Large firms discuss all alive women. Hard true layers start just. Legal nam                                                   | Shoes                                              | kids                                               |            8.91 |             650.52 |   0.04952679836268603
 AAAAAAAAILCEAAAA | More than dynamic bands go therefore rural pp.. Proposed, specified races light much sad words. Quiet models must say useful, present governments. National objects learn also others. As small areas ca | Shoes                                              | kids                                               |            9.67 | 12322.319999999998 |    0.9381495695758673
 AAAAAAAAILIBAAAA | More similar rules can cook others. Sides fall separately. Necessary,                                                                                                                                    | Shoes                                              | kids                                               |            2.83 |            1197.28 |   0.09115391555013948
 AAAAAAAAIOHAAAAA | Years might stop. Authorities listen assistant, rare years. Good problems leave to the off                                                                                                               | Shoes                                              | kids                                               |            6.57 | 5634.9400000000005 |    0.4290114633921079
 AAAAAAAAJAABAAAA | However autonomous specimens give of course special males. Errors deal disputes. Visual, ancient days work open. Others move areas. Good, lengthy studies think at least difficult,                      | Shoes                                              | kids                                               |             2.2 | 3306.2799999999997 |    0.2517208739017733
 AAAAAAAAJBNCAAAA | Bold, early colleagues shall cause in the proce                                                                                                                                                          | Shoes                                              | kids                                               |            2.49 | 1982.6000000000001 |   0.15094359963392567
 AAAAAAAAJEPAAAAA | Steps must clear widely too regional arguments. European, japanese farmers gather prominent sessions. Outside democratic things cou                                                                      | Shoes                                              | kids                                               |           86.18 |           10209.24 |    0.7772719838225861
 AAAAAAAAJFGCAAAA | Nationally available degrees sue prob                                                                                                                                                                    | Shoes                                              | kids                                               |             6.9 | 16192.860000000002 |    1.2328299085888277
 AAAAAAAAJHNCAAAA | At all brief rates must accommodate then well sorry systems. Cold questions should allow enough. Relevant structures may ask here. New groups can cause over consistent cases; changes would not         | Shoes                                              | kids                                               |           97.41 |            3224.45 |   0.24549081501039624
 AAAAAAAAJHPDAAAA | Short days prove precisely. Sons would break. Available applications cannot appear wet needs. Alleged childr                                                                                             | Shoes                                              | kids                                               |            0.85 |           19273.15 |    1.4673452220743441
 AAAAAAAAJINBAAAA | European measures must not allocate together. Rather above teachers wish alternativ                                                                                                                      | Shoes                                              | kids                                               |            1.06 |            6530.42 |    0.4971880873203777
 AAAAAAAAJLFAAAAA | Better physical creditors raise more                                                                                                                                                                     | Shoes                                              | kids                                               |            4.18 |           11539.66 |    0.8785624023764887
 AAAAAAAAJPPBAAAA | Foreign years throw only red men. Other, slim signs ought to see books. However intensive factors                                                                                                        | Shoes                                              | kids                                               |            4.07 |           14760.79 |    1.1238004519522111
 AAAAAAAAKACCAAAA | Police long american, big companies. Northern heads become high countries. Then unique sections live.                                                                                                    | Shoes                                              | kids                                               |            3.16 |             3019.8 |   0.22990995771942335
 AAAAAAAAKAMBAAAA | Modern, formal surfaces used to expect alone carefully prepared stones. Original countries clear more; stable workers ex                                                                                 | Shoes                                              | kids                                               |             4.4 |            10765.2 |     0.819599535347088
 AAAAAAAAKBIDAAAA | Separate, fresh figures mean there about social devices; regulations might not send in the parties. Literary resources will know new guards; definitions could say open by a levels. There cheap ga      | Shoes                                              | kids                                               |            2.33 | 12720.910000000002 |    0.9684958872284887
 AAAAAAAAKCEDAAAA | Popular, possible functions arrest physical, appropriate hands. Inc, wide prisons breathe centres. Students rescue just. Consistent policies take also and so on tall friends. Ways un                   | Shoes                                              | kids                                               |           13.77 |            10849.2 |    0.8259948053810079
 AAAAAAAAKCMBAAAA | Considerable views go italian, early objectives. Significantly sudden boundaries leave for a accounts. Sheets travel; happy clubs depend more than. Significant, low forms ought to give. Usual, dea     | Shoes                                              | kids                                               |            7.76 |            1038.96 |   0.07910035421954172
 AAAAAAAAKDFCAAAA | Now large passengers would not flower perhaps for a words. Young, practical observations finish even economic, white days; yards overcome warm, secondary members. More industrial ra                    | Shoes                                              | kids                                               |            3.47 |            5646.72 |   0.42990832388019806
 AAAAAAAAKDGAAAAA | Regular requirements care rather others. Up to perfect lectures kill more socially major scholars. Then small patients marry possible situations. Probably complete arts learn yet from a eyes.          | Shoes                                              | kids                                               |            2.08 |            3291.07 |   0.25056287322063137
 AAAAAAAAKDNCAAAA | Early, alternative communities shall happen                                                                                                                                                              | Shoes                                              | kids                                               |            3.93 |            2246.52 |    0.1710369290071657
 AAAAAAAAKEIAAAAA | Numbers may                                                                                                                                                                                              | Shoes                                              | kids                                               |           65.11 |             209.84 |  0.015975993618068677
 AAAAAAAAKGABAAAA | Young, large lives might mention home back players; homes might remind rights. Difficulties indicate indeed whole homes. Linear centuries tell. Japanese places exist here hard                          | Shoes                                              | kids                                               |            6.79 |              289.8 |  0.022063681617023937
 AAAAAAAAKHMDAAAA | Just fresh r                                                                                                                                                                                             | Shoes                                              | kids                                               |            0.45 |            9031.41 |    0.6875988778219674
 AAAAAAAAKIFAAAAA | Remarkable items know just; hence other bands can contemplate public powers. Good, comi                                                                                                                  | Shoes                                              | kids                                               |            2.54 |             7439.4 |     0.566392522504099
 AAAAAAAAKJKCAAAA | Active eyes want early, left facilities. Parliamentary minds achieve.                                                                                                                                    | Shoes                                              | kids                                               |            2.37 | 15412.470000000001 |     1.173415565948699
 AAAAAAAAKJNCAAAA | Common, old factories must not need only at a systems. Acute standards can think effects. No longer leading rates send allegedly smooth days. Over expected places will not open meetings                | Shoes                                              | kids                                               |            0.82 |            1339.69 |   0.10199618228264595
 AAAAAAAAKKIAAAAA | Other, advisory funds might rescue as strong, successfu                                                                                                                                                  | Shoes                                              | kids                                               |            2.77 |            7818.58 |     0.595261075973882
 AAAAAAAAKMHAAAAA | Resources can try prizes. All similar fingers could not move european, red homes. Industrial types like nevertheless diplomatic communists. Private, regular                                             | Shoes                                              | kids                                               |            1.75 |            3780.07 |    0.2877924809180941
 AAAAAAAAKNFDAAAA | Foreign cameras believe so economic hills. Democratic, economic women use companies. Too thinking departments ought to describe apart by a women. Lips shoot stil                                        | Shoes                                              | kids                                               |             3.7 |            5475.19 |   0.41684903020259934
 AAAAAAAAKPEAAAAA | So strong criteria cannot send. Islands cope arts; just immediate stones shall not go basically costs. Superb locations start new, difficult boards. Big requests shall get now                          | Shoes                                              | kids                                               |            6.33 |            6364.35 |   0.48454448619498375
 AAAAAAAALAEEAAAA | New, new directors might touch positively as white signals. Total, ready nurses walk firmly. Honest men become others. Entirely ethical ele                                                              | Shoes                                              | kids                                               |            9.16 |              386.4 |  0.029418242156031917
 AAAAAAAALCDDAAAA | Then mass babies cause more r                                                                                                                                                                            | Shoes                                              | kids                                               |            1.92 |            2273.59 |   0.17309788090976347
 AAAAAAAALEGEAAAA | Long things p                                                                                                                                                                                            | Shoes                                              | kids                                               |           68.89 | 1703.1399999999999 |   0.12966714530441045
 AAAAAAAALILBAAAA | Important ideas play there outstanding, asleep pupils. Actual votes can taste much necessary authorities. Complete times cannot work alone so c                                                          | Shoes                                              | kids                                               |            2.31 |            8175.41 |    0.6224280308096399
 AAAAAAAALKDEAAAA | Difficult, recent legs forget including a students; white services play; white examples need                                                                                                             | Shoes                                              | kids                                               |            0.35 | 25124.690000000002 |     1.912847346053917
 AAAAAAAALKEAAAAA | Really internation                                                                                                                                                                                       | Shoes                                              | kids                                               |            2.33 |            1619.94 |   0.12333278260414685
 AAAAAAAALLDAAAAA | Too rough engines tell often s                                                                                                                                                                           | Shoes                                              | kids                                               |            3.45 |               2787 |   0.21218592362541652
 AAAAAAAALLECAAAA | Only sexual                                                                                                                                                                                              | Shoes                                              | kids                                               |            6.05 |            1194.11 |   0.09091257024052606
 AAAAAAAALLIBAAAA | Technical teeth may race consequently; police could thank; just sexual choices hold fat, short players. Regulations may str                                                                              | Shoes                                              | kids                                               |            9.69 |           25683.54 |    1.9553949253212524
 AAAAAAAALNDEAAAA | Short, significant                                                                                                                                                                                       | Shoes                                              | kids                                               |            2.56 |  9556.539999999999 |    0.7275792129756864
 AAAAAAAALOFEAAAA | Schools could not find at first by a trees. Already new                                                                                                                                                  | Shoes                                              | kids                                               |            1.94 |           17322.78 |    1.3188554266450998
 AAAAAAAALOPAAAAA | Independently                                                                                                                                                                                            | Shoes                                              | kids                                               |            7.06 |             6038.9 |   0.45976662152189735
 AAAAAAAAMAEBAAAA | Again daily champions may serve raw, large solicitors. Left, simple languages fight at least public, surprising opportunities. Later valuable letters might not come                                     | Shoes                                              | kids                                               |            4.71 |              112.2 |  0.008542253545307405
 AAAAAAAAMANDAAAA | Full,                                                                                                                                                                                                    | Shoes                                              | kids                                               |             1.6 |             700.89 |  0.053361676358025904
 AAAAAAAAMBABAAAA | Marks should talk like a seats. Useful decisions taste. Lost, inc farms make. Central, possible animals would know most;                                                                                 | Shoes                                              | kids                                               |            3.84 | 18223.340000000004 |     1.387418812142088
 AAAAAAAAMBJBAAAA | Hours beat then general payments. Too other expectations escape now. Effectively male authorities return now it                                                                                          | Shoes                                              | kids                                               |            4.33 |               2524 |   0.19216263768588135
 AAAAAAAAMBJDAAAA | Partners call professional, part-time pupils. Almost contemporary injuries might not say etc difficult, big students. Here nice accountants g                                                            | Shoes                                              | kids                                               |             1.2 |            1370.42 |   0.10433578523672168
 AAAAAAAAMDEDAAAA | Real, modern plants may walk both to a reports. Independent years know still big concentrations. Faster electronic drugs might                                                                           | Shoes                                              | kids                                               |            3.72 |            2162.96 |   0.16467515800675672
 AAAAAAAAMDGEAAAA | Distinct companies provide educational trousers; at least independent cultures can scratch aside for the results. In particular additional teeth shall scream firmly financial reforms. Long             | Shoes                                              | kids                                               |            4.88 |           10960.24 |    0.8344487432925136
 AAAAAAAAMDKDAAAA | So equal techniques fill perhaps galleries. Levels could like at the shadows. Industrial, widespread thousands could suppose. Shortly traditional publications would not gene                            | Shoes                                              | kids                                               |           56.88 |            3658.84 |    0.2785627358441403
 AAAAAAAAMFPAAAAA | As political years might not undertake moderately voluntary                                                                                                                                              | Shoes                                              | kids                                               |            1.16 |             334.32 |  0.025453174735001527
 AAAAAAAAMGKBAAAA | Au                                                                                                                                                                                                       | Shoes                                              | kids                                               |            1.55 |            4168.46 |   0.31736223006659625
 AAAAAAAAMJKDAAAA | Working-class, successful principles can heal beside a values. Texts shall not supply french, essential problems. Common obje                                                                            | Shoes                                              | kids                                               |            0.51 |            4330.95 |   0.32973327087387794
 AAAAAAAAMLDCAAAA | Tales may not ban remarkably warm, other profits. At least silent employees would not drive yesterday certain qualifications. So special problems shall drag. Low pr                                     | Shoes                                              | kids                                               |            0.57 |           12307.16 |    0.9369953756030791
 AAAAAAAAMMEBAAAA | Empty, crucial practices must not suggest also children. Contents would stick all. Expectations prefer far compre                                                                                        | Shoes                                              | kids                                               |            2.99 |           10095.71 |    0.7686284718350749
 AAAAAAAAMMGBAAAA | Crops used to change pounds; institutions shall make later short walls. Volumes may not talk fort                                                                                                        | Shoes                                              | kids                                               |            3.75 |             8805.3 |     0.670384181305662
 AAAAAAAAMNJBAAAA | Other tests ought to yield famous directors. Medium, local parties pay fortunate ears. Big benefits could genera                                                                                         | Shoes                                              | kids                                               |            0.52 |            7804.44 |    0.5941845388515055
 AAAAAAAAMOGAAAAA | Trains keep a little positions. National, geographical shops complete individual, british proposals. Things play similar, civil disciplines. Tory, british properties can extend minor,                  | Shoes                                              | kids                                               |            7.65 |            4104.01 |    0.3124553829989041
 AAAAAAAAMOIAAAAA | Financial, additional hills ought to discuss perhaps certain particles; companies should seem just today operational numbers; possible, certain purposes                                                 | Shoes                                              | kids                                               |            4.87 |            2467.61 |    0.1878694320047772
 AAAAAAAAMONBAAAA | Already different prospects must erect alternatively after a features. Ready, local results apply even for a coun                                                                                        | Shoes                                              | kids                                               |            3.56 |              27.37 | 0.0020837921527189275
 AAAAAAAAMOODAAAA | Labour colours might carry cheap free, fond representatives; reasonable rooms cut so numerous machines. Primary groups must hold e                                                                       | Shoes                                              | kids                                               |            2.25 |            6137.92 |   0.46730542674521586
 AAAAAAAANAGAAAAA | Strong rights ought to mind further. Drugs should not share just gold, silent clothes. For long technical members find to a individuals. F                                                               | Shoes                                              | kids                                               |           10.33 |            6786.75 |    0.5167035583655528
 AAAAAAAANAGDAAAA | Titles dominate as gentlemen. Rough rules may behave otherwise by a lessons. Muscles will not mean there. Years must not question strong, important threats. Pink volun                                  | Shoes                                              | kids                                               |            9.39 |            5413.76 |      0.41217210831946
 AAAAAAAANAIBAAAA | International, principal runs must not put all powerful                                                                                                                                                  | Shoes                                              | kids                                               |            1.69 | 3127.8199999999997 |   0.23813397044637616
 AAAAAAAANAKCAAAA | That is unable videos should worry standards. Different, public eyes tell great, major services. Daily, whole stars use yards. Present clas                                                              | Shoes                                              | kids                                               |            1.52 |            2508.95 |   0.19101681847147067
 AAAAAAAANEACAAAA | Resources learn cool, clear churches; relevant savings look private, future days. Common, legitima                                                                                                       | Shoes                                              | kids                                               |            2.68 |            4117.48 |    0.3134809102293434
 AAAAAAAANFHDAAAA | Estimates get certainly existing leaders. Only groups will make issues; intensive computers would not write. Firmly successful blocks fall now                                                           | Shoes                                              | kids                                               |            0.21 |           13991.35 |     1.065219778441504
 AAAAAAAANGCBAAAA | Professional relationships cannot form relatively organic legs. Small changes mu                                                                                                                         | Shoes                                              | kids                                               |            8.66 |           13035.61 |    0.9924553096055673
 AAAAAAAANGMDAAAA | Mean projects can insist briefly etc big talks; fat needs know likely, welsh cases. Very blue resources regard on a bodies                                                                               | Shoes                                              | kids                                               |            8.26 |            3038.91 |   0.23136488165214014
 AAAAAAAANIAEAAAA | Backs bring then for a bills. Short properties shall not take. Shops cannot lose there further full int                                                                                                  | Shoes                                              | kids                                               |           74.52 | 11064.970000000001 |    0.8424222746098046
 AAAAAAAANJPDAAAA | Various, social patients satisfy proper, strategic opportunities. So single departments could consider now asian, dry hours. Teac                                                                        | Shoes                                              | kids                                               |               2 | 11954.990000000002 |    0.9101832059858698
 AAAAAAAANLDEAAAA | Purposes enable roots. Annual devices will not sell currently at a provisions; groups can make both. Tall, high assumptions ought to enable. Quite existing acti                                         | Shoes                                              | kids                                               |            5.74 | 2114.4700000000003 |   0.16098341224550936
 AAAAAAAANMJDAAAA | Manufacturing emotions shall rely english letters. Real, full services accumulate; lists spend                                                                                                           | Shoes                                              | kids                                               |            4.34 | 1382.5500000000002 |   0.10525929268328658
 AAAAAAAANOKDAAAA | Political, potential officials should accompany perhaps frequently equivalent details. Cheap harsh demands include local, professional names. Much young judges will see a                               | Shoes                                              | kids                                               |               6 |            6531.03 |    0.4972345291622907
 AAAAAAAANOLCAAAA | Moves might not slow to a pp.. Then digital areas cannot review so here responsible offices. Familiar, sensible interactions rest. Above available o                                                     | Shoes                                              | kids                                               |            3.92 |  5659.389999999999 |     0.430872943776981
 AAAAAAAANPADAAAA | Small eyes could try then outside contracts;                                                                                                                                                             | Shoes                                              | kids                                               |            7.73 |             1171.8 |   0.08921401697318375
 AAAAAAAANPDAAAAA | Exactly nat                                                                                                                                                                                              | Shoes                                              | kids                                               |            4.45 |            2734.21 |   0.20816680094576612
 AAAAAAAAOCADAAAA | Normally small units can feel common, other servants. More than wooden sides could mean inherent games. Ideas locate public, nuclear others. Controversial ele                                           | Shoes                                              | kids                                               |            3.16 | 3329.4900000000002 |   0.25348794791947904
 AAAAAAAAOCGEAAAA | Eyes stuff so later electronic patients; asleep copies need. Powerful, waiting deals relate costs. Always sc                                                                                             | Shoes                                              | kids                                               |            3.87 |            2439.09 |   0.18569808555992723
 AAAAAAAAODLDAAAA | Initially serious proposals could not accumulate alone senior birds. Specific, cold players relate communications. Skills manage electric, formal conventions; children break earlier free, inade        | Shoes                                              | kids                                               |            3.02 |            2076.01 |   0.15805529217997885
 AAAAAAAAOEKAAAAA | Others can clear also relations. Ago working women get perhaps military connections. Left, conscious questions read; young, special effects could not tell ahe                                           | Shoes                                              | kids                                               |            9.26 | 15652.109999999999 |    1.1916603577454674
 AAAAAAAAOFNDAAAA | Academic efforts come for a c                                                                                                                                                                            | Shoes                                              | kids                                               |            1.39 |  8180.959999999999 |     0.622850575436881
 AAAAAAAAOGCEAAAA | Only fees work approximately tough theories. Arguments may put especially opposite posts. Patients shall return to a times. Average achievemen                                                           | Shoes                                              | kids                                               |            4.09 |            9912.86 |    0.7547073393862385
 AAAAAAAAOHDEAAAA | Changes improve there national features. Ideas look soon. Tragic standards will not reduce. Previous, primary families would not                                                                         | Shoes                                              | kids                                               |            5.26 |  7379.900000000001 |    0.5618625395634056
 AAAAAAAAOIOCAAAA | Deep names stand french services; organisations f                                                                                                                                                        | Shoes                                              | kids                                               |           44.63 |            6817.72 |    0.5190614335197254
 AAAAAAAAOJDCAAAA | Dutch, other corporations give far separate, orange miles. Houses could reverse local, different q                                                                                                       | Shoes                                              | kids                                               |            1.13 |            6461.21 |   0.49191884161743005
 AAAAAAAAOKCCAAAA | Momentarily alleged departments start in a specimens. Structures react too big members. Members want now formally solar s                                                                                | Shoes                                              | kids                                               |            3.58 |             4782.5 |    0.3641116540145513
 AAAAAAAAOLDBAAAA | Even economic emotions might say cases. Facilities would draw. Closely                                                                                                                                   | Shoes                                              | kids                                               |            4.28 |            2333.02 |   0.17762253445876186
 AAAAAAAAONBBAAAA | New children will                                                                                                                                                                                        | Shoes                                              | kids                                               |            5.79 |             109.25 |    0.0083176577524495
 AAAAAAAAONDBAAAA | Well recent decisions shall exercise closely in a arms. Wrong countries would render often recent                                                                                                        | Shoes                                              | kids                                               |            1.06 |            2528.79 |   0.19252732034614894
 AAAAAAAAONEEAAAA | Foreign, public costs must not copy far tra                                                                                                                                                              | Shoes                                              | kids                                               |            4.53 |              896.4 |   0.06824666736197466
 AAAAAAAAOOICAAAA | More major ambitions shall not work symptoms; specific farms make suddenly much estimated compariso                                                                                                      | Shoes                                              | kids                                               |            1.47 | 4488.0599999999995 |   0.34169470986232037
 AAAAAAAAOOMDAAAA | Below excellent kilometres write far personnel. Labour, only years provide long for a members. Positions shall give depending on a bars.                                                                 | Shoes                                              | kids                                               |             3.1 |            5299.08 |   0.40344104203981784
 AAAAAAAAPBPDAAAA | More future men determine; films talk more members. Yesterday local systems make away possible, beautiful masses. Middle-class, public feet take finally. Young writers would n                          | Shoes                                              | kids                                               |            3.67 |            4458.57 |   0.33944951327541206
 AAAAAAAAPCEEAAAA | Main drugs can get. Notable subsidies build nice, digital events. More pure p                                                                                                                            | Shoes                                              | kids                                               |            6.03 |            1721.97 |   0.13110075167034752
 AAAAAAAAPENCAAAA | Tonight alternative others promote arts. Free, possible policeme                                                                                                                                         | Shoes                                              | kids                                               |            1.95 |           10624.21 |    0.8088653791318215
 AAAAAAAAPGHAAAAA | Different, selective readers would not educate schools. Early,                                                                                                                                           | Shoes                                              | kids                                               |            0.43 |            1662.75 |   0.12659208629643393
 AAAAAAAAPIFAAAAA | More national carers take alrea                                                                                                                                                                          | Shoes                                              | kids                                               |            2.19 |              51.91 |  0.003952124612628408
 AAAAAAAAPLACAAAA | Criteria r                                                                                                                                                                                               | Shoes                                              | kids                                               |            5.22 |            8380.22 |    0.6380210695673441
 AAAAAAAAPOCDAAAA | Obviously rare words could not identify partly. Existing, local wo                                                                                                                                       | Shoes                                              | kids                                               |            0.23 |            5781.09 |   0.44013847190945793
 AAAAAAAAPPGBAAAA | Actually great members present others. Later final houses might produce in the lives. Most international wages continue. Yards should express much trees. Central, sorry meetings shall n                | Shoes                                              | kids                                               |            6.26 | 3285.0899999999997 |    0.2501075909015499
 AAAAAAAAABABAAAA | Basically difficult policies interpret always; shares would hear systems; free pounds respond indeed under a authorities. Lives used to spin select police.                                              | Shoes                                              | mens                                               |             5.4 |  4103.570000000001 |   0.29812159717365067
 AAAAAAAAABFCAAAA | Pr                                                                                                                                                                                                       | Shoes                                              | mens                                               |            4.06 |            4149.16 |    0.3014336799735411
 AAAAAAAAABHCAAAA | Rows find for a needs. Still british offences will not sound widespread parties. Simple, african powers would not know. Most availa                                                                      | Shoes                                              | mens                                               |            6.97 |             128.14 |  0.009309284711076352
 AAAAAAAAABKAAAAA | States should deal basic, actual standards. Past children might arrange. Transactions will su                                                                                                            | Shoes                                              | mens                                               |            0.42 |            1134.44 |   0.08241630207299405
 AAAAAAAAADCCAAAA | Supporters must arrange short minutes. Sound ev                                                                                                                                                          | Shoes                                              | mens                                               |            1.49 |            2034.67 |   0.14781740536199253
 AAAAAAAAAENCAAAA | Studies used to provide small features. Past, slight pp. will                                                                                                                                            | Shoes                                              | mens                                               |           11.57 |            6137.16 |   0.44586054126291047
 AAAAAAAAAHJDAAAA | English,                                                                                                                                                                                                 | Shoes                                              | mens                                               |           40.23 |            6223.92 |   0.45216359683910046
 AAAAAAAAAIGAAAAA | Questions change otherwise sharp, important times. Socialist, remarkable personnel believe attractive, whole changes; logical, young patients will think only in the parents. Very me                    | Shoes                                              | mens                                               |            1.46 |            14799.7 |    1.0751882389458147
 AAAAAAAAAKDEAAAA | Tomorrow good eyes stray as on a problems. Blind clients shall stay presen                                                                                                                               | Shoes                                              | mens                                               |            3.56 |            1206.58 |   0.08765722449422901
 AAAAAAAAAKFCAAAA | About wonderful pictures i                                                                                                                                                                               | Shoes                                              | mens                                               |            1.63 |            4202.35 |   0.30529789765562443
 AAAAAAAAALCAAAAA | Christian, major holders should not start well possible clients. Quickly historical variables                                                                                                            | Shoes                                              | mens                                               |            0.41 |            4357.02 |   0.31653456900151317
 AAAAAAAAALDAAAAA | Favorite, variable demands could notice now after a counties. Social proc                                                                                                                                | Shoes                                              | mens                                               |            3.96 |            4562.16 |   0.33143785186112135
 AAAAAAAAALJCAAAA | Fixed, spatial sessions take nearly alive problems. Marginal, still groups will not take in a provisions. Labour women ca                                                                                | Shoes                                              | mens                                               |            4.49 |              56.81 |  0.004127208244390882
 AAAAAAAABCEDAAAA | Evolutionary arguments should not get here otherwise free things. Necessary accounts talk regularl                                                                                                       | Shoes                                              | mens                                               |            6.43 |             984.96 |    0.0715566807321817
 AAAAAAAABEKBAAAA | Conditions see to a friends. Particularly royal kilometres cannot think far for a eyes. Electric                                                                                                         | Shoes                                              | mens                                               |            7.06 |             2667.6 |   0.19379934364965878
 AAAAAAAABLAEAAAA | Concerned, poor                                                                                                                                                                                          | Shoes                                              | mens                                               |            2.33 | 4015.8399999999997 |   0.29174807175065437
 AAAAAAAABLBAAAAA | Over here keen members shall make at least. Yet social days see; real, important miles support on a dat                                                                                                  | Shoes                                              | mens                                               |            4.54 |            3975.46 |   0.28881449194237235
 AAAAAAAABMMDAAAA | Previous, inadequate subjects appreciate really; various conditions should submit other, sure                                                                                                            | Shoes                                              | mens                                               |            6.81 |             715.72 |   0.05199657603723714
 AAAAAAAABNBEAAAA | Perfect scholars make however personal, sharp stars. All other hearts entertain however years. Concerned types would investigate precisely good month                                                    | Shoes                                              | mens                                               |            6.51 |  5089.400000000001 |    0.3697414828199781
 AAAAAAAABNEBAAAA | Other, scottish sisters used to work therefore fully strong directions. Elected courts will meet diffe                                                                                                   | Shoes                                              | mens                                               |            4.83 | 1628.3000000000002 |   0.11829489850979887
 AAAAAAAABNHBAAAA | Audiences would revoke however men. Centra                                                                                                                                                               | Shoes                                              | mens                                               |           93.66 |             6126.7 |   0.44510062930662936
 AAAAAAAABOKAAAAA | Spaces produce traditi                                                                                                                                                                                   | Shoes                                              | mens                                               |            1.87 |  869.7099999999999 |   0.06318384584103491
 AAAAAAAACBIDAAAA | Around local meals shall not see on a share                                                                                                                                                              | Shoes                                              | mens                                               |            3.84 |           18618.34 |    1.3526098634900992
 AAAAAAAACCABAAAA | Particular roses lose different pictures. Spiritual, diplomatic bodies may say around unpleasant components                                                                                              | Shoes                                              | mens                                               |            8.27 |             534.64 |   0.03884123597572859
 AAAAAAAACDMDAAAA | Beyond small estimates ought to worry also in a families. Old costs serve about then spare pare                                                                                                          | Shoes                                              | mens                                               |            1.64 |            9289.12 |    0.6748483127466331
 AAAAAAAACEODAAAA | Available, roman claims scrap n                                                                                                                                                                          | Shoes                                              | mens                                               |           27.27 |           16340.37 |    1.1871168769652778
 AAAAAAAACFEDAAAA | So full heads shall not contribute precisely no lon                                                                                                                                                      | Shoes                                              | mens                                               |            0.27 |  805.3499999999999 |   0.05850813518078148
 AAAAAAAACGEEAAAA | As previous papers ought to fall for example alive, local homes. Probably sure jobs gauge easy hard images. Though new theories look perhaps please able paren                                           | Shoes                                              | mens                                               |            3.47 | 7637.5599999999995 |     0.554863590900018
 AAAAAAAACGIBAAAA | Single, difficult rules                                                                                                                                                                                  | Shoes                                              | mens                                               |            2.03 |             327.18 |  0.023769406678398323
 AAAAAAAACGPAAAAA | So single departments can go never particular scottish manufacturer                                                                                                                                      | Shoes                                              | mens                                               |            9.71 |              67.89 |  0.004932162783166642
 AAAAAAAACHEAAAAA | Available, constant mechanisms would regard just easy groups. Imperial, psychological holidays shall thrive more domestic fund                                                                           | Shoes                                              | mens                                               |            2.58 |             561.33 |   0.04078024650279764
 AAAAAAAACHFCAAAA | Votes stop purely atlantic procee                                                                                                                                                                        | Shoes                                              | mens                                               |            4.97 | 15397.230000000001 |    1.1185983910716886
 AAAAAAAACHFDAAAA | Bad aspirations must drift directly strong services. Powerful, grand cameras ask active ge                                                                                                               | Shoes                                              | mens                                               |            1.35 |            8630.79 |    0.6270210815632175
 AAAAAAAACHMBAAAA | Public events repeat rights. Central examples shall flow ev                                                                                                                                              | Shoes                                              | mens                                               |           99.14 | 14314.230000000001 |    1.0399191703592203
 AAAAAAAACIAAAAAA | Full, poor victims begin guests. Black,                                                                                                                                                                  | Shoes                                              | mens                                               |            0.68 |            8437.69 |     0.612992496595925
 AAAAAAAACKABAAAA | Payable pupils play available worlds.                                                                                                                                                                    | Shoes                                              | mens                                               |            5.19 |           25493.09 |     1.852055821563083
 AAAAAAAACKBEAAAA | Aware sorts stretch indicators. Middle, golden applications use. Villages should turn qu                                                                                                                 | Shoes                                              | mens                                               |            0.52 |            9772.25 |    0.7099473819089737
 AAAAAAAACLPDAAAA | Leading, other steps apply because of a questions. Other, following studies                                                                                                                              | Shoes                                              | mens                                               |            3.41 |  7022.610000000001 |    0.5101878875046972
 AAAAAAAACNBAAAAA | Expert states contain still; important, coastal points use far days. Both constant boots say around also combined societies. Once other skills                                                           | Shoes                                              | mens                                               |            2.07 |            4485.92 |   0.32589906720080875
 AAAAAAAACNEAAAAA | Conditions would run enough local schools. Tanks take main, high lives. Fundamental, standard scenes point even stones. Elements will bring perhaps large clien                                          | Shoes                                              | mens                                               |           89.08 |            2986.84 |    0.2169919146748189
 AAAAAAAACOGAAAAA | Further possible indians would not commemorate then dear overall potatoes. Adversely modern users bite solely rates. Established, tiny years might believe political, productive prisoners. G            | Shoes                                              | mens                                               |            0.38 |            8179.13 |    0.5942082867091144
 AAAAAAAACOHCAAAA | Economic, political years produce so real rivers. Different, left families change video-taped weeks; cases must exist at all in a points. Productive women may shape as cars. There sub                  | Shoes                                              | mens                                               |            1.17 |            1268.19 |   0.09213314950632058
 AAAAAAAACOKCAAAA | Conditions could not find with an rocks. S                                                                                                                                                               | Shoes                                              | mens                                               |            1.59 |            3599.58 |   0.26150706305834415
 AAAAAAAACOMDAAAA | Certain matters must say however doors. Eligible, positive men would make perhaps. Good, pretty children grow on a doors. Today hot industries                                                           | Shoes                                              | mens                                               |            9.02 |              67.84 |  0.004928530316836427
 AAAAAAAACPIBAAAA | So remarkable brothers divorce. Mental in                                                                                                                                                                | Shoes                                              | mens                                               |            6.49 |            4454.26 |   0.32359898952051624
 AAAAAAAACPMAAAAA | Sessions sh                                                                                                                                                                                              | Shoes                                              | mens                                               |            2.52 | 5652.9400000000005 |    0.4106822843345712
 AAAAAAAADBJDAAAA | Firm, bloody things answer instrum                                                                                                                                                                       | Shoes                                              | mens                                               |             3.9 |  8129.780000000001 |    0.5906230424411918
 AAAAAAAADEECAAAA | Grey, scottish ages could not recognise exclusively real, dangerous types. Strange conditions take quickly british, young m                                                                              | Shoes                                              | mens                                               |            5.29 | 3626.4599999999996 |     0.263459876957468
 AAAAAAAADFLAAAAA | Clear vulnerable scenes would organize inevitable police. Officially fast workers used to track never. Clear, future producers perform to a rates. Here scientific ladies cannot know mem                | Shoes                                              | mens                                               |            4.15 |            6345.19 |    0.4609737806764052
 AAAAAAAADFODAAAA | Chips say in the sports. Successful doubts could attack. Remains will say occupational, poor methods. Issues might supp                                                                                  | Shoes                                              | mens                                               |            1.23 | 10853.939999999999 |    0.7885314320035902
 AAAAAAAADHDAAAAA | Women panic also students; existing situations cannot ask very collective, sophi                                                                                                                         | Shoes                                              | mens                                               |           11.29 |  912.0999999999999 |   0.06626345079579163
 AAAAAAAADICAAAAA | Frankly local children might not swallow closer too efficient chemicals. Plans must vote also for a associations. Elegant occupations win levels; talks minimise too to the railways. Applicable, true p | Shoes                                              | mens                                               |            8.11 |            10178.3 |    0.7394466409766539
 AAAAAAAADKJDAAAA | Birds can come on a creatures. Old suggestions compensate nurses. Companies take also jews. American, minor pressures maximise new, following societies; further social methods shall insist even nece   | Shoes                                              | mens                                               |            0.39 |           12995.74 |    0.9441317597247026
 AAAAAAAAEAFBAAAA | Books co                                                                                                                                                                                                 | Shoes                                              | mens                                               |            9.26 |             8495.9 |    0.6172214138975619
 AAAAAAAAEBEEAAAA | Expensive, following li                                                                                                                                                                                  | Shoes                                              | mens                                               |            38.3 |            7412.38 |    0.5385044155352594
 AAAAAAAAEBMCAAAA | Now broken workers may not make more sooner so                                                                                                                                                           | Shoes                                              | mens                                               |            1.13 |            1949.87 |   0.14165674246594698
 AAAAAAAAECDCAAAA | Much foreign books interpret really; certain, joint questions know only in a students. Countries would underestimate with a nerves. Casually new teams give                                              | Shoes                                              | mens                                               |            0.42 |           18489.28 |    1.3432337413985467
 AAAAAAAAEFJBAAAA | Both special patterns contact then squa                                                                                                                                                                  | Shoes                                              | mens                                               |             2.4 |           13475.07 |    0.9789547614459468
 AAAAAAAAEGDAAAAA | Affairs recognise tories. Top reductions care selec                                                                                                                                                      | Shoes                                              | mens                                               |            2.93 |            1018.85 |    0.0740187664108018
 AAAAAAAAEGKCAAAA | Days face too                                                                                                                                                                                            | Shoes                                              | mens                                               |            4.63 |            2818.92 |   0.20479263975142306
 AAAAAAAAEGPAAAAA | Fair, common commentators should win                                                                                                                                                                     | Shoes                                              | mens                                               |           41.28 |            2801.09 |    0.2034973022580682
 AAAAAAAAEHNCAAAA | Rich feet can suffer cars. Old eyes would like well even ill fri                                                                                                                                         | Shoes                                              | mens                                               |            0.77 |            1842.08 |   0.13382587155126835
 AAAAAAAAEIABAAAA | Social, weekly foods must love really real millions. Social cities lay grateful days. Tiny, north                                                                                                        | Shoes                                              | mens                                               |            3.89 | 11884.740000000002 |    0.8634183578673138
 AAAAAAAAEIACAAAA | Signals make just jewish years. Sincerely capital eyes shall not know databases. Indeed important cells must keep within a purposes.                                                                     | Shoes                                              | mens                                               |            4.09 |            4175.76 |   0.30336615206121575
 AAAAAAAAEIBBAAAA | Wooden children justify in a prisoners. Fine thoughts should find pur                                                                                                                                    | Shoes                                              | mens                                               |            8.35 |             8817.6 |    0.6405927022661686
 AAAAAAAAEIDCAAAA | Full firms attack others. Terms remember ever with a statements. Popular, substantial                                                                                                                    | Shoes                                              | mens                                               |            6.09 | 7173.8099999999995 |    0.5211724656872689
 AAAAAAAAEKDDAAAA | Days used to treat after a children. Both great others may know now; free, good managers will waste. Light examinations will                                                                             | Shoes                                              | mens                                               |             0.5 |            1479.86 |   0.10751083246865499
 AAAAAAAAEKMDAAAA | Yet critical proposals leave still average, clinical companies. Above military expectations might consider just fruits. So human persons take great classes. Other, beneficial p                         | Shoes                                              | mens                                               |            8.58 |            2953.34 |    0.2145581622335745
 AAAAAAAAEKNCAAAA | Late international hopes might draw then strong local waters. Then easy ge                                                                                                                               | Shoes                                              | mens                                               |            2.62 |            8392.14 |    0.6096833197690986
 AAAAAAAAELLDAAAA | Nearly other dreams can like. Special papers used to supply curious, original cases. Carefully global grounds would build so precise, direct savings. Exceptionally long standards used to choose        | Shoes                                              | mens                                               |            7.92 |             173.16 |  0.012579957394802412
 AAAAAAAAELOCAAAA | Old streets study. Databases pose for a years. Only political ideas relie                                                                                                                                | Shoes                                              | mens                                               |            0.76 |           12559.26 |    0.9124217816484532
 AAAAAAAAENBCAAAA | Left studies serve here different, econom                                                                                                                                                                | Shoes                                              | mens                                               |            4.55 |             380.52 |  0.027644521759472247
 AAAAAAAAENCDAAAA | Afraid complaints calculate central states. Biological, french times would not provoke obvious, old miles. Actions preclude immediately in a managers. Strongly present pl                               | Shoes                                              | mens                                               |            4.67 | 16190.259999999998 |    1.1762114865487046
 AAAAAAAAENOAAAAA | Buildings collect still contrary funds; remarks sleep perhaps for a workers. Doctors may inspire actions; outside criteria can know                                                                      | Shoes                                              | mens                                               |            7.21 |            6440.38 |    0.4678892700758695
 AAAAAAAAENPAAAAA | Actually glad children deduce theoretical, hot pupils. Economic proposals get. Little, similar windows must go for a lights. Hig                                                                         | Shoes                                              | mens                                               |            1.04 |            5689.77 |     0.413357959033408
 AAAAAAAAEODBAAAA | Forces understand about                                                                                                                                                                                  | Shoes                                              | mens                                               |            6.56 |           10073.75 |    0.7318511538801733
 AAAAAAAAEODCAAAA | Still convenient details believe similarly close activities. Years shall win easily arms; regularly specific patients could welcome n                                                                    | Shoes                                              | mens                                               |            2.92 |            1283.48 |    0.0932439577101005
 AAAAAAAAEPOCAAAA | Already metropolitan men put symbolic men. Foreign parties would n                                                                                                                                       | Shoes                                              | mens                                               |            4.67 |            1195.48 |   0.08685081696892116
 AAAAAAAAFCGAAAAA | Bitter, rich millions try inherent shops. Still central minutes adopt suddenly only companies. Small, provincial mo                                                                                      | Shoes                                              | mens                                               |            1.37 | 1121.9900000000002 |    0.0815118179567704
 AAAAAAAAFFAAAAAA | National, warm relations used to trap indian pro                                                                                                                                                         | Shoes                                              | mens                                               |            9.69 |            1359.72 |   0.09878274237041312
 AAAAAAAAFJPCAAAA | Patients should see over central groups. Natural, positive studies tuck hereby new men. Young, exact communities come perhap                                                                             | Shoes                                              | mens                                               |            5.26 | 15776.310000000001 |    1.1461382978008505
 AAAAAAAAFPBBAAAA | Unique vehicles compete. Respo                                                                                                                                                                           | Shoes                                              | mens                                               |            2.53 |            8569.92 |     0.622598917052813
 AAAAAAAAGALCAAAA | Foreign computers make in part. Eastern eyes can get likely levels; cases wou                                                                                                                            | Shoes                                              | mens                                               |            9.37 |            1349.24 |   0.09802137742759995
 AAAAAAAAGAOCAAAA | Tonight great structures go. Soviet, other decisions change criteria. Minutes progress really widespread shares. Existing, political cases can check really important musicians                          | Shoes                                              | mens                                               |            40.3 |            3395.45 |    0.2466771560186062
 AAAAAAAAGBHCAAAA | Local, basic minutes may not avoid; wonderful, different pictures shall sense no around the arrangements. Civil, very things will need please on a men. Existing, basic hands put taxes. Now very syst   | Shoes                                              | mens                                               |           70.68 | 19911.390000000003 |     1.446549075255803
 AAAAAAAAGDLCAAAA | Royal proposals shift then rather crude costs. Recently long processes support again only normal rules. White, variable boards correspond. A little joint polls should                                   | Shoes                                              | mens                                               |            7.78 |  6004.070000000001 |   0.43619164238514285
 AAAAAAAAGEHAAAAA | Yet likely levels achieve now internal minutes. Possible stories borrow general, additional costs. Main practices discuss however women. Never military women would join typically gen                   | Shoes                                              | mens                                               |            9.84 |           10084.94 |    0.7326640998448756
 AAAAAAAAGFCDAAAA | English babies might solve as. Recently individual police invest legs; new, due boots ought to support abstract, cold children. Groups could write fashionable, strong arts.                             | Shoes                                              | mens                                               |            0.87 |            6724.58 |    0.4885362086968146
 AAAAAAAAGJKBAAAA | Fresh houses get in a methods. Constantly temporary christians                                                                                                                                           | Shoes                                              | mens                                               |            5.49 |            1767.54 |   0.12841059074618305
 AAAAAAAAGJLDAAAA | Actual                                                                                                                                                                                                   | Shoes                                              | mens                                               |            8.24 |            3813.82 |   0.27707145479005163
 AAAAAAAAGJMCAAAA | A                                                                                                                                                                                                        | Shoes                                              | mens                                               |            8.03 |           10665.95 |     0.774874085095246
 AAAAAAAAGKJAAAAA | Types recite then to a players. Typical, back degrees shout still small, wet charges. Bombs shall teach only familiar, lucky rocks. Parliamentary lengths                                                | Shoes                                              | mens                                               |            2.24 |  6290.450000000001 |    0.4569969565380853
 AAAAAAAAGLCEAAAA | Supreme, new interests would consolidate. Australian, natural companies would trace                                                                                                                      | Shoes                                              | mens                                               |            4.49 |            4211.83 |   0.30598661327183324
 AAAAAAAAGLDDAAAA | Matters work alive advisers. Appropriate, particular friends ought to see national, industrial blocks.                                                                                                   | Shoes                                              | mens                                               |            5.52 |            6266.56 |   0.45526136412550827
 AAAAAAAAGLECAAAA | Customers grow correctly problems. Open, historical prices approach just poor friends. Local plans would take apart. Strong roads would cut; bus                                                         | Shoes                                              | mens                                               |            6.97 |  4178.610000000001 |    0.3035732026420381
 AAAAAAAAGLMAAAAA | Still cold properties hope yet extra, black households. Similar states muster other, subsequent c                                                                                                        | Shoes                                              | mens                                               |            8.37 |           13690.34 |    0.9945939819840568
 AAAAAAAAGMNAAAAA | External schools phone so on board growing steps; global, familiar factors call students. Other, black terms would deliver today practical, classical years. Contrary muscles used to fal                | Shoes                                              | mens                                               |            5.51 | 3738.5500000000006 |    0.2716031399765452
 AAAAAAAAGOADAAAA | Also new women put police. Even modern provisions can please still independent able countries. C                                                                                                         | Shoes                                              | mens                                               |             1.2 |            1394.25 |   0.10129132361805997
 AAAAAAAAGPKAAAAA | Industrial terms mean only ago experimental clients. Lexical, possible areas m                                                                                                                           | Shoes                                              | mens                                               |            8.84 |            3222.79 |   0.23413352328710596
 AAAAAAAAGPKDAAAA | English, standard troops meet then by the sectors; approp                                                                                                                                                | Shoes                                              | mens                                               |            6.73 |            9015.52 |    0.6549714569876938
 AAAAAAAAHAKCAAAA | Victorian, tall samples will succeed today. Long slow waves might not look empty, direct houses. Educational, foreign teams dodge almost. Very normal station                                            | Shoes                                              | mens                                               |             8.3 |           10373.85 |    0.7536532167941269
 AAAAAAAAHBLAAAAA | Months become further rather implicit firms; weak, favorite pap                                                                                                                                          | Shoes                                              | mens                                               |            0.45 | 1310.0900000000001 |    0.0951771562910412
 AAAAAAAAHEJCAAAA | However firm characteristics should join in a images; particular, foreign orders ben                                                                                                                     | Shoes                                              | mens                                               |            3.21 |            5853.12 |    0.4252252265342221
 AAAAAAAAHFHAAAAA | Ready, ide                                                                                                                                                                                               | Shoes                                              | mens                                               |            8.83 | 11854.579999999998 |    0.8612272541769275
 AAAAAAAAHGAAAAAA | New, common actions record wide; very new eggs hurt never. Temporary men might send less video-taped years; annual organisers could deal still then different terms. Tr                                  | Shoes                                              | mens                                               |            9.56 |             741.72 |  0.053885458528949215
 AAAAAAAAHICCAAAA | Young museums become less with a employees. Schools used to h                                                                                                                                            | Shoes                                              | mens                                               |            1.36 |           16161.07 |    1.1740908527051248
 AAAAAAAAHIEAAAAA | Brave animals question really. Slow, private months may spell too into a theories; however similar stories speak to a vehicles; different clothes sleep well other, local members. Operations            | Shoes                                              | mens                                               |            0.96 |  5318.509999999999 |   0.38638617003829157
 AAAAAAAAHKOAAAAA | Ideas give here for a hands. Modern women must smooth friends. Dark eyes would negotiate on a days. Employees must answer indeed deep societies. Black, national members raise together daily cro        | Shoes                                              | mens                                               |            1.45 |            6785.68 |   0.49297508255233796
 AAAAAAAAHOFCAAAA | Fresh, difficult wages shall measure then solutions. Available notes make colleagues. Effective, political offi                                                                                          | Shoes                                              | mens                                               |           60.06 | 12971.720000000001 |    0.9423867228996671
 AAAAAAAAIBDCAAAA | Heavy budgets start gas                                                                                                                                                                                  | Shoes                                              | mens                                               |            4.97 |            4625.06 |   0.33600749450453254
 AAAAAAAAICCEAAAA | Present, shared doors know level, friendly discussions. Home bare hotels fit over japanese sales. Weeks should not think ex                                                                              | Shoes                                              | mens                                               |            6.12 |            9724.67 |    0.7064907269491406
 AAAAAAAAICHCAAAA | Bad sites discuss small, major colours. Ancient minutes learn so skilled heads. Rapid supporters ascertain accurately once inc plates. In                                                                | Shoes                                              | mens                                               |            2.76 |            3953.53 |   0.28722129220993986
 AAAAAAAAIDEEAAAA | Services could bring even strong, rich sessions. Able, regular instructions ought to help on behalf of a groups; concerned, similar                                                                      | Shoes                                              | mens                                               |           23.42 |            3461.93 |    0.2515068832512608
 AAAAAAAAIFKCAAAA | Wet, ugly visits stand together recent cases. Secret records keep radically. New hu                                                                                                                      | Shoes                                              | mens                                               |            9.53 | 10790.010000000002 |    0.7838869605537769
 AAAAAAAAIGBBAAAA | Users drive also small plans. Ho                                                                                                                                                                         | Shoes                                              | mens                                               |            6.94 |            4636.61 |   0.33684659422681223
 AAAAAAAAIGEBAAAA | Complete, difficult houses turn central, inc musicians. Mature problems stay into a possibilities. Major texts must not                                                                                  | Shoes                                              | mens                                               |            7.47 | 13726.259999999998 |    0.9972035457956834
 AAAAAAAAIGMAAAAA | Particular societies would let for instance to a policies. Forces might not slow depen                                                                                                                   | Shoes                                              | mens                                               |            7.47 |            9122.54 |    0.6627463879208871
 AAAAAAAAIHKAAAAA | A                                                                                                                                                                                                        | Shoes                                              | mens                                               |            3.33 |           11589.57 |    0.8419744561335193
 AAAAAAAAIHMCAAAA | Effective, right owners shall begin slightly local governments. Other signs enable years. Hours keep worst within                                                                                        | Shoes                                              | mens                                               |            0.74 |           10685.52 |    0.7762958324168924
 AAAAAAAAIIAAAAAA | Overnight heavy children would resist very schools. Countries scrap. Alternative languages could not cover just bad, financial hotels. Politicians might reco                                            | Shoes                                              | mens                                               |            1.11 |           10638.62 |    0.7728885789991502
 AAAAAAAAIIDAAAAA | About new childre                                                                                                                                                                                        | Shoes                                              | mens                                               |            6.16 |             3073.2 |   0.22326591052036715
 AAAAAAAAIIJAAAAA | Physical, suprem                                                                                                                                                                                         | Shoes                                              | mens                                               |           16.57 |           10641.42 |    0.7730919971136423
 AAAAAAAAIJFBAAAA | Countries will relax practical, general traditions                                                                                                                                                       | Shoes                                              | mens                                               |            0.55 |             598.12 |   0.04345301522857022
 AAAAAAAAIJPDAAAA | Only, rough relations develop. Then full reasons must not carry in terms of a measures                                                                                                                   | Shoes                                              | mens                                               |            6.84 |             2965.9 |   0.21547063777572462
 AAAAAAAAIMFEAAAA | Good, social ways will not go at least different, german votes. Medical companies rise only rural, expert doctors. Much national problems should continue in a drug                                      | Shoes                                              | mens                                               |            7.51 |            4132.76 |    0.3002422310172304
 AAAAAAAAIMHCAAAA | Below public eyes should continue now out of a products. Clubs generate though to a symbols. Too cent                                                                                                    | Shoes                                              | mens                                               |            9.74 |           10500.71 |    0.7628695103671497
 AAAAAAAAINFDAAAA | Most great bars may work bad, responsible coins. Conscious clouds suggest exactly able users. More intense men may not include also economic new ideas. Elsewhere back methods must look beside          | Shoes                                              | mens                                               |             4.7 |           10414.64 |    0.7566165828263167
 AAAAAAAAINGCAAAA | Cas                                                                                                                                                                                                      | Shoes                                              | mens                                               |            2.45 |             701.46 |   0.05096059663985967
 AAAAAAAAIOEAAAAA | Forces may understand now in a example                                                                                                                                                                   | Shoes                                              | mens                                               |            9.17 |            10591.7 |    0.7694798725948759
 AAAAAAAAIPNCAAAA | Soviet, peaceful arms reduce al                                                                                                                                                                          | Shoes                                              | mens                                               |            4.94 |           20330.06 |    1.4769651688252297
 AAAAAAAAJAHAAAAA | Perceptions might talk                                                                                                                                                                                   | Shoes                                              | mens                                               |            5.97 |                    |                      
 AAAAAAAAJDBAAAAA | Able, awful settings could find often other, diffic                                                                                                                                                      | Shoes                                              | mens                                               |            0.22 |            8019.43 |    0.5826061892504061
 AAAAAAAAJDJBAAAA | Good conclusions undertake still. Hot scenes ought to                                                                                                                                                    | Shoes                                              | mens                                               |            1.67 |            3273.62 |   0.23782628855840307
 AAAAAAAAJEMAAAAA | Ready groups must put so years. Women go usually still new authorities. Services act as well nice, spiritual poems. Cat                                                                                  | Shoes                                              | mens                                               |            3.97 |             119.23 |  0.008661979211031946
 AAAAAAAAJJEAAAAA | Scientific models rate faces. By now large photographs ought to make ne                                                                                                                                  | Shoes                                              | mens                                               |             1.3 |            1790.93 |   0.13010985849545786
 AAAAAAAAJMKAAAAA | Even successful experts give existing ideas. Absolute miles begin quarters. Normal provinces translate of course                                                                                         | Shoes                                              | mens                                               |            2.79 |            3234.39 |   0.23497625547571596
 AAAAAAAAJODCAAAA | There british objects go chief mountains. Casualties could not expect enough then new costs. Letters could not get.                                                                                      | Shoes                                              | mens                                               |            1.13 |            8386.49 |    0.6092728510737843
 AAAAAAAAKBJDAAAA | Studies give only,                                                                                                                                                                                       | Shoes                                              | mens                                               |            0.35 | 16711.739999999998 |    1.2140966573863203
 AAAAAAAAKFCAAAAA |                                                                                                                                                                                                          | Shoes                                              | mens                                               |             5.9 |           14386.02 |    1.0451346655161435
 AAAAAAAAKFMBAAAA | Particular pressures finish g                                                                                                                                                                            | Shoes                                              | mens                                               |            5.91 | 16155.239999999998 |    1.1736673071310215
 AAAAAAAAKGBDAAAA | Far from incredible systems reali                                                                                                                                                                        | Shoes                                              | mens                                               |            2.81 |            4436.67 |    0.3223210878655464
 AAAAAAAAKGDEAAAA | Vital yards sit more soft, firm experiences; about federal publications must not change indeed so equal t                                                                                                | Shoes                                              | mens                                               |            1.81 |            3285.08 |   0.23865884984128846
 AAAAAAAAKGGAAAAA | Other devices make later polish, central artists. Little, powerful eyes might not                                                                                                                        | Shoes                                              | mens                                               |            4.02 |            2445.92 |   0.17769444092801523
 AAAAAAAAKIIDAAAA | General, certain forms join; pilots can market. Terms like in a forms; interesting, distinctive accounts will follow probably full factors; furthermore inner buildings go new ways.                     | Shoes                                              | mens                                               |            8.73 |            2991.15 |   0.21730503327248346
 AAAAAAAAKIJBAAAA | Other firms discuss here strongly great students. New ministers must house most basic guards.                                                                                                            | Shoes                                              | mens                                               |            1.94 |            3416.05 |   0.24817373214665503
 AAAAAAAAKIKDAAAA | Frantically white children could see less. Indeed                                                                                                                                                        | Shoes                                              | mens                                               |            2.79 | 2230.7200000000003 |   0.16206030584276762
 AAAAAAAAKJEDAAAA | Efforts see more earlier fundamental degrees. For example special profits may investigate literary rates. Available, s                                                                                   | Shoes                                              | mens                                               |            4.36 |            4598.28 |   0.33406194553806906
 AAAAAAAAKLCCAAAA | Particular, green relationships switch for a weeks. Frames say practical americans. Top, social rates help ready areas. However british boxes file running, great days;                                  | Shoes                                              | mens                                               |            0.25 |            4793.16 |    0.3482198463067171
 AAAAAAAAKMBCAAAA | Regular, underlying efforts communicate entirely. Less social females live all special partners; movies purs                                                                                             | Shoes                                              | mens                                               |            7.66 |             567.12 |   0.04120088610383659
 AAAAAAAAKMDBAAAA | Methods will not remember from a clothes. Already conservative reforms would recognise more couples. Values should                                                                                       | Shoes                                              | mens                                               |            2.67 | 2621.3500000000004 |   0.19043931229420946
 AAAAAAAAKMEAAAAA | Even genuine women must not continue all in particular special criticisms; never constant channels should not deliver on the days. Problems can leave following, new links.                              | Shoes                                              | mens                                               |             1.1 |            9852.59 |     0.715784028808364
 AAAAAAAAKMKAAAAA | Funds might not think as certain, prime weeks. Royal comparisons would not give                                                                                                                          | Shoes                                              | mens                                               |            5.29 |            7792.77 |     0.566139492882273
 AAAAAAAAKNCDAAAA | Ridiculous, appropriate rivals might overwhelm; just subject eyes ought to drive awful, pure centres. Unique specialists shall attract then natural bui                                                  | Shoes                                              | mens                                               |            2.38 |            1344.24 |    0.0976581307945784
 AAAAAAAAKOCCAAAA | Practical, responsible evenings fall seldom formal terms. Low weeks will become heavy, conventional children; russia                                                                                     | Shoes                                              | mens                                               |             6.4 |            7446.09 |    0.5409534243350906
 AAAAAAAAKONBAAAA | Difficult, other men receive to a bones. Unhappy moments provide in a recordings; remaining symbols must believe by a police. Angry women would like for the shops. Late, ove                            | Shoes                                              | mens                                               |            9.83 |            2869.81 |   0.20848976398231642
 AAAAAAAAKOPBAAAA | Associated years shall not qualify so errors. Old, real sides would rely always proposals. Special, other activities impress. Savings must bat usefu                                                     | Shoes                                              | mens                                               |           65.99 |              39.96 |  0.002903067091108249
 AAAAAAAAKPCBAAAA | Rough, bitter features could anti                                                                                                                                                                        | Shoes                                              | mens                                               |            9.05 |            4301.01 |   0.31246548021840564
 AAAAAAAAKPDBAAAA | Meals would not pay free, personal books. Children must need as w                                                                                                                                        | Shoes                                              | mens                                               |            9.22 |            4226.43 |   0.30704729344025616
 AAAAAAAALDKBAAAA | Sweet views shall not speak now with a women; terribly working-class hours might not penetrate; insufficient patient                                                                                     | Shoes                                              | mens                                               |           55.62 | 1008.8499999999999 |   0.07329227314475868
 AAAAAAAALFDAAAAA | Only local programmes end. Separate, internal years see ever                                                                                                                                             | Shoes                                              | mens                                               |            6.48 |            9079.93 |    0.6596508001142773
 AAAAAAAALFNCAAAA | Artificially personal honours bear of course significant boys. Capable organizations clarify well. Ages shall come perhaps for the events; primary vot                                                   | Shoes                                              | mens                                               |            3.24 |             4364.4 |   0.31707072103185285
 AAAAAAAALGHBAAAA | Farmers define smart, civil practitioners. Green, royal walls shake sharply ago applicable conditions. Too right agencies go. Married, white houses could not turn too stars. Scientific, new h          | Shoes                                              | mens                                               |            0.56 |            4329.59 |    0.3145417979727569
 AAAAAAAALGJCAAAA | Dreadful buses cou                                                                                                                                                                                       | Shoes                                              | mens                                               |            9.77 |           12383.67 |    0.8996652863900023
 AAAAAAAALHEAAAAA | Differently willing dollars might get just miserable, short tasks. Major, long-term sanctions propose in a actors. Young variables shall get with                                                        | Shoes                                              | mens                                               |            1.87 | 3637.8599999999997 |    0.2642880792807571
 AAAAAAAALIOBAAAA | Total minutes may advise to a strategies. Necessary figures stay domestic guidelines. Grounds should vote loud at the holes. Unacceptable, broad others make in addition to the services. Military       | Shoes                                              | mens                                               |            8.14 |              59.92 |  0.004353147650130287
 AAAAAAAALJEBAAAA | T                                                                                                                                                                                                        | Shoes                                              | mens                                               |            5.98 | 14394.850000000002 |    1.0457761590700598
 AAAAAAAALJFDAAAA | Thus great mice understand. Years could see alm                                                                                                                                                          | Shoes                                              | mens                                               |            4.15 |            5385.94 |    0.3912849141312203
 AAAAAAAALJIDAAAA | Nervously right results back industrial symptoms. Here informal pieces                                                                                                                                   | Shoes                                              | mens                                               |            8.87 |            9729.73 |    0.7068583325417583
 AAAAAAAALKBDAAAA | Women will not ca                                                                                                                                                                                        | Shoes                                              | mens                                               |            8.34 |  8310.349999999999 |     0.603741331346132
 AAAAAAAALMLDAAAA | Anxiously able ministers could not boost international, small metres. Employers extend so. Exercises used to withdraw often full papers. Lost audiences should play po                                   | Shoes                                              | mens                                               |             5.9 |            1797.02 |   0.13055229289447812
 AAAAAAAALOHCAAAA | Minutes open perhaps. Best civil conditions might indica                                                                                                                                                 | Shoes                                              | mens                                               |            0.17 | 10968.619999999999 |    0.7968628567785727
 AAAAAAAALOMAAAAA | Important departments put just running representatives; simple, appropriate ages could leave free police. Colours keep quite dark things. Difficult, new centres ignore                                  | Shoes                                              | mens                                               |            2.78 |            1190.59 |   0.08649556176182607
 AAAAAAAAMALDAAAA | White, likely males might not lo                                                                                                                                                                         | Shoes                                              | mens                                               |            5.17 |            2839.59 |   0.20629430133233417
 AAAAAAAAMBNAAAAA | Nearly secure element                                                                                                                                                                                    | Shoes                                              | mens                                               |            5.14 |               1.08 | 7.846127273265538e-05
 AAAAAAAAMBOCAAAA | Conscious arms supplement somewhere special interests. Major groups may know as national types. Present years would cont                                                                                 | Shoes                                              | mens                                               |            6.87 |            7289.43 |    0.5295721808292594
 AAAAAAAAMCDDAAAA | Anyway visual students shall not look already. Opportunities tell further old regulations. French engineers                                                                                              | Shoes                                              | mens                                               |            6.68 |            2108.63 |   0.15319054955764733
 AAAAAAAAMDCDAAAA | Also basic others                                                                                                                                                                                        | Shoes                                              | mens                                               |            3.72 |  7546.469999999999 |    0.5482459637396313
 AAAAAAAAMDPCAAAA | Likely, bright conditions ought to influence deeply human peasants. Scottish, safe services should reverse most entirely rare schools; areas create far from. Words dispose right. Famous,               | Shoes                                              | mens                                               |            9.47 |             966.96 |   0.07024899285330412
 AAAAAAAAMEBCAAAA | Actually other privileges want too also annual studies. Brown, n                                                                                                                                         | Shoes                                              | mens                                               |            0.11 |            5031.99 |    0.3655706849796246
 AAAAAAAAMEGBAAAA | Lines suppose very essential authors. Similar leaders get never everyday arms. Ways think important, various men. Now european teams will not offer perceptions. Busy, regional years would not rea      | Shoes                                              | mens                                               |           22.29 |             316.54 |   0.02299641784332846
 AAAAAAAAMFIBAAAA | Wide departments used to include with a shots. Great, daily figures know patt                                                                                                                            | Shoes                                              | mens                                               |            3.74 |           10650.95 |    0.7737843451961813
 AAAAAAAAMHPAAAAA | Social pages consent very by a conditions. Strong, annual children should not go simple, alone cells; deaf, angry nations constitute foreign, financial ya                                               | Shoes                                              | mens                                               |            7.56 | 1847.6799999999998 |   0.13423270778025248
 AAAAAAAAMKKDAAAA | Troops contain. Others plunge enough old positions. Fi                                                                                                                                                   | Shoes                                              | mens                                               |             8.7 | 10376.019999999999 |    0.7538108658328582
 AAAAAAAAMKMBAAAA | Contemporary initiatives ought to apply political voices. Local eyes shall not appear extra things. Nat                                                                                                  | Shoes                                              | mens                                               |            4.24 |            1984.79 |    0.1441936569509695
 AAAAAAAAMLKBAAAA | Polls could let for example miserable, smal                                                                                                                                                              | Shoes                                              | mens                                               |             3.4 |             474.93 |   0.03450334468418521
 AAAAAAAAMNFBAAAA | Inevitable titles might not visit already. Light weapons seek certainly long, far parents; centres cry bright, major needs                                                                               | Shoes                                              | mens                                               |           83.15 |            2992.65 |   0.21741400726238994
 AAAAAAAAMNHAAAAA | Hard, social windows say so required parents. Later new changes lend merely                                                                                                                              | Shoes                                              | mens                                               |            3.31 |             4814.6 |    0.3497774478691136
 AAAAAAAAMNKAAAAA | Average democrats inform home exceptions                                                                                                                                                                 | Shoes                                              | mens                                               |            6.29 |           12237.81 |    0.8890686556114975
 AAAAAAAAMNLBAAAA | Japanese, medical years must know small hands. Real, aware times might eat yet from a years. Eventually pretty groups prevent early, available                                                           | Shoes                                              | mens                                               |            3.86 |            9615.43 |    0.6985545145108857
 AAAAAAAAMOACAAAA | Little, eastern units can respond really on the others; possible, confident banks would not justify significantly. Ar                                                                                    | Shoes                                              | mens                                               |            0.73 |            9506.49 |    0.6906400968706121
 AAAAAAAAMOBCAAAA | Numbers shall return most here nuclear companies. Minutes shall ent                                                                                                                                      | Shoes                                              | mens                                               |            5.16 |             822.65 |  0.059764968531036064
 AAAAAAAAMPFCAAAA | Men shall mimic already ways. Terms should buy over slightly sorry benefits                                                                                                                              | Shoes                                              | mens                                               |            9.72 |             9955.8 |    0.7232821658071947
 AAAAAAAANELDAAAA | Silent colleagues hear old patients. Quite social stones undertake more. Sacred, religious problems make sometimes scottish problems. Logical, main advances will combine repeatedly to a demands. W     | Shoes                                              | mens                                               |            6.28 | 2205.0699999999997 |     0.160196850615367
 AAAAAAAANHOAAAAA | New sources remember; ideal arguments rebuild l                                                                                                                                                          | Shoes                                              | mens                                               |             1.4 |               2177 |   0.15815758401758404
 AAAAAAAANLBDAAAA | High sides achieve s                                                                                                                                                                                     | Shoes                                              | mens                                               |            1.88 |           13457.34 |    0.9776666888852524
 AAAAAAAANNGCAAAA | Special, critical leaders could not see to a conservatives. Local activities shall achieve authors. Financial, new requir                                                                                | Shoes                                              | mens                                               |            1.69 |               1806 |   0.13120468384738485
 AAAAAAAANOBAAAAA | English forms must negotiate classes. Brown authorities shall meet now also industrial trials. Very capital interests could get never                                                                    | Shoes                                              | mens                                               |            7.19 | 2574.8900000000003 |   0.18706402458017318
 AAAAAAAAOALAAAAA | Primitive, apparent details can look presumably by a places. Easy, little musicians use new, wr                                                                                                          | Shoes                                              | mens                                               |            0.43 |            6937.68 |    0.5040177801961931
 AAAAAAAAOBHDAAAA | Able cities should not limit. Kinds must seem tonight sexual firms. Critical weeks would get proposed, delicious guidelines; wrong procedures learn very. Important eyes may display in                  | Shoes                                              | mens                                               |           25.99 |            2092.48 |   0.15201726293298773
 AAAAAAAAOCKAAAAA | Model organizations should argue british, old homes. Entirely likely thousands get less outer houses. Double,                                                                                            | Shoes                                              | mens                                               |            4.91 |             1184.4 |    0.0860458624301454
 AAAAAAAAOCMAAAAA | Extra, old skills shall read rarely to a devices. Greatly                                                                                                                                                | Shoes                                              | mens                                               |                 |             889.57 |   0.06462666146739653
 AAAAAAAAOCNAAAAA | Military, sens                                                                                                                                                                                           | Shoes                                              | mens                                               |            1.03 |            9794.44 |    0.7115594704663233
 AAAAAAAAOEJBAAAA | Schools worry as. Accused, major demonstrations s                                                                                                                                                        | Shoes                                              | mens                                               |            9.28 |            8543.74 |    0.6206969576823121
 AAAAAAAAOFAEAAAA | Hands behave symptoms. Almost military organisations ma                                                                                                                                                  | Shoes                                              | mens                                               |            1.18 | 3701.2799999999997 |    0.2688954995740025
 AAAAAAAAOHIAAAAA | Entirely likely friends write fans. Rights should not pray bare nations. Bad i                                                                                                                           | Shoes                                              | mens                                               |            0.75 | 14250.849999999999 |    1.0353146560390387
 AAAAAAAAOJFBAAAA | Cases live at a friends. Significant words c                                                                                                                                                             | Shoes                                              | mens                                               |            0.93 | 28569.469999999998 |    2.0755527569420513
 AAAAAAAAOKNBAAAA | Forces can plough still wild, particular interests. Causes should apply better particular, aware colours. Particular households risk increasingly there compatible days. Inner issues must say           | Shoes                                              | mens                                               |            3.04 | 2988.7999999999997 |   0.21713430735496334
 AAAAAAAAOKNDAAAA | Old, historical pp. think prices. Opponents should not refer                                                                                                                                             | Shoes                                              | mens                                               |            3.28 |           12282.65 |    0.8923262514164348
 AAAAAAAAOLBCAAAA | Harsh, favorable movements may not support again. Ill strategies live. Thin, desperate organisations face still. Late pupils send there dead residents. Women may know personal issues. A                | Shoes                                              | mens                                               |            1.28 |            2850.79 |   0.20710797379030244
 AAAAAAAAOLHAAAAA | Always historical directors could enlist. Subtle, foreign reasons used to go again important gifts. So bizarre stores can like traditional, fine c                                                       | Shoes                                              | mens                                               |            3.15 |            3060.38 |    0.2223345461532999
 AAAAAAAAONPBAAAA | Later detailed changes could not compete less now important affairs; european doctors come clearly for a days. Simple, bitter mechanisms listen no longer women. Ago                                     | Shoes                                              | mens                                               |            8.33 |            4220.16 |   0.30659178216244715
 AAAAAAAAOPADAAAA | Temporary, trying arms may reject in a men. Subjects feel cities. Human, entire resource                                                                                                                 | Shoes                                              | mens                                               |            0.49 |             2128.5 |     0.154634091677275
 AAAAAAAAOPJAAAAA | Together new doctors slo                                                                                                                                                                                 | Shoes                                              | mens                                               |            5.65 |            2993.95 |   0.21750845138697553
 AAAAAAAAOPJDAAAA | Years forget stocks. Schools might imagine below free plans; aloud                                                                                                                                       | Shoes                                              | mens                                               |            3.48 |            2642.09 |   0.19194605932798284
 AAAAAAAAPAJBAAAA | Today available unions should want therefore lengths. False common elements trust quite ne                                                                                                               | Shoes                                              | mens                                               |            1.99 |            1174.36 |   0.08531646319103811
 AAAAAAAAPBECAAAA | Necessary circumstances assume. Letters used to operate just important remains. Almost other reports shall take however cases. Medical patients may see inc costs; very severe hours should              | Shoes                                              | mens                                               |            5.86 |            4800.15 |   0.34872766509968117
 AAAAAAAAPBNCAAAA | Front weeks protect traditionally requirement                                                                                                                                                            | Shoes                                              | mens                                               |            6.75 | 13006.609999999999 |    0.9449214579048913
 AAAAAAAAPDLCAAAA | Creative, compulsory societies co                                                                                                                                                                        | Shoes                                              | mens                                               |            2.36 |           13841.39 |    1.0055676627676378
 AAAAAAAAPIKBAAAA | Services go. Always personal children go elderly, identical factors. Well light calls should get very dead new events. Critical hands                                                                    | Shoes                                              | mens                                               |            4.61 |  6663.219999999999 |     0.484078446016374
 AAAAAAAAPKFEAAAA | Young, genuine trends reach to a materials. Over c                                                                                                                                                       | Shoes                                              | mens                                               |            1.44 |            1045.33 |   0.07594252057928394
 AAAAAAAAPMFCAAAA | Sufficiently av                                                                                                                                                                                          | Shoes                                              | mens                                               |            3.89 |  7953.360000000001 |    0.5778062482416593
 AAAAAAAAPMGBAAAA | Well recent objects would note partly at least financial words. Again welcome walls get just clean rights. Benefits must ensure too other officials. Various, current meas                               | Shoes                                              | mens                                               |            3.02 |            19406.4 |    1.4098618918138923
 AAAAAAAAPOCAAAAA | Standards feel totally comprehensive hotels. Coming, short speaker                                                                                                                                       | Shoes                                              | mens                                               |            3.35 | 3725.1499999999996 |    0.2706296390000474
 AAAAAAAAAAGEAAAA | Easy addresses delay only only little cards. Proper proposals shall not f                                                                                                                                | Shoes                                              | womens                                             |            6.67 |            2254.44 |   0.15932770442442226
 AAAAAAAAABCBAAAA | Universal sons should not know now.                                                                                                                                                                      | Shoes                                              | womens                                             |            0.52 |             5658.5 |    0.3999023329454735
 AAAAAAAAABGAAAAA | Effective, precise pressures appear please just capable employers. Un                                                                                                                                    | Shoes                                              | womens                                             |           22.26 |            3933.56 |    0.2779959036460187
 AAAAAAAAABMBAAAA | Private, different forces calm close researchers; facilities afford hardly. Biological circumstances could not make existing, logical sciences.                                                          | Shoes                                              | womens                                             |           62.73 |             3809.4 |    0.2692211623438167
 AAAAAAAAABOBAAAA | Numbers take systems; certain, old degrees will come often cognitive minutes. Sound bits may get neithe                                                                                                  | Shoes                                              | womens                                             |             3.4 |            4580.96 |    0.3237495080197749
 AAAAAAAAACLAAAAA | Circumstances ought to work special habits. Natural producers run at least late additional                                                                                                               | Shoes                                              | womens                                             |            3.91 |           11445.24 |    0.8088677524292395
 AAAAAAAAACNCAAAA | Cells prepare considerable advances. Social seconds may not come little, certain characteristics. Little trees work with a representatives. Long parties mi                                              | Shoes                                              | womens                                             |            1.33 |              87.27 |   0.00616761979255129
 AAAAAAAAADKAAAAA | Forever patient pressures wait. Local, minor foods must check during a pp.. Pregnant, contemporary things will undermine also. Concerned varieties will not fo                                           | Shoes                                              | womens                                             |            7.14 |            3650.06 |    0.2579601501088548
 AAAAAAAAADOAAAAA | Consistent, individual gardens shall include privately detailed tickets. Toge                                                                                                                            | Shoes                                              | womens                                             |            4.43 | 6318.3099999999995 |   0.44653298741233804
 AAAAAAAAAEAAAAAA | Social, young authorities can achieve doors. Old birds could get senior cats. Ways limit freely ot                                                                                                       | Shoes                                              | womens                                             |            5.22 |           13062.89 |    0.9231916914394445
 AAAAAAAAAECEAAAA | Parental, international recommendations will rest new features. Social, easy strengths live naturally potential, digital scores. Obse                                                                    | Shoes                                              | womens                                             |            8.48 |             240.66 |   0.01700812855821466
 AAAAAAAAAFFEAAAA | Offences need easily ancient, waiting borders. Whole, military features may say very clear bank                                                                                                          | Shoes                                              | womens                                             |            6.58 |            8979.19 |     0.634584965796707
 AAAAAAAAAFPAAAAA | Offices play rather molecular rates. Then aware workers must think of course communications. Simply physical woods damage all right more for                                                             | Shoes                                              | womens                                             |            3.47 |           11493.29 |    0.8122635829670197
 AAAAAAAAAGGBAAAA | Sure len                                                                                                                                                                                                 | Shoes                                              | womens                                             |            0.96 |             1140.7 |   0.08061652225694117
 AAAAAAAAAGHAAAAA | Military, senior relations see students. Industrial months say services. Ages shall discover effective minutes. Children will accept usually services. More new houses rise repeat                       | Shoes                                              | womens                                             |            5.55 |           11094.21 |    0.7840594611976676
 AAAAAAAAAIOBAAAA | Agreements used to take well eyes. Benefits shall not get thus in the objects. Far players should prevent forms. Particular, quie                                                                        | Shoes                                              | womens                                             |            0.45 | 3495.4300000000003 |    0.2470320070067326
 AAAAAAAAAIPDAAAA | Whole, current claims cannot pursue wives; criminal, other falls cheer long spanish companies. Human children shall play separately various rates. Intern                                                | Shoes                                              | womens                                             |           93.35 | 2755.1499999999996 |   0.19471430814080076
 AAAAAAAAAJLDAAAA | Long-term years compete. Often other funds know on a facilities. So public councils would not see simply in a forces. So new representations should review so scottish serious patterns; o               | Shoes                                              | womens                                             |            4.02 |  4672.320000000001 |    0.3302061797769365
 AAAAAAAAALACAAAA | Yet similar factors will play to a children.                                                                                                                                                             | Shoes                                              | womens                                             |            0.98 | 1854.7800000000002 |   0.13108259240091993
 AAAAAAAAALNBAAAA | Prime, boring merchants can start at best mostly likely services. Spots may not mark. Features lead somehow bare, new difficulties. Happy children should hear usua                                      | Shoes                                              | womens                                             |            4.09 |               2547 |   0.18000375400055157
 AAAAAAAAAOAAAAAA | Spe                                                                                                                                                                                                      | Shoes                                              | womens                                             |            1.82 |            2535.48 |   0.17918960274570808
 AAAAAAAAAOBBAAAA | Serious individuals say in an hands. Also real groups use never working attacks. No longer healthy men could not run ago true, favora                                                                    | Shoes                                              | womens                                             |            0.85 |                    |                      
 AAAAAAAAAOLAAAAA | Walls make. Fiscal, modern systems hold; great, historic premises come right for the houses. Then royal institutions giv                                                                                 | Shoes                                              | womens                                             |            6.49 |            4072.22 |   0.28779540130197334
 AAAAAAAAAPJBAAAA | Resulting children show home. Most sure words import else later dead records. Simple, good objecti                                                                                                       | Shoes                                              | womens                                             |            6.07 | 1173.6100000000001 |   0.08294236581569979
 AAAAAAAABBGCAAAA | Now social types should point sole weeks. Politician                                                                                                                                                     | Shoes                                              | womens                                             |            3.83 |             1574.1 |   0.11124613630634796
 AAAAAAAABCOCAAAA | Difficult questions rise never economic, able months. Goods look much public deaths; certain, arb                                                                                                        | Shoes                                              | womens                                             |           43.18 | 14792.779999999999 |     1.045447951356215
 AAAAAAAABDAAAAAA | Rough, liberal demands attack as genuine, other farms; drawings speak too political, central buildings. So orange prices charge; now rough suppliers stop. Comfortable, famous workers give almost norma | Shoes                                              | womens                                             |             9.8 |             7698.7 |    0.5440890855610704
 AAAAAAAABDJDAAAA | Wholly obvious styles can conduct great, strong things. Wines make; hard social men encourage similarly right, traditional scores; consumers ought to finish much. Civil, easy figures used              | Shoes                                              | womens                                             |            1.69 |            1626.45 |   0.11494586010765492
 AAAAAAAABIKDAAAA | Available things should p                                                                                                                                                                                | Shoes                                              | womens                                             |             1.2 |            1141.24 |   0.08065468559701197
 AAAAAAAABJHCAAAA | Senior, political years get into a goods. Bands should smile successful deals. Strong sounds could tax on the officers. Rates pay. Children see by a fi                                                  | Shoes                                              | womens                                             |            4.91 |           14670.37 |    1.0367968875449831
 AAAAAAAABLICAAAA | Major doubts matter outstanding phenomena. Groups can succeed psychiatric applications. Membe                                                                                                            | Shoes                                              | womens                                             |            4.14 |  6823.349999999999 |    0.4822256045778027
 AAAAAAAABMDAAAAA | Brief patients provide at a powers. Reasonably advisory targets shall contribute very good, past polici                                                                                                  | Shoes                                              | womens                                             |            5.49 |             464.31 |   0.03281411190419949
 AAAAAAAABMMAAAAA | Dependent, general accounts find as a grounds. Com                                                                                                                                                       | Shoes                                              | womens                                             |            1.61 |             531.49 |   0.03756191410041349
 AAAAAAAABPHCAAAA | Ever financial students could lack. Magazines give specially. Apparently other guards identify communications. Thus favorite thousands love both back children. Years give passengers. Old words co      | Shoes                                              | womens                                             |            6.59 | 11551.109999999999 |    0.8163498872686733
 AAAAAAAABPJAAAAA | More huge facts could not cut only more than military cent                                                                                                                                               | Shoes                                              | womens                                             |            4.71 |            3451.52 |   0.24392876207616165
 AAAAAAAACAODAAAA | Exports might see so. Different problems rotate normally increasing needs. Very fresh representatives think roughly fun, steep eyes. Bad papers cannot say away political rules. Words expand stil       | Shoes                                              | womens                                             |            2.26 |              75.27 |  0.005319545568755994
 AAAAAAAACBKBAAAA | Legs can like. Railways close now shoulders; somewhere pale years must pick too interests; irrelevant eyebrows lack upstairs indirect qualifications. Reasonable, pri                                    | Shoes                                              | womens                                             |            9.42 |           13984.44 |    0.9883202581843241
 AAAAAAAACBLAAAAA | Responsible services used to survive on a years.                                                                                                                                                         | Shoes                                              | womens                                             |            3.59 |  6921.570000000001 |    0.4891670920995673
 AAAAAAAACCGEAAAA | Rebels will fathom currently firm, english children. Considerable soldiers                                                                                                                               | Shoes                                              | womens                                             |           93.62 | 1210.4499999999998 |   0.08554595368275132
 AAAAAAAACCKAAAAA | In order anonymous rivals may smile colours. Rates help harder all                                                                                                                                       | Shoes                                              | womens                                             |            4.74 |            3499.94 |    0.2473507415691757
 AAAAAAAACDIDAAAA | Positively old directors might render more than. Essentially good figures prise wrong, able users. British, afraid fees used t                                                                           | Shoes                                              | womens                                             |            7.56 |              289.8 |  0.020480992504656396
 AAAAAAAACDMAAAAA | Spanish, tragic weapons go careers. Twice suitable degre                                                                                                                                                 | Shoes                                              | womens                                             |            2.91 |            2218.81 |   0.15680963070827006
 AAAAAAAACDPAAAAA | Now social heads sort pretty more efficient par                                                                                                                                                          | Shoes                                              | womens                                             |            1.53 |  4841.360000000001 |    0.3421527186761329
 AAAAAAAACECDAAAA | Individual principles could reach as it were by the disciplines. Old features want mass, direct holders. O                                                                                               | Shoes                                              | womens                                             |            1.47 |            4740.95 |    0.3350564576085257
 AAAAAAAACEDCAAAA | Good, precise sentences go long past, rural sales. Prices might benefit then different councils. Total years create maybe police; normally other minutes catch le                                        | Shoes                                              | womens                                             |            8.71 |            6011.77 |    0.4248689313654872
 AAAAAAAACEGBAAAA | Subject sanctions could justify cruel circumstances. Future, applicable times wou                                                                                                                        | Shoes                                              | womens                                             |            69.9 |           16841.53 |     1.190238956856266
 AAAAAAAACEICAAAA | Running bodies might not fill away records. Only old weaknesses replace just; black commitments may not ensure remar                                                                                     | Shoes                                              | womens                                             |            5.82 | 3959.5199999999995 |   0.27983057088349583
 AAAAAAAACFABAAAA | Dry countries may make fit funds. Civil, royal groups would hold neat, compulsory ideas. Interests would manufactu                                                                                       | Shoes                                              | womens                                             |            5.98 |             454.35 |    0.0321102102984494
 AAAAAAAACGFAAAAA | Specific, national friends might deal only high oper                                                                                                                                                     | Shoes                                              | womens                                             |            9.37 |           20395.69 |    1.4414215804599566
 AAAAAAAACGPCAAAA | Churches care under effectively manufacturing shoulders. Years remember however commonly sacred questions. Substantial types carry. Other firms would pop passage                                        | Shoes                                              | womens                                             |            4.09 |            1927.54 |   0.13622474911119872
 AAAAAAAACJDCAAAA | Human, responsible cases need good components. Steep cars take then rich bodies; parents help so major trusts. Potentially statistical supporters find less bad m                                        | Shoes                                              | womens                                             |            0.53 |           10415.16 |    0.7360690610586512
 AAAAAAAACJMAAAAA | Much potential layers give later british d                                                                                                                                                               | Shoes                                              | womens                                             |            5.68 |            9553.88 |    0.6751999471027834
 AAAAAAAACJODAAAA | Suitabl                                                                                                                                                                                                  | Shoes                                              | womens                                             |            4.88 | 5559.6900000000005 |    0.3929191484410391
 AAAAAAAACKEAAAAA | Independently high areas should not wish with the needs. Sides can want especially accounts; extra services go historical, royal goods. Perhaps common areas satisfy too for a colleague                 | Shoes                                              | womens                                             |            9.15 |           11838.02 |    0.8366266352310991
 AAAAAAAACLADAAAA | High, common systems may use in the values. New, front miles use. General, economic pupils should not unload at a days. Interesting, other ye                                                            | Shoes                                              | womens                                             |            6.04 |            8525.96 |    0.6025539090924784
 AAAAAAAACMBBAAAA | Papers see asian cases. Villages think at the syst                                                                                                                                                       | Shoes                                              | womens                                             |            2.67 |  8672.949999999999 |     0.612942111605451
 AAAAAAAACOAEAAAA | Dark, wide animals ought to spend rough shows. Rural, current proposals pretend. Afraid, local others must believe l                                                                                     | Shoes                                              | womens                                             |            5.73 |           20512.17 |    1.4496535542589295
 AAAAAAAACPNBAAAA | Public years must not rely perhaps social rules. Months ought to keep on a poems; controversial, political writers should identify internally angrily gen                                                | Shoes                                              | womens                                             |            9.53 |            9481.03 |    0.6700514298358263
 AAAAAAAADAABAAAA | Difficult years draw to a patients. New groups shall tour on a services. Annual, little victims support. Already wide shares result                                                                      | Shoes                                              | womens                                             |             9.8 |            7276.18 |     0.514228392141238
 AAAAAAAADAKAAAAA | Simple, able agencies share contracts. Now deep days buy as indeed asleep months; thick weekly members t                                                                                                 | Shoes                                              | womens                                             |            7.26 |  9196.199999999999 |     0.649921681405525
 AAAAAAAADBIBAAAA | Problems stay friends. Great, political others would enter above in a reasons. Again possible scientists sell true, individual fields. New titles regard still in                                        | Shoes                                              | womens                                             |            8.31 |            4276.74 |    0.3022494129895245
 AAAAAAAADCHBAAAA | Clear workers cannot pay elsewhere highly available clothes. Casual dimensions blame also to a days; away widespread parents can produce international, peculiar wings; late social cases shall not an   | Shoes                                              | womens                                             |            3.03 | 10738.340000000002 |    0.7589091133624983
 AAAAAAAADDHAAAAA | Soon new boys can get. New, old thousands go sure, difficult economies; brown, western weeks try purely with a years. Early foreign thousands simplify small, final students; far medical members ca     | Shoes                                              | womens                                             |            4.99 |                    |                      
 AAAAAAAADELBAAAA | Available eyes force continually clear, british hours. Home new hours hold indeed. Objective, new meetings might transfer radically through the conditions. H                                            | Shoes                                              | womens                                             |            6.15 |            8193.11 |    0.5790304503099565
 AAAAAAAADHFEAAAA | Clinical, popular pupils learn. Living, modest women used to contribute less. Distinct, short rights must bring equally                                                                                  | Shoes                                              | womens                                             |            9.09 |            6055.33 |    0.4279474407978641
 AAAAAAAAEAGAAAAA | Racial girls drift. Social choices could not make scientifically better disciplinary crit                                                                                                                | Shoes                                              | womens                                             |            9.83 |              464.2 |   0.03280633789048137
 AAAAAAAAEBDDAAAA | Adv                                                                                                                                                                                                      | Shoes                                              | womens                                             |             2.6 |            1595.37 |   0.11274934786802511
 AAAAAAAAECLCAAAA | Best rich hands will determine slowly                                                                                                                                                                    | Shoes                                              | womens                                             |            1.73 |            4285.16 |    0.3028444784032209
 AAAAAAAAECLDAAAA | Useful, mild polls ought to access so single sites. Just labour students think comfortable children. Stands take about sexual classes. Scarcely small designs could get; new, beautiful obje             | Shoes                                              | womens                                             |            2.27 |            5490.42 |   0.38802363998418077
 AAAAAAAAEDAAAAAA | Great, electric modes forgive natural, rational women. Significant, other hundreds must not move only hands. States get from a proposals. Players will get more short sides; good, oth                   | Shoes                                              | womens                                             |            4.95 |            1767.36 |    0.1249043716805712
 AAAAAAAAEDECAAAA | Frequently good needs used to dump bodies. So pr                                                                                                                                                         | Shoes                                              | womens                                             |            5.34 |  6076.139999999999 |   0.42941814284762914
 AAAAAAAAEDNAAAAA | Poets will d                                                                                                                                                                                             | Shoes                                              | womens                                             |            0.86 |            8051.08 |    0.5689927851428193
 AAAAAAAAEKDAAAAA | Victorian, statutory accountants sustain students. Annual teachers show critical figures. Rights put only bad, urba                                                                                      | Shoes                                              | womens                                             |            1.04 |           12628.32 |    0.8924793901532176
 AAAAAAAAEKGCAAAA | Languages say highly certain women. National responses feel at least ordinary, potential results; very black clothes would wan                                                                           | Shoes                                              | womens                                             |            1.13 |            4482.21 |   0.31677056388645947
 AAAAAAAAELEAAAAA | Big husbands should need grace                                                                                                                                                                           | Shoes                                              | womens                                             |            0.79 | 16552.200000000004 |    1.1697911805920418
 AAAAAAAAEMCBAAAA | Both vague grounds invest too now preliminary s                                                                                                                                                          | Shoes                                              | womens                                             |            5.06 | 16102.990000000002 |    1.1380442287527845
 AAAAAAAAEMDBAAAA | Wor                                                                                                                                                                                                      | Shoes                                              | womens                                             |            4.04 |              80.64 |  0.005699058783904389
 AAAAAAAAEMECAAAA | New, informal offences ought to see half quite firm audiences; double views eat together logical, respective faces;                                                                                      | Shoes                                              | womens                                             |            1.95 |                818 |   0.05781039292204601
 AAAAAAAAEMPAAAAA | Local, video-taped resources may understand relatively still ear                                                                                                                                         | Shoes                                              | womens                                             |            2.54 |            5386.26 |    0.3806623557216376
 AAAAAAAAENGCAAAA | French, thick rates used to see certain things; rig                                                                                                                                                      | Shoes                                              | womens                                             |            1.78 |           12425.42 |    0.8781398684858789
 AAAAAAAAENNCAAAA | Big, dear circumstances may entail either measurements. Following, other scales used to get months. Happy, northern cells wou                                                                            | Shoes                                              | womens                                             |            2.47 |             791.17 |  0.055914240303343694
 AAAAAAAAEOEEAAAA | Local, double individuals should not make mor                                                                                                                                                            | Shoes                                              | womens                                             |            1.41 |           15460.71 |    1.0926524693811808
 AAAAAAAAEONDAAAA | Evident, magne                                                                                                                                                                                           | Shoes                                              | womens                                             |            8.47 | 18984.260000000002 |     1.341671796985674
 AAAAAAAAEPDBAAAA | Necessary, thin childre                                                                                                                                                                                  | Shoes                                              | womens                                             |            9.27 |           12733.36 |    0.8999028665255059
 AAAAAAAAEPLBAAAA | Cards imagine just large modes. Weeks can go still great bonds. Satisfactory, british levels match completely issues. High,                                                                              | Shoes                                              | womens                                             |            6.71 |            1063.12 |   0.07513372240010457
 AAAAAAAAFBLCAAAA | Japanese, good parents must work. Too other responsibilities will start important services; probably delicious tears look still insufficient                                                             | Shoes                                              | womens                                             |            1.91 |            6936.18 |     0.490199622467038
 AAAAAAAAFBOCAAAA | Minutes get existing, possible charges. Minute animals ought to corre                                                                                                                                    | Shoes                                              | womens                                             |            9.57 | 11324.540000000003 |    0.8003375391948986
 AAAAAAAAFIKCAAAA | Equally recent customers should die. Sympathetic individuals will consider figur                                                                                                                         | Shoes                                              | womens                                             |            1.44 | 12435.740000000002 |     0.878869212318343
 AAAAAAAAFKDEAAAA | Different, internal houses want safe, l                                                                                                                                                                  | Shoes                                              | womens                                             |             9.3 |            5542.93 |     0.391734671441805
 AAAAAAAAFKHAAAAA | Enough other novels might not declare twice payments. Vehicles will not                                                                                                                                  | Shoes                                              | womens                                             |            1.93 |            1591.11 |   0.11244828151857779
 AAAAAAAAFKMBAAAA | Shares may stay more comfo                                                                                                                                                                               | Shoes                                              | womens                                             |            2.25 |               1521 |   0.10749340786605377
 AAAAAAAAFKPBAAAA | Prime sen                                                                                                                                                                                                | Shoes                                              | womens                                             |            9.92 |                    |                      
 AAAAAAAAFNABAAAA | Problems face in the wars. Powerful committees cost soft, fit lengths. Necessary patterns used to make low cell                                                                                          | Shoes                                              | womens                                             |            9.54 |             344.05 |  0.024314994724730966
 AAAAAAAAFODDAAAA | Sentences hear a                                                                                                                                                                                         | Shoes                                              | womens                                             |            9.22 |           21396.14 |    1.5121262352262903
 AAAAAAAAFPGCAAAA | Seconds contemplate during a prin                                                                                                                                                                        | Shoes                                              | womens                                             |            3.62 |             719.81 |     0.050871025585841
 AAAAAAAAGFJDAAAA | Stars go capitalist, working methods. Public premises w                                                                                                                                                  | Shoes                                              | womens                                             |            5.24 |            7075.83 |    0.5000690862464557
 AAAAAAAAGFODAAAA | Weeks must play grey, total pounds. Regional,                                                                                                                                                            | Shoes                                              | womens                                             |            1.83 |            6956.78 |    0.4916554832178866
 AAAAAAAAGGAEAAAA | Words should listen home average leaders. Eyes report then; hungry, good interests could stop only live, small numbers. Neutral themes must remain corr                                                  | Shoes                                              | womens                                             |            3.14 |  5048.900000000001 |    0.3568201623766725
 AAAAAAAAGHFBAAAA | Intense, national ways might compensate combined trains; over concerned miles would see directly wrong, modern measures; inner cards finance previously global, active children. Over sepa               | Shoes                                              | womens                                             |            2.88 | 1634.5800000000002 |   0.11552043039427626
 AAAAAAAAGHGBAAAA | Barriers may want. Totally white women prevent specially instead official patients. Only important figures cover by the groups; politica                                                                 | Shoes                                              | womens                                             |           65.65 |            6768.75 |    0.4783668668595341
 AAAAAAAAGINBAAAA | Enormous, similar causes concern indeed front rights. Again constant issues achieve con                                                                                                                  | Shoes                                              | womens                                             |            1.53 |           11390.59 |    0.8050054810683717
 AAAAAAAAGIODAAAA | Main students upgrade. Rewards offer almost reports. Abilities force never i                                                                                                                             | Shoes                                              | womens                                             |            5.57 |  4472.389999999999 |   0.31607655647998695
 AAAAAAAAGJCCAAAA | Ever english shares convert. Weeks will not become children. I                                                                                                                                           | Shoes                                              | womens                                             |            5.38 |           10370.25 |    0.7328951432760974
 AAAAAAAAGJOAAAAA | Initial, new factors would help; times will not get somewhere new opportunities. Final groups must not save level cases.                                                                                 | Shoes                                              | womens                                             |           90.19 |            5099.33 |    0.3603841943021722
 AAAAAAAAGKDEAAAA | Responsible sales give. Flat feet must talk                                                                                                                                                              | Shoes                                              | womens                                             |             9.3 |            8326.17 |    0.5884341799948066
 AAAAAAAAGKMAAAAA | For long sexual months save other police. True winners will not speak however powerful characteristics. Able men should support already; certain, popular profits used to take national instituti        | Shoes                                              | womens                                             |            3.92 |           12116.24 |    0.8562892361097931
 AAAAAAAAGKPBAAAA | Instructions would adopt particular attacks. Teachers feel contracts. Things laugh almost countries; available defences might respond right, statutory groups. Hard, brilliant thoughts ra               | Shoes                                              | womens                                             |            1.26 |               86.4 |  0.006106134411326131
 AAAAAAAAGMCDAAAA | Serious, forward goods can make almost animals; forces used to get only opinions. Now available feet meet mo                                                                                             | Shoes                                              | womens                                             |            0.33 |             532.27 |   0.03761703892496018
 AAAAAAAAGODAAAAA | Rather retail                                                                                                                                                                                            | Shoes                                              | womens                                             |            4.07 |            5294.07 |    0.3741470254973302
 AAAAAAAAHBCDAAAA | Ugly decisions produce deep sales. Flexible lawyer                                                                                                                                                       | Shoes                                              | womens                                             |            1.36 | 28324.879999999997 |     2.001800051674575
 AAAAAAAAHFDBAAAA | Other, supposed days                                                                                                                                                                                     | Shoes                                              | womens                                             |            1.29 |           13067.74 |    0.9235344547715617
 AAAAAAAAHJAAAAAA | Girls should not object upper faces; local connections give. Parties swap certain others. Chief, severe houses bring later male elements. Military function                                              | Shoes                                              | womens                                             |            0.52 |            7045.61 |   0.49793335265953126
 AAAAAAAAHKJCAAAA | Free products influence below civil industries. Detailed forces get feelings. Implic                                                                                                                     | Shoes                                              | womens                                             |            3.72 |              245.7 |  0.017364319732208686
 AAAAAAAAHKMCAAAA | Sites use on a ways. Exactly responsible officers comment even previous responsibilities. Now local costs ensure pale, naval eyes. Level, clear pupils become then                                       | Shoes                                              | womens                                             |           34.83 |  7870.870000000001 |    0.5562568304869735
 AAAAAAAAHNBEAAAA | Odd children look thereby ears. Certain years can let over earnings. Parties used to signal quite upwards concerned times.                                                                               | Shoes                                              | womens                                             |            4.39 |             4631.3 |    0.3273071793885962
 AAAAAAAAHNCDAAAA | Centres get then satisfactory proposals. Twin members will ensure. Positive, english photographs must not believe apparently pages.                                                                      | Shoes                                              | womens                                             |            7.07 |  5100.610000000001 |    0.3604746555527104
 AAAAAAAAHOEAAAAA | European, right statements should not get. Current conditions could wish. Other pilots can regain in the creditors. Surely positive colleges remove                                                      | Shoes                                              | womens                                             |            6.54 | 13640.320000000002 |    0.9640003163599544
 AAAAAAAAIAIAAAAA | Heads cannot assist always green ingredients. As domestic areas might dispense today clinical difficulties. Parts bri                                                                                    | Shoes                                              | womens                                             |            0.99 |            6247.49 |   0.44152793603490614
 AAAAAAAAICCCAAAA | Children could form most necessary years. For example rapid findings grant; a                                                                                                                            | Shoes                                              | womens                                             |            4.63 |           11705.93 |    0.8272914582126725
 AAAAAAAAICFBAAAA | Areas will not exc                                                                                                                                                                                       | Shoes                                              | womens                                             |               1 |            1511.62 |   0.10683049651445378
 AAAAAAAAIEAEAAAA | Months make. Various relatives                                                                                                                                                                           | Shoes                                              | womens                                             |            4.36 |            2180.55 |   0.15410568739140273
 AAAAAAAAIFBDAAAA | Dependent, environmental goals can force so only, red benefits; other days switch orange, special women; iden                                                                                            | Shoes                                              | womens                                             |             6.3 |           10248.83 |    0.7243140455883286
 AAAAAAAAIFFEAAAA | Often other players shall not want. Others go in order slight problems. Sure, s                                                                                                                          | Shoes                                              | womens                                             |           59.53 |            4978.61 |    0.3518525676107915
 AAAAAAAAIFJBAAAA | Emotion                                                                                                                                                                                                  | Shoes                                              | womens                                             |            0.87 |            5517.46 |    0.3899346339017995
 AAAAAAAAIGHCAAAA | Expensive, present differences used to start quite. Inevitable, new rewards risk probably by the students. Individual, large points allow easy bones. M                                                  | Shoes                                              | womens                                             |           15.08 |  6741.669999999999 |     0.476453046027836
 AAAAAAAAIGIAAAAA | Today able prices should behave quite complete, central minutes. Other, expensive years can say long                                                                                                     | Shoes                                              | womens                                             |            2.72 |           14322.98 |     1.012245845494629
 AAAAAAAAIGJCAAAA | Certain items suppose happily women. Members investigate particularly interesting applications. Economic, strong walls used                                                                              | Shoes                                              | womens                                             |            8.63 |            9938.52 |     0.702383552889502
 AAAAAAAAIHBBAAAA | Available, actual parents reach too valuable degrees. Accordingly free feet shall separat                                                                                                                | Shoes                                              | womens                                             |            5.53 |            10729.3 |    0.7582702307805724
 AAAAAAAAIHPBAAAA | Particular citizens add from the processes; black others cou                                                                                                                                             | Shoes                                              | womens                                             |            1.09 |             518.56 |   0.03664811412427405
 AAAAAAAAINJCAAAA | Directly nuclear calculations travel short deals. Grey, late bishops direct in a attempts. Stars take different lines. Harder rich units shall find usually rare, human grounds. Black, high weeks       | Shoes                                              | womens                                             |            0.82 | 4089.8500000000004 |   0.28904136368243266
 AAAAAAAAIOMDAAAA | Features let anym                                                                                                                                                                                        | Shoes                                              | womens                                             |            0.23 |            5258.59 |    0.3716395527089755
 AAAAAAAAIPEBAAAA | As international documents help. Only complex limits must not restrict well in a members; young, urban statements should improve never appointed, russian flowers. Rich,                                 | Shoes                                              | womens                                             |            6.45 |  8913.839999999998 |    0.6299664949196216
 AAAAAAAAJAKDAAAA | Certain efforts shall fo                                                                                                                                                                                 | Shoes                                              | womens                                             |            3.51 | 10583.369999999999 |    0.7479569414907018
 AAAAAAAAJIHBAAAA | Quite modern adults ought to extend clearly. Most                                                                                                                                                        | Shoes                                              | womens                                             |            0.32 |           11540.77 |    0.8156191299791699
 AAAAAAAAJLDCAAAA | Clear, critical products could not                                                                                                                                                                       | Shoes                                              | womens                                             |            4.74 |            4233.49 |    0.2991928121412623
 AAAAAAAAJOFAAAAA | Times record otherwise terms. Responsible pieces continue potential sports                                                                                                                               | Shoes                                              | womens                                             |            2.51 |            3782.04 |   0.26728755311356345
 AAAAAAAAJPAEAAAA | Meanwhile red hands say. As cold changes fall thus dark examples. Walls spend right at a issues; presidential, responsible f                                                                             | Shoes                                              | womens                                             |             2.4 | 2622.9799999999996 |    0.1853734772942154
 AAAAAAAAJPEDAAAA | Aware, senior workers would not lose up a eyes. Unique fragments strike metres. Good, clos                                                                                                               | Shoes                                              | womens                                             |            4.82 |             539.01 |  0.038093373947325204
 AAAAAAAAKADAAAAA | True, far arms join mentally. True, united artists must marry largely unique, mental companies. Once appointed services ought to keep errors. Industries encourag                                        | Shoes                                              | womens                                             |            3.47 |  9481.300000000001 |    0.6700705115058617
 AAAAAAAAKBGDAAAA | Fees used to strengthen alone moreover                                                                                                                                                                   | Shoes                                              | womens                                             |             9.7 | 7865.7300000000005 |    0.5558935720277811
 AAAAAAAAKCJCAAAA | American, strange re                                                                                                                                                                                     | Shoes                                              | womens                                             |            0.91 |           11009.08 |    0.7780430813083598
 AAAAAAAAKDKDAAAA | Able theories would carry urgent, able experts. Thanks may benefit now centuries. Marks ought to cover words. Proceedings could attempt only with the standards. Nice, british tasks cannot co           | Shoes                                              | womens                                             |            1.05 |            3141.16 |     0.221994735734736
 AAAAAAAAKDMBAAAA | New, other models link only formal, high cells; exactly real dogs display now. Vast parts find more cold emotions                                                                                        | Shoes                                              | womens                                             |            8.35 |  7080.219999999999 |    0.5003793400666607
 AAAAAAAAKELAAAAA | Primary, bare projects wi                                                                                                                                                                                | Shoes                                              | womens                                             |            2.81 |            7026.26 |   0.49656583297366136
 AAAAAAAAKFDCAAAA | Movements budge totally motives. Imperial shares administer again. As mental specimens check entirely sexual spots. Aspects discover further                                                             | Shoes                                              | womens                                             |            3.36 |            2390.38 |    0.1689349719229833
 AAAAAAAAKGPBAAAA | Political mi                                                                                                                                                                                             | Shoes                                              | womens                                             |           25.81 |           17346.87 |    1.2259527758773254
 AAAAAAAAKHDDAAAA | Open, social levels might not visit materials. Women say muc                                                                                                                                             | Shoes                                              | womens                                             |             0.7 |              201.6 |  0.014247646959760973
 AAAAAAAAKHGAAAAA | Visual, square results ought to induce now british cups. Regional solutions can collect so pale rules; patients must perform now duties;                                                                 | Shoes                                              | womens                                             |             1.7 |  5672.800000000001 |   0.40091295472882965
 AAAAAAAAKIMBAAAA | C                                                                                                                                                                                                        | Shoes                                              | womens                                             |            0.82 |            2169.68 |   0.15333747349034813
 AAAAAAAAKIODAAAA | Necessary workers ought to arrive. Domestic, english sciences will not define intervals. Proceedings will listen comfortable, jap                                                                        | Shoes                                              | womens                                             |           37.21 |             220.44 |  0.015579123491119588
 AAAAAAAAKJPAAAAA | Evolutionary, lucky stars must become nearer. Both early persons think between a changes. Positive, public games defend normally more maj                                                                | Shoes                                              | womens                                             |            1.65 |           10023.44 |    0.7083850914798935
 AAAAAAAAKJPBAAAA | Colours live laws. Rare victims improve with a contents. Sure panels ought to form up a ac                                                                                                               | Shoes                                              | womens                                             |             4.5 |             5196.1 |   0.36722320618856147
 AAAAAAAAKKJAAAAA | Days go. New women will look only whole prices. Late electoral votes leave for example difficult, bloody sides. Other, past requests return on a insects. Hours could find engli                         | Shoes                                              | womens                                             |            7.39 | 1097.8100000000002 |   0.07758536363539284
 AAAAAAAAKLAEAAAA | Likely, bl                                                                                                                                                                                               | Shoes                                              | womens                                             |            0.09 |            1138.12 |   0.08043418629882518
 AAAAAAAAKLEAAAAA | Official, private records permit. Early, reliable types might charge responsible wheels. Horizontally general ears come in a weeks. Mos                                                                  | Shoes                                              | womens                                             |            2.01 |            1944.22 |    0.1374035722822742
 AAAAAAAAKMNCAAAA | Policies delay royal, environmental habits; now narrow studies sell still overall refugees; quite labour authors recall with a teachers. Socialist, horrible agreements mean for a                       | Shoes                                              | womens                                             |            2.24 |           15790.31 |    1.1159462413947583
 AAAAAAAAKOKAAAAA | As western keys ought to save almost at a copies. Individual estates measure really. Maybe safe themes should not carry rough rates. Organisations may not happen ago delic                              | Shoes                                              | womens                                             |            2.12 |            2570.75 |   0.18168223423514643
 AAAAAAAAKPPDAAAA | Confident standards may not restrict even national o                                                                                                                                                     | Shoes                                              | womens                                             |           25.42 |           16627.87 |    1.1751389953015907
 AAAAAAAALDEEAAAA | British, chinese ranks maintain inherent, sure jobs. Interests proceed much light years. German, crucial figures will stay about careful thousands. Scottish ar                                          | Shoes                                              | womens                                             |            2.05 |            9742.17 |    0.6885069384026515
 AAAAAAAALDJCAAAA | Major rules mus                                                                                                                                                                                          | Shoes                                              | womens                                             |            4.89 |            9794.34 |    0.6921939410906016
 AAAAAAAALFLBAAAA | Even normal trusts must reduce meanwhile personal accused countr                                                                                                                                         | Shoes                                              | womens                                             |               3 | 11078.830000000002 |    0.7829725127341701
 AAAAAAAALLKCAAAA | Able, dark weeks destroy so together with a consequences. Old others meet very. Independent, only prisoners                                                                                              | Shoes                                              | womens                                             |           39.71 | 3748.9700000000003 |   0.26495040189848756
 AAAAAAAALODDAAAA | Locations would expect women. Rather blue charts require approximately capitalist times; multiple, residential difficulties will not include so western police. High, new services describe either g     | Shoes                                              | womens                                             |            2.53 |            4480.71 |     0.316664554608485
 AAAAAAAALOGDAAAA | Sufficient, similar proteins used to stick never major, liberal candidates. Thus local pupils increase that is for a payments; institutions stand still real guards.                                     | Shoes                                              | womens                                             |             9.4 | 1913.6399999999999 |   0.13524239646863584
 AAAAAAAALPDCAAAA | Important firms would not worry plainly. Low, positive books earn. Worse lo                                                                                                                              | Shoes                                              | womens                                             |            9.72 |              639.6 |  0.045202356128289274
 AAAAAAAAMBNCAAAA | Psychiatric, following individuals cut so. Complex consequences sho                                                                                                                                      | Shoes                                              | womens                                             |            8.41 |            2710.06 |   0.19152766924488998
 AAAAAAAAMCEBAAAA | Over powerful teeth might get at all with a rooms. Only, chosen consultants may not entail better new examp                                                                                              | Shoes                                              | womens                                             |            7.47 |            2239.81 |   0.15829376059991182
 AAAAAAAAMEFBAAAA | Objectives put. Average hundreds happen over. Inevitably long forces stay more. Elaborate, central men match between a brothers; central services hear. Glasses extend outside so large functi           | Shoes                                              | womens                                             |            2.75 |             331.84 |  0.023452079202019253
 AAAAAAAAMICAAAAA | Positive, national years could care o                                                                                                                                                                    | Shoes                                              | womens                                             |            6.56 |            12510.5 |    0.8841527147325875
 AAAAAAAAMILDAAAA | However short lips wear only evolutionary, large principles. Figures should take major, lucky activities. Pleased, other others might turn good,                                                         | Shoes                                              | womens                                             |            4.09 |            5275.68 |    0.3728473517493639
 AAAAAAAAMIMDAAAA | Keen, complex shows would come internal, important concentrations; even impossible germans leave times. Scenes cannot put then clergy. Patterns provide in order to a committees. Excellent, fo          | Shoes                                              | womens                                             |            2.07 |            6430.35 |    0.4544511737485068
 AAAAAAAAMJICAAAA | Years say giant, mechanical parts. Schools might work private, exciting members; relevant                                                                                                                | Shoes                                              | womens                                             |            9.76 |            2161.82 |   0.15278198487376224
 AAAAAAAAMMHAAAAA | Parliamentary injuries visit employees. Environmental, beautiful loans may think other, politica                                                                                                         | Shoes                                              | womens                                             |            1.77 | 2887.8199999999997 |   0.20409047541337763
 AAAAAAAAMMHDAAAA | In order yellow periods see women. Expectations see. Important, independent dogs can read again tonnes. Possible results might take really blue vehicles. Considerable, social units rais                | Shoes                                              | womens                                             |             0.5 | 3887.1099999999997 |     0.274713149671411
 AAAAAAAAMMOCAAAA | Years encounter soon specific, creative arrangements; cl                                                                                                                                                 | Shoes                                              | womens                                             |            4.15 |             137.25 |  0.009699848934658698
 AAAAAAAAMNGDAAAA | Separate, capitalist states must make most functional words. Most molecular others can keep only diverse, middle customers. Political, public spirit                                                     | Shoes                                              | womens                                             |            2.13 |            2114.87 |   0.14946389447316313
 AAAAAAAAMOCBAAAA | Formal children                                                                                                                                                                                          | Shoes                                              | womens                                             |            5.37 |           13636.61 |    0.9637381200790975
 AAAAAAAAMOCDAAAA | Just left situations ask afterw                                                                                                                                                                          | Shoes                                              | womens                                             |            6.09 |              80.31 |  0.005675736742750018
 AAAAAAAAMPAEAAAA | Above good occasions must not try home national volumes. Modern, toxic consequences run long as an ports                                                                                                 | Shoes                                              | womens                                             |           97.13 |            7707.77 |    0.5447300883285557
 AAAAAAAAMPDBAAAA | Present, white levels can find as important stations. Equations know ultimately more professional democrats. More extensive rates tell. Minds must avoid all uniquely common daughters. Rocks send       | Shoes                                              | womens                                             |             0.2 |             6002.1 |   0.42418552488681216
 AAAAAAAANCNAAAAA | Distinct partners will find guests. New, industrial firms will start right main, running partners. Dangerous standards obtain in order british, coming miles; answ                                       | Shoes                                              | womens                                             |            2.37 |           14069.52 |    0.9943331044310327
 AAAAAAAANDAAAAAA | Once excellent trends produce. National values might not read for the scholars. Issues could not agree thus quantities; sincerely new others take professional respondents. Certain, full securiti       | Shoes                                              | womens                                             |            8.62 |  7351.250000000001 |    0.5195338031395975
 AAAAAAAANEKBAAAA | Appeals would beat either new meetings. Formally executive rig                                                                                                                                           | Shoes                                              | womens                                             |            9.94 | 5164.3099999999995 |    0.3649765162240237
 AAAAAAAANFCCAAAA | Other changes wear there proposed lists; standa                                                                                                                                                          | Shoes                                              | womens                                             |            2.98 |             7439.4 |    0.5257636150418937
 AAAAAAAANFMBAAAA | Again old inter                                                                                                                                                                                          | Shoes                                              | womens                                             |             5.8 |           16781.12 |    1.1859696098679764
 AAAAAAAANHDCAAAA | Trousers take the                                                                                                                                                                                        | Shoes                                              | womens                                             |            9.93 |            6092.54 |   0.43057717762014935
 AAAAAAAANHFDAAAA | Allies determine obviously years. Families seek most trees. Even physical policies explain as ashamed ministers. Crossly critical flowers find ever other opinions. Lines would not mean only. Other co  | Shoes                                              | womens                                             |             4.1 | 6974.5199999999995 |   0.49290921961206396
 AAAAAAAANLBAAAAA | Also great interests get. Severe, relative months might prove too empty reports. Available, pretty documents will reinforce more also hot pp.; as well elderly months survive also likely diffi          | Shoes                                              | womens                                             |           15.74 |           10077.32 |    0.7121929447447344
 AAAAAAAANLNDAAAA | National, other classes compensate shares. Especially large hands get shoulders. Stable, golden                                                                                                          | Shoes                                              | womens                                             |            9.17 |  9777.400000000001 |    0.6909967429780106
 AAAAAAAANOBDAAAA | Other skills might go over now potential drivers. Exceptions would remove nevertheless stable things. Different, mental ins                                                                              | Shoes                                              | womens                                             |            2.51 |             3446.6 |    0.2435810516444056
 AAAAAAAANOCCAAAA | Still internal thanks should pass very muscles. Elements shall understand then on a books. Social i                                                                                                      | Shoes                                              | womens                                             |            5.23 |           13861.23 |    0.9796126560915058
 AAAAAAAAOABCAAAA | Talks question sessions. Subtle, necessary countries will survive completely excellent, broad missiles; courses lead carefully of course normal conditions                                               | Shoes                                              | womens                                             |            6.71 |  7387.360000000001 |    0.5220857998247015
 AAAAAAAAOBHAAAAA | Full-time circumstances can realis                                                                                                                                                                       | Shoes                                              | womens                                             |            3.94 |           27106.72 |    1.9157092103030355
 AAAAAAAAOCBDAAAA | Involved, brillia                                                                                                                                                                                        | Shoes                                              | womens                                             |            6.61 |           10048.74 |    0.7101731146350618
 AAAAAAAAOCMBAAAA | Always common wome                                                                                                                                                                                       | Shoes                                              | womens                                             |            5.74 |            5064.47 |    0.3579205386820469
 AAAAAAAAODIDAAAA | Too local reasons believe about a deman                                                                                                                                                                  | Shoes                                              | womens                                             |            3.62 |            1840.65 |   0.13008398500240095
 AAAAAAAAODJCAAAA | Prisons ought to pay immediately vertical voters. Desirable, significant pieces will not share generally things; familiar, national tick                                                                 | Shoes                                              | womens                                             |             8.9 |           10588.05 |    0.7482876904379819
 AAAAAAAAODMCAAAA | Extra banks shall make too from the police. Attitudes recognise never after the pilots. Great, national writers must notice urban police; there moving typ                                               | Shoes                                              | womens                                             |            9.48 |            7689.56 |    0.5434431356939463
 AAAAAAAAOFHAAAAA | True, right firms should walk just international lessons. Skills expect overnight yet solid products. Then rural programmes catch. Different, competitive parts look never ethni                         | Shoes                                              | womens                                             |            0.94 | 26412.039999999997 |    1.8666141934875253
 AAAAAAAAOGECAAAA | Different wings pay. Items may not resist pretty; now national things return much only jewish lights. Ways                                                                                               | Shoes                                              | womens                                             |            3.54 |           17993.23 |    1.2716328804850194
 AAAAAAAAOHBDAAAA | Sure words will make much immense areas; national cuts invade tow                                                                                                                                        | Shoes                                              | womens                                             |            6.38 | 2474.4700000000003 |   0.17487785204622885
 AAAAAAAAOICCAAAA | Permanent parts should not conduct at la                                                                                                                                                                 | Shoes                                              | womens                                             |            69.1 |             863.66 |   0.06103731534358711
 AAAAAAAAOIKCAAAA | Even natural numb                                                                                                                                                                                        | Shoes                                              | womens                                             |            4.15 |            3540.25 |   0.25019956423260803
 AAAAAAAAOJJDAAAA | Domestic funds mean frenc                                                                                                                                                                                | Shoes                                              | womens                                             |            4.37 |            5376.83 |   0.37999591072743844
 AAAAAAAAOMJDAAAA | Others receive right witnesses. Other changes ca                                                                                                                                                         | Shoes                                              | womens                                             |             3.7 |           12305.09 |    0.8696358042067716
 AAAAAAAAOOKAAAAA | Extreme centres may prevent yesterday simple targets. Possible men may escape ahead prices. Surely significant miles may perform indeed. Long little marke                                               | Shoes                                              | womens                                             |            2.77 |            9794.57 |    0.6922101958465576
 AAAAAAAAOOOCAAAA | Economic, delicate features fetch basically political, pregnant chairs. Studies must find current, certain police. Various barriers could not give almost companies. Tonight brief attacks await in a d  | Shoes                                              | womens                                             |            7.55 |           12509.88 |    0.8841088975643581
 AAAAAAAAPFLDAAAA | Big, national areas justify gently jobs. Projects learn true orders. Previous, modest officers must not complete however tickets. Concerne                                                               | Shoes                                              | womens                                             |            7.26 |            1004.29 |   0.07097603851794815
 AAAAAAAAPHGDAAAA | Foreign parties can detach ultimately principles. Rocks could leave then. Hotels give substantially natural steps. Rur                                                                                   | Shoes                                              | womens                                             |            9.77 |             389.12 |   0.02750022016360213
 AAAAAAAAPKBCAAAA | Policies listen young, public lists; electronic, major                                                                                                                                                   | Shoes                                              | womens                                             |            1.22 |             102.83 |  0.007267289369405857
 AAAAAAAAPLGCAAAA | Jeans must think however now previous procedures. Numerous, ugly temperatures become teachers. Mean, widesprea                                                                                           | Shoes                                              | womens                                             |            0.22 |             8004.2 |     0.565679641841859
 AAAAAAAAPNGDAAAA | Rooms may appoint. European germans ride good, central wheels. Sure, military practition                                                                                                                 | Shoes                                              | womens                                             |            3.88 |             4730.2 |    0.3342967244497091
 AAAAAAAAINODAAAA |                                                                                                                                                                                                          | Shoes                                              |                                                    |            2.27 |             5406.1 |     33.10889599858894
(2609 rows)

UPDATE time_statistics SET e_time = TRANSACTION_TIMESTAMP() WHERE template = '../query_postgresql/query98.tpl' AND stream = 4;
psql:/tmp/s1-basline/throughput/query_4.sql:3917: NOTICE:  duration: 0.054 ms  plan:
Query Text: UPDATE time_statistics SET e_time = TRANSACTION_TIMESTAMP() WHERE template = '../query_postgresql/query98.tpl' AND stream = 4;
Update on time_statistics  (cost=0.00..7.87 rows=0 width=0) (actual time=0.054..0.054 rows=0 loops=1)
  ->  Seq Scan on time_statistics  (cost=0.00..7.87 rows=1 width=14) (actual time=0.039..0.039 rows=1 loops=1)
        Filter: ((template = '../query_postgresql/query98.tpl'::text) AND (stream = 4))
        Rows Removed by Filter: 259
UPDATE 1
LOAD 'auto_explain'; SET auto_explain.log_min_duration TO 0; SET auto_explain.log_analyze TO on; SET auto_explain.log_level TO notice; INSERT INTO time_statistics (template, s_time, stream, query, seed) VALUES ('query42.tpl', TRANSACTION_TIMESTAMP(), 4, 81, 1005776752);
LOAD
SET
SET
SET
psql:/tmp/s1-basline/throughput/query_4.sql:3918: NOTICE:  duration: 0.008 ms  plan:
Query Text: INSERT INTO time_statistics (template, s_time, stream, query, seed) VALUES ('query42.tpl', TRANSACTION_TIMESTAMP(), 4, 81, 1005776752);
Insert on time_statistics  (cost=0.00..0.01 rows=0 width=0) (actual time=0.008..0.008 rows=0 loops=1)
  ->  Result  (cost=0.00..0.01 rows=1 width=64) (actual time=0.001..0.001 rows=1 loops=1)
INSERT 0 1
select  dt.d_year
 	,item.i_category_id
 	,item.i_category
 	,sum(ss_ext_sales_price)
 from 	date_dim dt
 	,store_sales
 	,item
 where dt.d_date_sk = store_sales.ss_sold_date_sk
 	and store_sales.ss_item_sk = item.i_item_sk
 	and item.i_manager_id = 1  	
 	and dt.d_moy=11
 	and dt.d_year=2000
 group by 	dt.d_year
 		,item.i_category_id
 		,item.i_category
 order by       sum(ss_ext_sales_price) desc,dt.d_year
 		,item.i_category_id
 		,item.i_category
limit 100 ;
psql:/tmp/s1-basline/throughput/query_4.sql:3937: NOTICE:  duration: 180.211 ms  plan:
Query Text: select  dt.d_year
 	,item.i_category_id
 	,item.i_category
 	,sum(ss_ext_sales_price)
 from 	date_dim dt
 	,store_sales
 	,item
 where dt.d_date_sk = store_sales.ss_sold_date_sk
 	and store_sales.ss_item_sk = item.i_item_sk
 	and item.i_manager_id = 1  	
 	and dt.d_moy=11
 	and dt.d_year=2000
 group by 	dt.d_year
 		,item.i_category_id
 		,item.i_category
 order by       sum(ss_ext_sales_price) desc,dt.d_year
 		,item.i_category_id
 		,item.i_category
limit 100 ;
Limit  (cost=41150.69..41150.73 rows=19 width=67) (actual time=180.194..180.197 rows=10 loops=1)
  ->  Sort  (cost=41150.69..41150.73 rows=19 width=67) (actual time=180.193..180.195 rows=10 loops=1)
        Sort Key: (sum(store_sales.ss_ext_sales_price)) DESC, item.i_category_id, item.i_category
        Sort Method: quicksort  Memory: 26kB
        ->  GroupAggregate  (cost=41149.85..41150.28 rows=19 width=67) (actual time=179.859..180.187 rows=10 loops=1)
              Group Key: dt.d_year, item.i_category_id, item.i_category
              ->  Sort  (cost=41149.85..41149.90 rows=19 width=67) (actual time=179.803..179.869 rows=1559 loops=1)
                    Sort Key: item.i_category_id, item.i_category
                    Sort Method: quicksort  Memory: 219kB
                    ->  Nested Loop  (cost=0.72..41149.45 rows=19 width=67) (actual time=4.303..179.346 rows=1559 loops=1)
                          ->  Nested Loop  (cost=0.43..40813.12 rows=1092 width=20) (actual time=4.285..48.611 rows=86837 loops=1)
                                ->  Seq Scan on date_dim dt  (cost=0.00..2500.73 rows=29 width=12) (actual time=4.274..9.005 rows=30 loops=1)
                                      Filter: ((d_moy = 11) AND (d_year = 2000))
                                      Rows Removed by Filter: 73019
                                ->  Index Scan using i_ss_sold_date_sk on store_sales  (cost=0.43..1306.04 rows=1508 width=24) (actual time=0.005..0.907 rows=2895 loops=30)
                                      Index Cond: (ss_sold_date_sk = dt.d_date_sk)
                          ->  Index Scan using pk_item on item  (cost=0.29..0.31 rows=1 width=63) (actual time=0.001..0.001 rows=0 loops=86837)
                                Index Cond: (i_item_sk = store_sales.ss_item_sk)
                                Filter: (i_manager_id = 1)
                                Rows Removed by Filter: 1
 d_year | i_category_id |                     i_category                     |        sum         
--------+---------------+----------------------------------------------------+--------------------
   2000 |             1 | Women                                              | 411548.82999999996
   2000 |             3 | Children                                           |  366337.4399999998
   2000 |            10 | Electronics                                        |  345439.4399999997
   2000 |             6 | Jewelry                                            |  332552.4799999999
   2000 |             9 | Books                                              |  318601.9799999998
   2000 |             4 | Shoes                                              | 318151.16999999987
   2000 |             2 | Men                                                | 260294.76999999993
   2000 |             8 | Sports                                             | 254979.49000000005
   2000 |             7 | Home                                               | 199539.20999999996
   2000 |             5 | Music                                              | 193917.22999999998
(10 rows)

UPDATE time_statistics SET e_time = TRANSACTION_TIMESTAMP() WHERE template = 'query42.tpl' AND stream = 4;
psql:/tmp/s1-basline/throughput/query_4.sql:3939: NOTICE:  duration: 0.055 ms  plan:
Query Text: UPDATE time_statistics SET e_time = TRANSACTION_TIMESTAMP() WHERE template = 'query42.tpl' AND stream = 4;
Update on time_statistics  (cost=0.00..7.87 rows=0 width=0) (actual time=0.055..0.055 rows=0 loops=1)
  ->  Seq Scan on time_statistics  (cost=0.00..7.87 rows=1 width=14) (actual time=0.040..0.040 rows=1 loops=1)
        Filter: ((template = 'query42.tpl'::text) AND (stream = 4))
        Rows Removed by Filter: 260
UPDATE 1
LOAD 'auto_explain'; SET auto_explain.log_min_duration TO 0; SET auto_explain.log_analyze TO on; SET auto_explain.log_level TO notice; INSERT INTO time_statistics (template, s_time, stream, query, seed) VALUES ('query26.tpl', TRANSACTION_TIMESTAMP(), 4, 82, 2126735383);
LOAD
SET
SET
SET
psql:/tmp/s1-basline/throughput/query_4.sql:3940: NOTICE:  duration: 0.009 ms  plan:
Query Text: INSERT INTO time_statistics (template, s_time, stream, query, seed) VALUES ('query26.tpl', TRANSACTION_TIMESTAMP(), 4, 82, 2126735383);
Insert on time_statistics  (cost=0.00..0.01 rows=0 width=0) (actual time=0.008..0.008 rows=0 loops=1)
  ->  Result  (cost=0.00..0.01 rows=1 width=64) (actual time=0.002..0.002 rows=1 loops=1)
INSERT 0 1
select  i_item_id, 
        avg(cs_quantity) agg1,
        avg(cs_list_price) agg2,
        avg(cs_coupon_amt) agg3,
        avg(cs_sales_price) agg4 
 from catalog_sales, customer_demographics, date_dim, item, promotion
 where cs_sold_date_sk = d_date_sk and
       cs_item_sk = i_item_sk and
       cs_bill_cdemo_sk = cd_demo_sk and
       cs_promo_sk = p_promo_sk and
       cd_gender = 'F' and 
       cd_marital_status = 'U' and
       cd_education_status = 'Unknown' and
       (p_channel_email = 'N' or p_channel_event = 'N') and
       d_year = 2000 
 group by i_item_id
 order by i_item_id
 limit 100;
psql:/tmp/s1-basline/throughput/query_4.sql:3958: NOTICE:  duration: 654.576 ms  plan:
Query Text: select  i_item_id, 
        avg(cs_quantity) agg1,
        avg(cs_list_price) agg2,
        avg(cs_coupon_amt) agg3,
        avg(cs_sales_price) agg4 
 from catalog_sales, customer_demographics, date_dim, item, promotion
 where cs_sold_date_sk = d_date_sk and
       cs_item_sk = i_item_sk and
       cs_bill_cdemo_sk = cd_demo_sk and
       cs_promo_sk = p_promo_sk and
       cd_gender = 'F' and 
       cd_marital_status = 'U' and
       cd_education_status = 'Unknown' and
       (p_channel_email = 'N' or p_channel_event = 'N') and
       d_year = 2000 
 group by i_item_id
 order by i_item_id
 limit 100;
Limit  (cost=24581.01..24584.47 rows=99 width=73) (actual time=654.413..654.518 rows=100 loops=1)
  ->  GroupAggregate  (cost=24581.01..24584.47 rows=99 width=73) (actual time=654.412..654.511 rows=100 loops=1)
        Group Key: item.i_item_id
        ->  Sort  (cost=24581.01..24581.25 rows=99 width=45) (actual time=654.398..654.405 rows=124 loops=1)
              Sort Key: item.i_item_id
              Sort Method: quicksort  Memory: 559kB
              ->  Nested Loop  (cost=1.29..24577.72 rows=99 width=45) (actual time=4.213..642.744 rows=4271 loops=1)
                    ->  Nested Loop  (cost=1.00..24547.43 rows=99 width=36) (actual time=4.210..633.528 rows=4271 loops=1)
                          ->  Nested Loop  (cost=0.85..24530.43 rows=100 width=44) (actual time=4.206..628.269 rows=4303 loops=1)
                                ->  Nested Loop  (cost=0.43..21168.73 rows=7110 width=52) (actual time=4.045..130.283 rows=288171 loops=1)
                                      ->  Seq Scan on date_dim  (cost=0.00..2318.11 rows=363 width=8) (actual time=4.034..8.704 rows=366 loops=1)
                                            Filter: (d_year = 2000)
                                            Rows Removed by Filter: 72683
                                      ->  Index Scan using i_cs_sold_date_sk on catalog_sales  (cost=0.43..44.11 rows=782 width=60) (actual time=0.004..0.180 rows=787 loops=366)
                                            Index Cond: (cs_sold_date_sk = date_dim.d_date_sk)
                                ->  Index Scan using pk_customer_demographics on customer_demographics  (cost=0.43..0.47 rows=1 width=8) (actual time=0.002..0.002 rows=0 loops=288171)
                                      Index Cond: (cd_demo_sk = catalog_sales.cs_bill_cdemo_sk)
                                      Filter: ((cd_gender = 'F'::bpchar) AND (cd_marital_status = 'U'::bpchar) AND (cd_education_status = 'Unknown'::bpchar))
                                      Rows Removed by Filter: 1
                          ->  Index Scan using pk_promotion on promotion  (cost=0.15..0.17 rows=1 width=8) (actual time=0.001..0.001 rows=1 loops=4303)
                                Index Cond: (p_promo_sk = catalog_sales.cs_promo_sk)
                                Filter: ((p_channel_email = 'N'::bpchar) OR (p_channel_event = 'N'::bpchar))
                                Rows Removed by Filter: 0
                    ->  Index Scan using pk_item on item  (cost=0.29..0.31 rows=1 width=25) (actual time=0.002..0.002 rows=1 loops=4271)
                          Index Cond: (i_item_sk = catalog_sales.cs_item_sk)
    i_item_id     |         agg1         |        agg2        |        agg3        |        agg4        
------------------+----------------------+--------------------+--------------------+--------------------
 AAAAAAAAAAACAAAA |  58.5000000000000000 |            150.305 |                  0 |             71.925
 AAAAAAAAAABAAAAA |  31.0000000000000000 |              98.69 |                8.4 | 24.509999999999998
 AAAAAAAAAACAAAAA |  85.0000000000000000 |             116.04 |                  0 |              83.54
 AAAAAAAAAACDAAAA |  93.0000000000000000 |               5.97 |                  0 |               0.71
 AAAAAAAAAADBAAAA |  65.0000000000000000 |              48.13 |                  0 |               30.8
 AAAAAAAAAADCAAAA |  62.0000000000000000 |             145.88 |             5473.3 |              99.19
 AAAAAAAAAADEAAAA |  56.3333333333333333 |  92.73333333333333 |                  0 | 57.410000000000004
 AAAAAAAAAAEAAAAA |  92.0000000000000000 |              42.21 |                  0 |               5.06
 AAAAAAAAAAEDAAAA |  16.0000000000000000 |              54.44 |                  0 |              25.58
 AAAAAAAAAAFAAAAA |  50.5000000000000000 |             113.32 |                  0 |             36.715
 AAAAAAAAAAFCAAAA |  37.0000000000000000 |             104.01 |                  0 |              97.76
 AAAAAAAAAAGBAAAA |   5.0000000000000000 |             209.96 |                  0 |             174.26
 AAAAAAAAAAGCAAAA |   9.0000000000000000 |             260.22 |                  0 |              127.5
 AAAAAAAAAAGEAAAA |  10.0000000000000000 |             194.11 |                  0 |               5.82
 AAAAAAAAAAHBAAAA |  81.0000000000000000 |              15.36 |                  0 |               3.84
 AAAAAAAAAAICAAAA |  25.0000000000000000 |              211.2 |                  0 |             114.04
 AAAAAAAAAAIDAAAA |  69.0000000000000000 | 42.334999999999994 |                  0 |               22.1
 AAAAAAAAAAJBAAAA |  85.0000000000000000 |             113.77 |                  0 |              88.74
 AAAAAAAAAAJCAAAA |  50.0000000000000000 |             100.15 |             2353.5 |              94.14
 AAAAAAAAAAKBAAAA |  36.0000000000000000 |              32.54 |                  0 |              20.82
 AAAAAAAAAAKDAAAA |  95.0000000000000000 |              35.53 |                  0 |               2.48
 AAAAAAAAAALAAAAA |  57.0000000000000000 |             125.27 |                  0 |              55.11
 AAAAAAAAAANBAAAA |  26.0000000000000000 |             138.96 |                  0 |              88.93
 AAAAAAAAAANDAAAA |  84.0000000000000000 |             220.12 |                  0 |              57.23
 AAAAAAAAAAODAAAA |  47.0000000000000000 |             119.42 |                  0 |               81.2
 AAAAAAAAABAAAAAA |  58.0000000000000000 |              65.28 |                  0 |              10.44
 AAAAAAAAABBCAAAA |  65.0000000000000000 |            119.365 |                  0 |             26.475
 AAAAAAAAABDEAAAA |  81.0000000000000000 |              56.71 |                  0 |                5.1
 AAAAAAAAABECAAAA |  79.5000000000000000 |               93.2 |                  0 |             54.445
 AAAAAAAAABFBAAAA |  18.0000000000000000 |              240.3 |                  0 |             228.28
 AAAAAAAAABFCAAAA |   6.0000000000000000 |             120.78 |                  0 |              88.16
 AAAAAAAAABHAAAAA |  53.5000000000000000 | 126.38499999999999 |                  0 |             58.145
 AAAAAAAAABHCAAAA |  61.0000000000000000 |              32.59 |             683.87 |               30.3
 AAAAAAAAABIBAAAA |  86.0000000000000000 |             145.78 |                  0 |               4.37
 AAAAAAAAABICAAAA |  81.0000000000000000 |              23.66 |                  0 |                 22
 AAAAAAAAABJDAAAA |  89.0000000000000000 |              23.92 |                  0 |               6.93
 AAAAAAAAABMAAAAA |  90.0000000000000000 |              19.89 |                  0 |              19.09
 AAAAAAAAABNAAAAA |  44.5000000000000000 | 121.35499999999999 |                  0 |             82.285
 AAAAAAAAABOBAAAA |  61.0000000000000000 |             159.37 |                  0 |              31.87
 AAAAAAAAABOCAAAA |  70.0000000000000000 |              37.17 |            1223.71 |              36.42
 AAAAAAAAABPBAAAA | 100.0000000000000000 |                5.2 |                  0 |                2.6
 AAAAAAAAACAAAAAA |  13.5000000000000000 |            132.615 |                  0 |             27.235
 AAAAAAAAACBBAAAA |  84.5000000000000000 |            117.525 |                  0 |              43.55
 AAAAAAAAACCAAAAA |  87.0000000000000000 |               8.47 |                  0 |               3.64
 AAAAAAAAACCBAAAA |  51.0000000000000000 |              29.84 |                  0 |              22.97
 AAAAAAAAACCDAAAA |  68.5000000000000000 |  95.44999999999999 |            229.805 |             20.205
 AAAAAAAAACDAAAAA |  53.0000000000000000 |               7.49 |                  0 |               0.97
 AAAAAAAAACDDAAAA |  65.0000000000000000 |              23.77 |                  0 |               8.79
 AAAAAAAAACECAAAA |  49.0000000000000000 |              60.35 |                  0 |              33.79
 AAAAAAAAACFEAAAA |  32.0000000000000000 |              13.64 |                  0 |                  6
 AAAAAAAAACGAAAAA |  78.0000000000000000 |              74.44 |                  0 |              19.35
 AAAAAAAAACGDAAAA |  47.0000000000000000 |              77.03 |                  0 |              13.09
 AAAAAAAAACHBAAAA |  63.0000000000000000 |              25.35 |                  0 |               8.36
 AAAAAAAAACHCAAAA |  99.0000000000000000 |             113.69 |                  0 |              26.14
 AAAAAAAAACIAAAAA |  48.0000000000000000 |              76.83 |                  0 |              35.34
 AAAAAAAAACJDAAAA |  25.0000000000000000 |              10.82 |                  0 |               4.97
 AAAAAAAAACKBAAAA |  53.0000000000000000 |             113.27 |                  0 |               65.5
 AAAAAAAAACKCAAAA |  86.0000000000000000 |              12.02 |                  0 |               9.01
 AAAAAAAAACLAAAAA |  30.0000000000000000 |             130.03 |                  0 |             121.95
 AAAAAAAAACNCAAAA |  57.0000000000000000 |              14.43 |             450.22 |              10.82
 AAAAAAAAADAEAAAA |  13.0000000000000000 |              147.9 |                  0 |              23.66
 AAAAAAAAADBAAAAA |  29.0000000000000000 |             139.97 |            3307.35 |             135.77
 AAAAAAAAADBBAAAA |  73.0000000000000000 |             130.96 |                  0 |              87.74
 AAAAAAAAADBDAAAA |  87.0000000000000000 |             154.64 |            1600.93 |             131.44
 AAAAAAAAADBEAAAA |  43.6666666666666667 |              162.5 |  549.7533333333333 | 58.343333333333334
 AAAAAAAAADCAAAAA |  80.0000000000000000 |             237.12 |                  0 |             104.33
 AAAAAAAAADDBAAAA |  28.0000000000000000 |             128.17 |                  0 |               48.7
 AAAAAAAAADEAAAAA |  57.0000000000000000 |             239.82 |            4346.91 |             143.89
 AAAAAAAAADFDAAAA |  85.5000000000000000 |              88.97 |                  0 |              33.35
 AAAAAAAAADGBAAAA |  95.0000000000000000 |              101.2 |                  0 |              73.87
 AAAAAAAAADGCAAAA |  75.0000000000000000 |              55.46 |                  0 |               6.65
 AAAAAAAAADGEAAAA |  99.0000000000000000 |              43.67 |                  0 |              33.62
 AAAAAAAAADHAAAAA |  39.0000000000000000 |             104.92 |                  0 |              36.72
 AAAAAAAAADIDAAAA |  76.0000000000000000 |             223.05 |           16445.92 |             220.81
 AAAAAAAAADJBAAAA |  17.0000000000000000 |            112.065 |                  0 |  55.81999999999999
 AAAAAAAAADKDAAAA |  15.0000000000000000 |              112.6 |                  0 |              94.58
 AAAAAAAAADPBAAAA |  33.0000000000000000 |              145.2 |                  0 |              91.47
 AAAAAAAAADPCAAAA |  12.0000000000000000 |             125.04 |             130.23 |              35.01
 AAAAAAAAAEAAAAAA |  49.0000000000000000 |              131.2 |                  0 |               87.9
 AAAAAAAAAEADAAAA |  62.0000000000000000 |              77.53 |                  0 |              46.51
 AAAAAAAAAEAEAAAA |  43.0000000000000000 |              97.47 |                  0 |              83.82
 AAAAAAAAAEBAAAAA |  69.0000000000000000 |              10.47 |                  0 |               2.19
 AAAAAAAAAEBDAAAA |  85.0000000000000000 |              97.63 |                  0 |              23.43
 AAAAAAAAAECBAAAA |  46.5000000000000000 |            120.605 |            584.815 |              89.31
 AAAAAAAAAECCAAAA |  74.0000000000000000 |              54.89 |                  0 |               8.78
 AAAAAAAAAEDDAAAA |  61.0000000000000000 |              55.07 |                  0 |              15.97
 AAAAAAAAAEDEAAAA |  57.0000000000000000 |              33.26 |                  0 |              19.62
 AAAAAAAAAEEDAAAA |  74.0000000000000000 |             114.74 |                  0 |              73.43
 AAAAAAAAAEFCAAAA |  95.0000000000000000 |               6.95 |              60.91 |               4.58
 AAAAAAAAAEFEAAAA |  52.6666666666666667 |              66.21 | 1375.2266666666667 | 35.196666666666665
 AAAAAAAAAEJAAAAA |  34.0000000000000000 |             124.65 |                  0 |              52.35
 AAAAAAAAAEJBAAAA |  67.0000000000000000 |              81.74 |                  0 |               0.81
 AAAAAAAAAEJDAAAA |  36.0000000000000000 |             201.33 |                  0 |             157.03
 AAAAAAAAAEMAAAAA |  23.0000000000000000 |             166.94 |            363.545 |            125.285
 AAAAAAAAAEMDAAAA |  15.0000000000000000 |              72.89 |                  0 |              36.44
 AAAAAAAAAENAAAAA |  12.0000000000000000 |             224.63 |                  0 |              20.21
 AAAAAAAAAENDAAAA |  28.0000000000000000 |             143.24 |                  0 |              70.18
 AAAAAAAAAEPAAAAA |  43.0000000000000000 |              124.8 |            3221.37 |              86.11
 AAAAAAAAAEPBAAAA |  94.0000000000000000 |             151.48 |            4164.85 |              98.46
 AAAAAAAAAFAAAAAA |   6.0000000000000000 |             159.59 |                  0 |              23.93
(100 rows)

UPDATE time_statistics SET e_time = TRANSACTION_TIMESTAMP() WHERE template = 'query26.tpl' AND stream = 4;
psql:/tmp/s1-basline/throughput/query_4.sql:3960: NOTICE:  duration: 0.055 ms  plan:
Query Text: UPDATE time_statistics SET e_time = TRANSACTION_TIMESTAMP() WHERE template = 'query26.tpl' AND stream = 4;
Update on time_statistics  (cost=0.00..7.87 rows=0 width=0) (actual time=0.055..0.055 rows=0 loops=1)
  ->  Seq Scan on time_statistics  (cost=0.00..7.87 rows=1 width=14) (actual time=0.040..0.040 rows=1 loops=1)
        Filter: ((template = 'query26.tpl'::text) AND (stream = 4))
        Rows Removed by Filter: 261
UPDATE 1
LOAD 'auto_explain'; SET auto_explain.log_min_duration TO 0; SET auto_explain.log_analyze TO on; SET auto_explain.log_level TO notice; INSERT INTO time_statistics (template, s_time, stream, query, seed) VALUES ('query34.tpl', TRANSACTION_TIMESTAMP(), 4, 83, 2102853453);
LOAD
SET
SET
SET
psql:/tmp/s1-basline/throughput/query_4.sql:3961: NOTICE:  duration: 0.009 ms  plan:
Query Text: INSERT INTO time_statistics (template, s_time, stream, query, seed) VALUES ('query34.tpl', TRANSACTION_TIMESTAMP(), 4, 83, 2102853453);
Insert on time_statistics  (cost=0.00..0.01 rows=0 width=0) (actual time=0.008..0.008 rows=0 loops=1)
  ->  Result  (cost=0.00..0.01 rows=1 width=64) (actual time=0.001..0.001 rows=1 loops=1)
INSERT 0 1
select c_last_name
       ,c_first_name
       ,c_salutation
       ,c_preferred_cust_flag
       ,ss_ticket_number
       ,cnt from
   (select ss_ticket_number
          ,ss_customer_sk
          ,count(*) cnt
    from store_sales,date_dim,store,household_demographics
    where store_sales.ss_sold_date_sk = date_dim.d_date_sk
    and store_sales.ss_store_sk = store.s_store_sk  
    and store_sales.ss_hdemo_sk = household_demographics.hd_demo_sk
    and (date_dim.d_dom between 1 and 3 or date_dim.d_dom between 25 and 28)
    and (household_demographics.hd_buy_potential = '1001-5000' or
         household_demographics.hd_buy_potential = '0-500')
    and household_demographics.hd_vehicle_count > 0
    and (case when household_demographics.hd_vehicle_count > 0 
	then household_demographics.hd_dep_count/ household_demographics.hd_vehicle_count 
	else null 
	end)  > 1.2
    and date_dim.d_year in (1998,1998+1,1998+2)
    and store.s_county in ('Williamson County','Williamson County','Williamson County','Williamson County',
                           'Williamson County','Williamson County','Williamson County','Williamson County')
    group by ss_ticket_number,ss_customer_sk) dn,customer
    where ss_customer_sk = c_customer_sk
      and cnt between 15 and 20
    order by c_last_name,c_first_name,c_salutation,c_preferred_cust_flag desc, ss_ticket_number;
psql:/tmp/s1-basline/throughput/query_4.sql:3989: NOTICE:  duration: 383.268 ms  plan:
Query Text: select c_last_name
       ,c_first_name
       ,c_salutation
       ,c_preferred_cust_flag
       ,ss_ticket_number
       ,cnt from
   (select ss_ticket_number
          ,ss_customer_sk
          ,count(*) cnt
    from store_sales,date_dim,store,household_demographics
    where store_sales.ss_sold_date_sk = date_dim.d_date_sk
    and store_sales.ss_store_sk = store.s_store_sk  
    and store_sales.ss_hdemo_sk = household_demographics.hd_demo_sk
    and (date_dim.d_dom between 1 and 3 or date_dim.d_dom between 25 and 28)
    and (household_demographics.hd_buy_potential = '1001-5000' or
         household_demographics.hd_buy_potential = '0-500')
    and household_demographics.hd_vehicle_count > 0
    and (case when household_demographics.hd_vehicle_count > 0 
	then household_demographics.hd_dep_count/ household_demographics.hd_vehicle_count 
	else null 
	end)  > 1.2
    and date_dim.d_year in (1998,1998+1,1998+2)
    and store.s_county in ('Williamson County','Williamson County','Williamson County','Williamson County',
                           'Williamson County','Williamson County','Williamson County','Williamson County')
    group by ss_ticket_number,ss_customer_sk) dn,customer
    where ss_customer_sk = c_customer_sk
      and cnt between 15 and 20
    order by c_last_name,c_first_name,c_salutation,c_preferred_cust_flag desc, ss_ticket_number;
Sort  (cost=92299.45..92299.60 rows=61 width=81) (actual time=312.933..383.087 rows=367 loops=1)
  Sort Key: customer.c_last_name, customer.c_first_name, customer.c_salutation, customer.c_preferred_cust_flag DESC, store_sales.ss_ticket_number
  Sort Method: quicksort  Memory: 69kB
  ->  Nested Loop  (cost=92081.40..92297.64 rows=61 width=81) (actual time=307.774..382.604 rows=367 loops=1)
        ->  Finalize GroupAggregate  (cost=92081.11..92150.52 rows=61 width=24) (actual time=307.760..381.511 rows=367 loops=1)
              Group Key: store_sales.ss_ticket_number, store_sales.ss_customer_sk
              Filter: ((count(*) >= 15) AND (count(*) <= 20))
              Rows Removed by Filter: 3463
              ->  Gather Merge  (cost=92081.11..92138.80 rows=460 width=24) (actual time=307.730..380.690 rows=3851 loops=1)
                    Workers Planned: 2
                    Workers Launched: 2
                    ->  Partial GroupAggregate  (cost=91081.08..91085.68 rows=230 width=24) (actual time=302.912..304.741 rows=1284 loops=3)
                          Group Key: store_sales.ss_ticket_number, store_sales.ss_customer_sk
                          ->  Sort  (cost=91081.08..91081.66 rows=230 width=16) (actual time=302.904..303.410 rows=13351 loops=3)
                                Sort Key: store_sales.ss_ticket_number, store_sales.ss_customer_sk
                                Sort Method: quicksort  Memory: 1707kB
                                Worker 0:  Sort Method: quicksort  Memory: 1012kB
                                Worker 1:  Sort Method: quicksort  Memory: 1007kB
                                ->  Hash Join  (cost=265.81..91072.06 rows=230 width=16) (actual time=2.268..300.214 rows=13351 loops=3)
                                      Hash Cond: (store_sales.ss_store_sk = store.s_store_sk)
                                      ->  Nested Loop  (cost=264.42..91069.83 rows=241 width=24) (actual time=2.204..298.038 rows=13528 loops=3)
                                            ->  Hash Join  (cost=264.11..88537.13 rows=77644 width=32) (actual time=1.641..266.935 rows=102051 loops=3)
                                                  Hash Cond: (store_sales.ss_hdemo_sk = household_demographics.hd_demo_sk)
                                                  ->  Parallel Seq Scan on store_sales  (cost=0.00..85123.48 rows=1199148 width=40) (actual time=0.013..128.043 rows=959309 loops=3)
                                                  ->  Hash  (cost=258.00..258.00 rows=489 width=8) (actual time=1.591..1.592 rows=800 loops=3)
                                                        Buckets: 1024  Batches: 1  Memory Usage: 40kB
                                                        ->  Seq Scan on household_demographics  (cost=0.00..258.00 rows=489 width=8) (actual time=0.252..1.492 rows=800 loops=3)
                                                              Filter: ((hd_vehicle_count > 0) AND ((hd_buy_potential = '1001-5000'::bpchar) OR (hd_buy_potential = '0-500'::bpchar)) AND ((CASE WHEN (hd_vehicle_count > 0) THEN (hd_dep_count / hd_vehicle_count) ELSE NULL::integer END)::numeric > 1.2))
                                                              Rows Removed by Filter: 6400
                                            ->  Memoize  (cost=0.30..0.33 rows=1 width=8) (actual time=0.000..0.000 rows=0 loops=306152)
                                                  Cache Key: store_sales.ss_sold_date_sk
                                                  Cache Mode: logical
                                                  Hits: 130444  Misses: 1792  Evictions: 0  Overflows: 0  Memory Usage: 136kB
                                                  Worker 0:  Hits: 84910  Misses: 1727  Evictions: 0  Overflows: 0  Memory Usage: 131kB
                                                  Worker 1:  Hits: 85547  Misses: 1732  Evictions: 0  Overflows: 0  Memory Usage: 131kB
                                                  ->  Index Scan using pk_date_dim on date_dim  (cost=0.29..0.32 rows=1 width=8) (actual time=0.002..0.002 rows=0 loops=5251)
                                                        Index Cond: (d_date_sk = store_sales.ss_sold_date_sk)
                                                        Filter: ((d_year = ANY ('{1998,1999,2000}'::integer[])) AND (((d_dom >= 1) AND (d_dom <= 3)) OR ((d_dom >= 25) AND (d_dom <= 28))))
                                                        Rows Removed by Filter: 1
                                      ->  Hash  (cost=1.24..1.24 rows=12 width=8) (actual time=0.044..0.044 rows=12 loops=3)
                                            Buckets: 1024  Batches: 1  Memory Usage: 9kB
                                            ->  Seq Scan on store  (cost=0.00..1.24 rows=12 width=8) (actual time=0.035..0.039 rows=12 loops=3)
                                                  Filter: ((s_county)::text = ANY ('{"Williamson County","Williamson County","Williamson County","Williamson County","Williamson County","Williamson County","Williamson County","Williamson County"}'::text[]))
        ->  Index Scan using pk_customer on customer  (cost=0.29..2.40 rows=1 width=73) (actual time=0.003..0.003 rows=1 loops=367)
              Index Cond: (c_customer_sk = store_sales.ss_customer_sk)
          c_last_name           |     c_first_name     | c_salutation | c_preferred_cust_flag | ss_ticket_number | cnt 
--------------------------------+----------------------+--------------+-----------------------+------------------+-----
 Acosta                         | Everett              | Sir          | Y                     |            63738 |  15
 Adams                          | Doyle                | Dr.          | Y                     |           149883 |  15
 Adkins                         | Robert               | Sir          | Y                     |            71245 |  15
 Alexander                      | Linda                | Dr.          | N                     |            66664 |  15
 Allison                        | Jacquelyn            | Ms.          | Y                     |            86866 |  15
 Arnold                         | Oma                  | Ms.          | N                     |            94404 |  16
 Arthur                         | Lance                | Sir          | N                     |            81738 |  15
 Ayala                          | Joseph               | Mr.          | Y                     |           148009 |  15
 Barbee                         | Dale                 | Mr.          | N                     |            94345 |  16
 Barfield                       | Marina               | Ms.          | N                     |           192157 |  16
 Bassett                        | Michael              | Mr.          | Y                     |           104078 |  15
 Beal                           | Frank                | Sir          | N                     |           239347 |  15
 Begay                          | Margaret             | Mrs.         | N                     |           166036 |  15
 Bennett                        | Horace               | Sir          | Y                     |           220260 |  15
 Bertrand                       | Rebecca              | Miss         | Y                     |           170498 |  15
 Bilodeau                       | Shawana              | Mrs.         | N                     |           223840 |  15
 Bivens                         | Jesse                | Mr.          | Y                     |            16992 |  16
 Blevins                        | Hanh                 | Ms.          | N                     |            98017 |  16
 Bolen                          | Gary                 | Sir          | Y                     |            18580 |  16
 Borrego                        | Pamela               | Ms.          | N                     |             2437 |  15
 Box                            | James                | Sir          | N                     |            30083 |  15
 Braxton                        | Bruce                | Dr.          | Y                     |            32856 |  16
 Bridges                        | Daniel               | Mr.          | Y                     |           217026 |  15
 Brown                          | Dora                 | Mrs.         | Y                     |             2798 |  15
 Brown                          | Joel                 | Mr.          | Y                     |           159779 |  16
 Browning                       | Cynthia              | Miss         | Y                     |            69358 |  15
 Bryant                         | Ernest               | Mr.          | Y                     |           183501 |  15
 Bryant                         | Shelly               | Mrs.         | N                     |            69948 |  16
 Buchanan                       | Karen                | Ms.          | Y                     |           208587 |  15
 Bush                           | Michael              | Sir          | N                     |           185193 |  16
 Bustamante                     | Joseph               | Dr.          | Y                     |           144880 |  15
 Carter                         | Mark                 | Sir          | N                     |           229733 |  15
 Castellano                     | Karen                | Ms.          | Y                     |            32970 |  15
 Chapman                        | Illa                 | Ms.          | Y                     |           174244 |  15
 Clark                          | Helen                | Ms.          | Y                     |           149614 |  15
 Cline                          | Emily                | Miss         | N                     |            78571 |  15
 Collins                        | Clint                | Sir          | N                     |           188383 |  15
 Collins                        | Grant                | Sir          | Y                     |           110712 |  15
 Combs                          | Betty                | Ms.          | Y                     |           136976 |  15
 Conrad                         | Laura                | Mrs.         | Y                     |           109745 |  15
 Cooper                         | Jason                | Dr.          | N                     |           213610 |  15
 Cooper                         | Mariam               | Dr.          | Y                     |           152320 |  16
 Crook                          | Charles              | Dr.          | Y                     |           162994 |  15
 Cruz                           | Jeff                 | Dr.          | Y                     |           195171 |  15
 Davidson                       | Patrick              | Mr.          | N                     |           121040 |  16
 Davis                          | Elmer                | Mr.          | N                     |            15441 |  15
 Davis                          | Loretta              | Ms.          | Y                     |           166993 |  15
 Davis                          | Melina               | Miss         | N                     |           104414 |  15
 Dawson                         | Joanna               | Dr.          | Y                     |            41907 |  15
 Dennis                         | Stacey               | Sir          | N                     |             7215 |  15
 Denny                          | Charles              | Dr.          | Y                     |            71453 |  16
 Denny                          | Vince                | Dr.          | N                     |            98138 |  15
 Devore                         | Brittany             | Mrs.         | Y                     |           232231 |  15
 Dickson                        | Rebecca              | Dr.          | N                     |            75992 |  15
 Diehl                          | Peter                | Sir          | Y                     |           181574 |  16
 Dixon                          | Debra                | Miss         | Y                     |           221007 |  15
 Dixon                          | Rick                 | Mr.          | N                     |           200418 |  15
 Dixon                          | Susan                | Ms.          | N                     |            23268 |  16
 Dobson                         | Eleanor              | Dr.          | N                     |           207835 |  15
 Doss                           | David                | Mr.          | Y                     |           227855 |  15
 Duran                          | Cheryl               | Ms.          | Y                     |            78213 |  15
 Earnest                        |                      |              |                       |           140352 |  15
 Emerson                        | William              | Sir          | Y                     |            67374 |  15
 Ennis                          | Eli                  | Mr.          | N                     |            61975 |  16
 Farley                         | Jesse                | Sir          | Y                     |             2819 |  15
 Felton                         | Donald               | Dr.          | Y                     |           112765 |  16
 Ferris                         | Kurt                 | Dr.          | N                     |            31710 |  15
 Fields                         | Nancy                | Dr.          | Y                     |           171529 |  15
 Fischer                        | Donna                | Dr.          | Y                     |           136659 |  15
 Fisher                         | James                | Sir          | N                     |            32343 |  15
 Flores                         | Alisha               | Miss         | Y                     |           187494 |  15
 Floyd                          | Raymond              |              |                       |            41721 |  15
 Fox                            | Louann               | Ms.          | Y                     |            46781 |  15
 Fox                            | Rachel               | Dr.          | Y                     |            68708 |  15
 Freeman                        | Jack                 | Dr.          | N                     |           174591 |  15
 French                         | Tasha                | Dr.          | N                     |           149349 |  16
 Frye                           | Loretta              | Ms.          | N                     |           214995 |  15
 Fuqua                          | Lisa                 | Ms.          | N                     |           145424 |  15
 Gabriel                        | Tristan              | Dr.          | N                     |            70012 |  15
 Garcia                         | Claire               | Dr.          | Y                     |           220949 |  15
 Garcia                         | Susan                | Dr.          | Y                     |            17696 |  16
 Garza                          | Ashley               | Miss         | Y                     |           143308 |  16
 Garza                          |                      | Mr.          |                       |           150405 |  15
 Gaston                         | Brad                 | Mr.          | N                     |           129979 |  15
 Gibbs                          | Alice                | Miss         | N                     |            60790 |  15
 Gibson                         | Millie               | Miss         | N                     |           104403 |  16
 Gillespie                      | Jerry                | Mr.          | Y                     |            34460 |  16
 Gonzalez                       | Thomasena            | Dr.          | Y                     |           120164 |  15
 Goodwin                        | Iona                 | Dr.          | Y                     |            65406 |  15
 Gordon                         | Nancy                | Dr.          | N                     |            70863 |  15
 Grady                          | Robert               | Mr.          | N                     |           212756 |  15
 Graham                         | James                | Dr.          | N                     |            73542 |  15
 Green                          | Barbara              | Ms.          | Y                     |            33262 |  15
 Green                          | Preston              | Sir          | Y                     |            72857 |  15
 Greene                         | Pamela               | Ms.          | Y                     |           122538 |  15
 Grenier                        | Geneva               | Dr.          | Y                     |           104062 |  15
 Griffin                        | Edith                | Dr.          | Y                     |           200374 |  15
 Griffith                       | Harold               | Dr.          | N                     |           188128 |  15
 Grooms                         | Pedro                | Mr.          | N                     |           125225 |  15
 Hall                           | Catherine            | Mrs.         | N                     |           194340 |  15
 Hall                           | Marvin               | Dr.          | Y                     |           212003 |  15
 Hamilton                       | Paul                 | Dr.          | Y                     |            72453 |  15
 Hammond                        | Michael              | Mr.          | Y                     |           177898 |  15
 Hannah                         | Jerome               | Sir          | Y                     |            50006 |  15
 Hanson                         | Elvira               | Miss         | N                     |            56802 |  15
 Hanson                         | Emily                | Dr.          | Y                     |           153939 |  15
 Hargrave                       | Sarah                | Dr.          | N                     |           125473 |  15
 Harris                         | Gary                 | Sir          | N                     |           198714 |  15
 Harris                         | Lester               | Sir          | Y                     |           224609 |  15
 Harris                         | Richard              | Dr.          | N                     |           193362 |  15
 Hayes                          | Andrew               | Dr.          | Y                     |           210198 |  15
 Hayes                          | Annie                | Dr.          | Y                     |            46332 |  15
 Hayes                          | Teresa               | Dr.          | Y                     |            33124 |  15
 Hays                           | Justin               | Sir          | Y                     |            72667 |  15
 Healy                          | Jamie                | Mr.          | N                     |             9874 |  15
 Hearn                          | Randy                | Sir          | N                     |            59383 |  15
 Hendrickson                    | Raymond              | Mr.          | Y                     |           222591 |  16
 Hensley                        | John                 | Mr.          | N                     |           171873 |  15
 Her                            | Clara                | Mrs.         | Y                     |            89413 |  15
 Hernandez                      | Monte                | Mr.          | Y                     |            47350 |  15
 Herrmann                       | Veronica             | Ms.          | N                     |           208244 |  16
 Hester                         | David                | Dr.          | Y                     |           154527 |  16
 Hicks                          | Michelle             | Dr.          | Y                     |           103881 |  16
 Hightower                      |                      |              |                       |            27848 |  15
 Hindman                        | Bradley              | Mr.          | N                     |           210417 |  15
 Hite                           | Tony                 | Sir          | Y                     |           161641 |  15
 Hoag                           | David                | Mr.          | N                     |           186812 |  15
 Hodgson                        | William              | Mr.          | N                     |           170755 |  15
 Hogan                          | David                | Mr.          | N                     |           109405 |  15
 Holder                         | John                 | Dr.          | Y                     |           204405 |  15
 Holloway                       | Ryan                 | Dr.          | N                     |            78288 |  15
 House                          | Margaret             | Miss         | N                     |           119451 |  15
 Howard                         | Fred                 | Mr.          | Y                     |            55486 |  16
 Howard                         | Juan                 | Sir          | Y                     |           213608 |  15
 Hughes                         | Jacquelin            | Ms.          | N                     |           133412 |  15
 Hyatt                          | Joseph               | Dr.          | N                     |           112582 |  16
 Ingram                         | Lan                  | Miss         |                       |            63174 |  15
 Ingram                         | Todd                 | Dr.          | Y                     |           183768 |  15
 Isom                           | Margaret             | Miss         | Y                     |           104925 |  16
 Jackson                        | David                | Mr.          | Y                     |           180562 |  16
 Jennings                       | Raymond              | Sir          | N                     |            27543 |  15
 Johnson                        | Barbara              | Ms.          | Y                     |           185142 |  15
 Johnson                        | Cindy                | Dr.          | N                     |            82544 |  15
 Johnson                        | Ellis                | Dr.          | N                     |            79415 |  15
 Johnson                        | Gregory              | Dr.          | Y                     |           220424 |  16
 Johnson                        | Jonathan             | Sir          | N                     |           169890 |  16
 Johnson                        | Julie                | Miss         | Y                     |           236786 |  15
 Johnson                        | Kevin                | Sir          | N                     |           175278 |  15
 Johnson                        | Mark                 | Sir          | Y                     |           153196 |  15
 Johnson                        | Robert               | Sir          | N                     |           235578 |  16
 Jones                          | Mark                 | Mr.          | Y                     |           194956 |  15
 Julian                         | Elliot               | Dr.          | Y                     |            73540 |  15
 Kaplan                         | David                | Dr.          |                       |           225355 |  16
 Kelley                         | James                | Sir          | N                     |           212442 |  15
 Kendrick                       | John                 | Sir          | Y                     |           197916 |  15
 Kennedy                        | Nicolas              | Dr.          | Y                     |           190456 |  16
 King                           | Raymond              | Mr.          | N                     |           237108 |  15
 Kirk                           | Karen                | Dr.          | N                     |           168407 |  15
 Kirkland                       | Della                | Dr.          | N                     |           120471 |  15
 Knox                           | Michele              | Ms.          | Y                     |            56192 |  15
 Kowalski                       | Lester               | Mr.          | Y                     |            16032 |  15
 Laroche                        | Rosa                 | Dr.          | N                     |            83902 |  15
 Lawson                         | Kevin                | Sir          | Y                     |            51914 |  15
 Leclair                        | Joel                 | Mr.          | Y                     |           127703 |  15
 Leeper                         | Byron                | Dr.          | N                     |           119379 |  15
 Lemieux                        | Grace                | Miss         | N                     |           221356 |  15
 Leonard                        | Robert               | Mr.          | Y                     |           204726 |  15
 Lester                         | Donald               | Sir          | Y                     |           212484 |  15
 Levy                           | Eric                 | Mr.          | Y                     |           141238 |  16
 Lewis                          | David                | Dr.          | N                     |           120379 |  15
 Lindberg                       | Ronald               | Dr.          | N                     |           215360 |  15
 Lindsay                        | Blanche              | Ms.          | N                     |           148919 |  15
 Littlejohn                     | Robert               | Sir          | N                     |            21830 |  15
 Lovett                         | Lucy                 | Ms.          | Y                     |            58198 |  16
 Lowery                         | David                | Sir          | Y                     |            71162 |  15
 Lozano                         | Robert               | Sir          | Y                     |           149831 |  16
 Luke                           | George               | Mr.          | Y                     |           221253 |  16
 Maldonado                      | Raymond              | Sir          | N                     |           120938 |  15
 Maloney                        | Cheryl               | Mrs.         | N                     |           231655 |  15
 Martin                         | Chad                 | Mr.          | Y                     |             4248 |  15
 Martin                         | Doug                 | Mr.          | Y                     |           109455 |  15
 Martin                         | Marietta             | Miss         | N                     |            94776 |  16
 Maxwell                        | Pamela               | Dr.          | N                     |           151577 |  16
 Mcghee                         | Tyler                | Mr.          | Y                     |           123594 |  15
 Mcgowan                        | David                | Mr.          | Y                     |            74125 |  16
 Mclaughlin                     | Erica                | Mrs.         | Y                     |            78975 |  16
 Mead                           | Spencer              | Mr.          | Y                     |            85018 |  15
 Mears                          | Patty                | Dr.          | N                     |            61128 |  16
 Medrano                        | Patrica              | Miss         | Y                     |           138049 |  15
 Meehan                         | Ralph                | Sir          | N                     |           214951 |  15
 Milam                          | Harvey               | Dr.          | N                     |           235236 |  15
 Miller                         | Bradley              | Mr.          | Y                     |            15060 |  15
 Miller                         | Richard              | Sir          | N                     |            85502 |  15
 Miller                         | Sally                | Mrs.         | N                     |           200502 |  15
 Mills                          | Teresa               |              |                       |           101004 |  15
 Mims                           | Louis                | Sir          | N                     |           119217 |  15
 Mitchell                       | Adam                 | Ms.          | Y                     |            67146 |  15
 Mitchell                       | Melvin               | Mr.          | Y                     |            22476 |  15
 Mitchell                       | Ruth                 | Ms.          | Y                     |           146359 |  15
 Monaghan                       | William              | Dr.          | Y                     |            23049 |  15
 Monson                         | Travis               | Mr.          | N                     |            75508 |  16
 Moody                          | Jane                 | Dr.          | Y                     |           192488 |  16
 Moon                           | Glen                 | Mr.          | Y                     |            87149 |  16
 Moore                          | Dulce                | Dr.          | N                     |            28458 |  15
 Moore                          |                      |              | Y                     |           239484 |  16
 Morgan                         | Myra                 | Ms.          | Y                     |           219223 |  16
 Morris                         | Kenneth              | Sir          | Y                     |           101978 |  15
 Morrison                       | Gloria               | Ms.          | N                     |            59277 |  16
 Muller                         | Wayne                | Sir          | N                     |            10536 |  16
 Mullins                        | Doris                | Dr.          | N                     |            70877 |  15
 Murphy                         | William              | Mr.          | Y                     |           209066 |  15
 Murray                         | Lisa                 | Ms.          | N                     |           126049 |  16
 Murry                          | Christopher          | Mr.          | N                     |            54602 |  15
 Myrick                         | Harry                | Mr.          | N                     |            58534 |  16
 Nall                           | Bonita               | Ms.          | Y                     |           148138 |  16
 Nance                          | Tiffany              | Ms.          | Y                     |           235796 |  16
 Napier                         | Blanca               | Miss         | Y                     |            59371 |  15
 Nash                           | Horace               |              | N                     |            26807 |  15
 Neely                          | Derek                | Mr.          | N                     |            65333 |  15
 Nelson                         | Ana                  | Ms.          | Y                     |            58108 |  15
 Nelson                         | Jimmy                | Sir          | N                     |           106959 |  15
 Nelson                         | Rhonda               | Ms.          | Y                     |            46675 |  15
 New                            | Agnes                | Miss         | N                     |             5343 |  15
 Newton                         | James                | Sir          | N                     |           148064 |  16
 Norman                         | Minh                 | Sir          | Y                     |             5872 |  16
 Ogden                          | Betty                | Ms.          | N                     |            97261 |  15
 Olson                          | Elizabeth            | Ms.          | N                     |           119763 |  16
 Oneal                          | Ryan                 | Dr.          | N                     |            22844 |  15
 Osborn                         | Paula                |              | Y                     |            92258 |  15
 Outlaw                         | Dorothy              | Ms.          | N                     |           143564 |  15
 Painter                        | Christine            | Dr.          | N                     |            37816 |  15
 Park                           | Crystal              | Mrs.         | N                     |            45505 |  15
 Parrish                        | Robert               | Mr.          | Y                     |           212968 |  16
 Paul                           | Christopher          | Dr.          | N                     |           128963 |  15
 Pendleton                      | Rubi                 | Miss         | Y                     |            80038 |  15
 Pennington                     | Daniel               | Dr.          | N                     |           220453 |  16
 Penny                          | Charles              | Sir          | Y                     |           142799 |  15
 Petrie                         | Charles              | Mr.          | N                     |             3985 |  16
 Phillips                       | Kenneth              | Dr.          | Y                     |            76810 |  16
 Pierce                         | Robert               | Dr.          | N                     |           194478 |  16
 Pineda                         | Dorothy              | Dr.          | N                     |           142812 |  15
 Platt                          | Elizabeth            | Dr.          | N                     |           193385 |  15
 Potter                         | Mark                 | Mr.          | Y                     |            67806 |  16
 Potts                          | Wilford              | Sir          | Y                     |            34659 |  15
 Pritchett                      | Laure                | Dr.          | Y                     |            45065 |  15
 Quintanilla                    | Ruby                 | Mrs.         | N                     |           205536 |  15
 Reed                           | Georgia              | Dr.          | N                     |           216140 |  15
 Reed                           | Richard              | Mr.          | N                     |           206734 |  15
 Reis                           | Angela               | Ms.          | Y                     |           125612 |  15
 Reyes                          | Theodore             | Mr.          | Y                     |           111884 |  16
 Reynolds                       | Charles              | Mr.          | Y                     |           219574 |  15
 Rhodes                         | Leroy                | Dr.          | Y                     |           239686 |  15
 Rice                           | David                | Dr.          | Y                     |           208686 |  15
 Richardson                     | Jamie                | Mr.          | Y                     |           148654 |  15
 Ricks                          | Melissa              | Mrs.         | N                     |           159103 |  15
 Rivera                         | Gregory              | Mr.          | Y                     |           208188 |  15
 Roach                          | Robert               | Mr.          | N                     |           170503 |  15
 Roberts                        | Harold               | Sir          | N                     |           188756 |  15
 Robinson                       | Johnnie              | Dr.          | N                     |           132733 |  15
 Rock                           | John                 | Sir          | N                     |             7998 |  15
 Rodriguez                      | Allie                | Ms.          | Y                     |           142725 |  16
 Rodriguez                      | June                 | Miss         | Y                     |           165520 |  15
 Rose                           | William              | Mr.          | N                     |            32657 |  16
 Russell                        | Matthew              | Sir          | N                     |           142165 |  16
 Russo                          | Karen                | Ms.          | N                     |            79016 |  15
 Sanders                        | Carmelo              | Mr.          | Y                     |           179166 |  15
 Savage                         | Donna                | Ms.          | Y                     |           124380 |  16
 Schmidt                        | Dan                  | Sir          | Y                     |           229702 |  16
 Schroeder                      | Lorita               | Miss         | N                     |            51459 |  15
 Scott                          | Callie               | Miss         | N                     |           189879 |  15
 Scott                          | Carrie               | Dr.          | N                     |           238336 |  16
 Serrano                        | Nicholas             | Dr.          | N                     |           123372 |  15
 Shafer                         | Lewis                | Dr.          | N                     |           161330 |  15
 Shaw                           | Philip               | Dr.          |                       |           138321 |  15
 Shaw                           | Robert               | Mr.          | Y                     |           227035 |  16
 Silva                          | Cynthia              | Ms.          | Y                     |            85003 |  16
 Simmons                        | William              | Dr.          | Y                     |           102274 |  15
 Smith                          | Alvaro               | Mr.          | Y                     |           165143 |  15
 Smith                          | Frank                | Dr.          | Y                     |            49735 |  16
 Smith                          | Frank                | Dr.          | N                     |            64691 |  16
 Smith                          | Jennie               | Miss         | Y                     |           231742 |  16
 Smith                          | Jennifer             | Dr.          | Y                     |            35839 |  15
 Smith                          | Krista               | Dr.          | N                     |           216511 |  16
 Smith                          | Lela                 | Dr.          | N                     |           184805 |  16
 Smith                          | Michael              | Dr.          | N                     |            94965 |  15
 Smith                          | Michael              |              |                       |           170678 |  15
 Smith                          | Roy                  | Dr.          | N                     |           107716 |  15
 Smith                          | Samantha             | Dr.          | N                     |           208756 |  15
 Smith                          | Stanley              | Sir          | Y                     |            43323 |  15
 Smith                          | Stephen              | Mr.          | Y                     |            89273 |  15
 Soto                           | Judy                 | Dr.          | N                     |           159484 |  16
 Southerland                    | Michael              | Mr.          | Y                     |           191544 |  15
 Speed                          | Keenan               | Sir          | N                     |           162248 |  15
 Spence                         | Janet                | Ms.          | Y                     |           122509 |  15
 Stacy                          | Kira                 | Miss         | Y                     |           157833 |  15
 Stanley                        | Jack                 | Dr.          | Y                     |            84534 |  15
 Steen                          | Evelyn               | Miss         | Y                     |           198826 |  15
 Stein                          | Harold               | Sir          | Y                     |            11504 |  15
 Stevens                        | Anthony              | Ms.          | Y                     |           117226 |  15
 Stevens                        | Karen                | Dr.          | N                     |           206747 |  15
 Stewart                        | Joseph               | Mr.          | N                     |           106791 |  16
 Suarez                         | Nicole               | Ms.          | N                     |           161938 |  15
 Swain                          | Carl                 | Mr.          | Y                     |           152458 |  15
 Tanner                         | Eddie                | Mr.          | Y                     |            78894 |  15
 Taylor                         | Barbara              | Dr.          | N                     |            57712 |  16
 Taylor                         | Lakeisha             | Dr.          | Y                     |            10746 |  15
 Taylor                         | Richard              | Sir          | Y                     |           129972 |  15
 Thomas                         | Clifton              | Dr.          |                       |            44406 |  15
 Thomas                         | Constance            | Miss         | Y                     |            45726 |  15
 Thomas                         | Dorothy              | Dr.          | Y                     |           146387 |  15
 Thomas                         | Leroy                | Mr.          | Y                     |           152704 |  15
 Thomas                         | Sarah                | Dr.          | Y                     |            36865 |  15
 Thompson                       | Robert               | Mr.          | Y                     |           225337 |  15
 Thompson                       | Tina                 | Dr.          | N                     |           140364 |  15
 Thrash                         | Guadalupe            | Mr.          | Y                     |           182818 |  16
 Tirado                         | Robyn                | Miss         | N                     |           178565 |  15
 Toledo                         | Louisa               | Mrs.         | N                     |            35352 |  15
 Tripp                          | Floyd                | Sir          | Y                     |           221249 |  15
 Turner                         | Esther               | Ms.          | Y                     |            79590 |  16
 Turner                         | Joseph               | Sir          | N                     |           167987 |  16
 Unger                          | Brian                | Sir          | N                     |           115013 |  15
 Unger                          | Richard              | Sir          | Y                     |           228347 |  15
 Valencia                       | Juanita              | Ms.          | N                     |            77273 |  16
 Valle                          | Harry                | Sir          | N                     |           195442 |  15
 Vandyke                        | Rita                 | Miss         | Y                     |            75228 |  16
 Vasquez                        | Anne                 | Mrs.         | Y                     |           136180 |  15
 Vasquez                        | Shelly               | Ms.          | N                     |           102251 |  15
 Vega                           | Kevin                | Mr.          | Y                     |              771 |  16
 Velez                          | Virginia             | Mrs.         | N                     |           114161 |  15
 Vick                           | Rosie                | Mrs.         | N                     |            14981 |  15
 Villegas                       | Tyler                | Sir          | N                     |           125550 |  15
 Waite                          | Madeline             | Miss         | Y                     |           140242 |  15
 Wall                           | James                | Dr.          | Y                     |           164653 |  15
 Walsh                          | Aubrey               | Mr.          | Y                     |            10053 |  15
 Walters                        | Howard               | Sir          | N                     |           178763 |  15
 Watson                         |                      |              | N                     |           228956 |  15
 Weiner                         | Jessica              | Miss         | N                     |           149539 |  16
 White                          | Albert               | Dr.          | Y                     |           173687 |  15
 White                          | David                | Sir          | Y                     |           153164 |  15
 White                          | Marsha               | Mrs.         | N                     |           132121 |  15
 Whitney                        | Amanda               | Dr.          | Y                     |            95645 |  15
 Wiese                          | Eugene               | Sir          | Y                     |           196307 |  16
 Wilburn                        | Kenneth              | Mr.          | N                     |           121740 |  15
 Will                           | Pete                 | Dr.          | Y                     |           203428 |  15
 Williams                       | Helen                | Mrs.         | N                     |           187902 |  15
 Williams                       | Marvin               | Sir          | Y                     |            39125 |  16
 Williams                       | Nancy                | Ms.          | Y                     |           120062 |  16
 Wiseman                        | Rachel               | Mrs.         | N                     |            34511 |  15
 Wood                           | Larry                | Sir          | Y                     |            21950 |  16
 Woodworth                      | Alice                | Dr.          | N                     |           139206 |  15
 Young                          | Ethel                | Mrs.         | Y                     |            79627 |  16
 Young                          | Evelyn               | Mrs.         | N                     |            11904 |  15
 Zepeda                         | Steve                | Mr.          | N                     |            67774 |  16
                                | Carl                 | Dr.          |                       |           160712 |  16
                                | Cori                 | Mrs.         |                       |           228512 |  16
                                | Denise               |              |                       |           156941 |  15
                                | Jonathan             |              | N                     |           126332 |  16
                                | Sylvia               |              |                       |           191858 |  15
                                |                      | Dr.          | N                     |           237680 |  15
                                |                      | Mr.          | N                     |            39875 |  15
                                |                      | Mrs.         | N                     |           152581 |  16
                                |                      | Ms.          | N                     |            13334 |  16
                                |                      | Ms.          | N                     |            82868 |  15
                                |                      |              |                       |            65183 |  15
                                |                      |              | Y                     |            52181 |  15
                                |                      |              | Y                     |            90755 |  15
                                |                      |              | N                     |            25926 |  16
(367 rows)

UPDATE time_statistics SET e_time = TRANSACTION_TIMESTAMP() WHERE template = 'query34.tpl' AND stream = 4;
psql:/tmp/s1-basline/throughput/query_4.sql:3991: NOTICE:  duration: 0.054 ms  plan:
Query Text: UPDATE time_statistics SET e_time = TRANSACTION_TIMESTAMP() WHERE template = 'query34.tpl' AND stream = 4;
Update on time_statistics  (cost=0.00..7.87 rows=0 width=0) (actual time=0.053..0.053 rows=0 loops=1)
  ->  Seq Scan on time_statistics  (cost=0.00..7.87 rows=1 width=14) (actual time=0.038..0.039 rows=1 loops=1)
        Filter: ((template = 'query34.tpl'::text) AND (stream = 4))
        Rows Removed by Filter: 262
UPDATE 1
LOAD 'auto_explain'; SET auto_explain.log_min_duration TO 0; SET auto_explain.log_analyze TO on; SET auto_explain.log_level TO notice; INSERT INTO time_statistics (template, s_time, stream, query, seed) VALUES ('../query_postgresql/query5.tpl', TRANSACTION_TIMESTAMP(), 4, 84, 2140696720);
LOAD
SET
SET
SET
psql:/tmp/s1-basline/throughput/query_4.sql:3992: NOTICE:  duration: 0.008 ms  plan:
Query Text: INSERT INTO time_statistics (template, s_time, stream, query, seed) VALUES ('../query_postgresql/query5.tpl', TRANSACTION_TIMESTAMP(), 4, 84, 2140696720);
Insert on time_statistics  (cost=0.00..0.01 rows=0 width=0) (actual time=0.008..0.008 rows=0 loops=1)
  ->  Result  (cost=0.00..0.01 rows=1 width=64) (actual time=0.002..0.002 rows=1 loops=1)
INSERT 0 1
with ssr as
 (select s_store_id,
        sum(sales_price) as sales,
        sum(profit) as profit,
        sum(return_amt) as returns,
        sum(net_loss) as profit_loss
 from
  ( select  ss_store_sk as store_sk,
            ss_sold_date_sk  as date_sk,
            ss_ext_sales_price as sales_price,
            ss_net_profit as profit,
            cast(0 as decimal(7,2)) as return_amt,
            cast(0 as decimal(7,2)) as net_loss
    from store_sales
    union all
    select sr_store_sk as store_sk,
           sr_returned_date_sk as date_sk,
           cast(0 as decimal(7,2)) as sales_price,
           cast(0 as decimal(7,2)) as profit,
           sr_return_amt as return_amt,
           sr_net_loss as net_loss
    from store_returns
   ) salesreturns,
     date_dim,
     store
 where date_sk = d_date_sk
       and d_date between cast('2000-08-02' as date) 
                  and (cast('2000-08-02' as date) + interval '14 days')
       and store_sk = s_store_sk
 group by s_store_id)
 ,
 csr as
 (select cp_catalog_page_id,
        sum(sales_price) as sales,
        sum(profit) as profit,
        sum(return_amt) as returns,
        sum(net_loss) as profit_loss
 from
  ( select  cs_catalog_page_sk as page_sk,
            cs_sold_date_sk  as date_sk,
            cs_ext_sales_price as sales_price,
            cs_net_profit as profit,
            cast(0 as decimal(7,2)) as return_amt,
            cast(0 as decimal(7,2)) as net_loss
    from catalog_sales
    union all
    select cr_catalog_page_sk as page_sk,
           cr_returned_date_sk as date_sk,
           cast(0 as decimal(7,2)) as sales_price,
           cast(0 as decimal(7,2)) as profit,
           cr_return_amount as return_amt,
           cr_net_loss as net_loss
    from catalog_returns
   ) salesreturns,
     date_dim,
     catalog_page
 where date_sk = d_date_sk
       and d_date between cast('2000-08-02' as date)
                  and (cast('2000-08-02' as date) + interval '14 days')
       and page_sk = cp_catalog_page_sk
 group by cp_catalog_page_id)
 ,
 wsr as
 (select web_site_id,
        sum(sales_price) as sales,
        sum(profit) as profit,
        sum(return_amt) as returns,
        sum(net_loss) as profit_loss
 from
  ( select  ws_web_site_sk as wsr_web_site_sk,
            ws_sold_date_sk  as date_sk,
            ws_ext_sales_price as sales_price,
            ws_net_profit as profit,
            cast(0 as decimal(7,2)) as return_amt,
            cast(0 as decimal(7,2)) as net_loss
    from web_sales
    union all
    select ws_web_site_sk as wsr_web_site_sk,
           wr_returned_date_sk as date_sk,
           cast(0 as decimal(7,2)) as sales_price,
           cast(0 as decimal(7,2)) as profit,
           wr_return_amt as return_amt,
           wr_net_loss as net_loss
    from web_returns left outer join web_sales on
         ( wr_item_sk = ws_item_sk
           and wr_order_number = ws_order_number)
   ) salesreturns,
     date_dim,
     web_site
 where date_sk = d_date_sk
       and d_date between cast('2000-08-02' as date)
                  and (cast('2000-08-02' as date) + interval '14 days')
       and wsr_web_site_sk = web_site_sk
 group by web_site_id)
  select  channel
        , id
        , sum(sales) as sales
        , sum(returns) as returns
        , sum(profit) as profit
 from 
 (select 'store channel' as channel
        , 'store' || s_store_id as id
        , sales
        , returns
        , (profit - profit_loss) as profit
 from   ssr
 union all
 select 'catalog channel' as channel
        , 'catalog_page' || cp_catalog_page_id as id
        , sales
        , returns
        , (profit - profit_loss) as profit
 from  csr
 union all
 select 'web channel' as channel
        , 'web_site' || web_site_id as id
        , sales
        , returns
        , (profit - profit_loss) as profit
 from   wsr
 ) x
 group by rollup (channel, id)
 order by channel
         ,id
 limit 100;
psql:/tmp/s1-basline/throughput/query_4.sql:4117: NOTICE:  duration: 2538.893 ms  plan:
Query Text: with ssr as
 (select s_store_id,
        sum(sales_price) as sales,
        sum(profit) as profit,
        sum(return_amt) as returns,
        sum(net_loss) as profit_loss
 from
  ( select  ss_store_sk as store_sk,
            ss_sold_date_sk  as date_sk,
            ss_ext_sales_price as sales_price,
            ss_net_profit as profit,
            cast(0 as decimal(7,2)) as return_amt,
            cast(0 as decimal(7,2)) as net_loss
    from store_sales
    union all
    select sr_store_sk as store_sk,
           sr_returned_date_sk as date_sk,
           cast(0 as decimal(7,2)) as sales_price,
           cast(0 as decimal(7,2)) as profit,
           sr_return_amt as return_amt,
           sr_net_loss as net_loss
    from store_returns
   ) salesreturns,
     date_dim,
     store
 where date_sk = d_date_sk
       and d_date between cast('2000-08-02' as date) 
                  and (cast('2000-08-02' as date) + interval '14 days')
       and store_sk = s_store_sk
 group by s_store_id)
 ,
 csr as
 (select cp_catalog_page_id,
        sum(sales_price) as sales,
        sum(profit) as profit,
        sum(return_amt) as returns,
        sum(net_loss) as profit_loss
 from
  ( select  cs_catalog_page_sk as page_sk,
            cs_sold_date_sk  as date_sk,
            cs_ext_sales_price as sales_price,
            cs_net_profit as profit,
            cast(0 as decimal(7,2)) as return_amt,
            cast(0 as decimal(7,2)) as net_loss
    from catalog_sales
    union all
    select cr_catalog_page_sk as page_sk,
           cr_returned_date_sk as date_sk,
           cast(0 as decimal(7,2)) as sales_price,
           cast(0 as decimal(7,2)) as profit,
           cr_return_amount as return_amt,
           cr_net_loss as net_loss
    from catalog_returns
   ) salesreturns,
     date_dim,
     catalog_page
 where date_sk = d_date_sk
       and d_date between cast('2000-08-02' as date)
                  and (cast('2000-08-02' as date) + interval '14 days')
       and page_sk = cp_catalog_page_sk
 group by cp_catalog_page_id)
 ,
 wsr as
 (select web_site_id,
        sum(sales_price) as sales,
        sum(profit) as profit,
        sum(return_amt) as returns,
        sum(net_loss) as profit_loss
 from
  ( select  ws_web_site_sk as wsr_web_site_sk,
            ws_sold_date_sk  as date_sk,
            ws_ext_sales_price as sales_price,
            ws_net_profit as profit,
            cast(0 as decimal(7,2)) as return_amt,
            cast(0 as decimal(7,2)) as net_loss
    from web_sales
    union all
    select ws_web_site_sk as wsr_web_site_sk,
           wr_returned_date_sk as date_sk,
           cast(0 as decimal(7,2)) as sales_price,
           cast(0 as decimal(7,2)) as profit,
           wr_return_amt as return_amt,
           wr_net_loss as net_loss
    from web_returns left outer join web_sales on
         ( wr_item_sk = ws_item_sk
           and wr_order_number = ws_order_number)
   ) salesreturns,
     date_dim,
     web_site
 where date_sk = d_date_sk
       and d_date between cast('2000-08-02' as date)
                  and (cast('2000-08-02' as date) + interval '14 days')
       and wsr_web_site_sk = web_site_sk
 group by web_site_id)
  select  channel
        , id
        , sum(sales) as sales
        , sum(returns) as returns
        , sum(profit) as profit
 from 
 (select 'store channel' as channel
        , 'store' || s_store_id as id
        , sales
        , returns
        , (profit - profit_loss) as profit
 from   ssr
 union all
 select 'catalog channel' as channel
        , 'catalog_page' || cp_catalog_page_id as id
        , sales
        , returns
        , (profit - profit_loss) as profit
 from  csr
 union all
 select 'web channel' as channel
        , 'web_site' || web_site_id as id
        , sales
        , returns
        , (profit - profit_loss) as profit
 from   wsr
 ) x
 group by rollup (channel, id)
 order by channel
         ,id
 limit 100;
Limit  (cost=223471.22..223482.67 rows=100 width=88) (actual time=2430.690..2538.820 rows=100 loops=1)
  ->  GroupAggregate  (cost=223471.22..223517.14 rows=401 width=88) (actual time=2430.689..2538.813 rows=100 loops=1)
        Group Key: ('store channel'::text), (('store'::text || (ssr.s_store_id)::text))
        Group Key: ('store channel'::text)
        Group Key: ()
        ->  Gather Merge  (cost=223471.22..223509.07 rows=325 width=88) (actual time=2430.680..2538.756 rows=101 loops=1)
              Workers Planned: 2
              Workers Launched: 2
              ->  Sort  (cost=222471.19..222471.53 rows=135 width=88) (actual time=1542.934..1542.955 rows=230 loops=3)
                    Sort Key: ('store channel'::text), (('store'::text || (ssr.s_store_id)::text))
                    Sort Method: quicksort  Memory: 26kB
                    Worker 0:  Sort Method: quicksort  Memory: 105kB
                    Worker 1:  Sort Method: quicksort  Memory: 25kB
                    ->  Parallel Append  (cost=3.08..222466.42 rows=135 width=88) (actual time=1527.791..1542.756 rows=254 loops=3)
                          ->  Subquery Scan on ssr  (cost=3.08..214686.01 rows=6 width=88) (actual time=2382.479..2421.834 rows=6 loops=1)
                                ->  GroupAggregate  (cost=3.08..214685.91 rows=6 width=49) (actual time=2382.474..2421.826 rows=6 loops=1)
                                      Group Key: store.s_store_id
                                      ->  Nested Loop  (cost=3.08..214685.40 rows=36 width=49) (actual time=16.309..2418.008 rows=31028 loops=1)
                                            Join Filter: ("*SELECT* 1".store_sk = store.s_store_sk)
                                            Rows Removed by Join Filter: 350344
                                            ->  Index Scan using i_s_store_id on store  (cost=0.14..3.62 rows=12 width=25) (actual time=0.067..0.075 rows=12 loops=1)
                                            ->  Materialize  (cost=2.95..214574.04 rows=607 width=40) (actual time=0.097..199.239 rows=31781 loops=12)
                                                  ->  Hash Join  (cost=2.95..214571.01 rows=607 width=40) (actual time=1.163..2368.443 rows=31781 loops=1)
                                                        Hash Cond: ("*SELECT* 1".date_sk = date_dim.d_date_sk)
                                                        ->  Append  (cost=0.00..174607.84 rows=3165128 width=48) (actual time=0.041..2169.554 rows=3165100 loops=1)
                                                              ->  Subquery Scan on "*SELECT* 1"  (cost=0.00..145080.90 rows=2877956 width=48) (actual time=0.040..1825.921 rows=2877928 loops=1)
                                                                    ->  Seq Scan on store_sales  (cost=0.00..101911.56 rows=2877956 width=60) (actual time=0.033..1015.199 rows=2877928 loops=1)
                                                              ->  Subquery Scan on "*SELECT* 2"  (cost=0.00..13701.30 rows=287172 width=48) (actual time=0.038..155.371 rows=287172 loops=1)
                                                                    ->  Seq Scan on store_returns  (cost=0.00..9393.72 rows=287172 width=60) (actual time=0.036..74.997 rows=287172 loops=1)
                                                        ->  Hash  (cost=2.77..2.77 rows=14 width=8) (actual time=0.093..0.094 rows=15 loops=1)
                                                              Buckets: 1024  Batches: 1  Memory Usage: 9kB
                                                              ->  Index Scan using i_d_date on date_dim  (cost=0.29..2.77 rows=14 width=8) (actual time=0.085..0.088 rows=15 loops=1)
                                                                    Index Cond: ((d_date >= '2000-08-02'::date) AND (d_date <= '2000-08-16 00:00:00'::timestamp without time zone))
                          ->  Subquery Scan on csr  (cost=125201.60..125214.52 rows=304 width=88) (actual time=1395.799..1399.639 rows=740 loops=1)
                                ->  GroupAggregate  (cost=125201.60..125209.20 rows=304 width=49) (actual time=1395.795..1399.426 rows=740 loops=1)
                                      Group Key: catalog_page.cp_catalog_page_id
                                      ->  Sort  (cost=125201.60..125202.36 rows=304 width=49) (actual time=1395.771..1396.518 rows=16428 loops=1)
                                            Sort Key: catalog_page.cp_catalog_page_id
                                            Worker 0:  Sort Method: quicksort  Memory: 2308kB
                                            ->  Nested Loop  (cost=3.23..125189.06 rows=304 width=49) (actual time=604.989..1366.134 rows=16428 loops=1)
                                                  ->  Hash Join  (cost=2.95..125097.04 rows=304 width=40) (actual time=604.930..1344.241 rows=16488 loops=1)
                                                        Hash Cond: ("*SELECT* 1_1".date_sk = date_dim_1.d_date_sk)
                                                        ->  Append  (cost=0.00..105099.45 rows=1583715 width=48) (actual time=0.040..1243.697 rows=1583718 loops=1)
                                                              ->  Subquery Scan on "*SELECT* 1_1"  (cost=0.00..89254.20 rows=1439408 width=48) (actual time=0.039..1058.503 rows=1439411 loops=1)
                                                                    ->  Seq Scan on catalog_sales  (cost=0.00..67663.08 rows=1439408 width=60) (actual time=0.032..640.686 rows=1439411 loops=1)
                                                              ->  Subquery Scan on "*SELECT* 2_1"  (cost=0.00..7926.67 rows=144307 width=48) (actual time=0.043..90.802 rows=144307 loops=1)
                                                                    ->  Seq Scan on catalog_returns  (cost=0.00..5762.07 rows=144307 width=60) (actual time=0.042..49.259 rows=144307 loops=1)
                                                        ->  Hash  (cost=2.77..2.77 rows=14 width=8) (actual time=0.101..0.102 rows=15 loops=1)
                                                              Buckets: 1024  Batches: 1  Memory Usage: 9kB
                                                              ->  Index Scan using i_d_date on date_dim date_dim_1  (cost=0.29..2.77 rows=14 width=8) (actual time=0.093..0.096 rows=15 loops=1)
                                                                    Index Cond: ((d_date >= '2000-08-02'::date) AND (d_date <= '2000-08-16 00:00:00'::timestamp without time zone))
                                                  ->  Index Scan using pk_catalog_page on catalog_page  (cost=0.29..0.30 rows=1 width=25) (actual time=0.001..0.001 rows=1 loops=16488)
                                                        Index Cond: (cp_catalog_page_sk = "*SELECT* 1_1".page_sk)
                          ->  Subquery Scan on wsr  (cost=97250.46..97251.22 rows=15 width=88) (actual time=805.093..806.721 rows=15 loops=1)
                                ->  GroupAggregate  (cost=97250.46..97250.96 rows=15 width=49) (actual time=805.090..806.712 rows=15 loops=1)
                                      Group Key: web_site.web_site_id
                                      ->  Sort  (cost=97250.46..97250.52 rows=23 width=49) (actual time=804.957..805.319 rows=8686 loops=1)
                                            Sort Key: web_site.web_site_id
                                            Sort Method: quicksort  Memory: 1199kB
                                            ->  Nested Loop  (cost=2.95..97249.94 rows=23 width=49) (actual time=0.056..799.869 rows=8686 loops=1)
                                                  Join Filter: ("*SELECT* 1_2".wsr_web_site_sk = web_site.web_site_sk)
                                                  Rows Removed by Join Filter: 119451
                                                  ->  Hash Join  (cost=2.95..97179.59 rows=152 width=40) (actual time=0.049..786.566 rows=8688 loops=1)
                                                        Hash Cond: ("*SELECT* 1_2".date_sk = date_dim_2.d_date_sk)
                                                        ->  Append  (cost=0.00..87186.50 rows=791289 width=48) (actual time=0.007..734.387 rows=791289 loops=1)
                                                              ->  Subquery Scan on "*SELECT* 1_2"  (cost=0.00..44633.85 rows=719474 width=48) (actual time=0.006..404.796 rows=719474 loops=1)
                                                                    ->  Seq Scan on web_sales  (cost=0.00..33841.74 rows=719474 width=60) (actual time=0.004..199.277 rows=719474 loops=1)
                                                              ->  Subquery Scan on "*SELECT* 2_2"  (cost=0.43..38596.20 rows=71815 width=48) (actual time=0.031..282.661 rows=71815 loops=1)
                                                                    ->  Nested Loop Left Join  (cost=0.43..37518.98 rows=71815 width=60) (actual time=0.029..257.870 rows=71815 loops=1)
                                                                          ->  Seq Scan on web_returns  (cost=0.00..2610.15 rows=71815 width=40) (actual time=0.007..5.812 rows=71815 loops=1)
                                                                          ->  Memoize  (cost=0.43..0.90 rows=1 width=24) (actual time=0.003..0.003 rows=1 loops=71815)
                                                                                Cache Key: web_returns.wr_item_sk, web_returns.wr_order_number
                                                                                Cache Mode: logical
                                                                                Hits: 0  Misses: 71815  Evictions: 0  Overflows: 0  Memory Usage: 9538kB
                                                                                ->  Index Scan using pk_web_sales on web_sales web_sales_1  (cost=0.42..0.89 rows=1 width=24) (actual time=0.002..0.002 rows=1 loops=71815)
                                                                                      Index Cond: ((ws_item_sk = web_returns.wr_item_sk) AND (ws_order_number = web_returns.wr_order_number))
                                                        ->  Hash  (cost=2.77..2.77 rows=14 width=8) (actual time=0.015..0.015 rows=15 loops=1)
                                                              Buckets: 1024  Batches: 1  Memory Usage: 9kB
                                                              ->  Index Scan using i_d_date on date_dim date_dim_2  (cost=0.29..2.77 rows=14 width=8) (actual time=0.009..0.012 rows=15 loops=1)
                                                                    Index Cond: ((d_date >= '2000-08-02'::date) AND (d_date <= '2000-08-16 00:00:00'::timestamp without time zone))
                                                  ->  Materialize  (cost=0.00..2.45 rows=30 width=25) (actual time=0.000..0.001 rows=15 loops=8688)
                                                        ->  Seq Scan on web_site  (cost=0.00..2.30 rows=30 width=25) (actual time=0.003..0.009 rows=30 loops=1)
     channel     |              id              |       sales        |      returns       |       profit        
-----------------+------------------------------+--------------------+--------------------+---------------------
 catalog channel | catalog_pageAAAAAAAAAAABAAAA | 180462.96000000008 | 2483.0299999999997 | -15619.030000000002
 catalog channel | catalog_pageAAAAAAAAAACBAAAA |           24467.68 |                  0 |   5664.320000000001
 catalog channel | catalog_pageAAAAAAAAABABAAAA |  83111.88000000002 |                  0 | -19293.250000000004
 catalog channel | catalog_pageAAAAAAAAABCBAAAA |              28723 |             532.09 |  -4979.099999999999
 catalog channel | catalog_pageAAAAAAAAABIAAAAA |                  0 |             913.27 |             -784.78
 catalog channel | catalog_pageAAAAAAAAABJAAAAA |                  0 |               40.4 |             -228.92
 catalog channel | catalog_pageAAAAAAAAACABAAAA |  79371.20000000001 |                  0 | -27599.739999999994
 catalog channel | catalog_pageAAAAAAAAACCBAAAA | 19810.760000000002 |                  0 |  -7294.679999999999
 catalog channel | catalog_pageAAAAAAAAACJAAAAA |                  0 |              34.45 |              -39.15
 catalog channel | catalog_pageAAAAAAAAADABAAAA | 116518.33999999998 |              778.3 |   6272.919999999998
 catalog channel | catalog_pageAAAAAAAAADCBAAAA |           78238.19 |                  0 |  -5755.300000000001
 catalog channel | catalog_pageAAAAAAAAADIAAAAA |                  0 |             160.74 |             -172.95
 catalog channel | catalog_pageAAAAAAAAADMAAAAA |                  0 |               9.92 |              -88.06
 catalog channel | catalog_pageAAAAAAAAAEABAAAA | 111734.02999999998 |                  0 | -1725.8199999999995
 catalog channel | catalog_pageAAAAAAAAAECBAAAA |           77794.94 |                  0 |  -1386.870000000001
 catalog channel | catalog_pageAAAAAAAAAEIAAAAA |                  0 |              12.59 |              -75.44
 catalog channel | catalog_pageAAAAAAAAAEPAAAAA |                  0 |            5984.21 |            -3423.16
 catalog channel | catalog_pageAAAAAAAAAFABAAAA |  93338.22000000002 |                  0 | -15454.509999999998
 catalog channel | catalog_pageAAAAAAAAAFCBAAAA |  73437.59000000001 |                  0 | -1976.3999999999999
 catalog channel | catalog_pageAAAAAAAAAFMAAAAA |                  0 |               9.62 |              -81.45
 catalog channel | catalog_pageAAAAAAAAAFPAAAAA |                  0 |            8851.49 |            -3012.55
 catalog channel | catalog_pageAAAAAAAAAGABAAAA |           94525.25 |                  0 |            -36921.3
 catalog channel | catalog_pageAAAAAAAAAGCBAAAA |           97272.97 |                  0 | -1220.6999999999964
 catalog channel | catalog_pageAAAAAAAAAGIAAAAA |                  0 | 2879.9300000000003 |            -2216.19
 catalog channel | catalog_pageAAAAAAAAAGPAAAAA |                  0 |            1060.54 |            -2908.84
 catalog channel | catalog_pageAAAAAAAAAHABAAAA |            84058.9 |              70.26 |  -177.7000000000026
 catalog channel | catalog_pageAAAAAAAAAHCBAAAA |           38410.28 |                  0 |   123.6299999999992
 catalog channel | catalog_pageAAAAAAAAAHPAAAAA |                  0 |             2879.4 | -342.59999999999997
 catalog channel | catalog_pageAAAAAAAAAICBAAAA | 47756.280000000006 |                  0 | -14765.719999999998
 catalog channel | catalog_pageAAAAAAAAAIPAAAAA |                  0 | 3591.3399999999997 |            -2963.89
 catalog channel | catalog_pageAAAAAAAAAJCBAAAA |           92636.66 |                  0 | -22622.670000000002
 catalog channel | catalog_pageAAAAAAAAAJPAAAAA |                  0 | 12326.340000000002 |            -4644.93
 catalog channel | catalog_pageAAAAAAAAAKABAAAA |                  0 |            5604.39 |            -1071.69
 catalog channel | catalog_pageAAAAAAAAAKPAAAAA | 124980.95999999998 |            1105.02 | -20486.800000000003
 catalog channel | catalog_pageAAAAAAAAALPAAAAA | 159996.74000000005 |              694.2 | -14421.049999999996
 catalog channel | catalog_pageAAAAAAAAAMABAAAA |                  0 |              15.68 |              -82.72
 catalog channel | catalog_pageAAAAAAAAAMBBAAAA | 18243.969999999998 |                  0 |           -14291.57
 catalog channel | catalog_pageAAAAAAAAAMPAAAAA | 207769.41999999998 |                  0 |  16414.180000000008
 catalog channel | catalog_pageAAAAAAAAANBBAAAA | 14661.359999999999 |                  0 |  -3500.669999999999
 catalog channel | catalog_pageAAAAAAAAANPAAAAA | 234528.35000000012 |                  0 |  -34234.54999999999
 catalog channel | catalog_pageAAAAAAAAAOABAAAA |                  0 |             636.88 |             -476.67
 catalog channel | catalog_pageAAAAAAAAAOBBAAAA | 14722.720000000001 |                  0 |            -8133.51
 catalog channel | catalog_pageAAAAAAAAAOPAAAAA | 174799.65000000008 |                  0 | -14000.199999999999
 catalog channel | catalog_pageAAAAAAAAAPBBAAAA | 52167.170000000006 |                  0 |  17962.669999999995
 catalog channel | catalog_pageAAAAAAAAAPPAAAAA |          188399.78 |                  0 |  11494.050000000003
 catalog channel | catalog_pageAAAAAAAABAABAAAA | 242611.76000000004 |            1355.84 | -23807.719999999987
 catalog channel | catalog_pageAAAAAAAABABBAAAA |                  0 |            2148.16 |             -372.48
 catalog channel | catalog_pageAAAAAAAABACBAAAA |           19281.56 |                  0 |             2178.89
 catalog channel | catalog_pageAAAAAAAABBABAAAA |  82998.59999999999 |            2969.12 | -21773.260000000006
 catalog channel | catalog_pageAAAAAAAABBCBAAAA |           23283.32 |                  0 |  6113.4800000000005
 catalog channel | catalog_pageAAAAAAAABBIAAAAA |                  0 |              98.98 |             -145.33
 catalog channel | catalog_pageAAAAAAAABCABAAAA |          113037.99 |                  0 |   3900.499999999998
 catalog channel | catalog_pageAAAAAAAABCBBAAAA |                  0 |             492.29 |             -167.85
 catalog channel | catalog_pageAAAAAAAABCCBAAAA |           15522.55 |                  0 |              1210.8
 catalog channel | catalog_pageAAAAAAAABCIAAAAA |                  0 |             164.16 |            -1221.41
 catalog channel | catalog_pageAAAAAAAABCJAAAAA |                  0 |            3260.56 |             -448.07
 catalog channel | catalog_pageAAAAAAAABDABAAAA |  82069.62999999999 |           10384.83 |            -23236.5
 catalog channel | catalog_pageAAAAAAAABDCBAAAA |           85777.62 |                  0 |  -4320.399999999996
 catalog channel | catalog_pageAAAAAAAABDIAAAAA |                  0 |                  0 |             -116.99
 catalog channel | catalog_pageAAAAAAAABDMAAAAA |                  0 |              777.9 |             -524.68
 catalog channel | catalog_pageAAAAAAAABDPAAAAA |                  0 |           10944.29 |            -5760.72
 catalog channel | catalog_pageAAAAAAAABEABAAAA | 120437.57999999999 |                  0 |  -5044.789999999999
 catalog channel | catalog_pageAAAAAAAABECBAAAA |           68346.59 |                  0 |             9075.44
 catalog channel | catalog_pageAAAAAAAABEIAAAAA |                  0 | 1845.7799999999997 | -2958.8999999999996
 catalog channel | catalog_pageAAAAAAAABFABAAAA |  78471.41000000003 |                  0 |   6422.530000000001
 catalog channel | catalog_pageAAAAAAAABFCBAAAA |           62784.84 |                  0 |  -3569.870000000001
 catalog channel | catalog_pageAAAAAAAABFIAAAAA |                  0 |             591.33 |              -677.2
 catalog channel | catalog_pageAAAAAAAABFPAAAAA |                  0 | 1581.3799999999999 |            -1068.09
 catalog channel | catalog_pageAAAAAAAABGABAAAA | 63570.840000000004 |                  0 | -3336.8600000000015
 catalog channel | catalog_pageAAAAAAAABGCBAAAA | 31468.629999999994 |                  0 |            -5585.58
 catalog channel | catalog_pageAAAAAAAABGIAAAAA |                  0 |            4871.25 | -2716.7799999999997
 catalog channel | catalog_pageAAAAAAAABGPAAAAA |                  0 |            3579.52 | -2809.1400000000003
 catalog channel | catalog_pageAAAAAAAABHABAAAA | 107246.67000000001 |                  0 | -18230.459999999995
 catalog channel | catalog_pageAAAAAAAABHCBAAAA |           46649.85 |                  0 |           -11642.26
 catalog channel | catalog_pageAAAAAAAABHMAAAAA |                  0 |              101.6 |              -29.47
 catalog channel | catalog_pageAAAAAAAABHPAAAAA |                  0 |             3002.5 |              -571.3
 catalog channel | catalog_pageAAAAAAAABICBAAAA |           46859.11 |                  0 |           -13120.09
 catalog channel | catalog_pageAAAAAAAABIPAAAAA |                  0 | 196.22000000000003 |             -275.21
 catalog channel | catalog_pageAAAAAAAABJABAAAA |                  0 |               27.3 |             -575.01
 catalog channel | catalog_pageAAAAAAAABJPAAAAA |                  0 |  7755.219999999999 |             -3791.6
 catalog channel | catalog_pageAAAAAAAABKPAAAAA |          146369.33 |            6888.63 |           -36644.48
 catalog channel | catalog_pageAAAAAAAABLPAAAAA | 186618.71999999997 |              67.77 |  -7347.170000000004
 catalog channel | catalog_pageAAAAAAAABMABAAAA |                  0 |            1365.78 |            -1217.56
 catalog channel | catalog_pageAAAAAAAABMBBAAAA | 23091.510000000002 |                  0 |            -8435.55
 catalog channel | catalog_pageAAAAAAAABMPAAAAA |  235009.8100000001 |                  0 |  -29507.44999999999
 catalog channel | catalog_pageAAAAAAAABNBBAAAA |            8472.26 |                  0 |  -4895.859999999999
 catalog channel | catalog_pageAAAAAAAABNPAAAAA |  184975.7800000001 |             670.41 | -38789.079999999994
 catalog channel | catalog_pageAAAAAAAABOBBAAAA |           12564.86 |                  0 |            -3265.87
 catalog channel | catalog_pageAAAAAAAABOPAAAAA | 192637.02000000005 |             2335.2 |  -19991.87999999999
 catalog channel | catalog_pageAAAAAAAABPBBAAAA |              20950 |                  0 |   6257.149999999999
 catalog channel | catalog_pageAAAAAAAABPPAAAAA | 167424.63000000003 |                  0 | -18057.579999999998
 catalog channel | catalog_pageAAAAAAAACAABAAAA | 195821.48999999993 |            1619.75 |  -4810.619999999999
 catalog channel | catalog_pageAAAAAAAACABBAAAA |                  0 |              676.6 |            -1262.69
 catalog channel | catalog_pageAAAAAAAACACBAAAA |            8701.08 |                  0 |  -762.4999999999998
 catalog channel | catalog_pageAAAAAAAACBABAAAA |           76967.15 |                  0 |             5194.24
 catalog channel | catalog_pageAAAAAAAACBCBAAAA | 22428.389999999996 |               20.9 |  -7927.579999999999
 catalog channel | catalog_pageAAAAAAAACBIAAAAA |                  0 |           10523.94 | -3856.9700000000003
 catalog channel | catalog_pageAAAAAAAACCABAAAA |  76472.90000000001 |                  0 |  -2706.269999999999
 catalog channel | catalog_pageAAAAAAAACCBBAAAA |                  0 |             349.98 |             -602.25
 catalog channel | catalog_pageAAAAAAAACCCBAAAA |           12645.79 |                  0 | -11694.989999999998
(100 rows)

UPDATE time_statistics SET e_time = TRANSACTION_TIMESTAMP() WHERE template = '../query_postgresql/query5.tpl' AND stream = 4;
psql:/tmp/s1-basline/throughput/query_4.sql:4119: NOTICE:  duration: 0.051 ms  plan:
Query Text: UPDATE time_statistics SET e_time = TRANSACTION_TIMESTAMP() WHERE template = '../query_postgresql/query5.tpl' AND stream = 4;
Update on time_statistics  (cost=0.00..7.87 rows=0 width=0) (actual time=0.051..0.051 rows=0 loops=1)
  ->  Seq Scan on time_statistics  (cost=0.00..7.87 rows=1 width=14) (actual time=0.037..0.037 rows=1 loops=1)
        Filter: ((template = '../query_postgresql/query5.tpl'::text) AND (stream = 4))
        Rows Removed by Filter: 263
UPDATE 1
LOAD 'auto_explain'; SET auto_explain.log_min_duration TO 0; SET auto_explain.log_analyze TO on; SET auto_explain.log_level TO notice; INSERT INTO time_statistics (template, s_time, stream, query, seed) VALUES ('query87.tpl', TRANSACTION_TIMESTAMP(), 4, 85, 1896234849);
LOAD
SET
SET
SET
psql:/tmp/s1-basline/throughput/query_4.sql:4120: NOTICE:  duration: 0.010 ms  plan:
Query Text: INSERT INTO time_statistics (template, s_time, stream, query, seed) VALUES ('query87.tpl', TRANSACTION_TIMESTAMP(), 4, 85, 1896234849);
Insert on time_statistics  (cost=0.00..0.01 rows=0 width=0) (actual time=0.009..0.010 rows=0 loops=1)
  ->  Result  (cost=0.00..0.01 rows=1 width=64) (actual time=0.002..0.002 rows=1 loops=1)
INSERT 0 1
select count(*) 
from ((select distinct c_last_name, c_first_name, d_date
       from store_sales, date_dim, customer
       where store_sales.ss_sold_date_sk = date_dim.d_date_sk
         and store_sales.ss_customer_sk = customer.c_customer_sk
         and d_month_seq between 1195 and 1195+11)
       except
      (select distinct c_last_name, c_first_name, d_date
       from catalog_sales, date_dim, customer
       where catalog_sales.cs_sold_date_sk = date_dim.d_date_sk
         and catalog_sales.cs_bill_customer_sk = customer.c_customer_sk
         and d_month_seq between 1195 and 1195+11)
       except
      (select distinct c_last_name, c_first_name, d_date
       from web_sales, date_dim, customer
       where web_sales.ws_sold_date_sk = date_dim.d_date_sk
         and web_sales.ws_bill_customer_sk = customer.c_customer_sk
         and d_month_seq between 1195 and 1195+11)
) cool_cust
;
psql:/tmp/s1-basline/throughput/query_4.sql:4140: NOTICE:  duration: 2237.526 ms  plan:
Query Text: select count(*) 
from ((select distinct c_last_name, c_first_name, d_date
       from store_sales, date_dim, customer
       where store_sales.ss_sold_date_sk = date_dim.d_date_sk
         and store_sales.ss_customer_sk = customer.c_customer_sk
         and d_month_seq between 1195 and 1195+11)
       except
      (select distinct c_last_name, c_first_name, d_date
       from catalog_sales, date_dim, customer
       where catalog_sales.cs_sold_date_sk = date_dim.d_date_sk
         and catalog_sales.cs_bill_customer_sk = customer.c_customer_sk
         and d_month_seq between 1195 and 1195+11)
       except
      (select distinct c_last_name, c_first_name, d_date
       from web_sales, date_dim, customer
       where web_sales.ws_sold_date_sk = date_dim.d_date_sk
         and web_sales.ws_bill_customer_sk = customer.c_customer_sk
         and d_month_seq between 1195 and 1195+11)
) cool_cust
;
Aggregate  (cost=154042.77..154042.78 rows=1 width=8) (actual time=2201.919..2237.517 rows=1 loops=1)
  ->  Subquery Scan on cool_cust  (cost=93797.20..154011.52 rows=12502 width=0) (actual time=2192.797..2235.337 rows=47267 loops=1)
        ->  HashSetOp Except  (cost=93797.20..153886.50 rows=12502 width=216) (actual time=2192.796..2230.879 rows=47267 loops=1)
              ->  Append  (cost=93797.20..153767.04 rows=15928 width=216) (actual time=1822.189..2212.547 rows=59292 loops=1)
                    ->  Result  (cost=93797.20..118766.59 rows=12502 width=216) (actual time=1822.189..1833.905 rows=47331 loops=1)
                          ->  HashSetOp Except  (cost=93797.20..118641.57 rows=12502 width=216) (actual time=1822.188..1829.088 rows=47331 loops=1)
                                ->  Append  (cost=93797.20..118496.95 rows=19283 width=216) (actual time=890.278..1801.319 rows=79303 loops=1)
                                      ->  Subquery Scan on "*SELECT* 1"  (cost=93797.20..95472.05 rows=12502 width=60) (actual time=890.278..1193.271 rows=47655 loops=1)
                                            ->  Unique  (cost=93797.20..95347.03 rows=12502 width=56) (actual time=890.276..1187.807 rows=47655 loops=1)
                                                  ->  Gather Merge  (cost=93797.20..95253.26 rows=12502 width=56) (actual time=890.274..1104.304 rows=539607 loops=1)
                                                        Workers Planned: 2
                                                        Workers Launched: 2
                                                        ->  Sort  (cost=92797.18..92810.20 rows=5209 width=56) (actual time=845.715..888.123 rows=179869 loops=3)
                                                              Sort Key: customer.c_last_name, customer.c_first_name, date_dim.d_date
                                                              Sort Method: external merge  Disk: 13152kB
                                                              Worker 0:  Sort Method: external merge  Disk: 10280kB
                                                              Worker 1:  Sort Method: external merge  Disk: 10528kB
                                                              ->  Nested Loop  (cost=2505.38..92475.60 rows=5209 width=56) (actual time=12.949..549.540 rows=179869 loops=3)
                                                                    ->  Hash Join  (cost=2505.08..90776.51 rows=5458 width=12) (actual time=12.900..263.321 rows=184278 loops=3)
                                                                          Hash Cond: (store_sales.ss_sold_date_sk = date_dim.d_date_sk)
                                                                          ->  Parallel Seq Scan on store_sales  (cost=0.00..85123.48 rows=1199148 width=16) (actual time=0.015..122.818 rows=959309 loops=3)
                                                                          ->  Hash  (cost=2500.73..2500.73 rows=348 width=12) (actual time=12.777..12.777 rows=366 loops=3)
                                                                                Buckets: 1024  Batches: 1  Memory Usage: 26kB
                                                                                ->  Seq Scan on date_dim  (cost=0.00..2500.73 rows=348 width=12) (actual time=6.010..12.725 rows=366 loops=3)
                                                                                      Filter: ((d_month_seq >= 1195) AND (d_month_seq <= 1206))
                                                                                      Rows Removed by Filter: 72683
                                                                    ->  Index Scan using pk_customer on customer  (cost=0.29..0.31 rows=1 width=60) (actual time=0.001..0.001 rows=1 loops=552834)
                                                                          Index Cond: (c_customer_sk = store_sales.ss_customer_sk)
                                      ->  Subquery Scan on "*SELECT* 2"  (cost=22792.86..22928.48 rows=6781 width=60) (actual time=594.198..603.280 rows=31648 loops=1)
                                            ->  HashAggregate  (cost=22792.86..22860.67 rows=6781 width=56) (actual time=594.197..600.919 rows=31648 loops=1)
                                                  Group Key: customer_1.c_last_name, customer_1.c_first_name, date_dim_1.d_date
                                                  Batches: 1  Memory Usage: 6673kB
                                                  ->  Nested Loop  (cost=0.72..22742.00 rows=6781 width=56) (actual time=3.803..485.312 rows=285067 loops=1)
                                                        ->  Nested Loop  (cost=0.43..20610.97 rows=6817 width=12) (actual time=3.791..101.268 rows=285758 loops=1)
                                                              ->  Seq Scan on date_dim date_dim_1  (cost=0.00..2500.73 rows=348 width=12) (actual time=3.769..8.031 rows=366 loops=1)
                                                                    Filter: ((d_month_seq >= 1195) AND (d_month_seq <= 1206))
                                                                    Rows Removed by Filter: 72683
                                                              ->  Index Scan using i_cs_sold_date_sk on catalog_sales  (cost=0.43..44.22 rows=782 width=16) (actual time=0.004..0.176 rows=781 loops=366)
                                                                    Index Cond: (cs_sold_date_sk = date_dim_1.d_date_sk)
                                                        ->  Index Scan using pk_customer on customer customer_1  (cost=0.29..0.31 rows=1 width=60) (actual time=0.001..0.001 rows=1 loops=285758)
                                                              Index Cond: (c_customer_sk = catalog_sales.cs_bill_customer_sk)
                    ->  Subquery Scan on "*SELECT* 3"  (cost=34461.84..34920.81 rows=3426 width=60) (actual time=262.951..375.155 rows=11961 loops=1)
                          ->  Unique  (cost=34461.84..34886.55 rows=3426 width=56) (actual time=262.949..373.840 rows=11961 loops=1)
                                ->  Gather Merge  (cost=34461.84..34860.85 rows=3426 width=56) (actual time=262.948..350.524 rows=144129 loops=1)
                                      Workers Planned: 2
                                      Workers Launched: 2
                                      ->  Sort  (cost=33461.81..33465.38 rows=1428 width=56) (actual time=238.572..243.317 rows=48043 loops=3)
                                            Sort Key: customer_2.c_last_name, customer_2.c_first_name, date_dim_2.d_date
                                            Sort Method: quicksort  Memory: 7283kB
                                            Worker 0:  Sort Method: quicksort  Memory: 5286kB
                                            Worker 1:  Sort Method: quicksort  Memory: 5329kB
                                            ->  Nested Loop  (cost=2505.38..33386.99 rows=1428 width=56) (actual time=13.104..171.229 rows=48043 loops=3)
                                                  ->  Hash Join  (cost=2505.08..32936.86 rows=1428 width=12) (actual time=13.056..91.985 rows=48052 loops=3)
                                                        Hash Cond: (web_sales.ws_sold_date_sk = date_dim_2.d_date_sk)
                                                        ->  Parallel Seq Scan on web_sales  (cost=0.00..29644.81 rows=299781 width=16) (actual time=0.017..44.561 rows=239825 loops=3)
                                                        ->  Hash  (cost=2500.73..2500.73 rows=348 width=12) (actual time=12.921..12.922 rows=366 loops=3)
                                                              Buckets: 1024  Batches: 1  Memory Usage: 26kB
                                                              ->  Seq Scan on date_dim date_dim_2  (cost=0.00..2500.73 rows=348 width=12) (actual time=6.185..12.871 rows=366 loops=3)
                                                                    Filter: ((d_month_seq >= 1195) AND (d_month_seq <= 1206))
                                                                    Rows Removed by Filter: 72683
                                                  ->  Index Scan using pk_customer on customer customer_2  (cost=0.29..0.32 rows=1 width=60) (actual time=0.001..0.001 rows=1 loops=144156)
                                                        Index Cond: (c_customer_sk = web_sales.ws_bill_customer_sk)
 count 
-------
 47267
(1 row)

UPDATE time_statistics SET e_time = TRANSACTION_TIMESTAMP() WHERE template = 'query87.tpl' AND stream = 4;
psql:/tmp/s1-basline/throughput/query_4.sql:4142: NOTICE:  duration: 0.060 ms  plan:
Query Text: UPDATE time_statistics SET e_time = TRANSACTION_TIMESTAMP() WHERE template = 'query87.tpl' AND stream = 4;
Update on time_statistics  (cost=0.00..7.87 rows=0 width=0) (actual time=0.059..0.060 rows=0 loops=1)
  ->  Seq Scan on time_statistics  (cost=0.00..7.87 rows=1 width=14) (actual time=0.045..0.045 rows=1 loops=1)
        Filter: ((template = 'query87.tpl'::text) AND (stream = 4))
        Rows Removed by Filter: 264
UPDATE 1
LOAD 'auto_explain'; SET auto_explain.log_min_duration TO 0; SET auto_explain.log_analyze TO on; SET auto_explain.log_level TO notice; INSERT INTO time_statistics (template, s_time, stream, query, seed) VALUES ('query3.tpl', TRANSACTION_TIMESTAMP(), 4, 86, 77513809);
LOAD
SET
SET
SET
psql:/tmp/s1-basline/throughput/query_4.sql:4143: NOTICE:  duration: 0.009 ms  plan:
Query Text: INSERT INTO time_statistics (template, s_time, stream, query, seed) VALUES ('query3.tpl', TRANSACTION_TIMESTAMP(), 4, 86, 77513809);
Insert on time_statistics  (cost=0.00..0.01 rows=0 width=0) (actual time=0.008..0.008 rows=0 loops=1)
  ->  Result  (cost=0.00..0.01 rows=1 width=64) (actual time=0.001..0.001 rows=1 loops=1)
INSERT 0 1
select  dt.d_year 
       ,item.i_brand_id brand_id 
       ,item.i_brand brand
       ,sum(ss_sales_price) sum_agg
 from  date_dim dt 
      ,store_sales
      ,item
 where dt.d_date_sk = store_sales.ss_sold_date_sk
   and store_sales.ss_item_sk = item.i_item_sk
   and item.i_manufact_id = 664
   and dt.d_moy=11
 group by dt.d_year
      ,item.i_brand
      ,item.i_brand_id
 order by dt.d_year
         ,sum_agg desc
         ,brand_id
 limit 100;
psql:/tmp/s1-basline/throughput/query_4.sql:4161: NOTICE:  duration: 12.108 ms  plan:
Query Text: select  dt.d_year 
       ,item.i_brand_id brand_id 
       ,item.i_brand brand
       ,sum(ss_sales_price) sum_agg
 from  date_dim dt 
      ,store_sales
      ,item
 where dt.d_date_sk = store_sales.ss_sold_date_sk
   and store_sales.ss_item_sk = item.i_item_sk
   and item.i_manufact_id = 664
   and dt.d_moy=11
 group by dt.d_year
      ,item.i_brand
      ,item.i_brand_id
 order by dt.d_year
         ,sum_agg desc
         ,brand_id
 limit 100;
Limit  (cost=5241.70..5241.95 rows=100 width=67) (actual time=12.088..12.092 rows=31 loops=1)
  ->  Sort  (cost=5241.70..5242.20 rows=199 width=67) (actual time=12.087..12.089 rows=31 loops=1)
        Sort Key: dt.d_year, (sum(store_sales.ss_sales_price)) DESC, item.i_brand_id
        Sort Method: quicksort  Memory: 29kB
        ->  GroupAggregate  (cost=5229.63..5234.10 rows=199 width=67) (actual time=12.001..12.075 rows=31 loops=1)
              Group Key: dt.d_year, item.i_brand, item.i_brand_id
              ->  Sort  (cost=5229.63..5230.12 rows=199 width=67) (actual time=11.994..12.007 rows=317 loops=1)
                    Sort Key: dt.d_year, item.i_brand, item.i_brand_id
                    Sort Method: quicksort  Memory: 59kB
                    ->  Nested Loop  (cost=0.73..5222.03 rows=199 width=67) (actual time=0.433..11.827 rows=317 loops=1)
                          ->  Nested Loop  (cost=0.43..4587.20 rows=2558 width=71) (actual time=0.413..9.593 rows=2062 loops=1)
                                ->  Seq Scan on item  (cost=0.00..1481.00 rows=16 width=63) (actual time=0.400..6.854 rows=15 loops=1)
                                      Filter: (i_manufact_id = 664)
                                      Rows Removed by Filter: 17985
                                ->  Index Scan using pk_store_sales on store_sales  (cost=0.43..192.40 rows=174 width=24) (actual time=0.007..0.162 rows=137 loops=15)
                                      Index Cond: (ss_item_sk = item.i_item_sk)
                          ->  Memoize  (cost=0.30..0.32 rows=1 width=12) (actual time=0.001..0.001 rows=0 loops=2062)
                                Cache Key: store_sales.ss_sold_date_sk
                                Cache Mode: logical
                                Hits: 981  Misses: 1081  Evictions: 0  Overflows: 0  Memory Usage: 82kB
                                ->  Index Scan using pk_date_dim on date_dim dt  (cost=0.29..0.31 rows=1 width=12) (actual time=0.001..0.001 rows=0 loops=1081)
                                      Index Cond: (d_date_sk = store_sales.ss_sold_date_sk)
                                      Filter: (d_moy = 11)
                                      Rows Removed by Filter: 1
 d_year | brand_id |                       brand                        |      sum_agg       
--------+----------+----------------------------------------------------+--------------------
   1998 |  4001001 | amalgedu pack #1                                   |             858.94
   1998 |  3004002 | edu packexporti #2                                 |             559.23
   1998 |  7008005 | namelessbrand #5                                   | 361.33000000000004
   1998 |  8013009 | exportimaxi #9                                     | 311.98999999999995
   1998 |  4004002 | edu packedu pack #2                                | 251.59999999999997
   1998 |  5001001 | amalgscholar #1                                    | 247.34000000000003
   1998 |  4003001 | exportiedu pack #1                                 |  73.03999999999999
   1999 |  5001001 | amalgscholar #1                                    |                570
   1999 |  4003001 | exportiedu pack #1                                 |             426.06
   1999 |  4001001 | amalgedu pack #1                                   | 251.85000000000002
   1999 |  4004002 | edu packedu pack #2                                |             185.38
   1999 |  3004002 | edu packexporti #2                                 | 176.83000000000004
   1999 |  7008005 | namelessbrand #5                                   |              146.5
   1999 |  8013009 | exportimaxi #9                                     |             138.93
   2000 |  7008005 | namelessbrand #5                                   |             680.58
   2000 |  5001001 | amalgscholar #1                                    |             561.54
   2000 |  9008006 | namelessmaxi #6                                    |             557.26
   2000 |  3004002 | edu packexporti #2                                 |             249.45
   2000 |  4004002 | edu packedu pack #2                                |              85.13
   2001 |  3004002 | edu packexporti #2                                 |             745.49
   2001 |  4004002 | edu packedu pack #2                                |             394.11
   2001 |  9008006 | namelessmaxi #6                                    |             392.42
   2001 |  5003002 | exportischolar #2                                  |  96.57000000000001
   2002 |  3004002 | edu packexporti #2                                 |             938.29
   2002 |  5003002 | exportischolar #2                                  |  685.1999999999999
   2002 | 10009005 | exportiedu pack #1                                 |             513.13
   2002 |  1002001 | amalgunivamalg #7                                  | 413.83000000000004
   2002 |  5003001 | exportischolar #1                                  |             274.58
   2002 |  4004002 | edu packedu pack #2                                |             271.48
   2002 |  6013001 | edu packscholar #1                                 | 259.73999999999995
   2002 |  9008006 | importoamalg #1                                    | 117.89000000000001
(31 rows)

UPDATE time_statistics SET e_time = TRANSACTION_TIMESTAMP() WHERE template = 'query3.tpl' AND stream = 4;
psql:/tmp/s1-basline/throughput/query_4.sql:4163: NOTICE:  duration: 0.041 ms  plan:
Query Text: UPDATE time_statistics SET e_time = TRANSACTION_TIMESTAMP() WHERE template = 'query3.tpl' AND stream = 4;
Update on time_statistics  (cost=0.00..7.87 rows=0 width=0) (actual time=0.041..0.041 rows=0 loops=1)
  ->  Seq Scan on time_statistics  (cost=0.00..7.87 rows=1 width=14) (actual time=0.031..0.032 rows=1 loops=1)
        Filter: ((template = 'query3.tpl'::text) AND (stream = 4))
        Rows Removed by Filter: 265
UPDATE 1
LOAD 'auto_explain'; SET auto_explain.log_min_duration TO 0; SET auto_explain.log_analyze TO on; SET auto_explain.log_level TO notice; INSERT INTO time_statistics (template, s_time, stream, query, seed) VALUES ('query64.tpl', TRANSACTION_TIMESTAMP(), 4, 87, 1546864585);
LOAD
SET
SET
SET
psql:/tmp/s1-basline/throughput/query_4.sql:4164: NOTICE:  duration: 0.008 ms  plan:
Query Text: INSERT INTO time_statistics (template, s_time, stream, query, seed) VALUES ('query64.tpl', TRANSACTION_TIMESTAMP(), 4, 87, 1546864585);
Insert on time_statistics  (cost=0.00..0.01 rows=0 width=0) (actual time=0.007..0.008 rows=0 loops=1)
  ->  Result  (cost=0.00..0.01 rows=1 width=64) (actual time=0.002..0.002 rows=1 loops=1)
INSERT 0 1
with cs_ui as
 (select cs_item_sk
        ,sum(cs_ext_list_price) as sale,sum(cr_refunded_cash+cr_reversed_charge+cr_store_credit) as refund
  from catalog_sales
      ,catalog_returns
  where cs_item_sk = cr_item_sk
    and cs_order_number = cr_order_number
  group by cs_item_sk
  having sum(cs_ext_list_price)>2*sum(cr_refunded_cash+cr_reversed_charge+cr_store_credit)),
cross_sales as
 (select i_product_name product_name
     ,i_item_sk item_sk
     ,s_store_name store_name
     ,s_zip store_zip
     ,ad1.ca_street_number b_street_number
     ,ad1.ca_street_name b_street_name
     ,ad1.ca_city b_city
     ,ad1.ca_zip b_zip
     ,ad2.ca_street_number c_street_number
     ,ad2.ca_street_name c_street_name
     ,ad2.ca_city c_city
     ,ad2.ca_zip c_zip
     ,d1.d_year as syear
     ,d2.d_year as fsyear
     ,d3.d_year s2year
     ,count(*) cnt
     ,sum(ss_wholesale_cost) s1
     ,sum(ss_list_price) s2
     ,sum(ss_coupon_amt) s3
  FROM   store_sales
        ,store_returns
        ,cs_ui
        ,date_dim d1
        ,date_dim d2
        ,date_dim d3
        ,store
        ,customer
        ,customer_demographics cd1
        ,customer_demographics cd2
        ,promotion
        ,household_demographics hd1
        ,household_demographics hd2
        ,customer_address ad1
        ,customer_address ad2
        ,income_band ib1
        ,income_band ib2
        ,item
  WHERE  ss_store_sk = s_store_sk AND
         ss_sold_date_sk = d1.d_date_sk AND
         ss_customer_sk = c_customer_sk AND
         ss_cdemo_sk= cd1.cd_demo_sk AND
         ss_hdemo_sk = hd1.hd_demo_sk AND
         ss_addr_sk = ad1.ca_address_sk and
         ss_item_sk = i_item_sk and
         ss_item_sk = sr_item_sk and
         ss_ticket_number = sr_ticket_number and
         ss_item_sk = cs_ui.cs_item_sk and
         c_current_cdemo_sk = cd2.cd_demo_sk AND
         c_current_hdemo_sk = hd2.hd_demo_sk AND
         c_current_addr_sk = ad2.ca_address_sk and
         c_first_sales_date_sk = d2.d_date_sk and
         c_first_shipto_date_sk = d3.d_date_sk and
         ss_promo_sk = p_promo_sk and
         hd1.hd_income_band_sk = ib1.ib_income_band_sk and
         hd2.hd_income_band_sk = ib2.ib_income_band_sk and
         cd1.cd_marital_status <> cd2.cd_marital_status and
         i_color in ('ghost','smoke','goldenrod','blue','yellow','sienna') and
         i_current_price between 85 and 85 + 10 and
         i_current_price between 85 + 1 and 85 + 15
group by i_product_name
       ,i_item_sk
       ,s_store_name
       ,s_zip
       ,ad1.ca_street_number
       ,ad1.ca_street_name
       ,ad1.ca_city
       ,ad1.ca_zip
       ,ad2.ca_street_number
       ,ad2.ca_street_name
       ,ad2.ca_city
       ,ad2.ca_zip
       ,d1.d_year
       ,d2.d_year
       ,d3.d_year
)
select cs1.product_name
     ,cs1.store_name
     ,cs1.store_zip
     ,cs1.b_street_number
     ,cs1.b_street_name
     ,cs1.b_city
     ,cs1.b_zip
     ,cs1.c_street_number
     ,cs1.c_street_name
     ,cs1.c_city
     ,cs1.c_zip
     ,cs1.syear
     ,cs1.cnt
     ,cs1.s1 as s11
     ,cs1.s2 as s21
     ,cs1.s3 as s31
     ,cs2.s1 as s12
     ,cs2.s2 as s22
     ,cs2.s3 as s32
     ,cs2.syear
     ,cs2.cnt
from cross_sales cs1,cross_sales cs2
where cs1.item_sk=cs2.item_sk and
     cs1.syear = 2000 and
     cs2.syear = 2000 + 1 and
     cs2.cnt <= cs1.cnt and
     cs1.store_name = cs2.store_name and
     cs1.store_zip = cs2.store_zip
order by cs1.product_name
       ,cs1.store_name
       ,cs2.cnt
       ,cs1.s1
       ,cs2.s1;
psql:/tmp/s1-basline/throughput/query_4.sql:4282: NOTICE:  duration: 458.280 ms  plan:
Query Text: with cs_ui as
 (select cs_item_sk
        ,sum(cs_ext_list_price) as sale,sum(cr_refunded_cash+cr_reversed_charge+cr_store_credit) as refund
  from catalog_sales
      ,catalog_returns
  where cs_item_sk = cr_item_sk
    and cs_order_number = cr_order_number
  group by cs_item_sk
  having sum(cs_ext_list_price)>2*sum(cr_refunded_cash+cr_reversed_charge+cr_store_credit)),
cross_sales as
 (select i_product_name product_name
     ,i_item_sk item_sk
     ,s_store_name store_name
     ,s_zip store_zip
     ,ad1.ca_street_number b_street_number
     ,ad1.ca_street_name b_street_name
     ,ad1.ca_city b_city
     ,ad1.ca_zip b_zip
     ,ad2.ca_street_number c_street_number
     ,ad2.ca_street_name c_street_name
     ,ad2.ca_city c_city
     ,ad2.ca_zip c_zip
     ,d1.d_year as syear
     ,d2.d_year as fsyear
     ,d3.d_year s2year
     ,count(*) cnt
     ,sum(ss_wholesale_cost) s1
     ,sum(ss_list_price) s2
     ,sum(ss_coupon_amt) s3
  FROM   store_sales
        ,store_returns
        ,cs_ui
        ,date_dim d1
        ,date_dim d2
        ,date_dim d3
        ,store
        ,customer
        ,customer_demographics cd1
        ,customer_demographics cd2
        ,promotion
        ,household_demographics hd1
        ,household_demographics hd2
        ,customer_address ad1
        ,customer_address ad2
        ,income_band ib1
        ,income_band ib2
        ,item
  WHERE  ss_store_sk = s_store_sk AND
         ss_sold_date_sk = d1.d_date_sk AND
         ss_customer_sk = c_customer_sk AND
         ss_cdemo_sk= cd1.cd_demo_sk AND
         ss_hdemo_sk = hd1.hd_demo_sk AND
         ss_addr_sk = ad1.ca_address_sk and
         ss_item_sk = i_item_sk and
         ss_item_sk = sr_item_sk and
         ss_ticket_number = sr_ticket_number and
         ss_item_sk = cs_ui.cs_item_sk and
         c_current_cdemo_sk = cd2.cd_demo_sk AND
         c_current_hdemo_sk = hd2.hd_demo_sk AND
         c_current_addr_sk = ad2.ca_address_sk and
         c_first_sales_date_sk = d2.d_date_sk and
         c_first_shipto_date_sk = d3.d_date_sk and
         ss_promo_sk = p_promo_sk and
         hd1.hd_income_band_sk = ib1.ib_income_band_sk and
         hd2.hd_income_band_sk = ib2.ib_income_band_sk and
         cd1.cd_marital_status <> cd2.cd_marital_status and
         i_color in ('ghost','smoke','goldenrod','blue','yellow','sienna') and
         i_current_price between 85 and 85 + 10 and
         i_current_price between 85 + 1 and 85 + 15
group by i_product_name
       ,i_item_sk
       ,s_store_name
       ,s_zip
       ,ad1.ca_street_number
       ,ad1.ca_street_name
       ,ad1.ca_city
       ,ad1.ca_zip
       ,ad2.ca_street_number
       ,ad2.ca_street_name
       ,ad2.ca_city
       ,ad2.ca_zip
       ,d1.d_year
       ,d2.d_year
       ,d3.d_year
)
select cs1.product_name
     ,cs1.store_name
     ,cs1.store_zip
     ,cs1.b_street_number
     ,cs1.b_street_name
     ,cs1.b_city
     ,cs1.b_zip
     ,cs1.c_street_number
     ,cs1.c_street_name
     ,cs1.c_city
     ,cs1.c_zip
     ,cs1.syear
     ,cs1.cnt
     ,cs1.s1 as s11
     ,cs1.s2 as s21
     ,cs1.s3 as s31
     ,cs2.s1 as s12
     ,cs2.s2 as s22
     ,cs2.s3 as s32
     ,cs2.syear
     ,cs2.cnt
from cross_sales cs1,cross_sales cs2
where cs1.item_sk=cs2.item_sk and
     cs1.syear = 2000 and
     cs2.syear = 2000 + 1 and
     cs2.cnt <= cs1.cnt and
     cs1.store_name = cs2.store_name and
     cs1.store_zip = cs2.store_zip
order by cs1.product_name
       ,cs1.store_name
       ,cs2.cnt
       ,cs1.s1
       ,cs2.s1;
Sort  (cost=71483.55..71483.56 rows=1 width=1166) (actual time=394.377..458.246 rows=15 loops=1)
  Sort Key: cs1.product_name, cs1.store_name, cs2.cnt, cs1.s1, cs2.s1
  Sort Method: quicksort  Memory: 28kB
  CTE cross_sales
    ->  GroupAggregate  (cost=71483.41..71483.48 rows=1 width=199) (actual time=393.411..457.404 rows=135 loops=1)
          Group Key: item.i_product_name, item.i_item_sk, store.s_store_name, store.s_zip, ad1.ca_street_number, ad1.ca_street_name, ad1.ca_city, ad1.ca_zip, ad2.ca_street_number, ad2.ca_street_name, ad2.ca_city, ad2.ca_zip, d1.d_year, d2.d_year, d3.d_year
          ->  Sort  (cost=71483.41..71483.42 rows=1 width=191) (actual time=393.404..457.277 rows=135 loops=1)
                Sort Key: item.i_product_name, item.i_item_sk, store.s_store_name, store.s_zip, ad1.ca_street_number, ad1.ca_street_name, ad1.ca_city, ad1.ca_zip, ad2.ca_street_number, ad2.ca_street_name, ad2.ca_city, ad2.ca_zip, d1.d_year, d2.d_year, d3.d_year
                Sort Method: quicksort  Memory: 56kB
                ->  Nested Loop  (cost=71348.54..71483.40 rows=1 width=191) (actual time=321.996..457.021 rows=135 loops=1)
                      ->  Nested Loop  (cost=71348.40..71483.25 rows=1 width=199) (actual time=321.992..456.870 rows=135 loops=1)
                            ->  Nested Loop  (cost=71348.11..71482.93 rows=1 width=167) (actual time=321.985..456.433 rows=135 loops=1)
                                  ->  Nested Loop  (cost=71347.97..71482.77 rows=1 width=175) (actual time=321.978..456.247 rows=135 loops=1)
                                        Join Filter: (cd1.cd_marital_status <> cd2.cd_marital_status)
                                        Rows Removed by Join Filter: 47
                                        ->  Nested Loop  (cost=71347.55..71482.02 rows=1 width=185) (actual time=321.969..455.414 rows=182 loops=1)
                                              ->  Nested Loop  (cost=71347.40..71481.85 rows=1 width=193) (actual time=321.962..455.097 rows=182 loops=1)
                                                    ->  Nested Loop  (cost=71347.11..71481.53 rows=1 width=197) (actual time=321.957..454.769 rows=183 loops=1)
                                                          ->  Nested Loop  (cost=71346.82..71481.23 rows=1 width=197) (actual time=321.950..454.391 rows=186 loops=1)
                                                                ->  Nested Loop  (cost=71346.53..71480.90 rows=1 width=201) (actual time=321.943..454.011 rows=196 loops=1)
                                                                      ->  Nested Loop  (cost=71346.24..71480.59 rows=1 width=169) (actual time=321.934..453.280 rows=196 loops=1)
                                                                            ->  Nested Loop  (cost=71345.96..71480.29 rows=1 width=169) (actual time=321.925..452.865 rows=196 loops=1)
                                                                                  ->  Nested Loop  (cost=71345.53..71479.83 rows=1 width=175) (actual time=321.915..451.976 rows=196 loops=1)
                                                                                        ->  Nested Loop  (cost=71345.39..71479.68 rows=1 width=167) (actual time=321.909..451.704 rows=199 loops=1)
                                                                                              ->  Nested Loop  (cost=71345.10..71479.37 rows=1 width=135) (actual time=321.900..451.079 rows=204 loops=1)
                                                                                                    ->  Nested Loop  (cost=71344.81..71479.06 rows=1 width=139) (actual time=321.892..450.690 rows=205 loops=1)
                                                                                                          Join Filter: (item.i_item_sk = store_sales.ss_item_sk)
                                                                                                          ->  Nested Loop  (cost=71344.38..71466.56 rows=16 width=83) (actual time=321.881..449.959 rows=205 loops=1)
                                                                                                                ->  Nested Loop  (cost=71343.96..71464.54 rows=1 width=67) (actual time=321.868..449.851 rows=12 loops=1)
                                                                                                                      ->  Finalize GroupAggregate  (cost=71343.67..71361.77 rows=47 width=24) (actual time=321.191..420.008 rows=17141 loops=1)
                                                                                                                            Group Key: catalog_sales.cs_item_sk
                                                                                                                            Filter: (sum(catalog_sales.cs_ext_list_price) > ('2'::double precision * sum(((catalog_returns.cr_refunded_cash + catalog_returns.cr_reversed_charge) + catalog_returns.cr_store_credit))))
                                                                                                                            Rows Removed by Filter: 725
                                                                                                                            ->  Gather Merge  (cost=71343.67..71358.77 rows=118 width=24) (actual time=321.186..411.244 rows=46631 loops=1)
                                                                                                                                  Workers Planned: 2
                                                                                                                                  Workers Launched: 2
                                                                                                                                  ->  Partial GroupAggregate  (cost=70343.65..70345.12 rows=59 width=24) (actual time=315.349..331.221 rows=15544 loops=3)
                                                                                                                                        Group Key: catalog_sales.cs_item_sk
                                                                                                                                        ->  Sort  (cost=70343.65..70343.79 rows=59 width=40) (actual time=315.338..320.253 rows=48102 loops=3)
                                                                                                                                              Sort Key: catalog_sales.cs_item_sk
                                                                                                                                              Sort Method: quicksort  Memory: 8246kB
                                                                                                                                              Worker 0:  Sort Method: quicksort  Memory: 4522kB
                                                                                                                                              Worker 1:  Sort Method: quicksort  Memory: 4578kB
                                                                                                                                              ->  Hash Join  (cost=7926.67..70341.91 rows=59 width=40) (actual time=82.455..302.542 rows=48102 loops=3)
                                                                                                                                                    Hash Cond: ((catalog_sales.cs_item_sk = catalog_returns.cr_item_sk) AND (catalog_sales.cs_order_number = catalog_returns.cr_order_number))
                                                                                                                                                    ->  Parallel Seq Scan on catalog_sales  (cost=0.00..59266.53 rows=599753 width=24) (actual time=0.015..75.510 rows=479804 loops=3)
                                                                                                                                                    ->  Hash  (cost=5762.07..5762.07 rows=144307 width=40) (actual time=81.643..81.643 rows=144307 loops=3)
                                                                                                                                                          Buckets: 262144  Batches: 1  Memory Usage: 12128kB
                                                                                                                                                          ->  Seq Scan on catalog_returns  (cost=0.00..5762.07 rows=144307 width=40) (actual time=0.025..52.000 rows=144307 loops=3)
                                                                                                                      ->  Index Scan using pk_item on item  (cost=0.29..2.17 rows=1 width=59) (actual time=0.002..0.002 rows=0 loops=17141)
                                                                                                                            Index Cond: (i_item_sk = catalog_sales.cs_item_sk)
                                                                                                                            Filter: ((i_current_price >= '85'::double precision) AND (i_current_price <= '95'::double precision) AND (i_current_price >= '86'::double precision) AND (i_current_price <= '100'::double precision) AND (i_color = ANY ('{ghost,smoke,goldenrod,blue,yellow,sienna}'::bpchar[])))
                                                                                                                            Rows Removed by Filter: 1
                                                                                                                ->  Index Only Scan using pk_store_returns on store_returns  (cost=0.42..1.84 rows=18 width=16) (actual time=0.005..0.007 rows=17 loops=12)
                                                                                                                      Index Cond: (sr_item_sk = item.i_item_sk)
                                                                                                                      Heap Fetches: 0
                                                                                                          ->  Index Scan using pk_store_sales on store_sales  (cost=0.43..0.77 rows=1 width=96) (actual time=0.003..0.003 rows=1 loops=205)
                                                                                                                Index Cond: ((ss_item_sk = store_returns.sr_item_sk) AND (ss_ticket_number = store_returns.sr_ticket_number))
                                                                                                    ->  Index Scan using pk_date_dim on date_dim d1  (cost=0.29..0.31 rows=1 width=12) (actual time=0.001..0.001 rows=1 loops=205)
                                                                                                          Index Cond: (d_date_sk = store_sales.ss_sold_date_sk)
                                                                                              ->  Index Scan using pk_customer_address on customer_address ad1  (cost=0.29..0.31 rows=1 width=48) (actual time=0.003..0.003 rows=1 loops=204)
                                                                                                    Index Cond: (ca_address_sk = store_sales.ss_addr_sk)
                                                                                        ->  Index Scan using pk_store on store  (cost=0.14..0.15 rows=1 width=24) (actual time=0.001..0.001 rows=1 loops=199)
                                                                                              Index Cond: (s_store_sk = store_sales.ss_store_sk)
                                                                                  ->  Index Scan using pk_customer_demographics on customer_demographics cd1  (cost=0.43..0.46 rows=1 width=10) (actual time=0.004..0.004 rows=1 loops=196)
                                                                                        Index Cond: (cd_demo_sk = store_sales.ss_cdemo_sk)
                                                                            ->  Index Scan using pk_household_demographics on household_demographics hd1  (cost=0.28..0.30 rows=1 width=16) (actual time=0.002..0.002 rows=1 loops=196)
                                                                                  Index Cond: (hd_demo_sk = store_sales.ss_hdemo_sk)
                                                                      ->  Index Scan using pk_customer on customer  (cost=0.29..0.31 rows=1 width=48) (actual time=0.003..0.003 rows=1 loops=196)
                                                                            Index Cond: (c_customer_sk = store_sales.ss_customer_sk)
                                                                ->  Index Scan using pk_date_dim on date_dim d2  (cost=0.29..0.33 rows=1 width=12) (actual time=0.001..0.001 rows=1 loops=196)
                                                                      Index Cond: (d_date_sk = customer.c_first_sales_date_sk)
                                                          ->  Index Scan using pk_household_demographics on household_demographics hd2  (cost=0.28..0.30 rows=1 width=16) (actual time=0.002..0.002 rows=1 loops=186)
                                                                Index Cond: (hd_demo_sk = customer.c_current_hdemo_sk)
                                                    ->  Index Scan using pk_date_dim on date_dim d3  (cost=0.29..0.33 rows=1 width=12) (actual time=0.001..0.001 rows=1 loops=183)
                                                          Index Cond: (d_date_sk = customer.c_first_shipto_date_sk)
                                              ->  Index Only Scan using pk_promotion on promotion  (cost=0.15..0.17 rows=1 width=8) (actual time=0.001..0.001 rows=1 loops=182)
                                                    Index Cond: (p_promo_sk = store_sales.ss_promo_sk)
                                                    Heap Fetches: 182
                                        ->  Index Scan using pk_customer_demographics on customer_demographics cd2  (cost=0.43..0.74 rows=1 width=10) (actual time=0.004..0.004 rows=1 loops=182)
                                              Index Cond: (cd_demo_sk = customer.c_current_cdemo_sk)
                                  ->  Index Only Scan using pk_income_band on income_band ib1  (cost=0.14..0.16 rows=1 width=8) (actual time=0.001..0.001 rows=1 loops=135)
                                        Index Cond: (ib_income_band_sk = hd1.hd_income_band_sk)
                                        Heap Fetches: 135
                            ->  Index Scan using pk_customer_address on customer_address ad2  (cost=0.29..0.32 rows=1 width=48) (actual time=0.003..0.003 rows=1 loops=135)
                                  Index Cond: (ca_address_sk = customer.c_current_addr_sk)
                      ->  Index Only Scan using pk_income_band on income_band ib2  (cost=0.14..0.16 rows=1 width=8) (actual time=0.001..0.001 rows=1 loops=135)
                            Index Cond: (ib_income_band_sk = hd2.hd_income_band_sk)
                            Heap Fetches: 135
  ->  Nested Loop  (cost=0.00..0.07 rows=1 width=1166) (actual time=393.654..394.353 rows=15 loops=1)
        Join Filter: ((cs2.cnt <= cs1.cnt) AND (cs1.item_sk = cs2.item_sk) AND ((cs1.store_name)::text = (cs2.store_name)::text) AND (cs1.store_zip = cs2.store_zip))
        Rows Removed by Join Filter: 1073
        ->  CTE Scan on cross_sales cs1  (cost=0.00..0.02 rows=1 width=1138) (actual time=393.415..393.433 rows=34 loops=1)
              Filter: (syear = 2000)
              Rows Removed by Filter: 101
        ->  CTE Scan on cross_sales cs2  (cost=0.00..0.02 rows=1 width=206) (actual time=0.000..0.024 rows=32 loops=34)
              Filter: (syear = 2001)
              Rows Removed by Filter: 103
                    product_name                    | store_name | store_zip  | b_street_number |   b_street_name   |     b_city     |   b_zip    | c_street_number | c_street_name |    c_city    |   c_zip    | syear | cnt |  s11  |  s21   | s31 |  s12  |  s22   |  s32  | syear | cnt 
----------------------------------------------------+------------+------------+-----------------+-------------------+----------------+------------+-----------------+---------------+--------------+------------+-------+-----+-------+--------+-----+-------+--------+-------+-------+-----
 ationeingbarese                                    | able       | 35709      | 938             | Wilson            | Friendship     | 24536      | 495             | Lake Fourth   | Enterprise   |            |  2000 |   1 | 41.45 |  48.08 |   0 | 52.44 |  90.19 |     0 |  2001 |   1
 ationeingbarese                                    | able       | 35709      | 938             | Wilson            | Friendship     | 24536      | 495             | Lake Fourth   | Enterprise   |            |  2000 |   1 | 41.45 |  48.08 |   0 | 93.56 | 130.04 |     0 |  2001 |   1
 ationeingbarese                                    | bar        | 31904      | 182             | Willow Birch      | Bethel         | 35281      |                 | Walnut        |              | 44244      |  2000 |   1 | 64.29 | 122.15 |   0 | 27.34 |  30.89 |  9.08 |  2001 |   1
 oughtoughtn stpri                                  | bar        | 31904      | 188             | Lake              | Red Hill       | 44338      | 456             | Main          | Waterloo     | 81675      |  2000 |   1 | 20.97 |  28.93 |   0 | 39.33 |  56.24 |     0 |  2001 |   1
 oughtoughtn stpri                                  | bar        | 31904      | 382             | Railroad Smith    | Oakdale        | 99584      | 959             | 4th Williams  | Langdon      | 80852      |  2000 |   1 | 31.08 |  62.16 |   0 | 39.33 |  56.24 |     0 |  2001 |   1
 oughtoughtn stpri                                  | bar        | 31904      | 961             | Railroad Broadway | Pleasant Hill  | 04204      | 890             | Sixth         | Sunnyside    | 61952      |  2000 |   1 | 44.15 |  68.43 |   0 | 39.33 |  56.24 |     0 |  2001 |   1
 oughtoughtn stpri                                  | bar        | 31904      | 572             | Fourth 4th        | Spring Valley  | 06660      | 50              | Fourth        | Sunnyside    | 41952      |  2000 |   1 | 78.23 | 124.38 |   0 | 39.33 |  56.24 |     0 |  2001 |   1
 oughtoughtn stpri                                  | ese        | 31904      | 244             | Sycamore          | Red Hill       | 54338      | 580             | Spring        | San Jose     | 58003      |  2000 |   1 | 24.57 |  33.66 |   0 | 10.41 |  18.52 |     0 |  2001 |   1
 prioughtn stpri                                    | able       | 35709      | 440             | 2nd 11th          | Woodville      | 84289      | 30              | Pine Jackson  | Walnut Grove | 37752      |  2000 |   1 | 61.51 |  72.58 |   0 |    13 |  24.18 |     0 |  2001 |   1
 prioughtn stpri                                    | able       | 35709      | 440             | 2nd 11th          | Woodville      | 84289      | 30              | Pine Jackson  | Walnut Grove | 37752      |  2000 |   1 | 61.51 |  72.58 |   0 | 57.46 | 102.27 |     0 |  2001 |   1
 prioughtn stpri                                    | bar        | 31904      | 223             | Park Jackson      | Pleasant Grove | 24136      | 202             | 10th Central  | Pine Grove   | 94593      |  2000 |   1 | 29.69 |  54.03 |   0 | 39.25 |  48.67 | 91.98 |  2001 |   1
 prioughtn stpri                                    | bar        | 31904      | 223             | Park Jackson      | Pleasant Grove | 24136      | 202             | 10th Central  | Pine Grove   | 94593      |  2000 |   1 | 29.69 |  54.03 |   0 | 62.04 | 116.63 |     0 |  2001 |   1
 prioughtn stpri                                    | bar        | 31904      | 223             | Park Jackson      | Pleasant Grove | 24136      | 202             | 10th Central  | Pine Grove   | 94593      |  2000 |   1 | 29.69 |  54.03 |   0 | 72.64 |  76.27 |     0 |  2001 |   1
 prioughtn stpri                                    | bar        | 31904      | 223             | Park Jackson      | Pleasant Grove | 24136      | 202             | 10th Central  | Pine Grove   | 94593      |  2000 |   1 | 29.69 |  54.03 |   0 | 91.66 | 172.32 |     0 |  2001 |   1
 prioughtn stpri                                    | eing       | 35709      | 315             | Railroad Park     | Bunker Hill    | 20150      | 589             | 6th           | Five Forks   | 32293      |  2000 |   1 | 47.05 |  71.51 |   0 |   1.6 |   2.68 |     0 |  2001 |   1
(15 rows)

UPDATE time_statistics SET e_time = TRANSACTION_TIMESTAMP() WHERE template = 'query64.tpl' AND stream = 4;
psql:/tmp/s1-basline/throughput/query_4.sql:4284: NOTICE:  duration: 0.054 ms  plan:
Query Text: UPDATE time_statistics SET e_time = TRANSACTION_TIMESTAMP() WHERE template = 'query64.tpl' AND stream = 4;
Update on time_statistics  (cost=0.00..7.87 rows=0 width=0) (actual time=0.053..0.053 rows=0 loops=1)
  ->  Seq Scan on time_statistics  (cost=0.00..7.87 rows=1 width=14) (actual time=0.040..0.040 rows=1 loops=1)
        Filter: ((template = 'query64.tpl'::text) AND (stream = 4))
        Rows Removed by Filter: 266
UPDATE 1
LOAD 'auto_explain'; SET auto_explain.log_min_duration TO 0; SET auto_explain.log_analyze TO on; SET auto_explain.log_level TO notice; INSERT INTO time_statistics (template, s_time, stream, query, seed) VALUES ('query31.tpl', TRANSACTION_TIMESTAMP(), 4, 88, 145807203);
LOAD
SET
SET
SET
psql:/tmp/s1-basline/throughput/query_4.sql:4285: NOTICE:  duration: 0.008 ms  plan:
Query Text: INSERT INTO time_statistics (template, s_time, stream, query, seed) VALUES ('query31.tpl', TRANSACTION_TIMESTAMP(), 4, 88, 145807203);
Insert on time_statistics  (cost=0.00..0.01 rows=0 width=0) (actual time=0.008..0.008 rows=0 loops=1)
  ->  Result  (cost=0.00..0.01 rows=1 width=64) (actual time=0.002..0.002 rows=1 loops=1)
INSERT 0 1
with ss as
 (select ca_county,d_qoy, d_year,sum(ss_ext_sales_price) as store_sales
 from store_sales,date_dim,customer_address
 where ss_sold_date_sk = d_date_sk
  and ss_addr_sk=ca_address_sk
 group by ca_county,d_qoy, d_year),
 ws as
 (select ca_county,d_qoy, d_year,sum(ws_ext_sales_price) as web_sales
 from web_sales,date_dim,customer_address
 where ws_sold_date_sk = d_date_sk
  and ws_bill_addr_sk=ca_address_sk
 group by ca_county,d_qoy, d_year)
 select 
        ss1.ca_county
       ,ss1.d_year
       ,ws2.web_sales/ws1.web_sales web_q1_q2_increase
       ,ss2.store_sales/ss1.store_sales store_q1_q2_increase
       ,ws3.web_sales/ws2.web_sales web_q2_q3_increase
       ,ss3.store_sales/ss2.store_sales store_q2_q3_increase
 from
        ss ss1
       ,ss ss2
       ,ss ss3
       ,ws ws1
       ,ws ws2
       ,ws ws3
 where
    ss1.d_qoy = 1
    and ss1.d_year = 2001
    and ss1.ca_county = ss2.ca_county
    and ss2.d_qoy = 2
    and ss2.d_year = 2001
 and ss2.ca_county = ss3.ca_county
    and ss3.d_qoy = 3
    and ss3.d_year = 2001
    and ss1.ca_county = ws1.ca_county
    and ws1.d_qoy = 1
    and ws1.d_year = 2001
    and ws1.ca_county = ws2.ca_county
    and ws2.d_qoy = 2
    and ws2.d_year = 2001
    and ws1.ca_county = ws3.ca_county
    and ws3.d_qoy = 3
    and ws3.d_year =2001
    and case when ws1.web_sales > 0 then ws2.web_sales/ws1.web_sales else null end 
       > case when ss1.store_sales > 0 then ss2.store_sales/ss1.store_sales else null end
    and case when ws2.web_sales > 0 then ws3.web_sales/ws2.web_sales else null end
       > case when ss2.store_sales > 0 then ss3.store_sales/ss2.store_sales else null end
 order by store_q1_q2_increase;
psql:/tmp/s1-basline/throughput/query_4.sql:4334: NOTICE:  duration: 10909.616 ms  plan:
Query Text: with ss as
 (select ca_county,d_qoy, d_year,sum(ss_ext_sales_price) as store_sales
 from store_sales,date_dim,customer_address
 where ss_sold_date_sk = d_date_sk
  and ss_addr_sk=ca_address_sk
 group by ca_county,d_qoy, d_year),
 ws as
 (select ca_county,d_qoy, d_year,sum(ws_ext_sales_price) as web_sales
 from web_sales,date_dim,customer_address
 where ws_sold_date_sk = d_date_sk
  and ws_bill_addr_sk=ca_address_sk
 group by ca_county,d_qoy, d_year)
 select 
        ss1.ca_county
       ,ss1.d_year
       ,ws2.web_sales/ws1.web_sales web_q1_q2_increase
       ,ss2.store_sales/ss1.store_sales store_q1_q2_increase
       ,ws3.web_sales/ws2.web_sales web_q2_q3_increase
       ,ss3.store_sales/ss2.store_sales store_q2_q3_increase
 from
        ss ss1
       ,ss ss2
       ,ss ss3
       ,ws ws1
       ,ws ws2
       ,ws ws3
 where
    ss1.d_qoy = 1
    and ss1.d_year = 2001
    and ss1.ca_county = ss2.ca_county
    and ss2.d_qoy = 2
    and ss2.d_year = 2001
 and ss2.ca_county = ss3.ca_county
    and ss3.d_qoy = 3
    and ss3.d_year = 2001
    and ss1.ca_county = ws1.ca_county
    and ws1.d_qoy = 1
    and ws1.d_year = 2001
    and ws1.ca_county = ws2.ca_county
    and ws2.d_qoy = 2
    and ws2.d_year = 2001
    and ws1.ca_county = ws3.ca_county
    and ws3.d_qoy = 3
    and ws3.d_year =2001
    and case when ws1.web_sales > 0 then ws2.web_sales/ws1.web_sales else null end 
       > case when ss1.store_sales > 0 then ss2.store_sales/ss1.store_sales else null end
    and case when ws2.web_sales > 0 then ws3.web_sales/ws2.web_sales else null end
       > case when ss2.store_sales > 0 then ss3.store_sales/ss2.store_sales else null end
 order by store_q1_q2_increase;
Sort  (cost=548558.56..548558.56 rows=1 width=114) (actual time=10909.572..10909.583 rows=31 loops=1)
  Sort Key: ((ss2.store_sales / ss1.store_sales))
  Sort Method: quicksort  Memory: 27kB
  CTE ss
    ->  HashAggregate  (cost=240213.41..290939.49 rows=1484184 width=30) (actual time=2073.957..2081.508 rows=35244 loops=1)
          Group Key: customer_address.ca_county, date_dim.d_qoy, date_dim.d_year
          Planned Partitions: 8  Batches: 1  Memory Usage: 10257kB
          ->  Hash Join  (cost=5321.60..122000.46 rows=2624676 width=30) (actual time=34.351..1466.669 rows=2683446 loops=1)
                Hash Cond: (store_sales.ss_sold_date_sk = date_dim.d_date_sk)
                ->  Hash Join  (cost=2273.00..111739.81 rows=2747297 width=30) (actual time=13.009..1025.284 rows=2748537 loops=1)
                      Hash Cond: (store_sales.ss_addr_sk = customer_address.ca_address_sk)
                      ->  Seq Scan on store_sales  (cost=0.00..101911.56 rows=2877956 width=24) (actual time=0.004..212.442 rows=2877928 loops=1)
                      ->  Hash  (cost=1648.00..1648.00 rows=50000 width=22) (actual time=12.963..12.965 rows=50000 loops=1)
                            Buckets: 65536  Batches: 1  Memory Usage: 3298kB
                            ->  Seq Scan on customer_address  (cost=0.00..1648.00 rows=50000 width=22) (actual time=0.004..6.761 rows=50000 loops=1)
                ->  Hash  (cost=2135.49..2135.49 rows=73049 width=16) (actual time=21.261..21.262 rows=73049 loops=1)
                      Buckets: 131072  Batches: 1  Memory Usage: 4449kB
                      ->  Seq Scan on date_dim  (cost=0.00..2135.49 rows=73049 width=16) (actual time=0.008..11.703 rows=73049 loops=1)
  CTE ws
    ->  HashAggregate  (cost=75331.81..92356.29 rows=719186 width=30) (actual time=594.025..599.175 rows=23366 loops=1)
          Group Key: customer_address_1.ca_county, date_dim_1.d_qoy, date_dim_1.d_year
          Planned Partitions: 4  Batches: 1  Memory Usage: 9233kB
          ->  Hash Join  (cost=5321.60..42940.34 rows=719186 width=30) (actual time=33.845..431.477 rows=719212 loops=1)
                Hash Cond: (web_sales.ws_sold_date_sk = date_dim_1.d_date_sk)
                ->  Hash Join  (cost=2273.00..38003.51 rows=719282 width=30) (actual time=13.161..301.129 rows=719288 loops=1)
                      Hash Cond: (web_sales.ws_bill_addr_sk = customer_address_1.ca_address_sk)
                      ->  Seq Scan on web_sales  (cost=0.00..33841.74 rows=719474 width=24) (actual time=0.005..62.512 rows=719474 loops=1)
                      ->  Hash  (cost=1648.00..1648.00 rows=50000 width=22) (actual time=13.117..13.118 rows=50000 loops=1)
                            Buckets: 65536  Batches: 1  Memory Usage: 3298kB
                            ->  Seq Scan on customer_address customer_address_1  (cost=0.00..1648.00 rows=50000 width=22) (actual time=0.004..6.923 rows=50000 loops=1)
                ->  Hash  (cost=2135.49..2135.49 rows=73049 width=16) (actual time=20.622..20.622 rows=73049 loops=1)
                      Buckets: 131072  Batches: 1  Memory Usage: 4449kB
                      ->  Seq Scan on date_dim date_dim_1  (cost=0.00..2135.49 rows=73049 width=16) (actual time=0.006..11.280 rows=73049 loops=1)
  ->  Nested Loop  (cost=0.00..165262.76 rows=1 width=114) (actual time=3324.563..10909.551 rows=31 loops=1)
        Join Filter: (((ss1.ca_county)::text = (ws2.ca_county)::text) AND (CASE WHEN (ws1.web_sales > '0'::double precision) THEN (ws2.web_sales / ws1.web_sales) ELSE NULL::double precision END > CASE WHEN (ss1.store_sales > '0'::double precision) THEN (ss2.store_sales / ss1.store_sales) ELSE NULL::double precision END) AND (CASE WHEN (ws2.web_sales > '0'::double precision) THEN (ws3.web_sales / ws2.web_sales) ELSE NULL::double precision END > CASE WHEN (ss2.store_sales > '0'::double precision) THEN (ss3.store_sales / ss2.store_sales) ELSE NULL::double precision END))
        Rows Removed by Join Filter: 574049
        ->  Nested Loop  (cost=0.00..147282.43 rows=1 width=434) (actual time=2691.919..9796.662 rows=598 loops=1)
              Join Filter: ((ss1.ca_county)::text = (ss3.ca_county)::text)
              Rows Removed by Join Filter: 1083002
              ->  Nested Loop  (cost=0.00..110177.37 rows=1 width=348) (actual time=2681.377..8086.611 rows=602 loops=1)
                    Join Filter: ((ss1.ca_county)::text = (ss2.ca_county)::text)
                    Rows Removed by Join Filter: 1057202
                    ->  Nested Loop  (cost=0.00..73072.31 rows=1 width=262) (actual time=2677.169..6294.397 rows=638 loops=1)
                          Join Filter: ((ws1.ca_county)::text = (ss1.ca_county)::text)
                          Rows Removed by Join Filter: 1133030
                          ->  Nested Loop  (cost=0.00..35966.41 rows=2 width=172) (actual time=603.186..2307.546 rows=674 loops=1)
                                Join Filter: ((ws1.ca_county)::text = (ws3.ca_county)::text)
                                Rows Removed by Join Filter: 1145222
                                ->  CTE Scan on ws ws1  (cost=0.00..17979.65 rows=18 width=86) (actual time=594.043..595.899 rows=908 loops=1)
                                      Filter: ((d_qoy = 1) AND (d_year = 2001))
                                      Rows Removed by Filter: 22458
                                ->  CTE Scan on ws ws3  (cost=0.00..17979.65 rows=18 width=86) (actual time=0.002..1.809 rows=1262 loops=908)
                                      Filter: ((d_year = 2001) AND (d_qoy = 3))
                                      Rows Removed by Filter: 22104
                          ->  CTE Scan on ss ss1  (cost=0.00..37104.60 rows=37 width=90) (actual time=3.080..5.815 rows=1682 loops=674)
                                Filter: ((d_qoy = 1) AND (d_year = 2001))
                                Rows Removed by Filter: 33562
                    ->  CTE Scan on ss ss2  (cost=0.00..37104.60 rows=37 width=86) (actual time=0.001..2.710 rows=1658 loops=638)
                          Filter: ((d_year = 2001) AND (d_qoy = 2))
                          Rows Removed by Filter: 33586
              ->  CTE Scan on ss ss3  (cost=0.00..37104.60 rows=37 width=86) (actual time=0.000..2.733 rows=1800 loops=602)
                    Filter: ((d_year = 2001) AND (d_qoy = 3))
                    Rows Removed by Filter: 33444
        ->  CTE Scan on ws ws2  (cost=0.00..17979.65 rows=18 width=86) (actual time=0.001..1.789 rows=960 loops=598)
              Filter: ((d_year = 2001) AND (d_qoy = 2))
              Rows Removed by Filter: 22406
    ca_county     | d_year | web_q1_q2_increase | store_q1_q2_increase | web_q2_q3_increase | store_q2_q3_increase 
------------------+--------+--------------------+----------------------+--------------------+----------------------
 Troup County     |   2001 | 0.4023167074595407 |   0.2735445580085279 |  7.701621574616055 |    3.755423520819968
 Cuming County    |   2001 | 0.7166908886316545 |   0.4547645743265217 | 1.3845547234259337 |   0.1640537380128201
 Camden County    |   2001 |  1.607925672329924 |  0.48206065971913303 |  4.626647235975955 |    1.998244568023585
 Lapeer County    |   2001 |  2.379670131995773 |   0.4821467568539268 | 4.0775983745244035 |   3.5676977500354963
 Forest County    |   2001 | 0.9484309280039085 |    0.492154305789295 |   16.4061830014325 |   3.1446584739786423
 Defiance County  |   2001 | 1.0442506376399887 |  0.49689073119082205 | 2.0638447004908094 |   0.8454128069984937
 Bristol County   |   2001 |  0.762562583946707 |   0.5007289618955456 |  5.696359010697459 |    2.366772938357781
 Phillips County  |   2001 | 0.7399683950137375 |   0.5787455710922608 |  2.762707642838078 |   2.5236562209029416
 Allen County     |   2001 | 0.8803502773701898 |   0.6008732906763855 | 1.9197156629802252 |   1.5965750391080626
 Sussex County    |   2001 | 0.7544338657128182 |   0.6545967851418795 |  5.364450470033033 |   2.4386113963777087
 Orange County    |   2001 | 0.8820302560977059 |   0.6554179245975659 |  6.882857291763936 |   1.6817343627918333
 Anderson County  |   2001 | 0.8780165740987518 |    0.665010667764832 |  9.299521599927832 |   1.5754401542223793
 Hart County      |   2001 | 0.8459872405033605 |   0.6727324071474595 | 2.4804928506954145 |   1.3462185484372573
 Terrell County   |   2001 |   2.45453860870141 |   0.6805465893387993 | 2.1981364517921516 |    1.465664871214288
 Sherman County   |   2001 |  1.492212732513551 |   0.6849696709081793 | 1.7882999180195553 |    1.648947370423563
 Adams County     |   2001 | 1.2282524706931577 |   0.8191376816336693 |  2.426992112648865 |   1.9058817513208934
 Sullivan County  |   2001 |  2.292279171838772 |   0.8192406035131624 | 2.7004815719668263 |   1.8996516413088897
 Van Buren County |   2001 |   1.30927902380973 |   0.8871282037148018 |   3.13380983719903 |     2.56713586091628
 Jasper County    |   2001 |  1.488417883813092 |   0.9183847094856522 | 1.7695231758501182 |   1.3041642162411327
 Armstrong County |   2001 | 1.0881133863149446 |    1.061335115036957 | 5.5034050568300845 |    2.734439696145988
 Gates County     |   2001 | 1.4663573344843368 |   1.1076410210932766 | 2.8710937995610086 |   1.8724024200187823
 Sumner County    |   2001 | 1.5153902095736353 |    1.150809885920778 |  4.225698062238857 |   0.7396162021214392
 Gaines County    |   2001 | 2.8061050192172856 |      1.1781468611183 |  3.731425196064294 |   2.8537094534891523
 McLean County    |   2001 |  3.138490008146352 |   1.1878045514927973 |  1.919630062115623 |   1.5004681559107136
 Ottawa County    |   2001 |  2.359371818564739 |     1.21125946451864 | 1.9905131836822072 |   1.4817717307193647
 Carroll County   |   2001 | 1.9719559626187024 |   1.2268766054697011 |  3.380755967319649 |    1.900836458292503
 Polk County      |   2001 | 2.5167586746729804 |   1.3273061866934943 |  3.380136262925621 |   1.1987091855176053
 Bonner County    |   2001 | 1.5424275299145929 |     1.36869853882853 | 0.8351506629744796 |  0.06743131403885777
 Fairfield County |   2001 | 1.9121273329011563 |   1.4829779084674448 | 1.1982172827998163 |    1.025597588738335
 Routt County     |   2001 |   2.08337646697175 |   1.4884249308504678 | 0.9979016861044548 |   0.7992619905743968
 Mills County     |   2001 |  2.260754934431652 |   1.9053950076216828 |  2.429438485217594 |   1.6933316435739725
(31 rows)

UPDATE time_statistics SET e_time = TRANSACTION_TIMESTAMP() WHERE template = 'query31.tpl' AND stream = 4;
psql:/tmp/s1-basline/throughput/query_4.sql:4336: NOTICE:  duration: 0.060 ms  plan:
Query Text: UPDATE time_statistics SET e_time = TRANSACTION_TIMESTAMP() WHERE template = 'query31.tpl' AND stream = 4;
Update on time_statistics  (cost=0.00..7.87 rows=0 width=0) (actual time=0.060..0.060 rows=0 loops=1)
  ->  Seq Scan on time_statistics  (cost=0.00..7.87 rows=1 width=14) (actual time=0.046..0.046 rows=1 loops=1)
        Filter: ((template = 'query31.tpl'::text) AND (stream = 4))
        Rows Removed by Filter: 267
UPDATE 1
LOAD 'auto_explain'; SET auto_explain.log_min_duration TO 0; SET auto_explain.log_analyze TO on; SET auto_explain.log_level TO notice; INSERT INTO time_statistics (template, s_time, stream, query, seed) VALUES ('query57.tpl', TRANSACTION_TIMESTAMP(), 4, 89, 1914136250);
LOAD
SET
SET
SET
psql:/tmp/s1-basline/throughput/query_4.sql:4337: NOTICE:  duration: 0.008 ms  plan:
Query Text: INSERT INTO time_statistics (template, s_time, stream, query, seed) VALUES ('query57.tpl', TRANSACTION_TIMESTAMP(), 4, 89, 1914136250);
Insert on time_statistics  (cost=0.00..0.01 rows=0 width=0) (actual time=0.008..0.008 rows=0 loops=1)
  ->  Result  (cost=0.00..0.01 rows=1 width=64) (actual time=0.001..0.001 rows=1 loops=1)
INSERT 0 1
with v1 as(
 select i_category, i_brand,
        cc_name,
        d_year, d_moy,
        sum(cs_sales_price) sum_sales,
        avg(sum(cs_sales_price)) over
          (partition by i_category, i_brand,
                     cc_name, d_year)
          avg_monthly_sales,
        rank() over
          (partition by i_category, i_brand,
                     cc_name
           order by d_year, d_moy) rn
 from item, catalog_sales, date_dim, call_center
 where cs_item_sk = i_item_sk and
       cs_sold_date_sk = d_date_sk and
       cc_call_center_sk= cs_call_center_sk and
       (
         d_year = 2001 or
         ( d_year = 2001-1 and d_moy =12) or
         ( d_year = 2001+1 and d_moy =1)
       )
 group by i_category, i_brand,
          cc_name , d_year, d_moy),
 v2 as(
 select v1.cc_name
        ,v1.d_year, v1.d_moy
        ,v1.avg_monthly_sales
        ,v1.sum_sales, v1_lag.sum_sales psum, v1_lead.sum_sales nsum
 from v1, v1 v1_lag, v1 v1_lead
 where v1.i_category = v1_lag.i_category and
       v1.i_category = v1_lead.i_category and
       v1.i_brand = v1_lag.i_brand and
       v1.i_brand = v1_lead.i_brand and
       v1. cc_name = v1_lag. cc_name and
       v1. cc_name = v1_lead. cc_name and
       v1.rn = v1_lag.rn + 1 and
       v1.rn = v1_lead.rn - 1)
  select  *
 from v2
 where  d_year = 2001 and
        avg_monthly_sales > 0 and
        case when avg_monthly_sales > 0 then abs(sum_sales - avg_monthly_sales) / avg_monthly_sales else null end > 0.1
 order by sum_sales - avg_monthly_sales, psum
 limit 100;
psql:/tmp/s1-basline/throughput/query_4.sql:4382: NOTICE:  duration: 1498.374 ms  plan:
Query Text: with v1 as(
 select i_category, i_brand,
        cc_name,
        d_year, d_moy,
        sum(cs_sales_price) sum_sales,
        avg(sum(cs_sales_price)) over
          (partition by i_category, i_brand,
                     cc_name, d_year)
          avg_monthly_sales,
        rank() over
          (partition by i_category, i_brand,
                     cc_name
           order by d_year, d_moy) rn
 from item, catalog_sales, date_dim, call_center
 where cs_item_sk = i_item_sk and
       cs_sold_date_sk = d_date_sk and
       cc_call_center_sk= cs_call_center_sk and
       (
         d_year = 2001 or
         ( d_year = 2001-1 and d_moy =12) or
         ( d_year = 2001+1 and d_moy =1)
       )
 group by i_category, i_brand,
          cc_name , d_year, d_moy),
 v2 as(
 select v1.cc_name
        ,v1.d_year, v1.d_moy
        ,v1.avg_monthly_sales
        ,v1.sum_sales, v1_lag.sum_sales psum, v1_lead.sum_sales nsum
 from v1, v1 v1_lag, v1 v1_lead
 where v1.i_category = v1_lag.i_category and
       v1.i_category = v1_lead.i_category and
       v1.i_brand = v1_lag.i_brand and
       v1.i_brand = v1_lead.i_brand and
       v1. cc_name = v1_lag. cc_name and
       v1. cc_name = v1_lead. cc_name and
       v1.rn = v1_lag.rn + 1 and
       v1.rn = v1_lead.rn - 1)
  select  *
 from v2
 where  d_year = 2001 and
        avg_monthly_sales > 0 and
        case when avg_monthly_sales > 0 then abs(sum_sales - avg_monthly_sales) / avg_monthly_sales else null end > 0.1
 order by sum_sales - avg_monthly_sales, psum
 limit 100;
Limit  (cost=28662.21..28662.22 rows=1 width=166) (actual time=1498.262..1498.280 rows=100 loops=1)
  CTE v1
    ->  WindowAgg  (cost=27133.59..27753.24 rows=8262 width=146) (actual time=1095.568..1430.932 rows=25324 loops=1)
          ->  WindowAgg  (cost=27133.59..27567.35 rows=8262 width=138) (actual time=1095.553..1410.635 rows=25324 loops=1)
                ->  GroupAggregate  (cost=27133.59..27360.80 rows=8262 width=130) (actual time=1095.540..1385.227 rows=25324 loops=1)
                      Group Key: item.i_category, item.i_brand, call_center.cc_name, date_dim.d_year, date_dim.d_moy
                      ->  Sort  (cost=27133.59..27154.25 rows=8262 width=130) (actual time=1095.525..1271.465 rows=346257 loops=1)
                            Sort Key: item.i_category, item.i_brand, call_center.cc_name, date_dim.d_year, date_dim.d_moy
                            Sort Method: external merge  Disk: 48456kB
                            ->  Hash Join  (cost=1662.56..26596.05 rows=8262 width=130) (actual time=15.259..273.364 rows=346257 loops=1)
                                  Hash Cond: (catalog_sales.cs_call_center_sk = call_center.cc_call_center_sk)
                                  ->  Hash Join  (cost=1661.43..26557.80 rows=8305 width=126) (actual time=15.249..219.016 rows=347120 loops=1)
                                        Hash Cond: (catalog_sales.cs_item_sk = item.i_item_sk)
                                        ->  Nested Loop  (cost=0.43..24875.00 rows=8305 width=32) (actual time=5.162..138.792 rows=347120 loops=1)
                                              ->  Seq Scan on date_dim  (cost=0.00..3048.60 rows=424 width=16) (actual time=5.148..10.373 rows=427 loops=1)
                                                    Filter: ((d_year = 2001) OR ((d_year = 2000) AND (d_moy = 12)) OR ((d_year = 2002) AND (d_moy = 1)))
                                                    Rows Removed by Filter: 72622
                                              ->  Index Scan using i_cs_sold_date_sk on catalog_sales  (cost=0.43..43.66 rows=782 width=32) (actual time=0.004..0.138 rows=813 loops=427)
                                                    Index Cond: (cs_sold_date_sk = date_dim.d_date_sk)
                                        ->  Hash  (cost=1436.00..1436.00 rows=18000 width=110) (actual time=10.067..10.068 rows=18000 loops=1)
                                              Buckets: 32768  Batches: 1  Memory Usage: 2783kB
                                              ->  Seq Scan on item  (cost=0.00..1436.00 rows=18000 width=110) (actual time=0.003..6.702 rows=18000 loops=1)
                                  ->  Hash  (cost=1.06..1.06 rows=6 width=20) (actual time=0.007..0.007 rows=6 loops=1)
                                        Buckets: 1024  Batches: 1  Memory Usage: 9kB
                                        ->  Seq Scan on call_center  (cost=0.00..1.06 rows=6 width=20) (actual time=0.003..0.004 rows=6 loops=1)
  ->  Sort  (cost=908.97..908.98 rows=1 width=166) (actual time=1498.261..1498.266 rows=100 loops=1)
        Sort Key: ((v1.sum_sales - v1.avg_monthly_sales)), v1_lag.sum_sales
        Sort Method: top-N heapsort  Memory: 48kB
        ->  Hash Join  (cost=609.45..908.96 rows=1 width=166) (actual time=1477.637..1494.234 rows=17922 loops=1)
              Hash Cond: ((v1_lead.i_category = v1.i_category) AND (v1_lead.i_brand = v1.i_brand) AND ((v1_lead.cc_name)::text = (v1.cc_name)::text) AND ((v1_lead.rn - 1) = v1.rn))
              ->  CTE Scan on v1 v1_lead  (cost=0.00..165.24 rows=8262 width=542) (actual time=1095.570..1097.585 rows=25324 loops=1)
              ->  Hash  (cost=609.43..609.43 rows=1 width=1100) (actual time=382.047..382.048 rows=18217 loops=1)
                    Buckets: 32768 (originally 1024)  Batches: 1 (originally 1)  Memory Usage: 5902kB
                    ->  Hash Join  (cost=309.93..609.43 rows=1 width=1100) (actual time=356.499..373.658 rows=18217 loops=1)
                          Hash Cond: ((v1_lag.i_category = v1.i_category) AND (v1_lag.i_brand = v1.i_brand) AND ((v1_lag.cc_name)::text = (v1.cc_name)::text) AND ((v1_lag.rn + 1) = v1.rn))
                          ->  CTE Scan on v1 v1_lag  (cost=0.00..165.24 rows=8262 width=542) (actual time=0.001..2.393 rows=25324 loops=1)
                          ->  Hash  (cost=309.83..309.83 rows=5 width=558) (actual time=356.486..356.486 rows=18350 loops=1)
                                Buckets: 32768 (originally 1024)  Batches: 1 (originally 1)  Memory Usage: 3554kB
                                ->  CTE Scan on v1  (cost=0.00..309.83 rows=5 width=558) (actual time=0.130..348.841 rows=18708 loops=1)
                                      Filter: ((avg_monthly_sales > '0'::double precision) AND (d_year = 2001) AND (CASE WHEN (avg_monthly_sales > '0'::double precision) THEN (abs((sum_sales - avg_monthly_sales)) / avg_monthly_sales) ELSE NULL::double precision END > '0.1'::double precision))
                                      Rows Removed by Filter: 6616
    cc_name    | d_year | d_moy | avg_monthly_sales  |     sum_sales      |        psum        |        nsum        
---------------+--------+-------+--------------------+--------------------+--------------------+--------------------
 North Midwest |   2001 |     3 |  10656.22833333333 | 3910.7800000000007 |  5285.309999999999 |  6760.089999999999
 NY Metro      |   2001 |     4 |  10259.62583333333 | 3586.2999999999993 |  6901.850000000002 |  7128.639999999998
 Mid Atlantic  |   2001 |     4 | 10744.669166666667 |  4854.899999999999 |  5660.919999999999 |  6304.799999999998
 Mid Atlantic  |   2001 |     5 | 10598.954166666668 |  4769.509999999997 |  5934.250000000001 |            5838.69
 NY Metro      |   2001 |     6 |  10805.42333333333 |  5145.029999999998 |            6427.42 |  5970.190000000001
 Mid Atlantic  |   2001 |     1 | 10860.906666666671 |  5233.060000000002 | 16016.449999999997 |  6818.689999999999
 NY Metro      |   2001 |     3 |  10805.42333333333 |            5209.38 |  6568.469999999999 | 5230.1399999999985
 NY Metro      |   2001 |     5 | 10521.951666666666 |  4929.140000000001 |            5568.72 |            6785.12
 NY Metro      |   2001 |     4 |  10805.42333333333 | 5230.1399999999985 |            5209.38 |            6427.42
 North Midwest |   2001 |     7 | 10380.901666666667 |            4843.75 |  6995.869999999999 | 14913.230000000001
 North Midwest |   2001 |     5 |  9765.823333333332 |            4273.49 |  7088.830000000002 |  6796.340000000002
 North Midwest |   2001 |     7 |  10656.22833333333 | 5181.9500000000035 |  6040.430000000003 | 15248.019999999995
 NY Metro      |   2001 |     5 | 10202.100833333336 |  4741.779999999999 |  5168.969999999999 |            5264.17
 Mid Atlantic  |   2001 |     2 |          9891.3925 |            4433.29 |  5498.670000000001 |            4495.42
 NY Metro      |   2001 |     6 |  10259.62583333333 |            4815.69 |  7128.639999999998 |  5562.230000000001
 North Midwest |   2001 |     1 | 10300.661666666667 |  4867.419999999997 | 15286.169999999995 |  6557.619999999998
 Mid Atlantic  |   2001 |     4 |  9912.386666666667 |  4483.930000000002 |  5702.629999999998 |  5987.170000000003
 Mid Atlantic  |   2001 |     1 | 10598.954166666668 |  5179.220000000002 | 13844.310000000001 |  6318.370000000001
 Mid Atlantic  |   2001 |     3 |          9891.3925 |            4495.42 |            4433.29 |  4920.680000000001
 NY Metro      |   2001 |     6 |            9710.08 |            4317.61 |  7078.929999999997 |  5692.930000000002
 NY Metro      |   2001 |     2 |           9819.155 |            4430.46 |            6650.77 |  5980.689999999999
 North Midwest |   2001 |     3 | 10594.713333333335 | 5209.4000000000015 |            6331.94 |            7196.93
 North Midwest |   2001 |     2 |  10656.22833333333 |  5285.309999999999 |  6839.170000000004 | 3910.7800000000007
 Mid Atlantic  |   2001 |     6 | 10189.992500000002 |             4858.8 |  7357.880000000004 |  6059.659999999997
 NY Metro      |   2001 |     2 |  9320.987500000001 | 3990.4700000000007 |            5157.81 | 7128.4800000000005
 North Midwest |   2001 |     5 |  9607.282500000003 |  4299.040000000001 |  7407.840000000001 |  5427.300000000003
 NY Metro      |   2001 |     2 |  9842.264166666668 |  4548.390000000001 |            5949.91 |  4850.729999999999
 NY Metro      |   2001 |     6 |  9172.585833333333 | 3900.1400000000003 | 4705.7800000000025 |  5779.430000000002
 North Midwest |   2001 |     3 |  9607.282500000003 |  4386.199999999999 |  6139.540000000002 |  7407.840000000001
 NY Metro      |   2001 |     6 |  9842.264166666668 |  4621.719999999999 |  5109.690000000002 |  6698.580000000002
 Mid Atlantic  |   2001 |     3 |          9270.4525 | 4051.1599999999976 |            4518.98 |  4865.619999999999
 NY Metro      |   2001 |     5 | 10519.855833333333 |  5311.729999999999 |  6319.079999999997 |            5889.58
 NY Metro      |   2001 |     2 |  9634.835000000001 |  4433.750000000001 |            6219.73 |  5672.760000000005
 NY Metro      |   2001 |     3 | 10519.855833333333 |  5336.700000000002 |            5800.12 |  6319.079999999997
 North Midwest |   2001 |     2 | 10014.679999999998 |            4831.88 | 5392.7699999999995 |  6282.890000000004
 North Midwest |   2001 |     5 |  9315.312499999998 |  4147.860000000001 |  6365.389999999997 |  4296.740000000001
 Mid Atlantic  |   2001 |     2 |  9462.764999999996 |            4296.64 |  6356.369999999999 |  6404.999999999999
 NY Metro      |   2001 |     7 |           9819.155 |            4653.97 |  5578.030000000002 | 15163.289999999994
 North Midwest |   2001 |     1 | 10388.854166666666 |  5233.379999999998 |           13426.67 |             6212.3
 North Midwest |   2001 |     6 | 10594.713333333335 |            5444.84 |  7066.369999999997 |  6948.310000000001
 North Midwest |   2001 |     2 | 10380.901666666667 |  5279.719999999999 |  7522.990000000001 |            6392.66
 North Midwest |   2001 |     7 | 10573.844166666664 | 5475.5599999999995 |  6833.130000000001 | 14432.270000000004
 Mid Atlantic  |   2001 |     2 |  9912.386666666667 |  4818.040000000002 |  6675.839999999999 |  5702.629999999998
 Mid Atlantic  |   2001 |     6 |          9891.3925 |  4806.979999999997 |  5108.589999999998 |  6610.050000000001
 Mid Atlantic  |   2001 |     3 | 10744.669166666667 |  5660.919999999999 |            6059.87 |  4854.899999999999
 Mid Atlantic  |   2001 |     4 |  9882.555833333334 |            4806.47 |  5635.490000000001 | 5682.5700000000015
 Mid Atlantic  |   2001 |     5 | 10453.681666666667 |            5384.38 |            6145.99 |  5689.559999999999
 NY Metro      |   2001 |     7 | 10299.384166666669 |  5233.959999999998 |  5554.189999999998 | 12102.419999999998
 NY Metro      |   2001 |     4 | 10202.100833333336 |  5168.969999999999 |  7635.729999999998 |  4741.779999999999
 North Midwest |   2001 |     6 |  9315.312499999998 |  4296.740000000001 |  4147.860000000001 |  5434.390000000001
 Mid Atlantic  |   2001 |     7 |  10250.41333333333 |  5232.440000000002 |  5963.089999999997 | 13349.990000000003
 Mid Atlantic  |   2001 |     7 | 10598.954166666668 |             5588.3 |            5838.69 | 14217.379999999996
 Mid Atlantic  |   2001 |     4 | 10504.932499999999 |            5504.81 | 5863.8200000000015 |            6762.21
 NY Metro      |   2001 |     6 |            9954.53 | 4955.4299999999985 |  6718.779999999997 |  7102.210000000001
 North Midwest |   2001 |     2 | 10573.844166666664 |            5580.65 | 6900.2199999999975 |  6147.649999999998
 NY Metro      |   2001 |     3 |  9842.264166666668 |  4850.729999999999 |  4548.390000000001 |  6324.569999999998
 NY Metro      |   2001 |     2 |            9903.46 |  4931.089999999999 |  6945.650000000002 |            6300.44
 North Midwest |   2001 |     6 |  8987.156666666668 |            4015.04 | 5276.0599999999995 |            5913.89
 Mid Atlantic  |   2001 |     4 |          9891.3925 |  4920.680000000001 |            4495.42 |  5108.589999999998
 Mid Atlantic  |   2001 |     2 |  9273.189999999997 |  4306.870000000001 |  6232.960000000001 |            4892.07
 NY Metro      |   2001 |     1 | 10519.855833333333 | 5557.1100000000015 | 17133.249999999993 |            5800.12
 Mid Atlantic  |   2001 |     7 | 10860.906666666671 |  5904.470000000002 |            7109.18 | 13856.139999999996
 NY Metro      |   2001 |     4 | 10521.951666666666 |            5568.72 |  6283.250000000001 |  4929.140000000001
 Mid Atlantic  |   2001 |     1 |  10250.41333333333 |  5300.780000000001 | 15966.699999999992 |            5992.88
 NY Metro      |   2001 |     2 |         10092.3775 |  5148.840000000001 |            6232.03 | 6065.8499999999985
 NY Metro      |   2001 |     5 |           9819.155 |  4876.620000000001 |  5785.529999999999 |  5578.030000000002
 NY Metro      |   2001 |     6 | 10202.100833333336 |            5264.17 |  4741.779999999999 |  6839.520000000002
 North Midwest |   2001 |     1 | 10594.713333333335 |  5666.880000000002 | 17018.390000000007 |            6331.94
 North Midwest |   2001 |     4 |  9632.050833333335 |            4709.42 |  6824.380000000004 |  5806.160000000003
 NY Metro      |   2001 |     4 |            9954.53 |  5035.790000000002 |  5820.700000000001 |  6718.779999999997
 NY Metro      |   2001 |     2 | 10521.951666666666 |  5604.540000000002 |  6945.809999999999 |  6283.250000000001
 Mid Atlantic  |   2001 |     2 |  9882.555833333334 |  4972.349999999999 |  5220.669999999998 |  5635.490000000001
 North Midwest |   2001 |     2 |  9315.312499999998 |  4405.980000000001 |  4870.109999999996 |  4957.250000000002
 NY Metro      |   2001 |     2 |  10259.62583333333 |            5372.02 |  6794.340000000002 |  6901.850000000002
 NY Metro      |   2001 |     7 |         10092.3775 |  5213.140000000002 |  5677.520000000003 |           13032.76
 North Midwest |   2001 |     4 | 10388.854166666666 |  5513.460000000001 | 6671.1799999999985 |  6685.449999999996
 North Midwest |   2001 |     7 |  9632.050833333335 |  4763.719999999998 |            4939.84 | 11348.030000000004
 Mid Atlantic  |   2001 |     4 | 10189.992500000002 |            5345.51 |            5580.23 |  7357.880000000004
 NY Metro      |   2001 |     7 |  10805.42333333333 |  5970.190000000001 |  5145.029999999998 | 13032.489999999998
 NY Metro      |   2001 |     2 |  9432.418333333335 |  4597.339999999999 |  6734.910000000001 |  6439.059999999999
 North Midwest |   2001 |     5 |  8870.135833333332 | 4046.2899999999986 |  5657.709999999998 |  5043.140000000001
 NY Metro      |   2001 |     4 |  9655.176666666666 |  4832.540000000002 |            5321.89 |  7079.010000000002
 Mid Atlantic  |   2001 |     7 |  9462.764999999996 |  4665.580000000002 | 4674.5700000000015 |           14092.35
 North Midwest |   2001 |     6 | 10300.661666666667 |  5511.920000000001 |             6268.8 | 6621.0199999999995
 Mid Atlantic  |   2001 |     6 |  9462.764999999996 | 4674.5700000000015 |            6099.47 |  4665.580000000002
 NY Metro      |   2001 |     2 |  9655.176666666666 |  4867.360000000001 |  5539.219999999998 |            5321.89
 Mid Atlantic  |   2001 |     6 |  9882.555833333334 |  5094.949999999998 | 5682.5700000000015 |  6956.659999999999
 Mid Atlantic  |   2001 |     5 |          9891.3925 |  5108.589999999998 |  4920.680000000001 |  4806.979999999997
 NY Metro      |   2001 |     4 |  9346.779166666665 |  4567.060000000001 |  7515.730000000004 |  5539.929999999998
 Mid Atlantic  |   2001 |     6 | 10453.681666666667 |  5689.559999999999 |            5384.38 |  5754.179999999999
 Mid Atlantic  |   2001 |     7 | 10043.295833333335 |            5280.52 |  6072.200000000001 | 12404.860000000002
 Mid Atlantic  |   2001 |     2 | 10043.295833333335 | 5281.2999999999965 |  6432.239999999999 |  6730.489999999998
 Mid Atlantic  |   2001 |     7 | 10504.932499999999 |  5743.900000000001 |  6697.240000000001 | 13803.489999999993
 Mid Atlantic  |   2001 |     6 | 10598.954166666668 |            5838.69 |  4769.509999999997 |             5588.3
 North Midwest |   2001 |     7 | 10331.574166666667 |  5579.260000000001 |  6421.569999999999 | 12331.869999999992
 Mid Atlantic  |   2001 |     2 |          9270.4525 |            4518.98 |            6251.62 | 4051.1599999999976
 NY Metro      |   2001 |     6 | 10299.384166666669 |  5554.189999999998 |  6531.099999999999 |  5233.959999999998
 Mid Atlantic  |   2001 |     4 |  9189.184166666668 |            4452.09 |            5452.26 |  4573.479999999999
 NY Metro      |   2001 |     5 |  9842.264166666668 |  5109.690000000002 |  6324.569999999998 |  4621.719999999999
 North Midwest |   2001 |     5 |   9542.43666666667 | 4818.0700000000015 |  5070.009999999999 |  6376.320000000001
(100 rows)

UPDATE time_statistics SET e_time = TRANSACTION_TIMESTAMP() WHERE template = 'query57.tpl' AND stream = 4;
psql:/tmp/s1-basline/throughput/query_4.sql:4384: NOTICE:  duration: 0.065 ms  plan:
Query Text: UPDATE time_statistics SET e_time = TRANSACTION_TIMESTAMP() WHERE template = 'query57.tpl' AND stream = 4;
Update on time_statistics  (cost=0.00..7.87 rows=0 width=0) (actual time=0.064..0.065 rows=0 loops=1)
  ->  Seq Scan on time_statistics  (cost=0.00..7.87 rows=1 width=14) (actual time=0.047..0.048 rows=1 loops=1)
        Filter: ((template = 'query57.tpl'::text) AND (stream = 4))
        Rows Removed by Filter: 268
UPDATE 1
LOAD 'auto_explain'; SET auto_explain.log_min_duration TO 0; SET auto_explain.log_analyze TO on; SET auto_explain.log_level TO notice; INSERT INTO time_statistics (template, s_time, stream, query, seed) VALUES ('query30.tpl', TRANSACTION_TIMESTAMP(), 4, 90, 1137424794);
LOAD
SET
SET
SET
psql:/tmp/s1-basline/throughput/query_4.sql:4385: NOTICE:  duration: 0.008 ms  plan:
Query Text: INSERT INTO time_statistics (template, s_time, stream, query, seed) VALUES ('query30.tpl', TRANSACTION_TIMESTAMP(), 4, 90, 1137424794);
Insert on time_statistics  (cost=0.00..0.01 rows=0 width=0) (actual time=0.008..0.008 rows=0 loops=1)
  ->  Result  (cost=0.00..0.01 rows=1 width=64) (actual time=0.001..0.002 rows=1 loops=1)
INSERT 0 1
with customer_total_return as
 (select wr_returning_customer_sk as ctr_customer_sk
        ,ca_state as ctr_state, 
 	sum(wr_return_amt) as ctr_total_return
 from web_returns
     ,date_dim
     ,customer_address
 where wr_returned_date_sk = d_date_sk 
   and d_year =2001
   and wr_returning_addr_sk = ca_address_sk 
 group by wr_returning_customer_sk
         ,ca_state)
  select  c_customer_id,c_salutation,c_first_name,c_last_name,c_preferred_cust_flag
       ,c_birth_day,c_birth_month,c_birth_year,c_birth_country,c_login,c_email_address
       ,c_last_review_date_sk,ctr_total_return
 from customer_total_return ctr1
     ,customer_address
     ,customer
 where ctr1.ctr_total_return > (select avg(ctr_total_return)*1.2
 			  from customer_total_return ctr2 
                  	  where ctr1.ctr_state = ctr2.ctr_state)
       and ca_address_sk = c_current_addr_sk
       and ca_state = 'FL'
       and ctr1.ctr_customer_sk = c_customer_sk
 order by c_customer_id,c_salutation,c_first_name,c_last_name,c_preferred_cust_flag
                  ,c_birth_day,c_birth_month,c_birth_year,c_birth_country,c_login,c_email_address
                  ,c_last_review_date_sk,ctr_total_return
limit 100;
psql:/tmp/s1-basline/throughput/query_4.sql:4413: NOTICE:  duration: 15563.707 ms  plan:
Query Text: with customer_total_return as
 (select wr_returning_customer_sk as ctr_customer_sk
        ,ca_state as ctr_state, 
 	sum(wr_return_amt) as ctr_total_return
 from web_returns
     ,date_dim
     ,customer_address
 where wr_returned_date_sk = d_date_sk 
   and d_year =2001
   and wr_returning_addr_sk = ca_address_sk 
 group by wr_returning_customer_sk
         ,ca_state)
  select  c_customer_id,c_salutation,c_first_name,c_last_name,c_preferred_cust_flag
       ,c_birth_day,c_birth_month,c_birth_year,c_birth_country,c_login,c_email_address
       ,c_last_review_date_sk,ctr_total_return
 from customer_total_return ctr1
     ,customer_address
     ,customer
 where ctr1.ctr_total_return > (select avg(ctr_total_return)*1.2
 			  from customer_total_return ctr2 
                  	  where ctr1.ctr_state = ctr2.ctr_state)
       and ca_address_sk = c_current_addr_sk
       and ca_state = 'FL'
       and ctr1.ctr_customer_sk = c_customer_sk
 order by c_customer_id,c_salutation,c_first_name,c_last_name,c_preferred_cust_flag
                  ,c_birth_day,c_birth_month,c_birth_year,c_birth_country,c_login,c_email_address
                  ,c_last_review_date_sk,ctr_total_return
limit 100;
Limit  (cost=7728.93..7728.93 rows=2 width=226) (actual time=15563.628..15563.637 rows=59 loops=1)
  CTE customer_total_return
    ->  GroupAggregate  (cost=5030.42..5036.94 rows=326 width=19) (actual time=40.782..45.837 rows=12844 loops=1)
          Group Key: web_returns.wr_returning_customer_sk, customer_address_1.ca_state
          ->  Sort  (cost=5030.42..5031.24 rows=326 width=19) (actual time=40.774..41.489 rows=13016 loops=1)
                Sort Key: web_returns.wr_returning_customer_sk, customer_address_1.ca_state
                Sort Method: quicksort  Memory: 1192kB
                ->  Nested Loop  (cost=0.58..5016.81 rows=326 width=19) (actual time=4.137..37.725 rows=13016 loops=1)
                      ->  Nested Loop  (cost=0.29..4905.30 rows=341 width=24) (actual time=4.131..17.341 rows=13311 loops=1)
                            ->  Seq Scan on date_dim  (cost=0.00..2318.11 rows=363 width=8) (actual time=4.123..8.510 rows=365 loops=1)
                                  Filter: (d_year = 2001)
                                  Rows Removed by Filter: 72684
                            ->  Index Scan using i_wr_returned_date_sk on web_returns  (cost=0.29..6.80 rows=33 width=32) (actual time=0.001..0.019 rows=36 loops=365)
                                  Index Cond: (wr_returned_date_sk = date_dim.d_date_sk)
                      ->  Index Scan using pk_customer_address on customer_address customer_address_1  (cost=0.29..0.33 rows=1 width=11) (actual time=0.001..0.001 rows=1 loops=13311)
                            Index Cond: (ca_address_sk = web_returns.wr_returning_addr_sk)
  ->  Sort  (cost=2691.98..2691.99 rows=2 width=226) (actual time=15563.627..15563.630 rows=59 loops=1)
        Sort Key: customer.c_customer_id, customer.c_salutation, customer.c_first_name, customer.c_last_name, customer.c_preferred_cust_flag, customer.c_birth_day, customer.c_birth_month, customer.c_birth_year, customer.c_birth_country, customer.c_login, customer.c_email_address, customer.c_last_review_date_sk, ctr1.ctr_total_return
        Sort Method: quicksort  Memory: 40kB
        ->  Nested Loop  (cost=0.58..2691.97 rows=2 width=226) (actual time=62.960..15563.490 rows=59 loops=1)
              ->  Nested Loop  (cost=0.29..2656.66 rows=109 width=234) (actual time=48.993..15556.735 rows=3221 loops=1)
                    ->  CTE Scan on customer_total_return ctr1  (cost=0.00..2405.07 rows=109 width=16) (actual time=48.982..15546.780 rows=3238 loops=1)
                          Filter: (ctr_total_return > (SubPlan 2))
                          Rows Removed by Filter: 9606
                          SubPlan 2
                            ->  Aggregate  (cost=7.34..7.36 rows=1 width=8) (actual time=1.207..1.207 rows=1 loops=12844)
                                  ->  CTE Scan on customer_total_return ctr2  (cost=0.00..7.33 rows=2 width=8) (actual time=0.030..1.178 rows=377 loops=12844)
                                        Filter: (ctr1.ctr_state = ctr_state)
                                        Rows Removed by Filter: 12467
                    ->  Index Scan using pk_customer on customer  (cost=0.29..2.31 rows=1 width=234) (actual time=0.002..0.002 rows=1 loops=3238)
                          Index Cond: (c_customer_sk = ctr1.ctr_customer_sk)
              ->  Index Scan using pk_customer_address on customer_address  (cost=0.29..0.32 rows=1 width=8) (actual time=0.002..0.002 rows=0 loops=3221)
                    Index Cond: (ca_address_sk = customer.c_current_addr_sk)
                    Filter: (ca_state = 'FL'::bpchar)
                    Rows Removed by Filter: 1
  c_customer_id   | c_salutation |     c_first_name     |          c_last_name           | c_preferred_cust_flag | c_birth_day | c_birth_month | c_birth_year |   c_birth_country    | c_login |                  c_email_address                   | c_last_review_date_sk | ctr_total_return 
------------------+--------------+----------------------+--------------------------------+-----------------------+-------------+---------------+--------------+----------------------+---------+----------------------------------------------------+-----------------------+------------------
 AAAAAAAAABDFAAAA | Miss         | Kathy                | Milne                          | N                     |           6 |             1 |         1931 | LEBANON              |         | Kathy.Milne@XdeAUsH.edu                            |               2452466 |          1641.96
 AAAAAAAAAIPHBAAA | Dr.          | George               | Rodriguez                      | Y                     |          21 |             6 |         1937 | ARMENIA              |         | George.Rodriguez@jBUj.org                          |               2452642 |          1876.03
 AAAAAAAAAOMIAAAA | Mrs.         | Julia                | Davis                          | Y                     |          15 |             9 |         1924 | CANADA               |         | Julia.Davis@DLBjYKL5iRq.org                        |               2452459 |           2218.5
 AAAAAAAABJDHBAAA | Mrs.         | Edith                | Johnson                        | Y                     |           7 |             7 |         1957 | MOZAMBIQUE           |         | Edith.Johnson@SIFLjemuuf2rV.com                    |               2452540 |          5248.88
 AAAAAAAACFJCBAAA | Ms.          | Sarah                | Pritchett                      | Y                     |          14 |             3 |         1968 | TRINIDAD AND TOBAGO  |         | Sarah.Pritchett@qfg.edu                            |               2452453 |           5394.4
 AAAAAAAACIBPAAAA | Miss         | Michelle             | Goad                           | N                     |          18 |               |         1927 |                      |         |                                                    |               2452636 |          2926.78
 AAAAAAAACKCLAAAA | Miss         | Christina            | Hampton                        | Y                     |          15 |            12 |         1957 | ALGERIA              |         | Christina.Hampton@XjPSYy5hEV.com                   |               2452375 |          2196.96
 AAAAAAAADALFBAAA | Mr.          | Julian               | Heath                          | N                     |          11 |             8 |         1943 | SERBIA               |         | Julian.Heath@24B6eQmfbDtVNtv.edu                   |               2452324 |          1785.26
 AAAAAAAADCIOAAAA | Sir          | Joseph               | Drummond                       | N                     |           8 |             7 |         1954 | NICARAGUA            |         | Joseph.Drummond@B.org                              |               2452637 |           2174.6
 AAAAAAAADOABAAAA | Dr.          | Raymond              | Albert                         | Y                     |          11 |             7 |         1971 | MONTENEGRO           |         | Raymond.Albert@vfq7Y.com                           |               2452504 |          7153.58
 AAAAAAAADOMHAAAA | Mrs.         | Claire               | Black                          | N                     |          27 |            11 |         1950 | BURUNDI              |         | Claire.Black@hNaH2tYqipC.edu                       |               2452344 |             2958
 AAAAAAAAFFJKAAAA | Dr.          | Nancy                | Lake                           | N                     |           3 |            10 |         1965 | EL SALVADOR          |         | Nancy.Lake@MMmoFfCua8tNF.org                       |               2452632 |          4301.99
 AAAAAAAAFGHHBAAA | Miss         | Lucy                 | Macdonald                      | N                     |          15 |             7 |         1952 | AUSTRIA              |         | Lucy.Macdonald@XFBGZq.org                          |               2452292 |          1669.85
 AAAAAAAAFKCFBAAA | Miss         | Ella                 | Quinn                          | N                     |          25 |            12 |         1945 | POLAND               |         | Ella.Quinn@LQV.edu                                 |               2452287 |          1762.56
 AAAAAAAAFOAMAAAA | Sir          | Edward               | Carter                         | Y                     |          22 |             6 |         1950 | VENEZUELA            |         | Edward.Carter@LUqe.edu                             |               2452567 |           9093.3
 AAAAAAAAFPFNAAAA | Sir          | Armando              | Sanchez                        | Y                     |          31 |            10 |         1959 | SOUTH AFRICA         |         | Armando.Sanchez@5.com                              |               2452440 |          1868.98
 AAAAAAAAFPFNAAAA | Sir          | Armando              | Sanchez                        | Y                     |          31 |            10 |         1959 | SOUTH AFRICA         |         | Armando.Sanchez@5.com                              |               2452440 |          1914.88
 AAAAAAAAGFDIAAAA | Miss         | Vanessa              | Wilson                         | Y                     |          16 |             6 |         1952 | MONGOLIA             |         | Vanessa.Wilson@4Tk36veFCgxK81.com                  |               2452312 |             2086
 AAAAAAAAGHAGAAAA | Ms.          | Anthony              | Glenn                          | Y                     |          13 |            11 |         1969 | ISLE OF MAN          |         | Anthony.Glenn@QjzoG.edu                            |               2452441 |          4281.84
 AAAAAAAAHEKHBAAA | Ms.          | Diane                | Cantrell                       | Y                     |          13 |             4 |         1965 | NETHERLANDS          |         | Diane.Cantrell@MoYS.edu                            |               2452610 |          2662.08
 AAAAAAAAHFKIAAAA | Dr.          | Gordon               | Jarvis                         | N                     |          12 |             5 |         1928 | CHILE                |         | Gordon.Jarvis@egb2Af6MHi.org                       |               2452589 |          1572.16
 AAAAAAAAHGPPAAAA | Miss         | Annie                | Hill                           | Y                     |          29 |             4 |         1983 | NEPAL                |         | Annie.Hill@DSBFrSiJD2kSmi9aFX.org                  |               2452374 |          1709.26
 AAAAAAAAIDBHBAAA | Dr.          | Lily                 | Johnson                        | N                     |          13 |            10 |         1961 | BERMUDA              |         | Lily.Johnson@D.edu                                 |               2452393 |          6345.24
 AAAAAAAAILIOAAAA | Mr.          | Carlos               | Brown                          | N                     |          20 |            11 |         1948 | MALI                 |         | Carlos.Brown@el0V2.org                             |               2452596 |          4142.64
 AAAAAAAAILOCBAAA | Dr.          | William              | Rodriguez                      | Y                     |          27 |             7 |         1969 | NETHERLANDS ANTILLES |         | William.Rodriguez@70ox.com                         |               2452644 |          2495.57
 AAAAAAAAIMCMAAAA | Mr.          | Russell              | Schuster                       | N                     |          23 |             4 |         1963 | CAMEROON             |         | Russell.Schuster@vpOfgMgPPjgS.edu                  |               2452450 |          5756.16
 AAAAAAAAJFPEBAAA | Sir          | Gary                 | Lynch                          | Y                     |           6 |             9 |         1989 | CANADA               |         | Gary.Lynch@ih2xK3Q3PJrxa.edu                       |               2452419 |          3763.52
 AAAAAAAAJKJHAAAA | Dr.          | Patrick              | Cook                           | Y                     |           3 |             1 |         1983 | HONG KONG            |         | Patrick.Cook@8fIt09lVbn9.edu                       |               2452573 |           2601.6
 AAAAAAAAJMPGBAAA |              | Monte                |                                | N                     |           9 |               |         1927 |                      |         | Monte.Clark@c8fqtXeB.org                           |               2452283 |           7613.3
 AAAAAAAAJNBABAAA | Sir          | Max                  | Conn                           | Y                     |           8 |             4 |         1991 | MOROCCO              |         | Max.Conn@637z3rfvd3.edu                            |               2452375 |          3008.88
 AAAAAAAAJNBABAAA | Sir          | Max                  | Conn                           | Y                     |           8 |             4 |         1991 | MOROCCO              |         | Max.Conn@637z3rfvd3.edu                            |               2452375 |          4171.26
 AAAAAAAAJOOJAAAA | Miss         | Angela               | Walton                         | N                     |           8 |             3 |         1960 | MARSHALL ISLANDS     |         | Angela.Walton@N.org                                |               2452357 |             3471
 AAAAAAAAJPCJAAAA | Dr.          | Virginia             | Fontenot                       | Y                     |          24 |             5 |         1973 | CHRISTMAS ISLAND     |         | Virginia.Fontenot@sT.edu                           |               2452588 |          3297.84
 AAAAAAAAKBNNAAAA | Sir          | Manuel               |                                | Y                     |          24 |               |              |                      |         |                                                    |               2452589 |          3090.54
 AAAAAAAAKDMFBAAA | Dr.          | Debbie               | Mitchell                       | N                     |          16 |             2 |         1977 | GREECE               |         | Debbie.Mitchell@JaVk3mOxIo.org                     |               2452404 |          6254.42
 AAAAAAAAKIICBAAA | Dr.          | David                | White                          | Y                     |          13 |             7 |         1961 | CANADA               |         | David.White@EiFIcpmUlGbn6to.edu                    |               2452531 |          2237.07
 AAAAAAAAKJEEAAAA | Miss         | Lola                 | Odell                          | N                     |          30 |             5 |         1932 | BHUTAN               |         | Lola.Odell@dYfNXU7BUsF5hsjP.org                    |               2452424 |          3822.04
 AAAAAAAAKKONAAAA | Miss         | Amanda               | Green                          | Y                     |           6 |             9 |         1991 | ARUBA                |         | Amanda.Green@YNQ0RcdMViYv6.edu                     |               2452443 |          3149.82
 AAAAAAAALAIEBAAA | Dr.          | Winnifred            | Johnson                        | Y                     |          18 |            12 |         1991 | KUWAIT               |         | Winnifred.Johnson@H.com                            |               2452486 |          2412.54
 AAAAAAAALEOFAAAA | Miss         | Kay                  | Hartman                        | N                     |          22 |             7 |         1973 | HUNGARY              |         | Kay.Hartman@TYiXp6zjTkJ56.com                      |               2452339 |          1624.64
 AAAAAAAALJECBAAA | Mr.          | Leland               | Sun                            | Y                     |          11 |             3 |         1943 | BULGARIA             |         | Leland.Sun@JFulryl8tDXB.edu                        |               2452314 |          1747.62
 AAAAAAAALMAAAAAA | Mr.          | Chad                 | Johnson                        | N                     |          22 |             2 |         1958 | HUNGARY              |         | Chad.Johnson@fhFlN.edu                             |               2452563 |           6329.4
 AAAAAAAAMDAAAAAA | Sir          | William              | Dominguez                      | Y                     |           1 |            11 |         1952 | ANGUILLA             |         | William.Dominguez@UJD.edu                          |               2452335 |          1004.85
 AAAAAAAAMDMNAAAA | Mr.          | Louis                | Godfrey                        | N                     |          29 |             7 |         1964 | DENMARK              |         | Louis.Godfrey@3ombCBvYN.edu                        |               2452398 |          1768.26
 AAAAAAAAMKLNAAAA | Mr.          | David                | Diaz                           | N                     |          18 |             1 |         1943 | NAMIBIA              |         | David.Diaz@scP.org                                 |               2452605 |           2458.4
 AAAAAAAAMPJGAAAA | Sir          | Jose                 | Slade                          | Y                     |           3 |             8 |         1966 | GIBRALTAR            |         | Jose.Slade@5VgQVfTOR6L.com                         |               2452332 |          1876.32
 AAAAAAAANLKEBAAA | Dr.          | William              | Giroux                         | Y                     |          29 |             4 |         1933 | ALBANIA              |         | William.Giroux@Q3ukIzXQ3Y.edu                      |               2452569 |          1754.48
 AAAAAAAAODBEBAAA | Dr.          | Ronald               | Clark                          | Y                     |           3 |             4 |         1963 | FRENCH GUIANA        |         | Ronald.Clark@4uks.org                              |               2452514 |          5045.76
 AAAAAAAAOGFFAAAA |              |                      | Chamberlin                     | Y                     |           4 |             8 |         1970 |                      |         |                                                    |                       |          4835.46
 AAAAAAAAOIOKAAAA | Dr.          | William              | Welch                          | Y                     |          25 |             8 |         1965 | SUDAN                |         | William.Welch@GijcaL5.edu                          |               2452625 |          4024.08
 AAAAAAAAOJBOAAAA | Mrs.         | Sarah                | Brown                          | N                     |          16 |             3 |         1925 | CHILE                |         | Sarah.Brown@vKXdkp.edu                             |               2452572 |           1773.6
 AAAAAAAAOKGPAAAA | Mr.          | Raul                 | Hale                           | N                     |          29 |             9 |         1954 | NEPAL                |         | Raul.Hale@87j4t023Ij4K4TUt.org                     |               2452644 |          6928.65
 AAAAAAAAOOCFBAAA | Sir          | Paul                 | Jacobs                         | Y                     |           1 |             9 |         1952 | JAMAICA              |         | Paul.Jacobs@q6G0.org                               |               2452635 |          2180.01
 AAAAAAAAOOMCAAAA | Dr.          | Joseph               | Vasquez                        | Y                     |          12 |             9 |         1963 | ZIMBABWE             |         | Joseph.Vasquez@gSL9fpaResfOiE.org                  |               2452513 |           2491.2
 AAAAAAAAPDMJAAAA | Mr.          | James                | Graham                         | N                     |           1 |             5 |         1987 | GRENADA              |         | James.Graham@gmrDQ2D1suK8Kb.com                    |               2452600 |           3835.2
 AAAAAAAAPEJNAAAA | Sir          | Mike                 | Adamson                        | N                     |          30 |             4 |         1969 | THAILAND             |         | Mike.Adamson@c.org                                 |               2452556 |          3546.56
 AAAAAAAAPJMCBAAA | Mrs.         | Rosemary             | Mims                           | Y                     |          26 |             3 |         1944 | GRENADA              |         | Rosemary.Mims@fsI70KvAl.edu                        |               2452529 |          5275.58
 AAAAAAAAPKIBAAAA | Ms.          | Debra                | Juarez                         | Y                     |           6 |            10 |         1976 | SOUTH AFRICA         |         | Debra.Juarez@onFMGk.edu                            |               2452565 |          2455.49
 AAAAAAAAPNJKAAAA | Mr.          | Michael              | Crowe                          | N                     |          10 |            11 |         1934 | BERMUDA              |         | Michael.Crowe@BiVQf7lI7F.com                       |               2452482 |          1675.06
(59 rows)

UPDATE time_statistics SET e_time = TRANSACTION_TIMESTAMP() WHERE template = 'query30.tpl' AND stream = 4;
psql:/tmp/s1-basline/throughput/query_4.sql:4415: NOTICE:  duration: 0.055 ms  plan:
Query Text: UPDATE time_statistics SET e_time = TRANSACTION_TIMESTAMP() WHERE template = 'query30.tpl' AND stream = 4;
Update on time_statistics  (cost=0.00..7.87 rows=0 width=0) (actual time=0.055..0.055 rows=0 loops=1)
  ->  Seq Scan on time_statistics  (cost=0.00..7.87 rows=1 width=14) (actual time=0.040..0.041 rows=1 loops=1)
        Filter: ((template = 'query30.tpl'::text) AND (stream = 4))
        Rows Removed by Filter: 269
UPDATE 1
LOAD 'auto_explain'; SET auto_explain.log_min_duration TO 0; SET auto_explain.log_analyze TO on; SET auto_explain.log_level TO notice; INSERT INTO time_statistics (template, s_time, stream, query, seed) VALUES ('query13.tpl', TRANSACTION_TIMESTAMP(), 4, 91, 617290515);
LOAD
SET
SET
SET
psql:/tmp/s1-basline/throughput/query_4.sql:4416: NOTICE:  duration: 0.008 ms  plan:
Query Text: INSERT INTO time_statistics (template, s_time, stream, query, seed) VALUES ('query13.tpl', TRANSACTION_TIMESTAMP(), 4, 91, 617290515);
Insert on time_statistics  (cost=0.00..0.01 rows=0 width=0) (actual time=0.007..0.008 rows=0 loops=1)
  ->  Result  (cost=0.00..0.01 rows=1 width=64) (actual time=0.001..0.001 rows=1 loops=1)
INSERT 0 1
select avg(ss_quantity)
       ,avg(ss_ext_sales_price)
       ,avg(ss_ext_wholesale_cost)
       ,sum(ss_ext_wholesale_cost)
 from store_sales
     ,store
     ,customer_demographics
     ,household_demographics
     ,customer_address
     ,date_dim
 where s_store_sk = ss_store_sk
 and  ss_sold_date_sk = d_date_sk and d_year = 2001
 and((ss_hdemo_sk=hd_demo_sk
  and cd_demo_sk = ss_cdemo_sk
  and cd_marital_status = 'U'
  and cd_education_status = 'Unknown'
  and ss_sales_price between 100.00 and 150.00
  and hd_dep_count = 3   
     )or
     (ss_hdemo_sk=hd_demo_sk
  and cd_demo_sk = ss_cdemo_sk
  and cd_marital_status = 'W'
  and cd_education_status = '4 yr Degree'
  and ss_sales_price between 50.00 and 100.00   
  and hd_dep_count = 1
     ) or 
     (ss_hdemo_sk=hd_demo_sk
  and cd_demo_sk = ss_cdemo_sk
  and cd_marital_status = 'M'
  and cd_education_status = 'Advanced Degree'
  and ss_sales_price between 150.00 and 200.00 
  and hd_dep_count = 1  
     ))
 and((ss_addr_sk = ca_address_sk
  and ca_country = 'United States'
  and ca_state in ('TX', 'CO', 'PA')
  and ss_net_profit between 100 and 200  
     ) or
     (ss_addr_sk = ca_address_sk
  and ca_country = 'United States'
  and ca_state in ('SC', 'NC', 'IL')
  and ss_net_profit between 150 and 300  
     ) or
     (ss_addr_sk = ca_address_sk
  and ca_country = 'United States'
  and ca_state in ('GA', 'MN', 'VA')
  and ss_net_profit between 50 and 250  
     ))
;
psql:/tmp/s1-basline/throughput/query_4.sql:4465: NOTICE:  duration: 322.444 ms  plan:
Query Text: select avg(ss_quantity)
       ,avg(ss_ext_sales_price)
       ,avg(ss_ext_wholesale_cost)
       ,sum(ss_ext_wholesale_cost)
 from store_sales
     ,store
     ,customer_demographics
     ,household_demographics
     ,customer_address
     ,date_dim
 where s_store_sk = ss_store_sk
 and  ss_sold_date_sk = d_date_sk and d_year = 2001
 and((ss_hdemo_sk=hd_demo_sk
  and cd_demo_sk = ss_cdemo_sk
  and cd_marital_status = 'U'
  and cd_education_status = 'Unknown'
  and ss_sales_price between 100.00 and 150.00
  and hd_dep_count = 3   
     )or
     (ss_hdemo_sk=hd_demo_sk
  and cd_demo_sk = ss_cdemo_sk
  and cd_marital_status = 'W'
  and cd_education_status = '4 yr Degree'
  and ss_sales_price between 50.00 and 100.00   
  and hd_dep_count = 1
     ) or 
     (ss_hdemo_sk=hd_demo_sk
  and cd_demo_sk = ss_cdemo_sk
  and cd_marital_status = 'M'
  and cd_education_status = 'Advanced Degree'
  and ss_sales_price between 150.00 and 200.00 
  and hd_dep_count = 1  
     ))
 and((ss_addr_sk = ca_address_sk
  and ca_country = 'United States'
  and ca_state in ('TX', 'CO', 'PA')
  and ss_net_profit between 100 and 200  
     ) or
     (ss_addr_sk = ca_address_sk
  and ca_country = 'United States'
  and ca_state in ('SC', 'NC', 'IL')
  and ss_net_profit between 150 and 300  
     ) or
     (ss_addr_sk = ca_address_sk
  and ca_country = 'United States'
  and ca_state in ('GA', 'MN', 'VA')
  and ss_net_profit between 50 and 250  
     ))
;
Aggregate  (cost=110604.39..110604.40 rows=1 width=56) (actual time=322.432..322.434 rows=1 loops=1)
  ->  Nested Loop  (cost=1.15..110604.37 rows=1 width=20) (actual time=275.687..322.423 rows=9 loops=1)
        Join Filter: (store_sales.ss_store_sk = store.s_store_sk)
        Rows Removed by Join Filter: 34
        ->  Nested Loop  (cost=1.15..110603.10 rows=1 width=28) (actual time=275.678..322.402 rows=9 loops=1)
              Join Filter: ((store_sales.ss_hdemo_sk = household_demographics.hd_demo_sk) AND (((customer_demographics.cd_marital_status = 'U'::bpchar) AND (customer_demographics.cd_education_status = 'Unknown'::bpchar) AND (store_sales.ss_sales_price >= '100'::double precision) AND (store_sales.ss_sales_price <= '150'::double precision) AND (household_demographics.hd_dep_count = 3)) OR ((customer_demographics.cd_marital_status = 'W'::bpchar) AND (customer_demographics.cd_education_status = '4 yr Degree'::bpchar) AND (store_sales.ss_sales_price >= '50'::double precision) AND (store_sales.ss_sales_price <= '100'::double precision) AND (household_demographics.hd_dep_count = 1)) OR ((customer_demographics.cd_marital_status = 'M'::bpchar) AND (customer_demographics.cd_education_status = 'Advanced Degree'::bpchar) AND (store_sales.ss_sales_price >= '150'::double precision) AND (store_sales.ss_sales_price <= '200'::double precision) AND (household_demographics.hd_dep_count = 1))))
              Rows Removed by Join Filter: 404631
              ->  Seq Scan on household_demographics  (cost=0.00..186.00 rows=1951 width=12) (actual time=0.013..0.681 rows=1440 loops=1)
                    Filter: ((hd_dep_count = 3) OR (hd_dep_count = 1) OR (hd_dep_count = 1))
                    Rows Removed by Filter: 5760
              ->  Materialize  (cost=1.15..110007.40 rows=4 width=67) (actual time=0.003..0.201 rows=281 loops=1440)
                    ->  Nested Loop  (cost=1.15..110007.38 rows=4 width=67) (actual time=4.828..274.617 rows=281 loops=1)
                          ->  Nested Loop  (cost=0.72..109970.72 rows=48 width=52) (actual time=4.090..261.701 rows=3339 loops=1)
                                ->  Nested Loop  (cost=0.43..109800.69 rows=457 width=68) (actual time=4.037..221.290 rows=17625 loops=1)
                                      ->  Seq Scan on date_dim  (cost=0.00..2318.11 rows=363 width=8) (actual time=4.022..8.396 rows=365 loops=1)
                                            Filter: (d_year = 2001)
                                            Rows Removed by Filter: 72684
                                      ->  Index Scan using i_ss_sold_date_sk on store_sales  (cost=0.43..295.60 rows=50 width=76) (actual time=0.017..0.578 rows=48 loops=365)
                                            Index Cond: (ss_sold_date_sk = date_dim.d_date_sk)
                                            Filter: ((((ss_sales_price >= '100'::double precision) AND (ss_sales_price <= '150'::double precision)) OR ((ss_sales_price >= '50'::double precision) AND (ss_sales_price <= '100'::double precision)) OR ((ss_sales_price >= '150'::double precision) AND (ss_sales_price <= '200'::double precision))) AND (((ss_net_profit >= '100'::double precision) AND (ss_net_profit <= '200'::double precision)) OR ((ss_net_profit >= '150'::double precision) AND (ss_net_profit <= '300'::double precision)) OR ((ss_net_profit >= '50'::double precision) AND (ss_net_profit <= '250'::double precision))))
                                            Rows Removed by Filter: 1457
                                ->  Index Scan using pk_customer_address on customer_address  (cost=0.29..0.36 rows=1 width=11) (actual time=0.002..0.002 rows=0 loops=17625)
                                      Index Cond: (ca_address_sk = store_sales.ss_addr_sk)
                                      Filter: (((ca_country)::text = 'United States'::text) AND ((ca_state = ANY ('{TX,CO,PA}'::bpchar[])) OR (ca_state = ANY ('{SC,NC,IL}'::bpchar[])) OR (ca_state = ANY ('{GA,MN,VA}'::bpchar[]))) AND (((ca_state = ANY ('{TX,CO,PA}'::bpchar[])) AND (store_sales.ss_net_profit >= '100'::double precision) AND (store_sales.ss_net_profit <= '200'::double precision)) OR ((ca_state = ANY ('{SC,NC,IL}'::bpchar[])) AND (store_sales.ss_net_profit >= '150'::double precision) AND (store_sales.ss_net_profit <= '300'::double precision)) OR ((ca_state = ANY ('{GA,MN,VA}'::bpchar[])) AND (store_sales.ss_net_profit >= '50'::double precision) AND (store_sales.ss_net_profit <= '250'::double precision))))
                                      Rows Removed by Filter: 1
                          ->  Index Scan using pk_customer_demographics on customer_demographics  (cost=0.43..0.76 rows=1 width=31) (actual time=0.004..0.004 rows=0 loops=3339)
                                Index Cond: (cd_demo_sk = store_sales.ss_cdemo_sk)
                                Filter: (((cd_marital_status = 'U'::bpchar) AND (cd_education_status = 'Unknown'::bpchar)) OR ((cd_marital_status = 'W'::bpchar) AND (cd_education_status = '4 yr Degree'::bpchar)) OR ((cd_marital_status = 'M'::bpchar) AND (cd_education_status = 'Advanced Degree'::bpchar)))
                                Rows Removed by Filter: 1
        ->  Seq Scan on store  (cost=0.00..1.12 rows=12 width=8) (actual time=0.001..0.001 rows=5 loops=9)
         avg         |        avg        |        avg         |        sum         
---------------------+-------------------+--------------------+--------------------
 20.7777777777777778 | 1563.068888888889 | 1409.0477777777776 | 12681.429999999998
(1 row)

UPDATE time_statistics SET e_time = TRANSACTION_TIMESTAMP() WHERE template = 'query13.tpl' AND stream = 4;
psql:/tmp/s1-basline/throughput/query_4.sql:4467: NOTICE:  duration: 0.055 ms  plan:
Query Text: UPDATE time_statistics SET e_time = TRANSACTION_TIMESTAMP() WHERE template = 'query13.tpl' AND stream = 4;
Update on time_statistics  (cost=0.00..7.87 rows=0 width=0) (actual time=0.055..0.055 rows=0 loops=1)
  ->  Seq Scan on time_statistics  (cost=0.00..7.87 rows=1 width=14) (actual time=0.040..0.040 rows=1 loops=1)
        Filter: ((template = 'query13.tpl'::text) AND (stream = 4))
        Rows Removed by Filter: 270
UPDATE 1
LOAD 'auto_explain'; SET auto_explain.log_min_duration TO 0; SET auto_explain.log_analyze TO on; SET auto_explain.log_level TO notice; INSERT INTO time_statistics (template, s_time, stream, query, seed) VALUES ('../query_postgresql/query94.tpl', TRANSACTION_TIMESTAMP(), 4, 92, 1019008889);
LOAD
SET
SET
SET
psql:/tmp/s1-basline/throughput/query_4.sql:4468: NOTICE:  duration: 0.009 ms  plan:
Query Text: INSERT INTO time_statistics (template, s_time, stream, query, seed) VALUES ('../query_postgresql/query94.tpl', TRANSACTION_TIMESTAMP(), 4, 92, 1019008889);
Insert on time_statistics  (cost=0.00..0.01 rows=0 width=0) (actual time=0.008..0.009 rows=0 loops=1)
  ->  Result  (cost=0.00..0.01 rows=1 width=64) (actual time=0.001..0.001 rows=1 loops=1)
INSERT 0 1
select  
   count(distinct ws_order_number) as "order count"
  ,sum(ws_ext_ship_cost) as "total shipping cost"
  ,sum(ws_net_profit) as "total net profit"
from
   web_sales ws1
  ,date_dim
  ,customer_address
  ,web_site
where
    d_date between '2000-5-01' and 
           (cast('2000-5-01' as date) + interval '60 days')
and ws1.ws_ship_date_sk = d_date_sk
and ws1.ws_ship_addr_sk = ca_address_sk
and ca_state = 'MO'
and ws1.ws_web_site_sk = web_site_sk
and web_company_name = 'pri'
and exists (select *
            from web_sales ws2
            where ws1.ws_order_number = ws2.ws_order_number
              and ws1.ws_warehouse_sk <> ws2.ws_warehouse_sk)
and not exists(select *
               from web_returns wr1
               where ws1.ws_order_number = wr1.wr_order_number)
order by count(distinct ws_order_number)
limit 100;
psql:/tmp/s1-basline/throughput/query_4.sql:4494: NOTICE:  duration: 168.709 ms  plan:
Query Text: select  
   count(distinct ws_order_number) as "order count"
  ,sum(ws_ext_ship_cost) as "total shipping cost"
  ,sum(ws_net_profit) as "total net profit"
from
   web_sales ws1
  ,date_dim
  ,customer_address
  ,web_site
where
    d_date between '2000-5-01' and 
           (cast('2000-5-01' as date) + interval '60 days')
and ws1.ws_ship_date_sk = d_date_sk
and ws1.ws_ship_addr_sk = ca_address_sk
and ca_state = 'MO'
and ws1.ws_web_site_sk = web_site_sk
and web_company_name = 'pri'
and exists (select *
            from web_sales ws2
            where ws1.ws_order_number = ws2.ws_order_number
              and ws1.ws_warehouse_sk <> ws2.ws_warehouse_sk)
and not exists(select *
               from web_returns wr1
               where ws1.ws_order_number = wr1.wr_order_number)
order by count(distinct ws_order_number)
limit 100;
Limit  (cost=37497.18..37497.18 rows=1 width=24) (actual time=129.613..168.701 rows=1 loops=1)
  ->  Sort  (cost=37497.18..37497.18 rows=1 width=24) (actual time=129.612..168.699 rows=1 loops=1)
        Sort Key: (count(DISTINCT ws1.ws_order_number))
        Sort Method: quicksort  Memory: 25kB
        ->  Aggregate  (cost=37497.16..37497.17 rows=1 width=24) (actual time=129.607..168.694 rows=1 loops=1)
              ->  Gather  (cost=1009.03..37497.14 rows=2 width=24) (actual time=22.084..168.666 rows=40 loops=1)
                    Workers Planned: 2
                    Workers Launched: 2
                    ->  Nested Loop Semi Join  (cost=9.03..36496.94 rows=1 width=24) (actual time=16.509..124.734 rows=13 loops=3)
                          ->  Nested Loop Anti Join  (cost=8.61..31100.25 rows=1 width=32) (actual time=14.033..110.559 rows=13 loops=3)
                                ->  Nested Loop  (cost=8.19..30462.86 rows=2 width=32) (actual time=4.332..78.887 rows=53 loops=3)
                                      ->  Hash Join  (cost=7.90..30440.40 rows=72 width=40) (actual time=0.373..74.742 rows=1225 loops=3)
                                            Hash Cond: (ws1.ws_web_site_sk = web_site.web_site_sk)
                                            ->  Hash Join  (cost=5.41..30437.19 rows=242 width=48) (actual time=0.218..74.139 rows=4597 loops=3)
                                                  Hash Cond: (ws1.ws_ship_date_sk = date_dim.d_date_sk)
                                                  ->  Parallel Seq Scan on web_sales ws1  (cost=0.00..29644.81 rows=299781 width=56) (actual time=0.014..43.698 rows=239825 loops=3)
                                                  ->  Hash  (cost=4.67..4.67 rows=59 width=8) (actual time=0.102..0.103 rows=61 loops=3)
                                                        Buckets: 1024  Batches: 1  Memory Usage: 11kB
                                                        ->  Index Scan using i_d_date on date_dim  (cost=0.29..4.67 rows=59 width=8) (actual time=0.064..0.084 rows=61 loops=3)
                                                              Index Cond: ((d_date >= '2000-05-01'::date) AND (d_date <= '2000-06-30 00:00:00'::timestamp without time zone))
                                            ->  Hash  (cost=2.38..2.38 rows=9 width=8) (actual time=0.052..0.053 rows=9 loops=3)
                                                  Buckets: 1024  Batches: 1  Memory Usage: 9kB
                                                  ->  Seq Scan on web_site  (cost=0.00..2.38 rows=9 width=8) (actual time=0.029..0.048 rows=9 loops=3)
                                                        Filter: (web_company_name = 'pri'::bpchar)
                                                        Rows Removed by Filter: 21
                                      ->  Index Scan using pk_customer_address on customer_address  (cost=0.29..0.31 rows=1 width=8) (actual time=0.003..0.003 rows=0 loops=3674)
                                            Index Cond: (ca_address_sk = ws1.ws_ship_addr_sk)
                                            Filter: (ca_state = 'MO'::bpchar)
                                            Rows Removed by Filter: 1
                                ->  Index Only Scan using pk_web_returns on web_returns wr1  (cost=0.42..539.05 rows=2 width=8) (actual time=0.601..0.601 rows=1 loops=158)
                                      Index Cond: (wr_order_number = ws1.ws_order_number)
                                      Heap Fetches: 0
                          ->  Index Scan using pk_web_sales on web_sales ws2  (cost=0.42..5396.67 rows=10 width=16) (actual time=1.062..1.062 rows=1 loops=40)
                                Index Cond: (ws_order_number = ws1.ws_order_number)
                                Filter: (ws1.ws_warehouse_sk <> ws_warehouse_sk)
                                Rows Removed by Filter: 0
 order count | total shipping cost |  total net profit   
-------------+---------------------+---------------------
          18 |   46731.71999999999 | -36036.729999999996
(1 row)

UPDATE time_statistics SET e_time = TRANSACTION_TIMESTAMP() WHERE template = '../query_postgresql/query94.tpl' AND stream = 4;
psql:/tmp/s1-basline/throughput/query_4.sql:4496: NOTICE:  duration: 0.053 ms  plan:
Query Text: UPDATE time_statistics SET e_time = TRANSACTION_TIMESTAMP() WHERE template = '../query_postgresql/query94.tpl' AND stream = 4;
Update on time_statistics  (cost=0.00..7.87 rows=0 width=0) (actual time=0.052..0.053 rows=0 loops=1)
  ->  Seq Scan on time_statistics  (cost=0.00..7.87 rows=1 width=14) (actual time=0.038..0.038 rows=1 loops=1)
        Filter: ((template = '../query_postgresql/query94.tpl'::text) AND (stream = 4))
        Rows Removed by Filter: 271
UPDATE 1
LOAD 'auto_explain'; SET auto_explain.log_min_duration TO 0; SET auto_explain.log_analyze TO on; SET auto_explain.log_level TO notice; INSERT INTO time_statistics (template, s_time, stream, query, seed) VALUES ('query62.tpl', TRANSACTION_TIMESTAMP(), 4, 93, 300312598);
LOAD
SET
SET
SET
psql:/tmp/s1-basline/throughput/query_4.sql:4497: NOTICE:  duration: 0.009 ms  plan:
Query Text: INSERT INTO time_statistics (template, s_time, stream, query, seed) VALUES ('query62.tpl', TRANSACTION_TIMESTAMP(), 4, 93, 300312598);
Insert on time_statistics  (cost=0.00..0.01 rows=0 width=0) (actual time=0.008..0.009 rows=0 loops=1)
  ->  Result  (cost=0.00..0.01 rows=1 width=64) (actual time=0.002..0.002 rows=1 loops=1)
INSERT 0 1
select  
   substr(w_warehouse_name,1,20)
  ,sm_type
  ,web_name
  ,sum(case when (ws_ship_date_sk - ws_sold_date_sk <= 30 ) then 1 else 0 end)  as "30 days" 
  ,sum(case when (ws_ship_date_sk - ws_sold_date_sk > 30) and 
                 (ws_ship_date_sk - ws_sold_date_sk <= 60) then 1 else 0 end )  as "31-60 days" 
  ,sum(case when (ws_ship_date_sk - ws_sold_date_sk > 60) and 
                 (ws_ship_date_sk - ws_sold_date_sk <= 90) then 1 else 0 end)  as "61-90 days" 
  ,sum(case when (ws_ship_date_sk - ws_sold_date_sk > 90) and
                 (ws_ship_date_sk - ws_sold_date_sk <= 120) then 1 else 0 end)  as "91-120 days" 
  ,sum(case when (ws_ship_date_sk - ws_sold_date_sk  > 120) then 1 else 0 end)  as ">120 days" 
from
   web_sales
  ,warehouse
  ,ship_mode
  ,web_site
  ,date_dim
where
    d_month_seq between 1202 and 1202 + 11
and ws_ship_date_sk   = d_date_sk
and ws_warehouse_sk   = w_warehouse_sk
and ws_ship_mode_sk   = sm_ship_mode_sk
and ws_web_site_sk    = web_site_sk
group by
   substr(w_warehouse_name,1,20)
  ,sm_type
  ,web_name
order by substr(w_warehouse_name,1,20)
        ,sm_type
       ,web_name
limit 100;
psql:/tmp/s1-basline/throughput/query_4.sql:4529: NOTICE:  duration: 229.324 ms  plan:
Query Text: select  
   substr(w_warehouse_name,1,20)
  ,sm_type
  ,web_name
  ,sum(case when (ws_ship_date_sk - ws_sold_date_sk <= 30 ) then 1 else 0 end)  as "30 days" 
  ,sum(case when (ws_ship_date_sk - ws_sold_date_sk > 30) and 
                 (ws_ship_date_sk - ws_sold_date_sk <= 60) then 1 else 0 end )  as "31-60 days" 
  ,sum(case when (ws_ship_date_sk - ws_sold_date_sk > 60) and 
                 (ws_ship_date_sk - ws_sold_date_sk <= 90) then 1 else 0 end)  as "61-90 days" 
  ,sum(case when (ws_ship_date_sk - ws_sold_date_sk > 90) and
                 (ws_ship_date_sk - ws_sold_date_sk <= 120) then 1 else 0 end)  as "91-120 days" 
  ,sum(case when (ws_ship_date_sk - ws_sold_date_sk  > 120) then 1 else 0 end)  as ">120 days" 
from
   web_sales
  ,warehouse
  ,ship_mode
  ,web_site
  ,date_dim
where
    d_month_seq between 1202 and 1202 + 11
and ws_ship_date_sk   = d_date_sk
and ws_warehouse_sk   = w_warehouse_sk
and ws_ship_mode_sk   = sm_ship_mode_sk
and ws_web_site_sk    = web_site_sk
group by
   substr(w_warehouse_name,1,20)
  ,sm_type
  ,web_name
order by substr(w_warehouse_name,1,20)
        ,sm_type
       ,web_name
limit 100;
Limit  (cost=34036.27..34125.36 rows=100 width=110) (actual time=198.296..229.245 rows=100 loops=1)
  ->  Finalize GroupAggregate  (cost=34036.27..34169.90 rows=150 width=110) (actual time=198.296..229.236 rows=100 loops=1)
        Group Key: (substr((warehouse.w_warehouse_name)::text, 1, 20)), ship_mode.sm_type, web_site.web_name
        ->  Gather Merge  (cost=34036.27..34162.02 rows=300 width=110) (actual time=198.043..229.119 rows=301 loops=1)
              Workers Planned: 2
              Workers Launched: 2
              ->  Partial GroupAggregate  (cost=33036.25..33127.37 rows=150 width=110) (actual time=176.158..193.093 rows=134 loops=3)
                    Group Key: (substr((warehouse.w_warehouse_name)::text, 1, 20)), ship_mode.sm_type, web_site.web_name
                    ->  Sort  (cost=33036.25..33039.82 rows=1428 width=86) (actual time=175.978..177.798 rows=40392 loops=3)
                          Sort Key: (substr((warehouse.w_warehouse_name)::text, 1, 20)), ship_mode.sm_type, web_site.web_name
                          Sort Method: quicksort  Memory: 10411kB
                          Worker 0:  Sort Method: quicksort  Memory: 5720kB
                          Worker 1:  Sort Method: quicksort  Memory: 5680kB
                          ->  Hash Join  (cost=2510.32..32961.42 rows=1428 width=86) (actual time=13.319..125.687 rows=47712 loops=3)
                                Hash Cond: (web_sales.ws_web_site_sk = web_site.web_site_sk)
                                ->  Hash Join  (cost=2507.65..32950.89 rows=1428 width=69) (actual time=13.224..112.162 rows=47713 loops=3)
                                      Hash Cond: (web_sales.ws_ship_mode_sk = ship_mode.sm_ship_mode_sk)
                                      ->  Hash Join  (cost=2506.20..32944.91 rows=1428 width=46) (actual time=13.185..104.883 rows=47717 loops=3)
                                            Hash Cond: (web_sales.ws_warehouse_sk = warehouse.w_warehouse_sk)
                                            ->  Hash Join  (cost=2505.08..32936.86 rows=1428 width=40) (actual time=13.154..96.775 rows=47721 loops=3)
                                                  Hash Cond: (web_sales.ws_ship_date_sk = date_dim.d_date_sk)
                                                  ->  Parallel Seq Scan on web_sales  (cost=0.00..29644.81 rows=299781 width=40) (actual time=0.016..44.562 rows=239825 loops=3)
                                                  ->  Hash  (cost=2500.73..2500.73 rows=348 width=8) (actual time=13.116..13.117 rows=365 loops=3)
                                                        Buckets: 1024  Batches: 1  Memory Usage: 23kB
                                                        ->  Seq Scan on date_dim  (cost=0.00..2500.73 rows=348 width=8) (actual time=6.364..13.067 rows=365 loops=3)
                                                              Filter: ((d_month_seq >= 1202) AND (d_month_seq <= 1213))
                                                              Rows Removed by Filter: 72684
                                            ->  Hash  (cost=1.05..1.05 rows=5 width=22) (actual time=0.018..0.019 rows=5 loops=3)
                                                  Buckets: 1024  Batches: 1  Memory Usage: 9kB
                                                  ->  Seq Scan on warehouse  (cost=0.00..1.05 rows=5 width=22) (actual time=0.015..0.016 rows=5 loops=3)
                                      ->  Hash  (cost=1.20..1.20 rows=20 width=39) (actual time=0.027..0.027 rows=20 loops=3)
                                            Buckets: 1024  Batches: 1  Memory Usage: 10kB
                                            ->  Seq Scan on ship_mode  (cost=0.00..1.20 rows=20 width=39) (actual time=0.020..0.022 rows=20 loops=3)
                                ->  Hash  (cost=2.30..2.30 rows=30 width=15) (actual time=0.048..0.049 rows=30 loops=3)
                                      Buckets: 1024  Batches: 1  Memory Usage: 10kB
                                      ->  Seq Scan on web_site  (cost=0.00..2.30 rows=30 width=15) (actual time=0.029..0.042 rows=30 loops=3)
       substr        |            sm_type             | web_name | 30 days | 31-60 days | 61-90 days | 91-120 days | >120 days 
---------------------+--------------------------------+----------+---------+------------+------------+-------------+-----------
 Neither dea         | EXPRESS                        | site_0   |     309 |        294 |        300 |         303 |         0
 Neither dea         | EXPRESS                        | site_1   |     324 |        313 |        282 |         288 |         0
 Neither dea         | EXPRESS                        | site_2   |     295 |        290 |        315 |         297 |         0
 Neither dea         | EXPRESS                        | site_3   |     277 |        250 |        253 |         252 |         0
 Neither dea         | EXPRESS                        | site_4   |     262 |        274 |        256 |         283 |         0
 Neither dea         | LIBRARY                        | site_0   |     159 |        151 |        181 |         158 |         0
 Neither dea         | LIBRARY                        | site_1   |     213 |        192 |        232 |         188 |         0
 Neither dea         | LIBRARY                        | site_2   |     251 |        239 |        233 |         227 |         0
 Neither dea         | LIBRARY                        | site_3   |     225 |        241 |        249 |         236 |         0
 Neither dea         | LIBRARY                        | site_4   |     207 |        215 |        202 |         191 |         0
 Neither dea         | NEXT DAY                       | site_0   |     300 |        278 |        320 |         291 |         0
 Neither dea         | NEXT DAY                       | site_1   |     284 |        311 |        300 |         317 |         0
 Neither dea         | NEXT DAY                       | site_2   |     254 |        271 |        308 |         257 |         0
 Neither dea         | NEXT DAY                       | site_3   |     252 |        252 |        281 |         258 |         0
 Neither dea         | NEXT DAY                       | site_4   |     243 |        309 |        296 |         310 |         0
 Neither dea         | OVERNIGHT                      | site_0   |     215 |        253 |        226 |         255 |         0
 Neither dea         | OVERNIGHT                      | site_1   |     203 |        238 |        210 |         191 |         0
 Neither dea         | OVERNIGHT                      | site_2   |     196 |        153 |        180 |         197 |         0
 Neither dea         | OVERNIGHT                      | site_3   |     222 |        176 |        210 |         207 |         0
 Neither dea         | OVERNIGHT                      | site_4   |     269 |        238 |        240 |         247 |         0
 Neither dea         | REGULAR                        | site_0   |     220 |        231 |        212 |         223 |         0
 Neither dea         | REGULAR                        | site_1   |     241 |        234 |        277 |         202 |         0
 Neither dea         | REGULAR                        | site_2   |     214 |        243 |        251 |         235 |         0
 Neither dea         | REGULAR                        | site_3   |     211 |        210 |        188 |         209 |         0
 Neither dea         | REGULAR                        | site_4   |     170 |        160 |        166 |         184 |         0
 Neither dea         | TWO DAY                        | site_0   |     206 |        248 |        183 |         227 |         0
 Neither dea         | TWO DAY                        | site_1   |     211 |        156 |        179 |         180 |         0
 Neither dea         | TWO DAY                        | site_2   |     211 |        205 |        211 |         228 |         0
 Neither dea         | TWO DAY                        | site_3   |     239 |        251 |        228 |         203 |         0
 Neither dea         | TWO DAY                        | site_4   |     240 |        235 |        230 |         228 |         0
 Parties use         | EXPRESS                        | site_0   |     307 |        295 |        277 |         295 |         0
 Parties use         | EXPRESS                        | site_1   |     300 |        257 |        303 |         310 |         0
 Parties use         | EXPRESS                        | site_2   |     296 |        255 |        270 |         278 |         0
 Parties use         | EXPRESS                        | site_3   |     267 |        217 |        261 |         284 |         0
 Parties use         | EXPRESS                        | site_4   |     320 |        323 |        319 |         277 |         0
 Parties use         | LIBRARY                        | site_0   |     191 |        217 |        230 |         218 |         0
 Parties use         | LIBRARY                        | site_1   |     232 |        232 |        251 |         234 |         0
 Parties use         | LIBRARY                        | site_2   |     239 |        226 |        234 |         200 |         0
 Parties use         | LIBRARY                        | site_3   |     225 |        202 |        235 |         203 |         0
 Parties use         | LIBRARY                        | site_4   |     200 |        159 |        183 |         182 |         0
 Parties use         | NEXT DAY                       | site_0   |     295 |        308 |        298 |         325 |         0
 Parties use         | NEXT DAY                       | site_1   |     281 |        251 |        279 |         270 |         0
 Parties use         | NEXT DAY                       | site_2   |     300 |        253 |        264 |         276 |         0
 Parties use         | NEXT DAY                       | site_3   |     309 |        276 |        312 |         291 |         0
 Parties use         | NEXT DAY                       | site_4   |     305 |        280 |        292 |         332 |         0
 Parties use         | OVERNIGHT                      | site_0   |     210 |        212 |        194 |         225 |         0
 Parties use         | OVERNIGHT                      | site_1   |     182 |        173 |        200 |         179 |         0
 Parties use         | OVERNIGHT                      | site_2   |     201 |        211 |        187 |         229 |         0
 Parties use         | OVERNIGHT                      | site_3   |     238 |        247 |        238 |         239 |         0
 Parties use         | OVERNIGHT                      | site_4   |     260 |        208 |        244 |         240 |         0
 Parties use         | REGULAR                        | site_0   |     240 |        219 |        240 |         253 |         0
 Parties use         | REGULAR                        | site_1   |     228 |        256 |        254 |         219 |         0
 Parties use         | REGULAR                        | site_2   |     216 |        219 |        220 |         187 |         0
 Parties use         | REGULAR                        | site_3   |     201 |        193 |        167 |         203 |         0
 Parties use         | REGULAR                        | site_4   |     196 |        215 |        220 |         208 |         0
 Parties use         | TWO DAY                        | site_0   |     185 |        187 |        188 |         171 |         0
 Parties use         | TWO DAY                        | site_1   |     226 |        244 |        199 |         210 |         0
 Parties use         | TWO DAY                        | site_2   |     224 |        208 |        241 |         251 |         0
 Parties use         | TWO DAY                        | site_3   |     226 |        250 |        263 |         231 |         0
 Parties use         | TWO DAY                        | site_4   |     199 |        201 |        199 |         227 |         0
 Persons make more e | EXPRESS                        | site_0   |     265 |        240 |        277 |         290 |         0
 Persons make more e | EXPRESS                        | site_1   |     301 |        284 |        312 |         269 |         0
 Persons make more e | EXPRESS                        | site_2   |     286 |        282 |        285 |         289 |         0
 Persons make more e | EXPRESS                        | site_3   |     276 |        286 |        315 |         294 |         0
 Persons make more e | EXPRESS                        | site_4   |     275 |        281 |        261 |         281 |         0
 Persons make more e | LIBRARY                        | site_0   |     209 |        199 |        226 |         225 |         0
 Persons make more e | LIBRARY                        | site_1   |     144 |        186 |        192 |         192 |         0
 Persons make more e | LIBRARY                        | site_2   |     197 |        225 |        193 |         187 |         0
 Persons make more e | LIBRARY                        | site_3   |     228 |        236 |        251 |         260 |         0
 Persons make more e | LIBRARY                        | site_4   |     221 |        269 |        251 |         272 |         0
 Persons make more e | NEXT DAY                       | site_0   |     287 |        269 |        268 |         283 |         0
 Persons make more e | NEXT DAY                       | site_1   |     280 |        330 |        303 |         315 |         0
 Persons make more e | NEXT DAY                       | site_2   |     326 |        304 |        289 |         304 |         0
 Persons make more e | NEXT DAY                       | site_3   |     260 |        273 |        267 |         286 |         0
 Persons make more e | NEXT DAY                       | site_4   |     255 |        249 |        265 |         287 |         0
 Persons make more e | OVERNIGHT                      | site_0   |     223 |        239 |        235 |         248 |         0
 Persons make more e | OVERNIGHT                      | site_1   |     253 |        228 |        229 |         255 |         0
 Persons make more e | OVERNIGHT                      | site_2   |     230 |        206 |        217 |         215 |         0
 Persons make more e | OVERNIGHT                      | site_3   |     166 |        188 |        189 |         170 |         0
 Persons make more e | OVERNIGHT                      | site_4   |     209 |        220 |        197 |         220 |         0
 Persons make more e | REGULAR                        | site_0   |     161 |        200 |        172 |         197 |         0
 Persons make more e | REGULAR                        | site_1   |     233 |        196 |        193 |         213 |         0
 Persons make more e | REGULAR                        | site_2   |     239 |        247 |        253 |         270 |         0
 Persons make more e | REGULAR                        | site_3   |     276 |        230 |        257 |         253 |         0
 Persons make more e | REGULAR                        | site_4   |     221 |        218 |        209 |         189 |         0
 Persons make more e | TWO DAY                        | site_0   |     222 |        225 |        230 |         263 |         0
 Persons make more e | TWO DAY                        | site_1   |     229 |        217 |        201 |         185 |         0
 Persons make more e | TWO DAY                        | site_2   |     168 |        176 |        190 |         187 |         0
 Persons make more e | TWO DAY                        | site_3   |     211 |        205 |        220 |         198 |         0
 Persons make more e | TWO DAY                        | site_4   |     248 |        248 |        242 |         239 |         0
 Single, simple r    | EXPRESS                        | site_0   |     264 |        274 |        267 |         264 |         0
 Single, simple r    | EXPRESS                        | site_1   |     235 |        259 |        266 |         278 |         0
 Single, simple r    | EXPRESS                        | site_2   |     297 |        306 |        293 |         300 |         0
 Single, simple r    | EXPRESS                        | site_3   |     312 |        292 |        297 |         278 |         0
 Single, simple r    | EXPRESS                        | site_4   |     291 |        306 |        290 |         311 |         0
 Single, simple r    | LIBRARY                        | site_0   |     228 |        253 |        242 |         226 |         0
 Single, simple r    | LIBRARY                        | site_1   |     232 |        204 |        199 |         227 |         0
 Single, simple r    | LIBRARY                        | site_2   |     176 |        163 |        219 |         182 |         0
 Single, simple r    | LIBRARY                        | site_3   |     193 |        240 |        216 |         193 |         0
 Single, simple r    | LIBRARY                        | site_4   |     260 |        216 |        251 |         236 |         0
(100 rows)

UPDATE time_statistics SET e_time = TRANSACTION_TIMESTAMP() WHERE template = 'query62.tpl' AND stream = 4;
psql:/tmp/s1-basline/throughput/query_4.sql:4531: NOTICE:  duration: 0.057 ms  plan:
Query Text: UPDATE time_statistics SET e_time = TRANSACTION_TIMESTAMP() WHERE template = 'query62.tpl' AND stream = 4;
Update on time_statistics  (cost=0.00..7.87 rows=0 width=0) (actual time=0.056..0.056 rows=0 loops=1)
  ->  Seq Scan on time_statistics  (cost=0.00..7.87 rows=1 width=14) (actual time=0.041..0.042 rows=1 loops=1)
        Filter: ((template = 'query62.tpl'::text) AND (stream = 4))
        Rows Removed by Filter: 272
UPDATE 1
LOAD 'auto_explain'; SET auto_explain.log_min_duration TO 0; SET auto_explain.log_analyze TO on; SET auto_explain.log_level TO notice; INSERT INTO time_statistics (template, s_time, stream, query, seed) VALUES ('../query_postgresql/query49.tpl', TRANSACTION_TIMESTAMP(), 4, 94, 1916517164);
LOAD
SET
SET
SET
psql:/tmp/s1-basline/throughput/query_4.sql:4532: NOTICE:  duration: 0.008 ms  plan:
Query Text: INSERT INTO time_statistics (template, s_time, stream, query, seed) VALUES ('../query_postgresql/query49.tpl', TRANSACTION_TIMESTAMP(), 4, 94, 1916517164);
Insert on time_statistics  (cost=0.00..0.01 rows=0 width=0) (actual time=0.008..0.008 rows=0 loops=1)
  ->  Result  (cost=0.00..0.01 rows=1 width=64) (actual time=0.001..0.001 rows=1 loops=1)
INSERT 0 1
select  channel, item, return_ratio, return_rank, currency_rank from
 (select
 'web' as channel
 ,web.item
 ,web.return_ratio
 ,web.return_rank
 ,web.currency_rank
 from (
 	select 
 	 item
 	,return_ratio
 	,currency_ratio
 	,rank() over (order by return_ratio) as return_rank
 	,rank() over (order by currency_ratio) as currency_rank
 	from
 	(	select ws.ws_item_sk as item
 		,(cast(sum(coalesce(wr.wr_return_quantity,0)) as decimal(15,4))/
 		cast(sum(coalesce(ws.ws_quantity,0)) as decimal(15,4) )) as return_ratio
 		,(cast(sum(coalesce(wr.wr_return_amt,0)) as decimal(15,4))/
 		cast(sum(coalesce(ws.ws_net_paid,0)) as decimal(15,4) )) as currency_ratio
 		from 
 		 web_sales ws left outer join web_returns wr 
 			on (ws.ws_order_number = wr.wr_order_number and 
 			ws.ws_item_sk = wr.wr_item_sk)
                 ,date_dim
 		where 
 			wr.wr_return_amt > 10000 
 			and ws.ws_net_profit > 1
                         and ws.ws_net_paid > 0
                         and ws.ws_quantity > 0
                         and ws_sold_date_sk = d_date_sk
                         and d_year = 2002
                         and d_moy = 11
 		group by ws.ws_item_sk
 	) in_web
 ) web
 where 
 (
 web.return_rank <= 10
 or
 web.currency_rank <= 10
 )
 union
 select 
 'catalog' as channel
 ,catalog.item
 ,catalog.return_ratio
 ,catalog.return_rank
 ,catalog.currency_rank
 from (
 	select 
 	 item
 	,return_ratio
 	,currency_ratio
 	,rank() over (order by return_ratio) as return_rank
 	,rank() over (order by currency_ratio) as currency_rank
 	from
 	(	select 
 		cs.cs_item_sk as item
 		,(cast(sum(coalesce(cr.cr_return_quantity,0)) as decimal(15,4))/
 		cast(sum(coalesce(cs.cs_quantity,0)) as decimal(15,4) )) as return_ratio
 		,(cast(sum(coalesce(cr.cr_return_amount,0)) as decimal(15,4))/
 		cast(sum(coalesce(cs.cs_net_paid,0)) as decimal(15,4) )) as currency_ratio
 		from 
 		catalog_sales cs left outer join catalog_returns cr
 			on (cs.cs_order_number = cr.cr_order_number and 
 			cs.cs_item_sk = cr.cr_item_sk)
                ,date_dim
 		where 
 			cr.cr_return_amount > 10000 
 			and cs.cs_net_profit > 1
                         and cs.cs_net_paid > 0
                         and cs.cs_quantity > 0
                         and cs_sold_date_sk = d_date_sk
                         and d_year = 2002
                         and d_moy = 11
                 group by cs.cs_item_sk
 	) in_cat
 ) catalog
 where 
 (
 catalog.return_rank <= 10
 or
 catalog.currency_rank <=10
 )
 union
 select 
 'store' as channel
 ,store.item
 ,store.return_ratio
 ,store.return_rank
 ,store.currency_rank
 from (
 	select 
 	 item
 	,return_ratio
 	,currency_ratio
 	,rank() over (order by return_ratio) as return_rank
 	,rank() over (order by currency_ratio) as currency_rank
 	from
 	(	select sts.ss_item_sk as item
 		,(cast(sum(coalesce(sr.sr_return_quantity,0)) as decimal(15,4))/cast(sum(coalesce(sts.ss_quantity,0)) as decimal(15,4) )) as return_ratio
 		,(cast(sum(coalesce(sr.sr_return_amt,0)) as decimal(15,4))/cast(sum(coalesce(sts.ss_net_paid,0)) as decimal(15,4) )) as currency_ratio
 		from 
 		store_sales sts left outer join store_returns sr
 			on (sts.ss_ticket_number = sr.sr_ticket_number and sts.ss_item_sk = sr.sr_item_sk)
                ,date_dim
 		where 
 			sr.sr_return_amt > 10000 
 			and sts.ss_net_profit > 1
                         and sts.ss_net_paid > 0 
                         and sts.ss_quantity > 0
                         and ss_sold_date_sk = d_date_sk
                         and d_year = 2002
                         and d_moy = 11
 		group by sts.ss_item_sk
 	) in_store
 ) store
 where  (
 store.return_rank <= 10
 or 
 store.currency_rank <= 10
 )
 ) query49
 order by 1,4,5,2
 limit 100;
psql:/tmp/s1-basline/throughput/query_4.sql:4658: NOTICE:  duration: 109.351 ms  plan:
Query Text: select  channel, item, return_ratio, return_rank, currency_rank from
 (select
 'web' as channel
 ,web.item
 ,web.return_ratio
 ,web.return_rank
 ,web.currency_rank
 from (
 	select 
 	 item
 	,return_ratio
 	,currency_ratio
 	,rank() over (order by return_ratio) as return_rank
 	,rank() over (order by currency_ratio) as currency_rank
 	from
 	(	select ws.ws_item_sk as item
 		,(cast(sum(coalesce(wr.wr_return_quantity,0)) as decimal(15,4))/
 		cast(sum(coalesce(ws.ws_quantity,0)) as decimal(15,4) )) as return_ratio
 		,(cast(sum(coalesce(wr.wr_return_amt,0)) as decimal(15,4))/
 		cast(sum(coalesce(ws.ws_net_paid,0)) as decimal(15,4) )) as currency_ratio
 		from 
 		 web_sales ws left outer join web_returns wr 
 			on (ws.ws_order_number = wr.wr_order_number and 
 			ws.ws_item_sk = wr.wr_item_sk)
                 ,date_dim
 		where 
 			wr.wr_return_amt > 10000 
 			and ws.ws_net_profit > 1
                         and ws.ws_net_paid > 0
                         and ws.ws_quantity > 0
                         and ws_sold_date_sk = d_date_sk
                         and d_year = 2002
                         and d_moy = 11
 		group by ws.ws_item_sk
 	) in_web
 ) web
 where 
 (
 web.return_rank <= 10
 or
 web.currency_rank <= 10
 )
 union
 select 
 'catalog' as channel
 ,catalog.item
 ,catalog.return_ratio
 ,catalog.return_rank
 ,catalog.currency_rank
 from (
 	select 
 	 item
 	,return_ratio
 	,currency_ratio
 	,rank() over (order by return_ratio) as return_rank
 	,rank() over (order by currency_ratio) as currency_rank
 	from
 	(	select 
 		cs.cs_item_sk as item
 		,(cast(sum(coalesce(cr.cr_return_quantity,0)) as decimal(15,4))/
 		cast(sum(coalesce(cs.cs_quantity,0)) as decimal(15,4) )) as return_ratio
 		,(cast(sum(coalesce(cr.cr_return_amount,0)) as decimal(15,4))/
 		cast(sum(coalesce(cs.cs_net_paid,0)) as decimal(15,4) )) as currency_ratio
 		from 
 		catalog_sales cs left outer join catalog_returns cr
 			on (cs.cs_order_number = cr.cr_order_number and 
 			cs.cs_item_sk = cr.cr_item_sk)
                ,date_dim
 		where 
 			cr.cr_return_amount > 10000 
 			and cs.cs_net_profit > 1
                         and cs.cs_net_paid > 0
                         and cs.cs_quantity > 0
                         and cs_sold_date_sk = d_date_sk
                         and d_year = 2002
                         and d_moy = 11
                 group by cs.cs_item_sk
 	) in_cat
 ) catalog
 where 
 (
 catalog.return_rank <= 10
 or
 catalog.currency_rank <=10
 )
 union
 select 
 'store' as channel
 ,store.item
 ,store.return_ratio
 ,store.return_rank
 ,store.currency_rank
 from (
 	select 
 	 item
 	,return_ratio
 	,currency_ratio
 	,rank() over (order by return_ratio) as return_rank
 	,rank() over (order by currency_ratio) as currency_rank
 	from
 	(	select sts.ss_item_sk as item
 		,(cast(sum(coalesce(sr.sr_return_quantity,0)) as decimal(15,4))/cast(sum(coalesce(sts.ss_quantity,0)) as decimal(15,4) )) as return_ratio
 		,(cast(sum(coalesce(sr.sr_return_amt,0)) as decimal(15,4))/cast(sum(coalesce(sts.ss_net_paid,0)) as decimal(15,4) )) as currency_ratio
 		from 
 		store_sales sts left outer join store_returns sr
 			on (sts.ss_ticket_number = sr.sr_ticket_number and sts.ss_item_sk = sr.sr_item_sk)
                ,date_dim
 		where 
 			sr.sr_return_amt > 10000 
 			and sts.ss_net_profit > 1
                         and sts.ss_net_paid > 0 
                         and sts.ss_quantity > 0
                         and ss_sold_date_sk = d_date_sk
                         and d_year = 2002
                         and d_moy = 11
 		group by sts.ss_item_sk
 	) in_store
 ) store
 where  (
 store.return_rank <= 10
 or 
 store.currency_rank <= 10
 )
 ) query49
 order by 1,4,5,2
 limit 100;
Limit  (cost=22516.98..22516.99 rows=3 width=88) (actual time=109.314..109.330 rows=30 loops=1)
  ->  Sort  (cost=22516.98..22516.99 rows=3 width=88) (actual time=109.312..109.326 rows=30 loops=1)
        Sort Key: ('web'::text), web.return_rank, web.currency_rank, web.item
        Sort Method: quicksort  Memory: 27kB
        ->  HashAggregate  (cost=22516.90..22516.93 rows=3 width=88) (actual time=109.280..109.299 rows=30 loops=1)
              Group Key: ('web'::text), web.item, web.return_ratio, web.return_rank, web.currency_rank
              Batches: 1  Memory Usage: 32kB
              ->  Append  (cost=4434.66..22516.86 rows=3 width=88) (actual time=14.545..109.268 rows=30 loops=1)
                    ->  Subquery Scan on web  (cost=4434.66..4434.69 rows=1 width=88) (actual time=14.543..14.559 rows=10 loops=1)
                          Filter: ((web.return_rank <= 10) OR (web.currency_rank <= 10))
                          Rows Removed by Filter: 4
                          ->  WindowAgg  (cost=4434.66..4434.68 rows=1 width=88) (actual time=14.542..14.556 rows=14 loops=1)
                                ->  Sort  (cost=4434.66..4434.66 rows=1 width=80) (actual time=14.538..14.544 rows=14 loops=1)
                                      Sort Key: in_web.return_ratio
                                      Sort Method: quicksort  Memory: 26kB
                                      ->  WindowAgg  (cost=4434.63..4434.65 rows=1 width=80) (actual time=14.522..14.536 rows=14 loops=1)
                                            ->  Sort  (cost=4434.63..4434.63 rows=1 width=72) (actual time=14.515..14.520 rows=14 loops=1)
                                                  Sort Key: in_web.currency_ratio
                                                  Sort Method: quicksort  Memory: 26kB
                                                  ->  Subquery Scan on in_web  (cost=4434.56..4434.62 rows=1 width=72) (actual time=14.472..14.512 rows=14 loops=1)
                                                        ->  GroupAggregate  (cost=4434.56..4434.61 rows=1 width=72) (actual time=14.472..14.509 rows=14 loops=1)
                                                              Group Key: ws.ws_item_sk
                                                              ->  Sort  (cost=4434.56..4434.56 rows=1 width=32) (actual time=14.450..14.453 rows=14 loops=1)
                                                                    Sort Key: ws.ws_item_sk
                                                                    Sort Method: quicksort  Memory: 25kB
                                                                    ->  Nested Loop  (cost=0.72..4434.55 rows=1 width=32) (actual time=0.167..14.443 rows=14 loops=1)
                                                                          ->  Nested Loop  (cost=0.42..4434.22 rows=1 width=40) (actual time=0.040..13.585 rows=545 loops=1)
                                                                                ->  Seq Scan on web_returns wr  (cost=0.00..2789.69 rows=654 width=28) (actual time=0.027..11.009 rows=601 loops=1)
                                                                                      Filter: (wr_return_amt > '10000'::double precision)
                                                                                      Rows Removed by Filter: 71214
                                                                                ->  Index Scan using pk_web_sales on web_sales ws  (cost=0.42..2.51 rows=1 width=36) (actual time=0.004..0.004 rows=1 loops=601)
                                                                                      Index Cond: ((ws_item_sk = wr.wr_item_sk) AND (ws_order_number = wr.wr_order_number))
                                                                                      Filter: ((ws_net_profit > '1'::double precision) AND (ws_net_paid > '0'::double precision) AND (ws_quantity > 0))
                                                                                      Rows Removed by Filter: 0
                                                                          ->  Index Scan using pk_date_dim on date_dim  (cost=0.29..0.32 rows=1 width=8) (actual time=0.001..0.001 rows=0 loops=545)
                                                                                Index Cond: (d_date_sk = ws.ws_sold_date_sk)
                                                                                Filter: ((d_year = 2002) AND (d_moy = 11))
                                                                                Rows Removed by Filter: 1
                    ->  Subquery Scan on catalog  (cost=4216.98..4217.01 rows=1 width=88) (actual time=53.725..53.754 rows=10 loops=1)
                          Filter: ((catalog.return_rank <= 10) OR (catalog.currency_rank <= 10))
                          Rows Removed by Filter: 25
                          ->  WindowAgg  (cost=4216.98..4217.00 rows=1 width=88) (actual time=53.724..53.750 rows=35 loops=1)
                                ->  Sort  (cost=4216.98..4216.98 rows=1 width=80) (actual time=53.721..53.726 rows=35 loops=1)
                                      Sort Key: in_cat.return_ratio
                                      Sort Method: quicksort  Memory: 27kB
                                      ->  WindowAgg  (cost=4216.95..4216.97 rows=1 width=80) (actual time=53.685..53.712 rows=35 loops=1)
                                            ->  Sort  (cost=4216.95..4216.95 rows=1 width=72) (actual time=53.678..53.682 rows=35 loops=1)
                                                  Sort Key: in_cat.currency_ratio
                                                  Sort Method: quicksort  Memory: 27kB
                                                  ->  Subquery Scan on in_cat  (cost=4216.88..4216.94 rows=1 width=72) (actual time=53.575..53.666 rows=35 loops=1)
                                                        ->  GroupAggregate  (cost=4216.88..4216.93 rows=1 width=72) (actual time=53.574..53.662 rows=35 loops=1)
                                                              Group Key: cs.cs_item_sk
                                                              ->  Sort  (cost=4216.88..4216.88 rows=1 width=32) (actual time=53.551..53.555 rows=35 loops=1)
                                                                    Sort Key: cs.cs_item_sk
                                                                    Sort Method: quicksort  Memory: 27kB
                                                                    ->  Nested Loop  (cost=0.85..4216.87 rows=1 width=32) (actual time=6.335..53.539 rows=35 loops=1)
                                                                          ->  Nested Loop  (cost=0.43..4117.86 rows=219 width=28) (actual time=4.455..26.340 rows=18090 loops=1)
                                                                                ->  Seq Scan on date_dim date_dim_1  (cost=0.00..2500.73 rows=29 width=8) (actual time=4.428..8.876 rows=30 loops=1)
                                                                                      Filter: ((d_year = 2002) AND (d_moy = 11))
                                                                                      Rows Removed by Filter: 73019
                                                                                ->  Index Scan using i_cs_sold_date_sk on catalog_sales cs  (cost=0.43..52.75 rows=301 width=36) (actual time=0.006..0.534 rows=603 loops=30)
                                                                                      Index Cond: (cs_sold_date_sk = date_dim_1.d_date_sk)
                                                                                      Filter: ((cs_net_profit > '1'::double precision) AND (cs_net_paid > '0'::double precision) AND (cs_quantity > 0))
                                                                                      Rows Removed by Filter: 955
                                                                          ->  Index Scan using pk_catalog_returns on catalog_returns cr  (cost=0.42..0.45 rows=1 width=28) (actual time=0.001..0.001 rows=0 loops=18090)
                                                                                Index Cond: ((cr_item_sk = cs.cs_item_sk) AND (cr_order_number = cs.cs_order_number))
                                                                                Filter: (cr_return_amount > '10000'::double precision)
                                                                                Rows Removed by Filter: 0
                    ->  Subquery Scan on store  (cost=13865.07..13865.11 rows=1 width=88) (actual time=40.932..40.946 rows=10 loops=1)
                          Filter: ((store.return_rank <= 10) OR (store.currency_rank <= 10))
                          Rows Removed by Filter: 4
                          ->  WindowAgg  (cost=13865.07..13865.09 rows=1 width=88) (actual time=40.930..40.943 rows=14 loops=1)
                                ->  Sort  (cost=13865.07..13865.08 rows=1 width=80) (actual time=40.927..40.929 rows=14 loops=1)
                                      Sort Key: in_store.return_ratio
                                      Sort Method: quicksort  Memory: 26kB
                                      ->  WindowAgg  (cost=13865.04..13865.06 rows=1 width=80) (actual time=40.904..40.917 rows=14 loops=1)
                                            ->  Sort  (cost=13865.04..13865.05 rows=1 width=72) (actual time=40.896..40.898 rows=14 loops=1)
                                                  Sort Key: in_store.currency_ratio
                                                  Sort Method: quicksort  Memory: 26kB
                                                  ->  Subquery Scan on in_store  (cost=13864.97..13865.03 rows=1 width=72) (actual time=40.844..40.888 rows=14 loops=1)
                                                        ->  GroupAggregate  (cost=13864.97..13865.02 rows=1 width=72) (actual time=40.843..40.886 rows=14 loops=1)
                                                              Group Key: sts.ss_item_sk
                                                              ->  Sort  (cost=13864.97..13864.98 rows=1 width=32) (actual time=40.822..40.824 rows=14 loops=1)
                                                                    Sort Key: sts.ss_item_sk
                                                                    Sort Method: quicksort  Memory: 25kB
                                                                    ->  Nested Loop  (cost=0.72..13864.96 rows=1 width=32) (actual time=7.413..40.812 rows=14 loops=1)
                                                                          ->  Nested Loop  (cost=0.43..13864.64 rows=1 width=40) (actual time=0.109..40.193 rows=348 loops=1)
                                                                                ->  Seq Scan on store_returns sr  (cost=0.00..10111.65 rows=1459 width=28) (actual time=0.097..38.051 rows=441 loops=1)
                                                                                      Filter: (sr_return_amt > '10000'::double precision)
                                                                                      Rows Removed by Filter: 286731
                                                                                ->  Index Scan using pk_store_sales on store_sales sts  (cost=0.43..2.57 rows=1 width=36) (actual time=0.005..0.005 rows=1 loops=441)
                                                                                      Index Cond: ((ss_item_sk = sr.sr_item_sk) AND (ss_ticket_number = sr.sr_ticket_number))
                                                                                      Filter: ((ss_net_profit > '1'::double precision) AND (ss_net_paid > '0'::double precision) AND (ss_quantity > 0))
                                                                                      Rows Removed by Filter: 0
                                                                          ->  Index Scan using pk_date_dim on date_dim date_dim_2  (cost=0.29..0.32 rows=1 width=8) (actual time=0.002..0.002 rows=0 loops=348)
                                                                                Index Cond: (d_date_sk = sts.ss_sold_date_sk)
                                                                                Filter: ((d_year = 2002) AND (d_moy = 11))
                                                                                Rows Removed by Filter: 1
 channel | item  |      return_ratio      | return_rank | currency_rank 
---------+-------+------------------------+-------------+---------------
 catalog |  7783 | 0.51724137931034482759 |           1 |             1
 catalog | 13812 | 0.56790123456790123457 |           2 |             2
 catalog |  4087 | 0.57894736842105263158 |           3 |             3
 catalog | 10435 | 0.62820512820512820513 |           4 |             4
 catalog | 13152 | 0.68235294117647058824 |           5 |             5
 catalog | 14743 | 0.68888888888888888889 |           6 |             6
 catalog |  4113 | 0.70370370370370370370 |           7 |             7
 catalog |  5875 | 0.71641791044776119403 |           8 |             8
 catalog | 13071 | 0.76543209876543209877 |           9 |             9
 catalog |  3385 | 0.78350515463917525773 |          10 |            10
 store   |  9456 | 0.00000000000000000000 |           1 |             5
 store   | 11409 | 0.70000000000000000000 |           2 |             1
 store   |  1555 | 0.80208333333333333333 |           3 |             2
 store   | 15205 | 0.83146067415730337079 |           4 |             3
 store   | 11193 | 0.83333333333333333333 |           5 |             4
 store   |  2901 | 0.92307692307692307692 |           6 |             6
 store   |  8329 | 0.93333333333333333333 |           7 |             7
 store   | 14829 | 0.93814432989690721649 |           8 |             8
 store   |  8125 | 0.95238095238095238095 |           9 |             9
 store   |  4765 | 0.97297297297297297297 |          10 |            10
 web     | 17413 | 0.00000000000000000000 |           1 |             9
 web     | 17013 | 0.60919540229885057471 |           2 |             1
 web     |  7713 | 0.61971830985915492958 |           3 |             2
 web     | 10446 | 0.62626262626262626263 |           4 |             3
 web     | 13177 | 0.73626373626373626374 |           5 |             4
 web     | 13101 | 0.76530612244897959184 |           6 |             8
 web     | 16965 | 0.81818181818181818182 |           7 |             5
 web     |  9729 | 0.83544303797468354430 |           8 |             6
 web     | 13251 | 0.84905660377358490566 |           9 |             7
 web     |  9078 | 0.89887640449438202247 |          10 |            10
(30 rows)

UPDATE time_statistics SET e_time = TRANSACTION_TIMESTAMP() WHERE template = '../query_postgresql/query49.tpl' AND stream = 4;
psql:/tmp/s1-basline/throughput/query_4.sql:4660: NOTICE:  duration: 0.052 ms  plan:
Query Text: UPDATE time_statistics SET e_time = TRANSACTION_TIMESTAMP() WHERE template = '../query_postgresql/query49.tpl' AND stream = 4;
Update on time_statistics  (cost=0.00..7.87 rows=0 width=0) (actual time=0.052..0.052 rows=0 loops=1)
  ->  Seq Scan on time_statistics  (cost=0.00..7.87 rows=1 width=14) (actual time=0.037..0.037 rows=1 loops=1)
        Filter: ((template = '../query_postgresql/query49.tpl'::text) AND (stream = 4))
        Rows Removed by Filter: 273
UPDATE 1
LOAD 'auto_explain'; SET auto_explain.log_min_duration TO 0; SET auto_explain.log_analyze TO on; SET auto_explain.log_level TO notice; INSERT INTO time_statistics (template, s_time, stream, query, seed) VALUES ('query11.tpl', TRANSACTION_TIMESTAMP(), 4, 95, 1483854920);
LOAD
SET
SET
SET
psql:/tmp/s1-basline/throughput/query_4.sql:4661: NOTICE:  duration: 0.008 ms  plan:
Query Text: INSERT INTO time_statistics (template, s_time, stream, query, seed) VALUES ('query11.tpl', TRANSACTION_TIMESTAMP(), 4, 95, 1483854920);
Insert on time_statistics  (cost=0.00..0.01 rows=0 width=0) (actual time=0.008..0.008 rows=0 loops=1)
  ->  Result  (cost=0.00..0.01 rows=1 width=64) (actual time=0.002..0.002 rows=1 loops=1)
INSERT 0 1
with year_total as (
 select c_customer_id customer_id
       ,c_first_name customer_first_name
       ,c_last_name customer_last_name
       ,c_preferred_cust_flag customer_preferred_cust_flag
       ,c_birth_country customer_birth_country
       ,c_login customer_login
       ,c_email_address customer_email_address
       ,d_year dyear
       ,sum(ss_ext_list_price-ss_ext_discount_amt) year_total
       ,'s' sale_type
 from customer
     ,store_sales
     ,date_dim
 where c_customer_sk = ss_customer_sk
   and ss_sold_date_sk = d_date_sk
 group by c_customer_id
         ,c_first_name
         ,c_last_name
         ,c_preferred_cust_flag 
         ,c_birth_country
         ,c_login
         ,c_email_address
         ,d_year 
 union all
 select c_customer_id customer_id
       ,c_first_name customer_first_name
       ,c_last_name customer_last_name
       ,c_preferred_cust_flag customer_preferred_cust_flag
       ,c_birth_country customer_birth_country
       ,c_login customer_login
       ,c_email_address customer_email_address
       ,d_year dyear
       ,sum(ws_ext_list_price-ws_ext_discount_amt) year_total
       ,'w' sale_type
 from customer
     ,web_sales
     ,date_dim
 where c_customer_sk = ws_bill_customer_sk
   and ws_sold_date_sk = d_date_sk
 group by c_customer_id
         ,c_first_name
         ,c_last_name
         ,c_preferred_cust_flag 
         ,c_birth_country
         ,c_login
         ,c_email_address
         ,d_year
         )
  select  
                  t_s_secyear.customer_id
                 ,t_s_secyear.customer_first_name
                 ,t_s_secyear.customer_last_name
                 ,t_s_secyear.customer_email_address
 from year_total t_s_firstyear
     ,year_total t_s_secyear
     ,year_total t_w_firstyear
     ,year_total t_w_secyear
 where t_s_secyear.customer_id = t_s_firstyear.customer_id
         and t_s_firstyear.customer_id = t_w_secyear.customer_id
         and t_s_firstyear.customer_id = t_w_firstyear.customer_id
         and t_s_firstyear.sale_type = 's'
         and t_w_firstyear.sale_type = 'w'
         and t_s_secyear.sale_type = 's'
         and t_w_secyear.sale_type = 'w'
         and t_s_firstyear.dyear = 1998
         and t_s_secyear.dyear = 1998+1
         and t_w_firstyear.dyear = 1998
         and t_w_secyear.dyear = 1998+1
         and t_s_firstyear.year_total > 0
         and t_w_firstyear.year_total > 0
         and case when t_w_firstyear.year_total > 0 then t_w_secyear.year_total / t_w_firstyear.year_total else 0.0 end
             > case when t_s_firstyear.year_total > 0 then t_s_secyear.year_total / t_s_firstyear.year_total else 0.0 end
 order by t_s_secyear.customer_id
         ,t_s_secyear.customer_first_name
         ,t_s_secyear.customer_last_name
         ,t_s_secyear.customer_email_address
limit 100;
psql:/tmp/s1-basline/throughput/query_4.sql:4739: NOTICE:  duration: 2100909.805 ms  plan:
Query Text: with year_total as (
 select c_customer_id customer_id
       ,c_first_name customer_first_name
       ,c_last_name customer_last_name
       ,c_preferred_cust_flag customer_preferred_cust_flag
       ,c_birth_country customer_birth_country
       ,c_login customer_login
       ,c_email_address customer_email_address
       ,d_year dyear
       ,sum(ss_ext_list_price-ss_ext_discount_amt) year_total
       ,'s' sale_type
 from customer
     ,store_sales
     ,date_dim
 where c_customer_sk = ss_customer_sk
   and ss_sold_date_sk = d_date_sk
 group by c_customer_id
         ,c_first_name
         ,c_last_name
         ,c_preferred_cust_flag 
         ,c_birth_country
         ,c_login
         ,c_email_address
         ,d_year 
 union all
 select c_customer_id customer_id
       ,c_first_name customer_first_name
       ,c_last_name customer_last_name
       ,c_preferred_cust_flag customer_preferred_cust_flag
       ,c_birth_country customer_birth_country
       ,c_login customer_login
       ,c_email_address customer_email_address
       ,d_year dyear
       ,sum(ws_ext_list_price-ws_ext_discount_amt) year_total
       ,'w' sale_type
 from customer
     ,web_sales
     ,date_dim
 where c_customer_sk = ws_bill_customer_sk
   and ws_sold_date_sk = d_date_sk
 group by c_customer_id
         ,c_first_name
         ,c_last_name
         ,c_preferred_cust_flag 
         ,c_birth_country
         ,c_login
         ,c_email_address
         ,d_year
         )
  select  
                  t_s_secyear.customer_id
                 ,t_s_secyear.customer_first_name
                 ,t_s_secyear.customer_last_name
                 ,t_s_secyear.customer_email_address
 from year_total t_s_firstyear
     ,year_total t_s_secyear
     ,year_total t_w_firstyear
     ,year_total t_w_secyear
 where t_s_secyear.customer_id = t_s_firstyear.customer_id
         and t_s_firstyear.customer_id = t_w_secyear.customer_id
         and t_s_firstyear.customer_id = t_w_firstyear.customer_id
         and t_s_firstyear.sale_type = 's'
         and t_w_firstyear.sale_type = 'w'
         and t_s_secyear.sale_type = 's'
         and t_w_secyear.sale_type = 'w'
         and t_s_firstyear.dyear = 1998
         and t_s_secyear.dyear = 1998+1
         and t_w_firstyear.dyear = 1998
         and t_w_secyear.dyear = 1998+1
         and t_s_firstyear.year_total > 0
         and t_w_firstyear.year_total > 0
         and case when t_w_firstyear.year_total > 0 then t_w_secyear.year_total / t_w_firstyear.year_total else 0.0 end
             > case when t_s_firstyear.year_total > 0 then t_s_secyear.year_total / t_s_firstyear.year_total else 0.0 end
 order by t_s_secyear.customer_id
         ,t_s_secyear.customer_first_name
         ,t_s_secyear.customer_last_name
         ,t_s_secyear.customer_email_address
limit 100;
Limit  (cost=1154110.93..1154110.94 rows=1 width=480) (actual time=2100909.739..2100909.761 rows=97 loops=1)
  CTE year_total
    ->  Append  (cost=406758.05..802992.99 rows=3343703 width=231) (actual time=3620.500..5332.933 rows=247245 loops=1)
          ->  HashAggregate  (cost=406758.05..581655.90 rows=2624493 width=231) (actual time=3620.499..4281.033 rows=190755 loops=1)
                Group Key: customer.c_customer_id, customer.c_first_name, customer.c_last_name, customer.c_preferred_cust_flag, customer.c_birth_country, customer.c_login, customer.c_email_address, date_dim.d_year
                Planned Partitions: 32  Batches: 33  Memory Usage: 33049kB  Disk Usage: 226320kB
                ->  Hash Join  (cost=8459.60..125137.65 rows=2624493 width=207) (actual time=70.322..1743.426 rows=2683562 loops=1)
                      Hash Cond: (store_sales.ss_sold_date_sk = date_dim.d_date_sk)
                      ->  Hash Join  (cost=5411.00..114877.49 rows=2747105 width=211) (actual time=50.808..1269.852 rows=2748429 loops=1)
                            Hash Cond: (store_sales.ss_customer_sk = customer.c_customer_sk)
                            ->  Seq Scan on store_sales  (cost=0.00..101911.56 rows=2877956 width=32) (actual time=0.004..219.572 rows=2877928 loops=1)
                            ->  Hash  (cost=4161.00..4161.00 rows=100000 width=195) (actual time=50.734..50.735 rows=100000 loops=1)
                                  Buckets: 131072  Batches: 1  Memory Usage: 17780kB
                                  ->  Seq Scan on customer  (cost=0.00..4161.00 rows=100000 width=195) (actual time=0.004..28.232 rows=100000 loops=1)
                      ->  Hash  (cost=2135.49..2135.49 rows=73049 width=12) (actual time=19.448..19.449 rows=73049 loops=1)
                            Buckets: 131072  Batches: 1  Memory Usage: 4449kB
                            ->  Seq Scan on date_dim  (cost=0.00..2135.49 rows=73049 width=12) (actual time=0.005..10.696 rows=73049 loops=1)
          ->  HashAggregate  (cost=123252.93..171181.54 rows=719210 width=231) (actual time=1020.468..1037.124 rows=56490 loops=1)
                Group Key: customer_1.c_customer_id, customer_1.c_first_name, customer_1.c_last_name, customer_1.c_preferred_cust_flag, customer_1.c_birth_country, customer_1.c_login, customer_1.c_email_address, date_dim_1.d_year
                Planned Partitions: 16  Batches: 1  Memory Usage: 19481kB
                ->  Hash Join  (cost=8459.60..46078.33 rows=719210 width=207) (actual time=71.794..545.449 rows=719192 loops=1)
                      Hash Cond: (web_sales.ws_sold_date_sk = date_dim_1.d_date_sk)
                      ->  Hash Join  (cost=5411.00..41141.44 rows=719306 width=211) (actual time=52.748..402.522 rows=719268 loops=1)
                            Hash Cond: (web_sales.ws_bill_customer_sk = customer_1.c_customer_sk)
                            ->  Seq Scan on web_sales  (cost=0.00..33841.74 rows=719474 width=32) (actual time=0.005..62.882 rows=719474 loops=1)
                            ->  Hash  (cost=4161.00..4161.00 rows=100000 width=195) (actual time=52.664..52.665 rows=100000 loops=1)
                                  Buckets: 131072  Batches: 1  Memory Usage: 17780kB
                                  ->  Seq Scan on customer customer_1  (cost=0.00..4161.00 rows=100000 width=195) (actual time=0.005..29.725 rows=100000 loops=1)
                      ->  Hash  (cost=2135.49..2135.49 rows=73049 width=12) (actual time=18.964..18.965 rows=73049 loops=1)
                            Buckets: 131072  Batches: 1  Memory Usage: 4449kB
                            ->  Seq Scan on date_dim date_dim_1  (cost=0.00..2135.49 rows=73049 width=12) (actual time=0.012..10.077 rows=73049 loops=1)
  ->  Sort  (cost=351117.95..351117.95 rows=1 width=480) (actual time=2100909.738..2100909.745 rows=97 loops=1)
        Sort Key: t_s_secyear.customer_id, t_s_secyear.customer_first_name, t_s_secyear.customer_last_name, t_s_secyear.customer_email_address
        Sort Method: quicksort  Memory: 50kB
        ->  Nested Loop  (cost=0.00..351117.94 rows=1 width=480) (actual time=23568.831..2100909.472 rows=97 loops=1)
              Join Filter: ((t_s_secyear.customer_id = t_w_secyear.customer_id) AND (CASE WHEN (t_w_firstyear.year_total > '0'::double precision) THEN (t_w_secyear.year_total / t_w_firstyear.year_total) ELSE '0'::double precision END > CASE WHEN (t_s_firstyear.year_total > '0'::double precision) THEN (t_s_secyear.year_total / t_s_firstyear.year_total) ELSE '0'::double precision END))
              Rows Removed by Join Filter: 18563777
              ->  Nested Loop  (cost=0.00..267520.32 rows=2 width=640) (actual time=5596.867..2025797.040 rows=1634 loops=1)
                    Join Filter: (t_s_firstyear.customer_id = t_s_secyear.customer_id)
                    Rows Removed by Join Filter: 161299873
                    ->  Nested Loop  (cost=0.00..183921.03 rows=4 width=152) (actual time=5590.180..1812824.748 rows=4209 loops=1)
                          Join Filter: (t_s_firstyear.customer_id = t_w_firstyear.customer_id)
                          Rows Removed by Join Filter: 425026401
                          ->  CTE Scan on year_total t_s_firstyear  (cost=0.00..91951.83 rows=28 width=76) (actual time=3620.515..3731.541 rows=37610 loops=1)
                                Filter: ((year_total > '0'::double precision) AND (sale_type = 's'::text) AND (dyear = 1998))
                                Rows Removed by Filter: 209635
                          ->  CTE Scan on year_total t_w_firstyear  (cost=0.00..91951.83 rows=28 width=76) (actual time=35.748..47.281 rows=11301 loops=37610)
                                Filter: ((year_total > '0'::double precision) AND (sale_type = 'w'::text) AND (dyear = 1998))
                                Rows Removed by Filter: 235944
                    ->  CTE Scan on year_total t_s_secyear  (cost=0.00..83592.58 rows=84 width=488) (actual time=0.002..47.910 rows=38323 loops=4209)
                          Filter: ((sale_type = 's'::text) AND (dyear = 1999))
                          Rows Removed by Filter: 208922
              ->  CTE Scan on year_total t_w_secyear  (cost=0.00..83592.58 rows=84 width=76) (actual time=34.066..45.169 rows=11361 loops=1634)
                    Filter: ((sale_type = 'w'::text) AND (dyear = 1999))
                    Rows Removed by Filter: 235884
   customer_id    | customer_first_name  |       customer_last_name       |               customer_email_address               
------------------+----------------------+--------------------------------+----------------------------------------------------
 AAAAAAAAABNHAAAA | Bill                 | Watson                         | Bill.Watson@tQn7GVLtpdINBc.org                    
 AAAAAAAAACNKAAAA | Bessie               | Herbert                        | Bessie.Herbert@ObmiHJ5GpO8r.edu                   
 AAAAAAAAAIGEAAAA | Sandra               | Sanchez                        | Sandra.Sanchez@01sUJaT0M4ZD.org                   
 AAAAAAAAAIGHAAAA | Stephen              | Quinones                       | Stephen.Quinones@bfyClUNYCgPPLa.org               
 AAAAAAAAAIHCAAAA | Bernadette           | Elam                           | Bernadette.Elam@ZdDrUDAbSDjh.com                  
 AAAAAAAAAIIEAAAA | Kathleen             | Knight                         | Kathleen.Knight@dPLrctMnc248Tl.edu                
 AAAAAAAABCJGAAAA | Brian                | Moses                          | Brian.Moses@Kkpde.org                             
 AAAAAAAABDBABAAA | Jeff                 | Shepherd                       | Jeff.Shepherd@9VtFg3cjfBroG.org                   
 AAAAAAAABDMGBAAA | Jason                | Lyman                          | Jason.Lyman@A7mT6.edu                             
 AAAAAAAABDPHBAAA | Raquel               | Lynch                          | Raquel.Lynch@AaYH8.org                            
 AAAAAAAABGAHBAAA | Eduardo              | Patterson                      | Eduardo.Patterson@FNhDVAxB1o8veccj.com            
 AAAAAAAABKLDAAAA | Olga                 | Lozano                         | Olga.Lozano@iOiiq0hc.org                          
 AAAAAAAABLHOAAAA | Robert               |                                | 
 AAAAAAAABNEBAAAA | Irene                | Velasco                        | Irene.Velasco@5.edu                               
 AAAAAAAABOJPAAAA | Robert               | Jackson                        | Robert.Jackson@5C44.com                           
 AAAAAAAACAIHAAAA | Robert               | Lee                            | Robert.Lee@neheopzqaZg.edu                        
 AAAAAAAACBAFAAAA | Heather              | Franco                         | Heather.Franco@zKdZ0gBcm8Tu9OsuM.com              
 AAAAAAAACDBABAAA | Nancy                | Castillo                       | Nancy.Castillo@jKfDgUydizt.org                    
 AAAAAAAACEDFAAAA | Etta                 | Florez                         | Etta.Florez@5LSoCscX.org                          
 AAAAAAAACFMOAAAA | Nichole              | Thornton                       | Nichole.Thornton@j67i6.com                        
 AAAAAAAACMFDBAAA | Timothy              | Kelly                          | Timothy.Kelly@BMF9O8x93Xb.org                     
 AAAAAAAACPIEAAAA | Stephanie            | Lopez                          | Stephanie.Lopez@cT0CrYGMEuzfMkm.com               
 AAAAAAAACPMEAAAA | Crystal              | Lawrence                       | Crystal.Lawrence@z5Kknovy.com                     
 AAAAAAAADBKGAAAA | Clarence             | Cunningham                     | Clarence.Cunningham@aUqcy0F2.org                  
 AAAAAAAADHMNAAAA | Sheryl               | Jansen                         | Sheryl.Jansen@hV3joXJkpJgiNx.org                  
 AAAAAAAAEFANAAAA | Dennis               | Williams                       | Dennis.Williams@TEYtc.com                         
 AAAAAAAAEKJIAAAA | Mitchell             | Cole                           | Mitchell.Cole@yR.org                              
 AAAAAAAAEMOJAAAA | Gerald               | Dodd                           | Gerald.Dodd@nLbr.org                              
 AAAAAAAAENHEAAAA | Fernando             | Hernandez                      | Fernando.Hernandez@GoZgOotNNOljbZh.org            
 AAAAAAAAFGGFAAAA | Nathaniel            | Walker                         | Nathaniel.Walker@srd9NfJ6aPHoAi.edu               
 AAAAAAAAFJOJAAAA | Derrick              | Prieto                         | Derrick.Prieto@oAAD5U0fA.com                      
 AAAAAAAAFLCABAAA | Joyce                | Thompson                       | Joyce.Thompson@UnI1Roe6.com                       
 AAAAAAAAFMPFAAAA | Marvin               | Logan                          | Marvin.Logan@Ft8cT3a53r6X.edu                     
 AAAAAAAAFOKLAAAA | Dean                 | Payton                         | Dean.Payton@ts.edu                                
 AAAAAAAAGFBJAAAA | Arlene               | Wyant                          | Arlene.Wyant@bcAkc.com                            
 AAAAAAAAGGDHBAAA | Rose                 | Keyes                          | Rose.Keyes@cRqeA6ISg.edu                          
 AAAAAAAAGGJCBAAA | Jesse                | Hill                           | Jesse.Hill@Fgs.edu                                
 AAAAAAAAGHOEBAAA | Carrie               | Tracy                          | Carrie.Tracy@D9D3e.com                            
 AAAAAAAAGNPPAAAA | Dora                 | Copeland                       | Dora.Copeland@6K0BAfSIRrfEto.com                  
 AAAAAAAAHBOCAAAA | Michael              | Duncan                         | Michael.Duncan@qS1pE4Vuz5.com                     
 AAAAAAAAHDPFBAAA | Millard              | Johnston                       | Millard.Johnston@HaS0JQjYdRfaXo4PA.edu            
 AAAAAAAAHNEPAAAA | Donna                | Murphy                         | Donna.Murphy@bjepyt2ORJE2Ya.edu                   
 AAAAAAAAHNLMAAAA | Mei                  | Johnson                        | Mei.Johnson@F961TPqT8zsZIO.edu                    
 AAAAAAAAIBPPAAAA | David                | Clark                          | David.Clark@DSEYiJHIQUBb.edu                      
 AAAAAAAAICCPAAAA | James                | Guinn                          | James.Guinn@2V5GDAFbMPvGxd6gQyQ.com               
 AAAAAAAAIDCIBAAA | Amanda               | Moore                          | Amanda.Moore@d5Nec7Sx1Dg.com                      
 AAAAAAAAIMIMAAAA | Herman               | Carr                           | Herman.Carr@zGRvdv.com                            
 AAAAAAAAJDEFAAAA | Albert               | Thomas                         | Albert.Thomas@E3Q1shgMsSBa.org                    
 AAAAAAAAJHIIAAAA | Carl                 | Kendall                        | Carl.Kendall@vT6A28dRLupQ.edu                     
 AAAAAAAAJJDAAAAA | Donald               | Villasenor                     | Donald.Villasenor@J9II2cqufzic.org                
 AAAAAAAAJKEJAAAA | Charlene             | Cash                           | Charlene.Cash@gcZIb.edu                           
 AAAAAAAAJMHKAAAA | Sylvia               | Harris                         | Sylvia.Harris@N5.com                              
 AAAAAAAAKALFBAAA | Dorothy              | Pierce                         | Dorothy.Pierce@BHb.org                            
 AAAAAAAAKLFKAAAA | Aubrey               | Washburn                       | Aubrey.Washburn@oqp4oveuBA.com                    
 AAAAAAAAKMHPAAAA | Melody               | Lambert                        | Melody.Lambert@Gg2qDHLpOMRM.com                   
 AAAAAAAAKNEKAAAA | Nathan               | Vaughn                         | Nathan.Vaughn@FdDdq5No31IT.org                    
 AAAAAAAAKNGKAAAA | Brian                | Singletary                     | Brian.Singletary@fO561P.com                       
 AAAAAAAALAEGBAAA | Amelia               | Poole                          | Amelia.Poole@rN.edu                               
 AAAAAAAALBGMAAAA | Curtis               | Madden                         | Curtis.Madden@7Uies9RTgh4dRM.edu                  
 AAAAAAAALBLAAAAA | Burton               | George                         | Burton.George@CD.org                              
 AAAAAAAALFNBAAAA | Stephen              | Curry                          | Stephen.Curry@XULbkLPojFy.org                     
 AAAAAAAALFPFBAAA | Emery                | Garcia                         | Emery.Garcia@NYDgeoutR8y7I.org                    
 AAAAAAAALGNLAAAA | Edward               | Maxwell                        | Edward.Maxwell@gqegtJrdUcPZMx1PI.org              
 AAAAAAAALHIMAAAA | Karen                | Martinez                       | Karen.Martinez@q47LR8eVMJ.org                     
 AAAAAAAALHJJAAAA | William              | Marshall                       | William.Marshall@dBBIgsysX1DBvHr.edu              
 AAAAAAAALIAABAAA | Joseph               | Parker                         | Joseph.Parker@IaTT.com                            
 AAAAAAAALJGDAAAA | Michael              | Marshall                       | Michael.Marshall@Kv.edu                           
 AAAAAAAALJODAAAA | William              | Drummond                       | William.Drummond@vslcCEcAbz7dPBy.org              
 AAAAAAAALLDBBAAA | Molly                | Cruse                          | Molly.Cruse@CVq4HY6YchP.edu                       
 AAAAAAAALNKCBAAA | Billy                | Zimmerman                      | Billy.Zimmerman@RhMZM7FYTQQ.com                   
 AAAAAAAALOADAAAA | Autumn               | Bentley                        | Autumn.Bentley@rx6Kp5CB2mrX.com                   
 AAAAAAAALOBJAAAA | Edward               | Moore                          | Edward.Moore@gROqDnSyt.edu                        
 AAAAAAAAMDECBAAA | Angelique            | Gilchrist                      | Angelique.Gilchrist@ebk1bkJMcprOcPAl.org          
 AAAAAAAAMGBABAAA | Amanda               | Ramirez                        | Amanda.Ramirez@lvfLZbILc.org                      
 AAAAAAAAMJCNAAAA | Richard              | Wright                         | Richard.Wright@pxJQVKT5uzOMc.org                  
 AAAAAAAAMKHJAAAA | Santiago             | Bryant                         | Santiago.Bryant@RyF0.com                          
 AAAAAAAAMLCLAAAA | Barry                | Curtis                         | Barry.Curtis@izitl.edu                            
 AAAAAAAAMNGDAAAA |                      |                                | Leroy.Leonard@bJjgUxdZA9.com                      
 AAAAAAAAMPCHAAAA | Robert               | Murphy                         | Robert.Murphy@0oeoyqG5sX.edu                      
 AAAAAAAANBLDAAAA | Michael              | Frank                          | Michael.Frank@Dy2T6jQrO.org                       
 AAAAAAAANEGMAAAA | Brandon              | Hall                           | Brandon.Hall@nmB.org                              
 AAAAAAAANHHIAAAA | Clarence             | Ferguson                       | Clarence.Ferguson@GuX95c.org                      
 AAAAAAAANMOIAAAA | Daniel               | Alvarez                        | Daniel.Alvarez@EU.org                             
 AAAAAAAANPLDAAAA | Steve                | Scott                          | Steve.Scott@yug7sybAxM3.edu                       
 AAAAAAAAODKFBAAA | Antonia              | Crowe                          | Antonia.Crowe@CeIGu3L2AJRzX.org                   
 AAAAAAAAODPCAAAA | Manuel               | Sawyer                         | Manuel.Sawyer@7kVp4qblaahzOC.edu                  
 AAAAAAAAOEJMAAAA | June                 | Daniels                        | June.Daniels@F6fLghV1C7xM.org                     
 AAAAAAAAOHCLAAAA | Dora                 | Pacheco                        | Dora.Pacheco@NyA5MmqHOp6nA.com                    
 AAAAAAAAOKCDBAAA | Leigh                | Smith                          | Leigh.Smith@QRJ1X1ux3.org                         
 AAAAAAAAONGBAAAA | Cody                 | Macias                         | Cody.Macias@87.org                                
 AAAAAAAAPBMKAAAA | Kara                 | Clouse                         | Kara.Clouse@MbLJtHoqCFS.com                       
 AAAAAAAAPBNLAAAA |                      |                                | Theodore.Kinney@qZNqxsDmo35Jy.com                 
 AAAAAAAAPDMGAAAA | Christi              |                                | Christi.Castro@P2rX6ouEAiOhN.com                  
 AAAAAAAAPEBHAAAA | Willie               | Smith                          | Willie.Smith@qc59LU9c.edu                         
 AAAAAAAAPEDGAAAA | Rebecca              | Nation                         | Rebecca.Nation@Hjc6z1qSaI.com                     
 AAAAAAAAPFNGBAAA | Theodore             | Young                          | Theodore.Young@7Esok1kcP23zX.com                  
 AAAAAAAAPMBDBAAA | Suzanne              | Peters                         | Suzanne.Peters@bISXj.org                          
(97 rows)

UPDATE time_statistics SET e_time = TRANSACTION_TIMESTAMP() WHERE template = 'query11.tpl' AND stream = 4;
psql:/tmp/s1-basline/throughput/query_4.sql:4741: NOTICE:  duration: 0.101 ms  plan:
Query Text: UPDATE time_statistics SET e_time = TRANSACTION_TIMESTAMP() WHERE template = 'query11.tpl' AND stream = 4;
Update on time_statistics  (cost=0.00..12.86 rows=0 width=0) (actual time=0.100..0.100 rows=0 loops=1)
  ->  Seq Scan on time_statistics  (cost=0.00..12.86 rows=1 width=14) (actual time=0.052..0.088 rows=1 loops=1)
        Filter: ((template = 'query11.tpl'::text) AND (stream = 4))
        Rows Removed by Filter: 387
UPDATE 1
LOAD 'auto_explain'; SET auto_explain.log_min_duration TO 0; SET auto_explain.log_analyze TO on; SET auto_explain.log_level TO notice; INSERT INTO time_statistics (template, s_time, stream, query, seed) VALUES ('query73.tpl', TRANSACTION_TIMESTAMP(), 4, 96, 1746461022);
LOAD
SET
SET
SET
psql:/tmp/s1-basline/throughput/query_4.sql:4742: NOTICE:  duration: 0.021 ms  plan:
Query Text: INSERT INTO time_statistics (template, s_time, stream, query, seed) VALUES ('query73.tpl', TRANSACTION_TIMESTAMP(), 4, 96, 1746461022);
Insert on time_statistics  (cost=0.00..0.01 rows=0 width=0) (actual time=0.020..0.020 rows=0 loops=1)
  ->  Result  (cost=0.00..0.01 rows=1 width=64) (actual time=0.001..0.001 rows=1 loops=1)
INSERT 0 1
select c_last_name
       ,c_first_name
       ,c_salutation
       ,c_preferred_cust_flag 
       ,ss_ticket_number
       ,cnt from
   (select ss_ticket_number
          ,ss_customer_sk
          ,count(*) cnt
    from store_sales,date_dim,store,household_demographics
    where store_sales.ss_sold_date_sk = date_dim.d_date_sk
    and store_sales.ss_store_sk = store.s_store_sk  
    and store_sales.ss_hdemo_sk = household_demographics.hd_demo_sk
    and date_dim.d_dom between 1 and 2 
    and (household_demographics.hd_buy_potential = '1001-5000' or
         household_demographics.hd_buy_potential = '5001-10000')
    and household_demographics.hd_vehicle_count > 0
    and case when household_demographics.hd_vehicle_count > 0 then 
             household_demographics.hd_dep_count/ household_demographics.hd_vehicle_count else null end > 1
    and date_dim.d_year in (2000,2000+1,2000+2)
    and store.s_county in ('Williamson County','Williamson County','Williamson County','Williamson County')
    group by ss_ticket_number,ss_customer_sk) dj,customer
    where ss_customer_sk = c_customer_sk
      and cnt between 1 and 5
    order by cnt desc, c_last_name asc;
psql:/tmp/s1-basline/throughput/query_4.sql:4767: NOTICE:  duration: 198.321 ms  plan:
Query Text: select c_last_name
       ,c_first_name
       ,c_salutation
       ,c_preferred_cust_flag 
       ,ss_ticket_number
       ,cnt from
   (select ss_ticket_number
          ,ss_customer_sk
          ,count(*) cnt
    from store_sales,date_dim,store,household_demographics
    where store_sales.ss_sold_date_sk = date_dim.d_date_sk
    and store_sales.ss_store_sk = store.s_store_sk  
    and store_sales.ss_hdemo_sk = household_demographics.hd_demo_sk
    and date_dim.d_dom between 1 and 2 
    and (household_demographics.hd_buy_potential = '1001-5000' or
         household_demographics.hd_buy_potential = '5001-10000')
    and household_demographics.hd_vehicle_count > 0
    and case when household_demographics.hd_vehicle_count > 0 then 
             household_demographics.hd_dep_count/ household_demographics.hd_vehicle_count else null end > 1
    and date_dim.d_year in (2000,2000+1,2000+2)
    and store.s_county in ('Williamson County','Williamson County','Williamson County','Williamson County')
    group by ss_ticket_number,ss_customer_sk) dj,customer
    where ss_customer_sk = c_customer_sk
      and cnt between 1 and 5
    order by cnt desc, c_last_name asc;
Sort  (cost=75436.70..75436.75 rows=19 width=81) (actual time=198.310..198.312 rows=1 loops=1)
  Sort Key: (count(*)) DESC, customer.c_last_name
  Sort Method: quicksort  Memory: 25kB
  ->  Nested Loop  (cost=75384.54..75436.30 rows=19 width=81) (actual time=197.355..198.306 rows=1 loops=1)
        ->  GroupAggregate  (cost=75384.25..75388.42 rows=19 width=24) (actual time=196.732..198.277 rows=70 loops=1)
              Group Key: store_sales.ss_ticket_number, store_sales.ss_customer_sk
              Filter: ((count(*) >= 1) AND (count(*) <= 5))
              Rows Removed by Filter: 1079
              ->  Sort  (cost=75384.25..75384.66 rows=167 width=16) (actual time=196.648..197.110 rows=12088 loops=1)
                    Sort Key: store_sales.ss_ticket_number, store_sales.ss_customer_sk
                    Sort Method: quicksort  Memory: 1045kB
                    ->  Nested Loop  (cost=0.71..75378.08 rows=167 width=16) (actual time=5.207..194.378 rows=12088 loops=1)
                          Join Filter: (store_sales.ss_store_sk = store.s_store_sk)
                          Rows Removed by Join Filter: 53526
                          ->  Nested Loop  (cost=0.71..75347.50 rows=175 width=24) (actual time=5.199..186.539 rows=12229 loops=1)
                                ->  Nested Loop  (cost=0.43..74493.77 rows=2710 width=32) (actual time=4.937..51.439 rows=107121 loops=1)
                                      ->  Seq Scan on date_dim  (cost=0.00..2774.67 rows=72 width=8) (actual time=4.923..9.810 rows=72 loops=1)
                                            Filter: ((d_dom >= 1) AND (d_dom <= 2) AND (d_year = ANY ('{2000,2001,2002}'::integer[])))
                                            Rows Removed by Filter: 72977
                                      ->  Index Scan using i_ss_sold_date_sk on store_sales  (cost=0.43..981.02 rows=1508 width=40) (actual time=0.006..0.394 rows=1488 loops=72)
                                            Index Cond: (ss_sold_date_sk = date_dim.d_date_sk)
                                ->  Index Scan using pk_household_demographics on household_demographics  (cost=0.28..0.32 rows=1 width=8) (actual time=0.001..0.001 rows=0 loops=107121)
                                      Index Cond: (hd_demo_sk = store_sales.ss_hdemo_sk)
                                      Filter: ((hd_vehicle_count > 0) AND ((hd_buy_potential = '1001-5000'::bpchar) OR (hd_buy_potential = '5001-10000'::bpchar)) AND (CASE WHEN (hd_vehicle_count > 0) THEN (hd_dep_count / hd_vehicle_count) ELSE NULL::integer END > 1))
                                      Rows Removed by Filter: 1
                          ->  Materialize  (cost=0.00..1.24 rows=12 width=8) (actual time=0.000..0.000 rows=5 loops=12229)
                                ->  Seq Scan on store  (cost=0.00..1.18 rows=12 width=8) (actual time=0.004..0.008 rows=12 loops=1)
                                      Filter: ((s_county)::text = ANY ('{"Williamson County","Williamson County","Williamson County","Williamson County"}'::text[]))
        ->  Index Scan using pk_customer on customer  (cost=0.29..2.51 rows=1 width=73) (actual time=0.000..0.000 rows=0 loops=70)
              Index Cond: (c_customer_sk = store_sales.ss_customer_sk)
          c_last_name           |     c_first_name     | c_salutation | c_preferred_cust_flag | ss_ticket_number | cnt 
--------------------------------+----------------------+--------------+-----------------------+------------------+-----
 Meade                          | Richard              | Dr.          | Y                     |            99901 |   4
(1 row)

UPDATE time_statistics SET e_time = TRANSACTION_TIMESTAMP() WHERE template = 'query73.tpl' AND stream = 4;
psql:/tmp/s1-basline/throughput/query_4.sql:4769: NOTICE:  duration: 0.070 ms  plan:
Query Text: UPDATE time_statistics SET e_time = TRANSACTION_TIMESTAMP() WHERE template = 'query73.tpl' AND stream = 4;
Update on time_statistics  (cost=0.00..12.86 rows=0 width=0) (actual time=0.069..0.069 rows=0 loops=1)
  ->  Seq Scan on time_statistics  (cost=0.00..12.86 rows=1 width=14) (actual time=0.053..0.053 rows=1 loops=1)
        Filter: ((template = 'query73.tpl'::text) AND (stream = 4))
        Rows Removed by Filter: 388
UPDATE 1
LOAD 'auto_explain'; SET auto_explain.log_min_duration TO 0; SET auto_explain.log_analyze TO on; SET auto_explain.log_level TO notice; INSERT INTO time_statistics (template, s_time, stream, query, seed) VALUES ('query67.tpl', TRANSACTION_TIMESTAMP(), 4, 97, 963909558);
LOAD
SET
SET
SET
psql:/tmp/s1-basline/throughput/query_4.sql:4770: NOTICE:  duration: 0.009 ms  plan:
Query Text: INSERT INTO time_statistics (template, s_time, stream, query, seed) VALUES ('query67.tpl', TRANSACTION_TIMESTAMP(), 4, 97, 963909558);
Insert on time_statistics  (cost=0.00..0.01 rows=0 width=0) (actual time=0.008..0.008 rows=0 loops=1)
  ->  Result  (cost=0.00..0.01 rows=1 width=64) (actual time=0.001..0.002 rows=1 loops=1)
INSERT 0 1
select  *
from (select i_category
            ,i_class
            ,i_brand
            ,i_product_name
            ,d_year
            ,d_qoy
            ,d_moy
            ,s_store_id
            ,sumsales
            ,rank() over (partition by i_category order by sumsales desc) rk
      from (select i_category
                  ,i_class
                  ,i_brand
                  ,i_product_name
                  ,d_year
                  ,d_qoy
                  ,d_moy
                  ,s_store_id
                  ,sum(coalesce(ss_sales_price*ss_quantity,0)) sumsales
            from store_sales
                ,date_dim
                ,store
                ,item
       where  ss_sold_date_sk=d_date_sk
          and ss_item_sk=i_item_sk
          and ss_store_sk = s_store_sk
          and d_month_seq between 1207 and 1207+11
       group by  rollup(i_category, i_class, i_brand, i_product_name, d_year, d_qoy, d_moy,s_store_id))dw1) dw2
where rk <= 100
order by i_category
        ,i_class
        ,i_brand
        ,i_product_name
        ,d_year
        ,d_qoy
        ,d_moy
        ,s_store_id
        ,sumsales
        ,rk
limit 100;
psql:/tmp/s1-basline/throughput/query_4.sql:4811: NOTICE:  duration: 2065.138 ms  plan:
Query Text: select  *
from (select i_category
            ,i_class
            ,i_brand
            ,i_product_name
            ,d_year
            ,d_qoy
            ,d_moy
            ,s_store_id
            ,sumsales
            ,rank() over (partition by i_category order by sumsales desc) rk
      from (select i_category
                  ,i_class
                  ,i_brand
                  ,i_product_name
                  ,d_year
                  ,d_qoy
                  ,d_moy
                  ,s_store_id
                  ,sum(coalesce(ss_sales_price*ss_quantity,0)) sumsales
            from store_sales
                ,date_dim
                ,store
                ,item
       where  ss_sold_date_sk=d_date_sk
          and ss_item_sk=i_item_sk
          and ss_store_sk = s_store_sk
          and d_month_seq between 1207 and 1207+11
       group by  rollup(i_category, i_class, i_brand, i_product_name, d_year, d_qoy, d_moy,s_store_id))dw1) dw2
where rk <= 100
order by i_category
        ,i_class
        ,i_brand
        ,i_product_name
        ,d_year
        ,d_qoy
        ,d_moy
        ,s_store_id
        ,sumsales
        ,rk
limit 100;
Limit  (cost=93814.74..93837.28 rows=100 width=249) (actual time=1977.061..2065.059 rows=100 loops=1)
  ->  Incremental Sort  (cost=93814.74..108520.08 rows=65246 width=249) (actual time=1977.060..2065.052 rows=100 loops=1)
        Sort Key: dw1.i_category, dw1.i_class, dw1.i_brand, dw1.i_product_name, dw1.d_year, dw1.d_qoy, dw1.d_moy, dw1.s_store_id, dw1.sumsales, (rank() OVER (?))
        Presorted Key: dw1.i_category
        Full-sort Groups: 1  Sort Method: quicksort  Average Memory: 42kB  Peak Memory: 42kB
        Pre-sorted Groups: 1  Sort Method: quicksort  Average Memory: 51kB  Peak Memory: 51kB
        ->  WindowAgg  (cost=93745.37..103226.01 rows=65246 width=249) (actual time=1823.701..2064.749 rows=101 loops=1)
              Run Condition: (rank() OVER (?) <= 100)
              ->  Incremental Sort  (cost=93745.37..102084.20 rows=65246 width=241) (actual time=1823.691..2057.095 rows=54771 loops=1)
                    Sort Key: dw1.i_category, dw1.sumsales DESC
                    Presorted Key: dw1.i_category
                    Full-sort Groups: 2  Sort Method: quicksort  Average Memory: 43kB  Peak Memory: 43kB
                    Pre-sorted Groups: 2  Sort Method: external merge  Average Disk: 13656kB  Peak Disk: 13656kB
                    ->  Subquery Scan on dw1  (cost=93708.00..96810.92 rows=65246 width=241) (actual time=1662.561..1979.249 rows=106932 loops=1)
                          ->  GroupAggregate  (cost=93708.00..96158.46 rows=65246 width=241) (actual time=1662.560..1969.761 rows=106932 loops=1)
                                Group Key: item.i_category, item.i_class, item.i_brand, item.i_product_name, date_dim.d_year, date_dim.d_qoy, date_dim.d_moy, store.s_store_id
                                Group Key: item.i_category, item.i_class, item.i_brand, item.i_product_name, date_dim.d_year, date_dim.d_qoy, date_dim.d_moy
                                Group Key: item.i_category, item.i_class, item.i_brand, item.i_product_name, date_dim.d_year, date_dim.d_qoy
                                Group Key: item.i_category, item.i_class, item.i_brand, item.i_product_name, date_dim.d_year
                                Group Key: item.i_category, item.i_class, item.i_brand, item.i_product_name
                                Group Key: item.i_category, item.i_class, item.i_brand
                                Group Key: item.i_category, item.i_class
                                Group Key: item.i_category
                                Group Key: ()
                                ->  Gather Merge  (cost=93708.00..95162.55 rows=12489 width=245) (actual time=1662.547..1883.090 rows=109711 loops=1)
                                      Workers Planned: 2
                                      Workers Launched: 2
                                      ->  Sort  (cost=92707.97..92720.98 rows=5204 width=245) (actual time=1542.054..1585.610 rows=36708 loops=3)
                                            Sort Key: item.i_category, item.i_class, item.i_brand, item.i_product_name, date_dim.d_year, date_dim.d_qoy, date_dim.d_moy, store.s_store_id
                                            Sort Method: external merge  Disk: 52504kB
                                            Worker 0:  Sort Method: external merge  Disk: 42168kB
                                            Worker 1:  Sort Method: external merge  Disk: 42048kB
                                            ->  Nested Loop  (cost=2506.64..92386.75 rows=5204 width=245) (actual time=13.166..670.394 rows=178074 loops=3)
                                                  ->  Hash Join  (cost=2506.35..90796.94 rows=5204 width=49) (actual time=13.103..317.750 rows=178074 loops=3)
                                                        Hash Cond: (store_sales.ss_store_sk = store.s_store_sk)
                                                        ->  Hash Join  (cost=2505.08..90776.51 rows=5458 width=40) (actual time=12.979..287.426 rows=182418 loops=3)
                                                              Hash Cond: (store_sales.ss_sold_date_sk = date_dim.d_date_sk)
                                                              ->  Parallel Seq Scan on store_sales  (cost=0.00..85123.48 rows=1199148 width=36) (actual time=0.014..128.345 rows=959309 loops=3)
                                                              ->  Hash  (cost=2500.73..2500.73 rows=348 width=20) (actual time=12.930..12.931 rows=365 loops=3)
                                                                    Buckets: 1024  Batches: 1  Memory Usage: 28kB
                                                                    ->  Seq Scan on date_dim  (cost=0.00..2500.73 rows=348 width=20) (actual time=6.227..12.868 rows=365 loops=3)
                                                                          Filter: ((d_month_seq >= 1207) AND (d_month_seq <= 1218))
                                                                          Rows Removed by Filter: 72684
                                                        ->  Hash  (cost=1.12..1.12 rows=12 width=25) (actual time=0.028..0.029 rows=12 loops=3)
                                                              Buckets: 1024  Batches: 1  Memory Usage: 9kB
                                                              ->  Seq Scan on store  (cost=0.00..1.12 rows=12 width=25) (actual time=0.022..0.023 rows=12 loops=3)
                                                  ->  Index Scan using pk_item on item  (cost=0.29..0.31 rows=1 width=212) (actual time=0.001..0.001 rows=1 loops=534223)
                                                        Index Cond: (i_item_sk = store_sales.ss_item_sk)
                     i_category                     |                      i_class                       |                      i_brand                       | i_product_name | d_year | d_qoy | d_moy | s_store_id |      sumsales      | rk  
----------------------------------------------------+----------------------------------------------------+----------------------------------------------------+----------------+--------+-------+-------+------------+--------------------+-----
 Books                                              | arts                                               | amalgmaxi #12                                      |                |        |       |       |            | 1683744.2199999997 |  21
 Books                                              | arts                                               | amalgmaxi #2                                       |                |        |       |       |            | 1559755.9399999995 |  25
 Books                                              | arts                                               | amalgmaxi #6                                       |                |        |       |       |            | 1654659.7499999995 |  22
 Books                                              | arts                                               | amalgmaxi #8                                       |                |        |       |       |            | 1287987.5600000003 |  38
 Books                                              | arts                                               | amalgmaxi #9                                       |                |        |       |       |            |  861297.5300000003 |  74
 Books                                              | arts                                               |                                                    |                |        |       |       |            |   8547149.61000001 |   2
 Books                                              | business                                           | importomaxi #12                                    |                |        |       |       |            |  827131.1800000004 |  77
 Books                                              | business                                           | importomaxi #2                                     |                |        |       |       |            |  1464935.050000001 |  28
 Books                                              | business                                           | importomaxi #6                                     |                |        |       |       |            |  1129692.739999999 |  47
 Books                                              | business                                           | importomaxi #8                                     |                |        |       |       |            |  984763.2900000005 |  64
 Books                                              | business                                           |                                                    |                |        |       |       |            |  6122256.700000012 |  10
 Books                                              | computers                                          | exportimaxi #12                                    |                |        |       |       |            |   885044.949999999 |  73
 Books                                              | computers                                          | exportimaxi #2                                     |                |        |       |       |            | 1299795.8100000012 |  36
 Books                                              | computers                                          | exportimaxi #3                                     |                |        |       |       |            | 1075659.6199999987 |  51
 Books                                              | computers                                          | exportimaxi #6                                     |                |        |       |       |            |   939406.359999999 |  66
 Books                                              | computers                                          | exportimaxi #8                                     |                |        |       |       |            | 1055232.7699999989 |  54
 Books                                              | computers                                          | exportimaxi #9                                     |                |        |       |       |            |  759644.4199999998 |  84
 Books                                              | computers                                          |                                                    |                |        |       |       |            |  6465235.620000007 |   9
 Books                                              | cooking                                            | amalgunivamalg #12                                 |                |        |       |       |            |  592756.7600000005 |  97
 Books                                              | cooking                                            | amalgunivamalg #2                                  |                |        |       |       |            |  672430.6399999995 |  93
 Books                                              | cooking                                            | amalgunivamalg #3                                  |                |        |       |       |            |           822158.3 |  78
 Books                                              | cooking                                            | amalgunivamalg #6                                  |                |        |       |       |            | 1091214.4900000005 |  49
 Books                                              | cooking                                            | amalgunivamalg #8                                  |                |        |       |       |            | 1292098.9200000013 |  37
 Books                                              | cooking                                            | amalgunivamalg #9                                  |                |        |       |       |            |  648397.5200000001 |  94
 Books                                              | cooking                                            |                                                    |                |        |       |       |            |  5840799.009999999 |  16
 Books                                              | entertainments                                     | edu packmaxi #12                                   |                |        |       |       |            |         1072874.72 |  52
 Books                                              | entertainments                                     | edu packmaxi #2                                    |                |        |       |       |            | 1181769.4599999995 |  42
 Books                                              | entertainments                                     | edu packmaxi #6                                    |                |        |       |       |            |  991836.3899999995 |  61
 Books                                              | entertainments                                     | edu packmaxi #8                                    |                |        |       |       |            |  2200120.270000002 |  18
 Books                                              | entertainments                                     | edu packmaxi #9                                    |                |        |       |       |            |  587831.0500000003 |  99
 Books                                              | entertainments                                     |                                                    |                |        |       |       |            |   7177894.50000002 |   6
 Books                                              | fiction                                            | scholarunivamalg #12                               |                |        |       |       |            | 1044438.1399999994 |  55
 Books                                              | fiction                                            | scholarunivamalg #2                                |                |        |       |       |            | 1561946.1799999995 |  24
 Books                                              | fiction                                            | scholarunivamalg #3                                |                |        |       |       |            |  726023.9900000001 |  87
 Books                                              | fiction                                            | scholarunivamalg #6                                |                |        |       |       |            |  1343807.690000002 |  33
 Books                                              | fiction                                            | scholarunivamalg #8                                |                |        |       |       |            | 1400619.2400000019 |  30
 Books                                              | fiction                                            | scholarunivamalg #9                                |                |        |       |       |            |  704436.5199999997 |  89
 Books                                              | fiction                                            |                                                    |                |        |       |       |            |  7564603.669999988 |   3
 Books                                              | history                                            | scholarmaxi #12                                    |                |        |       |       |            |  755300.5499999998 |  85
 Books                                              | history                                            | scholarmaxi #2                                     |                |        |       |       |            |  1883504.670000001 |  19
 Books                                              | history                                            | scholarmaxi #3                                     |                |        |       |       |            |         1066687.95 |  53
 Books                                              | history                                            | scholarmaxi #6                                     |                |        |       |       |            |  582947.0099999999 | 100
 Books                                              | history                                            | scholarmaxi #8                                     |                |        |       |       |            |   929219.349999999 |  67
 Books                                              | history                                            | scholarmaxi #9                                     |                |        |       |       |            | 1003165.9600000002 |  56
 Books                                              | history                                            |                                                    |                |        |       |       |            |  7139728.009999995 |   7
 Books                                              | home repair                                        | importounivamalg #10                               |                |        |       |       |            |  614081.0999999997 |  96
 Books                                              | home repair                                        | importounivamalg #12                               |                |        |       |       |            | 1800234.8599999975 |  20
 Books                                              | home repair                                        | importounivamalg #2                                |                |        |       |       |            | 1258841.8600000008 |  39
 Books                                              | home repair                                        | importounivamalg #3                                |                |        |       |       |            |  772133.4499999995 |  82
 Books                                              | home repair                                        | importounivamalg #6                                |                |        |       |       |            | 1144497.5599999987 |  45
 Books                                              | home repair                                        | importounivamalg #9                                |                |        |       |       |            |  961593.3599999994 |  65
 Books                                              | home repair                                        |                                                    |                |        |       |       |            |  7319947.450000002 |   4
 Books                                              | mystery                                            | corpunivamalg #12                                  |                |        |       |       |            |  1582931.570000001 |  23
 Books                                              | mystery                                            | corpunivamalg #6                                   |                |        |       |       |            |  990386.0800000007 |  62
 Books                                              | mystery                                            | corpunivamalg #8                                   |                |        |       |       |            | 1506910.1500000001 |  26
 Books                                              | mystery                                            |                                                    |                |        |       |       |            |  5981813.719999997 |  13
 Books                                              | parenting                                          | corpmaxi #12                                       |                |        |       |       |            | 1392846.8599999994 |  31
 Books                                              | parenting                                          | corpmaxi #2                                        |                |        |       |       |            |  829233.1099999999 |  76
 Books                                              | parenting                                          | corpmaxi #3                                        |                |        |       |       |            |  688606.1699999997 |  90
 Books                                              | parenting                                          | corpmaxi #6                                        |                |        |       |       |            | 1303629.2800000003 |  35
 Books                                              | parenting                                          | corpmaxi #8                                        |                |        |       |       |            |  892908.6899999997 |  72
 Books                                              | parenting                                          |                                                    |                |        |       |       |            |  6031415.379999992 |  11
 Books                                              | reference                                          | brandmaxi #12                                      |                |        |       |       |            | 1119648.3899999987 |  48
 Books                                              | reference                                          | brandmaxi #2                                       |                |        |       |       |            |          736723.58 |  86
 Books                                              | reference                                          | brandmaxi #3                                       |                |        |       |       |            |  922630.8899999999 |  68
 Books                                              | reference                                          | brandmaxi #4                                       |                |        |       |       |            |  619663.6899999995 |  95
 Books                                              | reference                                          | brandmaxi #8                                       |                |        |       |       |            |  990184.9199999998 |  63
 Books                                              | reference                                          | brandmaxi #9                                       |                |        |       |       |            |  766439.4399999998 |  83
 Books                                              | reference                                          |                                                    |                |        |       |       |            |   5917465.02000001 |  14
 Books                                              | romance                                            | namelessmaxi #12                                   |                |        |       |       |            | 1251763.1199999996 |  40
 Books                                              | romance                                            | namelessmaxi #2                                    |                |        |       |       |            |  795267.8599999999 |  79
 Books                                              | romance                                            | namelessmaxi #3                                    |                |        |       |       |            |  588479.2099999998 |  98
 Books                                              | romance                                            | namelessmaxi #6                                    |                |        |       |       |            | 1189266.6600000006 |  41
 Books                                              | romance                                            | namelessmaxi #8                                    |                |        |       |       |            |  994391.1700000011 |  58
 Books                                              | romance                                            |                                                    |                |        |       |       |            |  5841369.069999985 |  15
 Books                                              | science                                            | maximaxi #12                                       |                |        |       |       |            | 1381444.7700000019 |  32
 Books                                              | science                                            | maximaxi #2                                        |                |        |       |       |            |  918584.5599999996 |  70
 Books                                              | science                                            | maximaxi #6                                        |                |        |       |       |            |  999085.3000000006 |  57
 Books                                              | science                                            | maximaxi #8                                        |                |        |       |       |            |  794300.8799999994 |  80
 Books                                              | science                                            |                                                    |                |        |       |       |            |  5765425.420000009 |  17
 Books                                              | self-help                                          | exportiunivamalg #12                               |                |        |       |       |            |  686234.6100000002 |  91
 Books                                              | self-help                                          | exportiunivamalg #2                                |                |        |       |       |            |  920528.1799999998 |  69
 Books                                              | self-help                                          | exportiunivamalg #3                                |                |        |       |       |            |  993617.9500000004 |  59
 Books                                              | self-help                                          | exportiunivamalg #6                                |                |        |       |       |            |  898191.7000000005 |  71
 Books                                              | self-help                                          | exportiunivamalg #8                                |                |        |       |       |            | 1166170.5500000012 |  44
 Books                                              | self-help                                          |                                                    |                |        |       |       |            |  6013907.910000005 |  12
 Books                                              | sports                                             | edu packunivamalg #12                              |                |        |       |       |            |  780293.6699999997 |  81
 Books                                              | sports                                             | edu packunivamalg #3                               |                |        |       |       |            |  718158.3499999997 |  88
 Books                                              | sports                                             | edu packunivamalg #6                               |                |        |       |       |            | 1492694.7199999988 |  27
 Books                                              | sports                                             | edu packunivamalg #8                               |                |        |       |       |            | 1171476.8499999992 |  43
 Books                                              | sports                                             | edu packunivamalg #9                               |                |        |       |       |            |  993356.4199999998 |  60
 Books                                              | sports                                             |                                                    |                |        |       |       |            |  6508982.780000007 |   8
 Books                                              | travel                                             | univunivamalg #10                                  |                |        |       |       |            |          676601.37 |  92
 Books                                              | travel                                             | univunivamalg #12                                  |                |        |       |       |            | 1076169.6900000009 |  50
 Books                                              | travel                                             | univunivamalg #2                                   |                |        |       |       |            |  1143184.639999999 |  46
 Books                                              | travel                                             | univunivamalg #3                                   |                |        |       |       |            |  841035.1399999995 |  75
 Books                                              | travel                                             | univunivamalg #6                                   |                |        |       |       |            | 1409996.4999999995 |  29
 Books                                              | travel                                             | univunivamalg #8                                   |                |        |       |       |            | 1315990.5200000003 |  34
 Books                                              | travel                                             |                                                    |                |        |       |       |            |  7267353.429999988 |   5
 Books                                              |                                                    |                                                    |                |        |       |       |            | 105505347.29999962 |   1
(100 rows)

UPDATE time_statistics SET e_time = TRANSACTION_TIMESTAMP() WHERE template = 'query67.tpl' AND stream = 4;
psql:/tmp/s1-basline/throughput/query_4.sql:4813: NOTICE:  duration: 0.074 ms  plan:
Query Text: UPDATE time_statistics SET e_time = TRANSACTION_TIMESTAMP() WHERE template = 'query67.tpl' AND stream = 4;
Update on time_statistics  (cost=0.00..12.86 rows=0 width=0) (actual time=0.074..0.074 rows=0 loops=1)
  ->  Seq Scan on time_statistics  (cost=0.00..12.86 rows=1 width=14) (actual time=0.059..0.060 rows=1 loops=1)
        Filter: ((template = 'query67.tpl'::text) AND (stream = 4))
        Rows Removed by Filter: 389
UPDATE 1
LOAD 'auto_explain'; SET auto_explain.log_min_duration TO 0; SET auto_explain.log_analyze TO on; SET auto_explain.log_level TO notice; INSERT INTO time_statistics (template, s_time, stream, query, seed) VALUES ('query53.tpl', TRANSACTION_TIMESTAMP(), 4, 98, 1958791985);
LOAD
SET
SET
SET
psql:/tmp/s1-basline/throughput/query_4.sql:4814: NOTICE:  duration: 0.010 ms  plan:
Query Text: INSERT INTO time_statistics (template, s_time, stream, query, seed) VALUES ('query53.tpl', TRANSACTION_TIMESTAMP(), 4, 98, 1958791985);
Insert on time_statistics  (cost=0.00..0.01 rows=0 width=0) (actual time=0.009..0.010 rows=0 loops=1)
  ->  Result  (cost=0.00..0.01 rows=1 width=64) (actual time=0.002..0.002 rows=1 loops=1)
INSERT 0 1
select  * from 
(select i_manufact_id,
sum(ss_sales_price) sum_sales,
avg(sum(ss_sales_price)) over (partition by i_manufact_id) avg_quarterly_sales
from item, store_sales, date_dim, store
where ss_item_sk = i_item_sk and
ss_sold_date_sk = d_date_sk and
ss_store_sk = s_store_sk and
d_month_seq in (1207,1207+1,1207+2,1207+3,1207+4,1207+5,1207+6,1207+7,1207+8,1207+9,1207+10,1207+11) and
((i_category in ('Books','Children','Electronics') and
i_class in ('personal','portable','reference','self-help') and
i_brand in ('scholaramalgamalg #14','scholaramalgamalg #7',
		'exportiunivamalg #9','scholaramalgamalg #9'))
or(i_category in ('Women','Music','Men') and
i_class in ('accessories','classical','fragrances','pants') and
i_brand in ('amalgimporto #1','edu packscholar #1','exportiimporto #1',
		'importoamalg #1')))
group by i_manufact_id, d_qoy ) tmp1
where case when avg_quarterly_sales > 0 
	then abs (sum_sales - avg_quarterly_sales)/ avg_quarterly_sales 
	else null end > 0.1
order by avg_quarterly_sales,
	 sum_sales,
	 i_manufact_id
limit 100;
psql:/tmp/s1-basline/throughput/query_4.sql:4839: NOTICE:  duration: 184.157 ms  plan:
Query Text: select  * from 
(select i_manufact_id,
sum(ss_sales_price) sum_sales,
avg(sum(ss_sales_price)) over (partition by i_manufact_id) avg_quarterly_sales
from item, store_sales, date_dim, store
where ss_item_sk = i_item_sk and
ss_sold_date_sk = d_date_sk and
ss_store_sk = s_store_sk and
d_month_seq in (1207,1207+1,1207+2,1207+3,1207+4,1207+5,1207+6,1207+7,1207+8,1207+9,1207+10,1207+11) and
((i_category in ('Books','Children','Electronics') and
i_class in ('personal','portable','reference','self-help') and
i_brand in ('scholaramalgamalg #14','scholaramalgamalg #7',
		'exportiunivamalg #9','scholaramalgamalg #9'))
or(i_category in ('Women','Music','Men') and
i_class in ('accessories','classical','fragrances','pants') and
i_brand in ('amalgimporto #1','edu packscholar #1','exportiimporto #1',
		'importoamalg #1')))
group by i_manufact_id, d_qoy ) tmp1
where case when avg_quarterly_sales > 0 
	then abs (sum_sales - avg_quarterly_sales)/ avg_quarterly_sales 
	else null end > 0.1
order by avg_quarterly_sales,
	 sum_sales,
	 i_manufact_id
limit 100;
Limit  (cost=7663.20..7663.21 rows=6 width=20) (actual time=184.104..184.116 rows=100 loops=1)
  ->  Sort  (cost=7663.20..7663.21 rows=6 width=20) (actual time=184.103..184.109 rows=100 loops=1)
        Sort Key: tmp1.avg_quarterly_sales, tmp1.sum_sales, tmp1.i_manufact_id
        Sort Method: top-N heapsort  Memory: 37kB
        ->  Subquery Scan on tmp1  (cost=7662.03..7663.12 rows=6 width=20) (actual time=181.872..184.010 rows=464 loops=1)
              Filter: (CASE WHEN (tmp1.avg_quarterly_sales > '0'::double precision) THEN (abs((tmp1.sum_sales - tmp1.avg_quarterly_sales)) / tmp1.avg_quarterly_sales) ELSE NULL::double precision END > '0.1'::double precision)
              Rows Removed by Filter: 60
              ->  WindowAgg  (cost=7662.03..7662.69 rows=19 width=24) (actual time=181.870..183.945 rows=524 loops=1)
                    ->  GroupAggregate  (cost=7662.03..7662.41 rows=19 width=16) (actual time=181.855..183.657 rows=524 loops=1)
                          Group Key: item.i_manufact_id, date_dim.d_qoy
                          ->  Sort  (cost=7662.03..7662.07 rows=19 width=16) (actual time=181.846..182.329 rows=12519 loops=1)
                                Sort Key: item.i_manufact_id, date_dim.d_qoy
                                Sort Method: quicksort  Memory: 1068kB
                                ->  Nested Loop  (cost=0.76..7661.62 rows=19 width=16) (actual time=0.087..179.396 rows=12519 loops=1)
                                      Join Filter: (store_sales.ss_store_sk = store.s_store_sk)
                                      Rows Removed by Join Filter: 58378
                                      ->  Nested Loop  (cost=0.76..7657.18 rows=20 width=24) (actual time=0.081..171.341 rows=12837 loops=1)
                                            ->  Nested Loop  (cost=0.43..6923.02 rows=4157 width=28) (actual time=0.034..135.162 rows=117478 loops=1)
                                                  ->  Seq Scan on item  (cost=0.00..1931.00 rows=26 width=12) (actual time=0.024..15.794 rows=900 loops=1)
                                                        Filter: (((i_category = ANY ('{Books,Children,Electronics}'::bpchar[])) AND (i_class = ANY ('{personal,portable,reference,self-help}'::bpchar[])) AND (i_brand = ANY ('{"scholaramalgamalg #14","scholaramalgamalg #7","exportiunivamalg #9","scholaramalgamalg #9"}'::bpchar[]))) OR ((i_category = ANY ('{Women,Music,Men}'::bpchar[])) AND (i_class = ANY ('{accessories,classical,fragrances,pants}'::bpchar[])) AND (i_brand = ANY ('{"amalgimporto #1","edu packscholar #1","exportiimporto #1","importoamalg #1"}'::bpchar[]))))
                                                        Rows Removed by Filter: 17100
                                                  ->  Index Scan using pk_store_sales on store_sales  (cost=0.43..190.26 rows=174 width=32) (actual time=0.005..0.114 rows=131 loops=900)
                                                        Index Cond: (ss_item_sk = item.i_item_sk)
                                            ->  Memoize  (cost=0.33..0.36 rows=1 width=12) (actual time=0.000..0.000 rows=0 loops=117478)
                                                  Cache Key: store_sales.ss_sold_date_sk
                                                  Cache Mode: logical
                                                  Hits: 115747  Misses: 1731  Evictions: 0  Overflows: 0  Memory Usage: 136kB
                                                  ->  Index Scan using pk_date_dim on date_dim  (cost=0.32..0.35 rows=1 width=12) (actual time=0.001..0.001 rows=0 loops=1731)
                                                        Index Cond: (d_date_sk = store_sales.ss_sold_date_sk)
                                                        Filter: (d_month_seq = ANY ('{1207,1208,1209,1210,1211,1212,1213,1214,1215,1216,1217,1218}'::integer[]))
                                                        Rows Removed by Filter: 1
                                      ->  Materialize  (cost=0.00..1.18 rows=12 width=8) (actual time=0.000..0.000 rows=6 loops=12837)
                                            ->  Seq Scan on store  (cost=0.00..1.12 rows=12 width=8) (actual time=0.002..0.003 rows=12 loops=1)
 i_manufact_id |     sum_sales      | avg_quarterly_sales 
---------------+--------------------+---------------------
           178 |              44.13 |  291.47999999999996
           178 | 403.65000000000003 |  291.47999999999996
           178 | 426.65999999999997 |  291.47999999999996
           572 |             189.76 |   318.2266666666667
           572 |             194.97 |   318.2266666666667
           572 |             569.95 |   318.2266666666667
           220 |  88.41999999999999 |  351.96999999999997
           220 |             615.52 |  351.96999999999997
           464 |             192.43 |   382.7966666666667
           464 | 207.92000000000002 |   382.7966666666667
           464 |             748.04 |   382.7966666666667
           151 |             113.93 |              386.48
           151 |             482.17 |              386.48
           151 |             563.34 |              386.48
           608 | 245.47999999999996 |  416.28499999999997
           608 | 249.04999999999998 |  416.28499999999997
           608 |             536.11 |  416.28499999999997
           608 |  634.5000000000001 |  416.28499999999997
           514 | 204.39000000000004 |             430.345
           514 |  656.3000000000001 |             430.345
           555 |             320.95 |  454.82499999999993
           555 |  588.6999999999999 |  454.82499999999993
           337 |             397.27 |             469.965
           337 |             542.66 |             469.965
           829 | 386.78999999999996 |  472.61499999999995
           829 |  558.4399999999999 |  472.61499999999995
           458 |             400.07 |   480.0849999999999
           458 |  560.0999999999999 |   480.0849999999999
           357 | 298.53999999999996 |  484.50999999999993
           357 |  670.4799999999999 |  484.50999999999993
           772 | 337.38000000000005 |  488.30500000000006
           772 |  639.2300000000001 |  488.30500000000006
           328 | 221.67000000000002 |             489.245
           328 |  756.8199999999999 |             489.245
           626 | 438.15000000000003 |             509.025
           626 |              579.9 |             509.025
            28 |             340.44 |                 510
            28 |  679.5600000000001 |                 510
           111 | 381.78999999999996 |   511.1049999999999
           111 |  640.4199999999998 |   511.1049999999999
           987 |             404.97 |   512.7350000000001
           987 |  620.5000000000001 |   512.7350000000001
           117 | 181.07000000000002 |            515.3125
           117 | 212.84000000000003 |            515.3125
           117 |             381.84 |            515.3125
           117 |             1285.5 |            515.3125
            21 | 377.19999999999993 |   519.2950000000001
            21 |  661.3900000000001 |   519.2950000000001
           448 | 267.95000000000005 |   520.5500000000001
           448 |  773.1500000000001 |   520.5500000000001
           243 |             375.94 |             522.035
           243 |  668.1299999999999 |             522.035
           344 |             305.06 |             532.235
           344 |  759.4100000000001 |             532.235
           997 | 273.97999999999996 |             532.675
           997 |             791.37 |             532.675
            80 | 280.90999999999997 |   534.5749999999998
            80 |  788.2399999999998 |   534.5749999999998
           996 | 277.96999999999997 |             537.685
           996 |  797.3999999999999 |             537.685
           206 |             417.51 |   541.4949999999999
           206 |  665.4799999999999 |   541.4949999999999
            85 | 416.53000000000003 |               546.5
            85 |             676.47 |               546.5
            18 |             332.87 |   550.2049999999999
            18 |  767.5399999999998 |   550.2049999999999
           286 |  407.4500000000001 |   552.6300000000001
           286 |  697.8100000000001 |   552.6300000000001
           303 |             365.44 |              558.82
           303 |              752.2 |              558.82
           923 | 449.15999999999997 |              558.99
           923 |  668.8199999999999 |              558.99
           708 |  359.2800000000001 |   560.9250000000001
           708 |             762.57 |   560.9250000000001
           159 | 352.08000000000004 |   563.0699999999999
           159 |  774.0599999999998 |   563.0699999999999
           659 | 477.62999999999994 |             567.025
           659 |             656.42 |             567.025
           190 | 242.66000000000003 |              568.07
           190 |  893.4800000000001 |              568.07
           119 | 361.02000000000004 |   571.4050000000001
           119 |  781.7900000000001 |   571.4050000000001
           268 |             287.13 |   573.1550000000001
           268 |  859.1800000000002 |   573.1550000000001
            96 | 458.78000000000003 |   574.3350000000002
            96 |  689.8900000000002 |   574.3350000000002
           634 |             415.25 |             574.695
           634 |  734.1400000000001 |             574.695
            13 | 445.36000000000007 |             581.905
            13 |  718.4499999999998 |             581.905
           477 | 263.46999999999997 |   581.9625000000001
           477 | 380.21999999999997 |   581.9625000000001
           477 |  725.6800000000001 |   581.9625000000001
           477 |             958.48 |   581.9625000000001
           490 |             307.79 |   582.2049999999999
           490 |  856.6199999999999 |   582.2049999999999
           729 |             347.14 |   584.5549999999998
           729 |  821.9699999999998 |   584.5549999999998
           170 |  527.0699999999999 |              595.46
           170 |             663.85 |              595.46
(100 rows)

UPDATE time_statistics SET e_time = TRANSACTION_TIMESTAMP() WHERE template = 'query53.tpl' AND stream = 4;
psql:/tmp/s1-basline/throughput/query_4.sql:4841: NOTICE:  duration: 0.069 ms  plan:
Query Text: UPDATE time_statistics SET e_time = TRANSACTION_TIMESTAMP() WHERE template = 'query53.tpl' AND stream = 4;
Update on time_statistics  (cost=0.00..12.86 rows=0 width=0) (actual time=0.068..0.069 rows=0 loops=1)
  ->  Seq Scan on time_statistics  (cost=0.00..12.86 rows=1 width=14) (actual time=0.053..0.053 rows=1 loops=1)
        Filter: ((template = 'query53.tpl'::text) AND (stream = 4))
        Rows Removed by Filter: 390
UPDATE 1
LOAD 'auto_explain'; SET auto_explain.log_min_duration TO 0; SET auto_explain.log_analyze TO on; SET auto_explain.log_level TO notice; INSERT INTO time_statistics (template, s_time, stream, query, seed) VALUES ('query9.tpl', TRANSACTION_TIMESTAMP(), 4, 99, 1089016032);
LOAD
SET
SET
SET
psql:/tmp/s1-basline/throughput/query_4.sql:4842: NOTICE:  duration: 0.008 ms  plan:
Query Text: INSERT INTO time_statistics (template, s_time, stream, query, seed) VALUES ('query9.tpl', TRANSACTION_TIMESTAMP(), 4, 99, 1089016032);
Insert on time_statistics  (cost=0.00..0.01 rows=0 width=0) (actual time=0.008..0.008 rows=0 loops=1)
  ->  Result  (cost=0.00..0.01 rows=1 width=64) (actual time=0.001..0.001 rows=1 loops=1)
INSERT 0 1
select case when (select count(*) 
                  from store_sales 
                  where ss_quantity between 1 and 20) > 8726
            then (select avg(ss_ext_discount_amt) 
                  from store_sales 
                  where ss_quantity between 1 and 20) 
            else (select avg(ss_net_profit)
                  from store_sales
                  where ss_quantity between 1 and 20) end bucket1 ,
       case when (select count(*)
                  from store_sales
                  where ss_quantity between 21 and 40) > 25558
            then (select avg(ss_ext_discount_amt)
                  from store_sales
                  where ss_quantity between 21 and 40) 
            else (select avg(ss_net_profit)
                  from store_sales
                  where ss_quantity between 21 and 40) end bucket2,
       case when (select count(*)
                  from store_sales
                  where ss_quantity between 41 and 60) > 23517
            then (select avg(ss_ext_discount_amt)
                  from store_sales
                  where ss_quantity between 41 and 60)
            else (select avg(ss_net_profit)
                  from store_sales
                  where ss_quantity between 41 and 60) end bucket3,
       case when (select count(*)
                  from store_sales
                  where ss_quantity between 61 and 80) > 17758
            then (select avg(ss_ext_discount_amt)
                  from store_sales
                  where ss_quantity between 61 and 80)
            else (select avg(ss_net_profit)
                  from store_sales
                  where ss_quantity between 61 and 80) end bucket4,
       case when (select count(*)
                  from store_sales
                  where ss_quantity between 81 and 100) > 17019
            then (select avg(ss_ext_discount_amt)
                  from store_sales
                  where ss_quantity between 81 and 100)
            else (select avg(ss_net_profit)
                  from store_sales
                  where ss_quantity between 81 and 100) end bucket5
from reason
where r_reason_sk = 1
;
psql:/tmp/s1-basline/throughput/query_4.sql:4890: NOTICE:  duration: 2218.150 ms  plan:
Query Text: select case when (select count(*) 
                  from store_sales 
                  where ss_quantity between 1 and 20) > 8726
            then (select avg(ss_ext_discount_amt) 
                  from store_sales 
                  where ss_quantity between 1 and 20) 
            else (select avg(ss_net_profit)
                  from store_sales
                  where ss_quantity between 1 and 20) end bucket1 ,
       case when (select count(*)
                  from store_sales
                  where ss_quantity between 21 and 40) > 25558
            then (select avg(ss_ext_discount_amt)
                  from store_sales
                  where ss_quantity between 21 and 40) 
            else (select avg(ss_net_profit)
                  from store_sales
                  where ss_quantity between 21 and 40) end bucket2,
       case when (select count(*)
                  from store_sales
                  where ss_quantity between 41 and 60) > 23517
            then (select avg(ss_ext_discount_amt)
                  from store_sales
                  where ss_quantity between 41 and 60)
            else (select avg(ss_net_profit)
                  from store_sales
                  where ss_quantity between 41 and 60) end bucket3,
       case when (select count(*)
                  from store_sales
                  where ss_quantity between 61 and 80) > 17758
            then (select avg(ss_ext_discount_amt)
                  from store_sales
                  where ss_quantity between 61 and 80)
            else (select avg(ss_net_profit)
                  from store_sales
                  where ss_quantity between 61 and 80) end bucket4,
       case when (select count(*)
                  from store_sales
                  where ss_quantity between 81 and 100) > 17019
            then (select avg(ss_ext_discount_amt)
                  from store_sales
                  where ss_quantity between 81 and 100)
            else (select avg(ss_net_profit)
                  from store_sales
                  where ss_quantity between 81 and 100) end bucket5
from reason
where r_reason_sk = 1
;
Seq Scan on reason  (cost=1390366.58..1390368.03 rows=1 width=40) (actual time=2147.442..2218.140 rows=1 loops=1)
  Filter: (r_reason_sk = 1)
  Rows Removed by Filter: 34
  InitPlan 1 (returns $1)
    ->  Finalize Aggregate  (cost=92696.93..92696.94 rows=1 width=8) (actual time=210.010..210.121 rows=1 loops=1)
          ->  Gather  (cost=92696.72..92696.93 rows=2 width=8) (actual time=209.911..210.115 rows=3 loops=1)
                Workers Planned: 2
                Workers Launched: 2
                ->  Partial Aggregate  (cost=91696.72..91696.73 rows=1 width=8) (actual time=205.708..205.709 rows=1 loops=3)
                      ->  Parallel Seq Scan on store_sales  (cost=0.00..91119.23 rows=230996 width=0) (actual time=0.018..197.895 rows=183234 loops=3)
                            Filter: ((ss_quantity >= 1) AND (ss_quantity <= 20))
                            Rows Removed by Filter: 776075
  InitPlan 2 (returns $3)
    ->  Finalize Aggregate  (cost=92696.93..92696.94 rows=1 width=8) (actual time=220.165..220.226 rows=1 loops=1)
          ->  Gather  (cost=92696.72..92696.93 rows=2 width=32) (actual time=220.063..220.219 rows=3 loops=1)
                Workers Planned: 2
                Workers Launched: 2
                ->  Partial Aggregate  (cost=91696.72..91696.73 rows=1 width=32) (actual time=215.975..215.976 rows=1 loops=3)
                      ->  Parallel Seq Scan on store_sales store_sales_1  (cost=0.00..91119.23 rows=230996 width=8) (actual time=0.020..200.267 rows=183234 loops=3)
                            Filter: ((ss_quantity >= 1) AND (ss_quantity <= 20))
                            Rows Removed by Filter: 776075
  InitPlan 3 (returns $5)
    ->  Finalize Aggregate  (cost=92696.93..92696.94 rows=1 width=8) (never executed)
          ->  Gather  (cost=92696.72..92696.93 rows=2 width=32) (never executed)
                Workers Planned: 2
                Workers Launched: 0
                ->  Partial Aggregate  (cost=91696.72..91696.73 rows=1 width=32) (never executed)
                      ->  Parallel Seq Scan on store_sales store_sales_2  (cost=0.00..91119.23 rows=230996 width=8) (never executed)
                            Filter: ((ss_quantity >= 1) AND (ss_quantity <= 20))
  InitPlan 4 (returns $7)
    ->  Finalize Aggregate  (cost=92703.62..92703.63 rows=1 width=8) (actual time=211.319..211.375 rows=1 loops=1)
          ->  Gather  (cost=92703.41..92703.62 rows=2 width=8) (actual time=211.221..211.369 rows=3 loops=1)
                Workers Planned: 2
                Workers Launched: 2
                ->  Partial Aggregate  (cost=91703.41..91703.42 rows=1 width=8) (actual time=207.163..207.164 rows=1 loops=3)
                      ->  Parallel Seq Scan on store_sales store_sales_3  (cost=0.00..91119.23 rows=233674 width=0) (actual time=0.019..199.361 rows=183388 loops=3)
                            Filter: ((ss_quantity >= 21) AND (ss_quantity <= 40))
                            Rows Removed by Filter: 775921
  InitPlan 5 (returns $9)
    ->  Finalize Aggregate  (cost=92703.63..92703.64 rows=1 width=8) (actual time=220.712..220.767 rows=1 loops=1)
          ->  Gather  (cost=92703.41..92703.62 rows=2 width=32) (actual time=220.611..220.760 rows=3 loops=1)
                Workers Planned: 2
                Workers Launched: 2
                ->  Partial Aggregate  (cost=91703.41..91703.42 rows=1 width=32) (actual time=216.475..216.476 rows=1 loops=3)
                      ->  Parallel Seq Scan on store_sales store_sales_4  (cost=0.00..91119.23 rows=233674 width=8) (actual time=0.019..200.694 rows=183388 loops=3)
                            Filter: ((ss_quantity >= 21) AND (ss_quantity <= 40))
                            Rows Removed by Filter: 775921
  InitPlan 6 (returns $11)
    ->  Finalize Aggregate  (cost=92703.63..92703.64 rows=1 width=8) (never executed)
          ->  Gather  (cost=92703.41..92703.62 rows=2 width=32) (never executed)
                Workers Planned: 2
                Workers Launched: 0
                ->  Partial Aggregate  (cost=91703.41..91703.42 rows=1 width=32) (never executed)
                      ->  Parallel Seq Scan on store_sales store_sales_5  (cost=0.00..91119.23 rows=233674 width=8) (never executed)
                            Filter: ((ss_quantity >= 21) AND (ss_quantity <= 40))
  InitPlan 7 (returns $13)
    ->  Finalize Aggregate  (cost=92690.74..92690.74 rows=1 width=8) (actual time=212.420..212.476 rows=1 loops=1)
          ->  Gather  (cost=92690.52..92690.73 rows=2 width=8) (actual time=212.324..212.470 rows=3 loops=1)
                Workers Planned: 2
                Workers Launched: 2
                ->  Partial Aggregate  (cost=91690.52..91690.53 rows=1 width=8) (actual time=208.273..208.274 rows=1 loops=3)
                      ->  Parallel Seq Scan on store_sales store_sales_6  (cost=0.00..91119.23 rows=228518 width=0) (actual time=0.020..200.424 rows=183520 loops=3)
                            Filter: ((ss_quantity >= 41) AND (ss_quantity <= 60))
                            Rows Removed by Filter: 775789
  InitPlan 8 (returns $15)
    ->  Finalize Aggregate  (cost=92690.74..92690.75 rows=1 width=8) (actual time=221.014..221.068 rows=1 loops=1)
          ->  Gather  (cost=92690.52..92690.73 rows=2 width=32) (actual time=220.912..221.062 rows=3 loops=1)
                Workers Planned: 2
                Workers Launched: 2
                ->  Partial Aggregate  (cost=91690.52..91690.53 rows=1 width=32) (actual time=216.638..216.639 rows=1 loops=3)
                      ->  Parallel Seq Scan on store_sales store_sales_7  (cost=0.00..91119.23 rows=228518 width=8) (actual time=0.018..200.934 rows=183520 loops=3)
                            Filter: ((ss_quantity >= 41) AND (ss_quantity <= 60))
                            Rows Removed by Filter: 775789
  InitPlan 9 (returns $17)
    ->  Finalize Aggregate  (cost=92690.74..92690.75 rows=1 width=8) (never executed)
          ->  Gather  (cost=92690.52..92690.73 rows=2 width=32) (never executed)
                Workers Planned: 2
                Workers Launched: 0
                ->  Partial Aggregate  (cost=91690.52..91690.53 rows=1 width=32) (never executed)
                      ->  Parallel Seq Scan on store_sales store_sales_8  (cost=0.00..91119.23 rows=228518 width=8) (never executed)
                            Filter: ((ss_quantity >= 41) AND (ss_quantity <= 60))
  InitPlan 10 (returns $19)
    ->  Finalize Aggregate  (cost=92671.75..92671.76 rows=1 width=8) (actual time=211.394..211.458 rows=1 loops=1)
          ->  Gather  (cost=92671.53..92671.74 rows=2 width=8) (actual time=211.300..211.452 rows=3 loops=1)
                Workers Planned: 2
                Workers Launched: 2
                ->  Partial Aggregate  (cost=91671.53..91671.54 rows=1 width=8) (actual time=207.090..207.091 rows=1 loops=3)
                      ->  Parallel Seq Scan on store_sales store_sales_9  (cost=0.00..91119.23 rows=220923 width=0) (actual time=0.020..199.319 rows=182983 loops=3)
                            Filter: ((ss_quantity >= 61) AND (ss_quantity <= 80))
                            Rows Removed by Filter: 776326
  InitPlan 11 (returns $21)
    ->  Finalize Aggregate  (cost=92671.75..92671.76 rows=1 width=8) (actual time=219.904..219.958 rows=1 loops=1)
          ->  Gather  (cost=92671.53..92671.74 rows=2 width=32) (actual time=219.804..219.952 rows=3 loops=1)
                Workers Planned: 2
                Workers Launched: 2
                ->  Partial Aggregate  (cost=91671.53..91671.54 rows=1 width=32) (actual time=215.713..215.714 rows=1 loops=3)
                      ->  Parallel Seq Scan on store_sales store_sales_10  (cost=0.00..91119.23 rows=220923 width=8) (actual time=0.018..200.123 rows=182983 loops=3)
                            Filter: ((ss_quantity >= 61) AND (ss_quantity <= 80))
                            Rows Removed by Filter: 776326
  InitPlan 12 (returns $23)
    ->  Finalize Aggregate  (cost=92671.75..92671.76 rows=1 width=8) (never executed)
          ->  Gather  (cost=92671.53..92671.74 rows=2 width=32) (never executed)
                Workers Planned: 2
                Workers Launched: 0
                ->  Partial Aggregate  (cost=91671.53..91671.54 rows=1 width=32) (never executed)
                      ->  Parallel Seq Scan on store_sales store_sales_11  (cost=0.00..91119.23 rows=220923 width=8) (never executed)
                            Filter: ((ss_quantity >= 61) AND (ss_quantity <= 80))
  InitPlan 13 (returns $25)
    ->  Finalize Aggregate  (cost=92692.43..92692.44 rows=1 width=8) (actual time=205.320..205.373 rows=1 loops=1)
          ->  Gather  (cost=92692.22..92692.43 rows=2 width=8) (actual time=205.228..205.367 rows=3 loops=1)
                Workers Planned: 2
                Workers Launched: 2
                ->  Partial Aggregate  (cost=91692.22..91692.23 rows=1 width=8) (actual time=201.047..201.048 rows=1 loops=3)
                      ->  Parallel Seq Scan on store_sales store_sales_12  (cost=0.00..91119.23 rows=229197 width=0) (actual time=0.018..193.257 rows=182937 loops=3)
                            Filter: ((ss_quantity >= 81) AND (ss_quantity <= 100))
                            Rows Removed by Filter: 776373
  InitPlan 14 (returns $27)
    ->  Finalize Aggregate  (cost=92692.43..92692.44 rows=1 width=8) (actual time=215.159..285.280 rows=1 loops=1)
          ->  Gather  (cost=92692.22..92692.43 rows=2 width=32) (actual time=215.059..285.274 rows=3 loops=1)
                Workers Planned: 2
                Workers Launched: 2
                ->  Partial Aggregate  (cost=91692.22..91692.23 rows=1 width=32) (actual time=210.999..211.000 rows=1 loops=3)
                      ->  Parallel Seq Scan on store_sales store_sales_13  (cost=0.00..91119.23 rows=229197 width=8) (actual time=0.019..195.310 rows=182937 loops=3)
                            Filter: ((ss_quantity >= 81) AND (ss_quantity <= 100))
                            Rows Removed by Filter: 776373
  InitPlan 15 (returns $29)
    ->  Finalize Aggregate  (cost=92692.43..92692.44 rows=1 width=8) (never executed)
          ->  Gather  (cost=92692.22..92692.43 rows=2 width=32) (never executed)
                Workers Planned: 2
                Workers Launched: 0
                ->  Partial Aggregate  (cost=91692.22..91692.23 rows=1 width=32) (never executed)
                      ->  Parallel Seq Scan on store_sales store_sales_14  (cost=0.00..91119.23 rows=229197 width=8) (never executed)
                            Filter: ((ss_quantity >= 81) AND (ss_quantity <= 100))
      bucket1      |      bucket2      |      bucket3       |      bucket4      |     bucket5      
-------------------+-------------------+--------------------+-------------------+------------------
 39.62957302717856 | 115.2359057043785 | 189.96418686466527 | 267.4224051310762 | 342.413928898606
(1 row)

UPDATE time_statistics SET e_time = TRANSACTION_TIMESTAMP() WHERE template = 'query9.tpl' AND stream = 4;
psql:/tmp/s1-basline/throughput/query_4.sql:4892: NOTICE:  duration: 0.066 ms  plan:
Query Text: UPDATE time_statistics SET e_time = TRANSACTION_TIMESTAMP() WHERE template = 'query9.tpl' AND stream = 4;
Update on time_statistics  (cost=0.00..12.86 rows=0 width=0) (actual time=0.065..0.065 rows=0 loops=1)
  ->  Seq Scan on time_statistics  (cost=0.00..12.86 rows=1 width=14) (actual time=0.051..0.051 rows=1 loops=1)
        Filter: ((template = 'query9.tpl'::text) AND (stream = 4))
        Rows Removed by Filter: 391
UPDATE 1
