LOAD 'auto_explain'; SET auto_explain.log_min_duration TO 0; SET auto_explain.log_analyze TO on; SET auto_explain.log_level TO notice; INSERT INTO time_statistics (template, s_time, stream, query, seed) VALUES ('../query_postgresql/query70.tpl', TRANSACTION_TIMESTAMP(), 7, 1, 531190517);
LOAD
SET
SET
SET
psql:/tmp/s1-basline/throughput/query_7.sql:1: NOTICE:  duration: 0.103 ms  plan:
Query Text: INSERT INTO time_statistics (template, s_time, stream, query, seed) VALUES ('../query_postgresql/query70.tpl', TRANSACTION_TIMESTAMP(), 7, 1, 531190517);
Insert on time_statistics  (cost=0.00..0.01 rows=0 width=0) (actual time=0.102..0.103 rows=0 loops=1)
  ->  Result  (cost=0.00..0.01 rows=1 width=64) (actual time=0.006..0.006 rows=1 loops=1)
INSERT 0 1
with results as
( select
    sum(ss_net_profit) as total_sum ,s_state ,s_county, 0 as gstate, 0 as g_county
 from
    store_sales
  ,date_dim      d1
  ,store
 where
    d1.d_month_seq between 1215 and 1215 + 11
 and d1.d_date_sk = ss_sold_date_sk
 and s_store_sk  = ss_store_sk
 and s_state in
            ( select s_state
              from  (select s_state as s_state,
                 rank() over ( partition by s_state order by sum(ss_net_profit) desc) as ranking
                      from  store_sales, store, date_dim
                      where d_month_seq between 1215 and 1215 + 11
                 and d_date_sk = ss_sold_date_sk
                 and s_store_sk  = ss_store_sk
                      group by s_state
                    ) tmp1 
              where ranking <= 5)
  group by s_state,s_county) ,  
 results_rollup as 
(select total_sum ,s_state ,s_county, 0 as g_state, 0 as g_county, 0 as lochierarchy from results
 union
 select sum(total_sum) as total_sum,s_state, NULL as s_county, 0 as g_state, 1 as g_county, 1 as lochierarchy from results group by s_state
 union
 select sum(total_sum) as total_sum ,NULL as s_state ,NULL as s_county, 1 as g_state, 1 as g_county, 2 as lochierarchy from results)
  select  total_sum ,s_state ,s_county, lochierarchy 
  ,rank() over (
     partition by lochierarchy, 
     case when g_county = 0 then s_state end 
     order by total_sum desc) as rank_within_parent
 from results_rollup
 order by
  lochierarchy desc
  ,case when lochierarchy = 0 then s_state end
  ,rank_within_parent
 limit 100;
psql:/tmp/s1-basline/throughput/query_7.sql:41: NOTICE:  duration: 1151.877 ms  plan:
Query Text: with results as
( select
    sum(ss_net_profit) as total_sum ,s_state ,s_county, 0 as gstate, 0 as g_county
 from
    store_sales
  ,date_dim      d1
  ,store
 where
    d1.d_month_seq between 1215 and 1215 + 11
 and d1.d_date_sk = ss_sold_date_sk
 and s_store_sk  = ss_store_sk
 and s_state in
            ( select s_state
              from  (select s_state as s_state,
                 rank() over ( partition by s_state order by sum(ss_net_profit) desc) as ranking
                      from  store_sales, store, date_dim
                      where d_month_seq between 1215 and 1215 + 11
                 and d_date_sk = ss_sold_date_sk
                 and s_store_sk  = ss_store_sk
                      group by s_state
                    ) tmp1 
              where ranking <= 5)
  group by s_state,s_county) ,  
 results_rollup as 
(select total_sum ,s_state ,s_county, 0 as g_state, 0 as g_county, 0 as lochierarchy from results
 union
 select sum(total_sum) as total_sum,s_state, NULL as s_county, 0 as g_state, 1 as g_county, 1 as lochierarchy from results group by s_state
 union
 select sum(total_sum) as total_sum ,NULL as s_state ,NULL as s_county, 1 as g_state, 1 as g_county, 2 as lochierarchy from results)
  select  total_sum ,s_state ,s_county, lochierarchy 
  ,rank() over (
     partition by lochierarchy, 
     case when g_county = 0 then s_state end 
     order by total_sum desc) as rank_within_parent
 from results_rollup
 order by
  lochierarchy desc
  ,case when lochierarchy = 0 then s_state end
  ,rank_within_parent
 limit 100;
Limit  (cost=186821.87..186821.88 rows=3 width=148) (actual time=1063.691..1151.860 rows=3 loops=1)
  CTE results
    ->  GroupAggregate  (cost=185075.15..186821.50 rows=1 width=37) (actual time=1063.606..1151.771 rows=1 loops=1)
          Group Key: store.s_state, store.s_county
          ->  Merge Join  (cost=185075.15..186725.52 rows=12796 width=29) (actual time=813.928..1088.159 rows=531377 loops=1)
                Merge Cond: (store.s_state = store_1.s_state)
                ->  Gather Merge  (cost=92517.44..94007.75 rows=12796 width=29) (actual time=417.592..620.304 rows=531377 loops=1)
                      Workers Planned: 2
                      Workers Launched: 2
                      ->  Sort  (cost=91517.42..91530.75 rows=5332 width=29) (actual time=412.444..453.229 rows=177126 loops=3)
                            Sort Key: store.s_state, store.s_county
                            Sort Method: external merge  Disk: 6856kB
                            Worker 0:  Sort Method: external merge  Disk: 6672kB
                            Worker 1:  Sort Method: external merge  Disk: 6728kB
                            ->  Hash Join  (cost=2506.44..91187.35 rows=5332 width=29) (actual time=15.695..360.525 rows=177126 loops=3)
                                  Hash Cond: (store_sales.ss_store_sk = store.s_store_sk)
                                  ->  Hash Join  (cost=2505.17..91166.46 rows=5592 width=16) (actual time=15.553..332.871 rows=181349 loops=3)
                                        Hash Cond: (store_sales.ss_sold_date_sk = d1.d_date_sk)
                                        ->  Parallel Seq Scan on store_sales  (cost=0.00..85499.45 rows=1204445 width=24) (actual time=0.020..167.017 rows=948150 loops=3)
                                        ->  Hash  (cost=2500.73..2500.73 rows=355 width=8) (actual time=15.512..15.513 rows=365 loops=3)
                                              Buckets: 1024  Batches: 1  Memory Usage: 23kB
                                              ->  Seq Scan on date_dim d1  (cost=0.00..2500.73 rows=355 width=8) (actual time=7.495..15.461 rows=365 loops=3)
                                                    Filter: ((d_month_seq >= 1215) AND (d_month_seq <= 1226))
                                                    Rows Removed by Filter: 72684
                                  ->  Hash  (cost=1.12..1.12 rows=12 width=29) (actual time=0.034..0.035 rows=12 loops=3)
                                        Buckets: 1024  Batches: 1  Memory Usage: 9kB
                                        ->  Seq Scan on store  (cost=0.00..1.12 rows=12 width=29) (actual time=0.024..0.028 rows=12 loops=3)
                ->  WindowAgg  (cost=92557.71..92557.80 rows=2 width=19) (actual time=396.332..396.419 rows=1 loops=1)
                      Run Condition: (rank() OVER (?) <= 5)
                      ->  Incremental Sort  (cost=92557.71..92557.76 rows=2 width=11) (actual time=396.325..396.411 rows=1 loops=1)
                            Sort Key: store_1.s_state, (sum(store_sales_1.ss_net_profit)) DESC
                            Presorted Key: store_1.s_state
                            Full-sort Groups: 1  Sort Method: quicksort  Average Memory: 25kB  Peak Memory: 25kB
                            ->  Finalize GroupAggregate  (cost=92517.44..92557.69 rows=1 width=11) (actual time=396.312..396.398 rows=1 loops=1)
                                  Group Key: store_1.s_state
                                  ->  Gather Merge  (cost=92517.44..92557.67 rows=2 width=11) (actual time=396.307..396.394 rows=3 loops=1)
                                        Workers Planned: 2
                                        Workers Launched: 2
                                        ->  Partial GroupAggregate  (cost=91517.42..91557.42 rows=1 width=11) (actual time=376.134..376.138 rows=1 loops=3)
                                              Group Key: store_1.s_state
                                              ->  Sort  (cost=91517.42..91530.75 rows=5332 width=11) (actual time=345.350..355.906 rows=177126 loops=3)
                                                    Sort Key: store_1.s_state
                                                    Sort Method: external merge  Disk: 5320kB
                                                    Worker 0:  Sort Method: quicksort  Memory: 13628kB
                                                    Worker 1:  Sort Method: quicksort  Memory: 13756kB
                                                    ->  Hash Join  (cost=2506.44..91187.35 rows=5332 width=11) (actual time=13.832..314.768 rows=177126 loops=3)
                                                          Hash Cond: (store_sales_1.ss_store_sk = store_1.s_store_sk)
                                                          ->  Hash Join  (cost=2505.17..91166.46 rows=5592 width=16) (actual time=13.746..288.532 rows=181349 loops=3)
                                                                Hash Cond: (store_sales_1.ss_sold_date_sk = date_dim.d_date_sk)
                                                                ->  Parallel Seq Scan on store_sales store_sales_1  (cost=0.00..85499.45 rows=1204445 width=24) (actual time=0.014..138.891 rows=948150 loops=3)
                                                                ->  Hash  (cost=2500.73..2500.73 rows=355 width=8) (actual time=13.714..13.715 rows=365 loops=3)
                                                                      Buckets: 1024  Batches: 1  Memory Usage: 23kB
                                                                      ->  Seq Scan on date_dim  (cost=0.00..2500.73 rows=355 width=8) (actual time=6.369..13.667 rows=365 loops=3)
                                                                            Filter: ((d_month_seq >= 1215) AND (d_month_seq <= 1226))
                                                                            Rows Removed by Filter: 72684
                                                          ->  Hash  (cost=1.12..1.12 rows=12 width=11) (actual time=0.034..0.035 rows=12 loops=3)
                                                                Buckets: 1024  Batches: 1  Memory Usage: 9kB
                                                                ->  Seq Scan on store store_1  (cost=0.00..1.12 rows=12 width=11) (actual time=0.024..0.028 rows=12 loops=3)
  ->  Sort  (cost=0.38..0.38 rows=3 width=148) (actual time=1063.690..1063.693 rows=3 loops=1)
        Sort Key: results_rollup.lochierarchy DESC, (CASE WHEN (results_rollup.lochierarchy = 0) THEN results_rollup.s_state ELSE NULL::bpchar END), (rank() OVER (?))
        Sort Method: quicksort  Memory: 25kB
        ->  WindowAgg  (cost=0.27..0.35 rows=3 width=148) (actual time=1063.655..1063.664 rows=3 loops=1)
              ->  Sort  (cost=0.27..0.28 rows=3 width=108) (actual time=1063.650..1063.652 rows=3 loops=1)
                    Sort Key: results_rollup.lochierarchy, (CASE WHEN (results_rollup.g_county = 0) THEN results_rollup.s_state ELSE NULL::bpchar END), results_rollup.total_sum DESC
                    Sort Method: quicksort  Memory: 25kB
                    ->  Subquery Scan on results_rollup  (cost=0.18..0.24 rows=3 width=108) (actual time=1063.629..1063.632 rows=3 loops=1)
                          ->  HashAggregate  (cost=0.18..0.21 rows=3 width=84) (actual time=1063.628..1063.630 rows=3 loops=1)
                                Group Key: results.total_sum, results.s_state, results.s_county, (0), (0), (0)
                                Batches: 1  Memory Usage: 24kB
                                ->  Append  (cost=0.00..0.13 rows=3 width=84) (actual time=1063.610..1063.622 rows=3 loops=1)
                                      ->  CTE Scan on results  (cost=0.00..0.02 rows=1 width=110) (actual time=1063.609..1063.610 rows=1 loops=1)
                                      ->  HashAggregate  (cost=0.02..0.03 rows=1 width=64) (actual time=0.005..0.006 rows=1 loops=1)
                                            Group Key: results_1.s_state
                                            Batches: 1  Memory Usage: 24kB
                                            ->  CTE Scan on results results_1  (cost=0.00..0.02 rows=1 width=20) (actual time=0.000..0.001 rows=1 loops=1)
                                      ->  Aggregate  (cost=0.02..0.03 rows=1 width=84) (actual time=0.003..0.003 rows=1 loops=1)
                                            ->  CTE Scan on results results_2  (cost=0.00..0.02 rows=1 width=8) (actual time=0.000..0.000 rows=1 loops=1)
     total_sum     | s_state |     s_county      | lochierarchy | rank_within_parent 
-------------------+---------+-------------------+--------------+--------------------
 -437711766.950004 |         |                   |            2 |                  1
 -437711766.950004 | TN      |                   |            1 |                  1
 -437711766.950004 | TN      | Williamson County |            0 |                  1
(3 rows)

UPDATE time_statistics SET e_time = TRANSACTION_TIMESTAMP() WHERE template = '../query_postgresql/query70.tpl' AND stream = 7;
psql:/tmp/s1-basline/throughput/query_7.sql:43: NOTICE:  duration: 0.096 ms  plan:
Query Text: UPDATE time_statistics SET e_time = TRANSACTION_TIMESTAMP() WHERE template = '../query_postgresql/query70.tpl' AND stream = 7;
Update on time_statistics  (cost=0.00..12.86 rows=0 width=0) (actual time=0.096..0.096 rows=0 loops=1)
  ->  Seq Scan on time_statistics  (cost=0.00..12.86 rows=1 width=14) (actual time=0.070..0.071 rows=1 loops=1)
        Filter: ((template = '../query_postgresql/query70.tpl'::text) AND (stream = 7))
        Rows Removed by Filter: 405
UPDATE 1
LOAD 'auto_explain'; SET auto_explain.log_min_duration TO 0; SET auto_explain.log_analyze TO on; SET auto_explain.log_level TO notice; INSERT INTO time_statistics (template, s_time, stream, query, seed) VALUES ('query53.tpl', TRANSACTION_TIMESTAMP(), 7, 2, 629498640);
LOAD
SET
SET
SET
psql:/tmp/s1-basline/throughput/query_7.sql:44: NOTICE:  duration: 0.017 ms  plan:
Query Text: INSERT INTO time_statistics (template, s_time, stream, query, seed) VALUES ('query53.tpl', TRANSACTION_TIMESTAMP(), 7, 2, 629498640);
Insert on time_statistics  (cost=0.00..0.01 rows=0 width=0) (actual time=0.017..0.017 rows=0 loops=1)
  ->  Result  (cost=0.00..0.01 rows=1 width=64) (actual time=0.001..0.002 rows=1 loops=1)
INSERT 0 1
select  * from 
(select i_manufact_id,
sum(ss_sales_price) sum_sales,
avg(sum(ss_sales_price)) over (partition by i_manufact_id) avg_quarterly_sales
from item, store_sales, date_dim, store
where ss_item_sk = i_item_sk and
ss_sold_date_sk = d_date_sk and
ss_store_sk = s_store_sk and
d_month_seq in (1177,1177+1,1177+2,1177+3,1177+4,1177+5,1177+6,1177+7,1177+8,1177+9,1177+10,1177+11) and
((i_category in ('Books','Children','Electronics') and
i_class in ('personal','portable','reference','self-help') and
i_brand in ('scholaramalgamalg #14','scholaramalgamalg #7',
		'exportiunivamalg #9','scholaramalgamalg #9'))
or(i_category in ('Women','Music','Men') and
i_class in ('accessories','classical','fragrances','pants') and
i_brand in ('amalgimporto #1','edu packscholar #1','exportiimporto #1',
		'importoamalg #1')))
group by i_manufact_id, d_qoy ) tmp1
where case when avg_quarterly_sales > 0 
	then abs (sum_sales - avg_quarterly_sales)/ avg_quarterly_sales 
	else null end > 0.1
order by avg_quarterly_sales,
	 sum_sales,
	 i_manufact_id
limit 100;
psql:/tmp/s1-basline/throughput/query_7.sql:69: NOTICE:  duration: 247.423 ms  plan:
Query Text: select  * from 
(select i_manufact_id,
sum(ss_sales_price) sum_sales,
avg(sum(ss_sales_price)) over (partition by i_manufact_id) avg_quarterly_sales
from item, store_sales, date_dim, store
where ss_item_sk = i_item_sk and
ss_sold_date_sk = d_date_sk and
ss_store_sk = s_store_sk and
d_month_seq in (1177,1177+1,1177+2,1177+3,1177+4,1177+5,1177+6,1177+7,1177+8,1177+9,1177+10,1177+11) and
((i_category in ('Books','Children','Electronics') and
i_class in ('personal','portable','reference','self-help') and
i_brand in ('scholaramalgamalg #14','scholaramalgamalg #7',
		'exportiunivamalg #9','scholaramalgamalg #9'))
or(i_category in ('Women','Music','Men') and
i_class in ('accessories','classical','fragrances','pants') and
i_brand in ('amalgimporto #1','edu packscholar #1','exportiimporto #1',
		'importoamalg #1')))
group by i_manufact_id, d_qoy ) tmp1
where case when avg_quarterly_sales > 0 
	then abs (sum_sales - avg_quarterly_sales)/ avg_quarterly_sales 
	else null end > 0.1
order by avg_quarterly_sales,
	 sum_sales,
	 i_manufact_id
limit 100;
Limit  (cost=7691.86..7691.87 rows=6 width=20) (actual time=247.368..247.381 rows=100 loops=1)
  ->  Sort  (cost=7691.86..7691.87 rows=6 width=20) (actual time=247.367..247.373 rows=100 loops=1)
        Sort Key: tmp1.avg_quarterly_sales, tmp1.sum_sales, tmp1.i_manufact_id
        Sort Method: top-N heapsort  Memory: 39kB
        ->  Subquery Scan on tmp1  (cost=7690.69..7691.78 rows=6 width=20) (actual time=240.691..247.116 rows=1478 loops=1)
              Filter: (CASE WHEN (tmp1.avg_quarterly_sales > '0'::double precision) THEN (abs((tmp1.sum_sales - tmp1.avg_quarterly_sales)) / tmp1.avg_quarterly_sales) ELSE NULL::double precision END > '0.1'::double precision)
              Rows Removed by Filter: 178
              ->  WindowAgg  (cost=7690.69..7691.35 rows=19 width=24) (actual time=240.689..246.915 rows=1656 loops=1)
                    ->  GroupAggregate  (cost=7690.69..7691.07 rows=19 width=16) (actual time=240.662..246.109 rows=1656 loops=1)
                          Group Key: item.i_manufact_id, date_dim.d_qoy
                          ->  Sort  (cost=7690.69..7690.74 rows=19 width=16) (actual time=240.652..242.087 rows=35847 loops=1)
                                Sort Key: item.i_manufact_id, date_dim.d_qoy
                                Sort Method: quicksort  Memory: 3494kB
                                ->  Nested Loop  (cost=0.76..7690.28 rows=19 width=16) (actual time=0.090..230.725 rows=35847 loops=1)
                                      Join Filter: (store_sales.ss_store_sk = store.s_store_sk)
                                      Rows Removed by Join Filter: 164600
                                      ->  Nested Loop  (cost=0.76..7685.84 rows=20 width=24) (actual time=0.083..208.265 rows=36703 loops=1)
                                            ->  Nested Loop  (cost=0.43..6951.24 rows=4175 width=28) (actual time=0.045..169.713 rows=116106 loops=1)
                                                  ->  Seq Scan on item  (cost=0.00..1931.00 rows=26 width=12) (actual time=0.030..17.580 rows=900 loops=1)
                                                        Filter: (((i_category = ANY ('{Books,Children,Electronics}'::bpchar[])) AND (i_class = ANY ('{personal,portable,reference,self-help}'::bpchar[])) AND (i_brand = ANY ('{"scholaramalgamalg #14","scholaramalgamalg #7","exportiunivamalg #9","scholaramalgamalg #9"}'::bpchar[]))) OR ((i_category = ANY ('{Women,Music,Men}'::bpchar[])) AND (i_class = ANY ('{accessories,classical,fragrances,pants}'::bpchar[])) AND (i_brand = ANY ('{"amalgimporto #1","edu packscholar #1","exportiimporto #1","importoamalg #1"}'::bpchar[]))))
                                                        Rows Removed by Filter: 17100
                                                  ->  Index Scan using pk_store_sales on store_sales  (cost=0.43..191.34 rows=175 width=32) (actual time=0.008..0.150 rows=129 loops=900)
                                                        Index Cond: (ss_item_sk = item.i_item_sk)
                                            ->  Memoize  (cost=0.33..0.36 rows=1 width=12) (actual time=0.000..0.000 rows=0 loops=116106)
                                                  Cache Key: store_sales.ss_sold_date_sk
                                                  Cache Mode: logical
                                                  Hits: 114391  Misses: 1715  Evictions: 0  Overflows: 0  Memory Usage: 138kB
                                                  ->  Index Scan using pk_date_dim on date_dim  (cost=0.32..0.35 rows=1 width=12) (actual time=0.001..0.001 rows=0 loops=1715)
                                                        Index Cond: (d_date_sk = store_sales.ss_sold_date_sk)
                                                        Filter: (d_month_seq = ANY ('{1177,1178,1179,1180,1181,1182,1183,1184,1185,1186,1187,1188}'::integer[]))
                                                        Rows Removed by Filter: 1
                                      ->  Materialize  (cost=0.00..1.18 rows=12 width=8) (actual time=0.000..0.000 rows=5 loops=36703)
                                            ->  Seq Scan on store  (cost=0.00..1.12 rows=12 width=8) (actual time=0.002..0.004 rows=12 loops=1)
 i_manufact_id |     sum_sales      | avg_quarterly_sales 
---------------+--------------------+---------------------
           196 | 203.64000000000001 |            338.1725
           196 | 388.15000000000003 |            338.1725
           196 |                439 |            338.1725
           297 | 250.68000000000004 |            338.2275
           297 |             292.19 |            338.2275
           297 | 455.28000000000003 |            338.2275
           987 | 123.14000000000001 |   353.2125000000001
           987 |             248.03 |   353.2125000000001
           987 |  719.7400000000002 |   353.2125000000001
           637 | 184.26999999999998 |            363.5625
           637 |             189.05 |            363.5625
           637 |  512.3100000000001 |            363.5625
           637 |             568.62 |            363.5625
           770 |             285.68 |  372.01249999999993
           770 |             305.65 |  372.01249999999993
           770 |             525.54 |  372.01249999999993
           636 |              26.55 |  379.75250000000005
           636 |             229.47 |  379.75250000000005
           636 |  311.1700000000001 |  379.75250000000005
           636 |  951.8200000000002 |  379.75250000000005
           185 |             253.81 |            380.9425
           185 |             284.61 |            380.9425
           185 |             333.71 |            380.9425
           185 |  651.6400000000001 |            380.9425
           225 |              58.75 |   386.5250000000001
           225 |                 93 |   386.5250000000001
           225 |  443.0200000000001 |   386.5250000000001
           225 |  951.3300000000002 |   386.5250000000001
            82 |             164.91 |            387.9175
            82 |             314.01 |            387.9175
            82 | 343.09000000000003 |            387.9175
            82 |  729.6600000000001 |            387.9175
           659 |             136.87 |            389.4275
           659 |              330.8 |            389.4275
           659 |              334.8 |            389.4275
           659 |             755.24 |            389.4275
           348 |             151.11 |  393.33500000000004
           348 |              289.8 |  393.33500000000004
           348 |             335.59 |  393.33500000000004
           348 |             796.84 |  393.33500000000004
           134 |             144.38 |            397.5525
           134 |             669.29 |            397.5525
           981 |  69.08999999999999 |            403.4075
           981 |             146.36 |            403.4075
           981 |  957.3400000000001 |            403.4075
           417 |             176.19 |              410.13
           417 | 216.35000000000002 |              410.13
           417 |  834.6500000000001 |              410.13
            88 |              90.03 |             412.275
            88 | 142.14000000000001 |             412.275
            88 |             321.43 |             412.275
            88 |             1095.5 |             412.275
           343 |             163.26 |  416.82000000000005
           343 |             189.44 |  416.82000000000005
           343 |             271.66 |  416.82000000000005
           343 |            1042.92 |  416.82000000000005
           899 |             244.78 |            417.8725
           899 |             314.71 |            417.8725
           899 |             727.72 |            417.8725
           425 | 160.64999999999998 |  420.54999999999995
           425 |             365.74 |  420.54999999999995
           425 |             519.77 |  420.54999999999995
           425 |             636.04 |  420.54999999999995
           163 | 218.29000000000002 |            421.0425
           163 |             239.25 |            421.0425
           163 |             771.94 |            421.0425
           105 | 198.19000000000003 |  424.51250000000005
           105 | 212.89999999999998 |  424.51250000000005
           105 |             478.57 |  424.51250000000005
           105 |             808.39 |  424.51250000000005
           421 |             181.57 |            426.0025
           421 |             504.05 |            426.0025
           421 |  572.2600000000001 |            426.0025
           256 |              161.3 |            426.4475
           256 |             217.19 |            426.4475
           256 | 253.91000000000003 |            426.4475
           256 | 1073.3899999999999 |            426.4475
           895 |             197.43 |               429.8
           895 |             208.17 |               429.8
           895 |             233.45 |               429.8
           895 |            1080.15 |               429.8
           300 |             324.94 |             432.515
           300 |             361.39 |             432.515
           300 | 385.34999999999997 |             432.515
           300 |  658.3800000000001 |             432.515
           162 | 236.00999999999996 |   432.6474999999999
           162 | 342.41999999999996 |   432.6474999999999
           162 |             500.95 |   432.6474999999999
           162 |  651.2099999999999 |   432.6474999999999
           474 |             196.01 |            435.4175
           474 | 292.15999999999997 |            435.4175
           474 |  811.4899999999999 |            435.4175
           455 |             234.56 |            439.6375
           455 |             528.99 |            439.6375
           455 |  594.1700000000001 |            439.6375
           187 |              109.5 |            440.3175
           187 | 344.44000000000005 |            440.3175
           187 |  577.0699999999999 |            440.3175
           187 |             730.26 |            440.3175
           969 | 215.98000000000002 |              440.36
(100 rows)

UPDATE time_statistics SET e_time = TRANSACTION_TIMESTAMP() WHERE template = 'query53.tpl' AND stream = 7;
psql:/tmp/s1-basline/throughput/query_7.sql:71: NOTICE:  duration: 0.086 ms  plan:
Query Text: UPDATE time_statistics SET e_time = TRANSACTION_TIMESTAMP() WHERE template = 'query53.tpl' AND stream = 7;
Update on time_statistics  (cost=0.00..12.86 rows=0 width=0) (actual time=0.085..0.085 rows=0 loops=1)
  ->  Seq Scan on time_statistics  (cost=0.00..12.86 rows=1 width=14) (actual time=0.053..0.054 rows=1 loops=1)
        Filter: ((template = 'query53.tpl'::text) AND (stream = 7))
        Rows Removed by Filter: 406
UPDATE 1
LOAD 'auto_explain'; SET auto_explain.log_min_duration TO 0; SET auto_explain.log_analyze TO on; SET auto_explain.log_level TO notice; INSERT INTO time_statistics (template, s_time, stream, query, seed) VALUES ('../query_postgresql/query92.tpl', TRANSACTION_TIMESTAMP(), 7, 3, 1500092986);
LOAD
SET
SET
SET
psql:/tmp/s1-basline/throughput/query_7.sql:72: NOTICE:  duration: 0.009 ms  plan:
Query Text: INSERT INTO time_statistics (template, s_time, stream, query, seed) VALUES ('../query_postgresql/query92.tpl', TRANSACTION_TIMESTAMP(), 7, 3, 1500092986);
Insert on time_statistics  (cost=0.00..0.01 rows=0 width=0) (actual time=0.008..0.008 rows=0 loops=1)
  ->  Result  (cost=0.00..0.01 rows=1 width=64) (actual time=0.001..0.002 rows=1 loops=1)
INSERT 0 1
select  
   sum(ws_ext_discount_amt)  as "Excess Discount Amount" 
from 
    web_sales 
   ,item 
   ,date_dim
where
i_manufact_id = 987
and i_item_sk = ws_item_sk 
and d_date between '2001-01-25' and 
        (cast('2001-01-25' as date) + interval '90 days')
and d_date_sk = ws_sold_date_sk 
and ws_ext_discount_amt  
     > ( 
         SELECT 
            1.3 * avg(ws_ext_discount_amt) 
         FROM 
            web_sales 
           ,date_dim
         WHERE 
              ws_item_sk = i_item_sk 
          and d_date between '2001-01-25' and
                             (cast('2001-01-25' as date) + interval '90 days')
          and d_date_sk = ws_sold_date_sk 
      ) 
order by sum(ws_ext_discount_amt)
limit 100;
psql:/tmp/s1-basline/throughput/query_7.sql:99: NOTICE:  duration: 19.229 ms  plan:
Query Text: select  
   sum(ws_ext_discount_amt)  as "Excess Discount Amount" 
from 
    web_sales 
   ,item 
   ,date_dim
where
i_manufact_id = 987
and i_item_sk = ws_item_sk 
and d_date between '2001-01-25' and 
        (cast('2001-01-25' as date) + interval '90 days')
and d_date_sk = ws_sold_date_sk 
and ws_ext_discount_amt  
     > ( 
         SELECT 
            1.3 * avg(ws_ext_discount_amt) 
         FROM 
            web_sales 
           ,date_dim
         WHERE 
              ws_item_sk = i_item_sk 
          and d_date between '2001-01-25' and
                             (cast('2001-01-25' as date) + interval '90 days')
          and d_date_sk = ws_sold_date_sk 
      ) 
order by sum(ws_ext_discount_amt)
limit 100;
Limit  (cost=25831.09..25831.09 rows=1 width=8) (actual time=19.219..19.223 rows=1 loops=1)
  ->  Sort  (cost=25831.09..25831.09 rows=1 width=8) (actual time=19.218..19.221 rows=1 loops=1)
        Sort Key: (sum(web_sales.ws_ext_discount_amt))
        Sort Method: quicksort  Memory: 25kB
        ->  Aggregate  (cost=25831.07..25831.08 rows=1 width=8) (actual time=19.214..19.217 rows=1 loops=1)
              ->  Hash Join  (cost=1481.92..25831.07 rows=1 width=8) (actual time=14.015..19.214 rows=1 loops=1)
                    Hash Cond: (web_sales.ws_item_sk = item.i_item_sk)
                    Join Filter: (web_sales.ws_ext_discount_amt > (SubPlan 1))
                    Rows Removed by Join Filter: 3
                    ->  Nested Loop  (cost=0.72..24347.58 rows=870 width=16) (actual time=0.039..10.883 rows=20305 loops=1)
                          ->  Index Scan using i_d_date on date_dim  (cost=0.29..5.25 rows=88 width=8) (actual time=0.020..0.040 rows=91 loops=1)
                                Index Cond: ((d_date >= '2001-01-25'::date) AND (d_date <= '2001-04-25 00:00:00'::timestamp without time zone))
                          ->  Index Scan using i_ws_sold_date_sk on web_sales  (cost=0.42..272.65 rows=397 width=24) (actual time=0.006..0.070 rows=223 loops=91)
                                Index Cond: (ws_sold_date_sk = date_dim.d_date_sk)
                    ->  Hash  (cost=1481.00..1481.00 rows=16 width=8) (actual time=6.839..6.839 rows=4 loops=1)
                          Buckets: 1024  Batches: 1  Memory Usage: 9kB
                          ->  Seq Scan on item  (cost=0.00..1481.00 rows=16 width=8) (actual time=0.266..6.837 rows=4 loops=1)
                                Filter: (i_manufact_id = 987)
                                Rows Removed by Filter: 17996
                    SubPlan 1
                      ->  Aggregate  (cost=57.17..57.18 rows=1 width=8) (actual time=0.054..0.054 rows=1 loops=4)
                            ->  Hash Join  (cost=6.78..57.16 rows=1 width=8) (actual time=0.040..0.052 rows=2 loops=4)
                                  Hash Cond: (web_sales_1.ws_sold_date_sk = date_dim_1.d_date_sk)
                                  ->  Index Scan using pk_web_sales on web_sales web_sales_1  (cost=0.42..50.69 rows=44 width=16) (actual time=0.005..0.036 rows=32 loops=4)
                                        Index Cond: (ws_item_sk = item.i_item_sk)
                                  ->  Hash  (cost=5.25..5.25 rows=88 width=8) (actual time=0.040..0.040 rows=91 loops=1)
                                        Buckets: 1024  Batches: 1  Memory Usage: 12kB
                                        ->  Index Scan using i_d_date on date_dim date_dim_1  (cost=0.29..5.25 rows=88 width=8) (actual time=0.008..0.026 rows=91 loops=1)
                                              Index Cond: ((d_date >= '2001-01-25'::date) AND (d_date <= '2001-04-25 00:00:00'::timestamp without time zone))
 Excess Discount Amount 
------------------------
                3034.32
(1 row)

UPDATE time_statistics SET e_time = TRANSACTION_TIMESTAMP() WHERE template = '../query_postgresql/query92.tpl' AND stream = 7;
psql:/tmp/s1-basline/throughput/query_7.sql:101: NOTICE:  duration: 0.077 ms  plan:
Query Text: UPDATE time_statistics SET e_time = TRANSACTION_TIMESTAMP() WHERE template = '../query_postgresql/query92.tpl' AND stream = 7;
Update on time_statistics  (cost=0.00..12.86 rows=0 width=0) (actual time=0.076..0.076 rows=0 loops=1)
  ->  Seq Scan on time_statistics  (cost=0.00..12.86 rows=1 width=14) (actual time=0.050..0.050 rows=1 loops=1)
        Filter: ((template = '../query_postgresql/query92.tpl'::text) AND (stream = 7))
        Rows Removed by Filter: 407
UPDATE 1
LOAD 'auto_explain'; SET auto_explain.log_min_duration TO 0; SET auto_explain.log_analyze TO on; SET auto_explain.log_level TO notice; INSERT INTO time_statistics (template, s_time, stream, query, seed) VALUES ('query99.tpl', TRANSACTION_TIMESTAMP(), 7, 4, 604799922);
LOAD
SET
SET
SET
psql:/tmp/s1-basline/throughput/query_7.sql:102: NOTICE:  duration: 0.008 ms  plan:
Query Text: INSERT INTO time_statistics (template, s_time, stream, query, seed) VALUES ('query99.tpl', TRANSACTION_TIMESTAMP(), 7, 4, 604799922);
Insert on time_statistics  (cost=0.00..0.01 rows=0 width=0) (actual time=0.008..0.008 rows=0 loops=1)
  ->  Result  (cost=0.00..0.01 rows=1 width=64) (actual time=0.001..0.001 rows=1 loops=1)
INSERT 0 1
select  
   substr(w_warehouse_name,1,20)
  ,sm_type
  ,cc_name
  ,sum(case when (cs_ship_date_sk - cs_sold_date_sk <= 30 ) then 1 else 0 end)  as "30 days" 
  ,sum(case when (cs_ship_date_sk - cs_sold_date_sk > 30) and 
                 (cs_ship_date_sk - cs_sold_date_sk <= 60) then 1 else 0 end )  as "31-60 days" 
  ,sum(case when (cs_ship_date_sk - cs_sold_date_sk > 60) and 
                 (cs_ship_date_sk - cs_sold_date_sk <= 90) then 1 else 0 end)  as "61-90 days" 
  ,sum(case when (cs_ship_date_sk - cs_sold_date_sk > 90) and
                 (cs_ship_date_sk - cs_sold_date_sk <= 120) then 1 else 0 end)  as "91-120 days" 
  ,sum(case when (cs_ship_date_sk - cs_sold_date_sk  > 120) then 1 else 0 end)  as ">120 days" 
from
   catalog_sales
  ,warehouse
  ,ship_mode
  ,call_center
  ,date_dim
where
    d_month_seq between 1203 and 1203 + 11
and cs_ship_date_sk   = d_date_sk
and cs_warehouse_sk   = w_warehouse_sk
and cs_ship_mode_sk   = sm_ship_mode_sk
and cs_call_center_sk = cc_call_center_sk
group by
   substr(w_warehouse_name,1,20)
  ,sm_type
  ,cc_name
order by substr(w_warehouse_name,1,20)
        ,sm_type
        ,cc_name
limit 100;
psql:/tmp/s1-basline/throughput/query_7.sql:134: NOTICE:  duration: 410.991 ms  plan:
Query Text: select  
   substr(w_warehouse_name,1,20)
  ,sm_type
  ,cc_name
  ,sum(case when (cs_ship_date_sk - cs_sold_date_sk <= 30 ) then 1 else 0 end)  as "30 days" 
  ,sum(case when (cs_ship_date_sk - cs_sold_date_sk > 30) and 
                 (cs_ship_date_sk - cs_sold_date_sk <= 60) then 1 else 0 end )  as "31-60 days" 
  ,sum(case when (cs_ship_date_sk - cs_sold_date_sk > 60) and 
                 (cs_ship_date_sk - cs_sold_date_sk <= 90) then 1 else 0 end)  as "61-90 days" 
  ,sum(case when (cs_ship_date_sk - cs_sold_date_sk > 90) and
                 (cs_ship_date_sk - cs_sold_date_sk <= 120) then 1 else 0 end)  as "91-120 days" 
  ,sum(case when (cs_ship_date_sk - cs_sold_date_sk  > 120) then 1 else 0 end)  as ">120 days" 
from
   catalog_sales
  ,warehouse
  ,ship_mode
  ,call_center
  ,date_dim
where
    d_month_seq between 1203 and 1203 + 11
and cs_ship_date_sk   = d_date_sk
and cs_warehouse_sk   = w_warehouse_sk
and cs_ship_mode_sk   = sm_ship_mode_sk
and cs_call_center_sk = cc_call_center_sk
group by
   substr(w_warehouse_name,1,20)
  ,sm_type
  ,cc_name
order by substr(w_warehouse_name,1,20)
        ,sm_type
        ,cc_name
limit 100;
Limit  (cost=64782.53..64984.59 rows=90 width=115) (actual time=348.208..410.906 rows=90 loops=1)
  ->  Finalize GroupAggregate  (cost=64782.53..64984.59 rows=90 width=115) (actual time=348.207..410.895 rows=90 loops=1)
        Group Key: (substr((warehouse.w_warehouse_name)::text, 1, 20)), ship_mode.sm_type, call_center.cc_name
        ->  Gather Merge  (cost=64782.53..64979.87 rows=180 width=115) (actual time=347.404..410.778 rows=270 loops=1)
              Workers Planned: 2
              Workers Launched: 2
              ->  Partial GroupAggregate  (cost=63782.50..63959.07 rows=90 width=115) (actual time=309.253..350.014 rows=90 loops=3)
                    Group Key: (substr((warehouse.w_warehouse_name)::text, 1, 20)), ship_mode.sm_type, call_center.cc_name
                    ->  Sort  (cost=63782.50..63789.52 rows=2807 width=91) (actual time=308.736..315.755 rows=92396 loops=3)
                          Sort Key: (substr((warehouse.w_warehouse_name)::text, 1, 20)), ship_mode.sm_type, call_center.cc_name
                          Sort Method: quicksort  Memory: 14355kB
                          Worker 0:  Sort Method: quicksort  Memory: 12764kB
                          Worker 1:  Sort Method: quicksort  Memory: 12875kB
                          ->  Hash Join  (cost=2508.78..63621.73 rows=2807 width=91) (actual time=73.430..229.318 rows=92396 loops=3)
                                Hash Cond: (catalog_sales.cs_warehouse_sk = warehouse.w_warehouse_sk)
                                ->  Hash Join  (cost=2507.67..63599.96 rows=2822 width=67) (actual time=73.354..203.751 rows=92456 loops=3)
                                      Hash Cond: (catalog_sales.cs_call_center_sk = call_center.cc_call_center_sk)
                                      ->  Hash Join  (cost=2506.53..63586.14 rows=2837 width=63) (actual time=20.023..189.800 rows=94303 loops=3)
                                            Hash Cond: (catalog_sales.cs_ship_mode_sk = ship_mode.sm_ship_mode_sk)
                                            ->  Hash Join  (cost=2505.08..63575.63 rows=2852 width=40) (actual time=19.984..174.141 rows=94536 loops=3)
                                                  Hash Cond: (catalog_sales.cs_ship_date_sk = date_dim.d_date_sk)
                                                  ->  Parallel Seq Scan on catalog_sales  (cost=0.00..59490.16 rows=602016 width=40) (actual time=0.016..87.386 rows=473789 loops=3)
                                                  ->  Hash  (cost=2500.73..2500.73 rows=348 width=8) (actual time=13.313..13.314 rows=365 loops=3)
                                                        Buckets: 1024  Batches: 1  Memory Usage: 23kB
                                                        ->  Seq Scan on date_dim  (cost=0.00..2500.73 rows=348 width=8) (actual time=6.343..13.263 rows=365 loops=3)
                                                              Filter: ((d_month_seq >= 1203) AND (d_month_seq <= 1214))
                                                              Rows Removed by Filter: 72684
                                            ->  Hash  (cost=1.20..1.20 rows=20 width=39) (actual time=0.027..0.027 rows=20 loops=3)
                                                  Buckets: 1024  Batches: 1  Memory Usage: 10kB
                                                  ->  Seq Scan on ship_mode  (cost=0.00..1.20 rows=20 width=39) (actual time=0.019..0.021 rows=20 loops=3)
                                      ->  Hash  (cost=1.06..1.06 rows=6 width=20) (actual time=0.025..0.026 rows=6 loops=3)
                                            Buckets: 1024  Batches: 1  Memory Usage: 9kB
                                            ->  Seq Scan on call_center  (cost=0.00..1.06 rows=6 width=20) (actual time=0.022..0.023 rows=6 loops=3)
                                ->  Hash  (cost=1.05..1.05 rows=5 width=22) (actual time=0.032..0.033 rows=5 loops=3)
                                      Buckets: 1024  Batches: 1  Memory Usage: 9kB
                                      ->  Seq Scan on warehouse  (cost=0.00..1.05 rows=5 width=22) (actual time=0.028..0.029 rows=5 loops=3)
       substr        |            sm_type             |    cc_name    | 30 days | 31-60 days | 61-90 days | 91-120 days | >120 days 
---------------------+--------------------------------+---------------+---------+------------+------------+-------------+-----------
 Neither dea         | EXPRESS                        | Mid Atlantic  |    1188 |       1198 |       1227 |           0 |         0
 Neither dea         | EXPRESS                        | North Midwest |    1249 |       1249 |       1216 |           0 |         0
 Neither dea         | EXPRESS                        | NY Metro      |    1235 |       1237 |       1251 |           0 |         0
 Neither dea         | LIBRARY                        | Mid Atlantic  |     934 |        950 |        958 |           0 |         0
 Neither dea         | LIBRARY                        | North Midwest |     913 |        876 |        945 |           0 |         0
 Neither dea         | LIBRARY                        | NY Metro      |     902 |        926 |        960 |           0 |         0
 Neither dea         | NEXT DAY                       | Mid Atlantic  |    1181 |       1300 |       1196 |           0 |         0
 Neither dea         | NEXT DAY                       | North Midwest |    1248 |       1181 |       1257 |           0 |         0
 Neither dea         | NEXT DAY                       | NY Metro      |    1183 |       1294 |       1354 |           0 |         0
 Neither dea         | OVERNIGHT                      | Mid Atlantic  |     813 |        895 |        920 |           0 |         0
 Neither dea         | OVERNIGHT                      | North Midwest |     924 |        920 |        894 |           0 |         0
 Neither dea         | OVERNIGHT                      | NY Metro      |     953 |        941 |        930 |           0 |         0
 Neither dea         | REGULAR                        | Mid Atlantic  |     933 |        934 |        971 |           0 |         0
 Neither dea         | REGULAR                        | North Midwest |     875 |        914 |        993 |           0 |         0
 Neither dea         | REGULAR                        | NY Metro      |     899 |        938 |        886 |           0 |         0
 Neither dea         | TWO DAY                        | Mid Atlantic  |     915 |        922 |        960 |           0 |         0
 Neither dea         | TWO DAY                        | North Midwest |     899 |        955 |        880 |           0 |         0
 Neither dea         | TWO DAY                        | NY Metro      |     949 |        959 |        918 |           0 |         0
 Parties use         | EXPRESS                        | Mid Atlantic  |    1201 |       1267 |       1283 |           0 |         0
 Parties use         | EXPRESS                        | North Midwest |    1180 |       1174 |       1213 |           0 |         0
 Parties use         | EXPRESS                        | NY Metro      |    1140 |       1247 |       1293 |           0 |         0
 Parties use         | LIBRARY                        | Mid Atlantic  |     847 |        931 |        983 |           0 |         0
 Parties use         | LIBRARY                        | North Midwest |     886 |        957 |        885 |           0 |         0
 Parties use         | LIBRARY                        | NY Metro      |     903 |        924 |        925 |           0 |         0
 Parties use         | NEXT DAY                       | Mid Atlantic  |    1252 |       1240 |       1276 |           0 |         0
 Parties use         | NEXT DAY                       | North Midwest |    1159 |       1252 |       1245 |           0 |         0
 Parties use         | NEXT DAY                       | NY Metro      |    1225 |       1219 |       1247 |           0 |         0
 Parties use         | OVERNIGHT                      | Mid Atlantic  |     896 |        944 |        949 |           0 |         0
 Parties use         | OVERNIGHT                      | North Midwest |     914 |        911 |        920 |           0 |         0
 Parties use         | OVERNIGHT                      | NY Metro      |     917 |        991 |        914 |           0 |         0
 Parties use         | REGULAR                        | Mid Atlantic  |     893 |        964 |        915 |           0 |         0
 Parties use         | REGULAR                        | North Midwest |     882 |        940 |        917 |           0 |         0
 Parties use         | REGULAR                        | NY Metro      |     886 |        926 |        983 |           0 |         0
 Parties use         | TWO DAY                        | Mid Atlantic  |     905 |        928 |        898 |           0 |         0
 Parties use         | TWO DAY                        | North Midwest |     858 |        914 |        954 |           0 |         0
 Parties use         | TWO DAY                        | NY Metro      |     938 |        907 |        907 |           0 |         0
 Persons make more e | EXPRESS                        | Mid Atlantic  |    1207 |       1233 |       1296 |           0 |         0
 Persons make more e | EXPRESS                        | North Midwest |    1241 |       1250 |       1216 |           0 |         0
 Persons make more e | EXPRESS                        | NY Metro      |    1259 |       1178 |       1278 |           0 |         0
 Persons make more e | LIBRARY                        | Mid Atlantic  |     918 |        960 |       1018 |           0 |         0
 Persons make more e | LIBRARY                        | North Midwest |     833 |        914 |        867 |           0 |         0
 Persons make more e | LIBRARY                        | NY Metro      |     946 |        960 |        986 |           0 |         0
 Persons make more e | NEXT DAY                       | Mid Atlantic  |    1281 |       1227 |       1228 |           0 |         0
 Persons make more e | NEXT DAY                       | North Midwest |    1172 |       1205 |       1252 |           0 |         0
 Persons make more e | NEXT DAY                       | NY Metro      |    1268 |       1233 |       1259 |           0 |         0
 Persons make more e | OVERNIGHT                      | Mid Atlantic  |     871 |        902 |        900 |           0 |         0
 Persons make more e | OVERNIGHT                      | North Midwest |     859 |        924 |        986 |           0 |         0
 Persons make more e | OVERNIGHT                      | NY Metro      |     898 |        972 |        948 |           0 |         0
 Persons make more e | REGULAR                        | Mid Atlantic  |     908 |        919 |        941 |           0 |         0
 Persons make more e | REGULAR                        | North Midwest |     898 |        922 |        949 |           0 |         0
 Persons make more e | REGULAR                        | NY Metro      |     914 |        953 |        954 |           0 |         0
 Persons make more e | TWO DAY                        | Mid Atlantic  |     928 |        935 |        954 |           0 |         0
 Persons make more e | TWO DAY                        | North Midwest |     883 |        894 |        948 |           0 |         0
 Persons make more e | TWO DAY                        | NY Metro      |     912 |        968 |        969 |           0 |         0
 Single, simple r    | EXPRESS                        | Mid Atlantic  |    1224 |       1250 |       1218 |           0 |         0
 Single, simple r    | EXPRESS                        | North Midwest |    1182 |       1178 |       1247 |           0 |         0
 Single, simple r    | EXPRESS                        | NY Metro      |    1248 |       1282 |       1137 |           0 |         0
 Single, simple r    | LIBRARY                        | Mid Atlantic  |     931 |        920 |       1003 |           0 |         0
 Single, simple r    | LIBRARY                        | North Midwest |     892 |        938 |        940 |           0 |         0
 Single, simple r    | LIBRARY                        | NY Metro      |     869 |        968 |        892 |           0 |         0
 Single, simple r    | NEXT DAY                       | Mid Atlantic  |    1156 |       1241 |       1265 |           0 |         0
 Single, simple r    | NEXT DAY                       | North Midwest |    1185 |       1296 |       1300 |           0 |         0
 Single, simple r    | NEXT DAY                       | NY Metro      |    1258 |       1262 |       1276 |           0 |         0
 Single, simple r    | OVERNIGHT                      | Mid Atlantic  |     842 |        936 |        899 |           0 |         0
 Single, simple r    | OVERNIGHT                      | North Midwest |     910 |        917 |        963 |           0 |         0
 Single, simple r    | OVERNIGHT                      | NY Metro      |     948 |        974 |        928 |           0 |         0
 Single, simple r    | REGULAR                        | Mid Atlantic  |     910 |        885 |        948 |           0 |         0
 Single, simple r    | REGULAR                        | North Midwest |     916 |        942 |        915 |           0 |         0
 Single, simple r    | REGULAR                        | NY Metro      |     916 |        915 |        980 |           0 |         0
 Single, simple r    | TWO DAY                        | Mid Atlantic  |     921 |        899 |        927 |           0 |         0
 Single, simple r    | TWO DAY                        | North Midwest |     889 |        912 |        912 |           0 |         0
 Single, simple r    | TWO DAY                        | NY Metro      |     911 |        998 |        953 |           0 |         0
 Total, dea          | EXPRESS                        | Mid Atlantic  |    1206 |       1223 |       1244 |           0 |         0
 Total, dea          | EXPRESS                        | North Midwest |    1156 |       1260 |       1207 |           0 |         0
 Total, dea          | EXPRESS                        | NY Metro      |    1146 |       1275 |       1249 |           0 |         0
 Total, dea          | LIBRARY                        | Mid Atlantic  |     850 |        939 |        906 |           0 |         0
 Total, dea          | LIBRARY                        | North Midwest |     909 |        902 |        904 |           0 |         0
 Total, dea          | LIBRARY                        | NY Metro      |     892 |        952 |        940 |           0 |         0
 Total, dea          | NEXT DAY                       | Mid Atlantic  |    1183 |       1229 |       1256 |           0 |         0
 Total, dea          | NEXT DAY                       | North Midwest |    1279 |       1217 |       1254 |           0 |         0
 Total, dea          | NEXT DAY                       | NY Metro      |    1162 |       1229 |       1241 |           0 |         0
 Total, dea          | OVERNIGHT                      | Mid Atlantic  |     935 |        957 |        891 |           0 |         0
 Total, dea          | OVERNIGHT                      | North Midwest |     913 |        909 |        943 |           0 |         0
 Total, dea          | OVERNIGHT                      | NY Metro      |     937 |        946 |        962 |           0 |         0
 Total, dea          | REGULAR                        | Mid Atlantic  |     940 |        955 |        985 |           0 |         0
 Total, dea          | REGULAR                        | North Midwest |     821 |        885 |        918 |           0 |         0
 Total, dea          | REGULAR                        | NY Metro      |     923 |        913 |        941 |           0 |         0
 Total, dea          | TWO DAY                        | Mid Atlantic  |     898 |        890 |        937 |           0 |         0
 Total, dea          | TWO DAY                        | North Midwest |     888 |        956 |        957 |           0 |         0
 Total, dea          | TWO DAY                        | NY Metro      |     904 |        910 |        934 |           0 |         0
(90 rows)

UPDATE time_statistics SET e_time = TRANSACTION_TIMESTAMP() WHERE template = 'query99.tpl' AND stream = 7;
psql:/tmp/s1-basline/throughput/query_7.sql:136: NOTICE:  duration: 0.090 ms  plan:
Query Text: UPDATE time_statistics SET e_time = TRANSACTION_TIMESTAMP() WHERE template = 'query99.tpl' AND stream = 7;
Update on time_statistics  (cost=0.00..12.86 rows=0 width=0) (actual time=0.089..0.089 rows=0 loops=1)
  ->  Seq Scan on time_statistics  (cost=0.00..12.86 rows=1 width=14) (actual time=0.056..0.057 rows=1 loops=1)
        Filter: ((template = 'query99.tpl'::text) AND (stream = 7))
        Rows Removed by Filter: 409
UPDATE 1
LOAD 'auto_explain'; SET auto_explain.log_min_duration TO 0; SET auto_explain.log_analyze TO on; SET auto_explain.log_level TO notice; INSERT INTO time_statistics (template, s_time, stream, query, seed) VALUES ('query31.tpl', TRANSACTION_TIMESTAMP(), 7, 5, 19412110);
LOAD
SET
SET
SET
psql:/tmp/s1-basline/throughput/query_7.sql:137: NOTICE:  duration: 0.009 ms  plan:
Query Text: INSERT INTO time_statistics (template, s_time, stream, query, seed) VALUES ('query31.tpl', TRANSACTION_TIMESTAMP(), 7, 5, 19412110);
Insert on time_statistics  (cost=0.00..0.01 rows=0 width=0) (actual time=0.009..0.009 rows=0 loops=1)
  ->  Result  (cost=0.00..0.01 rows=1 width=64) (actual time=0.002..0.002 rows=1 loops=1)
INSERT 0 1
with ss as
 (select ca_county,d_qoy, d_year,sum(ss_ext_sales_price) as store_sales
 from store_sales,date_dim,customer_address
 where ss_sold_date_sk = d_date_sk
  and ss_addr_sk=ca_address_sk
 group by ca_county,d_qoy, d_year),
 ws as
 (select ca_county,d_qoy, d_year,sum(ws_ext_sales_price) as web_sales
 from web_sales,date_dim,customer_address
 where ws_sold_date_sk = d_date_sk
  and ws_bill_addr_sk=ca_address_sk
 group by ca_county,d_qoy, d_year)
 select 
        ss1.ca_county
       ,ss1.d_year
       ,ws2.web_sales/ws1.web_sales web_q1_q2_increase
       ,ss2.store_sales/ss1.store_sales store_q1_q2_increase
       ,ws3.web_sales/ws2.web_sales web_q2_q3_increase
       ,ss3.store_sales/ss2.store_sales store_q2_q3_increase
 from
        ss ss1
       ,ss ss2
       ,ss ss3
       ,ws ws1
       ,ws ws2
       ,ws ws3
 where
    ss1.d_qoy = 1
    and ss1.d_year = 1998
    and ss1.ca_county = ss2.ca_county
    and ss2.d_qoy = 2
    and ss2.d_year = 1998
 and ss2.ca_county = ss3.ca_county
    and ss3.d_qoy = 3
    and ss3.d_year = 1998
    and ss1.ca_county = ws1.ca_county
    and ws1.d_qoy = 1
    and ws1.d_year = 1998
    and ws1.ca_county = ws2.ca_county
    and ws2.d_qoy = 2
    and ws2.d_year = 1998
    and ws1.ca_county = ws3.ca_county
    and ws3.d_qoy = 3
    and ws3.d_year =1998
    and case when ws1.web_sales > 0 then ws2.web_sales/ws1.web_sales else null end 
       > case when ss1.store_sales > 0 then ss2.store_sales/ss1.store_sales else null end
    and case when ws2.web_sales > 0 then ws3.web_sales/ws2.web_sales else null end
       > case when ss2.store_sales > 0 then ss3.store_sales/ss2.store_sales else null end
 order by ss1.d_year;
psql:/tmp/s1-basline/throughput/query_7.sql:186: NOTICE:  duration: 10512.636 ms  plan:
Query Text: with ss as
 (select ca_county,d_qoy, d_year,sum(ss_ext_sales_price) as store_sales
 from store_sales,date_dim,customer_address
 where ss_sold_date_sk = d_date_sk
  and ss_addr_sk=ca_address_sk
 group by ca_county,d_qoy, d_year),
 ws as
 (select ca_county,d_qoy, d_year,sum(ws_ext_sales_price) as web_sales
 from web_sales,date_dim,customer_address
 where ws_sold_date_sk = d_date_sk
  and ws_bill_addr_sk=ca_address_sk
 group by ca_county,d_qoy, d_year)
 select 
        ss1.ca_county
       ,ss1.d_year
       ,ws2.web_sales/ws1.web_sales web_q1_q2_increase
       ,ss2.store_sales/ss1.store_sales store_q1_q2_increase
       ,ws3.web_sales/ws2.web_sales web_q2_q3_increase
       ,ss3.store_sales/ss2.store_sales store_q2_q3_increase
 from
        ss ss1
       ,ss ss2
       ,ss ss3
       ,ws ws1
       ,ws ws2
       ,ws ws3
 where
    ss1.d_qoy = 1
    and ss1.d_year = 1998
    and ss1.ca_county = ss2.ca_county
    and ss2.d_qoy = 2
    and ss2.d_year = 1998
 and ss2.ca_county = ss3.ca_county
    and ss3.d_qoy = 3
    and ss3.d_year = 1998
    and ss1.ca_county = ws1.ca_county
    and ws1.d_qoy = 1
    and ws1.d_year = 1998
    and ws1.ca_county = ws2.ca_county
    and ws2.d_qoy = 2
    and ws2.d_year = 1998
    and ws1.ca_county = ws3.ca_county
    and ws3.d_qoy = 3
    and ws3.d_year =1998
    and case when ws1.web_sales > 0 then ws2.web_sales/ws1.web_sales else null end 
       > case when ss1.store_sales > 0 then ss2.store_sales/ss1.store_sales else null end
    and case when ws2.web_sales > 0 then ws3.web_sales/ws2.web_sales else null end
       > case when ss2.store_sales > 0 then ss3.store_sales/ss2.store_sales else null end
 order by ss1.d_year;
Nested Loop  (cost=384864.05..550357.59 rows=1 width=114) (actual time=2885.998..10512.583 rows=42 loops=1)
  Join Filter: (((ss1.ca_county)::text = (ws2.ca_county)::text) AND (CASE WHEN (ws1.web_sales > '0'::double precision) THEN (ws2.web_sales / ws1.web_sales) ELSE NULL::double precision END > CASE WHEN (ss1.store_sales > '0'::double precision) THEN (ss2.store_sales / ss1.store_sales) ELSE NULL::double precision END) AND (CASE WHEN (ws2.web_sales > '0'::double precision) THEN (ws3.web_sales / ws2.web_sales) ELSE NULL::double precision END > CASE WHEN (ss2.store_sales > '0'::double precision) THEN (ss3.store_sales / ss2.store_sales) ELSE NULL::double precision END))
  Rows Removed by Join Filter: 519638
  CTE ss
    ->  HashAggregate  (cost=241250.83..292135.40 rows=1484184 width=30) (actual time=2088.306..2096.031 rows=35194 loops=1)
          Group Key: customer_address.ca_county, date_dim.d_qoy, date_dim.d_year
          Planned Partitions: 8  Batches: 1  Memory Usage: 10257kB
          ->  Hash Join  (cost=5321.60..122515.79 rows=2636268 width=30) (actual time=38.427..1479.476 rows=2651057 loops=1)
                Hash Cond: (store_sales.ss_sold_date_sk = date_dim.d_date_sk)
                ->  Hash Join  (cost=2273.00..112223.28 rows=2759431 width=30) (actual time=15.174..1050.011 rows=2716148 loops=1)
                      Hash Cond: (store_sales.ss_addr_sk = customer_address.ca_address_sk)
                      ->  Seq Scan on store_sales  (cost=0.00..102361.67 rows=2890667 width=24) (actual time=0.004..224.598 rows=2844450 loops=1)
                      ->  Hash  (cost=1648.00..1648.00 rows=50000 width=22) (actual time=14.912..14.913 rows=50000 loops=1)
                            Buckets: 65536  Batches: 1  Memory Usage: 3298kB
                            ->  Seq Scan on customer_address  (cost=0.00..1648.00 rows=50000 width=22) (actual time=0.004..7.153 rows=50000 loops=1)
                ->  Hash  (cost=2135.49..2135.49 rows=73049 width=16) (actual time=22.750..22.751 rows=73049 loops=1)
                      Buckets: 131072  Batches: 1  Memory Usage: 4449kB
                      ->  Seq Scan on date_dim  (cost=0.00..2135.49 rows=73049 width=16) (actual time=0.007..11.546 rows=73049 loops=1)
  CTE ws
    ->  HashAggregate  (cost=75631.33..92728.65 rows=722263 width=30) (actual time=616.596..621.651 rows=23264 loops=1)
          Group Key: customer_address_1.ca_county, date_dim_1.d_qoy, date_dim_1.d_year
          Planned Partitions: 4  Batches: 1  Memory Usage: 9233kB
          ->  Hash Join  (cost=5321.60..43101.28 rows=722263 width=30) (actual time=39.404..451.671 rows=711294 loops=1)
                Hash Cond: (web_sales.ws_sold_date_sk = date_dim_1.d_date_sk)
                ->  Hash Join  (cost=2273.00..38156.37 rows=722359 width=30) (actual time=16.337..318.363 rows=711370 loops=1)
                      Hash Cond: (web_sales.ws_bill_addr_sk = customer_address_1.ca_address_sk)
                      ->  Seq Scan on web_sales  (cost=0.00..33986.52 rows=722552 width=24) (actual time=0.005..67.796 rows=711555 loops=1)
                      ->  Hash  (cost=1648.00..1648.00 rows=50000 width=22) (actual time=16.062..16.063 rows=50000 loops=1)
                            Buckets: 65536  Batches: 1  Memory Usage: 3298kB
                            ->  Seq Scan on customer_address customer_address_1  (cost=0.00..1648.00 rows=50000 width=22) (actual time=0.018..8.192 rows=50000 loops=1)
                ->  Hash  (cost=2135.49..2135.49 rows=73049 width=16) (actual time=22.548..22.549 rows=73049 loops=1)
                      Buckets: 131072  Batches: 1  Memory Usage: 4449kB
                      ->  Seq Scan on date_dim date_dim_1  (cost=0.00..2135.49 rows=73049 width=16) (actual time=0.010..10.856 rows=73049 loops=1)
  ->  Nested Loop  (cost=0.00..147436.28 rows=1 width=434) (actual time=2734.214..9484.771 rows=560 loops=1)
        Join Filter: ((ss1.ca_county)::text = (ss3.ca_county)::text)
        Rows Removed by Join Filter: 1023544
        ->  Nested Loop  (cost=0.00..110331.22 rows=1 width=348) (actual time=2718.977..7881.279 rows=568 loops=1)
              Join Filter: ((ss1.ca_county)::text = (ss2.ca_county)::text)
              Rows Removed by Join Filter: 1003574
              ->  Nested Loop  (cost=0.00..73226.15 rows=1 width=262) (actual time=2718.719..6195.625 rows=606 loops=1)
                    Join Filter: ((ws1.ca_county)::text = (ss1.ca_county)::text)
                    Rows Removed by Join Filter: 1062114
                    ->  Nested Loop  (cost=0.00..36120.26 rows=2 width=172) (actual time=630.377..2281.647 rows=648 loops=1)
                          Join Filter: ((ws1.ca_county)::text = (ws3.ca_county)::text)
                          Rows Removed by Join Filter: 1115244
                          ->  CTE Scan on ws ws1  (cost=0.00..18056.58 rows=18 width=86) (actual time=616.615..618.430 rows=892 loops=1)
                                Filter: ((d_qoy = 1) AND (d_year = 1998))
                                Rows Removed by Filter: 22372
                          ->  CTE Scan on ws ws3  (cost=0.00..18056.58 rows=18 width=86) (actual time=0.001..1.791 rows=1251 loops=892)
                                Filter: ((d_year = 1998) AND (d_qoy = 3))
                                Rows Removed by Filter: 22013
                    ->  CTE Scan on ss ss1  (cost=0.00..37104.60 rows=37 width=90) (actual time=3.226..5.943 rows=1640 loops=648)
                          Filter: ((d_qoy = 1) AND (d_year = 1998))
                          Rows Removed by Filter: 33554
              ->  CTE Scan on ss ss2  (cost=0.00..37104.60 rows=37 width=86) (actual time=0.001..2.685 rows=1657 loops=606)
                    Filter: ((d_year = 1998) AND (d_qoy = 2))
                    Rows Removed by Filter: 33537
        ->  CTE Scan on ss ss3  (cost=0.00..37104.60 rows=37 width=86) (actual time=0.001..2.717 rows=1803 loops=568)
              Filter: ((d_year = 1998) AND (d_qoy = 3))
              Rows Removed by Filter: 33391
  ->  CTE Scan on ws ws2  (cost=0.00..18056.58 rows=18 width=86) (actual time=0.005..1.769 rows=928 loops=560)
        Filter: ((d_year = 1998) AND (d_qoy = 2))
        Rows Removed by Filter: 22336
     ca_county      | d_year | web_q1_q2_increase  | store_q1_q2_increase | web_q2_q3_increase | store_q2_q3_increase 
--------------------+--------+---------------------+----------------------+--------------------+----------------------
 Shelby County      |   1998 |  0.9635506449466137 |   0.5794484982455104 |  4.565521852844989 |    1.467935970493388
 Bonneville County  |   1998 |  1.1305531837305702 |   0.6009981062577585 | 1.2921759725530768 |   0.8814472042281479
 Jeff Davis County  |   1998 |   4.718493093744911 |    1.920285329213373 | 3.0831403954588854 |   1.3701601128456082
 Manitowoc County   |   1998 |  1.5441650000309588 |   0.7341089369614879 |  2.182033823056252 |   1.1529067090595324
 Walton County      |   1998 |  0.6291112876398142 |  0.49972801744619433 | 2.6854059612084074 |   2.2953264993403626
 Monroe County      |   1998 |  0.9917813199060677 |     0.92115419224064 | 2.0150092145603224 |   1.8239674966139923
 Cameron County     |   1998 |  1.6588287321163717 |   1.6187976672514959 | 3.1682908849602214 |    3.015198034492176
 Pearl River County |   1998 |  0.8331666432690203 |    0.438455936099828 |   1.31462251842301 |   0.5109009508797762
 Cumberland County  |   1998 |   6.499172750694794 |   2.1129576934706584 | 1.6678721248967734 |   1.2311060064787198
 Pulaski County     |   1998 |  1.7806495304599086 |   0.8594047340381729 | 1.1324135767242034 |   1.1104519592788524
 Bastrop County     |   1998 |  1.1125178860898062 |   0.9437595415892012 | 1.2847343318851279 |   0.9662471960547476
 Logan County       |   1998 |  0.6792442854596117 |   0.5986662850839242 |  2.966304965460537 |   2.1612127880401095
 Cass County        |   1998 |  1.3011502233948053 |   0.9433768359355994 |  2.485132749985411 |   1.9676037446436723
 Harrison County    |   1998 |  0.8539834027566672 |   0.8129446780707019 | 2.7168043965272353 |    1.818040399499433
 Pipestone County   |   1998 |  3.9836770296378625 |   0.6641413286969511 |  1.183831424889958 |   0.8977931745048511
 Dale County        |   1998 |  1.5230158005297278 |   0.9782263633138628 |  1.468569126717271 |  0.44855370129005845
 Benton County      |   1998 |  1.6016680556601177 |   1.4500413605353175 |  2.057114361780805 |   1.0906082671829822
 Lauderdale County  |   1998 |  2.2185187010843563 |   1.4184407989416898 | 1.3235107815666116 |    0.787675157009007
 Sullivan County    |   1998 |    1.86461382586193 |   1.2069047641903174 |  4.505624520343058 |   1.3980171016844611
 Chippewa County    |   1998 |  1.2255655433600956 |   0.8490493316580607 | 2.8953489343034002 |   1.2870370661585082
 Perry County       |   1998 |   4.498531170747103 |   0.9799621577091444 |  2.979783816360263 |     2.36126496976647
 Chaves County      |   1998 |  1.8590372432042628 |   1.5057318518228497 | 2.8019186368794924 |   2.1486871418443556
 Harlan County      |   1998 |   1.235753922703231 |   0.5778129538322624 |  3.875140971714215 |   3.7443323388228023
 Caldwell County    |   1998 |  3.3004382528185148 |   1.1228915434012137 | 2.3872523538220563 |    1.432567961054706
 DeKalb County      |   1998 |  2.1845940015146397 |   1.6083858215234474 | 0.9970672305297587 |   0.8736930257893849
 Grant County       |   1998 |  1.0203065295787974 |   0.6500095460783973 |  2.782112390261576 |   1.8579973290260772
 Washington County  |   1998 |  1.2940311835897782 |   1.1377499825455994 | 2.5847034974721343 |   1.5010825329806738
 Charlton County    |   1998 |  2.2803804307553204 |   0.8441219573554057 | 0.8701811192151709 |   0.7788011423056155
 Stark County       |   1998 |  0.6796108817850509 |   0.1246838103148522 |   9.74132804589848 |    9.282726214218798
 Red River County   |   1998 |    2.77968661083025 |   0.7158220141767839 |  1.954750892906823 |   1.6839663235450633
 Douglas County     |   1998 |  3.0784111764719544 |   1.0391726279025852 | 2.3168513926485685 |   1.9797408512864911
 Hancock County     |   1998 |  1.3968605869082908 |   0.9658692697232467 |  2.052776650152325 |   1.9156881174513816
 Erie County        |   1998 |   4.572855144677487 |    3.507208548172823 | 0.9174874458796761 |   0.8014981964755129
 Delaware County    |   1998 |   1.118239351497272 |    0.775013678447563 |  2.162887325923783 |   1.1754536911496771
 Mason County       |   1998 |  2.1825675996349627 |   1.1735524620605635 | 1.5657949360174412 |   1.0350077259091135
 Jim Wells County   |   1998 |  1.6579244004913447 |   1.2609226103640931 | 1.7888166090854218 |   0.6800601034157245
 Warren County      |   1998 | 0.47732411865872754 |   0.4459172636750541 |  4.065688207762043 |   2.4939912681153054
 Bradley County     |   1998 |  0.8940736366039231 |   0.5806002580090355 |  2.635838566933674 |   2.3523890420569753
 Cibola County      |   1998 |  1.6611322802689545 |   0.9144310480961725 | 0.7363509908026561 |   0.6614828421718071
 Suffolk city       |   1998 |  0.7833525523624332 |   0.7187777941129888 | 1.4302016804616795 |    1.213198195551256
 Adams County       |   1998 |    2.00756846701026 |   0.8110946283035061 | 3.1877743380158075 |    2.117262637703971
 Scott County       |   1998 |    1.48947336063112 |   0.7749932136553663 | 2.7761628674725736 |   1.5632058532558664
(42 rows)

UPDATE time_statistics SET e_time = TRANSACTION_TIMESTAMP() WHERE template = 'query31.tpl' AND stream = 7;
psql:/tmp/s1-basline/throughput/query_7.sql:188: NOTICE:  duration: 0.095 ms  plan:
Query Text: UPDATE time_statistics SET e_time = TRANSACTION_TIMESTAMP() WHERE template = 'query31.tpl' AND stream = 7;
Update on time_statistics  (cost=0.00..12.41 rows=0 width=0) (actual time=0.095..0.095 rows=0 loops=1)
  ->  Seq Scan on time_statistics  (cost=0.00..12.41 rows=1 width=14) (actual time=0.057..0.060 rows=1 loops=1)
        Filter: ((template = 'query31.tpl'::text) AND (stream = 7))
        Rows Removed by Filter: 440
UPDATE 1
LOAD 'auto_explain'; SET auto_explain.log_min_duration TO 0; SET auto_explain.log_analyze TO on; SET auto_explain.log_level TO notice; INSERT INTO time_statistics (template, s_time, stream, query, seed) VALUES ('query39.tpl', TRANSACTION_TIMESTAMP(), 7, 6, 27040768);
LOAD
SET
SET
SET
psql:/tmp/s1-basline/throughput/query_7.sql:189: NOTICE:  duration: 0.032 ms  plan:
Query Text: INSERT INTO time_statistics (template, s_time, stream, query, seed) VALUES ('query39.tpl', TRANSACTION_TIMESTAMP(), 7, 6, 27040768);
Insert on time_statistics  (cost=0.00..0.01 rows=0 width=0) (actual time=0.031..0.031 rows=0 loops=1)
  ->  Result  (cost=0.00..0.01 rows=1 width=64) (actual time=0.002..0.002 rows=1 loops=1)
INSERT 0 1
with inv as
(select w_warehouse_name,w_warehouse_sk,i_item_sk,d_moy
       ,stdev,mean, case mean when 0 then null else stdev/mean end cov
 from(select w_warehouse_name,w_warehouse_sk,i_item_sk,d_moy
            ,stddev_samp(inv_quantity_on_hand) stdev,avg(inv_quantity_on_hand) mean
      from inventory
          ,item
          ,warehouse
          ,date_dim
      where inv_item_sk = i_item_sk
        and inv_warehouse_sk = w_warehouse_sk
        and inv_date_sk = d_date_sk
        and d_year =2001
      group by w_warehouse_name,w_warehouse_sk,i_item_sk,d_moy) foo
 where case mean when 0 then 0 else stdev/mean end > 1)
select inv1.w_warehouse_sk,inv1.i_item_sk,inv1.d_moy,inv1.mean, inv1.cov
        ,inv2.w_warehouse_sk,inv2.i_item_sk,inv2.d_moy,inv2.mean, inv2.cov
from inv inv1,inv inv2
where inv1.i_item_sk = inv2.i_item_sk
  and inv1.w_warehouse_sk =  inv2.w_warehouse_sk
  and inv1.d_moy=1
  and inv2.d_moy=1+1
order by inv1.w_warehouse_sk,inv1.i_item_sk,inv1.d_moy,inv1.mean,inv1.cov
        ,inv2.d_moy,inv2.mean, inv2.cov
;
psql:/tmp/s1-basline/throughput/query_7.sql:214: NOTICE:  duration: 2569.080 ms  plan:
Query Text: with inv as
(select w_warehouse_name,w_warehouse_sk,i_item_sk,d_moy
       ,stdev,mean, case mean when 0 then null else stdev/mean end cov
 from(select w_warehouse_name,w_warehouse_sk,i_item_sk,d_moy
            ,stddev_samp(inv_quantity_on_hand) stdev,avg(inv_quantity_on_hand) mean
      from inventory
          ,item
          ,warehouse
          ,date_dim
      where inv_item_sk = i_item_sk
        and inv_warehouse_sk = w_warehouse_sk
        and inv_date_sk = d_date_sk
        and d_year =2001
      group by w_warehouse_name,w_warehouse_sk,i_item_sk,d_moy) foo
 where case mean when 0 then 0 else stdev/mean end > 1)
select inv1.w_warehouse_sk,inv1.i_item_sk,inv1.d_moy,inv1.mean, inv1.cov
        ,inv2.w_warehouse_sk,inv2.i_item_sk,inv2.d_moy,inv2.mean, inv2.cov
from inv inv1,inv inv2
where inv1.i_item_sk = inv2.i_item_sk
  and inv1.w_warehouse_sk =  inv2.w_warehouse_sk
  and inv1.d_moy=1
  and inv2.d_moy=1+1
order by inv1.w_warehouse_sk,inv1.i_item_sk,inv1.d_moy,inv1.mean,inv1.cov
        ,inv2.d_moy,inv2.mean, inv2.cov
;
Sort  (cost=156168.84..156168.84 rows=1 width=168) (actual time=2568.155..2568.356 rows=848 loops=1)
  Sort Key: inv1.w_warehouse_sk, inv1.i_item_sk, inv1.mean, inv1.cov, inv2.mean, inv2.cov
  Sort Method: quicksort  Memory: 125kB
  CTE inv
    ->  Subquery Scan on foo  (cost=153633.23..155271.02 rows=19852 width=130) (actual time=1097.429..2531.681 rows=62975 loops=1)
          ->  HashAggregate  (cost=153633.23..154973.24 rows=19852 width=98) (actual time=1097.427..2513.306 rows=62975 loops=1)
                Group Key: warehouse.w_warehouse_name, warehouse.w_warehouse_sk, item.i_item_sk, date_dim.d_moy
                Filter: (CASE avg(inventory.inv_quantity_on_hand) WHEN '0'::numeric THEN '0'::numeric ELSE (stddev_samp(inventory.inv_quantity_on_hand) / avg(inventory.inv_quantity_on_hand)) END > '1'::numeric)
                Batches: 21  Memory Usage: 34865kB  Disk Usage: 119576kB
                Rows Removed by Filter: 522025
                ->  Gather  (cost=3870.75..152739.89 rows=59556 width=38) (actual time=19.606..387.850 rows=2340000 loops=1)
                      Workers Planned: 3
                      Workers Launched: 3
                      ->  Hash Join  (cost=2870.75..145784.29 rows=19212 width=38) (actual time=21.988..746.887 rows=585000 loops=4)
                            Hash Cond: (inventory.inv_warehouse_sk = warehouse.w_warehouse_sk)
                            ->  Hash Join  (cost=2869.64..145690.01 rows=19212 width=24) (actual time=21.754..609.652 rows=585000 loops=4)
                                  Hash Cond: (inventory.inv_item_sk = item.i_item_sk)
                                  ->  Hash Join  (cost=2322.65..145092.58 rows=19212 width=24) (actual time=17.222..514.604 rows=585000 loops=4)
                                        Hash Cond: (inventory.inv_date_sk = date_dim.d_date_sk)
                                        ->  Parallel Seq Scan on inventory  (cost=0.00..132620.86 rows=3866086 width=28) (actual time=0.019..216.279 rows=2936250 loops=4)
                                        ->  Hash  (cost=2318.11..2318.11 rows=363 width=12) (actual time=14.376..14.377 rows=365 loops=4)
                                              Buckets: 1024  Batches: 1  Memory Usage: 26kB
                                              ->  Seq Scan on date_dim  (cost=0.00..2318.11 rows=363 width=12) (actual time=6.959..14.321 rows=365 loops=4)
                                                    Filter: (d_year = 2001)
                                                    Rows Removed by Filter: 72684
                                  ->  Hash  (cost=321.99..321.99 rows=18000 width=8) (actual time=4.394..4.395 rows=18000 loops=4)
                                        Buckets: 32768  Batches: 1  Memory Usage: 960kB
                                        ->  Index Only Scan using pk_item on item  (cost=0.29..321.99 rows=18000 width=8) (actual time=0.085..2.120 rows=18000 loops=4)
                                              Heap Fetches: 0
                            ->  Hash  (cost=1.05..1.05 rows=5 width=22) (actual time=0.029..0.030 rows=5 loops=4)
                                  Buckets: 1024  Batches: 1  Memory Usage: 9kB
                                  ->  Seq Scan on warehouse  (cost=0.00..1.05 rows=5 width=22) (actual time=0.024..0.026 rows=5 loops=4)
  ->  Hash Join  (cost=448.15..897.80 rows=1 width=168) (actual time=2561.986..2567.783 rows=848 loops=1)
        Hash Cond: ((inv1.i_item_sk = inv2.i_item_sk) AND (inv1.w_warehouse_sk = inv2.w_warehouse_sk))
        ->  CTE Scan on inv inv1  (cost=0.00..446.67 rows=99 width=84) (actual time=1097.667..1102.907 rows=3160 loops=1)
              Filter: (d_moy = 1)
              Rows Removed by Filter: 59815
        ->  Hash  (cost=446.67..446.67 rows=99 width=84) (actual time=1464.297..1464.297 rows=14376 loops=1)
              Buckets: 16384 (originally 1024)  Batches: 1 (originally 1)  Memory Usage: 1134kB
              ->  CTE Scan on inv inv2  (cost=0.00..446.67 rows=99 width=84) (actual time=0.002..1461.030 rows=14376 loops=1)
                    Filter: (d_moy = 2)
                    Rows Removed by Filter: 48599
 w_warehouse_sk | i_item_sk | d_moy |         mean         |          cov           | w_warehouse_sk | i_item_sk | d_moy |         mean         |          cov           
----------------+-----------+-------+----------------------+------------------------+----------------+-----------+-------+----------------------+------------------------
              1 |       337 |     1 | 308.5000000000000000 |     1.3710281142611702 |              1 |       337 |     2 | 147.2500000000000000 |     1.3334395012129032
              1 |       535 |     1 | 337.3333333333333333 |     1.2373147523583617 |              1 |       535 |     2 | 359.2500000000000000 |     1.0117868071995240
              1 |       619 |     1 | 180.2500000000000000 |     1.1025052479673343 |              1 |       619 |     2 | 318.0000000000000000 |     1.1565004291480503
              1 |       691 |     1 | 356.0000000000000000 |     1.1862915282302079 |              1 |       691 |     2 | 338.0000000000000000 |     1.0455332751142130
              1 |       709 |     1 | 240.5000000000000000 |     1.0772494602234137 |              1 |       709 |     2 | 313.0000000000000000 |     1.1337517358158722
              1 |       903 |     1 | 281.5000000000000000 |     1.1871193830118970 |              1 |       903 |     2 | 251.0000000000000000 |     1.2547502898880837
              1 |      1089 |     1 | 294.0000000000000000 |     1.3185833805714660 |              1 |      1089 |     2 | 355.2500000000000000 |     1.0384962858522984
              1 |      1221 |     1 | 258.7500000000000000 |     1.0657111405484638 |              1 |      1221 |     2 | 377.7500000000000000 |     1.0704627508971410
              1 |      1319 |     1 | 338.6666666666666667 |     1.0910276575012648 |              1 |      1319 |     2 | 495.5000000000000000 |     1.2344043707898365
              1 |      1359 |     1 | 319.0000000000000000 |     1.1092528646918464 |              1 |      1359 |     2 | 217.6666666666666667 |     1.3558386486481286
              1 |      1461 |     1 | 107.0000000000000000 |     1.1523785152746449 |              1 |      1461 |     2 | 286.7500000000000000 |     1.2871372198358396
              1 |      1649 |     1 | 372.7500000000000000 |     1.0761802021914500 |              1 |      1649 |     2 | 456.5000000000000000 |     1.0796351073100197
              1 |      1883 |     1 | 409.7500000000000000 |     1.0462170462391727 |              1 |      1883 |     2 | 256.5000000000000000 |     1.0503223533414230
              1 |      1905 |     1 | 286.0000000000000000 |     1.1313516871850664 |              1 |      1905 |     2 | 122.0000000000000000 |     1.2482900603987295
              1 |      1993 |     1 | 349.0000000000000000 |     1.2236366117363553 |              1 |      1993 |     2 | 405.7500000000000000 |     1.0117987704805545
              1 |      2069 |     1 | 360.2500000000000000 |     1.0086345250876225 |              1 |      2069 |     2 | 506.0000000000000000 |     1.1431093814438656
              1 |      2367 |     1 | 474.2500000000000000 |     1.0841438339917702 |              1 |      2367 |     2 | 292.5000000000000000 |     1.1265549530708444
              1 |      2513 |     1 | 293.6666666666666667 |     1.4097465549430114 |              1 |      2513 |     2 | 492.0000000000000000 |     1.1871345554066829
              1 |      2571 |     1 | 261.6666666666666667 |     1.0845314036259783 |              1 |      2571 |     2 | 296.5000000000000000 |     1.1167819805754368
              1 |      2601 |     1 | 196.3333333333333333 |     1.3734126438408998 |              1 |      2601 |     2 | 194.2500000000000000 |     1.1698730790614311
              1 |      2683 |     1 | 334.2500000000000000 |     1.0528075073988691 |              1 |      2683 |     2 |  27.5000000000000000 |     1.1570838237598050
              1 |      3015 |     1 | 286.3333333333333333 |     1.1181041401018428 |              1 |      3015 |     2 | 311.7500000000000000 |     1.0809432239539856
              1 |      3149 |     1 | 361.5000000000000000 |     1.1618202375334136 |              1 |      3149 |     2 | 548.0000000000000000 |     1.0090465381165693
              1 |      3163 |     1 | 431.0000000000000000 |     1.0252770456916984 |              1 |      3163 |     2 | 329.2500000000000000 |     1.3460599356031314
              1 |      3221 |     1 | 225.0000000000000000 |     1.6127332829625956 |              1 |      3221 |     2 | 487.0000000000000000 |     1.0425106137411520
              1 |      3243 |     1 | 282.7500000000000000 |     1.2071384606133546 |              1 |      3243 |     2 | 321.0000000000000000 |     1.1438976325634860
              1 |      3305 |     1 | 415.5000000000000000 |     1.1482633284452419 |              1 |      3305 |     2 | 491.0000000000000000 |     1.0311373835632749
              1 |      3315 |     1 | 276.6666666666666667 |     1.0563888125444060 |              1 |      3315 |     2 | 164.2500000000000000 |     1.1293868915463623
              1 |      3415 |     1 | 208.2500000000000000 |     1.0174587225859208 |              1 |      3415 |     2 | 267.2500000000000000 |     1.2734870492756183
              1 |      3591 |     1 | 282.0000000000000000 |     1.3659465224714078 |              1 |      3591 |     2 | 273.2500000000000000 |     1.2184732616080805
              1 |      3633 |     1 | 242.5000000000000000 |     1.2648550477056742 |              1 |      3633 |     2 | 363.7500000000000000 |     1.1869803816905924
              1 |      3741 |     1 | 345.3333333333333333 |     1.2303792463491110 |              1 |      3741 |     2 |  70.5000000000000000 |     1.0455802695290797
              1 |      4243 |     1 | 194.0000000000000000 |     1.1296894797937732 |              1 |      4243 |     2 | 279.0000000000000000 |     1.3231519910275484
              1 |      4287 |     1 | 384.6666666666666667 |     1.0321387850488206 |              1 |      4287 |     2 | 268.5000000000000000 |     1.1520466775448529
              1 |      4345 |     1 | 357.2500000000000000 |     1.1029481736288677 |              1 |      4345 |     2 | 144.0000000000000000 |     1.1575995210929236
              1 |      4601 |     1 | 241.7500000000000000 |     1.1340883397248728 |              1 |      4601 |     2 | 519.5000000000000000 |     1.0793757025619480
              1 |      4609 |     1 | 189.3333333333333333 |     1.0470853573071338 |              1 |      4609 |     2 | 466.7500000000000000 |     1.0079978500367563
              1 |      4629 |     1 | 407.5000000000000000 |     1.2823359786425988 |              1 |      4629 |     2 | 238.5000000000000000 |     1.7298786314254549
              1 |      4635 |     1 | 444.5000000000000000 |     1.3251292434834511 |              1 |      4635 |     2 | 403.5000000000000000 |     1.0231258515849641
              1 |      4779 |     1 | 431.2500000000000000 |     1.0588419153860220 |              1 |      4779 |     2 | 231.6666666666666667 |     1.2182326894173108
              1 |      4845 |     1 | 381.5000000000000000 |     1.0073866597126894 |              1 |      4845 |     2 | 297.7500000000000000 |     1.0861739099631503
              1 |      5017 |     1 | 444.0000000000000000 |     1.1147184967770045 |              1 |      5017 |     2 | 327.7500000000000000 |     1.1745566094687475
              1 |      5231 |     1 | 192.5000000000000000 |     1.0486260410185766 |              1 |      5231 |     2 | 373.5000000000000000 |     1.2476127678766667
              1 |      5575 |     1 | 403.2500000000000000 |     1.0893490341650961 |              1 |      5575 |     2 | 399.6666666666666667 |     1.1430458283085972
              1 |      5599 |     1 | 300.2500000000000000 |     1.1616451587681332 |              1 |      5599 |     2 | 395.5000000000000000 |     1.1149047254641416
              1 |      5689 |     1 | 413.7500000000000000 |     1.1235081560973100 |              1 |      5689 |     2 | 296.0000000000000000 |     1.4404944806117770
              1 |      6001 |     1 | 260.2500000000000000 |     1.0530786134038194 |              1 |      6001 |     2 | 303.0000000000000000 |     1.3366893467872706
              1 |      6033 |     1 | 290.0000000000000000 |     1.2512870900350828 |              1 |      6033 |     2 | 327.5000000000000000 |     1.3744494742066809
              1 |      6081 |     1 | 482.0000000000000000 |     1.2763130697765477 |              1 |      6081 |     2 | 348.3333333333333333 |     1.0761083602899904
              1 |      6097 |     1 | 377.5000000000000000 |     1.0891627315304477 |              1 |      6097 |     2 | 345.0000000000000000 |     1.1568159155119942
              1 |      6139 |     1 | 426.6666666666666667 |     1.1634360205973672 |              1 |      6139 |     2 | 384.6666666666666667 |     1.0253196834108458
              1 |      6157 |     1 | 492.0000000000000000 |     1.0968292753233659 |              1 |      6157 |     2 | 473.2500000000000000 |     1.0102894737080676
              1 |      6225 |     1 | 261.2500000000000000 |     1.1279483925657914 |              1 |      6225 |     2 | 301.5000000000000000 |     1.1671455954822521
              1 |      6307 |     1 | 447.2500000000000000 |     1.0747541668592420 |              1 |      6307 |     2 | 395.2500000000000000 |     1.0204714906249437
              1 |      6331 |     1 | 300.6666666666666667 |     1.5450293994144080 |              1 |      6331 |     2 | 218.7500000000000000 |     1.1447838996381577
              1 |      6369 |     1 | 182.5000000000000000 |     1.0569189304628712 |              1 |      6369 |     2 | 386.0000000000000000 |     1.1962181002204922
              1 |      6595 |     1 | 283.5000000000000000 |     1.2184468575427725 |              1 |      6595 |     2 | 344.2500000000000000 |     1.0875179078466115
              1 |      6627 |     1 |  76.0000000000000000 | 1.01107669587881172895 |              1 |      6627 |     2 | 352.5000000000000000 |     1.1787532747493248
              1 |      6695 |     1 | 245.0000000000000000 |     1.1950055721074122 |              1 |      6695 |     2 | 260.5000000000000000 |     1.0613387771360461
              1 |      6699 |     1 | 310.7500000000000000 |     1.0812402628319260 |              1 |      6699 |     2 | 299.5000000000000000 |     1.0685082759514992
              1 |      6733 |     1 | 401.2500000000000000 |     1.0241087967843688 |              1 |      6733 |     2 | 428.5000000000000000 |     1.0129761672610222
              1 |      6759 |     1 | 328.5000000000000000 |     1.3555244848728615 |              1 |      6759 |     2 | 237.7500000000000000 |     1.3232682650371188
              1 |      6871 |     1 | 494.2500000000000000 |     1.0393352768315974 |              1 |      6871 |     2 | 279.0000000000000000 |     1.1722238524125627
              1 |      7003 |     1 | 316.0000000000000000 |     1.1674227488758070 |              1 |      7003 |     2 | 265.7500000000000000 |     1.6305233112560978
              1 |      7021 |     1 | 324.6666666666666667 |     1.1714412587651889 |              1 |      7021 |     2 | 409.5000000000000000 |     1.0276885196918046
              1 |      7059 |     1 | 324.0000000000000000 |     1.0756338893806512 |              1 |      7059 |     2 | 251.0000000000000000 |     1.4111199091498127
              1 |      7223 |     1 | 333.0000000000000000 |     1.0211387790539399 |              1 |      7223 |     2 | 233.0000000000000000 |     1.1350126015612403
              1 |      7361 |     1 | 306.5000000000000000 |     1.0101221312810408 |              1 |      7361 |     2 | 249.0000000000000000 |     1.0109639120578755
              1 |      7369 |     1 | 347.5000000000000000 |     1.2177944440554532 |              1 |      7369 |     2 | 413.7500000000000000 |     1.0746174443936749
              1 |      7379 |     1 | 391.3333333333333333 |     1.0704036544272266 |              1 |      7379 |     2 | 539.5000000000000000 |     1.2071276097735125
              1 |      7471 |     1 | 258.7500000000000000 |     1.0973004327130280 |              1 |      7471 |     2 | 263.5000000000000000 |     1.0337289999779089
              1 |      7677 |     1 | 229.5000000000000000 |     1.1242871490271198 |              1 |      7677 |     2 | 256.0000000000000000 |     1.0307393977406172
              1 |      7743 |     1 | 392.0000000000000000 |     1.0046843377361352 |              1 |      7743 |     2 | 345.7500000000000000 |     1.2222321796052379
              1 |      7749 |     1 | 307.0000000000000000 |     1.1617695109411303 |              1 |      7749 |     2 | 362.2500000000000000 |     1.0129416679514092
              1 |      7851 |     1 | 465.5000000000000000 |     1.0115552424067712 |              1 |      7851 |     2 | 332.7500000000000000 |     1.2961052101763456
              1 |      7935 |     1 | 318.7500000000000000 |     1.1403633875415624 |              1 |      7935 |     2 | 341.7500000000000000 |     1.0084289666068764
              1 |      8035 |     1 | 279.7500000000000000 |     1.4975294552522359 |              1 |      8035 |     2 | 237.2500000000000000 |     1.0587440055746301
              1 |      8233 |     1 | 462.3333333333333333 |     1.0238606453864968 |              1 |      8233 |     2 | 332.2500000000000000 |     1.1337849071334718
              1 |      8289 |     1 | 385.7500000000000000 |     1.0688551282726792 |              1 |      8289 |     2 | 204.7500000000000000 |     1.3485419093690598
              1 |      8303 |     1 | 412.3333333333333333 |     1.0319522800150089 |              1 |      8303 |     2 | 165.0000000000000000 |     1.3885005885117636
              1 |      8309 |     1 | 219.0000000000000000 |     1.2588448429723014 |              1 |      8309 |     2 | 178.0000000000000000 |     1.3347633622397753
              1 |      8401 |     1 | 362.0000000000000000 |     1.3407070887018646 |              1 |      8401 |     2 | 351.0000000000000000 |     1.2130430519286695
              1 |      8475 |     1 | 312.5000000000000000 |     1.0138985090563392 |              1 |      8475 |     2 | 328.5000000000000000 |     1.0463121568381918
              1 |      8517 |     1 | 336.7500000000000000 |     1.1533410115034209 |              1 |      8517 |     2 | 236.5000000000000000 |     1.4037227108221480
              1 |      8575 |     1 | 241.2500000000000000 |     1.4740958442962860 |              1 |      8575 |     2 | 323.5000000000000000 |     1.0240551895342844
              1 |      8669 |     1 | 275.2500000000000000 |     1.0387054831903760 |              1 |      8669 |     2 | 404.0000000000000000 |     1.3967109192744183
              1 |      8927 |     1 | 385.0000000000000000 |     1.0475940034930026 |              1 |      8927 |     2 | 446.5000000000000000 |     1.3540342618465801
              1 |      8941 |     1 | 352.0000000000000000 |     1.2394397241858153 |              1 |      8941 |     2 | 225.0000000000000000 |     1.3028161962273378
              1 |      9009 |     1 | 384.5000000000000000 |     1.0865525289887932 |              1 |      9009 |     2 | 355.5000000000000000 |     1.1855386044534008
              1 |      9049 |     1 | 389.5000000000000000 |     1.0741172200440899 |              1 |      9049 |     2 | 279.0000000000000000 |     1.2220312586217599
              1 |      9505 |     1 | 351.5000000000000000 |     1.1391755219370128 |              1 |      9505 |     2 | 192.7500000000000000 |     1.3856470886589624
              1 |      9677 |     1 | 338.7500000000000000 |     1.1506867557262435 |              1 |      9677 |     2 | 459.0000000000000000 |     1.2047004420215251
              1 |      9751 |     1 | 402.0000000000000000 |     1.0178497361403234 |              1 |      9751 |     2 | 317.2500000000000000 |     1.0102180600762301
              1 |      9759 |     1 | 376.7500000000000000 |     1.0258334460542721 |              1 |      9759 |     2 | 163.5000000000000000 |     1.2687409645480734
              1 |      9819 |     1 | 400.2500000000000000 |     1.0385340389234953 |              1 |      9819 |     2 |  87.2500000000000000 |     1.1975980536827622
              1 |     10009 |     1 | 333.0000000000000000 |     1.1969029705306156 |              1 |     10009 |     2 | 365.7500000000000000 |     1.1083863286755680
              1 |     10121 |     1 | 213.7500000000000000 |     1.2964235673060023 |              1 |     10121 |     2 | 443.5000000000000000 |     1.2707195143307283
              1 |     10193 |     1 | 400.0000000000000000 |     1.0316461360369650 |              1 |     10193 |     2 | 328.5000000000000000 |     1.3711629212049650
              1 |     10451 |     1 | 142.5000000000000000 |     1.0145549973354035 |              1 |     10451 |     2 | 558.0000000000000000 |     1.0619273882335609
              1 |     10455 |     1 | 249.5000000000000000 |     1.2611724153427415 |              1 |     10455 |     2 | 371.7500000000000000 |     1.0549097513896543
              1 |     11021 |     1 | 271.5000000000000000 |     1.0798557332223536 |              1 |     11021 |     2 | 118.0000000000000000 |     1.1625314877134746
              1 |     11101 |     1 | 339.2500000000000000 |     1.2583777558721887 |              1 |     11101 |     2 | 367.5000000000000000 |     1.0687852069928082
              1 |     11131 |     1 | 237.0000000000000000 |     1.2323564772974726 |              1 |     11131 |     2 | 137.7500000000000000 |     1.1044249347374374
              1 |     11389 |     1 | 283.0000000000000000 |     1.2757537719058763 |              1 |     11389 |     2 | 257.2500000000000000 |     1.1302102873704645
              1 |     11491 |     1 | 352.5000000000000000 |     1.1824411588787631 |              1 |     11491 |     2 | 386.0000000000000000 |     1.0606100759304041
              1 |     11805 |     1 | 371.7500000000000000 |     1.0615515545587357 |              1 |     11805 |     2 | 325.5000000000000000 |     1.2057018197406759
              1 |     11901 |     1 | 209.3333333333333333 |     1.2356862317371672 |              1 |     11901 |     2 | 122.0000000000000000 |     1.4189406108871393
              1 |     11923 |     1 | 285.5000000000000000 |     1.5883154966180911 |              1 |     11923 |     2 | 297.7500000000000000 |     1.4621350820618304
              1 |     12073 |     1 | 324.2500000000000000 | 1.00007063874724441018 |              1 |     12073 |     2 | 215.7500000000000000 |     1.1153198093186605
              1 |     12315 |     1 | 321.5000000000000000 |     1.1166494105894681 |              1 |     12315 |     2 | 283.5000000000000000 |     1.2186919076253968
              1 |     12345 |     1 | 285.2500000000000000 |     1.0065700336135951 |              1 |     12345 |     2 | 378.2500000000000000 |     1.1343736128856709
              1 |     12537 |     1 | 318.0000000000000000 |     1.0070555258999182 |              1 |     12537 |     2 | 310.0000000000000000 |     1.3627291992985548
              1 |     12619 |     1 | 322.5000000000000000 |     1.2386720449698884 |              1 |     12619 |     2 | 345.0000000000000000 |     1.0841535518069101
              1 |     13035 |     1 | 372.0000000000000000 |     1.0991260187823656 |              1 |     13035 |     2 | 254.7500000000000000 |     1.0892089300724985
              1 |     13041 |     1 | 376.7500000000000000 |     1.1036281754611281 |              1 |     13041 |     2 | 403.0000000000000000 |     1.0810403735271861
              1 |     13239 |     1 | 390.0000000000000000 |     1.1727202764561154 |              1 |     13239 |     2 | 479.0000000000000000 |     1.0574437320228894
              1 |     13281 |     1 | 299.2500000000000000 |     1.4765983597674754 |              1 |     13281 |     2 | 188.5000000000000000 |     1.0299658808561220
              1 |     13291 |     1 | 153.3333333333333333 |     1.1893609187648087 |              1 |     13291 |     2 |  77.2500000000000000 |     1.0269528522158164
              1 |     13387 |     1 | 341.5000000000000000 |     1.2362300309175637 |              1 |     13387 |     2 | 358.0000000000000000 |     1.0785210044242430
              1 |     13455 |     1 | 291.2500000000000000 |     1.1375067223296687 |              1 |     13455 |     2 | 315.5000000000000000 |     1.2267690890945800
              1 |     13503 |     1 | 453.0000000000000000 |     1.0589831399678234 |              1 |     13503 |     2 | 291.0000000000000000 |     1.3928820385526632
              1 |     13605 |     1 | 554.0000000000000000 |     1.1359657676101570 |              1 |     13605 |     2 | 263.3333333333333333 |     1.1021384582805190
              1 |     13619 |     1 | 297.5000000000000000 |     1.0512449423062319 |              1 |     13619 |     2 | 433.0000000000000000 |     1.4076813981127113
              1 |     13651 |     1 | 201.2500000000000000 |     1.0979933016811329 |              1 |     13651 |     2 | 261.2500000000000000 |     1.2607327742396249
              1 |     13717 |     1 | 347.7500000000000000 |     1.1763686684481553 |              1 |     13717 |     2 | 308.7500000000000000 |     1.0477532552573506
              1 |     13831 |     1 | 342.2500000000000000 |     1.0694984920353455 |              1 |     13831 |     2 | 288.2500000000000000 |     1.1695524499335126
              1 |     13983 |     1 | 198.0000000000000000 |     1.0729520331158687 |              1 |     13983 |     2 | 288.5000000000000000 |     1.6331611470390641
              1 |     13987 |     1 | 512.0000000000000000 |     1.2236261877564082 |              1 |     13987 |     2 | 167.0000000000000000 |     1.3509420867435329
              1 |     14381 |     1 | 350.2500000000000000 |     1.0976065928297559 |              1 |     14381 |     2 | 544.5000000000000000 |     1.0298175894966612
              1 |     14473 |     1 | 306.2500000000000000 |     1.3753242370098939 |              1 |     14473 |     2 | 369.0000000000000000 |     1.3355457881602846
              1 |     14513 |     1 | 398.5000000000000000 |     1.0130820125867327 |              1 |     14513 |     2 | 319.0000000000000000 |     1.0861514820733793
              1 |     14643 |     1 | 261.7500000000000000 |     1.5690936343053677 |              1 |     14643 |     2 | 113.0000000000000000 | 1.00405110458464601770
              1 |     14777 |     1 | 206.6666666666666667 |     1.0342772590031903 |              1 |     14777 |     2 | 368.0000000000000000 |     1.0299163986847527
              1 |     14815 |     1 | 221.0000000000000000 |     1.2128779002262353 |              1 |     14815 |     2 | 395.0000000000000000 |     1.0186594330483443
              1 |     14853 |     1 | 298.0000000000000000 |     1.1324297723549128 |              1 |     14853 |     2 | 325.5000000000000000 |     1.1015913523364516
              1 |     15105 |     1 | 256.0000000000000000 |     1.3695775240566133 |              1 |     15105 |     2 | 271.7500000000000000 |     1.1065547452198307
              1 |     15107 |     1 | 338.2500000000000000 |     1.3286444058004848 |              1 |     15107 |     2 | 389.5000000000000000 |     1.3052882559002003
              1 |     15159 |     1 | 327.0000000000000000 |     1.5899905747442141 |              1 |     15159 |     2 | 176.2500000000000000 |     1.1476278924466270
              1 |     15165 |     1 | 316.3333333333333333 |     1.0291093783064067 |              1 |     15165 |     2 | 320.5000000000000000 |     1.0581118692590452
              1 |     15415 |     1 | 250.6666666666666667 |     1.3449672140290412 |              1 |     15415 |     2 | 383.5000000000000000 |     1.0775816059148449
              1 |     15589 |     1 | 273.5000000000000000 |     1.3233963123209104 |              1 |     15589 |     2 | 300.0000000000000000 |     1.1537667778965467
              1 |     15645 |     1 | 383.5000000000000000 |     1.0762304507405815 |              1 |     15645 |     2 | 345.0000000000000000 |     1.0888794584848551
              1 |     15787 |     1 | 305.0000000000000000 |     1.0629324135500459 |              1 |     15787 |     2 | 326.0000000000000000 |     1.1463722761000000
              1 |     15895 |     1 | 337.2500000000000000 |     1.0549367979535537 |              1 |     15895 |     2 | 331.0000000000000000 |     1.1948961945506616
              1 |     15975 |     1 | 252.7500000000000000 |     1.6387095390526766 |              1 |     15975 |     2 | 372.5000000000000000 |     1.1030856912000242
              1 |     15999 |     1 | 348.0000000000000000 |     1.1563274567020000 |              1 |     15999 |     2 | 277.5000000000000000 |     1.0455730259921658
              1 |     16073 |     1 | 292.2500000000000000 |     1.0568150545452044 |              1 |     16073 |     2 | 434.5000000000000000 |     1.0724588464946720
              1 |     16203 |     1 | 362.5000000000000000 |     1.0230590702771062 |              1 |     16203 |     2 | 319.7500000000000000 |     1.1344025563525754
              1 |     16357 |     1 | 477.5000000000000000 |     1.0579993339186283 |              1 |     16357 |     2 | 317.0000000000000000 |     1.1208937758313312
              1 |     16467 |     1 | 138.3333333333333333 |     1.3009303592739542 |              1 |     16467 |     2 | 284.0000000000000000 |     1.0793005013316866
              1 |     16561 |     1 | 342.7500000000000000 |     1.1267579914023399 |              1 |     16561 |     2 | 312.0000000000000000 |     1.3445044840729647
              1 |     16627 |     1 | 260.5000000000000000 |     1.1272379188420883 |              1 |     16627 |     2 | 350.0000000000000000 |     1.1680485499181886
              1 |     17065 |     1 | 231.0000000000000000 |     1.0194843490949913 |              1 |     17065 |     2 | 366.5000000000000000 |     1.0244987870074980
              1 |     17091 |     1 | 319.5000000000000000 |     1.0510546208005915 |              1 |     17091 |     2 | 382.6666666666666667 |     1.2065711453469643
              1 |     17211 |     1 | 306.5000000000000000 |     1.1281150498042382 |              1 |     17211 |     2 | 288.5000000000000000 |     1.2504161606109913
              1 |     17343 |     1 | 412.5000000000000000 |     1.0895875272284873 |              1 |     17343 |     2 | 195.0000000000000000 |     1.2675141633466923
              1 |     17501 |     1 | 109.2500000000000000 |     1.1017334310634874 |              1 |     17501 |     2 | 381.5000000000000000 |     1.0398083990711743
              1 |     17571 |     1 | 419.0000000000000000 |     1.0907016984551456 |              1 |     17571 |     2 | 328.7500000000000000 |     1.1318052391490859
              1 |     17807 |     1 | 282.0000000000000000 |     1.0161167921776028 |              1 |     17807 |     2 | 210.5000000000000000 |     1.2260996443377197
              1 |     17861 |     1 | 318.3333333333333333 |     1.0287002873201906 |              1 |     17861 |     2 | 421.0000000000000000 |     1.1421202166433539
              1 |     17953 |     1 | 434.2500000000000000 |     1.1048891989310466 |              1 |     17953 |     2 | 312.3333333333333333 |     1.0834567719011430
              1 |     17967 |     1 | 271.2500000000000000 |     1.3980968367059097 |              1 |     17967 |     2 | 245.3333333333333333 |     1.4078991590104524
              2 |        31 |     1 | 391.2500000000000000 |     1.0876340391954760 |              2 |        31 |     2 | 161.5000000000000000 |     1.1989647927152879
              2 |       147 |     1 | 258.0000000000000000 |     1.5478370493298605 |              2 |       147 |     2 | 232.7500000000000000 |     1.1049849388713598
              2 |       175 |     1 | 443.6666666666666667 |     1.0369352818856912 |              2 |       175 |     2 | 233.5000000000000000 |     1.4849948820345953
              2 |       229 |     1 | 256.5000000000000000 |     1.0160540180019688 |              2 |       229 |     2 | 225.5000000000000000 |     1.3301822966751663
              2 |       345 |     1 | 292.0000000000000000 |     1.4312910850918253 |              2 |       345 |     2 | 260.7500000000000000 |     1.1530232860186194
              2 |       361 |     1 | 284.5000000000000000 |     1.2667749236198735 |              2 |       361 |     2 | 315.7500000000000000 |     1.0538988542161298
              2 |       541 |     1 | 376.5000000000000000 |     1.0963258472029482 |              2 |       541 |     2 | 356.2500000000000000 |     1.1743298602623579
              2 |       851 |     1 | 357.5000000000000000 |     1.2045539293499497 |              2 |       851 |     2 | 347.5000000000000000 |     1.1781721620345640
              2 |       919 |     1 | 200.6666666666666667 |     1.4241451942592990 |              2 |       919 |     2 | 376.7500000000000000 |     1.0494813668546437
              2 |      1067 |     1 | 274.7500000000000000 |     1.3186480972612302 |              2 |      1067 |     2 | 383.5000000000000000 | 1.00119682447013037810
              2 |      1101 |     1 | 394.2500000000000000 |     1.0220573990295041 |              2 |      1101 |     2 | 271.2500000000000000 |     1.6237455196628055
              2 |      1191 |     1 | 381.7500000000000000 |     1.0399429359031958 |              2 |      1191 |     2 | 277.6666666666666667 |     1.0995566317316903
              2 |      1317 |     1 | 229.7500000000000000 |     1.2132702570278651 |              2 |      1317 |     2 | 166.7500000000000000 |     1.2548633090520720
              2 |      1351 |     1 | 256.6666666666666667 |     1.0524986534032987 |              2 |      1351 |     2 | 333.0000000000000000 |     1.0882008905414354
              2 |      1353 |     1 | 356.0000000000000000 |     1.0945112167933230 |              2 |      1353 |     2 | 355.7500000000000000 |     1.0435157369086999
              2 |      1821 |     1 | 313.0000000000000000 |     1.1682199387231981 |              2 |      1821 |     2 | 202.0000000000000000 |     1.4204901876805545
              2 |      1827 |     1 | 311.3333333333333333 |     1.1284395321765353 |              2 |      1827 |     2 | 416.5000000000000000 |     1.0156913793676999
              2 |      1831 |     1 | 224.2500000000000000 |     1.5975879636036254 |              2 |      1831 |     2 | 277.5000000000000000 |     1.1112370677734631
              2 |      1881 |     1 | 319.2500000000000000 |     1.2617242729633109 |              2 |      1881 |     2 | 257.5000000000000000 |     1.4794621470562252
              2 |      1917 |     1 | 462.5000000000000000 |     1.0839755845648908 |              2 |      1917 |     2 | 356.2500000000000000 |     1.1056997930813923
              2 |      2113 |     1 | 377.2500000000000000 |     1.0021455504617734 |              2 |      2113 |     2 | 366.7500000000000000 |     1.1186731682741759
              2 |      2127 |     1 | 385.7500000000000000 |     1.0515206937147272 |              2 |      2127 |     2 | 331.5000000000000000 |     1.1313611444160332
              2 |      2271 |     1 | 379.2500000000000000 | 1.00089771690298220171 |              2 |      2271 |     2 | 444.7500000000000000 |     1.0647380253278876
              2 |      2287 |     1 | 377.0000000000000000 |     1.1203874782919576 |              2 |      2287 |     2 | 276.2500000000000000 |     1.1393282986509068
              2 |      2311 |     1 | 391.7500000000000000 |     1.1119596788675584 |              2 |      2311 |     2 | 322.5000000000000000 |     1.1460360526162357
              2 |      2355 |     1 | 371.0000000000000000 |     1.0904988833911348 |              2 |      2355 |     2 | 308.2500000000000000 |     1.2810985099136058
              2 |      2563 |     1 | 388.7500000000000000 |     1.0046157813888103 |              2 |      2563 |     2 | 200.2500000000000000 |     1.1471331256066467
              2 |      2957 |     1 | 286.2500000000000000 |     1.2659257344998183 |              2 |      2957 |     2 | 378.5000000000000000 |     1.0891499430165310
              2 |      2989 |     1 | 461.0000000000000000 |     1.2884375188648590 |              2 |      2989 |     2 |  92.2500000000000000 |     1.0275971083117861
              2 |      3091 |     1 | 345.0000000000000000 |     1.1251853838404232 |              2 |      3091 |     2 | 343.0000000000000000 |     1.2312426595456181
              2 |      3163 |     1 | 384.3333333333333333 |     1.1097079436841492 |              2 |      3163 |     2 | 304.5000000000000000 |     1.1241013607968506
              2 |      3249 |     1 | 265.0000000000000000 |     1.3907951476602981 |              2 |      3249 |     2 | 366.7500000000000000 |     1.1219249535712502
              2 |      3493 |     1 | 278.7500000000000000 |     1.2347006299229453 |              2 |      3493 |     2 | 210.7500000000000000 |     1.1664389350808019
              2 |      3619 |     1 | 257.2500000000000000 |     1.1647172546686997 |              2 |      3619 |     2 | 233.0000000000000000 |     1.2782688595037768
              2 |      3661 |     1 | 403.5000000000000000 |     1.0615261724150632 |              2 |      3661 |     2 | 396.7500000000000000 |     1.1148580357777316
              2 |      3935 |     1 | 348.2500000000000000 |     1.1566156666179813 |              2 |      3935 |     2 | 412.0000000000000000 |     1.0675252861602743
              2 |      3951 |     1 | 436.3333333333333333 |     1.0139881118740222 |              2 |      3951 |     2 | 171.5000000000000000 |     1.3054064051409213
              2 |      3955 |     1 | 310.5000000000000000 |     1.0310335221861997 |              2 |      3955 |     2 | 240.5000000000000000 |     1.1222272717301247
              2 |      4203 |     1 | 264.5000000000000000 |     1.1965341407652590 |              2 |      4203 |     2 | 408.5000000000000000 |     1.0379003940067711
              2 |      4293 |     1 | 364.5000000000000000 |     1.1044276174721701 |              2 |      4293 |     2 | 250.7500000000000000 |     1.0307221302795055
              2 |      4301 |     1 | 200.5000000000000000 |     1.1179693248685087 |              2 |      4301 |     2 | 290.0000000000000000 |     1.0435920770615241
              2 |      4375 |     1 | 376.7500000000000000 |     1.1040791962623145 |              2 |      4375 |     2 | 305.0000000000000000 |     1.3602777801482689
              2 |      4695 |     1 | 268.7500000000000000 |     1.1297436017667126 |              2 |      4695 |     2 | 229.2500000000000000 |     1.1187921716751974
              2 |      4725 |     1 | 228.2500000000000000 |     1.0159783907253275 |              2 |      4725 |     2 | 222.0000000000000000 |     1.3571198202955676
              2 |      4841 |     1 | 255.2500000000000000 |     1.4171036367518315 |              2 |      4841 |     2 | 217.0000000000000000 |     1.2512857326066083
              2 |      4895 |     1 | 283.5000000000000000 |     1.2295067164724974 |              2 |      4895 |     2 | 536.5000000000000000 |     1.1506136439438136
              2 |      4969 |     1 | 353.5000000000000000 |     1.3262002713626054 |              2 |      4969 |     2 | 256.0000000000000000 |     1.0525924407643086
              2 |      4977 |     1 | 229.6666666666666667 |     1.1150783862428055 |              2 |      4977 |     2 | 363.6666666666666667 |     1.0823285769612429
              2 |      5103 |     1 | 311.7500000000000000 |     1.1089899418229094 |              2 |      5103 |     2 | 251.7500000000000000 |     1.3039506623979106
              2 |      5577 |     1 | 365.2500000000000000 |     1.0453461251705572 |              2 |      5577 |     2 | 364.0000000000000000 |     1.0349926071699780
              2 |      5973 |     1 | 259.0000000000000000 |     1.0626672286817490 |              2 |      5973 |     2 | 162.2500000000000000 |     1.0236738950138182
              2 |      5975 |     1 | 426.7500000000000000 |     1.1196089133201101 |              2 |      5975 |     2 | 456.5000000000000000 |     1.4111156137151041
              2 |      6247 |     1 | 293.0000000000000000 |     1.0594342640413379 |              2 |      6247 |     2 | 346.7500000000000000 |     1.1387327016874521
              2 |      6279 |     1 | 267.5000000000000000 |     1.1974555958037607 |              2 |      6279 |     2 | 224.7500000000000000 |     1.2413201698156085
              2 |      6389 |     1 | 376.3333333333333333 |     1.3923860201853508 |              2 |      6389 |     2 | 338.5000000000000000 |     1.2512761061469483
              2 |      6573 |     1 | 266.3333333333333333 |     1.4605435454017284 |              2 |      6573 |     2 | 258.0000000000000000 |     1.2191550196761202
              2 |      6585 |     1 | 241.7500000000000000 |     1.0644053849578697 |              2 |      6585 |     2 |  83.2500000000000000 |     1.0828314158845678
              2 |      6591 |     1 | 500.5000000000000000 |     1.1316534100507992 |              2 |      6591 |     2 | 162.0000000000000000 |     1.0493706123727037
              2 |      6741 |     1 | 415.0000000000000000 |     1.0329642046771928 |              2 |      6741 |     2 | 345.2500000000000000 |     1.1997404587959363
              2 |      6893 |     1 | 363.5000000000000000 |     1.2017054956037579 |              2 |      6893 |     2 | 485.5000000000000000 |     1.2015717702963996
              2 |      7035 |     1 | 255.7500000000000000 |     1.5992845070815523 |              2 |      7035 |     2 | 355.5000000000000000 | 1.00009000210187904360
              2 |      7091 |     1 | 312.2500000000000000 |     1.0416137161026645 |              2 |      7091 |     2 | 425.5000000000000000 |     1.3643587951919060
              2 |      7107 |     1 | 392.7500000000000000 |     1.0022028989483361 |              2 |      7107 |     2 | 247.5000000000000000 |     1.1410571236292687
              2 |      7223 |     1 | 389.5000000000000000 |     1.0121363078698511 |              2 |      7223 |     2 | 461.0000000000000000 |     1.3620625199428503
              2 |      7383 |     1 | 360.6666666666666667 |     1.1135272674963660 |              2 |      7383 |     2 | 113.2500000000000000 |     1.3987226004956556
              2 |      7497 |     1 | 250.6666666666666667 |     1.1315262640714029 |              2 |      7497 |     2 | 320.0000000000000000 |     1.2092659834585594
              2 |      7669 |     1 | 216.0000000000000000 |     1.1380040224036389 |              2 |      7669 |     2 | 356.5000000000000000 |     1.1584603696410968
              2 |      7845 |     1 | 271.3333333333333333 |     1.3521847999422604 |              2 |      7845 |     2 | 336.7500000000000000 |     1.1076409828602405
              2 |      7849 |     1 | 340.3333333333333333 |     1.0060019930090656 |              2 |      7849 |     2 | 366.7500000000000000 |     1.0650419253140995
              2 |      8153 |     1 | 241.5000000000000000 |     1.0522949574159296 |              2 |      8153 |     2 | 305.0000000000000000 |     1.1267340841202033
              2 |      8309 |     1 | 442.7500000000000000 |     1.0749254107311508 |              2 |      8309 |     2 | 490.0000000000000000 |     1.2468168549901571
              2 |      8337 |     1 | 241.7500000000000000 |     1.0146803195400662 |              2 |      8337 |     2 | 207.2500000000000000 |     1.2267209337103595
              2 |      8351 |     1 | 305.2500000000000000 |     1.1279077560166618 |              2 |      8351 |     2 | 480.5000000000000000 |     1.3259171901125473
              2 |      8391 |     1 | 252.0000000000000000 |     1.3123586439614921 |              2 |      8391 |     2 | 260.5000000000000000 |     1.5683139925784299
              2 |      8421 |     1 | 398.0000000000000000 |     1.0350762665314874 |              2 |      8421 |     2 | 373.0000000000000000 |     1.1022582067785442
              2 |      8963 |     1 | 191.6666666666666667 |     1.1497375388833670 |              2 |      8963 |     2 | 237.0000000000000000 |     1.2829363540515401
              2 |      9065 |     1 | 411.5000000000000000 |     1.0544362727450887 |              2 |      9065 |     2 | 439.5000000000000000 |     1.0924357324816064
              2 |      9151 |     1 | 297.7500000000000000 |     1.2319670474877280 |              2 |      9151 |     2 | 292.7500000000000000 |     1.0504176121017899
              2 |      9205 |     1 | 219.7500000000000000 |     1.0162093354666530 |              2 |      9205 |     2 | 306.7500000000000000 |     1.0365359846485477
              2 |      9215 |     1 | 318.0000000000000000 |     1.0482882576055031 |              2 |      9215 |     2 | 273.5000000000000000 |     1.1866984006019196
              2 |      9317 |     1 | 333.7500000000000000 |     1.0025934844925843 |              2 |      9317 |     2 | 463.5000000000000000 |     1.2860647606046602
              2 |      9331 |     1 | 246.7500000000000000 |     1.2947694028954367 |              2 |      9331 |     2 | 148.2500000000000000 |     1.3260700582935717
              2 |      9467 |     1 | 354.2500000000000000 |     1.2319025490453917 |              2 |      9467 |     2 | 172.5000000000000000 |     1.0452882852322899
              2 |      9741 |     1 | 357.0000000000000000 |     1.1419024408051961 |              2 |      9741 |     2 | 307.2500000000000000 |     1.0805087713564980
              2 |      9765 |     1 | 333.5000000000000000 |     1.1286066314855382 |              2 |      9765 |     2 | 358.7500000000000000 |     1.0919653834018732
              2 |      9777 |     1 | 429.2500000000000000 |     1.0459652990782667 |              2 |      9777 |     2 | 366.5000000000000000 |     1.1092437138302156
              2 |      9909 |     1 | 337.7500000000000000 |     1.1162884196949312 |              2 |      9909 |     2 | 337.5000000000000000 |     1.0661301805863200
              2 |     10003 |     1 | 178.0000000000000000 |     1.3334622039307865 |              2 |     10003 |     2 | 393.7500000000000000 |     1.0160007856157790
              2 |     10029 |     1 | 358.2500000000000000 |     1.2662265782892952 |              2 |     10029 |     2 | 294.7500000000000000 |     1.2436765477430466
              2 |     10095 |     1 | 151.3333333333333333 |     1.1064352645956410 |              2 |     10095 |     2 | 435.5000000000000000 |     1.0654560419785511
              2 |     10533 |     1 | 320.7500000000000000 |     1.1202641118413749 |              2 |     10533 |     2 | 260.2500000000000000 |     1.1766267322847185
              2 |     10633 |     1 | 449.0000000000000000 |     1.0231730228270445 |              2 |     10633 |     2 | 333.2500000000000000 |     1.1681474431504546
              2 |     10679 |     1 | 270.3333333333333333 |     1.0862705050178545 |              2 |     10679 |     2 | 354.5000000000000000 |     1.1628864694830945
              2 |     10785 |     1 | 355.2500000000000000 |     1.0684472074207262 |              2 |     10785 |     2 | 174.2500000000000000 |     1.3988701270482410
              2 |     10905 |     1 | 273.5000000000000000 |     1.1265955862194004 |              2 |     10905 |     2 | 213.7500000000000000 |     1.0584297749282012
              2 |     11051 |     1 | 453.3333333333333333 |     1.0390064936970485 |              2 |     11051 |     2 | 455.0000000000000000 |     1.1717769516805648
              2 |     11075 |     1 | 379.3333333333333333 |     1.3928298576753770 |              2 |     11075 |     2 | 310.5000000000000000 |     1.1591541115103156
              2 |     11119 |     1 | 413.0000000000000000 |     1.1415534074759031 |              2 |     11119 |     2 | 297.2500000000000000 |     1.1624543446076232
              2 |     11245 |     1 | 348.3333333333333333 |     1.0149628037098392 |              2 |     11245 |     2 | 270.2500000000000000 |     1.0047843394926660
              2 |     11433 |     1 |  97.0000000000000000 |     1.8295798573409278 |              2 |     11433 |     2 | 398.2500000000000000 |     1.0077687088227696
              2 |     11451 |     1 | 388.5000000000000000 |     1.1926319947413488 |              2 |     11451 |     2 | 234.5000000000000000 |     1.2455213736403028
              2 |     11473 |     1 | 290.7500000000000000 |     1.0896646835204884 |              2 |     11473 |     2 | 292.2500000000000000 |     1.1080672270609204
              2 |     11583 |     1 | 238.0000000000000000 |     1.4552562103172185 |              2 |     11583 |     2 | 281.3333333333333333 |     1.0676847895002725
              2 |     11587 |     1 | 316.5000000000000000 |     1.0384279330528815 |              2 |     11587 |     2 | 241.7500000000000000 |     1.0538667381395078
              2 |     11609 |     1 | 365.2500000000000000 |     1.1974800889288487 |              2 |     11609 |     2 | 516.0000000000000000 |     1.1209560988577442
              2 |     11637 |     1 | 472.3333333333333333 |     1.0147888784533634 |              2 |     11637 |     2 | 362.2500000000000000 |     1.0883199353814907
              2 |     11655 |     1 | 405.0000000000000000 |     1.0291153446147160 |              2 |     11655 |     2 | 450.2500000000000000 |     1.0058296473947585
              2 |     11827 |     1 | 353.0000000000000000 |     1.2042692502626062 |              2 |     11827 |     2 | 239.7500000000000000 |     1.0139783788411429
              2 |     11853 |     1 | 253.5000000000000000 |     1.3256414022559763 |              2 |     11853 |     2 | 286.0000000000000000 |     1.1570450817797902
              2 |     12117 |     1 | 317.2500000000000000 |     1.1840483652474988 |              2 |     12117 |     2 | 385.0000000000000000 |     1.0168778645654494
              2 |     12205 |     1 | 424.6666666666666667 |     1.0921783596992732 |              2 |     12205 |     2 | 301.5000000000000000 |     1.2944802411979436
              2 |     12289 |     1 | 334.6666666666666667 |     1.0418064831061912 |              2 |     12289 |     2 | 218.7500000000000000 |     1.0215847366467749
              2 |     12405 |     1 | 144.0000000000000000 |     1.2574878608418472 |              2 |     12405 |     2 | 324.5000000000000000 |     1.2505596430964592
              2 |     12489 |     1 | 412.3333333333333333 |     1.0860348425681520 |              2 |     12489 |     2 | 300.6666666666666667 |     1.0837946042923869
              2 |     12663 |     1 | 475.0000000000000000 |     1.0433032277892274 |              2 |     12663 |     2 |  87.2500000000000000 |     1.0915915193477070
              2 |     12721 |     1 | 405.0000000000000000 |     1.0353278095465926 |              2 |     12721 |     2 | 369.7500000000000000 |     1.1535349247730548
              2 |     12783 |     1 | 363.0000000000000000 |     1.0226435579914573 |              2 |     12783 |     2 | 213.0000000000000000 |     1.0689045602219343
              2 |     12837 |     1 | 407.7500000000000000 |     1.0087457480919975 |              2 |     12837 |     2 | 295.7500000000000000 |     1.1221092219268098
              2 |     12881 |     1 | 248.0000000000000000 |     1.1062799641144355 |              2 |     12881 |     2 | 247.0000000000000000 |     1.1336610742909838
              2 |     13371 |     1 | 349.0000000000000000 |     1.1188760149396819 |              2 |     13371 |     2 | 280.3333333333333333 |     1.4020628446358882
              2 |     13461 |     1 | 254.5000000000000000 |     1.3307054385619686 |              2 |     13461 |     2 | 231.0000000000000000 |     1.2887012785848831
              2 |     13483 |     1 | 219.7500000000000000 |     1.0782734589290876 |              2 |     13483 |     2 | 309.7500000000000000 |     1.1474908684511800
              2 |     13519 |     1 | 400.2500000000000000 |     1.0120133145108757 |              2 |     13519 |     2 | 180.7500000000000000 |     1.1672697324094882
              2 |     13809 |     1 | 244.7500000000000000 |     1.1097365485380184 |              2 |     13809 |     2 | 280.7500000000000000 |     1.2344647898253642
              2 |     13823 |     1 | 236.5000000000000000 |     1.0950775585577548 |              2 |     13823 |     2 | 501.0000000000000000 |     1.2871883921000619
              2 |     14055 |     1 | 311.5000000000000000 |     1.0307209204139326 |              2 |     14055 |     2 | 336.5000000000000000 |     1.3035926929213700
              2 |     14293 |     1 | 385.0000000000000000 |     1.0319917769073688 |              2 |     14293 |     2 | 287.5000000000000000 |     1.0510200883964974
              2 |     14311 |     1 | 321.0000000000000000 |     1.0837898328466698 |              2 |     14311 |     2 | 162.2500000000000000 |     1.0368857139051402
              2 |     14313 |     1 | 390.2500000000000000 |     1.0212496033100474 |              2 |     14313 |     2 | 330.5000000000000000 |     1.0205287327429349
              2 |     14427 |     1 | 274.6666666666666667 |     1.2807067067355983 |              2 |     14427 |     2 | 239.2500000000000000 |     1.1889612933269383
              2 |     14483 |     1 | 339.7500000000000000 |     1.2302351359683032 |              2 |     14483 |     2 | 410.0000000000000000 |     1.1831103704731024
              2 |     14553 |     1 | 482.5000000000000000 |     1.0538019438554259 |              2 |     14553 |     2 | 381.7500000000000000 |     1.0623448349844872
              2 |     14797 |     1 | 381.0000000000000000 |     1.0764589853577900 |              2 |     14797 |     2 | 322.2500000000000000 |     1.2525384126372009
              2 |     14983 |     1 | 309.5000000000000000 |     1.3517926057999677 |              2 |     14983 |     2 | 267.2500000000000000 |     1.1403693406244266
              2 |     15021 |     1 | 369.5000000000000000 |     1.0180003304810041 |              2 |     15021 |     2 | 351.2500000000000000 |     1.2287204438581210
              2 |     15033 |     1 | 377.2500000000000000 |     1.1002448350180252 |              2 |     15033 |     2 | 315.2500000000000000 |     1.3763498314343569
              2 |     15061 |     1 | 337.2500000000000000 |     1.1279054046345797 |              2 |     15061 |     2 | 246.5000000000000000 |     1.0383942807454767
              2 |     15159 |     1 | 264.2500000000000000 |     1.1700935221415553 |              2 |     15159 |     2 | 300.0000000000000000 |     1.2379044419531767
              2 |     15357 |     1 | 352.0000000000000000 |     1.2195830045100682 |              2 |     15357 |     2 | 288.0000000000000000 |     1.3450040205624722
              2 |     15427 |     1 | 442.0000000000000000 |     1.1063972999608507 |              2 |     15427 |     2 | 296.5000000000000000 |     1.4607863546601046
              2 |     15553 |     1 | 364.2500000000000000 |     1.0259163908262155 |              2 |     15553 |     2 | 337.2500000000000000 |     1.0806324593492602
              2 |     15595 |     1 | 222.3333333333333333 |     1.5228480239765712 |              2 |     15595 |     2 | 127.2500000000000000 |     1.0063312531575010
              2 |     15625 |     1 | 255.2500000000000000 |     1.3109561308681881 |              2 |     15625 |     2 | 226.0000000000000000 |     1.1214930342819956
              2 |     15637 |     1 | 340.5000000000000000 |     1.0079498815326696 |              2 |     15637 |     2 | 313.5000000000000000 |     1.1505693120540223
              2 |     15753 |     1 | 359.7500000000000000 |     1.0584871002252675 |              2 |     15753 |     2 | 221.5000000000000000 |     1.2329079843933860
              2 |     15825 |     1 | 232.0000000000000000 |     1.3970505175664138 |              2 |     15825 |     2 | 389.2500000000000000 |     1.0792944409532177
              2 |     15855 |     1 | 360.2500000000000000 |     1.2643631574502235 |              2 |     15855 |     2 | 251.0000000000000000 |     1.0948131781202629
              2 |     16171 |     1 | 259.6666666666666667 |     1.2286268398237587 |              2 |     16171 |     2 | 232.6666666666666667 |     1.3281590466314613
              2 |     16355 |     1 | 163.0000000000000000 |     1.2226713227237301 |              2 |     16355 |     2 | 495.5000000000000000 |     1.1031151197925348
              2 |     16481 |     1 | 295.0000000000000000 |     1.1745163484115525 |              2 |     16481 |     2 |  83.0000000000000000 |     1.1415940804698478
              2 |     16633 |     1 | 340.2500000000000000 |     1.2194786307923997 |              2 |     16633 |     2 | 402.0000000000000000 |     1.0928866037631418
              2 |     16861 |     1 | 326.0000000000000000 |     1.3194677505409233 |              2 |     16861 |     2 | 506.0000000000000000 |     1.0806392058794447
              2 |     16965 |     1 | 260.2500000000000000 |     1.2379334670977906 |              2 |     16965 |     2 | 327.7500000000000000 |     1.2902881118808146
              2 |     17071 |     1 | 244.2500000000000000 |     1.1756667615866325 |              2 |     17071 |     2 | 245.5000000000000000 |     1.4883381239871731
              2 |     17113 |     1 | 378.6666666666666667 |     1.1034635586564164 |              2 |     17113 |     2 | 312.0000000000000000 |     1.2971018285497083
              2 |     17133 |     1 | 322.5000000000000000 |     1.1620986743502233 |              2 |     17133 |     2 | 340.7500000000000000 |     1.0143559628696933
              2 |     17177 |     1 | 167.0000000000000000 |     1.0631230205627066 |              2 |     17177 |     2 | 436.0000000000000000 |     1.0703909990438555
              2 |     17197 |     1 | 377.2500000000000000 |     1.0760905219642995 |              2 |     17197 |     2 | 269.2500000000000000 | 1.00085040886620612813
              2 |     17497 |     1 | 372.0000000000000000 |     1.0742670064327366 |              2 |     17497 |     2 | 256.5000000000000000 |     1.0894459967340273
              2 |     17503 |     1 | 262.0000000000000000 |     1.3193304477099924 |              2 |     17503 |     2 | 290.7500000000000000 |     1.3024839846758040
              2 |     17639 |     1 | 175.7500000000000000 |     1.2473595450835164 |              2 |     17639 |     2 | 326.5000000000000000 |     1.1846475017122236
              2 |     17671 |     1 | 327.6666666666666667 |     1.1460998702324619 |              2 |     17671 |     2 | 362.7500000000000000 |     1.0915712916304397
              2 |     17735 |     1 | 449.0000000000000000 |     1.0066716596872628 |              2 |     17735 |     2 | 300.5000000000000000 |     1.4000949577570582
              2 |     17829 |     1 | 213.2500000000000000 |     1.4863301668704760 |              2 |     17829 |     2 | 233.5000000000000000 |     1.0967751042242741
              2 |     17841 |     1 | 292.5000000000000000 |     1.0453770648359385 |              2 |     17841 |     2 | 268.5000000000000000 |     1.3460634655552253
              2 |     17971 |     1 | 217.5000000000000000 |     1.5241939854350115 |              2 |     17971 |     2 | 195.5000000000000000 |     1.3919091258653299
              3 |       363 |     1 | 301.5000000000000000 |     1.1965837805640597 |              3 |       363 |     2 | 394.6666666666666667 |     1.2526590713887703
              3 |       411 |     1 | 244.7500000000000000 |     1.0173585044794648 |              3 |       411 |     2 | 288.5000000000000000 |     1.1602848851082738
              3 |       531 |     1 | 216.5000000000000000 |     1.8100952081399769 |              3 |       531 |     2 | 230.5000000000000000 |     1.0405668024882993
              3 |       633 |     1 | 333.7500000000000000 |     1.1910589740666397 |              3 |       633 |     2 | 120.2500000000000000 |     1.3247338603122661
              3 |       673 |     1 | 375.0000000000000000 |     1.0799001325568480 |              3 |       673 |     2 | 259.2500000000000000 |     1.7315320087764513
              3 |       685 |     1 | 222.2500000000000000 |     1.0415031749040810 |              3 |       685 |     2 | 180.3333333333333333 |     1.0330071515240628
              3 |       689 |     1 | 266.7500000000000000 |     1.0268158030911115 |              3 |       689 |     2 | 409.0000000000000000 |     1.1583411818948337
              3 |       691 |     1 | 443.0000000000000000 |     1.0252101669825305 |              3 |       691 |     2 | 326.5000000000000000 |     1.3364249775871608
              3 |       783 |     1 | 266.2500000000000000 |     1.0817656685508056 |              3 |       783 |     2 | 244.7500000000000000 |     1.3339058417394198
              3 |       851 |     1 | 252.5000000000000000 |     1.3224975505702297 |              3 |       851 |     2 | 337.0000000000000000 |     1.1162635240096231
              3 |      1213 |     1 | 403.5000000000000000 |     1.0188265210456059 |              3 |      1213 |     2 | 246.5000000000000000 |     1.0199189601075862
              3 |      1331 |     1 | 335.7500000000000000 |     1.3434789945635413 |              3 |      1331 |     2 |  23.0000000000000000 |     1.2912384699928259
              3 |      1389 |     1 | 395.0000000000000000 |     1.0566782508975899 |              3 |      1389 |     2 | 295.7500000000000000 |     1.1085167873499780
              3 |      1483 |     1 | 283.7500000000000000 |     1.3793635556629357 |              3 |      1483 |     2 | 313.0000000000000000 |     1.0579116951230767
              3 |      1551 |     1 | 373.5000000000000000 |     1.0464545687169746 |              3 |      1551 |     2 | 247.7500000000000000 |     1.3439145379044763
              3 |      1707 |     1 | 341.2500000000000000 |     1.2037653315520352 |              3 |      1707 |     2 | 250.2500000000000000 |     1.1887082060964276
              3 |      2099 |     1 | 324.2500000000000000 |     1.2662513665787818 |              3 |      2099 |     2 | 150.5000000000000000 |     1.4142135623730963
              3 |      2125 |     1 | 328.7500000000000000 |     1.2071291041548715 |              3 |      2125 |     2 | 484.7500000000000000 |     1.0404863729955977
              3 |      2535 |     1 | 365.2500000000000000 |     1.0574187385425106 |              3 |      2535 |     2 | 291.2500000000000000 |     1.3989225453158970
              3 |      2553 |     1 | 347.0000000000000000 |     1.0317566355581700 |              3 |      2553 |     2 | 340.3333333333333333 |     1.3591717020311048
              3 |      2635 |     1 | 335.2500000000000000 |     1.0764774473092081 |              3 |      2635 |     2 | 386.0000000000000000 |     1.0519985033399793
              3 |      2697 |     1 | 226.5000000000000000 |     1.0593358751739073 |              3 |      2697 |     2 | 273.2500000000000000 |     1.2709531377532479
              3 |      2721 |     1 | 423.0000000000000000 |     1.2002427160565981 |              3 |      2721 |     2 | 295.5000000000000000 |     1.3378449841114112
              3 |      2725 |     1 | 300.0000000000000000 |     1.4017634396504800 |              3 |      2725 |     2 | 342.0000000000000000 |     1.0127291932290322
              3 |      2993 |     1 | 392.2500000000000000 |     1.0290154985578305 |              3 |      2993 |     2 | 498.0000000000000000 |     1.3346995468179819
              3 |      2997 |     1 | 224.5000000000000000 |     1.2585575118943296 |              3 |      2997 |     2 | 255.7500000000000000 |     1.2576908977160117
              3 |      3465 |     1 | 365.5000000000000000 |     1.1259505654956826 |              3 |      3465 |     2 | 286.2500000000000000 |     1.2532719646558148
              3 |      3867 |     1 | 308.7500000000000000 |     1.1069703513371174 |              3 |      3867 |     2 | 393.2500000000000000 |     1.1038743473942912
              3 |      3927 |     1 | 372.5000000000000000 |     1.0888181557782819 |              3 |      3927 |     2 | 321.0000000000000000 |     1.3905229079329034
              3 |      3937 |     1 | 327.5000000000000000 |     1.1466899028213038 |              3 |      3937 |     2 | 337.5000000000000000 |     1.3028336041457659
              3 |      4093 |     1 | 268.0000000000000000 |     1.0986213573878582 |              3 |      4093 |     2 | 316.0000000000000000 |     1.2561842958759525
              3 |      4117 |     1 | 281.0000000000000000 |     1.3387627284636370 |              3 |      4117 |     2 | 278.5000000000000000 |     1.6144645064996553
              3 |      4663 |     1 | 346.5000000000000000 |     1.1027766600085022 |              3 |      4663 |     2 | 311.0000000000000000 |     1.3865519478839421
              3 |      4701 |     1 | 493.0000000000000000 |     1.1055864619729473 |              3 |      4701 |     2 | 237.0000000000000000 |     1.5315777631033207
              3 |      4801 |     1 | 423.5000000000000000 |     1.0789735351363660 |              3 |      4801 |     2 | 333.7500000000000000 |     1.0174520189960539
              3 |      4897 |     1 | 380.7500000000000000 |     1.0410499361526829 |              3 |      4897 |     2 | 178.7500000000000000 |     1.1652613273042573
              3 |      4939 |     1 | 292.0000000000000000 |     1.0148125744224795 |              3 |      4939 |     2 | 156.5000000000000000 |     1.8441304903193355
              3 |      4957 |     1 | 299.7500000000000000 |     1.1438844102060284 |              3 |      4957 |     2 | 189.7500000000000000 |     1.2996762271612227
              3 |      5079 |     1 | 315.2500000000000000 |     1.4485758415623029 |              3 |      5079 |     2 | 392.5000000000000000 |     1.0827965529995159
              3 |      5103 |     1 | 356.7500000000000000 |     1.1594364685079299 |              3 |      5103 |     2 | 394.0000000000000000 |     1.0699447222684822
              3 |      5209 |     1 | 226.6666666666666667 |     1.2747200995434000 |              3 |      5209 |     2 | 293.7500000000000000 |     1.1958917655177906
              3 |      5247 |     1 | 140.5000000000000000 |     1.3957015294902135 |              3 |      5247 |     2 | 372.5000000000000000 |     1.0990515721348537
              3 |      5535 |     1 | 247.2500000000000000 |     1.4664137418975410 |              3 |      5535 |     2 | 397.2500000000000000 |     1.0250319813839245
              3 |      5641 |     1 | 290.7500000000000000 |     1.0952628274353087 |              3 |      5641 |     2 | 148.5000000000000000 |     1.1879177253747946
              3 |      5687 |     1 | 313.5000000000000000 |     1.0901891291612408 |              3 |      5687 |     2 | 396.0000000000000000 |     1.0356614471924192
              3 |      6021 |     1 | 444.0000000000000000 | 1.00014202384043243243 |              3 |      6021 |     2 | 355.2500000000000000 |     1.2297757729440873
              3 |      6033 |     1 | 173.5000000000000000 |     1.2565149949064553 |              3 |      6033 |     2 | 385.7500000000000000 |     1.0069710360654776
              3 |      6105 |     1 | 161.5000000000000000 |     1.0618126896307245 |              3 |      6105 |     2 | 362.0000000000000000 |     1.0975695854674420
              3 |      6123 |     1 | 327.6666666666666667 |     1.1051872817271302 |              3 |      6123 |     2 | 320.5000000000000000 |     1.1127886222909329
              3 |      6225 |     1 | 432.0000000000000000 |     1.0538671654980347 |              3 |      6225 |     2 | 270.6666666666666667 |     1.1353631220082315
              3 |      6247 |     1 | 379.5000000000000000 |     1.0657178971735968 |              3 |      6247 |     2 | 108.2500000000000000 |     1.4041241234340323
              3 |      6469 |     1 | 216.5000000000000000 |     1.3611819327735473 |              3 |      6469 |     2 | 397.2500000000000000 |     1.0492274642340541
              3 |      6595 |     1 | 337.7500000000000000 |     1.1238981674652850 |              3 |      6595 |     2 | 325.5000000000000000 |     1.1019340174931060
              3 |      7001 |     1 | 383.0000000000000000 |     1.1564074486032742 |              3 |      7001 |     2 | 498.0000000000000000 |     1.2296274548344378
              3 |      7075 |     1 | 299.7500000000000000 |     1.1840692486549458 |              3 |      7075 |     2 | 348.0000000000000000 |     1.2614538870648420
              3 |      7087 |     1 | 348.7500000000000000 |     1.2100434863608803 |              3 |      7087 |     2 | 390.7500000000000000 |     1.0178837718125374
              3 |      7261 |     1 | 288.7500000000000000 |     1.1805659657343515 |              3 |      7261 |     2 | 150.2500000000000000 |     1.1903914832726656
              3 |      7339 |     1 | 403.2500000000000000 |     1.0487110152303757 |              3 |      7339 |     2 | 301.2500000000000000 |     1.2126057477621743
              3 |      7555 |     1 | 382.2500000000000000 |     1.0912559132793878 |              3 |      7555 |     2 | 193.7500000000000000 |     1.4917371678714116
              3 |      7621 |     1 | 279.2500000000000000 |     1.1014743371251101 |              3 |      7621 |     2 | 375.5000000000000000 |     1.1423028680932996
              3 |      7869 |     1 | 323.7500000000000000 |     1.0470370475355985 |              3 |      7869 |     2 | 336.0000000000000000 |     1.2554186220053065
              3 |      8481 |     1 | 377.0000000000000000 |     1.0182498399006631 |              3 |      8481 |     2 | 283.2500000000000000 |     1.5921335251437988
              3 |      8497 |     1 | 361.7500000000000000 |     1.1441036944085888 |              3 |      8497 |     2 | 430.6666666666666667 |     1.0484391105031115
              3 |      8533 |     1 | 271.7500000000000000 |     1.1118084205706274 |              3 |      8533 |     2 | 255.2500000000000000 |     1.0105832881821391
              3 |      8755 |     1 | 374.6666666666666667 |     1.0941704195091085 |              3 |      8755 |     2 | 284.0000000000000000 |     1.1235613325974613
              3 |      8819 |     1 | 233.7500000000000000 |     1.3372862182578396 |              3 |      8819 |     2 | 318.5000000000000000 |     1.1833215521897331
              3 |      8855 |     1 | 150.0000000000000000 |     1.0601187913870067 |              3 |      8855 |     2 | 384.5000000000000000 |     1.0905443985529857
              3 |      8859 |     1 | 349.7500000000000000 |     1.0931548232740186 |              3 |      8859 |     2 | 197.7500000000000000 |     1.3434040201814867
              3 |      8879 |     1 | 439.0000000000000000 |     1.0110850711845330 |              3 |      8879 |     2 | 463.5000000000000000 |     1.3165763800733355
              3 |      8923 |     1 | 403.2500000000000000 |     1.0150266075376119 |              3 |      8923 |     2 | 264.0000000000000000 |     1.2123539864875227
              3 |      8943 |     1 | 329.0000000000000000 |     1.5744064721371064 |              3 |      8943 |     2 | 401.0000000000000000 |     1.2246115749465636
              3 |      9123 |     1 | 159.2500000000000000 |     1.1812391426098650 |              3 |      9123 |     2 | 288.2500000000000000 |     1.2893626424290928
              3 |      9141 |     1 | 273.7500000000000000 |     1.1441718503132676 |              3 |      9141 |     2 | 370.0000000000000000 |     1.1306108896018946
              3 |      9313 |     1 | 338.0000000000000000 |     1.2731155749417160 |              3 |      9313 |     2 | 262.5000000000000000 |     1.2253112890616990
              3 |      9339 |     1 | 301.7500000000000000 |     1.0885587459723281 |              3 |      9339 |     2 | 378.0000000000000000 |     1.0323766896311111
              3 |      9455 |     1 | 321.5000000000000000 |     1.1659622443880000 |              3 |      9455 |     2 | 297.0000000000000000 |     1.3046953403711380
              3 |      9945 |     1 | 333.6666666666666667 |     1.1217215444548561 |              3 |      9945 |     2 | 381.0000000000000000 |     1.1249794128362992
              3 |     10089 |     1 | 346.0000000000000000 |     1.0239483720014393 |              3 |     10089 |     2 | 371.2500000000000000 |     1.0076051469328620
              3 |     10375 |     1 | 297.0000000000000000 |     1.3216363893296869 |              3 |     10375 |     2 | 251.5000000000000000 |     1.5411526027870537
              3 |     10401 |     1 | 420.3333333333333333 |     1.1446002506497875 |              3 |     10401 |     2 | 170.2500000000000000 |     1.1942807500292863
              3 |     10417 |     1 | 372.6666666666666667 |     1.3959068995492460 |              3 |     10417 |     2 | 236.5000000000000000 |     1.0367746281141184
              3 |     10447 |     1 | 255.7500000000000000 |     1.1338451228737752 |              3 |     10447 |     2 | 336.0000000000000000 |     1.0856284557761607
              3 |     10479 |     1 | 413.2500000000000000 |     1.0506435299212511 |              3 |     10479 |     2 | 182.5000000000000000 |     1.0114550019610630
              3 |     10523 |     1 | 356.2500000000000000 |     1.1366662198789811 |              3 |     10523 |     2 | 492.5000000000000000 |     1.2907390787547330
              3 |     10527 |     1 | 303.5000000000000000 |     1.5052781182905964 |              3 |     10527 |     2 | 171.0000000000000000 |     1.4028182186812749
              3 |     10563 |     1 | 226.0000000000000000 |     1.2519074646721327 |              3 |     10563 |     2 | 313.7500000000000000 |     1.0455393801581291
              3 |     10565 |     1 | 305.5000000000000000 |     1.3810537418583961 |              3 |     10565 |     2 | 416.0000000000000000 |     1.4006153550425841
              3 |     10651 |     1 | 300.7500000000000000 |     1.1297289222933234 |              3 |     10651 |     2 | 412.2500000000000000 |     1.1220651203114615
              3 |     10705 |     1 | 339.0000000000000000 |     1.1937515279570029 |              3 |     10705 |     2 | 280.2500000000000000 |     1.5738859255459982
              3 |     10867 |     1 | 347.2500000000000000 |     1.0373684725193377 |              3 |     10867 |     2 | 288.7500000000000000 |     1.1286266952251498
              3 |     11059 |     1 | 288.5000000000000000 |     1.0788326034101109 |              3 |     11059 |     2 | 238.2500000000000000 |     1.4113213213931249
              3 |     11085 |     1 | 339.5000000000000000 |     1.2213799529440353 |              3 |     11085 |     2 | 274.0000000000000000 |     1.0161290072506934
              3 |     11133 |     1 | 116.5000000000000000 |     1.0110917587458970 |              3 |     11133 |     2 | 348.7500000000000000 |     1.2034573479558394
              3 |     11153 |     1 | 228.5000000000000000 |     1.0142383411790547 |              3 |     11153 |     2 | 510.5000000000000000 |     1.3089439925980157
              3 |     11237 |     1 | 339.2500000000000000 |     1.2605279057638968 |              3 |     11237 |     2 | 153.0000000000000000 |     1.4142135623730980
              3 |     11295 |     1 | 285.7500000000000000 |     1.5230466534147997 |              3 |     11295 |     2 | 372.6666666666666667 |     1.3394157970206199
              3 |     11375 |     1 | 303.6666666666666667 |     1.0925119133094632 |              3 |     11375 |     2 | 362.0000000000000000 |     1.0782401746270000
              3 |     11703 |     1 | 407.6666666666666667 |     1.1547079688408684 |              3 |     11703 |     2 | 190.2500000000000000 |     1.3417623211411721
              3 |     11713 |     1 | 265.7500000000000000 |     1.5477191111508899 |              3 |     11713 |     2 | 350.5000000000000000 |     1.2088848307903623
              3 |     11833 |     1 | 376.5000000000000000 |     1.0333393552945020 |              3 |     11833 |     2 | 335.3333333333333333 |     1.4876212978688469
              3 |     11871 |     1 | 226.0000000000000000 |     1.4369884872525619 |              3 |     11871 |     2 | 371.2500000000000000 |     1.0332166866144593
              3 |     11947 |     1 | 402.6666666666666667 |     1.2744551448316589 |              3 |     11947 |     2 | 360.2500000000000000 |     1.1302139389401721
              3 |     12147 |     1 | 241.7500000000000000 |     1.1924827411945522 |              3 |     12147 |     2 | 385.5000000000000000 |     1.2112822805781297
              3 |     12219 |     1 | 381.7500000000000000 |     1.1560966878201965 |              3 |     12219 |     2 | 319.7500000000000000 |     1.1530058988608757
              3 |     12283 |     1 | 369.5000000000000000 |     1.0124065361769905 |              3 |     12283 |     2 | 367.2500000000000000 |     1.0389446454405800
              3 |     12403 |     1 | 382.7500000000000000 |     1.0210663566864664 |              3 |     12403 |     2 | 188.2500000000000000 |     1.1648242862591288
              3 |     12423 |     1 | 255.5000000000000000 |     1.2996820664515108 |              3 |     12423 |     2 | 294.0000000000000000 |     1.0981426535518707
              3 |     12469 |     1 | 220.7500000000000000 |     1.1998652378492140 |              3 |     12469 |     2 | 193.0000000000000000 |     1.2438758855399482
              3 |     12699 |     1 | 221.0000000000000000 |     1.1068968397409683 |              3 |     12699 |     2 | 229.2500000000000000 |     1.2362154571182116
              3 |     12945 |     1 | 421.2500000000000000 |     1.1444949603094647 |              3 |     12945 |     2 | 224.0000000000000000 |     1.3969957212060536
              3 |     12989 |     1 | 407.5000000000000000 |     1.1146445212249742 |              3 |     12989 |     2 | 193.5000000000000000 |     1.2095728401692351
              3 |     13053 |     1 | 489.5000000000000000 |     1.2784259475997855 |              3 |     13053 |     2 | 436.0000000000000000 |     1.0065524044454014
              3 |     13141 |     1 | 322.2500000000000000 |     1.2842329647496788 |              3 |     13141 |     2 | 349.2500000000000000 |     1.0436414300770251
              3 |     13175 |     1 | 296.0000000000000000 |     1.0290735004344054 |              3 |     13175 |     2 | 492.0000000000000000 |     1.2762415075074268
              3 |     13231 |     1 | 419.7500000000000000 |     1.1514522872437260 |              3 |     13231 |     2 | 314.3333333333333333 |     1.3004870051942736
              3 |     13359 |     1 | 258.2500000000000000 |     1.0629752460597444 |              3 |     13359 |     2 | 277.7500000000000000 |     1.1930087844434563
              3 |     13487 |     1 | 353.7500000000000000 |     1.0286784930372551 |              3 |     13487 |     2 | 359.5000000000000000 |     1.0286977651197886
              3 |     13549 |     1 | 339.0000000000000000 |     1.2054951629274602 |              3 |     13549 |     2 | 236.7500000000000000 |     1.0160209596859388
              3 |     13599 |     1 | 256.5000000000000000 |     1.2180662496254503 |              3 |     13599 |     2 | 290.5000000000000000 |     1.1278994768390327
              3 |     13617 |     1 | 360.7500000000000000 |     1.0921465195782342 |              3 |     13617 |     2 | 368.5000000000000000 |     1.0414792296200814
              3 |     13897 |     1 | 408.5000000000000000 |     1.0341367642541297 |              3 |     13897 |     2 | 239.5000000000000000 |     1.0248090963176994
              3 |     14193 |     1 | 165.2500000000000000 |     1.8107546086273101 |              3 |     14193 |     2 | 300.5000000000000000 |     1.1011355101371082
              3 |     14209 |     1 | 358.7500000000000000 |     1.2128764544951192 |              3 |     14209 |     2 | 340.2500000000000000 |     1.2475243495221043
              3 |     14251 |     1 | 378.2500000000000000 |     1.2329617744818189 |              3 |     14251 |     2 | 234.0000000000000000 |     1.1648990502016624
              3 |     14355 |     1 | 331.6666666666666667 |     1.1377359401985407 |              3 |     14355 |     2 | 373.7500000000000000 |     1.0206656502465338
              3 |     14439 |     1 | 346.2500000000000000 |     1.1163002836963523 |              3 |     14439 |     2 | 198.0000000000000000 |     1.0713501023150354
              3 |     14469 |     1 | 115.6666666666666667 |     1.6198862386668674 |              3 |     14469 |     2 | 372.7500000000000000 |     1.1199744011714393
              3 |     14961 |     1 | 343.7500000000000000 |     1.0889132449816291 |              3 |     14961 |     2 | 239.0000000000000000 |     1.2134564498225146
              3 |     15073 |     1 | 321.7500000000000000 |     1.0536523995254079 |              3 |     15073 |     2 | 327.6666666666666667 |     1.1131353461481424
              3 |     15075 |     1 | 220.6666666666666667 |     1.0791716707578444 |              3 |     15075 |     2 | 336.7500000000000000 |     1.2306708883278337
              3 |     15107 |     1 | 254.7500000000000000 |     1.0468843992261158 |              3 |     15107 |     2 | 508.0000000000000000 |     1.2778031990733287
              3 |     15583 |     1 | 415.0000000000000000 |     1.1399449656033590 |              3 |     15583 |     2 | 278.5000000000000000 |     1.2789638345908043
              3 |     15749 |     1 | 270.5000000000000000 |     1.1902293400045250 |              3 |     15749 |     2 | 402.5000000000000000 |     1.0347475630282634
              3 |     15761 |     1 | 348.5000000000000000 |     1.2005342474616442 |              3 |     15761 |     2 | 506.0000000000000000 |     1.0536729506218518
              3 |     16037 |     1 | 344.7500000000000000 |     1.2470588534118927 |              3 |     16037 |     2 | 520.5000000000000000 |     1.0609998003971066
              3 |     16203 |     1 | 293.2500000000000000 |     1.3787114181089412 |              3 |     16203 |     2 | 347.5000000000000000 |     1.2406949873156288
              3 |     16237 |     1 | 491.2500000000000000 |     1.0460032948217628 |              3 |     16237 |     2 | 292.2500000000000000 |     1.1486252897669256
              3 |     16339 |     1 | 358.5000000000000000 | 1.00020519633177126918 |              3 |     16339 |     2 | 317.3333333333333333 |     1.3327720992239212
              3 |     16363 |     1 | 353.7500000000000000 |     1.0206666326064735 |              3 |     16363 |     2 | 232.2500000000000000 |     1.4427148114817051
              3 |     16501 |     1 | 309.5000000000000000 |     1.0220048512411664 |              3 |     16501 |     2 | 281.0000000000000000 |     1.0046896364567972
              3 |     16583 |     1 | 453.2500000000000000 |     1.0534793793292796 |              3 |     16583 |     2 | 399.5000000000000000 |     1.2018160311030438
              3 |     16687 |     1 | 252.2500000000000000 |     1.3535215437582398 |              3 |     16687 |     2 | 343.3333333333333333 |     1.3674139485822379
              3 |     16719 |     1 | 332.5000000000000000 |     1.0251257709243669 |              3 |     16719 |     2 | 302.5000000000000000 |     1.0441485107565322
              3 |     16747 |     1 | 346.2500000000000000 |     1.1474281968549285 |              3 |     16747 |     2 | 253.7500000000000000 |     1.0427717022861754
              3 |     16753 |     1 | 372.7500000000000000 |     1.1203106569889899 |              3 |     16753 |     2 | 343.0000000000000000 |     1.2330420026053819
              3 |     16773 |     1 | 326.3333333333333333 |     1.1614834979928049 |              3 |     16773 |     2 |  72.7500000000000000 |     1.2913343760691622
              3 |     16829 |     1 | 356.0000000000000000 |     1.0534893815885815 |              3 |     16829 |     2 | 492.5000000000000000 |     1.3826270665637462
              3 |     16903 |     1 | 283.7500000000000000 |     1.1872219724863718 |              3 |     16903 |     2 | 249.0000000000000000 |     1.0675128899241647
              3 |     16983 |     1 | 344.5000000000000000 |     1.1866883561647286 |              3 |     16983 |     2 | 346.6666666666666667 |     1.1682989075053125
              3 |     17019 |     1 | 316.5000000000000000 |     1.2896789062382180 |              3 |     17019 |     2 | 369.2500000000000000 |     1.0620381858411808
              3 |     17035 |     1 | 184.0000000000000000 |     1.3527260161829620 |              3 |     17035 |     2 | 223.5000000000000000 |     1.0478940794015884
              3 |     17203 |     1 | 333.6666666666666667 |     1.3830489645341419 |              3 |     17203 |     2 | 326.2500000000000000 |     1.1603610895428199
              3 |     17233 |     1 | 427.0000000000000000 |     1.0481892483622763 |              3 |     17233 |     2 | 257.2500000000000000 |     1.2105265639631642
              3 |     17333 |     1 | 402.2500000000000000 |     1.0269671771163630 |              3 |     17333 |     2 | 528.0000000000000000 |     1.1972603454181307
              3 |     17343 |     1 | 141.5000000000000000 |     1.1306021703822473 |              3 |     17343 |     2 |  61.5000000000000000 |     1.2755334965226576
              3 |     17499 |     1 | 324.0000000000000000 |     1.0487516257747377 |              3 |     17499 |     2 | 350.2500000000000000 |     1.0352007761194347
              3 |     17541 |     1 | 337.7500000000000000 |     1.2655744044179630 |              3 |     17541 |     2 | 326.7500000000000000 |     1.2262730724931385
              3 |     17869 |     1 | 266.5000000000000000 |     1.0151995234931670 |              3 |     17869 |     2 | 245.7500000000000000 |     1.0668868075519471
              3 |     17981 |     1 | 271.7500000000000000 |     1.6549231984056596 |              3 |     17981 |     2 | 521.0000000000000000 |     1.1970598483810653
              3 |     17983 |     1 | 302.5000000000000000 |     1.1588069706189884 |              3 |     17983 |     2 | 282.2500000000000000 |     1.1370868092274508
              4 |         9 |     1 | 308.5000000000000000 |     1.0490902824362237 |              4 |         9 |     2 | 336.0000000000000000 |     1.2281561721313661
              4 |       165 |     1 | 181.0000000000000000 |     1.4858797355659945 |              4 |       165 |     2 | 312.0000000000000000 |     1.2371462729698558
              4 |       207 |     1 | 326.2500000000000000 |     1.1137995396489441 |              4 |       207 |     2 | 340.0000000000000000 |     1.0634823974512147
              4 |       265 |     1 | 403.0000000000000000 |     1.0060558342024541 |              4 |       265 |     2 | 334.0000000000000000 |     1.4080357987277036
              4 |       275 |     1 | 179.6666666666666667 |     1.0476446022325714 |              4 |       275 |     2 | 434.5000000000000000 |     1.3002953237469528
              4 |       287 |     1 | 247.7500000000000000 |     1.0927462236315358 |              4 |       287 |     2 | 490.0000000000000000 |     1.0130386946795020
              4 |       403 |     1 | 308.3333333333333333 |     1.2484689235345070 |              4 |       403 |     2 | 420.7500000000000000 |     1.0312930781699893
              4 |       475 |     1 | 301.2500000000000000 |     1.1264950096704033 |              4 |       475 |     2 | 185.5000000000000000 |     1.2420817418437412
              4 |       567 |     1 | 467.7500000000000000 |     1.0278467743009663 |              4 |       567 |     2 | 391.2500000000000000 |     1.0205038985137534
              4 |       741 |     1 | 301.5000000000000000 |     1.0504500785840531 |              4 |       741 |     2 | 352.0000000000000000 |     1.0805368255025909
              4 |       857 |     1 | 278.7500000000000000 |     1.0803682395937327 |              4 |       857 |     2 | 323.5000000000000000 |     1.0601137214079629
              4 |       903 |     1 | 342.5000000000000000 |     1.0945193206966540 |              4 |       903 |     2 | 411.7500000000000000 |     1.0221763676967383
              4 |       961 |     1 | 471.0000000000000000 |     1.0479092585946285 |              4 |       961 |     2 | 104.7500000000000000 |     1.0078232685889451
              4 |       973 |     1 | 141.7500000000000000 |     1.1525470862132981 |              4 |       973 |     2 | 366.2500000000000000 |     1.0221050791585447
              4 |       987 |     1 | 409.0000000000000000 |     1.0615949967890073 |              4 |       987 |     2 | 255.7500000000000000 |     1.0966533766990186
              4 |      1319 |     1 | 434.5000000000000000 |     1.0160238036245984 |              4 |      1319 |     2 | 433.5000000000000000 |     1.0684081699589135
              4 |      1639 |     1 | 390.6666666666666667 |     1.1950507802847312 |              4 |      1639 |     2 | 232.0000000000000000 |     1.1516609005971897
              4 |      1799 |     1 | 268.0000000000000000 |     1.5475765948724813 |              4 |      1799 |     2 | 384.0000000000000000 |     1.2779481930819375
              4 |      1875 |     1 | 309.3333333333333333 |     1.2108713027531670 |              4 |      1875 |     2 | 218.7500000000000000 |     1.0576733803929417
              4 |      2001 |     1 | 396.3333333333333333 |     1.2120090518033541 |              4 |      2001 |     2 | 325.0000000000000000 |     1.1176503953883077
              4 |      2203 |     1 | 218.7500000000000000 |     1.0487576842493714 |              4 |      2203 |     2 | 368.3333333333333333 |     1.1772802643668643
              4 |      2295 |     1 | 489.2500000000000000 |     1.0151904076137190 |              4 |      2295 |     2 | 259.5000000000000000 |     1.0060903559617341
              4 |      2353 |     1 | 158.0000000000000000 |     1.1719974198995696 |              4 |      2353 |     2 | 265.5000000000000000 |     1.0521291686060188
              4 |      2577 |     1 | 372.0000000000000000 |     1.0423454257529247 |              4 |      2577 |     2 | 260.5000000000000000 |     1.3973427401134702
              4 |      2617 |     1 | 278.7500000000000000 |     1.1235989553213381 |              4 |      2617 |     2 | 369.2500000000000000 |     1.0951088769509411
              4 |      2825 |     1 | 440.5000000000000000 |     1.1195756175953893 |              4 |      2825 |     2 | 352.0000000000000000 |     1.1450308672623068
              4 |      3189 |     1 | 394.2500000000000000 |     1.0528818847081091 |              4 |      3189 |     2 | 213.5000000000000000 |     1.1921425227739016
              4 |      3315 |     1 | 136.0000000000000000 |     1.3191922400052132 |              4 |      3315 |     2 | 327.5000000000000000 |     1.1657899036658168
              4 |      3357 |     1 | 349.7500000000000000 |     1.1324957046018127 |              4 |      3357 |     2 | 279.5000000000000000 |     1.1246361634925367
              4 |      3487 |     1 | 344.5000000000000000 |     1.0755347003412337 |              4 |      3487 |     2 | 349.7500000000000000 |     1.0845483189224589
              4 |      3609 |     1 | 331.7500000000000000 |     1.2852602739815283 |              4 |      3609 |     2 | 309.7500000000000000 |     1.1158858817901792
              4 |      3661 |     1 | 315.2500000000000000 |     1.2859677854053259 |              4 |      3661 |     2 | 221.0000000000000000 |     1.2913142435457149
              4 |      3853 |     1 | 365.2500000000000000 |     1.0792374321360657 |              4 |      3853 |     2 | 403.7500000000000000 |     1.0407063218123319
              4 |      3891 |     1 | 449.0000000000000000 |     1.2220820984426748 |              4 |      3891 |     2 | 372.2500000000000000 |     1.0806884584616467
              4 |      3895 |     1 | 350.0000000000000000 |     1.0093440990088971 |              4 |      3895 |     2 | 215.0000000000000000 |     1.0091629954199860
              4 |      3945 |     1 | 253.5000000000000000 |     1.0503299652149546 |              4 |      3945 |     2 | 308.0000000000000000 |     1.0280627677714968
              4 |      4005 |     1 | 208.2500000000000000 |     1.5732887191730324 |              4 |      4005 |     2 | 277.0000000000000000 |     1.1067283424076570
              4 |      4043 |     1 | 322.2500000000000000 |     1.2835879377926641 |              4 |      4043 |     2 | 330.5000000000000000 |     1.3585864025823238
              4 |      4049 |     1 | 375.2500000000000000 |     1.0325211075351526 |              4 |      4049 |     2 | 265.0000000000000000 |     1.0299744058038000
              4 |      4129 |     1 | 237.5000000000000000 |     1.0879166770549221 |              4 |      4129 |     2 | 335.7500000000000000 |     1.0546233673245540
              4 |      4567 |     1 | 454.0000000000000000 |     1.0196596474980352 |              4 |      4567 |     2 | 175.2500000000000000 |     1.2716904286034294
              4 |      4653 |     1 | 359.7500000000000000 |     1.0246718930313162 |              4 |      4653 |     2 | 283.2500000000000000 |     1.0596737866816699
              4 |      4725 |     1 | 406.5000000000000000 |     1.2019945530132940 |              4 |      4725 |     2 | 253.0000000000000000 |     1.0893087495969289
              4 |      4835 |     1 | 451.3333333333333333 |     1.0421160703375702 |              4 |      4835 |     2 |  54.0000000000000000 |     1.3094570021973102
              4 |      4881 |     1 | 307.0000000000000000 |     1.2131411539310651 |              4 |      4881 |     2 | 283.7500000000000000 |     1.0132567188339172
              4 |      4911 |     1 | 241.5000000000000000 |     1.2019104615478758 |              4 |      4911 |     2 | 257.2500000000000000 |     1.5673598416537920
              4 |      5051 |     1 | 171.7500000000000000 |     1.0997060694447511 |              4 |      5051 |     2 | 492.5000000000000000 |     1.3740125677066518
              4 |      5071 |     1 | 441.0000000000000000 |     1.0256571136990612 |              4 |      5071 |     2 |  47.5000000000000000 |     1.0456611316368542
              4 |      5153 |     1 | 362.0000000000000000 |     1.0827061359125442 |              4 |      5153 |     2 | 133.0000000000000000 |     1.2228162381421504
              4 |      5225 |     1 | 332.6666666666666667 |     1.2981042168999770 |              4 |      5225 |     2 | 478.5000000000000000 |     1.3255481352650637
              4 |      5387 |     1 | 277.7500000000000000 |     1.0044439911997156 |              4 |      5387 |     2 | 494.5000000000000000 |     1.4142135623730961
              4 |      5473 |     1 | 334.7500000000000000 |     1.2123262579801524 |              4 |      5473 |     2 | 305.7500000000000000 |     1.0495304453662044
              4 |      5493 |     1 | 389.5000000000000000 |     1.0362979182851399 |              4 |      5493 |     2 | 336.5000000000000000 |     1.1215567634177920
              4 |      5519 |     1 | 262.3333333333333333 |     1.1430261243613266 |              4 |      5519 |     2 | 427.5000000000000000 |     1.0668628628428608
              4 |      5559 |     1 | 265.7500000000000000 |     1.1714252240202295 |              4 |      5559 |     2 | 357.2500000000000000 |     1.0737431202715493
              4 |      5567 |     1 | 353.0000000000000000 |     1.1066472315670057 |              4 |      5567 |     2 |  95.5000000000000000 |     1.0884261448630627
              4 |      5749 |     1 | 257.6666666666666667 |     1.2935168095513351 |              4 |      5749 |     2 |  86.3333333333333333 |     1.1227955897426798
              4 |      5871 |     1 | 273.2500000000000000 |     1.3572175642716267 |              4 |      5871 |     2 | 355.5000000000000000 |     1.0140754265171336
              4 |      5883 |     1 | 440.5000000000000000 | 1.00044675766420885358 |              4 |      5883 |     2 | 260.0000000000000000 |     1.1030931944585423
              4 |      6003 |     1 | 411.5000000000000000 |     1.1456226734723499 |              4 |      6003 |     2 | 494.7500000000000000 |     1.0133852786455543
              4 |      6061 |     1 | 332.0000000000000000 |     1.3522855284238855 |              4 |      6061 |     2 | 290.5000000000000000 |     1.2529821007309363
              4 |      6073 |     1 | 311.0000000000000000 |     1.2537636807671704 |              4 |      6073 |     2 | 471.2500000000000000 |     1.0329523241330525
              4 |      6261 |     1 | 263.5000000000000000 |     1.6018402450510361 |              4 |      6261 |     2 | 344.0000000000000000 |     1.2099194348218779
              4 |      6495 |     1 | 271.0000000000000000 |     1.3886081665682288 |              4 |      6495 |     2 | 231.5000000000000000 |     1.0733942886834471
              4 |      6509 |     1 | 407.7500000000000000 |     1.0041980139164267 |              4 |      6509 |     2 | 200.5000000000000000 |     1.2943051805260000
              4 |      6649 |     1 | 420.0000000000000000 |     1.0203401904798167 |              4 |      6649 |     2 | 421.5000000000000000 |     1.1086317354152361
              4 |      6679 |     1 | 273.0000000000000000 |     1.5718141783490659 |              4 |      6679 |     2 | 305.7500000000000000 |     1.4297284398930760
              4 |      6735 |     1 | 347.0000000000000000 |     1.2220402111329971 |              4 |      6735 |     2 | 366.0000000000000000 |     1.1289300968730820
              4 |      6827 |     1 | 325.5000000000000000 |     1.2795259417266359 |              4 |      6827 |     2 | 267.0000000000000000 |     1.3506534022664382
              4 |      6913 |     1 | 240.2500000000000000 |     1.4038326175323039 |              4 |      6913 |     2 | 217.3333333333333333 |     1.3078685901735552
              4 |      6955 |     1 | 175.5000000000000000 |     1.2941750277780570 |              4 |      6955 |     2 | 240.2500000000000000 |     1.4137160484841041
              4 |      6981 |     1 | 405.5000000000000000 |     1.0721769521432010 |              4 |      6981 |     2 | 221.2500000000000000 |     1.2892023203965831
              4 |      7057 |     1 | 155.7500000000000000 |     1.5043762512392488 |              4 |      7057 |     2 | 260.2500000000000000 |     1.0654651522614909
              4 |      7127 |     1 | 248.0000000000000000 |     1.1970917868308226 |              4 |      7127 |     2 | 534.5000000000000000 |     1.0808348741429542
              4 |      7185 |     1 | 365.5000000000000000 |     1.0376477287625828 |              4 |      7185 |     2 | 298.0000000000000000 |     1.0198508672746544
              4 |      7319 |     1 | 195.0000000000000000 |     1.7096803191754974 |              4 |      7319 |     2 | 275.5000000000000000 |     1.2345494074436624
              4 |      7677 |     1 | 267.7500000000000000 |     1.0876595695882278 |              4 |      7677 |     2 | 368.2500000000000000 |     1.0662140141050183
              4 |      7833 |     1 | 205.5000000000000000 |     1.3029282272241217 |              4 |      7833 |     2 | 353.5000000000000000 |     1.0255016330494144
              4 |      7943 |     1 | 310.2500000000000000 |     1.4799502571916261 |              4 |      7943 |     2 | 109.0000000000000000 |     1.4012391260210459
              4 |      7961 |     1 | 389.5000000000000000 |     1.0458289641356996 |              4 |      7961 |     2 | 278.0000000000000000 |     1.1496844068212914
              4 |      7999 |     1 | 361.5000000000000000 |     1.1116581050969018 |              4 |      7999 |     2 | 191.5000000000000000 |     1.4550899236442454
              4 |      8185 |     1 | 274.5000000000000000 |     1.4543399476570018 |              4 |      8185 |     2 | 336.2500000000000000 |     1.1319241317008238
              4 |      8209 |     1 | 342.5000000000000000 |     1.0339958186107971 |              4 |      8209 |     2 | 164.7500000000000000 |     1.1388970316212929
              4 |      8227 |     1 | 436.7500000000000000 |     1.0445146062346606 |              4 |      8227 |     2 | 178.0000000000000000 |     1.0573644642783146
              4 |      8309 |     1 | 287.2500000000000000 |     1.0907914065821271 |              4 |      8309 |     2 | 425.5000000000000000 |     1.3344459348831915
              4 |      8397 |     1 | 495.0000000000000000 |     1.0669382880366242 |              4 |      8397 |     2 | 420.2500000000000000 |     1.0600797229067127
              4 |      8477 |     1 | 400.0000000000000000 |     1.0943700623341875 |              4 |      8477 |     2 | 508.0000000000000000 |     1.2666676592121220
              4 |      8499 |     1 | 349.2500000000000000 |     1.0711146082186543 |              4 |      8499 |     2 | 257.2500000000000000 |     1.4446784622242488
              4 |      8549 |     1 | 398.0000000000000000 |     1.0220315740409271 |              4 |      8549 |     2 | 319.0000000000000000 |     1.0639851252963730
              4 |      8819 |     1 | 330.0000000000000000 |     1.0133573773185364 |              4 |      8819 |     2 | 271.5000000000000000 |     1.2579468703981657
              4 |      8881 |     1 | 265.0000000000000000 |     1.3874379193549811 |              4 |      8881 |     2 | 225.5000000000000000 |     1.0745350584374856
              4 |      8953 |     1 | 288.3333333333333333 |     1.2002823016532393 |              4 |      8953 |     2 |  29.3333333333333333 |     1.2638182504806353
              4 |      9039 |     1 | 224.0000000000000000 |     1.0076965191265982 |              4 |      9039 |     2 | 303.7500000000000000 |     1.2425221579194897
              4 |      9125 |     1 | 363.7500000000000000 |     1.2465676671154529 |              4 |      9125 |     2 | 538.5000000000000000 |     1.1620974955433519
              4 |      9165 |     1 | 290.3333333333333333 |     1.0714556966576831 |              4 |      9165 |     2 | 277.0000000000000000 |     1.0348676289249314
              4 |      9225 |     1 | 194.0000000000000000 |     1.0630394095889948 |              4 |      9225 |     2 |  58.0000000000000000 |     1.2328088567852733
              4 |      9289 |     1 | 346.7500000000000000 |     1.0522413870249863 |              4 |      9289 |     2 | 174.0000000000000000 | 1.00479977276288505747
              4 |      9405 |     1 | 246.5000000000000000 |     1.2413638431646329 |              4 |      9405 |     2 | 349.2500000000000000 |     1.1517508662982620
              4 |      9439 |     1 | 482.3333333333333333 |     1.0184438356998452 |              4 |      9439 |     2 | 418.6666666666666667 |     1.1495290647357468
              4 |      9555 |     1 | 301.0000000000000000 |     1.3043834172359203 |              4 |      9555 |     2 | 191.2500000000000000 |     1.2344622621299346
              4 |      9613 |     1 | 333.0000000000000000 |     1.1495684815964925 |              4 |      9613 |     2 | 379.0000000000000000 |     1.2775817140586095
              4 |      9615 |     1 | 301.0000000000000000 |     1.2030019147590033 |              4 |      9615 |     2 | 263.5000000000000000 |     1.1903468453091689
              4 |      9777 |     1 | 190.7500000000000000 |     1.2721403483540708 |              4 |      9777 |     2 | 369.7500000000000000 |     1.0666742897021744
              4 |      9885 |     1 | 337.7500000000000000 |     1.3121152254253679 |              4 |      9885 |     2 | 301.0000000000000000 |     1.3940351354203123
              4 |      9913 |     1 | 388.2500000000000000 |     1.1349757707523426 |              4 |      9913 |     2 | 296.7500000000000000 |     1.5749964567939242
              4 |      9999 |     1 | 412.2500000000000000 |     1.0174591954797550 |              4 |      9999 |     2 | 353.3333333333333333 |     1.0219933718562906
              4 |     10075 |     1 | 436.2500000000000000 |     1.0614102579587393 |              4 |     10075 |     2 | 184.7500000000000000 |     1.3361663860948309
              4 |     10151 |     1 | 360.2500000000000000 |     1.0561769194674892 |              4 |     10151 |     2 | 181.0000000000000000 |     1.2579468703981657
              4 |     10165 |     1 | 398.0000000000000000 |     1.0182277699778593 |              4 |     10165 |     2 | 263.5000000000000000 |     1.2219504897591803
              4 |     10183 |     1 | 291.2500000000000000 |     1.0282382856196189 |              4 |     10183 |     2 | 329.5000000000000000 |     1.2693835498872049
              4 |     10197 |     1 | 196.3333333333333333 |     1.2300518125605433 |              4 |     10197 |     2 | 436.0000000000000000 |     1.0444295346136743
              4 |     10281 |     1 | 191.5000000000000000 |     1.3099627231367781 |              4 |     10281 |     2 | 281.5000000000000000 |     1.3180959948326607
              4 |     10301 |     1 | 276.7500000000000000 |     1.4695012104543740 |              4 |     10301 |     2 | 414.0000000000000000 |     1.1545994784591932
              4 |     10361 |     1 | 321.7500000000000000 |     1.3343975868158850 |              4 |     10361 |     2 | 422.0000000000000000 |     1.2533551476955877
              4 |     10399 |     1 | 400.5000000000000000 |     1.0133237798841049 |              4 |     10399 |     2 | 159.0000000000000000 |     1.6286393950238868
              4 |     10415 |     1 | 227.2500000000000000 |     1.0366710471304070 |              4 |     10415 |     2 | 232.5000000000000000 |     1.4081309233951484
              4 |     10443 |     1 | 350.0000000000000000 |     1.2367589858641200 |              4 |     10443 |     2 | 278.0000000000000000 |     1.4740698214176151
              4 |     10611 |     1 | 267.0000000000000000 |     1.1864129703952622 |              4 |     10611 |     2 | 366.0000000000000000 |     1.0355419541773852
              4 |     10629 |     1 | 339.0000000000000000 |     1.2495657857690000 |              4 |     10629 |     2 | 388.2500000000000000 |     1.1355192331053831
              4 |     10763 |     1 | 508.0000000000000000 |     1.0482069360621949 |              4 |     10763 |     2 | 506.0000000000000000 |     1.0061598467476561
              4 |     10849 |     1 | 364.7500000000000000 |     1.1120673692382920 |              4 |     10849 |     2 | 140.5000000000000000 |     1.3809602312439858
              4 |     10987 |     1 | 148.5000000000000000 |     1.0579822532398384 |              4 |     10987 |     2 | 288.2500000000000000 |     1.1101271138641977
              4 |     11187 |     1 | 368.0000000000000000 |     1.2667853397008152 |              4 |     11187 |     2 | 271.2500000000000000 |     1.0277468904944553
              4 |     11289 |     1 | 318.2500000000000000 |     1.0352446642376402 |              4 |     11289 |     2 | 281.5000000000000000 |     1.2564227462826181
              4 |     11299 |     1 | 322.7500000000000000 |     1.0673836245478482 |              4 |     11299 |     2 | 352.7500000000000000 |     1.1492573270524054
              4 |     11389 |     1 | 436.0000000000000000 |     1.1329509129840436 |              4 |     11389 |     2 | 143.7500000000000000 |     1.1821908895380939
              4 |     11471 |     1 | 238.5000000000000000 |     1.0056514400418532 |              4 |     11471 |     2 | 281.5000000000000000 |     1.1178064569378828
              4 |     11809 |     1 | 352.0000000000000000 |     1.0590191218842699 |              4 |     11809 |     2 | 308.0000000000000000 |     1.0809591856334026
              4 |     11953 |     1 | 273.5000000000000000 |     1.0742555568746728 |              4 |     11953 |     2 | 138.0000000000000000 |     1.1592844123278116
              4 |     11965 |     1 | 381.0000000000000000 |     1.0461372882387323 |              4 |     11965 |     2 | 289.0000000000000000 |     1.6211765060381557
              4 |     12031 |     1 | 251.5000000000000000 |     1.2733325518834712 |              4 |     12031 |     2 | 327.3333333333333333 |     1.0221273392096212
              4 |     12281 |     1 | 294.7500000000000000 |     1.2367218866423545 |              4 |     12281 |     2 | 301.0000000000000000 |     1.3155474998819502
              4 |     12285 |     1 | 183.6666666666666667 |     1.0787867035286951 |              4 |     12285 |     2 | 361.0000000000000000 |     1.1211207693087950
              4 |     12385 |     1 | 266.7500000000000000 |     1.0592165471479288 |              4 |     12385 |     2 | 223.7500000000000000 |     1.1239512622324469
              4 |     12523 |     1 | 388.3333333333333333 |     1.2762568798439897 |              4 |     12523 |     2 | 443.0000000000000000 |     1.0034716983824312
              4 |     12629 |     1 | 359.7500000000000000 |     1.1640935661372259 |              4 |     12629 |     2 | 530.0000000000000000 |     1.2514455863263811
              4 |     12853 |     1 | 262.0000000000000000 |     1.3118337823450038 |              4 |     12853 |     2 | 302.6666666666666667 |     1.1579269176625606
              4 |     12879 |     1 | 270.2500000000000000 |     1.4230165204635301 |              4 |     12879 |     2 | 354.7500000000000000 |     1.2234884985559126
              4 |     12957 |     1 | 317.5000000000000000 |     1.0573815187108913 |              4 |     12957 |     2 | 323.7500000000000000 |     1.1587674737016278
              4 |     13099 |     1 | 377.5000000000000000 | 1.00127661448024900662 |              4 |     13099 |     2 | 350.0000000000000000 |     1.0786158931232000
              4 |     13119 |     1 | 319.6666666666666667 |     1.3674116579329552 |              4 |     13119 |     2 | 212.7500000000000000 |     1.2784001196822515
              4 |     13417 |     1 | 424.5000000000000000 |     1.1069250962784429 |              4 |     13417 |     2 | 138.7500000000000000 |     1.0699628480334486
              4 |     13569 |     1 | 247.0000000000000000 |     1.0756895312667611 |              4 |     13569 |     2 | 316.2500000000000000 |     1.3218182424899542
              4 |     13591 |     1 | 179.5000000000000000 |     1.7012331956659276 |              4 |     13591 |     2 | 310.5000000000000000 |     1.0232511367040580
              4 |     13823 |     1 | 236.0000000000000000 |     1.0901118597212712 |              4 |     13823 |     2 | 425.5000000000000000 |     1.3643587951919060
              4 |     13921 |     1 | 147.2500000000000000 |     1.4584781906689576 |              4 |     13921 |     2 | 407.2500000000000000 |     1.0864118822254807
              4 |     13983 |     1 | 312.2500000000000000 |     1.3052169228318559 |              4 |     13983 |     2 | 273.2500000000000000 |     1.0597221459749533
              4 |     13993 |     1 | 331.2500000000000000 |     1.2472866670913630 |              4 |     13993 |     2 | 181.2500000000000000 |     1.1729675500896110
              4 |     14005 |     1 | 237.0000000000000000 |     1.4039626036407384 |              4 |     14005 |     2 | 315.2500000000000000 |     1.1539196399736431
              4 |     14043 |     1 | 345.7500000000000000 |     1.1532779360039074 |              4 |     14043 |     2 | 339.0000000000000000 |     1.0275060805104897
              4 |     14209 |     1 | 434.5000000000000000 |     1.0777793667658757 |              4 |     14209 |     2 | 284.2500000000000000 |     1.1309809566890589
              4 |     14229 |     1 | 363.3333333333333333 |     1.3616882657519092 |              4 |     14229 |     2 | 278.0000000000000000 |     1.2322791117509173
              4 |     14251 |     1 | 337.7500000000000000 |     1.1039672003616136 |              4 |     14251 |     2 | 319.5000000000000000 |     1.1651420968174898
              4 |     14349 |     1 | 318.2500000000000000 |     1.3724723568132632 |              4 |     14349 |     2 | 345.6666666666666667 |     1.1437711064089354
              4 |     14829 |     1 | 288.3333333333333333 |     1.0316932968858798 |              4 |     14829 |     2 | 248.5000000000000000 |     1.1442755766332032
              4 |     14917 |     1 | 143.2500000000000000 |     1.1613529365690401 |              4 |     14917 |     2 | 355.2500000000000000 |     1.1289507164444898
              4 |     14953 |     1 | 123.7500000000000000 |     1.1783095634005980 |              4 |     14953 |     2 | 278.6666666666666667 |     1.1736717513485024
              4 |     14959 |     1 | 393.2500000000000000 |     1.1378014131348862 |              4 |     14959 |     2 | 318.2500000000000000 |     1.1136648176142121
              4 |     15351 |     1 | 328.7500000000000000 |     1.1896592464973232 |              4 |     15351 |     2 | 317.0000000000000000 |     1.1266467777510032
              4 |     15355 |     1 | 238.3333333333333333 |     1.5434762517776098 |              4 |     15355 |     2 |  97.2500000000000000 |     1.2591363559116504
              4 |     15399 |     1 | 255.0000000000000000 |     1.2050642849225294 |              4 |     15399 |     2 | 341.7500000000000000 |     1.2756082527208749
              4 |     15447 |     1 | 388.7500000000000000 |     1.0618350714906572 |              4 |     15447 |     2 | 446.2500000000000000 |     1.0507508225298420
              4 |     15621 |     1 | 458.0000000000000000 |     1.0601570297829585 |              4 |     15621 |     2 | 346.0000000000000000 |     1.1197324062318208
              4 |     15749 |     1 | 318.7500000000000000 |     1.2955568151311843 |              4 |     15749 |     2 | 391.5000000000000000 |     1.0963315866672644
              4 |     15751 |     1 | 122.7500000000000000 |     1.0189787478266640 |              4 |     15751 |     2 | 211.0000000000000000 |     1.1125030900032275
              4 |     15813 |     1 | 390.0000000000000000 |     1.1227919866463385 |              4 |     15813 |     2 | 196.5000000000000000 |     1.5016344928944071
              4 |     16007 |     1 | 300.0000000000000000 |     1.0674406913874100 |              4 |     16007 |     2 | 202.0000000000000000 |     1.1761776162310891
              4 |     16043 |     1 | 252.0000000000000000 |     1.5577052282865635 |              4 |     16043 |     2 | 240.5000000000000000 |     1.3318892801559501
              4 |     16217 |     1 | 307.2500000000000000 |     1.1638419249890773 |              4 |     16217 |     2 | 143.0000000000000000 |     1.1076357971034056
              4 |     16875 |     1 | 381.7500000000000000 |     1.0284556252003065 |              4 |     16875 |     2 | 296.0000000000000000 |     1.1677401232182399
              4 |     16923 |     1 | 350.6666666666666667 |     1.1492690275397880 |              4 |     16923 |     2 | 345.6666666666666667 |     1.0602624450311051
              4 |     16933 |     1 | 124.0000000000000000 |     1.1822885031801613 |              4 |     16933 |     2 | 379.7500000000000000 |     1.0488810707793943
              4 |     17003 |     1 | 301.5000000000000000 |     1.2113312577850282 |              4 |     17003 |     2 | 479.0000000000000000 |     1.3669746959890251
              4 |     17141 |     1 | 421.5000000000000000 |     1.0086478606854425 |              4 |     17141 |     2 | 533.0000000000000000 |     1.0533635727244259
              4 |     17181 |     1 | 360.0000000000000000 |     1.1279032041181917 |              4 |     17181 |     2 | 105.5000000000000000 |     1.1926189749105687
              4 |     17193 |     1 | 360.7500000000000000 |     1.0496155339229854 |              4 |     17193 |     2 | 160.5000000000000000 | 1.00292175142402492212
              4 |     17283 |     1 | 388.7500000000000000 |     1.0455600200319228 |              4 |     17283 |     2 | 345.2500000000000000 |     1.1955070640072035
              4 |     17377 |     1 | 376.6666666666666667 |     1.0610183993957018 |              4 |     17377 |     2 | 349.5000000000000000 |     1.0104762122269442
              4 |     17455 |     1 | 348.7500000000000000 |     1.1415340906331986 |              4 |     17455 |     2 | 318.0000000000000000 |     1.4458001020004654
              4 |     17479 |     1 | 360.7500000000000000 |     1.0111324210549882 |              4 |     17479 |     2 | 341.5000000000000000 |     1.1356645091111625
              4 |     17633 |     1 | 457.7500000000000000 |     1.0900561347304730 |              4 |     17633 |     2 | 445.0000000000000000 |     1.1726849539678022
              4 |     17677 |     1 | 316.0000000000000000 |     1.0854415002879968 |              4 |     17677 |     2 | 272.7500000000000000 |     1.4266098885043190
              4 |     17685 |     1 | 264.5000000000000000 |     1.1057572429385595 |              4 |     17685 |     2 | 416.0000000000000000 |     1.0387313796492572
              4 |     17781 |     1 | 190.2500000000000000 |     1.1220106490682891 |              4 |     17781 |     2 | 329.7500000000000000 |     1.2690514998619378
              4 |     17787 |     1 | 256.3333333333333333 |     1.3086803362148661 |              4 |     17787 |     2 | 275.2500000000000000 |     1.0514238588602035
              4 |     17811 |     1 | 286.7500000000000000 |     1.0894795229248684 |              4 |     17811 |     2 | 325.0000000000000000 |     1.0814031355684892
              4 |     17829 |     1 | 358.3333333333333333 |     1.1423479279686837 |              4 |     17829 |     2 | 403.2500000000000000 |     1.0364915310005555
              4 |     17853 |     1 | 305.7500000000000000 |     1.0586907159262404 |              4 |     17853 |     2 | 292.2500000000000000 |     1.2096905351417690
              4 |     17971 |     1 | 231.7500000000000000 |     1.5721800931965264 |              4 |     17971 |     2 | 375.0000000000000000 |     1.2107900084013093
              5 |       451 |     1 |  29.0000000000000000 |     1.0362054621597737 |              5 |       451 |     2 | 359.7500000000000000 |     1.1118516905411591
              5 |       577 |     1 | 160.0000000000000000 |     1.0788086600505188 |              5 |       577 |     2 | 272.2500000000000000 |     1.3868526485528742
              5 |       633 |     1 | 358.5000000000000000 |     1.0800479595983264 |              5 |       633 |     2 | 299.2500000000000000 |     1.1043097679672715
              5 |       639 |     1 | 437.2500000000000000 |     1.0711894971627444 |              5 |       639 |     2 | 402.0000000000000000 |     1.0599603386792114
              5 |       669 |     1 | 272.0000000000000000 |     1.0536664647938382 |              5 |       669 |     2 | 185.0000000000000000 |     1.1729190007095405
              5 |       759 |     1 | 294.7500000000000000 |     1.5259367211270466 |              5 |       759 |     2 | 347.7500000000000000 |     1.1684361178684860
              5 |       919 |     1 | 288.0000000000000000 |     1.4066200359057604 |              5 |       919 |     2 | 216.2500000000000000 |     1.0472423077572023
              5 |      1029 |     1 | 297.0000000000000000 |     1.2830064889138283 |              5 |      1029 |     2 | 318.7500000000000000 |     1.3482785622336941
              5 |      1083 |     1 | 320.3333333333333333 |     1.2924351642765047 |              5 |      1083 |     2 | 275.5000000000000000 |     1.0155752937273176
              5 |      1145 |     1 | 314.7500000000000000 |     1.2773974170668626 |              5 |      1145 |     2 | 233.5000000000000000 |     1.3233647253898116
              5 |      1155 |     1 | 331.0000000000000000 |     1.1622771794465468 |              5 |      1155 |     2 | 330.5000000000000000 |     1.1447470902316278
              5 |      1157 |     1 | 245.5000000000000000 |     1.4191082028375153 |              5 |      1157 |     2 | 190.0000000000000000 |     1.3397812696166158
              5 |      1205 |     1 | 463.7500000000000000 |     1.1191663763237801 |              5 |      1205 |     2 | 485.5000000000000000 |     1.2685684993068651
              5 |      1471 |     1 | 285.0000000000000000 |     1.1209890252755123 |              5 |      1471 |     2 | 347.0000000000000000 |     1.1308978157125389
              5 |      1497 |     1 | 276.5000000000000000 |     1.3025834153813888 |              5 |      1497 |     2 | 298.5000000000000000 |     1.3598437968268710
              5 |      1729 |     1 | 388.2500000000000000 |     1.1444945098161108 |              5 |      1729 |     2 | 288.0000000000000000 |     1.5130312087944549
              5 |      1927 |     1 | 356.3333333333333333 |     1.2125861596076324 |              5 |      1927 |     2 | 292.5000000000000000 |     1.3001480610458906
              5 |      1951 |     1 | 309.2500000000000000 |     1.4557904441875990 |              5 |      1951 |     2 | 292.0000000000000000 |     1.2534464903156301
              5 |      2049 |     1 | 206.5000000000000000 |     1.3081545637114286 |              5 |      2049 |     2 | 254.2500000000000000 |     1.6343287224049282
              5 |      2127 |     1 | 353.0000000000000000 |     1.5103906260798895 |              5 |      2127 |     2 | 281.5000000000000000 |     1.2595091644032398
              5 |      2147 |     1 | 205.5000000000000000 |     1.0823541105254550 |              5 |      2147 |     2 | 382.0000000000000000 |     1.0699154961409005
              5 |      2261 |     1 | 458.5000000000000000 |     1.0540986957441134 |              5 |      2261 |     2 | 346.0000000000000000 |     1.3529037258540289
              5 |      2463 |     1 | 223.0000000000000000 |     1.2205934258302108 |              5 |      2463 |     2 | 193.0000000000000000 |     1.1397000930085233
              5 |      2467 |     1 | 391.3333333333333333 |     1.2075351692910179 |              5 |      2467 |     2 | 341.2500000000000000 |     1.2102442888760821
              5 |      2593 |     1 | 365.0000000000000000 | 1.00029269501431780822 |              5 |      2593 |     2 |  70.2500000000000000 |     1.0977402737551760
              5 |      2781 |     1 | 223.0000000000000000 |     1.5744104475287982 |              5 |      2781 |     2 | 361.0000000000000000 |     1.0119287097063102
              5 |      3067 |     1 | 314.0000000000000000 |     1.1406476768942166 |              5 |      3067 |     2 | 315.0000000000000000 |     1.3234224752341873
              5 |      3281 |     1 | 320.0000000000000000 |     1.0039797111578844 |              5 |      3281 |     2 | 554.0000000000000000 |     1.0261982889422094
              5 |      3489 |     1 | 377.0000000000000000 |     1.0567787062339204 |              5 |      3489 |     2 | 275.2500000000000000 |     1.6838662237350191
              5 |      3933 |     1 | 300.7500000000000000 |     1.1811185696682627 |              5 |      3933 |     2 | 258.5000000000000000 |     1.0874673061407544
              5 |      3989 |     1 | 430.0000000000000000 |     1.1775091731674349 |              5 |      3989 |     2 | 511.0000000000000000 |     1.0184551682060646
              5 |      4183 |     1 | 387.0000000000000000 |     1.0804371231160362 |              5 |      4183 |     2 | 389.7500000000000000 |     1.0137231979002309
              5 |      4185 |     1 | 288.0000000000000000 |     1.4177243918095243 |              5 |      4185 |     2 | 262.2500000000000000 |     1.5344065729383451
              5 |      4347 |     1 | 323.2500000000000000 |     1.0365892609515422 |              5 |      4347 |     2 | 240.7500000000000000 |     1.4091606842744631
              5 |      4399 |     1 | 204.7500000000000000 |     1.0710002077337534 |              5 |      4399 |     2 | 297.7500000000000000 |     1.1550399432560067
              5 |      4505 |     1 | 307.6666666666666667 |     1.1688343368347129 |              5 |      4505 |     2 | 243.5000000000000000 |     1.3154799666427351
              5 |      4567 |     1 | 365.3333333333333333 |     1.1433264517857427 |              5 |      4567 |     2 | 331.2500000000000000 |     1.0101361690879487
              5 |      4599 |     1 | 284.0000000000000000 |     1.4126141514902606 |              5 |      4599 |     2 | 265.7500000000000000 |     1.4340860269730461
              5 |      4733 |     1 | 266.0000000000000000 |     1.4662971472211805 |              5 |      4733 |     2 | 482.0000000000000000 |     1.0239845088552075
              5 |      4793 |     1 | 386.0000000000000000 |     1.0897686177126839 |              5 |      4793 |     2 | 355.5000000000000000 |     1.2590677707203516
              5 |      4831 |     1 | 328.0000000000000000 |     1.2522176936500701 |              5 |      4831 |     2 | 285.3333333333333333 |     1.3288411470969112
              5 |      4887 |     1 | 348.7500000000000000 |     1.0086083492569319 |              5 |      4887 |     2 | 281.7500000000000000 |     1.2328316858183957
              5 |      4893 |     1 | 374.2500000000000000 |     1.0859356832739212 |              5 |      4893 |     2 | 350.2500000000000000 |     1.0274918789478601
              5 |      4985 |     1 | 414.5000000000000000 |     1.2913868114794113 |              5 |      4985 |     2 | 426.0000000000000000 |     1.3378593090055329
              5 |      5083 |     1 | 375.0000000000000000 |     1.0269609967710027 |              5 |      5083 |     2 | 310.3333333333333333 |     1.4697316197415811
              5 |      5091 |     1 | 348.7500000000000000 |     1.2399267771716817 |              5 |      5091 |     2 | 372.5000000000000000 |     1.1553411386058067
              5 |      5247 |     1 | 173.5000000000000000 |     1.0053796447689222 |              5 |      5247 |     2 | 173.7500000000000000 |     1.1326132741909698
              5 |      5577 |     1 | 279.0000000000000000 |     1.3130841208729427 |              5 |      5577 |     2 | 213.7500000000000000 |     1.2329201548003977
              5 |      5579 |     1 | 279.0000000000000000 |     1.3298247795886667 |              5 |      5579 |     2 | 193.5000000000000000 |     1.0195493124085116
              5 |      5743 |     1 | 384.3333333333333333 |     1.2777629396354571 |              5 |      5743 |     2 |  77.0000000000000000 |     1.1699850004732684
              5 |      5759 |     1 | 176.6666666666666667 |     1.0321823958961925 |              5 |      5759 |     2 | 542.0000000000000000 |     1.0306537954564077
              5 |      5869 |     1 | 353.6666666666666667 |     1.4003863149541640 |              5 |      5869 |     2 | 288.0000000000000000 |     1.3220050081268021
              5 |      5899 |     1 | 283.2500000000000000 |     1.0860725641602436 |              5 |      5899 |     2 | 357.2500000000000000 |     1.1726607961806046
              5 |      5927 |     1 | 297.7500000000000000 |     1.1577938180607490 |              5 |      5927 |     2 | 128.0000000000000000 |     1.1048543456039844
              5 |      6031 |     1 | 325.2500000000000000 |     1.3074317783158955 |              5 |      6031 |     2 | 295.6666666666666667 |     1.3442963647240214
              5 |      6093 |     1 | 216.5000000000000000 |     1.4342303435333533 |              5 |      6093 |     2 | 364.0000000000000000 |     1.0636942594558462
              5 |      6219 |     1 | 435.2500000000000000 |     1.0494631792105985 |              5 |      6219 |     2 | 195.0000000000000000 |     1.2170315935206615
              5 |      6229 |     1 | 292.2500000000000000 |     1.3510132241092387 |              5 |      6229 |     2 | 194.0000000000000000 |     1.3798844875032680
              5 |      6291 |     1 | 319.5000000000000000 |     1.0402056449069703 |              5 |      6291 |     2 | 185.0000000000000000 |     1.0744798459588757
              5 |      6295 |     1 | 194.2500000000000000 |     1.0579985583528855 |              5 |      6295 |     2 | 215.7500000000000000 |     1.1539638565712167
              5 |      6309 |     1 | 312.3333333333333333 |     1.1702244845221025 |              5 |      6309 |     2 | 302.5000000000000000 |     1.0989088104712331
              5 |      6349 |     1 | 272.6666666666666667 |     1.5463136671328692 |              5 |      6349 |     2 | 210.7500000000000000 |     1.4003838821349324
              5 |      6419 |     1 | 391.0000000000000000 |     1.0563186204629565 |              5 |      6419 |     2 | 559.5000000000000000 |     1.0906758751813959
              5 |      6471 |     1 | 232.3333333333333333 |     1.0092713809182869 |              5 |      6471 |     2 | 177.5000000000000000 |     1.2450959145946817
              5 |      6519 |     1 | 313.5000000000000000 |     1.0652013189247113 |              5 |      6519 |     2 | 244.5000000000000000 |     1.3191203862437628
              5 |      6677 |     1 | 160.7500000000000000 |     1.1309431461414184 |              5 |      6677 |     2 | 374.5000000000000000 |     1.1536508499465447
              5 |      6697 |     1 | 409.2500000000000000 |     1.0285927930197679 |              5 |      6697 |     2 | 335.2500000000000000 |     1.2590480594772767
              5 |      6725 |     1 | 394.2500000000000000 |     1.0140420764381585 |              5 |      6725 |     2 | 344.5000000000000000 |     1.1884320066966938
              5 |      6897 |     1 | 410.0000000000000000 |     1.1212431487823049 |              5 |      6897 |     2 | 341.2500000000000000 |     1.1860504943160821
              5 |      6985 |     1 | 304.7500000000000000 |     1.3658901722711698 |              5 |      6985 |     2 | 346.2500000000000000 |     1.2656441787896924
              5 |      7057 |     1 | 285.0000000000000000 |     1.0508249603826947 |              5 |      7057 |     2 | 202.2500000000000000 |     1.2887688782959456
              5 |      7073 |     1 | 425.6666666666666667 |     1.1347085153861793 |              5 |      7073 |     2 | 355.5000000000000000 |     1.1476810485081238
              5 |      7083 |     1 | 501.7500000000000000 |     1.0139753692919980 |              5 |      7083 |     2 | 455.2500000000000000 |     1.0415496870270313
              5 |      7129 |     1 | 368.7500000000000000 |     1.0618773068144786 |              5 |      7129 |     2 | 362.7500000000000000 |     1.0611242667494142
              5 |      7429 |     1 | 382.3333333333333333 |     1.2115028993440227 |              5 |      7429 |     2 | 337.2500000000000000 |     1.0716344022659274
              5 |      7579 |     1 | 315.0000000000000000 |     1.1687427089014571 |              5 |      7579 |     2 | 294.5000000000000000 |     1.2609546234869406
              5 |      7683 |     1 | 292.5000000000000000 |     1.1714961144102701 |              5 |      7683 |     2 | 356.7500000000000000 |     1.0242764226626854
              5 |      7727 |     1 | 354.2500000000000000 |     1.2181252137469499 |              5 |      7727 |     2 | 338.0000000000000000 |     1.1464334795568876
              5 |      7791 |     1 | 334.7500000000000000 |     1.1916494281794742 |              5 |      7791 |     2 | 290.7500000000000000 |     1.1724754016362786
              5 |      7921 |     1 | 391.0000000000000000 |     1.0577975433677391 |              5 |      7921 |     2 | 256.5000000000000000 |     1.0250890965749864
              5 |      7933 |     1 | 315.7500000000000000 |     1.1392664737972985 |              5 |      7933 |     2 | 410.2500000000000000 |     1.1407702116848385
              5 |      7965 |     1 | 395.5000000000000000 |     1.0068599040031125 |              5 |      7965 |     2 | 332.2500000000000000 |     1.2774798308177878
              5 |      8133 |     1 | 290.2500000000000000 |     1.2984045931510388 |              5 |      8133 |     2 | 249.7500000000000000 |     1.6041333842873714
              5 |      8233 |     1 | 270.7500000000000000 |     1.2341350345594164 |              5 |      8233 |     2 | 350.2500000000000000 |     1.0987398202955118
              5 |      8269 |     1 | 441.6666666666666667 |     1.0851811955277758 |              5 |      8269 |     2 | 323.2500000000000000 |     1.3234847705359041
              5 |      8281 |     1 | 188.5000000000000000 |     1.1863418083471830 |              5 |      8281 |     2 | 205.0000000000000000 |     1.2786134171335463
              5 |      8397 |     1 | 414.5000000000000000 |     1.1617363522027479 |              5 |      8397 |     2 | 332.7500000000000000 |     1.1679221807946236
              5 |      8407 |     1 | 258.0000000000000000 | 1.00020279176874031008 |              5 |      8407 |     2 | 294.2500000000000000 |     1.0438833903863381
              5 |      8457 |     1 | 363.0000000000000000 |     1.1205790782329917 |              5 |      8457 |     2 | 229.5000000000000000 |     1.2601685861014074
              5 |      8527 |     1 | 407.3333333333333333 |     1.0434620159081244 |              5 |      8527 |     2 | 287.7500000000000000 |     1.3845658186858697
              5 |      8569 |     1 | 331.5000000000000000 |     1.2869559864605671 |              5 |      8569 |     2 | 253.2500000000000000 |     1.0414324675728292
              5 |      8615 |     1 | 285.7500000000000000 |     1.2157286732742712 |              5 |      8615 |     2 | 238.0000000000000000 |     1.1111677990074328
              5 |      8801 |     1 | 333.5000000000000000 |     1.1009725502520270 |              5 |      8801 |     2 | 281.5000000000000000 |     1.0776156629805648
              5 |      8947 |     1 | 337.0000000000000000 |     1.1475894277894421 |              5 |      8947 |     2 | 165.5000000000000000 |     1.2927360299175347
              5 |      8967 |     1 | 212.0000000000000000 |     1.1286176226793491 |              5 |      8967 |     2 | 235.0000000000000000 |     1.4508703932963660
              5 |      9095 |     1 | 452.5000000000000000 |     1.0148540167708155 |              5 |      9095 |     2 | 217.5000000000000000 |     1.0110814204552460
              5 |      9149 |     1 | 236.2500000000000000 |     1.1571353169720508 |              5 |      9149 |     2 | 522.0000000000000000 |     1.2381141724224215
              5 |      9191 |     1 | 167.6666666666666667 |     1.3268244294296183 |              5 |      9191 |     2 | 499.5000000000000000 |     1.1877128917227487
              5 |      9307 |     1 | 325.2500000000000000 |     1.2964342823274466 |              5 |      9307 |     2 | 353.2500000000000000 |     1.1693923961459958
              5 |      9337 |     1 | 425.7500000000000000 |     1.1294956711097686 |              5 |      9337 |     2 | 312.0000000000000000 |     1.1510679992510641
              5 |      9435 |     1 | 302.0000000000000000 |     1.0064264361135762 |              5 |      9435 |     2 | 304.7500000000000000 |     1.0790742001433536
              5 |      9531 |     1 | 106.0000000000000000 |     1.0449151317736132 |              5 |      9531 |     2 | 480.7500000000000000 |     1.0548098642541134
              5 |      9597 |     1 | 287.2500000000000000 |     1.0221138271828233 |              5 |      9597 |     2 | 209.2500000000000000 |     1.5177401536585854
              5 |      9601 |     1 | 330.7500000000000000 |     1.0149498949221980 |              5 |      9601 |     2 | 206.7500000000000000 |     1.1931765149320677
              5 |      9607 |     1 | 310.5000000000000000 |     1.1139857172583478 |              5 |      9607 |     2 | 277.5000000000000000 |     1.0539395743894919
              5 |      9659 |     1 | 510.0000000000000000 |     1.0095240426914118 |              5 |      9659 |     2 | 505.5000000000000000 |     1.2379614270031553
              5 |      9743 |     1 | 416.7500000000000000 |     1.0521238947222292 |              5 |      9743 |     2 | 136.0000000000000000 |     1.0710588009149191
              5 |     10419 |     1 | 244.0000000000000000 |     1.1128237867853852 |              5 |     10419 |     2 | 269.0000000000000000 |     1.5031249646399517
              5 |     10453 |     1 | 402.2500000000000000 |     1.0342750970680696 |              5 |     10453 |     2 | 205.0000000000000000 |     1.0779052989166000
              5 |     10509 |     1 | 331.3333333333333333 |     1.1350389338228873 |              5 |     10509 |     2 | 336.0000000000000000 |     1.1723294501794821
              5 |     10603 |     1 | 344.5000000000000000 |     1.2479145979653120 |              5 |     10603 |     2 | 323.5000000000000000 |     1.0042340571147172
              5 |     10813 |     1 | 377.3333333333333333 |     1.1373746097413507 |              5 |     10813 |     2 | 342.5000000000000000 |     1.0033166446054569
              5 |     10873 |     1 | 299.7500000000000000 |     1.2421737349454245 |              5 |     10873 |     2 | 343.5000000000000000 |     1.0442881431840146
              5 |     11079 |     1 | 320.3333333333333333 |     1.0506448990498814 |              5 |     11079 |     2 | 374.7500000000000000 |     1.1666517843014703
              5 |     11111 |     1 | 179.0000000000000000 |     1.5617697881758045 |              5 |     11111 |     2 | 548.5000000000000000 |     1.0480908169638341
              5 |     11113 |     1 | 326.3333333333333333 |     1.1271871280291706 |              5 |     11113 |     2 | 268.0000000000000000 |     1.2293704986596493
              5 |     11163 |     1 | 292.0000000000000000 |     1.0528134750150205 |              5 |     11163 |     2 |  58.7500000000000000 |     1.3281232141894100
              5 |     11329 |     1 | 349.2500000000000000 |     1.1449901124210222 |              5 |     11329 |     2 | 308.2500000000000000 |     1.0973708550917567
              5 |     11621 |     1 | 251.6666666666666667 |     1.1096010185738623 |              5 |     11621 |     2 | 382.5000000000000000 |     1.2071653022609569
              5 |     11677 |     1 | 211.5000000000000000 |     1.0610804153774515 |              5 |     11677 |     2 | 231.7500000000000000 |     1.3353374617631758
              5 |     11695 |     1 | 380.2500000000000000 |     1.0220436809208258 |              5 |     11695 |     2 | 245.0000000000000000 |     1.5112774269920000
              5 |     11787 |     1 | 300.2500000000000000 |     1.1680191735555171 |              5 |     11787 |     2 | 293.0000000000000000 |     1.3115545534348771
              5 |     11963 |     1 | 136.0000000000000000 |     1.2557681217278382 |              5 |     11963 |     2 | 173.0000000000000000 |     1.3161178239425896
              5 |     12063 |     1 | 382.5000000000000000 |     1.0829158756262379 |              5 |     12063 |     2 | 257.2500000000000000 |     1.0948507082400039
              5 |     12105 |     1 | 380.0000000000000000 |     1.1294042751028079 |              5 |     12105 |     2 | 370.3333333333333333 |     1.1944516602552772
              5 |     12325 |     1 | 311.3333333333333333 |     1.0941550327984722 |              5 |     12325 |     2 | 213.5000000000000000 |     1.1314521597254895
              5 |     12327 |     1 | 417.5000000000000000 |     1.0836243335437892 |              5 |     12327 |     2 | 367.0000000000000000 |     1.0990219257716594
              5 |     12347 |     1 | 386.2500000000000000 |     1.0095214607945243 |              5 |     12347 |     2 | 235.0000000000000000 |     1.2998728913727191
              5 |     12455 |     1 | 355.0000000000000000 |     1.0778001257910451 |              5 |     12455 |     2 | 360.0000000000000000 |     1.0213764617139028
              5 |     12559 |     1 | 366.0000000000000000 |     1.0437897531505984 |              5 |     12559 |     2 | 161.0000000000000000 |     1.1480550621729317
              5 |     12587 |     1 | 315.6666666666666667 |     1.5660455945128733 |              5 |     12587 |     2 | 518.5000000000000000 |     1.0514548279553095
              5 |     12637 |     1 | 315.7500000000000000 |     1.0011504179772003 |              5 |     12637 |     2 | 350.2500000000000000 |     1.1319357191459586
              5 |     12719 |     1 | 458.5000000000000000 |     1.0993816005923250 |              5 |     12719 |     2 | 410.0000000000000000 |     1.1210229457835512
              5 |     12813 |     1 | 232.3333333333333333 |     1.0588701859522554 |              5 |     12813 |     2 | 398.7500000000000000 |     1.1703807270886721
              5 |     12877 |     1 | 230.6666666666666667 |     1.0548707331662645 |              5 |     12877 |     2 | 139.2500000000000000 |     1.0124633346569767
              5 |     13015 |     1 | 373.0000000000000000 |     1.0313774320357399 |              5 |     13015 |     2 | 458.7500000000000000 |     1.0276665404278910
              5 |     13057 |     1 | 157.3333333333333333 |     1.4095321627546144 |              5 |     13057 |     2 |  41.2500000000000000 |     1.1428059807517080
              5 |     13191 |     1 | 261.0000000000000000 |     1.4903869826307969 |              5 |     13191 |     2 | 309.7500000000000000 |     1.4552512463155448
              5 |     13207 |     1 | 277.2500000000000000 |     1.0823859831192498 |              5 |     13207 |     2 | 333.5000000000000000 |     1.2374802058622129
              5 |     13415 |     1 | 400.7500000000000000 |     1.0055316532693100 |              5 |     13415 |     2 | 189.0000000000000000 |     1.2421134992271640
              5 |     13491 |     1 | 227.0000000000000000 |     1.0466426364699559 |              5 |     13491 |     2 |  19.5000000000000000 |     1.4142135623730951
              5 |     13801 |     1 | 322.5000000000000000 |     1.2811105792424868 |              5 |     13801 |     2 | 288.2500000000000000 |     1.5191535515966141
              5 |     13821 |     1 | 420.0000000000000000 |     1.0503022996427833 |              5 |     13821 |     2 | 332.2500000000000000 |     1.0731841840129120
              5 |     13861 |     1 | 517.5000000000000000 |     1.2229189742260097 |              5 |     13861 |     2 | 206.7500000000000000 |     1.1303840548270665
              5 |     14039 |     1 | 269.2500000000000000 |     1.5212571300141244 |              5 |     14039 |     2 | 410.5000000000000000 |     1.2832997612277174
              5 |     14121 |     1 | 103.7500000000000000 |     1.1644281727389783 |              5 |     14121 |     2 | 331.5000000000000000 |     1.2459885226763710
              5 |     14335 |     1 | 423.0000000000000000 |     1.0126797937593168 |              5 |     14335 |     2 | 252.0000000000000000 |     1.0430697277948770
              5 |     14493 |     1 | 463.2500000000000000 |     1.0715696855712941 |              5 |     14493 |     2 | 284.2500000000000000 |     1.2006068468108672
              5 |     14565 |     1 | 356.2500000000000000 |     1.1535359390214681 |              5 |     14565 |     2 | 221.0000000000000000 |     1.3908464963858552
              5 |     14649 |     1 | 415.0000000000000000 |     1.1811580216160193 |              5 |     14649 |     2 | 315.7500000000000000 |     1.3917582412931085
              5 |     14967 |     1 | 352.3333333333333333 |     1.5099773433937294 |              5 |     14967 |     2 | 269.2500000000000000 |     1.1703363971882934
              5 |     14995 |     1 | 328.0000000000000000 |     1.0132506251013567 |              5 |     14995 |     2 | 155.7500000000000000 |     1.1666489686855281
              5 |     15013 |     1 | 304.5000000000000000 |     1.1443110871741084 |              5 |     15013 |     2 | 297.2500000000000000 |     1.1145258064848343
              5 |     15091 |     1 | 445.7500000000000000 |     1.0251285176990107 |              5 |     15091 |     2 | 319.7500000000000000 |     1.0373165006148710
              5 |     15103 |     1 | 374.6666666666666667 |     1.0942941150290925 |              5 |     15103 |     2 | 356.2500000000000000 |     1.0032522470964070
              5 |     15199 |     1 | 247.0000000000000000 |     1.2086314318668704 |              5 |     15199 |     2 | 394.5000000000000000 |     1.0326381443045019
              5 |     15255 |     1 | 158.7500000000000000 |     1.1718045227703370 |              5 |     15255 |     2 | 293.7500000000000000 |     1.4160675767499370
              5 |     15337 |     1 | 250.5000000000000000 |     1.1404153959746707 |              5 |     15337 |     2 | 269.3333333333333333 |     1.1606053977242005
              5 |     15805 |     1 | 110.2500000000000000 |     1.0373862595105578 |              5 |     15805 |     2 | 264.7500000000000000 |     1.7161181877345987
              5 |     15821 |     1 | 422.5000000000000000 |     1.0907339917385302 |              5 |     15821 |     2 | 514.0000000000000000 |     1.3124121969882607
              5 |     15923 |     1 | 282.2500000000000000 |     1.0722054902196315 |              5 |     15923 |     2 | 476.5000000000000000 |     1.2064592090339203
              5 |     16017 |     1 | 356.5000000000000000 |     1.2066809103436381 |              5 |     16017 |     2 | 386.2500000000000000 |     1.1380231175510835
              5 |     16077 |     1 | 228.7500000000000000 |     1.0408924322669377 |              5 |     16077 |     2 | 417.0000000000000000 |     1.1010197967407122
              5 |     16107 |     1 | 359.2500000000000000 |     1.1179619583321587 |              5 |     16107 |     2 | 333.7500000000000000 |     1.3069587705660165
              5 |     16225 |     1 | 384.2500000000000000 |     1.1175214954227326 |              5 |     16225 |     2 | 292.5000000000000000 |     1.0260227209982598
              5 |     16253 |     1 | 331.7500000000000000 |     1.0999201262082411 |              5 |     16253 |     2 | 370.0000000000000000 |     1.3683471765664000
              5 |     16263 |     1 | 438.0000000000000000 |     1.1143587470423219 |              5 |     16263 |     2 | 220.0000000000000000 |     1.4664052484279636
              5 |     16453 |     1 | 346.7500000000000000 |     1.0069346046836510 |              5 |     16453 |     2 | 316.5000000000000000 |     1.2298555369857093
              5 |     16657 |     1 | 353.2500000000000000 |     1.1602353123808634 |              5 |     16657 |     2 | 332.7500000000000000 |     1.3070456408240872
              5 |     17273 |     1 | 357.0000000000000000 |     1.0735346649947031 |              5 |     17273 |     2 | 282.0000000000000000 |     1.0631676426350922
              5 |     17737 |     1 | 368.2500000000000000 |     1.1021403253490048 |              5 |     17737 |     2 | 263.0000000000000000 |     1.1695667507909506
(848 rows)

with inv as
(select w_warehouse_name,w_warehouse_sk,i_item_sk,d_moy
       ,stdev,mean, case mean when 0 then null else stdev/mean end cov
 from(select w_warehouse_name,w_warehouse_sk,i_item_sk,d_moy
            ,stddev_samp(inv_quantity_on_hand) stdev,avg(inv_quantity_on_hand) mean
      from inventory
          ,item
          ,warehouse
          ,date_dim
      where inv_item_sk = i_item_sk
        and inv_warehouse_sk = w_warehouse_sk
        and inv_date_sk = d_date_sk
        and d_year =2001
      group by w_warehouse_name,w_warehouse_sk,i_item_sk,d_moy) foo
 where case mean when 0 then 0 else stdev/mean end > 1)
select inv1.w_warehouse_sk,inv1.i_item_sk,inv1.d_moy,inv1.mean, inv1.cov
        ,inv2.w_warehouse_sk,inv2.i_item_sk,inv2.d_moy,inv2.mean, inv2.cov
from inv inv1,inv inv2
where inv1.i_item_sk = inv2.i_item_sk
  and inv1.w_warehouse_sk =  inv2.w_warehouse_sk
  and inv1.d_moy=1
  and inv2.d_moy=1+1
  and inv1.cov > 1.5
order by inv1.w_warehouse_sk,inv1.i_item_sk,inv1.d_moy,inv1.mean,inv1.cov
        ,inv2.d_moy,inv2.mean, inv2.cov
;
psql:/tmp/s1-basline/throughput/query_7.sql:240: NOTICE:  duration: 2560.686 ms  plan:
Query Text: with inv as
(select w_warehouse_name,w_warehouse_sk,i_item_sk,d_moy
       ,stdev,mean, case mean when 0 then null else stdev/mean end cov
 from(select w_warehouse_name,w_warehouse_sk,i_item_sk,d_moy
            ,stddev_samp(inv_quantity_on_hand) stdev,avg(inv_quantity_on_hand) mean
      from inventory
          ,item
          ,warehouse
          ,date_dim
      where inv_item_sk = i_item_sk
        and inv_warehouse_sk = w_warehouse_sk
        and inv_date_sk = d_date_sk
        and d_year =2001
      group by w_warehouse_name,w_warehouse_sk,i_item_sk,d_moy) foo
 where case mean when 0 then 0 else stdev/mean end > 1)
select inv1.w_warehouse_sk,inv1.i_item_sk,inv1.d_moy,inv1.mean, inv1.cov
        ,inv2.w_warehouse_sk,inv2.i_item_sk,inv2.d_moy,inv2.mean, inv2.cov
from inv inv1,inv inv2
where inv1.i_item_sk = inv2.i_item_sk
  and inv1.w_warehouse_sk =  inv2.w_warehouse_sk
  and inv1.d_moy=1
  and inv2.d_moy=1+1
  and inv1.cov > 1.5
order by inv1.w_warehouse_sk,inv1.i_item_sk,inv1.d_moy,inv1.mean,inv1.cov
        ,inv2.d_moy,inv2.mean, inv2.cov
;
Sort  (cost=156216.49..156216.49 rows=1 width=168) (actual time=2560.474..2560.644 rows=38 loops=1)
  Sort Key: inv1.w_warehouse_sk, inv1.i_item_sk, inv1.mean, inv1.cov, inv2.mean, inv2.cov
  Sort Method: quicksort  Memory: 29kB
  CTE inv
    ->  Subquery Scan on foo  (cost=153633.23..155271.02 rows=19852 width=130) (actual time=1088.887..2521.573 rows=62975 loops=1)
          ->  HashAggregate  (cost=153633.23..154973.24 rows=19852 width=98) (actual time=1088.885..2503.488 rows=62975 loops=1)
                Group Key: warehouse.w_warehouse_name, warehouse.w_warehouse_sk, item.i_item_sk, date_dim.d_moy
                Filter: (CASE avg(inventory.inv_quantity_on_hand) WHEN '0'::numeric THEN '0'::numeric ELSE (stddev_samp(inventory.inv_quantity_on_hand) / avg(inventory.inv_quantity_on_hand)) END > '1'::numeric)
                Batches: 21  Memory Usage: 34865kB  Disk Usage: 118544kB
                Rows Removed by Filter: 522025
                ->  Gather  (cost=3870.75..152739.89 rows=59556 width=38) (actual time=19.439..385.478 rows=2340000 loops=1)
                      Workers Planned: 3
                      Workers Launched: 3
                      ->  Hash Join  (cost=2870.75..145784.29 rows=19212 width=38) (actual time=21.019..738.787 rows=585000 loops=4)
                            Hash Cond: (inventory.inv_warehouse_sk = warehouse.w_warehouse_sk)
                            ->  Hash Join  (cost=2869.64..145690.01 rows=19212 width=24) (actual time=20.802..604.868 rows=585000 loops=4)
                                  Hash Cond: (inventory.inv_item_sk = item.i_item_sk)
                                  ->  Hash Join  (cost=2322.65..145092.58 rows=19212 width=24) (actual time=16.381..510.040 rows=585000 loops=4)
                                        Hash Cond: (inventory.inv_date_sk = date_dim.d_date_sk)
                                        ->  Parallel Seq Scan on inventory  (cost=0.00..132620.86 rows=3866086 width=28) (actual time=0.020..212.797 rows=2936250 loops=4)
                                        ->  Hash  (cost=2318.11..2318.11 rows=363 width=12) (actual time=13.565..13.566 rows=365 loops=4)
                                              Buckets: 1024  Batches: 1  Memory Usage: 26kB
                                              ->  Seq Scan on date_dim  (cost=0.00..2318.11 rows=363 width=12) (actual time=6.471..13.510 rows=365 loops=4)
                                                    Filter: (d_year = 2001)
                                                    Rows Removed by Filter: 72684
                                  ->  Hash  (cost=321.99..321.99 rows=18000 width=8) (actual time=4.284..4.285 rows=18000 loops=4)
                                        Buckets: 32768  Batches: 1  Memory Usage: 960kB
                                        ->  Index Only Scan using pk_item on item  (cost=0.29..321.99 rows=18000 width=8) (actual time=0.075..2.030 rows=18000 loops=4)
                                              Heap Fetches: 0
                            ->  Hash  (cost=1.05..1.05 rows=5 width=22) (actual time=0.027..0.028 rows=5 loops=4)
                                  Buckets: 1024  Batches: 1  Memory Usage: 9kB
                                  ->  Seq Scan on warehouse  (cost=0.00..1.05 rows=5 width=22) (actual time=0.022..0.023 rows=5 loops=4)
  ->  Hash Join  (cost=448.15..945.45 rows=1 width=168) (actual time=2551.843..2560.452 rows=38 loops=1)
        Hash Cond: ((inv1.i_item_sk = inv2.i_item_sk) AND (inv1.w_warehouse_sk = inv2.w_warehouse_sk))
        ->  CTE Scan on inv inv1  (cost=0.00..496.30 rows=33 width=84) (actual time=1103.232..1111.815 rows=146 loops=1)
              Filter: ((cov > 1.5) AND (d_moy = 1))
              Rows Removed by Filter: 62829
        ->  Hash  (cost=446.67..446.67 rows=99 width=84) (actual time=1448.592..1448.593 rows=14376 loops=1)
              Buckets: 16384 (originally 1024)  Batches: 1 (originally 1)  Memory Usage: 1134kB
              ->  CTE Scan on inv inv2  (cost=0.00..446.67 rows=99 width=84) (actual time=0.002..1445.317 rows=14376 loops=1)
                    Filter: (d_moy = 2)
                    Rows Removed by Filter: 48599
 w_warehouse_sk | i_item_sk | d_moy |         mean         |        cov         | w_warehouse_sk | i_item_sk | d_moy |         mean         |          cov           
----------------+-----------+-------+----------------------+--------------------+----------------+-----------+-------+----------------------+------------------------
              1 |      3221 |     1 | 225.0000000000000000 | 1.6127332829625956 |              1 |      3221 |     2 | 487.0000000000000000 |     1.0425106137411520
              1 |      6331 |     1 | 300.6666666666666667 | 1.5450293994144080 |              1 |      6331 |     2 | 218.7500000000000000 |     1.1447838996381577
              1 |     11923 |     1 | 285.5000000000000000 | 1.5883154966180911 |              1 |     11923 |     2 | 297.7500000000000000 |     1.4621350820618304
              1 |     14643 |     1 | 261.7500000000000000 | 1.5690936343053677 |              1 |     14643 |     2 | 113.0000000000000000 | 1.00405110458464601770
              1 |     15159 |     1 | 327.0000000000000000 | 1.5899905747442141 |              1 |     15159 |     2 | 176.2500000000000000 |     1.1476278924466270
              1 |     15975 |     1 | 252.7500000000000000 | 1.6387095390526766 |              1 |     15975 |     2 | 372.5000000000000000 |     1.1030856912000242
              2 |       147 |     1 | 258.0000000000000000 | 1.5478370493298605 |              2 |       147 |     2 | 232.7500000000000000 |     1.1049849388713598
              2 |      1831 |     1 | 224.2500000000000000 | 1.5975879636036254 |              2 |      1831 |     2 | 277.5000000000000000 |     1.1112370677734631
              2 |      7035 |     1 | 255.7500000000000000 | 1.5992845070815523 |              2 |      7035 |     2 | 355.5000000000000000 | 1.00009000210187904360
              2 |     11433 |     1 |  97.0000000000000000 | 1.8295798573409278 |              2 |     11433 |     2 | 398.2500000000000000 |     1.0077687088227696
              2 |     15595 |     1 | 222.3333333333333333 | 1.5228480239765712 |              2 |     15595 |     2 | 127.2500000000000000 |     1.0063312531575010
              2 |     17971 |     1 | 217.5000000000000000 | 1.5241939854350115 |              2 |     17971 |     2 | 195.5000000000000000 |     1.3919091258653299
              3 |       531 |     1 | 216.5000000000000000 | 1.8100952081399769 |              3 |       531 |     2 | 230.5000000000000000 |     1.0405668024882993
              3 |      8943 |     1 | 329.0000000000000000 | 1.5744064721371064 |              3 |      8943 |     2 | 401.0000000000000000 |     1.2246115749465636
              3 |     10527 |     1 | 303.5000000000000000 | 1.5052781182905964 |              3 |     10527 |     2 | 171.0000000000000000 |     1.4028182186812749
              3 |     11295 |     1 | 285.7500000000000000 | 1.5230466534147997 |              3 |     11295 |     2 | 372.6666666666666667 |     1.3394157970206199
              3 |     11713 |     1 | 265.7500000000000000 | 1.5477191111508899 |              3 |     11713 |     2 | 350.5000000000000000 |     1.2088848307903623
              3 |     14193 |     1 | 165.2500000000000000 | 1.8107546086273101 |              3 |     14193 |     2 | 300.5000000000000000 |     1.1011355101371082
              3 |     14469 |     1 | 115.6666666666666667 | 1.6198862386668674 |              3 |     14469 |     2 | 372.7500000000000000 |     1.1199744011714393
              3 |     17981 |     1 | 271.7500000000000000 | 1.6549231984056596 |              3 |     17981 |     2 | 521.0000000000000000 |     1.1970598483810653
              4 |      1799 |     1 | 268.0000000000000000 | 1.5475765948724813 |              4 |      1799 |     2 | 384.0000000000000000 |     1.2779481930819375
              4 |      4005 |     1 | 208.2500000000000000 | 1.5732887191730324 |              4 |      4005 |     2 | 277.0000000000000000 |     1.1067283424076570
              4 |      6261 |     1 | 263.5000000000000000 | 1.6018402450510361 |              4 |      6261 |     2 | 344.0000000000000000 |     1.2099194348218779
              4 |      6679 |     1 | 273.0000000000000000 | 1.5718141783490659 |              4 |      6679 |     2 | 305.7500000000000000 |     1.4297284398930760
              4 |      7057 |     1 | 155.7500000000000000 | 1.5043762512392488 |              4 |      7057 |     2 | 260.2500000000000000 |     1.0654651522614909
              4 |      7319 |     1 | 195.0000000000000000 | 1.7096803191754974 |              4 |      7319 |     2 | 275.5000000000000000 |     1.2345494074436624
              4 |     13591 |     1 | 179.5000000000000000 | 1.7012331956659276 |              4 |     13591 |     2 | 310.5000000000000000 |     1.0232511367040580
              4 |     15355 |     1 | 238.3333333333333333 | 1.5434762517776098 |              4 |     15355 |     2 |  97.2500000000000000 |     1.2591363559116504
              4 |     16043 |     1 | 252.0000000000000000 | 1.5577052282865635 |              4 |     16043 |     2 | 240.5000000000000000 |     1.3318892801559501
              4 |     17971 |     1 | 231.7500000000000000 | 1.5721800931965264 |              4 |     17971 |     2 | 375.0000000000000000 |     1.2107900084013093
              5 |       759 |     1 | 294.7500000000000000 | 1.5259367211270466 |              5 |       759 |     2 | 347.7500000000000000 |     1.1684361178684860
              5 |      2127 |     1 | 353.0000000000000000 | 1.5103906260798895 |              5 |      2127 |     2 | 281.5000000000000000 |     1.2595091644032398
              5 |      2781 |     1 | 223.0000000000000000 | 1.5744104475287982 |              5 |      2781 |     2 | 361.0000000000000000 |     1.0119287097063102
              5 |      6349 |     1 | 272.6666666666666667 | 1.5463136671328692 |              5 |      6349 |     2 | 210.7500000000000000 |     1.4003838821349324
              5 |     11111 |     1 | 179.0000000000000000 | 1.5617697881758045 |              5 |     11111 |     2 | 548.5000000000000000 |     1.0480908169638341
              5 |     12587 |     1 | 315.6666666666666667 | 1.5660455945128733 |              5 |     12587 |     2 | 518.5000000000000000 |     1.0514548279553095
              5 |     14039 |     1 | 269.2500000000000000 | 1.5212571300141244 |              5 |     14039 |     2 | 410.5000000000000000 |     1.2832997612277174
              5 |     14967 |     1 | 352.3333333333333333 | 1.5099773433937294 |              5 |     14967 |     2 | 269.2500000000000000 |     1.1703363971882934
(38 rows)

UPDATE time_statistics SET e_time = TRANSACTION_TIMESTAMP() WHERE template = 'query39.tpl' AND stream = 7;
psql:/tmp/s1-basline/throughput/query_7.sql:242: NOTICE:  duration: 0.100 ms  plan:
Query Text: UPDATE time_statistics SET e_time = TRANSACTION_TIMESTAMP() WHERE template = 'query39.tpl' AND stream = 7;
Update on time_statistics  (cost=0.00..12.41 rows=0 width=0) (actual time=0.100..0.100 rows=0 loops=1)
  ->  Seq Scan on time_statistics  (cost=0.00..12.41 rows=1 width=14) (actual time=0.068..0.069 rows=1 loops=1)
        Filter: ((template = 'query39.tpl'::text) AND (stream = 7))
        Rows Removed by Filter: 443
UPDATE 1
LOAD 'auto_explain'; SET auto_explain.log_min_duration TO 0; SET auto_explain.log_analyze TO on; SET auto_explain.log_level TO notice; INSERT INTO time_statistics (template, s_time, stream, query, seed) VALUES ('query29.tpl', TRANSACTION_TIMESTAMP(), 7, 7, 466092308);
LOAD
SET
SET
SET
psql:/tmp/s1-basline/throughput/query_7.sql:243: NOTICE:  duration: 0.009 ms  plan:
Query Text: INSERT INTO time_statistics (template, s_time, stream, query, seed) VALUES ('query29.tpl', TRANSACTION_TIMESTAMP(), 7, 7, 466092308);
Insert on time_statistics  (cost=0.00..0.01 rows=0 width=0) (actual time=0.008..0.008 rows=0 loops=1)
  ->  Result  (cost=0.00..0.01 rows=1 width=64) (actual time=0.001..0.002 rows=1 loops=1)
INSERT 0 1
select   
     i_item_id
    ,i_item_desc
    ,s_store_id
    ,s_store_name
    ,stddev_samp(ss_quantity)        as store_sales_quantity
    ,stddev_samp(sr_return_quantity) as store_returns_quantity
    ,stddev_samp(cs_quantity)        as catalog_sales_quantity
 from
    store_sales
   ,store_returns
   ,catalog_sales
   ,date_dim             d1
   ,date_dim             d2
   ,date_dim             d3
   ,store
   ,item
 where
     d1.d_moy               = 4 
 and d1.d_year              = 2000
 and d1.d_date_sk           = ss_sold_date_sk
 and i_item_sk              = ss_item_sk
 and s_store_sk             = ss_store_sk
 and ss_customer_sk         = sr_customer_sk
 and ss_item_sk             = sr_item_sk
 and ss_ticket_number       = sr_ticket_number
 and sr_returned_date_sk    = d2.d_date_sk
 and d2.d_moy               between 4 and  4 + 3 
 and d2.d_year              = 2000
 and sr_customer_sk         = cs_bill_customer_sk
 and sr_item_sk             = cs_item_sk
 and cs_sold_date_sk        = d3.d_date_sk     
 and d3.d_year              in (2000,2000+1,2000+2)
 group by
    i_item_id
   ,i_item_desc
   ,s_store_id
   ,s_store_name
 order by
    i_item_id 
   ,i_item_desc
   ,s_store_id
   ,s_store_name
 limit 100;
psql:/tmp/s1-basline/throughput/query_7.sql:287: NOTICE:  duration: 1149.982 ms  plan:
Query Text: select   
     i_item_id
    ,i_item_desc
    ,s_store_id
    ,s_store_name
    ,stddev_samp(ss_quantity)        as store_sales_quantity
    ,stddev_samp(sr_return_quantity) as store_returns_quantity
    ,stddev_samp(cs_quantity)        as catalog_sales_quantity
 from
    store_sales
   ,store_returns
   ,catalog_sales
   ,date_dim             d1
   ,date_dim             d2
   ,date_dim             d3
   ,store
   ,item
 where
     d1.d_moy               = 4 
 and d1.d_year              = 2000
 and d1.d_date_sk           = ss_sold_date_sk
 and i_item_sk              = ss_item_sk
 and s_store_sk             = ss_store_sk
 and ss_customer_sk         = sr_customer_sk
 and ss_item_sk             = sr_item_sk
 and ss_ticket_number       = sr_ticket_number
 and sr_returned_date_sk    = d2.d_date_sk
 and d2.d_moy               between 4 and  4 + 3 
 and d2.d_year              = 2000
 and sr_customer_sk         = cs_bill_customer_sk
 and sr_item_sk             = cs_item_sk
 and cs_sold_date_sk        = d3.d_date_sk     
 and d3.d_year              in (2000,2000+1,2000+2)
 group by
    i_item_id
   ,i_item_desc
   ,s_store_id
   ,s_store_name
 order by
    i_item_id 
   ,i_item_desc
   ,s_store_id
   ,s_store_name
 limit 100;
Limit  (cost=10885.56..10885.60 rows=1 width=237) (actual time=1149.977..1149.980 rows=0 loops=1)
  ->  GroupAggregate  (cost=10885.56..10885.60 rows=1 width=237) (actual time=1149.976..1149.979 rows=0 loops=1)
        Group Key: item.i_item_id, item.i_item_desc, store.s_store_id, store.s_store_name
        ->  Sort  (cost=10885.56..10885.57 rows=1 width=153) (actual time=1149.975..1149.977 rows=0 loops=1)
              Sort Key: item.i_item_id, item.i_item_desc, store.s_store_id, store.s_store_name
              Sort Method: quicksort  Memory: 25kB
              ->  Nested Loop  (cost=2.15..10885.55 rows=1 width=153) (actual time=1149.967..1149.970 rows=0 loops=1)
                    ->  Nested Loop  (cost=1.86..10885.25 rows=1 width=58) (actual time=1149.967..1149.969 rows=0 loops=1)
                          Join Filter: (store_sales.ss_store_sk = store.s_store_sk)
                          ->  Nested Loop  (cost=1.86..10883.98 rows=1 width=44) (actual time=1149.967..1149.969 rows=0 loops=1)
                                ->  Nested Loop  (cost=1.57..10883.66 rows=1 width=52) (actual time=710.101..1149.944 rows=3 loops=1)
                                      ->  Nested Loop  (cost=1.28..10883.35 rows=1 width=60) (actual time=35.678..1149.859 rows=11 loops=1)
                                            ->  Nested Loop  (cost=0.85..10881.13 rows=1 width=56) (actual time=4.654..101.906 rows=11238 loops=1)
                                                  ->  Nested Loop  (cost=0.42..10515.16 rows=461 width=28) (actual time=4.630..29.204 rows=15487 loops=1)
                                                        ->  Seq Scan on date_dim d2  (cost=0.00..2683.36 rows=121 width=8) (actual time=4.605..9.370 rows=122 loops=1)
                                                              Filter: ((d_moy >= 4) AND (d_moy <= 7) AND (d_year = 2000))
                                                              Rows Removed by Filter: 72927
                                                        ->  Index Scan using i_sr_returned_date_sk on store_returns  (cost=0.42..63.33 rows=140 width=36) (actual time=0.004..0.139 rows=127 loops=122)
                                                              Index Cond: (sr_returned_date_sk = d2.d_date_sk)
                                                  ->  Index Scan using pk_store_sales on store_sales  (cost=0.43..0.78 rows=1 width=44) (actual time=0.004..0.004 rows=1 loops=15487)
                                                        Index Cond: ((ss_item_sk = store_returns.sr_item_sk) AND (ss_ticket_number = store_returns.sr_ticket_number))
                                                        Filter: (store_returns.sr_customer_sk = ss_customer_sk)
                                                        Rows Removed by Filter: 0
                                            ->  Index Scan using pk_catalog_sales on catalog_sales  (cost=0.43..2.21 rows=1 width=28) (actual time=0.093..0.093 rows=0 loops=11238)
                                                  Index Cond: (cs_item_sk = store_sales.ss_item_sk)
                                                  Filter: (store_sales.ss_customer_sk = cs_bill_customer_sk)
                                                  Rows Removed by Filter: 105
                                      ->  Index Scan using pk_date_dim on date_dim d1  (cost=0.29..0.32 rows=1 width=8) (actual time=0.006..0.006 rows=0 loops=11)
                                            Index Cond: (d_date_sk = store_sales.ss_sold_date_sk)
                                            Filter: ((d_moy = 4) AND (d_year = 2000))
                                            Rows Removed by Filter: 1
                                ->  Index Scan using pk_date_dim on date_dim d3  (cost=0.29..0.31 rows=1 width=8) (actual time=0.007..0.007 rows=0 loops=3)
                                      Index Cond: (d_date_sk = catalog_sales.cs_sold_date_sk)
                                      Filter: (d_year = ANY ('{2000,2001,2002}'::integer[]))
                                      Rows Removed by Filter: 1
                          ->  Seq Scan on store  (cost=0.00..1.12 rows=12 width=30) (never executed)
                    ->  Index Scan using pk_item on item  (cost=0.29..0.31 rows=1 width=127) (never executed)
                          Index Cond: (i_item_sk = store_sales.ss_item_sk)
 i_item_id | i_item_desc | s_store_id | s_store_name | store_sales_quantity | store_returns_quantity | catalog_sales_quantity 
-----------+-------------+------------+--------------+----------------------+------------------------+------------------------
(0 rows)

UPDATE time_statistics SET e_time = TRANSACTION_TIMESTAMP() WHERE template = 'query29.tpl' AND stream = 7;
psql:/tmp/s1-basline/throughput/query_7.sql:289: NOTICE:  duration: 0.073 ms  plan:
Query Text: UPDATE time_statistics SET e_time = TRANSACTION_TIMESTAMP() WHERE template = 'query29.tpl' AND stream = 7;
Update on time_statistics  (cost=0.00..12.41 rows=0 width=0) (actual time=0.073..0.073 rows=0 loops=1)
  ->  Seq Scan on time_statistics  (cost=0.00..12.41 rows=1 width=14) (actual time=0.058..0.058 rows=1 loops=1)
        Filter: ((template = 'query29.tpl'::text) AND (stream = 7))
        Rows Removed by Filter: 444
UPDATE 1
LOAD 'auto_explain'; SET auto_explain.log_min_duration TO 0; SET auto_explain.log_analyze TO on; SET auto_explain.log_level TO notice; INSERT INTO time_statistics (template, s_time, stream, query, seed) VALUES ('../query_postgresql/query32.tpl', TRANSACTION_TIMESTAMP(), 7, 8, 1200371768);
LOAD
SET
SET
SET
psql:/tmp/s1-basline/throughput/query_7.sql:290: NOTICE:  duration: 0.009 ms  plan:
Query Text: INSERT INTO time_statistics (template, s_time, stream, query, seed) VALUES ('../query_postgresql/query32.tpl', TRANSACTION_TIMESTAMP(), 7, 8, 1200371768);
Insert on time_statistics  (cost=0.00..0.01 rows=0 width=0) (actual time=0.008..0.008 rows=0 loops=1)
  ->  Result  (cost=0.00..0.01 rows=1 width=64) (actual time=0.002..0.002 rows=1 loops=1)
INSERT 0 1
select  sum(cs_ext_discount_amt)  as "excess discount amount" 
from 
   catalog_sales 
   ,item 
   ,date_dim
where
i_manufact_id = 769
and i_item_sk = cs_item_sk 
and d_date between '2000-01-13' and 
        (cast('2000-01-13' as date) + interval '90 days')
and d_date_sk = cs_sold_date_sk 
and cs_ext_discount_amt  
     > ( 
         select 
            1.3 * avg(cs_ext_discount_amt) 
         from 
            catalog_sales 
           ,date_dim
         where 
              cs_item_sk = i_item_sk 
          and d_date between '2000-01-13' and
                             (cast('2000-01-13' as date) + interval '90 days')
          and d_date_sk = cs_sold_date_sk 
      ) 
limit 100;
psql:/tmp/s1-basline/throughput/query_7.sql:315: NOTICE:  duration: 25.925 ms  plan:
Query Text: select  sum(cs_ext_discount_amt)  as "excess discount amount" 
from 
   catalog_sales 
   ,item 
   ,date_dim
where
i_manufact_id = 769
and i_item_sk = cs_item_sk 
and d_date between '2000-01-13' and 
        (cast('2000-01-13' as date) + interval '90 days')
and d_date_sk = cs_sold_date_sk 
and cs_ext_discount_amt  
     > ( 
         select 
            1.3 * avg(cs_ext_discount_amt) 
         from 
            catalog_sales 
           ,date_dim
         where 
              cs_item_sk = i_item_sk 
          and d_date between '2000-01-13' and
                             (cast('2000-01-13' as date) + interval '90 days')
          and d_date_sk = cs_sold_date_sk 
      ) 
limit 100;
Limit  (cost=6357.82..6357.83 rows=1 width=8) (actual time=25.917..25.920 rows=1 loops=1)
  ->  Aggregate  (cost=6357.82..6357.83 rows=1 width=8) (actual time=25.917..25.919 rows=1 loops=1)
        ->  Hash Join  (cost=1481.92..6357.82 rows=1 width=8) (actual time=16.883..25.916 rows=3 loops=1)
              Hash Cond: (catalog_sales.cs_item_sk = item.i_item_sk)
              Join Filter: (catalog_sales.cs_ext_discount_amt > (SubPlan 1))
              Rows Removed by Join Filter: 13
              ->  Nested Loop  (cost=0.72..4872.07 rows=1730 width=16) (actual time=0.032..15.387 rows=41782 loops=1)
                    ->  Index Scan using i_d_date on date_dim  (cost=0.29..5.25 rows=88 width=8) (actual time=0.019..0.043 rows=91 loops=1)
                          Index Cond: ((d_date >= '2000-01-13'::date) AND (d_date <= '2000-04-12 00:00:00'::timestamp without time zone))
                    ->  Index Scan using i_cs_sold_date_sk on catalog_sales  (cost=0.43..47.45 rows=785 width=24) (actual time=0.004..0.080 rows=459 loops=91)
                          Index Cond: (cs_sold_date_sk = date_dim.d_date_sk)
              ->  Hash  (cost=1481.00..1481.00 rows=16 width=8) (actual time=6.838..6.839 rows=7 loops=1)
                    Buckets: 1024  Batches: 1  Memory Usage: 9kB
                    ->  Seq Scan on item  (cost=0.00..1481.00 rows=16 width=8) (actual time=0.750..6.835 rows=7 loops=1)
                          Filter: (i_manufact_id = 769)
                          Rows Removed by Filter: 17993
              SubPlan 1
                ->  Aggregate  (cost=106.45..106.47 rows=1 width=8) (actual time=0.065..0.065 rows=1 loops=16)
                      ->  Hash Join  (cost=6.78..106.45 rows=1 width=8) (actual time=0.046..0.064 rows=8 loops=16)
                            Hash Cond: (catalog_sales_1.cs_sold_date_sk = date_dim_1.d_date_sk)
                            ->  Index Scan using pk_catalog_sales on catalog_sales catalog_sales_1  (cost=0.43..99.86 rows=88 width=16) (actual time=0.004..0.052 rows=100 loops=16)
                                  Index Cond: (cs_item_sk = item.i_item_sk)
                            ->  Hash  (cost=5.25..5.25 rows=88 width=8) (actual time=0.033..0.034 rows=91 loops=1)
                                  Buckets: 1024  Batches: 1  Memory Usage: 12kB
                                  ->  Index Scan using i_d_date on date_dim date_dim_1  (cost=0.29..5.25 rows=88 width=8) (actual time=0.004..0.023 rows=91 loops=1)
                                        Index Cond: ((d_date >= '2000-01-13'::date) AND (d_date <= '2000-04-12 00:00:00'::timestamp without time zone))
 excess discount amount 
------------------------
               29292.67
(1 row)

UPDATE time_statistics SET e_time = TRANSACTION_TIMESTAMP() WHERE template = '../query_postgresql/query32.tpl' AND stream = 7;
psql:/tmp/s1-basline/throughput/query_7.sql:317: NOTICE:  duration: 0.068 ms  plan:
Query Text: UPDATE time_statistics SET e_time = TRANSACTION_TIMESTAMP() WHERE template = '../query_postgresql/query32.tpl' AND stream = 7;
Update on time_statistics  (cost=0.00..12.41 rows=0 width=0) (actual time=0.068..0.068 rows=0 loops=1)
  ->  Seq Scan on time_statistics  (cost=0.00..12.41 rows=1 width=14) (actual time=0.054..0.054 rows=1 loops=1)
        Filter: ((template = '../query_postgresql/query32.tpl'::text) AND (stream = 7))
        Rows Removed by Filter: 445
UPDATE 1
LOAD 'auto_explain'; SET auto_explain.log_min_duration TO 0; SET auto_explain.log_analyze TO on; SET auto_explain.log_level TO notice; INSERT INTO time_statistics (template, s_time, stream, query, seed) VALUES ('query6.tpl', TRANSACTION_TIMESTAMP(), 7, 9, 670491423);
LOAD
SET
SET
SET
psql:/tmp/s1-basline/throughput/query_7.sql:318: NOTICE:  duration: 0.008 ms  plan:
Query Text: INSERT INTO time_statistics (template, s_time, stream, query, seed) VALUES ('query6.tpl', TRANSACTION_TIMESTAMP(), 7, 9, 670491423);
Insert on time_statistics  (cost=0.00..0.01 rows=0 width=0) (actual time=0.008..0.008 rows=0 loops=1)
  ->  Result  (cost=0.00..0.01 rows=1 width=64) (actual time=0.001..0.001 rows=1 loops=1)
INSERT 0 1
select  a.ca_state state, count(*) cnt
 from customer_address a
     ,customer c
     ,store_sales s
     ,date_dim d
     ,item i
 where       a.ca_address_sk = c.c_current_addr_sk
 	and c.c_customer_sk = s.ss_customer_sk
 	and s.ss_sold_date_sk = d.d_date_sk
 	and s.ss_item_sk = i.i_item_sk
 	and d.d_month_seq = 
 	     (select distinct (d_month_seq)
 	      from date_dim
               where d_year = 2001
 	        and d_moy = 1 )
 	and i.i_current_price > 1.2 * 
             (select avg(j.i_current_price) 
 	     from item j 
 	     where j.i_category = i.i_category)
 group by a.ca_state
 having count(*) >= 10
 order by cnt, a.ca_state 
 limit 100;
psql:/tmp/s1-basline/throughput/query_7.sql:341: NOTICE:  duration: 114634.841 ms  plan:
Query Text: select  a.ca_state state, count(*) cnt
 from customer_address a
     ,customer c
     ,store_sales s
     ,date_dim d
     ,item i
 where       a.ca_address_sk = c.c_current_addr_sk
 	and c.c_customer_sk = s.ss_customer_sk
 	and s.ss_sold_date_sk = d.d_date_sk
 	and s.ss_item_sk = i.i_item_sk
 	and d.d_month_seq = 
 	     (select distinct (d_month_seq)
 	      from date_dim
               where d_year = 2001
 	        and d_moy = 1 )
 	and i.i_current_price > 1.2 * 
             (select avg(j.i_current_price) 
 	     from item j 
 	     where j.i_category = i.i_category)
 group by a.ca_state
 having count(*) >= 10
 order by cnt, a.ca_state 
 limit 100;
Limit  (cost=1653952.89..1653952.93 rows=17 width=11) (actual time=114634.814..114634.824 rows=44 loops=1)
  InitPlan 1 (returns $0)
    ->  Unique  (cost=2501.50..2501.66 rows=31 width=4) (actual time=8.709..8.716 rows=1 loops=1)
          ->  Sort  (cost=2501.50..2501.58 rows=31 width=4) (actual time=8.708..8.711 rows=31 loops=1)
                Sort Key: date_dim.d_month_seq
                Sort Method: quicksort  Memory: 25kB
                ->  Seq Scan on date_dim  (cost=0.00..2500.73 rows=31 width=4) (actual time=4.179..8.704 rows=31 loops=1)
                      Filter: ((d_year = 2001) AND (d_moy = 1))
                      Rows Removed by Filter: 73018
  ->  Sort  (cost=1651451.23..1651451.27 rows=17 width=11) (actual time=114634.814..114634.818 rows=44 loops=1)
        Sort Key: (count(*)), a.ca_state
        Sort Method: quicksort  Memory: 27kB
        ->  GroupAggregate  (cost=1651447.54..1651450.88 rows=17 width=11) (actual time=114634.425..114634.796 rows=44 loops=1)
              Group Key: a.ca_state
              Filter: (count(*) >= 10)
              Rows Removed by Filter: 8
              ->  Sort  (cost=1651447.54..1651448.44 rows=361 width=3) (actual time=114634.418..114634.520 rows=2681 loops=1)
                    Sort Key: a.ca_state
                    Sort Method: quicksort  Memory: 222kB
                    ->  Nested Loop  (cost=1.30..1651432.20 rows=361 width=3) (actual time=67.483..114633.015 rows=2681 loops=1)
                          ->  Nested Loop  (cost=1.01..1651316.14 rows=361 width=8) (actual time=67.469..114622.820 rows=2681 loops=1)
                                ->  Nested Loop  (cost=0.72..42182.87 rows=1083 width=16) (actual time=11.691..104.237 rows=28110 loops=1)
                                      ->  Nested Loop  (cost=0.43..41829.86 rows=1134 width=16) (actual time=11.658..35.170 rows=28817 loops=1)
                                            ->  Seq Scan on date_dim d  (cost=0.00..2318.11 rows=30 width=8) (actual time=11.643..15.577 rows=31 loops=1)
                                                  Filter: (d_month_seq = $0)
                                                  Rows Removed by Filter: 73018
                                            ->  Index Scan using i_ss_sold_date_sk on store_sales s  (cost=0.43..1301.91 rows=1515 width=24) (actual time=0.010..0.458 rows=930 loops=31)
                                                  Index Cond: (ss_sold_date_sk = d.d_date_sk)
                                      ->  Index Scan using pk_customer on customer c  (cost=0.29..0.31 rows=1 width=16) (actual time=0.002..0.002 rows=1 loops=28817)
                                            Index Cond: (c_customer_sk = s.ss_customer_sk)
                                ->  Index Scan using pk_item on item i  (cost=0.29..1485.81 rows=1 width=8) (actual time=4.074..4.074 rows=0 loops=28110)
                                      Index Cond: (i_item_sk = s.ss_item_sk)
                                      Filter: (i_current_price > ('1.2'::double precision * (SubPlan 2)))
                                      Rows Removed by Filter: 1
                                      SubPlan 2
                                        ->  Aggregate  (cost=1485.49..1485.50 rows=1 width=8) (actual time=4.071..4.071 rows=1 loops=28110)
                                              ->  Seq Scan on item j  (cost=0.00..1481.00 rows=1795 width=8) (actual time=0.011..3.959 rows=1791 loops=28110)
                                                    Filter: (i_category = i.i_category)
                                                    Rows Removed by Filter: 16209
                          ->  Index Scan using pk_customer_address on customer_address a  (cost=0.29..0.32 rows=1 width=11) (actual time=0.003..0.003 rows=1 loops=2681)
                                Index Cond: (ca_address_sk = c.c_current_addr_sk)
 state | cnt 
-------+-----
 AK    |  10
 ME    |  10
 CT    |  11
 WY    |  12
 VT    |  13
 MD    |  15
 MA    |  16
 NM    |  20
 UT    |  20
 OR    |  25
 LA    |  31
 SC    |  31
 CA    |  40
 ND    |  41
 WA    |  44
 MT    |  46
 NY    |  46
 WI    |  46
 CO    |  47
 SD    |  51
 WV    |  51
 AR    |  55
 MS    |  55
 AL    |  59
 ID    |  60
 MN    |  64
 OK    |  66
 IN    |  67
 NE    |  68
 FL    |  69
 PA    |  69
 NC    |  72
 MI    |  75
 TN    |  77
       |  78
 IA    |  93
 KS    |  93
 IL    |  95
 OH    | 101
 KY    | 107
 GA    | 111
 MO    | 115
 VA    | 126
 TX    | 237
(44 rows)

UPDATE time_statistics SET e_time = TRANSACTION_TIMESTAMP() WHERE template = 'query6.tpl' AND stream = 7;
psql:/tmp/s1-basline/throughput/query_7.sql:343: NOTICE:  duration: 0.251 ms  plan:
Query Text: UPDATE time_statistics SET e_time = TRANSACTION_TIMESTAMP() WHERE template = 'query6.tpl' AND stream = 7;
Update on time_statistics  (cost=0.00..14.47 rows=0 width=0) (actual time=0.250..0.250 rows=0 loops=1)
  ->  Seq Scan on time_statistics  (cost=0.00..14.47 rows=1 width=14) (actual time=0.049..0.058 rows=1 loops=1)
        Filter: ((template = 'query6.tpl'::text) AND (stream = 7))
        Rows Removed by Filter: 464
UPDATE 1
LOAD 'auto_explain'; SET auto_explain.log_min_duration TO 0; SET auto_explain.log_analyze TO on; SET auto_explain.log_level TO notice; INSERT INTO time_statistics (template, s_time, stream, query, seed) VALUES ('query64.tpl', TRANSACTION_TIMESTAMP(), 7, 10, 10235181);
LOAD
SET
SET
SET
psql:/tmp/s1-basline/throughput/query_7.sql:344: NOTICE:  duration: 0.020 ms  plan:
Query Text: INSERT INTO time_statistics (template, s_time, stream, query, seed) VALUES ('query64.tpl', TRANSACTION_TIMESTAMP(), 7, 10, 10235181);
Insert on time_statistics  (cost=0.00..0.01 rows=0 width=0) (actual time=0.019..0.020 rows=0 loops=1)
  ->  Result  (cost=0.00..0.01 rows=1 width=64) (actual time=0.001..0.001 rows=1 loops=1)
INSERT 0 1
with cs_ui as
 (select cs_item_sk
        ,sum(cs_ext_list_price) as sale,sum(cr_refunded_cash+cr_reversed_charge+cr_store_credit) as refund
  from catalog_sales
      ,catalog_returns
  where cs_item_sk = cr_item_sk
    and cs_order_number = cr_order_number
  group by cs_item_sk
  having sum(cs_ext_list_price)>2*sum(cr_refunded_cash+cr_reversed_charge+cr_store_credit)),
cross_sales as
 (select i_product_name product_name
     ,i_item_sk item_sk
     ,s_store_name store_name
     ,s_zip store_zip
     ,ad1.ca_street_number b_street_number
     ,ad1.ca_street_name b_street_name
     ,ad1.ca_city b_city
     ,ad1.ca_zip b_zip
     ,ad2.ca_street_number c_street_number
     ,ad2.ca_street_name c_street_name
     ,ad2.ca_city c_city
     ,ad2.ca_zip c_zip
     ,d1.d_year as syear
     ,d2.d_year as fsyear
     ,d3.d_year s2year
     ,count(*) cnt
     ,sum(ss_wholesale_cost) s1
     ,sum(ss_list_price) s2
     ,sum(ss_coupon_amt) s3
  FROM   store_sales
        ,store_returns
        ,cs_ui
        ,date_dim d1
        ,date_dim d2
        ,date_dim d3
        ,store
        ,customer
        ,customer_demographics cd1
        ,customer_demographics cd2
        ,promotion
        ,household_demographics hd1
        ,household_demographics hd2
        ,customer_address ad1
        ,customer_address ad2
        ,income_band ib1
        ,income_band ib2
        ,item
  WHERE  ss_store_sk = s_store_sk AND
         ss_sold_date_sk = d1.d_date_sk AND
         ss_customer_sk = c_customer_sk AND
         ss_cdemo_sk= cd1.cd_demo_sk AND
         ss_hdemo_sk = hd1.hd_demo_sk AND
         ss_addr_sk = ad1.ca_address_sk and
         ss_item_sk = i_item_sk and
         ss_item_sk = sr_item_sk and
         ss_ticket_number = sr_ticket_number and
         ss_item_sk = cs_ui.cs_item_sk and
         c_current_cdemo_sk = cd2.cd_demo_sk AND
         c_current_hdemo_sk = hd2.hd_demo_sk AND
         c_current_addr_sk = ad2.ca_address_sk and
         c_first_sales_date_sk = d2.d_date_sk and
         c_first_shipto_date_sk = d3.d_date_sk and
         ss_promo_sk = p_promo_sk and
         hd1.hd_income_band_sk = ib1.ib_income_band_sk and
         hd2.hd_income_band_sk = ib2.ib_income_band_sk and
         cd1.cd_marital_status <> cd2.cd_marital_status and
         i_color in ('cornflower','sandy','indian','lawn','violet','green') and
         i_current_price between 31 and 31 + 10 and
         i_current_price between 31 + 1 and 31 + 15
group by i_product_name
       ,i_item_sk
       ,s_store_name
       ,s_zip
       ,ad1.ca_street_number
       ,ad1.ca_street_name
       ,ad1.ca_city
       ,ad1.ca_zip
       ,ad2.ca_street_number
       ,ad2.ca_street_name
       ,ad2.ca_city
       ,ad2.ca_zip
       ,d1.d_year
       ,d2.d_year
       ,d3.d_year
)
select cs1.product_name
     ,cs1.store_name
     ,cs1.store_zip
     ,cs1.b_street_number
     ,cs1.b_street_name
     ,cs1.b_city
     ,cs1.b_zip
     ,cs1.c_street_number
     ,cs1.c_street_name
     ,cs1.c_city
     ,cs1.c_zip
     ,cs1.syear
     ,cs1.cnt
     ,cs1.s1 as s11
     ,cs1.s2 as s21
     ,cs1.s3 as s31
     ,cs2.s1 as s12
     ,cs2.s2 as s22
     ,cs2.s3 as s32
     ,cs2.syear
     ,cs2.cnt
from cross_sales cs1,cross_sales cs2
where cs1.item_sk=cs2.item_sk and
     cs1.syear = 1999 and
     cs2.syear = 1999 + 1 and
     cs2.cnt <= cs1.cnt and
     cs1.store_name = cs2.store_name and
     cs1.store_zip = cs2.store_zip
order by cs1.product_name
       ,cs1.store_name
       ,cs2.cnt
       ,cs1.s1
       ,cs2.s1;
psql:/tmp/s1-basline/throughput/query_7.sql:462: NOTICE:  duration: 459.980 ms  plan:
Query Text: with cs_ui as
 (select cs_item_sk
        ,sum(cs_ext_list_price) as sale,sum(cr_refunded_cash+cr_reversed_charge+cr_store_credit) as refund
  from catalog_sales
      ,catalog_returns
  where cs_item_sk = cr_item_sk
    and cs_order_number = cr_order_number
  group by cs_item_sk
  having sum(cs_ext_list_price)>2*sum(cr_refunded_cash+cr_reversed_charge+cr_store_credit)),
cross_sales as
 (select i_product_name product_name
     ,i_item_sk item_sk
     ,s_store_name store_name
     ,s_zip store_zip
     ,ad1.ca_street_number b_street_number
     ,ad1.ca_street_name b_street_name
     ,ad1.ca_city b_city
     ,ad1.ca_zip b_zip
     ,ad2.ca_street_number c_street_number
     ,ad2.ca_street_name c_street_name
     ,ad2.ca_city c_city
     ,ad2.ca_zip c_zip
     ,d1.d_year as syear
     ,d2.d_year as fsyear
     ,d3.d_year s2year
     ,count(*) cnt
     ,sum(ss_wholesale_cost) s1
     ,sum(ss_list_price) s2
     ,sum(ss_coupon_amt) s3
  FROM   store_sales
        ,store_returns
        ,cs_ui
        ,date_dim d1
        ,date_dim d2
        ,date_dim d3
        ,store
        ,customer
        ,customer_demographics cd1
        ,customer_demographics cd2
        ,promotion
        ,household_demographics hd1
        ,household_demographics hd2
        ,customer_address ad1
        ,customer_address ad2
        ,income_band ib1
        ,income_band ib2
        ,item
  WHERE  ss_store_sk = s_store_sk AND
         ss_sold_date_sk = d1.d_date_sk AND
         ss_customer_sk = c_customer_sk AND
         ss_cdemo_sk= cd1.cd_demo_sk AND
         ss_hdemo_sk = hd1.hd_demo_sk AND
         ss_addr_sk = ad1.ca_address_sk and
         ss_item_sk = i_item_sk and
         ss_item_sk = sr_item_sk and
         ss_ticket_number = sr_ticket_number and
         ss_item_sk = cs_ui.cs_item_sk and
         c_current_cdemo_sk = cd2.cd_demo_sk AND
         c_current_hdemo_sk = hd2.hd_demo_sk AND
         c_current_addr_sk = ad2.ca_address_sk and
         c_first_sales_date_sk = d2.d_date_sk and
         c_first_shipto_date_sk = d3.d_date_sk and
         ss_promo_sk = p_promo_sk and
         hd1.hd_income_band_sk = ib1.ib_income_band_sk and
         hd2.hd_income_band_sk = ib2.ib_income_band_sk and
         cd1.cd_marital_status <> cd2.cd_marital_status and
         i_color in ('cornflower','sandy','indian','lawn','violet','green') and
         i_current_price between 31 and 31 + 10 and
         i_current_price between 31 + 1 and 31 + 15
group by i_product_name
       ,i_item_sk
       ,s_store_name
       ,s_zip
       ,ad1.ca_street_number
       ,ad1.ca_street_name
       ,ad1.ca_city
       ,ad1.ca_zip
       ,ad2.ca_street_number
       ,ad2.ca_street_name
       ,ad2.ca_city
       ,ad2.ca_zip
       ,d1.d_year
       ,d2.d_year
       ,d3.d_year
)
select cs1.product_name
     ,cs1.store_name
     ,cs1.store_zip
     ,cs1.b_street_number
     ,cs1.b_street_name
     ,cs1.b_city
     ,cs1.b_zip
     ,cs1.c_street_number
     ,cs1.c_street_name
     ,cs1.c_city
     ,cs1.c_zip
     ,cs1.syear
     ,cs1.cnt
     ,cs1.s1 as s11
     ,cs1.s2 as s21
     ,cs1.s3 as s31
     ,cs2.s1 as s12
     ,cs2.s2 as s22
     ,cs2.s3 as s32
     ,cs2.syear
     ,cs2.cnt
from cross_sales cs1,cross_sales cs2
where cs1.item_sk=cs2.item_sk and
     cs1.syear = 1999 and
     cs2.syear = 1999 + 1 and
     cs2.cnt <= cs1.cnt and
     cs1.store_name = cs2.store_name and
     cs1.store_zip = cs2.store_zip
order by cs1.product_name
       ,cs1.store_name
       ,cs2.cnt
       ,cs1.s1
       ,cs2.s1;
Sort  (cost=71756.14..71756.14 rows=1 width=1166) (actual time=400.039..459.950 rows=13 loops=1)
  Sort Key: cs1.product_name, cs1.store_name, cs2.cnt, cs1.s1, cs2.s1
  Sort Method: quicksort  Memory: 28kB
  CTE cross_sales
    ->  GroupAggregate  (cost=71756.00..71756.06 rows=1 width=199) (actual time=399.211..459.242 rows=131 loops=1)
          Group Key: item.i_product_name, item.i_item_sk, store.s_store_name, store.s_zip, ad1.ca_street_number, ad1.ca_street_name, ad1.ca_city, ad1.ca_zip, ad2.ca_street_number, ad2.ca_street_name, ad2.ca_city, ad2.ca_zip, d1.d_year, d2.d_year, d3.d_year
          ->  Sort  (cost=71756.00..71756.01 rows=1 width=191) (actual time=399.205..459.120 rows=131 loops=1)
                Sort Key: item.i_product_name, item.i_item_sk, store.s_store_name, store.s_zip, ad1.ca_street_number, ad1.ca_street_name, ad1.ca_city, ad1.ca_zip, ad2.ca_street_number, ad2.ca_street_name, ad2.ca_city, ad2.ca_zip, d1.d_year, d2.d_year, d3.d_year
                Sort Method: quicksort  Memory: 55kB
                ->  Nested Loop  (cost=71620.75..71755.99 rows=1 width=191) (actual time=336.472..458.871 rows=131 loops=1)
                      ->  Nested Loop  (cost=71620.61..71755.83 rows=1 width=199) (actual time=336.469..458.734 rows=131 loops=1)
                            ->  Nested Loop  (cost=71620.47..71755.68 rows=1 width=207) (actual time=336.463..458.545 rows=131 loops=1)
                                  ->  Nested Loop  (cost=71620.19..71755.38 rows=1 width=207) (actual time=336.458..458.256 rows=132 loops=1)
                                        Join Filter: (cd1.cd_marital_status <> cd2.cd_marital_status)
                                        Rows Removed by Join Filter: 39
                                        ->  Nested Loop  (cost=71619.76..71754.63 rows=1 width=217) (actual time=336.304..456.553 rows=171 loops=1)
                                              ->  Nested Loop  (cost=71619.47..71754.30 rows=1 width=221) (actual time=336.300..456.234 rows=176 loops=1)
                                                    ->  Nested Loop  (cost=71619.18..71753.97 rows=1 width=225) (actual time=336.295..455.859 rows=180 loops=1)
                                                          ->  Nested Loop  (cost=71618.89..71753.65 rows=1 width=193) (actual time=336.290..455.266 rows=180 loops=1)
                                                                ->  Nested Loop  (cost=71618.60..71753.34 rows=1 width=161) (actual time=336.280..454.544 rows=180 loops=1)
                                                                      ->  Nested Loop  (cost=71618.30..71753.03 rows=1 width=165) (actual time=336.270..454.170 rows=180 loops=1)
                                                                            ->  Nested Loop  (cost=71617.88..71752.57 rows=1 width=171) (actual time=336.234..452.420 rows=181 loops=1)
                                                                                  ->  Nested Loop  (cost=71617.74..71752.42 rows=1 width=163) (actual time=336.226..452.160 rows=181 loops=1)
                                                                                        ->  Nested Loop  (cost=71617.46..71752.12 rows=1 width=163) (actual time=336.218..451.752 rows=183 loops=1)
                                                                                              ->  Nested Loop  (cost=71617.17..71751.81 rows=1 width=131) (actual time=336.209..451.137 rows=186 loops=1)
                                                                                                    ->  Nested Loop  (cost=71617.02..71751.65 rows=1 width=139) (actual time=336.202..450.831 rows=195 loops=1)
                                                                                                          Join Filter: (item.i_item_sk = store_sales.ss_item_sk)
                                                                                                          ->  Nested Loop  (cost=71616.59..71738.94 rows=16 width=83) (actual time=336.190..450.089 rows=199 loops=1)
                                                                                                                Join Filter: (item.i_item_sk = store_returns.sr_item_sk)
                                                                                                                ->  Nested Loop  (cost=71616.17..71736.79 rows=1 width=67) (actual time=336.178..449.823 rows=13 loops=1)
                                                                                                                      ->  Finalize GroupAggregate  (cost=71615.88..71633.99 rows=47 width=24) (actual time=324.895..420.128 rows=17112 loops=1)
                                                                                                                            Group Key: catalog_sales.cs_item_sk
                                                                                                                            Filter: (sum(catalog_sales.cs_ext_list_price) > ('2'::double precision * sum(((catalog_returns.cr_refunded_cash + catalog_returns.cr_reversed_charge) + catalog_returns.cr_store_credit))))
                                                                                                                            Rows Removed by Filter: 751
                                                                                                                            ->  Gather Merge  (cost=71615.88..71630.98 rows=118 width=24) (actual time=324.888..411.202 rows=46532 loops=1)
                                                                                                                                  Workers Planned: 2
                                                                                                                                  Workers Launched: 2
                                                                                                                                  ->  Partial GroupAggregate  (cost=70615.86..70617.33 rows=59 width=24) (actual time=319.550..335.499 rows=15511 loops=3)
                                                                                                                                        Group Key: catalog_sales.cs_item_sk
                                                                                                                                        ->  Sort  (cost=70615.86..70616.00 rows=59 width=40) (actual time=319.539..324.555 rows=46969 loops=3)
                                                                                                                                              Sort Key: catalog_sales.cs_item_sk
                                                                                                                                              Sort Method: quicksort  Memory: 6464kB
                                                                                                                                              Worker 0:  Sort Method: quicksort  Memory: 4568kB
                                                                                                                                              Worker 1:  Sort Method: quicksort  Memory: 4515kB
                                                                                                                                              ->  Hash Join  (cost=7963.38..70614.12 rows=59 width=40) (actual time=85.076..305.843 rows=46969 loops=3)
                                                                                                                                                    Hash Cond: ((catalog_sales.cs_item_sk = catalog_returns.cr_item_sk) AND (catalog_sales.cs_order_number = catalog_returns.cr_order_number))
                                                                                                                                                    ->  Parallel Seq Scan on catalog_sales  (cost=0.00..59490.16 rows=602016 width=24) (actual time=0.015..75.290 rows=473789 loops=3)
                                                                                                                                                    ->  Hash  (cost=5788.75..5788.75 rows=144975 width=40) (actual time=84.267..84.268 rows=143354 loops=3)
                                                                                                                                                          Buckets: 262144  Batches: 1  Memory Usage: 12062kB
                                                                                                                                                          ->  Seq Scan on catalog_returns  (cost=0.00..5788.75 rows=144975 width=40) (actual time=0.024..53.466 rows=143354 loops=3)
                                                                                                                      ->  Index Scan using pk_item on item  (cost=0.29..2.17 rows=1 width=59) (actual time=0.002..0.002 rows=0 loops=17112)
                                                                                                                            Index Cond: (i_item_sk = catalog_sales.cs_item_sk)
                                                                                                                            Filter: ((i_current_price >= '31'::double precision) AND (i_current_price <= '41'::double precision) AND (i_current_price >= '32'::double precision) AND (i_current_price <= '46'::double precision) AND (i_color = ANY ('{cornflower,sandy,indian,lawn,violet,green}'::bpchar[])))
                                                                                                                            Rows Removed by Filter: 1
                                                                                                                ->  Index Only Scan using pk_store_returns on store_returns  (cost=0.42..1.93 rows=18 width=16) (actual time=0.008..0.018 rows=15 loops=13)
                                                                                                                      Index Cond: (sr_item_sk = catalog_sales.cs_item_sk)
                                                                                                                      Heap Fetches: 77
                                                                                                          ->  Index Scan using pk_store_sales on store_sales  (cost=0.43..0.78 rows=1 width=96) (actual time=0.003..0.003 rows=1 loops=199)
                                                                                                                Index Cond: ((ss_item_sk = store_returns.sr_item_sk) AND (ss_ticket_number = store_returns.sr_ticket_number))
                                                                                                    ->  Index Only Scan using pk_promotion on promotion  (cost=0.15..0.17 rows=1 width=8) (actual time=0.001..0.001 rows=1 loops=195)
                                                                                                          Index Cond: (p_promo_sk = store_sales.ss_promo_sk)
                                                                                                          Heap Fetches: 186
                                                                                              ->  Index Scan using pk_customer_address on customer_address ad1  (cost=0.29..0.31 rows=1 width=48) (actual time=0.003..0.003 rows=1 loops=186)
                                                                                                    Index Cond: (ca_address_sk = store_sales.ss_addr_sk)
                                                                                        ->  Index Scan using pk_household_demographics on household_demographics hd1  (cost=0.28..0.30 rows=1 width=16) (actual time=0.002..0.002 rows=1 loops=183)
                                                                                              Index Cond: (hd_demo_sk = store_sales.ss_hdemo_sk)
                                                                                  ->  Index Scan using pk_store on store  (cost=0.14..0.15 rows=1 width=24) (actual time=0.001..0.001 rows=1 loops=181)
                                                                                        Index Cond: (s_store_sk = store_sales.ss_store_sk)
                                                                            ->  Index Scan using pk_customer_demographics on customer_demographics cd1  (cost=0.43..0.46 rows=1 width=10) (actual time=0.009..0.009 rows=1 loops=181)
                                                                                  Index Cond: (cd_demo_sk = store_sales.ss_cdemo_sk)
                                                                      ->  Index Scan using pk_date_dim on date_dim d1  (cost=0.29..0.31 rows=1 width=12) (actual time=0.002..0.002 rows=1 loops=180)
                                                                            Index Cond: (d_date_sk = store_sales.ss_sold_date_sk)
                                                                ->  Index Scan using pk_customer on customer  (cost=0.29..0.31 rows=1 width=48) (actual time=0.003..0.003 rows=1 loops=180)
                                                                      Index Cond: (c_customer_sk = store_sales.ss_customer_sk)
                                                          ->  Index Scan using pk_customer_address on customer_address ad2  (cost=0.29..0.32 rows=1 width=48) (actual time=0.003..0.003 rows=1 loops=180)
                                                                Index Cond: (ca_address_sk = customer.c_current_addr_sk)
                                                    ->  Index Scan using pk_date_dim on date_dim d2  (cost=0.29..0.33 rows=1 width=12) (actual time=0.002..0.002 rows=1 loops=180)
                                                          Index Cond: (d_date_sk = customer.c_first_sales_date_sk)
                                              ->  Index Scan using pk_date_dim on date_dim d3  (cost=0.29..0.33 rows=1 width=12) (actual time=0.001..0.001 rows=1 loops=176)
                                                    Index Cond: (d_date_sk = customer.c_first_shipto_date_sk)
                                        ->  Index Scan using pk_customer_demographics on customer_demographics cd2  (cost=0.43..0.74 rows=1 width=10) (actual time=0.009..0.009 rows=1 loops=171)
                                              Index Cond: (cd_demo_sk = customer.c_current_cdemo_sk)
                                  ->  Index Scan using pk_household_demographics on household_demographics hd2  (cost=0.28..0.30 rows=1 width=16) (actual time=0.002..0.002 rows=1 loops=132)
                                        Index Cond: (hd_demo_sk = customer.c_current_hdemo_sk)
                            ->  Index Only Scan using pk_income_band on income_band ib2  (cost=0.14..0.16 rows=1 width=8) (actual time=0.001..0.001 rows=1 loops=131)
                                  Index Cond: (ib_income_band_sk = hd2.hd_income_band_sk)
                                  Heap Fetches: 131
                      ->  Index Only Scan using pk_income_band on income_band ib1  (cost=0.14..0.16 rows=1 width=8) (actual time=0.001..0.001 rows=1 loops=131)
                            Index Cond: (ib_income_band_sk = hd1.hd_income_band_sk)
                            Heap Fetches: 131
  ->  Nested Loop  (cost=0.00..0.07 rows=1 width=1166) (actual time=399.226..400.021 rows=13 loops=1)
        Join Filter: ((cs2.cnt <= cs1.cnt) AND (cs1.item_sk = cs2.item_sk) AND ((cs1.store_name)::text = (cs2.store_name)::text) AND (cs1.store_zip = cs2.store_zip))
        Rows Removed by Join Filter: 614
        ->  CTE Scan on cross_sales cs1  (cost=0.00..0.02 rows=1 width=1138) (actual time=399.214..399.230 rows=33 loops=1)
              Filter: (syear = 1999)
              Rows Removed by Filter: 98
        ->  CTE Scan on cross_sales cs2  (cost=0.00..0.02 rows=1 width=206) (actual time=0.001..0.022 rows=19 loops=33)
              Filter: (syear = 2000)
              Rows Removed by Filter: 112
                    product_name                    | store_name | store_zip  | b_street_number |   b_street_name    |   b_city   |   b_zip    | c_street_number | c_street_name |     c_city      |   c_zip    | syear | cnt |  s11  |  s21   |  s31   |  s12  |  s22   |  s32   | syear | cnt 
----------------------------------------------------+------------+------------+-----------------+--------------------+------------+------------+-----------------+---------------+-----------------+------------+-------+-----+-------+--------+--------+-------+--------+--------+-------+-----
 ablebarbarn st                                     | able       | 35709      | 442             | 10th               | Woodland   | 74854      | 915             | Oak Cherry    | Macon           | 60369      |  1999 |   1 | 60.57 | 118.11 |      0 | 12.51 |  23.64 |      0 |  2000 |   1
 ablebarbarn st                                     | able       | 35709      | 154             | 5th Park           | Riverview  | 59003      |                 | Jackson       | Ashland         |            |  1999 |   1 | 92.57 | 160.14 | 104.52 | 12.51 |  23.64 |      0 |  2000 |   1
 ablebarbarn st                                     | eing       | 35709      | 149             | Cherry 6th         | Pine Grove | 94593      | 482             | Davis Lee     | Greenfield      | 55038      |  1999 |   1 | 20.19 |  34.12 |      0 |  99.8 | 191.61 |      0 |  2000 |   1
 ablebarbarn st                                     | eing       | 35709      | 163             | Main Madison       | Greenville | 51387      | 806             | Broadway      | Carpenter       | 21147      |  1999 |   1 | 45.38 |  81.23 | 1508.3 |  99.8 | 191.61 |      0 |  2000 |   1
 ablebarbarn st                                     | ese        | 31904      | 504             | Lakeview Jefferson | Fairfield  | 66192      | 825             | Second 14th   | Pleasant Valley | 52477      |  1999 |   1 |  5.83 |   6.17 |  75.52 | 61.49 | 104.53 |      0 |  2000 |   1
 ablebarbarn st                                     | ese        | 31904      | 783             | Central Lee        | Greenfield | 65038      | 367             | Smith First   | Deerfield       | 79840      |  1999 |   1 | 35.58 |  44.83 |      0 | 61.49 | 104.53 |      0 |  2000 |   1
 antieingeseeseought                                | ation      | 31904      | 978             | Franklin           | Fairfield  | 36192      | 163             | Fifth         | Liberty         | 43451      |  1999 |   1 | 27.49 |  30.51 |      0 | 12.07 |  22.57 |      0 |  2000 |   1
 antieingeseeseought                                | ought      | 31904      | 704             | Ridge Mill         | Union Hill | 97746      | 10              | 4th           | Sulphur Springs | 28354      |  1999 |   1 | 63.74 |  83.49 |      0 | 99.63 | 167.37 |      0 |  2000 |   1
 ationprieseoughtought                              | ation      | 31904      | 126             | College            | Arlington  | 36557      | 207             | Fifth         | Hillcrest       | 53003      |  1999 |   1 | 69.36 |  95.02 |      0 | 22.59 |  30.04 |      0 |  2000 |   1
 ationprieseoughtought                              | ation      | 31904      | 126             | College            | Arlington  | 36557      | 207             | Fifth         | Hillcrest       | 53003      |  1999 |   1 | 69.36 |  95.02 |      0 | 31.37 |  58.66 |      0 |  2000 |   1
 ationprieseoughtought                              | ation      | 31904      | 126             | College            | Arlington  | 36557      | 207             | Fifth         | Hillcrest       | 53003      |  1999 |   1 | 69.36 |  95.02 |      0 | 48.86 |  53.25 |      0 |  2000 |   1
 ationprieseoughtought                              | bar        | 31904      | 138             | Cedar              | Greenwood  | 48828      | 841             | Main Jackson  | Five Points     | 76098      |  1999 |   1 | 85.85 | 103.87 |      0 | 33.61 |  41.34 |      0 |  2000 |   1
 ationprieseoughtought                              | bar        | 31904      | 138             | Cedar              | Greenwood  | 48828      | 841             | Main Jackson  | Five Points     | 76098      |  1999 |   1 | 85.85 | 103.87 |      0 | 36.38 |  57.48 | 123.25 |  2000 |   1
(13 rows)

UPDATE time_statistics SET e_time = TRANSACTION_TIMESTAMP() WHERE template = 'query64.tpl' AND stream = 7;
psql:/tmp/s1-basline/throughput/query_7.sql:464: NOTICE:  duration: 0.078 ms  plan:
Query Text: UPDATE time_statistics SET e_time = TRANSACTION_TIMESTAMP() WHERE template = 'query64.tpl' AND stream = 7;
Update on time_statistics  (cost=0.00..16.54 rows=0 width=0) (actual time=0.078..0.078 rows=0 loops=1)
  ->  Seq Scan on time_statistics  (cost=0.00..16.54 rows=1 width=14) (actual time=0.064..0.064 rows=1 loops=1)
        Filter: ((template = 'query64.tpl'::text) AND (stream = 7))
        Rows Removed by Filter: 465
UPDATE 1
LOAD 'auto_explain'; SET auto_explain.log_min_duration TO 0; SET auto_explain.log_analyze TO on; SET auto_explain.log_level TO notice; INSERT INTO time_statistics (template, s_time, stream, query, seed) VALUES ('query30.tpl', TRANSACTION_TIMESTAMP(), 7, 11, 150291558);
LOAD
SET
SET
SET
psql:/tmp/s1-basline/throughput/query_7.sql:465: NOTICE:  duration: 0.008 ms  plan:
Query Text: INSERT INTO time_statistics (template, s_time, stream, query, seed) VALUES ('query30.tpl', TRANSACTION_TIMESTAMP(), 7, 11, 150291558);
Insert on time_statistics  (cost=0.00..0.01 rows=0 width=0) (actual time=0.008..0.008 rows=0 loops=1)
  ->  Result  (cost=0.00..0.01 rows=1 width=64) (actual time=0.001..0.002 rows=1 loops=1)
INSERT 0 1
with customer_total_return as
 (select wr_returning_customer_sk as ctr_customer_sk
        ,ca_state as ctr_state, 
 	sum(wr_return_amt) as ctr_total_return
 from web_returns
     ,date_dim
     ,customer_address
 where wr_returned_date_sk = d_date_sk 
   and d_year =2002
   and wr_returning_addr_sk = ca_address_sk 
 group by wr_returning_customer_sk
         ,ca_state)
  select  c_customer_id,c_salutation,c_first_name,c_last_name,c_preferred_cust_flag
       ,c_birth_day,c_birth_month,c_birth_year,c_birth_country,c_login,c_email_address
       ,c_last_review_date_sk,ctr_total_return
 from customer_total_return ctr1
     ,customer_address
     ,customer
 where ctr1.ctr_total_return > (select avg(ctr_total_return)*1.2
 			  from customer_total_return ctr2 
                  	  where ctr1.ctr_state = ctr2.ctr_state)
       and ca_address_sk = c_current_addr_sk
       and ca_state = 'OR'
       and ctr1.ctr_customer_sk = c_customer_sk
 order by c_customer_id,c_salutation,c_first_name,c_last_name,c_preferred_cust_flag
                  ,c_birth_day,c_birth_month,c_birth_year,c_birth_country,c_login,c_email_address
                  ,c_last_review_date_sk,ctr_total_return
limit 100;
psql:/tmp/s1-basline/throughput/query_7.sql:493: NOTICE:  duration: 15954.934 ms  plan:
Query Text: with customer_total_return as
 (select wr_returning_customer_sk as ctr_customer_sk
        ,ca_state as ctr_state, 
 	sum(wr_return_amt) as ctr_total_return
 from web_returns
     ,date_dim
     ,customer_address
 where wr_returned_date_sk = d_date_sk 
   and d_year =2002
   and wr_returning_addr_sk = ca_address_sk 
 group by wr_returning_customer_sk
         ,ca_state)
  select  c_customer_id,c_salutation,c_first_name,c_last_name,c_preferred_cust_flag
       ,c_birth_day,c_birth_month,c_birth_year,c_birth_country,c_login,c_email_address
       ,c_last_review_date_sk,ctr_total_return
 from customer_total_return ctr1
     ,customer_address
     ,customer
 where ctr1.ctr_total_return > (select avg(ctr_total_return)*1.2
 			  from customer_total_return ctr2 
                  	  where ctr1.ctr_state = ctr2.ctr_state)
       and ca_address_sk = c_current_addr_sk
       and ca_state = 'OR'
       and ctr1.ctr_customer_sk = c_customer_sk
 order by c_customer_id,c_salutation,c_first_name,c_last_name,c_preferred_cust_flag
                  ,c_birth_day,c_birth_month,c_birth_year,c_birth_country,c_login,c_email_address
                  ,c_last_review_date_sk,ctr_total_return
limit 100;
Limit  (cost=7757.22..7757.23 rows=1 width=226) (actual time=15954.889..15954.895 rows=36 loops=1)
  CTE customer_total_return
    ->  GroupAggregate  (cost=5043.97..5050.51 rows=327 width=19) (actual time=44.161..49.510 rows=13110 loops=1)
          Group Key: web_returns.wr_returning_customer_sk, customer_address_1.ca_state
          ->  Sort  (cost=5043.97..5044.78 rows=327 width=19) (actual time=44.154..44.863 rows=13300 loops=1)
                Sort Key: web_returns.wr_returning_customer_sk, customer_address_1.ca_state
                Sort Method: quicksort  Memory: 1210kB
                ->  Nested Loop  (cost=0.58..5030.31 rows=327 width=19) (actual time=4.203..40.806 rows=13300 loops=1)
                      ->  Nested Loop  (cost=0.29..4918.50 rows=342 width=24) (actual time=4.199..19.075 rows=13607 loops=1)
                            ->  Seq Scan on date_dim  (cost=0.00..2318.11 rows=363 width=8) (actual time=4.185..8.614 rows=365 loops=1)
                                  Filter: (d_year = 2002)
                                  Rows Removed by Filter: 72684
                            ->  Index Scan using i_wr_returned_date_sk on web_returns  (cost=0.29..6.83 rows=33 width=32) (actual time=0.002..0.023 rows=37 loops=365)
                                  Index Cond: (wr_returned_date_sk = date_dim.d_date_sk)
                      ->  Index Scan using pk_customer_address on customer_address customer_address_1  (cost=0.29..0.33 rows=1 width=11) (actual time=0.001..0.001 rows=1 loops=13607)
                            Index Cond: (ca_address_sk = web_returns.wr_returning_addr_sk)
  ->  Sort  (cost=2706.72..2706.72 rows=1 width=226) (actual time=15954.888..15954.890 rows=36 loops=1)
        Sort Key: customer.c_customer_id, customer.c_salutation, customer.c_first_name, customer.c_last_name, customer.c_preferred_cust_flag, customer.c_birth_day, customer.c_birth_month, customer.c_birth_year, customer.c_birth_country, customer.c_login, customer.c_email_address, customer.c_last_review_date_sk, ctr1.ctr_total_return
        Sort Method: quicksort  Memory: 34kB
        ->  Nested Loop  (cost=0.58..2706.71 rows=1 width=226) (actual time=517.374..15954.814 rows=36 loops=1)
              ->  Nested Loop  (cost=0.29..2671.39 rows=109 width=234) (actual time=55.417..15947.505 rows=3224 loops=1)
                    ->  CTE Scan on customer_total_return ctr1  (cost=0.00..2419.80 rows=109 width=16) (actual time=55.406..15937.310 rows=3243 loops=1)
                          Filter: (ctr_total_return > (SubPlan 2))
                          Rows Removed by Filter: 9867
                          SubPlan 2
                            ->  Aggregate  (cost=7.37..7.38 rows=1 width=8) (actual time=1.212..1.212 rows=1 loops=13110)
                                  ->  CTE Scan on customer_total_return ctr2  (cost=0.00..7.36 rows=2 width=8) (actual time=0.033..1.183 rows=377 loops=13110)
                                        Filter: (ctr1.ctr_state = ctr_state)
                                        Rows Removed by Filter: 12733
                    ->  Index Scan using pk_customer on customer  (cost=0.29..2.31 rows=1 width=234) (actual time=0.002..0.002 rows=1 loops=3243)
                          Index Cond: (c_customer_sk = ctr1.ctr_customer_sk)
              ->  Index Scan using pk_customer_address on customer_address  (cost=0.29..0.32 rows=1 width=8) (actual time=0.002..0.002 rows=0 loops=3224)
                    Index Cond: (ca_address_sk = customer.c_current_addr_sk)
                    Filter: (ca_state = 'OR'::bpchar)
                    Rows Removed by Filter: 1
  c_customer_id   | c_salutation |     c_first_name     |          c_last_name           | c_preferred_cust_flag | c_birth_day | c_birth_month | c_birth_year |  c_birth_country   | c_login |                  c_email_address                   | c_last_review_date_sk | ctr_total_return 
------------------+--------------+----------------------+--------------------------------+-----------------------+-------------+---------------+--------------+--------------------+---------+----------------------------------------------------+-----------------------+------------------
 AAAAAAAAAHACBAAA | Ms.          | Nicole               | Dial                           | Y                     |          14 |            12 |         1928 | TURKEY             |         | Nicole.Dial@0qAI3yMJIHCg.edu                       |               2452559 |           2121.6
 AAAAAAAAALKFBAAA | Miss         | Betty                | Wells                          | N                     |          22 |            12 |         1932 | AMERICAN SAMOA     |         | Betty.Wells@YUY3Y2vp.edu                           |               2452334 |          1696.02
 AAAAAAAABAOGAAAA | Mr.          | Michael              | Bush                           | N                     |          20 |             4 |         1929 | GUAM               |         | Michael.Bush@XP3vdV.edu                            |               2452367 |          2276.82
 AAAAAAAABDGDBAAA | Miss         | Amber                | Johnson                        | Y                     |          10 |             8 |         1951 | CANADA             |         | Amber.Johnson@dp0Tk2KmOeJ.org                      |               2452317 |             1758
 AAAAAAAABGDOAAAA | Dr.          | Dan                  | Anderson                       | N                     |          22 |             9 |         1963 | INDIA              |         | Dan.Anderson@vrpGUm9J1PF.edu                       |               2452641 |          3627.32
 AAAAAAAABKMIAAAA | Miss         | Susan                | Hurt                           | Y                     |          26 |            11 |         1978 | PUERTO RICO        |         | Susan.Hurt@H0ny3.com                               |               2452640 |           2659.4
 AAAAAAAACFNOAAAA | Dr.          | Lee                  | Cobb                           | N                     |          28 |             3 |         1927 | MALAYSIA           |         | Lee.Cobb@KthBFcB3xx.com                            |               2452528 |           1892.8
 AAAAAAAACIPDAAAA | Sir          | Robert               | Holton                         | N                     |          28 |             3 |         1930 | ITALY              |         | Robert.Holton@onRnYmgam8r5VA.org                   |               2452414 |          3573.24
 AAAAAAAADAKEAAAA | Mr.          | Kenneth              | Mcgowan                        | N                     |           1 |             5 |         1972 | ZIMBABWE           |         | Kenneth.Mcgowan@9MjzGENAa0Y.com                    |               2452579 |          8120.25
 AAAAAAAADGOBBAAA | Dr.          | Tomas                | West                           | Y                     |           5 |             3 |         1972 | ICELAND            |         | Tomas.West@XGfo1B0fUC.edu                          |               2452618 |          1961.78
 AAAAAAAADLOHBAAA | Mr.          | Michael              | Braxton                        | N                     |          14 |             9 |         1942 | POLAND             |         | Michael.Braxton@t3f9iyvo41dQ.org                   |               2452565 |          4557.42
 AAAAAAAADPHDAAAA | Mrs.         | Kimberly             | Mercer                         | Y                     |           8 |            11 |         1974 | MALDIVES           |         | Kimberly.Mercer@35oT4Ds39E.com                     |               2452446 |         10453.47
 AAAAAAAAEJFABAAA | Dr.          | Richard              | Martin                         | Y                     |          22 |             2 |         1953 | TURKMENISTAN       |         | Richard.Martin@apDh9JxCXM2Z.org                    |               2452623 |          5088.75
 AAAAAAAAEKKDAAAA | Dr.          | Robert               | Martin                         | N                     |          18 |             4 |         1969 | UGANDA             |         | Robert.Martin@lcRIrqjn7pFaQm.edu                   |               2452363 |             3834
 AAAAAAAAFAHEBAAA | Mr.          | Aubrey               | Stafford                       | N                     |          31 |            10 |         1976 | WESTERN SAHARA     |         | Aubrey.Stafford@ooUjj8XcQKBN.edu                   |               2452308 |           2114.1
 AAAAAAAAFEKCAAAA | Mr.          | Michael              | Person                         | Y                     |          12 |            10 |         1957 | CANADA             |         | Michael.Person@8DHmD.org                           |               2452536 |          3199.02
 AAAAAAAAGBCLAAAA | Mrs.         | Takako               | Downey                         | N                     |          25 |            10 |         1977 | SAMOA              |         | Takako.Downey@CBjjAK8B9aNvtA1CAl3.edu              |               2452554 |           2398.4
 AAAAAAAAGBPHAAAA | Mrs.         | Samantha             | Rivera                         | Y                     |          13 |             5 |         1982 | MAURITIUS          |         | Samantha.Rivera@hksjmsqF9V.org                     |               2452331 |           4079.7
 AAAAAAAAGDIPAAAA | Dr.          | Dwayne               | Howard                         | N                     |          10 |            10 |         1964 | UZBEKISTAN         |         | Dwayne.Howard@YYC.com                              |               2452515 |          3159.66
 AAAAAAAAGNMMAAAA | Dr.          | Kathryn              | Morgan                         | Y                     |          21 |            10 |         1928 | BAHRAIN            |         | Kathryn.Morgan@0l2YGIm.org                         |               2452476 |          2558.29
 AAAAAAAAGPNBBAAA | Dr.          | Dustin               | Simmons                        | N                     |           5 |            12 |         1947 | IRAQ               |         | Dustin.Simmons@jRsUaJv01I93oMf.com                 |               2452480 |          2341.74
 AAAAAAAAHKKMAAAA | Dr.          | Ethel                | Mata                           | N                     |           5 |            11 |         1961 | ALAND ISLANDS      |         | Ethel.Mata@DX.com                                  |               2452599 |          8620.45
 AAAAAAAAIHIFBAAA | Sir          | Mark                 | Lockhart                       | N                     |          23 |             2 |         1988 | MACAO              |         | Mark.Lockhart@KdfkqfeNH499p5.edu                   |               2452491 |          3318.48
 AAAAAAAAKBJGBAAA | Mr.          | Glenn                | Cuevas                         | N                     |          17 |             5 |         1945 | BAHAMAS            |         | Glenn.Cuevas@AAXMbNfQBCH0.com                      |               2452390 |          2634.12
 AAAAAAAAKHKBAAAA | Sir          | Rodrigo              | Lee                            | N                     |           5 |             2 |         1940 | GUINEA-BISSAU      |         | Rodrigo.Lee@svd6YbUEnE.org                         |               2452593 |          6553.63
 AAAAAAAAMEMGBAAA | Mr.          | Herman               | Jackson                        | Y                     |          27 |             5 |         1944 | UGANDA             |         | Herman.Jackson@FuL9Qnc4QDGJe.org                   |               2452298 |          5186.36
 AAAAAAAAMGKABAAA | Mrs.         | Shaina               | Barnes                         | Y                     |          20 |             9 |         1971 | KOREA, REPUBLIC OF |         | Shaina.Barnes@SSSaZ4al.edu                         |               2452585 |          2253.25
 AAAAAAAAMHNLAAAA | Dr.          | Nelson               | Cox                            | N                     |           3 |             3 |         1990 | SRI LANKA          |         | Nelson.Cox@CxsUZrxj3K.org                          |               2452572 |          2435.04
 AAAAAAAAMIEKAAAA | Dr.          | Janice               | Roberts                        | Y                     |          25 |            11 |         1961 | WALLIS AND FUTUNA  |         | Janice.Roberts@urVZ0D.edu                          |               2452382 |          1830.42
 AAAAAAAAMMCDAAAA | Miss         | Peggy                | Kunkel                         | Y                     |           7 |             5 |         1976 | JORDAN             |         | Peggy.Kunkel@3TkXd.org                             |               2452371 |          4385.32
 AAAAAAAAMMCDAAAA | Miss         | Peggy                | Kunkel                         | Y                     |           7 |             5 |         1976 | JORDAN             |         | Peggy.Kunkel@3TkXd.org                             |               2452371 |          5865.75
 AAAAAAAANPKMAAAA | Dr.          | Gertrude             | Brown                          | Y                     |          11 |             8 |         1942 | ROMANIA            |         | Gertrude.Brown@XEv4B6gJ8Mq.org                     |               2452575 |           1872.8
 AAAAAAAAOKPAAAAA | Ms.          | Gema                 | Hairston                       | N                     |           6 |             2 |         1990 | WALLIS AND FUTUNA  |         | Gema.Hairston@eaE.org                              |               2452405 |          7494.62
 AAAAAAAAOOKFBAAA | Miss         | Cheryl               | Lee                            | Y                     |          26 |             4 |         1964 | BENIN              |         | Cheryl.Lee@ak4sdb6C5ATo.org                        |               2452578 |          5712.66
 AAAAAAAAOPLAAAAA | Miss         | Krystal              | Sutton                         | N                     |          17 |             6 |         1977 | JAMAICA            |         | Krystal.Sutton@ggQc5Hnv.edu                        |               2452620 |          4849.64
 AAAAAAAAPLKDBAAA | Mrs.         | Karen                | Gleason                        | N                     |           8 |            12 |         1951 | BELGIUM            |         | Karen.Gleason@gGtZ1c6SQ1e9c.edu                    |               2452354 |          3393.02
(36 rows)

UPDATE time_statistics SET e_time = TRANSACTION_TIMESTAMP() WHERE template = 'query30.tpl' AND stream = 7;
psql:/tmp/s1-basline/throughput/query_7.sql:495: NOTICE:  duration: 0.079 ms  plan:
Query Text: UPDATE time_statistics SET e_time = TRANSACTION_TIMESTAMP() WHERE template = 'query30.tpl' AND stream = 7;
Update on time_statistics  (cost=0.00..16.54 rows=0 width=0) (actual time=0.079..0.079 rows=0 loops=1)
  ->  Seq Scan on time_statistics  (cost=0.00..16.54 rows=1 width=14) (actual time=0.064..0.065 rows=1 loops=1)
        Filter: ((template = 'query30.tpl'::text) AND (stream = 7))
        Rows Removed by Filter: 471
UPDATE 1
LOAD 'auto_explain'; SET auto_explain.log_min_duration TO 0; SET auto_explain.log_analyze TO on; SET auto_explain.log_level TO notice; INSERT INTO time_statistics (template, s_time, stream, query, seed) VALUES ('query34.tpl', TRANSACTION_TIMESTAMP(), 7, 12, 1940639590);
LOAD
SET
SET
SET
psql:/tmp/s1-basline/throughput/query_7.sql:496: NOTICE:  duration: 0.008 ms  plan:
Query Text: INSERT INTO time_statistics (template, s_time, stream, query, seed) VALUES ('query34.tpl', TRANSACTION_TIMESTAMP(), 7, 12, 1940639590);
Insert on time_statistics  (cost=0.00..0.01 rows=0 width=0) (actual time=0.008..0.008 rows=0 loops=1)
  ->  Result  (cost=0.00..0.01 rows=1 width=64) (actual time=0.001..0.002 rows=1 loops=1)
INSERT 0 1
select c_last_name
       ,c_first_name
       ,c_salutation
       ,c_preferred_cust_flag
       ,ss_ticket_number
       ,cnt from
   (select ss_ticket_number
          ,ss_customer_sk
          ,count(*) cnt
    from store_sales,date_dim,store,household_demographics
    where store_sales.ss_sold_date_sk = date_dim.d_date_sk
    and store_sales.ss_store_sk = store.s_store_sk  
    and store_sales.ss_hdemo_sk = household_demographics.hd_demo_sk
    and (date_dim.d_dom between 1 and 3 or date_dim.d_dom between 25 and 28)
    and (household_demographics.hd_buy_potential = '>10000' or
         household_demographics.hd_buy_potential = '5001-10000')
    and household_demographics.hd_vehicle_count > 0
    and (case when household_demographics.hd_vehicle_count > 0 
	then household_demographics.hd_dep_count/ household_demographics.hd_vehicle_count 
	else null 
	end)  > 1.2
    and date_dim.d_year in (1998,1998+1,1998+2)
    and store.s_county in ('Williamson County','Williamson County','Williamson County','Williamson County',
                           'Williamson County','Williamson County','Williamson County','Williamson County')
    group by ss_ticket_number,ss_customer_sk) dn,customer
    where ss_customer_sk = c_customer_sk
      and cnt between 15 and 20
    order by c_last_name,c_first_name,c_salutation,c_preferred_cust_flag desc, ss_ticket_number;
psql:/tmp/s1-basline/throughput/query_7.sql:524: NOTICE:  duration: 376.065 ms  plan:
Query Text: select c_last_name
       ,c_first_name
       ,c_salutation
       ,c_preferred_cust_flag
       ,ss_ticket_number
       ,cnt from
   (select ss_ticket_number
          ,ss_customer_sk
          ,count(*) cnt
    from store_sales,date_dim,store,household_demographics
    where store_sales.ss_sold_date_sk = date_dim.d_date_sk
    and store_sales.ss_store_sk = store.s_store_sk  
    and store_sales.ss_hdemo_sk = household_demographics.hd_demo_sk
    and (date_dim.d_dom between 1 and 3 or date_dim.d_dom between 25 and 28)
    and (household_demographics.hd_buy_potential = '>10000' or
         household_demographics.hd_buy_potential = '5001-10000')
    and household_demographics.hd_vehicle_count > 0
    and (case when household_demographics.hd_vehicle_count > 0 
	then household_demographics.hd_dep_count/ household_demographics.hd_vehicle_count 
	else null 
	end)  > 1.2
    and date_dim.d_year in (1998,1998+1,1998+2)
    and store.s_county in ('Williamson County','Williamson County','Williamson County','Williamson County',
                           'Williamson County','Williamson County','Williamson County','Williamson County')
    group by ss_ticket_number,ss_customer_sk) dn,customer
    where ss_customer_sk = c_customer_sk
      and cnt between 15 and 20
    order by c_last_name,c_first_name,c_salutation,c_preferred_cust_flag desc, ss_ticket_number;
Sort  (cost=92697.92..92698.07 rows=61 width=81) (actual time=306.634..375.914 rows=332 loops=1)
  Sort Key: customer.c_last_name, customer.c_first_name, customer.c_salutation, customer.c_preferred_cust_flag DESC, store_sales.ss_ticket_number
  Sort Method: quicksort  Memory: 65kB
  ->  Nested Loop  (cost=92479.84..92696.11 rows=61 width=81) (actual time=301.623..375.481 rows=332 loops=1)
        ->  Finalize GroupAggregate  (cost=92479.55..92548.99 rows=61 width=24) (actual time=301.610..374.462 rows=332 loops=1)
              Group Key: store_sales.ss_ticket_number, store_sales.ss_customer_sk
              Filter: ((count(*) >= 15) AND (count(*) <= 20))
              Rows Removed by Filter: 3522
              ->  Gather Merge  (cost=92479.55..92537.24 rows=460 width=24) (actual time=301.601..373.628 rows=3880 loops=1)
                    Workers Planned: 2
                    Workers Launched: 2
                    ->  Partial GroupAggregate  (cost=91479.52..91484.12 rows=230 width=24) (actual time=296.793..298.607 rows=1293 loops=3)
                          Group Key: store_sales.ss_ticket_number, store_sales.ss_customer_sk
                          ->  Sort  (cost=91479.52..91480.10 rows=230 width=16) (actual time=296.786..297.282 rows=13247 loops=3)
                                Sort Key: store_sales.ss_ticket_number, store_sales.ss_customer_sk
                                Sort Method: quicksort  Memory: 1693kB
                                Worker 0:  Sort Method: quicksort  Memory: 1018kB
                                Worker 1:  Sort Method: quicksort  Memory: 999kB
                                ->  Hash Join  (cost=265.81..91470.50 rows=230 width=16) (actual time=2.318..294.107 rows=13247 loops=3)
                                      Hash Cond: (store_sales.ss_store_sk = store.s_store_sk)
                                      ->  Nested Loop  (cost=264.42..91468.26 rows=242 width=24) (actual time=2.246..291.949 rows=13412 loops=3)
                                            ->  Hash Join  (cost=264.11..88927.00 rows=77987 width=32) (actual time=1.561..261.695 rows=100147 loops=3)
                                                  Hash Cond: (store_sales.ss_hdemo_sk = household_demographics.hd_demo_sk)
                                                  ->  Parallel Seq Scan on store_sales  (cost=0.00..85499.45 rows=1204445 width=40) (actual time=0.016..127.705 rows=948150 loops=3)
                                                  ->  Hash  (cost=258.00..258.00 rows=489 width=8) (actual time=1.529..1.530 rows=800 loops=3)
                                                        Buckets: 1024  Batches: 1  Memory Usage: 40kB
                                                        ->  Seq Scan on household_demographics  (cost=0.00..258.00 rows=489 width=8) (actual time=0.256..1.430 rows=800 loops=3)
                                                              Filter: ((hd_vehicle_count > 0) AND ((hd_buy_potential = '>10000'::bpchar) OR (hd_buy_potential = '5001-10000'::bpchar)) AND ((CASE WHEN (hd_vehicle_count > 0) THEN (hd_dep_count / hd_vehicle_count) ELSE NULL::integer END)::numeric > 1.2))
                                                              Rows Removed by Filter: 6400
                                            ->  Memoize  (cost=0.30..0.33 rows=1 width=8) (actual time=0.000..0.000 rows=0 loops=300440)
                                                  Cache Key: store_sales.ss_sold_date_sk
                                                  Cache Mode: logical
                                                  Hits: 126156  Misses: 1783  Evictions: 0  Overflows: 0  Memory Usage: 136kB
                                                  Worker 0:  Hits: 84326  Misses: 1718  Evictions: 0  Overflows: 0  Memory Usage: 130kB
                                                  Worker 1:  Hits: 84740  Misses: 1717  Evictions: 0  Overflows: 0  Memory Usage: 131kB
                                                  ->  Index Scan using pk_date_dim on date_dim  (cost=0.29..0.32 rows=1 width=8) (actual time=0.002..0.002 rows=0 loops=5218)
                                                        Index Cond: (d_date_sk = store_sales.ss_sold_date_sk)
                                                        Filter: ((d_year = ANY ('{1998,1999,2000}'::integer[])) AND (((d_dom >= 1) AND (d_dom <= 3)) OR ((d_dom >= 25) AND (d_dom <= 28))))
                                                        Rows Removed by Filter: 1
                                      ->  Hash  (cost=1.24..1.24 rows=12 width=8) (actual time=0.040..0.040 rows=12 loops=3)
                                            Buckets: 1024  Batches: 1  Memory Usage: 9kB
                                            ->  Seq Scan on store  (cost=0.00..1.24 rows=12 width=8) (actual time=0.031..0.036 rows=12 loops=3)
                                                  Filter: ((s_county)::text = ANY ('{"Williamson County","Williamson County","Williamson County","Williamson County","Williamson County","Williamson County","Williamson County","Williamson County"}'::text[]))
        ->  Index Scan using pk_customer on customer  (cost=0.29..2.40 rows=1 width=73) (actual time=0.003..0.003 rows=1 loops=332)
              Index Cond: (c_customer_sk = store_sales.ss_customer_sk)
          c_last_name           |     c_first_name     | c_salutation | c_preferred_cust_flag | ss_ticket_number | cnt 
--------------------------------+----------------------+--------------+-----------------------+------------------+-----
 Abney                          | Erma                 | Miss         | Y                     |            55729 |  16
 Adams                          | David                | Sir          | N                     |           228404 |  15
 Adams                          | Warren               | Sir          | N                     |           194778 |  16
 Alfred                         | Anne                 | Dr.          | Y                     |           113539 |  15
 Allen                          | Daniel               | Sir          | N                     |           192399 |  16
 Andersen                       | Michael              | Sir          | Y                     |           145639 |  15
 Anderson                       | Daniel               | Mr.          | Y                     |            85977 |  16
 Anderson                       | Joyce                | Miss         | Y                     |             4212 |  15
 Andrade                        | Marilyn              | Ms.          | N                     |            12245 |  15
 Ault                           | Gerald               | Mr.          | N                     |           239073 |  15
 Ayala                          |                      | Sir          | Y                     |             9370 |  15
 Babcock                        | Harold               | Mr.          | N                     |           158243 |  15
 Baker                          | Nelson               | Sir          | Y                     |           163080 |  15
 Baumgardner                    | Richard              |              |                       |            42252 |  15
 Beatty                         | Kira                 | Miss         | N                     |            39285 |  15
 Belcher                        | Bill                 | Dr.          | Y                     |           205189 |  15
 Bergstrom                      | Magdalena            | Ms.          | N                     |           103588 |  15
 Berlin                         | Anthony              | Miss         | N                     |           174757 |  16
 Bevins                         | Sandra               |              |                       |           195015 |  16
 Bishop                         |                      |              | Y                     |           209260 |  15
 Blair                          | John                 | Mr.          | Y                     |           196888 |  15
 Bland                          | Lillie               | Ms.          | N                     |            30850 |  15
 Blankenship                    | Anna                 | Mrs.         | N                     |              998 |  15
 Blodgett                       | Martha               | Dr.          | Y                     |              357 |  16
 Blum                           | John                 | Mr.          | N                     |            62574 |  15
 Boone                          | Danny                | Mr.          | N                     |           219462 |  15
 Bowman                         | Bertha               | Mrs.         | Y                     |             7440 |  15
 Boyd                           | Richard              | Mr.          | Y                     |            67442 |  16
 Braxton                        | Arleen               | Miss         | N                     |            51405 |  16
 Brewer                         | Christina            | Ms.          | N                     |            30282 |  15
 Bridges                        | Jennifer             | Miss         | N                     |            37489 |  15
 Briggs                         | Florence             | Ms.          | N                     |            69608 |  15
 Brown                          | Lisa                 |              |                       |            39154 |  15
 Brown                          | Margaret             | Dr.          | N                     |           161310 |  15
 Brown                          | Sheri                | Miss         | N                     |            11420 |  15
 Brunson                        | Jeremy               | Dr.          | N                     |           120310 |  15
 Bryant                         | Manuel               | Dr.          | N                     |           162938 |  15
 Buckley                        | Gloria               | Dr.          | Y                     |            55234 |  15
 Burr                           | Robert               | Dr.          | Y                     |           117728 |  15
 Burton                         | Wendy                | Miss         | N                     |            58580 |  15
 Byrd                           | Joshua               | Mr.          | N                     |           203339 |  16
 Cable                          | Rosella              | Dr.          | Y                     |            86397 |  16
 Call                           | John                 | Mr.          | N                     |           140367 |  15
 Calvin                         | Donald               | Dr.          | Y                     |            49261 |  15
 Campbell                       | James                | Dr.          | Y                     |           181686 |  15
 Campbell                       | Juanita              | Mrs.         | Y                     |            41477 |  15
 Campbell                       | Lorraine             | Dr.          | N                     |            30219 |  15
 Campbell                       | Rosalie              | Dr.          | Y                     |            65192 |  15
 Cantu                          | Peter                | Sir          | N                     |            90811 |  15
 Caro                           | Man                  | Sir          | N                     |           118473 |  15
 Casey                          | James                | Sir          | Y                     |            70183 |  15
 Castro                         | Ashley               | Miss         | Y                     |           154796 |  15
 Catron                         | Suzanne              | Mrs.         | Y                     |            13695 |  15
 Causey                         | Brenna               | Miss         | N                     |           101470 |  15
 Chapman                        | Joe                  | Dr.          | Y                     |            35502 |  15
 Chavez                         | Kesha                | Mrs.         | N                     |            62653 |  15
 Chen                           | Bernice              | Miss         | Y                     |           178647 |  16
 Childs                         | Allen                | Dr.          | Y                     |           129777 |  15
 Childs                         | Don                  | Sir          | Y                     |            44526 |  16
 Chow                           | Philip               | Dr.          | N                     |           187030 |  15
 Clark                          | Rocco                | Dr.          | Y                     |           190834 |  15
 Cline                          | Jessie               | Dr.          | N                     |           161954 |  16
 Cochran                        | Donnie               | Dr.          | N                     |           174055 |  15
 Coffin                         | Samuel               | Dr.          | N                     |           188364 |  15
 Cole                           | Lashonda             | Mrs.         | Y                     |           100216 |  15
 Coleman                        | Deborah              | Mrs.         | N                     |           231861 |  15
 Conn                           | Luise                | Mrs.         | Y                     |           133687 |  16
 Costello                       | Henry                | Dr.          | Y                     |            56458 |  15
 Cox                            | Lloyd                | Dr.          | N                     |            32747 |  15
 Crawford                       | Cathern              | Dr.          | Y                     |            97499 |  15
 Crook                          | Freddie              | Mr.          | Y                     |            10083 |  15
 Cummins                        | Betty                | Ms.          | N                     |           146367 |  15
 Dallas                         | Chester              | Dr.          | N                     |           128786 |  16
 Davis                          | George               | Sir          | Y                     |            57594 |  16
 Davis                          | Penny                | Miss         | N                     |           136958 |  15
 Dell                           | Howard               | Sir          | N                     |            72550 |  15
 Deyoung                        | Myrtle               | Miss         | Y                     |           166630 |  15
 Donaldson                      | Bryan                | Mr.          | Y                     |           139730 |  15
 Driscoll                       | Micheline            | Ms.          | N                     |           213261 |  16
 Drummond                       | Jonathan             | Dr.          | Y                     |            42787 |  15
 Dubois                         | Fernando             | Sir          | Y                     |           119233 |  15
 Duffy                          | Jared                | Dr.          | N                     |           206881 |  15
 Edwards                        | Noel                 | Dr.          | N                     |           112223 |  16
 Elliott                        | Sharon               | Ms.          | N                     |           229064 |  15
 Elliott                        | Tamera               | Mrs.         | N                     |            83243 |  16
 Ellison                        | Ellen                | Miss         | Y                     |            42487 |  15
 Ennis                          | John                 | Mr.          | Y                     |           129866 |  15
 Escobar                        | Tammy                | Ms.          | N                     |           114733 |  15
 Evans                          | Timothy              | Mr.          | N                     |           158640 |  15
 Fenner                         | Harry                | Mr.          | Y                     |           229346 |  15
 Figueroa                       | Carl                 | Sir          | Y                     |           192902 |  15
 Finch                          | Stephanie            | Miss         | Y                     |            29834 |  15
 Flynn                          | Manuel               | Dr.          | Y                     |           229642 |  15
 Foley                          | Paul                 | Sir          | N                     |            98509 |  16
 Fortenberry                    | Christopher          | Dr.          | Y                     |            41808 |  15
 Frost                          | Maricela             | Mrs.         | Y                     |            33336 |  16
 Fulkerson                      | Lawrence             | Sir          | Y                     |           227615 |  15
 Gaddis                         | Tricia               | Ms.          | N                     |             1306 |  15
 Gaines                         | Ruth                 | Mrs.         | Y                     |            52783 |  15
 Gallegos                       | Scottie              | Mr.          | N                     |            39387 |  15
 Garber                         | Brian                | Mr.          | N                     |           207420 |  15
 Garcia                         | Christina            |              | N                     |           215880 |  16
 Garcia                         | Richard              | Mr.          | N                     |           198336 |  16
 Gardner                        | Esther               | Ms.          | N                     |            76752 |  15
 Garrett                        | Timothy              | Sir          | N                     |            13000 |  15
 Gee                            | Richard              | Mr.          | N                     |           189763 |  15
 Gillespie                      | Nathan               | Dr.          | Y                     |            32967 |  16
 Goff                           | James                | Mr.          | Y                     |            45214 |  16
 Gragg                          | Griselda             | Ms.          | N                     |           152504 |  15
 Gray                           | John                 | Sir          | Y                     |           193491 |  15
 Gregory                        | Melinda              | Mrs.         | Y                     |           226448 |  15
 Guerra                         | Michael              | Dr.          | Y                     |           188599 |  15
 Guzman                         | Chang                | Dr.          | Y                     |            58342 |  16
 Hadley                         | Martin               | Mr.          | N                     |            59042 |  16
 Hall                           | Alan                 | Sir          | N                     |           228572 |  15
 Hall                           | Dorothy              | Mrs.         | N                     |           150437 |  15
 Hall                           | Martha               | Dr.          | Y                     |           134870 |  15
 Harman                         | Tim                  | Dr.          | N                     |            14871 |  15
 Harris                         | Albert               | Dr.          | Y                     |           181132 |  15
 Harris                         | Scott                | Mr.          | Y                     |              586 |  15
 Hart                           | Jason                | Mr.          | N                     |           120306 |  15
 Hatcher                        | Deborah              | Mrs.         | Y                     |            41727 |  15
 Hatfield                       | Gerald               | Sir          | N                     |            97748 |  15
 Hendrix                        | Anthony              | Dr.          | Y                     |           120128 |  16
 Hernandez                      | Mae                  | Miss         | Y                     |             5761 |  15
 Hester                         | Joshua               | Sir          | Y                     |           129363 |  16
 High                           | Ashleigh             | Dr.          | N                     |           102192 |  16
 Hill                           | Cory                 | Mr.          | N                     |           157015 |  16
 Hines                          | Dolores              | Dr.          | Y                     |           215957 |  15
 Hines                          | Eric                 | Sir          | Y                     |           212355 |  15
 Hoffman                        | Edda                 | Ms.          | Y                     |           126480 |  15
 Holguin                        | Theresa              | Mrs.         | N                     |            38972 |  15
 Horne                          | Melanie              | Ms.          | Y                     |            81700 |  16
 Horner                         | Oscar                | Dr.          | N                     |            38957 |  16
 Howard                         | April                | Dr.          | Y                     |           180414 |  15
 Hudson                         | John                 | Mr.          | Y                     |            20632 |  16
 Huffman                        | Susan                | Dr.          | N                     |           182025 |  15
 Hughes                         | Dorothy              | Miss         | Y                     |           207623 |  15
 Jackson                        | Nicole               | Miss         | Y                     |            54159 |  15
 James                          | Adrian               | Miss         | N                     |           124659 |  15
 James                          | Salvador             | Dr.          | Y                     |            95391 |  15
 Jeffers                        | Claire               | Ms.          | N                     |            12310 |  16
 Jenkins                        | Chad                 | Sir          | Y                     |            29769 |  16
 Jenkins                        | Ray                  | Mr.          | Y                     |           122768 |  15
 Jessup                         | Arthur               | Miss         | N                     |           168473 |  16
 John                           | Tony                 | Dr.          | Y                     |           229264 |  15
 Johnson                        | Pearlie              | Mrs.         | N                     |            51326 |  15
 Jones                          | Alan                 | Mr.          | N                     |           114404 |  15
 Jones                          | Donna                | Ms.          | Y                     |            64281 |  15
 Jones                          | Karl                 | Sir          | Y                     |            91642 |  16
 Jones                          | Warren               | Sir          | Y                     |            64428 |  15
 Jordan                         | Micheal              | Mr.          | N                     |            56844 |  15
 Justice                        | Tien                 | Dr.          | Y                     |           146672 |  15
 Keeler                         | Josh                 | Sir          | Y                     |            22785 |  15
 Keller                         | Calvin               | Dr.          | Y                     |             6601 |  15
 Kemp                           | Mark                 | Dr.          | Y                     |           132385 |  15
 Kennedy                        | Edward               | Sir          | N                     |            12057 |  16
 Kirby                          | Leonardo             | Sir          | Y                     |           128001 |  15
 Langdon                        | Humberto             | Mr.          | N                     |           125177 |  15
 Larsen                         | Sandra               | Dr.          | Y                     |           144973 |  15
 Leal                           | Helen                | Dr.          | N                     |            85008 |  16
 Leblanc                        | Nicholas             | Sir          | Y                     |            33249 |  15
 Leblanc                        | Veronica             | Miss         | N                     |           184183 |  15
 Lee                            | Crystal              | Ms.          | Y                     |           160558 |  15
 Lee                            | Melva                | Dr.          | Y                     |            77355 |  15
 Levin                          | Philip               | Sir          | Y                     |            98871 |  16
 Lim                            | Orville              | Mr.          | N                     |           121117 |  16
 Lott                           | Wendy                | Ms.          | N                     |           191118 |  16
 Love                           | Alexander            | Ms.          | N                     |            49917 |  15
 Lowe                           | Jonathan             | Mr.          | Y                     |            66515 |  15
 Lowery                         | Robert               | Dr.          | Y                     |           136138 |  15
 Malone                         | Thomas               | Sir          | N                     |           166235 |  15
 Manley                         | Lois                 | Ms.          | N                     |           227052 |  15
 Marler                         | Marcella             | Mrs.         | N                     |           184360 |  15
 Martinez                       | Candy                | Dr.          | N                     |            97915 |  15
 Martinez                       | Garrett              | Sir          | Y                     |           142253 |  15
 Mayes                          | Daniel               | Mr.          | N                     |           141541 |  15
 Mccormick                      | Warren               | Sir          | N                     |            94741 |  15
 Mcdonald                       | Ana                  | Ms.          | N                     |           105048 |  15
 Mcdonald                       | Dean                 | Sir          | Y                     |           194593 |  15
 Mcghee                         | Janice               | Mrs.         | N                     |            49864 |  16
 Mcguire                        | Aaron                | Mrs.         | N                     |            71495 |  16
 Mcguire                        | Julienne             | Dr.          | Y                     |            87765 |  16
 Mckinney                       | Marilyn              | Ms.          | Y                     |           170791 |  15
 Mclaughlin                     | Constance            | Dr.          | Y                     |           221706 |  15
 Medley                         | Frank                | Sir          | N                     |           218964 |  15
 Meeker                         | Jennifer             | Mrs.         | Y                     |           125219 |  15
 Mercado                        | Melvin               | Sir          | N                     |           133234 |  16
 Middleton                      | Trisha               | Ms.          | Y                     |           109524 |  15
 Milam                          | William              | Sir          | Y                     |           103601 |  15
 Miller                         | Julia                | Ms.          | Y                     |           183408 |  15
 Miller                         | Rita                 | Mrs.         | N                     |            38179 |  15
 Miller                         | Sarah                | Miss         | N                     |            97297 |  15
 Miller                         | Thomas               | Sir          | N                     |           233775 |  16
 Mims                           | Frank                | Sir          | Y                     |           183695 |  15
 Monroe                         | Laura                | Miss         | Y                     |            21243 |  15
 Montgomery                     | Karen                | Miss         | N                     |            42506 |  16
 Moon                           | Kristy               | Ms.          | N                     |           200106 |  15
 Moore                          | Donald               | Mr.          | N                     |           151261 |  15
 Moore                          | Mildred              | Ms.          | Y                     |            99692 |  16
 Moore                          | Noreen               | Ms.          | Y                     |            81127 |  15
 Morgan                         | Jeanette             | Ms.          | Y                     |           103945 |  15
 Morris                         | Candy                | Miss         | N                     |           121510 |  15
 Morris                         | Joshua               | Sir          | N                     |           231573 |  15
 Morrison                       | Ana                  | Dr.          | N                     |            99250 |  15
 Munoz                          | Natasha              | Ms.          | N                     |            66187 |  15
 Murphy                         | Elaine               | Ms.          | N                     |            65598 |  15
 Murphy                         | Ferdinand            | Sir          | Y                     |           124938 |  15
 Murray                         | Beatrice             | Ms.          | Y                     |           209150 |  16
 Myers                          | Diane                | Mrs.         | N                     |           160245 |  15
 Neely                          | Marissa              | Dr.          | N                     |           113362 |  15
 Nguyen                         | John                 | Mr.          | N                     |           176021 |  16
 Nichols                        | Justin               | Dr.          | Y                     |           181441 |  15
 Numbers                        | Bridget              | Miss         | Y                     |           124234 |  15
 Odell                          | Leroy                | Dr.          | N                     |           235398 |  15
 Oneill                         | Stephanie            | Dr.          | N                     |            43303 |  16
 Ortiz                          | Domingo              | Dr.          | N                     |            96842 |  16
 Overby                         | Emily                | Mrs.         | N                     |            53830 |  15
 Paige                          | Lorna                | Miss         | N                     |           162971 |  15
 Parker                         | Frank                | Dr.          | N                     |           107518 |  15
 Parrish                        | Kaitlin              | Mrs.         | N                     |            67607 |  15
 Patel                          | Lan                  | Miss         | Y                     |           221610 |  16
 Perez                          | Charles              | Sir          | N                     |           127807 |  16
 Perez                          | Rodney               | Dr.          | N                     |           159323 |  15
 Pettis                         | Tina                 | Ms.          | Y                     |           122430 |  16
 Pettit                         | Georgette            | Ms.          | N                     |           217704 |  15
 Phillips                       | Grace                | Miss         | N                     |           218095 |  15
 Phipps                         | James                | Dr.          | N                     |           133569 |  16
 Polanco                        | Gregory              | Dr.          | Y                     |            94478 |  15
 Porter                         | Deborah              | Dr.          | Y                     |           202032 |  15
 Powers                         | Taylor               | Sir          | Y                     |            37763 |  16
 Putnam                         | Rickie               | Dr.          | Y                     |            32228 |  15
 Raymond                        | Andrew               | Ms.          | Y                     |           131932 |  16
 Raymond                        | Nakesha              | Dr.          | Y                     |           213999 |  15
 Rey                            | Edward               | Dr.          | Y                     |           106288 |  15
 Ricker                         | Sandra               | Miss         | N                     |            10596 |  15
 Rivera                         | Jamel                | Sir          | N                     |           175935 |  15
 Roberts                        | Alexander            | Mrs.         | N                     |              839 |  15
 Roberts                        | James                | Sir          | Y                     |           221300 |  15
 Roberts                        | Michelle             | Miss         | N                     |           145909 |  16
 Roberts                        | Philip               | Mr.          | N                     |           152644 |  16
 Rodgers                        | Vonda                | Ms.          | N                     |           134946 |  16
 Rodriguez                      | Susie                | Miss         | N                     |           192984 |  15
 Roe                            | Robert               | Dr.          | Y                     |           124310 |  15
 Rogers                         | Nicholas             | Sir          | Y                     |           224152 |  16
 Roth                           | Bridgett             | Miss         | Y                     |            87961 |  15
 Roth                           | Lisa                 | Mrs.         | Y                     |           229151 |  16
 Rudd                           | Cynthia              | Mrs.         | N                     |           104440 |  15
 Ruffin                         | Shelia               | Dr.          | Y                     |            54846 |  15
 Russell                        | Lisa                 | Miss         | N                     |           181263 |  15
 Ryder                          | Helen                | Mrs.         | N                     |           109552 |  15
 Salas                          | Margaret             | Miss         | N                     |            52362 |  15
 Sanchez                        | William              | Mr.          | Y                     |            18573 |  16
 Sanford                        | Janet                | Mrs.         | N                     |            24340 |  15
 Sauer                          | Carey                | Dr.          | N                     |           154118 |  15
 Saxton                         | Mathew               | Mr.          | Y                     |           117481 |  15
 Schroeder                      |                      | Mrs.         |                       |           151328 |  15
 Scott                          | Kathleen             | Mrs.         | N                     |            42393 |  16
 Scott                          | Walter               | Mr.          | N                     |            59436 |  15
 Serrano                        | Shanta               | Dr.          | Y                     |           215729 |  15
 Shaw                           | Brenda               | Ms.          | N                     |           180506 |  16
 Shaw                           | Sarah                | Dr.          | N                     |            10069 |  15
 Shell                          | Gary                 | Mr.          | Y                     |           211484 |  15
 Sherrill                       | Blake                | Dr.          | N                     |           229634 |  15
 Shields                        | Richard              | Dr.          | N                     |           164918 |  15
 Smith                          | Danielle             |              | N                     |            64216 |  15
 Smith                          | Sharee               | Mrs.         | Y                     |           181270 |  15
 Snell                          | Ronald               | Mr.          | N                     |           111773 |  16
 Snyder                         | Ray                  | Sir          | Y                     |            49591 |  15
 Spain                          | Hellen               | Mrs.         | Y                     |            71163 |  15
 Spears                         | Veronica             | Mrs.         | N                     |           158151 |  15
 Stafford                       | Crystal              | Ms.          | N                     |            26517 |  15
 Staton                         | Nicole               | Miss         | Y                     |            87461 |  15
 Stokes                         | Aaron                | Ms.          | N                     |           109128 |  15
 Stone                          | Leonard              | Sir          | N                     |           203315 |  15
 Stone                          | Lorraine             | Mrs.         | N                     |           101271 |  16
 Suggs                          | Hope                 | Miss         | Y                     |           215010 |  15
 Switzer                        | Kevin                | Sir          | Y                     |           132141 |  15
 Sylvester                      | Susan                | Dr.          | Y                     |           167719 |  15
 Tapp                           | Derek                | Sir          | N                     |           130577 |  16
 Taylor                         | Betty                | Ms.          | N                     |           177584 |  15
 Taylor                         | James                | Sir          | Y                     |            87185 |  15
 Taylor                         |                      | Miss         | N                     |           188142 |  15
 Thacker                        |                      | Sir          |                       |            77533 |  15
 Thomason                       | Becky                | Miss         | Y                     |           195380 |  16
 Tillman                        | Vivian               | Ms.          | Y                     |            79676 |  15
 Tipton                         | Alanna               | Miss         | N                     |            64051 |  16
 Todd                           | Francis              | Dr.          | N                     |           199350 |  16
 Tovar                          | Luis                 | Sir          | Y                     |           205323 |  15
 Turner                         | Jacquelyn            | Mrs.         | Y                     |            29996 |  15
 Van                            | Joseph               | Sir          | Y                     |            81554 |  16
 Vang                           | Joseph               | Mr.          | N                     |           199954 |  15
 Vasquez                        | Stephen              | Mr.          | Y                     |           192716 |  16
 Villegas                       | Teresita             | Mrs.         | Y                     |           107624 |  16
 Vogel                          | Paul                 | Sir          | N                     |           204993 |  15
 Wade                           | Evelyn               | Miss         | Y                     |           129716 |  15
 Wallace                        | John                 | Sir          | N                     |             6202 |  15
 Washington                     | Peggy                | Ms.          | N                     |           120401 |  15
 Watson                         | Gary                 | Mr.          | N                     |           171865 |  16
 Webb                           | My                   | Dr.          | N                     |           110310 |  15
 Wesley                         | Tina                 | Ms.          | N                     |           134027 |  15
 Westmoreland                   | Craig                | Mr.          | Y                     |           209299 |  15
 Westmoreland                   | Sandra               | Mrs.         | N                     |           228651 |  15
 Wheeler                        | Betty                | Miss         | Y                     |           227561 |  15
 White                          | Evelyn               | Miss         | Y                     |           235108 |  15
 Whitfield                      | Harriett             | Dr.          | N                     |           222198 |  16
 Wiggins                        | Raymond              | Mr.          | Y                     |            41880 |  16
 Wilhelm                        | Carole               | Mrs.         | Y                     |           229126 |  15
 Williams                       | Adam                 | Miss         | N                     |           219848 |  15
 Williams                       | John                 | Mr.          | Y                     |           229190 |  15
 Williams                       | Ryan                 | Dr.          | Y                     |            88050 |  15
 Wilson                         | Cindy                | Dr.          | Y                     |           123490 |  15
 Wilson                         | Shawn                | Dr.          | N                     |           228791 |  15
 Wise                           | Ronnie               | Sir          | Y                     |           100856 |  16
 Wolf                           | Billy                | Sir          | N                     |           150640 |  15
 Yanez                          | Michael              | Dr.          | Y                     |           155891 |  15
 Yoder                          | Michael              | Mr.          | Y                     |            62700 |  15
 Young                          | Carolyn              | Dr.          | Y                     |            61927 |  15
 Young                          | Doris                | Ms.          | N                     |            75793 |  15
 Yu                             | Florence             | Ms.          | Y                     |            53361 |  15
                                | Douglas              |              | N                     |           169637 |  15
                                | Eleanor              |              | N                     |            90416 |  16
                                | James                | Sir          | Y                     |           175992 |  15
                                | Jeremy               |              |                       |             2224 |  15
                                | Joseph               | Dr.          |                       |            63776 |  15
                                | Larry                | Sir          |                       |            47676 |  15
                                | Robert               |              | N                     |            46379 |  15
                                | Taylor               | Sir          | N                     |           107354 |  16
                                |                      | Mr.          |                       |           221961 |  15
                                |                      | Ms.          |                       |             7100 |  15
                                |                      | Sir          | N                     |           171005 |  16
                                |                      |              |                       |           171307 |  15
(332 rows)

UPDATE time_statistics SET e_time = TRANSACTION_TIMESTAMP() WHERE template = 'query34.tpl' AND stream = 7;
psql:/tmp/s1-basline/throughput/query_7.sql:526: NOTICE:  duration: 0.078 ms  plan:
Query Text: UPDATE time_statistics SET e_time = TRANSACTION_TIMESTAMP() WHERE template = 'query34.tpl' AND stream = 7;
Update on time_statistics  (cost=0.00..16.54 rows=0 width=0) (actual time=0.078..0.078 rows=0 loops=1)
  ->  Seq Scan on time_statistics  (cost=0.00..16.54 rows=1 width=14) (actual time=0.063..0.063 rows=1 loops=1)
        Filter: ((template = 'query34.tpl'::text) AND (stream = 7))
        Rows Removed by Filter: 472
UPDATE 1
LOAD 'auto_explain'; SET auto_explain.log_min_duration TO 0; SET auto_explain.log_analyze TO on; SET auto_explain.log_level TO notice; INSERT INTO time_statistics (template, s_time, stream, query, seed) VALUES ('query13.tpl', TRANSACTION_TIMESTAMP(), 7, 13, 1856091896);
LOAD
SET
SET
SET
psql:/tmp/s1-basline/throughput/query_7.sql:527: NOTICE:  duration: 0.010 ms  plan:
Query Text: INSERT INTO time_statistics (template, s_time, stream, query, seed) VALUES ('query13.tpl', TRANSACTION_TIMESTAMP(), 7, 13, 1856091896);
Insert on time_statistics  (cost=0.00..0.01 rows=0 width=0) (actual time=0.009..0.009 rows=0 loops=1)
  ->  Result  (cost=0.00..0.01 rows=1 width=64) (actual time=0.002..0.002 rows=1 loops=1)
INSERT 0 1
select avg(ss_quantity)
       ,avg(ss_ext_sales_price)
       ,avg(ss_ext_wholesale_cost)
       ,sum(ss_ext_wholesale_cost)
 from store_sales
     ,store
     ,customer_demographics
     ,household_demographics
     ,customer_address
     ,date_dim
 where s_store_sk = ss_store_sk
 and  ss_sold_date_sk = d_date_sk and d_year = 2001
 and((ss_hdemo_sk=hd_demo_sk
  and cd_demo_sk = ss_cdemo_sk
  and cd_marital_status = 'U'
  and cd_education_status = 'College'
  and ss_sales_price between 100.00 and 150.00
  and hd_dep_count = 3   
     )or
     (ss_hdemo_sk=hd_demo_sk
  and cd_demo_sk = ss_cdemo_sk
  and cd_marital_status = 'W'
  and cd_education_status = '4 yr Degree'
  and ss_sales_price between 50.00 and 100.00   
  and hd_dep_count = 1
     ) or 
     (ss_hdemo_sk=hd_demo_sk
  and cd_demo_sk = ss_cdemo_sk
  and cd_marital_status = 'M'
  and cd_education_status = 'Advanced Degree'
  and ss_sales_price between 150.00 and 200.00 
  and hd_dep_count = 1  
     ))
 and((ss_addr_sk = ca_address_sk
  and ca_country = 'United States'
  and ca_state in ('NE', 'VA', 'TN')
  and ss_net_profit between 100 and 200  
     ) or
     (ss_addr_sk = ca_address_sk
  and ca_country = 'United States'
  and ca_state in ('IL', 'SD', 'SC')
  and ss_net_profit between 150 and 300  
     ) or
     (ss_addr_sk = ca_address_sk
  and ca_country = 'United States'
  and ca_state in ('WY', 'ID', 'CO')
  and ss_net_profit between 50 and 250  
     ))
;
psql:/tmp/s1-basline/throughput/query_7.sql:576: NOTICE:  duration: 297.683 ms  plan:
Query Text: select avg(ss_quantity)
       ,avg(ss_ext_sales_price)
       ,avg(ss_ext_wholesale_cost)
       ,sum(ss_ext_wholesale_cost)
 from store_sales
     ,store
     ,customer_demographics
     ,household_demographics
     ,customer_address
     ,date_dim
 where s_store_sk = ss_store_sk
 and  ss_sold_date_sk = d_date_sk and d_year = 2001
 and((ss_hdemo_sk=hd_demo_sk
  and cd_demo_sk = ss_cdemo_sk
  and cd_marital_status = 'U'
  and cd_education_status = 'College'
  and ss_sales_price between 100.00 and 150.00
  and hd_dep_count = 3   
     )or
     (ss_hdemo_sk=hd_demo_sk
  and cd_demo_sk = ss_cdemo_sk
  and cd_marital_status = 'W'
  and cd_education_status = '4 yr Degree'
  and ss_sales_price between 50.00 and 100.00   
  and hd_dep_count = 1
     ) or 
     (ss_hdemo_sk=hd_demo_sk
  and cd_demo_sk = ss_cdemo_sk
  and cd_marital_status = 'M'
  and cd_education_status = 'Advanced Degree'
  and ss_sales_price between 150.00 and 200.00 
  and hd_dep_count = 1  
     ))
 and((ss_addr_sk = ca_address_sk
  and ca_country = 'United States'
  and ca_state in ('NE', 'VA', 'TN')
  and ss_net_profit between 100 and 200  
     ) or
     (ss_addr_sk = ca_address_sk
  and ca_country = 'United States'
  and ca_state in ('IL', 'SD', 'SC')
  and ss_net_profit between 150 and 300  
     ) or
     (ss_addr_sk = ca_address_sk
  and ca_country = 'United States'
  and ca_state in ('WY', 'ID', 'CO')
  and ss_net_profit between 50 and 250  
     ))
;
Aggregate  (cost=110863.79..110863.80 rows=1 width=56) (actual time=297.672..297.674 rows=1 loops=1)
  ->  Nested Loop  (cost=1.15..110863.77 rows=1 width=20) (actual time=282.043..297.663 rows=4 loops=1)
        Join Filter: (store_sales.ss_store_sk = store.s_store_sk)
        Rows Removed by Join Filter: 18
        ->  Nested Loop  (cost=1.15..110862.50 rows=1 width=28) (actual time=282.033..297.649 rows=4 loops=1)
              Join Filter: ((store_sales.ss_hdemo_sk = household_demographics.hd_demo_sk) AND (((customer_demographics.cd_marital_status = 'U'::bpchar) AND (customer_demographics.cd_education_status = 'College'::bpchar) AND (store_sales.ss_sales_price >= '100'::double precision) AND (store_sales.ss_sales_price <= '150'::double precision) AND (household_demographics.hd_dep_count = 3)) OR ((customer_demographics.cd_marital_status = 'W'::bpchar) AND (customer_demographics.cd_education_status = '4 yr Degree'::bpchar) AND (store_sales.ss_sales_price >= '50'::double precision) AND (store_sales.ss_sales_price <= '100'::double precision) AND (household_demographics.hd_dep_count = 1)) OR ((customer_demographics.cd_marital_status = 'M'::bpchar) AND (customer_demographics.cd_education_status = 'Advanced Degree'::bpchar) AND (store_sales.ss_sales_price >= '150'::double precision) AND (store_sales.ss_sales_price <= '200'::double precision) AND (household_demographics.hd_dep_count = 1))))
              Rows Removed by Join Filter: 224636
              ->  Seq Scan on household_demographics  (cost=0.00..186.00 rows=1951 width=12) (actual time=0.014..0.692 rows=1440 loops=1)
                    Filter: ((hd_dep_count = 3) OR (hd_dep_count = 1) OR (hd_dep_count = 1))
                    Rows Removed by Filter: 5760
              ->  Materialize  (cost=1.15..110471.65 rows=2 width=67) (actual time=0.003..0.194 rows=156 loops=1440)
                    ->  Nested Loop  (cost=1.15..110471.64 rows=2 width=67) (actual time=4.964..270.990 rows=156 loops=1)
                          ->  Nested Loop  (cost=0.72..110451.06 rows=27 width=52) (actual time=4.127..258.708 rows=1852 loops=1)
                                ->  Nested Loop  (cost=0.43..110280.31 rows=459 width=68) (actual time=4.100..219.544 rows=17325 loops=1)
                                      ->  Seq Scan on date_dim  (cost=0.00..2318.11 rows=363 width=8) (actual time=4.084..8.663 rows=365 loops=1)
                                            Filter: (d_year = 2001)
                                            Rows Removed by Filter: 72684
                                      ->  Index Scan using i_ss_sold_date_sk on store_sales  (cost=0.43..296.91 rows=51 width=76) (actual time=0.020..0.573 rows=47 loops=365)
                                            Index Cond: (ss_sold_date_sk = date_dim.d_date_sk)
                                            Filter: ((((ss_sales_price >= '100'::double precision) AND (ss_sales_price <= '150'::double precision)) OR ((ss_sales_price >= '50'::double precision) AND (ss_sales_price <= '100'::double precision)) OR ((ss_sales_price >= '150'::double precision) AND (ss_sales_price <= '200'::double precision))) AND (((ss_net_profit >= '100'::double precision) AND (ss_net_profit <= '200'::double precision)) OR ((ss_net_profit >= '150'::double precision) AND (ss_net_profit <= '300'::double precision)) OR ((ss_net_profit >= '50'::double precision) AND (ss_net_profit <= '250'::double precision))))
                                            Rows Removed by Filter: 1432
                                ->  Index Scan using pk_customer_address on customer_address  (cost=0.29..0.36 rows=1 width=11) (actual time=0.002..0.002 rows=0 loops=17325)
                                      Index Cond: (ca_address_sk = store_sales.ss_addr_sk)
                                      Filter: (((ca_country)::text = 'United States'::text) AND ((ca_state = ANY ('{NE,VA,TN}'::bpchar[])) OR (ca_state = ANY ('{IL,SD,SC}'::bpchar[])) OR (ca_state = ANY ('{WY,ID,CO}'::bpchar[]))) AND (((ca_state = ANY ('{NE,VA,TN}'::bpchar[])) AND (store_sales.ss_net_profit >= '100'::double precision) AND (store_sales.ss_net_profit <= '200'::double precision)) OR ((ca_state = ANY ('{IL,SD,SC}'::bpchar[])) AND (store_sales.ss_net_profit >= '150'::double precision) AND (store_sales.ss_net_profit <= '300'::double precision)) OR ((ca_state = ANY ('{WY,ID,CO}'::bpchar[])) AND (store_sales.ss_net_profit >= '50'::double precision) AND (store_sales.ss_net_profit <= '250'::double precision))))
                                      Rows Removed by Filter: 1
                          ->  Index Scan using pk_customer_demographics on customer_demographics  (cost=0.43..0.76 rows=1 width=31) (actual time=0.006..0.006 rows=0 loops=1852)
                                Index Cond: (cd_demo_sk = store_sales.ss_cdemo_sk)
                                Filter: (((cd_marital_status = 'U'::bpchar) AND (cd_education_status = 'College'::bpchar)) OR ((cd_marital_status = 'W'::bpchar) AND (cd_education_status = '4 yr Degree'::bpchar)) OR ((cd_marital_status = 'M'::bpchar) AND (cd_education_status = 'Advanced Degree'::bpchar)))
                                Rows Removed by Filter: 1
        ->  Seq Scan on store  (cost=0.00..1.12 rows=12 width=8) (actual time=0.002..0.002 rows=6 loops=4)
         avg         |   avg    |   avg    |   sum   
---------------------+----------+----------+---------
 56.0000000000000000 | 3676.895 | 3468.025 | 13872.1
(1 row)

UPDATE time_statistics SET e_time = TRANSACTION_TIMESTAMP() WHERE template = 'query13.tpl' AND stream = 7;
psql:/tmp/s1-basline/throughput/query_7.sql:578: NOTICE:  duration: 0.096 ms  plan:
Query Text: UPDATE time_statistics SET e_time = TRANSACTION_TIMESTAMP() WHERE template = 'query13.tpl' AND stream = 7;
Update on time_statistics  (cost=0.00..15.12 rows=0 width=0) (actual time=0.095..0.096 rows=0 loops=1)
  ->  Seq Scan on time_statistics  (cost=0.00..15.12 rows=1 width=14) (actual time=0.073..0.073 rows=1 loops=1)
        Filter: ((template = 'query13.tpl'::text) AND (stream = 7))
        Rows Removed by Filter: 473
UPDATE 1
LOAD 'auto_explain'; SET auto_explain.log_min_duration TO 0; SET auto_explain.log_analyze TO on; SET auto_explain.log_level TO notice; INSERT INTO time_statistics (template, s_time, stream, query, seed) VALUES ('query28.tpl', TRANSACTION_TIMESTAMP(), 7, 14, 15551635);
LOAD
SET
SET
SET
psql:/tmp/s1-basline/throughput/query_7.sql:579: NOTICE:  duration: 0.021 ms  plan:
Query Text: INSERT INTO time_statistics (template, s_time, stream, query, seed) VALUES ('query28.tpl', TRANSACTION_TIMESTAMP(), 7, 14, 15551635);
Insert on time_statistics  (cost=0.00..0.01 rows=0 width=0) (actual time=0.020..0.020 rows=0 loops=1)
  ->  Result  (cost=0.00..0.01 rows=1 width=64) (actual time=0.001..0.002 rows=1 loops=1)
INSERT 0 1
select  *
from (select avg(ss_list_price) B1_LP
            ,count(ss_list_price) B1_CNT
            ,count(distinct ss_list_price) B1_CNTD
      from store_sales
      where ss_quantity between 0 and 5
        and (ss_list_price between 158 and 158+10 
             or ss_coupon_amt between 15273 and 15273+1000
             or ss_wholesale_cost between 39 and 39+20)) B1,
     (select avg(ss_list_price) B2_LP
            ,count(ss_list_price) B2_CNT
            ,count(distinct ss_list_price) B2_CNTD
      from store_sales
      where ss_quantity between 6 and 10
        and (ss_list_price between 3 and 3+10
          or ss_coupon_amt between 2416 and 2416+1000
          or ss_wholesale_cost between 61 and 61+20)) B2,
     (select avg(ss_list_price) B3_LP
            ,count(ss_list_price) B3_CNT
            ,count(distinct ss_list_price) B3_CNTD
      from store_sales
      where ss_quantity between 11 and 15
        and (ss_list_price between 37 and 37+10
          or ss_coupon_amt between 5936 and 5936+1000
          or ss_wholesale_cost between 33 and 33+20)) B3,
     (select avg(ss_list_price) B4_LP
            ,count(ss_list_price) B4_CNT
            ,count(distinct ss_list_price) B4_CNTD
      from store_sales
      where ss_quantity between 16 and 20
        and (ss_list_price between 116 and 116+10
          or ss_coupon_amt between 4704 and 4704+1000
          or ss_wholesale_cost between 18 and 18+20)) B4,
     (select avg(ss_list_price) B5_LP
            ,count(ss_list_price) B5_CNT
            ,count(distinct ss_list_price) B5_CNTD
      from store_sales
      where ss_quantity between 21 and 25
        and (ss_list_price between 153 and 153+10
          or ss_coupon_amt between 12352 and 12352+1000
          or ss_wholesale_cost between 5 and 5+20)) B5,
     (select avg(ss_list_price) B6_LP
            ,count(ss_list_price) B6_CNT
            ,count(distinct ss_list_price) B6_CNTD
      from store_sales
      where ss_quantity between 26 and 30
        and (ss_list_price between 15 and 15+10
          or ss_coupon_amt between 4415 and 4415+1000
          or ss_wholesale_cost between 27 and 27+20)) B6
limit 100;
psql:/tmp/s1-basline/throughput/query_7.sql:629: NOTICE:  duration: 1571.468 ms  plan:
Query Text: select  *
from (select avg(ss_list_price) B1_LP
            ,count(ss_list_price) B1_CNT
            ,count(distinct ss_list_price) B1_CNTD
      from store_sales
      where ss_quantity between 0 and 5
        and (ss_list_price between 158 and 158+10 
             or ss_coupon_amt between 15273 and 15273+1000
             or ss_wholesale_cost between 39 and 39+20)) B1,
     (select avg(ss_list_price) B2_LP
            ,count(ss_list_price) B2_CNT
            ,count(distinct ss_list_price) B2_CNTD
      from store_sales
      where ss_quantity between 6 and 10
        and (ss_list_price between 3 and 3+10
          or ss_coupon_amt between 2416 and 2416+1000
          or ss_wholesale_cost between 61 and 61+20)) B2,
     (select avg(ss_list_price) B3_LP
            ,count(ss_list_price) B3_CNT
            ,count(distinct ss_list_price) B3_CNTD
      from store_sales
      where ss_quantity between 11 and 15
        and (ss_list_price between 37 and 37+10
          or ss_coupon_amt between 5936 and 5936+1000
          or ss_wholesale_cost between 33 and 33+20)) B3,
     (select avg(ss_list_price) B4_LP
            ,count(ss_list_price) B4_CNT
            ,count(distinct ss_list_price) B4_CNTD
      from store_sales
      where ss_quantity between 16 and 20
        and (ss_list_price between 116 and 116+10
          or ss_coupon_amt between 4704 and 4704+1000
          or ss_wholesale_cost between 18 and 18+20)) B4,
     (select avg(ss_list_price) B5_LP
            ,count(ss_list_price) B5_CNT
            ,count(distinct ss_list_price) B5_CNTD
      from store_sales
      where ss_quantity between 21 and 25
        and (ss_list_price between 153 and 153+10
          or ss_coupon_amt between 12352 and 12352+1000
          or ss_wholesale_cost between 5 and 5+20)) B5,
     (select avg(ss_list_price) B6_LP
            ,count(ss_list_price) B6_CNT
            ,count(distinct ss_list_price) B6_CNTD
      from store_sales
      where ss_quantity between 26 and 30
        and (ss_list_price between 15 and 15+10
          or ss_coupon_amt between 4415 and 4415+1000
          or ss_wholesale_cost between 27 and 27+20)) B6
limit 100;
Limit  (cost=684663.90..684664.06 rows=1 width=144) (actual time=1502.653..1571.456 rows=1 loops=1)
  ->  Nested Loop  (cost=684663.90..684664.06 rows=1 width=144) (actual time=1502.652..1571.454 rows=1 loops=1)
        ->  Nested Loop  (cost=570319.29..570319.43 rows=1 width=120) (actual time=1251.843..1252.250 rows=1 loops=1)
              ->  Nested Loop  (cost=456494.12..456494.23 rows=1 width=96) (actual time=1001.469..1001.808 rows=1 loops=1)
                    ->  Nested Loop  (cost=342387.09..342387.17 rows=1 width=72) (actual time=751.469..751.741 rows=1 loops=1)
                          ->  Nested Loop  (cost=228060.01..228060.06 rows=1 width=48) (actual time=500.257..500.460 rows=1 loops=1)
                                ->  Aggregate  (cost=113555.88..113555.89 rows=1 width=24) (actual time=247.304..247.435 rows=1 loops=1)
                                      ->  Gather  (cost=1000.00..113348.84 rows=27605 width=8) (actual time=0.246..240.417 rows=29673 loops=1)
                                            Workers Planned: 2
                                            Workers Launched: 2
                                            ->  Parallel Seq Scan on store_sales  (cost=0.00..109588.34 rows=11502 width=8) (actual time=0.136..236.754 rows=9891 loops=3)
                                                  Filter: ((ss_quantity >= 0) AND (ss_quantity <= 5) AND (((ss_list_price >= '158'::double precision) AND (ss_list_price <= '168'::double precision)) OR ((ss_coupon_amt >= '15273'::double precision) AND (ss_coupon_amt <= '16273'::double precision)) OR ((ss_wholesale_cost >= '39'::double precision) AND (ss_wholesale_cost <= '59'::double precision))))
                                                  Rows Removed by Filter: 938259
                                ->  Aggregate  (cost=114504.14..114504.15 rows=1 width=24) (actual time=252.948..253.019 rows=1 loops=1)
                                      ->  Gather  (cost=1000.00..114230.94 rows=36426 width=8) (actual time=0.329..244.440 rows=36312 loops=1)
                                            Workers Planned: 2
                                            Workers Launched: 2
                                            ->  Parallel Seq Scan on store_sales store_sales_1  (cost=0.00..109588.34 rows=15178 width=8) (actual time=0.035..240.877 rows=12104 loops=3)
                                                  Filter: ((ss_quantity >= 6) AND (ss_quantity <= 10) AND (((ss_list_price >= '3'::double precision) AND (ss_list_price <= '13'::double precision)) OR ((ss_coupon_amt >= '2416'::double precision) AND (ss_coupon_amt <= '3416'::double precision)) OR ((ss_wholesale_cost >= '61'::double precision) AND (ss_wholesale_cost <= '81'::double precision))))
                                                  Rows Removed by Filter: 936046
                          ->  Aggregate  (cost=114327.08..114327.09 rows=1 width=24) (actual time=251.208..251.277 rows=1 loops=1)
                                ->  Gather  (cost=1000.00..114066.24 rows=34779 width=8) (actual time=0.297..243.635 rows=32875 loops=1)
                                      Workers Planned: 2
                                      Workers Launched: 2
                                      ->  Parallel Seq Scan on store_sales store_sales_2  (cost=0.00..109588.34 rows=14491 width=8) (actual time=0.033..240.018 rows=10958 loops=3)
                                            Filter: ((ss_quantity >= 11) AND (ss_quantity <= 15) AND (((ss_list_price >= '37'::double precision) AND (ss_list_price <= '47'::double precision)) OR ((ss_coupon_amt >= '5936'::double precision) AND (ss_coupon_amt <= '6936'::double precision)) OR ((ss_wholesale_cost >= '33'::double precision) AND (ss_wholesale_cost <= '53'::double precision))))
                                            Rows Removed by Filter: 937192
                    ->  Aggregate  (cost=114107.03..114107.04 rows=1 width=24) (actual time=249.996..250.062 rows=1 loops=1)
                          ->  Gather  (cost=1000.00..113861.54 rows=32732 width=8) (actual time=0.303..242.310 rows=33650 loops=1)
                                Workers Planned: 2
                                Workers Launched: 2
                                ->  Parallel Seq Scan on store_sales store_sales_3  (cost=0.00..109588.34 rows=13638 width=8) (actual time=0.027..238.822 rows=11217 loops=3)
                                      Filter: ((ss_quantity >= 16) AND (ss_quantity <= 20) AND (((ss_list_price >= '116'::double precision) AND (ss_list_price <= '126'::double precision)) OR ((ss_coupon_amt >= '4704'::double precision) AND (ss_coupon_amt <= '5704'::double precision)) OR ((ss_wholesale_cost >= '18'::double precision) AND (ss_wholesale_cost <= '38'::double precision))))
                                      Rows Removed by Filter: 936933
              ->  Aggregate  (cost=113825.16..113825.17 rows=1 width=24) (actual time=250.370..250.437 rows=1 loops=1)
                    ->  Gather  (cost=1000.00..113599.34 rows=30110 width=8) (actual time=0.329..243.680 rows=29913 loops=1)
                          Workers Planned: 2
                          Workers Launched: 2
                          ->  Parallel Seq Scan on store_sales store_sales_4  (cost=0.00..109588.34 rows=12546 width=8) (actual time=0.053..239.951 rows=9971 loops=3)
                                Filter: ((ss_quantity >= 21) AND (ss_quantity <= 25) AND (((ss_list_price >= '153'::double precision) AND (ss_list_price <= '163'::double precision)) OR ((ss_coupon_amt >= '12352'::double precision) AND (ss_coupon_amt <= '13352'::double precision)) OR ((ss_wholesale_cost >= '5'::double precision) AND (ss_wholesale_cost <= '25'::double precision))))
                                Rows Removed by Filter: 938179
        ->  Aggregate  (cost=114344.60..114344.61 rows=1 width=24) (actual time=250.805..319.199 rows=1 loops=1)
              ->  Gather  (cost=1000.00..114082.54 rows=34942 width=8) (actual time=0.297..310.689 rows=36132 loops=1)
                    Workers Planned: 2
                    Workers Launched: 2
                    ->  Parallel Seq Scan on store_sales store_sales_5  (cost=0.00..109588.34 rows=14559 width=8) (actual time=0.075..238.723 rows=12044 loops=3)
                          Filter: ((ss_quantity >= 26) AND (ss_quantity <= 30) AND (((ss_list_price >= '15'::double precision) AND (ss_list_price <= '25'::double precision)) OR ((ss_coupon_amt >= '4415'::double precision) AND (ss_coupon_amt <= '5415'::double precision)) OR ((ss_wholesale_cost >= '27'::double precision) AND (ss_wholesale_cost <= '47'::double precision))))
                          Rows Removed by Filter: 936106
       b1_lp       | b1_cnt | b1_cntd |       b2_lp       | b2_cnt | b2_cntd |       b3_lp       | b3_cnt | b3_cntd |       b4_lp       | b4_cnt | b4_cntd |       b5_lp       | b5_cnt | b5_cntd |       b6_lp       | b6_cnt | b6_cntd 
-------------------+--------+---------+-------------------+--------+---------+-------------------+--------+---------+-------------------+--------+---------+-------------------+--------+---------+-------------------+--------+---------
 81.69332379199841 |  29346 |    7705 | 80.19065709046467 |  35992 |    9371 | 60.20071119033708 |  32537 |    6346 | 57.65121196647929 |  33293 |    6120 | 37.00904779598056 |  29605 |    5092 | 46.57376550452581 |  35796 |    6867
(1 row)

UPDATE time_statistics SET e_time = TRANSACTION_TIMESTAMP() WHERE template = 'query28.tpl' AND stream = 7;
psql:/tmp/s1-basline/throughput/query_7.sql:631: NOTICE:  duration: 0.079 ms  plan:
Query Text: UPDATE time_statistics SET e_time = TRANSACTION_TIMESTAMP() WHERE template = 'query28.tpl' AND stream = 7;
Update on time_statistics  (cost=0.00..15.12 rows=0 width=0) (actual time=0.079..0.079 rows=0 loops=1)
  ->  Seq Scan on time_statistics  (cost=0.00..15.12 rows=1 width=14) (actual time=0.064..0.064 rows=1 loops=1)
        Filter: ((template = 'query28.tpl'::text) AND (stream = 7))
        Rows Removed by Filter: 474
UPDATE 1
LOAD 'auto_explain'; SET auto_explain.log_min_duration TO 0; SET auto_explain.log_analyze TO on; SET auto_explain.log_level TO notice; INSERT INTO time_statistics (template, s_time, stream, query, seed) VALUES ('../query_postgresql/query86.tpl', TRANSACTION_TIMESTAMP(), 7, 15, 1530808158);
LOAD
SET
SET
SET
psql:/tmp/s1-basline/throughput/query_7.sql:632: NOTICE:  duration: 0.008 ms  plan:
Query Text: INSERT INTO time_statistics (template, s_time, stream, query, seed) VALUES ('../query_postgresql/query86.tpl', TRANSACTION_TIMESTAMP(), 7, 15, 1530808158);
Insert on time_statistics  (cost=0.00..0.01 rows=0 width=0) (actual time=0.008..0.008 rows=0 loops=1)
  ->  Result  (cost=0.00..0.01 rows=1 width=64) (actual time=0.001..0.002 rows=1 loops=1)
INSERT 0 1
with results as
( select sum(ws_net_paid) as total_sum, i_category, i_class, 0 as g_category, 0 as g_class 
 from
    web_sales
   ,date_dim       d1
   ,item
 where
    d1.d_month_seq between 1216 and 1216+11
 and d1.d_date_sk = ws_sold_date_sk
 and i_item_sk  = ws_item_sk
 group by i_category,i_class
 ) ,
 results_rollup as
( select total_sum ,i_category ,i_class, g_category, g_class, 0 as lochierarchy from results
  union
  select sum(total_sum) as total_sum, i_category, NULL as i_class, 0 as g_category, 1 as g_class, 1 as lochierarchy from results group by i_category
  union
  select sum(total_sum) as total_sum, NULL as i_category, NULL as i_class, 1 as g_category, 1 as g_class, 2 as lochierarchy from results)
 select 
 total_sum ,i_category ,i_class, lochierarchy 
   ,rank() over (
 	partition by lochierarchy,
 	case when g_class = 0 then i_category end 
 	order by total_sum desc) as rank_within_parent
 from
 results_rollup
 order by
   lochierarchy desc,
   case when lochierarchy = 0 then i_category end,
   rank_within_parent 
 limit 100;
psql:/tmp/s1-basline/throughput/query_7.sql:664: NOTICE:  duration: 296.230 ms  plan:
Query Text: with results as
( select sum(ws_net_paid) as total_sum, i_category, i_class, 0 as g_category, 0 as g_class 
 from
    web_sales
   ,date_dim       d1
   ,item
 where
    d1.d_month_seq between 1216 and 1216+11
 and d1.d_date_sk = ws_sold_date_sk
 and i_item_sk  = ws_item_sk
 group by i_category,i_class
 ) ,
 results_rollup as
( select total_sum ,i_category ,i_class, g_category, g_class, 0 as lochierarchy from results
  union
  select sum(total_sum) as total_sum, i_category, NULL as i_class, 0 as g_category, 1 as g_class, 1 as lochierarchy from results group by i_category
  union
  select sum(total_sum) as total_sum, NULL as i_category, NULL as i_class, 1 as g_category, 1 as g_class, 2 as lochierarchy from results)
 select 
 total_sum ,i_category ,i_class, lochierarchy 
   ,rank() over (
 	partition by lochierarchy,
 	case when g_class = 0 then i_category end 
 	order by total_sum desc) as rank_within_parent
 from
 results_rollup
 order by
   lochierarchy desc,
   case when lochierarchy = 0 then i_category end,
   rank_within_parent 
 limit 100;
Limit  (cost=35144.54..35144.79 rows=100 width=148) (actual time=275.164..296.165 rows=100 loops=1)
  CTE results
    ->  Finalize GroupAggregate  (cost=34596.16..34874.06 rows=990 width=118) (actual time=255.195..295.434 rows=123 loops=1)
          Group Key: item.i_category, item.i_class
          ->  Gather Merge  (cost=34596.16..34849.31 rows=1980 width=110) (actual time=255.062..295.312 rows=366 loops=1)
                Workers Planned: 2
                Workers Launched: 2
                ->  Partial GroupAggregate  (cost=33596.13..33620.74 rows=990 width=110) (actual time=239.966..254.493 rows=122 loops=3)
                      Group Key: item.i_category, item.i_class
                      ->  Sort  (cost=33596.13..33599.81 rows=1471 width=110) (actual time=239.827..242.257 rows=47135 loops=3)
                            Sort Key: item.i_category, item.i_class
                            Sort Method: quicksort  Memory: 10613kB
                            Worker 0:  Sort Method: quicksort  Memory: 7512kB
                            Worker 1:  Sort Method: quicksort  Memory: 7430kB
                            ->  Nested Loop  (cost=2505.48..33518.74 rows=1471 width=110) (actual time=14.295..195.394 rows=47135 loops=3)
                                  ->  Hash Join  (cost=2505.20..33067.17 rows=1471 width=16) (actual time=14.245..99.218 rows=47135 loops=3)
                                        Hash Cond: (web_sales.ws_sold_date_sk = d1.d_date_sk)
                                        ->  Parallel Seq Scan on web_sales  (cost=0.00..29771.63 rows=301063 width=24) (actual time=0.017..45.757 rows=237185 loops=3)
                                        ->  Hash  (cost=2500.73..2500.73 rows=357 width=8) (actual time=14.172..14.173 rows=365 loops=3)
                                              Buckets: 1024  Batches: 1  Memory Usage: 23kB
                                              ->  Seq Scan on date_dim d1  (cost=0.00..2500.73 rows=357 width=8) (actual time=6.759..14.128 rows=365 loops=3)
                                                    Filter: ((d_month_seq >= 1216) AND (d_month_seq <= 1227))
                                                    Rows Removed by Filter: 72684
                                  ->  Index Scan using pk_item on item  (cost=0.29..0.31 rows=1 width=110) (actual time=0.002..0.002 rows=1 loops=141406)
                                        Index Cond: (i_item_sk = web_sales.ws_item_sk)
  ->  Sort  (cost=270.48..273.46 rows=1191 width=148) (actual time=275.164..275.169 rows=100 loops=1)
        Sort Key: results_rollup.lochierarchy DESC, (CASE WHEN (results_rollup.lochierarchy = 0) THEN results_rollup.i_category ELSE NULL::bpchar END), (rank() OVER (?))
        Sort Method: quicksort  Memory: 57kB
        ->  WindowAgg  (cost=192.21..224.96 rows=1191 width=148) (actual time=274.821..274.926 rows=135 loops=1)
              ->  Sort  (cost=192.21..195.19 rows=1191 width=108) (actual time=274.813..274.819 rows=135 loops=1)
                    Sort Key: results_rollup.lochierarchy, (CASE WHEN (results_rollup.g_class = 0) THEN results_rollup.i_category ELSE NULL::bpchar END), results_rollup.total_sum DESC
                    Sort Method: quicksort  Memory: 49kB
                    ->  Subquery Scan on results_rollup  (cost=104.56..131.36 rows=1191 width=108) (actual time=274.665..274.705 rows=135 loops=1)
                          ->  HashAggregate  (cost=104.56..116.47 rows=1191 width=84) (actual time=274.664..274.691 rows=135 loops=1)
                                Group Key: results.total_sum, results.i_category, results.i_class, results.g_category, results.g_class, (0)
                                Batches: 1  Memory Usage: 97kB
                                ->  Append  (cost=0.00..86.70 rows=1191 width=84) (actual time=255.201..274.587 rows=135 loops=1)
                                      ->  CTE Scan on results  (cost=0.00..19.80 rows=990 width=428) (actual time=255.200..274.506 rows=123 loops=1)
                                      ->  HashAggregate  (cost=24.75..26.75 rows=200 width=256) (actual time=0.046..0.049 rows=11 loops=1)
                                            Group Key: results_1.i_category
                                            Batches: 1  Memory Usage: 40kB
                                            ->  CTE Scan on results results_1  (cost=0.00..19.80 rows=990 width=212) (actual time=0.000..0.008 rows=123 loops=1)
                                      ->  Aggregate  (cost=22.28..22.29 rows=1 width=84) (actual time=0.017..0.017 rows=1 loops=1)
                                            ->  CTE Scan on results results_2  (cost=0.00..19.80 rows=990 width=8) (actual time=0.000..0.008 rows=123 loops=1)
     total_sum      |                     i_category                     |                      i_class                       | lochierarchy | rank_within_parent 
--------------------+----------------------------------------------------+----------------------------------------------------+--------------+--------------------
 324630022.70000005 |                                                    |                                                    |            2 |                  1
        33922858.18 | Books                                              |                                                    |            1 |                  1
 33614160.940000005 | Jewelry                                            |                                                    |            1 |                  2
 33579680.480000004 | Electronics                                        |                                                    |            1 |                  3
 32847982.320000015 | Women                                              |                                                    |            1 |                  4
        32805753.54 | Shoes                                              |                                                    |            1 |                  5
 32699589.739999995 | Children                                           |                                                    |            1 |                  6
  31781428.21000001 | Music                                              |                                                    |            1 |                  7
        31427541.74 | Sports                                             |                                                    |            1 |                  8
        30786966.48 | Home                                               |                                                    |            1 |                  9
 30212026.800000012 | Men                                                |                                                    |            1 |                 10
  952034.2699999998 |                                                    |                                                    |            1 |                 11
 2717191.2499999995 | Books                                              | travel                                             |            0 |                  1
 2706405.9899999984 | Books                                              | fiction                                            |            0 |                  2
  2537563.499999999 | Books                                              | arts                                               |            0 |                  3
 2455032.7099999995 | Books                                              | entertainments                                     |            0 |                  4
  2243292.899999999 | Books                                              | home repair                                        |            0 |                  5
 2231157.0600000005 | Books                                              | business                                           |            0 |                  6
  2146107.620000001 | Books                                              | sports                                             |            0 |                  7
 2116674.6099999994 | Books                                              | parenting                                          |            0 |                  8
 2057075.6800000006 | Books                                              | mystery                                            |            0 |                  9
 1981089.2499999998 | Books                                              | history                                            |            0 |                 10
 1947833.1000000006 | Books                                              | self-help                                          |            0 |                 11
 1894991.5499999996 | Books                                              | reference                                          |            0 |                 12
  1889657.290000001 | Books                                              | cooking                                            |            0 |                 13
 1749345.9299999997 | Books                                              | computers                                          |            0 |                 14
 1619994.1300000004 | Books                                              | science                                            |            0 |                 15
 1613099.6100000003 | Books                                              | romance                                            |            0 |                 16
              16346 | Books                                              |                                                    |            0 |                 17
  8885474.969999995 | Children                                           | infants                                            |            0 |                  1
  8260627.389999997 | Children                                           | toddlers                                           |            0 |                  2
  7762949.529999999 | Children                                           | newborn                                            |            0 |                  3
  7727067.320000001 | Children                                           | school-uniforms                                    |            0 |                  4
           63470.53 | Children                                           |                                                    |            0 |                  5
 2756018.6899999995 | Electronics                                        | monitors                                           |            0 |                  1
         2463412.97 | Electronics                                        | dvd/vcr players                                    |            0 |                  2
         2395522.26 | Electronics                                        | memory                                             |            0 |                  3
  2382778.039999999 | Electronics                                        | cameras                                            |            0 |                  4
  2277918.130000001 | Electronics                                        | wireless                                           |            0 |                  5
 2254993.5300000003 | Electronics                                        | disk drives                                        |            0 |                  6
  2208206.340000001 | Electronics                                        | automotive                                         |            0 |                  7
         2193708.57 | Electronics                                        | stereo                                             |            0 |                  8
  2181306.370000001 | Electronics                                        | portable                                           |            0 |                  9
 2017345.1299999997 | Electronics                                        | musical                                            |            0 |                 10
         1944903.91 | Electronics                                        | audio                                              |            0 |                 11
 1889372.5099999993 | Electronics                                        | scanners                                           |            0 |                 12
 1864533.4499999997 | Electronics                                        | personal                                           |            0 |                 13
 1793826.3800000006 | Electronics                                        | camcorders                                         |            0 |                 14
 1714065.3399999999 | Electronics                                        | karoke                                             |            0 |                 15
 1240424.1600000001 | Electronics                                        | televisions                                        |            0 |                 16
             1344.7 | Electronics                                        |                                                    |            0 |                 17
 2358362.5399999996 | Home                                               | wallpaper                                          |            0 |                  1
 2274779.9699999997 | Home                                               | bedding                                            |            0 |                  2
 2086476.5799999996 | Home                                               | blinds/shades                                      |            0 |                  3
 2084273.1499999994 | Home                                               | accent                                             |            0 |                  4
         2082822.96 | Home                                               | lighting                                           |            0 |                  5
 2050202.1200000006 | Home                                               | paint                                              |            0 |                  6
  2033539.220000001 | Home                                               | decor                                              |            0 |                  7
 2022139.5099999988 | Home                                               | glassware                                          |            0 |                  8
 1942220.9599999997 | Home                                               | mattresses                                         |            0 |                  9
         1910923.44 | Home                                               | furniture                                          |            0 |                 10
 1876019.7500000005 | Home                                               | rugs                                               |            0 |                 11
 1778607.2299999997 | Home                                               | tables                                             |            0 |                 12
         1661322.48 | Home                                               | flatware                                           |            0 |                 13
 1560873.5299999998 | Home                                               | kids                                               |            0 |                 14
         1547477.03 | Home                                               | bathroom                                           |            0 |                 15
         1438777.86 | Home                                               | curtains/drapes                                    |            0 |                 16
           78148.15 | Home                                               |                                                    |            0 |                 17
 2508570.1799999997 | Jewelry                                            | consignment                                        |            0 |                  1
 2369392.1800000006 | Jewelry                                            | birdal                                             |            0 |                  2
 2307185.8300000005 | Jewelry                                            | bracelets                                          |            0 |                  3
 2300485.7500000005 | Jewelry                                            | semi-precious                                      |            0 |                  4
 2252707.0799999996 | Jewelry                                            | loose stones                                       |            0 |                  5
  2252310.240000001 | Jewelry                                            | womens watch                                       |            0 |                  6
 2243992.4799999986 | Jewelry                                            | rings                                              |            0 |                  7
  2184658.880000001 | Jewelry                                            | mens watch                                         |            0 |                  8
         2110238.42 | Jewelry                                            | pendants                                           |            0 |                  9
 2016126.5599999996 | Jewelry                                            | custom                                             |            0 |                 10
 1918776.8199999994 | Jewelry                                            | diamonds                                           |            0 |                 11
 1901956.7299999997 | Jewelry                                            | gold                                               |            0 |                 12
 1895646.1400000001 | Jewelry                                            | jewelry boxes                                      |            0 |                 13
  1859011.770000001 | Jewelry                                            | costume                                            |            0 |                 14
 1748715.6800000002 | Jewelry                                            | estate                                             |            0 |                 15
 1698025.5300000007 | Jewelry                                            | earings                                            |            0 |                 16
           46360.67 | Jewelry                                            |                                                    |            0 |                 17
  7830852.160000002 | Men                                                | accessories                                        |            0 |                  1
  7732561.670000004 | Men                                                | sports-apparel                                     |            0 |                  2
  7650697.659999996 | Men                                                | shirts                                             |            0 |                  3
  6942592.140000006 | Men                                                | pants                                              |            0 |                  4
           55323.17 | Men                                                |                                                    |            0 |                  5
  8491174.680000002 | Music                                              | pop                                                |            0 |                  1
  7994527.739999997 | Music                                              | country                                            |            0 |                  2
  7932682.200000004 | Music                                              | rock                                               |            0 |                  3
  7262441.490000003 | Music                                              | classical                                          |            0 |                  4
 100602.10000000002 | Music                                              |                                                    |            0 |                  5
  8440627.139999995 | Shoes                                              | mens                                               |            0 |                  1
  8302934.149999996 | Shoes                                              | athletic                                           |            0 |                  2
  8136135.090000007 | Shoes                                              | womens                                             |            0 |                  3
  7807078.899999998 | Shoes                                              | kids                                               |            0 |                  4
 118978.25999999998 | Shoes                                              |                                                    |            0 |                  5
(100 rows)

UPDATE time_statistics SET e_time = TRANSACTION_TIMESTAMP() WHERE template = '../query_postgresql/query86.tpl' AND stream = 7;
psql:/tmp/s1-basline/throughput/query_7.sql:666: NOTICE:  duration: 0.080 ms  plan:
Query Text: UPDATE time_statistics SET e_time = TRANSACTION_TIMESTAMP() WHERE template = '../query_postgresql/query86.tpl' AND stream = 7;
Update on time_statistics  (cost=0.00..15.12 rows=0 width=0) (actual time=0.079..0.079 rows=0 loops=1)
  ->  Seq Scan on time_statistics  (cost=0.00..15.12 rows=1 width=14) (actual time=0.064..0.064 rows=1 loops=1)
        Filter: ((template = '../query_postgresql/query86.tpl'::text) AND (stream = 7))
        Rows Removed by Filter: 475
UPDATE 1
LOAD 'auto_explain'; SET auto_explain.log_min_duration TO 0; SET auto_explain.log_analyze TO on; SET auto_explain.log_level TO notice; INSERT INTO time_statistics (template, s_time, stream, query, seed) VALUES ('query84.tpl', TRANSACTION_TIMESTAMP(), 7, 16, 375454349);
LOAD
SET
SET
SET
psql:/tmp/s1-basline/throughput/query_7.sql:667: NOTICE:  duration: 0.022 ms  plan:
Query Text: INSERT INTO time_statistics (template, s_time, stream, query, seed) VALUES ('query84.tpl', TRANSACTION_TIMESTAMP(), 7, 16, 375454349);
Insert on time_statistics  (cost=0.00..0.01 rows=0 width=0) (actual time=0.021..0.021 rows=0 loops=1)
  ->  Result  (cost=0.00..0.01 rows=1 width=64) (actual time=0.001..0.001 rows=1 loops=1)
INSERT 0 1
select  c_customer_id as customer_id
       , coalesce(c_last_name,'') || ', ' || coalesce(c_first_name,'') as customername
 from customer
     ,customer_address
     ,customer_demographics
     ,household_demographics
     ,income_band
     ,store_returns
 where ca_city	        =  'Mount Zion'
   and c_current_addr_sk = ca_address_sk
   and ib_lower_bound   >=  29895
   and ib_upper_bound   <=  29895 + 50000
   and ib_income_band_sk = hd_income_band_sk
   and cd_demo_sk = c_current_cdemo_sk
   and hd_demo_sk = c_current_hdemo_sk
   and sr_cdemo_sk = cd_demo_sk
 order by c_customer_id
 limit 100;
psql:/tmp/s1-basline/throughput/query_7.sql:685: NOTICE:  duration: 82.983 ms  plan:
Query Text: select  c_customer_id as customer_id
       , coalesce(c_last_name,'') || ', ' || coalesce(c_first_name,'') as customername
 from customer
     ,customer_address
     ,customer_demographics
     ,household_demographics
     ,income_band
     ,store_returns
 where ca_city	        =  'Mount Zion'
   and c_current_addr_sk = ca_address_sk
   and ib_lower_bound   >=  29895
   and ib_upper_bound   <=  29895 + 50000
   and ib_income_band_sk = hd_income_band_sk
   and cd_demo_sk = c_current_cdemo_sk
   and hd_demo_sk = c_current_hdemo_sk
   and sr_cdemo_sk = cd_demo_sk
 order by c_customer_id
 limit 100;
Limit  (cost=17246.34..17246.44 rows=41 width=49) (actual time=82.963..82.971 rows=26 loops=1)
  ->  Sort  (cost=17246.34..17246.44 rows=41 width=49) (actual time=82.963..82.968 rows=26 loops=1)
        Sort Key: customer.c_customer_id
        Sort Method: quicksort  Memory: 27kB
        ->  Nested Loop  (cost=6213.54..17245.24 rows=41 width=49) (actual time=28.663..82.930 rows=26 loops=1)
              Join Filter: (household_demographics.hd_income_band_sk = income_band.ib_income_band_sk)
              Rows Removed by Join Filter: 447
              ->  Nested Loop  (cost=6213.54..17231.60 rows=118 width=77) (actual time=27.935..82.826 rows=129 loops=1)
                    ->  Nested Loop  (cost=6213.26..17194.89 rows=122 width=77) (actual time=27.926..82.515 rows=132 loops=1)
                          Join Filter: (customer.c_current_cdemo_sk = customer_demographics.cd_demo_sk)
                          ->  Hash Join  (cost=6212.83..16741.15 rows=954 width=93) (actual time=27.905..82.008 rows=132 loops=1)
                                Hash Cond: (store_returns.sr_cdemo_sk = customer.c_current_cdemo_sk)
                                ->  Seq Scan on store_returns  (cost=0.00..9436.93 rows=288493 width=8) (actual time=0.005..24.197 rows=285020 loops=1)
                                ->  Hash  (cost=6201.96..6201.96 rows=870 width=85) (actual time=27.200..27.203 rows=789 loops=1)
                                      Buckets: 1024  Batches: 1  Memory Usage: 100kB
                                      ->  Hash Join  (cost=1778.44..6201.96 rows=870 width=85) (actual time=6.646..27.028 rows=818 loops=1)
                                            Hash Cond: (customer.c_current_addr_sk = customer_address.ca_address_sk)
                                            ->  Seq Scan on customer  (cost=0.00..4161.00 rows=100000 width=93) (actual time=0.002..7.648 rows=100000 loops=1)
                                            ->  Hash  (cost=1773.00..1773.00 rows=435 width=8) (actual time=6.639..6.640 rows=414 loops=1)
                                                  Buckets: 1024  Batches: 1  Memory Usage: 25kB
                                                  ->  Seq Scan on customer_address  (cost=0.00..1773.00 rows=435 width=8) (actual time=0.009..6.586 rows=414 loops=1)
                                                        Filter: ((ca_city)::text = 'Mount Zion'::text)
                                                        Rows Removed by Filter: 49586
                          ->  Index Only Scan using pk_customer_demographics on customer_demographics  (cost=0.43..0.46 rows=1 width=8) (actual time=0.003..0.003 rows=1 loops=132)
                                Index Cond: (cd_demo_sk = store_returns.sr_cdemo_sk)
                                Heap Fetches: 0
                    ->  Index Scan using pk_household_demographics on household_demographics  (cost=0.28..0.30 rows=1 width=16) (actual time=0.002..0.002 rows=1 loops=132)
                          Index Cond: (hd_demo_sk = customer.c_current_hdemo_sk)
              ->  Materialize  (cost=0.00..1.33 rows=7 width=8) (actual time=0.000..0.000 rows=4 loops=129)
                    ->  Seq Scan on income_band  (cost=0.00..1.30 rows=7 width=8) (actual time=0.006..0.007 rows=4 loops=1)
                          Filter: ((ib_lower_bound >= 29895) AND (ib_upper_bound <= 79895))
                          Rows Removed by Filter: 16
   customer_id    |   customername    
------------------+-------------------
 AAAAAAAABCHPAAAA | Burke, Jessica
 AAAAAAAABMBEAAAA | Shaw, Kizzy
 AAAAAAAABMBEAAAA | Shaw, Kizzy
 AAAAAAAACKPLAAAA | Hill, Danielle
 AAAAAAAACLBLAAAA | Harrell, Curtis
 AAAAAAAACPJBBAAA | Irizarry, Adam
 AAAAAAAADOACAAAA | Sosa, Herbert
 AAAAAAAADPPBBAAA | Land, Paul
 AAAAAAAAEJNLAAAA | Gardner, Donna
 AAAAAAAAENEGAAAA | Monk, Aurora
 AAAAAAAAFOGDAAAA | Lester, James
 AAAAAAAAFPDMAAAA | Vega, Duane
 AAAAAAAAHBNIAAAA | Boettcher, Peg
 AAAAAAAAIAEMAAAA | Ward, Mae
 AAAAAAAAIFLIAAAA | Howard, George
 AAAAAAAAINDMAAAA | Wilcox, Julia
 AAAAAAAAKGHBBAAA | Aviles, James
 AAAAAAAAKLLMAAAA | Cerda, Brenda
 AAAAAAAALDHIAAAA | Wilson, Jesus
 AAAAAAAALGODBAAA | Andrews, Maxine
 AAAAAAAALKDGAAAA | Mullen, Bonnie
 AAAAAAAAMKCJAAAA | Murphy, Annabel
 AAAAAAAANCNEBAAA | Barnhart, Natalia
 AAAAAAAANPJAAAAA | Porter, Emily
 AAAAAAAAOLPDAAAA | Marquez, Barbara
 AAAAAAAAPNBLAAAA | Dennis, Valerie
(26 rows)

UPDATE time_statistics SET e_time = TRANSACTION_TIMESTAMP() WHERE template = 'query84.tpl' AND stream = 7;
psql:/tmp/s1-basline/throughput/query_7.sql:687: NOTICE:  duration: 0.082 ms  plan:
Query Text: UPDATE time_statistics SET e_time = TRANSACTION_TIMESTAMP() WHERE template = 'query84.tpl' AND stream = 7;
Update on time_statistics  (cost=0.00..15.12 rows=0 width=0) (actual time=0.082..0.082 rows=0 loops=1)
  ->  Seq Scan on time_statistics  (cost=0.00..15.12 rows=1 width=14) (actual time=0.067..0.067 rows=1 loops=1)
        Filter: ((template = 'query84.tpl'::text) AND (stream = 7))
        Rows Removed by Filter: 476
UPDATE 1
LOAD 'auto_explain'; SET auto_explain.log_min_duration TO 0; SET auto_explain.log_analyze TO on; SET auto_explain.log_level TO notice; INSERT INTO time_statistics (template, s_time, stream, query, seed) VALUES ('query25.tpl', TRANSACTION_TIMESTAMP(), 7, 17, 1323263103);
LOAD
SET
SET
SET
psql:/tmp/s1-basline/throughput/query_7.sql:688: NOTICE:  duration: 0.008 ms  plan:
Query Text: INSERT INTO time_statistics (template, s_time, stream, query, seed) VALUES ('query25.tpl', TRANSACTION_TIMESTAMP(), 7, 17, 1323263103);
Insert on time_statistics  (cost=0.00..0.01 rows=0 width=0) (actual time=0.008..0.008 rows=0 loops=1)
  ->  Result  (cost=0.00..0.01 rows=1 width=64) (actual time=0.001..0.002 rows=1 loops=1)
INSERT 0 1
select  
 i_item_id
 ,i_item_desc
 ,s_store_id
 ,s_store_name
 ,max(ss_net_profit) as store_sales_profit
 ,max(sr_net_loss) as store_returns_loss
 ,max(cs_net_profit) as catalog_sales_profit
 from
 store_sales
 ,store_returns
 ,catalog_sales
 ,date_dim d1
 ,date_dim d2
 ,date_dim d3
 ,store
 ,item
 where
 d1.d_moy = 4
 and d1.d_year = 2001
 and d1.d_date_sk = ss_sold_date_sk
 and i_item_sk = ss_item_sk
 and s_store_sk = ss_store_sk
 and ss_customer_sk = sr_customer_sk
 and ss_item_sk = sr_item_sk
 and ss_ticket_number = sr_ticket_number
 and sr_returned_date_sk = d2.d_date_sk
 and d2.d_moy               between 4 and  10
 and d2.d_year              = 2001
 and sr_customer_sk = cs_bill_customer_sk
 and sr_item_sk = cs_item_sk
 and cs_sold_date_sk = d3.d_date_sk
 and d3.d_moy               between 4 and  10 
 and d3.d_year              = 2001
 group by
 i_item_id
 ,i_item_desc
 ,s_store_id
 ,s_store_name
 order by
 i_item_id
 ,i_item_desc
 ,s_store_id
 ,s_store_name
 limit 100;
psql:/tmp/s1-basline/throughput/query_7.sql:733: NOTICE:  duration: 1601.202 ms  plan:
Query Text: select  
 i_item_id
 ,i_item_desc
 ,s_store_id
 ,s_store_name
 ,max(ss_net_profit) as store_sales_profit
 ,max(sr_net_loss) as store_returns_loss
 ,max(cs_net_profit) as catalog_sales_profit
 from
 store_sales
 ,store_returns
 ,catalog_sales
 ,date_dim d1
 ,date_dim d2
 ,date_dim d3
 ,store
 ,item
 where
 d1.d_moy = 4
 and d1.d_year = 2001
 and d1.d_date_sk = ss_sold_date_sk
 and i_item_sk = ss_item_sk
 and s_store_sk = ss_store_sk
 and ss_customer_sk = sr_customer_sk
 and ss_item_sk = sr_item_sk
 and ss_ticket_number = sr_ticket_number
 and sr_returned_date_sk = d2.d_date_sk
 and d2.d_moy               between 4 and  10
 and d2.d_year              = 2001
 and sr_customer_sk = cs_bill_customer_sk
 and sr_item_sk = cs_item_sk
 and cs_sold_date_sk = d3.d_date_sk
 and d3.d_moy               between 4 and  10 
 and d3.d_year              = 2001
 group by
 i_item_id
 ,i_item_desc
 ,s_store_id
 ,s_store_name
 order by
 i_item_id
 ,i_item_desc
 ,s_store_id
 ,s_store_name
 limit 100;
Limit  (cost=11607.04..11607.08 rows=1 width=165) (actual time=1601.196..1601.199 rows=0 loops=1)
  ->  GroupAggregate  (cost=11607.04..11607.08 rows=1 width=165) (actual time=1601.196..1601.198 rows=0 loops=1)
        Group Key: item.i_item_id, item.i_item_desc, store.s_store_id, store.s_store_name
        ->  Sort  (cost=11607.04..11607.05 rows=1 width=165) (actual time=1601.194..1601.197 rows=0 loops=1)
              Sort Key: item.i_item_id, item.i_item_desc, store.s_store_id, store.s_store_name
              Sort Method: quicksort  Memory: 25kB
              ->  Nested Loop  (cost=2.15..11607.03 rows=1 width=165) (actual time=1601.186..1601.188 rows=0 loops=1)
                    ->  Nested Loop  (cost=1.86..11606.73 rows=1 width=70) (actual time=1601.186..1601.188 rows=0 loops=1)
                          Join Filter: (store_sales.ss_store_sk = store.s_store_sk)
                          ->  Nested Loop  (cost=1.86..11605.46 rows=1 width=56) (actual time=1601.186..1601.187 rows=0 loops=1)
                                ->  Nested Loop  (cost=1.57..11605.14 rows=1 width=64) (actual time=1601.185..1601.187 rows=0 loops=1)
                                      ->  Nested Loop  (cost=1.28..11604.82 rows=1 width=72) (actual time=111.216..1601.057 rows=22 loops=1)
                                            ->  Nested Loop  (cost=0.85..11602.60 rows=1 width=64) (actual time=4.701..146.678 rows=18602 loops=1)
                                                  ->  Nested Loop  (cost=0.42..10961.16 rows=808 width=32) (actual time=4.692..40.249 rows=25603 loops=1)
                                                        ->  Seq Scan on date_dim d2  (cost=0.00..2683.36 rows=212 width=8) (actual time=4.671..9.485 rows=214 loops=1)
                                                              Filter: ((d_moy >= 4) AND (d_moy <= 10) AND (d_year = 2001))
                                                              Rows Removed by Filter: 72835
                                                        ->  Index Scan using i_sr_returned_date_sk on store_returns  (cost=0.42..37.65 rows=140 width=40) (actual time=0.004..0.112 rows=120 loops=214)
                                                              Index Cond: (sr_returned_date_sk = d2.d_date_sk)
                                                  ->  Index Scan using pk_store_sales on store_sales  (cost=0.43..0.78 rows=1 width=48) (actual time=0.004..0.004 rows=1 loops=25603)
                                                        Index Cond: ((ss_item_sk = store_returns.sr_item_sk) AND (ss_ticket_number = store_returns.sr_ticket_number))
                                                        Filter: (store_returns.sr_customer_sk = ss_customer_sk)
                                                        Rows Removed by Filter: 0
                                            ->  Index Scan using pk_catalog_sales on catalog_sales  (cost=0.43..2.21 rows=1 width=32) (actual time=0.078..0.078 rows=0 loops=18602)
                                                  Index Cond: (cs_item_sk = store_sales.ss_item_sk)
                                                  Filter: (store_sales.ss_customer_sk = cs_bill_customer_sk)
                                                  Rows Removed by Filter: 97
                                      ->  Index Scan using pk_date_dim on date_dim d1  (cost=0.29..0.32 rows=1 width=8) (actual time=0.005..0.005 rows=0 loops=22)
                                            Index Cond: (d_date_sk = store_sales.ss_sold_date_sk)
                                            Filter: ((d_moy = 4) AND (d_year = 2001))
                                            Rows Removed by Filter: 1
                                ->  Index Scan using pk_date_dim on date_dim d3  (cost=0.29..0.32 rows=1 width=8) (never executed)
                                      Index Cond: (d_date_sk = catalog_sales.cs_sold_date_sk)
                                      Filter: ((d_moy >= 4) AND (d_moy <= 10) AND (d_year = 2001))
                          ->  Seq Scan on store  (cost=0.00..1.12 rows=12 width=30) (never executed)
                    ->  Index Scan using pk_item on item  (cost=0.29..0.31 rows=1 width=127) (never executed)
                          Index Cond: (i_item_sk = store_sales.ss_item_sk)
 i_item_id | i_item_desc | s_store_id | s_store_name | store_sales_profit | store_returns_loss | catalog_sales_profit 
-----------+-------------+------------+--------------+--------------------+--------------------+----------------------
(0 rows)

UPDATE time_statistics SET e_time = TRANSACTION_TIMESTAMP() WHERE template = 'query25.tpl' AND stream = 7;
psql:/tmp/s1-basline/throughput/query_7.sql:735: NOTICE:  duration: 0.080 ms  plan:
Query Text: UPDATE time_statistics SET e_time = TRANSACTION_TIMESTAMP() WHERE template = 'query25.tpl' AND stream = 7;
Update on time_statistics  (cost=0.00..15.12 rows=0 width=0) (actual time=0.079..0.079 rows=0 loops=1)
  ->  Seq Scan on time_statistics  (cost=0.00..15.12 rows=1 width=14) (actual time=0.063..0.064 rows=1 loops=1)
        Filter: ((template = 'query25.tpl'::text) AND (stream = 7))
        Rows Removed by Filter: 477
UPDATE 1
LOAD 'auto_explain'; SET auto_explain.log_min_duration TO 0; SET auto_explain.log_analyze TO on; SET auto_explain.log_level TO notice; INSERT INTO time_statistics (template, s_time, stream, query, seed) VALUES ('query4.tpl', TRANSACTION_TIMESTAMP(), 7, 18, 1503416300);
LOAD
SET
SET
SET
psql:/tmp/s1-basline/throughput/query_7.sql:736: NOTICE:  duration: 0.008 ms  plan:
Query Text: INSERT INTO time_statistics (template, s_time, stream, query, seed) VALUES ('query4.tpl', TRANSACTION_TIMESTAMP(), 7, 18, 1503416300);
Insert on time_statistics  (cost=0.00..0.01 rows=0 width=0) (actual time=0.008..0.008 rows=0 loops=1)
  ->  Result  (cost=0.00..0.01 rows=1 width=64) (actual time=0.002..0.002 rows=1 loops=1)
INSERT 0 1
with year_total as (
 select c_customer_id customer_id
       ,c_first_name customer_first_name
       ,c_last_name customer_last_name
       ,c_preferred_cust_flag customer_preferred_cust_flag
       ,c_birth_country customer_birth_country
       ,c_login customer_login
       ,c_email_address customer_email_address
       ,d_year dyear
       ,sum(((ss_ext_list_price-ss_ext_wholesale_cost-ss_ext_discount_amt)+ss_ext_sales_price)/2) year_total
       ,'s' sale_type
 from customer
     ,store_sales
     ,date_dim
 where c_customer_sk = ss_customer_sk
   and ss_sold_date_sk = d_date_sk
 group by c_customer_id
         ,c_first_name
         ,c_last_name
         ,c_preferred_cust_flag
         ,c_birth_country
         ,c_login
         ,c_email_address
         ,d_year
 union all
 select c_customer_id customer_id
       ,c_first_name customer_first_name
       ,c_last_name customer_last_name
       ,c_preferred_cust_flag customer_preferred_cust_flag
       ,c_birth_country customer_birth_country
       ,c_login customer_login
       ,c_email_address customer_email_address
       ,d_year dyear
       ,sum((((cs_ext_list_price-cs_ext_wholesale_cost-cs_ext_discount_amt)+cs_ext_sales_price)/2) ) year_total
       ,'c' sale_type
 from customer
     ,catalog_sales
     ,date_dim
 where c_customer_sk = cs_bill_customer_sk
   and cs_sold_date_sk = d_date_sk
 group by c_customer_id
         ,c_first_name
         ,c_last_name
         ,c_preferred_cust_flag
         ,c_birth_country
         ,c_login
         ,c_email_address
         ,d_year
union all
 select c_customer_id customer_id
       ,c_first_name customer_first_name
       ,c_last_name customer_last_name
       ,c_preferred_cust_flag customer_preferred_cust_flag
       ,c_birth_country customer_birth_country
       ,c_login customer_login
       ,c_email_address customer_email_address
       ,d_year dyear
       ,sum((((ws_ext_list_price-ws_ext_wholesale_cost-ws_ext_discount_amt)+ws_ext_sales_price)/2) ) year_total
       ,'w' sale_type
 from customer
     ,web_sales
     ,date_dim
 where c_customer_sk = ws_bill_customer_sk
   and ws_sold_date_sk = d_date_sk
 group by c_customer_id
         ,c_first_name
         ,c_last_name
         ,c_preferred_cust_flag
         ,c_birth_country
         ,c_login
         ,c_email_address
         ,d_year
         )
  select  
                  t_s_secyear.customer_id
                 ,t_s_secyear.customer_first_name
                 ,t_s_secyear.customer_last_name
                 ,t_s_secyear.customer_birth_country
 from year_total t_s_firstyear
     ,year_total t_s_secyear
     ,year_total t_c_firstyear
     ,year_total t_c_secyear
     ,year_total t_w_firstyear
     ,year_total t_w_secyear
 where t_s_secyear.customer_id = t_s_firstyear.customer_id
   and t_s_firstyear.customer_id = t_c_secyear.customer_id
   and t_s_firstyear.customer_id = t_c_firstyear.customer_id
   and t_s_firstyear.customer_id = t_w_firstyear.customer_id
   and t_s_firstyear.customer_id = t_w_secyear.customer_id
   and t_s_firstyear.sale_type = 's'
   and t_c_firstyear.sale_type = 'c'
   and t_w_firstyear.sale_type = 'w'
   and t_s_secyear.sale_type = 's'
   and t_c_secyear.sale_type = 'c'
   and t_w_secyear.sale_type = 'w'
   and t_s_firstyear.dyear =  1998
   and t_s_secyear.dyear = 1998+1
   and t_c_firstyear.dyear =  1998
   and t_c_secyear.dyear =  1998+1
   and t_w_firstyear.dyear = 1998
   and t_w_secyear.dyear = 1998+1
   and t_s_firstyear.year_total > 0
   and t_c_firstyear.year_total > 0
   and t_w_firstyear.year_total > 0
   and case when t_c_firstyear.year_total > 0 then t_c_secyear.year_total / t_c_firstyear.year_total else null end
           > case when t_s_firstyear.year_total > 0 then t_s_secyear.year_total / t_s_firstyear.year_total else null end
   and case when t_c_firstyear.year_total > 0 then t_c_secyear.year_total / t_c_firstyear.year_total else null end
           > case when t_w_firstyear.year_total > 0 then t_w_secyear.year_total / t_w_firstyear.year_total else null end
 order by t_s_secyear.customer_id
         ,t_s_secyear.customer_first_name
         ,t_s_secyear.customer_last_name
         ,t_s_secyear.customer_birth_country
limit 100;
psql:/tmp/s1-basline/throughput/query_7.sql:849: NOTICE:  duration: 3638618.474 ms  plan:
Query Text: with year_total as (
 select c_customer_id customer_id
       ,c_first_name customer_first_name
       ,c_last_name customer_last_name
       ,c_preferred_cust_flag customer_preferred_cust_flag
       ,c_birth_country customer_birth_country
       ,c_login customer_login
       ,c_email_address customer_email_address
       ,d_year dyear
       ,sum(((ss_ext_list_price-ss_ext_wholesale_cost-ss_ext_discount_amt)+ss_ext_sales_price)/2) year_total
       ,'s' sale_type
 from customer
     ,store_sales
     ,date_dim
 where c_customer_sk = ss_customer_sk
   and ss_sold_date_sk = d_date_sk
 group by c_customer_id
         ,c_first_name
         ,c_last_name
         ,c_preferred_cust_flag
         ,c_birth_country
         ,c_login
         ,c_email_address
         ,d_year
 union all
 select c_customer_id customer_id
       ,c_first_name customer_first_name
       ,c_last_name customer_last_name
       ,c_preferred_cust_flag customer_preferred_cust_flag
       ,c_birth_country customer_birth_country
       ,c_login customer_login
       ,c_email_address customer_email_address
       ,d_year dyear
       ,sum((((cs_ext_list_price-cs_ext_wholesale_cost-cs_ext_discount_amt)+cs_ext_sales_price)/2) ) year_total
       ,'c' sale_type
 from customer
     ,catalog_sales
     ,date_dim
 where c_customer_sk = cs_bill_customer_sk
   and cs_sold_date_sk = d_date_sk
 group by c_customer_id
         ,c_first_name
         ,c_last_name
         ,c_preferred_cust_flag
         ,c_birth_country
         ,c_login
         ,c_email_address
         ,d_year
union all
 select c_customer_id customer_id
       ,c_first_name customer_first_name
       ,c_last_name customer_last_name
       ,c_preferred_cust_flag customer_preferred_cust_flag
       ,c_birth_country customer_birth_country
       ,c_login customer_login
       ,c_email_address customer_email_address
       ,d_year dyear
       ,sum((((ws_ext_list_price-ws_ext_wholesale_cost-ws_ext_discount_amt)+ws_ext_sales_price)/2) ) year_total
       ,'w' sale_type
 from customer
     ,web_sales
     ,date_dim
 where c_customer_sk = ws_bill_customer_sk
   and ws_sold_date_sk = d_date_sk
 group by c_customer_id
         ,c_first_name
         ,c_last_name
         ,c_preferred_cust_flag
         ,c_birth_country
         ,c_login
         ,c_email_address
         ,d_year
         )
  select  
                  t_s_secyear.customer_id
                 ,t_s_secyear.customer_first_name
                 ,t_s_secyear.customer_last_name
                 ,t_s_secyear.customer_birth_country
 from year_total t_s_firstyear
     ,year_total t_s_secyear
     ,year_total t_c_firstyear
     ,year_total t_c_secyear
     ,year_total t_w_firstyear
     ,year_total t_w_secyear
 where t_s_secyear.customer_id = t_s_firstyear.customer_id
   and t_s_firstyear.customer_id = t_c_secyear.customer_id
   and t_s_firstyear.customer_id = t_c_firstyear.customer_id
   and t_s_firstyear.customer_id = t_w_firstyear.customer_id
   and t_s_firstyear.customer_id = t_w_secyear.customer_id
   and t_s_firstyear.sale_type = 's'
   and t_c_firstyear.sale_type = 'c'
   and t_w_firstyear.sale_type = 'w'
   and t_s_secyear.sale_type = 's'
   and t_c_secyear.sale_type = 'c'
   and t_w_secyear.sale_type = 'w'
   and t_s_firstyear.dyear =  1998
   and t_s_secyear.dyear = 1998+1
   and t_c_firstyear.dyear =  1998
   and t_c_secyear.dyear =  1998+1
   and t_w_firstyear.dyear = 1998
   and t_w_secyear.dyear = 1998+1
   and t_s_firstyear.year_total > 0
   and t_c_firstyear.year_total > 0
   and t_w_firstyear.year_total > 0
   and case when t_c_firstyear.year_total > 0 then t_c_secyear.year_total / t_c_firstyear.year_total else null end
           > case when t_s_firstyear.year_total > 0 then t_s_secyear.year_total / t_s_firstyear.year_total else null end
   and case when t_c_firstyear.year_total > 0 then t_c_secyear.year_total / t_c_firstyear.year_total else null end
           > case when t_w_firstyear.year_total > 0 then t_w_secyear.year_total / t_w_firstyear.year_total else null end
 order by t_s_secyear.customer_id
         ,t_s_secyear.customer_first_name
         ,t_s_secyear.customer_last_name
         ,t_s_secyear.customer_birth_country
limit 100;
Limit  (cost=1895627.55..1895627.55 rows=1 width=334) (actual time=3638618.280..3638618.462 rows=4 loops=1)
  CTE year_total
    ->  Gather  (cost=255096.20..1141618.50 rows=4787025 width=231) (actual time=1015.872..4571.688 rows=380239 loops=1)
          Workers Planned: 2
          Workers Launched: 2
          ->  Parallel Append  (cost=254096.20..661916.00 rows=1994593 width=231) (actual time=2343.626..2684.182 rows=126746 loops=3)
                ->  HashAggregate  (cost=439614.71..625582.20 rows=2636084 width=231) (actual time=3880.701..4579.583 rows=188832 loops=1)
                      Group Key: customer.c_customer_id, customer.c_first_name, customer.c_last_name, customer.c_preferred_cust_flag, customer.c_birth_country, customer.c_login, customer.c_email_address, date_dim.d_year
                      Planned Partitions: 64
                      Worker 1:  Batches: 65  Memory Usage: 33305kB  Disk Usage: 257200kB
                      ->  Hash Join  (cost=8459.60..125652.99 rows=2636084 width=223) (actual time=106.280..1902.177 rows=2651152 loops=1)
                            Hash Cond: (store_sales.ss_sold_date_sk = date_dim.d_date_sk)
                            ->  Hash Join  (cost=5411.00..115360.98 rows=2759238 width=227) (actual time=76.489..1413.573 rows=2716019 loops=1)
                                  Hash Cond: (store_sales.ss_customer_sk = customer.c_customer_sk)
                                  ->  Seq Scan on store_sales  (cost=0.00..102361.67 rows=2890667 width=48) (actual time=0.032..329.576 rows=2844450 loops=1)
                                  ->  Hash  (cost=4161.00..4161.00 rows=100000 width=195) (actual time=75.907..75.907 rows=100000 loops=1)
                                        Buckets: 131072  Batches: 1  Memory Usage: 17780kB
                                        ->  Seq Scan on customer  (cost=0.00..4161.00 rows=100000 width=195) (actual time=0.036..43.724 rows=100000 loops=1)
                            ->  Hash  (cost=2135.49..2135.49 rows=73049 width=12) (actual time=29.165..29.166 rows=73049 loops=1)
                                  Buckets: 131072  Batches: 1  Memory Usage: 4449kB
                                  ->  Seq Scan on date_dim  (cost=0.00..2135.49 rows=73049 width=12) (actual time=0.040..18.447 rows=73049 loops=1)
                ->  HashAggregate  (cost=254096.20..354883.27 rows=1428654 width=231) (actual time=2135.179..2383.757 rows=135507 loops=1)
                      Group Key: customer_1.c_customer_id, customer_1.c_first_name, customer_1.c_last_name, customer_1.c_preferred_cust_flag, customer_1.c_birth_country, customer_1.c_login, customer_1.c_email_address, date_dim_1.d_year
                      Planned Partitions: 32
                      Worker 0:  Batches: 33  Memory Usage: 33049kB  Disk Usage: 95312kB
                      ->  Hash Join  (cost=8459.60..83941.27 rows=1428654 width=223) (actual time=105.249..1106.484 rows=1410542 loops=1)
                            Hash Cond: (catalog_sales.cs_bill_customer_sk = customer_1.c_customer_sk)
                            ->  Hash Join  (cost=3048.60..74759.92 rows=1436266 width=44) (actual time=28.751..700.505 rows=1414159 loops=1)
                                  Hash Cond: (catalog_sales.cs_sold_date_sk = date_dim_1.d_date_sk)
                                  ->  Seq Scan on catalog_sales  (cost=0.00..67918.39 rows=1444839 width=48) (actual time=0.037..224.627 rows=1421368 loops=1)
                                  ->  Hash  (cost=2135.49..2135.49 rows=73049 width=12) (actual time=28.136..28.136 rows=73049 loops=1)
                                        Buckets: 131072  Batches: 1  Memory Usage: 4449kB
                                        ->  Seq Scan on date_dim date_dim_1  (cost=0.00..2135.49 rows=73049 width=12) (actual time=0.032..17.356 rows=73049 loops=1)
                            ->  Hash  (cost=4161.00..4161.00 rows=100000 width=195) (actual time=75.953..75.954 rows=100000 loops=1)
                                  Buckets: 131072  Batches: 1  Memory Usage: 17780kB
                                  ->  Seq Scan on customer customer_1  (cost=0.00..4161.00 rows=100000 width=195) (actual time=0.050..43.688 rows=100000 loops=1)
                ->  HashAggregate  (cost=132264.78..183219.87 rows=722287 width=231) (actual time=1014.995..1031.919 rows=55900 loops=1)
                      Group Key: customer_2.c_customer_id, customer_2.c_first_name, customer_2.c_last_name, customer_2.c_preferred_cust_flag, customer_2.c_birth_country, customer_2.c_login, customer_2.c_email_address, date_dim_2.d_year
                      Planned Partitions: 16  Batches: 1  Memory Usage: 19481kB
                      ->  Hash Join  (cost=8459.60..46239.27 rows=722287 width=223) (actual time=80.975..532.384 rows=711274 loops=1)
                            Hash Cond: (web_sales.ws_sold_date_sk = date_dim_2.d_date_sk)
                            ->  Hash Join  (cost=5411.00..41294.30 rows=722383 width=227) (actual time=62.353..394.613 rows=711350 loops=1)
                                  Hash Cond: (web_sales.ws_bill_customer_sk = customer_2.c_customer_sk)
                                  ->  Seq Scan on web_sales  (cost=0.00..33986.52 rows=722552 width=48) (actual time=0.004..63.768 rows=711555 loops=1)
                                  ->  Hash  (cost=4161.00..4161.00 rows=100000 width=195) (actual time=61.808..61.809 rows=100000 loops=1)
                                        Buckets: 131072  Batches: 1  Memory Usage: 17780kB
                                        ->  Seq Scan on customer customer_2  (cost=0.00..4161.00 rows=100000 width=195) (actual time=0.004..29.941 rows=100000 loops=1)
                            ->  Hash  (cost=2135.49..2135.49 rows=73049 width=12) (actual time=18.598..18.599 rows=73049 loops=1)
                                  Buckets: 131072  Batches: 1  Memory Usage: 4449kB
                                  ->  Seq Scan on date_dim date_dim_2  (cost=0.00..2135.49 rows=73049 width=12) (actual time=0.006..9.315 rows=73049 loops=1)
  ->  Sort  (cost=754009.05..754009.05 rows=1 width=334) (actual time=3638618.279..3638618.281 rows=4 loops=1)
        Sort Key: t_s_secyear.customer_id, t_s_secyear.customer_first_name, t_s_secyear.customer_last_name, t_s_secyear.customer_birth_country
        Sort Method: quicksort  Memory: 25kB
        ->  Nested Loop  (cost=0.00..754009.04 rows=1 width=334) (actual time=351674.623..3638618.261 rows=4 loops=1)
              Join Filter: ((t_s_secyear.customer_id = t_w_secyear.customer_id) AND (CASE WHEN (t_c_firstyear.year_total > '0'::double precision) THEN (t_c_secyear.year_total / t_c_firstyear.year_total) ELSE NULL::double precision END > CASE WHEN (t_w_firstyear.year_total > '0'::double precision) THEN (t_w_secyear.year_total / t_w_firstyear.year_total) ELSE NULL::double precision END))
              Rows Removed by Join Filter: 637370
              ->  Nested Loop  (cost=0.00..634330.41 rows=1 width=630) (actual time=64463.979..3634639.044 rows=57 loops=1)
                    Join Filter: ((t_s_secyear.customer_id = t_c_secyear.customer_id) AND (CASE WHEN (t_c_firstyear.year_total > '0'::double precision) THEN (t_c_secyear.year_total / t_c_firstyear.year_total) ELSE NULL::double precision END > CASE WHEN (t_s_firstyear.year_total > '0'::double precision) THEN (t_s_secyear.year_total / t_s_firstyear.year_total) ELSE NULL::double precision END))
                    Rows Removed by Join Filter: 10627813
                    ->  Nested Loop  (cost=0.00..514651.79 rows=1 width=570) (actual time=32013.690..3606024.933 rows=395 loops=1)
                          Join Filter: (t_s_firstyear.customer_id = t_s_secyear.customer_id)
                          Rows Removed by Join Filter: 40690819
                          ->  Nested Loop  (cost=0.00..394971.96 rows=2 width=228) (actual time=7575.805..3525860.600 rows=1077 loops=1)
                                Join Filter: (t_s_firstyear.customer_id = t_w_firstyear.customer_id)
                                Rows Removed by Join Filter: 107643708
                                ->  Nested Loop  (cost=0.00..263321.98 rows=8 width=152) (actual time=4935.684..2812565.872 rows=9785 loops=1)
                                      Join Filter: (t_s_firstyear.customer_id = t_c_firstyear.customer_id)
                                      Rows Removed by Join Filter: 972135382
                                      ->  CTE Scan on year_total t_s_firstyear  (cost=0.00..131643.19 rows=40 width=76) (actual time=3891.564..3993.142 rows=37317 loops=1)
                                            Filter: ((year_total > '0'::double precision) AND (sale_type = 's'::text) AND (dyear = 1998))
                                            Rows Removed by Filter: 342922
                                      ->  CTE Scan on year_total t_c_firstyear  (cost=0.00..131643.19 rows=40 width=76) (actual time=10.444..73.331 rows=26051 loops=37317)
                                            Filter: ((year_total > '0'::double precision) AND (sale_type = 'c'::text) AND (dyear = 1998))
                                            Rows Removed by Filter: 354188
                                ->  CTE Scan on year_total t_w_firstyear  (cost=0.00..131643.19 rows=40 width=76) (actual time=0.002..72.111 rows=11001 loops=9785)
                                      Filter: ((year_total > '0'::double precision) AND (sale_type = 'w'::text) AND (dyear = 1998))
                                      Rows Removed by Filter: 369238
                          ->  CTE Scan on year_total t_s_secyear  (cost=0.00..119675.62 rows=120 width=342) (actual time=34.348..71.741 rows=37782 loops=1077)
                                Filter: ((sale_type = 's'::text) AND (dyear = 1999))
                                Rows Removed by Filter: 342457
                    ->  CTE Scan on year_total t_c_secyear  (cost=0.00..119675.62 rows=120 width=76) (actual time=10.062..70.541 rows=26906 loops=395)
                          Filter: ((sale_type = 'c'::text) AND (dyear = 1999))
                          Rows Removed by Filter: 353333
              ->  CTE Scan on year_total t_w_secyear  (cost=0.00..119675.62 rows=120 width=76) (actual time=0.002..69.006 rows=11182 loops=57)
                    Filter: ((sale_type = 'w'::text) AND (dyear = 1999))
                    Rows Removed by Filter: 369057
   customer_id    | customer_first_name  |       customer_last_name       | customer_birth_country 
------------------+----------------------+--------------------------------+------------------------
 AAAAAAAAAHJCBAAA | Lawrence             | Wheeler                        | BOUVET ISLAND
 AAAAAAAABLHOAAAA | Robert               |                                | PUERTO RICO
 AAAAAAAACMFDBAAA | Timothy              | Kelly                          | BARBADOS
 AAAAAAAAENHEAAAA | Fernando             | Hernandez                      | DENMARK
(4 rows)

UPDATE time_statistics SET e_time = TRANSACTION_TIMESTAMP() WHERE template = 'query4.tpl' AND stream = 7;
psql:/tmp/s1-basline/throughput/query_7.sql:851: NOTICE:  duration: 0.125 ms  plan:
Query Text: UPDATE time_statistics SET e_time = TRANSACTION_TIMESTAMP() WHERE template = 'query4.tpl' AND stream = 7;
Update on time_statistics  (cost=0.00..16.72 rows=0 width=0) (actual time=0.124..0.124 rows=0 loops=1)
  ->  Seq Scan on time_statistics  (cost=0.00..16.72 rows=1 width=14) (actual time=0.107..0.111 rows=1 loops=1)
        Filter: ((template = 'query4.tpl'::text) AND (stream = 7))
        Rows Removed by Filter: 594
UPDATE 1
LOAD 'auto_explain'; SET auto_explain.log_min_duration TO 0; SET auto_explain.log_analyze TO on; SET auto_explain.log_level TO notice; INSERT INTO time_statistics (template, s_time, stream, query, seed) VALUES ('../query_postgresql/query98.tpl', TRANSACTION_TIMESTAMP(), 7, 19, 545090620);
LOAD
SET
SET
SET
psql:/tmp/s1-basline/throughput/query_7.sql:852: NOTICE:  duration: 0.021 ms  plan:
Query Text: INSERT INTO time_statistics (template, s_time, stream, query, seed) VALUES ('../query_postgresql/query98.tpl', TRANSACTION_TIMESTAMP(), 7, 19, 545090620);
Insert on time_statistics  (cost=0.00..0.01 rows=0 width=0) (actual time=0.021..0.021 rows=0 loops=1)
  ->  Result  (cost=0.00..0.01 rows=1 width=64) (actual time=0.002..0.002 rows=1 loops=1)
INSERT 0 1
select i_item_id
      ,i_item_desc 
      ,i_category 
      ,i_class 
      ,i_current_price
      ,sum(ss_ext_sales_price) as itemrevenue 
      ,sum(ss_ext_sales_price)*100/sum(sum(ss_ext_sales_price)) over
          (partition by i_class) as revenueratio
from	
	store_sales
    	,item 
    	,date_dim
where 
	ss_item_sk = i_item_sk 
  	and i_category in ('Children', 'Men', 'Music')
  	and ss_sold_date_sk = d_date_sk
	and d_date between cast('2000-04-13' as date) 
				and (cast('2000-04-13' as date) + interval '30 days')
group by 
	i_item_id
        ,i_item_desc 
        ,i_category
        ,i_class
        ,i_current_price
order by 
	i_category
        ,i_class
        ,i_item_id
        ,i_item_desc
        ,revenueratio;
psql:/tmp/s1-basline/throughput/query_7.sql:882: NOTICE:  duration: 99.269 ms  plan:
Query Text: select i_item_id
      ,i_item_desc 
      ,i_category 
      ,i_class 
      ,i_current_price
      ,sum(ss_ext_sales_price) as itemrevenue 
      ,sum(ss_ext_sales_price)*100/sum(sum(ss_ext_sales_price)) over
          (partition by i_class) as revenueratio
from	
	store_sales
    	,item 
    	,date_dim
where 
	ss_item_sk = i_item_sk 
  	and i_category in ('Children', 'Men', 'Music')
  	and ss_sold_date_sk = d_date_sk
	and d_date between cast('2000-04-13' as date) 
				and (cast('2000-04-13' as date) + interval '30 days')
group by 
	i_item_id
        ,i_item_desc 
        ,i_category
        ,i_class
        ,i_current_price
order by 
	i_category
        ,i_class
        ,i_item_id
        ,i_item_desc
        ,revenueratio;
Sort  (cost=39924.43..39925.26 rows=335 width=245) (actual time=97.388..97.492 rows=2536 loops=1)
  Sort Key: item.i_category, item.i_class, item.i_item_id, item.i_item_desc, ((((sum(store_sales.ss_ext_sales_price)) * '100'::double precision) / sum((sum(store_sales.ss_ext_sales_price))) OVER (?)))
  Sort Method: quicksort  Memory: 813kB
  ->  WindowAgg  (cost=39902.84..39910.38 rows=335 width=245) (actual time=88.040..89.278 rows=2536 loops=1)
        ->  Sort  (cost=39902.84..39903.68 rows=335 width=237) (actual time=87.960..88.069 rows=2536 loops=1)
              Sort Key: item.i_class
              Sort Method: quicksort  Memory: 793kB
              ->  GroupAggregate  (cost=39879.58..39888.79 rows=335 width=237) (actual time=83.080..86.695 rows=2536 loops=1)
                    Group Key: item.i_item_id, item.i_item_desc, item.i_category, item.i_class, item.i_current_price
                    ->  Sort  (cost=39879.58..39880.41 rows=335 width=237) (actual time=83.069..83.427 rows=8223 loops=1)
                          Sort Key: item.i_item_id, item.i_item_desc, item.i_category, item.i_class, item.i_current_price
                          Sort Method: quicksort  Memory: 2643kB
                          ->  Nested Loop  (cost=1.01..39865.53 rows=335 width=237) (actual time=0.038..60.075 rows=8223 loops=1)
                                ->  Nested Loop  (cost=0.72..39514.84 rows=1134 width=16) (actual time=0.022..12.762 rows=27703 loops=1)
                                      ->  Index Scan using i_d_date on date_dim  (cost=0.29..3.09 rows=30 width=8) (actual time=0.009..0.020 rows=31 loops=1)
                                            Index Cond: ((d_date >= '2000-04-13'::date) AND (d_date <= '2000-05-13 00:00:00'::timestamp without time zone))
                                      ->  Index Scan using i_ss_sold_date_sk on store_sales  (cost=0.43..1301.91 rows=1515 width=24) (actual time=0.005..0.282 rows=894 loops=31)
                                            Index Cond: (ss_sold_date_sk = date_dim.d_date_sk)
                                ->  Index Scan using pk_item on item  (cost=0.29..0.31 rows=1 width=237) (actual time=0.002..0.002 rows=0 loops=27703)
                                      Index Cond: (i_item_sk = store_sales.ss_item_sk)
                                      Filter: (i_category = ANY ('{Children,Men,Music}'::bpchar[]))
                                      Rows Removed by Filter: 1
    i_item_id     |                                                                                               i_item_desc                                                                                                |                     i_category                     |                      i_class                       | i_current_price |    itemrevenue     |     revenueratio      
------------------+----------------------------------------------------------------------------------------------------------------------------------------------------------------------------------------------------------+----------------------------------------------------+----------------------------------------------------+-----------------+--------------------+-----------------------
 AAAAAAAAAAFDAAAA | Publ                                                                                                                                                                                                     | Children                                           | infants                                            |            4.75 |              915.6 |   0.07840065070142509
 AAAAAAAAABNCAAAA | Opportunities will understand forces; mainly true things take significantly free, parliamentary areas. Other, new eyes                                                                                   | Children                                           | infants                                            |            1.64 |             3748.3 |    0.3209580155353338
 AAAAAAAAACLDAAAA | Present, basic territories must not stop back, wrong services. Old professionals cannot get ever in a schemes. So other seeds must not control still securities. Ready years make there no               | Children                                           | infants                                            |             2.6 |            4508.58 |      0.38605898398802
 AAAAAAAAACPAAAAA | Sessions w                                                                                                                                                                                               | Children                                           | infants                                            |           95.22 |             123.34 |  0.010561310897240902
 AAAAAAAAADBEAAAA | Right ways may train chief, good programmes; new effects will not mean then in a reasons. Usually social differences can imply lips. Seconds spend. Complex, full memories boost perhaps on the          | Children                                           | infants                                            |            9.07 |  666.6300000000001 |   0.05708194165256774
 AAAAAAAAAENDAAAA | Rapid books will think never real, clear tiles. Exchanges know so even alive changes. Authorities gain also global services. Members may not cause from the son                                          | Children                                           | infants                                            |           76.71 | 1035.6599999999999 |   0.08868110299851234
 AAAAAAAAAIADAAAA | Left, public hours go then powerful buildings. Me                                                                                                                                                        | Children                                           | infants                                            |            82.5 |           15057.59 |    1.2893456247217905
 AAAAAAAAAILDAAAA | Following chains might not sack children. Other, indian workshops remove authorities; german attempts carry furthermore; single, current                                                                 | Children                                           | infants                                            |            6.35 | 10723.349999999999 |    0.9182149603529124
 AAAAAAAAAIOAAAAA | Days could reflect however international boats. Alone late wa                                                                                                                                            | Children                                           | infants                                            |            5.22 |            4844.64 |    0.4148350026366886
 AAAAAAAAAJPBAAAA | However valuable years may not reach only products. Short, anonymous men get; then                                                                                                                       | Children                                           | infants                                            |            0.49 |            3419.48 |    0.2928019408699313
 AAAAAAAAAKKCAAAA | Clear levels would use now subjective companies. Perhaps prime games must open always on a relations. Results should                                                                                     | Children                                           | infants                                            |            8.76 |           16638.85 |     1.424745158282445
 AAAAAAAAAMHBAAAA | Fat, sensible police make black suppliers. British, dangerous authorities make smoothly c                                                                                                                | Children                                           | infants                                            |           71.57 |            4636.62 |   0.39702274470865184
 AAAAAAAAAMIDAAAA | S                                                                                                                                                                                                        | Children                                           | infants                                            |            1.96 |            7168.07 |    0.6137847884156445
 AAAAAAAAANMBAAAA | Similar others may not hook e                                                                                                                                                                            | Children                                           | infants                                            |            5.83 |            5034.22 |   0.43106828721508106
 AAAAAAAAAOGAAAAA | Categories collect there in a effects.                                                                                                                                                                   | Children                                           | infants                                            |            4.96 | 1365.8200000000002 |   0.11695191867739235
 AAAAAAAAAOMDAAAA | Modern trials lend more supporters. There practical funds replace very strictly great parents. Days m                                                                                                    | Children                                           | infants                                            |           55.71 |            8699.11 |    0.7448841027995566
 AAAAAAAABBLAAAAA | Other cities talk only from a agents.                                                                                                                                                                    | Children                                           | infants                                            |            2.85 |            2815.16 |   0.24105545634406275
 AAAAAAAABEIAAAAA | Experimental, poor points will not position secondly. Unique limits can collect to a values; benefits stop well new, italian characteristics. Firmly possible others rescue at least further ti          | Children                                           | infants                                            |            2.97 |           10206.94 |    0.8739960000768936
 AAAAAAAABHACAAAA | Items remain in a teachers. Well popular skills manage varieties. American values ought to rebuild so little ideas. Recent, different pupils meet. Annual theories li                                    | Children                                           | infants                                            |            4.53 | 6812.0599999999995 |    0.5833004987081147
 AAAAAAAABINDAAAA | Principles want almost away inc effects. Large, domestic eyes think scenes. Indeed super approaches travel more resou                                                                                    | Children                                           | infants                                            |            1.85 |            1637.44 |    0.1402100933645058
 AAAAAAAABJNCAAAA | Too particular girls would result normally kilometres. Categories remember eventually recent years; presidenti                                                                                           | Children                                           | infants                                            |           16.45 |            8003.07 |    0.6852838527840259
 AAAAAAAABLDBAAAA | Voluntary friends accept also normal criteria. Befo                                                                                                                                                      | Children                                           | infants                                            |             9.9 |             212.52 |  0.018197582227028025
 AAAAAAAABLGBAAAA | So alone pages interpret once again also wealthy allegations. Clear, equal things become down the months.                                                                                                | Children                                           | infants                                            |            4.96 |             2613.6 |    0.2237963528541335
 AAAAAAAABNIAAAAA | Round, heavy transactions                                                                                                                                                                                | Children                                           | infants                                            |             4.9 |  8766.480000000001 |    0.7506528356935661
 AAAAAAAABOHAAAAA | Remaining, negative metals must not convey quiet citizens. Criminal, existing groups must interpret numerous, social rights                                                                              | Children                                           | infants                                            |            8.81 |             8645.5 |    0.7402936059842405
 AAAAAAAACAHBAAAA | Hours will rec                                                                                                                                                                                           | Children                                           | infants                                            |            2.77 | 1793.4199999999998 |    0.1535662898437634
 AAAAAAAACALAAAAA | Gastric others might not help there constant windows. T                                                                                                                                                  | Children                                           | infants                                            |            0.67 |  7105.759999999999 |    0.6084493312889453
 AAAAAAAACCDBAAAA | Central fields give obviously trees; representatives keep well ordinary, popular years. Tons mix partly light visitors. New, bad activities should experience to the times. Trousers                     | Children                                           | infants                                            |            3.45 |           10365.84 |    0.8876022292123856
 AAAAAAAACEGEAAAA | Legs bring so already revolutionary reports. Members take here fires. Reasonably american divisions get therefore different machines. Only, slow                                                         | Children                                           | infants                                            |            9.16 |            7432.12 |    0.6363947620042327
 AAAAAAAACEHBAAAA | American buildings develop just from a states. Persistent, regional                                                                                                                                      | Children                                           | infants                                            |            8.54 |              25.76 |  0.002205767542670064
 AAAAAAAACFBDAAAA | Scenes will not say also. Of course wild vessels might not provide dra                                                                                                                                   | Children                                           | infants                                            |            6.44 |            3448.11 |   0.29525345968773575
 AAAAAAAACFJBAAAA | Likely numbers will not explain married orders. Days must match intensely next to a tenants. Offenders will want internal direction                                                                      | Children                                           | infants                                            |            4.89 |            2823.57 |   0.24177558464506646
 AAAAAAAACFNDAAAA | Peaceful, normal damages blame small clothes. Different kilometres believe for a scho                                                                                                                    | Children                                           | infants                                            |            2.82 |            6536.17 |    0.5596766940750695
 AAAAAAAACGDCAAAA | Well major cells ought to try significantly happy, separate definitions. Mothers may acknowledge now financial movements. Industries see never sites. Good buildings keep things. Policies mig           | Children                                           | infants                                            |            2.33 | 13694.800000000001 |    1.1726531577390524
 AAAAAAAACHACAAAA | Arbitrary houses make like a creatures. Uniquely new minutes must not make rough, historic genes. Normally international sectors can d                                                                   | Children                                           | infants                                            |            2.23 |  9292.329999999998 |    0.7956801207212464
 AAAAAAAACHJBAAAA | Services might go too. Differences ought to regulate. Very international factors find barely arms. Items enable particularly delegates. Years would define. Employe                                      | Children                                           | infants                                            |            3.24 |             409.69 |   0.03508078045638581
 AAAAAAAACHNDAAAA | That new prayers draw victorian threats; remaining ideas could need for a individuals. Thus old concerns shall demonstrate once variously new governments. Very rapid reports encourage away scien       | Children                                           | infants                                            |            5.92 |            9967.77 |    0.8535164417236173
 AAAAAAAACIKAAAAA | Targets would not live. Strange houses can intend then courts. Barely large walls cannot support partial, unknown attitudes. Concerned, available ways should not hope bands.                            | Children                                           | infants                                            |            1.35 |            5035.99 |   0.43121984810601766
 AAAAAAAACKBDAAAA | American, great needs can apply events. Illustrations may show elderly champions; anywhere short rounds should redu                                                                                      | Children                                           | infants                                            |             4.7 |             193.92 |   0.01660490845786408
 AAAAAAAACKEDAAAA | Environmental drugs can find new police. Physical, english r                                                                                                                                             | Children                                           | infants                                            |            0.51 | 2599.3500000000004 |   0.22257615924066113
 AAAAAAAACKODAAAA | Probably new weapons would need now deposits. Cities will help thoroughly over the agencies. Coastal, current years can bring eagerly prime women; times should turn figures. Industrial, partic         | Children                                           | infants                                            |            5.82 |  5405.219999999999 |    0.4628361349763618
 AAAAAAAACLAEAAAA | Actually red others can neg                                                                                                                                                                              | Children                                           | infants                                            |            0.78 |  5400.360000000001 |    0.4624199847334513
 AAAAAAAACLGBAAAA | Never absolute lads like however interesting numbers. Others may not make shortly blue banks;                                                                                                            | Children                                           | infants                                            |            1.58 | 3855.8599999999997 |   0.33016812255744526
 AAAAAAAACLGDAAAA | Ministers break educational, occupational years. Especially european months could repay. Nearly particular problems might not find there. Standard others might live els                                 | Children                                           | infants                                            |            9.22 |             631.04 |   0.05403445458565671
 AAAAAAAACMBCAAAA | Later different wages participate for sure. Events focus truly fresh questions. Buildings produce libraries. Well radical duties consist also. D                                                         | Children                                           | infants                                            |            0.74 |            5322.16 |    0.4557239046932029
 AAAAAAAACNKAAAAA | Years run constantly warm,                                                                                                                                                                               | Children                                           | infants                                            |           62.61 |            2698.37 |   0.23105500637090914
 AAAAAAAADANDAAAA | Likely years will consider                                                                                                                                                                               | Children                                           | infants                                            |            4.75 |            8243.89 |     0.705904696713599
 AAAAAAAADBAAAAAA | Students might come soon. Difficult courses would not hate moreover major things. Willing road                                                                                                           | Children                                           | infants                                            |            8.01 |            5966.04 |    0.5108578179453147
 AAAAAAAADBFBAAAA | Grimly domestic foods find in                                                                                                                                                                            | Children                                           | infants                                            |           26.58 |            1202.77 |   0.10299033491060841
 AAAAAAAADFACAAAA | Either external chapters should say years. Patterns will not discov                                                                                                                                      | Children                                           | infants                                            |            3.87 |               2088 |   0.17879047473195236
 AAAAAAAADFOAAAAA | Constitutional appeals end small, due knees. Conclusions take ever. E                                                                                                                                    | Children                                           | infants                                            |            8.53 | 1600.9999999999998 |    0.1370898228188964
 AAAAAAAADGICAAAA | Aware, historical cases clear still. Quite large banks add no. So long weapons will not ensure perfectly however massive teeth. Familiar years reckon too ameri                                          | Children                                           | infants                                            |            3.77 |           13755.67 |    1.1778653110900743
 AAAAAAAADHHCAAAA | Past, important feet must meet at all useful bills. Items apply preferably teachers. Else real differences practice agreements; sophisticated events shall                                               | Children                                           | infants                                            |             4.3 |  4381.139999999999 |     0.375146599840587
 AAAAAAAADIFDAAAA | Immediate, good circumstances shall stay slightly writers. Low acres would not remember almost practices. Co                                                                                             | Children                                           | infants                                            |            7.08 |  5259.209999999999 |   0.45033364588842484
 AAAAAAAADJEDAAAA | All black photographs want quite. Profitable movements betray just in a conditions. Used, other passen                                                                                                   | Children                                           | infants                                            |            7.55 |            4210.48 |   0.36053338987039785
 AAAAAAAADMBDAAAA | L                                                                                                                                                                                                        | Children                                           | infants                                            |            3.77 |           13983.76 |    1.1973961153916122
 AAAAAAAADMDBAAAA | There avail                                                                                                                                                                                              | Children                                           | infants                                            |            3.54 |            3288.54 |    0.2815898600455051
 AAAAAAAADNADAAAA | Communists complain very powerful, various police. British parents could not see as. Readers sho                                                                                                         | Children                                           | infants                                            |             3.7 |             219.52 |  0.018796975581014456
 AAAAAAAADNJDAAAA | Brave, considerable children may not run now. Scientific industr                                                                                                                                         | Children                                           | infants                                            |           38.92 |            3681.44 |   0.31523295272854346
 AAAAAAAAEAADAAAA | Different lessons justify only effects. Houses try per a women. Fully growing fragments think; realistic, ready countries will allow tonnes. Scientific, good wi                                         | Children                                           | infants                                            |            3.84 |            7289.76 |    0.6242048137365886
 AAAAAAAAEBJAAAAA | Bad, smooth months show in a interviews. In full functional tactics ma                                                                                                                                   | Children                                           | infants                                            |            1.54 |            4919.97 |    0.4212853314018025
 AAAAAAAAEDABAAAA | Public, everyday brothers take on a cards. Aga                                                                                                                                                           | Children                                           | infants                                            |             3.8 |            4092.58 |   0.35043789323682645
 AAAAAAAAEDOCAAAA | Very medical stars visit opponents. Then political duties think later wishes. Effective cameras claim stairs. Able sites say. Places should feel on a minutes. Things tell posts. Onl                    | Children                                           | infants                                            |            4.13 | 4760.9400000000005 |   0.40766797067545085
 AAAAAAAAEECEAAAA | Then slow years fix in a problems. Journals                                                                                                                                                              | Children                                           | infants                                            |            1.74 |             1029.8 |   0.08817932513360371
 AAAAAAAAEENCAAAA | Informal, accurate women must predict very alone words. At last ultimate readers shoot yet years; other modules set unusually i                                                                          | Children                                           | infants                                            |            4.49 |            4803.37 |   0.41130115067682854
 AAAAAAAAEICCAAAA | New students would not precede about the processes. Stories bring. Other months raise beautiful assumptions. Assessments make busy, typica                                                               | Children                                           | infants                                            |             2.8 | 15257.420000000002 |    1.3064565924256635
 AAAAAAAAEIDBAAAA | Relativ                                                                                                                                                                                                  | Children                                           | infants                                            |            1.41 |           12722.96 |    1.0894368095764564
 AAAAAAAAEIFAAAAA | Also european conditions may know before for a buildings. Relevant, heavy friends make. Single, british doubts grow usuall                                                                               | Children                                           | infants                                            |            4.81 |  8616.689999999999 |    0.7378266741944762
 AAAAAAAAEJBDAAAA | Always                                                                                                                                                                                                   | Children                                           | infants                                            |           67.23 |            1318.06 |   0.11286234345076492
 AAAAAAAAEJCEAAAA | Royal eyes ought to educate sometimes open crews. Profits would not feel different, main patients. Personal friends shall take great resources. Fascinating, cheap readers may thin                      | Children                                           | infants                                            |            2.12 |            3473.18 |    0.2974001441712272
 AAAAAAAAEKBCAAAA | Private                                                                                                                                                                                                  | Children                                           | infants                                            |            2.72 |            1216.67 |   0.10418055885638146
 AAAAAAAAEKIDAAAA | Things ensure simply secrets. Successful boundaries make so just black times; in particular central buyers would not make often entire, other ways. Points want here designs. Literally available min    | Children                                           | infants                                            |            3.34 |            12345.3 |    1.0570986818526684
 AAAAAAAAELACAAAA | So free steps must not respond straight direct secondary areas; only offic                                                                                                                               | Children                                           | infants                                            |             2.9 |            3708.35 |   0.31753719203651126
 AAAAAAAAELKAAAAA | Organizations s                                                                                                                                                                                          | Children                                           | infants                                            |            0.79 |            1546.03 |     0.132382872437663
 AAAAAAAAELODAAAA | About random sides go flat schools; pleased times can make by a areas. New chemi                                                                                                                         | Children                                           | infants                                            |            0.09 | 3007.3099999999995 |   0.25750880391099024
 AAAAAAAAENBBAAAA | Later political q                                                                                                                                                                                        | Children                                           | infants                                            |            4.88 |            11378.1 |    0.9742796458561434
 AAAAAAAAEOIDAAAA | Years must articulate; states can set however with the criticisms. At first big troops may help sensibly. As final grounds can enter easily british final charges. Small, very pounds m                  | Children                                           | infants                                            |            2.04 |            3696.75 |    0.3165439116213338
 AAAAAAAAEOPBAAAA | Institutional breasts make only results. Pregnant, particular arms must take indeed certain owners;                                                                                                      | Children                                           | infants                                            |            3.61 |           17622.94 |    1.5090104448145174
 AAAAAAAAFEABAAAA | Profits can pass about groups. Poor, western offices could not give safely clean similar layers.                                                                                                         | Children                                           | infants                                            |            6.74 |            2268.12 |    0.1942137220062432
 AAAAAAAAFEHAAAAA | Significant animals may not enforce wide left games. Straight minimal stars should support important                                                                                                     | Children                                           | infants                                            |           78.71 |              628.4 |  0.053808397663581836
 AAAAAAAAFFFEAAAA | Short beautiful residents complicate walls. New, arab lectures should not find. Seasons move apparently remarkable, welsh faces. Main, limited pare                                                      | Children                                           | infants                                            |            8.23 |            1875.98 |    0.1606357063159234
 AAAAAAAAFGCDAAAA | European clients should specify official dogs. Things shall own more to a categories. Personal needs imitate straight western men; good, new books stay services; subjects come as                       | Children                                           | infants                                            |            2.92 |            1616.94 |   0.13845472711354553
 AAAAAAAAFGEBAAAA | Officially yellow words shall understand high national clean options. Just military lips look civil mothers. Serious, constitutional years would mak                                                     | Children                                           | infants                                            |             1.1 |           12789.31 |    1.0951182022960277
 AAAAAAAAFHEAAAAA | Young plans will notice territorial, busy lips. Twice new cities might not adopt years. Events leave true, eastern servants. Belief                                                                      | Children                                           | infants                                            |            2.88 |            5491.09 |    0.4701889788773354
 AAAAAAAAFIOBAAAA | Years analyse quite after a prices. Even single funds used to pay in order hands. Subtle, french periods work both new times. Very old hands would fo                                                    | Children                                           | infants                                            |           48.42 | 1665.5100000000002 |    0.1426136607139914
 AAAAAAAAFJLAAAAA | Fresh, other books may decide bloody public organs. Ordinary rules explore burning officials. However correct applications would possess highest black possible findings; alternativ                     | Children                                           | infants                                            |             4.3 |            8785.44 |    0.7522763354066493
 AAAAAAAAFKCCAAAA | Then original memories shall not think special, grey workers.                                                                                                                                            | Children                                           | infants                                            |            7.09 |            5988.78 |    0.5128049900695506
 AAAAAAAAFMHBAAAA | Ever good eyes might enlarge long particular civil troops. Members put too biological arms. Now silly responsibilities realise                                                                           | Children                                           | infants                                            |            7.39 |            4514.62 |    0.3865761748248883
 AAAAAAAAFNICAAAA | Real, right books ought to look industrial properties. Enterprises used to keep again between a authors. Nearby, established officials s                                                                 | Children                                           | infants                                            |            2.32 |            2768.27 |   0.23704037714857365
 AAAAAAAAFOLBAAAA | Federal users would                                                                                                                                                                                      | Children                                           | infants                                            |            7.67 | 3770.3199999999997 |   0.32284353577173114
 AAAAAAAAGAACAAAA | Public, long jobs can recommend right from a colleagues. Recent, serious things solve patient, classical conditions. Physical, little problems agree protests; politically legal benefits make. Men cont | Children                                           | infants                                            |            4.71 |             637.79 |   0.05461244103414363
 AAAAAAAAGAKAAAAA | Lessons control samples. Prices pass also sad differences. Expert questions buy always ever irish examples. Likely systems shall not sleep as homes. Fit, poor demands                                   | Children                                           | infants                                            |            2.92 |            7602.37 |    0.6509728646494026
 AAAAAAAAGAOAAAAA | Individual citizens can reduce quite other children. Increased others seek movements. Parents see more. Large others explain only between a hands; often straight accounts can justify more j            | Children                                           | infants                                            |            2.46 |  4209.400000000001 |   0.36044091203864004
 AAAAAAAAGBDAAAAA | Financial stages could move rights. Little questions establish yeste                                                                                                                                     | Children                                           | infants                                            |            2.98 |            6735.33 |    0.5767302912722034
 AAAAAAAAGBJBAAAA | Effective, different patients might know friends. Again willing figures wear eventually ancient, broad responsibilities. Sources highlight again with a food                                             | Children                                           | infants                                            |            7.32 |            5772.72 |   0.49430428606064947
 AAAAAAAAGBLBAAAA | Normal, likely efforts allow truly complete corporations. Gross, true activities think now like a differences. Deep, specific securities perpetuate in order other activiti                              | Children                                           | infants                                            |            5.35 |            4603.91 |    0.3942218651930952
 AAAAAAAAGBMAAAAA | Today noble windows see just eastern, pleased banks. At all central times shall think big, main shots. Pale, comparable traders would know ve                                                            | Children                                           | infants                                            |            8.93 |             3722.4 |   0.31874026012558404
 AAAAAAAAGBPBAAAA | Parties ought to                                                                                                                                                                                         | Children                                           | infants                                            |            2.53 |           10301.49 |    0.8820920917368104
 AAAAAAAAGDHBAAAA | Able, solar arms can obtain. Personal, strong terms resort however disastrous weaknesses; periods could hit elements.                                                                                    | Children                                           | infants                                            |            6.41 |            8279.09 |    0.7089187890079308
 AAAAAAAAGELBAAAA | Primary earnings tell essential, due resources. Horses might dare very. Impossible personnel fly                                                                                                         | Children                                           | infants                                            |            1.27 |            2071.38 |    0.1773673436543446
 AAAAAAAAGIACAAAA | Visit                                                                                                                                                                                                    | Children                                           | infants                                            |           24.39 |            9417.47 |     0.806395561338084
 AAAAAAAAGIKBAAAA | Male children would want indeed ostensibly solid guidelines; ap                                                                                                                                          | Children                                           | infants                                            |            8.73 |  6973.360000000001 |     0.597112234136402
 AAAAAAAAGIOBAAAA | Therefore maximum officers should adopt thus by a examples. Homes provide                                                                                                                                | Children                                           | infants                                            |            2.45 |             303.51 |  0.025988839552631638
 AAAAAAAAGJABAAAA | Original patients assume. Still single miles carry coins. Legal, positive attitudes must identify in order for a bills. Technical parties might choose around a values. Elsewhere eastern                | Children                                           | infants                                            |            1.51 |               86.4 |  0.007398226540632512
 AAAAAAAAGJBDAAAA | Terrible wheels ought to last. Short, corporate boards reproduce probably in a users. Small deaths appear na                                                                                             | Children                                           | infants                                            |            7.93 |            1046.36 |    0.0895973185538916
 AAAAAAAAGKADAAAA | Forthcoming clothes teach exactly                                                                                                                                                                        | Children                                           | infants                                            |            4.42 |  6526.650000000001 |     0.558861519113648
 AAAAAAAAGLEEAAAA | Future methods begin only far bloody members. Silver, safe stairs determine very studies. Ethical, able performances go usually historically sophisticated women; over there possible authorities can ge | Children                                           | infants                                            |            1.08 |             1197.9 |   0.10257332839147786
 AAAAAAAAGMNBAAAA | Gradually existing miles must go often. Badly different relatives wait highly basic cu                                                                                                                   | Children                                           | infants                                            |            3.56 |            9514.95 |    0.8147425419304551
 AAAAAAAAGMOCAAAA | Able, certai                                                                                                                                                                                             | Children                                           | infants                                            |            2.02 |            3350.62 |    0.2869056228191448
 AAAAAAAAGPHBAAAA | Far welsh novels ought to observe so out of a women. Individual elements come never germa                                                                                                                | Children                                           | infants                                            |            6.24 |            2689.34 |   0.23028178894426665
 AAAAAAAAGPLAAAAA | Economic pilots analyse also. Needs start special plans. Partly political witnesses should feel wrong opportunities. Low details will not learn; right, different variables replace basically re         | Children                                           | infants                                            |            1.83 |            4517.37 |     0.386811650785383
 AAAAAAAAHEACAAAA | True, fine consequences look certainly pub                                                                                                                                                               | Children                                           | infants                                            |            0.45 |            1550.91 |   0.13280073523301353
 AAAAAAAAHGBCAAAA | Military, able kids order again similar times. No doubt available divisions read mor                                                                                                                     | Children                                           | infants                                            |            2.41 |             4183.5 |    0.3582231566288902
 AAAAAAAAHHCAAAAA | Financial, sad women seek national films. Free, inevitable years might take friends; seeds answer quiet laws. Large officers could levy european, regular children. Wet, high yards play d               | Children                                           | infants                                            |            7.39 |            4412.86 |   0.37786270801036553
 AAAAAAAAHHEEAAAA | Outside men make unreasonably. Also legal days could not choose alternative, economic yea                                                                                                                | Children                                           | infants                                            |            0.89 |            3657.06 |    0.3131453513042307
 AAAAAAAAHJFEAAAA | Furiou                                                                                                                                                                                                   | Children                                           | infants                                            |            6.92 |            5515.46 |   0.47227572402542817
 AAAAAAAAHJMDAAAA | New powers exclude of course. Specific, primary women sit simply in a experiences. Similar, irrelevant things produce in a demands. Little, open relations understand too well similar club              | Children                                           | infants                                            |           59.51 |            1210.97 |    0.1036924814109925
 AAAAAAAAHJPDAAAA | Social men will not work then to a women. Specifically dark suggestions learn by now white years. Important, common police give positively; policemen want duly; more ne                                 | Children                                           | infants                                            |            5.31 |            5102.78 |    0.4369389169792682
 AAAAAAAAHKBBAAAA | Local prices walk nowhere only other others. Applications support features. Right, heavy troops can like significantly currently unlikely cars; active su                                                | Children                                           | infants                                            |            8.77 |            1247.46 |   0.10681703333770177
 AAAAAAAAHNIAAAAA | Complex groups should look here indeed free thousands; industrial, main friends will happen direct expectations. Personal, mon                                                                           | Children                                           | infants                                            |           14.45 |  7516.239999999999 |    0.6435977575667096
 AAAAAAAAHOJBAAAA | Common children cause even winds; slight differences mean                                                                                                                                                | Children                                           | infants                                            |           71.67 |            3192.11 |   0.27333278845623205
 AAAAAAAAIAIBAAAA | Able, irish incom                                                                                                                                                                                        | Children                                           | infants                                            |            4.37 |  7616.860000000001 |    0.6522136088921545
 AAAAAAAAIBKDAAAA | Only christian circumstances could endorse dead, important cases. Recently central solutions would convert. However silent patients could not protect mor                                                | Children                                           | infants                                            |           19.31 |  6090.110000000001 |    0.5214816370066142
 AAAAAAAAIFNCAAAA | Parts shall not see still to the words. Levels de                                                                                                                                                        | Children                                           | infants                                            |            7.13 |            9727.17 |    0.8329144358708837
 AAAAAAAAIGDDAAAA | Now new boards could tell other, conservative ri                                                                                                                                                         | Children                                           | infants                                            |            5.46 |            2812.33 |   0.24081313017380823
 AAAAAAAAIJBBAAAA | Empty criteria conc                                                                                                                                                                                      | Children                                           | infants                                            |            5.06 |            1904.96 |    0.1631171948014272
 AAAAAAAAIJEEAAAA | Students say in no experiences. Skills ought to seek also again central men. Problems move at the honours. Ago new connections would restore. Function                                                   | Children                                           | infants                                            |            1.87 |             2174.9 |    0.1862315150835839
 AAAAAAAAIJGCAAAA | National, essential legs must match basically even particular costs. Local holidays see                                                                                                                  | Children                                           | infants                                            |            0.53 |              18343 |    1.5706674703104417
 AAAAAAAAIJLBAAAA | Relevan                                                                                                                                                                                                  | Children                                           | infants                                            |            9.71 |            7637.79 |     0.654005795020574
 AAAAAAAAIJPAAAAA | English crops promote further for a patients. Too long machines might tend obviously wooden likely sentences. Political peasan                                                                           | Children                                           | infants                                            |            3.46 |  8903.150000000001 |    0.7623555627920412
 AAAAAAAAIKCCAAAA | Pr                                                                                                                                                                                                       | Children                                           | infants                                            |             1.2 | 15546.779999999999 |    1.3312338011270222
 AAAAAAAAIKODAAAA | Forward other doors look normally other connections. Waste points must no                                                                                                                                | Children                                           | infants                                            |           42.28 |  6074.860000000001 |    0.5201758157711438
 AAAAAAAAIMPCAAAA | Cen                                                                                                                                                                                                      | Children                                           | infants                                            |            3.48 |            3460.42 |    0.2963075357145319
 AAAAAAAAINBDAAAA | Lines know then days. Old levels shall attempt patterns. Over essential ages must pay less final condition                                                                                               | Children                                           | infants                                            |            5.09 |             170.85 |  0.014629479218368803
 AAAAAAAAINLAAAAA | As good as tiny shelves would not challenge rocks. Back, maximum hours may not make too expensive contents. Absolutely new others take particularly available, competitive pieces. Directl               | Children                                           | infants                                            |            5.31 | 4000.7599999999998 |   0.34257556498496444
 AAAAAAAAINMCAAAA | Often black meanings lay tomorrow ago subject friends. Tight previous links assess unique, national areas; different developments belong just. Much free projects date spanish                           | Children                                           | infants                                            |            0.58 |            2863.65 |   0.24520753973474876
 AAAAAAAAIPADAAAA | Never labour circumstances must not live by a colours. Operations force consequently in a pupils. Finally only interests ignore clubs. Issues would not feel suddenly; small arms may                    | Children                                           | infants                                            |            1.31 |           11731.43 |    1.0045344535367184
 AAAAAAAAIPMDAAAA | Earlier old delegates observe even recent memories. Civil, local clothes could find specifically conservative songs; widely grey                                                                         | Children                                           | infants                                            |             1.2 |            1044.21 |   0.08941321916659578
 AAAAAAAAJABAAAAA | Low, sharp needs afford pp.. Peasants must refuse similar accidents; regardless fiscal eyebrows                                                                                                          | Children                                           | infants                                            |            4.48 |            5077.45 |   0.43476996931405726
 AAAAAAAAJAGBAAAA | Points t                                                                                                                                                                                                 | Children                                           | infants                                            |            4.54 |            8422.96 |    0.7212380349847918
 AAAAAAAAJGEDAAAA | Scottish, mean duties reveal instead rather total sets. Young, limited conditions might get also personal, peculiar charts. Years would collect right. Orthodox years would save ar                      | Children                                           | infants                                            |            8.83 | 292.46999999999997 |  0.025043510605773037
 AAAAAAAAJHOBAAAA | Steps would not make modern actions. Wives should damage families. Still american reasons want from the for                                                                                              | Children                                           | infants                                            |            2.25 |            7773.91 |    0.6656614269269501
 AAAAAAAAJONBAAAA | Again visual signs see just uncomfortable machines. Memories see practical, current police. Here upper lives o                                                                                           | Children                                           | infants                                            |            5.07 | 1353.1399999999999 |   0.11586616043045692
 AAAAAAAAKAGEAAAA | Tight white articles laugh. More complex girls should look alto                                                                                                                                          | Children                                           | infants                                            |            3.16 | 3111.2999999999997 |    0.2664132203225687
 AAAAAAAAKAHAAAAA | Arms make only left, final shoulders. So impossible scientists write even high, large prices. Hearts settle today forces. Pictures live instead dependent, current friends. Professional colleagues wit  | Children                                           | infants                                            |           57.38 |            1359.33 |   0.11639619541062492
 AAAAAAAAKANDAAAA | Others must like now. Small, fundamental businessmen will not meet far prime,                                                                                                                            | Children                                           | infants                                            |            4.48 |           16711.71 |     1.430983986821224
 AAAAAAAAKBBCAAAA | However illegal yea                                                                                                                                                                                      | Children                                           | infants                                            |            1.94 |                  0 |                     0
 AAAAAAAAKBODAAAA | Responses shake years. Routes speed sure families. Large representatives could not know only clear, active conditions.                                                                                   | Children                                           | infants                                            |            0.36 |            3673.24 |    0.3145308062281594
 AAAAAAAAKDMAAAAA | Open, poor boards should take with the problems. Good rivers used to talk recently photographs. Economic walls might not pass m                                                                          | Children                                           | infants                                            |            2.27 |            1645.17 |    0.1408719948825508
 AAAAAAAAKDOBAAAA | Overall, new images cope. Good, scientific things must anticipate very others.                                                                                                                           | Children                                           | infants                                            |             8.6 | 1135.1999999999998 |   0.09720447649219938
 AAAAAAAAKEECAAAA | Mental costs make suppliers; rules allow visual, prime boys. Statutory students develo                                                                                                                   | Children                                           | infants                                            |            7.86 |            4366.92 |   0.37392897505577466
 AAAAAAAAKEFDAAAA | Things would take. Independent parts should accept. Interests use nowhere dark weeks. Large-scale offices may look deliberately pl                                                                       | Children                                           | infants                                            |            8.55 |             6179.4 |    0.5291273273748212
 AAAAAAAAKFHBAAAA | Now local units produce much figures. Members justify african, public images. Whole differences ought to fall hard columns. Professional, international visitors impede                                  | Children                                           | infants                                            |            9.08 |            5749.59 |   0.49232371916383433
 AAAAAAAAKFPBAAAA | Leading, growing emissions used                                                                                                                                                                          | Children                                           | infants                                            |            0.54 |            1646.54 |   0.14098930472468815
 AAAAAAAAKLEBAAAA | Immense, local meetings will mean widely new artists. Levels should not last even. Young facilities tak                                                                                                  | Children                                           | infants                                            |               2 |              946.6 |     0.081055106983365
 AAAAAAAAKMHDAAAA | Considerable police help also trousers. Ra                                                                                                                                                               | Children                                           | infants                                            |            0.74 |            7232.72 |    0.6193206141778193
 AAAAAAAAKNFAAAAA | Purposes might see in a things. Savings must donate then. Musical women shall not cut twice addition                                                                                                     | Children                                           | infants                                            |            1.26 |  4879.099999999999 |    0.4177857304907417
 AAAAAAAAKNMCAAAA | Wise sites ought to give meanwhi                                                                                                                                                                         | Children                                           | infants                                            |             1.7 |             4634.9 |    0.3968754651988151
 AAAAAAAAKOJBAAAA | Orthodox, economic employees must seek yet modest children                                                                                                                                               | Children                                           | infants                                            |            2.24 |            3426.21 |    0.2933782147659782
 AAAAAAAALFCEAAAA | Sharp, immediate months can take more by a genes. Federal changes ought to bear long alone accountants. Still talks remember always other, local supporters. Parts m                                     | Children                                           | infants                                            |            1.16 |             981.27 |   0.08402381663803779
 AAAAAAAALHBAAAAA | Physical, small police will send really young secrets. Interesting problems could look eastwards today key shelves; seconds take specifically. Long military windows move happy artists; concerne        | Children                                           | infants                                            |            0.81 |             223.08 |  0.019101809915327554
 AAAAAAAALJBEAAAA | So musical benefits could view as black, necessary days. Major lines could prove for a windows. Still steady institutions would not take about regular, numerous materials; far opening departments k    | Children                                           | infants                                            |            9.26 |            2909.31 |   0.24911729695518026
 AAAAAAAALJCAAAAA | Indeed high accidents might make further afterwards practical groups. Visible, necessary areas say. Residential, random metals may entertain enough british,                                             | Children                                           | infants                                            |            2.75 |            4327.82 |    0.3705809350356504
 AAAAAAAALKFCAAAA | So traditional patterns shall not matter from a forces; customers digest sharply key circumstances.                                                                                                      | Children                                           | infants                                            |            8.85 |            3308.88 |   0.28333152587694566
 AAAAAAAALMACAAAA | Hopelessly european metals maximise. Unpleasant, possible difficulties should establish; other reports see keen forests. Ac                                                                              | Children                                           | infants                                            |            0.78 |           20686.37 |    1.7713246708720392
 AAAAAAAALNAEAAAA | Local, potential shops would invest inextricably generous, new women. Unanimously different years must see                                                                                               | Children                                           | infants                                            |            4.73 |               2993 |     0.256283472640198
 AAAAAAAALOKCAAAA | Young, difficult requirements shall not go so major gains. Good relations accept to a investors; in order able signs should not app                                                                      | Children                                           | infants                                            |            0.95 |            3010.21 |    0.2577571240147846
 AAAAAAAALPMCAAAA | Schemes lose domestic parts. Surprised, religious questions learn                                                                                                                                        | Children                                           | infants                                            |             4.8 |           19904.92 |    1.7044109656616537
 AAAAAAAAMAJBAAAA | Reports must not include big in a eyes. Finally local areas                                                                                                                                              | Children                                           | infants                                            |            2.21 | 4645.7300000000005 |    0.3978028123450542
 AAAAAAAAMAOCAAAA | Houses spend maybe old, chinese activities. Now functional rules end                                                                                                                                     | Children                                           | infants                                            |            4.98 | 2133.7200000000003 |   0.18270536960970377
 AAAAAAAAMBFBAAAA | Domestic courts should increase old rises. Else different                                                                                                                                                | Children                                           | infants                                            |            3.95 |            2198.16 |   0.18822321357125882
 AAAAAAAAMBFEAAAA | Genes may accept directly in a w                                                                                                                                                                         | Children                                           | infants                                            |            7.86 |           14083.19 |    1.2059100698468794
 AAAAAAAAMCPDAAAA | Sympatheticall                                                                                                                                                                                           | Children                                           | infants                                            |            3.42 | 10277.720000000001 |    0.8800567231619165
 AAAAAAAAMDNAAAAA | Valuable demands cannot go                                                                                                                                                                               | Children                                           | infants                                            |            0.65 |            2317.92 |   0.19847797758174668
 AAAAAAAAMEPDAAAA | Schemes criticize. Able signs resist helplessly old instructio                                                                                                                                           | Children                                           | infants                                            |            5.17 |  9697.160000000002 |    0.8303447509347219
 AAAAAAAAMHECAAAA | Sure, key opinions will match barely so communist children. Soviet, public years see national, vulnerable statements. True bits shall make only feet; specific, difficult pp. knock key, social policie  | Children                                           | infants                                            |            2.21 |            9815.92 |    0.8405138873232116
 AAAAAAAAMILBAAAA | Able contents pull experiments. Advanced, warm emotions might visit never in the we                                                                                                                      | Children                                           | infants                                            |            2.58 |            4987.82 |     0.427095165554371
 AAAAAAAAMJDEAAAA | Terrible, resulting schools shall help. Metr                                                                                                                                                             | Children                                           | infants                                            |             0.1 |             462.95 |  0.039641307604002564
 AAAAAAAAMKGDAAAA | Old, little signs follow. African, lat                                                                                                                                                                   | Children                                           | infants                                            |            3.37 |            6653.33 |    0.5697088262683624
 AAAAAAAAMKKAAAAA | Political, public persons contend broadly; broad plans could                                                                                                                                             | Children                                           | infants                                            |            9.63 |            4536.96 |     0.388489095900325
 AAAAAAAAMLCAAAAA | Necessary, free minutes can come less; future, g                                                                                                                                                         | Children                                           | infants                                            |            7.55 |            8304.75 |    0.7111159937884011
 AAAAAAAAMLNCAAAA | Substantial, free q                                                                                                                                                                                      | Children                                           | infants                                            |            6.31 |            2743.74 |   0.23493993158096121
 AAAAAAAAMMAEAAAA | Students ought to act special, fun cases. Fresh women practice through a hours. Able things should identify also on a years. Very general tears stay more mediterranean papers. Obvious a                | Children                                           | infants                                            |            3.83 |           10228.31 |    0.8758258623589922
 AAAAAAAAMNPAAAAA | Rules would go sufficient clothes. Big, good books pay below living, new op                                                                                                                              | Children                                           | infants                                            |            0.82 |             204.24 |  0.017488585516884078
 AAAAAAAAMOMCAAAA | Circumstances appreciate. Other, personal users attend corresponding owners. Cuts will ensure severely appropriate, past regions. Curious, public incidents used to keep. H                              | Children                                           | infants                                            |            1.13 |  5392.709999999999 |     0.461764933425166
 AAAAAAAAMPLCAAAA | Thus personal meanings know by a patients. Observations can come;                                                                                                                                        | Children                                           | infants                                            |            7.23 |  5907.400000000001 |    0.5058366141913484
 AAAAAAAANADAAAAA | Pale problems can see enough managers. Lovely, gastric characters should pass here. Trying books make easily afraid, possible s                                                                          | Children                                           | infants                                            |            9.58 |            2337.23 |   0.20013144696252924
 AAAAAAAANBCDAAAA | Sufficiently ready rates keep                                                                                                                                                                            | Children                                           | infants                                            |            5.59 |            2957.61 |    0.2532531110976866
 AAAAAAAANBHBAAAA | Again direct differences could deal closely often future stairs. Generally major employers ought to stay. Free members make generally trends. Just                                                       | Children                                           | infants                                            |            1.79 |            7028.88 |    0.6018662797097344
 AAAAAAAANCBDAAAA | Alone, increasing differences plan ways. Human advantages ought to import even present, inner days. Happy, prime aspects see good, compe                                                                 | Children                                           | infants                                            |            2.07 |            3010.56 |     0.257787093682484
 AAAAAAAANEODAAAA | Current kinds could not see insects. Enough armed environments will cry enough throughout the guns. Only toxic men win agencies. Chief, environmental poets get eyes. Carefully new yards might inc      | Children                                           | infants                                            |             0.3 |             2852.5 |   0.24425279174947037
 AAAAAAAANINDAAAA | Probably little institutions take then easy, other patients. Years should deal indeed possible forms. Times use somewhere in a men. Western situations pay. As specific sales mu                         | Children                                           | infants                                            |            2.64 |            6028.54 |    0.5162095443201935
 AAAAAAAAOCAAAAAA | Facilities pass police; national years move rather tha                                                                                                                                                   | Children                                           | infants                                            |            9.65 |            9605.39 |    0.8224867040639597
 AAAAAAAAOCMDAAAA | Bold stages might think very recent, civil kinds. Years see about stairs. Present, other servants form now ran                                                                                           | Children                                           | infants                                            |            6.07 | 3711.4100000000003 |    0.3177992125598254
 AAAAAAAAODLBAAAA | Russian, redundant proposals should curb harder expens                                                                                                                                                   | Children                                           | infants                                            |            4.34 |              468.6 |   0.04012510366829161
 AAAAAAAAOECCAAAA | Now public cars go ameri                                                                                                                                                                                 | Children                                           | infants                                            |            7.69 | 11655.780000000002 |    0.9980567239325653
 AAAAAAAAOEDCAAAA | Strongly good feet help probably amongst a advantages. Critical policies dominate appropriately upon a conditions. Yet complete demands expect extr                                                      | Children                                           | infants                                            |            7.12 |             6244.7 |    0.5347188110912945
 AAAAAAAAOFDAAAAA | Facilities would come only just great pp.. Able, known examinations find necessarily. Approximately short users say reasonable agents. White, full years deal here                                       | Children                                           | infants                                            |            1.77 |            1209.67 |   0.10358116550239503
 AAAAAAAAOFIBAAAA | American, wide children might not ask british, new customers.                                                                                                                                            | Children                                           | infants                                            |            3.87 |             3717.4 |    0.3183121220155937
 AAAAAAAAOHCCAAAA | Long, delighted concessions try of cours                                                                                                                                                                 | Children                                           | infants                                            |            5.97 |            8659.77 |    0.7415155121501529
 AAAAAAAAOLMAAAAA | Strange, different examples must not fathom on a relations. Parties play forth video-taped, monetary stairs. There fresh times may discern events. Other eyes need still electrical clubs. N             | Children                                           | infants                                            |            9.97 | 4742.9800000000005 |   0.40613009858436566
 AAAAAAAAOMLBAAAA | Other areas might produce particular, quiet neighbours. Strong, good matters change very. Other, new pupils lose. American, white areas settle both mutual affairs. Situation                            | Children                                           | infants                                            |            7.66 | 10202.630000000001 |    0.8736269450260821
 AAAAAAAAONEBAAAA | Curious, large movements write more. Vital, local variations might mention so local doctors. Recent, public cells would burn about widespread, urban decades. Also high variat                           | Children                                           | infants                                            |            6.12 |            9496.02 |    0.8131216110460318
 AAAAAAAAOPIBAAAA | Matters make projects. Proposals suggest no longer fellow, cheap readers. Now proud years could not use other, old provisions. Diplomatic services reduce very far eyes. Events pull international cause | Children                                           | infants                                            |            4.32 |            4518.25 |   0.38688700309274127
 AAAAAAAAPCACAAAA | Normally old things stop right other facts. Men replace unlike a countries. Schemes impose more enough local gardens. Soft, advanced lights separate les                                                 | Children                                           | infants                                            |            2.39 |           18835.59 |     1.612846780630467
 AAAAAAAAPCFAAAAA | Low lives afford happy changes. Slight, competitive jobs experiment abstract features. Ge                                                                                                                | Children                                           | infants                                            |            3.08 |            1960.15 |    0.1678429832595002
 AAAAAAAAPDICAAAA | Controversial, various systems would not go earlier european pupils. Then necessary countries cross now as various values; practical claims could support. Also other states must spend                  | Children                                           | infants                                            |            9.46 |             196.46 |   0.01682240261773916
 AAAAAAAAPGMBAAAA | Factors                                                                                                                                                                                                  | Children                                           | infants                                            |            5.23 |            6569.23 |    0.5625075432583254
 AAAAAAAAPIDCAAAA | Serious, fresh programmes keep today children; away financial figures steal; all individual travellers make further hours. Concentrations may visit now valuable units; terms will red                   | Children                                           | infants                                            |            6.24 |            3824.01 |   0.32744088279680705
 AAAAAAAAPIMCAAAA | Roads will remain regularly with a abilities.                                                                                                                                                            | Children                                           | infants                                            |            2.43 | 3118.2699999999995 |   0.26701004484789514
 AAAAAAAAPKECAAAA | Following, good foods may not avoid once more for a movements; articles understand even merely right members. Clear employees touch here until a police. Institutions forc                               | Children                                           | infants                                            |             2.2 |  9064.109999999999 |    0.7761381848288489
 AAAAAAAAPLIAAAAA | Unknown, high tactics prove. Elsewhere heavy ways wait by the laws. Rather local levels sign properly both great institutions. Prices gather comparatively open, careful players.                        | Children                                           | infants                                            |            0.25 |              74.88 |  0.006411796335214844
 AAAAAAAAPNNCAAAA | Written, free years care however existing, international reports. Atlantic years would not see often also high patients. Descriptions shall not say righ                                                 | Children                                           | infants                                            |           27.35 |            8400.12 |    0.7192823000983563
 AAAAAAAAPOFAAAAA | Major, foreign projects hope then electronic difficulties. Interesting                                                                                                                                   | Children                                           | infants                                            |            0.81 | 11980.759999999998 |    1.0258839885294948
 AAAAAAAAPPDBAAAA | Sites try there over successful patients. Spare structures may ensure growing, national procedures.                                                                                                      | Children                                           | infants                                            |             1.7 | 20382.450000000004 |    1.7453007239943885
 AAAAAAAAAACCAAAA | Sometimes possible experiments may not get only often difficult collections. New, responsible things retu                                                                                                | Children                                           | newborn                                            |             2.2 |            4087.65 |   0.35666479427792996
 AAAAAAAAABDDAAAA | Especially able examples reflect in full again following men. Men make well streets. Regular miners hear high, environmenta                                                                              | Children                                           | newborn                                            |            2.88 |            2989.91 |   0.26088232482221463
 AAAAAAAAABFEAAAA | Still expensive flats used to see. Final, other advertisements must meet good, low years; annual, dramatic responses shall contribute; yet australian chairs may not intervene areas; eyes               | Children                                           | newborn                                            |             6.5 |             656.95 |   0.05732167299081039
 AAAAAAAAACHBAAAA | Enough other gardens provide. Probably high events claim in a policies;                                                                                                                                  | Children                                           | newborn                                            |            3.31 |            4325.49 |   0.37741734272778815
 AAAAAAAAADCAAAAA | Thus dynamic amounts set however european, usual peoples. Also other members enhance for a problems. Instru                                                                                              | Children                                           | newborn                                            |            1.96 |           11758.29 |    1.0259606580578673
 AAAAAAAAADGCAAAA | Small, pure nations ought to enter rig                                                                                                                                                                   | Children                                           | newborn                                            |            0.35 |            1345.01 |   0.11735782538910096
 AAAAAAAAAEDDAAAA | Players inhibit bare, black championships. Lovely, white dealer                                                                                                                                          | Children                                           | newborn                                            |            0.41 | 14966.579999999998 |    1.3058975638188641
 AAAAAAAAAEPAAAAA | Else delightful pp. should exist comparatively dependent, far feet. Often big dogs could use well too intermediate relations. Difficult actors                                                           | Children                                           | newborn                                            |            2.89 |                777 |   0.06779654450697872
 AAAAAAAAAFLDAAAA | Forward cuts                                                                                                                                                                                             | Children                                           | newborn                                            |            4.47 | 1787.8999999999999 |   0.15600185575807884
 AAAAAAAAAHKAAAAA | Hard years write tomorrow especially pleased dogs. Great, private woods should seem just single, wonderful affairs. Strong, social eyes could not measure arrangement                                    | Children                                           | newborn                                            |            4.81 |            2232.29 |    0.1947767674871088
 AAAAAAAAAIAAAAAA | Military, short difficulties drop now important times. Methods                                                                                                                                           | Children                                           | newborn                                            |            9.71 |            8067.95 |    0.7039628458881325
 AAAAAAAAAJAEAAAA | Often t                                                                                                                                                                                                  | Children                                           | newborn                                            |             3.2 |           15968.24 |    1.3932966458920437
 AAAAAAAAAJBAAAAA | Different meetings shall not give ordinary, full wages; ne                                                                                                                                               | Children                                           | newborn                                            |            7.22 | 8023.4800000000005 |    0.7000826498337884
 AAAAAAAAAJEEAAAA | Then working imports used to bring carefully stupid, constant children. Outstanding terms work annual databases. Limits educate just better large a                                                      | Children                                           | newborn                                            |           10.71 |            2053.94 |   0.17921497377691617
 AAAAAAAAAJOAAAAA | Large feet stand deep, financial conditions; bare, human reasons will i                                                                                                                                  | Children                                           | newborn                                            |            1.81 |           12178.47 |    1.0626231446356567
 AAAAAAAAALFBAAAA | Again running courses ought to come; royal proposals could not punish tomorrow from a situations. Impressive, specific readers might find please companies. Full guests could lie internatio             | Children                                           | newborn                                            |            0.93 |            4893.72 |   0.42699781954271804
 AAAAAAAAAMEAAAAA | Nurses get british, monetary tiles. Current, political artists wait previously national bills. Drivers u                                                                                                 | Children                                           | newborn                                            |            2.05 |            5041.09 |   0.43985647689663493
 AAAAAAAAAMLDAAAA | Proceedings might not make later new                                                                                                                                                                     | Children                                           | newborn                                            |            0.18 |            9798.96 |    0.8550008079306359
 AAAAAAAAANKDAAAA | Long gods see magic objects. However domestic workers believe precisely guests. Animals shall compensate simply cases. Great agents should bring whol                                                    | Children                                           | newborn                                            |            6.76 |             232.32 |  0.020270905044866533
 AAAAAAAAAOADAAAA | Good, important colours lead now items. Children remedy to the changes. Available republics face thereafter. Bare, important talks join severely as well unable studie                                   | Children                                           | newborn                                            |            3.65 |            4542.27 |   0.39633231688251513
 AAAAAAAABCNAAAAA | Close, important dealers endorse effectively curious problems; certain parents flash there symptoms. Users turn far personal injuries. Scientists could not see loosely total, new years. Comparab       | Children                                           | newborn                                            |            4.12 |            3024.16 |   0.26387078254340385
 AAAAAAAABDMDAAAA | Glad answers raise recently manag                                                                                                                                                                        | Children                                           | newborn                                            |            9.88 |            4357.15 |    0.3801798119672874
 AAAAAAAABEEEAAAA | Possible, young tasks would know already costs. Users feel at length. Necessary, prepared police may wait strong, technical officials. All clear events ought to m                                       | Children                                           | newborn                                            |            9.39 |            2174.52 |   0.18973609004030292
 AAAAAAAABKJCAAAA | Rich details go in a years; firm, national limitations love full, whi                                                                                                                                    | Children                                           | newborn                                            |            1.76 |            8837.64 |    0.7711215619004574
 AAAAAAAABNEEAAAA | Yet reasonable issues cannot make much actual additional times. Orders might not pick royal, public shows. New, possible markets might change                                                            | Children                                           | newborn                                            |            7.28 |            6540.82 |    0.5707142783039081
 AAAAAAAABOJBAAAA | Criteria would spoil narrow men. Small, genuine others eat current things. Regiona                                                                                                                       | Children                                           | newborn                                            |           19.44 |              714.4 |  0.062334429080805144
 AAAAAAAABOOCAAAA | Good, important pages can find worldwide legal ways. Early, small members may go exactly conditions. Bitter cells will produce both about a brothers. Female, top families could not cure eithe          | Children                                           | newborn                                            |            3.03 |            9189.09 |    0.8017870645606604
 AAAAAAAABPAAAAAA | Pounds might define long possible, national beds. Clinical, mental words use                                                                                                                             | Children                                           | newborn                                            |            4.05 |            6504.96 |    0.5675853412562629
 AAAAAAAABPCEAAAA | Sure, friendly clothes impose bot                                                                                                                                                                        | Children                                           | newborn                                            |            2.72 |            5632.61 |    0.4914691049619735
 AAAAAAAACAJDAAAA | Religious, environmental activities ought to take                                                                                                                                                        | Children                                           | newborn                                            |           82.71 |           11541.91 |    1.0070805855991543
 AAAAAAAACBHBAAAA | Again top pressures conceive. Nuclear forms double further products. Major, nice questions give. Financial secrets can                                                                                   | Children                                           | newborn                                            |            1.89 |            4322.22 |    0.3771320213628746
 AAAAAAAACCGDAAAA | Central standards get simply close services. Readers advise dollars                                                                                                                                      | Children                                           | newborn                                            |            8.36 | 2263.2200000000003 |   0.19747554113138274
 AAAAAAAACEBDAAAA | Normal, ordinary schools may announce then territorial, possible years; as positive levels could not get parts. Basic, new refugees should not trace in the quarters. Close funds could not attempt.     | Children                                           | newborn                                            |            1.52 |           11062.85 |    0.9652805693681203
 AAAAAAAACFMBAAAA | Red, recent letters must agree thin men; new counties can require; serious, separate homes see less to a payments. European, main books could comply to a papers                                         | Children                                           | newborn                                            |            5.57 |            4028.12 |   0.35147054936866295
 AAAAAAAACGEBAAAA | White years should contribute commercial hours. Absolutely major costs may lodge times; very military arms could establish. Also pregnant beans need well                                                | Children                                           | newborn                                            |            7.99 |           25612.49 |     2.234798350346908
 AAAAAAAACHODAAAA | There able organs monitor with a recordings. Isolated services restore however only speci                                                                                                                | Children                                           | newborn                                            |           46.93 |            8548.81 |    0.7459199197512287
 AAAAAAAACJLBAAAA | Roman, revolutionary ears will not bring great, reliable policies. Private, modern charges ought to persuade wel                                                                                         | Children                                           | newborn                                            |            1.95 |  4595.219999999999 |   0.40095242889235355
 AAAAAAAACKFCAAAA | Events shall stop most in a men; deaths ought to come appropriate, new securities. Children would think here along with the aspects. Corresponding engines shall not try. Friends shall bring light,     | Children                                           | newborn                                            |            0.51 |            9421.36 |    0.8220536068935251
 AAAAAAAACKFDAAAA | Enough social problems work only forces. Possible, able projects continue immediately national flowers; dead boards ought to prosecut                                                                    | Children                                           | newborn                                            |            7.46 |               75.2 |  0.006561518850611068
 AAAAAAAACKIDAAAA | Free ways say then chronic examples; magistrates keep today dates. Related cuts can make. Also healthy details must not see almost for a bodies. Chi                                                     | Children                                           | newborn                                            |           30.34 |  9939.859999999999 |    0.8672949303515283
 AAAAAAAACLMAAAAA | Even upper changes should find either other narrow tests. Pol                                                                                                                                            | Children                                           | newborn                                            |             8.5 |           12102.03 |    1.0559534305274025
 AAAAAAAACNCCAAAA | Interestingly common commentators ought to replace therefore likely political funds; circumstances could allow v                                                                                         | Children                                           | newborn                                            |            2.64 |            2250.36 |    0.1963534516045362
 AAAAAAAACOCCAAAA | Lesser, public names end however too good materials                                                                                                                                                      | Children                                           | newborn                                            |            4.01 |             952.22 |   0.08308523244586265
 AAAAAAAACPPAAAAA | Traditional, concerned goods recognise smoothly determined states. Hard continuing lines should hold to a traders. Determined departments would                                                          | Children                                           | newborn                                            |            4.11 |            2204.52 |   0.19235371724134456
 AAAAAAAADADBAAAA | Plants                                                                                                                                                                                                   | Children                                           | newborn                                            |            1.52 |            4444.79 |    0.3878267735639304
 AAAAAAAADAEAAAAA | Prior high products would know                                                                                                                                                                           | Children                                           | newborn                                            |            1.99 |             3257.3 |   0.28421323606509885
 AAAAAAAADBJAAAAA | Arrangements used to save. Dirty, dual families come to a pictures. Most able hours dislike regular plans. Either successful marks may not take big, bright                                              | Children                                           | newborn                                            |           98.06 |            4275.84 |    0.3730851697100642
 AAAAAAAADCCDAAAA | Just new conditions cannot find formal skills; full, significant developments raise slightly authorities; away small hospitals validate at least just advanced objectives. Students give just prime fi   | Children                                           | newborn                                            |               3 |               1794 |   0.15653410662229064
 AAAAAAAADDKAAAAA | Labour, little sports borrow over new versions. Here hostile birds av                                                                                                                                    | Children                                           | newborn                                            |            3.16 |            3515.93 |    0.3067798001652789
 AAAAAAAADGBAAAAA | Countries make. Psychological, old pounds can date direct frankly unable sources. Successful agents used to make. Managers can represent obvious                                                         | Children                                           | newborn                                            |            0.69 |             4104.4 |    0.3581263027985115
 AAAAAAAADGKDAAAA | International, important languages would not marry hotly seemingly residential poets. Forward nuclear workers use                                                                                        | Children                                           | newborn                                            |           74.76 | 7161.9800000000005 |    0.6249131220438757
 AAAAAAAADHMAAAAA | More expensive practitioners turn occasionally fires. Civil                                                                                                                                              | Children                                           | newborn                                            |            8.68 |            5104.64 |   0.44540148385084155
 AAAAAAAADKMDAAAA | Responsible, strange detectives used to use with the concerns; members could happen then federal, popular teams. Comparisons c                                                                           | Children                                           | newborn                                            |            4.68 |            4379.19 |   0.38210289541765263
 AAAAAAAADLFAAAAA | Ju                                                                                                                                                                                                       | Children                                           | newborn                                            |            7.65 | 3402.4700000000003 |    0.2968799340909394
 AAAAAAAADOMCAAAA | National police come instead. Initial others choose to a wings. So detailed moments                                                                                                                      | Children                                           | newborn                                            |            1.27 |             7652.4 |     0.667704346441704
 AAAAAAAADPFCAAAA | Again g                                                                                                                                                                                                  | Children                                           | newborn                                            |            8.89 |            1800.21 |   0.15707595545290626
 AAAAAAAAEALBAAAA | Runs make guilty problems; today social letters ought to reject somewhat tables. Southern views would work thick more than exceptional kings. New relations enjoy                                        | Children                                           | newborn                                            |            8.59 |            2707.12 |   0.23620769828279567
 AAAAAAAAECPBAAAA | Boys stand more alternative women. Special, low wome                                                                                                                                                     | Children                                           | newborn                                            |            1.85 |            2561.83 |   0.22353052974815096
 AAAAAAAAEDFBAAAA | Good, acceptable presents may not visit on a elections. Unemployed employees ought to recognise only to the circumstances. Great figures could not stand also always sensible matters. Feet lead practi  | Children                                           | newborn                                            |            4.74 |            1213.52 |   0.10588476536693542
 AAAAAAAAEEDAAAAA | Orig                                                                                                                                                                                                     | Children                                           | newborn                                            |            3.75 |             4180.1 |      0.36473144876914
 AAAAAAAAEFEDAAAA | Still old banks shall offer huge, chief houses. Elections may not upset perhaps great, running members. Public, personal employers will begin also. Probably european wheels would not say yea           | Children                                           | newborn                                            |            5.16 |            8749.51 |    0.7634318457261974
 AAAAAAAAEFFDAAAA | Boots know; very natural words could not make. Presumably other events want however upstairs literary                                                                                                    | Children                                           | newborn                                            |            4.59 |            8190.84 |    0.7146855194459995
 AAAAAAAAEHJCAAAA | Notable, particular years think still private items. Young answers gain abo                                                                                                                              | Children                                           | newborn                                            |           39.68 | 3377.3199999999997 |    0.2946854899540661
 AAAAAAAAEIEAAAAA | Defences think about flowers. Differences form dirty, wonderful politicians. Low, relative reservations compare wonderful, national memories. Private councils must no                                   | Children                                           | newborn                                            |            0.81 |            2001.72 |     0.174658557362303
 AAAAAAAAEIEDAAAA | Industrial, vocational plants add suff                                                                                                                                                                   | Children                                           | newborn                                            |           22.13 |             4966.5 |   0.43334818313244505
 AAAAAAAAEINBAAAA | Healthy members remain locally exciting, part-time futures. Local servi                                                                                                                                  | Children                                           | newborn                                            |           25.48 |            2779.44 |   0.24251792492210675
 AAAAAAAAEKLBAAAA | Red, local periods might protect so tonight social projects. Environmental, good laws must use appropriate flowers. Red, medium evenings p                                                               | Children                                           | newborn                                            |            1.31 |            5766.72 |      0.50317077109303
 AAAAAAAAEMHDAAAA | Charges mean years; universal, empirical years affect most in a                                                                                                                                          | Children                                           | newborn                                            |            4.66 |            6489.74 |    0.5662573317229345
 AAAAAAAAEMNCAAAA | Principal arrangements hit. Public consumers store too thick differences. Nevertheless superb presents qualify. Still poor depths might not build continuous, sure children. Unique members sho          | Children                                           | newborn                                            |           86.69 |            2200.59 |    0.1920108080780081
 AAAAAAAAEPECAAAA | Numerous components pay officially problems. Sooner particular policies make targets. Studies apply useful differences; general, pink solutions                                                          | Children                                           | newborn                                            |            6.95 |  883.5999999999999 |   0.07709784649468003
 AAAAAAAAEPGAAAAA | Automatic, important ideas must get here generations. Groups find only different knees. Head forces could arrange significant operations. Certainly substantial shows forget together here sta           | Children                                           | newborn                                            |            8.26 |  4526.549999999999 |   0.39496068022916925
 AAAAAAAAFAHBAAAA | Places can devise again. Subjects cannot rebuild home                                                                                                                                                    | Children                                           | newborn                                            |            0.58 |            3196.24 |    0.2788854921685787
 AAAAAAAAFBFCAAAA | Right sources say. Just temporary creatures want twice dark, good methods. Prices could comply at first nurses. New birds manage vitally divine, hot scenes. Useful, long-t                              | Children                                           | newborn                                            |            1.85 |  931.1600000000001 |   0.08124765815073143
 AAAAAAAAFCDDAAAA | Conservative relations would not gain times; available, previous populations know because of the instruments. Systems provide so dep                                                                     | Children                                           | newborn                                            |            4.23 |              534.4 |   0.04662866587455525
 AAAAAAAAFCKCAAAA | Ago double citizens dismiss also general, new years. Due, following rights dispose mo                                                                                                                    | Children                                           | newborn                                            |            7.97 |           13275.32 |     1.158327957817741
 AAAAAAAAFDFDAAAA | Once necessary circumst                                                                                                                                                                                  | Children                                           | newborn                                            |            0.55 |            2970.33 |    0.2591738868023348
 AAAAAAAAFFDAAAAA | Resources shall                                                                                                                                                                                          | Children                                           | newborn                                            |            0.95 |            3825.36 |    0.3337788796592228
 AAAAAAAAFFKCAAAA | Parental industries used to want. Contemporary services shall reveal bonds. Notable costs clear forward vast answers; inner students could not seek expensive, female days. There amer                   | Children                                           | newborn                                            |            5.55 | 1811.8400000000001 |   0.15809072226451007
 AAAAAAAAFHHDAAAA | Parents would subscribe again com                                                                                                                                                                        | Children                                           | newborn                                            |            6.35 |               1184 |   0.10330902020111044
 AAAAAAAAFNHDAAAA | Chemicals should round home with a policies. Years manage double, good days. Public, new supplies call as well onto the customs. Hands may dam                                                           | Children                                           | newborn                                            |            5.66 |            6087.93 |     0.531197705534583
 AAAAAAAAGABDAAAA | Gothic, normal standards would play home chief events. Short flowers manage by the jobs; independent, likely kinds sleep now afraid, other structures.                                                   | Children                                           | newborn                                            |            9.02 |  554.6400000000001 |  0.048394691692858025
 AAAAAAAAGBKAAAAA | Safe, great demands would assume now too able parents. Ready, only se                                                                                                                                    | Children                                           | newborn                                            |            4.64 |            6529.95 |    0.5697658247147306
 AAAAAAAAGCFDAAAA | Always annual ideas boost so on a industries. Entries make both by a doctors. Regional refugees shall confer always economic, glorious schemes. Organizations                                            | Children                                           | newborn                                            |            9.37 |              81.28 |  0.007092024630022176
 AAAAAAAAGFBBAAAA | Either primary efforts                                                                                                                                                                                   | Children                                           | newborn                                            |            8.55 |            4583.24 |   0.39990712309673765
 AAAAAAAAGGICAAAA | Members know much stable months. Alone men should not promote finally at a shares. Running numbers would not supply there years;                                                                         | Children                                           | newborn                                            |            3.15 |  8181.450000000001 |    0.7138662021320735
 AAAAAAAAGGLAAAAA | Important, managerial children used to raise there opportunities. Already                                                                                                                                | Children                                           | newborn                                            |            6.03 |            3580.67 |   0.31242863966512674
 AAAAAAAAGGNAAAAA | Goods shall carry various, similar details. Horizontal, distinct forests agree today of course criminal days; competitors go in addition earlier social securities. Appropriate                          | Children                                           | newborn                                            |             9.1 |           10102.94 |    0.8815243518163908
 AAAAAAAAGILDAAAA | Never white services sound great miles. Already good others will n                                                                                                                                       | Children                                           | newborn                                            |            9.22 |             6892.5 |     0.601399849439319
 AAAAAAAAGNDEAAAA | Specific readers                                                                                                                                                                                         | Children                                           | newborn                                            |             1.8 |            8900.58 |    0.7766133437682428
 AAAAAAAAGOMDAAAA | Particular kids mig                                                                                                                                                                                      | Children                                           | newborn                                            |            7.78 |             5387.5 |   0.47008221818706286
 AAAAAAAAGPCAAAAA | Subsequently educational doctors will not form upstairs by the problems. Married lines may ask areas. Very revolutionary aims wear initial activities. Other, naked minutes reca                         | Children                                           | newborn                                            |            8.14 | 13860.970000000001 |    1.2094284034940757
 AAAAAAAAHBHBAAAA | Situations may teach long in a things. Attractive families watch very years. Also general efforts might come almost old, sound cells. Also statutory fathers sue roughly key parents. Shares r           | Children                                           | newborn                                            |            6.26 |           19805.77 |     1.728137409652489
 AAAAAAAAHBIAAAAA | Stages will speak. Full, top hands find wide officers. Widely late months could expect; cultural societies handle economic relatives. All technologica                                                   | Children                                           | newborn                                            |            1.61 | 4060.7499999999995 |    0.3543176552209959
 AAAAAAAAHCDBAAAA | Men may not expand through the movements. Never dependent problems ignore with a friends. Partners                                                                                                       | Children                                           | newborn                                            |            5.49 |             9099.5 |    0.7939699571959496
 AAAAAAAAHCHAAAAA | Educational, round parents would not pay no longer. Bloody efforts will not remember big, new grounds. Small, precious rates afford extended, pr                                                         | Children                                           | newborn                                            |            8.69 |            2953.95 |   0.25774466235056603
 AAAAAAAAHDBCAAAA | Light, cognitive feet begin always with a months; then long kids take really negotia                                                                                                                     | Children                                           | newborn                                            |            2.76 | 3855.4999999999995 |   0.33640872245386927
 AAAAAAAAHDFBAAAA | Wonderful, cultural novels show now                                                                                                                                                                      | Children                                           | newborn                                            |            7.23 |            22439.6 |    1.9579502446831398
 AAAAAAAAHGADAAAA | Common writers must not face also parts. Prices used to give either big gardens. Thereby big clothes fail genuine,                                                                                       | Children                                           | newborn                                            |            5.01 |  5310.839999999999 |     0.463393308146001
 AAAAAAAAHKEBAAAA | Great things stay yet large possibilities                                                                                                                                                                | Children                                           | newborn                                            |            4.88 |             231.99 |  0.020242111145655075
 AAAAAAAAHMCEAAAA | Either poor notes can say earlier police. Pattern                                                                                                                                                        | Children                                           | newborn                                            |            5.16 |  4109.780000000001 |    0.3585957306098984
 AAAAAAAAHNBBAAAA | Problems must manage available details. Further appropriate owners will not want un                                                                                                                      | Children                                           | newborn                                            |            7.24 |            6130.92 |    0.5349487653136756
 AAAAAAAAHNODAAAA | Good owners can receive sometimes immediate rivers. Both young ways would give full payments. Laws used to find. Doubts could interview real women. Green, glorious schools could not perform effec      | Children                                           | newborn                                            |            3.69 |            2842.66 |   0.24803413797710183
 AAAAAAAAIAJDAAAA | Strong, remaining goods used to commemorate tomorrow between a hous                                                                                                                                      | Children                                           | newborn                                            |            7.04 |            5720.58 |   0.49914486045782797
 AAAAAAAAIDLDAAAA | Rarely horizontal years draw initially types. Once gastric reasons                                                                                                                                       | Children                                           | newborn                                            |            0.36 |  9871.880000000001 |    0.8613633871139681
 AAAAAAAAIEEEAAAA | Attractive buildings may oblige necessarily for a acts; elements go about for a enquiries. Anyway moral flowers s                                                                                        | Children                                           | newborn                                            |            1.91 |            2729.72 |   0.23817964410758038
 AAAAAAAAIGBCAAAA | New lives find proceedin                                                                                                                                                                                 | Children                                           | newborn                                            |            0.22 |            6797.24 |    0.5930880105336114
 AAAAAAAAIGPCAAAA | Deep financial serv                                                                                                                                                                                      | Children                                           | newborn                                            |           60.92 |              395.9 |    0.0345439536297463
 AAAAAAAAIHEBAAAA | Shoulders stop basic features. Successful, available variations shall overcome only parents. Educational ro                                                                                              | Children                                           | newborn                                            |            2.16 |            3365.77 |    0.2936777034816651
 AAAAAAAAIHLDAAAA | In part integrated bottles ought to                                                                                                                                                                      | Children                                           | newborn                                            |            1.46 |               6526 |    0.5694211704665935
 AAAAAAAAIHODAAAA | Original lads should not say increasingly little examples; also perfect games show small steps. Mechanisms must not cause really previous children. Dangerous, dead books begin simply up to a           | Children                                           | newborn                                            |            4.21 |            1715.85 |   0.14971518776357715
 AAAAAAAAIICBAAAA | Modern forms must ride all available months; essential spots succeed police; never united prices might get promptly so big so                                                                            | Children                                           | newborn                                            |            2.62 |             1435.4 |   0.12524473614583945
 AAAAAAAAIJFEAAAA | Other students could not form effectively new artists. Both high holes would punish invariably about a cases. More minimal                                                                               | Children                                           | newborn                                            |            0.56 |            9407.43 |    0.8208381553298415
 AAAAAAAAIJOAAAAA | Resid                                                                                                                                                                                                    | Children                                           | newborn                                            |            0.36 |             444.34 |   0.03877054901702822
 AAAAAAAAIKGCAAAA | Well large disputes must replace available decisions. Nearly back organizations write. Women take. Centres attribute here. Hills wo                                                                      | Children                                           | newborn                                            |            4.74 |            3922.75 |    0.3422765700962043
 AAAAAAAAIMEBAAAA | Elements might change forwards about the exports. Responsible, british examinations help firmly messages. Other, young fragments get both sufficient skills. Again voluntar                              | Children                                           | newborn                                            |             3.9 |            6726.18 |    0.5868877242367441
 AAAAAAAAIMGDAAAA | Even pale systems blame; funny women attempt. Parts should b                                                                                                                                             | Children                                           | newborn                                            |            9.54 |            8733.48 |    0.7620331602584408
 AAAAAAAAINDCAAAA | Spanish, poor organisations will not scream largely subsequent things. Pressures must use away sounds. Curious contributions can correct as well w                                                       | Children                                           | newborn                                            |             3.4 | 10626.279999999999 |    0.9271879857961619
 AAAAAAAAINLDAAAA | Blue actions turn. Other, young girls might not make in a sides. Now legal industries should allow only; central, dominant childr                                                                        | Children                                           | newborn                                            |            7.79 |            9907.58 |    0.8644783634832075
 AAAAAAAAIOKCAAAA | Long, possible costs escape typically t                                                                                                                                                                  | Children                                           | newborn                                            |            4.84 |             925.62 |   0.08076426966093905
 AAAAAAAAIOLCAAAA | Elsewhere financial accounts will not help. Direct elections ought to help patients; necessary, extensive needs arrive outside movements; sti                                                            | Children                                           | newborn                                            |            2.92 |            1367.02 |   0.11927829121226519
 AAAAAAAAIPDDAAAA | There new authorities shall seem considerable police. Following, other movies get agricultural,                                                                                                          | Children                                           | newborn                                            |           84.76 |              871.5 |   0.07604207019025992
 AAAAAAAAIPJAAAAA | Real materials see very biological sites. Permanent offences depress at least                                                                                                                            | Children                                           | newborn                                            |            1.96 |            3104.44 |    0.2708755529333913
 AAAAAAAAJAAEAAAA | At least vocational processes pursue even quick, multiple bones. Birds will die precisely polish families. Other                                                                                         | Children                                           | newborn                                            |           48.08 |            6540.74 |    0.5707072979647053
 AAAAAAAAJAMBAAAA | Forward separate relations will say already whole following animals. Negotiations might make rapidly neutral demands. The                                                                                | Children                                           | newborn                                            |            2.63 |              127.4 |  0.011116190180423539
 AAAAAAAAJEOBAAAA | Little scientists should try previously jointly mutual winners. Continuing, real demands influence here dear men. C                                                                                      | Children                                           | newborn                                            |             2.9 |            1418.16 |   0.12374047304764085
 AAAAAAAAJFCAAAAA | Families ou                                                                                                                                                                                              | Children                                           | newborn                                            |            8.14 |            2994.92 |   0.26131946856478855
 AAAAAAAAJHIBAAAA | Never                                                                                                                                                                                                    | Children                                           | newborn                                            |            8.12 |             522.59 |   0.04559819329974519
 AAAAAAAAJMABAAAA | Thick, indian friends must not reflect industrial, dead designs. Conditions could not win too; a l                                                                                                       | Children                                           | newborn                                            |           96.17 |            7159.72 |    0.6247159274613973
 AAAAAAAAJOLDAAAA | Long dreadful systems shi                                                                                                                                                                                | Children                                           | newborn                                            |            4.46 |  7410.070000000001 |    0.6465600264540899
 AAAAAAAAJPHAAAAA | Funds might save around outside a chairs; only central parents might not go. Rates nego                                                                                                                  | Children                                           | newborn                                            |            9.72 |           13025.26 |    1.1365091625546584
 AAAAAAAAKAAAAAAA | Poor, formal reasons would dominate. Slightly individual profits say such as the leaders. Possible, pregnant programmes mention like a rocks. Newly different years feel                                 | Children                                           | newborn                                            |            7.05 |            1939.56 |   0.16923483380174473
 AAAAAAAAKABCAAAA | Now mental circumstances appe                                                                                                                                                                            | Children                                           | newborn                                            |             9.7 |           15581.82 |    1.3595798624578266
 AAAAAAAAKAGBAAAA | Agreements will say necessarily. Issues lie in the ears; sums offer to a interes                                                                                                                         | Children                                           | newborn                                            |            7.25 |  7377.389999999999 |    0.6437085578897551
 AAAAAAAAKAMAAAAA | Cases used to expect yesterday much free animals. Indian eyes drop home gay, bitter                                                                                                                      | Children                                           | newborn                                            |            7.09 |            4974.96 |   0.43408635400313883
 AAAAAAAAKELBAAAA | Sometimes single exchanges depend french, legal girls. Black weeks like most men. Somewhat normal bacteria select empty children. Then free hands w                                                      | Children                                           | newborn                                            |            3.09 |            7730.67 |    0.6745337358092216
 AAAAAAAAKFBDAAAA | Aims contact really good days; real, environmental drugs shape often canadian, old schools. Supreme islands will decide boys. Around profitable areas can spread also processes; old sequences would n   | Children                                           | newborn                                            |            8.75 |            9068.02 |    0.7912231937196567
 AAAAAAAAKGDBAAAA | Common, bad needs say largely wide things. Public doctors shall help long clear hotels; before secondary developments should mean immediate, bad circumstances. New                                      | Children                                           | newborn                                            |            7.61 |            1722.24 |   0.15027274235739901
 AAAAAAAAKGEAAAAA | Changes can offer normally yet beautiful parents. Permanent types specify light, healthy                                                                                                                 | Children                                           | newborn                                            |            6.33 |            6485.97 |    0.5659283832380035
 AAAAAAAAKGKAAAAA | Private, logical workers go just yellow, alive lessons. Volunteers could see o                                                                                                                           | Children                                           | newborn                                            |            4.83 |            4334.05 |   0.37816423902248536
 AAAAAAAAKHFDAAAA | Subje                                                                                                                                                                                                    | Children                                           | newborn                                            |            8.24 | 3179.5000000000005 |   0.27742485619039753
 AAAAAAAAKHODAAAA | Real aware chemicals run mostly values. Equally religious characters imagine logical, current representations. Normal wages see natural s                                                                | Children                                           | newborn                                            |            8.17 |            3974.36 |    0.3467797614243963
 AAAAAAAAKICCAAAA | Very complete estimates must spend ashore warm, statistical signs. Gradually young copies would diversify well linguistic rep                                                                            | Children                                           | newborn                                            |            1.89 |             221.43 |  0.019320706370888414
 AAAAAAAAKIFCAAAA | Other women should charge nearly                                                                                                                                                                         | Children                                           | newborn                                            |           85.21 |            1418.83 |   0.12379893338846412
 AAAAAAAAKJHDAAAA | Scientific hands must understand in the columns. Hotly important solicitors may see here common figures. About bad opportunities would not go only new, white minutes. Legal, common pai                 | Children                                           | newborn                                            |            1.87 |           19587.83 |     1.709121220579322
 AAAAAAAAKLJBAAAA | Here other observers shall approach however; as uncertain owners spare really; users meet historical measures. Dyn                                                                                       | Children                                           | newborn                                            |            9.88 |              36.85 | 0.0032153187452794926
 AAAAAAAAKNOAAAAA | Then wild voters ought to pay late, new groups; mild laboratories used to employ even common possibilities. Close global animals could find specifically top minor matters. Publi                        | Children                                           | newborn                                            |            2.38 |            8024.46 |    0.7001681589890225
 AAAAAAAAKOKBAAAA | Pretty important savings come both certain hands. Likely, theoretical others can grow social demands. Similar, bad circumstances hang perhaps to the cells. Even                                         | Children                                           | newborn                                            |             0.4 |            7599.75 |    0.6631104107038759
 AAAAAAAALAPCAAAA | In part social characters may face similar, main candidates. Most serious women may argue able owners. Independent, simple cars may serve as general, specified studies; explicitly exciting             | Children                                           | newborn                                            |            4.54 |            5981.96 |    0.5219513737181035
 AAAAAAAALEMBAAAA | Jobs entitle european, new ages. Years will not reply very tod                                                                                                                                           | Children                                           | newborn                                            |            4.54 |            1895.76 |    0.1654130980882239
 AAAAAAAALFMDAAAA | Above personal columns dare merely                                                                                                                                                                       | Children                                           | newborn                                            |            7.82 | 1004.5899999999999 |     0.087654736996481
 AAAAAAAALHPBAAAA | American, gay recordings co-operate warm, independent standards. Too alive fears serve le                                                                                                                | Children                                           | newborn                                            |            4.87 |            9988.43 |    0.8715328687900148
 AAAAAAAALIECAAAA | Items could make; countries consider crossly at the flames; still increased techniques resume as with a services; initially marginal issues resist high rumours; american, sad feet creat                | Children                                           | newborn                                            |            9.89 | 5684.5199999999995 |    0.4959984725621759
 AAAAAAAALJBBAAAA | Aware, only packages can make prime factors. Both national suggestions wo                                                                                                                                | Children                                           | newborn                                            |            2.86 |           18438.95 |    1.6088765692882308
 AAAAAAAALMBEAAAA | Fast appropriate eyes shall heal huge, bare shots. Generally gradual advantages carry even gastric children. Services secure wide conclusions. Remaining, careful breasts may spring also                | Children                                           | newborn                                            |             0.6 |            8207.23 |    0.7161156164401685
 AAAAAAAALMGCAAAA | Now economic meetings protect so major proposals. Things must not see suddenly widely voluntary hours. Sometimes new yea                                                                                 | Children                                           | newborn                                            |            2.27 |             4987.1 |    0.4351456204771604
 AAAAAAAALNKAAAAA | Long-term ladies can replac                                                                                                                                                                              | Children                                           | newborn                                            |            0.55 |            6672.32 |    0.5821882108684739
 AAAAAAAALOLBAAAA | Requirements would think less. Total, dull ideas happen scenes. So significant groups would draw. Men might not think                                                                                    | Children                                           | newborn                                            |            4.39 | 1220.8799999999999 |   0.10652695657359096
 AAAAAAAAMAEDAAAA | Most academic bits live; events would not cau                                                                                                                                                            | Children                                           | newborn                                            |            1.67 |  6853.910000000001 |    0.5980327083163791
 AAAAAAAAMAKDAAAA | Good, obvious operations pull too concerned women. Federal, political members could borrow over in a children. Top, clear towns could make also also complete masses; only vital oper                    | Children                                           | newborn                                            |            5.44 |               1638 |   0.14292244517687405
 AAAAAAAAMBBDAAAA | As old records must not present subsequently eyes. As religious benefits must land very legal, formidable duties. Previous signs remain only modern facts. General questions agr                         | Children                                           | newborn                                            |            7.32 |  4237.780000000001 |   0.36976427333434275
 AAAAAAAAMBIBAAAA | Sound functions might not hear very years. Big, industrial nations feel methods. Films follow also able, irish police. Structural experiments could experience firm, considerable gro                    | Children                                           | newborn                                            |            9.62 |              560.4 |  0.048897276115458015
 AAAAAAAAMCHCAAAA | Wages correspond with a communities. New, funny criteria return just video-taped, other children. Good methods should direct often new individuals. F                                                    | Children                                           | newborn                                            |            2.91 |            1691.94 |   0.14762893888434694
 AAAAAAAAMDLCAAAA | Independent waves protect well so small sheets. Possibly financial services report recently divine rooms. As similar fields shall save. Reasons cannot plant disti                                       | Children                                           | newborn                                            |             0.5 |            1647.35 |    0.1437382723211987
 AAAAAAAAMEGDAAAA | Buildings may not hear into a shapes; differently independent charges should not pull                                                                                                                    | Children                                           | newborn                                            |            2.91 |            4116.99 |    0.3592248336805487
 AAAAAAAAMFFDAAAA | Old things could claim again normal, silver days. Other pieces can establish more wise, international things. Top, current t                                                                             | Children                                           | newborn                                            |            0.94 |            5034.45 |    0.4392771087428044
 AAAAAAAAMFJDAAAA | Official women open other, good beliefs. Silver police use widely with a teachers. More good experts would meet. Flowers present often unnecessary courses. Troops begin less awar                       | Children                                           | newborn                                            |            6.41 |            8597.45 |    0.7501639659865177
 AAAAAAAAMGLAAAAA | Lines get in a areas. Deep scenes might hear all but by the efforts. Average defences eat completely. Public seconds know outstanding tasks. Political, friendly classes g                               | Children                                           | newborn                                            |            9.34 |  8882.019999999999 |    0.7749939050731983
 AAAAAAAAMHCEAAAA | Directly subjective positions must move ever. Signif                                                                                                                                                     | Children                                           | newborn                                            |            4.32 | 3706.0499999999997 |   0.32336857628068016
 AAAAAAAAMHOBAAAA | Customers might correlate however expensive materials. Mainly broad participants steal. Main traditions return best more clear views. Towns will not remain                                              | Children                                           | newborn                                            |            1.52 | 13147.300000000001 |     1.147157670008496
 AAAAAAAAMJBDAAAA | Ever white generations will not assume and so on at a readers                                                                                                                                            | Children                                           | newborn                                            |            4.94 | 14458.309999999998 |    1.2615488512364161
 AAAAAAAAMLBEAAAA | National days find regular, new fingers.                                                                                                                                                                 | Children                                           | newborn                                            |            5.45 |            2481.57 |   0.21652750444296423
 AAAAAAAAMLGDAAAA | Rational, linear problems realise relatively. Associations contain as feet. Certain fathers would forgive deep doors. Minds lock a little late champions. Giant, right managers                          | Children                                           | newborn                                            |            3.95 |             4280.3 |   0.37347432362061905
 AAAAAAAAMLHCAAAA | Facts will sound better real levels. Big, other stages commit strong muscles. Here american assets keep mental, free applications; always heavy defendants support top readers. Negotiat                 | Children                                           | newborn                                            |            4.46 |            1511.52 |   0.13188652889728247
 AAAAAAAAMLNBAAAA | Generations should not join into the teeth. Strong, new skills may not produce pointedly according to the eyes. Financial states could not expect confident operations. Personal, red artists ought      | Children                                           | newborn                                            |            8.23 |             549.91 |   0.04798197913749378
 AAAAAAAAMODAAAAA | Additional, alternative schools see ahead different, academic eyes. Small,                                                                                                                               | Children                                           | newborn                                            |            3.29 | 16149.269999999997 |     1.409092280965529
 AAAAAAAAMONCAAAA | Ideas would determine surprisingly. Widely wide models see almost national, english elements. Ra                                                                                                         | Children                                           | newborn                                            |            2.82 |           13152.36 |    1.1475991764630715
 AAAAAAAAMPMCAAAA | Rarely young others rival right modern, white authorities. Possible twins could not get black, major teache                                                                                              | Children                                           | newborn                                            |            2.16 |           13155.94 |     1.147911546642396
 AAAAAAAAMPNBAAAA | Major, short persons could not see. Better mixed eggs will get to the models. Women tap sole rates; days could not wait firms. Paths will not get heavily just safe things. Small developments raise e   | Children                                           | newborn                                            |            4.34 |           10088.46 |    0.8802609104206879
 AAAAAAAANCGEAAAA | New students should not carry here                                                                                                                                                                       | Children                                           | newborn                                            |             3.8 |            3985.99 |   0.34779452823600016
 AAAAAAAANEDCAAAA | Always fresh hills                                                                                                                                                                                       | Children                                           | newborn                                            |            2.41 |            6999.17 |    0.6107072592238227
 AAAAAAAANIGBAAAA | Instructions govern now very financial firms. Other relatives support reports. Fine miles can agree. Legal guests might make at le                                                                       | Children                                           | newborn                                            |            5.37 |           10898.78 |    0.9509647662056236
 AAAAAAAANJMAAAAA | Certainly esse                                                                                                                                                                                           | Children                                           | newborn                                            |            2.67 | 3851.2799999999997 |    0.3360405095609228
 AAAAAAAANKPCAAAA | Men imagine darkly about a units. Shoes could think properly; eggs happen already. Inc, complete methods shall say effects. So public results ought to drop furthermore foreign direct products. Quiet s | Children                                           | newborn                                            |            5.31 |  992.6099999999999 |   0.08660943120086505
 AAAAAAAANOPBAAAA | Points would not last. Powers worry most; educational, other leaders u                                                                                                                                   | Children                                           | newborn                                            |            4.28 |            5674.04 |     0.495084048126612
 AAAAAAAAOAMAAAAA | Quiet, other types need most other documents; rooms get into a readers. Variable, international features ought to know too sure true                                                                     | Children                                           | newborn                                            |             0.9 |  6853.030000000001 |    0.5979559245851486
 AAAAAAAAODIAAAAA | Below free b                                                                                                                                                                                             | Children                                           | newborn                                            |           97.72 | 10975.710000000001 |    0.9576772348914947
 AAAAAAAAOEFAAAAA | Sets shall engage real studies; united positions must breathe infrequently eyes. Different powers refer valuable, easy reasons. W                                                                        | Children                                           | newborn                                            |            7.17 |            3743.21 |    0.3266109438403704
 AAAAAAAAOEOAAAAA | Quiet, hard ends will not vary total names. Effective titles will not appear. Serious, bare others should not happen still very other executives. New, we                                                | Children                                           | newborn                                            |            0.17 |             792.75 |   0.06917079878752559
 AAAAAAAAOGAAAAAA | Parts see so normal, good boys. Very ideal rules may go only private lost principles. Still careful methods begin even with a execut                                                                     | Children                                           | newborn                                            |            2.07 |  5343.840000000001 |   0.46627269806714705
 AAAAAAAAOGKCAAAA | Just commercial days might turn long precious, long spo                                                                                                                                                  | Children                                           | newborn                                            |            4.32 | 2590.3500000000004 |   0.22601902067394125
 AAAAAAAAOHGBAAAA | Easily central cases capture; past, open settings should shift just. Decent hours collapse ot                                                                                                            | Children                                           | newborn                                            |             1.6 |  7644.339999999999 |     0.667001077267024
 AAAAAAAAOHLAAAAA | Existing, massive prisoners leave. Scientific cells go please gothic women. Even parliamentary proce                                                                                                     | Children                                           | newborn                                            |            4.22 |            3014.82 |    0.2630558279414795
 AAAAAAAAOIFEAAAA | Foreign pictures introduce immediately fit pp.. Christians will avoid about proper pro                                                                                                                   | Children                                           | newborn                                            |            5.42 |            8916.51 |    0.7780033038119959
 AAAAAAAAOLLCAAAA | Equal, complete officers draw now mathematical areas. Badly opposite phrases must echo just newspapers. New offences wish bloody british, ordinary modules. Almost british hands                         | Children                                           | newborn                                            |            2.81 |  7706.530000000001 |    0.6724274184547835
 AAAAAAAAOOMBAAAA | Diplomatic, automatic governments offer more aware girls. Very red men leave amongst the eyes. High, liberal accounts will seek sound roots. Short, social courts break walls. Both old achievements mus | Children                                           | newborn                                            |            4.67 |             4949.5 |    0.4318648610518548
 AAAAAAAAOPLBAAAA | Libraries might re                                                                                                                                                                                       | Children                                           | newborn                                            |            9.25 |  4642.280000000001 |   0.40505861342838767
 AAAAAAAAPBFEAAAA | Years might make also real, french hands. Other proble                                                                                                                                                   | Children                                           | newborn                                            |            8.02 |             244.73 |   0.02135373016369743
 AAAAAAAAPBGAAAAA | Royal, legal days used to contain nevertheless. Clear, scottish residents speak already closer coming spots. Years take slowly; active cheeks dra                                                        | Children                                           | newborn                                            |            3.23 |            5465.48 |    0.4768863038249705
 AAAAAAAAPBJDAAAA | Special sheets make by now national, inner patients. Less spectacular factors may not prevent already. Activities spend then unlike a windows. Arts stray practically always gla                         | Children                                           | newborn                                            |            6.84 |           21165.21 |     1.846754313725291
 AAAAAAAAPEOBAAAA | Banks c                                                                                                                                                                                                  | Children                                           | newborn                                            |            2.78 |            9681.92 |    0.8447885716769722
 AAAAAAAAPFFAAAAA | Ago real links require administrative, recent pp.. Most complete reasons address further in an friends.                                                                                                  | Children                                           | newborn                                            |            2.07 |                    |                      
 AAAAAAAAPKLBAAAA | Combinations would require entirely problems. Pounds operate tight services. Novel ways return now anxious, foreign services                                                                             | Children                                           | newborn                                            |            1.79 |             835.28 |    0.0728817216162023
 AAAAAAAAPLJCAAAA | Subjects must leave darling, good changes; successful millions disturb goods. Healthy, asleep jobs must involve extremely bett                                                                           | Children                                           | newborn                                            |            1.63 | 2889.9599999999996 |   0.25216126353074414
 AAAAAAAAPMAEAAAA | Major applicants wait old schools. Actual guests can take surprising opportunities. Appropriate, small hours ask only quite soft options. Good ways shall not take for a elements. Words sh              | Children                                           | newborn                                            |             3.4 |            1858.12 |     0.162128848493317
 AAAAAAAAPODCAAAA | Letters smell                                                                                                                                                                                            | Children                                           | newborn                                            |            8.52 |             861.08 |   0.07513288100909812
 AAAAAAAAADDEAAAA | Deep satisfied results save just there open pp.. Nuclear, chosen                                                                                                                                         | Children                                           | school-uniforms                                    |            2.26 |           10733.75 |    0.8309456443607912
 AAAAAAAAAFCEAAAA | Indian interests will not write no longer living features. Constant thing                                                                                                                                | Children                                           | school-uniforms                                    |            9.38 |             468.31 |  0.036253886545764724
 AAAAAAAAAFODAAAA | Cups                                                                                                                                                                                                     | Children                                           | school-uniforms                                    |           56.38 | 10289.670000000002 |    0.7965675060822084
 AAAAAAAAAGEBAAAA | As sharp theories act sometimes regular police. Different methods articulate often real, unknow                                                                                                          | Children                                           | school-uniforms                                    |            3.71 |  5160.259999999999 |   0.39947786847739286
 AAAAAAAAAGEEAAAA | Clearly subjective p                                                                                                                                                                                     | Children                                           | school-uniforms                                    |            8.62 |            6753.43 |    0.5228119942234073
 AAAAAAAAAGGCAAAA | Added, concerned moments may not know about over linear messages. Areas pay between a parts. Labour characters will go only for a                                                                        | Children                                           | school-uniforms                                    |            2.02 | 15490.630000000001 |    1.1991961361970052
 AAAAAAAAAGOCAAAA | Familiar words serve significant, new measures; equations may dismiss at least concepts. Administrative makers sleep upstream big, concrete areas. Healthy customers sho                                 | Children                                           | school-uniforms                                    |            9.46 |            1920.01 |   0.14863621256589382
 AAAAAAAAAHMDAAAA | Traditional, successive fe                                                                                                                                                                               | Children                                           | school-uniforms                                    |               8 | 3007.9300000000003 |    0.2328567678623179
 AAAAAAAAAIGDAAAA | Too just numbers must break weak parameters. Angry, dutch grounds talk either. Normal charges will not leave vice versa following women. Tomorrow bright contracts know q                                | Children                                           | school-uniforms                                    |            3.28 | 24652.899999999998 |    1.9084867707802164
 AAAAAAAAAIKCAAAA | Good times ought to know key, magnetic decisions. Developers might not attain old, local worlds; top branches help social engines. Major, capab                                                          | Children                                           | school-uniforms                                    |            3.14 |            7372.33 |    0.5707236988275665
 AAAAAAAAALOBAAAA | Parents could emulate even organic, high characteristics; home detailed                                                                                                                                  | Children                                           | school-uniforms                                    |           38.33 |            4766.66 |    0.3690076036006809
 AAAAAAAAAMCCAAAA | Accidentally wet communities might not collect partly sect                                                                                                                                               | Children                                           | school-uniforms                                    |            0.26 |            9137.81 |    0.7073970810291353
 AAAAAAAAANABAAAA | Awfully hard groups lead parts. Good, boring ministers could not make old, nearby depths                                                                                                                 | Children                                           | school-uniforms                                    |            6.08 |            1658.71 |   0.12840785836801566
 AAAAAAAAAODCAAAA | Late minor materials ought to retain never mental, new quarters; useful                                                                                                                                  | Children                                           | school-uniforms                                    |            4.33 |            4703.38 |   0.36410882727599003
 AAAAAAAAAOIDAAAA | New, junior demands could justify defensively necessary ministers. Dramatic years might think at first ol                                                                                                | Children                                           | school-uniforms                                    |            5.09 |            1279.83 |   0.09907713185254653
 AAAAAAAAAONBAAAA | Consequences ought to hire little, common camps. Complete hors                                                                                                                                           | Children                                           | school-uniforms                                    |            5.57 |           16627.61 |    1.2872146366022998
 AAAAAAAABBODAAAA | Restrictions can give very changes; electric leaders share political beings. Different, american nerves visit holidays. Dead records ask other, major structures. Ideas think with a roads. Tight days r | Children                                           | school-uniforms                                    |            8.46 |             1715.7 |   0.13281969880328956
 AAAAAAAABCFCAAAA | Always valuable proteins can c                                                                                                                                                                           | Children                                           | school-uniforms                                    |            7.37 |            5981.16 |    0.4630272598323037
 AAAAAAAABDGAAAAA | Members used to say. Added, small months cannot rethink now ab                                                                                                                                           | Children                                           | school-uniforms                                    |            6.81 | 6736.9400000000005 |    0.5215354325673682
 AAAAAAAABFJBAAAA | Lakes may not assume correctly remote, domestic causes. Expensive doctors recognize for an agencies. As large subjects could not consider. Afraid, live                                                  | Children                                           | school-uniforms                                    |            3.59 |            4206.84 |   0.32566953529966236
 AAAAAAAABJCBAAAA | Strong, young criticisms ought to go reluctantly important arrangements; monthly abilities could inform in the methods. Ultimate, like ranks shall not guess new, aware customs. Foreign horses th       | Children                                           | school-uniforms                                    |            7.77 |            7747.75 |    0.5997865718967108
 AAAAAAAABKPCAAAA | Members would step too men. Only sets decline then with a recordings. Simple, attractive players mig                                                                                                     | Children                                           | school-uniforms                                    |            1.47 |            7298.42 |      0.56500200859119
 AAAAAAAACAIAAAAA | Insufficient, labour characters could ask weakly in a guns. Tight clothes say. Instead fond travellers think intentions. Officers sell much                                                              | Children                                           | school-uniforms                                    |             1.4 |           18189.79 |    1.4081496934750182
 AAAAAAAACBEEAAAA | Inner, dangerous penalties must not think long high members. Masters used to market everywhere in the names. So va                                                                                       | Children                                           | school-uniforms                                    |             4.2 |           13213.73 |    1.0229315373713304
 AAAAAAAACDHBAAAA | Presidential, subject words might cut usually junior terms; doubtful, blank times should not receive either working, high police. Yea                                                                    | Children                                           | school-uniforms                                    |             4.1 |            2286.61 |   0.17701629158978258
 AAAAAAAACDMCAAAA | Too low case                                                                                                                                                                                             | Children                                           | school-uniforms                                    |            5.53 |             804.54 |   0.06228289355668158
 AAAAAAAACENBAAAA | Charges give probably good authorities. Prospects permit neither alike light centres. Likely men go                                                                                                      | Children                                           | school-uniforms                                    |           40.61 |            4559.35 |    0.3529588469655408
 AAAAAAAACGBEAAAA | Specific fingers may not ride only. Active, able words make as smartly deep occupations; new degrees declare particularly about a sheet                                                                  | Children                                           | school-uniforms                                    |            2.72 |           17112.19 |    1.3247280536601174
 AAAAAAAACGFBAAAA | G                                                                                                                                                                                                        | Children                                           | school-uniforms                                    |           86.57 |             883.89 |   0.06842571753525653
 AAAAAAAACGGAAAAA | Exports can determine really into the books. Problems act ears. Very important mi                                                                                                                        | Children                                           | school-uniforms                                    |            1.98 |            2426.19 |   0.18782177830597024
 AAAAAAAACGJCAAAA | Basi                                                                                                                                                                                                     | Children                                           | school-uniforms                                    |            6.68 | 10215.759999999998 |    0.7908458158458317
 AAAAAAAACGKBAAAA | Investments form policies. National, pink rig                                                                                                                                                            | Children                                           | school-uniforms                                    |            3.39 |           22577.16 |    1.7477948307009834
 AAAAAAAACGLBAAAA | New, interesting responsibilities must operate above away commercial artic                                                                                                                               | Children                                           | school-uniforms                                    |            4.42 |            3394.95 |    0.2628176467052678
 AAAAAAAACIAEAAAA | Thousands might not regulate of course citizens. Positive, successful meanings can hear as paintings. Most urban meetings could not commemorat                                                           | Children                                           | school-uniforms                                    |            3.82 |           10706.95 |     0.828870941366137
 AAAAAAAACKOCAAAA | Increasingly detailed hours would happen ever potentially new boys. Countrie                                                                                                                             | Children                                           | school-uniforms                                    |            0.62 |           10985.59 |    0.8504416593672728
 AAAAAAAACLFBAAAA | Refugee                                                                                                                                                                                                  | Children                                           | school-uniforms                                    |            4.78 |           11556.23 |    0.8946173502952376
 AAAAAAAACPBCAAAA | Previous shoes produce immense grounds. Black, narrow friends may not give about for a procedures; above possible events lend changes. Thus indirect buildings would resolve forwards also               | Children                                           | school-uniforms                                    |           51.68 |           13245.83 |    1.0254165361074647
 AAAAAAAADDBDAAAA | Tiny parents could not get deve                                                                                                                                                                          | Children                                           | school-uniforms                                    |           69.01 |            8223.46 |    0.6366133241947307
 AAAAAAAADDJBAAAA | Techniques count fully other than a techniques. Years should act l                                                                                                                                       | Children                                           | school-uniforms                                    |            0.25 |            2419.62 |   0.18731316641511658
 AAAAAAAADEBCAAAA | Almost new papers will share for a situations. U                                                                                                                                                         | Children                                           | school-uniforms                                    |             5.2 |             5576.7 |    0.4317162757570117
 AAAAAAAADFDCAAAA | Well fit standards must achieve often new, guilty parents. Only applicable spirits say. Bodies can                                                                                                       | Children                                           | school-uniforms                                    |            4.17 |            2161.12 |   0.16730157223160527
 AAAAAAAADGKAAAAA | Successful, responsible makers lay then between a grou                                                                                                                                                   | Children                                           | school-uniforms                                    |             8.3 |           10821.52 |    0.8377402966682836
 AAAAAAAADJHDAAAA | Base, indian reactions pick in general genes. As various values stand virtually following, post-war pupils. Views accept also irish powers. Again white mammals consider so then                         | Children                                           | school-uniforms                                    |           71.53 |            5928.47 |    0.4589483008476646
 AAAAAAAADJJBAAAA | Various, likely designs ensure members. Available ministers know very current, ideological families. Then human proceedings ring flat feet.                                                              | Children                                           | school-uniforms                                    |            0.82 |            6686.59 |    0.5176376230233071
 AAAAAAAADKCEAAAA | No                                                                                                                                                                                                       | Children                                           | school-uniforms                                    |            9.67 |            3154.67 |   0.24421654090095793
 AAAAAAAADKNCAAAA | Special expectations u                                                                                                                                                                                   | Children                                           | school-uniforms                                    |             8.7 |             176.97 |  0.013700007050893604
 AAAAAAAADMKAAAAA | Other doctors help more full, dead obser                                                                                                                                                                 | Children                                           | school-uniforms                                    |            1.92 |            8344.92 |    0.6460160639608016
 AAAAAAAADMMBAAAA | Briefly certain reports must pick new sides; areas show then other dogs; police would come best in the kinds. Chemicals help ill men. Lips shall le                                                      | Children                                           | school-uniforms                                    |            5.99 |            4590.08 |     0.355337788123217
 AAAAAAAAEAMDAAAA | Weakly historical sheets should reach usually for the resources. Teams sign at least distinguished, weak courses; clients co                                                                             | Children                                           | school-uniforms                                    |            2.16 | 14505.940000000002 |     1.122967058144542
 AAAAAAAAEBEBAAAA | Pieces may consider stubbornly for a trees. Suitable, united stars may not cost rational pockets. Other trials would enjoy publicly surprised students; workers apply securities. Here new co            | Children                                           | school-uniforms                                    |            62.7 |            3025.68 |   0.23423087152482205
 AAAAAAAAEBGCAAAA | Subjective houses used to like by now necessa                                                                                                                                                            | Children                                           | school-uniforms                                    |            7.95 |            8013.49 |    0.6203586455459421
 AAAAAAAAEBHBAAAA | Local, endless women ought to believe about. Well usel                                                                                                                                                   | Children                                           | school-uniforms                                    |            1.93 | 2199.5000000000005 |   0.17027273271424812
 AAAAAAAAEBLAAAAA | Adults can report qualifi                                                                                                                                                                                | Children                                           | school-uniforms                                    |            9.27 |            2509.33 |   0.19425800244684888
 AAAAAAAAECBBAAAA | Roughly pleasant pupils talk obvious, similar children. Moments can take surfaces; problems kill favorite libraries                                                                                      | Children                                           | school-uniforms                                    |            5.57 |            1657.88 |   0.12834360450661406
 AAAAAAAAECPCAAAA | Photographs may embark a little chosen, rational l                                                                                                                                                       | Children                                           | school-uniforms                                    |            3.55 |  4236.740000000001 |     0.327984222595937
 AAAAAAAAEEEBAAAA | Feet must fetch natural materials. Loose men might not benefit right as a men. Wings want hitherto civi                                                                                                  | Children                                           | school-uniforms                                    |            1.78 |            5987.91 |    0.4635498062955095
 AAAAAAAAEEJCAAAA | Alike new hospitals cease now for                                                                                                                                                                        | Children                                           | school-uniforms                                    |            72.7 | 2229.8599999999997 |    0.1726230305843115
 AAAAAAAAEEKCAAAA | High men give eventually in a diseases. Times make never international, simple countries. Events know. More simple words cannot stay once again shoes. Naturall                                          | Children                                           | school-uniforms                                    |            2.81 | 12604.620000000003 |    0.9757777186745469
 AAAAAAAAEHBEAAAA | Germans can lick then now huge sales; still human workers heal around immediate, dry categories. Dangerous offices get. Civil, possible notes pursue again other aspects. Examinations g                 | Children                                           | school-uniforms                                    |            2.27 |            5190.04 |   0.40178326605876613
 AAAAAAAAEIAEAAAA | Main fut                                                                                                                                                                                                 | Children                                           | school-uniforms                                    |            0.74 | 19073.760000000002 |    1.4765816041535424
 AAAAAAAAEILDAAAA | Weeks think as well terrible savings. Likely, im                                                                                                                                                         | Children                                           | school-uniforms                                    |            7.47 |             1274.2 |   0.09864128939508747
 AAAAAAAAEJGAAAAA | Teeth get but for a troops. For instance combined items may cater then sure, sad cattle. Aga                                                                                                             | Children                                           | school-uniforms                                    |            1.21 |            7044.06 |    0.5453109095717783
 AAAAAAAAEKACAAAA | Days may not try so to the numbers; serious, insuffi                                                                                                                                                     | Children                                           | school-uniforms                                    |            1.11 |           10474.02 |    0.8108388305995402
 AAAAAAAAELIDAAAA | Good, famous years could stay there values.                                                                                                                                                              | Children                                           | school-uniforms                                    |            1.58 | 4483.9400000000005 |    0.3471210352928964
 AAAAAAAAEMMDAAAA | Industries expect very proposals. Commercial, single concepts may bring sure, final regions. Small others may return. Importan                                                                           | Children                                           | school-uniforms                                    |            6.97 |            8589.02 |    0.6649128923561405
 AAAAAAAAEPFCAAAA | Exhibitions used to find still proper facilities; necessary, separate parties need always over                                                                                                           | Children                                           | school-uniforms                                    |            9.85 |           11107.75 |    0.8598985891369352
 AAAAAAAAFBGEAAAA | Months used to prevent numbers. As complete decisions remember only in the glasses. Labour pensions take; low audiences will                                                                             | Children                                           | school-uniforms                                    |            7.73 |           10824.09 |    0.8379392513957561
 AAAAAAAAFBNAAAAA | Technological others get high, full pounds. All complete streets put new, supreme things. Very corporate assets shall walk again further alone jobs. Estimates last seri                                 | Children                                           | school-uniforms                                    |           50.19 |            1296.35 |   0.10035601593731096
 AAAAAAAAFDJCAAAA | Project                                                                                                                                                                                                  | Children                                           | school-uniforms                                    |           77.69 |             709.71 |   0.05494169635582132
 AAAAAAAAFOOBAAAA | Fingers must solve even international, sure men. Other, popular wages draw around. Well specific pupils cons                                                                                             | Children                                           | school-uniforms                                    |              68 | 12595.760000000002 |    0.9750918280576575
 AAAAAAAAGALAAAAA | Able hands get rights. Individual plants could not halt quite. Short changes might evaluate again bloody groups. Big, social decisions test much social countries; now con                               | Children                                           | school-uniforms                                    |            7.62 |           15303.68 |    1.1847235345234752
 AAAAAAAAGBCCAAAA | Males mention now irrelevant, operational units; other police could not accommodate priorities. Parameters used to think on the buses. Again strong standards vot                                        | Children                                           | school-uniforms                                    |             4.4 |              101.4 |  0.007849809091713914
 AAAAAAAAGBDDAAAA | Clinical attitudes agree too human events. At least wide workers might not give days. So major policies shall fall in the characters; local, united years help thereby planned times. Much ordinar       | Children                                           | school-uniforms                                    |            2.23 |  7611.209999999999 |    0.5892164246246928
 AAAAAAAAGBEAAAAA | Fingers see average letters; old, new specimens provide                                                                                                                                                  | Children                                           | school-uniforms                                    |            3.91 |            3578.07 |      0.27699375164486
 AAAAAAAAGGIAAAAA | So                                                                                                                                                                                                       | Children                                           | school-uniforms                                    |            9.91 |            2289.69 |    0.1772547276055861
 AAAAAAAAGHABAAAA | Blue days could take else. Never public tactics manage so local, poor differences; other, national friends use. Unacceptable,                                                                            | Children                                           | school-uniforms                                    |            3.84 | 21110.920000000002 |    1.6342869008919636
 AAAAAAAAGHHDAAAA | Simple offices can make again. Classical parents must not make luckily. Different stones cater. Roman companies can opt personally european knees. Areas access currently. Eggs b                        | Children                                           | school-uniforms                                    |             2.7 | 16280.050000000001 |    1.2603085256761055
 AAAAAAAAGHKCAAAA | Extended assets move either individuals. Military boys must not get very; most new hours will raise                                                                                                      | Children                                           | school-uniforms                                    |            2.03 |            2012.92 |    0.1558287743283311
 AAAAAAAAGIHBAAAA | American groups may run soon drivers. Social industries understand also intentions. Clear, white crews add actually supporters. Pr                                                                       | Children                                           | school-uniforms                                    |            3.78 |            1999.56 |    0.1547945194026378
 AAAAAAAAGKHDAAAA | Working solicitors act forward hitherto particular choices. Difficult neighbours retain due, other partners. Significant parents should possess freely now wide things. Ships cannot                     | Children                                           | school-uniforms                                    |             4.1 |            4743.14 |    0.3671868194799994
 AAAAAAAAGKKAAAAA | Co                                                                                                                                                                                                       | Children                                           | school-uniforms                                    |            7.84 |           14221.54 |     1.100950433828137
 AAAAAAAAGKNAAAAA | Fairly left weeks can get even thorough animals. Too central weapons might carry now very real women. Dome                                                                                               | Children                                           | school-uniforms                                    |            8.17 | 2154.8399999999997 |   0.16681541048509674
 AAAAAAAAGLOBAAAA | Under way irish m                                                                                                                                                                                        | Children                                           | school-uniforms                                    |            7.39 |            10207.7 |    0.7902218566616187
 AAAAAAAAGMBEAAAA | Contracts should go here on a places; negative, bitter relations use useful references. Officers might achieve more;                                                                                     | Children                                           | school-uniforms                                    |            7.04 |           10571.18 |      0.81836040309807
 AAAAAAAAGMICAAAA | Exotic, local consequences might like most with a occasions. Common children break very. National expressions might look tomorrow irish facilities. French type                                          | Children                                           | school-uniforms                                    |            4.65 |              71.83 |  0.005560668511418249
 AAAAAAAAGOFEAAAA | Others should produce quickly                                                                                                                                                                            | Children                                           | school-uniforms                                    |           35.44 |            4940.53 |   0.38246762634995407
 AAAAAAAAGOPAAAAA | Nearby severe features shall not need only national, other years. Available, commercial bombs might not make well. Acres commence investigations. African things must use only risks. Pupils like        | Children                                           | school-uniforms                                    |            3.46 |            1694.15 |   0.13115142083557324
 AAAAAAAAGPKBAAAA | Particularly alone sources permit ashore advanc                                                                                                                                                          | Children                                           | school-uniforms                                    |            3.61 |               7.54 | 0.0005837037529735987
 AAAAAAAAHDKCAAAA | Female relations open descriptions. Deputies will relate only conservative, new demands. Unlike father                                                                                                   | Children                                           | school-uniforms                                    |            8.18 |            9030.85 |    0.6991168484803215
 AAAAAAAAHGECAAAA | Large customers reduce much costly, local tools. European fingers would mend natural requirements. Sometimes small sums ca                                                                               | Children                                           | school-uniforms                                    |            0.43 |            3770.19 |      0.29186658520206
 AAAAAAAAHIABAAAA | More practical                                                                                                                                                                                           | Children                                           | school-uniforms                                    |             3.2 |            4511.65 |    0.3492661852922197
 AAAAAAAAHINDAAAA | Long, civi                                                                                                                                                                                               | Children                                           | school-uniforms                                    |            7.89 |  6836.880000000001 |    0.5292722167944481
 AAAAAAAAHLLCAAAA | Shortly new components realise long, sad proceedin                                                                                                                                                       | Children                                           | school-uniforms                                    |            7.61 |           12639.49 |    0.9784771549963225
 AAAAAAAAICEAAAAA | Rich, large changes must ensure consequences. Years know even out of a schools. English women develop future ways. Medical requirements shall understand perhaps f                                       | Children                                           | school-uniforms                                    |            2.01 |            3035.88 |   0.23502049729144417
 AAAAAAAAIECCAAAA | Cultural, sure women cannot buy so major men. Publ                                                                                                                                                       | Children                                           | school-uniforms                                    |            3.78 |           23588.79 |    1.8261094497488193
 AAAAAAAAIEDCAAAA | Cuts                                                                                                                                                                                                     | Children                                           | school-uniforms                                    |            2.26 | 3724.0199999999995 |    0.2882923673937322
 AAAAAAAAIFKDAAAA | Naturally educational patients must not supervise on a prices.                                                                                                                                           | Children                                           | school-uniforms                                    |            1.13 |            4013.05 |   0.31066741987675073
 AAAAAAAAIIHCAAAA | All but total charges execute later also v                                                                                                                                                               | Children                                           | school-uniforms                                    |            5.87 |            1824.75 |   0.14126172721997007
 AAAAAAAAIIKCAAAA | Then racial places survive ever much lev                                                                                                                                                                 | Children                                           | school-uniforms                                    |            5.79 | 2535.6099999999997 |   0.19629245001026346
 AAAAAAAAIINCAAAA | Powers can worry probably international, leading ideas. Organisational pairs cannot know purely; basically busy things hold horribly official services; international e                                  | Children                                           | school-uniforms                                    |            6.79 | 10395.340000000002 |    0.8047478741958317
 AAAAAAAAIJCEAAAA | Individuals ought to make workers. Ever increas                                                                                                                                                          | Children                                           | school-uniforms                                    |            4.56 | 2661.3999999999996 |   0.20603039365569434
 AAAAAAAAIJDAAAAA | Homes destroy in the efforts. Technical, european ideas could not see labour councils. Though silly papers will marry often able solutions; central, emotional films migh                                | Children                                           | school-uniforms                                    |            1.71 |            5116.32 |   0.39607628453765026
 AAAAAAAAIKKBAAAA | Also various futures can contain very legs. Wooden institutions happen very then tall teeth. Complete groups may take only, well-known origins; certain cen                                              | Children                                           | school-uniforms                                    |            2.49 |            1667.93 |   0.12912161812960937
 AAAAAAAAIMFAAAAA | Head, new structures need with a errors; workers get also heavy threats. Legs remove subjects; particular, little characteristics support public affairs; clergy pump di                                 | Children                                           | school-uniforms                                    |            1.94 |  8859.640000000001 |     0.685862747744697
 AAAAAAAAIOFBAAAA | Small groups will stay moreover remarkable courts. Immediate, united reactions like perhaps british products. Teeth study; aware patterns help prime, large hours; then you                              | Children                                           | school-uniforms                                    |            4.31 | 2644.1400000000003 |   0.20469422299570447
 AAAAAAAAIPGCAAAA | Signs win soon d                                                                                                                                                                                         | Children                                           | school-uniforms                                    |            0.83 |             192.24 |   0.01488212327210141
 AAAAAAAAIPIBAAAA | Films panic over here dreams. Constraints undermine enough wild, sad firms. Plants wish actually as the cases. Mainly effective plants might not judge managers. Benefi                                  | Children                                           | school-uniforms                                    |            5.87 |             116.87 |   0.00904740817109078
 AAAAAAAAJGABAAAA | Much top negotiations must no                                                                                                                                                                            | Children                                           | school-uniforms                                    |            6.68 |            3084.88 |    0.2388137975428641
 AAAAAAAAJJABAAAA | Ordinary circumsta                                                                                                                                                                                       | Children                                           | school-uniforms                                    |            0.71 |            1725.94 |    0.1336124211415455
 AAAAAAAAJKNCAAAA | Investors can show long issues. Other, other particles vote little clear, firm beds. Difficult, distinguish                                                                                              | Children                                           | school-uniforms                                    |            2.05 |            25799.7 |    1.9972654795216123
 AAAAAAAAKAEDAAAA | Police shoot mass, significant forces. Cold services cannot use with the records. Events dec                                                                                                             | Children                                           | school-uniforms                                    |            2.57 |            8098.09 |    0.6269078945514549
 AAAAAAAAKAFBAAAA | Possible regulations                                                                                                                                                                                     | Children                                           | school-uniforms                                    |            1.29 |             6596.8 |    0.5106865938483072
 AAAAAAAAKCMCAAAA | New, open problems might mean there during a nights; desperate arms must not take                                                                                                                        | Children                                           | school-uniforms                                    |            1.41 |            19286.3 |    1.4930352375298035
 AAAAAAAAKDDBAAAA | Fathers can think from a units. Topics fight long popular members. Quite expected critics might squeeze; only social types used to treat. Machines ought to offer quite so severe principles. Movement   | Children                                           | school-uniforms                                    |            1.86 |            3657.15 |    0.2831156737649067
 AAAAAAAAKDEAAAAA | Locally actual acres could offer most different eggs. Wonderful categories come royal, current councils. Commercial minutes lose properly new speeches. Useful, sensible methods ask poor wo             | Children                                           | school-uniforms                                    |            4.41 |             7863.8 |    0.6087705003493085
 AAAAAAAAKEHCAAAA | Rema                                                                                                                                                                                                     | Children                                           | school-uniforms                                    |             4.8 |           12138.93 |    0.9397266575707967
 AAAAAAAAKJADAAAA | Various, strong friends tax too. Intellec                                                                                                                                                                | Children                                           | school-uniforms                                    |           51.95 | 3686.5299999999997 |   0.28539010562994177
 AAAAAAAAKJDDAAAA | Civil powers must describe. Now english provisions coul                                                                                                                                                  | Children                                           | school-uniforms                                    |            3.82 |           18640.92 |    1.4430736025040605
 AAAAAAAAKJGDAAAA | Long similar pounds shall not care partie                                                                                                                                                                | Children                                           | school-uniforms                                    |            2.05 |            7313.35 |    0.5661578039535105
 AAAAAAAAKKHBAAAA | Affairs destroy please almost other girls. Old, desp                                                                                                                                                     | Children                                           | school-uniforms                                    |            5.53 |            4205.66 |    0.3255781864364649
 AAAAAAAAKNCEAAAA | Others must not provide historica                                                                                                                                                                        | Children                                           | school-uniforms                                    |           57.65 |            1561.47 |    0.1208800927262182
 AAAAAAAAKOMCAAAA | Deliberately determined options bear civil policies; public years go i                                                                                                                                   | Children                                           | school-uniforms                                    |            6.05 |            2412.06 |   0.18672791437632608
 AAAAAAAALALDAAAA | Happy costs see ways; compa                                                                                                                                                                              | Children                                           | school-uniforms                                    |            7.13 |            9043.65 |    0.7001077514031414
 AAAAAAAALBDEAAAA | Natural, national words commit more new resources. Boys meet through a procedures. Slight                                                                                                                | Children                                           | school-uniforms                                    |            8.42 |           10431.77 |     0.807568076811326
 AAAAAAAALCJDAAAA | Then great years hurt social, young fans. Good circumstances produce also. Commonly local women shall illustrate long very long lawyers. Wrong, general democrats draw quickly tr                        | Children                                           | school-uniforms                                    |            9.18 |            4263.87 |    0.3300844723065701
 AAAAAAAALCOBAAAA | Feet may not include sidewa                                                                                                                                                                              | Children                                           | school-uniforms                                    |            4.42 |            3543.24 |   0.27429741189471807
 AAAAAAAALCPDAAAA | Collective, relative persons will qualif                                                                                                                                                                 | Children                                           | school-uniforms                                    |            4.73 |  6303.700000000001 |   0.48799646520154843
 AAAAAAAALDHBAAAA | Continuing times can expect most difficult cases; mixed sons could stop. Away particular patterns will not meet still poorly yellow regions. National, small facts close assumptions                     | Children                                           | school-uniforms                                    |            8.92 |            1659.22 |   0.12844733965634675
 AAAAAAAALECCAAAA | Only steady standards drive                                                                                                                                                                              | Children                                           | school-uniforms                                    |            7.81 |             7465.9 |    0.5779673540219616
 AAAAAAAALOJDAAAA | Features could cast males; causes shall kill often. Items think more historical workers. Aggressive, successful attempts note as. About sorry days go social questions. British systems sh               | Children                                           | school-uniforms                                    |            0.75 | 3177.4300000000003 |   0.24597849016059706
 AAAAAAAALPLDAAAA | Narrow, ital                                                                                                                                                                                             | Children                                           | school-uniforms                                    |            1.18 |            2457.36 |    0.1902347817516184
 AAAAAAAAMACDAAAA | Current, important counties expose in the consequences. Rather dark sections might                                                                                                                       | Children                                           | school-uniforms                                    |            1.59 |            7147.25 |    0.5532992902441053
 AAAAAAAAMADBAAAA | Black tears incur here for a questions. Companies back on a wh                                                                                                                                           | Children                                           | school-uniforms                                    |            7.81 |            4020.31 |   0.31122944762828764
 AAAAAAAAMADCAAAA | High feet ought to attack                                                                                                                                                                                | Children                                           | school-uniforms                                    |            0.95 |           10787.08 |    0.8350741484915714
 AAAAAAAAMALCAAAA | U                                                                                                                                                                                                        | Children                                           | school-uniforms                                    |           11.46 |            1397.22 |   0.10816479545487688
 AAAAAAAAMBDEAAAA | Great, obvious children supply really free, waiting schools. Bloody pages                                                                                                                                | Children                                           | school-uniforms                                    |            6.11 | 1372.8200000000002 |   0.10627588675825146
 AAAAAAAAMBHCAAAA | Black, personal books could contain already arrangements; arrangements might stop there personal, crucial women. Urban, free groups must live at le                                                      | Children                                           | school-uniforms                                    |             2.8 |           11056.33 |    0.8559179463016696
 AAAAAAAAMCACAAAA | New levels die sure urban subjects. Just public police should not claim privately. Impossible inches send earlier usual, true holidays.                                                                  | Children                                           | school-uniforms                                    |             3.4 |            2426.48 |   0.18784422845031537
 AAAAAAAAMCDCAAAA | Simple numbers win from the jobs. Doubts include working firms. Others stay neither local colours                                                                                                        | Children                                           | school-uniforms                                    |            7.76 |            4979.72 |    0.3855014924081816
 AAAAAAAAMCHBAAAA | Intense profits will call a bit through the words. Original, english years ta                                                                                                                            | Children                                           | school-uniforms                                    |               4 |            2017.47 |   0.15618100935167722
 AAAAAAAAMCIAAAAA | Decent damages solve happy employees. Bright, male deposits should provi                                                                                                                                 | Children                                           | school-uniforms                                    |            5.33 | 4126.4400000000005 |    0.3194454263156999
 AAAAAAAAMDABAAAA | Comparative plates divide. Coming wome                                                                                                                                                                   | Children                                           | school-uniforms                                    |            1.84 |            3534.66 |   0.27363319727926533
 AAAAAAAAMECCAAAA | Personal, dual institutions distinguish by a questions. Distinct, necessary states face internally indeed regulato                                                                                       | Children                                           | school-uniforms                                    |            3.93 |              292.2 |  0.022620455784998085
 AAAAAAAAMENDAAAA | High, young obligations see financial, easy clothes. Just financial things stop complex, sophisticated children. Free, new effects get now. As sh                                                        | Children                                           | school-uniforms                                    |            0.38 | 12427.049999999997 |    0.9620312630491458
 AAAAAAAAMFBEAAAA | Ago social thoughts end late sides. Strongly powerful arms reinstate else tight public others. Films grow over horses; essential cattle condemn russian levels. Charact                                  | Children                                           | school-uniforms                                    |            3.47 |            2103.44 |    0.1628363159356481
 AAAAAAAAMHDDAAAA | Arms view familiar sympt                                                                                                                                                                                 | Children                                           | school-uniforms                                    |            9.56 |             829.44 |   0.06421050939872967
 AAAAAAAAMHDEAAAA | Labour, other children make tomorrow important contents. Definite standards wil                                                                                                                          | Children                                           | school-uniforms                                    |            9.25 |  7052.860000000001 |    0.5459921553312169
 AAAAAAAAMHJAAAAA | Examples would go at least. Sometimes particular elections will mean no longer much strong serv                                                                                                          | Children                                           | school-uniforms                                    |            6.61 |            1324.46 |    0.1025321316529725
 AAAAAAAAMIAAAAAA | Pensions stand at first good years. Genetic hills shall not guarantee cheaply by a rooms. Practices wait twice widely reasonable components                                                              | Children                                           | school-uniforms                                    |            2.12 |            4161.73 |    0.3221773766396306
 AAAAAAAAMJJBAAAA | Suitable, single issues restrict now international lips. Places fire of course growing offices. Popular messages will activate today continuously political seconds; sophisticated f                     | Children                                           | school-uniforms                                    |            1.28 |            4131.52 |   0.31983869091319406
 AAAAAAAAMJLAAAAA | Large books tell for a knees. Much whole thousands try forw                                                                                                                                              | Children                                           | school-uniforms                                    |            8.18 |            2245.81 |   0.17385778852329414
 AAAAAAAAMMICAAAA | Local, other values ought to entitle in a doors; regular, victorian weeks rule today only brief programs. Now minute factors fire again yet interested char                                              | Children                                           | school-uniforms                                    |               4 | 1647.5500000000002 |   0.12754391488218206
 AAAAAAAAMOIDAAAA | Genuine, narrow concerns must not trust alre                                                                                                                                                             | Children                                           | school-uniforms                                    |             7.3 |            6821.16 |    0.5280552641423598
 AAAAAAAANDADAAAA | Prizes will                                                                                                                                                                                              | Children                                           | school-uniforms                                    |            3.24 |             4333.5 |   0.33547482937812867
 AAAAAAAANDOBAAAA | Underlying things acquire negative stories; famous feet exercise for a hands; male months will com                                                                                                       | Children                                           | school-uniforms                                    |            7.68 |  5975.049999999999 |    0.4625542585152388
 AAAAAAAANDPDAAAA | Intermediate dir                                                                                                                                                                                         | Children                                           | school-uniforms                                    |           10.15 |           20113.62 |     1.557081628631941
 AAAAAAAANEJCAAAA | Smooth, small institutions might know n                                                                                                                                                                  | Children                                           | school-uniforms                                    |            0.78 |            3743.08 |    0.2897678837772438
 AAAAAAAANGMAAAAA | Popular pub                                                                                                                                                                                              | Children                                           | school-uniforms                                    |            8.43 |             490.24 |   0.03795158194400226
 AAAAAAAANGPDAAAA | Financial advisers protect less in a cells. New, other officers might drive adequate, convenient needs; double, domestic affairs kick more. New, major roads become indefinitely beliefs. More fa        | Children                                           | school-uniforms                                    |            3.13 |            3789.75 |   0.29338080873099415
 AAAAAAAANJLBAAAA | Basic, other rises should not close mainly to the children. Aside male doctors realise soon constitutional laboratories. Here compulsory goods see simply immediate,                                     | Children                                           | school-uniforms                                    |            9.54 |            7742.71 |    0.5993964038708505
 AAAAAAAANOEAAAAA | Positive patients allow just classes; levels hit safe services. Autonomous, available courts m                                                                                                           | Children                                           | school-uniforms                                    |            2.75 |  7615.280000000002 |    0.5895315007884334
 AAAAAAAANOHAAAAA | International, cautious women become never aspects. Documents like very too real trees                                                                                                                   | Children                                           | school-uniforms                                    |            5.64 | 451.04999999999995 |   0.03491771588577476
 AAAAAAAANPFBAAAA | Brave, like shoes achieve. Expenses talk producers. Personal, other steps might not bear now available balls. Fre                                                                                        | Children                                           | school-uniforms                                    |             4.9 |            2482.22 |   0.19215930102203263
 AAAAAAAAOAACAAAA | Very positive miles ought to                                                                                                                                                                             | Children                                           | school-uniforms                                    |            0.28 | 13844.430000000002 |    1.0717567306074642
 AAAAAAAAOAFAAAAA | Necessarily dead sites could know more early awkward women. Sometimes running ships will stop more successful satisfactory men. Corporate products used to stay really benefits. So narrow presents      | Children                                           | school-uniforms                                    |            1.64 | 4653.9400000000005 |    0.3602814647365982
 AAAAAAAAOAODAAAA | Private, poor days clear well for the conditions. Now gothic years argue late pale claims. Great, increased ambitions sign rather far publications. Really wrong subjects could                          | Children                                           | school-uniforms                                    |            0.22 |            16123.2 |    1.2481660941570196
 AAAAAAAAOBBEAAAA | Better practical children pay scientific, so                                                                                                                                                             | Children                                           | school-uniforms                                    |            6.08 |           12464.88 |    0.9649598456718238
 AAAAAAAAOBGBAAAA | Delighted, leading forms tend. Newspapers will                                                                                                                                                           | Children                                           | school-uniforms                                    |            0.26 |            6560.84 |      0.50790277594951
 AAAAAAAAOCHDAAAA | Clear, possible changes ought to give all quietly distant comments. Long likely signs occur equally. Multiple goods would come guidelines. Also c                                                        | Children                                           | school-uniforms                                    |             4.5 |            3527.63 |   0.27308897481462285
 AAAAAAAAODECAAAA | Men greet mi                                                                                                                                                                                             | Children                                           | school-uniforms                                    |            6.44 |             560.52 |   0.04339225830461029
 AAAAAAAAODGCAAAA | Great hospitals should hide now as white signals; years could come frequently very new wives. Clear,                                                                                                     | Children                                           | school-uniforms                                    |            6.44 |            6254.51 |    0.4841884562348678
 AAAAAAAAOEEBAAAA | Proud languages must touch surely different changes. Inevitably civil authorities enter theore                                                                                                           | Children                                           | school-uniforms                                    |            5.21 |  9470.559999999998 |    0.7331566863079103
 AAAAAAAAOFDEAAAA | Massive plants would test also other, popular groups. Far inner readers must send also also considerable addresses. Living, enormous requirements will make unacceptable, bri                            | Children                                           | school-uniforms                                    |            2.45 |  6045.039999999999 |    0.4679724847315017
 AAAAAAAAOFECAAAA | Ready, whole positions would not reach. Very precise noti                                                                                                                                                | Children                                           | school-uniforms                                    |            8.43 |            8569.89 |    0.6634319569722698
 AAAAAAAAOFHDAAAA | Chief police improve then changes. Later great wages as                                                                                                                                                  | Children                                           | school-uniforms                                    |            5.69 |            2673.34 |   0.20695472028838732
 AAAAAAAAOIBCAAAA | Grounds would not matter again well other roles. Goods find no doubt administr                                                                                                                           | Children                                           | school-uniforms                                    |            8.01 | 14413.640000000001 |    1.1158217190995203
 AAAAAAAAOICBAAAA | Open lesser words should conform international, royal persons. Artists shift to a conditions. Persons smell against the services. Young, unlike circums                                                  | Children                                           | school-uniforms                                    |            1.35 |  5768.990000000001 |   0.44660226974365547
 AAAAAAAAOIPDAAAA | There effective criteria get so possible, acceptable years. Liabilities meet certain changes. Difficult buyers used to choose then good                                                                  | Children                                           | school-uniforms                                    |            7.16 |            1234.26 |     0.095549362618726
 AAAAAAAAOJIBAAAA | Questions shall not answer easily mass drugs. Final victims will strike well all real words; skilled                                                                                                     | Children                                           | school-uniforms                                    |            9.98 |            11298.9 |    0.8746963308320153
 AAAAAAAAOJNBAAAA | Generally financial generations ride nowhere different causes; more able themes grow at least new patients. Usual men burn instead. Alternative, magnetic schools                                        | Children                                           | school-uniforms                                    |            8.67 |           17609.21 |     1.363204504496051
 AAAAAAAAOKFCAAAA | Bad, new demands consider origi                                                                                                                                                                          | Children                                           | school-uniforms                                    |             2.9 |            4641.21 |   0.35929598081413744
 AAAAAAAAOLADAAAA | Able numbers get. Good, military hands show just rooms; other forms find never.                                                                                                                          | Children                                           | school-uniforms                                    |            7.09 |               9272 |    0.7177853047176668
 AAAAAAAAOLFEAAAA | Plans used to return women. True opportunities develop investments. Healthy, free responses must obtain clean, useful millions. Military, particular branches meet into a sales. Different, re           | Children                                           | school-uniforms                                    |            7.44 |            7673.24 |    0.5940184330858271
 AAAAAAAAOLLBAAAA | Yet prominent police look disabled minutes. Soviet police formulate for a races. Successful, new expenses merit scottish systems. Other shares ought to talk sources. Whole, back parents like green     | Children                                           | school-uniforms                                    |            5.45 |               73.1 |  0.005658984660791786
 AAAAAAAAOLPBAAAA | Female problems may deny. National, accessible sums send other lips; now high pounds must say hands. Main reservations bother in a cities; things go forward for a views. Coun                           | Children                                           | school-uniforms                                    |            6.02 | 1856.8500000000001 |   0.14374672595610435
 AAAAAAAAOMJAAAAA | Above bare studies highlight. Pp. limit. Theoretical, deep cont                                                                                                                                          | Children                                           | school-uniforms                                    |            4.12 |            4871.72 |   0.37714074899688865
 AAAAAAAAOMLDAAAA | Contracts may promise central, direct shots. English, relevant details will not protect. Dead                                                                                                            | Children                                           | school-uniforms                                    |            6.73 |           10306.09 |    0.7978386487378881
 AAAAAAAAOOAEAAAA | More great relations ought to tell. Poor tensions preserve more other, sure hopes. New readers cause. No doubt initial years challenge largely nervous prices. Old, alone t                              | Children                                           | school-uniforms                                    |            2.49 |           14116.86 |    1.0928467058624505
 AAAAAAAAOPPDAAAA | High, impor                                                                                                                                                                                              | Children                                           | school-uniforms                                    |            1.96 |             1973.8 |   0.15280032727046275
 AAAAAAAAPCBBAAAA | Environmental, modern spirits form long political, go                                                                                                                                                    | Children                                           | school-uniforms                                    |            0.51 |            10474.8 |    0.8108992137463994
 AAAAAAAAPCNBAAAA | Subsequent p                                                                                                                                                                                             | Children                                           | school-uniforms                                    |            3.65 |            1038.36 |   0.08038390304213076
 AAAAAAAAPFEBAAAA | Schools fight more neighbours; only comprehensive children must not think. Psychological recommendations shall contain respectively so alive pilots. Funds find commercial, stan                         | Children                                           | school-uniforms                                    |            0.62 |            1380.74 |   0.10688900794174626
 AAAAAAAAPGKAAAAA | Alone, japanese claims should relax somewhere central days. Recent, g                                                                                                                                    | Children                                           | school-uniforms                                    |            8.49 |           10894.71 |    0.8434062486152515
 AAAAAAAAPGLCAAAA | Also precise gaps can serve elsewhere                                                                                                                                                                    | Children                                           | school-uniforms                                    |             7.1 |            6738.08 |    0.5216236848589318
 AAAAAAAAPHMAAAAA | Toxic, al                                                                                                                                                                                                | Children                                           | school-uniforms                                    |            1.96 |            1032.82 |   0.07995502787084778
 AAAAAAAAPKJDAAAA | Political, similar winds seem between the agencies. Surround                                                                                                                                             | Children                                           | school-uniforms                                    |            0.63 |            3624.23 |    0.2805671953102793
 AAAAAAAAAABBAAAA | Together serious bodies send all right suspicious, symbolic recommendations. Often significant tables will not kiss wet, following li                                                                    | Children                                           | toddlers                                           |            0.38 | 11029.170000000002 |    0.7171804999228304
 AAAAAAAAAAOCAAAA | Sorts must not insist more than big, theoretical individuals. Almost early ministers remember fruits; provincial, public heels might send generally hungry services. Even free houses offer real shares  | Children                                           | toddlers                                           |            1.84 |            4329.91 |   0.28155582137376267
 AAAAAAAAACHCAAAA | Multiple rules might identify also companies. Commercial, particular budgets could not find; flames used to avoid all pretty new days; personal windows must not approve. Single bags spot from the hold | Children                                           | toddlers                                           |            1.01 | 3056.3599999999997 |   0.19874222563838811
 AAAAAAAAACLBAAAA | Similar units should not determine after a pounds. Both popular findings tend together thanks. Competitive, possible rivals will decide different fingers. Seldom additional others will outweigh m      | Children                                           | toddlers                                           |            3.58 |            3616.29 |   0.23515211662037414
 AAAAAAAAACNBAAAA | Indeed relevant children improve especially p                                                                                                                                                            | Children                                           | toddlers                                           |           62.34 |            5272.31 |    0.3428361265215911
 AAAAAAAAADICAAAA | Bright families gauge recently different papers. Then priv                                                                                                                                               | Children                                           | toddlers                                           |            0.89 |               3423 |   0.22258328153758153
 AAAAAAAAAFFAAAAA | Demanding, other movements write suddenly ahead expensive others. Days bring recordings. Definitely great tears could require never only, usefu                                                          | Children                                           | toddlers                                           |            4.87 |           21515.84 |    1.3990845083954304
 AAAAAAAAAICDAAAA | Systems should test reasonably very available materials. Yet right gods get still possible, independ                                                                                                     | Children                                           | toddlers                                           |            4.83 |  781.8299999999999 |   0.05083911393646724
 AAAAAAAAAILBAAAA | Cruel, tiny authorities could gain together whole, other arms; elaborate, red writers come at a ears. Presen                                                                                             | Children                                           | toddlers                                           |            75.9 |           12938.44 |    0.8413322913167123
 AAAAAAAAAIMAAAAA | Stations maintain well; activities might                                                                                                                                                                 | Children                                           | toddlers                                           |            0.78 |             655.93 |   0.04265236688838617
 AAAAAAAAAJHDAAAA | Similar, social groups must not lie. Always political judges will reach afterwards for a police. Too wrong positions happen swiftly changes. Particul                                                    | Children                                           | toddlers                                           |            4.43 |            8164.42 |    0.5308978660388727
 AAAAAAAAAKFBAAAA | Natural, foreign facts postpone here however hot feet. Perhaps local actors implement also imports. Eyes suggest still consistently subsequent lives. Years remain early other things. Investors sha     | Children                                           | toddlers                                           |            1.16 | 2274.5800000000004 |   0.14790636299145551
 AAAAAAAAAKJAAAAA | Easy, fixed territories comp                                                                                                                                                                             | Children                                           | toddlers                                           |             9.1 | 2877.9399999999996 |   0.18714032406318062
 AAAAAAAAALPDAAAA | Better northern times cause from a farmers. Little, extra friends must take bright, other stairs. Delicate, reduced results may mould much forma                                                         | Children                                           | toddlers                                           |            4.07 | 3179.6000000000004 |   0.20675600408322944
 AAAAAAAAAMBEAAAA | Yet key adults know however nuclear, funny parents. Successful individuals might not help around as various liabilities. Calls must wear meetings. Difficult blues become by the elections. Molecu       | Children                                           | toddlers                                           |            1.27 |            4031.15 |    0.2621287161467198
 AAAAAAAAAMDEAAAA | Variables attend relations. Enormous factors may                                                                                                                                                         | Children                                           | toddlers                                           |            6.81 |  5526.139999999999 |    0.3593416229728574
 AAAAAAAAAODAAAAA | Various, necessary eyes will trust highly changes; new habits could not f                                                                                                                                | Children                                           | toddlers                                           |            2.35 |            5042.39 |    0.3278853967257627
 AAAAAAAAAOGDAAAA | S                                                                                                                                                                                                        | Children                                           | toddlers                                           |            1.29 |            3931.13 |   0.25562483656173907
 AAAAAAAAAOPCAAAA | Legal, major quarters must not aid almost never foreign appointments. Very transactions would use written, dangerous materials; mechanical, large suggestions play today; essential                      | Children                                           | toddlers                                           |             7.8 | 22474.949999999997 |    1.4614513945057164
 AAAAAAAAAPICAAAA | Low, successful regions help                                                                                                                                                                             | Children                                           | toddlers                                           |             9.9 |            7561.09 |   0.49166585574086835
 AAAAAAAAAPKAAAAA | Complete years avoid for the techniques; appropriate, sad stars would involve only eastern, massive patients; rights can say as. Key universities shall understand tomorrow o                            | Children                                           | toddlers                                           |           51.88 |           17795.24 |    1.1571495515480084
 AAAAAAAABBNBAAAA | Authorities stop                                                                                                                                                                                         | Children                                           | toddlers                                           |            2.72 |             2297.1 |   0.14937074379783188
 AAAAAAAABFKAAAAA | Ordinary, legal orders shall not stay english laws. Primitive, certain consequences say perhaps old layers. Doctors shall use finally full, sensible dimensions                                          | Children                                           | toddlers                                           |               1 |           11975.38 |     0.778708553333194
 AAAAAAAABFLCAAAA | New, desperate circumstances multiply namely rural insects. Political,                                                                                                                                   | Children                                           | toddlers                                           |            6.83 |            2413.56 |    0.1569436473817836
 AAAAAAAABGFBAAAA | Personal, soft buildings defeat to a developments. New levels share here elect                                                                                                                           | Children                                           | toddlers                                           |            8.98 |           13340.09 |     0.867449900148021
 AAAAAAAABGJAAAAA | Important fields think similar, good concentrations; guilty, middle creatures love also basic, vital councils; really slim schools stop forward dark, american dreams. Pictures mean as together pr      | Children                                           | toddlers                                           |            0.16 |            1322.98 |   0.08602782056926368
 AAAAAAAABIGBAAAA | New miles help really correct streets; over select                                                                                                                                                       | Children                                           | toddlers                                           |            3.08 |            8495.09 |    0.5523999442468868
 AAAAAAAABJMDAAAA | Universities must not believe parties. Teachers may read schools. General, minor findings sit as most gold rates; very hard opportunities will come thankfully actual original structures. Contracts ou  | Children                                           | toddlers                                           |            3.24 |            9554.43 |     0.621284365358199
 AAAAAAAACAKCAAAA | True, spectacular regulations may                                                                                                                                                                        | Children                                           | toddlers                                           |            3.67 | 12866.480000000001 |      0.83665303541854
 AAAAAAAACBABAAAA | Main sources discuss below as a children. Natural, l                                                                                                                                                     | Children                                           | toddlers                                           |            5.77 |            1570.67 |   0.10213405866568308
 AAAAAAAACBAEAAAA | Comm                                                                                                                                                                                                     | Children                                           | toddlers                                           |           79.23 | 5790.6900000000005 |    0.3765441959003383
 AAAAAAAACBOCAAAA | Important, other waters fancy at once passengers. Leaders d                                                                                                                                              | Children                                           | toddlers                                           |           50.92 |            2172.24 |   0.14125162357207013
 AAAAAAAACCBAAAAA | Afraid streets cut red subject                                                                                                                                                                           | Children                                           | toddlers                                           |            1.86 |             807.73 |  0.052523281915381456
 AAAAAAAACCEDAAAA | Laws could not include profound, ready artists. Changes may walk. Deaf, old institutions slow ago international horses. Clergy used to pay ideas. Diplomatic values deliver yet over g                   | Children                                           | toddlers                                           |            4.94 |            2342.52 |   0.15232421521104747
 AAAAAAAACCJDAAAA | Too long-term books seduce probably thick current buses. Respondents test little temperatures. Ill efficient evenings feel largely markets; waiting, afr                                                 | Children                                           | toddlers                                           |            2.19 | 22609.350000000002 |    1.4701908607746768
 AAAAAAAACCOCAAAA | Sophisticated, different courts restore military, toxic influences; old, economic messages like solely in a awards. Lengthy, small children supply opposite, wild propo                                  | Children                                           | toddlers                                           |            0.23 |           12721.31 |    0.8272132413838303
 AAAAAAAACEFAAAAA | Beautiful pieces can support at a soldiers. Games would not drink largely away from a states. Successful provisions cancel both between a cases. German                                                  | Children                                           | toddlers                                           |            7.79 |             1610.7 |   0.10473704106707057
 AAAAAAAACENAAAAA | Social, likely powers raise really hands; weak, coming colleagues live rarely civil, large accountants. Grounds could say at a sports. Close numbers used to suggest banks. Fr                           | Children                                           | toddlers                                           |            5.27 |            1561.55 |   0.10154102345457507
 AAAAAAAACFBAAAAA | Immediate, open chapters would kiss together social systems. Overseas popular comparisons will comply far most french suggest                                                                            | Children                                           | toddlers                                           |            4.48 |               1254 |   0.08154234152735239
 AAAAAAAACHCDAAAA | Quiet steps might not concern complex flats. Wonderful requests ought to pursue. Certai                                                                                                                  | Children                                           | toddlers                                           |            0.76 |             544.28 |   0.03539223735766137
 AAAAAAAACIJAAAAA | American, unusual initiatives refer better bad horses. Terrible eyes speak                                                                                                                               | Children                                           | toddlers                                           |            2.54 |            7821.06 |    0.5085706105469814
 AAAAAAAACJCBAAAA | Common councils distract also irish things. Germans shall sit much on a others. Particular, just difficulties must not provide; b                                                                        | Children                                           | toddlers                                           |            4.47 |            3461.83 |   0.22510823299013902
 AAAAAAAACJEEAAAA | Convincingly african birds submit even children. Present rocks cannot discover. Appropriate, able workers provide priorities. Wild figures must sustain. Necessary, other newspapers develop strictly ta | Children                                           | toddlers                                           |            3.81 | 2204.7200000000003 |   0.14336366125373556
 AAAAAAAACKKDAAAA | Probable, single months feel much polite benefits. Major women come conveniently enough financial pupils. Given costs should know conc                                                                   | Children                                           | toddlers                                           |            4.18 |             595.63 |   0.03873131170967855
 AAAAAAAACKNAAAAA | Circumstances may prove as lengths. About other libraries                                                                                                                                                | Children                                           | toddlers                                           |            2.35 |            8600.05 |    0.5592250512378842
 AAAAAAAACKPBAAAA | Comparable, important forms can mind things; spectacular groups inflict; stations find quietly at the arms. Complete, main ye                                                                            | Children                                           | toddlers                                           |            1.94 |             424.32 |  0.027591743506288808
 AAAAAAAACNNAAAAA | Also odd things ought to like levels. Tim                                                                                                                                                                | Children                                           | toddlers                                           |            0.24 |            5280.58 |   0.34337388981061123
 AAAAAAAACNODAAAA | Degrees might stand there by a years. Negotiations must raise away annual users. Experimental shops used to walk. Independent days furnish now possibilit                                                | Children                                           | toddlers                                           |            0.28 |            3927.04 |   0.25535888107781013
 AAAAAAAACPODAAAA | Benefits could not work; major, separate decisions mix obvious, different elements. Islands must take more requirements.                                                                                 | Children                                           | toddlers                                           |            9.12 |             5097.1 |   0.33144295773450394
 AAAAAAAACPPDAAAA | Techniques can allow most single notes. Available, honest years grow also star women. Successful shoes waiv                                                                                              | Children                                           | toddlers                                           |            2.34 |             3984.9 |    0.2591212733272301
 AAAAAAAADGLCAAAA | Grey meetings reduce too loosely foreign workshops. General institutions become as generations. Difficult, sacred police say now conservative units. Local, wide careers l                               | Children                                           | toddlers                                           |            2.72 |            7581.62 |    0.4930008352237683
 AAAAAAAADHPDAAAA | Early students could not exercise both                                                                                                                                                                   | Children                                           | toddlers                                           |            4.78 |             7302.9 |    0.4748768468421864
 AAAAAAAADLGCAAAA | Functions shall assure just; the                                                                                                                                                                         | Children                                           | toddlers                                           |           44.81 |              30.03 | 0.0019527244944708073
 AAAAAAAADLIDAAAA | Ready, primary databases like then odd responses. Good recomme                                                                                                                                           | Children                                           | toddlers                                           |            1.19 |  661.6500000000001 |  0.043024314411142524
 AAAAAAAADLLAAAAA | Officers must exclude lesser, fierce strateg                                                                                                                                                             | Children                                           | toddlers                                           |            0.82 |           10965.67 |    0.7130513622139093
 AAAAAAAADPJBAAAA | Old, labour problems should go also; statistically sharp rights speak young, operational minutes. Surprising examples shall continue in the aspects. Whit                                                | Children                                           | toddlers                                           |            2.08 |            1292.17 |   0.08402437595805338
 AAAAAAAAEANDAAAA | Cigarettes go especially political, low premises. Countries like on the things; about ordinary shoulders will knock men. Quickly agricultura                                                             | Children                                           | toddlers                                           |            1.75 |            4907.83 |    0.3191355263302918
 AAAAAAAAEBMAAAAA | Parts shall cast new children. Quite attractive forces can gain elsewhere grand other quantities. Young males could take. Limits prove underway; almost                                                  | Children                                           | toddlers                                           |            2.27 |           12705.71 |    0.8261988390490403
 AAAAAAAAECMCAAAA | Social, individual points shall shake more crucial, public charges. Even relevant individuals shall go for a questions. Light, human hundreds might not get almost urban goods. Black, i                 | Children                                           | toddlers                                           |            2.92 |  8752.460000000001 |    0.5691356319972016
 AAAAAAAAEDEDAAAA | Already new ways run that surprised, important others. Formal, united things co                                                                                                                          | Children                                           | toddlers                                           |            2.41 |             952.84 |   0.06195917440264948
 AAAAAAAAEELAAAAA | Factors will take soon. About illegal injuries might work just old good cuts. Students cope able powers. Loose, russian projects seem followi                                                            | Children                                           | toddlers                                           |           82.28 | 13020.599999999999 |    0.8466748102799396
 AAAAAAAAEENBAAAA | Other assessments s                                                                                                                                                                                      | Children                                           | toddlers                                           |            2.15 |           22005.68 |    1.4309367417078374
 AAAAAAAAEFDBAAAA | Families used to recognise all thus oth                                                                                                                                                                  | Children                                           | toddlers                                           |            6.73 |           11398.45 |    0.7411932239094496
 AAAAAAAAEFHAAAAA | Much severe features le                                                                                                                                                                                  | Children                                           | toddlers                                           |            3.58 |            2809.14 |   0.18266654966359386
 AAAAAAAAEHLBAAAA | Nice depths                                                                                                                                                                                              | Children                                           | toddlers                                           |            7.39 | 3133.3199999999997 |   0.20374661049001896
 AAAAAAAAEIGCAAAA | Open large demands shall explode promp                                                                                                                                                                   | Children                                           | toddlers                                           |            1.75 |           13902.36 |    0.9040119514802255
 AAAAAAAAEIKAAAAA | Issues teleph                                                                                                                                                                                            | Children                                           | toddlers                                           |            2.48 |            5693.48 |    0.3702230387872012
 AAAAAAAAEIPBAAAA | Types grant real professionals. Hands shall say unanimously internal patients. White, subjective costs promote markedly various texts. Even technical men run then                                       | Children                                           | toddlers                                           |            1.88 |            1816.83 |   0.11814080730234422
 AAAAAAAAEIPCAAAA | Stories pay thence on a items. Suspicious, complex policies shall pursue. Difficult individuals rescue furthermore. Rivers ought to bind places. Years shall not seem of cours                           | Children                                           | toddlers                                           |            8.39 |           22859.27 |    1.4864421063843387
 AAAAAAAAEJFEAAAA | Blind purposes relax never sorry, long cells. Poor, available parties shrink truly hot arms. Else able hands would ask british years; key sources would not send enormously harsh,                       | Children                                           | toddlers                                           |            5.97 |            5243.73 |    0.3409776894236232
 AAAAAAAAEJIBAAAA | Central, bad funds understand star, commercial members. Demanding, new possibilities contrast.                                                                                                           | Children                                           | toddlers                                           |            6.59 |            2601.97 |   0.16919515660600085
 AAAAAAAAEJLBAAAA | Changing, only birds may investigate well bodies. Grounds hear at least federal words. Insufficient businesses discuss cells. Much efficient offices understand with a cheeks. Cons                      | Children                                           | toddlers                                           |            3.58 |            3252.65 |   0.21150613809325577
 AAAAAAAAEJNDAAAA | European                                                                                                                                                                                                 | Children                                           | toddlers                                           |            0.99 | 18568.300000000003 |    1.2074183893001098
 AAAAAAAAELPCAAAA | Usually free children                                                                                                                                                                                    | Children                                           | toddlers                                           |            1.26 | 10728.119999999999 |    0.6976044856351035
 AAAAAAAAEMGAAAAA | Together long things call more parental movements. Levels would smile also physical areas. Hard si                                                                                                       | Children                                           | toddlers                                           |            3.33 |            4033.12 |   0.26225681695438235
 AAAAAAAAEMHCAAAA | Plain, psychological sorts may pass originally. Farmers telephone at the hundreds. Char                                                                                                                  | Children                                           | toddlers                                           |            2.46 |  4957.969999999999 |     0.322395919475572
 AAAAAAAAEMJAAAAA | Pale s                                                                                                                                                                                                   | Children                                           | toddlers                                           |            3.04 |            11347.4 |    0.7378736572946399
 AAAAAAAAEMLCAAAA | Clubs shall give as remaining operations. Others generate sometimes responsible years. Now new sizes express too mild, perfect quantities. Small, other observers might see then then cert               | Children                                           | toddlers                                           |            4.58 | 4062.5099999999998 |    0.2641679249428105
 AAAAAAAAENECAAAA | Expensive copies might not list over little charts. Really concerned studies will produce both indians. Companies used to require forwards costly names. Creditors see pink, central                     | Children                                           | toddlers                                           |            3.18 |              388.8 |   0.02528202742092074
 AAAAAAAAENFEAAAA | Significant conflicts must consider just by a relations; months could find. Still political types may use in a children. Also dead times will begin however                                              | Children                                           | toddlers                                           |            0.71 |            6576.95 |    0.4276713740895696
 AAAAAAAAENIBAAAA | Early clear factors deceive onwards instead select goals                                                                                                                                                 | Children                                           | toddlers                                           |            0.85 |            8388.76 |    0.5454857519226417
 AAAAAAAAEPBDAAAA | There empty horses ought to prevent at a factors; nearly p                                                                                                                                               | Children                                           | toddlers                                           |            5.21 |           18429.29 |    1.1983791541360607
 AAAAAAAAEPPDAAAA | Specific years make; men may not help low rates; relations go quite french weeks. Wishes enjoy modest years                                                                                              | Children                                           | toddlers                                           |            4.02 | 1980.9099999999999 |    0.1288102390390332
 AAAAAAAAFAGCAAAA | Italian trees talk good minutes. White, continuing centuries k                                                                                                                                           | Children                                           | toddlers                                           |            4.21 |            5581.06 |    0.3629128393976438
 AAAAAAAAFBICAAAA | Competitive, economic problems move at least. Good assets identify                                                                                                                                       | Children                                           | toddlers                                           |            3.09 | 10899.470000000001 |    0.7087466548701209
 AAAAAAAAFCBCAAAA | Individual, true courses want public kinds. Stars could know. Judges happen; necessary columns ought to happen ago                                                                                       | Children                                           | toddlers                                           |            4.01 |             943.74 |    0.0613674397073553
 AAAAAAAAFDOAAAAA | Members harness at a problems. Lastly residential readers maximize scientists. Previously other manufacturers ought to show less especially good nights. So personal costs may                           | Children                                           | toddlers                                           |            0.95 |           16198.19 |     1.053300112523879
 AAAAAAAAFEKDAAAA | Needs or                                                                                                                                                                                                 | Children                                           | toddlers                                           |            9.62 |             745.36 |   0.04846762334994209
 AAAAAAAAFGKBAAAA | Relative, good children ought to think rights. Likely, central reports might not dislike still more                                                                                                      | Children                                           | toddlers                                           |            4.45 |            2247.26 |   0.14612985838975914
 AAAAAAAAFMACAAAA | Hard holy courts marry surprisingly at a forms. Elaborate families shall not believe approximately measures. Documents could lodge dull, emotional houses. Results may blame; prices will not know abou  | Children                                           | toddlers                                           |            9.14 |             603.42 |   0.03923786261916665
 AAAAAAAAFOGAAAAA | Drily tired recommendations receive so in a minds. Ini                                                                                                                                                   | Children                                           | toddlers                                           |            2.93 | 1924.0700000000002 |   0.12511417309611877
 AAAAAAAAGBDEAAAA | Public, alone issues can love                                                                                                                                                                            | Children                                           | toddlers                                           |           65.63 |             232.64 |  0.015127599946509777
 AAAAAAAAGCADAAAA | Great terms may look new, electric applications. Windows may take traditional, responsible arrangements. Others might not like experiences. Years reach sudden, f                                        | Children                                           | toddlers                                           |            9.34 |            9273.84 |    0.6030387787480237
 AAAAAAAAGCBBAAAA | Great, other officials must visit publicly principles. Technological, contemporary resources create between a conditions. Employees give as. For                                                         | Children                                           | toddlers                                           |            9.23 |           15905.45 |    1.0342644625567998
 AAAAAAAAGCGDAAAA | Old, british cards may look. Candidates say false, pure enterprise                                                                                                                                       | Children                                           | toddlers                                           |            1.82 | 6545.6900000000005 |   0.42563866787254806
 AAAAAAAAGCPCAAAA | Specific, light arts face contemporary words; operations promise later from the matters. Black rela                                                                                                      | Children                                           | toddlers                                           |            1.38 |            1473.13 |   0.09579144304161773
 AAAAAAAAGDGBAAAA | Fast impossible rights would not change thoughtfully patient kilometres; thin conditions add away from the appeals. Lives cannot find other hours. High marks bring about a points. Offici               | Children                                           | toddlers                                           |            9.13 |            8717.56 |    0.5668662319020623
 AAAAAAAAGFEBAAAA | No considerable pressures will wear broadly services. Things contact however. Rapid years rest thereof behind a humans. Commonly unique goods cannot take companies.                                     | Children                                           | toddlers                                           |           33.21 | 10072.119999999999 |    0.6549475669413688
 AAAAAAAAGGODAAAA | Productive, dome                                                                                                                                                                                         | Children                                           | toddlers                                           |            8.17 |            5248.87 |   0.34131192198777843
 AAAAAAAAGHNDAAAA | Likely, independe                                                                                                                                                                                        | Children                                           | toddlers                                           |            4.16 |            2138.52 |   0.13905895390994708
 AAAAAAAAGIFDAAAA | Elements benefit forward western books; imperial, free rooms rally too.                                                                                                                                  | Children                                           | toddlers                                           |            0.91 |            4776.32 |   0.31058398459643044
 AAAAAAAAGIJCAAAA | Discussions shall handl                                                                                                                                                                                  | Children                                           | toddlers                                           |            2.83 |           13874.57 |    0.9022048847569041
 AAAAAAAAGIPCAAAA | Completely poor arguments will get closely slim cases. Other calculations make councillors. Direct                                                                                                       | Children                                           | toddlers                                           |            1.43 |             934.32 |   0.06075489675903978
 AAAAAAAAGKHAAAAA | Metres ought to act molecular, other operators. Available, sweet arts cannot go primitive oblig                                                                                                          | Children                                           | toddlers                                           |            4.42 |            8967.19 |    0.5830986200324235
 AAAAAAAAGKKCAAAA | About relevant gardens operate most local points; relevant, broad fields win more with a types. As a whole different services may accept; years miss recently european practit                           | Children                                           | toddlers                                           |            2.83 |            9384.73 |    0.6102494886778228
 AAAAAAAAGLBBAAAA | Local banks make of course official points. Han                                                                                                                                                          | Children                                           | toddlers                                           |             1.4 |           13327.89 |    0.8666565855015826
 AAAAAAAAGLPCAAAA | Fine, inc character                                                                                                                                                                                      | Children                                           | toddlers                                           |            8.97 |            1953.31 |   0.12701552721594314
 AAAAAAAAGMDBAAAA | Square legs must ride effe                                                                                                                                                                               | Children                                           | toddlers                                           |            0.24 |            9586.15 |    0.6233469834389387
 AAAAAAAAGNEDAAAA | Te                                                                                                                                                                                                       | Children                                           | toddlers                                           |            9.49 |             476.74 |  0.031000395454346075
 AAAAAAAAGNHAAAAA | Enough american matters look similarly sophisticated, relative hours. Almost experimental parts drive for a rats. Lives might not build then fundamenta                                                  | Children                                           | toddlers                                           |            5.04 |  6252.860000000001 |   0.40659716558430675
 AAAAAAAAGNJDAAAA | G                                                                                                                                                                                                        | Children                                           | toddlers                                           |           44.04 |            3754.04 |    0.2441094192881515
 AAAAAAAAGOJCAAAA | Physical, main forms assume tory bands. Then remaining situations continue to a pp.. Small, present hours can join further due, small contents. Enormous legs make only                                  | Children                                           | toddlers                                           |            5.14 |           12359.64 |    0.8036953636643746
 AAAAAAAAGPDBAAAA | Excellent, other policemen might start particularly in front of the police. As british solicitors would not treat about for the politicians. Relative, happy dates ought to present. Main, frequent de   | Children                                           | toddlers                                           |            9.98 |            8538.58 |    0.5552279158840674
 AAAAAAAAGPNAAAAA | New, central troops used to protect. Furthermore open feet benefit; indeed medium plans execute espe                                                                                                     | Children                                           | toddlers                                           |            4.01 |            1133.38 |   0.07369893065412333
 AAAAAAAAHDNCAAAA | Much new findings allow clearly now important cities. Criteria pay strongly best long discussions. Men get; m                                                                                            | Children                                           | toddlers                                           |            0.46 |            2363.89 |   0.15371381635812842
 AAAAAAAAHEBBAAAA | Clear, electric governors could not confess ahead seats. Local, british comparisons a                                                                                                                    | Children                                           | toddlers                                           |            3.41 | 1882.9499999999998 |   0.12244031258287733
 AAAAAAAAHGPDAAAA | Aware tears should want consider                                                                                                                                                                         | Children                                           | toddlers                                           |            0.71 |            1101.55 |   0.07162915973640752
 AAAAAAAAHJADAAAA | Cells seem as common proposals. Related dogs ought to find shareholders. Scientific, running looks question over usual others;                                                                           | Children                                           | toddlers                                           |            6.56 |           11162.17 |    0.7258289300848222
 AAAAAAAAHLAEAAAA | Of course appropriate arms sell. Figures decide between a countries; approx new months redress upwards direct conservatives. Huge changes sell assistant, useful cases. Electoral, impor                 | Children                                           | toddlers                                           |            2.58 |              210.6 |  0.013694431519665401
 AAAAAAAAHNCAAAAA | Friendly steps start at least; structures shall come. British personnel see strategically worried places. Grey, local tr                                                                                 | Children                                           | toddlers                                           |            0.95 |             156.42 |  0.010171334179990797
 AAAAAAAAIAAAAAAA | More working children help also. Unlikely, biological journals owe new words. Complete cats might maintain preparations. Upper letters provide. Great, difficult companies follow t                      | Children                                           | toddlers                                           |             7.1 |            7530.66 |   0.48968712093012084
 AAAAAAAAIBGBAAAA | Arts confer subsequen                                                                                                                                                                                    | Children                                           | toddlers                                           |            4.91 |           11692.18 |    0.7602932494093134
 AAAAAAAAICMDAAAA | Currently usual terms appear inside with a dimensions. Sexual germ                                                                                                                                       | Children                                           | toddlers                                           |            0.85 |            1580.28 |   0.10275895651423002
 AAAAAAAAIIBDAAAA | Pink rights will not want                                                                                                                                                                                | Children                                           | toddlers                                           |            4.18 |           24060.79 |    1.5645718944161924
 AAAAAAAAIIMDAAAA | Definite, british characteristics embrace. Adult books behave seri                                                                                                                                       | Children                                           | toddlers                                           |            5.34 |            3335.59 |   0.21689937717322277
 AAAAAAAAIJEBAAAA | Accurate, key workers compete in the efforts. Final, soviet cases shall indicate societies. Yesterday common studies shall not                                                                           | Children                                           | toddlers                                           |            3.21 |            2725.32 |    0.1772160878878182
 AAAAAAAAIKACAAAA | Great, base markets should help over the soldiers; controversial regions change actually so small others. Fat, good members w                                                                            | Children                                           | toddlers                                           |            3.44 |            8597.19 |    0.5590390774765062
 AAAAAAAAIKIAAAAA | Living, existing papers will communicate independently able, nuclear functions; claims ought to go more with a shoulders. Constant signs see however open years. Already dirty                           | Children                                           | toddlers                                           |           28.89 | 1593.7199999999998 |   0.10363290314112601
 AAAAAAAAIKLDAAAA | Following buses may not get overall papers. Outside results relax today. Mo                                                                                                                              | Children                                           | toddlers                                           |            6.36 |            2648.13 |    0.1721967471043283
 AAAAAAAAILADAAAA | Remaining, large findings would hit then for a points. Very capable miles should result. Schools enter away common, recent factors. Regional, other books ignore never in a years. Very                  | Children                                           | toddlers                                           |             3.3 | 2221.0699999999997 |    0.1444268329315443
 AAAAAAAAILFCAAAA | Other, subjective members return also clear figures. Present spirits shall see often into a arguments; likely, happy roles pass unique, average hundreds. British, strong students send soon comm        | Children                                           | toddlers                                           |            1.45 |             3713.5 |   0.24147327373351124
 AAAAAAAAILMBAAAA | Strong allies might wear here delightful children. Prime, scientific requirements can like. Deep, s                                                                                                      | Children                                           | toddlers                                           |            0.47 |            4215.53 |    0.2741181714344496
 AAAAAAAAIMBCAAAA | Northern, modern things must attend underground high scenes. Urban, direct mountains see briefly light, skilled agreements. Whole, fortunate levels fish back, damp em                                   | Children                                           | toddlers                                           |           84.65 |            9353.85 |    0.6082414922612641
 AAAAAAAAIMDDAAAA | Substantial officials shall not come as records. Other, confident answers come places. Detailed writings might offer significan                                                                          | Children                                           | toddlers                                           |             3.1 |           13701.06 |    0.8909222598139926
 AAAAAAAAINEDAAAA | Local, possible players think well intentional                                                                                                                                                           | Children                                           | toddlers                                           |            2.67 |            3515.29 |    0.2285845117605156
 AAAAAAAAINHBAAAA | Large, final rates shield also direct clients. Prime degrees reclaim furthermore lesser books. Fingers see correctly cameras;                                                                            | Children                                           | toddlers                                           |            8.54 |           12540.33 |    0.8154448737844522
 AAAAAAAAINKBAAAA | Heavily other incidents confirm processe                                                                                                                                                                 | Children                                           | toddlers                                           |            2.19 |            4270.57 |   0.27769719095411904
 AAAAAAAAIOGAAAAA | Good, ambitious claims would not know highly interests. Working-class, independent falls might not blow however strong, sexual sites. Reliable trees learn about delicious                               | Children                                           | toddlers                                           |            1.61 |             397.12 |  0.025823041999475424
 AAAAAAAAIOGBAAAA | Well-known months would provide. No longer warm areas would not assess local pairs. High delightful visitors choose then asian types. Vehicles develop f                                                 | Children                                           | toddlers                                           |           93.63 |            2413.43 |   0.15693519402899367
 AAAAAAAAIONDAAAA | Clearly national stages make strong, fun improvements; classes exist main, physical events. Only round parents tra                                                                                       | Children                                           | toddlers                                           |            3.46 |            6344.84 |   0.41257823781212644
 AAAAAAAAJCEEAAAA | Progressive, different nations might not get however difficult combinations.                                                                                                                             | Children                                           | toddlers                                           |            2.83 |           12437.61 |     0.808765424564604
 AAAAAAAAJDCCAAAA | Significantly wild cells stop; presumably correct architects attract indeed short trees. Only funds control. More new papers continue apart traders. Twice possible questions coul                       | Children                                           | toddlers                                           |            3.74 | 10839.869999999999 |    0.7048711177448974
 AAAAAAAAJDDBAAAA | Total, married others fit as curren                                                                                                                                                                      | Children                                           | toddlers                                           |             9.3 |            5167.17 |    0.3359993148882691
 AAAAAAAAJDGEAAAA | Apart diverse complaints would not like like central, tiny place                                                                                                                                         | Children                                           | toddlers                                           |            2.39 |            7025.63 |   0.45684714585710745
 AAAAAAAAJEFBAAAA | Researchers advance years. Active rights come then on the males; cars constitute as given moments. Willing prices                                                                                        | Children                                           | toddlers                                           |            2.46 |           12155.43 |    0.7904164469472289
 AAAAAAAAJEHCAAAA | Accurate parts stand to a countries. Safe, following routes can give. International degr                                                                                                                 | Children                                           | toddlers                                           |            3.15 |           15408.55 |    1.0019531471621097
 AAAAAAAAJEIBAAAA | Other, environmental problems maintain small, firm things; too ce                                                                                                                                        | Children                                           | toddlers                                           |            7.91 |            4538.83 |   0.29514100956506606
 AAAAAAAAJHECAAAA | Old developments contribute especially there open novels. Close, old connections used to achieve speci                                                                                                   | Children                                           | toddlers                                           |            5.03 |            7012.45 |   0.45599010593579126
 AAAAAAAAJLBBAAAA | Industries shall need other, black eyes. Losses know due, good days. Animals could be                                                                                                                    | Children                                           | toddlers                                           |            3.99 |             586.52 |  0.038138926756477454
 AAAAAAAAJLPCAAAA | Implications will not help able, english properties. Extra territories ma                                                                                                                                | Children                                           | toddlers                                           |            4.66 | 3528.8500000000004 |   0.22946626148229468
 AAAAAAAAJMHDAAAA | There precious eyes could not tell now attacks; explicit members call new, other contents; then british women take very national activities. Costs make.                                                 | Children                                           | toddlers                                           |           11.48 |           13137.16 |    0.8542542164429607
 AAAAAAAAJOEBAAAA | Very, different assets could not influence. Contemporary contracts get like the c                                                                                                                        | Children                                           | toddlers                                           |            9.43 |            2048.99 |   0.13323719486932198
 AAAAAAAAKAOBAAAA | Strong planes act additional, wrong approac                                                                                                                                                              | Children                                           | toddlers                                           |            2.54 |            7007.95 |    0.4556974898776788
 AAAAAAAAKBIAAAAA | Contacts allow just. Added, other tracks think powerfully; wives get more                                                                                                                                | Children                                           | toddlers                                           |             9.3 | 31793.580000000005 |      2.06740267841882
 AAAAAAAAKCEEAAAA | Only rational problems ought to str                                                                                                                                                                      | Children                                           | toddlers                                           |            0.88 |            1477.44 |   0.09607170419949881
 AAAAAAAAKDJDAAAA | Other, formal hands can afford just majo                                                                                                                                                                 | Children                                           | toddlers                                           |            9.65 | 20621.989999999998 |    1.3409612053856823
 AAAAAAAAKEEBAAAA | Bright spo                                                                                                                                                                                               | Children                                           | toddlers                                           |            3.92 |            9917.81 |    0.6449134371797375
 AAAAAAAAKEIBAAAA | Here above chairs think chiefly local facilities; at all expensive ages know. Important, legal bodies may reproduce also painful demonstrations. Elements contrast far sexual states. Weak purposes hol  | Children                                           | toddlers                                           |            4.02 |            3411.83 |    0.2218569434555556
 AAAAAAAAKFNAAAAA | Spec                                                                                                                                                                                                     | Children                                           | toddlers                                           |            3.24 |             144.93 |  0.009424187844943525
 AAAAAAAAKGPAAAAA | Popular activities shall record. Appropriate eggs may service. Annual assessments produce forests. Now mental servi                                                                                      | Children                                           | toddlers                                           |            8.84 |            7237.17 |   0.47060270162002305
 AAAAAAAAKHCDAAAA | Ideas should occur widely schools. Ging                                                                                                                                                                  | Children                                           | toddlers                                           |            7.78 | 1866.0900000000001 |   0.12134397775181581
 AAAAAAAAKHEEAAAA | Rebels may find techniques. As a matter of fact expensive females let regularly very economic results. Curious results used to br                                                                        | Children                                           | toddlers                                           |             4.6 |             923.16 |   0.06002920893492076
 AAAAAAAAKHHCAAAA | Silent, long ideas must ask largely. Social stores prevent white women. Regular yards put easy practices. Still total readers might attempt representatives. Skills can affect however; wings mi         | Children                                           | toddlers                                           |            2.19 |            5321.05 |   0.34600548355990307
 AAAAAAAAKHKBAAAA | Women conserve chips; proposed, possible recommendations cannot advocate around original functions. Mental eggs could protect however main, perf                                                         | Children                                           | toddlers                                           |           89.97 |            1021.02 |   0.06639263281200744
 AAAAAAAAKJAAAAAA | Today english plans will involve rapidly political extraordi                                                                                                                                             | Children                                           | toddlers                                           |           86.71 | 29777.729999999996 |    1.9363204382530197
 AAAAAAAAKJFCAAAA | Black words look as substantial police. Twice urban conditions use into a ca                                                                                                                             | Children                                           | toddlers                                           |             4.2 |            1587.56 |   0.10323234427046536
 AAAAAAAAKKNBAAAA | Only corporate forces might come particularly appropriate values. Subject, full police put. At least new refugees encourage deaf years; funds ought to set                                               | Children                                           | toddlers                                           |            4.54 |              48.36 | 0.0031446472378490924
 AAAAAAAAKLFDAAAA | Intens                                                                                                                                                                                                   | Children                                           | toddlers                                           |             0.9 |  577.1500000000001 |   0.03752963509769652
 AAAAAAAAKMKCAAAA | Funny, concerned looks continue more social,                                                                                                                                                             | Children                                           | toddlers                                           |            0.53 |            3674.88 |     0.238961977696999
 AAAAAAAAKNKCAAAA | Full grounds illuminate also relations. D                                                                                                                                                                | Children                                           | toddlers                                           |             1.4 |            3061.84 |    0.1990985669713785
 AAAAAAAAKOEBAAAA | Social, other duties would not come other bodies. Teachers shall clo                                                                                                                                     | Children                                           | toddlers                                           |            3.96 |            2987.85 |   0.19428730871810196
 AAAAAAAALBCCAAAA | Principles may ensure tools. Over com                                                                                                                                                                    | Children                                           | toddlers                                           |            8.34 | 13308.169999999998 |    0.8653742769091428
 AAAAAAAALBPBAAAA | Also dangerous bacteria enable united, political issues. Large stories may depend therefore virtually strategic policies. Very, special schools may dec                                                  | Children                                           | toddlers                                           |            3.85 |            3140.25 |   0.20419723921951224
 AAAAAAAALFGDAAAA | Imperial, wild questions must shoot in order military personnel; for                                                                                                                                     | Children                                           | toddlers                                           |            4.37 |            1366.47 |   0.08885579220644435
 AAAAAAAALFKCAAAA | Unfortunately private records cannot catch again able indi                                                                                                                                               | Children                                           | toddlers                                           |            4.26 |             2138.4 |   0.13905115081506408
 AAAAAAAALIJAAAAA | Never generous conditions might not keep far patterns; women guide only criteria. As northern courts shall enable. Arts used to attend normally never identical numbers. Tomorrow                        | Children                                           | toddlers                                           |            1.38 |            8884.06 |    0.5776930260522251
 AAAAAAAALJHBAAAA | Closer exc                                                                                                                                                                                               | Children                                           | toddlers                                           |            4.94 | 1654.8799999999999 |   0.10760988049982849
 AAAAAAAALJLDAAAA | Happy women use now arts. Levels must force more important, efficient words. Industrial respects might attempt gradually so other chains. Ju                                                             | Children                                           | toddlers                                           |           44.42 |            1838.02 |   0.11951870380710067
 AAAAAAAALKICAAAA | Constant rights used to tell here. Years could go good skills. Able, exciting contributions begin in the faces. Different, different studies get ever advan                                              | Children                                           | toddlers                                           |            2.02 |           15921.54 |    1.0353107275290288
 AAAAAAAALNNAAAAA | Individual terms used to move chief principles; doors use                                                                                                                                                | Children                                           | toddlers                                           |            5.66 |           13034.57 |    0.8475832205759024
 AAAAAAAALPIAAAAA | Open, free visits achieve together at the benefits. Exciting, important parents work virtually strategies. Lips would live here. Available, immense questions will exchange details. Black, natio        | Children                                           | toddlers                                           |            1.51 |  8251.859999999999 |    0.5365837211769522
 AAAAAAAAMABEAAAA | Implications should not attempt certainly to the workers                                                                                                                                                 | Children                                           | toddlers                                           |            5.32 |            5005.84 |    0.3255087040759822
 AAAAAAAAMACCAAAA | Also difficult holes may make more pictures. Local, new newspapers may not reply perhaps other functions. Required, general teachers scrape. Things can teac                                             | Children                                           | toddlers                                           |            4.63 |            4779.77 |   0.31080832357431676
 AAAAAAAAMADEAAAA | Total, concerned prices can pick computers. Fair big resources notice greatly above nuclear ways; more joint shares add for instan                                                                       | Children                                           | toddlers                                           |            0.09 | 3141.4300000000003 |    0.2042739696525284
 AAAAAAAAMBFCAAAA | Large, minor s                                                                                                                                                                                           | Children                                           | toddlers                                           |           72.49 |            13296.5 |    0.8646154259317712
 AAAAAAAAMBKCAAAA | Recent damages ought to provide both contents;                                                                                                                                                           | Children                                           | toddlers                                           |            0.66 |            8158.22 |    0.5304947061365843
 AAAAAAAAMBMAAAAA | Only other degrees provide so conditions. New brothers used to help apart by the officers. Small,                                                                                                        | Children                                           | toddlers                                           |            6.93 |  7904.009999999999 |    0.5139644998848553
 AAAAAAAAMBNDAAAA | Possible, necessary sorts used to get forwards traditional periods; american taxes might not let even women. Difficult pounds must not cope still wide, influ                                            | Children                                           | toddlers                                           |            9.01 |             949.53 |   0.06174393903546006
 AAAAAAAAMCFDAAAA | Here visible rates strain limited areas. Secondary boys increase in a facts. Only mea                                                                                                                    | Children                                           | toddlers                                           |            9.58 |            2134.38 |   0.13878974713648357
 AAAAAAAAMEKCAAAA | Big, special studies suggest quite lads. Detailed, arab services shed under future, little rules. Tickets must not implem                                                                                | Children                                           | toddlers                                           |            4.58 | 12183.460000000001 |    0.7922391198603164
 AAAAAAAAMFADAAAA | There direct leaders pray including the cities. Perfect words used to return sooner high attitudes. Actions settle for a sites. Populations used t                                                       | Children                                           | toddlers                                           |            7.12 |            1213.71 |   0.07892245242038506
 AAAAAAAAMFECAAAA | Worlds                                                                                                                                                                                                   | Children                                           | toddlers                                           |            9.74 |  9416.689999999999 |    0.6123277129483284
 AAAAAAAAMFFEAAAA | Most academic periods go due to a conditions. Always deep u                                                                                                                                              | Children                                           | toddlers                                           |            9.77 |  9297.619999999999 |    0.6045850920506715
 AAAAAAAAMFLAAAAA | Very immediate agents shall demonstrate instructions. Present, good instructions could not drag both women. Programmes ought to make almost good applicants. Massive, external sessio                    | Children                                           | toddlers                                           |            0.64 |           11334.28 |    0.7370205189207653
 AAAAAAAAMGIAAAAA | Profitable, good dishes could n                                                                                                                                                                          | Children                                           | toddlers                                           |            6.83 |            8196.94 |    0.5330125047521658
 AAAAAAAAMHADAAAA | Past beds must regard commercial, civil resources. Structures must not see then. Easy shoulders may want forward new, other discussions. Only good police will remember images. S                        | Children                                           | toddlers                                           |            5.74 |              26.15 |  0.001700424426587133
 AAAAAAAAMHOCAAAA | Streets might supply with a feet. Teachers identify seriously; clear reasons could illustrate blindly in the parts. Momentarily valuable mistakes say to a hills; incr                                   | Children                                           | toddlers                                           |            2.84 |             2190.4 |   0.14243249193103083
 AAAAAAAAMIPCAAAA | Leaves can permit too always soviet subjects. Local months may not bring rich, major suggestions; usual, joint associations would go most basic sides. Tired areas ought to pr                           | Children                                           | toddlers                                           |            9.44 |  8071.790000000001 |    0.5248745270471036
 AAAAAAAAMKJDAAAA | Therefore new years ought to lead then grey physical programmes. White, growing notes ensure; places see new categories. Shares keep too huge, ma                                                        | Children                                           | toddlers                                           |            4.31 |  5722.629999999999 |   0.37211854058586324
 AAAAAAAAMLADAAAA | Experiences could help nowadays just specific groups. Similar, inevitable committees should form other factors. Economic arguments might help too different, ideological provisions. Now                 | Children                                           | toddlers                                           |            7.63 | 187.45000000000002 |  0.012189084465153275
 AAAAAAAAMMEEAAAA | Short, high eyes recover literally suddenly sheer sentences. Virtually public candidates should build extra, political aspects. Councils used to work abroad. Clear, local                               | Children                                           | toddlers                                           |             0.3 |             118.35 |  0.007695802328358975
 AAAAAAAAMNFCAAAA | Clever, german democrats remember also outstanding officers. Areas could share hence now past workers. Other, concerned voters could not remember there noble ideas; h                                   | Children                                           | toddlers                                           |             4.5 |            2191.12 |   0.14247931050032883
 AAAAAAAAMPJBAAAA | Unfair managers become either in the sales. Matters would make                                                                                                                                           | Children                                           | toddlers                                           |             1.3 |            3872.15 |   0.25178961542674444
 AAAAAAAANCMBAAAA | Essential, future women would carry by a shops. Rules cannot drop primarily main women. Once broa                                                                                                        | Children                                           | toddlers                                           |            0.52 | 12091.189999999999 |     0.786239190153196
 AAAAAAAANFEAAAAA | For long british cases let                                                                                                                                                                               | Children                                           | toddlers                                           |           27.29 |           10886.38 |    0.7078954672699669
 AAAAAAAANFJBAAAA | Largely following teachers produce poten                                                                                                                                                                 | Children                                           | toddlers                                           |            3.93 | 19966.010000000002 |    1.2983055872077618
 AAAAAAAANJAAAAAA | Measurements know on the sides. Tough, whole acts used to catch ap                                                                                                                                       | Children                                           | toddlers                                           |            0.24 |           21460.64 |    1.3954950847492502
 AAAAAAAANLKDAAAA | Reserves can coincide deaf, concerned mice. Also single talks finish p                                                                                                                                   | Children                                           | toddlers                                           |            7.15 |             1769.7 |   0.11507614178704588
 AAAAAAAANNFDAAAA | Affairs support; servi                                                                                                                                                                                   | Children                                           | toddlers                                           |            7.11 |  642.3199999999999 |  0.041767365877072554
 AAAAAAAANNJCAAAA | Existing dea                                                                                                                                                                                             | Children                                           | toddlers                                           |            4.74 | 7236.7300000000005 |    0.4705740902721187
 AAAAAAAANPLBAAAA | Personal,                                                                                                                                                                                                | Children                                           | toddlers                                           |            1.53 |            1429.33 |   0.09294331340932264
 AAAAAAAAOAEBAAAA | Very new symptoms used to pass. Nearly significant schools fly as direct, casual progr                                                                                                                   | Children                                           | toddlers                                           |            4.57 |            5457.92 |   0.35490556353187175
 AAAAAAAAOAMCAAAA | Both full solutions will not make critical roads. So previous votes start too immensely thin members. Councils may focus surprisin                                                                       | Children                                           | toddlers                                           |            5.57 |            5315.48 |   0.34564328990575044
 AAAAAAAAOAOAAAAA | Relative men could not develop ultimately british, other nights. Ahead particular contributions lik                                                                                                      | Children                                           | toddlers                                           |            4.28 | 11879.179999999998 |    0.7724530722686553
 AAAAAAAAOBFCAAAA | Active, mixed banks rest deliberately. Previous values draw local, trying records. Serious events tax to a features. Waste, mere trends will not encounter. Other, large forces dream support            | Children                                           | toddlers                                           |            1.65 |             5266.5 |   0.34245832667767256
 AAAAAAAAODODAAAA | More old years can expand severe changes. Today useful types imagine also                                                                                                                                | Children                                           | toddlers                                           |            5.39 | 1935.0500000000002 |    0.1258281562779133
 AAAAAAAAODPDAAAA | Central, special lines benefit p                                                                                                                                                                         | Children                                           | toddlers                                           |            8.71 | 11765.300000000001 |    0.7650479352246883
 AAAAAAAAOFBDAAAA | Social duties insist only strange, specified farmers. Good members secure with a liv                                                                                                                     | Children                                           | toddlers                                           |           64.52 |            1186.08 |   0.07712578982357426
 AAAAAAAAOHHBAAAA | Electronic, alone areas hope progressively. Small theories alter national spirits; years negotiate friends. Much complete strings would not go for a texts. Huge, big tools ought to see no longer       | Children                                           | toddlers                                           |            0.15 |               2012 |   0.13083189087163716
 AAAAAAAAOJEEAAAA | Different events would pay military, interested needs. Great workers may wish ideas. Languages should not ease important authorities. Con                                                                | Children                                           | toddlers                                           |            3.82 |           12648.79 |    0.8224975710428706
 AAAAAAAAOMBCAAAA | Hands might try easy capitalist costs. British,                                                                                                                                                          | Children                                           | toddlers                                           |            0.26 |            8382.91 |    0.5451053510470953
 AAAAAAAAOMCBAAAA | Most personal masses cannot complete. Male, military years take indeed long main cats. Previous, terrible award                                                                                          | Children                                           | toddlers                                           |            68.3 |            4478.96 |   0.29124791547635587
 AAAAAAAAOMEEAAAA | Electoral articles affect importantly hills. Cards feel more prepa                                                                                                                                       | Children                                           | toddlers                                           |            0.18 |            4052.43 |   0.26351246497263847
 AAAAAAAAOMFBAAAA | True, inherent mark                                                                                                                                                                                      | Children                                           | toddlers                                           |            8.83 |            3248.13 |   0.21121222151932945
 AAAAAAAAONCCAAAA | Detailed spots may not appreciate ever. Certainly bad methods want officials. Managers amount on a eyes. Existing, occupational funds give from a values. Big police ensure over light events. S         | Children                                           | toddlers                                           |            8.27 |  980.5200000000001 |   0.06375908828899488
 AAAAAAAAONHDAAAA | Head, rich detai                                                                                                                                                                                         | Children                                           | toddlers                                           |            5.96 |            5926.74 |    0.3853909547239398
 AAAAAAAAONKAAAAA | Clear women explain more; here black industries examine tory, equal standards. Speakers reveal                                                                                                           | Children                                           | toddlers                                           |            4.66 |            4308.16 |    0.2801415104262189
 AAAAAAAAONKBAAAA | Arms give that is much complex secon                                                                                                                                                                     | Children                                           | toddlers                                           |            9.11 |            7519.68 |   0.48897313774832635
 AAAAAAAAONNAAAAA | Full years settle just. Subject, southern elections worry also wide minut                                                                                                                                | Children                                           | toddlers                                           |            1.26 |            4024.98 |    0.2617275070181522
 AAAAAAAAOOBAAAAA | Adequately only comments can proclaim only important, open expectations. Important members adopt things; old, medical materials will sell purposes. Soon considerable papers used to leave distinctly    | Children                                           | toddlers                                           |            1.53 |             5152.2 |   0.33502587880161483
 AAAAAAAAOOEAAAAA | Eventually open concepts vary wi                                                                                                                                                                         | Children                                           | toddlers                                           |            7.91 |            1903.24 |    0.1237596858760113
 AAAAAAAAOPBEAAAA | Perhaps                                                                                                                                                                                                  | Children                                           | toddlers                                           |            1.82 |            2468.88 |    0.1605408741228467
 AAAAAAAAPABAAAAA | Full events shall use later in the women. Sports can think christi                                                                                                                                       | Children                                           | toddlers                                           |            1.15 |  8501.980000000001 |    0.5528479719447524
 AAAAAAAAPBMAAAAA | International boys encourage. Vital words withdraw more christian, good views. Little communications exist quietly to a strategies. As british birds can occur. Open, hard standards used to avoi        | Children                                           | toddlers                                           |           15.16 | 13135.650000000001 |    0.8541560274990164
 AAAAAAAAPDCCAAAA | Old, separate participants cannot dig just. Scientific facts would question just in a problems. Calculations                                                                                             | Children                                           | toddlers                                           |             0.3 |            9727.51 |    0.6325390292111129
 AAAAAAAAPGBDAAAA | Also gradual details contribute then nuclear, detailed developments. Certainly successful functions proceed here within a                                                                                | Children                                           | toddlers                                           |            9.05 |            3573.57 |   0.23237421484202606
 AAAAAAAAPKOBAAAA | Official, given kinds adjust british marks. Goods should talk very. Accordingly different materials ca                                                                                                   | Children                                           | toddlers                                           |            8.54 |            4602.62 |    0.2992890047532876
 AAAAAAAAPNADAAAA | Able, desperate games display on a employees; trials know similar,                                                                                                                                       | Children                                           | toddlers                                           |            3.78 |             140.16 |  0.009114014823344268
 AAAAAAAAPOMCAAAA | Skills should appear thus difficult studies. General offices must serve by a areas. Twins obtain in order later easy dogs. Far similar children might reach families. Over left horses used to help cer  | Children                                           | toddlers                                           |            4.13 |            1621.62 |   0.10544712270142359
 AAAAAAAAAJDBAAAA |                                                                                                                                                                                                          | Children                                           |                                                    |            3.72 |            2722.88 |    13.221400481390896
 AAAAAAAAABDBAAAA | Foreigners could not take ever average answers; please big police think casually ap                                                                                                                      | Men                                                | accessories                                        |           26.79 | 8154.9800000000005 |    0.6457580646550872
 AAAAAAAAABPDAAAA | Swiss, old changes like only most only projects. Eagerly enormous variations think; central, primary ministers can assess strong, various walls; top books use most tall                                 | Men                                                | accessories                                        |           87.44 |           11090.03 |    0.8781721487688329
 AAAAAAAAACAAAAAA | Terrible, human seconds might drive poorly stairs. Unreasonably environmental visitors take. Other, good requirements ought to show well so different communiti                                          | Men                                                | accessories                                        |            4.42 |             240.46 |    0.0190410012320033
 AAAAAAAAADIDAAAA | Similar, gene                                                                                                                                                                                            | Men                                                | accessories                                        |            0.76 |            5356.84 |   0.42418529917510006
 AAAAAAAAADOCAAAA | Delighted, small demands would take policies. Differen                                                                                                                                                   | Men                                                | accessories                                        |            5.61 |            5236.09 |    0.4146236219782091
 AAAAAAAAAEGDAAAA | Better british beliefs know. Now considerable museums can tender just fundamental alive patients. So-called conditions make actually different, important eyes. Partially final sta                      | Men                                                | accessories                                        |            0.82 |             9129.7 |    0.7229419818174355
 AAAAAAAAAGJBAAAA | Nations release most modern men. No longer past proposals may not post very since a lives. Similar, economic beliefs shall obscure at a principles. Hopes may feel here already                          | Men                                                | accessories                                        |            4.82 |            2310.16 |    0.1829317117446758
 AAAAAAAAAGNDAAAA | Quietly distant periods should continue for a contracts. Different lights                                                                                                                                | Men                                                | accessories                                        |            9.48 |            2054.88 |   0.16271717795732737
 AAAAAAAAAHLCAAAA | Proposals could work i                                                                                                                                                                                   | Men                                                | accessories                                        |            9.11 |            4015.57 |   0.31797585177241744
 AAAAAAAAAJABAAAA | Then interesting benefits tell etc to a children. Past, different lists can greet still                                                                                                                  | Men                                                | accessories                                        |            8.33 |            7611.55 |    0.6027261620537916
 AAAAAAAAAJJCAAAA | Still distinguished times lay with a authorities. Secondary, right tools generate entirely authorities. Surprising critics would know into a newspapers. Others assist in                                | Men                                                | accessories                                        |           50.23 |            7988.42 |    0.6325688890533137
 AAAAAAAAAJKDAAAA | British, common houses close frequently reasonable, physical residents. Personal elections ought to meet usually paintings. Members could not go regularly with a                                        | Men                                                | accessories                                        |            1.54 | 2604.0899999999997 |    0.2062067740923541
 AAAAAAAAALDCAAAA | Others know children. Students would afford much on a brothers. Animal                                                                                                                                   | Men                                                | accessories                                        |            6.58 |            7555.45 |    0.5982838424616956
 AAAAAAAAAPFAAAAA | Wrong countries gain modern, outer needs. Costs shall follow. Senior bands think at the eyes; military, close days would play also. Conditions sleep in full old courts                                  | Men                                                | accessories                                        |           65.84 |            7068.33 |    0.5597108884563166
 AAAAAAAAAPMBAAAA | Supreme institutions identify dead, southern workshops. Rare, preliminary men could not create local reasons; less ambitious sect                                                                        | Men                                                | accessories                                        |            3.01 | 1557.9099999999999 |   0.12336424448702596
 AAAAAAAAAPMCAAAA | Female, broad rights offer false ends; main, wonderful years will not convince ever clear rivals. In general urban parents join under in a servants; here solar views die more than attractive           | Men                                                | accessories                                        |            4.56 | 3198.6099999999997 |   0.25328427576602375
 AAAAAAAABAADAAAA | Inc, possible companies cannot know. Virtually good players must help women. New men may not satisfy daughters. Northern, great others confirm just in a methods. Complicat                              | Men                                                | accessories                                        |            0.98 |            4188.55 |    0.3316733997767089
 AAAAAAAABBKBAAAA | Available, traditional bottles cannot pick more various kings. Recently impossible decisions used to use fully full red arms; fit, modern shops possess inter                                            | Men                                                | accessories                                        |            3.73 |             527.04 |   0.04173404844595783
 AAAAAAAABBLDAAAA | Expected, southern institutions ensure also able points. Years foll                                                                                                                                      | Men                                                | accessories                                        |            3.06 |             920.47 |   0.07288809117533926
 AAAAAAAABFABAAAA | Dear specimens live now clear, ill societies. Negative, old developments can meet at the words. Even waiting questions may matter ultimately various available constraints. Loose similar demands wil    | Men                                                | accessories                                        |           86.05 |  8726.609999999999 |    0.6910230049123026
 AAAAAAAABHPCAAAA | Uncomfortable spirits can see private, southern contents. Dark men can fill easily others. Deals might go; days would not check slowly crucial researchers                                               | Men                                                | accessories                                        |            0.96 |            2599.26 |    0.2058243070044785
 AAAAAAAABJGDAAAA | Outside international aims promise less young examples. Likely organs must bring slightly northern, national foods. Head students dismiss more. Royal centres                                            | Men                                                | accessories                                        |            4.26 |              41.75 | 0.0033060043310161264
 AAAAAAAABKLAAAAA | Given books will list more by a changes. Far green shoes can see etc old electric acts. Public variables would not hear so implicit hands. Right patients destroy by the homes. As coloured beings       | Men                                                | accessories                                        |            8.36 |            7095.96 |    0.5618987902447232
 AAAAAAAABPGAAAAA | Cold problems must not interpret always alone years. Best american suc                                                                                                                                   | Men                                                | accessories                                        |            8.31 |               4948 |   0.39181100430821064
 AAAAAAAACAPDAAAA | Members damage with a investigations. Quite new cars make most both new programs. Boats explain flat free, existing offenders. Words describe with                                                       | Men                                                | accessories                                        |             0.2 |            5922.63 |    0.4689877947546357
 AAAAAAAACBCCAAAA | All but secure conditions might maintain northern respons                                                                                                                                                | Men                                                | accessories                                        |            1.05 |            4246.98 |   0.33630022212548183
 AAAAAAAACBNBAAAA | More legal studies waste with a benefits. Even slow girls                                                                                                                                                | Men                                                | accessories                                        |            4.76 |            9254.52 |    0.7328259449455177
 AAAAAAAACDDDAAAA | Political, fair areas                                                                                                                                                                                    | Men                                                | accessories                                        |            3.82 |           10548.57 |    0.8352962420605217
 AAAAAAAACDOAAAAA | Political, early animals cannot fit strong, able substances. Low generations used to deny wrong, experimental proposals. Available facilities stop privatel                                              | Men                                                | accessories                                        |             7.6 |            8305.05 |    0.6576414675282749
 AAAAAAAACDOBAAAA | Careful, great manufacturers go comfortably until a days. Regular, external arms talk. Legs impose professional, normal colleges. Always possible others may deploy indeed by a                          | Men                                                | accessories                                        |            1.67 | 2105.0099999999998 |   0.16668675872652108
 AAAAAAAACEJBAAAA | Only, major words assess                                                                                                                                                                                 | Men                                                | accessories                                        |             1.9 | 3367.2400000000002 |   0.26663736583402975
 AAAAAAAACFGDAAAA | So re                                                                                                                                                                                                    | Men                                                | accessories                                        |            6.29 |           14480.92 |    1.1466822571760011
 AAAAAAAACGKCAAAA | Initial assets should like. Eyes could                                                                                                                                                                   | Men                                                | accessories                                        |            5.01 | 4940.8099999999995 |    0.3912416588916835
 AAAAAAAACHLAAAAA | P                                                                                                                                                                                                        | Men                                                | accessories                                        |            0.39 |            6196.72 |    0.4906918121699222
 AAAAAAAACIDBAAAA | Then planned movements used to maintain able countries. Republics can turn almost great aspects; possible, initial sites would search gl                                                                 | Men                                                | accessories                                        |            8.94 |            1256.54 |   0.09950004028970068
 AAAAAAAACJGDAAAA | Informal hills look too by means of a activities; exceptional, pink resources could show now. New, unhappy employers used to destroy so elderly, arab o                                                  | Men                                                | accessories                                        |            4.62 |             113.78 |  0.009009752641509338
 AAAAAAAACKNDAAAA | Workers mi                                                                                                                                                                                               | Men                                                | accessories                                        |            7.54 |              10.48 | 0.0008298664763844074
 AAAAAAAACMAAAAAA | Total honour                                                                                                                                                                                             | Men                                                | accessories                                        |            0.45 |            7991.16 |    0.6327858579603073
 AAAAAAAACMIDAAAA | Competitive, vast posts hear to a institutions; slightly spanish genera                                                                                                                                  | Men                                                | accessories                                        |            9.38 |            1727.27 |    0.1367751401397419
 AAAAAAAACNDEAAAA | Techniques dismantle moral, upper lips. Following, junior results miss; areas will refute ago altogether social schools. Brutally economic thousands can take angrily else single weeks; private client  | Men                                                | accessories                                        |            4.98 |             973.66 |   0.07709998028592004
 AAAAAAAACNNBAAAA | Problems would not rehearse namely international rates; cells might avoid elsewhere animals. Others cannot end further well certain sha                                                                  | Men                                                | accessories                                        |            8.56 |            2584.25 |   0.20463572915996228
 AAAAAAAACOBAAAAA | Systems opt                                                                                                                                                                                              | Men                                                | accessories                                        |            6.65 |              62.79 |  0.004972072142383295
 AAAAAAAACOHDAAAA | Members could make there use                                                                                                                                                                             | Men                                                | accessories                                        |           60.66 | 7095.0199999999995 |    0.5618243556561925
 AAAAAAAACOMAAAAA | High rates manage obvious, joint activities. Other letters shall not make again formal, difficult potatoes. Thus n                                                                                       | Men                                                | accessories                                        |            2.86 | 3848.7000000000003 |    0.3047621285935752
 AAAAAAAACPLDAAAA | Able, british pupils cannot increase also now just times.                                                                                                                                                | Men                                                | accessories                                        |            7.57 |  4747.570000000001 |    0.3759398079473589
 AAAAAAAADECEAAAA | Else young disciplines come children. Front numbers would not rest of course with a years; more acceptable                                                                                               | Men                                                | accessories                                        |            0.51 |            4412.73 |    0.3494252572839471
 AAAAAAAADEPDAAAA | Specific, short boards r                                                                                                                                                                                 | Men                                                | accessories                                        |            4.48 |            8517.58 |    0.6744708112521278
 AAAAAAAADLHBAAAA | Changes cannot appeal now. Beautiful, good days can know currently paymen                                                                                                                                | Men                                                | accessories                                        |            3.16 |            4794.75 |   0.37967579080573827
 AAAAAAAADNMDAAAA | Similar, strategic fields may encourage. Then long changes must not see th                                                                                                                               | Men                                                | accessories                                        |            4.51 | 12606.810000000001 |    0.9982794840789802
 AAAAAAAAEAGDAAAA | Clear, little newspapers note across with a shops. True, certain words increase yesterday rates; happy items insert fast, old services. Services race. Aspec                                             | Men                                                | accessories                                        |            2.72 | 11349.669999999998 |    0.8987319323497914
 AAAAAAAAEBBEAAAA | Single years may not classify thus heavy seats. Traditional artists will come immediately from the cattle. Systems might not concentrate really outside children. Certain, secret copies includ          | Men                                                | accessories                                        |           77.55 |            3018.74 |   0.23904113806494903
 AAAAAAAAEBCAAAAA | Clothes would not frustrate much practical, environmental examples. So happy words shall get ne                                                                                                          | Men                                                | accessories                                        |            5.63 |            1067.64 |   0.08454185542433672
 AAAAAAAAECGCAAAA | Main needs look usually against a plans. As white risks give local, broad paymen                                                                                                                         | Men                                                | accessories                                        |            8.67 |  4568.610000000001 |    0.3617687292628404
 AAAAAAAAECKBAAAA | Waves would not stay from a awards. Modest, acceptable years see certain, left girls. Years display then sciences. Then cultural customers afford perhaps                                                | Men                                                | accessories                                        |           18.56 |            5946.58 |     0.470884293047518
 AAAAAAAAEDDAAAAA | Faces pick to the notes. Old rules should not tax french pounds. Common,                                                                                                                                 | Men                                                | accessories                                        |            9.88 |            6850.48 |    0.5424602766356732
 AAAAAAAAEDMBAAAA | Physical, other women will fall smoothly games. Regular, old questions forget                                                                                                                            | Men                                                | accessories                                        |            5.63 |            8862.36 |    0.7017724680963852
 AAAAAAAAEDPAAAAA | Sure yellow ages ought to hear then; only good years enable into a patterns. Real titles care. Unique, following friends form exactly employees; values would sell really throu                          | Men                                                | accessories                                        |             0.3 |            1294.64 |   0.10251701669716691
 AAAAAAAAEEPCAAAA | Old groups work other, major rewards. Applications shall not come over here proposals. Systems can discuss complete cases. Almost politica                                                               | Men                                                | accessories                                        |            4.95 |            1298.96 |   0.10285909906147803
 AAAAAAAAEFEEAAAA | Never central women must see chief changes. Criteria get later new police. Candidates run for example other gro                                                                                          | Men                                                | accessories                                        |            3.61 |  7089.900000000001 |    0.5614189247058978
 AAAAAAAAEGAAAAAA | So equal c                                                                                                                                                                                               | Men                                                | accessories                                        |            5.29 |            5401.76 |   0.42774232227807596
 AAAAAAAAEGHDAAAA | Difficult feet must exceed simple matters; empirical consequences may not establish subtle courses. Monthly advertisements try broad, genetic year                                                       | Men                                                | accessories                                        |            3.87 |            11217.6 |    0.8882738726612336
 AAAAAAAAEHDDAAAA | Once again general powers used to need symbolic, expensive policies. Level                                                                                                                               | Men                                                | accessories                                        |            1.26 |  5157.240000000001 |    0.4083798269722062
 AAAAAAAAEHIAAAAA | Mainly retail plants purchase too particular, absolute instructions. High shoes move. Feet break well central leader                                                                                     | Men                                                | accessories                                        |            3.42 |            6713.79 |    0.5316363788630601
 AAAAAAAAEIHAAAAA | Genes gain star criteria. Probably comparative facilities should not prove almost ancient, beautiful cameras. Games fin                                                                                  | Men                                                | accessories                                        |           79.42 |            5271.16 |   0.41740066561626266
 AAAAAAAAELCCAAAA | Possible proceedi                                                                                                                                                                                        | Men                                                | accessories                                        |            1.27 |            5482.64 |    0.4341468643210121
 AAAAAAAAELOAAAAA | Coolly alone powers could use grateful, new areas. Eastern, tall doctors cannot go with a systems. Different, deliberate flames oug                                                                      | Men                                                | accessories                                        |            3.89 |            1660.38 |   0.13147840649419296
 AAAAAAAAENIDAAAA | Rules forget now modern minutes. Special, available agencies could discharge heavily physical applications. Other, educational areas could not charge as by a eyes. Balls exist now with a projects. L   | Men                                                | accessories                                        |            2.57 |           11942.68 |    0.9456898635674174
 AAAAAAAAEOIAAAAA | Public samples ought to relax still at a objections. Similar authorities travel just good, other children. Also long                                                                                     | Men                                                | accessories                                        |            4.94 |  5300.860000000001 |   0.41975248187090164
 AAAAAAAAEPEAAAAA | Junior intervals facilitate. Standard lives bear close contracts. Easy eastern lines may under                                                                                                           | Men                                                | accessories                                        |            3.86 |            2580.63 |   0.20434907680838674
 AAAAAAAAFADCAAAA | Still joint goods might upset other, local titles; however literary futures might not insist of course siz                                                                                               | Men                                                | accessories                                        |            5.21 |           12384.84 |    0.9807026270405212
 AAAAAAAAFAFDAAAA | Even complex sets would make effectively teeth. Economic, national libraries maintain along a brothers. Tasks should get adequately good e                                                               | Men                                                | accessories                                        |            0.72 |            3128.84 |   0.24775948721093408
 AAAAAAAAFEBAAAAA | Sweet practices provide on the hours. Direct, internation                                                                                                                                                | Men                                                | accessories                                        |            4.88 |  632.5600000000001 |   0.05008972693718709
 AAAAAAAAFECCAAAA | Artists let friends; years provide as considerable co                                                                                                                                                    | Men                                                | accessories                                        |             2.7 | 15597.929999999998 |     1.235133512212847
 AAAAAAAAFEGBAAAA | Kinds must claim theoretical detectives. Applications present prime, other systems; slowly single factors should not accompany factories. Busy, international days                                       | Men                                                | accessories                                        |            0.23 |            2721.76 |   0.21552455923320843
 AAAAAAAAFFDDAAAA | At all revolutionary groups please great houses; new, current performances may benefit scottish, natural regions. Certain, politica                                                                      | Men                                                | accessories                                        |             6.2 |            5483.94 |   0.43424980577323535
 AAAAAAAAFIECAAAA | Then economic plants work more military eyes. More clear details fuck slowly humans. Educational, able areas cannot kill almost items. Olympic, old troops ensure please implicit places. Unusual, poli  | Men                                                | accessories                                        |            5.58 |            3065.12 |    0.2427137723373449
 AAAAAAAAFJHBAAAA | Complete, double products should not know long on the cultures. Soon medical eyes know objectively. Exciting, encouraging applications should go here quite different strengths. O                       | Men                                                | accessories                                        |            2.73 |            9661.35 |    0.7650410764901234
 AAAAAAAAFOCBAAAA | Left other names may turn for a matches. Mean products used to delay by a terms. Substantially elderly employees can want never just familiar pp.; direct orders must prove along the types. Together w  | Men                                                | accessories                                        |            2.71 |           11390.99 |    0.9020038868158416
 AAAAAAAAFPMCAAAA | Thanks condemn also less new trains. Responses take sure artistic birds; things manipulate so english, lucky years. Largely original results murder; often irish ladies will know today including a a    | Men                                                | accessories                                        |            7.09 |            2435.16 |   0.19282992830460433
 AAAAAAAAGACAAAAA | Violent models phone serious findings. Other, informal politicians mean because of a thoughts.                                                                                                           | Men                                                | accessories                                        |            4.34 | 15858.710000000001 |    1.2557835675288325
 AAAAAAAAGAICAAAA | Positive compani                                                                                                                                                                                         | Men                                                | accessories                                        |            9.43 | 10606.419999999998 |    0.8398771366844564
 AAAAAAAAGBIBAAAA | British, sad elections should like now by a practices; industrial, considerable pockets might talk here legal members. Freshly recent resources invest just clean stages. Pairs                          | Men                                                | accessories                                        |            1.38 |           11315.91 |    0.8960586220212862
 AAAAAAAAGCEEAAAA | Free barriers could mi                                                                                                                                                                                   | Men                                                | accessories                                        |            2.58 |             395.76 |  0.031338545486058494
 AAAAAAAAGEEAAAAA | Big systems may encoura                                                                                                                                                                                  | Men                                                | accessories                                        |            2.31 |  4815.620000000001 |     0.381328397042584
 AAAAAAAAGFBCAAAA | Pictures like rapid, bloody conditions. Children rise forward. Beings make beautifully environmental disputes. Services help truly other streets.                                                        | Men                                                | accessories                                        |            1.32 |            1763.64 |   0.13965512523001872
 AAAAAAAAGFLBAAAA | Conditions ought to sustain. Articles may not take perhaps selective issues. Demands would make more dear hands; respectable feet will know badly heavy, positive others; year                           | Men                                                | accessories                                        |            4.27 |            1791.33 |    0.1418477781623741
 AAAAAAAAGIAAAAAA | Then general tories mean before scottish organisations. Now keen journalists eliminate other, known windows. Social, wooden difficulties provide as ready, deta                                          | Men                                                | accessories                                        |            0.73 |            7968.11 |    0.6309606268266564
 AAAAAAAAGIDCAAAA | English thanks used to stress                                                                                                                                                                            | Men                                                | accessories                                        |            5.24 | 4704.5599999999995 |    0.3725340295934186
 AAAAAAAAGIECAAAA | Units stand m                                                                                                                                                                                            | Men                                                | accessories                                        |             7.8 |            1175.58 |   0.09308916338816618
 AAAAAAAAGKGDAAAA | Peaceful refugees pay today. Complex, very differences might tighten years. D                                                                                                                            | Men                                                | accessories                                        |            6.14 |             2501.1 |   0.19805143550429782
 AAAAAAAAGMMBAAAA | Personal, wide                                                                                                                                                                                           | Men                                                | accessories                                        |            7.62 |  9024.869999999999 |    0.7146409414816169
 AAAAAAAAHCABAAAA | Central, possible governments want fast. Main terms put rates. Then bloody hands lose even to a girls; little handsome banks fight; personal centres see even helpful steps. Rich parents could want     | Men                                                | accessories                                        |           41.91 |            2326.36 |   0.18421452061084254
 AAAAAAAAHHCDAAAA | Very great months answer clear crews; base things must take currently different courses. Military sol                                                                                                    | Men                                                | accessories                                        |           76.04 |  6010.389999999999 |   0.47593713463703036
 AAAAAAAAHHIAAAAA | Then late months let previous, working workers. Economic, domestic steps understand in the funds. Green, only guns could not record auditors. So regular lines could not make                            | Men                                                | accessories                                        |            5.78 | 13597.880000000001 |    1.0767580879673668
 AAAAAAAAHLEDAAAA | Girls                                                                                                                                                                                                    | Men                                                | accessories                                        |            0.58 |           10991.25 |     0.870350182114515
 AAAAAAAAHLKAAAAA | Great buses get local, key yards; top, systematic days account in a times. However bad views arrive other budgets. Pleasant, l                                                                           | Men                                                | accessories                                        |           26.39 |            5474.62 |    0.4335117947465271
 AAAAAAAAHMLBAAAA | Cases c                                                                                                                                                                                                  | Men                                                | accessories                                        |            1.74 |            4830.24 |   0.38248609245143317
 AAAAAAAAHONAAAAA | Beautiful heads listen proceedings. English, certain actions last yet windows. Senten                                                                                                                    | Men                                                | accessories                                        |           21.64 |            3855.38 |    0.3052910892865378
 AAAAAAAAHPOBAAAA | Bars should say things                                                                                                                                                                                   | Men                                                | accessories                                        |            3.32 |            7047.98 |    0.5580994588003603
 AAAAAAAAIADDAAAA | Far, black elections think already consequences. Armed representatives thr                                                                                                                               | Men                                                | accessories                                        |            9.93 |            3905.04 |   0.30922345276146623
 AAAAAAAAIBFCAAAA | Pleasantly dynamic wages manoeuvre all on a men. Gastric, so-called problems would not speak well; recent reports                                                                                        | Men                                                | accessories                                        |            0.35 |            7837.23 |    0.6205967981597489
 AAAAAAAAICIBAAAA | Miles go losses. Shares take rather new groups. Beautiful heads will not take yet. Either numerous expectati                                                                                             | Men                                                | accessories                                        |            7.63 |            7641.54 |    0.6051009421708496
 AAAAAAAAICICAAAA | By no means arab year                                                                                                                                                                                    | Men                                                | accessories                                        |            1.42 |              938.7 |   0.07433164707843923
 AAAAAAAAICNCAAAA | Statutory, domestic parties used to tour now general lessons; traditional, empty decisions make. Good concepts manage still immediately due months. Regular, political others con                        | Men                                                | accessories                                        |            5.77 | 2468.0199999999995 |   0.19543197147387828
 AAAAAAAAIDGAAAAA | Only cold moments would not mix. International employees assume aggressive yards. Further long factors run following variables. Clear glasses may find so about a words. Sub                             | Men                                                | accessories                                        |            4.12 | 20740.370000000003 |     1.642341390344358
 AAAAAAAAIEIAAAAA | Then political proce                                                                                                                                                                                     | Men                                                | accessories                                        |            0.68 |            9580.45 |    0.7586349507325378
 AAAAAAAAIFEDAAAA | Courses shall conduct there financial types. Quiet theories would mention at a relations. Comparative, tory centuries must proceed only parts;                                                           | Men                                                | accessories                                        |            2.85 |             3805.3 |    0.3013254678039681
 AAAAAAAAIHFAAAAA | Others might indicat                                                                                                                                                                                     | Men                                                | accessories                                        |            44.8 |  5750.219999999999 |    0.4553353826178574
 AAAAAAAAIHFCAAAA | E                                                                                                                                                                                                        | Men                                                | accessories                                        |            8.15 |             1316.5 |    0.1042480168091672
 AAAAAAAAIJACAAAA | Parents tell ago certain, fi                                                                                                                                                                             | Men                                                | accessories                                        |            8.77 |           10630.68 |    0.8417981825544075
 AAAAAAAAIJDCAAAA | Young, new reasons may get hardly windows. Important, young features believe later. Very social miners could refuse other rivers. Ministers                                                              | Men                                                | accessories                                        |            7.85 |            9860.67 |     0.780824376687923
 AAAAAAAAIJNBAAAA | Powers shall penetrate there only figures. Keys shall keep simply of course responsible elections. Here traditional clothes talk as yet equal decisions. Widespread reasons could not take local, fr     | Men                                                | accessories                                        |            0.14 |             8649.5 |     0.684916993080814
 AAAAAAAAIKPBAAAA | Weeks drive just revolutionary ways. Briti                                                                                                                                                               | Men                                                | accessories                                        |            2.21 | 13716.990000000002 |    1.0861899005629918
 AAAAAAAAILECAAAA | Necessary, economic needs see rather therefore european days. Necessary contacts could live. New, white women tax fixed transactions. Libraries would come shares. Local, relevant forces                | Men                                                | accessories                                        |            1.86 |  5279.219999999999 |    0.4180389026200467
 AAAAAAAAIMJDAAAA | Tragic, difficult purposes portray red, single actors; light police take never from a weeks; chinese friends benefit later previous aims. Standards used to give remarkab                                | Men                                                | accessories                                        |            5.52 |            3459.33 |    0.2739295799380603
 AAAAAAAAIMOBAAAA | Intently medical users commemorate existing, proposed fields. All main times shall mind then. Physical pilots visit anyway laws. French, certain schemes increase again definite                         | Men                                                | accessories                                        |            1.23 |             7446.9 |    0.5896882312010537
 AAAAAAAAINKAAAAA | Important, public children must not obtain for a rights; indian employ                                                                                                                                   | Men                                                | accessories                                        |            4.86 |            1328.48 |   0.10519666188427075
 AAAAAAAAIODEAAAA | Immediate flames used to pay probably new schools. Just political partners may convert only likely changes. Willing, ab                                                                                  | Men                                                | accessories                                        |            0.18 |  604.1600000000001 |  0.047840852134771336
 AAAAAAAAIPGAAAAA | British stages remain for a friends; things used to impress members; physical, difficult magazines would say again. Signif                                                                               | Men                                                | accessories                                        |            3.77 |  5349.389999999999 |    0.4235953654681283
 AAAAAAAAIPJDAAAA | Days appoint actually only rounds; experimental, inner colleges ensure only. As likely references might reform so. As left times think eve                                                               | Men                                                | accessories                                        |            9.95 |  5606.030000000001 |   0.44391759185164886
 AAAAAAAAJAEAAAAA | Particular, electrical programmes could go merchants. Sales could learn more sad, pure parts. Outside high villages should respect fully. Neither great markets decide efficient forms. Even big b       | Men                                                | accessories                                        |            0.96 |              16823 |    1.3321415775014203
 AAAAAAAAJANAAAAA | Elderly t                                                                                                                                                                                                | Men                                                | accessories                                        |             4.5 |            20182.8 |    1.5981898014858031
 AAAAAAAAJBAAAAAA | High awards get at last priorities. Integrated, industrial applications used to know primaril                                                                                                            | Men                                                | accessories                                        |           59.88 |  7971.799999999999 |    0.6312528221795055
 AAAAAAAAJBMDAAAA | Silent, married prices used to make also full trials. Cases can become by the interviews. Rich, significant ya                                                                                           | Men                                                | accessories                                        |            0.92 |              75.02 |  0.005940513650606702
 AAAAAAAAJCKBAAAA | Markets should join moreover with a parents. Years allow then such as a friends.                                                                                                                         | Men                                                | accessories                                        |            3.14 |            4517.88 |   0.35775163705415897
 AAAAAAAAJFFDAAAA | Spiritual pensions happen once more records. Churches cannot fall. Good, anxious concerns will warn slightly new sorts. Reliable problems should suppose no longer do                                    | Men                                                | accessories                                        |           82.12 |             3739.5 |    0.2961150466068217
 AAAAAAAAJFMCAAAA | Supporters can see motives. E                                                                                                                                                                            | Men                                                | accessories                                        |            6.14 |            9497.52 |    0.7520680779380188
 AAAAAAAAJGBAAAAA | Police may lose in a businesses. Comfortable, local offices give by a le                                                                                                                                 | Men                                                | accessories                                        |            7.48 |            8625.64 |    0.6830276215038549
 AAAAAAAAJKIBAAAA | Very moving students stay wild, single friends; now small liabilities must not assert equally. Positive, new supporters used to travel slowly fingers. Too appropriate companies would not appear to a r | Men                                                | accessories                                        |           34.53 | 1796.8400000000001 |   0.14228409154833574
 AAAAAAAAJKOBAAAA | Clearly parental worlds concentrate young, wonderful characters. R                                                                                                                                       | Men                                                | accessories                                        |            3.09 |            4680.26 |   0.37060981629416856
 AAAAAAAAJLBEAAAA | Possible things kick moving, eur                                                                                                                                                                         | Men                                                | accessories                                        |            9.72 |  4790.700000000001 |   0.37935508858919664
 AAAAAAAAJLCAAAAA | Light, certain standards introduce outside optimistic meals; earlier other times remain backwards on the things.                                                                                         | Men                                                | accessories                                        |            0.12 |            6477.72 |    0.5129430029966415
 AAAAAAAAJMOCAAAA | Interested, upper products should not menti                                                                                                                                                              | Men                                                | accessories                                        |            83.4 |            1278.82 |   0.10126429840934234
 AAAAAAAAJNAAAAAA | Whole, low standards consider else new risks. Surprising skills know. Aims could talk more obvious lips. Imp                                                                                             | Men                                                | accessories                                        |            3.22 |             3229.8 |   0.25575407876205714
 AAAAAAAAJOIDAAAA | Li                                                                                                                                                                                                       | Men                                                | accessories                                        |            0.53 |                8.4 | 0.0006651601528271967
 AAAAAAAAKAMDAAAA | Shares punch even there available rates. Primary, important players used to buy years. Peculiar moments make good feet. Large scores plough enough political lo                                          | Men                                                | accessories                                        |            3.27 |           10888.94 |    0.8622486898245447
 AAAAAAAAKANCAAAA | Provisions may provide only. In addition private weeks used to collect again other                                                                                                                       | Men                                                | accessories                                        |            5.46 |             677.12 |   0.05361824317647041
 AAAAAAAAKAOCAAAA | Costs must prevent main events; southern products would not go especially as the jobs. Only vast teachers become to the languages. Hardly illegal fans improve gradually. Active,                        | Men                                                | accessories                                        |            4.21 |  768.4200000000001 |    0.0608479005518422
 AAAAAAAAKCFAAAAA | As personal agencies choose about royal, official individuals. Facilities may block ba                                                                                                                   | Men                                                | accessories                                        |             7.6 | 12847.349999999999 |    1.0173268201695815
 AAAAAAAAKEADAAAA | Teams can feel months. Efforts lessen necessarily helpful hands. Sure, exciting procedures used to stimulate much partic                                                                                 | Men                                                | accessories                                        |           29.81 |  7739.199999999999 |    0.6128342208047904
 AAAAAAAAKFBBAAAA | Armed sciences may listen in a causes. Only sophisticated men forget afterwards. Sentences raise etc really personal recommendations. Future places admit tonight mental years. Standards go friend      | Men                                                | accessories                                        |           70.32 |            2002.44 |   0.15856467814610617
 AAAAAAAAKGICAAAA | Risks                                                                                                                                                                                                    | Men                                                | accessories                                        |            2.45 |           15960.95 |    1.2638795168175292
 AAAAAAAAKHAAAAAA | Children shall not produce however firms; more royal forests say ends.                                                                                                                                   | Men                                                | accessories                                        |            4.57 |            3715.38 |   0.29420508673941786
 AAAAAAAAKHACAAAA | British expectations would not assist so we                                                                                                                                                              | Men                                                | accessories                                        |            7.18 |            4615.72 |   0.36549916911994623
 AAAAAAAAKHDAAAAA | Careful firms should not drop late. Hurriedly early types raise perhaps clear, concerned poles. Final, new appr                                                                                          | Men                                                | accessories                                        |            4.09 |           12115.99 |    0.9594135428634271
 AAAAAAAAKIDCAAAA | Commitments shall deliver; problems declare stars. Exact, local centres avoid as elderly instances. Just bitter views shift true, interesting                                                            | Men                                                | accessories                                        |            1.76 |            1371.72 |   0.10862065295668122
 AAAAAAAAKINDAAAA | Continuously common pounds dispose; democratic bases accep                                                                                                                                               | Men                                                | accessories                                        |            6.07 |             903.04 |   0.07150788385822282
 AAAAAAAAKKLBAAAA | Present, profitable services get ago net resources. Pa                                                                                                                                                   | Men                                                | accessories                                        |            5.92 | 10751.150000000001 |    0.8513376877462044
 AAAAAAAAKKOBAAAA | Please great terms perform quite original workers. Enough inte                                                                                                                                           | Men                                                | accessories                                        |            8.36 |            2738.45 |    0.2168461691082901
 AAAAAAAAKMFCAAAA | Entirely fair councils should not banish actually white evenings; just other police should win round rules. Patients will return absolutely; deep diffic                                                 | Men                                                | accessories                                        |            3.62 |            2370.25 |   0.18768998240936463
 AAAAAAAAKNODAAAA | Odd words take clearly around a relations. Local, french peoples would not go skilled, white materials. Lands would not wait very ac                                                                     | Men                                                | accessories                                        |            4.47 |             645.99 |   0.05115319132438581
 AAAAAAAAKOIAAAAA | Official lists ought to cause never; ago pure volunteers put. Near clear patients might believe small, welc                                                                                              | Men                                                | accessories                                        |            9.87 | 16714.379999999997 |    1.3235404232395045
 AAAAAAAAKPADAAAA | Els                                                                                                                                                                                                      | Men                                                | accessories                                        |           17.45 |            4903.86 |    0.3883157460765686
 AAAAAAAALBICAAAA | Forward front regulations arrange both top producers. Positions used to jail simply refugees. Literally successive roads will not allow more drivers; about honest applications might not stand acids.   | Men                                                | accessories                                        |            4.84 |           18711.79 |    1.4817067971512394
 AAAAAAAALCGDAAAA | Men read as in a times; of course desirable guidelines see double needs. Autom                                                                                                                           | Men                                                | accessories                                        |             7.4 |            3244.34 |     0.256905439312308
 AAAAAAAALFPAAAAA | Difficult, early circles arrange h                                                                                                                                                                       | Men                                                | accessories                                        |           31.17 |            6235.41 |   0.49375550815955127
 AAAAAAAALIPAAAAA | Ages might ensure almost closed hopes. Languages deal ladies. Common, qu                                                                                                                                 | Men                                                | accessories                                        |            1.48 |            2170.89 |   0.17190351478226584
 AAAAAAAALLMDAAAA | Together outstanding objects ought to catch other, recent years. Major, political planes will not effect still. Cla                                                                                      | Men                                                | accessories                                        |            3.44 |  9845.900000000001 |     0.779654803419202
 AAAAAAAALPPCAAAA | Yards become safe streets. Decades find deep bodies. Changes will not become burning, new settings. Differen                                                                                             | Men                                                | accessories                                        |            2.06 |            1615.84 |   0.12795147396955922
 AAAAAAAAMALAAAAA | New, open thanks seem gentle women. About normal mechanisms might not make still radical, square shops; results must succeed appearances; black arms would not permit by the conditions. Restricti       | Men                                                | accessories                                        |            3.38 |           18156.06 |     1.437700910040447
 AAAAAAAAMBADAAAA | Too twin st                                                                                                                                                                                              | Men                                                | accessories                                        |            6.38 |             7343.3 |     0.581484589316185
 AAAAAAAAMBKAAAAA | Also various studies need later other, poor benefits. Largely legal expectations agree; requirements enable as about an movements. Quite free departments can try services. Wet la                       | Men                                                | accessories                                        |            45.2 | 3954.6099999999997 |    0.3131486895204714
 AAAAAAAAMBLCAAAA | Most fellow children supply types; soviet, administrative critics                                                                                                                                        | Men                                                | accessories                                        |            1.23 |            9393.22 |    0.7438090060404142
 AAAAAAAAMDBAAAAA | For example military unions should speak very then financial researchers. Necessary, operational terms might not adapt. White dishes regard too other instruments. Examples may expect just instead grea | Men                                                | accessories                                        |            4.08 |            1348.05 |   0.10674632666889315
 AAAAAAAAMDCAAAAA | Likely, legal heads must begin easy, shy things. Su                                                                                                                                                      | Men                                                | accessories                                        |            0.35 | 5291.9400000000005 |   0.41904614513718513
 AAAAAAAAMGJCAAAA | Never extra miles should say well small, delicious products; protests allow main problems. Here widespread windows must end please silent, inner words. Occasions fetch again ministers. R               | Men                                                | accessories                                        |            5.15 |           13082.67 |    1.0359608067366406
 AAAAAAAAMHABAAAA | Here final                                                                                                                                                                                               | Men                                                | accessories                                        |            9.76 |            1979.55 |   0.15675211672965206
 AAAAAAAAMHBCAAAA | So big types can go towards a pupils. Soft, beautiful friends will allocate more from a minutes. Costs imagine quite for example gol                                                                     | Men                                                | accessories                                        |            5.11 |            5956.69 |     0.471684860802885
 AAAAAAAAMHBDAAAA | Names should help sometimes most old subjects. Specific, old personnel would wear relentlessly days. Boys defend now. Unemployed, aggressive weeks must say enough thick groups. Servants                | Men                                                | accessories                                        |            3.98 |           10132.87 |    0.8023787330688235
 AAAAAAAAMHDBAAAA | Royal, strategic places get quite; compulsory, bitter departments used to proclaim just events. Days must create dar                                                                                     | Men                                                | accessories                                        |            8.51 |            2082.24 |    0.1648836995979645
 AAAAAAAAMIJDAAAA | Safe, detailed degrees will address very rapidly modern issues. Questions pray still new, concerned soldiers. Toys break police. Appointments lead today by a sources. Words woul                        | Men                                                | accessories                                        |            2.12 |            2863.41 |   0.22674121823891943
 AAAAAAAAMJBAAAAA | Things depend little                                                                                                                                                                                     | Men                                                | accessories                                        |             9.8 |            4847.24 |   0.38383224990358344
 AAAAAAAAMJNDAAAA | Risks consider. Then due players come right years. Either efficient individuals ensur                                                                                                                    | Men                                                | accessories                                        |           70.37 |             144.48 |  0.011440754628627783
 AAAAAAAAMKHDAAAA | Young grounds ought to tu                                                                                                                                                                                | Men                                                | accessories                                        |            5.64 |           14319.57 |    1.1339056392404454
 AAAAAAAAMLHBAAAA | There particular institutions take ambitious implications. New women look ever; areas should not promote from a years. Often local women should control main, extreme variations; dark, ea               | Men                                                | accessories                                        |             5.9 |            3517.94 |   0.27857065571867956
 AAAAAAAAMLPDAAAA | Teachers would seek also content measures. Fair unions perform despite the hours. Defensive tasks anticipate                                                                                             | Men                                                | accessories                                        |            8.74 |            1660.23 |   0.13146652863432104
 AAAAAAAAMMJCAAAA | Large, major troops lose around ancient thousands. Alternative persons could not pay greatly new, national boats. Central, old spirits should cope else national years. Addition                         | Men                                                | accessories                                        |             1.1 |           15093.03 |     1.195152635883984
 AAAAAAAAMMKBAAAA | Naked benefits shut sufficient criteria. Sole, ready areas could encourage all policies. Therefore similar books shall n                                                                                 | Men                                                | accessories                                        |            9.53 |            4806.53 |   0.38060859873434594
 AAAAAAAAMMLAAAAA | Legal minutes find more efforts. Vo                                                                                                                                                                      | Men                                                | accessories                                        |            1.61 |            5876.08 |   0.46530169890771833
 AAAAAAAAMNGBAAAA | More particular girls must wish so from a inst                                                                                                                                                           | Men                                                | accessories                                        |            4.72 |           10919.77 |    0.8646899859568854
 AAAAAAAAMOBEAAAA | Problems recommend real enterprises. Groups will not come at last in a employees. Long, major parents discuss otherwise other than a functions. Al                                                       | Men                                                | accessories                                        |            2.61 |             3337.6 |    0.2642903007233395
 AAAAAAAAMOMDAAAA | Asleep, simple times shall look alone, importa                                                                                                                                                           | Men                                                | accessories                                        |            8.17 |            3838.11 |    0.3039235516866181
 AAAAAAAAMPICAAAA | Chips record smooth                                                                                                                                                                                      | Men                                                | accessories                                        |            3.41 |  5224.320000000001 |    0.4136916059069263
 AAAAAAAANCAEAAAA | Men take. Able, relevant deaths want old, long countries. Charming, commercial charges would get human, high                                                                                             | Men                                                | accessories                                        |            5.58 |            3510.92 |     0.278014771876674
 AAAAAAAANEIAAAAA | Days activate correct comments. Delicate days leave ago vital consultants. Young schools used to look mentally. Cases must hold assets; numbers may examine to a nations. Results d                      | Men                                                | accessories                                        |            4.37 |              861.7 |   0.06823434567752326
 AAAAAAAANEMCAAAA | Whole, growing pe                                                                                                                                                                                        | Men                                                | accessories                                        |            2.62 | 2595.8100000000004 |   0.20555111622742447
 AAAAAAAANHNBAAAA | Increasing, rea                                                                                                                                                                                          | Men                                                | accessories                                        |           22.89 |            3276.55 |    0.2594560117554704
 AAAAAAAANKIDAAAA | Afterwards silent times report really matters. Long cheeks investigate hard new, crazy origins. Police move. Visitors concentrate comple                                                                 | Men                                                | accessories                                        |            3.82 | 28280.989999999998 |    2.2394509083933833
 AAAAAAAANLJBAAAA | Old industries used                                                                                                                                                                                      | Men                                                | accessories                                        |            0.46 |            3854.68 |    0.3052356592738022
 AAAAAAAANMDAAAAA | Coloured rights could not see royal days. Normal benefits ma                                                                                                                                             | Men                                                | accessories                                        |            0.93 |             2404.5 |   0.19040209374678504
 AAAAAAAAOAFBAAAA | Important ministers succeed                                                                                                                                                                              | Men                                                | accessories                                        |           13.15 |             4728.6 |    0.3744376546022241
 AAAAAAAAOBBDAAAA | Always notable advantages can read higher strong rights. Nurses must regulate from a lawyers. Mutual attitudes see conditions; ne                                                                        | Men                                                | accessories                                        |            2.13 |             1261.5 |   0.09989280152279865
 AAAAAAAAOBKAAAAA | Newspapers will take more male resources. Too suitable                                                                                                                                                   | Men                                                | accessories                                        |            0.83 |             3541.8 |   0.28046002729563874
 AAAAAAAAOCAEAAAA | Also large                                                                                                                                                                                               | Men                                                | accessories                                        |            0.36 |            1029.48 |   0.08152012787292172
 AAAAAAAAODCAAAAA | Occasionally regular unions used to carry at once prime occupations. Rath                                                                                                                                | Men                                                | accessories                                        |            9.47 | 3850.9399999999996 |    0.3049395046343291
 AAAAAAAAODPCAAAA | Women consider guests. Sports think. Beautiful                                                                                                                                                           | Men                                                | accessories                                        |            1.71 | 3466.5900000000006 |   0.27450446835586095
 AAAAAAAAOGLBAAAA | Ok expected lights go. British conditions must record significantly normal, other men. Women think impossible, important nam                                                                             | Men                                                | accessories                                        |            4.96 |              36.48 | 0.0028886955208495394
 AAAAAAAAOGOAAAAA | Fields sell soon. Indeed deep cells can bring vegetables. Later new troops ought to reduce                                                                                                               | Men                                                | accessories                                        |            2.09 |           12776.91 |    1.0117489771737307
 AAAAAAAAOIABAAAA | Isolated railways may meet only plants. Animals stimulate cases. Dangerous sons play thus; things would like here too                                                                                    | Men                                                | accessories                                        |            0.84 |            2132.31 |    0.1688485292232095
 AAAAAAAAOJLDAAAA | Awards might expect considerable men. Days survive after a teachers. Workers would go yesterday conditions.                                                                                              | Men                                                | accessories                                        |            2.34 |             6022.3 |   0.47688023671086033
 AAAAAAAAOKJBAAAA | Refugees s                                                                                                                                                                                               | Men                                                | accessories                                        |             0.4 | 2955.1099999999997 |   0.23400254990728298
 AAAAAAAAOKKDAAAA | More fresh years speak here new, cheap parents. Well violent fields sho                                                                                                                                  | Men                                                | accessories                                        |            8.12 |            9834.19 |    0.7787275384918678
 AAAAAAAAOOAAAAAA | Medical survey                                                                                                                                                                                           | Men                                                | accessories                                        |             1.3 |             2059.6 |   0.16309093461463028
 AAAAAAAAOOPBAAAA | So level discussions hear pieces. Normal, following children shall look books. Of course other investments recover including the factors                                                                 | Men                                                | accessories                                        |            9.72 | 4066.0400000000004 |    0.3219723556906542
 AAAAAAAAPAHDAAAA | Good efforts forget at present relevant issues. Cheap, important rates market. Still irish assets should get ago other gifts. United definitions oug                                                     | Men                                                | accessories                                        |            8.96 |            2930.42 |    0.2320474541723659
 AAAAAAAAPANDAAAA | Banks may get nevertheless processes; global, asian years see then legs. Wages affirm often central holders. Shares afford with a arrangements. Rare proposals cannot save regions.                      | Men                                                | accessories                                        |            6.99 |            16808.5 |    1.3309933843804687
 AAAAAAAAPDAEAAAA | That is french feet might pick extremely in a spirits. Children look tourists. Young, victorian flowers bring independent lines; whole, good sizes carry towar                                           | Men                                                | accessories                                        |            2.31 |            6928.14 |    0.5486098406200256
 AAAAAAAAPDDBAAAA | Associations could argue. Other products experiment once inner, sexual conditions. Relationships should know voluntary forms. Old leaders might not prove                                                | Men                                                | accessories                                        |            4.36 |           16961.46 |    1.3431056340205219
 AAAAAAAAPDKAAAAA | Social soldiers expect now vast areas. Old, low circumstan                                                                                                                                               | Men                                                | accessories                                        |           98.58 |            8846.19 |    0.7004920348021928
 AAAAAAAAPFMCAAAA | Pieces could not see straight ways.                                                                                                                                                                      | Men                                                | accessories                                        |            2.98 |            1681.65 |    0.1331626870240304
 AAAAAAAAPHCEAAAA | Informa                                                                                                                                                                                                  | Men                                                | accessories                                        |            2.54 |               3458 |   0.27382426291386264
 AAAAAAAAPIEEAAAA | Only social sources must hope lovingly great categories. English, conservative metres set well practical methods. Consistent workers undermine more than in a women. New, other words might arrive       | Men                                                | accessories                                        |            2.88 |             849.56 |     0.067273030885223
 AAAAAAAAPKCEAAAA | Professional things used to hear genuinely existing, criminal functions. Also difficult programmes must draw from no losses. Knees resist about dear, decisive days. Affairs must p                      | Men                                                | accessories                                        |            1.78 |             161.81 |  0.012813043372496273
 AAAAAAAAPKGDAAAA | Eventually superb lines cannot fight new eyes. Acute women reveal independent ears. Emotionally different dem                                                                                            | Men                                                | accessories                                        |            1.16 |            5155.69 |   0.40825708908686303
 AAAAAAAAPNPAAAAA | Things associate yet by a months. Guilty trees stand aloud with the words. Friends gather still subject offices. Big results involve more risks; also esse                                               | Men                                                | accessories                                        |            4.49 |  4755.820000000001 |    0.3765930902403142
 AAAAAAAAPOLDAAAA | Sentences know w                                                                                                                                                                                         | Men                                                | accessories                                        |            7.73 |             4468.3 |   0.35382560843782895
 AAAAAAAAABEDAAAA | Almost useful areas shall keep up to with a women. Systems can fall more united eyes. Artists                                                                                                            | Men                                                | pants                                              |            9.21 |              81.32 |   0.00713383989854367
 AAAAAAAAACIAAAAA | Possible institutions can expect groups. Actively long-term schemes must not win primary problems. Dead areas would not thank c                                                                          | Men                                                | pants                                              |            1.07 |  7714.139999999999 |    0.6767270009216881
 AAAAAAAAADACAAAA | Also small origins learn arab cases. Quickly other details might talk more outside western points. Public, present difficulties could find sure sorry relations. Industries shall support                | Men                                                | pants                                              |            4.56 | 10897.260000000002 |    0.9559678821053126
 AAAAAAAAAGKBAAAA | Western parents could go fo                                                                                                                                                                              | Men                                                | pants                                              |            1.88 |  7918.150000000001 |    0.6946238857925918
 AAAAAAAAAHDEAAAA | Only new negotiations could not hold structures. Public, british years depart no                                                                                                                         | Men                                                | pants                                              |            4.29 |            6305.32 |    0.5531375232302679
 AAAAAAAAAHIBAAAA | Post-war, suitable members must pull blank projects. Steps expect long slight                                                                                                                            | Men                                                | pants                                              |            5.33 |               41.6 |  0.003649381945147771
 AAAAAAAAAHOCAAAA | Little, glad females forget only delicate, social grounds. Able children ought to love always ordinary crimes. Words enab                                                                                | Men                                                | pants                                              |            2.79 | 2655.7599999999998 |   0.23297794698667412
 AAAAAAAAAJFAAAAA | Far open actions sh                                                                                                                                                                                      | Men                                                | pants                                              |            0.49 | 2975.0099999999998 |   0.26098432164985746
 AAAAAAAAALIBAAAA | Interesting meanings try soon however regular values. Different, new talks convey deeply french, scottish rats. Devices wear then together short discussions. Never mere weeks ask here brief, pecul     | Men                                                | pants                                              |            2.18 |            9805.73 |    0.8602128370431215
 AAAAAAAAAMBDAAAA | Jobs put sometimes everyday, theoretical memories. White parties work so. Willing, senior cups must not want main, positive forms; old, tw                                                               | Men                                                | pants                                              |            3.67 |            6558.15 |    0.5753171683550686
 AAAAAAAAANADAAAA | Already atomic children worry names; also critical steps can play only too n                                                                                                                             | Men                                                | pants                                              |            6.87 |            1992.94 |    0.1748317128308365
 AAAAAAAAANBAAAAA | Final, necessary effects set boys. Somewhat great times buy very romantic tasks. Nuclear, back reasons like unable, french members. Effective neighbours go les                                          | Men                                                | pants                                              |            1.17 |           10098.48 |    0.8858944852268236
 AAAAAAAAAPBDAAAA | Of course british days ca                                                                                                                                                                                | Men                                                | pants                                              |           39.08 |            3008.37 |   0.26391084524817787
 AAAAAAAABAJAAAAA | Welsh, certain years cook closely increasing, current houses. Real men could not go here inevitable societies. Local, single rules must see about the sections. Human                                    | Men                                                | pants                                              |            7.95 |             167.76 |  0.014716834498028606
 AAAAAAAABEBBAAAA | Public, reliable lives make more available firms. Doors may come ago national others. Local engines show pretty                                                                                          | Men                                                | pants                                              |            2.41 |             556.32 |   0.04880346547414923
 AAAAAAAABFDEAAAA | Local, different possibilities shall not provide before a years. Common, secondary things may use out of a                                                                                               | Men                                                | pants                                              |            4.02 |            1847.08 |   0.16203606738566212
 AAAAAAAABFGBAAAA | Years enter less. Duly personal projects turn ago coastal sentences. Right simple lines will not find quite private difficult eyes. Civil lives s                                                        | Men                                                | pants                                              |            0.68 |             2448.6 |   0.21480472670405845
 AAAAAAAABGADAAAA | Problems must navigate. However only outcomes maximize happily as local parents. Crazy holidays allow up to yesterday real houses. Characteristics look also hard levels. Af                             | Men                                                | pants                                              |            1.67 |            7369.08 |    0.6464564303930177
 AAAAAAAABGECAAAA | Surely daily activities close also much normal effects. Vehicles shall                                                                                                                                   | Men                                                | pants                                              |            7.27 |            1605.65 |   0.14085649327467592
 AAAAAAAABIKAAAAA | New standards will not deal at the lawyers. Then full buildings might help. Problems may go also othe                                                                                                    | Men                                                | pants                                              |             4.7 |            1491.42 |   0.13083560626519924
 AAAAAAAABOPBAAAA | V                                                                                                                                                                                                        | Men                                                | pants                                              |            0.87 |            3205.62 |    0.2812147055529951
 AAAAAAAACAFBAAAA | All lovely leaves may not go. Else t                                                                                                                                                                     | Men                                                | pants                                              |            0.58 | 17798.420000000002 |      1.56137578365762
 AAAAAAAACBFAAAAA | Other, ameri                                                                                                                                                                                             | Men                                                | pants                                              |               6 |            7254.66 |    0.6364188755333108
 AAAAAAAACCGBAAAA | Good, different tourists make abstract                                                                                                                                                                   | Men                                                | pants                                              |            9.25 | 13707.630000000001 |    1.2025090729030274
 AAAAAAAACCPAAAAA | Years hate much. Usually special duties protect small, important standards. Authorities stop most                                                                                                        | Men                                                | pants                                              |             4.3 |            5943.06 |    0.5213580736281228
 AAAAAAAACEBEAAAA | Political, other things quell for a manufacturers. Voters run human, whole lives. Now old attempts put exactly curious problems. National, final conditions attack. As dramatic clothes say per          | Men                                                | pants                                              |             0.3 |            6555.32 |    0.5750689051121655
 AAAAAAAACELCAAAA | Long exciting fact                                                                                                                                                                                       | Men                                                | pants                                              |            2.35 |            5801.26 |    0.5089185938247105
 AAAAAAAACGBCAAAA | Thick national workers might travel later in a teams. Military, free cattle will not fly less. Tears mu                                                                                                  | Men                                                | pants                                              |            1.65 |  604.5999999999999 |  0.053038853943181294
 AAAAAAAACHIDAAAA | Front, illegal signs share for a others; today extraordinary gates used to mean improvements; much available kinds hide rapidly theoretical responses; ways get low perhaps strong author                | Men                                                | pants                                              |            1.41 |            8312.55 |    0.7292228338494735
 AAAAAAAACJHCAAAA | Of course main servants keep to                                                                                                                                                                          | Men                                                | pants                                              |            5.99 |            1022.71 |   0.08971777425774223
 AAAAAAAACLABAAAA | Private members cope further. Certain neighbours shall defraud together so direct kinds. Voluntary, dirty centuries must travel. Specia                                                                  | Men                                                | pants                                              |           72.88 |             895.44 |   0.07855294636930577
 AAAAAAAACLBCAAAA | As green services work lucky plans. Profound, independent sales would prepare shortly. High c                                                                                                            | Men                                                | pants                                              |            4.21 |            5284.43 |    0.4635794094326258
 AAAAAAAACMFEAAAA | Altogether good practices would come inner, official tests. Women will sleep both of course small activities; individuals will not meet young feet. Papers could mind ago with a values. Facts           | Men                                                | pants                                              |            4.23 | 12848.770000000002 |     1.127165126330681
 AAAAAAAACPBBAAAA | Dark, sophisticated brothers balance by an women. Parents might mean; enough elegant rows take shoulders. Partners cannot ask yet recently regular attempts. Brief, english lands used to bite sure      | Men                                                | pants                                              |            6.26 |                606 |   0.05316166968171993
 AAAAAAAADAGBAAAA | Relevant, economic                                                                                                                                                                                       | Men                                                | pants                                              |            1.87 |            2240.77 |    0.1965727303179993
 AAAAAAAADBPDAAAA | Special churches could work. Opportunities achieve. Both natural attitudes help now almost middle-class drawings. Open members think. Important, physical units could say both. As old claims sh         | Men                                                | pants                                              |            7.57 |            1794.39 |   0.15741380934023338
 AAAAAAAADEFBAAAA | Free, presidential villages prevent on the families. Formerly primary companies explore british teachers. Beautiful, high eyes amend sometimes days. Accidents establish a                               | Men                                                | pants                                              |            4.27 |            3034.59 |    0.2662110085799513
 AAAAAAAADFPCAAAA | More marginal negotiations may wear despite the groups. Organic studies interfere. Patients could not keep similar, new ou                                                                               | Men                                                | pants                                              |            9.68 |               40.6 |   0.00356165641762018
 AAAAAAAADGDEAAAA | True, present man                                                                                                                                                                                        | Men                                                | pants                                              |            0.71 |            6690.35 |     0.586914483094216
 AAAAAAAADKFEAAAA | Forces sell middle, other beliefs. Resour                                                                                                                                                                | Men                                                | pants                                              |            4.59 |            7222.66 |    0.6336116586524279
 AAAAAAAADLODAAAA | Figures suppress still other rebels. Steps ca                                                                                                                                                            | Men                                                | pants                                              |             1.1 |           14155.38 |     1.241788177853506
 AAAAAAAADMOCAAAA | Just political police must see accurately important windows. Western decisions might not suggest inc, political members. Free eyes will want in the feet                                                 | Men                                                | pants                                              |            6.53 | 10467.929999999998 |    0.9183046813718918
 AAAAAAAADOACAAAA | Significant, unlikely wings insist often new concepts. Black, difficult windows will hate once smooth obligations. Arts must                                                                             | Men                                                | pants                                              |            4.04 |            4330.22 |   0.37987083381052356
 AAAAAAAADOGCAAAA | Correctly existing actors dominate. Reasonable, certain aspects would join questions; economic, medieval views can turn also by a minutes; com                                                           | Men                                                | pants                                              |            4.49 |            4818.39 |    0.4226958045836675
 AAAAAAAAEAPDAAAA | Swiss, used individuals will not seem often natural rows; full, elderly ideas could not learn main horses. Busy, head days kill the                                                                      | Men                                                | pants                                              |            0.18 |            8381.55 |    0.7352758952488773
 AAAAAAAAEBHCAAAA | Environmental, peculiar men will get once united systems. Children may pull late areas. Problems buy gradually into the teachers. Bad police might expect extremel                                       | Men                                                | pants                                              |            3.38 |             4392.7 |   0.38535192477044744
 AAAAAAAAEDGAAAAA | Time                                                                                                                                                                                                     | Men                                                | pants                                              |            4.78 |            3749.89 |   0.32896107842043687
 AAAAAAAAEFEAAAAA | Safe, social rates will not keep soon techniques. Interests will find. Human, true shares ch                                                                                                             | Men                                                | pants                                              |            0.76 | 1017.3499999999999 |   0.08924756543019433
 AAAAAAAAEGNDAAAA | Very vast grounds should                                                                                                                                                                                 | Men                                                | pants                                              |            4.57 |            2369.92 |    0.2079024821981876
 AAAAAAAAEHJAAAAA | Other, large ways cannot justify elements; most social things see straight over mass levels. As lively co                                                                                                | Men                                                | pants                                              |            1.67 |             254.25 |   0.02230421537388992
 AAAAAAAAEIFDAAAA | Quiet activities rethink for the women. Processes use likely, afraid shops. New countries effect heavily top symptoms. Unique, financial men can return through a notions. Sec                           | Men                                                | pants                                              |            2.06 |           16538.73 |    1.4508688138863892
 AAAAAAAAEJDBAAAA | Systems celebrate soon with a services; records tell most regulations. Alternative schemes might not come already past, following procee                                                                 | Men                                                | pants                                              |            1.09 |            1733.83 |    0.1521011513931625
 AAAAAAAAEMOCAAAA | Consistent leaves may not get as young, pretty stories. Gradually excellent aims ought to tour as relations. New holders ensure perhaps wi                                                               | Men                                                | pants                                              |            4.01 |           10916.21 |    0.9576302808519602
 AAAAAAAAENDAAAAA | Foreign hours used to say well; na                                                                                                                                                                       | Men                                                | pants                                              |            2.53 |           15104.26 |    1.3250291764138862
 AAAAAAAAEOEBAAAA | Profits fall previously careers. Terms miss never upper, physical figures. Hot purposes start agents. Even democ                                                                                         | Men                                                | pants                                              |            5.59 |            4518.84 |    0.3964176228127777
 AAAAAAAAEOGBAAAA | Excellent, elderly facts include anyway wholly new products. Tragic measurements shall not need later metropolitan railways. Reliable years describe quite doctors. Lovely, good years achieve           | Men                                                | pants                                              |            8.53 |  7861.700000000001 |    0.6896717797636595
 AAAAAAAAFALAAAAA | Again narrow places award clear eyes. Notably other waters must call; political surveys qualify in order a                                                                                               | Men                                                | pants                                              |            2.96 |            4678.67 |   0.41043879387751253
 AAAAAAAAFGBBAAAA | Forward partners rest effective oth                                                                                                                                                                      | Men                                                | pants                                              |           37.82 |            4357.98 |   0.38230609445468944
 AAAAAAAAFINCAAAA | Seldom loose stairs provide once with a assets. Companies should see never. Then appropriate victims bring over automatic, liable rights; others go i                                                    | Men                                                | pants                                              |            6.78 |            2442.51 |   0.21427047824141546
 AAAAAAAAFKICAAAA | Later young entries ought to try previously in a feet. There residential minutes appreciate natural hotels. Stable representatives may not se                                                            | Men                                                | pants                                              |           45.55 |           11056.96 |    0.9699776488514686
 AAAAAAAAFNNDAAAA | Therefore false c                                                                                                                                                                                        | Men                                                | pants                                              |            4.19 |           15215.09 |     1.334751796629769
 AAAAAAAAFPBEAAAA | Officers view expressly nuclear legs; attractive, great centres must not fancy only at a years; techniques would suggest. Assets eat ago cheerful resources. Common hospi                                | Men                                                | pants                                              |             3.1 |            8797.87 |     0.771797786869164
 AAAAAAAAFPFAAAAA | Different, vast studies might not go only standards. Collective sizes rely too for a men; products might not cause                                                                                       | Men                                                | pants                                              |           77.45 |             2279.4 |   0.19996156744639013
 AAAAAAAAGAKBAAAA | For example recent houses would carry tales. Civil youngsters arise irrelevant, old stocks. Only, dead churches may use now. Much important skills pay real                                              | Men                                                | pants                                              |             8.1 | 3727.1099999999997 |   0.32696269090335833
 AAAAAAAAGBECAAAA | Disputes work eventually; material, social fruits prepare ever on a bene                                                                                                                                 | Men                                                | pants                                              |            0.57 |            5025.25 |    0.4408427072080249
 AAAAAAAAGCLAAAAA | Companies date all facilities. Full governors could not help almost above absent tables; dead windows can stay to the opportunities. Now goo                                                             | Men                                                | pants                                              |            4.86 |             2249.6 |    0.1973473467260679
 AAAAAAAAGDPBAAAA | Complete, gr                                                                                                                                                                                             | Men                                                | pants                                              |            1.56 |            5403.42 |   0.47401786995313383
 AAAAAAAAGFFEAAAA | Real bacteria ought to expect arguably. Perfect rivers may not look just from a units. Clear minutes used to emulate then with the conflicts; just private minutes might not develop. Partners p         | Men                                                | pants                                              |            3.82 |            1721.12 |   0.15098615993828682
 AAAAAAAAGFLDAAAA | Increasingly new positions would not get seconds. Right, difficult parties pay seldom simple patients. Difficult, alternative cups shoulder rapidly daily, large businessmen. Further different          | Men                                                | pants                                              |             2.7 |                    |                      
 AAAAAAAAGGBBAAAA | Yesterday perfect problems go at the doors. Good, odd areas must affect total, diffic                                                                                                                    | Men                                                | pants                                              |           20.26 |            7124.87 |    0.6250329793155047
 AAAAAAAAGHOCAAAA | Excellent, simp                                                                                                                                                                                          | Men                                                | pants                                              |            2.79 |           12162.38 |    1.0669512014910179
 AAAAAAAAGIBBAAAA | Systems could not escape too now other weeks. British, only others could come animals. Very clinical wages market enough. Part                                                                           | Men                                                | pants                                              |            46.7 | 19754.559999999998 |     1.732979197075441
 AAAAAAAAGIPDAAAA | Vaguely strong sales use again short friends. Common officials stand perhaps great pockets. Small needs can go as negotiations. Other details know simply full, classical appeals. Historical, narro     | Men                                                | pants                                              |            9.94 |            7481.04 |    0.6562781804550067
 AAAAAAAAGJHDAAAA | British, white schools exist very also grand funds. Companies shall emphasise vehemently. Successful drawings may not lead perhaps scientific moments. Alike other factors hel                           | Men                                                | pants                                              |            9.26 |             844.89 |   0.07411842095278606
 AAAAAAAAGJIDAAAA | Dogs used to cry far clear, proud representatives. Physical roots encourage that is to say purely young com                                                                                              | Men                                                | pants                                              |            3.55 |           11400.11 |    1.0000806636225614
 AAAAAAAAGLACAAAA | Cheerful patterns used to make even european police. Separate eyes need actions                                                                                                                          | Men                                                | pants                                              |            1.27 |            6409.78 |       0.5623013318358
 AAAAAAAAGLJCAAAA | Even personal conservatives address only social unions. Reasonable accounts collect continuously to a objections. Light, statistical women report different, common rebels. Just, rich                   | Men                                                | pants                                              |            3.58 |  8771.310000000001 |    0.7694677968580312
 AAAAAAAAGMFAAAAA | Fears put also as dead beaches. Already continental interviews clear. Areas must take then. Words pay always always right schools. Rooms suffer like. Different, national industri                       | Men                                                | pants                                              |            5.46 |             168.92 |  0.014818596109960612
 AAAAAAAAGNDDAAAA | Common goods get. Then old systems believe increasingly casual, decent units. Long-term, eastern arms reproduce here to the sources. Other talks get at first despite                                    | Men                                                | pants                                              |            6.63 |            5058.17 |   0.44373063157423315
 AAAAAAAAGOLDAAAA | Years adopt nev                                                                                                                                                                                          | Men                                                | pants                                              |            7.68 |            9239.82 |    0.8105680837599826
 AAAAAAAAGONBAAAA | Local, historic weeks fulfil electric, dangerous days. Objectives work sound facilities. Locally new types used to change there here critical shapes. Big, voluntary discussions locate. Keen areas m    | Men                                                | pants                                              |            9.45 |            3450.46 |    0.3026934237128504
 AAAAAAAAGPABAAAA | Certain, long places shall not sit therefore however rural fa                                                                                                                                            | Men                                                | pants                                              |            3.66 |             644.28 |    0.0565198028754761
 AAAAAAAAHAADAAAA | Factors ought to know strangely. Better urban changes take early large, southern techniques. Strange, disastrous fe                                                                                      | Men                                                | pants                                              |           93.35 |            4097.76 |   0.35947815768145985
 AAAAAAAAHALBAAAA | Ltd. flights dine. Too detailed notions make however new sides. Good police find evidently long knees. Usually practical boxes might need much countries. Willingly central provinces might fin          | Men                                                | pants                                              |            5.81 |  4838.860000000001 |   0.42449154613215734
 AAAAAAAAHBLDAAAA | Legal things cannot resolve primarily; then previous payments succeed highly national cases. Past member                                                                                                 | Men                                                | pants                                              |            8.02 |  8958.880000000001 |    0.7859224740563814
 AAAAAAAAHCPBAAAA | Following, real companies used to claim mo                                                                                                                                                               | Men                                                | pants                                              |            5.09 |             5858.5 |    0.5139400030203898
 AAAAAAAAHDIBAAAA | Hard, additional decades wish more electoral, final stages; particularly full communication                                                                                                              | Men                                                | pants                                              |            0.53 |            1996.19 |   0.17511682079530116
 AAAAAAAAHEPCAAAA | Wishes afford as that is beautiful g                                                                                                                                                                     | Men                                                | pants                                              |            3.26 | 14288.810000000001 |    1.2534933949915126
 AAAAAAAAHFFCAAAA | Young measures can fal                                                                                                                                                                                   | Men                                                | pants                                              |            0.52 | 12054.759999999998 |    1.0575101802184983
 AAAAAAAAHGDAAAAA | Indian, fierce limitations should not eat thick. Electronic surfaces avoid young blues. Vulnerable, special tons shall cope probably other figures. Green, similar respondents feel u                    | Men                                                | pants                                              |            6.99 | 7883.5599999999995 |    0.6915894597954125
 AAAAAAAAHGHCAAAA | European customers speak; legal areas shall move opponents. Short proposals invest top problems. Over voluntary men expand shares. Individuals produce away now other circles                            | Men                                                | pants                                              |            3.04 |            1954.25 |     0.171437612170794
 AAAAAAAAHGLBAAAA | Orders will not continue ultimately blue children. Ancient branches analyse partners. Birds understand historical, national men. Republics act extreme                                                   | Men                                                | pants                                              |            1.84 |  6284.389999999999 |    0.5513014279391154
 AAAAAAAAHJDAAAAA | Legs can attract somewhat only different boats. Less sad police must not cut at last central, unemployed ye                                                                                              | Men                                                | pants                                              |           91.18 | 3102.0499999999997 |   0.27212897266696257
 AAAAAAAAHKHBAAAA | Successful, industrial reserves shall issue always firms. Eyes must not achieve secondary, likely efforts. Black, national chemicals go. Parents will happen new, good parents; now othe                 | Men                                                | pants                                              |            4.06 |            5735.34 |    0.5031357270500917
 AAAAAAAAHMFBAAAA | Soviet conditions recruit then here young emissions. Personal, good songs hold past soviet, head days. Alone big grounds ought                                                                           | Men                                                | pants                                              |           56.52 |            2761.45 |   0.24224965799106518
 AAAAAAAAHNFAAAAA | Too c                                                                                                                                                                                                    | Men                                                | pants                                              |           51.58 | 3766.3999999999996 |   0.33040942687991737
 AAAAAAAAHOOCAAAA | Ancient, responsible allies will not decide however on a glasses. New, bad years express great, alone hun                                                                                                | Men                                                | pants                                              |            0.74 |             624.53 |  0.054787223706806186
 AAAAAAAAHPMAAAAA | Ministers shall boost closely on a humans. Tomorrow responsible regulations drop in a c                                                                                                                  | Men                                                | pants                                              |            3.35 |             827.49 |   0.07259199677380598
 AAAAAAAAIAFDAAAA | Later new ways dwell. Good rights know neatly new, limited issues. Silent amounts secure main roses. Children might reject resulting, exciting ways. Chips improve so possible societi                   | Men                                                | pants                                              |            1.42 | 2424.5099999999998 |   0.21269141874591876
 AAAAAAAAIAMCAAAA | Great, temporary scientists need too british cultures. Proposed, apparent shares can take fresh, level investor                                                                                          | Men                                                | pants                                              |            0.61 | 2608.2200000000003 |    0.2288074754080125
 AAAAAAAAIBLDAAAA | Others stand; effective panels silence. Environmental fruits may lose quickly. Lessons preserve in order new, various numbers. Political terms would defend. Numerous alternatives take mov              | Men                                                | pants                                              |             2.5 |            4550.34 |    0.3991809769298968
 AAAAAAAAIEPCAAAA | Junior companies take                                                                                                                                                                                    | Men                                                | pants                                              |            8.33 | 4070.1200000000003 |   0.35705342410059726
 AAAAAAAAIGLDAAAA | International locations slip really for a purposes. Tonight accurate reservations used to arrive chairs. New rules will rise rather arrangements. G                                                      | Men                                                | pants                                              |           47.72 |            8986.79 |    0.7883708935296764
 AAAAAAAAIIDBAAAA | Arms draw; eyes adopt later technological, low results. Commercial americans teach still; agreements may know pri                                                                                        | Men                                                | pants                                              |           36.68 |            3274.56 |    0.2872625034207472
 AAAAAAAAIIDEAAAA | Somewhat blue days complain relatively apparent visits. Reasons can tell then then surprised needs. United resources go just obvious strategies. Shares may not prove mistakes. Please ne                | Men                                                | pants                                              |           46.82 |            6806.02 |    0.5970616948633325
 AAAAAAAAIIMAAAAA | Detailed passengers ma                                                                                                                                                                                   | Men                                                | pants                                              |            5.91 |            9873.54 |    0.8661615050647674
 AAAAAAAAIJECAAAA | Practical, high events like previous relations. Exhibitions see very wrong others. Better new men ought to wake by far judicial, ac                                                                      | Men                                                | pants                                              |           21.36 |  7223.219999999999 |    0.6336607849478432
 AAAAAAAAILICAAAA | Members shall anticipate to a sisters; investigations might not demonstrate hence; ingredients should not turn wi                                                                                        | Men                                                | pants                                              |            1.55 |            6458.75 |    0.5665972509188261
 AAAAAAAAILKAAAAA | Efforts see here good details. Chairs run too in a tons; great, alone measures can vanish already much red r                                                                                             | Men                                                | pants                                              |            4.08 |  4780.349999999999 |   0.41935872551651787
 AAAAAAAAILMAAAAA | Parts say leaders. Eventually ordinary feet would trust sometimes; assumptions think only. Experiences must propose quickly brief, rural police; exactly very attitudes find almost already poor stat    | Men                                                | pants                                              |            2.17 |              770.4 |   0.06758374640725583
 AAAAAAAAIMFDAAAA | Simple, human times offer years. Valuable, able horses see home private, representative relations. Very masters must not say; special, structural items t                                                | Men                                                | pants                                              |             4.1 |            1441.29 |    0.1264379255702411
 AAAAAAAAIMIBAAAA | Economic, local friends may want however bloody shops. Decades look together then human things.                                                                                                          | Men                                                | pants                                              |            1.98 |              909.2 |   0.07976004962808542
 AAAAAAAAINABAAAA | Creditors may see much new, chief payments; seats obscure yea                                                                                                                                            | Men                                                | pants                                              |           63.95 |            1970.81 |   0.17289034690665092
 AAAAAAAAINBAAAAA | Applicable, general efforts used to fall genuine, central wings. Orthodox passages fulfil right broad years                                                                                              | Men                                                | pants                                              |            0.98 | 3360.2599999999998 |    0.2947805811298617
 AAAAAAAAIPCBAAAA | Telecommunications should consider readily long, important girls; labour, right words paint nationally i                                                                                                 | Men                                                | pants                                              |            1.77 |            4247.05 |   0.37257470168605383
 AAAAAAAAIPDAAAAA | British structures cannot emphasize though soon overseas interviews. Services could not grant proudly final books. Social, frequent c                                                                    | Men                                                | pants                                              |           37.29 |            4396.04 |    0.3856449280323896
 AAAAAAAAIPGDAAAA | Necessary heroes obtain unpleasant, recent businesses. Easy times wonder above main, final pupils. Loudly wrong buildings know                                                                           | Men                                                | pants                                              |            0.95 |            8595.96 |     0.754085125606068
 AAAAAAAAJAKAAAAA | Otherwise big individuals know wild, tight companies. External, other kids apologise totally markets. Mi                                                                                                 | Men                                                | pants                                              |            7.66 |            5916.83 |    0.5190570330410742
 AAAAAAAAJCLDAAAA | Other branches could not give new women. Future, direct preferences agree also national woods. Now substantial areas make else often o                                                                   | Men                                                | pants                                              |              37 |            5512.91 |   0.48362293796212974
 AAAAAAAAJCPCAAAA | Loud strong preparations meet societies. Gentle abilities make pp.. Groups might count so here tough classes; only human directions should compensate yesterday strictly overseas jobs                   | Men                                                | pants                                              |            4.98 |           20190.64 |    1.7712345451196727
 AAAAAAAAJDKAAAAA | Either female miles renounce there books. Good things must reject in a police. Radically                                                                                                                 | Men                                                | pants                                              |           63.97 |             509.51 |   0.04469703353058271
 AAAAAAAAJGBDAAAA | Buildings might remove. Else intense popu                                                                                                                                                                | Men                                                | pants                                              |            2.97 |            3064.97 |    0.2688761101062395
 AAAAAAAAJHLBAAAA | Historians used to see away from the years. National, real rats feel slightly at least right groups. Main things must result often red papers. There                                                     | Men                                                | pants                                              |            2.63 |            4217.42 |    0.3699753943054113
 AAAAAAAAJIIDAAAA | Black structures might flow straight; difficult counties know for a wings. Grand projects must mean considerably to the facilities. Familiar men carry clea                                              | Men                                                | pants                                              |            8.65 |            9470.79 |    0.8308300488530302
 AAAAAAAAJKADAAAA | Raw, wrong activities might stand plain policies; american, different documents canno                                                                                                                    | Men                                                | pants                                              |           51.99 |            5812.55 |     0.509909015030497
 AAAAAAAAJMEAAAAA | Happy, attractive dangers could develop                                                                                                                                                                  | Men                                                | pants                                              |             2.8 |             623.21 |  0.054671426010469766
 AAAAAAAAJOIAAAAA | Central, central groups could not phone. Really basic times will walk internal, social times. Ashamed police will not sound simple, big refugees; classes ought to engage. Secondary levels must not c   | Men                                                | pants                                              |            3.81 |             5711.1 |    0.5010092602628229
 AAAAAAAAJPBAAAAA | Immediate friends learn already. Yesterday important deals will come once t                                                                                                                              | Men                                                | pants                                              |            8.32 |              10841 |    0.9510324439266101
 AAAAAAAAKADBAAAA | High, essential children think occas                                                                                                                                                                     | Men                                                | pants                                              |            8.44 |             133.76 |  0.011734166562090524
 AAAAAAAAKBGAAAAA | New, potential readers shall explain however. Assessments sign never others; soldiers come. Gingerly formal layers produce never open cells. Minor games will not make other schools. Profe              | Men                                                | pants                                              |           12.45 |                298 |  0.026142207203222013
 AAAAAAAAKBMAAAAA | Rates run. Faster national pools set units; strong accountants can l                                                                                                                                     | Men                                                | pants                                              |            9.84 | 12995.349999999999 |    1.1400239341556748
 AAAAAAAAKEBCAAAA | Tensions attract historical, modern benefits. Environmental years                                                                                                                                        | Men                                                | pants                                              |            1.53 |            1407.64 |    0.1234859615689377
 AAAAAAAAKEFAAAAA | Financial, moving effects enjoy further today different politicians; favorable, english cities must not know great,                                                                                      | Men                                                | pants                                              |            7.63 |  5482.650000000001 |   0.48096836349914485
 AAAAAAAAKEFBAAAA | Classical, necessary songs understand more old points; wide men shall not get as to a parents. S                                                                                                         | Men                                                | pants                                              |            2.22 |            6211.63 |    0.5449185185562079
 AAAAAAAAKFHDAAAA | Official, unlikely ministers disappear ways. New, generous products stick yet. Courses would tell always other prices. Popular, integrated colleagues make. Sh                                           | Men                                                | pants                                              |            8.77 |            3166.08 |    0.2777460381945542
 AAAAAAAAKGDAAAAA | Main, special ministers ought to analyse old resources. Relevant eyes mention quiet, nuclear faces. Foreign, acute parts accept always hours. Bri                                                        | Men                                                | pants                                              |           79.54 |            6882.61 |    0.6037805930166706
 AAAAAAAAKGECAAAA | Glasses might consider pretty now alone careers. Independent developments will not suit always; different, human contents shall expect also. Free, silly c                                               | Men                                                | pants                                              |             2.1 | 1363.9499999999998 |   0.11965323327125724
 AAAAAAAAKHJDAAAA | Workers must not incorporate estimated                                                                                                                                                                   | Men                                                | pants                                              |            2.93 |            2972.85 |   0.26079483451039787
 AAAAAAAAKKFDAAAA | Ethnic parties could help close, frequent costs. Common nerves stop aspects. Extensive, international feet would pass all full, secondary goals. Hardly other lives make also local times. Great house   | Men                                                | pants                                              |            8.45 |  5671.849999999999 |     0.497566033307365
 AAAAAAAAKLABAAAA | Perhaps italian intervals deal so general miles. Right, doubtful interests kil                                                                                                                           | Men                                                | pants                                              |            4.75 |             471.87 |  0.041395044674444194
 AAAAAAAAKLDBAAAA | Comparable, cultural organisations go well wide suggestions. Shortly low minds endure eve                                                                                                                | Men                                                | pants                                              |            4.31 |             4969.7 |   0.43596955415386723
 AAAAAAAAKLFAAAAA | Different                                                                                                                                                                                                | Men                                                | pants                                              |            1.41 |             223.96 |  0.019647009145079202
 AAAAAAAAKMCBAAAA | Lovely centuries ought to consider. Little, true men should not explain benefits; words may move already different, difficult terms. New, brief areas used to fall similar, busy int                     | Men                                                | pants                                              |            7.51 | 6123.4800000000005 |    0.5371855133046508
 AAAAAAAAKMMDAAAA | Le                                                                                                                                                                                                       | Men                                                | pants                                              |             4.9 |              399.9 |    0.0350814384582835
 AAAAAAAAKOLAAAAA | Clear, long reservations select as hands. Br                                                                                                                                                             | Men                                                | pants                                              |            1.37 |            8636.32 |    0.7576257278970816
 AAAAAAAAKPGBAAAA | French services would not miss for a police. Elements go now hardly large                                                                                                                                | Men                                                | pants                                              |            6.77 |  4553.679999999999 |    0.3994739801918389
 AAAAAAAAKPHDAAAA | Acceptable individuals assess strongly. Deaf, likely affairs should ensure as. Dangerously sweet examples live further areas. Relatively public election                                                 | Men                                                | pants                                              |             1.8 |            3946.05 |    0.3461693179002491
 AAAAAAAAKPICAAAA | Great, stron                                                                                                                                                                                             | Men                                                | pants                                              |           18.91 |            8855.66 |    0.7768674451049834
 AAAAAAAALACAAAAA | Times hold through a titles. Home christian restaurants ought to matter bad, physical months; police give then public years. Policies acknowledge as new, certain                                        | Men                                                | pants                                              |            3.65 |            8516.55 |     0.747118841465102
 AAAAAAAALBHAAAAA | Activities earn forward among the levels. Most very problems will not ensure by the pa                                                                                                                   | Men                                                | pants                                              |            4.88 |            9422.96 |    0.8266341368713854
 AAAAAAAALBOCAAAA | Children win further. Passengers pull here m                                                                                                                                                             | Men                                                | pants                                              |            3.44 |            3155.86 |   0.27684948330322223
 AAAAAAAALCJAAAAA | Conscious creatur                                                                                                                                                                                        | Men                                                | pants                                              |            0.98 |            5985.32 |    0.5250653544214389
 AAAAAAAALGACAAAA | Quite important images get always in a men. Important, reliable words may give there more nor                                                                                                            | Men                                                | pants                                              |            9.72 | 5168.9400000000005 |   0.45344798825846444
 AAAAAAAALJJCAAAA | Mental, dead effects comply indeed democrats. Organic bo                                                                                                                                                 | Men                                                | pants                                              |             0.1 |            2410.81 |    0.2114895790187908
 AAAAAAAALKABAAAA | Hands shall not go. Forward lonely boys consider precious, famous years; only d                                                                                                                          | Men                                                | pants                                              |            8.82 |            5772.33 |    0.5063806943133373
 AAAAAAAALNBAAAAA | However initial opportunities put as. Faces may not examine characteristically new, wide heads. So ideal w                                                                                               | Men                                                | pants                                              |             4.1 |             356.33 |  0.031259237223906375
 AAAAAAAALOGAAAAA | Massive workers wait miles. Able citizens get rates. Gentlemen ought to get presumably from a sports. Eyes develop then violent plans. Corporate constraints must not hear from                          | Men                                                | pants                                              |             3.7 | 16014.970000000001 |    1.4049216915885383
 AAAAAAAAMANAAAAA | Passengers know technical, high buyers. Likely, busy vessels pull also physical, dull teeth. Prospects migh                                                                                              | Men                                                | pants                                              |             1.6 |              835.4 |   0.07328590569654922
 AAAAAAAAMBHDAAAA | Exceptional, healthy powers must not see there however left patients. Probably other scientists cause relatively p                                                                                       | Men                                                | pants                                              |           85.27 | 15404.349999999999 |    1.3513547299696407
 AAAAAAAAMDJBAAAA | Apparent communities will repay so as joint others. Relations lay bad rules. Companies might us                                                                                                          | Men                                                | pants                                              |           12.08 |            2690.29 |   0.23600710945220182
 AAAAAAAAMEBDAAAA | Structures roll much very marginal streets. P                                                                                                                                                            | Men                                                | pants                                              |            2.63 |           18051.49 |    1.5835764829090275
 AAAAAAAAMECBAAAA | New, interesting teachers hold sometimes only present rules. Various, new relations                                                                                                                      | Men                                                | pants                                              |            1.62 |            5724.77 |    0.5022084682241251
 AAAAAAAAMEDEAAAA | Networks afford with a elements. Additional, still parents smell in a knees. Military, national scientists handle too vital groups.                                                                      | Men                                                | pants                                              |            1.16 |            4245.45 |    0.3724343408420097
 AAAAAAAAMFGCAAAA | Cultural, beautiful names will not accept h                                                                                                                                                              | Men                                                | pants                                              |            6.96 |            1325.04 |    0.1162398329951587
 AAAAAAAAMFIAAAAA | Single, rural                                                                                                                                                                                            | Men                                                | pants                                              |            1.48 |            3700.76 |    0.3246511232530063
 AAAAAAAAMGOCAAAA | Right rich programmes could wake. Just electrical men ought to use hopelessly. Private det                                                                                                               | Men                                                | pants                                              |           36.14 |            4195.08 |     0.368015606020445
 AAAAAAAAMHKAAAAA | Much secondary times escape then extra experiences. Current, early businesses reopen else; enough capital alternatives would not find; active chan                                                       | Men                                                | pants                                              |            7.15 | 10828.909999999998 |    0.9499718422988014
 AAAAAAAAMIADAAAA | Provisions find by a lives. Sheer drawings might not wait sure, single schools. So famous others might begin later satisfied domestic decisions. Sudden, important offices think. Main,                  | Men                                                | pants                                              |            0.48 |            2814.54 |   0.24690700624750497
 AAAAAAAAMJGCAAAA | Already initial scots s                                                                                                                                                                                  | Men                                                | pants                                              |            1.88 |            5184.09 |    0.4547770300005074
 AAAAAAAAMJMBAAAA | Pretty sure experiments cannot settle in terms of the ages.                                                                                                                                              | Men                                                | pants                                              |            1.61 |           15308.36 |    1.3429339565822676
 AAAAAAAAMJPCAAAA | Overall arms would reduce hitherto cells. Expressions advise well hands. Cultural, solid bars should see particular tons. Vague abilit                                                                   | Men                                                | pants                                              |            1.86 |             599.02 |   0.05254934549957735
 AAAAAAAAMKCCAAAA | Parents could say p                                                                                                                                                                                      | Men                                                | pants                                              |            2.88 |            2023.68 |   0.17752839554703465
 AAAAAAAAMKEAAAAA | Industrial, addition                                                                                                                                                                                     | Men                                                | pants                                              |           83.16 |            4818.99 |     0.422748439900184
 AAAAAAAAMKFCAAAA | Quite key characteristics may not leave better new medical c                                                                                                                                             | Men                                                | pants                                              |            2.29 | 7196.9800000000005 |    0.6313588671055194
 AAAAAAAAMLFAAAAA | Important powers used to get other, black operations. Expectations get again in a russians. Other stars could                                                                                            | Men                                                | pants                                              |            9.35 |            3507.86 |    0.3077288689929341
 AAAAAAAAMNICAAAA | Modern attitudes                                                                                                                                                                                         | Men                                                | pants                                              |            9.28 |            9118.51 |    0.7999261000156106
 AAAAAAAANBFAAAAA | Hotels tear sports. Also happy awards ought to know of course on a years. Organizations would not indicate now wild, linguistic reports. Rates secure extremely sides. Police should n                   | Men                                                | pants                                              |            2.51 |           18350.37 |    1.6097958885764736
 AAAAAAAANECAAAAA | Subsequently fiscal sports encourage faster likely advantages; organic doors set tropical, british films. Ethical, sorry views honour above at                                                           | Men                                                | pants                                              |            7.58 | 3351.1400000000003 |   0.29398052431881017
 AAAAAAAANJECAAAA | For example only resources hear tiny, long counties. Than                                                                                                                                                | Men                                                | pants                                              |            4.58 | 15562.619999999999 |    1.3652390492114328
 AAAAAAAANLDBAAAA | Well independent connections keep very police; dead flowe                                                                                                                                                | Men                                                | pants                                              |            6.02 |            3578.06 |     0.313887201025371
 AAAAAAAANODEAAAA | Still easy eggs might not take well other, great schools. Black, particular circumstances will shout much ordinarily ol                                                                                  | Men                                                | pants                                              |            7.09 |            5343.73 |    0.4687815332150119
 AAAAAAAAOALBAAAA | As pleased years reach earlier arts. Complex, british reductions produce unit                                                                                                                            | Men                                                | pants                                              |           17.44 |             263.63 |   0.02312708082209872
 AAAAAAAAOBGCAAAA | Real, true girls must see possibly flexible, good groups. Unable trials involve; violent others could not release dull purposes. Sm                                                                      | Men                                                | pants                                              |            0.09 |            1892.82 |   0.16604863301477413
 AAAAAAAAOEICAAAA | Of course social statement                                                                                                                                                                               | Men                                                | pants                                              |            1.84 |           11329.04 |    0.9938460103811755
 AAAAAAAAOELDAAAA | American, afraid eyes know; attractive, reduced children evaluate more men. Fragments would not start from a others. Friends will sit solely. Largely handsome deals shall                               | Men                                                | pants                                              |            9.99 | 13039.760000000002 |    1.1439198248331757
 AAAAAAAAOGJAAAAA | Masses get nearly in the parties. English studies seem previous, alive clients. Futures might examine please inland                                                                                      | Men                                                | pants                                              |            1.58 |           10533.79 |    0.9240822846148591
 AAAAAAAAOHAEAAAA | Materials must offer. Alternatives hang                                                                                                                                                                  | Men                                                | pants                                              |            0.42 |             977.28 |   0.08573240354216378
 AAAAAAAAOHFCAAAA | Inte                                                                                                                                                                                                     | Men                                                | pants                                              |           42.86 | 1887.9899999999998 |   0.16562491871681584
 AAAAAAAAOIHDAAAA | Long households expose now chronic, ready questions; months put like the holes. Refugees buy alternatively. Chinese, inland services face just obvious letters. Complete weapons wear briefly holidays;  | Men                                                | pants                                              |            7.49 | 11260.130000000001 |    0.9878008442792492
 AAAAAAAAOJBCAAAA | Later electrical years increase as on a islands. Also corporate sanctions must work unnecessarily. Meanwhile new pounds would not take                                                                   | Men                                                | pants                                              |           94.86 |            1783.52 |   0.15646023285600846
 AAAAAAAAOJFDAAAA | However available arrangement                                                                                                                                                                            | Men                                                | pants                                              |            8.92 |               8720 |    0.7649666000405904
 AAAAAAAAOKFAAAAA | Personal things might not receive soft, la                                                                                                                                                               | Men                                                | pants                                              |            1.03 |            5285.76 |   0.46369608438423754
 AAAAAAAAOMAAAAAA | Present times ought to occur now internal men. So gothic losses take benefits; once great feet ought to succeed hopefully despite a areas. La                                                            | Men                                                | pants                                              |            5.45 |               46.8 | 0.0041055546882912426
 AAAAAAAAOMGAAAAA | Japanese functions could experience large, armed standards. Friends shall add little usually available manufacturers. Defences will dominate lines. So early sons cope studies. Technical, aust          | Men                                                | pants                                              |            0.85 |            5009.51 |    0.4394619074047406
 AAAAAAAAONIAAAAA | New traders display surroundings. Similar, main poems would seek large, new careers. White, importan                                                                                                     | Men                                                | pants                                              |            75.4 | 1989.9100000000003 |   0.17456590448242792
 AAAAAAAAOONDAAAA | Senior, main events should not park below for a processes. Critical, equal yards work common facilities; very national women exploit however french customers. Jus                                       | Men                                                | pants                                              |            2.24 |            4105.84 |   0.36018697994388277
 AAAAAAAAPCGCAAAA | Thinly personal items                                                                                                                                                                                    | Men                                                | pants                                              |            8.76 |            6148.12 |    0.5393470703029306
 AAAAAAAAPEHCAAAA | Indicators must not h                                                                                                                                                                                    | Men                                                | pants                                              |            1.53 |           13445.71 |    1.1795320027330007
 AAAAAAAAPFBEAAAA | Ready, british reductions would not know relatively soon reliable v                                                                                                                                      | Men                                                | pants                                              |            0.77 |               5369 |   0.47099835729563416
 AAAAAAAAPGDBAAAA | Workers fall to a doors. Automatic provisions must enjoy later clearly dutch schemes. Nervous questions report surely expectations. Germans should lead completely. Urban, crucial fires know yester     | Men                                                | pants                                              |            8.38 |  5407.360000000001 |   0.47436350853159254
 AAAAAAAAPJNAAAAA | European, free structures acknowledge. Interesting, colonial figures will not counter about different forms. Ears sound now likely, particular pattern                                                   | Men                                                | pants                                              |            4.71 |             809.98 |   0.07105592278679787
 AAAAAAAAPMLCAAAA | Organizations believe major companies; inside entire facilities modernise just parties. Small cells leave somehow; different, traditional structures m                                                   | Men                                                | pants                                              |             8.3 |            3423.04 |    0.3002879897480439
 AAAAAAAAPOBEAAAA | Other, cognitive cases should appreciate studies. Single, detailed talks will drift also finger                                                                                                          | Men                                                | pants                                              |             1.1 |           11663.68 |    1.0232024809130085
 AAAAAAAAPOEBAAAA | Real services would not see generous, different agents; new purposes may not win off a numbers; narrow pressures could like from a findings. C                                                           | Men                                                | pants                                              |            0.27 |              65.56 |  0.005751285584708842
 AAAAAAAAAAEEAAAA | Very common rebels cannot enjoy thoroughly modern sides. Distinctive experiences could not try steps. Obvious, effective corners used to come in a models. Subjects might not serv                       | Men                                                | shirts                                             |            2.93 |           10427.91 |    0.8040271591430517
 AAAAAAAAABBAAAAA | Likely thoughts will debate necessarily other eyes. Real, particu                                                                                                                                        | Men                                                | shirts                                             |             0.6 |             119.43 |  0.009208457266744213
 AAAAAAAAABICAAAA | High costs shall explain at least towns. Scenes                                                                                                                                                          | Men                                                | shirts                                             |            0.69 |           14333.33 |    1.1051482608653005
 AAAAAAAAABJBAAAA | Newspapers give other, average children. Very central servants mean here; likely degrees will not trade low in a blocks. Decisive, male symptoms record lately                                           | Men                                                | shirts                                             |            4.68 |            5694.73 |    0.4390829594795803
 AAAAAAAAABNAAAAA | Sales must swear here                                                                                                                                                                                    | Men                                                | shirts                                             |            4.83 |              13741 |     1.059477612847126
 AAAAAAAAADFCAAAA | Demands must get banks. Historical, due methods afford also dominant areas. Clear states cannot expect usually. Main, new                                                                                | Men                                                | shirts                                             |            0.97 |            2111.55 |   0.16280765252946283
 AAAAAAAAAEGEAAAA | Already bad cases come on a fingers. Minutes tackle; various objects stay by a phenomena. Different stude                                                                                                | Men                                                | shirts                                             |            1.19 |           14045.73 |    1.0829733273484652
 AAAAAAAAAFMCAAAA | Forests develop still n                                                                                                                                                                                  | Men                                                | shirts                                             |            4.48 |           11840.08 |     0.912910246293501
 AAAAAAAAAGFCAAAA | Photographs might not prove home serious persons. Easy rough employers shall not face boots; professionals rol                                                                                           | Men                                                | shirts                                             |           45.68 | 3103.1000000000004 |    0.2392595138946159
 AAAAAAAAAGHDAAAA | Local ar                                                                                                                                                                                                 | Men                                                | shirts                                             |            0.23 |             1710.4 |   0.13187762964949598
 AAAAAAAAAGIDAAAA | Potentially possible concessions might not play a little. Public, new days mind similarly important methods; male groups carry very grim communications. Actual reserves will murder on                  | Men                                                | shirts                                             |             8.1 |             890.79 |   0.06868292429576386
 AAAAAAAAAHABAAAA | Galleri                                                                                                                                                                                                  | Men                                                | shirts                                             |            3.82 |             1395.3 |   0.10758235304603703
 AAAAAAAAAICAAAAA | Intense, young years enter about dogs. Times should contradict now different, decent factors; as active things ought to accept                                                                           | Men                                                | shirts                                             |            0.66 |            2895.82 |   0.22327752425842107
 AAAAAAAAAINBAAAA | Ancient, e                                                                                                                                                                                               | Men                                                | shirts                                             |            8.95 |            4321.29 |    0.3331860864289467
 AAAAAAAAAKBDAAAA | Enough useful clothes spare more in a subjects; decisions should not complement new, personal passengers. Theoretical figures make. About able states could                                              | Men                                                | shirts                                             |            4.51 | 2062.7599999999998 |   0.15904577837686756
 AAAAAAAAALFDAAAA | Increasing                                                                                                                                                                                               | Men                                                | shirts                                             |            1.59 |            7649.26 |    0.5897838385013467
 AAAAAAAAAMKBAAAA | Often american groups increase able qualities. Good stories mention purposes. Dead events can consider clearly at a shoes. Wings include edges. Rather marginal affairs find th                          | Men                                                | shirts                                             |             4.4 |           12789.92 |    0.9861461254716333
 AAAAAAAAAPOAAAAA | Clearly sad ships feel for the films.                                                                                                                                                                    | Men                                                | shirts                                             |             4.9 |  5050.110000000001 |   0.38938057546142196
 AAAAAAAAAPODAAAA | Nuclear, nuc                                                                                                                                                                                             | Men                                                | shirts                                             |           35.98 | 7150.0599999999995 |    0.5512938287252545
 AAAAAAAABEPCAAAA | Full, bitter skills link yesterday other, acceptable hours. Good, aware lives shall call therefore extreme                                                                                               | Men                                                | shirts                                             |            2.84 |               6356 |   0.49006911485745813
 AAAAAAAABFEAAAAA | Versions would make tight nights; pink minutes adopt complex activities; immediately southern victims free often useful agencies. Different, dangerous millions thi                                      | Men                                                | shirts                                             |            4.26 | 1271.6100000000001 |   0.09804543535932857
 AAAAAAAABINAAAAA | Popular roles may apply then secret profits. Much darling pains will not defend equivalent words. Particularly national magistrates pay between the times. Par                                           | Men                                                | shirts                                             |            5.19 |               10.6 | 0.0008172958806622177
 AAAAAAAABLLCAAAA | Social countri                                                                                                                                                                                           | Men                                                | shirts                                             |            3.64 |             405.27 |  0.031247688826035565
 AAAAAAAABPGDAAAA | Desperate, popular gifts may win. Practical pp. return                                                                                                                                                   | Men                                                | shirts                                             |            4.34 |            16078.8 |    1.2397299062256288
 AAAAAAAACCKDAAAA | Weeks help on                                                                                                                                                                                            | Men                                                | shirts                                             |            9.75 |            1337.52 |   0.10312731946257825
 AAAAAAAACDFDAAAA | National flowers take as well liable characters; eyes resume also already obvious measurements. Human police look almost therefore similar comp                                                          | Men                                                | shirts                                             |            6.73 |            6931.74 |    0.5344606177190114
 AAAAAAAACDIAAAAA | Red, british universities should not retain at least also inner guests. Kinds would enforce for example en                                                                                               | Men                                                | shirts                                             |               4 | 3160.7400000000002 |   0.24370375300417907
 AAAAAAAACEMBAAAA | Inside small skills will like actually like the courses. Urban, full investors believe more award                                                                                                        | Men                                                | shirts                                             |            3.48 |           16260.94 |    1.2537735167637247
 AAAAAAAACFCCAAAA | Patterns love just men; soon simple authorities balance constantly still single relationships. Variations work to a things.                                                                              | Men                                                | shirts                                             |            2.04 |            2865.94 |   0.22097367511557325
 AAAAAAAACFEAAAAA | Legal, other papers quit instead great police. Contracts bury for the things. New hands cannot exceed ever also normal parties. Always other members would determine roughly in a companies              | Men                                                | shirts                                             |             4.7 |           10100.29 |    0.7787665481597917
 AAAAAAAACFIBAAAA | Constant,                                                                                                                                                                                                | Men                                                | shirts                                             |            9.12 | 150.39999999999998 |  0.011596349099207315
 AAAAAAAACGNBAAAA | Explanations strike around average, do                                                                                                                                                                   | Men                                                | shirts                                             |            0.57 |            4883.27 |   0.37651664671333857
 AAAAAAAACHCCAAAA | Dry officers try. Already political points can include little studies. Local prospects ought to show close separate, central sports. Fruits                                                              | Men                                                | shirts                                             |            2.39 |              39.22 | 0.0030239947584502058
 AAAAAAAACIADAAAA | Earlier real levels will call gently other months. Usual, chief producers cut                                                                                                                            | Men                                                | shirts                                             |           78.87 | 2517.7200000000003 |   0.19412473440196973
 AAAAAAAACJFEAAAA | Arts get big matters. Available, new contracts would not fall sadly                                                                                                                                      | Men                                                | shirts                                             |            4.45 |           12952.46 |    0.9986785096643537
 AAAAAAAACMDDAAAA | Benefits change western, alternative negotiations. Parents retreat absolutely police. Secondary, good differences should feel parties. Again plain services may hang also. New, di                       | Men                                                | shirts                                             |             4.7 |            4876.74 |    0.3760131616094966
 AAAAAAAACMNBAAAA | Civil, previous stations can worry quite just little churches. Soon new days name surely common boys. Splendid, dry parents should attract just high, military feet. Damages cannot hear certa           | Men                                                | shirts                                             |            8.36 |            6575.23 |    0.5069724899440221
 AAAAAAAACNDBAAAA | Strange principles create all. Ago efficient reports might tell briefly in a words; things make just english stars. General restrictions shall not seem heavily parents. Inc men will belong poss        | Men                                                | shirts                                             |            1.42 |            4743.88 |   0.36576920588263034
 AAAAAAAACOJBAAAA | Hands measure. Main reasons see to a conditions. High articles allow again against a women. Eastern countries get very; contents should thank greatly d                                                  | Men                                                | shirts                                             |           99.07 | 25713.350000000002 |     1.982586323870362
 AAAAAAAADCACAAAA | Premises shall take then largely ultimate cars. Pairs must know well years; cars st                                                                                                                      | Men                                                | shirts                                             |            7.04 | 2943.4500000000003 |    0.2269499584844533
 AAAAAAAADCBBAAAA | Key females could clear further dry, male results. Kindly concerned years could apply then like a securities. Easy words should join just small,                                                         | Men                                                | shirts                                             |            0.41 |             518.24 |  0.039958058225885634
 AAAAAAAADCPCAAAA | External, domestic interests come capable centres. Real, rare exchanges should not appear o                                                                                                              | Men                                                | shirts                                             |             1.8 |            6508.57 |    0.5018327783020463
 AAAAAAAADHFBAAAA | Enormous things ought to fill this poor activities. Particularly likely circumstances manage never; practical in                                                                                         | Men                                                | shirts                                             |            5.82 |            5012.28 |   0.38646375440807745
 AAAAAAAADHKCAAAA | Areas find simply clever programmes. Indian gentlemen arrive in addition;                                                                                                                                | Men                                                | shirts                                             |            0.87 |            1898.23 |   0.14635995844806052
 AAAAAAAADIOAAAAA | Considerable, local winds cannot wish. Blue users should not appreciate all local, large animals. Ways know sometimes goals                                                                              | Men                                                | shirts                                             |            4.26 |            4527.96 |    0.3491210430003109
 AAAAAAAADKDAAAAA | Other, compl                                                                                                                                                                                             | Men                                                | shirts                                             |            3.51 |            1029.51 |   0.07937870585854338
 AAAAAAAADMCCAAAA | Musical travellers exert eyes. Little, other hours understand e                                                                                                                                          | Men                                                | shirts                                             |            3.37 |            6222.55 |    0.4797796681334607
 AAAAAAAADMJBAAAA | Windows will not hold to the reserves. Ashamed members would argue available, complete years. Individuals must not bother more than later important tre                                                  | Men                                                | shirts                                             |             3.9 |            4398.84 |   0.33916545393322545
 AAAAAAAADMNAAAAA | Shortly acceptable needs may earn well new, small members. Problems wil                                                                                                                                  | Men                                                | shirts                                             |            4.81 |            5088.78 |   0.39236216335813967
 AAAAAAAADNIBAAAA | Only foreign vegetables must encourage abs                                                                                                                                                               | Men                                                | shirts                                             |            5.24 |            7853.62 |    0.6055406862534346
 AAAAAAAADPDBAAAA | Useless links prove eyes. Then rural reasons invest authorities. Regular, desirable towns prevent sure environments. Gently roman children become as                                                     | Men                                                | shirts                                             |           45.41 | 3774.3999999999996 |     0.291019016223724
 AAAAAAAAEAGBAAAA | Clients phone upstai                                                                                                                                                                                     | Men                                                | shirts                                             |           51.35 |           10560.33 |    0.8142371893805319
 AAAAAAAAEAKAAAAA | Rather essential women need also also inherent ideas; though effective windows                                                                                                                           | Men                                                | shirts                                             |             2.2 |  6131.610000000001 |    0.4727678863044586
 AAAAAAAAEBCDAAAA | Actual governments happen curiously national issues; requirements would blame luckily traditional teeth. Formal, ancient factors                                                                         | Men                                                | shirts                                             |            2.86 |             2446.8 |   0.18865656234002967
 AAAAAAAAECEAAAAA | Good foreign features stop long, new groups. Parts decide journals. Fair little dogs ought to get.                                                                                                       | Men                                                | shirts                                             |               7 |            4190.76 |    0.3231217815890562
 AAAAAAAAEDHCAAAA | Both prime letters show industrial, high events. Notes cannot go exclusively in need                                                                                                                     | Men                                                | shirts                                             |            2.92 | 1469.3600000000001 |     0.113292629736777
 AAAAAAAAEEOBAAAA | Kids become to a sides. Unfortuna                                                                                                                                                                        | Men                                                | shirts                                             |             5.6 |            5488.56 |    0.4231865546007002
 AAAAAAAAEFAEAAAA | Present documents would dri                                                                                                                                                                              | Men                                                | shirts                                             |             7.7 |           12307.37 |    0.9489398870552603
 AAAAAAAAEGBDAAAA | Great actions must cl                                                                                                                                                                                    | Men                                                | shirts                                             |            0.73 |            3860.34 |   0.29764528112788546
 AAAAAAAAEGGAAAAA | Consistent, difficult subjects can confirm never else strong attempts. Cities come                                                                                                                       | Men                                                | shirts                                             |            4.76 |  6064.200000000001 |    0.4675703471237568
 AAAAAAAAEHFBAAAA | Plan                                                                                                                                                                                                     | Men                                                | shirts                                             |            4.19 | 14977.280000000002 |    1.1547989856155305
 AAAAAAAAEHLAAAAA | Area                                                                                                                                                                                                     | Men                                                | shirts                                             |            2.45 |  840.9300000000001 |   0.06483854952125272
 AAAAAAAAEHODAAAA | Particular, free standards move so. Leading, present wages contemplate only in a standards. Enough accessible documents look national eyes.                                                              | Men                                                | shirts                                             |            3.19 |  6644.209999999999 |    0.5122910814391238
 AAAAAAAAEIJCAAAA | Really minute issues shift to no                                                                                                                                                                         | Men                                                | shirts                                             |            94.2 |            4735.13 |    0.3650945512641592
 AAAAAAAAEJADAAAA | Personal nurses work then rough factors. Final, rural words used to rain finely concerned procedures; recently brown readers exceed deliberately never financial benefits. Impossibl                     | Men                                                | shirts                                             |             5.1 |            6956.25 |    0.5363504216845804
 AAAAAAAAEJOCAAAA | Political, ltd. images would come normally gently soft workers. Crews will afford for example other, curious problems. Quantities may avoid only. Critics ought to return main                           | Men                                                | shirts                                             |            9.64 |  4664.490000000001 |   0.35964796815001027
 AAAAAAAAEKLDAAAA | Most possible videos will try very. Following                                                                                                                                                            | Men                                                | shirts                                             |            4.16 |            1913.27 |   0.14751959335798126
 AAAAAAAAEMKAAAAA | Personal teams suit already un                                                                                                                                                                           | Men                                                | shirts                                             |            0.63 |              962.2 |   0.07418887701633829
 AAAAAAAAEOABAAAA | Basic, mi                                                                                                                                                                                                | Men                                                | shirts                                             |            6.86 |            12289.2 |    0.9475389185503893
 AAAAAAAAEPABAAAA | Main, chinese                                                                                                                                                                                            | Men                                                | shirts                                             |            2.47 |            4875.27 |    0.3758998196335935
 AAAAAAAAEPOBAAAA | Affairs will not stop still miserable, new policies. Lips remedy howev                                                                                                                                   | Men                                                | shirts                                             |             8.4 |            9070.36 |    0.6993554588795616
 AAAAAAAAFAIDAAAA | Over there consistent examples must not build then. Small applications shall find requirements. Very previous ambitions meet as old characteristics. Even great kinds may help always left obvious y     | Men                                                | shirts                                             |            9.59 |           12717.14 |    0.9805345411136525
 AAAAAAAAFBDBAAAA | Away continuous stores shall not become however details. Minutes take very to a companies. Fresh, safe characters protect as more human kinds. Clear, economic acts test about in the clients. Proc      | Men                                                | shirts                                             |            6.85 |            4973.28 |    0.3834567223943202
 AAAAAAAAFBDEAAAA | Slowly recent lovers win central, precise centres. Corporate, fine cars might go things. Important, equal a                                                                                              | Men                                                | shirts                                             |            3.54 |            5336.46 |     0.411459129747047
 AAAAAAAAFLDDAAAA | Formal eggs should repla                                                                                                                                                                                 | Men                                                | shirts                                             |             3.4 |            5617.88 |   0.43315756434477926
 AAAAAAAAGBHDAAAA | Personal, military kids ought to ride leaves. Sure, moving rights strike truly in the buildings. Homes should destroy difficult dreams; growing units wou                                                | Men                                                | shirts                                             |            3.39 |             5725.2 |    0.4414322996195594
 AAAAAAAAGBOCAAAA | Men try likely plans. Today legal nations like much other police. Brilliant problems may take. Present persons read so l                                                                                 | Men                                                | shirts                                             |            3.03 |             992.65 |   0.07653667508861797
 AAAAAAAAGDFCAAAA | Scholars treat as related profits. Lips shall not return only young standards; chinese, heavy types become inside working areas. Gold rights become grateful contacts. Quarters may withstand new        | Men                                                | shirts                                             |            0.51 |            6032.04 |    0.4650907022631815
 AAAAAAAAGDNAAAAA | Yesterday nasty experiments used to see no longer from a contents. So free days shall not know problems; financial, s                                                                                    | Men                                                | shirts                                             |             5.1 |            2395.54 |   0.18470424282656311
 AAAAAAAAGEBDAAAA | Numerous sums hear intellectually main operations; exte                                                                                                                                                  | Men                                                | shirts                                             |            1.42 |            3501.57 |    0.2699828997028681
 AAAAAAAAGEIBAAAA | Communications make. Birds meet most technologies. Other republics cannot stay also pure occasions. Quite prime stages commit in a lines. Crucial, subsequen                                             | Men                                                | shirts                                             |           42.15 |            6411.24 |   0.49432830584309784
 AAAAAAAAGEPDAAAA | Never personal owners can                                                                                                                                                                                | Men                                                | shirts                                             |           62.09 |             926.64 |   0.07144708064687146
 AAAAAAAAGFGAAAAA | British refugees shall enter often libraries. Hard pensions could e                                                                                                                                      | Men                                                | shirts                                             |            8.09 |            3705.63 |    0.2857166164394655
 AAAAAAAAGGFCAAAA | Reasonable, white feet might make only previous charges; schools march constant ways. Even original sorts might relax very. Areas will help adults. Only, administrative injurie                         | Men                                                | shirts                                             |             4.7 |            4414.56 |    0.3403775191449246
 AAAAAAAAGGKDAAAA | National, central departments might rush however single attacks. Rights could see producers. New i                                                                                                       | Men                                                | shirts                                             |           22.94 |            9626.67 |    0.7422488429711841
 AAAAAAAAGGOAAAAA | More little dollars would not apply social, damp implications. Here electoral areas prove still. Overall, rare unions may not get plants. Ap                                                             | Men                                                | shirts                                             |            4.31 |             700.28 |  0.053993958425484705
 AAAAAAAAGGPBAAAA | Political animals te                                                                                                                                                                                     | Men                                                | shirts                                             |            8.58 |            4469.71 |    0.3446297708259171
 AAAAAAAAGHDAAAAA | Free, special months go only coming                                                                                                                                                                      | Men                                                | shirts                                             |            9.35 |           21556.58 |    1.6620852863363726
 AAAAAAAAGHIBAAAA | Now vocational feet must not keep unfairly whole terrible schools. Sure, unhappy friends comply; so weak societies provide issues; certainly preliminary police would lack men. Effecti                  | Men                                                | shirts                                             |            1.72 | 3148.9700000000003 |   0.24279624616310413
 AAAAAAAAGHOBAAAA | Pounds might not find committees. Ever european concentrations illustrate gently e                                                                                                                       | Men                                                | shirts                                             |            7.96 |             360.14 |   0.02776801306242369
 AAAAAAAAGKGBAAAA | Successful women could depend predictably discussions; human minds prove likely, changing factors. Just other solutions may get. Most little methods should not talk right; hotels confirm. So           | Men                                                | shirts                                             |               1 |            3274.75 |     0.252494309924396
 AAAAAAAAGKIBAAAA | Existing, powerful units back simply british, new customers. High methods may work in a options. Natural, long arrangements shall ask comparatively likely sectors. Current paintings may note there     | Men                                                | shirts                                             |            8.65 |            8670.89 |    0.6685549696863412
 AAAAAAAAGMKAAAAA | So concrete years cause far problems. Social expenses will keep everyday, spe                                                                                                                            | Men                                                | shirts                                             |            1.05 |            9489.23 |    0.7316517537411639
 AAAAAAAAGNGDAAAA | Recent assum                                                                                                                                                                                             | Men                                                | shirts                                             |            7.26 |            4388.22 |    0.3383466159848639
 AAAAAAAAGPBBAAAA | Points could speculate rights; special, unique employers may try now per a areas; sure, living                                                                                                           | Men                                                | shirts                                             |            4.35 | 2074.1800000000003 |   0.15992629903320368
 AAAAAAAAGPFAAAAA | Only basic days must                                                                                                                                                                                     | Men                                                | shirts                                             |            6.41 |  8459.140000000001 |     0.652228327919339
 AAAAAAAAHCCCAAAA | Particular, sad projects deliver still bad readers; later                                                                                                                                                | Men                                                | shirts                                             |            7.17 | 397.33000000000004 |  0.030635487949388588
 AAAAAAAAHDECAAAA | Essential women shall not keep small, small managers. Strong police blow largely general, silent subjects. Surprised, acceptable operations may take uniquely in a months; main, emotional miners cou    | Men                                                | shirts                                             |            5.44 | 19398.690000000002 |    1.4957046629474866
 AAAAAAAAHFDEAAAA | Corporate, open teeth borrow urban countries; suc                                                                                                                                                        | Men                                                | shirts                                             |            8.01 |  8958.560000000001 |    0.6907353004401244
 AAAAAAAAHFGBAAAA | Obviously numerous hearts stand good feet. Enough young children might not achieve quickly; o                                                                                                            | Men                                                | shirts                                             |               9 |  9706.640000000001 |    0.7484148006670859
 AAAAAAAAHGGDAAAA | Linguistic, white models come more elections. British years shall find. Within sharp members should remove more owing to the wages. For example main poles understand never british grounds. Originally  | Men                                                | shirts                                             |               1 |             6650.8 |     0.512799192746064
 AAAAAAAAHGNCAAAA | Stations can reflect now free provisions; ethnic hands go for example mostly local names. Sequences give as a reasons; almost high years detect beforehand. Free, responsible households will            | Men                                                | shirts                                             |            5.81 |            8838.65 |    0.6814898335485954
 AAAAAAAAHJNCAAAA | Shops might matter perhaps again various lives; various doors would cry                                                                                                                                  | Men                                                | shirts                                             |            5.21 |  6287.170000000001 |    0.4847620888701016
 AAAAAAAAHKLAAAAA | Irish, immediate modes might not try only activities. Crowds should keep more efforts. Clearly recent children get as foreign books. Members should talk. All steep i                                    | Men                                                | shirts                                             |           80.38 |            4279.73 |     0.329981669749671
 AAAAAAAAHNLAAAAA | Full banks live more cour                                                                                                                                                                                | Men                                                | shirts                                             |            7.47 |  8667.880000000001 |    0.6683228884975873
 AAAAAAAAHODEAAAA | Significant, sufficient hours could sleep s                                                                                                                                                              | Men                                                | shirts                                             |             1.9 |  8442.689999999999 |     0.650959977236613
 AAAAAAAAIBBEAAAA | Too famo                                                                                                                                                                                                 | Men                                                | shirts                                             |            1.84 |            3731.64 |   0.28772207548248663
 AAAAAAAAIBIAAAAA | Existing years examine. Relatively new ways finish indeed too easy pupils. Able divisions will n                                                                                                         | Men                                                | shirts                                             |            5.83 | 1112.8000000000002 |   0.08580064679253925
 AAAAAAAAICDAAAAA | Terrible legs get a little active, different attacks. New farmers used to retain both; again cold systems find only; workers endanger with the others. Methods mig                                       | Men                                                | shirts                                             |            9.29 |            4255.05 |    0.3280787582086575
 AAAAAAAAICPBAAAA | Standards take almost monetary discussions. Nearly labour pupils could arise about words. Smoothly keen resources should                                                                                 | Men                                                | shirts                                             |            3.54 |             314.85 |  0.024276000757216913
 AAAAAAAAIEFCAAAA | Leading, significant techniques call open, relative reasons. Days win very white societies. Rare, true courses talk medical facts. Fresh stairs appear now applica                                       | Men                                                | shirts                                             |            5.82 |               1.12 | 8.635579116430982e-05
 AAAAAAAAIEFDAAAA | Major books see critically ideas. Different clo                                                                                                                                                          | Men                                                | shirts                                             |            6.67 | 10794.970000000001 |    0.8323287276294548
 AAAAAAAAIEOAAAAA | All sure authorities would not protect alm                                                                                                                                                               | Men                                                | shirts                                             |            7.17 |            3730.73 |    0.2876519114021656
 AAAAAAAAIFPAAAAA | As given roads exert. Loose right shoulders can say ago companies; dark cities see gradually results; rates may pass for a techniques. Words stay in a procedures. Wo                                    | Men                                                | shirts                                             |            0.34 |            5415.36 |    0.4175425868210328
 AAAAAAAAIGFEAAAA | Members can break shares. Different, unemployed things may turn. Clear lads accoun                                                                                                                       | Men                                                | shirts                                             |             8.7 |  8730.630000000001 |    0.6731611259043376
 AAAAAAAAIGOAAAAA | Freshly sure mean                                                                                                                                                                                        | Men                                                | shirts                                             |            2.96 | 2821.4399999999996 |   0.21754257448449124
 AAAAAAAAIHKDAAAA | Able, other members let indefinitely authorities. Actual, likely directors seem parts. Supreme agreements should model deep. Available, high arms escape short, supreme criticisms. Ever new fea         | Men                                                | shirts                                             |            2.68 | 2863.2200000000003 |   0.22076395390845993
 AAAAAAAAIKICAAAA | Now successful others could know much definitions; bills can insist better however identical needs. Real cases go too dirty patients. Quite whole patients ought to send as against a bounda             | Men                                                | shirts                                             |            9.56 |            2180.75 |   0.16814320676925767
 AAAAAAAAIKNDAAAA | African instructions may not ask outstanding,                                                                                                                                                            | Men                                                | shirts                                             |            4.35 |             7278.5 |    0.5611969874905615
 AAAAAAAAILBCAAAA | Circumstances try previously joint indus                                                                                                                                                                 | Men                                                | shirts                                             |            0.63 |            11110.3 |    0.8566417380114564
 AAAAAAAAILLBAAAA | Per annum important relationships participate possible, huge thi                                                                                                                                         | Men                                                | shirts                                             |            5.96 |            1898.49 |   0.14638000532815224
 AAAAAAAAIMMDAAAA | Customers continue immediately more married activities; united universities ought to create certainly                                                                                                    | Men                                                | shirts                                             |            1.78 | 1583.0400000000002 |   0.12205774253995448
 AAAAAAAAIMNBAAAA | Then western cases will not avert by the industries. Better strict ways start just nowhere small grounds. Irish, involved results walk                                                                   | Men                                                | shirts                                             |             4.6 |             610.23 |   0.04705079860910426
 AAAAAAAAINCCAAAA | Turkish results go generally on a things. Very new times communicate now at a goods. Major owners learn at first quite english holder                                                                    | Men                                                | shirts                                             |            3.63 |              85.86 | 0.0066200966333639635
 AAAAAAAAJBFEAAAA | Windows lower little less musical guards. Typical, pretty places should see thickly themes. At all standar                                                                                               | Men                                                | shirts                                             |            0.91 |            4421.29 |   0.34089642492576006
 AAAAAAAAJBJDAAAA | Only successful organisations interview very complete, urgent actors. Libraries help plans. United, comfortable babies could not cause already                                                           | Men                                                | shirts                                             |            3.36 |            2237.81 |    0.1725427259155394
 AAAAAAAAJEDAAAAA | Sufficient varieties shall not sort cheerfully able magistrates. Per capita previous magistrates may not go products. Tons must encounte                                                                 | Men                                                | shirts                                             |            5.23 |            8737.82 |    0.6737154992422585
 AAAAAAAAJEGAAAAA | Early years tell probably total victims. Badly additional consumers name either suitable police. Yet politic                                                                                             | Men                                                | shirts                                             |            2.83 |            5727.26 |    0.4415911325925937
 AAAAAAAAJGNDAAAA | Certainly new police used to sit initial,                                                                                                                                                                | Men                                                | shirts                                             |            1.27 |            4368.26 |   0.33680763242089995
 AAAAAAAAJOCAAAAA | Si                                                                                                                                                                                                       | Men                                                | shirts                                             |            1.22 |            1107.17 |   0.08536655473516865
 AAAAAAAAKBHBAAAA | For instance formal flowers happen pp                                                                                                                                                                    | Men                                                | shirts                                             |            1.82 | 11277.880000000001 |    0.8695627232644163
 AAAAAAAAKBOBAAAA | Much level markets must recognise at the centuries. Other cars will not wish hardly confident parts; as                                                                                                  | Men                                                | shirts                                             |             0.5 |             4585.5 |    0.3535575717713773
 AAAAAAAAKCDCAAAA | Outstanding duties hate badly bla                                                                                                                                                                        | Men                                                | shirts                                             |           40.93 |           17281.57 |    1.3324675445637513
 AAAAAAAAKCICAAAA | Agricultural, certain games should complete new terms. Faces ought to pay then now blue ears. Men get still modest, good floors. High writers ought                                                      | Men                                                | shirts                                             |            5.22 |             4185.2 |    0.3226930867686334
 AAAAAAAAKCJBAAAA | Endless companies                                                                                                                                                                                        | Men                                                | shirts                                             |           68.57 |  7115.000000000001 |    0.5485905840482718
 AAAAAAAAKCLCAAAA | Private, sufficient ports grow there only appropriate memb                                                                                                                                               | Men                                                | shirts                                             |           44.32 |           15608.39 |    1.2034597029027692
 AAAAAAAAKDLBAAAA | Lines prevent colleges; standards appear together pictures; trees replace physical, genu                                                                                                                 | Men                                                | shirts                                             |            2.06 |            8790.96 |     0.677812773119465
 AAAAAAAAKDNAAAAA | Real videos analyse now. Eyes would not pay yesterday as southern companies. Other, prospective yards should decide of course subsequent, running advisers                                               | Men                                                | shirts                                             |            4.34 |            5498.32 |   0.42393908363798916
 AAAAAAAAKECEAAAA | Systems should think. Effects cannot                                                                                                                                                                     | Men                                                | shirts                                             |             2.2 |             131.04 |  0.010103627566224247
 AAAAAAAAKFEAAAAA | Once national rules give due, recent aspects. Governments succeed as palestinian measurements; internal bodies want bc clouds. Lines need written products. Others will not reflect now new buildings;   | Men                                                | shirts                                             |            4.84 | 17793.010000000002 |    1.3719012997718536
 AAAAAAAAKFHAAAAA | As exci                                                                                                                                                                                                  | Men                                                | shirts                                             |            1.85 |  5072.110000000001 |   0.39107684993072095
 AAAAAAAAKHBBAAAA | Intact structures could not wash as others. Popular, pub                                                                                                                                                 | Men                                                | shirts                                             |            0.61 |           16490.87 |     1.271501898069448
 AAAAAAAAKHPAAAAA | Generally genuine words must marry. New ten                                                                                                                                                              | Men                                                | shirts                                             |           12.68 |            1158.79 |   0.08934663146722371
 AAAAAAAAKIBAAAAA | C                                                                                                                                                                                                        | Men                                                | shirts                                             |            1.52 |            3534.93 |     0.272555068625405
 AAAAAAAAKIKAAAAA | Explicitly great volunteers tell to a rates. Legitimate travellers could not love quite mass drivers. Perhaps parliamentary talks may make choices. Stories go almost quiet countries.                   | Men                                                | shirts                                             |            1.82 |             4774.3 |   0.36811469085336096
 AAAAAAAAKINBAAAA | Large, various schools might not operate familiar studies; always labour stations become once centra                                                                                                     | Men                                                | shirts                                             |            8.65 |           19597.03 |    1.5109973483220662
 AAAAAAAAKJDAAAAA | So available claims enhance most current nights. Specific p                                                                                                                                              | Men                                                | shirts                                             |             7.9 |            15554.3 |    1.1992891808098427
 AAAAAAAAKJEAAAAA | Inte                                                                                                                                                                                                     | Men                                                | shirts                                             |           98.35 | 17768.499999999996 |    1.3700114958062841
 AAAAAAAAKKCEAAAA | Even internal leaders find much low days. Feelings might reveal now betwee                                                                                                                               | Men                                                | shirts                                             |            7.15 |            16808.1 |    1.2959614048828887
 AAAAAAAAKKDAAAAA | Complex, total negotiations can provide therefo                                                                                                                                                          | Men                                                | shirts                                             |             8.4 |           18682.64 |    1.4404947841410543
 AAAAAAAAKOCAAAAA | Only unacceptable cards determine similarly white minutes; trees must not navigate really; poor controls mi                                                                                              | Men                                                | shirts                                             |            9.91 |           10096.92 |    0.7785067097524491
 AAAAAAAAKOFDAAAA | Also social firms read skills. Outcomes learn to a users. Close, royal increases blow simply political, other ways. Med                                                                                  | Men                                                | shirts                                             |             9.4 |            5027.93 |    0.3876704223828287
 AAAAAAAAKOHDAAAA | Organic choices used to pay yesterday. Long matters obtain both local girls. Environmental, typical curtains might know vastly members. Hard, actual delegates might believe generall                    | Men                                                | shirts                                             |            0.88 | 1711.1000000000001 |   0.13193160201897366
 AAAAAAAAKPNCAAAA | Songs will not enjoy hearts. Neither private women ensure never around present responsibilities. Linguistic, foreign concepts may not drop abou                                                          | Men                                                | shirts                                             |           36.77 |           21667.57 |    1.6706429910339857
 AAAAAAAALANBAAAA | Faces used to score women; markets should say so following, incredible industries. Direct discussions will intend perhaps within a colleagues. Working, extreme kinds say very past compan               | Men                                                | shirts                                             |             9.2 |             8361.3 |    0.6446845327340567
 AAAAAAAALEJBAAAA | Future, working g                                                                                                                                                                                        | Men                                                | shirts                                             |            1.09 |             459.63 |   0.03543902883290331
 AAAAAAAALEKDAAAA | Months could rip educational subjects. Leading, psycho                                                                                                                                                   | Men                                                | shirts                                             |            2.07 |            8852.07 |    0.6825245609748677
 AAAAAAAALENAAAAA | Additional, novel investments see mostly great, slow dishes. Occasions might not notice also national photographs. Components cannot record                                                              | Men                                                | shirts                                             |            9.87 |            4958.94 |   0.38235105985387713
 AAAAAAAALFADAAAA | Priests shall keep a                                                                                                                                                                                     | Men                                                | shirts                                             |            8.39 | 1917.9699999999998 |   0.14788197926733146
 AAAAAAAALFCBAAAA | New, local pupils shall no                                                                                                                                                                               | Men                                                | shirts                                             |            9.64 |            1094.24 |   0.08436960796753068
 AAAAAAAALGIDAAAA | Absolute consequences could find still strategic times. Annual, full years should not take red, old respondents; different cars should frustrat                                                          | Men                                                | shirts                                             |            3.29 |            3018.96 |   0.23277203508339706
 AAAAAAAALHDBAAAA | High, likely women would not highlight well. Otherwise united possibilities may shut tired regions. Likely, obvious patients shall determine then estates. Re                                            | Men                                                | shirts                                             |            4.25 |            6125.08 |    0.4722644012006167
 AAAAAAAALKPBAAAA | Real, fine years notice always national circles. Long-term ideas raise neither victorian matters. Small numbers climb below finally national m                                                           | Men                                                | shirts                                             |            4.03 |            1636.22 |    0.1261581005525598
 AAAAAAAALNGBAAAA | Far ready beds learn years. Full, royal levels go however to a respondents. Effective, good structures get big, collective terms. Constant words may start soon y                                        | Men                                                | shirts                                             |            5.79 |            2085.72 |    0.1608160720957359
 AAAAAAAAMAACAAAA | Long existing bits may plan continuously by a hours. Natural cases operate over thorough, previous traders. Now pale months revive thick, universal eyes. Moving principles repeat liable, conven        | Men                                                | shirts                                             |            6.45 |  6947.139999999999 |    0.5356480098475207
 AAAAAAAAMAGBAAAA | Ancient cases could not say about at the chapters. Local, right nurses might check luckily local men. Important, subject owners shall speak however within a skills; similar                             | Men                                                | shirts                                             |            1.43 |            5194.68 |   0.40052741182626506
 AAAAAAAAMDGBAAAA | Conventional criteria ought to establish even for the pupils. Products choose british, turkish teams. Newspapers see p                                                                                   | Men                                                | shirts                                             |            3.96 |            3153.48 |   0.24314398242931043
 AAAAAAAAMEHAAAAA | Then special differences could not say tensions. Aspects would get for example                                                                                                                           | Men                                                | shirts                                             |            9.39 |  7002.030000000001 |    0.5398802146484216
 AAAAAAAAMENAAAAA | Complete, commercial countries view only literary tables. Exactly new sentences should blame personally teachers. Feelings r                                                                             | Men                                                | shirts                                             |            3.62 |  4289.669999999999 |    0.3307480773962543
 AAAAAAAAMFGAAAAA | Social children should get now to a years. All good departments effect still enemies. Heavy, military leaders                                                                                            | Men                                                | shirts                                             |            7.85 |             4145.6 |    0.3196397927238953
 AAAAAAAAMFKBAAAA | Thereby domestic students bring eventually.                                                                                                                                                              | Men                                                | shirts                                             |            3.08 |  8130.110000000001 |    0.6268590011632739
 AAAAAAAAMIMAAAAA | Visual systems cut. Eld                                                                                                                                                                                  | Men                                                | shirts                                             |            0.82 | 7846.7699999999995 |    0.6050125280664028
 AAAAAAAAMJNBAAAA | Vocational trends would not call well short times. Environmental videos should not absorb ago prime m                                                                                                    | Men                                                | shirts                                             |            2.18 |            2373.69 |    0.1830195338650094
 AAAAAAAAMLAAAAAA | Different, capabl                                                                                                                                                                                        | Men                                                | shirts                                             |             5.3 |            6063.66 |    0.4675287112958739
 AAAAAAAAMLGCAAAA | Extra languages waste heavily friends. As soft degrees used to come therefore into the officers. Pp. shall not ensure; original positions would provide rich daughters. Ma                               | Men                                                | shirts                                             |            9.21 |            5490.07 |   0.42330298071200206
 AAAAAAAAMNCEAAAA | Just colonial results insist here c                                                                                                                                                                      | Men                                                | shirts                                             |            47.7 | 1238.3799999999999 |   0.09548328987683746
 AAAAAAAAMNDEAAAA | Supreme words ought to shine earlier once                                                                                                                                                                | Men                                                | shirts                                             |            2.67 |            8022.04 |    0.6185264383497677
 AAAAAAAAMPBDAAAA | Delightful hands ought to dry big, new records. Police will offer in a advantages. Young minutes shall not think far dark forces. No public police                                                       | Men                                                | shirts                                             |            5.77 |            5977.85 |    0.4609124698317583
 AAAAAAAAMPCCAAAA | Important customers blow just recently early lines. Short, middle contracts should come. Abstract reasons might not study males. General test                                                            | Men                                                | shirts                                             |            6.16 |            4486.96 |   0.34595980421661743
 AAAAAAAANBDCAAAA | Pos                                                                                                                                                                                                      | Men                                                | shirts                                             |            1.86 |            4155.28 |    0.3203861534903868
 AAAAAAAANDMDAAAA | More red types pass. Only streets avoid now economic miles. Institutions lose mutually to a police                                                                                                       | Men                                                | shirts                                             |            3.09 |            5068.53 |   0.39080081981253495
 AAAAAAAANGFBAAAA | Sides shall enter well. Public pressures ought to grow vastly runnin                                                                                                                                     | Men                                                | shirts                                             |            1.37 |           10198.95 |    0.7863735681207478
 AAAAAAAANIFCAAAA | Goods help slightly; degrees will hope much. Socially darling conservatives could look just once central studies. Colours get wet, local tons. New, running re                                           | Men                                                | shirts                                             |            9.15 |  5822.999999999999 |   0.44897301066944273
 AAAAAAAANILCAAAA | Areas should cast even alone major students. Senior hundreds give above between the organisations. Plates may become voters; even splendid months c                                                      | Men                                                | shirts                                             |            1.48 |             227.04 |  0.017505552523165088
 AAAAAAAANJDDAAAA | Continuous, english experiences replace arguably new connections. Local, impossible shops must get typically so small t                                                                                  | Men                                                | shirts                                             |            5.67 |            9991.28 |    0.7703615081644155
 AAAAAAAANJFEAAAA | Charming sides back. Able creditors come always cells. Major, unpleasant needs can forget                                                                                                                | Men                                                | shirts                                             |             3.6 |            2294.52 |   0.17691525887708226
 AAAAAAAANODBAAAA | Much fundamental forces might imagine rather servants. Medium, other groups may carry minutes. Problems defend nearly.                                                                                   | Men                                                | shirts                                             |            4.52 |            4291.16 |   0.33086296143985683
 AAAAAAAAOBLCAAAA | Terrible, dead vegetables decide easily. Home little practices might                                                                                                                                     | Men                                                | shirts                                             |            2.81 |            4685.29 |    0.3612517185573474
 AAAAAAAAOCDAAAAA | All old agreements ought to improve especially small british elections. Interested, good techniques ought to asse                                                                                        | Men                                                | shirts                                             |             0.9 |            5522.52 |     0.425804985554218
 AAAAAAAAOCHCAAAA | Engines take at least english respondents. Real, native rates can ask by now for a organisms. Conservative, living concepts specify physical items; howeve                                               | Men                                                | shirts                                             |            7.65 |            3672.42 |   0.28315601302467375
 AAAAAAAAOCLCAAAA | Fundamental, proud sorts will matter raw children. Level, small trades must not display times. Fresh earnings cannot return. Suddenly una                                                                | Men                                                | shirts                                             |            6.73 | 1490.1000000000001 |    0.1148917539410161
 AAAAAAAAODADAAAA | Conditions strugg                                                                                                                                                                                        | Men                                                | shirts                                             |            8.48 |            2141.85 |   0.16514388509399727
 AAAAAAAAODBEAAAA | Long years decid                                                                                                                                                                                         | Men                                                | shirts                                             |            5.85 |            5261.01 |    0.4056416793512013
 AAAAAAAAOEMBAAAA | However good servants satisfy almost so right fires. E                                                                                                                                                   | Men                                                | shirts                                             |           26.85 |            3776.85 |   0.29120791951689595
 AAAAAAAAOFNAAAAA | Past, real companies cannot indicate. Active, general marks would reduce through the patterns. Little parents must not call ruling, economic subjects. Elderly, direct records sho                       | Men                                                | shirts                                             |            0.42 |            17672.3 |    1.3625941501723502
 AAAAAAAAOGOBAAAA | Good units buy members. O                                                                                                                                                                                | Men                                                | shirts                                             |           71.22 |            1082.52 |   0.08346595629570415
 AAAAAAAAOHEDAAAA | Both inadequate levels accommodate other, able standards.                                                                                                                                                | Men                                                | shirts                                             |           21.78 |             2895.6 |   0.22326056151372808
 AAAAAAAAOHJCAAAA | Worse existing women will not forg                                                                                                                                                                       | Men                                                | shirts                                             |            0.29 |            1081.69 |   0.08340196048618059
 AAAAAAAAOIFCAAAA | Quite long applications should not try b                                                                                                                                                                 | Men                                                | shirts                                             |            1.44 |              810.4 |   0.06248458317817559
 AAAAAAAAOIJDAAAA | Able, left banks will preserve ibid intense clothes. Large schools provide grey men. Working terms for                                                                                                   | Men                                                | shirts                                             |            3.78 |            6568.75 |    0.5064728600094286
 AAAAAAAAOJADAAAA | Dry, social methods mean just. Working parents used to create indeed effective properties. Years may die here rather than a                                                                              | Men                                                | shirts                                             |            4.17 |  5925.240000000001 |    0.4568560607485849
 AAAAAAAAOJDDAAAA | Front hands can lean well ideas. Conditions cannot stand alternative figures. Activities would not pass in the st                                                                                        | Men                                                | shirts                                             |            2.42 | 10486.070000000002 |    0.8085114920127985
 AAAAAAAAOJPDAAAA | Usual years make. Police wield especially large times. Almost grand kids close most ever professional authorities. Elements read posi                                                                    | Men                                                | shirts                                             |            4.83 |               75.6 |  0.005829015903590911
 AAAAAAAAOKHBAAAA | Home free men may like unfortunately eyes; old, little areas must see right new, young costs. Leaders shall find of course. Often prime versions shall                                                   | Men                                                | shirts                                             |            2.44 |           10572.83 |    0.8152009816926336
 AAAAAAAAONBAAAAA | Up to parliamentary s                                                                                                                                                                                    | Men                                                | shirts                                             |            9.21 |            1508.48 |    0.1163089141567304
 AAAAAAAAONBEAAAA | Jobs increase ye                                                                                                                                                                                         | Men                                                | shirts                                             |            3.49 |  9827.619999999999 |    0.7577427681805305
 AAAAAAAAOOGDAAAA | Certainly public courts look to a teachers. Quick terms will admit then new, local reports. Tactics could lose young, other facilities. Standard, urgent maps should not control far deep,               | Men                                                | shirts                                             |            4.94 |            2999.56 |   0.23127622941501527
 AAAAAAAAPDBDAAAA | Literary, marvellous hours get with the reforms. Inc others might matter still tiles. Hands would not try usually                                                                                        | Men                                                | shirts                                             |            0.93 |            8547.25 |    0.6590219071688812
 AAAAAAAAPEFBAAAA | Factors could not blame in a children; years must think. Parts constitute under; large terms must avoid big, polish deg                                                                                  | Men                                                | shirts                                             |           82.08 |             406.74 |   0.03136103080193872
 AAAAAAAAPIIAAAAA | Classes look much public, vast rates.                                                                                                                                                                    | Men                                                | shirts                                             |            4.93 | 16141.710000000001 |    1.2445804801739742
 AAAAAAAAPJEAAAAA | Young criteria join including a things. Too lovely visitors get sufficient, local notions. Quiet experiences offer looks. Emotions continue fast previous companies. Existing, relevant neighbours wo    | Men                                                | shirts                                             |            33.2 |             329.38 |  0.025396312940803894
 AAAAAAAAPLFAAAAA | Companies                                                                                                                                                                                                | Men                                                | shirts                                             |            8.84 |             494.42 |   0.03812145559594469
 AAAAAAAAPLLAAAAA | Much thinking managers mean also. Costs back then children. Intense women would make fully months. Children should hide often senior levels. Englis                                                      | Men                                                | shirts                                             |            3.24 |            4593.94 |    0.3542083243405083
 AAAAAAAAPMNDAAAA | Times preserve often economic objectiv                                                                                                                                                                   | Men                                                | shirts                                             |             6.2 |            8780.08 |    0.6769738882910118
 AAAAAAAAPNGAAAAA | Attitudes achi                                                                                                                                                                                           | Men                                                | shirts                                             |            3.49 |           13837.36 |    1.0669072950226552
 AAAAAAAAPNMDAAAA | Simple, high animals must come similarly high whee                                                                                                                                                       | Men                                                | shirts                                             |            47.8 |              134.4 |  0.010362694939717176
 AAAAAAAAAAOAAAAA | Lists may give almost together with a revenues. Tons take free, certain households. Habits study right telecommunicati                                                                                   | Men                                                | sports-apparel                                     |            0.95 |            2144.88 |   0.18001274410464296
 AAAAAAAAAEFCAAAA | Variou                                                                                                                                                                                                   | Men                                                | sports-apparel                                     |               2 |             2473.8 |   0.20761792098675255
 AAAAAAAAAFGDAAAA | Light, social members shall maintain just likely, small children. Actually physical steps will not make foreign,                                                                                         | Men                                                | sports-apparel                                     |            3.37 |            3223.67 |    0.2705520508316616
 AAAAAAAAAFHCAAAA | Main lips allow. Fashionable, main ingredients may confuse dull problems. Vict                                                                                                                           | Men                                                | sports-apparel                                     |            9.36 |            2274.44 |   0.19088629000287388
 AAAAAAAAAFPDAAAA | Efficient, military rates can fail yet rural muscles. Much independent goods establish much usually active schemes; possible circles get nevertheless automatic, monetary things.                        | Men                                                | sports-apparel                                     |            1.12 |           11988.11 |    1.0061227563911788
 AAAAAAAAAGBBAAAA | Very                                                                                                                                                                                                     | Men                                                | sports-apparel                                     |             2.5 |            2364.98 |     0.198485015270131
 AAAAAAAAAIDDAAAA | New, residential mechanisms get hugely administrative, military pages. Confident roots raise in a policies. Crucial, outside lawyers would not find possible bars. Inner lovers would allo               | Men                                                | sports-apparel                                     |            8.55 |           12962.54 |    1.0879034705746702
 AAAAAAAAAJLCAAAA | Large, individual ladies shall not make finally on the phases; predominantly independent stages sign enough hours. Free, old types ad                                                                    | Men                                                | sports-apparel                                     |            9.25 |            8541.75 |     0.716881064188129
 AAAAAAAAAKGAAAAA | P                                                                                                                                                                                                        | Men                                                | sports-apparel                                     |            1.86 |             560.31 |   0.04702498072119302
 AAAAAAAAALBEAAAA | Letters connect. Near italian employees should settle between a friends. Circumstances find in the tons; for instance light laws can go more in a strengt                                                | Men                                                | sports-apparel                                     |           36.15 |             1342.9 |   0.11270519285840003
 AAAAAAAAALECAAAA | Effe                                                                                                                                                                                                     | Men                                                | sports-apparel                                     |            4.12 |            2464.26 |   0.20681726007390042
 AAAAAAAAALFEAAAA | Full, national implications may give often to the patients                                                                                                                                               | Men                                                | sports-apparel                                     |            9.18 |            5586.91 |    0.4688910336082535
 AAAAAAAAAMLCAAAA | Never difficult classes express also groups;                                                                                                                                                             | Men                                                | sports-apparel                                     |            7.79 | 4368.0199999999995 |     0.366593593349727
 AAAAAAAAANCEAAAA | Flowers cannot deliver at an schools. Criminal patients recall at the objections. Working firms will apply in a ti                                                                                       | Men                                                | sports-apparel                                     |            4.03 |            6184.98 |    0.5190850872926852
 AAAAAAAAANLBAAAA | Operators can long essentially; perhaps early facilities conclude other,                                                                                                                                 | Men                                                | sports-apparel                                     |            9.62 |               3880 |    0.3256356752480394
 AAAAAAAAAONCAAAA | Only limits break in a days; metres accept sometime. Restaurants may not restore gently working others. So big levels see. Other, big reasons prevent now on a books. There                              | Men                                                | sports-apparel                                     |            4.49 |               84.3 | 0.0070750225318066285
 AAAAAAAAAPBEAAAA | Able, appropriate agreements hire negative, black elements. Essen                                                                                                                                        | Men                                                | sports-apparel                                     |            1.03 |             4497.6 |    0.3774688177823665
 AAAAAAAAAPDEAAAA | Much other others disrupt; recent, new methods see to the wars; old, internal refugees admit direct, special wines; straight alternative a                                                               | Men                                                | sports-apparel                                     |            0.55 | 12799.400000000001 |    1.0742116654045764
 AAAAAAAAAPEEAAAA | High cuts will reach projects                                                                                                                                                                            | Men                                                | sports-apparel                                     |            5.43 |            3794.42 |    0.3184532265140891
 AAAAAAAABAGDAAAA | Concessions think participants. Lives shall resist technical, main points. Interes                                                                                                                       | Men                                                | sports-apparel                                     |            1.82 | 1980.4899999999998 |    0.1662160305340179
 AAAAAAAABAJDAAAA | Small goods question respectively attractive areas. Global, japanese cases prove currently personal thousands.                                                                                           | Men                                                | sports-apparel                                     |            2.09 |            3997.89 |   0.33552979631891344
 AAAAAAAABFBAAAAA | Cases might cause. Lengths would not fill no                                                                                                                                                             | Men                                                | sports-apparel                                     |             8.7 |           13343.23 |    1.1198535337731692
 AAAAAAAABLNDAAAA | Only jobs must think female, early origins; presidential companies depend small, continental businessmen. Units might induce years. N                                                                    | Men                                                | sports-apparel                                     |            1.71 | 3926.1000000000004 |   0.32950469705962054
 AAAAAAAABMJDAAAA | Wide organic calculations could not th                                                                                                                                                                   | Men                                                | sports-apparel                                     |            5.02 |            2293.52 |   0.19248761182857815
 AAAAAAAABMNCAAAA | Home current problems tell probably certain humans; pink figures                                                                                                                                         | Men                                                | sports-apparel                                     |            2.71 |            5333.55 |   0.44762735972143824
 AAAAAAAABOBAAAAA | Detectives continue briefly full, different ways. Yet jewish talks will see great, full boys. Net criteria will get then large, novel areas. Activities live including                                   | Men                                                | sports-apparel                                     |            3.47 |            5718.64 |   0.47994670048980614
 AAAAAAAABOFCAAAA | Views ship earlier at all p                                                                                                                                                                              | Men                                                | sports-apparel                                     |            2.22 | 14437.429999999997 |     1.211686151261933
 AAAAAAAACBNAAAAA | Very main hands may not confirm finally; other, local consequences read from time to time alone members. Equal, catholic years will not place                                                            | Men                                                | sports-apparel                                     |            3.65 |            1011.33 |   0.08487761016716486
 AAAAAAAACDADAAAA | Dry, powerful personnel must not support just glad functions; policies shall not give more political, unpleasant friends. Perhaps natural adults present at all able, equal hours. Results used t        | Men                                                | sports-apparel                                     |            4.81 | 11165.419999999998 |     0.937077082764939
 AAAAAAAACDEEAAAA | Lines could question less words. Eyes suggest often considerable ele                                                                                                                                     | Men                                                | sports-apparel                                     |            3.23 |           12198.64 |    1.0237918488422018
 AAAAAAAACFBCAAAA | Small, top horses must list movements. Phenomena include ever now junior effects. Countries retire problems. Royal, practical years may not                                                              | Men                                                | sports-apparel                                     |            7.22 |            1002.01 |   0.08409541313280618
 AAAAAAAACGCDAAAA | Lexical, other actions could not lose of course namely marginal attitudes. Names must accommodate steady, cold policies. American ideas explore special styles. Presidential goo                         | Men                                                | sports-apparel                                     |            9.44 | 3913.6800000000003 |   0.32846232719194507
 AAAAAAAACHNBAAAA | Resources collect for an speeches. Central, reduced years shall know on a                                                                                                                                | Men                                                | sports-apparel                                     |            0.35 |            5790.34 |   0.48596424634426094
 AAAAAAAACLHDAAAA | Much various schools must stop english, common schools; enough special visitors say only nearly                                                                                                          | Men                                                | sports-apparel                                     |            3.34 |  8275.539999999999 |    0.6945389319438555
 AAAAAAAACLPBAAAA | Rather good communications might get around diverse banks. Violent, illegal resources return changing contracts. Firms used to re                                                                        | Men                                                | sports-apparel                                     |            2.83 |                    |                      
 AAAAAAAACMEBAAAA | Changes should replace in a pla                                                                                                                                                                          | Men                                                | sports-apparel                                     |            2.98 |           11925.15 |    1.0008387300732362
 AAAAAAAACNACAAAA | At last single sessions shall like. Runs will want women. Areas would call no longer very superb years; police take also in a centres. Visitors ought to make onl                                        | Men                                                | sports-apparel                                     |            1.04 |            1016.64 |    0.0853232610526203
 AAAAAAAACODBAAAA | However human patients destroy years. Moreover delicate markets must add to a benefits. Daily things take poor, able chi                                                                                 | Men                                                | sports-apparel                                     |            1.33 |            6868.02 |    0.5764103944116081
 AAAAAAAACPIAAAAA | Expectations rescue normally by a spea                                                                                                                                                                   | Men                                                | sports-apparel                                     |            2.48 | 1789.4699999999998 |    0.1501843483984817
 AAAAAAAADBECAAAA | Con                                                                                                                                                                                                      | Men                                                | sports-apparel                                     |            0.83 |            1755.92 |   0.14736860692823125
 AAAAAAAADDCCAAAA | E                                                                                                                                                                                                        | Men                                                | sports-apparel                                     |           55.48 |            9240.66 |    0.7755382883601927
 AAAAAAAADGOCAAAA | Short, physical officials run huge contracts. Positive concepts would not search approximately too complicated workers; rational o                                                                       | Men                                                | sports-apparel                                     |            6.32 |             3611.5 |   0.30310135081399336
 AAAAAAAADHECAAAA | Responsible, final engines take beaches;                                                                                                                                                                 | Men                                                | sports-apparel                                     |            4.95 |               8196 |    0.6878634006012708
 AAAAAAAADHNCAAAA | Young, central offenders may fill. All recent seconds could expect blue dogs. Confere                                                                                                                    | Men                                                | sports-apparel                                     |            9.37 |            6019.95 |    0.5052346606209883
 AAAAAAAADIJCAAAA | Likely surveys like red elements. Estates might wonder in accordance with a men. Pounds maintain spiritual, suitable women. Technologies used to en                                                      | Men                                                | sports-apparel                                     |           56.33 |           11316.03 |    0.9497172861281111
 AAAAAAAADLBBAAAA | Terrible, unlikely uni                                                                                                                                                                                   | Men                                                | sports-apparel                                     |            3.31 |             797.24 |   0.06690973859142962
 AAAAAAAADOFAAAAA | Administrative, huge breasts play just; special, functional trends might not put annually clothes. Sessions apply cities; complete duties take only i                                                    | Men                                                | sports-apparel                                     |            2.46 |            4675.61 |    0.3924086132851766
 AAAAAAAADOIAAAAA | Unknown, royal pages know really. Organisations shall help in a individuals. Children cut citizens. Electric, german f                                                                                   | Men                                                | sports-apparel                                     |            2.21 | 17895.370000000003 |     1.501899714887502
 AAAAAAAAEAOBAAAA | Special hands might provide nearly. Over british times must not cure also thin parties. Be                                                                                                               | Men                                                | sports-apparel                                     |            3.16 |            5041.78 |   0.42314006050310826
 AAAAAAAAEBODAAAA | Councillors could interrupt too at a officials; really symbolic years should see together famous, environmental feet. Real co                                                                            | Men                                                | sports-apparel                                     |           51.76 |              13.53 | 0.0011355285273469003
 AAAAAAAAEDEAAAAA | Old attitudes make oth                                                                                                                                                                                   | Men                                                | sports-apparel                                     |            1.44 |            4813.43 |     0.403975393894116
 AAAAAAAAEFJCAAAA | Gentlemen                                                                                                                                                                                                | Men                                                | sports-apparel                                     |            8.04 |  786.3399999999999 |   0.06599493733879981
 AAAAAAAAEGIBAAAA | Things look of course fun men. Features say in a children. Occupational interactions could avoid unknown shareho                                                                                         | Men                                                | sports-apparel                                     |            9.07 |  5394.009999999999 |   0.45270156923831867
 AAAAAAAAEGMAAAAA | Stages shall understand now shares. Old entries follow forward possible investi                                                                                                                          | Men                                                | sports-apparel                                     |            3.29 |           13998.08 |    1.1748129466433184
 AAAAAAAAEHCAAAAA | Gradually traditional days carry trying windows. Total, specific problems proceed total, brief men. Letters might play never territorial, previous pages. G                                              | Men                                                | sports-apparel                                     |            1.65 |            7235.59 |    0.6072593390381343
 AAAAAAAAEHCBAAAA | New consultants could not find readily select, sure specialists. Competent, official troubles could not rain so good practices. Policemen would make mainly foreign authorities. Readers could not mak   | Men                                                | sports-apparel                                     |            5.94 | 15818.769999999999 |    1.3276174872534605
 AAAAAAAAEHEBAAAA | Damages invest enough with a scholars. Leaders guarantee here new interests. Bombs should keep between th                                                                                                | Men                                                | sports-apparel                                     |            8.08 |            14604.3 |    1.2256910030992116
 AAAAAAAAEHGCAAAA | Certain, famous readers would direct to a years. Terms provid                                                                                                                                            | Men                                                | sports-apparel                                     |            3.47 |             577.98 |    0.0485079658710984
 AAAAAAAAEHHCAAAA | Always young pages                                                                                                                                                                                       | Men                                                | sports-apparel                                     |            9.97 |           13346.82 |    1.1201548306994942
 AAAAAAAAEHIBAAAA | Internal, natural charts transfer probably pages. Moving dates play dead relationships. Resulting carers could make new neighbours. Please various c                                                     | Men                                                | sports-apparel                                     |            3.53 |            4708.44 |   0.39516392751672125
 AAAAAAAAEJKCAAAA | Possible spots could read nev                                                                                                                                                                            | Men                                                | sports-apparel                                     |           10.42 |             849.68 |   0.07131085581050363
 AAAAAAAAEMGBAAAA | Respective increases can raise in order distant, nice readers. Social, common benefits continue even impossible years. P                                                                                 | Men                                                | sports-apparel                                     |            2.86 |  8140.260000000001 |    0.6831853252047952
 AAAAAAAAEOJCAAAA | Complete cells make desperately windows. Strange orders make tomorrow friends. Conventions may know enough good attempts. Academic, short police know effectively slowly strong forms. Fast externa      | Men                                                | sports-apparel                                     |            8.01 |            3956.86 |   0.33208628297988585
 AAAAAAAAEPPBAAAA | Patients should put here words. Practitioners determine national, individual parts. Absolute rights must sav                                                                                             | Men                                                | sports-apparel                                     |            0.86 |            1194.83 |   0.10027816336510693
 AAAAAAAAFBEDAAAA | Human, real officers should not join just decisions. Cold, independent countries enjoy later other cours                                                                                                 | Men                                                | sports-apparel                                     |            0.39 |            8522.17 |    0.7152377790022123
 AAAAAAAAFBHDAAAA | Steps shall know genuinely new, new countries. Elderly, important matches will not miss heavily shops. Economic subjects shall create shops. Ago foreign prices tell in a disputes. There sim            | Men                                                | sports-apparel                                     |             1.7 |            5787.76 |   0.48574771540556505
 AAAAAAAAFBKAAAAA | Essential, big objections ask both there real russians. Previously parliamentary servi                                                                                                                   | Men                                                | sports-apparel                                     |            6.13 |            5975.12 |    0.5014722257443467
 AAAAAAAAFCOBAAAA | Agricultural boys identify most in a parties. New pieces must not place surprising organi                                                                                                                | Men                                                | sports-apparel                                     |            5.08 |            9031.49 |    0.7579833362489472
 AAAAAAAAFEEDAAAA | Early minor rights may review finally less victorian games. Interesting, active tears shall blind at a issues. Strange, local institution                                                                | Men                                                | sports-apparel                                     |           90.45 |            5892.51 |    0.4945390393700579
 AAAAAAAAFEOCAAAA | Social, large conditio                                                                                                                                                                                   | Men                                                | sports-apparel                                     |            0.62 |            2052.55 |    0.1722637900078256
 AAAAAAAAFGJCAAAA | Proposals arise together meetings. So small provisions study necessarily in a actions; thus economic authorities may not allow now                                                                       | Men                                                | sports-apparel                                     |            4.39 |  4375.219999999999 |   0.36719786573678526
 AAAAAAAAFIFBAAAA | Problems understand always in a facts. Differently good women leave home. Asian, base makers talk today limits. Indeed possible arguments                                                                | Men                                                | sports-apparel                                     |            3.55 |  847.3499999999999 |   0.07111530655191395
 AAAAAAAAFIMAAAAA | Old, new terms create. Happy authors criticise                                                                                                                                                           | Men                                                | sports-apparel                                     |            8.88 |            4028.19 |   0.33807277594778345
 AAAAAAAAFOFBAAAA | Good, young owners progress well. Increased tories will support towards a courses. Females ought to note all                                                                                             | Men                                                | sports-apparel                                     |            1.77 |           11896.24 |    0.9984124085857567
 AAAAAAAAGBBCAAAA | Alternative, perfect police make given difficulties. Partners react on a problems. Regional, large rates should rescue very italian companies. O                                                         | Men                                                | sports-apparel                                     |             1.9 |           14562.75 |    1.2222038478655632
 AAAAAAAAGBNAAAAA | Fully additional funds could give very. Other, irrelevant prices could not realise relatively natural affairs. Families would give historically standard lads. A                                         | Men                                                | sports-apparel                                     |            0.89 |            7130.63 |    0.5984503904623524
 AAAAAAAAGCACAAAA | Songs will not know there great, left things. There true areas can leave much. French ministers might throw by now behind a patients                                                                     | Men                                                | sports-apparel                                     |             2.3 |  7015.349999999999 |    0.5887753181317869
 AAAAAAAAGDKAAAAA | Obvious, gastric types would continue. Also fin                                                                                                                                                          | Men                                                | sports-apparel                                     |            3.33 |            3079.46 |   0.25844897847920806
 AAAAAAAAGDLAAAAA | Young months consider other agreements. Days shall not know; specific, civil machines                                                                                                                    | Men                                                | sports-apparel                                     |            6.99 |            2294.32 |     0.192554753204918
 AAAAAAAAGECBAAAA | Ideal, old tests live proudly overall, public workers; apparent, great years meet elsewhere to a earnings. Low developments lift appropriate, female scales. Also proper                                 | Men                                                | sports-apparel                                     |            0.44 | 3260.3199999999997 |    0.2736279651352288
 AAAAAAAAGEOCAAAA | Existing ideas shall see twice simple classes. Rivals can impose just chin                                                                                                                               | Men                                                | sports-apparel                                     |            3.82 |            1624.32 |   0.13632385052033386
 AAAAAAAAGGABAAAA | Pictures must surrender materially ro                                                                                                                                                                    | Men                                                | sports-apparel                                     |             8.4 |             8611.9 |    0.7227685236259254
 AAAAAAAAGGEAAAAA | Attitudes cannot prepare still in a skills. Especially able beaches export quietly                                                                                                                       | Men                                                | sports-apparel                                     |             4.1 | 3574.6000000000004 |   0.30000445483032007
 AAAAAAAAGGIDAAAA | Reports close; so occasional emissions continue distinctive tourists. Social copies sue new women; leaders give.                                                                                         | Men                                                | sports-apparel                                     |            0.73 |            4904.61 |    0.4116278322624449
 AAAAAAAAGIFEAAAA | Hard forms broaden times. Friends shall not appreciate big sentences. Financial areas take; well ancient events know children. Only new police                                                           | Men                                                | sports-apparel                                     |            4.71 |            4406.25 |   0.36980211187156536
 AAAAAAAAGIIBAAAA | High positions vary more sufficient taxes. Very concerned factors must take good quiet w                                                                                                                 | Men                                                | sports-apparel                                     |            2.35 |  5112.929999999999 |   0.42911144666132933
 AAAAAAAAGLDAAAAA | Comfortable, strong mothers must not lead very on a horses. Victims apply slowly national, fundamental activities. Exactly f                                                                             | Men                                                | sports-apparel                                     |            2.69 |            1891.31 |   0.15873144560653848
 AAAAAAAAGLJAAAAA | Good rules divorce good, real arguments. As classical tickets maintain reasonably. Classical, great changes may not think n                                                                              | Men                                                | sports-apparel                                     |            4.18 |            5542.21 |    0.4651395092052671
 AAAAAAAAGMLDAAAA | General, other shows know. New companies may supplement then sure patterns. Only, crucial situation                                                                                                      | Men                                                | sports-apparel                                     |            5.18 | 2683.5799999999995 |   0.22522406839745704
 AAAAAAAAGNAEAAAA | Eco                                                                                                                                                                                                      | Men                                                | sports-apparel                                     |            2.31 |  918.5799999999999 |   0.07709340684776908
 AAAAAAAAGNMBAAAA | Silent steps provide presumably services; questions ought to kick now. Less origi                                                                                                                        | Men                                                | sports-apparel                                     |            2.08 | 3705.1400000000003 |   0.31096024891456725
 AAAAAAAAGPEAAAAA | Relatively civil years will see; arms finish both joint, trying services; public,                                                                                                                        | Men                                                | sports-apparel                                     |            0.89 |  4299.860000000001 |   0.36087314808557597
 AAAAAAAAHFBAAAAA | Able, large numbers dispose inherently with the researchers. Public members                                                                                                                              | Men                                                | sports-apparel                                     |            9.33 |            1836.12 |    0.1540995299062964
 AAAAAAAAHHJCAAAA | Companies may think probably wi                                                                                                                                                                          | Men                                                | sports-apparel                                     |            1.82 |             9046.8 |    0.7592682543386501
 AAAAAAAAHIOCAAAA | Ever secret effects will see indeed into a stu                                                                                                                                                           | Men                                                | sports-apparel                                     |            9.06 |            2543.38 |    0.2134575421939068
 AAAAAAAAIAACAAAA | Top fields used to ban by a consumers; sure profound assessments investigate recently. Environmental                                                                                                     | Men                                                | sports-apparel                                     |            5.62 | 3171.5200000000004 |   0.26617527236151084
 AAAAAAAAIAGCAAAA | Too lonely arms view. Significantly keen colours think significa                                                                                                                                         | Men                                                | sports-apparel                                     |            4.51 | 1851.1200000000001 |    0.1553584307126677
 AAAAAAAAIBEAAAAA | Especially important levels will register for a elements. Rapidly full-time opportunities concern maybe. Sweet, conscious u                                                                              | Men                                                | sports-apparel                                     |            4.04 | 10202.640000000001 |    0.8562741148743961
 AAAAAAAAIBJBAAAA | Probably french signs must not like perhaps real drawings. Images sl                                                                                                                                     | Men                                                | sports-apparel                                     |            4.23 |           12851.84 |    1.0786127826236502
 AAAAAAAAIBNDAAAA | Low, direct instruments get mentally in a jobs. Outside concerned children shall give boxes. However presidential ways shall focus more political,                                                       | Men                                                | sports-apparel                                     |            3.44 |             373.58 |   0.03135334421627901
 AAAAAAAAIDKBAAAA | Once again possible observations should make even on a legs. Various shares shall try even humans; about generous others remain here evident, po                                                         | Men                                                | sports-apparel                                     |             4.9 |            1138.16 |   0.09552203611863623
 AAAAAAAAIFADAAAA | Softly new indicators refute. Old, gastric weeks see similarly by the versions. Other, good fathers seem actually so alternative parts. Still likely rivals want. Eyes used to plan most.                | Men                                                | sports-apparel                                     |             3.4 |           25048.53 |    2.1022409743610235
 AAAAAAAAIGLBAAAA | Applicable, particular trees cannot pursue beneficial individuals. Main benefits walk more than. Normal, natur                                                                                           | Men                                                | sports-apparel                                     |            1.93 |             8288.9 |    0.6956601929287303
 AAAAAAAAIHAEAAAA | In between new attempts could profit in a materials. Tragic, good expenses could not leave close stories. At least sp                                                                                    | Men                                                | sports-apparel                                     |            6.63 |            4122.79 |     0.346012243699965
 AAAAAAAAIIEDAAAA | Schemes throw frequently through a objections. Excellent, western rates prevent high, british allowances. Boys                                                                                           | Men                                                | sports-apparel                                     |            4.91 |            3181.65 |    0.2670254500394135
 AAAAAAAAILFEAAAA | Months displace elsewhere royal, other groups. Joint, minor merchan                                                                                                                                      | Men                                                | sports-apparel                                     |            1.06 |           12762.85 |    1.0711441437730513
 AAAAAAAAIMJCAAAA | Thus certain events go less currently random teams. Only financial men could recover quite for a prices. Technical, small children seem thus much sudden cards.                                          | Men                                                | sports-apparel                                     |            2.53 |            5619.46 |    0.4716228483580792
 AAAAAAAAIMNCAAAA | International, total residents shall come common, free numbers. Securities must form daily effects; contributions                                                                                        | Men                                                | sports-apparel                                     |            3.41 | 3064.3199999999997 |    0.2571783279319773
 AAAAAAAAIOHCAAAA | Early, narrow rounds serve in the days; necessary farms start republ                                                                                                                                     | Men                                                | sports-apparel                                     |           90.05 |            5535.41 |    0.4645688075063788
 AAAAAAAAIPEEAAAA | Potential years admire other, weak rooms                                                                                                                                                                 | Men                                                | sports-apparel                                     |            0.53 |              14.25 |  0.001195955766052722
 AAAAAAAAJBPAAAAA | Children can find into the men; benefits might participate in order so strong ways. Specialist forests can say consequently; years review exactly smart, beautiful tools. Just responsible problems ough | Men                                                | sports-apparel                                     |            1.46 |             2618.2 |   0.21973693941608677
 AAAAAAAAJCMCAAAA | In order important personnel go entirely high weeks. Instead intense forces could not carry also; arts appear high keenly patient me                                                                     | Men                                                | sports-apparel                                     |             5.4 | 14669.039999999999 |    1.2311244189795103
 AAAAAAAAJCODAAAA | Illegal, recent balls come certainly b                                                                                                                                                                   | Men                                                | sports-apparel                                     |            3.09 |            4796.08 |    0.4025192652947466
 AAAAAAAAJHAAAAAA | Countries see already on the birds. Also guilty pupils could not tell odd hotels. Top techniques would decide now as a problems. Recent, alone streets could sleep then activitie                        | Men                                                | sports-apparel                                     |           66.08 | 15815.249999999998 |    1.3273220651975655
 AAAAAAAAJHDAAAAA | Numbers will support dramatically tragic, federal states; essentially significant lips incre                                                                                                             | Men                                                | sports-apparel                                     |             7.7 | 19038.989999999994 |    1.5978799908996566
 AAAAAAAAJJDEAAAA | Companies shall help simply new parents. Traditional scholars shall not protect again.                                                                                                                   | Men                                                | sports-apparel                                     |           61.63 |            6623.28 |    0.5558701688548542
 AAAAAAAAJLKBAAAA | Right, sensitive oth                                                                                                                                                                                     | Men                                                | sports-apparel                                     |            2.62 |             843.45 |   0.07078799234225742
 AAAAAAAAJMMBAAAA | Otherwise full meanings care however well local heels. Front, small users must not see usually measures. Then pre                                                                                        | Men                                                | sports-apparel                                     |           60.89 | 10042.439999999999 |    0.8428290542623506
 AAAAAAAAJNCEAAAA | Aloud good years should tell again. Men might not sign as good opportunities. Cities hold with the hotels. Experiments ought to bring for a democrats.                                                   | Men                                                | sports-apparel                                     |            1.16 |            2178.33 |   0.18282009290285092
 AAAAAAAAJNDAAAAA | Profitable, little members might believe ideas. Certainly difficult exports back young fortunes. Old degrees should sit nations. Partly important times shrug                                            | Men                                                | sports-apparel                                     |            9.22 |              641.7 |   0.05385577649656363
 AAAAAAAAJNNCAAAA | Modern stairs may commission as a others. Almost familiar images grow on the wages. Arguably availab                                                                                                     | Men                                                | sports-apparel                                     |            9.26 |            8895.56 |    0.7465751771416106
 AAAAAAAAKAKDAAAA | Levels might not tend actually about clear women; also particular beaches shall not examine entire, cognitive                                                                                            | Men                                                | sports-apparel                                     |             3.1 |             348.03 |  0.029209016509426585
 AAAAAAAAKBACAAAA | Similar, other beds used to arise systematically miserable, good things. Institutional, final seeds might say particularly beneath a roads. Famous houses would consider. Else possible eye              | Men                                                | sports-apparel                                     |             6.2 |                  0 |                     0
 AAAAAAAAKCLDAAAA | Lessons play fully young accounts; democratic, national politicians accept probably good organizations. Schemes might rep                                                                                | Men                                                | sports-apparel                                     |            8.79 |            6737.09 |    0.5654218689063952
 AAAAAAAAKDAAAAAA | Subsequent lines think still functions. Wings feel gently other instances. And so on natural eyes feed even. Thinking dogs shall not want hence elderly, tradit                                          | Men                                                | sports-apparel                                     |            1.26 |           11903.48 |     0.999020038041632
 AAAAAAAAKDPDAAAA | Members might respond by a waters. Very early elections expect ge                                                                                                                                        | Men                                                | sports-apparel                                     |            4.62 |            4331.27 |   0.36350928637411745
 AAAAAAAAKGAAAAAA | Yet tough rights become heavy allies. Specific materials hear. Eyes run. Early hands will prepare also in a evenings; significant shoes can help available institutions. More jewish minute              | Men                                                | sports-apparel                                     |            8.46 |  8131.359999999999 |    0.6824383773930147
 AAAAAAAAKGJAAAAA | Italian, central services could cost humans. Provisions will not                                                                                                                                         | Men                                                | sports-apparel                                     |            2.66 | 3829.7900000000004 |    0.3214217146155126
 AAAAAAAAKHGCAAAA | Pale views make values. Apart current issues go to a goals. Capable farmers will not turn. Years repeat scientific pp.. Different, academic contracts ought to seize for a women.                        | Men                                                | sports-apparel                                     |            7.54 | 2604.9800000000005 |    0.2186274281720716
 AAAAAAAAKHGDAAAA | Bodies could not consume now else responsible factors. Close times r                                                                                                                                     | Men                                                | sports-apparel                                     |            3.23 | 2832.7999999999997 |   0.23774761361923866
 AAAAAAAAKHIDAAAA | Certain exercises meet really spiritual, monthly men; view                                                                                                                                               | Men                                                | sports-apparel                                     |            4.74 |           12322.93 |    1.0342231009237943
 AAAAAAAAKIFDAAAA | Often parli                                                                                                                                                                                              | Men                                                | sports-apparel                                     |            7.61 |              547.5 |   0.04594987943255195
 AAAAAAAAKJBDAAAA | Gross years like therefore able things. Really able conditions ask normal ey                                                                                                                             | Men                                                | sports-apparel                                     |            1.99 | 1483.1200000000001 |   0.12447339759635881
 AAAAAAAAKKEEAAAA | Great, level fingers may learn even large, early                                                                                                                                                         | Men                                                | sports-apparel                                     |            6.05 |            6516.08 |    0.5468732244253207
 AAAAAAAAKKPAAAAA | Also small makers would believe meanwhile at a groups. Thoroughly white lists make only by a lawyers. Still other parties might describe external                                                        | Men                                                | sports-apparel                                     |            5.56 |  7435.709999999999 |    0.6240547543295357
 AAAAAAAAKLBDAAAA | Radical parts imagine then very top statements. Brown officers shall share members                                                                                                                       | Men                                                | sports-apparel                                     |            1.16 | 23072.690000000002 |    1.9364152030769808
 AAAAAAAAKLOAAAAA | Bottom concerns must not ask of course direct, magnetic bodies. Young relations assume very combinations                                                                                                 | Men                                                | sports-apparel                                     |           69.29 |            4916.79 |   0.41265005971721846
 AAAAAAAAKLOCAAAA | Managers cou                                                                                                                                                                                             | Men                                                | sports-apparel                                     |            1.82 |             925.77 |   0.07769683996762304
 AAAAAAAAKMABAAAA | Provincial types could maintain enthusiastically; effective ni                                                                                                                                           | Men                                                | sports-apparel                                     |             5.4 |            5919.77 |    0.4968268817688366
 AAAAAAAAKMJAAAAA | Good, rapid rules should know just still long grants. Single, true years go low critical, high needs. Years speak yesterday women. Conventional, german weeks own with the links. Low good reco          | Men                                                | sports-apparel                                     |            3.97 |           13542.38 |    1.1365675401457587
 AAAAAAAAKMMAAAAA | Other sources pick officers. Artists could arrange just. Further new workers ought to come serious computers. Chinese trees used to o                                                                    | Men                                                | sports-apparel                                     |            1.22 |            5443.15 |   0.45682572827999113
 AAAAAAAAKNBEAAAA | Statements rely just famous sides. Keen, minor peasants can handle totally other, previous faces. Direct others must not take previous, legal profits. As civil studies must not give there at the vers  | Men                                                | sports-apparel                                     |           93.86 |            5704.44 |    0.4787549410597747
 AAAAAAAAKOBAAAAA | Specific circumstanc                                                                                                                                                                                     | Men                                                | sports-apparel                                     |            8.05 |            5450.91 |    0.4574769996304872
 AAAAAAAAKPPBAAAA | Days run. Fully contemporary things shoul                                                                                                                                                                | Men                                                | sports-apparel                                     |            3.17 |           13631.25 |    1.1440261077899063
 AAAAAAAALFFEAAAA | Numerous, low books buy at a doctors. Political practitioners must see relatively odd responsibilities. Wonderfu                                                                                         | Men                                                | sports-apparel                                     |            1.92 |             477.76 |   0.04009682995012972
 AAAAAAAALIDAAAAA | Over bare years could not think so ministers. Far                                                                                                                                                        | Men                                                | sports-apparel                                     |            1.42 | 11779.369999999999 |    0.9886038927697159
 AAAAAAAALNCCAAAA | Negative, little                                                                                                                                                                                         | Men                                                | sports-apparel                                     |            6.86 |            7885.54 |    0.6618075109782022
 AAAAAAAALOBCAAAA | Expensive areas recognise ashamed years; runni                                                                                                                                                           | Men                                                | sports-apparel                                     |            7.53 |            2514.32 |   0.21101863169836352
 AAAAAAAALPEEAAAA | Years accompany now fur                                                                                                                                                                                  | Men                                                | sports-apparel                                     |            7.77 | 14299.090000000002 |    1.2000757287583732
 AAAAAAAALPIDAAAA | Also chief parties can go traditional songs. However other children could benefit always only previous concessions. Happily early surfaces may consi                                                     | Men                                                | sports-apparel                                     |             3.9 |              472.6 |   0.03966376807273799
 AAAAAAAAMAAEAAAA | Grey, active agreements carry young times. Subject, selective principles may monitor double so male ways. Important, future factors take national buyers. Metropolitan effects might talk most lat       | Men                                                | sports-apparel                                     |             4.2 |            6688.34 |    0.5613304412856885
 AAAAAAAAMAEAAAAA | Scheme                                                                                                                                                                                                   | Men                                                | sports-apparel                                     |            8.37 |              896.4 |   0.07523191218874807
 AAAAAAAAMAHBAAAA | Complete, whole talks can think materials; alone, urban operations tak                                                                                                                                   | Men                                                | sports-apparel                                     |            2.58 |            8735.91 |     0.733176276225799
 AAAAAAAAMBBAAAAA | Popular, private values counter alone. Abro                                                                                                                                                              | Men                                                | sports-apparel                                     |             8.9 |            6069.67 |     0.509407497160507
 AAAAAAAAMCEEAAAA | Large, artificial pubs pass most current others. Central,                                                                                                                                                | Men                                                | sports-apparel                                     |            1.47 |             388.92 |   0.03264078010759471
 AAAAAAAAMFDCAAAA | Ideas might provide extremely obviously good authorities. Central women achieve central things. Available communications start so colleges. Mercifully heavy month                                       | Men                                                | sports-apparel                                     |             6.4 |             3926.4 |    0.3295298750757479
 AAAAAAAAMFNBAAAA | Silly authorities become major, regional women. Very considerable charts l                                                                                                                               | Men                                                | sports-apparel                                     |            0.73 | 2334.5099999999998 |   0.19592776809878876
 AAAAAAAAMGFAAAAA | More small subjects get also good doubts. Odd families take perhaps liberal views. Different, coastal sentences ought to account for a reserves. French hands help also                                  | Men                                                | sports-apparel                                     |           91.99 |           10012.92 |     0.840351537475412
 AAAAAAAAMGNBAAAA | Anyway incredible children should not care effectively critical shares. Also public partners control different, careful countries; clear early politicians find just closer teenage services             | Men                                                | sports-apparel                                     |             7.2 |             7288.2 |    0.6116747237996806
 AAAAAAAAMHBAAAAA | Long cars should hear still conditions. Additional symptoms should say all single, usual papers. Please orthodox varia                                                                                   | Men                                                | sports-apparel                                     |            6.84 |            4046.55 |    0.3396136705347819
 AAAAAAAAMHGDAAAA | Very educational hours may cast professional, small da                                                                                                                                                   | Men                                                | sports-apparel                                     |            6.63 |            3304.95 |    0.2773736146677855
 AAAAAAAAMHHAAAAA | Political, white customers turn. Values shake rather more powerful studies. British, yellow feelings inspire very inside a types. Too structural tools overcome at least f                               | Men                                                | sports-apparel                                     |            0.28 | 5332.4800000000005 |   0.44753755813058377
 AAAAAAAAMHLBAAAA | Effective parties will learn hig                                                                                                                                                                         | Men                                                | sports-apparel                                     |            7.78 |            10138.7 |    0.8509078403704374
 AAAAAAAAMKBAAAAA | Separate emissions remember within                                                                                                                                                                       | Men                                                | sports-apparel                                     |            3.88 |            2855.25 |   0.23963176849277434
 AAAAAAAAMKDBAAAA | Then mediterranean corners interview consistently regional, bad months. Good, central knees will not go also ambitious development                                                                       | Men                                                | sports-apparel                                     |            8.25 |            6961.74 |    0.5842760066498159
 AAAAAAAAMKICAAAA | Modes control then. New speeches ou                                                                                                                                                                      | Men                                                | sports-apparel                                     |            4.43 |            8831.97 |    0.7412382769898005
 AAAAAAAAMMKAAAAA | Months shall savour natural minutes. Democratic weeks could fathom particularly sudden, front subjects. Unpleasant patterns must not publish individually to a ministers.                                | Men                                                | sports-apparel                                     |            7.88 |            3177.36 |   0.26666540440879133
 AAAAAAAAMOCAAAAA | Open years shift minutes. Ordinary, heavy speeches might choose just statements. Situations get similarly in the forms. Average, appropriate shelve                                                      | Men                                                | sports-apparel                                     |            8.26 |             2213.4 |     0.185763402988147
 AAAAAAAAMOKCAAAA | General papers offer equally. Wrong plans inherit strange issues; from time to time major officials should not let unlik                                                                                 | Men                                                | sports-apparel                                     |            8.49 |             672.85 |  0.056470093837794666
 AAAAAAAANEIDAAAA | Open millions find over probable, good feelings; strong, appropriate times can clarify. Privately major years shall advise international, social busi                                                    | Men                                                | sports-apparel                                     |             6.3 |             7703.2 |    0.6465043127759529
 AAAAAAAANGOBAAAA | Economic,                                                                                                                                                                                                | Men                                                | sports-apparel                                     |            7.18 |           13832.19 |     1.160890342992056
 AAAAAAAANHJCAAAA | Parliamentary facts prove constantly little buildings. Modern, sure events meet                                                                                                                          | Men                                                | sports-apparel                                     |            4.68 |             827.28 |   0.06943089727298918
 AAAAAAAANIEDAAAA | Northern parameters might not lean twice late classes. Legal differences can differ once carefully long others. Natural metres can propose. Political women could take good, new answers                 | Men                                                | sports-apparel                                     |            0.19 | 3155.2099999999996 |     0.264806427551383
 AAAAAAAANJDAAAAA | Still excellent institutions will buy yet even british readers; fixed projects break just overnight decisive students.                                                                                   | Men                                                | sports-apparel                                     |            5.08 |            2547.84 |    0.2138318553670012
 AAAAAAAANKHBAAAA | Local police intervene over pretty                                                                                                                                                                       | Men                                                | sports-apparel                                     |             6.8 | 446.71999999999997 |    0.0374917445481454
 AAAAAAAANLEDAAAA | Particular, foreign women may set just consistent, new terms. Particularly fast women must not specify in a losses. Differ                                                                               | Men                                                | sports-apparel                                     |           73.57 |            3627.25 |   0.30442319666068324
 AAAAAAAANPDDAAAA | From time to time common courses overcome blue, chief islands. Econ                                                                                                                                      | Men                                                | sports-apparel                                     |            6.02 |  739.5799999999999 |  0.062070523891738394
 AAAAAAAAOACDAAAA | Lips will not boast authorities. Outcomes                                                                                                                                                                | Men                                                | sports-apparel                                     |           51.94 |            13078.6 |     1.097644005747167
 AAAAAAAAOAGAAAAA | Full markets may measure men. Other, certain figures could discourage so suitable, sure features. Original guns must no                                                                                  | Men                                                | sports-apparel                                     |            2.98 | 3328.5899999999997 |    0.2793576423386266
 AAAAAAAAOAPDAAAA | Only only children locate free, single technologies; tonight visual members may not t                                                                                                                    | Men                                                | sports-apparel                                     |           75.55 |            3143.26 |    0.2638035032423073
 AAAAAAAAOCECAAAA | Once tired ac                                                                                                                                                                                            | Men                                                | sports-apparel                                     |            9.33 |              774.8 |   0.06502642298509817
 AAAAAAAAOEAEAAAA | Officials need directly. Other, free lines say very expense                                                                                                                                              | Men                                                | sports-apparel                                     |            9.98 | 10190.980000000001 |    0.8552955293142435
 AAAAAAAAOEPCAAAA | Only french members give then coloured relations. Then unusual methods continue little international schools. Well availa                                                                                | Men                                                | sports-apparel                                     |            3.02 |            2524.32 |   0.21185789890261106
 AAAAAAAAOFEDAAAA | G                                                                                                                                                                                                        | Men                                                | sports-apparel                                     |            0.48 | 12726.900000000001 |    1.0681269781737817
 AAAAAAAAOFFEAAAA | Present, underlying sales deal. Outstanding, influential consequences ask incredibly                                                                                                                     | Men                                                | sports-apparel                                     |            5.54 | 15194.200000000003 |    1.2751993754777733
 AAAAAAAAOFMBAAAA | Complex, dry offers creep. Good times will take. Maybe sexual names may not become unknown, open circumstances. Matters depend then national ban                                                         | Men                                                | sports-apparel                                     |            3.07 | 12298.169999999998 |    1.0321450753260772
 AAAAAAAAOGFDAAAA | Black managers generate in the pieces; thinly young eyes cannot burn much new, main rows. Slightly contempora                                                                                            | Men                                                | sports-apparel                                     |            6.19 |            3537.44 |    0.2968857378993362
 AAAAAAAAOIIBAAAA | Details will help. Rates must deal burning, political events. Firm, m                                                                                                                                    | Men                                                | sports-apparel                                     |            4.41 | 13362.119999999999 |    1.1214389095219928
 AAAAAAAAOKKAAAAA | Otherwise white results widen sharp temperatures. Long-term reasons should protest alone past faces. Good, big materials become also easi                                                                | Men                                                | sports-apparel                                     |            2.41 |            3353.06 |   0.28141132918742034
 AAAAAAAAOMIDAAAA | Poor problems report. Different writers tell at last static flames. More                                                                                                                                 | Men                                                | sports-apparel                                     |           99.57 |            4977.55 |    0.4177494472502264
 AAAAAAAAOMOBAAAA | Local, true feelings go results; backwards organic qualities may raise mature countries. British rounds live towards a children; working, britis                                                         | Men                                                | sports-apparel                                     |            8.55 |            7745.35 |    0.6500418240418562
 AAAAAAAAONDCAAAA | Only different stages attend also pale, leading levels. Approximately                                                                                                                                    | Men                                                | sports-apparel                                     |            3.82 | 6508.7300000000005 |    0.5462563630301988
 AAAAAAAAPAGBAAAA | Other, public times discuss. Glad services shall follow. Powerful, important goals must not discuss always with a views. Royal, indiv                                                                    | Men                                                | sports-apparel                                     |            0.32 |  5008.139999999999 |    0.4203167656280195
 AAAAAAAAPBLBAAAA | Seats                                                                                                                                                                                                    | Men                                                | sports-apparel                                     |            1.63 |            7376.27 |    0.6190661500674886
 AAAAAAAAPFODAAAA | Prime, old room                                                                                                                                                                                          | Men                                                | sports-apparel                                     |           64.67 |            8694.25 |    0.7296798890529037
 AAAAAAAAPHGAAAAA | Men pay here. Units ought to write early messages.                                                                                                                                                       | Men                                                | sports-apparel                                     |            3.97 |               4.02 | 0.0003373854161075047
 AAAAAAAAPIGCAAAA | Ill, soviet days locate ago. British countries will speak almost equally political cases; responsible, joint trees help single details. Secondly happy men could trade. Instantly importa                | Men                                                | sports-apparel                                     |            3.85 |            7213.31 |    0.6053894517070708
 AAAAAAAAPJDEAAAA | New, old police remember years. Difficult banks get difficult, tiny members. Necessary rivers like well alternative surfaces. Good, educational rivers could not look others; new,                       | Men                                                | sports-apparel                                     |           76.55 |  8819.179999999998 |     0.740164854235568
 AAAAAAAAPNCBAAAA | Names may not embark only evident months. Daughters would see happily. Human leaves continue at a jews. Shares read strictly; harsh products used to rate cold, whole feelings. Suddenly new             | Men                                                | sports-apparel                                     |            2.56 |            4425.96 |   0.37145630753113723
 AAAAAAAAPNFBAAAA | Distant, local rights move naturally special lengths. Used, large clothes will identify so as a figures. Here full officials should anticipate markedly. Sound,                                          | Men                                                | sports-apparel                                     |            3.34 |            2129.73 |   0.17874125429020796
 AAAAAAAAPNLBAAAA | Never serious parts welcome alternative details. Concessions organize possibly naval, red walls. More divin                                                                                              | Men                                                | sports-apparel                                     |           55.98 | 6608.5599999999995 |    0.5546347675302018
 AAAAAAAAPOBBAAAA | Black stars might not know truly hidden losses. Ethical, superb cats should see standard, distant clubs. Big nam                                                                                         | Men                                                | sports-apparel                                     |            2.14 |            5320.69 |   0.44654806209677594
 AAAAAAAAOKGCAAAA |                                                                                                                                                                                                          | Men                                                |                                                    |                 |            3007.06 |    14.601284129881341
 AAAAAAAAAAHAAAAA | New, common girls exclude therefore are                                                                                                                                                                  | Music                                              | classical                                          |            1.79 |            1813.72 |    0.1509673921603249
 AAAAAAAAAAPCAAAA | Operations guess clever, early judges. Dark reducti                                                                                                                                                      | Music                                              | classical                                          |            4.33 | 10655.099999999999 |    0.8868913945964523
 AAAAAAAAABHAAAAA | Young, true lives say really only women. Usefully national girls spell just in a artists; more new teachers shall tell once in a patients. Mu                                                            | Music                                              | classical                                          |            1.34 |            3271.54 |   0.27231097531492693
 AAAAAAAAADKBAAAA | Attacks could conform t                                                                                                                                                                                  | Music                                              | classical                                          |            3.32 |            3957.59 |    0.3294152578897405
 AAAAAAAAAEABAAAA | Degrees like. Types might not prove at least especially formal levels. Police used to wait more various, good minds. Intereste                                                                           | Music                                              | classical                                          |            1.62 |             3136.7 |     0.261087388896462
 AAAAAAAAAEHAAAAA | Lives enable desperately stil                                                                                                                                                                            | Music                                              | classical                                          |            4.77 |  8502.019999999999 |    0.7076769222895073
 AAAAAAAAAENAAAAA | High,                                                                                                                                                                                                    | Music                                              | classical                                          |            5.46 |            16250.4 |    1.3526236186192706
 AAAAAAAAAGJCAAAA | Early notes shall not depend. Nonetheless competitive disputes nee                                                                                                                                       | Music                                              | classical                                          |            2.12 |                859 |   0.07150000543949402
 AAAAAAAAAHDAAAAA | Dealers should implement later for instance back numbers. Small numbers used to endure in general for the documents. Certainly traditional eyes used t                                                   | Music                                              | classical                                          |            1.18 |            7866.93 |    0.6548143629710345
 AAAAAAAAAHFBAAAA | Responsible, foreign villages must give suspicious materials. Actors know so spare consumers. Secondary proceedings should avoid clearly parents. Very toys see still rich shelves; members hide pu      | Music                                              | classical                                          |            8.79 |            5721.25 |    0.4762158394885973
 AAAAAAAAAHMBAAAA | Bonds cannot accompany particular                                                                                                                                                                        | Music                                              | classical                                          |            1.16 |           16890.09 |      1.40586906504487
 AAAAAAAAAIFEAAAA | Waste, natural cuts buy                                                                                                                                                                                  | Music                                              | classical                                          |           92.23 |            2892.94 |    0.2407977016718624
 AAAAAAAAAINCAAAA | Political hours should not include only schools. More important conditions expand unions; quite other sets drift; today                                                                                  | Music                                              | classical                                          |            6.22 |            1023.06 |   0.08515575735148864
 AAAAAAAAAJMBAAAA | Essential, clear weeks protect considerations. Rates know therefore procedures. Concerned plants would not sit animals. Children should                                                                  | Music                                              | classical                                          |            3.05 |             797.21 |   0.06635683275485334
 AAAAAAAAAKBCAAAA | Warm actions should guarantee however stars. Likely businesses can see                                                                                                                                   | Music                                              | classical                                          |           94.79 |             592.96 |   0.04935581283515992
 AAAAAAAAAKHCAAAA | Samples gain very prima                                                                                                                                                                                  | Music                                              | classical                                          |            0.25 | 2816.9799999999996 |   0.23447507022461675
 AAAAAAAAALKBAAAA | Wide, environmental skills matter more ancient in                                                                                                                                                        | Music                                              | classical                                          |             1.7 |                264 |   0.02197439049595625
 AAAAAAAAANECAAAA | Productive, sufficient heads shall understand always full accounts. Fun economies can discuss recent tests. Otherwise pleasant aspects evaluate comprehensive scores; plants receive consumers. Europe   | Music                                              | classical                                          |            7.16 |             3709.5 |    0.3087651573664762
 AAAAAAAAAPABAAAA | Deputies oug                                                                                                                                                                                             | Music                                              | classical                                          |            5.78 |           13761.45 |     1.145452560949156
 AAAAAAAAAPACAAAA | Originally common privileges should not                                                                                                                                                                  | Music                                              | classical                                          |            2.36 |            4900.79 |    0.4079237621162024
 AAAAAAAABCDEAAAA | Popular services might pl                                                                                                                                                                                | Music                                              | classical                                          |            0.72 |            1536.98 |   0.12793257085028348
 AAAAAAAABFAEAAAA | Increasing forces shall call subtle, green servants. Financial offices may not think clearly economi                                                                                                     | Music                                              | classical                                          |            6.76 |             1594.6 |    0.1327286480486812
 AAAAAAAABGCEAAAA | A little ruling others may go. Double, american effects spoil clear rooms. Too young decisions must close fairly large, local counties; red rates should use however respectively rec                    | Music                                              | classical                                          |            1.84 |            6469.67 |    0.5385115718180806
 AAAAAAAABGDDAAAA | For example great products change also new, social groups. Churches should not connect at last questions. Rates ought to illustrate folk. Natural areas should determine ahead. Toys                     | Music                                              | classical                                          |             2.6 |            7378.64 |    0.6141708965495554
 AAAAAAAABGMDAAAA | Articles may not mean of course mor                                                                                                                                                                      | Music                                              | classical                                          |            3.93 |            5699.21 |    0.4743813108274955
 AAAAAAAABHLDAAAA | Else comprehensive values allow very circumstances. Sort of musical years want all only important substances. New, military conflicts recommend at least. Special o                                      | Music                                              | classical                                          |            9.92 |            6298.14 |    0.5242340445386435
 AAAAAAAABKIAAAAA | Similar, detailed plans consider parliamentary,                                                                                                                                                          | Music                                              | classical                                          |            0.44 |            5555.85 |    0.4624485508975702
 AAAAAAAABMOBAAAA | Video-taped, ethnic features expel now single, red fields; sensitive females will not think exactly with a days. Guns cross. Now sexual                                                                  | Music                                              | classical                                          |            4.19 |            1209.33 |   0.10066018810028322
 AAAAAAAABOLCAAAA | Royal years might not take no longer behind a feelings. Criteria split about free numbers; multiple, political ani                                                                                       | Music                                              | classical                                          |            5.59 |            4561.08 |   0.37964754925490957
 AAAAAAAABPFEAAAA | Front plans keep far. Old devices could not interfere definitely after the lines. In p                                                                                                                   | Music                                              | classical                                          |            0.76 |            1133.43 |    0.0943425508326958
 AAAAAAAACCJAAAAA | Internal events might keep for example. Upper, private assets save. Complex officers used to walk most young clothes; immediately cultural birds generate                                                | Music                                              | classical                                          |            0.88 |            4087.52 |    0.3402301539395117
 AAAAAAAACCNAAAAA | Persistent parties allow about a origins. Only, acceptable troops think then public cases. More urgent forms may not provide also from a stones. Clear regional homes can laugh long american practical  | Music                                              | classical                                          |            2.23 |            1722.58 |    0.1433812332595618
 AAAAAAAACEDEAAAA | More new principles join solicitors. More                                                                                                                                                                | Music                                              | classical                                          |           10.92 |             782.82 |   0.06515906200016845
 AAAAAAAACEKAAAAA | New ends shall give still sides. Tests must expect poor, main features. Royal, very areas could not know plans. Black statements record. Alive mi                                                        | Music                                              | classical                                          |            0.28 |            2941.02 |    0.2447997043046108
 AAAAAAAACGADAAAA | Generous women will boot due to the types. More important terms may not                                                                                                                                  | Music                                              | classical                                          |             0.4 |           12732.16 |    1.0597782412764936
 AAAAAAAACKEEAAAA | Minor eyes make perhaps agents; places could say much. Other, english years proceed rather programmes. Now interested sounds d                                                                           | Music                                              | classical                                          |            41.6 |                    |                      
 AAAAAAAACKMCAAAA | Old birds must no                                                                                                                                                                                        | Music                                              | classical                                          |           74.41 |              223.4 |  0.018594995593926616
 AAAAAAAACLCEAAAA | New, additional purposes hear; early, capable teams understand well by a shareholders. Single, single workers used to decorate in                                                                        | Music                                              | classical                                          |            0.79 |            6692.85 |    0.5570882554199272
 AAAAAAAACMDAAAAA | Nearly keen traders ans                                                                                                                                                                                  | Music                                              | classical                                          |             3.1 |              107.4 |  0.008939581588127656
 AAAAAAAACNIAAAAA | Actions might not keep possible, annual areas. Possibly material policies will shoot of course. New others should not call however traditional, huge prospects. Concerned fans can examin                | Music                                              | classical                                          |            3.91 |           23630.09 |    1.9668819133128441
 AAAAAAAACOMBAAAA | Unable, political players ensure ago unusual particles. Trees take live excellent years. Processes come unnecessary trees. Essentially                                                                   | Music                                              | classical                                          |             9.3 |            4091.56 |   0.34056642870316195
 AAAAAAAACOOBAAAA | Local records used to blame specialist products. Emotional, major surveys link nearly requirements; old sorts may aid. Dimensions show meanwhile then cle                                                | Music                                              | classical                                          |            4.47 |             992.97 |   0.08265117625291545
 AAAAAAAACOPAAAAA | Easy flowers fall only even small bodies. External, particular results might know views. Years come once old questions. Past, poor skills should expand new, ancient areas. Past, brilli                 | Music                                              | classical                                          |            2.98 |            9134.25 |    0.7603014257109408
 AAAAAAAADADEAAAA | However professional cases will need no longer international, endless symptoms. Unusual circumstances suppose fully. Modern, different computers trap. Significant views                                 | Music                                              | classical                                          |            1.28 |               4532 |   0.37722703684724895
 AAAAAAAADAFCAAAA | Examples might not read mildly. A little other studies cannot say words. Unhappy controls see so ta                                                                                                      | Music                                              | classical                                          |            2.21 |             545.94 |  0.045442040709705894
 AAAAAAAADAHAAAAA | Satisfied, extensive feelings ought to keep underneath pure, international plans. Junior requirements could see; only big years mean mor                                                                 | Music                                              | classical                                          |            1.66 |            4973.74 |   0.41399585221726304
 AAAAAAAADBFEAAAA | Candidates used to visit otherwise previous drugs; legs will meet just local men. More small flames can go increasingly with a det                                                                       | Music                                              | classical                                          |            3.86 |            5977.42 |   0.49753848953916213
 AAAAAAAADBLBAAAA | Papers contain tomorrow dynamic, wide rules. Yesterday subject functions might develop far possible, large products. Cultural men could see administrative authorities. Likely molecules may dismiss m   | Music                                              | classical                                          |            3.76 |            15689.9 |    1.3059696569791817
 AAAAAAAADDOCAAAA | Local, british firms would augment easy relations. Royal components must not foster just. Head, international items should not make                                                                      | Music                                              | classical                                          |            9.86 | 1600.1999999999998 |   0.13319477148344389
 AAAAAAAADIODAAAA | Cases should stop tears. Exotic things go secondly good policies. Somewhat civil proposals offer defences. Years wil                                                                                     | Music                                              | classical                                          |            9.93 |            6665.43 |    0.5548059153161427
 AAAAAAAADMPBAAAA | Poor, executive areas may extract at best. Romantic audiences say in a attitudes; books could not need only legal forms. Especially available universities say in a examinations. New, wonderful con     | Music                                              | classical                                          |            2.03 |            5723.69 |   0.47641893612802966
 AAAAAAAADPAEAAAA | Wrong councils migh                                                                                                                                                                                      | Music                                              | classical                                          |           20.04 |             780.81 |    0.0649917569816197
 AAAAAAAAEBAAAAAA | Present tasks could not t                                                                                                                                                                                | Music                                              | classical                                          |             5.5 |           18617.38 |    1.5496423414075984
 AAAAAAAAECBDAAAA | Ideas                                                                                                                                                                                                    | Music                                              | classical                                          |            2.12 |            2228.07 |    0.1854563645163835
 AAAAAAAAECCCAAAA | Judges will not make increasingly lovely rules. Financial demands should not make thus likely boys. La                                                                                                   | Music                                              | classical                                          |            0.24 |            4374.71 |    0.3641347948733514
 AAAAAAAAECGBAAAA | Other, popular characteristics sell thankfully. Customs use as royal birds. Large, black sales would look now packages. In partic                                                                        | Music                                              | classical                                          |            1.02 | 17732.879999999997 |    1.4760198096133812
 AAAAAAAAECKDAAAA | Letters make so. Enough technical clothes cannot know perhaps big international changes. Other, physical windows should not see. Equal jobs shall stop otherwis                                          | Music                                              | classical                                          |            4.28 |            7912.64 |     0.658619095507285
 AAAAAAAAEGGDAAAA | Models describe large, labour members. Japanese connections carry opponents. Helpful questions say females. D                                                                                            | Music                                              | classical                                          |             3.4 |            2338.86 |   0.19467811725519785
 AAAAAAAAEHCDAAAA | Rapidly friendly cells would cover also both conventional deaths. Skil                                                                                                                                   | Music                                              | classical                                          |            3.25 |            3900.35 |   0.32465081049584454
 AAAAAAAAEHFEAAAA | New companies entice of course easily medical rates; old, spatial articles talk however simple authorities. Christian, small situations leave better historical charges. Still short vegetables r        | Music                                              | classical                                          |             5.9 |             1038.8 |   0.08646589714848239
 AAAAAAAAEIDEAAAA | Ill crucial papers get at last. Managers should gain currently. Practical, grand services shout at a trees. Months enjoy voluntarily able, broken years. Possibly important days used to use ready       | Music                                              | classical                                          |            2.96 |           17106.71 |    1.4238997183374233
 AAAAAAAAEILCAAAA | Thus political forces shall close nowhere so                                                                                                                                                             | Music                                              | classical                                          |            6.65 |            8367.72 |    0.6964982834879659
 AAAAAAAAEKCAAAAA | Long applications would not gain now courts; national, underlying drawings must not make as doubtful branches                                                                                            | Music                                              | classical                                          |             4.1 |            3521.44 |    0.2931117335912128
 AAAAAAAAEKKBAAAA | Live preparations would take i                                                                                                                                                                           | Music                                              | classical                                          |            1.29 |           12712.21 |    1.0581176765401514
 AAAAAAAAEKPAAAAA | Technical skills cannot prepare more. Greek hands will climb also seats; forward slow workers will not rel                                                                                               | Music                                              | classical                                          |            0.87 |            9633.42 |    0.8018505033771017
 AAAAAAAAELDEAAAA | Skills operate once again countri                                                                                                                                                                        | Music                                              | classical                                          |            7.62 |            9180.23 |    0.7641286320556532
 AAAAAAAAENJDAAAA | Difficult qualifications change today questions. Private, early plants will own always deep jobs; waters get in general. Aspects apply large accounts. Welsh months exhibit secure, unusual author       | Music                                              | classical                                          |            7.65 |           10601.42 |    0.8824232685289414
 AAAAAAAAENODAAAA | Accounts may accept organisations. Large, splendid men come subject to a points. Clothes recommend severely surprising times. Committees cultivate available, poor readers; ever real particles          | Music                                              | classical                                          |            1.62 | 2762.6499999999996 |   0.22995284054414214
 AAAAAAAAEOGCAAAA | About head benefits could not like sure systems. Books get thus environmental areas; big, thin cities find. Previously hot holid                                                                         | Music                                              | classical                                          |            0.45 |              256.3 |  0.021333470773157524
 AAAAAAAAEPADAAAA | Colours play great days; successful attitudes should vary financial fires. Shows                                                                                                                         | Music                                              | classical                                          |            1.91 |             740.55 |   0.06164066243098637
 AAAAAAAAEPCCAAAA | Yet creative feelings would consider still with a minds. That is p                                                                                                                                       | Music                                              | classical                                          |            1.94 | 3591.2599999999998 |   0.29892329398677214
 AAAAAAAAFAODAAAA | Other channels may perceive romantic markets; cases must strengthen then key words. R                                                                                                                    | Music                                              | classical                                          |            1.21 |            2128.89 |   0.17720098554142538
 AAAAAAAAFEPBAAAA | Safe times depress over lawyers. Frankly signif                                                                                                                                                          | Music                                              | classical                                          |            3.41 |            1587.26 |    0.1321176934038315
 AAAAAAAAFFCEAAAA | Vaguely double firms cause to a hands. Very similar minutes could not accept police. Fi                                                                                                                  | Music                                              | classical                                          |            9.22 |            3810.49 |    0.3171711940944558
 AAAAAAAAFFIBAAAA | Losses administer. Simple, main performances remove prison                                                                                                                                               | Music                                              | classical                                          |            2.97 |              86.36 |  0.007188289254662052
 AAAAAAAAFIJDAAAA | Commonly french arguments know problems. Just potential women must lead that is from a characteristics. Detailed, senior agreeme                                                                         | Music                                              | classical                                          |            0.37 |            2217.03 |    0.1845374354592799
 AAAAAAAAFLAAAAAA | Important guns make for a subjects. New, ill names mark proportions; too long years may see none the less aware scottish friends; rapidly white theories ought to prohibit with the women; ea            | Music                                              | classical                                          |            2.92 |            2575.65 |   0.21438764727617315
 AAAAAAAAFLFEAAAA | Feelings assemble quickly. Famous winners receive. Bad, high expectations used to lift just complex, federal                                                                                             | Music                                              | classical                                          |            9.03 |           22704.11 |    1.8898067386482775
 AAAAAAAAFMFAAAAA | Therefore similar girls remind journals. Likely profits may not cope as total, complex thanks. Cars he                                                                                                   | Music                                              | classical                                          |             3.5 |  6705.079999999999 |    0.5581062357069179
 AAAAAAAAFOHCAAAA | Big years should say enough from a branches. Demands could apply ago to a customers. Effective, human services may not provide really spaces; di                                                         | Music                                              | classical                                          |             2.2 |            8076.94 |    0.6722948241379124
 AAAAAAAAGAAEAAAA | Very clear publications read most soci                                                                                                                                                                   | Music                                              | classical                                          |             6.9 |             166.97 |  0.013897969625415967
 AAAAAAAAGAFDAAAA | Rights shift certainly whole, main criteria; successful, local elections know effortlessly however trying thousands. More extra measures set shares; well fascinating soldiers match b                   | Music                                              | classical                                          |            0.59 |            6605.62 |    0.5498275505602217
 AAAAAAAAGAIAAAAA | Local, wooden lines would treat brief weeks. Equivalent, large areas make only on a minutes. Right royal numbers know much recent winds. Presidential pupils shall not visit now at                      | Music                                              | classical                                          |           22.81 |            8946.63 |    0.7446846259198373
 AAAAAAAAGCMCAAAA | Hot sales can feel however certain, spectacular representations. Political purposes could hurry here. Standard risks may not involve away political, pregnant critics. S                                 | Music                                              | classical                                          |            0.27 |             2190.5 |   0.18232917568709153
 AAAAAAAAGCOAAAAA | Hours wear even central telecommunications. Nationally critical risks say simp                                                                                                                           | Music                                              | classical                                          |            3.43 |  5304.459999999999 |    0.4415237704931063
 AAAAAAAAGCPAAAAA | Years cannot ensure then at once high facilities. Recent, sin                                                                                                                                            | Music                                              | classical                                          |            3.47 |           14009.18 |    1.1660726963944712
 AAAAAAAAGDABAAAA | Here golden efforts mea                                                                                                                                                                                  | Music                                              | classical                                          |            1.56 | 1576.5800000000002 |   0.13122872942467695
 AAAAAAAAGDCDAAAA | Social, possible papers may learn now interesting factors. Subjects visit ideal proport                                                                                                                  | Music                                              | classical                                          |             1.5 |            5583.32 |    0.4647350528177365
 AAAAAAAAGDGEAAAA | African times might commit so main shareholders. Workers live finally foreigners. Forth special                                                                                                          | Music                                              | classical                                          |            8.44 |             276.74 |  0.023034821310041413
 AAAAAAAAGEAAAAAA | Charges tackle instantly. Therefore blue principles make criteria. New windows must separate physica                                                                                                     | Music                                              | classical                                          |            4.87 |            2029.83 |   0.16895559492578363
 AAAAAAAAGGJCAAAA | Too urban subjects speed naturally. Plants would identify yards. Completely rational engines shall live successful forms; earl                                                                           | Music                                              | classical                                          |             3.7 |            7044.99 |     0.586399095833738
 AAAAAAAAGHEDAAAA | Molecular pages used to hope with a thi                                                                                                                                                                  | Music                                              | classical                                          |            7.02 | 15090.310000000001 |     1.256061987291794
 AAAAAAAAGLAAAAAA | Minutes give then from a matters. Parts offer outside aware, independent years. Beautiful, prime schools shall not contract thus different, western examples. Then c                                     | Music                                              | classical                                          |            2.15 |            1410.75 |   0.11742564921276621
 AAAAAAAAGLDCAAAA | Police get around on the conditions. Specifically alone photographs would not think even outside industrial qualifications. Mostly other employers com                                                   | Music                                              | classical                                          |            3.92 |           10240.94 |    0.8524182371426446
 AAAAAAAAGNKAAAAA | Local times complain more                                                                                                                                                                                | Music                                              | classical                                          |            6.26 |             1999.2 |   0.16640606621028686
 AAAAAAAAGNPBAAAA | Then active theories might lo                                                                                                                                                                            | Music                                              | classical                                          |            5.56 |            4687.77 |   0.39019275960313954
 AAAAAAAAGOMAAAAA | Holy rates generate national, nast                                                                                                                                                                       | Music                                              | classical                                          |            5.22 |           12452.47 |    1.0364978727999254
 AAAAAAAAHCFCAAAA | Structural bars get nearl                                                                                                                                                                                | Music                                              | classical                                          |             9.6 | 2275.6099999999997 |    0.1894134195322083
 AAAAAAAAHGCBAAAA | Police work. Minute talks used to take. Public liabilities must concentrate                                                                                                                              | Music                                              | classical                                          |           31.44 |           12083.24 |     1.005764523546812
 AAAAAAAAHGGAAAAA | Large facilities used to get with a methods. Then other prizes ought to concern now more far groups. Available activities would retain better causal homes; multiple, english                            | Music                                              | classical                                          |            0.62 | 3131.2200000000003 |   0.26063125382101565
 AAAAAAAAHMJAAAAA | Better far concerns go all with a friend                                                                                                                                                                 | Music                                              | classical                                          |            0.77 |            7669.68 |    0.6383959973447945
 AAAAAAAAHPIBAAAA | Feelings should reflect. Twice public subjects might not require into a initiatives; about guilty ca                                                                                                     | Music                                              | classical                                          |             9.5 |            3298.81 |   0.27458082996956606
 AAAAAAAAHPJAAAAA | Artists might think. Animals might go negatively. Danger                                                                                                                                                 | Music                                              | classical                                          |            6.16 | 395.03999999999996 |   0.03288167886940362
 AAAAAAAAHPPAAAAA | Old workers like more adequate shares. Central, profound lawyers will not                                                                                                                                | Music                                              | classical                                          |           87.06 | 23325.309999999998 |    1.9415131453758836
 AAAAAAAAIAADAAAA | General, wrong years work then historical children. Willing, military potatoes see almost. National, low pp. may not create clearly as other changes. Users might talk. Only relevant feet preven        | Music                                              | classical                                          |            8.85 |            7981.92 |    0.6643857082859209
 AAAAAAAAIDJCAAAA | Ages live drily fresh, increased cases. Other, new years                                                                                                                                                 | Music                                              | classical                                          |           17.99 |            5702.76 |     0.474676799790604
 AAAAAAAAIENBAAAA | Clear, inc girl                                                                                                                                                                                          | Music                                              | classical                                          |            3.41 | 15544.829999999998 |    1.2938945629289982
 AAAAAAAAIGCDAAAA | Studies bring open by a problems. For instance financial schools would not eat a little millions. Religious, alive                                                                                       | Music                                              | classical                                          |            2.69 |             895.86 |   0.07456809647616426
 AAAAAAAAIIKAAAAA | Average, other facts shall see without a years. Often permanent studies would                                                                                                                            | Music                                              | classical                                          |           24.39 | 15263.830000000002 |    1.2705051548632271
 AAAAAAAAIIMBAAAA | Good, japanese cases recognize with a clubs; patients ke                                                                                                                                                 | Music                                              | classical                                          |            9.77 |            1599.89 |   0.13316896822187668
 AAAAAAAAIJMAAAAA | French defendants put already inc problems. Now existing women could not arrange regulato                                                                                                                | Music                                              | classical                                          |            3.44 |           11537.24 |     0.960317488657448
 AAAAAAAAIKBBAAAA | Rightly labour bills encourag                                                                                                                                                                            | Music                                              | classical                                          |            2.98 |            1386.22 |   0.11538386209585028
 AAAAAAAAIKPCAAAA | Novel, comfortable operations think then into a centuries. Leaders find new, soft titles. Special countries tell now painting                                                                            | Music                                              | classical                                          |            4.72 |             2705.1 |     0.225162589888679
 AAAAAAAAIMPDAAAA | Backwards secure boys move necessarily in a officers. Early bodies shall not share quite european, aware plans. Prime, unlikely leaves                                                                   | Music                                              | classical                                          |            4.83 | 345.21999999999997 |  0.028734845026568246
 AAAAAAAAINPCAAAA | Of course                                                                                                                                                                                                | Music                                              | classical                                          |            1.01 |  992.5400000000001 |    0.0826153846320319
 AAAAAAAAIODBAAAA | Only loyal things claim in the owners. Real, cold streets might stop to a colleagues. Then new versions must hold long arts. Losses celebrate                                                            | Music                                              | classical                                          |            2.86 |              66.12 |  0.005503585983305406
 AAAAAAAAIOPBAAAA | Slow strategies shall not dislodge eyes; databases take prices. R                                                                                                                                        | Music                                              | classical                                          |            5.16 | 13971.599999999999 |    1.1629446752019026
 AAAAAAAAJCNBAAAA | Social                                                                                                                                                                                                   | Music                                              | classical                                          |            5.86 |  902.7099999999999 |   0.07513826532047221
 AAAAAAAAJECBAAAA | Gentlemen c                                                                                                                                                                                              | Music                                              | classical                                          |           49.26 |            6796.02 |    0.5656757473421538
 AAAAAAAAJELBAAAA | National, grey cheeks should list. Impossible examples could terminate however; american, typical concepts accept; closely desperate houses come then forward sim                                        | Music                                              | classical                                          |            0.55 |            4122.69 |    0.3431575755824767
 AAAAAAAAJIDCAAAA | Respectively immediate cars work fundamentally plans. Really old troops                                                                                                                                  | Music                                              | classical                                          |            7.47 |            3379.59 |    0.2813046605160181
 AAAAAAAAJIODAAAA | Whole, great events                                                                                                                                                                                      | Music                                              | classical                                          |            5.34 |            4756.38 |   0.39590360404225905
 AAAAAAAAJJKDAAAA | Criminal procedures                                                                                                                                                                                      | Music                                              | classical                                          |           38.67 |            9849.67 |    0.8198503592284295
 AAAAAAAAJKFBAAAA | Uni                                                                                                                                                                                                      | Music                                              | classical                                          |            1.44 |           10051.56 |    0.8366549414149015
 AAAAAAAAJKPDAAAA | Naturally necessary employees will improve about to a houses. Above, labour arguments used to use at once young, hot kids. A                                                                             | Music                                              | classical                                          |            0.75 |            6588.02 |    0.5483625911938246
 AAAAAAAAJLMCAAAA | Sadly sheer tools break else effective classes. Benefits may not end alternatively further interior officers. Even parental h                                                                            | Music                                              | classical                                          |            9.36 | 3213.5299999999997 |    0.2674824359487511
 AAAAAAAAKDGDAAAA | Special, central policies shall become once more eyes. Economic, geographical variables would drag interesting churches. Dear teams shall not build just now local articles. Scientific discussion       | Music                                              | classical                                          |            2.33 |           14894.74 |    1.2397834586959826
 AAAAAAAAKEDCAAAA | Then psychiatric others should not make unfortunately new creative opportunities. Vital ways go illegal, special hundreds. But western pp. cannot wait                                                   | Music                                              | classical                                          |            9.59 |           10174.64 |    0.8468996686203648
 AAAAAAAAKFEEAAAA | Quickly italian sites improve quietly; wet, international foreigners take perhaps to a forces. Welsh, orange layers participate so such as a parents. Eyes                                               | Music                                              | classical                                          |            5.22 |             1427.4 |   0.11881153406790891
 AAAAAAAAKGKDAAAA | Attempts like silently partially dutch times. Labour, crucial lines discuss really local losses; eligible hands ensure. Forward students must not include for a women. Various, uncomfortable pa         | Music                                              | classical                                          |            4.52 |             887.17 |   0.07384477278900571
 AAAAAAAAKIHAAAAA | Very top services endure mothers. Glad lovers used to worsen. Plans appoint in a adults. Social, other countries ought to say parliamentary, different houses. Crucial, likely facts secu                | Music                                              | classical                                          |            4.25 |            1346.72 |   0.11209602715422046
 AAAAAAAAKIICAAAA | Impossible, royal phases might not form secondly frequent boots. Emotions cannot see; invariably mad premises can appear about between the cities. Children try only good intervals; often d             | Music                                              | classical                                          |            0.67 |            8087.89 |    0.6732062619255288
 AAAAAAAAKKCBAAAA | Models hope on the traditions. Ancient weeks could expand sometimes happy countries. Never as                                                                                                            | Music                                              | classical                                          |            0.58 |            3561.29 |    0.2964287012475153
 AAAAAAAAKKODAAAA | Particles can allow rules. Right, lesser institutions should reflect precisely. Americans should not resume highly circumstances. Changes could not s                                                    | Music                                              | classical                                          |            3.27 |             821.16 |   0.06835034280174028
 AAAAAAAAKLACAAAA | Parties get of course serious profits. Boards develop holy, conscious winds. Industrial, previous features s                                                                                             | Music                                              | classical                                          |            4.11 |            8962.55 |    0.7460097482558056
 AAAAAAAAKLIDAAAA | Commercial, natural schools discuss at a implications. Children describe to                                                                                                                              | Music                                              | classical                                          |            6.92 |  5602.329999999999 |    0.4663173754061006
 AAAAAAAAKMADAAAA | Particular, handsome rates go also genuine doctors. Wide, effective heads shall bump arms. Teams cannot think around v                                                                                   | Music                                              | classical                                          |            9.08 | 2765.0000000000005 |   0.23014844591408729
 AAAAAAAAKMCCAAAA | Central, sexual arms may mark all upper groups. Great, full others work. Joint others find single, uncertain years. European, modern for                                                                 | Music                                              | classical                                          |            7.75 |            2801.69 |   0.23320238677505933
 AAAAAAAAKMHCAAAA | Ec                                                                                                                                                                                                       | Music                                              | classical                                          |            8.12 |  6009.719999999999 |    0.5002270229218112
 AAAAAAAAKOFAAAAA | As fine musicians convey only then national criticisms; effective ears may become again happy years. Also short adults may help.                                                                         | Music                                              | classical                                          |            3.06 |  9758.400000000001 |    0.8122533796050738
 AAAAAAAAKPOCAAAA | Fresh hands shall not cope thence from a classes. Values may not see most good women. Tomorrow human lips sh                                                                                             | Music                                              | classical                                          |            2.91 |              569.4 |   0.04739476495605109
 AAAAAAAALALAAAAA | Already scottish situations cry etc letters. Things reflect so also full institutions. New elections speak effective farmers. Competent ele                                                              | Music                                              | classical                                          |            0.77 |            5298.18 |    0.4410010463555511
 AAAAAAAALBJBAAAA | Existing colleges can claim in the rises. Aggressive, f                                                                                                                                                  | Music                                              | classical                                          |            7.93 | 1689.4299999999998 |   0.14062194899842181
 AAAAAAAALEBAAAAA | Different, domestic parts might develop re                                                                                                                                                               | Music                                              | classical                                          |            6.81 | 3807.7200000000003 |   0.31694062946690355
 AAAAAAAALGFAAAAA | Long r                                                                                                                                                                                                   | Music                                              | classical                                          |            1.93 |            5300.11 |   0.44116169246788894
 AAAAAAAALPOAAAAA | Also physical years look only farmers. Sides must stand also activities. Great cities may remain separately domestic goods. Reports will hear                                                            | Music                                              | classical                                          |             1.5 |                    |                      
 AAAAAAAAMAIAAAAA | Clothes cannot like still new projects. Strong, local sides would go largely persistent, militar                                                                                                         | Music                                              | classical                                          |            6.22 |            5291.01 |   0.44040424188639954
 AAAAAAAAMBGAAAAA | Good eyes shall not forget increasingly still academic months. Free children contribute taxes. Too civil letters could resist. Early adverse lives see orders. Familiar as                               | Music                                              | classical                                          |            3.61 | 471.91999999999996 |   0.03928088773807451
 AAAAAAAAMCDAAAAA | Others might become democrats; important, domestic parts repair largely indeed hidden                                                                                                                    | Music                                              | classical                                          |            9.91 |  6564.400000000001 |    0.5463965491350576
 AAAAAAAAMGACAAAA | Substantially labour cups make grimly similar disputes. Useful, wild members may not draw usually physically responsible qualities. Growing laws shall not encourage just average,                       | Music                                              | classical                                          |            2.72 |           16933.53 |    1.4094848511173865
 AAAAAAAAMGLCAAAA | Seats like more years.                                                                                                                                                                                   | Music                                              | classical                                          |            2.87 |           10047.26 |    0.8362970252060659
 AAAAAAAAMIBCAAAA | Expe                                                                                                                                                                                                     | Music                                              | classical                                          |            5.03 |            9683.29 |     0.806001499036319
 AAAAAAAAMILAAAAA | Large countries see abroad ahead                                                                                                                                                                         | Music                                              | classical                                          |            4.88 | 14771.289999999999 |    1.2295079340492938
 AAAAAAAAMKHCAAAA |                                                                                                                                                                                                          | Music                                              | classical                                          |            2.72 |            5696.59 |    0.4741632316490887
 AAAAAAAAMKMDAAAA | Other countries                                                                                                                                                                                          | Music                                              | classical                                          |            1.67 |             743.34 |   0.06187289178509136
 AAAAAAAAMMIDAAAA | Absent, new centres ought to go other p                                                                                                                                                                  | Music                                              | classical                                          |            3.34 |           17245.54 |    1.4354554177031567
 AAAAAAAAMODCAAAA | Forward dangerous points cannot put in a terms. Slowly gentle times serve anyway into the workers. Transactions break at a weeks. Then adult institutions affect f                                       | Music                                              | classical                                          |            2.06 |            8948.52 |    0.7448419425790698
 AAAAAAAANDDDAAAA | Domestic feelings must cover apparently on a visits. Other, com                                                                                                                                          | Music                                              | classical                                          |           77.31 |           10847.88 |    0.9029376938381587
 AAAAAAAANDNCAAAA | Acutely private days destroy on a costs. More only years examine even for a resources. Full, public circumstances decide great materials. Systems creep certainly now practical instruments. Contracts   | Music                                              | classical                                          |            5.22 |            4357.44 |    0.3626973034950742
 AAAAAAAANDPAAAAA | Glad, adult cells could act new friends. Revenues let even subjective books. Differ                                                                                                                      | Music                                              | classical                                          |            4.86 |            4849.16 |    0.4036262705203455
 AAAAAAAANEBBAAAA | Bad,                                                                                                                                                                                                     | Music                                              | classical                                          |            6.47 |            9351.91 |    0.7784186447842356
 AAAAAAAANFGBAAAA | Confident, different clothes feel books. Other, sure gardens suppress as passive, corresponding months. Good obligations must become                                                                     | Music                                              | classical                                          |            3.88 | 15168.900000000001 |    1.2626035302807228
 AAAAAAAANGGAAAAA | Perfectly historical fingers used to cause in a families. Workers shall call today employers. Final, european movies hear rapidly legal, ready rates. Payments mig                                       | Music                                              | classical                                          |            1.51 |             3436.9 |    0.2860749344528486
 AAAAAAAANJHCAAAA | Usual, new vehicles go in a bands. Streets create; now small countries will know just children; never total exp                                                                                          | Music                                              | classical                                          |            0.74 |           17301.32 |    1.4400983400587037
 AAAAAAAANNDCAAAA | Early, educational films account nice, following words. Polish trades might result soon. Working, vari                                                                                                   | Music                                              | classical                                          |             0.7 |           10401.18 |     0.865756026283069
 AAAAAAAANNIAAAAA | Close materials could see more sick, exotic lines. Open children would become. Just poor hands should not indicate however. Enormous mod                                                                 | Music                                              | classical                                          |            4.02 |           14965.37 |    1.2456624405169272
 AAAAAAAANOEDAAAA | Quickly recent requests used to render flowers. Medieval structures can walk high, other shares; more military relations keep willingly. Unknown, concerned times look home managerial minutes. G        | Music                                              | classical                                          |            3.98 |            1101.68 |   0.09169979743024652
 AAAAAAAANOMBAAAA | Sensitive affairs arouse similar mothers. Sensitive, mutual guests could for                                                                                                                             | Music                                              | classical                                          |            7.43 |           10216.76 |    0.8504055827404015
 AAAAAAAAOBDCAAAA | Champions ought to prove for the eyes. A little difficult                                                                                                                                                | Music                                              | classical                                          |            71.3 | 10753.320000000002 |      0.89506686669688
 AAAAAAAAOCHAAAAA | Rivals may defend. Soviet, professional flowers take simply pure properties. Early, o                                                                                                                    | Music                                              | classical                                          |            4.15 |            5792.23 |   0.48212395402421465
 AAAAAAAAOEJCAAAA | Really sudden issues buy most front sugges                                                                                                                                                               | Music                                              | classical                                          |            3.97 |            7706.88 |     0.641492388732861
 AAAAAAAAOEODAAAA | Dutch masses turn now; even other advantages count upright. Certain, national papers impress initially various agencies. Anyway long-term                                                                | Music                                              | classical                                          |            0.19 | 14919.619999999999 |     1.241854378527571
 AAAAAAAAOFCBAAAA | Bodies will not ensure exactly large customers; systematic representatives e                                                                                                                             | Music                                              | classical                                          |            9.64 |            1890.36 |    0.1573466243103631
 AAAAAAAAOFFBAAAA | Linear children must include on a jobs. Currently good arts mean generally seriously environmental demands. Minist                                                                                       | Music                                              | classical                                          |            7.01 |           10582.02 |    0.8808084837727991
 AAAAAAAAOGJDAAAA | Groups can make always victorian                                                                                                                                                                         | Music                                              | classical                                          |            2.16 |            2958.88 |    0.2462863051161933
 AAAAAAAAOGMCAAAA | Independent interests achieve successfully sources. Stories would not lo                                                                                                                                 | Music                                              | classical                                          |            4.84 |               55.7 |  0.004636263449336224
 AAAAAAAAOGPCAAAA | Together good values should enter too correct, legal years; little arts would reduce following events                                                                                                    | Music                                              | classical                                          |            2.78 |            8844.58 |    0.7361903586845634
 AAAAAAAAOHHAAAAA | Angles must reproduce responsible, profitable lectures. Only close actions could infer economic, w                                                                                                       | Music                                              | classical                                          |            8.42 |             187.05 |   0.01556935508435082
 AAAAAAAAOIECAAAA | Local cells would collect abroad productive, successful patients. Sites shall stop sensible, necessary la                                                                                                | Music                                              | classical                                          |             6.2 |            1496.71 |   0.12458064393637379
 AAAAAAAAOJGDAAAA | Sufficient companies ought to go in a terms. Seriously legal cases begin in a                                                                                                                            | Music                                              | classical                                          |             5.6 |           13084.89 |    1.0891381911236098
 AAAAAAAAOLCEAAAA | Possibilities put relations. Maybe new goods ought to attract consequently fresh conventional goods. Problems know only at a contributions. Necessary stages g                                           | Music                                              | classical                                          |            0.52 |            8201.58 |    0.6826694000144881
 AAAAAAAAOLKAAAAA | Feet show instead to a groups. Researchers adhere due reforms. Successful rights end about the centres. Even pro                                                                                         | Music                                              | classical                                          |            0.77 |            3535.77 |    0.2943045101662395
 AAAAAAAAOMECAAAA | Animals used to create much absolute users. Already possible                                                                                                                                             | Music                                              | classical                                          |            2.75 |             3027.9 |    0.2520312764496437
 AAAAAAAAOMFDAAAA | Further genetic others might suffice deliberately. Fresh, possible teachers come as behind a times. Eastern surveys cannot break little risks. Recent, main routes                                       | Music                                              | classical                                          |            73.6 |             531.25 |  0.044219299056730145
 AAAAAAAAOMPAAAAA | Central councils would not take procedures. Increased problems will not depend much interested, different elections. A                                                                                   | Music                                              | classical                                          |            3.75 |            2498.68 |     0.207980947138015
 AAAAAAAAPAEDAAAA | Perfect, soviet states return recently for a factors. Bills make lazily previous, new courses. Prominent, little lessons record rapidly on no metres                                                     | Music                                              | classical                                          |            4.53 |  7852.130000000001 |    0.6535824653220188
 AAAAAAAAPBDAAAAA | Eligible sciences contribute days; chief, acute features ou                                                                                                                                              | Music                                              | classical                                          |            2.06 |  5429.700000000001 |    0.4519482881662639
 AAAAAAAAPDDEAAAA | Banks must appeal alone lines. Casualties ought to smile only total sources. Only problems                                                                                                               | Music                                              | classical                                          |             4.1 |           10461.28 |    0.8707585295740047
 AAAAAAAAPDEDAAAA | So fresh artists would not devote arms. Though sudden partners may exist new, nuclear courses. Almost other records might learn only great problems. Anyway educational difficulties enable at least. R  | Music                                              | classical                                          |            2.34 |            8563.58 |    0.7128009506187918
 AAAAAAAAPDPBAAAA | Medium, safe systems should obey sincerely interested ears. National, absent achievements may not fail also behind a songs. Ar                                                                           | Music                                              | classical                                          |             1.3 |           11656.74 |    0.9702642298099737
 AAAAAAAAPEGAAAAA | Below vital reasons could persuade. Permanently easy organisers could not use typically. Existing candidates should allow; characteristics break or                                                      | Music                                              | classical                                          |            4.25 | 1271.6999999999998 |   0.10585163785495288
 AAAAAAAAPGHDAAAA | Rights climb in a facilities. Female, useful cases tell all entirely equal indivi                                                                                                                        | Music                                              | classical                                          |            2.37 |            6758.16 |    0.5625244199778473
 AAAAAAAAPHBCAAAA | Good systems might not write young, true ears. Magnificent passages                                                                                                                                      | Music                                              | classical                                          |            6.68 |           20564.05 |    1.7116760033271559
 AAAAAAAAPKDAAAAA | Social others allow both procedures. Needs should bring about here black aspirations. Machines get. That key papers fill close representative, central committees. Great, other pp. cannot rai           | Music                                              | classical                                          |            6.07 |            4152.79 |   0.34566298904432635
 AAAAAAAAPNJDAAAA | Afraid benefits protect minor, vocational beans. Points could not know again new pairs. Fine, payable parties help too little hou                                                                        | Music                                              | classical                                          |           89.04 |            5754.44 |    0.4789784532028427
 AAAAAAAAAADEAAAA | Modern, recent artists ought to indicate chronic, annual arts; small, strong twins could get processes; unable victims must achieve. Computers ought to meet from a polls. Negative boar                 | Music                                              | country                                            |            9.59 |            5608.26 |    0.4450866297389398
 AAAAAAAAABJAAAAA | Also other prices free then virtually particular choices. Causes could believe together as a rules. Exis                                                                                                 | Music                                              | country                                            |            1.02 |            3711.13 |    0.2945252795382296
 AAAAAAAAADEEAAAA | Good, moral problems cannot a                                                                                                                                                                            | Music                                              | country                                            |            6.34 |            3522.04 |   0.27951858747735225
 AAAAAAAAADPBAAAA | Signs will not read however with a surroundings; wrong, gay steps must not say home. Lessons could not c                                                                                                 | Music                                              | country                                            |            5.13 |             5746.7 |    0.4560736012811042
 AAAAAAAAAFIAAAAA | Circumstances should not protect. Human arrangements seem between the resource                                                                                                                           | Music                                              | country                                            |           42.04 |            16344.5 |    1.2971435739013708
 AAAAAAAAAGMCAAAA | Finally new thoughts go exactly. Now able years decline as changing, entire knees. Considerable, forward reas                                                                                            | Music                                              | country                                            |            4.78 | 13425.270000000002 |    1.0654656127988533
 AAAAAAAAAHEDAAAA | Children should evolve at a increases. Sufficient ideas might close children. Corporate parents use new moves. Young structures                                                                          | Music                                              | country                                            |            2.81 |            4413.31 |    0.3502521769484939
 AAAAAAAAAHNAAAAA | Arms trigger presumably. Really religious trousers put; directors might bring great democra                                                                                                              | Music                                              | country                                            |            5.81 |            4636.78 |    0.3679873584749853
 AAAAAAAAAIBCAAAA | Leading, small teams will conceive corporate, real others. Remarkable books change men. Only occasional cars make minutes. Nuclear periods present often                                                 | Music                                              | country                                            |           16.41 | 3783.7400000000007 |    0.3002878048464972
 AAAAAAAAAIEEAAAA | Now respectable workers con                                                                                                                                                                              | Music                                              | country                                            |            2.42 |            2616.23 |   0.20763106441604107
 AAAAAAAAAIFAAAAA | Provisions may not say solutions. Members may explore in general over a services. Nearly growing elections used to modernise. Central rumours would not cope for a                                       | Music                                              | country                                            |            1.88 |           20303.66 |     1.611353182763517
 AAAAAAAAAIHBAAAA | New prices trap linguistic, domestic students. Soon critical conclusions should capture really sweet clients. Personal practitioners draw shortly at a characteristics. Moments might k                  | Music                                              | country                                            |            3.32 |            6716.61 |    0.5330482731133829
 AAAAAAAAAKGDAAAA | Meals will break barely in aid of a drugs. Points force necessarily. Main, ord                                                                                                                           | Music                                              | country                                            |             5.2 | 16310.630000000001 |    1.2944555594103775
 AAAAAAAAAKMBAAAA | As technical contacts try. Famous relations regain exclusively politely happy feet. Birds will not read deeply; eventually british comput                                                                | Music                                              | country                                            |            1.79 |             891.19 |   0.07072724045551486
 AAAAAAAAALHCAAAA | Boldly joint others need frequently best correct detectives. Subjective                                                                                                                                  | Music                                              | country                                            |             2.9 |            5838.58 |    0.4633654457284753
 AAAAAAAAAMFDAAAA | Free periods think new representatives. Again known pounds decide. Rules ought to place sure thousands.                                                                                                  | Music                                              | country                                            |            2.99 | 3908.3500000000004 |   0.31017719031217983
 AAAAAAAAANJBAAAA | Changes might get then great appointments; now liberal comments must not report well interested artificial months. Always international effects depend as used, new                                      | Music                                              | country                                            |             0.8 |            7525.24 |    0.5972233294420478
 AAAAAAAAANMDAAAA | Good, old negotiations get primary games. New offers use no lo                                                                                                                                           | Music                                              | country                                            |            3.85 |            3354.88 |   0.26625231932516935
 AAAAAAAAAOJCAAAA | There high meals change. Full inches improve ago. Offices will not come most political restrictions. Authorities see prices. General friends go ago less great reports. Rights ought to interrupt a l    | Music                                              | country                                            |            6.92 |            3277.38 |   0.26010171043671415
 AAAAAAAAAPAEAAAA | Public, good numbers will explain often in order likely papers                                                                                                                                           | Music                                              | country                                            |            8.62 |             157.29 |  0.012482958349227361
 AAAAAAAABAMDAAAA | Countries must not lend; perfect, dear men care. Interior, long interests cut foods. Players know free relations. Animals might form. Personal women take yesterday dark, relevant                       | Music                                              | country                                            |            4.31 |            4270.54 |    0.3389215649355294
 AAAAAAAABAPDAAAA | Elsewhere full recommendations will make incidentally. Groups                                                                                                                                            | Music                                              | country                                            |            4.85 |               2254 |   0.17888351528487806
 AAAAAAAABEGCAAAA | Vital poems sustain so about a                                                                                                                                                                           | Music                                              | country                                            |            1.02 |            1312.18 |   0.10413814156455692
 AAAAAAAABELDAAAA | Warm s                                                                                                                                                                                                   | Music                                              | country                                            |            5.32 |             2751.8 |   0.21839026502259426
 AAAAAAAABEMCAAAA | Good interviews would not copy perfectly expected circumstances. Now leadi                                                                                                                               | Music                                              | country                                            |            9.89 |            5903.43 |     0.468512116520944
 AAAAAAAABFICAAAA | Economic, glad groups believe for example                                                                                                                                                                | Music                                              | country                                            |            1.19 |            3356.17 |    0.2663546972021514
 AAAAAAAABGIBAAAA | Also old-fashioned origins mean games. Old galleries ought to become key streets; uncertain lines pay too pretty big criticisms. At least long-term patients should not say co                           | Music                                              | country                                            |            2.43 |              691.2 |   0.05485549501548701
 AAAAAAAABIICAAAA | Military, political options exist here letters. Full organisations see naturally in a individuals. Increased, blind move                                                                                 | Music                                              | country                                            |            4.56 | 1469.8799999999999 |    0.1166536386188716
 AAAAAAAABJDAAAAA | Just only places could learn even popular studies. International, ot                                                                                                                                     | Music                                              | country                                            |            4.58 |            1274.03 |   0.10111045473753026
 AAAAAAAABLPBAAAA | Steps sit too prices. Steps visit great,                                                                                                                                                                 | Music                                              | country                                            |            0.86 |              148.8 |  0.011809169065834011
 AAAAAAAABMKCAAAA | Countries must not use easier national hours. Figures remember currently raw positions; forms should                                                                                                     | Music                                              | country                                            |            1.29 |            8810.24 |     0.699204392947402
 AAAAAAAABPIBAAAA | Compatible, adult numbers generate s                                                                                                                                                                     | Music                                              | country                                            |            6.02 |           13896.76 |     1.102884330022308
 AAAAAAAACACDAAAA | Things appea                                                                                                                                                                                             | Music                                              | country                                            |            2.37 |             655.17 |   0.05199605710257034
 AAAAAAAACBGCAAAA | Problems see keen fans. Easy other eve                                                                                                                                                                   | Music                                              | country                                            |            5.34 |             559.68 |   0.04441771332504017
 AAAAAAAACEBAAAAA | Duties say overnight young, powerful tories. Then main cases take major, only things. Thin, outside payments assist softly once initial degrees. Virtually equal changes shall re                        | Music                                              | country                                            |           76.54 |           33471.09 |     2.656355918197218
 AAAAAAAACFDBAAAA | New, special years keep about appropriate birds; good, free banks know rather similar children. Times might g                                                                                            | Music                                              | country                                            |           40.61 | 1551.1399999999999 |   0.12310265124178606
 AAAAAAAACGGDAAAA | Physical wings used to live women. Now big developments will sign scientifically home final police. Books must not read to the women; per annum equivalent accidents c                                   | Music                                              | country                                            |            1.18 |            3189.54 |     0.253130491278496
 AAAAAAAACGODAAAA | Obviously national parents take early features. Women help members. Efficient doors go in general large children; original, remote offi                                                                  | Music                                              | country                                            |            2.42 | 1352.8999999999999 |    0.1073697905185943
 AAAAAAAACHGCAAAA | Public auditors used to challenge. Old, responsible services may tell so past ways. Good women use away minor mo                                                                                         | Music                                              | country                                            |            8.58 |               5.28 | 0.0004190350313683036
 AAAAAAAACNCAAAAA | Other employers prepare impossible, enthusiastic users; early following resources adapt eyes. There positive officials                                                                                   | Music                                              | country                                            |           77.51 |            4874.05 |    0.3868177451970985
 AAAAAAAACOBDAAAA | Governors prepare girls. Other, new others would not visit really waters. Due, traditional problems should consider early confident years. Resources say early in a seats. Rapid, s                      | Music                                              | country                                            |            0.49 |  4351.719999999999 |     0.345364228542817
 AAAAAAAACOFBAAAA | Complex, public windows shall enjoy plans. Likely, practical cases could say normal, roya                                                                                                                | Music                                              | country                                            |            7.01 |  5019.179999999999 |   0.39833565317105335
 AAAAAAAACOOCAAAA | Straight young variables can cut aspects. English, definite materials begin evidently days. Exclusively financial stations keep slightly direct pa                                                       | Music                                              | country                                            |            8.64 | 12900.380000000001 |    1.0238089276445144
 AAAAAAAACPCEAAAA | Correct, various years leave local residents. Men smell aspects. Professional efforts will not know by a forces. Adult, extern                                                                           | Music                                              | country                                            |           22.34 |             1607.2 |    0.1275517239422609
 AAAAAAAACPFBAAAA | Ministers will absorb quickly to the kids. Pictures might know married theories. Old networks might maintain more ladies. Processes used to remember later narrow effects. So great minute               | Music                                              | country                                            |            3.12 |  9479.279999999999 |    0.7523012106342675
 AAAAAAAADBADAAAA | About model plants cope                                                                                                                                                                                  | Music                                              | country                                            |            6.32 |  8112.570000000001 |    0.6438354212930982
 AAAAAAAADFBBAAAA | So good members would not believe so elderly years; slightly mathematical pupils may open shares. Togeth                                                                                                 | Music                                              | country                                            |            3.94 | 11555.130000000001 |    0.9170462617452321
 AAAAAAAADGEDAAAA | Experiences say now for a programs. Likely cases su                                                                                                                                                      | Music                                              | country                                            |           78.11 |            3362.73 |    0.2668753164835484
 AAAAAAAADHBCAAAA | Differences would know widely across a thousands. Firm, square sessions may not come almost happy films. Crucial dates say significantly                                                                 | Music                                              | country                                            |            1.75 |            2133.66 |   0.16933300852827549
 AAAAAAAADHOBAAAA | Full lights note once pale, heavy services. Available requirements see simply lo                                                                                                                         | Music                                              | country                                            |            4.16 |             117.06 |  0.009290197115904094
 AAAAAAAADKFBAAAA | Again inc patients cannot move brilliantly activities. Later national patients must know more words; wines may expect over also inc women. Old, soviet brothers come already bad concepts. Units wi      | Music                                              | country                                            |            9.05 |           15720.54 |    1.2476244265202028
 AAAAAAAADKKCAAAA | Also                                                                                                                                                                                                     | Music                                              | country                                            |            8.93 |             638.25 |   0.05065324029750374
 AAAAAAAADLCAAAAA | Clients cannot represent. Together strong heads record never modern generations; right old shareholde                                                                                                    | Music                                              | country                                            |            3.04 |  8505.340000000002 |    0.6750067071397894
 AAAAAAAADOBEAAAA | Physical times will not help fast in short young genes. Aware, regional lips attend material discussions. Good officials might not a                                                                     | Music                                              | country                                            |            3.63 | 436.58000000000004 |  0.034648165529313255
 AAAAAAAAEACCAAAA | Cognitive, other mammals appear long valid services. Square cells used to go trees. Representatives hope yet private polls; large years visit able, other seconds. Metropolitan, public lan              | Music                                              | country                                            |            4.64 |  6929.549999999999 |    0.5499477654579976
 AAAAAAAAEAMBAAAA | Fields used to keep friends; chief, big restrictions used to facilitate sometimes small artists. Human, economic agents might not lead rarely friends. Obligations spend su                              | Music                                              | country                                            |            6.88 |           20568.83 |    1.6323977886854744
 AAAAAAAAEBJCAAAA | Broken, close ideas complain later in a sums. Authorities laugh just pieces; long, royal societies convert only spiritual doubts. Eventually outside humans evaluate; as ultimate women creat            | Music                                              | country                                            |            4.72 |            8874.74 |    0.7043232867965035
 AAAAAAAAECODAAAA | Liberal, socialist police will leave thus. Careful s                                                                                                                                                     | Music                                              | country                                            |               3 |  8673.119999999999 |    0.6883221801630797
 AAAAAAAAEEBEAAAA | Indian attacks join very teams. Efforts address still very prospective subjects. Other, various remarks may not see still grea                                                                           | Music                                              | country                                            |            4.56 |           12592.51 |    0.9993755346317569
 AAAAAAAAEGADAAAA | Even new rats emphasise statutory, social hours. Ever principal merchants should not make investments. Proposals could describe special, following agencies. At random long                              | Music                                              | country                                            |            3.73 | 1339.6299999999999 |    0.1063166475515001
 AAAAAAAAEGCBAAAA | Particular ears aid in a materials. Purposes ought to                                                                                                                                                    | Music                                              | country                                            |            0.72 |           18047.04 |    1.4322617372168616
 AAAAAAAAEGFBAAAA | More expected bills should not make only even conscious programmes. Policies                                                                                                                             | Music                                              | country                                            |            5.12 |            5470.92 |    0.4341869571616438
 AAAAAAAAEHBBAAAA | Quite runnin                                                                                                                                                                                             | Music                                              | country                                            |             6.9 |            5122.19 |     0.406510804417502
 AAAAAAAAEHGDAAAA | Personnel imagine yesterday as major nations. Instructions ought to stop rich ears. French, standard banks will offer about words. Children create.                                                      | Music                                              | country                                            |               2 |            8194.36 |    0.6503264961445401
 AAAAAAAAEJHCAAAA | Personnel knit just. Only intense causes shall depend however memb                                                                                                                                       | Music                                              | country                                            |           52.07 |            1686.06 |   0.13381026609637156
 AAAAAAAAEKCDAAAA | Other records expect businesses                                                                                                                                                                          | Music                                              | country                                            |            3.51 |             464.85 |  0.036891748926431045
 AAAAAAAAEMAAAAAA | Detailed periods force. Nice, dead prices might recommend approximately social books. Enough hard pupils might get                                                                                       | Music                                              | country                                            |           34.15 |            5278.85 |    0.4189437642686684
 AAAAAAAAENMAAAAA | Minutes would impede home regulations. Distant, other words find as old, doubtful authorities. Wild, unique projects would not appear. Likely, existing revenues w                                       | Music                                              | country                                            |            1.48 |  9874.919999999998 |    0.7837002674165695
 AAAAAAAAFBBDAAAA | Institutions could spill already views. Tired                                                                                                                                                            | Music                                              | country                                            |            1.54 |               67.5 |  0.005356981935106153
 AAAAAAAAFDKBAAAA | Financial candidates dream main minutes. Sure relative magistrates may avoid. Blue numbers look at first amounts. Mad funds must p                                                                       | Music                                              | country                                            |            0.52 | 1875.4599999999998 |   0.14884156059280274
 AAAAAAAAFEDEAAAA | Conventional places improve enough women. Spirits break best to the prices.                                                                                                                              | Music                                              | country                                            |            3.68 |            2294.32 |    0.1820834191607815
 AAAAAAAAFNGBAAAA | Principal shares provide good stages; gains could earn good members. Social, sexual patients should alleviate american hotels. Sure knees cover later guilty countries. Enough national initiatives co   | Music                                              | country                                            |            8.74 |                    |                      
 AAAAAAAAFNHAAAAA | Teachers identify much                                                                                                                                                                                   | Music                                              | country                                            |             2.6 |             3227.4 |   0.25613516292387556
 AAAAAAAAFNKAAAAA | High, good pools happen swiftly social letters. Exactly black arts could ask; arts shal                                                                                                                  | Music                                              | country                                            |            1.46 | 10256.550000000001 |      0.81398745283723
 AAAAAAAAFNLCAAAA | Never bloody instruments jump long, administrative operations. Central words ought to use. Well different observers will bid once more right, private feelings. Other, wide arms                         | Music                                              | country                                            |            4.51 |            4714.93 |   0.37418955311540825
 AAAAAAAAGAEDAAAA | Proposals note never scientific, good losses. English, whi                                                                                                                                               | Music                                              | country                                            |            2.04 |           18878.14 |     1.498220073309702
 AAAAAAAAGAJCAAAA | Weak roles know a bit; again beautiful powers may say also tiny details. Monthly affairs get over plain normal details. Simple operations shall care still hot years. Organisms could                    | Music                                              | country                                            |            1.45 |             9144.1 |    0.7257004224119137
 AAAAAAAAGAKDAAAA | Other, short police channel together voluntary needs; stores may not know together. Prices guess expensive weaknesses. Regular, minor reforms                                                            | Music                                              | country                                            |            3.54 |            9913.95 |    0.7867977934154912
 AAAAAAAAGCIBAAAA | Too equal prices must appear. Traditional, other choices use thin odds; near apparent methods can save important, fundamental arran                                                                      | Music                                              | country                                            |            2.24 | 3275.8399999999997 |   0.25997949188589836
 AAAAAAAAGCOBAAAA | Yet different points escape good, small leaves; then profitable claims put departments. Glorious, european colleagues must pres                                                                          | Music                                              | country                                            |            5.71 | 1937.0700000000002 |   0.15373109625238635
 AAAAAAAAGDBDAAAA | Additional wages buy possible directors. New, supreme standards return inextricably mean, democratic forces. Mountains shall not try safe days. Old citizens hear. Workers would find now circu          | Music                                              | country                                            |            12.2 |           12598.12 |    0.9998207593525856
 AAAAAAAAGEKCAAAA | Old, successful industries shall not                                                                                                                                                                     | Music                                              | country                                            |            1.41 |           14779.68 |    1.1729552409874031
 AAAAAAAAGFNBAAAA | In order jewish hundreds cannot play to the years. Exotic, other resources will reflect for a customers. Fine, written regulations would                                                                 | Music                                              | country                                            |             0.6 |            9093.86 |     0.721713240598288
 AAAAAAAAGGMBAAAA | Again specific attitudes help. Over necessary sides want inevitably scientific, appropriate bars. Parliamentary, expected comm                                                                           | Music                                              | country                                            |             5.4 |           11345.97 |    0.9004467603889832
 AAAAAAAAGGOCAAAA | Future acts ought to fight most movements. Compulsory, special times shall not perform very only, able eyes. Over natural heels attract sure ears. Foreign, alone songs might not improve sternly num    | Music                                              | country                                            |            0.11 |            6000.12 |   0.47618569553287604
 AAAAAAAAGIDDAAAA | Final, regional farmers would                                                                                                                                                                            | Music                                              | country                                            |            9.14 |            3096.44 |   0.24574182434281627
 AAAAAAAAGIGDAAAA | Pictures walk marked, fine rights. New, creative m                                                                                                                                                       | Music                                              | country                                            |            4.15 |            2340.64 |   0.18575949920869433
 AAAAAAAAGJBBAAAA | Usually previous references might al                                                                                                                                                                     | Music                                              | country                                            |            2.95 | 22891.180000000004 |    1.8167057441964933
 AAAAAAAAGJNAAAAA | National tests shall identify small, other colleagues. Votes feel other, british stars. At all direct keys                                                                                               | Music                                              | country                                            |             8.2 |            5086.86 |    0.4037069203913198
 AAAAAAAAGLMDAAAA | Sure forces accept in the losses. Further special opti                                                                                                                                                   | Music                                              | country                                            |            0.85 |           14875.52 |    1.1805613617083006
 AAAAAAAAGMDEAAAA | Likely, subsequent cards improve away from a miles; revolutionary pieces know recently good solicito                                                                                                     | Music                                              | country                                            |            3.54 |           10153.74 |    0.8058281741298482
 AAAAAAAAGNNAAAAA | Other, colourful actions cannot look natural sort                                                                                                                                                        | Music                                              | country                                            |            0.79 |            1130.04 |   0.08968302023625715
 AAAAAAAAGPEDAAAA | Resources enable traders. Friends may not discover powerful, late customs. Less victorian masters must contact usually except for a minutes. Irrelevant, extreme policies must eme                       | Music                                              | country                                            |            9.93 |            4058.96 |      0.32213000585657
 AAAAAAAAHGDDAAAA | Consist                                                                                                                                                                                                  | Music                                              | country                                            |           13.43 |             1751.2 |   0.13897995207048736
 AAAAAAAAHHACAAAA | Unacceptable, revolutionary sides sho                                                                                                                                                                    | Music                                              | country                                            |            2.44 |            3625.66 |    0.2877421499679552
 AAAAAAAAHHFAAAAA | Large, open managers think. True centuries would not love for a doctors. Superb, labour houses stress so active pounds. Formally certain subjects m                                                      | Music                                              | country                                            |            7.18 |            1529.77 |   0.12140667044247912
 AAAAAAAAHHGCAAAA | Friendly, reduced muscles go steady modern photographs. Aware cards used                                                                                                                                 | Music                                              | country                                            |             1.9 |           12139.97 |    0.9634607404848985
 AAAAAAAAHJJDAAAA | Qualifications should live easily expensive, classical decades. Raw, light divis                                                                                                                         | Music                                              | country                                            |              71 |             234.24 |  0.018589917755248375
 AAAAAAAAHLICAAAA | Practical women will mean with a authorities. Other, cultural sites change at least general, red events. Accounts discuss indeed early, good sites; double, early chil                                   | Music                                              | country                                            |            6.18 |  7840.120000000001 |    0.6222130549491032
 AAAAAAAAHMDDAAAA | Libraries long later. Then easy men give rules. Authors know highly single, grateful teachers. Peculiar, brave forces should not join however workers. Basi                                              | Music                                              | country                                            |             4.9 |           18100.34 |     1.436491768878212
 AAAAAAAAHNFDAAAA | Supreme, possible houses used to seal. Together female creditors may not proceed frequently. Real, other conditions count photographs; able, criti                                                       | Music                                              | country                                            |            5.55 |  6098.339999999999 |    0.4839806994686704
 AAAAAAAAHOGBAAAA | Equally political levels wear more conversely famous reasons. Then delightful cases must run positive, obvious problems. Perfect, limited responsibilities might cut still with a flats. Members         | Music                                              | country                                            |            9.41 |            4361.71 |   0.34615706186921275
 AAAAAAAAHOKAAAAA | Universal expressions drink late special, medieval fingers. Christian, blue governors read very please local references. Special, like results must not afford most too potential directors. Go          | Music                                              | country                                            |            5.45 |            3316.12 |   0.26317622125398843
 AAAAAAAAHPFBAAAA | So fixed changes peer. Mountains could last less american items. Policies underline great students. Services refle                                                                                       | Music                                              | country                                            |               2 |  9410.720000000001 |    0.7468601042421065
 AAAAAAAAIAMAAAAA | Full, able parents see at least. Elsewhere required programmes escape up front sometimes linguistic ar                                                                                                   | Music                                              | country                                            |             4.6 |  4630.780000000001 |    0.3675111823029759
 AAAAAAAAIBOAAAAA | Serious arts ought to find as so-called                                                                                                                                                                  | Music                                              | country                                            |            7.42 | 3316.1800000000003 |    0.2631809830157085
 AAAAAAAAICJAAAAA | Tonig                                                                                                                                                                                                    | Music                                              | country                                            |            1.67 |           18651.29 |    1.4802166458729784
 AAAAAAAAIDADAAAA | Only services consist in the artists. Western,                                                                                                                                                           | Music                                              | country                                            |            1.53 |             261.12 |  0.020723187005850647
 AAAAAAAAIFJDAAAA | Armed solutions would use only. Hardly practical steps must identify new, primitive implications. Unlikely, new times involve most large wages. Turkish trees go thus on a rese                          | Music                                              | country                                            |            5.44 |            1715.12 |   0.13611654602280393
 AAAAAAAAIGPDAAAA | European, new windows tackle at least small, due claims. Right players could cultivate well to a int                                                                                                     | Music                                              | country                                            |            3.76 |            6829.51 |    0.5420083214166938
 AAAAAAAAIIDDAAAA | Schools will attempt blue tracks. Offices stop later moral ages. Under way happy jobs could not continue in general clear, sure years; o                                                                 | Music                                              | country                                            |            4.98 |              66.64 |  0.005288730017118134
 AAAAAAAAIJAAAAAA | Sure, e                                                                                                                                                                                                  | Music                                              | country                                            |            1.09 |            7271.85 |     0.577113616071136
 AAAAAAAAILPBAAAA | Famous, senior bills may install. Sacred, political thousands know neighbours. Public rec                                                                                                                | Music                                              | country                                            |            5.13 | 2358.0099999999998 |   0.18713802922666162
 AAAAAAAAINHDAAAA | Final reactions would guide at present bedrooms; girls would not need especially; eyes turn.                                                                                                             | Music                                              | country                                            |            8.82 | 10551.960000000001 |    0.8374319866661145
 AAAAAAAAINNDAAAA | Other earnings construct affairs. Inc, new leaders conclude well. Personal, ordinary judges find more on a rewards. Still specialist frames may follow. Delighted choices explain perhaps                | Music                                              | country                                            |            3.57 |              330.4 |  0.026221434538652933
 AAAAAAAAIOBCAAAA | Important, fortunate functions go as by a mechanisms. Windows w                                                                                                                                          | Music                                              | country                                            |            6.06 |  824.9000000000001 |   0.06546628738176395
 AAAAAAAAIOCCAAAA | Recently american occasions used to care sure quite geographical combinations. Personal companies shall see for                                                                                          | Music                                              | country                                            |            7.36 |  9630.210000000001 |     0.764279422241165
 AAAAAAAAIOOCAAAA | Lawyers can want ever. Almost high texts see t                                                                                                                                                           | Music                                              | country                                            |            2.76 | 7992.4400000000005 |     0.634301580702516
 AAAAAAAAIPODAAAA | Situations may attract enormously. Formerly free areas used to hunt simply hard, complete levels. Dif                                                                                                    | Music                                              | country                                            |            1.69 |             4125.5 |    0.3274107996041546
 AAAAAAAAJBFBAAAA | Distinct, christian principles limit more similar, english trials. Similar parents would curtail residential, welcome fruits. Reactions should read also loy                                             | Music                                              | country                                            |            8.19 | 10913.400000000001 |     0.866116839267963
 AAAAAAAAJBPDAAAA | Thin, only days would enter. Now original definitions shall hold well almost simple leaders. Black resources could use                                                                                   | Music                                              | country                                            |            4.84 |           14141.37 |    1.1222972389281793
 AAAAAAAAJCCAAAAA | Particular buyer                                                                                                                                                                                         | Music                                              | country                                            |            9.71 |            2016.36 |     0.160023764365491
 AAAAAAAAJFCDAAAA | Decisions may recall aside dry machines. Ideological tenants can enlist altogether small, other women. Almost c                                                                                          | Music                                              | country                                            |            4.18 |            2427.45 |    0.1926489747907175
 AAAAAAAAJGDBAAAA | United drivers may act even only foreign initiatives; senior, comfortable methods can go unexpected consequences. Unlikely affairs reach just independent limitations. Severe, po                        | Music                                              | country                                            |            1.34 | 2779.9599999999996 |   0.22062511852322517
 AAAAAAAAJGPBAAAA | Labour aspects shall wish. Political names participate sufficient, general results. Shadows show no doubt psychiatric, confidential accounts. Miles ought to appear forever broad, popula                | Music                                              | country                                            |            0.97 |            7820.34 |    0.6206432608353786
 AAAAAAAAJHGAAAAA | Contemporary cases must not take lat                                                                                                                                                                     | Music                                              | country                                            |           38.51 |            1007.74 |   0.07997696259679815
 AAAAAAAAJJGBAAAA | Often hot child                                                                                                                                                                                          | Music                                              | country                                            |            0.49 | 10881.829999999998 |    0.8636113589762398
 AAAAAAAAJJHDAAAA | Services may cause at a proceedings. Stones would look indeed sufficient hands. Then contemporary members could not live then with a boys. Traditional, red classes must press then violent application  | Music                                              | country                                            |             3.9 |           20983.34 |     1.665294419528746
 AAAAAAAAJJLCAAAA | European areas claim greatly widely just friends; monetary fa                                                                                                                                            | Music                                              | country                                            |            6.75 |            1895.36 |    0.1504208782299674
 AAAAAAAAJMJBAAAA | Important, contemporary subjects might not include yet. Significant clothes surprise indeed years. Large, public years lend. Young, national persons produce quietly courses. Never cons                 | Music                                              | country                                            |            3.07 |  6398.889999999999 |    0.5078331575515765
 AAAAAAAAJPHDAAAA | Still likely lives return for example. Considerable games                                                                                                                                                | Music                                              | country                                            |            5.98 |            3282.36 |     0.260496936659482
 AAAAAAAAKAFCAAAA | Too independent statements acc                                                                                                                                                                           | Music                                              | country                                            |            1.28 |             614.54 |  0.048771550791113116
 AAAAAAAAKBCEAAAA | Brilliantly supreme students used to tell about a provisions. Intense,                                                                                                                                   | Music                                              | country                                            |            7.94 |            3852.49 |    0.3057439901507719
 AAAAAAAAKDEDAAAA | Substantial, soft services run further extensive libraries; days could not increase enough remarkable, international proble                                                                              | Music                                              | country                                            |            4.51 | 3735.1299999999997 |    0.2964299842262673
 AAAAAAAAKEKBAAAA | Open, considerable others tell of course of course open things. European, tiny increases can kill all but high, unchanged leg                                                                            | Music                                              | country                                            |            0.21 |             259.37 |  0.020584302289014565
 AAAAAAAAKGOBAAAA | Simply short years would make regional categories. Full, british pol                                                                                                                                     | Music                                              | country                                            |            1.99 |            4924.58 |   0.39082794219237127
 AAAAAAAAKHJCAAAA | Small, difficult nights would conclude with a processes; common, various towns should frustrate too for the costs. Old police hold mor                                                                   | Music                                              | country                                            |            5.77 |            4919.07 |   0.39039065374107595
 AAAAAAAAKICAAAAA | Harsh factors used to include most criminal, final computers. Later profound costs know in the communications. Other connections die in a mothers. Real, close members may not keep well c               | Music                                              | country                                            |            0.16 |             763.64 |    0.0606045286655476
 AAAAAAAAKJCEAAAA | United letters contain somehow. Black days release far. Words could get. Home industrial studies would breathe                                                                                           | Music                                              | country                                            |            4.68 | 6503.3099999999995 |    0.5161202101984473
 AAAAAAAAKKHCAAAA | Others hold narrow weeks. Aware, unacceptable lips could not include rather references. Simply full workers might learn only at the customers. Rarely political losses im                                | Music                                              | country                                            |            0.23 |            2433.23 |   0.19310769116975326
 AAAAAAAAKLEEAAAA | Problems proceed so likely cases. Sources might not prove very lengths. New payments might not argue phys                                                                                                | Music                                              | country                                            |            0.64 |            6341.75 |    0.5032983731401399
 AAAAAAAAKLGCAAAA | Small issues should not store little                                                                                                                                                                     | Music                                              | country                                            |             5.9 |             604.27 |  0.047956495910023635
 AAAAAAAAKMJDAAAA | L                                                                                                                                                                                                        | Music                                              | country                                            |           39.64 |             571.12 |    0.0453256225596715
 AAAAAAAAKOEDAAAA | Particular, warm neighbours build now in a industries. Pregnant, rich sources must not go                                                                                                                | Music                                              | country                                            |            0.56 |            4948.55 |   0.39273026599954897
 AAAAAAAAKOLDAAAA | Notes claim sooner by a researchers. National answers ought to know simply files. Liberal departments will determine                                                                                     | Music                                              | country                                            |            3.95 |           14033.03 |    1.1136990845155956
 AAAAAAAAKONAAAAA | Hours shoot entirely in a hundreds. Concerned, foreign writers would go at an applications. Feelings ought to capture best others. Looks create further. Possible play                                   | Music                                              | country                                            |           63.01 | 4055.6200000000003 |   0.32186493445415143
 AAAAAAAALBLCAAAA | Barely local times care. Just, net costs will settle usually personal, odd rates. Counties cannot show                                                                                                   | Music                                              | country                                            |               1 |  6407.639999999999 |    0.5085275811357569
 AAAAAAAALCDAAAAA | Small degrees see just against a wages. Happy actions mean further particular shops. Now main connections can believe up to the prac                                                                     | Music                                              | country                                            |            2.73 |             307.12 |  0.024373870991256322
 AAAAAAAALIMDAAAA | Wonderful, local prices ought to recognize again. Remaining, inc masters start towards a re                                                                                                              | Music                                              | country                                            |            0.82 |              105.6 |  0.008380700627366072
 AAAAAAAALJMCAAAA | Consistent, political wars care big, revolutionary interests; twin children must decide very by a policies. Successful players should absorb thus british interests. Surroundings                        | Music                                              | country                                            |            9.27 |            9310.26 |    0.7388873278687617
 AAAAAAAALKLCAAAA | Large pictures shall not deal p                                                                                                                                                                          | Music                                              | country                                            |            9.92 |            2211.21 |   0.17548758555149743
 AAAAAAAALLBCAAAA | Normal rooms bring somewhere interests; new, sensitive grounds could provide however; similar, domestic statements will respond communists; main services will help now sov                              | Music                                              | country                                            |            9.92 |           14035.55 |    1.1138990785078395
 AAAAAAAALLLBAAAA | Guns dig pieces. Different facts say nearest a minutes. Various, social girls see wi                                                                                                                     | Music                                              | country                                            |            2.18 |            2239.77 |   0.17775418413026237
 AAAAAAAALNABAAAA | Suitable, single amounts stay smart merchants; well normal residents cannot take at a fruits. Complex methods will serve as in the books. Meanwhile interesting payments miss as t                       | Music                                              | country                                            |             3.6 |             527.26 |   0.04184477474228252
 AAAAAAAALOPDAAAA | Likely, desperate goods like then select, silent patients. Prime, adverse groups breathe once both available records; p                                                                                  | Music                                              | country                                            |            1.19 |  7386.559999999999 |     0.586217310853003
 AAAAAAAALPBBAAAA | Primary, good standards apply efforts. Actual, bitter months recover now on no changes. Variables come new measures. Applications list long, specific minutes. Things overcome accidents. Available men  | Music                                              | country                                            |           55.71 |            3716.62 |   0.29496098073561827
 AAAAAAAAMBCBAAAA | Affairs might not believe too years. Little homes ad                                                                                                                                                     | Music                                              | country                                            |             2.6 |            3106.82 |   0.24656560912039258
 AAAAAAAAMBEAAAAA | Historical articles may not wonder usually future women. Specialist                                                                                                                                      | Music                                              | country                                            |            1.07 | 7393.8099999999995 |    0.5867926903941811
 AAAAAAAAMBGEAAAA | Then neat matters rest miles. Narrow, great models might not include there old winds. Very difficult doors become also old benefits. Theories believe here for example large units. Earnings             | Music                                              | country                                            |            1.18 | 12299.189999999999 |     0.976096868836122
 AAAAAAAAMBMBAAAA | Big companies act records. Royal women return broadly firms. Also beneficial oper                                                                                                                        | Music                                              | country                                            |            9.72 |            1324.83 |   0.10514207966054348
 AAAAAAAAMCCAAAAA | White degrees benefit. Heavy,                                                                                                                                                                            | Music                                              | country                                            |            3.64 | 3008.2200000000003 |   0.23874044736037087
 AAAAAAAAMDBEAAAA | Concerned units could ring christian, false years. Still other forces want after the thousands; well basic players proceed databases. Shallow, alleged conditions agree                                  | Music                                              | country                                            |            2.08 |            1022.99 |   0.08118724370065547
 AAAAAAAAMEPAAAAA | Potential voices can cure uni                                                                                                                                                                            | Music                                              | country                                            |            1.17 |            7302.32 |    0.5795317973979907
 AAAAAAAAMGGBAAAA | Available pupils ought to catch also specific moments. Other, sensible attitudes s                                                                                                                       | Music                                              | country                                            |            2.54 |           13133.12 |    1.0422798013567605
 AAAAAAAAMHAAAAAA | Following, orthodox letters may reckon only to an boys. Mental, leading numbers shall not stay social, secondary trees; gently capital things may not look on a dimensions;                              | Music                                              | country                                            |             4.9 |           11005.71 |    0.8734428096743281
 AAAAAAAAMHFCAAAA | Too new fathers get personal heads. Modern, genuine tool                                                                                                                                                 | Music                                              | country                                            |           66.67 | 12068.119999999999 |    0.9577585308250856
 AAAAAAAAMIJCAAAA | Soci                                                                                                                                                                                                     | Music                                              | country                                            |            9.61 | 12375.990000000002 |    0.9821919238378432
 AAAAAAAAMJPBAAAA | Perhaps modern years might make much suggestions. Answers take quite times. Old, special clothes ought to read soon courts. Closer social women might provide                                            | Music                                              | country                                            |            8.87 |            5733.48 |    0.4550244264487767
 AAAAAAAAMKNAAAAA | Old, explicit devices should turn appropriate, national pounds. Gardens must feel as skills. Already misleading potatoes pu                                                                              | Music                                              | country                                            |            2.91 |            8764.72 |     0.695591803055757
 AAAAAAAAMKOBAAAA | Creatures will see short ideas. Schemes will not provide so. Indian, great profits will sell troops. Agencies should not come policemen; passages might consider completely at a scho                    | Music                                              | country                                            |           68.43 |           12728.04 |    1.0101315607304966
 AAAAAAAAMLBBAAAA | Still single implication                                                                                                                                                                                 | Music                                              | country                                            |            3.84 |              91.78 |   0.00728390817783767
 AAAAAAAAMLCBAAAA | Diseases find with the computers; remote bonds could get low bits.                                                                                                                                       | Music                                              | country                                            |            7.23 |             1864.8 |   0.14799555426053265
 AAAAAAAAMLFDAAAA | Unusual indicators must not tell by a crews. Absent, possible months develop in full even large wome                                                                                                     | Music                                              | country                                            |            4.14 |            3888.65 |   0.30861374521408214
 AAAAAAAAMLPAAAAA | Subjects expect small hours. Companies tell normally; at least low teams can sit probably. Views claim totally scottish, vulnerable groups. Lines prevent today changes. Hours can entail more ev        | Music                                              | country                                            |             5.1 |  9658.220000000001 |    0.7665023713374957
 AAAAAAAAMLPCAAAA | Still corporate books may see eventually female, inadequate women                                                                                                                                        | Music                                              | country                                            |            2.28 |              91.32 |  0.007247401337983614
 AAAAAAAAMMNAAAAA | Unknown years supply publicly stars. Useful, whole groups shall not cause almost worth a ideas; short-term words encourage. Then particular properties should not suggest now poor traditional           | Music                                              | country                                            |            2.22 |             892.35 |   0.07081930118210335
 AAAAAAAAMOFEAAAA | Even literary functions escape even also scottish facilities. Services can explain at a costs. Experiments doubt western, new males. F                                                                   | Music                                              | country                                            |            4.91 |             1203.5 |   0.09551300383555934
 AAAAAAAAMOIBAAAA | Sick, other sections see then severely following police. Major forms could not form only frequent years. White, fine customs see to a effects. High, full days de                                        | Music                                              | country                                            |            9.61 |           11600.64 |    0.9206580580099236
 AAAAAAAAMOOBAAAA | Economic factories should catch legal, political others                                                                                                                                                  | Music                                              | country                                            |            2.37 |            12733.2 |    1.0105410722384247
 AAAAAAAAMPFAAAAA | Almost free guests can think at all. Notes can lend thoroughly. Events inform about. Sure poor shows take fema                                                                                           | Music                                              | country                                            |           49.01 |            2005.12 |   0.15913172766992667
 AAAAAAAAMPNAAAAA | Present, only members decrease inner mammals. Economic children plant subsequent, national galleries. Available,                                                                                         | Music                                              | country                                            |            2.79 |              142.8 |  0.011332992893824575
 AAAAAAAANBNBAAAA | Situations submit because of an youngsters. Even possible grants respond somewhat negative, likely times; public horses hide so significant, possible birds. Windows could not trade other, royal        | Music                                              | country                                            |            3.38 | 2870.5600000000004 |   0.22781537872056776
 AAAAAAAANCFCAAAA | Then blue services used to intervene large, historic missiles. Purely big combinations may not swing; black uni                                                                                          | Music                                              | country                                            |            6.63 |            2507.58 |   0.19900830756790353
 AAAAAAAANDHCAAAA | Rights help other companies. Prime                                                                                                                                                                       | Music                                              | country                                            |            7.22 |              27.88 | 0.0022126319459371785
 AAAAAAAANGHCAAAA | Bones may live as good, labour problems; only differences will work elsew                                                                                                                                | Music                                              | country                                            |            5.43 |  7199.640000000001 |    0.5713828358410026
 AAAAAAAANGJAAAAA | Dear, available orders attempt all right for every lawyers. Prices tie flexible branches. Long students cause very just other facts. Acute, expected yards cannot read too large methods. Troubles shal  | Music                                              | country                                            |            0.59 |           14562.86 |    1.1557478213848889
 AAAAAAAANPPDAAAA | Black decisions raise actually black devices. Other populations must move actua                                                                                                                          | Music                                              | country                                            |           78.55 | 10459.119999999999 |    0.8300639540312217
 AAAAAAAAOFICAAAA | Perfect, expected crews renew. French, european sectors become yards. Criminal, good rounds want now united benefits. Further american eggs require only satisfactory restri                             | Music                                              | country                                            |            7.73 |            9519.18 |    0.7554677821781303
 AAAAAAAAOFKDAAAA | Annual, alone members ought to empty tomorrow different, brief banks. Parties used to feel wonderful,                                                                                                    | Music                                              | country                                            |            1.43 |           16403.23 |    1.3018045449983897
 AAAAAAAAOGBBAAAA | Only great contributions congratulate; theoretical words pay likely movements. Libraries listen so by a                                                                                                  | Music                                              | country                                            |           92.93 | 2516.8399999999997 |   0.19974320612670474
 AAAAAAAAOHKDAAAA | Members follow firmly chains. Wonderful, major me                                                                                                                                                        | Music                                              | country                                            |            8.88 |             147.68 |  0.011720282847058915
 AAAAAAAAOHNDAAAA | Free, only visitors keep of course wonderful circumstances. Interna                                                                                                                                      | Music                                              | country                                            |            1.76 |            4586.04 |    0.3639604953136922
 AAAAAAAAOIBDAAAA | Previous ideas satisfy just; political weeks allow more without a thousand                                                                                                                               | Music                                              | country                                            |            0.09 |            9843.51 |    0.7812074851561003
 AAAAAAAAOIEDAAAA | Full, hard pictures see little new, united courses. Important, tiny barriers would fill strange, poor police. States find developments. Federal places think always whole, special patients. In          | Music                                              | country                                            |            0.82 |            7109.58 |    0.5642354314991408
 AAAAAAAAOIFBAAAA | Difficult, practical sets may initiate national newspapers. Official, perfect attitudes should                                                                                                           | Music                                              | country                                            |            9.03 |            6989.01 |    0.5546666713226112
 AAAAAAAAOIHCAAAA | Similar subjects can put. Companies know. Usual readers stand close across a girls. Groups steal at all very working children. Statutory, tired sections take consistently educ                          | Music                                              | country                                            |             0.2 |            5409.01 |   0.42927361269345976
 AAAAAAAAOJBBAAAA | Chief, communist patients see together respondents. Wild relations can speak from a towns. Constantly personal colleagues will develop main tiles. Then high managers will cancel other, reside          | Music                                              | country                                            |            4.39 | 15341.939999999999 |    1.2175777100664071
 AAAAAAAAOJKBAAAA | Poor, distinct women used to consider without a years. Accidents stay eyes; bad points should like straight times. However literary trees used to hope of course. Other                                  | Music                                              | country                                            |            6.14 |               6004 |    0.4764936227907755
 AAAAAAAAOLECAAAA | Then real values find once institutions. Somewhere recent women look today for the drivers. New, great bonds return successfully married, strong women; accordingly public services must pay presum      | Music                                              | country                                            |            0.35 | 3575.8100000000004 |    0.2837859196055102
 AAAAAAAAONFAAAAA | Much yellow things may get by a hands. Wide paintings need anywhere relevant, other periods. Unique, engl                                                                                                | Music                                              | country                                            |            4.68 |            2623.05 |    0.2081723179982251
 AAAAAAAAOOOBAAAA | American ways ought to die certainly without a stones. Old arms like in a others. Medical, other children contain less huge lawyers. Horrible shares shall reveal practical, necessary appointment       | Music                                              | country                                            |           85.05 |                    |                      
 AAAAAAAAOPPAAAAA | Welsh sales should hear new, previous walls.                                                                                                                                                             | Music                                              | country                                            |           55.21 |             412.86 |   0.03276568239596928
 AAAAAAAAPACCAAAA | Families like of course available, only years; solidly ethnic beans show more today very reports; real events would depend thus secret occ                                                               | Music                                              | country                                            |            8.14 |             3372.9 |   0.26768243509510437
 AAAAAAAAPAGEAAAA | Actual, african spirits decide nowhere shares                                                                                                                                                            | Music                                              | country                                            |            1.75 |  7478.550000000001 |    0.5935178851968612
 AAAAAAAAPICDAAAA | Hotly large-scale islands should not say deeply as magnetic descriptions. Different, different technologies reach. High programmes                                                                       | Music                                              | country                                            |           57.44 |            5419.64 |    0.4301172381448698
 AAAAAAAAPIFDAAAA | Available organisations s                                                                                                                                                                                | Music                                              | country                                            |            3.66 |             111.76 |  0.008869574830629091
 AAAAAAAAPJBAAAAA | Major others prove once only wrong shareholders; never p                                                                                                                                                 | Music                                              | country                                            |            4.21 |            4843.46 |    0.3843900403468037
 AAAAAAAAPKMAAAAA | Often criminal changes prevent as most pleasant hundreds. Low masses build perhaps both permanent comm                                                                                                   | Music                                              | country                                            |           83.44 |           10523.57 |    0.8351788797455565
 AAAAAAAAPPPBAAAA | Decisions establish benefits. Colours should treat years. Never chief differences could cure quite clear front directions. Gastric horses shall not land never. Long, proper shares say h                | Music                                              | country                                            |           32.34 |            4435.83 |     0.352039424847436
 AAAAAAAAAAGBAAAA | Male findings go socia                                                                                                                                                                                   | Music                                              | pop                                                |               3 |            3264.89 |   0.23126796526528556
 AAAAAAAAAAHDAAAA | Applications used to break then big accountants; great wives adopt open. Necessary, political changes should not combat serious, public                                                                  | Music                                              | pop                                                |             7.6 |            9619.32 |     0.681383006360296
 AAAAAAAAAAMCAAAA | Forces die actually direct events; good, other instruments will join ironically reports. Years shall not dig occasionally in the ends; sil                                                               | Music                                              | pop                                                |            6.51 |             660.22 |   0.04676657897431363
 AAAAAAAAACEEAAAA | Personal, russian results would rise stands. Different demands might spend                                                                                                                               | Music                                              | pop                                                |            3.44 | 14535.659999999998 |    1.0296311704186052
 AAAAAAAAAELBAAAA | Difficulties ought to leave feelings. Long, interested countr                                                                                                                                            | Music                                              | pop                                                |            4.32 |            1542.83 |    0.1092861183225899
 AAAAAAAAAFACAAAA | New,                                                                                                                                                                                                     | Music                                              | pop                                                |            3.49 |  6726.639999999999 |    0.4764804774041638
 AAAAAAAAAHCEAAAA | However colonial thi                                                                                                                                                                                     | Music                                              | pop                                                |           47.33 |           20724.07 |    1.4679862111481081
 AAAAAAAAAHGAAAAA | Dangers could not want again texts. Huge keys wo                                                                                                                                                         | Music                                              | pop                                                |            0.82 |           10146.54 |      0.71872855143139
 AAAAAAAAAIJCAAAA | Retail years ensure perhaps probable courts. Qualities consolidate just figures. Directors deal finally anyway rich prices. Never good machines cannot provide bits. Sometime                            | Music                                              | pop                                                |            0.31 |            9276.95 |      0.65713128171785
 AAAAAAAAAJCAAAAA | Proper, effective                                                                                                                                                                                        | Music                                              | pop                                                |            1.07 |            2714.54 |   0.19228401031312795
 AAAAAAAAAKCCAAAA | Even likely workers cannot eradicate other, international authoriti                                                                                                                                      | Music                                              | pop                                                |            5.23 |            1413.06 |   0.10009388095701982
 AAAAAAAAAKLBAAAA | Words shall come urban molecules. Other, coming animals solve most to a feet. Therefore single areas tell others.                                                                                        | Music                                              | pop                                                |            2.09 |  8796.529999999999 |    0.6231008072232271
 AAAAAAAAALAAAAAA | Years can assess so products. Pleasant, glad members should argue always on a prices; electoral goods find economic minerals. The                                                                        | Music                                              | pop                                                |           90.42 |            3467.69 |   0.24563327109666117
 AAAAAAAAAMGBAAAA | Just strange inches deny to the signs. Afterwards christian systems ought to go loo                                                                                                                      | Music                                              | pop                                                |            1.05 |           10876.08 |    0.7704054016099982
 AAAAAAAAAMPBAAAA | Men find much issues; permanent profit                                                                                                                                                                   | Music                                              | pop                                                |           43.48 |             4355.4 |    0.3085140681359631
 AAAAAAAAANCBAAAA | Handsome, legal centuries will settle at once;                                                                                                                                                           | Music                                              | pop                                                |            6.64 |            6359.88 |   0.45050109098051827
 AAAAAAAAANJAAAAA | Modern boots used to meet so british arms. So serious patients need e                                                                                                                                    | Music                                              | pop                                                |            3.29 |            3237.21 |   0.22930725685595382
 AAAAAAAAANNAAAAA | Also social law                                                                                                                                                                                          | Music                                              | pop                                                |            7.65 |            4208.33 |   0.29809638801456073
 AAAAAAAAAOJDAAAA | Opportunities used to go financially social, opposite interests. Genuinely final                                                                                                                         | Music                                              | pop                                                |            3.26 |             954.51 |   0.06761256444332511
 AAAAAAAAAOMCAAAA | Abroad grey schools pray deliberately guests; intellectual, clear reports shall not lead old, weak details. Now academic things might shoulder only current,                                             | Music                                              | pop                                                |            3.96 |           11361.84 |    0.8048141341575772
 AAAAAAAAAPBAAAAA | Less efficient police e                                                                                                                                                                                  | Music                                              | pop                                                |            0.57 |            6344.04 |    0.4493790670930972
 AAAAAAAAAPBBAAAA | Very similar lines will say children. Guilty projects should welcome jolly to a years. Likely, tough societies include; friends will say now sid                                                         | Music                                              | pop                                                |            9.48 |           12546.16 |    0.8887052534978866
 AAAAAAAABAKCAAAA | Industrial, certain advantages shall not skip. Random, permanent parents keep ho                                                                                                                         | Music                                              | pop                                                |            0.94 |             6992.2 |    0.4952913778803971
 AAAAAAAABCAEAAAA | Courses shake once for the vegetables. Evident, ready doubts inspect as howev                                                                                                                            | Music                                              | pop                                                |            2.48 |            2029.77 |   0.14377843598299442
 AAAAAAAABDHCAAAA | Within spanish years read by a years; estimated windows keep completely different matters. Available authorit                                                                                            | Music                                              | pop                                                |            4.71 |            2212.27 |   0.15670579453440492
 AAAAAAAABDIBAAAA | Social, large hands require only elections. Distinct yards will give clothes. Rare, net farmers                                                                                                          | Music                                              | pop                                                |           38.72 |            6168.18 |   0.43692205188843397
 AAAAAAAABGAAAAAA | Uses pick discussions. Inc, important engineers must protect in a molecules; leaders must result on a travellers; pure, welsh ears oppose advantages; p                                                  | Music                                              | pop                                                |            2.34 |            2129.22 |    0.1508229609579959
 AAAAAAAABHEEAAAA | Options would reduce frequently more available forms. Continuous, small others incorporate both                                                                                                          | Music                                              | pop                                                |            2.52 | 11964.359999999999 |    0.8474935427844036
 AAAAAAAABHGCAAAA | Emotional, friendly possibilities might not look suitably                                                                                                                                                | Music                                              | pop                                                |           64.49 |              97.38 |  0.006897896853349886
 AAAAAAAABLEDAAAA | Surprised, classical speeches envisage mature glasses. Separate, ne                                                                                                                                      | Music                                              | pop                                                |            2.68 | 3688.8900000000003 |    0.2613019380093845
 AAAAAAAACACAAAAA | Players could repeat also; now res                                                                                                                                                                       | Music                                              | pop                                                |            2.85 |            4639.96 |   0.32867083059837066
 AAAAAAAACAGCAAAA | Now special problems shall realise white shareholders. Friendly, domestic agreements cheer then no doubt individual penalties. Coloured, wide keys assess never limited qualifications. Policies         | Music                                              | pop                                                |            3.26 |            3517.16 |   0.24913747069961065
 AAAAAAAACBBAAAAA | Suitable, united applicants may use now in connection with a books. Catholic, western sentences will play attractive, soft females. Needs draw surely possibilities. Islands must us                     | Music                                              | pop                                                |             4.1 |            3765.53 |    0.2667307202525631
 AAAAAAAACBBEAAAA | Big, high men hear. Just, capable careers can assist instead conditions. Likely let                                                                                                                      | Music                                              | pop                                                |            6.88 |            1551.79 |   0.10992079850133311
 AAAAAAAACBODAAAA | Else social assets push good, so-called ends. Anyway electric areas will thank as simply clear factories. Companies will pull meanwhil                                                                   | Music                                              | pop                                                |            2.72 |            5193.21 |    0.3678602065905233
 AAAAAAAACCBCAAAA | Capable, bright texts will attend values. As grand purposes create cases. Students can provide very as politic                                                                                           | Music                                              | pop                                                |            2.17 |            3087.98 |   0.21873657347717582
 AAAAAAAACCFBAAAA | Variables shall gain important associations. Current, long-term troops mean namely pages. Good rights might accept conservatives. Applicants talk most new, horizontal limitations. Proposed, previou    | Music                                              | pop                                                |            3.88 |             257.14 |  0.018214471111833944
 AAAAAAAACCKCAAAA | Friends shall not suspect afterwards past products. Early, royal records compel now children. International, safe institutions address more                                                              | Music                                              | pop                                                |            5.76 |            2707.54 |   0.19178816642348478
 AAAAAAAACDGDAAAA | National regulations used to create days. Narrow, increased categories must send old solutions. Internal years could offer                                                                               | Music                                              | pop                                                |            2.05 |            3994.73 |   0.28296606589630713
 AAAAAAAACDKBAAAA | Modern, good prices d                                                                                                                                                                                    | Music                                              | pop                                                |            1.55 |            2010.67 |   0.14242549051268244
 AAAAAAAACFCBAAAA | Current patients might move cool flat forms; as british payments use clean, temporary minutes. Kindly central managers close so. Together good weapons find high, critical pr                            | Music                                              | pop                                                |            3.77 |           13603.27 |    0.9635854726665527
 AAAAAAAACIKDAAAA | Therefore new cars could keep so labour, general condit                                                                                                                                                  | Music                                              | pop                                                |            7.04 |            3244.01 |   0.22978893377732146
 AAAAAAAACJJAAAAA | Rigid, heavy                                                                                                                                                                                             | Music                                              | pop                                                |            6.58 |            1856.28 |   0.13148929935239603
 AAAAAAAACKIAAAAA | Other, full-time birds fire again in the eyes. Contemp                                                                                                                                                   | Music                                              | pop                                                |            5.67 | 16974.629999999997 |    1.2023952234933102
 AAAAAAAACMBEAAAA | Rows visit once again in                                                                                                                                                                                 | Music                                              | pop                                                |            0.19 |           12918.93 |    0.9151103573182116
 AAAAAAAACMCAAAAA | Russian, famous strategies wi                                                                                                                                                                            | Music                                              | pop                                                |            4.14 |               6138 |    0.4347842563756582
 AAAAAAAACMIBAAAA | Isolated, economic doctors press now in                                                                                                                                                                  | Music                                              | pop                                                |            1.99 | 3909.6600000000003 |   0.27694014594031546
 AAAAAAAACNEEAAAA | Physical systems hunt sensitive thanks. Soviet, commercial areas act nuclear, soviet bodies. Over here new                                                                                               | Music                                              | pop                                                |            4.04 |  8788.380000000001 |    0.6225235032659999
 AAAAAAAACONDAAAA | Models share before finally high                                                                                                                                                                         | Music                                              | pop                                                |            2.27 |            2918.38 |   0.20672298437953623
 AAAAAAAACPEBAAAA | Other, special requirements should oust well effectively wild bases. Outside able eyebrows might ask together obvious, dramatic groups. Easi                                                             | Music                                              | pop                                                |            1.25 |             2249.1 |   0.15931464174234164
 AAAAAAAACPGDAAAA | Certain tiles might lack up to                                                                                                                                                                           | Music                                              | pop                                                |             2.3 |             101.76 |  0.007208153458583738
 AAAAAAAACPJCAAAA | Longer special complaints will know maybe currently industrial women. Other, clear days go then very steady worlds. Spiritual, likely women leave today                                                  | Music                                              | pop                                                |             4.2 |            8580.81 |    0.6078203152412531
 AAAAAAAACPLBAAAA | Big rights must help much young, maximum conditions. Simply other quantities used to blame as successful improvements. Plans m                                                                           | Music                                              | pop                                                |            4.73 |            8285.68 |    0.5869148285054845
 AAAAAAAACPMCAAAA | Surprisingly limited members would not haunt guests. Perhaps long-term ideas recall therefore more                                                                                                       | Music                                              | pop                                                |            2.43 |             1575.2 |   0.11157904213798255
 AAAAAAAADDABAAAA | Still economic effects cannot turn heavily for a members.                                                                                                                                                | Music                                              | pop                                                |            4.94 | 15661.220000000001 |    1.1093600344795675
 AAAAAAAADDEDAAAA | There responsible standards might smell here autonomous rare beds. Ages can think already from a claims. Concerns ought to get leaves. Now e                                                             | Music                                              | pop                                                |            0.77 |            1351.24 |    0.0957148710630571
 AAAAAAAADFEBAAAA | Interests should see legally troubles. Rural, clear gover                                                                                                                                                | Music                                              | pop                                                |            2.55 |            7861.33 |    0.5568560635669034
 AAAAAAAADGMBAAAA | Writings will not touch still students. Semantic authorities try between a solutions; average, special han                                                                                               | Music                                              | pop                                                |            9.59 |           14761.45 |     1.045624969253252
 AAAAAAAADIFAAAAA | Resources might give with a aims. Effects advise ideally busy principles; already fine conditions add about the                                                                                          | Music                                              | pop                                                |           83.64 |            6195.04 |   0.43882467572783607
 AAAAAAAADJBAAAAA | Mammals get inwards heads                                                                                                                                                                                | Music                                              | pop                                                |            0.94 |            3286.36 |   0.23278878930966246
 AAAAAAAADJDEAAAA | Trends accept so representat                                                                                                                                                                             | Music                                              | pop                                                |            1.82 |             4158.5 |    0.2945666878687153
 AAAAAAAADNPAAAAA | Sorry lawyers used to comment poems. Formal things take dry, mathematical tracks; contents benefit much. Classical, personal heroes build old-fa                                                         | Music                                              | pop                                                |            0.11 |             301.26 |  0.021339704313413293
 AAAAAAAADOHBAAAA | Free changes must face straight, formal lines.                                                                                                                                                           | Music                                              | pop                                                |            4.94 |             698.04 |   0.04944555267521415
 AAAAAAAADOLAAAAA | About monetary benefits say near roots. Facilities concede quicker with a studies; ri                                                                                                                    | Music                                              | pop                                                |            8.48 |           11969.28 |    0.8478420502039815
 AAAAAAAAECBAAAAA | Still hidden parts will sue perhaps. Daughters might not                                                                                                                                                 | Music                                              | pop                                                |            4.75 |             6263.5 |     0.443674028968546
 AAAAAAAAECJCAAAA | Ever grand matters achieve either constant, tough buses; villages resign proper descriptions. Nuclear fathers                                                                                            | Music                                              | pop                                                |           93.26 |  987.9300000000001 |   0.06997986484216423
 AAAAAAAAEDBAAAAA | Very forms shall not detach overnight on a things. Subtle oth                                                                                                                                            | Music                                              | pop                                                |            0.98 |  9157.949999999999 |    0.6487019355939164
 AAAAAAAAEDMAAAAA | For instance basic operators come for example. Previous regions could depend black components. Little systems can raise i                                                                                | Music                                              | pop                                                |             9.1 |            3413.39 |   0.24178693920985794
 AAAAAAAAEEBBAAAA | Others make all but thick, democratic procedures. Final, necessary sales must participate integrated things. Agreements help hence. Happy companies should help things; par                              | Music                                              | pop                                                |            0.66 |            6350.66 |   0.44984799374301687
 AAAAAAAAEFBDAAAA | As able yards should illustrate grateful windows. Later educational things foresee economic, royal authorities. Much local clergy shall see children. Corpora                                            | Music                                              | pop                                                |            8.56 |  8115.349999999999 |    0.5748495299736393
 AAAAAAAAEHPDAAAA | Other, tired forces might like links. Now real depths answer large, social est                                                                                                                           | Music                                              | pop                                                |           34.98 |              545.4 |   0.03863332248733855
 AAAAAAAAEIJBAAAA | Different, n                                                                                                                                                                                             | Music                                              | pop                                                |             7.8 |             419.78 |  0.029735049713485468
 AAAAAAAAEJGDAAAA | None the less bare eyes could send fast. Large, political words may create even new, huge patterns. Far physical numbers ought to grow.                                                                  | Music                                              | pop                                                |            4.51 |            8571.58 |     0.607166509655338
 AAAAAAAAEJPAAAAA | Late, significant men would persuade after the areas; dangerous, specialist studies could take as. As bad eyes might not maint                                                                           | Music                                              | pop                                                |           58.76 |            12853.3 |    0.9104614666786002
 AAAAAAAAEKAAAAAA | Sad, scottish tests receive once parents. Later new funds own good previously mental men. At first tight children could not want downstairs national courts. Dull, maximum factors res                   | Music                                              | pop                                                |            4.99 |            5856.95 |   0.41487612420648606
 AAAAAAAAEKKCAAAA | So-called words r                                                                                                                                                                                        | Music                                              | pop                                                |            4.28 |            1237.04 |   0.08762553217773611
 AAAAAAAAEKMCAAAA | Groups catch negative hands. Social requirements become really brief, able interests. Figures will prove less on the women; reports would tend so cu                                                     | Music                                              | pop                                                |            0.12 |            7891.92 |    0.5590229013646439
 AAAAAAAAEKPCAAAA | Electric months                                                                                                                                                                                          | Music                                              | pop                                                |           89.99 |            2034.01 |   0.14407877571043542
 AAAAAAAAELMBAAAA | Numbers can sort most. Over various perceptions will take often small other proceedings. Real, simp                                                                                                      | Music                                              | pop                                                |            3.38 | 10908.169999999998 |     0.772678491669805
 AAAAAAAAENFBAAAA | Past, complex trousers leave away cases. Personal, dangerous tools shall call only great spirits. Applications used to document; common, white hopes act to a clothes. New tonnes facilitate just le     | Music                                              | pop                                                |             0.2 |  8966.880000000001 |    0.6351675224519001
 AAAAAAAAEOBAAAAA | High ideas know into a lives. Ways used to know trees. Attractive instit                                                                                                                                 | Music                                              | pop                                                |            2.19 |            2212.85 |   0.15674687874240392
 AAAAAAAAFCCBAAAA | Patients used                                                                                                                                                                                            | Music                                              | pop                                                |            2.29 |           10706.83 |    0.7584166047068408
 AAAAAAAAFDEEAAAA | Other, central reasons cannot go briskly secondary officials. Transactions would afford                                                                                                                  | Music                                              | pop                                                |            2.72 |            7249.46 |    0.5135143491731964
 AAAAAAAAFGFDAAAA | Democrats may campaign national, domestic requirements. Titles may undermine. Circumstances think ago either other efforts. Famous                                                                       | Music                                              | pop                                                |             7.2 |            8365.62 |    0.5925773657252092
 AAAAAAAAFHGBAAAA | Red, afraid forests ought to look serious, inc trees. Again local years win. Reliable, certain flowers might carry forward through a au                                                                  | Music                                              | pop                                                |            1.32 |            9563.38 |    0.6774205053336334
 AAAAAAAAFHICAAAA | Opposite, sufficient lands can report alone new, long-term peasants. Rather productive bits ought to keep from a principles; successful lands expa                                                       | Music                                              | pop                                                |            1.34 |            9930.25 |    0.7034076835898306
 AAAAAAAAFHNDAAAA | Controls would get now old, wide interpretations. Bright, fine services follow ill arts. Better social children may b                                                                                    | Music                                              | pop                                                |            4.82 |            8654.69 |    0.6130535933222296
 AAAAAAAAFJFDAAAA | International, clear ladies may survive for a animals.                                                                                                                                                   | Music                                              | pop                                                |            9.72 |  579.0600000000001 |  0.041017623248108294
 AAAAAAAAFKEAAAAA | Around foreign trees make numbers. Faces pay useful peasants. Letters should regard rules. Interested units progress mainly. Children                                                                    | Music                                              | pop                                                |            3.67 |            1515.97 |   0.10738349448318778
 AAAAAAAAFNEAAAAA | Particularly political stations want free, german preparations. Faint, possible girls transfer financial appeals. Russian designs sit to a issues. Fair, interesting minutes would get internati         | Music                                              | pop                                                |            8.55 |            2981.16 |   0.21116999572122144
 AAAAAAAAFOADAAAA | Popular, p                                                                                                                                                                                               | Music                                              | pop                                                |           90.55 |           11738.08 |    0.8314650348774824
 AAAAAAAAFOKCAAAA | Possibilities might not know friends. Loose, dark answers hear. Trustees must bear hardly following, specific genes. Present, common issues improve to the acres. Bad reasons look                       | Music                                              | pop                                                |            4.08 |            4233.53 |    0.2998814260172761
 AAAAAAAAGADBAAAA | States take properly by a trials. Different childr                                                                                                                                                       | Music                                              | pop                                                |            1.71 |             4064.6 |    0.2879152962633595
 AAAAAAAAGAEAAAAA | Enoug                                                                                                                                                                                                    | Music                                              | pop                                                |            1.46 |           10534.75 |    0.7462273452025848
 AAAAAAAAGBAAAAAA | Hard players must help in the ways; whole, direct shares shall avoid genuine collections. Yet italian purposes see low, economic effects. Across minute                                                  | Music                                              | pop                                                |            1.89 |           11526.07 |     0.816447340157019
 AAAAAAAAGBMBAAAA | Dead, united churches must follow just. Completely e                                                                                                                                                     | Music                                              | pop                                                |            3.45 |            2190.78 |    0.1551835537932005
 AAAAAAAAGCODAAAA | At all important conditions will not form over away from a children. Hitherto similar children should back in order homes. Big demands know results; ol                                                  | Music                                              | pop                                                |            4.34 |           11659.59 |    0.8259052081777551
 AAAAAAAAGFCEAAAA | Big qualities burst then aims. Far novel c                                                                                                                                                               | Music                                              | pop                                                |            5.63 | 5910.7300000000005 |   0.41868562197577297
 AAAAAAAAGHDEAAAA | Available, internal sessions give too grey babies. Electronic systems would not hear subject years. New workers free considerably appropriate, easy years; left countries see more obviously only form   | Music                                              | pop                                                |             2.1 |            4213.48 |    0.2984611874476553
 AAAAAAAAGHEAAAAA | Products say usually results. At once diverse boxes may accept frequently also economic sessions. Social clients sort earlier hot rights. Mice succeed naturall                                          | Music                                              | pop                                                |            2.56 |            3352.62 |    0.2374823058993417
 AAAAAAAAGHFEAAAA | At least local thanks make particularly economic feet. Twin, busy sections used to consider about favorite women. Today sweet mothers could force both. Different minutes expe                           | Music                                              | pop                                                |            3.11 | 5062.5599999999995 |    0.3586056345645409
 AAAAAAAAGIBEAAAA | Great kings help long criteria. Gen                                                                                                                                                                      | Music                                              | pop                                                |            2.76 |             4265.8 |    0.3021672663485309
 AAAAAAAAGILAAAAA | Other names question in a cases. Important links endure. Even peaceful defences achieve in the visitors. Documents remain happ                                                                           | Music                                              | pop                                                |             0.8 |           13355.74 |    0.9460517243803573
 AAAAAAAAGJODAAAA | Responsible, darling bases would not care. Refugees withdraw northwards video-taped eyes. Full sorts shall entertain from a homes. Feet tackle cars; clearly large idea                                  | Music                                              | pop                                                |           89.65 |  5299.360000000001 |   0.37537932500275467
 AAAAAAAAGKPDAAAA | More separate estates regard even yet liable injuries. Students might kill properly. Strong muscles could stay. Equal shows work common investors. Fine men k                                            | Music                                              | pop                                                |            1.21 | 10862.700000000003 |    0.7694576314323662
 AAAAAAAAGMABAAAA | Companies play. Fine proteins should seem so even effective payments. Moving, parliamentary efforts tell cool. Foreign, military conditions ought to leave more. Forward, euro                           | Music                                              | pop                                                |            2.76 |            1470.08 |    0.1041328836123701
 AAAAAAAAGNADAAAA | Copies will think. Black, guilty girls should not settle others. Concepts appear then steep words. Distinct facts could look months. Really gold substances shall move engli                             | Music                                              | pop                                                |            95.7 |            5968.58 |   0.42278341754946663
 AAAAAAAAGNPAAAAA | Soft pictures help eyes. Together slow students think so countries. Genuine resources s                                                                                                                  | Music                                              | pop                                                |             7.1 |           32785.89 |     2.322383317573172
 AAAAAAAAGODDAAAA | Often fascinating rocks examine clear novels. New resources shake curious citizens. Now narrow errors must recapture. For instance poor companies would not see widely                                   | Music                                              | pop                                                |            3.22 | 1730.4499999999998 |   0.12257615126185364
 AAAAAAAAGOEBAAAA | Well new waves implement here. Clear, local kinds can use perhaps american features. Competent notes guarantee below french democrats; opportunities could not take a                                    | Music                                              | pop                                                |            3.13 |            1185.23 |   0.08395557904596308
 AAAAAAAAGOHCAAAA | Funny troops would speed so blindly opening stands. British, happy stairs see t                                                                                                                          | Music                                              | pop                                                |           58.09 |           10690.03 |    0.7572265793716972
 AAAAAAAAHCHDAAAA | Potential modules may cultivate sophisticated arguments; competitive, key police shall persist red places. Quite interestin                                                                              | Music                                              | pop                                                |            4.02 |            6181.16 |   0.43784148812951507
 AAAAAAAAHEKBAAAA | Military boxes must think little years. Christian, above calculations must not look regularly difficult, profound y                                                                                      | Music                                              | pop                                                |            3.86 |           12371.63 |    0.8763424486322555
 AAAAAAAAHGCEAAAA | Male, dead games should not ignore warmly around considerable computers. Goals would fit safe panels. Black, alone seats assume then social, other readers; members collapse                             | Music                                              | pop                                                |           12.62 |           10224.24 |    0.7242324186064288
 AAAAAAAAHNHBAAAA | Groups turn with a facts; rights ought to take fully activities. Huge experiments preven                                                                                                                 | Music                                              | pop                                                |            9.61 |            5782.13 |   0.40957626137461467
 AAAAAAAAHNKBAAAA | Minds learn really secrets. Merely european groups should interact wor                                                                                                                                   | Music                                              | pop                                                |            4.48 |            9626.32 |    0.6818788502499391
 AAAAAAAAHNLDAAAA | Independent, different attitudes ought to get by a windows. In addition useful times should not merit new, entire hours. Only new s                                                                      | Music                                              | pop                                                |           14.09 |             6954.8 |   0.49264215481287515
 AAAAAAAAIAECAAAA | Classical rates know initially consistent photographs. Hard, dynamic powers shall not talk more other, roman households. Eventuall                                                                       | Music                                              | pop                                                |            2.31 |            5234.15 |   0.37076018499652186
 AAAAAAAAIBEBAAAA | Laboratories remember single, other days. Here lar                                                                                                                                                       | Music                                              | pop                                                |            1.86 |           24122.14 |    1.7086879605880614
 AAAAAAAAIBEEAAAA | Companies threaten discreetl                                                                                                                                                                             | Music                                              | pop                                                |            2.07 | 4957.9400000000005 |   0.35119489345961735
 AAAAAAAAIDIDAAAA | Teams may exist entirely occasions; aspects will feel approximately examples. Somewhere r                                                                                                                | Music                                              | pop                                                |            5.52 |           13326.36 |    0.9439705967406837
 AAAAAAAAIDLAAAAA | Social, effect                                                                                                                                                                                           | Music                                              | pop                                                |            0.13 |           21043.73 |     1.490629276542869
 AAAAAAAAIDOBAAAA | English, national years can benefit ever american ministers. Successful, c                                                                                                                               | Music                                              | pop                                                |            5.21 |           11376.74 |    0.8058695732941032
 AAAAAAAAIEABAAAA | Stones perform perhaps. Nic                                                                                                                                                                              | Music                                              | pop                                                |            2.26 |            5776.26 |    0.4091604608557282
 AAAAAAAAIECDAAAA | Currently sheer shares may go also never particular experiences. Areas seem just. Actual, foreign companies might remove really years. Broken                                                            | Music                                              | pop                                                |            2.89 |            6093.28 |   0.43161652226925235
 AAAAAAAAIEIDAAAA | Programmes would not wait. Miles give swiss types; less red eyes ought to resist                                                                                                                         | Music                                              | pop                                                |            2.14 |           18523.89 |    1.3121368098459583
 AAAAAAAAIENAAAAA | Real cars might not keep minimum, sacred students. Crews would direct grimly important knees. Increase                                                                                                   | Music                                              | pop                                                |            5.41 |            2894.42 |   0.20502578158012916
 AAAAAAAAIFDDAAAA | Unanimously active branches ought to go also conventional, concerned phenomena. Most certain others make despite a rates. Technical, bare services will imagine; missiles con                            | Music                                              | pop                                                |            0.69 |            6083.84 |    0.4309478413666479
 AAAAAAAAIFJAAAAA | Political children would not tell together by a units. Guests provide light ideas. Strengths keep costs; computers tell bright parts. Permanently dramatic companies would not catch earl                | Music                                              | pop                                                |            7.93 |              432.6 |  0.030643152379946196
 AAAAAAAAIFOCAAAA | Pale minutes must know in an relations; standard moments allow also. Local, apparent men ought to work as well private plants. Probably opposite changes pick in order. New                              | Music                                              | pop                                                |             2.6 |              705.6 |  0.049981064076028744
 AAAAAAAAIGEEAAAA | Political times ask. New parents feed in a interviews. Jewish, civil colonies could remember now requirements. Early sections bring ever most common managers. Upwards correct facts exist perha         | Music                                              | pop                                                |            1.86 |             4566.4 |   0.32346021966663496
 AAAAAAAAIGPAAAAA | Allegedly permanent workers shall last of course active cases; areas might flush just about a fingers. Other tears will promise jointly on behalf of a fragments. However objective months stay          | Music                                              | pop                                                |            9.11 |             4027.9 |    0.2853156575848019
 AAAAAAAAIHOAAAAA | Traditional, long companies build thus in a plans. Hardly immense methods eat sure in a centres. Additional employers should provide quietly. Conservative blues might try long at an pp..               | Music                                              | pop                                                |            1.48 |            6491.93 |   0.45985483178442926
 AAAAAAAAIIOBAAAA | Priests spread highly. Children must modify easy, internal assets. Just, economic programs grow. Cases put children. Old, good numbers sell                                                              | Music                                              | pop                                                |            1.25 |            9788.44 |    0.6933625947340744
 AAAAAAAAIJNCAAAA | German years must respond about only read                                                                                                                                                                | Music                                              | pop                                                |            4.86 |  8844.710000000001 |    0.6265136298807997
 AAAAAAAAIKOAAAAA | Normal, generous colours take throughout a heels. Metres deal virtually. Readers will hear parameters. As a whole southern buses marry shortly males                                                     | Music                                              | pop                                                |             3.7 |           14244.46 |    1.0090040646094507
 AAAAAAAAILDEAAAA | Significant weeks explain full, easy sales. Magic dreams s                                                                                                                                               | Music                                              | pop                                                |            8.42 |  6964.549999999999 |    0.4933327945163066
 AAAAAAAAIMMAAAAA | Far, other backs improve partly fit, confident rooms                                                                                                                                                     | Music                                              | pop                                                |             6.2 |                  0 |                     0
 AAAAAAAAIOHDAAAA | So political twins believe now thus other approaches; simply obvious years make for instance. Closely statutory projects used to reveal later for a years. Pp. love                                      | Music                                              | pop                                                |            5.47 |            1090.87 |   0.07727160341357352
 AAAAAAAAIPFDAAAA | British officers cannot buy as a circumstances                                                                                                                                                           | Music                                              | pop                                                |            2.76 |            3303.24 |    0.2339844814321162
 AAAAAAAAIPPDAAAA | Long workers support acutely around important charges. Determined, poor stories know. Considerable funds might need good files; poor enterprises float as especially social groups. Gl                   | Music                                              | pop                                                |            5.38 |            6572.14 |   0.46553649441132594
 AAAAAAAAJCJCAAAA | Events might not remember years. Slow police should imagine only as divin                                                                                                                                | Music                                              | pop                                                |            0.49 |           11648.76 |    0.8251380668456358
 AAAAAAAAJGICAAAA | New, good accounts get as a laws; s                                                                                                                                                                      | Music                                              | pop                                                |            7.37 |  4532.219999999999 |    0.3210390847883489
 AAAAAAAAJILAAAAA | Square, minor republics cut. Similar, easy rights can take les                                                                                                                                           | Music                                              | pop                                                |             4.3 |             759.87 |   0.05382527091759065
 AAAAAAAAJJKAAAAA | Broken, simple children achieve nervously villages. Running sides sell often seemingly political muscles. Ready, happy statem                                                                            | Music                                              | pop                                                |           49.55 |            1908.04 |   0.13515571074210017
 AAAAAAAAJLEBAAAA | Things used to start particularly aware women. Foreign, kind hours must prepare unwittingly attractive, recent theories. Religious, rich studies get fore                                                | Music                                              | pop                                                |           38.61 |  8541.960000000001 |    0.6050683816537338
 AAAAAAAAJMDBAAAA | Neutral agencies could receive on a minds. Examples must not see here really financial proposals. National, young w                                                                                      | Music                                              | pop                                                |            2.25 |            6765.12 |   0.47920620210037357
 AAAAAAAAKBBEAAAA | Collect                                                                                                                                                                                                  | Music                                              | pop                                                |            7.36 |            2436.36 |   0.17257917413870946
 AAAAAAAAKBFBAAAA | Internal, certain animals lead at the arms. Long members look between the results. Offices extend nonetheless open effects. Tonight positive models ought to reverse association                         | Music                                              | pop                                                |            0.82 | 5752.9400000000005 |   0.40750859235480275
 AAAAAAAAKDKCAAAA | Plants take; royal, public rooms get anyway proper barriers. Strong penalties keep other values; more strong occasion                                                                                    | Music                                              | pop                                                |            2.41 |            3853.35 |   0.27295143602234323
 AAAAAAAAKGLBAAAA | Mostly delicate errors reach more to a initiative                                                                                                                                                        | Music                                              | pop                                                |            7.96 |           12134.29 |    0.8595305073796979
 AAAAAAAAKGMAAAAA | Highly blue years ought to obtain again. Only associated businessmen would not go a little. Good terms would not look together freely particular members. Alwa                                           | Music                                              | pop                                                |            2.78 |  4503.679999999999 |   0.31901745841543244
 AAAAAAAAKHFBAAAA | A little heavy dates must kee                                                                                                                                                                            | Music                                              | pop                                                |            2.28 | 5127.1900000000005 |   0.36318369036277476
 AAAAAAAAKJDEAAAA | Fairly russian polls might hear with a differences. Interests could not resume. Spanish requirements would not issue nevertheless out of a cars. Lonely bodies may exist red pie                         | Music                                              | pop                                                |            6.73 |             982.52 |   0.06959664835031146
 AAAAAAAAKJNAAAAA | Afraid, following walls wear thoroughly distinct experts; experiences pay wag                                                                                                                            | Music                                              | pop                                                |             2.9 | 10894.199999999999 |    0.7716889289357601
 AAAAAAAAKKIDAAAA | Much proposed girls exercise more animals. Exciting, light revenues say scarcely under the levels. However lovely hundreds set even changes;                                                             | Music                                              | pop                                                |            4.37 |            5639.84 |    0.3994971717949971
 AAAAAAAAKMDAAAAA | Only, sacred ears ought to give by now women. Cheer                                                                                                                                                      | Music                                              | pop                                                |           50.24 |            3609.64 |   0.25568827683021034
 AAAAAAAAKMJBAAAA | Clean, other thoughts say later futures. Cool areas look as a men                                                                                                                                        | Music                                              | pop                                                |           47.81 |             1398.6 |   0.09906960915069983
 AAAAAAAAKPAEAAAA | Points might contact partly old rights. Distant models would come emotionally. Clear cars must not get slightly. Arts would lay at a chemicals. Thoroughly top words fi                                  | Music                                              | pop                                                |            3.71 |            1711.05 |   0.12120195533912838
 AAAAAAAAKPECAAAA | Certa                                                                                                                                                                                                    | Music                                              | pop                                                |            3.05 |            4047.09 |    0.2866749781908378
 AAAAAAAAKPEDAAAA | Residential, smart edges may get now little questions; public forces shall hear; parents used to touch nervously jewish partners. Painfully happy years see details. Demands make notable cases. Pu      | Music                                              | pop                                                |           15.93 | 10459.490000000002 |    0.7408963150405073
 AAAAAAAALBABAAAA | Consistent words introduce in a processes. Separate, deaf places know eventually christian, permanent rates. Never horrible techniques inform similar ideas                                              | Music                                              | pop                                                |            1.25 |            3437.92 |   0.24352451786885027
 AAAAAAAALIHCAAAA | Popular students should not come much families. Surely full characters foresee genetic banks; statistical prayers continue                                                                               | Music                                              | pop                                                |            1.29 |            3319.13 |   0.23511004706160615
 AAAAAAAALIKCAAAA | Sure results cure more important mines. More good children cannot share pro                                                                                                                              | Music                                              | pop                                                |            2.54 | 1478.0099999999998 |   0.10469460390449438
 AAAAAAAALJGCAAAA | Bottom, young gaps give particularly; blank customers must see also on a lives. There strong requirements depend even. Regional fans know today english, interested banks. Pa                            | Music                                              | pop                                                |            2.23 |             2053.1 |   0.14543101283233364
 AAAAAAAALJIAAAAA | Often public allowances may stroke together. Civil rules heal largely. Years used to know here prime products. Families                                                                                  | Music                                              | pop                                                |            2.56 |             777.24 |   0.05505567211231942
 AAAAAAAALKDBAAAA | Darling, aware pupils would receive operations; managers can refer a bit awful, incredible conflicts. Recently following consequences will expect very pp.. Ultimate, quiet worker                       | Music                                              | pop                                                |            8.25 |            1905.02 |   0.13494178952113986
 AAAAAAAALOIBAAAA | Corners might not sing european provisions. Front, previous colours used to seem for a events. Priests produce great single, local years. Years meet for a women. Poor police feel to a explanation      | Music                                              | pop                                                |            7.17 |            8733.73 |    0.6186523791847145
 AAAAAAAAMCECAAAA | Strong issues ta                                                                                                                                                                                         | Music                                              | pop                                                |            6.69 |             968.39 |   0.06859575204164609
 AAAAAAAAMCOBAAAA | Deep, only matters give incentives. Conditions sound actually joint friends. British, soviet schools realise more administrative police. New departments should                                          | Music                                              | pop                                                |            3.57 |            1153.46 |   0.08170515613539699
 AAAAAAAAMDACAAAA | Large, positive opportunities might not understand well all electrica                                                                                                                                    | Music                                              | pop                                                |           13.19 |            2106.48 |    0.1492121766650695
 AAAAAAAAMDFDAAAA | Able, beautiful children must lose years. Both common subjects give then prices; supporters will wait obviously public nights.                                                                           | Music                                              | pop                                                |            4.48 |            5770.32 |    0.4087397018979453
 AAAAAAAAMDGCAAAA | Publicly                                                                                                                                                                                                 | Music                                              | pop                                                |           98.03 |  5922.620000000001 |    0.4195278482397526
 AAAAAAAAMEAAAAAA | As medical stairs heat now; suddenly cautious texts tell materials. Legally social teeth forget as late incentives; about absolute terms seek                                                            | Music                                              | pop                                                |            9.37 |             689.36 |  0.048830706252056655
 AAAAAAAAMEBAAAAA | Intimate, major roots fit. Unlikely parents take alone formal developments. Phases should rescue then. Sophisticated instruments include mental computers. Below independent h                           | Music                                              | pop                                                |            7.14 |            6390.02 |    0.4526360530996389
 AAAAAAAAMEIBAAAA | Opponents break otherwise nice, young proposals; comprehensive relationships shall feel soon. Just dis                                                                                                   | Music                                              | pop                                                |            0.55 | 14399.220000000001 |     1.019966464661047
 AAAAAAAAMEOCAAAA | Good heads bring more old services. Chains help gradually as other questions. H                                                                                                                          | Music                                              | pop                                                |            2.33 |            8265.67 |    0.5854974233295189
 AAAAAAAAMFMDAAAA | Large decisions                                                                                                                                                                                          | Music                                              | pop                                                |            0.74 |              319.8 |  0.022652982272553846
 AAAAAAAAMJAEAAAA | Colours face at a persons. Never silver components touch at least. Workers look ever brow                                                                                                                | Music                                              | pop                                                |            8.41 |           13427.26 |    0.9511178322356828
 AAAAAAAAMJEAAAAA | Conservatives used to develop so linear jobs. Social sa                                                                                                                                                  | Music                                              | pop                                                |            1.05 |            1639.09 |   0.11610468015359689
 AAAAAAAAMJKBAAAA | Democratic, commercial years ought to promote habits. Good years ought to look qui                                                                                                                       | Music                                              | pop                                                |            9.38 |  9090.849999999999 |      0.64394891773748
 AAAAAAAAMJNAAAAA | Highly english assets used to raise simple seconds. Normally unusual priorities come. Impossible teachers enable even according to a ways.                                                               | Music                                              | pop                                                |            4.03 |            4604.73 |   0.32617531913663805
 AAAAAAAAMMFCAAAA | Growing lengths must not investigate too into the banks. Eyes undertake different affairs. High, big others cannot imagine always calls. Still high trades g                                             | Music                                              | pop                                                |           36.17 |            4445.74 |    0.3149132877060148
 AAAAAAAAMMFDAAAA | Little recommendations can rise. Perfectly other months would live                                                                                                                                       | Music                                              | pop                                                |             3.4 |           12290.81 |    0.8706175767521186
 AAAAAAAAMNKCAAAA | Highly careful figures become women. Conscious men require before a lips. New, logical magazines must listen then large,                                                                                 | Music                                              | pop                                                |            1.36 |            2122.56 |   0.15035120091442117
 AAAAAAAAMOGDAAAA | Economic things own only left areas. Phrases would bear. Enough sorry resources can note ever responsible skills. For ins                                                                                | Music                                              | pop                                                |            7.21 | 10342.939999999999 |    0.7326405142779489
 AAAAAAAAMOJDAAAA | Wild, loose tourists recru                                                                                                                                                                               | Music                                              | pop                                                |            9.23 | 12647.060000000001 |    0.8958524889928858
 AAAAAAAAMOMAAAAA | Statistical, little consumers try both elements. Contemporary, fundamental lives would not sacrifice closely. Other clothes shall take despite a persons. Major moments should want fit familie          | Music                                              | pop                                                |            9.55 |                  0 |                     0
 AAAAAAAANAJAAAAA | Good tradition                                                                                                                                                                                           | Music                                              | pop                                                |            4.81 |              408.1 |  0.028907698766195197
 AAAAAAAANBJCAAAA | Actual, medical words shall not become for example scottish, specific gardens. Also wonderful terms might not talk sincerely even low waves. Also asleep gains go chief, large c                         | Music                                              | pop                                                |           90.91 |             7573.9 |    0.5364960051097423
 AAAAAAAANDDAAAAA | Vulnerable countries cannot lose about. Once again social elections replace social, legislative periods. More hu                                                                                         | Music                                              | pop                                                |            2.96 |            4055.35 |   0.28726007398061676
 AAAAAAAANFEDAAAA | Temporary cells produce high arms. A bit heavy w                                                                                                                                                         | Music                                              | pop                                                |            6.72 |            1551.15 |   0.10987546420285146
 AAAAAAAANFICAAAA | Long, new children may know rather no                                                                                                                                                                    | Music                                              | pop                                                |             8.3 |            1402.08 |   0.09931611439869385
 AAAAAAAANHODAAAA | Labour, complete solicitors cannot say positive, happy animals. Deals join above industrial, new police; dangerously english pu                                                                          | Music                                              | pop                                                |             0.2 |           11644.45 |    0.8248327686792983
 AAAAAAAANIHAAAAA | Ther                                                                                                                                                                                                     | Music                                              | pop                                                |             4.8 |           10194.84 |    0.7221498742699276
 AAAAAAAANMDDAAAA | Rights should show as both social wages; arts may feel by a goods. Thorough, close pupils func                                                                                                           | Music                                              | pop                                                |            1.01 |           10829.96 |    0.7671384987256636
 AAAAAAAANMFEAAAA | Otherwise used arms could not enter often great standards. Easier domestic generations drive indeed there national years. Ma                                                                             | Music                                              | pop                                                |             2.4 |  6754.529999999999 |    0.4784560611301848
 AAAAAAAANNIDAAAA | Lives would vary already. Volumes shall not know also english attitudes. Specialist, deliberate si                                                                                                       | Music                                              | pop                                                |            2.42 |              423.3 |  0.029984388355134593
 AAAAAAAANPGAAAAA | States would vary only. Increasingly weekly terms might get. Streets might not represent. Almost popular looks might not protest real balls. Pink, free services contr                                   | Music                                              | pop                                                |           36.37 |            2609.58 |    0.1848491853621359
 AAAAAAAANPIBAAAA | Still occasional places could use at least with a vehicles. Perfect, serious enquiries could make to a researchers. Pp. might make there able, good levels. As wild yards would serve sure, reg          | Music                                              | pop                                                |            4.96 |            1383.84 |   0.09802408689196658
 AAAAAAAAOADCAAAA | Sm                                                                                                                                                                                                       | Music                                              | pop                                                |            9.84 |             4349.3 |    0.3080819756035598
 AAAAAAAAOBHBAAAA | Childr                                                                                                                                                                                                   | Music                                              | pop                                                |            8.15 |            2093.84 |   0.14831682427005674
 AAAAAAAAODBBAAAA | Practical structures would buy; sufficient, professional books mate to the flowers. Functions wa                                                                                                         | Music                                              | pop                                                |            0.75 |            6159.15 |    0.4362824132707943
 AAAAAAAAODIBAAAA | Together complete lists cannot give eyes. Wide parts go. In                                                                                                                                              | Music                                              | pop                                                |            0.14 |            6890.56 |   0.48809172460277866
 AAAAAAAAODOBAAAA | Fundamental, important schools may feel upwards at a relationships. Ridiculous controls should control often. Annual jobs must mean members. Flats escape together with a ty                             | Music                                              | pop                                                |            3.04 | 1998.5800000000002 |   0.14156909728042735
 AAAAAAAAOEKDAAAA | High other minutes move directly most new drawings. Similarly sorry proteins tell. Workers would not occupy well with a bombs; tables may recommend also just sure needs. Senio                          | Music                                              | pop                                                |            6.33 |            1373.42 |   0.09728598784481207
 AAAAAAAAOFCCAAAA | Problems will cause clear bonds. Doors reject                                                                                                                                                            | Music                                              | pop                                                |            4.68 |            9857.16 |    0.6982303650335424
 AAAAAAAAOFGBAAAA | Difficult, head effects record british, financi                                                                                                                                                          | Music                                              | pop                                                |            4.36 |            5621.22 |    0.3981782270485464
 AAAAAAAAOGCBAAAA | Men could apologise much feet. Fears could vote extraordinarily relevant heads. Everywhere social revenues used to see at least in a children; often good instructions will not get f                    | Music                                              | pop                                                |               7 |                  0 |                     0
 AAAAAAAAOGEEAAAA | Secondary, particular keys may not pass only re                                                                                                                                                          | Music                                              | pop                                                |            3.08 | 2072.2400000000002 |   0.14678679169630077
 AAAAAAAAOGMAAAAA | Possible, useful conditions end reasonably sensitive, military unions; statements a                                                                                                                      | Music                                              | pop                                                |            3.59 |              89.64 |  0.006349635181087326
 AAAAAAAAOHDCAAAA | Other, recent islands remove adequate countries. Plans get even clea                                                                                                                                     | Music                                              | pop                                                |             1.7 |            4524.86 |    0.3205177403558098
 AAAAAAAAOJODAAAA | Members clear badly normal, small buses; services will not record special, individual years; french, avai                                                                                                | Music                                              | pop                                                |            8.04 | 1926.6499999999999 |   0.13647394714013716
 AAAAAAAAOKBBAAAA | Never institutional members may provide at a conditions. Years can agree scarcely to a patients. Democrats expect nearly dishes; also electronic conditions say still video-taped solicit                | Music                                              | pop                                                |             5.7 |            2074.67 |    0.1469589203608483
 AAAAAAAAOKLCAAAA | Planned, actual children may finance                                                                                                                                                                     | Music                                              | pop                                                |            1.22 | 3355.9399999999996 |   0.23771747757271525
 AAAAAAAAOLHDAAAA | Ladie                                                                                                                                                                                                    | Music                                              | pop                                                |             8.8 | 13107.960000000001 |    0.9285002673838177
 AAAAAAAAOLMBAAAA | Super goods could split also; british years shall close available deca                                                                                                                                   | Music                                              | pop                                                |            9.46 |           14530.24 |     1.029247245578339
 AAAAAAAAOMDCAAAA | Selective, urban signals talk from a members. Young characters could continue at least. Experienced clients create. Interesting advantages will not                                                      | Music                                              | pop                                                |            9.02 |              725.6 |   0.05139776090358058
 AAAAAAAAOMEBAAAA | Only high rates stay maybe others. Just public guns recei                                                                                                                                                | Music                                              | pop                                                |            1.92 |           11555.08 |     0.818502258905383
 AAAAAAAAONCDAAAA | Shoulders may take today royal situati                                                                                                                                                                   | Music                                              | pop                                                |            2.74 |             4281.7 |   0.30329354032643463
 AAAAAAAAONGBAAAA | Comparisons shall fit activities. Vide                                                                                                                                                                   | Music                                              | pop                                                |             2.2 | 479.34999999999997 |   0.03395468121434861
 AAAAAAAAOOCBAAAA | Special, social others shall not set quietly relations. Parental years marry ago national parents. Human, outer occupations continue about for a applications. Metres pick high always lovely aspects.   | Music                                              | pop                                                |           33.06 |            3023.48 |   0.21416772620832114
 AAAAAAAAOOGBAAAA | For example simple things ought to like mainly just gentle orders. Neither negative products must not push later for the managers. Comparatively final actions wonder nearly operations. Sim             | Music                                              | pop                                                |            2.26 |            5796.78 |    0.4106139918007964
 AAAAAAAAOOIBAAAA | Papers used to make also. Rather specific effects like then for the years. Books must know for example benefits. Duties should not compare square, small letters. Present links will hit with the incide | Music                                              | pop                                                |            1.11 | 5737.2699999999995 |   0.40639861039041586
 AAAAAAAAOPBCAAAA | Managers resume late women. So available difficulties listen in a clien                                                                                                                                  | Music                                              | pop                                                |            3.02 |            8153.85 |    0.5775766713666766
 AAAAAAAAPBIBAAAA | Ready, alive daughters land technological, internal par                                                                                                                                                  | Music                                              | pop                                                |            5.14 |            7320.58 |    0.5185521230919707
 AAAAAAAAPFPCAAAA | Police shall not take tomorrow no longer extraordinary orders; only able firms tell clearly final years. We                                                                                              | Music                                              | pop                                                |            3.98 |               5174 |   0.36649946928765975
 AAAAAAAAPHDAAAAA | Underlying, possible months shall not give much in a members. Other ministers frighten overwhelmingly necessary leaves; different, fundamental developments take again                                   | Music                                              | pop                                                |            2.85 | 3031.7300000000005 |    0.2147521136496863
 AAAAAAAAPHMDAAAA | Female, socia                                                                                                                                                                                            | Music                                              | pop                                                |            0.63 |             4045.3 |   0.28654818382477193
 AAAAAAAAPIBEAAAA | More other obligations answer fast, f                                                                                                                                                                    | Music                                              | pop                                                |            3.04 |  9015.679999999998 |    0.6386242627111264
 AAAAAAAAPJCCAAAA | Elegant, disabled passengers shall promote yet similar prospects. Silver, natural children blame just narrow jobs. Practitioners draw; organisations return even custo                                   | Music                                              | pop                                                |            2.01 | 10863.560000000001 |    0.7695185493959509
 AAAAAAAAPJKAAAAA | Most public letters find very. Obviously silver results ought to leave helplessly; ideal, different b                                                                                                    | Music                                              | pop                                                |            2.09 |            8325.74 |    0.5897524722510709
 AAAAAAAAPLCAAAAA | Sizes might exercise centuries. So clear papers wear briskly only channels; small, sorry workers might not participate so far groups. A little early manufacturers might build also. Straig              | Music                                              | pop                                                |            1.21 |             418.08 |  0.029614630483143563
 AAAAAAAAPOJCAAAA | Just old activities will benefit of course total, tiny materials. There enthusiastic pra                                                                                                                 | Music                                              | pop                                                |            9.18 |            3376.24 |    0.2391554248526804
 AAAAAAAAPOOAAAAA | Political eyes should not defeat namely towards a banks. Yesterday economic friends can ensure by a values. Labour brothers see possibly. Emotional, particular events                                   | Music                                              | pop                                                |            2.42 |            2464.19 |   0.17455050777424785
 AAAAAAAAPPICAAAA | Companies could go in the animals. Languages look short authors. Adequate risks mig                                                                                                                      | Music                                              | pop                                                |            4.46 |             863.21 |   0.06114534342555098
 AAAAAAAAPPNAAAAA | Better o                                                                                                                                                                                                 | Music                                              | pop                                                |             6.9 |             1652.2 |    0.1170333249240571
 AAAAAAAAAACAAAAA | Crops may cut rules. Shadows increase please. S                                                                                                                                                          | Music                                              | rock                                               |            2.99 | 4469.8099999999995 |    0.3829419933877585
 AAAAAAAAABCEAAAA | Eggs would not fit also walls. Supreme women think poets. Shoulders survive possible gentlemen. Public bags lo                                                                                           | Music                                              | rock                                               |            8.72 |            3150.24 |    0.2698904842151797
 AAAAAAAAAFDDAAAA | Points used to join seldom concerned newspa                                                                                                                                                              | Music                                              | rock                                               |            9.36 |  5204.709999999999 |   0.44590307471798585
 AAAAAAAAAFECAAAA | Also social individuals might understand qualities. Now daily modules think here; there right farmers shall like probably nonetheless british answers. Similar, new topics surrender so                  | Music                                              | rock                                               |            5.44 |            4436.11 |   0.38005481357985443
 AAAAAAAAAFNBAAAA | Lively, fit children provide ever clean, american things; brown, small parties cannot deny so job                                                                                                        | Music                                              | rock                                               |            7.98 | 11852.110000000002 |    1.0154057173014037
 AAAAAAAAAJODAAAA | Extra attempts ought to feel deliberate                                                                                                                                                                  | Music                                              | rock                                               |            5.36 |            1868.84 |   0.16010911312176102
 AAAAAAAAAKAEAAAA | Steep numbers will entertain open, able men. Remarkable, different families shall not come especially extra waters. Governments mean walls. Here negative things make however certain, comparable        | Music                                              | rock                                               |            9.12 | 436.09999999999997 |   0.03736199152008732
 AAAAAAAAAKMAAAAA | Well social doctors show wrong distinct clouds. Parents mind motives. Common employees could bear then poor, democratic clubs. Visual languages remind so distinguished, top document                    | Music                                              | rock                                               |            1.68 |  7439.879999999999 |    0.6373967747545682
 AAAAAAAAAMACAAAA | Communist, strange seasons shall harden through a women. Main runs shall accept unique assets. Substantial, conf                                                                                         | Music                                              | rock                                               |            5.08 |            1780.72 |   0.15255960912554434
 AAAAAAAAANFBAAAA | Normal, dead shops would not identify at once new blacks. Particularly relevant positions must return just main forms; a bit industrial leaders remember                                                 | Music                                              | rock                                               |            0.21 |            3680.67 |    0.3153340090076583
 AAAAAAAAAOIAAAAA | Major, financial groups could join newly. Beautiful disputes understand here careful americans. Environmental                                                                                            | Music                                              | rock                                               |            2.35 |           10428.85 |    0.8934707756575616
 AAAAAAAAAPHDAAAA | True qualifications participate also much general managers; dark, technologic                                                                                                                            | Music                                              | rock                                               |            2.51 |            2736.02 |    0.2344030177454467
 AAAAAAAAAPIDAAAA | Now eastern relations provide actual proposals. Likely sentences shall                                                                                                                                   | Music                                              | rock                                               |            3.44 |            1985.58 |   0.17011057812991282
 AAAAAAAAAPPCAAAA | Great trees offer after a effects. Successive specimens manufacture well european benefits. Again indirect abilities strengthen accidentally lines. Answers seek instead combinations;                   | Music                                              | rock                                               |            3.46 |            9136.72 |    0.7827701333671455
 AAAAAAAABBFDAAAA | Women should know neither. Sufficient, national months might use from a servants. More economic numbers would give. Grateful, european females present subs                                              | Music                                              | rock                                               |            5.84 |            4582.08 |    0.3925605001246542
 AAAAAAAABCPBAAAA | International, careful children recognise more different successes. Afraid, contemporary men must                                                                                                        | Music                                              | rock                                               |            8.35 |             243.25 |   0.02083995514162174
 AAAAAAAABDCEAAAA | Simple relations see lightly spirits; still low subjects may argue by a word                                                                                                                             | Music                                              | rock                                               |            8.33 |            2558.11 |    0.2191609358574881
 AAAAAAAABDPAAAAA | External, l                                                                                                                                                                                              | Music                                              | rock                                               |            1.13 |             5367.6 |    0.4598583482761309
 AAAAAAAABGGDAAAA | Really extra markets ought to understand even sequences. True, ugly settings cannot broaden as therefore other owners. Incomes range. New, big stages remind more heavy, social consid                   | Music                                              | rock                                               |            3.88 |            6259.41 |    0.5362623786763352
 AAAAAAAABGKCAAAA | Now happy years shall produce finally w                                                                                                                                                                  | Music                                              | rock                                               |            1.08 |             313.11 |  0.026825070316107636
 AAAAAAAABHMCAAAA | Strong, careful pupils break usually personal members; just opening ye                                                                                                                                   | Music                                              | rock                                               |             0.6 |             4093.7 |   0.35071952461770567
 AAAAAAAABICCAAAA | In order new meals could fight average conditions. Stores outline mistakes. Also civil prices could not understand about other, successful priorities. Then previous bands used to prevent. Intern       | Music                                              | rock                                               |            8.52 |            5800.04 |    0.4969067766479414
 AAAAAAAABIHDAAAA | Reports ought to know more severe, inner sales. Alone early others sweep anyway sure able groups; british, necessary year                                                                                | Music                                              | rock                                               |            0.89 |           10594.74 |     0.907683068189704
 AAAAAAAABKBEAAAA | Free, reasonable others ought to marry days. Men could wish after a degrees. Popular                                                                                                                     | Music                                              | rock                                               |             4.6 |           12419.09 |    1.0639805899270838
 AAAAAAAABNCDAAAA | Really only properties pass suitable women. Certain schools perform there p                                                                                                                              | Music                                              | rock                                               |            4.47 |            4629.96 |   0.39666252294965254
 AAAAAAAABOAEAAAA | Personally romantic minutes see hours. However loyal months assess daily things. Remains remain slow,                                                                                                    | Music                                              | rock                                               |            5.98 |             562.58 |    0.0481979114638173
 AAAAAAAABOCCAAAA | Far                                                                                                                                                                                                      | Music                                              | rock                                               |           87.52 |  6940.599999999999 |     0.594621963642096
 AAAAAAAACADDAAAA | Again huge contracts must remain more in a affairs. Forces teach slightly european settings. Popular, cold roles go therefore. Still c                                                                   | Music                                              | rock                                               |            3.81 | 13358.219999999998 |      1.14443866627714
 AAAAAAAACAJAAAAA | Asian deals must help used services. At present detailed women might want closely still technical tons. Studies sha                                                                                      | Music                                              | rock                                               |            5.72 |             998.62 |   0.08555476260442467
 AAAAAAAACBBDAAAA | Places win at all. Well good days want forward. Then wonderful ideas increase openly ago complex scientists; shares get bett                                                                             | Music                                              | rock                                               |            2.74 |            4500.54 |    0.3855747244114051
 AAAAAAAACBOAAAAA | Small wages might support today large feet. Loyal cigarettes would receive best. Commercial environments would reverse jewish, local accounts. There grand da                                            | Music                                              | rock                                               |            3.61 |            7301.32 |    0.6255259250755422
 AAAAAAAACGACAAAA | Strong, possible relations show closely. Rewards show then in a prisoners. Fine, smooth boys will realize often english teachers; above high services may think only silent                              | Music                                              | rock                                               |            7.84 |            2994.07 |   0.25651093315878887
 AAAAAAAACPCAAAAA | Inevitably mutual cattle ought to look. Then comparable statements kno                                                                                                                                   | Music                                              | rock                                               |            1.56 | 1857.8999999999999 |   0.15917185059658387
 AAAAAAAADBGAAAAA | Systems pay full, primary authorities. Dangerous units may not attend then rates. However specialist stages could present                                                                                | Music                                              | rock                                               |            5.14 |            1217.79 |   0.10433171211476068
 AAAAAAAADBPAAAAA | Slightly usual paintings mus                                                                                                                                                                             | Music                                              | rock                                               |            2.26 |            4663.91 |   0.39957112100538966
 AAAAAAAADCCAAAAA | Mutual technologies give human eyes; dramatic drivers shoul                                                                                                                                              | Music                                              | rock                                               |            0.11 | 2472.7200000000003 |    0.2118453191276091
 AAAAAAAADEJDAAAA | Articles might buy on the leaders. Instead sad men bring less other rights. Single studies bring so stages. Slow proteins must run                                                                       | Music                                              | rock                                               |            2.28 |            3367.63 |   0.28851493580094395
 AAAAAAAADEMDAAAA | Pa                                                                                                                                                                                                       | Music                                              | rock                                               |            0.42 |           15836.09 |    1.3567252013101114
 AAAAAAAADHADAAAA | Solar, blue facts carry indeed common banks; indeed social changes ought to take forward good social di                                                                                                  | Music                                              | rock                                               |             7.9 |            8117.48 |    0.6954487936814455
 AAAAAAAADHDDAAAA | Also true systems may not fight just minds. Only white months protect false, monthly changes; already usual artists should not break in a lines.                                                         | Music                                              | rock                                               |            7.12 |            1154.04 |   0.09887005891731614
 AAAAAAAADLMCAAAA | Final homes name only up a developments. Hard eligible interviews might not telephone. Difficult ideas should know at least shapes. Years plant very good instructions. Firms might set                  | Music                                              | rock                                               |            9.11 |           10935.67 |    0.9368915611246807
 AAAAAAAADMKDAAAA | Politically male doctors support too old, major men. Females give. Biological methods upset an                                                                                                           | Music                                              | rock                                               |           90.03 |  5741.240000000001 |   0.49186920475759266
 AAAAAAAADNAAAAAA | Social, competitive obligations used to take so high, particular priests. General, democratic systems should recover degrees                                                                             | Music                                              | rock                                               |            5.15 |              151.2 |  0.012953756289468474
 AAAAAAAADOFDAAAA | Needs make central, clear resources. Frankly curious places would help features. Less poor months might not ensure far near a standards. Social fans would reach. Aggressive, important allies leave fo  | Music                                              | rock                                               |            4.55 |            2195.58 |   0.18810190630973014
 AAAAAAAAEBOBAAAA | Subsequent, possible days must get eventually drawings. Members would not move ever. Cold, good needs                                                                                                    | Music                                              | rock                                               |            8.21 |            2538.24 |   0.21745861351971205
 AAAAAAAAECACAAAA | Most blue bones test. Foundations wipe at a churches. As possible details stop. Others find great, de                                                                                                    | Music                                              | rock                                               |            5.37 |             3753.2 |    0.3215478710690019
 AAAAAAAAEDCEAAAA | Long-t                                                                                                                                                                                                   | Music                                              | rock                                               |            9.86 |            3080.64 |   0.26392764401844027
 AAAAAAAAEFLAAAAA | Rare bands turn legitimately. And so on black gifts would prevent now traditional, old views. Doubly wild consultants ought to meet ahead scientific physical companies. Mu                              | Music                                              | rock                                               |            4.95 |            9819.83 |    0.8412942104762647
 AAAAAAAAEFOAAAAA | Courses go pr                                                                                                                                                                                            | Music                                              | rock                                               |            6.52 |            8568.16 |    0.7340598974151602
 AAAAAAAAEGAEAAAA | Wonderful officers know indeed thus social rates; new, difficult words see on a prices. Upright natural organs offer for example; artificial, true items shall not read. Periods s                       | Music                                              | rock                                               |                 |            10760.9 |    0.9219184924295061
 AAAAAAAAEGNAAAAA | Minutes shall not compete often relevant examinations; above prime birds could not ride fairly in a effects. Together other comments might not see double, new changes. G                                | Music                                              | rock                                               |            4.55 |            3838.26 |   0.32883521571174124
 AAAAAAAAEIBDAAAA | Less identical families shall not want again objects. More real holidays would not understand probably small, polite representations. Spatial rates should see and so on. Natural, critical details sh   | Music                                              | rock                                               |               3 | 13149.539999999999 |    1.1265604264458817
 AAAAAAAAEIICAAAA | Seeds shall guarantee even communications; local patterns reduce conditions. Sensitive, old pp. change banks. Final days must start sooner special, full programmes. Children will identify much. For ex | Music                                              | rock                                               |            4.85 |            2140.56 |     0.183388178326618
 AAAAAAAAEJHDAAAA | Particles shall see both holy eyes. Bright, old statements can light short                                                                                                                               | Music                                              | rock                                               |            4.72 |  5455.360000000001 |    0.4673770099954679
 AAAAAAAAEPDAAAAA | Characters used                                                                                                                                                                                          | Music                                              | rock                                               |            3.99 |           11823.57 |    1.0129606101287751
 AAAAAAAAEPDEAAAA | High accidents cause international ages. Therefore recent leaders should not show curious gifts; cons                                                                                                    | Music                                              | rock                                               |           69.07 |            9713.28 |    0.8321657532497908
 AAAAAAAAEPIBAAAA | Natural, necessary facilities will leave potentially only, important conclusions. So old years might see less. Delicious, appropriate circumstances must hold critic                                     | Music                                              | rock                                               |            1.36 |            1186.36 |   0.10163900999718134
 AAAAAAAAEPLCAAAA | Available, british groups draw right new pains; somewhat ideal friends might fit even through the memories; days let mountains. Critical, informal parts                                                 | Music                                              | rock                                               |           13.15 | 15231.130000000001 |    1.3048964684736244
 AAAAAAAAFDCAAAAA | Now full policies can remain almost; long-term practices gain more minutes. Reactions fly. Huge businessmen would not lead always financial, blank titles. Othe                                          | Music                                              | rock                                               |            2.57 |            1133.98 |   0.09715145871118692
 AAAAAAAAFDCDAAAA | Future weeks                                                                                                                                                                                             | Music                                              | rock                                               |             1.5 |            12597.1 |    1.0792312391141756
 AAAAAAAAFFGAAAAA | Children stick finally natio                                                                                                                                                                             | Music                                              | rock                                               |           29.24 |            2036.16 |    0.1744439180315088
 AAAAAAAAFGMCAAAA | Even top                                                                                                                                                                                                 | Music                                              | rock                                               |            4.95 |             189.21 |  0.016210186690015414
 AAAAAAAAFHJBAAAA | Almost detailed kings shall overcome economically rich, great readers. Confident consultants may detect complete stories. White rights                                                                   | Music                                              | rock                                               |            4.38 |             857.95 |   0.07350314291368704
 AAAAAAAAFHKDAAAA | Specific, new events hope unexpectedly average sources. Beliefs love then recent guns. Songs shall see also natural resources. Political fi                                                              | Music                                              | rock                                               |            2.23 |             204.16 |  0.017490997910435742
 AAAAAAAAFIFEAAAA | Nevertheless lucky sites shall find late difficult b                                                                                                                                                     | Music                                              | rock                                               |           38.08 | 3977.6099999999997 |   0.34077374705391994
 AAAAAAAAFKABAAAA | About obvious improvements think for example visual officials. Progressive students come quite japanese, disabled points. Others must perform now though great places. Libera                            | Music                                              | rock                                               |            2.72 |  4880.330000000001 |   0.41811246978956146
 AAAAAAAAGACCAAAA | Rapidly hot                                                                                                                                                                                              | Music                                              | rock                                               |            3.37 |            2029.02 |   0.17383221287339504
 AAAAAAAAGBGBAAAA | Players would get almost dangerous adults. Southern problems will calculate in order just wild vehicles. However reluctant circumstances will know. Seriously larg                                       | Music                                              | rock                                               |            2.87 |            7667.46 |    0.6568942341220103
 AAAAAAAAGCECAAAA | Eagerly proud institutions pay probably studies. Lonely, expensive degrees like already. High managers prepare for the skills. Difficult, li                                                             | Music                                              | rock                                               |            4.49 |            9598.91 |    0.8223673332310969
 AAAAAAAAGCFAAAAA | Patients might turn from a schools. So rural rules can see considerable, emotional leads. Studies                                                                                                        | Music                                              | rock                                               |            5.25 |            3068.32 |    0.2628721527652243
 AAAAAAAAGDGCAAAA | All political parties assist offences. Only long teeth increase above for a words. Later fine observers could keep just after the prices. Various others set of course common, v                         | Music                                              | rock                                               |            1.67 | 3439.8700000000003 |   0.29470395269480115
 AAAAAAAAGGLDAAAA | Given documents would see seldom long, philosophical stories. Artificial officials might appear po                                                                                                       | Music                                              | rock                                               |            4.93 |            5363.18 |    0.4594796736544414
 AAAAAAAAGHAAAAAA | Massive moments make at all unlikely poles. Targets explain pupils. Estates will not get against the                                                                                                     | Music                                              | rock                                               |            1.47 |              55.32 |  0.004739429880511879
 AAAAAAAAGIEBAAAA | Blind points use both. Strong, possible goods would believe too with a banks. Special, total accidents understand universally apparently visual cases. High, environmental weeks                         | Music                                              | rock                                               |            2.54 |           13225.83 |    1.1330964189546353
 AAAAAAAAGIOAAAAA | Electric, funny stones may encourage. Partly big men learn so in the windows; blocks shall not let about a men. Only likely things hold rather to a prayers. Healthy, labour children would know         | Music                                              | rock                                               |            3.39 |           18662.72 |    1.5988910488001926
 AAAAAAAAGKJDAAAA | Months could not protect                                                                                                                                                                                 | Music                                              | rock                                               |            2.62 |            8348.93 |    0.7152778075253442
 AAAAAAAAGLEBAAAA | Documents s                                                                                                                                                                                              | Music                                              | rock                                               |            4.14 | 3160.9199999999996 |    0.2708054717626104
 AAAAAAAAGMEBAAAA | Modern, national police will know so prime others. Righ                                                                                                                                                  | Music                                              | rock                                               |            4.96 |            1327.48 |    0.1137291825340186
 AAAAAAAAGPFDAAAA | Great applications will spend correctly. Environmental, historical materials used to play so                                                                                                             | Music                                              | rock                                               |            1.05 |  8488.869999999999 |    0.7272668859324091
 AAAAAAAAHACEAAAA | Unexpectedly great objectives choose hardly with no children.                                                                                                                                            | Music                                              | rock                                               |            4.79 |             219.78 |   0.01882921003504882
 AAAAAAAAHAFEAAAA | Major clothes understand terribly new, advisory germans. Human years counteract for a managers; clients add ago personnel. Important, key calculations would not repeat here ho                          | Music                                              | rock                                               |            2.78 |            1914.14 |   0.16399009962912162
 AAAAAAAAHCBAAAAA | Units practise here in the pro                                                                                                                                                                           | Music                                              | rock                                               |            5.54 |            3696.82 |    0.3167176278176776
 AAAAAAAAHCKDAAAA | Leading, potential members could work heavy cattle. Feet might pay times. Capital, large reactions build so. Good, complete bishops raise in a deposits. Physical, vague keys help alone young change    | Music                                              | rock                                               |            0.77 |            5877.15 |    0.5035130210095876
 AAAAAAAAHCMBAAAA | Probably national operations build ever about social women. Actually probable requirements prevent more schemes. Yesterday deep chains back about relevant, specialist calls. Teachers seem muc          | Music                                              | rock                                               |            8.51 |            3169.44 |     0.271535405648763
 AAAAAAAAHEBEAAAA | Usually different lines dare here offices. Secret, pol                                                                                                                                                   | Music                                              | rock                                               |            2.83 |             2802.5 |   0.24009855820922887
 AAAAAAAAHEODAAAA | Ancient, gay magazines find just free particles; sure friends would reduc                                                                                                                                | Music                                              | rock                                               |            4.66 |  6898.610000000001 |    0.5910245547360458
 AAAAAAAAHFNDAAAA | Able poles opt really national stations. Northern, heavy m                                                                                                                                               | Music                                              | rock                                               |            8.29 |           23018.79 |    1.9720885961537968
 AAAAAAAAHFPBAAAA | Then tough arms may bring quite; words sign more in a affairs. Groups find educational, religio                                                                                                          | Music                                              | rock                                               |            4.05 |            5862.71 |    0.5022759030147469
 AAAAAAAAHGMDAAAA | Formerly key definitions set internal machines. Pe                                                                                                                                                       | Music                                              | rock                                               |            8.76 |            6984.38 |    0.5983727272026312
 AAAAAAAAHHNBAAAA | Both gothic interests set separate, soviet plans. Huge, institutional pilots support very scotti                                                                                                         | Music                                              | rock                                               |            2.65 |            8205.06 |    0.7029520342623427
 AAAAAAAAHHOAAAAA | Models tell then subjects. Frequently little                                                                                                                                                             | Music                                              | rock                                               |            5.61 |            5925.16 |    0.5076261813234593
 AAAAAAAAHHPCAAAA | Certainly pol                                                                                                                                                                                            | Music                                              | rock                                               |            1.66 |  7052.650000000001 |    0.6042216223208985
 AAAAAAAAHJGDAAAA | National films must not drive; very, substantial groups should understand more relations. C                                                                                                              | Music                                              | rock                                               |            1.09 |           12644.22 |    1.0832681504657613
 AAAAAAAAHKGCAAAA | Continuous women cannot form else economic players. Local dates will not know irish lives. Well-known, pale things make in relation to a pp.. Only, aware                                                | Music                                              | rock                                               |            1.89 |            9016.05 |    0.7724319735030571
 AAAAAAAAHKIDAAAA | Annual, pale studies might consider to a                                                                                                                                                                 | Music                                              | rock                                               |            5.79 |            8215.79 |    0.7038713054593402
 AAAAAAAAHMCBAAAA | Times cry really unable beliefs. At all educational stores will not drink maybe in a jobs. Most unaware relations could get unions. Isolated, ready months take loans. High members mi                   | Music                                              | rock                                               |            7.02 | 2701.3400000000006 |    0.2314318784060369
 AAAAAAAAHMGAAAAA | Additional, additional directors will not come fairly entirely economic representatives. There social practices lead as because of a words; late interests would not ad                                  | Music                                              | rock                                               |            3.76 |             388.85 |   0.03331394267962842
 AAAAAAAAHNJCAAAA | However growing goods would boast of course on a players; new, moving standards might change nevertheless into a plants. British tactics must eat most g                                                 | Music                                              | rock                                               |            3.38 |             2765.7 |   0.23694579212819422
 AAAAAAAAHOLCAAAA | Other, real reasons might guarantee areas. Liter                                                                                                                                                         | Music                                              | rock                                               |            1.22 |            1914.66 |    0.1640346495846145
 AAAAAAAAIACBAAAA | Rocks may ask somewhat quite initial patterns. Personal, real talks relate very warm, interesting customs. Just                                                                                          | Music                                              | rock                                               |           66.68 |             717.12 |    0.0614378155443362
 AAAAAAAAIBCAAAAA | Local centuries continue wide advertisements. Active, powerful bodies get. Conditions consult previous expectations. Pages shall not                                                                     | Music                                              | rock                                               |            3.47 |            1591.34 |    0.1363348580270024
 AAAAAAAAICBAAAAA | Big, unlikely plants dislodge fully rates. Almost free costs speed through a                                                                                                                             | Music                                              | rock                                               |           28.13 |            9439.98 |    0.8087513247186284
 AAAAAAAAICCBAAAA | Under way mental experiences would meet more forward tiny margins. Inland players cannot continue chief, only acti                                                                                       | Music                                              | rock                                               |           45.64 |  6641.219999999999 |    0.5689731834969829
 AAAAAAAAICFCAAAA | Personal rooms must go sorry lives. British                                                                                                                                                              | Music                                              | rock                                               |            4.28 |            7062.47 |    0.6050629310957832
 AAAAAAAAIDGCAAAA | Only financial cells access readily. Alive parties might know somehow classical police. Records spare ag                                                                                                 | Music                                              | rock                                               |            4.04 |            3967.49 |    0.3399067363816355
 AAAAAAAAIDGDAAAA | Professional, similar days could not discourage wide ministers. Whole schools create sometimes unhappy p                                                                                                 | Music                                              | rock                                               |            1.72 |            2556.69 |   0.21903928020979602
 AAAAAAAAIEACAAAA | Appropriate sizes may retire still in the families. Indeed efficient purposes tell major, international parts; technologies could not exist here russian                                                 | Music                                              | rock                                               |            0.34 |            6947.01 |     0.595171127516537
 AAAAAAAAIGIBAAAA | Ashamed customs sign fresh, blue muscles. Here comparable towns would ensure. Private notes may believe various residents; further independent phenomena find national, other words. State               | Music                                              | rock                                               |            6.77 | 11889.810000000001 |    1.0186355890746377
 AAAAAAAAIHJCAAAA | Really imaginative items could deserve very to a shapes. Weapons must not judge. Relevant, national types would use alone unacceptable, dark plants. Other services say dangerous, old liabi             | Music                                              | rock                                               |            2.17 |             913.12 |   0.07822972184549903
 AAAAAAAAIJCBAAAA | Please clear parties promote such as the months. Possible, front residents incorporate still; difficult, wron                                                                                            | Music                                              | rock                                               |            0.43 |            2329.14 |   0.19954439103209395
 AAAAAAAAIJJCAAAA | Arms could get very personal respondents. Still black aspects could not suck. Wonderful dates may fight only fascinating months. Decent, essential steps produce for no photographs; other               | Music                                              | rock                                               |            4.69 |            5597.01 |   0.47951258921771134
 AAAAAAAAIJODAAAA | Relevant women seek scales. Very old hands shall not give scientists. Modern groups monitor certainly dull, fatal legs. Easy simple valu                                                                 | Music                                              | rock                                               |            1.37 | 43.730000000000004 | 0.0037464799109686274
 AAAAAAAAILHAAAAA | Current, living girls turn basically remarkable votes. Operational, square officers push very common, new arms. Properties make sufficiently heavy, financial particles; worthwhile, individual          | Music                                              | rock                                               |             1.6 |            5241.11 |   0.44902157160248757
 AAAAAAAAIMBEAAAA | Scottish consequences run always overseas, head arms. Final, political parts shall touch bands. Influences put. Fully alternative difficulties might c                                                   | Music                                              | rock                                               |           85.03 |            1420.65 |   0.12171133513646422
 AAAAAAAAIMKCAAAA | Equal, necessary pupils may not suggest now events; optimistic products used to fill markedly new claims. Difficult, new pas                                                                             | Music                                              | rock                                               |            1.79 |            7355.15 |    0.6301377021989687
 AAAAAAAAINACAAAA | Eventually related games sho                                                                                                                                                                             | Music                                              | rock                                               |             2.2 |  5594.639999999999 |    0.4793095442282534
 AAAAAAAAINHAAAAA | Voluntary stars find prime, absent products. Familiar roads check then rural relations.                                                                                                                  | Music                                              | rock                                               |            3.02 |            5097.93 |   0.43675491270350547
 AAAAAAAAIOICAAAA | Responsible, english houses used to uncover subjects. Studies will think easier still familiar odds. Advanced regions ma                                                                                 | Music                                              | rock                                               |            8.42 |            7012.41 |    0.6007741411496801
 AAAAAAAAIPOBAAAA | Very welsh things shall get. Blue farmers would show apparently for the buses. Limited groups used to close always clear talks; eyes might not                                                           | Music                                              | rock                                               |            3.26 | 3661.7400000000002 |   0.31371221928173476
 AAAAAAAAJAEDAAAA | Areas tie; entire rules know                                                                                                                                                                             | Music                                              | rock                                               |             2.5 |             9226.4 |     0.790453287229841
 AAAAAAAAJBGAAAAA | Minutes detect away at a attacks. Enormous wages could                                                                                                                                                   | Music                                              | rock                                               |            8.46 |               1368 |   0.11720065214281002
 AAAAAAAAJEGDAAAA | Convincing, traditional directors should not come. Women mean de                                                                                                                                         | Music                                              | rock                                               |            0.77 |            6405.18 |    0.5487509306228684
 AAAAAAAAJFIDAAAA | Activities shall withdraw all                                                                                                                                                                            | Music                                              | rock                                               |             9.3 |            8155.38 |     0.698695800052946
 AAAAAAAAJHKCAAAA | Children must not make clearly important standards. Significant numbers travel for a esta                                                                                                                | Music                                              | rock                                               |            2.98 |            9163.88 |    0.7850970118117352
 AAAAAAAAJIFAAAAA | Public weeks serve. Copies would not develop later. Only, liable matters must not double ready islands. A                                                                                                | Music                                              | rock                                               |            1.06 |            4165.12 |   0.35683828965867026
 AAAAAAAAJIJCAAAA | Goals know collections. Services worry then by a inhabitants. Big police used to impose tired                                                                                                            | Music                                              | rock                                               |            0.95 | 5656.0199999999995 |      0.48456815243624
 AAAAAAAAJJOCAAAA | Tiny, possible heroes should jump in a resources; expected, brown indicators cannot take general w                                                                                                       | Music                                              | rock                                               |             3.2 |            22313.8 |    1.9116899939943233
 AAAAAAAAJNBCAAAA | Medical designers want either goods. That is sophisticated requirements c                                                                                                                                | Music                                              | rock                                               |            2.01 |               9893 |    0.8475629032520611
 AAAAAAAAJPGBAAAA | Obvious, great sorts                                                                                                                                                                                     | Music                                              | rock                                               |            4.65 |             1511.6 |   0.12950329369815178
 AAAAAAAAKAADAAAA | Ministers can believe clearly then natural shoulders. New, full teeth interview then soon available forms. Un                                                                                            | Music                                              | rock                                               |            5.38 |            2882.41 |     0.246944686946606
 AAAAAAAAKBECAAAA | Wide, inc workers w                                                                                                                                                                                      | Music                                              | rock                                               |            2.76 |            3253.14 |    0.2787062350232902
 AAAAAAAAKBFAAAAA | Current, liberal directors give late. Never roman factors stem. Base buildings ought to establish again very small years. Substantially nuclear years hear ultimate dollars. True, chem                  | Music                                              | rock                                               |            6.59 | 2666.0200000000004 |    0.2284059083521743
 AAAAAAAAKDICAAAA | Kinds make vividly home deep boy                                                                                                                                                                         | Music                                              | rock                                               |           69.71 |            5080.06 |    0.4352239363483944
 AAAAAAAAKDKAAAAA | Positive members reach there profitable, universal boys; strong, beautiful eyes bring contemporary, available costs. Aspirations will not come even chapters. Official, compl                            | Music                                              | rock                                               |            1.75 |            11776.8 |    1.0089536843241558
 AAAAAAAAKDNDAAAA | Junior, fresh places enjoy to a years. Increasingly common ar                                                                                                                                            | Music                                              | rock                                               |             0.1 |           20249.94 |     1.734872934102905
 AAAAAAAAKFLCAAAA | Policies get hence very complete signs. Quite full times ought to prefer. More available eyes come little, powerful types; young, evident clothes should end however smal                                | Music                                              | rock                                               |            1.42 |            6460.85 |    0.5535203460503466
 AAAAAAAAKGJBAAAA | Significant, northern claims woul                                                                                                                                                                        | Music                                              | rock                                               |            7.53 |           10180.98 |    0.8722350112959839
 AAAAAAAAKGKCAAAA | British studies provide much as ill terms. Necessa                                                                                                                                                       | Music                                              | rock                                               |            2.01 |             487.06 |  0.041727887158389654
 AAAAAAAAKGNAAAAA | Late, accurate strangers                                                                                                                                                                                 | Music                                              | rock                                               |            2.83 |            4158.75 |   0.35629255270388244
 AAAAAAAAKKMDAAAA | Unable,                                                                                                                                                                                                  | Music                                              | rock                                               |            1.14 |           11293.02 |    0.9675068045773366
 AAAAAAAAKLBBAAAA | Available, quiet parties fancy from time to time early, wide objects. Others shall                                                                                                                       | Music                                              | rock                                               |            0.31 |  8398.039999999999 |    0.7194852081296814
 AAAAAAAAKNBCAAAA | Jewish, inc rights could see more so southern limits. Always formal ways can fear for the shares; sources retaliate                                                                                      | Music                                              | rock                                               |            3.32 |  6737.599999999999 |    0.5772303464016059
 AAAAAAAALAIAAAAA | Foreign, good years will no at first. Away serious effects may clear. Inherent notes happen soon; urgently basic photographs giv                                                                         | Music                                              | rock                                               |            5.92 | 2354.4700000000003 |    0.2017144879025453
 AAAAAAAALAMCAAAA | Occasionally due dimensions come dramatic, grey details. Blue, small products may not smash on a categories. Hardly whole depths cannot reduce very st                                                   | Music                                              | rock                                               |            7.49 |             153.18 |  0.013123388812306755
 AAAAAAAALBBAAAAA | Rights must follow classical, open problems. Physically reluctant months raise powers. After                                                                                                             | Music                                              | rock                                               |             1.2 | 18789.489999999998 |    1.6097518139114089
 AAAAAAAALEBDAAAA | Real words learn capita                                                                                                                                                                                  | Music                                              | rock                                               |            0.43 |           11460.81 |    0.9818818757930107
 AAAAAAAALEEAAAAA | Principally dominant passengers might replace more in a schools. High positions ought to make nearer spanish, lucky facilities. Wild, sure cars used to get perh                                         | Music                                              | rock                                               |            3.93 | 3902.1499999999996 |   0.33430886312797226
 AAAAAAAALFDDAAAA | Fairly wet laws may survive to the eyes. Financial categories require significant circumstances. Ministers                                                                                               | Music                                              | rock                                               |            6.43 |           11286.79 |    0.9669730618413354
 AAAAAAAALGOAAAAA | Personal authorities reduce                                                                                                                                                                              | Music                                              | rock                                               |            0.78 |            6335.83 |     0.542809508673962
 AAAAAAAALIJDAAAA | Quickly public women play. Degrees may sell even immediate, new speeches. Other children might teach eastern r                                                                                           | Music                                              | rock                                               |            9.87 |            5606.21 |      0.48030078073797
 AAAAAAAALNLCAAAA | Hot universities might receive anxious, short                                                                                                                                                            | Music                                              | rock                                               |           26.85 |  6315.379999999999 |     0.541057496001213
 AAAAAAAALPACAAAA | Major, regional songs assume. Useful, still consequences co-operate very domestic shares; satisfied hands take narrow keys. Additional, s                                                                | Music                                              | rock                                               |            2.14 |            8651.19 |    0.7411733258854947
 AAAAAAAAMABDAAAA | Deliberately long years should not transform never most separate sports. Ancient sales gain generously now key reasons. Sales fulfil in a polls; ideas show once ita                                     | Music                                              | rock                                               |            3.46 |           12106.79 |    1.0372249147339554
 AAAAAAAAMCIDAAAA | Too human ways would not cry. Unions adopt personal, new sentences. Often pure books should take here to a states. Already different                                                                     | Music                                              | rock                                               |            2.96 |            1008.48 |   0.08639949829896276
 AAAAAAAAMDDCAAAA | Short-term, separate games escape. Patient, known stories enter actually. Employees date in particular. Drugs                                                                                            | Music                                              | rock                                               |            6.98 |            4182.21 |   0.35830244108054204
 AAAAAAAAMEECAAAA | Causal, british officials could buy never conservative products; senior, various letters could defeat. Grey, gothic diseases make as b                                                                   | Music                                              | rock                                               |            4.25 |  6467.580000000001 |    0.5540969252820142
 AAAAAAAAMFCDAAAA | Basic hou                                                                                                                                                                                                | Music                                              | rock                                               |            2.93 |            9504.56 |     0.814284086498879
 AAAAAAAAMFFAAAAA | Big positions prepare only video-taped c                                                                                                                                                                 | Music                                              | rock                                               |            1.36 |            6190.41 |    0.5303509422743952
 AAAAAAAAMFIDAAAA | Universities get open extensive, french bars. Other families prevent. Positive, married nations lie easily top levels. Competitive, necessary problems hear. Years will approach to a categ              | Music                                              | rock                                               |            6.07 | 3974.5600000000004 |   0.34051244443035605
 AAAAAAAAMFMAAAAA | Often extra forces take then to a recommendations; as selective women apply from a purposes. True, insufficient women pull                                                                               | Music                                              | rock                                               |            9.73 |           12051.53 |    1.0324906252329233
 AAAAAAAAMHHCAAAA | Separate, peculiar principles dodge fresh, great records. Letters expect. Sexual, used courts used to say high after a houses. Local earnings let behind bad rights. Close, relevant findings le         | Music                                              | rock                                               |            9.23 |            4952.16 |   0.42426636075697227
 AAAAAAAAMIACAAAA | Strange, busy rates used to need frequently relevant things; real, vocational borders should spawn more ancient specialists                                                                              | Music                                              | rock                                               |            2.61 |            7247.07 |     0.620878165295756
 AAAAAAAAMIGCAAAA | Tasks describe free, sexual memories. Ideas could find occasionally. Old locations might not seem in the vessels; books shall s                                                                          | Music                                              | rock                                               |            3.98 |            5043.32 |   0.43207631064683966
 AAAAAAAAMKNCAAAA | Well-known, magnetic products ought to go creatures. Scottish devices invest                                                                                                                             | Music                                              | rock                                               |            4.78 |            2158.17 |    0.1848968797039827
 AAAAAAAAMMIAAAAA | Legal spaces shall not ascertain small attacks. Ever far workers would look abroad authorities; fundamental relationships would identify                                                                 | Music                                              | rock                                               |            0.48 |            5804.24 |   0.49726660321153776
 AAAAAAAAMPEAAAAA | Factors                                                                                                                                                                                                  | Music                                              | rock                                               |            1.12 |            9505.46 |     0.814361192191078
 AAAAAAAAMPHAAAAA | Russian, wide organizations ought to win; unlike, new professionals may erect then from a systems. Other, suita                                                                                          | Music                                              | rock                                               |            0.14 |            5797.74 |    0.4967097287678767
 AAAAAAAANIEAAAAA | Whole buildings will materialise long behind a                                                                                                                                                           | Music                                              | rock                                               |            3.52 |            9065.12 |    0.7766359471877413
 AAAAAAAANJGDAAAA | Here systematic hundreds ought to cost in particular supplies. Av                                                                                                                                        | Music                                              | rock                                               |            6.55 |             348.48 |  0.029855324019536868
 AAAAAAAANKBEAAAA | Now intense rights could not change again. Changes try courts. Common, constant lives should adopt british, early things. Never                                                                          | Music                                              | rock                                               |            0.42 |            1911.06 |   0.16372622681581764
 AAAAAAAANKLAAAAA | Religious positions must make as more low communities. N                                                                                                                                                 | Music                                              | rock                                               |                 |            3910.36 |    0.3350122383868118
 AAAAAAAANKLDAAAA | Flat institutions build immediately fresh years. Soon different friends can arrive                                                                                                                       | Music                                              | rock                                               |           53.18 | 4005.3500000000004 |    0.3431503158334826
 AAAAAAAANMADAAAA | Formal objecti                                                                                                                                                                                           | Music                                              | rock                                               |            4.79 |              973.7 |   0.08341979166041968
 AAAAAAAANOFCAAAA | Applications will ignore just often smooth studies. Women put there established owners. European, fresh miners choose always more good sources. Only complex laws prepa                                  | Music                                              | rock                                               |            6.18 |             2174.6 |   0.18630448695157506
 AAAAAAAANOJBAAAA | Lea                                                                                                                                                                                                      | Music                                              | rock                                               |            9.55 | 2977.4900000000002 |   0.25509047496249665
 AAAAAAAANPCBAAAA | Then other faces must not get somewhere overseas economic mountains. Popular numbers ought to see as dramatic affairs. Conditions define besides. Elderly, following courses                             | Music                                              | rock                                               |            1.41 |            8637.91 |    0.7400355885605995
 AAAAAAAANPECAAAA | New families could not believe women; rich preparations find so                                                                                                                                          | Music                                              | rock                                               |            4.21 |            4677.53 |    0.4007379871473378
 AAAAAAAAOAEEAAAA | Strong eyes can play. Concerned forms ought to consult judicial, unfair songs. Chose                                                                                                                     | Music                                              | rock                                               |            8.47 |            1689.87 |   0.14477621786299003
 AAAAAAAAOBJBAAAA | Important, common                                                                                                                                                                                        | Music                                              | rock                                               |            1.97 |             691.13 |   0.05921117449960547
 AAAAAAAAOBPCAAAA | Cases could get. Just, deep incentives shall invoke. Especially swiss entries make always. Permanent, isolated charges might find both so confident time                                                 | Music                                              | rock                                               |            2.72 |            10638.2 |    0.9114064163930129
 AAAAAAAAOGEBAAAA | Further new places could derive. Int                                                                                                                                                                     | Music                                              | rock                                               |            0.36 |            1041.76 |   0.08925069545050714
 AAAAAAAAOLCBAAAA | Other sets tell anymore outcomes. Foreign, good interests should                                                                                                                                         | Music                                              | rock                                               |            0.66 |  7426.389999999999 |    0.6362410461014933
 AAAAAAAAOLDAAAAA | Encouraging surfaces report then only local elements. Groups come ar                                                                                                                                     | Music                                              | rock                                               |            2.55 |           13469.49 |    1.1539715000227033
 AAAAAAAAOLIBAAAA | Early issues woul                                                                                                                                                                                        | Music                                              | rock                                               |            1.71 |            8201.98 |    0.7026881614490387
 AAAAAAAAOLNDAAAA | Times play services. Leaders join yet old students. More main books get in a photographs; much general centres                                                                                           | Music                                              | rock                                               |           60.16 |             841.65 |   0.07210667315496788
 AAAAAAAAOMCDAAAA | Of course great teachers mean only efficient forms. Both alo                                                                                                                                             | Music                                              | rock                                               |            86.6 |             213.76 |   0.01831345862722739
 AAAAAAAAOMGCAAAA | Primary, easy requirements take psychiatric, warm words. Specific,                                                                                                                                       | Music                                              | rock                                               |            7.97 |            4907.59 |   0.42044791553328437
 AAAAAAAAOPCEAAAA | Likely recommendations make yesterday different, supreme changes. Public circumstances develop personally. Letters would think black, great levels. Forward prepar                                       | Music                                              | rock                                               |            6.93 | 14080.119999999999 |    1.2062859987200456
 AAAAAAAAOPOBAAAA | Earlier private police ought to go transactions. Japanese companies cannot trigger forward happy owners; en route old ideas position commercial                                                          | Music                                              | rock                                               |            0.44 |            1717.69 |   0.14715964048185917
 AAAAAAAAPAICAAAA | Bad, dramatic hands ought to create also in a supporters. Labou                                                                                                                                          | Music                                              | rock                                               |            3.18 |            9427.76 |    0.8077044007645457
 AAAAAAAAPALCAAAA | Interesting systems come then letters. Due, essential effects dry new, co                                                                                                                                | Music                                              | rock                                               |           13.23 |  5348.849999999999 |    0.4582519796886472
 AAAAAAAAPAPBAAAA | Secondly necessary sides know then good problems. Foods induce also with                                                                                                                                 | Music                                              | rock                                               |            4.38 | 2080.1000000000004 |   0.17820838927065727
 AAAAAAAAPCEBAAAA | Modern forces ride activ                                                                                                                                                                                 | Music                                              | rock                                               |            5.07 | 23527.339999999997 |    2.0156575958959206
 AAAAAAAAPDHDAAAA | United, internal magistrates would blame too coun                                                                                                                                                        | Music                                              | rock                                               |            9.15 |  7963.610000000001 |    0.6822662905051194
 AAAAAAAAPGPBAAAA | Small, slow services must not please better after a words; troubles w                                                                                                                                    | Music                                              | rock                                               |            6.42 |            8888.75 |    0.7615258017064347
 AAAAAAAAPJKDAAAA | Contacts may keep into the wings. Extensive nurses                                                                                                                                                       | Music                                              | rock                                               |            9.47 |             1396.5 |   0.11964233239578523
 AAAAAAAAPOIAAAAA | Silently long employers enter for a issues. Soon smart                                                                                                                                                   | Music                                              | rock                                               |            16.8 |            2423.59 |   0.20763620506344513
 AAAAAAAAPPLCAAAA | Ethnic recommendations shall rent now consistent boots. Countries                                                                                                                                        | Music                                              | rock                                               |            2.94 | 14677.870000000003 |    1.2574970292890257
 AAAAAAAACDLAAAAA | Young, public seconds move. Other merchants could find in a affairs.                                                                                                                                     | Music                                              |                                                    |                 |             4247.8 |    20.625905278547805
 AAAAAAAAGDDBAAAA | Common lips come customers. Central, sufficient terms cannot take so teachers.                                                                                                                           | Music                                              |                                                    |            9.73 |           10616.75 |     51.55141011017995
(2536 rows)

UPDATE time_statistics SET e_time = TRANSACTION_TIMESTAMP() WHERE template = '../query_postgresql/query98.tpl' AND stream = 7;
psql:/tmp/s1-basline/throughput/query_7.sql:884: NOTICE:  duration: 0.094 ms  plan:
Query Text: UPDATE time_statistics SET e_time = TRANSACTION_TIMESTAMP() WHERE template = '../query_postgresql/query98.tpl' AND stream = 7;
Update on time_statistics  (cost=0.00..16.72 rows=0 width=0) (actual time=0.093..0.093 rows=0 loops=1)
  ->  Seq Scan on time_statistics  (cost=0.00..16.72 rows=1 width=14) (actual time=0.071..0.078 rows=1 loops=1)
        Filter: ((template = '../query_postgresql/query98.tpl'::text) AND (stream = 7))
        Rows Removed by Filter: 595
UPDATE 1
LOAD 'auto_explain'; SET auto_explain.log_min_duration TO 0; SET auto_explain.log_analyze TO on; SET auto_explain.log_level TO notice; INSERT INTO time_statistics (template, s_time, stream, query, seed) VALUES ('query79.tpl', TRANSACTION_TIMESTAMP(), 7, 20, 1182383929);
LOAD
SET
SET
SET
psql:/tmp/s1-basline/throughput/query_7.sql:885: NOTICE:  duration: 0.009 ms  plan:
Query Text: INSERT INTO time_statistics (template, s_time, stream, query, seed) VALUES ('query79.tpl', TRANSACTION_TIMESTAMP(), 7, 20, 1182383929);
Insert on time_statistics  (cost=0.00..0.01 rows=0 width=0) (actual time=0.008..0.008 rows=0 loops=1)
  ->  Result  (cost=0.00..0.01 rows=1 width=64) (actual time=0.001..0.002 rows=1 loops=1)
INSERT 0 1
select 
  c_last_name,c_first_name,substr(s_city,1,30),ss_ticket_number,amt,profit
  from
   (select ss_ticket_number
          ,ss_customer_sk
          ,store.s_city
          ,sum(ss_coupon_amt) amt
          ,sum(ss_net_profit) profit
    from store_sales,date_dim,store,household_demographics
    where store_sales.ss_sold_date_sk = date_dim.d_date_sk
    and store_sales.ss_store_sk = store.s_store_sk  
    and store_sales.ss_hdemo_sk = household_demographics.hd_demo_sk
    and (household_demographics.hd_dep_count = 9 or household_demographics.hd_vehicle_count > 3)
    and date_dim.d_dow = 1
    and date_dim.d_year in (2000,2000+1,2000+2) 
    and store.s_number_employees between 200 and 295
    group by ss_ticket_number,ss_customer_sk,ss_addr_sk,store.s_city) ms,customer
    where ss_customer_sk = c_customer_sk
 order by c_last_name,c_first_name,substr(s_city,1,30), profit
limit 100;
psql:/tmp/s1-basline/throughput/query_7.sql:905: NOTICE:  duration: 191.575 ms  plan:
Query Text: select 
  c_last_name,c_first_name,substr(s_city,1,30),ss_ticket_number,amt,profit
  from
   (select ss_ticket_number
          ,ss_customer_sk
          ,store.s_city
          ,sum(ss_coupon_amt) amt
          ,sum(ss_net_profit) profit
    from store_sales,date_dim,store,household_demographics
    where store_sales.ss_sold_date_sk = date_dim.d_date_sk
    and store_sales.ss_store_sk = store.s_store_sk  
    and store_sales.ss_hdemo_sk = household_demographics.hd_demo_sk
    and (household_demographics.hd_dep_count = 9 or household_demographics.hd_vehicle_count > 3)
    and date_dim.d_dow = 1
    and date_dim.d_year in (2000,2000+1,2000+2) 
    and store.s_number_employees between 200 and 295
    group by ss_ticket_number,ss_customer_sk,ss_addr_sk,store.s_city) ms,customer
    where ss_customer_sk = c_customer_sk
 order by c_last_name,c_first_name,substr(s_city,1,30), profit
limit 100;
Limit  (cost=92522.09..92522.34 rows=100 width=108) (actual time=191.481..191.495 rows=100 loops=1)
  ->  Sort  (cost=92522.09..92525.42 rows=1332 width=108) (actual time=191.480..191.487 rows=100 loops=1)
        Sort Key: customer.c_last_name, customer.c_first_name, (substr((store.s_city)::text, 1, 30)), (sum(store_sales.ss_net_profit))
        Sort Method: top-N heapsort  Memory: 49kB
        ->  Nested Loop  (cost=90520.28..92471.18 rows=1332 width=108) (actual time=163.478..188.879 rows=5403 loops=1)
              ->  GroupAggregate  (cost=90519.98..90556.61 rows=1332 width=47) (actual time=163.464..177.422 rows=5730 loops=1)
                    Group Key: store_sales.ss_ticket_number, store_sales.ss_customer_sk, store_sales.ss_addr_sk, store.s_city
                    ->  Sort  (cost=90519.98..90523.31 rows=1332 width=47) (actual time=163.453..165.795 rows=57772 loops=1)
                          Sort Key: store_sales.ss_ticket_number, store_sales.ss_customer_sk, store_sales.ss_addr_sk, store.s_city
                          Sort Method: quicksort  Memory: 6643kB
                          ->  Hash Join  (cost=192.26..90450.86 rows=1332 width=47) (actual time=5.419..144.868 rows=57772 loops=1)
                                Hash Cond: (store_sales.ss_store_sk = store.s_store_sk)
                                ->  Hash Join  (cost=190.93..90444.62 rows=1397 width=48) (actual time=5.405..136.161 rows=58482 loops=1)
                                      Hash Cond: (store_sales.ss_hdemo_sk = household_demographics.hd_demo_sk)
                                      ->  Nested Loop  (cost=0.43..90238.73 rows=5860 width=56) (actual time=4.504..113.933 rows=235416 loops=1)
                                            ->  Seq Scan on date_dim  (cost=0.00..2592.05 rows=155 width=8) (actual time=4.494..9.350 rows=157 loops=1)
                                                  Filter: ((d_dow = 1) AND (d_year = ANY ('{2000,2001,2002}'::integer[])))
                                                  Rows Removed by Filter: 72892
                                            ->  Index Scan using i_ss_sold_date_sk on store_sales  (cost=0.43..550.31 rows=1515 width=64) (actual time=0.006..0.368 rows=1499 loops=157)
                                                  Index Cond: (ss_sold_date_sk = date_dim.d_date_sk)
                                      ->  Hash  (cost=168.00..168.00 rows=1800 width=8) (actual time=0.898..0.898 rows=1800 loops=1)
                                            Buckets: 2048  Batches: 1  Memory Usage: 87kB
                                            ->  Seq Scan on household_demographics  (cost=0.00..168.00 rows=1800 width=8) (actual time=0.101..0.714 rows=1800 loops=1)
                                                  Filter: ((hd_dep_count = 9) OR (hd_vehicle_count > 3))
                                                  Rows Removed by Filter: 5400
                                ->  Hash  (cost=1.18..1.18 rows=12 width=15) (actual time=0.010..0.011 rows=12 loops=1)
                                      Buckets: 1024  Batches: 1  Memory Usage: 9kB
                                      ->  Seq Scan on store  (cost=0.00..1.18 rows=12 width=15) (actual time=0.004..0.008 rows=12 loops=1)
                                            Filter: ((s_number_employees >= 200) AND (s_number_employees <= 295))
              ->  Index Scan using pk_customer on customer  (cost=0.29..1.42 rows=1 width=60) (actual time=0.002..0.002 rows=1 loops=5730)
                    Index Cond: (c_customer_sk = store_sales.ss_customer_sk)
          c_last_name           |     c_first_name     |  substr  | ss_ticket_number |        amt         |       profit        
--------------------------------+----------------------+----------+------------------+--------------------+---------------------
 Aaron                          | Michael              | Fairview |            45377 |            1746.48 | -5541.4800000000005
 Abbott                         | Bonnie               | Fairview |           177748 |            3645.99 |            -8588.26
 Abbott                         | Lucille              | Fairview |           217305 |            4018.89 |            -9692.62
 Abney                          | Edison               | Fairview |           178641 |            1702.33 | -21205.620000000003
 Abrams                         | Peter                | Fairview |           177981 |             4969.2 |            -8215.57
 Abrams                         | Tina                 | Midway   |            59468 |              52.77 | -11555.380000000001
 Acevedo                        | Michelle             | Midway   |           187381 |            1488.31 |             -1069.1
 Acevedo                        | Paula                | Midway   |           102582 | 1576.0299999999997 |  -7211.070000000001
 Acevedo                        |                      | Midway   |              166 |             298.07 |            -6271.92
 Acker                          | Betty                | Fairview |            43860 |             633.22 |            -6921.69
 Acker                          | Samuel               | Midway   |            95534 |            4221.95 |           -16646.33
 Acker                          | Sanjuanita           | Fairview |           199570 |            4812.93 | -275.72000000000025
 Acosta                         | Dennis               | Midway   |           111038 |                  0 |            -2933.16
 Acosta                         | George               | Midway   |            21987 |             7490.8 | -21175.559999999998
 Acosta                         | Jennifer             | Midway   |           142199 |            2018.01 | -1937.9600000000003
 Acosta                         | Lourdes              | Midway   |            38479 |            6096.89 |           -15341.11
 Acosta                         | Mark                 | Fairview |           142755 |            3248.56 |           -13809.43
 Adam                           | Diane                | Fairview |           192444 |            1425.83 |  -9143.480000000001
 Adam                           | Ida                  | Midway   |            86412 |                 95 |            -4703.35
 Adams                          | Barbara              | Midway   |           141953 |            4109.98 |           -16653.82
 Adams                          | Barbara              | Midway   |           170891 |             973.28 |  -8756.839999999998
 Adams                          | Christie             | Midway   |           173332 |            2610.56 | -18338.879999999997
 Adams                          | David                | Fairview |           101911 |               58.3 | -3903.4500000000007
 Adams                          | Erna                 | Midway   |            11186 |            4491.89 |  -8267.749999999998
 Adams                          | Felicia              | Midway   |            31224 |                  0 |           -13813.38
 Adams                          | Harriet              | Fairview |           204543 | 470.69000000000005 |  -9299.830000000002
 Adams                          | Jacob                | Midway   |           239690 | 272.33000000000004 | -13489.880000000001
 Adams                          | James                | Midway   |           185162 |            4248.47 |            -5502.69
 Adams                          | Jose                 | Midway   |             2824 |            3978.25 |            -9844.54
 Adams                          | Kati                 | Fairview |           190462 |             2093.4 |            -7146.06
 Adams                          | Lucy                 | Fairview |            88493 |            3137.35 |           -10398.59
 Adams                          | Nicholas             | Midway   |            24462 |            1286.88 |            -3773.47
 Adams                          | Samuel               | Fairview |           136540 |              50.73 |  -266.6400000000001
 Adams                          | Sharon               | Midway   |           200030 |             366.11 |  -3652.670000000001
 Adams                          | Warren               | Midway   |           117253 |             393.22 |           -31491.78
 Adams                          | Wesley               | Midway   |            66209 |             6105.9 | -15411.380000000001
 Adams                          |                      | Midway   |            48683 |             486.66 |   2146.299999999998
 Adkins                         | Anthony              | Midway   |           107776 |                  0 |           -11330.24
 Adkins                         | Darryl               | Midway   |            33498 |  661.9200000000001 |           -17658.97
 Adkins                         | Emily                | Fairview |           126187 |             392.13 |             -4993.5
 Adkins                         | John                 | Midway   |           181740 |             660.96 |           -12820.56
 Adkins                         | Patrica              | Midway   |           133182 |             698.79 | -18305.129999999997
 Adler                          | Edwin                | Midway   |            39997 |              708.7 | -18741.379999999997
 Agee                           | Florine              | Midway   |           221186 | 1421.9499999999998 |   256.5999999999999
 Aguilar                        | John                 | Fairview |            87754 |            1144.88 |  -5852.770000000001
 Aguilera                       | Raymond              | Midway   |           165409 |             432.89 |  -5692.250000000001
 Ahmed                          | Paul                 | Fairview |           201120 |            1921.34 |            -2977.74
 Ahrens                         | Fatima               | Fairview |           214940 |             218.95 |            -7436.34
 Akers                          | Belinda              | Fairview |           239589 |            1574.92 |  -4789.919999999999
 Akins                          | Chanda               | Midway   |           208294 |              36.05 | -3117.5800000000013
 Akins                          | Linda                | Midway   |            10420 |            6199.44 | -11656.489999999998
 Akins                          | Ramiro               | Midway   |           239723 |                  0 | -10068.810000000003
 Akins                          | Robert               | Fairview |            84991 |            4781.76 | -11370.189999999999
 Alba                           | Shenna               | Fairview |            19927 |              49.72 |            -4545.96
 Albright                       | Nicholas             | Midway   |           233673 |             3154.2 |            -7568.69
 Albritton                      | Jerry                | Midway   |            47893 |            1430.25 |            -4142.46
 Albritton                      | Michael              | Midway   |            42527 |             779.57 |            -7012.54
 Alexander                      | Agustin              | Midway   |            26885 |  5269.599999999999 |  -7177.429999999999
 Alexander                      | Alberta              | Midway   |           224570 |             234.91 |           -11927.53
 Alexander                      | Eileen               | Midway   |           103116 |            5039.84 | -7020.5599999999995
 Alexander                      | James                | Fairview |           172923 |            1449.78 |           -14521.39
 Alexander                      | Winfred              | Midway   |           184755 |            3712.21 |           -11036.23
 Alfonso                        | Jimmy                | Fairview |            94341 |  914.2900000000001 |            -2761.68
 Alford                         | Louis                | Midway   |            11560 |                  0 |            -3080.21
 Ali                            | Martin               | Midway   |            64191 |             479.07 | -11004.569999999998
 Allan                          | Brock                | Fairview |           224085 | 271.41999999999996 |            -9387.19
 Allen                          | Abel                 | Midway   |           203869 |            4598.35 | -1094.8300000000004
 Allen                          | Andrew               | Midway   |           113158 |            7332.12 |            -5166.41
 Allen                          | Angela               | Midway   |           157280 |                  0 |  -4533.719999999999
 Allen                          | Anthony              | Midway   |            77070 |             450.43 |  -7595.899999999999
 Allen                          | David                | Midway   |           227059 |              748.3 |  -6735.589999999999
 Allen                          | Elaine               | Midway   |            40302 |             462.56 |  -5625.799999999999
 Allen                          | Glenn                | Midway   |           237923 |                  0 |            -4147.49
 Allen                          | Gregory              | Midway   |           174168 |            5240.16 |  -417.4600000000005
 Allen                          | Helen                | Midway   |           151763 |            1791.98 |           -15779.79
 Allen                          | Lisa                 | Midway   |            44667 |            2258.25 | -2949.4099999999994
 Allen                          | Patsy                | Midway   |            81719 |               1850 | -15471.599999999999
 Allen                          | Salvador             | Midway   |             4297 |           10255.08 | -13765.289999999999
 Allen                          | Steven               | Midway   |           221271 |            1089.31 | -16362.899999999998
 Allen                          | Thaddeus             | Midway   |           173401 |  7671.469999999999 |  -9530.060000000001
 Allen                          | William              | Midway   |           149857 | 434.42999999999995 | -27099.859999999997
 Allen                          |                      | Fairview |           103863 | 1572.5000000000002 | -14496.279999999999
 Allison                        | Leroy                | Midway   |           151236 |             1064.3 |            -5076.18
 Allison                        | Theresa              | Fairview |           214414 |                  0 |            -10000.7
 Almanza                        | Harold               | Midway   |           238483 |            6059.63 |  -9756.109999999999
 Almeida                        | Craig                | Midway   |            23491 | 3113.3300000000004 |           -12041.21
 Alonzo                         | Thelma               | Midway   |           195778 |             465.82 |  -5553.389999999999
 Alston                         | Anthony              | Midway   |           208998 | 3758.8900000000003 |   2521.720000000001
 Alston                         | Catherine            | Fairview |           110165 |                  0 |             2244.96
 Alston                         | Linda                | Midway   |              744 |            3241.21 |             1060.37
 Alvarado                       | Dion                 | Midway   |            38051 |                    |            -2554.04
 Alvarado                       | Dion                 | Midway   |            38051 |                  0 |            -1989.36
 Alvarez                        | Ricky                | Midway   |           104404 |            1873.76 |  -7279.579999999999
 Alvarez                        |                      | Fairview |            63666 |            1803.56 | -6604.4000000000015
 Alves                          | Michelle             | Midway   |            82075 |            4065.75 |           -13977.57
 Alves                          |                      | Midway   |           108719 |            8940.67 |              -30010
 Amador                         | George               | Fairview |           100476 |            6817.69 |           -21017.64
 Amador                         | Hugh                 | Fairview |           133524 |                  0 |            -3859.54
 Amaral                         | Cynthia              | Midway   |           193902 |             549.39 | -10858.469999999998
 Amaya                          | Charles              | Midway   |           167759 |             582.19 |            -6248.33
(100 rows)

UPDATE time_statistics SET e_time = TRANSACTION_TIMESTAMP() WHERE template = 'query79.tpl' AND stream = 7;
psql:/tmp/s1-basline/throughput/query_7.sql:907: NOTICE:  duration: 0.091 ms  plan:
Query Text: UPDATE time_statistics SET e_time = TRANSACTION_TIMESTAMP() WHERE template = 'query79.tpl' AND stream = 7;
Update on time_statistics  (cost=0.00..16.72 rows=0 width=0) (actual time=0.091..0.091 rows=0 loops=1)
  ->  Seq Scan on time_statistics  (cost=0.00..16.72 rows=1 width=14) (actual time=0.069..0.075 rows=1 loops=1)
        Filter: ((template = 'query79.tpl'::text) AND (stream = 7))
        Rows Removed by Filter: 596
UPDATE 1
LOAD 'auto_explain'; SET auto_explain.log_min_duration TO 0; SET auto_explain.log_analyze TO on; SET auto_explain.log_level TO notice; INSERT INTO time_statistics (template, s_time, stream, query, seed) VALUES ('query69.tpl', TRANSACTION_TIMESTAMP(), 7, 21, 727457349);
LOAD
SET
SET
SET
psql:/tmp/s1-basline/throughput/query_7.sql:908: NOTICE:  duration: 0.008 ms  plan:
Query Text: INSERT INTO time_statistics (template, s_time, stream, query, seed) VALUES ('query69.tpl', TRANSACTION_TIMESTAMP(), 7, 21, 727457349);
Insert on time_statistics  (cost=0.00..0.01 rows=0 width=0) (actual time=0.008..0.008 rows=0 loops=1)
  ->  Result  (cost=0.00..0.01 rows=1 width=64) (actual time=0.001..0.001 rows=1 loops=1)
INSERT 0 1
select  
  cd_gender,
  cd_marital_status,
  cd_education_status,
  count(*) cnt1,
  cd_purchase_estimate,
  count(*) cnt2,
  cd_credit_rating,
  count(*) cnt3
 from
  customer c,customer_address ca,customer_demographics
 where
  c.c_current_addr_sk = ca.ca_address_sk and
  ca_state in ('OK','TN','MI') and
  cd_demo_sk = c.c_current_cdemo_sk and 
  exists (select *
          from store_sales,date_dim
          where c.c_customer_sk = ss_customer_sk and
                ss_sold_date_sk = d_date_sk and
                d_year = 2003 and
                d_moy between 2 and 2+2) and
   (not exists (select *
            from web_sales,date_dim
            where c.c_customer_sk = ws_bill_customer_sk and
                  ws_sold_date_sk = d_date_sk and
                  d_year = 2003 and
                  d_moy between 2 and 2+2) and
    not exists (select * 
            from catalog_sales,date_dim
            where c.c_customer_sk = cs_ship_customer_sk and
                  cs_sold_date_sk = d_date_sk and
                  d_year = 2003 and
                  d_moy between 2 and 2+2))
 group by cd_gender,
          cd_marital_status,
          cd_education_status,
          cd_purchase_estimate,
          cd_credit_rating
 order by cd_gender,
          cd_marital_status,
          cd_education_status,
          cd_purchase_estimate,
          cd_credit_rating
 limit 100;
psql:/tmp/s1-basline/throughput/query_7.sql:952: NOTICE:  duration: 9.032 ms  plan:
Query Text: select  
  cd_gender,
  cd_marital_status,
  cd_education_status,
  count(*) cnt1,
  cd_purchase_estimate,
  count(*) cnt2,
  cd_credit_rating,
  count(*) cnt3
 from
  customer c,customer_address ca,customer_demographics
 where
  c.c_current_addr_sk = ca.ca_address_sk and
  ca_state in ('OK','TN','MI') and
  cd_demo_sk = c.c_current_cdemo_sk and 
  exists (select *
          from store_sales,date_dim
          where c.c_customer_sk = ss_customer_sk and
                ss_sold_date_sk = d_date_sk and
                d_year = 2003 and
                d_moy between 2 and 2+2) and
   (not exists (select *
            from web_sales,date_dim
            where c.c_customer_sk = ws_bill_customer_sk and
                  ws_sold_date_sk = d_date_sk and
                  d_year = 2003 and
                  d_moy between 2 and 2+2) and
    not exists (select * 
            from catalog_sales,date_dim
            where c.c_customer_sk = cs_ship_customer_sk and
                  cs_sold_date_sk = d_date_sk and
                  d_year = 2003 and
                  d_moy between 2 and 2+2))
 group by cd_gender,
          cd_marital_status,
          cd_education_status,
          cd_purchase_estimate,
          cd_credit_rating
 order by cd_gender,
          cd_marital_status,
          cd_education_status,
          cd_purchase_estimate,
          cd_credit_rating
 limit 100;
Limit  (cost=121333.75..121336.50 rows=100 width=64) (actual time=9.028..9.030 rows=0 loops=1)
  ->  GroupAggregate  (cost=121333.75..121340.13 rows=232 width=64) (actual time=9.027..9.030 rows=0 loops=1)
        Group Key: customer_demographics.cd_gender, customer_demographics.cd_marital_status, customer_demographics.cd_education_status, customer_demographics.cd_purchase_estimate, customer_demographics.cd_credit_rating
        ->  Sort  (cost=121333.75..121334.33 rows=232 width=40) (actual time=9.027..9.029 rows=0 loops=1)
              Sort Key: customer_demographics.cd_gender, customer_demographics.cd_marital_status, customer_demographics.cd_education_status, customer_demographics.cd_purchase_estimate, customer_demographics.cd_credit_rating
              Sort Method: quicksort  Memory: 25kB
              ->  Hash Anti Join  (cost=118798.96..121324.63 rows=232 width=40) (actual time=9.011..9.013 rows=0 loops=1)
                    Hash Cond: (c.c_customer_sk = catalog_sales.cs_ship_customer_sk)
                    ->  Nested Loop  (cost=111172.99..113695.68 rows=236 width=48) (actual time=9.011..9.013 rows=0 loops=1)
                          ->  Hash Anti Join  (cost=111172.57..113515.76 rows=244 width=16) (actual time=9.011..9.012 rows=0 loops=1)
                                Hash Cond: (c.c_customer_sk = web_sales.ws_bill_customer_sk)
                                ->  Nested Loop  (cost=83965.04..86305.12 rows=246 width=16) (actual time=9.010..9.011 rows=0 loops=1)
                                      ->  Nested Loop  (cost=83964.75..85260.37 rows=3212 width=24) (actual time=9.010..9.011 rows=0 loops=1)
                                            ->  HashAggregate  (cost=83964.45..83998.10 rows=3365 width=8) (actual time=9.010..9.011 rows=0 loops=1)
                                                  Group Key: store_sales.ss_customer_sk
                                                  Batches: 1  Memory Usage: 121kB
                                                  ->  Nested Loop  (cost=0.43..83956.04 rows=3365 width=8) (actual time=9.001..9.002 rows=0 loops=1)
                                                        ->  Seq Scan on date_dim  (cost=0.00..2683.36 rows=89 width=8) (actual time=4.418..8.912 rows=89 loops=1)
                                                              Filter: ((d_moy >= 2) AND (d_moy <= 4) AND (d_year = 2003))
                                                              Rows Removed by Filter: 72960
                                                        ->  Index Scan using i_ss_sold_date_sk on store_sales  (cost=0.43..898.03 rows=1515 width=16) (actual time=0.001..0.001 rows=0 loops=89)
                                                              Index Cond: (ss_sold_date_sk = date_dim.d_date_sk)
                                            ->  Index Scan using pk_customer on customer c  (cost=0.29..0.38 rows=1 width=24) (never executed)
                                                  Index Cond: (c_customer_sk = store_sales.ss_customer_sk)
                                      ->  Index Scan using pk_customer_address on customer_address ca  (cost=0.29..0.33 rows=1 width=8) (never executed)
                                            Index Cond: (ca_address_sk = c.c_current_addr_sk)
                                            Filter: (ca_state = ANY ('{OK,TN,MI}'::bpchar[]))
                                ->  Hash  (cost=27196.53..27196.53 rows=880 width=8) (never executed)
                                      ->  Nested Loop  (cost=0.42..27196.53 rows=880 width=8) (never executed)
                                            ->  Seq Scan on date_dim date_dim_1  (cost=0.00..2683.36 rows=89 width=8) (never executed)
                                                  Filter: ((d_moy >= 2) AND (d_moy <= 4) AND (d_year = 2003))
                                            ->  Index Scan using i_ws_sold_date_sk on web_sales  (cost=0.42..271.46 rows=397 width=16) (never executed)
                                                  Index Cond: (ws_sold_date_sk = date_dim_1.d_date_sk)
                          ->  Index Scan using pk_customer_demographics on customer_demographics  (cost=0.43..0.74 rows=1 width=48) (never executed)
                                Index Cond: (cd_demo_sk = c.c_current_cdemo_sk)
                    ->  Hash  (cost=7604.10..7604.10 rows=1750 width=8) (never executed)
                          ->  Nested Loop  (cost=0.43..7604.10 rows=1750 width=8) (never executed)
                                ->  Seq Scan on date_dim date_dim_2  (cost=0.00..2683.36 rows=89 width=8) (never executed)
                                      Filter: ((d_moy >= 2) AND (d_moy <= 4) AND (d_year = 2003))
                                ->  Index Scan using i_cs_sold_date_sk on catalog_sales  (cost=0.43..47.44 rows=785 width=16) (never executed)
                                      Index Cond: (cs_sold_date_sk = date_dim_2.d_date_sk)
 cd_gender | cd_marital_status | cd_education_status | cnt1 | cd_purchase_estimate | cnt2 | cd_credit_rating | cnt3 
-----------+-------------------+---------------------+------+----------------------+------+------------------+------
(0 rows)

UPDATE time_statistics SET e_time = TRANSACTION_TIMESTAMP() WHERE template = 'query69.tpl' AND stream = 7;
psql:/tmp/s1-basline/throughput/query_7.sql:954: NOTICE:  duration: 0.083 ms  plan:
Query Text: UPDATE time_statistics SET e_time = TRANSACTION_TIMESTAMP() WHERE template = 'query69.tpl' AND stream = 7;
Update on time_statistics  (cost=0.00..16.72 rows=0 width=0) (actual time=0.083..0.083 rows=0 loops=1)
  ->  Seq Scan on time_statistics  (cost=0.00..16.72 rows=1 width=14) (actual time=0.065..0.072 rows=1 loops=1)
        Filter: ((template = 'query69.tpl'::text) AND (stream = 7))
        Rows Removed by Filter: 597
UPDATE 1
LOAD 'auto_explain'; SET auto_explain.log_min_duration TO 0; SET auto_explain.log_analyze TO on; SET auto_explain.log_level TO notice; INSERT INTO time_statistics (template, s_time, stream, query, seed) VALUES ('query72.tpl', TRANSACTION_TIMESTAMP(), 7, 22, 1233277809);
LOAD
SET
SET
SET
psql:/tmp/s1-basline/throughput/query_7.sql:955: NOTICE:  duration: 0.009 ms  plan:
Query Text: INSERT INTO time_statistics (template, s_time, stream, query, seed) VALUES ('query72.tpl', TRANSACTION_TIMESTAMP(), 7, 22, 1233277809);
Insert on time_statistics  (cost=0.00..0.01 rows=0 width=0) (actual time=0.008..0.008 rows=0 loops=1)
  ->  Result  (cost=0.00..0.01 rows=1 width=64) (actual time=0.001..0.001 rows=1 loops=1)
INSERT 0 1
select  i_item_desc
      ,w_warehouse_name
      ,d1.d_week_seq
      ,sum(case when p_promo_sk is null then 1 else 0 end) no_promo
      ,sum(case when p_promo_sk is not null then 1 else 0 end) promo
      ,count(*) total_cnt
from catalog_sales
join inventory on (cs_item_sk = inv_item_sk)
join warehouse on (w_warehouse_sk=inv_warehouse_sk)
join item on (i_item_sk = cs_item_sk)
join customer_demographics on (cs_bill_cdemo_sk = cd_demo_sk)
join household_demographics on (cs_bill_hdemo_sk = hd_demo_sk)
join date_dim d1 on (cs_sold_date_sk = d1.d_date_sk)
join date_dim d2 on (inv_date_sk = d2.d_date_sk)
join date_dim d3 on (cs_ship_date_sk = d3.d_date_sk)
left outer join promotion on (cs_promo_sk=p_promo_sk)
left outer join catalog_returns on (cr_item_sk = cs_item_sk and cr_order_number = cs_order_number)
where d1.d_week_seq = d2.d_week_seq
  and inv_quantity_on_hand < cs_quantity 
  and d3.d_date > d1.d_date + 5
  and hd_buy_potential = '501-1000'
  and d1.d_year = 2002
  and cd_marital_status = 'D'
group by i_item_desc,w_warehouse_name,d1.d_week_seq
order by total_cnt desc, i_item_desc, w_warehouse_name, d_week_seq
limit 100;
psql:/tmp/s1-basline/throughput/query_7.sql:981: NOTICE:  duration: 494.531 ms  plan:
Query Text: select  i_item_desc
      ,w_warehouse_name
      ,d1.d_week_seq
      ,sum(case when p_promo_sk is null then 1 else 0 end) no_promo
      ,sum(case when p_promo_sk is not null then 1 else 0 end) promo
      ,count(*) total_cnt
from catalog_sales
join inventory on (cs_item_sk = inv_item_sk)
join warehouse on (w_warehouse_sk=inv_warehouse_sk)
join item on (i_item_sk = cs_item_sk)
join customer_demographics on (cs_bill_cdemo_sk = cd_demo_sk)
join household_demographics on (cs_bill_hdemo_sk = hd_demo_sk)
join date_dim d1 on (cs_sold_date_sk = d1.d_date_sk)
join date_dim d2 on (inv_date_sk = d2.d_date_sk)
join date_dim d3 on (cs_ship_date_sk = d3.d_date_sk)
left outer join promotion on (cs_promo_sk=p_promo_sk)
left outer join catalog_returns on (cr_item_sk = cs_item_sk and cr_order_number = cs_order_number)
where d1.d_week_seq = d2.d_week_seq
  and inv_quantity_on_hand < cs_quantity 
  and d3.d_date > d1.d_date + 5
  and hd_buy_potential = '501-1000'
  and d1.d_year = 2002
  and cd_marital_status = 'D'
group by i_item_desc,w_warehouse_name,d1.d_week_seq
order by total_cnt desc, i_item_desc, w_warehouse_name, d_week_seq
limit 100;
Limit  (cost=29871.62..29871.63 rows=2 width=144) (actual time=494.452..494.467 rows=100 loops=1)
  ->  Sort  (cost=29871.62..29871.63 rows=2 width=144) (actual time=494.451..494.459 rows=100 loops=1)
        Sort Key: (count(*)) DESC, item.i_item_desc, warehouse.w_warehouse_name, d1.d_week_seq
        Sort Method: top-N heapsort  Memory: 49kB
        ->  GroupAggregate  (cost=29871.56..29871.61 rows=2 width=144) (actual time=492.328..493.604 rows=2549 loops=1)
              Group Key: item.i_item_desc, warehouse.w_warehouse_name, d1.d_week_seq
              ->  Sort  (cost=29871.56..29871.56 rows=2 width=128) (actual time=492.320..492.431 rows=2571 loops=1)
                    Sort Key: item.i_item_desc, warehouse.w_warehouse_name, d1.d_week_seq
                    Sort Method: quicksort  Memory: 527kB
                    ->  Nested Loop Left Join  (cost=3215.60..29871.55 rows=2 width=128) (actual time=24.507..488.172 rows=2571 loops=1)
                          Join Filter: (catalog_sales.cs_promo_sk = promotion.p_promo_sk)
                          Rows Removed by Join Filter: 394494
                          ->  Nested Loop  (cost=3215.60..29850.80 rows=2 width=128) (actual time=24.403..452.702 rows=2571 loops=1)
                                Join Filter: (d3.d_date > (d1.d_date + 5))
                                Rows Removed by Join Filter: 115
                                ->  Nested Loop  (cost=3215.30..29849.17 rows=5 width=140) (actual time=24.386..448.537 rows=2687 loops=1)
                                      ->  Nested Loop  (cost=3215.02..29847.64 rows=5 width=54) (actual time=24.373..442.133 rows=2687 loops=1)
                                            Join Filter: (inventory.inv_warehouse_sk = warehouse.w_warehouse_sk)
                                            Rows Removed by Join Filter: 5381
                                            ->  Nested Loop  (cost=3215.02..29846.25 rows=5 width=48) (actual time=24.364..440.794 rows=2687 loops=1)
                                                  ->  Hash Join  (cost=3214.46..25337.40 rows=1661 width=44) (actual time=24.181..255.921 rows=64904 loops=1)
                                                        Hash Cond: (d1.d_week_seq = d2.d_week_seq)
                                                        ->  Nested Loop  (cost=165.86..22269.53 rows=237 width=36) (actual time=5.021..228.397 rows=9272 loops=1)
                                                              ->  Hash Join  (cost=165.43..21715.73 rows=1184 width=44) (actual time=4.956..135.829 rows=47328 loops=1)
                                                                    Hash Cond: (catalog_sales.cs_bill_hdemo_sk = household_demographics.hd_demo_sk)
                                                                    ->  Nested Loop  (cost=0.43..21531.98 rows=7137 width=52) (actual time=4.096..109.350 rows=284026 loops=1)
                                                                          ->  Seq Scan on date_dim d1  (cost=0.00..2318.11 rows=363 width=16) (actual time=4.071..8.576 rows=365 loops=1)
                                                                                Filter: (d_year = 2002)
                                                                                Rows Removed by Filter: 72684
                                                                          ->  Index Scan using i_cs_sold_date_sk on catalog_sales  (cost=0.43..45.08 rows=785 width=60) (actual time=0.004..0.134 rows=778 loops=365)
                                                                                Index Cond: (cs_sold_date_sk = d1.d_date_sk)
                                                                    ->  Hash  (cost=150.00..150.00 rows=1200 width=8) (actual time=0.829..0.830 rows=1200 loops=1)
                                                                          Buckets: 2048  Batches: 1  Memory Usage: 63kB
                                                                          ->  Seq Scan on household_demographics  (cost=0.00..150.00 rows=1200 width=8) (actual time=0.006..0.684 rows=1200 loops=1)
                                                                                Filter: (hd_buy_potential = '501-1000'::bpchar)
                                                                                Rows Removed by Filter: 6000
                                                              ->  Index Scan using pk_customer_demographics on customer_demographics  (cost=0.43..0.47 rows=1 width=8) (actual time=0.002..0.002 rows=0 loops=47328)
                                                                    Index Cond: (cd_demo_sk = catalog_sales.cs_bill_cdemo_sk)
                                                                    Filter: (cd_marital_status = 'D'::bpchar)
                                                                    Rows Removed by Filter: 1
                                                        ->  Hash  (cost=2135.49..2135.49 rows=73049 width=12) (actual time=18.626..18.626 rows=73049 loops=1)
                                                              Buckets: 131072  Batches: 1  Memory Usage: 4163kB
                                                              ->  Seq Scan on date_dim d2  (cost=0.00..2135.49 rows=73049 width=12) (actual time=0.002..8.522 rows=73049 loops=1)
                                                  ->  Index Scan using pk_inventory on inventory  (cost=0.56..2.70 rows=1 width=28) (actual time=0.003..0.003 rows=0 loops=64904)
                                                        Index Cond: ((inv_date_sk = d2.d_date_sk) AND (inv_item_sk = catalog_sales.cs_item_sk))
                                                        Filter: (inv_quantity_on_hand < catalog_sales.cs_quantity)
                                                        Rows Removed by Filter: 1
                                            ->  Materialize  (cost=0.00..1.07 rows=5 width=22) (actual time=0.000..0.000 rows=3 loops=2687)
                                                  ->  Seq Scan on warehouse  (cost=0.00..1.05 rows=5 width=22) (actual time=0.004..0.005 rows=5 loops=1)
                                      ->  Index Scan using pk_item on item  (cost=0.29..0.31 rows=1 width=110) (actual time=0.002..0.002 rows=1 loops=2687)
                                            Index Cond: (i_item_sk = catalog_sales.cs_item_sk)
                                ->  Index Scan using pk_date_dim on date_dim d3  (cost=0.29..0.31 rows=1 width=12) (actual time=0.001..0.001 rows=1 loops=2687)
                                      Index Cond: (d_date_sk = catalog_sales.cs_ship_date_sk)
                          ->  Materialize  (cost=0.00..12.50 rows=300 width=8) (actual time=0.000..0.005 rows=154 loops=2571)
                                ->  Seq Scan on promotion  (cost=0.00..11.00 rows=300 width=8) (actual time=0.005..0.047 rows=300 loops=1)
                                                                                               i_item_desc                                                                                               |  w_warehouse_name   | d_week_seq | no_promo | promo | total_cnt 
---------------------------------------------------------------------------------------------------------------------------------------------------------------------------------------------------------+---------------------+------------+----------+-------+-----------
 Minutes give then from a matters. Parts offer outside aware, independent years. Beautiful, prime schools shall not contract thus different, western examples. Then c                                    | Parties use         |       5369 |        0 |     3 |         3
 Actually red others can neg                                                                                                                                                                             | Total, dea          |       5357 |        0 |     2 |         2
 Constant, divine cars shall cope also magic, strong days. Very national users care offences. Musical degrees should fit arts. Local, full                                                               | Single, simple r    |       5374 |        0 |     2 |         2
 Fundamental, available styles shall not find more grounds; issues can identify in the processes. Conditions lure stations; separate, clear properties see national, great options. More par             | Neither dea         |       5369 |        0 |     2 |         2
 Gifts come. Various, social costs would transmit very current problems. Special, british lights used to see here on to a estates. Helpful signs protect sorts. Th                                       | Parties use         |       5368 |        0 |     2 |         2
 Great, equal councils dry obviously creative, critical solutions. All international dealers show weeks. Homes let administrative, certain leaders. Hospitals realize never;                             | Parties use         |       5369 |        0 |     2 |         2
 Here whole employees want separately. Dull, narrow metho                                                                                                                                                | Persons make more e |       5326 |        0 |     2 |         2
 Increased examples might not consider workers; aware, enormous goods should see often docum                                                                                                             | Parties use         |       5374 |        0 |     2 |         2
 Leading, potential members could work heavy cattle. Feet might pay times. Capital, large reactions build so. Good, complete bishops raise in a deposits. Physical, vague keys help alone young change   | Parties use         |       5326 |        0 |     2 |         2
 New, leading factors determine roughly                                                                                                                                                                  | Persons make more e |       5374 |        0 |     2 |         2
 Original patterns supply namely governments. Suitable, alternative options could                                                                                                                        | Neither dea         |       5323 |        0 |     2 |         2
 Other lines feel all right rich books. Imports suppose again sources; ever dry members impleme                                                                                                          | Persons make more e |       5323 |        0 |     2 |         2
 Parts collect already in the terms. Prospective estates raise le                                                                                                                                        | Parties use         |       5356 |        0 |     2 |         2
 Parts collect already in the terms. Prospective estates raise le                                                                                                                                        | Total, dea          |       5356 |        0 |     2 |         2
 Regular requirements care rather others. Up to perfect lectures kill more socially major scholars. Then small patients marry possible situations. Probably complete arts learn yet from a eyes.         | Total, dea          |       5360 |        0 |     2 |         2
 Short blind members ought to comm                                                                                                                                                                       | Single, simple r    |       5373 |        0 |     2 |         2
 Significantly labour drugs can exist also in a profits. Other, mental jobs shall think at once acceptable procedures. British, able levels would speak there pretty bloody mat                          | Single, simple r    |       5324 |        0 |     2 |         2
 Symptoms succeed already mark                                                                                                                                                                           | Single, simple r    |       5369 |        0 |     2 |         2
 Women see eager, economic jobs. Decisions may not believe. Injuries must allow in order frequent, multiple methods. Perha                                                                               | Neither dea         |       5356 |        0 |     2 |         2
 Women see eager, economic jobs. Decisions may not believe. Injuries must allow in order frequent, multiple methods. Perha                                                                               | Parties use         |       5356 |        0 |     2 |         2
 Women see eager, economic jobs. Decisions may not believe. Injuries must allow in order frequent, multiple methods. Perha                                                                               | Persons make more e |       5356 |        0 |     2 |         2
 A bit expert books establish worth a others. Hands believe all due sessions. Useful firms might not give children. Old feet may not benefit simply new materials. Courses laugh later basic, sma        | Neither dea         |       5330 |        0 |     1 |         1
 Able, awful settings could find often other, diffic                                                                                                                                                     | Parties use         |       5324 |        0 |     1 |         1
 Able cities should not limit. Kinds must seem tonight sexual firms. Critical weeks would get proposed, delicious guidelines; wrong procedures learn very. Important eyes may display in                 | Parties use         |       5368 |        0 |     1 |         1
 Able, considerable requireme                                                                                                                                                                            | Total, dea          |       5339 |        0 |     1 |         1
 Able courts ca                                                                                                                                                                                          | Single, simple r    |       5357 |        0 |     1 |         1
 Able, new piece                                                                                                                                                                                         | Neither dea         |       5355 |        0 |     1 |         1
 Able parts find neighbouring colonies. Inland, foreign payments should make therefore activ                                                                                                             | Persons make more e |       5369 |        0 |     1 |         1
 Able poles opt really national stations. Northern, heavy m                                                                                                                                              | Neither dea         |       5326 |        0 |     1 |         1
 Able rights return purposes. Here different legs visit there girls. Specified, complete bodies account banks;                                                                                           | Total, dea          |       5372 |        0 |     1 |         1
 About fine eyes provide in a findings. Yellow, plain results understand more than distinct questions. Scottish                                                                                          | Neither dea         |       5373 |        0 |     1 |         1
 About good titles could not remove actually now occasional needs. Fun women may show seriously high authorities. True, united women might not use. Clear                                                | Persons make more e |       5356 |        0 |     1 |         1
 About head benefits could not like sure systems. Books get thus environmental areas; big, thin cities find. Previously hot holid                                                                        | Total, dea          |       5371 |        0 |     1 |         1
 About keen occupations know bloody. Agents would tell quick on the men. Mechanisms can face away across net months. Current rights may not provide perhap                                               | Neither dea         |       5334 |        0 |     1 |         1
 About national feet would not suggest either in a houses. Fresh markets turn children. Schemes will end across tory, liable families. Also central refe                                                 | Single, simple r    |       5331 |        0 |     1 |         1
 Above bare studies highlight. Pp. limit. Theoretical, deep cont                                                                                                                                         | Single, simple r    |       5341 |        0 |     1 |         1
 Above eventual females shoul                                                                                                                                                                            | Neither dea         |       5367 |        0 |     1 |         1
 Above eventual females shoul                                                                                                                                                                            | Parties use         |       5367 |        0 |     1 |         1
 Above technical directors will not become at least both slight terms. Common, important cells may consult earlier generally true stations. Ther                                                         | Parties use         |       5354 |        0 |     1 |         1
 Above technical directors will not become at least both slight terms. Common, important cells may consult earlier generally true stations. Ther                                                         | Persons make more e |       5354 |        0 |     1 |         1
 Above technical directors will not become at least both slight terms. Common, important cells may consult earlier generally true stations. Ther                                                         | Single, simple r    |       5354 |        0 |     1 |         1
 Above technical directors will not become at least both slight terms. Common, important cells may consult earlier generally true stations. Ther                                                         | Total, dea          |       5354 |        0 |     1 |         1
 Absently only groups find of course about a heels. Far levels call children. Professional, elegant negotiations preserve officially letters. Small criteria repeat in a paymen                          | Single, simple r    |       5366 |        0 |     1 |         1
 Acceptable methods would not provide only. Cases read programmes. Lights send now soon clinical areas; aspects may not deal sure for the gates. Still political hands should join significant forms.    | Persons make more e |       5355 |        0 |     1 |         1
 Acceptable methods would not provide only. Cases read programmes. Lights send now soon clinical areas; aspects may not deal sure for the gates. Still political hands should join significant forms.    | Single, simple r    |       5355 |        0 |     1 |         1
 Accordingly leading sons can put. Always painful solicitors leave. Prime articles take here. English, difficult pro                                                                                     | Total, dea          |       5341 |        0 |     1 |         1
 Accurate parts stand to a countries. Safe, following routes can give. International degr                                                                                                                | Persons make more e |       5371 |        0 |     1 |         1
 Accused, alone activities live actua                                                                                                                                                                    | Neither dea         |       5354 |        0 |     1 |         1
 Accused, alone activities live actua                                                                                                                                                                    | Parties use         |       5354 |        0 |     1 |         1
 Accused, alone activities live actua                                                                                                                                                                    | Single, simple r    |       5354 |        0 |     1 |         1
 Accused, alone activities live actua                                                                                                                                                                    | Total, dea          |       5354 |        0 |     1 |         1
 Actions might not keep possible, annual areas. Possibly material policies will shoot of course. New others should not call however traditional, huge prospects. Concerned fans can examin               | Parties use         |       5355 |        0 |     1 |         1
 Active, civil metres might not s                                                                                                                                                                        | Parties use         |       5355 |        0 |     1 |         1
 Activities can discuss at least solid figures. Contemporary travellers can stop surprisin                                                                                                               | Neither dea         |       5339 |        0 |     1 |         1
 Actual events should succeed on a troops. Hard human services succeed great ideas. Increasing sports persuade less like a months. Truly illegal men go with a awards. Relative, specific months could i | Persons make more e |       5330 |        0 |     1 |         1
 Actual hours could replace high, direct instructions; particularly false jobs stress later wrong others. Islands may not ge                                                                             | Parties use         |       5363 |        0 |     1 |         1
 Actually great members present others. Later final houses might produce in the lives. Most international wages continue. Yards should express much trees. Central, sorry meetings shall n               | Parties use         |       5355 |        0 |     1 |         1
 Actually red others can neg                                                                                                                                                                             | Single, simple r    |       5347 |        0 |     1 |         1
 Actually red others can neg                                                                                                                                                                             | Total, dea          |       5347 |        0 |     1 |         1
 Actually remote men make even english days. Yet mass names support for example at all eager numbers. Slim, military industries can wait unexpe                                                          | Persons make more e |       5359 |        0 |     1 |         1
 Acutely private days destroy on a costs. More only years examine even for a resources. Full, public circumstances decide great materials. Systems creep certainly now practical instruments. Contracts  | Single, simple r    |       5349 |        0 |     1 |         1
 Acute types would not live. Environmental, inner ideas beli                                                                                                                                             | Persons make more e |       5325 |        0 |     1 |         1
 Additional, alternative schools see ahead different, academic eyes. Small,                                                                                                                              | Single, simple r    |       5337 |        0 |     1 |         1
 Administrative, huge breasts play just; special, functional trends might not put annually clothes. Sessions apply cities; complete duties take only i                                                   | Parties use         |       5365 |        0 |     1 |         1
 Administrative, obvious ideas deal short various, only measures. Young honours happen then on the ears. Lines cannot write for a woods. Strategic police us                                             | Persons make more e |       5363 |        0 |     1 |         1
 Adv                                                                                                                                                                                                     | Single, simple r    |       5362 |        0 |     1 |         1
 Affairs shall not fill old, r                                                                                                                                                                           | Persons make more e |       5373 |        0 |     1 |         1
 African, full areas could set principles. Left, flat photographs might give friends. Monetary demonstrations might not derive separately. Participants                                                  | Parties use         |       5358 |        0 |     1 |         1
 Afterwards professional movies must th                                                                                                                                                                  | Single, simple r    |       5324 |        0 |     1 |         1
 Again broken grounds build in order. Only alone industries come slowly. Equally hot rates visit more national moments. Able, straightforward children go indu                                           | Total, dea          |       5368 |        0 |     1 |         1
 Again broken grounds build in order. Only alone industries come slowly. Equally hot rates visit more national moments. Able, straightforward children go indu                                           | Total, dea          |       5372 |        0 |     1 |         1
 Again different months recognize good considerable arms. Conservative problems cannot fit nevertheless                                                                                                  | Total, dea          |       5365 |        0 |     1 |         1
 Again g                                                                                                                                                                                                 | Single, simple r    |       5361 |        0 |     1 |         1
 Again inc patients cannot move brilliantly activities. Later national patients must know more words; wines may expect over also inc women. Old, soviet brothers come already bad concepts. Units wi     | Neither dea         |       5323 |        0 |     1 |         1
 Again inc patients cannot move brilliantly activities. Later national patients must know more words; wines may expect over also inc women. Old, soviet brothers come already bad concepts. Units wi     | Persons make more e |       5323 |        0 |     1 |         1
 Again specific attitudes help. Over necessary sides want inevitably scientific, appropriate bars. Parliamentary, expected comm                                                                          | Parties use         |       5373 |        0 |     1 |         1
 Again top pressures conceive. Nuclear forms double further products. Major, nice questions give. Financial secrets can                                                                                  | Total, dea          |       5359 |        0 |     1 |         1
 Again visual signs see just uncomfortable machines. Memories see practical, current police. Here upper lives o                                                                                          | Neither dea         |       5363 |        0 |     1 |         1
 Again wrong hours might comment studies. Towns shall improve deliberate, foreign articles. Especially pale duties shall work increasingly quick mem                                                     | Single, simple r    |       5363 |        0 |     1 |         1
 Ages ask perfectly industrial, close students; today religious soldiers know formerly for a names. Hands should not get young, sure unions. Soft, white laboratories might not serv                     | Parties use         |       5330 |        0 |     1 |         1
 Ages used to wake at least big,                                                                                                                                                                         | Single, simple r    |       5364 |        0 |     1 |         1
 Aggressive, chief compan                                                                                                                                                                                | Parties use         |       5339 |        0 |     1 |         1
 Ago expected effects cry yellow, simple applications. Couples                                                                                                                                           | Total, dea          |       5359 |        0 |     1 |         1
 Ago senior proposals could not save always amazing, hungry regions. Papers ask best tall, industrial problems. Running jobs will say to a damages. As well likely                                       | Neither dea         |       5370 |        0 |     1 |         1
 Alive studies improve now new causes. Affairs must see abroad other decisions. Months would follow theoretically happy houses. Safe effects used to indicate more australian effect                     | Neither dea         |       5354 |        0 |     1 |         1
 Alive studies improve now new causes. Affairs must see abroad other decisions. Months would follow theoretically happy houses. Safe effects used to indicate more australian effect                     | Persons make more e |       5354 |        0 |     1 |         1
 Alive, welsh facilities would feel with a packages. Perhaps old words used to sp                                                                                                                        | Single, simple r    |       5345 |        0 |     1 |         1
 All electrical schools might return different, other hands; costs force eagerly good, important shows. Late aware weeks enjoy again scientific exchanges. Military,                                     | Neither dea         |       5334 |        0 |     1 |         1
 All electrical schools might return different, other hands; costs force eagerly good, important shows. Late aware weeks enjoy again scientific exchanges. Military,                                     | Single, simple r    |       5334 |        0 |     1 |         1
 All open cities must come only too other exchanges. Good, rich troops                                                                                                                                   | Parties use         |       5367 |        0 |     1 |         1
 All political parties assist offences. Only long teeth increase above for a words. Later fine observers could keep just after the prices. Various others set of course common, v                        | Parties use         |       5323 |        0 |     1 |         1
 All political parties assist offences. Only long teeth increase above for a words. Later fine observers could keep just after the prices. Various others set of course common, v                        | Persons make more e |       5323 |        0 |     1 |         1
 All white parties should happen costs. Awards offer; interests take. Details live now parliamentary demands; childre                                                                                    | Neither dea         |       5367 |        0 |     1 |         1
 Almost straightforward signs must ensure flowers. New, holy relations get deep brief thousands. Entirely whole patients work too from a messages. Now acute things wil                                  | Neither dea         |       5349 |        0 |     1 |         1
 Alone, heavy records say only foreigners; new org                                                                                                                                                       | Total, dea          |       5356 |        0 |     1 |         1
 Alone, other cuts wish now initial seats. Useful police must stay cells. Sound hands cannot read however thin winners. Remark                                                                           | Single, simple r    |       5373 |        0 |     1 |         1
 Already active houses can cope before. Lines beat forms. Others will steal. Only upper times provide as obvious clients. Flat spanish affairs might depend courses. Able, glad indians would s          | Persons make more e |       5329 |        0 |     1 |         1
 Already dark quarters demonstrate completely islamic windows; determined statements solve in particular oral relatives. New stations may play old, stro                                                 | Persons make more e |       5359 |        0 |     1 |         1
 Already dark quarters demonstrate completely islamic windows; determined statements solve in particular oral relatives. New stations may play old, stro                                                 | Single, simple r    |       5359 |        0 |     1 |         1
 Already initial scots s                                                                                                                                                                                 | Persons make more e |       5355 |        0 |     1 |         1
(100 rows)

UPDATE time_statistics SET e_time = TRANSACTION_TIMESTAMP() WHERE template = 'query72.tpl' AND stream = 7;
psql:/tmp/s1-basline/throughput/query_7.sql:983: NOTICE:  duration: 0.089 ms  plan:
Query Text: UPDATE time_statistics SET e_time = TRANSACTION_TIMESTAMP() WHERE template = 'query72.tpl' AND stream = 7;
Update on time_statistics  (cost=0.00..16.72 rows=0 width=0) (actual time=0.089..0.089 rows=0 loops=1)
  ->  Seq Scan on time_statistics  (cost=0.00..16.72 rows=1 width=14) (actual time=0.068..0.075 rows=1 loops=1)
        Filter: ((template = 'query72.tpl'::text) AND (stream = 7))
        Rows Removed by Filter: 598
UPDATE 1
LOAD 'auto_explain'; SET auto_explain.log_min_duration TO 0; SET auto_explain.log_analyze TO on; SET auto_explain.log_level TO notice; INSERT INTO time_statistics (template, s_time, stream, query, seed) VALUES ('query45.tpl', TRANSACTION_TIMESTAMP(), 7, 23, 484106485);
LOAD
SET
SET
SET
psql:/tmp/s1-basline/throughput/query_7.sql:984: NOTICE:  duration: 0.009 ms  plan:
Query Text: INSERT INTO time_statistics (template, s_time, stream, query, seed) VALUES ('query45.tpl', TRANSACTION_TIMESTAMP(), 7, 23, 484106485);
Insert on time_statistics  (cost=0.00..0.01 rows=0 width=0) (actual time=0.008..0.008 rows=0 loops=1)
  ->  Result  (cost=0.00..0.01 rows=1 width=64) (actual time=0.001..0.002 rows=1 loops=1)
INSERT 0 1
select  ca_zip, ca_county, sum(ws_sales_price)
 from web_sales, customer, customer_address, date_dim, item
 where ws_bill_customer_sk = c_customer_sk
 	and c_current_addr_sk = ca_address_sk 
 	and ws_item_sk = i_item_sk 
 	and ( substr(ca_zip,1,5) in ('85669', '86197','88274','83405','86475', '85392', '85460', '80348', '81792')
 	      or 
 	      i_item_id in (select i_item_id
                             from item
                             where i_item_sk in (2, 3, 5, 7, 11, 13, 17, 19, 23, 29)
                             )
 	    )
 	and ws_sold_date_sk = d_date_sk
 	and d_qoy = 2 and d_year = 1999
 group by ca_zip, ca_county
 order by ca_zip, ca_county
 limit 100;
psql:/tmp/s1-basline/throughput/query_7.sql:1001: NOTICE:  duration: 113.552 ms  plan:
Query Text: select  ca_zip, ca_county, sum(ws_sales_price)
 from web_sales, customer, customer_address, date_dim, item
 where ws_bill_customer_sk = c_customer_sk
 	and c_current_addr_sk = ca_address_sk 
 	and ws_item_sk = i_item_sk 
 	and ( substr(ca_zip,1,5) in ('85669', '86197','88274','83405','86475', '85392', '85460', '80348', '81792')
 	      or 
 	      i_item_id in (select i_item_id
                             from item
                             where i_item_sk in (2, 3, 5, 7, 11, 13, 17, 19, 23, 29)
                             )
 	    )
 	and ws_sold_date_sk = d_date_sk
 	and d_qoy = 2 and d_year = 1999
 group by ca_zip, ca_county
 order by ca_zip, ca_county
 limit 100;
Limit  (cost=28080.47..28082.47 rows=100 width=33) (actual time=113.523..113.537 rows=25 loops=1)
  ->  GroupAggregate  (cost=28080.47..28089.77 rows=465 width=33) (actual time=113.522..113.534 rows=25 loops=1)
        Group Key: customer_address.ca_zip, customer_address.ca_county
        ->  Sort  (cost=28080.47..28081.63 rows=465 width=33) (actual time=113.515..113.518 rows=25 loops=1)
              Sort Key: customer_address.ca_zip, customer_address.ca_county
              Sort Method: quicksort  Memory: 26kB
              ->  Nested Loop  (cost=16.50..28059.86 rows=465 width=33) (actual time=8.996..113.490 rows=25 loops=1)
                    Join Filter: ((substr((customer_address.ca_zip)::text, 1, 5) = ANY ('{85669,86197,88274,83405,86475,85392,85460,80348,81792}'::text[])) OR (hashed SubPlan 1))
                    Rows Removed by Join Filter: 20840
                    ->  Nested Loop  (cost=1.01..27751.42 rows=890 width=41) (actual time=4.490..74.214 rows=20865 loops=1)
                          ->  Nested Loop  (cost=0.72..27465.27 rows=890 width=24) (actual time=4.485..48.086 rows=20865 loops=1)
                                ->  Nested Loop  (cost=0.42..27184.75 rows=890 width=24) (actual time=4.480..20.804 rows=20871 loops=1)
                                      ->  Seq Scan on date_dim  (cost=0.00..2500.73 rows=90 width=8) (actual time=4.471..9.820 rows=91 loops=1)
                                            Filter: ((d_qoy = 2) AND (d_year = 1999))
                                            Rows Removed by Filter: 72958
                                      ->  Index Scan using i_ws_sold_date_sk on web_sales  (cost=0.42..270.30 rows=397 width=32) (actual time=0.003..0.075 rows=229 loops=91)
                                            Index Cond: (ws_sold_date_sk = date_dim.d_date_sk)
                                ->  Index Scan using pk_customer on customer  (cost=0.29..0.32 rows=1 width=16) (actual time=0.001..0.001 rows=1 loops=20871)
                                      Index Cond: (c_customer_sk = web_sales.ws_bill_customer_sk)
                          ->  Index Scan using pk_customer_address on customer_address  (cost=0.29..0.32 rows=1 width=33) (actual time=0.001..0.001 rows=1 loops=20865)
                                Index Cond: (ca_address_sk = customer.c_current_addr_sk)
                    ->  Index Scan using pk_item on item  (cost=0.29..0.31 rows=1 width=25) (actual time=0.001..0.001 rows=1 loops=20865)
                          Index Cond: (i_item_sk = web_sales.ws_item_sk)
                    SubPlan 1
                      ->  Index Scan using pk_item on item item_1  (cost=0.29..15.16 rows=10 width=17) (actual time=0.016..0.027 rows=10 loops=1)
                            Index Cond: (i_item_sk = ANY ('{2,3,5,7,11,13,17,19,23,29}'::bigint[]))
   ca_zip   |      ca_county      |  sum   
------------+---------------------+--------
 02504      | Androscoggin County |  73.32
 09431      | Fairfield County    |  17.18
 13451      | Lebanon County      |     32
 21289      | Fluvanna County     |  96.23
 25980      | Randolph County     |   6.43
 29303      | Scotland County     |  39.25
 30162      | Hamblen County      |  76.72
 32808      | Randolph County     |   4.37
 38482      | Wilcox County       | 120.22
 38605      | Roane County        |   3.65
 52808      | Leflore County      |  75.73
 55566      | Benton County       | 209.21
 55709      | Marquette County    |  94.27
 58828      | Nicollet County     |  26.93
 60418      | Woodson County      |  98.99
 65038      | Sheridan County     | 234.17
 71711      | Cherokee County     |   4.65
 76971      | Burleson County     |  60.92
 78883      | Denton County       |   0.15
 79306      | Seminole County     |  79.47
 79391      | Menard County       |  32.64
 79583      | Fisher County       |  24.37
 81749      | Sevier County       |  10.82
 93394      | Skamania County     |    6.5
            | Jackson County      |  14.62
(25 rows)

UPDATE time_statistics SET e_time = TRANSACTION_TIMESTAMP() WHERE template = 'query45.tpl' AND stream = 7;
psql:/tmp/s1-basline/throughput/query_7.sql:1003: NOTICE:  duration: 0.091 ms  plan:
Query Text: UPDATE time_statistics SET e_time = TRANSACTION_TIMESTAMP() WHERE template = 'query45.tpl' AND stream = 7;
Update on time_statistics  (cost=0.00..16.72 rows=0 width=0) (actual time=0.091..0.091 rows=0 loops=1)
  ->  Seq Scan on time_statistics  (cost=0.00..16.72 rows=1 width=14) (actual time=0.069..0.076 rows=1 loops=1)
        Filter: ((template = 'query45.tpl'::text) AND (stream = 7))
        Rows Removed by Filter: 599
UPDATE 1
LOAD 'auto_explain'; SET auto_explain.log_min_duration TO 0; SET auto_explain.log_analyze TO on; SET auto_explain.log_level TO notice; INSERT INTO time_statistics (template, s_time, stream, query, seed) VALUES ('query48.tpl', TRANSACTION_TIMESTAMP(), 7, 24, 929501566);
LOAD
SET
SET
SET
psql:/tmp/s1-basline/throughput/query_7.sql:1004: NOTICE:  duration: 0.009 ms  plan:
Query Text: INSERT INTO time_statistics (template, s_time, stream, query, seed) VALUES ('query48.tpl', TRANSACTION_TIMESTAMP(), 7, 24, 929501566);
Insert on time_statistics  (cost=0.00..0.01 rows=0 width=0) (actual time=0.008..0.008 rows=0 loops=1)
  ->  Result  (cost=0.00..0.01 rows=1 width=64) (actual time=0.001..0.001 rows=1 loops=1)
INSERT 0 1
select sum (ss_quantity)
 from store_sales, store, customer_demographics, customer_address, date_dim
 where s_store_sk = ss_store_sk
 and  ss_sold_date_sk = d_date_sk and d_year = 2002
 and  
 (
  (
   cd_demo_sk = ss_cdemo_sk
   and 
   cd_marital_status = 'D'
   and 
   cd_education_status = 'Primary'
   and 
   ss_sales_price between 100.00 and 150.00  
   )
 or
  (
  cd_demo_sk = ss_cdemo_sk
   and 
   cd_marital_status = 'U'
   and 
   cd_education_status = 'Secondary'
   and 
   ss_sales_price between 50.00 and 100.00   
  )
 or 
 (
  cd_demo_sk = ss_cdemo_sk
  and 
   cd_marital_status = 'S'
   and 
   cd_education_status = '2 yr Degree'
   and 
   ss_sales_price between 150.00 and 200.00  
 )
 )
 and
 (
  (
  ss_addr_sk = ca_address_sk
  and
  ca_country = 'United States'
  and
  ca_state in ('VA', 'OH', 'IA')
  and ss_net_profit between 0 and 2000  
  )
 or
  (ss_addr_sk = ca_address_sk
  and
  ca_country = 'United States'
  and
  ca_state in ('KY', 'NV', 'SC')
  and ss_net_profit between 150 and 3000 
  )
 or
  (ss_addr_sk = ca_address_sk
  and
  ca_country = 'United States'
  and
  ca_state in ('ND', 'DE', 'TX')
  and ss_net_profit between 50 and 25000 
  )
 )
;
psql:/tmp/s1-basline/throughput/query_7.sql:1068: NOTICE:  duration: 452.005 ms  plan:
Query Text: select sum (ss_quantity)
 from store_sales, store, customer_demographics, customer_address, date_dim
 where s_store_sk = ss_store_sk
 and  ss_sold_date_sk = d_date_sk and d_year = 2002
 and  
 (
  (
   cd_demo_sk = ss_cdemo_sk
   and 
   cd_marital_status = 'D'
   and 
   cd_education_status = 'Primary'
   and 
   ss_sales_price between 100.00 and 150.00  
   )
 or
  (
  cd_demo_sk = ss_cdemo_sk
   and 
   cd_marital_status = 'U'
   and 
   cd_education_status = 'Secondary'
   and 
   ss_sales_price between 50.00 and 100.00   
  )
 or 
 (
  cd_demo_sk = ss_cdemo_sk
  and 
   cd_marital_status = 'S'
   and 
   cd_education_status = '2 yr Degree'
   and 
   ss_sales_price between 150.00 and 200.00  
 )
 )
 and
 (
  (
  ss_addr_sk = ca_address_sk
  and
  ca_country = 'United States'
  and
  ca_state in ('VA', 'OH', 'IA')
  and ss_net_profit between 0 and 2000  
  )
 or
  (ss_addr_sk = ca_address_sk
  and
  ca_country = 'United States'
  and
  ca_state in ('KY', 'NV', 'SC')
  and ss_net_profit between 150 and 3000 
  )
 or
  (ss_addr_sk = ca_address_sk
  and
  ca_country = 'United States'
  and
  ca_state in ('ND', 'DE', 'TX')
  and ss_net_profit between 50 and 25000 
  )
 )
;
Aggregate  (cost=111558.94..111558.95 rows=1 width=8) (actual time=451.997..451.999 rows=1 loops=1)
  ->  Nested Loop  (cost=1.15..111558.92 rows=5 width=4) (actual time=4.173..451.963 rows=492 loops=1)
        Join Filter: (store_sales.ss_store_sk = store.s_store_sk)
        Rows Removed by Join Filter: 5412
        ->  Seq Scan on store  (cost=0.00..1.12 rows=12 width=8) (actual time=0.004..0.006 rows=12 loops=1)
        ->  Materialize  (cost=1.15..111556.92 rows=5 width=12) (actual time=0.347..37.630 rows=492 loops=12)
              ->  Nested Loop  (cost=1.15..111556.89 rows=5 width=12) (actual time=4.167..451.216 rows=492 loops=1)
                    ->  Nested Loop  (cost=0.72..111455.80 rows=175 width=28) (actual time=4.139..399.101 rows=17767 loops=1)
                          ->  Nested Loop  (cost=0.43..110810.29 rows=1787 width=44) (actual time=4.091..237.575 rows=83869 loops=1)
                                ->  Seq Scan on date_dim  (cost=0.00..2318.11 rows=363 width=8) (actual time=4.078..8.666 rows=365 loops=1)
                                      Filter: (d_year = 2002)
                                      Rows Removed by Filter: 72684
                                ->  Index Scan using i_ss_sold_date_sk on store_sales  (cost=0.43..296.91 rows=197 width=52) (actual time=0.007..0.607 rows=230 loops=365)
                                      Index Cond: (ss_sold_date_sk = date_dim.d_date_sk)
                                      Filter: ((((ss_sales_price >= '100'::double precision) AND (ss_sales_price <= '150'::double precision)) OR ((ss_sales_price >= '50'::double precision) AND (ss_sales_price <= '100'::double precision)) OR ((ss_sales_price >= '150'::double precision) AND (ss_sales_price <= '200'::double precision))) AND (((ss_net_profit >= '0'::double precision) AND (ss_net_profit <= '2000'::double precision)) OR ((ss_net_profit >= '150'::double precision) AND (ss_net_profit <= '3000'::double precision)) OR ((ss_net_profit >= '50'::double precision) AND (ss_net_profit <= '25000'::double precision))))
                                      Rows Removed by Filter: 1259
                          ->  Index Scan using pk_customer_address on customer_address  (cost=0.29..0.35 rows=1 width=11) (actual time=0.002..0.002 rows=0 loops=83869)
                                Index Cond: (ca_address_sk = store_sales.ss_addr_sk)
                                Filter: (((ca_country)::text = 'United States'::text) AND ((ca_state = ANY ('{VA,OH,IA}'::bpchar[])) OR (ca_state = ANY ('{KY,NV,SC}'::bpchar[])) OR (ca_state = ANY ('{ND,DE,TX}'::bpchar[]))) AND (((ca_state = ANY ('{VA,OH,IA}'::bpchar[])) AND (store_sales.ss_net_profit >= '0'::double precision) AND (store_sales.ss_net_profit <= '2000'::double precision)) OR ((ca_state = ANY ('{KY,NV,SC}'::bpchar[])) AND (store_sales.ss_net_profit >= '150'::double precision) AND (store_sales.ss_net_profit <= '3000'::double precision)) OR ((ca_state = ANY ('{ND,DE,TX}'::bpchar[])) AND (store_sales.ss_net_profit >= '50'::double precision) AND (store_sales.ss_net_profit <= '25000'::double precision))))
                                Rows Removed by Filter: 1
                    ->  Index Scan using pk_customer_demographics on customer_demographics  (cost=0.43..0.57 rows=1 width=31) (actual time=0.003..0.003 rows=0 loops=17767)
                          Index Cond: (cd_demo_sk = store_sales.ss_cdemo_sk)
                          Filter: ((((cd_marital_status = 'D'::bpchar) AND (cd_education_status = 'Primary'::bpchar)) OR ((cd_marital_status = 'U'::bpchar) AND (cd_education_status = 'Secondary'::bpchar)) OR ((cd_marital_status = 'S'::bpchar) AND (cd_education_status = '2 yr Degree'::bpchar))) AND (((cd_marital_status = 'D'::bpchar) AND (cd_education_status = 'Primary'::bpchar) AND (store_sales.ss_sales_price >= '100'::double precision) AND (store_sales.ss_sales_price <= '150'::double precision)) OR ((cd_marital_status = 'U'::bpchar) AND (cd_education_status = 'Secondary'::bpchar) AND (store_sales.ss_sales_price >= '50'::double precision) AND (store_sales.ss_sales_price <= '100'::double precision)) OR ((cd_marital_status = 'S'::bpchar) AND (cd_education_status = '2 yr Degree'::bpchar) AND (store_sales.ss_sales_price >= '150'::double precision) AND (store_sales.ss_sales_price <= '200'::double precision))))
                          Rows Removed by Filter: 1
  sum  
-------
 25102
(1 row)

UPDATE time_statistics SET e_time = TRANSACTION_TIMESTAMP() WHERE template = 'query48.tpl' AND stream = 7;
psql:/tmp/s1-basline/throughput/query_7.sql:1070: NOTICE:  duration: 0.091 ms  plan:
Query Text: UPDATE time_statistics SET e_time = TRANSACTION_TIMESTAMP() WHERE template = 'query48.tpl' AND stream = 7;
Update on time_statistics  (cost=0.00..16.72 rows=0 width=0) (actual time=0.091..0.091 rows=0 loops=1)
  ->  Seq Scan on time_statistics  (cost=0.00..16.72 rows=1 width=14) (actual time=0.069..0.075 rows=1 loops=1)
        Filter: ((template = 'query48.tpl'::text) AND (stream = 7))
        Rows Removed by Filter: 600
UPDATE 1
LOAD 'auto_explain'; SET auto_explain.log_min_duration TO 0; SET auto_explain.log_analyze TO on; SET auto_explain.log_level TO notice; INSERT INTO time_statistics (template, s_time, stream, query, seed) VALUES ('../query_postgresql/query80.tpl', TRANSACTION_TIMESTAMP(), 7, 25, 144416674);
LOAD
SET
SET
SET
psql:/tmp/s1-basline/throughput/query_7.sql:1071: NOTICE:  duration: 0.009 ms  plan:
Query Text: INSERT INTO time_statistics (template, s_time, stream, query, seed) VALUES ('../query_postgresql/query80.tpl', TRANSACTION_TIMESTAMP(), 7, 25, 144416674);
Insert on time_statistics  (cost=0.00..0.01 rows=0 width=0) (actual time=0.008..0.009 rows=0 loops=1)
  ->  Result  (cost=0.00..0.01 rows=1 width=64) (actual time=0.001..0.002 rows=1 loops=1)
INSERT 0 1
with ssr as
 (select  s_store_id as store_id,
          sum(ss_ext_sales_price) as sales,
          sum(coalesce(sr_return_amt, 0)) as returns,
          sum(ss_net_profit - coalesce(sr_net_loss, 0)) as profit
  from store_sales left outer join store_returns on
         (ss_item_sk = sr_item_sk and ss_ticket_number = sr_ticket_number),
     date_dim,
     store,
     item,
     promotion
 where ss_sold_date_sk = d_date_sk
       and d_date between cast('2002-08-03' as date) 
                  and (cast('2002-08-03' as date) + interval '30 days')
       and ss_store_sk = s_store_sk
       and ss_item_sk = i_item_sk
       and i_current_price > 50
       and ss_promo_sk = p_promo_sk
       and p_channel_tv = 'N'
 group by s_store_id)
 ,
 csr as
 (select  cp_catalog_page_id as catalog_page_id,
          sum(cs_ext_sales_price) as sales,
          sum(coalesce(cr_return_amount, 0)) as returns,
          sum(cs_net_profit - coalesce(cr_net_loss, 0)) as profit
  from catalog_sales left outer join catalog_returns on
         (cs_item_sk = cr_item_sk and cs_order_number = cr_order_number),
     date_dim,
     catalog_page,
     item,
     promotion
 where cs_sold_date_sk = d_date_sk
       and d_date between cast('2002-08-03' as date)
                  and (cast('2002-08-03' as date) +  interval '30 days')
        and cs_catalog_page_sk = cp_catalog_page_sk
       and cs_item_sk = i_item_sk
       and i_current_price > 50
       and cs_promo_sk = p_promo_sk
       and p_channel_tv = 'N'
group by cp_catalog_page_id)
 ,
 wsr as
 (select  web_site_id,
          sum(ws_ext_sales_price) as sales,
          sum(coalesce(wr_return_amt, 0)) as returns,
          sum(ws_net_profit - coalesce(wr_net_loss, 0)) as profit
  from web_sales left outer join web_returns on
         (ws_item_sk = wr_item_sk and ws_order_number = wr_order_number),
     date_dim,
     web_site,
     item,
     promotion
 where ws_sold_date_sk = d_date_sk
       and d_date between cast('2002-08-03' as date)
                  and (cast('2002-08-03' as date) + interval '30 days')
        and ws_web_site_sk = web_site_sk
       and ws_item_sk = i_item_sk
       and i_current_price > 50
       and ws_promo_sk = p_promo_sk
       and p_channel_tv = 'N'
group by web_site_id)
  select  channel
        , id
        , sum(sales) as sales
        , sum(returns) as returns
        , sum(profit) as profit
 from 
 (select 'store channel' as channel
        , 'store' || store_id as id
        , sales
        , returns
        , profit
 from   ssr
 union all
 select 'catalog channel' as channel
        , 'catalog_page' || catalog_page_id as id
        , sales
        , returns
        , profit
 from  csr
 union all
 select 'web channel' as channel
        , 'web_site' || web_site_id as id
        , sales
        , returns
        , profit
 from   wsr
 ) x
 group by rollup (channel, id)
 order by channel
         ,id
 limit 100;
psql:/tmp/s1-basline/throughput/query_7.sql:1164: NOTICE:  duration: 259.901 ms  plan:
Query Text: with ssr as
 (select  s_store_id as store_id,
          sum(ss_ext_sales_price) as sales,
          sum(coalesce(sr_return_amt, 0)) as returns,
          sum(ss_net_profit - coalesce(sr_net_loss, 0)) as profit
  from store_sales left outer join store_returns on
         (ss_item_sk = sr_item_sk and ss_ticket_number = sr_ticket_number),
     date_dim,
     store,
     item,
     promotion
 where ss_sold_date_sk = d_date_sk
       and d_date between cast('2002-08-03' as date) 
                  and (cast('2002-08-03' as date) + interval '30 days')
       and ss_store_sk = s_store_sk
       and ss_item_sk = i_item_sk
       and i_current_price > 50
       and ss_promo_sk = p_promo_sk
       and p_channel_tv = 'N'
 group by s_store_id)
 ,
 csr as
 (select  cp_catalog_page_id as catalog_page_id,
          sum(cs_ext_sales_price) as sales,
          sum(coalesce(cr_return_amount, 0)) as returns,
          sum(cs_net_profit - coalesce(cr_net_loss, 0)) as profit
  from catalog_sales left outer join catalog_returns on
         (cs_item_sk = cr_item_sk and cs_order_number = cr_order_number),
     date_dim,
     catalog_page,
     item,
     promotion
 where cs_sold_date_sk = d_date_sk
       and d_date between cast('2002-08-03' as date)
                  and (cast('2002-08-03' as date) +  interval '30 days')
        and cs_catalog_page_sk = cp_catalog_page_sk
       and cs_item_sk = i_item_sk
       and i_current_price > 50
       and cs_promo_sk = p_promo_sk
       and p_channel_tv = 'N'
group by cp_catalog_page_id)
 ,
 wsr as
 (select  web_site_id,
          sum(ws_ext_sales_price) as sales,
          sum(coalesce(wr_return_amt, 0)) as returns,
          sum(ws_net_profit - coalesce(wr_net_loss, 0)) as profit
  from web_sales left outer join web_returns on
         (ws_item_sk = wr_item_sk and ws_order_number = wr_order_number),
     date_dim,
     web_site,
     item,
     promotion
 where ws_sold_date_sk = d_date_sk
       and d_date between cast('2002-08-03' as date)
                  and (cast('2002-08-03' as date) + interval '30 days')
        and ws_web_site_sk = web_site_sk
       and ws_item_sk = i_item_sk
       and i_current_price > 50
       and ws_promo_sk = p_promo_sk
       and p_channel_tv = 'N'
group by web_site_id)
  select  channel
        , id
        , sum(sales) as sales
        , sum(returns) as returns
        , sum(profit) as profit
 from 
 (select 'store channel' as channel
        , 'store' || store_id as id
        , sales
        , returns
        , profit
 from   ssr
 union all
 select 'catalog channel' as channel
        , 'catalog_page' || catalog_page_id as id
        , sales
        , returns
        , profit
 from  csr
 union all
 select 'web channel' as channel
        , 'web_site' || web_site_id as id
        , sales
        , returns
        , profit
 from   wsr
 ) x
 group by rollup (channel, id)
 order by channel
         ,id
 limit 100;
Limit  (cost=44219.16..44226.55 rows=100 width=88) (actual time=223.797..259.830 rows=100 loops=1)
  ->  GroupAggregate  (cost=44219.16..44227.36 rows=111 width=88) (actual time=223.796..259.822 rows=100 loops=1)
        Group Key: ('store channel'::text), (('store'::text || (ssr.store_id)::text))
        Group Key: ('store channel'::text)
        Group Key: ()
        ->  Gather Merge  (cost=44219.16..44225.57 rows=55 width=88) (actual time=223.791..259.771 rows=101 loops=1)
              Workers Planned: 2
              Workers Launched: 2
              ->  Sort  (cost=43219.14..43219.19 rows=22 width=88) (actual time=129.400..129.409 rows=41 loops=3)
                    Sort Key: ('store channel'::text), (('store'::text || (ssr.store_id)::text))
                    Sort Method: quicksort  Memory: 61kB
                    Worker 0:  Sort Method: quicksort  Memory: 26kB
                    Worker 1:  Sort Method: quicksort  Memory: 25kB
                    ->  Parallel Append  (cost=1.57..43218.65 rows=22 width=88) (actual time=114.862..129.275 rows=119 loops=3)
                          ->  Subquery Scan on ssr  (cost=1.57..43218.54 rows=6 width=88) (actual time=172.905..215.406 rows=6 loops=1)
                                ->  GroupAggregate  (cost=1.57..43218.45 rows=6 width=41) (actual time=172.902..215.398 rows=6 loops=1)
                                      Group Key: store.s_store_id
                                      ->  Nested Loop Left Join  (cost=1.57..43217.64 rows=60 width=49) (actual time=1.920..214.879 rows=2961 loops=1)
                                            ->  Nested Loop  (cost=1.14..43190.91 rows=60 width=49) (actual time=1.843..206.104 rows=2961 loops=1)
                                                  Join Filter: (store_sales.ss_promo_sk = promotion.p_promo_sk)
                                                  Rows Removed by Join Filter: 455356
                                                  ->  Nested Loop  (cost=1.14..42896.80 rows=63 width=57) (actual time=1.626..165.364 rows=3020 loops=1)
                                                        Join Filter: (store_sales.ss_store_sk = store.s_store_sk)
                                                        Rows Removed by Join Filter: 34144
                                                        ->  Index Scan using i_s_store_id on store  (cost=0.14..3.62 rows=12 width=25) (actual time=0.065..0.070 rows=12 loops=1)
                                                        ->  Materialize  (cost=1.01..42881.47 rows=66 width=48) (actual time=0.030..13.537 rows=3097 loops=12)
                                                              ->  Nested Loop  (cost=1.01..42881.14 rows=66 width=48) (actual time=0.361..160.030 rows=3097 loops=1)
                                                                    ->  Nested Loop  (cost=0.72..42496.76 rows=1248 width=48) (actual time=0.189..60.104 rows=57408 loops=1)
                                                                          ->  Index Scan using i_d_date on date_dim  (cost=0.29..3.15 rows=33 width=8) (actual time=0.076..0.088 rows=31 loops=1)
                                                                                Index Cond: ((d_date >= '2002-08-03'::date) AND (d_date <= '2002-09-02 00:00:00'::timestamp without time zone))
                                                                          ->  Index Scan using i_ss_sold_date_sk on store_sales  (cost=0.43..1272.54 rows=1515 width=56) (actual time=0.014..1.616 rows=1852 loops=31)
                                                                                Index Cond: (ss_sold_date_sk = date_dim.d_date_sk)
                                                                    ->  Index Scan using pk_item on item  (cost=0.29..0.31 rows=1 width=8) (actual time=0.002..0.002 rows=0 loops=57408)
                                                                          Index Cond: (i_item_sk = store_sales.ss_item_sk)
                                                                          Filter: (i_current_price > '50'::double precision)
                                                                          Rows Removed by Filter: 1
                                                  ->  Materialize  (cost=0.00..13.24 rows=298 width=8) (actual time=0.000..0.005 rows=152 loops=3020)
                                                        ->  Seq Scan on promotion  (cost=0.00..11.75 rows=298 width=8) (actual time=0.019..0.153 rows=298 loops=1)
                                                              Filter: (p_channel_tv = 'N'::bpchar)
                                                              Rows Removed by Filter: 2
                                            ->  Index Scan using pk_store_returns on store_returns  (cost=0.42..0.45 rows=1 width=32) (actual time=0.003..0.003 rows=0 loops=2961)
                                                  Index Cond: ((sr_item_sk = store_sales.ss_item_sk) AND (sr_ticket_number = store_sales.ss_ticket_number))
                          ->  Subquery Scan on wsr  (cost=12197.37..12198.00 rows=15 width=88) (actual time=94.696..94.877 rows=15 loops=1)
                                ->  GroupAggregate  (cost=12197.37..12197.78 rows=15 width=41) (actual time=94.692..94.868 rows=15 loops=1)
                                      Group Key: web_site.web_site_id
                                      ->  Sort  (cost=12197.37..12197.41 rows=17 width=49) (actual time=94.672..94.708 rows=903 loops=1)
                                            Sort Key: web_site.web_site_id
                                            Worker 0:  Sort Method: quicksort  Memory: 96kB
                                            ->  Nested Loop  (cost=1.42..12197.02 rows=17 width=49) (actual time=44.859..94.070 rows=903 loops=1)
                                                  Join Filter: (web_sales.ws_promo_sk = promotion_1.p_promo_sk)
                                                  Rows Removed by Join Filter: 270575
                                                  ->  Seq Scan on promotion promotion_1  (cost=0.00..11.75 rows=298 width=8) (actual time=0.032..0.133 rows=298 loops=1)
                                                        Filter: (p_channel_tv = 'N'::bpchar)
                                                        Rows Removed by Filter: 2
                                                  ->  Materialize  (cost=1.42..12109.33 rows=17 width=57) (actual time=0.002..0.258 rows=911 loops=298)
                                                        ->  Nested Loop  (cost=1.42..12109.24 rows=17 width=57) (actual time=0.443..67.024 rows=911 loops=1)
                                                              Join Filter: (web_sales.ws_web_site_sk = web_site.web_site_sk)
                                                              Rows Removed by Join Filter: 12606
                                                              ->  Nested Loop Left Join  (cost=1.42..12099.64 rows=17 width=48) (actual time=0.386..65.526 rows=912 loops=1)
                                                                    ->  Nested Loop  (cost=1.00..12092.14 rows=17 width=48) (actual time=0.314..61.667 rows=912 loops=1)
                                                                          ->  Nested Loop  (cost=0.72..11991.25 rows=326 width=48) (actual time=0.186..21.153 rows=15770 loops=1)
                                                                                ->  Index Scan using i_d_date on date_dim date_dim_1  (cost=0.29..3.15 rows=33 width=8) (actual time=0.078..0.098 rows=31 loops=1)
                                                                                      Index Cond: ((d_date >= '2002-08-03'::date) AND (d_date <= '2002-09-02 00:00:00'::timestamp without time zone))
                                                                                ->  Index Scan using i_ws_sold_date_sk on web_sales  (cost=0.42..359.31 rows=397 width=56) (actual time=0.014..0.573 rows=509 loops=31)
                                                                                      Index Cond: (ws_sold_date_sk = date_dim_1.d_date_sk)
                                                                          ->  Index Scan using pk_item on item item_1  (cost=0.29..0.31 rows=1 width=8) (actual time=0.002..0.002 rows=0 loops=15770)
                                                                                Index Cond: (i_item_sk = web_sales.ws_item_sk)
                                                                                Filter: (i_current_price > '50'::double precision)
                                                                                Rows Removed by Filter: 1
                                                                    ->  Index Scan using pk_web_returns on web_returns  (cost=0.42..0.44 rows=1 width=32) (actual time=0.004..0.004 rows=0 loops=912)
                                                                          Index Cond: ((wr_item_sk = web_sales.ws_item_sk) AND (wr_order_number = web_sales.ws_order_number))
                                                              ->  Materialize  (cost=0.00..2.45 rows=30 width=25) (actual time=0.000..0.001 rows=15 loops=912)
                                                                    ->  Seq Scan on web_site  (cost=0.00..2.30 rows=30 width=25) (actual time=0.030..0.047 rows=30 loops=1)
                          ->  Subquery Scan on csr  (cost=2077.30..2078.66 rows=34 width=88) (actual time=76.984..77.498 rows=337 loops=1)
                                ->  GroupAggregate  (cost=2077.30..2078.15 rows=34 width=41) (actual time=76.981..77.409 rows=337 loops=1)
                                      Group Key: catalog_page.cp_catalog_page_id
                                      ->  Sort  (cost=2077.30..2077.39 rows=34 width=49) (actual time=76.972..77.036 rows=1636 loops=1)
                                            Sort Key: catalog_page.cp_catalog_page_id
                                            Sort Method: quicksort  Memory: 179kB
                                            ->  Nested Loop  (cost=1.86..2076.44 rows=34 width=49) (actual time=0.115..73.990 rows=1636 loops=1)
                                                  ->  Nested Loop  (cost=1.71..2070.74 rows=34 width=57) (actual time=0.108..71.850 rows=1653 loops=1)
                                                        ->  Nested Loop Left Join  (cost=1.43..2060.45 rows=34 width=48) (actual time=0.093..69.497 rows=1656 loops=1)
                                                              ->  Nested Loop  (cost=1.01..2045.36 rows=34 width=48) (actual time=0.083..65.844 rows=1656 loops=1)
                                                                    ->  Nested Loop  (cost=0.72..1845.15 rows=649 width=48) (actual time=0.022..13.140 rows=29909 loops=1)
                                                                          ->  Index Scan using i_d_date on date_dim date_dim_2  (cost=0.29..3.15 rows=33 width=8) (actual time=0.009..0.022 rows=31 loops=1)
                                                                                Index Cond: ((d_date >= '2002-08-03'::date) AND (d_date <= '2002-09-02 00:00:00'::timestamp without time zone))
                                                                          ->  Index Scan using i_cs_sold_date_sk on catalog_sales  (cost=0.43..47.97 rows=785 width=56) (actual time=0.005..0.241 rows=965 loops=31)
                                                                                Index Cond: (cs_sold_date_sk = date_dim_2.d_date_sk)
                                                                    ->  Index Scan using pk_item on item item_2  (cost=0.29..0.31 rows=1 width=8) (actual time=0.002..0.002 rows=0 loops=29909)
                                                                          Index Cond: (i_item_sk = catalog_sales.cs_item_sk)
                                                                          Filter: (i_current_price > '50'::double precision)
                                                                          Rows Removed by Filter: 1
                                                              ->  Index Scan using pk_catalog_returns on catalog_returns  (cost=0.42..0.44 rows=1 width=32) (actual time=0.002..0.002 rows=0 loops=1656)
                                                                    Index Cond: ((cr_item_sk = catalog_sales.cs_item_sk) AND (cr_order_number = catalog_sales.cs_order_number))
                                                        ->  Index Scan using pk_catalog_page on catalog_page  (cost=0.29..0.30 rows=1 width=25) (actual time=0.001..0.001 rows=1 loops=1656)
                                                              Index Cond: (cp_catalog_page_sk = catalog_sales.cs_catalog_page_sk)
                                                  ->  Index Scan using pk_promotion on promotion promotion_2  (cost=0.15..0.17 rows=1 width=8) (actual time=0.001..0.001 rows=1 loops=1653)
                                                        Index Cond: (p_promo_sk = catalog_sales.cs_promo_sk)
                                                        Filter: (p_channel_tv = 'N'::bpchar)
                                                        Rows Removed by Filter: 0
     channel     |              id              |       sales        | returns |       profit        
-----------------+------------------------------+--------------------+---------+---------------------
 catalog channel | catalog_pageAAAAAAAAAAPBAAAA |           18678.27 |       0 |  -533.3700000000003
 catalog channel | catalog_pageAAAAAAAAABBCAAAA |             137.02 |       0 |             -534.04
 catalog channel | catalog_pageAAAAAAAAABPBAAAA |           12674.92 | 4506.03 |   929.4999999999999
 catalog channel | catalog_pageAAAAAAAAACPBAAAA |            11576.1 | 4524.16 |            -3030.37
 catalog channel | catalog_pageAAAAAAAAADPBAAAA | 26915.519999999997 |  2510.3 |            -7566.86
 catalog channel | catalog_pageAAAAAAAAAEPBAAAA |            3835.86 |       0 |            -4421.58
 catalog channel | catalog_pageAAAAAAAAAFPBAAAA |             5862.1 |   62.04 | -1676.1399999999999
 catalog channel | catalog_pageAAAAAAAAAGBCAAAA |            4642.19 |       0 |  -394.9100000000001
 catalog channel | catalog_pageAAAAAAAAAGPBAAAA |           22204.44 | 3224.26 |             2380.11
 catalog channel | catalog_pageAAAAAAAAAHBCAAAA |            1007.76 |   296.4 |  -827.5999999999999
 catalog channel | catalog_pageAAAAAAAAAHPBAAAA |            4105.79 |  142.69 |            -5343.34
 catalog channel | catalog_pageAAAAAAAAAIBCAAAA |            1263.68 | 1204.56 |  -631.8399999999999
 catalog channel | catalog_pageAAAAAAAAAJBCAAAA | 10829.699999999999 |       0 |             6576.97
 catalog channel | catalog_pageAAAAAAAAAJPBAAAA |           25057.21 |  600.89 |   7028.379999999999
 catalog channel | catalog_pageAAAAAAAAAKBCAAAA |            5976.48 |       0 |             1465.92
 catalog channel | catalog_pageAAAAAAAAAKPBAAAA |           16173.66 |       0 |  1356.2499999999995
 catalog channel | catalog_pageAAAAAAAAALBCAAAA |           11101.11 |       0 |   33.23999999999978
 catalog channel | catalog_pageAAAAAAAAAMBCAAAA |           10371.08 |       0 |            -1137.54
 catalog channel | catalog_pageAAAAAAAAANOBAAAA |  7586.410000000001 | 4778.48 | -12637.249999999998
 catalog channel | catalog_pageAAAAAAAAAOOBAAAA |  7780.589999999999 |       0 |            -5414.01
 catalog channel | catalog_pageAAAAAAAAAPACAAAA |             2876.3 |       0 |              707.07
 catalog channel | catalog_pageAAAAAAAAAPOBAAAA |            17869.6 |  1887.6 |            -3250.29
 catalog channel | catalog_pageAAAAAAAABAPBAAAA |           18794.44 |   48.33 | -3997.5100000000016
 catalog channel | catalog_pageAAAAAAAABBPBAAAA |            23000.6 | 2452.48 | -11254.779999999999
 catalog channel | catalog_pageAAAAAAAABCPBAAAA |            1427.32 |       0 |             -1728.4
 catalog channel | catalog_pageAAAAAAAABDPBAAAA | 12399.570000000003 |       0 |            -13073.5
 catalog channel | catalog_pageAAAAAAAABEPBAAAA |             418.32 |       0 |            -4533.04
 catalog channel | catalog_pageAAAAAAAABFPBAAAA |            8460.16 |       0 |            -1001.76
 catalog channel | catalog_pageAAAAAAAABGBCAAAA | 5963.8099999999995 |       0 |  -7623.349999999999
 catalog channel | catalog_pageAAAAAAAABGPBAAAA |             3485.3 |       0 |            -1362.73
 catalog channel | catalog_pageAAAAAAAABHBCAAAA |            5986.96 |       0 |             -286.52
 catalog channel | catalog_pageAAAAAAAABHPBAAAA |            3010.57 |       0 | -335.63000000000005
 catalog channel | catalog_pageAAAAAAAABIBCAAAA |             8316.3 |       0 |            -4236.26
 catalog channel | catalog_pageAAAAAAAABIPBAAAA |           23647.63 |       0 |             4674.92
 catalog channel | catalog_pageAAAAAAAABJBCAAAA |            6540.29 |       0 | -1866.0700000000002
 catalog channel | catalog_pageAAAAAAAABJPBAAAA |            6563.79 |  203.54 | -1543.2700000000002
 catalog channel | catalog_pageAAAAAAAABKBCAAAA |            3709.83 |       0 |            -4158.85
 catalog channel | catalog_pageAAAAAAAABKPBAAAA |  7711.339999999999 |     572 | -1822.9699999999998
 catalog channel | catalog_pageAAAAAAAABLBCAAAA |            4191.71 |       0 |            -3565.92
 catalog channel | catalog_pageAAAAAAAABNOBAAAA | 16947.440000000002 |  945.62 |             1054.87
 catalog channel | catalog_pageAAAAAAAABOOBAAAA |  35782.00000000001 |       0 |            10553.36
 catalog channel | catalog_pageAAAAAAAABPOBAAAA |           37895.94 |       0 |             8964.32
 catalog channel | catalog_pageAAAAAAAACAPBAAAA |           20395.29 |  659.75 |  -82.67000000000058
 catalog channel | catalog_pageAAAAAAAACBPBAAAA | 30287.120000000003 |   88.56 |           -15184.58
 catalog channel | catalog_pageAAAAAAAACCPBAAAA |           25793.83 | 8098.07 |            -7718.05
 catalog channel | catalog_pageAAAAAAAACDPBAAAA | 5028.2699999999995 |  420.64 |            -7339.24
 catalog channel | catalog_pageAAAAAAAACEBCAAAA |            8300.76 |       0 |             3996.36
 catalog channel | catalog_pageAAAAAAAACEPBAAAA |            8221.92 |       0 |            -2204.83
 catalog channel | catalog_pageAAAAAAAACFPBAAAA |            3112.92 |       0 |               86.12
 catalog channel | catalog_pageAAAAAAAACGBCAAAA |             765.58 |       0 |             -845.75
 catalog channel | catalog_pageAAAAAAAACGPBAAAA |           26934.37 |   73.44 |            -3181.76
 catalog channel | catalog_pageAAAAAAAACHBCAAAA | 14800.679999999998 |       0 |            -6020.15
 catalog channel | catalog_pageAAAAAAAACHPBAAAA |            2846.45 |       0 |            -5222.34
 catalog channel | catalog_pageAAAAAAAACIBCAAAA |            3389.12 |       0 |             1225.36
 catalog channel | catalog_pageAAAAAAAACIPBAAAA |           16843.03 |       0 |             6896.99
 catalog channel | catalog_pageAAAAAAAACJBCAAAA |            2994.65 |  1809.6 |  392.74999999999994
 catalog channel | catalog_pageAAAAAAAACJPBAAAA |             7866.5 |       0 |            -3770.54
 catalog channel | catalog_pageAAAAAAAACKBCAAAA | 14030.060000000001 |       0 |             4196.36
 catalog channel | catalog_pageAAAAAAAACKPBAAAA |           15174.88 |       0 |            -3189.96
 catalog channel | catalog_pageAAAAAAAACLBCAAAA |           17734.45 |       0 |   4782.610000000001
 catalog channel | catalog_pageAAAAAAAACNOBAAAA | 17739.010000000002 | 2149.98 |            -5162.65
 catalog channel | catalog_pageAAAAAAAACOOBAAAA | 39878.329999999994 |       0 |             5884.48
 catalog channel | catalog_pageAAAAAAAACPOBAAAA |           23252.78 |       0 |            -5869.31
 catalog channel | catalog_pageAAAAAAAADAPBAAAA |           20193.18 |       0 | -14634.869999999999
 catalog channel | catalog_pageAAAAAAAADBPBAAAA | 13398.079999999998 |       0 |             -2898.8
 catalog channel | catalog_pageAAAAAAAADCPBAAAA | 15948.989999999996 |   29.73 |  -69.24000000000001
 catalog channel | catalog_pageAAAAAAAADDPBAAAA |           15860.01 |       0 |  1487.3199999999997
 catalog channel | catalog_pageAAAAAAAADEPBAAAA |            9814.21 |       0 |  -5703.849999999999
 catalog channel | catalog_pageAAAAAAAADFPBAAAA |            7260.37 |       0 |  273.30999999999995
 catalog channel | catalog_pageAAAAAAAADGBCAAAA |            5144.79 |  376.74 | -3524.7400000000002
 catalog channel | catalog_pageAAAAAAAADGPBAAAA |           13046.11 |   842.1 |  -5.390000000000327
 catalog channel | catalog_pageAAAAAAAADHPBAAAA |  7368.320000000001 |       0 |            -4077.37
 catalog channel | catalog_pageAAAAAAAADIBCAAAA |           22272.53 |       0 |   5555.839999999999
 catalog channel | catalog_pageAAAAAAAADIPBAAAA | 3884.7299999999996 |       0 | -1229.3600000000001
 catalog channel | catalog_pageAAAAAAAADJBCAAAA |             660.91 |       0 |  301.53999999999996
 catalog channel | catalog_pageAAAAAAAADJPBAAAA | 13542.119999999999 |       0 |            -10348.3
 catalog channel | catalog_pageAAAAAAAADKBCAAAA | 2352.3599999999997 |       0 | -2400.5299999999997
 catalog channel | catalog_pageAAAAAAAADKPBAAAA | 10867.359999999999 |       0 |             2192.13
 catalog channel | catalog_pageAAAAAAAADLBCAAAA |           32409.46 |       0 |            10538.05
 catalog channel | catalog_pageAAAAAAAADNOBAAAA | 16918.759999999995 |   48.93 |            -5507.41
 catalog channel | catalog_pageAAAAAAAADOOBAAAA | 20422.539999999997 |  906.36 |            -6493.83
 catalog channel | catalog_pageAAAAAAAADPOBAAAA |              21667 |       0 |             4395.43
 catalog channel | catalog_pageAAAAAAAAEABCAAAA |             546.75 |       0 |             -376.65
 catalog channel | catalog_pageAAAAAAAAEAPBAAAA |              45.15 |       0 |              -50.67
 catalog channel | catalog_pageAAAAAAAAEBPBAAAA | 23003.710000000003 |   92.93 |            -6053.49
 catalog channel | catalog_pageAAAAAAAAECPBAAAA |           36412.01 |       0 |   5659.729999999999
 catalog channel | catalog_pageAAAAAAAAEDPBAAAA | 29739.010000000002 |  115.23 |            -6271.73
 catalog channel | catalog_pageAAAAAAAAEEPBAAAA | 14052.640000000001 |  291.48 |            -9368.26
 catalog channel | catalog_pageAAAAAAAAEFPBAAAA |            7502.65 |       0 |            -9787.45
 catalog channel | catalog_pageAAAAAAAAEGBCAAAA |            9844.76 |       0 |            -7592.25
 catalog channel | catalog_pageAAAAAAAAEGPBAAAA |           14426.25 |       0 |            -3981.54
 catalog channel | catalog_pageAAAAAAAAEHBCAAAA |           16160.43 |       0 |             3300.49
 catalog channel | catalog_pageAAAAAAAAEHPBAAAA |  5163.900000000001 |       0 |           -10014.32
 catalog channel | catalog_pageAAAAAAAAEIBCAAAA |           14490.45 |       0 |             -533.58
 catalog channel | catalog_pageAAAAAAAAEIPBAAAA |             5061.3 |       0 |            -2631.31
 catalog channel | catalog_pageAAAAAAAAEJBCAAAA |           14135.41 |       0 | -1962.6800000000007
 catalog channel | catalog_pageAAAAAAAAEJPBAAAA |            5400.34 |       0 |             1613.01
 catalog channel | catalog_pageAAAAAAAAEKBCAAAA | 11432.259999999998 |       0 |              5565.8
 catalog channel | catalog_pageAAAAAAAAEKPBAAAA |             885.03 |       0 |            -1916.67
 catalog channel | catalog_pageAAAAAAAAELBCAAAA |  519.4399999999999 |       0 |            -1612.59
(100 rows)

UPDATE time_statistics SET e_time = TRANSACTION_TIMESTAMP() WHERE template = '../query_postgresql/query80.tpl' AND stream = 7;
psql:/tmp/s1-basline/throughput/query_7.sql:1166: NOTICE:  duration: 0.088 ms  plan:
Query Text: UPDATE time_statistics SET e_time = TRANSACTION_TIMESTAMP() WHERE template = '../query_postgresql/query80.tpl' AND stream = 7;
Update on time_statistics  (cost=0.00..16.72 rows=0 width=0) (actual time=0.087..0.087 rows=0 loops=1)
  ->  Seq Scan on time_statistics  (cost=0.00..16.72 rows=1 width=14) (actual time=0.070..0.077 rows=1 loops=1)
        Filter: ((template = '../query_postgresql/query80.tpl'::text) AND (stream = 7))
        Rows Removed by Filter: 601
UPDATE 1
LOAD 'auto_explain'; SET auto_explain.log_min_duration TO 0; SET auto_explain.log_analyze TO on; SET auto_explain.log_level TO notice; INSERT INTO time_statistics (template, s_time, stream, query, seed) VALUES ('../query_postgresql/query20.tpl', TRANSACTION_TIMESTAMP(), 7, 26, 1879478762);
LOAD
SET
SET
SET
psql:/tmp/s1-basline/throughput/query_7.sql:1167: NOTICE:  duration: 0.008 ms  plan:
Query Text: INSERT INTO time_statistics (template, s_time, stream, query, seed) VALUES ('../query_postgresql/query20.tpl', TRANSACTION_TIMESTAMP(), 7, 26, 1879478762);
Insert on time_statistics  (cost=0.00..0.01 rows=0 width=0) (actual time=0.007..0.007 rows=0 loops=1)
  ->  Result  (cost=0.00..0.01 rows=1 width=64) (actual time=0.001..0.001 rows=1 loops=1)
INSERT 0 1
select  i_item_id
       ,i_item_desc 
       ,i_category 
       ,i_class 
       ,i_current_price
       ,sum(cs_ext_sales_price) as itemrevenue 
       ,sum(cs_ext_sales_price)*100/sum(sum(cs_ext_sales_price)) over
           (partition by i_class) as revenueratio
 from	catalog_sales
     ,item 
     ,date_dim
 where cs_item_sk = i_item_sk 
   and i_category in ('Home', 'Jewelry', 'Music')
   and cs_sold_date_sk = d_date_sk
 and d_date between cast('2000-01-30' as date) 
 				and (cast('2000-01-30' as date) + INTERVAL '30 days')
 group by i_item_id
         ,i_item_desc 
         ,i_category
         ,i_class
         ,i_current_price
 order by i_category
         ,i_class
         ,i_item_id
         ,i_item_desc
         ,revenueratio
limit 100;
psql:/tmp/s1-basline/throughput/query_7.sql:1194: NOTICE:  duration: 48.045 ms  plan:
Query Text: select  i_item_id
       ,i_item_desc 
       ,i_category 
       ,i_class 
       ,i_current_price
       ,sum(cs_ext_sales_price) as itemrevenue 
       ,sum(cs_ext_sales_price)*100/sum(sum(cs_ext_sales_price)) over
           (partition by i_class) as revenueratio
 from	catalog_sales
     ,item 
     ,date_dim
 where cs_item_sk = i_item_sk 
   and i_category in ('Home', 'Jewelry', 'Music')
   and cs_sold_date_sk = d_date_sk
 and d_date between cast('2000-01-30' as date) 
 				and (cast('2000-01-30' as date) + INTERVAL '30 days')
 group by i_item_id
         ,i_item_desc 
         ,i_category
         ,i_class
         ,i_current_price
 order by i_category
         ,i_class
         ,i_item_id
         ,i_item_desc
         ,revenueratio
limit 100;
Limit  (cost=1889.81..1890.06 rows=100 width=245) (actual time=47.948..47.959 rows=100 loops=1)
  ->  Sort  (cost=1889.81..1890.25 rows=174 width=245) (actual time=47.948..47.953 rows=100 loops=1)
        Sort Key: item.i_category, item.i_class, item.i_item_id, item.i_item_desc, ((((sum(catalog_sales.cs_ext_sales_price)) * '100'::double precision) / sum((sum(catalog_sales.cs_ext_sales_price))) OVER (?)))
        Sort Method: top-N heapsort  Memory: 73kB
        ->  WindowAgg  (cost=1879.42..1883.34 rows=174 width=245) (actual time=45.800..46.897 rows=2090 loops=1)
              ->  Sort  (cost=1879.42..1879.86 rows=174 width=237) (actual time=45.775..45.861 rows=2090 loops=1)
                    Sort Key: item.i_class
                    Sort Method: quicksort  Memory: 674kB
                    ->  GroupAggregate  (cost=1868.16..1872.94 rows=174 width=237) (actual time=42.505..44.506 rows=2090 loops=1)
                          Group Key: item.i_item_id, item.i_item_desc, item.i_category, item.i_class, item.i_current_price
                          ->  Sort  (cost=1868.16..1868.59 rows=174 width=237) (actual time=42.497..42.680 rows=4201 loops=1)
                                Sort Key: item.i_item_id, item.i_item_desc, item.i_category, item.i_class, item.i_current_price
                                Sort Method: quicksort  Memory: 1351kB
                                ->  Nested Loop  (cost=1.01..1861.68 rows=174 width=237) (actual time=0.022..30.874 rows=4201 loops=1)
                                      ->  Nested Loop  (cost=0.72..1678.94 rows=590 width=16) (actual time=0.017..5.965 rows=14236 loops=1)
                                            ->  Index Scan using i_d_date on date_dim  (cost=0.29..3.09 rows=30 width=8) (actual time=0.008..0.020 rows=31 loops=1)
                                                  Index Cond: ((d_date >= '2000-01-30'::date) AND (d_date <= '2000-02-29 00:00:00'::timestamp without time zone))
                                            ->  Index Scan using i_cs_sold_date_sk on catalog_sales  (cost=0.43..48.01 rows=785 width=24) (actual time=0.004..0.118 rows=459 loops=31)
                                                  Index Cond: (cs_sold_date_sk = date_dim.d_date_sk)
                                      ->  Index Scan using pk_item on item  (cost=0.29..0.31 rows=1 width=237) (actual time=0.002..0.002 rows=0 loops=14236)
                                            Index Cond: (i_item_sk = catalog_sales.cs_item_sk)
                                            Filter: (i_category = ANY ('{Home,Jewelry,Music}'::bpchar[]))
                                            Rows Removed by Filter: 1
    i_item_id     |                                                                                               i_item_desc                                                                                                |                     i_category                     |                      i_class                       | i_current_price |    itemrevenue     |     revenueratio     
------------------+----------------------------------------------------------------------------------------------------------------------------------------------------------------------------------------------------------+----------------------------------------------------+----------------------------------------------------+-----------------+--------------------+----------------------
 AAAAAAAAABDAAAAA | Years may not hold therefore difficult activities. Already daily rules might not mean tests. Free forces will not conceal instead in a disciplines. Local children measure p                             | Home                                               | accent                                             |            7.17 |               9636 |   3.2164267681610204
 AAAAAAAAABGEAAAA | Now local years like too liberal changes. Here religious methods take forward primary countries. Financial,                                                                                              | Home                                               | accent                                             |           65.97 |            5845.32 |   1.9511253337969048
 AAAAAAAAAHCBAAAA | Ever unique features sign especially unexpected, sure laws. Red, irish exhibitions will think already physical pp.. Words run successfully on a parents. Ideas give also together efficient hospital     | Home                                               | accent                                             |            6.67 |              13548 |    4.522223936804224
 AAAAAAAAAKIBAAAA | Terrible, respectable texts crack specifically present tools. Other purposes make now local, equivalent benefits. Overnight passive hours construct at least projects. Top, bold years might not face    | Home                                               | accent                                             |            8.24 |            3300.21 |   1.1015861129672768
 AAAAAAAAAKNCAAAA | Old yards think up to the questions. Failures ough                                                                                                                                                       | Home                                               | accent                                             |            3.57 |            4335.17 |   1.4470482391582202
 AAAAAAAAALIDAAAA | Married, essential titles should think meanwhile marginal pubs. Almost elderly measures make solutions. So large faces will not treat tiny, full relations; leg                                          | Home                                               | accent                                             |            9.04 |            1229.43 |   0.4103747988356375
 AAAAAAAAALJDAAAA | National strings tell as b                                                                                                                                                                               | Home                                               | accent                                             |            9.13 |  8184.129999999999 |    2.731803113959075
 AAAAAAAABDCBAAAA | Classes let later in a settlements. Existing, warm thousands will not need particularly apparent subjects. Black years convert from an teachers; eventually delicious sets shall                         | Home                                               | accent                                             |            3.49 |              146.3 |  0.04883387673121184
 AAAAAAAABMDDAAAA | References                                                                                                                                                                                               | Home                                               | accent                                             |            4.69 |            4567.79 |   1.5246951045390438
 AAAAAAAACDACAAAA | Universal, electoral countries may make in                                                                                                                                                               | Home                                               | accent                                             |            3.22 | 5946.3099999999995 |   1.9848350618289285
 AAAAAAAACEIAAAAA | Farmers used to recall still chief supporters. Totally little times extend political numbers. Numbers shall not give early, variable chips. Most british laws ought                                      | Home                                               | accent                                             |            2.26 |            6977.38 |   2.3289987342913387
 AAAAAAAACGAAAAAA | Central aspects ought to work about for a scots. Extraordinary, glad things claim below. Presents shall put german, biological times. Sound times boil wom                                               | Home                                               | accent                                             |            0.96 |            1429.64 |   0.4772034417635659
 AAAAAAAACHAEAAAA | Other, new pictures can tell from a schools. Efficient horses may break also political newspapers. Successful hours appear vi                                                                            | Home                                               | accent                                             |            1.87 |            1511.75 |   0.5046111630103178
 AAAAAAAACNKDAAAA | National pictures might not prevent with a visitors. Streets achieve. Ot                                                                                                                                 | Home                                               | accent                                             |            7.25 |            8018.78 |   2.6766104856781054
 AAAAAAAACOECAAAA | Somewhat active delegates see as for example serious friends.                                                                                                                                            | Home                                               | accent                                             |             9.8 |           22475.93 |   7.5023020850262885
 AAAAAAAACOGBAAAA | Civil bonds could relax main weeks; teams might not grow recently ministers; quiet, free ways could appeal sorry, giant fathers. Civil, necessary bottles would                                          | Home                                               | accent                                             |            8.31 |            2690.67 |   0.8981260909389593
 AAAAAAAADEHCAAAA | Else red subjects reveal hot, huge friends. Long markets want that then scottish examples. Today modern champi                                                                                           | Home                                               | accent                                             |            4.64 |  8369.880000000001 |    2.793805113978369
 AAAAAAAADNCEAAAA | Important police may blame daily, early functions. Unions stay actual tie                                                                                                                                | Home                                               | accent                                             |            0.29 |            4914.18 |   1.6403175690703116
 AAAAAAAADODCAAAA | Anywhere parliamentary exceptions include even slight, alone tables;                                                                                                                                     | Home                                               | accent                                             |            5.97 |             161.94 |  0.05405439506392649
 AAAAAAAAEAFEAAAA | Ready, social flowers act within a tories. Un                                                                                                                                                            | Home                                               | accent                                             |            8.91 |            4501.88 |   1.5026948255550783
 AAAAAAAAEAMAAAAA | Single, british services insure straight; considerably long-term differences                                                                                                                             | Home                                               | accent                                             |            2.29 |              96.26 |  0.03213088840838313
 AAAAAAAAECFAAAAA | Always spanish members meet then strategies. Simple, n                                                                                                                                                   | Home                                               | accent                                             |            3.92 |              81.53 | 0.027214121462034866
 AAAAAAAAELLAAAAA | Conservatives say much. Hesitantly different styles could mean still by the minds. Members represent rates. Poor miners will take also with a fi                                                         | Home                                               | accent                                             |            4.45 |             533.36 |  0.17803169168393126
 AAAAAAAAGENCAAAA | Famou                                                                                                                                                                                                    | Home                                               | accent                                             |            7.19 |               7196 |   2.4019725014203717
 AAAAAAAAGGCDAAAA | Most useful systems ought to make from time to time liable urban customers. Often high names ought to replace for a products. Constant, appointe                                                         | Home                                               | accent                                             |            1.56 |            6867.77 |    2.292411712907141
 AAAAAAAAGKCEAAAA | Well european me                                                                                                                                                                                         | Home                                               | accent                                             |            0.31 |             924.31 |  0.30852796036518393
 AAAAAAAAHABCAAAA | Feet express both now free words. Principle                                                                                                                                                              | Home                                               | accent                                             |            3.35 |             8465.3 |   2.8256556164916438
 AAAAAAAAHANCAAAA | Busy, lexical others begin past drugs. Parents try benefits. Useful meals                                                                                                                                | Home                                               | accent                                             |            4.86 |               87.6 | 0.029240243346918365
 AAAAAAAAHNPCAAAA | Running groups must fol                                                                                                                                                                                  | Home                                               | accent                                             |            3.61 |            4337.66 |   1.4478793830615744
 AAAAAAAAHOICAAAA | Priorities mean strangely groups. No doubt expensive tasks used to believe quick beautiful physical sch                                                                                                  | Home                                               | accent                                             |            1.49 |           14513.14 |    4.844380654428023
 AAAAAAAAICOCAAAA | Reasons hold. Numbers must like home wrong types. Well specific stars may raise explicitly so-called seats; officers deny yet attractive, expected customers. Open leaders s                             | Home                                               | accent                                             |            9.53 |            4336.38 |   1.4474521283642678
 AAAAAAAAIILBAAAA | Services might not succeed alone in a police. Ago agricultural provisions shall go relatively waters. Long services could not start in public fo                                                         | Home                                               | accent                                             |            4.01 |             4602.5 |    1.536281050276162
 AAAAAAAAIJHCAAAA | Simple, absent quantities should go centres. Circumstances should not assist among a hundreds. Video-taped days should not f                                                                             | Home                                               | accent                                             |            3.07 |             773.92 |   0.2583288713589847
 AAAAAAAAIKDEAAAA | Short services regain to a operations. Short, interesting ways see free individuals. Effective limitations should say young courses. Values hear at a problems. As old eyes would not tell               | Home                                               | accent                                             |            6.42 |            2316.15 |   0.7731140368489152
 AAAAAAAAIOADAAAA | Moving, european feelings know desperately ope                                                                                                                                                           | Home                                               | accent                                             |            6.74 |            4669.08 |   1.5585049703907488
 AAAAAAAAJJEDAAAA | Supreme, whole shops used to think; major paren                                                                                                                                                          | Home                                               | accent                                             |             7.9 |              323.4 |    0.107948569616363
 AAAAAAAAKCAEAAAA | Small, fair differences use tonight various children. Professional chips should share pretty enormous goods; possibilities may get suddenly other students. Busy, possible stories                       | Home                                               | accent                                             |            9.43 |            8261.96 |    2.757782202311708
 AAAAAAAAKDGBAAAA | Junior, good hours pass simply. About fresh children would trace sometimes. Confident, old trees take more                                                                                               | Home                                               | accent                                             |            2.41 | 12090.810000000001 |    4.035824505266599
 AAAAAAAAKKKBAAAA | Low votes take to a goals. Financial agreements can f                                                                                                                                                    | Home                                               | accent                                             |           64.69 |  5744.499999999999 |   1.9174723505293667
 AAAAAAAAKNGDAAAA | Important states might know else in a guidelines. New rocks include sure, senior controls. Efficient hours know poor penalti                                                                             | Home                                               | accent                                             |            4.35 |            7566.68 |    2.525702791418496
 AAAAAAAAKPJAAAAA | Long numbers used to amount types. Partners may allow simply in a terms. About british conditions should give empty, difficult heads. Demonstrations must not say now. Meanwhile rough fa                | Home                                               | accent                                             |            2.78 | 1508.0900000000001 |   0.5033894816102068
 AAAAAAAALFIBAAAA | Interesting terms learn events; beyond different terms a                                                                                                                                                 | Home                                               | accent                                             |           88.32 |            3452.58 |   1.1524461115833722
 AAAAAAAAMACAAAAA | Unable, real authorities can identify only. Contacts charge slightly. Patients would take different forces. Remaining birds may see of course relatio                                                    | Home                                               | accent                                             |            8.87 |  6490.110000000001 |   2.1663515496377665
 AAAAAAAAMKDEAAAA | Tonight tropical gardens visit perceptions. Large, eq                                                                                                                                                    | Home                                               | accent                                             |           66.34 |           10370.04 |   3.4614439853570476
 AAAAAAAAMLLDAAAA | Goods li                                                                                                                                                                                                 | Home                                               | accent                                             |            2.68 |            6123.77 |    2.044069920097697
 AAAAAAAAMNHDAAAA | Current questions used to measure. Thin failures could not swim readily. High rates shall not ask only still new needs; dangerous, polish files listen in                                                | Home                                               | accent                                             |             4.6 |            1296.12 |  0.43263543615077427
 AAAAAAAANHCAAAAA | Acute, lexical countrie                                                                                                                                                                                  | Home                                               | accent                                             |            0.78 |             790.41 |   0.2638331135141295
 AAAAAAAANIBAAAAA | Theories establish also rich months. Capital, dark actions will release especially no longer massive circumstances. Popular, domestic examples ought to make. Also american seats allow yesterday count  | Home                                               | accent                                             |            4.25 |           18167.45 |    6.064162773892375
 AAAAAAAAOAECAAAA | Low parents used to seem questions; western, bad prices must compensate more thin letters. Weak, large words gain a                                                                                      | Home                                               | accent                                             |            6.12 |            3418.57 |   1.1410938207588437
 AAAAAAAAOCPBAAAA | Concrete walls gain budgets; italian, particular orders can make then direct lights. Animals perform quite vital others. New, agricultural meta                                                          | Home                                               | accent                                             |             1.1 |            2376.75 |   0.7933418764245231
 AAAAAAAAODCBAAAA | Thinking, official reasons may tell individual, european practices. Special remarks will not want here sessions; separate, s                                                                             | Home                                               | accent                                             |            33.5 |            2745.27 |   0.9163511741209427
 AAAAAAAAOEACAAAA | Chief thoughts pretend women; re                                                                                                                                                                         | Home                                               | accent                                             |            3.13 |  5476.960000000001 |    1.828169442937649
 AAAAAAAAOFADAAAA | Powers deliver largely real speeches. New units figure. Attitudes would reach either apparently american words; homes should no notoriously potential                                                    | Home                                               | accent                                             |            6.75 |              41.89 | 0.013982577554822035
 AAAAAAAAOFHCAAAA | Always dangerous years might see even indeed equivalent years. Employers raise clear ways. Formal purposes could not expect proud hands. Products shall recall in particular. Total, european babies d   | Home                                               | accent                                             |             0.9 | 21407.420000000002 |    7.145641212667662
 AAAAAAAAOFMAAAAA | Strange, clear years may give. Pounds used to appeal clearly in a minutes. Basically                                                                                                                     | Home                                               | accent                                             |            3.58 |            4067.43 |   1.3576785730200476
 AAAAAAAAOKHDAAAA | Basic measures prove characteristically rather social meetings. Ever tall banks shall not drive however actually busy principles. Working countries cease randomly also important children. Fir          | Home                                               | accent                                             |            4.87 |             275.25 |  0.09187644955752602
 AAAAAAAAABFBAAAA | Payable cells used to complain friendly, clever individuals; old, social sites know still with the gentlemen. As effective individuals see difficult honou                                               | Home                                               | bathroom                                           |            1.49 |             948.54 |   0.7998928686296511
 AAAAAAAAAKKAAAAA | Much inevitable cells would not create ahead much agricultural parameters. Again effective inches may enjoy by the stars. Senior, concerned passengers tell still conventional revenues. Serious         | Home                                               | bathroom                                           |            7.91 |            9568.61 |    8.069098721928823
 AAAAAAAABCHAAAAA | Various lands must not know however able subjects. Daily, commercial examinations say yet. Foods should not need then more shared members; rivals might specify                                          | Home                                               | bathroom                                           |            0.81 |            2818.65 |   2.3769351151906783
 AAAAAAAABHCDAAAA | Good unions enable at a blocks. Years say particularly popular proportions. Remarkable, cold accidents feel lectures. Sometimes final troops must not work social advantages. Primarily ea               | Home                                               | bathroom                                           |            1.33 |           15572.99 |   13.132523292893152
 AAAAAAAABIDEAAAA | Practical, possible channels will not concern readers; local times emphasise only middle-class, poor creatures. Almost australian earnings could not return residential, economic versions. Initially st | Home                                               | bathroom                                           |            3.02 |            2919.31 |    2.461820535053057
 AAAAAAAABMPDAAAA | Traditional, fatal police may not stir recently particular programmes. Actually full                                                                                                                     | Home                                               | bathroom                                           |            4.89 |            3548.16 |     2.99212250485692
 AAAAAAAACACBAAAA | Sometimes national pp. ought to develop high, tiny b                                                                                                                                                     | Home                                               | bathroom                                           |             3.8 |            3876.96 |    3.269395761868147
 AAAAAAAACJMDAAAA | Necessary cards form extra products. Full authorities blame so compulsory aspirations. Free drivers go quite; financial arguments trust further merely big activities. Measures shall come               | Home                                               | bathroom                                           |            0.44 |              42.75 |  0.03605058314242687
 AAAAAAAAEDFEAAAA | Classical, long applications should not                                                                                                                                                                  | Home                                               | bathroom                                           |            4.15 |            8756.94 |   7.3846267495495574
 AAAAAAAAEEGDAAAA | Free, direct doctors shall keep then well particular weeks. Apparently historical wo                                                                                                                     | Home                                               | bathroom                                           |            9.03 | 2291.2200000000003 |   1.9321594645050597
 AAAAAAAAEJPBAAAA | Peaceful, relevant heads can specify better wrong blues. Times take western germans. Substantial tools will not believe. Able courses disappe                                                            | Home                                               | bathroom                                           |             3.3 |              146.1 |  0.12320444905517114
 AAAAAAAAEMLBAAAA | Religious, good cheeks must kn                                                                                                                                                                           | Home                                               | bathroom                                           |             2.7 |             831.85 |   0.7014895341994806
 AAAAAAAAGGFAAAAA | Needs see again resources. Different, successful instances visit of course detailed, main posts. Bones should happen both human bodies. Natural skills share artistic sales. P                           | Home                                               | bathroom                                           |            8.41 |            4780.01 |    4.030927436880278
 AAAAAAAAGGHAAAAA | Real contexts should come also through a newspapers. Qualifications may delay well l                                                                                                                     | Home                                               | bathroom                                           |            6.52 |            2248.62 |   1.8962353746368166
 AAAAAAAAGJNDAAAA | Again living curtains might keep. Christian, favorite relations become hungry, happy sons. British, fun risks could acquire human substances; existing,                                                  | Home                                               | bathroom                                           |            7.02 |             9574.2 |    8.073812704613413
 AAAAAAAAGMIAAAAA | Peoples can encourage only gen                                                                                                                                                                           | Home                                               | bathroom                                           |            3.04 |              86.19 |  0.07268303534609993
 AAAAAAAAHAJAAAAA | Individual teeth may issue always tenan                                                                                                                                                                  | Home                                               | bathroom                                           |            5.28 |            6674.41 |     5.62845316097416
 AAAAAAAAHCNDAAAA | Strange, other bodies may say further adult servants. Forms will                                                                                                                                         | Home                                               | bathroom                                           |            2.43 |             206.22 |  0.17390295334809988
 AAAAAAAAHCOCAAAA | Light, current needs will not arise as british claims. Less than cultural terms eat already presidential, independent ins                                                                                | Home                                               | bathroom                                           |            7.04 |               3137 |   2.6453960074337566
 AAAAAAAAICOBAAAA | Other, full parameters tell more monthly schools. Very terrible adults may distinguish upward. Small jews                                                                                                | Home                                               | bathroom                                           |            1.65 |            1095.31 |   0.9236623209761773
 AAAAAAAAIHEDAAAA | Privileges will evaluate in the rewards. Philosophical, other changes drive extremely new, new councillors. Local years benefit so specialist, high pp.; onc                                             | Home                                               | bathroom                                           |            3.72 | 1978.4199999999998 |   1.6683788234067873
 AAAAAAAAIIADAAAA | Live rates ought to come into a parties. Poor, realistic years afford aside necessary hospitals. True women might not share royal memories. Ru                                                           | Home                                               | bathroom                                           |            8.35 |            1148.06 |    0.968145789064201
 AAAAAAAAJBDDAAAA | Considerable, costly aspects keep english roads. Also reliable members can make possibly. Members begin previously too red years. Countries roll young, scientific force                                 | Home                                               | bathroom                                           |            4.76 |  4121.639999999999 |   3.4757315907170123
 AAAAAAAAJENCAAAA | Local, good wines can come a little young jobs. Now bright values could go un                                                                                                                            | Home                                               | bathroom                                           |             4.5 |              973.5 |    0.820941349453861
 AAAAAAAAKAPAAAAA | Much twin hours cannot bring especially. To                                                                                                                                                              | Home                                               | bathroom                                           |            9.05 |             3802.4 |   3.2065201717137763
 AAAAAAAAKBHCAAAA | Unknown, following losses can suffer general models. As existing others move yet really rigid e                                                                                                          | Home                                               | bathroom                                           |            0.68 |                106 |  0.08938858042332745
 AAAAAAAAKFFAAAAA | Speakers make slightly light figures. Old ages give qualifications. Continuous institutions work rather quick free indicators. Academic, left participants used to hand at all by a talk                 | Home                                               | bathroom                                           |               8 |            2644.04 |   2.2296885111556106
 AAAAAAAAKMDEAAAA | Systems become in a streets. N                                                                                                                                                                           | Home                                               | bathroom                                           |            6.27 |            5390.24 |    4.545527374915439
 AAAAAAAAMEFCAAAA | More orthodox emotions may not remember probably movies. Guidelines may bring therefore creditors. Severe types might not form then successful, professional patien                                      | Home                                               | bathroom                                           |            2.67 |                5.6 | 0.004722415569534281
 AAAAAAAAMPBAAAAA | Metres will hide later permanent, disciplinary ports. Useful prospects can try with a students                                                                                                           | Home                                               | bathroom                                           |           85.18 |            6678.28 |   5.6317166874481055
 AAAAAAAANGJDAAAA | Endless, roman houses characterize total subjects. Institutional humans co                                                                                                                               | Home                                               | bathroom                                           |            6.93 |            8053.14 |    6.791120307078446
 AAAAAAAAOFFCAAAA | Major remarks should say like a efforts; years regain now national needs. Satisfactory, flexible flats approach perhaps as for t                                                                         | Home                                               | bathroom                                           |             7.1 | 4085.8199999999997 |   3.4455249968418844
 AAAAAAAAPBGDAAAA | Prime, shallow roads ought to smile decisively small notions. Actual, absent forests shall not marry just just main crops. Russian hands must                                                            | Home                                               | bathroom                                           |            1.81 |              472.2 |    0.398200827131087
 AAAAAAAAACMDAAAA | Matters learn highly unlikely matters; men may not find both special, sick clients. Also new sourc                                                                                                       | Home                                               | bedding                                            |            1.16 |             103.32 |   0.0322220127867625
 AAAAAAAAAEPDAAAA | Forms could not enjoy perhaps in a women. Bits specify private, standard times. Soldiers know gently anonymous, overseas mo                                                                              | Home                                               | bedding                                            |            5.92 |            2905.71 |   0.9061926517094818
 AAAAAAAAAKHDAAAA | Really top lines see; final, big arts hide b                                                                                                                                                             | Home                                               | bedding                                            |            2.26 |            9279.75 |   2.8940401002512512
 AAAAAAAACBNDAAAA | Supreme effects see instead front skills. Though goo                                                                                                                                                     | Home                                               | bedding                                            |            3.45 |  4888.709999999999 |   1.5246232687841044
 AAAAAAAACEABAAAA | Very light eyes could not manage highly present, great laws. Various purposes wait eventually other needs. Urgently leading forces could utilise firmly above a girls. Willing remarks may il            | Home                                               | bedding                                            |              66 |            1066.28 |   0.3325366608039984
 AAAAAAAACKACAAAA | Still legal animals must imagine; families                                                                                                                                                               | Home                                               | bedding                                            |            4.42 |           10731.69 |    3.346851068559536
 AAAAAAAADANAAAAA | Average factors must know usual, literary methods. Rapid, severe effects used to state possibly skills. Religious players seem prices; hours de                                                          | Home                                               | bedding                                            |            3.99 |            4123.96 |   1.2861236145189419
 AAAAAAAADKPAAAAA | Small resources go days. Full duties used to act just comparative experiences. Also running weeks should dominate fast readers.                                                                          | Home                                               | bedding                                            |            6.77 | 15991.330000000002 |    4.987154856149234
 AAAAAAAAEADEAAAA | Political affairs would say really in place of a resources. Times withdraw quite long countries. Yet used changes must see for a conditions. General years used to find both. Blue,                      | Home                                               | bedding                                            |            2.23 |             9732.7 |    3.035299882401504
 AAAAAAAAEHGAAAAA | Areas depend slowly busy places. Pr                                                                                                                                                                      | Home                                               | bedding                                            |            8.34 |            3601.71 |   1.1232515067190318
 AAAAAAAAFLJAAAAA | Junior statements will understand grim, inherent glasses. Initial matters work medical, british men. Now available facts shall give significantly by the nations. Notes mu                               | Home                                               | bedding                                            |            7.67 |            1192.32 |  0.37184427299567036
(100 rows)

UPDATE time_statistics SET e_time = TRANSACTION_TIMESTAMP() WHERE template = '../query_postgresql/query20.tpl' AND stream = 7;
psql:/tmp/s1-basline/throughput/query_7.sql:1196: NOTICE:  duration: 0.081 ms  plan:
Query Text: UPDATE time_statistics SET e_time = TRANSACTION_TIMESTAMP() WHERE template = '../query_postgresql/query20.tpl' AND stream = 7;
Update on time_statistics  (cost=0.00..16.72 rows=0 width=0) (actual time=0.080..0.080 rows=0 loops=1)
  ->  Seq Scan on time_statistics  (cost=0.00..16.72 rows=1 width=14) (actual time=0.063..0.069 rows=1 loops=1)
        Filter: ((template = '../query_postgresql/query20.tpl'::text) AND (stream = 7))
        Rows Removed by Filter: 602
UPDATE 1
LOAD 'auto_explain'; SET auto_explain.log_min_duration TO 0; SET auto_explain.log_analyze TO on; SET auto_explain.log_level TO notice; INSERT INTO time_statistics (template, s_time, stream, query, seed) VALUES ('../query_postgresql/query2.tpl', TRANSACTION_TIMESTAMP(), 7, 27, 1062589211);
LOAD
SET
SET
SET
psql:/tmp/s1-basline/throughput/query_7.sql:1197: NOTICE:  duration: 0.008 ms  plan:
Query Text: INSERT INTO time_statistics (template, s_time, stream, query, seed) VALUES ('../query_postgresql/query2.tpl', TRANSACTION_TIMESTAMP(), 7, 27, 1062589211);
Insert on time_statistics  (cost=0.00..0.01 rows=0 width=0) (actual time=0.008..0.008 rows=0 loops=1)
  ->  Result  (cost=0.00..0.01 rows=1 width=64) (actual time=0.001..0.001 rows=1 loops=1)
INSERT 0 1
with wscs as
 (select sold_date_sk
        ,sales_price
  from (select ws_sold_date_sk sold_date_sk
              ,ws_ext_sales_price sales_price
        from web_sales 
        union all
        select cs_sold_date_sk sold_date_sk
              ,cs_ext_sales_price sales_price
        from catalog_sales) x),
 wswscs as 
 (select d_week_seq,
        sum(case when (d_day_name='Sunday') then sales_price else null end) sun_sales,
        sum(case when (d_day_name='Monday') then sales_price else null end) mon_sales,
        sum(case when (d_day_name='Tuesday') then sales_price else  null end) tue_sales,
        sum(case when (d_day_name='Wednesday') then sales_price else null end) wed_sales,
        sum(case when (d_day_name='Thursday') then sales_price else null end) thu_sales,
        sum(case when (d_day_name='Friday') then sales_price else null end) fri_sales,
        sum(case when (d_day_name='Saturday') then sales_price else null end) sat_sales
 from wscs
     ,date_dim
 where d_date_sk = sold_date_sk
 group by d_week_seq)
 select d_week_seq1
       ,round(cast(sun_sales1/sun_sales2 AS NUMERIC),2)
       ,round(cast(mon_sales1/mon_sales2 AS NUMERIC),2)
       ,round(cast(tue_sales1/tue_sales2 AS NUMERIC),2)
       ,round(cast(wed_sales1/wed_sales2 AS NUMERIC),2)
       ,round(cast(thu_sales1/thu_sales2 AS NUMERIC),2)
       ,round(cast(fri_sales1/fri_sales2 AS NUMERIC),2)
       ,round(cast(sat_sales1/sat_sales2 AS NUMERIC),2)
 from
 (select wswscs.d_week_seq d_week_seq1
        ,sun_sales sun_sales1
        ,mon_sales mon_sales1
        ,tue_sales tue_sales1
        ,wed_sales wed_sales1
        ,thu_sales thu_sales1
        ,fri_sales fri_sales1
        ,sat_sales sat_sales1
  from wswscs,date_dim 
  where date_dim.d_week_seq = wswscs.d_week_seq and
        d_year = 2001) y,
 (select wswscs.d_week_seq d_week_seq2
        ,sun_sales sun_sales2
        ,mon_sales mon_sales2
        ,tue_sales tue_sales2
        ,wed_sales wed_sales2
        ,thu_sales thu_sales2
        ,fri_sales fri_sales2
        ,sat_sales sat_sales2
  from wswscs
      ,date_dim 
  where date_dim.d_week_seq = wswscs.d_week_seq and
        d_year = 2001+1) z
 where d_week_seq1=d_week_seq2-53
 order by d_week_seq1;
psql:/tmp/s1-basline/throughput/query_7.sql:1254: NOTICE:  duration: 741.876 ms  plan:
Query Text: with wscs as
 (select sold_date_sk
        ,sales_price
  from (select ws_sold_date_sk sold_date_sk
              ,ws_ext_sales_price sales_price
        from web_sales 
        union all
        select cs_sold_date_sk sold_date_sk
              ,cs_ext_sales_price sales_price
        from catalog_sales) x),
 wswscs as 
 (select d_week_seq,
        sum(case when (d_day_name='Sunday') then sales_price else null end) sun_sales,
        sum(case when (d_day_name='Monday') then sales_price else null end) mon_sales,
        sum(case when (d_day_name='Tuesday') then sales_price else  null end) tue_sales,
        sum(case when (d_day_name='Wednesday') then sales_price else null end) wed_sales,
        sum(case when (d_day_name='Thursday') then sales_price else null end) thu_sales,
        sum(case when (d_day_name='Friday') then sales_price else null end) fri_sales,
        sum(case when (d_day_name='Saturday') then sales_price else null end) sat_sales
 from wscs
     ,date_dim
 where d_date_sk = sold_date_sk
 group by d_week_seq)
 select d_week_seq1
       ,round(cast(sun_sales1/sun_sales2 AS NUMERIC),2)
       ,round(cast(mon_sales1/mon_sales2 AS NUMERIC),2)
       ,round(cast(tue_sales1/tue_sales2 AS NUMERIC),2)
       ,round(cast(wed_sales1/wed_sales2 AS NUMERIC),2)
       ,round(cast(thu_sales1/thu_sales2 AS NUMERIC),2)
       ,round(cast(fri_sales1/fri_sales2 AS NUMERIC),2)
       ,round(cast(sat_sales1/sat_sales2 AS NUMERIC),2)
 from
 (select wswscs.d_week_seq d_week_seq1
        ,sun_sales sun_sales1
        ,mon_sales mon_sales1
        ,tue_sales tue_sales1
        ,wed_sales wed_sales1
        ,thu_sales thu_sales1
        ,fri_sales fri_sales1
        ,sat_sales sat_sales1
  from wswscs,date_dim 
  where date_dim.d_week_seq = wswscs.d_week_seq and
        d_year = 2001) y,
 (select wswscs.d_week_seq d_week_seq2
        ,sun_sales sun_sales2
        ,mon_sales mon_sales2
        ,tue_sales tue_sales2
        ,wed_sales wed_sales2
        ,thu_sales thu_sales2
        ,fri_sales fri_sales2
        ,sat_sales sat_sales2
  from wswscs
      ,date_dim 
  where date_dim.d_week_seq = wswscs.d_week_seq and
        d_year = 2001+1) z
 where d_week_seq1=d_week_seq2-53
 order by d_week_seq1;
Sort  (cost=143069.69..143069.73 rows=13 width=228) (actual time=689.333..740.255 rows=2513 loops=1)
  Sort Key: wswscs.d_week_seq
  Sort Method: quicksort  Memory: 314kB
  CTE wswscs
    ->  Finalize GroupAggregate  (cost=134861.70..137814.49 rows=10421 width=60) (actual time=662.219..713.375 rows=263 loops=1)
          Group Key: date_dim_2.d_week_seq
          ->  Gather Merge  (cost=134861.70..137293.44 rows=20842 width=60) (actual time=662.213..713.164 rows=789 loops=1)
                Workers Planned: 2
                Workers Launched: 2
                ->  Sort  (cost=133861.68..133887.73 rows=10421 width=60) (actual time=657.450..657.468 rows=263 loops=3)
                      Sort Key: date_dim_2.d_week_seq
                      Sort Method: quicksort  Memory: 51kB
                      Worker 0:  Sort Method: quicksort  Memory: 51kB
                      Worker 1:  Sort Method: quicksort  Memory: 47kB
                      ->  Partial HashAggregate  (cost=133062.01..133166.22 rows=10421 width=60) (actual time=657.261..657.356 rows=263 loops=3)
                            Group Key: date_dim_2.d_week_seq
                            Batches: 1  Memory Usage: 465kB
                            Worker 0:  Batches: 1  Memory Usage: 465kB
                            Worker 1:  Batches: 1  Memory Usage: 465kB
                            ->  Hash Join  (cost=3048.60..99196.51 rows=903080 width=22) (actual time=29.320..418.525 rows=708517 loops=3)
                                  Hash Cond: (catalog_sales.cs_sold_date_sk = date_dim_2.d_date_sk)
                                  ->  Parallel Append  (cost=0.00..93777.19 rows=903079 width=16) (actual time=0.022..270.297 rows=710974 loops=3)
                                        ->  Parallel Seq Scan on catalog_sales  (cost=0.00..59490.16 rows=602016 width=16) (actual time=0.014..153.908 rows=473789 loops=3)
                                        ->  Parallel Seq Scan on web_sales  (cost=0.00..29771.63 rows=301063 width=16) (actual time=0.018..111.715 rows=355778 loops=2)
                                  ->  Hash  (cost=2135.49..2135.49 rows=73049 width=22) (actual time=28.903..28.904 rows=73049 loops=3)
                                        Buckets: 131072  Batches: 1  Memory Usage: 5019kB
                                        ->  Seq Scan on date_dim date_dim_2  (cost=0.00..2135.49 rows=73049 width=22) (actual time=0.021..17.225 rows=73049 loops=3)
  ->  Hash Join  (cost=5006.66..5254.97 rows=13 width=228) (actual time=679.236..688.703 rows=2513 loops=1)
        Hash Cond: (wswscs.d_week_seq = date_dim.d_week_seq)
        ->  CTE Scan on wswscs  (cost=0.00..208.42 rows=10421 width=60) (actual time=662.221..662.240 rows=263 loops=1)
        ->  Hash  (cost=5006.49..5006.49 rows=13 width=64) (actual time=16.952..16.954 rows=2513 loops=1)
              Buckets: 4096 (originally 1024)  Batches: 1 (originally 1)  Memory Usage: 278kB
              ->  Merge Join  (cost=5000.92..5006.49 rows=13 width=64) (actual time=15.870..16.305 rows=2513 loops=1)
                    Merge Cond: (((wswscs_1.d_week_seq - 53)) = date_dim.d_week_seq)
                    ->  Sort  (cost=2667.37..2668.28 rows=363 width=60) (actual time=9.195..9.210 rows=365 loops=1)
                          Sort Key: ((wswscs_1.d_week_seq - 53))
                          Sort Method: quicksort  Memory: 62kB
                          ->  Hash Join  (cost=2322.65..2651.94 rows=363 width=60) (actual time=8.962..9.091 rows=365 loops=1)
                                Hash Cond: (wswscs_1.d_week_seq = date_dim_1.d_week_seq)
                                ->  CTE Scan on wswscs wswscs_1  (cost=0.00..208.42 rows=10421 width=60) (actual time=0.000..0.413 rows=263 loops=1)
                                ->  Hash  (cost=2318.11..2318.11 rows=363 width=4) (actual time=8.602..8.602 rows=365 loops=1)
                                      Buckets: 1024  Batches: 1  Memory Usage: 21kB
                                      ->  Seq Scan on date_dim date_dim_1  (cost=0.00..2318.11 rows=363 width=4) (actual time=4.293..8.553 rows=365 loops=1)
                                            Filter: (d_year = 2002)
                                            Rows Removed by Filter: 72684
                    ->  Sort  (cost=2333.55..2334.45 rows=363 width=4) (actual time=6.670..6.771 rows=2513 loops=1)
                          Sort Key: date_dim.d_week_seq
                          Sort Method: quicksort  Memory: 25kB
                          ->  Seq Scan on date_dim  (cost=0.00..2318.11 rows=363 width=4) (actual time=3.376..6.643 rows=365 loops=1)
                                Filter: (d_year = 2001)
                                Rows Removed by Filter: 72684
 d_week_seq1 | round | round | round | round | round | round | round 
-------------+-------+-------+-------+-------+-------+-------+-------
        5270 |  3.36 |  1.64 |  1.71 |  1.76 |  4.20 |  3.71 |  3.28
        5270 |  3.36 |  1.64 |  1.71 |  1.76 |  4.20 |  3.71 |  3.28
        5270 |  3.36 |  1.64 |  1.71 |  1.76 |  4.20 |  3.71 |  3.28
        5270 |  3.36 |  1.64 |  1.71 |  1.76 |  4.20 |  3.71 |  3.28
        5270 |  3.36 |  1.64 |  1.71 |  1.76 |  4.20 |  3.71 |  3.28
        5270 |  3.36 |  1.64 |  1.71 |  1.76 |  4.20 |  3.71 |  3.28
        5270 |  3.36 |  1.64 |  1.71 |  1.76 |  4.20 |  3.71 |  3.28
        5271 |  0.97 |  1.27 |  1.15 |  1.08 |  1.03 |  0.77 |  0.87
        5271 |  0.97 |  1.27 |  1.15 |  1.08 |  1.03 |  0.77 |  0.87
        5271 |  0.97 |  1.27 |  1.15 |  1.08 |  1.03 |  0.77 |  0.87
        5271 |  0.97 |  1.27 |  1.15 |  1.08 |  1.03 |  0.77 |  0.87
        5271 |  0.97 |  1.27 |  1.15 |  1.08 |  1.03 |  0.77 |  0.87
        5271 |  0.97 |  1.27 |  1.15 |  1.08 |  1.03 |  0.77 |  0.87
        5271 |  0.97 |  1.27 |  1.15 |  1.08 |  1.03 |  0.77 |  0.87
        5271 |  0.97 |  1.27 |  1.15 |  1.08 |  1.03 |  0.77 |  0.87
        5271 |  0.97 |  1.27 |  1.15 |  1.08 |  1.03 |  0.77 |  0.87
        5271 |  0.97 |  1.27 |  1.15 |  1.08 |  1.03 |  0.77 |  0.87
        5271 |  0.97 |  1.27 |  1.15 |  1.08 |  1.03 |  0.77 |  0.87
        5271 |  0.97 |  1.27 |  1.15 |  1.08 |  1.03 |  0.77 |  0.87
        5271 |  0.97 |  1.27 |  1.15 |  1.08 |  1.03 |  0.77 |  0.87
        5271 |  0.97 |  1.27 |  1.15 |  1.08 |  1.03 |  0.77 |  0.87
        5271 |  0.97 |  1.27 |  1.15 |  1.08 |  1.03 |  0.77 |  0.87
        5271 |  0.97 |  1.27 |  1.15 |  1.08 |  1.03 |  0.77 |  0.87
        5271 |  0.97 |  1.27 |  1.15 |  1.08 |  1.03 |  0.77 |  0.87
        5271 |  0.97 |  1.27 |  1.15 |  1.08 |  1.03 |  0.77 |  0.87
        5271 |  0.97 |  1.27 |  1.15 |  1.08 |  1.03 |  0.77 |  0.87
        5271 |  0.97 |  1.27 |  1.15 |  1.08 |  1.03 |  0.77 |  0.87
        5271 |  0.97 |  1.27 |  1.15 |  1.08 |  1.03 |  0.77 |  0.87
        5271 |  0.97 |  1.27 |  1.15 |  1.08 |  1.03 |  0.77 |  0.87
        5271 |  0.97 |  1.27 |  1.15 |  1.08 |  1.03 |  0.77 |  0.87
        5271 |  0.97 |  1.27 |  1.15 |  1.08 |  1.03 |  0.77 |  0.87
        5271 |  0.97 |  1.27 |  1.15 |  1.08 |  1.03 |  0.77 |  0.87
        5271 |  0.97 |  1.27 |  1.15 |  1.08 |  1.03 |  0.77 |  0.87
        5271 |  0.97 |  1.27 |  1.15 |  1.08 |  1.03 |  0.77 |  0.87
        5271 |  0.97 |  1.27 |  1.15 |  1.08 |  1.03 |  0.77 |  0.87
        5271 |  0.97 |  1.27 |  1.15 |  1.08 |  1.03 |  0.77 |  0.87
        5271 |  0.97 |  1.27 |  1.15 |  1.08 |  1.03 |  0.77 |  0.87
        5271 |  0.97 |  1.27 |  1.15 |  1.08 |  1.03 |  0.77 |  0.87
        5271 |  0.97 |  1.27 |  1.15 |  1.08 |  1.03 |  0.77 |  0.87
        5271 |  0.97 |  1.27 |  1.15 |  1.08 |  1.03 |  0.77 |  0.87
        5271 |  0.97 |  1.27 |  1.15 |  1.08 |  1.03 |  0.77 |  0.87
        5271 |  0.97 |  1.27 |  1.15 |  1.08 |  1.03 |  0.77 |  0.87
        5271 |  0.97 |  1.27 |  1.15 |  1.08 |  1.03 |  0.77 |  0.87
        5271 |  0.97 |  1.27 |  1.15 |  1.08 |  1.03 |  0.77 |  0.87
        5271 |  0.97 |  1.27 |  1.15 |  1.08 |  1.03 |  0.77 |  0.87
        5271 |  0.97 |  1.27 |  1.15 |  1.08 |  1.03 |  0.77 |  0.87
        5271 |  0.97 |  1.27 |  1.15 |  1.08 |  1.03 |  0.77 |  0.87
        5271 |  0.97 |  1.27 |  1.15 |  1.08 |  1.03 |  0.77 |  0.87
        5271 |  0.97 |  1.27 |  1.15 |  1.08 |  1.03 |  0.77 |  0.87
        5271 |  0.97 |  1.27 |  1.15 |  1.08 |  1.03 |  0.77 |  0.87
        5271 |  0.97 |  1.27 |  1.15 |  1.08 |  1.03 |  0.77 |  0.87
        5271 |  0.97 |  1.27 |  1.15 |  1.08 |  1.03 |  0.77 |  0.87
        5271 |  0.97 |  1.27 |  1.15 |  1.08 |  1.03 |  0.77 |  0.87
        5271 |  0.97 |  1.27 |  1.15 |  1.08 |  1.03 |  0.77 |  0.87
        5271 |  0.97 |  1.27 |  1.15 |  1.08 |  1.03 |  0.77 |  0.87
        5271 |  0.97 |  1.27 |  1.15 |  1.08 |  1.03 |  0.77 |  0.87
        5272 |  1.04 |  1.34 |  0.88 |  1.23 |  1.15 |  0.90 |  0.65
        5272 |  1.04 |  1.34 |  0.88 |  1.23 |  1.15 |  0.90 |  0.65
        5272 |  1.04 |  1.34 |  0.88 |  1.23 |  1.15 |  0.90 |  0.65
        5272 |  1.04 |  1.34 |  0.88 |  1.23 |  1.15 |  0.90 |  0.65
        5272 |  1.04 |  1.34 |  0.88 |  1.23 |  1.15 |  0.90 |  0.65
        5272 |  1.04 |  1.34 |  0.88 |  1.23 |  1.15 |  0.90 |  0.65
        5272 |  1.04 |  1.34 |  0.88 |  1.23 |  1.15 |  0.90 |  0.65
        5272 |  1.04 |  1.34 |  0.88 |  1.23 |  1.15 |  0.90 |  0.65
        5272 |  1.04 |  1.34 |  0.88 |  1.23 |  1.15 |  0.90 |  0.65
        5272 |  1.04 |  1.34 |  0.88 |  1.23 |  1.15 |  0.90 |  0.65
        5272 |  1.04 |  1.34 |  0.88 |  1.23 |  1.15 |  0.90 |  0.65
        5272 |  1.04 |  1.34 |  0.88 |  1.23 |  1.15 |  0.90 |  0.65
        5272 |  1.04 |  1.34 |  0.88 |  1.23 |  1.15 |  0.90 |  0.65
        5272 |  1.04 |  1.34 |  0.88 |  1.23 |  1.15 |  0.90 |  0.65
        5272 |  1.04 |  1.34 |  0.88 |  1.23 |  1.15 |  0.90 |  0.65
        5272 |  1.04 |  1.34 |  0.88 |  1.23 |  1.15 |  0.90 |  0.65
        5272 |  1.04 |  1.34 |  0.88 |  1.23 |  1.15 |  0.90 |  0.65
        5272 |  1.04 |  1.34 |  0.88 |  1.23 |  1.15 |  0.90 |  0.65
        5272 |  1.04 |  1.34 |  0.88 |  1.23 |  1.15 |  0.90 |  0.65
        5272 |  1.04 |  1.34 |  0.88 |  1.23 |  1.15 |  0.90 |  0.65
        5272 |  1.04 |  1.34 |  0.88 |  1.23 |  1.15 |  0.90 |  0.65
        5272 |  1.04 |  1.34 |  0.88 |  1.23 |  1.15 |  0.90 |  0.65
        5272 |  1.04 |  1.34 |  0.88 |  1.23 |  1.15 |  0.90 |  0.65
        5272 |  1.04 |  1.34 |  0.88 |  1.23 |  1.15 |  0.90 |  0.65
        5272 |  1.04 |  1.34 |  0.88 |  1.23 |  1.15 |  0.90 |  0.65
        5272 |  1.04 |  1.34 |  0.88 |  1.23 |  1.15 |  0.90 |  0.65
        5272 |  1.04 |  1.34 |  0.88 |  1.23 |  1.15 |  0.90 |  0.65
        5272 |  1.04 |  1.34 |  0.88 |  1.23 |  1.15 |  0.90 |  0.65
        5272 |  1.04 |  1.34 |  0.88 |  1.23 |  1.15 |  0.90 |  0.65
        5272 |  1.04 |  1.34 |  0.88 |  1.23 |  1.15 |  0.90 |  0.65
        5272 |  1.04 |  1.34 |  0.88 |  1.23 |  1.15 |  0.90 |  0.65
        5272 |  1.04 |  1.34 |  0.88 |  1.23 |  1.15 |  0.90 |  0.65
        5272 |  1.04 |  1.34 |  0.88 |  1.23 |  1.15 |  0.90 |  0.65
        5272 |  1.04 |  1.34 |  0.88 |  1.23 |  1.15 |  0.90 |  0.65
        5272 |  1.04 |  1.34 |  0.88 |  1.23 |  1.15 |  0.90 |  0.65
        5272 |  1.04 |  1.34 |  0.88 |  1.23 |  1.15 |  0.90 |  0.65
        5272 |  1.04 |  1.34 |  0.88 |  1.23 |  1.15 |  0.90 |  0.65
        5272 |  1.04 |  1.34 |  0.88 |  1.23 |  1.15 |  0.90 |  0.65
        5272 |  1.04 |  1.34 |  0.88 |  1.23 |  1.15 |  0.90 |  0.65
        5272 |  1.04 |  1.34 |  0.88 |  1.23 |  1.15 |  0.90 |  0.65
        5272 |  1.04 |  1.34 |  0.88 |  1.23 |  1.15 |  0.90 |  0.65
        5272 |  1.04 |  1.34 |  0.88 |  1.23 |  1.15 |  0.90 |  0.65
        5272 |  1.04 |  1.34 |  0.88 |  1.23 |  1.15 |  0.90 |  0.65
        5272 |  1.04 |  1.34 |  0.88 |  1.23 |  1.15 |  0.90 |  0.65
        5272 |  1.04 |  1.34 |  0.88 |  1.23 |  1.15 |  0.90 |  0.65
        5272 |  1.04 |  1.34 |  0.88 |  1.23 |  1.15 |  0.90 |  0.65
        5272 |  1.04 |  1.34 |  0.88 |  1.23 |  1.15 |  0.90 |  0.65
        5272 |  1.04 |  1.34 |  0.88 |  1.23 |  1.15 |  0.90 |  0.65
        5272 |  1.04 |  1.34 |  0.88 |  1.23 |  1.15 |  0.90 |  0.65
        5273 |  1.04 |  0.96 |  0.91 |  1.15 |  1.04 |  1.28 |  1.06
        5273 |  1.04 |  0.96 |  0.91 |  1.15 |  1.04 |  1.28 |  1.06
        5273 |  1.04 |  0.96 |  0.91 |  1.15 |  1.04 |  1.28 |  1.06
        5273 |  1.04 |  0.96 |  0.91 |  1.15 |  1.04 |  1.28 |  1.06
        5273 |  1.04 |  0.96 |  0.91 |  1.15 |  1.04 |  1.28 |  1.06
        5273 |  1.04 |  0.96 |  0.91 |  1.15 |  1.04 |  1.28 |  1.06
        5273 |  1.04 |  0.96 |  0.91 |  1.15 |  1.04 |  1.28 |  1.06
        5273 |  1.04 |  0.96 |  0.91 |  1.15 |  1.04 |  1.28 |  1.06
        5273 |  1.04 |  0.96 |  0.91 |  1.15 |  1.04 |  1.28 |  1.06
        5273 |  1.04 |  0.96 |  0.91 |  1.15 |  1.04 |  1.28 |  1.06
        5273 |  1.04 |  0.96 |  0.91 |  1.15 |  1.04 |  1.28 |  1.06
        5273 |  1.04 |  0.96 |  0.91 |  1.15 |  1.04 |  1.28 |  1.06
        5273 |  1.04 |  0.96 |  0.91 |  1.15 |  1.04 |  1.28 |  1.06
        5273 |  1.04 |  0.96 |  0.91 |  1.15 |  1.04 |  1.28 |  1.06
        5273 |  1.04 |  0.96 |  0.91 |  1.15 |  1.04 |  1.28 |  1.06
        5273 |  1.04 |  0.96 |  0.91 |  1.15 |  1.04 |  1.28 |  1.06
        5273 |  1.04 |  0.96 |  0.91 |  1.15 |  1.04 |  1.28 |  1.06
        5273 |  1.04 |  0.96 |  0.91 |  1.15 |  1.04 |  1.28 |  1.06
        5273 |  1.04 |  0.96 |  0.91 |  1.15 |  1.04 |  1.28 |  1.06
        5273 |  1.04 |  0.96 |  0.91 |  1.15 |  1.04 |  1.28 |  1.06
        5273 |  1.04 |  0.96 |  0.91 |  1.15 |  1.04 |  1.28 |  1.06
        5273 |  1.04 |  0.96 |  0.91 |  1.15 |  1.04 |  1.28 |  1.06
        5273 |  1.04 |  0.96 |  0.91 |  1.15 |  1.04 |  1.28 |  1.06
        5273 |  1.04 |  0.96 |  0.91 |  1.15 |  1.04 |  1.28 |  1.06
        5273 |  1.04 |  0.96 |  0.91 |  1.15 |  1.04 |  1.28 |  1.06
        5273 |  1.04 |  0.96 |  0.91 |  1.15 |  1.04 |  1.28 |  1.06
        5273 |  1.04 |  0.96 |  0.91 |  1.15 |  1.04 |  1.28 |  1.06
        5273 |  1.04 |  0.96 |  0.91 |  1.15 |  1.04 |  1.28 |  1.06
        5273 |  1.04 |  0.96 |  0.91 |  1.15 |  1.04 |  1.28 |  1.06
        5273 |  1.04 |  0.96 |  0.91 |  1.15 |  1.04 |  1.28 |  1.06
        5273 |  1.04 |  0.96 |  0.91 |  1.15 |  1.04 |  1.28 |  1.06
        5273 |  1.04 |  0.96 |  0.91 |  1.15 |  1.04 |  1.28 |  1.06
        5273 |  1.04 |  0.96 |  0.91 |  1.15 |  1.04 |  1.28 |  1.06
        5273 |  1.04 |  0.96 |  0.91 |  1.15 |  1.04 |  1.28 |  1.06
        5273 |  1.04 |  0.96 |  0.91 |  1.15 |  1.04 |  1.28 |  1.06
        5273 |  1.04 |  0.96 |  0.91 |  1.15 |  1.04 |  1.28 |  1.06
        5273 |  1.04 |  0.96 |  0.91 |  1.15 |  1.04 |  1.28 |  1.06
        5273 |  1.04 |  0.96 |  0.91 |  1.15 |  1.04 |  1.28 |  1.06
        5273 |  1.04 |  0.96 |  0.91 |  1.15 |  1.04 |  1.28 |  1.06
        5273 |  1.04 |  0.96 |  0.91 |  1.15 |  1.04 |  1.28 |  1.06
        5273 |  1.04 |  0.96 |  0.91 |  1.15 |  1.04 |  1.28 |  1.06
        5273 |  1.04 |  0.96 |  0.91 |  1.15 |  1.04 |  1.28 |  1.06
        5273 |  1.04 |  0.96 |  0.91 |  1.15 |  1.04 |  1.28 |  1.06
        5273 |  1.04 |  0.96 |  0.91 |  1.15 |  1.04 |  1.28 |  1.06
        5273 |  1.04 |  0.96 |  0.91 |  1.15 |  1.04 |  1.28 |  1.06
        5273 |  1.04 |  0.96 |  0.91 |  1.15 |  1.04 |  1.28 |  1.06
        5273 |  1.04 |  0.96 |  0.91 |  1.15 |  1.04 |  1.28 |  1.06
        5273 |  1.04 |  0.96 |  0.91 |  1.15 |  1.04 |  1.28 |  1.06
        5273 |  1.04 |  0.96 |  0.91 |  1.15 |  1.04 |  1.28 |  1.06
        5274 |  0.99 |  1.17 |  1.07 |  1.24 |  1.00 |  1.13 |  1.07
        5274 |  0.99 |  1.17 |  1.07 |  1.24 |  1.00 |  1.13 |  1.07
        5274 |  0.99 |  1.17 |  1.07 |  1.24 |  1.00 |  1.13 |  1.07
        5274 |  0.99 |  1.17 |  1.07 |  1.24 |  1.00 |  1.13 |  1.07
        5274 |  0.99 |  1.17 |  1.07 |  1.24 |  1.00 |  1.13 |  1.07
        5274 |  0.99 |  1.17 |  1.07 |  1.24 |  1.00 |  1.13 |  1.07
        5274 |  0.99 |  1.17 |  1.07 |  1.24 |  1.00 |  1.13 |  1.07
        5274 |  0.99 |  1.17 |  1.07 |  1.24 |  1.00 |  1.13 |  1.07
        5274 |  0.99 |  1.17 |  1.07 |  1.24 |  1.00 |  1.13 |  1.07
        5274 |  0.99 |  1.17 |  1.07 |  1.24 |  1.00 |  1.13 |  1.07
        5274 |  0.99 |  1.17 |  1.07 |  1.24 |  1.00 |  1.13 |  1.07
        5274 |  0.99 |  1.17 |  1.07 |  1.24 |  1.00 |  1.13 |  1.07
        5274 |  0.99 |  1.17 |  1.07 |  1.24 |  1.00 |  1.13 |  1.07
        5274 |  0.99 |  1.17 |  1.07 |  1.24 |  1.00 |  1.13 |  1.07
        5274 |  0.99 |  1.17 |  1.07 |  1.24 |  1.00 |  1.13 |  1.07
        5274 |  0.99 |  1.17 |  1.07 |  1.24 |  1.00 |  1.13 |  1.07
        5274 |  0.99 |  1.17 |  1.07 |  1.24 |  1.00 |  1.13 |  1.07
        5274 |  0.99 |  1.17 |  1.07 |  1.24 |  1.00 |  1.13 |  1.07
        5274 |  0.99 |  1.17 |  1.07 |  1.24 |  1.00 |  1.13 |  1.07
        5274 |  0.99 |  1.17 |  1.07 |  1.24 |  1.00 |  1.13 |  1.07
        5274 |  0.99 |  1.17 |  1.07 |  1.24 |  1.00 |  1.13 |  1.07
        5274 |  0.99 |  1.17 |  1.07 |  1.24 |  1.00 |  1.13 |  1.07
        5274 |  0.99 |  1.17 |  1.07 |  1.24 |  1.00 |  1.13 |  1.07
        5274 |  0.99 |  1.17 |  1.07 |  1.24 |  1.00 |  1.13 |  1.07
        5274 |  0.99 |  1.17 |  1.07 |  1.24 |  1.00 |  1.13 |  1.07
        5274 |  0.99 |  1.17 |  1.07 |  1.24 |  1.00 |  1.13 |  1.07
        5274 |  0.99 |  1.17 |  1.07 |  1.24 |  1.00 |  1.13 |  1.07
        5274 |  0.99 |  1.17 |  1.07 |  1.24 |  1.00 |  1.13 |  1.07
        5274 |  0.99 |  1.17 |  1.07 |  1.24 |  1.00 |  1.13 |  1.07
        5274 |  0.99 |  1.17 |  1.07 |  1.24 |  1.00 |  1.13 |  1.07
        5274 |  0.99 |  1.17 |  1.07 |  1.24 |  1.00 |  1.13 |  1.07
        5274 |  0.99 |  1.17 |  1.07 |  1.24 |  1.00 |  1.13 |  1.07
        5274 |  0.99 |  1.17 |  1.07 |  1.24 |  1.00 |  1.13 |  1.07
        5274 |  0.99 |  1.17 |  1.07 |  1.24 |  1.00 |  1.13 |  1.07
        5274 |  0.99 |  1.17 |  1.07 |  1.24 |  1.00 |  1.13 |  1.07
        5274 |  0.99 |  1.17 |  1.07 |  1.24 |  1.00 |  1.13 |  1.07
        5274 |  0.99 |  1.17 |  1.07 |  1.24 |  1.00 |  1.13 |  1.07
        5274 |  0.99 |  1.17 |  1.07 |  1.24 |  1.00 |  1.13 |  1.07
        5274 |  0.99 |  1.17 |  1.07 |  1.24 |  1.00 |  1.13 |  1.07
        5274 |  0.99 |  1.17 |  1.07 |  1.24 |  1.00 |  1.13 |  1.07
        5274 |  0.99 |  1.17 |  1.07 |  1.24 |  1.00 |  1.13 |  1.07
        5274 |  0.99 |  1.17 |  1.07 |  1.24 |  1.00 |  1.13 |  1.07
        5274 |  0.99 |  1.17 |  1.07 |  1.24 |  1.00 |  1.13 |  1.07
        5274 |  0.99 |  1.17 |  1.07 |  1.24 |  1.00 |  1.13 |  1.07
        5274 |  0.99 |  1.17 |  1.07 |  1.24 |  1.00 |  1.13 |  1.07
        5274 |  0.99 |  1.17 |  1.07 |  1.24 |  1.00 |  1.13 |  1.07
        5274 |  0.99 |  1.17 |  1.07 |  1.24 |  1.00 |  1.13 |  1.07
        5274 |  0.99 |  1.17 |  1.07 |  1.24 |  1.00 |  1.13 |  1.07
        5274 |  0.99 |  1.17 |  1.07 |  1.24 |  1.00 |  1.13 |  1.07
        5275 |  0.97 |  1.00 |  0.94 |  0.99 |  0.98 |       |      
        5275 |  0.97 |  1.00 |  0.94 |  0.99 |  0.98 |       |      
        5275 |  0.97 |  1.00 |  0.94 |  0.99 |  0.98 |       |      
        5275 |  0.97 |  1.00 |  0.94 |  0.99 |  0.98 |       |      
        5275 |  0.97 |  1.00 |  0.94 |  0.99 |  0.98 |       |      
        5275 |  0.97 |  1.00 |  0.94 |  0.99 |  0.98 |       |      
        5275 |  0.97 |  1.00 |  0.94 |  0.99 |  0.98 |       |      
        5275 |  0.97 |  1.00 |  0.94 |  0.99 |  0.98 |       |      
        5275 |  0.97 |  1.00 |  0.94 |  0.99 |  0.98 |       |      
        5275 |  0.97 |  1.00 |  0.94 |  0.99 |  0.98 |       |      
        5275 |  0.97 |  1.00 |  0.94 |  0.99 |  0.98 |       |      
        5275 |  0.97 |  1.00 |  0.94 |  0.99 |  0.98 |       |      
        5275 |  0.97 |  1.00 |  0.94 |  0.99 |  0.98 |       |      
        5275 |  0.97 |  1.00 |  0.94 |  0.99 |  0.98 |       |      
        5275 |  0.97 |  1.00 |  0.94 |  0.99 |  0.98 |       |      
        5275 |  0.97 |  1.00 |  0.94 |  0.99 |  0.98 |       |      
        5275 |  0.97 |  1.00 |  0.94 |  0.99 |  0.98 |       |      
        5275 |  0.97 |  1.00 |  0.94 |  0.99 |  0.98 |       |      
        5275 |  0.97 |  1.00 |  0.94 |  0.99 |  0.98 |       |      
        5275 |  0.97 |  1.00 |  0.94 |  0.99 |  0.98 |       |      
        5275 |  0.97 |  1.00 |  0.94 |  0.99 |  0.98 |       |      
        5275 |  0.97 |  1.00 |  0.94 |  0.99 |  0.98 |       |      
        5275 |  0.97 |  1.00 |  0.94 |  0.99 |  0.98 |       |      
        5275 |  0.97 |  1.00 |  0.94 |  0.99 |  0.98 |       |      
        5275 |  0.97 |  1.00 |  0.94 |  0.99 |  0.98 |       |      
        5275 |  0.97 |  1.00 |  0.94 |  0.99 |  0.98 |       |      
        5275 |  0.97 |  1.00 |  0.94 |  0.99 |  0.98 |       |      
        5275 |  0.97 |  1.00 |  0.94 |  0.99 |  0.98 |       |      
        5275 |  0.97 |  1.00 |  0.94 |  0.99 |  0.98 |       |      
        5275 |  0.97 |  1.00 |  0.94 |  0.99 |  0.98 |       |      
        5275 |  0.97 |  1.00 |  0.94 |  0.99 |  0.98 |       |      
        5275 |  0.97 |  1.00 |  0.94 |  0.99 |  0.98 |       |      
        5275 |  0.97 |  1.00 |  0.94 |  0.99 |  0.98 |       |      
        5275 |  0.97 |  1.00 |  0.94 |  0.99 |  0.98 |       |      
        5275 |  0.97 |  1.00 |  0.94 |  0.99 |  0.98 |       |      
        5275 |  0.97 |  1.00 |  0.94 |  0.99 |  0.98 |       |      
        5275 |  0.97 |  1.00 |  0.94 |  0.99 |  0.98 |       |      
        5275 |  0.97 |  1.00 |  0.94 |  0.99 |  0.98 |       |      
        5275 |  0.97 |  1.00 |  0.94 |  0.99 |  0.98 |       |      
        5275 |  0.97 |  1.00 |  0.94 |  0.99 |  0.98 |       |      
        5275 |  0.97 |  1.00 |  0.94 |  0.99 |  0.98 |       |      
        5275 |  0.97 |  1.00 |  0.94 |  0.99 |  0.98 |       |      
        5275 |  0.97 |  1.00 |  0.94 |  0.99 |  0.98 |       |      
        5275 |  0.97 |  1.00 |  0.94 |  0.99 |  0.98 |       |      
        5275 |  0.97 |  1.00 |  0.94 |  0.99 |  0.98 |       |      
        5275 |  0.97 |  1.00 |  0.94 |  0.99 |  0.98 |       |      
        5275 |  0.97 |  1.00 |  0.94 |  0.99 |  0.98 |       |      
        5275 |  0.97 |  1.00 |  0.94 |  0.99 |  0.98 |       |      
        5275 |  0.97 |  1.00 |  0.94 |  0.99 |  0.98 |       |      
        5276 |  0.90 |  0.92 |  0.74 |  1.18 |  0.95 |  1.16 |  1.12
        5276 |  0.90 |  0.92 |  0.74 |  1.18 |  0.95 |  1.16 |  1.12
        5276 |  0.90 |  0.92 |  0.74 |  1.18 |  0.95 |  1.16 |  1.12
        5276 |  0.90 |  0.92 |  0.74 |  1.18 |  0.95 |  1.16 |  1.12
        5276 |  0.90 |  0.92 |  0.74 |  1.18 |  0.95 |  1.16 |  1.12
        5276 |  0.90 |  0.92 |  0.74 |  1.18 |  0.95 |  1.16 |  1.12
        5276 |  0.90 |  0.92 |  0.74 |  1.18 |  0.95 |  1.16 |  1.12
        5276 |  0.90 |  0.92 |  0.74 |  1.18 |  0.95 |  1.16 |  1.12
        5276 |  0.90 |  0.92 |  0.74 |  1.18 |  0.95 |  1.16 |  1.12
        5276 |  0.90 |  0.92 |  0.74 |  1.18 |  0.95 |  1.16 |  1.12
        5276 |  0.90 |  0.92 |  0.74 |  1.18 |  0.95 |  1.16 |  1.12
        5276 |  0.90 |  0.92 |  0.74 |  1.18 |  0.95 |  1.16 |  1.12
        5276 |  0.90 |  0.92 |  0.74 |  1.18 |  0.95 |  1.16 |  1.12
        5276 |  0.90 |  0.92 |  0.74 |  1.18 |  0.95 |  1.16 |  1.12
        5276 |  0.90 |  0.92 |  0.74 |  1.18 |  0.95 |  1.16 |  1.12
        5276 |  0.90 |  0.92 |  0.74 |  1.18 |  0.95 |  1.16 |  1.12
        5276 |  0.90 |  0.92 |  0.74 |  1.18 |  0.95 |  1.16 |  1.12
        5276 |  0.90 |  0.92 |  0.74 |  1.18 |  0.95 |  1.16 |  1.12
        5276 |  0.90 |  0.92 |  0.74 |  1.18 |  0.95 |  1.16 |  1.12
        5276 |  0.90 |  0.92 |  0.74 |  1.18 |  0.95 |  1.16 |  1.12
        5276 |  0.90 |  0.92 |  0.74 |  1.18 |  0.95 |  1.16 |  1.12
        5276 |  0.90 |  0.92 |  0.74 |  1.18 |  0.95 |  1.16 |  1.12
        5276 |  0.90 |  0.92 |  0.74 |  1.18 |  0.95 |  1.16 |  1.12
        5276 |  0.90 |  0.92 |  0.74 |  1.18 |  0.95 |  1.16 |  1.12
        5276 |  0.90 |  0.92 |  0.74 |  1.18 |  0.95 |  1.16 |  1.12
        5276 |  0.90 |  0.92 |  0.74 |  1.18 |  0.95 |  1.16 |  1.12
        5276 |  0.90 |  0.92 |  0.74 |  1.18 |  0.95 |  1.16 |  1.12
        5276 |  0.90 |  0.92 |  0.74 |  1.18 |  0.95 |  1.16 |  1.12
        5276 |  0.90 |  0.92 |  0.74 |  1.18 |  0.95 |  1.16 |  1.12
        5276 |  0.90 |  0.92 |  0.74 |  1.18 |  0.95 |  1.16 |  1.12
        5276 |  0.90 |  0.92 |  0.74 |  1.18 |  0.95 |  1.16 |  1.12
        5276 |  0.90 |  0.92 |  0.74 |  1.18 |  0.95 |  1.16 |  1.12
        5276 |  0.90 |  0.92 |  0.74 |  1.18 |  0.95 |  1.16 |  1.12
        5276 |  0.90 |  0.92 |  0.74 |  1.18 |  0.95 |  1.16 |  1.12
        5276 |  0.90 |  0.92 |  0.74 |  1.18 |  0.95 |  1.16 |  1.12
        5276 |  0.90 |  0.92 |  0.74 |  1.18 |  0.95 |  1.16 |  1.12
        5276 |  0.90 |  0.92 |  0.74 |  1.18 |  0.95 |  1.16 |  1.12
        5276 |  0.90 |  0.92 |  0.74 |  1.18 |  0.95 |  1.16 |  1.12
        5276 |  0.90 |  0.92 |  0.74 |  1.18 |  0.95 |  1.16 |  1.12
        5276 |  0.90 |  0.92 |  0.74 |  1.18 |  0.95 |  1.16 |  1.12
        5276 |  0.90 |  0.92 |  0.74 |  1.18 |  0.95 |  1.16 |  1.12
        5276 |  0.90 |  0.92 |  0.74 |  1.18 |  0.95 |  1.16 |  1.12
        5276 |  0.90 |  0.92 |  0.74 |  1.18 |  0.95 |  1.16 |  1.12
        5276 |  0.90 |  0.92 |  0.74 |  1.18 |  0.95 |  1.16 |  1.12
        5276 |  0.90 |  0.92 |  0.74 |  1.18 |  0.95 |  1.16 |  1.12
        5276 |  0.90 |  0.92 |  0.74 |  1.18 |  0.95 |  1.16 |  1.12
        5276 |  0.90 |  0.92 |  0.74 |  1.18 |  0.95 |  1.16 |  1.12
        5276 |  0.90 |  0.92 |  0.74 |  1.18 |  0.95 |  1.16 |  1.12
        5276 |  0.90 |  0.92 |  0.74 |  1.18 |  0.95 |  1.16 |  1.12
        5277 |  0.96 |  1.02 |  0.84 |  0.98 |  1.22 |  0.87 |  1.17
        5277 |  0.96 |  1.02 |  0.84 |  0.98 |  1.22 |  0.87 |  1.17
        5277 |  0.96 |  1.02 |  0.84 |  0.98 |  1.22 |  0.87 |  1.17
        5277 |  0.96 |  1.02 |  0.84 |  0.98 |  1.22 |  0.87 |  1.17
        5277 |  0.96 |  1.02 |  0.84 |  0.98 |  1.22 |  0.87 |  1.17
        5277 |  0.96 |  1.02 |  0.84 |  0.98 |  1.22 |  0.87 |  1.17
        5277 |  0.96 |  1.02 |  0.84 |  0.98 |  1.22 |  0.87 |  1.17
        5277 |  0.96 |  1.02 |  0.84 |  0.98 |  1.22 |  0.87 |  1.17
        5277 |  0.96 |  1.02 |  0.84 |  0.98 |  1.22 |  0.87 |  1.17
        5277 |  0.96 |  1.02 |  0.84 |  0.98 |  1.22 |  0.87 |  1.17
        5277 |  0.96 |  1.02 |  0.84 |  0.98 |  1.22 |  0.87 |  1.17
        5277 |  0.96 |  1.02 |  0.84 |  0.98 |  1.22 |  0.87 |  1.17
        5277 |  0.96 |  1.02 |  0.84 |  0.98 |  1.22 |  0.87 |  1.17
        5277 |  0.96 |  1.02 |  0.84 |  0.98 |  1.22 |  0.87 |  1.17
        5277 |  0.96 |  1.02 |  0.84 |  0.98 |  1.22 |  0.87 |  1.17
        5277 |  0.96 |  1.02 |  0.84 |  0.98 |  1.22 |  0.87 |  1.17
        5277 |  0.96 |  1.02 |  0.84 |  0.98 |  1.22 |  0.87 |  1.17
        5277 |  0.96 |  1.02 |  0.84 |  0.98 |  1.22 |  0.87 |  1.17
        5277 |  0.96 |  1.02 |  0.84 |  0.98 |  1.22 |  0.87 |  1.17
        5277 |  0.96 |  1.02 |  0.84 |  0.98 |  1.22 |  0.87 |  1.17
        5277 |  0.96 |  1.02 |  0.84 |  0.98 |  1.22 |  0.87 |  1.17
        5277 |  0.96 |  1.02 |  0.84 |  0.98 |  1.22 |  0.87 |  1.17
        5277 |  0.96 |  1.02 |  0.84 |  0.98 |  1.22 |  0.87 |  1.17
        5277 |  0.96 |  1.02 |  0.84 |  0.98 |  1.22 |  0.87 |  1.17
        5277 |  0.96 |  1.02 |  0.84 |  0.98 |  1.22 |  0.87 |  1.17
        5277 |  0.96 |  1.02 |  0.84 |  0.98 |  1.22 |  0.87 |  1.17
        5277 |  0.96 |  1.02 |  0.84 |  0.98 |  1.22 |  0.87 |  1.17
        5277 |  0.96 |  1.02 |  0.84 |  0.98 |  1.22 |  0.87 |  1.17
        5277 |  0.96 |  1.02 |  0.84 |  0.98 |  1.22 |  0.87 |  1.17
        5277 |  0.96 |  1.02 |  0.84 |  0.98 |  1.22 |  0.87 |  1.17
        5277 |  0.96 |  1.02 |  0.84 |  0.98 |  1.22 |  0.87 |  1.17
        5277 |  0.96 |  1.02 |  0.84 |  0.98 |  1.22 |  0.87 |  1.17
        5277 |  0.96 |  1.02 |  0.84 |  0.98 |  1.22 |  0.87 |  1.17
        5277 |  0.96 |  1.02 |  0.84 |  0.98 |  1.22 |  0.87 |  1.17
        5277 |  0.96 |  1.02 |  0.84 |  0.98 |  1.22 |  0.87 |  1.17
        5277 |  0.96 |  1.02 |  0.84 |  0.98 |  1.22 |  0.87 |  1.17
        5277 |  0.96 |  1.02 |  0.84 |  0.98 |  1.22 |  0.87 |  1.17
        5277 |  0.96 |  1.02 |  0.84 |  0.98 |  1.22 |  0.87 |  1.17
        5277 |  0.96 |  1.02 |  0.84 |  0.98 |  1.22 |  0.87 |  1.17
        5277 |  0.96 |  1.02 |  0.84 |  0.98 |  1.22 |  0.87 |  1.17
        5277 |  0.96 |  1.02 |  0.84 |  0.98 |  1.22 |  0.87 |  1.17
        5277 |  0.96 |  1.02 |  0.84 |  0.98 |  1.22 |  0.87 |  1.17
        5277 |  0.96 |  1.02 |  0.84 |  0.98 |  1.22 |  0.87 |  1.17
        5277 |  0.96 |  1.02 |  0.84 |  0.98 |  1.22 |  0.87 |  1.17
        5277 |  0.96 |  1.02 |  0.84 |  0.98 |  1.22 |  0.87 |  1.17
        5277 |  0.96 |  1.02 |  0.84 |  0.98 |  1.22 |  0.87 |  1.17
        5277 |  0.96 |  1.02 |  0.84 |  0.98 |  1.22 |  0.87 |  1.17
        5277 |  0.96 |  1.02 |  0.84 |  0.98 |  1.22 |  0.87 |  1.17
        5277 |  0.96 |  1.02 |  0.84 |  0.98 |  1.22 |  0.87 |  1.17
        5278 |  1.26 |  1.14 |  1.13 |  1.04 |  1.06 |  3.68 |  1.29
        5278 |  1.26 |  1.14 |  1.13 |  1.04 |  1.06 |  3.68 |  1.29
        5278 |  1.26 |  1.14 |  1.13 |  1.04 |  1.06 |  3.68 |  1.29
        5278 |  1.26 |  1.14 |  1.13 |  1.04 |  1.06 |  3.68 |  1.29
        5278 |  1.26 |  1.14 |  1.13 |  1.04 |  1.06 |  3.68 |  1.29
        5278 |  1.26 |  1.14 |  1.13 |  1.04 |  1.06 |  3.68 |  1.29
        5278 |  1.26 |  1.14 |  1.13 |  1.04 |  1.06 |  3.68 |  1.29
        5278 |  1.26 |  1.14 |  1.13 |  1.04 |  1.06 |  3.68 |  1.29
        5278 |  1.26 |  1.14 |  1.13 |  1.04 |  1.06 |  3.68 |  1.29
        5278 |  1.26 |  1.14 |  1.13 |  1.04 |  1.06 |  3.68 |  1.29
        5278 |  1.26 |  1.14 |  1.13 |  1.04 |  1.06 |  3.68 |  1.29
        5278 |  1.26 |  1.14 |  1.13 |  1.04 |  1.06 |  3.68 |  1.29
        5278 |  1.26 |  1.14 |  1.13 |  1.04 |  1.06 |  3.68 |  1.29
        5278 |  1.26 |  1.14 |  1.13 |  1.04 |  1.06 |  3.68 |  1.29
        5278 |  1.26 |  1.14 |  1.13 |  1.04 |  1.06 |  3.68 |  1.29
        5278 |  1.26 |  1.14 |  1.13 |  1.04 |  1.06 |  3.68 |  1.29
        5278 |  1.26 |  1.14 |  1.13 |  1.04 |  1.06 |  3.68 |  1.29
        5278 |  1.26 |  1.14 |  1.13 |  1.04 |  1.06 |  3.68 |  1.29
        5278 |  1.26 |  1.14 |  1.13 |  1.04 |  1.06 |  3.68 |  1.29
        5278 |  1.26 |  1.14 |  1.13 |  1.04 |  1.06 |  3.68 |  1.29
        5278 |  1.26 |  1.14 |  1.13 |  1.04 |  1.06 |  3.68 |  1.29
        5278 |  1.26 |  1.14 |  1.13 |  1.04 |  1.06 |  3.68 |  1.29
        5278 |  1.26 |  1.14 |  1.13 |  1.04 |  1.06 |  3.68 |  1.29
        5278 |  1.26 |  1.14 |  1.13 |  1.04 |  1.06 |  3.68 |  1.29
        5278 |  1.26 |  1.14 |  1.13 |  1.04 |  1.06 |  3.68 |  1.29
        5278 |  1.26 |  1.14 |  1.13 |  1.04 |  1.06 |  3.68 |  1.29
        5278 |  1.26 |  1.14 |  1.13 |  1.04 |  1.06 |  3.68 |  1.29
        5278 |  1.26 |  1.14 |  1.13 |  1.04 |  1.06 |  3.68 |  1.29
        5278 |  1.26 |  1.14 |  1.13 |  1.04 |  1.06 |  3.68 |  1.29
        5278 |  1.26 |  1.14 |  1.13 |  1.04 |  1.06 |  3.68 |  1.29
        5278 |  1.26 |  1.14 |  1.13 |  1.04 |  1.06 |  3.68 |  1.29
        5278 |  1.26 |  1.14 |  1.13 |  1.04 |  1.06 |  3.68 |  1.29
        5278 |  1.26 |  1.14 |  1.13 |  1.04 |  1.06 |  3.68 |  1.29
        5278 |  1.26 |  1.14 |  1.13 |  1.04 |  1.06 |  3.68 |  1.29
        5278 |  1.26 |  1.14 |  1.13 |  1.04 |  1.06 |  3.68 |  1.29
        5278 |  1.26 |  1.14 |  1.13 |  1.04 |  1.06 |  3.68 |  1.29
        5278 |  1.26 |  1.14 |  1.13 |  1.04 |  1.06 |  3.68 |  1.29
        5278 |  1.26 |  1.14 |  1.13 |  1.04 |  1.06 |  3.68 |  1.29
        5278 |  1.26 |  1.14 |  1.13 |  1.04 |  1.06 |  3.68 |  1.29
        5278 |  1.26 |  1.14 |  1.13 |  1.04 |  1.06 |  3.68 |  1.29
        5278 |  1.26 |  1.14 |  1.13 |  1.04 |  1.06 |  3.68 |  1.29
        5278 |  1.26 |  1.14 |  1.13 |  1.04 |  1.06 |  3.68 |  1.29
        5278 |  1.26 |  1.14 |  1.13 |  1.04 |  1.06 |  3.68 |  1.29
        5278 |  1.26 |  1.14 |  1.13 |  1.04 |  1.06 |  3.68 |  1.29
        5278 |  1.26 |  1.14 |  1.13 |  1.04 |  1.06 |  3.68 |  1.29
        5278 |  1.26 |  1.14 |  1.13 |  1.04 |  1.06 |  3.68 |  1.29
        5278 |  1.26 |  1.14 |  1.13 |  1.04 |  1.06 |  3.68 |  1.29
        5278 |  1.26 |  1.14 |  1.13 |  1.04 |  1.06 |  3.68 |  1.29
        5278 |  1.26 |  1.14 |  1.13 |  1.04 |  1.06 |  3.68 |  1.29
        5279 |  0.99 |  1.18 |  0.90 |  0.89 |  0.23 |  0.68 |  1.08
        5279 |  0.99 |  1.18 |  0.90 |  0.89 |  0.23 |  0.68 |  1.08
        5279 |  0.99 |  1.18 |  0.90 |  0.89 |  0.23 |  0.68 |  1.08
        5279 |  0.99 |  1.18 |  0.90 |  0.89 |  0.23 |  0.68 |  1.08
        5279 |  0.99 |  1.18 |  0.90 |  0.89 |  0.23 |  0.68 |  1.08
        5279 |  0.99 |  1.18 |  0.90 |  0.89 |  0.23 |  0.68 |  1.08
        5279 |  0.99 |  1.18 |  0.90 |  0.89 |  0.23 |  0.68 |  1.08
        5279 |  0.99 |  1.18 |  0.90 |  0.89 |  0.23 |  0.68 |  1.08
        5279 |  0.99 |  1.18 |  0.90 |  0.89 |  0.23 |  0.68 |  1.08
        5279 |  0.99 |  1.18 |  0.90 |  0.89 |  0.23 |  0.68 |  1.08
        5279 |  0.99 |  1.18 |  0.90 |  0.89 |  0.23 |  0.68 |  1.08
        5279 |  0.99 |  1.18 |  0.90 |  0.89 |  0.23 |  0.68 |  1.08
        5279 |  0.99 |  1.18 |  0.90 |  0.89 |  0.23 |  0.68 |  1.08
        5279 |  0.99 |  1.18 |  0.90 |  0.89 |  0.23 |  0.68 |  1.08
        5279 |  0.99 |  1.18 |  0.90 |  0.89 |  0.23 |  0.68 |  1.08
        5279 |  0.99 |  1.18 |  0.90 |  0.89 |  0.23 |  0.68 |  1.08
        5279 |  0.99 |  1.18 |  0.90 |  0.89 |  0.23 |  0.68 |  1.08
        5279 |  0.99 |  1.18 |  0.90 |  0.89 |  0.23 |  0.68 |  1.08
        5279 |  0.99 |  1.18 |  0.90 |  0.89 |  0.23 |  0.68 |  1.08
        5279 |  0.99 |  1.18 |  0.90 |  0.89 |  0.23 |  0.68 |  1.08
        5279 |  0.99 |  1.18 |  0.90 |  0.89 |  0.23 |  0.68 |  1.08
        5279 |  0.99 |  1.18 |  0.90 |  0.89 |  0.23 |  0.68 |  1.08
        5279 |  0.99 |  1.18 |  0.90 |  0.89 |  0.23 |  0.68 |  1.08
        5279 |  0.99 |  1.18 |  0.90 |  0.89 |  0.23 |  0.68 |  1.08
        5279 |  0.99 |  1.18 |  0.90 |  0.89 |  0.23 |  0.68 |  1.08
        5279 |  0.99 |  1.18 |  0.90 |  0.89 |  0.23 |  0.68 |  1.08
        5279 |  0.99 |  1.18 |  0.90 |  0.89 |  0.23 |  0.68 |  1.08
        5279 |  0.99 |  1.18 |  0.90 |  0.89 |  0.23 |  0.68 |  1.08
        5279 |  0.99 |  1.18 |  0.90 |  0.89 |  0.23 |  0.68 |  1.08
        5279 |  0.99 |  1.18 |  0.90 |  0.89 |  0.23 |  0.68 |  1.08
        5279 |  0.99 |  1.18 |  0.90 |  0.89 |  0.23 |  0.68 |  1.08
        5279 |  0.99 |  1.18 |  0.90 |  0.89 |  0.23 |  0.68 |  1.08
        5279 |  0.99 |  1.18 |  0.90 |  0.89 |  0.23 |  0.68 |  1.08
        5279 |  0.99 |  1.18 |  0.90 |  0.89 |  0.23 |  0.68 |  1.08
        5279 |  0.99 |  1.18 |  0.90 |  0.89 |  0.23 |  0.68 |  1.08
        5279 |  0.99 |  1.18 |  0.90 |  0.89 |  0.23 |  0.68 |  1.08
        5279 |  0.99 |  1.18 |  0.90 |  0.89 |  0.23 |  0.68 |  1.08
        5279 |  0.99 |  1.18 |  0.90 |  0.89 |  0.23 |  0.68 |  1.08
        5279 |  0.99 |  1.18 |  0.90 |  0.89 |  0.23 |  0.68 |  1.08
        5279 |  0.99 |  1.18 |  0.90 |  0.89 |  0.23 |  0.68 |  1.08
        5279 |  0.99 |  1.18 |  0.90 |  0.89 |  0.23 |  0.68 |  1.08
        5279 |  0.99 |  1.18 |  0.90 |  0.89 |  0.23 |  0.68 |  1.08
        5279 |  0.99 |  1.18 |  0.90 |  0.89 |  0.23 |  0.68 |  1.08
        5279 |  0.99 |  1.18 |  0.90 |  0.89 |  0.23 |  0.68 |  1.08
        5279 |  0.99 |  1.18 |  0.90 |  0.89 |  0.23 |  0.68 |  1.08
        5279 |  0.99 |  1.18 |  0.90 |  0.89 |  0.23 |  0.68 |  1.08
        5279 |  0.99 |  1.18 |  0.90 |  0.89 |  0.23 |  0.68 |  1.08
        5279 |  0.99 |  1.18 |  0.90 |  0.89 |  0.23 |  0.68 |  1.08
        5279 |  0.99 |  1.18 |  0.90 |  0.89 |  0.23 |  0.68 |  1.08
        5280 |  1.38 |  0.86 |  0.95 |  1.35 |  1.24 |  0.89 |  0.97
        5280 |  1.38 |  0.86 |  0.95 |  1.35 |  1.24 |  0.89 |  0.97
        5280 |  1.38 |  0.86 |  0.95 |  1.35 |  1.24 |  0.89 |  0.97
        5280 |  1.38 |  0.86 |  0.95 |  1.35 |  1.24 |  0.89 |  0.97
        5280 |  1.38 |  0.86 |  0.95 |  1.35 |  1.24 |  0.89 |  0.97
        5280 |  1.38 |  0.86 |  0.95 |  1.35 |  1.24 |  0.89 |  0.97
        5280 |  1.38 |  0.86 |  0.95 |  1.35 |  1.24 |  0.89 |  0.97
        5280 |  1.38 |  0.86 |  0.95 |  1.35 |  1.24 |  0.89 |  0.97
        5280 |  1.38 |  0.86 |  0.95 |  1.35 |  1.24 |  0.89 |  0.97
        5280 |  1.38 |  0.86 |  0.95 |  1.35 |  1.24 |  0.89 |  0.97
        5280 |  1.38 |  0.86 |  0.95 |  1.35 |  1.24 |  0.89 |  0.97
        5280 |  1.38 |  0.86 |  0.95 |  1.35 |  1.24 |  0.89 |  0.97
        5280 |  1.38 |  0.86 |  0.95 |  1.35 |  1.24 |  0.89 |  0.97
        5280 |  1.38 |  0.86 |  0.95 |  1.35 |  1.24 |  0.89 |  0.97
        5280 |  1.38 |  0.86 |  0.95 |  1.35 |  1.24 |  0.89 |  0.97
        5280 |  1.38 |  0.86 |  0.95 |  1.35 |  1.24 |  0.89 |  0.97
        5280 |  1.38 |  0.86 |  0.95 |  1.35 |  1.24 |  0.89 |  0.97
        5280 |  1.38 |  0.86 |  0.95 |  1.35 |  1.24 |  0.89 |  0.97
        5280 |  1.38 |  0.86 |  0.95 |  1.35 |  1.24 |  0.89 |  0.97
        5280 |  1.38 |  0.86 |  0.95 |  1.35 |  1.24 |  0.89 |  0.97
        5280 |  1.38 |  0.86 |  0.95 |  1.35 |  1.24 |  0.89 |  0.97
        5280 |  1.38 |  0.86 |  0.95 |  1.35 |  1.24 |  0.89 |  0.97
        5280 |  1.38 |  0.86 |  0.95 |  1.35 |  1.24 |  0.89 |  0.97
        5280 |  1.38 |  0.86 |  0.95 |  1.35 |  1.24 |  0.89 |  0.97
        5280 |  1.38 |  0.86 |  0.95 |  1.35 |  1.24 |  0.89 |  0.97
        5280 |  1.38 |  0.86 |  0.95 |  1.35 |  1.24 |  0.89 |  0.97
        5280 |  1.38 |  0.86 |  0.95 |  1.35 |  1.24 |  0.89 |  0.97
        5280 |  1.38 |  0.86 |  0.95 |  1.35 |  1.24 |  0.89 |  0.97
        5280 |  1.38 |  0.86 |  0.95 |  1.35 |  1.24 |  0.89 |  0.97
        5280 |  1.38 |  0.86 |  0.95 |  1.35 |  1.24 |  0.89 |  0.97
        5280 |  1.38 |  0.86 |  0.95 |  1.35 |  1.24 |  0.89 |  0.97
        5280 |  1.38 |  0.86 |  0.95 |  1.35 |  1.24 |  0.89 |  0.97
        5280 |  1.38 |  0.86 |  0.95 |  1.35 |  1.24 |  0.89 |  0.97
        5280 |  1.38 |  0.86 |  0.95 |  1.35 |  1.24 |  0.89 |  0.97
        5280 |  1.38 |  0.86 |  0.95 |  1.35 |  1.24 |  0.89 |  0.97
        5280 |  1.38 |  0.86 |  0.95 |  1.35 |  1.24 |  0.89 |  0.97
        5280 |  1.38 |  0.86 |  0.95 |  1.35 |  1.24 |  0.89 |  0.97
        5280 |  1.38 |  0.86 |  0.95 |  1.35 |  1.24 |  0.89 |  0.97
        5280 |  1.38 |  0.86 |  0.95 |  1.35 |  1.24 |  0.89 |  0.97
        5280 |  1.38 |  0.86 |  0.95 |  1.35 |  1.24 |  0.89 |  0.97
        5280 |  1.38 |  0.86 |  0.95 |  1.35 |  1.24 |  0.89 |  0.97
        5280 |  1.38 |  0.86 |  0.95 |  1.35 |  1.24 |  0.89 |  0.97
        5280 |  1.38 |  0.86 |  0.95 |  1.35 |  1.24 |  0.89 |  0.97
        5280 |  1.38 |  0.86 |  0.95 |  1.35 |  1.24 |  0.89 |  0.97
        5280 |  1.38 |  0.86 |  0.95 |  1.35 |  1.24 |  0.89 |  0.97
        5280 |  1.38 |  0.86 |  0.95 |  1.35 |  1.24 |  0.89 |  0.97
        5280 |  1.38 |  0.86 |  0.95 |  1.35 |  1.24 |  0.89 |  0.97
        5280 |  1.38 |  0.86 |  0.95 |  1.35 |  1.24 |  0.89 |  0.97
        5280 |  1.38 |  0.86 |  0.95 |  1.35 |  1.24 |  0.89 |  0.97
        5281 |  0.84 |  1.29 |  1.11 |  0.90 |  0.89 |  1.19 |  0.96
        5281 |  0.84 |  1.29 |  1.11 |  0.90 |  0.89 |  1.19 |  0.96
        5281 |  0.84 |  1.29 |  1.11 |  0.90 |  0.89 |  1.19 |  0.96
        5281 |  0.84 |  1.29 |  1.11 |  0.90 |  0.89 |  1.19 |  0.96
        5281 |  0.84 |  1.29 |  1.11 |  0.90 |  0.89 |  1.19 |  0.96
        5281 |  0.84 |  1.29 |  1.11 |  0.90 |  0.89 |  1.19 |  0.96
        5281 |  0.84 |  1.29 |  1.11 |  0.90 |  0.89 |  1.19 |  0.96
        5281 |  0.84 |  1.29 |  1.11 |  0.90 |  0.89 |  1.19 |  0.96
        5281 |  0.84 |  1.29 |  1.11 |  0.90 |  0.89 |  1.19 |  0.96
        5281 |  0.84 |  1.29 |  1.11 |  0.90 |  0.89 |  1.19 |  0.96
        5281 |  0.84 |  1.29 |  1.11 |  0.90 |  0.89 |  1.19 |  0.96
        5281 |  0.84 |  1.29 |  1.11 |  0.90 |  0.89 |  1.19 |  0.96
        5281 |  0.84 |  1.29 |  1.11 |  0.90 |  0.89 |  1.19 |  0.96
        5281 |  0.84 |  1.29 |  1.11 |  0.90 |  0.89 |  1.19 |  0.96
        5281 |  0.84 |  1.29 |  1.11 |  0.90 |  0.89 |  1.19 |  0.96
        5281 |  0.84 |  1.29 |  1.11 |  0.90 |  0.89 |  1.19 |  0.96
        5281 |  0.84 |  1.29 |  1.11 |  0.90 |  0.89 |  1.19 |  0.96
        5281 |  0.84 |  1.29 |  1.11 |  0.90 |  0.89 |  1.19 |  0.96
        5281 |  0.84 |  1.29 |  1.11 |  0.90 |  0.89 |  1.19 |  0.96
        5281 |  0.84 |  1.29 |  1.11 |  0.90 |  0.89 |  1.19 |  0.96
        5281 |  0.84 |  1.29 |  1.11 |  0.90 |  0.89 |  1.19 |  0.96
        5281 |  0.84 |  1.29 |  1.11 |  0.90 |  0.89 |  1.19 |  0.96
        5281 |  0.84 |  1.29 |  1.11 |  0.90 |  0.89 |  1.19 |  0.96
        5281 |  0.84 |  1.29 |  1.11 |  0.90 |  0.89 |  1.19 |  0.96
        5281 |  0.84 |  1.29 |  1.11 |  0.90 |  0.89 |  1.19 |  0.96
        5281 |  0.84 |  1.29 |  1.11 |  0.90 |  0.89 |  1.19 |  0.96
        5281 |  0.84 |  1.29 |  1.11 |  0.90 |  0.89 |  1.19 |  0.96
        5281 |  0.84 |  1.29 |  1.11 |  0.90 |  0.89 |  1.19 |  0.96
        5281 |  0.84 |  1.29 |  1.11 |  0.90 |  0.89 |  1.19 |  0.96
        5281 |  0.84 |  1.29 |  1.11 |  0.90 |  0.89 |  1.19 |  0.96
        5281 |  0.84 |  1.29 |  1.11 |  0.90 |  0.89 |  1.19 |  0.96
        5281 |  0.84 |  1.29 |  1.11 |  0.90 |  0.89 |  1.19 |  0.96
        5281 |  0.84 |  1.29 |  1.11 |  0.90 |  0.89 |  1.19 |  0.96
        5281 |  0.84 |  1.29 |  1.11 |  0.90 |  0.89 |  1.19 |  0.96
        5281 |  0.84 |  1.29 |  1.11 |  0.90 |  0.89 |  1.19 |  0.96
        5281 |  0.84 |  1.29 |  1.11 |  0.90 |  0.89 |  1.19 |  0.96
        5281 |  0.84 |  1.29 |  1.11 |  0.90 |  0.89 |  1.19 |  0.96
        5281 |  0.84 |  1.29 |  1.11 |  0.90 |  0.89 |  1.19 |  0.96
        5281 |  0.84 |  1.29 |  1.11 |  0.90 |  0.89 |  1.19 |  0.96
        5281 |  0.84 |  1.29 |  1.11 |  0.90 |  0.89 |  1.19 |  0.96
        5281 |  0.84 |  1.29 |  1.11 |  0.90 |  0.89 |  1.19 |  0.96
        5281 |  0.84 |  1.29 |  1.11 |  0.90 |  0.89 |  1.19 |  0.96
        5281 |  0.84 |  1.29 |  1.11 |  0.90 |  0.89 |  1.19 |  0.96
        5281 |  0.84 |  1.29 |  1.11 |  0.90 |  0.89 |  1.19 |  0.96
        5281 |  0.84 |  1.29 |  1.11 |  0.90 |  0.89 |  1.19 |  0.96
        5281 |  0.84 |  1.29 |  1.11 |  0.90 |  0.89 |  1.19 |  0.96
        5281 |  0.84 |  1.29 |  1.11 |  0.90 |  0.89 |  1.19 |  0.96
        5281 |  0.84 |  1.29 |  1.11 |  0.90 |  0.89 |  1.19 |  0.96
        5281 |  0.84 |  1.29 |  1.11 |  0.90 |  0.89 |  1.19 |  0.96
        5282 |  0.97 |  0.89 |  0.95 |  1.20 |  0.83 |  0.80 |  1.14
        5282 |  0.97 |  0.89 |  0.95 |  1.20 |  0.83 |  0.80 |  1.14
        5282 |  0.97 |  0.89 |  0.95 |  1.20 |  0.83 |  0.80 |  1.14
        5282 |  0.97 |  0.89 |  0.95 |  1.20 |  0.83 |  0.80 |  1.14
        5282 |  0.97 |  0.89 |  0.95 |  1.20 |  0.83 |  0.80 |  1.14
        5282 |  0.97 |  0.89 |  0.95 |  1.20 |  0.83 |  0.80 |  1.14
        5282 |  0.97 |  0.89 |  0.95 |  1.20 |  0.83 |  0.80 |  1.14
        5282 |  0.97 |  0.89 |  0.95 |  1.20 |  0.83 |  0.80 |  1.14
        5282 |  0.97 |  0.89 |  0.95 |  1.20 |  0.83 |  0.80 |  1.14
        5282 |  0.97 |  0.89 |  0.95 |  1.20 |  0.83 |  0.80 |  1.14
        5282 |  0.97 |  0.89 |  0.95 |  1.20 |  0.83 |  0.80 |  1.14
        5282 |  0.97 |  0.89 |  0.95 |  1.20 |  0.83 |  0.80 |  1.14
        5282 |  0.97 |  0.89 |  0.95 |  1.20 |  0.83 |  0.80 |  1.14
        5282 |  0.97 |  0.89 |  0.95 |  1.20 |  0.83 |  0.80 |  1.14
        5282 |  0.97 |  0.89 |  0.95 |  1.20 |  0.83 |  0.80 |  1.14
        5282 |  0.97 |  0.89 |  0.95 |  1.20 |  0.83 |  0.80 |  1.14
        5282 |  0.97 |  0.89 |  0.95 |  1.20 |  0.83 |  0.80 |  1.14
        5282 |  0.97 |  0.89 |  0.95 |  1.20 |  0.83 |  0.80 |  1.14
        5282 |  0.97 |  0.89 |  0.95 |  1.20 |  0.83 |  0.80 |  1.14
        5282 |  0.97 |  0.89 |  0.95 |  1.20 |  0.83 |  0.80 |  1.14
        5282 |  0.97 |  0.89 |  0.95 |  1.20 |  0.83 |  0.80 |  1.14
        5282 |  0.97 |  0.89 |  0.95 |  1.20 |  0.83 |  0.80 |  1.14
        5282 |  0.97 |  0.89 |  0.95 |  1.20 |  0.83 |  0.80 |  1.14
        5282 |  0.97 |  0.89 |  0.95 |  1.20 |  0.83 |  0.80 |  1.14
        5282 |  0.97 |  0.89 |  0.95 |  1.20 |  0.83 |  0.80 |  1.14
        5282 |  0.97 |  0.89 |  0.95 |  1.20 |  0.83 |  0.80 |  1.14
        5282 |  0.97 |  0.89 |  0.95 |  1.20 |  0.83 |  0.80 |  1.14
        5282 |  0.97 |  0.89 |  0.95 |  1.20 |  0.83 |  0.80 |  1.14
        5282 |  0.97 |  0.89 |  0.95 |  1.20 |  0.83 |  0.80 |  1.14
        5282 |  0.97 |  0.89 |  0.95 |  1.20 |  0.83 |  0.80 |  1.14
        5282 |  0.97 |  0.89 |  0.95 |  1.20 |  0.83 |  0.80 |  1.14
        5282 |  0.97 |  0.89 |  0.95 |  1.20 |  0.83 |  0.80 |  1.14
        5282 |  0.97 |  0.89 |  0.95 |  1.20 |  0.83 |  0.80 |  1.14
        5282 |  0.97 |  0.89 |  0.95 |  1.20 |  0.83 |  0.80 |  1.14
        5282 |  0.97 |  0.89 |  0.95 |  1.20 |  0.83 |  0.80 |  1.14
        5282 |  0.97 |  0.89 |  0.95 |  1.20 |  0.83 |  0.80 |  1.14
        5282 |  0.97 |  0.89 |  0.95 |  1.20 |  0.83 |  0.80 |  1.14
        5282 |  0.97 |  0.89 |  0.95 |  1.20 |  0.83 |  0.80 |  1.14
        5282 |  0.97 |  0.89 |  0.95 |  1.20 |  0.83 |  0.80 |  1.14
        5282 |  0.97 |  0.89 |  0.95 |  1.20 |  0.83 |  0.80 |  1.14
        5282 |  0.97 |  0.89 |  0.95 |  1.20 |  0.83 |  0.80 |  1.14
        5282 |  0.97 |  0.89 |  0.95 |  1.20 |  0.83 |  0.80 |  1.14
        5282 |  0.97 |  0.89 |  0.95 |  1.20 |  0.83 |  0.80 |  1.14
        5282 |  0.97 |  0.89 |  0.95 |  1.20 |  0.83 |  0.80 |  1.14
        5282 |  0.97 |  0.89 |  0.95 |  1.20 |  0.83 |  0.80 |  1.14
        5282 |  0.97 |  0.89 |  0.95 |  1.20 |  0.83 |  0.80 |  1.14
        5282 |  0.97 |  0.89 |  0.95 |  1.20 |  0.83 |  0.80 |  1.14
        5282 |  0.97 |  0.89 |  0.95 |  1.20 |  0.83 |  0.80 |  1.14
        5282 |  0.97 |  0.89 |  0.95 |  1.20 |  0.83 |  0.80 |  1.14
        5283 |  0.79 |  0.99 |  1.03 |  1.08 |  1.05 |  1.03 |  1.15
        5283 |  0.79 |  0.99 |  1.03 |  1.08 |  1.05 |  1.03 |  1.15
        5283 |  0.79 |  0.99 |  1.03 |  1.08 |  1.05 |  1.03 |  1.15
        5283 |  0.79 |  0.99 |  1.03 |  1.08 |  1.05 |  1.03 |  1.15
        5283 |  0.79 |  0.99 |  1.03 |  1.08 |  1.05 |  1.03 |  1.15
        5283 |  0.79 |  0.99 |  1.03 |  1.08 |  1.05 |  1.03 |  1.15
        5283 |  0.79 |  0.99 |  1.03 |  1.08 |  1.05 |  1.03 |  1.15
        5283 |  0.79 |  0.99 |  1.03 |  1.08 |  1.05 |  1.03 |  1.15
        5283 |  0.79 |  0.99 |  1.03 |  1.08 |  1.05 |  1.03 |  1.15
        5283 |  0.79 |  0.99 |  1.03 |  1.08 |  1.05 |  1.03 |  1.15
        5283 |  0.79 |  0.99 |  1.03 |  1.08 |  1.05 |  1.03 |  1.15
        5283 |  0.79 |  0.99 |  1.03 |  1.08 |  1.05 |  1.03 |  1.15
        5283 |  0.79 |  0.99 |  1.03 |  1.08 |  1.05 |  1.03 |  1.15
        5283 |  0.79 |  0.99 |  1.03 |  1.08 |  1.05 |  1.03 |  1.15
        5283 |  0.79 |  0.99 |  1.03 |  1.08 |  1.05 |  1.03 |  1.15
        5283 |  0.79 |  0.99 |  1.03 |  1.08 |  1.05 |  1.03 |  1.15
        5283 |  0.79 |  0.99 |  1.03 |  1.08 |  1.05 |  1.03 |  1.15
        5283 |  0.79 |  0.99 |  1.03 |  1.08 |  1.05 |  1.03 |  1.15
        5283 |  0.79 |  0.99 |  1.03 |  1.08 |  1.05 |  1.03 |  1.15
        5283 |  0.79 |  0.99 |  1.03 |  1.08 |  1.05 |  1.03 |  1.15
        5283 |  0.79 |  0.99 |  1.03 |  1.08 |  1.05 |  1.03 |  1.15
        5283 |  0.79 |  0.99 |  1.03 |  1.08 |  1.05 |  1.03 |  1.15
        5283 |  0.79 |  0.99 |  1.03 |  1.08 |  1.05 |  1.03 |  1.15
        5283 |  0.79 |  0.99 |  1.03 |  1.08 |  1.05 |  1.03 |  1.15
        5283 |  0.79 |  0.99 |  1.03 |  1.08 |  1.05 |  1.03 |  1.15
        5283 |  0.79 |  0.99 |  1.03 |  1.08 |  1.05 |  1.03 |  1.15
        5283 |  0.79 |  0.99 |  1.03 |  1.08 |  1.05 |  1.03 |  1.15
        5283 |  0.79 |  0.99 |  1.03 |  1.08 |  1.05 |  1.03 |  1.15
        5283 |  0.79 |  0.99 |  1.03 |  1.08 |  1.05 |  1.03 |  1.15
        5283 |  0.79 |  0.99 |  1.03 |  1.08 |  1.05 |  1.03 |  1.15
        5283 |  0.79 |  0.99 |  1.03 |  1.08 |  1.05 |  1.03 |  1.15
        5283 |  0.79 |  0.99 |  1.03 |  1.08 |  1.05 |  1.03 |  1.15
        5283 |  0.79 |  0.99 |  1.03 |  1.08 |  1.05 |  1.03 |  1.15
        5283 |  0.79 |  0.99 |  1.03 |  1.08 |  1.05 |  1.03 |  1.15
        5283 |  0.79 |  0.99 |  1.03 |  1.08 |  1.05 |  1.03 |  1.15
        5283 |  0.79 |  0.99 |  1.03 |  1.08 |  1.05 |  1.03 |  1.15
        5283 |  0.79 |  0.99 |  1.03 |  1.08 |  1.05 |  1.03 |  1.15
        5283 |  0.79 |  0.99 |  1.03 |  1.08 |  1.05 |  1.03 |  1.15
        5283 |  0.79 |  0.99 |  1.03 |  1.08 |  1.05 |  1.03 |  1.15
        5283 |  0.79 |  0.99 |  1.03 |  1.08 |  1.05 |  1.03 |  1.15
        5283 |  0.79 |  0.99 |  1.03 |  1.08 |  1.05 |  1.03 |  1.15
        5283 |  0.79 |  0.99 |  1.03 |  1.08 |  1.05 |  1.03 |  1.15
        5283 |  0.79 |  0.99 |  1.03 |  1.08 |  1.05 |  1.03 |  1.15
        5283 |  0.79 |  0.99 |  1.03 |  1.08 |  1.05 |  1.03 |  1.15
        5283 |  0.79 |  0.99 |  1.03 |  1.08 |  1.05 |  1.03 |  1.15
        5283 |  0.79 |  0.99 |  1.03 |  1.08 |  1.05 |  1.03 |  1.15
        5283 |  0.79 |  0.99 |  1.03 |  1.08 |  1.05 |  1.03 |  1.15
        5283 |  0.79 |  0.99 |  1.03 |  1.08 |  1.05 |  1.03 |  1.15
        5283 |  0.79 |  0.99 |  1.03 |  1.08 |  1.05 |  1.03 |  1.15
        5284 |  0.79 |  1.15 |  1.08 |  1.03 |  0.97 |  1.09 |  0.77
        5284 |  0.79 |  1.15 |  1.08 |  1.03 |  0.97 |  1.09 |  0.77
        5284 |  0.79 |  1.15 |  1.08 |  1.03 |  0.97 |  1.09 |  0.77
        5284 |  0.79 |  1.15 |  1.08 |  1.03 |  0.97 |  1.09 |  0.77
        5284 |  0.79 |  1.15 |  1.08 |  1.03 |  0.97 |  1.09 |  0.77
        5284 |  0.79 |  1.15 |  1.08 |  1.03 |  0.97 |  1.09 |  0.77
        5284 |  0.79 |  1.15 |  1.08 |  1.03 |  0.97 |  1.09 |  0.77
        5284 |  0.79 |  1.15 |  1.08 |  1.03 |  0.97 |  1.09 |  0.77
        5284 |  0.79 |  1.15 |  1.08 |  1.03 |  0.97 |  1.09 |  0.77
        5284 |  0.79 |  1.15 |  1.08 |  1.03 |  0.97 |  1.09 |  0.77
        5284 |  0.79 |  1.15 |  1.08 |  1.03 |  0.97 |  1.09 |  0.77
        5284 |  0.79 |  1.15 |  1.08 |  1.03 |  0.97 |  1.09 |  0.77
        5284 |  0.79 |  1.15 |  1.08 |  1.03 |  0.97 |  1.09 |  0.77
        5284 |  0.79 |  1.15 |  1.08 |  1.03 |  0.97 |  1.09 |  0.77
        5284 |  0.79 |  1.15 |  1.08 |  1.03 |  0.97 |  1.09 |  0.77
        5284 |  0.79 |  1.15 |  1.08 |  1.03 |  0.97 |  1.09 |  0.77
        5284 |  0.79 |  1.15 |  1.08 |  1.03 |  0.97 |  1.09 |  0.77
        5284 |  0.79 |  1.15 |  1.08 |  1.03 |  0.97 |  1.09 |  0.77
        5284 |  0.79 |  1.15 |  1.08 |  1.03 |  0.97 |  1.09 |  0.77
        5284 |  0.79 |  1.15 |  1.08 |  1.03 |  0.97 |  1.09 |  0.77
        5284 |  0.79 |  1.15 |  1.08 |  1.03 |  0.97 |  1.09 |  0.77
        5284 |  0.79 |  1.15 |  1.08 |  1.03 |  0.97 |  1.09 |  0.77
        5284 |  0.79 |  1.15 |  1.08 |  1.03 |  0.97 |  1.09 |  0.77
        5284 |  0.79 |  1.15 |  1.08 |  1.03 |  0.97 |  1.09 |  0.77
        5284 |  0.79 |  1.15 |  1.08 |  1.03 |  0.97 |  1.09 |  0.77
        5284 |  0.79 |  1.15 |  1.08 |  1.03 |  0.97 |  1.09 |  0.77
        5284 |  0.79 |  1.15 |  1.08 |  1.03 |  0.97 |  1.09 |  0.77
        5284 |  0.79 |  1.15 |  1.08 |  1.03 |  0.97 |  1.09 |  0.77
        5284 |  0.79 |  1.15 |  1.08 |  1.03 |  0.97 |  1.09 |  0.77
        5284 |  0.79 |  1.15 |  1.08 |  1.03 |  0.97 |  1.09 |  0.77
        5284 |  0.79 |  1.15 |  1.08 |  1.03 |  0.97 |  1.09 |  0.77
        5284 |  0.79 |  1.15 |  1.08 |  1.03 |  0.97 |  1.09 |  0.77
        5284 |  0.79 |  1.15 |  1.08 |  1.03 |  0.97 |  1.09 |  0.77
        5284 |  0.79 |  1.15 |  1.08 |  1.03 |  0.97 |  1.09 |  0.77
        5284 |  0.79 |  1.15 |  1.08 |  1.03 |  0.97 |  1.09 |  0.77
        5284 |  0.79 |  1.15 |  1.08 |  1.03 |  0.97 |  1.09 |  0.77
        5284 |  0.79 |  1.15 |  1.08 |  1.03 |  0.97 |  1.09 |  0.77
        5284 |  0.79 |  1.15 |  1.08 |  1.03 |  0.97 |  1.09 |  0.77
        5284 |  0.79 |  1.15 |  1.08 |  1.03 |  0.97 |  1.09 |  0.77
        5284 |  0.79 |  1.15 |  1.08 |  1.03 |  0.97 |  1.09 |  0.77
        5284 |  0.79 |  1.15 |  1.08 |  1.03 |  0.97 |  1.09 |  0.77
        5284 |  0.79 |  1.15 |  1.08 |  1.03 |  0.97 |  1.09 |  0.77
        5284 |  0.79 |  1.15 |  1.08 |  1.03 |  0.97 |  1.09 |  0.77
        5284 |  0.79 |  1.15 |  1.08 |  1.03 |  0.97 |  1.09 |  0.77
        5284 |  0.79 |  1.15 |  1.08 |  1.03 |  0.97 |  1.09 |  0.77
        5284 |  0.79 |  1.15 |  1.08 |  1.03 |  0.97 |  1.09 |  0.77
        5284 |  0.79 |  1.15 |  1.08 |  1.03 |  0.97 |  1.09 |  0.77
        5284 |  0.79 |  1.15 |  1.08 |  1.03 |  0.97 |  1.09 |  0.77
        5284 |  0.79 |  1.15 |  1.08 |  1.03 |  0.97 |  1.09 |  0.77
        5285 |  1.14 |  1.05 |  1.17 |  1.21 |  1.26 |  0.93 |  1.00
        5285 |  1.14 |  1.05 |  1.17 |  1.21 |  1.26 |  0.93 |  1.00
        5285 |  1.14 |  1.05 |  1.17 |  1.21 |  1.26 |  0.93 |  1.00
        5285 |  1.14 |  1.05 |  1.17 |  1.21 |  1.26 |  0.93 |  1.00
        5285 |  1.14 |  1.05 |  1.17 |  1.21 |  1.26 |  0.93 |  1.00
        5285 |  1.14 |  1.05 |  1.17 |  1.21 |  1.26 |  0.93 |  1.00
        5285 |  1.14 |  1.05 |  1.17 |  1.21 |  1.26 |  0.93 |  1.00
        5285 |  1.14 |  1.05 |  1.17 |  1.21 |  1.26 |  0.93 |  1.00
        5285 |  1.14 |  1.05 |  1.17 |  1.21 |  1.26 |  0.93 |  1.00
        5285 |  1.14 |  1.05 |  1.17 |  1.21 |  1.26 |  0.93 |  1.00
        5285 |  1.14 |  1.05 |  1.17 |  1.21 |  1.26 |  0.93 |  1.00
        5285 |  1.14 |  1.05 |  1.17 |  1.21 |  1.26 |  0.93 |  1.00
        5285 |  1.14 |  1.05 |  1.17 |  1.21 |  1.26 |  0.93 |  1.00
        5285 |  1.14 |  1.05 |  1.17 |  1.21 |  1.26 |  0.93 |  1.00
        5285 |  1.14 |  1.05 |  1.17 |  1.21 |  1.26 |  0.93 |  1.00
        5285 |  1.14 |  1.05 |  1.17 |  1.21 |  1.26 |  0.93 |  1.00
        5285 |  1.14 |  1.05 |  1.17 |  1.21 |  1.26 |  0.93 |  1.00
        5285 |  1.14 |  1.05 |  1.17 |  1.21 |  1.26 |  0.93 |  1.00
        5285 |  1.14 |  1.05 |  1.17 |  1.21 |  1.26 |  0.93 |  1.00
        5285 |  1.14 |  1.05 |  1.17 |  1.21 |  1.26 |  0.93 |  1.00
        5285 |  1.14 |  1.05 |  1.17 |  1.21 |  1.26 |  0.93 |  1.00
        5285 |  1.14 |  1.05 |  1.17 |  1.21 |  1.26 |  0.93 |  1.00
        5285 |  1.14 |  1.05 |  1.17 |  1.21 |  1.26 |  0.93 |  1.00
        5285 |  1.14 |  1.05 |  1.17 |  1.21 |  1.26 |  0.93 |  1.00
        5285 |  1.14 |  1.05 |  1.17 |  1.21 |  1.26 |  0.93 |  1.00
        5285 |  1.14 |  1.05 |  1.17 |  1.21 |  1.26 |  0.93 |  1.00
        5285 |  1.14 |  1.05 |  1.17 |  1.21 |  1.26 |  0.93 |  1.00
        5285 |  1.14 |  1.05 |  1.17 |  1.21 |  1.26 |  0.93 |  1.00
        5285 |  1.14 |  1.05 |  1.17 |  1.21 |  1.26 |  0.93 |  1.00
        5285 |  1.14 |  1.05 |  1.17 |  1.21 |  1.26 |  0.93 |  1.00
        5285 |  1.14 |  1.05 |  1.17 |  1.21 |  1.26 |  0.93 |  1.00
        5285 |  1.14 |  1.05 |  1.17 |  1.21 |  1.26 |  0.93 |  1.00
        5285 |  1.14 |  1.05 |  1.17 |  1.21 |  1.26 |  0.93 |  1.00
        5285 |  1.14 |  1.05 |  1.17 |  1.21 |  1.26 |  0.93 |  1.00
        5285 |  1.14 |  1.05 |  1.17 |  1.21 |  1.26 |  0.93 |  1.00
        5285 |  1.14 |  1.05 |  1.17 |  1.21 |  1.26 |  0.93 |  1.00
        5285 |  1.14 |  1.05 |  1.17 |  1.21 |  1.26 |  0.93 |  1.00
        5285 |  1.14 |  1.05 |  1.17 |  1.21 |  1.26 |  0.93 |  1.00
        5285 |  1.14 |  1.05 |  1.17 |  1.21 |  1.26 |  0.93 |  1.00
        5285 |  1.14 |  1.05 |  1.17 |  1.21 |  1.26 |  0.93 |  1.00
        5285 |  1.14 |  1.05 |  1.17 |  1.21 |  1.26 |  0.93 |  1.00
        5285 |  1.14 |  1.05 |  1.17 |  1.21 |  1.26 |  0.93 |  1.00
        5285 |  1.14 |  1.05 |  1.17 |  1.21 |  1.26 |  0.93 |  1.00
        5285 |  1.14 |  1.05 |  1.17 |  1.21 |  1.26 |  0.93 |  1.00
        5285 |  1.14 |  1.05 |  1.17 |  1.21 |  1.26 |  0.93 |  1.00
        5285 |  1.14 |  1.05 |  1.17 |  1.21 |  1.26 |  0.93 |  1.00
        5285 |  1.14 |  1.05 |  1.17 |  1.21 |  1.26 |  0.93 |  1.00
        5285 |  1.14 |  1.05 |  1.17 |  1.21 |  1.26 |  0.93 |  1.00
        5285 |  1.14 |  1.05 |  1.17 |  1.21 |  1.26 |  0.93 |  1.00
        5286 |  0.99 |  1.01 |  0.90 |  1.05 |  1.38 |  1.00 |  0.92
        5286 |  0.99 |  1.01 |  0.90 |  1.05 |  1.38 |  1.00 |  0.92
        5286 |  0.99 |  1.01 |  0.90 |  1.05 |  1.38 |  1.00 |  0.92
        5286 |  0.99 |  1.01 |  0.90 |  1.05 |  1.38 |  1.00 |  0.92
        5286 |  0.99 |  1.01 |  0.90 |  1.05 |  1.38 |  1.00 |  0.92
        5286 |  0.99 |  1.01 |  0.90 |  1.05 |  1.38 |  1.00 |  0.92
        5286 |  0.99 |  1.01 |  0.90 |  1.05 |  1.38 |  1.00 |  0.92
        5286 |  0.99 |  1.01 |  0.90 |  1.05 |  1.38 |  1.00 |  0.92
        5286 |  0.99 |  1.01 |  0.90 |  1.05 |  1.38 |  1.00 |  0.92
        5286 |  0.99 |  1.01 |  0.90 |  1.05 |  1.38 |  1.00 |  0.92
        5286 |  0.99 |  1.01 |  0.90 |  1.05 |  1.38 |  1.00 |  0.92
        5286 |  0.99 |  1.01 |  0.90 |  1.05 |  1.38 |  1.00 |  0.92
        5286 |  0.99 |  1.01 |  0.90 |  1.05 |  1.38 |  1.00 |  0.92
        5286 |  0.99 |  1.01 |  0.90 |  1.05 |  1.38 |  1.00 |  0.92
        5286 |  0.99 |  1.01 |  0.90 |  1.05 |  1.38 |  1.00 |  0.92
        5286 |  0.99 |  1.01 |  0.90 |  1.05 |  1.38 |  1.00 |  0.92
        5286 |  0.99 |  1.01 |  0.90 |  1.05 |  1.38 |  1.00 |  0.92
        5286 |  0.99 |  1.01 |  0.90 |  1.05 |  1.38 |  1.00 |  0.92
        5286 |  0.99 |  1.01 |  0.90 |  1.05 |  1.38 |  1.00 |  0.92
        5286 |  0.99 |  1.01 |  0.90 |  1.05 |  1.38 |  1.00 |  0.92
        5286 |  0.99 |  1.01 |  0.90 |  1.05 |  1.38 |  1.00 |  0.92
        5286 |  0.99 |  1.01 |  0.90 |  1.05 |  1.38 |  1.00 |  0.92
        5286 |  0.99 |  1.01 |  0.90 |  1.05 |  1.38 |  1.00 |  0.92
        5286 |  0.99 |  1.01 |  0.90 |  1.05 |  1.38 |  1.00 |  0.92
        5286 |  0.99 |  1.01 |  0.90 |  1.05 |  1.38 |  1.00 |  0.92
        5286 |  0.99 |  1.01 |  0.90 |  1.05 |  1.38 |  1.00 |  0.92
        5286 |  0.99 |  1.01 |  0.90 |  1.05 |  1.38 |  1.00 |  0.92
        5286 |  0.99 |  1.01 |  0.90 |  1.05 |  1.38 |  1.00 |  0.92
        5286 |  0.99 |  1.01 |  0.90 |  1.05 |  1.38 |  1.00 |  0.92
        5286 |  0.99 |  1.01 |  0.90 |  1.05 |  1.38 |  1.00 |  0.92
        5286 |  0.99 |  1.01 |  0.90 |  1.05 |  1.38 |  1.00 |  0.92
        5286 |  0.99 |  1.01 |  0.90 |  1.05 |  1.38 |  1.00 |  0.92
        5286 |  0.99 |  1.01 |  0.90 |  1.05 |  1.38 |  1.00 |  0.92
        5286 |  0.99 |  1.01 |  0.90 |  1.05 |  1.38 |  1.00 |  0.92
        5286 |  0.99 |  1.01 |  0.90 |  1.05 |  1.38 |  1.00 |  0.92
        5286 |  0.99 |  1.01 |  0.90 |  1.05 |  1.38 |  1.00 |  0.92
        5286 |  0.99 |  1.01 |  0.90 |  1.05 |  1.38 |  1.00 |  0.92
        5286 |  0.99 |  1.01 |  0.90 |  1.05 |  1.38 |  1.00 |  0.92
        5286 |  0.99 |  1.01 |  0.90 |  1.05 |  1.38 |  1.00 |  0.92
        5286 |  0.99 |  1.01 |  0.90 |  1.05 |  1.38 |  1.00 |  0.92
        5286 |  0.99 |  1.01 |  0.90 |  1.05 |  1.38 |  1.00 |  0.92
        5286 |  0.99 |  1.01 |  0.90 |  1.05 |  1.38 |  1.00 |  0.92
        5286 |  0.99 |  1.01 |  0.90 |  1.05 |  1.38 |  1.00 |  0.92
        5286 |  0.99 |  1.01 |  0.90 |  1.05 |  1.38 |  1.00 |  0.92
        5286 |  0.99 |  1.01 |  0.90 |  1.05 |  1.38 |  1.00 |  0.92
        5286 |  0.99 |  1.01 |  0.90 |  1.05 |  1.38 |  1.00 |  0.92
        5286 |  0.99 |  1.01 |  0.90 |  1.05 |  1.38 |  1.00 |  0.92
        5286 |  0.99 |  1.01 |  0.90 |  1.05 |  1.38 |  1.00 |  0.92
        5286 |  0.99 |  1.01 |  0.90 |  1.05 |  1.38 |  1.00 |  0.92
        5287 |  1.15 |  0.96 |  1.17 |  0.98 |  1.19 |  0.96 |  0.97
        5287 |  1.15 |  0.96 |  1.17 |  0.98 |  1.19 |  0.96 |  0.97
        5287 |  1.15 |  0.96 |  1.17 |  0.98 |  1.19 |  0.96 |  0.97
        5287 |  1.15 |  0.96 |  1.17 |  0.98 |  1.19 |  0.96 |  0.97
        5287 |  1.15 |  0.96 |  1.17 |  0.98 |  1.19 |  0.96 |  0.97
        5287 |  1.15 |  0.96 |  1.17 |  0.98 |  1.19 |  0.96 |  0.97
        5287 |  1.15 |  0.96 |  1.17 |  0.98 |  1.19 |  0.96 |  0.97
        5287 |  1.15 |  0.96 |  1.17 |  0.98 |  1.19 |  0.96 |  0.97
        5287 |  1.15 |  0.96 |  1.17 |  0.98 |  1.19 |  0.96 |  0.97
        5287 |  1.15 |  0.96 |  1.17 |  0.98 |  1.19 |  0.96 |  0.97
        5287 |  1.15 |  0.96 |  1.17 |  0.98 |  1.19 |  0.96 |  0.97
        5287 |  1.15 |  0.96 |  1.17 |  0.98 |  1.19 |  0.96 |  0.97
        5287 |  1.15 |  0.96 |  1.17 |  0.98 |  1.19 |  0.96 |  0.97
        5287 |  1.15 |  0.96 |  1.17 |  0.98 |  1.19 |  0.96 |  0.97
        5287 |  1.15 |  0.96 |  1.17 |  0.98 |  1.19 |  0.96 |  0.97
        5287 |  1.15 |  0.96 |  1.17 |  0.98 |  1.19 |  0.96 |  0.97
        5287 |  1.15 |  0.96 |  1.17 |  0.98 |  1.19 |  0.96 |  0.97
        5287 |  1.15 |  0.96 |  1.17 |  0.98 |  1.19 |  0.96 |  0.97
        5287 |  1.15 |  0.96 |  1.17 |  0.98 |  1.19 |  0.96 |  0.97
        5287 |  1.15 |  0.96 |  1.17 |  0.98 |  1.19 |  0.96 |  0.97
        5287 |  1.15 |  0.96 |  1.17 |  0.98 |  1.19 |  0.96 |  0.97
        5287 |  1.15 |  0.96 |  1.17 |  0.98 |  1.19 |  0.96 |  0.97
        5287 |  1.15 |  0.96 |  1.17 |  0.98 |  1.19 |  0.96 |  0.97
        5287 |  1.15 |  0.96 |  1.17 |  0.98 |  1.19 |  0.96 |  0.97
        5287 |  1.15 |  0.96 |  1.17 |  0.98 |  1.19 |  0.96 |  0.97
        5287 |  1.15 |  0.96 |  1.17 |  0.98 |  1.19 |  0.96 |  0.97
        5287 |  1.15 |  0.96 |  1.17 |  0.98 |  1.19 |  0.96 |  0.97
        5287 |  1.15 |  0.96 |  1.17 |  0.98 |  1.19 |  0.96 |  0.97
        5287 |  1.15 |  0.96 |  1.17 |  0.98 |  1.19 |  0.96 |  0.97
        5287 |  1.15 |  0.96 |  1.17 |  0.98 |  1.19 |  0.96 |  0.97
        5287 |  1.15 |  0.96 |  1.17 |  0.98 |  1.19 |  0.96 |  0.97
        5287 |  1.15 |  0.96 |  1.17 |  0.98 |  1.19 |  0.96 |  0.97
        5287 |  1.15 |  0.96 |  1.17 |  0.98 |  1.19 |  0.96 |  0.97
        5287 |  1.15 |  0.96 |  1.17 |  0.98 |  1.19 |  0.96 |  0.97
        5287 |  1.15 |  0.96 |  1.17 |  0.98 |  1.19 |  0.96 |  0.97
        5287 |  1.15 |  0.96 |  1.17 |  0.98 |  1.19 |  0.96 |  0.97
        5287 |  1.15 |  0.96 |  1.17 |  0.98 |  1.19 |  0.96 |  0.97
        5287 |  1.15 |  0.96 |  1.17 |  0.98 |  1.19 |  0.96 |  0.97
        5287 |  1.15 |  0.96 |  1.17 |  0.98 |  1.19 |  0.96 |  0.97
        5287 |  1.15 |  0.96 |  1.17 |  0.98 |  1.19 |  0.96 |  0.97
        5287 |  1.15 |  0.96 |  1.17 |  0.98 |  1.19 |  0.96 |  0.97
        5287 |  1.15 |  0.96 |  1.17 |  0.98 |  1.19 |  0.96 |  0.97
        5287 |  1.15 |  0.96 |  1.17 |  0.98 |  1.19 |  0.96 |  0.97
        5287 |  1.15 |  0.96 |  1.17 |  0.98 |  1.19 |  0.96 |  0.97
        5287 |  1.15 |  0.96 |  1.17 |  0.98 |  1.19 |  0.96 |  0.97
        5287 |  1.15 |  0.96 |  1.17 |  0.98 |  1.19 |  0.96 |  0.97
        5287 |  1.15 |  0.96 |  1.17 |  0.98 |  1.19 |  0.96 |  0.97
        5287 |  1.15 |  0.96 |  1.17 |  0.98 |  1.19 |  0.96 |  0.97
        5287 |  1.15 |  0.96 |  1.17 |  0.98 |  1.19 |  0.96 |  0.97
        5288 |  1.13 |  0.79 |  0.71 |  0.99 |  1.47 |  1.13 |  1.17
        5288 |  1.13 |  0.79 |  0.71 |  0.99 |  1.47 |  1.13 |  1.17
        5288 |  1.13 |  0.79 |  0.71 |  0.99 |  1.47 |  1.13 |  1.17
        5288 |  1.13 |  0.79 |  0.71 |  0.99 |  1.47 |  1.13 |  1.17
        5288 |  1.13 |  0.79 |  0.71 |  0.99 |  1.47 |  1.13 |  1.17
        5288 |  1.13 |  0.79 |  0.71 |  0.99 |  1.47 |  1.13 |  1.17
        5288 |  1.13 |  0.79 |  0.71 |  0.99 |  1.47 |  1.13 |  1.17
        5288 |  1.13 |  0.79 |  0.71 |  0.99 |  1.47 |  1.13 |  1.17
        5288 |  1.13 |  0.79 |  0.71 |  0.99 |  1.47 |  1.13 |  1.17
        5288 |  1.13 |  0.79 |  0.71 |  0.99 |  1.47 |  1.13 |  1.17
        5288 |  1.13 |  0.79 |  0.71 |  0.99 |  1.47 |  1.13 |  1.17
        5288 |  1.13 |  0.79 |  0.71 |  0.99 |  1.47 |  1.13 |  1.17
        5288 |  1.13 |  0.79 |  0.71 |  0.99 |  1.47 |  1.13 |  1.17
        5288 |  1.13 |  0.79 |  0.71 |  0.99 |  1.47 |  1.13 |  1.17
        5288 |  1.13 |  0.79 |  0.71 |  0.99 |  1.47 |  1.13 |  1.17
        5288 |  1.13 |  0.79 |  0.71 |  0.99 |  1.47 |  1.13 |  1.17
        5288 |  1.13 |  0.79 |  0.71 |  0.99 |  1.47 |  1.13 |  1.17
        5288 |  1.13 |  0.79 |  0.71 |  0.99 |  1.47 |  1.13 |  1.17
        5288 |  1.13 |  0.79 |  0.71 |  0.99 |  1.47 |  1.13 |  1.17
        5288 |  1.13 |  0.79 |  0.71 |  0.99 |  1.47 |  1.13 |  1.17
        5288 |  1.13 |  0.79 |  0.71 |  0.99 |  1.47 |  1.13 |  1.17
        5288 |  1.13 |  0.79 |  0.71 |  0.99 |  1.47 |  1.13 |  1.17
        5288 |  1.13 |  0.79 |  0.71 |  0.99 |  1.47 |  1.13 |  1.17
        5288 |  1.13 |  0.79 |  0.71 |  0.99 |  1.47 |  1.13 |  1.17
        5288 |  1.13 |  0.79 |  0.71 |  0.99 |  1.47 |  1.13 |  1.17
        5288 |  1.13 |  0.79 |  0.71 |  0.99 |  1.47 |  1.13 |  1.17
        5288 |  1.13 |  0.79 |  0.71 |  0.99 |  1.47 |  1.13 |  1.17
        5288 |  1.13 |  0.79 |  0.71 |  0.99 |  1.47 |  1.13 |  1.17
        5288 |  1.13 |  0.79 |  0.71 |  0.99 |  1.47 |  1.13 |  1.17
        5288 |  1.13 |  0.79 |  0.71 |  0.99 |  1.47 |  1.13 |  1.17
        5288 |  1.13 |  0.79 |  0.71 |  0.99 |  1.47 |  1.13 |  1.17
        5288 |  1.13 |  0.79 |  0.71 |  0.99 |  1.47 |  1.13 |  1.17
        5288 |  1.13 |  0.79 |  0.71 |  0.99 |  1.47 |  1.13 |  1.17
        5288 |  1.13 |  0.79 |  0.71 |  0.99 |  1.47 |  1.13 |  1.17
        5288 |  1.13 |  0.79 |  0.71 |  0.99 |  1.47 |  1.13 |  1.17
        5288 |  1.13 |  0.79 |  0.71 |  0.99 |  1.47 |  1.13 |  1.17
        5288 |  1.13 |  0.79 |  0.71 |  0.99 |  1.47 |  1.13 |  1.17
        5288 |  1.13 |  0.79 |  0.71 |  0.99 |  1.47 |  1.13 |  1.17
        5288 |  1.13 |  0.79 |  0.71 |  0.99 |  1.47 |  1.13 |  1.17
        5288 |  1.13 |  0.79 |  0.71 |  0.99 |  1.47 |  1.13 |  1.17
        5288 |  1.13 |  0.79 |  0.71 |  0.99 |  1.47 |  1.13 |  1.17
        5288 |  1.13 |  0.79 |  0.71 |  0.99 |  1.47 |  1.13 |  1.17
        5288 |  1.13 |  0.79 |  0.71 |  0.99 |  1.47 |  1.13 |  1.17
        5288 |  1.13 |  0.79 |  0.71 |  0.99 |  1.47 |  1.13 |  1.17
        5288 |  1.13 |  0.79 |  0.71 |  0.99 |  1.47 |  1.13 |  1.17
        5288 |  1.13 |  0.79 |  0.71 |  0.99 |  1.47 |  1.13 |  1.17
        5288 |  1.13 |  0.79 |  0.71 |  0.99 |  1.47 |  1.13 |  1.17
        5288 |  1.13 |  0.79 |  0.71 |  0.99 |  1.47 |  1.13 |  1.17
        5288 |  1.13 |  0.79 |  0.71 |  0.99 |  1.47 |  1.13 |  1.17
        5289 |  0.85 |  1.00 |  0.85 |  1.25 |  1.24 |  0.99 |  0.93
        5289 |  0.85 |  1.00 |  0.85 |  1.25 |  1.24 |  0.99 |  0.93
        5289 |  0.85 |  1.00 |  0.85 |  1.25 |  1.24 |  0.99 |  0.93
        5289 |  0.85 |  1.00 |  0.85 |  1.25 |  1.24 |  0.99 |  0.93
        5289 |  0.85 |  1.00 |  0.85 |  1.25 |  1.24 |  0.99 |  0.93
        5289 |  0.85 |  1.00 |  0.85 |  1.25 |  1.24 |  0.99 |  0.93
        5289 |  0.85 |  1.00 |  0.85 |  1.25 |  1.24 |  0.99 |  0.93
        5289 |  0.85 |  1.00 |  0.85 |  1.25 |  1.24 |  0.99 |  0.93
        5289 |  0.85 |  1.00 |  0.85 |  1.25 |  1.24 |  0.99 |  0.93
        5289 |  0.85 |  1.00 |  0.85 |  1.25 |  1.24 |  0.99 |  0.93
        5289 |  0.85 |  1.00 |  0.85 |  1.25 |  1.24 |  0.99 |  0.93
        5289 |  0.85 |  1.00 |  0.85 |  1.25 |  1.24 |  0.99 |  0.93
        5289 |  0.85 |  1.00 |  0.85 |  1.25 |  1.24 |  0.99 |  0.93
        5289 |  0.85 |  1.00 |  0.85 |  1.25 |  1.24 |  0.99 |  0.93
        5289 |  0.85 |  1.00 |  0.85 |  1.25 |  1.24 |  0.99 |  0.93
        5289 |  0.85 |  1.00 |  0.85 |  1.25 |  1.24 |  0.99 |  0.93
        5289 |  0.85 |  1.00 |  0.85 |  1.25 |  1.24 |  0.99 |  0.93
        5289 |  0.85 |  1.00 |  0.85 |  1.25 |  1.24 |  0.99 |  0.93
        5289 |  0.85 |  1.00 |  0.85 |  1.25 |  1.24 |  0.99 |  0.93
        5289 |  0.85 |  1.00 |  0.85 |  1.25 |  1.24 |  0.99 |  0.93
        5289 |  0.85 |  1.00 |  0.85 |  1.25 |  1.24 |  0.99 |  0.93
        5289 |  0.85 |  1.00 |  0.85 |  1.25 |  1.24 |  0.99 |  0.93
        5289 |  0.85 |  1.00 |  0.85 |  1.25 |  1.24 |  0.99 |  0.93
        5289 |  0.85 |  1.00 |  0.85 |  1.25 |  1.24 |  0.99 |  0.93
        5289 |  0.85 |  1.00 |  0.85 |  1.25 |  1.24 |  0.99 |  0.93
        5289 |  0.85 |  1.00 |  0.85 |  1.25 |  1.24 |  0.99 |  0.93
        5289 |  0.85 |  1.00 |  0.85 |  1.25 |  1.24 |  0.99 |  0.93
        5289 |  0.85 |  1.00 |  0.85 |  1.25 |  1.24 |  0.99 |  0.93
        5289 |  0.85 |  1.00 |  0.85 |  1.25 |  1.24 |  0.99 |  0.93
        5289 |  0.85 |  1.00 |  0.85 |  1.25 |  1.24 |  0.99 |  0.93
        5289 |  0.85 |  1.00 |  0.85 |  1.25 |  1.24 |  0.99 |  0.93
        5289 |  0.85 |  1.00 |  0.85 |  1.25 |  1.24 |  0.99 |  0.93
        5289 |  0.85 |  1.00 |  0.85 |  1.25 |  1.24 |  0.99 |  0.93
        5289 |  0.85 |  1.00 |  0.85 |  1.25 |  1.24 |  0.99 |  0.93
        5289 |  0.85 |  1.00 |  0.85 |  1.25 |  1.24 |  0.99 |  0.93
        5289 |  0.85 |  1.00 |  0.85 |  1.25 |  1.24 |  0.99 |  0.93
        5289 |  0.85 |  1.00 |  0.85 |  1.25 |  1.24 |  0.99 |  0.93
        5289 |  0.85 |  1.00 |  0.85 |  1.25 |  1.24 |  0.99 |  0.93
        5289 |  0.85 |  1.00 |  0.85 |  1.25 |  1.24 |  0.99 |  0.93
        5289 |  0.85 |  1.00 |  0.85 |  1.25 |  1.24 |  0.99 |  0.93
        5289 |  0.85 |  1.00 |  0.85 |  1.25 |  1.24 |  0.99 |  0.93
        5289 |  0.85 |  1.00 |  0.85 |  1.25 |  1.24 |  0.99 |  0.93
        5289 |  0.85 |  1.00 |  0.85 |  1.25 |  1.24 |  0.99 |  0.93
        5289 |  0.85 |  1.00 |  0.85 |  1.25 |  1.24 |  0.99 |  0.93
        5289 |  0.85 |  1.00 |  0.85 |  1.25 |  1.24 |  0.99 |  0.93
        5289 |  0.85 |  1.00 |  0.85 |  1.25 |  1.24 |  0.99 |  0.93
        5289 |  0.85 |  1.00 |  0.85 |  1.25 |  1.24 |  0.99 |  0.93
        5289 |  0.85 |  1.00 |  0.85 |  1.25 |  1.24 |  0.99 |  0.93
        5289 |  0.85 |  1.00 |  0.85 |  1.25 |  1.24 |  0.99 |  0.93
        5290 |  1.17 |  1.08 |  1.11 |  0.90 |  1.04 |  0.86 |  1.04
        5290 |  1.17 |  1.08 |  1.11 |  0.90 |  1.04 |  0.86 |  1.04
        5290 |  1.17 |  1.08 |  1.11 |  0.90 |  1.04 |  0.86 |  1.04
        5290 |  1.17 |  1.08 |  1.11 |  0.90 |  1.04 |  0.86 |  1.04
        5290 |  1.17 |  1.08 |  1.11 |  0.90 |  1.04 |  0.86 |  1.04
        5290 |  1.17 |  1.08 |  1.11 |  0.90 |  1.04 |  0.86 |  1.04
        5290 |  1.17 |  1.08 |  1.11 |  0.90 |  1.04 |  0.86 |  1.04
        5290 |  1.17 |  1.08 |  1.11 |  0.90 |  1.04 |  0.86 |  1.04
        5290 |  1.17 |  1.08 |  1.11 |  0.90 |  1.04 |  0.86 |  1.04
        5290 |  1.17 |  1.08 |  1.11 |  0.90 |  1.04 |  0.86 |  1.04
        5290 |  1.17 |  1.08 |  1.11 |  0.90 |  1.04 |  0.86 |  1.04
        5290 |  1.17 |  1.08 |  1.11 |  0.90 |  1.04 |  0.86 |  1.04
        5290 |  1.17 |  1.08 |  1.11 |  0.90 |  1.04 |  0.86 |  1.04
        5290 |  1.17 |  1.08 |  1.11 |  0.90 |  1.04 |  0.86 |  1.04
        5290 |  1.17 |  1.08 |  1.11 |  0.90 |  1.04 |  0.86 |  1.04
        5290 |  1.17 |  1.08 |  1.11 |  0.90 |  1.04 |  0.86 |  1.04
        5290 |  1.17 |  1.08 |  1.11 |  0.90 |  1.04 |  0.86 |  1.04
        5290 |  1.17 |  1.08 |  1.11 |  0.90 |  1.04 |  0.86 |  1.04
        5290 |  1.17 |  1.08 |  1.11 |  0.90 |  1.04 |  0.86 |  1.04
        5290 |  1.17 |  1.08 |  1.11 |  0.90 |  1.04 |  0.86 |  1.04
        5290 |  1.17 |  1.08 |  1.11 |  0.90 |  1.04 |  0.86 |  1.04
        5290 |  1.17 |  1.08 |  1.11 |  0.90 |  1.04 |  0.86 |  1.04
        5290 |  1.17 |  1.08 |  1.11 |  0.90 |  1.04 |  0.86 |  1.04
        5290 |  1.17 |  1.08 |  1.11 |  0.90 |  1.04 |  0.86 |  1.04
        5290 |  1.17 |  1.08 |  1.11 |  0.90 |  1.04 |  0.86 |  1.04
        5290 |  1.17 |  1.08 |  1.11 |  0.90 |  1.04 |  0.86 |  1.04
        5290 |  1.17 |  1.08 |  1.11 |  0.90 |  1.04 |  0.86 |  1.04
        5290 |  1.17 |  1.08 |  1.11 |  0.90 |  1.04 |  0.86 |  1.04
        5290 |  1.17 |  1.08 |  1.11 |  0.90 |  1.04 |  0.86 |  1.04
        5290 |  1.17 |  1.08 |  1.11 |  0.90 |  1.04 |  0.86 |  1.04
        5290 |  1.17 |  1.08 |  1.11 |  0.90 |  1.04 |  0.86 |  1.04
        5290 |  1.17 |  1.08 |  1.11 |  0.90 |  1.04 |  0.86 |  1.04
        5290 |  1.17 |  1.08 |  1.11 |  0.90 |  1.04 |  0.86 |  1.04
        5290 |  1.17 |  1.08 |  1.11 |  0.90 |  1.04 |  0.86 |  1.04
        5290 |  1.17 |  1.08 |  1.11 |  0.90 |  1.04 |  0.86 |  1.04
        5290 |  1.17 |  1.08 |  1.11 |  0.90 |  1.04 |  0.86 |  1.04
        5290 |  1.17 |  1.08 |  1.11 |  0.90 |  1.04 |  0.86 |  1.04
        5290 |  1.17 |  1.08 |  1.11 |  0.90 |  1.04 |  0.86 |  1.04
        5290 |  1.17 |  1.08 |  1.11 |  0.90 |  1.04 |  0.86 |  1.04
        5290 |  1.17 |  1.08 |  1.11 |  0.90 |  1.04 |  0.86 |  1.04
        5290 |  1.17 |  1.08 |  1.11 |  0.90 |  1.04 |  0.86 |  1.04
        5290 |  1.17 |  1.08 |  1.11 |  0.90 |  1.04 |  0.86 |  1.04
        5290 |  1.17 |  1.08 |  1.11 |  0.90 |  1.04 |  0.86 |  1.04
        5290 |  1.17 |  1.08 |  1.11 |  0.90 |  1.04 |  0.86 |  1.04
        5290 |  1.17 |  1.08 |  1.11 |  0.90 |  1.04 |  0.86 |  1.04
        5290 |  1.17 |  1.08 |  1.11 |  0.90 |  1.04 |  0.86 |  1.04
        5290 |  1.17 |  1.08 |  1.11 |  0.90 |  1.04 |  0.86 |  1.04
        5290 |  1.17 |  1.08 |  1.11 |  0.90 |  1.04 |  0.86 |  1.04
        5290 |  1.17 |  1.08 |  1.11 |  0.90 |  1.04 |  0.86 |  1.04
        5291 |  1.26 |  1.10 |  1.05 |  1.11 |       |       |  0.81
        5291 |  1.26 |  1.10 |  1.05 |  1.11 |       |       |  0.81
        5291 |  1.26 |  1.10 |  1.05 |  1.11 |       |       |  0.81
        5291 |  1.26 |  1.10 |  1.05 |  1.11 |       |       |  0.81
        5291 |  1.26 |  1.10 |  1.05 |  1.11 |       |       |  0.81
        5291 |  1.26 |  1.10 |  1.05 |  1.11 |       |       |  0.81
        5291 |  1.26 |  1.10 |  1.05 |  1.11 |       |       |  0.81
        5291 |  1.26 |  1.10 |  1.05 |  1.11 |       |       |  0.81
        5291 |  1.26 |  1.10 |  1.05 |  1.11 |       |       |  0.81
        5291 |  1.26 |  1.10 |  1.05 |  1.11 |       |       |  0.81
        5291 |  1.26 |  1.10 |  1.05 |  1.11 |       |       |  0.81
        5291 |  1.26 |  1.10 |  1.05 |  1.11 |       |       |  0.81
        5291 |  1.26 |  1.10 |  1.05 |  1.11 |       |       |  0.81
        5291 |  1.26 |  1.10 |  1.05 |  1.11 |       |       |  0.81
        5291 |  1.26 |  1.10 |  1.05 |  1.11 |       |       |  0.81
        5291 |  1.26 |  1.10 |  1.05 |  1.11 |       |       |  0.81
        5291 |  1.26 |  1.10 |  1.05 |  1.11 |       |       |  0.81
        5291 |  1.26 |  1.10 |  1.05 |  1.11 |       |       |  0.81
        5291 |  1.26 |  1.10 |  1.05 |  1.11 |       |       |  0.81
        5291 |  1.26 |  1.10 |  1.05 |  1.11 |       |       |  0.81
        5291 |  1.26 |  1.10 |  1.05 |  1.11 |       |       |  0.81
        5291 |  1.26 |  1.10 |  1.05 |  1.11 |       |       |  0.81
        5291 |  1.26 |  1.10 |  1.05 |  1.11 |       |       |  0.81
        5291 |  1.26 |  1.10 |  1.05 |  1.11 |       |       |  0.81
        5291 |  1.26 |  1.10 |  1.05 |  1.11 |       |       |  0.81
        5291 |  1.26 |  1.10 |  1.05 |  1.11 |       |       |  0.81
        5291 |  1.26 |  1.10 |  1.05 |  1.11 |       |       |  0.81
        5291 |  1.26 |  1.10 |  1.05 |  1.11 |       |       |  0.81
        5291 |  1.26 |  1.10 |  1.05 |  1.11 |       |       |  0.81
        5291 |  1.26 |  1.10 |  1.05 |  1.11 |       |       |  0.81
        5291 |  1.26 |  1.10 |  1.05 |  1.11 |       |       |  0.81
        5291 |  1.26 |  1.10 |  1.05 |  1.11 |       |       |  0.81
        5291 |  1.26 |  1.10 |  1.05 |  1.11 |       |       |  0.81
        5291 |  1.26 |  1.10 |  1.05 |  1.11 |       |       |  0.81
        5291 |  1.26 |  1.10 |  1.05 |  1.11 |       |       |  0.81
        5291 |  1.26 |  1.10 |  1.05 |  1.11 |       |       |  0.81
        5291 |  1.26 |  1.10 |  1.05 |  1.11 |       |       |  0.81
        5291 |  1.26 |  1.10 |  1.05 |  1.11 |       |       |  0.81
        5291 |  1.26 |  1.10 |  1.05 |  1.11 |       |       |  0.81
        5291 |  1.26 |  1.10 |  1.05 |  1.11 |       |       |  0.81
        5291 |  1.26 |  1.10 |  1.05 |  1.11 |       |       |  0.81
        5291 |  1.26 |  1.10 |  1.05 |  1.11 |       |       |  0.81
        5291 |  1.26 |  1.10 |  1.05 |  1.11 |       |       |  0.81
        5291 |  1.26 |  1.10 |  1.05 |  1.11 |       |       |  0.81
        5291 |  1.26 |  1.10 |  1.05 |  1.11 |       |       |  0.81
        5291 |  1.26 |  1.10 |  1.05 |  1.11 |       |       |  0.81
        5291 |  1.26 |  1.10 |  1.05 |  1.11 |       |       |  0.81
        5291 |  1.26 |  1.10 |  1.05 |  1.11 |       |       |  0.81
        5291 |  1.26 |  1.10 |  1.05 |  1.11 |       |       |  0.81
        5292 |  1.10 |  0.96 |  1.03 |  0.97 |  0.96 |  1.06 |  1.15
        5292 |  1.10 |  0.96 |  1.03 |  0.97 |  0.96 |  1.06 |  1.15
        5292 |  1.10 |  0.96 |  1.03 |  0.97 |  0.96 |  1.06 |  1.15
        5292 |  1.10 |  0.96 |  1.03 |  0.97 |  0.96 |  1.06 |  1.15
        5292 |  1.10 |  0.96 |  1.03 |  0.97 |  0.96 |  1.06 |  1.15
        5292 |  1.10 |  0.96 |  1.03 |  0.97 |  0.96 |  1.06 |  1.15
        5292 |  1.10 |  0.96 |  1.03 |  0.97 |  0.96 |  1.06 |  1.15
        5292 |  1.10 |  0.96 |  1.03 |  0.97 |  0.96 |  1.06 |  1.15
        5292 |  1.10 |  0.96 |  1.03 |  0.97 |  0.96 |  1.06 |  1.15
        5292 |  1.10 |  0.96 |  1.03 |  0.97 |  0.96 |  1.06 |  1.15
        5292 |  1.10 |  0.96 |  1.03 |  0.97 |  0.96 |  1.06 |  1.15
        5292 |  1.10 |  0.96 |  1.03 |  0.97 |  0.96 |  1.06 |  1.15
        5292 |  1.10 |  0.96 |  1.03 |  0.97 |  0.96 |  1.06 |  1.15
        5292 |  1.10 |  0.96 |  1.03 |  0.97 |  0.96 |  1.06 |  1.15
        5292 |  1.10 |  0.96 |  1.03 |  0.97 |  0.96 |  1.06 |  1.15
        5292 |  1.10 |  0.96 |  1.03 |  0.97 |  0.96 |  1.06 |  1.15
        5292 |  1.10 |  0.96 |  1.03 |  0.97 |  0.96 |  1.06 |  1.15
        5292 |  1.10 |  0.96 |  1.03 |  0.97 |  0.96 |  1.06 |  1.15
        5292 |  1.10 |  0.96 |  1.03 |  0.97 |  0.96 |  1.06 |  1.15
        5292 |  1.10 |  0.96 |  1.03 |  0.97 |  0.96 |  1.06 |  1.15
        5292 |  1.10 |  0.96 |  1.03 |  0.97 |  0.96 |  1.06 |  1.15
        5292 |  1.10 |  0.96 |  1.03 |  0.97 |  0.96 |  1.06 |  1.15
        5292 |  1.10 |  0.96 |  1.03 |  0.97 |  0.96 |  1.06 |  1.15
        5292 |  1.10 |  0.96 |  1.03 |  0.97 |  0.96 |  1.06 |  1.15
        5292 |  1.10 |  0.96 |  1.03 |  0.97 |  0.96 |  1.06 |  1.15
        5292 |  1.10 |  0.96 |  1.03 |  0.97 |  0.96 |  1.06 |  1.15
        5292 |  1.10 |  0.96 |  1.03 |  0.97 |  0.96 |  1.06 |  1.15
        5292 |  1.10 |  0.96 |  1.03 |  0.97 |  0.96 |  1.06 |  1.15
        5292 |  1.10 |  0.96 |  1.03 |  0.97 |  0.96 |  1.06 |  1.15
        5292 |  1.10 |  0.96 |  1.03 |  0.97 |  0.96 |  1.06 |  1.15
        5292 |  1.10 |  0.96 |  1.03 |  0.97 |  0.96 |  1.06 |  1.15
        5292 |  1.10 |  0.96 |  1.03 |  0.97 |  0.96 |  1.06 |  1.15
        5292 |  1.10 |  0.96 |  1.03 |  0.97 |  0.96 |  1.06 |  1.15
        5292 |  1.10 |  0.96 |  1.03 |  0.97 |  0.96 |  1.06 |  1.15
        5292 |  1.10 |  0.96 |  1.03 |  0.97 |  0.96 |  1.06 |  1.15
        5292 |  1.10 |  0.96 |  1.03 |  0.97 |  0.96 |  1.06 |  1.15
        5292 |  1.10 |  0.96 |  1.03 |  0.97 |  0.96 |  1.06 |  1.15
        5292 |  1.10 |  0.96 |  1.03 |  0.97 |  0.96 |  1.06 |  1.15
        5292 |  1.10 |  0.96 |  1.03 |  0.97 |  0.96 |  1.06 |  1.15
        5292 |  1.10 |  0.96 |  1.03 |  0.97 |  0.96 |  1.06 |  1.15
        5292 |  1.10 |  0.96 |  1.03 |  0.97 |  0.96 |  1.06 |  1.15
        5292 |  1.10 |  0.96 |  1.03 |  0.97 |  0.96 |  1.06 |  1.15
        5292 |  1.10 |  0.96 |  1.03 |  0.97 |  0.96 |  1.06 |  1.15
        5292 |  1.10 |  0.96 |  1.03 |  0.97 |  0.96 |  1.06 |  1.15
        5292 |  1.10 |  0.96 |  1.03 |  0.97 |  0.96 |  1.06 |  1.15
        5292 |  1.10 |  0.96 |  1.03 |  0.97 |  0.96 |  1.06 |  1.15
        5292 |  1.10 |  0.96 |  1.03 |  0.97 |  0.96 |  1.06 |  1.15
        5292 |  1.10 |  0.96 |  1.03 |  0.97 |  0.96 |  1.06 |  1.15
        5292 |  1.10 |  0.96 |  1.03 |  0.97 |  0.96 |  1.06 |  1.15
        5293 |  1.34 |  1.01 |  1.08 |  1.10 |  0.97 |  1.06 |  1.07
        5293 |  1.34 |  1.01 |  1.08 |  1.10 |  0.97 |  1.06 |  1.07
        5293 |  1.34 |  1.01 |  1.08 |  1.10 |  0.97 |  1.06 |  1.07
        5293 |  1.34 |  1.01 |  1.08 |  1.10 |  0.97 |  1.06 |  1.07
        5293 |  1.34 |  1.01 |  1.08 |  1.10 |  0.97 |  1.06 |  1.07
        5293 |  1.34 |  1.01 |  1.08 |  1.10 |  0.97 |  1.06 |  1.07
        5293 |  1.34 |  1.01 |  1.08 |  1.10 |  0.97 |  1.06 |  1.07
        5293 |  1.34 |  1.01 |  1.08 |  1.10 |  0.97 |  1.06 |  1.07
        5293 |  1.34 |  1.01 |  1.08 |  1.10 |  0.97 |  1.06 |  1.07
        5293 |  1.34 |  1.01 |  1.08 |  1.10 |  0.97 |  1.06 |  1.07
        5293 |  1.34 |  1.01 |  1.08 |  1.10 |  0.97 |  1.06 |  1.07
        5293 |  1.34 |  1.01 |  1.08 |  1.10 |  0.97 |  1.06 |  1.07
        5293 |  1.34 |  1.01 |  1.08 |  1.10 |  0.97 |  1.06 |  1.07
        5293 |  1.34 |  1.01 |  1.08 |  1.10 |  0.97 |  1.06 |  1.07
        5293 |  1.34 |  1.01 |  1.08 |  1.10 |  0.97 |  1.06 |  1.07
        5293 |  1.34 |  1.01 |  1.08 |  1.10 |  0.97 |  1.06 |  1.07
        5293 |  1.34 |  1.01 |  1.08 |  1.10 |  0.97 |  1.06 |  1.07
        5293 |  1.34 |  1.01 |  1.08 |  1.10 |  0.97 |  1.06 |  1.07
        5293 |  1.34 |  1.01 |  1.08 |  1.10 |  0.97 |  1.06 |  1.07
        5293 |  1.34 |  1.01 |  1.08 |  1.10 |  0.97 |  1.06 |  1.07
        5293 |  1.34 |  1.01 |  1.08 |  1.10 |  0.97 |  1.06 |  1.07
        5293 |  1.34 |  1.01 |  1.08 |  1.10 |  0.97 |  1.06 |  1.07
        5293 |  1.34 |  1.01 |  1.08 |  1.10 |  0.97 |  1.06 |  1.07
        5293 |  1.34 |  1.01 |  1.08 |  1.10 |  0.97 |  1.06 |  1.07
        5293 |  1.34 |  1.01 |  1.08 |  1.10 |  0.97 |  1.06 |  1.07
        5293 |  1.34 |  1.01 |  1.08 |  1.10 |  0.97 |  1.06 |  1.07
        5293 |  1.34 |  1.01 |  1.08 |  1.10 |  0.97 |  1.06 |  1.07
        5293 |  1.34 |  1.01 |  1.08 |  1.10 |  0.97 |  1.06 |  1.07
        5293 |  1.34 |  1.01 |  1.08 |  1.10 |  0.97 |  1.06 |  1.07
        5293 |  1.34 |  1.01 |  1.08 |  1.10 |  0.97 |  1.06 |  1.07
        5293 |  1.34 |  1.01 |  1.08 |  1.10 |  0.97 |  1.06 |  1.07
        5293 |  1.34 |  1.01 |  1.08 |  1.10 |  0.97 |  1.06 |  1.07
        5293 |  1.34 |  1.01 |  1.08 |  1.10 |  0.97 |  1.06 |  1.07
        5293 |  1.34 |  1.01 |  1.08 |  1.10 |  0.97 |  1.06 |  1.07
        5293 |  1.34 |  1.01 |  1.08 |  1.10 |  0.97 |  1.06 |  1.07
        5293 |  1.34 |  1.01 |  1.08 |  1.10 |  0.97 |  1.06 |  1.07
        5293 |  1.34 |  1.01 |  1.08 |  1.10 |  0.97 |  1.06 |  1.07
        5293 |  1.34 |  1.01 |  1.08 |  1.10 |  0.97 |  1.06 |  1.07
        5293 |  1.34 |  1.01 |  1.08 |  1.10 |  0.97 |  1.06 |  1.07
        5293 |  1.34 |  1.01 |  1.08 |  1.10 |  0.97 |  1.06 |  1.07
        5293 |  1.34 |  1.01 |  1.08 |  1.10 |  0.97 |  1.06 |  1.07
        5293 |  1.34 |  1.01 |  1.08 |  1.10 |  0.97 |  1.06 |  1.07
        5293 |  1.34 |  1.01 |  1.08 |  1.10 |  0.97 |  1.06 |  1.07
        5293 |  1.34 |  1.01 |  1.08 |  1.10 |  0.97 |  1.06 |  1.07
        5293 |  1.34 |  1.01 |  1.08 |  1.10 |  0.97 |  1.06 |  1.07
        5293 |  1.34 |  1.01 |  1.08 |  1.10 |  0.97 |  1.06 |  1.07
        5293 |  1.34 |  1.01 |  1.08 |  1.10 |  0.97 |  1.06 |  1.07
        5293 |  1.34 |  1.01 |  1.08 |  1.10 |  0.97 |  1.06 |  1.07
        5293 |  1.34 |  1.01 |  1.08 |  1.10 |  0.97 |  1.06 |  1.07
        5294 |  0.99 |  1.31 |  1.06 |  0.99 |  1.16 |  1.05 |  1.24
        5294 |  0.99 |  1.31 |  1.06 |  0.99 |  1.16 |  1.05 |  1.24
        5294 |  0.99 |  1.31 |  1.06 |  0.99 |  1.16 |  1.05 |  1.24
        5294 |  0.99 |  1.31 |  1.06 |  0.99 |  1.16 |  1.05 |  1.24
        5294 |  0.99 |  1.31 |  1.06 |  0.99 |  1.16 |  1.05 |  1.24
        5294 |  0.99 |  1.31 |  1.06 |  0.99 |  1.16 |  1.05 |  1.24
        5294 |  0.99 |  1.31 |  1.06 |  0.99 |  1.16 |  1.05 |  1.24
        5294 |  0.99 |  1.31 |  1.06 |  0.99 |  1.16 |  1.05 |  1.24
        5294 |  0.99 |  1.31 |  1.06 |  0.99 |  1.16 |  1.05 |  1.24
        5294 |  0.99 |  1.31 |  1.06 |  0.99 |  1.16 |  1.05 |  1.24
        5294 |  0.99 |  1.31 |  1.06 |  0.99 |  1.16 |  1.05 |  1.24
        5294 |  0.99 |  1.31 |  1.06 |  0.99 |  1.16 |  1.05 |  1.24
        5294 |  0.99 |  1.31 |  1.06 |  0.99 |  1.16 |  1.05 |  1.24
        5294 |  0.99 |  1.31 |  1.06 |  0.99 |  1.16 |  1.05 |  1.24
        5294 |  0.99 |  1.31 |  1.06 |  0.99 |  1.16 |  1.05 |  1.24
        5294 |  0.99 |  1.31 |  1.06 |  0.99 |  1.16 |  1.05 |  1.24
        5294 |  0.99 |  1.31 |  1.06 |  0.99 |  1.16 |  1.05 |  1.24
        5294 |  0.99 |  1.31 |  1.06 |  0.99 |  1.16 |  1.05 |  1.24
        5294 |  0.99 |  1.31 |  1.06 |  0.99 |  1.16 |  1.05 |  1.24
        5294 |  0.99 |  1.31 |  1.06 |  0.99 |  1.16 |  1.05 |  1.24
        5294 |  0.99 |  1.31 |  1.06 |  0.99 |  1.16 |  1.05 |  1.24
        5294 |  0.99 |  1.31 |  1.06 |  0.99 |  1.16 |  1.05 |  1.24
        5294 |  0.99 |  1.31 |  1.06 |  0.99 |  1.16 |  1.05 |  1.24
        5294 |  0.99 |  1.31 |  1.06 |  0.99 |  1.16 |  1.05 |  1.24
        5294 |  0.99 |  1.31 |  1.06 |  0.99 |  1.16 |  1.05 |  1.24
        5294 |  0.99 |  1.31 |  1.06 |  0.99 |  1.16 |  1.05 |  1.24
        5294 |  0.99 |  1.31 |  1.06 |  0.99 |  1.16 |  1.05 |  1.24
        5294 |  0.99 |  1.31 |  1.06 |  0.99 |  1.16 |  1.05 |  1.24
        5294 |  0.99 |  1.31 |  1.06 |  0.99 |  1.16 |  1.05 |  1.24
        5294 |  0.99 |  1.31 |  1.06 |  0.99 |  1.16 |  1.05 |  1.24
        5294 |  0.99 |  1.31 |  1.06 |  0.99 |  1.16 |  1.05 |  1.24
        5294 |  0.99 |  1.31 |  1.06 |  0.99 |  1.16 |  1.05 |  1.24
        5294 |  0.99 |  1.31 |  1.06 |  0.99 |  1.16 |  1.05 |  1.24
        5294 |  0.99 |  1.31 |  1.06 |  0.99 |  1.16 |  1.05 |  1.24
        5294 |  0.99 |  1.31 |  1.06 |  0.99 |  1.16 |  1.05 |  1.24
        5294 |  0.99 |  1.31 |  1.06 |  0.99 |  1.16 |  1.05 |  1.24
        5294 |  0.99 |  1.31 |  1.06 |  0.99 |  1.16 |  1.05 |  1.24
        5294 |  0.99 |  1.31 |  1.06 |  0.99 |  1.16 |  1.05 |  1.24
        5294 |  0.99 |  1.31 |  1.06 |  0.99 |  1.16 |  1.05 |  1.24
        5294 |  0.99 |  1.31 |  1.06 |  0.99 |  1.16 |  1.05 |  1.24
        5294 |  0.99 |  1.31 |  1.06 |  0.99 |  1.16 |  1.05 |  1.24
        5294 |  0.99 |  1.31 |  1.06 |  0.99 |  1.16 |  1.05 |  1.24
        5294 |  0.99 |  1.31 |  1.06 |  0.99 |  1.16 |  1.05 |  1.24
        5294 |  0.99 |  1.31 |  1.06 |  0.99 |  1.16 |  1.05 |  1.24
        5294 |  0.99 |  1.31 |  1.06 |  0.99 |  1.16 |  1.05 |  1.24
        5294 |  0.99 |  1.31 |  1.06 |  0.99 |  1.16 |  1.05 |  1.24
        5294 |  0.99 |  1.31 |  1.06 |  0.99 |  1.16 |  1.05 |  1.24
        5294 |  0.99 |  1.31 |  1.06 |  0.99 |  1.16 |  1.05 |  1.24
        5294 |  0.99 |  1.31 |  1.06 |  0.99 |  1.16 |  1.05 |  1.24
        5295 |  0.96 |  1.16 |  0.89 |  1.36 |  1.12 |  0.84 |  1.06
        5295 |  0.96 |  1.16 |  0.89 |  1.36 |  1.12 |  0.84 |  1.06
        5295 |  0.96 |  1.16 |  0.89 |  1.36 |  1.12 |  0.84 |  1.06
        5295 |  0.96 |  1.16 |  0.89 |  1.36 |  1.12 |  0.84 |  1.06
        5295 |  0.96 |  1.16 |  0.89 |  1.36 |  1.12 |  0.84 |  1.06
        5295 |  0.96 |  1.16 |  0.89 |  1.36 |  1.12 |  0.84 |  1.06
        5295 |  0.96 |  1.16 |  0.89 |  1.36 |  1.12 |  0.84 |  1.06
        5295 |  0.96 |  1.16 |  0.89 |  1.36 |  1.12 |  0.84 |  1.06
        5295 |  0.96 |  1.16 |  0.89 |  1.36 |  1.12 |  0.84 |  1.06
        5295 |  0.96 |  1.16 |  0.89 |  1.36 |  1.12 |  0.84 |  1.06
        5295 |  0.96 |  1.16 |  0.89 |  1.36 |  1.12 |  0.84 |  1.06
        5295 |  0.96 |  1.16 |  0.89 |  1.36 |  1.12 |  0.84 |  1.06
        5295 |  0.96 |  1.16 |  0.89 |  1.36 |  1.12 |  0.84 |  1.06
        5295 |  0.96 |  1.16 |  0.89 |  1.36 |  1.12 |  0.84 |  1.06
        5295 |  0.96 |  1.16 |  0.89 |  1.36 |  1.12 |  0.84 |  1.06
        5295 |  0.96 |  1.16 |  0.89 |  1.36 |  1.12 |  0.84 |  1.06
        5295 |  0.96 |  1.16 |  0.89 |  1.36 |  1.12 |  0.84 |  1.06
        5295 |  0.96 |  1.16 |  0.89 |  1.36 |  1.12 |  0.84 |  1.06
        5295 |  0.96 |  1.16 |  0.89 |  1.36 |  1.12 |  0.84 |  1.06
        5295 |  0.96 |  1.16 |  0.89 |  1.36 |  1.12 |  0.84 |  1.06
        5295 |  0.96 |  1.16 |  0.89 |  1.36 |  1.12 |  0.84 |  1.06
        5295 |  0.96 |  1.16 |  0.89 |  1.36 |  1.12 |  0.84 |  1.06
        5295 |  0.96 |  1.16 |  0.89 |  1.36 |  1.12 |  0.84 |  1.06
        5295 |  0.96 |  1.16 |  0.89 |  1.36 |  1.12 |  0.84 |  1.06
        5295 |  0.96 |  1.16 |  0.89 |  1.36 |  1.12 |  0.84 |  1.06
        5295 |  0.96 |  1.16 |  0.89 |  1.36 |  1.12 |  0.84 |  1.06
        5295 |  0.96 |  1.16 |  0.89 |  1.36 |  1.12 |  0.84 |  1.06
        5295 |  0.96 |  1.16 |  0.89 |  1.36 |  1.12 |  0.84 |  1.06
        5295 |  0.96 |  1.16 |  0.89 |  1.36 |  1.12 |  0.84 |  1.06
        5295 |  0.96 |  1.16 |  0.89 |  1.36 |  1.12 |  0.84 |  1.06
        5295 |  0.96 |  1.16 |  0.89 |  1.36 |  1.12 |  0.84 |  1.06
        5295 |  0.96 |  1.16 |  0.89 |  1.36 |  1.12 |  0.84 |  1.06
        5295 |  0.96 |  1.16 |  0.89 |  1.36 |  1.12 |  0.84 |  1.06
        5295 |  0.96 |  1.16 |  0.89 |  1.36 |  1.12 |  0.84 |  1.06
        5295 |  0.96 |  1.16 |  0.89 |  1.36 |  1.12 |  0.84 |  1.06
        5295 |  0.96 |  1.16 |  0.89 |  1.36 |  1.12 |  0.84 |  1.06
        5295 |  0.96 |  1.16 |  0.89 |  1.36 |  1.12 |  0.84 |  1.06
        5295 |  0.96 |  1.16 |  0.89 |  1.36 |  1.12 |  0.84 |  1.06
        5295 |  0.96 |  1.16 |  0.89 |  1.36 |  1.12 |  0.84 |  1.06
        5295 |  0.96 |  1.16 |  0.89 |  1.36 |  1.12 |  0.84 |  1.06
        5295 |  0.96 |  1.16 |  0.89 |  1.36 |  1.12 |  0.84 |  1.06
        5295 |  0.96 |  1.16 |  0.89 |  1.36 |  1.12 |  0.84 |  1.06
        5295 |  0.96 |  1.16 |  0.89 |  1.36 |  1.12 |  0.84 |  1.06
        5295 |  0.96 |  1.16 |  0.89 |  1.36 |  1.12 |  0.84 |  1.06
        5295 |  0.96 |  1.16 |  0.89 |  1.36 |  1.12 |  0.84 |  1.06
        5295 |  0.96 |  1.16 |  0.89 |  1.36 |  1.12 |  0.84 |  1.06
        5295 |  0.96 |  1.16 |  0.89 |  1.36 |  1.12 |  0.84 |  1.06
        5295 |  0.96 |  1.16 |  0.89 |  1.36 |  1.12 |  0.84 |  1.06
        5295 |  0.96 |  1.16 |  0.89 |  1.36 |  1.12 |  0.84 |  1.06
        5296 |  1.19 |  0.86 |  0.99 |  0.98 |  0.95 |  1.03 |  0.87
        5296 |  1.19 |  0.86 |  0.99 |  0.98 |  0.95 |  1.03 |  0.87
        5296 |  1.19 |  0.86 |  0.99 |  0.98 |  0.95 |  1.03 |  0.87
        5296 |  1.19 |  0.86 |  0.99 |  0.98 |  0.95 |  1.03 |  0.87
        5296 |  1.19 |  0.86 |  0.99 |  0.98 |  0.95 |  1.03 |  0.87
        5296 |  1.19 |  0.86 |  0.99 |  0.98 |  0.95 |  1.03 |  0.87
        5296 |  1.19 |  0.86 |  0.99 |  0.98 |  0.95 |  1.03 |  0.87
        5296 |  1.19 |  0.86 |  0.99 |  0.98 |  0.95 |  1.03 |  0.87
        5296 |  1.19 |  0.86 |  0.99 |  0.98 |  0.95 |  1.03 |  0.87
        5296 |  1.19 |  0.86 |  0.99 |  0.98 |  0.95 |  1.03 |  0.87
        5296 |  1.19 |  0.86 |  0.99 |  0.98 |  0.95 |  1.03 |  0.87
        5296 |  1.19 |  0.86 |  0.99 |  0.98 |  0.95 |  1.03 |  0.87
        5296 |  1.19 |  0.86 |  0.99 |  0.98 |  0.95 |  1.03 |  0.87
        5296 |  1.19 |  0.86 |  0.99 |  0.98 |  0.95 |  1.03 |  0.87
        5296 |  1.19 |  0.86 |  0.99 |  0.98 |  0.95 |  1.03 |  0.87
        5296 |  1.19 |  0.86 |  0.99 |  0.98 |  0.95 |  1.03 |  0.87
        5296 |  1.19 |  0.86 |  0.99 |  0.98 |  0.95 |  1.03 |  0.87
        5296 |  1.19 |  0.86 |  0.99 |  0.98 |  0.95 |  1.03 |  0.87
        5296 |  1.19 |  0.86 |  0.99 |  0.98 |  0.95 |  1.03 |  0.87
        5296 |  1.19 |  0.86 |  0.99 |  0.98 |  0.95 |  1.03 |  0.87
        5296 |  1.19 |  0.86 |  0.99 |  0.98 |  0.95 |  1.03 |  0.87
        5296 |  1.19 |  0.86 |  0.99 |  0.98 |  0.95 |  1.03 |  0.87
        5296 |  1.19 |  0.86 |  0.99 |  0.98 |  0.95 |  1.03 |  0.87
        5296 |  1.19 |  0.86 |  0.99 |  0.98 |  0.95 |  1.03 |  0.87
        5296 |  1.19 |  0.86 |  0.99 |  0.98 |  0.95 |  1.03 |  0.87
        5296 |  1.19 |  0.86 |  0.99 |  0.98 |  0.95 |  1.03 |  0.87
        5296 |  1.19 |  0.86 |  0.99 |  0.98 |  0.95 |  1.03 |  0.87
        5296 |  1.19 |  0.86 |  0.99 |  0.98 |  0.95 |  1.03 |  0.87
        5296 |  1.19 |  0.86 |  0.99 |  0.98 |  0.95 |  1.03 |  0.87
        5296 |  1.19 |  0.86 |  0.99 |  0.98 |  0.95 |  1.03 |  0.87
        5296 |  1.19 |  0.86 |  0.99 |  0.98 |  0.95 |  1.03 |  0.87
        5296 |  1.19 |  0.86 |  0.99 |  0.98 |  0.95 |  1.03 |  0.87
        5296 |  1.19 |  0.86 |  0.99 |  0.98 |  0.95 |  1.03 |  0.87
        5296 |  1.19 |  0.86 |  0.99 |  0.98 |  0.95 |  1.03 |  0.87
        5296 |  1.19 |  0.86 |  0.99 |  0.98 |  0.95 |  1.03 |  0.87
        5296 |  1.19 |  0.86 |  0.99 |  0.98 |  0.95 |  1.03 |  0.87
        5296 |  1.19 |  0.86 |  0.99 |  0.98 |  0.95 |  1.03 |  0.87
        5296 |  1.19 |  0.86 |  0.99 |  0.98 |  0.95 |  1.03 |  0.87
        5296 |  1.19 |  0.86 |  0.99 |  0.98 |  0.95 |  1.03 |  0.87
        5296 |  1.19 |  0.86 |  0.99 |  0.98 |  0.95 |  1.03 |  0.87
        5296 |  1.19 |  0.86 |  0.99 |  0.98 |  0.95 |  1.03 |  0.87
        5296 |  1.19 |  0.86 |  0.99 |  0.98 |  0.95 |  1.03 |  0.87
        5296 |  1.19 |  0.86 |  0.99 |  0.98 |  0.95 |  1.03 |  0.87
        5296 |  1.19 |  0.86 |  0.99 |  0.98 |  0.95 |  1.03 |  0.87
        5296 |  1.19 |  0.86 |  0.99 |  0.98 |  0.95 |  1.03 |  0.87
        5296 |  1.19 |  0.86 |  0.99 |  0.98 |  0.95 |  1.03 |  0.87
        5296 |  1.19 |  0.86 |  0.99 |  0.98 |  0.95 |  1.03 |  0.87
        5296 |  1.19 |  0.86 |  0.99 |  0.98 |  0.95 |  1.03 |  0.87
        5296 |  1.19 |  0.86 |  0.99 |  0.98 |  0.95 |  1.03 |  0.87
        5297 |  1.01 |  1.20 |  0.79 |  0.98 |  1.04 |  0.98 |  1.25
        5297 |  1.01 |  1.20 |  0.79 |  0.98 |  1.04 |  0.98 |  1.25
        5297 |  1.01 |  1.20 |  0.79 |  0.98 |  1.04 |  0.98 |  1.25
        5297 |  1.01 |  1.20 |  0.79 |  0.98 |  1.04 |  0.98 |  1.25
        5297 |  1.01 |  1.20 |  0.79 |  0.98 |  1.04 |  0.98 |  1.25
        5297 |  1.01 |  1.20 |  0.79 |  0.98 |  1.04 |  0.98 |  1.25
        5297 |  1.01 |  1.20 |  0.79 |  0.98 |  1.04 |  0.98 |  1.25
        5297 |  1.01 |  1.20 |  0.79 |  0.98 |  1.04 |  0.98 |  1.25
        5297 |  1.01 |  1.20 |  0.79 |  0.98 |  1.04 |  0.98 |  1.25
        5297 |  1.01 |  1.20 |  0.79 |  0.98 |  1.04 |  0.98 |  1.25
        5297 |  1.01 |  1.20 |  0.79 |  0.98 |  1.04 |  0.98 |  1.25
        5297 |  1.01 |  1.20 |  0.79 |  0.98 |  1.04 |  0.98 |  1.25
        5297 |  1.01 |  1.20 |  0.79 |  0.98 |  1.04 |  0.98 |  1.25
        5297 |  1.01 |  1.20 |  0.79 |  0.98 |  1.04 |  0.98 |  1.25
        5297 |  1.01 |  1.20 |  0.79 |  0.98 |  1.04 |  0.98 |  1.25
        5297 |  1.01 |  1.20 |  0.79 |  0.98 |  1.04 |  0.98 |  1.25
        5297 |  1.01 |  1.20 |  0.79 |  0.98 |  1.04 |  0.98 |  1.25
        5297 |  1.01 |  1.20 |  0.79 |  0.98 |  1.04 |  0.98 |  1.25
        5297 |  1.01 |  1.20 |  0.79 |  0.98 |  1.04 |  0.98 |  1.25
        5297 |  1.01 |  1.20 |  0.79 |  0.98 |  1.04 |  0.98 |  1.25
        5297 |  1.01 |  1.20 |  0.79 |  0.98 |  1.04 |  0.98 |  1.25
        5297 |  1.01 |  1.20 |  0.79 |  0.98 |  1.04 |  0.98 |  1.25
        5297 |  1.01 |  1.20 |  0.79 |  0.98 |  1.04 |  0.98 |  1.25
        5297 |  1.01 |  1.20 |  0.79 |  0.98 |  1.04 |  0.98 |  1.25
        5297 |  1.01 |  1.20 |  0.79 |  0.98 |  1.04 |  0.98 |  1.25
        5297 |  1.01 |  1.20 |  0.79 |  0.98 |  1.04 |  0.98 |  1.25
        5297 |  1.01 |  1.20 |  0.79 |  0.98 |  1.04 |  0.98 |  1.25
        5297 |  1.01 |  1.20 |  0.79 |  0.98 |  1.04 |  0.98 |  1.25
        5297 |  1.01 |  1.20 |  0.79 |  0.98 |  1.04 |  0.98 |  1.25
        5297 |  1.01 |  1.20 |  0.79 |  0.98 |  1.04 |  0.98 |  1.25
        5297 |  1.01 |  1.20 |  0.79 |  0.98 |  1.04 |  0.98 |  1.25
        5297 |  1.01 |  1.20 |  0.79 |  0.98 |  1.04 |  0.98 |  1.25
        5297 |  1.01 |  1.20 |  0.79 |  0.98 |  1.04 |  0.98 |  1.25
        5297 |  1.01 |  1.20 |  0.79 |  0.98 |  1.04 |  0.98 |  1.25
        5297 |  1.01 |  1.20 |  0.79 |  0.98 |  1.04 |  0.98 |  1.25
        5297 |  1.01 |  1.20 |  0.79 |  0.98 |  1.04 |  0.98 |  1.25
        5297 |  1.01 |  1.20 |  0.79 |  0.98 |  1.04 |  0.98 |  1.25
        5297 |  1.01 |  1.20 |  0.79 |  0.98 |  1.04 |  0.98 |  1.25
        5297 |  1.01 |  1.20 |  0.79 |  0.98 |  1.04 |  0.98 |  1.25
        5297 |  1.01 |  1.20 |  0.79 |  0.98 |  1.04 |  0.98 |  1.25
        5297 |  1.01 |  1.20 |  0.79 |  0.98 |  1.04 |  0.98 |  1.25
        5297 |  1.01 |  1.20 |  0.79 |  0.98 |  1.04 |  0.98 |  1.25
        5297 |  1.01 |  1.20 |  0.79 |  0.98 |  1.04 |  0.98 |  1.25
        5297 |  1.01 |  1.20 |  0.79 |  0.98 |  1.04 |  0.98 |  1.25
        5297 |  1.01 |  1.20 |  0.79 |  0.98 |  1.04 |  0.98 |  1.25
        5297 |  1.01 |  1.20 |  0.79 |  0.98 |  1.04 |  0.98 |  1.25
        5297 |  1.01 |  1.20 |  0.79 |  0.98 |  1.04 |  0.98 |  1.25
        5297 |  1.01 |  1.20 |  0.79 |  0.98 |  1.04 |  0.98 |  1.25
        5297 |  1.01 |  1.20 |  0.79 |  0.98 |  1.04 |  0.98 |  1.25
        5298 |  1.02 |  1.15 |  0.96 |  1.26 |  0.89 |  1.27 |  0.83
        5298 |  1.02 |  1.15 |  0.96 |  1.26 |  0.89 |  1.27 |  0.83
        5298 |  1.02 |  1.15 |  0.96 |  1.26 |  0.89 |  1.27 |  0.83
        5298 |  1.02 |  1.15 |  0.96 |  1.26 |  0.89 |  1.27 |  0.83
        5298 |  1.02 |  1.15 |  0.96 |  1.26 |  0.89 |  1.27 |  0.83
        5298 |  1.02 |  1.15 |  0.96 |  1.26 |  0.89 |  1.27 |  0.83
        5298 |  1.02 |  1.15 |  0.96 |  1.26 |  0.89 |  1.27 |  0.83
        5298 |  1.02 |  1.15 |  0.96 |  1.26 |  0.89 |  1.27 |  0.83
        5298 |  1.02 |  1.15 |  0.96 |  1.26 |  0.89 |  1.27 |  0.83
        5298 |  1.02 |  1.15 |  0.96 |  1.26 |  0.89 |  1.27 |  0.83
        5298 |  1.02 |  1.15 |  0.96 |  1.26 |  0.89 |  1.27 |  0.83
        5298 |  1.02 |  1.15 |  0.96 |  1.26 |  0.89 |  1.27 |  0.83
        5298 |  1.02 |  1.15 |  0.96 |  1.26 |  0.89 |  1.27 |  0.83
        5298 |  1.02 |  1.15 |  0.96 |  1.26 |  0.89 |  1.27 |  0.83
        5298 |  1.02 |  1.15 |  0.96 |  1.26 |  0.89 |  1.27 |  0.83
        5298 |  1.02 |  1.15 |  0.96 |  1.26 |  0.89 |  1.27 |  0.83
        5298 |  1.02 |  1.15 |  0.96 |  1.26 |  0.89 |  1.27 |  0.83
        5298 |  1.02 |  1.15 |  0.96 |  1.26 |  0.89 |  1.27 |  0.83
        5298 |  1.02 |  1.15 |  0.96 |  1.26 |  0.89 |  1.27 |  0.83
        5298 |  1.02 |  1.15 |  0.96 |  1.26 |  0.89 |  1.27 |  0.83
        5298 |  1.02 |  1.15 |  0.96 |  1.26 |  0.89 |  1.27 |  0.83
        5298 |  1.02 |  1.15 |  0.96 |  1.26 |  0.89 |  1.27 |  0.83
        5298 |  1.02 |  1.15 |  0.96 |  1.26 |  0.89 |  1.27 |  0.83
        5298 |  1.02 |  1.15 |  0.96 |  1.26 |  0.89 |  1.27 |  0.83
        5298 |  1.02 |  1.15 |  0.96 |  1.26 |  0.89 |  1.27 |  0.83
        5298 |  1.02 |  1.15 |  0.96 |  1.26 |  0.89 |  1.27 |  0.83
        5298 |  1.02 |  1.15 |  0.96 |  1.26 |  0.89 |  1.27 |  0.83
        5298 |  1.02 |  1.15 |  0.96 |  1.26 |  0.89 |  1.27 |  0.83
        5298 |  1.02 |  1.15 |  0.96 |  1.26 |  0.89 |  1.27 |  0.83
        5298 |  1.02 |  1.15 |  0.96 |  1.26 |  0.89 |  1.27 |  0.83
        5298 |  1.02 |  1.15 |  0.96 |  1.26 |  0.89 |  1.27 |  0.83
        5298 |  1.02 |  1.15 |  0.96 |  1.26 |  0.89 |  1.27 |  0.83
        5298 |  1.02 |  1.15 |  0.96 |  1.26 |  0.89 |  1.27 |  0.83
        5298 |  1.02 |  1.15 |  0.96 |  1.26 |  0.89 |  1.27 |  0.83
        5298 |  1.02 |  1.15 |  0.96 |  1.26 |  0.89 |  1.27 |  0.83
        5298 |  1.02 |  1.15 |  0.96 |  1.26 |  0.89 |  1.27 |  0.83
        5298 |  1.02 |  1.15 |  0.96 |  1.26 |  0.89 |  1.27 |  0.83
        5298 |  1.02 |  1.15 |  0.96 |  1.26 |  0.89 |  1.27 |  0.83
        5298 |  1.02 |  1.15 |  0.96 |  1.26 |  0.89 |  1.27 |  0.83
        5298 |  1.02 |  1.15 |  0.96 |  1.26 |  0.89 |  1.27 |  0.83
        5298 |  1.02 |  1.15 |  0.96 |  1.26 |  0.89 |  1.27 |  0.83
        5298 |  1.02 |  1.15 |  0.96 |  1.26 |  0.89 |  1.27 |  0.83
        5298 |  1.02 |  1.15 |  0.96 |  1.26 |  0.89 |  1.27 |  0.83
        5298 |  1.02 |  1.15 |  0.96 |  1.26 |  0.89 |  1.27 |  0.83
        5298 |  1.02 |  1.15 |  0.96 |  1.26 |  0.89 |  1.27 |  0.83
        5298 |  1.02 |  1.15 |  0.96 |  1.26 |  0.89 |  1.27 |  0.83
        5298 |  1.02 |  1.15 |  0.96 |  1.26 |  0.89 |  1.27 |  0.83
        5298 |  1.02 |  1.15 |  0.96 |  1.26 |  0.89 |  1.27 |  0.83
        5298 |  1.02 |  1.15 |  0.96 |  1.26 |  0.89 |  1.27 |  0.83
        5299 |  1.18 |  0.88 |  1.17 |  0.96 |  1.13 |  0.79 |  0.88
        5299 |  1.18 |  0.88 |  1.17 |  0.96 |  1.13 |  0.79 |  0.88
        5299 |  1.18 |  0.88 |  1.17 |  0.96 |  1.13 |  0.79 |  0.88
        5299 |  1.18 |  0.88 |  1.17 |  0.96 |  1.13 |  0.79 |  0.88
        5299 |  1.18 |  0.88 |  1.17 |  0.96 |  1.13 |  0.79 |  0.88
        5299 |  1.18 |  0.88 |  1.17 |  0.96 |  1.13 |  0.79 |  0.88
        5299 |  1.18 |  0.88 |  1.17 |  0.96 |  1.13 |  0.79 |  0.88
        5299 |  1.18 |  0.88 |  1.17 |  0.96 |  1.13 |  0.79 |  0.88
        5299 |  1.18 |  0.88 |  1.17 |  0.96 |  1.13 |  0.79 |  0.88
        5299 |  1.18 |  0.88 |  1.17 |  0.96 |  1.13 |  0.79 |  0.88
        5299 |  1.18 |  0.88 |  1.17 |  0.96 |  1.13 |  0.79 |  0.88
        5299 |  1.18 |  0.88 |  1.17 |  0.96 |  1.13 |  0.79 |  0.88
        5299 |  1.18 |  0.88 |  1.17 |  0.96 |  1.13 |  0.79 |  0.88
        5299 |  1.18 |  0.88 |  1.17 |  0.96 |  1.13 |  0.79 |  0.88
        5299 |  1.18 |  0.88 |  1.17 |  0.96 |  1.13 |  0.79 |  0.88
        5299 |  1.18 |  0.88 |  1.17 |  0.96 |  1.13 |  0.79 |  0.88
        5299 |  1.18 |  0.88 |  1.17 |  0.96 |  1.13 |  0.79 |  0.88
        5299 |  1.18 |  0.88 |  1.17 |  0.96 |  1.13 |  0.79 |  0.88
        5299 |  1.18 |  0.88 |  1.17 |  0.96 |  1.13 |  0.79 |  0.88
        5299 |  1.18 |  0.88 |  1.17 |  0.96 |  1.13 |  0.79 |  0.88
        5299 |  1.18 |  0.88 |  1.17 |  0.96 |  1.13 |  0.79 |  0.88
        5299 |  1.18 |  0.88 |  1.17 |  0.96 |  1.13 |  0.79 |  0.88
        5299 |  1.18 |  0.88 |  1.17 |  0.96 |  1.13 |  0.79 |  0.88
        5299 |  1.18 |  0.88 |  1.17 |  0.96 |  1.13 |  0.79 |  0.88
        5299 |  1.18 |  0.88 |  1.17 |  0.96 |  1.13 |  0.79 |  0.88
        5299 |  1.18 |  0.88 |  1.17 |  0.96 |  1.13 |  0.79 |  0.88
        5299 |  1.18 |  0.88 |  1.17 |  0.96 |  1.13 |  0.79 |  0.88
        5299 |  1.18 |  0.88 |  1.17 |  0.96 |  1.13 |  0.79 |  0.88
        5299 |  1.18 |  0.88 |  1.17 |  0.96 |  1.13 |  0.79 |  0.88
        5299 |  1.18 |  0.88 |  1.17 |  0.96 |  1.13 |  0.79 |  0.88
        5299 |  1.18 |  0.88 |  1.17 |  0.96 |  1.13 |  0.79 |  0.88
        5299 |  1.18 |  0.88 |  1.17 |  0.96 |  1.13 |  0.79 |  0.88
        5299 |  1.18 |  0.88 |  1.17 |  0.96 |  1.13 |  0.79 |  0.88
        5299 |  1.18 |  0.88 |  1.17 |  0.96 |  1.13 |  0.79 |  0.88
        5299 |  1.18 |  0.88 |  1.17 |  0.96 |  1.13 |  0.79 |  0.88
        5299 |  1.18 |  0.88 |  1.17 |  0.96 |  1.13 |  0.79 |  0.88
        5299 |  1.18 |  0.88 |  1.17 |  0.96 |  1.13 |  0.79 |  0.88
        5299 |  1.18 |  0.88 |  1.17 |  0.96 |  1.13 |  0.79 |  0.88
        5299 |  1.18 |  0.88 |  1.17 |  0.96 |  1.13 |  0.79 |  0.88
        5299 |  1.18 |  0.88 |  1.17 |  0.96 |  1.13 |  0.79 |  0.88
        5299 |  1.18 |  0.88 |  1.17 |  0.96 |  1.13 |  0.79 |  0.88
        5299 |  1.18 |  0.88 |  1.17 |  0.96 |  1.13 |  0.79 |  0.88
        5299 |  1.18 |  0.88 |  1.17 |  0.96 |  1.13 |  0.79 |  0.88
        5299 |  1.18 |  0.88 |  1.17 |  0.96 |  1.13 |  0.79 |  0.88
        5299 |  1.18 |  0.88 |  1.17 |  0.96 |  1.13 |  0.79 |  0.88
        5299 |  1.18 |  0.88 |  1.17 |  0.96 |  1.13 |  0.79 |  0.88
        5299 |  1.18 |  0.88 |  1.17 |  0.96 |  1.13 |  0.79 |  0.88
        5299 |  1.18 |  0.88 |  1.17 |  0.96 |  1.13 |  0.79 |  0.88
        5299 |  1.18 |  0.88 |  1.17 |  0.96 |  1.13 |  0.79 |  0.88
        5300 |       |       |  0.93 |  0.87 |  1.15 |  0.51 |  0.47
        5300 |       |       |  0.93 |  0.87 |  1.15 |  0.51 |  0.47
        5300 |       |       |  0.93 |  0.87 |  1.15 |  0.51 |  0.47
        5300 |       |       |  0.93 |  0.87 |  1.15 |  0.51 |  0.47
        5300 |       |       |  0.93 |  0.87 |  1.15 |  0.51 |  0.47
        5300 |       |       |  0.93 |  0.87 |  1.15 |  0.51 |  0.47
        5300 |       |       |  0.93 |  0.87 |  1.15 |  0.51 |  0.47
        5300 |       |       |  0.93 |  0.87 |  1.15 |  0.51 |  0.47
        5300 |       |       |  0.93 |  0.87 |  1.15 |  0.51 |  0.47
        5300 |       |       |  0.93 |  0.87 |  1.15 |  0.51 |  0.47
        5300 |       |       |  0.93 |  0.87 |  1.15 |  0.51 |  0.47
        5300 |       |       |  0.93 |  0.87 |  1.15 |  0.51 |  0.47
        5300 |       |       |  0.93 |  0.87 |  1.15 |  0.51 |  0.47
        5300 |       |       |  0.93 |  0.87 |  1.15 |  0.51 |  0.47
        5300 |       |       |  0.93 |  0.87 |  1.15 |  0.51 |  0.47
        5300 |       |       |  0.93 |  0.87 |  1.15 |  0.51 |  0.47
        5300 |       |       |  0.93 |  0.87 |  1.15 |  0.51 |  0.47
        5300 |       |       |  0.93 |  0.87 |  1.15 |  0.51 |  0.47
        5300 |       |       |  0.93 |  0.87 |  1.15 |  0.51 |  0.47
        5300 |       |       |  0.93 |  0.87 |  1.15 |  0.51 |  0.47
        5300 |       |       |  0.93 |  0.87 |  1.15 |  0.51 |  0.47
        5300 |       |       |  0.93 |  0.87 |  1.15 |  0.51 |  0.47
        5300 |       |       |  0.93 |  0.87 |  1.15 |  0.51 |  0.47
        5300 |       |       |  0.93 |  0.87 |  1.15 |  0.51 |  0.47
        5300 |       |       |  0.93 |  0.87 |  1.15 |  0.51 |  0.47
        5300 |       |       |  0.93 |  0.87 |  1.15 |  0.51 |  0.47
        5300 |       |       |  0.93 |  0.87 |  1.15 |  0.51 |  0.47
        5300 |       |       |  0.93 |  0.87 |  1.15 |  0.51 |  0.47
        5300 |       |       |  0.93 |  0.87 |  1.15 |  0.51 |  0.47
        5300 |       |       |  0.93 |  0.87 |  1.15 |  0.51 |  0.47
        5300 |       |       |  0.93 |  0.87 |  1.15 |  0.51 |  0.47
        5300 |       |       |  0.93 |  0.87 |  1.15 |  0.51 |  0.47
        5300 |       |       |  0.93 |  0.87 |  1.15 |  0.51 |  0.47
        5300 |       |       |  0.93 |  0.87 |  1.15 |  0.51 |  0.47
        5300 |       |       |  0.93 |  0.87 |  1.15 |  0.51 |  0.47
        5300 |       |       |  0.93 |  0.87 |  1.15 |  0.51 |  0.47
        5300 |       |       |  0.93 |  0.87 |  1.15 |  0.51 |  0.47
        5300 |       |       |  0.93 |  0.87 |  1.15 |  0.51 |  0.47
        5300 |       |       |  0.93 |  0.87 |  1.15 |  0.51 |  0.47
        5300 |       |       |  0.93 |  0.87 |  1.15 |  0.51 |  0.47
        5300 |       |       |  0.93 |  0.87 |  1.15 |  0.51 |  0.47
        5300 |       |       |  0.93 |  0.87 |  1.15 |  0.51 |  0.47
        5300 |       |       |  0.93 |  0.87 |  1.15 |  0.51 |  0.47
        5300 |       |       |  0.93 |  0.87 |  1.15 |  0.51 |  0.47
        5300 |       |       |  0.93 |  0.87 |  1.15 |  0.51 |  0.47
        5300 |       |       |  0.93 |  0.87 |  1.15 |  0.51 |  0.47
        5300 |       |       |  0.93 |  0.87 |  1.15 |  0.51 |  0.47
        5300 |       |       |  0.93 |  0.87 |  1.15 |  0.51 |  0.47
        5300 |       |       |  0.93 |  0.87 |  1.15 |  0.51 |  0.47
        5301 |  0.91 |  1.09 |  0.54 |  0.50 |  1.00 |  1.06 |  0.98
        5301 |  0.91 |  1.09 |  0.54 |  0.50 |  1.00 |  1.06 |  0.98
        5301 |  0.91 |  1.09 |  0.54 |  0.50 |  1.00 |  1.06 |  0.98
        5301 |  0.91 |  1.09 |  0.54 |  0.50 |  1.00 |  1.06 |  0.98
        5301 |  0.91 |  1.09 |  0.54 |  0.50 |  1.00 |  1.06 |  0.98
        5301 |  0.91 |  1.09 |  0.54 |  0.50 |  1.00 |  1.06 |  0.98
        5301 |  0.91 |  1.09 |  0.54 |  0.50 |  1.00 |  1.06 |  0.98
        5301 |  0.91 |  1.09 |  0.54 |  0.50 |  1.00 |  1.06 |  0.98
        5301 |  0.91 |  1.09 |  0.54 |  0.50 |  1.00 |  1.06 |  0.98
        5301 |  0.91 |  1.09 |  0.54 |  0.50 |  1.00 |  1.06 |  0.98
        5301 |  0.91 |  1.09 |  0.54 |  0.50 |  1.00 |  1.06 |  0.98
        5301 |  0.91 |  1.09 |  0.54 |  0.50 |  1.00 |  1.06 |  0.98
        5301 |  0.91 |  1.09 |  0.54 |  0.50 |  1.00 |  1.06 |  0.98
        5301 |  0.91 |  1.09 |  0.54 |  0.50 |  1.00 |  1.06 |  0.98
        5301 |  0.91 |  1.09 |  0.54 |  0.50 |  1.00 |  1.06 |  0.98
        5301 |  0.91 |  1.09 |  0.54 |  0.50 |  1.00 |  1.06 |  0.98
        5301 |  0.91 |  1.09 |  0.54 |  0.50 |  1.00 |  1.06 |  0.98
        5301 |  0.91 |  1.09 |  0.54 |  0.50 |  1.00 |  1.06 |  0.98
        5301 |  0.91 |  1.09 |  0.54 |  0.50 |  1.00 |  1.06 |  0.98
        5301 |  0.91 |  1.09 |  0.54 |  0.50 |  1.00 |  1.06 |  0.98
        5301 |  0.91 |  1.09 |  0.54 |  0.50 |  1.00 |  1.06 |  0.98
        5301 |  0.91 |  1.09 |  0.54 |  0.50 |  1.00 |  1.06 |  0.98
        5301 |  0.91 |  1.09 |  0.54 |  0.50 |  1.00 |  1.06 |  0.98
        5301 |  0.91 |  1.09 |  0.54 |  0.50 |  1.00 |  1.06 |  0.98
        5301 |  0.91 |  1.09 |  0.54 |  0.50 |  1.00 |  1.06 |  0.98
        5301 |  0.91 |  1.09 |  0.54 |  0.50 |  1.00 |  1.06 |  0.98
        5301 |  0.91 |  1.09 |  0.54 |  0.50 |  1.00 |  1.06 |  0.98
        5301 |  0.91 |  1.09 |  0.54 |  0.50 |  1.00 |  1.06 |  0.98
        5301 |  0.91 |  1.09 |  0.54 |  0.50 |  1.00 |  1.06 |  0.98
        5301 |  0.91 |  1.09 |  0.54 |  0.50 |  1.00 |  1.06 |  0.98
        5301 |  0.91 |  1.09 |  0.54 |  0.50 |  1.00 |  1.06 |  0.98
        5301 |  0.91 |  1.09 |  0.54 |  0.50 |  1.00 |  1.06 |  0.98
        5301 |  0.91 |  1.09 |  0.54 |  0.50 |  1.00 |  1.06 |  0.98
        5301 |  0.91 |  1.09 |  0.54 |  0.50 |  1.00 |  1.06 |  0.98
        5301 |  0.91 |  1.09 |  0.54 |  0.50 |  1.00 |  1.06 |  0.98
        5301 |  0.91 |  1.09 |  0.54 |  0.50 |  1.00 |  1.06 |  0.98
        5301 |  0.91 |  1.09 |  0.54 |  0.50 |  1.00 |  1.06 |  0.98
        5301 |  0.91 |  1.09 |  0.54 |  0.50 |  1.00 |  1.06 |  0.98
        5301 |  0.91 |  1.09 |  0.54 |  0.50 |  1.00 |  1.06 |  0.98
        5301 |  0.91 |  1.09 |  0.54 |  0.50 |  1.00 |  1.06 |  0.98
        5301 |  0.91 |  1.09 |  0.54 |  0.50 |  1.00 |  1.06 |  0.98
        5301 |  0.91 |  1.09 |  0.54 |  0.50 |  1.00 |  1.06 |  0.98
        5301 |  0.91 |  1.09 |  0.54 |  0.50 |  1.00 |  1.06 |  0.98
        5301 |  0.91 |  1.09 |  0.54 |  0.50 |  1.00 |  1.06 |  0.98
        5301 |  0.91 |  1.09 |  0.54 |  0.50 |  1.00 |  1.06 |  0.98
        5301 |  0.91 |  1.09 |  0.54 |  0.50 |  1.00 |  1.06 |  0.98
        5301 |  0.91 |  1.09 |  0.54 |  0.50 |  1.00 |  1.06 |  0.98
        5301 |  0.91 |  1.09 |  0.54 |  0.50 |  1.00 |  1.06 |  0.98
        5301 |  0.91 |  1.09 |  0.54 |  0.50 |  1.00 |  1.06 |  0.98
        5302 |  1.02 |  1.05 |  0.92 |  1.04 |  0.89 |  0.94 |  1.04
        5302 |  1.02 |  1.05 |  0.92 |  1.04 |  0.89 |  0.94 |  1.04
        5302 |  1.02 |  1.05 |  0.92 |  1.04 |  0.89 |  0.94 |  1.04
        5302 |  1.02 |  1.05 |  0.92 |  1.04 |  0.89 |  0.94 |  1.04
        5302 |  1.02 |  1.05 |  0.92 |  1.04 |  0.89 |  0.94 |  1.04
        5302 |  1.02 |  1.05 |  0.92 |  1.04 |  0.89 |  0.94 |  1.04
        5302 |  1.02 |  1.05 |  0.92 |  1.04 |  0.89 |  0.94 |  1.04
        5302 |  1.02 |  1.05 |  0.92 |  1.04 |  0.89 |  0.94 |  1.04
        5302 |  1.02 |  1.05 |  0.92 |  1.04 |  0.89 |  0.94 |  1.04
        5302 |  1.02 |  1.05 |  0.92 |  1.04 |  0.89 |  0.94 |  1.04
        5302 |  1.02 |  1.05 |  0.92 |  1.04 |  0.89 |  0.94 |  1.04
        5302 |  1.02 |  1.05 |  0.92 |  1.04 |  0.89 |  0.94 |  1.04
        5302 |  1.02 |  1.05 |  0.92 |  1.04 |  0.89 |  0.94 |  1.04
        5302 |  1.02 |  1.05 |  0.92 |  1.04 |  0.89 |  0.94 |  1.04
        5302 |  1.02 |  1.05 |  0.92 |  1.04 |  0.89 |  0.94 |  1.04
        5302 |  1.02 |  1.05 |  0.92 |  1.04 |  0.89 |  0.94 |  1.04
        5302 |  1.02 |  1.05 |  0.92 |  1.04 |  0.89 |  0.94 |  1.04
        5302 |  1.02 |  1.05 |  0.92 |  1.04 |  0.89 |  0.94 |  1.04
        5302 |  1.02 |  1.05 |  0.92 |  1.04 |  0.89 |  0.94 |  1.04
        5302 |  1.02 |  1.05 |  0.92 |  1.04 |  0.89 |  0.94 |  1.04
        5302 |  1.02 |  1.05 |  0.92 |  1.04 |  0.89 |  0.94 |  1.04
        5302 |  1.02 |  1.05 |  0.92 |  1.04 |  0.89 |  0.94 |  1.04
        5302 |  1.02 |  1.05 |  0.92 |  1.04 |  0.89 |  0.94 |  1.04
        5302 |  1.02 |  1.05 |  0.92 |  1.04 |  0.89 |  0.94 |  1.04
        5302 |  1.02 |  1.05 |  0.92 |  1.04 |  0.89 |  0.94 |  1.04
        5302 |  1.02 |  1.05 |  0.92 |  1.04 |  0.89 |  0.94 |  1.04
        5302 |  1.02 |  1.05 |  0.92 |  1.04 |  0.89 |  0.94 |  1.04
        5302 |  1.02 |  1.05 |  0.92 |  1.04 |  0.89 |  0.94 |  1.04
        5302 |  1.02 |  1.05 |  0.92 |  1.04 |  0.89 |  0.94 |  1.04
        5302 |  1.02 |  1.05 |  0.92 |  1.04 |  0.89 |  0.94 |  1.04
        5302 |  1.02 |  1.05 |  0.92 |  1.04 |  0.89 |  0.94 |  1.04
        5302 |  1.02 |  1.05 |  0.92 |  1.04 |  0.89 |  0.94 |  1.04
        5302 |  1.02 |  1.05 |  0.92 |  1.04 |  0.89 |  0.94 |  1.04
        5302 |  1.02 |  1.05 |  0.92 |  1.04 |  0.89 |  0.94 |  1.04
        5302 |  1.02 |  1.05 |  0.92 |  1.04 |  0.89 |  0.94 |  1.04
        5302 |  1.02 |  1.05 |  0.92 |  1.04 |  0.89 |  0.94 |  1.04
        5302 |  1.02 |  1.05 |  0.92 |  1.04 |  0.89 |  0.94 |  1.04
        5302 |  1.02 |  1.05 |  0.92 |  1.04 |  0.89 |  0.94 |  1.04
        5302 |  1.02 |  1.05 |  0.92 |  1.04 |  0.89 |  0.94 |  1.04
        5302 |  1.02 |  1.05 |  0.92 |  1.04 |  0.89 |  0.94 |  1.04
        5302 |  1.02 |  1.05 |  0.92 |  1.04 |  0.89 |  0.94 |  1.04
        5302 |  1.02 |  1.05 |  0.92 |  1.04 |  0.89 |  0.94 |  1.04
        5302 |  1.02 |  1.05 |  0.92 |  1.04 |  0.89 |  0.94 |  1.04
        5302 |  1.02 |  1.05 |  0.92 |  1.04 |  0.89 |  0.94 |  1.04
        5302 |  1.02 |  1.05 |  0.92 |  1.04 |  0.89 |  0.94 |  1.04
        5302 |  1.02 |  1.05 |  0.92 |  1.04 |  0.89 |  0.94 |  1.04
        5302 |  1.02 |  1.05 |  0.92 |  1.04 |  0.89 |  0.94 |  1.04
        5302 |  1.02 |  1.05 |  0.92 |  1.04 |  0.89 |  0.94 |  1.04
        5302 |  1.02 |  1.05 |  0.92 |  1.04 |  0.89 |  0.94 |  1.04
        5303 |  1.02 |  0.91 |  0.85 |  1.00 |  0.88 |  0.92 |  0.96
        5303 |  1.02 |  0.91 |  0.85 |  1.00 |  0.88 |  0.92 |  0.96
        5303 |  1.02 |  0.91 |  0.85 |  1.00 |  0.88 |  0.92 |  0.96
        5303 |  1.02 |  0.91 |  0.85 |  1.00 |  0.88 |  0.92 |  0.96
        5303 |  1.02 |  0.91 |  0.85 |  1.00 |  0.88 |  0.92 |  0.96
        5303 |  1.02 |  0.91 |  0.85 |  1.00 |  0.88 |  0.92 |  0.96
        5303 |  1.02 |  0.91 |  0.85 |  1.00 |  0.88 |  0.92 |  0.96
        5303 |  1.02 |  0.91 |  0.85 |  1.00 |  0.88 |  0.92 |  0.96
        5303 |  1.02 |  0.91 |  0.85 |  1.00 |  0.88 |  0.92 |  0.96
        5303 |  1.02 |  0.91 |  0.85 |  1.00 |  0.88 |  0.92 |  0.96
        5303 |  1.02 |  0.91 |  0.85 |  1.00 |  0.88 |  0.92 |  0.96
        5303 |  1.02 |  0.91 |  0.85 |  1.00 |  0.88 |  0.92 |  0.96
        5303 |  1.02 |  0.91 |  0.85 |  1.00 |  0.88 |  0.92 |  0.96
        5303 |  1.02 |  0.91 |  0.85 |  1.00 |  0.88 |  0.92 |  0.96
        5303 |  1.02 |  0.91 |  0.85 |  1.00 |  0.88 |  0.92 |  0.96
        5303 |  1.02 |  0.91 |  0.85 |  1.00 |  0.88 |  0.92 |  0.96
        5303 |  1.02 |  0.91 |  0.85 |  1.00 |  0.88 |  0.92 |  0.96
        5303 |  1.02 |  0.91 |  0.85 |  1.00 |  0.88 |  0.92 |  0.96
        5303 |  1.02 |  0.91 |  0.85 |  1.00 |  0.88 |  0.92 |  0.96
        5303 |  1.02 |  0.91 |  0.85 |  1.00 |  0.88 |  0.92 |  0.96
        5303 |  1.02 |  0.91 |  0.85 |  1.00 |  0.88 |  0.92 |  0.96
        5303 |  1.02 |  0.91 |  0.85 |  1.00 |  0.88 |  0.92 |  0.96
        5303 |  1.02 |  0.91 |  0.85 |  1.00 |  0.88 |  0.92 |  0.96
        5303 |  1.02 |  0.91 |  0.85 |  1.00 |  0.88 |  0.92 |  0.96
        5303 |  1.02 |  0.91 |  0.85 |  1.00 |  0.88 |  0.92 |  0.96
        5303 |  1.02 |  0.91 |  0.85 |  1.00 |  0.88 |  0.92 |  0.96
        5303 |  1.02 |  0.91 |  0.85 |  1.00 |  0.88 |  0.92 |  0.96
        5303 |  1.02 |  0.91 |  0.85 |  1.00 |  0.88 |  0.92 |  0.96
        5303 |  1.02 |  0.91 |  0.85 |  1.00 |  0.88 |  0.92 |  0.96
        5303 |  1.02 |  0.91 |  0.85 |  1.00 |  0.88 |  0.92 |  0.96
        5303 |  1.02 |  0.91 |  0.85 |  1.00 |  0.88 |  0.92 |  0.96
        5303 |  1.02 |  0.91 |  0.85 |  1.00 |  0.88 |  0.92 |  0.96
        5303 |  1.02 |  0.91 |  0.85 |  1.00 |  0.88 |  0.92 |  0.96
        5303 |  1.02 |  0.91 |  0.85 |  1.00 |  0.88 |  0.92 |  0.96
        5303 |  1.02 |  0.91 |  0.85 |  1.00 |  0.88 |  0.92 |  0.96
        5303 |  1.02 |  0.91 |  0.85 |  1.00 |  0.88 |  0.92 |  0.96
        5303 |  1.02 |  0.91 |  0.85 |  1.00 |  0.88 |  0.92 |  0.96
        5303 |  1.02 |  0.91 |  0.85 |  1.00 |  0.88 |  0.92 |  0.96
        5303 |  1.02 |  0.91 |  0.85 |  1.00 |  0.88 |  0.92 |  0.96
        5303 |  1.02 |  0.91 |  0.85 |  1.00 |  0.88 |  0.92 |  0.96
        5303 |  1.02 |  0.91 |  0.85 |  1.00 |  0.88 |  0.92 |  0.96
        5303 |  1.02 |  0.91 |  0.85 |  1.00 |  0.88 |  0.92 |  0.96
        5303 |  1.02 |  0.91 |  0.85 |  1.00 |  0.88 |  0.92 |  0.96
        5303 |  1.02 |  0.91 |  0.85 |  1.00 |  0.88 |  0.92 |  0.96
        5303 |  1.02 |  0.91 |  0.85 |  1.00 |  0.88 |  0.92 |  0.96
        5303 |  1.02 |  0.91 |  0.85 |  1.00 |  0.88 |  0.92 |  0.96
        5303 |  1.02 |  0.91 |  0.85 |  1.00 |  0.88 |  0.92 |  0.96
        5303 |  1.02 |  0.91 |  0.85 |  1.00 |  0.88 |  0.92 |  0.96
        5303 |  1.02 |  0.91 |  0.85 |  1.00 |  0.88 |  0.92 |  0.96
        5304 |  0.97 |  1.04 |  0.91 |  0.97 |  1.04 |  0.84 |  0.96
        5304 |  0.97 |  1.04 |  0.91 |  0.97 |  1.04 |  0.84 |  0.96
        5304 |  0.97 |  1.04 |  0.91 |  0.97 |  1.04 |  0.84 |  0.96
        5304 |  0.97 |  1.04 |  0.91 |  0.97 |  1.04 |  0.84 |  0.96
        5304 |  0.97 |  1.04 |  0.91 |  0.97 |  1.04 |  0.84 |  0.96
        5304 |  0.97 |  1.04 |  0.91 |  0.97 |  1.04 |  0.84 |  0.96
        5304 |  0.97 |  1.04 |  0.91 |  0.97 |  1.04 |  0.84 |  0.96
        5304 |  0.97 |  1.04 |  0.91 |  0.97 |  1.04 |  0.84 |  0.96
        5304 |  0.97 |  1.04 |  0.91 |  0.97 |  1.04 |  0.84 |  0.96
        5304 |  0.97 |  1.04 |  0.91 |  0.97 |  1.04 |  0.84 |  0.96
        5304 |  0.97 |  1.04 |  0.91 |  0.97 |  1.04 |  0.84 |  0.96
        5304 |  0.97 |  1.04 |  0.91 |  0.97 |  1.04 |  0.84 |  0.96
        5304 |  0.97 |  1.04 |  0.91 |  0.97 |  1.04 |  0.84 |  0.96
        5304 |  0.97 |  1.04 |  0.91 |  0.97 |  1.04 |  0.84 |  0.96
        5304 |  0.97 |  1.04 |  0.91 |  0.97 |  1.04 |  0.84 |  0.96
        5304 |  0.97 |  1.04 |  0.91 |  0.97 |  1.04 |  0.84 |  0.96
        5304 |  0.97 |  1.04 |  0.91 |  0.97 |  1.04 |  0.84 |  0.96
        5304 |  0.97 |  1.04 |  0.91 |  0.97 |  1.04 |  0.84 |  0.96
        5304 |  0.97 |  1.04 |  0.91 |  0.97 |  1.04 |  0.84 |  0.96
        5304 |  0.97 |  1.04 |  0.91 |  0.97 |  1.04 |  0.84 |  0.96
        5304 |  0.97 |  1.04 |  0.91 |  0.97 |  1.04 |  0.84 |  0.96
        5304 |  0.97 |  1.04 |  0.91 |  0.97 |  1.04 |  0.84 |  0.96
        5304 |  0.97 |  1.04 |  0.91 |  0.97 |  1.04 |  0.84 |  0.96
        5304 |  0.97 |  1.04 |  0.91 |  0.97 |  1.04 |  0.84 |  0.96
        5304 |  0.97 |  1.04 |  0.91 |  0.97 |  1.04 |  0.84 |  0.96
        5304 |  0.97 |  1.04 |  0.91 |  0.97 |  1.04 |  0.84 |  0.96
        5304 |  0.97 |  1.04 |  0.91 |  0.97 |  1.04 |  0.84 |  0.96
        5304 |  0.97 |  1.04 |  0.91 |  0.97 |  1.04 |  0.84 |  0.96
        5304 |  0.97 |  1.04 |  0.91 |  0.97 |  1.04 |  0.84 |  0.96
        5304 |  0.97 |  1.04 |  0.91 |  0.97 |  1.04 |  0.84 |  0.96
        5304 |  0.97 |  1.04 |  0.91 |  0.97 |  1.04 |  0.84 |  0.96
        5304 |  0.97 |  1.04 |  0.91 |  0.97 |  1.04 |  0.84 |  0.96
        5304 |  0.97 |  1.04 |  0.91 |  0.97 |  1.04 |  0.84 |  0.96
        5304 |  0.97 |  1.04 |  0.91 |  0.97 |  1.04 |  0.84 |  0.96
        5304 |  0.97 |  1.04 |  0.91 |  0.97 |  1.04 |  0.84 |  0.96
        5304 |  0.97 |  1.04 |  0.91 |  0.97 |  1.04 |  0.84 |  0.96
        5304 |  0.97 |  1.04 |  0.91 |  0.97 |  1.04 |  0.84 |  0.96
        5304 |  0.97 |  1.04 |  0.91 |  0.97 |  1.04 |  0.84 |  0.96
        5304 |  0.97 |  1.04 |  0.91 |  0.97 |  1.04 |  0.84 |  0.96
        5304 |  0.97 |  1.04 |  0.91 |  0.97 |  1.04 |  0.84 |  0.96
        5304 |  0.97 |  1.04 |  0.91 |  0.97 |  1.04 |  0.84 |  0.96
        5304 |  0.97 |  1.04 |  0.91 |  0.97 |  1.04 |  0.84 |  0.96
        5304 |  0.97 |  1.04 |  0.91 |  0.97 |  1.04 |  0.84 |  0.96
        5304 |  0.97 |  1.04 |  0.91 |  0.97 |  1.04 |  0.84 |  0.96
        5304 |  0.97 |  1.04 |  0.91 |  0.97 |  1.04 |  0.84 |  0.96
        5304 |  0.97 |  1.04 |  0.91 |  0.97 |  1.04 |  0.84 |  0.96
        5304 |  0.97 |  1.04 |  0.91 |  0.97 |  1.04 |  0.84 |  0.96
        5304 |  0.97 |  1.04 |  0.91 |  0.97 |  1.04 |  0.84 |  0.96
        5304 |  0.97 |  1.04 |  0.91 |  0.97 |  1.04 |  0.84 |  0.96
        5305 |  0.99 |  1.04 |  0.84 |  0.91 |  0.96 |  0.86 |  0.98
        5305 |  0.99 |  1.04 |  0.84 |  0.91 |  0.96 |  0.86 |  0.98
        5305 |  0.99 |  1.04 |  0.84 |  0.91 |  0.96 |  0.86 |  0.98
        5305 |  0.99 |  1.04 |  0.84 |  0.91 |  0.96 |  0.86 |  0.98
        5305 |  0.99 |  1.04 |  0.84 |  0.91 |  0.96 |  0.86 |  0.98
        5305 |  0.99 |  1.04 |  0.84 |  0.91 |  0.96 |  0.86 |  0.98
        5305 |  0.99 |  1.04 |  0.84 |  0.91 |  0.96 |  0.86 |  0.98
        5305 |  0.99 |  1.04 |  0.84 |  0.91 |  0.96 |  0.86 |  0.98
        5305 |  0.99 |  1.04 |  0.84 |  0.91 |  0.96 |  0.86 |  0.98
        5305 |  0.99 |  1.04 |  0.84 |  0.91 |  0.96 |  0.86 |  0.98
        5305 |  0.99 |  1.04 |  0.84 |  0.91 |  0.96 |  0.86 |  0.98
        5305 |  0.99 |  1.04 |  0.84 |  0.91 |  0.96 |  0.86 |  0.98
        5305 |  0.99 |  1.04 |  0.84 |  0.91 |  0.96 |  0.86 |  0.98
        5305 |  0.99 |  1.04 |  0.84 |  0.91 |  0.96 |  0.86 |  0.98
        5305 |  0.99 |  1.04 |  0.84 |  0.91 |  0.96 |  0.86 |  0.98
        5305 |  0.99 |  1.04 |  0.84 |  0.91 |  0.96 |  0.86 |  0.98
        5305 |  0.99 |  1.04 |  0.84 |  0.91 |  0.96 |  0.86 |  0.98
        5305 |  0.99 |  1.04 |  0.84 |  0.91 |  0.96 |  0.86 |  0.98
        5305 |  0.99 |  1.04 |  0.84 |  0.91 |  0.96 |  0.86 |  0.98
        5305 |  0.99 |  1.04 |  0.84 |  0.91 |  0.96 |  0.86 |  0.98
        5305 |  0.99 |  1.04 |  0.84 |  0.91 |  0.96 |  0.86 |  0.98
        5305 |  0.99 |  1.04 |  0.84 |  0.91 |  0.96 |  0.86 |  0.98
        5305 |  0.99 |  1.04 |  0.84 |  0.91 |  0.96 |  0.86 |  0.98
        5305 |  0.99 |  1.04 |  0.84 |  0.91 |  0.96 |  0.86 |  0.98
        5305 |  0.99 |  1.04 |  0.84 |  0.91 |  0.96 |  0.86 |  0.98
        5305 |  0.99 |  1.04 |  0.84 |  0.91 |  0.96 |  0.86 |  0.98
        5305 |  0.99 |  1.04 |  0.84 |  0.91 |  0.96 |  0.86 |  0.98
        5305 |  0.99 |  1.04 |  0.84 |  0.91 |  0.96 |  0.86 |  0.98
        5305 |  0.99 |  1.04 |  0.84 |  0.91 |  0.96 |  0.86 |  0.98
        5305 |  0.99 |  1.04 |  0.84 |  0.91 |  0.96 |  0.86 |  0.98
        5305 |  0.99 |  1.04 |  0.84 |  0.91 |  0.96 |  0.86 |  0.98
        5305 |  0.99 |  1.04 |  0.84 |  0.91 |  0.96 |  0.86 |  0.98
        5305 |  0.99 |  1.04 |  0.84 |  0.91 |  0.96 |  0.86 |  0.98
        5305 |  0.99 |  1.04 |  0.84 |  0.91 |  0.96 |  0.86 |  0.98
        5305 |  0.99 |  1.04 |  0.84 |  0.91 |  0.96 |  0.86 |  0.98
        5305 |  0.99 |  1.04 |  0.84 |  0.91 |  0.96 |  0.86 |  0.98
        5305 |  0.99 |  1.04 |  0.84 |  0.91 |  0.96 |  0.86 |  0.98
        5305 |  0.99 |  1.04 |  0.84 |  0.91 |  0.96 |  0.86 |  0.98
        5305 |  0.99 |  1.04 |  0.84 |  0.91 |  0.96 |  0.86 |  0.98
        5305 |  0.99 |  1.04 |  0.84 |  0.91 |  0.96 |  0.86 |  0.98
        5305 |  0.99 |  1.04 |  0.84 |  0.91 |  0.96 |  0.86 |  0.98
        5305 |  0.99 |  1.04 |  0.84 |  0.91 |  0.96 |  0.86 |  0.98
        5305 |  0.99 |  1.04 |  0.84 |  0.91 |  0.96 |  0.86 |  0.98
        5305 |  0.99 |  1.04 |  0.84 |  0.91 |  0.96 |  0.86 |  0.98
        5305 |  0.99 |  1.04 |  0.84 |  0.91 |  0.96 |  0.86 |  0.98
        5305 |  0.99 |  1.04 |  0.84 |  0.91 |  0.96 |  0.86 |  0.98
        5305 |  0.99 |  1.04 |  0.84 |  0.91 |  0.96 |  0.86 |  0.98
        5305 |  0.99 |  1.04 |  0.84 |  0.91 |  0.96 |  0.86 |  0.98
        5305 |  0.99 |  1.04 |  0.84 |  0.91 |  0.96 |  0.86 |  0.98
        5306 |  0.96 |  0.93 |  0.95 |  0.91 |  0.98 |  1.02 |  1.02
        5306 |  0.96 |  0.93 |  0.95 |  0.91 |  0.98 |  1.02 |  1.02
        5306 |  0.96 |  0.93 |  0.95 |  0.91 |  0.98 |  1.02 |  1.02
        5306 |  0.96 |  0.93 |  0.95 |  0.91 |  0.98 |  1.02 |  1.02
        5306 |  0.96 |  0.93 |  0.95 |  0.91 |  0.98 |  1.02 |  1.02
        5306 |  0.96 |  0.93 |  0.95 |  0.91 |  0.98 |  1.02 |  1.02
        5306 |  0.96 |  0.93 |  0.95 |  0.91 |  0.98 |  1.02 |  1.02
        5306 |  0.96 |  0.93 |  0.95 |  0.91 |  0.98 |  1.02 |  1.02
        5306 |  0.96 |  0.93 |  0.95 |  0.91 |  0.98 |  1.02 |  1.02
        5306 |  0.96 |  0.93 |  0.95 |  0.91 |  0.98 |  1.02 |  1.02
        5306 |  0.96 |  0.93 |  0.95 |  0.91 |  0.98 |  1.02 |  1.02
        5306 |  0.96 |  0.93 |  0.95 |  0.91 |  0.98 |  1.02 |  1.02
        5306 |  0.96 |  0.93 |  0.95 |  0.91 |  0.98 |  1.02 |  1.02
        5306 |  0.96 |  0.93 |  0.95 |  0.91 |  0.98 |  1.02 |  1.02
        5306 |  0.96 |  0.93 |  0.95 |  0.91 |  0.98 |  1.02 |  1.02
        5306 |  0.96 |  0.93 |  0.95 |  0.91 |  0.98 |  1.02 |  1.02
        5306 |  0.96 |  0.93 |  0.95 |  0.91 |  0.98 |  1.02 |  1.02
        5306 |  0.96 |  0.93 |  0.95 |  0.91 |  0.98 |  1.02 |  1.02
        5306 |  0.96 |  0.93 |  0.95 |  0.91 |  0.98 |  1.02 |  1.02
        5306 |  0.96 |  0.93 |  0.95 |  0.91 |  0.98 |  1.02 |  1.02
        5306 |  0.96 |  0.93 |  0.95 |  0.91 |  0.98 |  1.02 |  1.02
        5306 |  0.96 |  0.93 |  0.95 |  0.91 |  0.98 |  1.02 |  1.02
        5306 |  0.96 |  0.93 |  0.95 |  0.91 |  0.98 |  1.02 |  1.02
        5306 |  0.96 |  0.93 |  0.95 |  0.91 |  0.98 |  1.02 |  1.02
        5306 |  0.96 |  0.93 |  0.95 |  0.91 |  0.98 |  1.02 |  1.02
        5306 |  0.96 |  0.93 |  0.95 |  0.91 |  0.98 |  1.02 |  1.02
        5306 |  0.96 |  0.93 |  0.95 |  0.91 |  0.98 |  1.02 |  1.02
        5306 |  0.96 |  0.93 |  0.95 |  0.91 |  0.98 |  1.02 |  1.02
        5306 |  0.96 |  0.93 |  0.95 |  0.91 |  0.98 |  1.02 |  1.02
        5306 |  0.96 |  0.93 |  0.95 |  0.91 |  0.98 |  1.02 |  1.02
        5306 |  0.96 |  0.93 |  0.95 |  0.91 |  0.98 |  1.02 |  1.02
        5306 |  0.96 |  0.93 |  0.95 |  0.91 |  0.98 |  1.02 |  1.02
        5306 |  0.96 |  0.93 |  0.95 |  0.91 |  0.98 |  1.02 |  1.02
        5306 |  0.96 |  0.93 |  0.95 |  0.91 |  0.98 |  1.02 |  1.02
        5306 |  0.96 |  0.93 |  0.95 |  0.91 |  0.98 |  1.02 |  1.02
        5306 |  0.96 |  0.93 |  0.95 |  0.91 |  0.98 |  1.02 |  1.02
        5306 |  0.96 |  0.93 |  0.95 |  0.91 |  0.98 |  1.02 |  1.02
        5306 |  0.96 |  0.93 |  0.95 |  0.91 |  0.98 |  1.02 |  1.02
        5306 |  0.96 |  0.93 |  0.95 |  0.91 |  0.98 |  1.02 |  1.02
        5306 |  0.96 |  0.93 |  0.95 |  0.91 |  0.98 |  1.02 |  1.02
        5306 |  0.96 |  0.93 |  0.95 |  0.91 |  0.98 |  1.02 |  1.02
        5306 |  0.96 |  0.93 |  0.95 |  0.91 |  0.98 |  1.02 |  1.02
        5306 |  0.96 |  0.93 |  0.95 |  0.91 |  0.98 |  1.02 |  1.02
        5306 |  0.96 |  0.93 |  0.95 |  0.91 |  0.98 |  1.02 |  1.02
        5306 |  0.96 |  0.93 |  0.95 |  0.91 |  0.98 |  1.02 |  1.02
        5306 |  0.96 |  0.93 |  0.95 |  0.91 |  0.98 |  1.02 |  1.02
        5306 |  0.96 |  0.93 |  0.95 |  0.91 |  0.98 |  1.02 |  1.02
        5306 |  0.96 |  0.93 |  0.95 |  0.91 |  0.98 |  1.02 |  1.02
        5306 |  0.96 |  0.93 |  0.95 |  0.91 |  0.98 |  1.02 |  1.02
        5307 |  0.96 |  0.96 |  0.91 |  0.96 |  1.08 |  0.92 |  0.88
        5307 |  0.96 |  0.96 |  0.91 |  0.96 |  1.08 |  0.92 |  0.88
        5307 |  0.96 |  0.96 |  0.91 |  0.96 |  1.08 |  0.92 |  0.88
        5307 |  0.96 |  0.96 |  0.91 |  0.96 |  1.08 |  0.92 |  0.88
        5307 |  0.96 |  0.96 |  0.91 |  0.96 |  1.08 |  0.92 |  0.88
        5307 |  0.96 |  0.96 |  0.91 |  0.96 |  1.08 |  0.92 |  0.88
        5307 |  0.96 |  0.96 |  0.91 |  0.96 |  1.08 |  0.92 |  0.88
        5307 |  0.96 |  0.96 |  0.91 |  0.96 |  1.08 |  0.92 |  0.88
        5307 |  0.96 |  0.96 |  0.91 |  0.96 |  1.08 |  0.92 |  0.88
        5307 |  0.96 |  0.96 |  0.91 |  0.96 |  1.08 |  0.92 |  0.88
        5307 |  0.96 |  0.96 |  0.91 |  0.96 |  1.08 |  0.92 |  0.88
        5307 |  0.96 |  0.96 |  0.91 |  0.96 |  1.08 |  0.92 |  0.88
        5307 |  0.96 |  0.96 |  0.91 |  0.96 |  1.08 |  0.92 |  0.88
        5307 |  0.96 |  0.96 |  0.91 |  0.96 |  1.08 |  0.92 |  0.88
        5307 |  0.96 |  0.96 |  0.91 |  0.96 |  1.08 |  0.92 |  0.88
        5307 |  0.96 |  0.96 |  0.91 |  0.96 |  1.08 |  0.92 |  0.88
        5307 |  0.96 |  0.96 |  0.91 |  0.96 |  1.08 |  0.92 |  0.88
        5307 |  0.96 |  0.96 |  0.91 |  0.96 |  1.08 |  0.92 |  0.88
        5307 |  0.96 |  0.96 |  0.91 |  0.96 |  1.08 |  0.92 |  0.88
        5307 |  0.96 |  0.96 |  0.91 |  0.96 |  1.08 |  0.92 |  0.88
        5307 |  0.96 |  0.96 |  0.91 |  0.96 |  1.08 |  0.92 |  0.88
        5307 |  0.96 |  0.96 |  0.91 |  0.96 |  1.08 |  0.92 |  0.88
        5307 |  0.96 |  0.96 |  0.91 |  0.96 |  1.08 |  0.92 |  0.88
        5307 |  0.96 |  0.96 |  0.91 |  0.96 |  1.08 |  0.92 |  0.88
        5307 |  0.96 |  0.96 |  0.91 |  0.96 |  1.08 |  0.92 |  0.88
        5307 |  0.96 |  0.96 |  0.91 |  0.96 |  1.08 |  0.92 |  0.88
        5307 |  0.96 |  0.96 |  0.91 |  0.96 |  1.08 |  0.92 |  0.88
        5307 |  0.96 |  0.96 |  0.91 |  0.96 |  1.08 |  0.92 |  0.88
        5307 |  0.96 |  0.96 |  0.91 |  0.96 |  1.08 |  0.92 |  0.88
        5307 |  0.96 |  0.96 |  0.91 |  0.96 |  1.08 |  0.92 |  0.88
        5307 |  0.96 |  0.96 |  0.91 |  0.96 |  1.08 |  0.92 |  0.88
        5307 |  0.96 |  0.96 |  0.91 |  0.96 |  1.08 |  0.92 |  0.88
        5307 |  0.96 |  0.96 |  0.91 |  0.96 |  1.08 |  0.92 |  0.88
        5307 |  0.96 |  0.96 |  0.91 |  0.96 |  1.08 |  0.92 |  0.88
        5307 |  0.96 |  0.96 |  0.91 |  0.96 |  1.08 |  0.92 |  0.88
        5307 |  0.96 |  0.96 |  0.91 |  0.96 |  1.08 |  0.92 |  0.88
        5307 |  0.96 |  0.96 |  0.91 |  0.96 |  1.08 |  0.92 |  0.88
        5307 |  0.96 |  0.96 |  0.91 |  0.96 |  1.08 |  0.92 |  0.88
        5307 |  0.96 |  0.96 |  0.91 |  0.96 |  1.08 |  0.92 |  0.88
        5307 |  0.96 |  0.96 |  0.91 |  0.96 |  1.08 |  0.92 |  0.88
        5307 |  0.96 |  0.96 |  0.91 |  0.96 |  1.08 |  0.92 |  0.88
        5307 |  0.96 |  0.96 |  0.91 |  0.96 |  1.08 |  0.92 |  0.88
        5307 |  0.96 |  0.96 |  0.91 |  0.96 |  1.08 |  0.92 |  0.88
        5307 |  0.96 |  0.96 |  0.91 |  0.96 |  1.08 |  0.92 |  0.88
        5307 |  0.96 |  0.96 |  0.91 |  0.96 |  1.08 |  0.92 |  0.88
        5307 |  0.96 |  0.96 |  0.91 |  0.96 |  1.08 |  0.92 |  0.88
        5307 |  0.96 |  0.96 |  0.91 |  0.96 |  1.08 |  0.92 |  0.88
        5307 |  0.96 |  0.96 |  0.91 |  0.96 |  1.08 |  0.92 |  0.88
        5307 |  0.96 |  0.96 |  0.91 |  0.96 |  1.08 |  0.92 |  0.88
        5308 |  1.13 |  1.09 |  1.02 |  1.02 |  1.00 |  0.93 |  1.00
        5308 |  1.13 |  1.09 |  1.02 |  1.02 |  1.00 |  0.93 |  1.00
        5308 |  1.13 |  1.09 |  1.02 |  1.02 |  1.00 |  0.93 |  1.00
        5308 |  1.13 |  1.09 |  1.02 |  1.02 |  1.00 |  0.93 |  1.00
        5308 |  1.13 |  1.09 |  1.02 |  1.02 |  1.00 |  0.93 |  1.00
        5308 |  1.13 |  1.09 |  1.02 |  1.02 |  1.00 |  0.93 |  1.00
        5308 |  1.13 |  1.09 |  1.02 |  1.02 |  1.00 |  0.93 |  1.00
        5308 |  1.13 |  1.09 |  1.02 |  1.02 |  1.00 |  0.93 |  1.00
        5308 |  1.13 |  1.09 |  1.02 |  1.02 |  1.00 |  0.93 |  1.00
        5308 |  1.13 |  1.09 |  1.02 |  1.02 |  1.00 |  0.93 |  1.00
        5308 |  1.13 |  1.09 |  1.02 |  1.02 |  1.00 |  0.93 |  1.00
        5308 |  1.13 |  1.09 |  1.02 |  1.02 |  1.00 |  0.93 |  1.00
        5308 |  1.13 |  1.09 |  1.02 |  1.02 |  1.00 |  0.93 |  1.00
        5308 |  1.13 |  1.09 |  1.02 |  1.02 |  1.00 |  0.93 |  1.00
        5308 |  1.13 |  1.09 |  1.02 |  1.02 |  1.00 |  0.93 |  1.00
        5308 |  1.13 |  1.09 |  1.02 |  1.02 |  1.00 |  0.93 |  1.00
        5308 |  1.13 |  1.09 |  1.02 |  1.02 |  1.00 |  0.93 |  1.00
        5308 |  1.13 |  1.09 |  1.02 |  1.02 |  1.00 |  0.93 |  1.00
        5308 |  1.13 |  1.09 |  1.02 |  1.02 |  1.00 |  0.93 |  1.00
        5308 |  1.13 |  1.09 |  1.02 |  1.02 |  1.00 |  0.93 |  1.00
        5308 |  1.13 |  1.09 |  1.02 |  1.02 |  1.00 |  0.93 |  1.00
        5308 |  1.13 |  1.09 |  1.02 |  1.02 |  1.00 |  0.93 |  1.00
        5308 |  1.13 |  1.09 |  1.02 |  1.02 |  1.00 |  0.93 |  1.00
        5308 |  1.13 |  1.09 |  1.02 |  1.02 |  1.00 |  0.93 |  1.00
        5308 |  1.13 |  1.09 |  1.02 |  1.02 |  1.00 |  0.93 |  1.00
        5308 |  1.13 |  1.09 |  1.02 |  1.02 |  1.00 |  0.93 |  1.00
        5308 |  1.13 |  1.09 |  1.02 |  1.02 |  1.00 |  0.93 |  1.00
        5308 |  1.13 |  1.09 |  1.02 |  1.02 |  1.00 |  0.93 |  1.00
        5308 |  1.13 |  1.09 |  1.02 |  1.02 |  1.00 |  0.93 |  1.00
        5308 |  1.13 |  1.09 |  1.02 |  1.02 |  1.00 |  0.93 |  1.00
        5308 |  1.13 |  1.09 |  1.02 |  1.02 |  1.00 |  0.93 |  1.00
        5308 |  1.13 |  1.09 |  1.02 |  1.02 |  1.00 |  0.93 |  1.00
        5308 |  1.13 |  1.09 |  1.02 |  1.02 |  1.00 |  0.93 |  1.00
        5308 |  1.13 |  1.09 |  1.02 |  1.02 |  1.00 |  0.93 |  1.00
        5308 |  1.13 |  1.09 |  1.02 |  1.02 |  1.00 |  0.93 |  1.00
        5308 |  1.13 |  1.09 |  1.02 |  1.02 |  1.00 |  0.93 |  1.00
        5308 |  1.13 |  1.09 |  1.02 |  1.02 |  1.00 |  0.93 |  1.00
        5308 |  1.13 |  1.09 |  1.02 |  1.02 |  1.00 |  0.93 |  1.00
        5308 |  1.13 |  1.09 |  1.02 |  1.02 |  1.00 |  0.93 |  1.00
        5308 |  1.13 |  1.09 |  1.02 |  1.02 |  1.00 |  0.93 |  1.00
        5308 |  1.13 |  1.09 |  1.02 |  1.02 |  1.00 |  0.93 |  1.00
        5308 |  1.13 |  1.09 |  1.02 |  1.02 |  1.00 |  0.93 |  1.00
        5308 |  1.13 |  1.09 |  1.02 |  1.02 |  1.00 |  0.93 |  1.00
        5308 |  1.13 |  1.09 |  1.02 |  1.02 |  1.00 |  0.93 |  1.00
        5308 |  1.13 |  1.09 |  1.02 |  1.02 |  1.00 |  0.93 |  1.00
        5308 |  1.13 |  1.09 |  1.02 |  1.02 |  1.00 |  0.93 |  1.00
        5308 |  1.13 |  1.09 |  1.02 |  1.02 |  1.00 |  0.93 |  1.00
        5308 |  1.13 |  1.09 |  1.02 |  1.02 |  1.00 |  0.93 |  1.00
        5308 |  1.13 |  1.09 |  1.02 |  1.02 |  1.00 |  0.93 |  1.00
        5309 |  1.16 |  0.98 |  0.96 |  1.03 |  1.03 |  1.09 |  0.99
        5309 |  1.16 |  0.98 |  0.96 |  1.03 |  1.03 |  1.09 |  0.99
        5309 |  1.16 |  0.98 |  0.96 |  1.03 |  1.03 |  1.09 |  0.99
        5309 |  1.16 |  0.98 |  0.96 |  1.03 |  1.03 |  1.09 |  0.99
        5309 |  1.16 |  0.98 |  0.96 |  1.03 |  1.03 |  1.09 |  0.99
        5309 |  1.16 |  0.98 |  0.96 |  1.03 |  1.03 |  1.09 |  0.99
        5309 |  1.16 |  0.98 |  0.96 |  1.03 |  1.03 |  1.09 |  0.99
        5309 |  1.16 |  0.98 |  0.96 |  1.03 |  1.03 |  1.09 |  0.99
        5309 |  1.16 |  0.98 |  0.96 |  1.03 |  1.03 |  1.09 |  0.99
        5309 |  1.16 |  0.98 |  0.96 |  1.03 |  1.03 |  1.09 |  0.99
        5309 |  1.16 |  0.98 |  0.96 |  1.03 |  1.03 |  1.09 |  0.99
        5309 |  1.16 |  0.98 |  0.96 |  1.03 |  1.03 |  1.09 |  0.99
        5309 |  1.16 |  0.98 |  0.96 |  1.03 |  1.03 |  1.09 |  0.99
        5309 |  1.16 |  0.98 |  0.96 |  1.03 |  1.03 |  1.09 |  0.99
        5309 |  1.16 |  0.98 |  0.96 |  1.03 |  1.03 |  1.09 |  0.99
        5309 |  1.16 |  0.98 |  0.96 |  1.03 |  1.03 |  1.09 |  0.99
        5309 |  1.16 |  0.98 |  0.96 |  1.03 |  1.03 |  1.09 |  0.99
        5309 |  1.16 |  0.98 |  0.96 |  1.03 |  1.03 |  1.09 |  0.99
        5309 |  1.16 |  0.98 |  0.96 |  1.03 |  1.03 |  1.09 |  0.99
        5309 |  1.16 |  0.98 |  0.96 |  1.03 |  1.03 |  1.09 |  0.99
        5309 |  1.16 |  0.98 |  0.96 |  1.03 |  1.03 |  1.09 |  0.99
        5309 |  1.16 |  0.98 |  0.96 |  1.03 |  1.03 |  1.09 |  0.99
        5309 |  1.16 |  0.98 |  0.96 |  1.03 |  1.03 |  1.09 |  0.99
        5309 |  1.16 |  0.98 |  0.96 |  1.03 |  1.03 |  1.09 |  0.99
        5309 |  1.16 |  0.98 |  0.96 |  1.03 |  1.03 |  1.09 |  0.99
        5309 |  1.16 |  0.98 |  0.96 |  1.03 |  1.03 |  1.09 |  0.99
        5309 |  1.16 |  0.98 |  0.96 |  1.03 |  1.03 |  1.09 |  0.99
        5309 |  1.16 |  0.98 |  0.96 |  1.03 |  1.03 |  1.09 |  0.99
        5309 |  1.16 |  0.98 |  0.96 |  1.03 |  1.03 |  1.09 |  0.99
        5309 |  1.16 |  0.98 |  0.96 |  1.03 |  1.03 |  1.09 |  0.99
        5309 |  1.16 |  0.98 |  0.96 |  1.03 |  1.03 |  1.09 |  0.99
        5309 |  1.16 |  0.98 |  0.96 |  1.03 |  1.03 |  1.09 |  0.99
        5309 |  1.16 |  0.98 |  0.96 |  1.03 |  1.03 |  1.09 |  0.99
        5309 |  1.16 |  0.98 |  0.96 |  1.03 |  1.03 |  1.09 |  0.99
        5309 |  1.16 |  0.98 |  0.96 |  1.03 |  1.03 |  1.09 |  0.99
        5309 |  1.16 |  0.98 |  0.96 |  1.03 |  1.03 |  1.09 |  0.99
        5309 |  1.16 |  0.98 |  0.96 |  1.03 |  1.03 |  1.09 |  0.99
        5309 |  1.16 |  0.98 |  0.96 |  1.03 |  1.03 |  1.09 |  0.99
        5309 |  1.16 |  0.98 |  0.96 |  1.03 |  1.03 |  1.09 |  0.99
        5309 |  1.16 |  0.98 |  0.96 |  1.03 |  1.03 |  1.09 |  0.99
        5309 |  1.16 |  0.98 |  0.96 |  1.03 |  1.03 |  1.09 |  0.99
        5309 |  1.16 |  0.98 |  0.96 |  1.03 |  1.03 |  1.09 |  0.99
        5309 |  1.16 |  0.98 |  0.96 |  1.03 |  1.03 |  1.09 |  0.99
        5309 |  1.16 |  0.98 |  0.96 |  1.03 |  1.03 |  1.09 |  0.99
        5309 |  1.16 |  0.98 |  0.96 |  1.03 |  1.03 |  1.09 |  0.99
        5309 |  1.16 |  0.98 |  0.96 |  1.03 |  1.03 |  1.09 |  0.99
        5309 |  1.16 |  0.98 |  0.96 |  1.03 |  1.03 |  1.09 |  0.99
        5309 |  1.16 |  0.98 |  0.96 |  1.03 |  1.03 |  1.09 |  0.99
        5309 |  1.16 |  0.98 |  0.96 |  1.03 |  1.03 |  1.09 |  0.99
        5310 |  0.97 |  1.00 |  0.90 |  0.88 |  0.99 |  0.95 |  0.87
        5310 |  0.97 |  1.00 |  0.90 |  0.88 |  0.99 |  0.95 |  0.87
        5310 |  0.97 |  1.00 |  0.90 |  0.88 |  0.99 |  0.95 |  0.87
        5310 |  0.97 |  1.00 |  0.90 |  0.88 |  0.99 |  0.95 |  0.87
        5310 |  0.97 |  1.00 |  0.90 |  0.88 |  0.99 |  0.95 |  0.87
        5310 |  0.97 |  1.00 |  0.90 |  0.88 |  0.99 |  0.95 |  0.87
        5310 |  0.97 |  1.00 |  0.90 |  0.88 |  0.99 |  0.95 |  0.87
        5310 |  0.97 |  1.00 |  0.90 |  0.88 |  0.99 |  0.95 |  0.87
        5310 |  0.97 |  1.00 |  0.90 |  0.88 |  0.99 |  0.95 |  0.87
        5310 |  0.97 |  1.00 |  0.90 |  0.88 |  0.99 |  0.95 |  0.87
        5310 |  0.97 |  1.00 |  0.90 |  0.88 |  0.99 |  0.95 |  0.87
        5310 |  0.97 |  1.00 |  0.90 |  0.88 |  0.99 |  0.95 |  0.87
        5310 |  0.97 |  1.00 |  0.90 |  0.88 |  0.99 |  0.95 |  0.87
        5310 |  0.97 |  1.00 |  0.90 |  0.88 |  0.99 |  0.95 |  0.87
        5310 |  0.97 |  1.00 |  0.90 |  0.88 |  0.99 |  0.95 |  0.87
        5310 |  0.97 |  1.00 |  0.90 |  0.88 |  0.99 |  0.95 |  0.87
        5310 |  0.97 |  1.00 |  0.90 |  0.88 |  0.99 |  0.95 |  0.87
        5310 |  0.97 |  1.00 |  0.90 |  0.88 |  0.99 |  0.95 |  0.87
        5310 |  0.97 |  1.00 |  0.90 |  0.88 |  0.99 |  0.95 |  0.87
        5310 |  0.97 |  1.00 |  0.90 |  0.88 |  0.99 |  0.95 |  0.87
        5310 |  0.97 |  1.00 |  0.90 |  0.88 |  0.99 |  0.95 |  0.87
        5310 |  0.97 |  1.00 |  0.90 |  0.88 |  0.99 |  0.95 |  0.87
        5310 |  0.97 |  1.00 |  0.90 |  0.88 |  0.99 |  0.95 |  0.87
        5310 |  0.97 |  1.00 |  0.90 |  0.88 |  0.99 |  0.95 |  0.87
        5310 |  0.97 |  1.00 |  0.90 |  0.88 |  0.99 |  0.95 |  0.87
        5310 |  0.97 |  1.00 |  0.90 |  0.88 |  0.99 |  0.95 |  0.87
        5310 |  0.97 |  1.00 |  0.90 |  0.88 |  0.99 |  0.95 |  0.87
        5310 |  0.97 |  1.00 |  0.90 |  0.88 |  0.99 |  0.95 |  0.87
        5310 |  0.97 |  1.00 |  0.90 |  0.88 |  0.99 |  0.95 |  0.87
        5310 |  0.97 |  1.00 |  0.90 |  0.88 |  0.99 |  0.95 |  0.87
        5310 |  0.97 |  1.00 |  0.90 |  0.88 |  0.99 |  0.95 |  0.87
        5310 |  0.97 |  1.00 |  0.90 |  0.88 |  0.99 |  0.95 |  0.87
        5310 |  0.97 |  1.00 |  0.90 |  0.88 |  0.99 |  0.95 |  0.87
        5310 |  0.97 |  1.00 |  0.90 |  0.88 |  0.99 |  0.95 |  0.87
        5310 |  0.97 |  1.00 |  0.90 |  0.88 |  0.99 |  0.95 |  0.87
        5310 |  0.97 |  1.00 |  0.90 |  0.88 |  0.99 |  0.95 |  0.87
        5310 |  0.97 |  1.00 |  0.90 |  0.88 |  0.99 |  0.95 |  0.87
        5310 |  0.97 |  1.00 |  0.90 |  0.88 |  0.99 |  0.95 |  0.87
        5310 |  0.97 |  1.00 |  0.90 |  0.88 |  0.99 |  0.95 |  0.87
        5310 |  0.97 |  1.00 |  0.90 |  0.88 |  0.99 |  0.95 |  0.87
        5310 |  0.97 |  1.00 |  0.90 |  0.88 |  0.99 |  0.95 |  0.87
        5310 |  0.97 |  1.00 |  0.90 |  0.88 |  0.99 |  0.95 |  0.87
        5310 |  0.97 |  1.00 |  0.90 |  0.88 |  0.99 |  0.95 |  0.87
        5310 |  0.97 |  1.00 |  0.90 |  0.88 |  0.99 |  0.95 |  0.87
        5310 |  0.97 |  1.00 |  0.90 |  0.88 |  0.99 |  0.95 |  0.87
        5310 |  0.97 |  1.00 |  0.90 |  0.88 |  0.99 |  0.95 |  0.87
        5310 |  0.97 |  1.00 |  0.90 |  0.88 |  0.99 |  0.95 |  0.87
        5310 |  0.97 |  1.00 |  0.90 |  0.88 |  0.99 |  0.95 |  0.87
        5310 |  0.97 |  1.00 |  0.90 |  0.88 |  0.99 |  0.95 |  0.87
        5311 |  1.13 |  1.09 |  1.03 |  0.88 |  0.98 |  1.05 |  0.84
        5311 |  1.13 |  1.09 |  1.03 |  0.88 |  0.98 |  1.05 |  0.84
        5311 |  1.13 |  1.09 |  1.03 |  0.88 |  0.98 |  1.05 |  0.84
        5311 |  1.13 |  1.09 |  1.03 |  0.88 |  0.98 |  1.05 |  0.84
        5311 |  1.13 |  1.09 |  1.03 |  0.88 |  0.98 |  1.05 |  0.84
        5311 |  1.13 |  1.09 |  1.03 |  0.88 |  0.98 |  1.05 |  0.84
        5311 |  1.13 |  1.09 |  1.03 |  0.88 |  0.98 |  1.05 |  0.84
        5311 |  1.13 |  1.09 |  1.03 |  0.88 |  0.98 |  1.05 |  0.84
        5311 |  1.13 |  1.09 |  1.03 |  0.88 |  0.98 |  1.05 |  0.84
        5311 |  1.13 |  1.09 |  1.03 |  0.88 |  0.98 |  1.05 |  0.84
        5311 |  1.13 |  1.09 |  1.03 |  0.88 |  0.98 |  1.05 |  0.84
        5311 |  1.13 |  1.09 |  1.03 |  0.88 |  0.98 |  1.05 |  0.84
        5311 |  1.13 |  1.09 |  1.03 |  0.88 |  0.98 |  1.05 |  0.84
        5311 |  1.13 |  1.09 |  1.03 |  0.88 |  0.98 |  1.05 |  0.84
        5311 |  1.13 |  1.09 |  1.03 |  0.88 |  0.98 |  1.05 |  0.84
        5311 |  1.13 |  1.09 |  1.03 |  0.88 |  0.98 |  1.05 |  0.84
        5311 |  1.13 |  1.09 |  1.03 |  0.88 |  0.98 |  1.05 |  0.84
        5311 |  1.13 |  1.09 |  1.03 |  0.88 |  0.98 |  1.05 |  0.84
        5311 |  1.13 |  1.09 |  1.03 |  0.88 |  0.98 |  1.05 |  0.84
        5311 |  1.13 |  1.09 |  1.03 |  0.88 |  0.98 |  1.05 |  0.84
        5311 |  1.13 |  1.09 |  1.03 |  0.88 |  0.98 |  1.05 |  0.84
        5311 |  1.13 |  1.09 |  1.03 |  0.88 |  0.98 |  1.05 |  0.84
        5311 |  1.13 |  1.09 |  1.03 |  0.88 |  0.98 |  1.05 |  0.84
        5311 |  1.13 |  1.09 |  1.03 |  0.88 |  0.98 |  1.05 |  0.84
        5311 |  1.13 |  1.09 |  1.03 |  0.88 |  0.98 |  1.05 |  0.84
        5311 |  1.13 |  1.09 |  1.03 |  0.88 |  0.98 |  1.05 |  0.84
        5311 |  1.13 |  1.09 |  1.03 |  0.88 |  0.98 |  1.05 |  0.84
        5311 |  1.13 |  1.09 |  1.03 |  0.88 |  0.98 |  1.05 |  0.84
        5311 |  1.13 |  1.09 |  1.03 |  0.88 |  0.98 |  1.05 |  0.84
        5311 |  1.13 |  1.09 |  1.03 |  0.88 |  0.98 |  1.05 |  0.84
        5311 |  1.13 |  1.09 |  1.03 |  0.88 |  0.98 |  1.05 |  0.84
        5311 |  1.13 |  1.09 |  1.03 |  0.88 |  0.98 |  1.05 |  0.84
        5311 |  1.13 |  1.09 |  1.03 |  0.88 |  0.98 |  1.05 |  0.84
        5311 |  1.13 |  1.09 |  1.03 |  0.88 |  0.98 |  1.05 |  0.84
        5311 |  1.13 |  1.09 |  1.03 |  0.88 |  0.98 |  1.05 |  0.84
        5311 |  1.13 |  1.09 |  1.03 |  0.88 |  0.98 |  1.05 |  0.84
        5311 |  1.13 |  1.09 |  1.03 |  0.88 |  0.98 |  1.05 |  0.84
        5311 |  1.13 |  1.09 |  1.03 |  0.88 |  0.98 |  1.05 |  0.84
        5311 |  1.13 |  1.09 |  1.03 |  0.88 |  0.98 |  1.05 |  0.84
        5311 |  1.13 |  1.09 |  1.03 |  0.88 |  0.98 |  1.05 |  0.84
        5311 |  1.13 |  1.09 |  1.03 |  0.88 |  0.98 |  1.05 |  0.84
        5311 |  1.13 |  1.09 |  1.03 |  0.88 |  0.98 |  1.05 |  0.84
        5311 |  1.13 |  1.09 |  1.03 |  0.88 |  0.98 |  1.05 |  0.84
        5311 |  1.13 |  1.09 |  1.03 |  0.88 |  0.98 |  1.05 |  0.84
        5311 |  1.13 |  1.09 |  1.03 |  0.88 |  0.98 |  1.05 |  0.84
        5311 |  1.13 |  1.09 |  1.03 |  0.88 |  0.98 |  1.05 |  0.84
        5311 |  1.13 |  1.09 |  1.03 |  0.88 |  0.98 |  1.05 |  0.84
        5311 |  1.13 |  1.09 |  1.03 |  0.88 |  0.98 |  1.05 |  0.84
        5311 |  1.13 |  1.09 |  1.03 |  0.88 |  0.98 |  1.05 |  0.84
        5312 |  0.96 |  1.08 |  1.05 |  1.12 |  1.00 |  1.07 |  1.09
        5312 |  0.96 |  1.08 |  1.05 |  1.12 |  1.00 |  1.07 |  1.09
        5312 |  0.96 |  1.08 |  1.05 |  1.12 |  1.00 |  1.07 |  1.09
        5312 |  0.96 |  1.08 |  1.05 |  1.12 |  1.00 |  1.07 |  1.09
        5312 |  0.96 |  1.08 |  1.05 |  1.12 |  1.00 |  1.07 |  1.09
        5312 |  0.96 |  1.08 |  1.05 |  1.12 |  1.00 |  1.07 |  1.09
        5312 |  0.96 |  1.08 |  1.05 |  1.12 |  1.00 |  1.07 |  1.09
        5312 |  0.96 |  1.08 |  1.05 |  1.12 |  1.00 |  1.07 |  1.09
        5312 |  0.96 |  1.08 |  1.05 |  1.12 |  1.00 |  1.07 |  1.09
        5312 |  0.96 |  1.08 |  1.05 |  1.12 |  1.00 |  1.07 |  1.09
        5312 |  0.96 |  1.08 |  1.05 |  1.12 |  1.00 |  1.07 |  1.09
        5312 |  0.96 |  1.08 |  1.05 |  1.12 |  1.00 |  1.07 |  1.09
        5312 |  0.96 |  1.08 |  1.05 |  1.12 |  1.00 |  1.07 |  1.09
        5312 |  0.96 |  1.08 |  1.05 |  1.12 |  1.00 |  1.07 |  1.09
        5312 |  0.96 |  1.08 |  1.05 |  1.12 |  1.00 |  1.07 |  1.09
        5312 |  0.96 |  1.08 |  1.05 |  1.12 |  1.00 |  1.07 |  1.09
        5312 |  0.96 |  1.08 |  1.05 |  1.12 |  1.00 |  1.07 |  1.09
        5312 |  0.96 |  1.08 |  1.05 |  1.12 |  1.00 |  1.07 |  1.09
        5312 |  0.96 |  1.08 |  1.05 |  1.12 |  1.00 |  1.07 |  1.09
        5312 |  0.96 |  1.08 |  1.05 |  1.12 |  1.00 |  1.07 |  1.09
        5312 |  0.96 |  1.08 |  1.05 |  1.12 |  1.00 |  1.07 |  1.09
        5312 |  0.96 |  1.08 |  1.05 |  1.12 |  1.00 |  1.07 |  1.09
        5312 |  0.96 |  1.08 |  1.05 |  1.12 |  1.00 |  1.07 |  1.09
        5312 |  0.96 |  1.08 |  1.05 |  1.12 |  1.00 |  1.07 |  1.09
        5312 |  0.96 |  1.08 |  1.05 |  1.12 |  1.00 |  1.07 |  1.09
        5312 |  0.96 |  1.08 |  1.05 |  1.12 |  1.00 |  1.07 |  1.09
        5312 |  0.96 |  1.08 |  1.05 |  1.12 |  1.00 |  1.07 |  1.09
        5312 |  0.96 |  1.08 |  1.05 |  1.12 |  1.00 |  1.07 |  1.09
        5312 |  0.96 |  1.08 |  1.05 |  1.12 |  1.00 |  1.07 |  1.09
        5312 |  0.96 |  1.08 |  1.05 |  1.12 |  1.00 |  1.07 |  1.09
        5312 |  0.96 |  1.08 |  1.05 |  1.12 |  1.00 |  1.07 |  1.09
        5312 |  0.96 |  1.08 |  1.05 |  1.12 |  1.00 |  1.07 |  1.09
        5312 |  0.96 |  1.08 |  1.05 |  1.12 |  1.00 |  1.07 |  1.09
        5312 |  0.96 |  1.08 |  1.05 |  1.12 |  1.00 |  1.07 |  1.09
        5312 |  0.96 |  1.08 |  1.05 |  1.12 |  1.00 |  1.07 |  1.09
        5312 |  0.96 |  1.08 |  1.05 |  1.12 |  1.00 |  1.07 |  1.09
        5312 |  0.96 |  1.08 |  1.05 |  1.12 |  1.00 |  1.07 |  1.09
        5312 |  0.96 |  1.08 |  1.05 |  1.12 |  1.00 |  1.07 |  1.09
        5312 |  0.96 |  1.08 |  1.05 |  1.12 |  1.00 |  1.07 |  1.09
        5312 |  0.96 |  1.08 |  1.05 |  1.12 |  1.00 |  1.07 |  1.09
        5312 |  0.96 |  1.08 |  1.05 |  1.12 |  1.00 |  1.07 |  1.09
        5312 |  0.96 |  1.08 |  1.05 |  1.12 |  1.00 |  1.07 |  1.09
        5312 |  0.96 |  1.08 |  1.05 |  1.12 |  1.00 |  1.07 |  1.09
        5312 |  0.96 |  1.08 |  1.05 |  1.12 |  1.00 |  1.07 |  1.09
        5312 |  0.96 |  1.08 |  1.05 |  1.12 |  1.00 |  1.07 |  1.09
        5312 |  0.96 |  1.08 |  1.05 |  1.12 |  1.00 |  1.07 |  1.09
        5312 |  0.96 |  1.08 |  1.05 |  1.12 |  1.00 |  1.07 |  1.09
        5312 |  0.96 |  1.08 |  1.05 |  1.12 |  1.00 |  1.07 |  1.09
        5312 |  0.96 |  1.08 |  1.05 |  1.12 |  1.00 |  1.07 |  1.09
        5313 |  0.64 |  0.58 |  0.98 |  0.86 |  1.06 |  1.19 |  0.74
        5313 |  0.64 |  0.58 |  0.98 |  0.86 |  1.06 |  1.19 |  0.74
        5313 |  0.64 |  0.58 |  0.98 |  0.86 |  1.06 |  1.19 |  0.74
        5313 |  0.64 |  0.58 |  0.98 |  0.86 |  1.06 |  1.19 |  0.74
        5313 |  0.64 |  0.58 |  0.98 |  0.86 |  1.06 |  1.19 |  0.74
        5313 |  0.64 |  0.58 |  0.98 |  0.86 |  1.06 |  1.19 |  0.74
        5313 |  0.64 |  0.58 |  0.98 |  0.86 |  1.06 |  1.19 |  0.74
        5313 |  0.64 |  0.58 |  0.98 |  0.86 |  1.06 |  1.19 |  0.74
        5313 |  0.64 |  0.58 |  0.98 |  0.86 |  1.06 |  1.19 |  0.74
        5313 |  0.64 |  0.58 |  0.98 |  0.86 |  1.06 |  1.19 |  0.74
        5313 |  0.64 |  0.58 |  0.98 |  0.86 |  1.06 |  1.19 |  0.74
        5313 |  0.64 |  0.58 |  0.98 |  0.86 |  1.06 |  1.19 |  0.74
        5313 |  0.64 |  0.58 |  0.98 |  0.86 |  1.06 |  1.19 |  0.74
        5313 |  0.64 |  0.58 |  0.98 |  0.86 |  1.06 |  1.19 |  0.74
        5313 |  0.64 |  0.58 |  0.98 |  0.86 |  1.06 |  1.19 |  0.74
        5313 |  0.64 |  0.58 |  0.98 |  0.86 |  1.06 |  1.19 |  0.74
        5313 |  0.64 |  0.58 |  0.98 |  0.86 |  1.06 |  1.19 |  0.74
        5313 |  0.64 |  0.58 |  0.98 |  0.86 |  1.06 |  1.19 |  0.74
        5313 |  0.64 |  0.58 |  0.98 |  0.86 |  1.06 |  1.19 |  0.74
        5313 |  0.64 |  0.58 |  0.98 |  0.86 |  1.06 |  1.19 |  0.74
        5313 |  0.64 |  0.58 |  0.98 |  0.86 |  1.06 |  1.19 |  0.74
        5313 |  0.64 |  0.58 |  0.98 |  0.86 |  1.06 |  1.19 |  0.74
        5313 |  0.64 |  0.58 |  0.98 |  0.86 |  1.06 |  1.19 |  0.74
        5313 |  0.64 |  0.58 |  0.98 |  0.86 |  1.06 |  1.19 |  0.74
        5313 |  0.64 |  0.58 |  0.98 |  0.86 |  1.06 |  1.19 |  0.74
        5313 |  0.64 |  0.58 |  0.98 |  0.86 |  1.06 |  1.19 |  0.74
        5313 |  0.64 |  0.58 |  0.98 |  0.86 |  1.06 |  1.19 |  0.74
        5313 |  0.64 |  0.58 |  0.98 |  0.86 |  1.06 |  1.19 |  0.74
        5313 |  0.64 |  0.58 |  0.98 |  0.86 |  1.06 |  1.19 |  0.74
        5313 |  0.64 |  0.58 |  0.98 |  0.86 |  1.06 |  1.19 |  0.74
        5313 |  0.64 |  0.58 |  0.98 |  0.86 |  1.06 |  1.19 |  0.74
        5313 |  0.64 |  0.58 |  0.98 |  0.86 |  1.06 |  1.19 |  0.74
        5313 |  0.64 |  0.58 |  0.98 |  0.86 |  1.06 |  1.19 |  0.74
        5313 |  0.64 |  0.58 |  0.98 |  0.86 |  1.06 |  1.19 |  0.74
        5313 |  0.64 |  0.58 |  0.98 |  0.86 |  1.06 |  1.19 |  0.74
        5313 |  0.64 |  0.58 |  0.98 |  0.86 |  1.06 |  1.19 |  0.74
        5313 |  0.64 |  0.58 |  0.98 |  0.86 |  1.06 |  1.19 |  0.74
        5313 |  0.64 |  0.58 |  0.98 |  0.86 |  1.06 |  1.19 |  0.74
        5313 |  0.64 |  0.58 |  0.98 |  0.86 |  1.06 |  1.19 |  0.74
        5313 |  0.64 |  0.58 |  0.98 |  0.86 |  1.06 |  1.19 |  0.74
        5313 |  0.64 |  0.58 |  0.98 |  0.86 |  1.06 |  1.19 |  0.74
        5313 |  0.64 |  0.58 |  0.98 |  0.86 |  1.06 |  1.19 |  0.74
        5313 |  0.64 |  0.58 |  0.98 |  0.86 |  1.06 |  1.19 |  0.74
        5313 |  0.64 |  0.58 |  0.98 |  0.86 |  1.06 |  1.19 |  0.74
        5313 |  0.64 |  0.58 |  0.98 |  0.86 |  1.06 |  1.19 |  0.74
        5313 |  0.64 |  0.58 |  0.98 |  0.86 |  1.06 |  1.19 |  0.74
        5313 |  0.64 |  0.58 |  0.98 |  0.86 |  1.06 |  1.19 |  0.74
        5313 |  0.64 |  0.58 |  0.98 |  0.86 |  1.06 |  1.19 |  0.74
        5313 |  0.64 |  0.58 |  0.98 |  0.86 |  1.06 |  1.19 |  0.74
        5314 |  1.02 |  1.02 |  0.60 |  0.73 |  0.61 |  0.91 |  0.84
        5314 |  1.02 |  1.02 |  0.60 |  0.73 |  0.61 |  0.91 |  0.84
        5314 |  1.02 |  1.02 |  0.60 |  0.73 |  0.61 |  0.91 |  0.84
        5314 |  1.02 |  1.02 |  0.60 |  0.73 |  0.61 |  0.91 |  0.84
        5314 |  1.02 |  1.02 |  0.60 |  0.73 |  0.61 |  0.91 |  0.84
        5314 |  1.02 |  1.02 |  0.60 |  0.73 |  0.61 |  0.91 |  0.84
        5314 |  1.02 |  1.02 |  0.60 |  0.73 |  0.61 |  0.91 |  0.84
        5314 |  1.02 |  1.02 |  0.60 |  0.73 |  0.61 |  0.91 |  0.84
        5314 |  1.02 |  1.02 |  0.60 |  0.73 |  0.61 |  0.91 |  0.84
        5314 |  1.02 |  1.02 |  0.60 |  0.73 |  0.61 |  0.91 |  0.84
        5314 |  1.02 |  1.02 |  0.60 |  0.73 |  0.61 |  0.91 |  0.84
        5314 |  1.02 |  1.02 |  0.60 |  0.73 |  0.61 |  0.91 |  0.84
        5314 |  1.02 |  1.02 |  0.60 |  0.73 |  0.61 |  0.91 |  0.84
        5314 |  1.02 |  1.02 |  0.60 |  0.73 |  0.61 |  0.91 |  0.84
        5314 |  1.02 |  1.02 |  0.60 |  0.73 |  0.61 |  0.91 |  0.84
        5314 |  1.02 |  1.02 |  0.60 |  0.73 |  0.61 |  0.91 |  0.84
        5314 |  1.02 |  1.02 |  0.60 |  0.73 |  0.61 |  0.91 |  0.84
        5314 |  1.02 |  1.02 |  0.60 |  0.73 |  0.61 |  0.91 |  0.84
        5314 |  1.02 |  1.02 |  0.60 |  0.73 |  0.61 |  0.91 |  0.84
        5314 |  1.02 |  1.02 |  0.60 |  0.73 |  0.61 |  0.91 |  0.84
        5314 |  1.02 |  1.02 |  0.60 |  0.73 |  0.61 |  0.91 |  0.84
        5314 |  1.02 |  1.02 |  0.60 |  0.73 |  0.61 |  0.91 |  0.84
        5314 |  1.02 |  1.02 |  0.60 |  0.73 |  0.61 |  0.91 |  0.84
        5314 |  1.02 |  1.02 |  0.60 |  0.73 |  0.61 |  0.91 |  0.84
        5314 |  1.02 |  1.02 |  0.60 |  0.73 |  0.61 |  0.91 |  0.84
        5314 |  1.02 |  1.02 |  0.60 |  0.73 |  0.61 |  0.91 |  0.84
        5314 |  1.02 |  1.02 |  0.60 |  0.73 |  0.61 |  0.91 |  0.84
        5314 |  1.02 |  1.02 |  0.60 |  0.73 |  0.61 |  0.91 |  0.84
        5314 |  1.02 |  1.02 |  0.60 |  0.73 |  0.61 |  0.91 |  0.84
        5314 |  1.02 |  1.02 |  0.60 |  0.73 |  0.61 |  0.91 |  0.84
        5314 |  1.02 |  1.02 |  0.60 |  0.73 |  0.61 |  0.91 |  0.84
        5314 |  1.02 |  1.02 |  0.60 |  0.73 |  0.61 |  0.91 |  0.84
        5314 |  1.02 |  1.02 |  0.60 |  0.73 |  0.61 |  0.91 |  0.84
        5314 |  1.02 |  1.02 |  0.60 |  0.73 |  0.61 |  0.91 |  0.84
        5314 |  1.02 |  1.02 |  0.60 |  0.73 |  0.61 |  0.91 |  0.84
        5314 |  1.02 |  1.02 |  0.60 |  0.73 |  0.61 |  0.91 |  0.84
        5314 |  1.02 |  1.02 |  0.60 |  0.73 |  0.61 |  0.91 |  0.84
        5314 |  1.02 |  1.02 |  0.60 |  0.73 |  0.61 |  0.91 |  0.84
        5314 |  1.02 |  1.02 |  0.60 |  0.73 |  0.61 |  0.91 |  0.84
        5314 |  1.02 |  1.02 |  0.60 |  0.73 |  0.61 |  0.91 |  0.84
        5314 |  1.02 |  1.02 |  0.60 |  0.73 |  0.61 |  0.91 |  0.84
        5314 |  1.02 |  1.02 |  0.60 |  0.73 |  0.61 |  0.91 |  0.84
        5314 |  1.02 |  1.02 |  0.60 |  0.73 |  0.61 |  0.91 |  0.84
        5314 |  1.02 |  1.02 |  0.60 |  0.73 |  0.61 |  0.91 |  0.84
        5314 |  1.02 |  1.02 |  0.60 |  0.73 |  0.61 |  0.91 |  0.84
        5314 |  1.02 |  1.02 |  0.60 |  0.73 |  0.61 |  0.91 |  0.84
        5314 |  1.02 |  1.02 |  0.60 |  0.73 |  0.61 |  0.91 |  0.84
        5314 |  1.02 |  1.02 |  0.60 |  0.73 |  0.61 |  0.91 |  0.84
        5314 |  1.02 |  1.02 |  0.60 |  0.73 |  0.61 |  0.91 |  0.84
        5315 |  1.06 |  0.95 |  0.93 |  0.97 |  1.10 |  0.99 |  1.02
        5315 |  1.06 |  0.95 |  0.93 |  0.97 |  1.10 |  0.99 |  1.02
        5315 |  1.06 |  0.95 |  0.93 |  0.97 |  1.10 |  0.99 |  1.02
        5315 |  1.06 |  0.95 |  0.93 |  0.97 |  1.10 |  0.99 |  1.02
        5315 |  1.06 |  0.95 |  0.93 |  0.97 |  1.10 |  0.99 |  1.02
        5315 |  1.06 |  0.95 |  0.93 |  0.97 |  1.10 |  0.99 |  1.02
        5315 |  1.06 |  0.95 |  0.93 |  0.97 |  1.10 |  0.99 |  1.02
        5315 |  1.06 |  0.95 |  0.93 |  0.97 |  1.10 |  0.99 |  1.02
        5315 |  1.06 |  0.95 |  0.93 |  0.97 |  1.10 |  0.99 |  1.02
        5315 |  1.06 |  0.95 |  0.93 |  0.97 |  1.10 |  0.99 |  1.02
        5315 |  1.06 |  0.95 |  0.93 |  0.97 |  1.10 |  0.99 |  1.02
        5315 |  1.06 |  0.95 |  0.93 |  0.97 |  1.10 |  0.99 |  1.02
        5315 |  1.06 |  0.95 |  0.93 |  0.97 |  1.10 |  0.99 |  1.02
        5315 |  1.06 |  0.95 |  0.93 |  0.97 |  1.10 |  0.99 |  1.02
        5315 |  1.06 |  0.95 |  0.93 |  0.97 |  1.10 |  0.99 |  1.02
        5315 |  1.06 |  0.95 |  0.93 |  0.97 |  1.10 |  0.99 |  1.02
        5315 |  1.06 |  0.95 |  0.93 |  0.97 |  1.10 |  0.99 |  1.02
        5315 |  1.06 |  0.95 |  0.93 |  0.97 |  1.10 |  0.99 |  1.02
        5315 |  1.06 |  0.95 |  0.93 |  0.97 |  1.10 |  0.99 |  1.02
        5315 |  1.06 |  0.95 |  0.93 |  0.97 |  1.10 |  0.99 |  1.02
        5315 |  1.06 |  0.95 |  0.93 |  0.97 |  1.10 |  0.99 |  1.02
        5315 |  1.06 |  0.95 |  0.93 |  0.97 |  1.10 |  0.99 |  1.02
        5315 |  1.06 |  0.95 |  0.93 |  0.97 |  1.10 |  0.99 |  1.02
        5315 |  1.06 |  0.95 |  0.93 |  0.97 |  1.10 |  0.99 |  1.02
        5315 |  1.06 |  0.95 |  0.93 |  0.97 |  1.10 |  0.99 |  1.02
        5315 |  1.06 |  0.95 |  0.93 |  0.97 |  1.10 |  0.99 |  1.02
        5315 |  1.06 |  0.95 |  0.93 |  0.97 |  1.10 |  0.99 |  1.02
        5315 |  1.06 |  0.95 |  0.93 |  0.97 |  1.10 |  0.99 |  1.02
        5315 |  1.06 |  0.95 |  0.93 |  0.97 |  1.10 |  0.99 |  1.02
        5315 |  1.06 |  0.95 |  0.93 |  0.97 |  1.10 |  0.99 |  1.02
        5315 |  1.06 |  0.95 |  0.93 |  0.97 |  1.10 |  0.99 |  1.02
        5315 |  1.06 |  0.95 |  0.93 |  0.97 |  1.10 |  0.99 |  1.02
        5315 |  1.06 |  0.95 |  0.93 |  0.97 |  1.10 |  0.99 |  1.02
        5315 |  1.06 |  0.95 |  0.93 |  0.97 |  1.10 |  0.99 |  1.02
        5315 |  1.06 |  0.95 |  0.93 |  0.97 |  1.10 |  0.99 |  1.02
        5315 |  1.06 |  0.95 |  0.93 |  0.97 |  1.10 |  0.99 |  1.02
        5315 |  1.06 |  0.95 |  0.93 |  0.97 |  1.10 |  0.99 |  1.02
        5315 |  1.06 |  0.95 |  0.93 |  0.97 |  1.10 |  0.99 |  1.02
        5315 |  1.06 |  0.95 |  0.93 |  0.97 |  1.10 |  0.99 |  1.02
        5315 |  1.06 |  0.95 |  0.93 |  0.97 |  1.10 |  0.99 |  1.02
        5315 |  1.06 |  0.95 |  0.93 |  0.97 |  1.10 |  0.99 |  1.02
        5315 |  1.06 |  0.95 |  0.93 |  0.97 |  1.10 |  0.99 |  1.02
        5315 |  1.06 |  0.95 |  0.93 |  0.97 |  1.10 |  0.99 |  1.02
        5315 |  1.06 |  0.95 |  0.93 |  0.97 |  1.10 |  0.99 |  1.02
        5315 |  1.06 |  0.95 |  0.93 |  0.97 |  1.10 |  0.99 |  1.02
        5315 |  1.06 |  0.95 |  0.93 |  0.97 |  1.10 |  0.99 |  1.02
        5315 |  1.06 |  0.95 |  0.93 |  0.97 |  1.10 |  0.99 |  1.02
        5315 |  1.06 |  0.95 |  0.93 |  0.97 |  1.10 |  0.99 |  1.02
        5315 |  1.06 |  0.95 |  0.93 |  0.97 |  1.10 |  0.99 |  1.02
        5316 |  0.97 |  1.06 |  1.02 |  1.02 |  1.02 |  1.02 |  1.11
        5316 |  0.97 |  1.06 |  1.02 |  1.02 |  1.02 |  1.02 |  1.11
        5316 |  0.97 |  1.06 |  1.02 |  1.02 |  1.02 |  1.02 |  1.11
        5316 |  0.97 |  1.06 |  1.02 |  1.02 |  1.02 |  1.02 |  1.11
        5316 |  0.97 |  1.06 |  1.02 |  1.02 |  1.02 |  1.02 |  1.11
        5316 |  0.97 |  1.06 |  1.02 |  1.02 |  1.02 |  1.02 |  1.11
        5316 |  0.97 |  1.06 |  1.02 |  1.02 |  1.02 |  1.02 |  1.11
        5316 |  0.97 |  1.06 |  1.02 |  1.02 |  1.02 |  1.02 |  1.11
        5316 |  0.97 |  1.06 |  1.02 |  1.02 |  1.02 |  1.02 |  1.11
        5316 |  0.97 |  1.06 |  1.02 |  1.02 |  1.02 |  1.02 |  1.11
        5316 |  0.97 |  1.06 |  1.02 |  1.02 |  1.02 |  1.02 |  1.11
        5316 |  0.97 |  1.06 |  1.02 |  1.02 |  1.02 |  1.02 |  1.11
        5316 |  0.97 |  1.06 |  1.02 |  1.02 |  1.02 |  1.02 |  1.11
        5316 |  0.97 |  1.06 |  1.02 |  1.02 |  1.02 |  1.02 |  1.11
        5316 |  0.97 |  1.06 |  1.02 |  1.02 |  1.02 |  1.02 |  1.11
        5316 |  0.97 |  1.06 |  1.02 |  1.02 |  1.02 |  1.02 |  1.11
        5316 |  0.97 |  1.06 |  1.02 |  1.02 |  1.02 |  1.02 |  1.11
        5316 |  0.97 |  1.06 |  1.02 |  1.02 |  1.02 |  1.02 |  1.11
        5316 |  0.97 |  1.06 |  1.02 |  1.02 |  1.02 |  1.02 |  1.11
        5316 |  0.97 |  1.06 |  1.02 |  1.02 |  1.02 |  1.02 |  1.11
        5316 |  0.97 |  1.06 |  1.02 |  1.02 |  1.02 |  1.02 |  1.11
        5316 |  0.97 |  1.06 |  1.02 |  1.02 |  1.02 |  1.02 |  1.11
        5316 |  0.97 |  1.06 |  1.02 |  1.02 |  1.02 |  1.02 |  1.11
        5316 |  0.97 |  1.06 |  1.02 |  1.02 |  1.02 |  1.02 |  1.11
        5316 |  0.97 |  1.06 |  1.02 |  1.02 |  1.02 |  1.02 |  1.11
        5316 |  0.97 |  1.06 |  1.02 |  1.02 |  1.02 |  1.02 |  1.11
        5316 |  0.97 |  1.06 |  1.02 |  1.02 |  1.02 |  1.02 |  1.11
        5316 |  0.97 |  1.06 |  1.02 |  1.02 |  1.02 |  1.02 |  1.11
        5316 |  0.97 |  1.06 |  1.02 |  1.02 |  1.02 |  1.02 |  1.11
        5316 |  0.97 |  1.06 |  1.02 |  1.02 |  1.02 |  1.02 |  1.11
        5316 |  0.97 |  1.06 |  1.02 |  1.02 |  1.02 |  1.02 |  1.11
        5316 |  0.97 |  1.06 |  1.02 |  1.02 |  1.02 |  1.02 |  1.11
        5316 |  0.97 |  1.06 |  1.02 |  1.02 |  1.02 |  1.02 |  1.11
        5316 |  0.97 |  1.06 |  1.02 |  1.02 |  1.02 |  1.02 |  1.11
        5316 |  0.97 |  1.06 |  1.02 |  1.02 |  1.02 |  1.02 |  1.11
        5316 |  0.97 |  1.06 |  1.02 |  1.02 |  1.02 |  1.02 |  1.11
        5316 |  0.97 |  1.06 |  1.02 |  1.02 |  1.02 |  1.02 |  1.11
        5316 |  0.97 |  1.06 |  1.02 |  1.02 |  1.02 |  1.02 |  1.11
        5316 |  0.97 |  1.06 |  1.02 |  1.02 |  1.02 |  1.02 |  1.11
        5316 |  0.97 |  1.06 |  1.02 |  1.02 |  1.02 |  1.02 |  1.11
        5316 |  0.97 |  1.06 |  1.02 |  1.02 |  1.02 |  1.02 |  1.11
        5316 |  0.97 |  1.06 |  1.02 |  1.02 |  1.02 |  1.02 |  1.11
        5316 |  0.97 |  1.06 |  1.02 |  1.02 |  1.02 |  1.02 |  1.11
        5316 |  0.97 |  1.06 |  1.02 |  1.02 |  1.02 |  1.02 |  1.11
        5316 |  0.97 |  1.06 |  1.02 |  1.02 |  1.02 |  1.02 |  1.11
        5316 |  0.97 |  1.06 |  1.02 |  1.02 |  1.02 |  1.02 |  1.11
        5316 |  0.97 |  1.06 |  1.02 |  1.02 |  1.02 |  1.02 |  1.11
        5316 |  0.97 |  1.06 |  1.02 |  1.02 |  1.02 |  1.02 |  1.11
        5316 |  0.97 |  1.06 |  1.02 |  1.02 |  1.02 |  1.02 |  1.11
        5317 |  1.12 |  1.11 |  1.06 |  1.07 |  0.96 |       |  0.01
        5317 |  1.12 |  1.11 |  1.06 |  1.07 |  0.96 |       |  0.01
        5317 |  1.12 |  1.11 |  1.06 |  1.07 |  0.96 |       |  0.01
        5317 |  1.12 |  1.11 |  1.06 |  1.07 |  0.96 |       |  0.01
        5317 |  1.12 |  1.11 |  1.06 |  1.07 |  0.96 |       |  0.01
        5317 |  1.12 |  1.11 |  1.06 |  1.07 |  0.96 |       |  0.01
        5317 |  1.12 |  1.11 |  1.06 |  1.07 |  0.96 |       |  0.01
        5317 |  1.12 |  1.11 |  1.06 |  1.07 |  0.96 |       |  0.01
        5317 |  1.12 |  1.11 |  1.06 |  1.07 |  0.96 |       |  0.01
        5317 |  1.12 |  1.11 |  1.06 |  1.07 |  0.96 |       |  0.01
        5317 |  1.12 |  1.11 |  1.06 |  1.07 |  0.96 |       |  0.01
        5317 |  1.12 |  1.11 |  1.06 |  1.07 |  0.96 |       |  0.01
        5317 |  1.12 |  1.11 |  1.06 |  1.07 |  0.96 |       |  0.01
        5317 |  1.12 |  1.11 |  1.06 |  1.07 |  0.96 |       |  0.01
        5317 |  1.12 |  1.11 |  1.06 |  1.07 |  0.96 |       |  0.01
        5317 |  1.12 |  1.11 |  1.06 |  1.07 |  0.96 |       |  0.01
        5317 |  1.12 |  1.11 |  1.06 |  1.07 |  0.96 |       |  0.01
        5317 |  1.12 |  1.11 |  1.06 |  1.07 |  0.96 |       |  0.01
        5317 |  1.12 |  1.11 |  1.06 |  1.07 |  0.96 |       |  0.01
        5317 |  1.12 |  1.11 |  1.06 |  1.07 |  0.96 |       |  0.01
        5317 |  1.12 |  1.11 |  1.06 |  1.07 |  0.96 |       |  0.01
        5317 |  1.12 |  1.11 |  1.06 |  1.07 |  0.96 |       |  0.01
        5317 |  1.12 |  1.11 |  1.06 |  1.07 |  0.96 |       |  0.01
        5317 |  1.12 |  1.11 |  1.06 |  1.07 |  0.96 |       |  0.01
        5317 |  1.12 |  1.11 |  1.06 |  1.07 |  0.96 |       |  0.01
        5317 |  1.12 |  1.11 |  1.06 |  1.07 |  0.96 |       |  0.01
        5317 |  1.12 |  1.11 |  1.06 |  1.07 |  0.96 |       |  0.01
        5317 |  1.12 |  1.11 |  1.06 |  1.07 |  0.96 |       |  0.01
        5317 |  1.12 |  1.11 |  1.06 |  1.07 |  0.96 |       |  0.01
        5317 |  1.12 |  1.11 |  1.06 |  1.07 |  0.96 |       |  0.01
        5317 |  1.12 |  1.11 |  1.06 |  1.07 |  0.96 |       |  0.01
        5317 |  1.12 |  1.11 |  1.06 |  1.07 |  0.96 |       |  0.01
        5317 |  1.12 |  1.11 |  1.06 |  1.07 |  0.96 |       |  0.01
        5317 |  1.12 |  1.11 |  1.06 |  1.07 |  0.96 |       |  0.01
        5317 |  1.12 |  1.11 |  1.06 |  1.07 |  0.96 |       |  0.01
        5317 |  1.12 |  1.11 |  1.06 |  1.07 |  0.96 |       |  0.01
        5317 |  1.12 |  1.11 |  1.06 |  1.07 |  0.96 |       |  0.01
        5317 |  1.12 |  1.11 |  1.06 |  1.07 |  0.96 |       |  0.01
        5317 |  1.12 |  1.11 |  1.06 |  1.07 |  0.96 |       |  0.01
        5317 |  1.12 |  1.11 |  1.06 |  1.07 |  0.96 |       |  0.01
        5317 |  1.12 |  1.11 |  1.06 |  1.07 |  0.96 |       |  0.01
        5317 |  1.12 |  1.11 |  1.06 |  1.07 |  0.96 |       |  0.01
        5317 |  1.12 |  1.11 |  1.06 |  1.07 |  0.96 |       |  0.01
        5317 |  1.12 |  1.11 |  1.06 |  1.07 |  0.96 |       |  0.01
        5317 |  1.12 |  1.11 |  1.06 |  1.07 |  0.96 |       |  0.01
        5317 |  1.12 |  1.11 |  1.06 |  1.07 |  0.96 |       |  0.01
        5317 |  1.12 |  1.11 |  1.06 |  1.07 |  0.96 |       |  0.01
        5317 |  1.12 |  1.11 |  1.06 |  1.07 |  0.96 |       |  0.01
        5317 |  1.12 |  1.11 |  1.06 |  1.07 |  0.96 |       |  0.01
        5318 |  1.08 |  1.00 |  1.06 |  0.91 |  1.01 |  1.03 |  0.94
        5318 |  1.08 |  1.00 |  1.06 |  0.91 |  1.01 |  1.03 |  0.94
        5318 |  1.08 |  1.00 |  1.06 |  0.91 |  1.01 |  1.03 |  0.94
        5318 |  1.08 |  1.00 |  1.06 |  0.91 |  1.01 |  1.03 |  0.94
        5318 |  1.08 |  1.00 |  1.06 |  0.91 |  1.01 |  1.03 |  0.94
        5318 |  1.08 |  1.00 |  1.06 |  0.91 |  1.01 |  1.03 |  0.94
        5318 |  1.08 |  1.00 |  1.06 |  0.91 |  1.01 |  1.03 |  0.94
        5318 |  1.08 |  1.00 |  1.06 |  0.91 |  1.01 |  1.03 |  0.94
        5318 |  1.08 |  1.00 |  1.06 |  0.91 |  1.01 |  1.03 |  0.94
        5318 |  1.08 |  1.00 |  1.06 |  0.91 |  1.01 |  1.03 |  0.94
        5318 |  1.08 |  1.00 |  1.06 |  0.91 |  1.01 |  1.03 |  0.94
        5318 |  1.08 |  1.00 |  1.06 |  0.91 |  1.01 |  1.03 |  0.94
        5318 |  1.08 |  1.00 |  1.06 |  0.91 |  1.01 |  1.03 |  0.94
        5318 |  1.08 |  1.00 |  1.06 |  0.91 |  1.01 |  1.03 |  0.94
        5318 |  1.08 |  1.00 |  1.06 |  0.91 |  1.01 |  1.03 |  0.94
        5318 |  1.08 |  1.00 |  1.06 |  0.91 |  1.01 |  1.03 |  0.94
        5318 |  1.08 |  1.00 |  1.06 |  0.91 |  1.01 |  1.03 |  0.94
        5318 |  1.08 |  1.00 |  1.06 |  0.91 |  1.01 |  1.03 |  0.94
        5318 |  1.08 |  1.00 |  1.06 |  0.91 |  1.01 |  1.03 |  0.94
        5318 |  1.08 |  1.00 |  1.06 |  0.91 |  1.01 |  1.03 |  0.94
        5318 |  1.08 |  1.00 |  1.06 |  0.91 |  1.01 |  1.03 |  0.94
        5318 |  1.08 |  1.00 |  1.06 |  0.91 |  1.01 |  1.03 |  0.94
        5318 |  1.08 |  1.00 |  1.06 |  0.91 |  1.01 |  1.03 |  0.94
        5318 |  1.08 |  1.00 |  1.06 |  0.91 |  1.01 |  1.03 |  0.94
        5318 |  1.08 |  1.00 |  1.06 |  0.91 |  1.01 |  1.03 |  0.94
        5318 |  1.08 |  1.00 |  1.06 |  0.91 |  1.01 |  1.03 |  0.94
        5318 |  1.08 |  1.00 |  1.06 |  0.91 |  1.01 |  1.03 |  0.94
        5318 |  1.08 |  1.00 |  1.06 |  0.91 |  1.01 |  1.03 |  0.94
        5318 |  1.08 |  1.00 |  1.06 |  0.91 |  1.01 |  1.03 |  0.94
        5318 |  1.08 |  1.00 |  1.06 |  0.91 |  1.01 |  1.03 |  0.94
        5318 |  1.08 |  1.00 |  1.06 |  0.91 |  1.01 |  1.03 |  0.94
        5318 |  1.08 |  1.00 |  1.06 |  0.91 |  1.01 |  1.03 |  0.94
        5318 |  1.08 |  1.00 |  1.06 |  0.91 |  1.01 |  1.03 |  0.94
        5318 |  1.08 |  1.00 |  1.06 |  0.91 |  1.01 |  1.03 |  0.94
        5318 |  1.08 |  1.00 |  1.06 |  0.91 |  1.01 |  1.03 |  0.94
        5318 |  1.08 |  1.00 |  1.06 |  0.91 |  1.01 |  1.03 |  0.94
        5318 |  1.08 |  1.00 |  1.06 |  0.91 |  1.01 |  1.03 |  0.94
        5318 |  1.08 |  1.00 |  1.06 |  0.91 |  1.01 |  1.03 |  0.94
        5318 |  1.08 |  1.00 |  1.06 |  0.91 |  1.01 |  1.03 |  0.94
        5318 |  1.08 |  1.00 |  1.06 |  0.91 |  1.01 |  1.03 |  0.94
        5318 |  1.08 |  1.00 |  1.06 |  0.91 |  1.01 |  1.03 |  0.94
        5318 |  1.08 |  1.00 |  1.06 |  0.91 |  1.01 |  1.03 |  0.94
        5318 |  1.08 |  1.00 |  1.06 |  0.91 |  1.01 |  1.03 |  0.94
        5318 |  1.08 |  1.00 |  1.06 |  0.91 |  1.01 |  1.03 |  0.94
        5318 |  1.08 |  1.00 |  1.06 |  0.91 |  1.01 |  1.03 |  0.94
        5318 |  1.08 |  1.00 |  1.06 |  0.91 |  1.01 |  1.03 |  0.94
        5318 |  1.08 |  1.00 |  1.06 |  0.91 |  1.01 |  1.03 |  0.94
        5318 |  1.08 |  1.00 |  1.06 |  0.91 |  1.01 |  1.03 |  0.94
        5318 |  1.08 |  1.00 |  1.06 |  0.91 |  1.01 |  1.03 |  0.94
        5319 |  0.90 |  0.91 |  0.94 |  1.01 |  1.02 |  1.01 |  0.97
        5319 |  0.90 |  0.91 |  0.94 |  1.01 |  1.02 |  1.01 |  0.97
        5319 |  0.90 |  0.91 |  0.94 |  1.01 |  1.02 |  1.01 |  0.97
        5319 |  0.90 |  0.91 |  0.94 |  1.01 |  1.02 |  1.01 |  0.97
        5319 |  0.90 |  0.91 |  0.94 |  1.01 |  1.02 |  1.01 |  0.97
        5319 |  0.90 |  0.91 |  0.94 |  1.01 |  1.02 |  1.01 |  0.97
        5319 |  0.90 |  0.91 |  0.94 |  1.01 |  1.02 |  1.01 |  0.97
        5319 |  0.90 |  0.91 |  0.94 |  1.01 |  1.02 |  1.01 |  0.97
        5319 |  0.90 |  0.91 |  0.94 |  1.01 |  1.02 |  1.01 |  0.97
        5319 |  0.90 |  0.91 |  0.94 |  1.01 |  1.02 |  1.01 |  0.97
        5319 |  0.90 |  0.91 |  0.94 |  1.01 |  1.02 |  1.01 |  0.97
        5319 |  0.90 |  0.91 |  0.94 |  1.01 |  1.02 |  1.01 |  0.97
        5319 |  0.90 |  0.91 |  0.94 |  1.01 |  1.02 |  1.01 |  0.97
        5319 |  0.90 |  0.91 |  0.94 |  1.01 |  1.02 |  1.01 |  0.97
        5319 |  0.90 |  0.91 |  0.94 |  1.01 |  1.02 |  1.01 |  0.97
        5319 |  0.90 |  0.91 |  0.94 |  1.01 |  1.02 |  1.01 |  0.97
        5319 |  0.90 |  0.91 |  0.94 |  1.01 |  1.02 |  1.01 |  0.97
        5319 |  0.90 |  0.91 |  0.94 |  1.01 |  1.02 |  1.01 |  0.97
        5319 |  0.90 |  0.91 |  0.94 |  1.01 |  1.02 |  1.01 |  0.97
        5319 |  0.90 |  0.91 |  0.94 |  1.01 |  1.02 |  1.01 |  0.97
        5319 |  0.90 |  0.91 |  0.94 |  1.01 |  1.02 |  1.01 |  0.97
        5319 |  0.90 |  0.91 |  0.94 |  1.01 |  1.02 |  1.01 |  0.97
        5319 |  0.90 |  0.91 |  0.94 |  1.01 |  1.02 |  1.01 |  0.97
        5319 |  0.90 |  0.91 |  0.94 |  1.01 |  1.02 |  1.01 |  0.97
        5319 |  0.90 |  0.91 |  0.94 |  1.01 |  1.02 |  1.01 |  0.97
        5319 |  0.90 |  0.91 |  0.94 |  1.01 |  1.02 |  1.01 |  0.97
        5319 |  0.90 |  0.91 |  0.94 |  1.01 |  1.02 |  1.01 |  0.97
        5319 |  0.90 |  0.91 |  0.94 |  1.01 |  1.02 |  1.01 |  0.97
        5319 |  0.90 |  0.91 |  0.94 |  1.01 |  1.02 |  1.01 |  0.97
        5319 |  0.90 |  0.91 |  0.94 |  1.01 |  1.02 |  1.01 |  0.97
        5319 |  0.90 |  0.91 |  0.94 |  1.01 |  1.02 |  1.01 |  0.97
        5319 |  0.90 |  0.91 |  0.94 |  1.01 |  1.02 |  1.01 |  0.97
        5319 |  0.90 |  0.91 |  0.94 |  1.01 |  1.02 |  1.01 |  0.97
        5319 |  0.90 |  0.91 |  0.94 |  1.01 |  1.02 |  1.01 |  0.97
        5319 |  0.90 |  0.91 |  0.94 |  1.01 |  1.02 |  1.01 |  0.97
        5319 |  0.90 |  0.91 |  0.94 |  1.01 |  1.02 |  1.01 |  0.97
        5319 |  0.90 |  0.91 |  0.94 |  1.01 |  1.02 |  1.01 |  0.97
        5319 |  0.90 |  0.91 |  0.94 |  1.01 |  1.02 |  1.01 |  0.97
        5319 |  0.90 |  0.91 |  0.94 |  1.01 |  1.02 |  1.01 |  0.97
        5319 |  0.90 |  0.91 |  0.94 |  1.01 |  1.02 |  1.01 |  0.97
        5319 |  0.90 |  0.91 |  0.94 |  1.01 |  1.02 |  1.01 |  0.97
        5319 |  0.90 |  0.91 |  0.94 |  1.01 |  1.02 |  1.01 |  0.97
        5319 |  0.90 |  0.91 |  0.94 |  1.01 |  1.02 |  1.01 |  0.97
        5319 |  0.90 |  0.91 |  0.94 |  1.01 |  1.02 |  1.01 |  0.97
        5319 |  0.90 |  0.91 |  0.94 |  1.01 |  1.02 |  1.01 |  0.97
        5319 |  0.90 |  0.91 |  0.94 |  1.01 |  1.02 |  1.01 |  0.97
        5319 |  0.90 |  0.91 |  0.94 |  1.01 |  1.02 |  1.01 |  0.97
        5319 |  0.90 |  0.91 |  0.94 |  1.01 |  1.02 |  1.01 |  0.97
        5319 |  0.90 |  0.91 |  0.94 |  1.01 |  1.02 |  1.01 |  0.97
        5320 |  1.02 |  1.07 |  1.00 |  1.00 |  0.99 |  1.21 |  0.94
        5320 |  1.02 |  1.07 |  1.00 |  1.00 |  0.99 |  1.21 |  0.94
        5320 |  1.02 |  1.07 |  1.00 |  1.00 |  0.99 |  1.21 |  0.94
        5320 |  1.02 |  1.07 |  1.00 |  1.00 |  0.99 |  1.21 |  0.94
        5320 |  1.02 |  1.07 |  1.00 |  1.00 |  0.99 |  1.21 |  0.94
        5320 |  1.02 |  1.07 |  1.00 |  1.00 |  0.99 |  1.21 |  0.94
        5320 |  1.02 |  1.07 |  1.00 |  1.00 |  0.99 |  1.21 |  0.94
        5320 |  1.02 |  1.07 |  1.00 |  1.00 |  0.99 |  1.21 |  0.94
        5320 |  1.02 |  1.07 |  1.00 |  1.00 |  0.99 |  1.21 |  0.94
        5320 |  1.02 |  1.07 |  1.00 |  1.00 |  0.99 |  1.21 |  0.94
        5320 |  1.02 |  1.07 |  1.00 |  1.00 |  0.99 |  1.21 |  0.94
        5320 |  1.02 |  1.07 |  1.00 |  1.00 |  0.99 |  1.21 |  0.94
        5320 |  1.02 |  1.07 |  1.00 |  1.00 |  0.99 |  1.21 |  0.94
        5320 |  1.02 |  1.07 |  1.00 |  1.00 |  0.99 |  1.21 |  0.94
        5320 |  1.02 |  1.07 |  1.00 |  1.00 |  0.99 |  1.21 |  0.94
        5320 |  1.02 |  1.07 |  1.00 |  1.00 |  0.99 |  1.21 |  0.94
        5320 |  1.02 |  1.07 |  1.00 |  1.00 |  0.99 |  1.21 |  0.94
        5320 |  1.02 |  1.07 |  1.00 |  1.00 |  0.99 |  1.21 |  0.94
        5320 |  1.02 |  1.07 |  1.00 |  1.00 |  0.99 |  1.21 |  0.94
        5320 |  1.02 |  1.07 |  1.00 |  1.00 |  0.99 |  1.21 |  0.94
        5320 |  1.02 |  1.07 |  1.00 |  1.00 |  0.99 |  1.21 |  0.94
        5320 |  1.02 |  1.07 |  1.00 |  1.00 |  0.99 |  1.21 |  0.94
        5320 |  1.02 |  1.07 |  1.00 |  1.00 |  0.99 |  1.21 |  0.94
        5320 |  1.02 |  1.07 |  1.00 |  1.00 |  0.99 |  1.21 |  0.94
        5320 |  1.02 |  1.07 |  1.00 |  1.00 |  0.99 |  1.21 |  0.94
        5320 |  1.02 |  1.07 |  1.00 |  1.00 |  0.99 |  1.21 |  0.94
        5320 |  1.02 |  1.07 |  1.00 |  1.00 |  0.99 |  1.21 |  0.94
        5320 |  1.02 |  1.07 |  1.00 |  1.00 |  0.99 |  1.21 |  0.94
        5320 |  1.02 |  1.07 |  1.00 |  1.00 |  0.99 |  1.21 |  0.94
        5320 |  1.02 |  1.07 |  1.00 |  1.00 |  0.99 |  1.21 |  0.94
        5320 |  1.02 |  1.07 |  1.00 |  1.00 |  0.99 |  1.21 |  0.94
        5320 |  1.02 |  1.07 |  1.00 |  1.00 |  0.99 |  1.21 |  0.94
        5320 |  1.02 |  1.07 |  1.00 |  1.00 |  0.99 |  1.21 |  0.94
        5320 |  1.02 |  1.07 |  1.00 |  1.00 |  0.99 |  1.21 |  0.94
        5320 |  1.02 |  1.07 |  1.00 |  1.00 |  0.99 |  1.21 |  0.94
        5320 |  1.02 |  1.07 |  1.00 |  1.00 |  0.99 |  1.21 |  0.94
        5320 |  1.02 |  1.07 |  1.00 |  1.00 |  0.99 |  1.21 |  0.94
        5320 |  1.02 |  1.07 |  1.00 |  1.00 |  0.99 |  1.21 |  0.94
        5320 |  1.02 |  1.07 |  1.00 |  1.00 |  0.99 |  1.21 |  0.94
        5320 |  1.02 |  1.07 |  1.00 |  1.00 |  0.99 |  1.21 |  0.94
        5320 |  1.02 |  1.07 |  1.00 |  1.00 |  0.99 |  1.21 |  0.94
        5320 |  1.02 |  1.07 |  1.00 |  1.00 |  0.99 |  1.21 |  0.94
        5320 |  1.02 |  1.07 |  1.00 |  1.00 |  0.99 |  1.21 |  0.94
        5320 |  1.02 |  1.07 |  1.00 |  1.00 |  0.99 |  1.21 |  0.94
        5320 |  1.02 |  1.07 |  1.00 |  1.00 |  0.99 |  1.21 |  0.94
        5320 |  1.02 |  1.07 |  1.00 |  1.00 |  0.99 |  1.21 |  0.94
        5320 |  1.02 |  1.07 |  1.00 |  1.00 |  0.99 |  1.21 |  0.94
        5320 |  1.02 |  1.07 |  1.00 |  1.00 |  0.99 |  1.21 |  0.94
        5320 |  1.02 |  1.07 |  1.00 |  1.00 |  0.99 |  1.21 |  0.94
        5321 |  1.02 |  1.07 |  1.05 |  1.08 |  0.98 |  1.09 |  0.93
        5321 |  1.02 |  1.07 |  1.05 |  1.08 |  0.98 |  1.09 |  0.93
        5321 |  1.02 |  1.07 |  1.05 |  1.08 |  0.98 |  1.09 |  0.93
        5321 |  1.02 |  1.07 |  1.05 |  1.08 |  0.98 |  1.09 |  0.93
        5321 |  1.02 |  1.07 |  1.05 |  1.08 |  0.98 |  1.09 |  0.93
        5321 |  1.02 |  1.07 |  1.05 |  1.08 |  0.98 |  1.09 |  0.93
        5321 |  1.02 |  1.07 |  1.05 |  1.08 |  0.98 |  1.09 |  0.93
        5321 |  1.02 |  1.07 |  1.05 |  1.08 |  0.98 |  1.09 |  0.93
        5321 |  1.02 |  1.07 |  1.05 |  1.08 |  0.98 |  1.09 |  0.93
        5321 |  1.02 |  1.07 |  1.05 |  1.08 |  0.98 |  1.09 |  0.93
        5321 |  1.02 |  1.07 |  1.05 |  1.08 |  0.98 |  1.09 |  0.93
        5321 |  1.02 |  1.07 |  1.05 |  1.08 |  0.98 |  1.09 |  0.93
        5321 |  1.02 |  1.07 |  1.05 |  1.08 |  0.98 |  1.09 |  0.93
        5321 |  1.02 |  1.07 |  1.05 |  1.08 |  0.98 |  1.09 |  0.93
        5321 |  1.02 |  1.07 |  1.05 |  1.08 |  0.98 |  1.09 |  0.93
        5321 |  1.02 |  1.07 |  1.05 |  1.08 |  0.98 |  1.09 |  0.93
        5321 |  1.02 |  1.07 |  1.05 |  1.08 |  0.98 |  1.09 |  0.93
        5321 |  1.02 |  1.07 |  1.05 |  1.08 |  0.98 |  1.09 |  0.93
        5321 |  1.02 |  1.07 |  1.05 |  1.08 |  0.98 |  1.09 |  0.93
        5321 |  1.02 |  1.07 |  1.05 |  1.08 |  0.98 |  1.09 |  0.93
        5321 |  1.02 |  1.07 |  1.05 |  1.08 |  0.98 |  1.09 |  0.93
        5321 |  1.02 |  1.07 |  1.05 |  1.08 |  0.98 |  1.09 |  0.93
        5321 |  1.02 |  1.07 |  1.05 |  1.08 |  0.98 |  1.09 |  0.93
        5321 |  1.02 |  1.07 |  1.05 |  1.08 |  0.98 |  1.09 |  0.93
        5321 |  1.02 |  1.07 |  1.05 |  1.08 |  0.98 |  1.09 |  0.93
        5321 |  1.02 |  1.07 |  1.05 |  1.08 |  0.98 |  1.09 |  0.93
        5321 |  1.02 |  1.07 |  1.05 |  1.08 |  0.98 |  1.09 |  0.93
        5321 |  1.02 |  1.07 |  1.05 |  1.08 |  0.98 |  1.09 |  0.93
        5321 |  1.02 |  1.07 |  1.05 |  1.08 |  0.98 |  1.09 |  0.93
        5321 |  1.02 |  1.07 |  1.05 |  1.08 |  0.98 |  1.09 |  0.93
        5321 |  1.02 |  1.07 |  1.05 |  1.08 |  0.98 |  1.09 |  0.93
        5321 |  1.02 |  1.07 |  1.05 |  1.08 |  0.98 |  1.09 |  0.93
        5321 |  1.02 |  1.07 |  1.05 |  1.08 |  0.98 |  1.09 |  0.93
        5321 |  1.02 |  1.07 |  1.05 |  1.08 |  0.98 |  1.09 |  0.93
        5321 |  1.02 |  1.07 |  1.05 |  1.08 |  0.98 |  1.09 |  0.93
        5321 |  1.02 |  1.07 |  1.05 |  1.08 |  0.98 |  1.09 |  0.93
        5321 |  1.02 |  1.07 |  1.05 |  1.08 |  0.98 |  1.09 |  0.93
        5321 |  1.02 |  1.07 |  1.05 |  1.08 |  0.98 |  1.09 |  0.93
        5321 |  1.02 |  1.07 |  1.05 |  1.08 |  0.98 |  1.09 |  0.93
        5321 |  1.02 |  1.07 |  1.05 |  1.08 |  0.98 |  1.09 |  0.93
        5321 |  1.02 |  1.07 |  1.05 |  1.08 |  0.98 |  1.09 |  0.93
        5321 |  1.02 |  1.07 |  1.05 |  1.08 |  0.98 |  1.09 |  0.93
        5321 |  1.02 |  1.07 |  1.05 |  1.08 |  0.98 |  1.09 |  0.93
        5321 |  1.02 |  1.07 |  1.05 |  1.08 |  0.98 |  1.09 |  0.93
        5321 |  1.02 |  1.07 |  1.05 |  1.08 |  0.98 |  1.09 |  0.93
        5321 |  1.02 |  1.07 |  1.05 |  1.08 |  0.98 |  1.09 |  0.93
        5321 |  1.02 |  1.07 |  1.05 |  1.08 |  0.98 |  1.09 |  0.93
        5321 |  1.02 |  1.07 |  1.05 |  1.08 |  0.98 |  1.09 |  0.93
        5321 |  1.02 |  1.07 |  1.05 |  1.08 |  0.98 |  1.09 |  0.93
        5322 |  5.04 |  5.06 |  1.06 |  1.92 |  2.07 |  6.30 |  5.21
        5322 |  5.04 |  5.06 |  1.06 |  1.92 |  2.07 |  6.30 |  5.21
        5322 |  5.04 |  5.06 |  1.06 |  1.92 |  2.07 |  6.30 |  5.21
        5322 |  5.04 |  5.06 |  1.06 |  1.92 |  2.07 |  6.30 |  5.21
        5322 |  5.04 |  5.06 |  1.06 |  1.92 |  2.07 |  6.30 |  5.21
        5322 |  5.04 |  5.06 |  1.06 |  1.92 |  2.07 |  6.30 |  5.21
        5322 |  5.04 |  5.06 |  1.06 |  1.92 |  2.07 |  6.30 |  5.21
(2513 rows)

UPDATE time_statistics SET e_time = TRANSACTION_TIMESTAMP() WHERE template = '../query_postgresql/query2.tpl' AND stream = 7;
psql:/tmp/s1-basline/throughput/query_7.sql:1256: NOTICE:  duration: 0.085 ms  plan:
Query Text: UPDATE time_statistics SET e_time = TRANSACTION_TIMESTAMP() WHERE template = '../query_postgresql/query2.tpl' AND stream = 7;
Update on time_statistics  (cost=0.00..16.72 rows=0 width=0) (actual time=0.085..0.085 rows=0 loops=1)
  ->  Seq Scan on time_statistics  (cost=0.00..16.72 rows=1 width=14) (actual time=0.064..0.071 rows=1 loops=1)
        Filter: ((template = '../query_postgresql/query2.tpl'::text) AND (stream = 7))
        Rows Removed by Filter: 603
UPDATE 1
LOAD 'auto_explain'; SET auto_explain.log_min_duration TO 0; SET auto_explain.log_analyze TO on; SET auto_explain.log_level TO notice; INSERT INTO time_statistics (template, s_time, stream, query, seed) VALUES ('../query_postgresql/query21.tpl', TRANSACTION_TIMESTAMP(), 7, 28, 1116116341);
LOAD
SET
SET
SET
psql:/tmp/s1-basline/throughput/query_7.sql:1257: NOTICE:  duration: 0.008 ms  plan:
Query Text: INSERT INTO time_statistics (template, s_time, stream, query, seed) VALUES ('../query_postgresql/query21.tpl', TRANSACTION_TIMESTAMP(), 7, 28, 1116116341);
Insert on time_statistics  (cost=0.00..0.01 rows=0 width=0) (actual time=0.008..0.008 rows=0 loops=1)
  ->  Result  (cost=0.00..0.01 rows=1 width=64) (actual time=0.001..0.001 rows=1 loops=1)
INSERT 0 1
select  *
 from(select w_warehouse_name
            ,i_item_id
            ,sum(case when (cast(d_date as date) < cast ('1998-04-13' as date))
	                then inv_quantity_on_hand 
                      else 0 end) as inv_before
            ,sum(case when (cast(d_date as date) >= cast ('1998-04-13' as date))
                      then inv_quantity_on_hand 
                      else 0 end) as inv_after
   from inventory
       ,warehouse
       ,item
       ,date_dim
   where i_current_price between 0.99 and 1.49
     and i_item_sk          = inv_item_sk
     and inv_warehouse_sk   = w_warehouse_sk
     and inv_date_sk    = d_date_sk
     and d_date between (cast ('1998-04-13' as date) - INTERVAL '30 days')
                    and (cast ('1998-04-13' as date) + INTERVAL '30 days')
   group by w_warehouse_name, i_item_id) x
 where (case when inv_before > 0 
             then inv_after / inv_before 
             else null
             end) between 2.0/3.0 and 3.0/2.0
 order by w_warehouse_name
         ,i_item_id
 limit 100;
psql:/tmp/s1-basline/throughput/query_7.sql:1284: NOTICE:  duration: 628.581 ms  plan:
Query Text: select  *
 from(select w_warehouse_name
            ,i_item_id
            ,sum(case when (cast(d_date as date) < cast ('1998-04-13' as date))
	                then inv_quantity_on_hand 
                      else 0 end) as inv_before
            ,sum(case when (cast(d_date as date) >= cast ('1998-04-13' as date))
                      then inv_quantity_on_hand 
                      else 0 end) as inv_after
   from inventory
       ,warehouse
       ,item
       ,date_dim
   where i_current_price between 0.99 and 1.49
     and i_item_sk          = inv_item_sk
     and inv_warehouse_sk   = w_warehouse_sk
     and inv_date_sk    = d_date_sk
     and d_date between (cast ('1998-04-13' as date) - INTERVAL '30 days')
                    and (cast ('1998-04-13' as date) + INTERVAL '30 days')
   group by w_warehouse_name, i_item_id) x
 where (case when inv_before > 0 
             then inv_after / inv_before 
             else null
             end) between 2.0/3.0 and 3.0/2.0
 order by w_warehouse_name
         ,i_item_id
 limit 100;
Limit  (cost=144786.23..144887.55 rows=69 width=47) (actual time=590.637..628.539 rows=100 loops=1)
  ->  Finalize GroupAggregate  (cost=144786.23..144886.86 rows=69 width=47) (actual time=590.636..628.531 rows=100 loops=1)
        Group Key: warehouse.w_warehouse_name, item.i_item_id
        Filter: (((CASE WHEN (sum(CASE WHEN (date_dim.d_date < '1998-04-13'::date) THEN inventory.inv_quantity_on_hand ELSE 0 END) > 0) THEN (sum(CASE WHEN (date_dim.d_date >= '1998-04-13'::date) THEN inventory.inv_quantity_on_hand ELSE 0 END) / sum(CASE WHEN (date_dim.d_date < '1998-04-13'::date) THEN inventory.inv_quantity_on_hand ELSE 0 END)) ELSE NULL::bigint END)::numeric >= 0.66666666666666666667) AND ((CASE WHEN (sum(CASE WHEN (date_dim.d_date < '1998-04-13'::date) THEN inventory.inv_quantity_on_hand ELSE 0 END) > 0) THEN (sum(CASE WHEN (date_dim.d_date >= '1998-04-13'::date) THEN inventory.inv_quantity_on_hand ELSE 0 END) / sum(CASE WHEN (date_dim.d_date < '1998-04-13'::date) THEN inventory.inv_quantity_on_hand ELSE 0 END)) ELSE NULL::bigint END)::numeric <= 1.5000000000000000))
        Rows Removed by Filter: 111
        ->  Gather Merge  (cost=144786.23..144862.23 rows=600 width=47) (actual time=590.623..628.312 rows=773 loops=1)
              Workers Planned: 3
              Workers Launched: 3
              ->  Partial GroupAggregate  (cost=143786.19..143791.69 rows=200 width=47) (actual time=584.946..585.516 rows=734 loops=4)
                    Group Key: warehouse.w_warehouse_name, item.i_item_id
                    ->  Sort  (cost=143786.19..143786.69 rows=200 width=39) (actual time=584.933..585.003 rows=1604 loops=4)
                          Sort Key: warehouse.w_warehouse_name, item.i_item_id
                          Sort Method: quicksort  Memory: 664kB
                          Worker 0:  Sort Method: quicksort  Memory: 637kB
                          Worker 1:  Sort Method: quicksort  Memory: 640kB
                          Worker 2:  Sort Method: quicksort  Memory: 624kB
                          ->  Hash Join  (cost=6.88..143778.55 rows=200 width=39) (actual time=1.072..570.095 rows=5530 loops=4)
                                Hash Cond: (inventory.inv_warehouse_sk = warehouse.w_warehouse_sk)
                                ->  Nested Loop  (cost=5.76..143776.47 rows=200 width=33) (actual time=1.000..568.975 rows=5530 loops=4)
                                      ->  Hash Join  (cost=5.48..142775.40 rows=3228 width=24) (actual time=0.898..422.112 rows=90000 loops=4)
                                            Hash Cond: (inventory.inv_date_sk = date_dim.d_date_sk)
                                            ->  Parallel Seq Scan on inventory  (cost=0.00..132620.86 rows=3866086 width=28) (actual time=0.017..200.973 rows=2936250 loops=4)
                                            ->  Hash  (cost=4.71..4.71 rows=61 width=12) (actual time=0.106..0.107 rows=61 loops=4)
                                                  Buckets: 1024  Batches: 1  Memory Usage: 11kB
                                                  ->  Index Scan using i_d_date on date_dim  (cost=0.29..4.71 rows=61 width=12) (actual time=0.081..0.097 rows=61 loops=4)
                                                        Index Cond: ((d_date >= '1998-03-14 00:00:00'::timestamp without time zone) AND (d_date <= '1998-05-13 00:00:00'::timestamp without time zone))
                                      ->  Index Scan using pk_item on item  (cost=0.29..0.31 rows=1 width=25) (actual time=0.001..0.001 rows=0 loops=360000)
                                            Index Cond: (i_item_sk = inventory.inv_item_sk)
                                            Filter: ((i_current_price >= '0.99'::double precision) AND (i_current_price <= '1.49'::double precision))
                                            Rows Removed by Filter: 1
                                ->  Hash  (cost=1.05..1.05 rows=5 width=22) (actual time=0.031..0.032 rows=5 loops=4)
                                      Buckets: 1024  Batches: 1  Memory Usage: 9kB
                                      ->  Seq Scan on warehouse  (cost=0.00..1.05 rows=5 width=22) (actual time=0.025..0.026 rows=5 loops=4)
 w_warehouse_name |    i_item_id     | inv_before | inv_after 
------------------+------------------+------------+-----------
 Neither dea      | AAAAAAAAAACDAAAA |       2063 |      2575
 Neither dea      | AAAAAAAAABCEAAAA |       2609 |      2814
 Neither dea      | AAAAAAAAABGDAAAA |       1119 |      1398
 Neither dea      | AAAAAAAAACHCAAAA |       1131 |      1465
 Neither dea      | AAAAAAAAAFPDAAAA |       1507 |      1930
 Neither dea      | AAAAAAAAAGHAAAAA |       1882 |      2039
 Neither dea      | AAAAAAAAAHGAAAAA |       1843 |      3365
 Neither dea      | AAAAAAAAAHJAAAAA |       1244 |      2430
 Neither dea      | AAAAAAAAAIDAAAAA |       1303 |      1437
 Neither dea      | AAAAAAAAAIGAAAAA |       1858 |      1984
 Neither dea      | AAAAAAAAAJDEAAAA |       1364 |      2047
 Neither dea      | AAAAAAAAAJIDAAAA |       1050 |      1582
 Neither dea      | AAAAAAAAAKHCAAAA |       1373 |      2524
 Neither dea      | AAAAAAAAALIAAAAA |       1738 |      1853
 Neither dea      | AAAAAAAAAMDEAAAA |       2516 |      3132
 Neither dea      | AAAAAAAAAMEEAAAA |       1149 |      1249
 Neither dea      | AAAAAAAAAOJCAAAA |       1965 |      2265
 Neither dea      | AAAAAAAAAPBEAAAA |       1748 |      2745
 Neither dea      | AAAAAAAAAPNBAAAA |       1576 |      1673
 Neither dea      | AAAAAAAABBBBAAAA |       2064 |      2290
 Neither dea      | AAAAAAAABCBDAAAA |       1713 |      2428
 Neither dea      | AAAAAAAABCKAAAAA |       1854 |      2689
 Neither dea      | AAAAAAAABDPDAAAA |       2123 |      2193
 Neither dea      | AAAAAAAABEGCAAAA |       1290 |      1954
 Neither dea      | AAAAAAAABFICAAAA |       1352 |      2356
 Neither dea      | AAAAAAAABFKAAAAA |       2240 |      2815
 Neither dea      | AAAAAAAABGKCAAAA |       2538 |      2604
 Neither dea      | AAAAAAAABKGCAAAA |       1600 |      2216
 Neither dea      | AAAAAAAABKNBAAAA |       1346 |      1468
 Neither dea      | AAAAAAAABKPCAAAA |       1784 |      2010
 Neither dea      | AAAAAAAABLKAAAAA |       1384 |      1670
 Neither dea      | AAAAAAAABMECAAAA |       1274 |      1811
 Neither dea      | AAAAAAAACBCAAAAA |       1973 |      2023
 Neither dea      | AAAAAAAACBEAAAAA |        614 |      1137
 Neither dea      | AAAAAAAACCAAAAAA |       1440 |      2128
 Neither dea      | AAAAAAAACCHCAAAA |       2418 |      2570
 Neither dea      | AAAAAAAACDPDAAAA |       1506 |      2734
 Neither dea      | AAAAAAAACEABAAAA |       1590 |      2414
 Neither dea      | AAAAAAAACECCAAAA |       1715 |      1997
 Neither dea      | AAAAAAAACEEAAAAA |       2112 |      2905
 Neither dea      | AAAAAAAACEIDAAAA |       1172 |      2150
 Neither dea      | AAAAAAAACHIDAAAA |       1507 |      1873
 Neither dea      | AAAAAAAACHKDAAAA |       1724 |      2347
 Neither dea      | AAAAAAAACIFBAAAA |       1088 |      1456
 Neither dea      | AAAAAAAACIIBAAAA |       1744 |      2131
 Neither dea      | AAAAAAAACIKAAAAA |       1445 |      2010
 Neither dea      | AAAAAAAACLBCAAAA |       1396 |      1608
 Neither dea      | AAAAAAAACMBBAAAA |       2311 |      2889
 Neither dea      | AAAAAAAACNACAAAA |       1711 |      2358
 Neither dea      | AAAAAAAACOADAAAA |       1680 |      2517
 Neither dea      | AAAAAAAACPJCAAAA |       1330 |      2404
 Neither dea      | AAAAAAAADADEAAAA |       2078 |      3189
 Neither dea      | AAAAAAAADCLDAAAA |       1987 |      2591
 Neither dea      | AAAAAAAADDDEAAAA |       2024 |      2199
 Neither dea      | AAAAAAAADEGAAAAA |       1383 |      1813
 Neither dea      | AAAAAAAADENCAAAA |       2232 |      2235
 Neither dea      | AAAAAAAADHIBAAAA |       1622 |      1695
 Neither dea      | AAAAAAAADIPCAAAA |       1408 |      2325
 Neither dea      | AAAAAAAADLDCAAAA |       1651 |      1797
 Neither dea      | AAAAAAAADMDEAAAA |       1910 |      1993
 Neither dea      | AAAAAAAADMICAAAA |       2101 |      2534
 Neither dea      | AAAAAAAADOMCAAAA |       1928 |      2686
 Neither dea      | AAAAAAAAECBDAAAA |       1660 |      1873
 Neither dea      | AAAAAAAAECKDAAAA |       1669 |      2300
 Neither dea      | AAAAAAAAEDOBAAAA |       1795 |      1859
 Neither dea      | AAAAAAAAEFBBAAAA |       2628 |      2764
 Neither dea      | AAAAAAAAEFHBAAAA |       1457 |      2578
 Neither dea      | AAAAAAAAEFKDAAAA |       1597 |      2592
 Neither dea      | AAAAAAAAEGAAAAAA |       2315 |      2470
 Neither dea      | AAAAAAAAEGDEAAAA |       2055 |      2726
 Neither dea      | AAAAAAAAEGJBAAAA |       1052 |      1811
 Neither dea      | AAAAAAAAEHMCAAAA |       2092 |      2300
 Neither dea      | AAAAAAAAEILAAAAA |       1466 |      2620
 Neither dea      | AAAAAAAAEJDBAAAA |       1992 |      2143
 Neither dea      | AAAAAAAAEJJBAAAA |       1830 |      2472
 Neither dea      | AAAAAAAAEJNAAAAA |       1165 |      2261
 Neither dea      | AAAAAAAAEKCDAAAA |       1555 |      2452
 Neither dea      | AAAAAAAAEKLBAAAA |       1919 |      3063
 Neither dea      | AAAAAAAAEKPCAAAA |       1717 |      1966
 Neither dea      | AAAAAAAAELBDAAAA |       1843 |      2607
 Neither dea      | AAAAAAAAELDEAAAA |       2211 |      3031
 Neither dea      | AAAAAAAAELJBAAAA |       1913 |      2272
 Neither dea      | AAAAAAAAELPCAAAA |       1681 |      3025
 Neither dea      | AAAAAAAAEMCBAAAA |       1696 |      2306
 Neither dea      | AAAAAAAAEOEEAAAA |       1619 |      2056
 Neither dea      | AAAAAAAAEPDDAAAA |       1369 |      2006
 Neither dea      | AAAAAAAAEPPDAAAA |        843 |      1324
 Neither dea      | AAAAAAAAFAKBAAAA |       2258 |      2386
 Neither dea      | AAAAAAAAFCGAAAAA |       1668 |      1888
 Neither dea      | AAAAAAAAFFMDAAAA |       1340 |      2077
 Neither dea      | AAAAAAAAFGBEAAAA |       1315 |      1578
 Neither dea      | AAAAAAAAFGEBAAAA |       1203 |      2123
 Neither dea      | AAAAAAAAFGEEAAAA |       1758 |      2999
 Neither dea      | AAAAAAAAFHGBAAAA |       2046 |      2152
 Neither dea      | AAAAAAAAFHICAAAA |       1164 |      2010
 Neither dea      | AAAAAAAAFHKAAAAA |       1552 |      2168
 Neither dea      | AAAAAAAAFMIAAAAA |       1043 |      1295
 Neither dea      | AAAAAAAAFMLAAAAA |       1645 |      1852
 Neither dea      | AAAAAAAAFNKAAAAA |       1399 |      2467
 Neither dea      | AAAAAAAAGAJCAAAA |       1641 |      2128
(100 rows)

UPDATE time_statistics SET e_time = TRANSACTION_TIMESTAMP() WHERE template = '../query_postgresql/query21.tpl' AND stream = 7;
psql:/tmp/s1-basline/throughput/query_7.sql:1286: NOTICE:  duration: 0.084 ms  plan:
Query Text: UPDATE time_statistics SET e_time = TRANSACTION_TIMESTAMP() WHERE template = '../query_postgresql/query21.tpl' AND stream = 7;
Update on time_statistics  (cost=0.00..16.72 rows=0 width=0) (actual time=0.084..0.084 rows=0 loops=1)
  ->  Seq Scan on time_statistics  (cost=0.00..16.72 rows=1 width=14) (actual time=0.063..0.070 rows=1 loops=1)
        Filter: ((template = '../query_postgresql/query21.tpl'::text) AND (stream = 7))
        Rows Removed by Filter: 604
UPDATE 1
LOAD 'auto_explain'; SET auto_explain.log_min_duration TO 0; SET auto_explain.log_analyze TO on; SET auto_explain.log_level TO notice; INSERT INTO time_statistics (template, s_time, stream, query, seed) VALUES ('query97.tpl', TRANSACTION_TIMESTAMP(), 7, 29, 297686642);
LOAD
SET
SET
SET
psql:/tmp/s1-basline/throughput/query_7.sql:1287: NOTICE:  duration: 0.008 ms  plan:
Query Text: INSERT INTO time_statistics (template, s_time, stream, query, seed) VALUES ('query97.tpl', TRANSACTION_TIMESTAMP(), 7, 29, 297686642);
Insert on time_statistics  (cost=0.00..0.01 rows=0 width=0) (actual time=0.008..0.008 rows=0 loops=1)
  ->  Result  (cost=0.00..0.01 rows=1 width=64) (actual time=0.001..0.002 rows=1 loops=1)
INSERT 0 1
with ssci as (
select ss_customer_sk customer_sk
      ,ss_item_sk item_sk
from store_sales,date_dim
where ss_sold_date_sk = d_date_sk
  and d_month_seq between 1205 and 1205 + 11
group by ss_customer_sk
        ,ss_item_sk),
csci as(
 select cs_bill_customer_sk customer_sk
      ,cs_item_sk item_sk
from catalog_sales,date_dim
where cs_sold_date_sk = d_date_sk
  and d_month_seq between 1205 and 1205 + 11
group by cs_bill_customer_sk
        ,cs_item_sk)
 select  sum(case when ssci.customer_sk is not null and csci.customer_sk is null then 1 else 0 end) store_only
      ,sum(case when ssci.customer_sk is null and csci.customer_sk is not null then 1 else 0 end) catalog_only
      ,sum(case when ssci.customer_sk is not null and csci.customer_sk is not null then 1 else 0 end) store_and_catalog
from ssci full outer join csci on (ssci.customer_sk=csci.customer_sk
                               and ssci.item_sk = csci.item_sk)
limit 100;
psql:/tmp/s1-basline/throughput/query_7.sql:1309: NOTICE:  duration: 947.447 ms  plan:
Query Text: with ssci as (
select ss_customer_sk customer_sk
      ,ss_item_sk item_sk
from store_sales,date_dim
where ss_sold_date_sk = d_date_sk
  and d_month_seq between 1205 and 1205 + 11
group by ss_customer_sk
        ,ss_item_sk),
csci as(
 select cs_bill_customer_sk customer_sk
      ,cs_item_sk item_sk
from catalog_sales,date_dim
where cs_sold_date_sk = d_date_sk
  and d_month_seq between 1205 and 1205 + 11
group by cs_bill_customer_sk
        ,cs_item_sk)
 select  sum(case when ssci.customer_sk is not null and csci.customer_sk is null then 1 else 0 end) store_only
      ,sum(case when ssci.customer_sk is null and csci.customer_sk is not null then 1 else 0 end) catalog_only
      ,sum(case when ssci.customer_sk is not null and csci.customer_sk is not null then 1 else 0 end) store_and_catalog
from ssci full outer join csci on (ssci.customer_sk=csci.customer_sk
                               and ssci.item_sk = csci.item_sk)
limit 100;
Limit  (cost=115404.36..115404.37 rows=1 width=24) (actual time=929.084..947.437 rows=1 loops=1)
  ->  Aggregate  (cost=115404.36..115404.37 rows=1 width=24) (actual time=929.084..947.436 rows=1 loops=1)
        ->  Hash Full Join  (cost=113743.61..115305.69 rows=13156 width=16) (actual time=580.214..879.821 rows=814075 loops=1)
              Hash Cond: ((store_sales.ss_customer_sk = catalog_sales.cs_bill_customer_sk) AND (store_sales.ss_item_sk = catalog_sales.cs_item_sk))
              ->  Group  (cost=92506.85..93868.30 rows=13156 width=16) (actual time=317.065..497.691 rows=532027 loops=1)
                    Group Key: store_sales.ss_customer_sk, store_sales.ss_item_sk
                    ->  Gather Merge  (cost=92506.85..93813.48 rows=10964 width=16) (actual time=317.064..443.159 rows=535165 loops=1)
                          Workers Planned: 2
                          Workers Launched: 2
                          ->  Group  (cost=91506.82..91547.94 rows=5482 width=16) (actual time=308.312..348.357 rows=178388 loops=3)
                                Group Key: store_sales.ss_customer_sk, store_sales.ss_item_sk
                                ->  Sort  (cost=91506.82..91520.53 rows=5482 width=16) (actual time=308.309..318.356 rows=179130 loops=3)
                                      Sort Key: store_sales.ss_customer_sk, store_sales.ss_item_sk
                                      Sort Method: external merge  Disk: 5320kB
                                      Worker 0:  Sort Method: quicksort  Memory: 13860kB
                                      Worker 1:  Sort Method: quicksort  Memory: 13826kB
                                      ->  Hash Join  (cost=2505.08..91166.38 rows=5482 width=16) (actual time=13.742..250.995 rows=179130 loops=3)
                                            Hash Cond: (store_sales.ss_sold_date_sk = date_dim.d_date_sk)
                                            ->  Parallel Seq Scan on store_sales  (cost=0.00..85499.45 rows=1204445 width=24) (actual time=0.015..124.282 rows=948150 loops=3)
                                            ->  Hash  (cost=2500.73..2500.73 rows=348 width=8) (actual time=13.645..13.646 rows=365 loops=3)
                                                  Buckets: 1024  Batches: 1  Memory Usage: 23kB
                                                  ->  Seq Scan on date_dim  (cost=0.00..2500.73 rows=348 width=8) (actual time=6.293..13.588 rows=365 loops=3)
                                                        Filter: ((d_month_seq >= 1205) AND (d_month_seq <= 1216))
                                                        Rows Removed by Filter: 72684
              ->  Hash  (cost=21134.13..21134.13 rows=6842 width=16) (actual time=263.141..263.142 rows=282205 loops=1)
                    Buckets: 524288 (originally 8192)  Batches: 1 (originally 1)  Memory Usage: 17320kB
                    ->  HashAggregate  (cost=20997.29..21065.71 rows=6842 width=16) (actual time=169.935..219.258 rows=282205 loops=1)
                          Group Key: catalog_sales.cs_bill_customer_sk, catalog_sales.cs_item_sk
                          Batches: 1  Memory Usage: 25617kB
                          ->  Nested Loop  (cost=0.43..20963.08 rows=6842 width=16) (actual time=3.724..101.545 rows=282235 loops=1)
                                ->  Seq Scan on date_dim date_dim_1  (cost=0.00..2500.73 rows=348 width=8) (actual time=3.712..7.980 rows=365 loops=1)
                                      Filter: ((d_month_seq >= 1205) AND (d_month_seq <= 1216))
                                      Rows Removed by Filter: 72684
                                ->  Index Scan using i_cs_sold_date_sk on catalog_sales  (cost=0.43..45.20 rows=785 width=24) (actual time=0.004..0.131 rows=773 loops=365)
                                      Index Cond: (cs_sold_date_sk = date_dim_1.d_date_sk)
 store_only | catalog_only | store_and_catalog 
------------+--------------+-------------------
     524477 |       281378 |               157
(1 row)

UPDATE time_statistics SET e_time = TRANSACTION_TIMESTAMP() WHERE template = 'query97.tpl' AND stream = 7;
psql:/tmp/s1-basline/throughput/query_7.sql:1311: NOTICE:  duration: 0.099 ms  plan:
Query Text: UPDATE time_statistics SET e_time = TRANSACTION_TIMESTAMP() WHERE template = 'query97.tpl' AND stream = 7;
Update on time_statistics  (cost=0.00..16.72 rows=0 width=0) (actual time=0.098..0.098 rows=0 loops=1)
  ->  Seq Scan on time_statistics  (cost=0.00..16.72 rows=1 width=14) (actual time=0.077..0.084 rows=1 loops=1)
        Filter: ((template = 'query97.tpl'::text) AND (stream = 7))
        Rows Removed by Filter: 605
UPDATE 1
LOAD 'auto_explain'; SET auto_explain.log_min_duration TO 0; SET auto_explain.log_analyze TO on; SET auto_explain.log_level TO notice; INSERT INTO time_statistics (template, s_time, stream, query, seed) VALUES ('query62.tpl', TRANSACTION_TIMESTAMP(), 7, 30, 1729978231);
LOAD
SET
SET
SET
psql:/tmp/s1-basline/throughput/query_7.sql:1312: NOTICE:  duration: 0.008 ms  plan:
Query Text: INSERT INTO time_statistics (template, s_time, stream, query, seed) VALUES ('query62.tpl', TRANSACTION_TIMESTAMP(), 7, 30, 1729978231);
Insert on time_statistics  (cost=0.00..0.01 rows=0 width=0) (actual time=0.008..0.008 rows=0 loops=1)
  ->  Result  (cost=0.00..0.01 rows=1 width=64) (actual time=0.001..0.002 rows=1 loops=1)
INSERT 0 1
select  
   substr(w_warehouse_name,1,20)
  ,sm_type
  ,web_name
  ,sum(case when (ws_ship_date_sk - ws_sold_date_sk <= 30 ) then 1 else 0 end)  as "30 days" 
  ,sum(case when (ws_ship_date_sk - ws_sold_date_sk > 30) and 
                 (ws_ship_date_sk - ws_sold_date_sk <= 60) then 1 else 0 end )  as "31-60 days" 
  ,sum(case when (ws_ship_date_sk - ws_sold_date_sk > 60) and 
                 (ws_ship_date_sk - ws_sold_date_sk <= 90) then 1 else 0 end)  as "61-90 days" 
  ,sum(case when (ws_ship_date_sk - ws_sold_date_sk > 90) and
                 (ws_ship_date_sk - ws_sold_date_sk <= 120) then 1 else 0 end)  as "91-120 days" 
  ,sum(case when (ws_ship_date_sk - ws_sold_date_sk  > 120) then 1 else 0 end)  as ">120 days" 
from
   web_sales
  ,warehouse
  ,ship_mode
  ,web_site
  ,date_dim
where
    d_month_seq between 1185 and 1185 + 11
and ws_ship_date_sk   = d_date_sk
and ws_warehouse_sk   = w_warehouse_sk
and ws_ship_mode_sk   = sm_ship_mode_sk
and ws_web_site_sk    = web_site_sk
group by
   substr(w_warehouse_name,1,20)
  ,sm_type
  ,web_name
order by substr(w_warehouse_name,1,20)
        ,sm_type
       ,web_name
limit 100;
psql:/tmp/s1-basline/throughput/query_7.sql:1344: NOTICE:  duration: 227.291 ms  plan:
Query Text: select  
   substr(w_warehouse_name,1,20)
  ,sm_type
  ,web_name
  ,sum(case when (ws_ship_date_sk - ws_sold_date_sk <= 30 ) then 1 else 0 end)  as "30 days" 
  ,sum(case when (ws_ship_date_sk - ws_sold_date_sk > 30) and 
                 (ws_ship_date_sk - ws_sold_date_sk <= 60) then 1 else 0 end )  as "31-60 days" 
  ,sum(case when (ws_ship_date_sk - ws_sold_date_sk > 60) and 
                 (ws_ship_date_sk - ws_sold_date_sk <= 90) then 1 else 0 end)  as "61-90 days" 
  ,sum(case when (ws_ship_date_sk - ws_sold_date_sk > 90) and
                 (ws_ship_date_sk - ws_sold_date_sk <= 120) then 1 else 0 end)  as "91-120 days" 
  ,sum(case when (ws_ship_date_sk - ws_sold_date_sk  > 120) then 1 else 0 end)  as ">120 days" 
from
   web_sales
  ,warehouse
  ,ship_mode
  ,web_site
  ,date_dim
where
    d_month_seq between 1185 and 1185 + 11
and ws_ship_date_sk   = d_date_sk
and ws_warehouse_sk   = w_warehouse_sk
and ws_ship_mode_sk   = sm_ship_mode_sk
and ws_web_site_sk    = web_site_sk
group by
   substr(w_warehouse_name,1,20)
  ,sm_type
  ,web_name
order by substr(w_warehouse_name,1,20)
        ,sm_type
       ,web_name
limit 100;
Limit  (cost=34174.77..34268.39 rows=100 width=110) (actual time=194.494..227.209 rows=100 loops=1)
  ->  Finalize GroupAggregate  (cost=34174.77..34315.21 rows=150 width=110) (actual time=194.494..227.200 rows=100 loops=1)
        Group Key: (substr((warehouse.w_warehouse_name)::text, 1, 20)), ship_mode.sm_type, web_site.web_name
        ->  Gather Merge  (cost=34174.77..34307.33 rows=300 width=110) (actual time=194.247..227.082 rows=301 loops=1)
              Workers Planned: 2
              Workers Launched: 2
              ->  Partial GroupAggregate  (cost=33174.74..33272.68 rows=150 width=110) (actual time=174.445..191.551 rows=134 loops=3)
                    Group Key: (substr((warehouse.w_warehouse_name)::text, 1, 20)), ship_mode.sm_type, web_site.web_name
                    ->  Sort  (cost=33174.74..33178.58 rows=1537 width=86) (actual time=174.257..176.103 rows=41183 loops=3)
                          Sort Key: (substr((warehouse.w_warehouse_name)::text, 1, 20)), ship_mode.sm_type, web_site.web_name
                          Sort Method: quicksort  Memory: 10353kB
                          Worker 0:  Sort Method: quicksort  Memory: 5866kB
                          Worker 1:  Sort Method: quicksort  Memory: 5820kB
                          ->  Hash Join  (cost=2510.63..33093.39 rows=1537 width=86) (actual time=13.580..125.200 rows=48397 loops=3)
                                Hash Cond: (web_sales.ws_web_site_sk = web_site.web_site_sk)
                                ->  Hash Join  (cost=2507.96..33082.27 rows=1537 width=69) (actual time=13.494..111.466 rows=48397 loops=3)
                                      Hash Cond: (web_sales.ws_ship_mode_sk = ship_mode.sm_ship_mode_sk)
                                      ->  Hash Join  (cost=2506.51..33075.93 rows=1537 width=46) (actual time=13.456..103.904 rows=48400 loops=3)
                                            Hash Cond: (web_sales.ws_warehouse_sk = warehouse.w_warehouse_sk)
                                            ->  Hash Join  (cost=2505.40..33067.37 rows=1537 width=40) (actual time=13.430..95.805 rows=48408 loops=3)
                                                  Hash Cond: (web_sales.ws_ship_date_sk = date_dim.d_date_sk)
                                                  ->  Parallel Seq Scan on web_sales  (cost=0.00..29771.63 rows=301063 width=40) (actual time=0.014..44.808 rows=237185 loops=3)
                                                  ->  Hash  (cost=2500.73..2500.73 rows=373 width=8) (actual time=13.390..13.390 rows=365 loops=3)
                                                        Buckets: 1024  Batches: 1  Memory Usage: 23kB
                                                        ->  Seq Scan on date_dim  (cost=0.00..2500.73 rows=373 width=8) (actual time=6.056..13.341 rows=365 loops=3)
                                                              Filter: ((d_month_seq >= 1185) AND (d_month_seq <= 1196))
                                                              Rows Removed by Filter: 72684
                                            ->  Hash  (cost=1.05..1.05 rows=5 width=22) (actual time=0.016..0.017 rows=5 loops=3)
                                                  Buckets: 1024  Batches: 1  Memory Usage: 9kB
                                                  ->  Seq Scan on warehouse  (cost=0.00..1.05 rows=5 width=22) (actual time=0.013..0.014 rows=5 loops=3)
                                      ->  Hash  (cost=1.20..1.20 rows=20 width=39) (actual time=0.027..0.027 rows=20 loops=3)
                                            Buckets: 1024  Batches: 1  Memory Usage: 10kB
                                            ->  Seq Scan on ship_mode  (cost=0.00..1.20 rows=20 width=39) (actual time=0.019..0.021 rows=20 loops=3)
                                ->  Hash  (cost=2.30..2.30 rows=30 width=15) (actual time=0.044..0.044 rows=30 loops=3)
                                      Buckets: 1024  Batches: 1  Memory Usage: 10kB
                                      ->  Seq Scan on web_site  (cost=0.00..2.30 rows=30 width=15) (actual time=0.025..0.037 rows=30 loops=3)
       substr        |            sm_type             | web_name | 30 days | 31-60 days | 61-90 days | 91-120 days | >120 days 
---------------------+--------------------------------+----------+---------+------------+------------+-------------+-----------
 Neither dea         | EXPRESS                        | site_0   |     317 |        270 |        307 |         321 |         0
 Neither dea         | EXPRESS                        | site_1   |     308 |        300 |        282 |         306 |         0
 Neither dea         | EXPRESS                        | site_2   |     297 |        297 |        317 |         266 |         0
 Neither dea         | EXPRESS                        | site_3   |     303 |        280 |        277 |         257 |         0
 Neither dea         | EXPRESS                        | site_4   |     274 |        272 |        274 |         271 |         0
 Neither dea         | LIBRARY                        | site_0   |     204 |        159 |        184 |         186 |         0
 Neither dea         | LIBRARY                        | site_1   |     235 |        203 |        201 |         241 |         0
 Neither dea         | LIBRARY                        | site_2   |     220 |        231 |        280 |         226 |         0
 Neither dea         | LIBRARY                        | site_3   |     280 |        244 |        234 |         252 |         0
 Neither dea         | LIBRARY                        | site_4   |     223 |        195 |        206 |         243 |         0
 Neither dea         | NEXT DAY                       | site_0   |     333 |        293 |        291 |         301 |         0
 Neither dea         | NEXT DAY                       | site_1   |     315 |        293 |        297 |         329 |         0
 Neither dea         | NEXT DAY                       | site_2   |     254 |        268 |        274 |         293 |         0
 Neither dea         | NEXT DAY                       | site_3   |     265 |        240 |        246 |         276 |         0
 Neither dea         | NEXT DAY                       | site_4   |     299 |        275 |        326 |         309 |         0
 Neither dea         | OVERNIGHT                      | site_0   |     253 |        247 |        234 |         258 |         0
 Neither dea         | OVERNIGHT                      | site_1   |     217 |        220 |        256 |         205 |         0
 Neither dea         | OVERNIGHT                      | site_2   |     161 |        185 |        160 |         171 |         0
 Neither dea         | OVERNIGHT                      | site_3   |     181 |        214 |        189 |         210 |         0
 Neither dea         | OVERNIGHT                      | site_4   |     272 |        240 |        237 |         232 |         0
 Neither dea         | REGULAR                        | site_0   |     194 |        204 |        232 |         210 |         0
 Neither dea         | REGULAR                        | site_1   |     241 |        260 |        248 |         234 |         0
 Neither dea         | REGULAR                        | site_2   |     275 |        246 |        236 |         219 |         0
 Neither dea         | REGULAR                        | site_3   |     191 |        220 |        216 |         200 |         0
 Neither dea         | REGULAR                        | site_4   |     210 |        162 |        185 |         189 |         0
 Neither dea         | TWO DAY                        | site_0   |     231 |        221 |        237 |         197 |         0
 Neither dea         | TWO DAY                        | site_1   |     202 |        165 |        184 |         177 |         0
 Neither dea         | TWO DAY                        | site_2   |     191 |        226 |        205 |         207 |         0
 Neither dea         | TWO DAY                        | site_3   |     223 |        216 |        234 |         200 |         0
 Neither dea         | TWO DAY                        | site_4   |     254 |        235 |        236 |         256 |         0
 Parties use         | EXPRESS                        | site_0   |     287 |        277 |        285 |         307 |         0
 Parties use         | EXPRESS                        | site_1   |     308 |        273 |        303 |         291 |         0
 Parties use         | EXPRESS                        | site_2   |     288 |        259 |        253 |         302 |         0
 Parties use         | EXPRESS                        | site_3   |     283 |        260 |        278 |         273 |         0
 Parties use         | EXPRESS                        | site_4   |     286 |        288 |        346 |         307 |         0
 Parties use         | LIBRARY                        | site_0   |     207 |        215 |        201 |         224 |         0
 Parties use         | LIBRARY                        | site_1   |     247 |        251 |        238 |         262 |         0
 Parties use         | LIBRARY                        | site_2   |     269 |        216 |        238 |         220 |         0
 Parties use         | LIBRARY                        | site_3   |     218 |        207 |        212 |         211 |         0
 Parties use         | LIBRARY                        | site_4   |     172 |        189 |        144 |         200 |         0
 Parties use         | NEXT DAY                       | site_0   |     264 |        291 |        291 |         297 |         0
 Parties use         | NEXT DAY                       | site_1   |     261 |        303 |        282 |         273 |         0
 Parties use         | NEXT DAY                       | site_2   |     270 |        255 |        247 |         279 |         0
 Parties use         | NEXT DAY                       | site_3   |     288 |        299 |        289 |         292 |         0
 Parties use         | NEXT DAY                       | site_4   |     282 |        324 |        303 |         286 |         0
 Parties use         | OVERNIGHT                      | site_0   |     226 |        226 |        190 |         226 |         0
 Parties use         | OVERNIGHT                      | site_1   |     201 |        182 |        194 |         177 |         0
 Parties use         | OVERNIGHT                      | site_2   |     207 |        212 |        191 |         196 |         0
 Parties use         | OVERNIGHT                      | site_3   |     237 |        223 |        238 |         260 |         0
 Parties use         | OVERNIGHT                      | site_4   |     259 |        224 |        237 |         226 |         0
 Parties use         | REGULAR                        | site_0   |     237 |        234 |        248 |         264 |         0
 Parties use         | REGULAR                        | site_1   |     249 |        231 |        246 |         259 |         0
 Parties use         | REGULAR                        | site_2   |     187 |        199 |        219 |         228 |         0
 Parties use         | REGULAR                        | site_3   |     187 |        172 |        174 |         177 |         0
 Parties use         | REGULAR                        | site_4   |     196 |        229 |        190 |         210 |         0
 Parties use         | TWO DAY                        | site_0   |     162 |        200 |        166 |         181 |         0
 Parties use         | TWO DAY                        | site_1   |     211 |        224 |        210 |         222 |         0
 Parties use         | TWO DAY                        | site_2   |     234 |        260 |        251 |         269 |         0
 Parties use         | TWO DAY                        | site_3   |     258 |        231 |        257 |         235 |         0
 Parties use         | TWO DAY                        | site_4   |     203 |        219 |        223 |         227 |         0
 Persons make more e | EXPRESS                        | site_0   |     239 |        292 |        282 |         263 |         0
 Persons make more e | EXPRESS                        | site_1   |     297 |        317 |        285 |         288 |         0
 Persons make more e | EXPRESS                        | site_2   |     261 |        276 |        314 |         317 |         0
 Persons make more e | EXPRESS                        | site_3   |     315 |        309 |        328 |         281 |         0
 Persons make more e | EXPRESS                        | site_4   |     284 |        278 |        277 |         259 |         0
 Persons make more e | LIBRARY                        | site_0   |     212 |        199 |        224 |         196 |         0
 Persons make more e | LIBRARY                        | site_1   |     168 |        178 |        172 |         185 |         0
 Persons make more e | LIBRARY                        | site_2   |     227 |        207 |        196 |         203 |         0
 Persons make more e | LIBRARY                        | site_3   |     237 |        250 |        246 |         255 |         0
 Persons make more e | LIBRARY                        | site_4   |     262 |        261 |        230 |         251 |         0
 Persons make more e | NEXT DAY                       | site_0   |     305 |        273 |        335 |         295 |         0
 Persons make more e | NEXT DAY                       | site_1   |     290 |        307 |        287 |         334 |         0
 Persons make more e | NEXT DAY                       | site_2   |     284 |        291 |        313 |         309 |         0
 Persons make more e | NEXT DAY                       | site_3   |     248 |        296 |        295 |         270 |         0
 Persons make more e | NEXT DAY                       | site_4   |     260 |        279 |        260 |         276 |         0
 Persons make more e | OVERNIGHT                      | site_0   |     244 |        257 |        249 |         271 |         0
 Persons make more e | OVERNIGHT                      | site_1   |     250 |        234 |        252 |         245 |         0
 Persons make more e | OVERNIGHT                      | site_2   |     210 |        205 |        193 |         195 |         0
 Persons make more e | OVERNIGHT                      | site_3   |     156 |        195 |        166 |         166 |         0
 Persons make more e | OVERNIGHT                      | site_4   |     250 |        214 |        228 |         213 |         0
 Persons make more e | REGULAR                        | site_0   |     194 |        177 |        194 |         206 |         0
 Persons make more e | REGULAR                        | site_1   |     206 |        218 |        223 |         216 |         0
 Persons make more e | REGULAR                        | site_2   |     221 |        238 |        259 |         221 |         0
 Persons make more e | REGULAR                        | site_3   |     249 |        271 |        235 |         279 |         0
 Persons make more e | REGULAR                        | site_4   |     235 |        214 |        217 |         220 |         0
 Persons make more e | TWO DAY                        | site_0   |     266 |        265 |        263 |         248 |         0
 Persons make more e | TWO DAY                        | site_1   |     215 |        193 |        243 |         215 |         0
 Persons make more e | TWO DAY                        | site_2   |     172 |        175 |        171 |         191 |         0
 Persons make more e | TWO DAY                        | site_3   |     214 |        207 |        201 |         206 |         0
 Persons make more e | TWO DAY                        | site_4   |     251 |        277 |        222 |         270 |         0
 Single, simple r    | EXPRESS                        | site_0   |     260 |        272 |        262 |         276 |         0
 Single, simple r    | EXPRESS                        | site_1   |     288 |        296 |        248 |         271 |         0
 Single, simple r    | EXPRESS                        | site_2   |     332 |        305 |        277 |         324 |         0
 Single, simple r    | EXPRESS                        | site_3   |     324 |        296 |        305 |         285 |         0
 Single, simple r    | EXPRESS                        | site_4   |     285 |        311 |        270 |         287 |         0
 Single, simple r    | LIBRARY                        | site_0   |     229 |        238 |        232 |         266 |         0
 Single, simple r    | LIBRARY                        | site_1   |     213 |        210 |        213 |         191 |         0
 Single, simple r    | LIBRARY                        | site_2   |     206 |        192 |        207 |         187 |         0
 Single, simple r    | LIBRARY                        | site_3   |     182 |        234 |        189 |         209 |         0
 Single, simple r    | LIBRARY                        | site_4   |     246 |        230 |        241 |         239 |         0
(100 rows)

UPDATE time_statistics SET e_time = TRANSACTION_TIMESTAMP() WHERE template = 'query62.tpl' AND stream = 7;
psql:/tmp/s1-basline/throughput/query_7.sql:1346: NOTICE:  duration: 0.094 ms  plan:
Query Text: UPDATE time_statistics SET e_time = TRANSACTION_TIMESTAMP() WHERE template = 'query62.tpl' AND stream = 7;
Update on time_statistics  (cost=0.00..16.72 rows=0 width=0) (actual time=0.093..0.093 rows=0 loops=1)
  ->  Seq Scan on time_statistics  (cost=0.00..16.72 rows=1 width=14) (actual time=0.071..0.078 rows=1 loops=1)
        Filter: ((template = 'query62.tpl'::text) AND (stream = 7))
        Rows Removed by Filter: 606
UPDATE 1
LOAD 'auto_explain'; SET auto_explain.log_min_duration TO 0; SET auto_explain.log_analyze TO on; SET auto_explain.log_level TO notice; INSERT INTO time_statistics (template, s_time, stream, query, seed) VALUES ('query47.tpl', TRANSACTION_TIMESTAMP(), 7, 31, 1874421277);
LOAD
SET
SET
SET
psql:/tmp/s1-basline/throughput/query_7.sql:1347: NOTICE:  duration: 0.008 ms  plan:
Query Text: INSERT INTO time_statistics (template, s_time, stream, query, seed) VALUES ('query47.tpl', TRANSACTION_TIMESTAMP(), 7, 31, 1874421277);
Insert on time_statistics  (cost=0.00..0.01 rows=0 width=0) (actual time=0.008..0.008 rows=0 loops=1)
  ->  Result  (cost=0.00..0.01 rows=1 width=64) (actual time=0.001..0.001 rows=1 loops=1)
INSERT 0 1
with v1 as(
 select i_category, i_brand,
        s_store_name, s_company_name,
        d_year, d_moy,
        sum(ss_sales_price) sum_sales,
        avg(sum(ss_sales_price)) over
          (partition by i_category, i_brand,
                     s_store_name, s_company_name, d_year)
          avg_monthly_sales,
        rank() over
          (partition by i_category, i_brand,
                     s_store_name, s_company_name
           order by d_year, d_moy) rn
 from item, store_sales, date_dim, store
 where ss_item_sk = i_item_sk and
       ss_sold_date_sk = d_date_sk and
       ss_store_sk = s_store_sk and
       (
         d_year = 2000 or
         ( d_year = 2000-1 and d_moy =12) or
         ( d_year = 2000+1 and d_moy =1)
       )
 group by i_category, i_brand,
          s_store_name, s_company_name,
          d_year, d_moy),
 v2 as(
 select v1.i_category, v1.i_brand
        ,v1.d_year, v1.d_moy
        ,v1.avg_monthly_sales
        ,v1.sum_sales, v1_lag.sum_sales psum, v1_lead.sum_sales nsum
 from v1, v1 v1_lag, v1 v1_lead
 where v1.i_category = v1_lag.i_category and
       v1.i_category = v1_lead.i_category and
       v1.i_brand = v1_lag.i_brand and
       v1.i_brand = v1_lead.i_brand and
       v1.s_store_name = v1_lag.s_store_name and
       v1.s_store_name = v1_lead.s_store_name and
       v1.s_company_name = v1_lag.s_company_name and
       v1.s_company_name = v1_lead.s_company_name and
       v1.rn = v1_lag.rn + 1 and
       v1.rn = v1_lead.rn - 1)
  select  *
 from v2
 where  d_year = 2000 and    
        avg_monthly_sales > 0 and
        case when avg_monthly_sales > 0 then abs(sum_sales - avg_monthly_sales) / avg_monthly_sales else null end > 0.1
 order by sum_sales - avg_monthly_sales, avg_monthly_sales
 limit 100;
psql:/tmp/s1-basline/throughput/query_7.sql:1395: NOTICE:  duration: 1905.807 ms  plan:
Query Text: with v1 as(
 select i_category, i_brand,
        s_store_name, s_company_name,
        d_year, d_moy,
        sum(ss_sales_price) sum_sales,
        avg(sum(ss_sales_price)) over
          (partition by i_category, i_brand,
                     s_store_name, s_company_name, d_year)
          avg_monthly_sales,
        rank() over
          (partition by i_category, i_brand,
                     s_store_name, s_company_name
           order by d_year, d_moy) rn
 from item, store_sales, date_dim, store
 where ss_item_sk = i_item_sk and
       ss_sold_date_sk = d_date_sk and
       ss_store_sk = s_store_sk and
       (
         d_year = 2000 or
         ( d_year = 2000-1 and d_moy =12) or
         ( d_year = 2000+1 and d_moy =1)
       )
 group by i_category, i_brand,
          s_store_name, s_company_name,
          d_year, d_moy),
 v2 as(
 select v1.i_category, v1.i_brand
        ,v1.d_year, v1.d_moy
        ,v1.avg_monthly_sales
        ,v1.sum_sales, v1_lag.sum_sales psum, v1_lead.sum_sales nsum
 from v1, v1 v1_lag, v1 v1_lead
 where v1.i_category = v1_lag.i_category and
       v1.i_category = v1_lead.i_category and
       v1.i_brand = v1_lag.i_brand and
       v1.i_brand = v1_lead.i_brand and
       v1.s_store_name = v1_lag.s_store_name and
       v1.s_store_name = v1_lead.s_store_name and
       v1.s_company_name = v1_lag.s_company_name and
       v1.s_company_name = v1_lead.s_company_name and
       v1.rn = v1_lag.rn + 1 and
       v1.rn = v1_lead.rn - 1)
  select  *
 from v2
 where  d_year = 2000 and    
        avg_monthly_sales > 0 and
        case when avg_monthly_sales > 0 then abs(sum_sales - avg_monthly_sales) / avg_monthly_sales else null end > 0.1
 order by sum_sales - avg_monthly_sales, avg_monthly_sales
 limit 100;
Limit  (cost=99455.14..99455.14 rows=1 width=456) (actual time=1905.551..1905.710 rows=100 loops=1)
  CTE v1
    ->  WindowAgg  (cost=94819.99..97659.15 rows=15283 width=147) (actual time=1169.685..1680.885 rows=65768 loops=1)
          ->  WindowAgg  (cost=94819.99..97277.08 rows=15283 width=139) (actual time=1169.671..1623.807 rows=65768 loops=1)
                ->  Finalize GroupAggregate  (cost=94819.99..96856.79 rows=15283 width=131) (actual time=1169.661..1554.958 rows=65768 loops=1)
                      Group Key: item.i_category, item.i_brand, store.s_store_name, store.s_company_name, date_dim.d_year, date_dim.d_moy
                      ->  Gather Merge  (cost=94819.99..96481.08 rows=12736 width=131) (actual time=1169.656..1500.493 rows=145664 loops=1)
                            Workers Planned: 2
                            Workers Launched: 2
                            ->  Partial GroupAggregate  (cost=93819.97..94011.01 rows=6368 width=131) (actual time=1098.826..1331.908 rows=48555 loops=3)
                                  Group Key: item.i_category, item.i_brand, store.s_store_name, store.s_company_name, date_dim.d_year, date_dim.d_moy
                                  ->  Sort  (cost=93819.97..93835.89 rows=6368 width=131) (actual time=1098.812..1244.450 rows=215599 loops=3)
                                        Sort Key: item.i_category, item.i_brand, store.s_store_name, store.s_company_name, date_dim.d_year, date_dim.d_moy
                                        Sort Method: external merge  Disk: 35176kB
                                        Worker 0:  Sort Method: external merge  Disk: 28168kB
                                        Worker 1:  Sort Method: external merge  Disk: 28832kB
                                        ->  Hash Join  (cost=4716.17..93417.62 rows=6368 width=131) (actual time=32.438..364.580 rows=215599 loops=3)
                                              Hash Cond: (store_sales.ss_item_sk = item.i_item_sk)
                                              ->  Hash Join  (cost=3055.17..91739.90 rows=6368 width=37) (actual time=14.209..300.012 rows=215599 loops=3)
                                                    Hash Cond: (store_sales.ss_store_sk = store.s_store_sk)
                                                    ->  Hash Join  (cost=3053.90..91715.19 rows=6679 width=32) (actual time=14.164..263.702 rows=220788 loops=3)
                                                          Hash Cond: (store_sales.ss_sold_date_sk = date_dim.d_date_sk)
                                                          ->  Parallel Seq Scan on store_sales  (cost=0.00..85499.45 rows=1204445 width=32) (actual time=0.012..119.620 rows=948150 loops=3)
                                                          ->  Hash  (cost=3048.60..3048.60 rows=424 width=16) (actual time=14.135..14.136 rows=428 loops=3)
                                                                Buckets: 1024  Batches: 1  Memory Usage: 29kB
                                                                ->  Seq Scan on date_dim  (cost=0.00..3048.60 rows=424 width=16) (actual time=6.646..14.072 rows=428 loops=3)
                                                                      Filter: ((d_year = 2000) OR ((d_year = 1999) AND (d_moy = 12)) OR ((d_year = 2001) AND (d_moy = 1)))
                                                                      Rows Removed by Filter: 72621
                                                    ->  Hash  (cost=1.12..1.12 rows=12 width=21) (actual time=0.028..0.028 rows=12 loops=3)
                                                          Buckets: 1024  Batches: 1  Memory Usage: 9kB
                                                          ->  Seq Scan on store  (cost=0.00..1.12 rows=12 width=21) (actual time=0.021..0.024 rows=12 loops=3)
                                              ->  Hash  (cost=1436.00..1436.00 rows=18000 width=110) (actual time=18.110..18.111 rows=18000 loops=3)
                                                    Buckets: 32768  Batches: 1  Memory Usage: 2783kB
                                                    ->  Seq Scan on item  (cost=0.00..1436.00 rows=18000 width=110) (actual time=0.026..13.752 rows=18000 loops=3)
  ->  Sort  (cost=1795.99..1795.99 rows=1 width=456) (actual time=1905.550..1905.556 rows=100 loops=1)
        Sort Key: ((v1.sum_sales - v1.avg_monthly_sales)), v1.avg_monthly_sales
        Sort Method: top-N heapsort  Memory: 72kB
        ->  Hash Join  (cost=1184.64..1795.98 rows=1 width=456) (actual time=1839.048..1893.338 rows=47731 loops=1)
              Hash Cond: ((v1_lead.i_category = v1.i_category) AND (v1_lead.i_brand = v1.i_brand) AND ((v1_lead.s_store_name)::text = (v1.s_store_name)::text) AND ((v1_lead.s_company_name)::text = (v1.s_company_name)::text) AND ((v1_lead.rn - 1) = v1.rn))
              ->  CTE Scan on v1 v1_lead  (cost=0.00..305.66 rows=15283 width=660) (actual time=1169.687..1178.701 rows=65768 loops=1)
              ->  Hash  (cost=1184.62..1184.62 rows=1 width=1336) (actual time=669.337..669.338 rows=50147 loops=1)
                    Buckets: 65536 (originally 1024)  Batches: 1 (originally 1)  Memory Usage: 16183kB
                    ->  Hash Join  (cost=573.29..1184.62 rows=1 width=1336) (actual time=587.298..642.779 rows=50147 loops=1)
                          Hash Cond: ((v1_lag.i_category = v1.i_category) AND (v1_lag.i_brand = v1.i_brand) AND ((v1_lag.s_store_name)::text = (v1.s_store_name)::text) AND ((v1_lag.s_company_name)::text = (v1.s_company_name)::text) AND ((v1_lag.rn + 1) = v1.rn))
                          ->  CTE Scan on v1 v1_lag  (cost=0.00..305.66 rows=15283 width=660) (actual time=0.000..8.498 rows=65768 loops=1)
                          ->  Hash  (cost=573.11..573.11 rows=8 width=676) (actual time=587.287..587.288 rows=51056 loops=1)
                                Buckets: 65536 (originally 1024)  Batches: 1 (originally 1)  Memory Usage: 9687kB
                                ->  CTE Scan on v1  (cost=0.00..573.11 rows=8 width=676) (actual time=0.002..560.850 rows=51528 loops=1)
                                      Filter: ((avg_monthly_sales > '0'::double precision) AND (d_year = 2000) AND (CASE WHEN (avg_monthly_sales > '0'::double precision) THEN (abs((sum_sales - avg_monthly_sales)) / avg_monthly_sales) ELSE NULL::double precision END > '0.1'::double precision))
                                      Rows Removed by Filter: 14240
                     i_category                     |                      i_brand                       | d_year | d_moy | avg_monthly_sales  |     sum_sales      |        psum        |        nsum        
----------------------------------------------------+----------------------------------------------------+--------+-------+--------------------+--------------------+--------------------+--------------------
 Women                                              | importoamalg #2                                    |   2000 |     6 |  4752.400833333332 |            1520.05 | 3470.8399999999992 |            2381.02
 Women                                              | edu packamalg #2                                   |   2000 |     5 |  5210.048333333334 |            2006.26 | 3811.7799999999997 |             2582.1
 Women                                              | edu packamalg #2                                   |   2000 |     5 |  5321.937499999999 |            2149.02 |            3112.51 | 2651.7799999999997
 Children                                           | importoexporti #2                                  |   2000 |     2 |  5207.778333333334 | 2039.7299999999998 | 3707.2999999999993 |            2051.55
 Children                                           | importoexporti #2                                  |   2000 |     3 |  5207.778333333334 |            2051.55 | 2039.7299999999998 | 3293.6700000000005
 Women                                              | edu packamalg #2                                   |   2000 |     4 |  5275.634166666667 |            2200.42 | 2865.2299999999996 | 2276.2200000000003
 Women                                              | amalgamalg #2                                      |   2000 |     7 | 4068.6166666666672 |            1002.99 | 1854.1599999999999 |            4658.85
 Women                                              | importoamalg #2                                    |   2000 |     6 |             4951.9 | 1893.9199999999998 | 2047.1900000000005 |            2350.37
 Shoes                                              | edu packedu pack #2                                |   2000 |     4 |  4868.309166666667 | 1819.1799999999998 |             2844.7 | 2192.4699999999993
 Women                                              | edu packamalg #2                                   |   2000 |     5 |  5275.634166666667 | 2276.2200000000003 |            2200.42 | 2344.0599999999995
 Music                                              | amalgscholar #2                                    |   2000 |     6 |  4714.258333333333 | 1762.8600000000001 |            2291.98 |            2424.18
 Children                                           | exportiexporti #2                                  |   2000 |     2 |          5016.6025 |               2074 |            3521.17 |            2897.34
 Women                                              | edu packamalg #2                                   |   2000 |     6 |  5275.634166666667 | 2344.0599999999995 | 2276.2200000000003 |            3141.39
 Shoes                                              | exportiedu pack #2                                 |   2000 |     6 |  4828.294166666667 | 1898.2900000000002 |            2371.54 | 3259.9000000000005
 Women                                              | importoamalg #2                                    |   2000 |     5 |             4951.9 | 2047.1900000000005 |            2810.61 | 1893.9199999999998
 Music                                              | exportischolar #2                                  |   2000 |     5 |  5049.676666666667 |             2150.7 |            3419.67 |            2639.88
 Women                                              | exportiamalg #2                                    |   2000 |     1 |  4623.759999999999 |            1738.79 |  4700.490000000001 | 3562.6800000000003
 Women                                              | importoamalg #2                                    |   2000 |     2 |  4999.921666666666 |            2118.95 |            2434.18 |            2331.85
 Shoes                                              | exportiedu pack #2                                 |   2000 |     2 | 4718.2266666666665 | 1881.0300000000002 |            3805.83 | 3336.3199999999997
 Children                                           | importoexporti #2                                  |   2000 |     2 |  4885.155833333333 |            2052.91 | 3765.4000000000005 | 2549.8600000000006
 Shoes                                              | amalgedu pack #2                                   |   2000 |     6 |  4931.243333333335 |             2110.4 |            2903.38 |            2813.79
 Shoes                                              | edu packedu pack #2                                |   2000 |     4 |  4720.506666666667 |            1901.94 | 2946.0299999999997 |            3372.71
 Children                                           | exportiexporti #2                                  |   2000 |     2 |          5111.5575 | 2299.7199999999993 |            3277.66 |            2574.81
 Children                                           | importoexporti #2                                  |   2000 |     5 |  5207.778333333334 | 2410.9400000000005 | 3293.6700000000005 |            2822.28
 Shoes                                              | amalgedu pack #2                                   |   2000 |     6 |  4896.894166666666 | 2105.1899999999996 | 2811.0600000000004 |            3029.04
 Children                                           | exportiexporti #2                                  |   2000 |     6 |          5111.5575 |            2323.26 |            3510.71 |            2671.67
 Men                                                | importoimporto #2                                  |   2000 |     5 |  4524.947499999999 | 1738.8899999999999 |            2068.03 |            2294.79
 Music                                              | exportischolar #2                                  |   2000 |     4 |           4896.165 |            2124.24 |            2687.82 |            2341.68
 Shoes                                              | edu packedu pack #2                                |   2000 |     3 |  4863.230833333333 |            2096.87 |            3107.93 |            2422.36
 Women                                              | importoamalg #2                                    |   2000 |     2 |             4951.9 |            2194.41 | 3883.7999999999993 | 2764.7200000000003
 Music                                              | importoscholar #2                                  |   2000 |     2 |  4484.344166666667 | 1737.2299999999998 | 2993.8900000000003 | 2880.2400000000002
 Men                                                | importoimporto #2                                  |   2000 |     2 |  4524.947499999999 |            1778.09 | 3785.8499999999995 |            2878.46
 Men                                                | amalgimporto #2                                    |   2000 |     2 |            4049.35 |            1307.86 |            3275.34 |            2628.72
 Music                                              | exportischolar #2                                  |   2000 |     4 |  5205.499166666666 |            2471.87 |            3050.74 | 3022.7000000000003
 Women                                              | exportiamalg #2                                    |   2000 |     7 |  4853.243333333333 | 2120.7200000000003 | 2768.0600000000004 |  7045.249999999999
 Men                                                | importoimporto #2                                  |   2000 |     7 |  4594.060833333333 | 1866.0100000000002 |            2121.66 |  5466.759999999998
 Children                                           | amalgexporti #2                                    |   2000 |     5 |  4425.845833333333 | 1702.2200000000003 | 2253.6400000000003 | 1782.5500000000002
 Women                                              | exportiamalg #2                                    |   2000 |     4 |           4674.735 | 1955.7800000000002 |            3370.53 | 2639.7799999999997
 Women                                              | exportiamalg #2                                    |   2000 |     4 |  4806.779166666666 |            2091.64 | 2313.6899999999996 | 2607.1600000000008
 Women                                              | edu packamalg #2                                   |   2000 |     2 |  5321.937499999999 |            2611.56 |  4444.489999999999 |            3573.58
 Men                                                | edu packimporto #2                                 |   2000 |     7 |  4390.395833333333 |            1686.25 |            2487.51 |            6399.83
 Shoes                                              | amalgedu pack #2                                   |   2000 |     5 | 4852.4766666666665 |            2154.24 |  2817.870000000001 | 3155.6900000000005
 Music                                              | importoscholar #2                                  |   2000 |     6 |  4559.964166666666 |             1873.4 | 2317.0899999999997 |             2172.3
 Shoes                                              | amalgedu pack #2                                   |   2000 |     6 |  4652.128333333334 | 1975.1499999999999 |            3353.13 | 2882.7700000000004
 Shoes                                              | edu packedu pack #2                                |   2000 |     5 |  4868.309166666667 | 2192.4699999999993 | 1819.1799999999998 | 2707.1700000000005
 Women                                              | edu packamalg #2                                   |   2000 |     6 |  5321.937499999999 | 2651.7799999999997 |            2149.02 |  4099.490000000001
 Women                                              | importoamalg #2                                    |   2000 |     3 |  4999.921666666666 |            2331.85 |            2118.95 |  3608.789999999999
 Children                                           | edu packexporti #2                                 |   2000 |     2 |  4376.607500000001 | 1710.1100000000001 | 2591.6200000000003 | 1847.1599999999999
 Children                                           | importoexporti #2                                  |   2000 |     4 |  5070.863333333333 | 2409.7599999999998 | 3069.4200000000005 |            3139.98
 Women                                              | edu packamalg #2                                   |   2000 |     7 |  4744.234166666666 | 2089.2599999999998 |            3165.62 |  5508.859999999999
 Shoes                                              | importoedu pack #2                                 |   2000 |     6 |  4528.964166666667 |            1877.63 |             2094.2 | 3002.3199999999997
 Children                                           | amalgexporti #2                                    |   2000 |     6 |  4425.845833333333 | 1782.5500000000002 | 1702.2200000000003 | 2568.6400000000003
 Shoes                                              | exportiedu pack #2                                 |   2000 |     2 |  4828.294166666667 | 2186.8700000000003 | 3434.8600000000006 | 2958.4400000000005
 Men                                                | amalgimporto #2                                    |   2000 |     2 |  4650.100833333334 | 2014.4700000000003 |            3492.05 |            3220.84
 Women                                              | edu packamalg #2                                   |   2000 |     6 |  5210.048333333334 |             2582.1 |            2006.26 | 2599.6800000000003
 Women                                              | edu packamalg #2                                   |   2000 |     3 |  4744.234166666666 |            2123.78 |            2473.67 |            4031.84
 Children                                           | importoexporti #2                                  |   2000 |     3 |  4701.048333333333 | 2084.6800000000003 | 3341.6400000000003 |            3197.98
 Shoes                                              | edu packedu pack #2                                |   2000 |     5 |          5071.4425 | 2459.8599999999997 |            3476.57 | 2870.7200000000003
 Women                                              | edu packamalg #2                                   |   2000 |     7 |  5210.048333333334 | 2599.6800000000003 |             2582.1 |            7079.16
 Shoes                                              | amalgedu pack #2                                   |   2000 |     2 |          4586.0125 | 1977.0899999999997 | 2277.3199999999997 | 3260.2400000000007
 Children                                           | importoexporti #2                                  |   2000 |     7 |  4885.155833333333 |            2281.63 |            2743.67 |  7177.720000000001
 Women                                              | importoamalg #2                                    |   2000 |     7 |             4951.9 |            2350.37 | 1893.9199999999998 |  6841.299999999999
 Women                                              | importoamalg #2                                    |   2000 |     5 |  4641.299166666667 |             2043.1 |             3313.7 | 2305.4700000000003
 Children                                           | edu packexporti #2                                 |   2000 |     3 |  4124.303333333333 | 1537.6100000000004 |            2832.76 | 2217.8199999999997
 Women                                              | edu packamalg #2                                   |   2000 |     2 |  5210.048333333334 |            2624.42 |               3200 |            3696.03
 Women                                              | exportiamalg #2                                    |   2000 |     6 |  4623.759999999999 |            2048.41 | 3035.3499999999995 | 2959.0099999999998
 Music                                              | edu packscholar #2                                 |   2000 |     6 |  4092.361666666666 |            1517.07 |            1926.92 |            2758.35
 Men                                                | importoimporto #2                                  |   2000 |     2 |  4510.083333333333 |             1938.6 | 2993.2099999999996 |  3099.379999999999
 Shoes                                              | amalgedu pack #2                                   |   2000 |     2 | 4852.4766666666665 |            2283.35 |             3973.7 |            3486.49
 Women                                              | importoamalg #2                                    |   2000 |     1 |  4999.921666666666 |            2434.18 |            4975.93 |            2118.95
 Women                                              | exportiamalg #2                                    |   2000 |     6 |  4366.475833333333 | 1808.8700000000003 | 2996.6499999999996 |               2693
 Music                                              | exportischolar #2                                  |   2000 |     5 |           4896.165 |            2341.68 |            2124.24 |            2801.93
 Children                                           | edu packexporti #2                                 |   2000 |     5 |  4080.663333333334 |            1530.66 | 2612.7200000000003 |            1870.62
 Music                                              | exportischolar #2                                  |   2000 |     2 |  5078.800833333334 | 2528.9799999999996 | 3938.9300000000003 | 2935.8599999999997
 Music                                              | exportischolar #2                                  |   2000 |     6 |  4713.970833333334 | 2166.4500000000003 | 2276.3900000000003 |            3265.48
 Women                                              | edu packamalg #2                                   |   2000 |     2 |  4951.825833333333 | 2410.5199999999995 | 3799.9899999999993 | 2945.4000000000005
 Women                                              | edu packamalg #2                                   |   2000 |     6 |  4951.825833333333 |            2414.11 | 2810.5099999999998 | 2724.9900000000002
 Children                                           | exportiexporti #2                                  |   2000 |     3 |          5111.5575 |            2574.81 | 2299.7199999999993 | 4044.4300000000003
 Men                                                | importoimporto #2                                  |   2000 |     2 |  4594.060833333333 | 2057.3999999999996 |  2515.830000000001 |            2397.19
 Children                                           | exportiexporti #2                                  |   2000 |     3 |  5169.833333333333 | 2633.5600000000004 |            2704.61 | 3234.9900000000002
 Children                                           | edu packexporti #2                                 |   2000 |     3 |  4376.607500000001 | 1847.1599999999999 | 1710.1100000000001 |            2858.85
 Music                                              | amalgscholar #2                                    |   2000 |     4 |  4501.115833333333 |             1974.6 | 2650.0800000000004 |            3170.93
 Men                                                | edu packimporto #2                                 |   2000 |     4 |  4342.826666666667 |            1818.42 |            2516.33 |            2226.07
 Music                                              | importoscholar #2                                  |   2000 |     4 |  4559.964166666666 | 2039.3600000000001 |            2569.96 | 2317.0899999999997
 Music                                              | importoscholar #2                                  |   2000 |     6 |  4563.220833333334 |            2043.49 |            2694.16 | 2622.9500000000003
 Men                                                | amalgimporto #2                                    |   2000 |     6 |            4444.34 |            1935.71 |            2915.75 | 2722.7800000000007
 Shoes                                              | edu packedu pack #2                                |   2000 |     6 |  4720.506666666667 | 2214.9400000000005 |            3372.71 | 2792.4399999999996
 Men                                                | amalgimporto #2                                    |   2000 |     3 |  4316.488333333334 | 1813.1600000000003 | 2929.2000000000007 |            2285.09
 Women                                              | exportiamalg #2                                    |   2000 |     3 |  4806.779166666666 | 2313.6899999999996 |            3413.16 |            2091.64
 Children                                           | exportiexporti #2                                  |   2000 |     6 |  5169.833333333333 |            2676.93 |            3362.87 | 2755.4599999999996
 Children                                           | amalgexporti #2                                    |   2000 |     5 |  4579.424166666667 | 2091.9300000000003 |            2498.36 | 3253.8900000000003
 Shoes                                              | edu packedu pack #2                                |   2000 |     7 |  4868.309166666667 |            2384.61 | 2707.1700000000005 |            6598.76
 Shoes                                              | exportiedu pack #2                                 |   2000 |     5 |  4740.880833333333 | 2257.7699999999995 | 3917.4300000000003 |            2860.12
 Music                                              | importoscholar #2                                  |   2000 |     2 |  4559.964166666666 | 2077.1099999999997 |            3124.79 |            2569.96
 Men                                                | amalgimporto #2                                    |   2000 |     6 |  4316.488333333334 | 1837.6100000000001 |            2323.91 | 2779.4999999999995
 Children                                           | importoexporti #2                                  |   2000 |     5 | 4886.3308333333325 | 2409.4199999999996 | 2909.6099999999997 | 2599.5800000000004
 Men                                                | importoimporto #2                                  |   2000 |     6 |  4594.060833333333 |            2121.66 |            2170.24 | 1866.0100000000002
 Children                                           | edu packexporti #2                                 |   2000 |     5 |  4376.607500000001 | 1904.3400000000001 |            2858.85 |            2550.02
 Music                                              | exportischolar #2                                  |   2000 |     7 |           4896.165 | 2425.7200000000003 |            2801.93 |            4976.39
 Men                                                | amalgimporto #2                                    |   2000 |     3 |            4444.34 | 1977.6100000000001 |             2206.4 |            2005.94
(100 rows)

UPDATE time_statistics SET e_time = TRANSACTION_TIMESTAMP() WHERE template = 'query47.tpl' AND stream = 7;
psql:/tmp/s1-basline/throughput/query_7.sql:1397: NOTICE:  duration: 0.100 ms  plan:
Query Text: UPDATE time_statistics SET e_time = TRANSACTION_TIMESTAMP() WHERE template = 'query47.tpl' AND stream = 7;
Update on time_statistics  (cost=0.00..16.72 rows=0 width=0) (actual time=0.099..0.099 rows=0 loops=1)
  ->  Seq Scan on time_statistics  (cost=0.00..16.72 rows=1 width=14) (actual time=0.077..0.084 rows=1 loops=1)
        Filter: ((template = 'query47.tpl'::text) AND (stream = 7))
        Rows Removed by Filter: 607
UPDATE 1
LOAD 'auto_explain'; SET auto_explain.log_min_duration TO 0; SET auto_explain.log_analyze TO on; SET auto_explain.log_level TO notice; INSERT INTO time_statistics (template, s_time, stream, query, seed) VALUES ('query60.tpl', TRANSACTION_TIMESTAMP(), 7, 32, 2096309711);
LOAD
SET
SET
SET
psql:/tmp/s1-basline/throughput/query_7.sql:1398: NOTICE:  duration: 0.008 ms  plan:
Query Text: INSERT INTO time_statistics (template, s_time, stream, query, seed) VALUES ('query60.tpl', TRANSACTION_TIMESTAMP(), 7, 32, 2096309711);
Insert on time_statistics  (cost=0.00..0.01 rows=0 width=0) (actual time=0.008..0.008 rows=0 loops=1)
  ->  Result  (cost=0.00..0.01 rows=1 width=64) (actual time=0.002..0.002 rows=1 loops=1)
INSERT 0 1
with ss as (
 select
          i_item_id,sum(ss_ext_sales_price) total_sales
 from
 	store_sales,
 	date_dim,
         customer_address,
         item
 where
         i_item_id in (select
  i_item_id
from
 item
where i_category in ('Men'))
 and     ss_item_sk              = i_item_sk
 and     ss_sold_date_sk         = d_date_sk
 and     d_year                  = 1999
 and     d_moy                   = 10
 and     ss_addr_sk              = ca_address_sk
 and     ca_gmt_offset           = -6 
 group by i_item_id),
 cs as (
 select
          i_item_id,sum(cs_ext_sales_price) total_sales
 from
 	catalog_sales,
 	date_dim,
         customer_address,
         item
 where
         i_item_id               in (select
  i_item_id
from
 item
where i_category in ('Men'))
 and     cs_item_sk              = i_item_sk
 and     cs_sold_date_sk         = d_date_sk
 and     d_year                  = 1999
 and     d_moy                   = 10
 and     cs_bill_addr_sk         = ca_address_sk
 and     ca_gmt_offset           = -6 
 group by i_item_id),
 ws as (
 select
          i_item_id,sum(ws_ext_sales_price) total_sales
 from
 	web_sales,
 	date_dim,
         customer_address,
         item
 where
         i_item_id               in (select
  i_item_id
from
 item
where i_category in ('Men'))
 and     ws_item_sk              = i_item_sk
 and     ws_sold_date_sk         = d_date_sk
 and     d_year                  = 1999
 and     d_moy                   = 10
 and     ws_bill_addr_sk         = ca_address_sk
 and     ca_gmt_offset           = -6
 group by i_item_id)
  select   
  i_item_id
,sum(total_sales) total_sales
 from  (select * from ss 
        union all
        select * from cs 
        union all
        select * from ws) tmp1
 group by i_item_id
 order by i_item_id
      ,total_sales
 limit 100;
psql:/tmp/s1-basline/throughput/query_7.sql:1473: NOTICE:  duration: 422.762 ms  plan:
Query Text: with ss as (
 select
          i_item_id,sum(ss_ext_sales_price) total_sales
 from
 	store_sales,
 	date_dim,
         customer_address,
         item
 where
         i_item_id in (select
  i_item_id
from
 item
where i_category in ('Men'))
 and     ss_item_sk              = i_item_sk
 and     ss_sold_date_sk         = d_date_sk
 and     d_year                  = 1999
 and     d_moy                   = 10
 and     ss_addr_sk              = ca_address_sk
 and     ca_gmt_offset           = -6 
 group by i_item_id),
 cs as (
 select
          i_item_id,sum(cs_ext_sales_price) total_sales
 from
 	catalog_sales,
 	date_dim,
         customer_address,
         item
 where
         i_item_id               in (select
  i_item_id
from
 item
where i_category in ('Men'))
 and     cs_item_sk              = i_item_sk
 and     cs_sold_date_sk         = d_date_sk
 and     d_year                  = 1999
 and     d_moy                   = 10
 and     cs_bill_addr_sk         = ca_address_sk
 and     ca_gmt_offset           = -6 
 group by i_item_id),
 ws as (
 select
          i_item_id,sum(ws_ext_sales_price) total_sales
 from
 	web_sales,
 	date_dim,
         customer_address,
         item
 where
         i_item_id               in (select
  i_item_id
from
 item
where i_category in ('Men'))
 and     ws_item_sk              = i_item_sk
 and     ws_sold_date_sk         = d_date_sk
 and     d_year                  = 1999
 and     d_moy                   = 10
 and     ws_bill_addr_sk         = ca_address_sk
 and     ca_gmt_offset           = -6
 group by i_item_id)
  select   
  i_item_id
,sum(total_sales) total_sales
 from  (select * from ss 
        union all
        select * from cs 
        union all
        select * from ws) tmp1
 group by i_item_id
 order by i_item_id
      ,total_sales
 limit 100;
Limit  (cost=43742.57..43742.82 rows=100 width=25) (actual time=386.908..422.729 rows=100 loops=1)
  ->  Sort  (cost=43742.57..43743.00 rows=173 width=25) (actual time=386.907..422.721 rows=100 loops=1)
        Sort Key: item.i_item_id, (sum((sum(store_sales.ss_ext_sales_price))))
        Sort Method: top-N heapsort  Memory: 32kB
        ->  Finalize GroupAggregate  (cost=43715.55..43736.14 rows=173 width=25) (actual time=383.203..421.864 rows=1657 loops=1)
              Group Key: item.i_item_id
              ->  Gather Merge  (cost=43715.55..43733.68 rows=146 width=25) (actual time=383.193..421.103 rows=3846 loops=1)
                    Workers Planned: 2
                    Workers Launched: 2
                    ->  Partial GroupAggregate  (cost=42715.52..42716.80 rows=73 width=25) (actual time=225.519..226.006 rows=1282 loops=3)
                          Group Key: item.i_item_id
                          ->  Sort  (cost=42715.52..42715.70 rows=73 width=25) (actual time=225.516..225.573 rows=1282 loops=3)
                                Sort Key: item.i_item_id
                                Sort Method: quicksort  Memory: 143kB
                                Worker 0:  Sort Method: quicksort  Memory: 89kB
                                Worker 1:  Sort Method: quicksort  Memory: 160kB
                                ->  Parallel Append  (cost=13778.45..42713.26 rows=73 width=25) (actual time=224.232..225.044 rows=1282 loops=3)
                                      ->  GroupAggregate  (cost=42710.28..42711.95 rows=95 width=25) (actual time=373.386..374.490 rows=1583 loops=1)
                                            Group Key: item.i_item_id
                                            ->  Sort  (cost=42710.28..42710.52 rows=95 width=25) (actual time=373.377..373.585 rows=4939 loops=1)
                                                  Sort Key: item.i_item_id
                                                  Worker 1:  Sort Method: quicksort  Memory: 539kB
                                                  ->  Nested Loop Semi Join  (cost=1.29..42707.16 rows=95 width=25) (actual time=8.425..361.711 rows=4939 loops=1)
                                                        ->  Nested Loop  (cost=1.01..42510.91 rows=479 width=25) (actual time=8.185..222.437 rows=26955 loops=1)
                                                              ->  Nested Loop  (cost=0.72..42364.57 rows=479 width=16) (actual time=8.101..168.956 rows=26955 loops=1)
                                                                    ->  Nested Loop  (cost=0.43..42012.49 rows=1134 width=24) (actual time=7.965..80.269 rows=62305 loops=1)
                                                                          ->  Seq Scan on date_dim  (cost=0.00..2500.73 rows=30 width=8) (actual time=7.879..14.422 rows=31 loops=1)
                                                                                Filter: ((d_year = 1999) AND (d_moy = 10))
                                                                                Rows Removed by Filter: 73018
                                                                          ->  Index Scan using i_ss_sold_date_sk on store_sales  (cost=0.43..1301.91 rows=1515 width=32) (actual time=0.014..1.715 rows=2010 loops=31)
                                                                                Index Cond: (ss_sold_date_sk = date_dim.d_date_sk)
                                                                    ->  Index Scan using pk_customer_address on customer_address  (cost=0.29..0.31 rows=1 width=8) (actual time=0.001..0.001 rows=0 loops=62305)
                                                                          Index Cond: (ca_address_sk = store_sales.ss_addr_sk)
                                                                          Filter: (ca_gmt_offset = '-6'::double precision)
                                                                          Rows Removed by Filter: 1
                                                              ->  Index Scan using pk_item on item  (cost=0.29..0.31 rows=1 width=25) (actual time=0.002..0.002 rows=1 loops=26955)
                                                                    Index Cond: (i_item_sk = store_sales.ss_item_sk)
                                                        ->  Index Scan using i_i_item_id on item item_1  (cost=0.29..0.41 rows=1 width=17) (actual time=0.005..0.005 rows=0 loops=26955)
                                                              Index Cond: (i_item_id = item.i_item_id)
                                                              Filter: (i_category = 'Men'::bpchar)
                                                              Rows Removed by Filter: 2
                                      ->  GroupAggregate  (cost=13778.45..13778.91 rows=26 width=25) (actual time=126.496..126.899 rows=921 loops=1)
                                            Group Key: item_2.i_item_id
                                            ->  Sort  (cost=13778.45..13778.52 rows=26 width=25) (actual time=126.488..126.541 rows=1328 loops=1)
                                                  Sort Key: item_2.i_item_id
                                                  Worker 0:  Sort Method: quicksort  Memory: 142kB
                                                  ->  Nested Loop Semi Join  (cost=1.29..13777.84 rows=26 width=25) (actual time=8.201..123.469 rows=1328 loops=1)
                                                        ->  Nested Loop  (cost=1.00..13724.17 rows=131 width=25) (actual time=8.102..84.398 rows=7107 loops=1)
                                                              ->  Nested Loop  (cost=0.71..13683.95 rows=131 width=16) (actual time=8.035..62.319 rows=7107 loops=1)
                                                                    ->  Nested Loop  (cost=0.42..13591.31 rows=297 width=24) (actual time=7.747..35.019 rows=16363 loops=1)
                                                                          ->  Seq Scan on date_dim date_dim_1  (cost=0.00..2500.73 rows=30 width=8) (actual time=7.667..13.853 rows=31 loops=1)
                                                                                Filter: ((d_year = 1999) AND (d_moy = 10))
                                                                                Rows Removed by Filter: 73018
                                                                          ->  Index Scan using i_ws_sold_date_sk on web_sales  (cost=0.42..365.72 rows=397 width=32) (actual time=0.014..0.568 rows=528 loops=31)
                                                                                Index Cond: (ws_sold_date_sk = date_dim_1.d_date_sk)
                                                                    ->  Index Scan using pk_customer_address on customer_address customer_address_1  (cost=0.29..0.31 rows=1 width=8) (actual time=0.001..0.001 rows=0 loops=16363)
                                                                          Index Cond: (ca_address_sk = web_sales.ws_bill_addr_sk)
                                                                          Filter: (ca_gmt_offset = '-6'::double precision)
                                                                          Rows Removed by Filter: 1
                                                              ->  Index Scan using pk_item on item item_2  (cost=0.29..0.31 rows=1 width=25) (actual time=0.003..0.003 rows=1 loops=7107)
                                                                    Index Cond: (i_item_sk = web_sales.ws_item_sk)
                                                        ->  Index Scan using i_i_item_id on item item_3  (cost=0.29..0.41 rows=1 width=17) (actual time=0.005..0.005 rows=0 loops=7107)
                                                              Index Cond: (i_item_id = item_2.i_item_id)
                                                              Filter: (i_category = 'Men'::bpchar)
                                                              Rows Removed by Filter: 2
                                      ->  GroupAggregate  (cost=4547.62..4548.53 rows=52 width=25) (actual time=172.810..173.502 rows=1342 loops=1)
                                            Group Key: item_4.i_item_id
                                            ->  Sort  (cost=4547.62..4547.75 rows=52 width=25) (actual time=172.803..172.902 rows=2596 loops=1)
                                                  Sort Key: item_4.i_item_id
                                                  Sort Method: quicksort  Memory: 279kB
                                                  ->  Nested Loop Semi Join  (cost=1.29..4546.14 rows=52 width=25) (actual time=4.299..166.908 rows=2596 loops=1)
                                                        ->  Nested Loop  (cost=1.00..4439.61 rows=260 width=25) (actual time=4.290..96.259 rows=13789 loops=1)
                                                              ->  Nested Loop  (cost=0.72..4360.05 rows=260 width=16) (actual time=4.285..70.559 rows=13789 loops=1)
                                                                    ->  Nested Loop  (cost=0.43..4176.58 rows=590 width=24) (actual time=4.261..23.244 rows=31914 loops=1)
                                                                          ->  Seq Scan on date_dim date_dim_2  (cost=0.00..2500.73 rows=30 width=8) (actual time=4.248..9.311 rows=31 loops=1)
                                                                                Filter: ((d_year = 1999) AND (d_moy = 10))
                                                                                Rows Removed by Filter: 73018
                                                                          ->  Index Scan using i_cs_sold_date_sk on catalog_sales  (cost=0.43..48.01 rows=785 width=32) (actual time=0.005..0.250 rows=1029 loops=31)
                                                                                Index Cond: (cs_sold_date_sk = date_dim_2.d_date_sk)
                                                                    ->  Index Scan using pk_customer_address on customer_address customer_address_2  (cost=0.29..0.31 rows=1 width=8) (actual time=0.001..0.001 rows=0 loops=31914)
                                                                          Index Cond: (ca_address_sk = catalog_sales.cs_bill_addr_sk)
                                                                          Filter: (ca_gmt_offset = '-6'::double precision)
                                                                          Rows Removed by Filter: 1
                                                              ->  Index Scan using pk_item on item item_4  (cost=0.29..0.31 rows=1 width=25) (actual time=0.002..0.002 rows=1 loops=13789)
                                                                    Index Cond: (i_item_sk = catalog_sales.cs_item_sk)
                                                        ->  Index Scan using i_i_item_id on item item_5  (cost=0.29..0.41 rows=1 width=17) (actual time=0.005..0.005 rows=0 loops=13789)
                                                              Index Cond: (i_item_id = item_4.i_item_id)
                                                              Filter: (i_category = 'Men'::bpchar)
                                                              Rows Removed by Filter: 2
    i_item_id     |    total_sales     
------------------+--------------------
 AAAAAAAAAAABAAAA |            5027.52
 AAAAAAAAAABBAAAA |            2270.59
 AAAAAAAAAACCAAAA |           12839.25
 AAAAAAAAAAEEAAAA |            2548.23
 AAAAAAAAAAIAAAAA |           10876.36
 AAAAAAAAAAJBAAAA |            3267.41
 AAAAAAAAAAKDAAAA |           16585.15
 AAAAAAAAAAMBAAAA |            4986.51
 AAAAAAAAAAOAAAAA | 1560.8600000000001
 AAAAAAAAABBAAAAA | 11474.759999999998
 AAAAAAAAABCCAAAA |            2753.84
 AAAAAAAAABCEAAAA | 12609.640000000001
 AAAAAAAAABDBAAAA |            9806.52
 AAAAAAAAABEDAAAA |            9402.11
 AAAAAAAAABGAAAAA |            6440.63
 AAAAAAAAABHAAAAA |            1745.27
 AAAAAAAAABICAAAA |           36672.58
 AAAAAAAAABJBAAAA | 25811.879999999997
 AAAAAAAAABKCAAAA |            3247.54
 AAAAAAAAABLBAAAA |           13423.41
 AAAAAAAAABLCAAAA | 12092.350000000002
 AAAAAAAAABMAAAAA |  9957.560000000001
 AAAAAAAAABMDAAAA |            3694.36
 AAAAAAAAABNAAAAA |            3471.42
 AAAAAAAAABPDAAAA |           11576.72
 AAAAAAAAACAAAAAA | 21823.489999999998
 AAAAAAAAACACAAAA |            9070.58
 AAAAAAAAACBEAAAA |            11500.6
 AAAAAAAAACECAAAA |  8015.719999999999
 AAAAAAAAACFAAAAA |            8654.14
 AAAAAAAAACGDAAAA |  4174.150000000001
 AAAAAAAAACHBAAAA | 5527.5599999999995
 AAAAAAAAACIAAAAA |            9365.38
 AAAAAAAAACJCAAAA |           23124.29
 AAAAAAAAACKBAAAA |             1845.1
 AAAAAAAAACLDAAAA |            5176.04
 AAAAAAAAACMCAAAA |           16791.87
 AAAAAAAAADACAAAA |           11498.22
 AAAAAAAAADEDAAAA |            3510.48
 AAAAAAAAADFCAAAA |             4762.9
 AAAAAAAAADHAAAAA | 28742.109999999997
 AAAAAAAAADIDAAAA | 3748.9300000000003
 AAAAAAAAADMBAAAA |           30639.22
 AAAAAAAAADOCAAAA |           13696.21
 AAAAAAAAADODAAAA |  6097.779999999999
 AAAAAAAAAECBAAAA |  7694.380000000001
 AAAAAAAAAECEAAAA |            9218.92
 AAAAAAAAAEDAAAAA |            18422.3
 AAAAAAAAAEFCAAAA |                464
 AAAAAAAAAEGAAAAA |             593.36
 AAAAAAAAAEGDAAAA | 7173.3099999999995
 AAAAAAAAAEGEAAAA |           10180.57
 AAAAAAAAAEJBAAAA |            17366.6
 AAAAAAAAAENCAAAA |            3453.09
 AAAAAAAAAFGDAAAA |            2664.04
 AAAAAAAAAFHCAAAA |           16984.33
 AAAAAAAAAFMCAAAA | 12870.400000000001
 AAAAAAAAAFMDAAAA | 19577.399999999998
 AAAAAAAAAFPAAAAA |            5213.86
 AAAAAAAAAFPCAAAA |           27913.55
 AAAAAAAAAFPDAAAA |            5960.33
 AAAAAAAAAGABAAAA |            3126.54
 AAAAAAAAAGBBAAAA |           17925.37
 AAAAAAAAAGCDAAAA |            7626.14
 AAAAAAAAAGDEAAAA |            6853.53
 AAAAAAAAAGFCAAAA |            5719.86
 AAAAAAAAAGHDAAAA | 24305.760000000002
 AAAAAAAAAGIDAAAA |           25759.48
 AAAAAAAAAGJBAAAA |           12237.36
 AAAAAAAAAGKBAAAA |            3099.13
 AAAAAAAAAGNDAAAA |           22620.29
 AAAAAAAAAGPBAAAA |            3645.52
 AAAAAAAAAHAAAAAA | 29824.069999999996
 AAAAAAAAAHABAAAA | 16159.779999999999
 AAAAAAAAAHDBAAAA |           14324.86
 AAAAAAAAAHDEAAAA |            2636.45
 AAAAAAAAAHFEAAAA | 16292.369999999999
 AAAAAAAAAHIBAAAA | 29196.529999999995
 AAAAAAAAAHKCAAAA |           23934.17
 AAAAAAAAAHLCAAAA |            3693.01
 AAAAAAAAAHMAAAAA |           21287.14
 AAAAAAAAAHNAAAAA |           18541.71
 AAAAAAAAAHNCAAAA |           14971.25
 AAAAAAAAAHOCAAAA |            4651.35
 AAAAAAAAAIADAAAA |           16644.09
 AAAAAAAAAICAAAAA |           22105.39
 AAAAAAAAAIDAAAAA | 11217.119999999999
 AAAAAAAAAIDDAAAA |           14105.07
 AAAAAAAAAIHBAAAA | 5836.2300000000005
 AAAAAAAAAIIAAAAA |  8226.999999999998
 AAAAAAAAAINBAAAA |  4749.099999999999
 AAAAAAAAAIPCAAAA |           25424.82
 AAAAAAAAAJABAAAA |           21709.91
 AAAAAAAAAJBDAAAA |           35375.86
 AAAAAAAAAJCAAAAA |           10385.06
 AAAAAAAAAJDBAAAA |              753.7
 AAAAAAAAAJDCAAAA |           39298.54
 AAAAAAAAAJEBAAAA |           11626.93
 AAAAAAAAAJFAAAAA |           10485.35
 AAAAAAAAAJFCAAAA |  43528.79000000001
(100 rows)

UPDATE time_statistics SET e_time = TRANSACTION_TIMESTAMP() WHERE template = 'query60.tpl' AND stream = 7;
psql:/tmp/s1-basline/throughput/query_7.sql:1475: NOTICE:  duration: 0.091 ms  plan:
Query Text: UPDATE time_statistics SET e_time = TRANSACTION_TIMESTAMP() WHERE template = 'query60.tpl' AND stream = 7;
Update on time_statistics  (cost=0.00..16.72 rows=0 width=0) (actual time=0.091..0.091 rows=0 loops=1)
  ->  Seq Scan on time_statistics  (cost=0.00..16.72 rows=1 width=14) (actual time=0.070..0.077 rows=1 loops=1)
        Filter: ((template = 'query60.tpl'::text) AND (stream = 7))
        Rows Removed by Filter: 608
UPDATE 1
LOAD 'auto_explain'; SET auto_explain.log_min_duration TO 0; SET auto_explain.log_analyze TO on; SET auto_explain.log_level TO notice; INSERT INTO time_statistics (template, s_time, stream, query, seed) VALUES ('query71.tpl', TRANSACTION_TIMESTAMP(), 7, 33, 1391526565);
LOAD
SET
SET
SET
psql:/tmp/s1-basline/throughput/query_7.sql:1476: NOTICE:  duration: 0.008 ms  plan:
Query Text: INSERT INTO time_statistics (template, s_time, stream, query, seed) VALUES ('query71.tpl', TRANSACTION_TIMESTAMP(), 7, 33, 1391526565);
Insert on time_statistics  (cost=0.00..0.01 rows=0 width=0) (actual time=0.007..0.008 rows=0 loops=1)
  ->  Result  (cost=0.00..0.01 rows=1 width=64) (actual time=0.001..0.002 rows=1 loops=1)
INSERT 0 1
select i_brand_id brand_id, i_brand brand,t_hour,t_minute,
 	sum(ext_price) ext_price
 from item, (select ws_ext_sales_price as ext_price, 
                        ws_sold_date_sk as sold_date_sk,
                        ws_item_sk as sold_item_sk,
                        ws_sold_time_sk as time_sk  
                 from web_sales,date_dim
                 where d_date_sk = ws_sold_date_sk
                   and d_moy=12
                   and d_year=1998
                 union all
                 select cs_ext_sales_price as ext_price,
                        cs_sold_date_sk as sold_date_sk,
                        cs_item_sk as sold_item_sk,
                        cs_sold_time_sk as time_sk
                 from catalog_sales,date_dim
                 where d_date_sk = cs_sold_date_sk
                   and d_moy=12
                   and d_year=1998
                 union all
                 select ss_ext_sales_price as ext_price,
                        ss_sold_date_sk as sold_date_sk,
                        ss_item_sk as sold_item_sk,
                        ss_sold_time_sk as time_sk
                 from store_sales,date_dim
                 where d_date_sk = ss_sold_date_sk
                   and d_moy=12
                   and d_year=1998
                 ) tmp,time_dim
 where
   sold_item_sk = i_item_sk
   and i_manager_id=1
   and time_sk = t_time_sk
   and (t_meal_time = 'breakfast' or t_meal_time = 'dinner')
 group by i_brand, i_brand_id,t_hour,t_minute
 order by ext_price desc, i_brand_id
 ;
psql:/tmp/s1-basline/throughput/query_7.sql:1513: NOTICE:  duration: 346.506 ms  plan:
Query Text: select i_brand_id brand_id, i_brand brand,t_hour,t_minute,
 	sum(ext_price) ext_price
 from item, (select ws_ext_sales_price as ext_price, 
                        ws_sold_date_sk as sold_date_sk,
                        ws_item_sk as sold_item_sk,
                        ws_sold_time_sk as time_sk  
                 from web_sales,date_dim
                 where d_date_sk = ws_sold_date_sk
                   and d_moy=12
                   and d_year=1998
                 union all
                 select cs_ext_sales_price as ext_price,
                        cs_sold_date_sk as sold_date_sk,
                        cs_item_sk as sold_item_sk,
                        cs_sold_time_sk as time_sk
                 from catalog_sales,date_dim
                 where d_date_sk = cs_sold_date_sk
                   and d_moy=12
                   and d_year=1998
                 union all
                 select ss_ext_sales_price as ext_price,
                        ss_sold_date_sk as sold_date_sk,
                        ss_item_sk as sold_item_sk,
                        ss_sold_time_sk as time_sk
                 from store_sales,date_dim
                 where d_date_sk = ss_sold_date_sk
                   and d_moy=12
                   and d_year=1998
                 ) tmp,time_dim
 where
   sold_item_sk = i_item_sk
   and i_manager_id=1
   and time_sk = t_time_sk
   and (t_meal_time = 'breakfast' or t_meal_time = 'dinner')
 group by i_brand, i_brand_id,t_hour,t_minute
 order by ext_price desc, i_brand_id
 ;
Sort  (cost=44866.78..44866.80 rows=10 width=71) (actual time=301.110..346.024 rows=1112 loops=1)
  Sort Key: (sum("*SELECT* 3".ext_price)) DESC, item.i_brand_id
  Sort Method: quicksort  Memory: 170kB
  ->  Finalize GroupAggregate  (cost=44865.39..44866.61 rows=10 width=71) (actual time=299.917..345.665 rows=1112 loops=1)
        Group Key: item.i_brand, item.i_brand_id, time_dim.t_hour, time_dim.t_minute
        ->  Gather Merge  (cost=44865.39..44866.41 rows=8 width=71) (actual time=299.911..345.331 rows=1122 loops=1)
              Workers Planned: 2
              Workers Launched: 2
              ->  Partial GroupAggregate  (cost=43865.36..43865.46 rows=4 width=71) (actual time=179.087..179.247 rows=374 loops=3)
                    Group Key: item.i_brand, item.i_brand_id, time_dim.t_hour, time_dim.t_minute
                    ->  Sort  (cost=43865.36..43865.37 rows=4 width=71) (actual time=179.078..179.097 rows=379 loops=3)
                          Sort Key: item.i_brand, item.i_brand_id, time_dim.t_hour, time_dim.t_minute
                          Sort Method: quicksort  Memory: 63kB
                          Worker 0:  Sort Method: quicksort  Memory: 43kB
                          Worker 1:  Sort Method: quicksort  Memory: 92kB
                          ->  Nested Loop  (cost=1.00..43865.32 rows=4 width=71) (actual time=9.155..178.359 rows=379 loops=3)
                                ->  Nested Loop  (cost=0.71..43849.31 rows=15 width=71) (actual time=8.146..174.234 rows=950 loops=3)
                                      ->  Parallel Append  (cost=0.42..43037.54 rows=870 width=24) (actual time=6.632..66.807 rows=55489 loops=3)
                                            ->  Subquery Scan on "*SELECT* 3"  (cost=0.43..43033.19 rows=1172 width=24) (actual time=7.921..110.767 rows=92473 loops=1)
                                                  ->  Nested Loop  (cost=0.43..43021.47 rows=1172 width=32) (actual time=7.921..103.649 rows=92473 loops=1)
                                                        ->  Seq Scan on date_dim  (cost=0.00..2500.73 rows=31 width=8) (actual time=7.817..13.894 rows=31 loops=1)
                                                              Filter: ((d_moy = 12) AND (d_year = 1998))
                                                              Rows Removed by Filter: 73018
                                                        ->  Index Scan using i_ss_sold_date_sk on store_sales  (cost=0.43..1291.97 rows=1515 width=32) (actual time=0.014..2.424 rows=2983 loops=31)
                                                              Index Cond: (ss_sold_date_sk = date_dim.d_date_sk)
                                            ->  Subquery Scan on "*SELECT* 1"  (cost=0.42..13897.22 rows=307 width=24) (actual time=7.723..45.707 rows=25086 loops=1)
                                                  ->  Nested Loop  (cost=0.42..13894.15 rows=307 width=32) (actual time=7.722..43.674 rows=25086 loops=1)
                                                        ->  Seq Scan on date_dim date_dim_1  (cost=0.00..2500.73 rows=31 width=8) (actual time=7.651..13.691 rows=31 loops=1)
                                                              Filter: ((d_moy = 12) AND (d_year = 1998))
                                                              Rows Removed by Filter: 73018
                                                        ->  Index Scan using i_ws_sold_date_sk on web_sales  (cost=0.42..363.56 rows=397 width=32) (actual time=0.014..0.818 rows=809 loops=31)
                                                              Index Cond: (ws_sold_date_sk = date_dim_1.d_date_sk)
                                            ->  Subquery Scan on "*SELECT* 2"  (cost=0.43..4237.70 rows=610 width=24) (actual time=4.250..33.625 rows=48907 loops=1)
                                                  ->  Nested Loop  (cost=0.43..4231.60 rows=610 width=32) (actual time=4.250..29.903 rows=48907 loops=1)
                                                        ->  Seq Scan on date_dim date_dim_2  (cost=0.00..2500.73 rows=31 width=8) (actual time=4.236..9.670 rows=31 loops=1)
                                                              Filter: ((d_moy = 12) AND (d_year = 1998))
                                                              Rows Removed by Filter: 73018
                                                        ->  Index Scan using i_cs_sold_date_sk on catalog_sales  (cost=0.43..47.98 rows=785 width=32) (actual time=0.005..0.397 rows=1578 loops=31)
                                                              Index Cond: (cs_sold_date_sk = date_dim_2.d_date_sk)
                                      ->  Index Scan using pk_item on item  (cost=0.29..0.93 rows=1 width=63) (actual time=0.002..0.002 rows=0 loops=166466)
                                            Index Cond: (i_item_sk = "*SELECT* 3".sold_item_sk)
                                            Filter: (i_manager_id = 1)
                                            Rows Removed by Filter: 1
                                ->  Index Scan using pk_time_dim on time_dim  (cost=0.29..1.07 rows=1 width=16) (actual time=0.004..0.004 rows=0 loops=2849)
                                      Index Cond: (t_time_sk = "*SELECT* 3".time_sk)
                                      Filter: ((t_meal_time = 'breakfast'::bpchar) OR (t_meal_time = 'dinner'::bpchar))
                                      Rows Removed by Filter: 1
 brand_id |                       brand                        | t_hour | t_minute |     ext_price      
----------+----------------------------------------------------+--------+----------+--------------------
  2003001 | exportiimporto #1                                  |     18 |       13 |                   
  2003002 | exportiimporto #2                                  |      8 |       37 |                   
  2004002 | edu packimporto #2                                 |     19 |       54 |                   
  3002001 | importoexporti #1                                  |     19 |       57 |                   
  3004002 | edu packexporti #2                                 |     19 |       41 |                   
  5002002 | importoscholar #2                                  |     17 |        9 |                   
  7010001 | univnameless #1                                    |      8 |        9 |                   
  7014001 | edu packnameless #1                                |      9 |       16 |                   
  9005008 | scholarmaxi #8                                     |      9 |       30 |                   
 10008013 | namelessunivamalg #13                              |     19 |        6 |                   
  2004002 | edu packimporto #2                                 |     18 |        5 | 19941.920000000002
  1002002 | importoamalg #2                                    |      8 |       31 |           18886.32
  3004001 | edu packexporti #1                                 |     18 |       15 |           17421.25
 10002017 | importounivamalg #17                               |     17 |        1 |           17352.02
  2003001 | exportiimporto #1                                  |      8 |       44 |           15663.78
  1004001 | edu packamalg #1                                   |     18 |       38 |           14705.55
  5004001 | edu packscholar #1                                 |     17 |        8 |           14607.99
  3001001 | amalgexporti #1                                    |     19 |       18 | 14486.460000000001
  4001002 | amalgedu pack #2                                   |      7 |       35 |            13768.3
  5003001 | exportischolar #1                                  |      9 |       24 |           13109.02
  1004001 | edu packamalg #1                                   |      7 |        3 |           11917.42
  8014005 | edu packmaxi #5                                    |     19 |       44 |           11759.31
  8003006 | exportinameless #6                                 |     17 |        6 |           11547.76
  7016004 | corpnameless #4                                    |     17 |       43 |              11508
  3004002 | edu packexporti #2                                 |     17 |       12 |           11250.68
  5002002 | importoscholar #2                                  |     18 |       38 |           11103.62
  2001001 | amalgimporto #1                                    |     18 |        2 |           10981.17
  5001002 | amalgscholar #2                                    |     17 |       44 |           10802.64
  2003001 | exportiimporto #1                                  |     17 |       22 |           10800.79
  3004001 | edu packexporti #1                                 |     19 |       35 |           10781.68
  5001001 | amalgscholar #1                                    |     18 |       48 |            10751.4
  1004002 | edu packamalg #2                                   |     18 |       26 |           10679.82
  8011004 | amalgmaxi #4                                       |     18 |       10 |           10550.12
  7006007 | corpbrand #7                                       |      7 |       42 |            10505.6
  1002002 | importoamalg #2                                    |      9 |       56 |            10499.7
  4002002 | importoedu pack #2                                 |     18 |       21 |            10452.4
  3002001 | importoexporti #1                                  |     18 |       14 |           10416.36
  3004002 | edu packexporti #2                                 |      9 |       20 |           10187.52
 10006009 | corpunivamalg #9                                   |     17 |       51 |            10110.1
  1003002 | exportiamalg #2                                    |      6 |       47 |            9999.82
  2003002 | exportiimporto #2                                  |     17 |       27 |            9952.56
  2004002 | edu packimporto #2                                 |      8 |       15 |            9788.13
 10006009 | corpunivamalg #9                                   |     19 |       57 |            9681.42
  2003002 | exportiimporto #2                                  |     19 |       44 |            9459.44
 10006012 | corpunivamalg #12                                  |     17 |       31 |            9343.53
  4004001 | edu packedu pack #1                                |     19 |       37 |            8917.35
 10013001 | exportiamalgamalg #1                               |     18 |       52 |            8835.24
  8011004 | amalgmaxi #4                                       |     19 |       21 |               8815
  3002001 | importoexporti #1                                  |     18 |       15 |             8775.6
  3002001 | importoexporti #1                                  |     18 |       23 |             8692.5
  5003001 | exportischolar #1                                  |      7 |       50 |            8581.44
  1003002 | exportiamalg #2                                    |      8 |       10 |             8544.3
  1002002 | importoamalg #2                                    |     18 |       25 |             8475.3
  8016005 | corpmaxi #5                                        |     18 |        2 |            8319.08
  4004001 | edu packedu pack #1                                |      9 |       37 |            8310.58
  4002002 | importoedu pack #2                                 |     17 |       43 |            8280.06
  6016008 | corpbrand #8                                       |      8 |       53 |            8263.05
  2003002 | exportiimporto #2                                  |     19 |       20 |            8227.15
  3003001 | exportiexporti #1                                  |     17 |       22 |               8220
 10006012 | corpunivamalg #12                                  |     18 |       39 |            8183.64
  4002002 | importoedu pack #2                                 |     17 |        9 |            8156.54
  3004002 | edu packexporti #2                                 |     17 |       15 |             8033.6
  5002001 | importoscholar #1                                  |      8 |       30 |            7982.55
 10007013 | brandunivamalg #13                                 |      6 |       46 |            7779.61
  5001002 | amalgscholar #2                                    |     17 |       31 |            7655.04
  3004002 | edu packexporti #2                                 |     19 |       48 |             7633.8
  1003001 | exportiamalg #1                                    |      9 |       56 |            7435.97
  1001001 | amalgamalg #1                                      |     19 |       34 |            7343.14
  9006003 | corpmaxi #3                                        |     18 |       21 |            7248.69
  1002001 | importoamalg #1                                    |      8 |       41 |            7175.26
  8015006 | scholarmaxi #6                                     |      8 |       26 |             7171.2
  1004002 | edu packamalg #2                                   |     18 |       20 |            7167.72
  1003002 | exportiamalg #2                                    |     18 |       37 |             7150.5
  6015003 | scholarbrand #3                                    |     19 |       54 |             7094.6
  6012005 | importobrand #5                                    |     17 |       27 |            7075.72
  4003001 | exportiedu pack #1                                 |     19 |       26 |            7005.56
  8005002 | scholarnameless #2                                 |     18 |       33 |               6981
 10006009 | corpunivamalg #9                                   |     17 |       57 |            6955.92
  8006001 | corpnameless #1                                    |     19 |       40 |            6950.58
  7003003 | exportibrand #3                                    |     18 |       21 |            6944.89
  1001001 | amalgamalg #1                                      |      7 |       51 |            6925.42
  6002007 | importocorp #7                                     |     18 |        9 |             6862.2
 10002010 | importounivamalg #10                               |     17 |       36 |            6818.76
  6007007 | brandcorp #7                                       |     19 |       19 |             6794.9
  3004002 | edu packexporti #2                                 |     18 |       20 |            6777.64
  8014005 | edu packmaxi #5                                    |     19 |       30 |            6730.75
  1001001 | amalgamalg #1                                      |     17 |        3 |             6724.1
  6015003 | scholarbrand #3                                    |     19 |       58 |               6707
  3003001 | exportiexporti #1                                  |     17 |       40 |            6687.94
  2001001 | amalgimporto #1                                    |      7 |       40 |            6686.21
 10001009 | amalgunivamalg #9                                  |      7 |        4 |            6648.36
  1003002 | exportiamalg #2                                    |     18 |        4 |            6634.34
  1002002 | importoamalg #2                                    |      7 |       41 |             6632.6
  2004002 | edu packimporto #2                                 |     19 |       12 |            6621.22
  6015003 | scholarbrand #3                                    |      9 |        0 |            6575.64
  3001001 | amalgexporti #1                                    |     19 |       38 |            6541.44
  1004001 | edu packamalg #1                                   |      9 |       44 |            6448.79
  2001002 | amalgimporto #2                                    |     19 |       57 |            6410.35
  3003001 | exportiexporti #1                                  |      9 |       40 |               6354
  1003001 | exportiamalg #1                                    |     18 |       48 |            6269.67
  1002002 | importoamalg #2                                    |     19 |       22 |            6168.96
  3002001 | importoexporti #1                                  |     18 |       42 |            6155.72
  3002001 | importoexporti #1                                  |     17 |       16 |            6137.25
  1002001 | importoamalg #1                                    |      8 |       56 |            6135.94
  6006002 | corpcorp #2                                        |      8 |       50 |             6099.6
  6004001 | edu packcorp #1                                    |     18 |       58 |             6087.2
  7002006 | importobrand #6                                    |     17 |       54 |            6068.52
  1002001 | importoamalg #1                                    |      8 |       47 |            6031.92
  4002002 | importoedu pack #2                                 |     19 |       50 |            6012.16
  2003002 | exportiimporto #2                                  |     17 |        0 |             6007.2
  2001001 | amalgimporto #1                                    |     17 |       38 |            5876.55
  4003001 | exportiedu pack #1                                 |      9 |        3 |               5826
  4001001 | amalgedu pack #1                                   |      9 |       26 |            5700.44
  4001002 | amalgedu pack #2                                   |      9 |       59 |               5673
  2004001 | edu packimporto #1                                 |     19 |        1 |            5662.83
 10012003 | importoamalgamalg #3                               |      7 |       55 |             5662.8
  6004005 | edu packcorp #5                                    |      7 |       15 |             5662.4
  4001001 | amalgedu pack #1                                   |     19 |       35 |            5618.82
  2001001 | amalgimporto #1                                    |     17 |       37 |             5611.2
  7006007 | corpbrand #7                                       |     17 |       33 |               5610
  5001002 | amalgscholar #2                                    |      8 |       50 |             5598.3
 10004005 | edu packunivamalg #5                               |     19 |        3 |            5596.16
 10013001 | exportiamalgamalg #1                               |     19 |        7 |            5589.46
  2001001 | amalgimporto #1                                    |     17 |       45 |            5560.36
  7010001 | univnameless #1                                    |      9 |       40 |            5544.96
  5003001 | exportischolar #1                                  |      8 |       12 |             5516.5
  1003002 | exportiamalg #2                                    |     19 |       25 |             5463.9
  4004001 | edu packedu pack #1                                |     17 |       17 |            5452.98
  6006002 | corpcorp #2                                        |     18 |       53 |             5443.2
  3002001 | importoexporti #1                                  |     17 |       53 |            5439.57
  6004001 | edu packcorp #1                                    |     17 |       39 |            5414.43
  5002002 | importoscholar #2                                  |     18 |       49 |            5385.38
  2002001 | importoimporto #1                                  |      9 |       36 |            5362.96
  4001002 | amalgedu pack #2                                   |     18 |       15 |             5347.5
  3002001 | importoexporti #1                                  |      6 |        7 |            5312.58
  5003001 | exportischolar #1                                  |      8 |       54 |             5275.2
  7002010 | importobrand #10                                   |     17 |       48 |            5265.82
  1001002 | amalgamalg #2                                      |     18 |       44 |            5220.16
 10012003 | importoamalgamalg #3                               |      8 |       45 |            5204.54
  9012002 | importounivamalg #2                                |      6 |       13 |            5165.49
  6004005 | edu packcorp #5                                    |      9 |       10 |            5158.56
  4002001 | importoedu pack #1                                 |     19 |       21 |            5123.92
  5004001 | edu packscholar #1                                 |     18 |       14 |            5123.25
  8014001 | edu packmaxi #1                                    |      8 |       45 |            5121.72
  5001001 | amalgscholar #1                                    |     18 |       59 |             5120.8
  1004001 | edu packamalg #1                                   |     17 |        2 |             5109.3
  2002001 | importoimporto #1                                  |      9 |       19 |            5108.72
  1002001 | importoamalg #1                                    |     19 |       35 |            5108.45
  2003001 | exportiimporto #1                                  |     17 |       56 |            5099.05
 10008006 | namelessunivamalg #6                               |      6 |       32 |            5092.78
  1003002 | exportiamalg #2                                    |     19 |       33 |            5076.54
  2004002 | edu packimporto #2                                 |     18 |       21 |            5054.22
  1004002 | edu packamalg #2                                   |     18 |       27 |               5048
  2002001 | importoimporto #1                                  |     17 |       58 |            5046.44
  9004008 | edu packmaxi #8                                    |      7 |        5 |            5031.18
  2004001 | edu packimporto #1                                 |      9 |        9 |             5021.5
  2002001 | importoimporto #1                                  |      6 |       23 |             5016.3
 10001009 | amalgunivamalg #9                                  |     17 |       22 |               5015
  3002001 | importoexporti #1                                  |      9 |       10 |            5004.45
  3002002 | importoexporti #2                                  |      8 |        7 |            4999.66
  3004002 | edu packexporti #2                                 |     18 |       21 |            4968.38
  3002001 | importoexporti #1                                  |     17 |       48 |            4919.84
  6015006 | scholarbrand #6                                    |      8 |        1 |             4903.6
  2001001 | amalgimporto #1                                    |     18 |        9 |            4898.92
  6014005 | edu packbrand #5                                   |      6 |       42 |            4896.84
  1004002 | edu packamalg #2                                   |     19 |        0 |               4883
  1002002 | importoamalg #2                                    |      9 |       26 |            4872.31
  7002006 | importobrand #6                                    |     18 |       54 |             4856.4
  4001002 | amalgedu pack #2                                   |     17 |       45 |            4825.86
  4002002 | importoedu pack #2                                 |      7 |       55 |            4815.45
  5003001 | exportischolar #1                                  |      6 |       16 |            4806.32
  5003001 | exportischolar #1                                  |      7 |       10 |            4796.88
  6006002 | corpcorp #2                                        |     17 |       30 |            4790.43
  4002001 | importoedu pack #1                                 |     18 |       47 |            4779.32
  1002002 | importoamalg #2                                    |     18 |       30 |             4768.2
  2002001 | importoimporto #1                                  |     18 |       38 |            4754.64
  8005007 | scholarnameless #7                                 |     18 |       29 |            4749.55
  6008001 | namelesscorp #1                                    |     18 |       10 |            4724.46
 10008013 | namelessunivamalg #13                              |     17 |       53 |            4722.68
  1004001 | edu packamalg #1                                   |     19 |        0 |            4716.45
  4001002 | amalgedu pack #2                                   |     17 |       15 |  4715.280000000001
 10008006 | namelessunivamalg #6                               |     17 |       21 |            4711.98
  1004001 | edu packamalg #1                                   |      8 |        2 |            4692.48
  1002002 | importoamalg #2                                    |      8 |       13 |            4683.16
  5004002 | edu packscholar #2                                 |      9 |        9 |            4652.76
  8016005 | corpmaxi #5                                        |     18 |       31 |            4596.14
  5004002 | edu packscholar #2                                 |     19 |       45 |            4567.46
  6013008 | exportibrand #8                                    |     18 |       10 |            4519.76
  9005002 | scholarmaxi #2                                     |      7 |       25 |            4511.34
  1001002 | amalgamalg #2                                      |      8 |       52 |             4465.8
  3002001 | importoexporti #1                                  |     17 |        8 |            4444.79
  2003002 | exportiimporto #2                                  |      8 |       43 |            4422.55
  8015006 | scholarmaxi #6                                     |     18 |       35 |            4414.37
  2001001 | amalgimporto #1                                    |     17 |       52 |            4378.44
  3004001 | edu packexporti #1                                 |     18 |       30 |             4366.4
  9005002 | scholarmaxi #2                                     |      8 |       51 |             4354.7
  9005008 | scholarmaxi #8                                     |     17 |        0 |            4338.21
  8002010 | importonameless #10                                |     17 |       10 |            4308.52
  7003003 | exportibrand #3                                    |     17 |       19 |            4307.66
 10006012 | corpunivamalg #12                                  |     17 |       26 |            4304.38
 10002017 | importounivamalg #17                               |      9 |       35 |            4301.76
  6008003 | namelesscorp #3                                    |      9 |       48 |             4287.5
  4003001 | exportiedu pack #1                                 |     18 |       22 |            4236.92
  3001001 | amalgexporti #1                                    |      9 |       23 |            4193.28
  2002001 | importoimporto #1                                  |     19 |       43 |            4188.76
  2001001 | amalgimporto #1                                    |      8 |       44 |            4132.24
  6013003 | exportibrand #3                                    |     19 |       23 |            4122.97
  8002010 | importonameless #10                                |     19 |       40 |            4119.12
  9005008 | scholarmaxi #8                                     |     19 |       50 |            4069.44
  6012005 | importobrand #5                                    |     18 |       54 |             4054.5
 10013001 | exportiamalgamalg #1                               |     19 |       34 |            4053.69
  9006003 | corpmaxi #3                                        |      7 |       50 |            4031.77
  9001009 | amalgmaxi #9                                       |      8 |       34 |            4024.02
  3002002 | importoexporti #2                                  |      9 |       27 |            3992.49
  8005007 | scholarnameless #7                                 |     18 |       49 |            3980.76
  4004001 | edu packedu pack #1                                |     18 |       47 |            3958.02
 10011010 | amalgamalgamalg #10                                |     19 |       46 |            3951.23
  5003001 | exportischolar #1                                  |     17 |       30 |            3941.36
  9005002 | scholarmaxi #2                                     |      8 |       12 |            3928.46
  2002001 | importoimporto #1                                  |      6 |        0 |            3919.88
  6011007 | amalgbrand #7                                      |      9 |       50 |            3912.55
  6015006 | scholarbrand #6                                    |      7 |       13 |            3909.36
  5004001 | edu packscholar #1                                 |      9 |       20 |            3874.35
 10006009 | corpunivamalg #9                                   |     18 |       51 |            3863.34
  1001001 | amalgamalg #1                                      |      9 |        3 |               3856
  8007001 | brandnameless #1                                   |      9 |       26 |            3853.85
 10008013 | namelessunivamalg #13                              |      6 |       58 |            3840.41
  5004001 | edu packscholar #1                                 |     17 |       27 |            3791.58
  1004002 | edu packamalg #2                                   |     17 |       52 |            3789.57
  9005002 | scholarmaxi #2                                     |     19 |        2 |            3783.48
 10012003 | importoamalgamalg #3                               |     19 |       14 |            3781.31
  6002007 | importocorp #7                                     |     17 |       21 |            3773.98
  9006003 | corpmaxi #3                                        |      6 |       20 |            3771.12
  4003001 | exportiedu pack #1                                 |     17 |       51 |            3770.24
  3002001 | importoexporti #1                                  |     18 |       46 |            3747.59
  3004002 | edu packexporti #2                                 |     19 |       38 |             3719.8
  3003001 | exportiexporti #1                                  |     17 |        1 |            3717.09
  9006003 | corpmaxi #3                                        |     19 |       51 |             3692.5
  3003001 | exportiexporti #1                                  |      8 |       14 |            3687.45
  6002007 | importocorp #7                                     |     17 |        4 |            3667.95
  3002001 | importoexporti #1                                  |     19 |       42 |            3660.93
  3003001 | exportiexporti #1                                  |      9 |       38 |               3656
  9005002 | scholarmaxi #2                                     |      8 |       14 |            3651.12
  6015003 | scholarbrand #3                                    |     18 |       13 |            3606.28
  1003002 | exportiamalg #2                                    |     19 |       21 |            3594.56
  9001009 | amalgmaxi #9                                       |      9 |       10 |            3592.78
 10006012 | corpunivamalg #12                                  |     19 |        4 |            3585.75
  2003002 | exportiimporto #2                                  |      9 |       27 |            3573.57
  8006003 | corpnameless #3                                    |     18 |       37 |            3560.03
  1003001 | exportiamalg #1                                    |     17 |       58 |             3496.2
 10008013 | namelessunivamalg #13                              |      9 |       35 |            3486.35
  4001001 | amalgedu pack #1                                   |      9 |       25 |               3468
  6004005 | edu packcorp #5                                    |     19 |       54 |            3441.13
 10007013 | brandunivamalg #13                                 |     19 |       33 |            3434.64
  8014001 | edu packmaxi #1                                    |     18 |        4 |             3433.3
  3002002 | importoexporti #2                                  |     19 |       52 |             3423.8
  3004002 | edu packexporti #2                                 |     18 |       45 |            3414.84
  8011004 | amalgmaxi #4                                       |     19 |       42 |            3395.92
  3004002 | edu packexporti #2                                 |     18 |       43 |             3389.4
  9005002 | scholarmaxi #2                                     |     17 |       33 |            3387.42
 10002017 | importounivamalg #17                               |     17 |       57 |             3368.2
  3002002 | importoexporti #2                                  |     17 |       45 |            3339.38
  1001002 | amalgamalg #2                                      |     18 |       46 |            3333.28
  2001001 | amalgimporto #1                                    |     19 |       24 |            3332.16
  9001009 | amalgmaxi #9                                       |     19 |        0 |            3327.84
  6007007 | brandcorp #7                                       |     18 |       50 |             3326.4
  1004001 | edu packamalg #1                                   |     17 |        8 |            3321.45
 10002017 | importounivamalg #17                               |     18 |       49 |            3304.08
  8002010 | importonameless #10                                |     17 |        1 |             3294.7
  3002002 | importoexporti #2                                  |     17 |       20 |            3267.72
  4004001 | edu packedu pack #1                                |     18 |       13 |             3267.4
  1003002 | exportiamalg #2                                    |      8 |        1 |             3254.4
  4003001 | exportiedu pack #1                                 |     18 |       39 |            3232.44
  7014001 | edu packnameless #1                                |     17 |       28 |            3218.13
  5004001 | edu packscholar #1                                 |     19 |       29 |             3204.3
  2002001 | importoimporto #1                                  |     17 |       59 | 3175.9399999999996
  6015006 | scholarbrand #6                                    |     17 |       37 |            3168.75
  2001001 | amalgimporto #1                                    |      7 |       35 |            3168.48
  2004002 | edu packimporto #2                                 |     17 |       43 |             3165.4
  4003001 | exportiedu pack #1                                 |     19 |       32 |            3163.13
  9006003 | corpmaxi #3                                        |     17 |       52 |            3147.16
  1004001 | edu packamalg #1                                   |     17 |       18 |             3137.2
 10002017 | importounivamalg #17                               |     17 |       36 |            3135.38
  1001001 | amalgamalg #1                                      |     17 |       58 |               3122
  8002007 | importonameless #7                                 |      8 |       16 |            3121.74
  3003001 | exportiexporti #1                                  |      9 |       45 |            3119.72
  7016004 | corpnameless #4                                    |      8 |       14 |            3107.79
  7006007 | corpbrand #7                                       |     17 |        6 |             3100.8
  1004002 | edu packamalg #2                                   |     18 |       35 |            3096.72
  4001002 | amalgedu pack #2                                   |     17 |       50 |             3065.4
  1003002 | exportiamalg #2                                    |     17 |       44 |            3049.58
  1002001 | importoamalg #1                                    |     19 |       59 |            3047.12
  3004002 | edu packexporti #2                                 |     19 |        0 |            3039.18
  9001009 | amalgmaxi #9                                       |      6 |        1 |            3032.55
  9010005 | univunivamalg #5                                   |     17 |       40 |            3017.14
  9010005 | univunivamalg #5                                   |      9 |       31 |            3016.61
  1004001 | edu packamalg #1                                   |     17 |       28 |             3013.8
  4002001 | importoedu pack #1                                 |     19 |       14 |             2994.4
  3004001 | edu packexporti #1                                 |      7 |       22 |            2978.79
  8013003 | exportimaxi #3                                     |      9 |        8 |            2976.93
  2001001 | amalgimporto #1                                    |     18 |       38 |             2957.4
  6011007 | amalgbrand #7                                      |     18 |       20 |             2946.6
  6015003 | scholarbrand #3                                    |     17 |       41 |             2941.9
  6006002 | corpcorp #2                                        |      9 |       34 |            2933.97
  3002002 | importoexporti #2                                  |     17 |        2 |            2907.89
  6011001 | amalgbrand #1                                      |      9 |       55 |            2904.66
  2002001 | importoimporto #1                                  |     17 |       25 |            2898.84
  9005002 | scholarmaxi #2                                     |     18 |       50 |               2890
  9006003 | corpmaxi #3                                        |     18 |       34 |            2876.25
  9004008 | edu packmaxi #8                                    |     17 |       30 |             2856.6
  8014005 | edu packmaxi #5                                    |     17 |       30 |             2849.6
  1002002 | importoamalg #2                                    |     18 |        2 |            2846.37
  3004002 | edu packexporti #2                                 |     18 |       59 |            2835.02
  4003001 | exportiedu pack #1                                 |     18 |       10 |            2808.96
  2001001 | amalgimporto #1                                    |      9 |       55 |            2803.84
  3001001 | amalgexporti #1                                    |     19 |       11 |            2781.39
  2003002 | exportiimporto #2                                  |     18 |       32 |            2772.48
  5003001 | exportischolar #1                                  |      6 |       47 |            2767.34
  8007001 | brandnameless #1                                   |      7 |       10 |            2749.32
  7003003 | exportibrand #3                                    |      9 |        7 |             2748.6
  6014005 | edu packbrand #5                                   |     17 |       49 |             2745.6
  2001002 | amalgimporto #2                                    |     19 |       23 |            2741.97
  1004001 | edu packamalg #1                                   |     17 |       15 |            2739.78
  9012002 | importounivamalg #2                                |      9 |       47 |             2734.7
 10007013 | brandunivamalg #13                                 |     17 |       38 |            2718.17
 10009016 | maxiunivamalg #16                                  |      9 |       58 |            2667.42
 10004005 | edu packunivamalg #5                               |      6 |        6 |            2660.42
 10007013 | brandunivamalg #13                                 |     17 |       33 |               2655
  4004001 | edu packedu pack #1                                |      9 |        5 |            2647.12
  6013003 | exportibrand #3                                    |     18 |        1 |             2608.7
  4001002 | amalgedu pack #2                                   |     18 |       33 |            2595.94
  8011004 | amalgmaxi #4                                       |     18 |       42 |             2587.4
  3003001 | exportiexporti #1                                  |     17 |       13 |            2587.04
  3003001 | exportiexporti #1                                  |     17 |       15 |            2586.02
  6013004 | exportibrand #4                                    |     18 |       48 |            2576.92
  6015006 | scholarbrand #6                                    |     18 |       33 |            2576.46
  6012005 | importobrand #5                                    |     17 |       42 |            2568.54
  3004001 | edu packexporti #1                                 |      7 |       41 |            2557.14
  6013004 | exportibrand #4                                    |     18 |       31 |            2553.39
  9005002 | scholarmaxi #2                                     |     17 |       11 |            2515.59
  1004002 | edu packamalg #2                                   |     19 |       56 |            2514.72
  2001001 | amalgimporto #1                                    |      9 |       49 |            2513.48
  1003001 | exportiamalg #1                                    |     19 |       24 |            2512.32
  6004005 | edu packcorp #5                                    |      9 |       46 |            2501.98
  1003001 | exportiamalg #1                                    |      6 |       30 |             2497.6
  8002007 | importonameless #7                                 |     17 |       55 |            2492.84
  6013003 | exportibrand #3                                    |     18 |       52 |            2486.34
 10013001 | exportiamalgamalg #1                               |     18 |       48 |             2478.6
  9001009 | amalgmaxi #9                                       |     19 |        1 |             2468.8
 10012003 | importoamalgamalg #3                               |     17 |        9 |            2463.78
  6013004 | exportibrand #4                                    |      8 |       33 |            2462.13
  2004002 | edu packimporto #2                                 |     17 |       34 |            2449.02
  7002010 | importobrand #10                                   |      9 |       21 |            2440.62
  1003001 | exportiamalg #1                                    |     18 |       42 |             2438.4
  2003001 | exportiimporto #1                                  |      8 |       59 |            2419.92
  2001002 | amalgimporto #2                                    |     17 |       28 |            2410.18
  2004002 | edu packimporto #2                                 |     17 |       17 |            2402.92
  4002001 | importoedu pack #1                                 |     18 |        6 |             2399.1
  2003001 | exportiimporto #1                                  |     17 |       30 |            2398.71
  8002007 | importonameless #7                                 |      9 |       21 |            2397.52
  8005007 | scholarnameless #7                                 |     19 |       43 |            2383.49
  1001001 | amalgamalg #1                                      |      8 |       39 |             2362.1
  8014001 | edu packmaxi #1                                    |      9 |       33 |            2352.82
  6004005 | edu packcorp #5                                    |     19 |        7 |            2346.54
  3002002 | importoexporti #2                                  |      8 |       47 |             2338.2
  8002007 | importonameless #7                                 |      9 |       41 |             2333.5
  3002002 | importoexporti #2                                  |      9 |       57 |             2313.9
  4004001 | edu packedu pack #1                                |     19 |       10 |            2308.28
  8002010 | importonameless #10                                |     17 |       31 |             2304.6
  8007001 | brandnameless #1                                   |      7 |       52 |            2299.76
  2002001 | importoimporto #1                                  |     17 |       17 |            2298.24
  9005008 | scholarmaxi #8                                     |     17 |       48 |            2294.46
  6004001 | edu packcorp #1                                    |      9 |       27 |               2280
  2003002 | exportiimporto #2                                  |     18 |       55 |            2277.72
  1002002 | importoamalg #2                                    |      8 |       23 |            2269.41
  3002002 | importoexporti #2                                  |     18 |       46 |            2255.68
  3004001 | edu packexporti #1                                 |     18 |       47 |            2249.43
  4002001 | importoedu pack #1                                 |     17 |        3 |            2246.31
  6001001 | amalgcorp #1                                       |     18 |        8 |            2228.59
  1002001 | importoamalg #1                                    |     17 |        2 |            2218.86
  2004002 | edu packimporto #2                                 |     19 |       52 |            2214.08
  3001001 | amalgexporti #1                                    |      9 |       38 |             2162.3
  3001001 | amalgexporti #1                                    |      8 |       46 |             2162.2
  5004001 | edu packscholar #1                                 |     19 |       16 |            2132.37
  4002002 | importoedu pack #2                                 |      9 |       22 |            2127.22
  8014001 | edu packmaxi #1                                    |      9 |       15 |             2121.7
  8015006 | scholarmaxi #6                                     |     19 |       37 |            2119.15
  9001009 | amalgmaxi #9                                       |     19 |       12 |             2114.6
  4002001 | importoedu pack #1                                 |     18 |       58 |            2108.96
  5004001 | edu packscholar #1                                 |     17 |       50 |            2108.26
  8016005 | corpmaxi #5                                        |      8 |        2 |             2097.6
  1003002 | exportiamalg #2                                    |      6 |       11 |            2081.28
  8014001 | edu packmaxi #1                                    |      7 |       29 |            2080.14
  4001002 | amalgedu pack #2                                   |     19 |        6 |            2071.74
  9005002 | scholarmaxi #2                                     |      6 |       46 |            2062.95
  3002001 | importoexporti #1                                  |      9 |       30 |            2060.32
  6015003 | scholarbrand #3                                    |     18 |       48 |            2057.64
  1004002 | edu packamalg #2                                   |     19 |       10 |            2033.76
  1003002 | exportiamalg #2                                    |      6 |       53 |            2027.52
  6006002 | corpcorp #2                                        |     18 |        6 |            2023.56
  5002002 | importoscholar #2                                  |     18 |       32 |            2016.55
 10006012 | corpunivamalg #12                                  |      8 |       14 |            2012.06
  4002001 | importoedu pack #1                                 |     19 |       23 |            2005.32
 10004005 | edu packunivamalg #5                               |     18 |       40 |            1999.62
  8005002 | scholarnameless #2                                 |      9 |       37 |            1983.29
  1002002 | importoamalg #2                                    |     17 |        7 |            1979.61
  8006001 | corpnameless #1                                    |     19 |       45 |             1978.8
  4003001 | exportiedu pack #1                                 |     17 |       39 |            1971.27
  8006003 | corpnameless #3                                    |      9 |       51 |             1965.3
  2001002 | amalgimporto #2                                    |     17 |        5 |            1963.59
  6002007 | importocorp #7                                     |     17 |       31 |            1935.12
  1002002 | importoamalg #2                                    |     18 |       43 |             1928.7
  1001001 | amalgamalg #1                                      |      8 |       25 |            1923.11
  3002001 | importoexporti #1                                  |     19 |        2 |            1911.39
  2003002 | exportiimporto #2                                  |      8 |       49 |            1910.84
  4001002 | amalgedu pack #2                                   |      6 |       58 |             1909.2
  8014001 | edu packmaxi #1                                    |     19 |       42 |            1903.22
  5003001 | exportischolar #1                                  |      9 |       42 |             1887.2
  9004008 | edu packmaxi #8                                    |     18 |       39 |            1886.66
  3001001 | amalgexporti #1                                    |     18 |       57 |            1885.17
  4001001 | amalgedu pack #1                                   |     19 |       23 |            1866.48
  1001001 | amalgamalg #1                                      |     18 |        9 |            1855.09
  2004002 | edu packimporto #2                                 |      8 |       59 |            1854.84
  8014001 | edu packmaxi #1                                    |     17 |        5 |               1848
  9004008 | edu packmaxi #8                                    |     17 |       32 |            1847.88
  6013008 | exportibrand #8                                    |     17 |       17 |            1840.41
 10013001 | exportiamalgamalg #1                               |      9 |       33 |            1833.56
  8011004 | amalgmaxi #4                                       |     19 |       51 |            1812.48
  8006001 | corpnameless #1                                    |      9 |       31 |            1808.24
  2002001 | importoimporto #1                                  |     18 |       49 |            1807.65
  6015003 | scholarbrand #3                                    |     17 |       40 |             1805.4
  6013004 | exportibrand #4                                    |     19 |       22 |            1801.24
  7006007 | corpbrand #7                                       |     18 |       23 |            1799.16
  9005002 | scholarmaxi #2                                     |     17 |       49 |             1798.2
  5004001 | edu packscholar #1                                 |     19 |        9 |             1797.6
  9006003 | corpmaxi #3                                        |      9 |       27 |            1796.07
  3004002 | edu packexporti #2                                 |      9 |       58 |            1794.24
  3002002 | importoexporti #2                                  |     19 |        4 |            1793.16
  6004001 | edu packcorp #1                                    |     19 |       51 |             1792.8
  8002010 | importonameless #10                                |      8 |       56 |            1792.11
  6011007 | amalgbrand #7                                      |      9 |       22 |            1782.98
  1004002 | edu packamalg #2                                   |     17 |       31 |            1779.74
  5004001 | edu packscholar #1                                 |     18 |       22 |            1770.78
  4001002 | amalgedu pack #2                                   |      9 |        5 |            1769.19
  5003001 | exportischolar #1                                  |      7 |       42 |            1762.56
  8007001 | brandnameless #1                                   |     19 |        8 |            1761.84
  1004001 | edu packamalg #1                                   |     18 |       10 |            1759.58
  9013005 | exportiunivamalg #5                                |      8 |       15 |             1753.7
  6001001 | amalgcorp #1                                       |      6 |       32 |             1750.7
  6002007 | importocorp #7                                     |     17 |       39 |            1748.16
  8005002 | scholarnameless #2                                 |      9 |       49 |             1740.5
 10006012 | corpunivamalg #12                                  |      9 |       13 |            1728.44
 10008013 | namelessunivamalg #13                              |      8 |       35 |            1719.04
  2002001 | importoimporto #1                                  |      9 |       47 |             1717.2
  7016004 | corpnameless #4                                    |      9 |        8 |             1716.8
  5001002 | amalgscholar #2                                    |     18 |       29 |             1696.9
  9006003 | corpmaxi #3                                        |     19 |       52 |            1696.02
  2003001 | exportiimporto #1                                  |     18 |       58 |            1689.36
  7006007 | corpbrand #7                                       |     17 |       48 |            1688.31
  1004002 | edu packamalg #2                                   |     18 |       21 |            1686.36
  6004005 | edu packcorp #5                                    |      8 |       32 |             1683.5
  3004001 | edu packexporti #1                                 |     19 |       58 |            1681.92
  1004002 | edu packamalg #2                                   |      9 |       34 |             1671.4
  9005008 | scholarmaxi #8                                     |     18 |       11 |             1664.2
  9012002 | importounivamalg #2                                |     18 |       54 |            1654.38
 10007013 | brandunivamalg #13                                 |     17 |        0 |            1649.16
  8006003 | corpnameless #3                                    |      9 |       24 |               1647
 10002010 | importounivamalg #10                               |     18 |       31 |            1646.54
 10013001 | exportiamalgamalg #1                               |      7 |        9 |             1641.2
  8016005 | corpmaxi #5                                        |     17 |       51 |             1636.7
  9005002 | scholarmaxi #2                                     |     17 |       54 |             1625.4
 10009016 | maxiunivamalg #16                                  |     17 |       43 |             1625.4
  3002002 | importoexporti #2                                  |      9 |       16 |            1623.37
  6014005 | edu packbrand #5                                   |     19 |        2 |             1621.1
  2003002 | exportiimporto #2                                  |     19 |       25 |            1596.16
 10008006 | namelessunivamalg #6                               |      6 |        0 |            1589.56
  6016008 | corpbrand #8                                       |      8 |       10 |             1585.5
  2004002 | edu packimporto #2                                 |      7 |       25 |             1578.6
  3002002 | importoexporti #2                                  |      9 |       58 |             1577.4
  2003002 | exportiimporto #2                                  |      6 |       28 |            1565.84
  1001002 | amalgamalg #2                                      |      7 |       46 |             1564.8
  6004005 | edu packcorp #5                                    |     19 |       14 |             1558.7
  5001002 | amalgscholar #2                                    |      6 |       58 |            1556.85
  4003001 | exportiedu pack #1                                 |     19 |       28 |            1549.26
  9005002 | scholarmaxi #2                                     |      9 |        1 |             1543.2
  1001002 | amalgamalg #2                                      |     17 |       20 |            1538.57
  2002001 | importoimporto #1                                  |     18 |       42 |            1537.47
  2004001 | edu packimporto #1                                 |      7 |        8 |             1533.6
  4004001 | edu packedu pack #1                                |     18 |       37 |             1531.4
  4002001 | importoedu pack #1                                 |     19 |       10 |            1518.16
  9006003 | corpmaxi #3                                        |      7 |       25 |               1518
  8016005 | corpmaxi #5                                        |     19 |        5 |            1517.08
  8014005 | edu packmaxi #5                                    |      9 |        6 |            1510.34
  6004001 | edu packcorp #1                                    |      9 |       21 |             1506.8
  2004001 | edu packimporto #1                                 |     17 |       30 |             1491.1
  4001002 | amalgedu pack #2                                   |     19 |       18 |            1489.74
  8003006 | exportinameless #6                                 |      8 |       57 |            1483.35
  7002010 | importobrand #10                                   |     17 |       20 |            1481.27
  9005002 | scholarmaxi #2                                     |     19 |       44 |            1475.04
  2002001 | importoimporto #1                                  |     17 |       39 |               1458
  6011007 | amalgbrand #7                                      |     18 |        0 |            1453.95
  9006003 | corpmaxi #3                                        |     17 |       13 |            1450.16
  4001002 | amalgedu pack #2                                   |     19 |       26 |             1438.8
  7002010 | importobrand #10                                   |      6 |       20 |               1432
  5003001 | exportischolar #1                                  |     19 |       34 |             1429.2
  7002006 | importobrand #6                                    |     19 |       28 |            1414.26
  8005002 | scholarnameless #2                                 |     19 |       11 |             1412.8
  6001001 | amalgcorp #1                                       |      7 |       11 |            1404.71
  2003001 | exportiimporto #1                                  |      9 |       45 |            1399.78
  8011004 | amalgmaxi #4                                       |     19 |       24 |            1393.04
  4004001 | edu packedu pack #1                                |     19 |       20 |            1392.64
  5004001 | edu packscholar #1                                 |     18 |       48 |             1383.2
  9005002 | scholarmaxi #2                                     |     17 |       15 |            1379.98
 10004005 | edu packunivamalg #5                               |     18 |       29 |            1377.76
  9010005 | univunivamalg #5                                   |     17 |       29 |            1372.42
  5002002 | importoscholar #2                                  |      7 |        1 |            1368.17
 10012003 | importoamalgamalg #3                               |     18 |       28 |            1361.36
  8002007 | importonameless #7                                 |      9 |       18 |            1358.28
  3004002 | edu packexporti #2                                 |     18 |       57 |            1354.32
  2004001 | edu packimporto #1                                 |      7 |        4 |            1353.24
  8002010 | importonameless #10                                |      9 |       11 |            1351.98
 10001009 | amalgunivamalg #9                                  |     19 |       21 |            1349.04
  8016005 | corpmaxi #5                                        |      6 |       11 |             1345.6
  5004001 | edu packscholar #1                                 |     19 |       49 |             1337.6
  9005002 | scholarmaxi #2                                     |      9 |       51 |             1333.8
  3002002 | importoexporti #2                                  |     17 |        1 |             1329.3
 10008006 | namelessunivamalg #6                               |      9 |       24 |            1327.58
  2001002 | amalgimporto #2                                    |     17 |       35 |            1319.04
  3002001 | importoexporti #1                                  |     17 |        9 |               1316
  7002010 | importobrand #10                                   |     17 |       17 |            1314.45
  8014001 | edu packmaxi #1                                    |     19 |       29 |             1313.6
  8011004 | amalgmaxi #4                                       |     18 |       34 |            1311.69
  7014001 | edu packnameless #1                                |      9 |       58 |            1307.58
  9006003 | corpmaxi #3                                        |     18 |       14 |             1304.8
  1001002 | amalgamalg #2                                      |     18 |       14 |            1300.36
  2001002 | amalgimporto #2                                    |     17 |       34 |            1296.68
  8015006 | scholarmaxi #6                                     |     17 |        1 |            1290.64
  6007007 | brandcorp #7                                       |     18 |       21 |            1289.64
  1001002 | amalgamalg #2                                      |      9 |       41 |            1288.98
  4002001 | importoedu pack #1                                 |     18 |       10 |            1288.98
 10002010 | importounivamalg #10                               |     18 |       33 |            1284.03
 10013001 | exportiamalgamalg #1                               |      7 |       26 |            1279.59
 10001009 | amalgunivamalg #9                                  |     18 |        1 |            1277.93
  1003002 | exportiamalg #2                                    |      7 |       33 |             1269.9
 10006009 | corpunivamalg #9                                   |     17 |       55 |            1265.92
 10002010 | importounivamalg #10                               |     19 |       33 |            1253.96
  3002001 | importoexporti #1                                  |      9 |       36 |            1250.55
  6001001 | amalgcorp #1                                       |      9 |       14 |             1249.5
  8016005 | corpmaxi #5                                        |     19 |       16 |             1237.5
  8014005 | edu packmaxi #5                                    |      9 |       52 |            1234.87
 10001009 | amalgunivamalg #9                                  |     18 |       45 |            1232.97
  6008003 | namelesscorp #3                                    |     18 |       43 |            1230.39
  4001001 | amalgedu pack #1                                   |     18 |       32 |            1229.44
 10008006 | namelessunivamalg #6                               |     18 |       19 |               1224
  6006002 | corpcorp #2                                        |      9 |       14 |            1221.76
  4004001 | edu packedu pack #1                                |      8 |       49 |            1221.12
  6011001 | amalgbrand #1                                      |      9 |        0 |             1216.6
  2002001 | importoimporto #1                                  |     19 |       15 |            1211.76
  4001002 | amalgedu pack #2                                   |      9 |       12 |            1211.04
  9006003 | corpmaxi #3                                        |     19 |       33 |            1210.56
  4004001 | edu packedu pack #1                                |     18 |       36 |            1210.32
  6015003 | scholarbrand #3                                    |      8 |       37 |            1209.81
  7002006 | importobrand #6                                    |      8 |       13 |            1204.58
  3002002 | importoexporti #2                                  |     17 |       13 |             1192.8
  3003001 | exportiexporti #1                                  |      8 |       33 |             1186.8
 10007013 | brandunivamalg #13                                 |      9 |       27 |            1186.58
  3002002 | importoexporti #2                                  |      9 |       36 |            1178.31
  1004002 | edu packamalg #2                                   |     19 |        5 |            1176.15
  8011007 | amalgmaxi #7                                       |      7 |       51 |            1173.64
 10003017 | exportiunivamalg #17                               |     17 |       51 |             1168.7
  1002002 | importoamalg #2                                    |      9 |       29 |             1167.3
  1003002 | exportiamalg #2                                    |     19 |       23 |             1159.2
  5004001 | edu packscholar #1                                 |      7 |       34 |               1158
  2004001 | edu packimporto #1                                 |     17 |       25 |             1156.5
 10007013 | brandunivamalg #13                                 |     18 |        8 |            1155.79
  2004002 | edu packimporto #2                                 |     17 |        7 |            1155.35
  3002001 | importoexporti #1                                  |      8 |       49 |            1142.64
  6012005 | importobrand #5                                    |      9 |       34 |            1129.53
  4001002 | amalgedu pack #2                                   |     17 |       36 | 1126.8999999999999
  2004001 | edu packimporto #1                                 |     17 |       33 |            1125.63
 10008013 | namelessunivamalg #13                              |     17 |        7 |            1123.78
 10003017 | exportiunivamalg #17                               |     18 |       31 |            1121.14
  5003001 | exportischolar #1                                  |     18 |       21 |            1114.56
  3003001 | exportiexporti #1                                  |      9 |        5 |            1109.63
  3002001 | importoexporti #1                                  |     17 |       35 |            1104.84
  2004002 | edu packimporto #2                                 |      9 |       21 |               1101
  9005002 | scholarmaxi #2                                     |     17 |        2 |            1097.25
 10004005 | edu packunivamalg #5                               |     18 |       49 |            1095.85
  1004001 | edu packamalg #1                                   |     17 |       43 |            1092.96
  6015006 | scholarbrand #6                                    |     19 |       13 |            1075.88
  1004002 | edu packamalg #2                                   |     18 |       33 |            1072.98
  6007007 | brandcorp #7                                       |     18 |        1 |            1071.72
  6008001 | namelesscorp #1                                    |     19 |       51 |            1068.27
  8006001 | corpnameless #1                                    |     19 |       13 |             1064.3
  8007001 | brandnameless #1                                   |     18 |       32 |            1060.18
 10003017 | exportiunivamalg #17                               |     18 |        3 |             1059.2
  8006003 | corpnameless #3                                    |      9 |       50 |             1057.8
  7014001 | edu packnameless #1                                |     17 |       47 | 1054.3400000000001
  4004001 | edu packedu pack #1                                |      9 |       18 |            1050.27
  3004002 | edu packexporti #2                                 |     18 |       13 |            1050.24
  7016004 | corpnameless #4                                    |     19 |       16 |            1048.37
  7002006 | importobrand #6                                    |     18 |       25 |            1035.52
 10008013 | namelessunivamalg #13                              |     19 |       39 |            1026.27
  6014005 | edu packbrand #5                                   |      9 |       49 |            1023.48
  1001002 | amalgamalg #2                                      |      9 |       38 |               1023
  1004002 | edu packamalg #2                                   |     18 |       52 |            1022.61
  5003001 | exportischolar #1                                  |     19 |       19 |            1022.12
  7014001 | edu packnameless #1                                |     19 |       38 |            1019.85
  2001001 | amalgimporto #1                                    |      9 |       17 |            1017.75
  4003001 | exportiedu pack #1                                 |     17 |       36 |            1015.52
  8007001 | brandnameless #1                                   |     17 |       40 |            1009.32
 10011010 | amalgamalgamalg #10                                |      8 |       55 |             1007.7
  5004001 | edu packscholar #1                                 |     18 |       53 |            1007.16
  3003001 | exportiexporti #1                                  |     17 |       43 |            1003.81
 10002017 | importounivamalg #17                               |     19 |       39 |             998.58
 10012003 | importoamalgamalg #3                               |      8 |       31 |             996.48
  7002006 | importobrand #6                                    |      9 |       52 |                988
  1002002 | importoamalg #2                                    |     17 |       58 |             983.43
  8006003 | corpnameless #3                                    |     17 |       31 |                978
  9006003 | corpmaxi #3                                        |     18 |       54 |              972.9
  6008001 | namelesscorp #1                                    |     19 |       24 |                969
  3004002 | edu packexporti #2                                 |      6 |        0 |                962
  6015003 | scholarbrand #3                                    |     17 |       53 |              960.3
  6008003 | namelesscorp #3                                    |      8 |       54 |                952
  3004002 | edu packexporti #2                                 |     18 |       53 |             948.64
  3002002 | importoexporti #2                                  |     18 |        1 |             945.36
  3003001 | exportiexporti #1                                  |     19 |       54 |             944.05
  9006003 | corpmaxi #3                                        |      7 |       54 |             934.08
 10004005 | edu packunivamalg #5                               |      9 |       21 |             929.19
  4003001 | exportiedu pack #1                                 |     19 |       57 |             916.65
  3003001 | exportiexporti #1                                  |      9 |       32 |              913.5
  4002002 | importoedu pack #2                                 |     18 |       58 |              913.2
  6015006 | scholarbrand #6                                    |     17 |       36 |             905.76
  4003001 | exportiedu pack #1                                 |      8 |        4 |              905.6
 10008006 | namelessunivamalg #6                               |     19 |        9 |             905.51
  7002006 | importobrand #6                                    |     18 |       43 |             904.75
  6015006 | scholarbrand #6                                    |     19 |       34 |             902.88
  6012005 | importobrand #5                                    |      7 |       20 |              898.2
  7006007 | corpbrand #7                                       |     17 |       15 |                892
  3002001 | importoexporti #1                                  |      8 |       41 |             890.01
 10002010 | importounivamalg #10                               |     18 |       46 |                878
 10002010 | importounivamalg #10                               |      8 |       41 |             871.36
  8016005 | corpmaxi #5                                        |      8 |       19 |             871.35
  1001001 | amalgamalg #1                                      |     19 |       39 |             870.48
  6011001 | amalgbrand #1                                      |     17 |       16 |             867.74
  8005002 | scholarnameless #2                                 |     19 |       37 |             866.58
  3004002 | edu packexporti #2                                 |     17 |       10 |             864.72
  8014005 | edu packmaxi #5                                    |     18 |       57 |             862.68
  1004001 | edu packamalg #1                                   |     17 |       51 |              859.2
  1004002 | edu packamalg #2                                   |     17 |       38 |             858.69
  3003001 | exportiexporti #1                                  |      6 |        8 |             836.19
 10004005 | edu packunivamalg #5                               |      6 |       23 |             834.08
  9001009 | amalgmaxi #9                                       |     17 |       25 |              829.5
  1001002 | amalgamalg #2                                      |      9 |        4 |             827.82
  3002001 | importoexporti #1                                  |     19 |        6 |              821.1
  2002001 | importoimporto #1                                  |     17 |       22 |             820.15
  5001002 | amalgscholar #2                                    |     18 |       13 |             819.72
  7010001 | univnameless #1                                    |      6 |       36 |             816.48
  2003002 | exportiimporto #2                                  |      6 |        1 |             813.45
 10003017 | exportiunivamalg #17                               |      8 |        1 |             812.52
  8006003 | corpnameless #3                                    |      8 |       30 |             812.43
  4003001 | exportiedu pack #1                                 |      9 |       45 |              811.6
  4004001 | edu packedu pack #1                                |     17 |        7 |             808.75
  1003001 | exportiamalg #1                                    |     17 |        6 |             807.54
  8013003 | exportimaxi #3                                     |     17 |       11 |              807.3
  9012002 | importounivamalg #2                                |      8 |       48 |             806.88
  3002001 | importoexporti #1                                  |     17 |       29 |             805.68
  5002002 | importoscholar #2                                  |      9 |       29 |              795.9
  7014001 | edu packnameless #1                                |     19 |       43 |                795
 10006012 | corpunivamalg #12                                  |      8 |       28 |             792.87
  6011001 | amalgbrand #1                                      |      9 |       20 |              788.2
  5003001 | exportischolar #1                                  |     17 |        3 |             785.16
  1002002 | importoamalg #2                                    |     17 |       43 |                784
 10004005 | edu packunivamalg #5                               |     18 |       10 |             780.72
  1002002 | importoamalg #2                                    |      9 |       22 |                780
  8006001 | corpnameless #1                                    |      8 |       11 |                780
  1004002 | edu packamalg #2                                   |      8 |       16 |             775.03
  1003001 | exportiamalg #1                                    |     18 |       12 |              772.5
  2002001 | importoimporto #1                                  |     17 |        9 |                765
  2004002 | edu packimporto #2                                 |      9 |       29 |             762.12
  4001002 | amalgedu pack #2                                   |     19 |       24 |             761.41
  9012002 | importounivamalg #2                                |      8 |       33 |             756.48
  6013008 | exportibrand #8                                    |     18 |       33 |             753.13
  4001002 | amalgedu pack #2                                   |     17 |        6 |             745.38
  2002001 | importoimporto #1                                  |     18 |       56 |                741
  2001001 | amalgimporto #1                                    |      6 |       21 |             734.52
  6007007 | brandcorp #7                                       |     17 |       47 |             721.24
  6015003 | scholarbrand #3                                    |      6 |       17 |              719.6
  9006003 | corpmaxi #3                                        |      9 |       53 |             714.91
  2004001 | edu packimporto #1                                 |      8 |       23 |             713.26
  1004001 | edu packamalg #1                                   |     17 |       57 |             709.92
  1003001 | exportiamalg #1                                    |     17 |       13 |             706.05
  2001001 | amalgimporto #1                                    |     17 |       11 |             704.73
  7006007 | corpbrand #7                                       |      9 |       10 |             702.94
  1002002 | importoamalg #2                                    |     19 |       50 |             700.15
 10009016 | maxiunivamalg #16                                  |     18 |       47 |              690.2
  4004001 | edu packedu pack #1                                |      9 |       50 |              690.1
  4002002 | importoedu pack #2                                 |      8 |       38 |             686.34
  9010005 | univunivamalg #5                                   |     19 |       57 |              684.2
  5002001 | importoscholar #1                                  |     19 |        8 |             683.84
  2002001 | importoimporto #1                                  |     19 |       53 |              681.2
  3002001 | importoexporti #1                                  |     19 |       37 |             674.94
  7002006 | importobrand #6                                    |      6 |       32 |             672.98
 10006009 | corpunivamalg #9                                   |      8 |        6 |             669.78
  7002010 | importobrand #10                                   |     18 |       21 |             668.46
 10008006 | namelessunivamalg #6                               |     18 |       10 |              667.8
  4003001 | exportiedu pack #1                                 |     17 |        9 |             661.01
  1001001 | amalgamalg #1                                      |     19 |       15 |              659.1
  9006003 | corpmaxi #3                                        |     19 |       44 |             657.54
  1003002 | exportiamalg #2                                    |      9 |       44 |             657.18
  2002001 | importoimporto #1                                  |      6 |       32 |             657.15
  7013001 | exportinameless #1                                 |     18 |        9 |             655.35
  1004002 | edu packamalg #2                                   |     18 |       25 |             652.16
  4003001 | exportiedu pack #1                                 |     18 |       24 |             650.18
  8005002 | scholarnameless #2                                 |      8 |       12 |             648.27
  9005002 | scholarmaxi #2                                     |     17 |       38 |              647.8
  1004002 | edu packamalg #2                                   |      8 |       18 |             643.77
  6016008 | corpbrand #8                                       |     17 |       31 |             635.44
  1003001 | exportiamalg #1                                    |      6 |       47 |             628.68
  2001001 | amalgimporto #1                                    |     19 |        1 |             628.46
 10006009 | corpunivamalg #9                                   |     17 |        1 |             627.75
  2001002 | amalgimporto #2                                    |      8 |       57 |             624.58
  4003001 | exportiedu pack #1                                 |     18 |       28 |             624.16
  2002001 | importoimporto #1                                  |     17 |       28 |             622.58
 10012003 | importoamalgamalg #3                               |     17 |       39 |             618.99
  3002001 | importoexporti #1                                  |      9 |        0 |             618.84
  4004001 | edu packedu pack #1                                |     19 |        5 |              615.6
  4001002 | amalgedu pack #2                                   |      8 |       21 |             615.09
  4004001 | edu packedu pack #1                                |      7 |       48 |             599.83
  1003001 | exportiamalg #1                                    |     17 |       28 |             590.52
  4002001 | importoedu pack #1                                 |      9 |       47 |             589.82
 10003017 | exportiunivamalg #17                               |      8 |       15 |             589.71
  3002001 | importoexporti #1                                  |     19 |       49 |             582.27
  6013004 | exportibrand #4                                    |     19 |        4 |              579.6
  7016004 | corpnameless #4                                    |      9 |       29 |              577.5
  2003001 | exportiimporto #1                                  |      8 |       24 |             576.84
  4002001 | importoedu pack #1                                 |      9 |       51 |              573.5
  2002001 | importoimporto #1                                  |      9 |       29 |             570.17
  7003003 | exportibrand #3                                    |     17 |       45 |             566.94
  4004001 | edu packedu pack #1                                |      6 |       25 |              565.5
  6007007 | brandcorp #7                                       |      8 |        5 |             565.38
  8005002 | scholarnameless #2                                 |     18 |       39 |  563.6800000000001
  9001009 | amalgmaxi #9                                       |      8 |       15 |             561.72
  6008003 | namelesscorp #3                                    |     17 |        6 |             561.04
  8002010 | importonameless #10                                |      8 |       25 |             550.41
  3001001 | amalgexporti #1                                    |     17 |       12 |             549.27
  2002001 | importoimporto #1                                  |      9 |       46 |             549.18
  6013004 | exportibrand #4                                    |      7 |       51 |             547.06
  4001002 | amalgedu pack #2                                   |     18 |        2 |              546.4
 10012003 | importoamalgamalg #3                               |     17 |       35 |             545.94
  6004001 | edu packcorp #1                                    |      8 |       19 |              545.7
  3004001 | edu packexporti #1                                 |     19 |       40 |             542.64
  3002001 | importoexporti #1                                  |      7 |       17 |             540.36
  4004001 | edu packedu pack #1                                |     17 |       54 |             539.47
  4004001 | edu packedu pack #1                                |      9 |        0 |             538.38
  3003001 | exportiexporti #1                                  |     19 |       33 |             537.81
  5003001 | exportischolar #1                                  |     17 |        7 |             537.66
 10008006 | namelessunivamalg #6                               |     18 |       44 |              536.5
  3003001 | exportiexporti #1                                  |     17 |        6 |             533.97
 10004005 | edu packunivamalg #5                               |     17 |       20 |             533.12
  2003001 | exportiimporto #1                                  |     17 |        0 |             532.98
  9012002 | importounivamalg #2                                |     19 |        4 |             517.82
  1004001 | edu packamalg #1                                   |      6 |       35 |             517.81
  5004002 | edu packscholar #2                                 |     17 |       51 |              513.6
  4001002 | amalgedu pack #2                                   |     17 |       18 |             513.22
 10006009 | corpunivamalg #9                                   |      8 |       44 |             512.25
 10012003 | importoamalgamalg #3                               |     18 |       58 |             512.04
  6007007 | brandcorp #7                                       |      9 |       16 |             511.81
  1002002 | importoamalg #2                                    |     19 |       10 |             508.62
  5001002 | amalgscholar #2                                    |      8 |        0 |             506.63
  3003001 | exportiexporti #1                                  |      9 |       30 |             503.82
  4004001 | edu packedu pack #1                                |     17 |       31 |             502.59
  7002006 | importobrand #6                                    |      9 |        7 |             492.71
  7002006 | importobrand #6                                    |     18 |       29 |                492
  5003001 | exportischolar #1                                  |     17 |       14 |              490.2
  3002001 | importoexporti #1                                  |      6 |       51 |             486.98
  9005008 | scholarmaxi #8                                     |      7 |       51 |             481.52
  5003001 | exportischolar #1                                  |      8 |       18 |              480.7
  3004002 | edu packexporti #2                                 |     17 |        4 |             478.17
  5003001 | exportischolar #1                                  |      6 |       56 |             477.96
  4001001 | amalgedu pack #1                                   |     17 |       25 |              475.2
 10002010 | importounivamalg #10                               |     17 |       14 |             473.16
  5004001 | edu packscholar #1                                 |     19 |        4 |             471.01
  3003001 | exportiexporti #1                                  |      6 |       18 |             470.58
  5004002 | edu packscholar #2                                 |      9 |       30 |             468.35
  5003001 | exportischolar #1                                  |      8 |       44 |             465.72
  6011001 | amalgbrand #1                                      |      6 |       31 |             461.63
 10012003 | importoamalgamalg #3                               |     17 |       12 |             458.62
  1002001 | importoamalg #1                                    |      6 |       56 |             457.65
  5004002 | edu packscholar #2                                 |      8 |       14 |              457.4
  2001001 | amalgimporto #1                                    |     17 |        9 |             453.06
  5001002 | amalgscholar #2                                    |      9 |       32 |             451.11
  6007007 | brandcorp #7                                       |      9 |       36 |             448.35
  9004008 | edu packmaxi #8                                    |      8 |       25 |             447.33
  3003001 | exportiexporti #1                                  |     19 |       46 |             446.85
  8002007 | importonameless #7                                 |     19 |       53 |             444.24
  5001002 | amalgscholar #2                                    |      6 |       30 |             444.04
  2002001 | importoimporto #1                                  |      6 |       36 |             442.47
  4002001 | importoedu pack #1                                 |     17 |       17 |             440.61
  3003001 | exportiexporti #1                                  |     19 |       20 |             435.88
  5002001 | importoscholar #1                                  |     17 |       38 |             429.66
  3003001 | exportiexporti #1                                  |      6 |        7 |             426.72
 10011010 | amalgamalgamalg #10                                |     17 |       15 |             424.97
  6011001 | amalgbrand #1                                      |     17 |       41 |             424.35
  3001001 | amalgexporti #1                                    |     18 |       16 |             420.72
  1001001 | amalgamalg #1                                      |     18 |       54 |                420
  3004002 | edu packexporti #2                                 |     17 |       43 |             418.86
  5004001 | edu packscholar #1                                 |     18 |        1 |             409.22
 10001009 | amalgunivamalg #9                                  |     18 |       23 |             408.24
 10008006 | namelessunivamalg #6                               |      9 |       17 |             407.25
  8007001 | brandnameless #1                                   |     18 |       40 |                400
  8003006 | exportinameless #6                                 |     17 |       37 |             392.98
  1003002 | exportiamalg #2                                    |      6 |       18 |                387
  1003001 | exportiamalg #1                                    |      6 |       32 |             384.02
  7002010 | importobrand #10                                   |     17 |       31 |             383.52
  1003002 | exportiamalg #2                                    |     17 |       24 |             380.16
  1002001 | importoamalg #1                                    |     17 |        4 |             379.73
  7006007 | corpbrand #7                                       |     19 |        5 |             377.62
  3002001 | importoexporti #1                                  |     17 |       20 |              375.6
  8011004 | amalgmaxi #4                                       |     18 |       20 |              375.1
  9005002 | scholarmaxi #2                                     |     17 |        0 |             371.84
  1002001 | importoamalg #1                                    |     19 |       20 |             370.72
  3002001 | importoexporti #1                                  |     17 |       15 |             370.33
 10004005 | edu packunivamalg #5                               |     18 |       32 |             363.67
  4001001 | amalgedu pack #1                                   |     19 |       20 |             363.55
  2004001 | edu packimporto #1                                 |     19 |       58 |             362.75
  2003002 | exportiimporto #2                                  |     17 |       42 |              354.2
  3003001 | exportiexporti #1                                  |     19 |        7 |              351.4
  9010005 | univunivamalg #5                                   |     17 |       34 |             350.08
  3003001 | exportiexporti #1                                  |     17 |       44 |             348.15
  9006003 | corpmaxi #3                                        |     17 |       36 |             343.62
  6012005 | importobrand #5                                    |     19 |       54 |             341.19
  4002001 | importoedu pack #1                                 |     19 |       16 |             341.14
  6011001 | amalgbrand #1                                      |      6 |       42 |              340.8
  4001002 | amalgedu pack #2                                   |     19 |       30 |              332.4
 10002017 | importounivamalg #17                               |      9 |       37 |             332.19
  2001001 | amalgimporto #1                                    |     18 |       55 |             330.84
  1003001 | exportiamalg #1                                    |     19 |       34 |             330.41
 10011010 | amalgamalgamalg #10                                |      9 |       20 |                327
  2001002 | amalgimporto #2                                    |      9 |       31 |              321.6
 10006009 | corpunivamalg #9                                   |     17 |       14 |             320.64
  7002010 | importobrand #10                                   |     18 |       40 |             316.58
  7002006 | importobrand #6                                    |     17 |       52 |             312.76
  4003001 | exportiedu pack #1                                 |      9 |       50 |             312.12
 10004005 | edu packunivamalg #5                               |     17 |       57 |             308.14
  9005002 | scholarmaxi #2                                     |      9 |       47 |             307.51
  2004002 | edu packimporto #2                                 |      6 |       27 |             307.33
  6011007 | amalgbrand #7                                      |     17 |       59 |             306.24
  8002010 | importonameless #10                                |     18 |       18 |             301.12
  5002001 | importoscholar #1                                  |      8 |       43 |             300.08
  2003002 | exportiimporto #2                                  |      8 |       25 |              298.3
  8015006 | scholarmaxi #6                                     |      9 |        8 |                298
  2001001 | amalgimporto #1                                    |     19 |       18 |                297
  5004001 | edu packscholar #1                                 |     17 |       14 |             294.24
  4002002 | importoedu pack #2                                 |     18 |       28 |             294.19
  1003002 | exportiamalg #2                                    |     19 |       12 |             293.48
  1004002 | edu packamalg #2                                   |     18 |       16 |             292.98
  7003003 | exportibrand #3                                    |     19 |       54 |             292.34
  1002002 | importoamalg #2                                    |     19 |       23 |             289.08
  9013005 | exportiunivamalg #5                                |     17 |       22 |             289.04
  6015003 | scholarbrand #3                                    |      8 |       21 |             288.73
  8006003 | corpnameless #3                                    |      9 |       31 |              287.1
  1002002 | importoamalg #2                                    |     18 |       12 |              282.8
  3003001 | exportiexporti #1                                  |     17 |       59 |             281.43
  8003006 | exportinameless #6                                 |     17 |       56 |             279.36
  8003006 | exportinameless #6                                 |     17 |       42 |             278.24
  7016004 | corpnameless #4                                    |      9 |       23 |             275.99
  8007001 | brandnameless #1                                   |     19 |        7 |             272.48
  6001001 | amalgcorp #1                                       |     18 |       57 |              269.1
  5001002 | amalgscholar #2                                    |      9 |       25 |             268.78
  2001001 | amalgimporto #1                                    |      9 |        4 |             267.96
  9005002 | scholarmaxi #2                                     |     19 |       58 |             267.75
 10008006 | namelessunivamalg #6                               |     19 |        1 |              264.6
  3002001 | importoexporti #1                                  |      8 |       10 |             263.23
  8014001 | edu packmaxi #1                                    |      9 |        1 |             262.68
  6007007 | brandcorp #7                                       |     19 |        5 |              261.4
  6002007 | importocorp #7                                     |     18 |       53 |             261.29
  4004001 | edu packedu pack #1                                |     19 |       24 |             260.58
  1002002 | importoamalg #2                                    |     17 |       59 |             259.15
  4003001 | exportiedu pack #1                                 |     19 |       21 |              257.5
  8013003 | exportimaxi #3                                     |      7 |       59 |             256.77
  6004005 | edu packcorp #5                                    |      7 |        9 |             256.02
 10008013 | namelessunivamalg #13                              |     18 |       33 |             255.86
  9010005 | univunivamalg #5                                   |     19 |       54 |              255.5
  1004001 | edu packamalg #1                                   |     18 |        1 |             251.23
  3003001 | exportiexporti #1                                  |     18 |       35 |             249.59
  8005002 | scholarnameless #2                                 |      8 |       43 |              247.2
  7002010 | importobrand #10                                   |     17 |       57 |              246.4
  8011007 | amalgmaxi #7                                       |     19 |       42 |             243.84
 10004005 | edu packunivamalg #5                               |     18 |       30 |             241.96
  3002002 | importoexporti #2                                  |      9 |       51 |              240.6
  1003001 | exportiamalg #1                                    |     19 |       42 |             238.59
  2003001 | exportiimporto #1                                  |     17 |        9 |             237.32
  7010001 | univnameless #1                                    |      9 |       36 |              235.2
  5003001 | exportischolar #1                                  |     17 |       11 |             233.76
  3002002 | importoexporti #2                                  |     18 |       12 |              233.6
  5004001 | edu packscholar #1                                 |      8 |       28 |             233.45
  9005008 | scholarmaxi #8                                     |     17 |       25 |             231.71
 10003017 | exportiunivamalg #17                               |      8 |       22 |             230.58
 10006009 | corpunivamalg #9                                   |     19 |       16 |                228
 10009016 | maxiunivamalg #16                                  |      9 |       51 |             227.04
  7010001 | univnameless #1                                    |     19 |        5 |             226.32
  3004002 | edu packexporti #2                                 |     19 |       53 |             223.04
  6014005 | edu packbrand #5                                   |     19 |       26 |              220.6
  3003001 | exportiexporti #1                                  |      9 |       47 |              219.6
  8007001 | brandnameless #1                                   |     19 |       24 |             215.88
  8006003 | corpnameless #3                                    |     17 |        8 |             214.71
  6008003 | namelesscorp #3                                    |      8 |       55 |             214.36
  3001001 | amalgexporti #1                                    |     17 |       40 |             214.08
  5002001 | importoscholar #1                                  |     19 |       50 |                214
  3003001 | exportiexporti #1                                  |     18 |       27 |             209.15
  3003001 | exportiexporti #1                                  |     17 |       24 |             208.78
  8002010 | importonameless #10                                |      8 |       58 |             208.39
 10009016 | maxiunivamalg #16                                  |     17 |       30 |             208.08
  7010001 | univnameless #1                                    |      7 |       38 |              203.3
  3002002 | importoexporti #2                                  |      8 |       25 |             202.96
  8002007 | importonameless #7                                 |      8 |       21 |             200.46
  2001001 | amalgimporto #1                                    |     19 |       10 |             199.65
  7002006 | importobrand #6                                    |      9 |       41 |              199.5
  4004001 | edu packedu pack #1                                |     19 |       44 |              197.8
  4001002 | amalgedu pack #2                                   |     17 |       44 |             196.86
  5001001 | amalgscholar #1                                    |     17 |       37 |             196.47
  8011007 | amalgmaxi #7                                       |      8 |       26 |             193.93
  2003002 | exportiimporto #2                                  |      9 |        3 |             193.63
  6006002 | corpcorp #2                                        |     17 |       49 |             193.44
  4003001 | exportiedu pack #1                                 |      8 |       31 |             192.78
  8016005 | corpmaxi #5                                        |     17 |       44 |             190.12
  1003001 | exportiamalg #1                                    |     18 |       52 |             188.86
  8016005 | corpmaxi #5                                        |     18 |       23 |             184.69
  4004001 | edu packedu pack #1                                |     19 |       42 |              182.1
  5003001 | exportischolar #1                                  |     18 |        6 |             181.44
  9004008 | edu packmaxi #8                                    |      9 |       36 |              180.9
  5003001 | exportischolar #1                                  |     19 |        7 |             176.96
 10013001 | exportiamalgamalg #1                               |     18 |       12 |              176.2
  9005002 | scholarmaxi #2                                     |     19 |        6 |              174.8
 10012003 | importoamalgamalg #3                               |      8 |       40 |             174.72
  2004001 | edu packimporto #1                                 |      7 |       57 |              174.5
  1003002 | exportiamalg #2                                    |     18 |       18 |             173.61
  6011007 | amalgbrand #7                                      |      7 |       22 |             169.33
  8006001 | corpnameless #1                                    |     18 |        9 |             168.56
 10002010 | importounivamalg #10                               |     19 |        6 |              167.8
  6004005 | edu packcorp #5                                    |     18 |        0 |             166.16
  3003001 | exportiexporti #1                                  |      7 |       50 |             163.04
  4002001 | importoedu pack #1                                 |     18 |       59 |             160.52
  5003001 | exportischolar #1                                  |     17 |       16 |             158.72
  9001009 | amalgmaxi #9                                       |     17 |       10 |              155.1
  8013003 | exportimaxi #3                                     |      9 |       16 |             152.09
  1003001 | exportiamalg #1                                    |     17 |       14 |             151.71
  7010001 | univnameless #1                                    |     19 |       41 |              150.4
  4001002 | amalgedu pack #2                                   |     17 |        8 |             149.82
  9004008 | edu packmaxi #8                                    |     17 |       13 |             149.34
  9004008 | edu packmaxi #8                                    |      9 |       46 |              146.8
 10012003 | importoamalgamalg #3                               |     18 |       21 |             146.08
  2003002 | exportiimporto #2                                  |     17 |       36 |             145.88
  6014005 | edu packbrand #5                                   |     17 |       54 |              145.8
  3001001 | amalgexporti #1                                    |     19 |       20 |             145.04
  7013001 | exportinameless #1                                 |     19 |       42 |             144.72
  3003001 | exportiexporti #1                                  |     18 |        9 |             140.36
  8011004 | amalgmaxi #4                                       |     18 |       16 |             137.52
  8003006 | exportinameless #6                                 |     19 |       48 |             137.25
  9006003 | corpmaxi #3                                        |      6 |       25 |              134.3
 10007013 | brandunivamalg #13                                 |     17 |        2 |             133.14
  7002010 | importobrand #10                                   |     18 |       10 |             132.48
  3004002 | edu packexporti #2                                 |      9 |       46 |              129.8
  7013001 | exportinameless #1                                 |      9 |       36 |             122.76
  1003001 | exportiamalg #1                                    |     17 |        4 |             121.95
  4004001 | edu packedu pack #1                                |      7 |       26 |             121.86
  8003006 | exportinameless #6                                 |     19 |       52 |             120.24
  8015006 | scholarmaxi #6                                     |     19 |       40 |             113.94
  8013003 | exportimaxi #3                                     |     19 |       22 |             112.58
  2001001 | amalgimporto #1                                    |      7 |       50 |             111.44
  2002001 | importoimporto #1                                  |      7 |       11 |             108.78
  5004002 | edu packscholar #2                                 |     18 |       48 |             107.84
  1004002 | edu packamalg #2                                   |      7 |       48 |             107.28
  3003001 | exportiexporti #1                                  |     18 |        2 |              104.6
  8007001 | brandnameless #1                                   |      9 |       11 |              104.4
  1002002 | importoamalg #2                                    |     19 |       33 |             103.68
  4004001 | edu packedu pack #1                                |     17 |        1 |              102.4
  2001001 | amalgimporto #1                                    |     17 |       48 |             102.18
  8006003 | corpnameless #3                                    |     17 |       21 |              100.8
  2001002 | amalgimporto #2                                    |     19 |       22 |              98.47
  3004002 | edu packexporti #2                                 |     18 |       18 |               97.5
  1004001 | edu packamalg #1                                   |     19 |       54 |              96.48
  2002001 | importoimporto #1                                  |     17 |       29 |              95.76
  1002001 | importoamalg #1                                    |      8 |       52 |              94.57
  3004002 | edu packexporti #2                                 |     19 |       54 |               93.6
  9010005 | univunivamalg #5                                   |     18 |       16 |              92.07
  2004001 | edu packimporto #1                                 |     17 |       12 |              92.04
  4004001 | edu packedu pack #1                                |      8 |       15 |              91.35
  9004008 | edu packmaxi #8                                    |     19 |       34 |              90.27
  2001001 | amalgimporto #1                                    |     17 |        2 |              89.79
  5003001 | exportischolar #1                                  |     19 |       57 |              89.44
  5001002 | amalgscholar #2                                    |     18 |       31 |              88.16
 10004005 | edu packunivamalg #5                               |     17 |       31 |               86.6
  3003001 | exportiexporti #1                                  |      9 |       43 |               85.8
  2002001 | importoimporto #1                                  |     18 |       47 |               84.8
  5004001 | edu packscholar #1                                 |     17 |       42 |              83.32
 10006009 | corpunivamalg #9                                   |     19 |       46 |              82.08
  9013005 | exportiunivamalg #5                                |     17 |       25 |              81.77
  3002002 | importoexporti #2                                  |     18 |       50 |               81.3
  3002001 | importoexporti #1                                  |     18 |       13 |              81.04
 10001009 | amalgunivamalg #9                                  |      7 |        3 |               80.6
  8005002 | scholarnameless #2                                 |      9 |       14 |              80.28
 10007013 | brandunivamalg #13                                 |     17 |       14 |              78.48
  5003001 | exportischolar #1                                  |     18 |       56 |              78.12
  6013008 | exportibrand #8                                    |     17 |        9 |              77.98
  4002001 | importoedu pack #1                                 |      6 |       24 |              77.92
  1002001 | importoamalg #1                                    |     18 |       51 |               77.9
  2004002 | edu packimporto #2                                 |     17 |       52 |              77.44
  9006003 | corpmaxi #3                                        |      6 |        8 |              76.59
  1001001 | amalgamalg #1                                      |      7 |       54 |              74.08
  6002007 | importocorp #7                                     |      9 |       37 |              74.08
  5003001 | exportischolar #1                                  |      7 |       19 |                 71
  7013001 | exportinameless #1                                 |      8 |       58 |              70.98
  3004001 | edu packexporti #1                                 |      9 |       57 |              69.96
  3003001 | exportiexporti #1                                  |     19 |       16 |              67.59
  6012005 | importobrand #5                                    |     18 |        1 |              65.13
  3001001 | amalgexporti #1                                    |     19 |       23 |               64.6
  4002002 | importoedu pack #2                                 |      8 |       31 |              63.18
  6015006 | scholarbrand #6                                    |     18 |       50 |              61.36
  4002001 | importoedu pack #1                                 |      9 |       44 |              58.82
  3001001 | amalgexporti #1                                    |     17 |        1 |              58.71
  8005007 | scholarnameless #7                                 |      8 |       29 |              57.72
  1001001 | amalgamalg #1                                      |     17 |       38 |              57.12
  1003001 | exportiamalg #1                                    |     19 |       51 |              56.64
  8014001 | edu packmaxi #1                                    |     19 |       30 |              56.56
  9010005 | univunivamalg #5                                   |     17 |       49 |              55.65
  5004002 | edu packscholar #2                                 |      9 |       19 |              55.44
  5004001 | edu packscholar #1                                 |     19 |       33 |               55.1
  3004002 | edu packexporti #2                                 |     19 |       12 |               54.6
  6002007 | importocorp #7                                     |      8 |       28 |              53.73
  3002001 | importoexporti #1                                  |     17 |       50 |              52.51
  9013005 | exportiunivamalg #5                                |     18 |       59 |               51.3
  4002001 | importoedu pack #1                                 |      9 |       25 |               50.4
  8015006 | scholarmaxi #6                                     |     18 |       38 |              50.04
  4004001 | edu packedu pack #1                                |      9 |        1 |              48.67
  3004002 | edu packexporti #2                                 |      6 |       45 |              48.56
  6004005 | edu packcorp #5                                    |     18 |       42 |              46.14
  4004001 | edu packedu pack #1                                |     17 |       57 |               45.9
  4003001 | exportiedu pack #1                                 |     17 |       24 |              44.58
  5001002 | amalgscholar #2                                    |      9 |        0 |              43.53
  8011007 | amalgmaxi #7                                       |      9 |       31 |              43.06
  5004001 | edu packscholar #1                                 |     17 |        9 |              42.32
  4001001 | amalgedu pack #1                                   |      8 |       22 |                 41
  6008003 | namelesscorp #3                                    |     19 |       42 |              40.97
  4004001 | edu packedu pack #1                                |     19 |       27 |               39.2
  4003001 | exportiedu pack #1                                 |      9 |       15 |              38.24
  8005002 | scholarnameless #2                                 |     17 |       14 |              38.22
  8011007 | amalgmaxi #7                                       |     19 |       13 |              38.04
  4002001 | importoedu pack #1                                 |     19 |       34 |              36.58
  3002001 | importoexporti #1                                  |     17 |       23 |              36.54
  1001001 | amalgamalg #1                                      |     17 |        1 |                 36
  4003001 | exportiedu pack #1                                 |     17 |        7 |              35.73
  8007001 | brandnameless #1                                   |     17 |       50 |              35.64
  7016004 | corpnameless #4                                    |     17 |       59 |              35.52
  5004001 | edu packscholar #1                                 |      8 |       52 |               34.5
  5003001 | exportischolar #1                                  |     19 |       10 |              30.78
 10002010 | importounivamalg #10                               |      9 |       40 |              30.74
  6013008 | exportibrand #8                                    |     17 |       34 |              30.42
  6011001 | amalgbrand #1                                      |     19 |       52 |              29.76
  8005002 | scholarnameless #2                                 |     18 |       25 |              28.59
  9012002 | importounivamalg #2                                |      6 |       11 |              27.82
  4003001 | exportiedu pack #1                                 |     19 |       27 |              26.91
  2004001 | edu packimporto #1                                 |      9 |       46 |              25.92
 10006012 | corpunivamalg #12                                  |      9 |       26 |              25.92
 10006009 | corpunivamalg #9                                   |     17 |       58 |              25.62
  3001001 | amalgexporti #1                                    |     19 |        8 |               25.2
  3003001 | exportiexporti #1                                  |     19 |       31 |              24.99
  2001001 | amalgimporto #1                                    |      9 |       14 |              24.61
  9013005 | exportiunivamalg #5                                |     19 |        0 |              24.12
  9005002 | scholarmaxi #2                                     |     17 |        4 |              22.75
  4002001 | importoedu pack #1                                 |     19 |       48 |              22.36
  4001001 | amalgedu pack #1                                   |     17 |        5 |              20.42
  1004001 | edu packamalg #1                                   |     18 |       25 |              20.36
  4003001 | exportiedu pack #1                                 |     18 |       48 |              19.68
  3004002 | edu packexporti #2                                 |     18 |        0 |               19.5
  6001001 | amalgcorp #1                                       |      8 |       16 |              19.38
  9006003 | corpmaxi #3                                        |      6 |       51 |              19.16
  6013004 | exportibrand #4                                    |      8 |        9 |              17.88
  9005002 | scholarmaxi #2                                     |      7 |        4 |              17.55
 10008006 | namelessunivamalg #6                               |     17 |       29 |              17.28
  6004005 | edu packcorp #5                                    |     17 |       23 |               17.1
  1002002 | importoamalg #2                                    |     18 |       52 |               16.8
 10008013 | namelessunivamalg #13                              |      9 |        0 |              12.84
  9013005 | exportiunivamalg #5                                |     19 |       25 |              12.25
  6016008 | corpbrand #8                                       |     19 |       53 |                9.6
  5003001 | exportischolar #1                                  |      8 |        6 |                9.5
  1001001 | amalgamalg #1                                      |      9 |       34 |               8.25
  3002001 | importoexporti #1                                  |     17 |       43 |               7.74
  5004001 | edu packscholar #1                                 |     18 |       40 |                7.4
  7003003 | exportibrand #3                                    |     19 |       56 |               6.51
  8002007 | importonameless #7                                 |     18 |       59 |                5.7
  2004002 | edu packimporto #2                                 |      7 |       54 |               5.46
  8002010 | importonameless #10                                |     19 |       29 |                5.1
  6001001 | amalgcorp #1                                       |     19 |       15 |                4.6
  8005007 | scholarnameless #7                                 |     17 |       16 |               3.24
  6015006 | scholarbrand #6                                    |     19 |       26 |                  3
  6016008 | corpbrand #8                                       |     18 |        4 |               2.28
  3003001 | exportiexporti #1                                  |     19 |       30 |               1.02
 10007013 | brandunivamalg #13                                 |     19 |       56 |                0.8
  1001001 | amalgamalg #1                                      |     17 |       48 |                  0
  1004002 | edu packamalg #2                                   |     18 |       50 |                  0
  2001002 | amalgimporto #2                                    |     17 |       58 |                  0
  2004002 | edu packimporto #2                                 |     19 |       51 |                  0
  3003001 | exportiexporti #1                                  |     17 |       36 |                  0
  3004002 | edu packexporti #2                                 |      8 |       36 |                  0
  4001002 | amalgedu pack #2                                   |      9 |       21 |                  0
  5004001 | edu packscholar #1                                 |     18 |       29 |                  0
  7003003 | exportibrand #3                                    |     18 |       59 |                  0
  8006001 | corpnameless #1                                    |     18 |       11 |                  0
  9005002 | scholarmaxi #2                                     |     19 |       49 |                  0
 10011010 | amalgamalgamalg #10                                |     19 |       52 |                  0
(1112 rows)

UPDATE time_statistics SET e_time = TRANSACTION_TIMESTAMP() WHERE template = 'query71.tpl' AND stream = 7;
psql:/tmp/s1-basline/throughput/query_7.sql:1515: NOTICE:  duration: 0.157 ms  plan:
Query Text: UPDATE time_statistics SET e_time = TRANSACTION_TIMESTAMP() WHERE template = 'query71.tpl' AND stream = 7;
Update on time_statistics  (cost=0.00..16.72 rows=0 width=0) (actual time=0.156..0.157 rows=0 loops=1)
  ->  Seq Scan on time_statistics  (cost=0.00..16.72 rows=1 width=14) (actual time=0.125..0.138 rows=1 loops=1)
        Filter: ((template = 'query71.tpl'::text) AND (stream = 7))
        Rows Removed by Filter: 609
UPDATE 1
LOAD 'auto_explain'; SET auto_explain.log_min_duration TO 0; SET auto_explain.log_analyze TO on; SET auto_explain.log_level TO notice; INSERT INTO time_statistics (template, s_time, stream, query, seed) VALUES ('query46.tpl', TRANSACTION_TIMESTAMP(), 7, 34, 1762429789);
LOAD
SET
SET
SET
psql:/tmp/s1-basline/throughput/query_7.sql:1516: NOTICE:  duration: 0.009 ms  plan:
Query Text: INSERT INTO time_statistics (template, s_time, stream, query, seed) VALUES ('query46.tpl', TRANSACTION_TIMESTAMP(), 7, 34, 1762429789);
Insert on time_statistics  (cost=0.00..0.01 rows=0 width=0) (actual time=0.009..0.009 rows=0 loops=1)
  ->  Result  (cost=0.00..0.01 rows=1 width=64) (actual time=0.002..0.002 rows=1 loops=1)
INSERT 0 1
select  c_last_name
       ,c_first_name
       ,ca_city
       ,bought_city
       ,ss_ticket_number
       ,amt,profit 
 from
   (select ss_ticket_number
          ,ss_customer_sk
          ,ca_city bought_city
          ,sum(ss_coupon_amt) amt
          ,sum(ss_net_profit) profit
    from store_sales,date_dim,store,household_demographics,customer_address 
    where store_sales.ss_sold_date_sk = date_dim.d_date_sk
    and store_sales.ss_store_sk = store.s_store_sk  
    and store_sales.ss_hdemo_sk = household_demographics.hd_demo_sk
    and store_sales.ss_addr_sk = customer_address.ca_address_sk
    and (household_demographics.hd_dep_count = 9 or
         household_demographics.hd_vehicle_count= 4)
    and date_dim.d_dow in (6,0)
    and date_dim.d_year in (1998,1998+1,1998+2) 
    and store.s_city in ('Midway','Fairview','Fairview','Midway','Midway') 
    group by ss_ticket_number,ss_customer_sk,ss_addr_sk,ca_city) dn,customer,customer_address current_addr
    where ss_customer_sk = c_customer_sk
      and customer.c_current_addr_sk = current_addr.ca_address_sk
      and current_addr.ca_city <> bought_city
  order by c_last_name
          ,c_first_name
          ,ca_city
          ,bought_city
          ,ss_ticket_number
  limit 100;
psql:/tmp/s1-basline/throughput/query_7.sql:1548: NOTICE:  duration: 478.676 ms  plan:
Query Text: select  c_last_name
       ,c_first_name
       ,ca_city
       ,bought_city
       ,ss_ticket_number
       ,amt,profit 
 from
   (select ss_ticket_number
          ,ss_customer_sk
          ,ca_city bought_city
          ,sum(ss_coupon_amt) amt
          ,sum(ss_net_profit) profit
    from store_sales,date_dim,store,household_demographics,customer_address 
    where store_sales.ss_sold_date_sk = date_dim.d_date_sk
    and store_sales.ss_store_sk = store.s_store_sk  
    and store_sales.ss_hdemo_sk = household_demographics.hd_demo_sk
    and store_sales.ss_addr_sk = customer_address.ca_address_sk
    and (household_demographics.hd_dep_count = 9 or
         household_demographics.hd_vehicle_count= 4)
    and date_dim.d_dow in (6,0)
    and date_dim.d_year in (1998,1998+1,1998+2) 
    and store.s_city in ('Midway','Fairview','Fairview','Midway','Midway') 
    group by ss_ticket_number,ss_customer_sk,ss_addr_sk,ca_city) dn,customer,customer_address current_addr
    where ss_customer_sk = c_customer_sk
      and customer.c_current_addr_sk = current_addr.ca_address_sk
      and current_addr.ca_city <> bought_city
  order by c_last_name
          ,c_first_name
          ,ca_city
          ,bought_city
          ,ss_ticket_number
  limit 100;
Limit  (cost=97220.65..97220.90 rows=100 width=94) (actual time=418.281..478.594 rows=100 loops=1)
  ->  Sort  (cost=97220.65..97226.99 rows=2538 width=94) (actual time=418.281..478.587 rows=100 loops=1)
        Sort Key: customer.c_last_name, customer.c_first_name, current_addr.ca_city, customer_address.ca_city, store_sales.ss_ticket_number
        Sort Method: top-N heapsort  Memory: 48kB
        ->  Nested Loop  (cost=92861.64..97123.65 rows=2538 width=94) (actual time=360.788..474.218 rows=9321 loops=1)
              Join Filter: ((current_addr.ca_city)::text <> (customer_address.ca_city)::text)
              Rows Removed by Join Filter: 670
              ->  Nested Loop  (cost=92861.35..96274.58 rows=2542 width=93) (actual time=360.781..457.358 rows=9991 loops=1)
                    ->  Finalize GroupAggregate  (cost=92861.06..93191.84 rows=2542 width=49) (actual time=360.769..437.871 rows=10324 loops=1)
                          Group Key: store_sales.ss_ticket_number, store_sales.ss_customer_sk, store_sales.ss_addr_sk, customer_address.ca_city
                          ->  Gather Merge  (cost=92861.06..93134.65 rows=2118 width=49) (actual time=360.762..433.372 rows=10373 loops=1)
                                Workers Planned: 2
                                Workers Launched: 2
                                ->  Partial GroupAggregate  (cost=91861.04..91890.16 rows=1059 width=49) (actual time=354.622..363.632 rows=3458 loops=3)
                                      Group Key: store_sales.ss_ticket_number, store_sales.ss_customer_sk, store_sales.ss_addr_sk, customer_address.ca_city
                                      ->  Sort  (cost=91861.04..91863.68 rows=1059 width=49) (actual time=354.610..356.110 rows=36514 loops=3)
                                            Sort Key: store_sales.ss_ticket_number, store_sales.ss_customer_sk, store_sales.ss_addr_sk, customer_address.ca_city
                                            Sort Method: quicksort  Memory: 5617kB
                                            Worker 0:  Sort Method: quicksort  Memory: 3737kB
                                            Worker 1:  Sort Method: quicksort  Memory: 3713kB
                                            ->  Nested Loop  (cost=2788.06..91807.83 rows=1059 width=49) (actual time=17.071..339.555 rows=36514 loops=3)
                                                  ->  Hash Join  (cost=2787.77..91465.97 rows=1110 width=40) (actual time=17.025..285.200 rows=36735 loops=3)
                                                        Hash Cond: (store_sales.ss_store_sk = store.s_store_sk)
                                                        ->  Hash Join  (cost=2786.42..91460.54 rows=1164 width=48) (actual time=16.957..279.239 rows=37212 loops=3)
                                                              Hash Cond: (store_sales.ss_hdemo_sk = household_demographics.hd_demo_sk)
                                                              ->  Hash Join  (cost=2595.92..91257.21 rows=4883 width=56) (actual time=15.644..263.725 rows=151596 loops=3)
                                                                    Hash Cond: (store_sales.ss_sold_date_sk = date_dim.d_date_sk)
                                                                    ->  Parallel Seq Scan on store_sales  (cost=0.00..85499.45 rows=1204445 width=64) (actual time=0.013..123.676 rows=948150 loops=3)
                                                                    ->  Hash  (cost=2592.05..2592.05 rows=310 width=8) (actual time=15.597..15.598 rows=314 loops=3)
                                                                          Buckets: 1024  Batches: 1  Memory Usage: 21kB
                                                                          ->  Seq Scan on date_dim  (cost=0.00..2592.05 rows=310 width=8) (actual time=7.290..15.554 rows=314 loops=3)
                                                                                Filter: ((d_dow = ANY ('{6,0}'::integer[])) AND (d_year = ANY ('{1998,1999,2000}'::integer[])))
                                                                                Rows Removed by Filter: 72735
                                                              ->  Hash  (cost=168.00..168.00 rows=1800 width=8) (actual time=1.259..1.260 rows=1800 loops=3)
                                                                    Buckets: 2048  Batches: 1  Memory Usage: 87kB
                                                                    ->  Seq Scan on household_demographics  (cost=0.00..168.00 rows=1800 width=8) (actual time=0.177..1.052 rows=1800 loops=3)
                                                                          Filter: ((hd_dep_count = 9) OR (hd_vehicle_count = 4))
                                                                          Rows Removed by Filter: 5400
                                                        ->  Hash  (cost=1.20..1.20 rows=12 width=8) (actual time=0.037..0.037 rows=12 loops=3)
                                                              Buckets: 1024  Batches: 1  Memory Usage: 9kB
                                                              ->  Seq Scan on store  (cost=0.00..1.20 rows=12 width=8) (actual time=0.028..0.033 rows=12 loops=3)
                                                                    Filter: ((s_city)::text = ANY ('{Midway,Fairview,Fairview,Midway,Midway}'::text[]))
                                                  ->  Index Scan using pk_customer_address on customer_address  (cost=0.29..0.31 rows=1 width=17) (actual time=0.001..0.001 rows=1 loops=110204)
                                                        Index Cond: (ca_address_sk = store_sales.ss_addr_sk)
                    ->  Index Scan using pk_customer on customer  (cost=0.29..1.20 rows=1 width=68) (actual time=0.002..0.002 rows=1 loops=10324)
                          Index Cond: (c_customer_sk = store_sales.ss_customer_sk)
              ->  Index Scan using pk_customer_address on customer_address current_addr  (cost=0.29..0.32 rows=1 width=17) (actual time=0.001..0.001 rows=1 loops=9991)
                    Index Cond: (ca_address_sk = customer.c_current_addr_sk)
          c_last_name           |     c_first_name     |     ca_city     |    bought_city     | ss_ticket_number |        amt         |       profit        
--------------------------------+----------------------+-----------------+--------------------+------------------+--------------------+---------------------
 Aaron                          | William              | Pine Grove      | Lakewood           |            11921 |             286.89 |            -5288.98
 Abbott                         | Blanca               | Kingston        | Springdale         |             5963 |             545.86 |           -13765.19
 Abbott                         | Brenda               | Five Points     | Friendship         |           208043 |            3026.66 |  -5857.669999999999
 Abbott                         | Diana                | Woodville       | Riverdale          |           137793 |            1521.31 |            -5051.68
 Abbott                         | Michelle             | Maple Grove     | Union              |            94430 |              74.22 |  -6974.099999999999
 Abbott                         |                      | Oak Grove       | Shady Grove        |            75226 |                  0 |  -6383.799999999999
 Abell                          | Nicole               | Greenfield      | Lebanon            |           215842 | 1811.8700000000001 | -19332.320000000003
 Abraham                        | Clarence             | Greenfield      | Harmony            |            94169 |            1582.87 |            -6920.49
 Abraham                        | Deborah              | Mount Olive     | Riverview          |             2033 |                  0 |  -8671.539999999999
 Abrams                         | Tammy                | Woodlawn        | Concord            |           183046 |            3250.65 | -12357.209999999997
 Abreu                          | William              | Highland Park   | Buena Vista        |           126279 |             468.25 | -5057.7699999999995
 Acevedo                        | Charles              | Five Forks      | Washington Heights |            42410 |             194.61 | -16926.059999999998
 Acevedo                        | Paula                | Spring Hill     | Oak Ridge          |            75470 |             247.27 | -7216.9400000000005
 Acevedo                        | Timothy              | Jamestown       | Pleasant Grove     |            24306 |                  0 |  -4996.669999999998
 Acosta                         | Amanda               | Morris          | Salem              |           125889 |            3355.85 |  2035.8500000000008
 Acosta                         | Michael              | Green Acres     | Somerville         |            45015 |            5058.65 | -12227.060000000001
 Acosta                         | Michael              | Stringtown      | Hopewell           |           165584 |           13100.97 |           -22543.91
 Adam                           | Adam                 | Mount Pleasant  | Edgewood           |           107408 |            2826.04 |  -6587.819999999999
 Adam                           | Julia                | Arlington       | Empire             |           107710 |            1284.52 |            -6602.84
 Adams                          | Adam                 | Deerfield       | Liberty            |           166825 |            1051.79 |  -7046.400000000001
 Adams                          | Carolyn              | Granville       | Antioch            |            84247 |             326.17 |            -3828.45
 Adams                          | Christina            | Brownsville     | Oakwood            |           116353 |             551.96 |           -10201.75
 Adams                          | Emily                | Riley           | Wildwood           |            74142 |            3030.08 |           -10814.42
 Adams                          | Fannie               | Greenwood       | Mount Vernon       |             7164 |  96.42999999999999 |  -4484.490000000001
 Adams                          | Felicia              | Oak Ridge       | Red Hill           |            68150 | 1386.3799999999999 |           -22626.28
 Adams                          | Gregory              | Harmony         | Oak Hill           |           169864 |             372.64 |           -14513.15
 Adams                          | Heather              | Stringtown      | Mount Olive        |            35016 |             905.25 |            -6995.07
 Adams                          | Heidi                | Riverside       | Highland           |            46941 |            3190.59 | -10471.559999999998
 Adams                          | Hilary               | Mount Pleasant  | Midway             |           121817 |             130.29 |            -8507.84
 Adams                          | Jenny                | Harmony         | Lakewood           |           106352 |              73.59 |            -5197.09
 Adams                          | Jose                 | Forest Hills    | Greenville         |           186482 |                  0 |           -10781.89
 Adams                          | Leo                  | Cedar Grove     | Belmont            |            13901 |                  0 |  -8686.349999999999
 Adams                          | Lisa                 | Pleasant Hill   | Spring Valley      |           118935 |             565.53 |  -8145.099999999999
 Adams                          | Mark                 | Franklin        | Clinton            |           226367 |            4794.58 |           -11398.99
 Adams                          | Miranda              | Harmony         | Lakeview           |           114859 |            1176.75 |            -8992.55
 Adams                          | Nancy                | Franklin        | Dallas             |           209547 | 1729.9599999999998 |            -5406.61
 Adams                          | Peggie               | Five Forks      | Maple Grove        |           174399 |               72.7 | -3061.6499999999996
 Adams                          | Raymond              | Newtown         | Midway             |           116251 |            1107.92 |            -4695.93
 Adams                          | Richard              | Georgetown      | Delmar             |           227058 |             703.59 | -5021.2300000000005
 Adams                          | Sandra               | Jamestown       | Friendship         |            42862 | 1259.5500000000002 |  -7650.380000000001
 Adams                          | Thomas               | Arlington       | Shiloh             |           177445 |                  0 |   5955.060000000001
 Adams                          |                      | Jamestown       | Highland           |            33559 |             628.38 | -1454.7099999999994
 Adkins                         | John                 | Lebanon         | Unionville         |           180170 |             339.96 | -14778.099999999999
 Adkins                         | John                 | Shady Grove     | Wildwood           |             9331 |            1355.16 |           -11690.06
 Adkins                         | Juan                 | Oak Ridge       | Bridgeport         |            90204 |             259.94 |           -10264.46
 Adkins                         | Stephen              | Pleasant Grove  | Friendship         |           193830 | 1117.8700000000001 | -15107.420000000002
 Adkins                         | Travis               | Arlington       | Hopewell           |           112095 |            8840.74 |  -8030.630000000001
 Adkins                         | Wayne                | New Town        | Highland Park      |           148681 |  9336.210000000001 |   656.6400000000007
 Adkins                         |                      | Sulphur Springs | Antioch            |           128720 | 1520.4199999999998 |  -7200.569999999999
 Adler                          | Frank                | Kingston        | Shady Grove        |           227730 |             891.28 |            -8253.74
 Agee                           | Clarence             | Kingston        | Providence         |            51800 |            1481.93 |   165.4299999999996
 Agee                           | Eunice               | Belmont         | Concord            |            54709 | 3563.0399999999995 |             -5736.2
 Aguayo                         | Brian                | Liberty         | Pleasant Grove     |           192734 | 1804.3899999999999 |            -6468.48
 Aguiar                         | Deanna               | Bethel          | Oakwood            |           122962 | 3649.7000000000003 |           -12600.81
 Aguilar                        | Ora                  | Kingston        | Fayetteville       |            15052 |           12555.95 | -18671.379999999997
 Aguilar                        | Ora                  | Kingston        | Lakeview           |           164487 |              672.1 | -10882.179999999998
 Aguilar                        | Steven               | Lebanon         | Antioch            |           175574 | 3331.0600000000004 |           -15954.98
 Aguilar                        | Steven               | Lebanon         | Mount Zion         |            50900 |             687.61 |           -11176.51
 Aguirre                        | Beth                 | Woodlawn        | New London         |           222092 |             438.74 |  -7368.139999999999
 Aguirre                        | Harry                | Ridgeville      | Springfield        |           197304 |             508.53 | -2586.5299999999997
 Aguirre                        | John                 | Oakwood         | Bethel             |           239197 | 141.22000000000003 |            -3304.53
 Aguirre                        | Marcella             | Marion          | Fairview           |           198960 | 502.49999999999994 |           -19790.19
 Aguirre                        | Ruth                 | Glenwood        | Lakeview           |           150272 |            1650.53 |           -16789.45
 Ahmad                          | Natalie              | Riverside       | Greenwood          |           119219 | 1614.3200000000002 |            -8841.08
 Ahrens                         | Sonya                | Oak Ridge       | Farmington         |           118662 |              68.92 |            -4548.48
 Aiello                         | Gina                 | Macedonia       | Murray             |           124210 |             773.16 | -14279.439999999999
 Akers                          | Diane                | Cedar Grove     | White Oak          |            57940 |             995.69 |            -3253.86
 Akers                          | Harriett             | Antioch         | Kingston           |           212353 |            2415.17 |           -12122.86
 Akers                          | Lilian               | Lebanon         | Belmont            |           223270 |            3991.38 |            -4221.59
 Akin                           | Doris                | Kingston        | Bethel             |            93447 |             679.86 |            -9542.76
 Akins                          | Sara                 | Friendship      | Oakland            |           195148 |            3777.36 | -10300.470000000001
 Alarcon                        | Dustin               | Lebanon         | Waterloo           |            38458 |              62.09 |  2110.8899999999994
 Albers                         | Stevie               | Fruitland       | Maple Grove        |           167448 |                  0 |            -8453.68
 Albert                         | Ashley               | Spring Valley   | Woodville          |           212269 |            1598.81 |           -15269.91
 Albrecht                       | Faye                 | Red Hill        | Florence           |           120275 | 454.68999999999994 |           -15619.75
 Albrecht                       | Faye                 | Red Hill        | Florence           |           219263 |            1968.84 |            -8496.31
 Albrecht                       | Marilyn              | Ashland         | Mount Pleasant     |            49580 |            2968.56 |            -9361.92
 Albright                       | Charles              | Mountain View   | Rock Creek         |           182707 |             4571.6 | -10358.310000000001
 Albright                       | Joseph               | Highland Park   | Clearview          |           226274 | 3011.4100000000003 |           -14566.87
 Albright                       | Joseph               | Highland Park   | Lakeview           |           145813 |            1462.53 | -14629.160000000002
 Aldrich                        | Virginia             | Oak Hill        | Buena Vista        |           100297 |             518.46 |  -8994.970000000001
 Aldridge                       | Ashley               | Hopewell        | Jackson            |           132145 |             326.06 | -4603.1900000000005
 Aldridge                       | Ellsworth            | Greenfield      | Oakdale            |           191134 |  7611.469999999999 |            -8859.82
 Aldridge                       | Fidela               | Maple Grove     | Oak Ridge          |            15043 |                  0 | -14337.599999999999
 Aldridge                       | Frieda               | Edgewood        | Macedonia          |           233555 |            1715.71 | -10330.550000000001
 Aldridge                       | Shawn                | Forest Hills    | Springdale         |            89241 |            9350.44 |           -17881.38
 Aleman                         | Florence             | Riverside       | Georgetown         |            23993 |  6812.220000000001 |           -15867.75
 Aleman                         | Florence             | Riverside       | Georgetown         |           100739 | 1788.6499999999999 | -10156.759999999998
 Aleman                         | Victoria             | Belmont         | Riverdale          |           224106 | 1515.3600000000001 |            -7466.62
 Alexander                      | Carole               | Ferguson        | Pleasant Grove     |            82928 |  8313.989999999998 | -15351.849999999999
 Alexander                      | Domenica             | Franklin        | Shiloh             |            62388 |            8634.59 | -24359.669999999995
 Alexander                      | James                | Friendship      | Mountain View      |           174669 |            3540.25 |  -7587.900000000001
 Alexander                      | John                 | Bethel          | Greenfield         |           149317 |            2096.04 |            -1576.05
 Alexander                      | Jonathan             | Unionville      | Oak Grove          |            66655 |                1.2 |            -3399.55
 Alexander                      | Les                  | Arlington       | Greenville         |            99279 |            1901.01 |            -7920.98
 Alexander                      | Lisa                 | Brownsville     | Gary               |           142322 |             189.95 |            -8533.54
 Alexander                      | Melanie              | Oak Hill        | Hamilton           |           129548 |  825.8499999999999 |           -12711.05
 Alexander                      | Michelle             | Greenville      | Walnut             |           158733 |            1595.28 |           -10479.08
 Alexander                      | Morris               | Oak Grove       | Riverside          |              393 | 2010.3700000000001 | -10917.179999999998
 Alexander                      | Nathan               | Five Points     | Crossroads         |            35130 |             1464.1 |            -7249.32
(100 rows)

UPDATE time_statistics SET e_time = TRANSACTION_TIMESTAMP() WHERE template = 'query46.tpl' AND stream = 7;
psql:/tmp/s1-basline/throughput/query_7.sql:1550: NOTICE:  duration: 0.091 ms  plan:
Query Text: UPDATE time_statistics SET e_time = TRANSACTION_TIMESTAMP() WHERE template = 'query46.tpl' AND stream = 7;
Update on time_statistics  (cost=0.00..16.72 rows=0 width=0) (actual time=0.090..0.091 rows=0 loops=1)
  ->  Seq Scan on time_statistics  (cost=0.00..16.72 rows=1 width=14) (actual time=0.070..0.077 rows=1 loops=1)
        Filter: ((template = 'query46.tpl'::text) AND (stream = 7))
        Rows Removed by Filter: 610
UPDATE 1
LOAD 'auto_explain'; SET auto_explain.log_min_duration TO 0; SET auto_explain.log_analyze TO on; SET auto_explain.log_level TO notice; INSERT INTO time_statistics (template, s_time, stream, query, seed) VALUES ('query10.tpl', TRANSACTION_TIMESTAMP(), 7, 35, 1848847879);
LOAD
SET
SET
SET
psql:/tmp/s1-basline/throughput/query_7.sql:1551: NOTICE:  duration: 0.008 ms  plan:
Query Text: INSERT INTO time_statistics (template, s_time, stream, query, seed) VALUES ('query10.tpl', TRANSACTION_TIMESTAMP(), 7, 35, 1848847879);
Insert on time_statistics  (cost=0.00..0.01 rows=0 width=0) (actual time=0.007..0.007 rows=0 loops=1)
  ->  Result  (cost=0.00..0.01 rows=1 width=64) (actual time=0.001..0.001 rows=1 loops=1)
INSERT 0 1
select  
  cd_gender,
  cd_marital_status,
  cd_education_status,
  count(*) cnt1,
  cd_purchase_estimate,
  count(*) cnt2,
  cd_credit_rating,
  count(*) cnt3,
  cd_dep_count,
  count(*) cnt4,
  cd_dep_employed_count,
  count(*) cnt5,
  cd_dep_college_count,
  count(*) cnt6
 from
  customer c,customer_address ca,customer_demographics
 where
  c.c_current_addr_sk = ca.ca_address_sk and
  ca_county in ('Oconee County','Kent County','Todd County','Douglas County','Cass County') and
  cd_demo_sk = c.c_current_cdemo_sk and 
  exists (select *
          from store_sales,date_dim
          where c.c_customer_sk = ss_customer_sk and
                ss_sold_date_sk = d_date_sk and
                d_year = 1999 and
                d_moy between 2 and 2+3) and
   (exists (select *
            from web_sales,date_dim
            where c.c_customer_sk = ws_bill_customer_sk and
                  ws_sold_date_sk = d_date_sk and
                  d_year = 1999 and
                  d_moy between 2 ANd 2+3) or 
    exists (select * 
            from catalog_sales,date_dim
            where c.c_customer_sk = cs_ship_customer_sk and
                  cs_sold_date_sk = d_date_sk and
                  d_year = 1999 and
                  d_moy between 2 and 2+3))
 group by cd_gender,
          cd_marital_status,
          cd_education_status,
          cd_purchase_estimate,
          cd_credit_rating,
          cd_dep_count,
          cd_dep_employed_count,
          cd_dep_college_count
 order by cd_gender,
          cd_marital_status,
          cd_education_status,
          cd_purchase_estimate,
          cd_credit_rating,
          cd_dep_count,
          cd_dep_employed_count,
          cd_dep_college_count
limit 100;
psql:/tmp/s1-basline/throughput/query_7.sql:1607: NOTICE:  duration: 8688.115 ms  plan:
Query Text: select  
  cd_gender,
  cd_marital_status,
  cd_education_status,
  count(*) cnt1,
  cd_purchase_estimate,
  count(*) cnt2,
  cd_credit_rating,
  count(*) cnt3,
  cd_dep_count,
  count(*) cnt4,
  cd_dep_employed_count,
  count(*) cnt5,
  cd_dep_college_count,
  count(*) cnt6
 from
  customer c,customer_address ca,customer_demographics
 where
  c.c_current_addr_sk = ca.ca_address_sk and
  ca_county in ('Oconee County','Kent County','Todd County','Douglas County','Cass County') and
  cd_demo_sk = c.c_current_cdemo_sk and 
  exists (select *
          from store_sales,date_dim
          where c.c_customer_sk = ss_customer_sk and
                ss_sold_date_sk = d_date_sk and
                d_year = 1999 and
                d_moy between 2 and 2+3) and
   (exists (select *
            from web_sales,date_dim
            where c.c_customer_sk = ws_bill_customer_sk and
                  ws_sold_date_sk = d_date_sk and
                  d_year = 1999 and
                  d_moy between 2 ANd 2+3) or 
    exists (select * 
            from catalog_sales,date_dim
            where c.c_customer_sk = cs_ship_customer_sk and
                  cs_sold_date_sk = d_date_sk and
                  d_year = 1999 and
                  d_moy between 2 and 2+3))
 group by cd_gender,
          cd_marital_status,
          cd_education_status,
          cd_purchase_estimate,
          cd_credit_rating,
          cd_dep_count,
          cd_dep_employed_count,
          cd_dep_college_count
 order by cd_gender,
          cd_marital_status,
          cd_education_status,
          cd_purchase_estimate,
          cd_credit_rating,
          cd_dep_count,
          cd_dep_employed_count,
          cd_dep_college_count
limit 100;
Limit  (cost=261407.03..176431490.75 rows=31 width=100) (actual time=5298.527..8688.087 rows=8 loops=1)
  ->  GroupAggregate  (cost=261407.03..176431490.75 rows=31 width=100) (actual time=5298.526..8688.084 rows=8 loops=1)
        Group Key: customer_demographics.cd_gender, customer_demographics.cd_marital_status, customer_demographics.cd_education_status, customer_demographics.cd_purchase_estimate, customer_demographics.cd_credit_rating, customer_demographics.cd_dep_count, customer_demographics.cd_dep_employed_count, customer_demographics.cd_dep_college_count
        ->  Nested Loop  (cost=261407.03..176431489.74 rows=31 width=52) (actual time=5164.812..8688.062 rows=8 loops=1)
              Join Filter: (c.c_current_cdemo_sk = customer_demographics.cd_demo_sk)
              Rows Removed by Join Filter: 15366392
              ->  Gather Merge  (cost=172607.60..391522.31 rows=1920800 width=60) (actual time=4440.313..6835.377 rows=1920800 loops=1)
                    Workers Planned: 1
                    Workers Launched: 1
                    ->  Sort  (cost=171607.59..174432.30 rows=1129882 width=60) (actual time=4234.937..5878.754 rows=960400 loops=2)
                          Sort Key: customer_demographics.cd_gender, customer_demographics.cd_marital_status, customer_demographics.cd_education_status, customer_demographics.cd_purchase_estimate, customer_demographics.cd_credit_rating, customer_demographics.cd_dep_count, customer_demographics.cd_dep_employed_count, customer_demographics.cd_dep_college_count
                          Sort Method: external merge  Disk: 73576kB
                          Worker 0:  Sort Method: external merge  Disk: 65576kB
                          ->  Parallel Seq Scan on customer_demographics  (cost=0.00..33127.82 rows=1129882 width=60) (actual time=0.013..151.998 rows=960400 loops=2)
              ->  Materialize  (cost=88799.42..175117983.51 rows=32 width=8) (actual time=0.000..0.000 rows=8 loops=1920800)
                    ->  Nested Loop  (cost=88799.42..175117983.35 rows=32 width=8) (actual time=111.299..131.179 rows=8 loops=1)
                          ->  Nested Loop  (cost=88799.13..175116903.60 rows=3248 width=16) (actual time=110.863..129.446 rows=695 loops=1)
                                ->  HashAggregate  (cost=88798.84..88844.21 rows=4537 width=8) (actual time=57.138..58.535 rows=8788 loops=1)
                                      Group Key: store_sales.ss_customer_sk
                                      Batches: 1  Memory Usage: 913kB
                                      ->  Nested Loop  (cost=0.43..88787.50 rows=4537 width=8) (actual time=4.679..43.645 rows=104866 loops=1)
                                            ->  Seq Scan on date_dim  (cost=0.00..2683.36 rows=120 width=8) (actual time=4.656..9.495 rows=120 loops=1)
                                                  Filter: ((d_moy >= 2) AND (d_moy <= 5) AND (d_year = 1999))
                                                  Rows Removed by Filter: 72929
                                            ->  Index Scan using i_ss_sold_date_sk on store_sales  (cost=0.43..702.38 rows=1515 width=16) (actual time=0.005..0.200 rows=874 loops=120)
                                                  Index Cond: (ss_sold_date_sk = date_dim.d_date_sk)
                                ->  Index Scan using pk_customer on customer c  (cost=0.29..40113.12 rows=1 width=24) (actual time=0.008..0.008 rows=0 loops=8788)
                                      Index Cond: (c_customer_sk = store_sales.ss_customer_sk)
                                      Filter: ((hashed SubPlan 2) OR (hashed SubPlan 4))
                                      Rows Removed by Filter: 1
                                      SubPlan 2
                                        ->  Nested Loop  (cost=0.42..31890.95 rows=1187 width=8) (actual time=4.262..19.129 rows=28046 loops=1)
                                              ->  Seq Scan on date_dim date_dim_1  (cost=0.00..2683.36 rows=120 width=8) (actual time=4.253..8.957 rows=120 loops=1)
                                                    Filter: ((d_moy >= 2) AND (d_moy <= 5) AND (d_year = 1999))
                                                    Rows Removed by Filter: 72929
                                              ->  Index Scan using i_ws_sold_date_sk on web_sales  (cost=0.42..239.43 rows=397 width=16) (actual time=0.003..0.058 rows=234 loops=120)
                                                    Index Cond: (ws_sold_date_sk = date_dim_1.d_date_sk)
                                      SubPlan 4
                                        ->  Nested Loop  (cost=0.43..9283.20 rows=2359 width=8) (actual time=4.248..24.649 rows=53984 loops=1)
                                              ->  Seq Scan on date_dim date_dim_2  (cost=0.00..2683.36 rows=120 width=8) (actual time=4.238..8.969 rows=120 loops=1)
                                                    Filter: ((d_moy >= 2) AND (d_moy <= 5) AND (d_year = 1999))
                                                    Rows Removed by Filter: 72929
                                              ->  Index Scan using i_cs_sold_date_sk on catalog_sales  (cost=0.43..47.15 rows=785 width=16) (actual time=0.003..0.074 rows=450 loops=120)
                                                    Index Cond: (cs_sold_date_sk = date_dim_2.d_date_sk)
                          ->  Index Scan using pk_customer_address on customer_address ca  (cost=0.29..0.33 rows=1 width=8) (actual time=0.002..0.002 rows=0 loops=695)
                                Index Cond: (ca_address_sk = c.c_current_addr_sk)
                                Filter: ((ca_county)::text = ANY ('{"Oconee County","Kent County","Todd County","Douglas County","Cass County"}'::text[]))
                                Rows Removed by Filter: 1
 cd_gender | cd_marital_status | cd_education_status  | cnt1 | cd_purchase_estimate | cnt2 | cd_credit_rating | cnt3 | cd_dep_count | cnt4 | cd_dep_employed_count | cnt5 | cd_dep_college_count | cnt6 
-----------+-------------------+----------------------+------+----------------------+------+------------------+------+--------------+------+-----------------------+------+----------------------+------
 F         | M                 | College              |    1 |                 1500 |    1 | Unknown          |    1 |            0 |    1 |                     0 |    1 |                    2 |    1
 F         | M                 | Secondary            |    1 |                 4500 |    1 | Good             |    1 |            5 |    1 |                     6 |    1 |                    1 |    1
 F         | U                 | 4 yr Degree          |    1 |                 2000 |    1 | Low Risk         |    1 |            1 |    1 |                     4 |    1 |                    0 |    1
 M         | M                 | 2 yr Degree          |    1 |                 3000 |    1 | Good             |    1 |            5 |    1 |                     3 |    1 |                    5 |    1
 M         | M                 | Advanced Degree      |    1 |                 4500 |    1 | High Risk        |    1 |            4 |    1 |                     2 |    1 |                    4 |    1
 M         | W                 | Advanced Degree      |    1 |                 3000 |    1 | Unknown          |    1 |            6 |    1 |                     0 |    1 |                    4 |    1
 M         | W                 | Primary              |    1 |                 9000 |    1 | High Risk        |    1 |            1 |    1 |                     2 |    1 |                    5 |    1
 M         | W                 | Unknown              |    1 |                 3000 |    1 | Unknown          |    1 |            5 |    1 |                     3 |    1 |                    0 |    1
(8 rows)

UPDATE time_statistics SET e_time = TRANSACTION_TIMESTAMP() WHERE template = 'query10.tpl' AND stream = 7;
psql:/tmp/s1-basline/throughput/query_7.sql:1609: NOTICE:  duration: 0.100 ms  plan:
Query Text: UPDATE time_statistics SET e_time = TRANSACTION_TIMESTAMP() WHERE template = 'query10.tpl' AND stream = 7;
Update on time_statistics  (cost=0.00..16.72 rows=0 width=0) (actual time=0.099..0.100 rows=0 loops=1)
  ->  Seq Scan on time_statistics  (cost=0.00..16.72 rows=1 width=14) (actual time=0.078..0.085 rows=1 loops=1)
        Filter: ((template = 'query10.tpl'::text) AND (stream = 7))
        Rows Removed by Filter: 611
UPDATE 1
LOAD 'auto_explain'; SET auto_explain.log_min_duration TO 0; SET auto_explain.log_analyze TO on; SET auto_explain.log_level TO notice; INSERT INTO time_statistics (template, s_time, stream, query, seed) VALUES ('../query_postgresql/query14.tpl', TRANSACTION_TIMESTAMP(), 7, 36, 1324662951);
LOAD
SET
SET
SET
psql:/tmp/s1-basline/throughput/query_7.sql:1610: NOTICE:  duration: 0.008 ms  plan:
Query Text: INSERT INTO time_statistics (template, s_time, stream, query, seed) VALUES ('../query_postgresql/query14.tpl', TRANSACTION_TIMESTAMP(), 7, 36, 1324662951);
Insert on time_statistics  (cost=0.00..0.01 rows=0 width=0) (actual time=0.008..0.008 rows=0 loops=1)
  ->  Result  (cost=0.00..0.01 rows=1 width=64) (actual time=0.001..0.001 rows=1 loops=1)
INSERT 0 1
with  cross_items as
 (select i_item_sk ss_item_sk
 from item,
 (select iss.i_brand_id brand_id
     ,iss.i_class_id class_id
     ,iss.i_category_id category_id
 from store_sales
     ,item iss
     ,date_dim d1
 where ss_item_sk = iss.i_item_sk
   and ss_sold_date_sk = d1.d_date_sk
   and d1.d_year between 1998 AND 1998 + 2
 intersect 
 select ics.i_brand_id
     ,ics.i_class_id
     ,ics.i_category_id
 from catalog_sales
     ,item ics
     ,date_dim d2
 where cs_item_sk = ics.i_item_sk
   and cs_sold_date_sk = d2.d_date_sk
   and d2.d_year between 1998 AND 1998 + 2
 intersect
 select iws.i_brand_id
     ,iws.i_class_id
     ,iws.i_category_id
 from web_sales
     ,item iws
     ,date_dim d3
 where ws_item_sk = iws.i_item_sk
   and ws_sold_date_sk = d3.d_date_sk
   and d3.d_year between 1998 AND 1998 + 2) x
 where i_brand_id = brand_id
      and i_class_id = class_id
      and i_category_id = category_id
),
 avg_sales as
 (select avg(quantity*list_price) average_sales
  from (select ss_quantity quantity
             ,ss_list_price list_price
       from store_sales
           ,date_dim
       where ss_sold_date_sk = d_date_sk
         and d_year between 1998 and 1998 + 2
       union all 
       select cs_quantity quantity 
             ,cs_list_price list_price
       from catalog_sales
           ,date_dim
       where cs_sold_date_sk = d_date_sk
         and d_year between 1998 and 1998 + 2 
       union all
       select ws_quantity quantity
             ,ws_list_price list_price
       from web_sales
           ,date_dim
       where ws_sold_date_sk = d_date_sk
         and d_year between 1998 and 1998 + 2) x)
  select  channel, i_brand_id,i_class_id,i_category_id,sum(sales), sum(number_sales)
 from(
       select 'store' channel, i_brand_id,i_class_id
             ,i_category_id,sum(ss_quantity*ss_list_price) sales
             , count(*) number_sales
       from store_sales
           ,item
           ,date_dim
       where ss_item_sk in (select ss_item_sk from cross_items)
         and ss_item_sk = i_item_sk
         and ss_sold_date_sk = d_date_sk
         and d_year = 1998+2 
         and d_moy = 11
       group by i_brand_id,i_class_id,i_category_id
       having sum(ss_quantity*ss_list_price) > (select average_sales from avg_sales)
       union all
       select 'catalog' channel, i_brand_id,i_class_id,i_category_id, sum(cs_quantity*cs_list_price) sales, count(*) number_sales
       from catalog_sales
           ,item
           ,date_dim
       where cs_item_sk in (select ss_item_sk from cross_items)
         and cs_item_sk = i_item_sk
         and cs_sold_date_sk = d_date_sk
         and d_year = 1998+2 
         and d_moy = 11
       group by i_brand_id,i_class_id,i_category_id
       having sum(cs_quantity*cs_list_price) > (select average_sales from avg_sales)
       union all
       select 'web' channel, i_brand_id,i_class_id,i_category_id, sum(ws_quantity*ws_list_price) sales , count(*) number_sales
       from web_sales
           ,item
           ,date_dim
       where ws_item_sk in (select ss_item_sk from cross_items)
         and ws_item_sk = i_item_sk
         and ws_sold_date_sk = d_date_sk
         and d_year = 1998+2
         and d_moy = 11
       group by i_brand_id,i_class_id,i_category_id
       having sum(ws_quantity*ws_list_price) > (select average_sales from avg_sales)
 ) x
 group by rollup (channel, i_brand_id,i_class_id,i_category_id)
 order by channel,i_brand_id,i_class_id,i_category_id
 limit 100;
psql:/tmp/s1-basline/throughput/query_7.sql:1711: NOTICE:  duration: 12925.600 ms  plan:
Query Text: with  cross_items as
 (select i_item_sk ss_item_sk
 from item,
 (select iss.i_brand_id brand_id
     ,iss.i_class_id class_id
     ,iss.i_category_id category_id
 from store_sales
     ,item iss
     ,date_dim d1
 where ss_item_sk = iss.i_item_sk
   and ss_sold_date_sk = d1.d_date_sk
   and d1.d_year between 1998 AND 1998 + 2
 intersect 
 select ics.i_brand_id
     ,ics.i_class_id
     ,ics.i_category_id
 from catalog_sales
     ,item ics
     ,date_dim d2
 where cs_item_sk = ics.i_item_sk
   and cs_sold_date_sk = d2.d_date_sk
   and d2.d_year between 1998 AND 1998 + 2
 intersect
 select iws.i_brand_id
     ,iws.i_class_id
     ,iws.i_category_id
 from web_sales
     ,item iws
     ,date_dim d3
 where ws_item_sk = iws.i_item_sk
   and ws_sold_date_sk = d3.d_date_sk
   and d3.d_year between 1998 AND 1998 + 2) x
 where i_brand_id = brand_id
      and i_class_id = class_id
      and i_category_id = category_id
),
 avg_sales as
 (select avg(quantity*list_price) average_sales
  from (select ss_quantity quantity
             ,ss_list_price list_price
       from store_sales
           ,date_dim
       where ss_sold_date_sk = d_date_sk
         and d_year between 1998 and 1998 + 2
       union all 
       select cs_quantity quantity 
             ,cs_list_price list_price
       from catalog_sales
           ,date_dim
       where cs_sold_date_sk = d_date_sk
         and d_year between 1998 and 1998 + 2 
       union all
       select ws_quantity quantity
             ,ws_list_price list_price
       from web_sales
           ,date_dim
       where ws_sold_date_sk = d_date_sk
         and d_year between 1998 and 1998 + 2) x)
  select  channel, i_brand_id,i_class_id,i_category_id,sum(sales), sum(number_sales)
 from(
       select 'store' channel, i_brand_id,i_class_id
             ,i_category_id,sum(ss_quantity*ss_list_price) sales
             , count(*) number_sales
       from store_sales
           ,item
           ,date_dim
       where ss_item_sk in (select ss_item_sk from cross_items)
         and ss_item_sk = i_item_sk
         and ss_sold_date_sk = d_date_sk
         and d_year = 1998+2 
         and d_moy = 11
       group by i_brand_id,i_class_id,i_category_id
       having sum(ss_quantity*ss_list_price) > (select average_sales from avg_sales)
       union all
       select 'catalog' channel, i_brand_id,i_class_id,i_category_id, sum(cs_quantity*cs_list_price) sales, count(*) number_sales
       from catalog_sales
           ,item
           ,date_dim
       where cs_item_sk in (select ss_item_sk from cross_items)
         and cs_item_sk = i_item_sk
         and cs_sold_date_sk = d_date_sk
         and d_year = 1998+2 
         and d_moy = 11
       group by i_brand_id,i_class_id,i_category_id
       having sum(cs_quantity*cs_list_price) > (select average_sales from avg_sales)
       union all
       select 'web' channel, i_brand_id,i_class_id,i_category_id, sum(ws_quantity*ws_list_price) sales , count(*) number_sales
       from web_sales
           ,item
           ,date_dim
       where ws_item_sk in (select ss_item_sk from cross_items)
         and ws_item_sk = i_item_sk
         and ws_sold_date_sk = d_date_sk
         and d_year = 1998+2
         and d_moy = 11
       group by i_brand_id,i_class_id,i_category_id
       having sum(ws_quantity*ws_list_price) > (select average_sales from avg_sales)
 ) x
 group by rollup (channel, i_brand_id,i_class_id,i_category_id)
 order by channel,i_brand_id,i_class_id,i_category_id
 limit 100;
Limit  (cost=374702.70..374702.92 rows=13 width=84) (actual time=12925.173..12925.546 rows=100 loops=1)
  CTE cross_items
    ->  Hash Join  (cost=192433.57..194011.32 rows=1 width=8) (actual time=1827.442..1836.396 rows=15211 loops=1)
          Hash Cond: ((item_3.i_brand_id = x_1.brand_id) AND (item_3.i_class_id = x_1.class_id) AND (item_3.i_category_id = x_1.category_id))
          ->  Seq Scan on item item_3  (cost=0.00..1436.00 rows=18000 width=20) (actual time=0.004..1.579 rows=18000 loops=1)
          ->  Hash  (cost=192402.07..192402.07 rows=1800 width=12) (actual time=1827.432..1827.650 rows=2895 loops=1)
                Buckets: 4096 (originally 2048)  Batches: 1 (originally 1)  Memory Usage: 157kB
                ->  Subquery Scan on x_1  (cost=5175.25..192402.07 rows=1800 width=12) (actual time=1826.568..1827.209 rows=2939 loops=1)
                      ->  HashSetOp Intersect  (cost=5175.25..192384.07 rows=1800 width=16) (actual time=1826.568..1826.940 rows=2939 loops=1)
                            ->  Append  (cost=5175.25..192290.39 rows=12491 width=16) (actual time=1352.548..1764.685 rows=431357 loops=1)
                                  ->  Result  (cost=5175.25..155608.09 rows=1800 width=16) (actual time=1352.548..1353.308 rows=3737 loops=1)
                                        ->  HashSetOp Intersect  (cost=5175.25..155590.09 rows=1800 width=16) (actual time=1352.547..1352.968 rows=3737 loops=1)
                                              ->  Append  (cost=5175.25..155124.18 rows=62122 width=16) (actual time=18.740..1011.347 rows=2471850 loops=1)
                                                    ->  Subquery Scan on "*SELECT* 1"  (cost=5175.25..98376.73 rows=40868 width=16) (actual time=18.739..369.571 rows=1625099 loops=1)
                                                          ->  Gather  (cost=5175.25..97968.05 rows=40868 width=12) (actual time=18.739..221.951 rows=1625099 loops=1)
                                                                Workers Planned: 2
                                                                Workers Launched: 2
                                                                ->  Hash Join  (cost=4175.25..92881.25 rows=17028 width=12) (actual time=29.796..431.521 rows=541700 loops=3)
                                                                      Hash Cond: (store_sales_1.ss_item_sk = iss.i_item_sk)
                                                                      ->  Hash Join  (cost=2514.25..91175.54 rows=17028 width=8) (actual time=13.053..300.076 rows=541700 loops=3)
                                                                            Hash Cond: (store_sales_1.ss_sold_date_sk = d1.d_date_sk)
                                                                            ->  Parallel Seq Scan on store_sales store_sales_1  (cost=0.00..85499.45 rows=1204445 width=16) (actual time=0.011..133.528 rows=948150 loops=3)
                                                                            ->  Hash  (cost=2500.73..2500.73 rows=1081 width=8) (actual time=13.023..13.024 rows=1096 loops=3)
                                                                                  Buckets: 2048  Batches: 1  Memory Usage: 59kB
                                                                                  ->  Seq Scan on date_dim d1  (cost=0.00..2500.73 rows=1081 width=8) (actual time=5.954..12.888 rows=1096 loops=3)
                                                                                        Filter: ((d_year >= 1998) AND (d_year <= 2000))
                                                                                        Rows Removed by Filter: 71953
                                                                      ->  Hash  (cost=1436.00..1436.00 rows=18000 width=20) (actual time=16.464..16.464 rows=18000 loops=3)
                                                                            Buckets: 32768  Batches: 1  Memory Usage: 1240kB
                                                                            ->  Seq Scan on item iss  (cost=0.00..1436.00 rows=18000 width=20) (actual time=0.026..13.516 rows=18000 loops=3)
                                                    ->  Subquery Scan on "*SELECT* 2"  (cost=1661.43..56436.84 rows=21254 width=16) (actual time=13.189..497.351 rows=846751 loops=1)
                                                          ->  Hash Join  (cost=1661.43..56224.30 rows=21254 width=12) (actual time=13.188..432.776 rows=846751 loops=1)
                                                                Hash Cond: (catalog_sales_1.cs_item_sk = ics.i_item_sk)
                                                                ->  Nested Loop  (cost=0.43..54507.50 rows=21254 width=8) (actual time=4.106..281.590 rows=846751 loops=1)
                                                                      ->  Seq Scan on date_dim d2  (cost=0.00..2500.73 rows=1081 width=8) (actual time=4.085..9.078 rows=1096 loops=1)
                                                                            Filter: ((d_year >= 1998) AND (d_year <= 2000))
                                                                            Rows Removed by Filter: 71953
                                                                      ->  Index Scan using i_cs_sold_date_sk on catalog_sales catalog_sales_1  (cost=0.43..40.26 rows=785 width=16) (actual time=0.004..0.130 rows=773 loops=1096)
                                                                            Index Cond: (cs_sold_date_sk = d2.d_date_sk)
                                                                ->  Hash  (cost=1436.00..1436.00 rows=18000 width=20) (actual time=9.057..9.057 rows=18000 loops=1)
                                                                      Buckets: 32768  Batches: 1  Memory Usage: 1240kB
                                                                      ->  Seq Scan on item ics  (cost=0.00..1436.00 rows=18000 width=20) (actual time=0.004..6.533 rows=18000 loops=1)
                                  ->  Subquery Scan on "*SELECT* 3"  (cost=3514.53..36619.84 rows=10691 width=16) (actual time=8.437..385.769 rows=427620 loops=1)
                                        ->  Gather  (cost=3514.53..36512.93 rows=10691 width=12) (actual time=8.436..346.563 rows=427620 loops=1)
                                              Workers Planned: 2
                                              Workers Launched: 2
                                              ->  Nested Loop  (cost=2514.53..34443.83 rows=4455 width=12) (actual time=14.429..398.839 rows=142540 loops=3)
                                                    ->  Hash Join  (cost=2514.25..33076.22 rows=4455 width=8) (actual time=14.388..117.402 rows=142540 loops=3)
                                                          Hash Cond: (web_sales_1.ws_sold_date_sk = d3.d_date_sk)
                                                          ->  Parallel Seq Scan on web_sales web_sales_1  (cost=0.00..29771.63 rows=301063 width=16) (actual time=0.016..50.496 rows=237185 loops=3)
                                                          ->  Hash  (cost=2500.73..2500.73 rows=1081 width=8) (actual time=14.256..14.256 rows=1096 loops=3)
                                                                Buckets: 2048  Batches: 1  Memory Usage: 59kB
                                                                ->  Seq Scan on date_dim d3  (cost=0.00..2500.73 rows=1081 width=8) (actual time=6.566..14.124 rows=1096 loops=3)
                                                                      Filter: ((d_year >= 1998) AND (d_year <= 2000))
                                                                      Rows Removed by Filter: 71953
                                                    ->  Index Scan using pk_item on item iws  (cost=0.29..0.31 rows=1 width=20) (actual time=0.002..0.002 rows=1 loops=427620)
                                                          Index Cond: (i_item_sk = web_sales_1.ws_item_sk)
  CTE avg_sales
    ->  Finalize Aggregate  (cost=180566.08..180566.09 rows=1 width=8) (actual time=627.773..627.849 rows=1 loops=1)
          ->  Gather  (cost=180565.86..180566.07 rows=2 width=32) (actual time=627.664..627.841 rows=3 loops=1)
                Workers Planned: 2
                Workers Launched: 2
                ->  Partial Aggregate  (cost=179565.86..179565.87 rows=1 width=32) (actual time=623.186..623.190 rows=1 loops=3)
                      ->  Parallel Append  (cost=0.43..179338.32 rows=30339 width=12) (actual time=11.770..555.009 rows=966490 loops=3)
                            ->  Nested Loop  (cost=0.43..54507.50 rows=21254 width=12) (actual time=8.806..405.493 rows=846751 loops=1)
                                  ->  Seq Scan on date_dim date_dim_3  (cost=0.00..2500.73 rows=1081 width=8) (actual time=8.740..14.345 rows=1096 loops=1)
                                        Filter: ((d_year >= 1998) AND (d_year <= 2000))
                                        Rows Removed by Filter: 71953
                                  ->  Index Scan using i_cs_sold_date_sk on catalog_sales catalog_sales_2  (cost=0.43..40.26 rows=785 width=20) (actual time=0.004..0.214 rows=773 loops=1096)
                                        Index Cond: (cs_sold_date_sk = date_dim_3.d_date_sk)
                            ->  Hash Join  (cost=2514.25..91175.54 rows=17028 width=12) (actual time=11.361..291.299 rows=541700 loops=3)
                                  Hash Cond: (store_sales_2.ss_sold_date_sk = date_dim_4.d_date_sk)
                                  ->  Parallel Seq Scan on store_sales store_sales_2  (cost=0.00..85499.45 rows=1204445 width=20) (actual time=0.009..109.873 rows=948150 loops=3)
                                  ->  Hash  (cost=2500.73..2500.73 rows=1081 width=8) (actual time=11.251..11.252 rows=1096 loops=3)
                                        Buckets: 2048  Batches: 1  Memory Usage: 59kB
                                        ->  Seq Scan on date_dim date_dim_4  (cost=0.00..2500.73 rows=1081 width=8) (actual time=5.170..11.116 rows=1096 loops=3)
                                              Filter: ((d_year >= 1998) AND (d_year <= 2000))
                                              Rows Removed by Filter: 71953
                            ->  Hash Join  (cost=2514.25..33076.22 rows=4455 width=12) (actual time=8.696..215.427 rows=427620 loops=1)
                                  Hash Cond: (web_sales_2.ws_sold_date_sk = date_dim_5.d_date_sk)
                                  ->  Parallel Seq Scan on web_sales web_sales_2  (cost=0.00..29771.63 rows=301063 width=20) (actual time=0.003..61.893 rows=711555 loops=1)
                                  ->  Hash  (cost=2500.73..2500.73 rows=1081 width=8) (actual time=8.679..8.679 rows=1096 loops=1)
                                        Buckets: 2048  Batches: 1  Memory Usage: 59kB
                                        ->  Seq Scan on date_dim date_dim_5  (cost=0.00..2500.73 rows=1081 width=8) (actual time=3.913..8.555 rows=1096 loops=1)
                                              Filter: ((d_year >= 1998) AND (d_year <= 2000))
                                              Rows Removed by Filter: 71953
  ->  GroupAggregate  (cost=125.30..125.51 rows=13 width=84) (actual time=12925.172..12925.242 rows=100 loops=1)
        Group Key: ('store'::text), item.i_brand_id, item.i_class_id, item.i_category_id
        Group Key: ('store'::text), item.i_brand_id, item.i_class_id
        Group Key: ('store'::text), item.i_brand_id
        Group Key: ('store'::text)
        Group Key: ()
        ->  Sort  (cost=125.30..125.30 rows=3 width=60) (actual time=12925.164..12925.177 rows=63 loops=1)
              Sort Key: ('store'::text), item.i_brand_id, item.i_class_id, item.i_category_id
              Sort Method: quicksort  Memory: 709kB
              ->  Append  (cost=68.19..125.27 rows=3 width=60) (actual time=8320.885..12919.888 rows=6810 loops=1)
                    ->  GroupAggregate  (cost=68.19..68.23 rows=1 width=60) (actual time=8320.884..8337.044 rows=2437 loops=1)
                          Group Key: item.i_brand_id, item.i_class_id, item.i_category_id
                          Filter: (sum(((store_sales.ss_quantity)::double precision * store_sales.ss_list_price)) > $8)
                          Rows Removed by Filter: 315
                          InitPlan 3 (returns $8)
                            ->  CTE Scan on avg_sales  (cost=0.00..0.02 rows=1 width=8) (actual time=627.776..627.776 rows=1 loops=1)
                          ->  Sort  (cost=68.17..68.18 rows=1 width=24) (actual time=7692.980..7697.436 rows=84825 loops=1)
                                Sort Key: item.i_brand_id, item.i_class_id, item.i_category_id
                                Sort Method: quicksort  Memory: 8359kB
                                ->  Nested Loop  (cost=1.03..68.16 rows=1 width=24) (actual time=1842.183..7668.815 rows=84825 loops=1)
                                      ->  Nested Loop  (cost=0.74..12.93 rows=175 width=32) (actual time=1842.016..4502.910 rows=2580554 loops=1)
                                            ->  Nested Loop  (cost=0.31..2.54 rows=1 width=28) (actual time=1842.002..1886.877 rows=15211 loops=1)
                                                  ->  HashAggregate  (cost=0.02..0.03 rows=1 width=8) (actual time=1841.995..1846.149 rows=15211 loops=1)
                                                        Group Key: cross_items.ss_item_sk
                                                        Batches: 1  Memory Usage: 1833kB
                                                        ->  CTE Scan on cross_items  (cost=0.00..0.02 rows=1 width=8) (actual time=1827.444..1838.635 rows=15211 loops=1)
                                                  ->  Index Scan using pk_item on item  (cost=0.29..2.51 rows=1 width=20) (actual time=0.002..0.002 rows=1 loops=15211)
                                                        Index Cond: (i_item_sk = cross_items.ss_item_sk)
                                            ->  Index Scan using pk_store_sales on store_sales  (cost=0.43..8.64 rows=175 width=28) (actual time=0.005..0.147 rows=170 loops=15211)
                                                  Index Cond: (ss_item_sk = item.i_item_sk)
                                      ->  Index Scan using pk_date_dim on date_dim  (cost=0.29..0.32 rows=1 width=8) (actual time=0.001..0.001 rows=0 loops=2580554)
                                            Index Cond: (d_date_sk = store_sales.ss_sold_date_sk)
                                            Filter: ((d_year = 2000) AND (d_moy = 11))
                                            Rows Removed by Filter: 1
                    ->  GroupAggregate  (cost=36.92..36.95 rows=1 width=60) (actual time=3040.617..3049.042 rows=2359 loops=1)
                          Group Key: item_1.i_brand_id, item_1.i_class_id, item_1.i_category_id
                          Filter: (sum(((catalog_sales.cs_quantity)::double precision * catalog_sales.cs_list_price)) > $9)
                          Rows Removed by Filter: 341
                          InitPlan 4 (returns $9)
                            ->  CTE Scan on avg_sales avg_sales_1  (cost=0.00..0.02 rows=1 width=8) (actual time=0.001..0.002 rows=1 loops=1)
                          ->  Sort  (cost=36.90..36.90 rows=1 width=24) (actual time=3040.541..3042.376 rows=46156 loops=1)
                                Sort Key: item_1.i_brand_id, item_1.i_class_id, item_1.i_category_id
                                Sort Method: quicksort  Memory: 4421kB
                                ->  Nested Loop  (cost=1.03..36.89 rows=1 width=24) (actual time=4.635..3024.809 rows=46156 loops=1)
                                      ->  Nested Loop  (cost=0.74..9.06 rows=88 width=32) (actual time=4.379..1390.437 rows=1289511 loops=1)
                                            ->  Nested Loop  (cost=0.31..2.54 rows=1 width=28) (actual time=4.365..43.784 rows=15211 loops=1)
                                                  ->  HashAggregate  (cost=0.02..0.03 rows=1 width=8) (actual time=4.347..8.082 rows=15211 loops=1)
                                                        Group Key: cross_items_1.ss_item_sk
                                                        Batches: 1  Memory Usage: 1833kB
                                                        ->  CTE Scan on cross_items cross_items_1  (cost=0.00..0.02 rows=1 width=8) (actual time=0.001..0.932 rows=15211 loops=1)
                                                  ->  Index Scan using pk_item on item item_1  (cost=0.29..2.51 rows=1 width=20) (actual time=0.002..0.002 rows=1 loops=15211)
                                                        Index Cond: (i_item_sk = cross_items_1.ss_item_sk)
                                            ->  Index Scan using pk_catalog_sales on catalog_sales  (cost=0.43..5.64 rows=88 width=28) (actual time=0.004..0.075 rows=85 loops=15211)
                                                  Index Cond: (cs_item_sk = item_1.i_item_sk)
                                      ->  Index Scan using pk_date_dim on date_dim date_dim_1  (cost=0.29..0.32 rows=1 width=8) (actual time=0.001..0.001 rows=0 loops=1289511)
                                            Index Cond: (d_date_sk = catalog_sales.cs_sold_date_sk)
                                            Filter: ((d_year = 2000) AND (d_moy = 11))
                                            Rows Removed by Filter: 1
                    ->  GroupAggregate  (cost=20.01..20.05 rows=1 width=60) (actual time=1528.648..1533.395 rows=2014 loops=1)
                          Group Key: item_2.i_brand_id, item_2.i_class_id, item_2.i_category_id
                          Filter: (sum(((web_sales.ws_quantity)::double precision * web_sales.ws_list_price)) > $10)
                          Rows Removed by Filter: 560
                          InitPlan 5 (returns $10)
                            ->  CTE Scan on avg_sales avg_sales_2  (cost=0.00..0.02 rows=1 width=8) (actual time=0.001..0.001 rows=1 loops=1)
                          ->  Sort  (cost=19.99..20.00 rows=1 width=24) (actual time=1528.604..1529.601 rows=23066 loops=1)
                                Sort Key: item_2.i_brand_id, item_2.i_class_id, item_2.i_category_id
                                Sort Method: quicksort  Memory: 2210kB
                                ->  Nested Loop  (cost=1.03..19.98 rows=1 width=24) (actual time=4.894..1520.418 rows=23066 loops=1)
                                      ->  Nested Loop  (cost=0.73..6.02 rows=44 width=32) (actual time=4.829..689.037 rows=646064 loops=1)
                                            ->  Nested Loop  (cost=0.31..2.54 rows=1 width=28) (actual time=4.819..41.330 rows=15211 loops=1)
                                                  ->  HashAggregate  (cost=0.02..0.03 rows=1 width=8) (actual time=4.811..8.762 rows=15211 loops=1)
                                                        Group Key: cross_items_2.ss_item_sk
                                                        Batches: 1  Memory Usage: 1833kB
                                                        ->  CTE Scan on cross_items cross_items_2  (cost=0.00..0.02 rows=1 width=8) (actual time=0.001..0.907 rows=15211 loops=1)
                                                  ->  Index Scan using pk_item on item item_2  (cost=0.29..2.51 rows=1 width=20) (actual time=0.002..0.002 rows=1 loops=15211)
                                                        Index Cond: (i_item_sk = cross_items_2.ss_item_sk)
                                            ->  Index Scan using pk_web_sales on web_sales  (cost=0.42..3.04 rows=44 width=28) (actual time=0.004..0.036 rows=42 loops=15211)
                                                  Index Cond: (ws_item_sk = item_2.i_item_sk)
                                      ->  Index Scan using pk_date_dim on date_dim date_dim_2  (cost=0.29..0.32 rows=1 width=8) (actual time=0.001..0.001 rows=0 loops=646064)
                                            Index Cond: (d_date_sk = web_sales.ws_sold_date_sk)
                                            Filter: ((d_year = 2000) AND (d_moy = 11))
                                            Rows Removed by Filter: 1
 channel | i_brand_id | i_class_id | i_category_id |        sum         | sum 
---------+------------+------------+---------------+--------------------+-----
 catalog |    1001001 |          1 |             1 | 2042225.1099999999 | 385
 catalog |    1001001 |          1 |             2 | 118977.00999999998 |  34
 catalog |    1001001 |          1 |             3 |           99259.38 |  18
 catalog |    1001001 |          1 |             4 | 125408.17000000001 |  21
 catalog |    1001001 |          1 |             6 |           21989.92 |   6
 catalog |    1001001 |          1 |             7 |           49743.07 |  14
 catalog |    1001001 |          1 |             8 |           25135.79 |   8
 catalog |    1001001 |          1 |             9 | 137738.89999999994 |  25
 catalog |    1001001 |          1 |            10 |           24838.75 |   7
 catalog |    1001001 |          1 |               |  2645316.099999999 | 518
 catalog |    1001001 |          2 |             1 |            22983.2 |   9
 catalog |    1001001 |          2 |             2 |           29745.56 |   6
 catalog |    1001001 |          2 |             3 |           17071.82 |   6
 catalog |    1001001 |          2 |             7 | 19634.500000000004 |   7
 catalog |    1001001 |          2 |               |           89435.08 |  28
 catalog |    1001001 |          3 |             5 |           33011.92 |   6
 catalog |    1001001 |          3 |             7 | 50001.450000000004 |   9
 catalog |    1001001 |          3 |               |           83013.37 |  15
 catalog |    1001001 |          4 |             1 |           101179.4 |  17
 catalog |    1001001 |          4 |             2 |  9020.119999999999 |   2
 catalog |    1001001 |          4 |             3 |           12746.13 |   3
 catalog |    1001001 |          4 |               |          122945.65 |  22
 catalog |    1001001 |          5 |            10 | 27365.089999999997 |   7
 catalog |    1001001 |          5 |               | 27365.089999999997 |   7
 catalog |    1001001 |          7 |             8 |           20759.44 |   5
 catalog |    1001001 |          7 |               |           20759.44 |   5
 catalog |    1001001 |          8 |             7 | 15937.769999999999 |   6
 catalog |    1001001 |          8 |               | 15937.769999999999 |   6
 catalog |    1001001 |          9 |             7 |           48149.08 |   9
 catalog |    1001001 |          9 |               |           48149.08 |   9
 catalog |    1001001 |         10 |             6 |           104330.7 |  16
 catalog |    1001001 |         10 |               |           104330.7 |  16
 catalog |    1001001 |         11 |             9 | 11683.960000000001 |   1
 catalog |    1001001 |         11 |               | 11683.960000000001 |   1
 catalog |    1001001 |         15 |             7 | 18645.850000000002 |   5
 catalog |    1001001 |         15 |               | 18645.850000000002 |   5
 catalog |    1001001 |            |               | 3187582.0899999994 | 632
 catalog |    1001002 |          1 |             1 |  2354718.350000002 | 440
 catalog |    1001002 |          1 |               |  2354718.350000002 | 440
 catalog |    1001002 |          2 |             1 |           90419.69 |  11
 catalog |    1001002 |          2 |               |           90419.69 |  11
 catalog |    1001002 |          3 |             1 |           31946.74 |  10
 catalog |    1001002 |          3 |               |           31946.74 |  10
 catalog |    1001002 |          4 |             1 |           85993.82 |   8
 catalog |    1001002 |          4 |               |           85993.82 |   8
 catalog |    1001002 |          5 |             1 | 46364.259999999995 |   5
 catalog |    1001002 |          5 |               | 46364.259999999995 |   5
 catalog |    1001002 |          7 |             1 |              54844 |   7
 catalog |    1001002 |          7 |               |              54844 |   7
 catalog |    1001002 |         11 |             1 | 17947.269999999997 |   5
 catalog |    1001002 |         11 |               | 17947.269999999997 |   5
 catalog |    1001002 |         13 |             1 |           28919.24 |   3
 catalog |    1001002 |         13 |               |           28919.24 |   3
 catalog |    1001002 |         14 |             1 |           33866.07 |   7
 catalog |    1001002 |         14 |               |           33866.07 |   7
 catalog |    1001002 |         15 |             1 |           16891.95 |   4
 catalog |    1001002 |         15 |               |           16891.95 |   4
 catalog |    1001002 |            |               |  2761911.390000002 | 500
 catalog |    1002001 |          1 |             2 |           11520.38 |   4
 catalog |    1002001 |          1 |             4 |              24618 |   4
 catalog |    1002001 |          1 |               |           36138.38 |   8
 catalog |    1002001 |          2 |             1 | 1668472.6899999997 | 345
 catalog |    1002001 |          2 |             3 |           45969.21 |  21
 catalog |    1002001 |          2 |             4 |  69112.98000000001 |  16
 catalog |    1002001 |          2 |             5 |            78481.1 |  16
 catalog |    1002001 |          2 |             6 |           40057.76 |   8
 catalog |    1002001 |          2 |             7 |           15545.83 |   7
 catalog |    1002001 |          2 |             8 |           24280.36 |   5
 catalog |    1002001 |          2 |             9 | 37799.579999999994 |   7
 catalog |    1002001 |          2 |            10 | 167528.52000000002 |  28
 catalog |    1002001 |          2 |               | 2147248.0300000003 | 453
 catalog |    1002001 |          3 |             3 |           21927.04 |   3
 catalog |    1002001 |          3 |             4 |           75429.98 |  15
 catalog |    1002001 |          3 |               |  97357.01999999999 |  18
 catalog |    1002001 |          9 |             8 | 20277.070000000003 |   5
 catalog |    1002001 |          9 |               | 20277.070000000003 |   5
 catalog |    1002001 |         12 |             6 |           29975.31 |   5
 catalog |    1002001 |         12 |               |           29975.31 |   5
 catalog |    1002001 |         13 |             6 | 54697.899999999994 |   9
 catalog |    1002001 |         13 |               | 54697.899999999994 |   9
 catalog |    1002001 |         16 |             6 |           52250.19 |   9
 catalog |    1002001 |         16 |             9 |           11807.55 |   2
 catalog |    1002001 |         16 |            10 |           25578.21 |   2
 catalog |    1002001 |         16 |               |  89635.95000000001 |  13
 catalog |    1002001 |            |               | 2475329.6599999997 | 511
 catalog |    1002002 |          1 |             1 |  67134.20999999999 |  11
 catalog |    1002002 |          1 |               |  67134.20999999999 |  11
 catalog |    1002002 |          2 |             1 |  2599054.270000001 | 555
 catalog |    1002002 |          2 |               |  2599054.270000001 | 555
 catalog |    1002002 |          3 |             1 | 35447.759999999995 |  10
 catalog |    1002002 |          3 |               | 35447.759999999995 |  10
 catalog |    1002002 |          4 |             1 |            53776.8 |  10
 catalog |    1002002 |          4 |               |            53776.8 |  10
 catalog |    1002002 |          6 |             1 |           66490.65 |   8
 catalog |    1002002 |          6 |               |           66490.65 |   8
 catalog |    1002002 |          7 |             1 |           15335.18 |   3
 catalog |    1002002 |          7 |               |           15335.18 |   3
 catalog |    1002002 |          8 |             1 |           28573.86 |   4
 catalog |    1002002 |          8 |               |           28573.86 |   4
 catalog |    1002002 |          9 |             1 |           17462.01 |   3
(100 rows)

with  cross_items as
 (select i_item_sk ss_item_sk
 from item,
 (select iss.i_brand_id brand_id
     ,iss.i_class_id class_id
     ,iss.i_category_id category_id
 from store_sales
     ,item iss
     ,date_dim d1
 where ss_item_sk = iss.i_item_sk
   and ss_sold_date_sk = d1.d_date_sk
   and d1.d_year between 1998 AND 1998 + 2
 intersect
 select ics.i_brand_id
     ,ics.i_class_id
     ,ics.i_category_id
 from catalog_sales
     ,item ics
     ,date_dim d2
 where cs_item_sk = ics.i_item_sk
   and cs_sold_date_sk = d2.d_date_sk
   and d2.d_year between 1998 AND 1998 + 2
 intersect
 select iws.i_brand_id
     ,iws.i_class_id
     ,iws.i_category_id
 from web_sales
     ,item iws
     ,date_dim d3
 where ws_item_sk = iws.i_item_sk
   and ws_sold_date_sk = d3.d_date_sk
   and d3.d_year between 1998 AND 1998 + 2) x
 where i_brand_id = brand_id
      and i_class_id = class_id
      and i_category_id = category_id
),
 avg_sales as
(select avg(quantity*list_price) average_sales
  from (select ss_quantity quantity
             ,ss_list_price list_price
       from store_sales
           ,date_dim
       where ss_sold_date_sk = d_date_sk
         and d_year between 1998 and 1998 + 2
       union all
       select cs_quantity quantity
             ,cs_list_price list_price
       from catalog_sales
           ,date_dim
       where cs_sold_date_sk = d_date_sk
         and d_year between 1998 and 1998 + 2
       union all
       select ws_quantity quantity
             ,ws_list_price list_price
       from web_sales
           ,date_dim
       where ws_sold_date_sk = d_date_sk
         and d_year between 1998 and 1998 + 2) x)
  select  this_year.channel ty_channel
                           ,this_year.i_brand_id ty_brand
                           ,this_year.i_class_id ty_class
                           ,this_year.i_category_id ty_category
                           ,this_year.sales ty_sales
                           ,this_year.number_sales ty_number_sales
                           ,last_year.channel ly_channel
                           ,last_year.i_brand_id ly_brand
                           ,last_year.i_class_id ly_class
                           ,last_year.i_category_id ly_category
                           ,last_year.sales ly_sales
                           ,last_year.number_sales ly_number_sales 
 from
 (select 'store' channel, i_brand_id,i_class_id,i_category_id
        ,sum(ss_quantity*ss_list_price) sales, count(*) number_sales
 from store_sales 
     ,item
     ,date_dim
 where ss_item_sk in (select ss_item_sk from cross_items)
   and ss_item_sk = i_item_sk
   and ss_sold_date_sk = d_date_sk
   and d_week_seq = (select d_week_seq
                     from date_dim
                     where d_year = 1998 + 1
                       and d_moy = 12
                       and d_dom = 15)
 group by i_brand_id,i_class_id,i_category_id
 having sum(ss_quantity*ss_list_price) > (select average_sales from avg_sales)) this_year,
 (select 'store' channel, i_brand_id,i_class_id
        ,i_category_id, sum(ss_quantity*ss_list_price) sales, count(*) number_sales
 from store_sales
     ,item
     ,date_dim
 where ss_item_sk in (select ss_item_sk from cross_items)
   and ss_item_sk = i_item_sk
   and ss_sold_date_sk = d_date_sk
   and d_week_seq = (select d_week_seq
                     from date_dim
                     where d_year = 1998
                       and d_moy = 12
                       and d_dom = 15)
 group by i_brand_id,i_class_id,i_category_id
 having sum(ss_quantity*ss_list_price) > (select average_sales from avg_sales)) last_year
 where this_year.i_brand_id= last_year.i_brand_id
   and this_year.i_class_id = last_year.i_class_id
   and this_year.i_category_id = last_year.i_category_id
 order by this_year.channel, this_year.i_brand_id, this_year.i_class_id, this_year.i_category_id
 limit 100;
psql:/tmp/s1-basline/throughput/query_7.sql:1817: NOTICE:  duration: 16307.950 ms  plan:
Query Text: with  cross_items as
 (select i_item_sk ss_item_sk
 from item,
 (select iss.i_brand_id brand_id
     ,iss.i_class_id class_id
     ,iss.i_category_id category_id
 from store_sales
     ,item iss
     ,date_dim d1
 where ss_item_sk = iss.i_item_sk
   and ss_sold_date_sk = d1.d_date_sk
   and d1.d_year between 1998 AND 1998 + 2
 intersect
 select ics.i_brand_id
     ,ics.i_class_id
     ,ics.i_category_id
 from catalog_sales
     ,item ics
     ,date_dim d2
 where cs_item_sk = ics.i_item_sk
   and cs_sold_date_sk = d2.d_date_sk
   and d2.d_year between 1998 AND 1998 + 2
 intersect
 select iws.i_brand_id
     ,iws.i_class_id
     ,iws.i_category_id
 from web_sales
     ,item iws
     ,date_dim d3
 where ws_item_sk = iws.i_item_sk
   and ws_sold_date_sk = d3.d_date_sk
   and d3.d_year between 1998 AND 1998 + 2) x
 where i_brand_id = brand_id
      and i_class_id = class_id
      and i_category_id = category_id
),
 avg_sales as
(select avg(quantity*list_price) average_sales
  from (select ss_quantity quantity
             ,ss_list_price list_price
       from store_sales
           ,date_dim
       where ss_sold_date_sk = d_date_sk
         and d_year between 1998 and 1998 + 2
       union all
       select cs_quantity quantity
             ,cs_list_price list_price
       from catalog_sales
           ,date_dim
       where cs_sold_date_sk = d_date_sk
         and d_year between 1998 and 1998 + 2
       union all
       select ws_quantity quantity
             ,ws_list_price list_price
       from web_sales
           ,date_dim
       where ws_sold_date_sk = d_date_sk
         and d_year between 1998 and 1998 + 2) x)
  select  this_year.channel ty_channel
                           ,this_year.i_brand_id ty_brand
                           ,this_year.i_class_id ty_class
                           ,this_year.i_category_id ty_category
                           ,this_year.sales ty_sales
                           ,this_year.number_sales ty_number_sales
                           ,last_year.channel ly_channel
                           ,last_year.i_brand_id ly_brand
                           ,last_year.i_class_id ly_class
                           ,last_year.i_category_id ly_category
                           ,last_year.sales ly_sales
                           ,last_year.number_sales ly_number_sales 
 from
 (select 'store' channel, i_brand_id,i_class_id,i_category_id
        ,sum(ss_quantity*ss_list_price) sales, count(*) number_sales
 from store_sales 
     ,item
     ,date_dim
 where ss_item_sk in (select ss_item_sk from cross_items)
   and ss_item_sk = i_item_sk
   and ss_sold_date_sk = d_date_sk
   and d_week_seq = (select d_week_seq
                     from date_dim
                     where d_year = 1998 + 1
                       and d_moy = 12
                       and d_dom = 15)
 group by i_brand_id,i_class_id,i_category_id
 having sum(ss_quantity*ss_list_price) > (select average_sales from avg_sales)) this_year,
 (select 'store' channel, i_brand_id,i_class_id
        ,i_category_id, sum(ss_quantity*ss_list_price) sales, count(*) number_sales
 from store_sales
     ,item
     ,date_dim
 where ss_item_sk in (select ss_item_sk from cross_items)
   and ss_item_sk = i_item_sk
   and ss_sold_date_sk = d_date_sk
   and d_week_seq = (select d_week_seq
                     from date_dim
                     where d_year = 1998
                       and d_moy = 12
                       and d_dom = 15)
 group by i_brand_id,i_class_id,i_category_id
 having sum(ss_quantity*ss_list_price) > (select average_sales from avg_sales)) last_year
 where this_year.i_brand_id= last_year.i_brand_id
   and this_year.i_class_id = last_year.i_class_id
   and this_year.i_category_id = last_year.i_category_id
 order by this_year.channel, this_year.i_brand_id, this_year.i_class_id, this_year.i_category_id
 limit 100;
Limit  (cost=380079.75..380079.76 rows=1 width=120) (actual time=16307.500..16307.834 rows=100 loops=1)
  CTE cross_items
    ->  Hash Join  (cost=192433.57..194011.32 rows=1 width=8) (actual time=1824.186..1833.072 rows=15211 loops=1)
          Hash Cond: ((item_2.i_brand_id = x.brand_id) AND (item_2.i_class_id = x.class_id) AND (item_2.i_category_id = x.category_id))
          ->  Seq Scan on item item_2  (cost=0.00..1436.00 rows=18000 width=20) (actual time=0.004..1.580 rows=18000 loops=1)
          ->  Hash  (cost=192402.07..192402.07 rows=1800 width=12) (actual time=1824.176..1824.403 rows=2895 loops=1)
                Buckets: 4096 (originally 2048)  Batches: 1 (originally 1)  Memory Usage: 157kB
                ->  Subquery Scan on x  (cost=5175.25..192402.07 rows=1800 width=12) (actual time=1823.325..1823.973 rows=2939 loops=1)
                      ->  HashSetOp Intersect  (cost=5175.25..192384.07 rows=1800 width=16) (actual time=1823.324..1823.705 rows=2939 loops=1)
                            ->  Append  (cost=5175.25..192290.39 rows=12491 width=16) (actual time=1351.607..1760.668 rows=431357 loops=1)
                                  ->  Result  (cost=5175.25..155608.09 rows=1800 width=16) (actual time=1351.606..1352.387 rows=3737 loops=1)
                                        ->  HashSetOp Intersect  (cost=5175.25..155590.09 rows=1800 width=16) (actual time=1351.604..1352.048 rows=3737 loops=1)
                                              ->  Append  (cost=5175.25..155124.18 rows=62122 width=16) (actual time=18.526..1012.679 rows=2471850 loops=1)
                                                    ->  Subquery Scan on "*SELECT* 1"  (cost=5175.25..98376.73 rows=40868 width=16) (actual time=18.525..368.486 rows=1625099 loops=1)
                                                          ->  Gather  (cost=5175.25..97968.05 rows=40868 width=12) (actual time=18.524..220.243 rows=1625099 loops=1)
                                                                Workers Planned: 2
                                                                Workers Launched: 2
                                                                ->  Hash Join  (cost=4175.25..92881.25 rows=17028 width=12) (actual time=29.603..429.741 rows=541700 loops=3)
                                                                      Hash Cond: (store_sales_2.ss_item_sk = iss.i_item_sk)
                                                                      ->  Hash Join  (cost=2514.25..91175.54 rows=17028 width=8) (actual time=13.040..296.526 rows=541700 loops=3)
                                                                            Hash Cond: (store_sales_2.ss_sold_date_sk = d1.d_date_sk)
                                                                            ->  Parallel Seq Scan on store_sales store_sales_2  (cost=0.00..85499.45 rows=1204445 width=16) (actual time=0.011..131.524 rows=948150 loops=3)
                                                                            ->  Hash  (cost=2500.73..2500.73 rows=1081 width=8) (actual time=13.009..13.010 rows=1096 loops=3)
                                                                                  Buckets: 2048  Batches: 1  Memory Usage: 59kB
                                                                                  ->  Seq Scan on date_dim d1  (cost=0.00..2500.73 rows=1081 width=8) (actual time=5.897..12.877 rows=1096 loops=3)
                                                                                        Filter: ((d_year >= 1998) AND (d_year <= 2000))
                                                                                        Rows Removed by Filter: 71953
                                                                      ->  Hash  (cost=1436.00..1436.00 rows=18000 width=20) (actual time=16.296..16.297 rows=18000 loops=3)
                                                                            Buckets: 32768  Batches: 1  Memory Usage: 1240kB
                                                                            ->  Seq Scan on item iss  (cost=0.00..1436.00 rows=18000 width=20) (actual time=0.027..13.330 rows=18000 loops=3)
                                                    ->  Subquery Scan on "*SELECT* 2"  (cost=1661.43..56436.84 rows=21254 width=16) (actual time=13.255..499.341 rows=846751 loops=1)
                                                          ->  Hash Join  (cost=1661.43..56224.30 rows=21254 width=12) (actual time=13.254..434.084 rows=846751 loops=1)
                                                                Hash Cond: (catalog_sales.cs_item_sk = ics.i_item_sk)
                                                                ->  Nested Loop  (cost=0.43..54507.50 rows=21254 width=8) (actual time=4.083..281.645 rows=846751 loops=1)
                                                                      ->  Seq Scan on date_dim d2  (cost=0.00..2500.73 rows=1081 width=8) (actual time=4.063..9.238 rows=1096 loops=1)
                                                                            Filter: ((d_year >= 1998) AND (d_year <= 2000))
                                                                            Rows Removed by Filter: 71953
                                                                      ->  Index Scan using i_cs_sold_date_sk on catalog_sales  (cost=0.43..40.26 rows=785 width=16) (actual time=0.004..0.130 rows=773 loops=1096)
                                                                            Index Cond: (cs_sold_date_sk = d2.d_date_sk)
                                                                ->  Hash  (cost=1436.00..1436.00 rows=18000 width=20) (actual time=9.146..9.147 rows=18000 loops=1)
                                                                      Buckets: 32768  Batches: 1  Memory Usage: 1240kB
                                                                      ->  Seq Scan on item ics  (cost=0.00..1436.00 rows=18000 width=20) (actual time=0.004..6.583 rows=18000 loops=1)
                                  ->  Subquery Scan on "*SELECT* 3"  (cost=3514.53..36619.84 rows=10691 width=16) (actual time=8.389..382.628 rows=427620 loops=1)
                                        ->  Gather  (cost=3514.53..36512.93 rows=10691 width=12) (actual time=8.388..343.883 rows=427620 loops=1)
                                              Workers Planned: 2
                                              Workers Launched: 2
                                              ->  Nested Loop  (cost=2514.53..34443.83 rows=4455 width=12) (actual time=13.740..396.439 rows=142540 loops=3)
                                                    ->  Hash Join  (cost=2514.25..33076.22 rows=4455 width=8) (actual time=13.694..115.524 rows=142540 loops=3)
                                                          Hash Cond: (web_sales.ws_sold_date_sk = d3.d_date_sk)
                                                          ->  Parallel Seq Scan on web_sales  (cost=0.00..29771.63 rows=301063 width=16) (actual time=0.015..49.974 rows=237185 loops=3)
                                                          ->  Hash  (cost=2500.73..2500.73 rows=1081 width=8) (actual time=13.567..13.567 rows=1096 loops=3)
                                                                Buckets: 2048  Batches: 1  Memory Usage: 59kB
                                                                ->  Seq Scan on date_dim d3  (cost=0.00..2500.73 rows=1081 width=8) (actual time=6.374..13.435 rows=1096 loops=3)
                                                                      Filter: ((d_year >= 1998) AND (d_year <= 2000))
                                                                      Rows Removed by Filter: 71953
                                                    ->  Index Scan using pk_item on item iws  (cost=0.29..0.31 rows=1 width=20) (actual time=0.002..0.002 rows=1 loops=427620)
                                                          Index Cond: (i_item_sk = web_sales.ws_item_sk)
  CTE avg_sales
    ->  Finalize Aggregate  (cost=180566.08..180566.09 rows=1 width=8) (actual time=628.059..628.148 rows=1 loops=1)
          ->  Gather  (cost=180565.86..180566.07 rows=2 width=32) (actual time=627.947..628.141 rows=3 loops=1)
                Workers Planned: 2
                Workers Launched: 2
                ->  Partial Aggregate  (cost=179565.86..179565.87 rows=1 width=32) (actual time=623.279..623.284 rows=1 loops=3)
                      ->  Parallel Append  (cost=0.43..179338.32 rows=30339 width=12) (actual time=10.951..554.641 rows=966490 loops=3)
                            ->  Nested Loop  (cost=0.43..54507.50 rows=21254 width=12) (actual time=7.761..407.742 rows=846751 loops=1)
                                  ->  Seq Scan on date_dim date_dim_2  (cost=0.00..2500.73 rows=1081 width=8) (actual time=7.697..13.202 rows=1096 loops=1)
                                        Filter: ((d_year >= 1998) AND (d_year <= 2000))
                                        Rows Removed by Filter: 71953
                                  ->  Index Scan using i_cs_sold_date_sk on catalog_sales catalog_sales_1  (cost=0.43..40.26 rows=785 width=20) (actual time=0.004..0.217 rows=773 loops=1096)
                                        Index Cond: (cs_sold_date_sk = date_dim_2.d_date_sk)
                            ->  Hash Join  (cost=2514.25..91175.54 rows=17028 width=12) (actual time=10.994..289.621 rows=541700 loops=3)
                                  Hash Cond: (store_sales_3.ss_sold_date_sk = date_dim_3.d_date_sk)
                                  ->  Parallel Seq Scan on store_sales store_sales_3  (cost=0.00..85499.45 rows=1204445 width=20) (actual time=0.009..109.670 rows=948150 loops=3)
                                  ->  Hash  (cost=2500.73..2500.73 rows=1081 width=8) (actual time=10.888..10.889 rows=1096 loops=3)
                                        Buckets: 2048  Batches: 1  Memory Usage: 59kB
                                        ->  Seq Scan on date_dim date_dim_3  (cost=0.00..2500.73 rows=1081 width=8) (actual time=5.103..10.756 rows=1096 loops=3)
                                              Filter: ((d_year >= 1998) AND (d_year <= 2000))
                                              Rows Removed by Filter: 71953
                            ->  Hash Join  (cost=2514.25..33076.22 rows=4455 width=12) (actual time=8.850..216.977 rows=427620 loops=1)
                                  Hash Cond: (web_sales_1.ws_sold_date_sk = date_dim_4.d_date_sk)
                                  ->  Parallel Seq Scan on web_sales web_sales_1  (cost=0.00..29771.63 rows=301063 width=20) (actual time=0.003..61.873 rows=711555 loops=1)
                                  ->  Hash  (cost=2500.73..2500.73 rows=1081 width=8) (actual time=8.833..8.833 rows=1096 loops=1)
                                        Buckets: 2048  Batches: 1  Memory Usage: 59kB
                                        ->  Seq Scan on date_dim date_dim_4  (cost=0.00..2500.73 rows=1081 width=8) (actual time=4.067..8.715 rows=1096 loops=1)
                                              Filter: ((d_year >= 1998) AND (d_year <= 2000))
                                              Rows Removed by Filter: 71953
  ->  Sort  (cost=5502.35..5502.35 rows=1 width=120) (actual time=16307.499..16307.508 rows=100 loops=1)
        Sort Key: ('store'::text), item.i_brand_id, item.i_class_id, item.i_category_id
        Sort Method: top-N heapsort  Memory: 39kB
        ->  Nested Loop  (cost=5502.23..5502.34 rows=1 width=120) (actual time=14074.129..16307.122 rows=774 loops=1)
              Join Filter: ((item.i_brand_id = item_1.i_brand_id) AND (item.i_class_id = item_1.i_class_id) AND (item.i_category_id = item_1.i_category_id))
              Rows Removed by Join Filter: 328205
              ->  GroupAggregate  (cost=2751.11..2751.15 rows=1 width=60) (actual time=8259.533..8263.915 rows=804 loops=1)
                    Group Key: item.i_brand_id, item.i_class_id, item.i_category_id
                    Filter: (sum(((store_sales.ss_quantity)::double precision * store_sales.ss_list_price)) > $9)
                    Rows Removed by Filter: 26
                    InitPlan 3 (returns $8)
                      ->  Seq Scan on date_dim date_dim_5  (cost=0.00..2683.36 rows=1 width=4) (actual time=4.415..8.888 rows=1 loops=1)
                            Filter: ((d_year = 1999) AND (d_moy = 12) AND (d_dom = 15))
                            Rows Removed by Filter: 73048
                    InitPlan 4 (returns $9)
                      ->  CTE Scan on avg_sales  (cost=0.00..0.02 rows=1 width=8) (actual time=628.063..628.063 rows=1 loops=1)
                    ->  Sort  (cost=67.74..67.74 rows=1 width=24) (actual time=7631.400..7632.672 rows=21240 loops=1)
                          Sort Key: item.i_brand_id, item.i_class_id, item.i_category_id
                          Sort Method: quicksort  Memory: 2092kB
                          ->  Nested Loop  (cost=1.03..67.73 rows=1 width=24) (actual time=1848.025..7624.112 rows=21240 loops=1)
                                ->  Nested Loop  (cost=0.74..12.93 rows=175 width=32) (actual time=1838.695..4480.008 rows=2580554 loops=1)
                                      ->  Nested Loop  (cost=0.31..2.54 rows=1 width=28) (actual time=1838.682..1883.821 rows=15211 loops=1)
                                            ->  HashAggregate  (cost=0.02..0.03 rows=1 width=8) (actual time=1838.675..1842.696 rows=15211 loops=1)
                                                  Group Key: cross_items.ss_item_sk
                                                  Batches: 1  Memory Usage: 1833kB
                                                  ->  CTE Scan on cross_items  (cost=0.00..0.02 rows=1 width=8) (actual time=1824.188..1835.277 rows=15211 loops=1)
                                            ->  Index Scan using pk_item on item  (cost=0.29..2.51 rows=1 width=20) (actual time=0.002..0.002 rows=1 loops=15211)
                                                  Index Cond: (i_item_sk = cross_items.ss_item_sk)
                                      ->  Index Scan using pk_store_sales on store_sales  (cost=0.43..8.64 rows=175 width=28) (actual time=0.005..0.146 rows=170 loops=15211)
                                            Index Cond: (ss_item_sk = item.i_item_sk)
                                ->  Index Scan using pk_date_dim on date_dim  (cost=0.29..0.31 rows=1 width=8) (actual time=0.001..0.001 rows=0 loops=2580554)
                                      Index Cond: (d_date_sk = store_sales.ss_sold_date_sk)
                                      Filter: (d_week_seq = $8)
                                      Rows Removed by Filter: 1
              ->  GroupAggregate  (cost=2751.11..2751.15 rows=1 width=60) (actual time=7.291..9.985 rows=409 loops=804)
                    Group Key: item_1.i_brand_id, item_1.i_class_id, item_1.i_category_id
                    Filter: (sum(((store_sales_1.ss_quantity)::double precision * store_sales_1.ss_list_price)) > $11)
                    Rows Removed by Filter: 13
                    InitPlan 5 (returns $10)
                      ->  Seq Scan on date_dim date_dim_6  (cost=0.00..2683.36 rows=1 width=4) (actual time=4.685..9.706 rows=1 loops=1)
                            Filter: ((d_year = 1998) AND (d_moy = 12) AND (d_dom = 15))
                            Rows Removed by Filter: 73048
                    InitPlan 6 (returns $11)
                      ->  CTE Scan on avg_sales avg_sales_1  (cost=0.00..0.02 rows=1 width=8) (actual time=0.001..0.001 rows=1 loops=1)
                    ->  Sort  (cost=67.74..67.74 rows=1 width=24) (actual time=7.232..7.864 rows=15548 loops=804)
                          Sort Key: item_1.i_brand_id, item_1.i_class_id, item_1.i_category_id
                          Sort Method: quicksort  Memory: 2052kB
                          ->  Nested Loop  (cost=1.03..67.73 rows=1 width=24) (actual time=14.782..5806.313 rows=20597 loops=1)
                                ->  Nested Loop  (cost=0.74..12.93 rows=175 width=32) (actual time=5.016..2658.957 rows=2580554 loops=1)
                                      ->  Nested Loop  (cost=0.31..2.54 rows=1 width=28) (actual time=5.003..49.452 rows=15211 loops=1)
                                            ->  HashAggregate  (cost=0.02..0.03 rows=1 width=8) (actual time=4.986..9.349 rows=15211 loops=1)
                                                  Group Key: cross_items_1.ss_item_sk
                                                  Batches: 1  Memory Usage: 1833kB
                                                  ->  CTE Scan on cross_items cross_items_1  (cost=0.00..0.02 rows=1 width=8) (actual time=0.001..0.912 rows=15211 loops=1)
                                            ->  Index Scan using pk_item on item item_1  (cost=0.29..2.51 rows=1 width=20) (actual time=0.002..0.002 rows=1 loops=15211)
                                                  Index Cond: (i_item_sk = cross_items_1.ss_item_sk)
                                      ->  Index Scan using pk_store_sales on store_sales store_sales_1  (cost=0.43..8.64 rows=175 width=28) (actual time=0.005..0.147 rows=170 loops=15211)
                                            Index Cond: (ss_item_sk = item_1.i_item_sk)
                                ->  Index Scan using pk_date_dim on date_dim date_dim_1  (cost=0.29..0.31 rows=1 width=8) (actual time=0.001..0.001 rows=0 loops=2580554)
                                      Index Cond: (d_date_sk = store_sales_1.ss_sold_date_sk)
                                      Filter: (d_week_seq = $10)
                                      Rows Removed by Filter: 1
 ty_channel | ty_brand | ty_class | ty_category |      ty_sales      | ty_number_sales | ly_channel | ly_brand | ly_class | ly_category |      ly_sales      | ly_number_sales 
------------+----------+----------+-------------+--------------------+-----------------+------------+----------+----------+-------------+--------------------+-----------------
 store      |  1001001 |        1 |           1 | 1285262.2000000002 |             347 | store      |  1001001 |        1 |           1 |  1279509.650000001 |             347
 store      |  1001002 |        1 |           1 |  603708.7100000002 |             166 | store      |  1001002 |        1 |           1 |  695720.2000000002 |             171
 store      |  1002001 |        2 |           1 | 1163089.7200000002 |             313 | store      |  1002001 |        2 |           1 | 1089672.0500000005 |             290
 store      |  1002002 |        2 |           1 |          749763.94 |             195 | store      |  1002002 |        2 |           1 |  750284.4800000002 |             202
 store      |  1003001 |        3 |           1 | 1221239.6899999997 |             313 | store      |  1003001 |        3 |           1 |          1186793.4 |             337
 store      |  1003002 |        3 |           1 |  669709.8299999998 |             171 | store      |  1003002 |        3 |           1 |  603084.5699999995 |             168
 store      |  1004001 |        4 |           1 | 1592570.1400000004 |             442 | store      |  1004001 |        4 |           1 |         1278684.58 |             348
 store      |  1004002 |        4 |           1 |          788940.28 |             208 | store      |  1004002 |        4 |           1 |  659368.5400000002 |             182
 store      |  2001001 |        1 |           2 |  1549817.090000002 |             401 | store      |  2001001 |        1 |           2 | 1543991.4700000004 |             413
 store      |  2001002 |        1 |           2 |  645797.5500000002 |             179 | store      |  2001002 |        1 |           2 |  581373.3300000005 |             155
 store      |  2002001 |        2 |           2 | 1350754.2100000011 |             376 | store      |  2002001 |        2 |           2 |         1296621.72 |             366
 store      |  2002002 |        2 |           2 |  572430.0900000001 |             156 | store      |  2002002 |        2 |           2 |  618561.0599999997 |             153
 store      |  2003001 |        3 |           2 |  1434477.359999999 |             403 | store      |  2003001 |        3 |           2 | 1470916.4500000002 |             409
 store      |  2003002 |        3 |           2 |  579132.2499999997 |             178 | store      |  2003002 |        3 |           2 |  541722.6200000001 |             170
 store      |  2004001 |        4 |           2 | 1181031.0499999996 |             326 | store      |  2004001 |        4 |           2 | 1099342.9700000007 |             312
 store      |  2004002 |        4 |           2 | 474585.33999999997 |             129 | store      |  2004002 |        4 |           2 | 498975.18000000017 |             152
 store      |  3001001 |        1 |           3 |         1262086.43 |             349 | store      |  3001001 |        1 |           3 | 1236303.1400000001 |             330
 store      |  3001002 |        1 |           3 |  686111.2400000003 |             196 | store      |  3001002 |        1 |           3 |  629435.2300000003 |             178
 store      |  3002001 |        2 |           3 | 1205661.8800000001 |             326 | store      |  3002001 |        2 |           3 | 1177487.8100000015 |             338
 store      |  3002002 |        2 |           3 |  848418.9600000001 |             188 | store      |  3002002 |        2 |           3 |  651808.1699999997 |             198
 store      |  3003001 |        3 |           3 | 1432439.8300000003 |             393 | store      |  3003001 |        3 |           3 | 1267920.7399999998 |             340
 store      |  3003002 |        3 |           3 |  600468.5799999997 |             162 | store      |  3003002 |        3 |           3 |  596646.5599999997 |             161
 store      |  3004001 |        4 |           3 | 1477174.2699999989 |             383 | store      |  3004001 |        4 |           3 | 1213127.6299999997 |             339
 store      |  3004002 |        4 |           3 |  619639.5300000001 |             159 | store      |  3004002 |        4 |           3 |  577837.1000000001 |             152
 store      |  4001001 |        1 |           4 | 1168761.8700000003 |             328 | store      |  4001001 |        1 |           4 |  1215084.270000001 |             346
 store      |  4001002 |        1 |           4 |  533988.1100000002 |             146 | store      |  4001002 |        1 |           4 |  634430.6500000001 |             168
 store      |  4002001 |        2 |           4 | 1678529.3200000003 |             424 | store      |  4002001 |        2 |           4 | 1338217.8899999992 |             371
 store      |  4002002 |        2 |           4 |          591245.41 |             154 | store      |  4002002 |        2 |           4 |  533682.6699999999 |             143
 store      |  4003001 |        3 |           4 |         1543235.13 |             382 | store      |  4003001 |        3 |           4 | 1464189.8999999994 |             418
 store      |  4003002 |        3 |           4 |  757252.1799999999 |             211 | store      |  4003002 |        3 |           4 |  842286.2500000002 |             187
 store      |  4004001 |        4 |           4 |         1123565.64 |             323 | store      |  4004001 |        4 |           4 | 1030391.8900000002 |             265
 store      |  4004002 |        4 |           4 |  724269.2599999999 |             184 | store      |  4004002 |        4 |           4 |  737454.8299999996 |             189
 store      |  5001001 |        1 |           5 | 1391270.5699999996 |             343 | store      |  5001001 |        1 |           5 | 1380948.6699999992 |             340
 store      |  5001002 |        1 |           5 |          747423.75 |             200 | store      |  5001002 |        1 |           5 |  696639.0800000001 |             192
 store      |  5002001 |        2 |           5 | 1007548.3300000008 |             282 | store      |  5002001 |        2 |           5 | 1281550.9900000005 |             299
 store      |  5002002 |        2 |           5 |  629753.6699999999 |             171 | store      |  5002002 |        2 |           5 |  569760.0900000002 |             147
 store      |  5003001 |        3 |           5 |         1533991.31 |             392 | store      |  5003001 |        3 |           5 | 1360174.6000000003 |             362
 store      |  5003002 |        3 |           5 |  681660.5599999997 |             187 | store      |  5003002 |        3 |           5 |          726679.98 |             198
 store      |  5004001 |        4 |           5 | 1171289.3299999998 |             326 | store      |  5004001 |        4 |           5 | 1386722.5499999996 |             349
 store      |  5004002 |        4 |           5 |  606200.9299999999 |             169 | store      |  5004002 |        4 |           5 |          666037.54 |             183
 store      |  6001001 |        1 |           6 |           97297.22 |              28 | store      |  6001001 |        1 |           6 |           54747.93 |              20
 store      |  6001002 |        1 |           6 |  63782.10999999999 |              13 | store      |  6001002 |        1 |           6 | 31903.409999999996 |               8
 store      |  6001003 |        1 |           6 | 152058.38999999998 |              44 | store      |  6001003 |        1 |           6 |          127884.66 |              35
 store      |  6001004 |        1 |           6 |  62938.95000000001 |              23 | store      |  6001004 |        1 |           6 |           57457.84 |              17
 store      |  6001005 |        1 |           6 |           67386.11 |              26 | store      |  6001005 |        1 |           6 |           95570.43 |              28
 store      |  6001006 |        1 |           6 |            5153.28 |               3 | store      |  6001006 |        1 |           6 |  43930.10999999999 |              11
 store      |  6001007 |        1 |           6 |  82809.69000000002 |              30 | store      |  6001007 |        1 |           6 |           77031.55 |              20
 store      |  6001008 |        1 |           6 | 8025.4400000000005 |               2 | store      |  6001008 |        1 |           6 | 17452.559999999998 |               7
 store      |  6002001 |        2 |           6 |  68976.79999999999 |              28 | store      |  6002001 |        2 |           6 |            94463.8 |              25
 store      |  6002002 |        2 |           6 |           50716.56 |              17 | store      |  6002002 |        2 |           6 |           33983.54 |              11
 store      |  6002003 |        2 |           6 |  88296.65999999999 |              24 | store      |  6002003 |        2 |           6 |  66651.48000000001 |              19
 store      |  6002004 |        2 |           6 |           40885.53 |              13 | store      |  6002004 |        2 |           6 |           34844.53 |              10
 store      |  6002005 |        2 |           6 |  82334.88999999998 |              17 | store      |  6002005 |        2 |           6 |           96851.05 |              21
 store      |  6002006 |        2 |           6 |  69061.23000000001 |              17 | store      |  6002006 |        2 |           6 |           58222.39 |              12
 store      |  6002007 |        2 |           6 |           95617.34 |              30 | store      |  6002007 |        2 |           6 | 126878.02000000002 |              26
 store      |  6002008 |        2 |           6 |           13731.43 |               3 | store      |  6002008 |        2 |           6 |           18510.06 |               4
 store      |  6003001 |        3 |           6 |           59675.93 |              15 | store      |  6003001 |        3 |           6 |            22597.8 |               8
 store      |  6003002 |        3 |           6 | 21223.949999999997 |               7 | store      |  6003002 |        3 |           6 |  38474.28999999999 |              13
 store      |  6003003 |        3 |           6 |           64109.61 |              23 | store      |  6003003 |        3 |           6 |  60262.71000000001 |              17
 store      |  6003004 |        3 |           6 | 22488.059999999998 |               5 | store      |  6003004 |        3 |           6 | 18398.239999999998 |               5
 store      |  6003005 |        3 |           6 |  82366.21999999999 |              25 | store      |  6003005 |        3 |           6 |          147132.97 |              34
 store      |  6003006 |        3 |           6 |           14906.12 |               4 | store      |  6003006 |        3 |           6 |           45149.61 |              10
 store      |  6003007 |        3 |           6 | 106087.68000000001 |              24 | store      |  6003007 |        3 |           6 | 109472.99999999999 |              31
 store      |  6003008 |        3 |           6 |           13686.57 |               3 | store      |  6003008 |        3 |           6 | 22636.339999999997 |               4
 store      |  6004001 |        4 |           6 |  86890.82999999999 |              24 | store      |  6004001 |        4 |           6 | 145480.31999999995 |              33
 store      |  6004003 |        4 |           6 |  82826.56000000003 |              25 | store      |  6004003 |        4 |           6 |           61445.12 |              17
 store      |  6004004 |        4 |           6 |           57847.59 |              16 | store      |  6004004 |        4 |           6 |           66184.85 |              23
 store      |  6004005 |        4 |           6 |           67158.34 |              20 | store      |  6004005 |        4 |           6 |            73369.7 |              24
 store      |  6004006 |        4 |           6 |  36136.92999999999 |              10 | store      |  6004006 |        4 |           6 |           37025.95 |               9
 store      |  6004007 |        4 |           6 |           25275.33 |               5 | store      |  6004007 |        4 |           6 | 38785.149999999994 |              13
 store      |  6004008 |        4 |           6 | 36655.009999999995 |               8 | store      |  6004008 |        4 |           6 |  40562.85999999999 |              12
 store      |  6005001 |        5 |           6 | 154318.28999999998 |              39 | store      |  6005001 |        5 |           6 |          130605.96 |              32
 store      |  6005003 |        5 |           6 |  88772.76000000002 |              21 | store      |  6005003 |        5 |           6 | 109932.30999999997 |              25
 store      |  6005005 |        5 |           6 | 104513.29999999999 |              29 | store      |  6005005 |        5 |           6 | 57960.159999999996 |              17
 store      |  6005006 |        5 |           6 |           37087.27 |              14 | store      |  6005006 |        5 |           6 |           49880.27 |               9
 store      |  6005007 |        5 |           6 |           33239.15 |              11 | store      |  6005007 |        5 |           6 |            25719.4 |              10
 store      |  6005008 |        5 |           6 | 41298.979999999996 |              13 | store      |  6005008 |        5 |           6 | 42789.869999999995 |              12
 store      |  6006001 |        6 |           6 |           82733.91 |              16 | store      |  6006001 |        6 |           6 |           31703.38 |               9
 store      |  6006002 |        6 |           6 |            7259.42 |               7 | store      |  6006002 |        6 |           6 |           32994.35 |               7
 store      |  6006003 |        6 |           6 |  82591.95999999998 |              19 | store      |  6006003 |        6 |           6 |  77974.93999999999 |              18
 store      |  6006004 |        6 |           6 |           46346.12 |              13 | store      |  6006004 |        6 |           6 | 64019.990000000005 |              13
 store      |  6006005 |        6 |           6 |           130192.3 |              39 | store      |  6006005 |        6 |           6 | 205612.71000000002 |              44
 store      |  6006006 |        6 |           6 | 15448.310000000001 |               8 | store      |  6006006 |        6 |           6 |           19494.25 |               6
 store      |  6006007 |        6 |           6 |  86640.24999999999 |              22 | store      |  6006007 |        6 |           6 |           54639.59 |              14
 store      |  6006008 |        6 |           6 |           43245.61 |              11 | store      |  6006008 |        6 |           6 |           31909.58 |               8
 store      |  6007001 |        7 |           6 |           49101.16 |              11 | store      |  6007001 |        7 |           6 |           72580.07 |              18
 store      |  6007002 |        7 |           6 |           18570.29 |               7 | store      |  6007002 |        7 |           6 |           26434.87 |               7
 store      |  6007003 |        7 |           6 | 120477.64000000001 |              26 | store      |  6007003 |        7 |           6 |           71952.18 |              23
 store      |  6007004 |        7 |           6 |            74908.8 |              14 | store      |  6007004 |        7 |           6 | 29981.229999999996 |              11
 store      |  6007005 |        7 |           6 | 156305.40999999997 |              35 | store      |  6007005 |        7 |           6 | 105365.82999999999 |              35
 store      |  6007006 |        7 |           6 |           58568.68 |              14 | store      |  6007006 |        7 |           6 | 55883.299999999996 |              11
 store      |  6007007 |        7 |           6 | 107742.61000000003 |              30 | store      |  6007007 |        7 |           6 |          100403.71 |              26
 store      |  6007008 |        7 |           6 | 47945.009999999995 |              14 | store      |  6007008 |        7 |           6 |            30048.4 |              14
 store      |  6008001 |        8 |           6 | 42963.920000000006 |              15 | store      |  6008001 |        8 |           6 |           41766.68 |               8
 store      |  6008002 |        8 |           6 |           36299.03 |               9 | store      |  6008002 |        8 |           6 |              20493 |              10
 store      |  6008003 |        8 |           6 |  87480.56000000001 |              24 | store      |  6008003 |        8 |           6 |           56370.76 |              16
 store      |  6008004 |        8 |           6 |           39272.42 |              12 | store      |  6008004 |        8 |           6 |  66732.91999999998 |              18
 store      |  6008005 |        8 |           6 |  71583.43999999999 |              21 | store      |  6008005 |        8 |           6 |           68100.51 |              24
 store      |  6008006 |        8 |           6 |           20518.01 |               7 | store      |  6008006 |        8 |           6 |           37541.24 |               8
 store      |  6008007 |        8 |           6 |  58586.39000000001 |              12 | store      |  6008007 |        8 |           6 |           74823.74 |              14
(100 rows)

UPDATE time_statistics SET e_time = TRANSACTION_TIMESTAMP() WHERE template = '../query_postgresql/query14.tpl' AND stream = 7;
psql:/tmp/s1-basline/throughput/query_7.sql:1819: NOTICE:  duration: 0.088 ms  plan:
Query Text: UPDATE time_statistics SET e_time = TRANSACTION_TIMESTAMP() WHERE template = '../query_postgresql/query14.tpl' AND stream = 7;
Update on time_statistics  (cost=0.00..16.72 rows=0 width=0) (actual time=0.087..0.088 rows=0 loops=1)
  ->  Seq Scan on time_statistics  (cost=0.00..16.72 rows=1 width=14) (actual time=0.066..0.073 rows=1 loops=1)
        Filter: ((template = '../query_postgresql/query14.tpl'::text) AND (stream = 7))
        Rows Removed by Filter: 612
UPDATE 1
LOAD 'auto_explain'; SET auto_explain.log_min_duration TO 0; SET auto_explain.log_analyze TO on; SET auto_explain.log_level TO notice; INSERT INTO time_statistics (template, s_time, stream, query, seed) VALUES ('query35.tpl', TRANSACTION_TIMESTAMP(), 7, 37, 494470219);
LOAD
SET
SET
SET
psql:/tmp/s1-basline/throughput/query_7.sql:1820: NOTICE:  duration: 0.009 ms  plan:
Query Text: INSERT INTO time_statistics (template, s_time, stream, query, seed) VALUES ('query35.tpl', TRANSACTION_TIMESTAMP(), 7, 37, 494470219);
Insert on time_statistics  (cost=0.00..0.01 rows=0 width=0) (actual time=0.008..0.008 rows=0 loops=1)
  ->  Result  (cost=0.00..0.01 rows=1 width=64) (actual time=0.001..0.001 rows=1 loops=1)
INSERT 0 1
select   
  ca_state,
  cd_gender,
  cd_marital_status,
  cd_dep_count,
  count(*) cnt1,
  avg(cd_dep_count),
  min(cd_dep_count),
  avg(cd_dep_count),
  cd_dep_employed_count,
  count(*) cnt2,
  avg(cd_dep_employed_count),
  min(cd_dep_employed_count),
  avg(cd_dep_employed_count),
  cd_dep_college_count,
  count(*) cnt3,
  avg(cd_dep_college_count),
  min(cd_dep_college_count),
  avg(cd_dep_college_count)
 from
  customer c,customer_address ca,customer_demographics
 where
  c.c_current_addr_sk = ca.ca_address_sk and
  cd_demo_sk = c.c_current_cdemo_sk and 
  exists (select *
          from store_sales,date_dim
          where c.c_customer_sk = ss_customer_sk and
                ss_sold_date_sk = d_date_sk and
                d_year = 2002 and
                d_qoy < 4) and
   (exists (select *
            from web_sales,date_dim
            where c.c_customer_sk = ws_bill_customer_sk and
                  ws_sold_date_sk = d_date_sk and
                  d_year = 2002 and
                  d_qoy < 4) or 
    exists (select * 
            from catalog_sales,date_dim
            where c.c_customer_sk = cs_ship_customer_sk and
                  cs_sold_date_sk = d_date_sk and
                  d_year = 2002 and
                  d_qoy < 4))
 group by ca_state,
          cd_gender,
          cd_marital_status,
          cd_dep_count,
          cd_dep_employed_count,
          cd_dep_college_count
 order by ca_state,
          cd_gender,
          cd_marital_status,
          cd_dep_count,
          cd_dep_employed_count,
          cd_dep_college_count
 limit 100;
psql:/tmp/s1-basline/throughput/query_7.sql:1875: NOTICE:  duration: 535.362 ms  plan:
Query Text: select   
  ca_state,
  cd_gender,
  cd_marital_status,
  cd_dep_count,
  count(*) cnt1,
  avg(cd_dep_count),
  min(cd_dep_count),
  avg(cd_dep_count),
  cd_dep_employed_count,
  count(*) cnt2,
  avg(cd_dep_employed_count),
  min(cd_dep_employed_count),
  avg(cd_dep_employed_count),
  cd_dep_college_count,
  count(*) cnt3,
  avg(cd_dep_college_count),
  min(cd_dep_college_count),
  avg(cd_dep_college_count)
 from
  customer c,customer_address ca,customer_demographics
 where
  c.c_current_addr_sk = ca.ca_address_sk and
  cd_demo_sk = c.c_current_cdemo_sk and 
  exists (select *
          from store_sales,date_dim
          where c.c_customer_sk = ss_customer_sk and
                ss_sold_date_sk = d_date_sk and
                d_year = 2002 and
                d_qoy < 4) and
   (exists (select *
            from web_sales,date_dim
            where c.c_customer_sk = ws_bill_customer_sk and
                  ws_sold_date_sk = d_date_sk and
                  d_year = 2002 and
                  d_qoy < 4) or 
    exists (select * 
            from catalog_sales,date_dim
            where c.c_customer_sk = cs_ship_customer_sk and
                  cs_sold_date_sk = d_date_sk and
                  d_year = 2002 and
                  d_qoy < 4))
 group by ca_state,
          cd_gender,
          cd_marital_status,
          cd_dep_count,
          cd_dep_employed_count,
          cd_dep_college_count
 order by ca_state,
          cd_gender,
          cd_marital_status,
          cd_dep_count,
          cd_dep_employed_count,
          cd_dep_college_count
 limit 100;
Limit  (cost=477797570.61..477797575.86 rows=100 width=247) (actual time=534.861..535.229 rows=100 loops=1)
  ->  GroupAggregate  (cost=477797570.61..477797945.15 rows=7134 width=247) (actual time=534.860..535.222 rows=100 loops=1)
        Group Key: ca.ca_state, customer_demographics.cd_gender, customer_demographics.cd_marital_status, customer_demographics.cd_dep_count, customer_demographics.cd_dep_employed_count, customer_demographics.cd_dep_college_count
        ->  Sort  (cost=477797570.61..477797588.45 rows=7134 width=19) (actual time=534.847..535.082 rows=102 loops=1)
              Sort Key: ca.ca_state, customer_demographics.cd_gender, customer_demographics.cd_marital_status, customer_demographics.cd_dep_count, customer_demographics.cd_dep_employed_count, customer_demographics.cd_dep_college_count
              Sort Method: quicksort  Memory: 495kB
              ->  Nested Loop  (cost=93224.35..477797114.02 rows=7134 width=19) (actual time=449.078..526.111 rows=4861 loops=1)
                    ->  Nested Loop  (cost=93224.06..477794787.01 rows=7134 width=24) (actual time=449.070..516.796 rows=4861 loops=1)
                          ->  Nested Loop  (cost=93223.63..477788618.38 rows=7389 width=16) (actual time=449.059..499.433 rows=5045 loops=1)
                                ->  HashAggregate  (cost=93223.34..93326.55 rows=10321 width=8) (actual time=276.769..281.022 rows=23159 loops=1)
                                      Group Key: store_sales.ss_customer_sk
                                      Batches: 1  Memory Usage: 2833kB
                                      ->  Gather  (cost=3504.15..93197.54 rows=10321 width=8) (actual time=9.947..237.464 rows=301925 loops=1)
                                            Workers Planned: 2
                                            Workers Launched: 2
                                            ->  Hash Join  (cost=2504.15..91165.44 rows=4300 width=8) (actual time=14.552..244.810 rows=100642 loops=3)
                                                  Hash Cond: (store_sales.ss_sold_date_sk = date_dim.d_date_sk)
                                                  ->  Parallel Seq Scan on store_sales  (cost=0.00..85499.45 rows=1204445 width=16) (actual time=0.014..125.068 rows=948150 loops=3)
                                                  ->  Hash  (cost=2500.73..2500.73 rows=273 width=8) (actual time=14.414..14.415 rows=274 loops=3)
                                                        Buckets: 1024  Batches: 1  Memory Usage: 19kB
                                                        ->  Seq Scan on date_dim  (cost=0.00..2500.73 rows=273 width=8) (actual time=7.081..14.380 rows=274 loops=3)
                                                              Filter: ((d_qoy < 4) AND (d_year = 2002))
                                                              Rows Removed by Filter: 72775
                                ->  Index Scan using pk_customer on customer c  (cost=0.29..50020.18 rows=1 width=24) (actual time=0.009..0.009 rows=0 loops=23159)
                                      Index Cond: (c_customer_sk = store_sales.ss_customer_sk)
                                      Filter: ((hashed SubPlan 2) OR (hashed SubPlan 4))
                                      Rows Removed by Filter: 1
                                      SubPlan 2
                                        ->  Gather  (cost=3504.15..34336.12 rows=2700 width=8) (actual time=9.801..88.146 rows=79480 loops=1)
                                              Workers Planned: 2
                                              Workers Launched: 2
                                              ->  Hash Join  (cost=2504.15..33066.12 rows=1125 width=8) (actual time=14.648..86.423 rows=26493 loops=3)
                                                    Hash Cond: (web_sales.ws_sold_date_sk = date_dim_1.d_date_sk)
                                                    ->  Parallel Seq Scan on web_sales  (cost=0.00..29771.63 rows=301063 width=16) (actual time=0.016..43.547 rows=237185 loops=3)
                                                    ->  Hash  (cost=2500.73..2500.73 rows=273 width=8) (actual time=14.498..14.499 rows=274 loops=3)
                                                          Buckets: 1024  Batches: 1  Memory Usage: 19kB
                                                          ->  Seq Scan on date_dim date_dim_1  (cost=0.00..2500.73 rows=273 width=8) (actual time=7.150..14.465 rows=274 loops=3)
                                                                Filter: ((d_qoy < 4) AND (d_year = 2002))
                                                                Rows Removed by Filter: 72775
                                      SubPlan 4
                                        ->  Nested Loop  (cost=0.43..17151.56 rows=5368 width=8) (actual time=4.716..55.525 rows=158132 loops=1)
                                              ->  Seq Scan on date_dim date_dim_2  (cost=0.00..2500.73 rows=273 width=8) (actual time=4.697..9.412 rows=274 loops=1)
                                                    Filter: ((d_qoy < 4) AND (d_year = 2002))
                                                    Rows Removed by Filter: 72775
                                              ->  Index Scan using i_cs_sold_date_sk on catalog_sales  (cost=0.43..45.82 rows=785 width=16) (actual time=0.003..0.095 rows=577 loops=274)
                                                    Index Cond: (cs_sold_date_sk = date_dim_2.d_date_sk)
                          ->  Index Scan using pk_customer_demographics on customer_demographics  (cost=0.43..0.83 rows=1 width=24) (actual time=0.003..0.003 rows=1 loops=5045)
                                Index Cond: (cd_demo_sk = c.c_current_cdemo_sk)
                    ->  Index Scan using pk_customer_address on customer_address ca  (cost=0.29..0.33 rows=1 width=11) (actual time=0.002..0.002 rows=1 loops=4861)
                          Index Cond: (ca_address_sk = c.c_current_addr_sk)
 ca_state | cd_gender | cd_marital_status | cd_dep_count | cnt1 |          avg           | min |          avg           | cd_dep_employed_count | cnt2 |          avg           | min |          avg           | cd_dep_college_count | cnt3 |          avg           | min |          avg           
----------+-----------+-------------------+--------------+------+------------------------+-----+------------------------+-----------------------+------+------------------------+-----+------------------------+----------------------+------+------------------------+-----+------------------------
 AK       | F         | D                 |            0 |    1 | 0.00000000000000000000 |   0 | 0.00000000000000000000 |                     2 |    1 |     2.0000000000000000 |   2 |     2.0000000000000000 |                    5 |    1 |     5.0000000000000000 |   5 |     5.0000000000000000
 AK       | F         | D                 |            2 |    1 |     2.0000000000000000 |   2 |     2.0000000000000000 |                     4 |    1 |     4.0000000000000000 |   4 |     4.0000000000000000 |                    1 |    1 | 1.00000000000000000000 |   1 | 1.00000000000000000000
 AK       | F         | D                 |            3 |    1 |     3.0000000000000000 |   3 |     3.0000000000000000 |                     3 |    1 |     3.0000000000000000 |   3 |     3.0000000000000000 |                    2 |    1 |     2.0000000000000000 |   2 |     2.0000000000000000
 AK       | F         | D                 |            5 |    1 |     5.0000000000000000 |   5 |     5.0000000000000000 |                     5 |    1 |     5.0000000000000000 |   5 |     5.0000000000000000 |                    0 |    1 | 0.00000000000000000000 |   0 | 0.00000000000000000000
 AK       | F         | D                 |            6 |    1 |     6.0000000000000000 |   6 |     6.0000000000000000 |                     1 |    1 | 1.00000000000000000000 |   1 | 1.00000000000000000000 |                    3 |    1 |     3.0000000000000000 |   3 |     3.0000000000000000
 AK       | F         | M                 |            0 |    1 | 0.00000000000000000000 |   0 | 0.00000000000000000000 |                     3 |    1 |     3.0000000000000000 |   3 |     3.0000000000000000 |                    0 |    1 | 0.00000000000000000000 |   0 | 0.00000000000000000000
 AK       | F         | M                 |            3 |    1 |     3.0000000000000000 |   3 |     3.0000000000000000 |                     2 |    1 |     2.0000000000000000 |   2 |     2.0000000000000000 |                    2 |    1 |     2.0000000000000000 |   2 |     2.0000000000000000
 AK       | F         | M                 |            3 |    1 |     3.0000000000000000 |   3 |     3.0000000000000000 |                     4 |    1 |     4.0000000000000000 |   4 |     4.0000000000000000 |                    5 |    1 |     5.0000000000000000 |   5 |     5.0000000000000000
 AK       | F         | M                 |            5 |    1 |     5.0000000000000000 |   5 |     5.0000000000000000 |                     2 |    1 |     2.0000000000000000 |   2 |     2.0000000000000000 |                    0 |    1 | 0.00000000000000000000 |   0 | 0.00000000000000000000
 AK       | F         | S                 |            1 |    1 | 1.00000000000000000000 |   1 | 1.00000000000000000000 |                     1 |    1 | 1.00000000000000000000 |   1 | 1.00000000000000000000 |                    2 |    1 |     2.0000000000000000 |   2 |     2.0000000000000000
 AK       | F         | S                 |            2 |    1 |     2.0000000000000000 |   2 |     2.0000000000000000 |                     4 |    1 |     4.0000000000000000 |   4 |     4.0000000000000000 |                    4 |    1 |     4.0000000000000000 |   4 |     4.0000000000000000
 AK       | F         | S                 |            3 |    1 |     3.0000000000000000 |   3 |     3.0000000000000000 |                     2 |    1 |     2.0000000000000000 |   2 |     2.0000000000000000 |                    0 |    1 | 0.00000000000000000000 |   0 | 0.00000000000000000000
 AK       | F         | S                 |            3 |    1 |     3.0000000000000000 |   3 |     3.0000000000000000 |                     5 |    1 |     5.0000000000000000 |   5 |     5.0000000000000000 |                    2 |    1 |     2.0000000000000000 |   2 |     2.0000000000000000
 AK       | F         | U                 |            0 |    1 | 0.00000000000000000000 |   0 | 0.00000000000000000000 |                     0 |    1 | 0.00000000000000000000 |   0 | 0.00000000000000000000 |                    2 |    1 |     2.0000000000000000 |   2 |     2.0000000000000000
 AK       | F         | U                 |            2 |    2 |     2.0000000000000000 |   2 |     2.0000000000000000 |                     5 |    2 |     5.0000000000000000 |   5 |     5.0000000000000000 |                    5 |    2 |     5.0000000000000000 |   5 |     5.0000000000000000
 AK       | F         | U                 |            2 |    1 |     2.0000000000000000 |   2 |     2.0000000000000000 |                     6 |    1 |     6.0000000000000000 |   6 |     6.0000000000000000 |                    1 |    1 | 1.00000000000000000000 |   1 | 1.00000000000000000000
 AK       | F         | U                 |            3 |    1 |     3.0000000000000000 |   3 |     3.0000000000000000 |                     5 |    1 |     5.0000000000000000 |   5 |     5.0000000000000000 |                    2 |    1 |     2.0000000000000000 |   2 |     2.0000000000000000
 AK       | F         | U                 |            6 |    1 |     6.0000000000000000 |   6 |     6.0000000000000000 |                     6 |    1 |     6.0000000000000000 |   6 |     6.0000000000000000 |                    2 |    1 |     2.0000000000000000 |   2 |     2.0000000000000000
 AK       | F         | W                 |            0 |    1 | 0.00000000000000000000 |   0 | 0.00000000000000000000 |                     2 |    1 |     2.0000000000000000 |   2 |     2.0000000000000000 |                    1 |    1 | 1.00000000000000000000 |   1 | 1.00000000000000000000
 AK       | F         | W                 |            1 |    1 | 1.00000000000000000000 |   1 | 1.00000000000000000000 |                     1 |    1 | 1.00000000000000000000 |   1 | 1.00000000000000000000 |                    4 |    1 |     4.0000000000000000 |   4 |     4.0000000000000000
 AK       | F         | W                 |            2 |    1 |     2.0000000000000000 |   2 |     2.0000000000000000 |                     5 |    1 |     5.0000000000000000 |   5 |     5.0000000000000000 |                    3 |    1 |     3.0000000000000000 |   3 |     3.0000000000000000
 AK       | F         | W                 |            5 |    1 |     5.0000000000000000 |   5 |     5.0000000000000000 |                     0 |    1 | 0.00000000000000000000 |   0 | 0.00000000000000000000 |                    3 |    1 |     3.0000000000000000 |   3 |     3.0000000000000000
 AK       | M         | D                 |            3 |    1 |     3.0000000000000000 |   3 |     3.0000000000000000 |                     5 |    1 |     5.0000000000000000 |   5 |     5.0000000000000000 |                    6 |    1 |     6.0000000000000000 |   6 |     6.0000000000000000
 AK       | M         | D                 |            4 |    1 |     4.0000000000000000 |   4 |     4.0000000000000000 |                     3 |    1 |     3.0000000000000000 |   3 |     3.0000000000000000 |                    4 |    1 |     4.0000000000000000 |   4 |     4.0000000000000000
 AK       | M         | D                 |            5 |    1 |     5.0000000000000000 |   5 |     5.0000000000000000 |                     4 |    1 |     4.0000000000000000 |   4 |     4.0000000000000000 |                    4 |    1 |     4.0000000000000000 |   4 |     4.0000000000000000
 AK       | M         | D                 |            6 |    1 |     6.0000000000000000 |   6 |     6.0000000000000000 |                     3 |    1 |     3.0000000000000000 |   3 |     3.0000000000000000 |                    5 |    1 |     5.0000000000000000 |   5 |     5.0000000000000000
 AK       | M         | D                 |            6 |    1 |     6.0000000000000000 |   6 |     6.0000000000000000 |                     4 |    1 |     4.0000000000000000 |   4 |     4.0000000000000000 |                    1 |    1 | 1.00000000000000000000 |   1 | 1.00000000000000000000
 AK       | M         | D                 |            6 |    1 |     6.0000000000000000 |   6 |     6.0000000000000000 |                     5 |    1 |     5.0000000000000000 |   5 |     5.0000000000000000 |                    2 |    1 |     2.0000000000000000 |   2 |     2.0000000000000000
 AK       | M         | M                 |            1 |    1 | 1.00000000000000000000 |   1 | 1.00000000000000000000 |                     1 |    1 | 1.00000000000000000000 |   1 | 1.00000000000000000000 |                    4 |    1 |     4.0000000000000000 |   4 |     4.0000000000000000
 AK       | M         | M                 |            3 |    1 |     3.0000000000000000 |   3 |     3.0000000000000000 |                     4 |    1 |     4.0000000000000000 |   4 |     4.0000000000000000 |                    0 |    1 | 0.00000000000000000000 |   0 | 0.00000000000000000000
 AK       | M         | M                 |            5 |    1 |     5.0000000000000000 |   5 |     5.0000000000000000 |                     5 |    1 |     5.0000000000000000 |   5 |     5.0000000000000000 |                    6 |    1 |     6.0000000000000000 |   6 |     6.0000000000000000
 AK       | M         | M                 |            6 |    1 |     6.0000000000000000 |   6 |     6.0000000000000000 |                     4 |    1 |     4.0000000000000000 |   4 |     4.0000000000000000 |                    3 |    1 |     3.0000000000000000 |   3 |     3.0000000000000000
 AK       | M         | S                 |            0 |    1 | 0.00000000000000000000 |   0 | 0.00000000000000000000 |                     3 |    1 |     3.0000000000000000 |   3 |     3.0000000000000000 |                    2 |    1 |     2.0000000000000000 |   2 |     2.0000000000000000
 AK       | M         | S                 |            3 |    1 |     3.0000000000000000 |   3 |     3.0000000000000000 |                     5 |    1 |     5.0000000000000000 |   5 |     5.0000000000000000 |                    3 |    1 |     3.0000000000000000 |   3 |     3.0000000000000000
 AK       | M         | S                 |            5 |    1 |     5.0000000000000000 |   5 |     5.0000000000000000 |                     3 |    1 |     3.0000000000000000 |   3 |     3.0000000000000000 |                    1 |    1 | 1.00000000000000000000 |   1 | 1.00000000000000000000
 AK       | M         | S                 |            6 |    1 |     6.0000000000000000 |   6 |     6.0000000000000000 |                     0 |    1 | 0.00000000000000000000 |   0 | 0.00000000000000000000 |                    2 |    1 |     2.0000000000000000 |   2 |     2.0000000000000000
 AK       | M         | U                 |            4 |    1 |     4.0000000000000000 |   4 |     4.0000000000000000 |                     5 |    1 |     5.0000000000000000 |   5 |     5.0000000000000000 |                    3 |    1 |     3.0000000000000000 |   3 |     3.0000000000000000
 AK       | M         | W                 |            1 |    1 | 1.00000000000000000000 |   1 | 1.00000000000000000000 |                     0 |    1 | 0.00000000000000000000 |   0 | 0.00000000000000000000 |                    3 |    1 |     3.0000000000000000 |   3 |     3.0000000000000000
 AK       | M         | W                 |            5 |    1 |     5.0000000000000000 |   5 |     5.0000000000000000 |                     0 |    1 | 0.00000000000000000000 |   0 | 0.00000000000000000000 |                    4 |    1 |     4.0000000000000000 |   4 |     4.0000000000000000
 AL       | F         | D                 |            0 |    1 | 0.00000000000000000000 |   0 | 0.00000000000000000000 |                     4 |    1 |     4.0000000000000000 |   4 |     4.0000000000000000 |                    2 |    1 |     2.0000000000000000 |   2 |     2.0000000000000000
 AL       | F         | D                 |            0 |    1 | 0.00000000000000000000 |   0 | 0.00000000000000000000 |                     6 |    1 |     6.0000000000000000 |   6 |     6.0000000000000000 |                    4 |    1 |     4.0000000000000000 |   4 |     4.0000000000000000
 AL       | F         | D                 |            0 |    1 | 0.00000000000000000000 |   0 | 0.00000000000000000000 |                     6 |    1 |     6.0000000000000000 |   6 |     6.0000000000000000 |                    5 |    1 |     5.0000000000000000 |   5 |     5.0000000000000000
 AL       | F         | D                 |            1 |    1 | 1.00000000000000000000 |   1 | 1.00000000000000000000 |                     0 |    1 | 0.00000000000000000000 |   0 | 0.00000000000000000000 |                    1 |    1 | 1.00000000000000000000 |   1 | 1.00000000000000000000
 AL       | F         | D                 |            1 |    1 | 1.00000000000000000000 |   1 | 1.00000000000000000000 |                     1 |    1 | 1.00000000000000000000 |   1 | 1.00000000000000000000 |                    3 |    1 |     3.0000000000000000 |   3 |     3.0000000000000000
 AL       | F         | D                 |            1 |    1 | 1.00000000000000000000 |   1 | 1.00000000000000000000 |                     5 |    1 |     5.0000000000000000 |   5 |     5.0000000000000000 |                    3 |    1 |     3.0000000000000000 |   3 |     3.0000000000000000
 AL       | F         | D                 |            1 |    1 | 1.00000000000000000000 |   1 | 1.00000000000000000000 |                     6 |    1 |     6.0000000000000000 |   6 |     6.0000000000000000 |                    6 |    1 |     6.0000000000000000 |   6 |     6.0000000000000000
 AL       | F         | D                 |            2 |    1 |     2.0000000000000000 |   2 |     2.0000000000000000 |                     3 |    1 |     3.0000000000000000 |   3 |     3.0000000000000000 |                    1 |    1 | 1.00000000000000000000 |   1 | 1.00000000000000000000
 AL       | F         | D                 |            3 |    1 |     3.0000000000000000 |   3 |     3.0000000000000000 |                     0 |    1 | 0.00000000000000000000 |   0 | 0.00000000000000000000 |                    1 |    1 | 1.00000000000000000000 |   1 | 1.00000000000000000000
 AL       | F         | D                 |            3 |    1 |     3.0000000000000000 |   3 |     3.0000000000000000 |                     5 |    1 |     5.0000000000000000 |   5 |     5.0000000000000000 |                    0 |    1 | 0.00000000000000000000 |   0 | 0.00000000000000000000
 AL       | F         | D                 |            5 |    1 |     5.0000000000000000 |   5 |     5.0000000000000000 |                     0 |    1 | 0.00000000000000000000 |   0 | 0.00000000000000000000 |                    4 |    1 |     4.0000000000000000 |   4 |     4.0000000000000000
 AL       | F         | D                 |            5 |    1 |     5.0000000000000000 |   5 |     5.0000000000000000 |                     2 |    1 |     2.0000000000000000 |   2 |     2.0000000000000000 |                    1 |    1 | 1.00000000000000000000 |   1 | 1.00000000000000000000
 AL       | F         | D                 |            5 |    1 |     5.0000000000000000 |   5 |     5.0000000000000000 |                     5 |    1 |     5.0000000000000000 |   5 |     5.0000000000000000 |                    4 |    1 |     4.0000000000000000 |   4 |     4.0000000000000000
 AL       | F         | M                 |            0 |    1 | 0.00000000000000000000 |   0 | 0.00000000000000000000 |                     2 |    1 |     2.0000000000000000 |   2 |     2.0000000000000000 |                    3 |    1 |     3.0000000000000000 |   3 |     3.0000000000000000
 AL       | F         | M                 |            0 |    1 | 0.00000000000000000000 |   0 | 0.00000000000000000000 |                     5 |    1 |     5.0000000000000000 |   5 |     5.0000000000000000 |                    4 |    1 |     4.0000000000000000 |   4 |     4.0000000000000000
 AL       | F         | M                 |            1 |    1 | 1.00000000000000000000 |   1 | 1.00000000000000000000 |                     4 |    1 |     4.0000000000000000 |   4 |     4.0000000000000000 |                    6 |    1 |     6.0000000000000000 |   6 |     6.0000000000000000
 AL       | F         | M                 |            1 |    1 | 1.00000000000000000000 |   1 | 1.00000000000000000000 |                     6 |    1 |     6.0000000000000000 |   6 |     6.0000000000000000 |                    0 |    1 | 0.00000000000000000000 |   0 | 0.00000000000000000000
 AL       | F         | M                 |            1 |    1 | 1.00000000000000000000 |   1 | 1.00000000000000000000 |                     6 |    1 |     6.0000000000000000 |   6 |     6.0000000000000000 |                    5 |    1 |     5.0000000000000000 |   5 |     5.0000000000000000
 AL       | F         | M                 |            2 |    1 |     2.0000000000000000 |   2 |     2.0000000000000000 |                     0 |    1 | 0.00000000000000000000 |   0 | 0.00000000000000000000 |                    3 |    1 |     3.0000000000000000 |   3 |     3.0000000000000000
 AL       | F         | M                 |            2 |    1 |     2.0000000000000000 |   2 |     2.0000000000000000 |                     0 |    1 | 0.00000000000000000000 |   0 | 0.00000000000000000000 |                    5 |    1 |     5.0000000000000000 |   5 |     5.0000000000000000
 AL       | F         | M                 |            5 |    1 |     5.0000000000000000 |   5 |     5.0000000000000000 |                     0 |    1 | 0.00000000000000000000 |   0 | 0.00000000000000000000 |                    1 |    1 | 1.00000000000000000000 |   1 | 1.00000000000000000000
 AL       | F         | M                 |            5 |    1 |     5.0000000000000000 |   5 |     5.0000000000000000 |                     1 |    1 | 1.00000000000000000000 |   1 | 1.00000000000000000000 |                    5 |    1 |     5.0000000000000000 |   5 |     5.0000000000000000
 AL       | F         | M                 |            5 |    1 |     5.0000000000000000 |   5 |     5.0000000000000000 |                     5 |    1 |     5.0000000000000000 |   5 |     5.0000000000000000 |                    1 |    1 | 1.00000000000000000000 |   1 | 1.00000000000000000000
 AL       | F         | M                 |            6 |    1 |     6.0000000000000000 |   6 |     6.0000000000000000 |                     1 |    1 | 1.00000000000000000000 |   1 | 1.00000000000000000000 |                    3 |    1 |     3.0000000000000000 |   3 |     3.0000000000000000
 AL       | F         | M                 |            6 |    1 |     6.0000000000000000 |   6 |     6.0000000000000000 |                     4 |    1 |     4.0000000000000000 |   4 |     4.0000000000000000 |                    1 |    1 | 1.00000000000000000000 |   1 | 1.00000000000000000000
 AL       | F         | M                 |            6 |    1 |     6.0000000000000000 |   6 |     6.0000000000000000 |                     6 |    1 |     6.0000000000000000 |   6 |     6.0000000000000000 |                    4 |    1 |     4.0000000000000000 |   4 |     4.0000000000000000
 AL       | F         | S                 |            0 |    1 | 0.00000000000000000000 |   0 | 0.00000000000000000000 |                     3 |    1 |     3.0000000000000000 |   3 |     3.0000000000000000 |                    1 |    1 | 1.00000000000000000000 |   1 | 1.00000000000000000000
 AL       | F         | S                 |            2 |    1 |     2.0000000000000000 |   2 |     2.0000000000000000 |                     1 |    1 | 1.00000000000000000000 |   1 | 1.00000000000000000000 |                    4 |    1 |     4.0000000000000000 |   4 |     4.0000000000000000
 AL       | F         | S                 |            3 |    1 |     3.0000000000000000 |   3 |     3.0000000000000000 |                     0 |    1 | 0.00000000000000000000 |   0 | 0.00000000000000000000 |                    4 |    1 |     4.0000000000000000 |   4 |     4.0000000000000000
 AL       | F         | S                 |            5 |    1 |     5.0000000000000000 |   5 |     5.0000000000000000 |                     5 |    1 |     5.0000000000000000 |   5 |     5.0000000000000000 |                    6 |    1 |     6.0000000000000000 |   6 |     6.0000000000000000
 AL       | F         | U                 |            1 |    1 | 1.00000000000000000000 |   1 | 1.00000000000000000000 |                     2 |    1 |     2.0000000000000000 |   2 |     2.0000000000000000 |                    1 |    1 | 1.00000000000000000000 |   1 | 1.00000000000000000000
 AL       | F         | U                 |            1 |    1 | 1.00000000000000000000 |   1 | 1.00000000000000000000 |                     5 |    1 |     5.0000000000000000 |   5 |     5.0000000000000000 |                    4 |    1 |     4.0000000000000000 |   4 |     4.0000000000000000
 AL       | F         | U                 |            2 |    1 |     2.0000000000000000 |   2 |     2.0000000000000000 |                     1 |    1 | 1.00000000000000000000 |   1 | 1.00000000000000000000 |                    0 |    1 | 0.00000000000000000000 |   0 | 0.00000000000000000000
 AL       | F         | U                 |            2 |    1 |     2.0000000000000000 |   2 |     2.0000000000000000 |                     4 |    1 |     4.0000000000000000 |   4 |     4.0000000000000000 |                    0 |    1 | 0.00000000000000000000 |   0 | 0.00000000000000000000
 AL       | F         | U                 |            4 |    1 |     4.0000000000000000 |   4 |     4.0000000000000000 |                     0 |    1 | 0.00000000000000000000 |   0 | 0.00000000000000000000 |                    0 |    1 | 0.00000000000000000000 |   0 | 0.00000000000000000000
 AL       | F         | U                 |            4 |    1 |     4.0000000000000000 |   4 |     4.0000000000000000 |                     3 |    1 |     3.0000000000000000 |   3 |     3.0000000000000000 |                    6 |    1 |     6.0000000000000000 |   6 |     6.0000000000000000
 AL       | F         | U                 |            5 |    1 |     5.0000000000000000 |   5 |     5.0000000000000000 |                     3 |    1 |     3.0000000000000000 |   3 |     3.0000000000000000 |                    5 |    1 |     5.0000000000000000 |   5 |     5.0000000000000000
 AL       | F         | U                 |            5 |    1 |     5.0000000000000000 |   5 |     5.0000000000000000 |                     3 |    1 |     3.0000000000000000 |   3 |     3.0000000000000000 |                    6 |    1 |     6.0000000000000000 |   6 |     6.0000000000000000
 AL       | F         | U                 |            6 |    1 |     6.0000000000000000 |   6 |     6.0000000000000000 |                     3 |    1 |     3.0000000000000000 |   3 |     3.0000000000000000 |                    3 |    1 |     3.0000000000000000 |   3 |     3.0000000000000000
 AL       | F         | U                 |            6 |    1 |     6.0000000000000000 |   6 |     6.0000000000000000 |                     4 |    1 |     4.0000000000000000 |   4 |     4.0000000000000000 |                    2 |    1 |     2.0000000000000000 |   2 |     2.0000000000000000
 AL       | F         | W                 |            1 |    1 | 1.00000000000000000000 |   1 | 1.00000000000000000000 |                     5 |    1 |     5.0000000000000000 |   5 |     5.0000000000000000 |                    2 |    1 |     2.0000000000000000 |   2 |     2.0000000000000000
 AL       | F         | W                 |            2 |    1 |     2.0000000000000000 |   2 |     2.0000000000000000 |                     1 |    1 | 1.00000000000000000000 |   1 | 1.00000000000000000000 |                    0 |    1 | 0.00000000000000000000 |   0 | 0.00000000000000000000
 AL       | F         | W                 |            2 |    1 |     2.0000000000000000 |   2 |     2.0000000000000000 |                     1 |    1 | 1.00000000000000000000 |   1 | 1.00000000000000000000 |                    4 |    1 |     4.0000000000000000 |   4 |     4.0000000000000000
 AL       | F         | W                 |            2 |    1 |     2.0000000000000000 |   2 |     2.0000000000000000 |                     2 |    1 |     2.0000000000000000 |   2 |     2.0000000000000000 |                    0 |    1 | 0.00000000000000000000 |   0 | 0.00000000000000000000
 AL       | F         | W                 |            3 |    1 |     3.0000000000000000 |   3 |     3.0000000000000000 |                     2 |    1 |     2.0000000000000000 |   2 |     2.0000000000000000 |                    0 |    1 | 0.00000000000000000000 |   0 | 0.00000000000000000000
 AL       | F         | W                 |            3 |    1 |     3.0000000000000000 |   3 |     3.0000000000000000 |                     2 |    1 |     2.0000000000000000 |   2 |     2.0000000000000000 |                    3 |    1 |     3.0000000000000000 |   3 |     3.0000000000000000
 AL       | F         | W                 |            4 |    1 |     4.0000000000000000 |   4 |     4.0000000000000000 |                     6 |    1 |     6.0000000000000000 |   6 |     6.0000000000000000 |                    3 |    1 |     3.0000000000000000 |   3 |     3.0000000000000000
 AL       | F         | W                 |            5 |    1 |     5.0000000000000000 |   5 |     5.0000000000000000 |                     0 |    1 | 0.00000000000000000000 |   0 | 0.00000000000000000000 |                    0 |    1 | 0.00000000000000000000 |   0 | 0.00000000000000000000
 AL       | F         | W                 |            5 |    1 |     5.0000000000000000 |   5 |     5.0000000000000000 |                     0 |    1 | 0.00000000000000000000 |   0 | 0.00000000000000000000 |                    5 |    1 |     5.0000000000000000 |   5 |     5.0000000000000000
 AL       | M         | D                 |            1 |    1 | 1.00000000000000000000 |   1 | 1.00000000000000000000 |                     4 |    1 |     4.0000000000000000 |   4 |     4.0000000000000000 |                    2 |    1 |     2.0000000000000000 |   2 |     2.0000000000000000
 AL       | M         | D                 |            2 |    1 |     2.0000000000000000 |   2 |     2.0000000000000000 |                     6 |    1 |     6.0000000000000000 |   6 |     6.0000000000000000 |                    3 |    1 |     3.0000000000000000 |   3 |     3.0000000000000000
 AL       | M         | D                 |            5 |    1 |     5.0000000000000000 |   5 |     5.0000000000000000 |                     6 |    1 |     6.0000000000000000 |   6 |     6.0000000000000000 |                    0 |    1 | 0.00000000000000000000 |   0 | 0.00000000000000000000
 AL       | M         | D                 |            6 |    1 |     6.0000000000000000 |   6 |     6.0000000000000000 |                     3 |    1 |     3.0000000000000000 |   3 |     3.0000000000000000 |                    6 |    1 |     6.0000000000000000 |   6 |     6.0000000000000000
 AL       | M         | M                 |            0 |    1 | 0.00000000000000000000 |   0 | 0.00000000000000000000 |                     2 |    1 |     2.0000000000000000 |   2 |     2.0000000000000000 |                    3 |    1 |     3.0000000000000000 |   3 |     3.0000000000000000
 AL       | M         | M                 |            1 |    1 | 1.00000000000000000000 |   1 | 1.00000000000000000000 |                     3 |    1 |     3.0000000000000000 |   3 |     3.0000000000000000 |                    4 |    1 |     4.0000000000000000 |   4 |     4.0000000000000000
 AL       | M         | M                 |            2 |    1 |     2.0000000000000000 |   2 |     2.0000000000000000 |                     2 |    1 |     2.0000000000000000 |   2 |     2.0000000000000000 |                    6 |    1 |     6.0000000000000000 |   6 |     6.0000000000000000
 AL       | M         | M                 |            2 |    1 |     2.0000000000000000 |   2 |     2.0000000000000000 |                     6 |    1 |     6.0000000000000000 |   6 |     6.0000000000000000 |                    2 |    1 |     2.0000000000000000 |   2 |     2.0000000000000000
 AL       | M         | M                 |            3 |    1 |     3.0000000000000000 |   3 |     3.0000000000000000 |                     1 |    1 | 1.00000000000000000000 |   1 | 1.00000000000000000000 |                    4 |    1 |     4.0000000000000000 |   4 |     4.0000000000000000
 AL       | M         | M                 |            4 |    1 |     4.0000000000000000 |   4 |     4.0000000000000000 |                     0 |    1 | 0.00000000000000000000 |   0 | 0.00000000000000000000 |                    2 |    1 |     2.0000000000000000 |   2 |     2.0000000000000000
 AL       | M         | M                 |            4 |    1 |     4.0000000000000000 |   4 |     4.0000000000000000 |                     4 |    1 |     4.0000000000000000 |   4 |     4.0000000000000000 |                    0 |    1 | 0.00000000000000000000 |   0 | 0.00000000000000000000
 AL       | M         | M                 |            5 |    1 |     5.0000000000000000 |   5 |     5.0000000000000000 |                     2 |    1 |     2.0000000000000000 |   2 |     2.0000000000000000 |                    5 |    1 |     5.0000000000000000 |   5 |     5.0000000000000000
(100 rows)

UPDATE time_statistics SET e_time = TRANSACTION_TIMESTAMP() WHERE template = 'query35.tpl' AND stream = 7;
psql:/tmp/s1-basline/throughput/query_7.sql:1877: NOTICE:  duration: 0.093 ms  plan:
Query Text: UPDATE time_statistics SET e_time = TRANSACTION_TIMESTAMP() WHERE template = 'query35.tpl' AND stream = 7;
Update on time_statistics  (cost=0.00..16.72 rows=0 width=0) (actual time=0.092..0.092 rows=0 loops=1)
  ->  Seq Scan on time_statistics  (cost=0.00..16.72 rows=1 width=14) (actual time=0.071..0.078 rows=1 loops=1)
        Filter: ((template = 'query35.tpl'::text) AND (stream = 7))
        Rows Removed by Filter: 613
UPDATE 1
LOAD 'auto_explain'; SET auto_explain.log_min_duration TO 0; SET auto_explain.log_analyze TO on; SET auto_explain.log_level TO notice; INSERT INTO time_statistics (template, s_time, stream, query, seed) VALUES ('query55.tpl', TRANSACTION_TIMESTAMP(), 7, 38, 307828124);
LOAD
SET
SET
SET
psql:/tmp/s1-basline/throughput/query_7.sql:1878: NOTICE:  duration: 0.008 ms  plan:
Query Text: INSERT INTO time_statistics (template, s_time, stream, query, seed) VALUES ('query55.tpl', TRANSACTION_TIMESTAMP(), 7, 38, 307828124);
Insert on time_statistics  (cost=0.00..0.01 rows=0 width=0) (actual time=0.008..0.008 rows=0 loops=1)
  ->  Result  (cost=0.00..0.01 rows=1 width=64) (actual time=0.001..0.001 rows=1 loops=1)
INSERT 0 1
select  i_brand_id brand_id, i_brand brand,
 	sum(ss_ext_sales_price) ext_price
 from date_dim, store_sales, item
 where d_date_sk = ss_sold_date_sk
 	and ss_item_sk = i_item_sk
 	and i_manager_id=91
 	and d_moy=12
 	and d_year=2002
 group by i_brand, i_brand_id
 order by ext_price desc, i_brand_id
limit 100 ;
psql:/tmp/s1-basline/throughput/query_7.sql:1889: NOTICE:  duration: 20.236 ms  plan:
Query Text: select  i_brand_id brand_id, i_brand brand,
 	sum(ss_ext_sales_price) ext_price
 from date_dim, store_sales, item
 where d_date_sk = ss_sold_date_sk
 	and ss_item_sk = i_item_sk
 	and i_manager_id=91
 	and d_moy=12
 	and d_year=2002
 group by i_brand, i_brand_id
 order by ext_price desc, i_brand_id
limit 100 ;
Limit  (cost=8699.57..8699.57 rows=2 width=63) (actual time=20.222..20.225 rows=16 loops=1)
  ->  Sort  (cost=8699.57..8699.57 rows=2 width=63) (actual time=20.221..20.223 rows=16 loops=1)
        Sort Key: (sum(store_sales.ss_ext_sales_price)) DESC, item.i_brand_id
        Sort Method: quicksort  Memory: 27kB
        ->  GroupAggregate  (cost=8699.52..8699.56 rows=2 width=63) (actual time=20.176..20.215 rows=16 loops=1)
              Group Key: item.i_brand, item.i_brand_id
              ->  Sort  (cost=8699.52..8699.52 rows=2 width=63) (actual time=20.169..20.176 rows=170 loops=1)
                    Sort Key: item.i_brand, item.i_brand_id
                    Sort Method: quicksort  Memory: 42kB
                    ->  Nested Loop  (cost=0.73..8699.51 rows=2 width=63) (actual time=0.469..20.075 rows=170 loops=1)
                          ->  Nested Loop  (cost=0.43..7987.46 rows=5460 width=71) (actual time=0.416..16.075 rows=5814 loops=1)
                                ->  Seq Scan on item  (cost=0.00..1481.00 rows=34 width=63) (actual time=0.407..9.131 rows=34 loops=1)
                                      Filter: (i_manager_id = 91)
                                      Rows Removed by Filter: 17966
                                ->  Index Scan using pk_store_sales on store_sales  (cost=0.43..189.62 rows=175 width=24) (actual time=0.006..0.178 rows=171 loops=34)
                                      Index Cond: (ss_item_sk = item.i_item_sk)
                          ->  Memoize  (cost=0.30..0.33 rows=1 width=8) (actual time=0.001..0.001 rows=0 loops=5814)
                                Cache Key: store_sales.ss_sold_date_sk
                                Cache Mode: logical
                                Hits: 4193  Misses: 1621  Evictions: 0  Overflows: 0  Memory Usage: 116kB
                                ->  Index Scan using pk_date_dim on date_dim  (cost=0.29..0.32 rows=1 width=8) (actual time=0.001..0.001 rows=0 loops=1621)
                                      Index Cond: (d_date_sk = store_sales.ss_sold_date_sk)
                                      Filter: ((d_moy = 12) AND (d_year = 2002))
                                      Rows Removed by Filter: 1
 brand_id |                       brand                        |     ext_price      
----------+----------------------------------------------------+--------------------
  9009002 | maximaxi #2                                        |           37658.14
  8006008 | corpnameless #8                                    | 28932.640000000003
  2004002 | edu packimporto #2                                 |           24214.71
  4003001 | exportinameless #4                                 |           22793.29
 10002010 | exportiimporto #2                                  | 15748.429999999998
  5001001 | namelessnameless #10                               | 14795.010000000002
  6006003 | amalgedu pack #1                                   |           13196.98
  7008010 | namelessbrand #10                                  | 12971.689999999999
  3001001 | amalgamalgamalg #5                                 |              12014
  1004001 | importoscholar #2                                  | 10871.300000000001
  8008002 | amalgunivamalg #9                                  | 10429.789999999999
  5001002 | amalgscholar #2                                    |  7375.169999999999
  3002001 | exportiedu pack #2                                 |  7052.719999999998
  8011001 | amalgmaxi #1                                       |             5888.6
  9012008 | importounivamalg #8                                |             4662.1
 10012008 | importoamalgamalg #8                               |            3360.42
(16 rows)

UPDATE time_statistics SET e_time = TRANSACTION_TIMESTAMP() WHERE template = 'query55.tpl' AND stream = 7;
psql:/tmp/s1-basline/throughput/query_7.sql:1891: NOTICE:  duration: 0.088 ms  plan:
Query Text: UPDATE time_statistics SET e_time = TRANSACTION_TIMESTAMP() WHERE template = 'query55.tpl' AND stream = 7;
Update on time_statistics  (cost=0.00..16.72 rows=0 width=0) (actual time=0.087..0.087 rows=0 loops=1)
  ->  Seq Scan on time_statistics  (cost=0.00..16.72 rows=1 width=14) (actual time=0.068..0.075 rows=1 loops=1)
        Filter: ((template = 'query55.tpl'::text) AND (stream = 7))
        Rows Removed by Filter: 614
UPDATE 1
LOAD 'auto_explain'; SET auto_explain.log_min_duration TO 0; SET auto_explain.log_analyze TO on; SET auto_explain.log_level TO notice; INSERT INTO time_statistics (template, s_time, stream, query, seed) VALUES ('../query_postgresql/query37.tpl', TRANSACTION_TIMESTAMP(), 7, 39, 241183511);
LOAD
SET
SET
SET
psql:/tmp/s1-basline/throughput/query_7.sql:1892: NOTICE:  duration: 0.008 ms  plan:
Query Text: INSERT INTO time_statistics (template, s_time, stream, query, seed) VALUES ('../query_postgresql/query37.tpl', TRANSACTION_TIMESTAMP(), 7, 39, 241183511);
Insert on time_statistics  (cost=0.00..0.01 rows=0 width=0) (actual time=0.008..0.008 rows=0 loops=1)
  ->  Result  (cost=0.00..0.01 rows=1 width=64) (actual time=0.001..0.001 rows=1 loops=1)
INSERT 0 1
select  i_item_id
       ,i_item_desc
       ,i_current_price
 from item, inventory, date_dim, catalog_sales
 where i_current_price between 41 and 41 + 30
 and inv_item_sk = i_item_sk
 and d_date_sk=inv_date_sk
 and d_date between cast('2001-05-13' as date) and (cast('2001-05-13' as date) +  INTERVAL '60 days')
 and i_manufact_id in (945,866,681,897)
 and inv_quantity_on_hand between 100 and 500
 and cs_item_sk = i_item_sk
 group by i_item_id,i_item_desc,i_current_price
 order by i_item_id
 limit 100;
psql:/tmp/s1-basline/throughput/query_7.sql:1906: NOTICE:  duration: 6.452 ms  plan:
Query Text: select  i_item_id
       ,i_item_desc
       ,i_current_price
 from item, inventory, date_dim, catalog_sales
 where i_current_price between 41 and 41 + 30
 and inv_item_sk = i_item_sk
 and d_date_sk=inv_date_sk
 and d_date between cast('2001-05-13' as date) and (cast('2001-05-13' as date) +  INTERVAL '60 days')
 and i_manufact_id in (945,866,681,897)
 and inv_quantity_on_hand between 100 and 500
 and cs_item_sk = i_item_sk
 group by i_item_id,i_item_desc,i_current_price
 order by i_item_id
 limit 100;
Limit  (cost=2227.41..2228.27 rows=2 width=127) (actual time=6.301..6.449 rows=1 loops=1)
  ->  Group  (cost=2227.41..2228.27 rows=2 width=127) (actual time=6.301..6.448 rows=1 loops=1)
        Group Key: item.i_item_id, item.i_item_desc, item.i_current_price
        ->  Sort  (cost=2227.41..2227.63 rows=86 width=127) (actual time=6.300..6.334 rows=900 loops=1)
              Sort Key: item.i_item_id, item.i_item_desc, item.i_current_price
              Sort Method: quicksort  Memory: 242kB
              ->  Nested Loop  (cost=1.28..2224.65 rows=86 width=127) (actual time=4.753..6.078 rows=900 loops=1)
                    ->  Nested Loop  (cost=0.85..2221.80 rows=1 width=143) (actual time=4.745..5.893 rows=15 loops=1)
                          ->  Seq Scan on item  (cost=0.00..1616.00 rows=2 width=135) (actual time=4.662..5.478 rows=1 loops=1)
                                Filter: ((i_current_price >= '41'::double precision) AND (i_current_price <= '71'::double precision) AND (i_manufact_id = ANY ('{945,866,681,897}'::integer[])))
                                Rows Removed by Filter: 17999
                          ->  Nested Loop  (cost=0.85..302.31 rows=59 width=8) (actual time=0.082..0.412 rows=15 loops=1)
                                ->  Index Scan using i_d_date on date_dim  (cost=0.29..4.67 rows=59 width=8) (actual time=0.008..0.019 rows=61 loops=1)
                                      Index Cond: ((d_date >= '2001-05-13'::date) AND (d_date <= '2001-07-12 00:00:00'::timestamp without time zone))
                                ->  Index Scan using pk_inventory on inventory  (cost=0.56..5.03 rows=1 width=16) (actual time=0.005..0.006 rows=0 loops=61)
                                      Index Cond: ((inv_date_sk = date_dim.d_date_sk) AND (inv_item_sk = item.i_item_sk))
                                      Filter: ((inv_quantity_on_hand >= 100) AND (inv_quantity_on_hand <= 500))
                                      Rows Removed by Filter: 0
                    ->  Index Only Scan using pk_catalog_sales on catalog_sales  (cost=0.43..1.97 rows=88 width=8) (actual time=0.003..0.008 rows=60 loops=15)
                          Index Cond: (cs_item_sk = inventory.inv_item_sk)
                          Heap Fetches: 0
    i_item_id     |                                                                                  i_item_desc                                                                                  | i_current_price 
------------------+-------------------------------------------------------------------------------------------------------------------------------------------------------------------------------+-----------------
 AAAAAAAAMDKDAAAA | So equal techniques fill perhaps galleries. Levels could like at the shadows. Industrial, widespread thousands could suppose. Shortly traditional publications would not gene |           56.88
(1 row)

UPDATE time_statistics SET e_time = TRANSACTION_TIMESTAMP() WHERE template = '../query_postgresql/query37.tpl' AND stream = 7;
psql:/tmp/s1-basline/throughput/query_7.sql:1908: NOTICE:  duration: 0.085 ms  plan:
Query Text: UPDATE time_statistics SET e_time = TRANSACTION_TIMESTAMP() WHERE template = '../query_postgresql/query37.tpl' AND stream = 7;
Update on time_statistics  (cost=0.00..16.72 rows=0 width=0) (actual time=0.085..0.085 rows=0 loops=1)
  ->  Seq Scan on time_statistics  (cost=0.00..16.72 rows=1 width=14) (actual time=0.066..0.073 rows=1 loops=1)
        Filter: ((template = '../query_postgresql/query37.tpl'::text) AND (stream = 7))
        Rows Removed by Filter: 615
UPDATE 1
LOAD 'auto_explain'; SET auto_explain.log_min_duration TO 0; SET auto_explain.log_analyze TO on; SET auto_explain.log_level TO notice; INSERT INTO time_statistics (template, s_time, stream, query, seed) VALUES ('query52.tpl', TRANSACTION_TIMESTAMP(), 7, 40, 1231674224);
LOAD
SET
SET
SET
psql:/tmp/s1-basline/throughput/query_7.sql:1909: NOTICE:  duration: 0.008 ms  plan:
Query Text: INSERT INTO time_statistics (template, s_time, stream, query, seed) VALUES ('query52.tpl', TRANSACTION_TIMESTAMP(), 7, 40, 1231674224);
Insert on time_statistics  (cost=0.00..0.01 rows=0 width=0) (actual time=0.007..0.008 rows=0 loops=1)
  ->  Result  (cost=0.00..0.01 rows=1 width=64) (actual time=0.001..0.002 rows=1 loops=1)
INSERT 0 1
select  dt.d_year
 	,item.i_brand_id brand_id
 	,item.i_brand brand
 	,sum(ss_ext_sales_price) ext_price
 from date_dim dt
     ,store_sales
     ,item
 where dt.d_date_sk = store_sales.ss_sold_date_sk
    and store_sales.ss_item_sk = item.i_item_sk
    and item.i_manager_id = 1
    and dt.d_moy=11
    and dt.d_year=2001
 group by dt.d_year
 	,item.i_brand
 	,item.i_brand_id
 order by dt.d_year
 	,ext_price desc
 	,brand_id
limit 100 ;
psql:/tmp/s1-basline/throughput/query_7.sql:1928: NOTICE:  duration: 169.794 ms  plan:
Query Text: select  dt.d_year
 	,item.i_brand_id brand_id
 	,item.i_brand brand
 	,sum(ss_ext_sales_price) ext_price
 from date_dim dt
     ,store_sales
     ,item
 where dt.d_date_sk = store_sales.ss_sold_date_sk
    and store_sales.ss_item_sk = item.i_item_sk
    and item.i_manager_id = 1
    and dt.d_moy=11
    and dt.d_year=2001
 group by dt.d_year
 	,item.i_brand
 	,item.i_brand_id
 order by dt.d_year
 	,ext_price desc
 	,brand_id
limit 100 ;
Limit  (cost=41326.90..41326.94 rows=19 width=67) (actual time=169.727..169.739 rows=100 loops=1)
  ->  Sort  (cost=41326.90..41326.94 rows=19 width=67) (actual time=169.726..169.731 rows=100 loops=1)
        Sort Key: (sum(store_sales.ss_ext_sales_price)) DESC, item.i_brand_id
        Sort Method: quicksort  Memory: 42kB
        ->  GroupAggregate  (cost=41326.07..41326.49 rows=19 width=67) (actual time=169.322..169.694 rows=123 loops=1)
              Group Key: dt.d_year, item.i_brand, item.i_brand_id
              ->  Sort  (cost=41326.07..41326.11 rows=19 width=67) (actual time=169.307..169.375 rows=1602 loops=1)
                    Sort Key: item.i_brand, item.i_brand_id
                    Sort Method: quicksort  Memory: 223kB
                    ->  Nested Loop  (cost=0.72..41325.66 rows=19 width=67) (actual time=4.300..167.546 rows=1602 loops=1)
                          ->  Nested Loop  (cost=0.43..40988.10 rows=1096 width=20) (actual time=4.261..46.217 rows=82447 loops=1)
                                ->  Seq Scan on date_dim dt  (cost=0.00..2500.73 rows=29 width=12) (actual time=4.251..8.815 rows=30 loops=1)
                                      Filter: ((d_moy = 11) AND (d_year = 2001))
                                      Rows Removed by Filter: 73019
                                ->  Index Scan using i_ss_sold_date_sk on store_sales  (cost=0.43..1312.00 rows=1515 width=24) (actual time=0.006..0.862 rows=2748 loops=30)
                                      Index Cond: (ss_sold_date_sk = dt.d_date_sk)
                          ->  Index Scan using pk_item on item  (cost=0.29..0.31 rows=1 width=63) (actual time=0.001..0.001 rows=0 loops=82447)
                                Index Cond: (i_item_sk = store_sales.ss_item_sk)
                                Filter: (i_manager_id = 1)
                                Rows Removed by Filter: 1
 d_year | brand_id |                       brand                        |     ext_price      
--------+----------+----------------------------------------------------+--------------------
   2001 |  3004002 | edu packexporti #2                                 | 118874.99000000002
   2001 |  4001002 | amalgedu pack #2                                   |  94809.91999999997
   2001 |  1003002 | exportiamalg #2                                    |           94784.69
   2001 |  1004002 | edu packamalg #2                                   |  90684.58999999998
   2001 |  1002002 | importoamalg #2                                    |           81681.09
   2001 |  3002002 | importoexporti #2                                  |  71505.43999999999
   2001 |  5004002 | edu packscholar #2                                 |  64237.31999999999
   2001 |  4003002 | exportiedu pack #2                                 |  60820.73999999999
   2001 |  4002002 | importoedu pack #2                                 |  53347.00000000001
   2001 |  3003002 | exportiexporti #2                                  |  50224.87999999998
   2001 |  2004002 | edu packimporto #2                                 |  48954.95000000001
   2001 |  5003002 | exportischolar #2                                  |              47539
   2001 |  6001004 | amalgcorp #4                                       |           46576.92
   2001 |  5001002 | amalgscholar #2                                    |           46100.14
   2001 |  1001002 | amalgamalg #2                                      |           45704.03
   2001 |  7003008 | exportibrand #8                                    |              43076
   2001 |  2003002 | exportiimporto #2                                  |           39999.68
   2001 |  7007010 | brandbrand #10                                     |              36926
   2001 |  2001001 | importoimporto #2                                  |           35043.46
   2001 |  6004008 | edu packcorp #8                                    |           34818.47
   2001 |  9016009 | importounivamalg #10                               |  33213.89000000001
   2001 |  2002002 | importoimporto #2                                  |           33009.68
   2001 |  9001005 | amalgedu pack #2                                   | 30892.800000000003
   2001 |  8012003 | amalgexporti #2                                    |           30881.29
   2001 |  5004001 | importounivamalg #5                                |           29961.75
   2001 |  7016004 | corpnameless #4                                    |           29422.88
   2001 |  7011003 | scholarunivamalg #6                                |           29317.79
   2001 |  9011003 | edu packamalg #2                                   |           27809.38
   2001 |  5002002 | importoscholar #2                                  |           27648.02
   2001 |  9014011 | amalgamalgamalg #9                                 |           27339.03
   2001 |  2001002 | amalgimporto #2                                    | 27300.510000000006
   2001 | 10011001 | namelessunivamalg #2                               |           26864.14
   2001 |  6008003 | edu packedu pack #2                                |           25974.32
   2001 |  2002001 | importounivamalg #10                               |           25748.47
   2001 |  7001007 | importomaxi #8                                     | 25584.640000000003
   2001 |  9012010 | importounivamalg #10                               |           25455.82
   2001 | 10002010 | importounivamalg #10                               | 25411.770000000004
   2001 |  9005002 | scholarmaxi #2                                     |           25372.71
   2001 |  4001001 | importounivamalg #12                               | 25349.489999999998
   2001 |  9004008 | edu packmaxi #8                                    |           25146.53
   2001 |  1001001 | importoimporto #2                                  |           24294.25
   2001 |  6014002 | edu packbrand #2                                   | 24264.959999999995
   2001 |  8003006 | exportinameless #6                                 |           24116.36
   2001 |  8003005 | importoexporti #2                                  | 23697.360000000004
   2001 |  1004001 | amalgimporto #2                                    | 23358.389999999996
   2001 | 10002012 | importounivamalg #12                               | 22728.189999999995
   2001 |  4004002 | edu packedu pack #2                                |           21968.65
   2001 |  6013004 | exportibrand #4                                    |           21643.44
   2001 |  6016008 | corpbrand #8                                       |            21564.7
   2001 |  7014008 | edu packnameless #8                                | 21370.879999999997
   2001 |  2003001 | amalgmaxi #6                                       |            21163.1
   2001 |  8006007 | namelessunivamalg #8                               | 21152.199999999997
   2001 |  8009010 | maxinameless #10                                   | 21133.430000000004
   2001 | 10004013 | edu packunivamalg #13                              | 20885.320000000003
   2001 |  4004001 | exportinameless #6                                 | 20689.569999999996
   2001 | 10006009 | amalgedu pack #2                                   | 20676.719999999994
   2001 | 10016001 | corpamalgamalg #1                                  |           20575.14
   2001 |  6014003 | brandbrand #8                                      | 20323.709999999995
   2001 |  5002001 | corpcorp #6                                        | 19705.309999999998
   2001 | 10009005 | maxiunivamalg #5                                   |           19250.53
   2001 |  4003001 | exportimaxi #6                                     | 18941.110000000004
   2001 |  6003007 | edu packscholar #2                                 | 18377.920000000002
   2001 |  6001001 | amalgnameless #2                                   | 18249.519999999997
   2001 |  2004001 | corpunivamalg #6                                   |           18099.68
   2001 |  7016001 | univnameless #2                                    | 17947.899999999998
   2001 |  9001005 | exportiexporti #2                                  |            17759.4
   2001 |  8015006 | scholarmaxi #6                                     |            17664.4
   2001 |  4002001 | amalgamalgamalg #10                                |           17553.93
   2001 | 10003012 | exportiamalg #2                                    |           17535.25
   2001 |  3002001 | univamalgamalg #10                                 |           17470.23
   2001 |  6001008 | amalgcorp #8                                       | 17227.510000000002
   2001 |  3002001 | exportiimporto #2                                  | 17042.070000000003
   2001 |  7002004 | importobrand #4                                    |           16429.52
   2001 |  2001001 | edu packmaxi #12                                   |           16024.82
   2001 |  8014008 | edu packmaxi #8                                    | 15921.820000000002
   2001 |  2002001 | edu packexporti #2                                 |           15714.62
   2001 | 10012001 | amalgamalg #2                                      | 15402.230000000001
   2001 |  6013003 | importoimporto #2                                  |              15259
   2001 |  8011001 | exportiamalg #2                                    | 15012.570000000002
   2001 |  6015006 | scholarbrand #6                                    | 14570.050000000001
   2001 |  9009006 | maximaxi #6                                        | 14173.150000000001
   2001 |  1004001 | scholaramalgamalg #11                              |           13983.15
   2001 |  7002006 | importobrand #6                                    | 13537.580000000002
   2001 |  3004001 | amalgexporti #2                                    |           13418.49
   2001 |  8002003 | edu packscholar #2                                 | 13373.689999999999
   2001 |  3003001 | namelesscorp #6                                    | 13285.390000000001
   2001 |  9014004 | edu packunivamalg #4                               | 13161.529999999999
   2001 | 10005016 | importoexporti #2                                  |           12986.54
   2001 |  6002005 | exportiedu pack #2                                 | 12949.480000000001
   2001 |  5004001 | edu packunivamalg #6                               | 12790.680000000002
   2001 |  1002001 | maxinameless #10                                   | 12689.080000000002
   2001 |  7002010 | importobrand #10                                   | 12663.490000000002
   2001 |  5004001 | edu packnameless #4                                | 12599.939999999999
   2001 |  8005002 | scholarnameless #2                                 |           12561.88
   2001 |  6009006 | maxicorp #6                                        |           12440.01
   2001 |  4001001 | exportiexporti #2                                  |           12183.58
   2001 |  4002001 | edu packedu pack #2                                |           12070.27
   2001 | 10001009 | amalgunivamalg #9                                  | 12050.629999999997
   2001 |  8003009 | importounivamalg #6                                | 11909.710000000003
   2001 |  8011004 | amalgmaxi #4                                       | 11691.509999999998
(100 rows)

UPDATE time_statistics SET e_time = TRANSACTION_TIMESTAMP() WHERE template = 'query52.tpl' AND stream = 7;
psql:/tmp/s1-basline/throughput/query_7.sql:1930: NOTICE:  duration: 0.093 ms  plan:
Query Text: UPDATE time_statistics SET e_time = TRANSACTION_TIMESTAMP() WHERE template = 'query52.tpl' AND stream = 7;
Update on time_statistics  (cost=0.00..16.72 rows=0 width=0) (actual time=0.093..0.093 rows=0 loops=1)
  ->  Seq Scan on time_statistics  (cost=0.00..16.72 rows=1 width=14) (actual time=0.071..0.078 rows=1 loops=1)
        Filter: ((template = 'query52.tpl'::text) AND (stream = 7))
        Rows Removed by Filter: 616
UPDATE 1
LOAD 'auto_explain'; SET auto_explain.log_min_duration TO 0; SET auto_explain.log_analyze TO on; SET auto_explain.log_level TO notice; INSERT INTO time_statistics (template, s_time, stream, query, seed) VALUES ('query9.tpl', TRANSACTION_TIMESTAMP(), 7, 41, 75766509);
LOAD
SET
SET
SET
psql:/tmp/s1-basline/throughput/query_7.sql:1931: NOTICE:  duration: 0.009 ms  plan:
Query Text: INSERT INTO time_statistics (template, s_time, stream, query, seed) VALUES ('query9.tpl', TRANSACTION_TIMESTAMP(), 7, 41, 75766509);
Insert on time_statistics  (cost=0.00..0.01 rows=0 width=0) (actual time=0.009..0.009 rows=0 loops=1)
  ->  Result  (cost=0.00..0.01 rows=1 width=64) (actual time=0.001..0.001 rows=1 loops=1)
INSERT 0 1
select case when (select count(*) 
                  from store_sales 
                  where ss_quantity between 1 and 20) > 20107
            then (select avg(ss_ext_sales_price) 
                  from store_sales 
                  where ss_quantity between 1 and 20) 
            else (select avg(ss_net_profit)
                  from store_sales
                  where ss_quantity between 1 and 20) end bucket1 ,
       case when (select count(*)
                  from store_sales
                  where ss_quantity between 21 and 40) > 13528
            then (select avg(ss_ext_sales_price)
                  from store_sales
                  where ss_quantity between 21 and 40) 
            else (select avg(ss_net_profit)
                  from store_sales
                  where ss_quantity between 21 and 40) end bucket2,
       case when (select count(*)
                  from store_sales
                  where ss_quantity between 41 and 60) > 11776
            then (select avg(ss_ext_sales_price)
                  from store_sales
                  where ss_quantity between 41 and 60)
            else (select avg(ss_net_profit)
                  from store_sales
                  where ss_quantity between 41 and 60) end bucket3,
       case when (select count(*)
                  from store_sales
                  where ss_quantity between 61 and 80) > 35189
            then (select avg(ss_ext_sales_price)
                  from store_sales
                  where ss_quantity between 61 and 80)
            else (select avg(ss_net_profit)
                  from store_sales
                  where ss_quantity between 61 and 80) end bucket4,
       case when (select count(*)
                  from store_sales
                  where ss_quantity between 81 and 100) > 40307
            then (select avg(ss_ext_sales_price)
                  from store_sales
                  where ss_quantity between 81 and 100)
            else (select avg(ss_net_profit)
                  from store_sales
                  where ss_quantity between 81 and 100) end bucket5
from reason
where r_reason_sk = 1
;
psql:/tmp/s1-basline/throughput/query_7.sql:1979: NOTICE:  duration: 2247.832 ms  plan:
Query Text: select case when (select count(*) 
                  from store_sales 
                  where ss_quantity between 1 and 20) > 20107
            then (select avg(ss_ext_sales_price) 
                  from store_sales 
                  where ss_quantity between 1 and 20) 
            else (select avg(ss_net_profit)
                  from store_sales
                  where ss_quantity between 1 and 20) end bucket1 ,
       case when (select count(*)
                  from store_sales
                  where ss_quantity between 21 and 40) > 13528
            then (select avg(ss_ext_sales_price)
                  from store_sales
                  where ss_quantity between 21 and 40) 
            else (select avg(ss_net_profit)
                  from store_sales
                  where ss_quantity between 21 and 40) end bucket2,
       case when (select count(*)
                  from store_sales
                  where ss_quantity between 41 and 60) > 11776
            then (select avg(ss_ext_sales_price)
                  from store_sales
                  where ss_quantity between 41 and 60)
            else (select avg(ss_net_profit)
                  from store_sales
                  where ss_quantity between 41 and 60) end bucket3,
       case when (select count(*)
                  from store_sales
                  where ss_quantity between 61 and 80) > 35189
            then (select avg(ss_ext_sales_price)
                  from store_sales
                  where ss_quantity between 61 and 80)
            else (select avg(ss_net_profit)
                  from store_sales
                  where ss_quantity between 61 and 80) end bucket4,
       case when (select count(*)
                  from store_sales
                  where ss_quantity between 81 and 100) > 40307
            then (select avg(ss_ext_sales_price)
                  from store_sales
                  where ss_quantity between 81 and 100)
            else (select avg(ss_net_profit)
                  from store_sales
                  where ss_quantity between 81 and 100) end bucket5
from reason
where r_reason_sk = 1
;
Seq Scan on reason  (cost=1396441.12..1396442.57 rows=1 width=40) (actual time=2176.765..2247.822 rows=1 loops=1)
  Filter: (r_reason_sk = 1)
  Rows Removed by Filter: 34
  InitPlan 1 (returns $1)
    ->  Finalize Aggregate  (cost=93101.92..93101.93 rows=1 width=8) (actual time=210.021..210.145 rows=1 loops=1)
          ->  Gather  (cost=93101.71..93101.92 rows=2 width=8) (actual time=209.920..210.139 rows=3 loops=1)
                Workers Planned: 2
                Workers Launched: 2
                ->  Partial Aggregate  (cost=92101.71..92101.72 rows=1 width=8) (actual time=205.835..205.836 rows=1 loops=3)
                      ->  Parallel Seq Scan on store_sales  (cost=0.00..91521.67 rows=232016 width=0) (actual time=0.019..198.242 rows=181071 loops=3)
                            Filter: ((ss_quantity >= 1) AND (ss_quantity <= 20))
                            Rows Removed by Filter: 767079
  InitPlan 2 (returns $3)
    ->  Finalize Aggregate  (cost=93101.93..93101.94 rows=1 width=8) (actual time=226.451..226.516 rows=1 loops=1)
          ->  Gather  (cost=93101.71..93101.92 rows=2 width=32) (actual time=226.350..226.509 rows=3 loops=1)
                Workers Planned: 2
                Workers Launched: 2
                ->  Partial Aggregate  (cost=92101.71..92101.72 rows=1 width=32) (actual time=222.186..222.187 rows=1 loops=3)
                      ->  Parallel Seq Scan on store_sales store_sales_1  (cost=0.00..91521.67 rows=232016 width=8) (actual time=0.021..205.672 rows=181071 loops=3)
                            Filter: ((ss_quantity >= 1) AND (ss_quantity <= 20))
                            Rows Removed by Filter: 767079
  InitPlan 3 (returns $5)
    ->  Finalize Aggregate  (cost=93101.93..93101.94 rows=1 width=8) (never executed)
          ->  Gather  (cost=93101.71..93101.92 rows=2 width=32) (never executed)
                Workers Planned: 2
                Workers Launched: 0
                ->  Partial Aggregate  (cost=92101.71..92101.72 rows=1 width=32) (never executed)
                      ->  Parallel Seq Scan on store_sales store_sales_2  (cost=0.00..91521.67 rows=232016 width=8) (never executed)
                            Filter: ((ss_quantity >= 1) AND (ss_quantity <= 20))
  InitPlan 4 (returns $7)
    ->  Finalize Aggregate  (cost=93108.65..93108.66 rows=1 width=8) (actual time=210.724..210.780 rows=1 loops=1)
          ->  Gather  (cost=93108.43..93108.64 rows=2 width=8) (actual time=210.617..210.774 rows=3 loops=1)
                Workers Planned: 2
                Workers Launched: 2
                ->  Partial Aggregate  (cost=92108.43..92108.44 rows=1 width=8) (actual time=206.227..206.228 rows=1 loops=3)
                      ->  Parallel Seq Scan on store_sales store_sales_3  (cost=0.00..91521.67 rows=234706 width=0) (actual time=0.019..198.634 rows=181248 loops=3)
                            Filter: ((ss_quantity >= 21) AND (ss_quantity <= 40))
                            Rows Removed by Filter: 766902
  InitPlan 5 (returns $9)
    ->  Finalize Aggregate  (cost=93108.65..93108.66 rows=1 width=8) (actual time=226.919..226.977 rows=1 loops=1)
          ->  Gather  (cost=93108.43..93108.64 rows=2 width=32) (actual time=226.818..226.970 rows=3 loops=1)
                Workers Planned: 2
                Workers Launched: 2
                ->  Partial Aggregate  (cost=92108.43..92108.44 rows=1 width=32) (actual time=222.369..222.370 rows=1 loops=3)
                      ->  Parallel Seq Scan on store_sales store_sales_4  (cost=0.00..91521.67 rows=234706 width=8) (actual time=0.019..205.976 rows=181248 loops=3)
                            Filter: ((ss_quantity >= 21) AND (ss_quantity <= 40))
                            Rows Removed by Filter: 766902
  InitPlan 6 (returns $11)
    ->  Finalize Aggregate  (cost=93108.65..93108.66 rows=1 width=8) (never executed)
          ->  Gather  (cost=93108.43..93108.64 rows=2 width=32) (never executed)
                Workers Planned: 2
                Workers Launched: 0
                ->  Partial Aggregate  (cost=92108.43..92108.44 rows=1 width=32) (never executed)
                      ->  Parallel Seq Scan on store_sales store_sales_5  (cost=0.00..91521.67 rows=234706 width=8) (never executed)
                            Filter: ((ss_quantity >= 21) AND (ss_quantity <= 40))
  InitPlan 7 (returns $13)
    ->  Finalize Aggregate  (cost=93095.70..93095.71 rows=1 width=8) (actual time=212.717..212.782 rows=1 loops=1)
          ->  Gather  (cost=93095.49..93095.70 rows=2 width=8) (actual time=212.622..212.776 rows=3 loops=1)
                Workers Planned: 2
                Workers Launched: 2
                ->  Partial Aggregate  (cost=92095.49..92095.50 rows=1 width=8) (actual time=208.554..208.555 rows=1 loops=3)
                      ->  Parallel Seq Scan on store_sales store_sales_6  (cost=0.00..91521.67 rows=229527 width=0) (actual time=0.020..200.932 rows=181324 loops=3)
                            Filter: ((ss_quantity >= 41) AND (ss_quantity <= 60))
                            Rows Removed by Filter: 766826
  InitPlan 8 (returns $15)
    ->  Finalize Aggregate  (cost=93095.70..93095.71 rows=1 width=8) (actual time=227.701..227.761 rows=1 loops=1)
          ->  Gather  (cost=93095.49..93095.70 rows=2 width=32) (actual time=227.604..227.754 rows=3 loops=1)
                Workers Planned: 2
                Workers Launched: 2
                ->  Partial Aggregate  (cost=92095.49..92095.50 rows=1 width=32) (actual time=223.360..223.360 rows=1 loops=3)
                      ->  Parallel Seq Scan on store_sales store_sales_7  (cost=0.00..91521.67 rows=229527 width=8) (actual time=0.019..206.986 rows=181324 loops=3)
                            Filter: ((ss_quantity >= 41) AND (ss_quantity <= 60))
                            Rows Removed by Filter: 766826
  InitPlan 9 (returns $17)
    ->  Finalize Aggregate  (cost=93095.70..93095.71 rows=1 width=8) (never executed)
          ->  Gather  (cost=93095.49..93095.70 rows=2 width=32) (never executed)
                Workers Planned: 2
                Workers Launched: 0
                ->  Partial Aggregate  (cost=92095.49..92095.50 rows=1 width=32) (never executed)
                      ->  Parallel Seq Scan on store_sales store_sales_8  (cost=0.00..91521.67 rows=229527 width=8) (never executed)
                            Filter: ((ss_quantity >= 41) AND (ss_quantity <= 60))
  InitPlan 10 (returns $19)
    ->  Finalize Aggregate  (cost=93076.63..93076.64 rows=1 width=8) (actual time=210.450..210.518 rows=1 loops=1)
          ->  Gather  (cost=93076.42..93076.63 rows=2 width=8) (actual time=210.352..210.512 rows=3 loops=1)
                Workers Planned: 2
                Workers Launched: 2
                ->  Partial Aggregate  (cost=92076.42..92076.43 rows=1 width=8) (actual time=206.304..206.305 rows=1 loops=3)
                      ->  Parallel Seq Scan on store_sales store_sales_9  (cost=0.00..91521.67 rows=221899 width=0) (actual time=0.019..198.671 rows=180825 loops=3)
                            Filter: ((ss_quantity >= 61) AND (ss_quantity <= 80))
                            Rows Removed by Filter: 767325
  InitPlan 11 (returns $21)
    ->  Finalize Aggregate  (cost=93076.63..93076.64 rows=1 width=8) (actual time=226.347..226.409 rows=1 loops=1)
          ->  Gather  (cost=93076.42..93076.63 rows=2 width=32) (actual time=226.255..226.402 rows=3 loops=1)
                Workers Planned: 2
                Workers Launched: 2
                ->  Partial Aggregate  (cost=92076.42..92076.43 rows=1 width=32) (actual time=221.987..221.988 rows=1 loops=3)
                      ->  Parallel Seq Scan on store_sales store_sales_10  (cost=0.00..91521.67 rows=221899 width=8) (actual time=0.019..205.643 rows=180825 loops=3)
                            Filter: ((ss_quantity >= 61) AND (ss_quantity <= 80))
                            Rows Removed by Filter: 767325
  InitPlan 12 (returns $23)
    ->  Finalize Aggregate  (cost=93076.63..93076.64 rows=1 width=8) (never executed)
          ->  Gather  (cost=93076.42..93076.63 rows=2 width=32) (never executed)
                Workers Planned: 2
                Workers Launched: 0
                ->  Partial Aggregate  (cost=92076.42..92076.43 rows=1 width=32) (never executed)
                      ->  Parallel Seq Scan on store_sales store_sales_11  (cost=0.00..91521.67 rows=221899 width=8) (never executed)
                            Filter: ((ss_quantity >= 61) AND (ss_quantity <= 80))
  InitPlan 13 (returns $25)
    ->  Finalize Aggregate  (cost=93097.41..93097.42 rows=1 width=8) (actual time=204.924..204.986 rows=1 loops=1)
          ->  Gather  (cost=93097.19..93097.40 rows=2 width=8) (actual time=204.828..204.980 rows=3 loops=1)
                Workers Planned: 2
                Workers Launched: 2
                ->  Partial Aggregate  (cost=92097.19..92097.20 rows=1 width=8) (actual time=200.464..200.465 rows=1 loops=3)
                      ->  Parallel Seq Scan on store_sales store_sales_12  (cost=0.00..91521.67 rows=230210 width=0) (actual time=0.019..192.861 rows=180785 loops=3)
                            Filter: ((ss_quantity >= 81) AND (ss_quantity <= 100))
                            Rows Removed by Filter: 767365
  InitPlan 14 (returns $27)
    ->  Finalize Aggregate  (cost=93097.41..93097.42 rows=1 width=8) (actual time=220.484..290.910 rows=1 loops=1)
          ->  Gather  (cost=93097.19..93097.40 rows=2 width=32) (actual time=220.386..290.904 rows=3 loops=1)
                Workers Planned: 2
                Workers Launched: 2
                ->  Partial Aggregate  (cost=92097.19..92097.20 rows=1 width=32) (actual time=216.318..216.319 rows=1 loops=3)
                      ->  Parallel Seq Scan on store_sales store_sales_13  (cost=0.00..91521.67 rows=230210 width=8) (actual time=0.019..200.013 rows=180785 loops=3)
                            Filter: ((ss_quantity >= 81) AND (ss_quantity <= 100))
                            Rows Removed by Filter: 767365
  InitPlan 15 (returns $29)
    ->  Finalize Aggregate  (cost=93097.41..93097.42 rows=1 width=8) (never executed)
          ->  Gather  (cost=93097.19..93097.40 rows=2 width=32) (never executed)
                Workers Planned: 2
                Workers Launched: 0
                ->  Partial Aggregate  (cost=92097.19..92097.20 rows=1 width=32) (never executed)
                      ->  Parallel Seq Scan on store_sales store_sales_14  (cost=0.00..91521.67 rows=230210 width=8) (never executed)
                            Filter: ((ss_quantity >= 81) AND (ss_quantity <= 100))
      bucket1       |      bucket2       |      bucket3       |      bucket4       |      bucket5       
--------------------+--------------------+--------------------+--------------------+--------------------
 397.54362683047134 | 1156.2706076957909 | 1913.6105113934968 | 2674.4220317114796 | 3431.8635958925115
(1 row)

UPDATE time_statistics SET e_time = TRANSACTION_TIMESTAMP() WHERE template = 'query9.tpl' AND stream = 7;
psql:/tmp/s1-basline/throughput/query_7.sql:1981: NOTICE:  duration: 0.089 ms  plan:
Query Text: UPDATE time_statistics SET e_time = TRANSACTION_TIMESTAMP() WHERE template = 'query9.tpl' AND stream = 7;
Update on time_statistics  (cost=0.00..16.72 rows=0 width=0) (actual time=0.088..0.088 rows=0 loops=1)
  ->  Seq Scan on time_statistics  (cost=0.00..16.72 rows=1 width=14) (actual time=0.067..0.074 rows=1 loops=1)
        Filter: ((template = 'query9.tpl'::text) AND (stream = 7))
        Rows Removed by Filter: 617
UPDATE 1
LOAD 'auto_explain'; SET auto_explain.log_min_duration TO 0; SET auto_explain.log_analyze TO on; SET auto_explain.log_level TO notice; INSERT INTO time_statistics (template, s_time, stream, query, seed) VALUES ('query85.tpl', TRANSACTION_TIMESTAMP(), 7, 42, 654310008);
LOAD
SET
SET
SET
psql:/tmp/s1-basline/throughput/query_7.sql:1982: NOTICE:  duration: 0.008 ms  plan:
Query Text: INSERT INTO time_statistics (template, s_time, stream, query, seed) VALUES ('query85.tpl', TRANSACTION_TIMESTAMP(), 7, 42, 654310008);
Insert on time_statistics  (cost=0.00..0.01 rows=0 width=0) (actual time=0.008..0.008 rows=0 loops=1)
  ->  Result  (cost=0.00..0.01 rows=1 width=64) (actual time=0.001..0.001 rows=1 loops=1)
INSERT 0 1
select  substr(r_reason_desc,1,20)
       ,avg(ws_quantity)
       ,avg(wr_refunded_cash)
       ,avg(wr_fee)
 from web_sales, web_returns, web_page, customer_demographics cd1,
      customer_demographics cd2, customer_address, date_dim, reason 
 where ws_web_page_sk = wp_web_page_sk
   and ws_item_sk = wr_item_sk
   and ws_order_number = wr_order_number
   and ws_sold_date_sk = d_date_sk and d_year = 2002
   and cd1.cd_demo_sk = wr_refunded_cdemo_sk 
   and cd2.cd_demo_sk = wr_returning_cdemo_sk
   and ca_address_sk = wr_refunded_addr_sk
   and r_reason_sk = wr_reason_sk
   and
   (
    (
     cd1.cd_marital_status = 'U'
     and
     cd1.cd_marital_status = cd2.cd_marital_status
     and
     cd1.cd_education_status = '2 yr Degree'
     and 
     cd1.cd_education_status = cd2.cd_education_status
     and
     ws_sales_price between 100.00 and 150.00
    )
   or
    (
     cd1.cd_marital_status = 'D'
     and
     cd1.cd_marital_status = cd2.cd_marital_status
     and
     cd1.cd_education_status = 'Unknown' 
     and
     cd1.cd_education_status = cd2.cd_education_status
     and
     ws_sales_price between 50.00 and 100.00
    )
   or
    (
     cd1.cd_marital_status = 'W'
     and
     cd1.cd_marital_status = cd2.cd_marital_status
     and
     cd1.cd_education_status = 'College'
     and
     cd1.cd_education_status = cd2.cd_education_status
     and
     ws_sales_price between 150.00 and 200.00
    )
   )
   and
   (
    (
     ca_country = 'United States'
     and
     ca_state in ('OH', 'TX', 'AL')
     and ws_net_profit between 100 and 200  
    )
    or
    (
     ca_country = 'United States'
     and
     ca_state in ('IN', 'VA', 'KY')
     and ws_net_profit between 150 and 300  
    )
    or
    (
     ca_country = 'United States'
     and
     ca_state in ('KS', 'ME', 'MT')
     and ws_net_profit between 50 and 250  
    )
   )
group by r_reason_desc
order by substr(r_reason_desc,1,20)
        ,avg(ws_quantity)
        ,avg(wr_refunded_cash)
        ,avg(wr_fee)
limit 100;
psql:/tmp/s1-basline/throughput/query_7.sql:2063: NOTICE:  duration: 123.275 ms  plan:
Query Text: select  substr(r_reason_desc,1,20)
       ,avg(ws_quantity)
       ,avg(wr_refunded_cash)
       ,avg(wr_fee)
 from web_sales, web_returns, web_page, customer_demographics cd1,
      customer_demographics cd2, customer_address, date_dim, reason 
 where ws_web_page_sk = wp_web_page_sk
   and ws_item_sk = wr_item_sk
   and ws_order_number = wr_order_number
   and ws_sold_date_sk = d_date_sk and d_year = 2002
   and cd1.cd_demo_sk = wr_refunded_cdemo_sk 
   and cd2.cd_demo_sk = wr_returning_cdemo_sk
   and ca_address_sk = wr_refunded_addr_sk
   and r_reason_sk = wr_reason_sk
   and
   (
    (
     cd1.cd_marital_status = 'U'
     and
     cd1.cd_marital_status = cd2.cd_marital_status
     and
     cd1.cd_education_status = '2 yr Degree'
     and 
     cd1.cd_education_status = cd2.cd_education_status
     and
     ws_sales_price between 100.00 and 150.00
    )
   or
    (
     cd1.cd_marital_status = 'D'
     and
     cd1.cd_marital_status = cd2.cd_marital_status
     and
     cd1.cd_education_status = 'Unknown' 
     and
     cd1.cd_education_status = cd2.cd_education_status
     and
     ws_sales_price between 50.00 and 100.00
    )
   or
    (
     cd1.cd_marital_status = 'W'
     and
     cd1.cd_marital_status = cd2.cd_marital_status
     and
     cd1.cd_education_status = 'College'
     and
     cd1.cd_education_status = cd2.cd_education_status
     and
     ws_sales_price between 150.00 and 200.00
    )
   )
   and
   (
    (
     ca_country = 'United States'
     and
     ca_state in ('OH', 'TX', 'AL')
     and ws_net_profit between 100 and 200  
    )
    or
    (
     ca_country = 'United States'
     and
     ca_state in ('IN', 'VA', 'KY')
     and ws_net_profit between 150 and 300  
    )
    or
    (
     ca_country = 'United States'
     and
     ca_state in ('KS', 'ME', 'MT')
     and ws_net_profit between 50 and 250  
    )
   )
group by r_reason_desc
order by substr(r_reason_desc,1,20)
        ,avg(ws_quantity)
        ,avg(wr_refunded_cash)
        ,avg(wr_fee)
limit 100;
Limit  (cost=21255.45..21255.45 rows=1 width=181) (actual time=123.258..123.263 rows=3 loops=1)
  ->  Sort  (cost=21255.45..21255.45 rows=1 width=181) (actual time=123.257..123.262 rows=3 loops=1)
        Sort Key: (substr((reason.r_reason_desc)::text, 1, 20)), (avg(web_sales.ws_quantity)), (avg(web_returns.wr_refunded_cash)), (avg(web_returns.wr_fee))
        Sort Method: quicksort  Memory: 25kB
        ->  GroupAggregate  (cost=21255.40..21255.44 rows=1 width=181) (actual time=123.243..123.252 rows=3 loops=1)
              Group Key: reason.r_reason_desc
              ->  Sort  (cost=21255.40..21255.40 rows=1 width=121) (actual time=123.228..123.232 rows=3 loops=1)
                    Sort Key: reason.r_reason_desc
                    Sort Method: quicksort  Memory: 25kB
                    ->  Nested Loop  (cost=2500.03..21255.39 rows=1 width=121) (actual time=32.569..123.217 rows=3 loops=1)
                          ->  Nested Loop  (cost=2499.74..21255.03 rows=1 width=129) (actual time=27.377..123.177 rows=7 loops=1)
                                Join Filter: (web_sales.ws_web_page_sk = web_page.wp_web_page_sk)
                                Rows Removed by Join Filter: 249
                                ->  Nested Loop  (cost=2499.74..21251.68 rows=1 width=137) (actual time=27.364..123.114 rows=7 loops=1)
                                      Join Filter: ((((customer_address.ca_state = ANY ('{OH,TX,AL}'::bpchar[])) AND (web_sales.ws_net_profit >= '100'::double precision) AND (web_sales.ws_net_profit <= '200'::double precision)) OR ((customer_address.ca_state = ANY ('{IN,VA,KY}'::bpchar[])) AND (web_sales.ws_net_profit >= '150'::double precision) AND (web_sales.ws_net_profit <= '300'::double precision)) OR ((customer_address.ca_state = ANY ('{KS,ME,MT}'::bpchar[])) AND (web_sales.ws_net_profit >= '50'::double precision) AND (web_sales.ws_net_profit <= '250'::double precision))) AND (((cd1.cd_marital_status = 'U'::bpchar) AND (cd1.cd_education_status = '2 yr Degree'::bpchar) AND (web_sales.ws_sales_price >= '100'::double precision) AND (web_sales.ws_sales_price <= '150'::double precision)) OR ((cd1.cd_marital_status = 'D'::bpchar) AND (cd1.cd_education_status = 'Unknown'::bpchar) AND (web_sales.ws_sales_price >= '50'::double precision) AND (web_sales.ws_sales_price <= '100'::double precision)) OR ((cd1.cd_marital_status = 'W'::bpchar) AND (cd1.cd_education_status = 'College'::bpchar) AND (web_sales.ws_sales_price >= '150'::double precision) AND (web_sales.ws_sales_price <= '200'::double precision))))
                                      Rows Removed by Join Filter: 44
                                      ->  Nested Loop  (cost=2499.32..21214.64 rows=37 width=159) (actual time=23.580..116.405 rows=1609 loops=1)
                                            Join Filter: ((cd1.cd_marital_status = cd2.cd_marital_status) AND (cd1.cd_education_status = cd2.cd_education_status))
                                            ->  Nested Loop  (cost=2498.89..20032.78 rows=1366 width=167) (actual time=23.576..113.640 rows=1624 loops=1)
                                                  ->  Hash Join  (cost=2498.46..5362.45 rows=16956 width=152) (actual time=23.453..50.466 rows=18852 loops=1)
                                                        Hash Cond: (web_returns.wr_reason_sk = reason.r_reason_sk)
                                                        ->  Hash Join  (cost=2496.68..5308.67 rows=17756 width=59) (actual time=23.436..47.262 rows=19340 loops=1)
                                                              Hash Cond: (web_returns.wr_refunded_addr_sk = customer_address.ca_address_sk)
                                                              ->  Seq Scan on web_returns  (cost=0.00..2622.57 rows=72157 width=64) (actual time=0.002..6.522 rows=71406 loops=1)
                                                              ->  Hash  (cost=2335.50..2335.50 rows=12894 width=11) (actual time=23.421..23.422 rows=14332 loops=1)
                                                                    Buckets: 16384  Batches: 1  Memory Usage: 730kB
                                                                    ->  Seq Scan on customer_address  (cost=0.00..2335.50 rows=12894 width=11) (actual time=0.005..21.623 rows=14332 loops=1)
                                                                          Filter: (((ca_country)::text = 'United States'::text) AND ((ca_state = ANY ('{OH,TX,AL}'::bpchar[])) OR (ca_state = ANY ('{IN,VA,KY}'::bpchar[])) OR (ca_state = ANY ('{KS,ME,MT}'::bpchar[]))))
                                                                          Rows Removed by Filter: 35668
                                                        ->  Hash  (cost=1.35..1.35 rows=35 width=109) (actual time=0.014..0.014 rows=35 loops=1)
                                                              Buckets: 1024  Batches: 1  Memory Usage: 13kB
                                                              ->  Seq Scan on reason  (cost=0.00..1.35 rows=35 width=109) (actual time=0.004..0.007 rows=35 loops=1)
                                                  ->  Index Scan using pk_customer_demographics on customer_demographics cd1  (cost=0.43..0.87 rows=1 width=31) (actual time=0.003..0.003 rows=0 loops=18852)
                                                        Index Cond: (cd_demo_sk = web_returns.wr_refunded_cdemo_sk)
                                                        Filter: (((cd_marital_status = 'U'::bpchar) AND (cd_education_status = '2 yr Degree'::bpchar)) OR ((cd_marital_status = 'D'::bpchar) AND (cd_education_status = 'Unknown'::bpchar)) OR ((cd_marital_status = 'W'::bpchar) AND (cd_education_status = 'College'::bpchar)))
                                                        Rows Removed by Filter: 1
                                            ->  Index Scan using pk_customer_demographics on customer_demographics cd2  (cost=0.43..0.85 rows=1 width=31) (actual time=0.001..0.001 rows=1 loops=1624)
                                                  Index Cond: (cd_demo_sk = web_returns.wr_returning_cdemo_sk)
                                      ->  Index Scan using pk_web_sales on web_sales  (cost=0.42..0.93 rows=1 width=52) (actual time=0.004..0.004 rows=0 loops=1609)
                                            Index Cond: ((ws_item_sk = web_returns.wr_item_sk) AND (ws_order_number = web_returns.wr_order_number))
                                            Filter: ((((ws_sales_price >= '100'::double precision) AND (ws_sales_price <= '150'::double precision)) OR ((ws_sales_price >= '50'::double precision) AND (ws_sales_price <= '100'::double precision)) OR ((ws_sales_price >= '150'::double precision) AND (ws_sales_price <= '200'::double precision))) AND (((ws_net_profit >= '100'::double precision) AND (ws_net_profit <= '200'::double precision)) OR ((ws_net_profit >= '150'::double precision) AND (ws_net_profit <= '300'::double precision)) OR ((ws_net_profit >= '50'::double precision) AND (ws_net_profit <= '250'::double precision))))
                                            Rows Removed by Filter: 1
                                ->  Seq Scan on web_page  (cost=0.00..2.60 rows=60 width=8) (actual time=0.002..0.004 rows=37 loops=7)
                          ->  Index Scan using pk_date_dim on date_dim  (cost=0.29..0.36 rows=1 width=8) (actual time=0.005..0.005 rows=0 loops=7)
                                Index Cond: (d_date_sk = web_sales.ws_sold_date_sk)
                                Filter: (d_year = 2002)
                                Rows Removed by Filter: 1
   substr    |         avg         |   avg   |  avg  
-------------+---------------------+---------+-------
 Did not fit | 35.0000000000000000 |   64.54 | 68.61
 reason 25   | 99.0000000000000000 | 2939.42 | 75.63
 reason 26   | 47.0000000000000000 | 1433.61 | 10.78
(3 rows)

UPDATE time_statistics SET e_time = TRANSACTION_TIMESTAMP() WHERE template = 'query85.tpl' AND stream = 7;
psql:/tmp/s1-basline/throughput/query_7.sql:2065: NOTICE:  duration: 0.092 ms  plan:
Query Text: UPDATE time_statistics SET e_time = TRANSACTION_TIMESTAMP() WHERE template = 'query85.tpl' AND stream = 7;
Update on time_statistics  (cost=0.00..16.72 rows=0 width=0) (actual time=0.091..0.092 rows=0 loops=1)
  ->  Seq Scan on time_statistics  (cost=0.00..16.72 rows=1 width=14) (actual time=0.069..0.076 rows=1 loops=1)
        Filter: ((template = 'query85.tpl'::text) AND (stream = 7))
        Rows Removed by Filter: 618
UPDATE 1
LOAD 'auto_explain'; SET auto_explain.log_min_duration TO 0; SET auto_explain.log_analyze TO on; SET auto_explain.log_level TO notice; INSERT INTO time_statistics (template, s_time, stream, query, seed) VALUES ('../query_postgresql/query40.tpl', TRANSACTION_TIMESTAMP(), 7, 43, 455819315);
LOAD
SET
SET
SET
psql:/tmp/s1-basline/throughput/query_7.sql:2066: NOTICE:  duration: 0.008 ms  plan:
Query Text: INSERT INTO time_statistics (template, s_time, stream, query, seed) VALUES ('../query_postgresql/query40.tpl', TRANSACTION_TIMESTAMP(), 7, 43, 455819315);
Insert on time_statistics  (cost=0.00..0.01 rows=0 width=0) (actual time=0.008..0.008 rows=0 loops=1)
  ->  Result  (cost=0.00..0.01 rows=1 width=64) (actual time=0.001..0.001 rows=1 loops=1)
INSERT 0 1
select  
   w_state
  ,i_item_id
  ,sum(case when (cast(d_date as date) < cast ('1999-03-20' as date)) 
 		then cs_sales_price - coalesce(cr_refunded_cash,0) else 0 end) as sales_before
  ,sum(case when (cast(d_date as date) >= cast ('1999-03-20' as date)) 
 		then cs_sales_price - coalesce(cr_refunded_cash,0) else 0 end) as sales_after
 from
   catalog_sales left outer join catalog_returns on
       (cs_order_number = cr_order_number 
        and cs_item_sk = cr_item_sk)
  ,warehouse 
  ,item
  ,date_dim
 where
     i_current_price between 0.99 and 1.49
 and i_item_sk          = cs_item_sk
 and cs_warehouse_sk    = w_warehouse_sk 
 and cs_sold_date_sk    = d_date_sk
 and d_date between (cast ('1999-03-20' as date) - interval '30 days')
                and (cast ('1999-03-20' as date) + interval '30 days') 
 group by
    w_state,i_item_id
 order by w_state,i_item_id
limit 100;
psql:/tmp/s1-basline/throughput/query_7.sql:2091: NOTICE:  duration: 58.958 ms  plan:
Query Text: select  
   w_state
  ,i_item_id
  ,sum(case when (cast(d_date as date) < cast ('1999-03-20' as date)) 
 		then cs_sales_price - coalesce(cr_refunded_cash,0) else 0 end) as sales_before
  ,sum(case when (cast(d_date as date) >= cast ('1999-03-20' as date)) 
 		then cs_sales_price - coalesce(cr_refunded_cash,0) else 0 end) as sales_after
 from
   catalog_sales left outer join catalog_returns on
       (cs_order_number = cr_order_number 
        and cs_item_sk = cr_item_sk)
  ,warehouse 
  ,item
  ,date_dim
 where
     i_current_price between 0.99 and 1.49
 and i_item_sk          = cs_item_sk
 and cs_warehouse_sk    = w_warehouse_sk 
 and cs_sold_date_sk    = d_date_sk
 and d_date between (cast ('1999-03-20' as date) - interval '30 days')
                and (cast ('1999-03-20' as date) + interval '30 days') 
 group by
    w_state,i_item_id
 order by w_state,i_item_id
limit 100;
Limit  (cost=3807.67..3810.08 rows=74 width=36) (actual time=58.791..58.914 rows=100 loops=1)
  ->  GroupAggregate  (cost=3807.67..3810.08 rows=74 width=36) (actual time=58.791..58.907 rows=100 loops=1)
        Group Key: warehouse.w_state, item.i_item_id
        ->  Sort  (cost=3807.67..3807.86 rows=74 width=40) (actual time=58.782..58.796 rows=332 loops=1)
              Sort Key: warehouse.w_state, item.i_item_id
              Sort Method: quicksort  Memory: 168kB
              ->  Nested Loop  (cost=1.43..3805.37 rows=74 width=40) (actual time=0.051..54.671 rows=1687 loops=1)
                    Join Filter: (catalog_sales.cs_warehouse_sk = warehouse.w_warehouse_sk)
                    Rows Removed by Join Filter: 3379
                    ->  Nested Loop Left Join  (cost=1.43..3799.51 rows=74 width=45) (actual time=0.044..53.928 rows=1689 loops=1)
                          ->  Nested Loop  (cost=1.01..3766.67 rows=74 width=53) (actual time=0.038..50.592 rows=1689 loops=1)
                                ->  Nested Loop  (cost=0.72..3393.79 rows=1199 width=36) (actual time=0.019..11.150 rows=27426 loops=1)
                                      ->  Index Scan using i_d_date on date_dim  (cost=0.29..4.71 rows=61 width=12) (actual time=0.010..0.030 rows=61 loops=1)
                                            Index Cond: ((d_date >= '1999-02-18 00:00:00'::timestamp without time zone) AND (d_date <= '1999-04-19 00:00:00'::timestamp without time zone))
                                      ->  Index Scan using i_cs_sold_date_sk on catalog_sales  (cost=0.43..47.71 rows=785 width=40) (actual time=0.004..0.111 rows=450 loops=61)
                                            Index Cond: (cs_sold_date_sk = date_dim.d_date_sk)
                                ->  Index Scan using pk_item on item  (cost=0.29..0.31 rows=1 width=25) (actual time=0.001..0.001 rows=0 loops=27426)
                                      Index Cond: (i_item_sk = catalog_sales.cs_item_sk)
                                      Filter: ((i_current_price >= '0.99'::double precision) AND (i_current_price <= '1.49'::double precision))
                                      Rows Removed by Filter: 1
                          ->  Index Scan using pk_catalog_returns on catalog_returns  (cost=0.42..0.44 rows=1 width=24) (actual time=0.002..0.002 rows=0 loops=1689)
                                Index Cond: ((cr_item_sk = catalog_sales.cs_item_sk) AND (cr_order_number = catalog_sales.cs_order_number))
                    ->  Materialize  (cost=0.00..1.07 rows=5 width=11) (actual time=0.000..0.000 rows=3 loops=1689)
                          ->  Seq Scan on warehouse  (cost=0.00..1.05 rows=5 width=11) (actual time=0.003..0.004 rows=5 loops=1)
 w_state |    i_item_id     |    sales_before     |     sales_after     
---------+------------------+---------------------+---------------------
 TN      | AAAAAAAAAACDAAAA |              135.81 |                   0
 TN      | AAAAAAAAAAMBAAAA |              123.26 |                   0
 TN      | AAAAAAAAABCEAAAA |               55.98 |                1.63
 TN      | AAAAAAAAABGDAAAA |               10.91 |               66.53
 TN      | AAAAAAAAABHAAAAA |                   0 |                51.7
 TN      | AAAAAAAAACHCAAAA |              226.28 |   44.19999999999999
 TN      | AAAAAAAAACMDAAAA |              115.39 |                   0
 TN      | AAAAAAAAAEGEAAAA |              178.26 |               24.07
 TN      | AAAAAAAAAFBEAAAA |             -426.93 |                4.49
 TN      | AAAAAAAAAFOBAAAA |               20.04 |               79.75
 TN      | AAAAAAAAAGDBAAAA |               52.89 |              122.16
 TN      | AAAAAAAAAGHAAAAA |               114.1 |               23.35
 TN      | AAAAAAAAAHBAAAAA |              108.91 |               76.76
 TN      | AAAAAAAAAHGAAAAA |   73.53999999999999 |                   0
 TN      | AAAAAAAAAHJAAAAA |              112.31 |              130.05
 TN      | AAAAAAAAAHPAAAAA |               17.72 |                   0
 TN      | AAAAAAAAAIBEAAAA |               23.57 |              275.23
 TN      | AAAAAAAAAICDAAAA |              100.06 |                   0
 TN      | AAAAAAAAAIDAAAAA |              202.16 |                   0
 TN      | AAAAAAAAAIGAAAAA |                27.3 |               52.61
 TN      | AAAAAAAAAJCAAAAA |              251.61 |               43.47
 TN      | AAAAAAAAAJDEAAAA |              150.75 |  41.620000000000005
 TN      | AAAAAAAAAJIDAAAA |               16.84 |              259.36
 TN      | AAAAAAAAAJKDAAAA |               92.67 |              244.69
 TN      | AAAAAAAAAJLCAAAA |                3.42 |                   0
 TN      | AAAAAAAAAKHCAAAA |               92.74 |  31.200000000000003
 TN      | AAAAAAAAAKLCAAAA |  0.5899999999999999 |               16.64
 TN      | AAAAAAAAALBBAAAA |                   0 |   91.67999999999999
 TN      | AAAAAAAAALIAAAAA |               76.92 | -159.47000000000003
 TN      | AAAAAAAAALLDAAAA |                98.2 |              130.22
 TN      | AAAAAAAAAMBEAAAA |               48.54 |   97.67999999999999
 TN      | AAAAAAAAAMDEAAAA |                6.94 |               61.84
 TN      | AAAAAAAAAMEEAAAA |              -633.5 |                7.27
 TN      | AAAAAAAAANKAAAAA |               15.61 |               83.05
 TN      | AAAAAAAAAOBBAAAA |                   0 |               90.94
 TN      | AAAAAAAAAOGDAAAA |               162.3 |                   0
 TN      | AAAAAAAAAOJCAAAA |                   0 |  -4457.400000000001
 TN      | AAAAAAAAAOKCAAAA | -227.88999999999996 |                   0
 TN      | AAAAAAAAAOOAAAAA |  187.33999999999997 |                   0
 TN      | AAAAAAAAAPBEAAAA |              180.13 |              505.73
 TN      | AAAAAAAABBBBAAAA |                   0 |              124.24
 TN      | AAAAAAAABBCDAAAA |  294.33000000000004 |              166.94
 TN      | AAAAAAAABBOAAAAA |            -2705.45 |              179.56
 TN      | AAAAAAAABBPCAAAA |              148.87 |              129.35
 TN      | AAAAAAAABCBDAAAA | -160.13000000000002 |  -22.05000000000001
 TN      | AAAAAAAABCEAAAAA |              124.53 |                   0
 TN      | AAAAAAAABCKAAAAA |                   0 |              113.62
 TN      | AAAAAAAABDOBAAAA |              178.28 |                3.61
 TN      | AAAAAAAABDPAAAAA |                   0 |               42.53
 TN      | AAAAAAAABDPDAAAA |             -805.07 |               73.46
 TN      | AAAAAAAABFKAAAAA |                   0 |                98.5
 TN      | AAAAAAAABGKCAAAA |               28.13 |              195.44
 TN      | AAAAAAAABHCDAAAA |                   0 |               59.18
 TN      | AAAAAAAABHFAAAAA |               66.41 |              108.79
 TN      | AAAAAAAABIKDAAAA |                4.92 |   94.27000000000001
 TN      | AAAAAAAABIOCAAAA |  125.49999999999999 |               80.31
 TN      | AAAAAAAABJPDAAAA |               211.3 |               52.17
 TN      | AAAAAAAABKGCAAAA |                   0 |  125.72999999999999
 TN      | AAAAAAAABKNBAAAA |               48.51 |               77.97
 TN      | AAAAAAAABKPCAAAA |                   0 |              119.68
 TN      | AAAAAAAABLKAAAAA |  29.380000000000003 |              148.65
 TN      | AAAAAAAABMBCAAAA |                   0 |              141.95
 TN      | AAAAAAAABMECAAAA |               72.13 |              331.46
 TN      | AAAAAAAABMKCAAAA |               27.74 |               21.27
 TN      | AAAAAAAABNFAAAAA |               59.15 |                   0
 TN      | AAAAAAAACAFDAAAA |               94.07 |  11.980000000000006
 TN      | AAAAAAAACBCAAAAA |  154.98000000000002 |                   0
 TN      | AAAAAAAACBEAAAAA |               99.85 |                   0
 TN      | AAAAAAAACCAAAAAA |               62.23 |               36.78
 TN      | AAAAAAAACCCBAAAA |               31.95 |                1.32
 TN      | AAAAAAAACCHCAAAA |                7.54 |              101.97
 TN      | AAAAAAAACCKCAAAA |              133.51 |               19.11
 TN      | AAAAAAAACDBEAAAA | -1424.7300000000002 |               11.93
 TN      | AAAAAAAACDGAAAAA |             -261.15 |  303.74000000000007
 TN      | AAAAAAAACDHBAAAA |               46.34 |               40.33
 TN      | AAAAAAAACDJDAAAA |               59.57 |               49.34
 TN      | AAAAAAAACDPDAAAA |  63.089999999999996 |                4.86
 TN      | AAAAAAAACEABAAAA |             -107.36 |            -4551.55
 TN      | AAAAAAAACECCAAAA |                 132 |               61.43
 TN      | AAAAAAAACECDAAAA |   47.43000000000001 |  235.76999999999998
 TN      | AAAAAAAACEEAAAAA |  156.69000000000003 |               94.42
 TN      | AAAAAAAACEIDAAAA |               10.05 |                   0
 TN      | AAAAAAAACFGDAAAA |                   0 |               211.2
 TN      | AAAAAAAACGBEAAAA |               20.14 |                   0
 TN      | AAAAAAAACGGDAAAA |               12.32 | -215.02999999999997
 TN      | AAAAAAAACHFDAAAA |                   0 |               62.07
 TN      | AAAAAAAACHIDAAAA |                  17 |               267.9
 TN      | AAAAAAAACHKDAAAA |             -412.37 |                6.62
 TN      | AAAAAAAACIFBAAAA |               82.41 |                4.35
 TN      | AAAAAAAACIIBAAAA |                   0 |              125.47
 TN      | AAAAAAAACIKAAAAA |                8.55 |                9.43
 TN      | AAAAAAAACJFBAAAA |               88.47 |                   0
 TN      | AAAAAAAACKABAAAA |               29.81 |              151.02
 TN      | AAAAAAAACKFAAAAA |                   0 |              240.84
 TN      | AAAAAAAACLBCAAAA | -117.64000000000001 |              158.98
 TN      | AAAAAAAACLLCAAAA |              137.66 |               71.78
 TN      | AAAAAAAACLNAAAAA |                   0 |              170.17
 TN      | AAAAAAAACMBBAAAA |               82.61 |                1.86
 TN      | AAAAAAAACMJAAAAA |                   0 |               45.93
 TN      | AAAAAAAACMMCAAAA |            -2948.58 |                 163
(100 rows)

UPDATE time_statistics SET e_time = TRANSACTION_TIMESTAMP() WHERE template = '../query_postgresql/query40.tpl' AND stream = 7;
psql:/tmp/s1-basline/throughput/query_7.sql:2093: NOTICE:  duration: 0.086 ms  plan:
Query Text: UPDATE time_statistics SET e_time = TRANSACTION_TIMESTAMP() WHERE template = '../query_postgresql/query40.tpl' AND stream = 7;
Update on time_statistics  (cost=0.00..16.72 rows=0 width=0) (actual time=0.085..0.085 rows=0 loops=1)
  ->  Seq Scan on time_statistics  (cost=0.00..16.72 rows=1 width=14) (actual time=0.065..0.071 rows=1 loops=1)
        Filter: ((template = '../query_postgresql/query40.tpl'::text) AND (stream = 7))
        Rows Removed by Filter: 619
UPDATE 1
LOAD 'auto_explain'; SET auto_explain.log_min_duration TO 0; SET auto_explain.log_analyze TO on; SET auto_explain.log_level TO notice; INSERT INTO time_statistics (template, s_time, stream, query, seed) VALUES ('query76.tpl', TRANSACTION_TIMESTAMP(), 7, 44, 801643495);
LOAD
SET
SET
SET
psql:/tmp/s1-basline/throughput/query_7.sql:2094: NOTICE:  duration: 0.010 ms  plan:
Query Text: INSERT INTO time_statistics (template, s_time, stream, query, seed) VALUES ('query76.tpl', TRANSACTION_TIMESTAMP(), 7, 44, 801643495);
Insert on time_statistics  (cost=0.00..0.01 rows=0 width=0) (actual time=0.009..0.010 rows=0 loops=1)
  ->  Result  (cost=0.00..0.01 rows=1 width=64) (actual time=0.001..0.001 rows=1 loops=1)
INSERT 0 1
select  channel, col_name, d_year, d_qoy, i_category, COUNT(*) sales_cnt, SUM(ext_sales_price) sales_amt FROM (
        SELECT 'store' as channel, 'ss_cdemo_sk' col_name, d_year, d_qoy, i_category, ss_ext_sales_price ext_sales_price
         FROM store_sales, item, date_dim
         WHERE ss_cdemo_sk IS NULL
           AND ss_sold_date_sk=d_date_sk
           AND ss_item_sk=i_item_sk
        UNION ALL
        SELECT 'web' as channel, 'ws_web_site_sk' col_name, d_year, d_qoy, i_category, ws_ext_sales_price ext_sales_price
         FROM web_sales, item, date_dim
         WHERE ws_web_site_sk IS NULL
           AND ws_sold_date_sk=d_date_sk
           AND ws_item_sk=i_item_sk
        UNION ALL
        SELECT 'catalog' as channel, 'cs_ship_hdemo_sk' col_name, d_year, d_qoy, i_category, cs_ext_sales_price ext_sales_price
         FROM catalog_sales, item, date_dim
         WHERE cs_ship_hdemo_sk IS NULL
           AND cs_sold_date_sk=d_date_sk
           AND cs_item_sk=i_item_sk) foo
GROUP BY channel, col_name, d_year, d_qoy, i_category
ORDER BY channel, col_name, d_year, d_qoy, i_category
limit 100;
psql:/tmp/s1-basline/throughput/query_7.sql:2115: NOTICE:  duration: 461.547 ms  plan:
Query Text: select  channel, col_name, d_year, d_qoy, i_category, COUNT(*) sales_cnt, SUM(ext_sales_price) sales_amt FROM (
        SELECT 'store' as channel, 'ss_cdemo_sk' col_name, d_year, d_qoy, i_category, ss_ext_sales_price ext_sales_price
         FROM store_sales, item, date_dim
         WHERE ss_cdemo_sk IS NULL
           AND ss_sold_date_sk=d_date_sk
           AND ss_item_sk=i_item_sk
        UNION ALL
        SELECT 'web' as channel, 'ws_web_site_sk' col_name, d_year, d_qoy, i_category, ws_ext_sales_price ext_sales_price
         FROM web_sales, item, date_dim
         WHERE ws_web_site_sk IS NULL
           AND ws_sold_date_sk=d_date_sk
           AND ws_item_sk=i_item_sk
        UNION ALL
        SELECT 'catalog' as channel, 'cs_ship_hdemo_sk' col_name, d_year, d_qoy, i_category, cs_ext_sales_price ext_sales_price
         FROM catalog_sales, item, date_dim
         WHERE cs_ship_hdemo_sk IS NULL
           AND cs_sold_date_sk=d_date_sk
           AND cs_item_sk=i_item_sk) foo
GROUP BY channel, col_name, d_year, d_qoy, i_category
ORDER BY channel, col_name, d_year, d_qoy, i_category
limit 100;
Limit  (cost=185399.86..185427.70 rows=100 width=139) (actual time=366.694..461.477 rows=100 loops=1)
  ->  Finalize GroupAggregate  (cost=185399.86..189291.75 rows=13982 width=139) (actual time=366.693..461.469 rows=100 loops=1)
        Group Key: ('store'::text), ('ss_cdemo_sk'::text), date_dim.d_year, date_dim.d_qoy, item.i_category
        ->  Gather Merge  (cost=185399.86..188662.56 rows=27964 width=139) (actual time=366.688..461.401 rows=159 loops=1)
              Workers Planned: 2
              Workers Launched: 2
              ->  Sort  (cost=184399.84..184434.79 rows=13982 width=139) (actual time=361.183..361.199 rows=241 loops=3)
                    Sort Key: ('store'::text), ('ss_cdemo_sk'::text), date_dim.d_year, date_dim.d_qoy, item.i_category
                    Sort Method: quicksort  Memory: 87kB
                    Worker 0:  Sort Method: quicksort  Memory: 82kB
                    Worker 1:  Sort Method: quicksort  Memory: 54kB
                    ->  Partial HashAggregate  (cost=183297.27..183437.09 rows=13982 width=139) (actual time=360.300..360.409 rows=378 loops=3)
                          Group Key: ('store'::text), ('ss_cdemo_sk'::text), date_dim.d_year, date_dim.d_qoy, item.i_category
                          Batches: 1  Memory Usage: 529kB
                          Worker 0:  Batches: 1  Memory Usage: 529kB
                          Worker 1:  Batches: 1  Memory Usage: 465kB
                          ->  Parallel Append  (cost=0.59..182277.73 rows=58259 width=131) (actual time=7.000..348.251 rows=22658 loops=3)
                                ->  Hash Join  (cost=1661.30..89329.36 rows=54888 width=131) (actual time=14.113..195.108 rows=21413 loops=3)
                                      Hash Cond: (store_sales.ss_item_sk = item.i_item_sk)
                                      ->  Nested Loop  (cost=0.30..87524.25 rows=54888 width=24) (actual time=0.055..173.494 rows=21413 loops=3)
                                            ->  Parallel Seq Scan on store_sales  (cost=0.00..85499.45 rows=57452 width=24) (actual time=0.017..153.098 rows=42997 loops=3)
                                                  Filter: (ss_cdemo_sk IS NULL)
                                                  Rows Removed by Filter: 905153
                                            ->  Memoize  (cost=0.30..0.33 rows=1 width=16) (actual time=0.000..0.000 rows=0 loops=128991)
                                                  Cache Key: store_sales.ss_sold_date_sk
                                                  Cache Mode: logical
                                                  Hits: 33300  Misses: 1802  Evictions: 0  Overflows: 0  Memory Usage: 212kB
                                                  Worker 0:  Hits: 25509  Misses: 1778  Evictions: 0  Overflows: 0  Memory Usage: 209kB
                                                  Worker 1:  Hits: 64797  Misses: 1805  Evictions: 0  Overflows: 0  Memory Usage: 212kB
                                                  ->  Index Scan using pk_date_dim on date_dim  (cost=0.29..0.32 rows=1 width=16) (actual time=0.002..0.002 rows=1 loops=5385)
                                                        Index Cond: (d_date_sk = store_sales.ss_sold_date_sk)
                                      ->  Hash  (cost=1436.00..1436.00 rows=18000 width=59) (actual time=13.932..13.932 rows=18000 loops=3)
                                            Buckets: 32768  Batches: 1  Memory Usage: 1941kB
                                            ->  Seq Scan on item  (cost=0.00..1436.00 rows=18000 width=59) (actual time=0.024..10.306 rows=18000 loops=3)
                                ->  Nested Loop  (cost=0.59..62136.63 rows=3331 width=131) (actual time=0.212..169.992 rows=1815 loops=2)
                                      ->  Nested Loop  (cost=0.30..60527.07 rows=3331 width=24) (actual time=0.171..162.762 rows=1815 loops=2)
                                            ->  Parallel Seq Scan on catalog_sales  (cost=0.00..59490.16 rows=3351 width=24) (actual time=0.085..159.019 rows=3642 loops=2)
                                                  Filter: (cs_ship_hdemo_sk IS NULL)
                                                  Rows Removed by Filter: 707042
                                            ->  Memoize  (cost=0.30..0.54 rows=1 width=16) (actual time=0.001..0.001 rows=0 loops=7284)
                                                  Cache Key: catalog_sales.cs_sold_date_sk
                                                  Cache Mode: logical
                                                  Hits: 2788  Misses: 852  Evictions: 0  Overflows: 0  Memory Usage: 100kB
                                                  Worker 0:  Hits: 2741  Misses: 903  Evictions: 0  Overflows: 0  Memory Usage: 106kB
                                                  ->  Index Scan using pk_date_dim on date_dim date_dim_1  (cost=0.29..0.53 rows=1 width=16) (actual time=0.002..0.002 rows=1 loops=1755)
                                                        Index Cond: (d_date_sk = catalog_sales.cs_sold_date_sk)
                                      ->  Index Scan using pk_item on item item_1  (cost=0.29..0.48 rows=1 width=59) (actual time=0.004..0.004 rows=1 loops=3630)
                                            Index Cond: (i_item_sk = catalog_sales.cs_item_sk)
                                ->  Nested Loop  (cost=0.58..29937.86 rows=40 width=131) (actual time=0.445..114.734 rows=104 loops=1)
                                      ->  Nested Loop  (cost=0.29..29848.00 rows=40 width=67) (actual time=0.337..114.363 rows=177 loops=1)
                                            ->  Parallel Seq Scan on web_sales  (cost=0.00..29771.63 rows=40 width=24) (actual time=0.332..113.598 rows=177 loops=1)
                                                  Filter: (ws_web_site_sk IS NULL)
                                                  Rows Removed by Filter: 711378
                                            ->  Index Scan using pk_item on item item_2  (cost=0.29..1.91 rows=1 width=59) (actual time=0.004..0.004 rows=1 loops=177)
                                                  Index Cond: (i_item_sk = web_sales.ws_item_sk)
                                      ->  Index Scan using pk_date_dim on date_dim date_dim_2  (cost=0.29..2.25 rows=1 width=16) (actual time=0.002..0.002 rows=1 loops=177)
                                            Index Cond: (d_date_sk = web_sales.ws_sold_date_sk)
 channel |     col_name     | d_year | d_qoy |                     i_category                     | sales_cnt |     sales_amt      
---------+------------------+--------+-------+----------------------------------------------------+-----------+--------------------
 catalog | cs_ship_hdemo_sk |   1998 |     1 | Books                                              |        15 |           15240.89
 catalog | cs_ship_hdemo_sk |   1998 |     1 | Children                                           |         7 |                  0
 catalog | cs_ship_hdemo_sk |   1998 |     1 | Electronics                                        |         5 |            2594.15
 catalog | cs_ship_hdemo_sk |   1998 |     1 | Home                                               |        11 | 14961.220000000001
 catalog | cs_ship_hdemo_sk |   1998 |     1 | Jewelry                                            |         9 |            5948.13
 catalog | cs_ship_hdemo_sk |   1998 |     1 | Men                                                |        10 |            6606.02
 catalog | cs_ship_hdemo_sk |   1998 |     1 | Music                                              |        10 | 24256.320000000003
 catalog | cs_ship_hdemo_sk |   1998 |     1 | Shoes                                              |         9 |            8362.77
 catalog | cs_ship_hdemo_sk |   1998 |     1 | Sports                                             |        10 | 1875.8999999999999
 catalog | cs_ship_hdemo_sk |   1998 |     1 | Women                                              |         9 | 1379.5200000000002
 catalog | cs_ship_hdemo_sk |   1998 |     2 | Books                                              |        13 |           14329.27
 catalog | cs_ship_hdemo_sk |   1998 |     2 | Children                                           |        12 |            5339.94
 catalog | cs_ship_hdemo_sk |   1998 |     2 | Electronics                                        |         5 |             358.16
 catalog | cs_ship_hdemo_sk |   1998 |     2 | Home                                               |        10 |           16677.64
 catalog | cs_ship_hdemo_sk |   1998 |     2 | Jewelry                                            |        11 |  8855.699999999999
 catalog | cs_ship_hdemo_sk |   1998 |     2 | Men                                                |         9 |           15842.52
 catalog | cs_ship_hdemo_sk |   1998 |     2 | Music                                              |        11 | 2335.1499999999996
 catalog | cs_ship_hdemo_sk |   1998 |     2 | Shoes                                              |        17 |           24710.52
 catalog | cs_ship_hdemo_sk |   1998 |     2 | Sports                                             |        11 |  5496.179999999999
 catalog | cs_ship_hdemo_sk |   1998 |     2 | Women                                              |        11 |           16296.23
 catalog | cs_ship_hdemo_sk |   1998 |     3 | Books                                              |        14 | 4646.7300000000005
 catalog | cs_ship_hdemo_sk |   1998 |     3 | Children                                           |        12 |           24640.33
 catalog | cs_ship_hdemo_sk |   1998 |     3 | Electronics                                        |        20 |           24824.56
 catalog | cs_ship_hdemo_sk |   1998 |     3 | Home                                               |        19 |           18383.33
 catalog | cs_ship_hdemo_sk |   1998 |     3 | Jewelry                                            |        17 | 7470.5599999999995
 catalog | cs_ship_hdemo_sk |   1998 |     3 | Men                                                |        19 |           15742.22
 catalog | cs_ship_hdemo_sk |   1998 |     3 | Music                                              |        21 |           23447.39
 catalog | cs_ship_hdemo_sk |   1998 |     3 | Shoes                                              |        18 |  34884.28999999999
 catalog | cs_ship_hdemo_sk |   1998 |     3 | Sports                                             |        14 |            6395.94
 catalog | cs_ship_hdemo_sk |   1998 |     3 | Women                                              |        14 |            22456.2
 catalog | cs_ship_hdemo_sk |   1998 |     3 |                                                    |         1 |                   
 catalog | cs_ship_hdemo_sk |   1998 |     4 | Books                                              |        19 | 31755.430000000008
 catalog | cs_ship_hdemo_sk |   1998 |     4 | Children                                           |        28 |           24305.03
 catalog | cs_ship_hdemo_sk |   1998 |     4 | Electronics                                        |        31 |  58172.64000000001
 catalog | cs_ship_hdemo_sk |   1998 |     4 | Home                                               |        17 | 30529.129999999997
 catalog | cs_ship_hdemo_sk |   1998 |     4 | Jewelry                                            |        40 |  53936.11999999999
 catalog | cs_ship_hdemo_sk |   1998 |     4 | Men                                                |        32 | 35390.420000000006
 catalog | cs_ship_hdemo_sk |   1998 |     4 | Music                                              |        41 |           56960.97
 catalog | cs_ship_hdemo_sk |   1998 |     4 | Shoes                                              |        29 | 26741.500000000004
 catalog | cs_ship_hdemo_sk |   1998 |     4 | Sports                                             |        32 |  57752.78999999999
 catalog | cs_ship_hdemo_sk |   1998 |     4 | Women                                              |        31 | 19370.200000000004
 catalog | cs_ship_hdemo_sk |   1999 |     1 | Books                                              |        10 |  9876.810000000001
 catalog | cs_ship_hdemo_sk |   1999 |     1 | Children                                           |         8 |           14017.57
 catalog | cs_ship_hdemo_sk |   1999 |     1 | Electronics                                        |        10 |           21107.02
 catalog | cs_ship_hdemo_sk |   1999 |     1 | Home                                               |         8 |  9118.050000000001
 catalog | cs_ship_hdemo_sk |   1999 |     1 | Jewelry                                            |        11 |            9899.34
 catalog | cs_ship_hdemo_sk |   1999 |     1 | Men                                                |        11 |            8701.84
 catalog | cs_ship_hdemo_sk |   1999 |     1 | Music                                              |        11 |  6073.320000000001
 catalog | cs_ship_hdemo_sk |   1999 |     1 | Shoes                                              |        11 |           16676.79
 catalog | cs_ship_hdemo_sk |   1999 |     1 | Sports                                             |         6 |             3752.2
 catalog | cs_ship_hdemo_sk |   1999 |     1 | Women                                              |         5 |  4557.370000000001
 catalog | cs_ship_hdemo_sk |   1999 |     2 | Books                                              |        10 |            2764.54
 catalog | cs_ship_hdemo_sk |   1999 |     2 | Children                                           |         5 |           27918.15
 catalog | cs_ship_hdemo_sk |   1999 |     2 | Electronics                                        |        11 |            8784.93
 catalog | cs_ship_hdemo_sk |   1999 |     2 | Home                                               |        12 |            5571.96
 catalog | cs_ship_hdemo_sk |   1999 |     2 | Jewelry                                            |        11 |  5570.249999999999
 catalog | cs_ship_hdemo_sk |   1999 |     2 | Men                                                |        12 |  8600.070000000002
 catalog | cs_ship_hdemo_sk |   1999 |     2 | Music                                              |         8 |            11902.5
 catalog | cs_ship_hdemo_sk |   1999 |     2 | Shoes                                              |        12 |           18541.86
 catalog | cs_ship_hdemo_sk |   1999 |     2 | Sports                                             |         5 |            2603.76
 catalog | cs_ship_hdemo_sk |   1999 |     2 | Women                                              |        12 | 3476.9599999999996
 catalog | cs_ship_hdemo_sk |   1999 |     3 | Books                                              |        14 |           11630.35
 catalog | cs_ship_hdemo_sk |   1999 |     3 | Children                                           |        19 | 30501.359999999997
 catalog | cs_ship_hdemo_sk |   1999 |     3 | Electronics                                        |        27 | 54604.100000000006
 catalog | cs_ship_hdemo_sk |   1999 |     3 | Home                                               |        15 | 12949.779999999999
 catalog | cs_ship_hdemo_sk |   1999 |     3 | Jewelry                                            |        29 |           34432.53
 catalog | cs_ship_hdemo_sk |   1999 |     3 | Men                                                |        14 |           19638.63
 catalog | cs_ship_hdemo_sk |   1999 |     3 | Music                                              |        17 |            8309.22
 catalog | cs_ship_hdemo_sk |   1999 |     3 | Shoes                                              |        18 |           21569.31
 catalog | cs_ship_hdemo_sk |   1999 |     3 | Sports                                             |        15 | 25602.760000000002
 catalog | cs_ship_hdemo_sk |   1999 |     3 | Women                                              |        14 |            1030.38
 catalog | cs_ship_hdemo_sk |   1999 |     3 |                                                    |         2 |            5023.96
 catalog | cs_ship_hdemo_sk |   1999 |     4 | Books                                              |        27 |            53608.6
 catalog | cs_ship_hdemo_sk |   1999 |     4 | Children                                           |        24 |           13844.74
 catalog | cs_ship_hdemo_sk |   1999 |     4 | Electronics                                        |        39 |  55216.10999999999
 catalog | cs_ship_hdemo_sk |   1999 |     4 | Home                                               |        34 |           45215.39
 catalog | cs_ship_hdemo_sk |   1999 |     4 | Jewelry                                            |        32 |           36712.67
 catalog | cs_ship_hdemo_sk |   1999 |     4 | Men                                                |        32 | 32778.020000000004
 catalog | cs_ship_hdemo_sk |   1999 |     4 | Music                                              |        38 |           36594.19
 catalog | cs_ship_hdemo_sk |   1999 |     4 | Shoes                                              |        28 |           44446.02
 catalog | cs_ship_hdemo_sk |   1999 |     4 | Sports                                             |        32 |           49229.06
 catalog | cs_ship_hdemo_sk |   1999 |     4 | Women                                              |        22 | 30575.909999999996
 catalog | cs_ship_hdemo_sk |   2000 |     1 | Books                                              |        12 |           10038.52
 catalog | cs_ship_hdemo_sk |   2000 |     1 | Children                                           |        11 | 4792.6900000000005
 catalog | cs_ship_hdemo_sk |   2000 |     1 | Electronics                                        |         6 |           16262.55
 catalog | cs_ship_hdemo_sk |   2000 |     1 | Home                                               |         8 |           13174.88
 catalog | cs_ship_hdemo_sk |   2000 |     1 | Jewelry                                            |        12 | 17266.420000000002
 catalog | cs_ship_hdemo_sk |   2000 |     1 | Men                                                |         9 |           34841.78
 catalog | cs_ship_hdemo_sk |   2000 |     1 | Music                                              |        14 | 3553.6099999999997
 catalog | cs_ship_hdemo_sk |   2000 |     1 | Shoes                                              |         9 | 21881.870000000003
 catalog | cs_ship_hdemo_sk |   2000 |     1 | Sports                                             |        13 |           47374.09
 catalog | cs_ship_hdemo_sk |   2000 |     1 | Women                                              |         8 |            8839.54
 catalog | cs_ship_hdemo_sk |   2000 |     2 | Books                                              |         9 | 18407.160000000003
 catalog | cs_ship_hdemo_sk |   2000 |     2 | Children                                           |        10 |           20699.65
 catalog | cs_ship_hdemo_sk |   2000 |     2 | Electronics                                        |        10 | 14380.330000000002
 catalog | cs_ship_hdemo_sk |   2000 |     2 | Home                                               |        10 |  8410.400000000001
 catalog | cs_ship_hdemo_sk |   2000 |     2 | Jewelry                                            |         3 |           18847.48
 catalog | cs_ship_hdemo_sk |   2000 |     2 | Men                                                |         8 | 1326.8700000000001
 catalog | cs_ship_hdemo_sk |   2000 |     2 | Music                                              |         9 | 13619.079999999998
 catalog | cs_ship_hdemo_sk |   2000 |     2 | Shoes                                              |        10 |            3781.87
(100 rows)

UPDATE time_statistics SET e_time = TRANSACTION_TIMESTAMP() WHERE template = 'query76.tpl' AND stream = 7;
psql:/tmp/s1-basline/throughput/query_7.sql:2117: NOTICE:  duration: 0.093 ms  plan:
Query Text: UPDATE time_statistics SET e_time = TRANSACTION_TIMESTAMP() WHERE template = 'query76.tpl' AND stream = 7;
Update on time_statistics  (cost=0.00..16.72 rows=0 width=0) (actual time=0.092..0.092 rows=0 loops=1)
  ->  Seq Scan on time_statistics  (cost=0.00..16.72 rows=1 width=14) (actual time=0.077..0.078 rows=1 loops=1)
        Filter: ((template = 'query76.tpl'::text) AND (stream = 7))
        Rows Removed by Filter: 620
UPDATE 1
LOAD 'auto_explain'; SET auto_explain.log_min_duration TO 0; SET auto_explain.log_analyze TO on; SET auto_explain.log_level TO notice; INSERT INTO time_statistics (template, s_time, stream, query, seed) VALUES ('query44.tpl', TRANSACTION_TIMESTAMP(), 7, 45, 454530691);
LOAD
SET
SET
SET
psql:/tmp/s1-basline/throughput/query_7.sql:2118: NOTICE:  duration: 0.008 ms  plan:
Query Text: INSERT INTO time_statistics (template, s_time, stream, query, seed) VALUES ('query44.tpl', TRANSACTION_TIMESTAMP(), 7, 45, 454530691);
Insert on time_statistics  (cost=0.00..0.01 rows=0 width=0) (actual time=0.008..0.008 rows=0 loops=1)
  ->  Result  (cost=0.00..0.01 rows=1 width=64) (actual time=0.001..0.001 rows=1 loops=1)
INSERT 0 1
select  asceding.rnk, i1.i_product_name best_performing, i2.i_product_name worst_performing
from(select *
     from (select item_sk,rank() over (order by rank_col asc) rnk
           from (select ss_item_sk item_sk,avg(ss_net_profit) rank_col 
                 from store_sales ss1
                 where ss_store_sk = 5
                 group by ss_item_sk
                 having avg(ss_net_profit) > 0.9*(select avg(ss_net_profit) rank_col
                                                  from store_sales
                                                  where ss_store_sk = 5
                                                    and ss_cdemo_sk is null
                                                  group by ss_store_sk))V1)V11
     where rnk  < 11) asceding,
    (select *
     from (select item_sk,rank() over (order by rank_col desc) rnk
           from (select ss_item_sk item_sk,avg(ss_net_profit) rank_col
                 from store_sales ss1
                 where ss_store_sk = 5
                 group by ss_item_sk
                 having avg(ss_net_profit) > 0.9*(select avg(ss_net_profit) rank_col
                                                  from store_sales
                                                  where ss_store_sk = 5
                                                    and ss_cdemo_sk is null
                                                  group by ss_store_sk))V2)V21
     where rnk  < 11) descending,
item i1,
item i2
where asceding.rnk = descending.rnk 
  and i1.i_item_sk=asceding.item_sk
  and i2.i_item_sk=descending.item_sk
order by asceding.rnk
limit 100;
psql:/tmp/s1-basline/throughput/query_7.sql:2150: NOTICE:  duration: 248.787 ms  plan:
Query Text: select  asceding.rnk, i1.i_product_name best_performing, i2.i_product_name worst_performing
from(select *
     from (select item_sk,rank() over (order by rank_col asc) rnk
           from (select ss_item_sk item_sk,avg(ss_net_profit) rank_col 
                 from store_sales ss1
                 where ss_store_sk = 5
                 group by ss_item_sk
                 having avg(ss_net_profit) > 0.9*(select avg(ss_net_profit) rank_col
                                                  from store_sales
                                                  where ss_store_sk = 5
                                                    and ss_cdemo_sk is null
                                                  group by ss_store_sk))V1)V11
     where rnk  < 11) asceding,
    (select *
     from (select item_sk,rank() over (order by rank_col desc) rnk
           from (select ss_item_sk item_sk,avg(ss_net_profit) rank_col
                 from store_sales ss1
                 where ss_store_sk = 5
                 group by ss_item_sk
                 having avg(ss_net_profit) > 0.9*(select avg(ss_net_profit) rank_col
                                                  from store_sales
                                                  where ss_store_sk = 5
                                                    and ss_cdemo_sk is null
                                                  group by ss_store_sk))V2)V21
     where rnk  < 11) descending,
item i1,
item i2
where asceding.rnk = descending.rnk 
  and i1.i_item_sk=asceding.item_sk
  and i2.i_item_sk=descending.item_sk
order by asceding.rnk
limit 100;
Limit  (cost=358042.86..361364.88 rows=1 width=110) (actual time=180.846..248.785 rows=0 loops=1)
  ->  Nested Loop  (cost=358042.86..361364.88 rows=1 width=110) (actual time=180.845..248.784 rows=0 loops=1)
        Join Filter: (v21.item_sk = i2.i_item_sk)
        ->  Nested Loop  (cost=358042.86..359703.88 rows=1 width=67) (actual time=180.845..248.783 rows=0 loops=1)
              Join Filter: (v11.item_sk = i1.i_item_sk)
              ->  Merge Join  (cost=358042.86..358042.88 rows=1 width=24) (actual time=180.845..248.782 rows=0 loops=1)
                    Merge Cond: (v11.rnk = v21.rnk)
                    ->  Sort  (cost=179021.43..179021.43 rows=1 width=16) (actual time=180.843..248.777 rows=0 loops=1)
                          Sort Key: v11.rnk
                          Sort Method: quicksort  Memory: 25kB
                          ->  Subquery Scan on v11  (cost=179021.39..179021.42 rows=1 width=16) (actual time=180.841..248.775 rows=0 loops=1)
                                ->  WindowAgg  (cost=179021.39..179021.41 rows=1 width=24) (actual time=180.840..248.774 rows=0 loops=1)
                                      Run Condition: (rank() OVER (?) < 11)
                                      ->  Sort  (cost=179021.39..179021.39 rows=1 width=16) (actual time=180.838..248.771 rows=0 loops=1)
                                            Sort Key: v1.rank_col
                                            Sort Method: quicksort  Memory: 25kB
                                            ->  Subquery Scan on v1  (cost=179021.34..179021.38 rows=1 width=16) (actual time=180.836..248.769 rows=0 loops=1)
                                                  ->  GroupAggregate  (cost=179021.34..179021.37 rows=1 width=16) (actual time=180.836..248.769 rows=0 loops=1)
                                                        Group Key: ss1.ss_item_sk
                                                        Filter: (avg(ss1.ss_net_profit) > ('0.9'::double precision * $1))
                                                        InitPlan 1 (returns $1)
                                                          ->  GroupAggregate  (cost=1000.00..89510.67 rows=1 width=16) (never executed)
                                                                Group Key: store_sales.ss_store_sk
                                                                ->  Gather  (cost=1000.00..89510.66 rows=1 width=16) (never executed)
                                                                      Workers Planned: 2
                                                                      Workers Launched: 0
                                                                      ->  Parallel Seq Scan on store_sales  (cost=0.00..88510.56 rows=1 width=16) (never executed)
                                                                            Filter: ((ss_cdemo_sk IS NULL) AND (ss_store_sk = 5))
                                                        ->  Sort  (cost=89510.67..89510.67 rows=1 width=16) (actual time=180.835..248.766 rows=0 loops=1)
                                                              Sort Key: ss1.ss_item_sk
                                                              Sort Method: quicksort  Memory: 25kB
                                                              ->  Gather  (cost=1000.00..89510.66 rows=1 width=16) (actual time=180.832..248.764 rows=0 loops=1)
                                                                    Workers Planned: 2
                                                                    Workers Launched: 2
                                                                    ->  Parallel Seq Scan on store_sales ss1  (cost=0.00..88510.56 rows=1 width=16) (actual time=176.731..176.731 rows=0 loops=3)
                                                                          Filter: (ss_store_sk = 5)
                                                                          Rows Removed by Filter: 948150
                    ->  Sort  (cost=179021.43..179021.43 rows=1 width=16) (never executed)
                          Sort Key: v21.rnk
                          ->  Subquery Scan on v21  (cost=179021.39..179021.42 rows=1 width=16) (never executed)
                                ->  WindowAgg  (cost=179021.39..179021.41 rows=1 width=24) (never executed)
                                      Run Condition: (rank() OVER (?) < 11)
                                      ->  Sort  (cost=179021.39..179021.39 rows=1 width=16) (never executed)
                                            Sort Key: v2.rank_col DESC
                                            ->  Subquery Scan on v2  (cost=179021.34..179021.38 rows=1 width=16) (never executed)
                                                  ->  GroupAggregate  (cost=179021.34..179021.37 rows=1 width=16) (never executed)
                                                        Group Key: ss1_1.ss_item_sk
                                                        Filter: (avg(ss1_1.ss_net_profit) > ('0.9'::double precision * $3))
                                                        InitPlan 2 (returns $3)
                                                          ->  GroupAggregate  (cost=1000.00..89510.67 rows=1 width=16) (never executed)
                                                                Group Key: store_sales_1.ss_store_sk
                                                                ->  Gather  (cost=1000.00..89510.66 rows=1 width=16) (never executed)
                                                                      Workers Planned: 2
                                                                      Workers Launched: 0
                                                                      ->  Parallel Seq Scan on store_sales store_sales_1  (cost=0.00..88510.56 rows=1 width=16) (never executed)
                                                                            Filter: ((ss_cdemo_sk IS NULL) AND (ss_store_sk = 5))
                                                        ->  Sort  (cost=89510.67..89510.67 rows=1 width=16) (never executed)
                                                              Sort Key: ss1_1.ss_item_sk
                                                              ->  Gather  (cost=1000.00..89510.66 rows=1 width=16) (never executed)
                                                                    Workers Planned: 2
                                                                    Workers Launched: 0
                                                                    ->  Parallel Seq Scan on store_sales ss1_1  (cost=0.00..88510.56 rows=1 width=16) (never executed)
                                                                          Filter: (ss_store_sk = 5)
              ->  Seq Scan on item i1  (cost=0.00..1436.00 rows=18000 width=59) (never executed)
        ->  Seq Scan on item i2  (cost=0.00..1436.00 rows=18000 width=59) (never executed)
 rnk | best_performing | worst_performing 
-----+-----------------+------------------
(0 rows)

UPDATE time_statistics SET e_time = TRANSACTION_TIMESTAMP() WHERE template = 'query44.tpl' AND stream = 7;
psql:/tmp/s1-basline/throughput/query_7.sql:2152: NOTICE:  duration: 0.099 ms  plan:
Query Text: UPDATE time_statistics SET e_time = TRANSACTION_TIMESTAMP() WHERE template = 'query44.tpl' AND stream = 7;
Update on time_statistics  (cost=0.00..16.72 rows=0 width=0) (actual time=0.098..0.098 rows=0 loops=1)
  ->  Seq Scan on time_statistics  (cost=0.00..16.72 rows=1 width=14) (actual time=0.086..0.086 rows=1 loops=1)
        Filter: ((template = 'query44.tpl'::text) AND (stream = 7))
        Rows Removed by Filter: 621
UPDATE 1
LOAD 'auto_explain'; SET auto_explain.log_min_duration TO 0; SET auto_explain.log_analyze TO on; SET auto_explain.log_level TO notice; INSERT INTO time_statistics (template, s_time, stream, query, seed) VALUES ('query3.tpl', TRANSACTION_TIMESTAMP(), 7, 46, 473705020);
LOAD
SET
SET
SET
psql:/tmp/s1-basline/throughput/query_7.sql:2153: NOTICE:  duration: 0.009 ms  plan:
Query Text: INSERT INTO time_statistics (template, s_time, stream, query, seed) VALUES ('query3.tpl', TRANSACTION_TIMESTAMP(), 7, 46, 473705020);
Insert on time_statistics  (cost=0.00..0.01 rows=0 width=0) (actual time=0.008..0.008 rows=0 loops=1)
  ->  Result  (cost=0.00..0.01 rows=1 width=64) (actual time=0.001..0.002 rows=1 loops=1)
INSERT 0 1
select  dt.d_year 
       ,item.i_brand_id brand_id 
       ,item.i_brand brand
       ,sum(ss_ext_sales_price) sum_agg
 from  date_dim dt 
      ,store_sales
      ,item
 where dt.d_date_sk = store_sales.ss_sold_date_sk
   and store_sales.ss_item_sk = item.i_item_sk
   and item.i_manufact_id = 259
   and dt.d_moy=11
 group by dt.d_year
      ,item.i_brand
      ,item.i_brand_id
 order by dt.d_year
         ,sum_agg desc
         ,brand_id
 limit 100;
psql:/tmp/s1-basline/throughput/query_7.sql:2171: NOTICE:  duration: 17.825 ms  plan:
Query Text: select  dt.d_year 
       ,item.i_brand_id brand_id 
       ,item.i_brand brand
       ,sum(ss_ext_sales_price) sum_agg
 from  date_dim dt 
      ,store_sales
      ,item
 where dt.d_date_sk = store_sales.ss_sold_date_sk
   and store_sales.ss_item_sk = item.i_item_sk
   and item.i_manufact_id = 259
   and dt.d_moy=11
 group by dt.d_year
      ,item.i_brand
      ,item.i_brand_id
 order by dt.d_year
         ,sum_agg desc
         ,brand_id
 limit 100;
Limit  (cost=5260.01..5260.26 rows=100 width=67) (actual time=17.770..17.780 rows=87 loops=1)
  ->  Sort  (cost=5260.01..5260.51 rows=199 width=67) (actual time=17.770..17.774 rows=87 loops=1)
        Sort Key: dt.d_year, (sum(store_sales.ss_ext_sales_price)) DESC, item.i_brand_id
        Sort Method: quicksort  Memory: 37kB
        ->  GroupAggregate  (cost=5247.94..5252.41 rows=199 width=67) (actual time=17.543..17.735 rows=87 loops=1)
              Group Key: dt.d_year, item.i_brand, item.i_brand_id
              ->  Sort  (cost=5247.94..5248.43 rows=199 width=67) (actual time=17.535..17.567 rows=814 loops=1)
                    Sort Key: dt.d_year, item.i_brand, item.i_brand_id
                    Sort Method: quicksort  Memory: 113kB
                    ->  Nested Loop  (cost=0.73..5240.34 rows=199 width=67) (actual time=0.277..17.004 rows=814 loops=1)
                          ->  Nested Loop  (cost=0.43..4605.24 rows=2569 width=71) (actual time=0.238..13.109 rows=5349 loops=1)
                                ->  Seq Scan on item  (cost=0.00..1481.00 rows=16 width=63) (actual time=0.227..6.640 rows=35 loops=1)
                                      Filter: (i_manufact_id = 259)
                                      Rows Removed by Filter: 17965
                                ->  Index Scan using pk_store_sales on store_sales  (cost=0.43..193.51 rows=175 width=24) (actual time=0.006..0.162 rows=153 loops=35)
                                      Index Cond: (ss_item_sk = item.i_item_sk)
                          ->  Memoize  (cost=0.30..0.32 rows=1 width=12) (actual time=0.001..0.001 rows=0 loops=5349)
                                Cache Key: store_sales.ss_sold_date_sk
                                Cache Mode: logical
                                Hits: 3791  Misses: 1558  Evictions: 0  Overflows: 0  Memory Usage: 117kB
                                ->  Index Scan using pk_date_dim on date_dim dt  (cost=0.29..0.31 rows=1 width=12) (actual time=0.001..0.001 rows=0 loops=1558)
                                      Index Cond: (d_date_sk = store_sales.ss_sold_date_sk)
                                      Filter: (d_moy = 11)
                                      Rows Removed by Filter: 1
 d_year | brand_id |                       brand                        |      sum_agg       
--------+----------+----------------------------------------------------+--------------------
   1998 |  2004001 | edu packimporto #1                                 | 50144.469999999994
   1998 |  7016004 | corpnameless #4                                    | 32023.959999999995
   1998 |  7004003 | edu packbrand #3                                   | 30152.369999999995
   1998 | 10010003 | univamalgamalg #3                                  |           28294.59
   1998 |  9010009 | univunivamalg #9                                   |           24974.17
   1998 |  5001001 | amalgscholar #1                                    | 24591.839999999997
   1998 |  5003002 | exportischolar #2                                  |           22543.22
   1998 |  7015003 | scholarnameless #3                                 |           20095.49
   1998 |  9015008 | scholarunivamalg #8                                |           19220.34
   1998 |  3002001 | importoexporti #1                                  |           15565.26
   1998 | 10007005 | brandunivamalg #5                                  | 15438.559999999998
   1998 |  5004001 | edu packscholar #1                                 | 14764.349999999999
   1998 | 10012017 | importoamalgamalg #17                              |           12765.02
   1999 |  2004001 | edu packimporto #1                                 |           40786.86
   1999 |  3002001 | importoexporti #1                                  | 39498.159999999996
   1999 | 10012017 | importoamalgamalg #17                              |  38239.96000000001
   1999 |  9015008 | scholarunivamalg #8                                |           33593.29
   1999 |  7016004 | corpnameless #4                                    | 31046.500000000004
   1999 |  5001001 | amalgscholar #1                                    |            21465.8
   1999 |  5003002 | exportischolar #2                                  | 20496.190000000002
   1999 | 10007005 | brandunivamalg #5                                  |           17396.53
   1999 |  7004003 | edu packbrand #3                                   |           14596.11
   1999 |  5004001 | edu packscholar #1                                 | 14061.449999999999
   1999 |  7015003 | scholarnameless #3                                 | 12441.869999999999
   1999 |  9010009 | univunivamalg #9                                   |           10233.62
   1999 | 10010003 | univamalgamalg #3                                  |            5213.37
   2000 |  7012002 | importonameless #2                                 |           36236.76
   2000 |  2004001 | edu packimporto #1                                 |           35898.96
   2000 |  9010009 | univunivamalg #9                                   | 31470.559999999998
   2000 |  7001001 | maxibrand #2                                       |           29800.32
   2000 |  1002002 | importoamalg #2                                    |           28312.29
   2000 |  7015003 | scholarnameless #3                                 |           20818.74
   2000 |  5004001 | edu packscholar #1                                 |           19237.74
   2000 |  9015008 | scholarunivamalg #8                                |           19138.03
   2000 | 10007005 | brandunivamalg #5                                  | 14014.579999999998
   2000 |  7016004 | corpnameless #4                                    | 13967.689999999999
   2000 |  6012004 | importobrand #4                                    |           13340.11
   2000 | 10012017 | amalgexporti #2                                    | 10889.949999999999
   2000 |  5001001 | amalgscholar #1                                    |  9119.240000000002
   2000 |  8004006 | edu packnameless #6                                |            8895.73
   2000 |  5003001 | importoamalg #2                                    |            8761.34
   2000 |  5003002 | exportischolar #2                                  |             7377.8
   2000 |  7008005 | amalgamalg #2                                      |               7030
   2000 |  7004003 | edu packbrand #3                                   |            6802.65
   2000 |  3004002 | edu packexporti #2                                 |  6574.460000000001
   2000 | 10010003 | univamalgamalg #3                                  |            2565.03
   2000 |  8004003 | edu packnameless #3                                |            1560.09
   2000 | 10012017 | corpamalgamalg #2                                  |             1312.2
   2000 |  8004006 | maxibrand #7                                       |                412
   2000 |  7012002 | exportischolar #1                                  | 322.73999999999995
   2000 |  9009004 | maximaxi #4                                        |              28.12
   2000 |  9007004 | brandmaxi #4                                       |                  0
   2001 |  1002002 | importoamalg #2                                    |           33986.58
   2001 |  7016004 | corpnameless #4                                    | 29422.880000000005
   2001 |  9009004 | maximaxi #4                                        |           27117.05
   2001 | 10012017 | amalgexporti #2                                    |           22842.41
   2001 |  3004002 | edu packexporti #2                                 |           20309.68
   2001 |  7001001 | maxibrand #2                                       | 20309.559999999998
   2001 |  5001002 | amalgscholar #2                                    |           19098.95
   2001 |  7008005 | amalgamalg #2                                      |           18591.55
   2001 |  9010009 | amalgcorp #6                                       |           18116.79
   2001 |  7012002 | importonameless #2                                 | 17983.800000000003
   2001 |  9015008 | scholarunivamalg #8                                | 16346.689999999999
   2001 |  6012004 | importobrand #4                                    | 15733.099999999999
   2001 | 10010003 | univamalgamalg #3                                  | 13574.060000000001
   2001 |  8004006 | edu packnameless #6                                | 12956.230000000001
   2001 |  5003001 | importoamalg #2                                    |           12415.42
   2001 |  5003002 | exportischolar #2                                  | 11415.240000000002
   2001 |  7009008 | maxibrand #8                                       |            9425.89
   2001 |  9007004 | brandmaxi #4                                       |            8197.93
   2001 |  3002001 | edu packamalgamalg #4                              |            7414.62
   2002 |  7009008 | maxibrand #8                                       |           29648.62
   2002 | 10010003 | univamalgamalg #3                                  | 28302.520000000004
   2002 |  7016004 | corpnameless #4                                    |           25608.55
   2002 |  9015008 | scholarunivamalg #8                                | 21655.370000000003
   2002 |  8004006 | maxibrand #7                                       |           19446.36
   2002 |  9007004 | brandmaxi #4                                       |           18296.39
   2002 |  9010009 | amalgcorp #6                                       | 18115.379999999997
   2002 |  7012002 | exportischolar #1                                  |           17000.09
   2002 |  5003002 | exportischolar #2                                  | 16090.060000000001
   2002 |  1002002 | maxinameless #9                                    | 13138.180000000002
   2002 | 10012017 | corpamalgamalg #2                                  |            11974.3
   2002 |  8004003 | edu packnameless #3                                |           11855.31
   2002 |  5001002 | amalgscholar #2                                    |  7134.610000000001
   2002 |  9009004 | maximaxi #4                                        |            6652.24
   2002 |  3002001 | edu packamalgamalg #4                              |  5909.090000000001
   2002 |  9002006 | amalgexporti #1                                    |  5158.070000000001
(87 rows)

UPDATE time_statistics SET e_time = TRANSACTION_TIMESTAMP() WHERE template = 'query3.tpl' AND stream = 7;
psql:/tmp/s1-basline/throughput/query_7.sql:2173: NOTICE:  duration: 0.076 ms  plan:
Query Text: UPDATE time_statistics SET e_time = TRANSACTION_TIMESTAMP() WHERE template = 'query3.tpl' AND stream = 7;
Update on time_statistics  (cost=0.00..16.72 rows=0 width=0) (actual time=0.076..0.076 rows=0 loops=1)
  ->  Seq Scan on time_statistics  (cost=0.00..16.72 rows=1 width=14) (actual time=0.064..0.065 rows=1 loops=1)
        Filter: ((template = 'query3.tpl'::text) AND (stream = 7))
        Rows Removed by Filter: 622
UPDATE 1
LOAD 'auto_explain'; SET auto_explain.log_min_duration TO 0; SET auto_explain.log_analyze TO on; SET auto_explain.log_level TO notice; INSERT INTO time_statistics (template, s_time, stream, query, seed) VALUES ('query26.tpl', TRANSACTION_TIMESTAMP(), 7, 47, 1966665917);
LOAD
SET
SET
SET
psql:/tmp/s1-basline/throughput/query_7.sql:2174: NOTICE:  duration: 0.008 ms  plan:
Query Text: INSERT INTO time_statistics (template, s_time, stream, query, seed) VALUES ('query26.tpl', TRANSACTION_TIMESTAMP(), 7, 47, 1966665917);
Insert on time_statistics  (cost=0.00..0.01 rows=0 width=0) (actual time=0.007..0.008 rows=0 loops=1)
  ->  Result  (cost=0.00..0.01 rows=1 width=64) (actual time=0.001..0.001 rows=1 loops=1)
INSERT 0 1
select  i_item_id, 
        avg(cs_quantity) agg1,
        avg(cs_list_price) agg2,
        avg(cs_coupon_amt) agg3,
        avg(cs_sales_price) agg4 
 from catalog_sales, customer_demographics, date_dim, item, promotion
 where cs_sold_date_sk = d_date_sk and
       cs_item_sk = i_item_sk and
       cs_bill_cdemo_sk = cd_demo_sk and
       cs_promo_sk = p_promo_sk and
       cd_gender = 'M' and 
       cd_marital_status = 'D' and
       cd_education_status = 'Advanced Degree' and
       (p_channel_email = 'N' or p_channel_event = 'N') and
       d_year = 1999 
 group by i_item_id
 order by i_item_id
 limit 100;
psql:/tmp/s1-basline/throughput/query_7.sql:2192: NOTICE:  duration: 629.325 ms  plan:
Query Text: select  i_item_id, 
        avg(cs_quantity) agg1,
        avg(cs_list_price) agg2,
        avg(cs_coupon_amt) agg3,
        avg(cs_sales_price) agg4 
 from catalog_sales, customer_demographics, date_dim, item, promotion
 where cs_sold_date_sk = d_date_sk and
       cs_item_sk = i_item_sk and
       cs_bill_cdemo_sk = cd_demo_sk and
       cs_promo_sk = p_promo_sk and
       cd_gender = 'M' and 
       cd_marital_status = 'D' and
       cd_education_status = 'Advanced Degree' and
       (p_channel_email = 'N' or p_channel_event = 'N') and
       d_year = 1999 
 group by i_item_id
 order by i_item_id
 limit 100;
Limit  (cost=24957.51..24961.01 rows=100 width=73) (actual time=629.163..629.267 rows=100 loops=1)
  ->  GroupAggregate  (cost=24957.51..24961.04 rows=101 width=73) (actual time=629.162..629.260 rows=100 loops=1)
        Group Key: item.i_item_id
        ->  Sort  (cost=24957.51..24957.76 rows=101 width=45) (actual time=629.150..629.156 rows=122 loops=1)
              Sort Key: item.i_item_id
              Sort Method: quicksort  Memory: 442kB
              ->  Nested Loop  (cost=1.29..24954.14 rows=101 width=45) (actual time=4.779..618.174 rows=4025 loops=1)
                    ->  Nested Loop  (cost=1.00..24923.24 rows=101 width=36) (actual time=4.774..609.449 rows=4025 loops=1)
                          ->  Nested Loop  (cost=0.85..24905.90 rows=102 width=44) (actual time=4.769..604.532 rows=4055 loops=1)
                                ->  Nested Loop  (cost=0.43..21531.98 rows=7137 width=52) (actual time=4.014..126.183 rows=279031 loops=1)
                                      ->  Seq Scan on date_dim  (cost=0.00..2318.11 rows=363 width=8) (actual time=4.003..8.646 rows=365 loops=1)
                                            Filter: (d_year = 1999)
                                            Rows Removed by Filter: 72684
                                      ->  Index Scan using i_cs_sold_date_sk on catalog_sales  (cost=0.43..45.08 rows=785 width=60) (actual time=0.004..0.178 rows=764 loops=365)
                                            Index Cond: (cs_sold_date_sk = date_dim.d_date_sk)
                                ->  Index Scan using pk_customer_demographics on customer_demographics  (cost=0.43..0.47 rows=1 width=8) (actual time=0.002..0.002 rows=0 loops=279031)
                                      Index Cond: (cd_demo_sk = catalog_sales.cs_bill_cdemo_sk)
                                      Filter: ((cd_gender = 'M'::bpchar) AND (cd_marital_status = 'D'::bpchar) AND (cd_education_status = 'Advanced Degree'::bpchar))
                                      Rows Removed by Filter: 1
                          ->  Index Scan using pk_promotion on promotion  (cost=0.15..0.17 rows=1 width=8) (actual time=0.001..0.001 rows=1 loops=4055)
                                Index Cond: (p_promo_sk = catalog_sales.cs_promo_sk)
                                Filter: ((p_channel_email = 'N'::bpchar) OR (p_channel_event = 'N'::bpchar))
                                Rows Removed by Filter: 0
                    ->  Index Scan using pk_item on item  (cost=0.29..0.31 rows=1 width=25) (actual time=0.002..0.002 rows=1 loops=4025)
                          Index Cond: (i_item_sk = catalog_sales.cs_item_sk)
    i_item_id     |         agg1         |        agg2        |        agg3        |        agg4        
------------------+----------------------+--------------------+--------------------+--------------------
 AAAAAAAAAABAAAAA |  20.5000000000000000 |              46.39 |              4.145 |             36.365
 AAAAAAAAAACAAAAA |  72.0000000000000000 |             138.42 |                  0 |               95.5
 AAAAAAAAAACCAAAA |  71.0000000000000000 |               9.37 |                  0 |               4.59
 AAAAAAAAAADBAAAA |  65.0000000000000000 | 113.35333333333331 | 174.56333333333336 |  37.43333333333334
 AAAAAAAAAAEBAAAA |  64.0000000000000000 | 27.325000000000003 |             59.145 |             20.435
 AAAAAAAAAAFCAAAA |   8.0000000000000000 |             111.44 |                  0 |                  0
 AAAAAAAAAAFDAAAA |  19.0000000000000000 |              55.98 |                  0 |              35.26
 AAAAAAAAAAGBAAAA |   6.0000000000000000 |             174.87 |                  0 |              33.22
 AAAAAAAAAAHDAAAA |  37.5000000000000000 |             87.715 |            831.945 |              44.19
 AAAAAAAAAAIAAAAA |  64.0000000000000000 |               3.95 |                  0 |               2.09
 AAAAAAAAAAICAAAA |  64.0000000000000000 |             79.395 |                  0 |             54.175
 AAAAAAAAAAKAAAAA |  23.0000000000000000 |             214.59 |             197.39 |              53.64
 AAAAAAAAAAKBAAAA |  31.0000000000000000 |  44.69499999999999 |             301.82 | 26.040000000000003
 AAAAAAAAAALCAAAA |  72.0000000000000000 |               7.65 |                  0 |               3.36
 AAAAAAAAAAMBAAAA |   7.0000000000000000 |              88.58 |                  0 |              60.23
 AAAAAAAAAAMCAAAA |  55.0000000000000000 |             117.07 |                  0 |              12.87
 AAAAAAAAAAOCAAAA |  50.0000000000000000 |              88.05 |                  0 |              33.08
 AAAAAAAAABAAAAAA |  16.0000000000000000 |              95.72 |                  0 |               4.78
 AAAAAAAAABABAAAA |   5.0000000000000000 |              175.6 |                  0 |              14.04
 AAAAAAAAABAEAAAA |  17.0000000000000000 |              85.97 |                  0 |              24.07
 AAAAAAAAABCBAAAA |  93.0000000000000000 |              96.89 |                  0 |              51.35
 AAAAAAAAABDDAAAA |  51.0000000000000000 |               53.3 |                  0 |               42.1
 AAAAAAAAABDEAAAA |  57.0000000000000000 |              74.62 |                  0 |              15.67
 AAAAAAAAABEAAAAA |  41.0000000000000000 |              49.28 |                  0 |              44.35
 AAAAAAAAABEDAAAA |  39.0000000000000000 |             182.18 |                  0 |             173.07
 AAAAAAAAABHAAAAA |  11.0000000000000000 |             171.41 |                  0 |              65.13
 AAAAAAAAABHDAAAA | 100.0000000000000000 |               7.73 |                  0 |               4.79
 AAAAAAAAABJAAAAA |  41.0000000000000000 |  85.78500000000001 |              81.27 | 42.785000000000004
 AAAAAAAAABJBAAAA |  72.0000000000000000 |             179.39 |                  0 |              60.99
 AAAAAAAAABKAAAAA |  52.0000000000000000 |              11.45 |                  0 |                1.6
 AAAAAAAAABKCAAAA |  24.0000000000000000 |             153.34 |                  0 |               87.4
 AAAAAAAAABKDAAAA |  57.0000000000000000 |               78.8 |            1293.44 |              56.73
 AAAAAAAAABLBAAAA |  45.0000000000000000 |              21.68 |                  0 |              18.86
 AAAAAAAAABLCAAAA |  71.0000000000000000 |              28.74 |                  0 |               5.46
 AAAAAAAAABMBAAAA |  42.0000000000000000 |             184.11 |                  0 |             101.26
 AAAAAAAAABNAAAAA |  30.0000000000000000 |              48.53 |                  0 |              38.33
 AAAAAAAAABPBAAAA |  34.0000000000000000 |               8.44 |               6.01 |               0.59
 AAAAAAAAACAAAAAA |  58.0000000000000000 |              157.6 |                  0 |              99.28
 AAAAAAAAACBEAAAA |  51.0000000000000000 |              33.09 |                  0 |               7.94
 AAAAAAAAACCDAAAA |  59.0000000000000000 |             193.77 |                  0 |              23.25
 AAAAAAAAACDAAAAA |  99.0000000000000000 |              80.72 |                  0 |              80.72
 AAAAAAAAACDCAAAA |  20.0000000000000000 |             102.71 |                  0 |              71.89
 AAAAAAAAACDDAAAA |  11.0000000000000000 |             255.48 |                  0 |             114.96
 AAAAAAAAACEBAAAA |  95.0000000000000000 |              86.79 |                  0 |              78.97
 AAAAAAAAACFBAAAA |  62.0000000000000000 |             101.36 |             286.25 |                8.1
 AAAAAAAAACFEAAAA |  43.0000000000000000 |             128.15 |                  0 |                 41
 AAAAAAAAACGAAAAA |  67.0000000000000000 |             188.31 |                  0 |             131.81
 AAAAAAAAACGCAAAA |  23.0000000000000000 |             179.38 |             884.89 |              98.65
 AAAAAAAAACHBAAAA |  25.0000000000000000 |              76.09 |            1288.76 |              58.58
 AAAAAAAAACJDAAAA |  22.0000000000000000 |             131.63 |                  0 |             118.46
 AAAAAAAAACKBAAAA |  74.0000000000000000 |              63.64 |                  0 |              13.36
 AAAAAAAAACLAAAAA |  62.0000000000000000 |              99.69 |                  0 |              47.85
 AAAAAAAAACLBAAAA |  90.0000000000000000 |             117.84 |                  0 |              80.13
 AAAAAAAAACOAAAAA |  36.0000000000000000 |             230.92 |                  0 |             110.84
 AAAAAAAAACOBAAAA |  73.0000000000000000 |              203.6 |                  0 |             124.19
 AAAAAAAAADBBAAAA |  10.0000000000000000 |              17.94 |              14.56 |                5.2
 AAAAAAAAADBDAAAA |  51.0000000000000000 |              102.5 |                  0 |              54.32
 AAAAAAAAADBEAAAA |  27.0000000000000000 |  70.61999999999999 |               0.36 | 54.044999999999995
 AAAAAAAAADCDAAAA |  79.0000000000000000 |              15.76 |                  0 |               9.45
 AAAAAAAAADFCAAAA |  64.0000000000000000 |              32.19 |             806.55 |              14.16
 AAAAAAAAADHAAAAA |  59.0000000000000000 |               3.84 |                  0 |               2.34
 AAAAAAAAADIAAAAA |   8.0000000000000000 |             121.87 |                  0 |              30.46
 AAAAAAAAADICAAAA |  43.0000000000000000 |             137.35 |                  0 |             109.88
 AAAAAAAAADJCAAAA |   8.0000000000000000 |              15.66 |                  0 |              13.31
 AAAAAAAAADKDAAAA |  42.0000000000000000 |               8.85 |                  0 |               6.49
 AAAAAAAAADLCAAAA |  37.0000000000000000 |             104.95 |                  0 |              35.53
 AAAAAAAAADMCAAAA |  80.0000000000000000 |              205.5 |                  0 |             125.35
 AAAAAAAAADNAAAAA |  36.0000000000000000 |             134.18 |                  0 |               8.05
 AAAAAAAAADOAAAAA |  29.0000000000000000 |             131.26 |                  0 |              89.25
 AAAAAAAAADOCAAAA |   5.0000000000000000 |             142.23 |                  0 |              86.76
 AAAAAAAAADPBAAAA |  13.0000000000000000 |              90.65 |                  0 |              86.85
 AAAAAAAAAEBCAAAA |  59.3333333333333333 |  53.79666666666666 |                  0 | 19.966666666666665
 AAAAAAAAAEDEAAAA |  21.0000000000000000 |              29.55 |                  0 |              22.45
 AAAAAAAAAEECAAAA |  56.0000000000000000 |             126.82 |                  0 |              45.65
 AAAAAAAAAEFCAAAA |  71.6666666666666667 |             100.71 |                  0 |  43.42333333333334
 AAAAAAAAAEGDAAAA |  99.0000000000000000 |              49.78 |                  0 |               7.96
 AAAAAAAAAEHDAAAA |  74.0000000000000000 |              110.1 |                  0 |                  0
 AAAAAAAAAEJDAAAA |  46.0000000000000000 |             131.92 |                  0 |              58.04
 AAAAAAAAAEKCAAAA |  36.0000000000000000 |              95.79 |                  0 |              57.47
 AAAAAAAAAENAAAAA |  50.0000000000000000 |             22.325 |                  0 |              3.095
 AAAAAAAAAEOBAAAA | 100.0000000000000000 |             111.07 |                  0 |              79.97
 AAAAAAAAAEOCAAAA |  28.0000000000000000 |              56.01 |             543.31 |              35.28
 AAAAAAAAAEPAAAAA |  37.0000000000000000 |              77.61 |                  0 |               6.98
 AAAAAAAAAEPDAAAA |  20.0000000000000000 |              58.61 |                  0 |              10.54
 AAAAAAAAAFADAAAA |  87.0000000000000000 |               31.7 |             848.45 |              18.06
 AAAAAAAAAFCAAAAA |  80.0000000000000000 |              22.51 |                  0 |               13.5
 AAAAAAAAAFCDAAAA |  62.0000000000000000 |             45.075 |              54.01 |             29.035
 AAAAAAAAAFCEAAAA |  17.0000000000000000 |                 19 |                  0 |               4.56
 AAAAAAAAAFDCAAAA |  11.0000000000000000 |               97.5 |                  0 |               70.2
 AAAAAAAAAFDDAAAA |  40.0000000000000000 |             180.52 |                  0 |             126.36
 AAAAAAAAAFECAAAA |  61.0000000000000000 |             260.43 |                  0 |              33.85
 AAAAAAAAAFFAAAAA |  44.0000000000000000 |             131.99 |                  0 |             78.105
 AAAAAAAAAFFBAAAA |  95.0000000000000000 |              38.65 |                  0 |              37.87
 AAAAAAAAAFHCAAAA |  79.0000000000000000 |             144.47 |                  0 |             102.57
 AAAAAAAAAFIBAAAA |  28.0000000000000000 |              47.59 |                  0 |              11.42
 AAAAAAAAAFJDAAAA |  99.0000000000000000 |              134.8 |                  0 |              82.22
 AAAAAAAAAFPDAAAA |  97.0000000000000000 |              45.56 |                  0 |              21.86
 AAAAAAAAAGABAAAA |  46.0000000000000000 |             103.41 |                  0 |              22.75
 AAAAAAAAAGBAAAAA |  58.0000000000000000 |              44.34 |                  0 |             13.755
 AAAAAAAAAGCCAAAA |  76.0000000000000000 |              57.57 |                  0 |                  0
(100 rows)

UPDATE time_statistics SET e_time = TRANSACTION_TIMESTAMP() WHERE template = 'query26.tpl' AND stream = 7;
psql:/tmp/s1-basline/throughput/query_7.sql:2194: NOTICE:  duration: 0.091 ms  plan:
Query Text: UPDATE time_statistics SET e_time = TRANSACTION_TIMESTAMP() WHERE template = 'query26.tpl' AND stream = 7;
Update on time_statistics  (cost=0.00..16.72 rows=0 width=0) (actual time=0.090..0.091 rows=0 loops=1)
  ->  Seq Scan on time_statistics  (cost=0.00..16.72 rows=1 width=14) (actual time=0.075..0.075 rows=1 loops=1)
        Filter: ((template = 'query26.tpl'::text) AND (stream = 7))
        Rows Removed by Filter: 623
UPDATE 1
LOAD 'auto_explain'; SET auto_explain.log_min_duration TO 0; SET auto_explain.log_analyze TO on; SET auto_explain.log_level TO notice; INSERT INTO time_statistics (template, s_time, stream, query, seed) VALUES ('query19.tpl', TRANSACTION_TIMESTAMP(), 7, 48, 604304832);
LOAD
SET
SET
SET
psql:/tmp/s1-basline/throughput/query_7.sql:2195: NOTICE:  duration: 0.009 ms  plan:
Query Text: INSERT INTO time_statistics (template, s_time, stream, query, seed) VALUES ('query19.tpl', TRANSACTION_TIMESTAMP(), 7, 48, 604304832);
Insert on time_statistics  (cost=0.00..0.01 rows=0 width=0) (actual time=0.008..0.009 rows=0 loops=1)
  ->  Result  (cost=0.00..0.01 rows=1 width=64) (actual time=0.001..0.001 rows=1 loops=1)
INSERT 0 1
select  i_brand_id brand_id, i_brand brand, i_manufact_id, i_manufact,
 	sum(ss_ext_sales_price) ext_price
 from date_dim, store_sales, item,customer,customer_address,store
 where d_date_sk = ss_sold_date_sk
   and ss_item_sk = i_item_sk
   and i_manager_id=7
   and d_moy=11
   and d_year=2000
   and ss_customer_sk = c_customer_sk 
   and c_current_addr_sk = ca_address_sk
   and substr(ca_zip,1,5) <> substr(s_zip,1,5) 
   and ss_store_sk = s_store_sk 
 group by i_brand
      ,i_brand_id
      ,i_manufact_id
      ,i_manufact
 order by ext_price desc
         ,i_brand
         ,i_brand_id
         ,i_manufact_id
         ,i_manufact
limit 100 ;
psql:/tmp/s1-basline/throughput/query_7.sql:2217: NOTICE:  duration: 192.818 ms  plan:
Query Text: select  i_brand_id brand_id, i_brand brand, i_manufact_id, i_manufact,
 	sum(ss_ext_sales_price) ext_price
 from date_dim, store_sales, item,customer,customer_address,store
 where d_date_sk = ss_sold_date_sk
   and ss_item_sk = i_item_sk
   and i_manager_id=7
   and d_moy=11
   and d_year=2000
   and ss_customer_sk = c_customer_sk 
   and c_current_addr_sk = ca_address_sk
   and substr(ca_zip,1,5) <> substr(s_zip,1,5) 
   and ss_store_sk = s_store_sk 
 group by i_brand
      ,i_brand_id
      ,i_manufact_id
      ,i_manufact
 order by ext_price desc
         ,i_brand
         ,i_brand_id
         ,i_manufact_id
         ,i_manufact
limit 100 ;
Limit  (cost=41342.50..41342.54 rows=17 width=118) (actual time=192.744..192.757 rows=100 loops=1)
  ->  Sort  (cost=41342.50..41342.54 rows=17 width=118) (actual time=192.744..192.750 rows=100 loops=1)
        Sort Key: (sum(store_sales.ss_ext_sales_price)) DESC, item.i_brand, item.i_brand_id, item.i_manufact_id, item.i_manufact
        Sort Method: quicksort  Memory: 77kB
        ->  GroupAggregate  (cost=41341.73..41342.15 rows=17 width=118) (actual time=192.242..192.684 rows=199 loops=1)
              Group Key: item.i_brand, item.i_brand_id, item.i_manufact_id, item.i_manufact
              ->  Sort  (cost=41341.73..41341.77 rows=17 width=118) (actual time=192.230..192.282 rows=1308 loops=1)
                    Sort Key: item.i_brand, item.i_brand_id, item.i_manufact_id, item.i_manufact
                    Sort Method: quicksort  Memory: 253kB
                    ->  Nested Loop  (cost=1.30..41341.38 rows=17 width=118) (actual time=4.332..190.348 rows=1308 loops=1)
                          Join Filter: (substr((customer_address.ca_zip)::text, 1, 5) <> substr((store.s_zip)::text, 1, 5))
                          Rows Removed by Join Filter: 30
                          ->  Nested Loop  (cost=1.01..41335.53 rows=17 width=137) (actual time=4.324..186.320 rows=1338 loops=1)
                                ->  Nested Loop  (cost=0.72..41329.93 rows=18 width=137) (actual time=4.319..182.527 rows=1354 loops=1)
                                      Join Filter: (store_sales.ss_store_sk = store.s_store_sk)
                                      Rows Removed by Join Filter: 6333
                                      ->  Nested Loop  (cost=0.72..41325.66 rows=19 width=134) (actual time=4.311..181.499 rows=1393 loops=1)
                                            ->  Nested Loop  (cost=0.43..40988.10 rows=1096 width=32) (actual time=4.245..48.511 rows=87040 loops=1)
                                                  ->  Seq Scan on date_dim  (cost=0.00..2500.73 rows=29 width=8) (actual time=4.234..8.898 rows=30 loops=1)
                                                        Filter: ((d_moy = 11) AND (d_year = 2000))
                                                        Rows Removed by Filter: 73019
                                                  ->  Index Scan using i_ss_sold_date_sk on store_sales  (cost=0.43..1312.00 rows=1515 width=40) (actual time=0.007..0.907 rows=2901 loops=30)
                                                        Index Cond: (ss_sold_date_sk = date_dim.d_date_sk)
                                            ->  Index Scan using pk_item on item  (cost=0.29..0.31 rows=1 width=118) (actual time=0.001..0.001 rows=0 loops=87040)
                                                  Index Cond: (i_item_sk = store_sales.ss_item_sk)
                                                  Filter: (i_manager_id = 7)
                                                  Rows Removed by Filter: 1
                                      ->  Materialize  (cost=0.00..1.18 rows=12 width=19) (actual time=0.000..0.000 rows=6 loops=1393)
                                            ->  Seq Scan on store  (cost=0.00..1.12 rows=12 width=19) (actual time=0.003..0.007 rows=12 loops=1)
                                ->  Index Scan using pk_customer on customer  (cost=0.29..0.31 rows=1 width=16) (actual time=0.002..0.002 rows=1 loops=1354)
                                      Index Cond: (c_customer_sk = store_sales.ss_customer_sk)
                          ->  Index Scan using pk_customer_address on customer_address  (cost=0.29..0.32 rows=1 width=19) (actual time=0.002..0.002 rows=1 loops=1338)
                                Index Cond: (ca_address_sk = customer.c_current_addr_sk)
 brand_id |                       brand                        | i_manufact_id |                     i_manufact                     |     ext_price      
----------+----------------------------------------------------+---------------+----------------------------------------------------+--------------------
  3004002 | edu packexporti #2                                 |           313 | prioughtpri                                        |           64841.26
  5004002 | edu packscholar #2                                 |           132 | ablepriought                                       |  50578.58999999999
  4003001 | corpcorp #6                                        |           408 | eingbarese                                         |           46204.72
  3002002 | importoexporti #2                                  |           323 | priablepri                                         |           44219.71
 10016011 | corpamalgamalg #11                                 |           287 | ationeingable                                      | 42772.579999999994
  7007005 | namelessnameless #6                                |            54 | bareingought                                       |            41783.4
  9003009 | exportimaxi #9                                     |           123 | priableought                                       |           41381.75
  6001003 | amalgcorp #3                                       |           341 | oughtesepri                                        | 37006.299999999996
  6011006 | amalgbrand #6                                      |           376 | callyationpri                                      | 35715.520000000004
  7011005 | amalgnameless #5                                   |           250 | barantiable                                        |           33925.06
 10011015 | amalgamalgamalg #15                                |            74 | eseation                                           |           32462.68
  2004002 | edu packimporto #2                                 |           560 | barcallyanti                                       | 32339.609999999997
  2004001 | edu packimporto #1                                 |           936 | callyprin st                                       |           31807.83
  9011009 | amalgunivamalg #9                                  |            47 | ationese                                           |           30882.41
 10015013 | brandunivamalg #14                                 |           413 | prioughtese                                        | 29873.739999999998
  6003006 | exporticorp #6                                     |           229 | n stableable                                       |           28453.55
  6015006 | scholarbrand #6                                    |           251 | oughtantiable                                      |           26723.01
  2002002 | importoimporto #2                                  |           968 | eingcallyn st                                      |           26622.65
  4002002 | importoedu pack #2                                 |            83 | prieing                                            | 26518.479999999996
  8010009 | edu packexporti #2                                 |           704 | esebaration                                        |           26288.36
  3001001 | amalgexporti #1                                    |           527 | ationableanti                                      |           26213.73
  9001002 | amalgmaxi #2                                       |            20 | barable                                            | 25643.590000000004
  8007007 | brandnameless #7                                   |            64 | esecally                                           |           25375.34
  8001004 | amalgnameless #4                                   |           435 | antipriese                                         |           25164.36
  4004002 | edu packedu pack #2                                |           307 | ationbarpri                                        |           25107.42
  1003002 | exportiamalg #2                                    |           302 | ablebarpri                                         | 24856.449999999997
  1003002 | exportiamalg #2                                    |           567 | ationcallyanti                                     |           24702.87
  1002001 | importoamalg #1                                    |           354 | eseantipri                                         |           24659.72
  9005011 | univunivamalg #12                                  |           600 | n steing                                           |           24503.09
  3004002 | edu packexporti #2                                 |             4 | ese                                                | 23902.010000000002
  1001001 | amalgamalg #1                                      |            35 | antipri                                            | 23155.100000000002
  9003003 | exportimaxi #3                                     |           772 | ableationation                                     | 22957.319999999996
  1003002 | exportiamalg #2                                    |           205 | antibarable                                        |           22678.53
  2003001 | importomaxi #12                                    |           995 | antin stn st                                       |           22636.86
  6013006 | exportibrand #6                                    |            11 | oughtought                                         |           21949.22
  8006007 | corpnameless #7                                    |           552 | ableantianti                                       | 21663.370000000003
  3001002 | amalgexporti #2                                    |           514 | eseoughtanti                                       |           21451.06
  4004002 | edu packedu pack #2                                |           448 | eingeseese                                         |           21031.86
  3001001 | amalgexporti #1                                    |           540 | bareseanti                                         |           20732.48
  4004002 | edu packedu pack #2                                |           270 | barationable                                       |           20593.89
  2002002 | importoimporto #2                                  |           292 | ablen stable                                       |            20328.9
  8013008 | exportimaxi #8                                     |           126 | callyableought                                     |           20016.76
  6002003 | importocorp #3                                     |           529 | n stableanti                                       |           19798.24
  9009006 | edu packmaxi #7                                    |            22 | priationought                                      |           19797.52
  5004002 | edu packscholar #2                                 |           370 | barationpri                                        |           19494.93
 10014006 | edu packamalgamalg #6                              |           115 | antioughtought                                     |           19243.24
  9016009 | corpunivamalg #9                                   |           348 | eingesepri                                         | 19175.109999999997
  5002002 | importoscholar #2                                  |            46 | callyese                                           |           19163.89
  2002001 | importoimporto #1                                  |           360 | barcallypri                                        | 18989.059999999998
  5004002 | edu packscholar #2                                 |           649 | barantiable                                        |           18925.31
  1002001 | importoamalg #1                                    |           294 | esen stable                                        |           18423.77
  1003002 | exportiamalg #2                                    |           792 | ablen station                                      |            18052.9
  2004002 | edu packimporto #2                                 |           298 | eingn stable                                       |              18043
  9015005 | amalgimporto #2                                    |           192 | ablen stought                                      | 18033.409999999996
  9013003 | exportiunivamalg #3                                |           486 | callyeingese                                       | 17872.010000000002
  8002001 | amalgedu pack #2                                   |           981 | oughteingn st                                      | 17501.109999999997
  9008011 | univbrand #8                                       |           420 | barableese                                         | 16980.809999999998
  1004002 | edu packamalg #2                                   |           269 | n stcallyable                                      |           16844.97
  8007001 | exportiamalg #2                                    |           441 | eseationought                                      |           16544.39
 10010003 | univamalgamalg #3                                  |           112 | ableoughtought                                     |           16531.92
  1003001 | edu packimporto #2                                 |            93 | prin st                                            |           16423.38
  6001007 | amalgcorp #7                                       |           182 | ableeingought                                      | 16423.149999999998
  2002002 | importoimporto #2                                  |           409 | n stbarese                                         |           16340.84
  8008004 | namelessnameless #4                                |           305 | ableoughtcally                                     |           16307.25
  2001002 | amalgimporto #2                                    |           465 | anticallyese                                       |           16207.16
  3003001 | exportiexporti #1                                  |           108 | eingbarought                                       |           15898.24
  4003002 | exportiedu pack #2                                 |           618 | eingoughtcally                                     | 15770.310000000001
  4003002 | exportiedu pack #2                                 |           700 | barbaration                                        |           15512.18
  5004002 | edu packscholar #2                                 |           839 | n stprieing                                        |           15501.05
  7013010 | exportinameless #10                                |           322 | ableablepri                                        |           15489.52
  8016008 | corpmaxi #8                                        |            80 | bareing                                            | 15461.280000000002
 10013007 | exportiamalgamalg #7                               |           215 | antioughtable                                      |           15439.42
  4002001 | importoedu pack #1                                 |           830 | barprieing                                         | 15303.880000000001
  2003001 | exportiimporto #1                                  |           444 | eseeseese                                          | 15296.789999999999
  4004002 | edu packedu pack #2                                |            10 | barought                                           |            15182.9
  9011008 | amalgunivamalg #8                                  |           922 | ableablen st                                       |           15138.65
  8001009 | amalgnameless #9                                   |           132 | ablepriought                                       |           15058.51
 10001003 | amalgunivamalg #3                                  |            45 | antiese                                            | 14736.449999999999
  5003002 | exportischolar #2                                  |           235 | ablen stpri                                        |           14644.05
  5002002 | importoscholar #2                                  |           549 | n steseanti                                        | 14515.689999999999
 10011004 | amalgamalgamalg #4                                 |           834 | eseprieing                                         | 14336.740000000002
  9005011 | edu packscholar #2                                 |            35 | antipri                                            |           14179.21
  8014004 | edu packmaxi #4                                    |           518 | eingoughtanti                                      |           13902.66
  8014009 | edu packexporti #2                                 |           160 | barcallyought                                      |           13666.07
  1003001 | exportiamalg #1                                    |            95 | antin st                                           |            13645.3
  5001002 | amalgscholar #2                                    |           981 | oughteingn st                                      | 13632.550000000001
  7005002 | scholarbrand #2                                    |           721 | oughtableation                                     |           13484.41
 10009014 | maxiunivamalg #14                                  |           314 | eseoughtpri                                        | 13454.690000000002
  6005003 | scholarcorp #3                                     |           203 | pribarable                                         |           13347.32
  9001006 | amalgmaxi #6                                       |           193 | prin stought                                       |           13030.32
  4004002 | edu packedu pack #2                                |           699 | n stn stcally                                      | 12970.070000000002
  9002002 | importomaxi #2                                     |           622 | ableablecally                                      |           12790.81
  5002001 | importoscholar #1                                  |           786 | callyeingation                                     | 12646.449999999999
  3002002 | importoexporti #2                                  |           289 | n steingable                                       | 12637.550000000001
 10003003 | exportiunivamalg #3                                |           611 | oughtoughtcally                                    |           12564.04
  3003001 | exportiexporti #1                                  |           184 | eseeingought                                       |           12524.44
  8016005 | corpmaxi #4                                        |           328 | callybarpri                                        | 12468.999999999998
  9007006 | brandmaxi #6                                       |           644 | callyeseought                                      | 12461.740000000002
  8013003 | exportimaxi #3                                     |           190 | barn stought                                       |           12317.36
 10009006 | maxiunivamalg #6                                   |           262 | ablecallyable                                      | 12266.789999999999
(100 rows)

UPDATE time_statistics SET e_time = TRANSACTION_TIMESTAMP() WHERE template = 'query19.tpl' AND stream = 7;
psql:/tmp/s1-basline/throughput/query_7.sql:2219: NOTICE:  duration: 0.104 ms  plan:
Query Text: UPDATE time_statistics SET e_time = TRANSACTION_TIMESTAMP() WHERE template = 'query19.tpl' AND stream = 7;
Update on time_statistics  (cost=0.00..16.72 rows=0 width=0) (actual time=0.103..0.103 rows=0 loops=1)
  ->  Seq Scan on time_statistics  (cost=0.00..16.72 rows=1 width=14) (actual time=0.089..0.089 rows=1 loops=1)
        Filter: ((template = 'query19.tpl'::text) AND (stream = 7))
        Rows Removed by Filter: 624
UPDATE 1
LOAD 'auto_explain'; SET auto_explain.log_min_duration TO 0; SET auto_explain.log_analyze TO on; SET auto_explain.log_level TO notice; INSERT INTO time_statistics (template, s_time, stream, query, seed) VALUES ('query58.tpl', TRANSACTION_TIMESTAMP(), 7, 49, 2073411928);
LOAD
SET
SET
SET
psql:/tmp/s1-basline/throughput/query_7.sql:2220: NOTICE:  duration: 0.009 ms  plan:
Query Text: INSERT INTO time_statistics (template, s_time, stream, query, seed) VALUES ('query58.tpl', TRANSACTION_TIMESTAMP(), 7, 49, 2073411928);
Insert on time_statistics  (cost=0.00..0.01 rows=0 width=0) (actual time=0.008..0.008 rows=0 loops=1)
  ->  Result  (cost=0.00..0.01 rows=1 width=64) (actual time=0.001..0.002 rows=1 loops=1)
INSERT 0 1
with ss_items as
 (select i_item_id item_id
        ,sum(ss_ext_sales_price) ss_item_rev 
 from store_sales
     ,item
     ,date_dim
 where ss_item_sk = i_item_sk
   and d_date in (select d_date
                  from date_dim
                  where d_week_seq = (select d_week_seq 
                                      from date_dim
                                      where d_date = '1999-03-17'))
   and ss_sold_date_sk   = d_date_sk
 group by i_item_id),
 cs_items as
 (select i_item_id item_id
        ,sum(cs_ext_sales_price) cs_item_rev
  from catalog_sales
      ,item
      ,date_dim
 where cs_item_sk = i_item_sk
  and  d_date in (select d_date
                  from date_dim
                  where d_week_seq = (select d_week_seq 
                                      from date_dim
                                      where d_date = '1999-03-17'))
  and  cs_sold_date_sk = d_date_sk
 group by i_item_id),
 ws_items as
 (select i_item_id item_id
        ,sum(ws_ext_sales_price) ws_item_rev
  from web_sales
      ,item
      ,date_dim
 where ws_item_sk = i_item_sk
  and  d_date in (select d_date
                  from date_dim
                  where d_week_seq =(select d_week_seq 
                                     from date_dim
                                     where d_date = '1999-03-17'))
  and ws_sold_date_sk   = d_date_sk
 group by i_item_id)
  select  ss_items.item_id
       ,ss_item_rev
       ,ss_item_rev/((ss_item_rev+cs_item_rev+ws_item_rev)/3) * 100 ss_dev
       ,cs_item_rev
       ,cs_item_rev/((ss_item_rev+cs_item_rev+ws_item_rev)/3) * 100 cs_dev
       ,ws_item_rev
       ,ws_item_rev/((ss_item_rev+cs_item_rev+ws_item_rev)/3) * 100 ws_dev
       ,(ss_item_rev+cs_item_rev+ws_item_rev)/3 average
 from ss_items,cs_items,ws_items
 where ss_items.item_id=cs_items.item_id
   and ss_items.item_id=ws_items.item_id 
   and ss_item_rev between 0.9 * cs_item_rev and 1.1 * cs_item_rev
   and ss_item_rev between 0.9 * ws_item_rev and 1.1 * ws_item_rev
   and cs_item_rev between 0.9 * ss_item_rev and 1.1 * ss_item_rev
   and cs_item_rev between 0.9 * ws_item_rev and 1.1 * ws_item_rev
   and ws_item_rev between 0.9 * ss_item_rev and 1.1 * ss_item_rev
   and ws_item_rev between 0.9 * cs_item_rev and 1.1 * cs_item_rev
 order by item_id
         ,ss_item_rev
 limit 100;
psql:/tmp/s1-basline/throughput/query_7.sql:2282: NOTICE:  duration: 78.530 ms  plan:
Query Text: with ss_items as
 (select i_item_id item_id
        ,sum(ss_ext_sales_price) ss_item_rev 
 from store_sales
     ,item
     ,date_dim
 where ss_item_sk = i_item_sk
   and d_date in (select d_date
                  from date_dim
                  where d_week_seq = (select d_week_seq 
                                      from date_dim
                                      where d_date = '1999-03-17'))
   and ss_sold_date_sk   = d_date_sk
 group by i_item_id),
 cs_items as
 (select i_item_id item_id
        ,sum(cs_ext_sales_price) cs_item_rev
  from catalog_sales
      ,item
      ,date_dim
 where cs_item_sk = i_item_sk
  and  d_date in (select d_date
                  from date_dim
                  where d_week_seq = (select d_week_seq 
                                      from date_dim
                                      where d_date = '1999-03-17'))
  and  cs_sold_date_sk = d_date_sk
 group by i_item_id),
 ws_items as
 (select i_item_id item_id
        ,sum(ws_ext_sales_price) ws_item_rev
  from web_sales
      ,item
      ,date_dim
 where ws_item_sk = i_item_sk
  and  d_date in (select d_date
                  from date_dim
                  where d_week_seq =(select d_week_seq 
                                     from date_dim
                                     where d_date = '1999-03-17'))
  and ws_sold_date_sk   = d_date_sk
 group by i_item_id)
  select  ss_items.item_id
       ,ss_item_rev
       ,ss_item_rev/((ss_item_rev+cs_item_rev+ws_item_rev)/3) * 100 ss_dev
       ,cs_item_rev
       ,cs_item_rev/((ss_item_rev+cs_item_rev+ws_item_rev)/3) * 100 cs_dev
       ,ws_item_rev
       ,ws_item_rev/((ss_item_rev+cs_item_rev+ws_item_rev)/3) * 100 ws_dev
       ,(ss_item_rev+cs_item_rev+ws_item_rev)/3 average
 from ss_items,cs_items,ws_items
 where ss_items.item_id=cs_items.item_id
   and ss_items.item_id=ws_items.item_id 
   and ss_item_rev between 0.9 * cs_item_rev and 1.1 * cs_item_rev
   and ss_item_rev between 0.9 * ws_item_rev and 1.1 * ws_item_rev
   and cs_item_rev between 0.9 * ss_item_rev and 1.1 * ss_item_rev
   and cs_item_rev between 0.9 * ws_item_rev and 1.1 * ws_item_rev
   and ws_item_rev between 0.9 * ss_item_rev and 1.1 * ss_item_rev
   and ws_item_rev between 0.9 * cs_item_rev and 1.1 * cs_item_rev
 order by item_id
         ,ss_item_rev
 limit 100;
Limit  (cost=7738.42..7738.43 rows=1 width=73) (actual time=78.519..78.527 rows=0 loops=1)
  ->  Sort  (cost=7738.42..7738.43 rows=1 width=73) (actual time=78.519..78.526 rows=0 loops=1)
        Sort Key: item.i_item_id, (sum(store_sales.ss_ext_sales_price))
        Sort Method: quicksort  Memory: 25kB
        ->  Merge Join  (cost=7721.91..7738.41 rows=1 width=73) (actual time=78.515..78.523 rows=0 loops=1)
              Merge Cond: (item.i_item_id = item_1.i_item_id)
              Join Filter: (((sum(store_sales.ss_ext_sales_price)) >= ('0.9'::double precision * (sum(catalog_sales.cs_ext_sales_price)))) AND ((sum(store_sales.ss_ext_sales_price)) <= ('1.1'::double precision * (sum(catalog_sales.cs_ext_sales_price)))) AND ((sum(catalog_sales.cs_ext_sales_price)) >= ('0.9'::double precision * (sum(store_sales.ss_ext_sales_price)))) AND ((sum(catalog_sales.cs_ext_sales_price)) <= ('1.1'::double precision * (sum(store_sales.ss_ext_sales_price)))) AND ((sum(store_sales.ss_ext_sales_price)) >= ('0.9'::double precision * (sum(web_sales.ws_ext_sales_price)))) AND ((sum(store_sales.ss_ext_sales_price)) <= ('1.1'::double precision * (sum(web_sales.ws_ext_sales_price)))) AND ((sum(web_sales.ws_ext_sales_price)) >= ('0.9'::double precision * (sum(store_sales.ss_ext_sales_price)))) AND ((sum(web_sales.ws_ext_sales_price)) <= ('1.1'::double precision * (sum(store_sales.ss_ext_sales_price)))))
              Rows Removed by Join Filter: 6
              ->  GroupAggregate  (cost=2732.63..2737.27 rows=265 width=25) (actual time=37.473..39.685 rows=4469 loops=1)
                    Group Key: item.i_item_id
                    InitPlan 1 (returns $0)
                      ->  Index Scan using i_d_date on date_dim date_dim_6  (cost=0.29..2.51 rows=1 width=4) (actual time=0.006..0.007 rows=1 loops=1)
                            Index Cond: (d_date = '1999-03-17'::date)
                    ->  Sort  (cost=2730.12..2730.78 rows=265 width=25) (actual time=37.469..37.913 rows=6246 loops=1)
                          Sort Key: item.i_item_id
                          Sort Method: quicksort  Memory: 647kB
                          ->  Nested Loop  (cost=2319.14..2719.45 rows=265 width=25) (actual time=7.383..19.709 rows=6486 loops=1)
                                ->  Nested Loop  (cost=2318.85..2638.50 rows=265 width=16) (actual time=7.378..10.358 rows=6486 loops=1)
                                      ->  Nested Loop  (cost=2318.42..2335.84 rows=7 width=8) (actual time=7.369..7.385 rows=7 loops=1)
                                            ->  HashAggregate  (cost=2318.13..2318.20 rows=7 width=4) (actual time=7.364..7.366 rows=7 loops=1)
                                                  Group Key: date_dim_1.d_date
                                                  Batches: 1  Memory Usage: 24kB
                                                  ->  Seq Scan on date_dim date_dim_1  (cost=0.00..2318.11 rows=7 width=4) (actual time=3.676..7.360 rows=7 loops=1)
                                                        Filter: (d_week_seq = $0)
                                                        Rows Removed by Filter: 73042
                                            ->  Index Scan using i_d_date on date_dim  (cost=0.29..2.51 rows=1 width=12) (actual time=0.002..0.002 rows=1 loops=7)
                                                  Index Cond: (d_date = date_dim_1.d_date)
                                      ->  Index Scan using i_ss_sold_date_sk on store_sales  (cost=0.43..28.09 rows=1515 width=24) (actual time=0.006..0.288 rows=927 loops=7)
                                            Index Cond: (ss_sold_date_sk = date_dim.d_date_sk)
                                ->  Index Scan using pk_item on item  (cost=0.29..0.31 rows=1 width=25) (actual time=0.001..0.001 rows=1 loops=6486)
                                      Index Cond: (i_item_sk = store_sales.ss_item_sk)
              ->  Materialize  (cost=4989.28..4997.74 rows=1 width=50) (actual time=34.171..37.554 rows=15 loops=1)
                    ->  Merge Join  (cost=4989.28..4997.74 rows=1 width=50) (actual time=34.169..37.549 rows=15 loops=1)
                          Merge Cond: (item_1.i_item_id = item_2.i_item_id)
                          Join Filter: (((sum(catalog_sales.cs_ext_sales_price)) >= ('0.9'::double precision * (sum(web_sales.ws_ext_sales_price)))) AND ((sum(catalog_sales.cs_ext_sales_price)) <= ('1.1'::double precision * (sum(web_sales.ws_ext_sales_price)))) AND ((sum(web_sales.ws_ext_sales_price)) >= ('0.9'::double precision * (sum(catalog_sales.cs_ext_sales_price)))) AND ((sum(web_sales.ws_ext_sales_price)) <= ('1.1'::double precision * (sum(catalog_sales.cs_ext_sales_price)))))
                          Rows Removed by Join Filter: 402
                          ->  GroupAggregate  (cost=2545.36..2547.77 rows=138 width=25) (actual time=20.601..21.685 rows=2564 loops=1)
                                Group Key: item_1.i_item_id
                                InitPlan 2 (returns $1)
                                  ->  Index Scan using i_d_date on date_dim date_dim_7  (cost=0.29..2.51 rows=1 width=4) (actual time=0.002..0.003 rows=1 loops=1)
                                        Index Cond: (d_date = '1999-03-17'::date)
                                ->  Sort  (cost=2542.85..2543.19 rows=138 width=25) (actual time=20.599..20.751 rows=3037 loops=1)
                                      Sort Key: item_1.i_item_id
                                      Sort Method: quicksort  Memory: 310kB
                                      ->  Nested Loop  (cost=2319.14..2537.94 rows=138 width=25) (actual time=7.133..12.639 rows=3037 loops=1)
                                            ->  Nested Loop  (cost=2318.85..2495.72 rows=138 width=16) (actual time=7.128..8.357 rows=3037 loops=1)
                                                  ->  Nested Loop  (cost=2318.42..2335.84 rows=7 width=8) (actual time=7.115..7.130 rows=7 loops=1)
                                                        ->  HashAggregate  (cost=2318.13..2318.20 rows=7 width=4) (actual time=7.111..7.112 rows=7 loops=1)
                                                              Group Key: date_dim_3.d_date
                                                              Batches: 1  Memory Usage: 24kB
                                                              ->  Seq Scan on date_dim date_dim_3  (cost=0.00..2318.11 rows=7 width=4) (actual time=3.538..7.107 rows=7 loops=1)
                                                                    Filter: (d_week_seq = $1)
                                                                    Rows Removed by Filter: 73042
                                                        ->  Index Scan using i_d_date on date_dim date_dim_2  (cost=0.29..2.51 rows=1 width=12) (actual time=0.002..0.002 rows=1 loops=7)
                                                              Index Cond: (d_date = date_dim_3.d_date)
                                                  ->  Index Scan using i_cs_sold_date_sk on catalog_sales  (cost=0.43..14.99 rows=785 width=24) (actual time=0.005..0.105 rows=434 loops=7)
                                                        Index Cond: (cs_sold_date_sk = date_dim_2.d_date_sk)
                                            ->  Index Scan using pk_item on item item_1  (cost=0.29..0.31 rows=1 width=25) (actual time=0.001..0.001 rows=1 loops=3037)
                                                  Index Cond: (i_item_sk = catalog_sales.cs_item_sk)
                          ->  Materialize  (cost=2443.93..2446.00 rows=69 width=25) (actual time=13.523..14.417 rows=1531 loops=1)
                                ->  GroupAggregate  (cost=2443.93..2445.13 rows=69 width=25) (actual time=13.521..14.132 rows=1531 loops=1)
                                      Group Key: item_2.i_item_id
                                      InitPlan 3 (returns $2)
                                        ->  Index Scan using i_d_date on date_dim date_dim_8  (cost=0.29..2.51 rows=1 width=4) (actual time=0.003..0.003 rows=1 loops=1)
                                              Index Cond: (d_date = '1999-03-17'::date)
                                      ->  Sort  (cost=2441.42..2441.59 rows=69 width=25) (actual time=13.518..13.589 rows=1634 loops=1)
                                            Sort Key: item_2.i_item_id
                                            Sort Method: quicksort  Memory: 163kB
                                            ->  Nested Loop  (cost=2319.14..2439.31 rows=69 width=25) (actual time=6.430..9.606 rows=1634 loops=1)
                                                  ->  Nested Loop  (cost=2318.85..2418.13 rows=69 width=16) (actual time=6.426..7.220 rows=1634 loops=1)
                                                        ->  Nested Loop  (cost=2318.42..2335.84 rows=7 width=8) (actual time=6.416..6.430 rows=7 loops=1)
                                                              ->  HashAggregate  (cost=2318.13..2318.20 rows=7 width=4) (actual time=6.412..6.414 rows=7 loops=1)
                                                                    Group Key: date_dim_5.d_date
                                                                    Batches: 1  Memory Usage: 24kB
                                                                    ->  Seq Scan on date_dim date_dim_5  (cost=0.00..2318.11 rows=7 width=4) (actual time=3.228..6.409 rows=7 loops=1)
                                                                          Filter: (d_week_seq = $2)
                                                                          Rows Removed by Filter: 73042
                                                              ->  Index Scan using i_d_date on date_dim date_dim_4  (cost=0.29..2.51 rows=1 width=12) (actual time=0.001..0.002 rows=1 loops=7)
                                                                    Index Cond: (d_date = date_dim_5.d_date)
                                                        ->  Index Scan using i_ws_sold_date_sk on web_sales  (cost=0.42..7.79 rows=397 width=24) (actual time=0.004..0.076 rows=233 loops=7)
                                                              Index Cond: (ws_sold_date_sk = date_dim_4.d_date_sk)
                                                  ->  Index Scan using pk_item on item item_2  (cost=0.29..0.31 rows=1 width=25) (actual time=0.001..0.001 rows=1 loops=1634)
                                                        Index Cond: (i_item_sk = web_sales.ws_item_sk)
 item_id | ss_item_rev | ss_dev | cs_item_rev | cs_dev | ws_item_rev | ws_dev | average 
---------+-------------+--------+-------------+--------+-------------+--------+---------
(0 rows)

UPDATE time_statistics SET e_time = TRANSACTION_TIMESTAMP() WHERE template = 'query58.tpl' AND stream = 7;
psql:/tmp/s1-basline/throughput/query_7.sql:2284: NOTICE:  duration: 0.092 ms  plan:
Query Text: UPDATE time_statistics SET e_time = TRANSACTION_TIMESTAMP() WHERE template = 'query58.tpl' AND stream = 7;
Update on time_statistics  (cost=0.00..16.72 rows=0 width=0) (actual time=0.092..0.092 rows=0 loops=1)
  ->  Seq Scan on time_statistics  (cost=0.00..16.72 rows=1 width=14) (actual time=0.078..0.078 rows=1 loops=1)
        Filter: ((template = 'query58.tpl'::text) AND (stream = 7))
        Rows Removed by Filter: 625
UPDATE 1
LOAD 'auto_explain'; SET auto_explain.log_min_duration TO 0; SET auto_explain.log_analyze TO on; SET auto_explain.log_level TO notice; INSERT INTO time_statistics (template, s_time, stream, query, seed) VALUES ('query42.tpl', TRANSACTION_TIMESTAMP(), 7, 50, 1973060426);
LOAD
SET
SET
SET
psql:/tmp/s1-basline/throughput/query_7.sql:2285: NOTICE:  duration: 0.009 ms  plan:
Query Text: INSERT INTO time_statistics (template, s_time, stream, query, seed) VALUES ('query42.tpl', TRANSACTION_TIMESTAMP(), 7, 50, 1973060426);
Insert on time_statistics  (cost=0.00..0.01 rows=0 width=0) (actual time=0.008..0.008 rows=0 loops=1)
  ->  Result  (cost=0.00..0.01 rows=1 width=64) (actual time=0.001..0.001 rows=1 loops=1)
INSERT 0 1
select  dt.d_year
 	,item.i_category_id
 	,item.i_category
 	,sum(ss_ext_sales_price)
 from 	date_dim dt
 	,store_sales
 	,item
 where dt.d_date_sk = store_sales.ss_sold_date_sk
 	and store_sales.ss_item_sk = item.i_item_sk
 	and item.i_manager_id = 1  	
 	and dt.d_moy=11
 	and dt.d_year=2000
 group by 	dt.d_year
 		,item.i_category_id
 		,item.i_category
 order by       sum(ss_ext_sales_price) desc,dt.d_year
 		,item.i_category_id
 		,item.i_category
limit 100 ;
psql:/tmp/s1-basline/throughput/query_7.sql:2304: NOTICE:  duration: 177.982 ms  plan:
Query Text: select  dt.d_year
 	,item.i_category_id
 	,item.i_category
 	,sum(ss_ext_sales_price)
 from 	date_dim dt
 	,store_sales
 	,item
 where dt.d_date_sk = store_sales.ss_sold_date_sk
 	and store_sales.ss_item_sk = item.i_item_sk
 	and item.i_manager_id = 1  	
 	and dt.d_moy=11
 	and dt.d_year=2000
 group by 	dt.d_year
 		,item.i_category_id
 		,item.i_category
 order by       sum(ss_ext_sales_price) desc,dt.d_year
 		,item.i_category_id
 		,item.i_category
limit 100 ;
Limit  (cost=41326.90..41326.94 rows=19 width=67) (actual time=177.966..177.970 rows=10 loops=1)
  ->  Sort  (cost=41326.90..41326.94 rows=19 width=67) (actual time=177.965..177.967 rows=10 loops=1)
        Sort Key: (sum(store_sales.ss_ext_sales_price)) DESC, item.i_category_id, item.i_category
        Sort Method: quicksort  Memory: 26kB
        ->  GroupAggregate  (cost=41326.07..41326.49 rows=19 width=67) (actual time=177.648..177.959 rows=10 loops=1)
              Group Key: dt.d_year, item.i_category_id, item.i_category
              ->  Sort  (cost=41326.07..41326.11 rows=19 width=67) (actual time=177.593..177.652 rows=1533 loops=1)
                    Sort Key: item.i_category_id, item.i_category
                    Sort Method: quicksort  Memory: 216kB
                    ->  Nested Loop  (cost=0.72..41325.66 rows=19 width=67) (actual time=3.856..177.142 rows=1533 loops=1)
                          ->  Nested Loop  (cost=0.43..40988.10 rows=1096 width=20) (actual time=3.844..47.869 rows=87040 loops=1)
                                ->  Seq Scan on date_dim dt  (cost=0.00..2500.73 rows=29 width=12) (actual time=3.832..8.368 rows=30 loops=1)
                                      Filter: ((d_moy = 11) AND (d_year = 2000))
                                      Rows Removed by Filter: 73019
                                ->  Index Scan using i_ss_sold_date_sk on store_sales  (cost=0.43..1312.00 rows=1515 width=24) (actual time=0.007..0.902 rows=2901 loops=30)
                                      Index Cond: (ss_sold_date_sk = dt.d_date_sk)
                          ->  Index Scan using pk_item on item  (cost=0.29..0.31 rows=1 width=63) (actual time=0.001..0.001 rows=0 loops=87040)
                                Index Cond: (i_item_sk = store_sales.ss_item_sk)
                                Filter: (i_manager_id = 1)
                                Rows Removed by Filter: 1
 d_year | i_category_id |                     i_category                     |        sum         
--------+---------------+----------------------------------------------------+--------------------
   2000 |             1 | Women                                              |  415815.0700000002
   2000 |             3 | Children                                           |  362524.0000000001
   2000 |             9 | Books                                              |          346024.32
   2000 |            10 | Electronics                                        | 328555.60000000015
   2000 |             6 | Jewelry                                            |          322714.53
   2000 |             4 | Shoes                                              | 316246.33999999985
   2000 |             2 | Men                                                | 270327.46999999986
   2000 |             8 | Sports                                             |  267716.9999999999
   2000 |             7 | Home                                               | 223013.38999999998
   2000 |             5 | Music                                              | 195606.82999999996
(10 rows)

UPDATE time_statistics SET e_time = TRANSACTION_TIMESTAMP() WHERE template = 'query42.tpl' AND stream = 7;
psql:/tmp/s1-basline/throughput/query_7.sql:2306: NOTICE:  duration: 0.093 ms  plan:
Query Text: UPDATE time_statistics SET e_time = TRANSACTION_TIMESTAMP() WHERE template = 'query42.tpl' AND stream = 7;
Update on time_statistics  (cost=0.00..16.72 rows=0 width=0) (actual time=0.093..0.093 rows=0 loops=1)
  ->  Seq Scan on time_statistics  (cost=0.00..16.72 rows=1 width=14) (actual time=0.078..0.078 rows=1 loops=1)
        Filter: ((template = 'query42.tpl'::text) AND (stream = 7))
        Rows Removed by Filter: 626
UPDATE 1
LOAD 'auto_explain'; SET auto_explain.log_min_duration TO 0; SET auto_explain.log_analyze TO on; SET auto_explain.log_level TO notice; INSERT INTO time_statistics (template, s_time, stream, query, seed) VALUES ('query75.tpl', TRANSACTION_TIMESTAMP(), 7, 51, 663257486);
LOAD
SET
SET
SET
psql:/tmp/s1-basline/throughput/query_7.sql:2307: NOTICE:  duration: 0.008 ms  plan:
Query Text: INSERT INTO time_statistics (template, s_time, stream, query, seed) VALUES ('query75.tpl', TRANSACTION_TIMESTAMP(), 7, 51, 663257486);
Insert on time_statistics  (cost=0.00..0.01 rows=0 width=0) (actual time=0.008..0.008 rows=0 loops=1)
  ->  Result  (cost=0.00..0.01 rows=1 width=64) (actual time=0.002..0.002 rows=1 loops=1)
INSERT 0 1
WITH all_sales AS (
 SELECT d_year
       ,i_brand_id
       ,i_class_id
       ,i_category_id
       ,i_manufact_id
       ,SUM(sales_cnt) AS sales_cnt
       ,SUM(sales_amt) AS sales_amt
 FROM (SELECT d_year
             ,i_brand_id
             ,i_class_id
             ,i_category_id
             ,i_manufact_id
             ,cs_quantity - COALESCE(cr_return_quantity,0) AS sales_cnt
             ,cs_ext_sales_price - COALESCE(cr_return_amount,0.0) AS sales_amt
       FROM catalog_sales JOIN item ON i_item_sk=cs_item_sk
                          JOIN date_dim ON d_date_sk=cs_sold_date_sk
                          LEFT JOIN catalog_returns ON (cs_order_number=cr_order_number 
                                                    AND cs_item_sk=cr_item_sk)
       WHERE i_category='Home'
       UNION
       SELECT d_year
             ,i_brand_id
             ,i_class_id
             ,i_category_id
             ,i_manufact_id
             ,ss_quantity - COALESCE(sr_return_quantity,0) AS sales_cnt
             ,ss_ext_sales_price - COALESCE(sr_return_amt,0.0) AS sales_amt
       FROM store_sales JOIN item ON i_item_sk=ss_item_sk
                        JOIN date_dim ON d_date_sk=ss_sold_date_sk
                        LEFT JOIN store_returns ON (ss_ticket_number=sr_ticket_number 
                                                AND ss_item_sk=sr_item_sk)
       WHERE i_category='Home'
       UNION
       SELECT d_year
             ,i_brand_id
             ,i_class_id
             ,i_category_id
             ,i_manufact_id
             ,ws_quantity - COALESCE(wr_return_quantity,0) AS sales_cnt
             ,ws_ext_sales_price - COALESCE(wr_return_amt,0.0) AS sales_amt
       FROM web_sales JOIN item ON i_item_sk=ws_item_sk
                      JOIN date_dim ON d_date_sk=ws_sold_date_sk
                      LEFT JOIN web_returns ON (ws_order_number=wr_order_number 
                                            AND ws_item_sk=wr_item_sk)
       WHERE i_category='Home') sales_detail
 GROUP BY d_year, i_brand_id, i_class_id, i_category_id, i_manufact_id)
 SELECT  prev_yr.d_year AS prev_year
                          ,curr_yr.d_year AS year
                          ,curr_yr.i_brand_id
                          ,curr_yr.i_class_id
                          ,curr_yr.i_category_id
                          ,curr_yr.i_manufact_id
                          ,prev_yr.sales_cnt AS prev_yr_cnt
                          ,curr_yr.sales_cnt AS curr_yr_cnt
                          ,curr_yr.sales_cnt-prev_yr.sales_cnt AS sales_cnt_diff
                          ,curr_yr.sales_amt-prev_yr.sales_amt AS sales_amt_diff
 FROM all_sales curr_yr, all_sales prev_yr
 WHERE curr_yr.i_brand_id=prev_yr.i_brand_id
   AND curr_yr.i_class_id=prev_yr.i_class_id
   AND curr_yr.i_category_id=prev_yr.i_category_id
   AND curr_yr.i_manufact_id=prev_yr.i_manufact_id
   AND curr_yr.d_year=2002
   AND prev_yr.d_year=2002-1
   AND CAST(curr_yr.sales_cnt AS DECIMAL(17,2))/CAST(prev_yr.sales_cnt AS DECIMAL(17,2))<0.9
 ORDER BY sales_cnt_diff,sales_amt_diff
 limit 100;
psql:/tmp/s1-basline/throughput/query_7.sql:2374: NOTICE:  duration: 1587.259 ms  plan:
Query Text: WITH all_sales AS (
 SELECT d_year
       ,i_brand_id
       ,i_class_id
       ,i_category_id
       ,i_manufact_id
       ,SUM(sales_cnt) AS sales_cnt
       ,SUM(sales_amt) AS sales_amt
 FROM (SELECT d_year
             ,i_brand_id
             ,i_class_id
             ,i_category_id
             ,i_manufact_id
             ,cs_quantity - COALESCE(cr_return_quantity,0) AS sales_cnt
             ,cs_ext_sales_price - COALESCE(cr_return_amount,0.0) AS sales_amt
       FROM catalog_sales JOIN item ON i_item_sk=cs_item_sk
                          JOIN date_dim ON d_date_sk=cs_sold_date_sk
                          LEFT JOIN catalog_returns ON (cs_order_number=cr_order_number 
                                                    AND cs_item_sk=cr_item_sk)
       WHERE i_category='Home'
       UNION
       SELECT d_year
             ,i_brand_id
             ,i_class_id
             ,i_category_id
             ,i_manufact_id
             ,ss_quantity - COALESCE(sr_return_quantity,0) AS sales_cnt
             ,ss_ext_sales_price - COALESCE(sr_return_amt,0.0) AS sales_amt
       FROM store_sales JOIN item ON i_item_sk=ss_item_sk
                        JOIN date_dim ON d_date_sk=ss_sold_date_sk
                        LEFT JOIN store_returns ON (ss_ticket_number=sr_ticket_number 
                                                AND ss_item_sk=sr_item_sk)
       WHERE i_category='Home'
       UNION
       SELECT d_year
             ,i_brand_id
             ,i_class_id
             ,i_category_id
             ,i_manufact_id
             ,ws_quantity - COALESCE(wr_return_quantity,0) AS sales_cnt
             ,ws_ext_sales_price - COALESCE(wr_return_amt,0.0) AS sales_amt
       FROM web_sales JOIN item ON i_item_sk=ws_item_sk
                      JOIN date_dim ON d_date_sk=ws_sold_date_sk
                      LEFT JOIN web_returns ON (ws_order_number=wr_order_number 
                                            AND ws_item_sk=wr_item_sk)
       WHERE i_category='Home') sales_detail
 GROUP BY d_year, i_brand_id, i_class_id, i_category_id, i_manufact_id)
 SELECT  prev_yr.d_year AS prev_year
                          ,curr_yr.d_year AS year
                          ,curr_yr.i_brand_id
                          ,curr_yr.i_class_id
                          ,curr_yr.i_category_id
                          ,curr_yr.i_manufact_id
                          ,prev_yr.sales_cnt AS prev_yr_cnt
                          ,curr_yr.sales_cnt AS curr_yr_cnt
                          ,curr_yr.sales_cnt-prev_yr.sales_cnt AS sales_cnt_diff
                          ,curr_yr.sales_amt-prev_yr.sales_amt AS sales_amt_diff
 FROM all_sales curr_yr, all_sales prev_yr
 WHERE curr_yr.i_brand_id=prev_yr.i_brand_id
   AND curr_yr.i_class_id=prev_yr.i_class_id
   AND curr_yr.i_category_id=prev_yr.i_category_id
   AND curr_yr.i_manufact_id=prev_yr.i_manufact_id
   AND curr_yr.d_year=2002
   AND prev_yr.d_year=2002-1
   AND CAST(curr_yr.sales_cnt AS DECIMAL(17,2))/CAST(prev_yr.sales_cnt AS DECIMAL(17,2))<0.9
 ORDER BY sales_cnt_diff,sales_amt_diff
 limit 100;
Limit  (cost=295013.49..295013.50 rows=1 width=56) (actual time=1587.154..1587.177 rows=100 loops=1)
  CTE all_sales
    ->  HashAggregate  (cost=292361.73..292837.37 rows=47564 width=36) (actual time=1583.398..1584.531 rows=5615 loops=1)
          Group Key: date_dim.d_year, item.i_brand_id, item.i_class_id, item.i_category_id, item.i_manufact_id
          Batches: 1  Memory Usage: 2577kB
          ->  HashAggregate  (cost=268022.54..279281.74 rows=475636 width=32) (actual time=1313.421..1467.299 rows=471116 loops=1)
                Group Key: date_dim.d_year, item.i_brand_id, item.i_class_id, item.i_category_id, item.i_manufact_id, ((catalog_sales.cs_quantity - COALESCE(catalog_returns.cr_return_quantity, 0))), ((catalog_sales.cs_ext_sales_price - COALESCE(catalog_returns.cr_return_amount, '0'::double precision)))
                Planned Partitions: 4  Batches: 5  Memory Usage: 32817kB  Disk Usage: 11832kB
                ->  Append  (cost=7964.10..243033.08 rows=475636 width=32) (actual time=55.889..1099.509 rows=472581 loops=1)
                      ->  Hash Left Join  (cost=7964.10..80391.60 rows=138839 width=32) (actual time=55.888..320.100 rows=138152 loops=1)
                            Hash Cond: ((catalog_sales.cs_order_number = catalog_returns.cr_order_number) AND (catalog_sales.cs_item_sk = catalog_returns.cr_item_sk))
                            ->  Nested Loop  (cost=0.73..71005.12 rows=138839 width=48) (actual time=0.023..220.958 rows=138152 loops=1)
                                  ->  Nested Loop  (cost=0.43..66943.64 rows=139668 width=52) (actual time=0.015..166.713 rows=138858 loops=1)
                                        ->  Seq Scan on item  (cost=0.00..1481.00 rows=1740 width=24) (actual time=0.005..8.221 rows=1740 loops=1)
                                              Filter: (i_category = 'Home'::bpchar)
                                              Rows Removed by Filter: 16260
                                        ->  Index Scan using pk_catalog_sales on catalog_sales  (cost=0.43..36.74 rows=88 width=36) (actual time=0.004..0.077 rows=80 loops=1740)
                                              Index Cond: (cs_item_sk = item.i_item_sk)
                                  ->  Memoize  (cost=0.30..0.32 rows=1 width=12) (actual time=0.000..0.000 rows=1 loops=138858)
                                        Cache Key: catalog_sales.cs_sold_date_sk
                                        Cache Mode: logical
                                        Hits: 137045  Misses: 1813  Evictions: 0  Overflows: 0  Memory Usage: 213kB
                                        ->  Index Scan using pk_date_dim on date_dim  (cost=0.29..0.31 rows=1 width=12) (actual time=0.001..0.001 rows=1 loops=1813)
                                              Index Cond: (d_date_sk = catalog_sales.cs_sold_date_sk)
                            ->  Hash  (cost=5788.75..5788.75 rows=144975 width=28) (actual time=55.726..55.726 rows=143354 loops=1)
                                  Buckets: 262144  Batches: 1  Memory Usage: 10964kB
                                  ->  Seq Scan on catalog_returns  (cost=0.00..5788.75 rows=144975 width=28) (actual time=0.003..31.270 rows=143354 loops=1)
                      ->  Hash Left Join  (cost=16813.36..113483.74 rows=266959 width=32) (actual time=129.373..588.975 rows=265403 loops=1)
                            Hash Cond: ((store_sales.ss_ticket_number = store_returns.sr_ticket_number) AND (store_sales.ss_item_sk = store_returns.sr_item_sk))
                            ->  Hash Join  (cost=3049.03..96983.08 rows=266959 width=48) (actual time=20.646..390.980 rows=265403 loops=1)
                                  Hash Cond: (store_sales.ss_sold_date_sk = date_dim_1.d_date_sk)
                                  ->  Nested Loop  (cost=0.43..93200.93 rows=279431 width=52) (actual time=0.021..317.992 rows=278206 loops=1)
                                        ->  Seq Scan on item item_1  (cost=0.00..1481.00 rows=1740 width=24) (actual time=0.007..8.504 rows=1740 loops=1)
                                              Filter: (i_category = 'Home'::bpchar)
                                              Rows Removed by Filter: 16260
                                        ->  Index Scan using pk_store_sales on store_sales  (cost=0.43..50.96 rows=175 width=36) (actual time=0.005..0.152 rows=160 loops=1740)
                                              Index Cond: (ss_item_sk = item_1.i_item_sk)
                                  ->  Hash  (cost=2135.49..2135.49 rows=73049 width=12) (actual time=20.081..20.082 rows=73049 loops=1)
                                        Buckets: 131072  Batches: 1  Memory Usage: 4449kB
                                        ->  Seq Scan on date_dim date_dim_1  (cost=0.00..2135.49 rows=73049 width=12) (actual time=0.004..9.441 rows=73049 loops=1)
                            ->  Hash  (cost=9436.93..9436.93 rows=288493 width=28) (actual time=107.437..107.438 rows=285020 loops=1)
                                  Buckets: 524288  Batches: 1  Memory Usage: 21754kB
                                  ->  Seq Scan on store_returns  (cost=0.00..9436.93 rows=288493 width=28) (actual time=0.007..49.755 rows=285020 loops=1)
                      ->  Hash Left Join  (cost=3705.65..42023.20 rows=69838 width=32) (actual time=26.306..162.234 rows=69026 loops=1)
                            Hash Cond: ((web_sales.ws_order_number = web_returns.wr_order_number) AND (web_sales.ws_item_sk = web_returns.wr_item_sk))
                            ->  Nested Loop  (cost=0.73..37602.43 rows=69838 width=48) (actual time=0.029..117.091 rows=69026 loops=1)
                                  ->  Nested Loop  (cost=0.42..35287.06 rows=69847 width=52) (actual time=0.019..87.838 rows=69043 loops=1)
                                        ->  Seq Scan on item item_2  (cost=0.00..1481.00 rows=1740 width=24) (actual time=0.006..8.090 rows=1740 loops=1)
                                              Filter: (i_category = 'Home'::bpchar)
                                              Rows Removed by Filter: 16260
                                        ->  Index Scan using pk_web_sales on web_sales  (cost=0.42..18.99 rows=44 width=36) (actual time=0.004..0.038 rows=40 loops=1740)
                                              Index Cond: (ws_item_sk = item_2.i_item_sk)
                                  ->  Memoize  (cost=0.30..0.32 rows=1 width=12) (actual time=0.000..0.000 rows=1 loops=69043)
                                        Cache Key: web_sales.ws_sold_date_sk
                                        Cache Mode: logical
                                        Hits: 67236  Misses: 1807  Evictions: 0  Overflows: 0  Memory Usage: 212kB
                                        ->  Index Scan using pk_date_dim on date_dim date_dim_2  (cost=0.29..0.31 rows=1 width=12) (actual time=0.001..0.001 rows=1 loops=1807)
                                              Index Cond: (d_date_sk = web_sales.ws_sold_date_sk)
                            ->  Hash  (cost=2622.57..2622.57 rows=72157 width=28) (actual time=26.203..26.204 rows=71406 loops=1)
                                  Buckets: 131072  Batches: 1  Memory Usage: 5437kB
                                  ->  Seq Scan on web_returns  (cost=0.00..2622.57 rows=72157 width=28) (actual time=0.004..13.197 rows=71406 loops=1)
  ->  Sort  (cost=2176.12..2176.13 rows=1 width=56) (actual time=1587.153..1587.157 rows=100 loops=1)
        Sort Key: ((curr_yr.sales_cnt - prev_yr.sales_cnt)), ((curr_yr.sales_amt - prev_yr.sales_amt))
        Sort Method: quicksort  Memory: 45kB
        ->  Hash Join  (cost=1074.95..2176.11 rows=1 width=56) (actual time=1586.333..1587.110 rows=148 loops=1)
              Hash Cond: ((curr_yr.i_brand_id = prev_yr.i_brand_id) AND (curr_yr.i_class_id = prev_yr.i_class_id) AND (curr_yr.i_category_id = prev_yr.i_category_id) AND (curr_yr.i_manufact_id = prev_yr.i_manufact_id))
              Join Filter: (((curr_yr.sales_cnt)::numeric(17,2) / (prev_yr.sales_cnt)::numeric(17,2)) < 0.9)
              Rows Removed by Join Filter: 421
              ->  CTE Scan on all_sales curr_yr  (cost=0.00..1070.19 rows=238 width=36) (actual time=1583.407..1583.801 rows=868 loops=1)
                    Filter: (d_year = 2002)
                    Rows Removed by Filter: 4747
              ->  Hash  (cost=1070.19..1070.19 rows=238 width=36) (actual time=2.900..2.900 rows=853 loops=1)
                    Buckets: 1024  Batches: 1  Memory Usage: 68kB
                    ->  CTE Scan on all_sales prev_yr  (cost=0.00..1070.19 rows=238 width=36) (actual time=0.002..2.731 rows=857 loops=1)
                          Filter: (d_year = 2001)
                          Rows Removed by Filter: 4758
 prev_year | year | i_brand_id | i_class_id | i_category_id | i_manufact_id | prev_yr_cnt | curr_yr_cnt | sales_cnt_diff |   sales_amt_diff    
-----------+------+------------+------------+---------------+---------------+-------------+-------------+----------------+---------------------
      2001 | 2002 |    7011001 |          2 |             7 |           291 |        6720 |        4126 |          -2594 |  -89676.19999999981
      2001 | 2002 |    7011006 |         11 |             7 |           245 |        6305 |        3906 |          -2399 |  -144402.4400000001
      2001 | 2002 |    7008006 |          8 |             7 |           171 |        6169 |        3830 |          -2339 | -115155.16000000012
      2001 | 2002 |    7013006 |         13 |             7 |           270 |        5332 |        3189 |          -2143 |   -79928.3499999998
      2001 | 2002 |    7007002 |          7 |             7 |           251 |        6462 |        4371 |          -2091 | -105601.98000000033
      2001 | 2002 |    7016008 |         16 |             7 |           303 |        6155 |        4095 |          -2060 |  -49284.62999999995
      2001 | 2002 |    7012010 |         12 |             7 |           271 |        5526 |        3607 |          -1919 | -58425.830000000045
      2001 | 2002 |    7009006 |          9 |             7 |           150 |        6571 |        4653 |          -1918 |  -88078.75999999998
      2001 | 2002 |    7015008 |         15 |             7 |           384 |        5955 |        4071 |          -1884 |  -62168.99000000002
      2001 | 2002 |    7014004 |         14 |             7 |           300 |        6630 |        4764 |          -1866 |  -76419.30000000005
      2001 | 2002 |    8016007 |         16 |             7 |            68 |        6534 |        4775 |          -1759 |  -74611.78999999992
      2001 | 2002 |    4003001 |         13 |             7 |           269 |        5968 |        4253 |          -1715 |  -83270.78999999992
      2001 | 2002 |    7013010 |         15 |             7 |           575 |        5569 |        3885 |          -1684 | -64700.790000000066
      2001 | 2002 |    7005010 |          5 |             7 |           506 |        6391 |        4728 |          -1663 |  -6288.080000000045
      2001 | 2002 |    7014004 |         14 |             7 |           524 |        6056 |        4434 |          -1622 | -113746.78999999989
      2001 | 2002 |    7002008 |          2 |             7 |           316 |        6081 |        4477 |          -1604 | -100849.36999999991
      2001 | 2002 |    7016010 |         16 |             7 |           389 |        5459 |        3938 |          -1521 | -133151.68000000017
      2001 | 2002 |    7012008 |         12 |             7 |           810 |        6408 |        4900 |          -1508 |  -121646.0499999999
      2001 | 2002 |    3004001 |          4 |             7 |           228 |        6152 |        4689 |          -1463 |  -53141.75000000009
      2001 | 2002 |    3004001 |          4 |             7 |           364 |        5434 |        4008 |          -1426 |  -70513.82000000007
      2001 | 2002 |    5003001 |          2 |             7 |           118 |        5626 |        4220 |          -1406 | -49724.030000000144
      2001 | 2002 |    7015008 |         15 |             7 |           251 |        5722 |        4318 |          -1404 | -54282.830000000016
      2001 | 2002 |    7007004 |          3 |             7 |           288 |        4936 |        3553 |          -1383 |  -90816.18000000008
      2001 | 2002 |    6015005 |         10 |             7 |            40 |        5795 |        4434 |          -1361 | -44026.080000000045
      2001 | 2002 |    7015002 |         15 |             7 |           489 |        5463 |        4110 |          -1353 |  -64894.46999999997
      2001 | 2002 |    9001009 |          1 |             7 |            50 |        5256 |        3914 |          -1342 |  -89851.98999999999
      2001 | 2002 |    7009004 |         13 |             7 |           100 |        5544 |        4249 |          -1295 | -103450.95999999988
      2001 | 2002 |    1003001 |          7 |             7 |           138 |        5327 |        4044 |          -1283 |  -65932.75000000012
      2001 | 2002 |    7014008 |         14 |             7 |           203 |        5861 |        4584 |          -1277 |  -62644.08999999988
      2001 | 2002 |    7002002 |          2 |             7 |           144 |        6177 |        4925 |          -1252 | -102353.63000000006
      2001 | 2002 |    7001006 |          2 |             7 |           187 |        5690 |        4451 |          -1239 |  -53039.70999999999
      2001 | 2002 |   10001016 |          1 |             7 |           126 |        6533 |        5321 |          -1212 |  -52018.69999999984
      2001 | 2002 |    7013006 |         13 |             7 |           584 |        5930 |        4728 |          -1202 | -38576.980000000156
      2001 | 2002 |    7003006 |          3 |             7 |           704 |        6018 |        4817 |          -1201 | -32250.270000000077
      2001 | 2002 |    7009010 |          9 |             7 |           205 |        5772 |        4576 |          -1196 | -24527.110000000073
      2001 | 2002 |    8012005 |         12 |             7 |           590 |        5248 |        4059 |          -1189 |  -51815.42999999999
      2001 | 2002 |    7014002 |         14 |             7 |           202 |        4664 |        3478 |          -1186 |   453.1500000000815
      2001 | 2002 |    2001001 |         11 |             7 |           233 |        4987 |        3803 |          -1184 |  -6840.390000000043
      2001 | 2002 |    7004008 |          4 |             7 |           650 |        5637 |        4463 |          -1174 |  -29384.26999999996
      2001 | 2002 |    7015010 |         15 |             7 |           275 |        5826 |        4654 |          -1172 |  -40608.42000000004
      2001 | 2002 |    7005010 |          3 |             7 |           203 |        5763 |        4593 |          -1170 |  -52022.70999999996
      2001 | 2002 |    7010008 |         10 |             7 |           889 |        5432 |        4266 |          -1166 |  -40270.02000000002
      2001 | 2002 |    7002010 |          2 |             7 |           581 |        6330 |        5173 |          -1157 |  -24182.36999999985
      2001 | 2002 |    7006002 |          6 |             7 |            89 |        5444 |        4303 |          -1141 | -32169.630000000034
      2001 | 2002 |    5003001 |         14 |             7 |           493 |        5793 |        4655 |          -1138 | -61541.600000000006
      2001 | 2002 |    7006004 |          1 |             7 |            10 |        5180 |        4042 |          -1138 |   5628.479999999981
      2001 | 2002 |    7009006 |          9 |             7 |           133 |        6299 |        5181 |          -1118 |  -35119.24999999997
      2001 | 2002 |    7004008 |          4 |             7 |           325 |        5533 |        4418 |          -1115 |  -24356.41999999984
      2001 | 2002 |    9007003 |          7 |             7 |           324 |        5580 |        4473 |          -1107 | -12236.729999999836
      2001 | 2002 |    4004001 |          4 |             7 |           656 |        5835 |        4734 |          -1101 |  -93640.38000000003
      2001 | 2002 |    7004008 |          4 |             7 |           423 |        5634 |        4552 |          -1082 | -50042.810000000114
      2001 | 2002 |    7012004 |         12 |             7 |            41 |        5935 |        4866 |          -1069 |  -61073.60000000015
      2001 | 2002 |    7016008 |         16 |             7 |           220 |        5946 |        4889 |          -1057 | -46011.620000000024
      2001 | 2002 |    5002001 |          7 |             7 |           265 |        4904 |        3849 |          -1055 | -43582.020000000106
      2001 | 2002 |    7011002 |         14 |             7 |           318 |        5196 |        4158 |          -1038 |  -33198.27000000005
      2001 | 2002 |    7006010 |          6 |             7 |           592 |        4917 |        3893 |          -1024 |   -54717.2399999999
      2001 | 2002 |    7006008 |          6 |             7 |           563 |        6167 |        5154 |          -1013 |   9651.609999999986
      2001 | 2002 |    7001002 |          1 |             7 |           468 |        5781 |        4772 |          -1009 | -52412.880000000005
      2001 | 2002 |    3001001 |         16 |             7 |           284 |        5712 |        4716 |           -996 |  -88108.81999999995
      2001 | 2002 |    7001002 |          1 |             7 |           183 |        5186 |        4218 |           -968 | -63164.359999999986
      2001 | 2002 |    7010004 |         10 |             7 |           317 |        5369 |        4406 |           -963 |  -74825.47000000009
      2001 | 2002 |    7016004 |         16 |             7 |           186 |        5113 |        4154 |           -959 | -13150.360000000073
      2001 | 2002 |    1001001 |         14 |             7 |           110 |        5431 |        4473 |           -958 | -122711.21999999994
      2001 | 2002 |    7016004 |         16 |             7 |           259 |        5394 |        4437 |           -957 |  -67861.64000000004
      2001 | 2002 |    2003001 |          8 |             7 |           312 |        5510 |        4555 |           -955 |  -64123.02999999991
      2001 | 2002 |    7002002 |          2 |             7 |           369 |        6236 |        5281 |           -955 | -18178.380000000005
      2001 | 2002 |    7005008 |          5 |             7 |           181 |        5626 |        4678 |           -948 |  -76302.01000000001
      2001 | 2002 |    5001001 |          1 |             7 |           368 |        6384 |        5439 |           -945 | -137630.03000000012
      2001 | 2002 |    5002001 |          2 |             7 |            12 |        6165 |        5225 |           -940 |  -36563.30000000002
      2001 | 2002 |    7002004 |          2 |             7 |           180 |        5373 |        4435 |           -938 |   29046.06999999992
      2001 | 2002 |    5002001 |          2 |             7 |           421 |        6424 |        5489 |           -935 | -54395.570000000065
      2001 | 2002 |    7016006 |         16 |             7 |           244 |        5808 |        4873 |           -935 |  27901.329999999987
      2001 | 2002 |    7012010 |         12 |             7 |           328 |        6339 |        5409 |           -930 |  -63607.68999999983
      2001 | 2002 |    3003001 |         14 |             7 |           373 |        4998 |        4076 |           -922 |   22181.74999999997
      2001 | 2002 |    7005010 |          5 |             7 |           213 |        5745 |        4827 |           -918 |  -50465.47999999998
      2001 | 2002 |    7006002 |          6 |             7 |           429 |        5357 |        4446 |           -911 |  -29855.27999999997
      2001 | 2002 |    4002001 |          2 |             7 |           453 |        5543 |        4637 |           -906 |  -71393.45000000001
      2001 | 2002 |    7013002 |         13 |             7 |           914 |        4966 |        4103 |           -863 |  25734.650000000052
      2001 | 2002 |    7008006 |          8 |             7 |           989 |        5544 |        4685 |           -859 | -64339.880000000034
      2001 | 2002 |    4004001 |         13 |             7 |            44 |        4560 |        3701 |           -859 |   8863.030000000173
      2001 | 2002 |    7010004 |         10 |             7 |           158 |        5159 |        4304 |           -855 |  -65779.77000000008
      2001 | 2002 |    7008007 |          8 |             7 |           501 |        5513 |        4662 |           -851 |  -30996.42000000007
      2001 | 2002 |    7007010 |         15 |             7 |           600 |        5396 |        4551 |           -845 | -15515.059999999969
      2001 | 2002 |    7003008 |          3 |             7 |            57 |        5477 |        4633 |           -844 |  -34786.80000000002
      2001 | 2002 |    7009002 |          3 |             7 |           172 |        5305 |        4468 |           -837 | -24054.939999999944
      2001 | 2002 |    2002001 |          6 |             7 |           538 |        5249 |        4418 |           -831 | -13400.970000000001
      2001 | 2002 |    7008004 |          8 |             7 |           869 |        5356 |        4535 |           -821 | -31844.789999999834
      2001 | 2002 |    7005010 |          5 |             7 |           532 |        5778 |        4957 |           -821 |  -5001.320000000007
      2001 | 2002 |    7009010 |          9 |             7 |           284 |        5920 |        5106 |           -814 | -123350.68000000002
      2001 | 2002 |    8015007 |         15 |             7 |            17 |        5443 |        4631 |           -812 |            -31786.5
      2001 | 2002 |    7012008 |         12 |             7 |           222 |        5931 |        5135 |           -796 | -11459.340000000113
      2001 | 2002 |    7012004 |         12 |             7 |           242 |        5575 |        4780 |           -795 |   -86277.3899999999
      2001 | 2002 |    7015008 |         15 |             7 |            58 |        5366 |        4571 |           -795 | -41461.999999999796
      2001 | 2002 |    7002008 |          2 |             7 |           432 |        5641 |        4852 |           -789 |  -28457.73999999996
      2001 | 2002 |    7016008 |         16 |             7 |           741 |        5401 |        4613 |           -788 |  -72763.31999999995
      2001 | 2002 |    2004001 |          8 |             7 |           633 |        5894 |        5134 |           -760 |  -61764.49000000008
      2001 | 2002 |    7006006 |          6 |             7 |           124 |        6231 |        5472 |           -759 |  -71566.57000000018
      2001 | 2002 |    7001004 |          1 |             7 |           560 |        6290 |        5531 |           -759 |  12866.640000000072
      2001 | 2002 |    7013008 |         13 |             7 |           595 |        6195 |        5446 |           -749 |  -87715.19999999992
      2001 | 2002 |    7012006 |         12 |             7 |           287 |        5712 |        4964 |           -748 |  28044.639999999985
(100 rows)

UPDATE time_statistics SET e_time = TRANSACTION_TIMESTAMP() WHERE template = 'query75.tpl' AND stream = 7;
psql:/tmp/s1-basline/throughput/query_7.sql:2376: NOTICE:  duration: 0.100 ms  plan:
Query Text: UPDATE time_statistics SET e_time = TRANSACTION_TIMESTAMP() WHERE template = 'query75.tpl' AND stream = 7;
Update on time_statistics  (cost=0.00..16.72 rows=0 width=0) (actual time=0.099..0.099 rows=0 loops=1)
  ->  Seq Scan on time_statistics  (cost=0.00..16.72 rows=1 width=14) (actual time=0.085..0.085 rows=1 loops=1)
        Filter: ((template = 'query75.tpl'::text) AND (stream = 7))
        Rows Removed by Filter: 627
UPDATE 1
LOAD 'auto_explain'; SET auto_explain.log_min_duration TO 0; SET auto_explain.log_analyze TO on; SET auto_explain.log_level TO notice; INSERT INTO time_statistics (template, s_time, stream, query, seed) VALUES ('query17.tpl', TRANSACTION_TIMESTAMP(), 7, 52, 1928439272);
LOAD
SET
SET
SET
psql:/tmp/s1-basline/throughput/query_7.sql:2377: NOTICE:  duration: 0.008 ms  plan:
Query Text: INSERT INTO time_statistics (template, s_time, stream, query, seed) VALUES ('query17.tpl', TRANSACTION_TIMESTAMP(), 7, 52, 1928439272);
Insert on time_statistics  (cost=0.00..0.01 rows=0 width=0) (actual time=0.007..0.008 rows=0 loops=1)
  ->  Result  (cost=0.00..0.01 rows=1 width=64) (actual time=0.001..0.001 rows=1 loops=1)
INSERT 0 1
select  i_item_id
       ,i_item_desc
       ,s_state
       ,count(ss_quantity) as store_sales_quantitycount
       ,avg(ss_quantity) as store_sales_quantityave
       ,stddev_samp(ss_quantity) as store_sales_quantitystdev
       ,stddev_samp(ss_quantity)/avg(ss_quantity) as store_sales_quantitycov
       ,count(sr_return_quantity) as store_returns_quantitycount
       ,avg(sr_return_quantity) as store_returns_quantityave
       ,stddev_samp(sr_return_quantity) as store_returns_quantitystdev
       ,stddev_samp(sr_return_quantity)/avg(sr_return_quantity) as store_returns_quantitycov
       ,count(cs_quantity) as catalog_sales_quantitycount ,avg(cs_quantity) as catalog_sales_quantityave
       ,stddev_samp(cs_quantity) as catalog_sales_quantitystdev
       ,stddev_samp(cs_quantity)/avg(cs_quantity) as catalog_sales_quantitycov
 from store_sales
     ,store_returns
     ,catalog_sales
     ,date_dim d1
     ,date_dim d2
     ,date_dim d3
     ,store
     ,item
 where d1.d_quarter_name = '2000Q1'
   and d1.d_date_sk = ss_sold_date_sk
   and i_item_sk = ss_item_sk
   and s_store_sk = ss_store_sk
   and ss_customer_sk = sr_customer_sk
   and ss_item_sk = sr_item_sk
   and ss_ticket_number = sr_ticket_number
   and sr_returned_date_sk = d2.d_date_sk
   and d2.d_quarter_name in ('2000Q1','2000Q2','2000Q3')
   and sr_customer_sk = cs_bill_customer_sk
   and sr_item_sk = cs_item_sk
   and cs_sold_date_sk = d3.d_date_sk
   and d3.d_quarter_name in ('2000Q1','2000Q2','2000Q3')
 group by i_item_id
         ,i_item_desc
         ,s_state
 order by i_item_id
         ,i_item_desc
         ,s_state
limit 100;
psql:/tmp/s1-basline/throughput/query_7.sql:2419: NOTICE:  duration: 2679.649 ms  plan:
Query Text: select  i_item_id
       ,i_item_desc
       ,s_state
       ,count(ss_quantity) as store_sales_quantitycount
       ,avg(ss_quantity) as store_sales_quantityave
       ,stddev_samp(ss_quantity) as store_sales_quantitystdev
       ,stddev_samp(ss_quantity)/avg(ss_quantity) as store_sales_quantitycov
       ,count(sr_return_quantity) as store_returns_quantitycount
       ,avg(sr_return_quantity) as store_returns_quantityave
       ,stddev_samp(sr_return_quantity) as store_returns_quantitystdev
       ,stddev_samp(sr_return_quantity)/avg(sr_return_quantity) as store_returns_quantitycov
       ,count(cs_quantity) as catalog_sales_quantitycount ,avg(cs_quantity) as catalog_sales_quantityave
       ,stddev_samp(cs_quantity) as catalog_sales_quantitystdev
       ,stddev_samp(cs_quantity)/avg(cs_quantity) as catalog_sales_quantitycov
 from store_sales
     ,store_returns
     ,catalog_sales
     ,date_dim d1
     ,date_dim d2
     ,date_dim d3
     ,store
     ,item
 where d1.d_quarter_name = '2000Q1'
   and d1.d_date_sk = ss_sold_date_sk
   and i_item_sk = ss_item_sk
   and s_store_sk = ss_store_sk
   and ss_customer_sk = sr_customer_sk
   and ss_item_sk = sr_item_sk
   and ss_ticket_number = sr_ticket_number
   and sr_returned_date_sk = d2.d_date_sk
   and d2.d_quarter_name in ('2000Q1','2000Q2','2000Q3')
   and sr_customer_sk = cs_bill_customer_sk
   and sr_item_sk = cs_item_sk
   and cs_sold_date_sk = d3.d_date_sk
   and d3.d_quarter_name in ('2000Q1','2000Q2','2000Q3')
 group by i_item_id
         ,i_item_desc
         ,s_state
 order by i_item_id
         ,i_item_desc
         ,s_state
limit 100;
Limit  (cost=11808.71..11808.77 rows=1 width=434) (actual time=2679.642..2679.645 rows=0 loops=1)
  ->  GroupAggregate  (cost=11808.71..11808.77 rows=1 width=434) (actual time=2679.641..2679.644 rows=0 loops=1)
        Group Key: item.i_item_id, item.i_item_desc, store.s_state
        ->  Sort  (cost=11808.71..11808.71 rows=1 width=134) (actual time=2679.639..2679.643 rows=0 loops=1)
              Sort Key: item.i_item_id, item.i_item_desc, store.s_state
              Sort Method: quicksort  Memory: 25kB
              ->  Nested Loop  (cost=2.15..11808.70 rows=1 width=134) (actual time=2679.632..2679.635 rows=0 loops=1)
                    ->  Nested Loop  (cost=1.86..11808.39 rows=1 width=39) (actual time=2679.632..2679.635 rows=0 loops=1)
                          Join Filter: (store_sales.ss_store_sk = store.s_store_sk)
                          ->  Nested Loop  (cost=1.86..11807.12 rows=1 width=44) (actual time=2679.632..2679.634 rows=0 loops=1)
                                ->  Nested Loop  (cost=1.57..11806.81 rows=1 width=52) (actual time=887.234..2679.616 rows=3 loops=1)
                                      ->  Nested Loop  (cost=1.28..11806.49 rows=1 width=60) (actual time=79.017..2679.448 rows=26 loops=1)
                                            ->  Nested Loop  (cost=0.85..11804.27 rows=1 width=56) (actual time=9.130..231.050 rows=29307 loops=1)
                                                  ->  Nested Loop  (cost=0.42..10978.66 rows=1040 width=28) (actual time=9.120..63.638 rows=40394 loops=1)
                                                        ->  Seq Scan on date_dim d2  (cost=0.00..2409.42 rows=273 width=8) (actual time=9.100..18.512 rows=274 loops=1)
                                                              Filter: (d_quarter_name = ANY ('{2000Q1,2000Q2,2000Q3}'::bpchar[]))
                                                              Rows Removed by Filter: 72775
                                                        ->  Index Scan using i_sr_returned_date_sk on store_returns  (cost=0.42..29.99 rows=140 width=36) (actual time=0.005..0.138 rows=147 loops=274)
                                                              Index Cond: (sr_returned_date_sk = d2.d_date_sk)
                                                  ->  Index Scan using pk_store_sales on store_sales  (cost=0.43..0.78 rows=1 width=44) (actual time=0.004..0.004 rows=1 loops=40394)
                                                        Index Cond: ((ss_item_sk = store_returns.sr_item_sk) AND (ss_ticket_number = store_returns.sr_ticket_number))
                                                        Filter: (store_returns.sr_customer_sk = ss_customer_sk)
                                                        Rows Removed by Filter: 0
                                            ->  Index Scan using pk_catalog_sales on catalog_sales  (cost=0.43..2.21 rows=1 width=28) (actual time=0.083..0.083 rows=0 loops=29307)
                                                  Index Cond: (cs_item_sk = store_sales.ss_item_sk)
                                                  Filter: (store_sales.ss_customer_sk = cs_bill_customer_sk)
                                                  Rows Removed by Filter: 105
                                      ->  Index Scan using pk_date_dim on date_dim d1  (cost=0.29..0.31 rows=1 width=8) (actual time=0.005..0.005 rows=0 loops=26)
                                            Index Cond: (d_date_sk = store_sales.ss_sold_date_sk)
                                            Filter: (d_quarter_name = '2000Q1'::bpchar)
                                            Rows Removed by Filter: 1
                                ->  Index Scan using pk_date_dim on date_dim d3  (cost=0.29..0.31 rows=1 width=8) (actual time=0.005..0.005 rows=0 loops=3)
                                      Index Cond: (d_date_sk = catalog_sales.cs_sold_date_sk)
                                      Filter: (d_quarter_name = ANY ('{2000Q1,2000Q2,2000Q3}'::bpchar[]))
                                      Rows Removed by Filter: 1
                          ->  Seq Scan on store  (cost=0.00..1.12 rows=12 width=11) (never executed)
                    ->  Index Scan using pk_item on item  (cost=0.29..0.31 rows=1 width=127) (never executed)
                          Index Cond: (i_item_sk = store_sales.ss_item_sk)
 i_item_id | i_item_desc | s_state | store_sales_quantitycount | store_sales_quantityave | store_sales_quantitystdev | store_sales_quantitycov | store_returns_quantitycount | store_returns_quantityave | store_returns_quantitystdev | store_returns_quantitycov | catalog_sales_quantitycount | catalog_sales_quantityave | catalog_sales_quantitystdev | catalog_sales_quantitycov 
-----------+-------------+---------+---------------------------+-------------------------+---------------------------+-------------------------+-----------------------------+---------------------------+-----------------------------+---------------------------+-----------------------------+---------------------------+-----------------------------+---------------------------
(0 rows)

UPDATE time_statistics SET e_time = TRANSACTION_TIMESTAMP() WHERE template = 'query17.tpl' AND stream = 7;
psql:/tmp/s1-basline/throughput/query_7.sql:2421: NOTICE:  duration: 0.091 ms  plan:
Query Text: UPDATE time_statistics SET e_time = TRANSACTION_TIMESTAMP() WHERE template = 'query17.tpl' AND stream = 7;
Update on time_statistics  (cost=0.00..16.72 rows=0 width=0) (actual time=0.090..0.090 rows=0 loops=1)
  ->  Seq Scan on time_statistics  (cost=0.00..16.72 rows=1 width=14) (actual time=0.074..0.074 rows=1 loops=1)
        Filter: ((template = 'query17.tpl'::text) AND (stream = 7))
        Rows Removed by Filter: 628
UPDATE 1
LOAD 'auto_explain'; SET auto_explain.log_min_duration TO 0; SET auto_explain.log_analyze TO on; SET auto_explain.log_level TO notice; INSERT INTO time_statistics (template, s_time, stream, query, seed) VALUES ('query38.tpl', TRANSACTION_TIMESTAMP(), 7, 53, 1455643980);
LOAD
SET
SET
SET
psql:/tmp/s1-basline/throughput/query_7.sql:2422: NOTICE:  duration: 0.009 ms  plan:
Query Text: INSERT INTO time_statistics (template, s_time, stream, query, seed) VALUES ('query38.tpl', TRANSACTION_TIMESTAMP(), 7, 53, 1455643980);
Insert on time_statistics  (cost=0.00..0.01 rows=0 width=0) (actual time=0.008..0.008 rows=0 loops=1)
  ->  Result  (cost=0.00..0.01 rows=1 width=64) (actual time=0.002..0.002 rows=1 loops=1)
INSERT 0 1
select  count(*) from (
    select distinct c_last_name, c_first_name, d_date
    from store_sales, date_dim, customer
          where store_sales.ss_sold_date_sk = date_dim.d_date_sk
      and store_sales.ss_customer_sk = customer.c_customer_sk
      and d_month_seq between 1176 and 1176 + 11
  intersect
    select distinct c_last_name, c_first_name, d_date
    from catalog_sales, date_dim, customer
          where catalog_sales.cs_sold_date_sk = date_dim.d_date_sk
      and catalog_sales.cs_bill_customer_sk = customer.c_customer_sk
      and d_month_seq between 1176 and 1176 + 11
  intersect
    select distinct c_last_name, c_first_name, d_date
    from web_sales, date_dim, customer
          where web_sales.ws_sold_date_sk = date_dim.d_date_sk
      and web_sales.ws_bill_customer_sk = customer.c_customer_sk
      and d_month_seq between 1176 and 1176 + 11
) hot_cust
limit 100;
psql:/tmp/s1-basline/throughput/query_7.sql:2442: NOTICE:  duration: 2175.353 ms  plan:
Query Text: select  count(*) from (
    select distinct c_last_name, c_first_name, d_date
    from store_sales, date_dim, customer
          where store_sales.ss_sold_date_sk = date_dim.d_date_sk
      and store_sales.ss_customer_sk = customer.c_customer_sk
      and d_month_seq between 1176 and 1176 + 11
  intersect
    select distinct c_last_name, c_first_name, d_date
    from catalog_sales, date_dim, customer
          where catalog_sales.cs_sold_date_sk = date_dim.d_date_sk
      and catalog_sales.cs_bill_customer_sk = customer.c_customer_sk
      and d_month_seq between 1176 and 1176 + 11
  intersect
    select distinct c_last_name, c_first_name, d_date
    from web_sales, date_dim, customer
          where web_sales.ws_sold_date_sk = date_dim.d_date_sk
      and web_sales.ws_bill_customer_sk = customer.c_customer_sk
      and d_month_seq between 1176 and 1176 + 11
) hot_cust
limit 100;
Limit  (cost=156713.89..156713.90 rows=1 width=8) (actual time=2098.027..2175.345 rows=1 loops=1)
  ->  Aggregate  (cost=156713.89..156713.90 rows=1 width=8) (actual time=2098.026..2175.343 rows=1 loops=1)
        ->  Subquery Scan on hot_cust  (cost=34638.05..156704.59 rows=3718 width=0) (actual time=2097.457..2175.333 rows=112 loops=1)
              ->  HashSetOp Intersect  (cost=34638.05..156667.41 rows=3718 width=216) (actual time=2097.456..2175.320 rows=112 loops=1)
                    ->  Append  (cost=34638.05..156584.37 rows=11072 width=216) (actual time=260.508..2171.444 rows=12119 loops=1)
                          ->  Subquery Scan on "*SELECT* 3"  (cost=34638.05..35136.14 rows=3718 width=60) (actual time=260.507..334.173 rows=11794 loops=1)
                                ->  Unique  (cost=34638.05..35098.96 rows=3718 width=56) (actual time=260.506..332.917 rows=11794 loops=1)
                                      ->  Gather Merge  (cost=34638.05..35071.07 rows=3718 width=56) (actual time=260.505..310.473 rows=142671 loops=1)
                                            Workers Planned: 2
                                            Workers Launched: 2
                                            ->  Sort  (cost=33638.02..33641.90 rows=1549 width=56) (actual time=233.500..238.298 rows=47557 loops=3)
                                                  Sort Key: customer.c_last_name, customer.c_first_name, date_dim.d_date
                                                  Sort Method: quicksort  Memory: 7434kB
                                                  Worker 0:  Sort Method: quicksort  Memory: 5215kB
                                                  Worker 1:  Sort Method: quicksort  Memory: 5114kB
                                                  ->  Nested Loop  (cost=2505.73..33555.95 rows=1549 width=56) (actual time=13.358..168.016 rows=47557 loops=3)
                                                        ->  Hash Join  (cost=2505.43..33067.40 rows=1550 width=12) (actual time=13.311..91.425 rows=47564 loops=3)
                                                              Hash Cond: (web_sales.ws_sold_date_sk = date_dim.d_date_sk)
                                                              ->  Parallel Seq Scan on web_sales  (cost=0.00..29771.63 rows=301063 width=16) (actual time=0.016..44.733 rows=237185 loops=3)
                                                              ->  Hash  (cost=2500.73..2500.73 rows=376 width=12) (actual time=13.181..13.182 rows=365 loops=3)
                                                                    Buckets: 1024  Batches: 1  Memory Usage: 26kB
                                                                    ->  Seq Scan on date_dim  (cost=0.00..2500.73 rows=376 width=12) (actual time=6.045..13.130 rows=365 loops=3)
                                                                          Filter: ((d_month_seq >= 1176) AND (d_month_seq <= 1187))
                                                                          Rows Removed by Filter: 72684
                                                        ->  Index Scan using pk_customer on customer  (cost=0.29..0.32 rows=1 width=60) (actual time=0.001..0.001 rows=1 loops=142691)
                                                              Index Cond: (c_customer_sk = web_sales.ws_bill_customer_sk)
                          ->  Result  (cost=24729.97..121392.88 rows=7354 width=216) (actual time=1758.351..1836.550 rows=325 loops=1)
                                ->  HashSetOp Intersect  (cost=24729.97..121319.34 rows=7354 width=216) (actual time=1758.349..1836.511 rows=325 loops=1)
                                      ->  Append  (cost=24729.97..121162.41 rows=20923 width=216) (actual time=574.574..1817.381 rows=77500 loops=1)
                                            ->  Subquery Scan on "*SELECT* 2"  (cost=24729.97..24877.05 rows=7354 width=60) (actual time=574.573..583.473 rows=31222 loops=1)
                                                  ->  HashAggregate  (cost=24729.97..24803.51 rows=7354 width=56) (actual time=574.572..581.199 rows=31222 loops=1)
                                                        Group Key: customer_1.c_last_name, customer_1.c_first_name, date_dim_1.d_date
                                                        Batches: 1  Memory Usage: 6673kB
                                                        ->  Nested Loop  (cost=0.72..24674.82 rows=7354 width=56) (actual time=3.520..468.008 rows=281889 loops=1)
                                                              ->  Nested Loop  (cost=0.43..22363.80 rows=7393 width=12) (actual time=3.510..98.112 rows=282616 loops=1)
                                                                    ->  Seq Scan on date_dim date_dim_1  (cost=0.00..2500.73 rows=376 width=12) (actual time=3.495..7.890 rows=365 loops=1)
                                                                          Filter: ((d_month_seq >= 1176) AND (d_month_seq <= 1187))
                                                                          Rows Removed by Filter: 72684
                                                                    ->  Index Scan using i_cs_sold_date_sk on catalog_sales  (cost=0.43..44.98 rows=785 width=16) (actual time=0.004..0.170 rows=774 loops=365)
                                                                          Index Cond: (cs_sold_date_sk = date_dim_1.d_date_sk)
                                                              ->  Index Scan using pk_customer on customer customer_1  (cost=0.29..0.31 rows=1 width=60) (actual time=0.001..0.001 rows=1 loops=282616)
                                                                    Index Cond: (c_customer_sk = catalog_sales.cs_bill_customer_sk)
                                            ->  Subquery Scan on "*SELECT* 1"  (cost=94362.95..96180.75 rows=13569 width=60) (actual time=865.593..1229.327 rows=46278 loops=1)
                                                  ->  Unique  (cost=94362.95..96045.06 rows=13569 width=56) (actual time=865.591..1224.326 rows=46278 loops=1)
                                                        ->  Gather Merge  (cost=94362.95..95943.29 rows=13569 width=56) (actual time=865.590..1143.976 rows=523468 loops=1)
                                                              Workers Planned: 2
                                                              Workers Launched: 2
                                                              ->  Sort  (cost=93362.93..93377.06 rows=5654 width=56) (actual time=820.577..861.469 rows=174489 loops=3)
                                                                    Sort Key: customer_2.c_last_name, customer_2.c_first_name, date_dim_2.d_date
                                                                    Sort Method: external merge  Disk: 12784kB
                                                                    Worker 0:  Sort Method: external merge  Disk: 10088kB
                                                                    Worker 1:  Sort Method: external merge  Disk: 10080kB
                                                                    ->  Nested Loop  (cost=2505.73..93010.54 rows=5654 width=56) (actual time=13.423..531.634 rows=174489 loops=3)
                                                                          ->  Hash Join  (cost=2505.43..91166.73 rows=5923 width=12) (actual time=13.366..259.763 rows=178653 loops=3)
                                                                                Hash Cond: (store_sales.ss_sold_date_sk = date_dim_2.d_date_sk)
                                                                                ->  Parallel Seq Scan on store_sales  (cost=0.00..85499.45 rows=1204445 width=16) (actual time=0.015..124.041 rows=948150 loops=3)
                                                                                ->  Hash  (cost=2500.73..2500.73 rows=376 width=12) (actual time=13.248..13.249 rows=365 loops=3)
                                                                                      Buckets: 1024  Batches: 1  Memory Usage: 26kB
                                                                                      ->  Seq Scan on date_dim date_dim_2  (cost=0.00..2500.73 rows=376 width=12) (actual time=6.042..13.199 rows=365 loops=3)
                                                                                            Filter: ((d_month_seq >= 1176) AND (d_month_seq <= 1187))
                                                                                            Rows Removed by Filter: 72684
                                                                          ->  Index Scan using pk_customer on customer customer_2  (cost=0.29..0.31 rows=1 width=60) (actual time=0.001..0.001 rows=1 loops=535958)
                                                                                Index Cond: (c_customer_sk = store_sales.ss_customer_sk)
 count 
-------
   112
(1 row)

UPDATE time_statistics SET e_time = TRANSACTION_TIMESTAMP() WHERE template = 'query38.tpl' AND stream = 7;
psql:/tmp/s1-basline/throughput/query_7.sql:2444: NOTICE:  duration: 0.100 ms  plan:
Query Text: UPDATE time_statistics SET e_time = TRANSACTION_TIMESTAMP() WHERE template = 'query38.tpl' AND stream = 7;
Update on time_statistics  (cost=0.00..16.72 rows=0 width=0) (actual time=0.099..0.099 rows=0 loops=1)
  ->  Seq Scan on time_statistics  (cost=0.00..16.72 rows=1 width=14) (actual time=0.085..0.085 rows=1 loops=1)
        Filter: ((template = 'query38.tpl'::text) AND (stream = 7))
        Rows Removed by Filter: 629
UPDATE 1
LOAD 'auto_explain'; SET auto_explain.log_min_duration TO 0; SET auto_explain.log_analyze TO on; SET auto_explain.log_level TO notice; INSERT INTO time_statistics (template, s_time, stream, query, seed) VALUES ('../query_postgresql/query82.tpl', TRANSACTION_TIMESTAMP(), 7, 54, 1084403209);
LOAD
SET
SET
SET
psql:/tmp/s1-basline/throughput/query_7.sql:2445: NOTICE:  duration: 0.009 ms  plan:
Query Text: INSERT INTO time_statistics (template, s_time, stream, query, seed) VALUES ('../query_postgresql/query82.tpl', TRANSACTION_TIMESTAMP(), 7, 54, 1084403209);
Insert on time_statistics  (cost=0.00..0.01 rows=0 width=0) (actual time=0.008..0.008 rows=0 loops=1)
  ->  Result  (cost=0.00..0.01 rows=1 width=64) (actual time=0.001..0.001 rows=1 loops=1)
INSERT 0 1
select  i_item_id
       ,i_item_desc
       ,i_current_price
 from item, inventory, date_dim, store_sales
 where i_current_price between 71 and 71+30
 and inv_item_sk = i_item_sk
 and d_date_sk=inv_date_sk
 and d_date between cast('2000-03-22' as date) and (cast('2000-03-22' as date) + interval '60 days')
 and i_manufact_id in (405,797,786,62)
 and inv_quantity_on_hand between 100 and 500
 and ss_item_sk = i_item_sk
 group by i_item_id,i_item_desc,i_current_price
 order by i_item_id
 limit 100;
psql:/tmp/s1-basline/throughput/query_7.sql:2459: NOTICE:  duration: 8.795 ms  plan:
Query Text: select  i_item_id
       ,i_item_desc
       ,i_current_price
 from item, inventory, date_dim, store_sales
 where i_current_price between 71 and 71+30
 and inv_item_sk = i_item_sk
 and d_date_sk=inv_date_sk
 and d_date between cast('2000-03-22' as date) and (cast('2000-03-22' as date) + interval '60 days')
 and i_manufact_id in (405,797,786,62)
 and inv_quantity_on_hand between 100 and 500
 and ss_item_sk = i_item_sk
 group by i_item_id,i_item_desc,i_current_price
 order by i_item_id
 limit 100;
Limit  (cost=2536.37..2538.10 rows=3 width=127) (actual time=8.423..8.790 rows=1 loops=1)
  ->  Group  (cost=2536.37..2538.10 rows=3 width=127) (actual time=8.423..8.789 rows=1 loops=1)
        Group Key: item.i_item_id, item.i_item_desc, item.i_current_price
        ->  Sort  (cost=2536.37..2536.81 rows=173 width=127) (actual time=8.422..8.508 rows=2286 loops=1)
              Sort Key: item.i_item_id, item.i_item_desc, item.i_current_price
              Sort Method: quicksort  Memory: 329kB
              ->  Nested Loop  (cost=1.28..2529.94 rows=173 width=127) (actual time=3.959..7.857 rows=2286 loops=1)
                    ->  Nested Loop  (cost=0.85..2524.70 rows=1 width=143) (actual time=3.949..7.348 rows=18 loops=1)
                          ->  Seq Scan on item  (cost=0.00..1616.00 rows=3 width=135) (actual time=0.599..6.845 rows=2 loops=1)
                                Filter: ((i_current_price >= '71'::double precision) AND (i_current_price <= '101'::double precision) AND (i_manufact_id = ANY ('{405,797,786,62}'::integer[])))
                                Rows Removed by Filter: 17998
                          ->  Nested Loop  (cost=0.85..302.31 rows=59 width=8) (actual time=0.135..0.249 rows=9 loops=2)
                                ->  Index Scan using i_d_date on date_dim  (cost=0.29..4.67 rows=59 width=8) (actual time=0.007..0.017 rows=61 loops=2)
                                      Index Cond: ((d_date >= '2000-03-22'::date) AND (d_date <= '2000-05-21 00:00:00'::timestamp without time zone))
                                ->  Index Scan using pk_inventory on inventory  (cost=0.56..5.03 rows=1 width=16) (actual time=0.003..0.004 rows=0 loops=122)
                                      Index Cond: ((inv_date_sk = date_dim.d_date_sk) AND (inv_item_sk = item.i_item_sk))
                                      Filter: ((inv_quantity_on_hand >= 100) AND (inv_quantity_on_hand <= 500))
                                      Rows Removed by Filter: 0
                    ->  Index Only Scan using pk_store_sales on store_sales  (cost=0.43..3.50 rows=175 width=8) (actual time=0.003..0.018 rows=127 loops=18)
                          Index Cond: (ss_item_sk = inventory.inv_item_sk)
                          Heap Fetches: 144
    i_item_id     |           i_item_desc            | i_current_price 
------------------+----------------------------------+-----------------
 AAAAAAAAKIFCAAAA | Other women should charge nearly |           85.21
(1 row)

UPDATE time_statistics SET e_time = TRANSACTION_TIMESTAMP() WHERE template = '../query_postgresql/query82.tpl' AND stream = 7;
psql:/tmp/s1-basline/throughput/query_7.sql:2461: NOTICE:  duration: 0.075 ms  plan:
Query Text: UPDATE time_statistics SET e_time = TRANSACTION_TIMESTAMP() WHERE template = '../query_postgresql/query82.tpl' AND stream = 7;
Update on time_statistics  (cost=0.00..16.72 rows=0 width=0) (actual time=0.074..0.075 rows=0 loops=1)
  ->  Seq Scan on time_statistics  (cost=0.00..16.72 rows=1 width=14) (actual time=0.065..0.065 rows=1 loops=1)
        Filter: ((template = '../query_postgresql/query82.tpl'::text) AND (stream = 7))
        Rows Removed by Filter: 630
UPDATE 1
LOAD 'auto_explain'; SET auto_explain.log_min_duration TO 0; SET auto_explain.log_analyze TO on; SET auto_explain.log_level TO notice; INSERT INTO time_statistics (template, s_time, stream, query, seed) VALUES ('query87.tpl', TRANSACTION_TIMESTAMP(), 7, 55, 2018505221);
LOAD
SET
SET
SET
psql:/tmp/s1-basline/throughput/query_7.sql:2462: NOTICE:  duration: 0.008 ms  plan:
Query Text: INSERT INTO time_statistics (template, s_time, stream, query, seed) VALUES ('query87.tpl', TRANSACTION_TIMESTAMP(), 7, 55, 2018505221);
Insert on time_statistics  (cost=0.00..0.01 rows=0 width=0) (actual time=0.007..0.007 rows=0 loops=1)
  ->  Result  (cost=0.00..0.01 rows=1 width=64) (actual time=0.001..0.001 rows=1 loops=1)
INSERT 0 1
select count(*) 
from ((select distinct c_last_name, c_first_name, d_date
       from store_sales, date_dim, customer
       where store_sales.ss_sold_date_sk = date_dim.d_date_sk
         and store_sales.ss_customer_sk = customer.c_customer_sk
         and d_month_seq between 1181 and 1181+11)
       except
      (select distinct c_last_name, c_first_name, d_date
       from catalog_sales, date_dim, customer
       where catalog_sales.cs_sold_date_sk = date_dim.d_date_sk
         and catalog_sales.cs_bill_customer_sk = customer.c_customer_sk
         and d_month_seq between 1181 and 1181+11)
       except
      (select distinct c_last_name, c_first_name, d_date
       from web_sales, date_dim, customer
       where web_sales.ws_sold_date_sk = date_dim.d_date_sk
         and web_sales.ws_bill_customer_sk = customer.c_customer_sk
         and d_month_seq between 1181 and 1181+11)
) cool_cust
;
psql:/tmp/s1-basline/throughput/query_7.sql:2482: NOTICE:  duration: 2184.873 ms  plan:
Query Text: select count(*) 
from ((select distinct c_last_name, c_first_name, d_date
       from store_sales, date_dim, customer
       where store_sales.ss_sold_date_sk = date_dim.d_date_sk
         and store_sales.ss_customer_sk = customer.c_customer_sk
         and d_month_seq between 1181 and 1181+11)
       except
      (select distinct c_last_name, c_first_name, d_date
       from catalog_sales, date_dim, customer
       where catalog_sales.cs_sold_date_sk = date_dim.d_date_sk
         and catalog_sales.cs_bill_customer_sk = customer.c_customer_sk
         and d_month_seq between 1181 and 1181+11)
       except
      (select distinct c_last_name, c_first_name, d_date
       from web_sales, date_dim, customer
       where web_sales.ws_sold_date_sk = date_dim.d_date_sk
         and web_sales.ws_bill_customer_sk = customer.c_customer_sk
         and d_month_seq between 1181 and 1181+11)
) cool_cust
;
Aggregate  (cost=156976.86..156976.87 rows=1 width=8) (actual time=2148.901..2184.865 rows=1 loops=1)
  ->  Subquery Scan on cool_cust  (cost=94362.95..156942.94 rows=13569 width=0) (actual time=2140.443..2183.012 rows=46493 loops=1)
        ->  HashSetOp Except  (cost=94362.95..156807.25 rows=13569 width=216) (actual time=2140.442..2178.689 rows=46493 loops=1)
              ->  Append  (cost=94362.95..156677.60 rows=17287 width=216) (actual time=1773.362..2161.282 rows=58571 loops=1)
                    ->  Result  (cost=94362.95..121455.03 rows=13569 width=216) (actual time=1773.362..1784.613 rows=46556 loops=1)
                          ->  HashSetOp Except  (cost=94362.95..121319.34 rows=13569 width=216) (actual time=1773.361..1779.847 rows=46556 loops=1)
                                ->  Append  (cost=94362.95..121162.41 rows=20923 width=216) (actual time=873.817..1750.779 rows=78086 loops=1)
                                      ->  Subquery Scan on "*SELECT* 1"  (cost=94362.95..96180.75 rows=13569 width=60) (actual time=873.816..1167.091 rows=46883 loops=1)
                                            ->  Unique  (cost=94362.95..96045.06 rows=13569 width=56) (actual time=873.814..1161.727 rows=46883 loops=1)
                                                  ->  Gather Merge  (cost=94362.95..95943.29 rows=13569 width=56) (actual time=873.813..1080.892 rows=530637 loops=1)
                                                        Workers Planned: 2
                                                        Workers Launched: 2
                                                        ->  Sort  (cost=93362.93..93377.06 rows=5654 width=56) (actual time=828.820..870.143 rows=176879 loops=3)
                                                              Sort Key: customer.c_last_name, customer.c_first_name, date_dim.d_date
                                                              Sort Method: external merge  Disk: 12912kB
                                                              Worker 0:  Sort Method: external merge  Disk: 10240kB
                                                              Worker 1:  Sort Method: external merge  Disk: 10248kB
                                                              ->  Nested Loop  (cost=2505.73..93010.54 rows=5654 width=56) (actual time=13.478..535.893 rows=176879 loops=3)
                                                                    ->  Hash Join  (cost=2505.43..91166.73 rows=5923 width=12) (actual time=13.428..260.053 rows=181151 loops=3)
                                                                          Hash Cond: (store_sales.ss_sold_date_sk = date_dim.d_date_sk)
                                                                          ->  Parallel Seq Scan on store_sales  (cost=0.00..85499.45 rows=1204445 width=16) (actual time=0.014..123.656 rows=948150 loops=3)
                                                                          ->  Hash  (cost=2500.73..2500.73 rows=376 width=12) (actual time=13.298..13.299 rows=365 loops=3)
                                                                                Buckets: 1024  Batches: 1  Memory Usage: 26kB
                                                                                ->  Seq Scan on date_dim  (cost=0.00..2500.73 rows=376 width=12) (actual time=6.145..13.247 rows=365 loops=3)
                                                                                      Filter: ((d_month_seq >= 1181) AND (d_month_seq <= 1192))
                                                                                      Rows Removed by Filter: 72684
                                                                    ->  Index Scan using pk_customer on customer  (cost=0.29..0.31 rows=1 width=60) (actual time=0.001..0.001 rows=1 loops=543452)
                                                                          Index Cond: (c_customer_sk = store_sales.ss_customer_sk)
                                      ->  Subquery Scan on "*SELECT* 2"  (cost=24729.97..24877.05 rows=7354 width=60) (actual time=570.174..579.015 rows=31203 loops=1)
                                            ->  HashAggregate  (cost=24729.97..24803.51 rows=7354 width=56) (actual time=570.173..576.698 rows=31203 loops=1)
                                                  Group Key: customer_1.c_last_name, customer_1.c_first_name, date_dim_1.d_date
                                                  Batches: 1  Memory Usage: 6673kB
                                                  ->  Nested Loop  (cost=0.72..24674.82 rows=7354 width=56) (actual time=3.692..464.306 rows=281687 loops=1)
                                                        ->  Nested Loop  (cost=0.43..22363.80 rows=7393 width=12) (actual time=3.681..99.040 rows=282385 loops=1)
                                                              ->  Seq Scan on date_dim date_dim_1  (cost=0.00..2500.73 rows=376 width=12) (actual time=3.660..7.927 rows=365 loops=1)
                                                                    Filter: ((d_month_seq >= 1181) AND (d_month_seq <= 1192))
                                                                    Rows Removed by Filter: 72684
                                                              ->  Index Scan using i_cs_sold_date_sk on catalog_sales  (cost=0.43..44.98 rows=785 width=16) (actual time=0.004..0.172 rows=774 loops=365)
                                                                    Index Cond: (cs_sold_date_sk = date_dim_1.d_date_sk)
                                                        ->  Index Scan using pk_customer on customer customer_1  (cost=0.29..0.31 rows=1 width=60) (actual time=0.001..0.001 rows=1 loops=282385)
                                                              Index Cond: (c_customer_sk = catalog_sales.cs_bill_customer_sk)
                    ->  Subquery Scan on "*SELECT* 3"  (cost=34638.05..35136.14 rows=3718 width=60) (actual time=262.753..373.232 rows=12015 loops=1)
                          ->  Unique  (cost=34638.05..35098.96 rows=3718 width=56) (actual time=262.751..371.934 rows=12015 loops=1)
                                ->  Gather Merge  (cost=34638.05..35071.07 rows=3718 width=56) (actual time=262.750..349.122 rows=145397 loops=1)
                                      Workers Planned: 2
                                      Workers Launched: 2
                                      ->  Sort  (cost=33638.02..33641.90 rows=1549 width=56) (actual time=237.064..241.959 rows=48466 loops=3)
                                            Sort Key: customer_2.c_last_name, customer_2.c_first_name, date_dim_2.d_date
                                            Sort Method: quicksort  Memory: 7430kB
                                            Worker 0:  Sort Method: quicksort  Memory: 5294kB
                                            Worker 1:  Sort Method: quicksort  Memory: 5287kB
                                            ->  Nested Loop  (cost=2505.73..33555.95 rows=1549 width=56) (actual time=13.469..170.087 rows=48466 loops=3)
                                                  ->  Hash Join  (cost=2505.43..33067.40 rows=1550 width=12) (actual time=13.422..91.929 rows=48472 loops=3)
                                                        Hash Cond: (web_sales.ws_sold_date_sk = date_dim_2.d_date_sk)
                                                        ->  Parallel Seq Scan on web_sales  (cost=0.00..29771.63 rows=301063 width=16) (actual time=0.017..44.675 rows=237185 loops=3)
                                                        ->  Hash  (cost=2500.73..2500.73 rows=376 width=12) (actual time=13.291..13.291 rows=365 loops=3)
                                                              Buckets: 1024  Batches: 1  Memory Usage: 26kB
                                                              ->  Seq Scan on date_dim date_dim_2  (cost=0.00..2500.73 rows=376 width=12) (actual time=6.071..13.241 rows=365 loops=3)
                                                                    Filter: ((d_month_seq >= 1181) AND (d_month_seq <= 1192))
                                                                    Rows Removed by Filter: 72684
                                                  ->  Index Scan using pk_customer on customer customer_2  (cost=0.29..0.32 rows=1 width=60) (actual time=0.001..0.001 rows=1 loops=145417)
                                                        Index Cond: (c_customer_sk = web_sales.ws_bill_customer_sk)
 count 
-------
 46493
(1 row)

UPDATE time_statistics SET e_time = TRANSACTION_TIMESTAMP() WHERE template = 'query87.tpl' AND stream = 7;
psql:/tmp/s1-basline/throughput/query_7.sql:2484: NOTICE:  duration: 0.100 ms  plan:
Query Text: UPDATE time_statistics SET e_time = TRANSACTION_TIMESTAMP() WHERE template = 'query87.tpl' AND stream = 7;
Update on time_statistics  (cost=0.00..16.72 rows=0 width=0) (actual time=0.099..0.099 rows=0 loops=1)
  ->  Seq Scan on time_statistics  (cost=0.00..16.72 rows=1 width=14) (actual time=0.084..0.085 rows=1 loops=1)
        Filter: ((template = 'query87.tpl'::text) AND (stream = 7))
        Rows Removed by Filter: 631
UPDATE 1
LOAD 'auto_explain'; SET auto_explain.log_min_duration TO 0; SET auto_explain.log_analyze TO on; SET auto_explain.log_level TO notice; INSERT INTO time_statistics (template, s_time, stream, query, seed) VALUES ('query43.tpl', TRANSACTION_TIMESTAMP(), 7, 56, 270095365);
LOAD
SET
SET
SET
psql:/tmp/s1-basline/throughput/query_7.sql:2485: NOTICE:  duration: 0.009 ms  plan:
Query Text: INSERT INTO time_statistics (template, s_time, stream, query, seed) VALUES ('query43.tpl', TRANSACTION_TIMESTAMP(), 7, 56, 270095365);
Insert on time_statistics  (cost=0.00..0.01 rows=0 width=0) (actual time=0.008..0.008 rows=0 loops=1)
  ->  Result  (cost=0.00..0.01 rows=1 width=64) (actual time=0.001..0.002 rows=1 loops=1)
INSERT 0 1
select  s_store_name, s_store_id,
        sum(case when (d_day_name='Sunday') then ss_sales_price else null end) sun_sales,
        sum(case when (d_day_name='Monday') then ss_sales_price else null end) mon_sales,
        sum(case when (d_day_name='Tuesday') then ss_sales_price else  null end) tue_sales,
        sum(case when (d_day_name='Wednesday') then ss_sales_price else null end) wed_sales,
        sum(case when (d_day_name='Thursday') then ss_sales_price else null end) thu_sales,
        sum(case when (d_day_name='Friday') then ss_sales_price else null end) fri_sales,
        sum(case when (d_day_name='Saturday') then ss_sales_price else null end) sat_sales
 from date_dim, store_sales, store
 where d_date_sk = ss_sold_date_sk and
       s_store_sk = ss_store_sk and
       s_gmt_offset = -5 and
       d_year = 2001 
 group by s_store_name, s_store_id
 order by s_store_name, s_store_id,sun_sales,mon_sales,tue_sales,wed_sales,thu_sales,fri_sales,sat_sales
 limit 100;
psql:/tmp/s1-basline/throughput/query_7.sql:2501: NOTICE:  duration: 526.392 ms  plan:
Query Text: select  s_store_name, s_store_id,
        sum(case when (d_day_name='Sunday') then ss_sales_price else null end) sun_sales,
        sum(case when (d_day_name='Monday') then ss_sales_price else null end) mon_sales,
        sum(case when (d_day_name='Tuesday') then ss_sales_price else  null end) tue_sales,
        sum(case when (d_day_name='Wednesday') then ss_sales_price else null end) wed_sales,
        sum(case when (d_day_name='Thursday') then ss_sales_price else null end) thu_sales,
        sum(case when (d_day_name='Friday') then ss_sales_price else null end) fri_sales,
        sum(case when (d_day_name='Saturday') then ss_sales_price else null end) sat_sales
 from date_dim, store_sales, store
 where d_date_sk = ss_sold_date_sk and
       s_store_sk = ss_store_sk and
       s_gmt_offset = -5 and
       d_year = 2001 
 group by s_store_name, s_store_id
 order by s_store_name, s_store_id,sun_sales,mon_sales,tue_sales,wed_sales,thu_sales,fri_sales,sat_sales
 limit 100;
Limit  (cost=92578.21..92578.23 rows=9 width=78) (actual time=526.265..526.376 rows=6 loops=1)
  ->  Sort  (cost=92578.21..92578.23 rows=9 width=78) (actual time=526.263..526.373 rows=6 loops=1)
        Sort Key: store.s_store_name, store.s_store_id, (sum(CASE WHEN (date_dim.d_day_name = 'Sunday'::bpchar) THEN store_sales.ss_sales_price ELSE NULL::double precision END)), (sum(CASE WHEN (date_dim.d_day_name = 'Monday'::bpchar) THEN store_sales.ss_sales_price ELSE NULL::double precision END)), (sum(CASE WHEN (date_dim.d_day_name = 'Tuesday'::bpchar) THEN store_sales.ss_sales_price ELSE NULL::double precision END)), (sum(CASE WHEN (date_dim.d_day_name = 'Wednesday'::bpchar) THEN store_sales.ss_sales_price ELSE NULL::double precision END)), (sum(CASE WHEN (date_dim.d_day_name = 'Thursday'::bpchar) THEN store_sales.ss_sales_price ELSE NULL::double precision END)), (sum(CASE WHEN (date_dim.d_day_name = 'Friday'::bpchar) THEN store_sales.ss_sales_price ELSE NULL::double precision END)), (sum(CASE WHEN (date_dim.d_day_name = 'Saturday'::bpchar) THEN store_sales.ss_sales_price ELSE NULL::double precision END))
        Sort Method: quicksort  Memory: 25kB
        ->  Finalize GroupAggregate  (cost=92343.69..92578.07 rows=9 width=78) (actual time=458.736..526.365 rows=6 loops=1)
              Group Key: store.s_store_name, store.s_store_id
              ->  Gather Merge  (cost=92343.69..92577.57 rows=18 width=78) (actual time=441.710..526.351 rows=18 loops=1)
                    Workers Planned: 2
                    Workers Launched: 2
                    ->  Partial GroupAggregate  (cost=91343.67..91575.47 rows=9 width=78) (actual time=372.916..442.651 rows=6 loops=3)
                          Group Key: store.s_store_name, store.s_store_id
                          ->  Sort  (cost=91343.67..91357.30 rows=5452 width=40) (actual time=358.010..378.161 rows=175848 loops=3)
                                Sort Key: store.s_store_name, store.s_store_id
                                Sort Method: external merge  Disk: 10928kB
                                Worker 0:  Sort Method: external merge  Disk: 8104kB
                                Worker 1:  Sort Method: external merge  Disk: 8104kB
                                ->  Hash Join  (cost=2323.95..91005.30 rows=5452 width=40) (actual time=14.732..288.471 rows=175848 loops=3)
                                      Hash Cond: (store_sales.ss_store_sk = store.s_store_sk)
                                      ->  Hash Join  (cost=2322.65..90983.94 rows=5718 width=26) (actual time=14.656..261.233 rows=180059 loops=3)
                                            Hash Cond: (store_sales.ss_sold_date_sk = date_dim.d_date_sk)
                                            ->  Parallel Seq Scan on store_sales  (cost=0.00..85499.45 rows=1204445 width=24) (actual time=0.013..125.125 rows=948150 loops=3)
                                            ->  Hash  (cost=2318.11..2318.11 rows=363 width=18) (actual time=14.626..14.627 rows=365 loops=3)
                                                  Buckets: 1024  Batches: 1  Memory Usage: 28kB
                                                  ->  Seq Scan on date_dim  (cost=0.00..2318.11 rows=363 width=18) (actual time=7.105..14.566 rows=365 loops=3)
                                                        Filter: (d_year = 2001)
                                                        Rows Removed by Filter: 72684
                                      ->  Hash  (cost=1.15..1.15 rows=12 width=30) (actual time=0.037..0.038 rows=12 loops=3)
                                            Buckets: 1024  Batches: 1  Memory Usage: 9kB
                                            ->  Seq Scan on store  (cost=0.00..1.15 rows=12 width=30) (actual time=0.028..0.032 rows=12 loops=3)
                                                  Filter: (s_gmt_offset = '-5'::double precision)
 s_store_name |    s_store_id    |     sun_sales      |     mon_sales      |     tue_sales      |     wed_sales      |     thu_sales      |     fri_sales     |     sat_sales      
--------------+------------------+--------------------+--------------------+--------------------+--------------------+--------------------+-------------------+--------------------
 able         | AAAAAAAACAAAAAAA |  482639.9400000002 |  544719.3600000006 | 472204.57999999943 | 469243.90000000014 |  435116.1000000004 |         449412.48 |  446217.0899999996
 ation        | AAAAAAAAHAAAAAAA | 464183.13000000047 | 519063.49000000086 | 470469.33999999985 | 444391.19999999995 | 461273.35999999964 | 449479.1600000004 |          452955.53
 bar          | AAAAAAAAKAAAAAAA | 487016.65000000026 |  503900.3800000004 |  478226.2499999993 |  497370.9500000007 |  466563.8699999997 | 445739.8500000004 | 479429.77000000025
 eing         | AAAAAAAAIAAAAAAA |  488528.5100000001 |   484651.529999999 |  472915.5000000004 |  473636.7600000003 | 435992.48000000033 | 465021.4099999999 |  447681.3699999994
 ese          | AAAAAAAAEAAAAAAA |  470835.7500000003 |  465576.7099999998 |  473110.4599999994 |  469162.6399999998 |  466503.7000000006 | 445447.9500000002 |  477969.8200000002
 ought        | AAAAAAAABAAAAAAA |  476190.6300000003 | 470529.26999999955 | 467154.84999999986 |  494160.6599999998 | 448186.57000000065 | 443812.4499999997 |  468705.0300000004
(6 rows)

UPDATE time_statistics SET e_time = TRANSACTION_TIMESTAMP() WHERE template = 'query43.tpl' AND stream = 7;
psql:/tmp/s1-basline/throughput/query_7.sql:2503: NOTICE:  duration: 0.100 ms  plan:
Query Text: UPDATE time_statistics SET e_time = TRANSACTION_TIMESTAMP() WHERE template = 'query43.tpl' AND stream = 7;
Update on time_statistics  (cost=0.00..16.72 rows=0 width=0) (actual time=0.099..0.099 rows=0 loops=1)
  ->  Seq Scan on time_statistics  (cost=0.00..16.72 rows=1 width=14) (actual time=0.085..0.085 rows=1 loops=1)
        Filter: ((template = 'query43.tpl'::text) AND (stream = 7))
        Rows Removed by Filter: 632
UPDATE 1
LOAD 'auto_explain'; SET auto_explain.log_min_duration TO 0; SET auto_explain.log_analyze TO on; SET auto_explain.log_level TO notice; INSERT INTO time_statistics (template, s_time, stream, query, seed) VALUES ('query11.tpl', TRANSACTION_TIMESTAMP(), 7, 57, 1932351223);
LOAD
SET
SET
SET
psql:/tmp/s1-basline/throughput/query_7.sql:2504: NOTICE:  duration: 0.012 ms  plan:
Query Text: INSERT INTO time_statistics (template, s_time, stream, query, seed) VALUES ('query11.tpl', TRANSACTION_TIMESTAMP(), 7, 57, 1932351223);
Insert on time_statistics  (cost=0.00..0.01 rows=0 width=0) (actual time=0.011..0.011 rows=0 loops=1)
  ->  Result  (cost=0.00..0.01 rows=1 width=64) (actual time=0.001..0.002 rows=1 loops=1)
INSERT 0 1
with year_total as (
 select c_customer_id customer_id
       ,c_first_name customer_first_name
       ,c_last_name customer_last_name
       ,c_preferred_cust_flag customer_preferred_cust_flag
       ,c_birth_country customer_birth_country
       ,c_login customer_login
       ,c_email_address customer_email_address
       ,d_year dyear
       ,sum(ss_ext_list_price-ss_ext_discount_amt) year_total
       ,'s' sale_type
 from customer
     ,store_sales
     ,date_dim
 where c_customer_sk = ss_customer_sk
   and ss_sold_date_sk = d_date_sk
 group by c_customer_id
         ,c_first_name
         ,c_last_name
         ,c_preferred_cust_flag 
         ,c_birth_country
         ,c_login
         ,c_email_address
         ,d_year 
 union all
 select c_customer_id customer_id
       ,c_first_name customer_first_name
       ,c_last_name customer_last_name
       ,c_preferred_cust_flag customer_preferred_cust_flag
       ,c_birth_country customer_birth_country
       ,c_login customer_login
       ,c_email_address customer_email_address
       ,d_year dyear
       ,sum(ws_ext_list_price-ws_ext_discount_amt) year_total
       ,'w' sale_type
 from customer
     ,web_sales
     ,date_dim
 where c_customer_sk = ws_bill_customer_sk
   and ws_sold_date_sk = d_date_sk
 group by c_customer_id
         ,c_first_name
         ,c_last_name
         ,c_preferred_cust_flag 
         ,c_birth_country
         ,c_login
         ,c_email_address
         ,d_year
         )
  select  
                  t_s_secyear.customer_id
                 ,t_s_secyear.customer_first_name
                 ,t_s_secyear.customer_last_name
                 ,t_s_secyear.customer_preferred_cust_flag
 from year_total t_s_firstyear
     ,year_total t_s_secyear
     ,year_total t_w_firstyear
     ,year_total t_w_secyear
 where t_s_secyear.customer_id = t_s_firstyear.customer_id
         and t_s_firstyear.customer_id = t_w_secyear.customer_id
         and t_s_firstyear.customer_id = t_w_firstyear.customer_id
         and t_s_firstyear.sale_type = 's'
         and t_w_firstyear.sale_type = 'w'
         and t_s_secyear.sale_type = 's'
         and t_w_secyear.sale_type = 'w'
         and t_s_firstyear.dyear = 2001
         and t_s_secyear.dyear = 2001+1
         and t_w_firstyear.dyear = 2001
         and t_w_secyear.dyear = 2001+1
         and t_s_firstyear.year_total > 0
         and t_w_firstyear.year_total > 0
         and case when t_w_firstyear.year_total > 0 then t_w_secyear.year_total / t_w_firstyear.year_total else 0.0 end
             > case when t_s_firstyear.year_total > 0 then t_s_secyear.year_total / t_s_firstyear.year_total else 0.0 end
 order by t_s_secyear.customer_id
         ,t_s_secyear.customer_first_name
         ,t_s_secyear.customer_last_name
         ,t_s_secyear.customer_preferred_cust_flag
limit 100;
psql:/tmp/s1-basline/throughput/query_7.sql:2582: NOTICE:  duration: 2051248.636 ms  plan:
Query Text: with year_total as (
 select c_customer_id customer_id
       ,c_first_name customer_first_name
       ,c_last_name customer_last_name
       ,c_preferred_cust_flag customer_preferred_cust_flag
       ,c_birth_country customer_birth_country
       ,c_login customer_login
       ,c_email_address customer_email_address
       ,d_year dyear
       ,sum(ss_ext_list_price-ss_ext_discount_amt) year_total
       ,'s' sale_type
 from customer
     ,store_sales
     ,date_dim
 where c_customer_sk = ss_customer_sk
   and ss_sold_date_sk = d_date_sk
 group by c_customer_id
         ,c_first_name
         ,c_last_name
         ,c_preferred_cust_flag 
         ,c_birth_country
         ,c_login
         ,c_email_address
         ,d_year 
 union all
 select c_customer_id customer_id
       ,c_first_name customer_first_name
       ,c_last_name customer_last_name
       ,c_preferred_cust_flag customer_preferred_cust_flag
       ,c_birth_country customer_birth_country
       ,c_login customer_login
       ,c_email_address customer_email_address
       ,d_year dyear
       ,sum(ws_ext_list_price-ws_ext_discount_amt) year_total
       ,'w' sale_type
 from customer
     ,web_sales
     ,date_dim
 where c_customer_sk = ws_bill_customer_sk
   and ws_sold_date_sk = d_date_sk
 group by c_customer_id
         ,c_first_name
         ,c_last_name
         ,c_preferred_cust_flag 
         ,c_birth_country
         ,c_login
         ,c_email_address
         ,d_year
         )
  select  
                  t_s_secyear.customer_id
                 ,t_s_secyear.customer_first_name
                 ,t_s_secyear.customer_last_name
                 ,t_s_secyear.customer_preferred_cust_flag
 from year_total t_s_firstyear
     ,year_total t_s_secyear
     ,year_total t_w_firstyear
     ,year_total t_w_secyear
 where t_s_secyear.customer_id = t_s_firstyear.customer_id
         and t_s_firstyear.customer_id = t_w_secyear.customer_id
         and t_s_firstyear.customer_id = t_w_firstyear.customer_id
         and t_s_firstyear.sale_type = 's'
         and t_w_firstyear.sale_type = 'w'
         and t_s_secyear.sale_type = 's'
         and t_w_secyear.sale_type = 'w'
         and t_s_firstyear.dyear = 2001
         and t_s_secyear.dyear = 2001+1
         and t_w_firstyear.dyear = 2001
         and t_w_secyear.dyear = 2001+1
         and t_s_firstyear.year_total > 0
         and t_w_firstyear.year_total > 0
         and case when t_w_firstyear.year_total > 0 then t_w_secyear.year_total / t_w_firstyear.year_total else 0.0 end
             > case when t_s_firstyear.year_total > 0 then t_s_secyear.year_total / t_s_firstyear.year_total else 0.0 end
 order by t_s_secyear.customer_id
         ,t_s_secyear.customer_first_name
         ,t_s_secyear.customer_last_name
         ,t_s_secyear.customer_preferred_cust_flag
limit 100;
Limit  (cost=1159098.79..1159098.80 rows=1 width=284) (actual time=2051248.566..2051248.586 rows=91 loops=1)
  CTE year_total
    ->  Append  (cost=408517.15..806440.71 rows=3358371 width=231) (actual time=3563.165..5232.162 rows=244732 loops=1)
          ->  HashAggregate  (cost=408517.15..584187.44 rows=2636084 width=231) (actual time=3563.164..4205.439 rows=188832 loops=1)
                Group Key: customer.c_customer_id, customer.c_first_name, customer.c_last_name, customer.c_preferred_cust_flag, customer.c_birth_country, customer.c_login, customer.c_email_address, date_dim.d_year
                Planned Partitions: 32  Batches: 33  Memory Usage: 33049kB  Disk Usage: 217120kB
                ->  Hash Join  (cost=8459.60..125652.99 rows=2636084 width=207) (actual time=77.826..1723.964 rows=2651152 loops=1)
                      Hash Cond: (store_sales.ss_sold_date_sk = date_dim.d_date_sk)
                      ->  Hash Join  (cost=5411.00..115360.98 rows=2759238 width=211) (actual time=58.364..1261.385 rows=2716019 loops=1)
                            Hash Cond: (store_sales.ss_customer_sk = customer.c_customer_sk)
                            ->  Seq Scan on store_sales  (cost=0.00..102361.67 rows=2890667 width=32) (actual time=0.005..223.452 rows=2844450 loops=1)
                            ->  Hash  (cost=4161.00..4161.00 rows=100000 width=195) (actual time=58.288..58.290 rows=100000 loops=1)
                                  Buckets: 131072  Batches: 1  Memory Usage: 17780kB
                                  ->  Seq Scan on customer  (cost=0.00..4161.00 rows=100000 width=195) (actual time=0.004..28.761 rows=100000 loops=1)
                      ->  Hash  (cost=2135.49..2135.49 rows=73049 width=12) (actual time=19.419..19.419 rows=73049 loops=1)
                            Buckets: 131072  Batches: 1  Memory Usage: 4449kB
                            ->  Seq Scan on date_dim  (cost=0.00..2135.49 rows=73049 width=12) (actual time=0.005..10.700 rows=73049 loops=1)
          ->  HashAggregate  (cost=123744.05..171877.70 rows=722287 width=231) (actual time=995.926..1012.364 rows=55900 loops=1)
                Group Key: customer_1.c_customer_id, customer_1.c_first_name, customer_1.c_last_name, customer_1.c_preferred_cust_flag, customer_1.c_birth_country, customer_1.c_login, customer_1.c_email_address, date_dim_1.d_year
                Planned Partitions: 16  Batches: 1  Memory Usage: 19481kB
                ->  Hash Join  (cost=8459.60..46239.27 rows=722287 width=207) (actual time=71.849..527.569 rows=711274 loops=1)
                      Hash Cond: (web_sales.ws_sold_date_sk = date_dim_1.d_date_sk)
                      ->  Hash Join  (cost=5411.00..41294.30 rows=722383 width=211) (actual time=52.647..387.207 rows=711350 loops=1)
                            Hash Cond: (web_sales.ws_bill_customer_sk = customer_1.c_customer_sk)
                            ->  Seq Scan on web_sales  (cost=0.00..33986.52 rows=722552 width=32) (actual time=0.005..63.211 rows=711555 loops=1)
                            ->  Hash  (cost=4161.00..4161.00 rows=100000 width=195) (actual time=52.558..52.558 rows=100000 loops=1)
                                  Buckets: 131072  Batches: 1  Memory Usage: 17780kB
                                  ->  Seq Scan on customer customer_1  (cost=0.00..4161.00 rows=100000 width=195) (actual time=0.004..29.794 rows=100000 loops=1)
                      ->  Hash  (cost=2135.49..2135.49 rows=73049 width=12) (actual time=19.121..19.121 rows=73049 loops=1)
                            Buckets: 131072  Batches: 1  Memory Usage: 4449kB
                            ->  Seq Scan on date_dim date_dim_1  (cost=0.00..2135.49 rows=73049 width=12) (actual time=0.012..10.363 rows=73049 loops=1)
  ->  Sort  (cost=352658.09..352658.09 rows=1 width=284) (actual time=2051248.566..2051248.570 rows=91 loops=1)
        Sort Key: t_s_secyear.customer_id, t_s_secyear.customer_first_name, t_s_secyear.customer_last_name, t_s_secyear.customer_preferred_cust_flag
        Sort Method: quicksort  Memory: 37kB
        ->  Nested Loop  (cost=0.00..352658.08 rows=1 width=284) (actual time=58059.760..2051248.311 rows=91 loops=1)
              Join Filter: ((t_s_secyear.customer_id = t_w_secyear.customer_id) AND (CASE WHEN (t_w_firstyear.year_total > '0'::double precision) THEN (t_w_secyear.year_total / t_w_firstyear.year_total) ELSE '0'::double precision END > CASE WHEN (t_s_firstyear.year_total > '0'::double precision) THEN (t_s_secyear.year_total / t_s_firstyear.year_total) ELSE '0'::double precision END))
              Rows Removed by Join Filter: 17146029
              ->  Nested Loop  (cost=0.00..268693.76 rows=2 width=444) (actual time=6715.376..1981835.420 rows=1544 loops=1)
                    Join Filter: (t_s_firstyear.customer_id = t_s_secyear.customer_id)
                    Rows Removed by Join Filter: 161957656
                    ->  Nested Loop  (cost=0.00..184727.77 rows=4 width=152) (actual time=5482.442..1769592.814 rows=4296 loops=1)
                          Join Filter: (t_s_firstyear.customer_id = t_w_firstyear.customer_id)
                          Rows Removed by Join Filter: 419048712
                          ->  CTE Scan on year_total t_s_firstyear  (cost=0.00..92355.20 rows=28 width=76) (actual time=3563.172..3684.970 rows=37644 loops=1)
                                Filter: ((year_total > '0'::double precision) AND (sale_type = 's'::text) AND (dyear = 2001))
                                Rows Removed by Filter: 207088
                          ->  CTE Scan on year_total t_w_firstyear  (cost=0.00..92355.20 rows=28 width=76) (actual time=34.916..46.132 rows=11132 loops=37644)
                                Filter: ((year_total > '0'::double precision) AND (sale_type = 'w'::text) AND (dyear = 2001))
                                Rows Removed by Filter: 233600
                    ->  CTE Scan on year_total t_s_secyear  (cost=0.00..83959.28 rows=84 width=292) (actual time=0.003..46.816 rows=37700 loops=4296)
                          Filter: ((sale_type = 's'::text) AND (dyear = 2002))
                          Rows Removed by Filter: 207032
              ->  CTE Scan on year_total t_w_secyear  (cost=0.00..83959.28 rows=84 width=76) (actual time=33.289..44.175 rows=11105 loops=1544)
                    Filter: ((sale_type = 'w'::text) AND (dyear = 2002))
                    Rows Removed by Filter: 233627
   customer_id    | customer_first_name  |       customer_last_name       | customer_preferred_cust_flag 
------------------+----------------------+--------------------------------+------------------------------
 AAAAAAAAABKDBAAA | Julie                | Ramos                          | N
 AAAAAAAAACLIAAAA | Margie               | Bean                           | Y
 AAAAAAAAAFBDAAAA | Dawn                 | Tyler                          | Y
 AAAAAAAAAIFDBAAA | Rosalina             | Graham                         | Y
 AAAAAAAAAIKIAAAA | Sandra               | Young                          | Y
 AAAAAAAAAKFEAAAA | Karl                 | Jones                          | Y
 AAAAAAAAANMEBAAA | Margaret             | Leon                           | Y
 AAAAAAAAAPLCBAAA | Debbie               | Perryman                       | Y
 AAAAAAAABHHCAAAA | Dan                  | Rogers                         | N
 AAAAAAAACANDBAAA | Lee                  | Ellis                          | Y
 AAAAAAAACBPBAAAA | Kenneth              | Laird                          | N
 AAAAAAAACJCHAAAA | Dalila               | Love                           | N
 AAAAAAAACLGHAAAA | Nicole               | Moss                           | Y
 AAAAAAAACNEKAAAA | Robert               | Thomas                         | N
 AAAAAAAADBFIAAAA | Cinderella           | Crutchfield                    | N
 AAAAAAAADGFGBAAA | Christopher          | Peterson                       | N
 AAAAAAAADHHOAAAA | Gary                 | Bryan                          | N
 AAAAAAAADIOGBAAA | Nathan               | Smith                          | Y
 AAAAAAAADKMAAAAA | Grace                | Baines                         | Y
 AAAAAAAADOJAAAAA | Carl                 | Graves                         | Y
 AAAAAAAADOLGBAAA | Heather              | Santana                        | Y
 AAAAAAAADPNDBAAA | Ann                  | Miller                         | N
 AAAAAAAAEEBDAAAA |                      | Markham                        | 
 AAAAAAAAEEMGAAAA | Linda                | Brown                          | N
 AAAAAAAAEENPAAAA | Aaron                | White                          | N
 AAAAAAAAEHLHAAAA | Helen                | Mckee                          | N
 AAAAAAAAEKDHAAAA |                      |                                | N
 AAAAAAAAEMNCAAAA | Bryan                | Holloway                       | N
 AAAAAAAAFBCIBAAA | Paulette             | Johnson                        | Y
 AAAAAAAAFDGBBAAA | Shanta               | Serrano                        | Y
 AAAAAAAAFDJGAAAA | Denise               | Aragon                         | Y
 AAAAAAAAFENDAAAA | Ethel                | Crider                         | Y
 AAAAAAAAFIGPAAAA | Thomas               | Wallace                        | N
 AAAAAAAAFJGAAAAA | Lucy                 | Walker                         | Y
 AAAAAAAAFJOAAAAA | Travis               | Reilly                         | Y
 AAAAAAAAFKGHAAAA | Betty                | Nagle                          | N
 AAAAAAAAFLACAAAA | Tomas                | Hedgepeth                      | Y
 AAAAAAAAFLNFBAAA | Gregory              | Cabrera                        | Y
 AAAAAAAAFMBBBAAA |                      |                                | N
 AAAAAAAAGNNAAAAA | Mauro                | Kelly                          | N
 AAAAAAAAGPNFAAAA | Steve                | Patrick                        | Y
 AAAAAAAAHAAJAAAA | Soledad              | Harris                         | N
 AAAAAAAAHBLHAAAA | Gloria               | Reed                           | Y
 AAAAAAAAHCHNAAAA | Paul                 | Hardy                          | N
 AAAAAAAAHCKMAAAA | Fred                 | Green                          | N
 AAAAAAAAHGKBAAAA | Amber                | Tapp                           | N
 AAAAAAAAHIAEBAAA | Brenda               | Baumann                        | Y
 AAAAAAAAHJCKAAAA | Norma                | Adams                          | Y
 AAAAAAAAHJFCAAAA | Emma                 | Trujillo                       | N
 AAAAAAAAHNEBAAAA | Donald               | Hunter                         | Y
 AAAAAAAAHOOOAAAA | Bobby                | Simmons                        | N
 AAAAAAAAIMLCBAAA | Willie               |                                | Y
 AAAAAAAAIPGBBAAA | Irene                | Flores                         | Y
 AAAAAAAAJECLAAAA | Francisco            | Barnes                         | N
 AAAAAAAAJNDIBAAA | Carlos               | Terrell                        | N
 AAAAAAAAJNMCAAAA | Heather              | Mack                           | N
 AAAAAAAAJNPPAAAA | Roy                  | Williams                       | Y
 AAAAAAAAJOHDBAAA | Noreen               | Hundley                        | N
 AAAAAAAAKFDBAAAA | Willie               | Robinson                       | N
 AAAAAAAAKFMAAAAA | Edwin                | Washington                     | N
 AAAAAAAAKGOBAAAA | Margaret             | Layne                          | N
 AAAAAAAAKKFLAAAA | Velma                | Hurst                          | 
 AAAAAAAAKMPABAAA | Rodney               | Walters                        | N
 AAAAAAAAKNOKAAAA | Lindy                | Broadway                       | Y
 AAAAAAAAKPHHAAAA | Thomas               | Wilson                         | Y
 AAAAAAAALACLAAAA | Lonnie               | Doherty                        | Y
 AAAAAAAALALBAAAA | Norma                | Smith                          | Y
 AAAAAAAALEODAAAA | Larry                | Trent                          | N
 AAAAAAAALJPCAAAA | Glen                 | Moon                           | Y
 AAAAAAAALKDBAAAA | Erica                | Hardin                         | N
 AAAAAAAALKOGAAAA | David                | Trice                          | N
 AAAAAAAALNEKAAAA | Regina               | Ramsey                         | Y
 AAAAAAAAMIFCBAAA | William              | Funk                           | Y
 AAAAAAAAMLCPAAAA | Arthur               | Smith                          | N
 AAAAAAAANEBDBAAA | Jessica              | Hernandez                      | N
 AAAAAAAANENDAAAA | Josephine            | Couch                          | N
 AAAAAAAANLBBBAAA | Kelli                | Acevedo                        | N
 AAAAAAAANPJEAAAA | Ronda                | Venable                        | Y
 AAAAAAAAOEDAAAAA | Jose                 | Thompson                       | Y
 AAAAAAAAOHCIAAAA | William              | Ward                           | N
 AAAAAAAAOHOHBAAA | George               | Phillips                       | Y
 AAAAAAAAOJJBAAAA | Rufus                | Hart                           | Y
 AAAAAAAAOJKABAAA | Jose                 | Tillman                        | Y
 AAAAAAAAOJLJAAAA | Daniel               | Brown                          | N
 AAAAAAAAOKHCAAAA | Mathew               | Overton                        | Y
 AAAAAAAAOKKDBAAA | Mark                 | Sanchez                        | Y
 AAAAAAAAOMFCBAAA | Joanna               | Rowe                           | Y
 AAAAAAAAPFJOAAAA | Alicia               | Weis                           | Y
 AAAAAAAAPIJAAAAA | Michael              | Hughes                         | Y
 AAAAAAAAPKAMAAAA | Rocky                | Branson                        | Y
 AAAAAAAAPOKBAAAA | Russell              | Patterson                      | Y
(91 rows)

UPDATE time_statistics SET e_time = TRANSACTION_TIMESTAMP() WHERE template = 'query11.tpl' AND stream = 7;
psql:/tmp/s1-basline/throughput/query_7.sql:2584: NOTICE:  duration: 0.124 ms  plan:
Query Text: UPDATE time_statistics SET e_time = TRANSACTION_TIMESTAMP() WHERE template = 'query11.tpl' AND stream = 7;
Update on time_statistics  (cost=0.00..20.59 rows=0 width=0) (actual time=0.123..0.123 rows=0 loops=1)
  ->  Seq Scan on time_statistics  (cost=0.00..20.59 rows=1 width=14) (actual time=0.045..0.083 rows=1 loops=1)
        Filter: ((template = 'query11.tpl'::text) AND (stream = 7))
        Rows Removed by Filter: 652
UPDATE 1
LOAD 'auto_explain'; SET auto_explain.log_min_duration TO 0; SET auto_explain.log_analyze TO on; SET auto_explain.log_level TO notice; INSERT INTO time_statistics (template, s_time, stream, query, seed) VALUES ('../query_postgresql/query5.tpl', TRANSACTION_TIMESTAMP(), 7, 58, 1694712892);
LOAD
SET
SET
SET
psql:/tmp/s1-basline/throughput/query_7.sql:2585: NOTICE:  duration: 0.008 ms  plan:
Query Text: INSERT INTO time_statistics (template, s_time, stream, query, seed) VALUES ('../query_postgresql/query5.tpl', TRANSACTION_TIMESTAMP(), 7, 58, 1694712892);
Insert on time_statistics  (cost=0.00..0.01 rows=0 width=0) (actual time=0.008..0.008 rows=0 loops=1)
  ->  Result  (cost=0.00..0.01 rows=1 width=64) (actual time=0.001..0.002 rows=1 loops=1)
INSERT 0 1
with ssr as
 (select s_store_id,
        sum(sales_price) as sales,
        sum(profit) as profit,
        sum(return_amt) as returns,
        sum(net_loss) as profit_loss
 from
  ( select  ss_store_sk as store_sk,
            ss_sold_date_sk  as date_sk,
            ss_ext_sales_price as sales_price,
            ss_net_profit as profit,
            cast(0 as decimal(7,2)) as return_amt,
            cast(0 as decimal(7,2)) as net_loss
    from store_sales
    union all
    select sr_store_sk as store_sk,
           sr_returned_date_sk as date_sk,
           cast(0 as decimal(7,2)) as sales_price,
           cast(0 as decimal(7,2)) as profit,
           sr_return_amt as return_amt,
           sr_net_loss as net_loss
    from store_returns
   ) salesreturns,
     date_dim,
     store
 where date_sk = d_date_sk
       and d_date between cast('1998-08-25' as date) 
                  and (cast('1998-08-25' as date) + interval '14 days')
       and store_sk = s_store_sk
 group by s_store_id)
 ,
 csr as
 (select cp_catalog_page_id,
        sum(sales_price) as sales,
        sum(profit) as profit,
        sum(return_amt) as returns,
        sum(net_loss) as profit_loss
 from
  ( select  cs_catalog_page_sk as page_sk,
            cs_sold_date_sk  as date_sk,
            cs_ext_sales_price as sales_price,
            cs_net_profit as profit,
            cast(0 as decimal(7,2)) as return_amt,
            cast(0 as decimal(7,2)) as net_loss
    from catalog_sales
    union all
    select cr_catalog_page_sk as page_sk,
           cr_returned_date_sk as date_sk,
           cast(0 as decimal(7,2)) as sales_price,
           cast(0 as decimal(7,2)) as profit,
           cr_return_amount as return_amt,
           cr_net_loss as net_loss
    from catalog_returns
   ) salesreturns,
     date_dim,
     catalog_page
 where date_sk = d_date_sk
       and d_date between cast('1998-08-25' as date)
                  and (cast('1998-08-25' as date) + interval '14 days')
       and page_sk = cp_catalog_page_sk
 group by cp_catalog_page_id)
 ,
 wsr as
 (select web_site_id,
        sum(sales_price) as sales,
        sum(profit) as profit,
        sum(return_amt) as returns,
        sum(net_loss) as profit_loss
 from
  ( select  ws_web_site_sk as wsr_web_site_sk,
            ws_sold_date_sk  as date_sk,
            ws_ext_sales_price as sales_price,
            ws_net_profit as profit,
            cast(0 as decimal(7,2)) as return_amt,
            cast(0 as decimal(7,2)) as net_loss
    from web_sales
    union all
    select ws_web_site_sk as wsr_web_site_sk,
           wr_returned_date_sk as date_sk,
           cast(0 as decimal(7,2)) as sales_price,
           cast(0 as decimal(7,2)) as profit,
           wr_return_amt as return_amt,
           wr_net_loss as net_loss
    from web_returns left outer join web_sales on
         ( wr_item_sk = ws_item_sk
           and wr_order_number = ws_order_number)
   ) salesreturns,
     date_dim,
     web_site
 where date_sk = d_date_sk
       and d_date between cast('1998-08-25' as date)
                  and (cast('1998-08-25' as date) + interval '14 days')
       and wsr_web_site_sk = web_site_sk
 group by web_site_id)
  select  channel
        , id
        , sum(sales) as sales
        , sum(returns) as returns
        , sum(profit) as profit
 from 
 (select 'store channel' as channel
        , 'store' || s_store_id as id
        , sales
        , returns
        , (profit - profit_loss) as profit
 from   ssr
 union all
 select 'catalog channel' as channel
        , 'catalog_page' || cp_catalog_page_id as id
        , sales
        , returns
        , (profit - profit_loss) as profit
 from  csr
 union all
 select 'web channel' as channel
        , 'web_site' || web_site_id as id
        , sales
        , returns
        , (profit - profit_loss) as profit
 from   wsr
 ) x
 group by rollup (channel, id)
 order by channel
         ,id
 limit 100;
psql:/tmp/s1-basline/throughput/query_7.sql:2710: NOTICE:  duration: 2462.694 ms  plan:
Query Text: with ssr as
 (select s_store_id,
        sum(sales_price) as sales,
        sum(profit) as profit,
        sum(return_amt) as returns,
        sum(net_loss) as profit_loss
 from
  ( select  ss_store_sk as store_sk,
            ss_sold_date_sk  as date_sk,
            ss_ext_sales_price as sales_price,
            ss_net_profit as profit,
            cast(0 as decimal(7,2)) as return_amt,
            cast(0 as decimal(7,2)) as net_loss
    from store_sales
    union all
    select sr_store_sk as store_sk,
           sr_returned_date_sk as date_sk,
           cast(0 as decimal(7,2)) as sales_price,
           cast(0 as decimal(7,2)) as profit,
           sr_return_amt as return_amt,
           sr_net_loss as net_loss
    from store_returns
   ) salesreturns,
     date_dim,
     store
 where date_sk = d_date_sk
       and d_date between cast('1998-08-25' as date) 
                  and (cast('1998-08-25' as date) + interval '14 days')
       and store_sk = s_store_sk
 group by s_store_id)
 ,
 csr as
 (select cp_catalog_page_id,
        sum(sales_price) as sales,
        sum(profit) as profit,
        sum(return_amt) as returns,
        sum(net_loss) as profit_loss
 from
  ( select  cs_catalog_page_sk as page_sk,
            cs_sold_date_sk  as date_sk,
            cs_ext_sales_price as sales_price,
            cs_net_profit as profit,
            cast(0 as decimal(7,2)) as return_amt,
            cast(0 as decimal(7,2)) as net_loss
    from catalog_sales
    union all
    select cr_catalog_page_sk as page_sk,
           cr_returned_date_sk as date_sk,
           cast(0 as decimal(7,2)) as sales_price,
           cast(0 as decimal(7,2)) as profit,
           cr_return_amount as return_amt,
           cr_net_loss as net_loss
    from catalog_returns
   ) salesreturns,
     date_dim,
     catalog_page
 where date_sk = d_date_sk
       and d_date between cast('1998-08-25' as date)
                  and (cast('1998-08-25' as date) + interval '14 days')
       and page_sk = cp_catalog_page_sk
 group by cp_catalog_page_id)
 ,
 wsr as
 (select web_site_id,
        sum(sales_price) as sales,
        sum(profit) as profit,
        sum(return_amt) as returns,
        sum(net_loss) as profit_loss
 from
  ( select  ws_web_site_sk as wsr_web_site_sk,
            ws_sold_date_sk  as date_sk,
            ws_ext_sales_price as sales_price,
            ws_net_profit as profit,
            cast(0 as decimal(7,2)) as return_amt,
            cast(0 as decimal(7,2)) as net_loss
    from web_sales
    union all
    select ws_web_site_sk as wsr_web_site_sk,
           wr_returned_date_sk as date_sk,
           cast(0 as decimal(7,2)) as sales_price,
           cast(0 as decimal(7,2)) as profit,
           wr_return_amt as return_amt,
           wr_net_loss as net_loss
    from web_returns left outer join web_sales on
         ( wr_item_sk = ws_item_sk
           and wr_order_number = ws_order_number)
   ) salesreturns,
     date_dim,
     web_site
 where date_sk = d_date_sk
       and d_date between cast('1998-08-25' as date)
                  and (cast('1998-08-25' as date) + interval '14 days')
       and wsr_web_site_sk = web_site_sk
 group by web_site_id)
  select  channel
        , id
        , sum(sales) as sales
        , sum(returns) as returns
        , sum(profit) as profit
 from 
 (select 'store channel' as channel
        , 'store' || s_store_id as id
        , sales
        , returns
        , (profit - profit_loss) as profit
 from   ssr
 union all
 select 'catalog channel' as channel
        , 'catalog_page' || cp_catalog_page_id as id
        , sales
        , returns
        , (profit - profit_loss) as profit
 from  csr
 union all
 select 'web channel' as channel
        , 'web_site' || web_site_id as id
        , sales
        , returns
        , (profit - profit_loss) as profit
 from   wsr
 ) x
 group by rollup (channel, id)
 order by channel
         ,id
 limit 100;
Limit  (cost=224893.68..224905.84 rows=100 width=88) (actual time=2363.413..2462.583 rows=100 loops=1)
  ->  GroupAggregate  (cost=224893.68..224942.44 rows=401 width=88) (actual time=2363.412..2462.570 rows=100 loops=1)
        Group Key: ('store channel'::text), (('store'::text || (ssr.s_store_id)::text))
        Group Key: ('store channel'::text)
        Group Key: ()
        ->  Gather Merge  (cost=224893.68..224934.09 rows=347 width=88) (actual time=2363.401..2462.473 rows=101 loops=1)
              Workers Planned: 2
              Workers Launched: 2
              ->  Sort  (cost=223893.66..223894.02 rows=144 width=88) (actual time=1489.014..1489.033 rows=208 loops=3)
                    Sort Key: ('store channel'::text), (('store'::text || (ssr.s_store_id)::text))
                    Sort Method: quicksort  Memory: 26kB
                    Worker 0:  Sort Method: quicksort  Memory: 92kB
                    Worker 1:  Sort Method: quicksort  Memory: 25kB
                    ->  Parallel Append  (cost=3.11..223888.50 rows=144 width=88) (actual time=1474.597..1488.861 rows=213 loops=3)
                          ->  Subquery Scan on ssr  (cost=3.11..215645.60 rows=6 width=88) (actual time=2317.837..2355.395 rows=6 loops=1)
                                ->  GroupAggregate  (cost=3.11..215645.50 rows=6 width=49) (actual time=2317.832..2355.388 rows=6 loops=1)
                                      Group Key: store.s_store_id
                                      ->  Nested Loop  (cost=3.11..215644.95 rows=39 width=49) (actual time=6.742..2351.744 rows=29941 loops=1)
                                            Join Filter: ("*SELECT* 1".store_sk = store.s_store_sk)
                                            Rows Removed by Join Filter: 337991
                                            ->  Index Scan using i_s_store_id on store  (cost=0.14..3.62 rows=12 width=25) (actual time=0.063..0.071 rows=12 loops=1)
                                            ->  Materialize  (cost=2.98..215525.43 rows=653 width=40) (actual time=0.098..193.827 rows=30661 loops=12)
                                                  ->  Hash Join  (cost=2.98..215522.16 rows=653 width=40) (actual time=1.175..2304.619 rows=30661 loops=1)
                                                        Hash Cond: ("*SELECT* 1".date_sk = date_dim.d_date_sk)
                                                        ->  Append  (cost=0.00..175381.80 rows=3179160 width=48) (actual time=0.037..2109.803 rows=3129470 loops=1)
                                                              ->  Subquery Scan on "*SELECT* 1"  (cost=0.00..145721.67 rows=2890667 width=48) (actual time=0.037..1779.506 rows=2844450 loops=1)
                                                                    ->  Seq Scan on store_sales  (cost=0.00..102361.67 rows=2890667 width=60) (actual time=0.030..971.036 rows=2844450 loops=1)
                                                              ->  Subquery Scan on "*SELECT* 2"  (cost=0.00..13764.33 rows=288493 width=48) (actual time=0.036..145.735 rows=285020 loops=1)
                                                                    ->  Seq Scan on store_returns  (cost=0.00..9436.93 rows=288493 width=60) (actual time=0.035..63.714 rows=285020 loops=1)
                                                        ->  Hash  (cost=2.79..2.79 rows=15 width=8) (actual time=0.100..0.101 rows=15 loops=1)
                                                              Buckets: 1024  Batches: 1  Memory Usage: 9kB
                                                              ->  Index Scan using i_d_date on date_dim  (cost=0.29..2.79 rows=15 width=8) (actual time=0.079..0.093 rows=15 loops=1)
                                                                    Index Cond: ((d_date >= '1998-08-25'::date) AND (d_date <= '1998-09-08 00:00:00'::timestamp without time zone))
                          ->  Subquery Scan on csr  (cost=125690.33..125704.19 rows=326 width=88) (actual time=1244.978..1248.595 rows=617 loops=1)
                                ->  GroupAggregate  (cost=125690.33..125698.48 rows=326 width=49) (actual time=1244.974..1248.420 rows=617 loops=1)
                                      Group Key: catalog_page.cp_catalog_page_id
                                      ->  Sort  (cost=125690.33..125691.15 rows=326 width=49) (actual time=1244.956..1245.660 rows=15873 loops=1)
                                            Sort Key: catalog_page.cp_catalog_page_id
                                            Worker 0:  Sort Method: quicksort  Memory: 1872kB
                                            ->  Nested Loop  (cost=3.26..125676.72 rows=326 width=49) (actual time=107.246..1219.563 rows=15873 loops=1)
                                                  ->  Hash Join  (cost=2.98..125578.05 rows=326 width=40) (actual time=107.184..1199.311 rows=15931 loops=1)
                                                        Hash Cond: ("*SELECT* 1_1".date_sk = date_dim_1.d_date_sk)
                                                        ->  Append  (cost=0.00..105503.42 rows=1589814 width=48) (actual time=0.048..1101.330 rows=1564722 loops=1)
                                                              ->  Subquery Scan on "*SELECT* 1_1"  (cost=0.00..89590.98 rows=1444839 width=48) (actual time=0.048..928.830 rows=1421368 loops=1)
                                                                    ->  Seq Scan on catalog_sales  (cost=0.00..67918.39 rows=1444839 width=60) (actual time=0.041..516.738 rows=1421368 loops=1)
                                                              ->  Subquery Scan on "*SELECT* 2_1"  (cost=0.00..7963.38 rows=144975 width=48) (actual time=0.040..80.415 rows=143354 loops=1)
                                                                    ->  Seq Scan on catalog_returns  (cost=0.00..5788.75 rows=144975 width=60) (actual time=0.038..39.127 rows=143354 loops=1)
                                                        ->  Hash  (cost=2.79..2.79 rows=15 width=8) (actual time=0.102..0.102 rows=15 loops=1)
                                                              Buckets: 1024  Batches: 1  Memory Usage: 9kB
                                                              ->  Index Scan using i_d_date on date_dim date_dim_1  (cost=0.29..2.79 rows=15 width=8) (actual time=0.083..0.096 rows=15 loops=1)
                                                                    Index Cond: ((d_date >= '1998-08-25'::date) AND (d_date <= '1998-09-08 00:00:00'::timestamp without time zone))
                                                  ->  Index Scan using pk_catalog_page on catalog_page  (cost=0.29..0.30 rows=1 width=25) (actual time=0.001..0.001 rows=1 loops=15931)
                                                        Index Cond: (cp_catalog_page_sk = "*SELECT* 1_1".page_sk)
                          ->  Subquery Scan on wsr  (cost=98182.82..98183.59 rows=15 width=88) (actual time=860.973..862.531 rows=15 loops=1)
                                ->  GroupAggregate  (cost=98182.82..98183.33 rows=15 width=49) (actual time=860.969..862.522 rows=15 loops=1)
                                      Group Key: web_site.web_site_id
                                      ->  Sort  (cost=98182.82..98182.88 rows=24 width=49) (actual time=860.857..861.195 rows=8111 loops=1)
                                            Sort Key: web_site.web_site_id
                                            Sort Method: quicksort  Memory: 953kB
                                            ->  Nested Loop  (cost=2.98..98182.26 rows=24 width=49) (actual time=1.160..855.465 rows=8111 loops=1)
                                                  Join Filter: ("*SELECT* 1_2".wsr_web_site_sk = web_site.web_site_sk)
                                                  Rows Removed by Join Filter: 108111
                                                  ->  Hash Join  (cost=2.98..98106.96 rows=163 width=40) (actual time=1.142..843.381 rows=8114 loops=1)
                                                        Hash Cond: ("*SELECT* 1_2".date_sk = date_dim_2.d_date_sk)
                                                        ->  Append  (cost=0.00..88070.66 rows=794709 width=48) (actual time=0.008..790.772 rows=782961 loops=1)
                                                              ->  Subquery Scan on "*SELECT* 1_2"  (cost=0.00..44824.80 rows=722552 width=48) (actual time=0.008..459.626 rows=711555 loops=1)
                                                                    ->  Seq Scan on web_sales  (cost=0.00..33986.52 rows=722552 width=60) (actual time=0.005..257.883 rows=711555 loops=1)
                                                              ->  Subquery Scan on "*SELECT* 2_2"  (cost=0.43..39272.31 rows=72157 width=48) (actual time=0.032..284.880 rows=71406 loops=1)
                                                                    ->  Nested Loop Left Join  (cost=0.43..38189.96 rows=72157 width=60) (actual time=0.030..260.298 rows=71406 loops=1)
                                                                          ->  Seq Scan on web_returns  (cost=0.00..2622.57 rows=72157 width=40) (actual time=0.006..6.663 rows=71406 loops=1)
                                                                          ->  Memoize  (cost=0.43..0.91 rows=1 width=24) (actual time=0.003..0.003 rows=1 loops=71406)
                                                                                Cache Key: web_returns.wr_item_sk, web_returns.wr_order_number
                                                                                Cache Mode: logical
                                                                                Hits: 0  Misses: 71406  Evictions: 0  Overflows: 0  Memory Usage: 9423kB
                                                                                ->  Index Scan using pk_web_sales on web_sales web_sales_1  (cost=0.42..0.90 rows=1 width=24) (actual time=0.002..0.002 rows=1 loops=71406)
                                                                                      Index Cond: ((ws_item_sk = web_returns.wr_item_sk) AND (ws_order_number = web_returns.wr_order_number))
                                                        ->  Hash  (cost=2.79..2.79 rows=15 width=8) (actual time=0.017..0.018 rows=15 loops=1)
                                                              Buckets: 1024  Batches: 1  Memory Usage: 9kB
                                                              ->  Index Scan using i_d_date on date_dim date_dim_2  (cost=0.29..2.79 rows=15 width=8) (actual time=0.010..0.014 rows=15 loops=1)
                                                                    Index Cond: ((d_date >= '1998-08-25'::date) AND (d_date <= '1998-09-08 00:00:00'::timestamp without time zone))
                                                  ->  Materialize  (cost=0.00..2.45 rows=30 width=25) (actual time=0.000..0.001 rows=14 loops=8114)
                                                        ->  Seq Scan on web_site  (cost=0.00..2.30 rows=30 width=25) (actual time=0.004..0.010 rows=30 loops=1)
     channel     |              id              |       sales        |      returns       |       profit        
-----------------+------------------------------+--------------------+--------------------+---------------------
 catalog channel | catalog_pageAAAAAAAAAABAAAAA | 37249.310000000005 |            2165.28 |           -38269.52
 catalog channel | catalog_pageAAAAAAAAAACAAAAA |                  0 |             757.56 |             -625.52
 catalog channel | catalog_pageAAAAAAAAAADAAAAA |           63150.75 |                  0 |           -17582.99
 catalog channel | catalog_pageAAAAAAAAABAAAAAA |                  0 | 2601.5699999999997 | -3093.8599999999997
 catalog channel | catalog_pageAAAAAAAAABBAAAAA |          105760.56 |              92.08 | -15488.699999999997
 catalog channel | catalog_pageAAAAAAAAABDAAAAA |  96952.88999999997 |                  0 |  1448.2099999999984
 catalog channel | catalog_pageAAAAAAAAACAAAAAA |                  0 |            4605.67 |            -2346.88
 catalog channel | catalog_pageAAAAAAAAACBAAAAA |          113849.24 |            3002.66 | -1736.1599999999992
 catalog channel | catalog_pageAAAAAAAAACDAAAAA | 119954.44999999998 |                  0 |  7825.8099999999995
 catalog channel | catalog_pageAAAAAAAAADAAAAAA |                  0 |  5417.969999999999 |            -4250.16
 catalog channel | catalog_pageAAAAAAAAADBAAAAA |           52471.37 |                  0 |           -20334.24
 catalog channel | catalog_pageAAAAAAAAADDAAAAA | 103657.78999999998 |                  0 |   7571.610000000001
 catalog channel | catalog_pageAAAAAAAAAEAAAAAA |                  0 |             436.66 |                 -77
 catalog channel | catalog_pageAAAAAAAAAEBAAAAA |  64482.28999999999 |                  0 | -10732.279999999999
 catalog channel | catalog_pageAAAAAAAAAEDAAAAA | 121575.52999999997 |                  0 |            19185.14
 catalog channel | catalog_pageAAAAAAAAAFAAAAAA |                  0 |             5726.5 | -3131.8100000000004
 catalog channel | catalog_pageAAAAAAAAAFDAAAAA |  55388.28999999999 |             178.08 | -21702.739999999994
 catalog channel | catalog_pageAAAAAAAAAGAAAAAA |                  0 |            2284.27 | -2040.6599999999999
 catalog channel | catalog_pageAAAAAAAAAGDAAAAA |  76861.87000000001 |                  0 | -11556.040000000003
 catalog channel | catalog_pageAAAAAAAAAHAAAAAA | 157936.92000000004 |            7307.76 |  -47804.35000000001
 catalog channel | catalog_pageAAAAAAAAAHBAAAAA |                  0 |            1765.28 |             -809.27
 catalog channel | catalog_pageAAAAAAAAAHCAAAAA |                  0 |            4984.56 |            -1601.13
 catalog channel | catalog_pageAAAAAAAAAHDAAAAA |            17872.7 |                  0 |            -5298.36
 catalog channel | catalog_pageAAAAAAAAAIAAAAAA |           207981.1 |             624.58 |   9536.050000000003
 catalog channel | catalog_pageAAAAAAAAAIDAAAAA |            1964.49 |                  0 | -364.91999999999996
 catalog channel | catalog_pageAAAAAAAAAJAAAAAA |          196363.53 |           10670.48 | -12865.130000000005
 catalog channel | catalog_pageAAAAAAAAAJDAAAAA | 32691.380000000005 |                  0 |             10571.9
 catalog channel | catalog_pageAAAAAAAAAKAAAAAA |          147115.48 |                  0 |           -23127.49
 catalog channel | catalog_pageAAAAAAAAAKBAAAAA |                  0 |            1532.99 |             -163.33
 catalog channel | catalog_pageAAAAAAAAAKDAAAAA |           41077.32 |                  0 |  -569.0500000000001
 catalog channel | catalog_pageAAAAAAAAALAAAAAA | 193573.56999999998 |                  0 | -35925.780000000006
 catalog channel | catalog_pageAAAAAAAAALDAAAAA |            7452.01 |                  0 |            -2506.42
 catalog channel | catalog_pageAAAAAAAAAMAAAAAA | 242992.78999999995 |              237.5 |   9412.309999999996
 catalog channel | catalog_pageAAAAAAAAAMBAAAAA |                  0 |              57.52 |             -117.17
 catalog channel | catalog_pageAAAAAAAAAMDAAAAA |            6256.42 |                  0 |  1484.1400000000003
 catalog channel | catalog_pageAAAAAAAAANAAAAAA | 176198.59999999998 |            6077.26 |           -26870.26
 catalog channel | catalog_pageAAAAAAAAAOAAAAAA |  81656.68000000002 |                  0 |             9546.51
 catalog channel | catalog_pageAAAAAAAAAPAAAAAA |  85166.11999999998 |                  0 |           -12406.63
 catalog channel | catalog_pageAAAAAAAABAAAAAAA |                  0 |                320 |             -145.24
 catalog channel | catalog_pageAAAAAAAABABAAAAA | 111431.06000000003 |            2541.66 |   7724.709999999995
 catalog channel | catalog_pageAAAAAAAABADAAAAA |  62681.92999999999 |            2939.04 |   2112.879999999999
 catalog channel | catalog_pageAAAAAAAABBAAAAAA |                  0 | 3594.4500000000007 |            -3179.08
 catalog channel | catalog_pageAAAAAAAABBBAAAAA |  69990.51000000001 |                  0 |  -6125.139999999996
 catalog channel | catalog_pageAAAAAAAABBDAAAAA |  79515.10999999999 |                  0 |             3643.04
 catalog channel | catalog_pageAAAAAAAABCAAAAAA |                  0 |             3248.9 |            -2656.24
 catalog channel | catalog_pageAAAAAAAABCBAAAAA | 109642.07000000002 |                  0 |            13690.15
 catalog channel | catalog_pageAAAAAAAABCDAAAAA | 103432.90000000001 |                  0 |           -25789.84
 catalog channel | catalog_pageAAAAAAAABDAAAAAA |                  0 | 8185.4400000000005 |            -9147.04
 catalog channel | catalog_pageAAAAAAAABDBAAAAA |           56139.11 |                  0 | -2676.2100000000023
 catalog channel | catalog_pageAAAAAAAABDDAAAAA |  85333.29999999999 |                  0 |   3925.959999999998
 catalog channel | catalog_pageAAAAAAAABEAAAAAA |                  0 |            8893.96 |            -3982.87
 catalog channel | catalog_pageAAAAAAAABEBAAAAA |           43023.34 |                  0 |   23.93999999999869
 catalog channel | catalog_pageAAAAAAAABEDAAAAA |  41855.80999999999 |                  0 | -17428.239999999998
 catalog channel | catalog_pageAAAAAAAABFAAAAAA |                  0 |            5125.99 |            -2160.75
 catalog channel | catalog_pageAAAAAAAABFDAAAAA | 107752.48000000001 |                  0 |           -22228.06
 catalog channel | catalog_pageAAAAAAAABGAAAAAA |                  0 |  5170.049999999999 | -3004.0699999999997
 catalog channel | catalog_pageAAAAAAAABGCAAAAA |                  0 |             714.23 |              -495.7
 catalog channel | catalog_pageAAAAAAAABGDAAAAA |              17444 |                  0 |             2184.37
 catalog channel | catalog_pageAAAAAAAABHAAAAAA | 194406.03999999998 |               2304 | -15544.109999999999
 catalog channel | catalog_pageAAAAAAAABHDAAAAA |            2313.15 |                  0 |              -959.7
 catalog channel | catalog_pageAAAAAAAABIAAAAAA |          157531.59 | 7417.7699999999995 | -32291.580000000016
 catalog channel | catalog_pageAAAAAAAABIDAAAAA |            4518.36 |                  0 |            -4479.76
 catalog channel | catalog_pageAAAAAAAABJAAAAAA | 217063.12999999998 |                  0 | -25406.860000000004
 catalog channel | catalog_pageAAAAAAAABJBAAAAA |                  0 |             113.68 |             -954.92
 catalog channel | catalog_pageAAAAAAAABJDAAAAA |            3588.23 |                  0 |  -5922.949999999999
 catalog channel | catalog_pageAAAAAAAABKAAAAAA | 149281.75999999998 |                  0 |  -9112.380000000003
 catalog channel | catalog_pageAAAAAAAABKBAAAAA |                  0 |              148.8 |              -285.3
 catalog channel | catalog_pageAAAAAAAABKDAAAAA |  6804.360000000001 |                  0 |            -1627.44
 catalog channel | catalog_pageAAAAAAAABLAAAAAA | 176340.00999999995 |            1761.07 |  -9374.999999999998
 catalog channel | catalog_pageAAAAAAAABLBAAAAA |                  0 |               4.22 |               -47.5
 catalog channel | catalog_pageAAAAAAAABLCAAAAA |                  0 |               36.4 |             -134.92
 catalog channel | catalog_pageAAAAAAAABLDAAAAA |           16368.12 |                  0 |            -6076.99
 catalog channel | catalog_pageAAAAAAAABMAAAAAA | 189483.05999999997 |             137.06 |           -27338.83
 catalog channel | catalog_pageAAAAAAAABMCAAAAA |                  0 |                    |              -35.17
 catalog channel | catalog_pageAAAAAAAABMDAAAAA |            5431.07 |                  0 |            -8651.02
 catalog channel | catalog_pageAAAAAAAABNAAAAAA | 227988.48000000007 |              85.84 |  32075.589999999997
 catalog channel | catalog_pageAAAAAAAABOAAAAAA |  94286.32000000002 |                  0 |  -55016.06000000002
 catalog channel | catalog_pageAAAAAAAABOBAAAAA |                  0 |              77.07 |              -88.39
 catalog channel | catalog_pageAAAAAAAABPAAAAAA |           84314.53 |                  0 |  3945.5900000000015
 catalog channel | catalog_pageAAAAAAAABPBAAAAA |                  0 |             791.78 |             -2491.3
 catalog channel | catalog_pageAAAAAAAACAAAAAAA |                  0 |  5228.389999999999 |            -4312.45
 catalog channel | catalog_pageAAAAAAAACABAAAAA |              73424 |              820.2 |   732.3800000000028
 catalog channel | catalog_pageAAAAAAAACADAAAAA | 59774.490000000005 |                  0 |            -10292.1
 catalog channel | catalog_pageAAAAAAAACBAAAAAA |                  0 |  5690.200000000001 | -1296.5899999999997
 catalog channel | catalog_pageAAAAAAAACBBAAAAA |           56216.23 |                  0 | -21340.769999999997
 catalog channel | catalog_pageAAAAAAAACBDAAAAA |  85696.06999999999 |                  0 | -12118.850000000002
 catalog channel | catalog_pageAAAAAAAACCAAAAAA |                  0 |  5734.599999999999 |            -4713.71
 catalog channel | catalog_pageAAAAAAAACCBAAAAA |           66820.16 |             159.84 |            -9846.94
 catalog channel | catalog_pageAAAAAAAACCDAAAAA |           42659.89 |                  0 | -4398.2300000000005
 catalog channel | catalog_pageAAAAAAAACDAAAAAA |                  0 |            2330.18 | -431.91999999999996
 catalog channel | catalog_pageAAAAAAAACDBAAAAA |  71456.83000000002 |               6.46 | -12312.309999999998
 catalog channel | catalog_pageAAAAAAAACDDAAAAA |  74779.74999999999 |                  0 |  13766.849999999997
 catalog channel | catalog_pageAAAAAAAACEAAAAAA |                  0 |             2565.2 |              -945.3
 catalog channel | catalog_pageAAAAAAAACEBAAAAA | 101430.27000000002 |                  0 | -1650.0799999999995
 catalog channel | catalog_pageAAAAAAAACECAAAAA |                  0 |             1845.9 |            -1192.19
 catalog channel | catalog_pageAAAAAAAACEDAAAAA |           42618.11 |                  0 |  10023.720000000001
 catalog channel | catalog_pageAAAAAAAACFAAAAAA |                  0 |  4613.709999999999 |            -3120.35
 catalog channel | catalog_pageAAAAAAAACFCAAAAA |                  0 |            3730.65 |            -1339.31
 catalog channel | catalog_pageAAAAAAAACFDAAAAA | 111593.17000000001 |            2193.62 |  -5840.249999999998
 catalog channel | catalog_pageAAAAAAAACGAAAAAA |                  0 |            4865.38 |              -840.6
(100 rows)

UPDATE time_statistics SET e_time = TRANSACTION_TIMESTAMP() WHERE template = '../query_postgresql/query5.tpl' AND stream = 7;
psql:/tmp/s1-basline/throughput/query_7.sql:2712: NOTICE:  duration: 0.087 ms  plan:
Query Text: UPDATE time_statistics SET e_time = TRANSACTION_TIMESTAMP() WHERE template = '../query_postgresql/query5.tpl' AND stream = 7;
Update on time_statistics  (cost=0.00..20.59 rows=0 width=0) (actual time=0.086..0.087 rows=0 loops=1)
  ->  Seq Scan on time_statistics  (cost=0.00..20.59 rows=1 width=14) (actual time=0.074..0.074 rows=1 loops=1)
        Filter: ((template = '../query_postgresql/query5.tpl'::text) AND (stream = 7))
        Rows Removed by Filter: 653
UPDATE 1
LOAD 'auto_explain'; SET auto_explain.log_min_duration TO 0; SET auto_explain.log_analyze TO on; SET auto_explain.log_level TO notice; INSERT INTO time_statistics (template, s_time, stream, query, seed) VALUES ('query41.tpl', TRANSACTION_TIMESTAMP(), 7, 59, 1235569008);
LOAD
SET
SET
SET
psql:/tmp/s1-basline/throughput/query_7.sql:2713: NOTICE:  duration: 0.008 ms  plan:
Query Text: INSERT INTO time_statistics (template, s_time, stream, query, seed) VALUES ('query41.tpl', TRANSACTION_TIMESTAMP(), 7, 59, 1235569008);
Insert on time_statistics  (cost=0.00..0.01 rows=0 width=0) (actual time=0.008..0.008 rows=0 loops=1)
  ->  Result  (cost=0.00..0.01 rows=1 width=64) (actual time=0.001..0.001 rows=1 loops=1)
INSERT 0 1
select  distinct(i_product_name)
 from item i1
 where i_manufact_id between 934 and 934+40 
   and (select count(*) as item_cnt
        from item
        where (i_manufact = i1.i_manufact and
        ((i_category = 'Women' and 
        (i_color = 'brown' or i_color = 'lawn') and 
        (i_units = 'Pound' or i_units = 'Oz') and
        (i_size = 'economy' or i_size = 'extra large')
        ) or
        (i_category = 'Women' and
        (i_color = 'snow' or i_color = 'tan') and
        (i_units = 'Unknown' or i_units = 'Tbl') and
        (i_size = 'small' or i_size = 'large')
        ) or
        (i_category = 'Men' and
        (i_color = 'green' or i_color = 'gainsboro') and
        (i_units = 'Dram' or i_units = 'Bundle') and
        (i_size = 'N/A' or i_size = 'medium')
        ) or
        (i_category = 'Men' and
        (i_color = 'metallic' or i_color = 'rosy') and
        (i_units = 'Tsp' or i_units = 'Case') and
        (i_size = 'economy' or i_size = 'extra large')
        ))) or
       (i_manufact = i1.i_manufact and
        ((i_category = 'Women' and 
        (i_color = 'ghost' or i_color = 'navy') and 
        (i_units = 'Lb' or i_units = 'Box') and
        (i_size = 'economy' or i_size = 'extra large')
        ) or
        (i_category = 'Women' and
        (i_color = 'peach' or i_color = 'mint') and
        (i_units = 'N/A' or i_units = 'Cup') and
        (i_size = 'small' or i_size = 'large')
        ) or
        (i_category = 'Men' and
        (i_color = 'blue' or i_color = 'steel') and
        (i_units = 'Pallet' or i_units = 'Gross') and
        (i_size = 'N/A' or i_size = 'medium')
        ) or
        (i_category = 'Men' and
        (i_color = 'honeydew' or i_color = 'navajo') and
        (i_units = 'Dozen' or i_units = 'Bunch') and
        (i_size = 'economy' or i_size = 'extra large')
        )))) > 0
 order by i_product_name
 limit 100;
psql:/tmp/s1-basline/throughput/query_7.sql:2762: NOTICE:  duration: 933.886 ms  plan:
Query Text: select  distinct(i_product_name)
 from item i1
 where i_manufact_id between 934 and 934+40 
   and (select count(*) as item_cnt
        from item
        where (i_manufact = i1.i_manufact and
        ((i_category = 'Women' and 
        (i_color = 'brown' or i_color = 'lawn') and 
        (i_units = 'Pound' or i_units = 'Oz') and
        (i_size = 'economy' or i_size = 'extra large')
        ) or
        (i_category = 'Women' and
        (i_color = 'snow' or i_color = 'tan') and
        (i_units = 'Unknown' or i_units = 'Tbl') and
        (i_size = 'small' or i_size = 'large')
        ) or
        (i_category = 'Men' and
        (i_color = 'green' or i_color = 'gainsboro') and
        (i_units = 'Dram' or i_units = 'Bundle') and
        (i_size = 'N/A' or i_size = 'medium')
        ) or
        (i_category = 'Men' and
        (i_color = 'metallic' or i_color = 'rosy') and
        (i_units = 'Tsp' or i_units = 'Case') and
        (i_size = 'economy' or i_size = 'extra large')
        ))) or
       (i_manufact = i1.i_manufact and
        ((i_category = 'Women' and 
        (i_color = 'ghost' or i_color = 'navy') and 
        (i_units = 'Lb' or i_units = 'Box') and
        (i_size = 'economy' or i_size = 'extra large')
        ) or
        (i_category = 'Women' and
        (i_color = 'peach' or i_color = 'mint') and
        (i_units = 'N/A' or i_units = 'Cup') and
        (i_size = 'small' or i_size = 'large')
        ) or
        (i_category = 'Men' and
        (i_color = 'blue' or i_color = 'steel') and
        (i_units = 'Pallet' or i_units = 'Gross') and
        (i_size = 'N/A' or i_size = 'medium')
        ) or
        (i_category = 'Men' and
        (i_color = 'honeydew' or i_color = 'navajo') and
        (i_units = 'Dozen' or i_units = 'Bunch') and
        (i_size = 'economy' or i_size = 'extra large')
        )))) > 0
 order by i_product_name
 limit 100;
Limit  (cost=72019798.18..72019798.54 rows=71 width=51) (actual time=933.883..933.884 rows=0 loops=1)
  ->  Unique  (cost=72019798.18..72019798.54 rows=71 width=51) (actual time=933.883..933.884 rows=0 loops=1)
        ->  Sort  (cost=72019798.18..72019798.36 rows=71 width=51) (actual time=933.883..933.883 rows=0 loops=1)
              Sort Key: i1.i_product_name
              Sort Method: quicksort  Memory: 25kB
              ->  Seq Scan on item i1  (cost=0.00..72019796.00 rows=71 width=51) (actual time=933.878..933.878 rows=0 loops=1)
                    Filter: ((i_manufact_id >= 934) AND (i_manufact_id <= 974) AND ((SubPlan 1) > 0))
                    Rows Removed by Filter: 18000
                    SubPlan 1
                      ->  Aggregate  (cost=4001.00..4001.01 rows=1 width=8) (actual time=4.654..4.654 rows=1 loops=200)
                            ->  Seq Scan on item  (cost=0.00..4001.00 rows=1 width=0) (actual time=4.653..4.653 rows=0 loops=200)
                                  Filter: ((i_manufact = i1.i_manufact) AND (((i_category = 'Women'::bpchar) AND ((i_color = 'brown'::bpchar) OR (i_color = 'lawn'::bpchar)) AND ((i_units = 'Pound'::bpchar) OR (i_units = 'Oz'::bpchar)) AND ((i_size = 'economy'::bpchar) OR (i_size = 'extra large'::bpchar))) OR ((i_category = 'Women'::bpchar) AND ((i_color = 'snow'::bpchar) OR (i_color = 'tan'::bpchar)) AND ((i_units = 'Unknown'::bpchar) OR (i_units = 'Tbl'::bpchar)) AND ((i_size = 'small'::bpchar) OR (i_size = 'large'::bpchar))) OR ((i_category = 'Men'::bpchar) AND ((i_color = 'green'::bpchar) OR (i_color = 'gainsboro'::bpchar)) AND ((i_units = 'Dram'::bpchar) OR (i_units = 'Bundle'::bpchar)) AND ((i_size = 'N/A'::bpchar) OR (i_size = 'medium'::bpchar))) OR ((i_category = 'Men'::bpchar) AND ((i_color = 'metallic'::bpchar) OR (i_color = 'rosy'::bpchar)) AND ((i_units = 'Tsp'::bpchar) OR (i_units = 'Case'::bpchar)) AND ((i_size = 'economy'::bpchar) OR (i_size = 'extra large'::bpchar))) OR ((i_category = 'Women'::bpchar) AND ((i_color = 'ghost'::bpchar) OR (i_color = 'navy'::bpchar)) AND ((i_units = 'Lb'::bpchar) OR (i_units = 'Box'::bpchar)) AND ((i_size = 'economy'::bpchar) OR (i_size = 'extra large'::bpchar))) OR ((i_category = 'Women'::bpchar) AND ((i_color = 'peach'::bpchar) OR (i_color = 'mint'::bpchar)) AND ((i_units = 'N/A'::bpchar) OR (i_units = 'Cup'::bpchar)) AND ((i_size = 'small'::bpchar) OR (i_size = 'large'::bpchar))) OR ((i_category = 'Men'::bpchar) AND ((i_color = 'blue'::bpchar) OR (i_color = 'steel'::bpchar)) AND ((i_units = 'Pallet'::bpchar) OR (i_units = 'Gross'::bpchar)) AND ((i_size = 'N/A'::bpchar) OR (i_size = 'medium'::bpchar))) OR ((i_category = 'Men'::bpchar) AND ((i_color = 'honeydew'::bpchar) OR (i_color = 'navajo'::bpchar)) AND ((i_units = 'Dozen'::bpchar) OR (i_units = 'Bunch'::bpchar)) AND ((i_size = 'economy'::bpchar) OR (i_size = 'extra large'::bpchar)))))
                                  Rows Removed by Filter: 18000
 i_product_name 
----------------
(0 rows)

UPDATE time_statistics SET e_time = TRANSACTION_TIMESTAMP() WHERE template = 'query41.tpl' AND stream = 7;
psql:/tmp/s1-basline/throughput/query_7.sql:2764: NOTICE:  duration: 0.091 ms  plan:
Query Text: UPDATE time_statistics SET e_time = TRANSACTION_TIMESTAMP() WHERE template = 'query41.tpl' AND stream = 7;
Update on time_statistics  (cost=0.00..20.59 rows=0 width=0) (actual time=0.091..0.091 rows=0 loops=1)
  ->  Seq Scan on time_statistics  (cost=0.00..20.59 rows=1 width=14) (actual time=0.079..0.080 rows=1 loops=1)
        Filter: ((template = 'query41.tpl'::text) AND (stream = 7))
        Rows Removed by Filter: 654
UPDATE 1
LOAD 'auto_explain'; SET auto_explain.log_min_duration TO 0; SET auto_explain.log_analyze TO on; SET auto_explain.log_level TO notice; INSERT INTO time_statistics (template, s_time, stream, query, seed) VALUES ('query61.tpl', TRANSACTION_TIMESTAMP(), 7, 60, 1116101728);
LOAD
SET
SET
SET
psql:/tmp/s1-basline/throughput/query_7.sql:2765: NOTICE:  duration: 0.010 ms  plan:
Query Text: INSERT INTO time_statistics (template, s_time, stream, query, seed) VALUES ('query61.tpl', TRANSACTION_TIMESTAMP(), 7, 60, 1116101728);
Insert on time_statistics  (cost=0.00..0.01 rows=0 width=0) (actual time=0.009..0.009 rows=0 loops=1)
  ->  Result  (cost=0.00..0.01 rows=1 width=64) (actual time=0.002..0.002 rows=1 loops=1)
INSERT 0 1
select  promotions,total,cast(promotions as decimal(15,4))/cast(total as decimal(15,4))*100
from
  (select sum(ss_ext_sales_price) promotions
   from  store_sales
        ,store
        ,promotion
        ,date_dim
        ,customer
        ,customer_address 
        ,item
   where ss_sold_date_sk = d_date_sk
   and   ss_store_sk = s_store_sk
   and   ss_promo_sk = p_promo_sk
   and   ss_customer_sk= c_customer_sk
   and   ca_address_sk = c_current_addr_sk
   and   ss_item_sk = i_item_sk 
   and   ca_gmt_offset = -6
   and   i_category = 'Home'
   and   (p_channel_dmail = 'Y' or p_channel_email = 'Y' or p_channel_tv = 'Y')
   and   s_gmt_offset = -6
   and   d_year = 2001
   and   d_moy  = 11) promotional_sales,
  (select sum(ss_ext_sales_price) total
   from  store_sales
        ,store
        ,date_dim
        ,customer
        ,customer_address
        ,item
   where ss_sold_date_sk = d_date_sk
   and   ss_store_sk = s_store_sk
   and   ss_customer_sk= c_customer_sk
   and   ca_address_sk = c_current_addr_sk
   and   ss_item_sk = i_item_sk
   and   ca_gmt_offset = -6
   and   i_category = 'Home'
   and   s_gmt_offset = -6
   and   d_year = 2001
   and   d_moy  = 11) all_sales
order by promotions, total
limit 100;
psql:/tmp/s1-basline/throughput/query_7.sql:2806: NOTICE:  duration: 0.126 ms  plan:
Query Text: select  promotions,total,cast(promotions as decimal(15,4))/cast(total as decimal(15,4))*100
from
  (select sum(ss_ext_sales_price) promotions
   from  store_sales
        ,store
        ,promotion
        ,date_dim
        ,customer
        ,customer_address 
        ,item
   where ss_sold_date_sk = d_date_sk
   and   ss_store_sk = s_store_sk
   and   ss_promo_sk = p_promo_sk
   and   ss_customer_sk= c_customer_sk
   and   ca_address_sk = c_current_addr_sk
   and   ss_item_sk = i_item_sk 
   and   ca_gmt_offset = -6
   and   i_category = 'Home'
   and   (p_channel_dmail = 'Y' or p_channel_email = 'Y' or p_channel_tv = 'Y')
   and   s_gmt_offset = -6
   and   d_year = 2001
   and   d_moy  = 11) promotional_sales,
  (select sum(ss_ext_sales_price) total
   from  store_sales
        ,store
        ,date_dim
        ,customer
        ,customer_address
        ,item
   where ss_sold_date_sk = d_date_sk
   and   ss_store_sk = s_store_sk
   and   ss_customer_sk= c_customer_sk
   and   ca_address_sk = c_current_addr_sk
   and   ss_item_sk = i_item_sk
   and   ca_gmt_offset = -6
   and   i_category = 'Home'
   and   s_gmt_offset = -6
   and   d_year = 2001
   and   d_moy  = 11) all_sales
order by promotions, total
limit 100;
Limit  (cost=82091.10..82091.11 rows=1 width=48) (actual time=0.121..0.123 rows=1 loops=1)
  ->  Sort  (cost=82091.10..82091.11 rows=1 width=48) (actual time=0.120..0.123 rows=1 loops=1)
        Sort Key: (sum(store_sales.ss_ext_sales_price)), (sum(store_sales_1.ss_ext_sales_price))
        Sort Method: quicksort  Memory: 25kB
        ->  Nested Loop  (cost=82091.03..82091.09 rows=1 width=48) (actual time=0.116..0.119 rows=1 loops=1)
              ->  Aggregate  (cost=41056.19..41056.20 rows=1 width=8) (actual time=0.111..0.112 rows=1 loops=1)
                    ->  Nested Loop  (cost=1.30..41056.19 rows=1 width=8) (actual time=0.110..0.111 rows=0 loops=1)
                          Join Filter: (store_sales.ss_promo_sk = promotion.p_promo_sk)
                          ->  Seq Scan on promotion  (cost=0.00..13.25 rows=135 width=8) (actual time=0.005..0.086 rows=135 loops=1)
                                Filter: ((p_channel_dmail = 'Y'::bpchar) OR (p_channel_email = 'Y'::bpchar) OR (p_channel_tv = 'Y'::bpchar))
                                Rows Removed by Filter: 165
                          ->  Materialize  (cost=1.30..41034.85 rows=4 width=16) (actual time=0.000..0.000 rows=0 loops=135)
                                ->  Nested Loop  (cost=1.30..41034.83 rows=4 width=16) (actual time=0.007..0.007 rows=0 loops=1)
                                      ->  Nested Loop  (cost=1.01..41032.23 rows=8 width=24) (actual time=0.006..0.007 rows=0 loops=1)
                                            ->  Nested Loop  (cost=0.72..41029.74 rows=8 width=24) (actual time=0.006..0.007 rows=0 loops=1)
                                                  ->  Nested Loop  (cost=0.43..41002.95 rows=87 width=32) (actual time=0.006..0.007 rows=0 loops=1)
                                                        Join Filter: (store_sales.ss_store_sk = store.s_store_sk)
                                                        ->  Seq Scan on store  (cost=0.00..1.15 rows=1 width=8) (actual time=0.006..0.006 rows=0 loops=1)
                                                              Filter: (s_gmt_offset = '-6'::double precision)
                                                              Rows Removed by Filter: 12
                                                        ->  Nested Loop  (cost=0.43..40988.10 rows=1096 width=40) (never executed)
                                                              ->  Seq Scan on date_dim  (cost=0.00..2500.73 rows=29 width=8) (never executed)
                                                                    Filter: ((d_year = 2001) AND (d_moy = 11))
                                                              ->  Index Scan using i_ss_sold_date_sk on store_sales  (cost=0.43..1312.00 rows=1515 width=48) (never executed)
                                                                    Index Cond: (ss_sold_date_sk = date_dim.d_date_sk)
                                                  ->  Index Scan using pk_item on item  (cost=0.29..0.31 rows=1 width=8) (never executed)
                                                        Index Cond: (i_item_sk = store_sales.ss_item_sk)
                                                        Filter: (i_category = 'Home'::bpchar)
                                            ->  Index Scan using pk_customer on customer  (cost=0.29..0.31 rows=1 width=16) (never executed)
                                                  Index Cond: (c_customer_sk = store_sales.ss_customer_sk)
                                      ->  Index Scan using pk_customer_address on customer_address  (cost=0.29..0.32 rows=1 width=8) (never executed)
                                            Index Cond: (ca_address_sk = customer.c_current_addr_sk)
                                            Filter: (ca_gmt_offset = '-6'::double precision)
              ->  Aggregate  (cost=41034.84..41034.85 rows=1 width=8) (actual time=0.004..0.005 rows=1 loops=1)
                    ->  Nested Loop  (cost=1.30..41034.83 rows=4 width=8) (actual time=0.004..0.004 rows=0 loops=1)
                          ->  Nested Loop  (cost=1.01..41032.23 rows=8 width=16) (actual time=0.004..0.004 rows=0 loops=1)
                                ->  Nested Loop  (cost=0.72..41029.74 rows=8 width=16) (actual time=0.004..0.004 rows=0 loops=1)
                                      ->  Nested Loop  (cost=0.43..41002.95 rows=87 width=24) (actual time=0.004..0.004 rows=0 loops=1)
                                            Join Filter: (store_sales_1.ss_store_sk = store_1.s_store_sk)
                                            ->  Seq Scan on store store_1  (cost=0.00..1.15 rows=1 width=8) (actual time=0.003..0.004 rows=0 loops=1)
                                                  Filter: (s_gmt_offset = '-6'::double precision)
                                                  Rows Removed by Filter: 12
                                            ->  Nested Loop  (cost=0.43..40988.10 rows=1096 width=32) (never executed)
                                                  ->  Seq Scan on date_dim date_dim_1  (cost=0.00..2500.73 rows=29 width=8) (never executed)
                                                        Filter: ((d_year = 2001) AND (d_moy = 11))
                                                  ->  Index Scan using i_ss_sold_date_sk on store_sales store_sales_1  (cost=0.43..1312.00 rows=1515 width=40) (never executed)
                                                        Index Cond: (ss_sold_date_sk = date_dim_1.d_date_sk)
                                      ->  Index Scan using pk_item on item item_1  (cost=0.29..0.31 rows=1 width=8) (never executed)
                                            Index Cond: (i_item_sk = store_sales_1.ss_item_sk)
                                            Filter: (i_category = 'Home'::bpchar)
                                ->  Index Scan using pk_customer on customer customer_1  (cost=0.29..0.31 rows=1 width=16) (never executed)
                                      Index Cond: (c_customer_sk = store_sales_1.ss_customer_sk)
                          ->  Index Scan using pk_customer_address on customer_address customer_address_1  (cost=0.29..0.32 rows=1 width=8) (never executed)
                                Index Cond: (ca_address_sk = customer_1.c_current_addr_sk)
                                Filter: (ca_gmt_offset = '-6'::double precision)
 promotions | total | ?column? 
------------+-------+----------
            |       |         
(1 row)

UPDATE time_statistics SET e_time = TRANSACTION_TIMESTAMP() WHERE template = 'query61.tpl' AND stream = 7;
psql:/tmp/s1-basline/throughput/query_7.sql:2808: NOTICE:  duration: 0.077 ms  plan:
Query Text: UPDATE time_statistics SET e_time = TRANSACTION_TIMESTAMP() WHERE template = 'query61.tpl' AND stream = 7;
Update on time_statistics  (cost=0.00..20.59 rows=0 width=0) (actual time=0.076..0.077 rows=0 loops=1)
  ->  Seq Scan on time_statistics  (cost=0.00..20.59 rows=1 width=14) (actual time=0.069..0.069 rows=1 loops=1)
        Filter: ((template = 'query61.tpl'::text) AND (stream = 7))
        Rows Removed by Filter: 655
UPDATE 1
LOAD 'auto_explain'; SET auto_explain.log_min_duration TO 0; SET auto_explain.log_analyze TO on; SET auto_explain.log_level TO notice; INSERT INTO time_statistics (template, s_time, stream, query, seed) VALUES ('query33.tpl', TRANSACTION_TIMESTAMP(), 7, 61, 1690477036);
LOAD
SET
SET
SET
psql:/tmp/s1-basline/throughput/query_7.sql:2809: NOTICE:  duration: 0.007 ms  plan:
Query Text: INSERT INTO time_statistics (template, s_time, stream, query, seed) VALUES ('query33.tpl', TRANSACTION_TIMESTAMP(), 7, 61, 1690477036);
Insert on time_statistics  (cost=0.00..0.01 rows=0 width=0) (actual time=0.007..0.007 rows=0 loops=1)
  ->  Result  (cost=0.00..0.01 rows=1 width=64) (actual time=0.001..0.001 rows=1 loops=1)
INSERT 0 1
with ss as (
 select
          i_manufact_id,sum(ss_ext_sales_price) total_sales
 from
 	store_sales,
 	date_dim,
         customer_address,
         item
 where
         i_manufact_id in (select
  i_manufact_id
from
 item
where i_category in ('Home'))
 and     ss_item_sk              = i_item_sk
 and     ss_sold_date_sk         = d_date_sk
 and     d_year                  = 1999
 and     d_moy                   = 2
 and     ss_addr_sk              = ca_address_sk
 and     ca_gmt_offset           = -5 
 group by i_manufact_id),
 cs as (
 select
          i_manufact_id,sum(cs_ext_sales_price) total_sales
 from
 	catalog_sales,
 	date_dim,
         customer_address,
         item
 where
         i_manufact_id               in (select
  i_manufact_id
from
 item
where i_category in ('Home'))
 and     cs_item_sk              = i_item_sk
 and     cs_sold_date_sk         = d_date_sk
 and     d_year                  = 1999
 and     d_moy                   = 2
 and     cs_bill_addr_sk         = ca_address_sk
 and     ca_gmt_offset           = -5 
 group by i_manufact_id),
 ws as (
 select
          i_manufact_id,sum(ws_ext_sales_price) total_sales
 from
 	web_sales,
 	date_dim,
         customer_address,
         item
 where
         i_manufact_id               in (select
  i_manufact_id
from
 item
where i_category in ('Home'))
 and     ws_item_sk              = i_item_sk
 and     ws_sold_date_sk         = d_date_sk
 and     d_year                  = 1999
 and     d_moy                   = 2
 and     ws_bill_addr_sk         = ca_address_sk
 and     ca_gmt_offset           = -5
 group by i_manufact_id)
  select  i_manufact_id ,sum(total_sales) total_sales
 from  (select * from ss 
        union all
        select * from cs 
        union all
        select * from ws) tmp1
 group by i_manufact_id
 order by total_sales
limit 100;
psql:/tmp/s1-basline/throughput/query_7.sql:2881: NOTICE:  duration: 148.913 ms  plan:
Query Text: with ss as (
 select
          i_manufact_id,sum(ss_ext_sales_price) total_sales
 from
 	store_sales,
 	date_dim,
         customer_address,
         item
 where
         i_manufact_id in (select
  i_manufact_id
from
 item
where i_category in ('Home'))
 and     ss_item_sk              = i_item_sk
 and     ss_sold_date_sk         = d_date_sk
 and     d_year                  = 1999
 and     d_moy                   = 2
 and     ss_addr_sk              = ca_address_sk
 and     ca_gmt_offset           = -5 
 group by i_manufact_id),
 cs as (
 select
          i_manufact_id,sum(cs_ext_sales_price) total_sales
 from
 	catalog_sales,
 	date_dim,
         customer_address,
         item
 where
         i_manufact_id               in (select
  i_manufact_id
from
 item
where i_category in ('Home'))
 and     cs_item_sk              = i_item_sk
 and     cs_sold_date_sk         = d_date_sk
 and     d_year                  = 1999
 and     d_moy                   = 2
 and     cs_bill_addr_sk         = ca_address_sk
 and     ca_gmt_offset           = -5 
 group by i_manufact_id),
 ws as (
 select
          i_manufact_id,sum(ws_ext_sales_price) total_sales
 from
 	web_sales,
 	date_dim,
         customer_address,
         item
 where
         i_manufact_id               in (select
  i_manufact_id
from
 item
where i_category in ('Home'))
 and     ws_item_sk              = i_item_sk
 and     ws_sold_date_sk         = d_date_sk
 and     d_year                  = 1999
 and     d_moy                   = 2
 and     ws_bill_addr_sk         = ca_address_sk
 and     ca_gmt_offset           = -5
 group by i_manufact_id)
  select  i_manufact_id ,sum(total_sales) total_sales
 from  (select * from ss 
        union all
        select * from cs 
        union all
        select * from ws) tmp1
 group by i_manufact_id
 order by total_sales
limit 100;
Limit  (cost=42999.90..43000.15 rows=100 width=12) (actual time=123.403..148.882 rows=100 loops=1)
  ->  Sort  (cost=42999.90..43000.40 rows=200 width=12) (actual time=123.402..148.875 rows=100 loops=1)
        Sort Key: (sum((sum(store_sales.ss_ext_sales_price))))
        Sort Method: top-N heapsort  Memory: 32kB
        ->  Finalize GroupAggregate  (cost=42937.99..42992.26 rows=200 width=12) (actual time=122.570..148.734 rows=695 loops=1)
              Group Key: item.i_manufact_id
              ->  Gather Merge  (cost=42937.99..42988.26 rows=400 width=12) (actual time=122.566..148.481 rows=1956 loops=1)
                    Workers Planned: 2
                    Workers Launched: 2
                    ->  Partial GroupAggregate  (cost=41937.97..41942.06 rows=200 width=12) (actual time=74.963..75.169 rows=652 loops=3)
                          Group Key: item.i_manufact_id
                          ->  Sort  (cost=41937.97..41938.67 rows=279 width=12) (actual time=74.960..74.993 rows=652 loops=3)
                                Sort Key: item.i_manufact_id
                                Sort Method: quicksort  Memory: 61kB
                                Worker 0:  Sort Method: quicksort  Memory: 58kB
                                Worker 1:  Sort Method: quicksort  Memory: 62kB
                                ->  Parallel Append  (cost=14600.92..41926.64 rows=279 width=12) (actual time=73.978..74.876 rows=652 loops=3)
                                      ->  GroupAggregate  (cost=41915.10..41921.55 rows=369 width=12) (actual time=113.788..115.190 rows=687 loops=1)
                                            Group Key: item.i_manufact_id
                                            ->  Sort  (cost=41915.10..41916.02 rows=369 width=12) (actual time=113.776..114.343 rows=7446 loops=1)
                                                  Sort Key: item.i_manufact_id
                                                  Worker 1:  Sort Method: quicksort  Memory: 599kB
                                                  ->  Hash Join  (cost=1505.14..41899.36 rows=369 width=12) (actual time=25.313..111.924 rows=7446 loops=1)
                                                        Hash Cond: (item.i_manufact_id = item_1.i_manufact_id)
                                                        ->  Nested Loop  (cost=1.01..40390.15 rows=370 width=12) (actual time=8.234..93.288 rows=8607 loops=1)
                                                              ->  Nested Loop  (cost=0.72..40277.12 rows=370 width=16) (actual time=8.169..77.307 rows=8607 loops=1)
                                                                    ->  Nested Loop  (cost=0.43..39948.31 rows=1059 width=24) (actual time=8.111..42.270 rows=23900 loops=1)
                                                                          ->  Seq Scan on date_dim  (cost=0.00..2500.73 rows=28 width=8) (actual time=8.022..14.973 rows=28 loops=1)
                                                                                Filter: ((d_year = 1999) AND (d_moy = 2))
                                                                                Rows Removed by Filter: 73021
                                                                          ->  Index Scan using i_ss_sold_date_sk on store_sales  (cost=0.43..1322.26 rows=1515 width=32) (actual time=0.015..0.817 rows=854 loops=28)
                                                                                Index Cond: (ss_sold_date_sk = date_dim.d_date_sk)
                                                                    ->  Index Scan using pk_customer_address on customer_address  (cost=0.29..0.31 rows=1 width=8) (actual time=0.001..0.001 rows=0 loops=23900)
                                                                          Index Cond: (ca_address_sk = store_sales.ss_addr_sk)
                                                                          Filter: (ca_gmt_offset = '-5'::double precision)
                                                                          Rows Removed by Filter: 1
                                                              ->  Index Scan using pk_item on item  (cost=0.29..0.31 rows=1 width=12) (actual time=0.001..0.001 rows=1 loops=8607)
                                                                    Index Cond: (i_item_sk = store_sales.ss_item_sk)
                                                        ->  Hash  (cost=1493.70..1493.70 rows=835 width=4) (actual time=17.038..17.039 rows=701 loops=1)
                                                              Buckets: 1024  Batches: 1  Memory Usage: 33kB
                                                              ->  HashAggregate  (cost=1485.35..1493.70 rows=835 width=4) (actual time=16.884..16.945 rows=702 loops=1)
                                                                    Group Key: item_1.i_manufact_id
                                                                    Worker 1:  Batches: 1  Memory Usage: 105kB
                                                                    ->  Seq Scan on item item_1  (cost=0.00..1481.00 rows=1740 width=4) (actual time=0.029..16.527 rows=1740 loops=1)
                                                                          Filter: (i_category = 'Home'::bpchar)
                                                                          Rows Removed by Filter: 16260
                                      ->  GroupAggregate  (cost=14600.92..14602.69 rows=101 width=12) (actual time=58.253..58.687 rows=610 loops=1)
                                            Group Key: item_2.i_manufact_id
                                            ->  Sort  (cost=14600.92..14601.17 rows=101 width=12) (actual time=58.245..58.362 rows=2261 loops=1)
                                                  Sort Key: item_2.i_manufact_id
                                                  Worker 0:  Sort Method: quicksort  Memory: 220kB
                                                  ->  Hash Join  (cost=1505.14..14597.56 rows=101 width=12) (actual time=24.032..57.639 rows=2261 loops=1)
                                                        Hash Cond: (item_2.i_manufact_id = item_3.i_manufact_id)
                                                        ->  Nested Loop  (cost=1.00..13092.03 rows=101 width=12) (actual time=7.934..41.063 rows=2608 loops=1)
                                                              ->  Nested Loop  (cost=0.71..13061.03 rows=101 width=16) (actual time=7.866..35.434 rows=2608 loops=1)
                                                                    ->  Nested Loop  (cost=0.42..12974.62 rows=277 width=24) (actual time=7.809..23.822 rows=6427 loops=1)
                                                                          ->  Seq Scan on date_dim date_dim_1  (cost=0.00..2500.73 rows=28 width=8) (actual time=7.735..14.859 rows=28 loops=1)
                                                                                Filter: ((d_year = 1999) AND (d_moy = 2))
                                                                                Rows Removed by Filter: 73021
                                                                          ->  Index Scan using i_ws_sold_date_sk on web_sales  (cost=0.42..370.10 rows=397 width=32) (actual time=0.014..0.278 rows=230 loops=28)
                                                                                Index Cond: (ws_sold_date_sk = date_dim_1.d_date_sk)
                                                                    ->  Index Scan using pk_customer_address on customer_address customer_address_1  (cost=0.29..0.31 rows=1 width=8) (actual time=0.002..0.002 rows=0 loops=6427)
                                                                          Index Cond: (ca_address_sk = web_sales.ws_bill_addr_sk)
                                                                          Filter: (ca_gmt_offset = '-5'::double precision)
                                                                          Rows Removed by Filter: 1
                                                              ->  Index Scan using pk_item on item item_2  (cost=0.29..0.31 rows=1 width=12) (actual time=0.002..0.002 rows=1 loops=2608)
                                                                    Index Cond: (i_item_sk = web_sales.ws_item_sk)
                                                        ->  Hash  (cost=1493.70..1493.70 rows=835 width=4) (actual time=16.066..16.067 rows=701 loops=1)
                                                              Buckets: 1024  Batches: 1  Memory Usage: 33kB
                                                              ->  HashAggregate  (cost=1485.35..1493.70 rows=835 width=4) (actual time=15.910..15.970 rows=702 loops=1)
                                                                    Group Key: item_3.i_manufact_id
                                                                    Worker 0:  Batches: 1  Memory Usage: 105kB
                                                                    ->  Seq Scan on item item_3  (cost=0.00..1481.00 rows=1740 width=4) (actual time=0.027..15.548 rows=1740 loops=1)
                                                                          Filter: (i_category = 'Home'::bpchar)
                                                                          Rows Removed by Filter: 16260
                                      ->  GroupAggregate  (cost=5812.52..5816.02 rows=200 width=12) (actual time=49.889..50.615 rows=659 loops=1)
                                            Group Key: item_4.i_manufact_id
                                            ->  Sort  (cost=5812.52..5813.02 rows=200 width=12) (actual time=49.881..50.112 rows=4152 loops=1)
                                                  Sort Key: item_4.i_manufact_id
                                                  Sort Method: quicksort  Memory: 420kB
                                                  ->  Hash Join  (cost=1505.14..5804.87 rows=200 width=12) (actual time=11.879..49.131 rows=4152 loops=1)
                                                        Hash Cond: (item_4.i_manufact_id = item_5.i_manufact_id)
                                                        ->  Nested Loop  (cost=1.00..4297.99 rows=200 width=12) (actual time=4.317..40.739 rows=4788 loops=1)
                                                              ->  Nested Loop  (cost=0.72..4236.79 rows=200 width=16) (actual time=4.312..32.684 rows=4788 loops=1)
                                                                    ->  Nested Loop  (cost=0.43..4065.44 rows=551 width=24) (actual time=4.306..14.356 rows=12801 loops=1)
                                                                          ->  Seq Scan on date_dim date_dim_2  (cost=0.00..2500.73 rows=28 width=8) (actual time=4.294..8.953 rows=28 loops=1)
                                                                                Filter: ((d_year = 1999) AND (d_moy = 2))
                                                                                Rows Removed by Filter: 73021
                                                                          ->  Index Scan using i_cs_sold_date_sk on catalog_sales  (cost=0.43..48.03 rows=785 width=32) (actual time=0.004..0.112 rows=457 loops=28)
                                                                                Index Cond: (cs_sold_date_sk = date_dim_2.d_date_sk)
                                                                    ->  Index Scan using pk_customer_address on customer_address customer_address_2  (cost=0.29..0.31 rows=1 width=8) (actual time=0.001..0.001 rows=0 loops=12801)
                                                                          Index Cond: (ca_address_sk = catalog_sales.cs_bill_addr_sk)
                                                                          Filter: (ca_gmt_offset = '-5'::double precision)
                                                                          Rows Removed by Filter: 1
                                                              ->  Index Scan using pk_item on item item_4  (cost=0.29..0.31 rows=1 width=12) (actual time=0.001..0.001 rows=1 loops=4788)
                                                                    Index Cond: (i_item_sk = catalog_sales.cs_item_sk)
                                                        ->  Hash  (cost=1493.70..1493.70 rows=835 width=4) (actual time=7.547..7.547 rows=701 loops=1)
                                                              Buckets: 1024  Batches: 1  Memory Usage: 33kB
                                                              ->  HashAggregate  (cost=1485.35..1493.70 rows=835 width=4) (actual time=7.380..7.456 rows=702 loops=1)
                                                                    Group Key: item_5.i_manufact_id
                                                                    Batches: 1  Memory Usage: 105kB
                                                                    ->  Seq Scan on item item_5  (cost=0.00..1481.00 rows=1740 width=4) (actual time=0.004..7.087 rows=1740 loops=1)
                                                                          Filter: (i_category = 'Home'::bpchar)
                                                                          Rows Removed by Filter: 16260
 i_manufact_id |    total_sales     
---------------+--------------------
           715 |              17.35
           675 |              45.64
           690 |              55.08
           889 |              61.36
           699 |             132.28
           805 |              346.8
           781 | 474.96000000000004
           694 |             485.87
           724 |              586.8
           775 |             775.88
           938 |              855.3
           768 |             965.28
           804 |            1000.96
           671 |            1222.39
           646 | 1652.8600000000001
           743 |             1733.9
           810 |            1764.46
           852 |            1801.32
           776 | 1907.4299999999998
           910 |             2073.3
           942 |            2170.34
           948 |            2349.19
           787 |            2372.53
           691 |             2444.4
           916 |            2524.42
           989 |             2775.2
           712 |            2798.92
           682 |            3130.48
           917 |            3477.54
           407 |            3540.45
           992 | 3736.6899999999996
           812 | 3782.1400000000003
           930 |            3808.85
           898 |             3897.2
           792 | 3997.7299999999996
           895 |            4034.05
           655 |            4039.05
           793 |            4294.57
           443 |            4380.15
           967 |            4801.32
           741 |            4870.88
           747 | 4980.9400000000005
           955 |  5062.139999999999
           708 |            5248.62
           726 |            5385.92
           541 | 5395.5999999999985
           874 |            5477.42
           995 | 5571.8099999999995
           376 |            5606.74
           430 |  5761.349999999999
           904 |            5864.24
           821 |  5967.450000000001
           736 |            6221.34
           936 |            6359.73
           713 |             6491.6
           516 |             6502.6
           840 |            6940.79
           386 |            7143.68
           657 |  7292.530000000001
           785 | 7396.5599999999995
           755 |            7513.36
           597 |            7830.74
           988 |            7930.01
           734 |  7990.950000000001
           853 |  8022.169999999999
           839 |            8105.83
           421 |            8358.53
           610 |            8366.37
           844 |            8512.74
           710 |            8539.96
           982 |            8686.01
           485 |            8686.76
           952 |            8699.93
           879 |            8748.26
           476 |            8990.15
           725 |  9267.960000000001
           346 |            9268.02
           983 |            9340.04
           606 |            9370.29
           339 |  9607.939999999999
           897 |            9640.95
           389 |            9709.13
           523 |            9711.78
           368 |  9878.869999999999
           688 |            9910.94
           912 |            9957.05
           885 |            9972.53
           467 | 10005.800000000001
           427 | 10206.789999999999
           866 |              10400
           501 |           10504.03
           507 | 10531.769999999999
            59 | 10621.240000000002
           884 |           10737.94
           944 | 11174.800000000001
           642 |           11397.45
           419 | 11398.670000000002
           672 |           11644.53
           735 |           11742.39
           545 | 11850.189999999999
(100 rows)

UPDATE time_statistics SET e_time = TRANSACTION_TIMESTAMP() WHERE template = 'query33.tpl' AND stream = 7;
psql:/tmp/s1-basline/throughput/query_7.sql:2883: NOTICE:  duration: 0.098 ms  plan:
Query Text: UPDATE time_statistics SET e_time = TRANSACTION_TIMESTAMP() WHERE template = 'query33.tpl' AND stream = 7;
Update on time_statistics  (cost=0.00..20.59 rows=0 width=0) (actual time=0.098..0.098 rows=0 loops=1)
  ->  Seq Scan on time_statistics  (cost=0.00..20.59 rows=1 width=14) (actual time=0.084..0.084 rows=1 loops=1)
        Filter: ((template = 'query33.tpl'::text) AND (stream = 7))
        Rows Removed by Filter: 656
UPDATE 1
LOAD 'auto_explain'; SET auto_explain.log_min_duration TO 0; SET auto_explain.log_analyze TO on; SET auto_explain.log_level TO notice; INSERT INTO time_statistics (template, s_time, stream, query, seed) VALUES ('../query_postgresql/query49.tpl', TRANSACTION_TIMESTAMP(), 7, 62, 477290294);
LOAD
SET
SET
SET
psql:/tmp/s1-basline/throughput/query_7.sql:2884: NOTICE:  duration: 0.008 ms  plan:
Query Text: INSERT INTO time_statistics (template, s_time, stream, query, seed) VALUES ('../query_postgresql/query49.tpl', TRANSACTION_TIMESTAMP(), 7, 62, 477290294);
Insert on time_statistics  (cost=0.00..0.01 rows=0 width=0) (actual time=0.008..0.008 rows=0 loops=1)
  ->  Result  (cost=0.00..0.01 rows=1 width=64) (actual time=0.002..0.002 rows=1 loops=1)
INSERT 0 1
select  channel, item, return_ratio, return_rank, currency_rank from
 (select
 'web' as channel
 ,web.item
 ,web.return_ratio
 ,web.return_rank
 ,web.currency_rank
 from (
 	select 
 	 item
 	,return_ratio
 	,currency_ratio
 	,rank() over (order by return_ratio) as return_rank
 	,rank() over (order by currency_ratio) as currency_rank
 	from
 	(	select ws.ws_item_sk as item
 		,(cast(sum(coalesce(wr.wr_return_quantity,0)) as decimal(15,4))/
 		cast(sum(coalesce(ws.ws_quantity,0)) as decimal(15,4) )) as return_ratio
 		,(cast(sum(coalesce(wr.wr_return_amt,0)) as decimal(15,4))/
 		cast(sum(coalesce(ws.ws_net_paid,0)) as decimal(15,4) )) as currency_ratio
 		from 
 		 web_sales ws left outer join web_returns wr 
 			on (ws.ws_order_number = wr.wr_order_number and 
 			ws.ws_item_sk = wr.wr_item_sk)
                 ,date_dim
 		where 
 			wr.wr_return_amt > 10000 
 			and ws.ws_net_profit > 1
                         and ws.ws_net_paid > 0
                         and ws.ws_quantity > 0
                         and ws_sold_date_sk = d_date_sk
                         and d_year = 2002
                         and d_moy = 11
 		group by ws.ws_item_sk
 	) in_web
 ) web
 where 
 (
 web.return_rank <= 10
 or
 web.currency_rank <= 10
 )
 union
 select 
 'catalog' as channel
 ,catalog.item
 ,catalog.return_ratio
 ,catalog.return_rank
 ,catalog.currency_rank
 from (
 	select 
 	 item
 	,return_ratio
 	,currency_ratio
 	,rank() over (order by return_ratio) as return_rank
 	,rank() over (order by currency_ratio) as currency_rank
 	from
 	(	select 
 		cs.cs_item_sk as item
 		,(cast(sum(coalesce(cr.cr_return_quantity,0)) as decimal(15,4))/
 		cast(sum(coalesce(cs.cs_quantity,0)) as decimal(15,4) )) as return_ratio
 		,(cast(sum(coalesce(cr.cr_return_amount,0)) as decimal(15,4))/
 		cast(sum(coalesce(cs.cs_net_paid,0)) as decimal(15,4) )) as currency_ratio
 		from 
 		catalog_sales cs left outer join catalog_returns cr
 			on (cs.cs_order_number = cr.cr_order_number and 
 			cs.cs_item_sk = cr.cr_item_sk)
                ,date_dim
 		where 
 			cr.cr_return_amount > 10000 
 			and cs.cs_net_profit > 1
                         and cs.cs_net_paid > 0
                         and cs.cs_quantity > 0
                         and cs_sold_date_sk = d_date_sk
                         and d_year = 2002
                         and d_moy = 11
                 group by cs.cs_item_sk
 	) in_cat
 ) catalog
 where 
 (
 catalog.return_rank <= 10
 or
 catalog.currency_rank <=10
 )
 union
 select 
 'store' as channel
 ,store.item
 ,store.return_ratio
 ,store.return_rank
 ,store.currency_rank
 from (
 	select 
 	 item
 	,return_ratio
 	,currency_ratio
 	,rank() over (order by return_ratio) as return_rank
 	,rank() over (order by currency_ratio) as currency_rank
 	from
 	(	select sts.ss_item_sk as item
 		,(cast(sum(coalesce(sr.sr_return_quantity,0)) as decimal(15,4))/cast(sum(coalesce(sts.ss_quantity,0)) as decimal(15,4) )) as return_ratio
 		,(cast(sum(coalesce(sr.sr_return_amt,0)) as decimal(15,4))/cast(sum(coalesce(sts.ss_net_paid,0)) as decimal(15,4) )) as currency_ratio
 		from 
 		store_sales sts left outer join store_returns sr
 			on (sts.ss_ticket_number = sr.sr_ticket_number and sts.ss_item_sk = sr.sr_item_sk)
                ,date_dim
 		where 
 			sr.sr_return_amt > 10000 
 			and sts.ss_net_profit > 1
                         and sts.ss_net_paid > 0 
                         and sts.ss_quantity > 0
                         and ss_sold_date_sk = d_date_sk
                         and d_year = 2002
                         and d_moy = 11
 		group by sts.ss_item_sk
 	) in_store
 ) store
 where  (
 store.return_rank <= 10
 or 
 store.currency_rank <= 10
 )
 ) query49
 order by 1,4,5,2
 limit 100;
psql:/tmp/s1-basline/throughput/query_7.sql:3010: NOTICE:  duration: 112.455 ms  plan:
Query Text: select  channel, item, return_ratio, return_rank, currency_rank from
 (select
 'web' as channel
 ,web.item
 ,web.return_ratio
 ,web.return_rank
 ,web.currency_rank
 from (
 	select 
 	 item
 	,return_ratio
 	,currency_ratio
 	,rank() over (order by return_ratio) as return_rank
 	,rank() over (order by currency_ratio) as currency_rank
 	from
 	(	select ws.ws_item_sk as item
 		,(cast(sum(coalesce(wr.wr_return_quantity,0)) as decimal(15,4))/
 		cast(sum(coalesce(ws.ws_quantity,0)) as decimal(15,4) )) as return_ratio
 		,(cast(sum(coalesce(wr.wr_return_amt,0)) as decimal(15,4))/
 		cast(sum(coalesce(ws.ws_net_paid,0)) as decimal(15,4) )) as currency_ratio
 		from 
 		 web_sales ws left outer join web_returns wr 
 			on (ws.ws_order_number = wr.wr_order_number and 
 			ws.ws_item_sk = wr.wr_item_sk)
                 ,date_dim
 		where 
 			wr.wr_return_amt > 10000 
 			and ws.ws_net_profit > 1
                         and ws.ws_net_paid > 0
                         and ws.ws_quantity > 0
                         and ws_sold_date_sk = d_date_sk
                         and d_year = 2002
                         and d_moy = 11
 		group by ws.ws_item_sk
 	) in_web
 ) web
 where 
 (
 web.return_rank <= 10
 or
 web.currency_rank <= 10
 )
 union
 select 
 'catalog' as channel
 ,catalog.item
 ,catalog.return_ratio
 ,catalog.return_rank
 ,catalog.currency_rank
 from (
 	select 
 	 item
 	,return_ratio
 	,currency_ratio
 	,rank() over (order by return_ratio) as return_rank
 	,rank() over (order by currency_ratio) as currency_rank
 	from
 	(	select 
 		cs.cs_item_sk as item
 		,(cast(sum(coalesce(cr.cr_return_quantity,0)) as decimal(15,4))/
 		cast(sum(coalesce(cs.cs_quantity,0)) as decimal(15,4) )) as return_ratio
 		,(cast(sum(coalesce(cr.cr_return_amount,0)) as decimal(15,4))/
 		cast(sum(coalesce(cs.cs_net_paid,0)) as decimal(15,4) )) as currency_ratio
 		from 
 		catalog_sales cs left outer join catalog_returns cr
 			on (cs.cs_order_number = cr.cr_order_number and 
 			cs.cs_item_sk = cr.cr_item_sk)
                ,date_dim
 		where 
 			cr.cr_return_amount > 10000 
 			and cs.cs_net_profit > 1
                         and cs.cs_net_paid > 0
                         and cs.cs_quantity > 0
                         and cs_sold_date_sk = d_date_sk
                         and d_year = 2002
                         and d_moy = 11
                 group by cs.cs_item_sk
 	) in_cat
 ) catalog
 where 
 (
 catalog.return_rank <= 10
 or
 catalog.currency_rank <=10
 )
 union
 select 
 'store' as channel
 ,store.item
 ,store.return_ratio
 ,store.return_rank
 ,store.currency_rank
 from (
 	select 
 	 item
 	,return_ratio
 	,currency_ratio
 	,rank() over (order by return_ratio) as return_rank
 	,rank() over (order by currency_ratio) as currency_rank
 	from
 	(	select sts.ss_item_sk as item
 		,(cast(sum(coalesce(sr.sr_return_quantity,0)) as decimal(15,4))/cast(sum(coalesce(sts.ss_quantity,0)) as decimal(15,4) )) as return_ratio
 		,(cast(sum(coalesce(sr.sr_return_amt,0)) as decimal(15,4))/cast(sum(coalesce(sts.ss_net_paid,0)) as decimal(15,4) )) as currency_ratio
 		from 
 		store_sales sts left outer join store_returns sr
 			on (sts.ss_ticket_number = sr.sr_ticket_number and sts.ss_item_sk = sr.sr_item_sk)
                ,date_dim
 		where 
 			sr.sr_return_amt > 10000 
 			and sts.ss_net_profit > 1
                         and sts.ss_net_paid > 0 
                         and sts.ss_quantity > 0
                         and ss_sold_date_sk = d_date_sk
                         and d_year = 2002
                         and d_moy = 11
 		group by sts.ss_item_sk
 	) in_store
 ) store
 where  (
 store.return_rank <= 10
 or 
 store.currency_rank <= 10
 )
 ) query49
 order by 1,4,5,2
 limit 100;
Limit  (cost=22683.62..22683.63 rows=3 width=88) (actual time=112.420..112.435 rows=30 loops=1)
  ->  Sort  (cost=22683.62..22683.63 rows=3 width=88) (actual time=112.420..112.432 rows=30 loops=1)
        Sort Key: ('web'::text), web.return_rank, web.currency_rank, web.item
        Sort Method: quicksort  Memory: 27kB
        ->  HashAggregate  (cost=22683.53..22683.56 rows=3 width=88) (actual time=112.395..112.411 rows=30 loops=1)
              Group Key: ('web'::text), web.item, web.return_ratio, web.return_rank, web.currency_rank
              Batches: 1  Memory Usage: 32kB
              ->  Append  (cost=4475.69..22683.50 rows=3 width=88) (actual time=15.146..112.381 rows=30 loops=1)
                    ->  Subquery Scan on web  (cost=4475.69..4475.73 rows=1 width=88) (actual time=15.145..15.161 rows=10 loops=1)
                          Filter: ((web.return_rank <= 10) OR (web.currency_rank <= 10))
                          Rows Removed by Filter: 4
                          ->  WindowAgg  (cost=4475.69..4475.71 rows=1 width=88) (actual time=15.143..15.157 rows=14 loops=1)
                                ->  Sort  (cost=4475.69..4475.70 rows=1 width=80) (actual time=15.140..15.145 rows=14 loops=1)
                                      Sort Key: in_web.return_ratio
                                      Sort Method: quicksort  Memory: 26kB
                                      ->  WindowAgg  (cost=4475.66..4475.68 rows=1 width=80) (actual time=15.123..15.137 rows=14 loops=1)
                                            ->  Sort  (cost=4475.66..4475.67 rows=1 width=72) (actual time=15.116..15.121 rows=14 loops=1)
                                                  Sort Key: in_web.currency_ratio
                                                  Sort Method: quicksort  Memory: 26kB
                                                  ->  Subquery Scan on in_web  (cost=4475.59..4475.65 rows=1 width=72) (actual time=15.073..15.113 rows=14 loops=1)
                                                        ->  GroupAggregate  (cost=4475.59..4475.64 rows=1 width=72) (actual time=15.073..15.111 rows=14 loops=1)
                                                              Group Key: ws.ws_item_sk
                                                              ->  Sort  (cost=4475.59..4475.59 rows=1 width=32) (actual time=15.054..15.057 rows=14 loops=1)
                                                                    Sort Key: ws.ws_item_sk
                                                                    Sort Method: quicksort  Memory: 25kB
                                                                    ->  Nested Loop  (cost=0.72..4475.58 rows=1 width=32) (actual time=0.157..15.048 rows=14 loops=1)
                                                                          ->  Nested Loop  (cost=0.42..4475.26 rows=1 width=40) (actual time=0.033..14.201 rows=546 loops=1)
                                                                                ->  Seq Scan on web_returns wr  (cost=0.00..2802.96 rows=657 width=28) (actual time=0.023..11.664 rows=616 loops=1)
                                                                                      Filter: (wr_return_amt > '10000'::double precision)
                                                                                      Rows Removed by Filter: 70790
                                                                                ->  Index Scan using pk_web_sales on web_sales ws  (cost=0.42..2.55 rows=1 width=36) (actual time=0.004..0.004 rows=1 loops=616)
                                                                                      Index Cond: ((ws_item_sk = wr.wr_item_sk) AND (ws_order_number = wr.wr_order_number))
                                                                                      Filter: ((ws_net_profit > '1'::double precision) AND (ws_net_paid > '0'::double precision) AND (ws_quantity > 0))
                                                                                      Rows Removed by Filter: 0
                                                                          ->  Index Scan using pk_date_dim on date_dim  (cost=0.29..0.32 rows=1 width=8) (actual time=0.001..0.001 rows=0 loops=546)
                                                                                Index Cond: (d_date_sk = ws.ws_sold_date_sk)
                                                                                Filter: ((d_year = 2002) AND (d_moy = 11))
                                                                                Rows Removed by Filter: 1
                    ->  Subquery Scan on catalog  (cost=4251.07..4251.10 rows=1 width=88) (actual time=53.605..53.640 rows=10 loops=1)
                          Filter: ((catalog.return_rank <= 10) OR (catalog.currency_rank <= 10))
                          Rows Removed by Filter: 25
                          ->  WindowAgg  (cost=4251.07..4251.09 rows=1 width=88) (actual time=53.604..53.635 rows=35 loops=1)
                                ->  Sort  (cost=4251.07..4251.07 rows=1 width=80) (actual time=53.600..53.605 rows=35 loops=1)
                                      Sort Key: in_cat.return_ratio
                                      Sort Method: quicksort  Memory: 27kB
                                      ->  WindowAgg  (cost=4251.04..4251.06 rows=1 width=80) (actual time=53.555..53.587 rows=35 loops=1)
                                            ->  Sort  (cost=4251.04..4251.04 rows=1 width=72) (actual time=53.547..53.552 rows=35 loops=1)
                                                  Sort Key: in_cat.currency_ratio
                                                  Sort Method: quicksort  Memory: 27kB
                                                  ->  Subquery Scan on in_cat  (cost=4250.96..4251.03 rows=1 width=72) (actual time=53.433..53.536 rows=35 loops=1)
                                                        ->  GroupAggregate  (cost=4250.96..4251.02 rows=1 width=72) (actual time=53.432..53.531 rows=35 loops=1)
                                                              Group Key: cs.cs_item_sk
                                                              ->  Sort  (cost=4250.96..4250.97 rows=1 width=32) (actual time=53.410..53.414 rows=35 loops=1)
                                                                    Sort Key: cs.cs_item_sk
                                                                    Sort Method: quicksort  Memory: 27kB
                                                                    ->  Nested Loop  (cost=0.85..4250.95 rows=1 width=32) (actual time=6.088..53.396 rows=35 loops=1)
                                                                          ->  Nested Loop  (cost=0.43..4151.42 rows=220 width=28) (actual time=4.194..26.198 rows=18090 loops=1)
                                                                                ->  Seq Scan on date_dim date_dim_1  (cost=0.00..2500.73 rows=29 width=8) (actual time=4.182..8.813 rows=30 loops=1)
                                                                                      Filter: ((d_year = 2002) AND (d_moy = 11))
                                                                                      Rows Removed by Filter: 73019
                                                                                ->  Index Scan using i_cs_sold_date_sk on catalog_sales cs  (cost=0.43..53.89 rows=303 width=36) (actual time=0.005..0.532 rows=603 loops=30)
                                                                                      Index Cond: (cs_sold_date_sk = date_dim_1.d_date_sk)
                                                                                      Filter: ((cs_net_profit > '1'::double precision) AND (cs_net_paid > '0'::double precision) AND (cs_quantity > 0))
                                                                                      Rows Removed by Filter: 955
                                                                          ->  Index Scan using pk_catalog_returns on catalog_returns cr  (cost=0.42..0.45 rows=1 width=28) (actual time=0.001..0.001 rows=0 loops=18090)
                                                                                Index Cond: ((cr_item_sk = cs.cs_item_sk) AND (cr_order_number = cs.cs_order_number))
                                                                                Filter: (cr_return_amount > '10000'::double precision)
                                                                                Rows Removed by Filter: 0
                    ->  Subquery Scan on store  (cost=13956.59..13956.62 rows=1 width=88) (actual time=43.562..43.574 rows=10 loops=1)
                          Filter: ((store.return_rank <= 10) OR (store.currency_rank <= 10))
                          Rows Removed by Filter: 4
                          ->  WindowAgg  (cost=13956.59..13956.61 rows=1 width=88) (actual time=43.561..43.571 rows=14 loops=1)
                                ->  Sort  (cost=13956.59..13956.59 rows=1 width=80) (actual time=43.557..43.559 rows=14 loops=1)
                                      Sort Key: in_store.return_ratio
                                      Sort Method: quicksort  Memory: 26kB
                                      ->  WindowAgg  (cost=13956.56..13956.58 rows=1 width=80) (actual time=43.537..43.548 rows=14 loops=1)
                                            ->  Sort  (cost=13956.56..13956.56 rows=1 width=72) (actual time=43.529..43.530 rows=14 loops=1)
                                                  Sort Key: in_store.currency_ratio
                                                  Sort Method: quicksort  Memory: 26kB
                                                  ->  Subquery Scan on in_store  (cost=13956.49..13956.55 rows=1 width=72) (actual time=43.485..43.521 rows=14 loops=1)
                                                        ->  GroupAggregate  (cost=13956.49..13956.54 rows=1 width=72) (actual time=43.484..43.519 rows=14 loops=1)
                                                              Group Key: sts.ss_item_sk
                                                              ->  Sort  (cost=13956.49..13956.49 rows=1 width=32) (actual time=43.464..43.465 rows=14 loops=1)
                                                                    Sort Key: sts.ss_item_sk
                                                                    Sort Method: quicksort  Memory: 25kB
                                                                    ->  Nested Loop  (cost=0.72..13956.48 rows=1 width=32) (actual time=7.734..43.454 rows=14 loops=1)
                                                                          ->  Nested Loop  (cost=0.43..13956.16 rows=1 width=40) (actual time=0.117..42.849 rows=342 loops=1)
                                                                                ->  Seq Scan on store_returns sr  (cost=0.00..10158.16 rows=1466 width=28) (actual time=0.105..40.702 rows=436 loops=1)
                                                                                      Filter: (sr_return_amt > '10000'::double precision)
                                                                                      Rows Removed by Filter: 284584
                                                                                ->  Index Scan using pk_store_sales on store_sales sts  (cost=0.43..2.59 rows=1 width=36) (actual time=0.005..0.005 rows=1 loops=436)
                                                                                      Index Cond: ((ss_item_sk = sr.sr_item_sk) AND (ss_ticket_number = sr.sr_ticket_number))
                                                                                      Filter: ((ss_net_profit > '1'::double precision) AND (ss_net_paid > '0'::double precision) AND (ss_quantity > 0))
                                                                                      Rows Removed by Filter: 0
                                                                          ->  Index Scan using pk_date_dim on date_dim date_dim_2  (cost=0.29..0.32 rows=1 width=8) (actual time=0.002..0.002 rows=0 loops=342)
                                                                                Index Cond: (d_date_sk = sts.ss_sold_date_sk)
                                                                                Filter: ((d_year = 2002) AND (d_moy = 11))
                                                                                Rows Removed by Filter: 1
 channel | item  |      return_ratio      | return_rank | currency_rank 
---------+-------+------------------------+-------------+---------------
 catalog |  7783 | 0.51724137931034482759 |           1 |             1
 catalog | 13812 | 0.56790123456790123457 |           2 |             2
 catalog |  4087 | 0.57894736842105263158 |           3 |             3
 catalog | 10435 | 0.62820512820512820513 |           4 |             4
 catalog | 13152 | 0.68235294117647058824 |           5 |             5
 catalog | 14743 | 0.68888888888888888889 |           6 |             6
 catalog |  4113 | 0.70370370370370370370 |           7 |             7
 catalog |  5875 | 0.71641791044776119403 |           8 |             8
 catalog | 13071 | 0.76543209876543209877 |           9 |             9
 catalog |  3385 | 0.78350515463917525773 |          10 |            10
 store   |  9456 | 0.00000000000000000000 |           1 |             5
 store   | 11409 | 0.70000000000000000000 |           2 |             1
 store   |  1555 | 0.80208333333333333333 |           3 |             2
 store   | 15205 | 0.83146067415730337079 |           4 |             3
 store   | 11193 | 0.83333333333333333333 |           5 |             4
 store   |  2901 | 0.92307692307692307692 |           6 |             6
 store   |  8329 | 0.93333333333333333333 |           7 |             7
 store   | 14829 | 0.93814432989690721649 |           8 |             8
 store   |  8125 | 0.95238095238095238095 |           9 |             9
 store   |  4765 | 0.97297297297297297297 |          10 |            10
 web     | 17413 | 0.00000000000000000000 |           1 |             9
 web     | 17013 | 0.60919540229885057471 |           2 |             1
 web     |  7713 | 0.61971830985915492958 |           3 |             2
 web     | 10446 | 0.62626262626262626263 |           4 |             3
 web     | 13177 | 0.73626373626373626374 |           5 |             4
 web     | 13101 | 0.76530612244897959184 |           6 |             8
 web     | 16965 | 0.81818181818181818182 |           7 |             5
 web     |  9729 | 0.83544303797468354430 |           8 |             6
 web     | 13251 | 0.84905660377358490566 |           9 |             7
 web     |  9078 | 0.89887640449438202247 |          10 |            10
(30 rows)

UPDATE time_statistics SET e_time = TRANSACTION_TIMESTAMP() WHERE template = '../query_postgresql/query49.tpl' AND stream = 7;
psql:/tmp/s1-basline/throughput/query_7.sql:3012: NOTICE:  duration: 0.091 ms  plan:
Query Text: UPDATE time_statistics SET e_time = TRANSACTION_TIMESTAMP() WHERE template = '../query_postgresql/query49.tpl' AND stream = 7;
Update on time_statistics  (cost=0.00..20.59 rows=0 width=0) (actual time=0.090..0.091 rows=0 loops=1)
  ->  Seq Scan on time_statistics  (cost=0.00..20.59 rows=1 width=14) (actual time=0.075..0.076 rows=1 loops=1)
        Filter: ((template = '../query_postgresql/query49.tpl'::text) AND (stream = 7))
        Rows Removed by Filter: 657
UPDATE 1
LOAD 'auto_explain'; SET auto_explain.log_min_duration TO 0; SET auto_explain.log_analyze TO on; SET auto_explain.log_level TO notice; INSERT INTO time_statistics (template, s_time, stream, query, seed) VALUES ('query7.tpl', TRANSACTION_TIMESTAMP(), 7, 63, 663318820);
LOAD
SET
SET
SET
psql:/tmp/s1-basline/throughput/query_7.sql:3013: NOTICE:  duration: 0.008 ms  plan:
Query Text: INSERT INTO time_statistics (template, s_time, stream, query, seed) VALUES ('query7.tpl', TRANSACTION_TIMESTAMP(), 7, 63, 663318820);
Insert on time_statistics  (cost=0.00..0.01 rows=0 width=0) (actual time=0.008..0.008 rows=0 loops=1)
  ->  Result  (cost=0.00..0.01 rows=1 width=64) (actual time=0.001..0.001 rows=1 loops=1)
INSERT 0 1
select  i_item_id, 
        avg(ss_quantity) agg1,
        avg(ss_list_price) agg2,
        avg(ss_coupon_amt) agg3,
        avg(ss_sales_price) agg4 
 from store_sales, customer_demographics, date_dim, item, promotion
 where ss_sold_date_sk = d_date_sk and
       ss_item_sk = i_item_sk and
       ss_cdemo_sk = cd_demo_sk and
       ss_promo_sk = p_promo_sk and
       cd_gender = 'M' and 
       cd_marital_status = 'M' and
       cd_education_status = '2 yr Degree' and
       (p_channel_email = 'N' or p_channel_event = 'N') and
       d_year = 2001 
 group by i_item_id
 order by i_item_id
 limit 100;
psql:/tmp/s1-basline/throughput/query_7.sql:3031: NOTICE:  duration: 956.311 ms  plan:
Query Text: select  i_item_id, 
        avg(ss_quantity) agg1,
        avg(ss_list_price) agg2,
        avg(ss_coupon_amt) agg3,
        avg(ss_sales_price) agg4 
 from store_sales, customer_demographics, date_dim, item, promotion
 where ss_sold_date_sk = d_date_sk and
       ss_item_sk = i_item_sk and
       ss_cdemo_sk = cd_demo_sk and
       ss_promo_sk = p_promo_sk and
       cd_gender = 'M' and 
       cd_marital_status = 'M' and
       cd_education_status = '2 yr Degree' and
       (p_channel_email = 'N' or p_channel_event = 'N') and
       d_year = 2001 
 group by i_item_id
 order by i_item_id
 limit 100;
Limit  (cost=3323.51..81465.36 rows=100 width=73) (actual time=656.584..956.229 rows=100 loops=1)
  ->  GroupAggregate  (cost=3323.51..145541.68 rows=182 width=73) (actual time=656.583..956.217 rows=100 loops=1)
        Group Key: item.i_item_id
        ->  Nested Loop  (cost=3323.51..145535.76 rows=182 width=45) (actual time=654.754..956.057 rows=151 loops=1)
              Join Filter: (store_sales.ss_item_sk = item.i_item_sk)
              Rows Removed by Join Filter: 3016382
              ->  Index Scan using i_i_item_id on item  (cost=0.29..1714.59 rows=18000 width=25) (actual time=0.007..0.317 rows=430 loops=1)
              ->  Materialize  (cost=3323.22..94681.63 rows=182 width=36) (actual time=0.029..1.766 rows=7015 loops=430)
                    ->  Nested Loop  (cost=3323.22..94680.72 rows=182 width=36) (actual time=12.370..650.013 rows=7026 loops=1)
                          ->  Gather  (cost=3323.08..94648.27 rows=191 width=44) (actual time=12.363..641.323 rows=7160 loops=1)
                                Workers Planned: 2
                                Workers Launched: 2
                                ->  Nested Loop  (cost=2323.08..93629.17 rows=80 width=44) (actual time=21.177..643.768 rows=2387 loops=3)
                                      ->  Hash Join  (cost=2322.65..90983.94 rows=5718 width=52) (actual time=13.928..276.578 rows=180059 loops=3)
                                            Hash Cond: (store_sales.ss_sold_date_sk = date_dim.d_date_sk)
                                            ->  Parallel Seq Scan on store_sales  (cost=0.00..85499.45 rows=1204445 width=60) (actual time=0.014..120.935 rows=948150 loops=3)
                                            ->  Hash  (cost=2318.11..2318.11 rows=363 width=8) (actual time=13.805..13.806 rows=365 loops=3)
                                                  Buckets: 1024  Batches: 1  Memory Usage: 23kB
                                                  ->  Seq Scan on date_dim  (cost=0.00..2318.11 rows=363 width=8) (actual time=6.695..13.760 rows=365 loops=3)
                                                        Filter: (d_year = 2001)
                                                        Rows Removed by Filter: 72684
                                      ->  Index Scan using pk_customer_demographics on customer_demographics  (cost=0.43..0.46 rows=1 width=8) (actual time=0.002..0.002 rows=0 loops=540176)
                                            Index Cond: (cd_demo_sk = store_sales.ss_cdemo_sk)
                                            Filter: ((cd_gender = 'M'::bpchar) AND (cd_marital_status = 'M'::bpchar) AND (cd_education_status = '2 yr Degree'::bpchar))
                                            Rows Removed by Filter: 1
                          ->  Index Scan using pk_promotion on promotion  (cost=0.15..0.17 rows=1 width=8) (actual time=0.001..0.001 rows=1 loops=7160)
                                Index Cond: (p_promo_sk = store_sales.ss_promo_sk)
                                Filter: ((p_channel_email = 'N'::bpchar) OR (p_channel_event = 'N'::bpchar))
                                Rows Removed by Filter: 0
    i_item_id     |        agg1         |        agg2        |        agg3        |        agg4        
------------------+---------------------+--------------------+--------------------+--------------------
 AAAAAAAAAAACAAAA | 99.0000000000000000 |              74.84 |                  0 |               2.24
 AAAAAAAAAAAEAAAA | 98.0000000000000000 |              85.55 |                  0 |              66.72
 AAAAAAAAAABAAAAA | 36.5000000000000000 |             26.265 |                  0 |              6.885
 AAAAAAAAAABDAAAA | 14.6666666666666667 |  80.22666666666667 | 10.373333333333333 | 21.463333333333335
 AAAAAAAAAABEAAAA | 23.0000000000000000 |              74.31 |                  0 |              19.32
 AAAAAAAAAACAAAAA | 43.0000000000000000 |            135.505 |                  0 |             69.465
 AAAAAAAAAACCAAAA | 51.5000000000000000 | 53.290000000000006 |                  0 | 22.240000000000002
 AAAAAAAAAADBAAAA | 23.0000000000000000 |             103.27 |                  0 |              33.04
 AAAAAAAAAADCAAAA | 78.0000000000000000 |               14.9 |                  0 |               0.89
 AAAAAAAAAADEAAAA | 53.0000000000000000 |            64.7475 |              488.6 |              34.86
 AAAAAAAAAAEBAAAA | 23.0000000000000000 |              69.79 | 1122.4466666666667 |  47.48333333333333
 AAAAAAAAAAFAAAAA | 94.0000000000000000 |              38.34 |                  0 |              27.22
 AAAAAAAAAAFCAAAA | 54.6666666666666667 |  70.51333333333334 |                  0 |  36.48666666666667
 AAAAAAAAAAFDAAAA | 44.3333333333333333 | 127.16000000000001 |                  0 | 43.416666666666664
 AAAAAAAAAAGBAAAA | 43.0000000000000000 |              83.62 |                  0 |              81.94
 AAAAAAAAAAGCAAAA | 11.0000000000000000 |              37.51 |                  0 |              16.87
 AAAAAAAAAAGEAAAA |  7.0000000000000000 |              88.44 |                  0 |              35.37
 AAAAAAAAAAHAAAAA | 31.0000000000000000 |             120.16 |                  0 |              22.83
 AAAAAAAAAAHBAAAA | 34.0000000000000000 |              63.97 |                  0 | 27.709999999999997
 AAAAAAAAAAICAAAA | 17.0000000000000000 |              86.25 |                  0 |              80.21
 AAAAAAAAAAIDAAAA | 22.0000000000000000 |              76.48 |             181.31 |              16.82
 AAAAAAAAAAJBAAAA | 75.0000000000000000 |             117.92 |            3745.08 |              90.79
 AAAAAAAAAAJCAAAA | 35.0000000000000000 |              127.8 |                  0 |              43.45
 AAAAAAAAAAKBAAAA | 45.0000000000000000 |             114.52 |                  0 |              59.55
 AAAAAAAAAAKDAAAA | 48.3333333333333333 |              71.88 | 101.52333333333333 |  43.42666666666667
 AAAAAAAAAALCAAAA | 28.0000000000000000 |              26.06 |                  0 |              12.76
 AAAAAAAAAAMBAAAA |  5.0000000000000000 |              60.97 |                  0 |              47.55
 AAAAAAAAAANAAAAA | 54.0000000000000000 |             140.92 |                  0 | 58.915000000000006
 AAAAAAAAAANDAAAA | 78.6666666666666667 |             103.83 |                  0 |  32.42333333333334
 AAAAAAAAAAODAAAA | 79.0000000000000000 |              46.89 |                  0 |              16.88
 AAAAAAAAAAPCAAAA | 74.0000000000000000 |             77.625 |                  0 | 44.495000000000005
 AAAAAAAAABAAAAAA |  8.0000000000000000 |             139.42 |             663.85 |             129.66
 AAAAAAAAABABAAAA | 28.0000000000000000 |              82.79 |                  0 |              61.26
 AAAAAAAAABADAAAA | 54.0000000000000000 |               8.94 |                  0 |               0.35
 AAAAAAAAABAEAAAA | 93.0000000000000000 |               9.53 |                  0 |               7.14
 AAAAAAAAABBDAAAA | 45.5000000000000000 |            70.6675 |            131.265 |            25.7725
 AAAAAAAAABCBAAAA | 89.0000000000000000 |              41.17 |                  0 |              14.82
 AAAAAAAAABCCAAAA | 64.0000000000000000 |             190.59 |                  0 |             156.28
 AAAAAAAAABCEAAAA |  3.0000000000000000 |              24.06 |                  0 |              15.63
 AAAAAAAAABDBAAAA | 66.0000000000000000 |             117.27 |                  0 |              68.01
 AAAAAAAAABDDAAAA | 47.3333333333333333 |  93.58333333333333 |                  0 |  68.20666666666666
 AAAAAAAAABECAAAA | 72.0000000000000000 |              86.08 |  642.6933333333333 |  63.74333333333334
 AAAAAAAAABFBAAAA | 70.5000000000000000 |              89.14 |                  0 |             67.215
 AAAAAAAAABFCAAAA | 59.6666666666666667 | 101.45333333333333 |             640.24 | 17.233333333333334
 AAAAAAAAABGBAAAA | 33.0000000000000000 |              24.81 |             255.02 |              22.08
 AAAAAAAAABHAAAAA |  4.0000000000000000 |              47.65 |                  0 |               5.71
 AAAAAAAAABHCAAAA | 78.0000000000000000 |              23.02 |                  0 |               0.69
 AAAAAAAAABHDAAAA | 58.0000000000000000 |              69.83 |                  0 |              20.94
 AAAAAAAAABIBAAAA | 52.0000000000000000 |             110.97 |                  0 |              38.25
 AAAAAAAAABJBAAAA |  5.0000000000000000 |             102.63 |                  0 |              76.97
 AAAAAAAAABJDAAAA | 71.0000000000000000 |              70.65 |            232.925 |             26.105
 AAAAAAAAABLBAAAA | 82.0000000000000000 |              60.69 |           1357.945 |              24.92
 AAAAAAAAABMAAAAA | 51.0000000000000000 |              51.98 |                  0 |               39.5
 AAAAAAAAABMBAAAA | 67.0000000000000000 |              71.07 |                  0 |               33.4
 AAAAAAAAABNAAAAA | 16.0000000000000000 |              95.78 |                  0 |              11.49
 AAAAAAAAABNCAAAA | 98.0000000000000000 |              43.75 |             133.59 |               5.68
 AAAAAAAAABPAAAAA | 33.0000000000000000 |               5.38 |                  0 |               3.12
 AAAAAAAAABPBAAAA | 64.0000000000000000 |               91.5 |             1052.9 |              53.07
 AAAAAAAAABPDAAAA | 76.0000000000000000 |              76.86 |                  0 |              29.97
 AAAAAAAAACACAAAA | 35.5000000000000000 |             71.195 |            2037.88 | 60.214999999999996
 AAAAAAAAACADAAAA | 53.0000000000000000 |              10.95 |                  0 |               3.61
 AAAAAAAAACBBAAAA | 64.0000000000000000 |             62.855 |                  0 | 21.990000000000002
 AAAAAAAAACBCAAAA | 73.0000000000000000 |             61.675 |              99.51 |              10.09
 AAAAAAAAACBEAAAA | 55.0000000000000000 |                5.5 |                  0 |                2.2
 AAAAAAAAACCBAAAA | 68.0000000000000000 |              30.82 |                  0 |              14.48
 AAAAAAAAACCDAAAA |  8.0000000000000000 |              90.22 |                  0 |              30.67
 AAAAAAAAACDAAAAA |  6.0000000000000000 |             124.78 |                  0 |              32.44
 AAAAAAAAACEBAAAA | 25.0000000000000000 | 63.076666666666675 |                  0 |              24.26
 AAAAAAAAACECAAAA | 53.0000000000000000 |             124.33 |                  0 |              78.32
 AAAAAAAAACEEAAAA | 49.0000000000000000 |              74.57 |                  0 |              12.67
 AAAAAAAAACFDAAAA | 19.0000000000000000 |             105.47 |             287.52 |              36.91
 AAAAAAAAACGDAAAA | 61.5000000000000000 |              69.98 |                  0 |             11.055
 AAAAAAAAACHBAAAA | 41.0000000000000000 |              50.29 |                 34 |              27.65
 AAAAAAAAACHCAAAA | 32.0000000000000000 | 46.730000000000004 |                  0 |             27.095
 AAAAAAAAACIAAAAA | 53.0000000000000000 |              89.18 |                  0 |              71.34
 AAAAAAAAACIBAAAA | 12.0000000000000000 |              81.21 |                  0 |              17.05
 AAAAAAAAACIDAAAA | 59.5000000000000000 |            149.665 |           5120.165 |              92.67
 AAAAAAAAACJAAAAA | 96.0000000000000000 |             125.06 |                  0 |              46.27
 AAAAAAAAACJCAAAA |                     |                    |              28.86 |                   
 AAAAAAAAACJDAAAA | 73.5000000000000000 |  55.31999999999999 |                  0 |              20.69
 AAAAAAAAACKCAAAA | 85.0000000000000000 |              109.7 |                  0 |              55.94
 AAAAAAAAACLDAAAA | 23.0000000000000000 |             109.88 |            1201.15 |             106.58
 AAAAAAAAACMAAAAA | 47.0000000000000000 |              30.84 |                  0 |              26.52
 AAAAAAAAACMDAAAA | 93.0000000000000000 |              25.87 |             420.52 |              19.66
 AAAAAAAAACNCAAAA | 57.0000000000000000 |             100.52 |                  0 |             100.52
 AAAAAAAAACOBAAAA | 55.3333333333333333 |  93.69666666666667 | 157.49666666666667 |              49.79
 AAAAAAAAACODAAAA | 99.0000000000000000 |              99.79 |                  0 |              24.94
 AAAAAAAAACPCAAAA | 17.0000000000000000 |              24.03 |                  0 |              23.06
 AAAAAAAAACPDAAAA | 64.0000000000000000 |            122.485 |                  0 |             61.835
 AAAAAAAAADACAAAA | 34.0000000000000000 |             150.89 |                  0 |              28.66
 AAAAAAAAADAEAAAA | 68.6666666666666667 |  69.09666666666668 | 21.296666666666667 |  34.61666666666667
 AAAAAAAAADBBAAAA |  5.0000000000000000 |             146.65 |                  0 |             140.78
 AAAAAAAAADBDAAAA | 72.0000000000000000 |              21.18 |                  0 |               6.35
 AAAAAAAAADEAAAAA | 92.0000000000000000 |             110.88 |                  0 |               76.5
 AAAAAAAAADEBAAAA | 54.5000000000000000 | 114.17499999999998 |                  0 |              50.55
 AAAAAAAAADFAAAAA | 14.0000000000000000 |              36.06 |                  0 |              30.65
 AAAAAAAAADFDAAAA | 57.5000000000000000 |             65.055 |              17.21 |              11.02
 AAAAAAAAADGCAAAA | 72.0000000000000000 |              17.01 |             782.25 |              13.09
 AAAAAAAAADIAAAAA | 23.0000000000000000 |              86.99 |                  0 |              40.88
 AAAAAAAAADIDAAAA | 20.0000000000000000 |             122.77 |                  0 |              63.84
(100 rows)

UPDATE time_statistics SET e_time = TRANSACTION_TIMESTAMP() WHERE template = 'query7.tpl' AND stream = 7;
psql:/tmp/s1-basline/throughput/query_7.sql:3033: NOTICE:  duration: 0.093 ms  plan:
Query Text: UPDATE time_statistics SET e_time = TRANSACTION_TIMESTAMP() WHERE template = 'query7.tpl' AND stream = 7;
Update on time_statistics  (cost=0.00..20.59 rows=0 width=0) (actual time=0.092..0.092 rows=0 loops=1)
  ->  Seq Scan on time_statistics  (cost=0.00..20.59 rows=1 width=14) (actual time=0.077..0.077 rows=1 loops=1)
        Filter: ((template = 'query7.tpl'::text) AND (stream = 7))
        Rows Removed by Filter: 658
UPDATE 1
LOAD 'auto_explain'; SET auto_explain.log_min_duration TO 0; SET auto_explain.log_analyze TO on; SET auto_explain.log_level TO notice; INSERT INTO time_statistics (template, s_time, stream, query, seed) VALUES ('query73.tpl', TRANSACTION_TIMESTAMP(), 7, 64, 644903752);
LOAD
SET
SET
SET
psql:/tmp/s1-basline/throughput/query_7.sql:3034: NOTICE:  duration: 0.009 ms  plan:
Query Text: INSERT INTO time_statistics (template, s_time, stream, query, seed) VALUES ('query73.tpl', TRANSACTION_TIMESTAMP(), 7, 64, 644903752);
Insert on time_statistics  (cost=0.00..0.01 rows=0 width=0) (actual time=0.008..0.008 rows=0 loops=1)
  ->  Result  (cost=0.00..0.01 rows=1 width=64) (actual time=0.001..0.001 rows=1 loops=1)
INSERT 0 1
select c_last_name
       ,c_first_name
       ,c_salutation
       ,c_preferred_cust_flag 
       ,ss_ticket_number
       ,cnt from
   (select ss_ticket_number
          ,ss_customer_sk
          ,count(*) cnt
    from store_sales,date_dim,store,household_demographics
    where store_sales.ss_sold_date_sk = date_dim.d_date_sk
    and store_sales.ss_store_sk = store.s_store_sk  
    and store_sales.ss_hdemo_sk = household_demographics.hd_demo_sk
    and date_dim.d_dom between 1 and 2 
    and (household_demographics.hd_buy_potential = '>10000' or
         household_demographics.hd_buy_potential = '0-500')
    and household_demographics.hd_vehicle_count > 0
    and case when household_demographics.hd_vehicle_count > 0 then 
             household_demographics.hd_dep_count/ household_demographics.hd_vehicle_count else null end > 1
    and date_dim.d_year in (1999,1999+1,1999+2)
    and store.s_county in ('Williamson County','Williamson County','Williamson County','Williamson County')
    group by ss_ticket_number,ss_customer_sk) dj,customer
    where ss_customer_sk = c_customer_sk
      and cnt between 1 and 5
    order by cnt desc, c_last_name asc;
psql:/tmp/s1-basline/throughput/query_7.sql:3059: NOTICE:  duration: 191.506 ms  plan:
Query Text: select c_last_name
       ,c_first_name
       ,c_salutation
       ,c_preferred_cust_flag 
       ,ss_ticket_number
       ,cnt from
   (select ss_ticket_number
          ,ss_customer_sk
          ,count(*) cnt
    from store_sales,date_dim,store,household_demographics
    where store_sales.ss_sold_date_sk = date_dim.d_date_sk
    and store_sales.ss_store_sk = store.s_store_sk  
    and store_sales.ss_hdemo_sk = household_demographics.hd_demo_sk
    and date_dim.d_dom between 1 and 2 
    and (household_demographics.hd_buy_potential = '>10000' or
         household_demographics.hd_buy_potential = '0-500')
    and household_demographics.hd_vehicle_count > 0
    and case when household_demographics.hd_vehicle_count > 0 then 
             household_demographics.hd_dep_count/ household_demographics.hd_vehicle_count else null end > 1
    and date_dim.d_year in (1999,1999+1,1999+2)
    and store.s_county in ('Williamson County','Williamson County','Williamson County','Williamson County')
    group by ss_ticket_number,ss_customer_sk) dj,customer
    where ss_customer_sk = c_customer_sk
      and cnt between 1 and 5
    order by cnt desc, c_last_name asc;
Sort  (cost=75766.99..75767.04 rows=19 width=81) (actual time=191.493..191.495 rows=3 loops=1)
  Sort Key: (count(*)) DESC, customer.c_last_name
  Sort Method: quicksort  Memory: 25kB
  ->  Nested Loop  (cost=75714.80..75766.59 rows=19 width=81) (actual time=190.137..191.486 rows=3 loops=1)
        ->  GroupAggregate  (cost=75714.51..75718.71 rows=19 width=24) (actual time=190.006..191.448 rows=77 loops=1)
              Group Key: store_sales.ss_ticket_number, store_sales.ss_customer_sk
              Filter: ((count(*) >= 1) AND (count(*) <= 5))
              Rows Removed by Filter: 984
              ->  Sort  (cost=75714.51..75714.93 rows=168 width=16) (actual time=189.991..190.402 rows=10816 loops=1)
                    Sort Key: store_sales.ss_ticket_number, store_sales.ss_customer_sk
                    Sort Method: quicksort  Memory: 975kB
                    ->  Nested Loop  (cost=0.71..75708.30 rows=168 width=16) (actual time=4.750..187.921 rows=10816 loops=1)
                          Join Filter: (store_sales.ss_store_sk = store.s_store_sk)
                          Rows Removed by Join Filter: 49322
                          ->  Nested Loop  (cost=0.71..75677.54 rows=176 width=24) (actual time=4.744..180.955 rows=10957 loops=1)
                                ->  Nested Loop  (cost=0.43..74820.03 rows=2722 width=32) (actual time=4.680..51.459 rows=107727 loops=1)
                                      ->  Seq Scan on date_dim  (cost=0.00..2774.67 rows=72 width=8) (actual time=4.670..9.707 rows=72 loops=1)
                                            Filter: ((d_dom >= 1) AND (d_dom <= 2) AND (d_year = ANY ('{1999,2000,2001}'::integer[])))
                                            Rows Removed by Filter: 72977
                                      ->  Index Scan using i_ss_sold_date_sk on store_sales  (cost=0.43..985.48 rows=1515 width=40) (actual time=0.006..0.395 rows=1496 loops=72)
                                            Index Cond: (ss_sold_date_sk = date_dim.d_date_sk)
                                ->  Index Scan using pk_household_demographics on household_demographics  (cost=0.28..0.32 rows=1 width=8) (actual time=0.001..0.001 rows=0 loops=107727)
                                      Index Cond: (hd_demo_sk = store_sales.ss_hdemo_sk)
                                      Filter: ((hd_vehicle_count > 0) AND ((hd_buy_potential = '>10000'::bpchar) OR (hd_buy_potential = '0-500'::bpchar)) AND (CASE WHEN (hd_vehicle_count > 0) THEN (hd_dep_count / hd_vehicle_count) ELSE NULL::integer END > 1))
                                      Rows Removed by Filter: 1
                          ->  Materialize  (cost=0.00..1.24 rows=12 width=8) (actual time=0.000..0.000 rows=5 loops=10957)
                                ->  Seq Scan on store  (cost=0.00..1.18 rows=12 width=8) (actual time=0.003..0.008 rows=12 loops=1)
                                      Filter: ((s_county)::text = ANY ('{"Williamson County","Williamson County","Williamson County","Williamson County"}'::text[]))
        ->  Index Scan using pk_customer on customer  (cost=0.29..2.51 rows=1 width=73) (actual time=0.000..0.000 rows=0 loops=77)
              Index Cond: (c_customer_sk = store_sales.ss_customer_sk)
          c_last_name           |     c_first_name     | c_salutation | c_preferred_cust_flag | ss_ticket_number | cnt 
--------------------------------+----------------------+--------------+-----------------------+------------------+-----
 Frazier                        | Eva                  | Miss         | N                     |           236424 |   5
 Gonzalez                       | Evelyn               | Dr.          | N                     |           161006 |   5
 Murphy                         | Herman               | Dr.          | Y                     |            21048 |   5
(3 rows)

UPDATE time_statistics SET e_time = TRANSACTION_TIMESTAMP() WHERE template = 'query73.tpl' AND stream = 7;
psql:/tmp/s1-basline/throughput/query_7.sql:3061: NOTICE:  duration: 0.096 ms  plan:
Query Text: UPDATE time_statistics SET e_time = TRANSACTION_TIMESTAMP() WHERE template = 'query73.tpl' AND stream = 7;
Update on time_statistics  (cost=0.00..20.59 rows=0 width=0) (actual time=0.096..0.096 rows=0 loops=1)
  ->  Seq Scan on time_statistics  (cost=0.00..20.59 rows=1 width=14) (actual time=0.081..0.081 rows=1 loops=1)
        Filter: ((template = 'query73.tpl'::text) AND (stream = 7))
        Rows Removed by Filter: 659
UPDATE 1
LOAD 'auto_explain'; SET auto_explain.log_min_duration TO 0; SET auto_explain.log_analyze TO on; SET auto_explain.log_level TO notice; INSERT INTO time_statistics (template, s_time, stream, query, seed) VALUES ('query89.tpl', TRANSACTION_TIMESTAMP(), 7, 65, 2027015419);
LOAD
SET
SET
SET
psql:/tmp/s1-basline/throughput/query_7.sql:3062: NOTICE:  duration: 0.009 ms  plan:
Query Text: INSERT INTO time_statistics (template, s_time, stream, query, seed) VALUES ('query89.tpl', TRANSACTION_TIMESTAMP(), 7, 65, 2027015419);
Insert on time_statistics  (cost=0.00..0.01 rows=0 width=0) (actual time=0.009..0.009 rows=0 loops=1)
  ->  Result  (cost=0.00..0.01 rows=1 width=64) (actual time=0.001..0.002 rows=1 loops=1)
INSERT 0 1
select  *
from(
select i_category, i_class, i_brand,
       s_store_name, s_company_name,
       d_moy,
       sum(ss_sales_price) sum_sales,
       avg(sum(ss_sales_price)) over
         (partition by i_category, i_brand, s_store_name, s_company_name)
         avg_monthly_sales
from item, store_sales, date_dim, store
where ss_item_sk = i_item_sk and
      ss_sold_date_sk = d_date_sk and
      ss_store_sk = s_store_sk and
      d_year in (2002) and
        ((i_category in ('Home','Electronics','Shoes') and
          i_class in ('kids','camcorders','athletic')
         )
      or (i_category in ('Books','Men','Music') and
          i_class in ('sports','sports-apparel','rock') 
        ))
group by i_category, i_class, i_brand,
         s_store_name, s_company_name, d_moy) tmp1
where case when (avg_monthly_sales <> 0) then (abs(sum_sales - avg_monthly_sales) / avg_monthly_sales) else null end > 0.1
order by sum_sales - avg_monthly_sales, s_store_name
limit 100;
psql:/tmp/s1-basline/throughput/query_7.sql:3087: NOTICE:  duration: 682.892 ms  plan:
Query Text: select  *
from(
select i_category, i_class, i_brand,
       s_store_name, s_company_name,
       d_moy,
       sum(ss_sales_price) sum_sales,
       avg(sum(ss_sales_price)) over
         (partition by i_category, i_brand, s_store_name, s_company_name)
         avg_monthly_sales
from item, store_sales, date_dim, store
where ss_item_sk = i_item_sk and
      ss_sold_date_sk = d_date_sk and
      ss_store_sk = s_store_sk and
      d_year in (2002) and
        ((i_category in ('Home','Electronics','Shoes') and
          i_class in ('kids','camcorders','athletic')
         )
      or (i_category in ('Books','Men','Music') and
          i_class in ('sports','sports-apparel','rock') 
        ))
group by i_category, i_class, i_brand,
         s_store_name, s_company_name, d_moy) tmp1
where case when (avg_monthly_sales <> 0) then (abs(sum_sales - avg_monthly_sales) / avg_monthly_sales) else null end > 0.1
order by sum_sales - avg_monthly_sales, s_store_name
limit 100;
Limit  (cost=76752.43..76752.68 rows=100 width=194) (actual time=682.788..682.802 rows=100 loops=1)
  ->  Sort  (cost=76752.43..76752.80 rows=148 width=194) (actual time=682.787..682.795 rows=100 loops=1)
        Sort Key: ((tmp1.sum_sales - tmp1.avg_monthly_sales)), tmp1.s_store_name
        Sort Method: top-N heapsort  Memory: 69kB
        ->  Subquery Scan on tmp1  (cost=76690.43..76747.09 rows=148 width=194) (actual time=649.444..682.016 rows=2528 loops=1)
              Filter: (CASE WHEN (tmp1.avg_monthly_sales <> '0'::double precision) THEN (abs((tmp1.sum_sales - tmp1.avg_monthly_sales)) / tmp1.avg_monthly_sales) ELSE NULL::double precision END > '0.1'::double precision)
              Rows Removed by Filter: 177
              ->  WindowAgg  (cost=76690.43..76736.76 rows=443 width=186) (actual time=649.442..681.628 rows=2705 loops=1)
                    ->  Incremental Sort  (cost=76690.43..76726.79 rows=443 width=178) (actual time=649.428..679.836 rows=2705 loops=1)
                          Sort Key: item.i_category, item.i_brand, store.s_store_name, store.s_company_name
                          Presorted Key: item.i_category
                          Full-sort Groups: 6  Sort Method: quicksort  Average Memory: 39kB  Peak Memory: 39kB
                          Pre-sorted Groups: 6  Sort Method: quicksort  Average Memory: 202kB  Peak Memory: 219kB
                          ->  GroupAggregate  (cost=76687.09..76700.38 rows=443 width=178) (actual time=647.748..678.318 rows=2705 loops=1)
                                Group Key: item.i_category, item.i_class, item.i_brand, store.s_store_name, store.s_company_name, date_dim.d_moy
                                ->  Sort  (cost=76687.09..76688.20 rows=443 width=178) (actual time=647.736..651.101 rows=62969 loops=1)
                                      Sort Key: item.i_category, item.i_class, item.i_brand, store.s_store_name, store.s_company_name, date_dim.d_moy
                                      Sort Method: quicksort  Memory: 15302kB
                                      ->  Nested Loop  (cost=0.73..76667.62 rows=443 width=178) (actual time=0.069..494.577 rows=62969 loops=1)
                                            Join Filter: (store_sales.ss_store_sk = store.s_store_sk)
                                            Rows Removed by Join Filter: 290024
                                            ->  Nested Loop  (cost=0.73..76588.41 rows=465 width=173) (actual time=0.038..449.376 rows=64496 loops=1)
                                                  ->  Nested Loop  (cost=0.43..73568.31 rows=97961 width=177) (actual time=0.019..349.660 rows=329307 loops=1)
                                                        ->  Seq Scan on item  (cost=0.00..1706.00 rows=610 width=161) (actual time=0.009..15.081 rows=2061 loops=1)
                                                              Filter: (((i_category = ANY ('{Home,Electronics,Shoes}'::bpchar[])) AND (i_class = ANY ('{kids,camcorders,athletic}'::bpchar[]))) OR ((i_category = ANY ('{Books,Men,Music}'::bpchar[])) AND (i_class = ANY ('{sports,sports-apparel,rock}'::bpchar[]))))
                                                              Rows Removed by Filter: 15939
                                                        ->  Index Scan using pk_store_sales on store_sales  (cost=0.43..116.06 rows=175 width=32) (actual time=0.005..0.139 rows=160 loops=2061)
                                                              Index Cond: (ss_item_sk = item.i_item_sk)
                                                  ->  Memoize  (cost=0.30..0.32 rows=1 width=12) (actual time=0.000..0.000 rows=0 loops=329307)
                                                        Cache Key: store_sales.ss_sold_date_sk
                                                        Cache Mode: logical
                                                        Hits: 327501  Misses: 1806  Evictions: 0  Overflows: 0  Memory Usage: 144kB
                                                        ->  Index Scan using pk_date_dim on date_dim  (cost=0.29..0.31 rows=1 width=12) (actual time=0.001..0.001 rows=0 loops=1806)
                                                              Index Cond: (d_date_sk = store_sales.ss_sold_date_sk)
                                                              Filter: (d_year = 2002)
                                                              Rows Removed by Filter: 1
                                            ->  Materialize  (cost=0.00..1.18 rows=12 width=21) (actual time=0.000..0.000 rows=5 loops=64496)
                                                  ->  Seq Scan on store  (cost=0.00..1.12 rows=12 width=21) (actual time=0.002..0.005 rows=12 loops=1)
                     i_category                     |                      i_class                       |                      i_brand                       | s_store_name | s_company_name | d_moy |     sum_sales      | avg_monthly_sales  
----------------------------------------------------+----------------------------------------------------+----------------------------------------------------+--------------+----------------+-------+--------------------+--------------------
 Music                                              | rock                                               | amalgscholar #2                                    | ese          | Unknown        |     3 | 1815.8700000000003 |  5049.910833333332
 Men                                                | sports-apparel                                     | edu packimporto #2                                 | eing         | Unknown        |     2 |            1282.77 |  4477.343333333333
 Music                                              | rock                                               | amalgscholar #2                                    | ation        | Unknown        |     3 | 2002.9900000000002 |  5040.452499999999
 Music                                              | rock                                               | amalgscholar #2                                    | able         | Unknown        |     6 |  2169.350000000001 |  5203.940833333334
 Music                                              | rock                                               | amalgscholar #2                                    | ese          | Unknown        |     2 |            2424.86 |  5049.910833333332
 Music                                              | rock                                               | amalgscholar #2                                    | eing         | Unknown        |     2 |            2398.97 |  4987.363333333333
 Shoes                                              | athletic                                           | edu packedu pack #2                                | eing         | Unknown        |     1 | 2030.3999999999999 |  4606.259166666667
 Music                                              | rock                                               | amalgscholar #2                                    | ation        | Unknown        |     2 | 2473.3599999999997 |  5040.452499999999
 Shoes                                              | kids                                               | exportiedu pack #2                                 | ation        | Unknown        |     2 |            1751.17 |  4313.575833333334
 Men                                                | sports-apparel                                     | edu packimporto #2                                 | bar          | Unknown        |     4 | 2098.9099999999994 |  4637.302500000001
 Shoes                                              | kids                                               | exportiedu pack #2                                 | eing         | Unknown        |     6 | 2106.3199999999997 |  4627.928333333334
 Music                                              | rock                                               | amalgscholar #2                                    | ought        | Unknown        |     7 |  2518.359999999999 |  5030.725833333335
 Men                                                | sports-apparel                                     | edu packimporto #2                                 | bar          | Unknown        |     2 | 2135.1099999999997 |  4637.302500000001
 Men                                                | sports-apparel                                     | edu packimporto #2                                 | ese          | Unknown        |     6 | 1889.7799999999993 |  4374.516666666666
 Music                                              | rock                                               | amalgscholar #2                                    | ought        | Unknown        |     2 | 2557.2100000000014 |  5030.725833333335
 Shoes                                              | kids                                               | exportiedu pack #2                                 | able         | Unknown        |     6 |            1901.63 | 4351.2424999999985
 Shoes                                              | athletic                                           | edu packedu pack #2                                | ation        | Unknown        |     4 | 2052.9899999999993 |  4497.690833333332
 Music                                              | rock                                               | amalgscholar #2                                    | bar          | Unknown        |     5 | 2687.1199999999994 |  5121.965833333332
 Music                                              | rock                                               | amalgscholar #2                                    | bar          | Unknown        |     6 | 2702.2399999999993 |  5121.965833333332
 Men                                                | sports-apparel                                     | edu packimporto #2                                 | ought        | Unknown        |     2 |            2177.33 |           4565.385
 Music                                              | rock                                               | amalgscholar #2                                    | able         | Unknown        |     4 |  2817.210000000001 |  5203.940833333334
 Shoes                                              | kids                                               | exportiedu pack #2                                 | ese          | Unknown        |     6 | 2360.7499999999986 |           4746.315
 Shoes                                              | athletic                                           | edu packedu pack #2                                | able         | Unknown        |     5 | 2211.4599999999996 |  4568.714166666666
 Men                                                | sports-apparel                                     | edu packimporto #2                                 | bar          | Unknown        |     1 | 2287.9200000000005 |  4637.302500000001
 Shoes                                              | athletic                                           | edu packedu pack #2                                | able         | Unknown        |     4 | 2228.6200000000003 |  4568.714166666666
 Shoes                                              | athletic                                           | edu packedu pack #2                                | eing         | Unknown        |     2 |            2314.11 |  4606.259166666667
 Music                                              | rock                                               | amalgscholar #2                                    | bar          | Unknown        |     1 | 2849.8399999999992 |  5121.965833333332
 Men                                                | sports-apparel                                     | edu packimporto #2                                 | ought        | Unknown        |     7 |  2305.690000000001 |           4565.385
 Shoes                                              | athletic                                           | edu packedu pack #2                                | ese          | Unknown        |     6 | 2333.5199999999995 |  4584.913333333334
 Music                                              | rock                                               | amalgscholar #2                                    | ation        | Unknown        |     4 | 2789.9600000000005 |  5040.452499999999
 Music                                              | rock                                               | amalgscholar #2                                    | ought        | Unknown        |     6 | 2795.1900000000005 |  5030.725833333335
 Shoes                                              | athletic                                           | edu packedu pack #2                                | ought        | Unknown        |     3 | 2930.6099999999997 |  5160.575833333333
 Shoes                                              | kids                                               | exportiedu pack #2                                 | eing         | Unknown        |     2 |            2403.03 |  4627.928333333334
 Shoes                                              | athletic                                           | edu packedu pack #2                                | ought        | Unknown        |     4 |            2941.81 |  5160.575833333333
 Shoes                                              | athletic                                           | edu packedu pack #2                                | ought        | Unknown        |     6 |            2944.05 |  5160.575833333333
 Shoes                                              | kids                                               | exportiedu pack #2                                 | ought        | Unknown        |     4 |            2288.56 |  4501.339166666668
 Shoes                                              | athletic                                           | edu packedu pack #2                                | able         | Unknown        |     6 |            2363.02 |  4568.714166666666
 Music                                              | rock                                               | amalgscholar #2                                    | able         | Unknown        |     3 |            3007.51 |  5203.940833333334
 Men                                                | sports-apparel                                     | edu packimporto #2                                 | ation        | Unknown        |     5 |            2290.79 |  4476.025833333335
 Men                                                | sports-apparel                                     | edu packimporto #2                                 | ation        | Unknown        |     2 | 2291.2500000000005 |  4476.025833333335
 Men                                                | sports-apparel                                     | edu packimporto #2                                 | eing         | Unknown        |     5 |  2301.009999999999 |  4477.343333333333
 Shoes                                              | athletic                                           | edu packedu pack #2                                | able         | Unknown        |     7 | 2407.6499999999987 |  4568.714166666666
 Shoes                                              | kids                                               | exportiedu pack #2                                 | ation        | Unknown        |     6 | 2154.0799999999995 |  4313.575833333334
 Shoes                                              | athletic                                           | edu packedu pack #2                                | ought        | Unknown        |     2 |            3001.18 |  5160.575833333333
 Music                                              | rock                                               | amalgscholar #2                                    | eing         | Unknown        |     6 |  2832.989999999998 |  4987.363333333333
 Shoes                                              | athletic                                           | edu packedu pack #2                                | ought        | Unknown        |     7 |  3006.260000000001 |  5160.575833333333
 Music                                              | rock                                               | amalgscholar #2                                    | ought        | Unknown        |     4 | 2887.7200000000007 |  5030.725833333335
 Shoes                                              | kids                                               | exportiedu pack #2                                 | ought        | Unknown        |     3 |            2369.82 |  4501.339166666668
 Music                                              | rock                                               | amalgscholar #2                                    | able         | Unknown        |     5 | 3077.9499999999994 |  5203.940833333334
 Men                                                | sports-apparel                                     | edu packimporto #2                                 | able         | Unknown        |     6 |            2088.95 |  4213.274999999999
 Shoes                                              | kids                                               | exportiedu pack #2                                 | bar          | Unknown        |     6 | 2104.4500000000003 |  4226.655833333333
 Men                                                | sports-apparel                                     | edu packimporto #2                                 | ese          | Unknown        |     3 |  2257.459999999999 |  4374.516666666666
 Men                                                | sports-apparel                                     | edu packimporto #2                                 | ation        | Unknown        |     6 |  2359.330000000001 |  4476.025833333335
 Men                                                | sports-apparel                                     | edu packimporto #2                                 | able         | Unknown        |     3 |            2110.15 |  4213.274999999999
 Men                                                | sports-apparel                                     | edu packimporto #2                                 | bar          | Unknown        |     5 |            2545.28 |  4637.302500000001
 Shoes                                              | kids                                               | exportiedu pack #2                                 | ese          | Unknown        |     1 |  2655.299999999999 |           4746.315
 Shoes                                              | athletic                                           | edu packedu pack #2                                | eing         | Unknown        |     6 |            2516.53 |  4606.259166666667
 Shoes                                              | athletic                                           | edu packedu pack #2                                | ese          | Unknown        |     4 |            2501.68 |  4584.913333333334
 Shoes                                              | athletic                                           | edu packedu pack #2                                | ese          | Unknown        |     7 | 2502.5299999999997 |  4584.913333333334
 Shoes                                              | athletic                                           | edu packedu pack #2                                | bar          | Unknown        |     7 |            2395.93 |  4476.155833333335
 Shoes                                              | athletic                                           | edu packedu pack #2                                | ese          | Unknown        |     3 |            2525.02 |  4584.913333333334
 Shoes                                              | kids                                               | exportiedu pack #2                                 | ese          | Unknown        |     2 |            2699.46 |           4746.315
 Shoes                                              | kids                                               | exportiedu pack #2                                 | ese          | Unknown        |     7 |  2707.520000000001 |           4746.315
 Shoes                                              | kids                                               | exportiedu pack #2                                 | able         | Unknown        |     5 | 2316.0199999999995 | 4351.2424999999985
 Shoes                                              | athletic                                           | edu packedu pack #2                                | ese          | Unknown        |     2 | 2553.5000000000005 |  4584.913333333334
 Shoes                                              | kids                                               | exportiedu pack #2                                 | ought        | Unknown        |     5 | 2471.3300000000004 |  4501.339166666668
 Men                                                | sports-apparel                                     | edu packimporto #2                                 | able         | Unknown        |     7 |            2194.95 |  4213.274999999999
 Shoes                                              | athletic                                           | edu packedu pack #2                                | eing         | Unknown        |     7 |            2591.25 |  4606.259166666667
 Men                                                | sports-apparel                                     | edu packimporto #2                                 | bar          | Unknown        |     6 |  2623.850000000001 |  4637.302500000001
 Men                                                | sports-apparel                                     | edu packimporto #2                                 | eing         | Unknown        |     3 | 2463.9200000000005 |  4477.343333333333
 Men                                                | sports-apparel                                     | edu packimporto #2                                 | ese          | Unknown        |     2 |               2369 |  4374.516666666666
 Shoes                                              | kids                                               | exportiedu pack #2                                 | ese          | Unknown        |     5 |            2742.76 |           4746.315
 Shoes                                              | athletic                                           | edu packedu pack #2                                | ation        | Unknown        |     5 | 2499.8799999999997 |  4497.690833333332
 Music                                              | rock                                               | amalgscholar #2                                    | ought        | Unknown        |     5 | 3041.0199999999986 |  5030.725833333335
 Shoes                                              | kids                                               | exportiedu pack #2                                 | bar          | Unknown        |     2 | 2240.1500000000015 |  4226.655833333333
 Shoes                                              | athletic                                           | edu packedu pack #2                                | ese          | Unknown        |     1 | 2600.0200000000004 |  4584.913333333334
 Shoes                                              | athletic                                           | edu packedu pack #2                                | ese          | Unknown        |     5 |  2600.830000000001 |  4584.913333333334
 Music                                              | rock                                               | amalgscholar #2                                    | ought        | Unknown        |     3 |            3049.33 |  5030.725833333335
 Music                                              | rock                                               | amalgscholar #2                                    | able         | Unknown        |     2 |            3223.46 |  5203.940833333334
 Shoes                                              | kids                                               | exportiedu pack #2                                 | ese          | Unknown        |     3 |  2771.979999999999 |           4746.315
 Shoes                                              | kids                                               | exportiedu pack #2                                 | ought        | Unknown        |     7 |            2532.01 |  4501.339166666668
 Men                                                | sports-apparel                                     | edu packimporto #2                                 | ought        | Unknown        |     4 | 2596.3399999999997 |           4565.385
 Shoes                                              | athletic                                           | edu packedu pack #2                                | ation        | Unknown        |     3 |            2537.83 |  4497.690833333332
 Shoes                                              | kids                                               | exportiedu pack #2                                 | ese          | Unknown        |     4 | 2792.2000000000007 |           4746.315
 Shoes                                              | kids                                               | exportiedu pack #2                                 | ought        | Unknown        |     2 | 2549.8100000000004 |  4501.339166666668
 Shoes                                              | athletic                                           | edu packedu pack #2                                | ation        | Unknown        |     6 | 2548.0299999999997 |  4497.690833333332
 Shoes                                              | kids                                               | exportiedu pack #2                                 | able         | Unknown        |     3 | 2402.4299999999994 | 4351.2424999999985
 Shoes                                              | kids                                               | exportiedu pack #2                                 | eing         | Unknown        |     4 |  2719.709999999999 |  4627.928333333334
 Men                                                | sports-apparel                                     | edu packimporto #2                                 | ation        | Unknown        |     7 |             2571.5 |  4476.025833333335
 Men                                                | sports-apparel                                     | edu packimporto #2                                 | bar          | Unknown        |     7 |  2732.859999999999 |  4637.302500000001
 Shoes                                              | athletic                                           | edu packedu pack #2                                | eing         | Unknown        |     4 |  2710.150000000001 |  4606.259166666667
 Music                                              | rock                                               | amalgscholar #2                                    | ese          | Unknown        |     6 |            3169.61 |  5049.910833333332
 Music                                              | rock                                               | amalgscholar #2                                    | bar          | Unknown        |     2 | 3246.1799999999994 |  5121.965833333332
 Music                                              | rock                                               | amalgscholar #2                                    | ation        | Unknown        |     5 |            3172.06 |  5040.452499999999
 Shoes                                              | kids                                               | exportiedu pack #2                                 | eing         | Unknown        |     7 |            2767.22 |  4627.928333333334
 Music                                              | rock                                               | amalgscholar #2                                    | ese          | Unknown        |     4 | 3191.3499999999995 |  5049.910833333332
 Men                                                | sports-apparel                                     | edu packimporto #2                                 | ought        | Unknown        |     5 |            2711.06 |           4565.385
 Shoes                                              | athletic                                           | edu packedu pack #2                                | able         | Unknown        |     3 | 2716.5799999999995 |  4568.714166666666
 Men                                                | sports-apparel                                     | edu packimporto #2                                 | ation        | Unknown        |     4 | 2628.1600000000008 |  4476.025833333335
 Shoes                                              | kids                                               | exportiedu pack #2                                 | ation        | Unknown        |     4 | 2468.4599999999996 |  4313.575833333334
(100 rows)

UPDATE time_statistics SET e_time = TRANSACTION_TIMESTAMP() WHERE template = 'query89.tpl' AND stream = 7;
psql:/tmp/s1-basline/throughput/query_7.sql:3089: NOTICE:  duration: 0.102 ms  plan:
Query Text: UPDATE time_statistics SET e_time = TRANSACTION_TIMESTAMP() WHERE template = 'query89.tpl' AND stream = 7;
Update on time_statistics  (cost=0.00..20.59 rows=0 width=0) (actual time=0.102..0.102 rows=0 loops=1)
  ->  Seq Scan on time_statistics  (cost=0.00..20.59 rows=1 width=14) (actual time=0.087..0.088 rows=1 loops=1)
        Filter: ((template = 'query89.tpl'::text) AND (stream = 7))
        Rows Removed by Filter: 660
UPDATE 1
LOAD 'auto_explain'; SET auto_explain.log_min_duration TO 0; SET auto_explain.log_analyze TO on; SET auto_explain.log_level TO notice; INSERT INTO time_statistics (template, s_time, stream, query, seed) VALUES ('query81.tpl', TRANSACTION_TIMESTAMP(), 7, 66, 1604929103);
LOAD
SET
SET
SET
psql:/tmp/s1-basline/throughput/query_7.sql:3090: NOTICE:  duration: 0.009 ms  plan:
Query Text: INSERT INTO time_statistics (template, s_time, stream, query, seed) VALUES ('query81.tpl', TRANSACTION_TIMESTAMP(), 7, 66, 1604929103);
Insert on time_statistics  (cost=0.00..0.01 rows=0 width=0) (actual time=0.008..0.009 rows=0 loops=1)
  ->  Result  (cost=0.00..0.01 rows=1 width=64) (actual time=0.001..0.002 rows=1 loops=1)
INSERT 0 1
with customer_total_return as
 (select cr_returning_customer_sk as ctr_customer_sk
        ,ca_state as ctr_state, 
 	sum(cr_return_amt_inc_tax) as ctr_total_return
 from catalog_returns
     ,date_dim
     ,customer_address
 where cr_returned_date_sk = d_date_sk 
   and d_year =1998
   and cr_returning_addr_sk = ca_address_sk 
 group by cr_returning_customer_sk
         ,ca_state )
  select  c_customer_id,c_salutation,c_first_name,c_last_name,ca_street_number,ca_street_name
                   ,ca_street_type,ca_suite_number,ca_city,ca_county,ca_state,ca_zip,ca_country,ca_gmt_offset
                  ,ca_location_type,ctr_total_return
 from customer_total_return ctr1
     ,customer_address
     ,customer
 where ctr1.ctr_total_return > (select avg(ctr_total_return)*1.2
 			  from customer_total_return ctr2 
                  	  where ctr1.ctr_state = ctr2.ctr_state)
       and ca_address_sk = c_current_addr_sk
       and ca_state = 'MT'
       and ctr1.ctr_customer_sk = c_customer_sk
 order by c_customer_id,c_salutation,c_first_name,c_last_name,ca_street_number,ca_street_name
                   ,ca_street_type,ca_suite_number,ca_city,ca_county,ca_state,ca_zip,ca_country,ca_gmt_offset
                  ,ca_location_type,ctr_total_return
 limit 100;
psql:/tmp/s1-basline/throughput/query_7.sql:3118: NOTICE:  duration: 12806.022 ms  plan:
Query Text: with customer_total_return as
 (select cr_returning_customer_sk as ctr_customer_sk
        ,ca_state as ctr_state, 
 	sum(cr_return_amt_inc_tax) as ctr_total_return
 from catalog_returns
     ,date_dim
     ,customer_address
 where cr_returned_date_sk = d_date_sk 
   and d_year =1998
   and cr_returning_addr_sk = ca_address_sk 
 group by cr_returning_customer_sk
         ,ca_state )
  select  c_customer_id,c_salutation,c_first_name,c_last_name,ca_street_number,ca_street_name
                   ,ca_street_type,ca_suite_number,ca_city,ca_county,ca_state,ca_zip,ca_country,ca_gmt_offset
                  ,ca_location_type,ctr_total_return
 from customer_total_return ctr1
     ,customer_address
     ,customer
 where ctr1.ctr_total_return > (select avg(ctr_total_return)*1.2
 			  from customer_total_return ctr2 
                  	  where ctr1.ctr_state = ctr2.ctr_state)
       and ca_address_sk = c_current_addr_sk
       and ca_state = 'MT'
       and ctr1.ctr_customer_sk = c_customer_sk
 order by c_customer_id,c_salutation,c_first_name,c_last_name,ca_street_number,ca_street_name
                   ,ca_street_type,ca_suite_number,ca_city,ca_county,ca_state,ca_zip,ca_country,ca_gmt_offset
                  ,ca_location_type,ctr_total_return
 limit 100;
Limit  (cost=16474.79..16474.80 rows=4 width=215) (actual time=12805.941..12805.949 rows=52 loops=1)
  CTE customer_total_return
    ->  GroupAggregate  (cost=4669.41..4683.51 rows=705 width=19) (actual time=36.994..41.689 rows=11687 loops=1)
          Group Key: catalog_returns.cr_returning_customer_sk, customer_address_1.ca_state
          ->  Sort  (cost=4669.41..4671.17 rows=705 width=19) (actual time=36.987..37.647 rows=11843 loops=1)
                Sort Key: catalog_returns.cr_returning_customer_sk, customer_address_1.ca_state
                Sort Method: quicksort  Memory: 1120kB
                ->  Nested Loop  (cost=0.58..4636.06 rows=705 width=19) (actual time=4.033..34.239 rows=11843 loops=1)
                      ->  Nested Loop  (cost=0.29..4407.70 rows=720 width=24) (actual time=4.027..15.849 rows=12107 loops=1)
                            ->  Seq Scan on date_dim  (cost=0.00..2318.11 rows=363 width=8) (actual time=3.996..8.428 rows=365 loops=1)
                                  Filter: (d_year = 1998)
                                  Rows Removed by Filter: 72684
                            ->  Index Scan using i_cr_returned_date_sk on catalog_returns  (cost=0.29..5.04 rows=72 width=32) (actual time=0.001..0.015 rows=33 loops=365)
                                  Index Cond: (cr_returned_date_sk = date_dim.d_date_sk)
                      ->  Index Scan using pk_customer_address on customer_address customer_address_1  (cost=0.29..0.32 rows=1 width=11) (actual time=0.001..0.001 rows=1 loops=12107)
                            Index Cond: (ca_address_sk = catalog_returns.cr_returning_addr_sk)
  ->  Sort  (cost=11791.28..11791.29 rows=4 width=215) (actual time=12805.940..12805.943 rows=52 loops=1)
        Sort Key: customer.c_customer_id, customer.c_salutation, customer.c_first_name, customer.c_last_name, customer_address.ca_street_number, customer_address.ca_street_name, customer_address.ca_street_type, customer_address.ca_suite_number, customer_address.ca_city, customer_address.ca_county, customer_address.ca_zip, customer_address.ca_country, customer_address.ca_gmt_offset, customer_address.ca_location_type, ctr1.ctr_total_return
        Sort Method: quicksort  Memory: 38kB
        ->  Nested Loop  (cost=0.58..11791.24 rows=4 width=215) (actual time=463.324..12805.825 rows=52 loops=1)
              ->  Nested Loop  (cost=0.29..11715.10 rows=235 width=96) (actual time=45.689..12799.831 rows=2919 loops=1)
                    ->  CTE Scan on customer_total_return ctr1  (cost=0.00..11216.55 rows=235 width=16) (actual time=45.681..12791.372 rows=2932 loops=1)
                          Filter: (ctr_total_return > (SubPlan 2))
                          Rows Removed by Filter: 8755
                          SubPlan 2
                            ->  Aggregate  (cost=15.87..15.89 rows=1 width=8) (actual time=1.091..1.091 rows=1 loops=11687)
                                  ->  CTE Scan on customer_total_return ctr2  (cost=0.00..15.86 rows=4 width=8) (actual time=0.028..1.065 rows=338 loops=11687)
                                        Filter: (ctr1.ctr_state = ctr_state)
                                        Rows Removed by Filter: 11349
                    ->  Index Scan using pk_customer on customer  (cost=0.29..2.12 rows=1 width=96) (actual time=0.002..0.002 rows=1 loops=2932)
                          Index Cond: (c_customer_sk = ctr1.ctr_customer_sk)
              ->  Index Scan using pk_customer_address on customer_address  (cost=0.29..0.32 rows=1 width=135) (actual time=0.002..0.002 rows=0 loops=2919)
                    Index Cond: (ca_address_sk = customer.c_current_addr_sk)
                    Filter: (ca_state = 'MT'::bpchar)
                    Rows Removed by Filter: 1
  c_customer_id   | c_salutation |     c_first_name     |          c_last_name           | ca_street_number |   ca_street_name    | ca_street_type  | ca_suite_number |   ca_city    |      ca_county       | ca_state |   ca_zip   |  ca_country   | ca_gmt_offset |   ca_location_type   | ctr_total_return 
------------------+--------------+----------------------+--------------------------------+------------------+---------------------+-----------------+-----------------+--------------+----------------------+----------+------------+---------------+---------------+----------------------+------------------
 AAAAAAAAALOOAAAA | Dr.          | Michael              | Reid                           | 725              | Maple               | Parkway         | Suite Q         | Oakdale      | Valley County        | MT       | 69584      | United States |            -7 | apartment            |          2533.08
 AAAAAAAAAMKKAAAA | Ms.          | Sherry               | Zamora                         | 611              | College             | Cir.            | Suite 330       | Clifford     | Mineral County       | MT       | 68164      | United States |            -7 | single family        |          2178.16
 AAAAAAAABBIBBAAA | Miss         | Dolores              | West                           | 470              | Hill Hillcrest      | Drive           | Suite P         | Springfield  | Musselshell County   | MT       | 69303      | United States |            -7 | condo                |          1835.89
 AAAAAAAABJOMAAAA | Mrs.         | Debbie               | Christensen                    | 515              | Jackson             | Ln              | Suite 360       | Cameron      | Liberty County       | MT       | 67354      | United States |            -7 | condo                |          9236.26
 AAAAAAAABLDDBAAA | Dr.          | Wilfred              | Hatfield                       | 845              | Ridge Hill          | Drive           | Suite 50        | Belmont      | Glacier County       | MT       | 60191      | United States |            -7 | condo                |          3325.95
 AAAAAAAACIGCBAAA | Ms.          | Dorothy              | Schaeffer                      | 406              | Fourth Lincoln      | Cir.            | Suite F         | Riverview    | Wibaux County        | MT       | 69003      | United States |            -7 | single family        |          1726.66
 AAAAAAAADDLNAAAA | Sir          | Roderick             | Welch                          | 888              | Williams Cedar      | Drive           | Suite 80        | Lakeside     | Treasure County      | MT       | 69532      | United States |            -7 | condo                |          2497.63
 AAAAAAAADDMFAAAA | Mr.          | Richard              | Simmons                        | 505              | Sunset Seventh      | Court           | Suite 130       | Hamilton     | Cascade County       | MT       | 62808      | United States |            -7 | apartment            |          1691.95
 AAAAAAAAFNICAAAA | Mrs.         | Jill                 | Hughes                         | 584              | 6th                 | Court           | Suite A         | Newport      | Sanders County       | MT       | 61521      | United States |            -7 | single family        |          1822.24
 AAAAAAAAGBKDAAAA | Dr.          | Linda                | Morrison                       | 41               | Franklin            | Avenue          | Suite J         | Valley View  | McCone County        | MT       | 65124      | United States |            -7 | condo                |          3892.24
 AAAAAAAAGIJKAAAA | Miss         | Brenda               | Padilla                        | 30               | 12th                | Dr.             | Suite 10        | Hopewell     | McCone County        | MT       | 60587      | United States |            -7 | single family        |             2583
 AAAAAAAAGMGBAAAA | Mrs.         | Cynthia              | Griffin                        | 531              | Fifth               | Parkway         | Suite C         | California   | Toole County         | MT       | 60141      | United States |            -7 | condo                |          6421.73
 AAAAAAAAGNKDAAAA |              | William              |                                | 858              | Ash South           | Street          | Suite 100       | Lakeview     | Granite County       | MT       | 68579      | United States |            -7 | condo                |          2015.63
 AAAAAAAAHADFBAAA | Mrs.         | Sarah                | Joyner                         | 269              | 7th Railroad        | Road            | Suite P         | Jamestown    | Rosebud County       | MT       | 66867      | United States |            -7 | condo                |         11799.84
 AAAAAAAAHFKGAAAA | Mr.          | Michael              | Maxwell                        | 595              | 1st Oak             | Parkway         | Suite 480       | Marion       | Cascade County       | MT       | 60399      | United States |            -7 | condo                |             6944
 AAAAAAAAHJCEBAAA | Miss         | Sarah                | Sparks                         | 514              | North Lincoln       | Way             | Suite B         | Ashland      | Garfield County      | MT       | 64244      | United States |            -7 | condo                |          1648.14
 AAAAAAAAHKIPAAAA | Miss         | Andrew               | Scott                          | 917              | Lincoln             | Way             | Suite 230       | Sunnyside    | Beaverhead County    | MT       | 61952      | United States |            -7 | apartment            |             3549
 AAAAAAAAHLAFAAAA | Dr.          | Thomas               | Fields                         | 471              | Cedar Center        | Parkway         | Suite T         | Woodlawn     | Carter County        | MT       | 64098      | United States |            -7 | apartment            |          5182.93
 AAAAAAAAHMAKAAAA | Sir          | Clarence             | Hayes                          | 252              | Park                | Ave             | Suite 470       | Stringtown   | Fergus County        | MT       | 60162      | United States |            -7 | condo                |          3157.05
 AAAAAAAAHOMBBAAA | Dr.          | Willie               | Green                          | 736              | South Park          | Court           | Suite A         | Riverdale    | Valley County        | MT       | 69391      | United States |            -7 | apartment            |          2720.68
 AAAAAAAAILDDAAAA |              |                      | Brown                          | 225              | North               | Court           | Suite 230       | Greenville   | Flathead County      | MT       | 61387      | United States |            -7 | apartment            |          6188.17
 AAAAAAAAILHNAAAA | Sir          | William              | Ramirez                        | 302              | 8th                 | RD              | Suite 300       | Arlington    | Madison County       | MT       | 66557      | United States |            -7 | apartment            |          7462.18
 AAAAAAAAINCGAAAA | Mr.          | Robert               | Shaw                           | 861              | Franklin Park       | Blvd            | Suite R         | Wilson       | Ravalli County       | MT       | 66971      | United States |            -7 | single family        |          6914.46
 AAAAAAAAJAODBAAA | Sir          | Stephen              | Smith                          | 693              | Willow 5th          | ST              | Suite B         | Green Acres  | Petroleum County     | MT       | 67683      | United States |            -7 | apartment            |          2696.58
 AAAAAAAAJGAEAAAA | Ms.          | Olga                 | Alexander                      | 41               | 6th                 | Wy              | Suite 330       | Elizabeth    | Teton County         | MT       | 62935      | United States |            -7 | single family        |          6058.66
 AAAAAAAAJIJOAAAA | Miss         | Raquel               | Adams                          | 828              | South               | ST              | Suite O         | Georgetown   | Dawson County        | MT       | 67057      | United States |            -7 | single family        |          1882.96
 AAAAAAAAJIJOAAAA | Miss         | Raquel               | Adams                          | 828              | South               | ST              | Suite O         | Georgetown   | Dawson County        | MT       | 67057      | United States |            -7 | single family        |          4693.27
 AAAAAAAAJOHDAAAA | Dr.          | Laura                | Hill                           | 963              | Miller              | Avenue          | Suite D         | Lone Pine    | Broadwater County    | MT       | 67441      | United States |            -7 | condo                |          1789.22
 AAAAAAAAJPDIAAAA | Ms.          | Rebecca              | Ramos                          | 74               | Williams            | Lane            | Suite 470       | Bennett      | Glacier County       | MT       | 61715      | United States |            -7 | single family        |           1638.1
 AAAAAAAAKBDLAAAA | Ms.          | Janet                | Scott                          | 584              | 6th                 | Court           | Suite A         | Newport      | Sanders County       | MT       | 61521      | United States |            -7 | single family        |           8024.7
 AAAAAAAAKDBIAAAA | Dr.          | Ron                  | Palmer                         | 433              | 11th                | Street          | Suite Y         | Shady Grove  | Wibaux County        | MT       | 62812      | United States |            -7 | single family        |          1719.13
 AAAAAAAAKDHMAAAA | Dr.          | Calvin               | Turner                         | 615              | Third Church        | RD              | Suite R         | Riverdale    | Dawson County        | MT       | 69391      | United States |            -7 | single family        |          2721.48
 AAAAAAAAKEPLAAAA | Dr.          | Clyde                | Anderson                       | 45               | 1st Park            | Blvd            | Suite C         | Allison      | Sheridan County      | MT       | 64167      | United States |            -7 | apartment            |          2217.38
 AAAAAAAAKGGIAAAA | Dr.          | Joseph               | Marks                          | 595              | 1st Oak             | Parkway         | Suite 480       | Marion       | Cascade County       | MT       | 60399      | United States |            -7 | condo                |          2982.99
 AAAAAAAAKJBFBAAA | Miss         | Mable                | Alexander                      | 500              | Railroad Washington | Parkway         | Suite S         | Enterprise   | Sheridan County      | MT       | 61757      | United States |            -7 | single family        |          2196.62
 AAAAAAAAKJBMAAAA | Dr.          | Cruz                 | Aguilar                        | 21               | Locust              | Way             | Suite 140       | Clinton      | Deer Lodge County    | MT       | 68222      | United States |            -7 | condo                |          2888.86
 AAAAAAAAKPPFAAAA | Mrs.         | Arlene               | Ayers                          | 824              | West 13th           | Road            | Suite 10        | Wildwood     | Chouteau County      | MT       | 66871      | United States |            -7 | apartment            |          3453.63
 AAAAAAAALANABAAA | Sir          | Patrick              | Sanderson                      | 225              | Jackson 2nd         | RD              | Suite 390       | Riverview    | Pondera County       | MT       | 69003      | United States |            -7 | single family        |          3219.07
 AAAAAAAALJLDBAAA | Dr.          | Steve                | Stewart                        | 897              | Willow              | Wy              | Suite 90        | Martinsville | Hill County          | MT       | 60419      | United States |            -7 | apartment            |          6676.98
 AAAAAAAALKGGBAAA | Ms.          | Elizabeth            | Easton                         | 333              | Oak                 | Drive           | Suite W         | Glenwood     | Lake County          | MT       | 63511      | United States |            -7 | condo                |           2876.8
 AAAAAAAALLGIAAAA | Dr.          |                      |                                | 104              | Park Main           | Wy              | Suite U         | Sunnyside    | Valley County        | MT       | 61952      | United States |            -7 | apartment            |          5187.44
 AAAAAAAALLGIAAAA | Dr.          |                      |                                | 104              | Park Main           | Wy              | Suite U         | Sunnyside    | Valley County        | MT       | 61952      | United States |            -7 | apartment            |         10470.94
 AAAAAAAALMDOAAAA | Miss         | Sylvia               | Anderson                       | 683              | View Franklin       | Parkway         | Suite 400       | Summit       | Dawson County        | MT       | 60499      | United States |            -7 | condo                |          5311.11
 AAAAAAAALMEBAAAA | Sir          | Gary                 | Lewis                          | 342              | Laurel First        | Drive           | Suite 90        | Kingston     | Missoula County      | MT       | 64975      | United States |            -7 | single family        |          2414.97
 AAAAAAAALPJIAAAA | Sir          | Eric                 | Ramos                          | 763              | Highland            | Court           | Suite T         | White Oak    | Golden Valley County | MT       | 66668      | United States |            -7 | single family        |          7274.18
 AAAAAAAAMOADAAAA | Mr.          | Michael              | Thomason                       | 587              | Central             | Circle          | Suite D         | Newtown      | Flathead County      | MT       | 61749      | United States |            -7 | apartment            |          2048.36
 AAAAAAAAMPHEBAAA | Mr.          | John                 | Turpin                         | 402              | Jackson             | Blvd            | Suite 240       | Bethel       | Chouteau County      | MT       | 65281      | United States |            -7 | single family        |          2156.08
 AAAAAAAANBMAAAAA | Mr.          | Robert               | Cook                           | 757              | Washington Elm      | Avenue          | Suite V         | Plainview    | Glacier County       | MT       | 63683      | United States |            -7 | apartment            |          1677.36
 AAAAAAAAOABEBAAA | Dr.          | Karen                | Kent                           | 255              | Walnut Washington   | RD              | Suite I         | Hamilton     | Hill County          | MT       | 62808      | United States |            -7 | condo                |           5888.9
 AAAAAAAAOGMJAAAA | Miss         | Kelsey               | Scott                          | 33               | Woodland            | Avenue          | Suite 20        | Doyle        | Petroleum County     | MT       | 68434      | United States |            -7 | condo                |           3548.1
 AAAAAAAAOKGCAAAA | Dr.          | Robert               | Kidd                           | 888              | 2nd Chestnut        | RD              | Suite 380       | Friendship   | Valley County        | MT       | 64536      | United States |            -7 | apartment            |          4997.34
 AAAAAAAAPMCCAAAA | Sir          | Michael              | Hargett                        | 149              | Railroad 2nd        | RD              | Suite H         | Wilson       | Wheatland County     | MT       | 66971      | United States |            -7 | condo                |          4143.63
(52 rows)

UPDATE time_statistics SET e_time = TRANSACTION_TIMESTAMP() WHERE template = 'query81.tpl' AND stream = 7;
psql:/tmp/s1-basline/throughput/query_7.sql:3120: NOTICE:  duration: 0.097 ms  plan:
Query Text: UPDATE time_statistics SET e_time = TRANSACTION_TIMESTAMP() WHERE template = 'query81.tpl' AND stream = 7;
Update on time_statistics  (cost=0.00..20.59 rows=0 width=0) (actual time=0.096..0.097 rows=0 loops=1)
  ->  Seq Scan on time_statistics  (cost=0.00..20.59 rows=1 width=14) (actual time=0.082..0.082 rows=1 loops=1)
        Filter: ((template = 'query81.tpl'::text) AND (stream = 7))
        Rows Removed by Filter: 661
UPDATE 1
LOAD 'auto_explain'; SET auto_explain.log_min_duration TO 0; SET auto_explain.log_analyze TO on; SET auto_explain.log_level TO notice; INSERT INTO time_statistics (template, s_time, stream, query, seed) VALUES ('query78.tpl', TRANSACTION_TIMESTAMP(), 7, 67, 719870519);
LOAD
SET
SET
SET
psql:/tmp/s1-basline/throughput/query_7.sql:3121: NOTICE:  duration: 0.008 ms  plan:
Query Text: INSERT INTO time_statistics (template, s_time, stream, query, seed) VALUES ('query78.tpl', TRANSACTION_TIMESTAMP(), 7, 67, 719870519);
Insert on time_statistics  (cost=0.00..0.01 rows=0 width=0) (actual time=0.008..0.008 rows=0 loops=1)
  ->  Result  (cost=0.00..0.01 rows=1 width=64) (actual time=0.001..0.001 rows=1 loops=1)
INSERT 0 1
with ws as
  (select d_year AS ws_sold_year, ws_item_sk,
    ws_bill_customer_sk ws_customer_sk,
    sum(ws_quantity) ws_qty,
    sum(ws_wholesale_cost) ws_wc,
    sum(ws_sales_price) ws_sp
   from web_sales
   left join web_returns on wr_order_number=ws_order_number and ws_item_sk=wr_item_sk
   join date_dim on ws_sold_date_sk = d_date_sk
   where wr_order_number is null
   group by d_year, ws_item_sk, ws_bill_customer_sk
   ),
cs as
  (select d_year AS cs_sold_year, cs_item_sk,
    cs_bill_customer_sk cs_customer_sk,
    sum(cs_quantity) cs_qty,
    sum(cs_wholesale_cost) cs_wc,
    sum(cs_sales_price) cs_sp
   from catalog_sales
   left join catalog_returns on cr_order_number=cs_order_number and cs_item_sk=cr_item_sk
   join date_dim on cs_sold_date_sk = d_date_sk
   where cr_order_number is null
   group by d_year, cs_item_sk, cs_bill_customer_sk
   ),
ss as
  (select d_year AS ss_sold_year, ss_item_sk,
    ss_customer_sk,
    sum(ss_quantity) ss_qty,
    sum(ss_wholesale_cost) ss_wc,
    sum(ss_sales_price) ss_sp
   from store_sales
   left join store_returns on sr_ticket_number=ss_ticket_number and ss_item_sk=sr_item_sk
   join date_dim on ss_sold_date_sk = d_date_sk
   where sr_ticket_number is null
   group by d_year, ss_item_sk, ss_customer_sk
   )
 select 
ss_item_sk,
round(ss_qty/(coalesce(ws_qty,0)+coalesce(cs_qty,0)),2) ratio,
ss_qty store_qty, ss_wc store_wholesale_cost, ss_sp store_sales_price,
coalesce(ws_qty,0)+coalesce(cs_qty,0) other_chan_qty,
coalesce(ws_wc,0)+coalesce(cs_wc,0) other_chan_wholesale_cost,
coalesce(ws_sp,0)+coalesce(cs_sp,0) other_chan_sales_price
from ss
left join ws on (ws_sold_year=ss_sold_year and ws_item_sk=ss_item_sk and ws_customer_sk=ss_customer_sk)
left join cs on (cs_sold_year=ss_sold_year and cs_item_sk=ss_item_sk and cs_customer_sk=ss_customer_sk)
where (coalesce(ws_qty,0)>0 or coalesce(cs_qty, 0)>0) and ss_sold_year=2002
order by 
  ss_item_sk,
  ss_qty desc, ss_wc desc, ss_sp desc,
  other_chan_qty,
  other_chan_wholesale_cost,
  other_chan_sales_price,
  ratio
limit 100;
psql:/tmp/s1-basline/throughput/query_7.sql:3176: NOTICE:  duration: 2577.207 ms  plan:
Query Text: with ws as
  (select d_year AS ws_sold_year, ws_item_sk,
    ws_bill_customer_sk ws_customer_sk,
    sum(ws_quantity) ws_qty,
    sum(ws_wholesale_cost) ws_wc,
    sum(ws_sales_price) ws_sp
   from web_sales
   left join web_returns on wr_order_number=ws_order_number and ws_item_sk=wr_item_sk
   join date_dim on ws_sold_date_sk = d_date_sk
   where wr_order_number is null
   group by d_year, ws_item_sk, ws_bill_customer_sk
   ),
cs as
  (select d_year AS cs_sold_year, cs_item_sk,
    cs_bill_customer_sk cs_customer_sk,
    sum(cs_quantity) cs_qty,
    sum(cs_wholesale_cost) cs_wc,
    sum(cs_sales_price) cs_sp
   from catalog_sales
   left join catalog_returns on cr_order_number=cs_order_number and cs_item_sk=cr_item_sk
   join date_dim on cs_sold_date_sk = d_date_sk
   where cr_order_number is null
   group by d_year, cs_item_sk, cs_bill_customer_sk
   ),
ss as
  (select d_year AS ss_sold_year, ss_item_sk,
    ss_customer_sk,
    sum(ss_quantity) ss_qty,
    sum(ss_wholesale_cost) ss_wc,
    sum(ss_sales_price) ss_sp
   from store_sales
   left join store_returns on sr_ticket_number=ss_ticket_number and ss_item_sk=sr_item_sk
   join date_dim on ss_sold_date_sk = d_date_sk
   where sr_ticket_number is null
   group by d_year, ss_item_sk, ss_customer_sk
   )
 select 
ss_item_sk,
round(ss_qty/(coalesce(ws_qty,0)+coalesce(cs_qty,0)),2) ratio,
ss_qty store_qty, ss_wc store_wholesale_cost, ss_sp store_sales_price,
coalesce(ws_qty,0)+coalesce(cs_qty,0) other_chan_qty,
coalesce(ws_wc,0)+coalesce(cs_wc,0) other_chan_wholesale_cost,
coalesce(ws_sp,0)+coalesce(cs_sp,0) other_chan_sales_price
from ss
left join ws on (ws_sold_year=ss_sold_year and ws_item_sk=ss_item_sk and ws_customer_sk=ss_customer_sk)
left join cs on (cs_sold_year=ss_sold_year and cs_item_sk=ss_item_sk and cs_customer_sk=ss_customer_sk)
where (coalesce(ws_qty,0)>0 or coalesce(cs_qty, 0)>0) and ss_sold_year=2002
order by 
  ss_item_sk,
  ss_qty desc, ss_wc desc, ss_sp desc,
  other_chan_qty,
  other_chan_wholesale_cost,
  other_chan_sales_price,
  ratio
limit 100;
Limit  (cost=154252.44..154252.69 rows=100 width=88) (actual time=2500.248..2577.118 rows=100 loops=1)
  ->  Sort  (cost=154252.44..154252.82 rows=151 width=88) (actual time=2500.247..2577.111 rows=100 loops=1)
        Sort Key: store_sales.ss_item_sk, (sum(store_sales.ss_quantity)) DESC, (sum(store_sales.ss_wholesale_cost)) DESC, (sum(store_sales.ss_sales_price)) DESC, ((COALESCE((sum(web_sales.ws_quantity)), '0'::bigint) + COALESCE((sum(catalog_sales.cs_quantity)), '0'::bigint))), ((COALESCE((sum(web_sales.ws_wholesale_cost)), '0'::double precision) + COALESCE((sum(catalog_sales.cs_wholesale_cost)), '0'::double precision))), ((COALESCE((sum(web_sales.ws_sales_price)), '0'::double precision) + COALESCE((sum(catalog_sales.cs_sales_price)), '0'::double precision))), (round((((sum(store_sales.ss_quantity)) / (COALESCE((sum(web_sales.ws_quantity)), '0'::bigint) + COALESCE((sum(catalog_sales.cs_quantity)), '0'::bigint))))::numeric, 2))
        Sort Method: quicksort  Memory: 51kB
        ->  Merge Left Join  (cost=153943.75..154246.98 rows=151 width=88) (actual time=1659.265..2577.052 rows=188 loops=1)
              Merge Cond: ((store_sales.ss_item_sk = catalog_sales.cs_item_sk) AND (store_sales.ss_customer_sk = catalog_sales.cs_bill_customer_sk))
              Join Filter: (date_dim_2.d_year = date_dim.d_year)
              Filter: ((COALESCE((sum(web_sales.ws_quantity)), '0'::bigint) > 0) OR (COALESCE((sum(catalog_sales.cs_quantity)), '0'::bigint) > 0))
              Rows Removed by Filter: 484127
              ->  Merge Left Join  (cost=129153.59..129404.99 rows=271 width=68) (actual time=984.166..1617.783 rows=484315 loops=1)
                    Merge Cond: ((store_sales.ss_item_sk = web_sales.ws_item_sk) AND (store_sales.ss_customer_sk = web_sales.ws_bill_customer_sk))
                    Join Filter: (date_dim_1.d_year = date_dim.d_year)
                    ->  Finalize GroupAggregate  (cost=94577.11..94612.40 rows=271 width=44) (actual time=771.660..1195.669 rows=484315 loops=1)
                          Group Key: date_dim.d_year, store_sales.ss_item_sk, store_sales.ss_customer_sk
                          ->  Gather Merge  (cost=94577.11..94606.30 rows=226 width=44) (actual time=771.655..1031.128 rows=487248 loops=1)
                                Workers Planned: 2
                                Workers Launched: 2
                                ->  Partial GroupAggregate  (cost=93577.08..93580.19 rows=113 width=44) (actual time=759.051..849.882 rows=162416 loops=3)
                                      Group Key: date_dim.d_year, store_sales.ss_item_sk, store_sales.ss_customer_sk
                                      ->  Sort  (cost=93577.08..93577.37 rows=113 width=40) (actual time=759.041..774.287 rows=163145 loops=3)
                                            Sort Key: store_sales.ss_item_sk, store_sales.ss_customer_sk
                                            Sort Method: external merge  Disk: 10448kB
                                            Worker 0:  Sort Method: external merge  Disk: 8480kB
                                            Worker 1:  Sort Method: external merge  Disk: 8504kB
                                            ->  Nested Loop Anti Join  (cost=2323.07..93573.23 rows=113 width=40) (actual time=14.333..663.139 rows=163145 loops=3)
                                                  ->  Hash Join  (cost=2322.65..90983.94 rows=5718 width=48) (actual time=14.281..276.594 rows=181144 loops=3)
                                                        Hash Cond: (store_sales.ss_sold_date_sk = date_dim.d_date_sk)
                                                        ->  Parallel Seq Scan on store_sales  (cost=0.00..85499.45 rows=1204445 width=52) (actual time=0.014..124.372 rows=948150 loops=3)
                                                        ->  Hash  (cost=2318.11..2318.11 rows=363 width=12) (actual time=14.227..14.228 rows=365 loops=3)
                                                              Buckets: 1024  Batches: 1  Memory Usage: 26kB
                                                              ->  Seq Scan on date_dim  (cost=0.00..2318.11 rows=363 width=12) (actual time=6.985..14.178 rows=365 loops=3)
                                                                    Filter: (d_year = 2002)
                                                                    Rows Removed by Filter: 72684
                                                  ->  Index Only Scan using pk_store_returns on store_returns  (cost=0.42..0.44 rows=1 width=16) (actual time=0.002..0.002 rows=0 loops=543433)
                                                        Index Cond: ((sr_item_sk = store_sales.ss_item_sk) AND (sr_ticket_number = store_sales.ss_ticket_number))
                                                        Heap Fetches: 21611
                    ->  Materialize  (cost=34576.48..34781.22 rows=1436 width=44) (actual time=212.502..339.124 rows=126843 loops=1)
                          ->  Finalize GroupAggregate  (cost=34576.48..34763.27 rows=1436 width=44) (actual time=212.499..306.259 rows=126843 loops=1)
                                Group Key: date_dim_1.d_year, web_sales.ws_item_sk, web_sales.ws_bill_customer_sk
                                ->  Gather Merge  (cost=34576.48..34730.97 rows=1196 width=44) (actual time=212.493..263.162 rows=126843 loops=1)
                                      Workers Planned: 2
                                      Workers Launched: 2
                                      ->  Partial GroupAggregate  (cost=33576.46..33592.90 rows=598 width=44) (actual time=205.535..228.541 rows=42281 loops=3)
                                            Group Key: date_dim_1.d_year, web_sales.ws_item_sk, web_sales.ws_bill_customer_sk
                                            ->  Sort  (cost=33576.46..33577.95 rows=598 width=40) (actual time=205.527..209.189 rows=42282 loops=3)
                                                  Sort Key: web_sales.ws_item_sk, web_sales.ws_bill_customer_sk
                                                  Sort Method: quicksort  Memory: 6093kB
                                                  Worker 0:  Sort Method: quicksort  Memory: 4679kB
                                                  Worker 1:  Sort Method: quicksort  Memory: 4737kB
                                                  ->  Nested Loop Anti Join  (cost=2323.07..33548.88 rows=598 width=40) (actual time=13.817..187.422 rows=42282 loops=3)
                                                        ->  Hash Join  (cost=2322.65..32884.62 rows=1496 width=48) (actual time=13.767..96.798 rows=46977 loops=3)
                                                              Hash Cond: (web_sales.ws_sold_date_sk = date_dim_1.d_date_sk)
                                                              ->  Parallel Seq Scan on web_sales  (cost=0.00..29771.63 rows=301063 width=52) (actual time=0.019..45.552 rows=237185 loops=3)
                                                              ->  Hash  (cost=2318.11..2318.11 rows=363 width=12) (actual time=13.692..13.692 rows=365 loops=3)
                                                                    Buckets: 1024  Batches: 1  Memory Usage: 26kB
                                                                    ->  Seq Scan on date_dim date_dim_1  (cost=0.00..2318.11 rows=363 width=12) (actual time=6.820..13.641 rows=365 loops=3)
                                                                          Filter: (d_year = 2002)
                                                                          Rows Removed by Filter: 72684
                                                        ->  Index Only Scan using pk_web_returns on web_returns  (cost=0.42..0.44 rows=1 width=16) (actual time=0.002..0.002 rows=0 loops=140930)
                                                              Index Cond: ((wr_item_sk = web_sales.ws_item_sk) AND (wr_order_number = web_sales.ws_order_number))
                                                              Heap Fetches: 4385
              ->  Materialize  (cost=24790.16..24832.56 rows=1060 width=44) (actual time=671.884..873.005 rows=255906 loops=1)
                    ->  GroupAggregate  (cost=24790.16..24819.31 rows=1060 width=44) (actual time=671.881..808.593 rows=255906 loops=1)
                          Group Key: date_dim_2.d_year, catalog_sales.cs_item_sk, catalog_sales.cs_bill_customer_sk
                          ->  Sort  (cost=24790.16..24792.81 rows=1060 width=40) (actual time=671.868..699.897 rows=255980 loops=1)
                                Sort Key: catalog_sales.cs_item_sk, catalog_sales.cs_bill_customer_sk
                                Sort Method: external merge  Disk: 14512kB
                                ->  Nested Loop Anti Join  (cost=0.85..24736.90 rows=1060 width=40) (actual time=4.199..529.393 rows=255980 loops=1)
                                      ->  Nested Loop  (cost=0.43..21531.98 rows=7137 width=48) (actual time=4.191..117.404 rows=284026 loops=1)
                                            ->  Seq Scan on date_dim date_dim_2  (cost=0.00..2318.11 rows=363 width=12) (actual time=4.177..8.479 rows=365 loops=1)
                                                  Filter: (d_year = 2002)
                                                  Rows Removed by Filter: 72684
                                            ->  Index Scan using i_cs_sold_date_sk on catalog_sales  (cost=0.43..45.08 rows=785 width=52) (actual time=0.004..0.156 rows=778 loops=365)
                                                  Index Cond: (cs_sold_date_sk = date_dim_2.d_date_sk)
                                      ->  Index Only Scan using pk_catalog_returns on catalog_returns  (cost=0.42..0.44 rows=1 width=16) (actual time=0.001..0.001 rows=0 loops=284026)
                                            Index Cond: ((cr_item_sk = catalog_sales.cs_item_sk) AND (cr_order_number = catalog_sales.cs_order_number))
                                            Heap Fetches: 1942
 ss_item_sk | ratio | store_qty | store_wholesale_cost | store_sales_price | other_chan_qty | other_chan_wholesale_cost | other_chan_sales_price 
------------+-------+-----------+----------------------+-------------------+----------------+---------------------------+------------------------
         66 |  0.00 |        13 |                97.01 |            137.94 |             90 |                     36.56 |                  32.69
        159 |  0.00 |        27 |                 98.2 |              95.4 |             41 |                      18.6 |                  24.38
        195 |  0.00 |        47 |                40.02 |             25.71 |             99 |                     23.57 |                    1.9
        324 |  3.00 |        35 |                      |             67.96 |              9 |                     60.96 |                  88.87
        402 |  0.00 |         3 |                38.43 |             33.05 |             13 |                     49.03 |                  49.96
        696 |  0.00 |         3 |                 9.61 |              3.08 |             60 |                     28.25 |                   43.5
        738 |  0.00 |        39 |                58.31 |              5.49 |             42 |                     41.59 |                  34.37
        861 |  1.00 |        76 |                 50.7 |             50.91 |             53 |                      1.42 |                      2
       1020 |  1.00 |        85 |                93.24 |             85.43 |             50 |                     78.09 |                  12.62
       1051 |  1.00 |        98 |                 1.81 |              1.12 |             76 |                     78.53 |                  93.45
       1147 |  1.00 |        24 |                94.21 |            134.32 |             16 |                     41.19 |                   38.2
       1218 |  0.00 |        42 |                99.56 |            117.08 |             87 |                     29.72 |                  29.81
       1413 |  5.00 |        51 |                64.84 |              6.18 |              9 |                      61.9 |                  11.19
       1443 |  2.00 |        46 |                79.36 |             94.99 |             18 |                      2.61 |                   0.27
       1615 |  0.00 |        13 |                94.37 |             81.79 |             98 |                     44.81 |                  51.37
       1663 |  0.00 |        40 |                 26.8 |             13.66 |             90 |                      2.71 |                    1.8
       1701 |  1.00 |        54 |                17.17 |              9.08 |             49 |                     55.98 |                  21.85
       2022 |  0.00 |        25 |                43.04 |             10.12 |             57 |                     93.15 |                  40.85
       2053 |  0.00 |        25 |                79.31 |              8.49 |             99 |                     11.75 |                  12.62
       2073 |  1.00 |        95 |                80.08 |             63.56 |             58 |                      4.69 |                   5.31
       2091 | 17.00 |        51 |                21.08 |             17.69 |              3 |                     66.41 |                  73.18
       2133 |  0.00 |        79 |                80.29 |             61.27 |             81 |                     80.38 |                  51.09
       2148 |  0.00 |        61 |                86.51 |             84.29 |             90 |                     91.81 |                 135.36
       2227 |  1.00 |        70 |                 78.8 |             13.68 |             61 |                     21.81 |                  22.11
       2305 |  0.00 |        72 |                54.07 |              47.1 |            100 |                     27.24 |                   8.26
       2587 |  0.00 |         4 |                15.99 |              1.81 |             54 |                     69.03 |                  12.01
       2599 |  1.00 |        96 |                 1.56 |              2.79 |             64 |                     19.19 |                   3.39
       2685 |  0.00 |        21 |                67.02 |             81.02 |             89 |                     59.97 |                  35.14
       2701 |  0.00 |         3 |                55.88 |             58.56 |             87 |                     38.08 |                  97.14
       2803 |  1.00 |        57 |                 91.5 |             73.73 |             54 |                     32.14 |                  14.35
       2905 |  2.00 |       100 |                97.95 |             52.65 |             50 |                     85.13 |                 101.25
       3397 |  0.00 |         4 |                57.44 |                 0 |             97 |                     62.84 |                  79.85
       3483 |  2.00 |        96 |                43.53 |             34.41 |             46 |                     18.74 |                   8.99
       3535 |  0.00 |         6 |                 59.6 |             58.89 |             67 |                     71.92 |                  93.05
       3537 |  0.00 |        46 |                46.21 |             47.81 |             95 |                     56.41 |                  77.64
       3745 |  1.00 |        82 |                47.09 |             48.73 |             44 |                      8.09 |                   7.41
       3759 |  2.00 |        49 |                53.25 |             11.24 |             20 |                     47.37 |                  84.97
       3861 |  0.00 |         8 |                28.53 |             30.19 |             72 |                       9.4 |                  15.57
       3936 |  1.00 |        85 |                63.93 |             29.04 |             64 |                     67.22 |                  56.76
       3945 |  2.00 |        52 |                67.47 |             76.26 |             22 |                     80.81 |                  16.16
       4206 |  0.00 |        29 |                38.61 |             10.68 |             68 |                     31.73 |                   3.64
       4249 |  3.00 |        31 |                 78.4 |            134.27 |              9 |                     64.25 |                  77.02
       4458 |  3.00 |        93 |                87.27 |             51.83 |             27 |                     31.16 |                  61.83
       4560 |  0.00 |        60 |                95.22 |             53.98 |             68 |                       5.4 |                    3.5
       4614 |  1.00 |        49 |                 55.3 |             25.16 |             32 |                     21.54 |                    7.1
       5053 |  1.00 |        74 |                31.43 |             34.19 |             44 |                      80.2 |                  55.81
       5121 |  5.00 |        83 |                44.91 |             61.01 |             14 |                     58.22 |                 103.63
       5136 |  1.00 |        56 |                26.17 |             17.04 |             47 |                     41.77 |                   1.06
       5323 |  9.00 |        38 |                20.01 |              5.26 |              4 |                     88.39 |                 130.29
       5352 |  1.00 |        15 |                93.14 |             89.59 |             14 |                     94.83 |                   59.4
       5526 |  0.00 |         8 |                79.63 |             64.83 |             79 |                     23.44 |                   1.39
       5868 |  0.00 |        19 |                75.13 |             104.3 |             37 |                     17.65 |                  28.19
       5869 |  1.00 |        63 |                58.53 |             47.85 |             61 |                     62.14 |                  73.91
       5875 |  0.00 |        20 |                29.66 |             20.64 |             83 |                     25.25 |                  30.99
       5953 |  1.00 |        95 |                25.33 |             18.42 |             85 |                     83.75 |                 155.57
       6147 |  1.00 |        69 |                 28.5 |             15.04 |             45 |                     16.23 |                   12.3
       6271 |  1.00 |        96 |                14.36 |              0.47 |             83 |                     66.35 |                  63.53
       6307 |  1.00 |        61 |                96.94 |             63.86 |             36 |                     69.91 |                  13.33
       6318 |  1.00 |        51 |                55.15 |             56.72 |             46 |                     49.04 |                  54.84
       6439 |  0.00 |         9 |                45.46 |                67 |             98 |                     81.96 |                 104.02
       6447 |  1.00 |        47 |                29.64 |              2.03 |             28 |                     39.44 |                  72.92
       6469 |       |           |                      |             49.55 |             16 |                     64.78 |                 135.09
       6498 |  1.00 |        83 |                24.44 |             22.58 |             75 |                     18.89 |                  12.01
       6543 |  3.00 |        72 |                96.88 |            112.99 |             19 |                     27.66 |                  56.23
       6585 |  0.00 |        59 |                24.03 |             25.37 |             72 |                     31.79 |                  18.22
       6933 |  0.00 |        22 |                99.27 |            113.56 |             26 |                     57.19 |                  29.98
       6936 |  0.00 |        76 |                54.97 |              71.1 |             94 |                     88.95 |                 139.33
       6972 |  5.00 |       100 |                95.97 |              98.7 |             18 |                     23.51 |                  65.19
       7230 |  0.00 |        43 |                53.97 |             18.84 |             77 |                     11.31 |                  12.75
       7263 | 11.00 |        71 |                41.36 |             34.24 |              6 |                     63.76 |                  65.03
       7305 |  1.00 |        32 |                80.08 |             30.81 |             18 |                     97.35 |                 103.77
       7350 |  2.00 |        52 |                49.54 |             33.22 |             24 |                     36.42 |                  18.26
       7404 | 20.00 |        20 |                29.05 |               0.9 |              1 |                      8.82 |                      0
       7455 |  0.00 |        55 |                 43.8 |              3.02 |             59 |                     70.88 |                  54.47
       7491 |  1.00 |        52 |                79.36 |             51.16 |             36 |                     86.29 |                  49.18
       7644 |  0.00 |         6 |                66.47 |              75.6 |             82 |                     29.59 |                   1.85
       7741 |  1.00 |        70 |                 8.75 |              5.95 |             65 |                     72.06 |                  43.58
       7791 |  1.00 |        91 |                52.36 |             46.99 |             54 |                     30.31 |                  79.74
       7825 |  0.00 |        82 |                 34.3 |             17.37 |             98 |                     33.88 |                  21.01
       7953 |  0.00 |        39 |                29.99 |             32.35 |             65 |                     66.23 |                   9.69
       7977 |  1.00 |        58 |                41.07 |             37.31 |             45 |                     25.74 |                     14
       8017 |  2.00 |        92 |                73.17 |             64.18 |             45 |                     20.67 |                  25.34
       8017 |  0.00 |        32 |                57.79 |              5.61 |             90 |                      79.5 |                  88.19
       8124 |  2.00 |        98 |                80.38 |             95.29 |             44 |                      1.17 |                   0.11
       8448 | 12.00 |        77 |                55.53 |            104.99 |              6 |                     97.34 |                 202.46
       8583 |  1.00 |        26 |                55.73 |              10.6 |             26 |                     43.17 |                  14.66
       8605 |  2.00 |        98 |                   35 |             15.08 |             38 |                     82.81 |                  98.45
       8605 |  4.00 |        56 |                96.26 |            110.88 |             12 |                     55.43 |                   83.9
       8610 |  0.00 |        32 |                 1.34 |              0.07 |             56 |                     12.86 |                   9.89
       8664 |  0.00 |         5 |                51.97 |             12.99 |             46 |                     13.27 |                   2.69
       8709 |  1.00 |        77 |                54.48 |             36.77 |             68 |                     87.91 |                   97.5
       8709 |  0.00 |        14 |                 19.7 |             11.15 |             96 |                     11.28 |                  21.15
       8763 |  1.00 |        67 |                83.95 |             69.81 |             57 |                     14.83 |                  28.29
       8775 |  0.00 |        83 |                41.74 |             13.48 |             86 |                      68.4 |                    7.9
       8880 |  0.00 |        11 |                80.63 |              2.03 |             38 |                     45.46 |                  70.36
       8893 |  0.00 |         8 |                97.29 |              60.6 |             71 |                     13.35 |                   3.17
       9114 | 13.00 |        39 |                29.76 |             21.21 |              3 |                     60.54 |                 161.22
       9198 |  3.00 |        33 |                32.54 |             42.27 |             10 |                     10.05 |                   9.31
       9300 |  0.00 |        32 |                55.51 |              64.3 |             37 |                     59.57 |                 113.65
       9324 |  1.00 |        61 |                 2.53 |              1.22 |             35 |                     84.73 |                  54.08
(100 rows)

UPDATE time_statistics SET e_time = TRANSACTION_TIMESTAMP() WHERE template = 'query78.tpl' AND stream = 7;
psql:/tmp/s1-basline/throughput/query_7.sql:3178: NOTICE:  duration: 0.106 ms  plan:
Query Text: UPDATE time_statistics SET e_time = TRANSACTION_TIMESTAMP() WHERE template = 'query78.tpl' AND stream = 7;
Update on time_statistics  (cost=0.00..20.59 rows=0 width=0) (actual time=0.105..0.106 rows=0 loops=1)
  ->  Seq Scan on time_statistics  (cost=0.00..20.59 rows=1 width=14) (actual time=0.092..0.092 rows=1 loops=1)
        Filter: ((template = 'query78.tpl'::text) AND (stream = 7))
        Rows Removed by Filter: 662
UPDATE 1
LOAD 'auto_explain'; SET auto_explain.log_min_duration TO 0; SET auto_explain.log_analyze TO on; SET auto_explain.log_level TO notice; INSERT INTO time_statistics (template, s_time, stream, query, seed) VALUES ('query18.tpl', TRANSACTION_TIMESTAMP(), 7, 68, 429215802);
LOAD
SET
SET
SET
psql:/tmp/s1-basline/throughput/query_7.sql:3179: NOTICE:  duration: 0.008 ms  plan:
Query Text: INSERT INTO time_statistics (template, s_time, stream, query, seed) VALUES ('query18.tpl', TRANSACTION_TIMESTAMP(), 7, 68, 429215802);
Insert on time_statistics  (cost=0.00..0.01 rows=0 width=0) (actual time=0.008..0.008 rows=0 loops=1)
  ->  Result  (cost=0.00..0.01 rows=1 width=64) (actual time=0.001..0.001 rows=1 loops=1)
INSERT 0 1
select  i_item_id,
        ca_country,
        ca_state, 
        ca_county,
        avg( cast(cs_quantity as decimal(12,2))) agg1,
        avg( cast(cs_list_price as decimal(12,2))) agg2,
        avg( cast(cs_coupon_amt as decimal(12,2))) agg3,
        avg( cast(cs_sales_price as decimal(12,2))) agg4,
        avg( cast(cs_net_profit as decimal(12,2))) agg5,
        avg( cast(c_birth_year as decimal(12,2))) agg6,
        avg( cast(cd1.cd_dep_count as decimal(12,2))) agg7
 from catalog_sales, customer_demographics cd1, 
      customer_demographics cd2, customer, customer_address, date_dim, item
 where cs_sold_date_sk = d_date_sk and
       cs_item_sk = i_item_sk and
       cs_bill_cdemo_sk = cd1.cd_demo_sk and
       cs_bill_customer_sk = c_customer_sk and
       cd1.cd_gender = 'M' and 
       cd1.cd_education_status = 'Primary' and
       c_current_cdemo_sk = cd2.cd_demo_sk and
       c_current_addr_sk = ca_address_sk and
       c_birth_month in (11,4,7,8,2,1) and
       d_year = 2000 and
       ca_state in ('MD','WV','SD'
                   ,'OK','IL','VA','PA')
 group by rollup (i_item_id, ca_country, ca_state, ca_county)
 order by ca_country,
        ca_state, 
        ca_county,
	i_item_id
 limit 100;
psql:/tmp/s1-basline/throughput/query_7.sql:3210: NOTICE:  duration: 727.877 ms  plan:
Query Text: select  i_item_id,
        ca_country,
        ca_state, 
        ca_county,
        avg( cast(cs_quantity as decimal(12,2))) agg1,
        avg( cast(cs_list_price as decimal(12,2))) agg2,
        avg( cast(cs_coupon_amt as decimal(12,2))) agg3,
        avg( cast(cs_sales_price as decimal(12,2))) agg4,
        avg( cast(cs_net_profit as decimal(12,2))) agg5,
        avg( cast(c_birth_year as decimal(12,2))) agg6,
        avg( cast(cd1.cd_dep_count as decimal(12,2))) agg7
 from catalog_sales, customer_demographics cd1, 
      customer_demographics cd2, customer, customer_address, date_dim, item
 where cs_sold_date_sk = d_date_sk and
       cs_item_sk = i_item_sk and
       cs_bill_cdemo_sk = cd1.cd_demo_sk and
       cs_bill_customer_sk = c_customer_sk and
       cd1.cd_gender = 'M' and 
       cd1.cd_education_status = 'Primary' and
       c_current_cdemo_sk = cd2.cd_demo_sk and
       c_current_addr_sk = ca_address_sk and
       c_birth_month in (11,4,7,8,2,1) and
       d_year = 2000 and
       ca_state in ('MD','WV','SD'
                   ,'OK','IL','VA','PA')
 group by rollup (i_item_id, ca_country, ca_state, ca_county)
 order by ca_country,
        ca_state, 
        ca_county,
	i_item_id
 limit 100;
Limit  (cost=25180.46..25180.71 rows=100 width=272) (actual time=727.725..727.740 rows=100 loops=1)
  ->  Sort  (cost=25180.46..25180.84 rows=153 width=272) (actual time=727.724..727.731 rows=100 loops=1)
        Sort Key: customer_address.ca_country, customer_address.ca_state, customer_address.ca_county, item.i_item_id
        Sort Method: top-N heapsort  Memory: 47kB
        ->  GroupAggregate  (cost=25168.23..25174.91 rows=153 width=272) (actual time=705.277..724.617 rows=5945 loops=1)
              Group Key: item.i_item_id, customer_address.ca_country, customer_address.ca_state, customer_address.ca_county
              Group Key: item.i_item_id, customer_address.ca_country, customer_address.ca_state
              Group Key: item.i_item_id, customer_address.ca_country
              Group Key: item.i_item_id
              Group Key: ()
              ->  Sort  (cost=25168.23..25168.32 rows=38 width=92) (actual time=705.239..705.320 rows=1558 loops=1)
                    Sort Key: item.i_item_id, customer_address.ca_country, customer_address.ca_state, customer_address.ca_county
                    Sort Method: quicksort  Memory: 255kB
                    ->  Nested Loop  (cost=2.15..25167.23 rows=38 width=92) (actual time=6.623..700.962 rows=1558 loops=1)
                          ->  Nested Loop  (cost=1.86..25155.60 rows=38 width=83) (actual time=6.617..696.794 rows=1558 loops=1)
                                ->  Nested Loop  (cost=1.44..25133.97 rows=39 width=91) (actual time=6.612..694.377 rows=1591 loops=1)
                                      ->  Nested Loop  (cost=1.15..25050.66 rows=241 width=68) (actual time=4.127..676.480 rows=9986 loops=1)
                                            ->  Nested Loop  (cost=0.85..24888.06 rows=508 width=56) (actual time=4.121..642.593 rows=20373 loops=1)
                                                  ->  Nested Loop  (cost=0.43..21531.98 rows=7137 width=60) (actual time=4.012..133.824 rows=285104 loops=1)
                                                        ->  Seq Scan on date_dim  (cost=0.00..2318.11 rows=363 width=8) (actual time=4.001..8.322 rows=366 loops=1)
                                                              Filter: (d_year = 2000)
                                                              Rows Removed by Filter: 72683
                                                        ->  Index Scan using i_cs_sold_date_sk on catalog_sales  (cost=0.43..45.08 rows=785 width=68) (actual time=0.004..0.182 rows=779 loops=366)
                                                              Index Cond: (cs_sold_date_sk = date_dim.d_date_sk)
                                                  ->  Index Scan using pk_customer_demographics on customer_demographics cd1  (cost=0.43..0.47 rows=1 width=12) (actual time=0.002..0.002 rows=0 loops=285104)
                                                        Index Cond: (cd_demo_sk = catalog_sales.cs_bill_cdemo_sk)
                                                        Filter: ((cd_gender = 'M'::bpchar) AND (cd_education_status = 'Primary'::bpchar))
                                                        Rows Removed by Filter: 1
                                            ->  Index Scan using pk_customer on customer  (cost=0.29..0.32 rows=1 width=28) (actual time=0.001..0.001 rows=0 loops=20373)
                                                  Index Cond: (c_customer_sk = catalog_sales.cs_bill_customer_sk)
                                                  Filter: (c_birth_month = ANY ('{11,4,7,8,2,1}'::integer[]))
                                                  Rows Removed by Filter: 1
                                      ->  Index Scan using pk_customer_address on customer_address  (cost=0.29..0.35 rows=1 width=39) (actual time=0.002..0.002 rows=0 loops=9986)
                                            Index Cond: (ca_address_sk = customer.c_current_addr_sk)
                                            Filter: (ca_state = ANY ('{MD,WV,SD,OK,IL,VA,PA}'::bpchar[]))
                                            Rows Removed by Filter: 1
                                ->  Index Only Scan using pk_customer_demographics on customer_demographics cd2  (cost=0.43..0.55 rows=1 width=8) (actual time=0.001..0.001 rows=1 loops=1591)
                                      Index Cond: (cd_demo_sk = customer.c_current_cdemo_sk)
                                      Heap Fetches: 0
                          ->  Index Scan using pk_item on item  (cost=0.29..0.31 rows=1 width=25) (actual time=0.002..0.002 rows=1 loops=1558)
                                Index Cond: (i_item_sk = catalog_sales.cs_item_sk)
    i_item_id     |  ca_country   | ca_state |     ca_county     |        agg1         |         agg2         |          agg3          |          agg4          |          agg5           |         agg6          |          agg7          
------------------+---------------+----------+-------------------+---------------------+----------------------+------------------------+------------------------+-------------------------+-----------------------+------------------------
 AAAAAAAACCADAAAA | United States | IL       | Brown County      | 26.0000000000000000 |   2.0000000000000000 | 0.00000000000000000000 | 1.68000000000000000000 | -0.78000000000000000000 | 1973.0000000000000000 |     4.0000000000000000
 AAAAAAAADCODAAAA | United States | IL       | Brown County      | 18.0000000000000000 | 266.1600000000000000 | 0.00000000000000000000 |   199.6200000000000000 |   1935.3600000000000000 | 1973.0000000000000000 |     4.0000000000000000
 AAAAAAAADEGAAAAA | United States | IL       | Brown County      | 11.0000000000000000 |   9.2600000000000000 | 0.00000000000000000000 |     6.6600000000000000 |      9.5700000000000000 | 1973.0000000000000000 |     4.0000000000000000
 AAAAAAAAECIAAAAA | United States | IL       | Brown County      | 99.0000000000000000 |  75.6300000000000000 | 0.00000000000000000000 |    65.7900000000000000 |   1087.0200000000000000 | 1973.0000000000000000 |     4.0000000000000000
 AAAAAAAAEIEAAAAA | United States | IL       | Brown County      | 73.0000000000000000 | 244.8400000000000000 | 0.00000000000000000000 |   102.8300000000000000 |    837.3100000000000000 | 1973.0000000000000000 |     4.0000000000000000
 AAAAAAAAILBAAAAA | United States | IL       | Brown County      | 49.0000000000000000 | 114.3900000000000000 | 0.00000000000000000000 |    90.3600000000000000 |   1936.4800000000000000 | 1973.0000000000000000 |     4.0000000000000000
 AAAAAAAAJIDCAAAA | United States | IL       | Brown County      | 31.0000000000000000 | 181.6000000000000000 | 0.00000000000000000000 |   176.1500000000000000 |   3320.1000000000000000 | 1973.0000000000000000 |     4.0000000000000000
 AAAAAAAAJNCEAAAA | United States | IL       | Brown County      | 32.0000000000000000 |  50.7600000000000000 | 0.00000000000000000000 |    46.6900000000000000 |    140.4800000000000000 | 1973.0000000000000000 |     4.0000000000000000
 AAAAAAAAKMGAAAAA | United States | IL       | Brown County      | 20.0000000000000000 | 147.7200000000000000 | 0.00000000000000000000 |    63.5100000000000000 |   -371.2000000000000000 | 1973.0000000000000000 |     4.0000000000000000
 AAAAAAAANBDCAAAA | United States | IL       | Brown County      | 12.0000000000000000 |  15.4600000000000000 | 0.00000000000000000000 |    14.9900000000000000 |     82.2000000000000000 | 1973.0000000000000000 |     4.0000000000000000
 AAAAAAAANMFEAAAA | United States | IL       | Brown County      | 27.0000000000000000 |  17.9100000000000000 | 0.00000000000000000000 |    13.6100000000000000 |     98.8200000000000000 | 1973.0000000000000000 |     4.0000000000000000
 AAAAAAAAPCFDAAAA | United States | IL       | Brown County      | 26.0000000000000000 | 120.7600000000000000 | 0.00000000000000000000 |    68.8300000000000000 |   -185.1200000000000000 | 1973.0000000000000000 |     4.0000000000000000
 AAAAAAAAPJJBAAAA | United States | IL       | Brown County      | 52.0000000000000000 |  46.0700000000000000 | 0.00000000000000000000 |    17.9600000000000000 |    -72.8000000000000000 | 1973.0000000000000000 |     4.0000000000000000
 AAAAAAAAAAKBAAAA | United States | IL       | Bureau County     |  4.0000000000000000 |  77.1900000000000000 | 0.00000000000000000000 |    67.9200000000000000 |     41.2400000000000000 | 1949.0000000000000000 |     2.0000000000000000
 AAAAAAAABJLBAAAA | United States | IL       | Bureau County     | 55.0000000000000000 |  66.1800000000000000 | 0.00000000000000000000 |    30.4400000000000000 |  -1464.1000000000000000 | 1949.0000000000000000 |     2.0000000000000000
 AAAAAAAADEIBAAAA | United States | IL       | Bureau County     | 82.0000000000000000 |  44.4800000000000000 |    26.1900000000000000 |     3.5500000000000000 |  -1750.6500000000000000 | 1949.0000000000000000 |     2.0000000000000000
 AAAAAAAAHHODAAAA | United States | IL       | Bureau County     | 60.0000000000000000 |  82.9200000000000000 | 0.00000000000000000000 |    75.4500000000000000 |   1455.6000000000000000 | 1949.0000000000000000 |     2.0000000000000000
 AAAAAAAAILOBAAAA | United States | IL       | Bureau County     | 39.0000000000000000 | 127.7400000000000000 | 0.00000000000000000000 |    60.0300000000000000 |    489.0600000000000000 | 1949.0000000000000000 |     2.0000000000000000
 AAAAAAAAJCDCAAAA | United States | IL       | Bureau County     | 82.0000000000000000 |  90.0700000000000000 | 0.00000000000000000000 |    63.0400000000000000 |    -68.8800000000000000 | 1949.0000000000000000 |     2.0000000000000000
 AAAAAAAAKPDDAAAA | United States | IL       | Bureau County     | 61.0000000000000000 |  16.3100000000000000 | 0.00000000000000000000 | 1.14000000000000000000 |   -357.4600000000000000 | 1949.0000000000000000 |     2.0000000000000000
 AAAAAAAAMIJAAAAA | United States | IL       | Bureau County     | 31.0000000000000000 |  72.1700000000000000 | 0.00000000000000000000 |    63.5000000000000000 |    871.7200000000000000 | 1949.0000000000000000 |     2.0000000000000000
 AAAAAAAANEIAAAAA | United States | IL       | Bureau County     | 11.0000000000000000 |  47.9900000000000000 | 0.00000000000000000000 |    28.7900000000000000 |     67.6500000000000000 | 1949.0000000000000000 |     2.0000000000000000
 AAAAAAAAOGNBAAAA | United States | IL       | Bureau County     |  3.0000000000000000 |  37.5500000000000000 | 0.00000000000000000000 |    28.9100000000000000 |     17.6100000000000000 | 1949.0000000000000000 |     2.0000000000000000
 AAAAAAAAAHJAAAAA | United States | IL       | Cass County       | 29.0000000000000000 | 134.6200000000000000 | 0.00000000000000000000 |   103.6500000000000000 |   1063.4300000000000000 | 1942.0000000000000000 |     4.0000000000000000
 AAAAAAAAICNAAAAA | United States | IL       | Cass County       | 40.0000000000000000 |  30.8900000000000000 | 0.00000000000000000000 |     4.9400000000000000 |   -290.8000000000000000 | 1942.0000000000000000 |     4.0000000000000000
 AAAAAAAAODIAAAAA | United States | IL       | Cass County       | 73.0000000000000000 |  67.2300000000000000 | 0.00000000000000000000 |    45.7100000000000000 |    362.0800000000000000 | 1942.0000000000000000 |     4.0000000000000000
 AAAAAAAAOMECAAAA | United States | IL       | Cass County       | 70.0000000000000000 | 159.9500000000000000 | 0.00000000000000000000 |   129.5500000000000000 |   2742.6000000000000000 | 1942.0000000000000000 |     4.0000000000000000
 AAAAAAAAKBLDAAAA | United States | IL       | Christian County  | 85.0000000000000000 | 170.6400000000000000 | 0.00000000000000000000 |   160.4000000000000000 |   5576.0000000000000000 | 1957.0000000000000000 |     3.0000000000000000
 AAAAAAAAMOGAAAAA | United States | IL       | Christian County  | 11.0000000000000000 |  41.7400000000000000 | 0.00000000000000000000 |     7.5100000000000000 |   -110.3300000000000000 | 1957.0000000000000000 |     3.0000000000000000
 AAAAAAAANGFEAAAA | United States | IL       | Christian County  | 79.0000000000000000 |  41.5000000000000000 | 0.00000000000000000000 |    31.5400000000000000 |    416.3300000000000000 | 1957.0000000000000000 |     3.0000000000000000
 AAAAAAAANHBBAAAA | United States | IL       | Christian County  |  6.0000000000000000 | 119.1600000000000000 |    72.3300000000000000 |    27.4000000000000000 |   -369.2100000000000000 | 1957.0000000000000000 |     3.0000000000000000
 AAAAAAAANKFAAAAA | United States | IL       | Christian County  | 70.0000000000000000 | 232.5800000000000000 | 0.00000000000000000000 |    20.9300000000000000 |  -4072.6000000000000000 | 1957.0000000000000000 |     3.0000000000000000
 AAAAAAAABANCAAAA | United States | IL       | Clinton County    | 13.0000000000000000 | 269.6500000000000000 | 0.00000000000000000000 |    97.0700000000000000 |     69.5500000000000000 | 1925.0000000000000000 |     4.0000000000000000
 AAAAAAAABGHCAAAA | United States | IL       | Clinton County    | 55.0000000000000000 | 178.0400000000000000 | 0.00000000000000000000 |   108.6000000000000000 |   1375.5500000000000000 | 1925.0000000000000000 |     4.0000000000000000
 AAAAAAAACEEAAAAA | United States | IL       | Clinton County    | 24.0000000000000000 |  42.2800000000000000 |   563.2500000000000000 |    25.7900000000000000 |   -358.5300000000000000 | 1925.0000000000000000 |     4.0000000000000000
 AAAAAAAAGHEDAAAA | United States | IL       | Clinton County    | 75.0000000000000000 |  13.9200000000000000 |   111.6900000000000000 |     2.9200000000000000 |   -777.6900000000000000 | 1925.0000000000000000 |     4.0000000000000000
 AAAAAAAAIKABAAAA | United States | IL       | Clinton County    | 86.0000000000000000 |  26.7100000000000000 | 0.00000000000000000000 |    14.9500000000000000 |   -391.3000000000000000 | 1925.0000000000000000 |     4.0000000000000000
 AAAAAAAAILPBAAAA | United States | IL       | Clinton County    | 74.0000000000000000 | 236.0300000000000000 | 0.00000000000000000000 |    99.1300000000000000 |    235.3200000000000000 | 1925.0000000000000000 |     4.0000000000000000
 AAAAAAAAIPNBAAAA | United States | IL       | Clinton County    | 41.0000000000000000 |  86.3300000000000000 | 0.00000000000000000000 |    57.8400000000000000 |    131.2000000000000000 | 1925.0000000000000000 |     4.0000000000000000
 AAAAAAAAJLGCAAAA | United States | IL       | Clinton County    | 73.0000000000000000 |  95.8400000000000000 |   204.1000000000000000 |     3.8300000000000000 |  -5348.4100000000000000 | 1925.0000000000000000 |     4.0000000000000000
 AAAAAAAAKKHBAAAA | United States | IL       | Clinton County    | 24.0000000000000000 |  16.5800000000000000 | 0.00000000000000000000 |    13.5900000000000000 |    102.4800000000000000 | 1925.0000000000000000 |     4.0000000000000000
 AAAAAAAALNICAAAA | United States | IL       | Clinton County    | 92.0000000000000000 |  41.1700000000000000 | 0.00000000000000000000 |    24.2900000000000000 |    422.2800000000000000 | 1925.0000000000000000 |     4.0000000000000000
 AAAAAAAAMBBDAAAA | United States | IL       | Clinton County    | 58.0000000000000000 | 152.4900000000000000 | 0.00000000000000000000 |    62.5200000000000000 |    211.1200000000000000 | 1925.0000000000000000 |     4.0000000000000000
 AAAAAAAAMBDBAAAA | United States | IL       | Clinton County    | 42.0000000000000000 |  48.6000000000000000 | 0.00000000000000000000 |    42.2800000000000000 |     45.7800000000000000 | 1925.0000000000000000 |     4.0000000000000000
 AAAAAAAAOCLCAAAA | United States | IL       | Clinton County    | 82.0000000000000000 | 114.4200000000000000 | 0.00000000000000000000 |    81.2300000000000000 |    234.5200000000000000 | 1925.0000000000000000 |     4.0000000000000000
 AAAAAAAAOILBAAAA | United States | IL       | Clinton County    | 42.0000000000000000 |  41.9100000000000000 |  1120.0800000000000000 |    31.0100000000000000 |  -1543.4400000000000000 | 1925.0000000000000000 |     4.0000000000000000
 AAAAAAAAAGEAAAAA | United States | IL       | Cumberland County | 87.0000000000000000 |   4.9600000000000000 |    34.7600000000000000 | 1.48000000000000000000 |   -294.8900000000000000 | 1961.0000000000000000 | 0.00000000000000000000
 AAAAAAAACBABAAAA | United States | IL       | Cumberland County | 97.0000000000000000 |  31.7900000000000000 | 0.00000000000000000000 |    12.7100000000000000 |   -188.1800000000000000 | 1961.0000000000000000 | 0.00000000000000000000
 AAAAAAAACMCEAAAA | United States | IL       | Cumberland County | 32.0000000000000000 | 134.1800000000000000 | 0.00000000000000000000 |    77.8200000000000000 |    670.7200000000000000 | 1961.0000000000000000 | 0.00000000000000000000
 AAAAAAAADOIDAAAA | United States | IL       | Cumberland County | 13.0000000000000000 |  97.6900000000000000 | 0.00000000000000000000 |    76.1900000000000000 |    447.7200000000000000 | 1961.0000000000000000 | 0.00000000000000000000
 AAAAAAAALKABAAAA | United States | IL       | Cumberland County | 27.0000000000000000 |  72.1100000000000000 | 0.00000000000000000000 |    31.0000000000000000 |   -553.7700000000000000 | 1961.0000000000000000 | 0.00000000000000000000
 AAAAAAAALOLBAAAA | United States | IL       | Cumberland County | 95.0000000000000000 |  12.1100000000000000 | 0.00000000000000000000 | 0.36000000000000000000 |   -893.9500000000000000 | 1961.0000000000000000 | 0.00000000000000000000
 AAAAAAAAOPIBAAAA | United States | IL       | Cumberland County | 90.0000000000000000 | 117.7400000000000000 |  6989.2300000000000000 |    80.0600000000000000 |  -7091.8300000000000000 | 1961.0000000000000000 | 0.00000000000000000000
 AAAAAAAAPLPCAAAA | United States | IL       | Cumberland County | 94.0000000000000000 |  17.9600000000000000 | 0.00000000000000000000 |    16.3400000000000000 |    432.4000000000000000 | 1961.0000000000000000 | 0.00000000000000000000
 AAAAAAAACGCDAAAA | United States | IL       | DeKalb County     | 23.0000000000000000 | 115.4500000000000000 | 0.00000000000000000000 |   114.2900000000000000 |    661.7100000000000000 | 1938.0000000000000000 |     2.0000000000000000
 AAAAAAAACICEAAAA | United States | IL       | DeKalb County     | 88.0000000000000000 | 166.4600000000000000 | 0.00000000000000000000 |    23.3000000000000000 |  -4346.3200000000000000 | 1938.0000000000000000 |     2.0000000000000000
 AAAAAAAADKBCAAAA | United States | IL       | DeKalb County     | 71.0000000000000000 | 116.6200000000000000 | 0.00000000000000000000 |    88.6300000000000000 |   1841.0300000000000000 | 1938.0000000000000000 |     2.0000000000000000
 AAAAAAAAEKMDAAAA | United States | IL       | DeKalb County     | 41.0000000000000000 | 140.3700000000000000 | 0.00000000000000000000 | 0.00000000000000000000 |  -2524.3700000000000000 | 1938.0000000000000000 |     2.0000000000000000
 AAAAAAAAEMJBAAAA | United States | IL       | DeKalb County     | 74.0000000000000000 | 273.8700000000000000 | 0.00000000000000000000 |   213.6100000000000000 |   8620.2600000000000000 | 1938.0000000000000000 |     2.0000000000000000
 AAAAAAAAFHOCAAAA | United States | IL       | DeKalb County     |  5.0000000000000000 |  69.4400000000000000 |   151.8400000000000000 |    56.2400000000000000 |    -71.3400000000000000 | 1938.0000000000000000 |     2.0000000000000000
 AAAAAAAAGBMBAAAA | United States | IL       | DeKalb County     | 71.0000000000000000 |  78.8900000000000000 | 0.00000000000000000000 |    32.3400000000000000 |  -2295.4300000000000000 | 1938.0000000000000000 |     2.0000000000000000
 AAAAAAAAKIOCAAAA | United States | IL       | DeKalb County     | 79.0000000000000000 |  12.7900000000000000 |   353.1300000000000000 |     4.4700000000000000 |   -495.3300000000000000 | 1938.0000000000000000 |     2.0000000000000000
 AAAAAAAAMEDDAAAA | United States | IL       | DeKalb County     | 23.0000000000000000 |  95.8000000000000000 | 0.00000000000000000000 |    12.4500000000000000 |   -468.2800000000000000 | 1938.0000000000000000 |     2.0000000000000000
 AAAAAAAAMPCAAAAA | United States | IL       | DeKalb County     |  2.0000000000000000 | 193.6500000000000000 |    56.6500000000000000 |    36.7900000000000000 |   -118.4900000000000000 | 1938.0000000000000000 |     2.0000000000000000
 AAAAAAAAOINAAAAA | United States | IL       | DeKalb County     | 44.0000000000000000 |   6.3300000000000000 | 0.00000000000000000000 |     4.2400000000000000 |     88.4400000000000000 | 1938.0000000000000000 |     2.0000000000000000
 AAAAAAAAOPJDAAAA | United States | IL       | DeKalb County     | 41.0000000000000000 |  44.3800000000000000 | 0.00000000000000000000 |     6.6500000000000000 |   -389.0900000000000000 | 1938.0000000000000000 |     2.0000000000000000
 AAAAAAAAPDOCAAAA | United States | IL       | DeKalb County     |  4.0000000000000000 |  67.8800000000000000 | 0.00000000000000000000 |    10.1800000000000000 |    -70.5600000000000000 | 1938.0000000000000000 |     2.0000000000000000
 AAAAAAAAANKDAAAA | United States | IL       | De Witt County    | 27.0000000000000000 | 244.0600000000000000 | 0.00000000000000000000 |    95.1800000000000000 |    207.9000000000000000 | 1971.0000000000000000 |     2.0000000000000000
 AAAAAAAABBMCAAAA | United States | IL       | De Witt County    | 84.0000000000000000 |  43.1000000000000000 | 0.00000000000000000000 |    16.3700000000000000 |   -960.9600000000000000 | 1937.0000000000000000 | 0.00000000000000000000
 AAAAAAAACCGDAAAA | United States | IL       | De Witt County    | 26.0000000000000000 | 119.3000000000000000 | 0.00000000000000000000 |   119.3000000000000000 |   1710.8000000000000000 | 1971.0000000000000000 |     2.0000000000000000
 AAAAAAAACONAAAAA | United States | IL       | De Witt County    | 29.0000000000000000 |  38.2100000000000000 |   448.2900000000000000 |    27.1200000000000000 |    -93.0400000000000000 | 1937.0000000000000000 | 0.00000000000000000000
 AAAAAAAADHFBAAAA | United States | IL       | De Witt County    | 65.0000000000000000 |   7.5000000000000000 | 0.00000000000000000000 |     6.9700000000000000 |    142.3500000000000000 | 1937.0000000000000000 | 0.00000000000000000000
 AAAAAAAADHMDAAAA | United States | IL       | De Witt County    | 29.0000000000000000 |  59.5400000000000000 | 0.00000000000000000000 |    52.3900000000000000 |     30.7400000000000000 | 1971.0000000000000000 |     2.0000000000000000
 AAAAAAAAEICCAAAA | United States | IL       | De Witt County    | 91.0000000000000000 |   8.1100000000000000 |    69.6100000000000000 | 1.70000000000000000000 |   -496.4000000000000000 | 1971.0000000000000000 |     2.0000000000000000
 AAAAAAAAIODAAAAA | United States | IL       | De Witt County    | 17.0000000000000000 | 152.2500000000000000 | 0.00000000000000000000 |    68.5100000000000000 |   -527.0000000000000000 | 1971.0000000000000000 |     2.0000000000000000
 AAAAAAAAJHGDAAAA | United States | IL       | De Witt County    | 34.0000000000000000 |  56.5700000000000000 | 0.00000000000000000000 |    33.3700000000000000 |    214.2000000000000000 | 1971.0000000000000000 |     2.0000000000000000
 AAAAAAAALFDDAAAA | United States | IL       | De Witt County    | 56.0000000000000000 | 227.2200000000000000 | 0.00000000000000000000 |   138.6000000000000000 |   2712.0800000000000000 | 1971.0000000000000000 |     2.0000000000000000
 AAAAAAAAMGHAAAAA | United States | IL       | De Witt County    | 15.0000000000000000 | 171.6100000000000000 | 0.00000000000000000000 |    94.3800000000000000 |    -63.7500000000000000 | 1937.0000000000000000 | 0.00000000000000000000
 AAAAAAAAMIPCAAAA | United States | IL       | De Witt County    | 29.0000000000000000 |  64.0400000000000000 | 0.00000000000000000000 |     9.6000000000000000 |   -377.8700000000000000 | 1971.0000000000000000 |     2.0000000000000000
 AAAAAAAAMNHAAAAA | United States | IL       | De Witt County    | 77.0000000000000000 |  22.1300000000000000 | 0.00000000000000000000 | 1.32000000000000000000 |  -1170.4000000000000000 | 1937.0000000000000000 | 0.00000000000000000000
 AAAAAAAAOOOCAAAA | United States | IL       | De Witt County    | 60.0000000000000000 |  92.3100000000000000 |   754.6300000000000000 |    26.7600000000000000 |  -1170.4300000000000000 | 1971.0000000000000000 |     2.0000000000000000
 AAAAAAAAPABAAAAA | United States | IL       | De Witt County    | 53.0000000000000000 |   2.6700000000000000 | 0.00000000000000000000 | 1.52000000000000000000 |     26.5000000000000000 | 1937.0000000000000000 | 0.00000000000000000000
 AAAAAAAAPGHAAAAA | United States | IL       | De Witt County    | 99.0000000000000000 | 117.7300000000000000 | 0.00000000000000000000 |    37.6700000000000000 |  -1168.2000000000000000 | 1971.0000000000000000 |     2.0000000000000000
 AAAAAAAACHLCAAAA | United States | IL       | Douglas County    | 45.0000000000000000 | 202.0900000000000000 | 0.00000000000000000000 |   185.9200000000000000 |   4395.1500000000000000 | 1931.0000000000000000 |     6.0000000000000000
 AAAAAAAADCFDAAAA | United States | IL       | Douglas County    | 58.0000000000000000 |  25.0600000000000000 |   104.6000000000000000 |    20.0400000000000000 |    381.4400000000000000 | 1931.0000000000000000 |     6.0000000000000000
 AAAAAAAAEKODAAAA | United States | IL       | Douglas County    | 36.0000000000000000 |  31.2600000000000000 | 0.00000000000000000000 |    21.8800000000000000 |    140.7600000000000000 | 1931.0000000000000000 |     6.0000000000000000
 AAAAAAAAFEPBAAAA | United States | IL       | Douglas County    | 40.0000000000000000 | 270.1400000000000000 | 0.00000000000000000000 |    10.8000000000000000 |  -3182.0000000000000000 | 1931.0000000000000000 |     6.0000000000000000
 AAAAAAAAHOBAAAAA | United States | IL       | Douglas County    | 29.0000000000000000 |  49.8500000000000000 | 0.00000000000000000000 |    42.3700000000000000 |    467.7700000000000000 | 1931.0000000000000000 |     6.0000000000000000
 AAAAAAAAJCFAAAAA | United States | IL       | Douglas County    | 19.0000000000000000 | 162.5400000000000000 |  1033.9300000000000000 |    87.7700000000000000 |   -902.8300000000000000 | 1931.0000000000000000 |     6.0000000000000000
 AAAAAAAAKEMDAAAA | United States | IL       | Douglas County    | 99.0000000000000000 |  29.1100000000000000 |    48.8000000000000000 | 0.58000000000000000000 |   -958.6100000000000000 | 1931.0000000000000000 |     6.0000000000000000
 AAAAAAAAKILAAAAA | United States | IL       | Douglas County    | 89.0000000000000000 |  94.9900000000000000 |  1336.4500000000000000 |    48.4400000000000000 |    -55.7400000000000000 | 1931.0000000000000000 |     6.0000000000000000
 AAAAAAAAKJKAAAAA | United States | IL       | Douglas County    | 71.0000000000000000 |  22.6000000000000000 | 0.00000000000000000000 |     5.4200000000000000 |   -501.9700000000000000 | 1931.0000000000000000 |     6.0000000000000000
 AAAAAAAAOFHCAAAA | United States | IL       | Douglas County    | 19.0000000000000000 | 180.6400000000000000 | 0.00000000000000000000 |    84.9000000000000000 |     24.1300000000000000 | 1931.0000000000000000 |     6.0000000000000000
 AAAAAAAAOGMDAAAA | United States | IL       | Douglas County    | 91.0000000000000000 |  48.8600000000000000 | 0.00000000000000000000 |    24.4300000000000000 |     95.5500000000000000 | 1931.0000000000000000 |     6.0000000000000000
 AAAAAAAAOHOCAAAA | United States | IL       | Douglas County    | 16.0000000000000000 |  48.9000000000000000 | 0.00000000000000000000 |    45.9600000000000000 |    472.8000000000000000 | 1931.0000000000000000 |     6.0000000000000000
 AAAAAAAAPOHBAAAA | United States | IL       | Douglas County    |  9.0000000000000000 |   3.0800000000000000 | 0.00000000000000000000 | 0.27000000000000000000 |    -15.0300000000000000 | 1931.0000000000000000 |     6.0000000000000000
 AAAAAAAAAFMDAAAA | United States | IL       | Edgar County      | 28.0000000000000000 | 184.0100000000000000 | 0.00000000000000000000 |    88.3200000000000000 |     76.4400000000000000 | 1974.0000000000000000 |     3.0000000000000000
 AAAAAAAABMJDAAAA | United States | IL       | Edgar County      | 51.0000000000000000 |  73.0800000000000000 | 0.00000000000000000000 |    69.4200000000000000 |   1373.4300000000000000 | 1974.0000000000000000 |     3.0000000000000000
 AAAAAAAAEIIDAAAA | United States | IL       | Edgar County      | 33.0000000000000000 | 125.7800000000000000 | 0.00000000000000000000 |   109.4200000000000000 |   1585.9800000000000000 | 1974.0000000000000000 |     3.0000000000000000
 AAAAAAAAEJPBAAAA | United States | IL       | Edgar County      | 27.0000000000000000 |  66.1700000000000000 | 0.00000000000000000000 |    58.2200000000000000 |    372.8700000000000000 | 1974.0000000000000000 |     3.0000000000000000
(100 rows)

UPDATE time_statistics SET e_time = TRANSACTION_TIMESTAMP() WHERE template = 'query18.tpl' AND stream = 7;
psql:/tmp/s1-basline/throughput/query_7.sql:3212: NOTICE:  duration: 0.101 ms  plan:
Query Text: UPDATE time_statistics SET e_time = TRANSACTION_TIMESTAMP() WHERE template = 'query18.tpl' AND stream = 7;
Update on time_statistics  (cost=0.00..20.59 rows=0 width=0) (actual time=0.101..0.101 rows=0 loops=1)
  ->  Seq Scan on time_statistics  (cost=0.00..20.59 rows=1 width=14) (actual time=0.086..0.086 rows=1 loops=1)
        Filter: ((template = 'query18.tpl'::text) AND (stream = 7))
        Rows Removed by Filter: 663
UPDATE 1
LOAD 'auto_explain'; SET auto_explain.log_min_duration TO 0; SET auto_explain.log_analyze TO on; SET auto_explain.log_level TO notice; INSERT INTO time_statistics (template, s_time, stream, query, seed) VALUES ('../query_variants/query36a.tpl', TRANSACTION_TIMESTAMP(), 7, 69, 1346212349);
LOAD
SET
SET
SET
psql:/tmp/s1-basline/throughput/query_7.sql:3213: NOTICE:  duration: 0.008 ms  plan:
Query Text: INSERT INTO time_statistics (template, s_time, stream, query, seed) VALUES ('../query_variants/query36a.tpl', TRANSACTION_TIMESTAMP(), 7, 69, 1346212349);
Insert on time_statistics  (cost=0.00..0.01 rows=0 width=0) (actual time=0.008..0.008 rows=0 loops=1)
  ->  Result  (cost=0.00..0.01 rows=1 width=64) (actual time=0.001..0.001 rows=1 loops=1)
INSERT 0 1
with results as
 (select 
    sum(ss_net_profit) as ss_net_profit, sum(ss_ext_sales_price) as ss_ext_sales_price,
    sum(ss_net_profit)/sum(ss_ext_sales_price) as gross_margin
   ,i_category
   ,i_class
   ,0 as g_category, 0 as g_class
 from
    store_sales
   ,date_dim       d1
   ,item
   ,store
 where
    d1.d_year = 2002 
    and d1.d_date_sk = ss_sold_date_sk
    and i_item_sk  = ss_item_sk 
    and s_store_sk  = ss_store_sk
    and s_state in ('TN','TN','TN','TN',
                 'TN','TN','TN','TN')
 group by i_category,i_class)
 ,
 results_rollup as
 (select gross_margin ,i_category ,i_class,0 as t_category, 0 as t_class, 0 as lochierarchy from results
 union
 select sum(ss_net_profit)/sum(ss_ext_sales_price) as gross_margin,
   i_category, NULL AS i_class, 0 as t_category, 1 as t_class, 1 as lochierarchy from results group by i_category
 union
 select sum(ss_net_profit)/sum(ss_ext_sales_price) as gross_margin,
   NULL AS i_category ,NULL AS i_class, 1 as t_category, 1 as t_class, 2 as lochierarchy from results)
  select 
  gross_margin ,i_category ,i_class, lochierarchy,rank() over (
 	partition by lochierarchy, case when t_class = 0 then i_category end 
 	order by gross_margin asc) as rank_within_parent
 from results_rollup
 order by
   lochierarchy desc
  ,case when lochierarchy = 0 then i_category end
  ,rank_within_parent
  limit 100;
psql:/tmp/s1-basline/throughput/query_7.sql:3252: NOTICE:  duration: 1065.753 ms  plan:
Query Text: with results as
 (select 
    sum(ss_net_profit) as ss_net_profit, sum(ss_ext_sales_price) as ss_ext_sales_price,
    sum(ss_net_profit)/sum(ss_ext_sales_price) as gross_margin
   ,i_category
   ,i_class
   ,0 as g_category, 0 as g_class
 from
    store_sales
   ,date_dim       d1
   ,item
   ,store
 where
    d1.d_year = 2002 
    and d1.d_date_sk = ss_sold_date_sk
    and i_item_sk  = ss_item_sk 
    and s_store_sk  = ss_store_sk
    and s_state in ('TN','TN','TN','TN',
                 'TN','TN','TN','TN')
 group by i_category,i_class)
 ,
 results_rollup as
 (select gross_margin ,i_category ,i_class,0 as t_category, 0 as t_class, 0 as lochierarchy from results
 union
 select sum(ss_net_profit)/sum(ss_ext_sales_price) as gross_margin,
   i_category, NULL AS i_class, 0 as t_category, 1 as t_class, 1 as lochierarchy from results group by i_category
 union
 select sum(ss_net_profit)/sum(ss_ext_sales_price) as gross_margin,
   NULL AS i_category ,NULL AS i_class, 1 as t_category, 1 as t_class, 2 as lochierarchy from results)
  select 
  gross_margin ,i_category ,i_class, lochierarchy,rank() over (
 	partition by lochierarchy, case when t_class = 0 then i_category end 
 	order by gross_margin asc) as rank_within_parent
 from results_rollup
 order by
   lochierarchy desc
  ,case when lochierarchy = 0 then i_category end
  ,rank_within_parent
  limit 100;
Limit  (cost=94624.05..94624.30 rows=100 width=148) (actual time=1065.551..1065.688 rows=100 loops=1)
  CTE results
    ->  Finalize GroupAggregate  (cost=94009.35..94348.11 rows=990 width=134) (actual time=966.006..1064.987 rows=120 loops=1)
          Group Key: item.i_category, item.i_class
          ->  Gather Merge  (cost=94009.35..94315.94 rows=1980 width=118) (actual time=965.366..1064.851 rows=360 loops=1)
                Workers Planned: 2
                Workers Launched: 2
                ->  Partial GroupAggregate  (cost=93009.32..93087.37 rows=990 width=118) (actual time=860.492..945.246 rows=120 loops=3)
                      Group Key: item.i_category, item.i_class
                      ->  Sort  (cost=93009.32..93022.95 rows=5452 width=118) (actual time=859.838..897.426 rows=176873 loops=3)
                            Sort Key: item.i_category, item.i_class
                            Sort Method: external merge  Disk: 23896kB
                            Worker 0:  Sort Method: external merge  Disk: 21608kB
                            Worker 1:  Sort Method: external merge  Disk: 21736kB
                            ->  Nested Loop  (cost=2324.33..92670.96 rows=5452 width=118) (actual time=14.416..660.497 rows=176873 loops=3)
                                  ->  Hash Join  (cost=2324.04..91005.39 rows=5452 width=24) (actual time=14.365..320.139 rows=176873 loops=3)
                                        Hash Cond: (store_sales.ss_store_sk = store.s_store_sk)
                                        ->  Hash Join  (cost=2322.65..90983.94 rows=5718 width=32) (actual time=14.277..291.288 rows=181144 loops=3)
                                              Hash Cond: (store_sales.ss_sold_date_sk = d1.d_date_sk)
                                              ->  Parallel Seq Scan on store_sales  (cost=0.00..85499.45 rows=1204445 width=40) (actual time=0.015..130.009 rows=948150 loops=3)
                                              ->  Hash  (cost=2318.11..2318.11 rows=363 width=8) (actual time=14.250..14.251 rows=365 loops=3)
                                                    Buckets: 1024  Batches: 1  Memory Usage: 23kB
                                                    ->  Seq Scan on date_dim d1  (cost=0.00..2318.11 rows=363 width=8) (actual time=7.170..14.207 rows=365 loops=3)
                                                          Filter: (d_year = 2002)
                                                          Rows Removed by Filter: 72684
                                        ->  Hash  (cost=1.24..1.24 rows=12 width=8) (actual time=0.036..0.036 rows=12 loops=3)
                                              Buckets: 1024  Batches: 1  Memory Usage: 9kB
                                              ->  Seq Scan on store  (cost=0.00..1.24 rows=12 width=8) (actual time=0.026..0.031 rows=12 loops=3)
                                                    Filter: (s_state = ANY ('{TN,TN,TN,TN,TN,TN,TN,TN}'::bpchar[]))
                                  ->  Index Scan using pk_item on item  (cost=0.29..0.31 rows=1 width=110) (actual time=0.002..0.002 rows=1 loops=530618)
                                        Index Cond: (i_item_sk = store_sales.ss_item_sk)
  ->  Sort  (cost=275.93..278.91 rows=1191 width=148) (actual time=1065.550..1065.556 rows=100 loops=1)
        Sort Key: results_rollup.lochierarchy DESC, (CASE WHEN (results_rollup.lochierarchy = 0) THEN results_rollup.i_category ELSE NULL::bpchar END), (rank() OVER (?))
        Sort Method: quicksort  Memory: 57kB
        ->  WindowAgg  (cost=197.66..230.42 rows=1191 width=148) (actual time=1065.238..1065.334 rows=132 loops=1)
              ->  Sort  (cost=197.66..200.64 rows=1191 width=108) (actual time=1065.231..1065.238 rows=132 loops=1)
                    Sort Key: results_rollup.lochierarchy, (CASE WHEN (results_rollup.t_class = 0) THEN results_rollup.i_category ELSE NULL::bpchar END), results_rollup.gross_margin
                    Sort Method: quicksort  Memory: 48kB
                    ->  Subquery Scan on results_rollup  (cost=110.02..136.81 rows=1191 width=108) (actual time=1065.085..1065.124 rows=132 loops=1)
                          ->  HashAggregate  (cost=110.02..121.93 rows=1191 width=84) (actual time=1065.083..1065.111 rows=132 loops=1)
                                Group Key: results.gross_margin, results.i_category, results.i_class, (0), (0), (0)
                                Batches: 1  Memory Usage: 97kB
                                ->  Append  (cost=0.00..92.15 rows=1191 width=84) (actual time=966.010..1065.008 rows=132 loops=1)
                                      ->  CTE Scan on results  (cost=0.00..19.80 rows=990 width=428) (actual time=966.009..1064.923 rows=120 loops=1)
                                      ->  HashAggregate  (cost=27.23..29.73 rows=200 width=256) (actual time=0.050..0.053 rows=11 loops=1)
                                            Group Key: results_1.i_category
                                            Batches: 1  Memory Usage: 40kB
                                            ->  CTE Scan on results results_1  (cost=0.00..19.80 rows=990 width=220) (actual time=0.000..0.009 rows=120 loops=1)
                                      ->  Aggregate  (cost=24.75..24.76 rows=1 width=84) (actual time=0.019..0.019 rows=1 loops=1)
                                            ->  CTE Scan on results results_2  (cost=0.00..19.80 rows=990 width=16) (actual time=0.000..0.008 rows=120 loops=1)
     gross_margin     |                     i_category                     |                      i_class                       | lochierarchy | rank_within_parent 
----------------------+----------------------------------------------------+----------------------------------------------------+--------------+--------------------
 -0.43238667315365115 |                                                    |                                                    |            2 |                  1
  -0.4368974243470765 | Electronics                                        |                                                    |            1 |                  1
  -0.4367651977455584 | Jewelry                                            |                                                    |            1 |                  2
 -0.43501897924472493 | Men                                                |                                                    |            1 |                  3
 -0.43454268468755586 | Sports                                             |                                                    |            1 |                  4
  -0.4341225824098047 | Books                                              |                                                    |            1 |                  5
 -0.43294650909865223 | Shoes                                              |                                                    |            1 |                  6
 -0.43219258452963144 | Music                                              |                                                    |            1 |                  7
 -0.43212112117682255 | Home                                               |                                                    |            1 |                  8
  -0.4287726253030903 | Children                                           |                                                    |            1 |                  9
  -0.4238288842047258 |                                                    |                                                    |            1 |                 10
  -0.4208425455712728 | Women                                              |                                                    |            1 |                 11
  -0.4888004148981342 | Books                                              | computers                                          |            0 |                  1
 -0.48560112800603056 | Books                                              |                                                    |            0 |                  2
  -0.4739450438397401 | Books                                              | self-help                                          |            0 |                  3
  -0.4628554442463808 | Books                                              | mystery                                            |            0 |                  4
  -0.4502397373837067 | Books                                              | history                                            |            0 |                  5
 -0.44522743718068186 | Books                                              | business                                           |            0 |                  6
  -0.4440064859101409 | Books                                              | sports                                             |            0 |                  7
 -0.44313619831945605 | Books                                              | fiction                                            |            0 |                  8
  -0.4330497373788227 | Books                                              | arts                                               |            0 |                  9
 -0.43204472841363484 | Books                                              | romance                                            |            0 |                 10
 -0.42817373144328774 | Books                                              | science                                            |            0 |                 11
  -0.4274554632046271 | Books                                              | parenting                                          |            0 |                 12
 -0.42509213925218114 | Books                                              | reference                                          |            0 |                 13
  -0.4204389805581585 | Books                                              | cooking                                            |            0 |                 14
  -0.4005595455712571 | Books                                              | home repair                                        |            0 |                 15
  -0.3989503212717837 | Books                                              | entertainments                                     |            0 |                 16
  -0.3959953034630389 | Books                                              | travel                                             |            0 |                 17
 -0.43206126401987316 | Children                                           | school-uniforms                                    |            0 |                  1
  -0.4318234494639454 | Children                                           | infants                                            |            0 |                  2
 -0.43049753401887203 | Children                                           | newborn                                            |            0 |                  3
  -0.4209949879928819 | Children                                           | toddlers                                           |            0 |                  4
 -0.36700634536893306 | Children                                           |                                                    |            0 |                  5
  -0.4620116386078134 | Electronics                                        | audio                                              |            0 |                  1
  -0.4578608174671171 | Electronics                                        | stereo                                             |            0 |                  2
   -0.454186247641255 | Electronics                                        | karoke                                             |            0 |                  3
 -0.44801428597112014 | Electronics                                        | automotive                                         |            0 |                  4
  -0.4466822926233191 | Electronics                                        | camcorders                                         |            0 |                  5
  -0.4458599209947862 | Electronics                                        | disk drives                                        |            0 |                  6
 -0.44254055424297983 | Electronics                                        | dvd/vcr players                                    |            0 |                  7
 -0.43635935832639833 | Electronics                                        | personal                                           |            0 |                  8
  -0.4335965204541011 | Electronics                                        | wireless                                           |            0 |                  9
  -0.4288119859981434 | Electronics                                        | televisions                                        |            0 |                 10
  -0.4286389231635176 | Electronics                                        | monitors                                           |            0 |                 11
   -0.428450253365515 | Electronics                                        | cameras                                            |            0 |                 12
  -0.4246224037609648 | Electronics                                        | musical                                            |            0 |                 13
  -0.4223454291197239 | Electronics                                        | memory                                             |            0 |                 14
 -0.41687169766437093 | Electronics                                        | scanners                                           |            0 |                 15
  -0.4150579167247535 | Electronics                                        | portable                                           |            0 |                 16
  -0.4006999135623577 | Electronics                                        |                                                    |            0 |                 17
  -0.4629224938172374 | Home                                               | kids                                               |            0 |                  1
 -0.45558722152676634 | Home                                               | lighting                                           |            0 |                  2
  -0.4536647073460365 | Home                                               | blinds/shades                                      |            0 |                  3
  -0.4470166456359884 | Home                                               | flatware                                           |            0 |                  4
  -0.4403813441573799 | Home                                               | decor                                              |            0 |                  5
  -0.4396270853530427 | Home                                               | accent                                             |            0 |                  6
 -0.43692301741721623 | Home                                               | rugs                                               |            0 |                  7
  -0.4359957221708829 | Home                                               | furniture                                          |            0 |                  8
 -0.43448405207353846 | Home                                               | mattresses                                         |            0 |                  9
  -0.4282169927924614 | Home                                               | bedding                                            |            0 |                 10
 -0.42490559364729785 | Home                                               | paint                                              |            0 |                 11
  -0.4248571639806602 | Home                                               | glassware                                          |            0 |                 12
 -0.41356751473717945 | Home                                               | curtains/drapes                                    |            0 |                 13
  -0.4093000809879053 | Home                                               | tables                                             |            0 |                 14
 -0.40572187260617876 | Home                                               | wallpaper                                          |            0 |                 15
 -0.40478584643891763 | Home                                               | bathroom                                           |            0 |                 16
 -0.36754511169479687 | Home                                               |                                                    |            0 |                 17
 -0.49207350694393404 | Jewelry                                            | rings                                              |            0 |                  1
  -0.4728690754770252 | Jewelry                                            | gold                                               |            0 |                  2
 -0.46076846697466434 | Jewelry                                            | jewelry boxes                                      |            0 |                  3
 -0.45057318140542946 | Jewelry                                            | womens watch                                       |            0 |                  4
  -0.4497222313763993 | Jewelry                                            | diamonds                                           |            0 |                  5
  -0.4417696071072735 | Jewelry                                            | estate                                             |            0 |                  6
  -0.4417393633663713 | Jewelry                                            | mens watch                                         |            0 |                  7
   -0.441634821955702 | Jewelry                                            | semi-precious                                      |            0 |                  8
 -0.44027843601921185 | Jewelry                                            | birdal                                             |            0 |                  9
  -0.4322055237433192 | Jewelry                                            | pendants                                           |            0 |                 10
  -0.4277155501378438 | Jewelry                                            | earings                                            |            0 |                 11
  -0.4234875468119343 | Jewelry                                            | bracelets                                          |            0 |                 12
  -0.4225189957587166 | Jewelry                                            | loose stones                                       |            0 |                 13
 -0.42142844964587445 | Jewelry                                            | consignment                                        |            0 |                 14
  -0.4132408645813845 | Jewelry                                            | costume                                            |            0 |                 15
  -0.3831626502200949 | Jewelry                                            | custom                                             |            0 |                 16
  -0.2919140434890992 | Jewelry                                            |                                                    |            0 |                 17
 -0.44546158471389624 | Men                                                | pants                                              |            0 |                  1
 -0.43890774616087846 | Men                                                | sports-apparel                                     |            0 |                  2
  -0.4312769719199374 | Men                                                | shirts                                             |            0 |                  3
  -0.4259291575917595 | Men                                                | accessories                                        |            0 |                  4
  -0.3785265508293466 | Men                                                |                                                    |            0 |                  5
  -0.4373498947425905 | Music                                              | country                                            |            0 |                  1
 -0.43448516430207906 | Music                                              | rock                                               |            0 |                  2
  -0.4310273276338341 | Music                                              | pop                                                |            0 |                  3
 -0.42570663906431344 | Music                                              | classical                                          |            0 |                  4
 -0.28615976681555894 | Music                                              |                                                    |            0 |                  5
  -0.4906897174336844 | Shoes                                              |                                                    |            0 |                  1
  -0.4360269032342882 | Shoes                                              | kids                                               |            0 |                  2
  -0.4350611325373881 | Shoes                                              | womens                                             |            0 |                  3
  -0.4302146708199328 | Shoes                                              | mens                                               |            0 |                  4
  -0.4295854622003377 | Shoes                                              | athletic                                           |            0 |                  5
(100 rows)

UPDATE time_statistics SET e_time = TRANSACTION_TIMESTAMP() WHERE template = '../query_variants/query36a.tpl' AND stream = 7;
psql:/tmp/s1-basline/throughput/query_7.sql:3254: NOTICE:  duration: 0.098 ms  plan:
Query Text: UPDATE time_statistics SET e_time = TRANSACTION_TIMESTAMP() WHERE template = '../query_variants/query36a.tpl' AND stream = 7;
Update on time_statistics  (cost=0.00..20.59 rows=0 width=0) (actual time=0.097..0.097 rows=0 loops=1)
  ->  Seq Scan on time_statistics  (cost=0.00..20.59 rows=1 width=14) (actual time=0.083..0.083 rows=1 loops=1)
        Filter: ((template = '../query_variants/query36a.tpl'::text) AND (stream = 7))
        Rows Removed by Filter: 664
UPDATE 1
LOAD 'auto_explain'; SET auto_explain.log_min_duration TO 0; SET auto_explain.log_analyze TO on; SET auto_explain.log_level TO notice; INSERT INTO time_statistics (template, s_time, stream, query, seed) VALUES ('query51.tpl', TRANSACTION_TIMESTAMP(), 7, 70, 2050728498);
LOAD
SET
SET
SET
psql:/tmp/s1-basline/throughput/query_7.sql:3255: NOTICE:  duration: 0.008 ms  plan:
Query Text: INSERT INTO time_statistics (template, s_time, stream, query, seed) VALUES ('query51.tpl', TRANSACTION_TIMESTAMP(), 7, 70, 2050728498);
Insert on time_statistics  (cost=0.00..0.01 rows=0 width=0) (actual time=0.008..0.008 rows=0 loops=1)
  ->  Result  (cost=0.00..0.01 rows=1 width=64) (actual time=0.001..0.001 rows=1 loops=1)
INSERT 0 1
WITH web_v1 as (
select
  ws_item_sk item_sk, d_date,
  sum(sum(ws_sales_price))
      over (partition by ws_item_sk order by d_date rows between unbounded preceding and current row) cume_sales
from web_sales
    ,date_dim
where ws_sold_date_sk=d_date_sk
  and d_month_seq between 1176 and 1176+11
  and ws_item_sk is not NULL
group by ws_item_sk, d_date),
store_v1 as (
select
  ss_item_sk item_sk, d_date,
  sum(sum(ss_sales_price))
      over (partition by ss_item_sk order by d_date rows between unbounded preceding and current row) cume_sales
from store_sales
    ,date_dim
where ss_sold_date_sk=d_date_sk
  and d_month_seq between 1176 and 1176+11
  and ss_item_sk is not NULL
group by ss_item_sk, d_date)
 select  *
from (select item_sk
     ,d_date
     ,web_sales
     ,store_sales
     ,max(web_sales)
         over (partition by item_sk order by d_date rows between unbounded preceding and current row) web_cumulative
     ,max(store_sales)
         over (partition by item_sk order by d_date rows between unbounded preceding and current row) store_cumulative
     from (select case when web.item_sk is not null then web.item_sk else store.item_sk end item_sk
                 ,case when web.d_date is not null then web.d_date else store.d_date end d_date
                 ,web.cume_sales web_sales
                 ,store.cume_sales store_sales
           from web_v1 web full outer join store_v1 store on (web.item_sk = store.item_sk
                                                          and web.d_date = store.d_date)
          )x )y
where web_cumulative > store_cumulative
order by item_sk
        ,d_date
limit 100;
psql:/tmp/s1-basline/throughput/query_7.sql:3297: NOTICE:  duration: 1405.387 ms  plan:
Query Text: WITH web_v1 as (
select
  ws_item_sk item_sk, d_date,
  sum(sum(ws_sales_price))
      over (partition by ws_item_sk order by d_date rows between unbounded preceding and current row) cume_sales
from web_sales
    ,date_dim
where ws_sold_date_sk=d_date_sk
  and d_month_seq between 1176 and 1176+11
  and ws_item_sk is not NULL
group by ws_item_sk, d_date),
store_v1 as (
select
  ss_item_sk item_sk, d_date,
  sum(sum(ss_sales_price))
      over (partition by ss_item_sk order by d_date rows between unbounded preceding and current row) cume_sales
from store_sales
    ,date_dim
where ss_sold_date_sk=d_date_sk
  and d_month_seq between 1176 and 1176+11
  and ss_item_sk is not NULL
group by ss_item_sk, d_date)
 select  *
from (select item_sk
     ,d_date
     ,web_sales
     ,store_sales
     ,max(web_sales)
         over (partition by item_sk order by d_date rows between unbounded preceding and current row) web_cumulative
     ,max(store_sales)
         over (partition by item_sk order by d_date rows between unbounded preceding and current row) store_cumulative
     from (select case when web.item_sk is not null then web.item_sk else store.item_sk end item_sk
                 ,case when web.d_date is not null then web.d_date else store.d_date end d_date
                 ,web.cume_sales web_sales
                 ,store.cume_sales store_sales
           from web_v1 web full outer join store_v1 store on (web.item_sk = store.item_sk
                                                          and web.d_date = store.d_date)
          )x )y
where web_cumulative > store_cumulative
order by item_sk
        ,d_date
limit 100;
Limit  (cost=130430.05..130440.55 rows=100 width=44) (actual time=1347.671..1405.322 rows=100 loops=1)
  ->  Subquery Scan on y  (cost=130430.05..130927.57 rows=4738 width=44) (actual time=1347.670..1405.315 rows=100 loops=1)
        Filter: (y.web_cumulative > y.store_cumulative)
        Rows Removed by Filter: 2544
        ->  WindowAgg  (cost=130430.05..130749.89 rows=14215 width=44) (actual time=1347.666..1405.191 rows=2644 loops=1)
              ->  Sort  (cost=130430.05..130465.59 rows=14215 width=28) (actual time=1347.655..1404.169 rows=2645 loops=1)
                    Sort Key: (CASE WHEN (web_sales.ws_item_sk IS NOT NULL) THEN web_sales.ws_item_sk ELSE store_sales.ss_item_sk END), (CASE WHEN (date_dim.d_date IS NOT NULL) THEN date_dim.d_date ELSE date_dim_1.d_date END)
                    Sort Method: external merge  Disk: 20032kB
                    ->  Merge Full Join  (cost=126687.45..129449.56 rows=14215 width=28) (actual time=493.563..1272.846 rows=595720 loops=1)
                          Merge Cond: ((web_sales.ws_item_sk = store_sales.ss_item_sk) AND (date_dim.d_date = date_dim_1.d_date))
                          ->  WindowAgg  (cost=34149.56..34663.90 rows=3719 width=20) (actual time=125.611..274.704 rows=138467 loops=1)
                                ->  Finalize GroupAggregate  (cost=34149.56..34598.82 rows=3719 width=20) (actual time=125.603..216.535 rows=138467 loops=1)
                                      Group Key: web_sales.ws_item_sk, date_dim.d_date
                                      ->  Gather Merge  (cost=34149.56..34538.38 rows=3100 width=20) (actual time=125.600..180.005 rows=141145 loops=1)
                                            Workers Planned: 2
                                            Workers Launched: 2
                                            ->  Partial GroupAggregate  (cost=33149.54..33180.54 rows=1550 width=20) (actual time=115.763..138.279 rows=47048 loops=3)
                                                  Group Key: web_sales.ws_item_sk, date_dim.d_date
                                                  ->  Sort  (cost=33149.54..33153.41 rows=1550 width=20) (actual time=115.755..122.250 rows=47564 loops=3)
                                                        Sort Key: web_sales.ws_item_sk, date_dim.d_date
                                                        Sort Method: quicksort  Memory: 7597kB
                                                        Worker 0:  Sort Method: quicksort  Memory: 3740kB
                                                        Worker 1:  Sort Method: quicksort  Memory: 3727kB
                                                        ->  Hash Join  (cost=2505.43..33067.40 rows=1550 width=20) (actual time=13.370..100.683 rows=47564 loops=3)
                                                              Hash Cond: (web_sales.ws_sold_date_sk = date_dim.d_date_sk)
                                                              ->  Parallel Seq Scan on web_sales  (cost=0.00..29771.63 rows=301063 width=24) (actual time=0.019..62.528 rows=237185 loops=3)
                                                                    Filter: (ws_item_sk IS NOT NULL)
                                                              ->  Hash  (cost=2500.73..2500.73 rows=376 width=12) (actual time=13.301..13.303 rows=365 loops=3)
                                                                    Buckets: 1024  Batches: 1  Memory Usage: 26kB
                                                                    ->  Seq Scan on date_dim  (cost=0.00..2500.73 rows=376 width=12) (actual time=6.244..13.252 rows=365 loops=3)
                                                                          Filter: ((d_month_seq >= 1176) AND (d_month_seq <= 1187))
                                                                          Rows Removed by Filter: 72684
                          ->  WindowAgg  (cost=92537.89..94503.43 rows=14215 width=20) (actual time=367.946..904.814 rows=483495 loops=1)
                                ->  Finalize GroupAggregate  (cost=92537.89..94254.67 rows=14215 width=20) (actual time=367.935..711.295 rows=483495 loops=1)
                                      Group Key: store_sales.ss_item_sk, date_dim_1.d_date
                                      ->  Gather Merge  (cost=92537.89..94023.67 rows=11846 width=20) (actual time=367.930..587.245 rows=517013 loops=1)
                                            Workers Planned: 2
                                            Workers Launched: 2
                                            ->  Partial GroupAggregate  (cost=91537.87..91656.33 rows=5923 width=20) (actual time=350.944..428.554 rows=172338 loops=3)
                                                  Group Key: store_sales.ss_item_sk, date_dim_1.d_date
                                                  ->  Sort  (cost=91537.87..91552.67 rows=5923 width=20) (actual time=350.935..367.999 rows=178653 loops=3)
                                                        Sort Key: store_sales.ss_item_sk, date_dim_1.d_date
                                                        Sort Method: external merge  Disk: 6584kB
                                                        Worker 0:  Sort Method: quicksort  Memory: 15018kB
                                                        Worker 1:  Sort Method: quicksort  Memory: 14933kB
                                                        ->  Hash Join  (cost=2505.43..91166.73 rows=5923 width=20) (actual time=13.408..277.046 rows=178653 loops=3)
                                                              Hash Cond: (store_sales.ss_sold_date_sk = date_dim_1.d_date_sk)
                                                              ->  Parallel Seq Scan on store_sales  (cost=0.00..85499.45 rows=1204445 width=24) (actual time=0.016..177.929 rows=948150 loops=3)
                                                                    Filter: (ss_item_sk IS NOT NULL)
                                                              ->  Hash  (cost=2500.73..2500.73 rows=376 width=12) (actual time=13.352..13.353 rows=365 loops=3)
                                                                    Buckets: 1024  Batches: 1  Memory Usage: 26kB
                                                                    ->  Seq Scan on date_dim date_dim_1  (cost=0.00..2500.73 rows=376 width=12) (actual time=6.254..13.303 rows=365 loops=3)
                                                                          Filter: ((d_month_seq >= 1176) AND (d_month_seq <= 1187))
                                                                          Rows Removed by Filter: 72684
 item_sk |   d_date   |     web_sales      |    store_sales     |   web_cumulative   |  store_cumulative  
---------+------------+--------------------+--------------------+--------------------+--------------------
       1 | 1998-02-09 |               33.1 |                    |               33.1 |              12.41
       1 | 1998-02-11 |                    |              14.92 |               33.1 |              14.92
       1 | 1998-02-16 | 43.150000000000006 |                    | 43.150000000000006 |              14.92
       1 | 1998-02-17 |             189.03 |                    |             189.03 |              14.92
       1 | 1998-02-23 |             304.72 |                    |             304.72 |              14.92
       1 | 1998-03-03 |                    |              29.48 |             304.72 |              29.48
       1 | 1998-03-24 |                    | 46.650000000000006 |             304.72 | 46.650000000000006
       1 | 1998-04-25 |                    |  65.21000000000001 |             304.72 |  65.21000000000001
       1 | 1998-05-25 |                    |             101.78 |             304.72 |             101.78
       1 | 1998-05-26 |                    |                185 |             304.72 |                185
       1 | 1998-05-29 |                    |             249.81 |             304.72 |             249.81
       1 | 1998-06-03 | 318.77000000000004 |                    | 318.77000000000004 |             249.81
       1 | 1998-06-16 |                    |             266.19 | 318.77000000000004 |             266.19
       1 | 1998-06-19 |                    |             282.22 | 318.77000000000004 |             282.22
       1 | 1998-06-26 |                    |             307.05 | 318.77000000000004 |             307.05
       1 | 1998-07-21 |                    |             307.67 | 318.77000000000004 |             307.67
       1 | 1998-08-08 |                    |             308.32 | 318.77000000000004 |             308.32
       1 | 1998-09-26 |  573.5300000000001 |                    |  573.5300000000001 |  539.6999999999999
       7 | 1998-01-28 |                    |              20.33 |              53.41 |              20.33
       7 | 1998-02-07 |             181.06 |                    |             181.06 |              74.89
       7 | 1998-02-23 |                    |              74.89 |             181.06 |              74.89
       7 | 1998-03-19 |             211.07 |                    |             211.07 |              74.89
       7 | 1998-04-08 |             288.11 |                    |             288.11 |              74.89
       7 | 1998-04-09 |                    |              85.85 |             288.11 |              85.85
       7 | 1998-04-17 |                    | 116.39999999999999 |             288.11 | 116.39999999999999
       7 | 1998-04-26 |                    | 124.03999999999999 |             288.11 | 124.03999999999999
       7 | 1998-05-05 | 390.58000000000004 |                    | 390.58000000000004 | 124.03999999999999
       7 | 1998-06-20 |                    |             147.62 | 390.58000000000004 |             147.62
       7 | 1998-06-26 |                    | 221.66000000000003 | 390.58000000000004 | 221.66000000000003
       7 | 1998-06-30 |                    | 221.66000000000003 | 390.58000000000004 | 221.66000000000003
       7 | 1998-07-02 |                    |             302.11 | 390.58000000000004 |             302.11
       7 | 1998-07-10 |             411.04 |                    |             411.04 |             302.11
       7 | 1998-07-28 |                    |             402.11 |             411.04 |             402.11
       7 | 1998-08-05 | 425.59000000000003 |                    | 425.59000000000003 |             402.11
       7 | 1998-08-19 |                    |             407.99 | 425.59000000000003 |             407.99
       7 | 1998-08-25 | 451.96000000000004 |                429 | 451.96000000000004 |                429
      14 | 1998-01-28 |              70.71 |                    |              70.71 | 53.120000000000005
      14 | 1998-01-29 | 135.20999999999998 |                    | 135.20999999999998 | 53.120000000000005
      14 | 1998-02-07 |                    |  80.38000000000001 | 135.20999999999998 |  80.38000000000001
      14 | 1998-02-11 |                    | 113.44000000000001 | 135.20999999999998 | 113.44000000000001
      16 | 1998-02-13 |                    |               5.87 |              32.54 |               5.87
      16 | 1998-02-18 |                    |              12.73 |              32.54 |              12.73
      16 | 1998-03-03 |                    |              12.73 |              32.54 |              12.73
      16 | 1998-03-09 |             126.57 |                    |             126.57 |              12.73
      16 | 1998-03-13 |                    |              49.22 |             126.57 |              49.22
      16 | 1998-03-29 |             174.44 |                    |             174.44 |              49.22
      16 | 1998-04-10 |                    |              86.91 |             174.44 |              86.91
      16 | 1998-05-09 |                    | 165.76999999999998 |             174.44 | 165.76999999999998
      20 | 1998-01-18 |              39.16 |                    |              39.16 |               3.54
      20 | 1998-01-23 |                    |  9.190000000000001 |              39.16 |  9.190000000000001
      20 | 1998-01-24 |                    | 10.310000000000002 |              39.16 | 10.310000000000002
      28 | 1998-01-20 |              23.28 |                    |              23.28 |              13.97
      40 | 1998-01-10 |              87.81 |                    |              87.81 |                  0
      40 | 1998-01-12 |                    |               1.62 |              87.81 |               1.62
      40 | 1998-01-22 |                    |               5.98 |              87.81 |               5.98
      40 | 1998-01-25 |                    |              18.16 |              87.81 |              18.16
      40 | 1998-01-28 |                    | 20.990000000000002 |              87.81 | 20.990000000000002
      40 | 1998-02-11 |                    | 42.050000000000004 |              87.81 | 42.050000000000004
      40 | 1998-04-19 |             129.35 |                    |             129.35 | 42.050000000000004
      40 | 1998-05-02 |                    | 113.95000000000002 |             129.35 | 113.95000000000002
      40 | 1998-05-03 |             216.19 |                    |             216.19 | 113.95000000000002
      40 | 1998-05-07 |                    | 171.82000000000002 |             216.19 | 171.82000000000002
      40 | 1998-05-10 |             221.01 |                    |             221.01 | 171.82000000000002
      40 | 1998-07-07 |                259 |                    |                259 | 228.88000000000002
      46 | 1998-01-15 |              47.84 |                    |              47.84 | 29.330000000000002
      46 | 1998-02-16 |             213.74 |                    |             213.74 |             164.37
      46 | 1998-02-28 |                    |             204.86 |             213.74 |             204.86
      46 | 1998-03-30 |             213.74 |                    |             213.74 |             204.86
      50 | 1998-01-11 |              86.47 |               24.8 |              86.47 |               24.8
      50 | 1998-02-14 |                    |  57.07000000000001 |              86.47 |  57.07000000000001
      50 | 1998-03-09 |                    |  86.38000000000001 |              86.47 |  86.38000000000001
      50 | 1998-04-29 |             306.98 |                    |             306.98 |             302.92
      61 | 1998-01-09 |                    |              48.65 |             111.96 |              48.65
      61 | 1998-01-24 |                    |              80.64 |             111.96 |              80.64
      62 | 1998-02-23 |             141.17 |                    |             141.17 |              26.21
      62 | 1998-03-01 |                    |              54.69 |             141.17 |              54.69
      62 | 1998-03-09 |                    |              69.36 |             141.17 |              69.36
      62 | 1998-03-12 |                    |             107.59 |             141.17 |             107.59
      62 | 1998-03-23 |                    |             108.22 |             141.17 |             108.22
      74 | 1998-02-25 |             120.46 |                    |             120.46 |              78.77
      74 | 1998-02-26 |                    | 111.41999999999999 |             120.46 | 111.41999999999999
      74 | 1998-03-13 |             152.18 |                    |             152.18 | 137.98999999999998
      74 | 1998-03-15 |                    | 143.27999999999997 |             152.18 | 143.27999999999997
      74 | 1998-04-01 | 155.48000000000002 |                    | 155.48000000000002 | 143.27999999999997
      74 | 1998-04-08 |                    | 154.97999999999996 | 155.48000000000002 | 154.97999999999996
      76 | 1998-03-28 |              332.1 |                    |              332.1 |             242.91
      76 | 1998-03-30 |                    |              251.4 |              332.1 |              251.4
      76 | 1998-03-31 |                    |             256.89 |              332.1 |             256.89
      76 | 1998-04-10 |                    |             260.02 |              332.1 |             260.02
      76 | 1998-04-17 |                    |             268.18 |              332.1 |             268.18
      80 | 1998-01-15 |             154.62 |                    |             154.62 |              36.43
      80 | 1998-02-06 |                    |              36.99 |             154.62 |              36.99
      80 | 1998-02-23 |                156 |                    |                156 |              36.99
      80 | 1998-03-06 |                    | 37.410000000000004 |                156 | 37.410000000000004
      80 | 1998-03-07 |                    |              86.39 |                156 |              86.39
      80 | 1998-04-07 |                    |               87.4 |                156 |               87.4
      80 | 1998-04-08 |                    |               87.4 |                156 |               87.4
      80 | 1998-04-17 |                    |             100.87 |                156 |             100.87
      80 | 1998-04-21 | 203.07999999999998 |                    | 203.07999999999998 |             100.87
      80 | 1998-05-11 |              224.5 |                    |              224.5 |             100.87
(100 rows)

UPDATE time_statistics SET e_time = TRANSACTION_TIMESTAMP() WHERE template = 'query51.tpl' AND stream = 7;
psql:/tmp/s1-basline/throughput/query_7.sql:3299: NOTICE:  duration: 0.102 ms  plan:
Query Text: UPDATE time_statistics SET e_time = TRANSACTION_TIMESTAMP() WHERE template = 'query51.tpl' AND stream = 7;
Update on time_statistics  (cost=0.00..20.59 rows=0 width=0) (actual time=0.102..0.102 rows=0 loops=1)
  ->  Seq Scan on time_statistics  (cost=0.00..20.59 rows=1 width=14) (actual time=0.089..0.089 rows=1 loops=1)
        Filter: ((template = 'query51.tpl'::text) AND (stream = 7))
        Rows Removed by Filter: 665
UPDATE 1
LOAD 'auto_explain'; SET auto_explain.log_min_duration TO 0; SET auto_explain.log_analyze TO on; SET auto_explain.log_level TO notice; INSERT INTO time_statistics (template, s_time, stream, query, seed) VALUES ('query56.tpl', TRANSACTION_TIMESTAMP(), 7, 71, 529377053);
LOAD
SET
SET
SET
psql:/tmp/s1-basline/throughput/query_7.sql:3300: NOTICE:  duration: 0.008 ms  plan:
Query Text: INSERT INTO time_statistics (template, s_time, stream, query, seed) VALUES ('query56.tpl', TRANSACTION_TIMESTAMP(), 7, 71, 529377053);
Insert on time_statistics  (cost=0.00..0.01 rows=0 width=0) (actual time=0.008..0.008 rows=0 loops=1)
  ->  Result  (cost=0.00..0.01 rows=1 width=64) (actual time=0.001..0.001 rows=1 loops=1)
INSERT 0 1
with ss as (
 select i_item_id,sum(ss_ext_sales_price) total_sales
 from
 	store_sales,
 	date_dim,
         customer_address,
         item
 where i_item_id in (select
     i_item_id
from item
where i_color in ('purple','almond','burnished'))
 and     ss_item_sk              = i_item_sk
 and     ss_sold_date_sk         = d_date_sk
 and     d_year                  = 2001
 and     d_moy                   = 2
 and     ss_addr_sk              = ca_address_sk
 and     ca_gmt_offset           = -6 
 group by i_item_id),
 cs as (
 select i_item_id,sum(cs_ext_sales_price) total_sales
 from
 	catalog_sales,
 	date_dim,
         customer_address,
         item
 where
         i_item_id               in (select
  i_item_id
from item
where i_color in ('purple','almond','burnished'))
 and     cs_item_sk              = i_item_sk
 and     cs_sold_date_sk         = d_date_sk
 and     d_year                  = 2001
 and     d_moy                   = 2
 and     cs_bill_addr_sk         = ca_address_sk
 and     ca_gmt_offset           = -6 
 group by i_item_id),
 ws as (
 select i_item_id,sum(ws_ext_sales_price) total_sales
 from
 	web_sales,
 	date_dim,
         customer_address,
         item
 where
         i_item_id               in (select
  i_item_id
from item
where i_color in ('purple','almond','burnished'))
 and     ws_item_sk              = i_item_sk
 and     ws_sold_date_sk         = d_date_sk
 and     d_year                  = 2001
 and     d_moy                   = 2
 and     ws_bill_addr_sk         = ca_address_sk
 and     ca_gmt_offset           = -6
 group by i_item_id)
  select  i_item_id ,sum(total_sales) total_sales
 from  (select * from ss 
        union all
        select * from cs 
        union all
        select * from ws) tmp1
 group by i_item_id
 order by total_sales,
          i_item_id
 limit 100;
psql:/tmp/s1-basline/throughput/query_7.sql:3366: NOTICE:  duration: 459.132 ms  plan:
Query Text: with ss as (
 select i_item_id,sum(ss_ext_sales_price) total_sales
 from
 	store_sales,
 	date_dim,
         customer_address,
         item
 where i_item_id in (select
     i_item_id
from item
where i_color in ('purple','almond','burnished'))
 and     ss_item_sk              = i_item_sk
 and     ss_sold_date_sk         = d_date_sk
 and     d_year                  = 2001
 and     d_moy                   = 2
 and     ss_addr_sk              = ca_address_sk
 and     ca_gmt_offset           = -6 
 group by i_item_id),
 cs as (
 select i_item_id,sum(cs_ext_sales_price) total_sales
 from
 	catalog_sales,
 	date_dim,
         customer_address,
         item
 where
         i_item_id               in (select
  i_item_id
from item
where i_color in ('purple','almond','burnished'))
 and     cs_item_sk              = i_item_sk
 and     cs_sold_date_sk         = d_date_sk
 and     d_year                  = 2001
 and     d_moy                   = 2
 and     cs_bill_addr_sk         = ca_address_sk
 and     ca_gmt_offset           = -6 
 group by i_item_id),
 ws as (
 select i_item_id,sum(ws_ext_sales_price) total_sales
 from
 	web_sales,
 	date_dim,
         customer_address,
         item
 where
         i_item_id               in (select
  i_item_id
from item
where i_color in ('purple','almond','burnished'))
 and     ws_item_sk              = i_item_sk
 and     ws_sold_date_sk         = d_date_sk
 and     d_year                  = 2001
 and     d_moy                   = 2
 and     ws_bill_addr_sk         = ca_address_sk
 and     ca_gmt_offset           = -6
 group by i_item_id)
  select  i_item_id ,sum(total_sales) total_sales
 from  (select * from ss 
        union all
        select * from cs 
        union all
        select * from ws) tmp1
 group by i_item_id
 order by total_sales,
          i_item_id
 limit 100;
Limit  (cost=16660.66..16660.77 rows=44 width=25) (actual time=354.950..459.100 rows=100 loops=1)
  ->  Sort  (cost=16660.66..16660.77 rows=44 width=25) (actual time=354.948..459.092 rows=100 loops=1)
        Sort Key: (sum((sum(store_sales.ss_ext_sales_price)))), item.i_item_id
        Sort Method: top-N heapsort  Memory: 38kB
        ->  Finalize GroupAggregate  (cost=16654.37..16659.46 rows=44 width=25) (actual time=354.143..458.986 rows=405 loops=1)
              Group Key: item.i_item_id
              ->  Gather Merge  (cost=16654.37..16658.84 rows=36 width=25) (actual time=354.132..458.794 rows=642 loops=1)
                    Workers Planned: 2
                    Workers Launched: 2
                    ->  Partial GroupAggregate  (cost=15654.34..15654.66 rows=18 width=25) (actual time=194.234..194.327 rows=214 loops=3)
                          Group Key: item.i_item_id
                          ->  Sort  (cost=15654.34..15654.39 rows=18 width=25) (actual time=194.231..194.249 rows=214 loops=3)
                                Sort Key: item.i_item_id
                                Sort Method: quicksort  Memory: 40kB
                                Worker 0:  Sort Method: quicksort  Memory: 32kB
                                Worker 1:  Sort Method: quicksort  Memory: 47kB
                                ->  Parallel Append  (cost=7493.52..15653.97 rows=18 width=25) (actual time=194.031..194.146 rows=214 loops=3)
                                      ->  GroupAggregate  (cost=15653.22..15653.64 rows=24 width=25) (actual time=345.849..345.999 rows=314 loops=1)
                                            Group Key: item.i_item_id
                                            ->  Sort  (cost=15653.22..15653.28 rows=24 width=25) (actual time=345.842..345.865 rows=535 loops=1)
                                                  Sort Key: item.i_item_id
                                                  Worker 1:  Sort Method: quicksort  Memory: 62kB
                                                  ->  Nested Loop  (cost=4006.82..15652.67 rows=24 width=25) (actual time=39.642..344.826 rows=535 loops=1)
                                                        ->  Hash Join  (cost=4006.53..15634.66 rows=58 width=33) (actual time=36.469..339.851 rows=1234 loops=1)
                                                              Hash Cond: (store_sales.ss_sold_date_sk = date_dim.d_date_sk)
                                                              ->  Nested Loop  (cost=1505.44..12719.27 rows=157823 width=41) (actual time=20.610..315.503 rows=151526 loops=1)
                                                                    ->  Nested Loop  (cost=1505.01..2505.48 rows=983 width=25) (actual time=20.531..24.535 rows=1102 loops=1)
                                                                          ->  HashAggregate  (cost=1504.72..1509.55 rows=483 width=17) (actual time=20.466..20.624 rows=480 loops=1)
                                                                                Group Key: item_1.i_item_id
                                                                                Worker 1:  Batches: 1  Memory Usage: 105kB
                                                                                ->  Seq Scan on item item_1  (cost=0.00..1503.50 rows=490 width=17) (actual time=0.078..20.318 rows=490 loops=1)
                                                                                      Filter: (i_color = ANY ('{purple,almond,burnished}'::bpchar[]))
                                                                                      Rows Removed by Filter: 17510
                                                                          ->  Index Scan using i_i_item_id on item  (cost=0.29..2.04 rows=2 width=25) (actual time=0.007..0.007 rows=2 loops=480)
                                                                                Index Cond: (i_item_id = item_1.i_item_id)
                                                                    ->  Index Scan using pk_store_sales on store_sales  (cost=0.43..8.64 rows=175 width=32) (actual time=0.007..0.243 rows=138 loops=1102)
                                                                          Index Cond: (ss_item_sk = item.i_item_sk)
                                                              ->  Hash  (cost=2500.73..2500.73 rows=28 width=8) (actual time=13.582..13.583 rows=28 loops=1)
                                                                    Buckets: 1024  Batches: 1  Memory Usage: 10kB
                                                                    ->  Seq Scan on date_dim  (cost=0.00..2500.73 rows=28 width=8) (actual time=6.601..13.569 rows=28 loops=1)
                                                                          Filter: ((d_year = 2001) AND (d_moy = 2))
                                                                          Rows Removed by Filter: 73021
                                                        ->  Index Scan using pk_customer_address on customer_address  (cost=0.29..0.31 rows=1 width=8) (actual time=0.004..0.004 rows=0 loops=1234)
                                                              Index Cond: (ca_address_sk = store_sales.ss_addr_sk)
                                                              Filter: (ca_gmt_offset = '-6'::double precision)
                                                              Rows Removed by Filter: 1
                                      ->  GroupAggregate  (cost=7493.52..7493.64 rows=7 width=25) (actual time=167.816..167.862 rows=109 loops=1)
                                            Group Key: item_2.i_item_id
                                            ->  Sort  (cost=7493.52..7493.53 rows=7 width=25) (actual time=167.810..167.817 rows=135 loops=1)
                                                  Sort Key: item_2.i_item_id
                                                  Worker 0:  Sort Method: quicksort  Memory: 34kB
                                                  ->  Nested Loop  (cost=1506.03..7493.42 rows=7 width=25) (actual time=28.993..167.588 rows=135 loops=1)
                                                        ->  Nested Loop  (cost=1505.74..7488.74 rows=15 width=33) (actual time=28.940..165.644 rows=292 loops=1)
                                                              ->  Nested Loop  (cost=1505.44..5924.22 rows=39449 width=41) (actual time=22.528..151.027 rows=37795 loops=1)
                                                                    ->  Nested Loop  (cost=1505.01..2505.48 rows=983 width=25) (actual time=22.461..26.240 rows=1102 loops=1)
                                                                          ->  HashAggregate  (cost=1504.72..1509.55 rows=483 width=17) (actual time=22.393..22.543 rows=480 loops=1)
                                                                                Group Key: item_3.i_item_id
                                                                                Worker 0:  Batches: 1  Memory Usage: 105kB
                                                                                ->  Seq Scan on item item_3  (cost=0.00..1503.50 rows=490 width=17) (actual time=0.084..22.242 rows=490 loops=1)
                                                                                      Filter: (i_color = ANY ('{purple,almond,burnished}'::bpchar[]))
                                                                                      Rows Removed by Filter: 17510
                                                                          ->  Index Scan using i_i_item_id on item item_2  (cost=0.29..2.04 rows=2 width=25) (actual time=0.007..0.007 rows=2 loops=480)
                                                                                Index Cond: (i_item_id = item_3.i_item_id)
                                                                    ->  Index Scan using pk_web_sales on web_sales  (cost=0.42..3.04 rows=44 width=32) (actual time=0.008..0.107 rows=34 loops=1102)
                                                                          Index Cond: (ws_item_sk = item_2.i_item_sk)
                                                              ->  Memoize  (cost=0.30..0.33 rows=1 width=8) (actual time=0.000..0.000 rows=0 loops=37795)
                                                                    Cache Key: web_sales.ws_sold_date_sk
                                                                    Cache Mode: logical
                                                                    Worker 0:  Hits: 35988  Misses: 1807  Evictions: 0  Overflows: 0  Memory Usage: 129kB
                                                                    ->  Index Scan using pk_date_dim on date_dim date_dim_1  (cost=0.29..0.32 rows=1 width=8) (actual time=0.002..0.002 rows=0 loops=1807)
                                                                          Index Cond: (d_date_sk = web_sales.ws_sold_date_sk)
                                                                          Filter: ((d_year = 2001) AND (d_moy = 2))
                                                                          Rows Removed by Filter: 1
                                                        ->  Index Scan using pk_customer_address on customer_address customer_address_1  (cost=0.29..0.31 rows=1 width=8) (actual time=0.006..0.006 rows=0 loops=292)
                                                              Index Cond: (ca_address_sk = web_sales.ws_bill_addr_sk)
                                                              Filter: (ca_gmt_offset = '-6'::double precision)
                                                              Rows Removed by Filter: 1
                                      ->  GroupAggregate  (cost=4410.49..4410.71 rows=13 width=25) (actual time=68.424..68.515 rows=219 loops=1)
                                            Group Key: item_4.i_item_id
                                            ->  Sort  (cost=4410.49..4410.52 rows=13 width=25) (actual time=68.418..68.429 rows=275 loops=1)
                                                  Sort Key: item_4.i_item_id
                                                  Sort Method: quicksort  Memory: 44kB
                                                  ->  Nested Loop Semi Join  (cost=1.29..4410.25 rows=13 width=25) (actual time=5.385..67.874 rows=275 loops=1)
                                                        ->  Nested Loop  (cost=1.00..4310.84 rows=242 width=25) (actual time=4.419..39.973 rows=5355 loops=1)
                                                              ->  Nested Loop  (cost=0.72..4236.79 rows=242 width=16) (actual time=4.414..30.951 rows=5355 loops=1)
                                                                    ->  Nested Loop  (cost=0.43..4065.44 rows=551 width=24) (actual time=4.394..14.654 rows=11942 loops=1)
                                                                          ->  Seq Scan on date_dim date_dim_2  (cost=0.00..2500.73 rows=28 width=8) (actual time=4.381..9.342 rows=28 loops=1)
                                                                                Filter: ((d_year = 2001) AND (d_moy = 2))
                                                                                Rows Removed by Filter: 73021
                                                                          ->  Index Scan using i_cs_sold_date_sk on catalog_sales  (cost=0.43..48.03 rows=785 width=32) (actual time=0.004..0.104 rows=426 loops=28)
                                                                                Index Cond: (cs_sold_date_sk = date_dim_2.d_date_sk)
                                                                    ->  Index Scan using pk_customer_address on customer_address customer_address_2  (cost=0.29..0.31 rows=1 width=8) (actual time=0.001..0.001 rows=0 loops=11942)
                                                                          Index Cond: (ca_address_sk = catalog_sales.cs_bill_addr_sk)
                                                                          Filter: (ca_gmt_offset = '-6'::double precision)
                                                                          Rows Removed by Filter: 1
                                                              ->  Index Scan using pk_item on item item_4  (cost=0.29..0.31 rows=1 width=25) (actual time=0.001..0.001 rows=1 loops=5355)
                                                                    Index Cond: (i_item_sk = catalog_sales.cs_item_sk)
                                                        ->  Index Scan using i_i_item_id on item item_5  (cost=0.29..0.41 rows=1 width=17) (actual time=0.005..0.005 rows=0 loops=5355)
                                                              Index Cond: (i_item_id = item_4.i_item_id)
                                                              Filter: (i_color = ANY ('{purple,almond,burnished}'::bpchar[]))
                                                              Rows Removed by Filter: 2
    i_item_id     |    total_sales     
------------------+--------------------
 AAAAAAAAKIHDAAAA |                  0
 AAAAAAAAOFGBAAAA |                  0
 AAAAAAAAGONBAAAA |              32.12
 AAAAAAAAGLBBAAAA |              35.16
 AAAAAAAAABJAAAAA |              45.82
 AAAAAAAAGCEEAAAA |              46.56
 AAAAAAAALMKBAAAA |              51.41
 AAAAAAAACGAAAAAA |              55.01
 AAAAAAAAMGHDAAAA |              56.44
 AAAAAAAAIKNDAAAA |              59.34
 AAAAAAAAMCNBAAAA |              65.92
 AAAAAAAALNDBAAAA |                 66
 AAAAAAAANNMCAAAA |              67.62
 AAAAAAAAMJDEAAAA |              73.44
 AAAAAAAAKMGBAAAA |              77.88
 AAAAAAAAMDDEAAAA |               79.2
 AAAAAAAAEADBAAAA |               91.9
 AAAAAAAAEMPAAAAA |             107.52
 AAAAAAAAGJDEAAAA |             110.33
 AAAAAAAAKHODAAAA |             112.23
 AAAAAAAAENBBAAAA |              128.1
 AAAAAAAAOLPDAAAA |             128.52
 AAAAAAAAIOMDAAAA |             136.29
 AAAAAAAAIDKBAAAA |             142.87
 AAAAAAAADPJBAAAA |             157.86
 AAAAAAAALACDAAAA |             159.22
 AAAAAAAAKMHDAAAA |              170.1
 AAAAAAAAIBCAAAAA |              194.3
 AAAAAAAAGKMDAAAA |             205.74
 AAAAAAAAKJMBAAAA |                211
 AAAAAAAAIPNBAAAA |             213.18
 AAAAAAAAIIJDAAAA | 235.54000000000002
 AAAAAAAACJFBAAAA |             237.25
 AAAAAAAAPKMAAAAA |             239.76
 AAAAAAAAIIADAAAA |             255.69
 AAAAAAAACHBBAAAA |             297.01
 AAAAAAAAMGDEAAAA |              300.8
 AAAAAAAACEHAAAAA |             302.06
 AAAAAAAAOIDEAAAA |             306.57
 AAAAAAAAGLODAAAA |             341.76
 AAAAAAAAGDCCAAAA |              403.2
 AAAAAAAAOKDCAAAA | 441.90000000000003
 AAAAAAAAEIDCAAAA |             449.64
 AAAAAAAANMDDAAAA |             477.36
 AAAAAAAAMNMDAAAA |             520.03
 AAAAAAAAFBJBAAAA |             526.75
 AAAAAAAAPEHCAAAA |             547.85
 AAAAAAAAKHNCAAAA |             557.56
 AAAAAAAAGLEEAAAA |             558.75
 AAAAAAAAKPBCAAAA |             586.03
 AAAAAAAACFMAAAAA |                594
 AAAAAAAAIIHCAAAA |  606.5500000000001
 AAAAAAAAICECAAAA |              614.4
 AAAAAAAAKPCEAAAA |             621.12
 AAAAAAAAJNPAAAAA |             649.08
 AAAAAAAABLNAAAAA |             653.83
 AAAAAAAAFJLAAAAA |              656.5
 AAAAAAAAEFKBAAAA |             667.59
 AAAAAAAAADDEAAAA |              689.7
 AAAAAAAAPFFDAAAA |  697.3299999999999
 AAAAAAAANEDCAAAA |             708.29
 AAAAAAAAMCECAAAA |             720.82
 AAAAAAAAALEBAAAA |  734.3499999999999
 AAAAAAAAOAOBAAAA |              750.1
 AAAAAAAACLADAAAA |  778.9399999999999
 AAAAAAAAAKGBAAAA |             791.29
 AAAAAAAAILDAAAAA |             808.38
 AAAAAAAAIICBAAAA |             813.96
 AAAAAAAAGOPAAAAA |             819.69
 AAAAAAAAGFDDAAAA |  844.5999999999999
 AAAAAAAACPEEAAAA |  856.0699999999999
 AAAAAAAAGFIDAAAA |              856.5
 AAAAAAAAEIBEAAAA |             874.44
 AAAAAAAAJIIDAAAA |             884.25
 AAAAAAAAAAKDAAAA |              894.6
 AAAAAAAAPLFAAAAA |             905.66
 AAAAAAAAGNECAAAA |             943.16
 AAAAAAAAEPKDAAAA |             958.95
 AAAAAAAAPJBAAAAA |             989.46
 AAAAAAAAIEFCAAAA | 1018.6500000000001
 AAAAAAAAGEFCAAAA |            1027.97
 AAAAAAAAELNBAAAA | 1039.8600000000001
 AAAAAAAAHPGAAAAA |            1045.29
 AAAAAAAAKOHDAAAA |            1056.55
 AAAAAAAAEPHAAAAA |            1073.75
 AAAAAAAAIHEEAAAA |            1076.77
 AAAAAAAAKCJCAAAA |            1121.61
 AAAAAAAAINEAAAAA |            1129.14
 AAAAAAAANIGBAAAA |             1140.8
 AAAAAAAAKPGDAAAA |             1158.9
 AAAAAAAAIBHBAAAA |            1174.84
 AAAAAAAAGKCEAAAA |            1191.18
 AAAAAAAAGOBBAAAA |            1237.27
 AAAAAAAAGMAEAAAA |            1245.45
 AAAAAAAAMMNAAAAA |            1253.61
 AAAAAAAABKEEAAAA | 1278.0400000000002
 AAAAAAAAKFOAAAAA | 1282.1399999999999
 AAAAAAAAKKMDAAAA |            1286.79
 AAAAAAAAMLLBAAAA |               1316
 AAAAAAAAODDAAAAA | 1332.5500000000002
(100 rows)

UPDATE time_statistics SET e_time = TRANSACTION_TIMESTAMP() WHERE template = 'query56.tpl' AND stream = 7;
psql:/tmp/s1-basline/throughput/query_7.sql:3368: NOTICE:  duration: 0.098 ms  plan:
Query Text: UPDATE time_statistics SET e_time = TRANSACTION_TIMESTAMP() WHERE template = 'query56.tpl' AND stream = 7;
Update on time_statistics  (cost=0.00..20.59 rows=0 width=0) (actual time=0.097..0.097 rows=0 loops=1)
  ->  Seq Scan on time_statistics  (cost=0.00..20.59 rows=1 width=14) (actual time=0.083..0.083 rows=1 loops=1)
        Filter: ((template = 'query56.tpl'::text) AND (stream = 7))
        Rows Removed by Filter: 666
UPDATE 1
LOAD 'auto_explain'; SET auto_explain.log_min_duration TO 0; SET auto_explain.log_analyze TO on; SET auto_explain.log_level TO notice; INSERT INTO time_statistics (template, s_time, stream, query, seed) VALUES ('query83.tpl', TRANSACTION_TIMESTAMP(), 7, 72, 420255689);
LOAD
SET
SET
SET
psql:/tmp/s1-basline/throughput/query_7.sql:3369: NOTICE:  duration: 0.008 ms  plan:
Query Text: INSERT INTO time_statistics (template, s_time, stream, query, seed) VALUES ('query83.tpl', TRANSACTION_TIMESTAMP(), 7, 72, 420255689);
Insert on time_statistics  (cost=0.00..0.01 rows=0 width=0) (actual time=0.008..0.008 rows=0 loops=1)
  ->  Result  (cost=0.00..0.01 rows=1 width=64) (actual time=0.001..0.001 rows=1 loops=1)
INSERT 0 1
with sr_items as
 (select i_item_id item_id,
        sum(sr_return_quantity) sr_item_qty
 from store_returns,
      item,
      date_dim
 where sr_item_sk = i_item_sk
 and   d_date    in 
	(select d_date
	from date_dim
	where d_week_seq in 
		(select d_week_seq
		from date_dim
	  where d_date in ('1998-04-08','1998-10-11','1998-11-02')))
 and   sr_returned_date_sk   = d_date_sk
 group by i_item_id),
 cr_items as
 (select i_item_id item_id,
        sum(cr_return_quantity) cr_item_qty
 from catalog_returns,
      item,
      date_dim
 where cr_item_sk = i_item_sk
 and   d_date    in 
	(select d_date
	from date_dim
	where d_week_seq in 
		(select d_week_seq
		from date_dim
	  where d_date in ('1998-04-08','1998-10-11','1998-11-02')))
 and   cr_returned_date_sk   = d_date_sk
 group by i_item_id),
 wr_items as
 (select i_item_id item_id,
        sum(wr_return_quantity) wr_item_qty
 from web_returns,
      item,
      date_dim
 where wr_item_sk = i_item_sk
 and   d_date    in 
	(select d_date
	from date_dim
	where d_week_seq in 
		(select d_week_seq
		from date_dim
		where d_date in ('1998-04-08','1998-10-11','1998-11-02')))
 and   wr_returned_date_sk   = d_date_sk
 group by i_item_id)
  select  sr_items.item_id
       ,sr_item_qty
       ,sr_item_qty/(sr_item_qty+cr_item_qty+wr_item_qty)/3.0 * 100 sr_dev
       ,cr_item_qty
       ,cr_item_qty/(sr_item_qty+cr_item_qty+wr_item_qty)/3.0 * 100 cr_dev
       ,wr_item_qty
       ,wr_item_qty/(sr_item_qty+cr_item_qty+wr_item_qty)/3.0 * 100 wr_dev
       ,(sr_item_qty+cr_item_qty+wr_item_qty)/3.0 average
 from sr_items
     ,cr_items
     ,wr_items
 where sr_items.item_id=cr_items.item_id
   and sr_items.item_id=wr_items.item_id 
 order by sr_items.item_id
         ,sr_item_qty
 limit 100;
psql:/tmp/s1-basline/throughput/query_7.sql:3433: NOTICE:  duration: 57.950 ms  plan:
Query Text: with sr_items as
 (select i_item_id item_id,
        sum(sr_return_quantity) sr_item_qty
 from store_returns,
      item,
      date_dim
 where sr_item_sk = i_item_sk
 and   d_date    in 
	(select d_date
	from date_dim
	where d_week_seq in 
		(select d_week_seq
		from date_dim
	  where d_date in ('1998-04-08','1998-10-11','1998-11-02')))
 and   sr_returned_date_sk   = d_date_sk
 group by i_item_id),
 cr_items as
 (select i_item_id item_id,
        sum(cr_return_quantity) cr_item_qty
 from catalog_returns,
      item,
      date_dim
 where cr_item_sk = i_item_sk
 and   d_date    in 
	(select d_date
	from date_dim
	where d_week_seq in 
		(select d_week_seq
		from date_dim
	  where d_date in ('1998-04-08','1998-10-11','1998-11-02')))
 and   cr_returned_date_sk   = d_date_sk
 group by i_item_id),
 wr_items as
 (select i_item_id item_id,
        sum(wr_return_quantity) wr_item_qty
 from web_returns,
      item,
      date_dim
 where wr_item_sk = i_item_sk
 and   d_date    in 
	(select d_date
	from date_dim
	where d_week_seq in 
		(select d_week_seq
		from date_dim
		where d_date in ('1998-04-08','1998-10-11','1998-11-02')))
 and   wr_returned_date_sk   = d_date_sk
 group by i_item_id)
  select  sr_items.item_id
       ,sr_item_qty
       ,sr_item_qty/(sr_item_qty+cr_item_qty+wr_item_qty)/3.0 * 100 sr_dev
       ,cr_item_qty
       ,cr_item_qty/(sr_item_qty+cr_item_qty+wr_item_qty)/3.0 * 100 cr_dev
       ,wr_item_qty
       ,wr_item_qty/(sr_item_qty+cr_item_qty+wr_item_qty)/3.0 * 100 wr_dev
       ,(sr_item_qty+cr_item_qty+wr_item_qty)/3.0 average
 from sr_items
     ,cr_items
     ,wr_items
 where sr_items.item_id=cr_items.item_id
   and sr_items.item_id=wr_items.item_id 
 order by sr_items.item_id
         ,sr_item_qty
 limit 100;
Limit  (cost=7241.92..7241.95 rows=10 width=169) (actual time=57.932..57.941 rows=1 loops=1)
  ->  Sort  (cost=7241.92..7241.95 rows=10 width=169) (actual time=57.931..57.940 rows=1 loops=1)
        Sort Key: item.i_item_id, (sum(store_returns.sr_return_quantity))
        Sort Method: quicksort  Memory: 25kB
        ->  Merge Join  (cost=7236.60..7241.76 rows=10 width=169) (actual time=57.535..57.936 rows=1 loops=1)
              Merge Cond: (item.i_item_id = item_2.i_item_id)
              ->  Merge Join  (cost=4832.69..4835.89 rows=20 width=50) (actual time=39.770..41.414 rows=80 loops=1)
                    Merge Cond: (item.i_item_id = item_1.i_item_id)
                    ->  GroupAggregate  (cost=2459.57..2460.97 rows=80 width=25) (actual time=25.775..26.605 rows=1967 loops=1)
                          Group Key: item.i_item_id
                          ->  Sort  (cost=2459.57..2459.77 rows=80 width=21) (actual time=25.771..25.899 rows=2218 loops=1)
                                Sort Key: item.i_item_id
                                Sort Method: quicksort  Memory: 236kB
                                ->  Nested Loop  (cost=2333.94..2457.04 rows=80 width=21) (actual time=13.665..20.022 rows=2237 loops=1)
                                      ->  Nested Loop  (cost=2333.65..2432.24 rows=80 width=12) (actual time=13.660..16.189 rows=2237 loops=1)
                                            ->  Nested Loop  (cost=2333.23..2340.37 rows=21 width=8) (actual time=13.642..13.684 rows=21 loops=1)
                                                  ->  HashAggregate  (cost=2332.93..2333.14 rows=21 width=4) (actual time=13.638..13.644 rows=21 loops=1)
                                                        Group Key: date_dim_1.d_date
                                                        Batches: 1  Memory Usage: 24kB
                                                        ->  Hash Join  (cost=5.41..2332.88 rows=21 width=4) (actual time=6.719..13.636 rows=21 loops=1)
                                                              Hash Cond: (date_dim_1.d_week_seq = date_dim_2.d_week_seq)
                                                              ->  Seq Scan on date_dim date_dim_1  (cost=0.00..2135.49 rows=73049 width=8) (actual time=0.003..4.836 rows=73049 loops=1)
                                                              ->  Hash  (cost=5.37..5.37 rows=3 width=4) (actual time=0.028..0.029 rows=3 loops=1)
                                                                    Buckets: 1024  Batches: 1  Memory Usage: 9kB
                                                                    ->  HashAggregate  (cost=5.34..5.37 rows=3 width=4) (actual time=0.027..0.028 rows=3 loops=1)
                                                                          Group Key: date_dim_2.d_week_seq
                                                                          Batches: 1  Memory Usage: 24kB
                                                                          ->  Index Scan using i_d_date on date_dim date_dim_2  (cost=0.29..5.33 rows=3 width=4) (actual time=0.019..0.024 rows=3 loops=1)
                                                                                Index Cond: (d_date = ANY ('{1998-04-08,1998-10-11,1998-11-02}'::date[]))
                                                  ->  Index Scan using i_d_date on date_dim  (cost=0.29..0.33 rows=1 width=12) (actual time=0.001..0.001 rows=1 loops=21)
                                                        Index Cond: (d_date = date_dim_1.d_date)
                                            ->  Index Scan using i_sr_returned_date_sk on store_returns  (cost=0.42..2.97 rows=140 width=20) (actual time=0.003..0.105 rows=107 loops=21)
                                                  Index Cond: (sr_returned_date_sk = date_dim.d_date_sk)
                                      ->  Index Scan using pk_item on item  (cost=0.29..0.31 rows=1 width=25) (actual time=0.001..0.001 rows=1 loops=2237)
                                            Index Cond: (i_item_sk = store_returns.sr_item_sk)
                    ->  GroupAggregate  (cost=2373.12..2373.47 rows=20 width=25) (actual time=13.964..14.099 rows=343 loops=1)
                          Group Key: item_1.i_item_id
                          ->  Sort  (cost=2373.12..2373.17 rows=20 width=21) (actual time=13.961..13.982 rows=348 loops=1)
                                Sort Key: item_1.i_item_id
                                Sort Method: quicksort  Memory: 46kB
                                ->  Nested Loop  (cost=2333.81..2372.69 rows=20 width=21) (actual time=12.307..13.318 rows=348 loops=1)
                                      ->  Nested Loop  (cost=2333.52..2366.19 rows=20 width=12) (actual time=12.303..12.741 rows=348 loops=1)
                                            ->  Nested Loop  (cost=2333.23..2340.37 rows=21 width=8) (actual time=12.295..12.327 rows=21 loops=1)
                                                  ->  HashAggregate  (cost=2332.93..2333.14 rows=21 width=4) (actual time=12.291..12.295 rows=21 loops=1)
                                                        Group Key: date_dim_4.d_date
                                                        Batches: 1  Memory Usage: 24kB
                                                        ->  Hash Join  (cost=5.41..2332.88 rows=21 width=4) (actual time=5.994..12.287 rows=21 loops=1)
                                                              Hash Cond: (date_dim_4.d_week_seq = date_dim_5.d_week_seq)
                                                              ->  Seq Scan on date_dim date_dim_4  (cost=0.00..2135.49 rows=73049 width=8) (actual time=0.003..4.451 rows=73049 loops=1)
                                                              ->  Hash  (cost=5.37..5.37 rows=3 width=4) (actual time=0.010..0.010 rows=3 loops=1)
                                                                    Buckets: 1024  Batches: 1  Memory Usage: 9kB
                                                                    ->  HashAggregate  (cost=5.34..5.37 rows=3 width=4) (actual time=0.008..0.009 rows=3 loops=1)
                                                                          Group Key: date_dim_5.d_week_seq
                                                                          Batches: 1  Memory Usage: 24kB
                                                                          ->  Index Scan using i_d_date on date_dim date_dim_5  (cost=0.29..5.33 rows=3 width=4) (actual time=0.003..0.006 rows=3 loops=1)
                                                                                Index Cond: (d_date = ANY ('{1998-04-08,1998-10-11,1998-11-02}'::date[]))
                                                  ->  Index Scan using i_d_date on date_dim date_dim_3  (cost=0.29..0.33 rows=1 width=12) (actual time=0.001..0.001 rows=1 loops=21)
                                                        Index Cond: (d_date = date_dim_4.d_date)
                                            ->  Index Scan using i_wr_returned_date_sk on web_returns  (cost=0.29..0.90 rows=33 width=20) (actual time=0.002..0.016 rows=17 loops=21)
                                                  Index Cond: (wr_returned_date_sk = date_dim_3.d_date_sk)
                                      ->  Index Scan using pk_item on item item_1  (cost=0.29..0.32 rows=1 width=25) (actual time=0.001..0.001 rows=1 loops=348)
                                            Index Cond: (i_item_sk = web_returns.wr_item_sk)
              ->  GroupAggregate  (cost=2403.91..2404.65 rows=42 width=25) (actual time=15.924..16.242 rows=840 loops=1)
                    Group Key: item_2.i_item_id
                    ->  Sort  (cost=2403.91..2404.02 rows=42 width=21) (actual time=15.921..15.959 rows=867 loops=1)
                          Sort Key: item_2.i_item_id
                          Sort Method: quicksort  Memory: 79kB
                          ->  Nested Loop  (cost=2333.81..2402.78 rows=42 width=21) (actual time=11.746..13.983 rows=869 loops=1)
                                ->  Nested Loop  (cost=2333.52..2389.55 rows=42 width=12) (actual time=11.738..12.543 rows=869 loops=1)
                                      ->  Nested Loop  (cost=2333.23..2340.37 rows=21 width=8) (actual time=11.726..11.761 rows=21 loops=1)
                                            ->  HashAggregate  (cost=2332.93..2333.14 rows=21 width=4) (actual time=11.715..11.720 rows=21 loops=1)
                                                  Group Key: date_dim_7.d_date
                                                  Batches: 1  Memory Usage: 24kB
                                                  ->  Hash Join  (cost=5.41..2332.88 rows=21 width=4) (actual time=5.706..11.712 rows=21 loops=1)
                                                        Hash Cond: (date_dim_7.d_week_seq = date_dim_8.d_week_seq)
                                                        ->  Seq Scan on date_dim date_dim_7  (cost=0.00..2135.49 rows=73049 width=8) (actual time=0.003..4.464 rows=73049 loops=1)
                                                        ->  Hash  (cost=5.37..5.37 rows=3 width=4) (actual time=0.016..0.017 rows=3 loops=1)
                                                              Buckets: 1024  Batches: 1  Memory Usage: 9kB
                                                              ->  HashAggregate  (cost=5.34..5.37 rows=3 width=4) (actual time=0.012..0.013 rows=3 loops=1)
                                                                    Group Key: date_dim_8.d_week_seq
                                                                    Batches: 1  Memory Usage: 24kB
                                                                    ->  Index Scan using i_d_date on date_dim date_dim_8  (cost=0.29..5.33 rows=3 width=4) (actual time=0.007..0.010 rows=3 loops=1)
                                                                          Index Cond: (d_date = ANY ('{1998-04-08,1998-10-11,1998-11-02}'::date[]))
                                            ->  Index Scan using i_d_date on date_dim date_dim_6  (cost=0.29..0.33 rows=1 width=12) (actual time=0.001..0.002 rows=1 loops=21)
                                                  Index Cond: (d_date = date_dim_7.d_date)
                                      ->  Index Scan using i_cr_returned_date_sk on catalog_returns  (cost=0.29..1.62 rows=72 width=20) (actual time=0.002..0.031 rows=41 loops=21)
                                            Index Cond: (cr_returned_date_sk = date_dim_6.d_date_sk)
                                ->  Index Scan using pk_item on item item_2  (cost=0.29..0.31 rows=1 width=25) (actual time=0.001..0.001 rows=1 loops=869)
                                      Index Cond: (i_item_sk = catalog_returns.cr_item_sk)
     item_id      | sr_item_qty |         sr_dev         | cr_item_qty |         cr_dev         | wr_item_qty |         wr_dev         |       average       
------------------+-------------+------------------------+-------------+------------------------+-------------+------------------------+---------------------
 AAAAAAAAMLBCAAAA |           1 | 0.00000000000000000000 |          72 | 0.00000000000000000000 |           4 | 0.00000000000000000000 | 25.6666666666666667
(1 row)

UPDATE time_statistics SET e_time = TRANSACTION_TIMESTAMP() WHERE template = 'query83.tpl' AND stream = 7;
psql:/tmp/s1-basline/throughput/query_7.sql:3435: NOTICE:  duration: 0.095 ms  plan:
Query Text: UPDATE time_statistics SET e_time = TRANSACTION_TIMESTAMP() WHERE template = 'query83.tpl' AND stream = 7;
Update on time_statistics  (cost=0.00..20.59 rows=0 width=0) (actual time=0.094..0.094 rows=0 loops=1)
  ->  Seq Scan on time_statistics  (cost=0.00..20.59 rows=1 width=14) (actual time=0.081..0.081 rows=1 loops=1)
        Filter: ((template = 'query83.tpl'::text) AND (stream = 7))
        Rows Removed by Filter: 667
UPDATE 1
LOAD 'auto_explain'; SET auto_explain.log_min_duration TO 0; SET auto_explain.log_analyze TO on; SET auto_explain.log_level TO notice; INSERT INTO time_statistics (template, s_time, stream, query, seed) VALUES ('../query_postgresql/query23.tpl', TRANSACTION_TIMESTAMP(), 7, 73, 625219852);
LOAD
SET
SET
SET
psql:/tmp/s1-basline/throughput/query_7.sql:3436: NOTICE:  duration: 0.009 ms  plan:
Query Text: INSERT INTO time_statistics (template, s_time, stream, query, seed) VALUES ('../query_postgresql/query23.tpl', TRANSACTION_TIMESTAMP(), 7, 73, 625219852);
Insert on time_statistics  (cost=0.00..0.01 rows=0 width=0) (actual time=0.008..0.008 rows=0 loops=1)
  ->  Result  (cost=0.00..0.01 rows=1 width=64) (actual time=0.001..0.002 rows=1 loops=1)
INSERT 0 1
with frequent_ss_items as 
 (select substr(i_item_desc,1,30) itemdesc,i_item_sk item_sk,d_date solddate,count(*) cnt
  from store_sales
      ,date_dim 
      ,item
  where ss_sold_date_sk = d_date_sk
    and ss_item_sk = i_item_sk 
    and d_year in (1999,1999+1,1999+2,1999+3)
  group by substr(i_item_desc,1,30),i_item_sk,d_date
  having count(*) >4),
 max_store_sales as
 (select max(csales) tpcds_cmax 
  from (select c_customer_sk,sum(ss_quantity*ss_sales_price) csales
        from store_sales
            ,customer
            ,date_dim 
        where ss_customer_sk = c_customer_sk
         and ss_sold_date_sk = d_date_sk
         and d_year in (1999,1999+1,1999+2,1999+3) 
        group by c_customer_sk) x),
 best_ss_customer as
 (select c_customer_sk,sum(ss_quantity*ss_sales_price) ssales
  from store_sales
      ,customer
  where ss_customer_sk = c_customer_sk
  group by c_customer_sk
  having sum(ss_quantity*ss_sales_price) > (95/100.0) * (select
  *
from
 max_store_sales))
  select  sum(sales)
 from (select cs_quantity*cs_list_price sales
       from catalog_sales
           ,date_dim 
       where d_year = 1999 
         and d_moy = 2 
         and cs_sold_date_sk = d_date_sk 
         and cs_item_sk in (select item_sk from frequent_ss_items)
         and cs_bill_customer_sk in (select c_customer_sk from best_ss_customer)
      union all
      select ws_quantity*ws_list_price sales
       from web_sales 
           ,date_dim 
       where d_year = 1999 
         and d_moy = 2 
         and ws_sold_date_sk = d_date_sk 
         and ws_item_sk in (select item_sk from frequent_ss_items)
         and ws_bill_customer_sk in (select c_customer_sk from best_ss_customer)) y 
 limit 100;
psql:/tmp/s1-basline/throughput/query_7.sql:3485: NOTICE:  duration: 4627.382 ms  plan:
Query Text: with frequent_ss_items as 
 (select substr(i_item_desc,1,30) itemdesc,i_item_sk item_sk,d_date solddate,count(*) cnt
  from store_sales
      ,date_dim 
      ,item
  where ss_sold_date_sk = d_date_sk
    and ss_item_sk = i_item_sk 
    and d_year in (1999,1999+1,1999+2,1999+3)
  group by substr(i_item_desc,1,30),i_item_sk,d_date
  having count(*) >4),
 max_store_sales as
 (select max(csales) tpcds_cmax 
  from (select c_customer_sk,sum(ss_quantity*ss_sales_price) csales
        from store_sales
            ,customer
            ,date_dim 
        where ss_customer_sk = c_customer_sk
         and ss_sold_date_sk = d_date_sk
         and d_year in (1999,1999+1,1999+2,1999+3) 
        group by c_customer_sk) x),
 best_ss_customer as
 (select c_customer_sk,sum(ss_quantity*ss_sales_price) ssales
  from store_sales
      ,customer
  where ss_customer_sk = c_customer_sk
  group by c_customer_sk
  having sum(ss_quantity*ss_sales_price) > (95/100.0) * (select
  *
from
 max_store_sales))
  select  sum(sales)
 from (select cs_quantity*cs_list_price sales
       from catalog_sales
           ,date_dim 
       where d_year = 1999 
         and d_moy = 2 
         and cs_sold_date_sk = d_date_sk 
         and cs_item_sk in (select item_sk from frequent_ss_items)
         and cs_bill_customer_sk in (select c_customer_sk from best_ss_customer)
      union all
      select ws_quantity*ws_list_price sales
       from web_sales 
           ,date_dim 
       where d_year = 1999 
         and d_moy = 2 
         and ws_sold_date_sk = d_date_sk 
         and ws_item_sk in (select item_sk from frequent_ss_items)
         and ws_bill_customer_sk in (select c_customer_sk from best_ss_customer)) y 
 limit 100;
Limit  (cost=349691.59..349691.60 rows=1 width=8) (actual time=4588.370..4627.372 rows=1 loops=1)
  CTE frequent_ss_items
    ->  Finalize HashAggregate  (cost=99501.14..100232.55 rows=18285 width=52) (actual time=2120.094..3094.329 rows=111 loops=1)
          Group Key: (substr((item.i_item_desc)::text, 1, 30)), item.i_item_sk, date_dim_2.d_date
          Filter: (count(*) > 4)
          Batches: 21  Memory Usage: 32825kB  Disk Usage: 138432kB
          Rows Removed by Filter: 1955283
          ->  Gather  (cost=94186.89..99044.00 rows=45714 width=52) (actual time=973.803..1419.030 rows=2096892 loops=1)
                Workers Planned: 2
                Workers Launched: 2
                ->  Partial HashAggregate  (cost=93186.89..93472.60 rows=22857 width=52) (actual time=969.221..1289.165 rows=698964 loops=3)
                      Group Key: substr((item.i_item_desc)::text, 1, 30), item.i_item_sk, date_dim_2.d_date
                      Batches: 5  Memory Usage: 34865kB  Disk Usage: 36192kB
                      Worker 0:  Batches: 5  Memory Usage: 34865kB  Disk Usage: 31616kB
                      Worker 1:  Batches: 5  Memory Usage: 33841kB  Disk Usage: 31704kB
                      ->  Hash Join  (cost=4179.87..92958.32 rows=22857 width=44) (actual time=30.229..705.756 rows=724250 loops=3)
                            Hash Cond: (store_sales.ss_item_sk = item.i_item_sk)
                            ->  Hash Join  (cost=2518.87..91180.16 rows=22857 width=12) (actual time=14.448..332.789 rows=724250 loops=3)
                                  Hash Cond: (store_sales.ss_sold_date_sk = date_dim_2.d_date_sk)
                                  ->  Parallel Seq Scan on store_sales  (cost=0.00..85499.45 rows=1204445 width=16) (actual time=0.013..130.317 rows=948150 loops=3)
                                  ->  Hash  (cost=2500.73..2500.73 rows=1451 width=12) (actual time=14.418..14.419 rows=1461 loops=3)
                                        Buckets: 2048  Batches: 1  Memory Usage: 85kB
                                        ->  Seq Scan on date_dim date_dim_2  (cost=0.00..2500.73 rows=1451 width=12) (actual time=6.824..14.205 rows=1461 loops=3)
                                              Filter: (d_year = ANY ('{1999,2000,2001,2002}'::integer[]))
                                              Rows Removed by Filter: 71588
                            ->  Hash  (cost=1436.00..1436.00 rows=18000 width=110) (actual time=15.622..15.623 rows=18000 loops=3)
                                  Buckets: 32768  Batches: 1  Memory Usage: 2822kB
                                  ->  Seq Scan on item  (cost=0.00..1436.00 rows=18000 width=110) (actual time=0.026..11.358 rows=18000 loops=3)
  CTE best_ss_customer
    ->  Finalize HashAggregate  (cost=229238.16..230738.16 rows=33333 width=16) (actual time=1456.422..1504.127 rows=11 loops=1)
          Group Key: customer_1.c_customer_sk
          Filter: (sum(((store_sales_2.ss_quantity)::double precision * store_sales_2.ss_sales_price)) > ('0.95'::double precision * $3))
          Batches: 1  Memory Usage: 10257kB
          Rows Removed by Filter: 90680
          InitPlan 2 (returns $3)
            ->  Aggregate  (cost=103055.89..103055.90 rows=1 width=8) (actual time=841.657..880.407 rows=1 loops=1)
                  ->  Finalize GroupAggregate  (cost=93835.38..102401.36 rows=52362 width=16) (actual time=521.604..876.449 rows=84948 loops=1)
                        Group Key: customer.c_customer_sk
                        ->  Gather Merge  (cost=93835.38..101659.56 rows=43636 width=16) (actual time=521.592..852.507 rows=140893 loops=1)
                              Workers Planned: 2
                              Workers Launched: 2
                              ->  Partial GroupAggregate  (cost=92835.35..95622.86 rows=21818 width=16) (actual time=514.405..751.763 rows=46964 loops=3)
                                    Group Key: customer.c_customer_sk
                                    ->  Merge Join  (cost=92835.35..95186.50 rows=21818 width=20) (actual time=514.388..687.450 rows=707217 loops=3)
                                          Merge Cond: (store_sales_1.ss_customer_sk = customer.c_customer_sk)
                                          ->  Sort  (cost=92835.05..92892.19 rows=22857 width=20) (actual time=514.329..581.180 rows=707218 loops=3)
                                                Sort Key: store_sales_1.ss_customer_sk
                                                Sort Method: external merge  Disk: 27712kB
                                                Worker 0:  Sort Method: external merge  Disk: 21504kB
                                                Worker 1:  Sort Method: external merge  Disk: 21880kB
                                                ->  Hash Join  (cost=2518.87..91180.16 rows=22857 width=20) (actual time=16.854..345.476 rows=724250 loops=3)
                                                      Hash Cond: (store_sales_1.ss_sold_date_sk = date_dim_3.d_date_sk)
                                                      ->  Parallel Seq Scan on store_sales store_sales_1  (cost=0.00..85499.45 rows=1204445 width=28) (actual time=0.017..128.409 rows=948150 loops=3)
                                                      ->  Hash  (cost=2500.73..2500.73 rows=1451 width=8) (actual time=16.801..16.801 rows=1461 loops=3)
                                                            Buckets: 2048  Batches: 1  Memory Usage: 74kB
                                                            ->  Seq Scan on date_dim date_dim_3  (cost=0.00..2500.73 rows=1451 width=8) (actual time=8.131..16.616 rows=1461 loops=3)
                                                                  Filter: (d_year = ANY ('{1999,2000,2001,2002}'::integer[]))
                                                                  Rows Removed by Filter: 71588
                                          ->  Index Only Scan using pk_customer on customer  (cost=0.29..1774.19 rows=100000 width=8) (actual time=0.052..9.766 rows=99998 loops=3)
                                                Heap Fetches: 0
          ->  Gather  (cost=104182.25..125182.25 rows=200000 width=16) (actual time=558.837..579.418 rows=164880 loops=1)
                Workers Planned: 2
                Workers Launched: 2
                ->  Partial HashAggregate  (cost=103182.25..104182.25 rows=100000 width=16) (actual time=553.596..565.047 rows=54960 loops=3)
                      Group Key: customer_1.c_customer_sk
                      Batches: 1  Memory Usage: 8209kB
                      Worker 0:  Batches: 1  Memory Usage: 7185kB
                      Worker 1:  Batches: 1  Memory Usage: 8209kB
                      ->  Hash Join  (cost=3024.19..91685.43 rows=1149682 width=20) (actual time=22.853..410.988 rows=905340 loops=3)
                            Hash Cond: (store_sales_2.ss_customer_sk = customer_1.c_customer_sk)
                            ->  Parallel Seq Scan on store_sales store_sales_2  (cost=0.00..85499.45 rows=1204445 width=20) (actual time=0.014..132.649 rows=948150 loops=3)
                            ->  Hash  (cost=1774.19..1774.19 rows=100000 width=8) (actual time=22.456..22.457 rows=100000 loops=3)
                                  Buckets: 131072  Batches: 1  Memory Usage: 4931kB
                                  ->  Index Only Scan using pk_customer on customer customer_1  (cost=0.29..1774.19 rows=100000 width=8) (actual time=0.072..10.333 rows=100000 loops=3)
                                        Heap Fetches: 0
  ->  Aggregate  (cost=18720.88..18720.89 rows=1 width=8) (actual time=4588.369..4588.376 rows=1 loops=1)
        ->  Append  (cost=1170.83..18720.37 rows=206 width=8) (actual time=4588.367..4588.374 rows=0 loops=1)
              ->  Hash Join  (cost=1170.83..5243.27 rows=137 width=8) (actual time=4574.281..4574.285 rows=0 loops=1)
                    Hash Cond: (catalog_sales.cs_item_sk = frequent_ss_items.item_sk)
                    ->  Hash Join  (cost=754.92..4824.43 rows=274 width=20) (actual time=1479.895..1479.897 rows=0 loops=1)
                          Hash Cond: (catalog_sales.cs_bill_customer_sk = best_ss_customer.c_customer_sk)
                          ->  Nested Loop  (cost=0.43..4065.44 rows=551 width=28) (actual time=4.568..13.780 rows=12801 loops=1)
                                ->  Seq Scan on date_dim  (cost=0.00..2500.73 rows=28 width=8) (actual time=4.546..9.121 rows=28 loops=1)
                                      Filter: ((d_year = 1999) AND (d_moy = 2))
                                      Rows Removed by Filter: 73021
                                ->  Index Scan using i_cs_sold_date_sk on catalog_sales  (cost=0.43..48.03 rows=785 width=36) (actual time=0.004..0.079 rows=457 loops=28)
                                      Index Cond: (cs_sold_date_sk = date_dim.d_date_sk)
                          ->  Hash  (cost=751.99..751.99 rows=200 width=8) (actual time=1465.320..1465.321 rows=11 loops=1)
                                Buckets: 1024  Batches: 1  Memory Usage: 9kB
                                ->  HashAggregate  (cost=749.99..751.99 rows=200 width=8) (actual time=1465.313..1465.315 rows=11 loops=1)
                                      Group Key: best_ss_customer.c_customer_sk
                                      Batches: 1  Memory Usage: 40kB
                                      ->  CTE Scan on best_ss_customer  (cost=0.00..666.66 rows=33333 width=8) (actual time=1456.425..1465.305 rows=11 loops=1)
                    ->  Hash  (cost=413.41..413.41 rows=200 width=8) (actual time=3094.372..3094.374 rows=111 loops=1)
                          Buckets: 1024  Batches: 1  Memory Usage: 13kB
                          ->  HashAggregate  (cost=411.41..413.41 rows=200 width=8) (actual time=3094.333..3094.350 rows=111 loops=1)
                                Group Key: frequent_ss_items.item_sk
                                Batches: 1  Memory Usage: 40kB
                                ->  CTE Scan on frequent_ss_items  (cost=0.00..365.70 rows=18285 width=8) (actual time=2120.097..3094.261 rows=111 loops=1)
              ->  Hash Join  (cost=3667.41..13474.01 rows=69 width=8) (actual time=14.082..14.085 rows=0 loops=1)
                    Hash Cond: (web_sales.ws_bill_customer_sk = best_ss_customer_1.c_customer_sk)
                    ->  Hash Join  (cost=2912.92..12718.04 rows=138 width=20) (actual time=7.963..14.053 rows=58 loops=1)
                          Hash Cond: (web_sales.ws_sold_date_sk = date_dim_1.d_date_sk)
                          ->  Nested Loop  (cost=411.84..9268.55 rows=361276 width=28) (actual time=0.054..6.256 rows=5121 loops=1)
                                ->  HashAggregate  (cost=411.41..413.41 rows=200 width=8) (actual time=0.041..0.059 rows=111 loops=1)
                                      Group Key: frequent_ss_items_1.item_sk
                                      Batches: 1  Memory Usage: 40kB
                                      ->  CTE Scan on frequent_ss_items frequent_ss_items_1  (cost=0.00..365.70 rows=18285 width=8) (actual time=0.001..0.013 rows=111 loops=1)
                                ->  Index Scan using pk_web_sales on web_sales  (cost=0.42..43.84 rows=44 width=36) (actual time=0.004..0.049 rows=46 loops=111)
                                      Index Cond: (ws_item_sk = frequent_ss_items_1.item_sk)
                          ->  Hash  (cost=2500.73..2500.73 rows=28 width=8) (actual time=7.467..7.468 rows=28 loops=1)
                                Buckets: 1024  Batches: 1  Memory Usage: 10kB
                                ->  Seq Scan on date_dim date_dim_1  (cost=0.00..2500.73 rows=28 width=8) (actual time=4.042..7.463 rows=28 loops=1)
                                      Filter: ((d_year = 1999) AND (d_moy = 2))
                                      Rows Removed by Filter: 73021
                    ->  Hash  (cost=751.99..751.99 rows=200 width=8) (actual time=0.013..0.014 rows=11 loops=1)
                          Buckets: 1024  Batches: 1  Memory Usage: 9kB
                          ->  HashAggregate  (cost=749.99..751.99 rows=200 width=8) (actual time=0.009..0.011 rows=11 loops=1)
                                Group Key: best_ss_customer_1.c_customer_sk
                                Batches: 1  Memory Usage: 40kB
                                ->  CTE Scan on best_ss_customer best_ss_customer_1  (cost=0.00..666.66 rows=33333 width=8) (actual time=0.001..0.003 rows=11 loops=1)
 sum 
-----
    
(1 row)

with frequent_ss_items as
 (select substr(i_item_desc,1,30) itemdesc,i_item_sk item_sk,d_date solddate,count(*) cnt
  from store_sales
      ,date_dim
      ,item
  where ss_sold_date_sk = d_date_sk
    and ss_item_sk = i_item_sk
    and d_year in (1999,1999 + 1,1999 + 2,1999 + 3)
  group by substr(i_item_desc,1,30),i_item_sk,d_date
  having count(*) >4),
 max_store_sales as
 (select max(csales) tpcds_cmax
  from (select c_customer_sk,sum(ss_quantity*ss_sales_price) csales
        from store_sales
            ,customer
            ,date_dim 
        where ss_customer_sk = c_customer_sk
         and ss_sold_date_sk = d_date_sk
         and d_year in (1999,1999+1,1999+2,1999+3)
        group by c_customer_sk) x),
 best_ss_customer as
 (select c_customer_sk,sum(ss_quantity*ss_sales_price) ssales
  from store_sales
      ,customer
  where ss_customer_sk = c_customer_sk
  group by c_customer_sk
  having sum(ss_quantity*ss_sales_price) > (95/100.0) * (select
  *
 from max_store_sales))
  select  c_last_name,c_first_name,sales
 from (select c_last_name,c_first_name,sum(cs_quantity*cs_list_price) sales
        from catalog_sales
            ,customer
            ,date_dim 
        where d_year = 1999 
         and d_moy = 2 
         and cs_sold_date_sk = d_date_sk 
         and cs_item_sk in (select item_sk from frequent_ss_items)
         and cs_bill_customer_sk in (select c_customer_sk from best_ss_customer)
         and cs_bill_customer_sk = c_customer_sk 
       group by c_last_name,c_first_name
      union all
      select c_last_name,c_first_name,sum(ws_quantity*ws_list_price) sales
       from web_sales
           ,customer
           ,date_dim 
       where d_year = 1999 
         and d_moy = 2 
         and ws_sold_date_sk = d_date_sk 
         and ws_item_sk in (select item_sk from frequent_ss_items)
         and ws_bill_customer_sk in (select c_customer_sk from best_ss_customer)
         and ws_bill_customer_sk = c_customer_sk
       group by c_last_name,c_first_name) y 
     order by c_last_name,c_first_name,sales
  limit 100;
psql:/tmp/s1-basline/throughput/query_7.sql:3540: NOTICE:  duration: 4620.763 ms  plan:
Query Text: with frequent_ss_items as
 (select substr(i_item_desc,1,30) itemdesc,i_item_sk item_sk,d_date solddate,count(*) cnt
  from store_sales
      ,date_dim
      ,item
  where ss_sold_date_sk = d_date_sk
    and ss_item_sk = i_item_sk
    and d_year in (1999,1999 + 1,1999 + 2,1999 + 3)
  group by substr(i_item_desc,1,30),i_item_sk,d_date
  having count(*) >4),
 max_store_sales as
 (select max(csales) tpcds_cmax
  from (select c_customer_sk,sum(ss_quantity*ss_sales_price) csales
        from store_sales
            ,customer
            ,date_dim 
        where ss_customer_sk = c_customer_sk
         and ss_sold_date_sk = d_date_sk
         and d_year in (1999,1999+1,1999+2,1999+3)
        group by c_customer_sk) x),
 best_ss_customer as
 (select c_customer_sk,sum(ss_quantity*ss_sales_price) ssales
  from store_sales
      ,customer
  where ss_customer_sk = c_customer_sk
  group by c_customer_sk
  having sum(ss_quantity*ss_sales_price) > (95/100.0) * (select
  *
 from max_store_sales))
  select  c_last_name,c_first_name,sales
 from (select c_last_name,c_first_name,sum(cs_quantity*cs_list_price) sales
        from catalog_sales
            ,customer
            ,date_dim 
        where d_year = 1999 
         and d_moy = 2 
         and cs_sold_date_sk = d_date_sk 
         and cs_item_sk in (select item_sk from frequent_ss_items)
         and cs_bill_customer_sk in (select c_customer_sk from best_ss_customer)
         and cs_bill_customer_sk = c_customer_sk 
       group by c_last_name,c_first_name
      union all
      select c_last_name,c_first_name,sum(ws_quantity*ws_list_price) sales
       from web_sales
           ,customer
           ,date_dim 
       where d_year = 1999 
         and d_moy = 2 
         and ws_sold_date_sk = d_date_sk 
         and ws_item_sk in (select item_sk from frequent_ss_items)
         and ws_bill_customer_sk in (select c_customer_sk from best_ss_customer)
         and ws_bill_customer_sk = c_customer_sk
       group by c_last_name,c_first_name) y 
     order by c_last_name,c_first_name,sales
  limit 100;
Limit  (cost=349774.50..349774.75 rows=100 width=60) (actual time=4584.475..4620.759 rows=0 loops=1)
  CTE frequent_ss_items
    ->  Finalize HashAggregate  (cost=99501.14..100232.55 rows=18285 width=52) (actual time=2116.019..3093.181 rows=111 loops=1)
          Group Key: (substr((item.i_item_desc)::text, 1, 30)), item.i_item_sk, date_dim_2.d_date
          Filter: (count(*) > 4)
          Batches: 21  Memory Usage: 32825kB  Disk Usage: 138408kB
          Rows Removed by Filter: 1955283
          ->  Gather  (cost=94186.89..99044.00 rows=45714 width=52) (actual time=971.847..1419.649 rows=2095613 loops=1)
                Workers Planned: 2
                Workers Launched: 2
                ->  Partial HashAggregate  (cost=93186.89..93472.60 rows=22857 width=52) (actual time=967.217..1287.756 rows=698538 loops=3)
                      Group Key: substr((item.i_item_desc)::text, 1, 30), item.i_item_sk, date_dim_2.d_date
                      Batches: 5  Memory Usage: 34865kB  Disk Usage: 36280kB
                      Worker 0:  Batches: 5  Memory Usage: 34865kB  Disk Usage: 31512kB
                      Worker 1:  Batches: 5  Memory Usage: 34865kB  Disk Usage: 31696kB
                      ->  Hash Join  (cost=4179.87..92958.32 rows=22857 width=44) (actual time=30.339..705.446 rows=724250 loops=3)
                            Hash Cond: (store_sales.ss_item_sk = item.i_item_sk)
                            ->  Hash Join  (cost=2518.87..91180.16 rows=22857 width=12) (actual time=14.814..334.264 rows=724250 loops=3)
                                  Hash Cond: (store_sales.ss_sold_date_sk = date_dim_2.d_date_sk)
                                  ->  Parallel Seq Scan on store_sales  (cost=0.00..85499.45 rows=1204445 width=16) (actual time=0.012..131.076 rows=948150 loops=3)
                                  ->  Hash  (cost=2500.73..2500.73 rows=1451 width=12) (actual time=14.789..14.790 rows=1461 loops=3)
                                        Buckets: 2048  Batches: 1  Memory Usage: 85kB
                                        ->  Seq Scan on date_dim date_dim_2  (cost=0.00..2500.73 rows=1451 width=12) (actual time=6.981..14.591 rows=1461 loops=3)
                                              Filter: (d_year = ANY ('{1999,2000,2001,2002}'::integer[]))
                                              Rows Removed by Filter: 71588
                            ->  Hash  (cost=1436.00..1436.00 rows=18000 width=110) (actual time=15.406..15.407 rows=18000 loops=3)
                                  Buckets: 32768  Batches: 1  Memory Usage: 2822kB
                                  ->  Seq Scan on item  (cost=0.00..1436.00 rows=18000 width=110) (actual time=0.027..11.618 rows=18000 loops=3)
  CTE best_ss_customer
    ->  Finalize HashAggregate  (cost=229238.16..230738.16 rows=33333 width=16) (actual time=1454.018..1498.796 rows=11 loops=1)
          Group Key: customer_3.c_customer_sk
          Filter: (sum(((store_sales_2.ss_quantity)::double precision * store_sales_2.ss_sales_price)) > ('0.95'::double precision * $3))
          Batches: 1  Memory Usage: 10257kB
          Rows Removed by Filter: 90680
          InitPlan 2 (returns $3)
            ->  Aggregate  (cost=103055.89..103055.90 rows=1 width=8) (actual time=838.923..874.977 rows=1 loops=1)
                  ->  Finalize GroupAggregate  (cost=93835.38..102401.36 rows=52362 width=16) (actual time=521.971..871.026 rows=84948 loops=1)
                        Group Key: customer_2.c_customer_sk
                        ->  Gather Merge  (cost=93835.38..101659.56 rows=43636 width=16) (actual time=521.961..847.169 rows=140900 loops=1)
                              Workers Planned: 2
                              Workers Launched: 2
                              ->  Partial GroupAggregate  (cost=92835.35..95622.86 rows=21818 width=16) (actual time=515.101..751.223 rows=46967 loops=3)
                                    Group Key: customer_2.c_customer_sk
                                    ->  Merge Join  (cost=92835.35..95186.50 rows=21818 width=20) (actual time=515.083..687.381 rows=707217 loops=3)
                                          Merge Cond: (store_sales_1.ss_customer_sk = customer_2.c_customer_sk)
                                          ->  Sort  (cost=92835.05..92892.19 rows=22857 width=20) (actual time=515.024..581.401 rows=707218 loops=3)
                                                Sort Key: store_sales_1.ss_customer_sk
                                                Sort Method: external merge  Disk: 27616kB
                                                Worker 0:  Sort Method: external merge  Disk: 21712kB
                                                Worker 1:  Sort Method: external merge  Disk: 21768kB
                                                ->  Hash Join  (cost=2518.87..91180.16 rows=22857 width=20) (actual time=16.603..345.759 rows=724250 loops=3)
                                                      Hash Cond: (store_sales_1.ss_sold_date_sk = date_dim_3.d_date_sk)
                                                      ->  Parallel Seq Scan on store_sales store_sales_1  (cost=0.00..85499.45 rows=1204445 width=28) (actual time=0.016..128.271 rows=948150 loops=3)
                                                      ->  Hash  (cost=2500.73..2500.73 rows=1451 width=8) (actual time=16.550..16.551 rows=1461 loops=3)
                                                            Buckets: 2048  Batches: 1  Memory Usage: 74kB
                                                            ->  Seq Scan on date_dim date_dim_3  (cost=0.00..2500.73 rows=1451 width=8) (actual time=7.936..16.366 rows=1461 loops=3)
                                                                  Filter: (d_year = ANY ('{1999,2000,2001,2002}'::integer[]))
                                                                  Rows Removed by Filter: 71588
                                          ->  Index Only Scan using pk_customer on customer customer_2  (cost=0.29..1774.19 rows=100000 width=8) (actual time=0.053..9.911 rows=99998 loops=3)
                                                Heap Fetches: 0
          ->  Gather  (cost=104182.25..125182.25 rows=200000 width=16) (actual time=559.456..579.933 rows=164825 loops=1)
                Workers Planned: 2
                Workers Launched: 2
                ->  Partial HashAggregate  (cost=103182.25..104182.25 rows=100000 width=16) (actual time=554.124..565.410 rows=54942 loops=3)
                      Group Key: customer_3.c_customer_sk
                      Batches: 1  Memory Usage: 8209kB
                      Worker 0:  Batches: 1  Memory Usage: 8209kB
                      Worker 1:  Batches: 1  Memory Usage: 7185kB
                      ->  Hash Join  (cost=3024.19..91685.43 rows=1149682 width=20) (actual time=22.640..409.130 rows=905340 loops=3)
                            Hash Cond: (store_sales_2.ss_customer_sk = customer_3.c_customer_sk)
                            ->  Parallel Seq Scan on store_sales store_sales_2  (cost=0.00..85499.45 rows=1204445 width=20) (actual time=0.014..133.534 rows=948150 loops=3)
                            ->  Hash  (cost=1774.19..1774.19 rows=100000 width=8) (actual time=22.236..22.237 rows=100000 loops=3)
                                  Buckets: 131072  Batches: 1  Memory Usage: 4931kB
                                  ->  Index Only Scan using pk_customer on customer customer_3  (cost=0.29..1774.19 rows=100000 width=8) (actual time=0.071..10.305 rows=100000 loops=3)
                                        Heap Fetches: 0
  ->  Sort  (cost=18803.78..18804.30 rows=205 width=60) (actual time=4584.474..4584.483 rows=0 loops=1)
        Sort Key: customer.c_last_name, customer.c_first_name, (sum(((catalog_sales.cs_quantity)::double precision * catalog_sales.cs_list_price)))
        Sort Method: quicksort  Memory: 25kB
        ->  Append  (cost=5290.23..18795.95 rows=205 width=60) (actual time=4584.470..4584.478 rows=0 loops=1)
              ->  GroupAggregate  (cost=5290.23..5293.63 rows=136 width=60) (actual time=4570.107..4570.112 rows=0 loops=1)
                    Group Key: customer.c_last_name, customer.c_first_name
                    ->  Sort  (cost=5290.23..5290.57 rows=136 width=64) (actual time=4570.106..4570.110 rows=0 loops=1)
                          Sort Key: customer.c_last_name, customer.c_first_name
                          Sort Method: quicksort  Memory: 25kB
                          ->  Nested Loop  (cost=1171.12..5285.41 rows=136 width=64) (actual time=4570.103..4570.107 rows=0 loops=1)
                                ->  Hash Join  (cost=1170.83..5242.59 rows=137 width=28) (actual time=4570.102..4570.106 rows=0 loops=1)
                                      Hash Cond: (catalog_sales.cs_item_sk = frequent_ss_items.item_sk)
                                      ->  Hash Join  (cost=754.92..4824.43 rows=274 width=36) (actual time=1476.872..1476.874 rows=0 loops=1)
                                            Hash Cond: (catalog_sales.cs_bill_customer_sk = best_ss_customer.c_customer_sk)
                                            ->  Nested Loop  (cost=0.43..4065.44 rows=551 width=28) (actual time=4.208..13.392 rows=12801 loops=1)
                                                  ->  Seq Scan on date_dim  (cost=0.00..2500.73 rows=28 width=8) (actual time=4.185..8.772 rows=28 loops=1)
                                                        Filter: ((d_year = 1999) AND (d_moy = 2))
                                                        Rows Removed by Filter: 73021
                                                  ->  Index Scan using i_cs_sold_date_sk on catalog_sales  (cost=0.43..48.03 rows=785 width=36) (actual time=0.004..0.078 rows=457 loops=28)
                                                        Index Cond: (cs_sold_date_sk = date_dim.d_date_sk)
                                            ->  Hash  (cost=751.99..751.99 rows=200 width=8) (actual time=1462.688..1462.689 rows=11 loops=1)
                                                  Buckets: 1024  Batches: 1  Memory Usage: 9kB
                                                  ->  HashAggregate  (cost=749.99..751.99 rows=200 width=8) (actual time=1462.680..1462.682 rows=11 loops=1)
                                                        Group Key: best_ss_customer.c_customer_sk
                                                        Batches: 1  Memory Usage: 40kB
                                                        ->  CTE Scan on best_ss_customer  (cost=0.00..666.66 rows=33333 width=8) (actual time=1454.021..1462.672 rows=11 loops=1)
                                      ->  Hash  (cost=413.41..413.41 rows=200 width=8) (actual time=3093.226..3093.227 rows=111 loops=1)
                                            Buckets: 1024  Batches: 1  Memory Usage: 13kB
                                            ->  HashAggregate  (cost=411.41..413.41 rows=200 width=8) (actual time=3093.193..3093.208 rows=111 loops=1)
                                                  Group Key: frequent_ss_items.item_sk
                                                  Batches: 1  Memory Usage: 40kB
                                                  ->  CTE Scan on frequent_ss_items  (cost=0.00..365.70 rows=18285 width=8) (actual time=2116.022..3093.119 rows=111 loops=1)
                                ->  Index Scan using pk_customer on customer  (cost=0.29..0.31 rows=1 width=60) (never executed)
                                      Index Cond: (c_customer_sk = catalog_sales.cs_bill_customer_sk)
              ->  GroupAggregate  (cost=13497.52..13499.24 rows=69 width=60) (actual time=14.360..14.363 rows=0 loops=1)
                    Group Key: customer_1.c_last_name, customer_1.c_first_name
                    ->  Sort  (cost=13497.52..13497.69 rows=69 width=64) (actual time=14.359..14.361 rows=0 loops=1)
                          Sort Key: customer_1.c_last_name, customer_1.c_first_name
                          Sort Method: quicksort  Memory: 25kB
                          ->  Nested Loop  (cost=3667.71..13495.41 rows=69 width=64) (actual time=14.349..14.351 rows=0 loops=1)
                                ->  Hash Join  (cost=3667.41..13473.66 rows=69 width=28) (actual time=14.348..14.351 rows=0 loops=1)
                                      Hash Cond: (web_sales.ws_bill_customer_sk = best_ss_customer_1.c_customer_sk)
                                      ->  Hash Join  (cost=2912.92..12718.04 rows=138 width=20) (actual time=8.187..14.327 rows=58 loops=1)
                                            Hash Cond: (web_sales.ws_sold_date_sk = date_dim_1.d_date_sk)
                                            ->  Nested Loop  (cost=411.84..9268.55 rows=361276 width=28) (actual time=0.049..6.294 rows=5121 loops=1)
                                                  ->  HashAggregate  (cost=411.41..413.41 rows=200 width=8) (actual time=0.033..0.048 rows=111 loops=1)
                                                        Group Key: frequent_ss_items_1.item_sk
                                                        Batches: 1  Memory Usage: 40kB
                                                        ->  CTE Scan on frequent_ss_items frequent_ss_items_1  (cost=0.00..365.70 rows=18285 width=8) (actual time=0.001..0.010 rows=111 loops=1)
                                                  ->  Index Scan using pk_web_sales on web_sales  (cost=0.42..43.84 rows=44 width=36) (actual time=0.005..0.049 rows=46 loops=111)
                                                        Index Cond: (ws_item_sk = frequent_ss_items_1.item_sk)
                                            ->  Hash  (cost=2500.73..2500.73 rows=28 width=8) (actual time=7.696..7.697 rows=28 loops=1)
                                                  Buckets: 1024  Batches: 1  Memory Usage: 10kB
                                                  ->  Seq Scan on date_dim date_dim_1  (cost=0.00..2500.73 rows=28 width=8) (actual time=4.183..7.691 rows=28 loops=1)
                                                        Filter: ((d_year = 1999) AND (d_moy = 2))
                                                        Rows Removed by Filter: 73021
                                      ->  Hash  (cost=751.99..751.99 rows=200 width=8) (actual time=0.011..0.012 rows=11 loops=1)
                                            Buckets: 1024  Batches: 1  Memory Usage: 9kB
                                            ->  HashAggregate  (cost=749.99..751.99 rows=200 width=8) (actual time=0.007..0.009 rows=11 loops=1)
                                                  Group Key: best_ss_customer_1.c_customer_sk
                                                  Batches: 1  Memory Usage: 40kB
                                                  ->  CTE Scan on best_ss_customer best_ss_customer_1  (cost=0.00..666.66 rows=33333 width=8) (actual time=0.001..0.002 rows=11 loops=1)
                                ->  Index Scan using pk_customer on customer customer_1  (cost=0.29..0.32 rows=1 width=60) (never executed)
                                      Index Cond: (c_customer_sk = web_sales.ws_bill_customer_sk)
 c_last_name | c_first_name | sales 
-------------+--------------+-------
(0 rows)

UPDATE time_statistics SET e_time = TRANSACTION_TIMESTAMP() WHERE template = '../query_postgresql/query23.tpl' AND stream = 7;
psql:/tmp/s1-basline/throughput/query_7.sql:3542: NOTICE:  duration: 0.099 ms  plan:
Query Text: UPDATE time_statistics SET e_time = TRANSACTION_TIMESTAMP() WHERE template = '../query_postgresql/query23.tpl' AND stream = 7;
Update on time_statistics  (cost=0.00..20.59 rows=0 width=0) (actual time=0.098..0.098 rows=0 loops=1)
  ->  Seq Scan on time_statistics  (cost=0.00..20.59 rows=1 width=14) (actual time=0.084..0.084 rows=1 loops=1)
        Filter: ((template = '../query_postgresql/query23.tpl'::text) AND (stream = 7))
        Rows Removed by Filter: 668
UPDATE 1
LOAD 'auto_explain'; SET auto_explain.log_min_duration TO 0; SET auto_explain.log_analyze TO on; SET auto_explain.log_level TO notice; INSERT INTO time_statistics (template, s_time, stream, query, seed) VALUES ('query8.tpl', TRANSACTION_TIMESTAMP(), 7, 74, 860106673);
LOAD
SET
SET
SET
psql:/tmp/s1-basline/throughput/query_7.sql:3543: NOTICE:  duration: 0.009 ms  plan:
Query Text: INSERT INTO time_statistics (template, s_time, stream, query, seed) VALUES ('query8.tpl', TRANSACTION_TIMESTAMP(), 7, 74, 860106673);
Insert on time_statistics  (cost=0.00..0.01 rows=0 width=0) (actual time=0.008..0.008 rows=0 loops=1)
  ->  Result  (cost=0.00..0.01 rows=1 width=64) (actual time=0.002..0.002 rows=1 loops=1)
INSERT 0 1
select  s_store_name
      ,sum(ss_net_profit)
 from store_sales
     ,date_dim
     ,store,
     (select ca_zip
     from (
      SELECT substr(ca_zip,1,5) ca_zip
      FROM customer_address
      WHERE substr(ca_zip,1,5) IN (
                          '10916','97088','23671','83032','68635','10676',
                          '26204','25027','57846','29284','52259',
                          '21985','62321','55492','58805','75743',
                          '61754','27314','41800','67012','31975',
                          '70784','72698','51517','38649','25887',
                          '20142','27123','66884','65356','28118',
                          '30587','34276','37711','21360','36626',
                          '61149','36389','53313','77710','24333',
                          '98680','18952','29017','97911','22477',
                          '41618','69502','39971','56784','71489',
                          '66175','82457','47219','31439','73065',
                          '88463','39051','76474','36555','61909',
                          '38143','83997','62608','31516','69572',
                          '58910','35775','77770','12920','95805',
                          '82202','22329','91580','81504','62225',
                          '83033','86608','32347','42975','67919',
                          '66916','92649','10740','85347','81350',
                          '87010','50133','60388','64670','62636',
                          '91061','50461','38520','83805','43598',
                          '80359','26772','53339','62919','30231',
                          '39229','62137','54629','20388','48306',
                          '71027','75460','31075','26711','46349',
                          '80446','71819','30414','97008','64176',
                          '26843','67116','70897','38387','94292',
                          '97720','71863','76579','66431','13710',
                          '53977','87078','56984','56200','62735',
                          '59824','91574','44293','33330','20277',
                          '17861','17692','58611','10004','25418',
                          '19829','61423','70428','12553','68582',
                          '10157','55523','13561','64682','41482',
                          '62337','44922','52952','43378','30708',
                          '81948','51566','69888','59892','40392',
                          '53864','54548','69555','34065','16374',
                          '83579','32914','75854','14977','79581',
                          '74367','37517','47170','67335','35684',
                          '14007','90482','36885','18728','62440',
                          '87867','80945','67655','98521','60904',
                          '11358','50497','22489','20335','59506',
                          '80327','36308','38461','38404','56118',
                          '72661','93872','50170','38267','53440',
                          '75151','87765','25692','10677','12176',
                          '98486','55342','37397','51741','99935',
                          '92062','91563','47057','80794','92089',
                          '34688','23829','26312','72273','94979',
                          '42518','42284','51088','97885','67697',
                          '71150','18817','78707','36683','88541',
                          '50150','21828','40941','16067','14477',
                          '50588','43101','27517','18158','10078',
                          '73946','43862','79518','41701','61207',
                          '39236','53609','68654','15070','73204',
                          '79205','20376','21131','27001','23387',
                          '31149','70699','50271','63824','47104',
                          '67712','72187','81456','30483','88999',
                          '23797','81239','86368','94351','74198',
                          '54816','48324','66094','18450','41333',
                          '74551','20416','99116','68134','42944',
                          '45168','88947','99947','84200','30918',
                          '78187','51349','24778','94350','67013',
                          '54704','64504','58682','91724','57113',
                          '99895','32598','36360','58937','57567',
                          '36256','60129','79533','41086','52989',
                          '84723','20757','38330','57167','11615',
                          '87737','36697','24673','35644','76149',
                          '96996','66515','45443','92741','73038',
                          '12393','91785','71848','75617','11720',
                          '38928','64286','34570','64695','53960',
                          '74228','42376','33846','81094','23929',
                          '53629','17540','77147','93530','59568',
                          '97413','81689','67843','11305','59139',
                          '43713','54872','87842','22562','77415',
                          '64476','30854','32822','61426','96625',
                          '26174','37927','87123','62701','71251',
                          '53275','95880','88760','73550','94991',
                          '53432','96376','82455','89806','95596',
                          '61179','31830','24976','52779','34135',
                          '20284','12477','69092','35880','83993',
                          '90959','17774','98494','87752','64387',
                          '10123','53362','22219','39329','98713',
                          '59055','27346','62445','53118','12940',
                          '94658','86467','70868','94276')
     intersect
      select ca_zip
      from (SELECT substr(ca_zip,1,5) ca_zip,count(*) cnt
            FROM customer_address, customer
            WHERE ca_address_sk = c_current_addr_sk and
                  c_preferred_cust_flag='Y'
            group by ca_zip
            having count(*) > 10)A1)A2) V1
 where ss_store_sk = s_store_sk
  and ss_sold_date_sk = d_date_sk
  and d_qoy = 1 and d_year = 2001
  and (substr(s_zip,1,2) = substr(V1.ca_zip,1,2))
 group by s_store_name
 order by s_store_name
 limit 100;
psql:/tmp/s1-basline/throughput/query_7.sql:3648: NOTICE:  duration: 126.792 ms  plan:
Query Text: select  s_store_name
      ,sum(ss_net_profit)
 from store_sales
     ,date_dim
     ,store,
     (select ca_zip
     from (
      SELECT substr(ca_zip,1,5) ca_zip
      FROM customer_address
      WHERE substr(ca_zip,1,5) IN (
                          '10916','97088','23671','83032','68635','10676',
                          '26204','25027','57846','29284','52259',
                          '21985','62321','55492','58805','75743',
                          '61754','27314','41800','67012','31975',
                          '70784','72698','51517','38649','25887',
                          '20142','27123','66884','65356','28118',
                          '30587','34276','37711','21360','36626',
                          '61149','36389','53313','77710','24333',
                          '98680','18952','29017','97911','22477',
                          '41618','69502','39971','56784','71489',
                          '66175','82457','47219','31439','73065',
                          '88463','39051','76474','36555','61909',
                          '38143','83997','62608','31516','69572',
                          '58910','35775','77770','12920','95805',
                          '82202','22329','91580','81504','62225',
                          '83033','86608','32347','42975','67919',
                          '66916','92649','10740','85347','81350',
                          '87010','50133','60388','64670','62636',
                          '91061','50461','38520','83805','43598',
                          '80359','26772','53339','62919','30231',
                          '39229','62137','54629','20388','48306',
                          '71027','75460','31075','26711','46349',
                          '80446','71819','30414','97008','64176',
                          '26843','67116','70897','38387','94292',
                          '97720','71863','76579','66431','13710',
                          '53977','87078','56984','56200','62735',
                          '59824','91574','44293','33330','20277',
                          '17861','17692','58611','10004','25418',
                          '19829','61423','70428','12553','68582',
                          '10157','55523','13561','64682','41482',
                          '62337','44922','52952','43378','30708',
                          '81948','51566','69888','59892','40392',
                          '53864','54548','69555','34065','16374',
                          '83579','32914','75854','14977','79581',
                          '74367','37517','47170','67335','35684',
                          '14007','90482','36885','18728','62440',
                          '87867','80945','67655','98521','60904',
                          '11358','50497','22489','20335','59506',
                          '80327','36308','38461','38404','56118',
                          '72661','93872','50170','38267','53440',
                          '75151','87765','25692','10677','12176',
                          '98486','55342','37397','51741','99935',
                          '92062','91563','47057','80794','92089',
                          '34688','23829','26312','72273','94979',
                          '42518','42284','51088','97885','67697',
                          '71150','18817','78707','36683','88541',
                          '50150','21828','40941','16067','14477',
                          '50588','43101','27517','18158','10078',
                          '73946','43862','79518','41701','61207',
                          '39236','53609','68654','15070','73204',
                          '79205','20376','21131','27001','23387',
                          '31149','70699','50271','63824','47104',
                          '67712','72187','81456','30483','88999',
                          '23797','81239','86368','94351','74198',
                          '54816','48324','66094','18450','41333',
                          '74551','20416','99116','68134','42944',
                          '45168','88947','99947','84200','30918',
                          '78187','51349','24778','94350','67013',
                          '54704','64504','58682','91724','57113',
                          '99895','32598','36360','58937','57567',
                          '36256','60129','79533','41086','52989',
                          '84723','20757','38330','57167','11615',
                          '87737','36697','24673','35644','76149',
                          '96996','66515','45443','92741','73038',
                          '12393','91785','71848','75617','11720',
                          '38928','64286','34570','64695','53960',
                          '74228','42376','33846','81094','23929',
                          '53629','17540','77147','93530','59568',
                          '97413','81689','67843','11305','59139',
                          '43713','54872','87842','22562','77415',
                          '64476','30854','32822','61426','96625',
                          '26174','37927','87123','62701','71251',
                          '53275','95880','88760','73550','94991',
                          '53432','96376','82455','89806','95596',
                          '61179','31830','24976','52779','34135',
                          '20284','12477','69092','35880','83993',
                          '90959','17774','98494','87752','64387',
                          '10123','53362','22219','39329','98713',
                          '59055','27346','62445','53118','12940',
                          '94658','86467','70868','94276')
     intersect
      select ca_zip
      from (SELECT substr(ca_zip,1,5) ca_zip,count(*) cnt
            FROM customer_address, customer
            WHERE ca_address_sk = c_current_addr_sk and
                  c_preferred_cust_flag='Y'
            group by ca_zip
            having count(*) > 10)A1)A2) V1
 where ss_store_sk = s_store_sk
  and ss_sold_date_sk = d_date_sk
  and d_qoy = 1 and d_year = 2001
  and (substr(s_zip,1,2) = substr(V1.ca_zip,1,2))
 group by s_store_name
 order by s_store_name
 limit 100;
Limit  (cost=95869.75..95894.44 rows=9 width=13) (actual time=126.782..126.789 rows=0 loops=1)
  ->  GroupAggregate  (cost=95869.75..95894.44 rows=9 width=13) (actual time=126.781..126.788 rows=0 loops=1)
        Group Key: store.s_store_name
        ->  Sort  (cost=95869.75..95877.95 rows=3280 width=13) (actual time=126.779..126.787 rows=0 loops=1)
              Sort Key: store.s_store_name
              Sort Method: quicksort  Memory: 25kB
              ->  Nested Loop  (cost=7043.81..95678.21 rows=3280 width=13) (actual time=126.774..126.781 rows=0 loops=1)
                    Join Filter: (store_sales.ss_store_sk = store.s_store_sk)
                    ->  Nested Loop  (cost=0.43..84758.50 rows=3440 width=16) (actual time=4.599..43.444 rows=78816 loops=1)
                          ->  Seq Scan on date_dim  (cost=0.00..2500.73 rows=91 width=8) (actual time=4.586..9.673 rows=91 loops=1)
                                Filter: ((d_qoy = 1) AND (d_year = 2001))
                                Rows Removed by Filter: 72958
                          ->  Index Scan using i_ss_sold_date_sk on store_sales  (cost=0.43..888.78 rows=1515 width=24) (actual time=0.005..0.210 rows=866 loops=91)
                                Index Cond: (ss_sold_date_sk = date_dim.d_date_sk)
                    ->  Materialize  (cost=7043.38..10300.54 rows=12 width=13) (actual time=0.001..0.001 rows=0 loops=78816)
                          ->  Nested Loop  (cost=7043.38..10300.48 rows=12 width=13) (actual time=73.943..73.949 rows=0 loops=1)
                                Join Filter: (substr((store.s_zip)::text, 1, 2) = substr(a2.ca_zip, 1, 2))
                                Rows Removed by Join Filter: 72
                                ->  Index Scan using pk_store on store  (cost=0.14..3.62 rows=12 width=24) (actual time=0.002..0.009 rows=12 loops=1)
                                ->  Materialize  (cost=7043.25..10243.36 rows=200 width=32) (actual time=6.157..6.159 rows=6 loops=12)
                                      ->  Subquery Scan on a2  (cost=7043.25..10242.36 rows=200 width=32) (actual time=73.884..73.902 rows=6 loops=1)
                                            ->  HashSetOp Intersect  (cost=7043.25..10240.36 rows=200 width=36) (actual time=73.883..73.899 rows=6 loops=1)
                                                  ->  Append  (cost=7043.25..10129.53 rows=44333 width=36) (actual time=54.853..73.588 rows=1228 loops=1)
                                                        ->  Subquery Scan on "*SELECT* 2"  (cost=7043.25..7109.86 rows=1066 width=36) (actual time=54.852..55.499 rows=951 loops=1)
                                                              ->  Subquery Scan on a1  (cost=7043.25..7099.20 rows=1066 width=32) (actual time=54.851..55.429 rows=951 loops=1)
                                                                    ->  HashAggregate  (cost=7043.25..7088.54 rows=1066 width=51) (actual time=54.851..55.359 rows=951 loops=1)
                                                                          Group Key: customer_address.ca_zip
                                                                          Filter: (count(*) > 10)
                                                                          Batches: 1  Memory Usage: 369kB
                                                                          Rows Removed by Filter: 2220
                                                                          ->  Hash Join  (cost=2273.00..6807.68 rows=47113 width=11) (actual time=15.275..46.008 rows=47301 loops=1)
                                                                                Hash Cond: (customer.c_current_addr_sk = customer_address.ca_address_sk)
                                                                                ->  Seq Scan on customer  (cost=0.00..4411.00 rows=47113 width=8) (actual time=0.006..22.140 rows=47301 loops=1)
                                                                                      Filter: (c_preferred_cust_flag = 'Y'::bpchar)
                                                                                      Rows Removed by Filter: 52699
                                                                                ->  Hash  (cost=1648.00..1648.00 rows=50000 width=19) (actual time=15.233..15.234 rows=50000 loops=1)
                                                                                      Buckets: 65536  Batches: 1  Memory Usage: 3223kB
                                                                                      ->  Seq Scan on customer_address  (cost=0.00..1648.00 rows=50000 width=19) (actual time=0.003..8.019 rows=50000 loops=1)
                                                        ->  Subquery Scan on "*SELECT* 1"  (cost=1.00..2798.01 rows=43267 width=36) (actual time=0.089..18.014 rows=277 loops=1)
                                                              ->  Seq Scan on customer_address customer_address_1  (cost=1.00..2365.34 rows=43267 width=32) (actual time=0.088..17.988 rows=277 loops=1)
                                                                    Filter: (substr((ca_zip)::text, 1, 5) = ANY ('{10916,97088,23671,83032,68635,10676,26204,25027,57846,29284,52259,21985,62321,55492,58805,75743,61754,27314,41800,67012,31975,70784,72698,51517,38649,25887,20142,27123,66884,65356,28118,30587,34276,37711,21360,36626,61149,36389,53313,77710,24333,98680,18952,29017,97911,22477,41618,69502,39971,56784,71489,66175,82457,47219,31439,73065,88463,39051,76474,36555,61909,38143,83997,62608,31516,69572,58910,35775,77770,12920,95805,82202,22329,91580,81504,62225,83033,86608,32347,42975,67919,66916,92649,10740,85347,81350,87010,50133,60388,64670,62636,91061,50461,38520,83805,43598,80359,26772,53339,62919,30231,39229,62137,54629,20388,48306,71027,75460,31075,26711,46349,80446,71819,30414,97008,64176,26843,67116,70897,38387,94292,97720,71863,76579,66431,13710,53977,87078,56984,56200,62735,59824,91574,44293,33330,20277,17861,17692,58611,10004,25418,19829,61423,70428,12553,68582,10157,55523,13561,64682,41482,62337,44922,52952,43378,30708,81948,51566,69888,59892,40392,53864,54548,69555,34065,16374,83579,32914,75854,14977,79581,74367,37517,47170,67335,35684,14007,90482,36885,18728,62440,87867,80945,67655,98521,60904,11358,50497,22489,20335,59506,80327,36308,38461,38404,56118,72661,93872,50170,38267,53440,75151,87765,25692,10677,12176,98486,55342,37397,51741,99935,92062,91563,47057,80794,92089,34688,23829,26312,72273,94979,42518,42284,51088,97885,67697,71150,18817,78707,36683,88541,50150,21828,40941,16067,14477,50588,43101,27517,18158,10078,73946,43862,79518,41701,61207,39236,53609,68654,15070,73204,79205,20376,21131,27001,23387,31149,70699,50271,63824,47104,67712,72187,81456,30483,88999,23797,81239,86368,94351,74198,54816,48324,66094,18450,41333,74551,20416,99116,68134,42944,45168,88947,99947,84200,30918,78187,51349,24778,94350,67013,54704,64504,58682,91724,57113,99895,32598,36360,58937,57567,36256,60129,79533,41086,52989,84723,20757,38330,57167,11615,87737,36697,24673,35644,76149,96996,66515,45443,92741,73038,12393,91785,71848,75617,11720,38928,64286,34570,64695,53960,74228,42376,33846,81094,23929,53629,17540,77147,93530,59568,97413,81689,67843,11305,59139,43713,54872,87842,22562,77415,64476,30854,32822,61426,96625,26174,37927,87123,62701,71251,53275,95880,88760,73550,94991,53432,96376,82455,89806,95596,61179,31830,24976,52779,34135,20284,12477,69092,35880,83993,90959,17774,98494,87752,64387,10123,53362,22219,39329,98713,59055,27346,62445,53118,12940,94658,86467,70868,94276}'::text[]))
                                                                    Rows Removed by Filter: 49723
 s_store_name | sum 
--------------+-----
(0 rows)

UPDATE time_statistics SET e_time = TRANSACTION_TIMESTAMP() WHERE template = 'query8.tpl' AND stream = 7;
psql:/tmp/s1-basline/throughput/query_7.sql:3650: NOTICE:  duration: 0.092 ms  plan:
Query Text: UPDATE time_statistics SET e_time = TRANSACTION_TIMESTAMP() WHERE template = 'query8.tpl' AND stream = 7;
Update on time_statistics  (cost=0.00..20.59 rows=0 width=0) (actual time=0.091..0.092 rows=0 loops=1)
  ->  Seq Scan on time_statistics  (cost=0.00..20.59 rows=1 width=14) (actual time=0.076..0.076 rows=1 loops=1)
        Filter: ((template = 'query8.tpl'::text) AND (stream = 7))
        Rows Removed by Filter: 669
UPDATE 1
LOAD 'auto_explain'; SET auto_explain.log_min_duration TO 0; SET auto_explain.log_analyze TO on; SET auto_explain.log_level TO notice; INSERT INTO time_statistics (template, s_time, stream, query, seed) VALUES ('query24.tpl', TRANSACTION_TIMESTAMP(), 7, 75, 802777594);
LOAD
SET
SET
SET
psql:/tmp/s1-basline/throughput/query_7.sql:3651: NOTICE:  duration: 0.008 ms  plan:
Query Text: INSERT INTO time_statistics (template, s_time, stream, query, seed) VALUES ('query24.tpl', TRANSACTION_TIMESTAMP(), 7, 75, 802777594);
Insert on time_statistics  (cost=0.00..0.01 rows=0 width=0) (actual time=0.008..0.008 rows=0 loops=1)
  ->  Result  (cost=0.00..0.01 rows=1 width=64) (actual time=0.001..0.001 rows=1 loops=1)
INSERT 0 1
with ssales as
(select c_last_name
      ,c_first_name
      ,s_store_name
      ,ca_state
      ,s_state
      ,i_color
      ,i_current_price
      ,i_manager_id
      ,i_units
      ,i_size
      ,sum(ss_net_paid_inc_tax) netpaid
from store_sales
    ,store_returns
    ,store
    ,item
    ,customer
    ,customer_address
where ss_ticket_number = sr_ticket_number
  and ss_item_sk = sr_item_sk
  and ss_customer_sk = c_customer_sk
  and ss_item_sk = i_item_sk
  and ss_store_sk = s_store_sk
  and c_current_addr_sk = ca_address_sk
  and c_birth_country <> upper(ca_country)
  and s_zip = ca_zip
and s_market_id=9
group by c_last_name
        ,c_first_name
        ,s_store_name
        ,ca_state
        ,s_state
        ,i_color
        ,i_current_price
        ,i_manager_id
        ,i_units
        ,i_size)
select c_last_name
      ,c_first_name
      ,s_store_name
      ,sum(netpaid) paid
from ssales
where i_color = 'orchid'
group by c_last_name
        ,c_first_name
        ,s_store_name
having sum(netpaid) > (select 0.05*avg(netpaid)
                                 from ssales)
order by c_last_name
        ,c_first_name
        ,s_store_name
;
psql:/tmp/s1-basline/throughput/query_7.sql:3703: NOTICE:  duration: 798.596 ms  plan:
Query Text: with ssales as
(select c_last_name
      ,c_first_name
      ,s_store_name
      ,ca_state
      ,s_state
      ,i_color
      ,i_current_price
      ,i_manager_id
      ,i_units
      ,i_size
      ,sum(ss_net_paid_inc_tax) netpaid
from store_sales
    ,store_returns
    ,store
    ,item
    ,customer
    ,customer_address
where ss_ticket_number = sr_ticket_number
  and ss_item_sk = sr_item_sk
  and ss_customer_sk = c_customer_sk
  and ss_item_sk = i_item_sk
  and ss_store_sk = s_store_sk
  and c_current_addr_sk = ca_address_sk
  and c_birth_country <> upper(ca_country)
  and s_zip = ca_zip
and s_market_id=9
group by c_last_name
        ,c_first_name
        ,s_store_name
        ,ca_state
        ,s_state
        ,i_color
        ,i_current_price
        ,i_manager_id
        ,i_units
        ,i_size)
select c_last_name
      ,c_first_name
      ,s_store_name
      ,sum(netpaid) paid
from ssales
where i_color = 'orchid'
group by c_last_name
        ,c_first_name
        ,s_store_name
having sum(netpaid) > (select 0.05*avg(netpaid)
                                 from ssales)
order by c_last_name
        ,c_first_name
        ,s_store_name
;
GroupAggregate  (cost=98115.42..98115.45 rows=1 width=334) (actual time=706.245..798.593 rows=0 loops=1)
  Group Key: ssales.c_last_name, ssales.c_first_name, ssales.s_store_name
  Filter: (sum(ssales.netpaid) > $6)
  CTE ssales
    ->  GroupAggregate  (cost=98115.31..98115.35 rows=1 width=136) (actual time=706.183..798.560 rows=42 loops=1)
          Group Key: customer.c_last_name, customer.c_first_name, store.s_store_name, customer_address.ca_state, store.s_state, item.i_color, item.i_current_price, item.i_manager_id, item.i_units, item.i_size
          ->  Sort  (cost=98115.31..98115.32 rows=1 width=136) (actual time=706.175..798.524 rows=42 loops=1)
                Sort Key: customer.c_last_name, customer.c_first_name, store.s_store_name, customer_address.ca_state, store.s_state, item.i_color, item.i_current_price, item.i_manager_id, item.i_units, item.i_size
                Sort Method: quicksort  Memory: 32kB
                ->  Nested Loop  (cost=92163.73..98115.30 rows=1 width=136) (actual time=495.550..798.451 rows=42 loops=1)
                      ->  Gather  (cost=92163.44..98115.00 rows=1 width=87) (actual time=495.542..798.256 rows=42 loops=1)
                            Workers Planned: 1
                            Workers Launched: 1
                            ->  Nested Loop  (cost=91163.44..97114.90 rows=1 width=87) (actual time=491.840..701.604 rows=21 loops=2)
                                  Join Filter: (store.s_zip = customer_address.ca_zip)
                                  Rows Removed by Join Filter: 20238
                                  ->  Nested Loop  (cost=91163.15..97109.47 rows=16 width=112) (actual time=484.319..643.888 rows=21734 loops=2)
                                        ->  Parallel Hash Join  (cost=91162.86..97104.18 rows=17 width=51) (actual time=484.294..588.647 rows=22282 loops=2)
                                              Hash Cond: ((store_returns.sr_ticket_number = store_sales.ss_ticket_number) AND (store_returns.sr_item_sk = store_sales.ss_item_sk))
                                              ->  Parallel Index Only Scan using pk_store_returns on store_returns  (cost=0.42..4668.91 rows=169702 width=16) (actual time=0.044..53.324 rows=142510 loops=2)
                                                    Heap Fetches: 116489
                                              ->  Parallel Hash  (cost=89726.94..89726.94 rows=95700 width=51) (actual time=483.061..483.063 rows=226016 loops=2)
                                                    Buckets: 524288 (originally 262144)  Batches: 1 (originally 1)  Memory Usage: 44928kB
                                                    ->  Hash Join  (cost=1.16..89726.94 rows=95700 width=51) (actual time=0.072..379.945 rows=226016 loops=2)
                                                          Hash Cond: (store_sales.ss_store_sk = store.s_store_sk)
                                                          ->  Parallel Seq Scan on store_sales  (cost=0.00..85499.45 rows=1204445 width=40) (actual time=0.013..160.660 rows=1422225 loops=2)
                                                          ->  Hash  (cost=1.15..1.15 rows=1 width=27) (actual time=0.024..0.025 rows=1 loops=2)
                                                                Buckets: 1024  Batches: 1  Memory Usage: 9kB
                                                                ->  Seq Scan on store  (cost=0.00..1.15 rows=1 width=27) (actual time=0.019..0.020 rows=1 loops=2)
                                                                      Filter: (s_market_id = 9)
                                                                      Rows Removed by Filter: 11
                                        ->  Index Scan using pk_customer on customer  (cost=0.29..0.31 rows=1 width=77) (actual time=0.002..0.002 rows=1 loops=44563)
                                              Index Cond: (c_customer_sk = store_sales.ss_customer_sk)
                                  ->  Index Scan using pk_customer_address on customer_address  (cost=0.29..0.33 rows=1 width=36) (actual time=0.002..0.002 rows=1 loops=43467)
                                        Index Cond: (ca_address_sk = customer.c_current_addr_sk)
                                        Filter: ((customer.c_birth_country)::text <> upper((ca_country)::text))
                                        Rows Removed by Filter: 0
                      ->  Index Scan using pk_item on item  (cost=0.29..0.31 rows=1 width=73) (actual time=0.003..0.004 rows=1 loops=42)
                            Index Cond: (i_item_sk = store_sales.ss_item_sk)
  InitPlan 2 (returns $6)
    ->  Aggregate  (cost=0.02..0.04 rows=1 width=8) (never executed)
          ->  CTE Scan on ssales ssales_1  (cost=0.00..0.02 rows=1 width=8) (never executed)
  ->  Sort  (cost=0.03..0.04 rows=1 width=334) (actual time=706.244..706.244 rows=0 loops=1)
        Sort Key: ssales.c_last_name, ssales.c_first_name, ssales.s_store_name
        Sort Method: quicksort  Memory: 25kB
        ->  CTE Scan on ssales  (cost=0.00..0.02 rows=1 width=334) (actual time=706.239..706.239 rows=0 loops=1)
              Filter: (i_color = 'orchid'::bpchar)
              Rows Removed by Filter: 42
 c_last_name | c_first_name | s_store_name | paid 
-------------+--------------+--------------+------
(0 rows)

with ssales as
(select c_last_name
      ,c_first_name
      ,s_store_name
      ,ca_state
      ,s_state
      ,i_color
      ,i_current_price
      ,i_manager_id
      ,i_units
      ,i_size
      ,sum(ss_net_paid_inc_tax) netpaid
from store_sales
    ,store_returns
    ,store
    ,item
    ,customer
    ,customer_address
where ss_ticket_number = sr_ticket_number
  and ss_item_sk = sr_item_sk
  and ss_customer_sk = c_customer_sk
  and ss_item_sk = i_item_sk
  and ss_store_sk = s_store_sk
  and c_current_addr_sk = ca_address_sk
  and c_birth_country <> upper(ca_country)
  and s_zip = ca_zip
  and s_market_id = 9
group by c_last_name
        ,c_first_name
        ,s_store_name
        ,ca_state
        ,s_state
        ,i_color
        ,i_current_price
        ,i_manager_id
        ,i_units
        ,i_size)
select c_last_name
      ,c_first_name
      ,s_store_name
      ,sum(netpaid) paid
from ssales
where i_color = 'forest'
group by c_last_name
        ,c_first_name
        ,s_store_name
having sum(netpaid) > (select 0.05*avg(netpaid)
                           from ssales)
order by c_last_name
        ,c_first_name
        ,s_store_name
;
psql:/tmp/s1-basline/throughput/query_7.sql:3755: NOTICE:  duration: 798.406 ms  plan:
Query Text: with ssales as
(select c_last_name
      ,c_first_name
      ,s_store_name
      ,ca_state
      ,s_state
      ,i_color
      ,i_current_price
      ,i_manager_id
      ,i_units
      ,i_size
      ,sum(ss_net_paid_inc_tax) netpaid
from store_sales
    ,store_returns
    ,store
    ,item
    ,customer
    ,customer_address
where ss_ticket_number = sr_ticket_number
  and ss_item_sk = sr_item_sk
  and ss_customer_sk = c_customer_sk
  and ss_item_sk = i_item_sk
  and ss_store_sk = s_store_sk
  and c_current_addr_sk = ca_address_sk
  and c_birth_country <> upper(ca_country)
  and s_zip = ca_zip
  and s_market_id = 9
group by c_last_name
        ,c_first_name
        ,s_store_name
        ,ca_state
        ,s_state
        ,i_color
        ,i_current_price
        ,i_manager_id
        ,i_units
        ,i_size)
select c_last_name
      ,c_first_name
      ,s_store_name
      ,sum(netpaid) paid
from ssales
where i_color = 'forest'
group by c_last_name
        ,c_first_name
        ,s_store_name
having sum(netpaid) > (select 0.05*avg(netpaid)
                           from ssales)
order by c_last_name
        ,c_first_name
        ,s_store_name
;
GroupAggregate  (cost=98115.42..98115.45 rows=1 width=334) (actual time=705.632..798.402 rows=0 loops=1)
  Group Key: ssales.c_last_name, ssales.c_first_name, ssales.s_store_name
  Filter: (sum(ssales.netpaid) > $6)
  CTE ssales
    ->  GroupAggregate  (cost=98115.31..98115.35 rows=1 width=136) (actual time=705.572..798.370 rows=42 loops=1)
          Group Key: customer.c_last_name, customer.c_first_name, store.s_store_name, customer_address.ca_state, store.s_state, item.i_color, item.i_current_price, item.i_manager_id, item.i_units, item.i_size
          ->  Sort  (cost=98115.31..98115.32 rows=1 width=136) (actual time=705.565..798.335 rows=42 loops=1)
                Sort Key: customer.c_last_name, customer.c_first_name, store.s_store_name, customer_address.ca_state, store.s_state, item.i_color, item.i_current_price, item.i_manager_id, item.i_units, item.i_size
                Sort Method: quicksort  Memory: 32kB
                ->  Nested Loop  (cost=92163.73..98115.30 rows=1 width=136) (actual time=501.119..798.264 rows=42 loops=1)
                      ->  Gather  (cost=92163.44..98115.00 rows=1 width=87) (actual time=501.111..798.083 rows=42 loops=1)
                            Workers Planned: 1
                            Workers Launched: 1
                            ->  Nested Loop  (cost=91163.44..97114.90 rows=1 width=87) (actual time=493.646..697.310 rows=21 loops=2)
                                  Join Filter: (store.s_zip = customer_address.ca_zip)
                                  Rows Removed by Join Filter: 20238
                                  ->  Nested Loop  (cost=91163.15..97109.47 rows=16 width=112) (actual time=482.539..639.845 rows=21734 loops=2)
                                        ->  Parallel Hash Join  (cost=91162.86..97104.18 rows=17 width=51) (actual time=482.515..584.909 rows=22282 loops=2)
                                              Hash Cond: ((store_returns.sr_ticket_number = store_sales.ss_ticket_number) AND (store_returns.sr_item_sk = store_sales.ss_item_sk))
                                              ->  Parallel Index Only Scan using pk_store_returns on store_returns  (cost=0.42..4668.91 rows=169702 width=16) (actual time=0.045..53.068 rows=142510 loops=2)
                                                    Heap Fetches: 116489
                                              ->  Parallel Hash  (cost=89726.94..89726.94 rows=95700 width=51) (actual time=481.275..481.277 rows=226016 loops=2)
                                                    Buckets: 524288 (originally 262144)  Batches: 1 (originally 1)  Memory Usage: 44928kB
                                                    ->  Hash Join  (cost=1.16..89726.94 rows=95700 width=51) (actual time=0.068..378.841 rows=226016 loops=2)
                                                          Hash Cond: (store_sales.ss_store_sk = store.s_store_sk)
                                                          ->  Parallel Seq Scan on store_sales  (cost=0.00..85499.45 rows=1204445 width=40) (actual time=0.012..159.806 rows=1422225 loops=2)
                                                          ->  Hash  (cost=1.15..1.15 rows=1 width=27) (actual time=0.022..0.023 rows=1 loops=2)
                                                                Buckets: 1024  Batches: 1  Memory Usage: 9kB
                                                                ->  Seq Scan on store  (cost=0.00..1.15 rows=1 width=27) (actual time=0.018..0.018 rows=1 loops=2)
                                                                      Filter: (s_market_id = 9)
                                                                      Rows Removed by Filter: 11
                                        ->  Index Scan using pk_customer on customer  (cost=0.29..0.31 rows=1 width=77) (actual time=0.002..0.002 rows=1 loops=44563)
                                              Index Cond: (c_customer_sk = store_sales.ss_customer_sk)
                                  ->  Index Scan using pk_customer_address on customer_address  (cost=0.29..0.33 rows=1 width=36) (actual time=0.002..0.002 rows=1 loops=43467)
                                        Index Cond: (ca_address_sk = customer.c_current_addr_sk)
                                        Filter: ((customer.c_birth_country)::text <> upper((ca_country)::text))
                                        Rows Removed by Filter: 0
                      ->  Index Scan using pk_item on item  (cost=0.29..0.31 rows=1 width=73) (actual time=0.003..0.003 rows=1 loops=42)
                            Index Cond: (i_item_sk = store_sales.ss_item_sk)
  InitPlan 2 (returns $6)
    ->  Aggregate  (cost=0.02..0.04 rows=1 width=8) (never executed)
          ->  CTE Scan on ssales ssales_1  (cost=0.00..0.02 rows=1 width=8) (never executed)
  ->  Sort  (cost=0.03..0.04 rows=1 width=334) (actual time=705.632..705.632 rows=0 loops=1)
        Sort Key: ssales.c_last_name, ssales.c_first_name, ssales.s_store_name
        Sort Method: quicksort  Memory: 25kB
        ->  CTE Scan on ssales  (cost=0.00..0.02 rows=1 width=334) (actual time=705.627..705.627 rows=0 loops=1)
              Filter: (i_color = 'forest'::bpchar)
              Rows Removed by Filter: 42
 c_last_name | c_first_name | s_store_name | paid 
-------------+--------------+--------------+------
(0 rows)

UPDATE time_statistics SET e_time = TRANSACTION_TIMESTAMP() WHERE template = 'query24.tpl' AND stream = 7;
psql:/tmp/s1-basline/throughput/query_7.sql:3757: NOTICE:  duration: 0.104 ms  plan:
Query Text: UPDATE time_statistics SET e_time = TRANSACTION_TIMESTAMP() WHERE template = 'query24.tpl' AND stream = 7;
Update on time_statistics  (cost=0.00..20.59 rows=0 width=0) (actual time=0.103..0.103 rows=0 loops=1)
  ->  Seq Scan on time_statistics  (cost=0.00..20.59 rows=1 width=14) (actual time=0.089..0.089 rows=1 loops=1)
        Filter: ((template = 'query24.tpl'::text) AND (stream = 7))
        Rows Removed by Filter: 670
UPDATE 1
LOAD 'auto_explain'; SET auto_explain.log_min_duration TO 0; SET auto_explain.log_analyze TO on; SET auto_explain.log_level TO notice; INSERT INTO time_statistics (template, s_time, stream, query, seed) VALUES ('query63.tpl', TRANSACTION_TIMESTAMP(), 7, 76, 1790751904);
LOAD
SET
SET
SET
psql:/tmp/s1-basline/throughput/query_7.sql:3758: NOTICE:  duration: 0.008 ms  plan:
Query Text: INSERT INTO time_statistics (template, s_time, stream, query, seed) VALUES ('query63.tpl', TRANSACTION_TIMESTAMP(), 7, 76, 1790751904);
Insert on time_statistics  (cost=0.00..0.01 rows=0 width=0) (actual time=0.008..0.008 rows=0 loops=1)
  ->  Result  (cost=0.00..0.01 rows=1 width=64) (actual time=0.001..0.002 rows=1 loops=1)
INSERT 0 1
select  * 
from (select i_manager_id
             ,sum(ss_sales_price) sum_sales
             ,avg(sum(ss_sales_price)) over (partition by i_manager_id) avg_monthly_sales
      from item
          ,store_sales
          ,date_dim
          ,store
      where ss_item_sk = i_item_sk
        and ss_sold_date_sk = d_date_sk
        and ss_store_sk = s_store_sk
        and d_month_seq in (1187,1187+1,1187+2,1187+3,1187+4,1187+5,1187+6,1187+7,1187+8,1187+9,1187+10,1187+11)
        and ((    i_category in ('Books','Children','Electronics')
              and i_class in ('personal','portable','reference','self-help')
              and i_brand in ('scholaramalgamalg #14','scholaramalgamalg #7',
		                  'exportiunivamalg #9','scholaramalgamalg #9'))
           or(    i_category in ('Women','Music','Men')
              and i_class in ('accessories','classical','fragrances','pants')
              and i_brand in ('amalgimporto #1','edu packscholar #1','exportiimporto #1',
		                 'importoamalg #1')))
group by i_manager_id, d_moy) tmp1
where case when avg_monthly_sales > 0 then abs (sum_sales - avg_monthly_sales) / avg_monthly_sales else null end > 0.1
order by i_manager_id
        ,avg_monthly_sales
        ,sum_sales
limit 100;
psql:/tmp/s1-basline/throughput/query_7.sql:3784: NOTICE:  duration: 212.214 ms  plan:
Query Text: select  * 
from (select i_manager_id
             ,sum(ss_sales_price) sum_sales
             ,avg(sum(ss_sales_price)) over (partition by i_manager_id) avg_monthly_sales
      from item
          ,store_sales
          ,date_dim
          ,store
      where ss_item_sk = i_item_sk
        and ss_sold_date_sk = d_date_sk
        and ss_store_sk = s_store_sk
        and d_month_seq in (1187,1187+1,1187+2,1187+3,1187+4,1187+5,1187+6,1187+7,1187+8,1187+9,1187+10,1187+11)
        and ((    i_category in ('Books','Children','Electronics')
              and i_class in ('personal','portable','reference','self-help')
              and i_brand in ('scholaramalgamalg #14','scholaramalgamalg #7',
		                  'exportiunivamalg #9','scholaramalgamalg #9'))
           or(    i_category in ('Women','Music','Men')
              and i_class in ('accessories','classical','fragrances','pants')
              and i_brand in ('amalgimporto #1','edu packscholar #1','exportiimporto #1',
		                 'importoamalg #1')))
group by i_manager_id, d_moy) tmp1
where case when avg_monthly_sales > 0 then abs (sum_sales - avg_monthly_sales) / avg_monthly_sales else null end > 0.1
order by i_manager_id
        ,avg_monthly_sales
        ,sum_sales
limit 100;
Limit  (cost=7691.86..7691.87 rows=6 width=20) (actual time=212.162..212.175 rows=100 loops=1)
  ->  Sort  (cost=7691.86..7691.87 rows=6 width=20) (actual time=212.162..212.168 rows=100 loops=1)
        Sort Key: tmp1.i_manager_id, tmp1.avg_monthly_sales, tmp1.sum_sales
        Sort Method: top-N heapsort  Memory: 32kB
        ->  Subquery Scan on tmp1  (cost=7690.69..7691.78 rows=6 width=20) (actual time=206.298..212.009 rows=1052 loops=1)
              Filter: (CASE WHEN (tmp1.avg_monthly_sales > '0'::double precision) THEN (abs((tmp1.sum_sales - tmp1.avg_monthly_sales)) / tmp1.avg_monthly_sales) ELSE NULL::double precision END > '0.1'::double precision)
              Rows Removed by Filter: 82
              ->  WindowAgg  (cost=7690.69..7691.35 rows=19 width=24) (actual time=206.296..211.873 rows=1134 loops=1)
                    ->  GroupAggregate  (cost=7690.69..7691.07 rows=19 width=16) (actual time=206.201..211.404 rows=1134 loops=1)
                          Group Key: item.i_manager_id, date_dim.d_moy
                          ->  Sort  (cost=7690.69..7690.74 rows=19 width=16) (actual time=206.188..207.635 rows=36600 loops=1)
                                Sort Key: item.i_manager_id, date_dim.d_moy
                                Sort Method: quicksort  Memory: 3535kB
                                ->  Nested Loop  (cost=0.76..7690.28 rows=19 width=16) (actual time=0.054..197.288 rows=36600 loops=1)
                                      Join Filter: (store_sales.ss_store_sk = store.s_store_sk)
                                      Rows Removed by Join Filter: 169189
                                      ->  Nested Loop  (cost=0.76..7685.84 rows=20 width=24) (actual time=0.049..174.013 rows=37552 loops=1)
                                            ->  Nested Loop  (cost=0.43..6951.24 rows=4175 width=28) (actual time=0.033..136.138 rows=116106 loops=1)
                                                  ->  Seq Scan on item  (cost=0.00..1931.00 rows=26 width=12) (actual time=0.024..15.744 rows=900 loops=1)
                                                        Filter: (((i_category = ANY ('{Books,Children,Electronics}'::bpchar[])) AND (i_class = ANY ('{personal,portable,reference,self-help}'::bpchar[])) AND (i_brand = ANY ('{"scholaramalgamalg #14","scholaramalgamalg #7","exportiunivamalg #9","scholaramalgamalg #9"}'::bpchar[]))) OR ((i_category = ANY ('{Women,Music,Men}'::bpchar[])) AND (i_class = ANY ('{accessories,classical,fragrances,pants}'::bpchar[])) AND (i_brand = ANY ('{"amalgimporto #1","edu packscholar #1","exportiimporto #1","importoamalg #1"}'::bpchar[]))))
                                                        Rows Removed by Filter: 17100
                                                  ->  Index Scan using pk_store_sales on store_sales  (cost=0.43..191.34 rows=175 width=32) (actual time=0.005..0.115 rows=129 loops=900)
                                                        Index Cond: (ss_item_sk = item.i_item_sk)
                                            ->  Memoize  (cost=0.33..0.36 rows=1 width=12) (actual time=0.000..0.000 rows=0 loops=116106)
                                                  Cache Key: store_sales.ss_sold_date_sk
                                                  Cache Mode: logical
                                                  Hits: 114391  Misses: 1715  Evictions: 0  Overflows: 0  Memory Usage: 138kB
                                                  ->  Index Scan using pk_date_dim on date_dim  (cost=0.32..0.35 rows=1 width=12) (actual time=0.001..0.001 rows=0 loops=1715)
                                                        Index Cond: (d_date_sk = store_sales.ss_sold_date_sk)
                                                        Filter: (d_month_seq = ANY ('{1187,1188,1189,1190,1191,1192,1193,1194,1195,1196,1197,1198}'::integer[]))
                                                        Rows Removed by Filter: 1
                                      ->  Materialize  (cost=0.00..1.18 rows=12 width=8) (actual time=0.000..0.000 rows=5 loops=37552)
                                            ->  Seq Scan on store  (cost=0.00..1.12 rows=12 width=8) (actual time=0.002..0.003 rows=12 loops=1)
 i_manager_id |     sum_sales      | avg_monthly_sales  
--------------+--------------------+--------------------
            1 |             573.63 | 1983.9908333333333
            1 |            1036.42 | 1983.9908333333333
            1 |            1106.46 | 1983.9908333333333
            1 |            1107.05 | 1983.9908333333333
            1 | 1182.4400000000003 | 1983.9908333333333
            1 | 1238.4600000000003 | 1983.9908333333333
            1 | 1667.7300000000002 | 1983.9908333333333
            1 |            2195.82 | 1983.9908333333333
            1 | 3191.5299999999993 | 1983.9908333333333
            1 |  3751.649999999999 | 1983.9908333333333
            1 |  4575.600000000002 | 1983.9908333333333
            2 | 401.25000000000006 |            1287.24
            2 |  721.9000000000001 |            1287.24
            2 |             740.22 |            1287.24
            2 |  828.9799999999999 |            1287.24
            2 |             873.67 |            1287.24
            2 |              993.9 |            1287.24
            2 | 1006.5000000000001 |            1287.24
            2 | 2316.1599999999994 |            1287.24
            2 | 2404.1299999999997 |            1287.24
            2 | 2533.5299999999997 |            1287.24
            3 |             678.69 | 2509.9074999999993
            3 |            1195.19 | 2509.9074999999993
            3 | 1222.7699999999998 | 2509.9074999999993
            3 | 1320.8300000000002 | 2509.9074999999993
            3 | 1330.0699999999997 | 2509.9074999999993
            3 |            1401.47 | 2509.9074999999993
            3 | 1824.9299999999998 | 2509.9074999999993
            3 |            2254.54 | 2509.9074999999993
            3 | 3445.6399999999994 | 2509.9074999999993
            3 |  3465.059999999999 | 2509.9074999999993
            3 | 5613.0199999999995 | 2509.9074999999993
            3 |  6366.679999999994 | 2509.9074999999993
            4 | 1183.6400000000006 |  2995.814166666667
            4 | 1397.4099999999999 |  2995.814166666667
            4 |            1398.39 |  2995.814166666667
            4 | 1593.4000000000003 |  2995.814166666667
            4 | 1658.6799999999996 |  2995.814166666667
            4 |  1707.750000000001 |  2995.814166666667
            4 |            2410.96 |  2995.814166666667
            4 | 3865.7500000000005 |  2995.814166666667
            4 |  3868.210000000002 |  2995.814166666667
            4 |            4131.14 |  2995.814166666667
            4 |  6222.069999999999 |  2995.814166666667
            4 |  6512.370000000001 |  2995.814166666667
            5 |  834.0999999999999 |            2673.19
            5 |            1217.45 |            2673.19
            5 |            1254.62 |            2673.19
            5 | 1304.0999999999995 |            2673.19
            5 | 1431.1900000000003 |            2673.19
            5 | 1760.8799999999994 |            2673.19
            5 |            2318.82 |            2673.19
            5 | 3476.2800000000007 |            2673.19
            5 |            3483.18 |            2673.19
            5 |            4130.21 |            2673.19
            5 |  5141.549999999998 |            2673.19
            5 | 5725.9000000000015 |            2673.19
            6 |             862.55 |  2400.585833333333
            6 |  924.6399999999999 |  2400.585833333333
            6 | 1061.1699999999998 |  2400.585833333333
            6 | 1237.9599999999996 |  2400.585833333333
            6 | 1514.1700000000005 |  2400.585833333333
            6 | 1514.4700000000005 |  2400.585833333333
            6 |            1891.55 |  2400.585833333333
            6 | 3414.4299999999994 |  2400.585833333333
            6 | 3557.1800000000007 |  2400.585833333333
            6 | 3847.7500000000005 |  2400.585833333333
            6 |            4099.92 |  2400.585833333333
            6 |  4881.239999999999 |  2400.585833333333
            7 |             776.38 |  1879.144166666667
            7 |  784.3500000000001 |  1879.144166666667
            7 |  862.0799999999999 |  1879.144166666667
            7 |  869.5799999999999 |  1879.144166666667
            7 | 1256.6500000000003 |  1879.144166666667
            7 | 1296.7300000000002 |  1879.144166666667
            7 | 1466.3799999999999 |  1879.144166666667
            7 |            2248.67 |  1879.144166666667
            7 | 2276.9099999999994 |  1879.144166666667
            7 |            3131.63 |  1879.144166666667
            7 |  3236.260000000001 |  1879.144166666667
            7 |            4344.11 |  1879.144166666667
            8 |  838.7500000000002 | 1914.5408333333335
            8 |  846.8599999999998 | 1914.5408333333335
            8 |            1025.32 | 1914.5408333333335
            8 |            1030.05 | 1914.5408333333335
            8 |            1159.48 | 1914.5408333333335
            8 | 1229.5100000000002 | 1914.5408333333335
            8 | 1505.4500000000005 | 1914.5408333333335
            8 | 2326.7999999999997 | 1914.5408333333335
            8 | 2430.8100000000004 | 1914.5408333333335
            8 | 2688.4599999999996 | 1914.5408333333335
            8 | 3513.1000000000017 | 1914.5408333333335
            8 |  4379.899999999998 | 1914.5408333333335
            9 |            1205.38 |  2748.561666666666
            9 |            1461.29 |  2748.561666666666
            9 |            1678.41 |  2748.561666666666
            9 |            1692.77 |  2748.561666666666
            9 | 1808.3299999999997 |  2748.561666666666
            9 | 2055.4699999999993 |  2748.561666666666
            9 | 2112.2499999999995 |  2748.561666666666
(100 rows)

UPDATE time_statistics SET e_time = TRANSACTION_TIMESTAMP() WHERE template = 'query63.tpl' AND stream = 7;
psql:/tmp/s1-basline/throughput/query_7.sql:3786: NOTICE:  duration: 0.101 ms  plan:
Query Text: UPDATE time_statistics SET e_time = TRANSACTION_TIMESTAMP() WHERE template = 'query63.tpl' AND stream = 7;
Update on time_statistics  (cost=0.00..20.59 rows=0 width=0) (actual time=0.100..0.100 rows=0 loops=1)
  ->  Seq Scan on time_statistics  (cost=0.00..20.59 rows=1 width=14) (actual time=0.084..0.085 rows=1 loops=1)
        Filter: ((template = 'query63.tpl'::text) AND (stream = 7))
        Rows Removed by Filter: 671
UPDATE 1
LOAD 'auto_explain'; SET auto_explain.log_min_duration TO 0; SET auto_explain.log_analyze TO on; SET auto_explain.log_level TO notice; INSERT INTO time_statistics (template, s_time, stream, query, seed) VALUES ('query1.tpl', TRANSACTION_TIMESTAMP(), 7, 77, 844582149);
LOAD
SET
SET
SET
psql:/tmp/s1-basline/throughput/query_7.sql:3787: NOTICE:  duration: 0.009 ms  plan:
Query Text: INSERT INTO time_statistics (template, s_time, stream, query, seed) VALUES ('query1.tpl', TRANSACTION_TIMESTAMP(), 7, 77, 844582149);
Insert on time_statistics  (cost=0.00..0.01 rows=0 width=0) (actual time=0.008..0.008 rows=0 loops=1)
  ->  Result  (cost=0.00..0.01 rows=1 width=64) (actual time=0.001..0.002 rows=1 loops=1)
INSERT 0 1
with customer_total_return as
(select sr_customer_sk as ctr_customer_sk
,sr_store_sk as ctr_store_sk
,sum(SR_RETURN_TAX) as ctr_total_return
from store_returns
,date_dim
where sr_returned_date_sk = d_date_sk
and d_year =2001
group by sr_customer_sk
,sr_store_sk)
 select  c_customer_id
from customer_total_return ctr1
,store
,customer
where ctr1.ctr_total_return > (select avg(ctr_total_return)*1.2
from customer_total_return ctr2
where ctr1.ctr_store_sk = ctr2.ctr_store_sk)
and s_store_sk = ctr1.ctr_store_sk
and s_state = 'TN'
and ctr1.ctr_customer_sk = c_customer_sk
order by c_customer_id
limit 100;
psql:/tmp/s1-basline/throughput/query_7.sql:3809: NOTICE:  duration: 203490.589 ms  plan:
Query Text: with customer_total_return as
(select sr_customer_sk as ctr_customer_sk
,sr_store_sk as ctr_store_sk
,sum(SR_RETURN_TAX) as ctr_total_return
from store_returns
,date_dim
where sr_returned_date_sk = d_date_sk
and d_year =2001
group by sr_customer_sk
,sr_store_sk)
 select  c_customer_id
from customer_total_return ctr1
,store
,customer
where ctr1.ctr_total_return > (select avg(ctr_total_return)*1.2
from customer_total_return ctr2
where ctr1.ctr_store_sk = ctr2.ctr_store_sk)
and s_store_sk = ctr1.ctr_store_sk
and s_state = 'TN'
and ctr1.ctr_customer_sk = c_customer_sk
order by c_customer_id
limit 100;
Limit  (cost=54658.63..54658.70 rows=28 width=17) (actual time=203490.551..203490.567 rows=100 loops=1)
  CTE customer_total_return
    ->  GroupAggregate  (cost=11381.43..11409.09 rows=1383 width=24) (actual time=59.963..77.883 rows=49279 loops=1)
          Group Key: store_returns.sr_customer_sk, store_returns.sr_store_sk
          ->  Sort  (cost=11381.43..11384.89 rows=1383 width=24) (actual time=59.956..62.763 rows=54455 loops=1)
                Sort Key: store_returns.sr_customer_sk, store_returns.sr_store_sk
                Sort Method: quicksort  Memory: 4918kB
                ->  Nested Loop  (cost=0.42..11309.28 rows=1383 width=24) (actual time=3.973..45.639 rows=54455 loops=1)
                      ->  Seq Scan on date_dim  (cost=0.00..2318.11 rows=363 width=8) (actual time=3.955..8.193 rows=365 loops=1)
                            Filter: (d_year = 2001)
                            Rows Removed by Filter: 72684
                      ->  Index Scan using i_sr_returned_date_sk on store_returns  (cost=0.42..23.37 rows=140 width=32) (actual time=0.003..0.083 rows=149 loops=365)
                            Index Cond: (sr_returned_date_sk = date_dim.d_date_sk)
  ->  Sort  (cost=43249.54..43249.61 rows=28 width=17) (actual time=203490.550..203490.556 rows=100 loops=1)
        Sort Key: customer.c_customer_id
        Sort Method: top-N heapsort  Memory: 37kB
        ->  Nested Loop  (cost=0.29..43248.87 rows=28 width=17) (actual time=179.849..203483.011 rows=11430 loops=1)
              ->  Nested Loop  (cost=0.00..43195.42 rows=28 width=8) (actual time=179.835..203454.760 rows=11436 loops=1)
                    Join Filter: (ctr1.ctr_store_sk = store.s_store_sk)
                    Rows Removed by Join Filter: 49551
                    ->  CTE Scan on customer_total_return ctr1  (cost=0.00..43111.57 rows=461 width=16) (actual time=179.818..203446.045 rows=11436 loops=1)
                          Filter: (ctr_total_return > (SubPlan 2))
                          Rows Removed by Filter: 37843
                          SubPlan 2
                            ->  Aggregate  (cost=31.14..31.15 rows=1 width=8) (actual time=4.127..4.127 rows=1 loops=49279)
                                  ->  CTE Scan on customer_total_return ctr2  (cost=0.00..31.12 rows=7 width=8) (actual time=0.032..3.540 rows=8029 loops=49279)
                                        Filter: (ctr1.ctr_store_sk = ctr_store_sk)
                                        Rows Removed by Filter: 41250
                    ->  Materialize  (cost=0.00..1.21 rows=12 width=8) (actual time=0.000..0.000 rows=5 loops=11436)
                          ->  Seq Scan on store  (cost=0.00..1.15 rows=12 width=8) (actual time=0.013..0.021 rows=12 loops=1)
                                Filter: (s_state = 'TN'::bpchar)
              ->  Index Scan using pk_customer on customer  (cost=0.29..1.91 rows=1 width=25) (actual time=0.002..0.002 rows=1 loops=11436)
                    Index Cond: (c_customer_sk = ctr1.ctr_customer_sk)
  c_customer_id   
------------------
 AAAAAAAAAAAFAAAA
 AAAAAAAAAAAOAAAA
 AAAAAAAAAABABAAA
 AAAAAAAAAABCAAAA
 AAAAAAAAAABHBAAA
 AAAAAAAAAABJAAAA
 AAAAAAAAAABJAAAA
 AAAAAAAAAACABAAA
 AAAAAAAAAACDBAAA
 AAAAAAAAAACJAAAA
 AAAAAAAAAADHAAAA
 AAAAAAAAAAEABAAA
 AAAAAAAAAAEBBAAA
 AAAAAAAAAAFCAAAA
 AAAAAAAAAAFDAAAA
 AAAAAAAAAAGHAAAA
 AAAAAAAAAAHAAAAA
 AAAAAAAAAAHEBAAA
 AAAAAAAAAAIEAAAA
 AAAAAAAAAAIJAAAA
 AAAAAAAAAAJGBAAA
 AAAAAAAAAAKBAAAA
 AAAAAAAAAAKKAAAA
 AAAAAAAAAAKKAAAA
 AAAAAAAAAAKOAAAA
 AAAAAAAAAALEAAAA
 AAAAAAAAAALJAAAA
 AAAAAAAAAAMJAAAA
 AAAAAAAAAAMJAAAA
 AAAAAAAAAANCBAAA
 AAAAAAAAAANEAAAA
 AAAAAAAAAANFBAAA
 AAAAAAAAAANLAAAA
 AAAAAAAAAANNAAAA
 AAAAAAAAAANOAAAA
 AAAAAAAAAANOAAAA
 AAAAAAAAAAOAAAAA
 AAAAAAAAAAOBAAAA
 AAAAAAAAAAOHBAAA
 AAAAAAAAAAONAAAA
 AAAAAAAAAAPEAAAA
 AAAAAAAAAAPMAAAA
 AAAAAAAAAAPMAAAA
 AAAAAAAAABBDBAAA
 AAAAAAAAABBEBAAA
 AAAAAAAAABBFBAAA
 AAAAAAAAABBHBAAA
 AAAAAAAAABBIBAAA
 AAAAAAAAABBKAAAA
 AAAAAAAAABCDAAAA
 AAAAAAAAABCIBAAA
 AAAAAAAAABDBAAAA
 AAAAAAAAABDCAAAA
 AAAAAAAAABDDAAAA
 AAAAAAAAABDGAAAA
 AAAAAAAAABDIBAAA
 AAAAAAAAABDKAAAA
 AAAAAAAAABECAAAA
 AAAAAAAAABECAAAA
 AAAAAAAAABEFAAAA
 AAAAAAAAABEIAAAA
 AAAAAAAAABEIBAAA
 AAAAAAAAABEIBAAA
 AAAAAAAAABEJAAAA
 AAAAAAAAABEPAAAA
 AAAAAAAAABFBBAAA
 AAAAAAAAABGIBAAA
 AAAAAAAAABHDAAAA
 AAAAAAAAABIBBAAA
 AAAAAAAAABICAAAA
 AAAAAAAAABJGBAAA
 AAAAAAAAABKEAAAA
 AAAAAAAAABKKAAAA
 AAAAAAAAABKLAAAA
 AAAAAAAAABKOAAAA
 AAAAAAAAABMAAAAA
 AAAAAAAAABMDAAAA
 AAAAAAAAABMEAAAA
 AAAAAAAAABMEBAAA
 AAAAAAAAABNDBAAA
 AAAAAAAAABNNAAAA
 AAAAAAAAABOAAAAA
 AAAAAAAAABOAAAAA
 AAAAAAAAABOFBAAA
 AAAAAAAAABOFBAAA
 AAAAAAAAABOKAAAA
 AAAAAAAAABONAAAA
 AAAAAAAAABPFAAAA
 AAAAAAAAABPGAAAA
 AAAAAAAAABPGBAAA
 AAAAAAAAABPHBAAA
 AAAAAAAAABPHBAAA
 AAAAAAAAABPNAAAA
 AAAAAAAAACACBAAA
 AAAAAAAAACAGAAAA
 AAAAAAAAACAGAAAA
 AAAAAAAAACAGAAAA
 AAAAAAAAACBABAAA
 AAAAAAAAACBDAAAA
 AAAAAAAAACBNAAAA
(100 rows)

UPDATE time_statistics SET e_time = TRANSACTION_TIMESTAMP() WHERE template = 'query1.tpl' AND stream = 7;
psql:/tmp/s1-basline/throughput/query_7.sql:3811: NOTICE:  duration: 0.094 ms  plan:
Query Text: UPDATE time_statistics SET e_time = TRANSACTION_TIMESTAMP() WHERE template = 'query1.tpl' AND stream = 7;
Update on time_statistics  (cost=0.00..20.59 rows=0 width=0) (actual time=0.094..0.094 rows=0 loops=1)
  ->  Seq Scan on time_statistics  (cost=0.00..20.59 rows=1 width=14) (actual time=0.080..0.080 rows=1 loops=1)
        Filter: ((template = 'query1.tpl'::text) AND (stream = 7))
        Rows Removed by Filter: 672
UPDATE 1
LOAD 'auto_explain'; SET auto_explain.log_min_duration TO 0; SET auto_explain.log_analyze TO on; SET auto_explain.log_level TO notice; INSERT INTO time_statistics (template, s_time, stream, query, seed) VALUES ('../query_postgresql/query12.tpl', TRANSACTION_TIMESTAMP(), 7, 78, 1604034220);
LOAD
SET
SET
SET
psql:/tmp/s1-basline/throughput/query_7.sql:3812: NOTICE:  duration: 0.013 ms  plan:
Query Text: INSERT INTO time_statistics (template, s_time, stream, query, seed) VALUES ('../query_postgresql/query12.tpl', TRANSACTION_TIMESTAMP(), 7, 78, 1604034220);
Insert on time_statistics  (cost=0.00..0.01 rows=0 width=0) (actual time=0.013..0.013 rows=0 loops=1)
  ->  Result  (cost=0.00..0.01 rows=1 width=64) (actual time=0.001..0.002 rows=1 loops=1)
INSERT 0 1
select  i_item_id
      ,i_item_desc 
      ,i_category 
      ,i_class 
      ,i_current_price
      ,sum(ws_ext_sales_price) as itemrevenue 
      ,sum(ws_ext_sales_price)*100/sum(sum(ws_ext_sales_price)) over
          (partition by i_class) as revenueratio
from	
	web_sales
    	,item 
    	,date_dim
where 
	ws_item_sk = i_item_sk 
  	and i_category in ('Jewelry', 'Children', 'Books')
  	and ws_sold_date_sk = d_date_sk
	and d_date between cast('2002-06-18' as date) 
				and (cast('2002-06-18' as date) + INTERVAL '30 days')
group by 
	i_item_id
        ,i_item_desc 
        ,i_category
        ,i_class
        ,i_current_price
order by 
	i_category
        ,i_class
        ,i_item_id
        ,i_item_desc
        ,revenueratio
limit 100;
psql:/tmp/s1-basline/throughput/query_7.sql:3843: NOTICE:  duration: 24.965 ms  plan:
Query Text: select  i_item_id
      ,i_item_desc 
      ,i_category 
      ,i_class 
      ,i_current_price
      ,sum(ws_ext_sales_price) as itemrevenue 
      ,sum(ws_ext_sales_price)*100/sum(sum(ws_ext_sales_price)) over
          (partition by i_class) as revenueratio
from	
	web_sales
    	,item 
    	,date_dim
where 
	ws_item_sk = i_item_sk 
  	and i_category in ('Jewelry', 'Children', 'Books')
  	and ws_sold_date_sk = d_date_sk
	and d_date between cast('2002-06-18' as date) 
				and (cast('2002-06-18' as date) + INTERVAL '30 days')
group by 
	i_item_id
        ,i_item_desc 
        ,i_category
        ,i_class
        ,i_current_price
order by 
	i_category
        ,i_class
        ,i_item_id
        ,i_item_desc
        ,revenueratio
limit 100;
Limit  (cost=12107.34..12107.59 rows=99 width=245) (actual time=24.873..24.885 rows=100 loops=1)
  ->  Sort  (cost=12107.34..12107.59 rows=99 width=245) (actual time=24.873..24.878 rows=100 loops=1)
        Sort Key: item.i_category, item.i_class, item.i_item_id, item.i_item_desc, ((((sum(web_sales.ws_ext_sales_price)) * '100'::double precision) / sum((sum(web_sales.ws_ext_sales_price))) OVER (?)))
        Sort Method: top-N heapsort  Memory: 90kB
        ->  WindowAgg  (cost=12101.83..12104.06 rows=99 width=245) (actual time=23.254..23.994 rows=1409 loops=1)
              ->  Sort  (cost=12101.83..12102.08 rows=99 width=237) (actual time=23.237..23.294 rows=1409 loops=1)
                    Sort Key: item.i_class
                    Sort Method: quicksort  Memory: 437kB
                    ->  GroupAggregate  (cost=12095.83..12098.55 rows=99 width=237) (actual time=21.416..22.407 rows=1409 loops=1)
                          Group Key: item.i_item_id, item.i_item_desc, item.i_category, item.i_class, item.i_current_price
                          ->  Sort  (cost=12095.83..12096.08 rows=99 width=237) (actual time=21.409..21.498 rows=2066 loops=1)
                                Sort Key: item.i_item_id, item.i_item_desc, item.i_category, item.i_class, item.i_current_price
                                Sort Method: quicksort  Memory: 669kB
                                ->  Nested Loop  (cost=1.00..12092.55 rows=99 width=237) (actual time=0.056..16.140 rows=2066 loops=1)
                                      ->  Nested Loop  (cost=0.72..11991.25 rows=326 width=16) (actual time=0.017..3.415 rows=6901 loops=1)
                                            ->  Index Scan using i_d_date on date_dim  (cost=0.29..3.15 rows=33 width=8) (actual time=0.009..0.019 rows=31 loops=1)
                                                  Index Cond: ((d_date >= '2002-06-18'::date) AND (d_date <= '2002-07-18 00:00:00'::timestamp without time zone))
                                            ->  Index Scan using i_ws_sold_date_sk on web_sales  (cost=0.42..359.31 rows=397 width=24) (actual time=0.003..0.074 rows=223 loops=31)
                                                  Index Cond: (ws_sold_date_sk = date_dim.d_date_sk)
                                      ->  Index Scan using pk_item on item  (cost=0.29..0.31 rows=1 width=237) (actual time=0.002..0.002 rows=0 loops=6901)
                                            Index Cond: (i_item_sk = web_sales.ws_item_sk)
                                            Filter: (i_category = ANY ('{Jewelry,Children,Books}'::bpchar[]))
                                            Rows Removed by Filter: 1
    i_item_id     |                                                                                               i_item_desc                                                                                                |                     i_category                     |                      i_class                       | i_current_price |    itemrevenue     |     revenueratio      
------------------+----------------------------------------------------------------------------------------------------------------------------------------------------------------------------------------------------------+----------------------------------------------------+----------------------------------------------------+-----------------+--------------------+-----------------------
 AAAAAAAAAFIBAAAA | Narrow positions should not state ever to a workers; young systems would no                                                                                                                              | Books                                              | arts                                               |            3.28 |            18558.6 |    15.032515938017943
 AAAAAAAAAFMCAAAA | Forests develop still n                                                                                                                                                                                  | Books                                              | arts                                               |            0.46 | 11097.210000000001 |     8.988769960693809
 AAAAAAAAAODCAAAA | Late minor materials ought to retain never mental, new quarters; useful                                                                                                                                  | Books                                              | arts                                               |            4.86 |            3623.49 |    2.9350366501917513
 AAAAAAAABGLBAAAA | Successes take also times. Communications recognise on a colours. Long, like times greet more un                                                                                                         | Books                                              | arts                                               |            1.65 |           19899.84 |     16.11892394706535
 AAAAAAAABPMAAAAA | Social needs may support criminal, foreign patterns. Adequ                                                                                                                                               | Books                                              | arts                                               |            0.69 |                222 |   0.17982059736402442
 AAAAAAAACCHDAAAA | Low, due years may forget. Workers seek close fingers. Things should not sense more often only systems. As strong cities used to appear substantially; massive, national priorities may get original, la | Books                                              | arts                                               |            8.61 |            1431.36 |      1.15940545154491
 AAAAAAAADPPBAAAA | Children will remove. Real hands might need wide for the performances. Simple, willing conditions want on a images. Real, young goods help however twin hou                                              | Books                                              | arts                                               |            8.24 |             159.16 |    0.1289200282723339
 AAAAAAAAEHKCAAAA | Clergy ought to give now right passengers. Statutory men must leave both new nights; actually new notions used to set importantly materials. Feet would not understand local w                           | Books                                              | arts                                               |            4.04 |             2491.1 |    2.0177977031239696
 AAAAAAAAEOCDAAAA | Gastric boots should move either attractive, medical signals. Now only solicitors see also securities. Solar, top tables touch both vast, international characters. Brief scientists o                   | Books                                              | arts                                               |            7.33 |             186.47 |   0.15104120175887223
 AAAAAAAAEODCAAAA | Still convenient details believe similarly close activities. Years shall win easily arms; regularly specific patients could welcome n                                                                    | Books                                              | arts                                               |            4.92 |             617.95 |    0.5005411627977427
 AAAAAAAAFAEEAAAA | New, wild grounds end here very normal years. Numbers give digital brothers. Eventually big goods grow so in                                                                                             | Books                                              | arts                                               |            2.39 |             3260.9 |    2.6413377745240867
 AAAAAAAAGCADAAAA | Small,                                                                                                                                                                                                   | Books                                              | arts                                               |            3.85 |            1496.76 |    1.2123796275251224
 AAAAAAAAGFGDAAAA | Friends might shake. Well double books could not tell soon police. Current, christian requests can                                                                                                       | Books                                              | arts                                               |             4.9 |             284.58 |    0.2305105657560994
 AAAAAAAAGHABAAAA | New, individual findings may enable alone visit                                                                                                                                                          | Books                                              | arts                                               |            5.89 |           10265.27 |      8.31489632208558
 AAAAAAAAGPIAAAAA | Keen studies like hot women. Hitherto important women praise subsequently absolute, local benefits. Supreme, sec                                                                                         | Books                                              | arts                                               |            2.33 |            6660.55 |     5.395063422400688
 AAAAAAAAHINAAAAA | Contracts would miss much dangerous, british values. Once ag                                                                                                                                             | Books                                              | arts                                               |            5.84 |            6676.51 |     5.407991065346319
 AAAAAAAAHLGBAAAA | Little local agencies tell brightly only holy plants. Spanish agencies speak quite into a requirements; northern conditions can make firmly. Leading memories ought to tidy worth a years. Positive, ec  | Books                                              | arts                                               |           85.09 |              958.6 |    0.7764685794286207
 AAAAAAAAIKCDAAAA | Just smooth members might not complete to a considerations. Young, total doctors turn slightly hours. Now public limits account norma                                                                    | Books                                              | arts                                               |            3.39 |            2028.78 |    1.6433172590999345
 AAAAAAAAIKKDAAAA | Long great boys must calculate schemes. Groups may come about the words. Years can understand really brief magazines. Requirem                                                                           | Books                                              | arts                                               |            8.81 |              62.73 |   0.05081146879569933
 AAAAAAAAIPADAAAA | Never labour circumstances must not live by a colours. Operations force consequently in a pupils. Finally only interests ignore clubs. Issues would not feel suddenly; small arms may                    | Books                                              | arts                                               |            4.01 |             443.84 |    0.3595115942975162
 AAAAAAAAIPLAAAAA | Wide planes may see global tories. Papers e                                                                                                                                                              | Books                                              | arts                                               |            3.44 |            13527.3 |    10.957149399650303
 AAAAAAAAKCOCAAAA | Political children give therefore new levels. Racial studies conde                                                                                                                                       | Books                                              | arts                                               |            2.41 |            2091.48 |    1.6941044278149089
 AAAAAAAALBNAAAAA | Generally asian eyes sell individually films. Normal feet become on a lips. Also very weeks intend warmly. Major, scottish details get. Simple systems shall provide sure li                             | Books                                              | arts                                               |            3.87 |              73.95 |  0.059899698986800025
 AAAAAAAAMEKCAAAA | Members receive men. Quite clear                                                                                                                                                                         | Books                                              | arts                                               |           45.12 |            1240.47 |    1.0047840378925736
 AAAAAAAAMJBBAAAA | High events improve arguments; american cards should not follow just changes; attitudes should return least comprehensive shares. Sen                                                                    | Books                                              | arts                                               |            1.92 |             1841.1 |    1.4912959540851591
 AAAAAAAAOBABAAAA | Creditors cannot solve negative, rich achievements; independent, educational hours influence still political, cultural opportunities. New weeks                                                          | Books                                              | arts                                               |             8.4 |              478.8 |    0.3878292883688959
 AAAAAAAAONPCAAAA | Difficult, deaf structures might take now by a days. Slightly specific ages could continue more scottish, early boys; other, universal forms must not take hence ever partial weekends; ha               | Books                                              | arts                                               |            3.76 | 1250.8899999999999 |    1.0132242659310111
 AAAAAAAAOPODAAAA | Simple, following books should not decide together. Empty contracts face now ill theories. Now spanish details sign nearly absolutely early operations. Concerned, american foreigners m                 | Books                                              | arts                                               |             9.4 | 5355.8099999999995 |     4.338220511568538
 AAAAAAAAPLMCAAAA | However objective tiles may not ring particular days; rebels might move; also special years complete necessarily early in                                                                                | Books                                              | arts                                               |            1.43 |            1041.76 |    0.8438284031979553
 AAAAAAAAPOKBAAAA | Unions can whisper in a courses. Secret, attractive clothes look books; institutions can exclude early existing, great                                                                                   | Books                                              | arts                                               |            3.51 |             797.92 |    0.6463173470662269
 AAAAAAAAPPAEAAAA | Trials act slightly; european forces need parts. Basically only questions should attack so as remaining speakers. Previous, new modules think elements. Various weeks walk. Others                       | Books                                              | arts                                               |            0.94 |             5331.2 |     4.318286345347238
 AAAAAAAAAAGEAAAA | Stable citizens stand in public mi                                                                                                                                                                       | Books                                              | business                                           |            3.36 |            7813.16 |    6.4829882503741345
 AAAAAAAAADGBAAAA | Maybe thin problems shall suggest now available structures; southern, short acts help never interested levels. Systems take regulatory improvements. Needs must kill very su                             | Books                                              | business                                           |             0.9 |              718.1 |    0.5958451974097121
 AAAAAAAAAOHBAAAA | Concepts keep here for a signs. Historic poles will treat written eyes; more basic types sha                                                                                                             | Books                                              | business                                           |            8.86 |             7300.8 |     6.057856311445239
 AAAAAAAAAOJDAAAA | Most close thousands would wear only; useless fingers must find regularly states. Far points give now in the cells. New arts shall go whole                                                              | Books                                              | business                                           |           71.41 |  6813.719999999999 |     5.653700513152072
 AAAAAAAABDFBAAAA | Frequent expectations allow french attacks. Proposals used to win indeed popular, large sessions. Services shall not apologise as real relations. Years create unable, p                                 | Books                                              | business                                           |            2.82 |            7557.34 |      6.27072099177317
 AAAAAAAACCLCAAAA | Well public sales may not set as english nuclear problems. Men form further in a                                                                                                                         | Books                                              | business                                           |            8.89 |             184.14 |    0.1527906066718067
 AAAAAAAACDBBAAAA | Medical                                                                                                                                                                                                  | Books                                              | business                                           |           43.54 |             2001.7 |    1.6609153762080777
 AAAAAAAACHBAAAAA | Carers get in a bodies; stories seem formerly political, present activities. Major rates might not burst subsequent letters. Enough multiple customers find complete times; able, cruc                   | Books                                              | business                                           |            8.64 | 1884.3300000000002 |    1.5635273371884737
 AAAAAAAAEBIAAAAA | General methods win together impossible lines. Real years make materials. Casualties cannot give                                                                                                         | Books                                              | business                                           |            9.31 |            5888.16 |    4.8857148831360115
 AAAAAAAAEDPDAAAA | Players notice. Roughly                                                                                                                                                                                  | Books                                              | business                                           |            3.83 |             2365.9 |    1.9631111997655448
 AAAAAAAAFGIDAAAA | Successful centres follow early comfortable emotions. Adequate, possible questions may soften at a qualifications. Bright incentives might go therefore behind the forms. Little feet woul               | Books                                              | business                                           |            1.13 |            2220.44 |    1.8424154158702424
 AAAAAAAAFNBAAAAA | Following, widespread bombs can furnish violently into the developments; totally industrial examples deal quite even common terms. Jobs should see low numerous clouds. Miles shall i                    | Books                                              | business                                           |            3.13 |             1961.3 |    1.6273933793060413
 AAAAAAAAGMIDAAAA | Then detailed miles could not allow overseas administrative, different pages. Campaigns should trace women. Restrictions develop eyes. Parties talk due inches; living women would                       | Books                                              | business                                           |             0.1 |  6114.650000000001 |     5.073645503887057
 AAAAAAAAGNICAAAA | Cases ought to lend such as a parts. Employees go also wages. Inevitably magic refugees object. Proper aspects cast under. Light years should not make no longer also financial years. Cold sorts c      | Books                                              | business                                           |            0.55 | 17561.260000000002 |    14.571497606828132
 AAAAAAAAIFGDAAAA | Muscles see exactly disciplinary sales. Safe magazines would not feel then. Areas see howeve                                                                                                             | Books                                              | business                                           |            1.74 |             852.72 |    0.7075464653045671
 AAAAAAAAIOJBAAAA | Still extreme calls knock there aware types. Dead gardens describe convenient, russian children; almost other police coul                                                                                | Books                                              | business                                           |            2.03 |            5902.05 |     4.897240143952083
 AAAAAAAAIPJDAAAA | Absolute, ruling forms decide damages. French, mental commentators used to believe great, possible records. About national developments can calculate generally willingly running examples. Gentle       | Books                                              | business                                           |            4.53 |            2096.39 |    1.7394846308282221
 AAAAAAAAJLIDAAAA | Major lights receive corners.                                                                                                                                                                            | Books                                              | business                                           |            1.43 |             645.73 |    0.5357960163255443
 AAAAAAAAKFIAAAAA | Well small classes ought to know altogether. Away base objects fit final sessions. Fixed partners live too. Years                                                                                        | Books                                              | business                                           |            9.76 |               3274 |     2.716609352902656
 AAAAAAAAKJBAAAAA | Colourful, quiet years must want rapidly acceptable, other fin                                                                                                                                           | Books                                              | business                                           |            4.12 |            1178.46 |    0.9778300116132144
 AAAAAAAAKLPCAAAA | Fixed, annual merchants might not turn in a trees. Super, full men add even central years. Branches must i                                                                                               | Books                                              | business                                           |            1.85 |             854.37 |    0.7089155567621999
 AAAAAAAALDOAAAAA | Issues could know objects. Public inhab                                                                                                                                                                  | Books                                              | business                                           |            2.11 |            3628.96 |    3.0111382642973803
 AAAAAAAALHJBAAAA | Large qualities may not adjust general, great                                                                                                                                                            | Books                                              | business                                           |           76.81 |             202.02 |    0.1676265795581535
 AAAAAAAALIBCAAAA | Available applications know early, cold profits. Different sides find most                                                                                                                               | Books                                              | business                                           |            3.96 |            6522.97 |     5.412450003269224
 AAAAAAAAMAACAAAA | Long existing bits may plan continuously by a hours. Natural cases operate over thorough, previous traders. Now pale months revive thick, universal eyes. Moving principles repeat liable, conven        | Books                                              | business                                           |            8.05 |            7122.91 |     5.910251657264465
 AAAAAAAAMLEEAAAA | Alive, accurate sorts lead junior, wide experiences. Very different roles shall want that. Mature patients withdraw too regu                                                                             | Books                                              | business                                           |            0.55 |             2424.8 |     2.011983616041039
 AAAAAAAANAMAAAAA | Familiar aspirations can get direct subjects. Benefits c                                                                                                                                                 | Books                                              | business                                           |           67.19 |            6290.58 |    5.2196238433666435
 AAAAAAAANBIAAAAA | Maybe red days may eat coldly only financial efforts. Absolute, domestic players explode very substantial students. Considerable ba                                                                      | Books                                              | business                                           |            5.24 |             979.91 |    0.8130826728780823
 AAAAAAAANKCAAAAA | Lads would not try actuall                                                                                                                                                                               | Books                                              | business                                           |            3.72 | 2843.1400000000003 |     2.359102234456829
 AAAAAAAANPOBAAAA | Areas would say more bad offenders. New images ought to hear. Anything but minor interests can bear unfortunately across a organizations;                                                                | Books                                              | business                                           |            4.38 |             962.88 |     0.798951989530516
 AAAAAAAAONHAAAAA | Severe taxes keep quite to a women. Asleep championships wear severe, popular obligations. More bloody c                                                                                                 | Books                                              | business                                           |            1.31 |             854.49 |    0.7090151270500277
 AAAAAAAAPJFCAAAA | Other, other dishes contain for the miles. Seconds can replace for a families. Men restore. Discussions involve; refugees affect richly old police. Poor, teenage areas take as. Appropriate, e          | Books                                              | business                                           |             4.7 |             3496.5 |     2.901229261583426
 AAAAAAAABDECAAAA | Clean, royal children ought to get somehow early, gene                                                                                                                                                   | Books                                              | computers                                          |            5.88 |            2998.68 |     3.393162641716999
 AAAAAAAACBBAAAAA | Suitable, united applicants may use now in connection with a books. Catholic, western sentences will play attractive, soft females. Needs draw surely possibilities. Islands must us                     | Books                                              | computers                                          |            2.55 |               2.88 | 0.0032588700388654196
 AAAAAAAACNPCAAAA | Interesting others cannot eat so perhaps lengthy towns. Serious m                                                                                                                                        | Books                                              | computers                                          |            8.06 | 2914.5400000000004 |    3.2979538482898687
 AAAAAAAADIMCAAAA | Sides clear itali                                                                                                                                                                                        | Books                                              | computers                                          |             6.2 |           12539.99 |    14.189651978705546
 AAAAAAAAEPJDAAAA | Original offices c                                                                                                                                                                                       | Books                                              | computers                                          |            4.52 |              26.72 |  0.030235072027251394
 AAAAAAAAFIPDAAAA | Normal pol                                                                                                                                                                                               | Books                                              | computers                                          |            3.03 |            5144.16 |     5.820885034420117
 AAAAAAAAGAEDAAAA | Coming benefits remember exceptionally workers. Well isolated men write rather sections. Personally remarkable guards prepare certain, major persons. Acids could not want quiet proposals. Final        | Books                                              | computers                                          |            2.04 |            5471.52 |      6.19130992883782
 AAAAAAAAGHJBAAAA | As old events thin                                                                                                                                                                                       | Books                                              | computers                                          |            4.88 |             196.02 |   0.22180684202027764
 AAAAAAAAGKAAAAAA | Bitter, new wounds cannot become things; spirits shall feel so much as at a policies. Rather only effects note naturally full arm                                                                        | Books                                              | computers                                          |            5.24 |               6534 |     7.393561400675921
 AAAAAAAAGODCAAAA | Very inc feet pull easy on a cars. Away actual objectives would make almost. Ibid possible players should blame elections. Dependent, interested offences sh                                             | Books                                              | computers                                          |            7.07 |              856.8 |    0.9695138365624624
 AAAAAAAAGPCAAAAA | Subsequently educational doctors will not form upstairs by the problems. Married lines may ask areas. Very revolutionary aims wear initial activities. Other, naked minutes reca                         | Books                                              | computers                                          |            5.11 |              63.75 |   0.07213644617280227
 AAAAAAAAHEOAAAAA | Honest, important eyes permit additional, other eyes. Simple matters dry natural, labour notions. Rarely new copies will distinguish well sites. Partly real others used t                               | Books                                              | computers                                          |            2.44 |            2118.76 |     2.397487320675867
 AAAAAAAAHIDEAAAA | High letters should fight major, straight children. Cells give machines. Too important potatoes laugh yet usual, traditional fa                                                                          | Books                                              | computers                                          |            1.55 |             367.99 |   0.41639985611183533
 AAAAAAAAHIJBAAAA | Eyes could learn days. Earlier cultural parents c                                                                                                                                                        | Books                                              | computers                                          |            2.81 |              386.1 |    0.4368922645853953
 AAAAAAAAIAIAAAAA | Heads cannot assist always green ingredients. As domestic areas might dispense today clinical difficulties. Parts bri                                                                                    | Books                                              | computers                                          |            8.31 |            1104.89 |    1.2502405962645882
 AAAAAAAAIGKBAAAA | Persistently young hours might gain already political, open times. Other, excellent terms shall not lie there for a others. Terms should not cons                                                        | Books                                              | computers                                          |            3.57 |              21.68 |   0.02453204945923691
 AAAAAAAAIJADAAAA | As different debts can return more. Principles should find. Democratic, social times can let more typical hundreds. Good doctors share then american, willin                                             | Books                                              | computers                                          |            9.19 |                 86 |   0.09731348032723129
 AAAAAAAAILMAAAAA | Areas show yesterday general vehicles. Beautiful, medical suppliers would intervene sensiti                                                                                                              | Books                                              | computers                                          |            7.13 |              56.45 |   0.06387611586595589
 AAAAAAAAINBBAAAA | Quick local letters must go together fe                                                                                                                                                                  | Books                                              | computers                                          |            3.41 |            1088.64 |    1.2318528746911288
 AAAAAAAAJJHAAAAA | Lawyers determine in a agents; fairly european circumstances will produce even green european days. Young camps say overnight. Similar houses could take extreme, wron                                   | Books                                              | computers                                          |            1.94 |            5160.65 |     5.839544328496815
 AAAAAAAAJOBBAAAA | Skilled, b                                                                                                                                                                                               | Books                                              | computers                                          |            8.08 |            7313.75 |     8.275889148177765
 AAAAAAAAKELDAAAA | Classical, available areas apologise other laws. Familiar, national feet allow. New circles make soon just bad metres. Cases might pray home long good forms; suitable, independent y                    | Books                                              | computers                                          |            2.01 |           10509.37 |    11.891899659844125
 AAAAAAAAMFPCAAAA | Eastern, new lips will rise well other areas; special, american points lie more large concern                                                                                                            | Books                                              | computers                                          |            3.48 |             340.38 |    0.3851577027184068
 AAAAAAAAMNFBAAAA | Changes would not liberate yet plans. Correctly private traders would not risk thus. Very casual claims may not go more then wealthy employers. Backwards equivalent lines learn                         | Books                                              | computers                                          |            7.79 |            4145.58 |     4.690939741569343
 AAAAAAAANCDEAAAA | Effective, narrow years will characterize anyway o                                                                                                                                                       | Books                                              | computers                                          |             4.8 |            2599.66 |    2.9416507240405823
 AAAAAAAANKDCAAAA | Key feet can satisfy sanctions. Broad thoughts dare otherwise young women. Large countries provide however for a st                                                                                      | Books                                              | computers                                          |            3.29 |             286.44 |   0.32412178261548985
 AAAAAAAANMJAAAAA | Soldiers make by a differences. Directions would not dare of course for the services. Political, political interviews will outline on a forms. General techniques change powerfully with a parents.      | Books                                              | computers                                          |            4.62 |            3264.57 |     3.694031028742668
 AAAAAAAAODDDAAAA | Criteria engage simple members. Churches outweigh about communist, real days. International drugs include original l                                                                                     | Books                                              | computers                                          |            7.56 |  4585.280000000001 |     5.188483198544734
 AAAAAAAAOFLBAAAA | Calls shall see. Difficult systems cannot promote. Primary techniques shall not read ahead sure open relations. British m                                                                                | Books                                              | computers                                          |            4.84 |            4376.82 |     4.952599848439912
 AAAAAAAAOKCDAAAA | Years exceed top proposals. Major i                                                                                                                                                                      | Books                                              | computers                                          |             2.5 |             2003.2 |     2.266725160366392
 AAAAAAAAPMHAAAAA | Most extensive changes eliminate soon young, other discussions. Expensive, interesting eyes may not pack. Appointments would not devote as; secondary days shall make so                                 | Books                                              | computers                                          |            1.58 |            1808.92 |    2.0468872189945957
 AAAAAAAAACAAAAAA | Existing pictures will give only animals. Easier full tracks will lead then definitely liberal decisions. Police                                                                                         | Books                                              | cooking                                            |            2.29 |             3325.8 |     1.811389072026653
 AAAAAAAAAFCEAAAA | Ancient, financial poets enjoy orange reports. Vital times want rather economies. Possible, likely                                                                                                       | Books                                              | cooking                                            |            2.83 |            6327.78 |    3.4464103500477523
 AAAAAAAAAJKAAAAA | Courts live probably. Votes must not extend deliberately real cells. Available, great powers could bring perhaps sexual valu                                                                             | Books                                              | cooking                                            |            0.37 |              10104 |     5.503119605435475
 AAAAAAAAAKKAAAAA | Much inevitable cells would not create ahead much agricultural parameters. Again effective inches may enjoy by the stars. Senior, concerned passengers tell still conventional revenues. Serious         | Books                                              | cooking                                            |            0.47 |            1464.58 |    0.7976800189755233
 AAAAAAAABDFEAAAA | Sometimes isolated eyes offer short, whole                                                                                                                                                               | Books                                              | cooking                                            |           64.51 | 5067.7699999999995 |    2.7601488957677884
 AAAAAAAACBNAAAAA | Very main hands may not confirm finally; other, local consequences read from time to time alone members. Equal, catholic years will not place                                                            | Books                                              | cooking                                            |            4.11 |              41.41 |  0.022553858161231493
(100 rows)

UPDATE time_statistics SET e_time = TRANSACTION_TIMESTAMP() WHERE template = '../query_postgresql/query12.tpl' AND stream = 7;
psql:/tmp/s1-basline/throughput/query_7.sql:3845: NOTICE:  duration: 0.085 ms  plan:
Query Text: UPDATE time_statistics SET e_time = TRANSACTION_TIMESTAMP() WHERE template = '../query_postgresql/query12.tpl' AND stream = 7;
Update on time_statistics  (cost=0.00..20.59 rows=0 width=0) (actual time=0.085..0.085 rows=0 loops=1)
  ->  Seq Scan on time_statistics  (cost=0.00..20.59 rows=1 width=14) (actual time=0.074..0.075 rows=1 loops=1)
        Filter: ((template = '../query_postgresql/query12.tpl'::text) AND (stream = 7))
        Rows Removed by Filter: 673
UPDATE 1
LOAD 'auto_explain'; SET auto_explain.log_min_duration TO 0; SET auto_explain.log_analyze TO on; SET auto_explain.log_level TO notice; INSERT INTO time_statistics (template, s_time, stream, query, seed) VALUES ('query68.tpl', TRANSACTION_TIMESTAMP(), 7, 79, 223303240);
LOAD
SET
SET
SET
psql:/tmp/s1-basline/throughput/query_7.sql:3846: NOTICE:  duration: 0.008 ms  plan:
Query Text: INSERT INTO time_statistics (template, s_time, stream, query, seed) VALUES ('query68.tpl', TRANSACTION_TIMESTAMP(), 7, 79, 223303240);
Insert on time_statistics  (cost=0.00..0.01 rows=0 width=0) (actual time=0.007..0.007 rows=0 loops=1)
  ->  Result  (cost=0.00..0.01 rows=1 width=64) (actual time=0.001..0.001 rows=1 loops=1)
INSERT 0 1
select  c_last_name
       ,c_first_name
       ,ca_city
       ,bought_city
       ,ss_ticket_number
       ,extended_price
       ,extended_tax
       ,list_price
 from (select ss_ticket_number
             ,ss_customer_sk
             ,ca_city bought_city
             ,sum(ss_ext_sales_price) extended_price 
             ,sum(ss_ext_list_price) list_price
             ,sum(ss_ext_tax) extended_tax 
       from store_sales
           ,date_dim
           ,store
           ,household_demographics
           ,customer_address 
       where store_sales.ss_sold_date_sk = date_dim.d_date_sk
         and store_sales.ss_store_sk = store.s_store_sk  
        and store_sales.ss_hdemo_sk = household_demographics.hd_demo_sk
        and store_sales.ss_addr_sk = customer_address.ca_address_sk
        and date_dim.d_dom between 1 and 2 
        and (household_demographics.hd_dep_count = 0 or
             household_demographics.hd_vehicle_count= 2)
        and date_dim.d_year in (1998,1998+1,1998+2)
        and store.s_city in ('Fairview','Midway')
       group by ss_ticket_number
               ,ss_customer_sk
               ,ss_addr_sk,ca_city) dn
      ,customer
      ,customer_address current_addr
 where ss_customer_sk = c_customer_sk
   and customer.c_current_addr_sk = current_addr.ca_address_sk
   and current_addr.ca_city <> bought_city
 order by c_last_name
         ,ss_ticket_number
 limit 100;
psql:/tmp/s1-basline/throughput/query_7.sql:3885: NOTICE:  duration: 266.343 ms  plan:
Query Text: select  c_last_name
       ,c_first_name
       ,ca_city
       ,bought_city
       ,ss_ticket_number
       ,extended_price
       ,extended_tax
       ,list_price
 from (select ss_ticket_number
             ,ss_customer_sk
             ,ca_city bought_city
             ,sum(ss_ext_sales_price) extended_price 
             ,sum(ss_ext_list_price) list_price
             ,sum(ss_ext_tax) extended_tax 
       from store_sales
           ,date_dim
           ,store
           ,household_demographics
           ,customer_address 
       where store_sales.ss_sold_date_sk = date_dim.d_date_sk
         and store_sales.ss_store_sk = store.s_store_sk  
        and store_sales.ss_hdemo_sk = household_demographics.hd_demo_sk
        and store_sales.ss_addr_sk = customer_address.ca_address_sk
        and date_dim.d_dom between 1 and 2 
        and (household_demographics.hd_dep_count = 0 or
             household_demographics.hd_vehicle_count= 2)
        and date_dim.d_year in (1998,1998+1,1998+2)
        and store.s_city in ('Fairview','Midway')
       group by ss_ticket_number
               ,ss_customer_sk
               ,ss_addr_sk,ca_city) dn
      ,customer
      ,customer_address current_addr
 where ss_customer_sk = c_customer_sk
   and customer.c_current_addr_sk = current_addr.ca_address_sk
   and current_addr.ca_city <> bought_city
 order by c_last_name
         ,ss_ticket_number
 limit 100;
Limit  (cost=77271.87..77272.12 rows=100 width=102) (actual time=266.241..266.253 rows=100 loops=1)
  ->  Sort  (cost=77271.87..77273.34 rows=589 width=102) (actual time=266.240..266.245 rows=100 loops=1)
        Sort Key: customer.c_last_name, store_sales.ss_ticket_number
        Sort Method: top-N heapsort  Memory: 49kB
        ->  Nested Loop  (cost=75978.47..77249.36 rows=589 width=102) (actual time=248.686..264.775 rows=2222 loops=1)
              Join Filter: ((current_addr.ca_city)::text <> (customer_address.ca_city)::text)
              Rows Removed by Join Filter: 154
              ->  Nested Loop  (cost=75978.18..77052.29 rows=590 width=101) (actual time=248.680..260.566 rows=2376 loops=1)
                    ->  GroupAggregate  (cost=75977.89..75995.59 rows=590 width=57) (actual time=248.668..255.240 rows=2454 loops=1)
                          Group Key: store_sales.ss_ticket_number, store_sales.ss_customer_sk, store_sales.ss_addr_sk, customer_address.ca_city
                          ->  Sort  (cost=75977.89..75979.36 rows=590 width=57) (actual time=248.656..249.700 rows=26137 loops=1)
                                Sort Key: store_sales.ss_ticket_number, store_sales.ss_customer_sk, store_sales.ss_addr_sk, customer_address.ca_city
                                Sort Method: quicksort  Memory: 3356kB
                                ->  Nested Loop  (cost=1.00..75950.74 rows=590 width=57) (actual time=4.735..239.461 rows=26137 loops=1)
                                      ->  Nested Loop  (cost=0.71..75760.40 rows=618 width=48) (actual time=4.730..205.084 rows=26289 loops=1)
                                            Join Filter: (store_sales.ss_store_sk = store.s_store_sk)
                                            Rows Removed by Join Filter: 114963
                                            ->  Nested Loop  (cost=0.71..75650.32 rows=649 width=56) (actual time=4.722..188.721 rows=26575 loops=1)
                                                  ->  Nested Loop  (cost=0.43..74820.03 rows=2722 width=64) (actual time=4.620..61.353 rows=105280 loops=1)
                                                        ->  Seq Scan on date_dim  (cost=0.00..2774.67 rows=72 width=8) (actual time=4.610..9.883 rows=72 loops=1)
                                                              Filter: ((d_dom >= 1) AND (d_dom <= 2) AND (d_year = ANY ('{1998,1999,2000}'::integer[])))
                                                              Rows Removed by Filter: 72977
                                                        ->  Index Scan using i_ss_sold_date_sk on store_sales  (cost=0.43..985.48 rows=1515 width=72) (actual time=0.005..0.434 rows=1462 loops=72)
                                                              Index Cond: (ss_sold_date_sk = date_dim.d_date_sk)
                                                  ->  Index Scan using pk_household_demographics on household_demographics  (cost=0.28..0.31 rows=1 width=8) (actual time=0.001..0.001 rows=0 loops=105280)
                                                        Index Cond: (hd_demo_sk = store_sales.ss_hdemo_sk)
                                                        Filter: ((hd_dep_count = 0) OR (hd_vehicle_count = 2))
                                                        Rows Removed by Filter: 1
                                            ->  Materialize  (cost=0.00..1.21 rows=12 width=8) (actual time=0.000..0.000 rows=5 loops=26575)
                                                  ->  Seq Scan on store  (cost=0.00..1.15 rows=12 width=8) (actual time=0.003..0.007 rows=12 loops=1)
                                                        Filter: ((s_city)::text = ANY ('{Fairview,Midway}'::text[]))
                                      ->  Index Scan using pk_customer_address on customer_address  (cost=0.29..0.31 rows=1 width=17) (actual time=0.001..0.001 rows=1 loops=26289)
                                            Index Cond: (ca_address_sk = store_sales.ss_addr_sk)
                    ->  Index Scan using pk_customer on customer  (cost=0.29..1.78 rows=1 width=68) (actual time=0.002..0.002 rows=1 loops=2454)
                          Index Cond: (c_customer_sk = store_sales.ss_customer_sk)
              ->  Index Scan using pk_customer_address on customer_address current_addr  (cost=0.29..0.32 rows=1 width=17) (actual time=0.001..0.001 rows=1 loops=2376)
                    Index Cond: (ca_address_sk = customer.c_current_addr_sk)
          c_last_name           |     c_first_name     |     ca_city      |   bought_city   | ss_ticket_number |   extended_price   |    extended_tax    |     list_price     
--------------------------------+----------------------+------------------+-----------------+------------------+--------------------+--------------------+--------------------
 Abrams                         | Tammy                | Woodlawn         | Newtown         |           122119 |           12495.42 |  770.1500000000001 |           24185.11
 Acevedo                        | Gladys               | Centerville      | Oak Ridge       |             4151 | 26325.640000000003 |             627.76 | 42831.899999999994
 Acosta                         | Leona                | Spring Hill      | Pleasant Grove  |            16724 |           17329.24 |             633.09 |  34240.98999999999
 Acosta                         | Frederick            | Concord          | Pine Grove      |           150175 |           14487.33 |             777.08 | 32896.740000000005
 Acosta                         | James                | Georgetown       | Marion          |           161414 | 27492.259999999995 |            1090.78 |           77064.39
 Acosta                         | Dorothy              | Greenville       | Jackson         |           215205 | 13260.909999999998 |  518.3299999999999 | 28978.809999999998
 Adams                          | Kati                 | Cedar Grove      | Jackson         |            44128 |           26867.63 |  909.0200000000001 |           55754.73
 Adams                          | Earl                 | Collinsville     | Rossville       |            64498 |            13088.8 |             641.77 | 33546.479999999996
 Adams                          | James                | Marion           | Lakeside        |           112549 |           20631.21 | 365.40999999999997 | 45850.590000000004
 Adams                          | Debbie               | Summit           | Riverdale       |           132905 |           11274.52 |             531.36 | 35547.590000000004
 Adams                          | Warren               | Centerville      | Highland Park   |           154430 |           34002.06 | 1426.2900000000002 | 51333.840000000004
 Ainsworth                      | James                | Kingston         | Buena Vista     |           156927 |           12400.14 |             110.55 |           34658.43
 Akers                          | Diane                | Cedar Grove      | White Oak       |            57940 | 25540.609999999997 | 1072.7299999999998 |            37185.4
 Albers                         | Jill                 | Newport          | Wesley          |           224379 |           25953.48 | 1426.8400000000001 |            51948.6
 Alcala                         | Kristen              | Frankfort        | Salem           |           170167 |           46513.19 | 1532.6200000000001 |           72933.42
 Alexander                      |                      | Mount Olive      | New Hope        |            85043 | 24205.839999999997 |  985.9000000000001 |           51327.27
 Alexander                      | Laura                | Wilson           | Jamestown       |           102416 |           14718.09 |  784.2499999999999 |           40543.35
 Alfonso                        | Jimmy                | Red Hill         | Hillcrest       |            68590 |           44148.58 | 2238.7400000000002 |  73736.45999999999
 Alford                         | John                 | Forest Hills     | Roscoe          |            15648 | 11517.259999999998 |             367.14 | 36727.450000000004
 Allen                          | Jonathan             | Glenville        | New Hope        |            43567 | 3767.0199999999995 |              74.45 |             9983.6
 Allen                          | Jimmie               | Georgetown       | Edgewood        |           135934 | 27578.430000000004 |            1135.67 |           53210.86
 Allen                          | Jackie               | Center Hill      | New Hope        |           210419 |            19962.9 | 1061.3600000000001 | 27410.059999999998
 Alvarado                       | Andrew               | Riverview        | Red Hill        |           132438 |            11676.5 |             269.48 | 22375.170000000002
 Alvarez                        | Emma                 | Shady Grove      | Antioch         |           194657 | 20618.050000000003 |              458.8 |           48881.98
 Andersen                       | Michael              | Unionville       | Pine Grove      |           145639 | 37994.509999999995 | 1532.2199999999996 | 55427.600000000006
 Anderson                       | Richard              | Greenville       | Riverdale       |             9243 | 20067.079999999998 | 468.12999999999994 |  39764.12999999999
 Anderson                       | Thomas               | Bethel           | Brownsville     |            10466 |           24198.77 |            1078.36 |           51242.48
 Anderson                       | Kenneth              | Georgetown       | Unionville      |            21198 |           34393.13 | 1089.2600000000002 |           66665.57
 Anderson                       | Tatyana              | Centerville      | Belmont         |           115105 | 23279.429999999993 |  725.8000000000002 |           46359.08
 Anderson                       | William              | Woodland Park    | Florence        |           128612 |            23976.2 |            1293.01 |           59554.04
 Anderson                       | Katherine            | Oakdale          | Fairfield       |           161964 | 10986.220000000001 |             131.71 |            13428.8
 Anderson                       | Holly                | Summit           | Marion          |           191598 |           21741.16 |  744.8500000000001 |           40756.47
 Anderson                       |                      | Spring Valley    | Gladstone       |           210994 |           19090.34 | 278.54999999999995 | 28723.230000000003
 Anderson                       | Joseph               | Hillcrest        | Mount Vernon    |           217552 | 15837.960000000001 |  620.9899999999999 | 46826.909999999996
 Anderson                       | Katie                | Brownsville      | Highland        |           227112 |           22947.55 |            1167.69 |           34824.86
 Andrews                        | Marie                | Pleasant Valley  | Point Pleasant  |            24409 |            17501.2 |              934.7 | 31989.859999999993
 Andrews                        | Bonita               | Greenfield       | Union Hill      |           154905 |           36734.06 |            1995.98 |           50096.24
 Andrus                         | Ed                   | Lebanon          | Shiloh          |           190764 | 15564.009999999998 |             592.02 | 32104.440000000006
 Aponte                         | Michael              | Ashland          | Union Hill      |           174598 |             5264.8 |             158.15 |            9346.98
 Archibald                      | Susan                | Shore Acres      | Spring Hill     |           112344 | 19251.389999999996 |             934.21 |           33377.95
 Archuleta                      | Oscar                | Five Points      | Newtown         |           112972 |           32892.61 | 1723.9300000000003 |           63285.04
 Armstead                       | Steve                | Shady Grove      | Valley View     |            36148 | 31218.760000000002 | 1530.8399999999997 |           52797.03
 Armstrong                      | Kyle                 | Colonial Heights | Lincoln         |             8189 |           19806.06 |            1328.65 | 26989.489999999998
 Armstrong                      | Amanda               | Woodville        | Fowler          |            79423 |           16615.54 |              697.8 |           32104.93
 Armstrong                      | Michael              | Farmington       | Lakeside        |           115333 |           30027.15 | 1787.6899999999998 |           45055.97
 Armstrong                      | Dave                 | Enterprise       | Roscoe          |           121289 |           19105.53 |            1147.43 |           33923.76
 Armstrong                      | Junior               | Lakeview         | Sunnyside       |           125171 | 24554.730000000003 | 1500.2999999999997 |           40922.77
 Arnett                         | Dawn                 | Forest Hills     | Edgewood        |           132166 |           17745.81 |             694.88 |            34609.5
 Arnold                         | Elsie                | Forest Hills     | Clinton         |            30511 |           14249.14 |             549.96 |           33980.62
 Arredondo                      | Malcolm              | Friendship       | Woodville       |            10085 | 25853.510000000002 |             1503.1 |           60655.63
 Arredondo                      | Shane                | Centerville      | Clinton         |            73553 | 10068.019999999999 |             337.23 |           21441.81
 Arrington                      | Michael              | Lake Forest      | Clearwater      |           174825 |           14897.72 | 338.27000000000004 |  32817.59999999999
 Arroyo                         | James                | Shiloh           | Wildwood        |            55327 |           27937.35 |  815.6400000000001 | 37146.090000000004
 Arroyo                         | Jane                 | Highland Park    | Salem           |           192609 | 19603.760000000002 |             751.83 | 37624.619999999995
 Asbury                         |                      | Salem            | Stringtown      |             2495 | 15248.030000000002 |             261.92 |           29057.07
 Askew                          | Jennifer             | Walnut Grove     | Lakeview        |           216040 |           15857.22 |  796.9100000000001 |           39494.62
 Atkins                         | Andrea               | Summit           | Highland Park   |           227521 |           13171.55 |             566.38 |           24857.71
 Atkinson                       | Kathy                | Rock Hill        | Highland Park   |           144556 |           20124.79 | 464.41999999999996 | 48500.950000000004
 Austin                         | Lawrence             | Harmony          | Fisher          |            29790 | 19661.250000000004 |             959.33 |           37413.42
 Austin                         | Lawrence             | Harmony          | Sulphur Springs |            42191 |           18233.69 |             694.37 | 27808.079999999998
 Austin                         | Donna                | Mount Pleasant   | Elizabeth       |            44585 |           20864.32 |            1266.49 | 34113.990000000005
 Avalos                         | Alicia               | Watkins          | Red Oak         |            95667 |            8434.56 |             477.22 | 17083.649999999998
 Ayala                          |                      | Sunnyside        | Newport         |            57733 |  36227.45999999999 |            1906.42 |           53979.68
 Ayala                          | Christopher          | Glendale         | Union City      |           218549 |           17165.25 |             434.27 |           61125.87
 Babcock                        | Harold               | Midway           | Macedonia       |            31955 |           21488.88 |  944.4500000000002 |           33387.15
 Bailey                         | Patrick              | Sunnyside        | Lakeside        |           191524 |           23597.79 |             548.28 | 56137.520000000004
 Baird                          | Elizabeth            | Bridgeport       | Liberty         |            85256 |            9944.29 |  572.3199999999999 |           24340.36
 Baird                          | Dinah                | Green Acres      | Lakeview        |           201994 | 11263.349999999999 |  810.6800000000001 | 28025.720000000005
 Baker                          | Melvin               | Five Forks       | Oakdale         |            53499 | 25402.069999999996 |             915.76 |           44521.12
 Baker                          | Elaine               | Flint            | Glenwood        |            67461 |           14899.14 |             378.03 |           34965.59
 Baker                          | Elizabeth            | Greenville       | Florence        |            71880 |           10587.76 |                518 | 35723.100000000006
 Baker                          | Douglas              | Shelby           | Mountain View   |            89848 |  9738.019999999999 |             212.88 |           21870.27
 Baker                          | Marcella             | Gilmore          | Riverview       |            95840 |            19664.1 |  806.3399999999999 | 29679.789999999994
 Baker                          | Belva                | Walnut Grove     | Salem           |           142943 |            12311.1 |  620.9399999999999 |           30683.75
 Baker                          |                      | Mountain View    | Lebanon         |           146399 |           31353.98 | 1881.0900000000001 | 57356.299999999996
 Baker                          | Dennis               | Denmark          | Five Points     |           181611 |           11907.81 |             333.69 | 18402.899999999998
 Baker                          | Holly                | Bridgeport       | Florence        |           186444 |            9745.63 | 426.97999999999996 | 20675.210000000003
 Baker                          | Ronald               | Garrison         | Greenwood       |           193460 | 14664.839999999998 |              742.1 |           44661.92
 Baker                          | Stanley              | Fairview         | Jackson         |           198887 |            8316.68 |             336.45 |           17048.97
 Baker                          | Beverly              | Glenwood         | Marion          |           206971 |            13618.8 |             365.68 | 49429.770000000004
 Ballard                        | Isaac                | Riverview        | Farmington      |            54372 |           17438.33 |             528.28 | 46634.490000000005
 Banks                          | Michael              | Centerville      | Newport         |            31507 |           16366.68 |             780.67 | 31267.989999999998
 Banks                          | Alphonso             | Waterloo         | Jamestown       |            36475 | 26508.210000000006 |            1404.61 |           49486.37
 Banks                          | Rosa                 | Hamilton         | Midway          |           221052 |           15687.64 |             892.17 |           22548.18
 Barber                         | Alvin                | Buena Vista      | Kingston        |           208833 | 19667.339999999997 | 332.78999999999996 |           28985.38
 Barger                         | Stella               | Belmont          | Spring Hill     |            71326 |           26357.92 | 1151.0700000000002 | 46828.689999999995
 Barker                         | Rose                 | Riverside        | Stringtown      |           153485 |           20549.98 |             607.72 |           38613.01
 Barnes                         | William              | Oakwood          | Midway          |           119740 | 18486.989999999998 | 330.46000000000004 |  47434.46000000001
 Barnes                         | Robert               | Tracy            | Stringtown      |           200966 | 17311.459999999995 |  782.2599999999999 |           43747.76
 Barnes                         | Crystal              | Belmont          | Sunnyside       |           221192 |           23820.71 |             836.77 |  57108.05999999999
 Barnett                        | April                | Union Hill       | Clinton         |           230011 |  6765.719999999999 | 138.01000000000002 | 13039.960000000001
 Baron                          | Betty                | Greenville       | Pine Grove      |            36807 | 28736.519999999997 |             578.85 | 44941.329999999994
 Barr                           | Caleb                | Newtown          | Wildwood        |           204582 |           12397.55 |             456.68 |           28974.03
 Barr                           | Judith               | Mount Vernon     | Union           |           225883 |           29030.11 |             614.77 |           68626.92
 Barrera                        | Vanessa              | Crossroads       | Oakdale         |           134919 |            25489.4 | 1378.6699999999998 | 59509.270000000004
 Barrera                        | Bradley              | Denmark          | Wildwood        |           185959 | 22932.910000000003 |            1371.88 |           67195.83
 Barrett                        | Paul                 | Glenwood         | Jamestown       |            83680 |           41519.06 | 2678.2999999999997 |           57669.64
 Barry                          | Philip               | New Hope         | Riverside       |            82397 |            14356.6 |  526.6199999999999 |            26759.3
 Barry                          | Timothy              | Summit           | Riverside       |           200815 |           18219.54 |             708.45 |           26201.65
 Bartley                        | Jodie                | Greenwood        | Union Hill      |            15985 |            9414.43 |             555.11 |           19888.35
(100 rows)

UPDATE time_statistics SET e_time = TRANSACTION_TIMESTAMP() WHERE template = 'query68.tpl' AND stream = 7;
psql:/tmp/s1-basline/throughput/query_7.sql:3887: NOTICE:  duration: 0.101 ms  plan:
Query Text: UPDATE time_statistics SET e_time = TRANSACTION_TIMESTAMP() WHERE template = 'query68.tpl' AND stream = 7;
Update on time_statistics  (cost=0.00..20.59 rows=0 width=0) (actual time=0.100..0.101 rows=0 loops=1)
  ->  Seq Scan on time_statistics  (cost=0.00..20.59 rows=1 width=14) (actual time=0.085..0.085 rows=1 loops=1)
        Filter: ((template = 'query68.tpl'::text) AND (stream = 7))
        Rows Removed by Filter: 674
UPDATE 1
LOAD 'auto_explain'; SET auto_explain.log_min_duration TO 0; SET auto_explain.log_analyze TO on; SET auto_explain.log_level TO notice; INSERT INTO time_statistics (template, s_time, stream, query, seed) VALUES ('query66.tpl', TRANSACTION_TIMESTAMP(), 7, 80, 610381679);
LOAD
SET
SET
SET
psql:/tmp/s1-basline/throughput/query_7.sql:3888: NOTICE:  duration: 0.009 ms  plan:
Query Text: INSERT INTO time_statistics (template, s_time, stream, query, seed) VALUES ('query66.tpl', TRANSACTION_TIMESTAMP(), 7, 80, 610381679);
Insert on time_statistics  (cost=0.00..0.01 rows=0 width=0) (actual time=0.008..0.008 rows=0 loops=1)
  ->  Result  (cost=0.00..0.01 rows=1 width=64) (actual time=0.001..0.001 rows=1 loops=1)
INSERT 0 1
select   
         w_warehouse_name
 	,w_warehouse_sq_ft
 	,w_city
 	,w_county
 	,w_state
 	,w_country
        ,ship_carriers
        ,year
 	,sum(jan_sales) as jan_sales
 	,sum(feb_sales) as feb_sales
 	,sum(mar_sales) as mar_sales
 	,sum(apr_sales) as apr_sales
 	,sum(may_sales) as may_sales
 	,sum(jun_sales) as jun_sales
 	,sum(jul_sales) as jul_sales
 	,sum(aug_sales) as aug_sales
 	,sum(sep_sales) as sep_sales
 	,sum(oct_sales) as oct_sales
 	,sum(nov_sales) as nov_sales
 	,sum(dec_sales) as dec_sales
 	,sum(jan_sales/w_warehouse_sq_ft) as jan_sales_per_sq_foot
 	,sum(feb_sales/w_warehouse_sq_ft) as feb_sales_per_sq_foot
 	,sum(mar_sales/w_warehouse_sq_ft) as mar_sales_per_sq_foot
 	,sum(apr_sales/w_warehouse_sq_ft) as apr_sales_per_sq_foot
 	,sum(may_sales/w_warehouse_sq_ft) as may_sales_per_sq_foot
 	,sum(jun_sales/w_warehouse_sq_ft) as jun_sales_per_sq_foot
 	,sum(jul_sales/w_warehouse_sq_ft) as jul_sales_per_sq_foot
 	,sum(aug_sales/w_warehouse_sq_ft) as aug_sales_per_sq_foot
 	,sum(sep_sales/w_warehouse_sq_ft) as sep_sales_per_sq_foot
 	,sum(oct_sales/w_warehouse_sq_ft) as oct_sales_per_sq_foot
 	,sum(nov_sales/w_warehouse_sq_ft) as nov_sales_per_sq_foot
 	,sum(dec_sales/w_warehouse_sq_ft) as dec_sales_per_sq_foot
 	,sum(jan_net) as jan_net
 	,sum(feb_net) as feb_net
 	,sum(mar_net) as mar_net
 	,sum(apr_net) as apr_net
 	,sum(may_net) as may_net
 	,sum(jun_net) as jun_net
 	,sum(jul_net) as jul_net
 	,sum(aug_net) as aug_net
 	,sum(sep_net) as sep_net
 	,sum(oct_net) as oct_net
 	,sum(nov_net) as nov_net
 	,sum(dec_net) as dec_net
 from (
     select 
 	w_warehouse_name
 	,w_warehouse_sq_ft
 	,w_city
 	,w_county
 	,w_state
 	,w_country
 	,'GERMA' || ',' || 'PRIVATECARRIER' as ship_carriers
       ,d_year as year
 	,sum(case when d_moy = 1 
 		then ws_ext_sales_price* ws_quantity else 0 end) as jan_sales
 	,sum(case when d_moy = 2 
 		then ws_ext_sales_price* ws_quantity else 0 end) as feb_sales
 	,sum(case when d_moy = 3 
 		then ws_ext_sales_price* ws_quantity else 0 end) as mar_sales
 	,sum(case when d_moy = 4 
 		then ws_ext_sales_price* ws_quantity else 0 end) as apr_sales
 	,sum(case when d_moy = 5 
 		then ws_ext_sales_price* ws_quantity else 0 end) as may_sales
 	,sum(case when d_moy = 6 
 		then ws_ext_sales_price* ws_quantity else 0 end) as jun_sales
 	,sum(case when d_moy = 7 
 		then ws_ext_sales_price* ws_quantity else 0 end) as jul_sales
 	,sum(case when d_moy = 8 
 		then ws_ext_sales_price* ws_quantity else 0 end) as aug_sales
 	,sum(case when d_moy = 9 
 		then ws_ext_sales_price* ws_quantity else 0 end) as sep_sales
 	,sum(case when d_moy = 10 
 		then ws_ext_sales_price* ws_quantity else 0 end) as oct_sales
 	,sum(case when d_moy = 11
 		then ws_ext_sales_price* ws_quantity else 0 end) as nov_sales
 	,sum(case when d_moy = 12
 		then ws_ext_sales_price* ws_quantity else 0 end) as dec_sales
 	,sum(case when d_moy = 1 
 		then ws_net_paid * ws_quantity else 0 end) as jan_net
 	,sum(case when d_moy = 2
 		then ws_net_paid * ws_quantity else 0 end) as feb_net
 	,sum(case when d_moy = 3 
 		then ws_net_paid * ws_quantity else 0 end) as mar_net
 	,sum(case when d_moy = 4 
 		then ws_net_paid * ws_quantity else 0 end) as apr_net
 	,sum(case when d_moy = 5 
 		then ws_net_paid * ws_quantity else 0 end) as may_net
 	,sum(case when d_moy = 6 
 		then ws_net_paid * ws_quantity else 0 end) as jun_net
 	,sum(case when d_moy = 7 
 		then ws_net_paid * ws_quantity else 0 end) as jul_net
 	,sum(case when d_moy = 8 
 		then ws_net_paid * ws_quantity else 0 end) as aug_net
 	,sum(case when d_moy = 9 
 		then ws_net_paid * ws_quantity else 0 end) as sep_net
 	,sum(case when d_moy = 10 
 		then ws_net_paid * ws_quantity else 0 end) as oct_net
 	,sum(case when d_moy = 11
 		then ws_net_paid * ws_quantity else 0 end) as nov_net
 	,sum(case when d_moy = 12
 		then ws_net_paid * ws_quantity else 0 end) as dec_net
     from
          web_sales
         ,warehouse
         ,date_dim
         ,time_dim
 	  ,ship_mode
     where
            ws_warehouse_sk =  w_warehouse_sk
        and ws_sold_date_sk = d_date_sk
        and ws_sold_time_sk = t_time_sk
 	and ws_ship_mode_sk = sm_ship_mode_sk
        and d_year = 2002
 	and t_time between 31694 and 31694+28800 
 	and sm_carrier in ('GERMA','PRIVATECARRIER')
     group by 
        w_warehouse_name
 	,w_warehouse_sq_ft
 	,w_city
 	,w_county
 	,w_state
 	,w_country
       ,d_year
 union all
     select 
 	w_warehouse_name
 	,w_warehouse_sq_ft
 	,w_city
 	,w_county
 	,w_state
 	,w_country
 	,'GERMA' || ',' || 'PRIVATECARRIER' as ship_carriers
       ,d_year as year
 	,sum(case when d_moy = 1 
 		then cs_sales_price* cs_quantity else 0 end) as jan_sales
 	,sum(case when d_moy = 2 
 		then cs_sales_price* cs_quantity else 0 end) as feb_sales
 	,sum(case when d_moy = 3 
 		then cs_sales_price* cs_quantity else 0 end) as mar_sales
 	,sum(case when d_moy = 4 
 		then cs_sales_price* cs_quantity else 0 end) as apr_sales
 	,sum(case when d_moy = 5 
 		then cs_sales_price* cs_quantity else 0 end) as may_sales
 	,sum(case when d_moy = 6 
 		then cs_sales_price* cs_quantity else 0 end) as jun_sales
 	,sum(case when d_moy = 7 
 		then cs_sales_price* cs_quantity else 0 end) as jul_sales
 	,sum(case when d_moy = 8 
 		then cs_sales_price* cs_quantity else 0 end) as aug_sales
 	,sum(case when d_moy = 9 
 		then cs_sales_price* cs_quantity else 0 end) as sep_sales
 	,sum(case when d_moy = 10 
 		then cs_sales_price* cs_quantity else 0 end) as oct_sales
 	,sum(case when d_moy = 11
 		then cs_sales_price* cs_quantity else 0 end) as nov_sales
 	,sum(case when d_moy = 12
 		then cs_sales_price* cs_quantity else 0 end) as dec_sales
 	,sum(case when d_moy = 1 
 		then cs_net_paid_inc_ship_tax * cs_quantity else 0 end) as jan_net
 	,sum(case when d_moy = 2 
 		then cs_net_paid_inc_ship_tax * cs_quantity else 0 end) as feb_net
 	,sum(case when d_moy = 3 
 		then cs_net_paid_inc_ship_tax * cs_quantity else 0 end) as mar_net
 	,sum(case when d_moy = 4 
 		then cs_net_paid_inc_ship_tax * cs_quantity else 0 end) as apr_net
 	,sum(case when d_moy = 5 
 		then cs_net_paid_inc_ship_tax * cs_quantity else 0 end) as may_net
 	,sum(case when d_moy = 6 
 		then cs_net_paid_inc_ship_tax * cs_quantity else 0 end) as jun_net
 	,sum(case when d_moy = 7 
 		then cs_net_paid_inc_ship_tax * cs_quantity else 0 end) as jul_net
 	,sum(case when d_moy = 8 
 		then cs_net_paid_inc_ship_tax * cs_quantity else 0 end) as aug_net
 	,sum(case when d_moy = 9 
 		then cs_net_paid_inc_ship_tax * cs_quantity else 0 end) as sep_net
 	,sum(case when d_moy = 10 
 		then cs_net_paid_inc_ship_tax * cs_quantity else 0 end) as oct_net
 	,sum(case when d_moy = 11
 		then cs_net_paid_inc_ship_tax * cs_quantity else 0 end) as nov_net
 	,sum(case when d_moy = 12
 		then cs_net_paid_inc_ship_tax * cs_quantity else 0 end) as dec_net
     from
          catalog_sales
         ,warehouse
         ,date_dim
         ,time_dim
 	 ,ship_mode
     where
            cs_warehouse_sk =  w_warehouse_sk
        and cs_sold_date_sk = d_date_sk
        and cs_sold_time_sk = t_time_sk
 	and cs_ship_mode_sk = sm_ship_mode_sk
        and d_year = 2002
 	and t_time between 31694 AND 31694+28800 
 	and sm_carrier in ('GERMA','PRIVATECARRIER')
     group by 
        w_warehouse_name
 	,w_warehouse_sq_ft
 	,w_city
 	,w_county
 	,w_state
 	,w_country
       ,d_year
 ) x
 group by 
        w_warehouse_name
 	,w_warehouse_sq_ft
 	,w_city
 	,w_county
 	,w_state
 	,w_country
 	,ship_carriers
       ,year
 order by w_warehouse_name
 limit 100;
psql:/tmp/s1-basline/throughput/query_7.sql:4105: NOTICE:  duration: 405.845 ms  plan:
Query Text: select   
         w_warehouse_name
 	,w_warehouse_sq_ft
 	,w_city
 	,w_county
 	,w_state
 	,w_country
        ,ship_carriers
        ,year
 	,sum(jan_sales) as jan_sales
 	,sum(feb_sales) as feb_sales
 	,sum(mar_sales) as mar_sales
 	,sum(apr_sales) as apr_sales
 	,sum(may_sales) as may_sales
 	,sum(jun_sales) as jun_sales
 	,sum(jul_sales) as jul_sales
 	,sum(aug_sales) as aug_sales
 	,sum(sep_sales) as sep_sales
 	,sum(oct_sales) as oct_sales
 	,sum(nov_sales) as nov_sales
 	,sum(dec_sales) as dec_sales
 	,sum(jan_sales/w_warehouse_sq_ft) as jan_sales_per_sq_foot
 	,sum(feb_sales/w_warehouse_sq_ft) as feb_sales_per_sq_foot
 	,sum(mar_sales/w_warehouse_sq_ft) as mar_sales_per_sq_foot
 	,sum(apr_sales/w_warehouse_sq_ft) as apr_sales_per_sq_foot
 	,sum(may_sales/w_warehouse_sq_ft) as may_sales_per_sq_foot
 	,sum(jun_sales/w_warehouse_sq_ft) as jun_sales_per_sq_foot
 	,sum(jul_sales/w_warehouse_sq_ft) as jul_sales_per_sq_foot
 	,sum(aug_sales/w_warehouse_sq_ft) as aug_sales_per_sq_foot
 	,sum(sep_sales/w_warehouse_sq_ft) as sep_sales_per_sq_foot
 	,sum(oct_sales/w_warehouse_sq_ft) as oct_sales_per_sq_foot
 	,sum(nov_sales/w_warehouse_sq_ft) as nov_sales_per_sq_foot
 	,sum(dec_sales/w_warehouse_sq_ft) as dec_sales_per_sq_foot
 	,sum(jan_net) as jan_net
 	,sum(feb_net) as feb_net
 	,sum(mar_net) as mar_net
 	,sum(apr_net) as apr_net
 	,sum(may_net) as may_net
 	,sum(jun_net) as jun_net
 	,sum(jul_net) as jul_net
 	,sum(aug_net) as aug_net
 	,sum(sep_net) as sep_net
 	,sum(oct_net) as oct_net
 	,sum(nov_net) as nov_net
 	,sum(dec_net) as dec_net
 from (
     select 
 	w_warehouse_name
 	,w_warehouse_sq_ft
 	,w_city
 	,w_county
 	,w_state
 	,w_country
 	,'GERMA' || ',' || 'PRIVATECARRIER' as ship_carriers
       ,d_year as year
 	,sum(case when d_moy = 1 
 		then ws_ext_sales_price* ws_quantity else 0 end) as jan_sales
 	,sum(case when d_moy = 2 
 		then ws_ext_sales_price* ws_quantity else 0 end) as feb_sales
 	,sum(case when d_moy = 3 
 		then ws_ext_sales_price* ws_quantity else 0 end) as mar_sales
 	,sum(case when d_moy = 4 
 		then ws_ext_sales_price* ws_quantity else 0 end) as apr_sales
 	,sum(case when d_moy = 5 
 		then ws_ext_sales_price* ws_quantity else 0 end) as may_sales
 	,sum(case when d_moy = 6 
 		then ws_ext_sales_price* ws_quantity else 0 end) as jun_sales
 	,sum(case when d_moy = 7 
 		then ws_ext_sales_price* ws_quantity else 0 end) as jul_sales
 	,sum(case when d_moy = 8 
 		then ws_ext_sales_price* ws_quantity else 0 end) as aug_sales
 	,sum(case when d_moy = 9 
 		then ws_ext_sales_price* ws_quantity else 0 end) as sep_sales
 	,sum(case when d_moy = 10 
 		then ws_ext_sales_price* ws_quantity else 0 end) as oct_sales
 	,sum(case when d_moy = 11
 		then ws_ext_sales_price* ws_quantity else 0 end) as nov_sales
 	,sum(case when d_moy = 12
 		then ws_ext_sales_price* ws_quantity else 0 end) as dec_sales
 	,sum(case when d_moy = 1 
 		then ws_net_paid * ws_quantity else 0 end) as jan_net
 	,sum(case when d_moy = 2
 		then ws_net_paid * ws_quantity else 0 end) as feb_net
 	,sum(case when d_moy = 3 
 		then ws_net_paid * ws_quantity else 0 end) as mar_net
 	,sum(case when d_moy = 4 
 		then ws_net_paid * ws_quantity else 0 end) as apr_net
 	,sum(case when d_moy = 5 
 		then ws_net_paid * ws_quantity else 0 end) as may_net
 	,sum(case when d_moy = 6 
 		then ws_net_paid * ws_quantity else 0 end) as jun_net
 	,sum(case when d_moy = 7 
 		then ws_net_paid * ws_quantity else 0 end) as jul_net
 	,sum(case when d_moy = 8 
 		then ws_net_paid * ws_quantity else 0 end) as aug_net
 	,sum(case when d_moy = 9 
 		then ws_net_paid * ws_quantity else 0 end) as sep_net
 	,sum(case when d_moy = 10 
 		then ws_net_paid * ws_quantity else 0 end) as oct_net
 	,sum(case when d_moy = 11
 		then ws_net_paid * ws_quantity else 0 end) as nov_net
 	,sum(case when d_moy = 12
 		then ws_net_paid * ws_quantity else 0 end) as dec_net
     from
          web_sales
         ,warehouse
         ,date_dim
         ,time_dim
 	  ,ship_mode
     where
            ws_warehouse_sk =  w_warehouse_sk
        and ws_sold_date_sk = d_date_sk
        and ws_sold_time_sk = t_time_sk
 	and ws_ship_mode_sk = sm_ship_mode_sk
        and d_year = 2002
 	and t_time between 31694 and 31694+28800 
 	and sm_carrier in ('GERMA','PRIVATECARRIER')
     group by 
        w_warehouse_name
 	,w_warehouse_sq_ft
 	,w_city
 	,w_county
 	,w_state
 	,w_country
       ,d_year
 union all
     select 
 	w_warehouse_name
 	,w_warehouse_sq_ft
 	,w_city
 	,w_county
 	,w_state
 	,w_country
 	,'GERMA' || ',' || 'PRIVATECARRIER' as ship_carriers
       ,d_year as year
 	,sum(case when d_moy = 1 
 		then cs_sales_price* cs_quantity else 0 end) as jan_sales
 	,sum(case when d_moy = 2 
 		then cs_sales_price* cs_quantity else 0 end) as feb_sales
 	,sum(case when d_moy = 3 
 		then cs_sales_price* cs_quantity else 0 end) as mar_sales
 	,sum(case when d_moy = 4 
 		then cs_sales_price* cs_quantity else 0 end) as apr_sales
 	,sum(case when d_moy = 5 
 		then cs_sales_price* cs_quantity else 0 end) as may_sales
 	,sum(case when d_moy = 6 
 		then cs_sales_price* cs_quantity else 0 end) as jun_sales
 	,sum(case when d_moy = 7 
 		then cs_sales_price* cs_quantity else 0 end) as jul_sales
 	,sum(case when d_moy = 8 
 		then cs_sales_price* cs_quantity else 0 end) as aug_sales
 	,sum(case when d_moy = 9 
 		then cs_sales_price* cs_quantity else 0 end) as sep_sales
 	,sum(case when d_moy = 10 
 		then cs_sales_price* cs_quantity else 0 end) as oct_sales
 	,sum(case when d_moy = 11
 		then cs_sales_price* cs_quantity else 0 end) as nov_sales
 	,sum(case when d_moy = 12
 		then cs_sales_price* cs_quantity else 0 end) as dec_sales
 	,sum(case when d_moy = 1 
 		then cs_net_paid_inc_ship_tax * cs_quantity else 0 end) as jan_net
 	,sum(case when d_moy = 2 
 		then cs_net_paid_inc_ship_tax * cs_quantity else 0 end) as feb_net
 	,sum(case when d_moy = 3 
 		then cs_net_paid_inc_ship_tax * cs_quantity else 0 end) as mar_net
 	,sum(case when d_moy = 4 
 		then cs_net_paid_inc_ship_tax * cs_quantity else 0 end) as apr_net
 	,sum(case when d_moy = 5 
 		then cs_net_paid_inc_ship_tax * cs_quantity else 0 end) as may_net
 	,sum(case when d_moy = 6 
 		then cs_net_paid_inc_ship_tax * cs_quantity else 0 end) as jun_net
 	,sum(case when d_moy = 7 
 		then cs_net_paid_inc_ship_tax * cs_quantity else 0 end) as jul_net
 	,sum(case when d_moy = 8 
 		then cs_net_paid_inc_ship_tax * cs_quantity else 0 end) as aug_net
 	,sum(case when d_moy = 9 
 		then cs_net_paid_inc_ship_tax * cs_quantity else 0 end) as sep_net
 	,sum(case when d_moy = 10 
 		then cs_net_paid_inc_ship_tax * cs_quantity else 0 end) as oct_net
 	,sum(case when d_moy = 11
 		then cs_net_paid_inc_ship_tax * cs_quantity else 0 end) as nov_net
 	,sum(case when d_moy = 12
 		then cs_net_paid_inc_ship_tax * cs_quantity else 0 end) as dec_net
     from
          catalog_sales
         ,warehouse
         ,date_dim
         ,time_dim
 	 ,ship_mode
     where
            cs_warehouse_sk =  w_warehouse_sk
        and cs_sold_date_sk = d_date_sk
        and cs_sold_time_sk = t_time_sk
 	and cs_ship_mode_sk = sm_ship_mode_sk
        and d_year = 2002
 	and t_time between 31694 AND 31694+28800 
 	and sm_carrier in ('GERMA','PRIVATECARRIER')
     group by 
        w_warehouse_name
 	,w_warehouse_sq_ft
 	,w_city
 	,w_county
 	,w_state
 	,w_country
       ,d_year
 ) x
 group by 
        w_warehouse_name
 	,w_warehouse_sq_ft
 	,w_city
 	,w_county
 	,w_state
 	,w_country
 	,ship_carriers
       ,year
 order by w_warehouse_name
 limit 100;
Limit  (cost=55102.11..55191.97 rows=100 width=384) (actual time=405.636..405.811 rows=5 loops=1)
  ->  GroupAggregate  (cost=55102.11..55281.83 rows=200 width=384) (actual time=405.635..405.809 rows=5 loops=1)
        Group Key: warehouse.w_warehouse_name, warehouse.w_warehouse_sq_ft, warehouse.w_city, warehouse.w_county, warehouse.w_state, warehouse.w_country, ('GERMA,PRIVATECARRIER'::text), date_dim.d_year
        ->  Incremental Sort  (cost=55102.11..55219.14 rows=357 width=288) (actual time=405.622..405.782 rows=10 loops=1)
              Sort Key: warehouse.w_warehouse_name, warehouse.w_warehouse_sq_ft, warehouse.w_city, warehouse.w_county, warehouse.w_state, warehouse.w_country, ('GERMA,PRIVATECARRIER'::text), date_dim.d_year
              Presorted Key: warehouse.w_warehouse_name, warehouse.w_warehouse_sq_ft, warehouse.w_city, warehouse.w_county, warehouse.w_state, warehouse.w_country
              Full-sort Groups: 1  Sort Method: quicksort  Average Memory: 28kB  Peak Memory: 28kB
              ->  Merge Append  (cost=55101.57..55206.43 rows=357 width=288) (actual time=396.654..405.766 rows=10 loops=1)
                    Sort Key: warehouse.w_warehouse_name, warehouse.w_warehouse_sq_ft, warehouse.w_city, warehouse.w_county, warehouse.w_state, warehouse.w_country
                    ->  Finalize GroupAggregate  (cost=33107.42..33141.43 rows=121 width=288) (actual time=122.563..124.257 rows=5 loops=1)
                          Group Key: warehouse.w_warehouse_name, warehouse.w_warehouse_sq_ft, warehouse.w_city, warehouse.w_county, warehouse.w_state, warehouse.w_country, date_dim.d_year
                          ->  Gather Merge  (cost=33107.42..33132.47 rows=100 width=256) (actual time=122.076..124.229 rows=15 loops=1)
                                Workers Planned: 2
                                Workers Launched: 2
                                ->  Partial GroupAggregate  (cost=32107.40..32120.90 rows=50 width=256) (actual time=116.477..117.765 rows=5 loops=3)
                                      Group Key: warehouse.w_warehouse_name, warehouse.w_warehouse_sq_ft, warehouse.w_city, warehouse.w_county, warehouse.w_state, warehouse.w_country, date_dim.d_year
                                      ->  Sort  (cost=32107.40..32107.53 rows=50 width=88) (actual time=116.135..116.255 rows=1832 loops=3)
                                            Sort Key: warehouse.w_warehouse_name, warehouse.w_warehouse_sq_ft, warehouse.w_city, warehouse.w_county, warehouse.w_state, warehouse.w_country
                                            Sort Method: quicksort  Memory: 466kB
                                            Worker 0:  Sort Method: quicksort  Memory: 239kB
                                            Worker 1:  Sort Method: quicksort  Memory: 236kB
                                            ->  Hash Join  (cost=2.98..32105.99 rows=50 width=88) (actual time=0.697..114.705 rows=1832 loops=3)
                                                  Hash Cond: (web_sales.ws_warehouse_sk = warehouse.w_warehouse_sk)
                                                  ->  Nested Loop  (cost=1.87..32104.63 rows=50 width=36) (actual time=0.648..114.205 rows=1832 loops=3)
                                                        ->  Nested Loop  (cost=1.58..32057.01 rows=150 width=44) (actual time=0.245..100.924 rows=4681 loops=3)
                                                              ->  Hash Join  (cost=1.27..30730.65 rows=30104 width=44) (actual time=0.055..89.837 rows=23714 loops=3)
                                                                    Hash Cond: (web_sales.ws_ship_mode_sk = ship_mode.sm_ship_mode_sk)
                                                                    ->  Parallel Seq Scan on web_sales  (cost=0.00..29771.63 rows=301063 width=52) (actual time=0.012..45.388 rows=237185 loops=3)
                                                                    ->  Hash  (cost=1.25..1.25 rows=2 width=8) (actual time=0.027..0.028 rows=2 loops=3)
                                                                          Buckets: 1024  Batches: 1  Memory Usage: 9kB
                                                                          ->  Seq Scan on ship_mode  (cost=0.00..1.25 rows=2 width=8) (actual time=0.024..0.024 rows=2 loops=3)
                                                                                Filter: (sm_carrier = ANY ('{GERMA,PRIVATECARRIER}'::bpchar[]))
                                                                                Rows Removed by Filter: 18
                                                              ->  Memoize  (cost=0.30..0.32 rows=1 width=16) (actual time=0.000..0.000 rows=0 loops=71143)
                                                                    Cache Key: web_sales.ws_sold_date_sk
                                                                    Cache Mode: logical
                                                                    Hits: 32693  Misses: 1805  Evictions: 0  Overflows: 0  Memory Usage: 144kB
                                                                    Worker 0:  Hits: 16643  Misses: 1784  Evictions: 0  Overflows: 0  Memory Usage: 143kB
                                                                    Worker 1:  Hits: 16443  Misses: 1775  Evictions: 0  Overflows: 0  Memory Usage: 142kB
                                                                    ->  Index Scan using pk_date_dim on date_dim  (cost=0.29..0.31 rows=1 width=16) (actual time=0.002..0.002 rows=0 loops=5364)
                                                                          Index Cond: (d_date_sk = web_sales.ws_sold_date_sk)
                                                                          Filter: (d_year = 2002)
                                                                          Rows Removed by Filter: 1
                                                        ->  Index Scan using pk_time_dim on time_dim  (cost=0.29..0.32 rows=1 width=8) (actual time=0.003..0.003 rows=0 loops=14044)
                                                              Index Cond: (t_time_sk = web_sales.ws_sold_time_sk)
                                                              Filter: ((t_time >= 31694) AND (t_time <= 60494))
                                                              Rows Removed by Filter: 1
                                                  ->  Hash  (cost=1.05..1.05 rows=5 width=68) (actual time=0.030..0.030 rows=5 loops=3)
                                                        Buckets: 1024  Batches: 1  Memory Usage: 9kB
                                                        ->  Seq Scan on warehouse  (cost=0.00..1.05 rows=5 width=68) (actual time=0.024..0.025 rows=5 loops=3)
                    ->  GroupAggregate  (cost=21994.13..22057.85 rows=236 width=288) (actual time=274.089..281.504 rows=5 loops=1)
                          Group Key: warehouse_1.w_warehouse_name, warehouse_1.w_warehouse_sq_ft, warehouse_1.w_city, warehouse_1.w_county, warehouse_1.w_state, warehouse_1.w_country, date_dim_1.d_year
                          ->  Sort  (cost=21994.13..21994.72 rows=236 width=88) (actual time=272.196..272.696 rows=10843 loops=1)
                                Sort Key: warehouse_1.w_warehouse_name, warehouse_1.w_warehouse_sq_ft, warehouse_1.w_city, warehouse_1.w_county, warehouse_1.w_state, warehouse_1.w_country
                                Sort Method: quicksort  Memory: 1859kB
                                ->  Nested Loop  (cost=0.72..21984.83 rows=236 width=88) (actual time=4.285..264.930 rows=10843 loops=1)
                                      Join Filter: (catalog_sales.cs_warehouse_sk = warehouse_1.w_warehouse_sk)
                                      Rows Removed by Join Filter: 21681
                                      ->  Nested Loop  (cost=0.72..21968.34 rows=237 width=36) (actual time=4.276..259.176 rows=10850 loops=1)
                                            ->  Nested Loop  (cost=0.43..21743.80 rows=710 width=44) (actual time=4.209..213.557 rows=28036 loops=1)
                                                  Join Filter: (catalog_sales.cs_ship_mode_sk = ship_mode_1.sm_ship_mode_sk)
                                                  Rows Removed by Join Filter: 525943
                                                  ->  Nested Loop  (cost=0.43..21531.98 rows=7137 width=52) (actual time=4.194..129.636 rows=284026 loops=1)
                                                        ->  Seq Scan on date_dim date_dim_1  (cost=0.00..2318.11 rows=363 width=16) (actual time=4.181..8.585 rows=365 loops=1)
                                                              Filter: (d_year = 2002)
                                                              Rows Removed by Filter: 72684
                                                        ->  Index Scan using i_cs_sold_date_sk on catalog_sales  (cost=0.43..45.08 rows=785 width=52) (actual time=0.004..0.135 rows=778 loops=365)
                                                              Index Cond: (cs_sold_date_sk = date_dim_1.d_date_sk)
                                                  ->  Materialize  (cost=0.00..1.26 rows=2 width=8) (actual time=0.000..0.000 rows=2 loops=284026)
                                                        ->  Seq Scan on ship_mode ship_mode_1  (cost=0.00..1.25 rows=2 width=8) (actual time=0.009..0.009 rows=2 loops=1)
                                                              Filter: (sm_carrier = ANY ('{GERMA,PRIVATECARRIER}'::bpchar[]))
                                                              Rows Removed by Filter: 18
                                            ->  Index Scan using pk_time_dim on time_dim time_dim_1  (cost=0.29..0.32 rows=1 width=8) (actual time=0.001..0.001 rows=0 loops=28036)
                                                  Index Cond: (t_time_sk = catalog_sales.cs_sold_time_sk)
                                                  Filter: ((t_time >= 31694) AND (t_time <= 60494))
                                                  Rows Removed by Filter: 1
                                      ->  Materialize  (cost=0.00..1.07 rows=5 width=68) (actual time=0.000..0.000 rows=3 loops=10850)
                                            ->  Seq Scan on warehouse warehouse_1  (cost=0.00..1.05 rows=5 width=68) (actual time=0.004..0.005 rows=5 loops=1)
  w_warehouse_name   | w_warehouse_sq_ft |  w_city  |     w_county      | w_state |   w_country   |    ship_carriers     | year |     jan_sales      |     feb_sales      |     mar_sales     |     apr_sales      |     may_sales      |     jun_sales     |     jul_sales      |     aug_sales      |     sep_sales      |     oct_sales      |     nov_sales      |     dec_sales      | jan_sales_per_sq_foot | feb_sales_per_sq_foot | mar_sales_per_sq_foot | apr_sales_per_sq_foot | may_sales_per_sq_foot | jun_sales_per_sq_foot | jul_sales_per_sq_foot | aug_sales_per_sq_foot | sep_sales_per_sq_foot | oct_sales_per_sq_foot | nov_sales_per_sq_foot | dec_sales_per_sq_foot |      jan_net       |      feb_net       |      mar_net       |      apr_net       |      may_net       |      jun_net       |      jul_net       |      aug_net      |      sep_net      |      oct_net       |      nov_net       |      dec_net       
---------------------+-------------------+----------+-------------------+---------+---------------+----------------------+------+--------------------+--------------------+-------------------+--------------------+--------------------+-------------------+--------------------+--------------------+--------------------+--------------------+--------------------+--------------------+-----------------------+-----------------------+-----------------------+-----------------------+-----------------------+-----------------------+-----------------------+-----------------------+-----------------------+-----------------------+-----------------------+-----------------------+--------------------+--------------------+--------------------+--------------------+--------------------+--------------------+--------------------+-------------------+-------------------+--------------------+--------------------+--------------------
 Neither dea         |            230810 | Midway   | Williamson County | TN      | United States | GERMA,PRIVATECARRIER | 2002 | 10110057.439999998 | 10059831.479999999 |        9266513.11 |        11607855.83 | 12899286.819999998 | 7250795.409999999 | 10967391.279999997 | 24188286.150000002 |        20490850.84 | 30420172.099999994 | 25997135.459999997 |        36484339.44 |      43.8025104631515 |     43.58490308045579 |      40.1477973657987 |    50.291823707811616 |     55.88703617694207 |    31.414563537108442 |     47.51696754906632 |    104.79739244400156 |     88.77800285949482 |    131.79746154845972 |    112.63435492396341 |    158.07087838481866 |  36117065.18999998 |        34476287.45 | 35648199.199999996 |        45157347.53 |  43344602.70999999 |        30110524.23 |        36829351.29 | 83031482.56999998 | 64272580.99000001 |  87972595.35999998 |  88029334.77000001 | 121034220.20999998
 Parties use         |            115988 | Midway   | Williamson County | TN      | United States | GERMA,PRIVATECARRIER | 2002 | 12017561.799999999 |  7280775.629999999 | 7776629.879999999 | 11321099.610000001 |        10341171.19 |       10333890.57 |         6439957.55 | 17224928.199999996 | 22237077.139999997 | 21612177.389999997 |        41671487.44 |  37636049.06999999 |    103.61038900575922 |     62.77180078973686 |     67.04684863951442 |      97.6057834431148 |     89.15725066386177 |     89.09448020484878 |    55.522619150256915 |    148.50612304721176 |    191.71877383867294 |    186.33114968789872 |      359.274126978653 |     324.4822660102768 | 40142804.870000005 | 28049840.799999997 |  36278309.05999999 | 29288945.300000004 | 29400536.429999996 | 37206205.830000006 | 31243732.790000003 |       87212546.63 | 76810572.47000001 |        76076978.64 |       117133712.88 | 135601738.28000003
 Persons make more e |            551529 | Midway   | Williamson County | TN      | United States | GERMA,PRIVATECARRIER | 2002 |        11720835.68 |        11603397.52 | 8613331.639999999 |        11975072.58 |  5482746.449999999 | 6442588.119999999 | 10915952.860000001 |        23141534.48 | 27162833.740000006 | 13891140.019999998 | 31581521.839999996 | 26986393.539999995 |    21.251531070895634 |     21.03859909451724 |    15.617187201398293 |     21.71249849055988 |     9.940993945921248 |    11.681322505253576 |    19.792164800037714 |    41.958871573389615 |      49.2500552826778 |    25.186599471650624 |     57.26176110413051 |     48.93014427165207 |  40758477.35000001 |        31845114.72 | 35380060.540000014 | 35977947.339999996 |        29991495.92 |        32671048.21 | 36243635.989999995 | 87702311.06999996 |        82128361.5 | 57424809.579999976 | 117038693.89999995 | 120240598.03000014
 Single, simple r    |            685286 | Midway   | Williamson County | TN      | United States | GERMA,PRIVATECARRIER | 2002 | 12563042.900000002 |         5263846.33 |        8804123.65 |            9368597 |         9186977.66 |        8664382.57 |        10343668.62 | 19399212.480000004 |         23471601.6 |        19265368.47 |         25538006.7 | 33350030.389999997 |    18.332554437125523 |     7.681240139153579 |    12.847371243539195 |    13.671076017896176 |    13.406048948906005 |    12.643454805730748 |    15.093944163458758 |    28.308199029310398 |     34.25081148600731 |      28.1128878599592 |     37.26620228634468 |     48.66585686851913 |        37208142.41 | 27005730.140000004 | 32192809.549999997 |  29905877.56999999 | 27455639.080000006 |        36644516.83 |  45185432.03999999 | 84551543.32999998 | 81122094.56999998 |  75060272.55999994 |  97918030.19999999 | 123801253.46000001
 Total, dea          |            947902 | Fairview | Williamson County | TN      | United States | GERMA,PRIVATECARRIER | 2002 |         8541739.16 |        11405400.66 |        9523135.62 |  9500933.719999999 |        10190636.51 |        9947132.36 |         9590608.49 | 16629682.679999998 | 23531164.050000004 |        14284824.01 | 25866635.389999997 |        32453581.71 |     9.011204913588115 |     12.03225719536408 |    10.046540275260522 |    10.023118128245324 |    10.750727933900341 |     10.49384046030075 |    10.117721547164159 |    17.543672953533168 |    24.824469248930804 |    15.069937620133725 |    27.288301311738977 |      34.2372752774021 | 31295005.440000005 |        37068822.82 |        35546515.89 | 36768143.449999996 | 38829038.599999994 |  34436410.75000001 |         36946045.6 | 71340060.51999998 | 74942882.97000004 |        73319314.07 | 100452323.10999995 | 111107701.08000001
(5 rows)

UPDATE time_statistics SET e_time = TRANSACTION_TIMESTAMP() WHERE template = 'query66.tpl' AND stream = 7;
psql:/tmp/s1-basline/throughput/query_7.sql:4107: NOTICE:  duration: 0.099 ms  plan:
Query Text: UPDATE time_statistics SET e_time = TRANSACTION_TIMESTAMP() WHERE template = 'query66.tpl' AND stream = 7;
Update on time_statistics  (cost=0.00..20.59 rows=0 width=0) (actual time=0.099..0.099 rows=0 loops=1)
  ->  Seq Scan on time_statistics  (cost=0.00..20.59 rows=1 width=14) (actual time=0.084..0.084 rows=1 loops=1)
        Filter: ((template = 'query66.tpl'::text) AND (stream = 7))
        Rows Removed by Filter: 675
UPDATE 1
LOAD 'auto_explain'; SET auto_explain.log_min_duration TO 0; SET auto_explain.log_analyze TO on; SET auto_explain.log_level TO notice; INSERT INTO time_statistics (template, s_time, stream, query, seed) VALUES ('query67.tpl', TRANSACTION_TIMESTAMP(), 7, 81, 155497234);
LOAD
SET
SET
SET
psql:/tmp/s1-basline/throughput/query_7.sql:4108: NOTICE:  duration: 0.008 ms  plan:
Query Text: INSERT INTO time_statistics (template, s_time, stream, query, seed) VALUES ('query67.tpl', TRANSACTION_TIMESTAMP(), 7, 81, 155497234);
Insert on time_statistics  (cost=0.00..0.01 rows=0 width=0) (actual time=0.008..0.008 rows=0 loops=1)
  ->  Result  (cost=0.00..0.01 rows=1 width=64) (actual time=0.001..0.001 rows=1 loops=1)
INSERT 0 1
select  *
from (select i_category
            ,i_class
            ,i_brand
            ,i_product_name
            ,d_year
            ,d_qoy
            ,d_moy
            ,s_store_id
            ,sumsales
            ,rank() over (partition by i_category order by sumsales desc) rk
      from (select i_category
                  ,i_class
                  ,i_brand
                  ,i_product_name
                  ,d_year
                  ,d_qoy
                  ,d_moy
                  ,s_store_id
                  ,sum(coalesce(ss_sales_price*ss_quantity,0)) sumsales
            from store_sales
                ,date_dim
                ,store
                ,item
       where  ss_sold_date_sk=d_date_sk
          and ss_item_sk=i_item_sk
          and ss_store_sk = s_store_sk
          and d_month_seq between 1222 and 1222+11
       group by  rollup(i_category, i_class, i_brand, i_product_name, d_year, d_qoy, d_moy,s_store_id))dw1) dw2
where rk <= 100
order by i_category
        ,i_class
        ,i_brand
        ,i_product_name
        ,d_year
        ,d_qoy
        ,d_moy
        ,s_store_id
        ,sumsales
        ,rk
limit 100;
psql:/tmp/s1-basline/throughput/query_7.sql:4149: NOTICE:  duration: 1997.946 ms  plan:
Query Text: select  *
from (select i_category
            ,i_class
            ,i_brand
            ,i_product_name
            ,d_year
            ,d_qoy
            ,d_moy
            ,s_store_id
            ,sumsales
            ,rank() over (partition by i_category order by sumsales desc) rk
      from (select i_category
                  ,i_class
                  ,i_brand
                  ,i_product_name
                  ,d_year
                  ,d_qoy
                  ,d_moy
                  ,s_store_id
                  ,sum(coalesce(ss_sales_price*ss_quantity,0)) sumsales
            from store_sales
                ,date_dim
                ,store
                ,item
       where  ss_sold_date_sk=d_date_sk
          and ss_item_sk=i_item_sk
          and ss_store_sk = s_store_sk
          and d_month_seq between 1222 and 1222+11
       group by  rollup(i_category, i_class, i_brand, i_product_name, d_year, d_qoy, d_moy,s_store_id))dw1) dw2
where rk <= 100
order by i_category
        ,i_class
        ,i_brand
        ,i_product_name
        ,d_year
        ,d_qoy
        ,d_moy
        ,s_store_id
        ,sumsales
        ,rk
limit 100;
Limit  (cost=94291.83..94314.41 rows=100 width=249) (actual time=1915.737..1997.867 rows=100 loops=1)
  ->  Incremental Sort  (cost=94291.83..109619.18 rows=67866 width=249) (actual time=1915.737..1997.858 rows=100 loops=1)
        Sort Key: dw1.i_category, dw1.i_class, dw1.i_brand, dw1.i_product_name, dw1.d_year, dw1.d_qoy, dw1.d_moy, dw1.s_store_id, dw1.sumsales, (rank() OVER (?))
        Presorted Key: dw1.i_category
        Full-sort Groups: 1  Sort Method: quicksort  Average Memory: 42kB  Peak Memory: 42kB
        Pre-sorted Groups: 1  Sort Method: quicksort  Average Memory: 51kB  Peak Memory: 51kB
        ->  WindowAgg  (cost=94219.51..104112.68 rows=67866 width=249) (actual time=1772.508..1997.570 rows=101 loops=1)
              Run Condition: (rank() OVER (?) <= 100)
              ->  Incremental Sort  (cost=94219.51..102925.02 rows=67866 width=241) (actual time=1772.500..1990.090 rows=53905 loops=1)
                    Sort Key: dw1.i_category, dw1.sumsales DESC
                    Presorted Key: dw1.i_category
                    Full-sort Groups: 2  Sort Method: quicksort  Average Memory: 43kB  Peak Memory: 43kB
                    Pre-sorted Groups: 2  Sort Method: external merge  Average Disk: 13432kB  Peak Disk: 13432kB
                    ->  Subquery Scan on dw1  (cost=94180.48..97411.23 rows=67866 width=241) (actual time=1616.456..1911.601 rows=104980 loops=1)
                          ->  GroupAggregate  (cost=94180.48..96732.57 rows=67866 width=241) (actual time=1616.454..1902.310 rows=104980 loops=1)
                                Group Key: item.i_category, item.i_class, item.i_brand, item.i_product_name, date_dim.d_year, date_dim.d_qoy, date_dim.d_moy, store.s_store_id
                                Group Key: item.i_category, item.i_class, item.i_brand, item.i_product_name, date_dim.d_year, date_dim.d_qoy, date_dim.d_moy
                                Group Key: item.i_category, item.i_class, item.i_brand, item.i_product_name, date_dim.d_year, date_dim.d_qoy
                                Group Key: item.i_category, item.i_class, item.i_brand, item.i_product_name, date_dim.d_year
                                Group Key: item.i_category, item.i_class, item.i_brand, item.i_product_name
                                Group Key: item.i_category, item.i_class, item.i_brand
                                Group Key: item.i_category, item.i_class
                                Group Key: item.i_category
                                Group Key: ()
                                ->  Gather Merge  (cost=94180.48..95696.06 rows=13013 width=245) (actual time=1616.439..1819.495 rows=105801 loops=1)
                                      Workers Planned: 2
                                      Workers Launched: 2
                                      ->  Sort  (cost=93180.45..93194.01 rows=5422 width=245) (actual time=1488.332..1527.934 rows=35410 loops=3)
                                            Sort Key: item.i_category, item.i_class, item.i_brand, item.i_product_name, date_dim.d_year, date_dim.d_qoy, date_dim.d_moy, store.s_store_id
                                            Sort Method: external merge  Disk: 51528kB
                                            Worker 0:  Sort Method: external merge  Disk: 41456kB
                                            Worker 1:  Sort Method: external merge  Disk: 41096kB
                                            ->  Nested Loop  (cost=2506.80..92844.16 rows=5422 width=245) (actual time=12.718..645.041 rows=174664 loops=3)
                                                  ->  Hash Join  (cost=2506.52..91187.77 rows=5422 width=49) (actual time=12.668..305.671 rows=174664 loops=3)
                                                        Hash Cond: (store_sales.ss_store_sk = store.s_store_sk)
                                                        ->  Hash Join  (cost=2505.25..91166.54 rows=5687 width=40) (actual time=12.546..276.177 rows=178839 loops=3)
                                                              Hash Cond: (store_sales.ss_sold_date_sk = date_dim.d_date_sk)
                                                              ->  Parallel Seq Scan on store_sales  (cost=0.00..85499.45 rows=1204445 width=36) (actual time=0.014..125.118 rows=948150 loops=3)
                                                              ->  Hash  (cost=2500.73..2500.73 rows=361 width=20) (actual time=12.519..12.520 rows=365 loops=3)
                                                                    Buckets: 1024  Batches: 1  Memory Usage: 28kB
                                                                    ->  Seq Scan on date_dim  (cost=0.00..2500.73 rows=361 width=20) (actual time=6.025..12.459 rows=365 loops=3)
                                                                          Filter: ((d_month_seq >= 1222) AND (d_month_seq <= 1233))
                                                                          Rows Removed by Filter: 72684
                                                        ->  Hash  (cost=1.12..1.12 rows=12 width=25) (actual time=0.029..0.029 rows=12 loops=3)
                                                              Buckets: 1024  Batches: 1  Memory Usage: 9kB
                                                              ->  Seq Scan on store  (cost=0.00..1.12 rows=12 width=25) (actual time=0.022..0.024 rows=12 loops=3)
                                                  ->  Index Scan using pk_item on item  (cost=0.29..0.31 rows=1 width=212) (actual time=0.001..0.001 rows=1 loops=523992)
                                                        Index Cond: (i_item_sk = store_sales.ss_item_sk)
                     i_category                     |                      i_class                       |                      i_brand                       | i_product_name | d_year | d_qoy | d_moy | s_store_id |      sumsales      | rk  
----------------------------------------------------+----------------------------------------------------+----------------------------------------------------+----------------+--------+-------+-------+------------+--------------------+-----
 Books                                              | arts                                               | amalgmaxi #1                                       |                |        |       |       |            |  619603.1799999996 |  93
 Books                                              | arts                                               | amalgmaxi #10                                      |                |        |       |       |            | 1231762.8400000003 |  37
 Books                                              | arts                                               | amalgmaxi #2                                       |                |        |       |       |            | 1409103.1699999995 |  29
 Books                                              | arts                                               | amalgmaxi #4                                       |                |        |       |       |            |  1271070.649999999 |  35
 Books                                              | arts                                               | amalgmaxi #7                                       |                |        |       |       |            |  825361.9200000004 |  72
 Books                                              | arts                                               | amalgmaxi #8                                       |                |        |       |       |            | 1175456.6799999997 |  41
 Books                                              | arts                                               |                                                    |                |        |       |       |            |  7578952.600000008 |   4
 Books                                              | business                                           | importomaxi #10                                    |                |        |       |       |            |  892765.2900000006 |  64
 Books                                              | business                                           | importomaxi #2                                     |                |        |       |       |            | 1539752.8500000013 |  26
 Books                                              | business                                           | importomaxi #4                                     |                |        |       |       |            | 1084596.3600000008 |  46
 Books                                              | business                                           | importomaxi #7                                     |                |        |       |       |            |  556450.3899999999 | 100
 Books                                              | business                                           | importomaxi #8                                     |                |        |       |       |            |  966254.9199999998 |  58
 Books                                              | business                                           |                                                    |                |        |       |       |            |  6026059.670000005 |  12
 Books                                              | computers                                          | exportimaxi #1                                     |                |        |       |       |            |  576882.1000000002 |  97
 Books                                              | computers                                          | exportimaxi #2                                     |                |        |       |       |            | 1408672.9300000016 |  30
 Books                                              | computers                                          | exportimaxi #4                                     |                |        |       |       |            |  872857.8299999997 |  69
 Books                                              | computers                                          | exportimaxi #7                                     |                |        |       |       |            |  581054.5000000001 |  96
 Books                                              | computers                                          | exportimaxi #8                                     |                |        |       |       |            | 1081599.9499999995 |  48
 Books                                              | computers                                          |                                                    |                |        |       |       |            |         5346824.31 |  16
 Books                                              | cooking                                            | amalgunivamalg #10                                 |                |        |       |       |            | 1492757.8300000005 |  27
 Books                                              | cooking                                            | amalgunivamalg #2                                  |                |        |       |       |            |  662508.0099999998 |  90
 Books                                              | cooking                                            | amalgunivamalg #4                                  |                |        |       |       |            |  986477.9899999999 |  57
 Books                                              | cooking                                            | amalgunivamalg #8                                  |                |        |       |       |            | 1340994.5399999998 |  33
 Books                                              | cooking                                            |                                                    |                |        |       |       |            |  5729989.440000003 |  14
 Books                                              | entertainments                                     | edu packmaxi #1                                    |                |        |       |       |            |          673535.83 |  87
 Books                                              | entertainments                                     | edu packmaxi #10                                   |                |        |       |       |            | 1589479.0799999977 |  24
 Books                                              | entertainments                                     | edu packmaxi #2                                    |                |        |       |       |            | 1178752.2899999998 |  40
 Books                                              | entertainments                                     | edu packmaxi #7                                    |                |        |       |       |            | 1083473.1500000001 |  47
 Books                                              | entertainments                                     | edu packmaxi #8                                    |                |        |       |       |            | 2113266.4899999993 |  18
 Books                                              | entertainments                                     |                                                    |                |        |       |       |            |  7767229.630000004 |   3
 Books                                              | fiction                                            | scholarunivamalg #1                                |                |        |       |       |            |  792152.8100000003 |  79
 Books                                              | fiction                                            | scholarunivamalg #10                               |                |        |       |       |            |  1293273.220000001 |  34
 Books                                              | fiction                                            | scholarunivamalg #2                                |                |        |       |       |            | 1564303.8599999992 |  25
 Books                                              | fiction                                            | scholarunivamalg #4                                |                |        |       |       |            | 1007954.3000000005 |  55
 Books                                              | fiction                                            | scholarunivamalg #7                                |                |        |       |       |            |  675761.9199999997 |  85
 Books                                              | fiction                                            | scholarunivamalg #8                                |                |        |       |       |            | 1358072.6599999997 |  32
 Books                                              | fiction                                            |                                                    |                |        |       |       |            |  7456947.779999999 |   5
 Books                                              | history                                            | scholarmaxi #1                                     |                |        |       |       |            |          808762.29 |  74
 Books                                              | history                                            | scholarmaxi #10                                    |                |        |       |       |            |  948082.6800000009 |  60
 Books                                              | history                                            | scholarmaxi #2                                     |                |        |       |       |            | 1663484.5499999993 |  23
 Books                                              | history                                            | scholarmaxi #4                                     |                |        |       |       |            | 1207263.1900000013 |  38
 Books                                              | history                                            | scholarmaxi #7                                     |                |        |       |       |            |  664374.9299999998 |  88
 Books                                              | history                                            | scholarmaxi #8                                     |                |        |       |       |            |          805579.22 |  76
 Books                                              | history                                            |                                                    |                |        |       |       |            |  6483783.969999991 |   7
 Books                                              | home repair                                        | importounivamalg #1                                |                |        |       |       |            |  723045.2100000004 |  83
 Books                                              | home repair                                        | importounivamalg #10                               |                |        |       |       |            | 1740078.3100000005 |  20
 Books                                              | home repair                                        | importounivamalg #2                                |                |        |       |       |            | 1128505.9000000004 |  43
 Books                                              | home repair                                        | importounivamalg #4                                |                |        |       |       |            | 1050041.9600000002 |  51
 Books                                              | home repair                                        | importounivamalg #7                                |                |        |       |       |            |  560402.8199999998 |  99
 Books                                              | home repair                                        |                                                    |                |        |       |       |            |  6437746.150000029 |   8
 Books                                              | mystery                                            | corpunivamalg #1                                   |                |        |       |       |            |  765859.0699999997 |  81
 Books                                              | mystery                                            | corpunivamalg #10                                  |                |        |       |       |            |  946102.8400000004 |  61
 Books                                              | mystery                                            | corpunivamalg #12                                  |                |        |       |       |            |  567410.6299999999 |  98
 Books                                              | mystery                                            | corpunivamalg #2                                   |                |        |       |       |            |  663584.6400000002 |  89
 Books                                              | mystery                                            | corpunivamalg #4                                   |                |        |       |       |            |  888442.8700000005 |  65
 Books                                              | mystery                                            | corpunivamalg #8                                   |                |        |       |       |            | 1455717.3399999992 |  28
 Books                                              | mystery                                            |                                                    |                |        |       |       |            |  6116846.470000014 |  10
 Books                                              | parenting                                          | corpmaxi #1                                        |                |        |       |       |            | 1012345.1999999996 |  54
 Books                                              | parenting                                          | corpmaxi #10                                       |                |        |       |       |            |          581406.21 |  95
 Books                                              | parenting                                          | corpmaxi #2                                        |                |        |       |       |            |  771983.7599999997 |  80
 Books                                              | parenting                                          | corpmaxi #4                                        |                |        |       |       |            | 1375209.4999999998 |  31
 Books                                              | parenting                                          | corpmaxi #7                                        |                |        |       |       |            |  624998.2099999998 |  92
 Books                                              | parenting                                          | corpmaxi #8                                        |                |        |       |       |            |  888265.7800000005 |  66
 Books                                              | parenting                                          |                                                    |                |        |       |       |            |  6234871.810000004 |   9
 Books                                              | reference                                          | brandmaxi #1                                       |                |        |       |       |            |  795120.1500000004 |  77
 Books                                              | reference                                          | brandmaxi #10                                      |                |        |       |       |            |  635327.9799999999 |  91
 Books                                              | reference                                          | brandmaxi #2                                       |                |        |       |       |            |  951415.4899999996 |  59
 Books                                              | reference                                          | brandmaxi #4                                       |                |        |       |       |            | 1734092.6900000002 |  21
 Books                                              | reference                                          | brandmaxi #7                                       |                |        |       |       |            |  886971.4899999994 |  67
 Books                                              | reference                                          | brandmaxi #8                                       |                |        |       |       |            | 1018295.8900000007 |  53
 Books                                              | reference                                          |                                                    |                |        |       |       |            |  6542890.939999989 |   6
 Books                                              | romance                                            | namelessmaxi #1                                    |                |        |       |       |            |  602359.7600000002 |  94
 Books                                              | romance                                            | namelessmaxi #10                                   |                |        |       |       |            |  793768.1399999988 |  78
 Books                                              | romance                                            | namelessmaxi #2                                    |                |        |       |       |            |  825788.5299999994 |  71
 Books                                              | romance                                            | namelessmaxi #8                                    |                |        |       |       |            |  713441.9199999998 |  84
 Books                                              | romance                                            |                                                    |                |        |       |       |            |  4703521.070000007 |  17
 Books                                              | science                                            | maximaxi #1                                        |                |        |       |       |            |  992317.4100000006 |  56
 Books                                              | science                                            | maximaxi #10                                       |                |        |       |       |            |  674670.5100000006 |  86
 Books                                              | science                                            | maximaxi #2                                        |                |        |       |       |            |  938346.8800000008 |  63
 Books                                              | science                                            | maximaxi #4                                        |                |        |       |       |            | 1042532.5899999994 |  52
 Books                                              | science                                            | maximaxi #8                                        |                |        |       |       |            |  808491.4399999998 |  75
 Books                                              | science                                            |                                                    |                |        |       |       |            |  5815907.750000006 |  13
 Books                                              | self-help                                          | exportiunivamalg #10                               |                |        |       |       |            | 1252329.1199999999 |  36
 Books                                              | self-help                                          | exportiunivamalg #2                                |                |        |       |       |            |  867989.2700000003 |  70
 Books                                              | self-help                                          | exportiunivamalg #4                                |                |        |       |       |            |         1136257.28 |  42
 Books                                              | self-help                                          | exportiunivamalg #7                                |                |        |       |       |            |          748918.74 |  82
 Books                                              | self-help                                          | exportiunivamalg #8                                |                |        |       |       |            | 1067533.0099999993 |  49
 Books                                              | self-help                                          |                                                    |                |        |       |       |            |  6072688.690000009 |  11
 Books                                              | sports                                             | edu packunivamalg #10                              |                |        |       |       |            | 1728691.4800000007 |  22
 Books                                              | sports                                             | edu packunivamalg #4                               |                |        |       |       |            |  939072.8100000005 |  62
 Books                                              | sports                                             | edu packunivamalg #8                               |                |        |       |       |            |  1052113.239999999 |  50
 Books                                              | sports                                             |                                                    |                |        |       |       |            |  5717611.980000019 |  15
 Books                                              | travel                                             | univunivamalg #1                                   |                |        |       |       |            | 1124279.6599999988 |  44
 Books                                              | travel                                             | univunivamalg #10                                  |                |        |       |       |            | 1902233.6999999997 |  19
 Books                                              | travel                                             | univunivamalg #2                                   |                |        |       |       |            | 1095730.6400000013 |  45
 Books                                              | travel                                             | univunivamalg #4                                   |                |        |       |       |            |  877710.6200000001 |  68
 Books                                              | travel                                             | univunivamalg #7                                   |                |        |       |       |            |  818122.2599999998 |  73
 Books                                              | travel                                             | univunivamalg #8                                   |                |        |       |       |            | 1202455.9100000015 |  39
 Books                                              | travel                                             |                                                    |                |        |       |       |            |  7899149.429999987 |   2
 Books                                              |                                                    |                                                    |                |        |       |       |            | 101965764.95999928 |   1
(100 rows)

UPDATE time_statistics SET e_time = TRANSACTION_TIMESTAMP() WHERE template = 'query67.tpl' AND stream = 7;
psql:/tmp/s1-basline/throughput/query_7.sql:4151: NOTICE:  duration: 0.109 ms  plan:
Query Text: UPDATE time_statistics SET e_time = TRANSACTION_TIMESTAMP() WHERE template = 'query67.tpl' AND stream = 7;
Update on time_statistics  (cost=0.00..20.59 rows=0 width=0) (actual time=0.108..0.108 rows=0 loops=1)
  ->  Seq Scan on time_statistics  (cost=0.00..20.59 rows=1 width=14) (actual time=0.093..0.094 rows=1 loops=1)
        Filter: ((template = 'query67.tpl'::text) AND (stream = 7))
        Rows Removed by Filter: 676
UPDATE 1
LOAD 'auto_explain'; SET auto_explain.log_min_duration TO 0; SET auto_explain.log_analyze TO on; SET auto_explain.log_level TO notice; INSERT INTO time_statistics (template, s_time, stream, query, seed) VALUES ('../query_postgresql/query77.tpl', TRANSACTION_TIMESTAMP(), 7, 82, 478331252);
LOAD
SET
SET
SET
psql:/tmp/s1-basline/throughput/query_7.sql:4152: NOTICE:  duration: 0.009 ms  plan:
Query Text: INSERT INTO time_statistics (template, s_time, stream, query, seed) VALUES ('../query_postgresql/query77.tpl', TRANSACTION_TIMESTAMP(), 7, 82, 478331252);
Insert on time_statistics  (cost=0.00..0.01 rows=0 width=0) (actual time=0.009..0.009 rows=0 loops=1)
  ->  Result  (cost=0.00..0.01 rows=1 width=64) (actual time=0.002..0.002 rows=1 loops=1)
INSERT 0 1
with ss as
 (select s_store_sk,
         sum(ss_ext_sales_price) as sales,
         sum(ss_net_profit) as profit
 from store_sales,
      date_dim,
      store
 where ss_sold_date_sk = d_date_sk
       and d_date between cast('1999-08-27' as date) 
                  and (cast('1999-08-27' as date) + interval '30 days') 
       and ss_store_sk = s_store_sk
 group by s_store_sk)
 ,
 sr as
 (select s_store_sk,
         sum(sr_return_amt) as returns,
         sum(sr_net_loss) as profit_loss
 from store_returns,
      date_dim,
      store
 where sr_returned_date_sk = d_date_sk
       and d_date between cast('1999-08-27' as date)
                  and (cast('1999-08-27' as date) + interval '30 days')
       and sr_store_sk = s_store_sk
 group by s_store_sk), 
 cs as
 (select cs_call_center_sk,
        sum(cs_ext_sales_price) as sales,
        sum(cs_net_profit) as profit
 from catalog_sales,
      date_dim
 where cs_sold_date_sk = d_date_sk
       and d_date between cast('1999-08-27' as date)
                  and (cast('1999-08-27' as date) + interval '30 days')
 group by cs_call_center_sk 
 ), 
 cr as
 (select cr_call_center_sk,
         sum(cr_return_amount) as returns,
         sum(cr_net_loss) as profit_loss
 from catalog_returns,
      date_dim
 where cr_returned_date_sk = d_date_sk
       and d_date between cast('1999-08-27' as date)
                  and (cast('1999-08-27' as date) + interval '30 days')
 group by cr_call_center_sk
 ), 
 ws as
 ( select wp_web_page_sk,
        sum(ws_ext_sales_price) as sales,
        sum(ws_net_profit) as profit
 from web_sales,
      date_dim,
      web_page
 where ws_sold_date_sk = d_date_sk
       and d_date between cast('1999-08-27' as date)
                  and (cast('1999-08-27' as date) + interval '30 days')
       and ws_web_page_sk = wp_web_page_sk
 group by wp_web_page_sk), 
 wr as
 (select wp_web_page_sk,
        sum(wr_return_amt) as returns,
        sum(wr_net_loss) as profit_loss
 from web_returns,
      date_dim,
      web_page
 where wr_returned_date_sk = d_date_sk
       and d_date between cast('1999-08-27' as date)
                  and (cast('1999-08-27' as date) + interval '30 days')
       and wr_web_page_sk = wp_web_page_sk
 group by wp_web_page_sk)
  select  channel
        , id
        , sum(sales) as sales
        , sum(returns) as returns
        , sum(profit) as profit
 from 
 (select 'store channel' as channel
        , ss.s_store_sk as id
        , sales
        , coalesce(returns, 0) as returns
        , (profit - coalesce(profit_loss,0)) as profit
 from   ss left join sr
        on  ss.s_store_sk = sr.s_store_sk
 union all
 select 'catalog channel' as channel
        , cs_call_center_sk as id
        , sales
        , returns
        , (profit - profit_loss) as profit
 from  cs
       , cr
 union all
 select 'web channel' as channel
        , ws.wp_web_page_sk as id
        , sales
        , coalesce(returns, 0) as returns
        , (profit - coalesce(profit_loss,0)) as profit
 from   ws left join wr
        on  ws.wp_web_page_sk = wr.wp_web_page_sk
 ) x
 group by rollup (channel, id)
 order by channel
         ,id
 limit 100;
psql:/tmp/s1-basline/throughput/query_7.sql:4257: NOTICE:  duration: 216.506 ms  plan:
Query Text: with ss as
 (select s_store_sk,
         sum(ss_ext_sales_price) as sales,
         sum(ss_net_profit) as profit
 from store_sales,
      date_dim,
      store
 where ss_sold_date_sk = d_date_sk
       and d_date between cast('1999-08-27' as date) 
                  and (cast('1999-08-27' as date) + interval '30 days') 
       and ss_store_sk = s_store_sk
 group by s_store_sk)
 ,
 sr as
 (select s_store_sk,
         sum(sr_return_amt) as returns,
         sum(sr_net_loss) as profit_loss
 from store_returns,
      date_dim,
      store
 where sr_returned_date_sk = d_date_sk
       and d_date between cast('1999-08-27' as date)
                  and (cast('1999-08-27' as date) + interval '30 days')
       and sr_store_sk = s_store_sk
 group by s_store_sk), 
 cs as
 (select cs_call_center_sk,
        sum(cs_ext_sales_price) as sales,
        sum(cs_net_profit) as profit
 from catalog_sales,
      date_dim
 where cs_sold_date_sk = d_date_sk
       and d_date between cast('1999-08-27' as date)
                  and (cast('1999-08-27' as date) + interval '30 days')
 group by cs_call_center_sk 
 ), 
 cr as
 (select cr_call_center_sk,
         sum(cr_return_amount) as returns,
         sum(cr_net_loss) as profit_loss
 from catalog_returns,
      date_dim
 where cr_returned_date_sk = d_date_sk
       and d_date between cast('1999-08-27' as date)
                  and (cast('1999-08-27' as date) + interval '30 days')
 group by cr_call_center_sk
 ), 
 ws as
 ( select wp_web_page_sk,
        sum(ws_ext_sales_price) as sales,
        sum(ws_net_profit) as profit
 from web_sales,
      date_dim,
      web_page
 where ws_sold_date_sk = d_date_sk
       and d_date between cast('1999-08-27' as date)
                  and (cast('1999-08-27' as date) + interval '30 days')
       and ws_web_page_sk = wp_web_page_sk
 group by wp_web_page_sk), 
 wr as
 (select wp_web_page_sk,
        sum(wr_return_amt) as returns,
        sum(wr_net_loss) as profit_loss
 from web_returns,
      date_dim,
      web_page
 where wr_returned_date_sk = d_date_sk
       and d_date between cast('1999-08-27' as date)
                  and (cast('1999-08-27' as date) + interval '30 days')
       and wr_web_page_sk = wp_web_page_sk
 group by wp_web_page_sk)
  select  channel
        , id
        , sum(sales) as sales
        , sum(returns) as returns
        , sum(profit) as profit
 from 
 (select 'store channel' as channel
        , ss.s_store_sk as id
        , sales
        , coalesce(returns, 0) as returns
        , (profit - coalesce(profit_loss,0)) as profit
 from   ss left join sr
        on  ss.s_store_sk = sr.s_store_sk
 union all
 select 'catalog channel' as channel
        , cs_call_center_sk as id
        , sales
        , returns
        , (profit - profit_loss) as profit
 from  cs
       , cr
 union all
 select 'web channel' as channel
        , ws.wp_web_page_sk as id
        , sales
        , coalesce(returns, 0) as returns
        , (profit - coalesce(profit_loss,0)) as profit
 from   ws left join wr
        on  ws.wp_web_page_sk = wr.wp_web_page_sk
 ) x
 group by rollup (channel, id)
 order by channel
         ,id
 limit 100;
Limit  (cost=45533.60..45541.02 rows=100 width=64) (actual time=177.243..216.474 rows=44 loops=1)
  ->  GroupAggregate  (cost=45533.60..45549.70 rows=217 width=64) (actual time=177.242..216.470 rows=44 loops=1)
        Group Key: ('store channel'::text), store.s_store_sk
        Group Key: ('store channel'::text)
        Group Key: ()
        ->  Gather Merge  (cost=45533.60..45546.18 rows=108 width=64) (actual time=177.237..216.440 rows=52 loops=1)
              Workers Planned: 2
              Workers Launched: 2
              ->  Sort  (cost=44533.58..44533.69 rows=45 width=64) (actual time=73.692..73.700 rows=17 loops=3)
                    Sort Key: ('store channel'::text), store.s_store_sk
                    Sort Method: quicksort  Memory: 26kB
                    Worker 0:  Sort Method: quicksort  Memory: 27kB
                    Worker 1:  Sort Method: quicksort  Memory: 25kB
                    ->  Parallel Append  (cost=1.71..44532.34 rows=45 width=64) (actual time=48.954..73.662 rows=17 loops=3)
                          ->  Merge Left Join  (cost=1.71..44532.00 rows=12 width=64) (actual time=98.408..168.320 rows=6 loops=1)
                                Merge Cond: (store.s_store_sk = store_1.s_store_sk)
                                ->  GroupAggregate  (cost=0.86..40749.85 rows=12 width=24) (actual time=85.301..151.442 rows=6 loops=1)
                                      Group Key: store.s_store_sk
                                      ->  Nested Loop  (cost=0.86..40741.35 rows=1117 width=24) (actual time=0.705..147.081 rows=57035 loops=1)
                                            Join Filter: (store_sales.ss_store_sk = store.s_store_sk)
                                            Rows Removed by Join Filter: 643285
                                            ->  Index Only Scan using pk_store on store  (cost=0.14..3.62 rows=12 width=8) (actual time=0.085..0.094 rows=12 loops=1)
                                                  Heap Fetches: 12
                                            ->  Materialize  (cost=0.72..40529.71 rows=1172 width=24) (actual time=0.021..8.584 rows=58360 loops=12)
                                                  ->  Nested Loop  (cost=0.72..40523.85 rows=1172 width=24) (actual time=0.241..65.361 rows=58360 loops=1)
                                                        ->  Index Scan using i_d_date on date_dim  (cost=0.29..3.11 rows=31 width=8) (actual time=0.104..0.116 rows=31 loops=1)
                                                              Index Cond: ((d_date >= '1999-08-27'::date) AND (d_date <= '1999-09-26 00:00:00'::timestamp without time zone))
                                                        ->  Index Scan using i_ss_sold_date_sk on store_sales  (cost=0.43..1291.97 rows=1515 width=32) (actual time=0.016..1.714 rows=1883 loops=31)
                                                              Index Cond: (ss_sold_date_sk = date_dim.d_date_sk)
                                ->  GroupAggregate  (cost=0.85..3781.70 rows=12 width=24) (actual time=13.100..16.867 rows=6 loops=1)
                                      Group Key: store_1.s_store_sk
                                      ->  Nested Loop  (cost=0.85..3780.72 rows=114 width=24) (actual time=0.071..16.599 rows=3250 loops=1)
                                            Join Filter: (store_returns.sr_store_sk = store_1.s_store_sk)
                                            Rows Removed by Join Filter: 36350
                                            ->  Index Only Scan using pk_store on store store_1  (cost=0.14..3.62 rows=12 width=8) (actual time=0.006..0.009 rows=12 loops=1)
                                                  Heap Fetches: 12
                                            ->  Materialize  (cost=0.71..3756.16 rows=118 width=24) (actual time=0.004..1.167 rows=3300 loops=12)
                                                  ->  Nested Loop  (cost=0.71..3755.57 rows=118 width=24) (actual time=0.047..11.872 rows=3300 loops=1)
                                                        ->  Index Scan using i_d_date on date_dim date_dim_1  (cost=0.29..3.11 rows=31 width=8) (actual time=0.012..0.021 rows=31 loops=1)
                                                              Index Cond: ((d_date >= '1999-08-27'::date) AND (d_date <= '1999-09-26 00:00:00'::timestamp without time zone))
                                                        ->  Index Scan using i_sr_returned_date_sk on store_returns  (cost=0.42..119.65 rows=140 width=32) (actual time=0.006..0.363 rows=106 loops=31)
                                                              Index Cond: (sr_returned_date_sk = date_dim_1.d_date_sk)
                          ->  Merge Left Join  (cost=12375.43..12385.33 rows=60 width=64) (actual time=31.423..35.474 rows=30 loops=1)
                                Merge Cond: (web_page.wp_web_page_sk = web_page_1.wp_web_page_sk)
                                ->  GroupAggregate  (cost=11413.58..11421.39 rows=60 width=24) (actual time=26.775..30.670 rows=30 loops=1)
                                      Group Key: web_page.wp_web_page_sk
                                      ->  Merge Join  (cost=11413.58..11418.48 rows=307 width=24) (actual time=26.637..29.533 rows=15655 loops=1)
                                            Merge Cond: (web_sales.ws_web_page_sk = web_page.wp_web_page_sk)
                                            ->  Sort  (cost=11409.21..11409.98 rows=307 width=24) (actual time=26.570..27.530 rows=15656 loops=1)
                                                  Sort Key: web_sales.ws_web_page_sk
                                                  Worker 0:  Sort Method: quicksort  Memory: 1363kB
                                                  ->  Nested Loop  (cost=0.72..11396.53 rows=307 width=24) (actual time=0.175..23.539 rows=15658 loops=1)
                                                        ->  Index Scan using i_d_date on date_dim date_dim_2  (cost=0.29..3.11 rows=31 width=8) (actual time=0.094..0.115 rows=31 loops=1)
                                                              Index Cond: ((d_date >= '1999-08-27'::date) AND (d_date <= '1999-09-26 00:00:00'::timestamp without time zone))
                                                        ->  Index Scan using i_ws_sold_date_sk on web_sales  (cost=0.42..363.56 rows=397 width=32) (actual time=0.015..0.632 rows=505 loops=31)
                                                              Index Cond: (ws_sold_date_sk = date_dim_2.d_date_sk)
                                            ->  Sort  (cost=4.37..4.52 rows=60 width=8) (actual time=0.062..0.066 rows=58 loops=1)
                                                  Sort Key: web_page.wp_web_page_sk
                                                  Worker 0:  Sort Method: quicksort  Memory: 25kB
                                                  ->  Seq Scan on web_page  (cost=0.00..2.60 rows=60 width=8) (actual time=0.044..0.054 rows=60 loops=1)
                                ->  GroupAggregate  (cost=961.85..962.41 rows=28 width=24) (actual time=4.646..4.793 rows=30 loops=1)
                                      Group Key: web_page_1.wp_web_page_sk
                                      ->  Sort  (cost=961.85..961.92 rows=28 width=24) (actual time=4.638..4.682 rows=1006 loops=1)
                                            Sort Key: web_page_1.wp_web_page_sk
                                            Worker 0:  Sort Method: quicksort  Memory: 87kB
                                            ->  Nested Loop  (cost=0.72..961.18 rows=28 width=24) (actual time=0.076..4.438 rows=1006 loops=1)
                                                  ->  Nested Loop  (cost=0.58..956.61 rows=29 width=24) (actual time=0.044..3.477 rows=1033 loops=1)
                                                        ->  Index Scan using i_d_date on date_dim date_dim_3  (cost=0.29..3.11 rows=31 width=8) (actual time=0.008..0.014 rows=31 loops=1)
                                                              Index Cond: ((d_date >= '1999-08-27'::date) AND (d_date <= '1999-09-26 00:00:00'::timestamp without time zone))
                                                        ->  Index Scan using i_wr_returned_date_sk on web_returns  (cost=0.29..30.43 rows=33 width=32) (actual time=0.005..0.105 rows=33 loops=31)
                                                              Index Cond: (wr_returned_date_sk = date_dim_3.d_date_sk)
                                                  ->  Index Only Scan using pk_web_page on web_page web_page_1  (cost=0.14..0.16 rows=1 width=8) (actual time=0.001..0.001 rows=1 loops=1033)
                                                        Index Cond: (wp_web_page_sk = web_returns.wr_web_page_sk)
                                                        Heap Fetches: 1006
                          ->  Nested Loop  (cost=1977.27..1978.68 rows=36 width=64) (actual time=17.028..17.170 rows=16 loops=1)
                                ->  HashAggregate  (cost=1738.55..1738.61 rows=6 width=24) (actual time=15.684..15.685 rows=4 loops=1)
                                      Group Key: catalog_sales.cs_call_center_sk
                                      Batches: 1  Memory Usage: 24kB
                                      ->  Nested Loop  (cost=0.72..1733.97 rows=610 width=24) (actual time=0.022..11.753 rows=29702 loops=1)
                                            ->  Index Scan using i_d_date on date_dim date_dim_4  (cost=0.29..3.11 rows=31 width=8) (actual time=0.012..0.020 rows=31 loops=1)
                                                  Index Cond: ((d_date >= '1999-08-27'::date) AND (d_date <= '1999-09-26 00:00:00'::timestamp without time zone))
                                            ->  Index Scan using i_cs_sold_date_sk on catalog_sales  (cost=0.43..47.98 rows=785 width=32) (actual time=0.004..0.161 rows=958 loops=31)
                                                  Index Cond: (cs_sold_date_sk = date_dim_4.d_date_sk)
                                ->  Materialize  (cost=238.72..239.49 rows=6 width=16) (actual time=0.336..0.370 rows=4 loops=4)
                                      ->  Subquery Scan on cr  (cost=238.72..239.46 rows=6 width=16) (actual time=1.341..1.477 rows=4 loops=1)
                                            ->  GroupAggregate  (cost=238.72..239.40 rows=6 width=24) (actual time=1.340..1.476 rows=4 loops=1)
                                                  Group Key: catalog_returns.cr_call_center_sk
                                                  ->  Sort  (cost=238.72..238.87 rows=62 width=24) (actual time=1.277..1.332 rows=1420 loops=1)
                                                        Sort Key: catalog_returns.cr_call_center_sk
                                                        Sort Method: quicksort  Memory: 137kB
                                                        ->  Nested Loop  (cost=0.59..236.87 rows=62 width=24) (actual time=0.012..1.096 rows=1420 loops=1)
                                                              ->  Index Scan using i_d_date on date_dim date_dim_5  (cost=0.29..3.11 rows=31 width=8) (actual time=0.004..0.008 rows=31 loops=1)
                                                                    Index Cond: ((d_date >= '1999-08-27'::date) AND (d_date <= '1999-09-26 00:00:00'::timestamp without time zone))
                                                              ->  Index Scan using i_cr_returned_date_sk on catalog_returns  (cost=0.29..6.82 rows=72 width=32) (actual time=0.002..0.027 rows=46 loops=31)
                                                                    Index Cond: (cr_returned_date_sk = date_dim_5.d_date_sk)
     channel     | id |       sales        |      returns       |       profit        
-----------------+----+--------------------+--------------------+---------------------
 catalog channel |  1 | 101554340.83999954 | 1873484.5999999992 |  -9896386.110000048
 catalog channel |  2 |  99236929.83999994 | 1873484.5999999992 | -11960115.149999965
 catalog channel |  4 | 100603630.32000093 | 1873484.5999999992 |  -11613658.03000003
 catalog channel |    | 265133.43999999994 | 1873484.5999999992 | -1226254.3900000001
 catalog channel |    |  301660034.4400004 |  7493938.399999996 |  -34696413.68000004
 store channel   |  1 | 18691729.459999945 | 486570.87000000046 |  -8318116.989999986
 store channel   |  2 | 16868160.219999965 |  557513.7300000002 |  -7682271.970000019
 store channel   |  4 |  18817918.72000004 |  527121.2399999998 |  -8288861.820000005
 store channel   |  7 |  17021339.99999995 |  534852.0100000001 |  -7997427.219999952
 store channel   |  8 |  18652325.00999994 |  520497.4899999998 |  -8397801.540000027
 store channel   | 10 | 17466030.300000064 |  540523.2500000001 |  -7803987.959999975
 store channel   |    | 107517503.70999992 | 3167078.5900000003 |  -48488467.49999997
 web channel     |  1 | 1136636.6000000015 |  38131.78999999999 | -166239.45000000016
 web channel     |  2 | 1337519.4999999995 |  63965.07999999999 | -283726.27000000014
 web channel     |  4 | 1362164.9199999997 |           28821.76 | -225397.63000000035
 web channel     |  7 | 1488364.0000000012 |  33818.13999999999 |  -41640.59999999996
 web channel     |  8 | 1374704.1099999982 | 42914.689999999995 | -153103.88000000006
 web channel     | 10 |  1322862.900000001 |           58672.38 |  -237534.6699999999
 web channel     | 13 | 1133999.7200000004 |           18377.28 | -222924.29000000007
 web channel     | 14 | 1260513.7699999998 | 40825.380000000005 |          -177124.75
 web channel     | 16 | 1283120.5399999998 |           65221.78 | -206858.39999999988
 web channel     | 19 | 1266829.6700000006 | 31560.349999999995 | -204104.62999999998
 web channel     | 20 | 1284158.1499999987 | 32533.050000000003 |  -138331.4699999999
 web channel     | 22 | 1255728.4599999995 |  48976.44000000001 |          -148839.18
 web channel     | 25 | 1298839.4599999995 |  37365.47999999999 | -142117.92000000004
 web channel     | 26 | 1441302.1299999994 |           39859.22 | -113258.32999999997
 web channel     | 28 | 1396975.3300000012 |  61707.26000000004 |          -248090.54
 web channel     | 31 | 1340285.7899999998 | 41744.159999999996 | -127074.08999999997
 web channel     | 32 | 1216110.8599999999 |           19270.88 | -214486.77000000002
 web channel     | 34 | 1276493.1600000006 | 41881.630000000005 | -128624.93000000002
 web channel     | 37 | 1351204.7499999974 |           38315.85 |          -138712.75
 web channel     | 38 | 1272054.4900000005 | 64179.219999999994 |          -173709.14
 web channel     | 40 |         1382819.51 |  43756.18000000001 |          -141154.86
 web channel     | 43 | 1355156.7099999993 |  42937.30999999999 |  -113257.2800000001
 web channel     | 44 | 1223351.4399999992 |  49333.83999999999 | -182327.79999999996
 web channel     | 46 | 1459112.2500000002 |           37598.87 | -106951.35000000006
 web channel     | 49 | 1332250.5799999994 |  43176.51000000001 | -131009.04999999994
 web channel     | 50 | 1237293.3800000008 | 50658.810000000005 |  -240633.1599999999
 web channel     | 52 |  1347835.800000001 |           40602.99 |           -99543.32
 web channel     | 55 |         1267091.79 | 56129.030000000006 | -172693.06000000006
 web channel     | 56 |  1374481.270000001 | 54434.930000000015 | -119786.75999999998
 web channel     | 58 | 1283520.6000000017 |           23414.91 | -188252.24999999983
 web channel     |    |        39362781.64 | 1290185.1999999997 |         -4987508.58
                 |    |  448540319.7900003 | 11951202.189999998 |        -88172389.76
(44 rows)

UPDATE time_statistics SET e_time = TRANSACTION_TIMESTAMP() WHERE template = '../query_postgresql/query77.tpl' AND stream = 7;
psql:/tmp/s1-basline/throughput/query_7.sql:4259: NOTICE:  duration: 0.091 ms  plan:
Query Text: UPDATE time_statistics SET e_time = TRANSACTION_TIMESTAMP() WHERE template = '../query_postgresql/query77.tpl' AND stream = 7;
Update on time_statistics  (cost=0.00..20.59 rows=0 width=0) (actual time=0.090..0.091 rows=0 loops=1)
  ->  Seq Scan on time_statistics  (cost=0.00..20.59 rows=1 width=14) (actual time=0.078..0.079 rows=1 loops=1)
        Filter: ((template = '../query_postgresql/query77.tpl'::text) AND (stream = 7))
        Rows Removed by Filter: 677
UPDATE 1
LOAD 'auto_explain'; SET auto_explain.log_min_duration TO 0; SET auto_explain.log_analyze TO on; SET auto_explain.log_level TO notice; INSERT INTO time_statistics (template, s_time, stream, query, seed) VALUES ('query15.tpl', TRANSACTION_TIMESTAMP(), 7, 83, 1906603550);
LOAD
SET
SET
SET
psql:/tmp/s1-basline/throughput/query_7.sql:4260: NOTICE:  duration: 0.008 ms  plan:
Query Text: INSERT INTO time_statistics (template, s_time, stream, query, seed) VALUES ('query15.tpl', TRANSACTION_TIMESTAMP(), 7, 83, 1906603550);
Insert on time_statistics  (cost=0.00..0.01 rows=0 width=0) (actual time=0.008..0.008 rows=0 loops=1)
  ->  Result  (cost=0.00..0.01 rows=1 width=64) (actual time=0.001..0.001 rows=1 loops=1)
INSERT 0 1
select  ca_zip
       ,sum(cs_sales_price)
 from catalog_sales
     ,customer
     ,customer_address
     ,date_dim
 where cs_bill_customer_sk = c_customer_sk
 	and c_current_addr_sk = ca_address_sk 
 	and ( substr(ca_zip,1,5) in ('85669', '86197','88274','83405','86475',
                                   '85392', '85460', '80348', '81792')
 	      or ca_state in ('CA','WA','GA')
 	      or cs_sales_price > 500)
 	and cs_sold_date_sk = d_date_sk
 	and d_qoy = 2 and d_year = 1998
 group by ca_zip
 order by ca_zip
 limit 100;
psql:/tmp/s1-basline/throughput/query_7.sql:4277: NOTICE:  duration: 153.384 ms  plan:
Query Text: select  ca_zip
       ,sum(cs_sales_price)
 from catalog_sales
     ,customer
     ,customer_address
     ,date_dim
 where cs_bill_customer_sk = c_customer_sk
 	and c_current_addr_sk = ca_address_sk 
 	and ( substr(ca_zip,1,5) in ('85669', '86197','88274','83405','86475',
                                   '85392', '85460', '80348', '81792')
 	      or ca_state in ('CA','WA','GA')
 	      or cs_sales_price > 500)
 	and cs_sold_date_sk = d_date_sk
 	and d_qoy = 2 and d_year = 1998
 group by ca_zip
 order by ca_zip
 limit 100;
Limit  (cost=8649.01..8650.76 rows=100 width=19) (actual time=153.047..153.353 rows=100 loops=1)
  ->  GroupAggregate  (cost=8649.01..8652.74 rows=213 width=19) (actual time=153.046..153.346 rows=100 loops=1)
        Group Key: customer_address.ca_zip
        ->  Sort  (cost=8649.01..8649.54 rows=213 width=19) (actual time=153.037..153.104 rows=1758 loops=1)
              Sort Key: customer_address.ca_zip
              Sort Method: quicksort  Memory: 303kB
              ->  Nested Loop  (cost=1.03..8640.77 rows=213 width=19) (actual time=5.101..151.085 rows=3315 loops=1)
                    Join Filter: ((substr((customer_address.ca_zip)::text, 1, 5) = ANY ('{85669,86197,88274,83405,86475,85392,85460,80348,81792}'::text[])) OR (customer_address.ca_state = ANY ('{CA,WA,GA}'::bpchar[])) OR (catalog_sales.cs_sales_price > '500'::double precision))
                    Rows Removed by Join Filter: 37124
                    ->  Nested Loop  (cost=0.72..8028.68 rows=1760 width=16) (actual time=4.350..79.554 rows=40439 loops=1)
                          ->  Nested Loop  (cost=0.43..7475.39 rows=1770 width=16) (actual time=4.346..26.274 rows=40537 loops=1)
                                ->  Seq Scan on date_dim  (cost=0.00..2500.73 rows=90 width=8) (actual time=4.336..9.387 rows=91 loops=1)
                                      Filter: ((d_qoy = 2) AND (d_year = 1998))
                                      Rows Removed by Filter: 72958
                                ->  Index Scan using i_cs_sold_date_sk on catalog_sales  (cost=0.43..47.42 rows=785 width=24) (actual time=0.003..0.105 rows=445 loops=91)
                                      Index Cond: (cs_sold_date_sk = date_dim.d_date_sk)
                          ->  Index Scan using pk_customer on customer  (cost=0.29..0.31 rows=1 width=16) (actual time=0.001..0.001 rows=1 loops=40537)
                                Index Cond: (c_customer_sk = catalog_sales.cs_bill_customer_sk)
                    ->  Index Scan using pk_customer_address on customer_address  (cost=0.29..0.32 rows=1 width=22) (actual time=0.001..0.001 rows=1 loops=40439)
                          Index Cond: (ca_address_sk = customer.c_current_addr_sk)
   ca_zip   |        sum         
------------+--------------------
 30059      |  792.3399999999999
 30069      |             949.11
 30150      | 1892.5900000000006
 30162      |  987.7199999999998
 30169      |             877.32
 30191      |             766.51
 30344      | 1386.6499999999996
 30369      |             295.72
 30411      | 1584.6000000000001
 30499      | 1607.5000000000005
 30534      |            2094.09
 30587      |            2414.19
 30618      |  670.0899999999999
 31087      |             812.24
 31209      | 341.17999999999995
 31289      | 2227.1500000000005
 31387      | 1166.1800000000003
 31521      | 1073.9700000000003
 31675      |  711.0200000000001
 31711      |              735.1
 31749      |             397.01
 31757      |            1133.16
 31854      |             520.78
 31904      |              351.2
 31933      | 1318.5399999999997
 32105      |             307.23
 32293      |             383.32
 32477      |             784.74
 32621      |  577.1700000000001
 32808      |             713.95
 32812      |              702.3
 32898      |  616.5400000000001
 33003      |             190.95
 33394      |             219.51
 33451      |             231.74
 33511      | 1649.0199999999995
 33604      |  482.0300000000001
 33683      |            1082.26
 33951      | 2686.5000000000005
 34098      |             544.76
 34107      |  2429.389999999999
 34136      | 1022.3100000000001
 34244      | 1493.6399999999999
 34273      | 313.68999999999994
 34289      |  628.6899999999999
 34338      | 1817.2699999999995
 34466      |             822.03
 34536      |             527.15
 34593      |            1140.86
 34752      |  728.4500000000002
 34854      |             283.59
 34975      | 337.79999999999995
 35038      |              768.9
 35281      |             456.75
 35464      | 375.11000000000007
 35623      | 372.69000000000005
 35709      |  821.1500000000001
 35752      | 1837.6899999999996
 35798      |             364.07
 35804      | 2009.6699999999998
 35945      | 152.60999999999999
 36000      |             334.73
 36060      | 1019.9199999999998
 36098      | 1295.8399999999997
 36192      | 508.66999999999996
 36277      |             394.51
 36534      |             942.68
 36549      |             272.31
 36557      |             524.52
 36614      |  905.1900000000002
 36668      |  666.8699999999999
 36787      |            1628.81
 36867      |             1092.7
 36871      |  902.7900000000002
 36893      |             329.95
 37021      |  560.7099999999999
 37057      |  562.5799999999999
 37609      |             235.99
 37683      |             364.96
 37752      |             317.58
 37838      |             235.27
 38014      | 1269.8300000000002
 38048      | 493.59000000000003
 38054      |             824.87
 38059      | 1006.9499999999997
 38222      |            1261.12
 38252      | 1844.5499999999997
 38354      | 1289.7600000000002
 38370      |            1200.23
 38371      | 2937.0299999999997
 38482      |             744.27
 38579      | 1391.7099999999998
 38605      |             297.76
 38721      |  803.9200000000001
 38784      | 274.62000000000006
 38828      |            1250.38
 38877      |             188.53
 38883      |             1285.8
 39003      |             913.12
 39101      |  895.4300000000001
(100 rows)

UPDATE time_statistics SET e_time = TRANSACTION_TIMESTAMP() WHERE template = 'query15.tpl' AND stream = 7;
psql:/tmp/s1-basline/throughput/query_7.sql:4279: NOTICE:  duration: 0.101 ms  plan:
Query Text: UPDATE time_statistics SET e_time = TRANSACTION_TIMESTAMP() WHERE template = 'query15.tpl' AND stream = 7;
Update on time_statistics  (cost=0.00..20.59 rows=0 width=0) (actual time=0.101..0.101 rows=0 loops=1)
  ->  Seq Scan on time_statistics  (cost=0.00..20.59 rows=1 width=14) (actual time=0.086..0.086 rows=1 loops=1)
        Filter: ((template = 'query15.tpl'::text) AND (stream = 7))
        Rows Removed by Filter: 678
UPDATE 1
LOAD 'auto_explain'; SET auto_explain.log_min_duration TO 0; SET auto_explain.log_analyze TO on; SET auto_explain.log_level TO notice; INSERT INTO time_statistics (template, s_time, stream, query, seed) VALUES ('query88.tpl', TRANSACTION_TIMESTAMP(), 7, 84, 607580696);
LOAD
SET
SET
SET
psql:/tmp/s1-basline/throughput/query_7.sql:4280: NOTICE:  duration: 0.008 ms  plan:
Query Text: INSERT INTO time_statistics (template, s_time, stream, query, seed) VALUES ('query88.tpl', TRANSACTION_TIMESTAMP(), 7, 84, 607580696);
Insert on time_statistics  (cost=0.00..0.01 rows=0 width=0) (actual time=0.008..0.008 rows=0 loops=1)
  ->  Result  (cost=0.00..0.01 rows=1 width=64) (actual time=0.001..0.001 rows=1 loops=1)
INSERT 0 1
select  *
from
 (select count(*) h8_30_to_9
 from store_sales, household_demographics , time_dim, store
 where ss_sold_time_sk = time_dim.t_time_sk   
     and ss_hdemo_sk = household_demographics.hd_demo_sk 
     and ss_store_sk = s_store_sk
     and time_dim.t_hour = 8
     and time_dim.t_minute >= 30
     and ((household_demographics.hd_dep_count = 3 and household_demographics.hd_vehicle_count<=3+2) or
          (household_demographics.hd_dep_count = 0 and household_demographics.hd_vehicle_count<=0+2) or
          (household_demographics.hd_dep_count = -1 and household_demographics.hd_vehicle_count<=-1+2)) 
     and store.s_store_name = 'ese') s1,
 (select count(*) h9_to_9_30 
 from store_sales, household_demographics , time_dim, store
 where ss_sold_time_sk = time_dim.t_time_sk
     and ss_hdemo_sk = household_demographics.hd_demo_sk
     and ss_store_sk = s_store_sk 
     and time_dim.t_hour = 9 
     and time_dim.t_minute < 30
     and ((household_demographics.hd_dep_count = 3 and household_demographics.hd_vehicle_count<=3+2) or
          (household_demographics.hd_dep_count = 0 and household_demographics.hd_vehicle_count<=0+2) or
          (household_demographics.hd_dep_count = -1 and household_demographics.hd_vehicle_count<=-1+2))
     and store.s_store_name = 'ese') s2,
 (select count(*) h9_30_to_10 
 from store_sales, household_demographics , time_dim, store
 where ss_sold_time_sk = time_dim.t_time_sk
     and ss_hdemo_sk = household_demographics.hd_demo_sk
     and ss_store_sk = s_store_sk
     and time_dim.t_hour = 9
     and time_dim.t_minute >= 30
     and ((household_demographics.hd_dep_count = 3 and household_demographics.hd_vehicle_count<=3+2) or
          (household_demographics.hd_dep_count = 0 and household_demographics.hd_vehicle_count<=0+2) or
          (household_demographics.hd_dep_count = -1 and household_demographics.hd_vehicle_count<=-1+2))
     and store.s_store_name = 'ese') s3,
 (select count(*) h10_to_10_30
 from store_sales, household_demographics , time_dim, store
 where ss_sold_time_sk = time_dim.t_time_sk
     and ss_hdemo_sk = household_demographics.hd_demo_sk
     and ss_store_sk = s_store_sk
     and time_dim.t_hour = 10 
     and time_dim.t_minute < 30
     and ((household_demographics.hd_dep_count = 3 and household_demographics.hd_vehicle_count<=3+2) or
          (household_demographics.hd_dep_count = 0 and household_demographics.hd_vehicle_count<=0+2) or
          (household_demographics.hd_dep_count = -1 and household_demographics.hd_vehicle_count<=-1+2))
     and store.s_store_name = 'ese') s4,
 (select count(*) h10_30_to_11
 from store_sales, household_demographics , time_dim, store
 where ss_sold_time_sk = time_dim.t_time_sk
     and ss_hdemo_sk = household_demographics.hd_demo_sk
     and ss_store_sk = s_store_sk
     and time_dim.t_hour = 10 
     and time_dim.t_minute >= 30
     and ((household_demographics.hd_dep_count = 3 and household_demographics.hd_vehicle_count<=3+2) or
          (household_demographics.hd_dep_count = 0 and household_demographics.hd_vehicle_count<=0+2) or
          (household_demographics.hd_dep_count = -1 and household_demographics.hd_vehicle_count<=-1+2))
     and store.s_store_name = 'ese') s5,
 (select count(*) h11_to_11_30
 from store_sales, household_demographics , time_dim, store
 where ss_sold_time_sk = time_dim.t_time_sk
     and ss_hdemo_sk = household_demographics.hd_demo_sk
     and ss_store_sk = s_store_sk 
     and time_dim.t_hour = 11
     and time_dim.t_minute < 30
     and ((household_demographics.hd_dep_count = 3 and household_demographics.hd_vehicle_count<=3+2) or
          (household_demographics.hd_dep_count = 0 and household_demographics.hd_vehicle_count<=0+2) or
          (household_demographics.hd_dep_count = -1 and household_demographics.hd_vehicle_count<=-1+2))
     and store.s_store_name = 'ese') s6,
 (select count(*) h11_30_to_12
 from store_sales, household_demographics , time_dim, store
 where ss_sold_time_sk = time_dim.t_time_sk
     and ss_hdemo_sk = household_demographics.hd_demo_sk
     and ss_store_sk = s_store_sk
     and time_dim.t_hour = 11
     and time_dim.t_minute >= 30
     and ((household_demographics.hd_dep_count = 3 and household_demographics.hd_vehicle_count<=3+2) or
          (household_demographics.hd_dep_count = 0 and household_demographics.hd_vehicle_count<=0+2) or
          (household_demographics.hd_dep_count = -1 and household_demographics.hd_vehicle_count<=-1+2))
     and store.s_store_name = 'ese') s7,
 (select count(*) h12_to_12_30
 from store_sales, household_demographics , time_dim, store
 where ss_sold_time_sk = time_dim.t_time_sk
     and ss_hdemo_sk = household_demographics.hd_demo_sk
     and ss_store_sk = s_store_sk
     and time_dim.t_hour = 12
     and time_dim.t_minute < 30
     and ((household_demographics.hd_dep_count = 3 and household_demographics.hd_vehicle_count<=3+2) or
          (household_demographics.hd_dep_count = 0 and household_demographics.hd_vehicle_count<=0+2) or
          (household_demographics.hd_dep_count = -1 and household_demographics.hd_vehicle_count<=-1+2))
     and store.s_store_name = 'ese') s8
;
psql:/tmp/s1-basline/throughput/query_7.sql:4371: NOTICE:  duration: 2086.611 ms  plan:
Query Text: select  *
from
 (select count(*) h8_30_to_9
 from store_sales, household_demographics , time_dim, store
 where ss_sold_time_sk = time_dim.t_time_sk   
     and ss_hdemo_sk = household_demographics.hd_demo_sk 
     and ss_store_sk = s_store_sk
     and time_dim.t_hour = 8
     and time_dim.t_minute >= 30
     and ((household_demographics.hd_dep_count = 3 and household_demographics.hd_vehicle_count<=3+2) or
          (household_demographics.hd_dep_count = 0 and household_demographics.hd_vehicle_count<=0+2) or
          (household_demographics.hd_dep_count = -1 and household_demographics.hd_vehicle_count<=-1+2)) 
     and store.s_store_name = 'ese') s1,
 (select count(*) h9_to_9_30 
 from store_sales, household_demographics , time_dim, store
 where ss_sold_time_sk = time_dim.t_time_sk
     and ss_hdemo_sk = household_demographics.hd_demo_sk
     and ss_store_sk = s_store_sk 
     and time_dim.t_hour = 9 
     and time_dim.t_minute < 30
     and ((household_demographics.hd_dep_count = 3 and household_demographics.hd_vehicle_count<=3+2) or
          (household_demographics.hd_dep_count = 0 and household_demographics.hd_vehicle_count<=0+2) or
          (household_demographics.hd_dep_count = -1 and household_demographics.hd_vehicle_count<=-1+2))
     and store.s_store_name = 'ese') s2,
 (select count(*) h9_30_to_10 
 from store_sales, household_demographics , time_dim, store
 where ss_sold_time_sk = time_dim.t_time_sk
     and ss_hdemo_sk = household_demographics.hd_demo_sk
     and ss_store_sk = s_store_sk
     and time_dim.t_hour = 9
     and time_dim.t_minute >= 30
     and ((household_demographics.hd_dep_count = 3 and household_demographics.hd_vehicle_count<=3+2) or
          (household_demographics.hd_dep_count = 0 and household_demographics.hd_vehicle_count<=0+2) or
          (household_demographics.hd_dep_count = -1 and household_demographics.hd_vehicle_count<=-1+2))
     and store.s_store_name = 'ese') s3,
 (select count(*) h10_to_10_30
 from store_sales, household_demographics , time_dim, store
 where ss_sold_time_sk = time_dim.t_time_sk
     and ss_hdemo_sk = household_demographics.hd_demo_sk
     and ss_store_sk = s_store_sk
     and time_dim.t_hour = 10 
     and time_dim.t_minute < 30
     and ((household_demographics.hd_dep_count = 3 and household_demographics.hd_vehicle_count<=3+2) or
          (household_demographics.hd_dep_count = 0 and household_demographics.hd_vehicle_count<=0+2) or
          (household_demographics.hd_dep_count = -1 and household_demographics.hd_vehicle_count<=-1+2))
     and store.s_store_name = 'ese') s4,
 (select count(*) h10_30_to_11
 from store_sales, household_demographics , time_dim, store
 where ss_sold_time_sk = time_dim.t_time_sk
     and ss_hdemo_sk = household_demographics.hd_demo_sk
     and ss_store_sk = s_store_sk
     and time_dim.t_hour = 10 
     and time_dim.t_minute >= 30
     and ((household_demographics.hd_dep_count = 3 and household_demographics.hd_vehicle_count<=3+2) or
          (household_demographics.hd_dep_count = 0 and household_demographics.hd_vehicle_count<=0+2) or
          (household_demographics.hd_dep_count = -1 and household_demographics.hd_vehicle_count<=-1+2))
     and store.s_store_name = 'ese') s5,
 (select count(*) h11_to_11_30
 from store_sales, household_demographics , time_dim, store
 where ss_sold_time_sk = time_dim.t_time_sk
     and ss_hdemo_sk = household_demographics.hd_demo_sk
     and ss_store_sk = s_store_sk 
     and time_dim.t_hour = 11
     and time_dim.t_minute < 30
     and ((household_demographics.hd_dep_count = 3 and household_demographics.hd_vehicle_count<=3+2) or
          (household_demographics.hd_dep_count = 0 and household_demographics.hd_vehicle_count<=0+2) or
          (household_demographics.hd_dep_count = -1 and household_demographics.hd_vehicle_count<=-1+2))
     and store.s_store_name = 'ese') s6,
 (select count(*) h11_30_to_12
 from store_sales, household_demographics , time_dim, store
 where ss_sold_time_sk = time_dim.t_time_sk
     and ss_hdemo_sk = household_demographics.hd_demo_sk
     and ss_store_sk = s_store_sk
     and time_dim.t_hour = 11
     and time_dim.t_minute >= 30
     and ((household_demographics.hd_dep_count = 3 and household_demographics.hd_vehicle_count<=3+2) or
          (household_demographics.hd_dep_count = 0 and household_demographics.hd_vehicle_count<=0+2) or
          (household_demographics.hd_dep_count = -1 and household_demographics.hd_vehicle_count<=-1+2))
     and store.s_store_name = 'ese') s7,
 (select count(*) h12_to_12_30
 from store_sales, household_demographics , time_dim, store
 where ss_sold_time_sk = time_dim.t_time_sk
     and ss_hdemo_sk = household_demographics.hd_demo_sk
     and ss_store_sk = s_store_sk
     and time_dim.t_hour = 12
     and time_dim.t_minute < 30
     and ((household_demographics.hd_dep_count = 3 and household_demographics.hd_vehicle_count<=3+2) or
          (household_demographics.hd_dep_count = 0 and household_demographics.hd_vehicle_count<=0+2) or
          (household_demographics.hd_dep_count = -1 and household_demographics.hd_vehicle_count<=-1+2))
     and store.s_store_name = 'ese') s8
;
Nested Loop  (cost=742078.68..742078.91 rows=1 width=64) (actual time=2014.621..2086.601 rows=1 loops=1)
  ->  Nested Loop  (cost=649316.19..649316.39 rows=1 width=56) (actual time=1762.146..1762.717 rows=1 loops=1)
        ->  Nested Loop  (cost=556554.81..556554.98 rows=1 width=48) (actual time=1512.186..1512.680 rows=1 loops=1)
              ->  Nested Loop  (cost=463792.45..463792.59 rows=1 width=40) (actual time=1261.053..1261.473 rows=1 loops=1)
                    ->  Nested Loop  (cost=371033.70..371033.81 rows=1 width=32) (actual time=1004.438..1004.788 rows=1 loops=1)
                          ->  Nested Loop  (cost=278274.03..278274.11 rows=1 width=24) (actual time=748.033..748.311 rows=1 loops=1)
                                ->  Nested Loop  (cost=185516.44..185516.49 rows=1 width=16) (actual time=496.150..496.359 rows=1 loops=1)
                                      ->  Finalize Aggregate  (cost=92757.87..92757.88 rows=1 width=8) (actual time=244.367..244.500 rows=1 loops=1)
                                            ->  Gather  (cost=92757.65..92757.86 rows=2 width=8) (actual time=244.237..244.496 rows=3 loops=1)
                                                  Workers Planned: 2
                                                  Workers Launched: 2
                                                  ->  Partial Aggregate  (cost=91757.65..91757.66 rows=1 width=8) (actual time=239.950..239.955 rows=1 loops=3)
                                                        ->  Hash Join  (cost=3020.81..91756.93 rows=287 width=0) (actual time=20.251..239.921 rows=494 loops=3)
                                                              Hash Cond: (store_sales.ss_store_sk = store.s_store_sk)
                                                              ->  Hash Join  (cost=3019.65..91743.10 rows=3612 width=8) (actual time=16.400..239.511 rows=3089 loops=3)
                                                                    Hash Cond: (store_sales.ss_hdemo_sk = household_demographics.hd_demo_sk)
                                                                    ->  Hash Join  (cost=2765.25..91426.51 rows=23678 width=16) (actual time=12.158..236.740 rows=17681 loops=3)
                                                                          Hash Cond: (store_sales.ss_sold_time_sk = time_dim.t_time_sk)
                                                                          ->  Parallel Seq Scan on store_sales  (cost=0.00..85499.45 rows=1204445 width=24) (actual time=0.013..121.182 rows=948150 loops=3)
                                                                          ->  Hash  (cost=2743.00..2743.00 rows=1780 width=8) (actual time=11.972..11.973 rows=1800 loops=3)
                                                                                Buckets: 2048  Batches: 1  Memory Usage: 87kB
                                                                                ->  Seq Scan on time_dim  (cost=0.00..2743.00 rows=1780 width=8) (actual time=4.351..11.756 rows=1800 loops=3)
                                                                                      Filter: ((t_minute >= 30) AND (t_hour = 8))
                                                                                      Rows Removed by Filter: 84600
                                                                    ->  Hash  (cost=240.00..240.00 rows=1152 width=8) (actual time=1.244..1.245 rows=1200 loops=3)
                                                                          Buckets: 2048  Batches: 1  Memory Usage: 63kB
                                                                          ->  Seq Scan on household_demographics  (cost=0.00..240.00 rows=1152 width=8) (actual time=0.020..1.102 rows=1200 loops=3)
                                                                                Filter: (((hd_dep_count = 3) AND (hd_vehicle_count <= 5)) OR ((hd_dep_count = 0) AND (hd_vehicle_count <= 2)) OR ((hd_dep_count = '-1'::integer) AND (hd_vehicle_count <= 1)))
                                                                                Rows Removed by Filter: 6000
                                                              ->  Hash  (cost=1.15..1.15 rows=1 width=8) (actual time=0.028..0.028 rows=1 loops=3)
                                                                    Buckets: 1024  Batches: 1  Memory Usage: 9kB
                                                                    ->  Seq Scan on store  (cost=0.00..1.15 rows=1 width=8) (actual time=0.023..0.025 rows=1 loops=3)
                                                                          Filter: ((s_store_name)::text = 'ese'::text)
                                                                          Rows Removed by Filter: 11
                                      ->  Finalize Aggregate  (cost=92758.58..92758.59 rows=1 width=8) (actual time=251.779..251.853 rows=1 loops=1)
                                            ->  Gather  (cost=92758.36..92758.57 rows=2 width=8) (actual time=251.650..251.848 rows=3 loops=1)
                                                  Workers Planned: 2
                                                  Workers Launched: 2
                                                  ->  Partial Aggregate  (cost=91758.36..91758.37 rows=1 width=8) (actual time=247.520..247.524 rows=1 loops=3)
                                                        ->  Hash Join  (cost=3020.97..91757.64 rows=289 width=0) (actual time=16.876..247.472 rows=908 loops=3)
                                                              Hash Cond: (store_sales_1.ss_store_sk = store_1.s_store_sk)
                                                              ->  Hash Join  (cost=3019.81..91743.71 rows=3638 width=8) (actual time=14.240..246.859 rows=5767 loops=3)
                                                                    Hash Cond: (store_sales_1.ss_hdemo_sk = household_demographics_1.hd_demo_sk)
                                                                    ->  Hash Join  (cost=2765.41..91426.67 rows=23850 width=16) (actual time=12.631..242.666 rows=36133 loops=3)
                                                                          Hash Cond: (store_sales_1.ss_sold_time_sk = time_dim_1.t_time_sk)
                                                                          ->  Parallel Seq Scan on store_sales store_sales_1  (cost=0.00..85499.45 rows=1204445 width=24) (actual time=0.013..123.190 rows=948150 loops=3)
                                                                          ->  Hash  (cost=2743.00..2743.00 rows=1793 width=8) (actual time=12.520..12.521 rows=1800 loops=3)
                                                                                Buckets: 2048  Batches: 1  Memory Usage: 87kB
                                                                                ->  Seq Scan on time_dim time_dim_1  (cost=0.00..2743.00 rows=1793 width=8) (actual time=4.800..12.310 rows=1800 loops=3)
                                                                                      Filter: ((t_minute < 30) AND (t_hour = 9))
                                                                                      Rows Removed by Filter: 84600
                                                                    ->  Hash  (cost=240.00..240.00 rows=1152 width=8) (actual time=1.274..1.275 rows=1200 loops=3)
                                                                          Buckets: 2048  Batches: 1  Memory Usage: 63kB
                                                                          ->  Seq Scan on household_demographics household_demographics_1  (cost=0.00..240.00 rows=1152 width=8) (actual time=0.021..1.135 rows=1200 loops=3)
                                                                                Filter: (((hd_dep_count = 3) AND (hd_vehicle_count <= 5)) OR ((hd_dep_count = 0) AND (hd_vehicle_count <= 2)) OR ((hd_dep_count = '-1'::integer) AND (hd_vehicle_count <= 1)))
                                                                                Rows Removed by Filter: 6000
                                                              ->  Hash  (cost=1.15..1.15 rows=1 width=8) (actual time=0.031..0.032 rows=1 loops=3)
                                                                    Buckets: 1024  Batches: 1  Memory Usage: 9kB
                                                                    ->  Seq Scan on store store_1  (cost=0.00..1.15 rows=1 width=8) (actual time=0.026..0.028 rows=1 loops=3)
                                                                          Filter: ((s_store_name)::text = 'ese'::text)
                                                                          Rows Removed by Filter: 11
                                ->  Finalize Aggregate  (cost=92757.59..92757.60 rows=1 width=8) (actual time=251.878..251.947 rows=1 loops=1)
                                      ->  Gather  (cost=92757.37..92757.58 rows=2 width=8) (actual time=251.749..251.943 rows=3 loops=1)
                                            Workers Planned: 2
                                            Workers Launched: 2
                                            ->  Partial Aggregate  (cost=91757.37..91757.38 rows=1 width=8) (actual time=247.346..247.350 rows=1 loops=3)
                                                  ->  Hash Join  (cost=3020.75..91756.66 rows=286 width=0) (actual time=21.286..247.290 rows=1033 loops=3)
                                                        Hash Cond: (store_sales_2.ss_store_sk = store_2.s_store_sk)
                                                        ->  Hash Join  (cost=3019.59..91742.86 rows=3602 width=8) (actual time=13.917..246.645 rows=6148 loops=3)
                                                              Hash Cond: (store_sales_2.ss_hdemo_sk = household_demographics_2.hd_demo_sk)
                                                              ->  Hash Join  (cost=2765.19..91426.45 rows=23611 width=16) (actual time=12.142..242.392 rows=36569 loops=3)
                                                                    Hash Cond: (store_sales_2.ss_sold_time_sk = time_dim_2.t_time_sk)
                                                                    ->  Parallel Seq Scan on store_sales store_sales_2  (cost=0.00..85499.45 rows=1204445 width=24) (actual time=0.015..123.658 rows=948150 loops=3)
                                                                    ->  Hash  (cost=2743.00..2743.00 rows=1775 width=8) (actual time=12.083..12.084 rows=1800 loops=3)
                                                                          Buckets: 2048  Batches: 1  Memory Usage: 87kB
                                                                          ->  Seq Scan on time_dim time_dim_2  (cost=0.00..2743.00 rows=1775 width=8) (actual time=4.916..11.869 rows=1800 loops=3)
                                                                                Filter: ((t_minute >= 30) AND (t_hour = 9))
                                                                                Rows Removed by Filter: 84600
                                                              ->  Hash  (cost=240.00..240.00 rows=1152 width=8) (actual time=1.263..1.263 rows=1200 loops=3)
                                                                    Buckets: 2048  Batches: 1  Memory Usage: 63kB
                                                                    ->  Seq Scan on household_demographics household_demographics_2  (cost=0.00..240.00 rows=1152 width=8) (actual time=0.022..1.118 rows=1200 loops=3)
                                                                          Filter: (((hd_dep_count = 3) AND (hd_vehicle_count <= 5)) OR ((hd_dep_count = 0) AND (hd_vehicle_count <= 2)) OR ((hd_dep_count = '-1'::integer) AND (hd_vehicle_count <= 1)))
                                                                          Rows Removed by Filter: 6000
                                                        ->  Hash  (cost=1.15..1.15 rows=1 width=8) (actual time=0.029..0.029 rows=1 loops=3)
                                                              Buckets: 1024  Batches: 1  Memory Usage: 9kB
                                                              ->  Seq Scan on store store_2  (cost=0.00..1.15 rows=1 width=8) (actual time=0.024..0.026 rows=1 loops=3)
                                                                    Filter: ((s_store_name)::text = 'ese'::text)
                                                                    Rows Removed by Filter: 11
                          ->  Finalize Aggregate  (cost=92759.67..92759.68 rows=1 width=8) (actual time=256.402..256.473 rows=1 loops=1)
                                ->  Gather  (cost=92759.46..92759.67 rows=2 width=8) (actual time=256.271..256.469 rows=3 loops=1)
                                      Workers Planned: 2
                                      Workers Launched: 2
                                      ->  Partial Aggregate  (cost=91759.46..91759.47 rows=1 width=8) (actual time=251.957..251.961 rows=1 loops=3)
                                            ->  Hash Join  (cost=3021.22..91758.73 rows=292 width=0) (actual time=16.091..251.881 rows=1450 loops=3)
                                                  Hash Cond: (store_sales_3.ss_store_sk = store_3.s_store_sk)
                                                  ->  Hash Join  (cost=3020.06..91744.66 rows=3679 width=8) (actual time=14.119..251.024 rows=9096 loops=3)
                                                        Hash Cond: (store_sales_3.ss_hdemo_sk = household_demographics_3.hd_demo_sk)
                                                        ->  Hash Join  (cost=2765.66..91426.92 rows=24116 width=16) (actual time=12.537..245.451 rows=53710 loops=3)
                                                              Hash Cond: (store_sales_3.ss_sold_time_sk = time_dim_3.t_time_sk)
                                                              ->  Parallel Seq Scan on store_sales store_sales_3  (cost=0.00..85499.45 rows=1204445 width=24) (actual time=0.013..123.656 rows=948150 loops=3)
                                                              ->  Hash  (cost=2743.00..2743.00 rows=1813 width=8) (actual time=12.486..12.487 rows=1800 loops=3)
                                                                    Buckets: 2048  Batches: 1  Memory Usage: 87kB
                                                                    ->  Seq Scan on time_dim time_dim_3  (cost=0.00..2743.00 rows=1813 width=8) (actual time=5.394..12.272 rows=1800 loops=3)
                                                                          Filter: ((t_minute < 30) AND (t_hour = 10))
                                                                          Rows Removed by Filter: 84600
                                                        ->  Hash  (cost=240.00..240.00 rows=1152 width=8) (actual time=1.293..1.294 rows=1200 loops=3)
                                                              Buckets: 2048  Batches: 1  Memory Usage: 63kB
                                                              ->  Seq Scan on household_demographics household_demographics_3  (cost=0.00..240.00 rows=1152 width=8) (actual time=0.023..1.149 rows=1200 loops=3)
                                                                    Filter: (((hd_dep_count = 3) AND (hd_vehicle_count <= 5)) OR ((hd_dep_count = 0) AND (hd_vehicle_count <= 2)) OR ((hd_dep_count = '-1'::integer) AND (hd_vehicle_count <= 1)))
                                                                    Rows Removed by Filter: 6000
                                                  ->  Hash  (cost=1.15..1.15 rows=1 width=8) (actual time=0.031..0.031 rows=1 loops=3)
                                                        Buckets: 1024  Batches: 1  Memory Usage: 9kB
                                                        ->  Seq Scan on store store_3  (cost=0.00..1.15 rows=1 width=8) (actual time=0.026..0.028 rows=1 loops=3)
                                                              Filter: ((s_store_name)::text = 'ese'::text)
                                                              Rows Removed by Filter: 11
                    ->  Finalize Aggregate  (cost=92758.75..92758.76 rows=1 width=8) (actual time=256.612..256.680 rows=1 loops=1)
                          ->  Gather  (cost=92758.53..92758.74 rows=2 width=8) (actual time=256.482..256.676 rows=3 loops=1)
                                Workers Planned: 2
                                Workers Launched: 2
                                ->  Partial Aggregate  (cost=91758.53..91758.54 rows=1 width=8) (actual time=251.733..251.737 rows=1 loops=3)
                                      ->  Hash Join  (cost=3021.01..91757.81 rows=290 width=0) (actual time=21.659..251.655 rows=1497 loops=3)
                                            Hash Cond: (store_sales_4.ss_store_sk = store_4.s_store_sk)
                                            ->  Hash Join  (cost=3019.85..91743.85 rows=3644 width=8) (actual time=14.204..250.819 rows=8684 loops=3)
                                                  Hash Cond: (store_sales_4.ss_hdemo_sk = household_demographics_4.hd_demo_sk)
                                                  ->  Hash Join  (cost=2765.45..91426.71 rows=23890 width=16) (actual time=12.566..245.290 rows=53439 loops=3)
                                                        Hash Cond: (store_sales_4.ss_sold_time_sk = time_dim_4.t_time_sk)
                                                        ->  Parallel Seq Scan on store_sales store_sales_4  (cost=0.00..85499.45 rows=1204445 width=24) (actual time=0.013..123.924 rows=948150 loops=3)
                                                        ->  Hash  (cost=2743.00..2743.00 rows=1796 width=8) (actual time=12.488..12.488 rows=1800 loops=3)
                                                              Buckets: 2048  Batches: 1  Memory Usage: 87kB
                                                              ->  Seq Scan on time_dim time_dim_4  (cost=0.00..2743.00 rows=1796 width=8) (actual time=5.628..12.273 rows=1800 loops=3)
                                                                    Filter: ((t_minute >= 30) AND (t_hour = 10))
                                                                    Rows Removed by Filter: 84600
                                                  ->  Hash  (cost=240.00..240.00 rows=1152 width=8) (actual time=1.293..1.294 rows=1200 loops=3)
                                                        Buckets: 2048  Batches: 1  Memory Usage: 63kB
                                                        ->  Seq Scan on household_demographics household_demographics_4  (cost=0.00..240.00 rows=1152 width=8) (actual time=0.025..1.152 rows=1200 loops=3)
                                                              Filter: (((hd_dep_count = 3) AND (hd_vehicle_count <= 5)) OR ((hd_dep_count = 0) AND (hd_vehicle_count <= 2)) OR ((hd_dep_count = '-1'::integer) AND (hd_vehicle_count <= 1)))
                                                              Rows Removed by Filter: 6000
                                            ->  Hash  (cost=1.15..1.15 rows=1 width=8) (actual time=0.030..0.031 rows=1 loops=3)
                                                  Buckets: 1024  Batches: 1  Memory Usage: 9kB
                                                  ->  Seq Scan on store store_4  (cost=0.00..1.15 rows=1 width=8) (actual time=0.026..0.027 rows=1 loops=3)
                                                        Filter: ((s_store_name)::text = 'ese'::text)
                                                        Rows Removed by Filter: 11
              ->  Finalize Aggregate  (cost=92762.37..92762.38 rows=1 width=8) (actual time=251.129..251.203 rows=1 loops=1)
                    ->  Gather  (cost=92762.15..92762.36 rows=2 width=8) (actual time=250.998..251.198 rows=3 loops=1)
                          Workers Planned: 2
                          Workers Launched: 2
                          ->  Partial Aggregate  (cost=91762.15..91762.16 rows=1 width=8) (actual time=246.627..246.632 rows=1 loops=3)
                                ->  Hash Join  (cost=3021.84..91761.40 rows=300 width=0) (actual time=15.014..246.585 rows=781 loops=3)
                                      Hash Cond: (store_sales_5.ss_store_sk = store_5.s_store_sk)
                                      ->  Hash Join  (cost=3020.68..91746.98 rows=3778 width=8) (actual time=14.032..246.033 rows=5051 loops=3)
                                            Hash Cond: (store_sales_5.ss_hdemo_sk = household_demographics_5.hd_demo_sk)
                                            ->  Hash Join  (cost=2766.28..91427.53 rows=24768 width=16) (actual time=12.410..242.237 rows=31048 loops=3)
                                                  Hash Cond: (store_sales_5.ss_sold_time_sk = time_dim_5.t_time_sk)
                                                  ->  Parallel Seq Scan on store_sales store_sales_5  (cost=0.00..85499.45 rows=1204445 width=24) (actual time=0.014..123.538 rows=948150 loops=3)
                                                  ->  Hash  (cost=2743.00..2743.00 rows=1862 width=8) (actual time=12.261..12.262 rows=1800 loops=3)
                                                        Buckets: 2048  Batches: 1  Memory Usage: 87kB
                                                        ->  Seq Scan on time_dim time_dim_5  (cost=0.00..2743.00 rows=1862 width=8) (actual time=5.793..12.043 rows=1800 loops=3)
                                                              Filter: ((t_minute < 30) AND (t_hour = 11))
                                                              Rows Removed by Filter: 84600
                                            ->  Hash  (cost=240.00..240.00 rows=1152 width=8) (actual time=1.266..1.267 rows=1200 loops=3)
                                                  Buckets: 2048  Batches: 1  Memory Usage: 63kB
                                                  ->  Seq Scan on household_demographics household_demographics_5  (cost=0.00..240.00 rows=1152 width=8) (actual time=0.021..1.123 rows=1200 loops=3)
                                                        Filter: (((hd_dep_count = 3) AND (hd_vehicle_count <= 5)) OR ((hd_dep_count = 0) AND (hd_vehicle_count <= 2)) OR ((hd_dep_count = '-1'::integer) AND (hd_vehicle_count <= 1)))
                                                        Rows Removed by Filter: 6000
                                      ->  Hash  (cost=1.15..1.15 rows=1 width=8) (actual time=0.029..0.030 rows=1 loops=3)
                                            Buckets: 1024  Batches: 1  Memory Usage: 9kB
                                            ->  Seq Scan on store store_5  (cost=0.00..1.15 rows=1 width=8) (actual time=0.024..0.026 rows=1 loops=3)
                                                  Filter: ((s_store_name)::text = 'ese'::text)
                                                  Rows Removed by Filter: 11
        ->  Finalize Aggregate  (cost=92761.38..92761.39 rows=1 width=8) (actual time=249.956..250.032 rows=1 loops=1)
              ->  Gather  (cost=92761.16..92761.37 rows=2 width=8) (actual time=249.826..250.027 rows=3 loops=1)
                    Workers Planned: 2
                    Workers Launched: 2
                    ->  Partial Aggregate  (cost=91761.16..91761.17 rows=1 width=8) (actual time=245.407..245.411 rows=1 loops=3)
                          ->  Hash Join  (cost=3021.61..91760.42 rows=298 width=0) (actual time=18.885..245.365 rows=754 loops=3)
                                Hash Cond: (store_sales_6.ss_store_sk = store_6.s_store_sk)
                                ->  Hash Join  (cost=3020.45..91746.13 rows=3742 width=8) (actual time=13.587..244.816 rows=4906 loops=3)
                                      Hash Cond: (store_sales_6.ss_hdemo_sk = household_demographics_6.hd_demo_sk)
                                      ->  Hash Join  (cost=2766.05..91427.31 rows=24529 width=16) (actual time=12.160..241.031 rows=31069 loops=3)
                                            Hash Cond: (store_sales_6.ss_sold_time_sk = time_dim_6.t_time_sk)
                                            ->  Parallel Seq Scan on store_sales store_sales_6  (cost=0.00..85499.45 rows=1204445 width=24) (actual time=0.014..123.270 rows=948150 loops=3)
                                            ->  Hash  (cost=2743.00..2743.00 rows=1844 width=8) (actual time=12.078..12.079 rows=1800 loops=3)
                                                  Buckets: 2048  Batches: 1  Memory Usage: 87kB
                                                  ->  Seq Scan on time_dim time_dim_6  (cost=0.00..2743.00 rows=1844 width=8) (actual time=5.867..11.862 rows=1800 loops=3)
                                                        Filter: ((t_minute >= 30) AND (t_hour = 11))
                                                        Rows Removed by Filter: 84600
                                      ->  Hash  (cost=240.00..240.00 rows=1152 width=8) (actual time=1.261..1.262 rows=1200 loops=3)
                                            Buckets: 2048  Batches: 1  Memory Usage: 63kB
                                            ->  Seq Scan on household_demographics household_demographics_6  (cost=0.00..240.00 rows=1152 width=8) (actual time=0.022..1.118 rows=1200 loops=3)
                                                  Filter: (((hd_dep_count = 3) AND (hd_vehicle_count <= 5)) OR ((hd_dep_count = 0) AND (hd_vehicle_count <= 2)) OR ((hd_dep_count = '-1'::integer) AND (hd_vehicle_count <= 1)))
                                                  Rows Removed by Filter: 6000
                                ->  Hash  (cost=1.15..1.15 rows=1 width=8) (actual time=0.030..0.031 rows=1 loops=3)
                                      Buckets: 1024  Batches: 1  Memory Usage: 9kB
                                      ->  Seq Scan on store store_6  (cost=0.00..1.15 rows=1 width=8) (actual time=0.025..0.027 rows=1 loops=3)
                                            Filter: ((s_store_name)::text = 'ese'::text)
                                            Rows Removed by Filter: 11
  ->  Finalize Aggregate  (cost=92762.48..92762.49 rows=1 width=8) (actual time=252.471..323.880 rows=1 loops=1)
        ->  Gather  (cost=92762.27..92762.48 rows=2 width=8) (actual time=252.334..323.875 rows=3 loops=1)
              Workers Planned: 2
              Workers Launched: 2
              ->  Partial Aggregate  (cost=91762.27..91762.28 rows=1 width=8) (actual time=247.764..247.767 rows=1 loops=3)
                    ->  Hash Join  (cost=3021.86..91761.52 rows=300 width=0) (actual time=21.539..247.711 rows=990 loops=3)
                          Hash Cond: (store_sales_7.ss_store_sk = store_7.s_store_sk)
                          ->  Hash Join  (cost=3020.70..91747.08 rows=3782 width=8) (actual time=14.617..247.079 rows=5918 loops=3)
                                Hash Cond: (store_sales_7.ss_hdemo_sk = household_demographics_7.hd_demo_sk)
                                ->  Hash Join  (cost=2766.30..91427.56 rows=24795 width=16) (actual time=12.892..242.866 rows=35961 loops=3)
                                      Hash Cond: (store_sales_7.ss_sold_time_sk = time_dim_7.t_time_sk)
                                      ->  Parallel Seq Scan on store_sales store_sales_7  (cost=0.00..85499.45 rows=1204445 width=24) (actual time=0.013..123.075 rows=948150 loops=3)
                                      ->  Hash  (cost=2743.00..2743.00 rows=1864 width=8) (actual time=12.827..12.827 rows=1800 loops=3)
                                            Buckets: 2048  Batches: 1  Memory Usage: 87kB
                                            ->  Seq Scan on time_dim time_dim_7  (cost=0.00..2743.00 rows=1864 width=8) (actual time=6.546..12.603 rows=1800 loops=3)
                                                  Filter: ((t_minute < 30) AND (t_hour = 12))
                                                  Rows Removed by Filter: 84600
                                ->  Hash  (cost=240.00..240.00 rows=1152 width=8) (actual time=1.309..1.309 rows=1200 loops=3)
                                      Buckets: 2048  Batches: 1  Memory Usage: 63kB
                                      ->  Seq Scan on household_demographics household_demographics_7  (cost=0.00..240.00 rows=1152 width=8) (actual time=0.021..1.163 rows=1200 loops=3)
                                            Filter: (((hd_dep_count = 3) AND (hd_vehicle_count <= 5)) OR ((hd_dep_count = 0) AND (hd_vehicle_count <= 2)) OR ((hd_dep_count = '-1'::integer) AND (hd_vehicle_count <= 1)))
                                            Rows Removed by Filter: 6000
                          ->  Hash  (cost=1.15..1.15 rows=1 width=8) (actual time=0.030..0.031 rows=1 loops=3)
                                Buckets: 1024  Batches: 1  Memory Usage: 9kB
                                ->  Seq Scan on store store_7  (cost=0.00..1.15 rows=1 width=8) (actual time=0.026..0.027 rows=1 loops=3)
                                      Filter: ((s_store_name)::text = 'ese'::text)
                                      Rows Removed by Filter: 11
 h8_30_to_9 | h9_to_9_30 | h9_30_to_10 | h10_to_10_30 | h10_30_to_11 | h11_to_11_30 | h11_30_to_12 | h12_to_12_30 
------------+------------+-------------+--------------+--------------+--------------+--------------+--------------
       1482 |       2725 |        3099 |         4351 |         4492 |         2342 |         2261 |         2971
(1 row)

UPDATE time_statistics SET e_time = TRANSACTION_TIMESTAMP() WHERE template = 'query88.tpl' AND stream = 7;
psql:/tmp/s1-basline/throughput/query_7.sql:4373: NOTICE:  duration: 0.102 ms  plan:
Query Text: UPDATE time_statistics SET e_time = TRANSACTION_TIMESTAMP() WHERE template = 'query88.tpl' AND stream = 7;
Update on time_statistics  (cost=0.00..20.59 rows=0 width=0) (actual time=0.102..0.102 rows=0 loops=1)
  ->  Seq Scan on time_statistics  (cost=0.00..20.59 rows=1 width=14) (actual time=0.087..0.087 rows=1 loops=1)
        Filter: ((template = 'query88.tpl'::text) AND (stream = 7))
        Rows Removed by Filter: 679
UPDATE 1
LOAD 'auto_explain'; SET auto_explain.log_min_duration TO 0; SET auto_explain.log_analyze TO on; SET auto_explain.log_level TO notice; INSERT INTO time_statistics (template, s_time, stream, query, seed) VALUES ('query65.tpl', TRANSACTION_TIMESTAMP(), 7, 85, 324016187);
LOAD
SET
SET
SET
psql:/tmp/s1-basline/throughput/query_7.sql:4374: NOTICE:  duration: 0.008 ms  plan:
Query Text: INSERT INTO time_statistics (template, s_time, stream, query, seed) VALUES ('query65.tpl', TRANSACTION_TIMESTAMP(), 7, 85, 324016187);
Insert on time_statistics  (cost=0.00..0.01 rows=0 width=0) (actual time=0.007..0.007 rows=0 loops=1)
  ->  Result  (cost=0.00..0.01 rows=1 width=64) (actual time=0.001..0.001 rows=1 loops=1)
INSERT 0 1
select 
	s_store_name,
	i_item_desc,
	sc.revenue,
	i_current_price,
	i_wholesale_cost,
	i_brand
 from store, item,
     (select ss_store_sk, avg(revenue) as ave
 	from
 	    (select  ss_store_sk, ss_item_sk, 
 		     sum(ss_sales_price) as revenue
 		from store_sales, date_dim
 		where ss_sold_date_sk = d_date_sk and d_month_seq between 1188 and 1188+11
 		group by ss_store_sk, ss_item_sk) sa
 	group by ss_store_sk) sb,
     (select  ss_store_sk, ss_item_sk, sum(ss_sales_price) as revenue
 	from store_sales, date_dim
 	where ss_sold_date_sk = d_date_sk and d_month_seq between 1188 and 1188+11
 	group by ss_store_sk, ss_item_sk) sc
 where sb.ss_store_sk = sc.ss_store_sk and 
       sc.revenue <= 0.1 * sb.ave and
       s_store_sk = sc.ss_store_sk and
       i_item_sk = sc.ss_item_sk
 order by s_store_name, i_item_desc
limit 100;
psql:/tmp/s1-basline/throughput/query_7.sql:4400: NOTICE:  duration: 1046.132 ms  plan:
Query Text: select 
	s_store_name,
	i_item_desc,
	sc.revenue,
	i_current_price,
	i_wholesale_cost,
	i_brand
 from store, item,
     (select ss_store_sk, avg(revenue) as ave
 	from
 	    (select  ss_store_sk, ss_item_sk, 
 		     sum(ss_sales_price) as revenue
 		from store_sales, date_dim
 		where ss_sold_date_sk = d_date_sk and d_month_seq between 1188 and 1188+11
 		group by ss_store_sk, ss_item_sk) sa
 	group by ss_store_sk) sb,
     (select  ss_store_sk, ss_item_sk, sum(ss_sales_price) as revenue
 	from store_sales, date_dim
 	where ss_sold_date_sk = d_date_sk and d_month_seq between 1188 and 1188+11
 	group by ss_store_sk, ss_item_sk) sc
 where sb.ss_store_sk = sc.ss_store_sk and 
       sc.revenue <= 0.1 * sb.ave and
       s_store_sk = sc.ss_store_sk and
       i_item_sk = sc.ss_item_sk
 order by s_store_name, i_item_desc
limit 100;
Limit  (cost=188922.86..188923.11 rows=100 width=182) (actual time=969.277..1046.044 rows=100 loops=1)
  ->  Sort  (cost=188922.86..188923.55 rows=277 width=182) (actual time=969.276..1046.036 rows=100 loops=1)
        Sort Key: store.s_store_name, item.i_item_desc
        Sort Method: quicksort  Memory: 65kB
        ->  Nested Loop  (cost=185055.10..188912.28 rows=277 width=182) (actual time=797.198..1045.889 rows=134 loops=1)
              ->  Merge Join  (cost=185054.81..188799.10 rows=277 width=21) (actual time=797.172..1045.401 rows=134 loops=1)
                    Merge Cond: (store_sales.ss_store_sk = store_sales_1.ss_store_sk)
                    Join Filter: ((sum(store_sales.ss_sales_price)) <= ('0.1'::double precision * (avg((sum(store_sales_1.ss_sales_price))))))
                    Rows Removed by Join Filter: 53865
                    ->  Finalize GroupAggregate  (cost=92526.74..94197.73 rows=13837 width=24) (actual time=381.288..549.708 rows=54000 loops=1)
                          Group Key: store_sales.ss_store_sk, store_sales.ss_item_sk
                          ->  Gather Merge  (cost=92526.74..93972.89 rows=11530 width=24) (actual time=381.282..527.945 rows=155815 loops=1)
                                Workers Planned: 2
                                Workers Launched: 2
                                ->  Partial GroupAggregate  (cost=91526.72..91642.02 rows=5765 width=24) (actual time=356.086..402.380 rows=53064 loops=3)
                                      Group Key: store_sales.ss_store_sk, store_sales.ss_item_sk
                                      ->  Sort  (cost=91526.72..91541.13 rows=5765 width=24) (actual time=356.077..370.423 rows=178016 loops=3)
                                            Sort Key: store_sales.ss_store_sk, store_sales.ss_item_sk
                                            Sort Method: external merge  Disk: 6352kB
                                            Worker 0:  Sort Method: quicksort  Memory: 15399kB
                                            Worker 1:  Sort Method: quicksort  Memory: 15328kB
                                            ->  Hash Join  (cost=2505.31..91166.60 rows=5765 width=24) (actual time=13.368..259.013 rows=180942 loops=3)
                                                  Hash Cond: (store_sales.ss_sold_date_sk = date_dim.d_date_sk)
                                                  ->  Parallel Seq Scan on store_sales  (cost=0.00..85499.45 rows=1204445 width=32) (actual time=0.015..125.768 rows=948150 loops=3)
                                                  ->  Hash  (cost=2500.73..2500.73 rows=366 width=8) (actual time=13.304..13.305 rows=365 loops=3)
                                                        Buckets: 1024  Batches: 1  Memory Usage: 23kB
                                                        ->  Seq Scan on date_dim  (cost=0.00..2500.73 rows=366 width=8) (actual time=6.245..13.259 rows=365 loops=3)
                                                              Filter: ((d_month_seq >= 1188) AND (d_month_seq <= 1199))
                                                              Rows Removed by Filter: 72684
                    ->  Materialize  (cost=92528.07..94411.83 rows=12 width=29) (actual time=399.765..486.625 rows=45000 loops=1)
                          ->  Merge Join  (cost=92528.07..94411.80 rows=12 width=29) (actual time=399.762..484.670 rows=6 loops=1)
                                Merge Cond: (store.s_store_sk = store_sales_1.ss_store_sk)
                                ->  Sort  (cost=1.34..1.37 rows=12 width=13) (actual time=0.020..0.021 rows=11 loops=1)
                                      Sort Key: store.s_store_sk
                                      Sort Method: quicksort  Memory: 25kB
                                      ->  Seq Scan on store  (cost=0.00..1.12 rows=12 width=13) (actual time=0.009..0.011 rows=12 loops=1)
                                ->  GroupAggregate  (cost=92526.74..94407.79 rows=200 width=16) (actual time=399.739..484.641 rows=7 loops=1)
                                      Group Key: store_sales_1.ss_store_sk
                                      ->  Finalize GroupAggregate  (cost=92526.74..94197.73 rows=13837 width=24) (actual time=383.648..479.036 rows=60888 loops=1)
                                            Group Key: store_sales_1.ss_store_sk, store_sales_1.ss_item_sk
                                            ->  Gather Merge  (cost=92526.74..93972.89 rows=11530 width=24) (actual time=383.642..455.523 rows=166151 loops=1)
                                                  Workers Planned: 2
                                                  Workers Launched: 2
                                                  ->  Partial GroupAggregate  (cost=91526.72..91642.02 rows=5765 width=24) (actual time=360.066..404.350 rows=55384 loops=3)
                                                        Group Key: store_sales_1.ss_store_sk, store_sales_1.ss_item_sk
                                                        ->  Sort  (cost=91526.72..91541.13 rows=5765 width=24) (actual time=360.056..371.901 rows=180942 loops=3)
                                                              Sort Key: store_sales_1.ss_store_sk, store_sales_1.ss_item_sk
                                                              Sort Method: external merge  Disk: 6312kB
                                                              Worker 0:  Sort Method: quicksort  Memory: 15496kB
                                                              Worker 1:  Sort Method: quicksort  Memory: 15304kB
                                                              ->  Hash Join  (cost=2505.31..91166.60 rows=5765 width=24) (actual time=13.340..260.314 rows=180942 loops=3)
                                                                    Hash Cond: (store_sales_1.ss_sold_date_sk = date_dim_1.d_date_sk)
                                                                    ->  Parallel Seq Scan on store_sales store_sales_1  (cost=0.00..85499.45 rows=1204445 width=32) (actual time=0.015..125.779 rows=948150 loops=3)
                                                                    ->  Hash  (cost=2500.73..2500.73 rows=366 width=8) (actual time=13.273..13.275 rows=365 loops=3)
                                                                          Buckets: 1024  Batches: 1  Memory Usage: 23kB
                                                                          ->  Seq Scan on date_dim date_dim_1  (cost=0.00..2500.73 rows=366 width=8) (actual time=6.273..13.227 rows=365 loops=3)
                                                                                Filter: ((d_month_seq >= 1188) AND (d_month_seq <= 1199))
                                                                                Rows Removed by Filter: 72684
              ->  Index Scan using pk_item on item  (cost=0.29..0.41 rows=1 width=177) (actual time=0.003..0.003 rows=1 loops=134)
                    Index Cond: (i_item_sk = store_sales.ss_item_sk)
 s_store_name |                                                                                              i_item_desc                                                                                               |      revenue       | i_current_price | i_wholesale_cost |                      i_brand                       
--------------+--------------------------------------------------------------------------------------------------------------------------------------------------------------------------------------------------------+--------------------+-----------------+------------------+----------------------------------------------------
 able         | Actually red others can neg                                                                                                                                                                            |              17.29 |            0.78 |             0.46 | importoexporti #1                                 
 able         | Areas would say more bad offenders. New images ought to hear. Anything but minor interests can bear unfortunately across a organizations;                                                              |              24.82 |            4.38 |             3.81 | importomaxi #2                                    
 able         | Best stupid systems offer just other games. Different projects must think at the lines; dist                                                                                                           | 22.950000000000003 |            1.21 |             1.04 | edu packmaxi #2                                   
 able         | C                                                                                                                                                                                                      | 15.309999999999999 |            4.68 |             2.76 | brandnameless #9                                  
 able         | Cases might cause. Lengths would not fill no                                                                                                                                                           |              32.75 |             8.7 |             4.61 | edu packimporto #2                                
 able         | Clearly major jobs might not consi                                                                                                                                                                     | 24.299999999999997 |            5.97 |             3.22 | scholarunivamalg #11                              
 able         | Crops may not return quite young, difficult requests; systems must bring again specific, constant conditions. Aloft foreign things should not feel thus.                                               |              35.55 |             4.2 |             1.68 | importobrand #9                                   
 able         | Daily colleagues could cut too old cells; games would move painfully from a criteria. Classic interests involve only popular institutions. Formal, logical students cannot tell through the moth       |              12.39 |            3.93 |              3.1 | corpamalgamalg #4                                 
 able         | Fathers can think from a units. Topics fight long popular members. Quite expected critics might squeeze; only social types used to treat. Machines ought to offer quite so severe principles. Movement | 27.650000000000002 |            1.86 |             1.46 | edu packexporti #1                                
 able         | Funny, minor cities address. Public,                                                                                                                                                                   |               24.3 |            0.44 |             0.23 | edu packamalgamalg #4                             
 able         | Head, rich detai                                                                                                                                                                                       |              35.69 |            3.08 |             2.34 | corpbrand #7                                      
 able         | Individual teeth may issue always tenan                                                                                                                                                                |              21.63 |            5.28 |             1.74 | amalgbrand #2                                     
 able         | Large things tell just hard customers. Now                                                                                                                                                             |              34.16 |            4.08 |             1.87 | amalgexporti #1                                   
 able         | Major, regional songs assume. Useful, still consequences co-operate very domestic shares; satisfied hands take narrow keys. Additional, s                                                              |              31.72 |            2.14 |             1.69 | amalgscholar #2                                   
 able         | New prices trap linguistic, domestic students. Soon critical conclusions should capture really sweet clients. Personal practitioners draw shortly at a characteristics. Moments might k                |              35.61 |            7.92 |             3.24 | importoimporto #1                                 
 able         | New, tall relatives will not say chairs. Difficult, open friends may concentrate other areas; considerations used to hold ever. Friends might play simply different,                                   |              22.26 |            0.99 |             0.85 | corpmaxi #3                                       
 able         | Now local units produce much figures. Members justify african, public images. Whole differences ought to fall hard columns. Professional, international visitors impede                                |              36.18 |            9.08 |             2.81 | importoexporti #1                                 
 able         | Old industries used                                                                                                                                                                                    |              23.64 |            0.46 |             0.25 | amalgimporto #2                                   
 able         | Particular, marine companies achieve still against the users. Parents ought to give previously selective, compulsory incomes; direct, past bombs exist also productive ani                             |              20.04 |           43.02 |            23.23 | amalgamalg #1                                     
 able         | Reasonable boots cannot start possibly basic floors. Other, good suppliers must mean instead. Alone, little                                                                                            |              29.04 |            2.77 |              1.8 | importoamalg #2                                   
 able         | Recent copies ought to conform over alone aspects. Again                                                                                                                                               |              27.71 |            2.13 |             1.12 | edu packimporto #1                                
 able         | Rules return as interesting weeks. More detailed premises could state always still, politic                                                                                                            |              16.07 |            7.07 |             3.46 | scholarmaxi #2                                    
 able         | Separate, fresh figures mean there about social devices; regulations might not send in the parties. Literary resources will know new guards; definitions could say open by a levels. There cheap ga    |              34.37 |            6.71 |             4.89 | namelessunivamalg #15                             
 able         | Single months constitute thirdly. Financial, major wars could study sudden millions. Home annual materials come single, modest members. Female, specific shows perpetuate members. Long,               |              20.15 |             2.2 |             1.56 | edu packmaxi #8                                   
 able         | Still, able others might not kill. Patients feel g                                                                                                                                                     |              15.86 |           13.43 |            11.68 | exportiedu pack #1                                
 able         | Too like children must not see due organisers; nationwide competiti                                                                                                                                    | 31.560000000000002 |           86.77 |            48.59 | univunivamalg #2                                  
 able         | Very final problems make suddenly for the meals. Prime, modern incomes shall not wriggle also through a forests; designs may cal                                                                       |               19.9 |            8.62 |             6.12 | importoscholar #1                                 
 able         | Walls cut always to a years; problems ought to help. Courses forget so. Papers must find traditions. Other, easy cities                                                                                | 21.389999999999997 |           50.45 |            28.25 | importoimporto #1                                 
 ation        | Alone, main cars used to give most; afraid quantities reply here futures. Various, lonely parts ca                                                                                                     | 29.169999999999998 |            2.48 |             1.16 | maxicorp #2                                       
 ation        | Assistant features light double, green owners. Interesting lips practice clear methods. National                                                                                                       |              34.96 |            5.57 |             2.95 | importoamalg #1                                   
 ation        | Difficult parts understand just usual, essential drawings. Good, social details must assess on a ministers. Designs might turn suddenly eventually labour players. Certain hours may rev               | 28.229999999999997 |            2.98 |              1.6 | amalgnameless #1                                  
 ation        | Efforts grasp financial, narrow pages. Examples assu                                                                                                                                                   |  8.969999999999999 |            4.68 |             3.88 | edu packunivamalg #7                              
 ation        | Free patie                                                                                                                                                                                             | 29.160000000000004 |            5.45 |             4.85 | scholarmaxi #2                                    
 ation        | Goods meet evenings. National habits change more. Naval, additional acts could work solely; exactly poor m                                                                                             |               5.38 |            1.65 |             0.62 | edu packunivamalg #1                              
 ation        | Interested, upper products should not menti                                                                                                                                                            | 31.689999999999998 |            83.4 |            30.02 | amalgimporto #2                                   
 ation        | Later british ingredients pass even. Little steps will not tell far women. Good memories match so angry, initial potatoes. Members own welcome, significant figures. Children should not achiev        |              15.43 |            1.61 |             1.38 | importoedu pack #2                                
 ation        | Medical magazines control now simply proud activities; in particular sharp computers refuse please. Soviet                                                                                             |               3.72 |            2.36 |             1.39 | amalgamalg #1                                     
 ation        | Of course tiny conservatives can tackle conflicts. Other lives stumble long inadequate hands. Italian, individual parents delight solar, known workers. Directions talk there safe wave                | 28.060000000000002 |            1.11 |             0.68 | amalgexporti #2                                   
 ation        | Periods make more simple users. Then social objectives might take in the shoes. Hearts know adequat                                                                                                    |              26.75 |            4.25 |             2.25 | exportibrand #5                                   
 ation        | Problems will help still simple, religious industries. Extended gi                                                                                                                                     | 26.279999999999998 |            5.38 |             1.72 | scholarbrand #2                                   
 ation        | Royal machines stay late lip                                                                                                                                                                           | 33.019999999999996 |            2.76 |             2.12 | univunivamalg #3                                  
 ation        | Simply true governors may reach pink, important weaknesses. Front, funny imports project superb, developing measures. Wet germans ensure.                                                              |              34.11 |            8.32 |             6.15 | univunivamalg #8                                  
 ation        | Specific, local visitors refuse significantly good measurements. Fundamental, crucial defences like in order firms. Other, little de                                                                   |              29.36 |            3.53 |             1.58 | edu packmaxi #4                                   
 ation        | Still british knees ought to come much among a sources. Silver charges would not grow years. Small, other things may not attack for a drinks. N                                                        |              11.57 |            0.51 |             0.34 | maxinameless #5                                   
 ation        | Systems may beat perfectly scientific details. Quite active friends should follow nominally good, other differences; common government                                                                 |              10.57 |            4.49 |             3.63 | exportiunivamalg #5                               
 ation        | Then conscious states must indicate for example movements. Exactly present buses cann                                                                                                                  |              29.14 |             4.4 |             1.71 | univmaxi #10                                      
 ation        | Variou                                                                                                                                                                                                 |              34.71 |               2 |             0.96 | edu packimporto #1                                
 ation        | Weakly historical sheets should reach usually for the resources. Teams sign at least distinguished, weak courses; clients co                                                                           |               27.1 |            6.89 |             6.13 | amalgscholar #1                                   
 bar          | About successful charges like as certain effects. Agreements read coherent, commercial frames. Public accounts remember by a responses. High boards experiment moreover way                            |              19.66 |            2.81 |             2.21 | edu packscholar #1                                
 bar          | Brief patients provide at a powers. Reasonably advisory targets shall contribute very good, past polici                                                                                                | 29.410000000000004 |            5.49 |              2.3 | amalgedu pack #2                                  
 bar          | British houses may develop extreme circumstances; pictures tell in a negotiations; actually grand kind                                                                                                 |              18.57 |            8.98 |             5.02 | scholarcorp #8                                    
 bar          | Companies inspect parents; very final ties preserve to a chips. Voices would oblige to a issues; international, new children should think far male schools. Likely,                                    |               17.7 |            3.62 |             1.48 | exportimaxi #8                                    
 bar          | Consequences may give successfully early patients. Precise, certain tonnes discuss mostly at                                                                                                           |              23.92 |            4.49 |             4.04 | corpnameless #9                                   
 bar          | Consequences used to find neither more suitable streets. Ol                                                                                                                                            |              25.63 |            4.09 |             1.59 | exportiunivamalg #17                              
 bar          | Efforts see here good details. Chairs run too in a tons; great, alone measures can vanish already much red r                                                                                           |              32.33 |            4.08 |             1.63 | exportiimporto #1                                 
 bar          | Farms can say in order; popul                                                                                                                                                                          |              28.28 |            3.75 |             1.91 | univnameless #5                                   
 bar          | Free, available relationships keep ever as a ju                                                                                                                                                        | 33.620000000000005 |            1.08 |             0.44 | edu packamalg #2                                  
 bar          | Great, pol                                                                                                                                                                                             |               3.83 |            8.41 |             7.14 | importomaxi #5                                    
 bar          | Individual, true courses want public kinds. Stars could know. Judges happen; necessary columns ought to happen ago                                                                                     |              22.73 |            4.01 |             1.96 | exportiexporti #2                                 
 bar          | More legal studies waste with a benefits. Even slow girls                                                                                                                                              |              27.27 |            4.76 |             3.52 | amalgimporto #1                                   
 bar          | New sources cost low materials. Provinces keep from a views; pink, national hills see now usually unlikely images. Strong,                                                                             |               7.37 |           64.29 |            27.64 | amalgamalg #2                                     
 bar          | Only desi                                                                                                                                                                                              |              35.69 |            5.66 |             1.98 | maxibrand #9                                      
 bar          | Perhaps thin eyes know by far centuries. Men shoul                                                                                                                                                     |              35.07 |            4.96 |             3.76 | importobrand #1                                   
 bar          | Real, english workers should imagine pri                                                                                                                                                               |              23.33 |            7.28 |             5.09 | exportimaxi #2                                    
 bar          | Rough, different school                                                                                                                                                                                |              19.19 |            5.63 |             2.58 | exportiamalgamalg #3                              
 bar          | Short es                                                                                                                                                                                               |              14.76 |            5.79 |             4.74 | edu packnameless #7                               
 bar          | Statistical teachers know long other meetings. Final, major police may extract generally for a carers. Often s                                                                                         | 30.419999999999998 |            7.69 |             3.99 | amalgedu pack #2                                  
 bar          | Strong merchants behave relations. Machines could not withdraw. Moments want constantly industries. Literally caref                                                                                    | 13.129999999999999 |            6.56 |             2.55 | brandunivamalg #13                                
 bar          | Thin eyes make. Ways ought to combat. Articles see as smal                                                                                                                                             |               13.8 |            8.87 |             5.05 | exportimaxi #6                                    
 bar          | Tomorrow good eyes stray as on a problems. Blind clients shall stay presen                                                                                                                             |              13.39 |            3.56 |             1.78 | importoedu pack #1                                
 bar          | Unknown, following losses can suffer general models. As existing others move yet really rigid e                                                                                                        |              30.31 |            0.68 |             0.44 | amalgbrand #1                                     
 bar          | Western weeks give really about a computers. Always different schools would                                                                                                                            |               4.44 |           22.43 |            17.27 | edu packedu pack #1                               
 bar          | Wide organic calculations could not th                                                                                                                                                                 |              31.18 |            5.02 |             2.71 | edu packimporto #2                                
 bar          | Workers used to start now parents. Subjects may aid however women. Worthwhile, stati                                                                                                                   | 34.550000000000004 |            9.82 |             3.53 | importomaxi #3                                    
 eing         | Active, black months lay reasons. Top, alternative men overcome on a indicators. Elsewhere interested divisions leave. Social, european decades pray. Inherent, easy words ought to assume go          |              30.39 |            0.81 |             0.31 | importonameless #4                                
 eing         | Environmentally tory years ought to introduce high individuals. Yesterday strong miles will not go conceivably no doubt other ideas. Boys will not let fin                                             |              33.92 |            0.72 |             0.52 | scholarunivamalg #11                              
 eing         | Goals would repor                                                                                                                                                                                      |              30.14 |             6.9 |             5.38 | exportiamalg #1                                   
 eing         | Good, indivi                                                                                                                                                                                           |              30.87 |            7.84 |             2.43 | corpunivamalg #2                                  
 eing         | Home sharp payments locate otherwise also modest cattle. Important, cruel players tempt trees. Further red years walk current clients. More old re                                                     |              23.31 |            9.49 |             5.78 | edu packnameless #1                               
 eing         | Most different leaders know there after a scenes. Numerous, different groups allow only white records. Brief worlds marry. Most extensive types want                                                   |              12.17 |            4.36 |             3.53 | exportinameless #4                                
 eing         | New girls place only available strangers. Towns may not placate in a years. Other, asleep individuals disclose as routine legs. Inc patterns must not kno                                              |              15.05 |            7.01 |             2.52 | scholarcorp #3                                    
 eing         | Orthodox adults will occur however grounds; frequent boards help sacred, initial days. Big, social interests could not fly vital response                                                              | 31.310000000000002 |            6.28 |             3.76 | univamalgamalg #14                                
 eing         | Owners shall not handle items. Players become. Invariably back persons wou                                                                                                                             | 30.009999999999998 |             4.2 |             2.56 | amalgunivamalg #5                                 
 eing         | Parties should not find in a birds. Industrial feet call also happy others; plants lie                                                                                                                 |              29.06 |            6.77 |             3.24 | edu packbrand #1                                  
 eing         | Private words can provide red, old                                                                                                                                                                     | 35.440000000000005 |            8.04 |              4.9 | amalgamalg #2                                     
 eing         | Programmes used to say much. Black, substantial facts would communicate; right essential samples shall blow yet ltd. hours. Programs used to decide years. Considerable, gener                         |              27.73 |            9.09 |             3.18 | edu packunivamalg #11                             
 eing         | Sensitive, easy pupils might not look exactly millions. Most other thoughts ought to help. Foreign, right streets ought to fly however d                                                               |              26.64 |            1.65 |             0.79 | exportibrand #5                                   
 eing         | Substantially able programmes provide black, busy numbers. Swiss, public attempts go earlier obviously royal hands. Decisions ought to decide more clinically certai                                   |              14.38 |             7.9 |             5.53 | exportiamalg #1                                   
 eing         | Things depend little                                                                                                                                                                                   |              32.78 |            2.84 |             2.24 | scholarnameless #3                                
 eing         | Worlds assist eyes. Domestic divisions suggest really on the services. High, medical years distinguish hard professional banks. Men take                                                               |              34.22 |            0.13 |             0.08 | corpbrand #4                                      
 ese          | Attractive words succeed international, absent shows. Nuclear, northern houses set. Fingers support at last european, free leaves. Pools greet transactions. G                                         |              34.34 |            9.22 |             3.22 | edu packnameless #3                               
 ese          | Bad, english molecules shall not hear also decisive, base services. German, white processe                                                                                                             | 31.710000000000004 |            9.53 |             7.33 | maxinameless #4                                   
 ese          | Big, big objectives provide generally liberal claim                                                                                                                                                    |              25.81 |            9.56 |             3.91 | namelessunivamalg #5                              
 ese          | Causes prejudice. Beliefs used to go necessary products. Payable, good jobs might aid historical, great levels; raci                                                                                   |              33.71 |            0.22 |             0.16 | importoexporti #1                                 
 ese          | Common writers must not face also parts. Prices used to give either big gardens. Thereby big clothes fail genuine,                                                                                     |              31.56 |            5.01 |                2 | amalgexporti #2                                   
 ese          | Deeply healthy views could not link high clear, other years. Eyebrows encourage places. Activities blame                                                                                               |               9.09 |            0.94 |             0.31 | importobrand #5                                   
 ese          | Different, independent points will not need in a methods. Also economic advantages may not know circumstances. Short places continue widespread, right countries. Maj                                  |              36.34 |            3.13 |             2.15 | edu packamalg #2                                  
 ese          | Enough spanish texts meet positively; responsible circumstances let temporarily in a groups. Options investigate studies; free, glad drugs could not quit better. Schools shall find m                 | 26.939999999999998 |            6.35 |             2.92 | edu packamalg #1                                  
 ese          | Excessive, old courts could                                                                                                                                                                            |              28.16 |            3.23 |             2.84 | exportiunivamalg #3                               
 ese          | Experien                                                                                                                                                                                               |              30.92 |            3.54 |             1.69 | importoimporto #1                                 
(100 rows)

UPDATE time_statistics SET e_time = TRANSACTION_TIMESTAMP() WHERE template = 'query65.tpl' AND stream = 7;
psql:/tmp/s1-basline/throughput/query_7.sql:4402: NOTICE:  duration: 0.104 ms  plan:
Query Text: UPDATE time_statistics SET e_time = TRANSACTION_TIMESTAMP() WHERE template = 'query65.tpl' AND stream = 7;
Update on time_statistics  (cost=0.00..20.59 rows=0 width=0) (actual time=0.103..0.103 rows=0 loops=1)
  ->  Seq Scan on time_statistics  (cost=0.00..20.59 rows=1 width=14) (actual time=0.089..0.089 rows=1 loops=1)
        Filter: ((template = 'query65.tpl'::text) AND (stream = 7))
        Rows Removed by Filter: 680
UPDATE 1
LOAD 'auto_explain'; SET auto_explain.log_min_duration TO 0; SET auto_explain.log_analyze TO on; SET auto_explain.log_level TO notice; INSERT INTO time_statistics (template, s_time, stream, query, seed) VALUES ('query59.tpl', TRANSACTION_TIMESTAMP(), 7, 86, 1869009764);
LOAD
SET
SET
SET
psql:/tmp/s1-basline/throughput/query_7.sql:4403: NOTICE:  duration: 0.008 ms  plan:
Query Text: INSERT INTO time_statistics (template, s_time, stream, query, seed) VALUES ('query59.tpl', TRANSACTION_TIMESTAMP(), 7, 86, 1869009764);
Insert on time_statistics  (cost=0.00..0.01 rows=0 width=0) (actual time=0.008..0.008 rows=0 loops=1)
  ->  Result  (cost=0.00..0.01 rows=1 width=64) (actual time=0.001..0.001 rows=1 loops=1)
INSERT 0 1
with wss as 
 (select d_week_seq,
        ss_store_sk,
        sum(case when (d_day_name='Sunday') then ss_sales_price else null end) sun_sales,
        sum(case when (d_day_name='Monday') then ss_sales_price else null end) mon_sales,
        sum(case when (d_day_name='Tuesday') then ss_sales_price else  null end) tue_sales,
        sum(case when (d_day_name='Wednesday') then ss_sales_price else null end) wed_sales,
        sum(case when (d_day_name='Thursday') then ss_sales_price else null end) thu_sales,
        sum(case when (d_day_name='Friday') then ss_sales_price else null end) fri_sales,
        sum(case when (d_day_name='Saturday') then ss_sales_price else null end) sat_sales
 from store_sales,date_dim
 where d_date_sk = ss_sold_date_sk
 group by d_week_seq,ss_store_sk
 )
  select  s_store_name1,s_store_id1,d_week_seq1
       ,sun_sales1/sun_sales2,mon_sales1/mon_sales2
       ,tue_sales1/tue_sales2,wed_sales1/wed_sales2,thu_sales1/thu_sales2
       ,fri_sales1/fri_sales2,sat_sales1/sat_sales2
 from
 (select s_store_name s_store_name1,wss.d_week_seq d_week_seq1
        ,s_store_id s_store_id1,sun_sales sun_sales1
        ,mon_sales mon_sales1,tue_sales tue_sales1
        ,wed_sales wed_sales1,thu_sales thu_sales1
        ,fri_sales fri_sales1,sat_sales sat_sales1
  from wss,store,date_dim d
  where d.d_week_seq = wss.d_week_seq and
        ss_store_sk = s_store_sk and 
        d_month_seq between 1191 and 1191 + 11) y,
 (select s_store_name s_store_name2,wss.d_week_seq d_week_seq2
        ,s_store_id s_store_id2,sun_sales sun_sales2
        ,mon_sales mon_sales2,tue_sales tue_sales2
        ,wed_sales wed_sales2,thu_sales thu_sales2
        ,fri_sales fri_sales2,sat_sales sat_sales2
  from wss,store,date_dim d
  where d.d_week_seq = wss.d_week_seq and
        ss_store_sk = s_store_sk and 
        d_month_seq between 1191+ 12 and 1191 + 23) x
 where s_store_id1=s_store_id2
   and d_week_seq1=d_week_seq2-52
 order by s_store_name1,s_store_id1,d_week_seq1
limit 100;
psql:/tmp/s1-basline/throughput/query_7.sql:4444: NOTICE:  duration: 909.062 ms  plan:
Query Text: with wss as 
 (select d_week_seq,
        ss_store_sk,
        sum(case when (d_day_name='Sunday') then ss_sales_price else null end) sun_sales,
        sum(case when (d_day_name='Monday') then ss_sales_price else null end) mon_sales,
        sum(case when (d_day_name='Tuesday') then ss_sales_price else  null end) tue_sales,
        sum(case when (d_day_name='Wednesday') then ss_sales_price else null end) wed_sales,
        sum(case when (d_day_name='Thursday') then ss_sales_price else null end) thu_sales,
        sum(case when (d_day_name='Friday') then ss_sales_price else null end) fri_sales,
        sum(case when (d_day_name='Saturday') then ss_sales_price else null end) sat_sales
 from store_sales,date_dim
 where d_date_sk = ss_sold_date_sk
 group by d_week_seq,ss_store_sk
 )
  select  s_store_name1,s_store_id1,d_week_seq1
       ,sun_sales1/sun_sales2,mon_sales1/mon_sales2
       ,tue_sales1/tue_sales2,wed_sales1/wed_sales2,thu_sales1/thu_sales2
       ,fri_sales1/fri_sales2,sat_sales1/sat_sales2
 from
 (select s_store_name s_store_name1,wss.d_week_seq d_week_seq1
        ,s_store_id s_store_id1,sun_sales sun_sales1
        ,mon_sales mon_sales1,tue_sales tue_sales1
        ,wed_sales wed_sales1,thu_sales thu_sales1
        ,fri_sales fri_sales1,sat_sales sat_sales1
  from wss,store,date_dim d
  where d.d_week_seq = wss.d_week_seq and
        ss_store_sk = s_store_sk and 
        d_month_seq between 1191 and 1191 + 11) y,
 (select s_store_name s_store_name2,wss.d_week_seq d_week_seq2
        ,s_store_id s_store_id2,sun_sales sun_sales2
        ,mon_sales mon_sales2,tue_sales tue_sales2
        ,wed_sales wed_sales2,thu_sales thu_sales2
        ,fri_sales fri_sales2,sat_sales sat_sales2
  from wss,store,date_dim d
  where d.d_week_seq = wss.d_week_seq and
        ss_store_sk = s_store_sk and 
        d_month_seq between 1191+ 12 and 1191 + 23) x
 where s_store_id1=s_store_id2
   and d_week_seq1=d_week_seq2-52
 order by s_store_name1,s_store_id1,d_week_seq1
limit 100;
Limit  (cost=163305.00..163305.01 rows=1 width=82) (actual time=908.814..908.958 rows=100 loops=1)
  CTE wss
    ->  Finalize HashAggregate  (cost=154681.46..155306.72 rows=62526 width=68) (actual time=752.047..752.899 rows=1850 loops=1)
          Group Key: date_dim.d_week_seq, store_sales.ss_store_sk
          Batches: 1  Memory Usage: 3601kB
          ->  Gather  (cost=138737.33..151867.79 rows=125052 width=68) (actual time=748.537..750.177 rows=5550 loops=1)
                Workers Planned: 2
                Workers Launched: 2
                ->  Partial HashAggregate  (cost=137737.33..138362.59 rows=62526 width=68) (actual time=743.010..743.668 rows=1850 loops=3)
                      Group Key: date_dim.d_week_seq, store_sales.ss_store_sk
                      Batches: 1  Memory Usage: 3601kB
                      Worker 0:  Batches: 1  Memory Usage: 3601kB
                      Worker 1:  Batches: 1  Memory Usage: 3601kB
                      ->  Hash Join  (cost=3048.60..91709.89 rows=1150686 width=30) (actual time=30.159..405.750 rows=904960 loops=3)
                            Hash Cond: (store_sales.ss_sold_date_sk = date_dim.d_date_sk)
                            ->  Parallel Seq Scan on store_sales  (cost=0.00..85499.45 rows=1204445 width=24) (actual time=0.015..130.492 rows=948150 loops=3)
                            ->  Hash  (cost=2135.49..2135.49 rows=73049 width=22) (actual time=29.747..29.748 rows=73049 loops=3)
                                  Buckets: 131072  Batches: 1  Memory Usage: 5019kB
                                  ->  Seq Scan on date_dim  (cost=0.00..2135.49 rows=73049 width=22) (actual time=0.022..17.593 rows=73049 loops=3)
  ->  Sort  (cost=7998.28..7998.28 rows=1 width=82) (actual time=908.814..908.820 rows=100 loops=1)
        Sort Key: store.s_store_name, store.s_store_id, wss.d_week_seq
        Sort Method: top-N heapsort  Memory: 48kB
        ->  Nested Loop  (cost=3971.32..7998.27 rows=1 width=82) (actual time=766.253..904.581 rows=15988 loops=1)
              Join Filter: (wss_1.d_week_seq = d_1.d_week_seq)
              Rows Removed by Join Filter: 826432
              ->  Seq Scan on date_dim d_1  (cost=0.00..2500.73 rows=348 width=4) (actual time=3.543..6.711 rows=365 loops=1)
                    Filter: ((d_month_seq >= 1203) AND (d_month_seq <= 1214))
                    Rows Removed by Filter: 72684
              ->  Materialize  (cost=3971.32..5450.56 rows=9 width=142) (actual time=2.090..2.178 rows=2308 loops=365)
                    ->  Hash Join  (cost=3971.32..5450.51 rows=9 width=142) (actual time=762.691..763.851 rows=2308 loops=1)
                          Hash Cond: (((wss_1.d_week_seq - 52) = d.d_week_seq) AND (store_1.s_store_id = store.s_store_id))
                          ->  Hash Join  (cost=1.27..1419.40 rows=3752 width=77) (actual time=752.088..752.594 rows=1588 loops=1)
                                Hash Cond: (wss_1.ss_store_sk = store_1.s_store_sk)
                                ->  CTE Scan on wss wss_1  (cost=0.00..1250.52 rows=62526 width=68) (actual time=752.050..752.175 rows=1850 loops=1)
                                ->  Hash  (cost=1.12..1.12 rows=12 width=25) (actual time=0.022..0.023 rows=12 loops=1)
                                      Buckets: 1024  Batches: 1  Memory Usage: 9kB
                                      ->  Seq Scan on store store_1  (cost=0.00..1.12 rows=12 width=25) (actual time=0.006..0.008 rows=12 loops=1)
                          ->  Hash  (cost=3968.11..3968.11 rows=129 width=86) (actual time=10.579..10.580 rows=2224 loops=1)
                                Buckets: 4096 (originally 1024)  Batches: 1 (originally 1)  Memory Usage: 300kB
                                ->  Hash Join  (cost=2506.48..3968.11 rows=129 width=86) (actual time=7.702..9.868 rows=2224 loops=1)
                                      Hash Cond: (wss.d_week_seq = d.d_week_seq)
                                      ->  Hash Join  (cost=1.27..1419.40 rows=3752 width=82) (actual time=0.019..1.847 rows=1588 loops=1)
                                            Hash Cond: (wss.ss_store_sk = store.s_store_sk)
                                            ->  CTE Scan on wss  (cost=0.00..1250.52 rows=62526 width=68) (actual time=0.000..1.454 rows=1850 loops=1)
                                            ->  Hash  (cost=1.12..1.12 rows=12 width=30) (actual time=0.007..0.007 rows=12 loops=1)
                                                  Buckets: 1024  Batches: 1  Memory Usage: 9kB
                                                  ->  Seq Scan on store  (cost=0.00..1.12 rows=12 width=30) (actual time=0.002..0.003 rows=12 loops=1)
                                      ->  Hash  (cost=2500.73..2500.73 rows=358 width=4) (actual time=7.671..7.672 rows=366 loops=1)
                                            Buckets: 1024  Batches: 1  Memory Usage: 21kB
                                            ->  Seq Scan on date_dim d  (cost=0.00..2500.73 rows=358 width=4) (actual time=3.489..7.620 rows=366 loops=1)
                                                  Filter: ((d_month_seq >= 1191) AND (d_month_seq <= 1202))
                                                  Rows Removed by Filter: 72683
 s_store_name1 |   s_store_id1    | d_week_seq1 |      ?column?      |      ?column?      |      ?column?      |      ?column?      |      ?column?      |      ?column?      |      ?column?      
---------------+------------------+-------------+--------------------+--------------------+--------------------+--------------------+--------------------+--------------------+--------------------
 able          | AAAAAAAACAAAAAAA |        5179 |  1.362848877043509 | 0.7786313562413364 | 1.0079504562842645 |  0.848842760737634 |  0.866165600863716 | 0.5316016542378676 | 0.9270387324417266
 able          | AAAAAAAACAAAAAAA |        5179 |  1.362848877043509 | 0.7786313562413364 | 1.0079504562842645 |  0.848842760737634 |  0.866165600863716 | 0.5316016542378676 | 0.9270387324417266
 able          | AAAAAAAACAAAAAAA |        5179 |  1.362848877043509 | 0.7786313562413364 | 1.0079504562842645 |  0.848842760737634 |  0.866165600863716 | 0.5316016542378676 | 0.9270387324417266
 able          | AAAAAAAACAAAAAAA |        5179 |  1.362848877043509 | 0.7786313562413364 | 1.0079504562842645 |  0.848842760737634 |  0.866165600863716 | 0.5316016542378676 | 0.9270387324417266
 able          | AAAAAAAACAAAAAAA |        5179 |  1.362848877043509 | 0.7786313562413364 | 1.0079504562842645 |  0.848842760737634 |  0.866165600863716 | 0.5316016542378676 | 0.9270387324417266
 able          | AAAAAAAACAAAAAAA |        5179 |  1.362848877043509 | 0.7786313562413364 | 1.0079504562842645 |  0.848842760737634 |  0.866165600863716 | 0.5316016542378676 | 0.9270387324417266
 able          | AAAAAAAACAAAAAAA |        5179 |  1.362848877043509 | 0.7786313562413364 | 1.0079504562842645 |  0.848842760737634 |  0.866165600863716 | 0.5316016542378676 | 0.9270387324417266
 able          | AAAAAAAACAAAAAAA |        5179 |  1.362848877043509 | 0.7786313562413364 | 1.0079504562842645 |  0.848842760737634 |  0.866165600863716 | 0.5316016542378676 | 0.9270387324417266
 able          | AAAAAAAACAAAAAAA |        5179 |  1.362848877043509 | 0.7786313562413364 | 1.0079504562842645 |  0.848842760737634 |  0.866165600863716 | 0.5316016542378676 | 0.9270387324417266
 able          | AAAAAAAACAAAAAAA |        5179 |  1.362848877043509 | 0.7786313562413364 | 1.0079504562842645 |  0.848842760737634 |  0.866165600863716 | 0.5316016542378676 | 0.9270387324417266
 able          | AAAAAAAACAAAAAAA |        5179 |  1.362848877043509 | 0.7786313562413364 | 1.0079504562842645 |  0.848842760737634 |  0.866165600863716 | 0.5316016542378676 | 0.9270387324417266
 able          | AAAAAAAACAAAAAAA |        5179 |  1.362848877043509 | 0.7786313562413364 | 1.0079504562842645 |  0.848842760737634 |  0.866165600863716 | 0.5316016542378676 | 0.9270387324417266
 able          | AAAAAAAACAAAAAAA |        5179 |  1.362848877043509 | 0.7786313562413364 | 1.0079504562842645 |  0.848842760737634 |  0.866165600863716 | 0.5316016542378676 | 0.9270387324417266
 able          | AAAAAAAACAAAAAAA |        5179 |  1.362848877043509 | 0.7786313562413364 | 1.0079504562842645 |  0.848842760737634 |  0.866165600863716 | 0.5316016542378676 | 0.9270387324417266
 able          | AAAAAAAACAAAAAAA |        5179 |  1.362848877043509 | 0.7786313562413364 | 1.0079504562842645 |  0.848842760737634 |  0.866165600863716 | 0.5316016542378676 | 0.9270387324417266
 able          | AAAAAAAACAAAAAAA |        5180 | 1.5757191852348544 |  0.976505382359093 |  1.182337064877459 | 1.1874163068526495 | 0.9374457926631162 |  1.201891904339485 | 0.5996873967961511
 able          | AAAAAAAACAAAAAAA |        5180 | 1.5757191852348544 |  0.976505382359093 |  1.182337064877459 | 1.1874163068526495 | 0.9374457926631162 |  1.201891904339485 | 0.5996873967961511
 able          | AAAAAAAACAAAAAAA |        5180 | 1.5757191852348544 |  0.976505382359093 |  1.182337064877459 | 1.1874163068526495 | 0.9374457926631162 |  1.201891904339485 | 0.5996873967961511
 able          | AAAAAAAACAAAAAAA |        5180 | 1.5757191852348544 |  0.976505382359093 |  1.182337064877459 | 1.1874163068526495 | 0.9374457926631162 |  1.201891904339485 | 0.5996873967961511
 able          | AAAAAAAACAAAAAAA |        5180 | 1.5757191852348544 |  0.976505382359093 |  1.182337064877459 | 1.1874163068526495 | 0.9374457926631162 |  1.201891904339485 | 0.5996873967961511
 able          | AAAAAAAACAAAAAAA |        5180 | 1.5757191852348544 |  0.976505382359093 |  1.182337064877459 | 1.1874163068526495 | 0.9374457926631162 |  1.201891904339485 | 0.5996873967961511
 able          | AAAAAAAACAAAAAAA |        5180 | 1.5757191852348544 |  0.976505382359093 |  1.182337064877459 | 1.1874163068526495 | 0.9374457926631162 |  1.201891904339485 | 0.5996873967961511
 able          | AAAAAAAACAAAAAAA |        5180 | 1.5757191852348544 |  0.976505382359093 |  1.182337064877459 | 1.1874163068526495 | 0.9374457926631162 |  1.201891904339485 | 0.5996873967961511
 able          | AAAAAAAACAAAAAAA |        5180 | 1.5757191852348544 |  0.976505382359093 |  1.182337064877459 | 1.1874163068526495 | 0.9374457926631162 |  1.201891904339485 | 0.5996873967961511
 able          | AAAAAAAACAAAAAAA |        5180 | 1.5757191852348544 |  0.976505382359093 |  1.182337064877459 | 1.1874163068526495 | 0.9374457926631162 |  1.201891904339485 | 0.5996873967961511
 able          | AAAAAAAACAAAAAAA |        5180 | 1.5757191852348544 |  0.976505382359093 |  1.182337064877459 | 1.1874163068526495 | 0.9374457926631162 |  1.201891904339485 | 0.5996873967961511
 able          | AAAAAAAACAAAAAAA |        5180 | 1.5757191852348544 |  0.976505382359093 |  1.182337064877459 | 1.1874163068526495 | 0.9374457926631162 |  1.201891904339485 | 0.5996873967961511
 able          | AAAAAAAACAAAAAAA |        5180 | 1.5757191852348544 |  0.976505382359093 |  1.182337064877459 | 1.1874163068526495 | 0.9374457926631162 |  1.201891904339485 | 0.5996873967961511
 able          | AAAAAAAACAAAAAAA |        5180 | 1.5757191852348544 |  0.976505382359093 |  1.182337064877459 | 1.1874163068526495 | 0.9374457926631162 |  1.201891904339485 | 0.5996873967961511
 able          | AAAAAAAACAAAAAAA |        5180 | 1.5757191852348544 |  0.976505382359093 |  1.182337064877459 | 1.1874163068526495 | 0.9374457926631162 |  1.201891904339485 | 0.5996873967961511
 able          | AAAAAAAACAAAAAAA |        5180 | 1.5757191852348544 |  0.976505382359093 |  1.182337064877459 | 1.1874163068526495 | 0.9374457926631162 |  1.201891904339485 | 0.5996873967961511
 able          | AAAAAAAACAAAAAAA |        5180 | 1.5757191852348544 |  0.976505382359093 |  1.182337064877459 | 1.1874163068526495 | 0.9374457926631162 |  1.201891904339485 | 0.5996873967961511
 able          | AAAAAAAACAAAAAAA |        5180 | 1.5757191852348544 |  0.976505382359093 |  1.182337064877459 | 1.1874163068526495 | 0.9374457926631162 |  1.201891904339485 | 0.5996873967961511
 able          | AAAAAAAACAAAAAAA |        5180 | 1.5757191852348544 |  0.976505382359093 |  1.182337064877459 | 1.1874163068526495 | 0.9374457926631162 |  1.201891904339485 | 0.5996873967961511
 able          | AAAAAAAACAAAAAAA |        5180 | 1.5757191852348544 |  0.976505382359093 |  1.182337064877459 | 1.1874163068526495 | 0.9374457926631162 |  1.201891904339485 | 0.5996873967961511
 able          | AAAAAAAACAAAAAAA |        5180 | 1.5757191852348544 |  0.976505382359093 |  1.182337064877459 | 1.1874163068526495 | 0.9374457926631162 |  1.201891904339485 | 0.5996873967961511
 able          | AAAAAAAACAAAAAAA |        5180 | 1.5757191852348544 |  0.976505382359093 |  1.182337064877459 | 1.1874163068526495 | 0.9374457926631162 |  1.201891904339485 | 0.5996873967961511
 able          | AAAAAAAACAAAAAAA |        5180 | 1.5757191852348544 |  0.976505382359093 |  1.182337064877459 | 1.1874163068526495 | 0.9374457926631162 |  1.201891904339485 | 0.5996873967961511
 able          | AAAAAAAACAAAAAAA |        5180 | 1.5757191852348544 |  0.976505382359093 |  1.182337064877459 | 1.1874163068526495 | 0.9374457926631162 |  1.201891904339485 | 0.5996873967961511
 able          | AAAAAAAACAAAAAAA |        5180 | 1.5757191852348544 |  0.976505382359093 |  1.182337064877459 | 1.1874163068526495 | 0.9374457926631162 |  1.201891904339485 | 0.5996873967961511
 able          | AAAAAAAACAAAAAAA |        5180 | 1.5757191852348544 |  0.976505382359093 |  1.182337064877459 | 1.1874163068526495 | 0.9374457926631162 |  1.201891904339485 | 0.5996873967961511
 able          | AAAAAAAACAAAAAAA |        5180 | 1.5757191852348544 |  0.976505382359093 |  1.182337064877459 | 1.1874163068526495 | 0.9374457926631162 |  1.201891904339485 | 0.5996873967961511
 able          | AAAAAAAACAAAAAAA |        5180 | 1.5757191852348544 |  0.976505382359093 |  1.182337064877459 | 1.1874163068526495 | 0.9374457926631162 |  1.201891904339485 | 0.5996873967961511
 able          | AAAAAAAACAAAAAAA |        5180 | 1.5757191852348544 |  0.976505382359093 |  1.182337064877459 | 1.1874163068526495 | 0.9374457926631162 |  1.201891904339485 | 0.5996873967961511
 able          | AAAAAAAACAAAAAAA |        5180 | 1.5757191852348544 |  0.976505382359093 |  1.182337064877459 | 1.1874163068526495 | 0.9374457926631162 |  1.201891904339485 | 0.5996873967961511
 able          | AAAAAAAACAAAAAAA |        5180 | 1.5757191852348544 |  0.976505382359093 |  1.182337064877459 | 1.1874163068526495 | 0.9374457926631162 |  1.201891904339485 | 0.5996873967961511
 able          | AAAAAAAACAAAAAAA |        5180 | 1.5757191852348544 |  0.976505382359093 |  1.182337064877459 | 1.1874163068526495 | 0.9374457926631162 |  1.201891904339485 | 0.5996873967961511
 able          | AAAAAAAACAAAAAAA |        5180 | 1.5757191852348544 |  0.976505382359093 |  1.182337064877459 | 1.1874163068526495 | 0.9374457926631162 |  1.201891904339485 | 0.5996873967961511
 able          | AAAAAAAACAAAAAAA |        5180 | 1.5757191852348544 |  0.976505382359093 |  1.182337064877459 | 1.1874163068526495 | 0.9374457926631162 |  1.201891904339485 | 0.5996873967961511
 able          | AAAAAAAACAAAAAAA |        5180 | 1.5757191852348544 |  0.976505382359093 |  1.182337064877459 | 1.1874163068526495 | 0.9374457926631162 |  1.201891904339485 | 0.5996873967961511
 able          | AAAAAAAACAAAAAAA |        5180 | 1.5757191852348544 |  0.976505382359093 |  1.182337064877459 | 1.1874163068526495 | 0.9374457926631162 |  1.201891904339485 | 0.5996873967961511
 able          | AAAAAAAACAAAAAAA |        5180 | 1.5757191852348544 |  0.976505382359093 |  1.182337064877459 | 1.1874163068526495 | 0.9374457926631162 |  1.201891904339485 | 0.5996873967961511
 able          | AAAAAAAACAAAAAAA |        5180 | 1.5757191852348544 |  0.976505382359093 |  1.182337064877459 | 1.1874163068526495 | 0.9374457926631162 |  1.201891904339485 | 0.5996873967961511
 able          | AAAAAAAACAAAAAAA |        5180 | 1.5757191852348544 |  0.976505382359093 |  1.182337064877459 | 1.1874163068526495 | 0.9374457926631162 |  1.201891904339485 | 0.5996873967961511
 able          | AAAAAAAACAAAAAAA |        5180 | 1.5757191852348544 |  0.976505382359093 |  1.182337064877459 | 1.1874163068526495 | 0.9374457926631162 |  1.201891904339485 | 0.5996873967961511
 able          | AAAAAAAACAAAAAAA |        5180 | 1.5757191852348544 |  0.976505382359093 |  1.182337064877459 | 1.1874163068526495 | 0.9374457926631162 |  1.201891904339485 | 0.5996873967961511
 able          | AAAAAAAACAAAAAAA |        5180 | 1.5757191852348544 |  0.976505382359093 |  1.182337064877459 | 1.1874163068526495 | 0.9374457926631162 |  1.201891904339485 | 0.5996873967961511
 able          | AAAAAAAACAAAAAAA |        5180 | 1.5757191852348544 |  0.976505382359093 |  1.182337064877459 | 1.1874163068526495 | 0.9374457926631162 |  1.201891904339485 | 0.5996873967961511
 able          | AAAAAAAACAAAAAAA |        5180 | 1.5757191852348544 |  0.976505382359093 |  1.182337064877459 | 1.1874163068526495 | 0.9374457926631162 |  1.201891904339485 | 0.5996873967961511
 able          | AAAAAAAACAAAAAAA |        5180 | 1.5757191852348544 |  0.976505382359093 |  1.182337064877459 | 1.1874163068526495 | 0.9374457926631162 |  1.201891904339485 | 0.5996873967961511
 able          | AAAAAAAACAAAAAAA |        5180 | 1.5757191852348544 |  0.976505382359093 |  1.182337064877459 | 1.1874163068526495 | 0.9374457926631162 |  1.201891904339485 | 0.5996873967961511
 able          | AAAAAAAACAAAAAAA |        5180 | 1.5757191852348544 |  0.976505382359093 |  1.182337064877459 | 1.1874163068526495 | 0.9374457926631162 |  1.201891904339485 | 0.5996873967961511
 able          | AAAAAAAACAAAAAAA |        5180 | 1.5757191852348544 |  0.976505382359093 |  1.182337064877459 | 1.1874163068526495 | 0.9374457926631162 |  1.201891904339485 | 0.5996873967961511
 able          | AAAAAAAACAAAAAAA |        5180 | 1.5757191852348544 |  0.976505382359093 |  1.182337064877459 | 1.1874163068526495 | 0.9374457926631162 |  1.201891904339485 | 0.5996873967961511
 able          | AAAAAAAACAAAAAAA |        5181 | 0.5918438039155602 | 1.2441350484208047 | 1.4825628792231582 |  1.327848710690007 | 1.6653377691869258 |   0.84099369413635 | 0.7142060730499467
 able          | AAAAAAAACAAAAAAA |        5181 | 0.5918438039155602 | 1.2441350484208047 | 1.4825628792231582 |  1.327848710690007 | 1.6653377691869258 |   0.84099369413635 | 0.7142060730499467
 able          | AAAAAAAACAAAAAAA |        5181 | 0.5918438039155602 | 1.2441350484208047 | 1.4825628792231582 |  1.327848710690007 | 1.6653377691869258 |   0.84099369413635 | 0.7142060730499467
 able          | AAAAAAAACAAAAAAA |        5181 | 0.5918438039155602 | 1.2441350484208047 | 1.4825628792231582 |  1.327848710690007 | 1.6653377691869258 |   0.84099369413635 | 0.7142060730499467
 able          | AAAAAAAACAAAAAAA |        5181 | 0.5918438039155602 | 1.2441350484208047 | 1.4825628792231582 |  1.327848710690007 | 1.6653377691869258 |   0.84099369413635 | 0.7142060730499467
 able          | AAAAAAAACAAAAAAA |        5181 | 0.5918438039155602 | 1.2441350484208047 | 1.4825628792231582 |  1.327848710690007 | 1.6653377691869258 |   0.84099369413635 | 0.7142060730499467
 able          | AAAAAAAACAAAAAAA |        5181 | 0.5918438039155602 | 1.2441350484208047 | 1.4825628792231582 |  1.327848710690007 | 1.6653377691869258 |   0.84099369413635 | 0.7142060730499467
 able          | AAAAAAAACAAAAAAA |        5181 | 0.5918438039155602 | 1.2441350484208047 | 1.4825628792231582 |  1.327848710690007 | 1.6653377691869258 |   0.84099369413635 | 0.7142060730499467
 able          | AAAAAAAACAAAAAAA |        5181 | 0.5918438039155602 | 1.2441350484208047 | 1.4825628792231582 |  1.327848710690007 | 1.6653377691869258 |   0.84099369413635 | 0.7142060730499467
 able          | AAAAAAAACAAAAAAA |        5181 | 0.5918438039155602 | 1.2441350484208047 | 1.4825628792231582 |  1.327848710690007 | 1.6653377691869258 |   0.84099369413635 | 0.7142060730499467
 able          | AAAAAAAACAAAAAAA |        5181 | 0.5918438039155602 | 1.2441350484208047 | 1.4825628792231582 |  1.327848710690007 | 1.6653377691869258 |   0.84099369413635 | 0.7142060730499467
 able          | AAAAAAAACAAAAAAA |        5181 | 0.5918438039155602 | 1.2441350484208047 | 1.4825628792231582 |  1.327848710690007 | 1.6653377691869258 |   0.84099369413635 | 0.7142060730499467
 able          | AAAAAAAACAAAAAAA |        5181 | 0.5918438039155602 | 1.2441350484208047 | 1.4825628792231582 |  1.327848710690007 | 1.6653377691869258 |   0.84099369413635 | 0.7142060730499467
 able          | AAAAAAAACAAAAAAA |        5181 | 0.5918438039155602 | 1.2441350484208047 | 1.4825628792231582 |  1.327848710690007 | 1.6653377691869258 |   0.84099369413635 | 0.7142060730499467
 able          | AAAAAAAACAAAAAAA |        5181 | 0.5918438039155602 | 1.2441350484208047 | 1.4825628792231582 |  1.327848710690007 | 1.6653377691869258 |   0.84099369413635 | 0.7142060730499467
 able          | AAAAAAAACAAAAAAA |        5181 | 0.5918438039155602 | 1.2441350484208047 | 1.4825628792231582 |  1.327848710690007 | 1.6653377691869258 |   0.84099369413635 | 0.7142060730499467
 able          | AAAAAAAACAAAAAAA |        5181 | 0.5918438039155602 | 1.2441350484208047 | 1.4825628792231582 |  1.327848710690007 | 1.6653377691869258 |   0.84099369413635 | 0.7142060730499467
 able          | AAAAAAAACAAAAAAA |        5181 | 0.5918438039155602 | 1.2441350484208047 | 1.4825628792231582 |  1.327848710690007 | 1.6653377691869258 |   0.84099369413635 | 0.7142060730499467
 able          | AAAAAAAACAAAAAAA |        5181 | 0.5918438039155602 | 1.2441350484208047 | 1.4825628792231582 |  1.327848710690007 | 1.6653377691869258 |   0.84099369413635 | 0.7142060730499467
 able          | AAAAAAAACAAAAAAA |        5181 | 0.5918438039155602 | 1.2441350484208047 | 1.4825628792231582 |  1.327848710690007 | 1.6653377691869258 |   0.84099369413635 | 0.7142060730499467
 able          | AAAAAAAACAAAAAAA |        5181 | 0.5918438039155602 | 1.2441350484208047 | 1.4825628792231582 |  1.327848710690007 | 1.6653377691869258 |   0.84099369413635 | 0.7142060730499467
 able          | AAAAAAAACAAAAAAA |        5181 | 0.5918438039155602 | 1.2441350484208047 | 1.4825628792231582 |  1.327848710690007 | 1.6653377691869258 |   0.84099369413635 | 0.7142060730499467
 able          | AAAAAAAACAAAAAAA |        5181 | 0.5918438039155602 | 1.2441350484208047 | 1.4825628792231582 |  1.327848710690007 | 1.6653377691869258 |   0.84099369413635 | 0.7142060730499467
 able          | AAAAAAAACAAAAAAA |        5181 | 0.5918438039155602 | 1.2441350484208047 | 1.4825628792231582 |  1.327848710690007 | 1.6653377691869258 |   0.84099369413635 | 0.7142060730499467
 able          | AAAAAAAACAAAAAAA |        5181 | 0.5918438039155602 | 1.2441350484208047 | 1.4825628792231582 |  1.327848710690007 | 1.6653377691869258 |   0.84099369413635 | 0.7142060730499467
 able          | AAAAAAAACAAAAAAA |        5181 | 0.5918438039155602 | 1.2441350484208047 | 1.4825628792231582 |  1.327848710690007 | 1.6653377691869258 |   0.84099369413635 | 0.7142060730499467
 able          | AAAAAAAACAAAAAAA |        5181 | 0.5918438039155602 | 1.2441350484208047 | 1.4825628792231582 |  1.327848710690007 | 1.6653377691869258 |   0.84099369413635 | 0.7142060730499467
 able          | AAAAAAAACAAAAAAA |        5181 | 0.5918438039155602 | 1.2441350484208047 | 1.4825628792231582 |  1.327848710690007 | 1.6653377691869258 |   0.84099369413635 | 0.7142060730499467
 able          | AAAAAAAACAAAAAAA |        5181 | 0.5918438039155602 | 1.2441350484208047 | 1.4825628792231582 |  1.327848710690007 | 1.6653377691869258 |   0.84099369413635 | 0.7142060730499467
 able          | AAAAAAAACAAAAAAA |        5181 | 0.5918438039155602 | 1.2441350484208047 | 1.4825628792231582 |  1.327848710690007 | 1.6653377691869258 |   0.84099369413635 | 0.7142060730499467
 able          | AAAAAAAACAAAAAAA |        5181 | 0.5918438039155602 | 1.2441350484208047 | 1.4825628792231582 |  1.327848710690007 | 1.6653377691869258 |   0.84099369413635 | 0.7142060730499467
 able          | AAAAAAAACAAAAAAA |        5181 | 0.5918438039155602 | 1.2441350484208047 | 1.4825628792231582 |  1.327848710690007 | 1.6653377691869258 |   0.84099369413635 | 0.7142060730499467
 able          | AAAAAAAACAAAAAAA |        5181 | 0.5918438039155602 | 1.2441350484208047 | 1.4825628792231582 |  1.327848710690007 | 1.6653377691869258 |   0.84099369413635 | 0.7142060730499467
 able          | AAAAAAAACAAAAAAA |        5181 | 0.5918438039155602 | 1.2441350484208047 | 1.4825628792231582 |  1.327848710690007 | 1.6653377691869258 |   0.84099369413635 | 0.7142060730499467
 able          | AAAAAAAACAAAAAAA |        5181 | 0.5918438039155602 | 1.2441350484208047 | 1.4825628792231582 |  1.327848710690007 | 1.6653377691869258 |   0.84099369413635 | 0.7142060730499467
 able          | AAAAAAAACAAAAAAA |        5181 | 0.5918438039155602 | 1.2441350484208047 | 1.4825628792231582 |  1.327848710690007 | 1.6653377691869258 |   0.84099369413635 | 0.7142060730499467
(100 rows)

UPDATE time_statistics SET e_time = TRANSACTION_TIMESTAMP() WHERE template = 'query59.tpl' AND stream = 7;
psql:/tmp/s1-basline/throughput/query_7.sql:4446: NOTICE:  duration: 0.103 ms  plan:
Query Text: UPDATE time_statistics SET e_time = TRANSACTION_TIMESTAMP() WHERE template = 'query59.tpl' AND stream = 7;
Update on time_statistics  (cost=0.00..20.59 rows=0 width=0) (actual time=0.103..0.103 rows=0 loops=1)
  ->  Seq Scan on time_statistics  (cost=0.00..20.59 rows=1 width=14) (actual time=0.088..0.089 rows=1 loops=1)
        Filter: ((template = 'query59.tpl'::text) AND (stream = 7))
        Rows Removed by Filter: 681
UPDATE 1
LOAD 'auto_explain'; SET auto_explain.log_min_duration TO 0; SET auto_explain.log_analyze TO on; SET auto_explain.log_level TO notice; INSERT INTO time_statistics (template, s_time, stream, query, seed) VALUES ('query96.tpl', TRANSACTION_TIMESTAMP(), 7, 87, 804320966);
LOAD
SET
SET
SET
psql:/tmp/s1-basline/throughput/query_7.sql:4447: NOTICE:  duration: 0.009 ms  plan:
Query Text: INSERT INTO time_statistics (template, s_time, stream, query, seed) VALUES ('query96.tpl', TRANSACTION_TIMESTAMP(), 7, 87, 804320966);
Insert on time_statistics  (cost=0.00..0.01 rows=0 width=0) (actual time=0.008..0.008 rows=0 loops=1)
  ->  Result  (cost=0.00..0.01 rows=1 width=64) (actual time=0.001..0.002 rows=1 loops=1)
INSERT 0 1
select  count(*) 
from store_sales
    ,household_demographics 
    ,time_dim, store
where ss_sold_time_sk = time_dim.t_time_sk   
    and ss_hdemo_sk = household_demographics.hd_demo_sk 
    and ss_store_sk = s_store_sk
    and time_dim.t_hour = 16
    and time_dim.t_minute >= 30
    and household_demographics.hd_dep_count = 9
    and store.s_store_name = 'ese'
order by count(*)
limit 100;
psql:/tmp/s1-basline/throughput/query_7.sql:4460: NOTICE:  duration: 317.430 ms  plan:
Query Text: select  count(*) 
from store_sales
    ,household_demographics 
    ,time_dim, store
where ss_sold_time_sk = time_dim.t_time_sk   
    and ss_hdemo_sk = household_demographics.hd_demo_sk 
    and ss_store_sk = s_store_sk
    and time_dim.t_hour = 16
    and time_dim.t_minute >= 30
    and household_demographics.hd_dep_count = 9
    and store.s_store_name = 'ese'
order by count(*)
limit 100;
Limit  (cost=92660.38..92660.38 rows=1 width=8) (actual time=244.712..317.423 rows=1 loops=1)
  ->  Sort  (cost=92660.38..92660.38 rows=1 width=8) (actual time=244.711..317.422 rows=1 loops=1)
        Sort Key: (count(*))
        Sort Method: quicksort  Memory: 25kB
        ->  Finalize Aggregate  (cost=92660.36..92660.37 rows=1 width=8) (actual time=244.707..317.417 rows=1 loops=1)
              ->  Gather  (cost=92660.14..92660.35 rows=2 width=8) (actual time=244.596..317.413 rows=3 loops=1)
                    Workers Planned: 2
                    Workers Launched: 2
                    ->  Partial Aggregate  (cost=91660.14..91660.15 rows=1 width=8) (actual time=240.423..240.428 rows=1 loops=3)
                          ->  Hash Join  (cost=2926.11..91659.68 rows=185 width=0) (actual time=17.376..240.402 rows=380 loops=3)
                                Hash Cond: (store_sales.ss_store_sk = store.s_store_sk)
                                ->  Hash Join  (cost=2924.95..91650.35 rows=2328 width=8) (actual time=13.697..240.078 rows=1721 loops=3)
                                      Hash Cond: (store_sales.ss_hdemo_sk = household_demographics.hd_demo_sk)
                                      ->  Hash Join  (cost=2765.95..91427.21 rows=24422 width=16) (actual time=12.320..237.658 rows=18118 loops=3)
                                            Hash Cond: (store_sales.ss_sold_time_sk = time_dim.t_time_sk)
                                            ->  Parallel Seq Scan on store_sales  (cost=0.00..85499.45 rows=1204445 width=24) (actual time=0.015..121.702 rows=948150 loops=3)
                                            ->  Hash  (cost=2743.00..2743.00 rows=1836 width=8) (actual time=12.135..12.136 rows=1800 loops=3)
                                                  Buckets: 2048  Batches: 1  Memory Usage: 87kB
                                                  ->  Seq Scan on time_dim  (cost=0.00..2743.00 rows=1836 width=8) (actual time=8.362..11.913 rows=1800 loops=3)
                                                        Filter: ((t_minute >= 30) AND (t_hour = 16))
                                                        Rows Removed by Filter: 84600
                                      ->  Hash  (cost=150.00..150.00 rows=720 width=8) (actual time=1.014..1.014 rows=720 loops=3)
                                            Buckets: 1024  Batches: 1  Memory Usage: 37kB
                                            ->  Seq Scan on household_demographics  (cost=0.00..150.00 rows=720 width=8) (actual time=0.162..0.928 rows=720 loops=3)
                                                  Filter: (hd_dep_count = 9)
                                                  Rows Removed by Filter: 6480
                                ->  Hash  (cost=1.15..1.15 rows=1 width=8) (actual time=0.028..0.029 rows=1 loops=3)
                                      Buckets: 1024  Batches: 1  Memory Usage: 9kB
                                      ->  Seq Scan on store  (cost=0.00..1.15 rows=1 width=8) (actual time=0.024..0.025 rows=1 loops=3)
                                            Filter: ((s_store_name)::text = 'ese'::text)
                                            Rows Removed by Filter: 11
 count 
-------
  1141
(1 row)

UPDATE time_statistics SET e_time = TRANSACTION_TIMESTAMP() WHERE template = 'query96.tpl' AND stream = 7;
psql:/tmp/s1-basline/throughput/query_7.sql:4462: NOTICE:  duration: 0.100 ms  plan:
Query Text: UPDATE time_statistics SET e_time = TRANSACTION_TIMESTAMP() WHERE template = 'query96.tpl' AND stream = 7;
Update on time_statistics  (cost=0.00..20.59 rows=0 width=0) (actual time=0.100..0.100 rows=0 loops=1)
  ->  Seq Scan on time_statistics  (cost=0.00..20.59 rows=1 width=14) (actual time=0.084..0.085 rows=1 loops=1)
        Filter: ((template = 'query96.tpl'::text) AND (stream = 7))
        Rows Removed by Filter: 682
UPDATE 1
LOAD 'auto_explain'; SET auto_explain.log_min_duration TO 0; SET auto_explain.log_analyze TO on; SET auto_explain.log_level TO notice; INSERT INTO time_statistics (template, s_time, stream, query, seed) VALUES ('query54.tpl', TRANSACTION_TIMESTAMP(), 7, 88, 353682329);
LOAD
SET
SET
SET
psql:/tmp/s1-basline/throughput/query_7.sql:4463: NOTICE:  duration: 0.008 ms  plan:
Query Text: INSERT INTO time_statistics (template, s_time, stream, query, seed) VALUES ('query54.tpl', TRANSACTION_TIMESTAMP(), 7, 88, 353682329);
Insert on time_statistics  (cost=0.00..0.01 rows=0 width=0) (actual time=0.008..0.008 rows=0 loops=1)
  ->  Result  (cost=0.00..0.01 rows=1 width=64) (actual time=0.001..0.002 rows=1 loops=1)
INSERT 0 1
with my_customers as (
 select distinct c_customer_sk
        , c_current_addr_sk
 from   
        ( select cs_sold_date_sk sold_date_sk,
                 cs_bill_customer_sk customer_sk,
                 cs_item_sk item_sk
          from   catalog_sales
          union all
          select ws_sold_date_sk sold_date_sk,
                 ws_bill_customer_sk customer_sk,
                 ws_item_sk item_sk
          from   web_sales
         ) cs_or_ws_sales,
         item,
         date_dim,
         customer
 where   sold_date_sk = d_date_sk
         and item_sk = i_item_sk
         and i_category = 'Music'
         and i_class = 'pop'
         and c_customer_sk = cs_or_ws_sales.customer_sk
         and d_moy = 6
         and d_year = 2002
 )
 , my_revenue as (
 select c_customer_sk,
        sum(ss_ext_sales_price) as revenue
 from   my_customers,
        store_sales,
        customer_address,
        store,
        date_dim
 where  c_current_addr_sk = ca_address_sk
        and ca_county = s_county
        and ca_state = s_state
        and ss_sold_date_sk = d_date_sk
        and c_customer_sk = ss_customer_sk
        and d_month_seq between (select distinct d_month_seq+1
                                 from   date_dim where d_year = 2002 and d_moy = 6)
                           and  (select distinct d_month_seq+3
                                 from   date_dim where d_year = 2002 and d_moy = 6)
 group by c_customer_sk
 )
 , segments as
 (select cast((revenue/50) as int) as segment
  from   my_revenue
 )
  select  segment, count(*) as num_customers, segment*50 as segment_base
 from segments
 group by segment
 order by segment, num_customers
 limit 100;
psql:/tmp/s1-basline/throughput/query_7.sql:4516: NOTICE:  duration: 406.512 ms  plan:
Query Text: with my_customers as (
 select distinct c_customer_sk
        , c_current_addr_sk
 from   
        ( select cs_sold_date_sk sold_date_sk,
                 cs_bill_customer_sk customer_sk,
                 cs_item_sk item_sk
          from   catalog_sales
          union all
          select ws_sold_date_sk sold_date_sk,
                 ws_bill_customer_sk customer_sk,
                 ws_item_sk item_sk
          from   web_sales
         ) cs_or_ws_sales,
         item,
         date_dim,
         customer
 where   sold_date_sk = d_date_sk
         and item_sk = i_item_sk
         and i_category = 'Music'
         and i_class = 'pop'
         and c_customer_sk = cs_or_ws_sales.customer_sk
         and d_moy = 6
         and d_year = 2002
 )
 , my_revenue as (
 select c_customer_sk,
        sum(ss_ext_sales_price) as revenue
 from   my_customers,
        store_sales,
        customer_address,
        store,
        date_dim
 where  c_current_addr_sk = ca_address_sk
        and ca_county = s_county
        and ca_state = s_state
        and ss_sold_date_sk = d_date_sk
        and c_customer_sk = ss_customer_sk
        and d_month_seq between (select distinct d_month_seq+1
                                 from   date_dim where d_year = 2002 and d_moy = 6)
                           and  (select distinct d_month_seq+3
                                 from   date_dim where d_year = 2002 and d_moy = 6)
 group by c_customer_sk
 )
 , segments as
 (select cast((revenue/50) as int) as segment
  from   my_revenue
 )
  select  segment, count(*) as num_customers, segment*50 as segment_base
 from segments
 group by segment
 order by segment, num_customers
 limit 100;
Limit  (cost=105716.12..105716.12 rows=1 width=16) (actual time=308.452..406.510 rows=0 loops=1)
  ->  Sort  (cost=105716.12..105716.12 rows=1 width=16) (actual time=308.451..406.509 rows=0 loops=1)
        Sort Key: (((my_revenue.revenue / '50'::double precision))::integer), (count(*))
        Sort Method: quicksort  Memory: 25kB
        ->  GroupAggregate  (cost=105716.08..105716.11 rows=1 width=16) (actual time=308.448..406.506 rows=0 loops=1)
              Group Key: (((my_revenue.revenue / '50'::double precision))::integer)
              ->  Sort  (cost=105716.08..105716.08 rows=1 width=12) (actual time=308.447..406.505 rows=0 loops=1)
                    Sort Key: (((my_revenue.revenue / '50'::double precision))::integer)
                    Sort Method: quicksort  Memory: 25kB
                    ->  Subquery Scan on my_revenue  (cost=105716.03..105716.07 rows=1 width=12) (actual time=308.446..406.503 rows=0 loops=1)
                          ->  GroupAggregate  (cost=105716.03..105716.05 rows=1 width=16) (actual time=308.445..406.502 rows=0 loops=1)
                                Group Key: customer.c_customer_sk
                                InitPlan 1 (returns $0)
                                  ->  Unique  (cost=2501.55..2501.70 rows=30 width=4) (never executed)
                                        ->  Sort  (cost=2501.55..2501.62 rows=30 width=4) (never executed)
                                              Sort Key: ((date_dim_2.d_month_seq + 1))
                                              ->  Seq Scan on date_dim date_dim_2  (cost=0.00..2500.81 rows=30 width=4) (never executed)
                                                    Filter: ((d_year = 2002) AND (d_moy = 6))
                                InitPlan 2 (returns $1)
                                  ->  Unique  (cost=2501.55..2501.70 rows=30 width=4) (never executed)
                                        ->  Sort  (cost=2501.55..2501.62 rows=30 width=4) (never executed)
                                              Sort Key: ((date_dim_3.d_month_seq + 3))
                                              ->  Seq Scan on date_dim date_dim_3  (cost=0.00..2500.81 rows=30 width=4) (never executed)
                                                    Filter: ((d_year = 2002) AND (d_moy = 6))
                                ->  Sort  (cost=100712.64..100712.64 rows=1 width=16) (actual time=308.444..406.499 rows=0 loops=1)
                                      Sort Key: customer.c_customer_sk
                                      Sort Method: quicksort  Memory: 25kB
                                      ->  Nested Loop  (cost=10696.18..100712.63 rows=1 width=16) (actual time=308.442..406.497 rows=0 loops=1)
                                            ->  Gather  (cost=10695.89..100712.31 rows=1 width=24) (actual time=308.442..406.496 rows=0 loops=1)
                                                  Workers Planned: 2
                                                  Workers Launched: 2
                                                  ->  Hash Join  (cost=9695.89..99712.21 rows=1 width=24) (actual time=253.306..253.310 rows=0 loops=3)
                                                        Hash Cond: (store_sales.ss_customer_sk = customer.c_customer_sk)
                                                        ->  Parallel Seq Scan on store_sales  (cost=0.00..85499.45 rows=1204445 width=24) (actual time=0.014..0.015 rows=1 loops=3)
                                                        ->  Hash  (cost=9695.88..9695.88 rows=1 width=8) (actual time=253.201..253.203 rows=0 loops=3)
                                                              Buckets: 1024  Batches: 1  Memory Usage: 8kB
                                                              ->  Nested Loop  (cost=9689.55..9695.88 rows=1 width=8) (actual time=253.200..253.202 rows=0 loops=3)
                                                                    Join Filter: (((customer_address.ca_county)::text = (store.s_county)::text) AND (customer_address.ca_state = store.s_state))
                                                                    Rows Removed by Join Filter: 5100
                                                                    ->  Nested Loop  (cost=9689.55..9694.31 rows=2 width=25) (actual time=250.874..252.547 rows=425 loops=3)
                                                                          ->  Unique  (cost=9689.26..9689.27 rows=2 width=16) (actual time=250.837..250.925 rows=425 loops=3)
                                                                                ->  Sort  (cost=9689.26..9689.26 rows=2 width=16) (actual time=250.836..250.865 rows=477 loops=3)
                                                                                      Sort Key: customer.c_customer_sk, customer.c_current_addr_sk
                                                                                      Sort Method: quicksort  Memory: 51kB
                                                                                      Worker 0:  Sort Method: quicksort  Memory: 51kB
                                                                                      Worker 1:  Sort Method: quicksort  Memory: 51kB
                                                                                      ->  Nested Loop  (cost=1.01..9689.25 rows=2 width=16) (actual time=2.403..250.670 rows=477 loops=3)
                                                                                            ->  Nested Loop  (cost=0.72..9688.62 rows=2 width=8) (actual time=2.357..248.016 rows=479 loops=3)
                                                                                                  ->  Nested Loop  (cost=0.43..8015.48 rows=5298 width=16) (actual time=0.119..162.841 rows=55331 loops=3)
                                                                                                        ->  Seq Scan on item  (cost=0.00..1526.00 rows=44 width=8) (actual time=0.047..10.530 rows=458 loops=3)
                                                                                                              Filter: ((i_category = 'Music'::bpchar) AND (i_class = 'pop'::bpchar))
                                                                                                              Rows Removed by Filter: 17542
                                                                                                        ->  Append  (cost=0.43..146.17 rows=132 width=24) (actual time=0.010..0.322 rows=121 loops=1374)
                                                                                                              ->  Index Scan using pk_catalog_sales on catalog_sales  (cost=0.43..96.49 rows=88 width=24) (actual time=0.010..0.212 rows=81 loops=1374)
                                                                                                                    Index Cond: (cs_item_sk = item.i_item_sk)
                                                                                                              ->  Index Scan using pk_web_sales on web_sales  (cost=0.42..49.02 rows=44 width=24) (actual time=0.008..0.102 rows=40 loops=1374)
                                                                                                                    Index Cond: (ws_item_sk = item.i_item_sk)
                                                                                                  ->  Index Scan using pk_date_dim on date_dim date_dim_1  (cost=0.29..0.32 rows=1 width=8) (actual time=0.001..0.001 rows=0 loops=165993)
                                                                                                        Index Cond: (d_date_sk = catalog_sales.cs_sold_date_sk)
                                                                                                        Filter: ((d_moy = 6) AND (d_year = 2002))
                                                                                                        Rows Removed by Filter: 1
                                                                                            ->  Index Scan using pk_customer on customer  (cost=0.29..0.31 rows=1 width=16) (actual time=0.005..0.005 rows=1 loops=1437)
                                                                                                  Index Cond: (c_customer_sk = catalog_sales.cs_bill_customer_sk)
                                                                          ->  Index Scan using pk_customer_address on customer_address  (cost=0.29..2.51 rows=1 width=25) (actual time=0.003..0.003 rows=1 loops=1275)
                                                                                Index Cond: (ca_address_sk = customer.c_current_addr_sk)
                                                                    ->  Materialize  (cost=0.00..1.18 rows=12 width=21) (actual time=0.000..0.001 rows=12 loops=1275)
                                                                          ->  Seq Scan on store  (cost=0.00..1.12 rows=12 width=21) (actual time=0.032..0.035 rows=12 loops=3)
                                            ->  Index Scan using pk_date_dim on date_dim  (cost=0.29..0.32 rows=1 width=8) (never executed)
                                                  Index Cond: (d_date_sk = store_sales.ss_sold_date_sk)
                                                  Filter: ((d_month_seq >= $0) AND (d_month_seq <= $1))
 segment | num_customers | segment_base 
---------+---------------+--------------
(0 rows)

UPDATE time_statistics SET e_time = TRANSACTION_TIMESTAMP() WHERE template = 'query54.tpl' AND stream = 7;
psql:/tmp/s1-basline/throughput/query_7.sql:4518: NOTICE:  duration: 0.099 ms  plan:
Query Text: UPDATE time_statistics SET e_time = TRANSACTION_TIMESTAMP() WHERE template = 'query54.tpl' AND stream = 7;
Update on time_statistics  (cost=0.00..20.59 rows=0 width=0) (actual time=0.099..0.099 rows=0 loops=1)
  ->  Seq Scan on time_statistics  (cost=0.00..20.59 rows=1 width=14) (actual time=0.084..0.085 rows=1 loops=1)
        Filter: ((template = 'query54.tpl'::text) AND (stream = 7))
        Rows Removed by Filter: 683
UPDATE 1
LOAD 'auto_explain'; SET auto_explain.log_min_duration TO 0; SET auto_explain.log_analyze TO on; SET auto_explain.log_level TO notice; INSERT INTO time_statistics (template, s_time, stream, query, seed) VALUES ('../query_postgresql/query95.tpl', TRANSACTION_TIMESTAMP(), 7, 89, 340880267);
LOAD
SET
SET
SET
psql:/tmp/s1-basline/throughput/query_7.sql:4519: NOTICE:  duration: 0.008 ms  plan:
Query Text: INSERT INTO time_statistics (template, s_time, stream, query, seed) VALUES ('../query_postgresql/query95.tpl', TRANSACTION_TIMESTAMP(), 7, 89, 340880267);
Insert on time_statistics  (cost=0.00..0.01 rows=0 width=0) (actual time=0.007..0.008 rows=0 loops=1)
  ->  Result  (cost=0.00..0.01 rows=1 width=64) (actual time=0.001..0.001 rows=1 loops=1)
INSERT 0 1
with ws_wh as
(select ws1.ws_order_number,ws1.ws_warehouse_sk wh1,ws2.ws_warehouse_sk wh2
 from web_sales ws1,web_sales ws2
 where ws1.ws_order_number = ws2.ws_order_number
   and ws1.ws_warehouse_sk <> ws2.ws_warehouse_sk)
 select  
   count(distinct ws_order_number) as "order count"
  ,sum(ws_ext_ship_cost) as "total shipping cost"
  ,sum(ws_net_profit) as "total net profit"
from
   web_sales ws1
  ,date_dim
  ,customer_address
  ,web_site
where
    d_date between '2002-2-01' and 
           (cast('2002-2-01' as date) + interval '60 days')
and ws1.ws_ship_date_sk = d_date_sk
and ws1.ws_ship_addr_sk = ca_address_sk
and ca_state = 'AR'
and ws1.ws_web_site_sk = web_site_sk
and web_company_name = 'pri'
and ws1.ws_order_number in (select ws_order_number
                            from ws_wh)
and ws1.ws_order_number in (select wr_order_number
                            from web_returns,ws_wh
                            where wr_order_number = ws_wh.ws_order_number)
order by count(distinct ws_order_number)
limit 100;
psql:/tmp/s1-basline/throughput/query_7.sql:4548: NOTICE:  duration: 70862.835 ms  plan:
Query Text: with ws_wh as
(select ws1.ws_order_number,ws1.ws_warehouse_sk wh1,ws2.ws_warehouse_sk wh2
 from web_sales ws1,web_sales ws2
 where ws1.ws_order_number = ws2.ws_order_number
   and ws1.ws_warehouse_sk <> ws2.ws_warehouse_sk)
 select  
   count(distinct ws_order_number) as "order count"
  ,sum(ws_ext_ship_cost) as "total shipping cost"
  ,sum(ws_net_profit) as "total net profit"
from
   web_sales ws1
  ,date_dim
  ,customer_address
  ,web_site
where
    d_date between '2002-2-01' and 
           (cast('2002-2-01' as date) + interval '60 days')
and ws1.ws_ship_date_sk = d_date_sk
and ws1.ws_ship_addr_sk = ca_address_sk
and ca_state = 'AR'
and ws1.ws_web_site_sk = web_site_sk
and web_company_name = 'pri'
and ws1.ws_order_number in (select ws_order_number
                            from ws_wh)
and ws1.ws_order_number in (select wr_order_number
                            from web_returns,ws_wh
                            where wr_order_number = ws_wh.ws_order_number)
order by count(distinct ws_order_number)
limit 100;
Limit  (cost=703139.47..703139.48 rows=1 width=24) (actual time=70862.704..70862.826 rows=1 loops=1)
  CTE ws_wh
    ->  Hash Join  (cost=46547.42..336545.93 rows=7210098 width=24) (actual time=261.937..1419.064 rows=6627112 loops=1)
          Hash Cond: (ws1_1.ws_order_number = ws2.ws_order_number)
          Join Filter: (ws1_1.ws_warehouse_sk <> ws2.ws_warehouse_sk)
          Rows Removed by Join Filter: 2373497
          ->  Seq Scan on web_sales ws1_1  (cost=0.00..33986.52 rows=722552 width=16) (actual time=0.001..149.514 rows=711555 loops=1)
          ->  Hash  (cost=33986.52..33986.52 rows=722552 width=16) (actual time=261.283..261.284 rows=711555 loops=1)
                Buckets: 1048576  Batches: 2  Memory Usage: 24895kB
                ->  Seq Scan on web_sales ws2  (cost=0.00..33986.52 rows=722552 width=16) (actual time=0.002..154.110 rows=711555 loops=1)
  ->  Sort  (cost=366593.54..366593.54 rows=1 width=24) (actual time=70862.703..70862.822 rows=1 loops=1)
        Sort Key: (count(DISTINCT ws1.ws_order_number))
        Sort Method: quicksort  Memory: 25kB
        ->  Aggregate  (cost=366593.52..366593.53 rows=1 width=24) (actual time=70862.698..70862.817 rows=1 loops=1)
              ->  Nested Loop Semi Join  (cost=163779.24..366593.50 rows=2 width=24) (actual time=4578.310..70862.716 rows=132 loops=1)
                    Join Filter: (ws1.ws_order_number = web_returns.wr_order_number)
                    ->  Nested Loop  (cost=163237.60..193887.98 rows=2 width=32) (actual time=4016.699..4017.909 rows=199 loops=1)
                          Join Filter: (ws1.ws_web_site_sk = web_site.web_site_sk)
                          Rows Removed by Join Filter: 6002
                          ->  Seq Scan on web_site  (cost=0.00..2.38 rows=9 width=8) (actual time=0.006..0.034 rows=9 loops=1)
                                Filter: (web_company_name = 'pri'::bpchar)
                                Rows Removed by Filter: 21
                          ->  Materialize  (cost=163237.60..193884.55 rows=8 width=40) (actual time=446.297..446.379 rows=689 loops=9)
                                ->  Hash Join  (cost=163237.60..193884.51 rows=8 width=40) (actual time=4016.675..4017.029 rows=689 loops=1)
                                      Hash Cond: (ws1.ws_order_number = ws_wh.ws_order_number)
                                      ->  Gather  (cost=1005.89..31652.67 rows=15 width=32) (actual time=0.491..0.673 rows=689 loops=1)
                                            Workers Planned: 2
                                            Workers Launched: 2
                                            ->  Nested Loop  (cost=5.89..30651.17 rows=6 width=32) (actual time=0.477..112.507 rows=230 loops=3)
                                                  ->  Hash Join  (cost=5.60..30567.57 rows=268 width=40) (actual time=0.234..94.285 rows=9866 loops=3)
                                                        Hash Cond: (ws1.ws_ship_date_sk = date_dim.d_date_sk)
                                                        ->  Parallel Seq Scan on web_sales ws1  (cost=0.00..29771.63 rows=301063 width=48) (actual time=0.016..60.208 rows=237185 loops=3)
                                                        ->  Hash  (cost=4.79..4.79 rows=65 width=8) (actual time=0.089..0.090 rows=61 loops=3)
                                                              Buckets: 1024  Batches: 1  Memory Usage: 11kB
                                                              ->  Index Scan using i_d_date on date_dim  (cost=0.29..4.79 rows=65 width=8) (actual time=0.062..0.078 rows=61 loops=3)
                                                                    Index Cond: ((d_date >= '2002-02-01'::date) AND (d_date <= '2002-04-02 00:00:00'::timestamp without time zone))
                                                  ->  Index Scan using pk_customer_address on customer_address  (cost=0.29..0.31 rows=1 width=8) (actual time=0.002..0.002 rows=0 loops=29599)
                                                        Index Cond: (ca_address_sk = ws1.ws_ship_addr_sk)
                                                        Filter: (ca_state = 'AR'::bpchar)
                                                        Rows Removed by Filter: 1
                                      ->  Hash  (cost=162229.20..162229.20 rows=200 width=8) (actual time=4016.180..4016.181 rows=59084 loops=1)
                                            Buckets: 65536 (originally 1024)  Batches: 1 (originally 1)  Memory Usage: 2820kB
                                            ->  HashAggregate  (cost=162227.20..162229.20 rows=200 width=8) (actual time=4002.143..4009.570 rows=59084 loops=1)
                                                  Group Key: ws_wh.ws_order_number
                                                  Batches: 1  Memory Usage: 6177kB
                                                  ->  CTE Scan on ws_wh  (cost=0.00..144201.96 rows=7210098 width=8) (actual time=261.939..3251.657 rows=6627112 loops=1)
                    ->  Hash Join  (cost=541.64..171786.29 rows=386 width=16) (actual time=335.902..335.902 rows=1 loops=199)
                          Hash Cond: (ws_wh_1.ws_order_number = web_returns.wr_order_number)
                          Join Filter: (ws_wh.ws_order_number = ws_wh_1.ws_order_number)
                          ->  CTE Scan on ws_wh ws_wh_1  (cost=0.00..144201.96 rows=7210098 width=8) (actual time=0.003..277.220 rows=3220096 loops=132)
                          ->  Hash  (cost=541.62..541.62 rows=2 width=8) (actual time=0.964..0.964 rows=1 loops=199)
                                Buckets: 1024  Batches: 1  Memory Usage: 9kB
                                ->  Index Only Scan using pk_web_returns on web_returns  (cost=0.42..541.62 rows=2 width=8) (actual time=0.580..0.964 rows=1 loops=199)
                                      Index Cond: (wr_order_number = ws_wh.ws_order_number)
                                      Heap Fetches: 88
 order count | total shipping cost |  total net profit  
-------------+---------------------+--------------------
          70 |  175791.72000000006 | -68929.16000000002
(1 row)

UPDATE time_statistics SET e_time = TRANSACTION_TIMESTAMP() WHERE template = '../query_postgresql/query95.tpl' AND stream = 7;
psql:/tmp/s1-basline/throughput/query_7.sql:4550: NOTICE:  duration: 0.097 ms  plan:
Query Text: UPDATE time_statistics SET e_time = TRANSACTION_TIMESTAMP() WHERE template = '../query_postgresql/query95.tpl' AND stream = 7;
Update on time_statistics  (cost=0.00..20.59 rows=0 width=0) (actual time=0.097..0.097 rows=0 loops=1)
  ->  Seq Scan on time_statistics  (cost=0.00..20.59 rows=1 width=14) (actual time=0.082..0.082 rows=1 loops=1)
        Filter: ((template = '../query_postgresql/query95.tpl'::text) AND (stream = 7))
        Rows Removed by Filter: 684
UPDATE 1
LOAD 'auto_explain'; SET auto_explain.log_min_duration TO 0; SET auto_explain.log_analyze TO on; SET auto_explain.log_level TO notice; INSERT INTO time_statistics (template, s_time, stream, query, seed) VALUES ('query93.tpl', TRANSACTION_TIMESTAMP(), 7, 90, 1835760920);
LOAD
SET
SET
SET
psql:/tmp/s1-basline/throughput/query_7.sql:4551: NOTICE:  duration: 0.008 ms  plan:
Query Text: INSERT INTO time_statistics (template, s_time, stream, query, seed) VALUES ('query93.tpl', TRANSACTION_TIMESTAMP(), 7, 90, 1835760920);
Insert on time_statistics  (cost=0.00..0.01 rows=0 width=0) (actual time=0.008..0.008 rows=0 loops=1)
  ->  Result  (cost=0.00..0.01 rows=1 width=64) (actual time=0.001..0.002 rows=1 loops=1)
INSERT 0 1
select  ss_customer_sk
            ,sum(act_sales) sumsales
      from (select ss_item_sk
                  ,ss_ticket_number
                  ,ss_customer_sk
                  ,case when sr_return_quantity is not null then (ss_quantity-sr_return_quantity)*ss_sales_price
                                                            else (ss_quantity*ss_sales_price) end act_sales
            from store_sales left outer join store_returns on (sr_item_sk = ss_item_sk
                                                               and sr_ticket_number = ss_ticket_number)
                ,reason
            where sr_reason_sk = r_reason_sk
              and r_reason_desc = 'its is a boy') t
      group by ss_customer_sk
      order by sumsales, ss_customer_sk
limit 100;
psql:/tmp/s1-basline/throughput/query_7.sql:4566: NOTICE:  duration: 93.781 ms  plan:
Query Text: select  ss_customer_sk
            ,sum(act_sales) sumsales
      from (select ss_item_sk
                  ,ss_ticket_number
                  ,ss_customer_sk
                  ,case when sr_return_quantity is not null then (ss_quantity-sr_return_quantity)*ss_sales_price
                                                            else (ss_quantity*ss_sales_price) end act_sales
            from store_sales left outer join store_returns on (sr_item_sk = ss_item_sk
                                                               and sr_ticket_number = ss_ticket_number)
                ,reason
            where sr_reason_sk = r_reason_sk
              and r_reason_desc = 'its is a boy') t
      group by ss_customer_sk
      order by sumsales, ss_customer_sk
limit 100;
Limit  (cost=16508.43..16508.46 rows=10 width=16) (actual time=93.739..93.753 rows=100 loops=1)
  ->  Sort  (cost=16508.43..16508.46 rows=10 width=16) (actual time=93.739..93.746 rows=100 loops=1)
        Sort Key: (sum(CASE WHEN (store_returns.sr_return_quantity IS NOT NULL) THEN (((store_sales.ss_quantity - store_returns.sr_return_quantity))::double precision * store_sales.ss_sales_price) ELSE ((store_sales.ss_quantity)::double precision * store_sales.ss_sales_price) END)), store_sales.ss_customer_sk
        Sort Method: top-N heapsort  Memory: 32kB
        ->  GroupAggregate  (cost=16507.97..16508.27 rows=10 width=16) (actual time=89.841..92.936 rows=7049 loops=1)
              Group Key: store_sales.ss_customer_sk
              ->  Sort  (cost=16507.97..16507.99 rows=10 width=24) (actual time=89.832..90.446 rows=7778 loops=1)
                    Sort Key: store_sales.ss_customer_sk
                    Sort Method: quicksort  Memory: 673kB
                    ->  Nested Loop  (cost=1.88..16507.80 rows=10 width=24) (actual time=0.030..88.045 rows=7778 loops=1)
                          ->  Hash Join  (cost=1.45..10284.28 rows=7965 width=20) (actual time=0.019..57.222 rows=7890 loops=1)
                                Hash Cond: (store_returns.sr_reason_sk = reason.r_reason_sk)
                                ->  Seq Scan on store_returns  (cost=0.00..9436.93 rows=288493 width=28) (actual time=0.005..23.824 rows=285020 loops=1)
                                ->  Hash  (cost=1.44..1.44 rows=1 width=8) (actual time=0.009..0.011 rows=1 loops=1)
                                      Buckets: 1024  Batches: 1  Memory Usage: 9kB
                                      ->  Seq Scan on reason  (cost=0.00..1.44 rows=1 width=8) (actual time=0.006..0.008 rows=1 loops=1)
                                            Filter: (r_reason_desc = 'its is a boy'::bpchar)
                                            Rows Removed by Filter: 34
                          ->  Index Scan using pk_store_sales on store_sales  (cost=0.43..0.78 rows=1 width=36) (actual time=0.004..0.004 rows=1 loops=7890)
                                Index Cond: ((ss_item_sk = store_returns.sr_item_sk) AND (ss_ticket_number = store_returns.sr_ticket_number))
 ss_customer_sk | sumsales 
----------------+----------
            177 |        0
            668 |        0
            682 |        0
            820 |        0
           1443 |        0
           1669 |        0
           1817 |        0
           1955 |        0
           2054 |        0
           2135 |        0
           2570 |        0
           2595 |        0
           2612 |        0
           2824 |        0
           3429 |        0
           3564 |        0
           4103 |        0
           4651 |        0
           4663 |        0
           4793 |        0
           5135 |        0
           5237 |        0
           5575 |        0
           6041 |        0
           6053 |        0
           6252 |        0
           6399 |        0
           6801 |        0
           7304 |        0
           7465 |        0
           7639 |        0
           7664 |        0
           7701 |        0
           7775 |        0
           8395 |        0
           8481 |        0
           8788 |        0
           8871 |        0
           8957 |        0
           9037 |        0
           9113 |        0
           9248 |        0
           9320 |        0
           9532 |        0
          10131 |        0
          10259 |        0
          10333 |        0
          10788 |        0
          10895 |        0
          11834 |        0
          11947 |        0
          12193 |        0
          12575 |        0
          12629 |        0
          13432 |        0
          13640 |        0
          13803 |        0
          14063 |        0
          14364 |        0
          14481 |        0
          14954 |        0
          15096 |        0
          15554 |        0
          15657 |        0
          15676 |        0
          16207 |        0
          16678 |        0
          16694 |        0
          16925 |        0
          16930 |        0
          16934 |        0
          17034 |        0
          17869 |        0
          18227 |        0
          18810 |        0
          18837 |        0
          18886 |        0
          19812 |        0
          19956 |        0
          20225 |        0
          20252 |        0
          20602 |        0
          20715 |        0
          21157 |        0
          21226 |        0
          21723 |        0
          22702 |        0
          22952 |        0
          23353 |        0
          23624 |        0
          23771 |        0
          23985 |        0
          24141 |        0
          24200 |        0
          24350 |        0
          24399 |        0
          24767 |        0
          24810 |        0
          24963 |        0
          25006 |        0
(100 rows)

UPDATE time_statistics SET e_time = TRANSACTION_TIMESTAMP() WHERE template = 'query93.tpl' AND stream = 7;
psql:/tmp/s1-basline/throughput/query_7.sql:4568: NOTICE:  duration: 0.101 ms  plan:
Query Text: UPDATE time_statistics SET e_time = TRANSACTION_TIMESTAMP() WHERE template = 'query93.tpl' AND stream = 7;
Update on time_statistics  (cost=0.00..20.59 rows=0 width=0) (actual time=0.100..0.100 rows=0 loops=1)
  ->  Seq Scan on time_statistics  (cost=0.00..20.59 rows=1 width=14) (actual time=0.084..0.084 rows=1 loops=1)
        Filter: ((template = 'query93.tpl'::text) AND (stream = 7))
        Rows Removed by Filter: 685
UPDATE 1
LOAD 'auto_explain'; SET auto_explain.log_min_duration TO 0; SET auto_explain.log_analyze TO on; SET auto_explain.log_level TO notice; INSERT INTO time_statistics (template, s_time, stream, query, seed) VALUES ('query91.tpl', TRANSACTION_TIMESTAMP(), 7, 91, 296165124);
LOAD
SET
SET
SET
psql:/tmp/s1-basline/throughput/query_7.sql:4569: NOTICE:  duration: 0.009 ms  plan:
Query Text: INSERT INTO time_statistics (template, s_time, stream, query, seed) VALUES ('query91.tpl', TRANSACTION_TIMESTAMP(), 7, 91, 296165124);
Insert on time_statistics  (cost=0.00..0.01 rows=0 width=0) (actual time=0.008..0.008 rows=0 loops=1)
  ->  Result  (cost=0.00..0.01 rows=1 width=64) (actual time=0.001..0.001 rows=1 loops=1)
INSERT 0 1
select  
        cc_call_center_id Call_Center,
        cc_name Call_Center_Name,
        cc_manager Manager,
        sum(cr_net_loss) Returns_Loss
from
        call_center,
        catalog_returns,
        date_dim,
        customer,
        customer_address,
        customer_demographics,
        household_demographics
where
        cr_call_center_sk       = cc_call_center_sk
and     cr_returned_date_sk     = d_date_sk
and     cr_returning_customer_sk= c_customer_sk
and     cd_demo_sk              = c_current_cdemo_sk
and     hd_demo_sk              = c_current_hdemo_sk
and     ca_address_sk           = c_current_addr_sk
and     d_year                  = 2002 
and     d_moy                   = 12
and     ( (cd_marital_status       = 'M' and cd_education_status     = 'Unknown')
        or(cd_marital_status       = 'W' and cd_education_status     = 'Advanced Degree'))
and     hd_buy_potential like 'Unknown%'
and     ca_gmt_offset           = -7
group by cc_call_center_id,cc_name,cc_manager,cd_marital_status,cd_education_status
order by sum(cr_net_loss) desc;
psql:/tmp/s1-basline/throughput/query_7.sql:4597: NOTICE:  duration: 20.059 ms  plan:
Query Text: select  
        cc_call_center_id Call_Center,
        cc_name Call_Center_Name,
        cc_manager Manager,
        sum(cr_net_loss) Returns_Loss
from
        call_center,
        catalog_returns,
        date_dim,
        customer,
        customer_address,
        customer_demographics,
        household_demographics
where
        cr_call_center_sk       = cc_call_center_sk
and     cr_returned_date_sk     = d_date_sk
and     cr_returning_customer_sk= c_customer_sk
and     cd_demo_sk              = c_current_cdemo_sk
and     hd_demo_sk              = c_current_hdemo_sk
and     ca_address_sk           = c_current_addr_sk
and     d_year                  = 2002 
and     d_moy                   = 12
and     ( (cd_marital_status       = 'M' and cd_education_status     = 'Unknown')
        or(cd_marital_status       = 'W' and cd_education_status     = 'Advanced Degree'))
and     hd_buy_potential like 'Unknown%'
and     ca_gmt_offset           = -7
group by cc_call_center_id,cc_name,cc_manager,cd_marital_status,cd_education_status
order by sum(cr_net_loss) desc;
Sort  (cost=2781.57..2781.57 rows=1 width=74) (actual time=20.050..20.052 rows=2 loops=1)
  Sort Key: (sum(catalog_returns.cr_net_loss)) DESC
  Sort Method: quicksort  Memory: 25kB
  ->  GroupAggregate  (cost=1391.58..2781.56 rows=1 width=74) (actual time=20.044..20.047 rows=2 loops=1)
        Group Key: call_center.cc_call_center_id, call_center.cc_name, call_center.cc_manager, customer_demographics.cd_marital_status, customer_demographics.cd_education_status
        ->  Incremental Sort  (cost=1391.58..2781.52 rows=2 width=74) (actual time=20.038..20.039 rows=2 loops=1)
              Sort Key: call_center.cc_call_center_id, call_center.cc_name, call_center.cc_manager, customer_demographics.cd_marital_status, customer_demographics.cd_education_status
              Presorted Key: call_center.cc_call_center_id
              Full-sort Groups: 1  Sort Method: quicksort  Average Memory: 25kB  Peak Memory: 25kB
              ->  Nested Loop  (cost=1.72..2781.43 rows=1 width=74) (actual time=19.900..20.027 rows=2 loops=1)
                    ->  Nested Loop  (cost=1.29..2780.68 rows=1 width=59) (actual time=4.846..19.856 rows=35 loops=1)
                          Join Filter: (catalog_returns.cr_call_center_sk = call_center.cc_call_center_sk)
                          Rows Removed by Join Filter: 181
                          ->  Index Scan using i_cc_call_center_id on call_center  (cost=0.13..3.52 rows=6 width=51) (actual time=0.004..0.006 rows=6 loops=1)
                          ->  Materialize  (cost=1.16..2777.07 rows=1 width=24) (actual time=0.770..3.305 rows=36 loops=6)
                                ->  Nested Loop  (cost=1.16..2777.06 rows=1 width=24) (actual time=4.620..19.807 rows=36 loops=1)
                                      ->  Nested Loop  (cost=0.87..2773.82 rows=10 width=32) (actual time=4.298..18.825 rows=372 loops=1)
                                            ->  Nested Loop  (cost=0.59..2755.32 rows=61 width=40) (actual time=4.213..15.625 rows=2230 loops=1)
                                                  ->  Nested Loop  (cost=0.29..2734.49 rows=62 width=24) (actual time=4.208..10.792 rows=2290 loops=1)
                                                        ->  Seq Scan on date_dim  (cost=0.00..2500.73 rows=31 width=8) (actual time=4.202..8.910 rows=31 loops=1)
                                                              Filter: ((d_year = 2002) AND (d_moy = 12))
                                                              Rows Removed by Filter: 73018
                                                        ->  Index Scan using i_cr_returned_date_sk on catalog_returns  (cost=0.29..6.82 rows=72 width=32) (actual time=0.002..0.045 rows=74 loops=31)
                                                              Index Cond: (cr_returned_date_sk = date_dim.d_date_sk)
                                                  ->  Index Scan using pk_customer on customer  (cost=0.29..0.34 rows=1 width=32) (actual time=0.002..0.002 rows=1 loops=2290)
                                                        Index Cond: (c_customer_sk = catalog_returns.cr_returning_customer_sk)
                                            ->  Index Scan using pk_household_demographics on household_demographics  (cost=0.28..0.30 rows=1 width=8) (actual time=0.001..0.001 rows=0 loops=2230)
                                                  Index Cond: (hd_demo_sk = customer.c_current_hdemo_sk)
                                                  Filter: (hd_buy_potential ~~ 'Unknown%'::text)
                                                  Rows Removed by Filter: 1
                                      ->  Index Scan using pk_customer_address on customer_address  (cost=0.29..0.32 rows=1 width=8) (actual time=0.002..0.002 rows=0 loops=372)
                                            Index Cond: (ca_address_sk = customer.c_current_addr_sk)
                                            Filter: (ca_gmt_offset = '-7'::double precision)
                                            Rows Removed by Filter: 1
                    ->  Index Scan using pk_customer_demographics on customer_demographics  (cost=0.43..0.75 rows=1 width=31) (actual time=0.005..0.005 rows=0 loops=35)
                          Index Cond: (cd_demo_sk = customer.c_current_cdemo_sk)
                          Filter: (((cd_marital_status = 'M'::bpchar) AND (cd_education_status = 'Unknown'::bpchar)) OR ((cd_marital_status = 'W'::bpchar) AND (cd_education_status = 'Advanced Degree'::bpchar)))
                          Rows Removed by Filter: 1
   call_center    | call_center_name |    manager     | returns_loss 
------------------+------------------+----------------+--------------
 AAAAAAAAEAAAAAAA | North Midwest    | William Fisher |       353.15
 AAAAAAAACAAAAAAA | Mid Atlantic     | Dale Robinson  |       278.81
(2 rows)

UPDATE time_statistics SET e_time = TRANSACTION_TIMESTAMP() WHERE template = 'query91.tpl' AND stream = 7;
psql:/tmp/s1-basline/throughput/query_7.sql:4599: NOTICE:  duration: 0.095 ms  plan:
Query Text: UPDATE time_statistics SET e_time = TRANSACTION_TIMESTAMP() WHERE template = 'query91.tpl' AND stream = 7;
Update on time_statistics  (cost=0.00..20.59 rows=0 width=0) (actual time=0.095..0.095 rows=0 loops=1)
  ->  Seq Scan on time_statistics  (cost=0.00..20.59 rows=1 width=14) (actual time=0.082..0.083 rows=1 loops=1)
        Filter: ((template = 'query91.tpl'::text) AND (stream = 7))
        Rows Removed by Filter: 686
UPDATE 1
LOAD 'auto_explain'; SET auto_explain.log_min_duration TO 0; SET auto_explain.log_analyze TO on; SET auto_explain.log_level TO notice; INSERT INTO time_statistics (template, s_time, stream, query, seed) VALUES ('query74.tpl', TRANSACTION_TIMESTAMP(), 7, 92, 1999978442);
LOAD
SET
SET
SET
psql:/tmp/s1-basline/throughput/query_7.sql:4600: NOTICE:  duration: 0.008 ms  plan:
Query Text: INSERT INTO time_statistics (template, s_time, stream, query, seed) VALUES ('query74.tpl', TRANSACTION_TIMESTAMP(), 7, 92, 1999978442);
Insert on time_statistics  (cost=0.00..0.01 rows=0 width=0) (actual time=0.008..0.008 rows=0 loops=1)
  ->  Result  (cost=0.00..0.01 rows=1 width=64) (actual time=0.001..0.001 rows=1 loops=1)
INSERT 0 1
with year_total as (
 select c_customer_id customer_id
       ,c_first_name customer_first_name
       ,c_last_name customer_last_name
       ,d_year as year
       ,stddev_samp(ss_net_paid) year_total
       ,'s' sale_type
 from customer
     ,store_sales
     ,date_dim
 where c_customer_sk = ss_customer_sk
   and ss_sold_date_sk = d_date_sk
   and d_year in (2000,2000+1)
 group by c_customer_id
         ,c_first_name
         ,c_last_name
         ,d_year
 union all
 select c_customer_id customer_id
       ,c_first_name customer_first_name
       ,c_last_name customer_last_name
       ,d_year as year
       ,stddev_samp(ws_net_paid) year_total
       ,'w' sale_type
 from customer
     ,web_sales
     ,date_dim
 where c_customer_sk = ws_bill_customer_sk
   and ws_sold_date_sk = d_date_sk
   and d_year in (2000,2000+1)
 group by c_customer_id
         ,c_first_name
         ,c_last_name
         ,d_year
         )
  select 
        t_s_secyear.customer_id, t_s_secyear.customer_first_name, t_s_secyear.customer_last_name
 from year_total t_s_firstyear
     ,year_total t_s_secyear
     ,year_total t_w_firstyear
     ,year_total t_w_secyear
 where t_s_secyear.customer_id = t_s_firstyear.customer_id
         and t_s_firstyear.customer_id = t_w_secyear.customer_id
         and t_s_firstyear.customer_id = t_w_firstyear.customer_id
         and t_s_firstyear.sale_type = 's'
         and t_w_firstyear.sale_type = 'w'
         and t_s_secyear.sale_type = 's'
         and t_w_secyear.sale_type = 'w'
         and t_s_firstyear.year = 2000
         and t_s_secyear.year = 2000+1
         and t_w_firstyear.year = 2000
         and t_w_secyear.year = 2000+1
         and t_s_firstyear.year_total > 0
         and t_w_firstyear.year_total > 0
         and case when t_w_firstyear.year_total > 0 then t_w_secyear.year_total / t_w_firstyear.year_total else null end
           > case when t_s_firstyear.year_total > 0 then t_s_secyear.year_total / t_s_firstyear.year_total else null end
 order by 2,1,3
limit 100;
psql:/tmp/s1-basline/throughput/query_7.sql:4658: NOTICE:  duration: 787772.899 ms  plan:
Query Text: with year_total as (
 select c_customer_id customer_id
       ,c_first_name customer_first_name
       ,c_last_name customer_last_name
       ,d_year as year
       ,stddev_samp(ss_net_paid) year_total
       ,'s' sale_type
 from customer
     ,store_sales
     ,date_dim
 where c_customer_sk = ss_customer_sk
   and ss_sold_date_sk = d_date_sk
   and d_year in (2000,2000+1)
 group by c_customer_id
         ,c_first_name
         ,c_last_name
         ,d_year
 union all
 select c_customer_id customer_id
       ,c_first_name customer_first_name
       ,c_last_name customer_last_name
       ,d_year as year
       ,stddev_samp(ws_net_paid) year_total
       ,'w' sale_type
 from customer
     ,web_sales
     ,date_dim
 where c_customer_sk = ws_bill_customer_sk
   and ws_sold_date_sk = d_date_sk
   and d_year in (2000,2000+1)
 group by c_customer_id
         ,c_first_name
         ,c_last_name
         ,d_year
         )
  select 
        t_s_secyear.customer_id, t_s_secyear.customer_first_name, t_s_secyear.customer_last_name
 from year_total t_s_firstyear
     ,year_total t_s_secyear
     ,year_total t_w_firstyear
     ,year_total t_w_secyear
 where t_s_secyear.customer_id = t_s_firstyear.customer_id
         and t_s_firstyear.customer_id = t_w_secyear.customer_id
         and t_s_firstyear.customer_id = t_w_firstyear.customer_id
         and t_s_firstyear.sale_type = 's'
         and t_w_firstyear.sale_type = 'w'
         and t_s_secyear.sale_type = 's'
         and t_w_secyear.sale_type = 'w'
         and t_s_firstyear.year = 2000
         and t_s_secyear.year = 2000+1
         and t_w_firstyear.year = 2000
         and t_w_secyear.year = 2000+1
         and t_s_firstyear.year_total > 0
         and t_w_firstyear.year_total > 0
         and case when t_w_firstyear.year_total > 0 then t_w_secyear.year_total / t_w_firstyear.year_total else null end
           > case when t_s_firstyear.year_total > 0 then t_s_secyear.year_total / t_s_firstyear.year_total else null end
 order by 2,1,3
limit 100;
Limit  (cost=139594.91..139594.91 rows=1 width=276) (actual time=787772.627..787772.848 rows=99 loops=1)
  CTE year_total
    ->  Append  (cost=96274.54..136094.99 rows=33332 width=113) (actual time=1762.648..2802.422 rows=97800 loops=1)
          ->  Finalize GroupAggregate  (cost=96274.54..99663.12 rows=26163 width=113) (actual time=1762.647..2194.738 rows=75502 loops=1)
                Group Key: customer.c_customer_id, customer.c_first_name, customer.c_last_name, date_dim.d_year
                ->  Gather Merge  (cost=96274.54..99063.56 rows=21802 width=105) (actual time=1762.623..2153.178 rows=88342 loops=1)
                      Workers Planned: 2
                      Workers Launched: 2
                      ->  Partial GroupAggregate  (cost=95274.52..95547.04 rows=10901 width=105) (actual time=1701.211..2004.722 rows=29447 loops=3)
                            Group Key: customer.c_customer_id, customer.c_first_name, customer.c_last_name, date_dim.d_year
                            ->  Sort  (cost=95274.52..95301.77 rows=10901 width=81) (actual time=1701.183..1903.870 rows=353675 loops=3)
                                  Sort Key: customer.c_customer_id, customer.c_first_name, customer.c_last_name, date_dim.d_year
                                  Sort Method: external merge  Disk: 35880kB
                                  Worker 0:  Sort Method: external merge  Disk: 31856kB
                                  Worker 1:  Sort Method: external merge  Disk: 31856kB
                                  ->  Nested Loop  (cost=2327.47..94543.49 rows=10901 width=81) (actual time=15.475..890.556 rows=353675 loops=3)
                                        ->  Hash Join  (cost=2327.18..90988.47 rows=11420 width=20) (actual time=15.429..333.750 rows=362164 loops=3)
                                              Hash Cond: (store_sales.ss_sold_date_sk = date_dim.d_date_sk)
                                              ->  Parallel Seq Scan on store_sales  (cost=0.00..85499.45 rows=1204445 width=24) (actual time=0.014..124.442 rows=948150 loops=3)
                                              ->  Hash  (cost=2318.11..2318.11 rows=725 width=12) (actual time=15.373..15.374 rows=731 loops=3)
                                                    Buckets: 1024  Batches: 1  Memory Usage: 43kB
                                                    ->  Seq Scan on date_dim  (cost=0.00..2318.11 rows=725 width=12) (actual time=7.454..15.273 rows=731 loops=3)
                                                          Filter: (d_year = ANY ('{2000,2001}'::integer[]))
                                                          Rows Removed by Filter: 72318
                                        ->  Index Scan using pk_customer on customer  (cost=0.29..0.31 rows=1 width=77) (actual time=0.001..0.001 rows=1 loops=1086491)
                                              Index Cond: (c_customer_sk = store_sales.ss_customer_sk)
          ->  Finalize GroupAggregate  (cost=35003.38..35931.89 rows=7169 width=113) (actual time=528.985..601.877 rows=22298 loops=1)
                Group Key: customer_1.c_customer_id, customer_1.c_first_name, customer_1.c_last_name, date_dim_1.d_year
                ->  Gather Merge  (cost=35003.38..35767.60 rows=5974 width=105) (actual time=528.977..590.000 rows=24023 loops=1)
                      Workers Planned: 2
                      Workers Launched: 2
                      ->  Partial GroupAggregate  (cost=34003.35..34078.03 rows=2987 width=105) (actual time=480.694..513.846 rows=8008 loops=3)
                            Group Key: customer_1.c_customer_id, customer_1.c_first_name, customer_1.c_last_name, date_dim_1.d_year
                            ->  Sort  (cost=34003.35..34010.82 rows=2987 width=81) (actual time=480.672..487.115 rows=94536 loops=3)
                                  Sort Key: customer_1.c_customer_id, customer_1.c_first_name, customer_1.c_last_name, date_dim_1.d_year
                                  Sort Method: external merge  Disk: 10520kB
                                  Worker 0:  Sort Method: quicksort  Memory: 13195kB
                                  Worker 1:  Sort Method: quicksort  Memory: 13181kB
                                  ->  Nested Loop  (cost=2327.47..33830.93 rows=2987 width=81) (actual time=15.409..272.052 rows=94536 loops=3)
                                        ->  Hash Join  (cost=2327.18..32889.14 rows=2988 width=20) (actual time=15.365..117.013 rows=94551 loops=3)
                                              Hash Cond: (web_sales.ws_sold_date_sk = date_dim_1.d_date_sk)
                                              ->  Parallel Seq Scan on web_sales  (cost=0.00..29771.63 rows=301063 width=24) (actual time=0.017..47.283 rows=237185 loops=3)
                                              ->  Hash  (cost=2318.11..2318.11 rows=725 width=12) (actual time=15.301..15.302 rows=731 loops=3)
                                                    Buckets: 1024  Batches: 1  Memory Usage: 43kB
                                                    ->  Seq Scan on date_dim date_dim_1  (cost=0.00..2318.11 rows=725 width=12) (actual time=7.390..15.200 rows=731 loops=3)
                                                          Filter: (d_year = ANY ('{2000,2001}'::integer[]))
                                                          Rows Removed by Filter: 72318
                                        ->  Index Scan using pk_customer on customer customer_1  (cost=0.29..0.32 rows=1 width=77) (actual time=0.001..0.001 rows=1 loops=283653)
                                              Index Cond: (c_customer_sk = web_sales.ws_bill_customer_sk)
  ->  Sort  (cost=3499.92..3499.93 rows=1 width=276) (actual time=787772.626..787772.632 rows=99 loops=1)
        Sort Key: t_s_secyear.customer_first_name, t_s_secyear.customer_id, t_s_secyear.customer_last_name
        Sort Method: quicksort  Memory: 38kB
        ->  Nested Loop  (cost=0.00..3499.91 rows=1 width=276) (actual time=20121.889..787772.382 rows=99 loops=1)
              Join Filter: ((t_s_secyear.customer_id = t_w_secyear.customer_id) AND (CASE WHEN (t_w_firstyear.year_total > '0'::double precision) THEN (t_w_secyear.year_total / t_w_firstyear.year_total) ELSE NULL::double precision END > CASE WHEN (t_s_firstyear.year_total > '0'::double precision) THEN (t_s_secyear.year_total / t_s_firstyear.year_total) ELSE NULL::double precision END))
              Rows Removed by Join Filter: 17466009
              ->  Nested Loop  (cost=0.00..2666.59 rows=1 width=436) (actual time=2876.550..768773.807 rows=1569 loops=1)
                    Join Filter: (t_s_secyear.customer_id = t_w_firstyear.customer_id)
                    Rows Removed by Join Filter: 159125097
                    ->  Nested Loop  (cost=0.00..1749.94 rows=1 width=360) (actual time=2866.986..583757.396 rows=14251 loops=1)
                          Join Filter: (t_s_firstyear.customer_id = t_s_secyear.customer_id)
                          Rows Removed by Join Filter: 1425112301
                          ->  CTE Scan on year_total t_s_firstyear  (cost=0.00..916.63 rows=1 width=76) (actual time=1762.652..1782.201 rows=37858 loops=1)
                                Filter: ((year_total > '0'::double precision) AND (sale_type = 's'::text) AND (year = 2000))
                                Rows Removed by Filter: 59942
                          ->  CTE Scan on year_total t_s_secyear  (cost=0.00..833.30 rows=1 width=284) (actual time=0.001..12.845 rows=37644 loops=37858)
                                Filter: ((sale_type = 's'::text) AND (year = 2001))
                                Rows Removed by Filter: 60156
                    ->  CTE Scan on year_total t_w_firstyear  (cost=0.00..916.63 rows=1 width=76) (actual time=8.963..12.217 rows=11166 loops=14251)
                          Filter: ((year_total > '0'::double precision) AND (sale_type = 'w'::text) AND (year = 2000))
                          Rows Removed by Filter: 86634
              ->  CTE Scan on year_total t_w_secyear  (cost=0.00..833.30 rows=1 width=76) (actual time=8.297..11.357 rows=11132 loops=1569)
                    Filter: ((sale_type = 'w'::text) AND (year = 2001))
                    Rows Removed by Filter: 86668
   customer_id    | customer_first_name  |       customer_last_name       
------------------+----------------------+--------------------------------
 AAAAAAAALPACBAAA | Agnes                | Quarles                       
 AAAAAAAACKCHBAAA | Alfred               | Fogg                          
 AAAAAAAAMJMHAAAA | Andre                | Desantis                      
 AAAAAAAADBKHAAAA | Angeline             | Douglas                       
 AAAAAAAADHHHBAAA | Anna                 | Blankenship                   
 AAAAAAAAMBEIBAAA | Arturo               | Alvarado                      
 AAAAAAAAFNHEAAAA | Bobby                | Roy                           
 AAAAAAAANAGKAAAA | Brady                | Mulligan                      
 AAAAAAAANGBPAAAA | Brenda               | Byrd                          
 AAAAAAAAHENGBAAA | Carol                | Morales                       
 AAAAAAAAIHDABAAA | Catherine            | Gonzalez                      
 AAAAAAAACICCAAAA | Charles              | Collins                       
 AAAAAAAAMCIDAAAA | Chin                 | Ledbetter                     
 AAAAAAAAIJDIBAAA | Clinton              | Smallwood                     
 AAAAAAAAIACKAAAA | Colette              | Camacho                       
 AAAAAAAAINPKAAAA | Daniel               | Dozier                        
 AAAAAAAAJMNCAAAA | David                | Jimenez                       
 AAAAAAAAPMMEAAAA | David                | Smith                         
 AAAAAAAAKHNPAAAA | Debbie               | Hammond                       
 AAAAAAAAHLMLAAAA | Deborah              | Phipps                        
 AAAAAAAAALMJAAAA | Dennis               | Hurd                          
 AAAAAAAAEAGLAAAA | Donald               | Salgado                       
 AAAAAAAAHNEBAAAA | Donald               | Hunter                        
 AAAAAAAACIJKAAAA | Dorothy              | Blackburn                     
 AAAAAAAAONMKAAAA | Dorothy              | Robertson                     
 AAAAAAAAEFDLAAAA | Dustin               | Hampton                       
 AAAAAAAAMDLCBAAA | Edgar                | Garcia                        
 AAAAAAAAMKILAAAA | Elizabeth            | Hyman                         
 AAAAAAAAGMDPAAAA | Ella                 | Vincent                       
 AAAAAAAAPANHBAAA | Elnora               | Kelly                         
 AAAAAAAAOHPCBAAA | Emily                | Dean                          
 AAAAAAAAMMDLAAAA | Erline               | Miller                        
 AAAAAAAAGOEHBAAA | Francisco            | Nestor                        
 AAAAAAAADDBABAAA | Frederick            | Weaver                        
 AAAAAAAAPPCAAAAA | Gary                 | Childers                      
 AAAAAAAAHJGAAAAA | Gladys               | Hunter                        
 AAAAAAAAEMOFAAAA | Gloria               | Willis                        
 AAAAAAAABDDCBAAA | Gregory              | Castillo                      
 AAAAAAAABIJNAAAA | Gregory              | Jones                         
 AAAAAAAAGPMHBAAA | Hector               | Clark                         
 AAAAAAAAPNJCAAAA | Hugh                 | Bassett                       
 AAAAAAAAAFIKAAAA | Jackie               | Fisher                        
 AAAAAAAAKDDKAAAA | Janie                | Smith                         
 AAAAAAAAOFGBAAAA | Jerry                | Hunter                        
 AAAAAAAAHMIIAAAA | Jimmy                | Parks                         
 AAAAAAAABPALAAAA | Jose                 | Slaughter                     
 AAAAAAAACIHGBAAA | Jose                 | Drury                         
 AAAAAAAACDPDBAAA | Joshua               | Burnham                       
 AAAAAAAACEOBBAAA | Joyce                | Figueroa                      
 AAAAAAAACIFDAAAA | Julie                | Lee                           
 AAAAAAAAPFLHBAAA | Julie                | Waite                         
 AAAAAAAABKMBBAAA | June                 | Cornwell                      
 AAAAAAAAFKPDBAAA | Karen                | King                          
 AAAAAAAAFAJNAAAA | Katherine            | Levy                          
 AAAAAAAAJLKGAAAA | Kendra               | Thurman                       
 AAAAAAAAENAGAAAA | Lahoma               | Mccormick                     
 AAAAAAAAGHKAAAAA | Larry                | Ashe                          
 AAAAAAAAAHOPAAAA | Laura                | Russell                       
 AAAAAAAADBDNAAAA | Luis                 | Odonnell                      
 AAAAAAAAEBOIAAAA | Margaret             | Mcmahan                       
 AAAAAAAADMBIBAAA | Marian               | Dunning                       
 AAAAAAAACHJDAAAA | Marie                | Call                          
 AAAAAAAACANMAAAA | Mark                 | Santos                        
 AAAAAAAAJJLFBAAA | Mercedes             | Bender                        
 AAAAAAAAOFMABAAA | Michael              | Price                         
 AAAAAAAAFICMAAAA | Michelle             | Thompson                      
 AAAAAAAABIPBBAAA | Misty                | Hudson                        
 AAAAAAAACLGHAAAA | Nicole               | Moss                          
 AAAAAAAAJIMBAAAA | Norman               | Artis                         
 AAAAAAAAHNGFAAAA | Otis                 | Stjohn                        
 AAAAAAAAGHGABAAA | Paul                 | Fleming                       
 AAAAAAAAHMPHBAAA | Ralph                | Cloutier                      
 AAAAAAAACCMJAAAA | Ramon                | Gooden                        
 AAAAAAAAAIHGBAAA | Randy                | Witt                          
 AAAAAAAAFHOAAAAA | Rene                 | Cooper                        
 AAAAAAAAHEKABAAA | Rigoberto            | Tenney                        
 AAAAAAAADIJDBAAA | Robert               | Higgins                       
 AAAAAAAAIPPFBAAA | Robert               | Jackson                       
 AAAAAAAAJMFEAAAA | Robert               | Cook                          
 AAAAAAAAOAPKAAAA | Robert               | Young                         
 AAAAAAAABOHMAAAA | Russell              | Conte                         
 AAAAAAAALHCHAAAA | Ryan                 | Mcconnell                     
 AAAAAAAAIIKCBAAA | Sherry               | Aponte                        
 AAAAAAAANOKHBAAA | Sophia               | Meyers                        
 AAAAAAAAIONFBAAA | Steven               | 
 AAAAAAAAGDCIBAAA | Teresa               | Cox                           
 AAAAAAAABJPOAAAA | Thomas               | Montoya                       
 AAAAAAAADIBBBAAA | Thomas               | Taylor                        
 AAAAAAAAPGJNAAAA | Thuy                 | Mack                          
 AAAAAAAAMMIDAAAA | Toni                 | Nichols                       
 AAAAAAAAAMNLAAAA | Twanda               | Cabral                        
 AAAAAAAAJPMDAAAA | William              | Herman                        
 AAAAAAAANLHHAAAA | William              | Williams                      
 AAAAAAAAAHLBAAAA |                      | Davis                         
 AAAAAAAAEEBDAAAA |                      | Markham                       
 AAAAAAAAGIJOAAAA |                      | Sherwood                      
 AAAAAAAAJINCAAAA |                      | 
 AAAAAAAAOOOEBAAA |                      | Porter                        
 AAAAAAAAPEECAAAA |                      | 
(99 rows)

UPDATE time_statistics SET e_time = TRANSACTION_TIMESTAMP() WHERE template = 'query74.tpl' AND stream = 7;
psql:/tmp/s1-basline/throughput/query_7.sql:4660: NOTICE:  duration: 0.176 ms  plan:
Query Text: UPDATE time_statistics SET e_time = TRANSACTION_TIMESTAMP() WHERE template = 'query74.tpl' AND stream = 7;
Update on time_statistics  (cost=0.00..22.34 rows=0 width=0) (actual time=0.175..0.175 rows=0 loops=1)
  ->  Seq Scan on time_statistics  (cost=0.00..22.34 rows=1 width=14) (actual time=0.139..0.160 rows=1 loops=1)
        Filter: ((template = 'query74.tpl'::text) AND (stream = 7))
        Rows Removed by Filter: 787
UPDATE 1
LOAD 'auto_explain'; SET auto_explain.log_min_duration TO 0; SET auto_explain.log_analyze TO on; SET auto_explain.log_level TO notice; INSERT INTO time_statistics (template, s_time, stream, query, seed) VALUES ('../query_postgresql/query94.tpl', TRANSACTION_TIMESTAMP(), 7, 93, 108513581);
LOAD
SET
SET
SET
psql:/tmp/s1-basline/throughput/query_7.sql:4661: NOTICE:  duration: 0.020 ms  plan:
Query Text: INSERT INTO time_statistics (template, s_time, stream, query, seed) VALUES ('../query_postgresql/query94.tpl', TRANSACTION_TIMESTAMP(), 7, 93, 108513581);
Insert on time_statistics  (cost=0.00..0.01 rows=0 width=0) (actual time=0.019..0.019 rows=0 loops=1)
  ->  Result  (cost=0.00..0.01 rows=1 width=64) (actual time=0.001..0.002 rows=1 loops=1)
INSERT 0 1
select  
   count(distinct ws_order_number) as "order count"
  ,sum(ws_ext_ship_cost) as "total shipping cost"
  ,sum(ws_net_profit) as "total net profit"
from
   web_sales ws1
  ,date_dim
  ,customer_address
  ,web_site
where
    d_date between '2000-4-01' and 
           (cast('2000-4-01' as date) + interval '60 days')
and ws1.ws_ship_date_sk = d_date_sk
and ws1.ws_ship_addr_sk = ca_address_sk
and ca_state = 'IL'
and ws1.ws_web_site_sk = web_site_sk
and web_company_name = 'pri'
and exists (select *
            from web_sales ws2
            where ws1.ws_order_number = ws2.ws_order_number
              and ws1.ws_warehouse_sk <> ws2.ws_warehouse_sk)
and not exists(select *
               from web_returns wr1
               where ws1.ws_order_number = wr1.wr_order_number)
order by count(distinct ws_order_number)
limit 100;
psql:/tmp/s1-basline/throughput/query_7.sql:4687: NOTICE:  duration: 177.193 ms  plan:
Query Text: select  
   count(distinct ws_order_number) as "order count"
  ,sum(ws_ext_ship_cost) as "total shipping cost"
  ,sum(ws_net_profit) as "total net profit"
from
   web_sales ws1
  ,date_dim
  ,customer_address
  ,web_site
where
    d_date between '2000-4-01' and 
           (cast('2000-4-01' as date) + interval '60 days')
and ws1.ws_ship_date_sk = d_date_sk
and ws1.ws_ship_addr_sk = ca_address_sk
and ca_state = 'IL'
and ws1.ws_web_site_sk = web_site_sk
and web_company_name = 'pri'
and exists (select *
            from web_sales ws2
            where ws1.ws_order_number = ws2.ws_order_number
              and ws1.ws_warehouse_sk <> ws2.ws_warehouse_sk)
and not exists(select *
               from web_returns wr1
               where ws1.ws_order_number = wr1.wr_order_number)
order by count(distinct ws_order_number)
limit 100;
Limit  (cost=37653.80..37653.81 rows=1 width=24) (actual time=135.426..177.183 rows=1 loops=1)
  ->  Sort  (cost=37653.80..37653.81 rows=1 width=24) (actual time=135.425..177.182 rows=1 loops=1)
        Sort Key: (count(DISTINCT ws1.ws_order_number))
        Sort Method: quicksort  Memory: 25kB
        ->  Aggregate  (cost=37653.78..37653.79 rows=1 width=24) (actual time=135.419..177.175 rows=1 loops=1)
              ->  Gather  (cost=1009.03..37653.77 rows=2 width=24) (actual time=11.792..177.146 rows=39 loops=1)
                    Workers Planned: 2
                    Workers Launched: 2
                    ->  Nested Loop Semi Join  (cost=9.03..36653.57 rows=1 width=24) (actual time=19.354..130.822 rows=13 loops=3)
                          ->  Nested Loop Anti Join  (cost=8.61..31233.79 rows=1 width=32) (actual time=16.174..110.164 rows=13 loops=3)
                                ->  Nested Loop  (cost=8.19..30593.36 rows=2 width=32) (actual time=5.799..81.780 rows=42 loops=3)
                                      ->  Hash Join  (cost=7.90..30570.59 rows=73 width=40) (actual time=0.358..77.126 rows=1327 loops=3)
                                            Hash Cond: (ws1.ws_web_site_sk = web_site.web_site_sk)
                                            ->  Hash Join  (cost=5.41..30567.38 rows=243 width=48) (actual time=0.201..76.458 rows=5327 loops=3)
                                                  Hash Cond: (ws1.ws_ship_date_sk = date_dim.d_date_sk)
                                                  ->  Parallel Seq Scan on web_sales ws1  (cost=0.00..29771.63 rows=301063 width=56) (actual time=0.016..45.967 rows=237185 loops=3)
                                                  ->  Hash  (cost=4.67..4.67 rows=59 width=8) (actual time=0.099..0.099 rows=61 loops=3)
                                                        Buckets: 1024  Batches: 1  Memory Usage: 11kB
                                                        ->  Index Scan using i_d_date on date_dim  (cost=0.29..4.67 rows=59 width=8) (actual time=0.064..0.085 rows=61 loops=3)
                                                              Index Cond: ((d_date >= '2000-04-01'::date) AND (d_date <= '2000-05-31 00:00:00'::timestamp without time zone))
                                            ->  Hash  (cost=2.38..2.38 rows=9 width=8) (actual time=0.050..0.050 rows=9 loops=3)
                                                  Buckets: 1024  Batches: 1  Memory Usage: 9kB
                                                  ->  Seq Scan on web_site  (cost=0.00..2.38 rows=9 width=8) (actual time=0.028..0.046 rows=9 loops=3)
                                                        Filter: (web_company_name = 'pri'::bpchar)
                                                        Rows Removed by Filter: 21
                                      ->  Index Scan using pk_customer_address on customer_address  (cost=0.29..0.31 rows=1 width=8) (actual time=0.003..0.003 rows=0 loops=3980)
                                            Index Cond: (ca_address_sk = ws1.ws_ship_addr_sk)
                                            Filter: (ca_state = 'IL'::bpchar)
                                            Rows Removed by Filter: 1
                                ->  Index Only Scan using pk_web_returns on web_returns wr1  (cost=0.42..541.62 rows=2 width=8) (actual time=0.670..0.670 rows=1 loops=127)
                                      Index Cond: (wr_order_number = ws1.ws_order_number)
                                      Heap Fetches: 26
                          ->  Index Scan using pk_web_sales on web_sales ws2  (cost=0.42..5419.76 rows=10 width=16) (actual time=1.588..1.588 rows=1 loops=39)
                                Index Cond: (ws_order_number = ws1.ws_order_number)
                                Filter: (ws1.ws_warehouse_sk <> ws_warehouse_sk)
                                Rows Removed by Filter: 0
 order count | total shipping cost |  total net profit   
-------------+---------------------+---------------------
          24 |   44283.93999999999 | -24674.629999999994
(1 row)

UPDATE time_statistics SET e_time = TRANSACTION_TIMESTAMP() WHERE template = '../query_postgresql/query94.tpl' AND stream = 7;
psql:/tmp/s1-basline/throughput/query_7.sql:4689: NOTICE:  duration: 0.104 ms  plan:
Query Text: UPDATE time_statistics SET e_time = TRANSACTION_TIMESTAMP() WHERE template = '../query_postgresql/query94.tpl' AND stream = 7;
Update on time_statistics  (cost=0.00..22.34 rows=0 width=0) (actual time=0.104..0.104 rows=0 loops=1)
  ->  Seq Scan on time_statistics  (cost=0.00..22.34 rows=1 width=14) (actual time=0.088..0.088 rows=1 loops=1)
        Filter: ((template = '../query_postgresql/query94.tpl'::text) AND (stream = 7))
        Rows Removed by Filter: 788
UPDATE 1
LOAD 'auto_explain'; SET auto_explain.log_min_duration TO 0; SET auto_explain.log_analyze TO on; SET auto_explain.log_level TO notice; INSERT INTO time_statistics (template, s_time, stream, query, seed) VALUES ('../query_postgresql/query16.tpl', TRANSACTION_TIMESTAMP(), 7, 94, 517835402);
LOAD
SET
SET
SET
psql:/tmp/s1-basline/throughput/query_7.sql:4690: NOTICE:  duration: 0.008 ms  plan:
Query Text: INSERT INTO time_statistics (template, s_time, stream, query, seed) VALUES ('../query_postgresql/query16.tpl', TRANSACTION_TIMESTAMP(), 7, 94, 517835402);
Insert on time_statistics  (cost=0.00..0.01 rows=0 width=0) (actual time=0.008..0.008 rows=0 loops=1)
  ->  Result  (cost=0.00..0.01 rows=1 width=64) (actual time=0.001..0.002 rows=1 loops=1)
INSERT 0 1
select  
   count(distinct cs_order_number) as "order count"
  ,sum(cs_ext_ship_cost) as "total shipping cost"
  ,sum(cs_net_profit) as "total net profit"
from
   catalog_sales cs1
  ,date_dim
  ,customer_address
  ,call_center
where
    d_date between '2001-2-01' and 
           (cast('2001-2-01' as date) + interval '60 days')
and cs1.cs_ship_date_sk = d_date_sk
and cs1.cs_ship_addr_sk = ca_address_sk
and ca_state = 'TX'
and cs1.cs_call_center_sk = cc_call_center_sk
and cc_county in ('Williamson County','Williamson County','Williamson County','Williamson County',
                  'Williamson County'
)
and exists (select *
            from catalog_sales cs2
            where cs1.cs_order_number = cs2.cs_order_number
              and cs1.cs_warehouse_sk <> cs2.cs_warehouse_sk)
and not exists(select *
               from catalog_returns cr1
               where cs1.cs_order_number = cr1.cr_order_number)
order by count(distinct cs_order_number)
limit 100;
psql:/tmp/s1-basline/throughput/query_7.sql:4718: NOTICE:  duration: 1780.595 ms  plan:
Query Text: select  
   count(distinct cs_order_number) as "order count"
  ,sum(cs_ext_ship_cost) as "total shipping cost"
  ,sum(cs_net_profit) as "total net profit"
from
   catalog_sales cs1
  ,date_dim
  ,customer_address
  ,call_center
where
    d_date between '2001-2-01' and 
           (cast('2001-2-01' as date) + interval '60 days')
and cs1.cs_ship_date_sk = d_date_sk
and cs1.cs_ship_addr_sk = ca_address_sk
and ca_state = 'TX'
and cs1.cs_call_center_sk = cc_call_center_sk
and cc_county in ('Williamson County','Williamson County','Williamson County','Williamson County',
                  'Williamson County'
)
and exists (select *
            from catalog_sales cs2
            where cs1.cs_order_number = cs2.cs_order_number
              and cs1.cs_warehouse_sk <> cs2.cs_warehouse_sk)
and not exists(select *
               from catalog_returns cr1
               where cs1.cs_order_number = cr1.cr_order_number)
order by count(distinct cs_order_number)
limit 100;
Limit  (cost=82576.32..82576.32 rows=1 width=24) (actual time=1715.546..1780.584 rows=1 loops=1)
  ->  Sort  (cost=82576.32..82576.32 rows=1 width=24) (actual time=1715.545..1780.582 rows=1 loops=1)
        Sort Key: (count(DISTINCT cs1.cs_order_number))
        Sort Method: quicksort  Memory: 25kB
        ->  Aggregate  (cost=82576.30..82576.31 rows=1 width=24) (actual time=1715.540..1780.577 rows=1 loops=1)
              ->  Nested Loop  (cost=4433.40..82576.21 rows=11 width=24) (actual time=120.637..1780.232 rows=1237 loops=1)
                    Join Filter: (cs1.cs_call_center_sk = call_center.cc_call_center_sk)
                    Rows Removed by Join Filter: 2207
                    ->  Gather  (cost=4433.40..82574.24 rows=11 width=32) (actual time=120.621..1779.503 rows=1238 loops=1)
                          Workers Planned: 2
                          Workers Launched: 2
                          ->  Nested Loop Semi Join  (cost=3433.40..81573.14 rows=5 width=32) (actual time=116.298..1708.782 rows=413 loops=3)
                                ->  Nested Loop  (cost=3432.98..64523.92 rows=5 width=40) (actual time=112.490..194.660 rows=413 loops=3)
                                      ->  Parallel Hash Anti Join  (cost=3432.69..64505.57 rows=59 width=48) (actual time=111.873..181.322 rows=5775 loops=3)
                                            Hash Cond: (cs1.cs_order_number = cr1.cr_order_number)
                                            ->  Hash Join  (cost=5.41..61075.95 rows=484 width=48) (actual time=76.823..142.541 rows=15787 loops=3)
                                                  Hash Cond: (cs1.cs_ship_date_sk = date_dim.d_date_sk)
                                                  ->  Parallel Seq Scan on catalog_sales cs1  (cost=0.00..59490.16 rows=602016 width=56) (actual time=0.012..79.075 rows=473789 loops=3)
                                                  ->  Hash  (cost=4.67..4.67 rows=59 width=8) (actual time=0.074..0.075 rows=61 loops=3)
                                                        Buckets: 1024  Batches: 1  Memory Usage: 11kB
                                                        ->  Index Scan using i_d_date on date_dim  (cost=0.29..4.67 rows=59 width=8) (actual time=0.049..0.065 rows=61 loops=3)
                                                              Index Cond: ((d_date >= '2001-02-01'::date) AND (d_date <= '2001-04-02 00:00:00'::timestamp without time zone))
                                            ->  Parallel Hash  (cost=2361.29..2361.29 rows=85279 width=8) (actual time=34.025..34.026 rows=47785 loops=3)
                                                  Buckets: 262144  Batches: 1  Memory Usage: 7712kB
                                                  ->  Parallel Index Only Scan using pk_catalog_returns on catalog_returns cr1  (cost=0.42..2361.29 rows=85279 width=8) (actual time=0.044..20.406 rows=47785 loops=3)
                                                        Heap Fetches: 37989
                                      ->  Index Scan using pk_customer_address on customer_address  (cost=0.29..0.31 rows=1 width=8) (actual time=0.002..0.002 rows=0 loops=17324)
                                            Index Cond: (ca_address_sk = cs1.cs_ship_addr_sk)
                                            Filter: (ca_state = 'TX'::bpchar)
                                            Rows Removed by Filter: 1
                                ->  Index Scan using pk_catalog_sales on catalog_sales cs2  (cost=0.43..10836.97 rows=13 width=16) (actual time=3.665..3.665 rows=1 loops=1239)
                                      Index Cond: (cs_order_number = cs1.cs_order_number)
                                      Filter: (cs1.cs_warehouse_sk <> cs_warehouse_sk)
                                      Rows Removed by Filter: 0
                    ->  Materialize  (cost=0.00..1.13 rows=6 width=8) (actual time=0.000..0.000 rows=3 loops=1238)
                          ->  Seq Scan on call_center  (cost=0.00..1.10 rows=6 width=8) (actual time=0.011..0.016 rows=6 loops=1)
                                Filter: ((cc_county)::text = ANY ('{"Williamson County","Williamson County","Williamson County","Williamson County","Williamson County"}'::text[]))
 order count | total shipping cost |  total net profit   
-------------+---------------------+---------------------
         374 |  1647201.9300000004 | -266793.47000000003
(1 row)

UPDATE time_statistics SET e_time = TRANSACTION_TIMESTAMP() WHERE template = '../query_postgresql/query16.tpl' AND stream = 7;
psql:/tmp/s1-basline/throughput/query_7.sql:4720: NOTICE:  duration: 0.104 ms  plan:
Query Text: UPDATE time_statistics SET e_time = TRANSACTION_TIMESTAMP() WHERE template = '../query_postgresql/query16.tpl' AND stream = 7;
Update on time_statistics  (cost=0.00..22.34 rows=0 width=0) (actual time=0.103..0.103 rows=0 loops=1)
  ->  Seq Scan on time_statistics  (cost=0.00..22.34 rows=1 width=14) (actual time=0.089..0.089 rows=1 loops=1)
        Filter: ((template = '../query_postgresql/query16.tpl'::text) AND (stream = 7))
        Rows Removed by Filter: 789
UPDATE 1
LOAD 'auto_explain'; SET auto_explain.log_min_duration TO 0; SET auto_explain.log_analyze TO on; SET auto_explain.log_level TO notice; INSERT INTO time_statistics (template, s_time, stream, query, seed) VALUES ('query90.tpl', TRANSACTION_TIMESTAMP(), 7, 95, 1658296651);
LOAD
SET
SET
SET
psql:/tmp/s1-basline/throughput/query_7.sql:4721: NOTICE:  duration: 0.009 ms  plan:
Query Text: INSERT INTO time_statistics (template, s_time, stream, query, seed) VALUES ('query90.tpl', TRANSACTION_TIMESTAMP(), 7, 95, 1658296651);
Insert on time_statistics  (cost=0.00..0.01 rows=0 width=0) (actual time=0.008..0.008 rows=0 loops=1)
  ->  Result  (cost=0.00..0.01 rows=1 width=64) (actual time=0.001..0.002 rows=1 loops=1)
INSERT 0 1
select  cast(amc as decimal(15,4))/cast(pmc as decimal(15,4)) am_pm_ratio
 from ( select count(*) amc
       from web_sales, household_demographics , time_dim, web_page
       where ws_sold_time_sk = time_dim.t_time_sk
         and ws_ship_hdemo_sk = household_demographics.hd_demo_sk
         and ws_web_page_sk = web_page.wp_web_page_sk
         and time_dim.t_hour between 11 and 11+1
         and household_demographics.hd_dep_count = 1
         and web_page.wp_char_count between 5000 and 5200) at,
      ( select count(*) pmc
       from web_sales, household_demographics , time_dim, web_page
       where ws_sold_time_sk = time_dim.t_time_sk
         and ws_ship_hdemo_sk = household_demographics.hd_demo_sk
         and ws_web_page_sk = web_page.wp_web_page_sk
         and time_dim.t_hour between 16 and 16+1
         and household_demographics.hd_dep_count = 1
         and web_page.wp_char_count between 5000 and 5200) pt
 order by am_pm_ratio
 limit 100;
psql:/tmp/s1-basline/throughput/query_7.sql:4740: ERROR:  division by zero
UPDATE time_statistics SET e_time = TRANSACTION_TIMESTAMP() WHERE template = 'query90.tpl' AND stream = 7;
psql:/tmp/s1-basline/throughput/query_7.sql:4742: NOTICE:  duration: 0.086 ms  plan:
Query Text: UPDATE time_statistics SET e_time = TRANSACTION_TIMESTAMP() WHERE template = 'query90.tpl' AND stream = 7;
Update on time_statistics  (cost=0.00..22.34 rows=0 width=0) (actual time=0.085..0.086 rows=0 loops=1)
  ->  Seq Scan on time_statistics  (cost=0.00..22.34 rows=1 width=14) (actual time=0.078..0.079 rows=1 loops=1)
        Filter: ((template = 'query90.tpl'::text) AND (stream = 7))
        Rows Removed by Filter: 790
UPDATE 1
LOAD 'auto_explain'; SET auto_explain.log_min_duration TO 0; SET auto_explain.log_analyze TO on; SET auto_explain.log_level TO notice; INSERT INTO time_statistics (template, s_time, stream, query, seed) VALUES ('query57.tpl', TRANSACTION_TIMESTAMP(), 7, 96, 1609247239);
LOAD
SET
SET
SET
psql:/tmp/s1-basline/throughput/query_7.sql:4743: NOTICE:  duration: 0.007 ms  plan:
Query Text: INSERT INTO time_statistics (template, s_time, stream, query, seed) VALUES ('query57.tpl', TRANSACTION_TIMESTAMP(), 7, 96, 1609247239);
Insert on time_statistics  (cost=0.00..0.01 rows=0 width=0) (actual time=0.007..0.007 rows=0 loops=1)
  ->  Result  (cost=0.00..0.01 rows=1 width=64) (actual time=0.001..0.001 rows=1 loops=1)
INSERT 0 1
with v1 as(
 select i_category, i_brand,
        cc_name,
        d_year, d_moy,
        sum(cs_sales_price) sum_sales,
        avg(sum(cs_sales_price)) over
          (partition by i_category, i_brand,
                     cc_name, d_year)
          avg_monthly_sales,
        rank() over
          (partition by i_category, i_brand,
                     cc_name
           order by d_year, d_moy) rn
 from item, catalog_sales, date_dim, call_center
 where cs_item_sk = i_item_sk and
       cs_sold_date_sk = d_date_sk and
       cc_call_center_sk= cs_call_center_sk and
       (
         d_year = 2000 or
         ( d_year = 2000-1 and d_moy =12) or
         ( d_year = 2000+1 and d_moy =1)
       )
 group by i_category, i_brand,
          cc_name , d_year, d_moy),
 v2 as(
 select v1.cc_name
        ,v1.d_year
        ,v1.avg_monthly_sales
        ,v1.sum_sales, v1_lag.sum_sales psum, v1_lead.sum_sales nsum
 from v1, v1 v1_lag, v1 v1_lead
 where v1.i_category = v1_lag.i_category and
       v1.i_category = v1_lead.i_category and
       v1.i_brand = v1_lag.i_brand and
       v1.i_brand = v1_lead.i_brand and
       v1. cc_name = v1_lag. cc_name and
       v1. cc_name = v1_lead. cc_name and
       v1.rn = v1_lag.rn + 1 and
       v1.rn = v1_lead.rn - 1)
  select  *
 from v2
 where  d_year = 2000 and
        avg_monthly_sales > 0 and
        case when avg_monthly_sales > 0 then abs(sum_sales - avg_monthly_sales) / avg_monthly_sales else null end > 0.1
 order by sum_sales - avg_monthly_sales, nsum
 limit 100;
psql:/tmp/s1-basline/throughput/query_7.sql:4788: NOTICE:  duration: 1586.623 ms  plan:
Query Text: with v1 as(
 select i_category, i_brand,
        cc_name,
        d_year, d_moy,
        sum(cs_sales_price) sum_sales,
        avg(sum(cs_sales_price)) over
          (partition by i_category, i_brand,
                     cc_name, d_year)
          avg_monthly_sales,
        rank() over
          (partition by i_category, i_brand,
                     cc_name
           order by d_year, d_moy) rn
 from item, catalog_sales, date_dim, call_center
 where cs_item_sk = i_item_sk and
       cs_sold_date_sk = d_date_sk and
       cc_call_center_sk= cs_call_center_sk and
       (
         d_year = 2000 or
         ( d_year = 2000-1 and d_moy =12) or
         ( d_year = 2000+1 and d_moy =1)
       )
 group by i_category, i_brand,
          cc_name , d_year, d_moy),
 v2 as(
 select v1.cc_name
        ,v1.d_year
        ,v1.avg_monthly_sales
        ,v1.sum_sales, v1_lag.sum_sales psum, v1_lead.sum_sales nsum
 from v1, v1 v1_lag, v1 v1_lead
 where v1.i_category = v1_lag.i_category and
       v1.i_category = v1_lead.i_category and
       v1.i_brand = v1_lag.i_brand and
       v1.i_brand = v1_lead.i_brand and
       v1. cc_name = v1_lag. cc_name and
       v1. cc_name = v1_lead. cc_name and
       v1.rn = v1_lag.rn + 1 and
       v1.rn = v1_lead.rn - 1)
  select  *
 from v2
 where  d_year = 2000 and
        avg_monthly_sales > 0 and
        case when avg_monthly_sales > 0 then abs(sum_sales - avg_monthly_sales) / avg_monthly_sales else null end > 0.1
 order by sum_sales - avg_monthly_sales, nsum
 limit 100;
Limit  (cost=29083.79..29083.80 rows=1 width=162) (actual time=1586.523..1586.542 rows=100 loops=1)
  CTE v1
    ->  WindowAgg  (cost=27549.43..28171.41 rows=8293 width=146) (actual time=1153.123..1496.402 rows=31806 loops=1)
          ->  WindowAgg  (cost=27549.43..27984.82 rows=8293 width=138) (actual time=1153.103..1471.479 rows=31806 loops=1)
                ->  GroupAggregate  (cost=27549.43..27777.49 rows=8293 width=130) (actual time=1153.086..1439.755 rows=31806 loops=1)
                      Group Key: item.i_category, item.i_brand, call_center.cc_name, date_dim.d_year, date_dim.d_moy
                      ->  Sort  (cost=27549.43..27570.17 rows=8293 width=130) (actual time=1153.073..1326.336 rows=337504 loops=1)
                            Sort Key: item.i_category, item.i_brand, call_center.cc_name, date_dim.d_year, date_dim.d_moy
                            Sort Method: external merge  Disk: 47232kB
                            ->  Hash Join  (cost=1662.56..27009.66 rows=8293 width=130) (actual time=15.796..276.037 rows=337504 loops=1)
                                  Hash Cond: (catalog_sales.cs_call_center_sk = call_center.cc_call_center_sk)
                                  ->  Hash Join  (cost=1661.43..26971.26 rows=8337 width=126) (actual time=15.787..222.343 rows=344430 loops=1)
                                        Hash Cond: (catalog_sales.cs_item_sk = item.i_item_sk)
                                        ->  Nested Loop  (cost=0.43..25288.38 rows=8337 width=32) (actual time=5.098..142.729 rows=344430 loops=1)
                                              ->  Seq Scan on date_dim  (cost=0.00..3048.60 rows=424 width=16) (actual time=5.084..10.456 rows=428 loops=1)
                                                    Filter: ((d_year = 2000) OR ((d_year = 1999) AND (d_moy = 12)) OR ((d_year = 2001) AND (d_moy = 1)))
                                                    Rows Removed by Filter: 72621
                                              ->  Index Scan using i_cs_sold_date_sk on catalog_sales  (cost=0.43..44.60 rows=785 width=32) (actual time=0.004..0.142 rows=805 loops=428)
                                                    Index Cond: (cs_sold_date_sk = date_dim.d_date_sk)
                                        ->  Hash  (cost=1436.00..1436.00 rows=18000 width=110) (actual time=10.672..10.672 rows=18000 loops=1)
                                              Buckets: 32768  Batches: 1  Memory Usage: 2783kB
                                              ->  Seq Scan on item  (cost=0.00..1436.00 rows=18000 width=110) (actual time=0.003..6.754 rows=18000 loops=1)
                                  ->  Hash  (cost=1.06..1.06 rows=6 width=20) (actual time=0.006..0.007 rows=6 loops=1)
                                        Buckets: 1024  Batches: 1  Memory Usage: 9kB
                                        ->  Seq Scan on call_center  (cost=0.00..1.06 rows=6 width=20) (actual time=0.003..0.004 rows=6 loops=1)
  ->  Sort  (cost=912.38..912.39 rows=1 width=162) (actual time=1586.522..1586.528 rows=100 loops=1)
        Sort Key: ((v1.sum_sales - v1.avg_monthly_sales)), v1_lead.sum_sales
        Sort Method: top-N heapsort  Memory: 48kB
        ->  Hash Join  (cost=611.74..912.37 rows=1 width=162) (actual time=1559.873..1581.561 rows=23843 loops=1)
              Hash Cond: ((v1_lead.i_category = v1.i_category) AND (v1_lead.i_brand = v1.i_brand) AND ((v1_lead.cc_name)::text = (v1.cc_name)::text) AND ((v1_lead.rn - 1) = v1.rn))
              ->  CTE Scan on v1 v1_lead  (cost=0.00..165.86 rows=8293 width=542) (actual time=1153.125..1155.849 rows=31806 loops=1)
              ->  Hash  (cost=611.72..611.72 rows=1 width=1096) (actual time=406.727..406.728 rows=24799 loops=1)
                    Buckets: 32768 (originally 1024)  Batches: 1 (originally 1)  Memory Usage: 7877kB
                    ->  Hash Join  (cost=311.09..611.72 rows=1 width=1096) (actual time=372.125..395.064 rows=24799 loops=1)
                          Hash Cond: ((v1_lag.i_category = v1.i_category) AND (v1_lag.i_brand = v1.i_brand) AND ((v1_lag.cc_name)::text = (v1.cc_name)::text) AND ((v1_lag.rn + 1) = v1.rn))
                          ->  CTE Scan on v1 v1_lag  (cost=0.00..165.86 rows=8293 width=542) (actual time=0.001..3.186 rows=31806 loops=1)
                          ->  Hash  (cost=310.99..310.99 rows=5 width=554) (actual time=372.112..372.112 rows=24947 loops=1)
                                Buckets: 32768 (originally 1024)  Batches: 1 (originally 1)  Memory Usage: 4674kB
                                ->  CTE Scan on v1  (cost=0.00..310.99 rows=5 width=554) (actual time=0.216..360.298 rows=25190 loops=1)
                                      Filter: ((avg_monthly_sales > '0'::double precision) AND (d_year = 2000) AND (CASE WHEN (avg_monthly_sales > '0'::double precision) THEN (abs((sum_sales - avg_monthly_sales)) / avg_monthly_sales) ELSE NULL::double precision END > '0.1'::double precision))
                                      Rows Removed by Filter: 6616
    cc_name    | d_year | avg_monthly_sales  |     sum_sales      |        psum        |        nsum        
---------------+--------+--------------------+--------------------+--------------------+--------------------
 North Midwest |   2000 |  7559.341666666667 | 2767.5800000000004 |  7121.919999999996 |  4805.180000000001
 NY Metro      |   2000 |  7736.606666666667 |  3069.880000000001 |            4724.15 | 11218.300000000003
 NY Metro      |   2000 |  6875.587499999999 |  2419.879999999999 | 4440.2300000000005 |  3432.639999999999
 NY Metro      |   2000 |  7097.114999999998 | 2764.8299999999995 |  4004.369999999999 |  3822.100000000001
 NY Metro      |   2000 |  6840.833333333332 |            2597.66 |            4057.97 |  4555.720000000002
 NY Metro      |   2000 |  7736.606666666667 |            3530.28 | 3771.8999999999983 |            5041.91
 North Midwest |   2000 |  7049.770833333332 | 2895.6599999999994 | 3215.7000000000003 |  3730.850000000001
 NY Metro      |   2000 |          6360.9425 | 2281.5999999999995 | 3408.4499999999994 | 3406.1199999999994
 North Midwest |   2000 |  6369.418333333334 |  2314.599999999999 |  8945.110000000008 |  4900.750000000003
 North Midwest |   2000 |  7559.341666666667 |  3577.350000000001 |  4453.740000000001 |  5453.189999999999
 NY Metro      |   2000 |          6108.3425 | 2135.3200000000006 | 3179.4899999999993 |  4804.390000000001
 North Midwest |   2000 |  6950.985833333333 | 2978.0199999999995 | 3623.6600000000003 |  4745.659999999996
 NY Metro      |   2000 |  7736.606666666667 | 3771.8999999999983 |  9018.140000000001 |            3530.28
 Mid Atlantic  |   2000 |  7369.710833333331 | 3423.6299999999997 | 3691.9300000000007 |            4820.33
 NY Metro      |   2000 |  6491.618333333333 |            2585.29 |            4184.67 |  5238.700000000002
 Mid Atlantic  |   2000 |          7123.2625 | 3224.0499999999993 |            5732.97 |  4264.129999999999
 Mid Atlantic  |   2000 |  6575.080833333333 | 2702.8599999999997 |            4418.99 |  9381.480000000001
 North Midwest |   2000 |  7049.770833333332 | 3215.7000000000003 |  6098.589999999998 | 2895.6599999999994
 Mid Atlantic  |   2000 |          6342.6725 |  2537.929999999999 | 3477.8699999999994 |  4100.839999999999
 North Midwest |   2000 |  6868.104166666668 |  3092.800000000001 |  4987.190000000004 |  3175.529999999999
 North Midwest |   2000 |  6407.166666666667 | 2658.2400000000007 |            4211.22 |            4012.26
 NY Metro      |   2000 |  6162.566666666665 |  2452.759999999999 | 3189.6700000000005 |            2885.14
 Mid Atlantic  |   2000 |  6658.076666666668 | 2964.3100000000004 | 6013.3700000000035 | 3767.6600000000008
 North Midwest |   2000 |  6868.104166666668 |  3175.529999999999 |  3092.800000000001 |  4901.140000000001
 Mid Atlantic  |   2000 |  7369.710833333331 | 3691.9300000000007 |  4209.029999999997 | 3423.6299999999997
 Mid Atlantic  |   2000 |  6784.128333333331 |  3106.550000000001 |             4247.1 |  8029.300000000002
 Mid Atlantic  |   2000 |  6363.949166666666 | 2688.8099999999986 | 3800.3199999999993 |            4534.93
 Mid Atlantic  |   2000 |          6342.6725 |            2670.86 |  5981.039999999997 |  3540.690000000001
 NY Metro      |   2000 |          6812.3875 |  3150.040000000001 |  4872.760000000001 |  5454.319999999997
 Mid Atlantic  |   2000 |          7473.7775 |            3818.56 |  7272.809999999999 |            4909.43
 NY Metro      |   2000 |  7097.114999999998 |  3462.819999999998 |            3893.85 | 3500.0699999999997
 Mid Atlantic  |   2000 |  6784.128333333331 | 3157.9199999999987 |  4013.269999999999 |  4893.380000000001
 NY Metro      |   2000 |  6474.939166666667 | 2851.1199999999985 |            4330.25 |            4227.74
 Mid Atlantic  |   2000 | 6165.4541666666655 | 2545.1199999999994 | 3834.2299999999996 | 2667.1999999999985
 North Midwest |   2000 |  6407.166666666667 |  2795.479999999999 |            3683.88 |            4211.22
 North Midwest |   2000 |  6254.936666666666 | 2655.3199999999993 |  4864.469999999999 |            5333.27
 NY Metro      |   2000 |  7097.114999999998 | 3500.0699999999997 |  3462.819999999998 |  4975.030000000002
 NY Metro      |   2000 |          6592.7225 | 3003.6100000000006 | 5131.6500000000015 | 4025.8400000000015
 Mid Atlantic  |   2000 | 6165.4541666666655 | 2667.1999999999985 | 2545.1199999999994 |            4197.21
 Mid Atlantic  |   2000 |  6696.497500000001 |  3208.150000000001 |            4211.91 |            5464.22
 Mid Atlantic  |   2000 |            6242.47 | 2768.0199999999995 |             3607.7 |  3439.869999999999
 Mid Atlantic  |   2000 |  6819.954166666666 | 3359.8300000000004 | 3593.5799999999995 |  4861.860000000001
 NY Metro      |   2000 |  6875.587499999999 |  3432.639999999999 |  2419.879999999999 | 11258.369999999997
 North Midwest |   2000 |  6869.705833333334 |  3429.959999999999 |            4567.19 |            4773.66
 North Midwest |   2000 |  7049.770833333332 | 3610.5399999999986 |            4607.37 | 10146.380000000001
 NY Metro      |   2000 |  6474.939166666667 |  3048.729999999999 |            3741.87 |            4330.59
 NY Metro      |   2000 |  7258.350000000001 |            3838.44 |            3888.56 |  4115.619999999999
 NY Metro      |   2000 |  7258.350000000001 |            3843.32 |  4682.369999999999 | 11021.930000000004
 Mid Atlantic  |   2000 |  6784.128333333331 |            3384.93 | 3555.4500000000003 |  4013.269999999999
 NY Metro      |   2000 |  5551.178333333333 | 2154.7600000000007 |            3412.33 |  4198.700000000001
 Mid Atlantic  |   2000 |  5945.564166666667 | 2550.0699999999997 |  3897.200000000001 |            3742.44
 Mid Atlantic  |   2000 |          6342.6725 |            2950.63 |  4559.219999999999 | 10135.080000000005
 Mid Atlantic  |   2000 |  6696.497500000001 | 3319.7800000000007 | 3561.0499999999993 |  8242.850000000002
 North Midwest |   2000 |  6210.083333333332 |  2833.580000000001 |               2927 |  3628.539999999999
 NY Metro      |   2000 |  7258.350000000001 |            3888.56 |  5045.049999999999 |            3838.44
 NY Metro      |   2000 |  6992.142499999999 | 3628.2700000000004 |  3868.839999999999 |  3675.330000000001
 NY Metro      |   2000 |  5923.923333333333 | 2564.3199999999997 |  4594.549999999998 |  2765.539999999999
 North Midwest |   2000 |  6350.059166666667 | 2994.0200000000013 |            6455.95 |            4314.81
 NY Metro      |   2000 |  6389.750833333333 |  3039.689999999999 |  4870.540000000002 |            8441.51
 Mid Atlantic  |   2000 |          7123.2625 |  3783.409999999999 |  4788.219999999999 |  5948.579999999999
 Mid Atlantic  |   2000 |          7473.7775 |  4146.209999999998 |  4709.290000000001 | 10585.130000000003
 North Midwest |   2000 |  6950.985833333333 | 3623.6600000000003 |  4774.360000000003 | 2978.0199999999995
 NY Metro      |   2000 |  5965.694166666667 | 2646.0599999999995 |  6860.050000000002 |  3435.489999999999
 North Midwest |   2000 |  7049.770833333332 |  3730.850000000001 | 2895.6599999999994 | 4095.4499999999994
 NY Metro      |   2000 |  6992.142499999999 |  3675.330000000001 | 3628.2700000000004 |  4166.400000000001
 Mid Atlantic  |   2000 |  6135.224999999999 | 2821.7099999999996 |  4475.160000000001 | 3931.4599999999987
 NY Metro      |   2000 |  6616.156666666666 | 3318.5400000000013 | 3648.1399999999994 |  4241.889999999999
 Mid Atlantic  |   2000 |  6575.080833333333 | 3281.3499999999995 |            4302.33 |  4826.349999999998
 NY Metro      |   2000 |          6108.3425 | 2821.0499999999997 | 3841.4600000000005 | 3179.4899999999993
 Mid Atlantic  |   2000 |  7369.710833333331 | 4085.6099999999997 |            4265.71 |  4209.029999999997
 North Midwest |   2000 |  6210.083333333332 |               2927 | 3529.9900000000007 |  2833.580000000001
 NY Metro      |   2000 |  6162.566666666665 |            2885.14 |  2452.759999999999 |            4190.97
 NY Metro      |   2000 |  7097.114999999998 |  3822.100000000001 | 2764.8299999999995 |            3893.85
 NY Metro      |   2000 |  6491.618333333333 | 3219.0099999999998 |            4577.84 |  3806.640000000001
 North Midwest |   2000 |  7023.525000000001 | 3756.6100000000006 |  4348.090000000001 | 4408.6399999999985
 NY Metro      |   2000 |  6616.156666666666 | 3349.5699999999997 |  4241.889999999999 |  4397.079999999998
 North Midwest |   2000 |  6210.083333333332 | 2953.2399999999993 |  3628.539999999999 | 3611.9800000000005
 NY Metro      |   2000 |  6875.587499999999 | 3619.1999999999994 |  3685.049999999999 |  4311.199999999998
 North Midwest |   2000 |  7023.525000000001 |            3771.16 |            4292.15 |  4348.090000000001
 North Midwest |   2000 |  6069.210833333334 | 2838.6199999999994 |  4242.940000000001 |             4036.9
 Mid Atlantic  |   2000 |  6784.128333333331 | 3555.4500000000003 |            5208.35 |            3384.93
 Mid Atlantic  |   2000 |  6819.954166666666 | 3593.5799999999995 |  3813.289999999999 | 3359.8300000000004
 NY Metro      |   2000 |  5551.178333333333 | 2333.6699999999996 | 2765.4800000000005 |            8404.28
 North Midwest |   2000 |  6254.936666666666 |             3037.7 | 3380.5599999999995 |  3269.150000000001
 NY Metro      |   2000 |  7097.114999999998 |            3893.85 |  3822.100000000001 |  3462.819999999998
 NY Metro      |   2000 |  6389.750833333333 | 3191.5599999999995 |            7254.65 |            3419.09
 Mid Atlantic  |   2000 |  6231.229166666665 |  3036.020000000001 |  4266.029999999997 | 3910.0700000000006
 NY Metro      |   2000 |  6992.142499999999 | 3799.9199999999973 |  4356.719999999999 | 3876.4300000000007
 NY Metro      |   2000 |  6875.587499999999 |  3685.049999999999 |  6122.299999999998 | 3619.1999999999994
 NY Metro      |   2000 |  7258.350000000001 | 4079.3799999999987 |  5000.469999999999 |  5045.049999999999
 NY Metro      |   2000 |  6616.156666666666 |            3439.72 |  4397.079999999998 |            3666.84
 Mid Atlantic  |   2000 |  7369.710833333331 |  4209.029999999997 | 4085.6099999999997 | 3691.9300000000007
 NY Metro      |   2000 |  5923.923333333333 |  2765.539999999999 | 2564.3199999999997 |            2967.48
 North Midwest |   2000 |             7031.2 |            3874.21 |  5278.379999999999 |  4614.779999999999
 NY Metro      |   2000 |          6812.3875 |  3657.429999999999 | 3721.1099999999997 |  4872.760000000001
 NY Metro      |   2000 |          6812.3875 |            3663.34 |  4413.869999999999 | 3721.1099999999997
 NY Metro      |   2000 |  7258.350000000001 |  4115.619999999999 |            3838.44 |  4682.369999999999
 Mid Atlantic  |   2000 |  6696.497500000001 | 3561.0499999999993 | 3973.6000000000004 | 3319.7800000000007
 North Midwest |   2000 |          5969.0975 | 2839.9499999999994 |            5011.63 | 3118.6600000000003
 NY Metro      |   2000 |  6992.142499999999 |  3868.839999999999 |            7536.07 | 3628.2700000000004
(100 rows)

UPDATE time_statistics SET e_time = TRANSACTION_TIMESTAMP() WHERE template = 'query57.tpl' AND stream = 7;
psql:/tmp/s1-basline/throughput/query_7.sql:4790: NOTICE:  duration: 0.119 ms  plan:
Query Text: UPDATE time_statistics SET e_time = TRANSACTION_TIMESTAMP() WHERE template = 'query57.tpl' AND stream = 7;
Update on time_statistics  (cost=0.00..22.34 rows=0 width=0) (actual time=0.119..0.119 rows=0 loops=1)
  ->  Seq Scan on time_statistics  (cost=0.00..22.34 rows=1 width=14) (actual time=0.104..0.104 rows=1 loops=1)
        Filter: ((template = 'query57.tpl'::text) AND (stream = 7))
        Rows Removed by Filter: 791
UPDATE 1
LOAD 'auto_explain'; SET auto_explain.log_min_duration TO 0; SET auto_explain.log_analyze TO on; SET auto_explain.log_level TO notice; INSERT INTO time_statistics (template, s_time, stream, query, seed) VALUES ('query22.tpl', TRANSACTION_TIMESTAMP(), 7, 97, 1209295555);
LOAD
SET
SET
SET
psql:/tmp/s1-basline/throughput/query_7.sql:4791: NOTICE:  duration: 0.009 ms  plan:
Query Text: INSERT INTO time_statistics (template, s_time, stream, query, seed) VALUES ('query22.tpl', TRANSACTION_TIMESTAMP(), 7, 97, 1209295555);
Insert on time_statistics  (cost=0.00..0.01 rows=0 width=0) (actual time=0.008..0.008 rows=0 loops=1)
  ->  Result  (cost=0.00..0.01 rows=1 width=64) (actual time=0.002..0.002 rows=1 loops=1)
INSERT 0 1
select  i_product_name
             ,i_brand
             ,i_class
             ,i_category
             ,avg(inv_quantity_on_hand) qoh
       from inventory
           ,date_dim
           ,item
       where inv_date_sk=d_date_sk
              and inv_item_sk=i_item_sk
              and d_month_seq between 1182 and 1182 + 11
       group by rollup(i_product_name
                       ,i_brand
                       ,i_class
                       ,i_category)
order by qoh, i_product_name, i_brand, i_class, i_category
limit 100;
psql:/tmp/s1-basline/throughput/query_7.sql:4808: NOTICE:  duration: 4879.234 ms  plan:
Query Text: select  i_product_name
             ,i_brand
             ,i_class
             ,i_category
             ,avg(inv_quantity_on_hand) qoh
       from inventory
           ,date_dim
           ,item
       where inv_date_sk=d_date_sk
              and inv_item_sk=i_item_sk
              and d_month_seq between 1182 and 1182 + 11
       group by rollup(i_product_name
                       ,i_brand
                       ,i_class
                       ,i_category)
order by qoh, i_product_name, i_brand, i_class, i_category
limit 100;
Limit  (cost=160114.17..160114.42 rows=100 width=236) (actual time=4878.973..4879.155 rows=100 loops=1)
  ->  Sort  (cost=160114.17..160293.75 rows=71833 width=236) (actual time=4878.972..4879.147 rows=100 loops=1)
        Sort Key: (avg(inventory.inv_quantity_on_hand)), item.i_product_name, item.i_brand, item.i_class, item.i_category
        Sort Method: top-N heapsort  Memory: 63kB
        ->  MixedAggregate  (cost=5166.43..157368.76 rows=71833 width=236) (actual time=4840.375..4865.485 rows=59937 loops=1)
              Hash Key: item.i_product_name, item.i_brand, item.i_class, item.i_category
              Hash Key: item.i_product_name, item.i_brand, item.i_class
              Hash Key: item.i_product_name, item.i_brand
              Hash Key: item.i_product_name
              Group Key: ()
              Batches: 1  Memory Usage: 22577kB
              ->  Gather  (cost=5166.43..154157.51 rows=61689 width=208) (actual time=24.641..275.179 rows=2340000 loops=1)
                    Workers Planned: 3
                    Workers Launched: 3
                    ->  Hash Join  (cost=4166.43..146988.61 rows=19900 width=208) (actual time=37.019..682.180 rows=585000 loops=4)
                          Hash Cond: (inventory.inv_item_sk = item.i_item_sk)
                          ->  Hash Join  (cost=2505.43..145275.36 rows=19900 width=12) (actual time=12.378..494.983 rows=585000 loops=4)
                                Hash Cond: (inventory.inv_date_sk = date_dim.d_date_sk)
                                ->  Parallel Seq Scan on inventory  (cost=0.00..132620.86 rows=3866086 width=20) (actual time=0.017..204.976 rows=2936250 loops=4)
                                ->  Hash  (cost=2500.73..2500.73 rows=376 width=8) (actual time=12.188..12.189 rows=365 loops=4)
                                      Buckets: 1024  Batches: 1  Memory Usage: 23kB
                                      ->  Seq Scan on date_dim  (cost=0.00..2500.73 rows=376 width=8) (actual time=5.561..12.136 rows=365 loops=4)
                                            Filter: ((d_month_seq >= 1182) AND (d_month_seq <= 1193))
                                            Rows Removed by Filter: 72684
                          ->  Hash  (cost=1436.00..1436.00 rows=18000 width=212) (actual time=24.338..24.339 rows=18000 loops=4)
                                Buckets: 32768  Batches: 1  Memory Usage: 4606kB
                                ->  Seq Scan on item  (cost=0.00..1436.00 rows=18000 width=212) (actual time=0.028..18.239 rows=18000 loops=4)
                   i_product_name                   |                      i_brand                       |                      i_class                       |                     i_category                     |         qoh         
----------------------------------------------------+----------------------------------------------------+----------------------------------------------------+----------------------------------------------------+---------------------
 ationcallyesebarought                              | maximaxi #4                                        | science                                            | Books                                              | 32.4000000000000000
 ationcallyesebarought                              | maximaxi #4                                        | science                                            |                                                    | 32.4000000000000000
 ationcallyesebarought                              | maximaxi #4                                        |                                                    |                                                    | 32.4000000000000000
 ationcallyesebarought                              |                                                    |                                                    |                                                    | 32.4000000000000000
 barationesecallyought                              | importoamalg #1                                    | fragrances                                         | Women                                              | 48.4000000000000000
 barationesecallyought                              | importoamalg #1                                    | fragrances                                         |                                                    | 48.4000000000000000
 barationesecallyought                              | importoamalg #1                                    |                                                    |                                                    | 48.4000000000000000
 barationesecallyought                              |                                                    |                                                    |                                                    | 48.4000000000000000
 callyeingn stese                                   | edu packamalg #1                                   | swimwear                                           | Women                                              | 49.0000000000000000
 callyeingn stese                                   | edu packamalg #1                                   | swimwear                                           |                                                    | 49.0000000000000000
 callyeingn stese                                   | edu packamalg #1                                   |                                                    |                                                    | 49.0000000000000000
 callyeingn stese                                   |                                                    |                                                    |                                                    | 49.0000000000000000
 prieseprieing                                      | exportiedu pack #2                                 | kids                                               | Shoes                                              | 49.7000000000000000
 prieseprieing                                      | exportiedu pack #2                                 | kids                                               |                                                    | 49.7000000000000000
 prieseprieing                                      | exportiedu pack #2                                 |                                                    |                                                    | 49.7000000000000000
 prieseprieing                                      |                                                    |                                                    |                                                    | 49.7000000000000000
 bareseeingcally                                    | importoexporti #1                                  | infants                                            | Children                                           | 52.8000000000000000
 bareseeingcally                                    | importoexporti #1                                  | infants                                            |                                                    | 52.8000000000000000
 bareseeingcally                                    | importoexporti #1                                  |                                                    |                                                    | 52.8000000000000000
 bareseeingcally                                    |                                                    |                                                    |                                                    | 52.8000000000000000
 barbarprin st                                      | edu packamalg #1                                   | swimwear                                           | Women                                              | 52.9000000000000000
 barbarprin st                                      | edu packamalg #1                                   | swimwear                                           |                                                    | 52.9000000000000000
 barbarprin st                                      | edu packamalg #1                                   |                                                    |                                                    | 52.9000000000000000
 barbarprin st                                      |                                                    |                                                    |                                                    | 52.9000000000000000
 oughtn stn stable                                  | maxibrand #2                                       | mattresses                                         | Home                                               | 53.1000000000000000
 oughtn stn stable                                  | maxibrand #2                                       | mattresses                                         |                                                    | 53.1000000000000000
 oughtn stn stable                                  | maxibrand #2                                       |                                                    |                                                    | 53.1000000000000000
 oughtn stn stable                                  |                                                    |                                                    |                                                    | 53.1000000000000000
 bareingbarese                                      | corpunivamalg #1                                   | mystery                                            | Books                                              | 53.6000000000000000
 bareingbarese                                      | corpunivamalg #1                                   | mystery                                            |                                                    | 53.6000000000000000
 bareingbarese                                      | corpunivamalg #1                                   |                                                    |                                                    | 53.6000000000000000
 bareingbarese                                      |                                                    |                                                    |                                                    | 53.6000000000000000
 ablecallybarbarought                               | amalgimporto #1                                    | accessories                                        | Men                                                | 55.8000000000000000
 ablecallybarbarought                               | amalgimporto #1                                    | accessories                                        |                                                    | 55.8000000000000000
 ablecallybarbarought                               | amalgimporto #1                                    |                                                    |                                                    | 55.8000000000000000
 ablecallybarbarought                               |                                                    |                                                    |                                                    | 55.8000000000000000
 ationcallyeseought                                 | corpmaxi #4                                        | parenting                                          | Books                                              | 57.0000000000000000
 ationcallyeseought                                 | corpmaxi #4                                        | parenting                                          |                                                    | 57.0000000000000000
 ationcallyeseought                                 | corpmaxi #4                                        |                                                    |                                                    | 57.0000000000000000
 ationcallyeseought                                 |                                                    |                                                    |                                                    | 57.0000000000000000
 oughtcallyeseought                                 | brandunivamalg #17                                 | personal                                           | Electronics                                        | 57.2000000000000000
 oughtcallyeseought                                 | brandunivamalg #17                                 | personal                                           |                                                    | 57.2000000000000000
 oughtcallyeseought                                 | brandunivamalg #17                                 |                                                    |                                                    | 57.2000000000000000
 oughtcallyeseought                                 |                                                    |                                                    |                                                    | 57.2000000000000000
 barprin stableought                                | exportiedu pack #1                                 | kids                                               | Shoes                                              | 57.6000000000000000
 barprin stableought                                | exportiedu pack #1                                 | kids                                               |                                                    | 57.6000000000000000
 barprin stableought                                | exportiedu pack #1                                 |                                                    |                                                    | 57.6000000000000000
 barprin stableought                                |                                                    |                                                    |                                                    | 57.6000000000000000
 barationableableought                              | importoamalg #1                                    | fragrances                                         | Women                                              | 57.7000000000000000
 barationableableought                              | importoamalg #1                                    | fragrances                                         |                                                    | 57.7000000000000000
 barationableableought                              | importoamalg #1                                    |                                                    |                                                    | 57.7000000000000000
 barationableableought                              |                                                    |                                                    |                                                    | 57.7000000000000000
 oughtcallyn stable                                 | importonameless #2                                 | paint                                              | Home                                               | 58.5000000000000000
 oughtcallyn stable                                 | importonameless #2                                 | paint                                              |                                                    | 58.5000000000000000
 oughtcallyn stable                                 | importonameless #2                                 |                                                    |                                                    | 58.5000000000000000
 oughtcallyn stable                                 |                                                    |                                                    |                                                    | 58.5000000000000000
 n stbareingcallyought                              | edu packbrand #2                                   | estate                                             | Jewelry                                            | 59.1000000000000000
 n stbareingcallyought                              | edu packbrand #2                                   | estate                                             |                                                    | 59.1000000000000000
 n stbareingcallyought                              | edu packbrand #2                                   |                                                    |                                                    | 59.1000000000000000
 n stbareingcallyought                              |                                                    |                                                    |                                                    | 59.1000000000000000
 ationbaresecallyought                              | amalgnameless #8                                   | athletic shoes                                     | Sports                                             | 59.3000000000000000
 ationbaresecallyought                              | amalgnameless #8                                   | athletic shoes                                     |                                                    | 59.3000000000000000
 ationbaresecallyought                              | amalgnameless #8                                   |                                                    |                                                    | 59.3000000000000000
 ationbaresecallyought                              |                                                    |                                                    |                                                    | 59.3000000000000000
 eingoughtantipriought                              | edu packmaxi #7                                    | entertainments                                     | Books                                              | 59.3000000000000000
 eingoughtantipriought                              | edu packmaxi #7                                    | entertainments                                     |                                                    | 59.3000000000000000
 eingoughtantipriought                              | edu packmaxi #7                                    |                                                    |                                                    | 59.3000000000000000
 eingoughtantipriought                              |                                                    |                                                    |                                                    | 59.3000000000000000
 ationable                                          | corpmaxi #4                                        | parenting                                          | Books                                              | 61.0000000000000000
 ationable                                          | corpmaxi #4                                        | parenting                                          |                                                    | 61.0000000000000000
 ationable                                          | corpmaxi #4                                        |                                                    |                                                    | 61.0000000000000000
 ationable                                          |                                                    |                                                    |                                                    | 61.0000000000000000
 antin stantiationought                             | exportiexporti #2                                  | toddlers                                           | Children                                           | 61.4000000000000000
 antin stantiationought                             | exportiexporti #2                                  | toddlers                                           |                                                    | 61.4000000000000000
 antin stantiationought                             | exportiexporti #2                                  |                                                    |                                                    | 61.4000000000000000
 antin stantiationought                             |                                                    |                                                    |                                                    | 61.4000000000000000
 eingn stcallyese                                   | univamalgamalg #7                                  | memory                                             | Electronics                                        | 61.5000000000000000
 eingn stcallyese                                   | univamalgamalg #7                                  | memory                                             |                                                    | 61.5000000000000000
 eingn stcallyese                                   | univamalgamalg #7                                  |                                                    |                                                    | 61.5000000000000000
 eingn stcallyese                                   |                                                    |                                                    |                                                    | 61.5000000000000000
 eingn stableanti                                   | amalgimporto #1                                    | accessories                                        | Men                                                | 62.7000000000000000
 eingn stableanti                                   | amalgimporto #1                                    | accessories                                        |                                                    | 62.7000000000000000
 eingn stableanti                                   | amalgimporto #1                                    |                                                    |                                                    | 62.7000000000000000
 eingn stableanti                                   |                                                    |                                                    |                                                    | 62.7000000000000000
 ableesen stcally                                   | importoscholar #1                                  | country                                            | Music                                              | 63.1000000000000000
 ableesen stcally                                   | importoscholar #1                                  | country                                            |                                                    | 63.1000000000000000
 ableesen stcally                                   | importoscholar #1                                  |                                                    |                                                    | 63.1000000000000000
 ableesen stcally                                   |                                                    |                                                    |                                                    | 63.1000000000000000
 ationationpribarought                              | brandmaxi #10                                      | reference                                          | Books                                              | 63.3000000000000000
 ationationpribarought                              | brandmaxi #10                                      | reference                                          |                                                    | 63.3000000000000000
 ationationpribarought                              | brandmaxi #10                                      |                                                    |                                                    | 63.3000000000000000
 ationationpribarought                              |                                                    |                                                    |                                                    | 63.3000000000000000
 callyeingoughtn st                                 | amalgmaxi #7                                       | arts                                               | Books                                              | 63.7000000000000000
 callyeingoughtn st                                 | amalgmaxi #7                                       | arts                                               |                                                    | 63.7000000000000000
 callyeingoughtn st                                 | amalgmaxi #7                                       |                                                    |                                                    | 63.7000000000000000
 callyeingoughtn st                                 |                                                    |                                                    |                                                    | 63.7000000000000000
 esepriantically                                    | scholarnameless #5                                 | fitness                                            | Sports                                             | 64.3000000000000000
 esepriantically                                    | scholarnameless #5                                 | fitness                                            |                                                    | 64.3000000000000000
 esepriantically                                    | scholarnameless #5                                 |                                                    |                                                    | 64.3000000000000000
 esepriantically                                    |                                                    |                                                    |                                                    | 64.3000000000000000
(100 rows)

UPDATE time_statistics SET e_time = TRANSACTION_TIMESTAMP() WHERE template = 'query22.tpl' AND stream = 7;
psql:/tmp/s1-basline/throughput/query_7.sql:4810: NOTICE:  duration: 0.121 ms  plan:
Query Text: UPDATE time_statistics SET e_time = TRANSACTION_TIMESTAMP() WHERE template = 'query22.tpl' AND stream = 7;
Update on time_statistics  (cost=0.00..22.34 rows=0 width=0) (actual time=0.121..0.121 rows=0 loops=1)
  ->  Seq Scan on time_statistics  (cost=0.00..22.34 rows=1 width=14) (actual time=0.105..0.106 rows=1 loops=1)
        Filter: ((template = 'query22.tpl'::text) AND (stream = 7))
        Rows Removed by Filter: 792
UPDATE 1
LOAD 'auto_explain'; SET auto_explain.log_min_duration TO 0; SET auto_explain.log_analyze TO on; SET auto_explain.log_level TO notice; INSERT INTO time_statistics (template, s_time, stream, query, seed) VALUES ('query50.tpl', TRANSACTION_TIMESTAMP(), 7, 98, 1108236081);
LOAD
SET
SET
SET
psql:/tmp/s1-basline/throughput/query_7.sql:4811: NOTICE:  duration: 0.008 ms  plan:
Query Text: INSERT INTO time_statistics (template, s_time, stream, query, seed) VALUES ('query50.tpl', TRANSACTION_TIMESTAMP(), 7, 98, 1108236081);
Insert on time_statistics  (cost=0.00..0.01 rows=0 width=0) (actual time=0.007..0.008 rows=0 loops=1)
  ->  Result  (cost=0.00..0.01 rows=1 width=64) (actual time=0.001..0.001 rows=1 loops=1)
INSERT 0 1
select  
   s_store_name
  ,s_company_id
  ,s_street_number
  ,s_street_name
  ,s_street_type
  ,s_suite_number
  ,s_city
  ,s_county
  ,s_state
  ,s_zip
  ,sum(case when (sr_returned_date_sk - ss_sold_date_sk <= 30 ) then 1 else 0 end)  as "30 days" 
  ,sum(case when (sr_returned_date_sk - ss_sold_date_sk > 30) and 
                 (sr_returned_date_sk - ss_sold_date_sk <= 60) then 1 else 0 end )  as "31-60 days" 
  ,sum(case when (sr_returned_date_sk - ss_sold_date_sk > 60) and 
                 (sr_returned_date_sk - ss_sold_date_sk <= 90) then 1 else 0 end)  as "61-90 days" 
  ,sum(case when (sr_returned_date_sk - ss_sold_date_sk > 90) and
                 (sr_returned_date_sk - ss_sold_date_sk <= 120) then 1 else 0 end)  as "91-120 days" 
  ,sum(case when (sr_returned_date_sk - ss_sold_date_sk  > 120) then 1 else 0 end)  as ">120 days" 
from
   store_sales
  ,store_returns
  ,store
  ,date_dim d1
  ,date_dim d2
where
    d2.d_year = 1999
and d2.d_moy  = 10
and ss_ticket_number = sr_ticket_number
and ss_item_sk = sr_item_sk
and ss_sold_date_sk   = d1.d_date_sk
and sr_returned_date_sk   = d2.d_date_sk
and ss_customer_sk = sr_customer_sk
and ss_store_sk = s_store_sk
group by
   s_store_name
  ,s_company_id
  ,s_street_number
  ,s_street_name
  ,s_street_type
  ,s_suite_number
  ,s_city
  ,s_county
  ,s_state
  ,s_zip
order by s_store_name
        ,s_company_id
        ,s_street_number
        ,s_street_name
        ,s_street_type
        ,s_suite_number
        ,s_city
        ,s_county
        ,s_state
        ,s_zip
limit 100;
psql:/tmp/s1-basline/throughput/query_7.sql:4867: NOTICE:  duration: 43.315 ms  plan:
Query Text: select  
   s_store_name
  ,s_company_id
  ,s_street_number
  ,s_street_name
  ,s_street_type
  ,s_suite_number
  ,s_city
  ,s_county
  ,s_state
  ,s_zip
  ,sum(case when (sr_returned_date_sk - ss_sold_date_sk <= 30 ) then 1 else 0 end)  as "30 days" 
  ,sum(case when (sr_returned_date_sk - ss_sold_date_sk > 30) and 
                 (sr_returned_date_sk - ss_sold_date_sk <= 60) then 1 else 0 end )  as "31-60 days" 
  ,sum(case when (sr_returned_date_sk - ss_sold_date_sk > 60) and 
                 (sr_returned_date_sk - ss_sold_date_sk <= 90) then 1 else 0 end)  as "61-90 days" 
  ,sum(case when (sr_returned_date_sk - ss_sold_date_sk > 90) and
                 (sr_returned_date_sk - ss_sold_date_sk <= 120) then 1 else 0 end)  as "91-120 days" 
  ,sum(case when (sr_returned_date_sk - ss_sold_date_sk  > 120) then 1 else 0 end)  as ">120 days" 
from
   store_sales
  ,store_returns
  ,store
  ,date_dim d1
  ,date_dim d2
where
    d2.d_year = 1999
and d2.d_moy  = 10
and ss_ticket_number = sr_ticket_number
and ss_item_sk = sr_item_sk
and ss_sold_date_sk   = d1.d_date_sk
and sr_returned_date_sk   = d2.d_date_sk
and ss_customer_sk = sr_customer_sk
and ss_store_sk = s_store_sk
group by
   s_store_name
  ,s_company_id
  ,s_street_number
  ,s_street_name
  ,s_street_type
  ,s_suite_number
  ,s_city
  ,s_county
  ,s_state
  ,s_zip
order by s_store_name
        ,s_company_id
        ,s_street_number
        ,s_street_name
        ,s_street_type
        ,s_suite_number
        ,s_city
        ,s_county
        ,s_state
        ,s_zip
limit 100;
Limit  (cost=6251.91..6252.01 rows=1 width=126) (actual time=41.721..43.299 rows=6 loops=1)
  ->  GroupAggregate  (cost=6251.91..6252.01 rows=1 width=126) (actual time=41.720..43.297 rows=6 loops=1)
        Group Key: store.s_store_name, store.s_company_id, store.s_street_number, store.s_street_name, store.s_street_type, store.s_suite_number, store.s_city, store.s_county, store.s_state, store.s_zip
        ->  Sort  (cost=6251.91..6251.92 rows=1 width=102) (actual time=41.395..41.513 rows=2887 loops=1)
              Sort Key: store.s_store_name, store.s_company_id, store.s_street_number, store.s_street_name, store.s_street_type, store.s_suite_number, store.s_city, store.s_county, store.s_state, store.s_zip
              Sort Method: quicksort  Memory: 517kB
              ->  Nested Loop  (cost=1.15..6251.90 rows=1 width=102) (actual time=4.359..38.044 rows=2887 loops=1)
                    ->  Nested Loop  (cost=0.85..6251.59 rows=1 width=102) (actual time=4.351..34.830 rows=2918 loops=1)
                          Join Filter: (store_sales.ss_store_sk = store.s_store_sk)
                          Rows Removed by Join Filter: 13309
                          ->  Nested Loop  (cost=0.85..6250.32 rows=1 width=24) (actual time=4.347..29.764 rows=2981 loops=1)
                                ->  Nested Loop  (cost=0.42..6159.82 rows=114 width=32) (actual time=4.339..13.612 rows=4118 loops=1)
                                      ->  Seq Scan on date_dim d2  (cost=0.00..2500.73 rows=30 width=8) (actual time=4.318..9.222 rows=31 loops=1)
                                            Filter: ((d_year = 1999) AND (d_moy = 10))
                                            Rows Removed by Filter: 73018
                                      ->  Index Scan using i_sr_returned_date_sk on store_returns  (cost=0.42..120.57 rows=140 width=32) (actual time=0.003..0.123 rows=133 loops=31)
                                            Index Cond: (sr_returned_date_sk = d2.d_date_sk)
                                ->  Index Scan using pk_store_sales on store_sales  (cost=0.43..0.78 rows=1 width=40) (actual time=0.004..0.004 rows=1 loops=4118)
                                      Index Cond: ((ss_item_sk = store_returns.sr_item_sk) AND (ss_ticket_number = store_returns.sr_ticket_number))
                                      Filter: (store_returns.sr_customer_sk = ss_customer_sk)
                                      Rows Removed by Filter: 0
                          ->  Seq Scan on store  (cost=0.00..1.12 rows=12 width=94) (actual time=0.000..0.001 rows=5 loops=2981)
                    ->  Index Only Scan using pk_date_dim on date_dim d1  (cost=0.29..0.31 rows=1 width=8) (actual time=0.001..0.001 rows=1 loops=2918)
                          Index Cond: (d_date_sk = store_sales.ss_sold_date_sk)
                          Heap Fetches: 0
 s_store_name | s_company_id | s_street_number | s_street_name |  s_street_type  | s_suite_number |  s_city  |     s_county      | s_state |   s_zip    | 30 days | 31-60 days | 61-90 days | 91-120 days | >120 days 
--------------+--------------+-----------------+---------------+-----------------+----------------+----------+-------------------+---------+------------+---------+------------+------------+-------------+-----------
 able         |            1 | 495             | Smith         | Dr.             | Suite M        | Fairview | Williamson County | TN      | 35709      |     109 |        122 |        100 |          39 |       119
 ation        |            1 | 424             | Lincoln       | Ln              | Suite 480      | Midway   | Williamson County | TN      | 31904      |     109 |        103 |         80 |          38 |       107
 bar          |            1 | 593             | Ridge         | Dr.             | Suite 190      | Midway   | Williamson County | TN      | 31904      |     109 |        131 |         88 |          58 |       108
 eing         |            1 | 333             | Highland 10th | Way             | Suite S        | Fairview | Williamson County | TN      | 35709      |     126 |        118 |         89 |          57 |       102
 ese          |            1 | 245             | College       | Wy              | Suite 140      | Midway   | Williamson County | TN      | 31904      |     106 |        110 |         87 |          67 |       104
 ought        |            1 | 849             | Elm           | Parkway         | Suite Y        | Midway   | Williamson County | TN      | 31904      |     123 |        137 |         84 |          45 |       112
(6 rows)

UPDATE time_statistics SET e_time = TRANSACTION_TIMESTAMP() WHERE template = 'query50.tpl' AND stream = 7;
psql:/tmp/s1-basline/throughput/query_7.sql:4869: NOTICE:  duration: 0.126 ms  plan:
Query Text: UPDATE time_statistics SET e_time = TRANSACTION_TIMESTAMP() WHERE template = 'query50.tpl' AND stream = 7;
Update on time_statistics  (cost=0.00..22.34 rows=0 width=0) (actual time=0.126..0.126 rows=0 loops=1)
  ->  Seq Scan on time_statistics  (cost=0.00..22.34 rows=1 width=14) (actual time=0.110..0.110 rows=1 loops=1)
        Filter: ((template = 'query50.tpl'::text) AND (stream = 7))
        Rows Removed by Filter: 793
UPDATE 1
LOAD 'auto_explain'; SET auto_explain.log_min_duration TO 0; SET auto_explain.log_analyze TO on; SET auto_explain.log_level TO notice; INSERT INTO time_statistics (template, s_time, stream, query, seed) VALUES ('query27.tpl', TRANSACTION_TIMESTAMP(), 7, 99, 590255205);
LOAD
SET
SET
SET
psql:/tmp/s1-basline/throughput/query_7.sql:4870: NOTICE:  duration: 0.009 ms  plan:
Query Text: INSERT INTO time_statistics (template, s_time, stream, query, seed) VALUES ('query27.tpl', TRANSACTION_TIMESTAMP(), 7, 99, 590255205);
Insert on time_statistics  (cost=0.00..0.01 rows=0 width=0) (actual time=0.009..0.009 rows=0 loops=1)
  ->  Result  (cost=0.00..0.01 rows=1 width=64) (actual time=0.001..0.001 rows=1 loops=1)
INSERT 0 1
select  i_item_id,
        s_state, grouping(s_state) g_state,
        avg(ss_quantity) agg1,
        avg(ss_list_price) agg2,
        avg(ss_coupon_amt) agg3,
        avg(ss_sales_price) agg4
 from store_sales, customer_demographics, date_dim, store, item
 where ss_sold_date_sk = d_date_sk and
       ss_item_sk = i_item_sk and
       ss_store_sk = s_store_sk and
       ss_cdemo_sk = cd_demo_sk and
       cd_gender = 'F' and
       cd_marital_status = 'S' and
       cd_education_status = 'Secondary' and
       d_year = 1998 and
       s_state in ('TN','TN', 'TN', 'TN', 'TN', 'TN')
 group by rollup (i_item_id, s_state)
 order by i_item_id
         ,s_state
 limit 100;
psql:/tmp/s1-basline/throughput/query_7.sql:4890: NOTICE:  duration: 927.419 ms  plan:
Query Text: select  i_item_id,
        s_state, grouping(s_state) g_state,
        avg(ss_quantity) agg1,
        avg(ss_list_price) agg2,
        avg(ss_coupon_amt) agg3,
        avg(ss_sales_price) agg4
 from store_sales, customer_demographics, date_dim, store, item
 where ss_sold_date_sk = d_date_sk and
       ss_item_sk = i_item_sk and
       ss_store_sk = s_store_sk and
       ss_cdemo_sk = cd_demo_sk and
       cd_gender = 'F' and
       cd_marital_status = 'S' and
       cd_education_status = 'Secondary' and
       d_year = 1998 and
       s_state in ('TN','TN', 'TN', 'TN', 'TN', 'TN')
 group by rollup (i_item_id, s_state)
 order by i_item_id
         ,s_state
 limit 100;
Limit  (cost=4134.48..44342.39 rows=100 width=80) (actual time=745.472..927.341 rows=100 loops=1)
  ->  GroupAggregate  (cost=4134.48..142851.78 rows=345 width=80) (actual time=745.472..927.334 rows=100 loops=1)
        Group Key: item.i_item_id, store.s_state
        Group Key: item.i_item_id
        Group Key: ()
        ->  Incremental Sort  (cost=4134.48..142841.44 rows=172 width=48) (actual time=745.458..927.232 rows=68 loops=1)
              Sort Key: item.i_item_id, store.s_state
              Presorted Key: item.i_item_id
              Full-sort Groups: 3  Sort Method: quicksort  Average Memory: 27kB  Peak Memory: 27kB
              ->  Nested Loop  (cost=3323.36..142833.70 rows=172 width=48) (actual time=331.455..927.167 rows=98 loops=1)
                    Join Filter: (store_sales.ss_item_sk = item.i_item_sk)
                    Rows Removed by Join Filter: 2559837
                    ->  Index Scan using i_i_item_id on item  (cost=0.29..1714.59 rows=18000 width=25) (actual time=0.007..0.247 rows=344 loops=1)
                    ->  Materialize  (cost=3323.08..94679.54 rows=172 width=39) (actual time=0.050..2.193 rows=7442 loops=344)
                          ->  Nested Loop  (cost=3323.08..94678.68 rows=172 width=39) (actual time=17.148..656.721 rows=7455 loops=1)
                                Join Filter: (store_sales.ss_store_sk = store.s_store_sk)
                                Rows Removed by Join Filter: 33478
                                ->  Gather  (cost=3323.08..94647.17 rows=180 width=44) (actual time=17.135..651.582 rows=7536 loops=1)
                                      Workers Planned: 2
                                      Workers Launched: 2
                                      ->  Nested Loop  (cost=2323.08..93629.17 rows=75 width=44) (actual time=18.833..651.433 rows=2512 loops=3)
                                            ->  Hash Join  (cost=2322.65..90983.94 rows=5718 width=52) (actual time=14.173..282.054 rows=178653 loops=3)
                                                  Hash Cond: (store_sales.ss_sold_date_sk = date_dim.d_date_sk)
                                                  ->  Parallel Seq Scan on store_sales  (cost=0.00..85499.45 rows=1204445 width=60) (actual time=0.014..123.664 rows=948150 loops=3)
                                                  ->  Hash  (cost=2318.11..2318.11 rows=363 width=8) (actual time=14.036..14.036 rows=365 loops=3)
                                                        Buckets: 1024  Batches: 1  Memory Usage: 23kB
                                                        ->  Seq Scan on date_dim  (cost=0.00..2318.11 rows=363 width=8) (actual time=6.806..13.990 rows=365 loops=3)
                                                              Filter: (d_year = 1998)
                                                              Rows Removed by Filter: 72684
                                            ->  Index Scan using pk_customer_demographics on customer_demographics  (cost=0.43..0.46 rows=1 width=8) (actual time=0.002..0.002 rows=0 loops=535958)
                                                  Index Cond: (cd_demo_sk = store_sales.ss_cdemo_sk)
                                                  Filter: ((cd_gender = 'F'::bpchar) AND (cd_marital_status = 'S'::bpchar) AND (cd_education_status = 'Secondary'::bpchar))
                                                  Rows Removed by Filter: 1
                                ->  Materialize  (cost=0.00..1.27 rows=12 width=11) (actual time=0.000..0.000 rows=5 loops=7536)
                                      ->  Seq Scan on store  (cost=0.00..1.21 rows=12 width=11) (actual time=0.007..0.011 rows=12 loops=1)
                                            Filter: (s_state = ANY ('{TN,TN,TN,TN,TN,TN}'::bpchar[]))
    i_item_id     | s_state | g_state |        agg1         |        agg2        |       agg3        |        agg4        
------------------+---------+---------+---------------------+--------------------+-------------------+--------------------
 AAAAAAAAAAABAAAA | TN      |       0 | 15.0000000000000000 |             114.84 |             99.21 |              41.34
 AAAAAAAAAAABAAAA |         |       1 | 15.0000000000000000 |             114.84 |             99.21 |              41.34
 AAAAAAAAAAAEAAAA | TN      |       0 | 94.0000000000000000 |              68.86 |                 0 |              38.56
 AAAAAAAAAAAEAAAA |         |       1 | 94.0000000000000000 |              68.86 |                 0 |              38.56
 AAAAAAAAAABAAAAA | TN      |       0 | 48.0000000000000000 |              91.68 |                 0 |              61.42
 AAAAAAAAAABAAAAA |         |       1 | 48.0000000000000000 |              91.68 |                 0 |              61.42
 AAAAAAAAAABBAAAA | TN      |       0 | 80.0000000000000000 |              29.14 |                 0 |              26.22
 AAAAAAAAAABBAAAA |         |       1 | 80.0000000000000000 |              29.14 |                 0 |              26.22
 AAAAAAAAAABDAAAA | TN      |       0 | 18.0000000000000000 |             115.77 |                 0 |               90.3
 AAAAAAAAAABDAAAA |         |       1 | 18.0000000000000000 |             115.77 |                 0 |               90.3
 AAAAAAAAAABEAAAA | TN      |       0 |  7.0000000000000000 |             13.595 |                 0 |  5.050000000000001
 AAAAAAAAAABEAAAA |         |       1 |  7.0000000000000000 |             13.595 |                 0 |  5.050000000000001
 AAAAAAAAAACAAAAA | TN      |       0 | 73.0000000000000000 |             158.58 |                 0 |             131.62
 AAAAAAAAAACAAAAA |         |       1 | 73.0000000000000000 |             158.58 |                 0 |             131.62
 AAAAAAAAAACDAAAA | TN      |       0 | 43.0000000000000000 |  93.38999999999999 |                 0 |             33.555
 AAAAAAAAAACDAAAA |         |       1 | 43.0000000000000000 |  93.38999999999999 |                 0 |             33.555
 AAAAAAAAAADCAAAA | TN      |       0 | 79.0000000000000000 |               99.1 |                 0 |              42.61
 AAAAAAAAAADCAAAA |         |       1 | 79.0000000000000000 |               99.1 |                 0 |              42.61
 AAAAAAAAAAEAAAAA | TN      |       0 | 56.5000000000000000 |              79.25 |            20.965 | 15.219999999999999
 AAAAAAAAAAEAAAAA |         |       1 | 56.5000000000000000 |              79.25 |            20.965 | 15.219999999999999
 AAAAAAAAAAFAAAAA | TN      |       0 | 95.0000000000000000 |               7.53 |            502.22 |               5.34
 AAAAAAAAAAFAAAAA |         |       1 | 95.0000000000000000 |               7.53 |            502.22 |               5.34
 AAAAAAAAAAFDAAAA | TN      |       0 | 33.0000000000000000 |              35.68 |                 0 |              22.83
 AAAAAAAAAAFDAAAA |         |       1 | 33.0000000000000000 |              35.68 |                 0 |              22.83
 AAAAAAAAAAGEAAAA | TN      |       0 | 51.0000000000000000 |               22.4 |                 0 | 16.713333333333335
 AAAAAAAAAAGEAAAA |         |       1 | 51.0000000000000000 |               22.4 |                 0 | 16.713333333333335
 AAAAAAAAAAHAAAAA | TN      |       0 | 69.0000000000000000 |             114.87 |                 0 |              44.68
 AAAAAAAAAAHAAAAA |         |       1 | 69.0000000000000000 |             114.87 |                 0 |              44.68
 AAAAAAAAAAIAAAAA | TN      |       0 | 71.0000000000000000 |            131.155 |                 0 |  93.47999999999999
 AAAAAAAAAAIAAAAA |         |       1 | 71.0000000000000000 |            131.155 |                 0 |  93.47999999999999
 AAAAAAAAAAJBAAAA | TN      |       0 | 57.0000000000000000 |             110.91 |                 0 |               37.7
 AAAAAAAAAAJBAAAA |         |       1 | 57.0000000000000000 |             110.91 |                 0 |               37.7
 AAAAAAAAAAKBAAAA | TN      |       0 | 15.0000000000000000 |               70.9 |                 0 |              17.72
 AAAAAAAAAAKBAAAA |         |       1 | 15.0000000000000000 |               70.9 |                 0 |              17.72
 AAAAAAAAAAKDAAAA | TN      |       0 | 43.5000000000000000 |             39.405 |                 0 | 11.239999999999998
 AAAAAAAAAAKDAAAA |         |       1 | 43.5000000000000000 |             39.405 |                 0 | 11.239999999999998
 AAAAAAAAAAMBAAAA | TN      |       0 | 13.0000000000000000 |             113.84 |                 0 |              56.92
 AAAAAAAAAAMBAAAA |         |       1 | 13.0000000000000000 |             113.84 |                 0 |              56.92
 AAAAAAAAAAMCAAAA | TN      |       0 | 60.0000000000000000 |             105.69 |           1341.77 |              97.23
 AAAAAAAAAAMCAAAA |         |       1 | 60.0000000000000000 |             105.69 |           1341.77 |              97.23
 AAAAAAAAAANAAAAA | TN      |       0 | 83.0000000000000000 |             165.28 |                 0 |              95.86
 AAAAAAAAAANAAAAA |         |       1 | 83.0000000000000000 |             165.28 |                 0 |              95.86
 AAAAAAAAAAOAAAAA | TN      |       0 | 73.0000000000000000 |             48.445 |                 0 |             11.325
 AAAAAAAAAAOAAAAA |         |       1 | 73.0000000000000000 |             48.445 |                 0 |             11.325
 AAAAAAAAAAOCAAAA | TN      |       0 |  6.0000000000000000 |               84.6 |                 0 |                9.3
 AAAAAAAAAAOCAAAA |         |       1 |  6.0000000000000000 |               84.6 |                 0 |                9.3
 AAAAAAAAAAODAAAA | TN      |       0 | 83.0000000000000000 |             117.01 |                 0 |              18.72
 AAAAAAAAAAODAAAA |         |       1 | 83.0000000000000000 |             117.01 |                 0 |              18.72
 AAAAAAAAAAPCAAAA | TN      |       0 | 24.0000000000000000 |             153.24 |           1868.88 |             101.13
 AAAAAAAAAAPCAAAA |         |       1 | 24.0000000000000000 |             153.24 |           1868.88 |             101.13
 AAAAAAAAABADAAAA | TN      |       0 | 25.0000000000000000 |              81.52 |                 0 |              24.45
 AAAAAAAAABADAAAA |         |       1 | 25.0000000000000000 |              81.52 |                 0 |              24.45
 AAAAAAAAABAEAAAA | TN      |       0 | 52.0000000000000000 |              59.14 |                 0 |              41.39
 AAAAAAAAABAEAAAA |         |       1 | 52.0000000000000000 |              59.14 |                 0 |              41.39
 AAAAAAAAABCBAAAA | TN      |       0 | 41.0000000000000000 |            123.995 |             38.13 |             58.645
 AAAAAAAAABCBAAAA |         |       1 | 41.0000000000000000 |            123.995 |             38.13 |             58.645
 AAAAAAAAABCCAAAA | TN      |       0 | 33.0000000000000000 |               6.16 |                 0 |               0.98
 AAAAAAAAABCCAAAA |         |       1 | 33.0000000000000000 |               6.16 |                 0 |               0.98
 AAAAAAAAABDAAAAA | TN      |       0 | 41.0000000000000000 |               8.87 |            206.19 |               7.62
 AAAAAAAAABDAAAAA |         |       1 | 41.0000000000000000 |               8.87 |            206.19 |               7.62
 AAAAAAAAABDDAAAA | TN      |       0 | 69.0000000000000000 |              95.88 |                 0 |              85.33
 AAAAAAAAABDDAAAA |         |       1 | 69.0000000000000000 |              95.88 |                 0 |              85.33
 AAAAAAAAABDEAAAA | TN      |       0 | 75.0000000000000000 |  39.52333333333333 |                 0 | 27.093333333333334
 AAAAAAAAABDEAAAA |         |       1 | 75.0000000000000000 |  39.52333333333333 |                 0 | 27.093333333333334
 AAAAAAAAABEDAAAA | TN      |       0 | 15.0000000000000000 |  80.38000000000001 |                 0 |              40.43
 AAAAAAAAABEDAAAA |         |       1 | 15.0000000000000000 |  80.38000000000001 |                 0 |              40.43
 AAAAAAAAABFEAAAA | TN      |       0 | 89.0000000000000000 |             154.27 |           1062.68 |             132.67
 AAAAAAAAABFEAAAA |         |       1 | 89.0000000000000000 |             154.27 |           1062.68 |             132.67
 AAAAAAAAABGAAAAA | TN      |       0 | 40.0000000000000000 |              23.99 |                 0 |               7.43
 AAAAAAAAABGAAAAA |         |       1 | 40.0000000000000000 |              23.99 |                 0 |               7.43
 AAAAAAAAABGBAAAA | TN      |       0 | 88.0000000000000000 |              15.03 |                 0 |               6.31
 AAAAAAAAABGBAAAA |         |       1 | 88.0000000000000000 |              15.03 |                 0 |               6.31
 AAAAAAAAABGDAAAA | TN      |       0 | 25.0000000000000000 |  78.32666666666667 | 70.75666666666667 | 51.059999999999995
 AAAAAAAAABGDAAAA |         |       1 | 25.0000000000000000 |  78.32666666666667 | 70.75666666666667 | 51.059999999999995
 AAAAAAAAABGEAAAA | TN      |       0 | 53.0000000000000000 |             104.24 |                 0 |              86.51
 AAAAAAAAABGEAAAA |         |       1 | 53.0000000000000000 |             104.24 |                 0 |              86.51
 AAAAAAAAABHAAAAA | TN      |       0 | 25.0000000000000000 |              67.66 |                 0 |              29.77
 AAAAAAAAABHAAAAA |         |       1 | 25.0000000000000000 |              67.66 |                 0 |              29.77
 AAAAAAAAABHDAAAA | TN      |       0 | 68.0000000000000000 |               40.2 |                 0 |                1.2
 AAAAAAAAABHDAAAA |         |       1 | 68.0000000000000000 |               40.2 |                 0 |                1.2
 AAAAAAAAABIBAAAA | TN      |       0 | 93.0000000000000000 |             142.75 |                 0 |             119.91
 AAAAAAAAABIBAAAA |         |       1 | 93.0000000000000000 |             142.75 |                 0 |             119.91
 AAAAAAAAABICAAAA | TN      |       0 | 58.0000000000000000 |             157.64 |           2623.97 |              64.63
 AAAAAAAAABICAAAA |         |       1 | 58.0000000000000000 |             157.64 |           2623.97 |              64.63
 AAAAAAAAABKAAAAA | TN      |       0 | 62.0000000000000000 |             135.23 |                 0 |             100.07
 AAAAAAAAABKAAAAA |         |       1 | 62.0000000000000000 |             135.23 |                 0 |             100.07
 AAAAAAAAABKCAAAA | TN      |       0 |  6.0000000000000000 |              34.85 |                 0 |              29.97
 AAAAAAAAABKCAAAA |         |       1 |  6.0000000000000000 |              34.85 |                 0 |              29.97
 AAAAAAAAABKDAAAA | TN      |       0 | 78.0000000000000000 | 27.439999999999998 |            118.62 |             14.395
 AAAAAAAAABKDAAAA |         |       1 | 78.0000000000000000 | 27.439999999999998 |            118.62 |             14.395
 AAAAAAAAABLBAAAA | TN      |       0 |  7.0000000000000000 |             111.87 |                 0 |             100.68
 AAAAAAAAABLBAAAA |         |       1 |  7.0000000000000000 |             111.87 |                 0 |             100.68
 AAAAAAAAABNCAAAA | TN      |       0 | 43.0000000000000000 |              51.19 |           1386.04 |              48.11
 AAAAAAAAABNCAAAA |         |       1 | 43.0000000000000000 |              51.19 |           1386.04 |              48.11
 AAAAAAAAABOCAAAA | TN      |       0 | 31.0000000000000000 |             117.42 |            185.62 |              19.96
 AAAAAAAAABOCAAAA |         |       1 | 31.0000000000000000 |             117.42 |            185.62 |              19.96
 AAAAAAAAABPAAAAA | TN      |       0 | 45.0000000000000000 |              51.36 |                 0 |              28.76
 AAAAAAAAABPAAAAA |         |       1 | 45.0000000000000000 |              51.36 |                 0 |              28.76
 AAAAAAAAABPDAAAA | TN      |       0 | 69.0000000000000000 |              43.17 |                 0 |              22.44
 AAAAAAAAABPDAAAA |         |       1 | 69.0000000000000000 |              43.17 |                 0 |              22.44
(100 rows)

UPDATE time_statistics SET e_time = TRANSACTION_TIMESTAMP() WHERE template = 'query27.tpl' AND stream = 7;
psql:/tmp/s1-basline/throughput/query_7.sql:4892: NOTICE:  duration: 0.111 ms  plan:
Query Text: UPDATE time_statistics SET e_time = TRANSACTION_TIMESTAMP() WHERE template = 'query27.tpl' AND stream = 7;
Update on time_statistics  (cost=0.00..22.34 rows=0 width=0) (actual time=0.110..0.110 rows=0 loops=1)
  ->  Seq Scan on time_statistics  (cost=0.00..22.34 rows=1 width=14) (actual time=0.094..0.094 rows=1 loops=1)
        Filter: ((template = 'query27.tpl'::text) AND (stream = 7))
        Rows Removed by Filter: 794
UPDATE 1
